<?xml version="1.0" encoding="utf-8"?>
<TestRun id="3796844c-bc4b-47a5-90a0-272cb4f4314b" name="Dominik@DESKTOP-5URQ9PB 2022-06-13 21:15:24" runUser="DESKTOP-5URQ9PB\Dominik" xmlns="http://microsoft.com/schemas/VisualStudio/TeamTest/2010">
  <Times creation="2022-06-13T21:15:24.6593316+02:00" queuing="2022-06-13T21:15:24.6593317+02:00" start="2022-06-13T21:15:17.7237321+02:00" finish="2022-06-13T21:15:25.0177419+02:00" />
  <TestSettings name="default" id="0796e551-ac39-41a2-852e-4e25db62dc21">
    <Deployment runDeploymentRoot="Dominik_DESKTOP-5URQ9PB_2022-06-13_21_15_24" />
  </TestSettings>
  <Results>
    <UnitTestResult executionId="dda70e34-8528-40be-b5df-22cc4f9da975" testId="4f50c537-4ed4-21bc-0ecd-39e74b29d0e7" testName="xUnitTestProject.CurrencyHelperTests.FormatToStringTest1000(price: 90187.4082624374, expected: &quot;90187.41 zł&quot;)" computerName="DESKTOP-5URQ9PB" duration="00:00:00.0000041" startTime="2022-06-13T21:15:24.6161481+02:00" endTime="2022-06-13T21:15:24.6161483+02:00" testType="13cdc9d9-ddb5-4fa4-a97d-d965ccfc6d4b" outcome="Passed" testListId="8c84fa94-04c1-424b-9868-57a2d4851a1d" relativeResultsDirectory="dda70e34-8528-40be-b5df-22cc4f9da975" />
    <UnitTestResult executionId="9e3cd875-9462-49f1-a685-33692c8a9ccb" testId="244b13a7-ff72-5a50-f054-4ff8ceb0d499" testName="xUnitTestProject.CurrencyHelperTests.FormatToStringTest1000(price: 20640.678251201603, expected: &quot;20640.68 zł&quot;)" computerName="DESKTOP-5URQ9PB" duration="00:00:00.0000043" startTime="2022-06-13T21:15:24.6916244+02:00" endTime="2022-06-13T21:15:24.6916246+02:00" testType="13cdc9d9-ddb5-4fa4-a97d-d965ccfc6d4b" outcome="Passed" testListId="8c84fa94-04c1-424b-9868-57a2d4851a1d" relativeResultsDirectory="9e3cd875-9462-49f1-a685-33692c8a9ccb" />
    <UnitTestResult executionId="74da1263-9717-4dd9-8ec3-68776258e449" testId="a9fb7030-78aa-b78d-bae0-0e3e80a09140" testName="xUnitTestProject.CurrencyHelperTests.FormatToStringTest1000(price: 485.6735566554933, expected: &quot;485.67 zł&quot;)" computerName="DESKTOP-5URQ9PB" duration="00:00:00.0000041" startTime="2022-06-13T21:15:24.6289062+02:00" endTime="2022-06-13T21:15:24.6289064+02:00" testType="13cdc9d9-ddb5-4fa4-a97d-d965ccfc6d4b" outcome="Passed" testListId="8c84fa94-04c1-424b-9868-57a2d4851a1d" relativeResultsDirectory="74da1263-9717-4dd9-8ec3-68776258e449" />
    <UnitTestResult executionId="84874816-fbad-4db8-9f73-76e48d7afd9f" testId="135dd56d-570b-92a1-4144-854d04d96ef0" testName="xUnitTestProject.CurrencyHelperTests.FormatToStringTest1000(price: 7716.571614765363, expected: &quot;7716.57 zł&quot;)" computerName="DESKTOP-5URQ9PB" duration="00:00:00.0000041" startTime="2022-06-13T21:15:24.6235786+02:00" endTime="2022-06-13T21:15:24.6235790+02:00" testType="13cdc9d9-ddb5-4fa4-a97d-d965ccfc6d4b" outcome="Passed" testListId="8c84fa94-04c1-424b-9868-57a2d4851a1d" relativeResultsDirectory="84874816-fbad-4db8-9f73-76e48d7afd9f" />
    <UnitTestResult executionId="ea92f126-32c2-48af-bbb6-f806fb6c1166" testId="294f15b0-a486-8084-b9ae-585b30f21a60" testName="xUnitTestProject.CurrencyHelperTests.FormatToStringTest1000(price: 86.89546322771136, expected: &quot;86.90 zł&quot;)" computerName="DESKTOP-5URQ9PB" duration="00:00:00.0000041" startTime="2022-06-13T21:15:24.7235650+02:00" endTime="2022-06-13T21:15:24.7235652+02:00" testType="13cdc9d9-ddb5-4fa4-a97d-d965ccfc6d4b" outcome="Passed" testListId="8c84fa94-04c1-424b-9868-57a2d4851a1d" relativeResultsDirectory="ea92f126-32c2-48af-bbb6-f806fb6c1166" />
    <UnitTestResult executionId="289859de-6b07-4931-9fd2-c8163ef197cf" testId="c28dd236-1525-1514-778a-3b6a96d19df1" testName="xUnitTestProject.CurrencyHelperTests.FormatToStringTest1000(price: 5749.124990274722, expected: &quot;5749.12 zł&quot;)" computerName="DESKTOP-5URQ9PB" duration="00:00:00.0000040" startTime="2022-06-13T21:15:24.7187455+02:00" endTime="2022-06-13T21:15:24.7187456+02:00" testType="13cdc9d9-ddb5-4fa4-a97d-d965ccfc6d4b" outcome="Passed" testListId="8c84fa94-04c1-424b-9868-57a2d4851a1d" relativeResultsDirectory="289859de-6b07-4931-9fd2-c8163ef197cf" />
    <UnitTestResult executionId="29ca8d8b-d702-41fb-b7d3-bab9fe5f2642" testId="537f8fc0-34c4-479b-bc61-34b31d069aae" testName="xUnitTestProject.CurrencyHelperTests.FormatToStringTest1000(price: 88489.14069749469, expected: &quot;88489.14 zł&quot;)" computerName="DESKTOP-5URQ9PB" duration="00:00:00.0000040" startTime="2022-06-13T21:15:24.6748179+02:00" endTime="2022-06-13T21:15:24.6748181+02:00" testType="13cdc9d9-ddb5-4fa4-a97d-d965ccfc6d4b" outcome="Passed" testListId="8c84fa94-04c1-424b-9868-57a2d4851a1d" relativeResultsDirectory="29ca8d8b-d702-41fb-b7d3-bab9fe5f2642" />
    <UnitTestResult executionId="e6e089f7-75c4-4fc0-8ad6-528900d0d786" testId="4dd76fcc-f663-2688-f7a4-a439b3a5cf01" testName="xUnitTestProject.CurrencyHelperTests.FormatToStringTest1000(price: 38961.459057294516, expected: &quot;38961.46 zł&quot;)" computerName="DESKTOP-5URQ9PB" duration="00:00:00.0000040" startTime="2022-06-13T21:15:24.6727505+02:00" endTime="2022-06-13T21:15:24.6727506+02:00" testType="13cdc9d9-ddb5-4fa4-a97d-d965ccfc6d4b" outcome="Passed" testListId="8c84fa94-04c1-424b-9868-57a2d4851a1d" relativeResultsDirectory="e6e089f7-75c4-4fc0-8ad6-528900d0d786" />
    <UnitTestResult executionId="962df88e-f7fd-4e45-9217-0a4eff9d0600" testId="1f9cd9ca-f1cd-430d-8d80-74a061c9ac45" testName="xUnitTestProject.CurrencyHelperTests.FormatToStringTest1000(price: 33251.41907856028, expected: &quot;33251.42 zł&quot;)" computerName="DESKTOP-5URQ9PB" duration="00:00:00.0000052" startTime="2022-06-13T21:15:24.6309332+02:00" endTime="2022-06-13T21:15:24.6309337+02:00" testType="13cdc9d9-ddb5-4fa4-a97d-d965ccfc6d4b" outcome="Passed" testListId="8c84fa94-04c1-424b-9868-57a2d4851a1d" relativeResultsDirectory="962df88e-f7fd-4e45-9217-0a4eff9d0600" />
    <UnitTestResult executionId="39574937-f4c0-4bdf-9c37-028eec83524c" testId="a006362c-c876-0d68-dfa7-4b9381a2f95f" testName="xUnitTestProject.CurrencyHelperTests.FormatToStringTest1000(price: 21893.78889296939, expected: &quot;21893.79 zł&quot;)" computerName="DESKTOP-5URQ9PB" duration="00:00:00.0000041" startTime="2022-06-13T21:15:24.6786399+02:00" endTime="2022-06-13T21:15:24.6786401+02:00" testType="13cdc9d9-ddb5-4fa4-a97d-d965ccfc6d4b" outcome="Passed" testListId="8c84fa94-04c1-424b-9868-57a2d4851a1d" relativeResultsDirectory="39574937-f4c0-4bdf-9c37-028eec83524c" />
    <UnitTestResult executionId="6b086632-add5-454a-99ea-e52b163883ee" testId="c09462bb-4f86-b8e1-b39e-c6c94b35ddbc" testName="xUnitTestProject.CurrencyHelperTests.FormatToStringTest1000(price: 6915.421130504656, expected: &quot;6915.42 zł&quot;)" computerName="DESKTOP-5URQ9PB" duration="00:00:00.0000041" startTime="2022-06-13T21:15:24.6926396+02:00" endTime="2022-06-13T21:15:24.6926398+02:00" testType="13cdc9d9-ddb5-4fa4-a97d-d965ccfc6d4b" outcome="Passed" testListId="8c84fa94-04c1-424b-9868-57a2d4851a1d" relativeResultsDirectory="6b086632-add5-454a-99ea-e52b163883ee" />
    <UnitTestResult executionId="3671d10b-46ac-4d55-aee2-b4a00bcb805f" testId="7c480fcf-dcac-50a2-3106-264841c6a300" testName="xUnitTestProject.CurrencyHelperTests.FormatToStringTest1000(price: 20737.251994218328, expected: &quot;20737.25 zł&quot;)" computerName="DESKTOP-5URQ9PB" duration="00:00:00.0000040" startTime="2022-06-13T21:15:24.7275061+02:00" endTime="2022-06-13T21:15:24.7275065+02:00" testType="13cdc9d9-ddb5-4fa4-a97d-d965ccfc6d4b" outcome="Passed" testListId="8c84fa94-04c1-424b-9868-57a2d4851a1d" relativeResultsDirectory="3671d10b-46ac-4d55-aee2-b4a00bcb805f" />
    <UnitTestResult executionId="88631ee7-6225-499f-bb9c-82a227172ec3" testId="502c40b3-55a9-ed63-c19a-b15f001d74e2" testName="xUnitTestProject.CurrencyHelperTests.FormatToStringTest1000(price: 66019.32414194118, expected: &quot;66019.32 zł&quot;)" computerName="DESKTOP-5URQ9PB" duration="00:00:00.0000039" startTime="2022-06-13T21:15:24.6572347+02:00" endTime="2022-06-13T21:15:24.6572351+02:00" testType="13cdc9d9-ddb5-4fa4-a97d-d965ccfc6d4b" outcome="Passed" testListId="8c84fa94-04c1-424b-9868-57a2d4851a1d" relativeResultsDirectory="88631ee7-6225-499f-bb9c-82a227172ec3" />
    <UnitTestResult executionId="1641490c-5207-4623-9a35-7b7e195c6a3d" testId="5313f3e0-d68f-8127-ba85-18b29352fdf0" testName="xUnitTestProject.CurrencyHelperTests.FormatToStringTest1000(price: 78822.37212685234, expected: &quot;78822.37 zł&quot;)" computerName="DESKTOP-5URQ9PB" duration="00:00:00.0000040" startTime="2022-06-13T21:15:24.7225262+02:00" endTime="2022-06-13T21:15:24.7225264+02:00" testType="13cdc9d9-ddb5-4fa4-a97d-d965ccfc6d4b" outcome="Passed" testListId="8c84fa94-04c1-424b-9868-57a2d4851a1d" relativeResultsDirectory="1641490c-5207-4623-9a35-7b7e195c6a3d" />
    <UnitTestResult executionId="ace2c002-2e5a-4654-9be9-4ccd25e80858" testId="19a6af43-eb02-cc32-570b-ae7c8852f08e" testName="xUnitTestProject.CurrencyHelperTests.FormatToStringTest1000(price: 6313.543884690639, expected: &quot;6313.54 zł&quot;)" computerName="DESKTOP-5URQ9PB" duration="00:00:00.0000040" startTime="2022-06-13T21:15:24.7226208+02:00" endTime="2022-06-13T21:15:24.7226209+02:00" testType="13cdc9d9-ddb5-4fa4-a97d-d965ccfc6d4b" outcome="Passed" testListId="8c84fa94-04c1-424b-9868-57a2d4851a1d" relativeResultsDirectory="ace2c002-2e5a-4654-9be9-4ccd25e80858" />
    <UnitTestResult executionId="bebee722-1d2b-4daa-9532-3ef37c8d3d30" testId="f8f9d6d7-bbea-21e2-5568-87ea7f6744b9" testName="xUnitTestProject.CurrencyHelperTests.FormatToStringTest1000(price: 73151.83675918348, expected: &quot;73151.84 zł&quot;)" computerName="DESKTOP-5URQ9PB" duration="00:00:00.0000043" startTime="2022-06-13T21:15:24.6162754+02:00" endTime="2022-06-13T21:15:24.6162755+02:00" testType="13cdc9d9-ddb5-4fa4-a97d-d965ccfc6d4b" outcome="Passed" testListId="8c84fa94-04c1-424b-9868-57a2d4851a1d" relativeResultsDirectory="bebee722-1d2b-4daa-9532-3ef37c8d3d30" />
    <UnitTestResult executionId="42d8c75b-6644-4962-abbb-d39cb51884f9" testId="681b18e6-8ac3-1647-8149-58844d19cdf1" testName="xUnitTestProject.CurrencyHelperTests.FormatToStringTest1000(price: 22799.991836491965, expected: &quot;22799.99 zł&quot;)" computerName="DESKTOP-5URQ9PB" duration="00:00:00.0000041" startTime="2022-06-13T21:15:24.6503014+02:00" endTime="2022-06-13T21:15:24.6503015+02:00" testType="13cdc9d9-ddb5-4fa4-a97d-d965ccfc6d4b" outcome="Passed" testListId="8c84fa94-04c1-424b-9868-57a2d4851a1d" relativeResultsDirectory="42d8c75b-6644-4962-abbb-d39cb51884f9" />
    <UnitTestResult executionId="625f4108-9d23-46d9-9b47-d463966bd4ca" testId="028a745a-d396-f185-341f-56b2c46b3ca2" testName="xUnitTestProject.CurrencyHelperTests.FormatToStringTest1000(price: 66945.02904917022, expected: &quot;66945.03 zł&quot;)" computerName="DESKTOP-5URQ9PB" duration="00:00:00.0000047" startTime="2022-06-13T21:15:24.6226018+02:00" endTime="2022-06-13T21:15:24.6226020+02:00" testType="13cdc9d9-ddb5-4fa4-a97d-d965ccfc6d4b" outcome="Passed" testListId="8c84fa94-04c1-424b-9868-57a2d4851a1d" relativeResultsDirectory="625f4108-9d23-46d9-9b47-d463966bd4ca" />
    <UnitTestResult executionId="2939e7fc-c4d2-4768-ab37-68d416ba95ff" testId="081d3b2d-f16b-400c-9941-d599ff407e21" testName="xUnitTestProject.CurrencyHelperTests.FormatToStringTest1000(price: 20643.69044446465, expected: &quot;20643.69 zł&quot;)" computerName="DESKTOP-5URQ9PB" duration="00:00:00.0000040" startTime="2022-06-13T21:15:24.6747233+02:00" endTime="2022-06-13T21:15:24.6747235+02:00" testType="13cdc9d9-ddb5-4fa4-a97d-d965ccfc6d4b" outcome="Passed" testListId="8c84fa94-04c1-424b-9868-57a2d4851a1d" relativeResultsDirectory="2939e7fc-c4d2-4768-ab37-68d416ba95ff" />
    <UnitTestResult executionId="0527a950-b13a-4c5d-8a06-5fed4f743489" testId="6590b071-f8b2-e4e3-3b40-027135dfc051" testName="xUnitTestProject.CurrencyHelperTests.FormatToStringTest1000(price: 62975.496334776515, expected: &quot;62975.50 zł&quot;)" computerName="DESKTOP-5URQ9PB" duration="00:00:00.0000041" startTime="2022-06-13T21:15:24.6405013+02:00" endTime="2022-06-13T21:15:24.6405016+02:00" testType="13cdc9d9-ddb5-4fa4-a97d-d965ccfc6d4b" outcome="Passed" testListId="8c84fa94-04c1-424b-9868-57a2d4851a1d" relativeResultsDirectory="0527a950-b13a-4c5d-8a06-5fed4f743489" />
    <UnitTestResult executionId="5f1c6533-068f-436d-8254-bdfaa98f3221" testId="0c407008-912c-f5cf-415d-950e444e81e2" testName="xUnitTestProject.CurrencyHelperTests.FormatToStringTest1000(price: 58111.21259843521, expected: &quot;58111.21 zł&quot;)" computerName="DESKTOP-5URQ9PB" duration="00:00:00.0000040" startTime="2022-06-13T21:15:24.6238369+02:00" endTime="2022-06-13T21:15:24.6238371+02:00" testType="13cdc9d9-ddb5-4fa4-a97d-d965ccfc6d4b" outcome="Passed" testListId="8c84fa94-04c1-424b-9868-57a2d4851a1d" relativeResultsDirectory="5f1c6533-068f-436d-8254-bdfaa98f3221" />
    <UnitTestResult executionId="3e827961-37a5-456d-b957-510bbd84fa69" testId="ef8075a8-e8bb-22f0-871e-f2b168e2c55c" testName="xUnitTestProject.CurrencyHelperTests.FormatToStringTest1000(price: 54275.73209373408, expected: &quot;54275.73 zł&quot;)" computerName="DESKTOP-5URQ9PB" duration="00:00:00.0000041" startTime="2022-06-13T21:15:24.6225690+02:00" endTime="2022-06-13T21:15:24.6225692+02:00" testType="13cdc9d9-ddb5-4fa4-a97d-d965ccfc6d4b" outcome="Passed" testListId="8c84fa94-04c1-424b-9868-57a2d4851a1d" relativeResultsDirectory="3e827961-37a5-456d-b957-510bbd84fa69" />
    <UnitTestResult executionId="541893ab-14bd-4f9d-a35f-5e6e2629f097" testId="92bde5bc-af9c-6dbe-10ea-7012e494fcd9" testName="xUnitTestProject.CurrencyHelperTests.FormatToStringTest1000(price: 27942.393876474067, expected: &quot;27942.39 zł&quot;)" computerName="DESKTOP-5URQ9PB" duration="00:00:00.0000040" startTime="2022-06-13T21:15:24.7178394+02:00" endTime="2022-06-13T21:15:24.7178395+02:00" testType="13cdc9d9-ddb5-4fa4-a97d-d965ccfc6d4b" outcome="Passed" testListId="8c84fa94-04c1-424b-9868-57a2d4851a1d" relativeResultsDirectory="541893ab-14bd-4f9d-a35f-5e6e2629f097" />
    <UnitTestResult executionId="07cac235-180b-452c-be8b-02406875675a" testId="56dbe364-b862-68d4-f157-de01aca24e66" testName="xUnitTestProject.CurrencyHelperTests.FormatToStringTest1000(price: 28502.61128259758, expected: &quot;28502.61 zł&quot;)" computerName="DESKTOP-5URQ9PB" duration="00:00:00.0000039" startTime="2022-06-13T21:15:24.7206016+02:00" endTime="2022-06-13T21:15:24.7206018+02:00" testType="13cdc9d9-ddb5-4fa4-a97d-d965ccfc6d4b" outcome="Passed" testListId="8c84fa94-04c1-424b-9868-57a2d4851a1d" relativeResultsDirectory="07cac235-180b-452c-be8b-02406875675a" />
    <UnitTestResult executionId="4bd06d17-fe90-47de-9e93-114ad2e929ee" testId="8dcae478-7176-db28-16c0-e91e0d918df3" testName="xUnitTestProject.CurrencyHelperTests.FormatToStringTest1000(price: 58848.60825001477, expected: &quot;58848.61 zł&quot;)" computerName="DESKTOP-5URQ9PB" duration="00:00:00.0000041" startTime="2022-06-13T21:15:24.7176505+02:00" endTime="2022-06-13T21:15:24.7176506+02:00" testType="13cdc9d9-ddb5-4fa4-a97d-d965ccfc6d4b" outcome="Passed" testListId="8c84fa94-04c1-424b-9868-57a2d4851a1d" relativeResultsDirectory="4bd06d17-fe90-47de-9e93-114ad2e929ee" />
    <UnitTestResult executionId="d4d24883-3d92-4776-8e4d-1bb05a4ec569" testId="d995492a-671e-36ff-0d73-ec59a569933d" testName="xUnitTestProject.CurrencyHelperTests.FormatToStringTest1000(price: 8013.1229931903645, expected: &quot;8013.12 zł&quot;)" computerName="DESKTOP-5URQ9PB" duration="00:00:00.0000039" startTime="2022-06-13T21:15:24.6542246+02:00" endTime="2022-06-13T21:15:24.6542250+02:00" testType="13cdc9d9-ddb5-4fa4-a97d-d965ccfc6d4b" outcome="Passed" testListId="8c84fa94-04c1-424b-9868-57a2d4851a1d" relativeResultsDirectory="d4d24883-3d92-4776-8e4d-1bb05a4ec569" />
    <UnitTestResult executionId="02c2550e-0cbd-4c44-b70d-29ad8c10bc74" testId="123932a6-c3cf-7fb9-5ef5-34297fb3a837" testName="xUnitTestProject.CurrencyHelperTests.FormatToStringTest1000(price: 68770.73008707525, expected: &quot;68770.73 zł&quot;)" computerName="DESKTOP-5URQ9PB" duration="00:00:00.0000041" startTime="2022-06-13T21:15:24.6857210+02:00" endTime="2022-06-13T21:15:24.6857211+02:00" testType="13cdc9d9-ddb5-4fa4-a97d-d965ccfc6d4b" outcome="Passed" testListId="8c84fa94-04c1-424b-9868-57a2d4851a1d" relativeResultsDirectory="02c2550e-0cbd-4c44-b70d-29ad8c10bc74" />
    <UnitTestResult executionId="e6d8474d-3770-421a-a904-046b4d2fbc44" testId="8027e5d6-d435-5a0d-d99c-2d9218dccb7e" testName="xUnitTestProject.CurrencyHelperTests.FormatToStringTest1000(price: 1741.3334432818617, expected: &quot;1741.33 zł&quot;)" computerName="DESKTOP-5URQ9PB" duration="00:00:00.0000039" startTime="2022-06-13T21:15:24.7136025+02:00" endTime="2022-06-13T21:15:24.7136029+02:00" testType="13cdc9d9-ddb5-4fa4-a97d-d965ccfc6d4b" outcome="Passed" testListId="8c84fa94-04c1-424b-9868-57a2d4851a1d" relativeResultsDirectory="e6d8474d-3770-421a-a904-046b4d2fbc44" />
    <UnitTestResult executionId="f0a368f6-4997-4039-a452-bdffff8579d1" testId="77cb819c-64b0-1e13-63d3-0049263e7e77" testName="xUnitTestProject.CurrencyHelperTests.FormatToStringTest1000(price: 39146.635743126564, expected: &quot;39146.64 zł&quot;)" computerName="DESKTOP-5URQ9PB" duration="00:00:00.0000041" startTime="2022-06-13T21:15:24.6444131+02:00" endTime="2022-06-13T21:15:24.6444132+02:00" testType="13cdc9d9-ddb5-4fa4-a97d-d965ccfc6d4b" outcome="Passed" testListId="8c84fa94-04c1-424b-9868-57a2d4851a1d" relativeResultsDirectory="f0a368f6-4997-4039-a452-bdffff8579d1" />
    <UnitTestResult executionId="ed67c3c3-acf4-45e4-b8fd-128daffb5110" testId="45dd66f1-81ef-9e8c-d39f-69c657dd300a" testName="xUnitTestProject.CurrencyHelperTests.FormatToStringTest1000(price: 2444.4726240530017, expected: &quot;2444.47 zł&quot;)" computerName="DESKTOP-5URQ9PB" duration="00:00:00.0000041" startTime="2022-06-13T21:15:24.7236916+02:00" endTime="2022-06-13T21:15:24.7236918+02:00" testType="13cdc9d9-ddb5-4fa4-a97d-d965ccfc6d4b" outcome="Passed" testListId="8c84fa94-04c1-424b-9868-57a2d4851a1d" relativeResultsDirectory="ed67c3c3-acf4-45e4-b8fd-128daffb5110" />
    <UnitTestResult executionId="ba03263b-ec3c-45d8-9d63-94e7022a41a8" testId="83514fd2-fce2-f5cf-b4b1-7b2bd8509222" testName="xUnitTestProject.CurrencyHelperTests.FormatToStringTest1000(price: 286.92120604539343, expected: &quot;286.92 zł&quot;)" computerName="DESKTOP-5URQ9PB" duration="00:00:00.0000039" startTime="2022-06-13T21:15:24.6683781+02:00" endTime="2022-06-13T21:15:24.6683782+02:00" testType="13cdc9d9-ddb5-4fa4-a97d-d965ccfc6d4b" outcome="Passed" testListId="8c84fa94-04c1-424b-9868-57a2d4851a1d" relativeResultsDirectory="ba03263b-ec3c-45d8-9d63-94e7022a41a8" />
    <UnitTestResult executionId="f97df760-78da-47e0-8501-a213cd52faca" testId="595bfab0-5cd9-2edb-fcf1-e6874dc93e48" testName="xUnitTestProject.CurrencyHelperTests.FormatToStringTest1000(price: 13375.96341587415, expected: &quot;13375.96 zł&quot;)" computerName="DESKTOP-5URQ9PB" duration="00:00:00.0000041" startTime="2022-06-13T21:15:24.6269548+02:00" endTime="2022-06-13T21:15:24.6269549+02:00" testType="13cdc9d9-ddb5-4fa4-a97d-d965ccfc6d4b" outcome="Passed" testListId="8c84fa94-04c1-424b-9868-57a2d4851a1d" relativeResultsDirectory="f97df760-78da-47e0-8501-a213cd52faca" />
    <UnitTestResult executionId="738667d3-9e4b-49d3-872c-acf6fca23cbb" testId="53367b44-34c3-c14f-ebad-d28df1741450" testName="xUnitTestProject.CurrencyHelperTests.FormatToStringTest1000(price: 5507.360659962688, expected: &quot;5507.36 zł&quot;)" computerName="DESKTOP-5URQ9PB" duration="00:00:00.0000052" startTime="2022-06-13T21:15:24.6299469+02:00" endTime="2022-06-13T21:15:24.6299471+02:00" testType="13cdc9d9-ddb5-4fa4-a97d-d965ccfc6d4b" outcome="Passed" testListId="8c84fa94-04c1-424b-9868-57a2d4851a1d" relativeResultsDirectory="738667d3-9e4b-49d3-872c-acf6fca23cbb" />
    <UnitTestResult executionId="bb6d2bb9-8b99-4298-b1de-3d7fe4687921" testId="28d201d7-5353-764b-c109-520fc030be51" testName="xUnitTestProject.CurrencyHelperTests.FormatToStringTest1000(price: 16129.507288814293, expected: &quot;16129.51 zł&quot;)" computerName="DESKTOP-5URQ9PB" duration="00:00:00.0000041" startTime="2022-06-13T21:15:24.7096330+02:00" endTime="2022-06-13T21:15:24.7096334+02:00" testType="13cdc9d9-ddb5-4fa4-a97d-d965ccfc6d4b" outcome="Passed" testListId="8c84fa94-04c1-424b-9868-57a2d4851a1d" relativeResultsDirectory="bb6d2bb9-8b99-4298-b1de-3d7fe4687921" />
    <UnitTestResult executionId="96b47478-6dea-4399-a3f5-8e0f6d7bae9d" testId="fb80c2cc-1ba4-25ca-1501-33134270fed0" testName="xUnitTestProject.CurrencyHelperTests.FormatToStringTest1000(price: 32863.31705269558, expected: &quot;32863.32 zł&quot;)" computerName="DESKTOP-5URQ9PB" duration="00:00:00.0000040" startTime="2022-06-13T21:15:24.6170903+02:00" endTime="2022-06-13T21:15:24.6170908+02:00" testType="13cdc9d9-ddb5-4fa4-a97d-d965ccfc6d4b" outcome="Passed" testListId="8c84fa94-04c1-424b-9868-57a2d4851a1d" relativeResultsDirectory="96b47478-6dea-4399-a3f5-8e0f6d7bae9d" />
    <UnitTestResult executionId="1a1bd6d7-c4aa-4e11-8250-2e6a19e52dce" testId="e59747a8-433f-61a0-e952-9d5b29617a9f" testName="xUnitTestProject.CurrencyHelperTests.FormatToStringTest1000(price: 28155.26504817664, expected: &quot;28155.27 zł&quot;)" computerName="DESKTOP-5URQ9PB" duration="00:00:00.0000041" startTime="2022-06-13T21:15:24.6310677+02:00" endTime="2022-06-13T21:15:24.6310679+02:00" testType="13cdc9d9-ddb5-4fa4-a97d-d965ccfc6d4b" outcome="Passed" testListId="8c84fa94-04c1-424b-9868-57a2d4851a1d" relativeResultsDirectory="1a1bd6d7-c4aa-4e11-8250-2e6a19e52dce" />
    <UnitTestResult executionId="428ea2cc-c8f2-4102-9fcc-a99c410aefd3" testId="7c3ffa01-e97c-2ed2-ce73-5d584269f0e2" testName="xUnitTestProject.CurrencyHelperTests.FormatToStringTest1000(price: 32213.734885384205, expected: &quot;32213.73 zł&quot;)" computerName="DESKTOP-5URQ9PB" duration="00:00:00.0000040" startTime="2022-06-13T21:15:24.6643656+02:00" endTime="2022-06-13T21:15:24.6643658+02:00" testType="13cdc9d9-ddb5-4fa4-a97d-d965ccfc6d4b" outcome="Passed" testListId="8c84fa94-04c1-424b-9868-57a2d4851a1d" relativeResultsDirectory="428ea2cc-c8f2-4102-9fcc-a99c410aefd3" />
    <UnitTestResult executionId="6781cb7b-4e50-4c1d-aea8-b9121cfc2b42" testId="38efd0dd-942e-1575-95b3-c2474aa164b9" testName="xUnitTestProject.CurrencyHelperTests.FormatToStringTest1000(price: 8901.937138443784, expected: &quot;8901.94 zł&quot;)" computerName="DESKTOP-5URQ9PB" duration="00:00:00.0000040" startTime="2022-06-13T21:15:24.7126156+02:00" endTime="2022-06-13T21:15:24.7126160+02:00" testType="13cdc9d9-ddb5-4fa4-a97d-d965ccfc6d4b" outcome="Passed" testListId="8c84fa94-04c1-424b-9868-57a2d4851a1d" relativeResultsDirectory="6781cb7b-4e50-4c1d-aea8-b9121cfc2b42" />
    <UnitTestResult executionId="74643303-21a9-44a4-8ac2-0833c428a861" testId="97d8215e-c1fc-21f7-065d-165363a0a007" testName="xUnitTestProject.CurrencyHelperTests.FormatToStringTest1000(price: 2339.5873176472205, expected: &quot;2339.59 zł&quot;)" computerName="DESKTOP-5URQ9PB" duration="00:00:00.0000040" startTime="2022-06-13T21:15:24.6662976+02:00" endTime="2022-06-13T21:15:24.6662978+02:00" testType="13cdc9d9-ddb5-4fa4-a97d-d965ccfc6d4b" outcome="Passed" testListId="8c84fa94-04c1-424b-9868-57a2d4851a1d" relativeResultsDirectory="74643303-21a9-44a4-8ac2-0833c428a861" />
    <UnitTestResult executionId="43e32ac9-f27b-403b-af90-0e011a5766a7" testId="c83faa4e-9cfa-b743-e7ea-a4956027273b" testName="xUnitTestProject.CurrencyHelperTests.FormatToStringTest1000(price: 10965.74607995746, expected: &quot;10965.75 zł&quot;)" computerName="DESKTOP-5URQ9PB" duration="00:00:00.0000040" startTime="2022-06-13T21:15:24.6876495+02:00" endTime="2022-06-13T21:15:24.6876496+02:00" testType="13cdc9d9-ddb5-4fa4-a97d-d965ccfc6d4b" outcome="Passed" testListId="8c84fa94-04c1-424b-9868-57a2d4851a1d" relativeResultsDirectory="43e32ac9-f27b-403b-af90-0e011a5766a7" />
    <UnitTestResult executionId="0b172cc2-3baf-4eea-be09-79baa8ddf3af" testId="1847f09f-3a3a-e54a-437b-e06a692092b8" testName="xUnitTestProject.CurrencyHelperTests.FormatToStringTest1000(price: 4612.32080757633, expected: &quot;4612.32 zł&quot;)" computerName="DESKTOP-5URQ9PB" duration="00:00:00.0000043" startTime="2022-06-13T21:15:24.6433156+02:00" endTime="2022-06-13T21:15:24.6433160+02:00" testType="13cdc9d9-ddb5-4fa4-a97d-d965ccfc6d4b" outcome="Passed" testListId="8c84fa94-04c1-424b-9868-57a2d4851a1d" relativeResultsDirectory="0b172cc2-3baf-4eea-be09-79baa8ddf3af" />
    <UnitTestResult executionId="e65e56f2-6405-4574-ba2d-4cf84afbf7ca" testId="ccb01d77-9abe-d52e-f6b1-1f27fb49d5d4" testName="xUnitTestProject.CurrencyHelperTests.FormatToStringTest1000(price: 2166.4103293970275, expected: &quot;2166.41 zł&quot;)" computerName="DESKTOP-5URQ9PB" duration="00:00:00.0000039" startTime="2022-06-13T21:15:24.6988931+02:00" endTime="2022-06-13T21:15:24.6988935+02:00" testType="13cdc9d9-ddb5-4fa4-a97d-d965ccfc6d4b" outcome="Passed" testListId="8c84fa94-04c1-424b-9868-57a2d4851a1d" relativeResultsDirectory="e65e56f2-6405-4574-ba2d-4cf84afbf7ca" />
    <UnitTestResult executionId="1e6af1f9-2f4d-4c9c-b18e-8e945a409c9d" testId="4e988653-eb1d-5757-a9c9-94e533451c54" testName="xUnitTestProject.CurrencyHelperTests.FormatToStringTest1000(price: 1482.3501845832682, expected: &quot;1482.35 zł&quot;)" computerName="DESKTOP-5URQ9PB" duration="00:00:00.0000039" startTime="2022-06-13T21:15:24.6726563+02:00" endTime="2022-06-13T21:15:24.6726565+02:00" testType="13cdc9d9-ddb5-4fa4-a97d-d965ccfc6d4b" outcome="Passed" testListId="8c84fa94-04c1-424b-9868-57a2d4851a1d" relativeResultsDirectory="1e6af1f9-2f4d-4c9c-b18e-8e945a409c9d" />
    <UnitTestResult executionId="dfa3fdca-1791-4cc9-ad1f-5535f1dbe40f" testId="e3f04803-c378-ce39-94cd-bd430620d6cb" testName="xUnitTestProject.CurrencyHelperTests.FormatToStringTest1000(price: 56378.261944644735, expected: &quot;56378.26 zł&quot;)" computerName="DESKTOP-5URQ9PB" duration="00:00:00.0000048" startTime="2022-06-13T21:15:24.6215495+02:00" endTime="2022-06-13T21:15:24.6215496+02:00" testType="13cdc9d9-ddb5-4fa4-a97d-d965ccfc6d4b" outcome="Passed" testListId="8c84fa94-04c1-424b-9868-57a2d4851a1d" relativeResultsDirectory="dfa3fdca-1791-4cc9-ad1f-5535f1dbe40f" />
    <UnitTestResult executionId="4be5f4a8-dcae-4cc7-83b4-5ac3d9dbdcc7" testId="9cf8eb03-8fbc-6ccc-0fef-ebebfde3ba22" testName="xUnitTestProject.CurrencyHelperTests.FormatToStringTest1000(price: 7407.385606687696, expected: &quot;7407.39 zł&quot;)" computerName="DESKTOP-5URQ9PB" duration="00:00:00.0000050" startTime="2022-06-13T21:15:24.6705659+02:00" endTime="2022-06-13T21:15:24.6705660+02:00" testType="13cdc9d9-ddb5-4fa4-a97d-d965ccfc6d4b" outcome="Passed" testListId="8c84fa94-04c1-424b-9868-57a2d4851a1d" relativeResultsDirectory="4be5f4a8-dcae-4cc7-83b4-5ac3d9dbdcc7" />
    <UnitTestResult executionId="ada7e676-2783-49c2-9a32-af8c3b537378" testId="5605ffe3-47bf-edde-5207-79dd7a259fef" testName="xUnitTestProject.CurrencyHelperTests.FormatToStringTest1000(price: 45955.903045959254, expected: &quot;45955.90 zł&quot;)" computerName="DESKTOP-5URQ9PB" duration="00:00:00.0000041" startTime="2022-06-13T21:15:24.6925762+02:00" endTime="2022-06-13T21:15:24.6925764+02:00" testType="13cdc9d9-ddb5-4fa4-a97d-d965ccfc6d4b" outcome="Passed" testListId="8c84fa94-04c1-424b-9868-57a2d4851a1d" relativeResultsDirectory="ada7e676-2783-49c2-9a32-af8c3b537378" />
    <UnitTestResult executionId="5f3a9a2a-eb48-4ee7-a446-9323f2521561" testId="076b3f7c-bfd3-700c-3093-f885fe165b03" testName="xUnitTestProject.CurrencyHelperTests.FormatToStringTest1000(price: 10534.184353995222, expected: &quot;10534.18 zł&quot;)" computerName="DESKTOP-5URQ9PB" duration="00:00:00.0000041" startTime="2022-06-13T21:15:24.6827832+02:00" endTime="2022-06-13T21:15:24.6827833+02:00" testType="13cdc9d9-ddb5-4fa4-a97d-d965ccfc6d4b" outcome="Passed" testListId="8c84fa94-04c1-424b-9868-57a2d4851a1d" relativeResultsDirectory="5f3a9a2a-eb48-4ee7-a446-9323f2521561" />
    <UnitTestResult executionId="d3917400-d80b-4a8a-b7ce-3fbfffc96581" testId="71aa02e1-e075-142b-97e5-961b91ee4f3d" testName="xUnitTestProject.CurrencyHelperTests.FormatToStringTest1000(price: 1313.0279238368514, expected: &quot;1313.03 zł&quot;)" computerName="DESKTOP-5URQ9PB" duration="00:00:00.0000039" startTime="2022-06-13T21:15:24.6651919+02:00" endTime="2022-06-13T21:15:24.6651921+02:00" testType="13cdc9d9-ddb5-4fa4-a97d-d965ccfc6d4b" outcome="Passed" testListId="8c84fa94-04c1-424b-9868-57a2d4851a1d" relativeResultsDirectory="d3917400-d80b-4a8a-b7ce-3fbfffc96581" />
    <UnitTestResult executionId="12121859-eb7b-4b7d-8c6a-73f017a7ec7c" testId="d6b10638-19d7-868a-2152-f7946c6c6899" testName="xUnitTestProject.CurrencyHelperTests.FormatToStringTest1000(price: 904.351189922705, expected: &quot;904.35 zł&quot;)" computerName="DESKTOP-5URQ9PB" duration="00:00:00.0000041" startTime="2022-06-13T21:15:24.7059788+02:00" endTime="2022-06-13T21:15:24.7059789+02:00" testType="13cdc9d9-ddb5-4fa4-a97d-d965ccfc6d4b" outcome="Passed" testListId="8c84fa94-04c1-424b-9868-57a2d4851a1d" relativeResultsDirectory="12121859-eb7b-4b7d-8c6a-73f017a7ec7c" />
    <UnitTestResult executionId="8c444147-ef8c-4be2-a144-4d0559482946" testId="e1d79475-a361-3073-e286-53d8423f4048" testName="xUnitTestProject.CurrencyHelperTests.FormatToStringTest1000(price: 95353.10327693219, expected: &quot;95353.10 zł&quot;)" computerName="DESKTOP-5URQ9PB" duration="00:00:00.0000043" startTime="2022-06-13T21:15:24.6258372+02:00" endTime="2022-06-13T21:15:24.6258374+02:00" testType="13cdc9d9-ddb5-4fa4-a97d-d965ccfc6d4b" outcome="Passed" testListId="8c84fa94-04c1-424b-9868-57a2d4851a1d" relativeResultsDirectory="8c444147-ef8c-4be2-a144-4d0559482946" />
    <UnitTestResult executionId="a2893174-bf7f-4bcd-ba7b-bef092a8ef95" testId="05428edc-24e9-331d-ccde-497be2e009d1" testName="xUnitTestProject.CurrencyHelperTests.FormatToStringTest1000(price: 5254.6338787505565, expected: &quot;5254.63 zł&quot;)" computerName="DESKTOP-5URQ9PB" duration="00:00:00.0000049" startTime="2022-06-13T21:15:24.6501723+02:00" endTime="2022-06-13T21:15:24.6501729+02:00" testType="13cdc9d9-ddb5-4fa4-a97d-d965ccfc6d4b" outcome="Passed" testListId="8c84fa94-04c1-424b-9868-57a2d4851a1d" relativeResultsDirectory="a2893174-bf7f-4bcd-ba7b-bef092a8ef95" />
    <UnitTestResult executionId="e473a890-7f1e-4cb5-84ab-43dadc2a8b98" testId="d02dc591-3a84-d3ac-10be-a85efb2cb27c" testName="xUnitTestProject.CurrencyHelperTests.FormatToStringTest1000(price: 23789.556920184546, expected: &quot;23789.56 zł&quot;)" computerName="DESKTOP-5URQ9PB" duration="00:00:00.0000039" startTime="2022-06-13T21:15:24.6632323+02:00" endTime="2022-06-13T21:15:24.6632324+02:00" testType="13cdc9d9-ddb5-4fa4-a97d-d965ccfc6d4b" outcome="Passed" testListId="8c84fa94-04c1-424b-9868-57a2d4851a1d" relativeResultsDirectory="e473a890-7f1e-4cb5-84ab-43dadc2a8b98" />
    <UnitTestResult executionId="2307faa9-d304-4666-ad9f-29ec8097df04" testId="dd6f82bf-ec98-4f3e-74b1-00844a5994bf" testName="xUnitTestProject.CurrencyHelperTests.FormatToStringTest1000(price: 3431.864349926759, expected: &quot;3431.86 zł&quot;)" computerName="DESKTOP-5URQ9PB" duration="00:00:00.0000041" startTime="2022-06-13T21:15:24.6867648+02:00" endTime="2022-06-13T21:15:24.6867649+02:00" testType="13cdc9d9-ddb5-4fa4-a97d-d965ccfc6d4b" outcome="Passed" testListId="8c84fa94-04c1-424b-9868-57a2d4851a1d" relativeResultsDirectory="2307faa9-d304-4666-ad9f-29ec8097df04" />
    <UnitTestResult executionId="a55c84aa-0920-4351-b14d-78f5927b6ffa" testId="c61ee3ae-8895-24a4-03be-5c9acbad429f" testName="xUnitTestProject.CurrencyHelperTests.FormatToStringTest1000(price: 20146.183073329827, expected: &quot;20146.18 zł&quot;)" computerName="DESKTOP-5URQ9PB" duration="00:00:00.0000039" startTime="2022-06-13T21:15:24.7215994+02:00" endTime="2022-06-13T21:15:24.7215996+02:00" testType="13cdc9d9-ddb5-4fa4-a97d-d965ccfc6d4b" outcome="Passed" testListId="8c84fa94-04c1-424b-9868-57a2d4851a1d" relativeResultsDirectory="a55c84aa-0920-4351-b14d-78f5927b6ffa" />
    <UnitTestResult executionId="13d8ecce-a074-49e2-a894-0c3d72e95027" testId="ef111b7b-895d-e083-171f-1b45ef31d01a" testName="xUnitTestProject.CurrencyHelperTests.FormatToStringTest1000(price: 33699.13042082038, expected: &quot;33699.13 zł&quot;)" computerName="DESKTOP-5URQ9PB" duration="00:00:00.0000041" startTime="2022-06-13T21:15:24.7297037+02:00" endTime="2022-06-13T21:15:24.7297039+02:00" testType="13cdc9d9-ddb5-4fa4-a97d-d965ccfc6d4b" outcome="Passed" testListId="8c84fa94-04c1-424b-9868-57a2d4851a1d" relativeResultsDirectory="13d8ecce-a074-49e2-a894-0c3d72e95027" />
    <UnitTestResult executionId="e00427db-9f31-4e01-bb02-cbe66b472bf1" testId="369e9363-5592-8231-38fe-e3c32cfca4c4" testName="xUnitTestProject.CurrencyHelperTests.FormatToStringTest1000(price: 626.135364110179, expected: &quot;626.14 zł&quot;)" computerName="DESKTOP-5URQ9PB" duration="00:00:00.0000041" startTime="2022-06-13T21:15:24.7267813+02:00" endTime="2022-06-13T21:15:24.7267815+02:00" testType="13cdc9d9-ddb5-4fa4-a97d-d965ccfc6d4b" outcome="Passed" testListId="8c84fa94-04c1-424b-9868-57a2d4851a1d" relativeResultsDirectory="e00427db-9f31-4e01-bb02-cbe66b472bf1" />
    <UnitTestResult executionId="540728c9-238f-45cf-b4ac-663342f93558" testId="d4f3c378-b93a-d1d1-d97b-d57a65cd57e1" testName="xUnitTestProject.CurrencyHelperTests.FormatToStringTest1000(price: 4669.392596858271, expected: &quot;4669.39 zł&quot;)" computerName="DESKTOP-5URQ9PB" duration="00:00:00.0000039" startTime="2022-06-13T21:15:24.6320780+02:00" endTime="2022-06-13T21:15:24.6320781+02:00" testType="13cdc9d9-ddb5-4fa4-a97d-d965ccfc6d4b" outcome="Passed" testListId="8c84fa94-04c1-424b-9868-57a2d4851a1d" relativeResultsDirectory="540728c9-238f-45cf-b4ac-663342f93558" />
    <UnitTestResult executionId="11f4bcad-848a-41c0-983f-c1c87135ac3e" testId="c0f25143-2b07-04f3-95cc-c9746948afb7" testName="xUnitTestProject.CurrencyHelperTests.FormatToStringTest1000(price: 4554.73912809777, expected: &quot;4554.74 zł&quot;)" computerName="DESKTOP-5URQ9PB" duration="00:00:00.0000040" startTime="2022-06-13T21:15:24.6756546+02:00" endTime="2022-06-13T21:15:24.6756548+02:00" testType="13cdc9d9-ddb5-4fa4-a97d-d965ccfc6d4b" outcome="Passed" testListId="8c84fa94-04c1-424b-9868-57a2d4851a1d" relativeResultsDirectory="11f4bcad-848a-41c0-983f-c1c87135ac3e" />
    <UnitTestResult executionId="1915c087-4d87-4fba-b7f0-c3cc5202a641" testId="8de67803-7acb-6ed7-12bc-5420c17b40c0" testName="xUnitTestProject.CurrencyHelperTests.FormatToStringTest1000(price: 45930.2386782068, expected: &quot;45930.24 zł&quot;)" computerName="DESKTOP-5URQ9PB" duration="00:00:00.0000041" startTime="2022-06-13T21:15:24.7186832+02:00" endTime="2022-06-13T21:15:24.7186834+02:00" testType="13cdc9d9-ddb5-4fa4-a97d-d965ccfc6d4b" outcome="Passed" testListId="8c84fa94-04c1-424b-9868-57a2d4851a1d" relativeResultsDirectory="1915c087-4d87-4fba-b7f0-c3cc5202a641" />
    <UnitTestResult executionId="588de814-1596-48f6-828a-714ee54f9c10" testId="53a23bf0-6e98-cb61-d489-afed97d56bcf" testName="xUnitTestProject.CurrencyHelperTests.FormatToStringTest1000(price: 49256.65708813195, expected: &quot;49256.66 zł&quot;)" computerName="DESKTOP-5URQ9PB" duration="00:00:00.0000040" startTime="2022-06-13T21:15:24.6130395+02:00" endTime="2022-06-13T21:15:24.6130396+02:00" testType="13cdc9d9-ddb5-4fa4-a97d-d965ccfc6d4b" outcome="Passed" testListId="8c84fa94-04c1-424b-9868-57a2d4851a1d" relativeResultsDirectory="588de814-1596-48f6-828a-714ee54f9c10" />
    <UnitTestResult executionId="2f320ba7-fdc9-4494-84be-6854dc7671d4" testId="41c4ce1a-ef09-24d7-c3f0-f5bd5a81a0d8" testName="xUnitTestProject.CurrencyHelperTests.FormatToStringTest1000(price: 73301.91270130403, expected: &quot;73301.91 zł&quot;)" computerName="DESKTOP-5URQ9PB" duration="00:00:00.0000041" startTime="2022-06-13T21:15:24.6847973+02:00" endTime="2022-06-13T21:15:24.6847975+02:00" testType="13cdc9d9-ddb5-4fa4-a97d-d965ccfc6d4b" outcome="Passed" testListId="8c84fa94-04c1-424b-9868-57a2d4851a1d" relativeResultsDirectory="2f320ba7-fdc9-4494-84be-6854dc7671d4" />
    <UnitTestResult executionId="4b1f3572-b880-4191-8806-82ee46c662e5" testId="1fe96cd6-e80d-4fd9-dedb-226c16d9375d" testName="xUnitTestProject.CurrencyHelperTests.FormatToStringTest1000(price: 2505.286326204094, expected: &quot;2505.29 zł&quot;)" computerName="DESKTOP-5URQ9PB" duration="00:00:00.0000041" startTime="2022-06-13T21:15:24.6877731+02:00" endTime="2022-06-13T21:15:24.6877733+02:00" testType="13cdc9d9-ddb5-4fa4-a97d-d965ccfc6d4b" outcome="Passed" testListId="8c84fa94-04c1-424b-9868-57a2d4851a1d" relativeResultsDirectory="4b1f3572-b880-4191-8806-82ee46c662e5" />
    <UnitTestResult executionId="3994a632-0d92-4c10-b3cd-ae38406e27de" testId="1d8f4068-0f19-f951-5966-43f32b70fb4f" testName="xUnitTestProject.CurrencyHelperTests.FormatToStringTest1000(price: 63115.864864394935, expected: &quot;63115.86 zł&quot;)" computerName="DESKTOP-5URQ9PB" duration="00:00:00.0000048" startTime="2022-06-13T21:15:24.6623952+02:00" endTime="2022-06-13T21:15:24.6623954+02:00" testType="13cdc9d9-ddb5-4fa4-a97d-d965ccfc6d4b" outcome="Passed" testListId="8c84fa94-04c1-424b-9868-57a2d4851a1d" relativeResultsDirectory="3994a632-0d92-4c10-b3cd-ae38406e27de" />
    <UnitTestResult executionId="016441b8-a3a2-4cc3-aa14-1919d7e06770" testId="90e736db-bebc-59eb-dcfd-94a08c26727f" testName="xUnitTestProject.CurrencyHelperTests.FormatToStringTest1000(price: 29539.32303995328, expected: &quot;29539.32 zł&quot;)" computerName="DESKTOP-5URQ9PB" duration="00:00:00.0000040" startTime="2022-06-13T21:15:24.6991463+02:00" endTime="2022-06-13T21:15:24.6991464+02:00" testType="13cdc9d9-ddb5-4fa4-a97d-d965ccfc6d4b" outcome="Passed" testListId="8c84fa94-04c1-424b-9868-57a2d4851a1d" relativeResultsDirectory="016441b8-a3a2-4cc3-aa14-1919d7e06770" />
    <UnitTestResult executionId="11efdf86-106d-4747-bd5d-ccda73aed463" testId="0d7a2cf9-13e2-7888-b21b-f6464a19d4c6" testName="xUnitTestProject.CurrencyHelperTests.FormatToStringTest1000(price: 35065.40267025652, expected: &quot;35065.40 zł&quot;)" computerName="DESKTOP-5URQ9PB" duration="00:00:00.0000040" startTime="2022-06-13T21:15:24.6278545+02:00" endTime="2022-06-13T21:15:24.6278546+02:00" testType="13cdc9d9-ddb5-4fa4-a97d-d965ccfc6d4b" outcome="Passed" testListId="8c84fa94-04c1-424b-9868-57a2d4851a1d" relativeResultsDirectory="11efdf86-106d-4747-bd5d-ccda73aed463" />
    <UnitTestResult executionId="9128066a-ce5a-4080-8f09-afc788d151ad" testId="f4a097ad-04f4-9e9c-b96f-49eb0101bd6d" testName="xUnitTestProject.CurrencyHelperTests.FormatToStringTest1000(price: 67898.54481444067, expected: &quot;67898.54 zł&quot;)" computerName="DESKTOP-5URQ9PB" duration="00:00:00.0000041" startTime="2022-06-13T21:15:24.6044568+02:00" endTime="2022-06-13T21:15:24.6044570+02:00" testType="13cdc9d9-ddb5-4fa4-a97d-d965ccfc6d4b" outcome="Passed" testListId="8c84fa94-04c1-424b-9868-57a2d4851a1d" relativeResultsDirectory="9128066a-ce5a-4080-8f09-afc788d151ad" />
    <UnitTestResult executionId="8c80f70b-9aa5-46bc-9f01-add888e7448e" testId="5c2754e4-1c80-78fc-5cc7-dfd05e800cc5" testName="xUnitTestProject.CurrencyHelperTests.FormatToStringTest1000(price: 20237.28532723723, expected: &quot;20237.29 zł&quot;)" computerName="DESKTOP-5URQ9PB" duration="00:00:00.0000041" startTime="2022-06-13T21:15:24.6522235+02:00" endTime="2022-06-13T21:15:24.6522239+02:00" testType="13cdc9d9-ddb5-4fa4-a97d-d965ccfc6d4b" outcome="Passed" testListId="8c84fa94-04c1-424b-9868-57a2d4851a1d" relativeResultsDirectory="8c80f70b-9aa5-46bc-9f01-add888e7448e" />
    <UnitTestResult executionId="f3c3cc5c-5a4b-401c-be33-8f1227bcc9af" testId="0514bc2b-5cc4-a04d-717a-fd9efa22f04a" testName="xUnitTestProject.CurrencyHelperTests.FormatToStringTest1000(price: 80609.94377465078, expected: &quot;80609.94 zł&quot;)" computerName="DESKTOP-5URQ9PB" duration="00:00:00.0000041" startTime="2022-06-13T21:15:24.6765962+02:00" endTime="2022-06-13T21:15:24.6765963+02:00" testType="13cdc9d9-ddb5-4fa4-a97d-d965ccfc6d4b" outcome="Passed" testListId="8c84fa94-04c1-424b-9868-57a2d4851a1d" relativeResultsDirectory="f3c3cc5c-5a4b-401c-be33-8f1227bcc9af" />
    <UnitTestResult executionId="0a9271be-a500-472d-a459-527f0dee7262" testId="ad89a04b-1d6c-269b-831e-2a5afc742278" testName="xUnitTestProject.CurrencyHelperTests.FormatToStringTest1000(price: 15600.245951180927, expected: &quot;15600.25 zł&quot;)" computerName="DESKTOP-5URQ9PB" duration="00:00:00.0000041" startTime="2022-06-13T21:15:24.6442855+02:00" endTime="2022-06-13T21:15:24.6442859+02:00" testType="13cdc9d9-ddb5-4fa4-a97d-d965ccfc6d4b" outcome="Passed" testListId="8c84fa94-04c1-424b-9868-57a2d4851a1d" relativeResultsDirectory="0a9271be-a500-472d-a459-527f0dee7262" />
    <UnitTestResult executionId="41388c6a-5fc3-46ca-baf7-831f9ec3bfdf" testId="31ad7a80-5373-effd-b719-cfe8b75a74c8" testName="xUnitTestProject.CurrencyHelperTests.FormatToStringTest1000(price: 49256.47455728635, expected: &quot;49256.47 zł&quot;)" computerName="DESKTOP-5URQ9PB" duration="00:00:00.0000041" startTime="2022-06-13T21:15:24.7265636+02:00" endTime="2022-06-13T21:15:24.7265637+02:00" testType="13cdc9d9-ddb5-4fa4-a97d-d965ccfc6d4b" outcome="Passed" testListId="8c84fa94-04c1-424b-9868-57a2d4851a1d" relativeResultsDirectory="41388c6a-5fc3-46ca-baf7-831f9ec3bfdf" />
    <UnitTestResult executionId="240c65b0-cd07-4054-bc36-1b1e3cba6999" testId="83d8e74c-5bbb-efb0-37a0-7aa4cf469b8b" testName="xUnitTestProject.CurrencyHelperTests.FormatToStringTest1000(price: 6820.105136090938, expected: &quot;6820.11 zł&quot;)" computerName="DESKTOP-5URQ9PB" duration="00:00:00.0000049" startTime="2022-06-13T21:15:24.6914949+02:00" endTime="2022-06-13T21:15:24.6914953+02:00" testType="13cdc9d9-ddb5-4fa4-a97d-d965ccfc6d4b" outcome="Passed" testListId="8c84fa94-04c1-424b-9868-57a2d4851a1d" relativeResultsDirectory="240c65b0-cd07-4054-bc36-1b1e3cba6999" />
    <UnitTestResult executionId="7fa942a6-af6d-4de6-9ec1-9496625e382c" testId="45a5b31d-d8ee-81e0-0e1d-a198d7cba5b5" testName="xUnitTestProject.CurrencyHelperTests.FormatToStringTest1000(price: 39314.52353688401, expected: &quot;39314.52 zł&quot;)" computerName="DESKTOP-5URQ9PB" duration="00:00:00.0000041" startTime="2022-06-13T21:15:24.6924655+02:00" endTime="2022-06-13T21:15:24.6924659+02:00" testType="13cdc9d9-ddb5-4fa4-a97d-d965ccfc6d4b" outcome="Passed" testListId="8c84fa94-04c1-424b-9868-57a2d4851a1d" relativeResultsDirectory="7fa942a6-af6d-4de6-9ec1-9496625e382c" />
    <UnitTestResult executionId="a9c8a0b1-d51a-40f4-a632-3eb8c7fb374a" testId="06022d11-491a-4f0d-4482-3457e9003d33" testName="xUnitTestProject.CurrencyHelperTests.FormatToStringTest1000(price: 31424.298858482067, expected: &quot;31424.30 zł&quot;)" computerName="DESKTOP-5URQ9PB" duration="00:00:00.0000049" startTime="2022-06-13T21:15:24.6494187+02:00" endTime="2022-06-13T21:15:24.6494189+02:00" testType="13cdc9d9-ddb5-4fa4-a97d-d965ccfc6d4b" outcome="Passed" testListId="8c84fa94-04c1-424b-9868-57a2d4851a1d" relativeResultsDirectory="a9c8a0b1-d51a-40f4-a632-3eb8c7fb374a" />
    <UnitTestResult executionId="39082728-8bdc-4fe1-8cbd-fd321ebfda5d" testId="384612ec-11e1-c891-3d7e-9db254e6a2b4" testName="xUnitTestProject.CurrencyHelperTests.FormatToStringTest1000(price: 25990.318498101697, expected: &quot;25990.32 zł&quot;)" computerName="DESKTOP-5URQ9PB" duration="00:00:00.0000040" startTime="2022-06-13T21:15:24.6543810+02:00" endTime="2022-06-13T21:15:24.6543812+02:00" testType="13cdc9d9-ddb5-4fa4-a97d-d965ccfc6d4b" outcome="Passed" testListId="8c84fa94-04c1-424b-9868-57a2d4851a1d" relativeResultsDirectory="39082728-8bdc-4fe1-8cbd-fd321ebfda5d" />
    <UnitTestResult executionId="8cf40465-0743-43b4-b511-4d8a7c90bc11" testId="e54868c5-e23a-96f9-bd57-052b8e9f25f9" testName="xUnitTestProject.CurrencyHelperTests.FormatToStringTest1000(price: 8768.816937361293, expected: &quot;8768.82 zł&quot;)" computerName="DESKTOP-5URQ9PB" duration="00:00:00.0000041" startTime="2022-06-13T21:15:24.7235013+02:00" endTime="2022-06-13T21:15:24.7235016+02:00" testType="13cdc9d9-ddb5-4fa4-a97d-d965ccfc6d4b" outcome="Passed" testListId="8c84fa94-04c1-424b-9868-57a2d4851a1d" relativeResultsDirectory="8cf40465-0743-43b4-b511-4d8a7c90bc11" />
    <UnitTestResult executionId="ffb9f1dd-7b73-4c53-86f1-930c449579e9" testId="3a74380b-5761-efcc-d80f-84990cb62b27" testName="xUnitTestProject.CurrencyHelperTests.FormatToStringTest1000(price: 6323.24079469882, expected: &quot;6323.24 zł&quot;)" computerName="DESKTOP-5URQ9PB" duration="00:00:00.0000041" startTime="2022-06-13T21:15:24.6404235+02:00" endTime="2022-06-13T21:15:24.6404237+02:00" testType="13cdc9d9-ddb5-4fa4-a97d-d965ccfc6d4b" outcome="Passed" testListId="8c84fa94-04c1-424b-9868-57a2d4851a1d" relativeResultsDirectory="ffb9f1dd-7b73-4c53-86f1-930c449579e9" />
    <UnitTestResult executionId="473e6421-48e3-440f-b858-fe82786741b1" testId="c6463145-e835-b32e-9815-611f61fa5540" testName="xUnitTestProject.CurrencyHelperTests.FormatToStringTest1000(price: 9190.067404299076, expected: &quot;9190.07 zł&quot;)" computerName="DESKTOP-5URQ9PB" duration="00:00:00.0000041" startTime="2022-06-13T21:15:24.7246518+02:00" endTime="2022-06-13T21:15:24.7246519+02:00" testType="13cdc9d9-ddb5-4fa4-a97d-d965ccfc6d4b" outcome="Passed" testListId="8c84fa94-04c1-424b-9868-57a2d4851a1d" relativeResultsDirectory="473e6421-48e3-440f-b858-fe82786741b1" />
    <UnitTestResult executionId="f6366e7d-e213-490d-9ba6-d9aa9695b875" testId="bf0f3eb7-c08a-24a8-fd8d-3d7e3051107b" testName="xUnitTestProject.CurrencyHelperTests.FormatToStringTest1000(price: 88584.97010041306, expected: &quot;88584.97 zł&quot;)" computerName="DESKTOP-5URQ9PB" duration="00:00:00.0000040" startTime="2022-06-13T21:15:24.6906467+02:00" endTime="2022-06-13T21:15:24.6906469+02:00" testType="13cdc9d9-ddb5-4fa4-a97d-d965ccfc6d4b" outcome="Passed" testListId="8c84fa94-04c1-424b-9868-57a2d4851a1d" relativeResultsDirectory="f6366e7d-e213-490d-9ba6-d9aa9695b875" />
    <UnitTestResult executionId="b92635e2-951e-4bcf-866c-3a41d1e3bf60" testId="652fbfaf-623d-2a4f-25d1-cf07d8f0c0da" testName="xUnitTestProject.CurrencyHelperTests.FormatToStringTest1000(price: 5835.26176155557, expected: &quot;5835.26 zł&quot;)" computerName="DESKTOP-5URQ9PB" duration="00:00:00.0000040" startTime="2022-06-13T21:15:24.7257869+02:00" endTime="2022-06-13T21:15:24.7257870+02:00" testType="13cdc9d9-ddb5-4fa4-a97d-d965ccfc6d4b" outcome="Passed" testListId="8c84fa94-04c1-424b-9868-57a2d4851a1d" relativeResultsDirectory="b92635e2-951e-4bcf-866c-3a41d1e3bf60" />
    <UnitTestResult executionId="3f91a85f-3466-408c-aa9b-cb2627304ff8" testId="b903f011-25d7-d156-43c9-1974a38b345d" testName="xUnitTestProject.CurrencyHelperTests.FormatToStringTest1000(price: 10994.251866986162, expected: &quot;10994.25 zł&quot;)" computerName="DESKTOP-5URQ9PB" duration="00:00:00.0000041" startTime="2022-06-13T21:15:24.6664208+02:00" endTime="2022-06-13T21:15:24.6664210+02:00" testType="13cdc9d9-ddb5-4fa4-a97d-d965ccfc6d4b" outcome="Passed" testListId="8c84fa94-04c1-424b-9868-57a2d4851a1d" relativeResultsDirectory="3f91a85f-3466-408c-aa9b-cb2627304ff8" />
    <UnitTestResult executionId="537fd291-b988-4e66-a5ef-be085a33f77c" testId="3a671f08-52e1-32fe-f25e-6e157db962d2" testName="xUnitTestProject.CurrencyHelperTests.FormatToStringTest1000(price: 4812.162927013898, expected: &quot;4812.16 zł&quot;)" computerName="DESKTOP-5URQ9PB" duration="00:00:00.0000038" startTime="2022-06-13T21:15:24.6643032+02:00" endTime="2022-06-13T21:15:24.6643034+02:00" testType="13cdc9d9-ddb5-4fa4-a97d-d965ccfc6d4b" outcome="Passed" testListId="8c84fa94-04c1-424b-9868-57a2d4851a1d" relativeResultsDirectory="537fd291-b988-4e66-a5ef-be085a33f77c" />
    <UnitTestResult executionId="96fb7d38-e7b3-42f5-bfe7-f4ef473653dc" testId="03249ab3-78a8-f0c2-3edd-fa3544db15c9" testName="xUnitTestProject.CurrencyHelperTests.FormatToStringTest1000(price: 25084.19182667238, expected: &quot;25084.19 zł&quot;)" computerName="DESKTOP-5URQ9PB" duration="00:00:00.0000041" startTime="2022-06-13T21:15:24.6375681+02:00" endTime="2022-06-13T21:15:24.6375683+02:00" testType="13cdc9d9-ddb5-4fa4-a97d-d965ccfc6d4b" outcome="Passed" testListId="8c84fa94-04c1-424b-9868-57a2d4851a1d" relativeResultsDirectory="96fb7d38-e7b3-42f5-bfe7-f4ef473653dc" />
    <UnitTestResult executionId="b6c868ef-0a94-4b6a-b978-22cd169f7307" testId="c25f3e77-3d72-0513-001e-286d17e294f3" testName="xUnitTestProject.CurrencyHelperTests.FormatToStringTest1000(price: 3270.482477338743, expected: &quot;3270.48 zł&quot;)" computerName="DESKTOP-5URQ9PB" duration="00:00:00.0000041" startTime="2022-06-13T21:15:24.6776326+02:00" endTime="2022-06-13T21:15:24.6776327+02:00" testType="13cdc9d9-ddb5-4fa4-a97d-d965ccfc6d4b" outcome="Passed" testListId="8c84fa94-04c1-424b-9868-57a2d4851a1d" relativeResultsDirectory="b6c868ef-0a94-4b6a-b978-22cd169f7307" />
    <UnitTestResult executionId="e3c54d35-8d1e-40aa-ad7b-456c5caed6c8" testId="abb4aad3-77db-7359-08fe-5197066f13be" testName="xUnitTestProject.CurrencyHelperTests.FormatToStringTest1000(price: 79339.95632144621, expected: &quot;79339.96 zł&quot;)" computerName="DESKTOP-5URQ9PB" duration="00:00:00.0000041" startTime="2022-06-13T21:15:24.7265953+02:00" endTime="2022-06-13T21:15:24.7265954+02:00" testType="13cdc9d9-ddb5-4fa4-a97d-d965ccfc6d4b" outcome="Passed" testListId="8c84fa94-04c1-424b-9868-57a2d4851a1d" relativeResultsDirectory="e3c54d35-8d1e-40aa-ad7b-456c5caed6c8" />
    <UnitTestResult executionId="9c643676-47e1-4f17-89a4-3597a7c380fd" testId="b28ab50d-11be-d323-527c-bc8feda9af8a" testName="xUnitTestProject.CurrencyHelperTests.FormatToStringTest1000(price: 4555.538255205163, expected: &quot;4555.54 zł&quot;)" computerName="DESKTOP-5URQ9PB" duration="00:00:00.0000039" startTime="2022-06-13T21:15:24.6766580+02:00" endTime="2022-06-13T21:15:24.6766581+02:00" testType="13cdc9d9-ddb5-4fa4-a97d-d965ccfc6d4b" outcome="Passed" testListId="8c84fa94-04c1-424b-9868-57a2d4851a1d" relativeResultsDirectory="9c643676-47e1-4f17-89a4-3597a7c380fd" />
    <UnitTestResult executionId="4b463506-7245-4caa-a14b-1097a068e9f3" testId="83d0208c-cef3-bd49-264a-c0709c65e66e" testName="xUnitTestProject.CurrencyHelperTests.FormatToStringTest1000(price: 6958.393354767186, expected: &quot;6958.39 zł&quot;)" computerName="DESKTOP-5URQ9PB" duration="00:00:00.0000040" startTime="2022-06-13T21:15:24.7038694+02:00" endTime="2022-06-13T21:15:24.7038695+02:00" testType="13cdc9d9-ddb5-4fa4-a97d-d965ccfc6d4b" outcome="Passed" testListId="8c84fa94-04c1-424b-9868-57a2d4851a1d" relativeResultsDirectory="4b463506-7245-4caa-a14b-1097a068e9f3" />
    <UnitTestResult executionId="ce6efb04-ed04-4bf5-ad0a-b1e76194d422" testId="0ed4f192-4727-c437-89cc-2b16440ebef0" testName="xUnitTestProject.CurrencyHelperTests.FormatToStringTest1000(price: 37387.37521261972, expected: &quot;37387.38 zł&quot;)" computerName="DESKTOP-5URQ9PB" duration="00:00:00.0000041" startTime="2022-06-13T21:15:24.6216736+02:00" endTime="2022-06-13T21:15:24.6216738+02:00" testType="13cdc9d9-ddb5-4fa4-a97d-d965ccfc6d4b" outcome="Passed" testListId="8c84fa94-04c1-424b-9868-57a2d4851a1d" relativeResultsDirectory="ce6efb04-ed04-4bf5-ad0a-b1e76194d422" />
    <UnitTestResult executionId="18845524-0ae8-45c1-8950-95f35a24153c" testId="ba737e18-d009-4d7c-6e13-52f4c654ec83" testName="xUnitTestProject.CurrencyHelperTests.FormatToStringTest1000(price: 236.20263638589657, expected: &quot;236.20 zł&quot;)" computerName="DESKTOP-5URQ9PB" duration="00:00:00.0000041" startTime="2022-06-13T21:15:24.6309683+02:00" endTime="2022-06-13T21:15:24.6309684+02:00" testType="13cdc9d9-ddb5-4fa4-a97d-d965ccfc6d4b" outcome="Passed" testListId="8c84fa94-04c1-424b-9868-57a2d4851a1d" relativeResultsDirectory="18845524-0ae8-45c1-8950-95f35a24153c" />
    <UnitTestResult executionId="f235e86e-3400-4a3a-ae3a-5a3a47dfdb68" testId="b9639a73-b99d-241a-c8a5-6c3a19c63133" testName="xUnitTestProject.CurrencyHelperTests.FormatToStringTest1000(price: 19500.031951036784, expected: &quot;19500.03 zł&quot;)" computerName="DESKTOP-5URQ9PB" duration="00:00:00.0000041" startTime="2022-06-13T21:15:24.6836564+02:00" endTime="2022-06-13T21:15:24.6836566+02:00" testType="13cdc9d9-ddb5-4fa4-a97d-d965ccfc6d4b" outcome="Passed" testListId="8c84fa94-04c1-424b-9868-57a2d4851a1d" relativeResultsDirectory="f235e86e-3400-4a3a-ae3a-5a3a47dfdb68" />
    <UnitTestResult executionId="a874d7ed-7e69-4964-a21b-dfdca60f4617" testId="a9271829-fbf1-47a3-aed7-368db58e22e7" testName="xUnitTestProject.CurrencyHelperTests.FormatToStringTest1000(price: 635.3263313632116, expected: &quot;635.33 zł&quot;)" computerName="DESKTOP-5URQ9PB" duration="00:00:00.0000038" startTime="2022-06-13T21:15:24.6736489+02:00" endTime="2022-06-13T21:15:24.6736490+02:00" testType="13cdc9d9-ddb5-4fa4-a97d-d965ccfc6d4b" outcome="Passed" testListId="8c84fa94-04c1-424b-9868-57a2d4851a1d" relativeResultsDirectory="a874d7ed-7e69-4964-a21b-dfdca60f4617" />
    <UnitTestResult executionId="6289f95e-39b7-49bd-9ce0-68d4595bf87a" testId="caaa55d0-af40-7108-2d48-eb01bc500599" testName="xUnitTestProject.CurrencyHelperTests.FormatToStringTest1000(price: 4823.904478896365, expected: &quot;4823.90 zł&quot;)" computerName="DESKTOP-5URQ9PB" duration="00:00:00.0000041" startTime="2022-06-13T21:15:24.6454568+02:00" endTime="2022-06-13T21:15:24.6454570+02:00" testType="13cdc9d9-ddb5-4fa4-a97d-d965ccfc6d4b" outcome="Passed" testListId="8c84fa94-04c1-424b-9868-57a2d4851a1d" relativeResultsDirectory="6289f95e-39b7-49bd-9ce0-68d4595bf87a" />
    <UnitTestResult executionId="d36397f1-95c3-415e-8b15-e91819ee438b" testId="34d55980-db04-996b-37e3-5ad72dcd15ab" testName="xUnitTestProject.CurrencyHelperTests.FormatToStringTest1000(price: 941.429400278921, expected: &quot;941.43 zł&quot;)" computerName="DESKTOP-5URQ9PB" duration="00:00:00.0000040" startTime="2022-06-13T21:15:24.6452650+02:00" endTime="2022-06-13T21:15:24.6452653+02:00" testType="13cdc9d9-ddb5-4fa4-a97d-d965ccfc6d4b" outcome="Passed" testListId="8c84fa94-04c1-424b-9868-57a2d4851a1d" relativeResultsDirectory="d36397f1-95c3-415e-8b15-e91819ee438b" />
    <UnitTestResult executionId="fbf12cc2-4b4c-4740-9141-3abce31854d0" testId="bc83fa3c-576f-30a6-fe1b-a25c896763ba" testName="xUnitTestProject.CurrencyHelperTests.FormatToStringTest1000(price: 23612.114499758984, expected: &quot;23612.11 zł&quot;)" computerName="DESKTOP-5URQ9PB" duration="00:00:00.0000217" startTime="2022-06-13T21:15:24.6775030+02:00" endTime="2022-06-13T21:15:24.6775034+02:00" testType="13cdc9d9-ddb5-4fa4-a97d-d965ccfc6d4b" outcome="Passed" testListId="8c84fa94-04c1-424b-9868-57a2d4851a1d" relativeResultsDirectory="fbf12cc2-4b4c-4740-9141-3abce31854d0" />
    <UnitTestResult executionId="d918ec1f-ab9c-4fac-be30-ee33d0bd4fe2" testId="017ca1fc-bbca-8181-b3ea-3373763e884b" testName="xUnitTestProject.CurrencyHelperTests.FormatToStringTest1000(price: 51632.87002968503, expected: &quot;51632.87 zł&quot;)" computerName="DESKTOP-5URQ9PB" duration="00:00:00.0000040" startTime="2022-06-13T21:15:24.6406283+02:00" endTime="2022-06-13T21:15:24.6406285+02:00" testType="13cdc9d9-ddb5-4fa4-a97d-d965ccfc6d4b" outcome="Passed" testListId="8c84fa94-04c1-424b-9868-57a2d4851a1d" relativeResultsDirectory="d918ec1f-ab9c-4fac-be30-ee33d0bd4fe2" />
    <UnitTestResult executionId="9632cad9-b835-44e1-befe-fcbd1a963174" testId="4fc181f0-ada2-9ab6-d52d-1988c5ebde7a" testName="xUnitTestProject.CurrencyHelperTests.FormatToStringTest1000(price: 26015.8311952552, expected: &quot;26015.83 zł&quot;)" computerName="DESKTOP-5URQ9PB" duration="00:00:00.0000039" startTime="2022-06-13T21:15:24.7276971+02:00" endTime="2022-06-13T21:15:24.7276973+02:00" testType="13cdc9d9-ddb5-4fa4-a97d-d965ccfc6d4b" outcome="Passed" testListId="8c84fa94-04c1-424b-9868-57a2d4851a1d" relativeResultsDirectory="9632cad9-b835-44e1-befe-fcbd1a963174" />
    <UnitTestResult executionId="54c63ffc-d3e6-4030-b962-1121380e3091" testId="c31c3c04-c374-418e-36fc-0c705f1df093" testName="xUnitTestProject.CurrencyHelperTests.FormatToStringTest1000(price: 7891.960478953067, expected: &quot;7891.96 zł&quot;)" computerName="DESKTOP-5URQ9PB" duration="00:00:00.0000041" startTime="2022-06-13T21:15:24.7018764+02:00" endTime="2022-06-13T21:15:24.7018766+02:00" testType="13cdc9d9-ddb5-4fa4-a97d-d965ccfc6d4b" outcome="Passed" testListId="8c84fa94-04c1-424b-9868-57a2d4851a1d" relativeResultsDirectory="54c63ffc-d3e6-4030-b962-1121380e3091" />
    <UnitTestResult executionId="a03d3f4b-ce1f-4661-aa24-fdad52fd7a36" testId="f962f016-220b-dd5b-3c75-15629456e786" testName="xUnitTestProject.CurrencyHelperTests.FormatToStringTest1000(price: 12949.590713378317, expected: &quot;12949.59 zł&quot;)" computerName="DESKTOP-5URQ9PB" duration="00:00:00.0000041" startTime="2022-06-13T21:15:24.6278855+02:00" endTime="2022-06-13T21:15:24.6278856+02:00" testType="13cdc9d9-ddb5-4fa4-a97d-d965ccfc6d4b" outcome="Passed" testListId="8c84fa94-04c1-424b-9868-57a2d4851a1d" relativeResultsDirectory="a03d3f4b-ce1f-4661-aa24-fdad52fd7a36" />
    <UnitTestResult executionId="859d954c-9c98-478a-b53b-895de5fad38b" testId="f7288d33-e820-d388-23d4-39d2a5548f52" testName="xUnitTestProject.CurrencyHelperTests.FormatToStringTest1000(price: 1562.3173604776698, expected: &quot;1562.32 zł&quot;)" computerName="DESKTOP-5URQ9PB" duration="00:00:00.0000040" startTime="2022-06-13T21:15:24.6484351+02:00" endTime="2022-06-13T21:15:24.6484353+02:00" testType="13cdc9d9-ddb5-4fa4-a97d-d965ccfc6d4b" outcome="Passed" testListId="8c84fa94-04c1-424b-9868-57a2d4851a1d" relativeResultsDirectory="859d954c-9c98-478a-b53b-895de5fad38b" />
    <UnitTestResult executionId="3dc2b433-3ad2-45b9-80c8-ee9a8e31c52b" testId="e6d7e4bb-8f4e-56e2-712f-a2453f4d8f71" testName="xUnitTestProject.CurrencyHelperTests.FormatToStringTest1000(price: 16688.70569393677, expected: &quot;16688.71 zł&quot;)" computerName="DESKTOP-5URQ9PB" duration="00:00:00.0000041" startTime="2022-06-13T21:15:24.6322338+02:00" endTime="2022-06-13T21:15:24.6322339+02:00" testType="13cdc9d9-ddb5-4fa4-a97d-d965ccfc6d4b" outcome="Passed" testListId="8c84fa94-04c1-424b-9868-57a2d4851a1d" relativeResultsDirectory="3dc2b433-3ad2-45b9-80c8-ee9a8e31c52b" />
    <UnitTestResult executionId="dc692a97-7a58-44fd-a052-0e1a388b428d" testId="1fce28e8-5dee-1344-5678-0f5715c803f3" testName="xUnitTestProject.CurrencyHelperTests.FormatToStringTest1000(price: 3506.8456124108498, expected: &quot;3506.85 zł&quot;)" computerName="DESKTOP-5URQ9PB" duration="00:00:00.0000040" startTime="2022-06-13T21:15:24.6435794+02:00" endTime="2022-06-13T21:15:24.6435796+02:00" testType="13cdc9d9-ddb5-4fa4-a97d-d965ccfc6d4b" outcome="Passed" testListId="8c84fa94-04c1-424b-9868-57a2d4851a1d" relativeResultsDirectory="dc692a97-7a58-44fd-a052-0e1a388b428d" />
    <UnitTestResult executionId="c82e0124-1a8b-4c77-a99b-0a427f13d1a6" testId="c7272717-4c66-ee9c-96d1-b74d86b61eb8" testName="xUnitTestProject.CurrencyHelperTests.FormatToStringTest1000(price: 5022.470719070859, expected: &quot;5022.47 zł&quot;)" computerName="DESKTOP-5URQ9PB" duration="00:00:00.0000041" startTime="2022-06-13T21:15:24.7117013+02:00" endTime="2022-06-13T21:15:24.7117014+02:00" testType="13cdc9d9-ddb5-4fa4-a97d-d965ccfc6d4b" outcome="Passed" testListId="8c84fa94-04c1-424b-9868-57a2d4851a1d" relativeResultsDirectory="c82e0124-1a8b-4c77-a99b-0a427f13d1a6" />
    <UnitTestResult executionId="c11373e7-002a-4cc3-a8e2-3a672e2d9f48" testId="48c41a45-a694-6e7a-7100-4b0ce75fbb19" testName="xUnitTestProject.CurrencyHelperTests.FormatToStringTest1000(price: 19085.023282992664, expected: &quot;19085.02 zł&quot;)" computerName="DESKTOP-5URQ9PB" duration="00:00:00.0000039" startTime="2022-06-13T21:15:24.7188390+02:00" endTime="2022-06-13T21:15:24.7188392+02:00" testType="13cdc9d9-ddb5-4fa4-a97d-d965ccfc6d4b" outcome="Passed" testListId="8c84fa94-04c1-424b-9868-57a2d4851a1d" relativeResultsDirectory="c11373e7-002a-4cc3-a8e2-3a672e2d9f48" />
    <UnitTestResult executionId="1f3bf622-552a-4ca7-8c66-019bbd58332d" testId="e605935b-b7df-1383-2d29-96bb8b33e684" testName="xUnitTestProject.CurrencyHelperTests.FormatToStringTest1000(price: 15841.26419853478, expected: &quot;15841.26 zł&quot;)" computerName="DESKTOP-5URQ9PB" duration="00:00:00.0000040" startTime="2022-06-13T21:15:24.6981060+02:00" endTime="2022-06-13T21:15:24.6981061+02:00" testType="13cdc9d9-ddb5-4fa4-a97d-d965ccfc6d4b" outcome="Passed" testListId="8c84fa94-04c1-424b-9868-57a2d4851a1d" relativeResultsDirectory="1f3bf622-552a-4ca7-8c66-019bbd58332d" />
    <UnitTestResult executionId="be489728-5484-4feb-969b-630884a7d1b4" testId="1ff2656a-0300-1f06-36b0-2fc677b4ea69" testName="xUnitTestProject.CurrencyHelperTests.FormatToStringTest1000(price: 12831.146874380833, expected: &quot;12831.15 zł&quot;)" computerName="DESKTOP-5URQ9PB" duration="00:00:00.0000040" startTime="2022-06-13T21:15:24.6464347+02:00" endTime="2022-06-13T21:15:24.6464349+02:00" testType="13cdc9d9-ddb5-4fa4-a97d-d965ccfc6d4b" outcome="Passed" testListId="8c84fa94-04c1-424b-9868-57a2d4851a1d" relativeResultsDirectory="be489728-5484-4feb-969b-630884a7d1b4" />
    <UnitTestResult executionId="125745b6-bf81-441e-a416-1a871507022b" testId="e63012a7-c6dd-105c-5599-46a75e19ac35" testName="xUnitTestProject.CurrencyHelperTests.FormatToStringTest1000(price: 43424.45140075332, expected: &quot;43424.45 zł&quot;)" computerName="DESKTOP-5URQ9PB" duration="00:00:00.0000040" startTime="2022-06-13T21:15:24.6544440+02:00" endTime="2022-06-13T21:15:24.6544442+02:00" testType="13cdc9d9-ddb5-4fa4-a97d-d965ccfc6d4b" outcome="Passed" testListId="8c84fa94-04c1-424b-9868-57a2d4851a1d" relativeResultsDirectory="125745b6-bf81-441e-a416-1a871507022b" />
    <UnitTestResult executionId="0f3f5f7e-3522-4e66-b3e1-94f5fbe0912e" testId="575b3040-83fc-2437-91d5-9ac3f2af85b4" testName="xUnitTestProject.CurrencyHelperTests.FormatToStringTest1000(price: 10784.438152511344, expected: &quot;10784.44 zł&quot;)" computerName="DESKTOP-5URQ9PB" duration="00:00:00.0000039" startTime="2022-06-13T21:15:24.6622009+02:00" endTime="2022-06-13T21:15:24.6622014+02:00" testType="13cdc9d9-ddb5-4fa4-a97d-d965ccfc6d4b" outcome="Passed" testListId="8c84fa94-04c1-424b-9868-57a2d4851a1d" relativeResultsDirectory="0f3f5f7e-3522-4e66-b3e1-94f5fbe0912e" />
    <UnitTestResult executionId="231935fb-411a-47a7-9c18-c8fa0f38230e" testId="19ecf0ec-9a79-ad70-9475-fee54b9d8614" testName="xUnitTestProject.CurrencyHelperTests.FormatToStringTest1000(price: 1994.0983933439006, expected: &quot;1994.10 zł&quot;)" computerName="DESKTOP-5URQ9PB" duration="00:00:00.0000040" startTime="2022-06-13T21:15:24.6523854+02:00" endTime="2022-06-13T21:15:24.6523856+02:00" testType="13cdc9d9-ddb5-4fa4-a97d-d965ccfc6d4b" outcome="Passed" testListId="8c84fa94-04c1-424b-9868-57a2d4851a1d" relativeResultsDirectory="231935fb-411a-47a7-9c18-c8fa0f38230e" />
    <UnitTestResult executionId="97f3b675-f67a-4442-942d-85025884b0c5" testId="21bbacc0-ff4d-ad67-a90f-e4f994353077" testName="xUnitTestProject.CurrencyHelperTests.FormatToStringTest1000(price: 3521.3657738167635, expected: &quot;3521.37 zł&quot;)" computerName="DESKTOP-5URQ9PB" duration="00:00:00.0000039" startTime="2022-06-13T21:15:24.6671745+02:00" endTime="2022-06-13T21:15:24.6671747+02:00" testType="13cdc9d9-ddb5-4fa4-a97d-d965ccfc6d4b" outcome="Passed" testListId="8c84fa94-04c1-424b-9868-57a2d4851a1d" relativeResultsDirectory="97f3b675-f67a-4442-942d-85025884b0c5" />
    <UnitTestResult executionId="12015d41-0759-42ab-b29e-d8f976f92637" testId="e641957d-86a3-9c73-8dcf-f9374b4233e0" testName="xUnitTestProject.CurrencyHelperTests.FormatToStringTest1000(price: 31799.68317462815, expected: &quot;31799.68 zł&quot;)" computerName="DESKTOP-5URQ9PB" duration="00:00:00.0000040" startTime="2022-06-13T21:15:24.6795274+02:00" endTime="2022-06-13T21:15:24.6795275+02:00" testType="13cdc9d9-ddb5-4fa4-a97d-d965ccfc6d4b" outcome="Passed" testListId="8c84fa94-04c1-424b-9868-57a2d4851a1d" relativeResultsDirectory="12015d41-0759-42ab-b29e-d8f976f92637" />
    <UnitTestResult executionId="eec1ae64-73e8-4d1f-8243-a97c41eedf89" testId="f58711de-d6a1-25df-941a-d7a477d8bf41" testName="xUnitTestProject.CurrencyHelperTests.FormatToStringTest1000(price: 45603.90324273142, expected: &quot;45603.90 zł&quot;)" computerName="DESKTOP-5URQ9PB" duration="00:00:00.0000041" startTime="2022-06-13T21:15:24.7067284+02:00" endTime="2022-06-13T21:15:24.7067288+02:00" testType="13cdc9d9-ddb5-4fa4-a97d-d965ccfc6d4b" outcome="Passed" testListId="8c84fa94-04c1-424b-9868-57a2d4851a1d" relativeResultsDirectory="eec1ae64-73e8-4d1f-8243-a97c41eedf89" />
    <UnitTestResult executionId="775a1a79-16bc-43c2-bd22-3068009e32c8" testId="a188d29e-24f4-14f6-3109-f28ee9929456" testName="xUnitTestProject.CurrencyHelperTests.FormatToStringTest1000(price: 15639.704937780603, expected: &quot;15639.70 zł&quot;)" computerName="DESKTOP-5URQ9PB" duration="00:00:00.0000041" startTime="2022-06-13T21:15:24.7158949+02:00" endTime="2022-06-13T21:15:24.7158951+02:00" testType="13cdc9d9-ddb5-4fa4-a97d-d965ccfc6d4b" outcome="Passed" testListId="8c84fa94-04c1-424b-9868-57a2d4851a1d" relativeResultsDirectory="775a1a79-16bc-43c2-bd22-3068009e32c8" />
    <UnitTestResult executionId="5275a663-bb63-4a38-94e7-75b1c075f56d" testId="a16b516f-2dd7-f0de-4b9f-39b505e3fb31" testName="xUnitTestProject.CurrencyHelperTests.FormatToStringTest1000(price: 4025.728369236797, expected: &quot;4025.73 zł&quot;)" computerName="DESKTOP-5URQ9PB" duration="00:00:00.0000040" startTime="2022-06-13T21:15:24.7226828+02:00" endTime="2022-06-13T21:15:24.7226830+02:00" testType="13cdc9d9-ddb5-4fa4-a97d-d965ccfc6d4b" outcome="Passed" testListId="8c84fa94-04c1-424b-9868-57a2d4851a1d" relativeResultsDirectory="5275a663-bb63-4a38-94e7-75b1c075f56d" />
    <UnitTestResult executionId="b77be092-b6a8-4b75-8d42-3a90b84184aa" testId="b9b36c19-155c-ac46-851c-623393903657" testName="xUnitTestProject.CurrencyHelperTests.FormatToStringTest1000(price: 1187.8237780126854, expected: &quot;1187.82 zł&quot;)" computerName="DESKTOP-5URQ9PB" duration="00:00:00.0000041" startTime="2022-06-13T21:15:24.6867956+02:00" endTime="2022-06-13T21:15:24.6867958+02:00" testType="13cdc9d9-ddb5-4fa4-a97d-d965ccfc6d4b" outcome="Passed" testListId="8c84fa94-04c1-424b-9868-57a2d4851a1d" relativeResultsDirectory="b77be092-b6a8-4b75-8d42-3a90b84184aa" />
    <UnitTestResult executionId="2742ef38-607a-4a0a-aa78-2b0ab0642b5f" testId="0c859aba-4f30-51d2-a318-7300b0569a9b" testName="xUnitTestProject.CurrencyHelperTests.FormatToStringTest1000(price: 52020.805412759444, expected: &quot;52020.81 zł&quot;)" computerName="DESKTOP-5URQ9PB" duration="00:00:00.0000050" startTime="2022-06-13T21:15:24.6785786+02:00" endTime="2022-06-13T21:15:24.6785788+02:00" testType="13cdc9d9-ddb5-4fa4-a97d-d965ccfc6d4b" outcome="Passed" testListId="8c84fa94-04c1-424b-9868-57a2d4851a1d" relativeResultsDirectory="2742ef38-607a-4a0a-aa78-2b0ab0642b5f" />
    <UnitTestResult executionId="38538312-d52e-4e5b-af48-c10bafaff7e5" testId="49539e03-80f3-85f0-9c28-9ba645507120" testName="xUnitTestProject.CurrencyHelperTests.FormatToStringTest1000(price: 653.4647999170537, expected: &quot;653.46 zł&quot;)" computerName="DESKTOP-5URQ9PB" duration="00:00:00.0000040" startTime="2022-06-13T21:15:24.6652552+02:00" endTime="2022-06-13T21:15:24.6652554+02:00" testType="13cdc9d9-ddb5-4fa4-a97d-d965ccfc6d4b" outcome="Passed" testListId="8c84fa94-04c1-424b-9868-57a2d4851a1d" relativeResultsDirectory="38538312-d52e-4e5b-af48-c10bafaff7e5" />
    <UnitTestResult executionId="0d45e322-84d1-4a33-a926-02280f258a99" testId="7994a7d4-0fa0-5377-671c-ab94321aaf57" testName="xUnitTestProject.CurrencyHelperTests.FormatToStringTest1000(price: 61422.228144277455, expected: &quot;61422.23 zł&quot;)" computerName="DESKTOP-5URQ9PB" duration="00:00:00.0000041" startTime="2022-06-13T21:15:24.7304456+02:00" endTime="2022-06-13T21:15:24.7304460+02:00" testType="13cdc9d9-ddb5-4fa4-a97d-d965ccfc6d4b" outcome="Passed" testListId="8c84fa94-04c1-424b-9868-57a2d4851a1d" relativeResultsDirectory="0d45e322-84d1-4a33-a926-02280f258a99" />
    <UnitTestResult executionId="4ea3c0d5-be2d-45be-920d-8527dc85fb25" testId="9fa4910a-439f-a7b3-42d7-59f8d60a9e4f" testName="xUnitTestProject.CurrencyHelperTests.FormatToStringTest1000(price: 12577.642620996872, expected: &quot;12577.64 zł&quot;)" computerName="DESKTOP-5URQ9PB" duration="00:00:00.0000041" startTime="2022-06-13T21:15:24.6269241+02:00" endTime="2022-06-13T21:15:24.6269242+02:00" testType="13cdc9d9-ddb5-4fa4-a97d-d965ccfc6d4b" outcome="Passed" testListId="8c84fa94-04c1-424b-9868-57a2d4851a1d" relativeResultsDirectory="4ea3c0d5-be2d-45be-920d-8527dc85fb25" />
    <UnitTestResult executionId="c12a26ee-c836-4af8-a314-c14dd5b1a522" testId="46947d50-5e18-dad2-e4a8-b6d0819ae97c" testName="xUnitTestProject.CurrencyHelperTests.FormatToStringTest1000(price: 7377.5644264340235, expected: &quot;7377.56 zł&quot;)" computerName="DESKTOP-5URQ9PB" duration="00:00:00.0000040" startTime="2022-06-13T21:15:24.6726878+02:00" endTime="2022-06-13T21:15:24.6726879+02:00" testType="13cdc9d9-ddb5-4fa4-a97d-d965ccfc6d4b" outcome="Passed" testListId="8c84fa94-04c1-424b-9868-57a2d4851a1d" relativeResultsDirectory="c12a26ee-c836-4af8-a314-c14dd5b1a522" />
    <UnitTestResult executionId="d3d1f122-1dc9-4d8f-b295-a3e7d01b0349" testId="b093b261-89e9-1453-0b15-6960031e6c14" testName="xUnitTestProject.CurrencyHelperTests.FormatToStringTest1000(price: 36969.98585167247, expected: &quot;36969.99 zł&quot;)" computerName="DESKTOP-5URQ9PB" duration="00:00:00.0000040" startTime="2022-06-13T21:15:24.6797147+02:00" endTime="2022-06-13T21:15:24.6797149+02:00" testType="13cdc9d9-ddb5-4fa4-a97d-d965ccfc6d4b" outcome="Passed" testListId="8c84fa94-04c1-424b-9868-57a2d4851a1d" relativeResultsDirectory="d3d1f122-1dc9-4d8f-b295-a3e7d01b0349" />
    <UnitTestResult executionId="1a1bb4cc-4c95-465a-8760-79fcacdbdb5b" testId="eb3e6893-2377-abc3-6bc4-b22d25b0ece8" testName="xUnitTestProject.CurrencyHelperTests.FormatToStringTest1000(price: 44869.327020554025, expected: &quot;44869.33 zł&quot;)" computerName="DESKTOP-5URQ9PB" duration="00:00:00.0000038" startTime="2022-06-13T21:15:24.7224460+02:00" endTime="2022-06-13T21:15:24.7224464+02:00" testType="13cdc9d9-ddb5-4fa4-a97d-d965ccfc6d4b" outcome="Passed" testListId="8c84fa94-04c1-424b-9868-57a2d4851a1d" relativeResultsDirectory="1a1bb4cc-4c95-465a-8760-79fcacdbdb5b" />
    <UnitTestResult executionId="62a1f3a2-5778-4972-9d7e-521e88f9e53f" testId="30db28b2-ac34-8d8e-c566-68b2f6bb1d51" testName="xUnitTestProject.CurrencyHelperTests.FormatToStringTest1000(price: 59283.48311990662, expected: &quot;59283.48 zł&quot;)" computerName="DESKTOP-5URQ9PB" duration="00:00:00.0000041" startTime="2022-06-13T21:15:24.7215674+02:00" endTime="2022-06-13T21:15:24.7215675+02:00" testType="13cdc9d9-ddb5-4fa4-a97d-d965ccfc6d4b" outcome="Passed" testListId="8c84fa94-04c1-424b-9868-57a2d4851a1d" relativeResultsDirectory="62a1f3a2-5778-4972-9d7e-521e88f9e53f" />
    <UnitTestResult executionId="89707af2-1dc3-4f2c-ba2b-f6da76ed6413" testId="2ebec913-cd49-9310-605b-052ec9777212" testName="xUnitTestProject.CurrencyHelperTests.FormatToStringTest1000(price: 97129.75160633575, expected: &quot;97129.75 zł&quot;)" computerName="DESKTOP-5URQ9PB" duration="00:00:00.0000041" startTime="2022-06-13T21:15:24.7106889+02:00" endTime="2022-06-13T21:15:24.7106890+02:00" testType="13cdc9d9-ddb5-4fa4-a97d-d965ccfc6d4b" outcome="Passed" testListId="8c84fa94-04c1-424b-9868-57a2d4851a1d" relativeResultsDirectory="89707af2-1dc3-4f2c-ba2b-f6da76ed6413" />
    <UnitTestResult executionId="72d61879-e985-459b-a65f-b295db389023" testId="d3cdcde5-df28-6c6c-d5ee-263c0a49023a" testName="xUnitTestProject.CurrencyHelperTests.FormatToStringTest1000(price: 6266.232005888704, expected: &quot;6266.23 zł&quot;)" computerName="DESKTOP-5URQ9PB" duration="00:00:00.0000040" startTime="2022-06-13T21:15:24.7039317+02:00" endTime="2022-06-13T21:15:24.7039319+02:00" testType="13cdc9d9-ddb5-4fa4-a97d-d965ccfc6d4b" outcome="Passed" testListId="8c84fa94-04c1-424b-9868-57a2d4851a1d" relativeResultsDirectory="72d61879-e985-459b-a65f-b295db389023" />
    <UnitTestResult executionId="5046968e-10a2-4bbf-a1a6-04ae00109472" testId="d6ed6531-54c3-2edf-18c7-ddb0279f678b" testName="xUnitTestProject.CurrencyHelperTests.FormatToStringTest1000(price: 11175.438820935526, expected: &quot;11175.44 zł&quot;)" computerName="DESKTOP-5URQ9PB" duration="00:00:00.0000040" startTime="2022-06-13T21:15:24.6129421+02:00" endTime="2022-06-13T21:15:24.6129422+02:00" testType="13cdc9d9-ddb5-4fa4-a97d-d965ccfc6d4b" outcome="Passed" testListId="8c84fa94-04c1-424b-9868-57a2d4851a1d" relativeResultsDirectory="5046968e-10a2-4bbf-a1a6-04ae00109472" />
    <UnitTestResult executionId="75700cd5-5103-4981-9a2a-267d5ab5af7d" testId="90cfec42-4910-af10-cff4-5af0ef6c23f5" testName="xUnitTestProject.CurrencyHelperTests.FormatToStringTest1000(price: 64887.45559046951, expected: &quot;64887.46 zł&quot;)" computerName="DESKTOP-5URQ9PB" duration="00:00:00.0000040" startTime="2022-06-13T21:15:24.6321091+02:00" endTime="2022-06-13T21:15:24.6321092+02:00" testType="13cdc9d9-ddb5-4fa4-a97d-d965ccfc6d4b" outcome="Passed" testListId="8c84fa94-04c1-424b-9868-57a2d4851a1d" relativeResultsDirectory="75700cd5-5103-4981-9a2a-267d5ab5af7d" />
    <UnitTestResult executionId="06c02a7b-5389-4ae5-aed3-b76b9e4a0fae" testId="23282872-5c32-1fb9-e0a2-cb7aa878c838" testName="xUnitTestProject.CurrencyHelperTests.FormatToStringTest1000(price: 16819.974312979717, expected: &quot;16819.97 zł&quot;)" computerName="DESKTOP-5URQ9PB" duration="00:00:00.0000049" startTime="2022-06-13T21:15:24.7078262+02:00" endTime="2022-06-13T21:15:24.7078263+02:00" testType="13cdc9d9-ddb5-4fa4-a97d-d965ccfc6d4b" outcome="Passed" testListId="8c84fa94-04c1-424b-9868-57a2d4851a1d" relativeResultsDirectory="06c02a7b-5389-4ae5-aed3-b76b9e4a0fae" />
    <UnitTestResult executionId="20ea78ea-0b1f-459b-adc0-cb3870901b36" testId="eca8de8b-49e2-07c6-8662-27843e169d09" testName="xUnitTestProject.CurrencyHelperTests.FormatToStringTest1000(price: 73504.44700518598, expected: &quot;73504.45 zł&quot;)" computerName="DESKTOP-5URQ9PB" duration="00:00:00.0000040" startTime="2022-06-13T21:15:24.7157378+02:00" endTime="2022-06-13T21:15:24.7157379+02:00" testType="13cdc9d9-ddb5-4fa4-a97d-d965ccfc6d4b" outcome="Passed" testListId="8c84fa94-04c1-424b-9868-57a2d4851a1d" relativeResultsDirectory="20ea78ea-0b1f-459b-adc0-cb3870901b36" />
    <UnitTestResult executionId="c8f94439-07a4-4dcf-8853-5f47a21a5472" testId="95359d07-8287-2be5-3354-cb2f7f60a3bf" testName="xUnitTestProject.CurrencyHelperTests.FormatToStringTest1000(price: 6417.5922460628635, expected: &quot;6417.59 zł&quot;)" computerName="DESKTOP-5URQ9PB" duration="00:00:00.0000039" startTime="2022-06-13T21:15:24.6301365+02:00" endTime="2022-06-13T21:15:24.6301367+02:00" testType="13cdc9d9-ddb5-4fa4-a97d-d965ccfc6d4b" outcome="Passed" testListId="8c84fa94-04c1-424b-9868-57a2d4851a1d" relativeResultsDirectory="c8f94439-07a4-4dcf-8853-5f47a21a5472" />
    <UnitTestResult executionId="211cc7dc-3311-4dd9-9143-a69a8a25f76c" testId="5bb9d818-e2ff-58b7-df0a-941461adb800" testName="xUnitTestProject.CurrencyHelperTests.FormatToStringTest1000(price: 5548.360986085777, expected: &quot;5548.36 zł&quot;)" computerName="DESKTOP-5URQ9PB" duration="00:00:00.0000044" startTime="2022-06-13T21:15:24.6128754+02:00" endTime="2022-06-13T21:15:24.6128756+02:00" testType="13cdc9d9-ddb5-4fa4-a97d-d965ccfc6d4b" outcome="Passed" testListId="8c84fa94-04c1-424b-9868-57a2d4851a1d" relativeResultsDirectory="211cc7dc-3311-4dd9-9143-a69a8a25f76c" />
    <UnitTestResult executionId="87c0840e-c52b-44ba-9449-dc81f2639909" testId="be135b72-4539-0e97-74d0-b204a763297e" testName="xUnitTestProject.CurrencyHelperTests.FormatToStringTest1000(price: 15337.485230751097, expected: &quot;15337.49 zł&quot;)" computerName="DESKTOP-5URQ9PB" duration="00:00:00.0000041" startTime="2022-06-13T21:15:24.7245570+02:00" endTime="2022-06-13T21:15:24.7245571+02:00" testType="13cdc9d9-ddb5-4fa4-a97d-d965ccfc6d4b" outcome="Passed" testListId="8c84fa94-04c1-424b-9868-57a2d4851a1d" relativeResultsDirectory="87c0840e-c52b-44ba-9449-dc81f2639909" />
    <UnitTestResult executionId="91224089-648e-4a05-9a3f-611e938b7a0f" testId="80972e1e-3ff9-bf5c-296f-71aecb5aa2ee" testName="xUnitTestProject.CurrencyHelperTests.FormatToStringTest1000(price: 60323.066780431225, expected: &quot;60323.07 zł&quot;)" computerName="DESKTOP-5URQ9PB" duration="00:00:00.0000041" startTime="2022-06-13T21:15:24.6795913+02:00" endTime="2022-06-13T21:15:24.6795914+02:00" testType="13cdc9d9-ddb5-4fa4-a97d-d965ccfc6d4b" outcome="Passed" testListId="8c84fa94-04c1-424b-9868-57a2d4851a1d" relativeResultsDirectory="91224089-648e-4a05-9a3f-611e938b7a0f" />
    <UnitTestResult executionId="bbeb411a-66e7-4fba-9b27-9452cda7e940" testId="5f1f475f-1270-641d-7d41-d4acd777aabd" testName="xUnitTestProject.CurrencyHelperTests.FormatToStringTest1000(price: 7813.027778348433, expected: &quot;7813.03 zł&quot;)" computerName="DESKTOP-5URQ9PB" duration="00:00:00.0000043" startTime="2022-06-13T21:15:24.6043923+02:00" endTime="2022-06-13T21:15:24.6043924+02:00" testType="13cdc9d9-ddb5-4fa4-a97d-d965ccfc6d4b" outcome="Passed" testListId="8c84fa94-04c1-424b-9868-57a2d4851a1d" relativeResultsDirectory="bbeb411a-66e7-4fba-9b27-9452cda7e940" />
    <UnitTestResult executionId="3be5cbfe-34b1-41f9-8717-8aaff46b45db" testId="cb40e0a5-2f70-a60d-407b-51d7d2d25955" testName="xUnitTestProject.CurrencyHelperTests.FormatToStringTest1000(price: 19071.681252896637, expected: &quot;19071.68 zł&quot;)" computerName="DESKTOP-5URQ9PB" duration="00:00:00.0000041" startTime="2022-06-13T21:15:24.6858448+02:00" endTime="2022-06-13T21:15:24.6858450+02:00" testType="13cdc9d9-ddb5-4fa4-a97d-d965ccfc6d4b" outcome="Passed" testListId="8c84fa94-04c1-424b-9868-57a2d4851a1d" relativeResultsDirectory="3be5cbfe-34b1-41f9-8717-8aaff46b45db" />
    <UnitTestResult executionId="b2d703a4-2a92-42a5-80d3-cf73c96e25ed" testId="e8631f54-2451-193b-aa4f-8be567b318eb" testName="xUnitTestProject.CurrencyHelperTests.FormatToStringTest1000(price: 19603.69286519321, expected: &quot;19603.69 zł&quot;)" computerName="DESKTOP-5URQ9PB" duration="00:00:00.0000040" startTime="2022-06-13T21:15:24.6161810+02:00" endTime="2022-06-13T21:15:24.6161811+02:00" testType="13cdc9d9-ddb5-4fa4-a97d-d965ccfc6d4b" outcome="Passed" testListId="8c84fa94-04c1-424b-9868-57a2d4851a1d" relativeResultsDirectory="b2d703a4-2a92-42a5-80d3-cf73c96e25ed" />
    <UnitTestResult executionId="b7230e17-9c50-4883-8f15-cd52d6cd7365" testId="7b2e748c-5793-e1c6-45bc-d5f863686469" testName="xUnitTestProject.CurrencyHelperTests.FormatToStringTest1000(price: 84686.32148464039, expected: &quot;84686.32 zł&quot;)" computerName="DESKTOP-5URQ9PB" duration="00:00:00.0000041" startTime="2022-06-13T21:15:24.6386768+02:00" endTime="2022-06-13T21:15:24.6386769+02:00" testType="13cdc9d9-ddb5-4fa4-a97d-d965ccfc6d4b" outcome="Passed" testListId="8c84fa94-04c1-424b-9868-57a2d4851a1d" relativeResultsDirectory="b7230e17-9c50-4883-8f15-cd52d6cd7365" />
    <UnitTestResult executionId="159641e8-3531-41df-8a25-0390f75a7511" testId="419d247e-1033-df66-fcc5-471a4ec8f5e3" testName="xUnitTestProject.CurrencyHelperTests.FormatToStringTest1000(price: 22557.09603308099, expected: &quot;22557.10 zł&quot;)" computerName="DESKTOP-5URQ9PB" duration="00:00:00.0000040" startTime="2022-06-13T21:15:24.7049712+02:00" endTime="2022-06-13T21:15:24.7049714+02:00" testType="13cdc9d9-ddb5-4fa4-a97d-d965ccfc6d4b" outcome="Passed" testListId="8c84fa94-04c1-424b-9868-57a2d4851a1d" relativeResultsDirectory="159641e8-3531-41df-8a25-0390f75a7511" />
    <UnitTestResult executionId="759c4ceb-afdc-4bbe-a37d-8da8d440aa60" testId="fdb8f5e8-aebb-9f4d-e956-1151e0f88117" testName="xUnitTestProject.CurrencyHelperTests.FormatToStringTest1000(price: 14172.682747822573, expected: &quot;14172.68 zł&quot;)" computerName="DESKTOP-5URQ9PB" duration="00:00:00.0000039" startTime="2022-06-13T21:15:24.6673310+02:00" endTime="2022-06-13T21:15:24.6673312+02:00" testType="13cdc9d9-ddb5-4fa4-a97d-d965ccfc6d4b" outcome="Passed" testListId="8c84fa94-04c1-424b-9868-57a2d4851a1d" relativeResultsDirectory="759c4ceb-afdc-4bbe-a37d-8da8d440aa60" />
    <UnitTestResult executionId="e3946c3d-b279-4628-9fbe-45f022d7bf5b" testId="787cef43-2dc9-190c-2e64-d5af6533289b" testName="xUnitTestProject.CurrencyHelperTests.FormatToStringTest1000(price: 32908.76696502639, expected: &quot;32908.77 zł&quot;)" computerName="DESKTOP-5URQ9PB" duration="00:00:00.0000040" startTime="2022-06-13T21:15:24.6434777+02:00" endTime="2022-06-13T21:15:24.6434780+02:00" testType="13cdc9d9-ddb5-4fa4-a97d-d965ccfc6d4b" outcome="Passed" testListId="8c84fa94-04c1-424b-9868-57a2d4851a1d" relativeResultsDirectory="e3946c3d-b279-4628-9fbe-45f022d7bf5b" />
    <UnitTestResult executionId="e6970415-3a66-478f-b743-32b620b5e62b" testId="9bed9c4d-df2b-32b1-c6ce-ea879f4b2fcd" testName="xUnitTestProject.CurrencyHelperTests.FormatToStringTest1000(price: 6429.44273095552, expected: &quot;6429.44 zł&quot;)" computerName="DESKTOP-5URQ9PB" duration="00:00:00.0000037" startTime="2022-06-13T21:15:24.6746612+02:00" endTime="2022-06-13T21:15:24.6746613+02:00" testType="13cdc9d9-ddb5-4fa4-a97d-d965ccfc6d4b" outcome="Passed" testListId="8c84fa94-04c1-424b-9868-57a2d4851a1d" relativeResultsDirectory="e6970415-3a66-478f-b743-32b620b5e62b" />
    <UnitTestResult executionId="da43563a-efcf-4860-bcaa-3281549eb197" testId="56f22bda-cb9f-dbaa-365a-cb6ba2104fe2" testName="xUnitTestProject.CurrencyHelperTests.FormatToStringTest1000(price: 9634.398811461124, expected: &quot;9634.40 zł&quot;)" computerName="DESKTOP-5URQ9PB" duration="00:00:00.0000041" startTime="2022-06-13T21:15:24.6878038+02:00" endTime="2022-06-13T21:15:24.6878039+02:00" testType="13cdc9d9-ddb5-4fa4-a97d-d965ccfc6d4b" outcome="Passed" testListId="8c84fa94-04c1-424b-9868-57a2d4851a1d" relativeResultsDirectory="da43563a-efcf-4860-bcaa-3281549eb197" />
    <UnitTestResult executionId="f75d2ac9-a85b-421e-9701-0d5833040ad6" testId="1fffb893-3987-58da-ed03-e4f32e271dc9" testName="xUnitTestProject.CurrencyHelperTests.FormatToStringTest1000(price: 19435.417227184127, expected: &quot;19435.42 zł&quot;)" computerName="DESKTOP-5URQ9PB" duration="00:00:00.0000040" startTime="2022-06-13T21:15:24.7286844+02:00" endTime="2022-06-13T21:15:24.7286846+02:00" testType="13cdc9d9-ddb5-4fa4-a97d-d965ccfc6d4b" outcome="Passed" testListId="8c84fa94-04c1-424b-9868-57a2d4851a1d" relativeResultsDirectory="f75d2ac9-a85b-421e-9701-0d5833040ad6" />
    <UnitTestResult executionId="5bb7b998-18ff-4214-b3cb-2ce0dc88b660" testId="d4cfd815-487d-e378-1f28-dc4676158012" testName="xUnitTestProject.CurrencyHelperTests.FormatToStringTest1000(price: 10370.0107542784, expected: &quot;10370.01 zł&quot;)" computerName="DESKTOP-5URQ9PB" duration="00:00:00.0000041" startTime="2022-06-13T21:15:24.6877422+02:00" endTime="2022-06-13T21:15:24.6877424+02:00" testType="13cdc9d9-ddb5-4fa4-a97d-d965ccfc6d4b" outcome="Passed" testListId="8c84fa94-04c1-424b-9868-57a2d4851a1d" relativeResultsDirectory="5bb7b998-18ff-4214-b3cb-2ce0dc88b660" />
    <UnitTestResult executionId="8c2976f8-b9e2-429c-8f32-c02e25649b0d" testId="31d901d5-0ee4-8f4e-13ca-73133c8afccc" testName="xUnitTestProject.CurrencyHelperTests.FormatToStringTest1000(price: 823.2747994560166, expected: &quot;823.27 zł&quot;)" computerName="DESKTOP-5URQ9PB" duration="00:00:00.0000050" startTime="2022-06-13T21:15:24.6796839+02:00" endTime="2022-06-13T21:15:24.6796841+02:00" testType="13cdc9d9-ddb5-4fa4-a97d-d965ccfc6d4b" outcome="Passed" testListId="8c84fa94-04c1-424b-9868-57a2d4851a1d" relativeResultsDirectory="8c2976f8-b9e2-429c-8f32-c02e25649b0d" />
    <UnitTestResult executionId="c7d0a89d-6412-4928-9e05-ee4d1e77be26" testId="dffdcee4-e2c7-a486-318f-edaed8877c4d" testName="xUnitTestProject.CurrencyHelperTests.FormatToStringTest1000(price: 8697.074631143862, expected: &quot;8697.07 zł&quot;)" computerName="DESKTOP-5URQ9PB" duration="00:00:00.0000041" startTime="2022-06-13T21:15:24.6643344+02:00" endTime="2022-06-13T21:15:24.6643346+02:00" testType="13cdc9d9-ddb5-4fa4-a97d-d965ccfc6d4b" outcome="Passed" testListId="8c84fa94-04c1-424b-9868-57a2d4851a1d" relativeResultsDirectory="c7d0a89d-6412-4928-9e05-ee4d1e77be26" />
    <UnitTestResult executionId="243f674f-60b1-4154-ab96-8fb5ef2ff5d8" testId="5ae458e4-bb73-ceec-2cfb-1eb05d691961" testName="xUnitTestProject.CurrencyHelperTests.FormatToStringTest1000(price: 598.1279707877561, expected: &quot;598.13 zł&quot;)" computerName="DESKTOP-5URQ9PB" duration="00:00:00.0000040" startTime="2022-06-13T21:15:24.6162436+02:00" endTime="2022-06-13T21:15:24.6162437+02:00" testType="13cdc9d9-ddb5-4fa4-a97d-d965ccfc6d4b" outcome="Passed" testListId="8c84fa94-04c1-424b-9868-57a2d4851a1d" relativeResultsDirectory="243f674f-60b1-4154-ab96-8fb5ef2ff5d8" />
    <UnitTestResult executionId="df257ffd-2862-4aca-a2eb-3833d5b8c6f3" testId="c2e7dabf-153e-40d2-4e35-e0a4cdae5b80" testName="xUnitTestProject.CurrencyHelperTests.FormatToStringTest1000(price: 19519.4298413505, expected: &quot;19519.43 zł&quot;)" computerName="DESKTOP-5URQ9PB" duration="00:00:00.0000041" startTime="2022-06-13T21:15:24.6828455+02:00" endTime="2022-06-13T21:15:24.6828457+02:00" testType="13cdc9d9-ddb5-4fa4-a97d-d965ccfc6d4b" outcome="Passed" testListId="8c84fa94-04c1-424b-9868-57a2d4851a1d" relativeResultsDirectory="df257ffd-2862-4aca-a2eb-3833d5b8c6f3" />
    <UnitTestResult executionId="660970ea-15f6-409f-9c75-63afb714954a" testId="c6cb5829-9900-78b4-ad40-ce24294fb2f7" testName="xUnitTestProject.CurrencyHelperTests.FormatToStringTest1000(price: 67380.07704875062, expected: &quot;67380.08 zł&quot;)" computerName="DESKTOP-5URQ9PB" duration="00:00:00.0000041" startTime="2022-06-13T21:15:24.6238051+02:00" endTime="2022-06-13T21:15:24.6238053+02:00" testType="13cdc9d9-ddb5-4fa4-a97d-d965ccfc6d4b" outcome="Passed" testListId="8c84fa94-04c1-424b-9868-57a2d4851a1d" relativeResultsDirectory="660970ea-15f6-409f-9c75-63afb714954a" />
    <UnitTestResult executionId="2e32a549-c3f0-4d16-8ff9-2d3a175f5d18" testId="7a86c51e-006c-a65e-34c9-ff3a6b2ed4b5" testName="xUnitTestProject.CurrencyHelperTests.FormatToStringTest1000(price: 50644.690874327294, expected: &quot;50644.69 zł&quot;)" computerName="DESKTOP-5URQ9PB" duration="00:00:00.0000049" startTime="2022-06-13T21:15:24.6826571+02:00" endTime="2022-06-13T21:15:24.6826572+02:00" testType="13cdc9d9-ddb5-4fa4-a97d-d965ccfc6d4b" outcome="Passed" testListId="8c84fa94-04c1-424b-9868-57a2d4851a1d" relativeResultsDirectory="2e32a549-c3f0-4d16-8ff9-2d3a175f5d18" />
    <UnitTestResult executionId="5d06bc6e-17a2-423f-8ef3-2cc5b9301c42" testId="c5891e20-1607-2f4b-ec62-b83eb87653c6" testName="xUnitTestProject.CurrencyHelperTests.FormatToStringTest1000(price: 32812.53695512634, expected: &quot;32812.54 zł&quot;)" computerName="DESKTOP-5URQ9PB" duration="00:00:00.0000041" startTime="2022-06-13T21:15:24.6226685+02:00" endTime="2022-06-13T21:15:24.6226687+02:00" testType="13cdc9d9-ddb5-4fa4-a97d-d965ccfc6d4b" outcome="Passed" testListId="8c84fa94-04c1-424b-9868-57a2d4851a1d" relativeResultsDirectory="5d06bc6e-17a2-423f-8ef3-2cc5b9301c42" />
    <UnitTestResult executionId="f7e0044a-6a11-4363-9244-2a8e7430a9c4" testId="2154354b-9164-5585-480c-7dedd5c54210" testName="xUnitTestProject.CurrencyHelperTests.FormatToStringTest1000(price: 9097.395563790293, expected: &quot;9097.40 zł&quot;)" computerName="DESKTOP-5URQ9PB" duration="00:00:00.0000039" startTime="2022-06-13T21:15:24.7010625+02:00" endTime="2022-06-13T21:15:24.7010627+02:00" testType="13cdc9d9-ddb5-4fa4-a97d-d965ccfc6d4b" outcome="Passed" testListId="8c84fa94-04c1-424b-9868-57a2d4851a1d" relativeResultsDirectory="f7e0044a-6a11-4363-9244-2a8e7430a9c4" />
    <UnitTestResult executionId="541a270f-47ee-435b-8c49-acddfa248cff" testId="c2db2421-6d50-c505-4572-abf46a5e86c5" testName="xUnitTestProject.CurrencyHelperTests.FormatToStringTest1000(price: 59919.71489415491, expected: &quot;59919.71 zł&quot;)" computerName="DESKTOP-5URQ9PB" duration="00:00:00.0000040" startTime="2022-06-13T21:15:24.6971428+02:00" endTime="2022-06-13T21:15:24.6971430+02:00" testType="13cdc9d9-ddb5-4fa4-a97d-d965ccfc6d4b" outcome="Passed" testListId="8c84fa94-04c1-424b-9868-57a2d4851a1d" relativeResultsDirectory="541a270f-47ee-435b-8c49-acddfa248cff" />
    <UnitTestResult executionId="1085b736-017e-42f9-9c82-4c7280b56fd1" testId="eccf41da-6b65-aa5d-c784-b8badc726d9b" testName="xUnitTestProject.CurrencyHelperTests.FormatToStringTest1000(price: 4419.750844657306, expected: &quot;4419.75 zł&quot;)" computerName="DESKTOP-5URQ9PB" duration="00:00:00.0000041" startTime="2022-06-13T21:15:24.6827516+02:00" endTime="2022-06-13T21:15:24.6827518+02:00" testType="13cdc9d9-ddb5-4fa4-a97d-d965ccfc6d4b" outcome="Passed" testListId="8c84fa94-04c1-424b-9868-57a2d4851a1d" relativeResultsDirectory="1085b736-017e-42f9-9c82-4c7280b56fd1" />
    <UnitTestResult executionId="09aacecf-d24a-4b22-916f-7bdb847cf062" testId="baa856d2-0f24-fb78-786f-66276d918a1d" testName="xUnitTestProject.CurrencyHelperTests.FormatToStringTest1000(price: 6864.093052674129, expected: &quot;6864.09 zł&quot;)" computerName="DESKTOP-5URQ9PB" duration="00:00:00.0000050" startTime="2022-06-13T21:15:24.7077642+02:00" endTime="2022-06-13T21:15:24.7077643+02:00" testType="13cdc9d9-ddb5-4fa4-a97d-d965ccfc6d4b" outcome="Passed" testListId="8c84fa94-04c1-424b-9868-57a2d4851a1d" relativeResultsDirectory="09aacecf-d24a-4b22-916f-7bdb847cf062" />
    <UnitTestResult executionId="73f3e6e8-6049-42b8-9346-c4fbb092dfae" testId="0d82bc84-08a9-ffda-b09d-d44b4e74eec6" testName="xUnitTestProject.CurrencyHelperTests.FormatToStringTest1000(price: 28987.862854782896, expected: &quot;28987.86 zł&quot;)" computerName="DESKTOP-5URQ9PB" duration="00:00:00.0000041" startTime="2022-06-13T21:15:24.7020644+02:00" endTime="2022-06-13T21:15:24.7020646+02:00" testType="13cdc9d9-ddb5-4fa4-a97d-d965ccfc6d4b" outcome="Passed" testListId="8c84fa94-04c1-424b-9868-57a2d4851a1d" relativeResultsDirectory="73f3e6e8-6049-42b8-9346-c4fbb092dfae" />
    <UnitTestResult executionId="afb308fb-a353-45a0-9a7b-92ec4ed25257" testId="58e741bd-777c-df5d-d9c1-457b2c873d32" testName="xUnitTestProject.CurrencyHelperTests.FormatToStringTest1000(price: 20978.860218282258, expected: &quot;20978.86 zł&quot;)" computerName="DESKTOP-5URQ9PB" duration="00:00:00.0000041" startTime="2022-06-13T21:15:24.6424712+02:00" endTime="2022-06-13T21:15:24.6424714+02:00" testType="13cdc9d9-ddb5-4fa4-a97d-d965ccfc6d4b" outcome="Passed" testListId="8c84fa94-04c1-424b-9868-57a2d4851a1d" relativeResultsDirectory="afb308fb-a353-45a0-9a7b-92ec4ed25257" />
    <UnitTestResult executionId="3a8db78f-0e22-4fde-9b59-dab91b4c19c4" testId="0ced2539-ec58-b3a8-188d-e014bf456555" testName="xUnitTestProject.CurrencyHelperTests.FormatToStringTest1000(price: 66284.43763489948, expected: &quot;66284.44 zł&quot;)" computerName="DESKTOP-5URQ9PB" duration="00:00:00.0000043" startTime="2022-06-13T21:15:24.6817962+02:00" endTime="2022-06-13T21:15:24.6817963+02:00" testType="13cdc9d9-ddb5-4fa4-a97d-d965ccfc6d4b" outcome="Passed" testListId="8c84fa94-04c1-424b-9868-57a2d4851a1d" relativeResultsDirectory="3a8db78f-0e22-4fde-9b59-dab91b4c19c4" />
    <UnitTestResult executionId="494b61b3-be9c-40e4-99dc-436c767d8e2f" testId="b873b04a-7c62-5dd2-8547-3f31b075c272" testName="xUnitTestProject.CurrencyHelperTests.FormatToStringTest1000(price: 15396.537902579894, expected: &quot;15396.54 zł&quot;)" computerName="DESKTOP-5URQ9PB" duration="00:00:00.0000049" startTime="2022-06-13T21:15:24.6563842+02:00" endTime="2022-06-13T21:15:24.6563843+02:00" testType="13cdc9d9-ddb5-4fa4-a97d-d965ccfc6d4b" outcome="Passed" testListId="8c84fa94-04c1-424b-9868-57a2d4851a1d" relativeResultsDirectory="494b61b3-be9c-40e4-99dc-436c767d8e2f" />
    <UnitTestResult executionId="213827cf-a604-4342-9baf-e5a0d89af010" testId="12ac148d-b770-8a76-3e48-40788f60fbd2" testName="xUnitTestProject.CurrencyHelperTests.FormatToStringTest1000(price: 16673.5121774904, expected: &quot;16673.51 zł&quot;)" computerName="DESKTOP-5URQ9PB" duration="00:00:00.0000041" startTime="2022-06-13T21:15:24.6827196+02:00" endTime="2022-06-13T21:15:24.6827197+02:00" testType="13cdc9d9-ddb5-4fa4-a97d-d965ccfc6d4b" outcome="Passed" testListId="8c84fa94-04c1-424b-9868-57a2d4851a1d" relativeResultsDirectory="213827cf-a604-4342-9baf-e5a0d89af010" />
    <UnitTestResult executionId="28b7d9a2-74b6-4c14-a90a-654e3a43708f" testId="9100d9e1-967e-296d-c07b-a43969fad121" testName="xUnitTestProject.CurrencyHelperTests.FormatToStringTest1000(price: 16901.497392274203, expected: &quot;16901.50 zł&quot;)" computerName="DESKTOP-5URQ9PB" duration="00:00:00.0000041" startTime="2022-06-13T21:15:24.6193329+02:00" endTime="2022-06-13T21:15:24.6193331+02:00" testType="13cdc9d9-ddb5-4fa4-a97d-d965ccfc6d4b" outcome="Passed" testListId="8c84fa94-04c1-424b-9868-57a2d4851a1d" relativeResultsDirectory="28b7d9a2-74b6-4c14-a90a-654e3a43708f" />
    <UnitTestResult executionId="a7c9035d-922d-48e1-9040-bc5112cdafc6" testId="6cb3c27b-61db-68ea-03a1-16fad20636e6" testName="xUnitTestProject.CurrencyHelperTests.FormatToStringTest1000(price: 12759.925747307914, expected: &quot;12759.93 zł&quot;)" computerName="DESKTOP-5URQ9PB" duration="00:00:00.0000040" startTime="2022-06-13T21:15:24.7078571+02:00" endTime="2022-06-13T21:15:24.7078573+02:00" testType="13cdc9d9-ddb5-4fa4-a97d-d965ccfc6d4b" outcome="Passed" testListId="8c84fa94-04c1-424b-9868-57a2d4851a1d" relativeResultsDirectory="a7c9035d-922d-48e1-9040-bc5112cdafc6" />
    <UnitTestResult executionId="c2506c3d-bd82-4ace-8362-a2061fb3cced" testId="f1ddd1cb-937b-c6a5-5626-287e7f18daa2" testName="xUnitTestProject.CurrencyHelperTests.FormatToStringTest1000(price: 1751.1734380625066, expected: &quot;1751.17 zł&quot;)" computerName="DESKTOP-5URQ9PB" duration="00:00:00.0000073" startTime="2022-06-13T21:15:24.6042484+02:00" endTime="2022-06-13T21:15:24.6042487+02:00" testType="13cdc9d9-ddb5-4fa4-a97d-d965ccfc6d4b" outcome="Passed" testListId="8c84fa94-04c1-424b-9868-57a2d4851a1d" relativeResultsDirectory="c2506c3d-bd82-4ace-8362-a2061fb3cced" />
    <UnitTestResult executionId="e9fbf3da-6dd6-425d-b351-6fae4d4407b9" testId="178d037f-daf8-5717-a393-b090c90da1cf" testName="xUnitTestProject.CurrencyHelperTests.FormatToStringTest1000(price: 48654.65723134794, expected: &quot;48654.66 zł&quot;)" computerName="DESKTOP-5URQ9PB" duration="00:00:00.0000043" startTime="2022-06-13T21:15:24.6916867+02:00" endTime="2022-06-13T21:15:24.6916869+02:00" testType="13cdc9d9-ddb5-4fa4-a97d-d965ccfc6d4b" outcome="Passed" testListId="8c84fa94-04c1-424b-9868-57a2d4851a1d" relativeResultsDirectory="e9fbf3da-6dd6-425d-b351-6fae4d4407b9" />
    <UnitTestResult executionId="8496b212-f02f-4809-80f3-3540a1dbac63" testId="0fe69b56-67e1-3f07-b6ce-8076afaa9bd7" testName="xUnitTestProject.CurrencyHelperTests.FormatToStringTest1000(price: 11958.422287871792, expected: &quot;11958.42 zł&quot;)" computerName="DESKTOP-5URQ9PB" duration="00:00:00.0000041" startTime="2022-06-13T21:15:24.6847664+02:00" endTime="2022-06-13T21:15:24.6847666+02:00" testType="13cdc9d9-ddb5-4fa4-a97d-d965ccfc6d4b" outcome="Passed" testListId="8c84fa94-04c1-424b-9868-57a2d4851a1d" relativeResultsDirectory="8496b212-f02f-4809-80f3-3540a1dbac63" />
    <UnitTestResult executionId="19b79b10-d2d0-4eb2-b8e3-146fd22dedca" testId="6b6f1069-86c1-e08a-6926-d89a012b7b47" testName="xUnitTestProject.CurrencyHelperTests.FormatToStringTest1000(price: 17315.72309779363, expected: &quot;17315.72 zł&quot;)" computerName="DESKTOP-5URQ9PB" duration="00:00:00.0000039" startTime="2022-06-13T21:15:24.6736170+02:00" endTime="2022-06-13T21:15:24.6736172+02:00" testType="13cdc9d9-ddb5-4fa4-a97d-d965ccfc6d4b" outcome="Passed" testListId="8c84fa94-04c1-424b-9868-57a2d4851a1d" relativeResultsDirectory="19b79b10-d2d0-4eb2-b8e3-146fd22dedca" />
    <UnitTestResult executionId="7bd270dd-acf5-464a-8d5f-061b3b0f8ec6" testId="9764b852-f92a-9e33-a48d-5ba73babe5d1" testName="xUnitTestProject.CurrencyHelperTests.FormatToStringTest1000(price: 24024.14691439557, expected: &quot;24024.15 zł&quot;)" computerName="DESKTOP-5URQ9PB" duration="00:00:00.0000039" startTime="2022-06-13T21:15:24.6332412+02:00" endTime="2022-06-13T21:15:24.6332413+02:00" testType="13cdc9d9-ddb5-4fa4-a97d-d965ccfc6d4b" outcome="Passed" testListId="8c84fa94-04c1-424b-9868-57a2d4851a1d" relativeResultsDirectory="7bd270dd-acf5-464a-8d5f-061b3b0f8ec6" />
    <UnitTestResult executionId="3d38bf75-a263-4747-8f2a-6b1deadf8fd8" testId="8ff84779-95f5-a8f9-809e-e568d86ada77" testName="xUnitTestProject.CurrencyHelperTests.FormatToStringTest1000(price: 26686.08488193065, expected: &quot;26686.08 zł&quot;)" computerName="DESKTOP-5URQ9PB" duration="00:00:00.0000049" startTime="2022-06-13T21:15:24.7000245+02:00" endTime="2022-06-13T21:15:24.7000247+02:00" testType="13cdc9d9-ddb5-4fa4-a97d-d965ccfc6d4b" outcome="Passed" testListId="8c84fa94-04c1-424b-9868-57a2d4851a1d" relativeResultsDirectory="3d38bf75-a263-4747-8f2a-6b1deadf8fd8" />
    <UnitTestResult executionId="526d0814-13df-48a4-bcf6-8fa5b49e5feb" testId="b260e8fd-b664-9d96-9944-4c7dd9ae1851" testName="xUnitTestProject.CurrencyHelperTests.FormatToStringTest1000(price: 47630.39193684067, expected: &quot;47630.39 zł&quot;)" computerName="DESKTOP-5URQ9PB" duration="00:00:00.0000039" startTime="2022-06-13T21:15:24.6602802+02:00" endTime="2022-06-13T21:15:24.6602804+02:00" testType="13cdc9d9-ddb5-4fa4-a97d-d965ccfc6d4b" outcome="Passed" testListId="8c84fa94-04c1-424b-9868-57a2d4851a1d" relativeResultsDirectory="526d0814-13df-48a4-bcf6-8fa5b49e5feb" />
    <UnitTestResult executionId="2ea75dc1-7555-49ee-bf9f-5f767932da07" testId="94f0cede-3e3b-c04d-89cc-8dfe2520972c" testName="xUnitTestProject.CurrencyHelperTests.FormatToStringTest1000(price: 11100.829211263372, expected: &quot;11100.83 zł&quot;)" computerName="DESKTOP-5URQ9PB" duration="00:00:00.0000041" startTime="2022-06-13T21:15:24.7058241+02:00" endTime="2022-06-13T21:15:24.7058242+02:00" testType="13cdc9d9-ddb5-4fa4-a97d-d965ccfc6d4b" outcome="Passed" testListId="8c84fa94-04c1-424b-9868-57a2d4851a1d" relativeResultsDirectory="2ea75dc1-7555-49ee-bf9f-5f767932da07" />
    <UnitTestResult executionId="38893e3d-8849-4832-b24d-1311ca556934" testId="7e545621-7d10-75d6-0eb9-82dda8912c2c" testName="xUnitTestProject.CurrencyHelperTests.FormatToStringTest1000(price: 34060.48467268724, expected: &quot;34060.48 zł&quot;)" computerName="DESKTOP-5URQ9PB" duration="00:00:00.0000040" startTime="2022-06-13T21:15:24.6735813+02:00" endTime="2022-06-13T21:15:24.6735817+02:00" testType="13cdc9d9-ddb5-4fa4-a97d-d965ccfc6d4b" outcome="Passed" testListId="8c84fa94-04c1-424b-9868-57a2d4851a1d" relativeResultsDirectory="38893e3d-8849-4832-b24d-1311ca556934" />
    <UnitTestResult executionId="92b48db0-4ecf-43c3-8fd6-b1a1510a5557" testId="dd2dd033-1470-57eb-5d97-02eb255fcb1f" testName="xUnitTestProject.CurrencyHelperTests.FormatToStringTest1000(price: 3274.481392617096, expected: &quot;3274.48 zł&quot;)" computerName="DESKTOP-5URQ9PB" duration="00:00:00.0000040" startTime="2022-06-13T21:15:24.6573646+02:00" endTime="2022-06-13T21:15:24.6573648+02:00" testType="13cdc9d9-ddb5-4fa4-a97d-d965ccfc6d4b" outcome="Passed" testListId="8c84fa94-04c1-424b-9868-57a2d4851a1d" relativeResultsDirectory="92b48db0-4ecf-43c3-8fd6-b1a1510a5557" />
    <UnitTestResult executionId="4fb79616-a3d2-41ba-b174-5e2ca3a7adf6" testId="2ed2cd1c-632f-e0d9-b2af-c3d4c17fd7b1" testName="xUnitTestProject.CurrencyHelperTests.FormatToStringTest1000(price: 41008.28505327194, expected: &quot;41008.29 zł&quot;)" computerName="DESKTOP-5URQ9PB" duration="00:00:00.0000041" startTime="2022-06-13T21:15:24.6330122+02:00" endTime="2022-06-13T21:15:24.6330126+02:00" testType="13cdc9d9-ddb5-4fa4-a97d-d965ccfc6d4b" outcome="Passed" testListId="8c84fa94-04c1-424b-9868-57a2d4851a1d" relativeResultsDirectory="4fb79616-a3d2-41ba-b174-5e2ca3a7adf6" />
    <UnitTestResult executionId="891f8bf0-7ce0-4a15-8ceb-b04f4a8c7848" testId="4df9b13a-de84-7056-3c88-543d3fa32c62" testName="xUnitTestProject.CurrencyHelperTests.FormatToStringTest1000(price: 2121.0917325211185, expected: &quot;2121.09 zł&quot;)" computerName="DESKTOP-5URQ9PB" duration="00:00:00.0000039" startTime="2022-06-13T21:15:24.7108475+02:00" endTime="2022-06-13T21:15:24.7108477+02:00" testType="13cdc9d9-ddb5-4fa4-a97d-d965ccfc6d4b" outcome="Passed" testListId="8c84fa94-04c1-424b-9868-57a2d4851a1d" relativeResultsDirectory="891f8bf0-7ce0-4a15-8ceb-b04f4a8c7848" />
    <UnitTestResult executionId="2e608822-c656-4765-9237-aedab7a519d0" testId="ead5e525-476c-e9b0-a913-d40736b344c3" testName="xUnitTestProject.CurrencyHelperTests.FormatToStringTest1000(price: 33245.44763357819, expected: &quot;33245.45 zł&quot;)" computerName="DESKTOP-5URQ9PB" duration="00:00:00.0000041" startTime="2022-06-13T21:15:24.7097656+02:00" endTime="2022-06-13T21:15:24.7097657+02:00" testType="13cdc9d9-ddb5-4fa4-a97d-d965ccfc6d4b" outcome="Passed" testListId="8c84fa94-04c1-424b-9868-57a2d4851a1d" relativeResultsDirectory="2e608822-c656-4765-9237-aedab7a519d0" />
    <UnitTestResult executionId="41b969ba-cb2d-4998-9940-5744c889d7cc" testId="3172308c-0e5e-05a2-a398-90977e0ab705" testName="xUnitTestProject.CurrencyHelperTests.FormatToStringTest1000(price: 3700.029953029021, expected: &quot;3700.03 zł&quot;)" computerName="DESKTOP-5URQ9PB" duration="00:00:00.0000041" startTime="2022-06-13T21:15:24.6280136+02:00" endTime="2022-06-13T21:15:24.6280137+02:00" testType="13cdc9d9-ddb5-4fa4-a97d-d965ccfc6d4b" outcome="Passed" testListId="8c84fa94-04c1-424b-9868-57a2d4851a1d" relativeResultsDirectory="41b969ba-cb2d-4998-9940-5744c889d7cc" />
    <UnitTestResult executionId="0c0a61a2-fd71-43eb-beb4-3dabf1d00da5" testId="ab648c32-5363-622c-e305-880f5c60d7ae" testName="xUnitTestProject.CurrencyHelperTests.FormatToStringTest1000(price: 78519.41691976106, expected: &quot;78519.42 zł&quot;)" computerName="DESKTOP-5URQ9PB" duration="00:00:00.0042327" startTime="2022-06-13T21:15:24.5964855+02:00" endTime="2022-06-13T21:15:24.5965588+02:00" testType="13cdc9d9-ddb5-4fa4-a97d-d965ccfc6d4b" outcome="Passed" testListId="8c84fa94-04c1-424b-9868-57a2d4851a1d" relativeResultsDirectory="0c0a61a2-fd71-43eb-beb4-3dabf1d00da5" />
    <UnitTestResult executionId="72122609-f3fa-45c1-a397-c0bbfcf33f76" testId="0a7a5bc8-9d15-4c47-d83e-93a1a167a703" testName="xUnitTestProject.CurrencyHelperTests.FormatToStringTest1000(price: 10775.728533390784, expected: &quot;10775.73 zł&quot;)" computerName="DESKTOP-5URQ9PB" duration="00:00:00.0000041" startTime="2022-06-13T21:15:24.7296730+02:00" endTime="2022-06-13T21:15:24.7296731+02:00" testType="13cdc9d9-ddb5-4fa4-a97d-d965ccfc6d4b" outcome="Passed" testListId="8c84fa94-04c1-424b-9868-57a2d4851a1d" relativeResultsDirectory="72122609-f3fa-45c1-a397-c0bbfcf33f76" />
    <UnitTestResult executionId="4362d676-4d09-4efc-a52e-4223a52d0f42" testId="9ee4d82e-bba5-9c6c-1803-31366568eb6e" testName="xUnitTestProject.CurrencyHelperTests.FormatToStringTest1000(price: 68698.01923441609, expected: &quot;68698.02 zł&quot;)" computerName="DESKTOP-5URQ9PB" duration="00:00:00.0000041" startTime="2022-06-13T21:15:24.6935707+02:00" endTime="2022-06-13T21:15:24.6935709+02:00" testType="13cdc9d9-ddb5-4fa4-a97d-d965ccfc6d4b" outcome="Passed" testListId="8c84fa94-04c1-424b-9868-57a2d4851a1d" relativeResultsDirectory="4362d676-4d09-4efc-a52e-4223a52d0f42" />
    <UnitTestResult executionId="4ed9e2b8-1a27-42b4-8ea6-7d46d0612776" testId="99f07415-68e4-3476-dd07-6ad55eba383b" testName="xUnitTestProject.CurrencyHelperTests.FormatToStringTest1000(price: 35784.54232617307, expected: &quot;35784.54 zł&quot;)" computerName="DESKTOP-5URQ9PB" duration="00:00:00.0000040" startTime="2022-06-13T21:15:24.7137629+02:00" endTime="2022-06-13T21:15:24.7137631+02:00" testType="13cdc9d9-ddb5-4fa4-a97d-d965ccfc6d4b" outcome="Passed" testListId="8c84fa94-04c1-424b-9868-57a2d4851a1d" relativeResultsDirectory="4ed9e2b8-1a27-42b4-8ea6-7d46d0612776" />
    <UnitTestResult executionId="a932ab0d-7c9e-4706-bdf6-50b4bfa3c2d7" testId="af73f199-441a-68ae-4898-efc1663c19b9" testName="xUnitTestProject.CurrencyHelperTests.FormatToStringTest1000(price: 4636.500544966897, expected: &quot;4636.50 zł&quot;)" computerName="DESKTOP-5URQ9PB" duration="00:00:00.0000050" startTime="2022-06-13T21:15:24.7117647+02:00" endTime="2022-06-13T21:15:24.7117649+02:00" testType="13cdc9d9-ddb5-4fa4-a97d-d965ccfc6d4b" outcome="Passed" testListId="8c84fa94-04c1-424b-9868-57a2d4851a1d" relativeResultsDirectory="a932ab0d-7c9e-4706-bdf6-50b4bfa3c2d7" />
    <UnitTestResult executionId="e800776f-64ad-433d-a207-dd8364516f00" testId="dcb09ac3-545f-7b73-7b06-f7917ef6e79e" testName="xUnitTestProject.CurrencyHelperTests.FormatToStringTest1000(price: 25039.088753207627, expected: &quot;25039.09 zł&quot;)" computerName="DESKTOP-5URQ9PB" duration="00:00:00.0000040" startTime="2022-06-13T21:15:24.6672381+02:00" endTime="2022-06-13T21:15:24.6672383+02:00" testType="13cdc9d9-ddb5-4fa4-a97d-d965ccfc6d4b" outcome="Passed" testListId="8c84fa94-04c1-424b-9868-57a2d4851a1d" relativeResultsDirectory="e800776f-64ad-433d-a207-dd8364516f00" />
    <UnitTestResult executionId="f64eebc8-6ae6-462f-b248-3de67db827f9" testId="1986b1a1-c98c-3d3a-7942-85a1e1c43315" testName="xUnitTestProject.CurrencyHelperTests.FormatToStringTest1000(price: 22678.795878462864, expected: &quot;22678.80 zł&quot;)" computerName="DESKTOP-5URQ9PB" duration="00:00:00.0000043" startTime="2022-06-13T21:15:24.6868580+02:00" endTime="2022-06-13T21:15:24.6868582+02:00" testType="13cdc9d9-ddb5-4fa4-a97d-d965ccfc6d4b" outcome="Passed" testListId="8c84fa94-04c1-424b-9868-57a2d4851a1d" relativeResultsDirectory="f64eebc8-6ae6-462f-b248-3de67db827f9" />
    <UnitTestResult executionId="f8cbd8a9-3e21-4ee1-9c35-07982ca91a69" testId="3b31ccce-844d-e8f4-84db-04ab2e64b9a7" testName="xUnitTestProject.CurrencyHelperTests.FormatToStringTest1000(price: 3477.860963622509, expected: &quot;3477.86 zł&quot;)" computerName="DESKTOP-5URQ9PB" duration="00:00:00.0000040" startTime="2022-06-13T21:15:24.7276042+02:00" endTime="2022-06-13T21:15:24.7276043+02:00" testType="13cdc9d9-ddb5-4fa4-a97d-d965ccfc6d4b" outcome="Passed" testListId="8c84fa94-04c1-424b-9868-57a2d4851a1d" relativeResultsDirectory="f8cbd8a9-3e21-4ee1-9c35-07982ca91a69" />
    <UnitTestResult executionId="985664a0-53d6-49bf-9772-c5d890e35535" testId="954162af-ab17-e8a9-4ff5-8c9d29069f15" testName="xUnitTestProject.CurrencyHelperTests.FormatToStringTest1000(price: 16416.109736457518, expected: &quot;16416.11 zł&quot;)" computerName="DESKTOP-5URQ9PB" duration="00:00:00.0000040" startTime="2022-06-13T21:15:24.6970964+02:00" endTime="2022-06-13T21:15:24.6970966+02:00" testType="13cdc9d9-ddb5-4fa4-a97d-d965ccfc6d4b" outcome="Passed" testListId="8c84fa94-04c1-424b-9868-57a2d4851a1d" relativeResultsDirectory="985664a0-53d6-49bf-9772-c5d890e35535" />
    <UnitTestResult executionId="08d6a1fd-45a5-403b-99fb-e53d7b588e87" testId="2a1ae3da-2a49-9688-92eb-6a1bc6d0cf01" testName="xUnitTestProject.CurrencyHelperTests.FormatToStringTest1000(price: 4525.609305084501, expected: &quot;4525.61 zł&quot;)" computerName="DESKTOP-5URQ9PB" duration="00:00:00.0000040" startTime="2022-06-13T21:15:24.6565257+02:00" endTime="2022-06-13T21:15:24.6565259+02:00" testType="13cdc9d9-ddb5-4fa4-a97d-d965ccfc6d4b" outcome="Passed" testListId="8c84fa94-04c1-424b-9868-57a2d4851a1d" relativeResultsDirectory="08d6a1fd-45a5-403b-99fb-e53d7b588e87" />
    <UnitTestResult executionId="1aeb2878-9e57-4d90-8dea-1a306d9e82f2" testId="9c12637d-98e9-60e9-4c3e-198e27a61c0f" testName="xUnitTestProject.CurrencyHelperTests.FormatToStringTest1000(price: 22743.19734205827, expected: &quot;22743.20 zł&quot;)" computerName="DESKTOP-5URQ9PB" duration="00:00:00.0000040" startTime="2022-06-13T21:15:24.6784694+02:00" endTime="2022-06-13T21:15:24.6784698+02:00" testType="13cdc9d9-ddb5-4fa4-a97d-d965ccfc6d4b" outcome="Passed" testListId="8c84fa94-04c1-424b-9868-57a2d4851a1d" relativeResultsDirectory="1aeb2878-9e57-4d90-8dea-1a306d9e82f2" />
    <UnitTestResult executionId="41446a27-9569-48df-9c30-15cd28118fee" testId="5ba87170-b4be-88ce-9658-2993ce18ab0a" testName="xUnitTestProject.CurrencyHelperTests.FormatToStringTest1000(price: 47575.6421269959, expected: &quot;47575.64 zł&quot;)" computerName="DESKTOP-5URQ9PB" duration="00:00:00.0000040" startTime="2022-06-13T21:15:24.6216427+02:00" endTime="2022-06-13T21:15:24.6216429+02:00" testType="13cdc9d9-ddb5-4fa4-a97d-d965ccfc6d4b" outcome="Passed" testListId="8c84fa94-04c1-424b-9868-57a2d4851a1d" relativeResultsDirectory="41446a27-9569-48df-9c30-15cd28118fee" />
    <UnitTestResult executionId="6de05abf-891c-45d3-a7ea-9a186cf89e65" testId="9634b23e-736b-8d03-4e65-5819fb03baa5" testName="xUnitTestProject.CurrencyHelperTests.FormatToStringTest1000(price: 11118.620997698335, expected: &quot;11118.62 zł&quot;)" computerName="DESKTOP-5URQ9PB" duration="00:00:00.0000039" startTime="2022-06-13T21:15:24.6403559+02:00" endTime="2022-06-13T21:15:24.6403562+02:00" testType="13cdc9d9-ddb5-4fa4-a97d-d965ccfc6d4b" outcome="Passed" testListId="8c84fa94-04c1-424b-9868-57a2d4851a1d" relativeResultsDirectory="6de05abf-891c-45d3-a7ea-9a186cf89e65" />
    <UnitTestResult executionId="2d2c389c-6580-41c5-8b9d-ba8f19d9dc72" testId="875433a7-4993-f6c8-ae9e-010101b8ccc7" testName="xUnitTestProject.CurrencyHelperTests.FormatToStringTest1000(price: 31971.185406704986, expected: &quot;31971.19 zł&quot;)" computerName="DESKTOP-5URQ9PB" duration="00:00:00.0000041" startTime="2022-06-13T21:15:24.6375365+02:00" endTime="2022-06-13T21:15:24.6375367+02:00" testType="13cdc9d9-ddb5-4fa4-a97d-d965ccfc6d4b" outcome="Passed" testListId="8c84fa94-04c1-424b-9868-57a2d4851a1d" relativeResultsDirectory="2d2c389c-6580-41c5-8b9d-ba8f19d9dc72" />
    <UnitTestResult executionId="d0616656-313f-4702-bef0-39322f8df535" testId="6c2df068-e073-781f-ed58-d73445937e1f" testName="xUnitTestProject.CurrencyHelperTests.FormatToStringTest1000(price: 26843.15785584932, expected: &quot;26843.16 zł&quot;)" computerName="DESKTOP-5URQ9PB" duration="00:00:00.0000043" startTime="2022-06-13T21:15:24.6886568+02:00" endTime="2022-06-13T21:15:24.6886569+02:00" testType="13cdc9d9-ddb5-4fa4-a97d-d965ccfc6d4b" outcome="Passed" testListId="8c84fa94-04c1-424b-9868-57a2d4851a1d" relativeResultsDirectory="d0616656-313f-4702-bef0-39322f8df535" />
    <UnitTestResult executionId="f45334eb-74c8-4a99-bfd0-99b72e70ff0f" testId="fe096e9a-696b-0373-a92c-3a2e57b850e7" testName="xUnitTestProject.CurrencyHelperTests.FormatToStringTest1000(price: 27629.79121039193, expected: &quot;27629.79 zł&quot;)" computerName="DESKTOP-5URQ9PB" duration="00:00:00.0000039" startTime="2022-06-13T21:15:24.6472211+02:00" endTime="2022-06-13T21:15:24.6472215+02:00" testType="13cdc9d9-ddb5-4fa4-a97d-d965ccfc6d4b" outcome="Passed" testListId="8c84fa94-04c1-424b-9868-57a2d4851a1d" relativeResultsDirectory="f45334eb-74c8-4a99-bfd0-99b72e70ff0f" />
    <UnitTestResult executionId="080ff237-0222-4b73-a45f-79432ce77a42" testId="e9257337-b714-27d4-32a8-94e3008408f8" testName="xUnitTestProject.CurrencyHelperTests.FormatToStringTest1000(price: 41876.979471482795, expected: &quot;41876.98 zł&quot;)" computerName="DESKTOP-5URQ9PB" duration="00:00:00.0000041" startTime="2022-06-13T21:15:24.6332097+02:00" endTime="2022-06-13T21:15:24.6332098+02:00" testType="13cdc9d9-ddb5-4fa4-a97d-d965ccfc6d4b" outcome="Passed" testListId="8c84fa94-04c1-424b-9868-57a2d4851a1d" relativeResultsDirectory="080ff237-0222-4b73-a45f-79432ce77a42" />
    <UnitTestResult executionId="2f965677-ea0a-4962-a073-829e88226ff3" testId="3298d961-bdaa-633a-0d61-33079be298ce" testName="xUnitTestProject.CurrencyHelperTests.FormatToStringTest1000(price: 5247.779940802501, expected: &quot;5247.78 zł&quot;)" computerName="DESKTOP-5URQ9PB" duration="00:00:00.0000041" startTime="2022-06-13T21:15:24.6503645+02:00" endTime="2022-06-13T21:15:24.6503647+02:00" testType="13cdc9d9-ddb5-4fa4-a97d-d965ccfc6d4b" outcome="Passed" testListId="8c84fa94-04c1-424b-9868-57a2d4851a1d" relativeResultsDirectory="2f965677-ea0a-4962-a073-829e88226ff3" />
    <UnitTestResult executionId="3c8dc979-0802-4a93-b8aa-ebe178b16c5c" testId="185ede31-fab0-85ad-ad6a-a8eab36c8466" testName="xUnitTestProject.CurrencyHelperTests.FormatToStringTest1000(price: 13574.683315038068, expected: &quot;13574.68 zł&quot;)" computerName="DESKTOP-5URQ9PB" duration="00:00:00.0000041" startTime="2022-06-13T21:15:24.6895783+02:00" endTime="2022-06-13T21:15:24.6895784+02:00" testType="13cdc9d9-ddb5-4fa4-a97d-d965ccfc6d4b" outcome="Passed" testListId="8c84fa94-04c1-424b-9868-57a2d4851a1d" relativeResultsDirectory="3c8dc979-0802-4a93-b8aa-ebe178b16c5c" />
    <UnitTestResult executionId="d0cf2973-1c90-468c-86a4-00b0be44b4b5" testId="df3e2c77-7f8f-57bd-4668-f3110adbfbc8" testName="xUnitTestProject.CurrencyHelperTests.FormatToStringTest1000(price: 29975.4018974022, expected: &quot;29975.40 zł&quot;)" computerName="DESKTOP-5URQ9PB" duration="00:00:00.0000041" startTime="2022-06-13T21:15:24.6564486+02:00" endTime="2022-06-13T21:15:24.6564488+02:00" testType="13cdc9d9-ddb5-4fa4-a97d-d965ccfc6d4b" outcome="Passed" testListId="8c84fa94-04c1-424b-9868-57a2d4851a1d" relativeResultsDirectory="d0cf2973-1c90-468c-86a4-00b0be44b4b5" />
    <UnitTestResult executionId="d2fce7c3-f1f9-4fb9-b358-90d321d71832" testId="87ce6106-4ac0-9f5c-9d1b-30007974d2cb" testName="xUnitTestProject.CurrencyHelperTests.FormatToStringTest1000(price: 50413.517583300134, expected: &quot;50413.52 zł&quot;)" computerName="DESKTOP-5URQ9PB" duration="00:00:00.0000040" startTime="2022-06-13T21:15:24.7166740+02:00" endTime="2022-06-13T21:15:24.7166742+02:00" testType="13cdc9d9-ddb5-4fa4-a97d-d965ccfc6d4b" outcome="Passed" testListId="8c84fa94-04c1-424b-9868-57a2d4851a1d" relativeResultsDirectory="d2fce7c3-f1f9-4fb9-b358-90d321d71832" />
    <UnitTestResult executionId="23e133f1-6924-4efc-9e9a-39cb4425946e" testId="75f79a5e-625f-18cb-34f2-c39806bd0036" testName="xUnitTestProject.CurrencyHelperTests.FormatToStringTest1000(price: 24570.65594858893, expected: &quot;24570.66 zł&quot;)" computerName="DESKTOP-5URQ9PB" duration="00:00:00.0000039" startTime="2022-06-13T21:15:24.6414514+02:00" endTime="2022-06-13T21:15:24.6414516+02:00" testType="13cdc9d9-ddb5-4fa4-a97d-d965ccfc6d4b" outcome="Passed" testListId="8c84fa94-04c1-424b-9868-57a2d4851a1d" relativeResultsDirectory="23e133f1-6924-4efc-9e9a-39cb4425946e" />
    <UnitTestResult executionId="4fde88a5-1bee-4100-b05a-60f15da4e946" testId="a1a708d6-4e5d-1cbd-caa6-7047836e6788" testName="xUnitTestProject.CurrencyHelperTests.FormatToStringTest1000(price: 19840.47672110632, expected: &quot;19840.48 zł&quot;)" computerName="DESKTOP-5URQ9PB" duration="00:00:00.0000040" startTime="2022-06-13T21:15:24.7009692+02:00" endTime="2022-06-13T21:15:24.7009693+02:00" testType="13cdc9d9-ddb5-4fa4-a97d-d965ccfc6d4b" outcome="Passed" testListId="8c84fa94-04c1-424b-9868-57a2d4851a1d" relativeResultsDirectory="4fde88a5-1bee-4100-b05a-60f15da4e946" />
    <UnitTestResult executionId="bdb9403c-ad0e-4f6a-bcf5-81e828484d7f" testId="c85737d8-c8f4-a23c-9c62-4ed60400843c" testName="xUnitTestProject.CurrencyHelperTests.FormatToStringTest1000(price: 28192.949128067565, expected: &quot;28192.95 zł&quot;)" computerName="DESKTOP-5URQ9PB" duration="00:00:00.0000041" startTime="2022-06-13T21:15:24.6434132+02:00" endTime="2022-06-13T21:15:24.6434134+02:00" testType="13cdc9d9-ddb5-4fa4-a97d-d965ccfc6d4b" outcome="Passed" testListId="8c84fa94-04c1-424b-9868-57a2d4851a1d" relativeResultsDirectory="bdb9403c-ad0e-4f6a-bcf5-81e828484d7f" />
    <UnitTestResult executionId="58c0d3fd-546f-4a91-b96b-ef64fde68c30" testId="c9010c04-7ef0-ce4b-7d42-778e915f5883" testName="xUnitTestProject.CurrencyHelperTests.FormatToStringTest1000(price: 31300.40752580967, expected: &quot;31300.41 zł&quot;)" computerName="DESKTOP-5URQ9PB" duration="00:00:00.0000053" startTime="2022-06-13T21:15:24.6695651+02:00" endTime="2022-06-13T21:15:24.6695652+02:00" testType="13cdc9d9-ddb5-4fa4-a97d-d965ccfc6d4b" outcome="Passed" testListId="8c84fa94-04c1-424b-9868-57a2d4851a1d" relativeResultsDirectory="58c0d3fd-546f-4a91-b96b-ef64fde68c30" />
    <UnitTestResult executionId="7e2c617d-50e4-4123-94bf-ef1f367b3b09" testId="b805cea1-9061-e180-4bd1-a6b18b6307ab" testName="xUnitTestProject.CurrencyHelperTests.FormatToStringTest1000(price: 7348.947429818543, expected: &quot;7348.95 zł&quot;)" computerName="DESKTOP-5URQ9PB" duration="00:00:00.0000044" startTime="2022-06-13T21:15:24.6128310+02:00" endTime="2022-06-13T21:15:24.6128317+02:00" testType="13cdc9d9-ddb5-4fa4-a97d-d965ccfc6d4b" outcome="Passed" testListId="8c84fa94-04c1-424b-9868-57a2d4851a1d" relativeResultsDirectory="7e2c617d-50e4-4123-94bf-ef1f367b3b09" />
    <UnitTestResult executionId="95c6260e-c156-4e44-ad09-3f47d86891ca" testId="cc7d6c48-2140-f681-276a-ee6d54b1f129" testName="xUnitTestProject.CurrencyHelperTests.FormatToStringTest1000(price: 7076.829971250534, expected: &quot;7076.83 zł&quot;)" computerName="DESKTOP-5URQ9PB" duration="00:00:00.0000041" startTime="2022-06-13T21:15:24.6906775+02:00" endTime="2022-06-13T21:15:24.6906776+02:00" testType="13cdc9d9-ddb5-4fa4-a97d-d965ccfc6d4b" outcome="Passed" testListId="8c84fa94-04c1-424b-9868-57a2d4851a1d" relativeResultsDirectory="95c6260e-c156-4e44-ad09-3f47d86891ca" />
    <UnitTestResult executionId="ddee2675-d6ed-4529-9060-6a84ab958997" testId="9c7fd1db-1277-0ff0-b26a-428fd3366acd" testName="xUnitTestProject.CurrencyHelperTests.FormatToStringTest1000(price: 59768.02667973611, expected: &quot;59768.03 zł&quot;)" computerName="DESKTOP-5URQ9PB" duration="00:00:00.0000040" startTime="2022-06-13T21:15:24.6696279+02:00" endTime="2022-06-13T21:15:24.6696281+02:00" testType="13cdc9d9-ddb5-4fa4-a97d-d965ccfc6d4b" outcome="Passed" testListId="8c84fa94-04c1-424b-9868-57a2d4851a1d" relativeResultsDirectory="ddee2675-d6ed-4529-9060-6a84ab958997" />
    <UnitTestResult executionId="72af5b94-8175-461d-b7eb-ce1f95e902f1" testId="b38d539d-6069-d89f-5c5e-102a8255e594" testName="xUnitTestProject.CurrencyHelperTests.FormatToStringTest1000(price: 2901.9683054191846, expected: &quot;2901.97 zł&quot;)" computerName="DESKTOP-5URQ9PB" duration="00:00:00.0000041" startTime="2022-06-13T21:15:24.7128096+02:00" endTime="2022-06-13T21:15:24.7128098+02:00" testType="13cdc9d9-ddb5-4fa4-a97d-d965ccfc6d4b" outcome="Passed" testListId="8c84fa94-04c1-424b-9868-57a2d4851a1d" relativeResultsDirectory="72af5b94-8175-461d-b7eb-ce1f95e902f1" />
    <UnitTestResult executionId="4ba24337-df01-46d8-8416-6570a07373ed" testId="a1a0e8aa-488b-d813-0baf-a61aa194c928" testName="xUnitTestProject.CurrencyHelperTests.FormatToStringTest1000(price: 32359.431438434138, expected: &quot;32359.43 zł&quot;)" computerName="DESKTOP-5URQ9PB" duration="00:00:00.0000041" startTime="2022-06-13T21:15:24.6151019+02:00" endTime="2022-06-13T21:15:24.6151029+02:00" testType="13cdc9d9-ddb5-4fa4-a97d-d965ccfc6d4b" outcome="Passed" testListId="8c84fa94-04c1-424b-9868-57a2d4851a1d" relativeResultsDirectory="4ba24337-df01-46d8-8416-6570a07373ed" />
    <UnitTestResult executionId="bbd65a1d-e308-4c87-9c43-1c1129a60ef9" testId="d1db99c9-780d-a1a8-cf4e-cc5ed7bbc5dc" testName="xUnitTestProject.CurrencyHelperTests.FormatToStringTest1000(price: 66764.31690498316, expected: &quot;66764.32 zł&quot;)" computerName="DESKTOP-5URQ9PB" duration="00:00:00.0000041" startTime="2022-06-13T21:15:24.6828145+02:00" endTime="2022-06-13T21:15:24.6828146+02:00" testType="13cdc9d9-ddb5-4fa4-a97d-d965ccfc6d4b" outcome="Passed" testListId="8c84fa94-04c1-424b-9868-57a2d4851a1d" relativeResultsDirectory="bbd65a1d-e308-4c87-9c43-1c1129a60ef9" />
    <UnitTestResult executionId="df34f72b-9cba-4785-82ea-e9bc0c51f946" testId="248dc14a-7b24-2159-ea3a-30144e961aa7" testName="xUnitTestProject.CurrencyHelperTests.FormatToStringTest1000(price: 48544.390887578666, expected: &quot;48544.39 zł&quot;)" computerName="DESKTOP-5URQ9PB" duration="00:00:00.0000041" startTime="2022-06-13T21:15:24.7314347+02:00" endTime="2022-06-13T21:15:24.7314352+02:00" testType="13cdc9d9-ddb5-4fa4-a97d-d965ccfc6d4b" outcome="Passed" testListId="8c84fa94-04c1-424b-9868-57a2d4851a1d" relativeResultsDirectory="df34f72b-9cba-4785-82ea-e9bc0c51f946" />
    <UnitTestResult executionId="682039bc-a5d6-4f06-8c12-c686349e689d" testId="79d9531c-e009-9169-2cbc-ceab51e47aa5" testName="xUnitTestProject.CurrencyHelperTests.FormatToStringTest1000(price: 31805.23430354532, expected: &quot;31805.23 zł&quot;)" computerName="DESKTOP-5URQ9PB" duration="00:00:00.0000040" startTime="2022-06-13T21:15:24.6553332+02:00" endTime="2022-06-13T21:15:24.6553334+02:00" testType="13cdc9d9-ddb5-4fa4-a97d-d965ccfc6d4b" outcome="Passed" testListId="8c84fa94-04c1-424b-9868-57a2d4851a1d" relativeResultsDirectory="682039bc-a5d6-4f06-8c12-c686349e689d" />
    <UnitTestResult executionId="97a250a8-44a6-4c13-9953-afe1b5ae1fcc" testId="e9fa372e-14d7-79bd-7239-c4f5919adecb" testName="xUnitTestProject.CurrencyHelperTests.FormatToStringTest1000(price: 16037.01783290087, expected: &quot;16037.02 zł&quot;)" computerName="DESKTOP-5URQ9PB" duration="00:00:00.0000043" startTime="2022-06-13T21:15:24.6817653+02:00" endTime="2022-06-13T21:15:24.6817655+02:00" testType="13cdc9d9-ddb5-4fa4-a97d-d965ccfc6d4b" outcome="Passed" testListId="8c84fa94-04c1-424b-9868-57a2d4851a1d" relativeResultsDirectory="97a250a8-44a6-4c13-9953-afe1b5ae1fcc" />
    <UnitTestResult executionId="b1c2df7a-838b-4470-97fe-5d41fed8d8f3" testId="30e1c064-5a9f-94cf-3bb0-81267bf9f82e" testName="xUnitTestProject.CurrencyHelperTests.FormatToStringTest1000(price: 11989.099505855282, expected: &quot;11989.10 zł&quot;)" computerName="DESKTOP-5URQ9PB" duration="00:00:00.0000041" startTime="2022-06-13T21:15:24.6897957+02:00" endTime="2022-06-13T21:15:24.6897958+02:00" testType="13cdc9d9-ddb5-4fa4-a97d-d965ccfc6d4b" outcome="Passed" testListId="8c84fa94-04c1-424b-9868-57a2d4851a1d" relativeResultsDirectory="b1c2df7a-838b-4470-97fe-5d41fed8d8f3" />
    <UnitTestResult executionId="653f9207-0e4e-4b04-818b-31ae217d490c" testId="37e53818-7fa5-17d7-012c-004f89325673" testName="xUnitTestProject.CurrencyHelperTests.FormatToStringTest1000(price: 6213.265206352466, expected: &quot;6213.27 zł&quot;)" computerName="DESKTOP-5URQ9PB" duration="00:00:00.0000041" startTime="2022-06-13T21:15:24.7010934+02:00" endTime="2022-06-13T21:15:24.7010935+02:00" testType="13cdc9d9-ddb5-4fa4-a97d-d965ccfc6d4b" outcome="Passed" testListId="8c84fa94-04c1-424b-9868-57a2d4851a1d" relativeResultsDirectory="653f9207-0e4e-4b04-818b-31ae217d490c" />
    <UnitTestResult executionId="437148be-975c-49f3-a97a-6bc5c4f0636e" testId="1dbf06ec-4cde-4ef3-de39-b5efb671422f" testName="xUnitTestProject.CurrencyHelperTests.FormatToStringTest1000(price: 22330.217605518745, expected: &quot;22330.22 zł&quot;)" computerName="DESKTOP-5URQ9PB" duration="00:00:00.0000043" startTime="2022-06-13T21:15:24.6246915+02:00" endTime="2022-06-13T21:15:24.6246917+02:00" testType="13cdc9d9-ddb5-4fa4-a97d-d965ccfc6d4b" outcome="Passed" testListId="8c84fa94-04c1-424b-9868-57a2d4851a1d" relativeResultsDirectory="437148be-975c-49f3-a97a-6bc5c4f0636e" />
    <UnitTestResult executionId="96315563-dc82-469a-964d-2fe6b2c53903" testId="61f864ac-97c4-6c85-0643-065c2cc97960" testName="xUnitTestProject.CurrencyHelperTests.FormatToStringTest1000(price: 11494.27761332238, expected: &quot;11494.28 zł&quot;)" computerName="DESKTOP-5URQ9PB" duration="00:00:00.0000040" startTime="2022-06-13T21:15:24.6225340+02:00" endTime="2022-06-13T21:15:24.6225344+02:00" testType="13cdc9d9-ddb5-4fa4-a97d-d965ccfc6d4b" outcome="Passed" testListId="8c84fa94-04c1-424b-9868-57a2d4851a1d" relativeResultsDirectory="96315563-dc82-469a-964d-2fe6b2c53903" />
    <UnitTestResult executionId="9898fbf7-009a-4484-a3f1-b6690319c6ef" testId="366e3c61-7635-9c9b-a996-33c58fa8fc62" testName="xUnitTestProject.CurrencyHelperTests.FormatToStringTest1000(price: 38904.87092920806, expected: &quot;38904.87 zł&quot;)" computerName="DESKTOP-5URQ9PB" duration="00:00:00.0000041" startTime="2022-06-13T21:15:24.6331788+02:00" endTime="2022-06-13T21:15:24.6331789+02:00" testType="13cdc9d9-ddb5-4fa4-a97d-d965ccfc6d4b" outcome="Passed" testListId="8c84fa94-04c1-424b-9868-57a2d4851a1d" relativeResultsDirectory="9898fbf7-009a-4484-a3f1-b6690319c6ef" />
    <UnitTestResult executionId="ec0667b9-b934-40d9-92b8-49733531fac2" testId="100cc4f6-ca16-2d93-296d-fb39d2a6b55f" testName="xUnitTestProject.CurrencyHelperTests.FormatToStringTest1000(price: 19397.344749736294, expected: &quot;19397.34 zł&quot;)" computerName="DESKTOP-5URQ9PB" duration="00:00:00.0000041" startTime="2022-06-13T21:15:24.7205041+02:00" endTime="2022-06-13T21:15:24.7205044+02:00" testType="13cdc9d9-ddb5-4fa4-a97d-d965ccfc6d4b" outcome="Passed" testListId="8c84fa94-04c1-424b-9868-57a2d4851a1d" relativeResultsDirectory="ec0667b9-b934-40d9-92b8-49733531fac2" />
    <UnitTestResult executionId="d7bb6207-ce0c-44d4-9afc-fc65246270d4" testId="183dfbce-4b57-7750-e87b-9eb6c830ba31" testName="xUnitTestProject.CurrencyHelperTests.FormatToStringTest1000(price: 31347.468987404587, expected: &quot;31347.47 zł&quot;)" computerName="DESKTOP-5URQ9PB" duration="00:00:00.0000040" startTime="2022-06-13T21:15:24.6826884+02:00" endTime="2022-06-13T21:15:24.6826885+02:00" testType="13cdc9d9-ddb5-4fa4-a97d-d965ccfc6d4b" outcome="Passed" testListId="8c84fa94-04c1-424b-9868-57a2d4851a1d" relativeResultsDirectory="d7bb6207-ce0c-44d4-9afc-fc65246270d4" />
    <UnitTestResult executionId="2d6878d9-1669-4989-a125-984f88353bc5" testId="3af61c48-eead-454e-59a5-a117f0360878" testName="xUnitTestProject.CurrencyHelperTests.FormatToStringTest1000(price: 3646.857719214101, expected: &quot;3646.86 zł&quot;)" computerName="DESKTOP-5URQ9PB" duration="00:00:00.0000048" startTime="2022-06-13T21:15:24.6181820+02:00" endTime="2022-06-13T21:15:24.6181822+02:00" testType="13cdc9d9-ddb5-4fa4-a97d-d965ccfc6d4b" outcome="Passed" testListId="8c84fa94-04c1-424b-9868-57a2d4851a1d" relativeResultsDirectory="2d6878d9-1669-4989-a125-984f88353bc5" />
    <UnitTestResult executionId="0b2d3c43-aeaa-41c1-adf3-1c203e391404" testId="81074b63-819a-5707-3f0a-c12b1496d111" testName="xUnitTestProject.CurrencyHelperTests.FormatToStringTest1000(price: 18786.954468002055, expected: &quot;18786.95 zł&quot;)" computerName="DESKTOP-5URQ9PB" duration="00:00:00.0000067" startTime="2022-06-13T21:15:24.6695334+02:00" endTime="2022-06-13T21:15:24.6695336+02:00" testType="13cdc9d9-ddb5-4fa4-a97d-d965ccfc6d4b" outcome="Passed" testListId="8c84fa94-04c1-424b-9868-57a2d4851a1d" relativeResultsDirectory="0b2d3c43-aeaa-41c1-adf3-1c203e391404" />
    <UnitTestResult executionId="1a70045f-a2cc-4134-acaf-a693916bbd32" testId="9c810ece-be18-f9ed-3cc8-f43cbbe8d789" testName="xUnitTestProject.CurrencyHelperTests.FormatToStringTest1000(price: 18627.604896394354, expected: &quot;18627.60 zł&quot;)" computerName="DESKTOP-5URQ9PB" duration="00:00:00.0000371" startTime="2022-06-13T21:15:24.6041259+02:00" endTime="2022-06-13T21:15:24.6041270+02:00" testType="13cdc9d9-ddb5-4fa4-a97d-d965ccfc6d4b" outcome="Passed" testListId="8c84fa94-04c1-424b-9868-57a2d4851a1d" relativeResultsDirectory="1a70045f-a2cc-4134-acaf-a693916bbd32" />
    <UnitTestResult executionId="bc5f4234-86a6-4a28-bac6-0be0afe18f94" testId="11ed9e7e-df07-2b0d-0eec-e5030427083f" testName="xUnitTestProject.CurrencyHelperTests.FormatToStringTest1000(price: 21996.80326662576, expected: &quot;21996.80 zł&quot;)" computerName="DESKTOP-5URQ9PB" duration="00:00:00.0000050" startTime="2022-06-13T21:15:24.6633891+02:00" endTime="2022-06-13T21:15:24.6633892+02:00" testType="13cdc9d9-ddb5-4fa4-a97d-d965ccfc6d4b" outcome="Passed" testListId="8c84fa94-04c1-424b-9868-57a2d4851a1d" relativeResultsDirectory="bc5f4234-86a6-4a28-bac6-0be0afe18f94" />
    <UnitTestResult executionId="2079e137-0c30-4a67-9691-cf55a491bdab" testId="ff088bf9-c4c9-daf8-12f7-40d9669dd362" testName="xUnitTestProject.CurrencyHelperTests.FormatToStringTest1000(price: 5628.028273674672, expected: &quot;5628.03 zł&quot;)" computerName="DESKTOP-5URQ9PB" duration="00:00:00.0000041" startTime="2022-06-13T21:15:24.6927020+02:00" endTime="2022-06-13T21:15:24.6927022+02:00" testType="13cdc9d9-ddb5-4fa4-a97d-d965ccfc6d4b" outcome="Passed" testListId="8c84fa94-04c1-424b-9868-57a2d4851a1d" relativeResultsDirectory="2079e137-0c30-4a67-9691-cf55a491bdab" />
    <UnitTestResult executionId="bc74de43-468a-493f-b154-38f87f04c1e7" testId="f0b310a7-9bf9-fe2b-4bd1-bf05e954c540" testName="xUnitTestProject.CurrencyHelperTests.FormatToStringTest1000(price: 61633.2671179945, expected: &quot;61633.27 zł&quot;)" computerName="DESKTOP-5URQ9PB" duration="00:00:00.0000055" startTime="2022-06-13T21:15:24.6999613+02:00" endTime="2022-06-13T21:15:24.6999614+02:00" testType="13cdc9d9-ddb5-4fa4-a97d-d965ccfc6d4b" outcome="Passed" testListId="8c84fa94-04c1-424b-9868-57a2d4851a1d" relativeResultsDirectory="bc74de43-468a-493f-b154-38f87f04c1e7" />
    <UnitTestResult executionId="a579253f-942b-42e9-a4fd-d21a0af62795" testId="0a0bc23b-0e81-f4f7-edb6-cfc0213b6904" testName="xUnitTestProject.CurrencyHelperTests.FormatToStringTest1000(price: 2039.440966411699, expected: &quot;2039.44 zł&quot;)" computerName="DESKTOP-5URQ9PB" duration="00:00:00.0000041" startTime="2022-06-13T21:15:24.6612021+02:00" endTime="2022-06-13T21:15:24.6612023+02:00" testType="13cdc9d9-ddb5-4fa4-a97d-d965ccfc6d4b" outcome="Passed" testListId="8c84fa94-04c1-424b-9868-57a2d4851a1d" relativeResultsDirectory="a579253f-942b-42e9-a4fd-d21a0af62795" />
    <UnitTestResult executionId="b67932c9-aa17-4ace-8eb4-84192b0b00c7" testId="82cc450a-0e9d-45d3-9478-f947af9d278f" testName="xUnitTestProject.CurrencyHelperTests.FormatToStringTest1000(price: 7715.904444139406, expected: &quot;7715.90 zł&quot;)" computerName="DESKTOP-5URQ9PB" duration="00:00:00.0000040" startTime="2022-06-13T21:15:24.6654139+02:00" endTime="2022-06-13T21:15:24.6654141+02:00" testType="13cdc9d9-ddb5-4fa4-a97d-d965ccfc6d4b" outcome="Passed" testListId="8c84fa94-04c1-424b-9868-57a2d4851a1d" relativeResultsDirectory="b67932c9-aa17-4ace-8eb4-84192b0b00c7" />
    <UnitTestResult executionId="a2bbc5a8-22a1-4ed4-8297-f9e21173846c" testId="ca7cf147-8883-8578-944a-0bb9c4bca4f5" testName="xUnitTestProject.CurrencyHelperTests.FormatToStringTest1000(price: 47393.54939526671, expected: &quot;47393.55 zł&quot;)" computerName="DESKTOP-5URQ9PB" duration="00:00:00.0000041" startTime="2022-06-13T21:15:24.6152680+02:00" endTime="2022-06-13T21:15:24.6152681+02:00" testType="13cdc9d9-ddb5-4fa4-a97d-d965ccfc6d4b" outcome="Passed" testListId="8c84fa94-04c1-424b-9868-57a2d4851a1d" relativeResultsDirectory="a2bbc5a8-22a1-4ed4-8297-f9e21173846c" />
    <UnitTestResult executionId="f8590163-ae85-44be-8051-36c802a387a6" testId="112056a7-90b6-3caa-8868-b79786565857" testName="xUnitTestProject.CurrencyHelperTests.FormatToStringTest1000(price: 20552.966022956633, expected: &quot;20552.97 zł&quot;)" computerName="DESKTOP-5URQ9PB" duration="00:00:00.0000040" startTime="2022-06-13T21:15:24.6300399+02:00" endTime="2022-06-13T21:15:24.6300401+02:00" testType="13cdc9d9-ddb5-4fa4-a97d-d965ccfc6d4b" outcome="Passed" testListId="8c84fa94-04c1-424b-9868-57a2d4851a1d" relativeResultsDirectory="f8590163-ae85-44be-8051-36c802a387a6" />
    <UnitTestResult executionId="a2405fe7-ce7e-4415-a180-12c1c08f9639" testId="c0741e8d-b0f9-ca5e-e02e-02960c9e164f" testName="xUnitTestProject.CurrencyHelperTests.FormatToStringTest1000(price: 4121.116360678857, expected: &quot;4121.12 zł&quot;)" computerName="DESKTOP-5URQ9PB" duration="00:00:00.0000043" startTime="2022-06-13T21:15:24.6248197+02:00" endTime="2022-06-13T21:15:24.6248199+02:00" testType="13cdc9d9-ddb5-4fa4-a97d-d965ccfc6d4b" outcome="Passed" testListId="8c84fa94-04c1-424b-9868-57a2d4851a1d" relativeResultsDirectory="a2405fe7-ce7e-4415-a180-12c1c08f9639" />
    <UnitTestResult executionId="4e6994c3-7edd-4f60-a2b3-3d44b0cbfd1e" testId="babff9b9-4ec4-5d0f-1835-e465e17600e6" testName="xUnitTestProject.CurrencyHelperTests.FormatToStringTest1000(price: 14100.01255469211, expected: &quot;14100.01 zł&quot;)" computerName="DESKTOP-5URQ9PB" duration="00:00:00.0000041" startTime="2022-06-13T21:15:24.6593309+02:00" endTime="2022-06-13T21:15:24.6593311+02:00" testType="13cdc9d9-ddb5-4fa4-a97d-d965ccfc6d4b" outcome="Passed" testListId="8c84fa94-04c1-424b-9868-57a2d4851a1d" relativeResultsDirectory="4e6994c3-7edd-4f60-a2b3-3d44b0cbfd1e" />
    <UnitTestResult executionId="5d1e4554-ddd2-4f2d-b132-575ff8cb6642" testId="eaa6b024-a03d-d1dd-abf3-1b023d2d51e1" testName="xUnitTestProject.CurrencyHelperTests.FormatToStringTest1000(price: 7594.279030504766, expected: &quot;7594.28 zł&quot;)" computerName="DESKTOP-5URQ9PB" duration="00:00:00.0000041" startTime="2022-06-13T21:15:24.6818271+02:00" endTime="2022-06-13T21:15:24.6818272+02:00" testType="13cdc9d9-ddb5-4fa4-a97d-d965ccfc6d4b" outcome="Passed" testListId="8c84fa94-04c1-424b-9868-57a2d4851a1d" relativeResultsDirectory="5d1e4554-ddd2-4f2d-b132-575ff8cb6642" />
    <UnitTestResult executionId="e682a37f-4f79-4a35-a76c-5ca27cfa7935" testId="235eb381-d2e3-8caa-5888-040fb729169a" testName="xUnitTestProject.CurrencyHelperTests.FormatToStringTest1000(price: 6145.531235831571, expected: &quot;6145.53 zł&quot;)" computerName="DESKTOP-5URQ9PB" duration="00:00:00.0000040" startTime="2022-06-13T21:15:24.6343248+02:00" endTime="2022-06-13T21:15:24.6343250+02:00" testType="13cdc9d9-ddb5-4fa4-a97d-d965ccfc6d4b" outcome="Passed" testListId="8c84fa94-04c1-424b-9868-57a2d4851a1d" relativeResultsDirectory="e682a37f-4f79-4a35-a76c-5ca27cfa7935" />
    <UnitTestResult executionId="0c28c6ca-7312-468e-9145-47ad8e87226c" testId="c558e0d2-3c06-e002-2aa3-e6624e30de98" testName="xUnitTestProject.CurrencyHelperTests.FormatToStringTest1000(price: 13197.65136269417, expected: &quot;13197.65 zł&quot;)" computerName="DESKTOP-5URQ9PB" duration="00:00:00.0000041" startTime="2022-06-13T21:15:24.7039006+02:00" endTime="2022-06-13T21:15:24.7039008+02:00" testType="13cdc9d9-ddb5-4fa4-a97d-d965ccfc6d4b" outcome="Passed" testListId="8c84fa94-04c1-424b-9868-57a2d4851a1d" relativeResultsDirectory="0c28c6ca-7312-468e-9145-47ad8e87226c" />
    <UnitTestResult executionId="1fb0dcdf-94d0-4a9b-a12f-8137674b8238" testId="18167db3-c21a-1968-f83d-cf6f5b58219d" testName="xUnitTestProject.CurrencyHelperTests.FormatToStringTest1000(price: 14480.387652530982, expected: &quot;14480.39 zł&quot;)" computerName="DESKTOP-5URQ9PB" duration="00:00:00.0000041" startTime="2022-06-13T21:15:24.6513706+02:00" endTime="2022-06-13T21:15:24.6513708+02:00" testType="13cdc9d9-ddb5-4fa4-a97d-d965ccfc6d4b" outcome="Passed" testListId="8c84fa94-04c1-424b-9868-57a2d4851a1d" relativeResultsDirectory="1fb0dcdf-94d0-4a9b-a12f-8137674b8238" />
    <UnitTestResult executionId="d396835f-9c0d-402b-bc3f-6106de3acb86" testId="0abcfe7a-76aa-b17b-ee97-af3fbbea9a33" testName="xUnitTestProject.CurrencyHelperTests.FormatToStringTest1000(price: 57525.72988993569, expected: &quot;57525.73 zł&quot;)" computerName="DESKTOP-5URQ9PB" duration="00:00:00.0000040" startTime="2022-06-13T21:15:24.7048777+02:00" endTime="2022-06-13T21:15:24.7048779+02:00" testType="13cdc9d9-ddb5-4fa4-a97d-d965ccfc6d4b" outcome="Passed" testListId="8c84fa94-04c1-424b-9868-57a2d4851a1d" relativeResultsDirectory="d396835f-9c0d-402b-bc3f-6106de3acb86" />
    <UnitTestResult executionId="e6faeff4-4896-4bab-9444-4c5a1325e58b" testId="4608b597-f016-aaeb-6cec-43c6a698815f" testName="xUnitTestProject.CurrencyHelperTests.FormatToStringTest1000(price: 10495.622655484185, expected: &quot;10495.62 zł&quot;)" computerName="DESKTOP-5URQ9PB" duration="00:00:00.0000039" startTime="2022-06-13T21:15:24.6375996+02:00" endTime="2022-06-13T21:15:24.6375998+02:00" testType="13cdc9d9-ddb5-4fa4-a97d-d965ccfc6d4b" outcome="Passed" testListId="8c84fa94-04c1-424b-9868-57a2d4851a1d" relativeResultsDirectory="e6faeff4-4896-4bab-9444-4c5a1325e58b" />
    <UnitTestResult executionId="b6c88762-d674-43d5-abcf-72107976a350" testId="4168f0ac-b835-769a-f744-274b70d89027" testName="xUnitTestProject.CurrencyHelperTests.FormatToStringTest1000(price: 65947.64520381515, expected: &quot;65947.65 zł&quot;)" computerName="DESKTOP-5URQ9PB" duration="00:00:00.0000041" startTime="2022-06-13T21:15:24.7038371+02:00" endTime="2022-06-13T21:15:24.7038372+02:00" testType="13cdc9d9-ddb5-4fa4-a97d-d965ccfc6d4b" outcome="Passed" testListId="8c84fa94-04c1-424b-9868-57a2d4851a1d" relativeResultsDirectory="b6c88762-d674-43d5-abcf-72107976a350" />
    <UnitTestResult executionId="83fbba5f-ee7e-4482-8c89-d2ca5b013f08" testId="647d0f12-f39c-4459-8e85-bad3059c7bbf" testName="xUnitTestProject.CurrencyHelperTests.FormatToStringTest1000(price: 37.631227987646696, expected: &quot;37.63 zł&quot;)" computerName="DESKTOP-5URQ9PB" duration="00:00:00.0000048" startTime="2022-06-13T21:15:24.6216114+02:00" endTime="2022-06-13T21:15:24.6216116+02:00" testType="13cdc9d9-ddb5-4fa4-a97d-d965ccfc6d4b" outcome="Passed" testListId="8c84fa94-04c1-424b-9868-57a2d4851a1d" relativeResultsDirectory="83fbba5f-ee7e-4482-8c89-d2ca5b013f08" />
    <UnitTestResult executionId="55790ad7-f219-4990-a978-f3ef85de10f2" testId="eb1e2ccd-822e-57b0-f5e5-7fc8ed277803" testName="xUnitTestProject.CurrencyHelperTests.FormatToStringTest1000(price: 11624.834848273003, expected: &quot;11624.83 zł&quot;)" computerName="DESKTOP-5URQ9PB" duration="00:00:00.0000041" startTime="2022-06-13T21:15:24.7088813+02:00" endTime="2022-06-13T21:15:24.7088815+02:00" testType="13cdc9d9-ddb5-4fa4-a97d-d965ccfc6d4b" outcome="Passed" testListId="8c84fa94-04c1-424b-9868-57a2d4851a1d" relativeResultsDirectory="55790ad7-f219-4990-a978-f3ef85de10f2" />
    <UnitTestResult executionId="a618a06b-a52e-46b4-a221-74d146522dce" testId="c6561a8d-8639-fb30-9500-15f8be316902" testName="xUnitTestProject.CurrencyHelperTests.FormatToStringTest1000(price: 50009.23881716898, expected: &quot;50009.24 zł&quot;)" computerName="DESKTOP-5URQ9PB" duration="00:00:00.0000040" startTime="2022-06-13T21:15:24.6385525+02:00" endTime="2022-06-13T21:15:24.6385527+02:00" testType="13cdc9d9-ddb5-4fa4-a97d-d965ccfc6d4b" outcome="Passed" testListId="8c84fa94-04c1-424b-9868-57a2d4851a1d" relativeResultsDirectory="a618a06b-a52e-46b4-a221-74d146522dce" />
    <UnitTestResult executionId="c0d853aa-7766-4012-a697-a957ab986d77" testId="52ac0864-3141-85db-5ec0-9dd50f51b247" testName="xUnitTestProject.CurrencyHelperTests.FormatToStringTest1000(price: 2423.6182769712145, expected: &quot;2423.62 zł&quot;)" computerName="DESKTOP-5URQ9PB" duration="00:00:00.0000041" startTime="2022-06-13T21:15:24.6876804+02:00" endTime="2022-06-13T21:15:24.6876806+02:00" testType="13cdc9d9-ddb5-4fa4-a97d-d965ccfc6d4b" outcome="Passed" testListId="8c84fa94-04c1-424b-9868-57a2d4851a1d" relativeResultsDirectory="c0d853aa-7766-4012-a697-a957ab986d77" />
    <UnitTestResult executionId="71f84854-fce7-4c52-a2a1-65771e26a988" testId="9f1933d5-ba32-f60d-5aa4-3e77602dd567" testName="xUnitTestProject.CurrencyHelperTests.FormatToStringTest1000(price: 26207.03715363659, expected: &quot;26207.04 zł&quot;)" computerName="DESKTOP-5URQ9PB" duration="00:00:00.0000049" startTime="2022-06-13T21:15:24.6807732+02:00" endTime="2022-06-13T21:15:24.6807734+02:00" testType="13cdc9d9-ddb5-4fa4-a97d-d965ccfc6d4b" outcome="Passed" testListId="8c84fa94-04c1-424b-9868-57a2d4851a1d" relativeResultsDirectory="71f84854-fce7-4c52-a2a1-65771e26a988" />
    <UnitTestResult executionId="c41f8551-394b-4542-87e0-76e19b1f1235" testId="9538a911-f018-0a3e-26cb-52278d332f56" testName="xUnitTestProject.CurrencyHelperTests.FormatToStringTest1000(price: 12370.243090209198, expected: &quot;12370.24 zł&quot;)" computerName="DESKTOP-5URQ9PB" duration="00:00:00.0000041" startTime="2022-06-13T21:15:24.6236457+02:00" endTime="2022-06-13T21:15:24.6236459+02:00" testType="13cdc9d9-ddb5-4fa4-a97d-d965ccfc6d4b" outcome="Passed" testListId="8c84fa94-04c1-424b-9868-57a2d4851a1d" relativeResultsDirectory="c41f8551-394b-4542-87e0-76e19b1f1235" />
    <UnitTestResult executionId="4da9d78f-088e-4ed7-8427-b27eef522edc" testId="05d28227-9bee-a7ac-5d44-a19da1f5106c" testName="xUnitTestProject.CurrencyHelperTests.FormatToStringTest1000(price: 28033.439084134738, expected: &quot;28033.44 zł&quot;)" computerName="DESKTOP-5URQ9PB" duration="00:00:00.0000041" startTime="2022-06-13T21:15:24.6808645+02:00" endTime="2022-06-13T21:15:24.6808647+02:00" testType="13cdc9d9-ddb5-4fa4-a97d-d965ccfc6d4b" outcome="Passed" testListId="8c84fa94-04c1-424b-9868-57a2d4851a1d" relativeResultsDirectory="4da9d78f-088e-4ed7-8427-b27eef522edc" />
    <UnitTestResult executionId="22085060-e74d-4312-b52d-948b747597b1" testId="7b9b1040-51d8-c2e6-1ac0-cb113e76a56a" testName="xUnitTestProject.CurrencyHelperTests.FormatToStringTest1000(price: 20445.11280083149, expected: &quot;20445.11 zł&quot;)" computerName="DESKTOP-5URQ9PB" duration="00:00:00.0000092" startTime="2022-06-13T21:15:24.6755921+02:00" endTime="2022-06-13T21:15:24.6755923+02:00" testType="13cdc9d9-ddb5-4fa4-a97d-d965ccfc6d4b" outcome="Passed" testListId="8c84fa94-04c1-424b-9868-57a2d4851a1d" relativeResultsDirectory="22085060-e74d-4312-b52d-948b747597b1" />
    <UnitTestResult executionId="a99acb04-6c9d-48f6-8bed-8df0c93f2d68" testId="a3a08850-4a93-c030-f4e2-fdffe7d8b320" testName="xUnitTestProject.CurrencyHelperTests.FormatToStringTest1000(price: 19873.59831658453, expected: &quot;19873.60 zł&quot;)" computerName="DESKTOP-5URQ9PB" duration="00:00:00.0000049" startTime="2022-06-13T21:15:24.7227140+02:00" endTime="2022-06-13T21:15:24.7227142+02:00" testType="13cdc9d9-ddb5-4fa4-a97d-d965ccfc6d4b" outcome="Passed" testListId="8c84fa94-04c1-424b-9868-57a2d4851a1d" relativeResultsDirectory="a99acb04-6c9d-48f6-8bed-8df0c93f2d68" />
    <UnitTestResult executionId="0ecbca60-3d2c-476f-b997-0c7c0d94ddc7" testId="a73e7657-df2c-963a-69ef-cc5459fb4c2b" testName="xUnitTestProject.CurrencyHelperTests.FormatToStringTest1000(price: 79388.929555234, expected: &quot;79388.93 zł&quot;)" computerName="DESKTOP-5URQ9PB" duration="00:00:00.0000041" startTime="2022-06-13T21:15:24.6945852+02:00" endTime="2022-06-13T21:15:24.6945854+02:00" testType="13cdc9d9-ddb5-4fa4-a97d-d965ccfc6d4b" outcome="Passed" testListId="8c84fa94-04c1-424b-9868-57a2d4851a1d" relativeResultsDirectory="0ecbca60-3d2c-476f-b997-0c7c0d94ddc7" />
    <UnitTestResult executionId="ef2b9b46-bfdf-4dd1-9b2d-04ee9df4c329" testId="c7c04760-2233-4819-4eb3-2daf180edff4" testName="xUnitTestProject.CurrencyHelperTests.FormatToStringTest1000(price: 238.1379397484185, expected: &quot;238.14 zł&quot;)" computerName="DESKTOP-5URQ9PB" duration="00:00:00.0000041" startTime="2022-06-13T21:15:24.7254753+02:00" endTime="2022-06-13T21:15:24.7254755+02:00" testType="13cdc9d9-ddb5-4fa4-a97d-d965ccfc6d4b" outcome="Passed" testListId="8c84fa94-04c1-424b-9868-57a2d4851a1d" relativeResultsDirectory="ef2b9b46-bfdf-4dd1-9b2d-04ee9df4c329" />
    <UnitTestResult executionId="1ec0f8c8-9c76-4fce-9ff0-d40da57d30e2" testId="1c4368b6-2172-3b52-0d12-0d33b2fcef8b" testName="xUnitTestProject.CurrencyHelperTests.FormatToStringTest1000(price: 33970.38965150639, expected: &quot;33970.39 zł&quot;)" computerName="DESKTOP-5URQ9PB" duration="00:00:00.0000041" startTime="2022-06-13T21:15:24.6726238+02:00" endTime="2022-06-13T21:15:24.6726240+02:00" testType="13cdc9d9-ddb5-4fa4-a97d-d965ccfc6d4b" outcome="Passed" testListId="8c84fa94-04c1-424b-9868-57a2d4851a1d" relativeResultsDirectory="1ec0f8c8-9c76-4fce-9ff0-d40da57d30e2" />
    <UnitTestResult executionId="22f12298-4e3d-4e14-bda2-462b04863814" testId="b3d46dfa-7a62-d522-3960-5646d987d2b9" testName="xUnitTestProject.CurrencyHelperTests.FormatToStringTest1000(price: 30626.373939456127, expected: &quot;30626.37 zł&quot;)" computerName="DESKTOP-5URQ9PB" duration="00:00:00.0000040" startTime="2022-06-13T21:15:24.6562896+02:00" endTime="2022-06-13T21:15:24.6562897+02:00" testType="13cdc9d9-ddb5-4fa4-a97d-d965ccfc6d4b" outcome="Passed" testListId="8c84fa94-04c1-424b-9868-57a2d4851a1d" relativeResultsDirectory="22f12298-4e3d-4e14-bda2-462b04863814" />
    <UnitTestResult executionId="c417c7be-9949-4801-be16-f33db80f4bff" testId="ad51f424-6928-1bb2-fff3-55ef9dbab945" testName="xUnitTestProject.CurrencyHelperTests.FormatToStringTest1000(price: 5140.16338917155, expected: &quot;5140.16 zł&quot;)" computerName="DESKTOP-5URQ9PB" duration="00:00:00.0000040" startTime="2022-06-13T21:15:24.6403913+02:00" endTime="2022-06-13T21:15:24.6403915+02:00" testType="13cdc9d9-ddb5-4fa4-a97d-d965ccfc6d4b" outcome="Passed" testListId="8c84fa94-04c1-424b-9868-57a2d4851a1d" relativeResultsDirectory="c417c7be-9949-4801-be16-f33db80f4bff" />
    <UnitTestResult executionId="0db86cd5-8144-4e60-b324-c0efe9f676c8" testId="a79fd14a-da4c-bcf0-0f87-a480851cd28d" testName="xUnitTestProject.CurrencyHelperTests.FormatToStringTest1000(price: 2435.1995505835857, expected: &quot;2435.20 zł&quot;)" computerName="DESKTOP-5URQ9PB" duration="00:00:00.0000041" startTime="2022-06-13T21:15:24.7000862+02:00" endTime="2022-06-13T21:15:24.7000864+02:00" testType="13cdc9d9-ddb5-4fa4-a97d-d965ccfc6d4b" outcome="Passed" testListId="8c84fa94-04c1-424b-9868-57a2d4851a1d" relativeResultsDirectory="0db86cd5-8144-4e60-b324-c0efe9f676c8" />
    <UnitTestResult executionId="eb0abd75-7d57-4769-8d2e-463126d8daad" testId="179615f5-c9e6-0457-24a4-7182fdaf1108" testName="xUnitTestProject.CurrencyHelperTests.FormatToStringTest1000(price: 47163.337736466594, expected: &quot;47163.34 zł&quot;)" computerName="DESKTOP-5URQ9PB" duration="00:00:00.0000040" startTime="2022-06-13T21:15:24.7108160+02:00" endTime="2022-06-13T21:15:24.7108162+02:00" testType="13cdc9d9-ddb5-4fa4-a97d-d965ccfc6d4b" outcome="Passed" testListId="8c84fa94-04c1-424b-9868-57a2d4851a1d" relativeResultsDirectory="eb0abd75-7d57-4769-8d2e-463126d8daad" />
    <UnitTestResult executionId="d327afd9-14b8-4f64-badd-7638b4ae1c40" testId="4a32286d-4292-da18-0868-eb2a25ef068a" testName="xUnitTestProject.CurrencyHelperTests.FormatToStringTest1000(price: 24030.724859085738, expected: &quot;24030.72 zł&quot;)" computerName="DESKTOP-5URQ9PB" duration="00:00:00.0000041" startTime="2022-06-13T21:15:24.6877113+02:00" endTime="2022-06-13T21:15:24.6877115+02:00" testType="13cdc9d9-ddb5-4fa4-a97d-d965ccfc6d4b" outcome="Passed" testListId="8c84fa94-04c1-424b-9868-57a2d4851a1d" relativeResultsDirectory="d327afd9-14b8-4f64-badd-7638b4ae1c40" />
    <UnitTestResult executionId="80edbd75-4afa-4ee6-8a03-0f500f6e7a9e" testId="6a1a0675-fdd2-69ea-ed07-cd8b45ca5094" testName="xUnitTestProject.CurrencyHelperTests.FormatToStringTest1000(price: 24825.207513729205, expected: &quot;24825.21 zł&quot;)" computerName="DESKTOP-5URQ9PB" duration="00:00:00.0000040" startTime="2022-06-13T21:15:24.6747545+02:00" endTime="2022-06-13T21:15:24.6747547+02:00" testType="13cdc9d9-ddb5-4fa4-a97d-d965ccfc6d4b" outcome="Passed" testListId="8c84fa94-04c1-424b-9868-57a2d4851a1d" relativeResultsDirectory="80edbd75-4afa-4ee6-8a03-0f500f6e7a9e" />
    <UnitTestResult executionId="37346ccb-f644-4986-8af3-2c9746a9db2b" testId="3aa6da58-73c8-f8a3-c690-8bbd80282877" testName="xUnitTestProject.CurrencyHelperTests.FormatToStringTest1000(price: 20321.03715103913, expected: &quot;20321.04 zł&quot;)" computerName="DESKTOP-5URQ9PB" duration="00:00:00.0000040" startTime="2022-06-13T21:15:24.6386457+02:00" endTime="2022-06-13T21:15:24.6386459+02:00" testType="13cdc9d9-ddb5-4fa4-a97d-d965ccfc6d4b" outcome="Passed" testListId="8c84fa94-04c1-424b-9868-57a2d4851a1d" relativeResultsDirectory="37346ccb-f644-4986-8af3-2c9746a9db2b" />
    <UnitTestResult executionId="850a0d71-8ccc-4c5c-82c8-57e7d6d0b972" testId="34bcb15f-3abe-d5c6-acbc-f3d258cf59b6" testName="xUnitTestProject.CurrencyHelperTests.FormatToStringTest1000(price: 79973.08417819678, expected: &quot;79973.08 zł&quot;)" computerName="DESKTOP-5URQ9PB" duration="00:00:00.0000040" startTime="2022-06-13T21:15:24.7277285+02:00" endTime="2022-06-13T21:15:24.7277286+02:00" testType="13cdc9d9-ddb5-4fa4-a97d-d965ccfc6d4b" outcome="Passed" testListId="8c84fa94-04c1-424b-9868-57a2d4851a1d" relativeResultsDirectory="850a0d71-8ccc-4c5c-82c8-57e7d6d0b972" />
    <UnitTestResult executionId="7511fe9e-d550-4ade-8030-91d811dc15e0" testId="8a9d7602-dc5d-c902-e8f4-8ad4401141f1" testName="xUnitTestProject.CurrencyHelperTests.FormatToStringTest1000(price: 15411.371650797022, expected: &quot;15411.37 zł&quot;)" computerName="DESKTOP-5URQ9PB" duration="00:00:00.0000040" startTime="2022-06-13T21:15:24.6341651+02:00" endTime="2022-06-13T21:15:24.6341652+02:00" testType="13cdc9d9-ddb5-4fa4-a97d-d965ccfc6d4b" outcome="Passed" testListId="8c84fa94-04c1-424b-9868-57a2d4851a1d" relativeResultsDirectory="7511fe9e-d550-4ade-8030-91d811dc15e0" />
    <UnitTestResult executionId="a95932b7-02ce-4abc-9c17-0a2ef8a10dbf" testId="9feffc56-b6c3-64a3-e834-86f62ce8266d" testName="xUnitTestProject.CurrencyHelperTests.FormatToStringTest1000(price: 17953.338243749615, expected: &quot;17953.34 zł&quot;)" computerName="DESKTOP-5URQ9PB" duration="00:00:00.0000040" startTime="2022-06-13T21:15:24.6795593+02:00" endTime="2022-06-13T21:15:24.6795595+02:00" testType="13cdc9d9-ddb5-4fa4-a97d-d965ccfc6d4b" outcome="Passed" testListId="8c84fa94-04c1-424b-9868-57a2d4851a1d" relativeResultsDirectory="a95932b7-02ce-4abc-9c17-0a2ef8a10dbf" />
    <UnitTestResult executionId="0ce98d9a-1572-4e35-a4ec-50d4ab36850d" testId="434a8caa-9318-d21d-4a14-8dc7214b55eb" testName="xUnitTestProject.CurrencyHelperTests.FormatToStringTest1000(price: 35145.379208063416, expected: &quot;35145.38 zł&quot;)" computerName="DESKTOP-5URQ9PB" duration="00:00:00.0000093" startTime="2022-06-13T21:15:24.7168306+02:00" endTime="2022-06-13T21:15:24.7168308+02:00" testType="13cdc9d9-ddb5-4fa4-a97d-d965ccfc6d4b" outcome="Passed" testListId="8c84fa94-04c1-424b-9868-57a2d4851a1d" relativeResultsDirectory="0ce98d9a-1572-4e35-a4ec-50d4ab36850d" />
    <UnitTestResult executionId="0ab24ecf-1ad7-497e-aa4f-02cfb5adc3f0" testId="48480e6e-913f-e95b-4a6c-465d36475b6a" testName="xUnitTestProject.CurrencyHelperTests.FormatToStringTest1000(price: 24476.442216712254, expected: &quot;24476.44 zł&quot;)" computerName="DESKTOP-5URQ9PB" duration="00:00:00.0000040" startTime="2022-06-13T21:15:24.6776634+02:00" endTime="2022-06-13T21:15:24.6776636+02:00" testType="13cdc9d9-ddb5-4fa4-a97d-d965ccfc6d4b" outcome="Passed" testListId="8c84fa94-04c1-424b-9868-57a2d4851a1d" relativeResultsDirectory="0ab24ecf-1ad7-497e-aa4f-02cfb5adc3f0" />
    <UnitTestResult executionId="9f9560da-e7da-4497-beba-b324865922da" testId="86b56171-19f4-76a4-c109-8879ac5bbbd7" testName="xUnitTestProject.CurrencyHelperTests.FormatToStringTest1000(price: 59283.7670322637, expected: &quot;59283.77 zł&quot;)" computerName="DESKTOP-5URQ9PB" duration="00:00:00.0000041" startTime="2022-06-13T21:15:24.7296419+02:00" endTime="2022-06-13T21:15:24.7296420+02:00" testType="13cdc9d9-ddb5-4fa4-a97d-d965ccfc6d4b" outcome="Passed" testListId="8c84fa94-04c1-424b-9868-57a2d4851a1d" relativeResultsDirectory="9f9560da-e7da-4497-beba-b324865922da" />
    <UnitTestResult executionId="18c9b0b9-7e49-4ba1-9a28-8a2d87d5fe23" testId="89b95097-2fa4-1afe-c164-3b548bd44274" testName="xUnitTestProject.CurrencyHelperTests.FormatToStringTest1000(price: 12118.31777677048, expected: &quot;12118.32 zł&quot;)" computerName="DESKTOP-5URQ9PB" duration="00:00:00.0000040" startTime="2022-06-13T21:15:24.6767814+02:00" endTime="2022-06-13T21:15:24.6767815+02:00" testType="13cdc9d9-ddb5-4fa4-a97d-d965ccfc6d4b" outcome="Passed" testListId="8c84fa94-04c1-424b-9868-57a2d4851a1d" relativeResultsDirectory="18c9b0b9-7e49-4ba1-9a28-8a2d87d5fe23" />
    <UnitTestResult executionId="57f663c6-866f-4f96-b1cd-7af0bcc11d5a" testId="584d2955-8662-50b8-9c7a-cb8a910d527d" testName="xUnitTestProject.CurrencyHelperTests.FormatToStringTest1000(price: 12202.860111308684, expected: &quot;12202.86 zł&quot;)" computerName="DESKTOP-5URQ9PB" duration="00:00:00.0000040" startTime="2022-06-13T21:15:24.7136692+02:00" endTime="2022-06-13T21:15:24.7136693+02:00" testType="13cdc9d9-ddb5-4fa4-a97d-d965ccfc6d4b" outcome="Passed" testListId="8c84fa94-04c1-424b-9868-57a2d4851a1d" relativeResultsDirectory="57f663c6-866f-4f96-b1cd-7af0bcc11d5a" />
    <UnitTestResult executionId="692d234a-255e-469e-815e-c8474f020d50" testId="d6ef55e8-c5e6-5de1-49ad-15c2ce305191" testName="xUnitTestProject.CurrencyHelperTests.FormatToStringTest1000(price: 5810.695934967462, expected: &quot;5810.70 zł&quot;)" computerName="DESKTOP-5URQ9PB" duration="00:00:00.0000041" startTime="2022-06-13T21:15:24.6888112+02:00" endTime="2022-06-13T21:15:24.6888114+02:00" testType="13cdc9d9-ddb5-4fa4-a97d-d965ccfc6d4b" outcome="Passed" testListId="8c84fa94-04c1-424b-9868-57a2d4851a1d" relativeResultsDirectory="692d234a-255e-469e-815e-c8474f020d50" />
    <UnitTestResult executionId="3b63f0bd-9d41-4fc2-a553-062660c997d8" testId="da6c3e32-e713-64a5-d755-377865e086d4" testName="xUnitTestProject.CurrencyHelperTests.FormatToStringTest1000(price: 23548.88067407016, expected: &quot;23548.88 zł&quot;)" computerName="DESKTOP-5URQ9PB" duration="00:00:00.0000038" startTime="2022-06-13T21:15:24.6641733+02:00" endTime="2022-06-13T21:15:24.6641737+02:00" testType="13cdc9d9-ddb5-4fa4-a97d-d965ccfc6d4b" outcome="Passed" testListId="8c84fa94-04c1-424b-9868-57a2d4851a1d" relativeResultsDirectory="3b63f0bd-9d41-4fc2-a553-062660c997d8" />
    <UnitTestResult executionId="22d06c69-cdac-45f7-a19e-7f240f869173" testId="927355f0-db19-7988-f19c-ec0494e2f5d9" testName="xUnitTestProject.CurrencyHelperTests.FormatToStringTest1000(price: 748.6264857065987, expected: &quot;748.63 zł&quot;)" computerName="DESKTOP-5URQ9PB" duration="00:00:00.0000039" startTime="2022-06-13T21:15:24.6463721+02:00" endTime="2022-06-13T21:15:24.6463722+02:00" testType="13cdc9d9-ddb5-4fa4-a97d-d965ccfc6d4b" outcome="Passed" testListId="8c84fa94-04c1-424b-9868-57a2d4851a1d" relativeResultsDirectory="22d06c69-cdac-45f7-a19e-7f240f869173" />
    <UnitTestResult executionId="960b844a-4b86-4c3f-8107-861dd7d7054f" testId="6cc408c2-2cb5-45f5-22cc-d2054659459b" testName="xUnitTestProject.CurrencyHelperTests.FormatToStringTest1000(price: 52810.91713865516, expected: &quot;52810.92 zł&quot;)" computerName="DESKTOP-5URQ9PB" duration="00:00:00.0000040" startTime="2022-06-13T21:15:24.7297343+02:00" endTime="2022-06-13T21:15:24.7297344+02:00" testType="13cdc9d9-ddb5-4fa4-a97d-d965ccfc6d4b" outcome="Passed" testListId="8c84fa94-04c1-424b-9868-57a2d4851a1d" relativeResultsDirectory="960b844a-4b86-4c3f-8107-861dd7d7054f" />
    <UnitTestResult executionId="dcf63a6a-53dc-4eff-b4cf-e0e90cbc49f3" testId="5fa53206-edec-8295-28b6-5eb1541e56b6" testName="xUnitTestProject.CurrencyHelperTests.FormatToStringTest1000(price: 16161.963229990548, expected: &quot;16161.96 zł&quot;)" computerName="DESKTOP-5URQ9PB" duration="00:00:00.0000040" startTime="2022-06-13T21:15:24.6483726+02:00" endTime="2022-06-13T21:15:24.6483728+02:00" testType="13cdc9d9-ddb5-4fa4-a97d-d965ccfc6d4b" outcome="Passed" testListId="8c84fa94-04c1-424b-9868-57a2d4851a1d" relativeResultsDirectory="dcf63a6a-53dc-4eff-b4cf-e0e90cbc49f3" />
    <UnitTestResult executionId="aacff4cb-89d2-480d-9c4d-9eeef96c64ad" testId="3f543d31-d892-849e-9693-7ae2624b2c94" testName="xUnitTestProject.CurrencyHelperTests.FormatToStringTest1000(price: 33413.381276228174, expected: &quot;33413.38 zł&quot;)" computerName="DESKTOP-5URQ9PB" duration="00:00:00.0000040" startTime="2022-06-13T21:15:24.6341018+02:00" endTime="2022-06-13T21:15:24.6341019+02:00" testType="13cdc9d9-ddb5-4fa4-a97d-d965ccfc6d4b" outcome="Passed" testListId="8c84fa94-04c1-424b-9868-57a2d4851a1d" relativeResultsDirectory="aacff4cb-89d2-480d-9c4d-9eeef96c64ad" />
    <UnitTestResult executionId="36492293-f76b-4608-ad04-4b2e17245e6d" testId="3a14b4a3-bbfa-4f36-3b26-b18f61900c63" testName="xUnitTestProject.CurrencyHelperTests.FormatToStringTest1000(price: 63946.51014057478, expected: &quot;63946.51 zł&quot;)" computerName="DESKTOP-5URQ9PB" duration="00:00:00.0000040" startTime="2022-06-13T21:15:24.6644288+02:00" endTime="2022-06-13T21:15:24.6644290+02:00" testType="13cdc9d9-ddb5-4fa4-a97d-d965ccfc6d4b" outcome="Passed" testListId="8c84fa94-04c1-424b-9868-57a2d4851a1d" relativeResultsDirectory="36492293-f76b-4608-ad04-4b2e17245e6d" />
    <UnitTestResult executionId="076628af-5d9b-46da-8aca-b81f117805a3" testId="03e8826c-20fc-cadf-51a4-fe54882f4740" testName="xUnitTestProject.CurrencyHelperTests.FormatToStringTest1000(price: 42728.35751444258, expected: &quot;42728.36 zł&quot;)" computerName="DESKTOP-5URQ9PB" duration="00:00:00.0000041" startTime="2022-06-13T21:15:24.6602172+02:00" endTime="2022-06-13T21:15:24.6602174+02:00" testType="13cdc9d9-ddb5-4fa4-a97d-d965ccfc6d4b" outcome="Passed" testListId="8c84fa94-04c1-424b-9868-57a2d4851a1d" relativeResultsDirectory="076628af-5d9b-46da-8aca-b81f117805a3" />
    <UnitTestResult executionId="050e5b67-6cc9-49f6-9ee9-dcaf1277318e" testId="13dfd982-ae8a-b137-0e11-07b0f29632c1" testName="xUnitTestProject.CurrencyHelperTests.FormatToStringTest1000(price: 13046.352146307172, expected: &quot;13046.35 zł&quot;)" computerName="DESKTOP-5URQ9PB" duration="00:00:00.0000041" startTime="2022-06-13T21:15:24.6183398+02:00" endTime="2022-06-13T21:15:24.6183400+02:00" testType="13cdc9d9-ddb5-4fa4-a97d-d965ccfc6d4b" outcome="Passed" testListId="8c84fa94-04c1-424b-9868-57a2d4851a1d" relativeResultsDirectory="050e5b67-6cc9-49f6-9ee9-dcaf1277318e" />
    <UnitTestResult executionId="b53cd3a3-c77d-4ae5-a6ba-f3accac1c34c" testId="9a2bcce2-54c7-2ac9-248c-c072785d5cf2" testName="xUnitTestProject.CurrencyHelperTests.FormatToStringTest1000(price: 9774.341362926803, expected: &quot;9774.34 zł&quot;)" computerName="DESKTOP-5URQ9PB" duration="00:00:00.0000050" startTime="2022-06-13T21:15:24.6633265+02:00" endTime="2022-06-13T21:15:24.6633267+02:00" testType="13cdc9d9-ddb5-4fa4-a97d-d965ccfc6d4b" outcome="Passed" testListId="8c84fa94-04c1-424b-9868-57a2d4851a1d" relativeResultsDirectory="b53cd3a3-c77d-4ae5-a6ba-f3accac1c34c" />
    <UnitTestResult executionId="c07bac1b-ac8c-4a0b-bd4f-04ab090cd8e2" testId="d39c6f9f-bd62-16f2-5a23-b15da9df82dd" testName="xUnitTestProject.CurrencyHelperTests.FormatToStringTest1000(price: 68011.49219071423, expected: &quot;68011.49 zł&quot;)" computerName="DESKTOP-5URQ9PB" duration="00:00:00.0000055" startTime="2022-06-13T21:15:24.6837209+02:00" endTime="2022-06-13T21:15:24.6837211+02:00" testType="13cdc9d9-ddb5-4fa4-a97d-d965ccfc6d4b" outcome="Passed" testListId="8c84fa94-04c1-424b-9868-57a2d4851a1d" relativeResultsDirectory="c07bac1b-ac8c-4a0b-bd4f-04ab090cd8e2" />
    <UnitTestResult executionId="826b2bbb-9560-4fbb-bfbe-f05299ce8e90" testId="8cdd5bbc-dcfa-1d65-90a0-7f353e299d1e" testName="xUnitTestProject.CurrencyHelperTests.FormatToStringTest1000(price: 272.5621069118204, expected: &quot;272.56 zł&quot;)" computerName="DESKTOP-5URQ9PB" duration="00:00:00.0000041" startTime="2022-06-13T21:15:24.6435167+02:00" endTime="2022-06-13T21:15:24.6435169+02:00" testType="13cdc9d9-ddb5-4fa4-a97d-d965ccfc6d4b" outcome="Passed" testListId="8c84fa94-04c1-424b-9868-57a2d4851a1d" relativeResultsDirectory="826b2bbb-9560-4fbb-bfbe-f05299ce8e90" />
    <UnitTestResult executionId="9876863f-22aa-420d-bde4-cbba66f71586" testId="f227f8da-1aef-bb37-695f-f1b64dec59a9" testName="xUnitTestProject.CurrencyHelperTests.FormatToStringTest1000(price: 17990.38119827089, expected: &quot;17990.38 zł&quot;)" computerName="DESKTOP-5URQ9PB" duration="00:00:00.0000040" startTime="2022-06-13T21:15:24.6564156+02:00" endTime="2022-06-13T21:15:24.6564158+02:00" testType="13cdc9d9-ddb5-4fa4-a97d-d965ccfc6d4b" outcome="Passed" testListId="8c84fa94-04c1-424b-9868-57a2d4851a1d" relativeResultsDirectory="9876863f-22aa-420d-bde4-cbba66f71586" />
    <UnitTestResult executionId="f3673a92-1d94-4e32-a7cf-2470047f011a" testId="9be732dd-ee22-c2df-2aa3-eb082a5b0373" testName="xUnitTestProject.CurrencyHelperTests.FormatToStringTest1000(price: 15861.139287455073, expected: &quot;15861.14 zł&quot;)" computerName="DESKTOP-5URQ9PB" duration="00:00:00.0000047" startTime="2022-06-13T21:15:24.6425796+02:00" endTime="2022-06-13T21:15:24.6425798+02:00" testType="13cdc9d9-ddb5-4fa4-a97d-d965ccfc6d4b" outcome="Passed" testListId="8c84fa94-04c1-424b-9868-57a2d4851a1d" relativeResultsDirectory="f3673a92-1d94-4e32-a7cf-2470047f011a" />
    <UnitTestResult executionId="4d63ab90-521e-4048-9566-136de67fb8d5" testId="3592b35e-5647-34de-406e-9d7d0b031ac6" testName="xUnitTestProject.CurrencyHelperTests.FormatToStringTest1000(price: 6173.0243155793405, expected: &quot;6173.02 zł&quot;)" computerName="DESKTOP-5URQ9PB" duration="00:00:00.0000041" startTime="2022-06-13T21:15:24.6574987+02:00" endTime="2022-06-13T21:15:24.6574990+02:00" testType="13cdc9d9-ddb5-4fa4-a97d-d965ccfc6d4b" outcome="Passed" testListId="8c84fa94-04c1-424b-9868-57a2d4851a1d" relativeResultsDirectory="4d63ab90-521e-4048-9566-136de67fb8d5" />
    <UnitTestResult executionId="2ce33440-d74c-4ef2-a90b-b633e9f845f2" testId="de2d22dc-e411-4a1b-48db-f6f07906b5fb" testName="xUnitTestProject.CurrencyHelperTests.FormatToStringTest1000(price: 15313.083673952653, expected: &quot;15313.08 zł&quot;)" computerName="DESKTOP-5URQ9PB" duration="00:00:00.0000041" startTime="2022-06-13T21:15:24.7148123+02:00" endTime="2022-06-13T21:15:24.7148125+02:00" testType="13cdc9d9-ddb5-4fa4-a97d-d965ccfc6d4b" outcome="Passed" testListId="8c84fa94-04c1-424b-9868-57a2d4851a1d" relativeResultsDirectory="2ce33440-d74c-4ef2-a90b-b633e9f845f2" />
    <UnitTestResult executionId="121ef473-57c9-4c3e-aabe-c9892d0f750a" testId="0d1bc5db-e6c6-10df-8cf0-a0dfa7497484" testName="xUnitTestProject.CurrencyHelperTests.FormatToStringTest1000(price: 41972.39431566763, expected: &quot;41972.39 zł&quot;)" computerName="DESKTOP-5URQ9PB" duration="00:00:00.0000040" startTime="2022-06-13T21:15:24.7118910+02:00" endTime="2022-06-13T21:15:24.7118912+02:00" testType="13cdc9d9-ddb5-4fa4-a97d-d965ccfc6d4b" outcome="Passed" testListId="8c84fa94-04c1-424b-9868-57a2d4851a1d" relativeResultsDirectory="121ef473-57c9-4c3e-aabe-c9892d0f750a" />
    <UnitTestResult executionId="ef8bc5c1-b184-4a2b-bdc0-8f1cd4e4c048" testId="c0952508-ec1e-97b9-fe02-0c1a5085abd7" testName="xUnitTestProject.CurrencyHelperTests.FormatToStringTest1000(price: 48428.38681602682, expected: &quot;48428.39 zł&quot;)" computerName="DESKTOP-5URQ9PB" duration="00:00:00.0000047" startTime="2022-06-13T21:15:24.7226520+02:00" endTime="2022-06-13T21:15:24.7226522+02:00" testType="13cdc9d9-ddb5-4fa4-a97d-d965ccfc6d4b" outcome="Passed" testListId="8c84fa94-04c1-424b-9868-57a2d4851a1d" relativeResultsDirectory="ef8bc5c1-b184-4a2b-bdc0-8f1cd4e4c048" />
    <UnitTestResult executionId="07bdd648-20a0-4a2d-b1a8-6e07ee041c43" testId="da125bcd-1715-deae-cc3d-6c75d593b271" testName="xUnitTestProject.CurrencyHelperTests.FormatToStringTest1000(price: 3092.9215945624383, expected: &quot;3092.92 zł&quot;)" computerName="DESKTOP-5URQ9PB" duration="00:00:00.0000040" startTime="2022-06-13T21:15:24.6331475+02:00" endTime="2022-06-13T21:15:24.6331477+02:00" testType="13cdc9d9-ddb5-4fa4-a97d-d965ccfc6d4b" outcome="Passed" testListId="8c84fa94-04c1-424b-9868-57a2d4851a1d" relativeResultsDirectory="07bdd648-20a0-4a2d-b1a8-6e07ee041c43" />
    <UnitTestResult executionId="aa4f5922-3413-4fe6-8573-d53473bfba12" testId="97fa9539-2f5b-d008-d8ef-c0d60778ca89" testName="xUnitTestProject.CurrencyHelperTests.FormatToStringTest1000(price: 42555.01416107594, expected: &quot;42555.01 zł&quot;)" computerName="DESKTOP-5URQ9PB" duration="00:00:00.0000040" startTime="2022-06-13T21:15:24.6226371+02:00" endTime="2022-06-13T21:15:24.6226373+02:00" testType="13cdc9d9-ddb5-4fa4-a97d-d965ccfc6d4b" outcome="Passed" testListId="8c84fa94-04c1-424b-9868-57a2d4851a1d" relativeResultsDirectory="aa4f5922-3413-4fe6-8573-d53473bfba12" />
    <UnitTestResult executionId="7f27d4c2-a98a-4fdb-a548-8aa479e46b55" testId="f15540c1-ce27-2f60-c3f9-161af09be8cd" testName="xUnitTestProject.CurrencyHelperTests.FormatToStringTest1000(price: 57713.01647853712, expected: &quot;57713.02 zł&quot;)" computerName="DESKTOP-5URQ9PB" duration="00:00:00.0000040" startTime="2022-06-13T21:15:24.7127461+02:00" endTime="2022-06-13T21:15:24.7127463+02:00" testType="13cdc9d9-ddb5-4fa4-a97d-d965ccfc6d4b" outcome="Passed" testListId="8c84fa94-04c1-424b-9868-57a2d4851a1d" relativeResultsDirectory="7f27d4c2-a98a-4fdb-a548-8aa479e46b55" />
    <UnitTestResult executionId="b138c12f-1fd2-494c-b63a-0373c0379b53" testId="a50452b0-19e4-73e9-85e6-be9ac505f00e" testName="xUnitTestProject.CurrencyHelperTests.FormatToStringTest1000(price: 15190.097283723344, expected: &quot;15190.10 zł&quot;)" computerName="DESKTOP-5URQ9PB" duration="00:00:00.0000041" startTime="2022-06-13T21:15:24.6172840+02:00" endTime="2022-06-13T21:15:24.6172841+02:00" testType="13cdc9d9-ddb5-4fa4-a97d-d965ccfc6d4b" outcome="Passed" testListId="8c84fa94-04c1-424b-9868-57a2d4851a1d" relativeResultsDirectory="b138c12f-1fd2-494c-b63a-0373c0379b53" />
    <UnitTestResult executionId="38c3e667-4b35-4168-b83a-7b6a749ebe90" testId="2732f008-e7e8-d754-7384-c116f008d613" testName="xUnitTestProject.CurrencyHelperTests.FormatToStringTest1000(price: 1687.5965557361937, expected: &quot;1687.60 zł&quot;)" computerName="DESKTOP-5URQ9PB" duration="00:00:00.0000041" startTime="2022-06-13T21:15:24.6925451+02:00" endTime="2022-06-13T21:15:24.6925453+02:00" testType="13cdc9d9-ddb5-4fa4-a97d-d965ccfc6d4b" outcome="Passed" testListId="8c84fa94-04c1-424b-9868-57a2d4851a1d" relativeResultsDirectory="38c3e667-4b35-4168-b83a-7b6a749ebe90" />
    <UnitTestResult executionId="9d239b58-fe46-48da-a96d-3f2d2f287557" testId="8a663fa2-76ee-caf2-967f-999f9c7a5bb3" testName="xUnitTestProject.CurrencyHelperTests.FormatToStringTest1000(price: 55030.929183896136, expected: &quot;55030.93 zł&quot;)" computerName="DESKTOP-5URQ9PB" duration="00:00:00.0000040" startTime="2022-06-13T21:15:24.6513077+02:00" endTime="2022-06-13T21:15:24.6513078+02:00" testType="13cdc9d9-ddb5-4fa4-a97d-d965ccfc6d4b" outcome="Passed" testListId="8c84fa94-04c1-424b-9868-57a2d4851a1d" relativeResultsDirectory="9d239b58-fe46-48da-a96d-3f2d2f287557" />
    <UnitTestResult executionId="9e7468c2-918e-466a-b91f-c329423dda24" testId="d28e2add-d838-2ebe-df2d-b5dd0d3b773e" testName="xUnitTestProject.CurrencyHelperTests.FormatToStringTest1000(price: 1751.7703038522834, expected: &quot;1751.77 zł&quot;)" computerName="DESKTOP-5URQ9PB" duration="00:00:00.0000040" startTime="2022-06-13T21:15:24.6707845+02:00" endTime="2022-06-13T21:15:24.6707846+02:00" testType="13cdc9d9-ddb5-4fa4-a97d-d965ccfc6d4b" outcome="Passed" testListId="8c84fa94-04c1-424b-9868-57a2d4851a1d" relativeResultsDirectory="9e7468c2-918e-466a-b91f-c329423dda24" />
    <UnitTestResult executionId="bcf7ebb3-819c-4c90-aaee-9b325bf8a6fd" testId="691fc6f3-8d98-645e-59dc-63e6708e6080" testName="xUnitTestProject.CurrencyHelperTests.FormatToStringTest1000(price: 33206.73122987837, expected: &quot;33206.73 zł&quot;)" computerName="DESKTOP-5URQ9PB" duration="00:00:00.0000040" startTime="2022-06-13T21:15:24.7246838+02:00" endTime="2022-06-13T21:15:24.7246840+02:00" testType="13cdc9d9-ddb5-4fa4-a97d-d965ccfc6d4b" outcome="Passed" testListId="8c84fa94-04c1-424b-9868-57a2d4851a1d" relativeResultsDirectory="bcf7ebb3-819c-4c90-aaee-9b325bf8a6fd" />
    <UnitTestResult executionId="f2aa49ef-31a2-4ae2-aec9-701c45c47f24" testId="bfbcecbb-ebb0-4cc4-ba14-4fec10bfe400" testName="xUnitTestProject.CurrencyHelperTests.FormatToStringTest1000(price: 6544.213759255695, expected: &quot;6544.21 zł&quot;)" computerName="DESKTOP-5URQ9PB" duration="00:00:00.0000040" startTime="2022-06-13T21:15:24.6215805+02:00" endTime="2022-06-13T21:15:24.6215807+02:00" testType="13cdc9d9-ddb5-4fa4-a97d-d965ccfc6d4b" outcome="Passed" testListId="8c84fa94-04c1-424b-9868-57a2d4851a1d" relativeResultsDirectory="f2aa49ef-31a2-4ae2-aec9-701c45c47f24" />
    <UnitTestResult executionId="7abc8f52-58c0-4823-9cea-0ffdc3ba0e89" testId="9087d096-82b4-2271-94ec-73730ed51c23" testName="xUnitTestProject.CurrencyHelperTests.FormatToStringTest1000(price: 66053.95451852398, expected: &quot;66053.95 zł&quot;)" computerName="DESKTOP-5URQ9PB" duration="00:00:00.0000043" startTime="2022-06-13T21:15:24.7286220+02:00" endTime="2022-06-13T21:15:24.7286222+02:00" testType="13cdc9d9-ddb5-4fa4-a97d-d965ccfc6d4b" outcome="Passed" testListId="8c84fa94-04c1-424b-9868-57a2d4851a1d" relativeResultsDirectory="7abc8f52-58c0-4823-9cea-0ffdc3ba0e89" />
    <UnitTestResult executionId="8dadf8c7-ab45-43c7-a46d-8a9ac7b8cc8b" testId="04127ca2-1b44-60f0-2ddc-d2453cd48c79" testName="xUnitTestProject.CurrencyHelperTests.FormatToStringTest1000(price: 25440.18371476614, expected: &quot;25440.18 zł&quot;)" computerName="DESKTOP-5URQ9PB" duration="00:00:00.0000041" startTime="2022-06-13T21:15:24.6474148+02:00" endTime="2022-06-13T21:15:24.6474150+02:00" testType="13cdc9d9-ddb5-4fa4-a97d-d965ccfc6d4b" outcome="Passed" testListId="8c84fa94-04c1-424b-9868-57a2d4851a1d" relativeResultsDirectory="8dadf8c7-ab45-43c7-a46d-8a9ac7b8cc8b" />
    <UnitTestResult executionId="29386524-8579-4d1f-83b7-690cb6d1f2e7" testId="237b1260-5bf2-21f1-fab1-5f4efe94ad6e" testName="xUnitTestProject.CurrencyHelperTests.FormatToStringTest1000(price: 1898.24149096489, expected: &quot;1898.24 zł&quot;)" computerName="DESKTOP-5URQ9PB" duration="00:00:00.0000041" startTime="2022-06-13T21:15:24.6205478+02:00" endTime="2022-06-13T21:15:24.6205479+02:00" testType="13cdc9d9-ddb5-4fa4-a97d-d965ccfc6d4b" outcome="Passed" testListId="8c84fa94-04c1-424b-9868-57a2d4851a1d" relativeResultsDirectory="29386524-8579-4d1f-83b7-690cb6d1f2e7" />
    <UnitTestResult executionId="3e6a98da-cc25-4522-8b66-88a0464d01a4" testId="f3b15f6b-f00d-4e6c-f3c3-26bd7741dc5d" testName="xUnitTestProject.CurrencyHelperTests.FormatToStringTest1000(price: 35905.47425787219, expected: &quot;35905.47 zł&quot;)" computerName="DESKTOP-5URQ9PB" duration="00:00:00.0000040" startTime="2022-06-13T21:15:24.6482457+02:00" endTime="2022-06-13T21:15:24.6482459+02:00" testType="13cdc9d9-ddb5-4fa4-a97d-d965ccfc6d4b" outcome="Passed" testListId="8c84fa94-04c1-424b-9868-57a2d4851a1d" relativeResultsDirectory="3e6a98da-cc25-4522-8b66-88a0464d01a4" />
    <UnitTestResult executionId="dec22989-36b1-44de-8503-b89788b40051" testId="bac2e760-c57c-379d-cca8-5272b1f0e7e5" testName="xUnitTestProject.CurrencyHelperTests.FormatToStringTest1000(price: 6035.818653228608, expected: &quot;6035.82 zł&quot;)" computerName="DESKTOP-5URQ9PB" duration="00:00:00.0000048" startTime="2022-06-13T21:15:24.6503952+02:00" endTime="2022-06-13T21:15:24.6503954+02:00" testType="13cdc9d9-ddb5-4fa4-a97d-d965ccfc6d4b" outcome="Passed" testListId="8c84fa94-04c1-424b-9868-57a2d4851a1d" relativeResultsDirectory="dec22989-36b1-44de-8503-b89788b40051" />
    <UnitTestResult executionId="6d288110-332e-4750-9ebe-bc45989bb8cb" testId="8fb0d924-6ca3-e44c-f26a-1c29eb5d30bd" testName="xUnitTestProject.CurrencyHelperTests.FormatToStringTest1000(price: 47256.065730817645, expected: &quot;47256.07 zł&quot;)" computerName="DESKTOP-5URQ9PB" duration="00:00:00.0000040" startTime="2022-06-13T21:15:24.7265287+02:00" endTime="2022-06-13T21:15:24.7265291+02:00" testType="13cdc9d9-ddb5-4fa4-a97d-d965ccfc6d4b" outcome="Passed" testListId="8c84fa94-04c1-424b-9868-57a2d4851a1d" relativeResultsDirectory="6d288110-332e-4750-9ebe-bc45989bb8cb" />
    <UnitTestResult executionId="fd9f423d-a6ff-474c-984b-43efcd754cd0" testId="8491f0a3-ed14-5fdd-d64c-af335660b6b8" testName="xUnitTestProject.CurrencyHelperTests.FormatToStringTest1000(price: 25376.6225052097, expected: &quot;25376.62 zł&quot;)" computerName="DESKTOP-5URQ9PB" duration="00:00:00.0000041" startTime="2022-06-13T21:15:24.6915301+02:00" endTime="2022-06-13T21:15:24.6915303+02:00" testType="13cdc9d9-ddb5-4fa4-a97d-d965ccfc6d4b" outcome="Passed" testListId="8c84fa94-04c1-424b-9868-57a2d4851a1d" relativeResultsDirectory="fd9f423d-a6ff-474c-984b-43efcd754cd0" />
    <UnitTestResult executionId="d015b40c-7406-4acb-a176-a6401fe91b24" testId="dbbec110-d393-0535-7065-c16e31474059" testName="xUnitTestProject.CurrencyHelperTests.FormatToStringTest1000(price: 15822.278766386342, expected: &quot;15822.28 zł&quot;)" computerName="DESKTOP-5URQ9PB" duration="00:00:00.0000039" startTime="2022-06-13T21:15:24.6604372+02:00" endTime="2022-06-13T21:15:24.6604374+02:00" testType="13cdc9d9-ddb5-4fa4-a97d-d965ccfc6d4b" outcome="Passed" testListId="8c84fa94-04c1-424b-9868-57a2d4851a1d" relativeResultsDirectory="d015b40c-7406-4acb-a176-a6401fe91b24" />
    <UnitTestResult executionId="73ac324d-0c81-4e4e-af31-4ebd55a3ab52" testId="96c01fa6-5d4d-3d03-7186-21835a01bdc8" testName="xUnitTestProject.CurrencyHelperTests.FormatToStringTest1000(price: 14920.620598662934, expected: &quot;14920.62 zł&quot;)" computerName="DESKTOP-5URQ9PB" duration="00:00:00.0000045" startTime="2022-06-13T21:15:24.6172530+02:00" endTime="2022-06-13T21:15:24.6172532+02:00" testType="13cdc9d9-ddb5-4fa4-a97d-d965ccfc6d4b" outcome="Passed" testListId="8c84fa94-04c1-424b-9868-57a2d4851a1d" relativeResultsDirectory="73ac324d-0c81-4e4e-af31-4ebd55a3ab52" />
    <UnitTestResult executionId="b9c26c1a-a503-4456-ae83-cd0882cb125f" testId="5f3735b0-854d-d423-adfb-f959d02e73f7" testName="xUnitTestProject.CurrencyHelperTests.FormatToStringTest1000(price: 7671.0039663785155, expected: &quot;7671.00 zł&quot;)" computerName="DESKTOP-5URQ9PB" duration="00:00:00.0000041" startTime="2022-06-13T21:15:24.6192383+02:00" endTime="2022-06-13T21:15:24.6192384+02:00" testType="13cdc9d9-ddb5-4fa4-a97d-d965ccfc6d4b" outcome="Passed" testListId="8c84fa94-04c1-424b-9868-57a2d4851a1d" relativeResultsDirectory="b9c26c1a-a503-4456-ae83-cd0882cb125f" />
    <UnitTestResult executionId="963ab67f-291e-4dbc-9843-a3a233e4c065" testId="e6b4d3a2-a83c-419f-8b42-b631077ac8fc" testName="xUnitTestProject.CurrencyHelperTests.FormatToStringTest1000(price: 19208.676036795914, expected: &quot;19208.68 zł&quot;)" computerName="DESKTOP-5URQ9PB" duration="00:00:00.0000041" startTime="2022-06-13T21:15:24.7287154+02:00" endTime="2022-06-13T21:15:24.7287156+02:00" testType="13cdc9d9-ddb5-4fa4-a97d-d965ccfc6d4b" outcome="Passed" testListId="8c84fa94-04c1-424b-9868-57a2d4851a1d" relativeResultsDirectory="963ab67f-291e-4dbc-9843-a3a233e4c065" />
    <UnitTestResult executionId="c19fce7a-2e8e-43e1-9753-c43374c38dfa" testId="cd5a26d8-2bfb-59a4-04b5-4f695fd431f8" testName="xUnitTestProject.CurrencyHelperTests.FormatToStringTest1000(price: 2409.393997763001, expected: &quot;2409.39 zł&quot;)" computerName="DESKTOP-5URQ9PB" duration="00:00:00.0000041" startTime="2022-06-13T21:15:24.7039630+02:00" endTime="2022-06-13T21:15:24.7039631+02:00" testType="13cdc9d9-ddb5-4fa4-a97d-d965ccfc6d4b" outcome="Passed" testListId="8c84fa94-04c1-424b-9868-57a2d4851a1d" relativeResultsDirectory="c19fce7a-2e8e-43e1-9753-c43374c38dfa" />
    <UnitTestResult executionId="28585311-d7f9-4840-bc1d-b3ade9939171" testId="b70675b1-ffbc-1a3f-030b-53fbcade7f2b" testName="xUnitTestProject.CurrencyHelperTests.FormatToStringTest1000(price: 3907.8681317963024, expected: &quot;3907.87 zł&quot;)" computerName="DESKTOP-5URQ9PB" duration="00:00:00.0000040" startTime="2022-06-13T21:15:24.7069526+02:00" endTime="2022-06-13T21:15:24.7069527+02:00" testType="13cdc9d9-ddb5-4fa4-a97d-d965ccfc6d4b" outcome="Passed" testListId="8c84fa94-04c1-424b-9868-57a2d4851a1d" relativeResultsDirectory="28585311-d7f9-4840-bc1d-b3ade9939171" />
    <UnitTestResult executionId="8f32dca0-8804-4c65-a632-4f8d1edacbfd" testId="3ca4075a-a7fb-92a5-3a91-aefa25efbece" testName="xUnitTestProject.CurrencyHelperTests.FormatToStringTest1000(price: 8542.520616738833, expected: &quot;8542.52 zł&quot;)" computerName="DESKTOP-5URQ9PB" duration="00:00:00.0000041" startTime="2022-06-13T21:15:24.6259026+02:00" endTime="2022-06-13T21:15:24.6259027+02:00" testType="13cdc9d9-ddb5-4fa4-a97d-d965ccfc6d4b" outcome="Passed" testListId="8c84fa94-04c1-424b-9868-57a2d4851a1d" relativeResultsDirectory="8f32dca0-8804-4c65-a632-4f8d1edacbfd" />
    <UnitTestResult executionId="0c99ed88-56a7-42c5-abf9-968924e08de2" testId="8d5bed77-8b58-0b0c-25f0-22107332d09a" testName="xUnitTestProject.CurrencyHelperTests.FormatToStringTest1000(price: 736.7398243680316, expected: &quot;736.74 zł&quot;)" computerName="DESKTOP-5URQ9PB" duration="00:00:00.0000040" startTime="2022-06-13T21:15:24.6424363+02:00" endTime="2022-06-13T21:15:24.6424365+02:00" testType="13cdc9d9-ddb5-4fa4-a97d-d965ccfc6d4b" outcome="Passed" testListId="8c84fa94-04c1-424b-9868-57a2d4851a1d" relativeResultsDirectory="0c99ed88-56a7-42c5-abf9-968924e08de2" />
    <UnitTestResult executionId="aa17e0b3-6235-4b83-be1e-99edfb7c9b76" testId="186c8c1a-303f-5daa-ee87-7bdde9795321" testName="xUnitTestProject.CurrencyHelperTests.FormatToStringTest1000(price: 2975.6892256134606, expected: &quot;2975.69 zł&quot;)" computerName="DESKTOP-5URQ9PB" duration="00:00:00.0000040" startTime="2022-06-13T21:15:24.6492293+02:00" endTime="2022-06-13T21:15:24.6492294+02:00" testType="13cdc9d9-ddb5-4fa4-a97d-d965ccfc6d4b" outcome="Passed" testListId="8c84fa94-04c1-424b-9868-57a2d4851a1d" relativeResultsDirectory="aa17e0b3-6235-4b83-be1e-99edfb7c9b76" />
    <UnitTestResult executionId="7b0a7a82-4078-4948-8dec-7f380ff16a07" testId="66840d6a-95a8-9e96-1d7b-1ecad55a0c92" testName="xUnitTestProject.CurrencyHelperTests.FormatToStringTest1000(price: 40241.790964380736, expected: &quot;40241.79 zł&quot;)" computerName="DESKTOP-5URQ9PB" duration="00:00:00.0000045" startTime="2022-06-13T21:15:24.7108785+02:00" endTime="2022-06-13T21:15:24.7108786+02:00" testType="13cdc9d9-ddb5-4fa4-a97d-d965ccfc6d4b" outcome="Passed" testListId="8c84fa94-04c1-424b-9868-57a2d4851a1d" relativeResultsDirectory="7b0a7a82-4078-4948-8dec-7f380ff16a07" />
    <UnitTestResult executionId="a744a644-973f-4c1d-901f-9dbb52b23d13" testId="d256d95f-79c2-283f-fe67-61aaa54d0e1b" testName="xUnitTestProject.CurrencyHelperTests.FormatToStringTest1000(price: 4648.492795337221, expected: &quot;4648.49 zł&quot;)" computerName="DESKTOP-5URQ9PB" duration="00:00:00.0000039" startTime="2022-06-13T21:15:24.6728135+02:00" endTime="2022-06-13T21:15:24.6728137+02:00" testType="13cdc9d9-ddb5-4fa4-a97d-d965ccfc6d4b" outcome="Passed" testListId="8c84fa94-04c1-424b-9868-57a2d4851a1d" relativeResultsDirectory="a744a644-973f-4c1d-901f-9dbb52b23d13" />
    <UnitTestResult executionId="b635297a-8941-419a-adc4-0716988af81f" testId="bc63b05b-4f30-8c10-7b75-77e26fb38256" testName="xUnitTestProject.CurrencyHelperTests.FormatToStringTest1000(price: 10661.19584154207, expected: &quot;10661.20 zł&quot;)" computerName="DESKTOP-5URQ9PB" duration="00:00:00.0000041" startTime="2022-06-13T21:15:24.6512456+02:00" endTime="2022-06-13T21:15:24.6512457+02:00" testType="13cdc9d9-ddb5-4fa4-a97d-d965ccfc6d4b" outcome="Passed" testListId="8c84fa94-04c1-424b-9868-57a2d4851a1d" relativeResultsDirectory="b635297a-8941-419a-adc4-0716988af81f" />
    <UnitTestResult executionId="79ccbb15-5139-476e-b7ce-a0ecfb31c621" testId="fe704e3e-6170-ffae-ef99-e24643abf4f9" testName="xUnitTestProject.CurrencyHelperTests.FormatToStringTest1000(price: 12429.698213906819, expected: &quot;12429.70 zł&quot;)" computerName="DESKTOP-5URQ9PB" duration="00:00:00.0000040" startTime="2022-06-13T21:15:24.6583712+02:00" endTime="2022-06-13T21:15:24.6583713+02:00" testType="13cdc9d9-ddb5-4fa4-a97d-d965ccfc6d4b" outcome="Passed" testListId="8c84fa94-04c1-424b-9868-57a2d4851a1d" relativeResultsDirectory="79ccbb15-5139-476e-b7ce-a0ecfb31c621" />
    <UnitTestResult executionId="97598629-b784-4379-9d24-4a18dd62e79a" testId="bb53c479-4fb7-b049-d0b3-60c53109c03d" testName="xUnitTestProject.CurrencyHelperTests.FormatToStringTest1000(price: 16402.16316587206, expected: &quot;16402.16 zł&quot;)" computerName="DESKTOP-5URQ9PB" duration="00:00:00.0000039" startTime="2022-06-13T21:15:24.6836894+02:00" endTime="2022-06-13T21:15:24.6836896+02:00" testType="13cdc9d9-ddb5-4fa4-a97d-d965ccfc6d4b" outcome="Passed" testListId="8c84fa94-04c1-424b-9868-57a2d4851a1d" relativeResultsDirectory="97598629-b784-4379-9d24-4a18dd62e79a" />
    <UnitTestResult executionId="e9bd31ad-7129-4401-bca3-33f57c2c5393" testId="a5c380fd-7aff-7b69-c8d6-5989b9e204c5" testName="xUnitTestProject.CurrencyHelperTests.FormatToStringTest1000(price: 1821.7083499085663, expected: &quot;1821.71 zł&quot;)" computerName="DESKTOP-5URQ9PB" duration="00:00:00.0000061" startTime="2022-06-13T21:15:24.6905845+02:00" endTime="2022-06-13T21:15:24.6905847+02:00" testType="13cdc9d9-ddb5-4fa4-a97d-d965ccfc6d4b" outcome="Passed" testListId="8c84fa94-04c1-424b-9868-57a2d4851a1d" relativeResultsDirectory="e9bd31ad-7129-4401-bca3-33f57c2c5393" />
    <UnitTestResult executionId="a8347b34-2584-4d28-b3ee-f95cc993cefd" testId="de1aa414-8fbd-dead-288e-d558b1305dac" testName="xUnitTestProject.CurrencyHelperTests.FormatToStringTest1000(price: 486.15309567942893, expected: &quot;486.15 zł&quot;)" computerName="DESKTOP-5URQ9PB" duration="00:00:00.0000039" startTime="2022-06-13T21:15:24.7167999+02:00" endTime="2022-06-13T21:15:24.7168001+02:00" testType="13cdc9d9-ddb5-4fa4-a97d-d965ccfc6d4b" outcome="Passed" testListId="8c84fa94-04c1-424b-9868-57a2d4851a1d" relativeResultsDirectory="a8347b34-2584-4d28-b3ee-f95cc993cefd" />
    <UnitTestResult executionId="70e61dca-0d90-4bd1-bd17-f0841e9cfc11" testId="33b74559-764f-421e-252d-cd475c561f9a" testName="xUnitTestProject.CurrencyHelperTests.FormatToStringTest1000(price: 4715.320654313695, expected: &quot;4715.32 zł&quot;)" computerName="DESKTOP-5URQ9PB" duration="00:00:00.0000041" startTime="2022-06-13T21:15:24.6386149+02:00" endTime="2022-06-13T21:15:24.6386151+02:00" testType="13cdc9d9-ddb5-4fa4-a97d-d965ccfc6d4b" outcome="Passed" testListId="8c84fa94-04c1-424b-9868-57a2d4851a1d" relativeResultsDirectory="70e61dca-0d90-4bd1-bd17-f0841e9cfc11" />
    <UnitTestResult executionId="f743cb9a-fd20-4ceb-bbf8-f78eab0f8f9e" testId="0740431b-2d5c-94f4-7631-d3fb545f47f1" testName="xUnitTestProject.CurrencyHelperTests.FormatToStringTest1000(price: 2216.881526520886, expected: &quot;2216.88 zł&quot;)" computerName="DESKTOP-5URQ9PB" duration="00:00:00.0000040" startTime="2022-06-13T21:15:24.7158625+02:00" endTime="2022-06-13T21:15:24.7158627+02:00" testType="13cdc9d9-ddb5-4fa4-a97d-d965ccfc6d4b" outcome="Passed" testListId="8c84fa94-04c1-424b-9868-57a2d4851a1d" relativeResultsDirectory="f743cb9a-fd20-4ceb-bbf8-f78eab0f8f9e" />
    <UnitTestResult executionId="19a0d53c-748b-495d-b01d-8d7a298047c8" testId="35d446c0-f87b-db26-2eb6-ac470ed5efed" testName="xUnitTestProject.CurrencyHelperTests.FormatToStringTest1000(price: 16902.50568789314, expected: &quot;16902.51 zł&quot;)" computerName="DESKTOP-5URQ9PB" duration="00:00:00.0000043" startTime="2022-06-13T21:15:24.6172214+02:00" endTime="2022-06-13T21:15:24.6172216+02:00" testType="13cdc9d9-ddb5-4fa4-a97d-d965ccfc6d4b" outcome="Passed" testListId="8c84fa94-04c1-424b-9868-57a2d4851a1d" relativeResultsDirectory="19a0d53c-748b-495d-b01d-8d7a298047c8" />
    <UnitTestResult executionId="26ef6043-f138-4f8a-8eb4-75f4b1241bfb" testId="688da5e9-d12f-3e2c-c7dd-72c1a87d6a78" testName="xUnitTestProject.CurrencyHelperTests.FormatToStringTest1000(price: 11904.111251175456, expected: &quot;11904.11 zł&quot;)" computerName="DESKTOP-5URQ9PB" duration="00:00:00.0000040" startTime="2022-06-13T21:15:24.7010009+02:00" endTime="2022-06-13T21:15:24.7010011+02:00" testType="13cdc9d9-ddb5-4fa4-a97d-d965ccfc6d4b" outcome="Passed" testListId="8c84fa94-04c1-424b-9868-57a2d4851a1d" relativeResultsDirectory="26ef6043-f138-4f8a-8eb4-75f4b1241bfb" />
    <UnitTestResult executionId="55fa2584-eb64-4d74-ac5c-103029818317" testId="241187d4-ddc3-99e8-1041-3b3411c6c907" testName="xUnitTestProject.CurrencyHelperTests.FormatToStringTest1000(price: 96.75594581512546, expected: &quot;96.76 zł&quot;)" computerName="DESKTOP-5URQ9PB" duration="00:00:00.0000052" startTime="2022-06-13T21:15:24.7167070+02:00" endTime="2022-06-13T21:15:24.7167071+02:00" testType="13cdc9d9-ddb5-4fa4-a97d-d965ccfc6d4b" outcome="Passed" testListId="8c84fa94-04c1-424b-9868-57a2d4851a1d" relativeResultsDirectory="55fa2584-eb64-4d74-ac5c-103029818317" />
    <UnitTestResult executionId="77957bc8-2eca-43c0-b2b2-d2082227e5f4" testId="042cc95e-2b44-fa19-b576-f75093af4b96" testName="xUnitTestProject.CurrencyHelperTests.FormatToStringTest1000(price: 30320.450517486992, expected: &quot;30320.45 zł&quot;)" computerName="DESKTOP-5URQ9PB" duration="00:00:00.0000044" startTime="2022-06-13T21:15:24.6181110+02:00" endTime="2022-06-13T21:15:24.6181114+02:00" testType="13cdc9d9-ddb5-4fa4-a97d-d965ccfc6d4b" outcome="Passed" testListId="8c84fa94-04c1-424b-9868-57a2d4851a1d" relativeResultsDirectory="77957bc8-2eca-43c0-b2b2-d2082227e5f4" />
    <UnitTestResult executionId="0a78364b-cf3b-4aa3-99ae-f26c5494e096" testId="2c083ad7-fea5-5b33-ddd6-bb2be00bd90c" testName="xUnitTestProject.CurrencyHelperTests.FormatToStringTest1000(price: 57181.240528605056, expected: &quot;57181.24 zł&quot;)" computerName="DESKTOP-5URQ9PB" duration="00:00:00.0000040" startTime="2022-06-13T21:15:24.6204702+02:00" endTime="2022-06-13T21:15:24.6204703+02:00" testType="13cdc9d9-ddb5-4fa4-a97d-d965ccfc6d4b" outcome="Passed" testListId="8c84fa94-04c1-424b-9868-57a2d4851a1d" relativeResultsDirectory="0a78364b-cf3b-4aa3-99ae-f26c5494e096" />
    <UnitTestResult executionId="0f7e53f5-50ae-42b7-964c-f5395fc99197" testId="f5005d81-5a9b-ef44-7fc2-52377fae83f4" testName="xUnitTestProject.CurrencyHelperTests.FormatToStringTest1000(price: 26162.532683261918, expected: &quot;26162.53 zł&quot;)" computerName="DESKTOP-5URQ9PB" duration="00:00:00.0000041" startTime="2022-06-13T21:15:24.6204061+02:00" endTime="2022-06-13T21:15:24.6204062+02:00" testType="13cdc9d9-ddb5-4fa4-a97d-d965ccfc6d4b" outcome="Passed" testListId="8c84fa94-04c1-424b-9868-57a2d4851a1d" relativeResultsDirectory="0f7e53f5-50ae-42b7-964c-f5395fc99197" />
    <UnitTestResult executionId="67b23405-a611-4f03-aa28-a02c3ee02b44" testId="cbab0896-310f-9613-16bf-ed68cf4f09cd" testName="xUnitTestProject.CurrencyHelperTests.FormatToStringTest1000(price: 20068.867046961965, expected: &quot;20068.87 zł&quot;)" computerName="DESKTOP-5URQ9PB" duration="00:00:00.0000040" startTime="2022-06-13T21:15:24.7000556+02:00" endTime="2022-06-13T21:15:24.7000557+02:00" testType="13cdc9d9-ddb5-4fa4-a97d-d965ccfc6d4b" outcome="Passed" testListId="8c84fa94-04c1-424b-9868-57a2d4851a1d" relativeResultsDirectory="67b23405-a611-4f03-aa28-a02c3ee02b44" />
    <UnitTestResult executionId="862d7d8b-c0f8-4b45-bfee-827d19b04a1f" testId="0875efbb-c25e-506a-0639-785cadf1bec9" testName="xUnitTestProject.CurrencyHelperTests.FormatToStringTest1000(price: 3131.5022711732904, expected: &quot;3131.50 zł&quot;)" computerName="DESKTOP-5URQ9PB" duration="00:00:00.0000040" startTime="2022-06-13T21:15:24.6396491+02:00" endTime="2022-06-13T21:15:24.6396493+02:00" testType="13cdc9d9-ddb5-4fa4-a97d-d965ccfc6d4b" outcome="Passed" testListId="8c84fa94-04c1-424b-9868-57a2d4851a1d" relativeResultsDirectory="862d7d8b-c0f8-4b45-bfee-827d19b04a1f" />
    <UnitTestResult executionId="540cb57e-7d94-401f-862a-b1e876b9be0a" testId="0ceb7858-003d-ab99-34b5-3e79f1abe40b" testName="xUnitTestProject.CurrencyHelperTests.FormatToStringTest1000(price: 5566.818038455592, expected: &quot;5566.82 zł&quot;)" computerName="DESKTOP-5URQ9PB" duration="00:00:00.0000041" startTime="2022-06-13T21:15:24.7086945+02:00" endTime="2022-06-13T21:15:24.7086947+02:00" testType="13cdc9d9-ddb5-4fa4-a97d-d965ccfc6d4b" outcome="Passed" testListId="8c84fa94-04c1-424b-9868-57a2d4851a1d" relativeResultsDirectory="540cb57e-7d94-401f-862a-b1e876b9be0a" />
    <UnitTestResult executionId="1df62262-1e98-4e7e-a536-01393ed582f7" testId="a1056dc3-d634-deb8-6537-d1daee422b62" testName="xUnitTestProject.CurrencyHelperTests.FormatToStringTest1000(price: 9503.466049463705, expected: &quot;9503.47 zł&quot;)" computerName="DESKTOP-5URQ9PB" duration="00:00:00.0000040" startTime="2022-06-13T21:15:24.6474807+02:00" endTime="2022-06-13T21:15:24.6474812+02:00" testType="13cdc9d9-ddb5-4fa4-a97d-d965ccfc6d4b" outcome="Passed" testListId="8c84fa94-04c1-424b-9868-57a2d4851a1d" relativeResultsDirectory="1df62262-1e98-4e7e-a536-01393ed582f7" />
    <UnitTestResult executionId="c0f3b595-a113-43c8-9765-b3e89e1f2224" testId="ffe61818-02d5-371a-a7be-23a9f86c9cc7" testName="xUnitTestProject.CurrencyHelperTests.FormatToStringTest1000(price: 8802.811382028653, expected: &quot;8802.81 zł&quot;)" computerName="DESKTOP-5URQ9PB" duration="00:00:00.0000040" startTime="2022-06-13T21:15:24.6979490+02:00" endTime="2022-06-13T21:15:24.6979492+02:00" testType="13cdc9d9-ddb5-4fa4-a97d-d965ccfc6d4b" outcome="Passed" testListId="8c84fa94-04c1-424b-9868-57a2d4851a1d" relativeResultsDirectory="c0f3b595-a113-43c8-9765-b3e89e1f2224" />
    <UnitTestResult executionId="f108ca57-ff8e-4b16-8c27-ce9942b1984c" testId="0c81c8d2-5b34-01f9-4916-14e860679bfe" testName="xUnitTestProject.CurrencyHelperTests.FormatToStringTest1000(price: 64568.131500027666, expected: &quot;64568.13 zł&quot;)" computerName="DESKTOP-5URQ9PB" duration="00:00:00.0000040" startTime="2022-06-13T21:15:24.6425481+02:00" endTime="2022-06-13T21:15:24.6425482+02:00" testType="13cdc9d9-ddb5-4fa4-a97d-d965ccfc6d4b" outcome="Passed" testListId="8c84fa94-04c1-424b-9868-57a2d4851a1d" relativeResultsDirectory="f108ca57-ff8e-4b16-8c27-ce9942b1984c" />
    <UnitTestResult executionId="cd1ad12e-db8c-4eca-8536-f9f376036972" testId="a116b226-3d55-2529-864d-5e970bf42be4" testName="xUnitTestProject.CurrencyHelperTests.FormatToStringTest1000(price: 18340.8953197882, expected: &quot;18340.90 zł&quot;)" computerName="DESKTOP-5URQ9PB" duration="00:00:00.0000041" startTime="2022-06-13T21:15:24.6311914+02:00" endTime="2022-06-13T21:15:24.6311916+02:00" testType="13cdc9d9-ddb5-4fa4-a97d-d965ccfc6d4b" outcome="Passed" testListId="8c84fa94-04c1-424b-9868-57a2d4851a1d" relativeResultsDirectory="cd1ad12e-db8c-4eca-8536-f9f376036972" />
    <UnitTestResult executionId="2c4a5a1f-ec1c-4f1c-8536-8fae94201d44" testId="273a20e0-541a-4005-532d-de3663197643" testName="xUnitTestProject.CurrencyHelperTests.FormatToStringTest1000(price: 3341.8351759444154, expected: &quot;3341.84 zł&quot;)" computerName="DESKTOP-5URQ9PB" duration="00:00:00.0000039" startTime="2022-06-13T21:15:24.7277595+02:00" endTime="2022-06-13T21:15:24.7277596+02:00" testType="13cdc9d9-ddb5-4fa4-a97d-d965ccfc6d4b" outcome="Passed" testListId="8c84fa94-04c1-424b-9868-57a2d4851a1d" relativeResultsDirectory="2c4a5a1f-ec1c-4f1c-8536-8fae94201d44" />
    <UnitTestResult executionId="bd02bc12-0926-441a-9f9d-fd63124679b8" testId="5dc082f5-af3b-2f6f-74c8-0805bee30a46" testName="xUnitTestProject.CurrencyHelperTests.FormatToStringTest1000(price: 18340.935049000167, expected: &quot;18340.94 zł&quot;)" computerName="DESKTOP-5URQ9PB" duration="00:00:00.0000050" startTime="2022-06-13T21:15:24.6775396+02:00" endTime="2022-06-13T21:15:24.6775397+02:00" testType="13cdc9d9-ddb5-4fa4-a97d-d965ccfc6d4b" outcome="Passed" testListId="8c84fa94-04c1-424b-9868-57a2d4851a1d" relativeResultsDirectory="bd02bc12-0926-441a-9f9d-fd63124679b8" />
    <UnitTestResult executionId="bc28977e-3021-462e-9f2d-c7f713aa7c27" testId="5481b8f6-7923-7c75-9ba8-6b8dff0a8582" testName="xUnitTestProject.CurrencyHelperTests.FormatToStringTest1000(price: 13414.3551766441, expected: &quot;13414.36 zł&quot;)" computerName="DESKTOP-5URQ9PB" duration="00:00:00.0000041" startTime="2022-06-13T21:15:24.6522600+02:00" endTime="2022-06-13T21:15:24.6522602+02:00" testType="13cdc9d9-ddb5-4fa4-a97d-d965ccfc6d4b" outcome="Passed" testListId="8c84fa94-04c1-424b-9868-57a2d4851a1d" relativeResultsDirectory="bc28977e-3021-462e-9f2d-c7f713aa7c27" />
    <UnitTestResult executionId="db41ed65-e0d8-4eb1-95f5-6652a1003b5c" testId="79a853ed-d140-e6d5-86c3-6423b904d524" testName="xUnitTestProject.CurrencyHelperTests.FormatToStringTest1000(price: 22604.838218828587, expected: &quot;22604.84 zł&quot;)" computerName="DESKTOP-5URQ9PB" duration="00:00:00.0000041" startTime="2022-06-13T21:15:24.7305249+02:00" endTime="2022-06-13T21:15:24.7305250+02:00" testType="13cdc9d9-ddb5-4fa4-a97d-d965ccfc6d4b" outcome="Passed" testListId="8c84fa94-04c1-424b-9868-57a2d4851a1d" relativeResultsDirectory="db41ed65-e0d8-4eb1-95f5-6652a1003b5c" />
    <UnitTestResult executionId="b06b1727-9c0a-4653-9a1d-5fe225fc3633" testId="80a788de-88e0-32bd-4244-9850aa1ba44f" testName="xUnitTestProject.CurrencyHelperTests.FormatToStringTest1000(price: 27794.8671353957, expected: &quot;27794.87 zł&quot;)" computerName="DESKTOP-5URQ9PB" duration="00:00:00.0000049" startTime="2022-06-13T21:15:24.7147806+02:00" endTime="2022-06-13T21:15:24.7147808+02:00" testType="13cdc9d9-ddb5-4fa4-a97d-d965ccfc6d4b" outcome="Passed" testListId="8c84fa94-04c1-424b-9868-57a2d4851a1d" relativeResultsDirectory="b06b1727-9c0a-4653-9a1d-5fe225fc3633" />
    <UnitTestResult executionId="5d9e6283-ae22-4c24-9a3c-7f6b413a5f61" testId="c0622c05-a365-df5b-d83a-27dce2d844ee" testName="xUnitTestProject.CurrencyHelperTests.FormatToStringTest1000(price: 23980.12943509646, expected: &quot;23980.13 zł&quot;)" computerName="DESKTOP-5URQ9PB" duration="00:00:00.0000041" startTime="2022-06-13T21:15:24.6642082+02:00" endTime="2022-06-13T21:15:24.6642084+02:00" testType="13cdc9d9-ddb5-4fa4-a97d-d965ccfc6d4b" outcome="Passed" testListId="8c84fa94-04c1-424b-9868-57a2d4851a1d" relativeResultsDirectory="5d9e6283-ae22-4c24-9a3c-7f6b413a5f61" />
    <UnitTestResult executionId="18136a6c-c52d-48b3-a218-a5395b5f8dee" testId="91ef764f-6920-57e2-1ea1-d9fdc62e8142" testName="xUnitTestProject.CurrencyHelperTests.FormatToStringTest1000(price: 23174.85693288448, expected: &quot;23174.86 zł&quot;)" computerName="DESKTOP-5URQ9PB" duration="00:00:00.0000041" startTime="2022-06-13T21:15:24.7156728+02:00" endTime="2022-06-13T21:15:24.7156732+02:00" testType="13cdc9d9-ddb5-4fa4-a97d-d965ccfc6d4b" outcome="Passed" testListId="8c84fa94-04c1-424b-9868-57a2d4851a1d" relativeResultsDirectory="18136a6c-c52d-48b3-a218-a5395b5f8dee" />
    <UnitTestResult executionId="cbfd8bfe-0af4-4a50-9ec3-f3eff7fd9b90" testId="a5736665-a659-170c-f088-df8850eec8a7" testName="xUnitTestProject.CurrencyHelperTests.FormatToStringTest1000(price: 64210.358316209335, expected: &quot;64210.36 zł&quot;)" computerName="DESKTOP-5URQ9PB" duration="00:00:00.0000056" startTime="2022-06-13T21:15:24.6194617+02:00" endTime="2022-06-13T21:15:24.6194618+02:00" testType="13cdc9d9-ddb5-4fa4-a97d-d965ccfc6d4b" outcome="Passed" testListId="8c84fa94-04c1-424b-9868-57a2d4851a1d" relativeResultsDirectory="cbfd8bfe-0af4-4a50-9ec3-f3eff7fd9b90" />
    <UnitTestResult executionId="02468217-a82e-45bb-bb45-053c234738ea" testId="9ecb75d8-2160-8266-876b-6361db8213dc" testName="xUnitTestProject.CurrencyHelperTests.FormatToStringTest1000(price: 8885.065440211942, expected: &quot;8885.07 zł&quot;)" computerName="DESKTOP-5URQ9PB" duration="00:00:00.0000051" startTime="2022-06-13T21:15:24.6290042+02:00" endTime="2022-06-13T21:15:24.6290044+02:00" testType="13cdc9d9-ddb5-4fa4-a97d-d965ccfc6d4b" outcome="Passed" testListId="8c84fa94-04c1-424b-9868-57a2d4851a1d" relativeResultsDirectory="02468217-a82e-45bb-bb45-053c234738ea" />
    <UnitTestResult executionId="27ae1e21-0252-4ab2-b372-2a5a92dd3c82" testId="40049265-1e97-9ed6-58fa-5d084054c7cc" testName="xUnitTestProject.CurrencyHelperTests.FormatToStringTest1000(price: 17835.54606576988, expected: &quot;17835.55 zł&quot;)" computerName="DESKTOP-5URQ9PB" duration="00:00:00.0000054" startTime="2022-06-13T21:15:24.7284902+02:00" endTime="2022-06-13T21:15:24.7284909+02:00" testType="13cdc9d9-ddb5-4fa4-a97d-d965ccfc6d4b" outcome="Passed" testListId="8c84fa94-04c1-424b-9868-57a2d4851a1d" relativeResultsDirectory="27ae1e21-0252-4ab2-b372-2a5a92dd3c82" />
    <UnitTestResult executionId="6450175d-e7e6-45b7-b038-9e4807db6861" testId="7d53e462-1288-fbb2-1f6d-75cbd2a2eb44" testName="xUnitTestProject.CurrencyHelperTests.FormatToStringTest1000(price: 7004.710832051798, expected: &quot;7004.71 zł&quot;)" computerName="DESKTOP-5URQ9PB" duration="00:00:00.0000048" startTime="2022-06-13T21:15:24.6990224+02:00" endTime="2022-06-13T21:15:24.6990225+02:00" testType="13cdc9d9-ddb5-4fa4-a97d-d965ccfc6d4b" outcome="Passed" testListId="8c84fa94-04c1-424b-9868-57a2d4851a1d" relativeResultsDirectory="6450175d-e7e6-45b7-b038-9e4807db6861" />
    <UnitTestResult executionId="7ecca184-358c-4ea0-bd71-befc1459431e" testId="d13187c3-6513-b7ca-7370-507380fe2c88" testName="xUnitTestProject.CurrencyHelperTests.FormatToStringTest1000(price: 7396.940188290057, expected: &quot;7396.94 zł&quot;)" computerName="DESKTOP-5URQ9PB" duration="00:00:00.0000040" startTime="2022-06-13T21:15:24.6672070+02:00" endTime="2022-06-13T21:15:24.6672072+02:00" testType="13cdc9d9-ddb5-4fa4-a97d-d965ccfc6d4b" outcome="Passed" testListId="8c84fa94-04c1-424b-9868-57a2d4851a1d" relativeResultsDirectory="7ecca184-358c-4ea0-bd71-befc1459431e" />
    <UnitTestResult executionId="10476424-de4b-4a64-b4cf-2d65029dd79b" testId="ff8ddb46-4b79-2ee0-2d36-ef22ba3dcd81" testName="xUnitTestProject.CurrencyHelperTests.FormatToStringTest1000(price: 6262.373413993219, expected: &quot;6262.37 zł&quot;)" computerName="DESKTOP-5URQ9PB" duration="00:00:00.0000041" startTime="2022-06-13T21:15:24.6215169+02:00" endTime="2022-06-13T21:15:24.6215171+02:00" testType="13cdc9d9-ddb5-4fa4-a97d-d965ccfc6d4b" outcome="Passed" testListId="8c84fa94-04c1-424b-9868-57a2d4851a1d" relativeResultsDirectory="10476424-de4b-4a64-b4cf-2d65029dd79b" />
    <UnitTestResult executionId="37d03082-f4c5-47ec-8f11-f726769d7348" testId="972bb963-9a87-7070-029b-8643f34bbb6c" testName="xUnitTestProject.CurrencyHelperTests.FormatToStringTest1000(price: 10268.547802396373, expected: &quot;10268.55 zł&quot;)" computerName="DESKTOP-5URQ9PB" duration="00:00:00.0000041" startTime="2022-06-13T21:15:24.6443199+02:00" endTime="2022-06-13T21:15:24.6443201+02:00" testType="13cdc9d9-ddb5-4fa4-a97d-d965ccfc6d4b" outcome="Passed" testListId="8c84fa94-04c1-424b-9868-57a2d4851a1d" relativeResultsDirectory="37d03082-f4c5-47ec-8f11-f726769d7348" />
    <UnitTestResult executionId="24cdab37-87a4-48c3-80a8-a21c831262ac" testId="ad936791-3884-bcd2-a8bf-cc0980504588" testName="xUnitTestProject.CurrencyHelperTests.FormatToStringTest1000(price: 17232.486162219426, expected: &quot;17232.49 zł&quot;)" computerName="DESKTOP-5URQ9PB" duration="00:00:00.0000040" startTime="2022-06-13T21:15:24.6443823+02:00" endTime="2022-06-13T21:15:24.6443824+02:00" testType="13cdc9d9-ddb5-4fa4-a97d-d965ccfc6d4b" outcome="Passed" testListId="8c84fa94-04c1-424b-9868-57a2d4851a1d" relativeResultsDirectory="24cdab37-87a4-48c3-80a8-a21c831262ac" />
    <UnitTestResult executionId="417a8479-394d-4330-8bb3-8c61ce717f00" testId="d810e333-5279-6858-6f15-bdf834685746" testName="xUnitTestProject.CurrencyHelperTests.FormatToStringTest1000(price: 70581.91150977784, expected: &quot;70581.91 zł&quot;)" computerName="DESKTOP-5URQ9PB" duration="00:00:00.0000040" startTime="2022-06-13T21:15:24.6342619+02:00" endTime="2022-06-13T21:15:24.6342621+02:00" testType="13cdc9d9-ddb5-4fa4-a97d-d965ccfc6d4b" outcome="Passed" testListId="8c84fa94-04c1-424b-9868-57a2d4851a1d" relativeResultsDirectory="417a8479-394d-4330-8bb3-8c61ce717f00" />
    <UnitTestResult executionId="12aacd09-9a53-4f09-8dae-15e24abd643a" testId="7f38c64c-30e5-6f29-b1b2-933630e715de" testName="xUnitTestProject.CurrencyHelperTests.FormatToStringTest1000(price: 5317.9582678023535, expected: &quot;5317.96 zł&quot;)" computerName="DESKTOP-5URQ9PB" duration="00:00:00.0000041" startTime="2022-06-13T21:15:24.7126513+02:00" endTime="2022-06-13T21:15:24.7126515+02:00" testType="13cdc9d9-ddb5-4fa4-a97d-d965ccfc6d4b" outcome="Passed" testListId="8c84fa94-04c1-424b-9868-57a2d4851a1d" relativeResultsDirectory="12aacd09-9a53-4f09-8dae-15e24abd643a" />
    <UnitTestResult executionId="2f658bb8-fee9-4df6-bd1f-3e11d1e69212" testId="dbf6f9ae-d4e2-c907-2228-ff1a571678a6" testName="xUnitTestProject.CurrencyHelperTests.FormatToStringTest1000(price: 20497.107923553376, expected: &quot;20497.11 zł&quot;)" computerName="DESKTOP-5URQ9PB" duration="00:00:00.0000040" startTime="2022-06-13T21:15:24.6728444+02:00" endTime="2022-06-13T21:15:24.6728446+02:00" testType="13cdc9d9-ddb5-4fa4-a97d-d965ccfc6d4b" outcome="Passed" testListId="8c84fa94-04c1-424b-9868-57a2d4851a1d" relativeResultsDirectory="2f658bb8-fee9-4df6-bd1f-3e11d1e69212" />
    <UnitTestResult executionId="f2197b57-6ea3-469c-a907-29f6ff6471c8" testId="5987d0c7-7679-adcc-a7d5-76af40a4f7f5" testName="xUnitTestProject.CurrencyHelperTests.FormatToStringTest1000(price: 24566.50251371856, expected: &quot;24566.50 zł&quot;)" computerName="DESKTOP-5URQ9PB" duration="00:00:00.0000040" startTime="2022-06-13T21:15:24.7235970+02:00" endTime="2022-06-13T21:15:24.7235971+02:00" testType="13cdc9d9-ddb5-4fa4-a97d-d965ccfc6d4b" outcome="Passed" testListId="8c84fa94-04c1-424b-9868-57a2d4851a1d" relativeResultsDirectory="f2197b57-6ea3-469c-a907-29f6ff6471c8" />
    <UnitTestResult executionId="5c71e344-3682-4d90-8dcd-01b842d54fbc" testId="d9756703-fed3-1fb8-7195-5dae810af3cf" testName="xUnitTestProject.CurrencyHelperTests.FormatToStringTest1000(price: 2346.9964869427477, expected: &quot;2347.00 zł&quot;)" computerName="DESKTOP-5URQ9PB" duration="00:00:00.0000041" startTime="2022-06-13T21:15:24.6601816+02:00" endTime="2022-06-13T21:15:24.6601819+02:00" testType="13cdc9d9-ddb5-4fa4-a97d-d965ccfc6d4b" outcome="Passed" testListId="8c84fa94-04c1-424b-9868-57a2d4851a1d" relativeResultsDirectory="5c71e344-3682-4d90-8dcd-01b842d54fbc" />
    <UnitTestResult executionId="03ece646-b0f0-43d1-acde-791a0545c232" testId="83240b81-a0ee-d801-c63e-6e722955f2f1" testName="xUnitTestProject.CurrencyHelperTests.FormatToStringTest1000(price: 8644.187977380207, expected: &quot;8644.19 zł&quot;)" computerName="DESKTOP-5URQ9PB" duration="00:00:00.0000038" startTime="2022-06-13T21:15:24.6758090+02:00" endTime="2022-06-13T21:15:24.6758091+02:00" testType="13cdc9d9-ddb5-4fa4-a97d-d965ccfc6d4b" outcome="Passed" testListId="8c84fa94-04c1-424b-9868-57a2d4851a1d" relativeResultsDirectory="03ece646-b0f0-43d1-acde-791a0545c232" />
    <UnitTestResult executionId="373fe646-cc6e-42d3-9bad-21bc892702fd" testId="3fa3f1d2-90bc-c93b-b647-8aef449b689a" testName="xUnitTestProject.CurrencyHelperTests.FormatToStringTest1000(price: 27852.532163303127, expected: &quot;27852.53 zł&quot;)" computerName="DESKTOP-5URQ9PB" duration="00:00:00.0000041" startTime="2022-06-13T21:15:24.7030771+02:00" endTime="2022-06-13T21:15:24.7030773+02:00" testType="13cdc9d9-ddb5-4fa4-a97d-d965ccfc6d4b" outcome="Passed" testListId="8c84fa94-04c1-424b-9868-57a2d4851a1d" relativeResultsDirectory="373fe646-cc6e-42d3-9bad-21bc892702fd" />
    <UnitTestResult executionId="4ffec3d8-4c22-4c2a-a67f-cb4073d46b68" testId="7c18917f-7141-7732-3a7b-36439ce0baa1" testName="xUnitTestProject.CurrencyHelperTests.FormatToStringTest1000(price: 6276.389386365838, expected: &quot;6276.39 zł&quot;)" computerName="DESKTOP-5URQ9PB" duration="00:00:00.0000040" startTime="2022-06-13T21:15:24.6269855+02:00" endTime="2022-06-13T21:15:24.6269857+02:00" testType="13cdc9d9-ddb5-4fa4-a97d-d965ccfc6d4b" outcome="Passed" testListId="8c84fa94-04c1-424b-9868-57a2d4851a1d" relativeResultsDirectory="4ffec3d8-4c22-4c2a-a67f-cb4073d46b68" />
    <UnitTestResult executionId="6143bba7-3a0a-4de8-8eea-841aba2234bd" testId="a3944110-24ef-a5f3-993b-c0e54d094618" testName="xUnitTestProject.CurrencyHelperTests.FormatToStringTest1000(price: 37826.846755123166, expected: &quot;37826.85 zł&quot;)" computerName="DESKTOP-5URQ9PB" duration="00:00:00.0000054" startTime="2022-06-13T21:15:24.6896107+02:00" endTime="2022-06-13T21:15:24.6896109+02:00" testType="13cdc9d9-ddb5-4fa4-a97d-d965ccfc6d4b" outcome="Passed" testListId="8c84fa94-04c1-424b-9868-57a2d4851a1d" relativeResultsDirectory="6143bba7-3a0a-4de8-8eea-841aba2234bd" />
    <UnitTestResult executionId="164ab4d9-d346-4ddf-813a-0cc5efba7992" testId="2fe7dd20-7d34-4621-c4bd-6f2ec94c5407" testName="xUnitTestProject.CurrencyHelperTests.FormatToStringTest1000(price: 4105.490993980081, expected: &quot;4105.49 zł&quot;)" computerName="DESKTOP-5URQ9PB" duration="00:00:00.0000041" startTime="2022-06-13T21:15:24.7019708+02:00" endTime="2022-06-13T21:15:24.7019709+02:00" testType="13cdc9d9-ddb5-4fa4-a97d-d965ccfc6d4b" outcome="Passed" testListId="8c84fa94-04c1-424b-9868-57a2d4851a1d" relativeResultsDirectory="164ab4d9-d346-4ddf-813a-0cc5efba7992" />
    <UnitTestResult executionId="c5ce0f71-540c-4ef6-be61-5d3f3a19fb88" testId="78d10de8-2dc4-0b77-ab9e-9a161423da54" testName="xUnitTestProject.CurrencyHelperTests.FormatToStringTest1000(price: 2963.24443391815, expected: &quot;2963.24 zł&quot;)" computerName="DESKTOP-5URQ9PB" duration="00:00:00.0000043" startTime="2022-06-13T21:15:24.6482104+02:00" endTime="2022-06-13T21:15:24.6482107+02:00" testType="13cdc9d9-ddb5-4fa4-a97d-d965ccfc6d4b" outcome="Passed" testListId="8c84fa94-04c1-424b-9868-57a2d4851a1d" relativeResultsDirectory="c5ce0f71-540c-4ef6-be61-5d3f3a19fb88" />
    <UnitTestResult executionId="7032ac99-df71-445c-a333-3b02784b4b6d" testId="0095ae63-2136-ec44-562f-f92a8a9ed8f7" testName="xUnitTestProject.CurrencyHelperTests.FormatToStringTest1000(price: 4139.032615562451, expected: &quot;4139.03 zł&quot;)" computerName="DESKTOP-5URQ9PB" duration="00:00:00.0000040" startTime="2022-06-13T21:15:24.6796222+02:00" endTime="2022-06-13T21:15:24.6796224+02:00" testType="13cdc9d9-ddb5-4fa4-a97d-d965ccfc6d4b" outcome="Passed" testListId="8c84fa94-04c1-424b-9868-57a2d4851a1d" relativeResultsDirectory="7032ac99-df71-445c-a333-3b02784b4b6d" />
    <UnitTestResult executionId="542e2e18-017d-48cb-a33e-7eb861533134" testId="a8d731c5-67df-9575-20e2-4e702b3d5817" testName="xUnitTestProject.CurrencyHelperTests.FormatToStringTest1000(price: 13323.876109275909, expected: &quot;13323.88 zł&quot;)" computerName="DESKTOP-5URQ9PB" duration="00:00:00.0000041" startTime="2022-06-13T21:15:24.6847041+02:00" endTime="2022-06-13T21:15:24.6847042+02:00" testType="13cdc9d9-ddb5-4fa4-a97d-d965ccfc6d4b" outcome="Passed" testListId="8c84fa94-04c1-424b-9868-57a2d4851a1d" relativeResultsDirectory="542e2e18-017d-48cb-a33e-7eb861533134" />
    <UnitTestResult executionId="4e5550a3-6f51-421a-9e34-063501802360" testId="3b56a798-367d-2897-b3e6-a32862419438" testName="xUnitTestProject.CurrencyHelperTests.FormatToStringTest1000(price: 21573.45329517613, expected: &quot;21573.45 zł&quot;)" computerName="DESKTOP-5URQ9PB" duration="00:00:00.0000039" startTime="2022-06-13T21:15:24.6673620+02:00" endTime="2022-06-13T21:15:24.6673621+02:00" testType="13cdc9d9-ddb5-4fa4-a97d-d965ccfc6d4b" outcome="Passed" testListId="8c84fa94-04c1-424b-9868-57a2d4851a1d" relativeResultsDirectory="4e5550a3-6f51-421a-9e34-063501802360" />
    <UnitTestResult executionId="0bd454f1-c74e-4369-bbf4-1e0c16802b83" testId="b16fb8e5-3fa9-845c-9c70-ee0c0d261e2c" testName="xUnitTestProject.CurrencyHelperTests.FormatToStringTest1000(price: 24957.469502810607, expected: &quot;24957.47 zł&quot;)" computerName="DESKTOP-5URQ9PB" duration="00:00:00.0000039" startTime="2022-06-13T21:15:24.6574265+02:00" endTime="2022-06-13T21:15:24.6574267+02:00" testType="13cdc9d9-ddb5-4fa4-a97d-d965ccfc6d4b" outcome="Passed" testListId="8c84fa94-04c1-424b-9868-57a2d4851a1d" relativeResultsDirectory="0bd454f1-c74e-4369-bbf4-1e0c16802b83" />
    <UnitTestResult executionId="52e68de7-745f-4f0d-b5b6-3039ddfcee61" testId="264c060b-2c06-6e92-2e7b-9f27ddffeba4" testName="xUnitTestProject.CurrencyHelperTests.FormatToStringTest1000(price: 34242.181005260056, expected: &quot;34242.18 zł&quot;)" computerName="DESKTOP-5URQ9PB" duration="00:00:00.0000041" startTime="2022-06-13T21:15:24.6173461+02:00" endTime="2022-06-13T21:15:24.6173462+02:00" testType="13cdc9d9-ddb5-4fa4-a97d-d965ccfc6d4b" outcome="Passed" testListId="8c84fa94-04c1-424b-9868-57a2d4851a1d" relativeResultsDirectory="52e68de7-745f-4f0d-b5b6-3039ddfcee61" />
    <UnitTestResult executionId="62263c86-f43e-41a6-8664-5b759ae2e679" testId="0d6a7c9f-244c-8d08-98f4-afd58838a2c2" testName="xUnitTestProject.CurrencyHelperTests.FormatToStringTest1000(price: 14719.97001409762, expected: &quot;14719.97 zł&quot;)" computerName="DESKTOP-5URQ9PB" duration="00:00:00.0000043" startTime="2022-06-13T21:15:24.6268304+02:00" endTime="2022-06-13T21:15:24.6268305+02:00" testType="13cdc9d9-ddb5-4fa4-a97d-d965ccfc6d4b" outcome="Passed" testListId="8c84fa94-04c1-424b-9868-57a2d4851a1d" relativeResultsDirectory="62263c86-f43e-41a6-8664-5b759ae2e679" />
    <UnitTestResult executionId="6935be4c-b187-4a21-84bb-3ea7acf527dc" testId="c24ecee8-9b5d-eb63-8afc-f2b0a38b7a72" testName="xUnitTestProject.CurrencyHelperTests.FormatToStringTest1000(price: 30722.846572104303, expected: &quot;30722.85 zł&quot;)" computerName="DESKTOP-5URQ9PB" duration="00:00:00.0000040" startTime="2022-06-13T21:15:24.6512133+02:00" endTime="2022-06-13T21:15:24.6512135+02:00" testType="13cdc9d9-ddb5-4fa4-a97d-d965ccfc6d4b" outcome="Passed" testListId="8c84fa94-04c1-424b-9868-57a2d4851a1d" relativeResultsDirectory="6935be4c-b187-4a21-84bb-3ea7acf527dc" />
    <UnitTestResult executionId="f032c731-8981-445b-88db-65c0f0d112c0" testId="ab2272df-129a-10d0-4d80-4c6fcfe702e8" testName="xUnitTestProject.CurrencyHelperTests.FormatToStringTest1000(price: 24695.917440203913, expected: &quot;24695.92 zł&quot;)" computerName="DESKTOP-5URQ9PB" duration="00:00:00.0000041" startTime="2022-06-13T21:15:24.6171584+02:00" endTime="2022-06-13T21:15:24.6171586+02:00" testType="13cdc9d9-ddb5-4fa4-a97d-d965ccfc6d4b" outcome="Passed" testListId="8c84fa94-04c1-424b-9868-57a2d4851a1d" relativeResultsDirectory="f032c731-8981-445b-88db-65c0f0d112c0" />
    <UnitTestResult executionId="c68ad997-f08a-4e83-85ce-7b1177c2035d" testId="cae25fb7-b977-eb51-0588-bf026d38b145" testName="xUnitTestProject.CurrencyHelperTests.FormatToStringTest1000(price: 3270.286035661719, expected: &quot;3270.29 zł&quot;)" computerName="DESKTOP-5URQ9PB" duration="00:00:00.0000041" startTime="2022-06-13T21:15:24.7138571+02:00" endTime="2022-06-13T21:15:24.7138573+02:00" testType="13cdc9d9-ddb5-4fa4-a97d-d965ccfc6d4b" outcome="Passed" testListId="8c84fa94-04c1-424b-9868-57a2d4851a1d" relativeResultsDirectory="c68ad997-f08a-4e83-85ce-7b1177c2035d" />
    <UnitTestResult executionId="e3ffdfe6-f202-4942-b66d-b8a558065270" testId="b58c1648-01cd-8d33-8125-f2d9795f377d" testName="xUnitTestProject.CurrencyHelperTests.FormatToStringTest1000(price: 16597.22844427788, expected: &quot;16597.23 zł&quot;)" computerName="DESKTOP-5URQ9PB" duration="00:00:00.0000041" startTime="2022-06-13T21:15:24.6454976+02:00" endTime="2022-06-13T21:15:24.6454979+02:00" testType="13cdc9d9-ddb5-4fa4-a97d-d965ccfc6d4b" outcome="Passed" testListId="8c84fa94-04c1-424b-9868-57a2d4851a1d" relativeResultsDirectory="e3ffdfe6-f202-4942-b66d-b8a558065270" />
    <UnitTestResult executionId="7e47c310-a851-4e70-97f8-c5c22de50801" testId="8181cd4b-8454-73ed-8ced-01a1dc2b25c3" testName="xUnitTestProject.CurrencyHelperTests.FormatToStringTest1000(price: 13286.856387228174, expected: &quot;13286.86 zł&quot;)" computerName="DESKTOP-5URQ9PB" duration="00:00:00.0000060" startTime="2022-06-13T21:15:24.7285912+02:00" endTime="2022-06-13T21:15:24.7285913+02:00" testType="13cdc9d9-ddb5-4fa4-a97d-d965ccfc6d4b" outcome="Passed" testListId="8c84fa94-04c1-424b-9868-57a2d4851a1d" relativeResultsDirectory="7e47c310-a851-4e70-97f8-c5c22de50801" />
    <UnitTestResult executionId="9dd1edc0-61e9-497d-9ee6-ec927da67d89" testId="c5aa0d75-50a2-309f-29ef-6a7a3d1053ab" testName="xUnitTestProject.CurrencyHelperTests.FormatToStringTest1000(price: 30031.89550569323, expected: &quot;30031.90 zł&quot;)" computerName="DESKTOP-5URQ9PB" duration="00:00:00.0000041" startTime="2022-06-13T21:15:24.6534173+02:00" endTime="2022-06-13T21:15:24.6534175+02:00" testType="13cdc9d9-ddb5-4fa4-a97d-d965ccfc6d4b" outcome="Passed" testListId="8c84fa94-04c1-424b-9868-57a2d4851a1d" relativeResultsDirectory="9dd1edc0-61e9-497d-9ee6-ec927da67d89" />
    <UnitTestResult executionId="ffac6fda-8348-49a0-b82e-48184ae91b15" testId="dba976e4-619d-1846-93cf-501dc328971c" testName="xUnitTestProject.CurrencyHelperTests.FormatToStringTest1000(price: 30533.30031120838, expected: &quot;30533.30 zł&quot;)" computerName="DESKTOP-5URQ9PB" duration="00:00:00.0000041" startTime="2022-06-13T21:15:24.6206486+02:00" endTime="2022-06-13T21:15:24.6206488+02:00" testType="13cdc9d9-ddb5-4fa4-a97d-d965ccfc6d4b" outcome="Passed" testListId="8c84fa94-04c1-424b-9868-57a2d4851a1d" relativeResultsDirectory="ffac6fda-8348-49a0-b82e-48184ae91b15" />
    <UnitTestResult executionId="7d6a62a1-2a18-451c-b3eb-fa7c04ebd49a" testId="bafd99e7-ca41-5985-0fa2-b8c4e8f1fc8c" testName="xUnitTestProject.CurrencyHelperTests.FormatToStringTest1000(price: 5591.2222540617095, expected: &quot;5591.22 zł&quot;)" computerName="DESKTOP-5URQ9PB" duration="00:00:00.0000041" startTime="2022-06-13T21:15:24.6895423+02:00" endTime="2022-06-13T21:15:24.6895427+02:00" testType="13cdc9d9-ddb5-4fa4-a97d-d965ccfc6d4b" outcome="Passed" testListId="8c84fa94-04c1-424b-9868-57a2d4851a1d" relativeResultsDirectory="7d6a62a1-2a18-451c-b3eb-fa7c04ebd49a" />
    <UnitTestResult executionId="7628192b-296d-4ce7-997f-26c04d358142" testId="86ad28ff-91bc-6dfc-4b29-d680c9d331eb" testName="xUnitTestProject.CurrencyHelperTests.FormatToStringTest1000(price: 1799.2562459103092, expected: &quot;1799.26 zł&quot;)" computerName="DESKTOP-5URQ9PB" duration="00:00:00.0000040" startTime="2022-06-13T21:15:24.6816712+02:00" endTime="2022-06-13T21:15:24.6816714+02:00" testType="13cdc9d9-ddb5-4fa4-a97d-d965ccfc6d4b" outcome="Passed" testListId="8c84fa94-04c1-424b-9868-57a2d4851a1d" relativeResultsDirectory="7628192b-296d-4ce7-997f-26c04d358142" />
    <UnitTestResult executionId="e69b7f06-e82d-432c-aa1a-74eaffcbffaa" testId="fdef4ad6-20d8-042a-63d8-5826de557b18" testName="xUnitTestProject.CurrencyHelperTests.FormatToStringTest1000(price: 28861.97337596769, expected: &quot;28861.97 zł&quot;)" computerName="DESKTOP-5URQ9PB" duration="00:00:00.0000047" startTime="2022-06-13T21:15:24.6524849+02:00" endTime="2022-06-13T21:15:24.6524852+02:00" testType="13cdc9d9-ddb5-4fa4-a97d-d965ccfc6d4b" outcome="Passed" testListId="8c84fa94-04c1-424b-9868-57a2d4851a1d" relativeResultsDirectory="e69b7f06-e82d-432c-aa1a-74eaffcbffaa" />
    <UnitTestResult executionId="99610a9a-e2bb-41a3-aaed-a89c024491b0" testId="9f62336d-d2a3-438a-9707-488b6a94c792" testName="xUnitTestProject.CurrencyHelperTests.FormatToStringTest1000(price: 45739.569854490255, expected: &quot;45739.57 zł&quot;)" computerName="DESKTOP-5URQ9PB" duration="00:00:00.0000041" startTime="2022-06-13T21:15:24.6866393+02:00" endTime="2022-06-13T21:15:24.6866394+02:00" testType="13cdc9d9-ddb5-4fa4-a97d-d965ccfc6d4b" outcome="Passed" testListId="8c84fa94-04c1-424b-9868-57a2d4851a1d" relativeResultsDirectory="99610a9a-e2bb-41a3-aaed-a89c024491b0" />
    <UnitTestResult executionId="6960c6e1-1c16-4d81-90f9-e49233c00c48" testId="d87ccf8e-ab46-94a5-7597-e2ef80212732" testName="xUnitTestProject.CurrencyHelperTests.FormatToStringTest1000(price: 38076.55319665165, expected: &quot;38076.55 zł&quot;)" computerName="DESKTOP-5URQ9PB" duration="00:00:00.0000041" startTime="2022-06-13T21:15:24.6848283+02:00" endTime="2022-06-13T21:15:24.6848285+02:00" testType="13cdc9d9-ddb5-4fa4-a97d-d965ccfc6d4b" outcome="Passed" testListId="8c84fa94-04c1-424b-9868-57a2d4851a1d" relativeResultsDirectory="6960c6e1-1c16-4d81-90f9-e49233c00c48" />
    <UnitTestResult executionId="10697366-70a7-4806-bc62-f7e1c829bded" testId="ff67ffea-ea63-9682-e246-a48f70d1fb56" testName="xUnitTestProject.CurrencyHelperTests.FormatToStringTest1000(price: 41368.29672956015, expected: &quot;41368.30 zł&quot;)" computerName="DESKTOP-5URQ9PB" duration="00:00:00.0000041" startTime="2022-06-13T21:15:24.6634211+02:00" endTime="2022-06-13T21:15:24.6634212+02:00" testType="13cdc9d9-ddb5-4fa4-a97d-d965ccfc6d4b" outcome="Passed" testListId="8c84fa94-04c1-424b-9868-57a2d4851a1d" relativeResultsDirectory="10697366-70a7-4806-bc62-f7e1c829bded" />
    <UnitTestResult executionId="350fb980-f421-4439-b0de-b45ee2a25729" testId="163fd586-92aa-6f23-9cea-f9c152d7d771" testName="xUnitTestProject.CurrencyHelperTests.FormatToStringTest1000(price: 75214.75000876503, expected: &quot;75214.75 zł&quot;)" computerName="DESKTOP-5URQ9PB" duration="00:00:00.0000041" startTime="2022-06-13T21:15:24.6163064+02:00" endTime="2022-06-13T21:15:24.6163065+02:00" testType="13cdc9d9-ddb5-4fa4-a97d-d965ccfc6d4b" outcome="Passed" testListId="8c84fa94-04c1-424b-9868-57a2d4851a1d" relativeResultsDirectory="350fb980-f421-4439-b0de-b45ee2a25729" />
    <UnitTestResult executionId="109a62ca-e5e5-482f-b41f-ebe01ce42491" testId="749e89fd-9c9b-5d83-545c-b459ff44beff" testName="xUnitTestProject.CurrencyHelperTests.FormatToStringTest1000(price: 17418.31302247863, expected: &quot;17418.31 zł&quot;)" computerName="DESKTOP-5URQ9PB" duration="00:00:00.0000041" startTime="2022-06-13T21:15:24.6455304+02:00" endTime="2022-06-13T21:15:24.6455306+02:00" testType="13cdc9d9-ddb5-4fa4-a97d-d965ccfc6d4b" outcome="Passed" testListId="8c84fa94-04c1-424b-9868-57a2d4851a1d" relativeResultsDirectory="109a62ca-e5e5-482f-b41f-ebe01ce42491" />
    <UnitTestResult executionId="1e4ce02a-6413-40a5-afea-bd6a5e81e600" testId="89c1bc9c-fd1f-546d-3081-e1943d5ea5fd" testName="xUnitTestProject.CurrencyHelperTests.FormatToStringTest1000(price: 30499.08272379734, expected: &quot;30499.08 zł&quot;)" computerName="DESKTOP-5URQ9PB" duration="00:00:00.0000041" startTime="2022-06-13T21:15:24.6934606+02:00" endTime="2022-06-13T21:15:24.6934610+02:00" testType="13cdc9d9-ddb5-4fa4-a97d-d965ccfc6d4b" outcome="Passed" testListId="8c84fa94-04c1-424b-9868-57a2d4851a1d" relativeResultsDirectory="1e4ce02a-6413-40a5-afea-bd6a5e81e600" />
    <UnitTestResult executionId="94a2cc88-8a35-4ce1-9450-a8c5338c0ae7" testId="8f3ac04b-f653-5459-90af-f61d3689f759" testName="xUnitTestProject.CurrencyHelperTests.FormatToStringTest1000(price: 8492.904747505161, expected: &quot;8492.90 zł&quot;)" computerName="DESKTOP-5URQ9PB" duration="00:00:00.0000055" startTime="2022-06-13T21:15:24.6524482+02:00" endTime="2022-06-13T21:15:24.6524484+02:00" testType="13cdc9d9-ddb5-4fa4-a97d-d965ccfc6d4b" outcome="Passed" testListId="8c84fa94-04c1-424b-9868-57a2d4851a1d" relativeResultsDirectory="94a2cc88-8a35-4ce1-9450-a8c5338c0ae7" />
    <UnitTestResult executionId="4d2df563-4c50-49f6-840d-6015320fc3d5" testId="50bd341a-c773-af8f-d72d-637dadce7bec" testName="xUnitTestProject.CurrencyHelperTests.FormatToStringTest1000(price: 42383.08993972982, expected: &quot;42383.09 zł&quot;)" computerName="DESKTOP-5URQ9PB" duration="00:00:00.0000039" startTime="2022-06-13T21:15:24.7030153+02:00" endTime="2022-06-13T21:15:24.7030155+02:00" testType="13cdc9d9-ddb5-4fa4-a97d-d965ccfc6d4b" outcome="Passed" testListId="8c84fa94-04c1-424b-9868-57a2d4851a1d" relativeResultsDirectory="4d2df563-4c50-49f6-840d-6015320fc3d5" />
    <UnitTestResult executionId="923d4eb9-e909-4746-8fdb-5000f1a5115e" testId="1f1eef69-3a21-cd3d-3a5f-46efeda6ab38" testName="xUnitTestProject.CurrencyHelperTests.FormatToStringTest1000(price: 7975.276658828965, expected: &quot;7975.28 zł&quot;)" computerName="DESKTOP-5URQ9PB" duration="00:00:00.0000040" startTime="2022-06-13T21:15:24.7118284+02:00" endTime="2022-06-13T21:15:24.7118285+02:00" testType="13cdc9d9-ddb5-4fa4-a97d-d965ccfc6d4b" outcome="Passed" testListId="8c84fa94-04c1-424b-9868-57a2d4851a1d" relativeResultsDirectory="923d4eb9-e909-4746-8fdb-5000f1a5115e" />
    <UnitTestResult executionId="a592e43c-5211-4c2e-b96c-e4ba8f2aaeb7" testId="ddfa2a9a-e29a-9dfc-0603-2fa2e9e89c67" testName="xUnitTestProject.CurrencyHelperTests.FormatToStringTest1000(price: 24251.68593564848, expected: &quot;24251.69 zł&quot;)" computerName="DESKTOP-5URQ9PB" duration="00:00:00.0000041" startTime="2022-06-13T21:15:24.6203677+02:00" endTime="2022-06-13T21:15:24.6203685+02:00" testType="13cdc9d9-ddb5-4fa4-a97d-d965ccfc6d4b" outcome="Passed" testListId="8c84fa94-04c1-424b-9868-57a2d4851a1d" relativeResultsDirectory="a592e43c-5211-4c2e-b96c-e4ba8f2aaeb7" />
    <UnitTestResult executionId="aa404cc7-cfc4-465d-af72-cf571c9d0f43" testId="f2358686-aae0-414b-7a27-d43a959b03da" testName="xUnitTestProject.CurrencyHelperTests.FormatToStringTest1000(price: 26529.10838037036, expected: &quot;26529.11 zł&quot;)" computerName="DESKTOP-5URQ9PB" duration="00:00:00.0000041" startTime="2022-06-13T21:15:24.6756852+02:00" endTime="2022-06-13T21:15:24.6756854+02:00" testType="13cdc9d9-ddb5-4fa4-a97d-d965ccfc6d4b" outcome="Passed" testListId="8c84fa94-04c1-424b-9868-57a2d4851a1d" relativeResultsDirectory="aa404cc7-cfc4-465d-af72-cf571c9d0f43" />
    <UnitTestResult executionId="915b9912-e382-4c45-8d5f-752c90b4350e" testId="0fab285a-bfbc-a49a-b095-2b979efe33e8" testName="xUnitTestProject.CurrencyHelperTests.FormatToStringTest1000(price: 8582.709131852587, expected: &quot;8582.71 zł&quot;)" computerName="DESKTOP-5URQ9PB" duration="00:00:00.0000040" startTime="2022-06-13T21:15:24.6183084+02:00" endTime="2022-06-13T21:15:24.6183086+02:00" testType="13cdc9d9-ddb5-4fa4-a97d-d965ccfc6d4b" outcome="Passed" testListId="8c84fa94-04c1-424b-9868-57a2d4851a1d" relativeResultsDirectory="915b9912-e382-4c45-8d5f-752c90b4350e" />
    <UnitTestResult executionId="01890831-1ec9-4403-a3ff-a13e20e37d9c" testId="2194158b-3f8a-54e0-368a-945d72c0c309" testName="xUnitTestProject.CurrencyHelperTests.FormatToStringTest1000(price: 7182.939759099362, expected: &quot;7182.94 zł&quot;)" computerName="DESKTOP-5URQ9PB" duration="00:00:00.0000039" startTime="2022-06-13T21:15:24.7008713+02:00" endTime="2022-06-13T21:15:24.7008717+02:00" testType="13cdc9d9-ddb5-4fa4-a97d-d965ccfc6d4b" outcome="Passed" testListId="8c84fa94-04c1-424b-9868-57a2d4851a1d" relativeResultsDirectory="01890831-1ec9-4403-a3ff-a13e20e37d9c" />
    <UnitTestResult executionId="127f9084-07f0-40d9-b503-6fb2cd670fec" testId="3fad871b-7e9b-a4ff-8f1b-45e15f0c2efa" testName="xUnitTestProject.CurrencyHelperTests.FormatToStringTest1000(price: 69373.32129976773, expected: &quot;69373.32 zł&quot;)" computerName="DESKTOP-5URQ9PB" duration="00:00:00.0000040" startTime="2022-06-13T21:15:24.6267958+02:00" endTime="2022-06-13T21:15:24.6267959+02:00" testType="13cdc9d9-ddb5-4fa4-a97d-d965ccfc6d4b" outcome="Passed" testListId="8c84fa94-04c1-424b-9868-57a2d4851a1d" relativeResultsDirectory="127f9084-07f0-40d9-b503-6fb2cd670fec" />
    <UnitTestResult executionId="b0bb8a62-744c-4ae6-98ed-4b17b3af39ff" testId="3323ac76-0104-2779-2a9d-3f5ae9693296" testName="xUnitTestProject.CurrencyHelperTests.FormatToStringTest1000(price: 50956.25028206606, expected: &quot;50956.25 zł&quot;)" computerName="DESKTOP-5URQ9PB" duration="00:00:00.0000040" startTime="2022-06-13T21:15:24.6474460+02:00" endTime="2022-06-13T21:15:24.6474462+02:00" testType="13cdc9d9-ddb5-4fa4-a97d-d965ccfc6d4b" outcome="Passed" testListId="8c84fa94-04c1-424b-9868-57a2d4851a1d" relativeResultsDirectory="b0bb8a62-744c-4ae6-98ed-4b17b3af39ff" />
    <UnitTestResult executionId="ce437847-74c0-4289-8fa3-dc12efab8c45" testId="4c71192e-43b4-c49c-e53a-9e4a0adf6b7e" testName="xUnitTestProject.CurrencyHelperTests.FormatToStringTest1000(price: 34062.88803158276, expected: &quot;34062.89 zł&quot;)" computerName="DESKTOP-5URQ9PB" duration="00:00:00.0000041" startTime="2022-06-13T21:15:24.6787015+02:00" endTime="2022-06-13T21:15:24.6787016+02:00" testType="13cdc9d9-ddb5-4fa4-a97d-d965ccfc6d4b" outcome="Passed" testListId="8c84fa94-04c1-424b-9868-57a2d4851a1d" relativeResultsDirectory="ce437847-74c0-4289-8fa3-dc12efab8c45" />
    <UnitTestResult executionId="79fa3788-d9a6-45b5-a6ec-3755ecbaafa3" testId="69eeb057-df94-2674-fba1-959c41ef1419" testName="xUnitTestProject.CurrencyHelperTests.FormatToStringTest1000(price: 87505.85936583664, expected: &quot;87505.86 zł&quot;)" computerName="DESKTOP-5URQ9PB" duration="00:00:00.0000039" startTime="2022-06-13T21:15:24.6613594+02:00" endTime="2022-06-13T21:15:24.6613596+02:00" testType="13cdc9d9-ddb5-4fa4-a97d-d965ccfc6d4b" outcome="Passed" testListId="8c84fa94-04c1-424b-9868-57a2d4851a1d" relativeResultsDirectory="79fa3788-d9a6-45b5-a6ec-3755ecbaafa3" />
    <UnitTestResult executionId="b0fd64b2-89b4-49ca-a39f-6536e2da13b6" testId="bcf772d6-bc03-8db6-964e-e43c8f396083" testName="xUnitTestProject.CurrencyHelperTests.FormatToStringTest1000(price: 1664.7834932994022, expected: &quot;1664.78 zł&quot;)" computerName="DESKTOP-5URQ9PB" duration="00:00:00.0000040" startTime="2022-06-13T21:15:24.6341341+02:00" endTime="2022-06-13T21:15:24.6341343+02:00" testType="13cdc9d9-ddb5-4fa4-a97d-d965ccfc6d4b" outcome="Passed" testListId="8c84fa94-04c1-424b-9868-57a2d4851a1d" relativeResultsDirectory="b0fd64b2-89b4-49ca-a39f-6536e2da13b6" />
    <UnitTestResult executionId="75ff1eab-4592-4f21-b51a-ab9ef60dd2f9" testId="900eea81-caf7-4e0f-b129-22c2df2135b0" testName="xUnitTestProject.CurrencyHelperTests.FormatToStringTest1000(price: 44065.726815678056, expected: &quot;44065.73 zł&quot;)" computerName="DESKTOP-5URQ9PB" duration="00:00:00.0000095" startTime="2022-06-13T21:15:24.6936651+02:00" endTime="2022-06-13T21:15:24.6936652+02:00" testType="13cdc9d9-ddb5-4fa4-a97d-d965ccfc6d4b" outcome="Passed" testListId="8c84fa94-04c1-424b-9868-57a2d4851a1d" relativeResultsDirectory="75ff1eab-4592-4f21-b51a-ab9ef60dd2f9" />
    <UnitTestResult executionId="c5f733b9-8962-47e2-9b82-390172dcfc52" testId="f7339f67-966a-9543-e542-56a7562f05ad" testName="xUnitTestProject.CurrencyHelperTests.FormatToStringTest1000(price: 32566.30279101259, expected: &quot;32566.30 zł&quot;)" computerName="DESKTOP-5URQ9PB" duration="00:00:00.0000041" startTime="2022-06-13T21:15:24.6945543+02:00" endTime="2022-06-13T21:15:24.6945545+02:00" testType="13cdc9d9-ddb5-4fa4-a97d-d965ccfc6d4b" outcome="Passed" testListId="8c84fa94-04c1-424b-9868-57a2d4851a1d" relativeResultsDirectory="c5f733b9-8962-47e2-9b82-390172dcfc52" />
    <UnitTestResult executionId="03f1fd6b-7f03-4aa7-840b-9ec842c6e718" testId="56e327fe-8407-ea11-addf-90ce93ff7d58" testName="xUnitTestProject.CurrencyHelperTests.FormatToStringTest1000(price: 1814.7218118955948, expected: &quot;1814.72 zł&quot;)" computerName="DESKTOP-5URQ9PB" duration="00:00:00.0000041" startTime="2022-06-13T21:15:24.7246194+02:00" endTime="2022-06-13T21:15:24.7246196+02:00" testType="13cdc9d9-ddb5-4fa4-a97d-d965ccfc6d4b" outcome="Passed" testListId="8c84fa94-04c1-424b-9868-57a2d4851a1d" relativeResultsDirectory="03f1fd6b-7f03-4aa7-840b-9ec842c6e718" />
    <UnitTestResult executionId="7496e057-bf15-45d5-b7c2-068ca719d5a8" testId="598d9a80-ba03-040c-39ba-536b5b6632f4" testName="xUnitTestProject.CurrencyHelperTests.FormatToStringTest1000(price: 12528.413830086782, expected: &quot;12528.41 zł&quot;)" computerName="DESKTOP-5URQ9PB" duration="00:00:00.0000040" startTime="2022-06-13T21:15:24.7177768+02:00" endTime="2022-06-13T21:15:24.7177770+02:00" testType="13cdc9d9-ddb5-4fa4-a97d-d965ccfc6d4b" outcome="Passed" testListId="8c84fa94-04c1-424b-9868-57a2d4851a1d" relativeResultsDirectory="7496e057-bf15-45d5-b7c2-068ca719d5a8" />
    <UnitTestResult executionId="d3a6bd26-5e31-41ba-a0e4-ef6ec01fdd74" testId="744b047e-9ee3-164d-c478-0183e3fd850c" testName="xUnitTestProject.CurrencyHelperTests.FormatToStringTest1000(price: 12610.563163818122, expected: &quot;12610.56 zł&quot;)" computerName="DESKTOP-5URQ9PB" duration="00:00:00.0000043" startTime="2022-06-13T21:15:24.6878345+02:00" endTime="2022-06-13T21:15:24.6878347+02:00" testType="13cdc9d9-ddb5-4fa4-a97d-d965ccfc6d4b" outcome="Passed" testListId="8c84fa94-04c1-424b-9868-57a2d4851a1d" relativeResultsDirectory="d3a6bd26-5e31-41ba-a0e4-ef6ec01fdd74" />
    <UnitTestResult executionId="aa96bf31-d1f1-4c49-8dec-4e0fadb40fe1" testId="a69afd9b-81e8-28e1-2371-18b74a947656" testName="xUnitTestProject.CurrencyHelperTests.FormatToStringTest1000(price: 12903.541202012237, expected: &quot;12903.54 zł&quot;)" computerName="DESKTOP-5URQ9PB" duration="00:00:00.0000040" startTime="2022-06-13T21:15:24.6511778+02:00" endTime="2022-06-13T21:15:24.6511782+02:00" testType="13cdc9d9-ddb5-4fa4-a97d-d965ccfc6d4b" outcome="Passed" testListId="8c84fa94-04c1-424b-9868-57a2d4851a1d" relativeResultsDirectory="aa96bf31-d1f1-4c49-8dec-4e0fadb40fe1" />
    <UnitTestResult executionId="9ab932be-ce2f-447e-9c3f-504098e3314f" testId="d6af606e-af1d-b77f-4ce0-c1f6556a4ce0" testName="xUnitTestProject.CurrencyHelperTests.FormatToStringTest1000(price: 11.555284778846096, expected: &quot;11.56 zł&quot;)" computerName="DESKTOP-5URQ9PB" duration="00:00:00.0000040" startTime="2022-06-13T21:15:24.6592675+02:00" endTime="2022-06-13T21:15:24.6592676+02:00" testType="13cdc9d9-ddb5-4fa4-a97d-d965ccfc6d4b" outcome="Passed" testListId="8c84fa94-04c1-424b-9868-57a2d4851a1d" relativeResultsDirectory="9ab932be-ce2f-447e-9c3f-504098e3314f" />
    <UnitTestResult executionId="5b7e87b7-e538-4825-9109-14b863a58c8d" testId="85835fd9-2c0e-82ff-767f-a5379021f4f3" testName="xUnitTestProject.CurrencyHelperTests.FormatToStringTest1000(price: 480.2082316857801, expected: &quot;480.21 zł&quot;)" computerName="DESKTOP-5URQ9PB" duration="00:00:00.0000040" startTime="2022-06-13T21:15:24.7098280+02:00" endTime="2022-06-13T21:15:24.7098282+02:00" testType="13cdc9d9-ddb5-4fa4-a97d-d965ccfc6d4b" outcome="Passed" testListId="8c84fa94-04c1-424b-9868-57a2d4851a1d" relativeResultsDirectory="5b7e87b7-e538-4825-9109-14b863a58c8d" />
    <UnitTestResult executionId="b2976c9e-658e-4140-a7a4-bbbf4f9d090c" testId="e8ec7e81-c75e-50ea-5d4f-c58eeb7d8270" testName="xUnitTestProject.CurrencyHelperTests.FormatToStringTest1000(price: 17098.491445727876, expected: &quot;17098.49 zł&quot;)" computerName="DESKTOP-5URQ9PB" duration="00:00:00.0000041" startTime="2022-06-13T21:15:24.6804640+02:00" endTime="2022-06-13T21:15:24.6804643+02:00" testType="13cdc9d9-ddb5-4fa4-a97d-d965ccfc6d4b" outcome="Passed" testListId="8c84fa94-04c1-424b-9868-57a2d4851a1d" relativeResultsDirectory="b2976c9e-658e-4140-a7a4-bbbf4f9d090c" />
    <UnitTestResult executionId="4f522abd-1c6b-4399-a6eb-4ee7b3e82fc1" testId="92c24577-a226-a6b7-7d5e-021b44057899" testName="xUnitTestProject.CurrencyHelperTests.FormatToStringTest1000(price: 3303.1902076747224, expected: &quot;3303.19 zł&quot;)" computerName="DESKTOP-5URQ9PB" duration="00:00:00.0000040" startTime="2022-06-13T21:15:24.6673928+02:00" endTime="2022-06-13T21:15:24.6673929+02:00" testType="13cdc9d9-ddb5-4fa4-a97d-d965ccfc6d4b" outcome="Passed" testListId="8c84fa94-04c1-424b-9868-57a2d4851a1d" relativeResultsDirectory="4f522abd-1c6b-4399-a6eb-4ee7b3e82fc1" />
    <UnitTestResult executionId="1710c933-6b2d-4d87-b368-af632bdef5c2" testId="24614531-2aef-39c0-ae03-729fa029c955" testName="xUnitTestProject.CurrencyHelperTests.FormatToStringTest1000(price: 78796.90433980194, expected: &quot;78796.90 zł&quot;)" computerName="DESKTOP-5URQ9PB" duration="00:00:00.0000040" startTime="2022-06-13T21:15:24.6683455+02:00" endTime="2022-06-13T21:15:24.6683456+02:00" testType="13cdc9d9-ddb5-4fa4-a97d-d965ccfc6d4b" outcome="Passed" testListId="8c84fa94-04c1-424b-9868-57a2d4851a1d" relativeResultsDirectory="1710c933-6b2d-4d87-b368-af632bdef5c2" />
    <UnitTestResult executionId="3e682ed0-fbd1-4534-bebb-c98c36abb270" testId="2472258e-8be8-7772-0b75-b4a3d535f097" testName="xUnitTestProject.CurrencyHelperTests.FormatToStringTest1000(price: 10641.263377953444, expected: &quot;10641.26 zł&quot;)" computerName="DESKTOP-5URQ9PB" duration="00:00:00.0000040" startTime="2022-06-13T21:15:24.6631971+02:00" endTime="2022-06-13T21:15:24.6631976+02:00" testType="13cdc9d9-ddb5-4fa4-a97d-d965ccfc6d4b" outcome="Passed" testListId="8c84fa94-04c1-424b-9868-57a2d4851a1d" relativeResultsDirectory="3e682ed0-fbd1-4534-bebb-c98c36abb270" />
    <UnitTestResult executionId="30abf889-a9ae-4e3a-925a-4e7d1bc8d17a" testId="df661f1a-369e-296a-5042-ab9651f93dce" testName="xUnitTestProject.CurrencyHelperTests.FormatToStringTest1000(price: 16383.352881839199, expected: &quot;16383.35 zł&quot;)" computerName="DESKTOP-5URQ9PB" duration="00:00:00.0000049" startTime="2022-06-13T21:15:24.7304909+02:00" endTime="2022-06-13T21:15:24.7304912+02:00" testType="13cdc9d9-ddb5-4fa4-a97d-d965ccfc6d4b" outcome="Passed" testListId="8c84fa94-04c1-424b-9868-57a2d4851a1d" relativeResultsDirectory="30abf889-a9ae-4e3a-925a-4e7d1bc8d17a" />
    <UnitTestResult executionId="e2a8b7c5-02bd-4f1a-8654-b6dd3861d8ff" testId="0f785118-4101-2fda-f887-c7a86673e736" testName="xUnitTestProject.CurrencyHelperTests.FormatToStringTest1000(price: 13092.45389243609, expected: &quot;13092.45 zł&quot;)" computerName="DESKTOP-5URQ9PB" duration="00:00:00.0000040" startTime="2022-06-13T21:15:24.6572695+02:00" endTime="2022-06-13T21:15:24.6572696+02:00" testType="13cdc9d9-ddb5-4fa4-a97d-d965ccfc6d4b" outcome="Passed" testListId="8c84fa94-04c1-424b-9868-57a2d4851a1d" relativeResultsDirectory="e2a8b7c5-02bd-4f1a-8654-b6dd3861d8ff" />
    <UnitTestResult executionId="75ae9c48-e126-4deb-bc20-b09d005486a4" testId="6a68b288-e760-a42c-8c5a-4aafd65f28b7" testName="xUnitTestProject.CurrencyHelperTests.FormatToStringTest1000(price: 74514.06270644537, expected: &quot;74514.06 zł&quot;)" computerName="DESKTOP-5URQ9PB" duration="00:00:00.0000039" startTime="2022-06-13T21:15:24.7107525+02:00" endTime="2022-06-13T21:15:24.7107526+02:00" testType="13cdc9d9-ddb5-4fa4-a97d-d965ccfc6d4b" outcome="Passed" testListId="8c84fa94-04c1-424b-9868-57a2d4851a1d" relativeResultsDirectory="75ae9c48-e126-4deb-bc20-b09d005486a4" />
    <UnitTestResult executionId="19c36e14-9f57-4621-b149-7df72a080afb" testId="a97810bc-ccf4-4f77-152b-d7c40d37cd64" testName="xUnitTestProject.CurrencyHelperTests.FormatToStringTest1000(price: 37866.43836050967, expected: &quot;37866.44 zł&quot;)" computerName="DESKTOP-5URQ9PB" duration="00:00:00.0000040" startTime="2022-06-13T21:15:24.6227621+02:00" endTime="2022-06-13T21:15:24.6227623+02:00" testType="13cdc9d9-ddb5-4fa4-a97d-d965ccfc6d4b" outcome="Passed" testListId="8c84fa94-04c1-424b-9868-57a2d4851a1d" relativeResultsDirectory="19c36e14-9f57-4621-b149-7df72a080afb" />
    <UnitTestResult executionId="db85bdac-fd5f-4ef2-bf0e-362ef2105aac" testId="4308f885-151f-014b-166d-40692645a73a" testName="xUnitTestProject.CurrencyHelperTests.FormatToStringTest1000(price: 15907.394871033446, expected: &quot;15907.39 zł&quot;)" computerName="DESKTOP-5URQ9PB" duration="00:00:00.0000040" startTime="2022-06-13T21:15:24.6706598+02:00" endTime="2022-06-13T21:15:24.6706600+02:00" testType="13cdc9d9-ddb5-4fa4-a97d-d965ccfc6d4b" outcome="Passed" testListId="8c84fa94-04c1-424b-9868-57a2d4851a1d" relativeResultsDirectory="db85bdac-fd5f-4ef2-bf0e-362ef2105aac" />
    <UnitTestResult executionId="e63b1d22-d477-4c4a-8388-61fae1e9cc60" testId="f54965f2-1519-0721-6d19-cf1386c23793" testName="xUnitTestProject.CurrencyHelperTests.FormatToStringTest1000(price: 8242.419043611, expected: &quot;8242.42 zł&quot;)" computerName="DESKTOP-5URQ9PB" duration="00:00:00.0000041" startTime="2022-06-13T21:15:24.7049088+02:00" endTime="2022-06-13T21:15:24.7049090+02:00" testType="13cdc9d9-ddb5-4fa4-a97d-d965ccfc6d4b" outcome="Passed" testListId="8c84fa94-04c1-424b-9868-57a2d4851a1d" relativeResultsDirectory="e63b1d22-d477-4c4a-8388-61fae1e9cc60" />
    <UnitTestResult executionId="df22c705-62af-45cc-86e4-9ef34ee58fb5" testId="1b17bc60-8954-8c6a-08e7-e6fe2f215cc6" testName="xUnitTestProject.CurrencyHelperTests.FormatToStringTest1000(price: 6665.405372488035, expected: &quot;6665.41 zł&quot;)" computerName="DESKTOP-5URQ9PB" duration="00:00:00.0000043" startTime="2022-06-13T21:15:24.6464034+02:00" endTime="2022-06-13T21:15:24.6464036+02:00" testType="13cdc9d9-ddb5-4fa4-a97d-d965ccfc6d4b" outcome="Passed" testListId="8c84fa94-04c1-424b-9868-57a2d4851a1d" relativeResultsDirectory="df22c705-62af-45cc-86e4-9ef34ee58fb5" />
    <UnitTestResult executionId="f1b45a04-1e9f-4ef9-9715-7af9a8667d67" testId="e6ca1d81-dcf2-fd0d-938d-c5551a71b09d" testName="xUnitTestProject.CurrencyHelperTests.FormatToStringTest1000(price: 36893.66238331593, expected: &quot;36893.66 zł&quot;)" computerName="DESKTOP-5URQ9PB" duration="00:00:00.0000039" startTime="2022-06-13T21:15:24.6375028+02:00" endTime="2022-06-13T21:15:24.6375031+02:00" testType="13cdc9d9-ddb5-4fa4-a97d-d965ccfc6d4b" outcome="Passed" testListId="8c84fa94-04c1-424b-9868-57a2d4851a1d" relativeResultsDirectory="f1b45a04-1e9f-4ef9-9715-7af9a8667d67" />
    <UnitTestResult executionId="f0a9ac71-0067-4937-b5b8-0f99b23880c5" testId="38f897eb-957e-6945-e8b5-f2e873b7ac17" testName="xUnitTestProject.CurrencyHelperTests.FormatToStringTest1000(price: 26945.125386551546, expected: &quot;26945.13 zł&quot;)" computerName="DESKTOP-5URQ9PB" duration="00:00:00.0000040" startTime="2022-06-13T21:15:24.6463095+02:00" endTime="2022-06-13T21:15:24.6463097+02:00" testType="13cdc9d9-ddb5-4fa4-a97d-d965ccfc6d4b" outcome="Passed" testListId="8c84fa94-04c1-424b-9868-57a2d4851a1d" relativeResultsDirectory="f0a9ac71-0067-4937-b5b8-0f99b23880c5" />
    <UnitTestResult executionId="4117e0b7-2a93-4cf3-aaad-4d6708fb9ae1" testId="5d5f3f94-f47b-3420-095f-ee592218e6de" testName="xUnitTestProject.CurrencyHelperTests.FormatToStringTest1000(price: 20454.142628653506, expected: &quot;20454.14 zł&quot;)" computerName="DESKTOP-5URQ9PB" duration="00:00:00.0000040" startTime="2022-06-13T21:15:24.6453638+02:00" endTime="2022-06-13T21:15:24.6453640+02:00" testType="13cdc9d9-ddb5-4fa4-a97d-d965ccfc6d4b" outcome="Passed" testListId="8c84fa94-04c1-424b-9868-57a2d4851a1d" relativeResultsDirectory="4117e0b7-2a93-4cf3-aaad-4d6708fb9ae1" />
    <UnitTestResult executionId="91c55e37-96d9-4969-840d-4d007e814799" testId="d1d304ec-d1a8-54dd-0ee3-d84b0c72b00c" testName="xUnitTestProject.CurrencyHelperTests.FormatToStringTest1000(price: 38803.03958246253, expected: &quot;38803.04 zł&quot;)" computerName="DESKTOP-5URQ9PB" duration="00:00:00.0000041" startTime="2022-06-13T21:15:24.6256778+02:00" endTime="2022-06-13T21:15:24.6256782+02:00" testType="13cdc9d9-ddb5-4fa4-a97d-d965ccfc6d4b" outcome="Passed" testListId="8c84fa94-04c1-424b-9868-57a2d4851a1d" relativeResultsDirectory="91c55e37-96d9-4969-840d-4d007e814799" />
    <UnitTestResult executionId="18875af9-69bb-4f79-9f33-f7d235517cea" testId="b6d907a4-489e-cb15-8555-a5c35fcc0ce1" testName="xUnitTestProject.CurrencyHelperTests.FormatToStringTest1000(price: 32732.81915128502, expected: &quot;32732.82 zł&quot;)" computerName="DESKTOP-5URQ9PB" duration="00:00:00.0000050" startTime="2022-06-13T21:15:24.7087271+02:00" endTime="2022-06-13T21:15:24.7087273+02:00" testType="13cdc9d9-ddb5-4fa4-a97d-d965ccfc6d4b" outcome="Passed" testListId="8c84fa94-04c1-424b-9868-57a2d4851a1d" relativeResultsDirectory="18875af9-69bb-4f79-9f33-f7d235517cea" />
    <UnitTestResult executionId="21b6984f-e98f-4f50-b080-19df54575128" testId="294352cc-8efa-db1c-1bd5-bae00c9cde08" testName="xUnitTestProject.CurrencyHelperTests.FormatToStringTest1000(price: 29362.005930638876, expected: &quot;29362.01 zł&quot;)" computerName="DESKTOP-5URQ9PB" duration="00:00:00.0000041" startTime="2022-06-13T21:15:24.6651567+02:00" endTime="2022-06-13T21:15:24.6651572+02:00" testType="13cdc9d9-ddb5-4fa4-a97d-d965ccfc6d4b" outcome="Passed" testListId="8c84fa94-04c1-424b-9868-57a2d4851a1d" relativeResultsDirectory="21b6984f-e98f-4f50-b080-19df54575128" />
    <UnitTestResult executionId="c5a5c38d-18ec-4543-900a-48647209245b" testId="f2b68a15-ef7c-c26b-ffdd-eb9ae7067bca" testName="xUnitTestProject.CurrencyHelperTests.FormatToStringTest1000(price: 58191.92113629585, expected: &quot;58191.92 zł&quot;)" computerName="DESKTOP-5URQ9PB" duration="00:00:00.0000039" startTime="2022-06-13T21:15:24.6492613+02:00" endTime="2022-06-13T21:15:24.6492615+02:00" testType="13cdc9d9-ddb5-4fa4-a97d-d965ccfc6d4b" outcome="Passed" testListId="8c84fa94-04c1-424b-9868-57a2d4851a1d" relativeResultsDirectory="c5a5c38d-18ec-4543-900a-48647209245b" />
    <UnitTestResult executionId="f2dc82da-c6c7-4a73-a526-2b10d5bb1b6d" testId="1d4cd445-caf0-beba-56bf-67413439f9ab" testName="xUnitTestProject.CurrencyHelperTests.FormatToStringTest1000(price: 3043.6828298227315, expected: &quot;3043.68 zł&quot;)" computerName="DESKTOP-5URQ9PB" duration="00:00:00.0000043" startTime="2022-06-13T21:15:24.6248822+02:00" endTime="2022-06-13T21:15:24.6248823+02:00" testType="13cdc9d9-ddb5-4fa4-a97d-d965ccfc6d4b" outcome="Passed" testListId="8c84fa94-04c1-424b-9868-57a2d4851a1d" relativeResultsDirectory="f2dc82da-c6c7-4a73-a526-2b10d5bb1b6d" />
    <UnitTestResult executionId="c368ecf9-ea33-40b3-bf8b-10ed25feae05" testId="a735bc53-5ccf-d2d2-51e4-40be87eec2ab" testName="xUnitTestProject.CurrencyHelperTests.FormatToStringTest1000(price: 28992.38363400166, expected: &quot;28992.38 zł&quot;)" computerName="DESKTOP-5URQ9PB" duration="00:00:00.0000040" startTime="2022-06-13T21:15:24.6494498+02:00" endTime="2022-06-13T21:15:24.6494499+02:00" testType="13cdc9d9-ddb5-4fa4-a97d-d965ccfc6d4b" outcome="Passed" testListId="8c84fa94-04c1-424b-9868-57a2d4851a1d" relativeResultsDirectory="c368ecf9-ea33-40b3-bf8b-10ed25feae05" />
    <UnitTestResult executionId="28255101-d463-432c-b217-ff4df6eabe96" testId="5c957f35-8133-124f-9f1e-c78d4730fe22" testName="xUnitTestProject.CurrencyHelperTests.FormatToStringTest1000(price: 759.247198292635, expected: &quot;759.25 zł&quot;)" computerName="DESKTOP-5URQ9PB" duration="00:00:00.0000040" startTime="2022-06-13T21:15:24.6623319+02:00" endTime="2022-06-13T21:15:24.6623321+02:00" testType="13cdc9d9-ddb5-4fa4-a97d-d965ccfc6d4b" outcome="Passed" testListId="8c84fa94-04c1-424b-9868-57a2d4851a1d" relativeResultsDirectory="28255101-d463-432c-b217-ff4df6eabe96" />
    <UnitTestResult executionId="ffc65f0c-b573-405b-8ad4-f4073193ea0b" testId="58fbd806-2ce4-1de9-b5f6-010d0ee1cbfa" testName="xUnitTestProject.CurrencyHelperTests.FormatToStringTest1000(price: 23023.74724929768, expected: &quot;23023.75 zł&quot;)" computerName="DESKTOP-5URQ9PB" duration="00:00:00.0000050" startTime="2022-06-13T21:15:24.6193951+02:00" endTime="2022-06-13T21:15:24.6193953+02:00" testType="13cdc9d9-ddb5-4fa4-a97d-d965ccfc6d4b" outcome="Passed" testListId="8c84fa94-04c1-424b-9868-57a2d4851a1d" relativeResultsDirectory="ffc65f0c-b573-405b-8ad4-f4073193ea0b" />
    <UnitTestResult executionId="8f8409f6-4a75-4381-8ae0-510cd2d0a4b5" testId="5b7cf016-7948-5d44-c172-ab04f16e1bd2" testName="xUnitTestProject.CurrencyHelperTests.FormatToStringTest1000(price: 73372.53853826903, expected: &quot;73372.54 zł&quot;)" computerName="DESKTOP-5URQ9PB" duration="00:00:00.0000041" startTime="2022-06-13T21:15:24.6193640+02:00" endTime="2022-06-13T21:15:24.6193642+02:00" testType="13cdc9d9-ddb5-4fa4-a97d-d965ccfc6d4b" outcome="Passed" testListId="8c84fa94-04c1-424b-9868-57a2d4851a1d" relativeResultsDirectory="8f8409f6-4a75-4381-8ae0-510cd2d0a4b5" />
    <UnitTestResult executionId="6c544072-a52b-4404-90b1-0c6c7b787901" testId="a75df869-b8ee-c89b-7cd3-025e83911294" testName="xUnitTestProject.CurrencyHelperTests.FormatToStringTest1000(price: 69864.17463991146, expected: &quot;69864.17 zł&quot;)" computerName="DESKTOP-5URQ9PB" duration="00:00:00.0000043" startTime="2022-06-13T21:15:24.6205791+02:00" endTime="2022-06-13T21:15:24.6205792+02:00" testType="13cdc9d9-ddb5-4fa4-a97d-d965ccfc6d4b" outcome="Passed" testListId="8c84fa94-04c1-424b-9868-57a2d4851a1d" relativeResultsDirectory="6c544072-a52b-4404-90b1-0c6c7b787901" />
    <UnitTestResult executionId="9d2709b2-27d1-46b5-828a-ff660a53b472" testId="567ca57c-5cc0-0e6c-fd41-e20b10f40469" testName="xUnitTestProject.CurrencyHelperTests.FormatToStringTest1000(price: 6890.028458985514, expected: &quot;6890.03 zł&quot;)" computerName="DESKTOP-5URQ9PB" duration="00:00:00.0000041" startTime="2022-06-13T21:15:24.7306207+02:00" endTime="2022-06-13T21:15:24.7306209+02:00" testType="13cdc9d9-ddb5-4fa4-a97d-d965ccfc6d4b" outcome="Passed" testListId="8c84fa94-04c1-424b-9868-57a2d4851a1d" relativeResultsDirectory="9d2709b2-27d1-46b5-828a-ff660a53b472" />
    <UnitTestResult executionId="5f56dda7-d54a-44ea-9c0f-cdbcc4b958cc" testId="71259de5-a991-d68a-74b6-6304befba6d8" testName="xUnitTestProject.CurrencyHelperTests.FormatToStringTest1000(price: 52481.07276821932, expected: &quot;52481.07 zł&quot;)" computerName="DESKTOP-5URQ9PB" duration="00:00:00.0000040" startTime="2022-06-13T21:15:24.6310364+02:00" endTime="2022-06-13T21:15:24.6310366+02:00" testType="13cdc9d9-ddb5-4fa4-a97d-d965ccfc6d4b" outcome="Passed" testListId="8c84fa94-04c1-424b-9868-57a2d4851a1d" relativeResultsDirectory="5f56dda7-d54a-44ea-9c0f-cdbcc4b958cc" />
    <UnitTestResult executionId="322bc977-d4b1-4492-8a21-e777aa951eb2" testId="bfee474b-216b-2c15-15a7-0adadfd388fb" testName="xUnitTestProject.CurrencyHelperTests.FormatToStringTest1000(price: 26133.133789601336, expected: &quot;26133.13 zł&quot;)" computerName="DESKTOP-5URQ9PB" duration="00:00:00.0000040" startTime="2022-06-13T21:15:24.6652861+02:00" endTime="2022-06-13T21:15:24.6652862+02:00" testType="13cdc9d9-ddb5-4fa4-a97d-d965ccfc6d4b" outcome="Passed" testListId="8c84fa94-04c1-424b-9868-57a2d4851a1d" relativeResultsDirectory="322bc977-d4b1-4492-8a21-e777aa951eb2" />
    <UnitTestResult executionId="c76fccfb-bb54-43da-97cd-1384e8ce35c6" testId="9a9212ad-b798-7488-4494-e587449427c6" testName="xUnitTestProject.CurrencyHelperTests.FormatToStringTest1000(price: 17579.823312525088, expected: &quot;17579.82 zł&quot;)" computerName="DESKTOP-5URQ9PB" duration="00:00:00.0000040" startTime="2022-06-13T21:15:24.6227310+02:00" endTime="2022-06-13T21:15:24.6227312+02:00" testType="13cdc9d9-ddb5-4fa4-a97d-d965ccfc6d4b" outcome="Passed" testListId="8c84fa94-04c1-424b-9868-57a2d4851a1d" relativeResultsDirectory="c76fccfb-bb54-43da-97cd-1384e8ce35c6" />
    <UnitTestResult executionId="f82c9f8d-e603-44c4-beba-e41439c93503" testId="b8787739-4c07-b11a-eff9-c330a8615328" testName="xUnitTestProject.CurrencyHelperTests.FormatToStringTest1000(price: 5855.75080885354, expected: &quot;5855.75 zł&quot;)" computerName="DESKTOP-5URQ9PB" duration="00:00:00.0000040" startTime="2022-06-13T21:15:24.7256018+02:00" endTime="2022-06-13T21:15:24.7256020+02:00" testType="13cdc9d9-ddb5-4fa4-a97d-d965ccfc6d4b" outcome="Passed" testListId="8c84fa94-04c1-424b-9868-57a2d4851a1d" relativeResultsDirectory="f82c9f8d-e603-44c4-beba-e41439c93503" />
    <UnitTestResult executionId="3d8bf69d-2988-4d83-8720-24e9816317ba" testId="71b5be91-6e3e-5890-08ca-57e68e3990bc" testName="xUnitTestProject.CurrencyHelperTests.FormatToStringTest1000(price: 46607.970025941715, expected: &quot;46607.97 zł&quot;)" computerName="DESKTOP-5URQ9PB" duration="00:00:00.0000041" startTime="2022-06-13T21:15:24.6794913+02:00" endTime="2022-06-13T21:15:24.6794919+02:00" testType="13cdc9d9-ddb5-4fa4-a97d-d965ccfc6d4b" outcome="Passed" testListId="8c84fa94-04c1-424b-9868-57a2d4851a1d" relativeResultsDirectory="3d8bf69d-2988-4d83-8720-24e9816317ba" />
    <UnitTestResult executionId="6c7afcdb-225e-48fc-bb2f-1d6545c76cbf" testId="4f602daf-bb8d-fd94-ef0a-fd5eecda2ee6" testName="xUnitTestProject.CurrencyHelperTests.FormatToStringTest1000(price: 17090.629587323234, expected: &quot;17090.63 zł&quot;)" computerName="DESKTOP-5URQ9PB" duration="00:00:00.0000041" startTime="2022-06-13T21:15:24.7077317+02:00" endTime="2022-06-13T21:15:24.7077319+02:00" testType="13cdc9d9-ddb5-4fa4-a97d-d965ccfc6d4b" outcome="Passed" testListId="8c84fa94-04c1-424b-9868-57a2d4851a1d" relativeResultsDirectory="6c7afcdb-225e-48fc-bb2f-1d6545c76cbf" />
    <UnitTestResult executionId="41d391de-f319-405f-acb9-6b264a47f354" testId="07878353-6799-84f6-4a3b-1ffc56ae1d1d" testName="xUnitTestProject.CurrencyHelperTests.FormatToStringTest1000(price: 6466.872242818062, expected: &quot;6466.87 zł&quot;)" computerName="DESKTOP-5URQ9PB" duration="00:00:00.0000041" startTime="2022-06-13T21:15:24.7244090+02:00" endTime="2022-06-13T21:15:24.7244095+02:00" testType="13cdc9d9-ddb5-4fa4-a97d-d965ccfc6d4b" outcome="Passed" testListId="8c84fa94-04c1-424b-9868-57a2d4851a1d" relativeResultsDirectory="41d391de-f319-405f-acb9-6b264a47f354" />
    <UnitTestResult executionId="6173b307-a4b7-4894-b241-3d784e992f98" testId="7fe2a8ad-3600-98d5-7117-12a9f9025c62" testName="xUnitTestProject.CurrencyHelperTests.FormatToStringTest1000(price: 46803.36433423374, expected: &quot;46803.36 zł&quot;)" computerName="DESKTOP-5URQ9PB" duration="00:00:00.0000041" startTime="2022-06-13T21:15:24.6433822+02:00" endTime="2022-06-13T21:15:24.6433823+02:00" testType="13cdc9d9-ddb5-4fa4-a97d-d965ccfc6d4b" outcome="Passed" testListId="8c84fa94-04c1-424b-9868-57a2d4851a1d" relativeResultsDirectory="6173b307-a4b7-4894-b241-3d784e992f98" />
    <UnitTestResult executionId="f135c761-79c9-481f-9674-c51b2c6953ae" testId="ed2c7eae-4b8e-1a77-ee79-03d5fbd59f41" testName="xUnitTestProject.CurrencyHelperTests.FormatToStringTest1000(price: 76106.57198894516, expected: &quot;76106.57 zł&quot;)" computerName="DESKTOP-5URQ9PB" duration="00:00:00.0000041" startTime="2022-06-13T21:15:24.6796534+02:00" endTime="2022-06-13T21:15:24.6796536+02:00" testType="13cdc9d9-ddb5-4fa4-a97d-d965ccfc6d4b" outcome="Passed" testListId="8c84fa94-04c1-424b-9868-57a2d4851a1d" relativeResultsDirectory="f135c761-79c9-481f-9674-c51b2c6953ae" />
    <UnitTestResult executionId="c2d8479a-e12c-4fc3-8bbd-cff69e80c17e" testId="6f661c9f-cb4c-fdf6-5a9a-217f69ebc5d5" testName="xUnitTestProject.CurrencyHelperTests.FormatToStringTest1000(price: 1613.6903705837626, expected: &quot;1613.69 zł&quot;)" computerName="DESKTOP-5URQ9PB" duration="00:00:00.0000041" startTime="2022-06-13T21:15:24.6405976+02:00" endTime="2022-06-13T21:15:24.6405977+02:00" testType="13cdc9d9-ddb5-4fa4-a97d-d965ccfc6d4b" outcome="Passed" testListId="8c84fa94-04c1-424b-9868-57a2d4851a1d" relativeResultsDirectory="c2d8479a-e12c-4fc3-8bbd-cff69e80c17e" />
    <UnitTestResult executionId="af072dcb-25f6-4086-9b34-c94b3ee32821" testId="e21002e6-50a6-5886-0d27-79e4c9ba2f92" testName="xUnitTestProject.CurrencyHelperTests.FormatToStringTest1000(price: 9603.199987620208, expected: &quot;9603.20 zł&quot;)" computerName="DESKTOP-5URQ9PB" duration="00:00:00.0000039" startTime="2022-06-13T21:15:24.6707536+02:00" endTime="2022-06-13T21:15:24.6707538+02:00" testType="13cdc9d9-ddb5-4fa4-a97d-d965ccfc6d4b" outcome="Passed" testListId="8c84fa94-04c1-424b-9868-57a2d4851a1d" relativeResultsDirectory="af072dcb-25f6-4086-9b34-c94b3ee32821" />
    <UnitTestResult executionId="454ab823-a2c5-469b-9c67-53f25584910e" testId="6205fc96-eb71-1460-755c-461fb37bb024" testName="xUnitTestProject.CurrencyHelperTests.FormatToStringTest1000(price: 21785.42157155528, expected: &quot;21785.42 zł&quot;)" computerName="DESKTOP-5URQ9PB" duration="00:00:00.0000041" startTime="2022-06-13T21:15:24.6777251+02:00" endTime="2022-06-13T21:15:24.6777252+02:00" testType="13cdc9d9-ddb5-4fa4-a97d-d965ccfc6d4b" outcome="Passed" testListId="8c84fa94-04c1-424b-9868-57a2d4851a1d" relativeResultsDirectory="454ab823-a2c5-469b-9c67-53f25584910e" />
    <UnitTestResult executionId="f247876e-9c86-4e46-9e95-88a235c9b9d1" testId="939e1c3f-3bc7-ec75-48fe-8501679b5ff4" testName="xUnitTestProject.CurrencyHelperTests.FormatToStringTest1000(price: 30199.386730006612, expected: &quot;30199.39 zł&quot;)" computerName="DESKTOP-5URQ9PB" duration="00:00:00.0000069" startTime="2022-06-13T21:15:24.7285275+02:00" endTime="2022-06-13T21:15:24.7285276+02:00" testType="13cdc9d9-ddb5-4fa4-a97d-d965ccfc6d4b" outcome="Passed" testListId="8c84fa94-04c1-424b-9868-57a2d4851a1d" relativeResultsDirectory="f247876e-9c86-4e46-9e95-88a235c9b9d1" />
    <UnitTestResult executionId="be443bd7-de50-43af-91d2-5f4fbcd255b9" testId="bfe24180-c0ac-b24a-c731-fe26d6138983" testName="xUnitTestProject.CurrencyHelperTests.FormatToStringTest1000(price: 30034.922435005625, expected: &quot;30034.92 zł&quot;)" computerName="DESKTOP-5URQ9PB" duration="00:00:00.0000043" startTime="2022-06-13T21:15:24.6482780+02:00" endTime="2022-06-13T21:15:24.6482782+02:00" testType="13cdc9d9-ddb5-4fa4-a97d-d965ccfc6d4b" outcome="Passed" testListId="8c84fa94-04c1-424b-9868-57a2d4851a1d" relativeResultsDirectory="be443bd7-de50-43af-91d2-5f4fbcd255b9" />
    <UnitTestResult executionId="ba4e104b-4fc9-4753-9b00-19dcd8aee8f8" testId="11729d1c-6c6a-9fce-9d88-8ebfff125cf6" testName="xUnitTestProject.CurrencyHelperTests.FormatToStringTest1000(price: 29926.595417457444, expected: &quot;29926.60 zł&quot;)" computerName="DESKTOP-5URQ9PB" duration="00:00:00.0000039" startTime="2022-06-13T21:15:24.6622690+02:00" endTime="2022-06-13T21:15:24.6622692+02:00" testType="13cdc9d9-ddb5-4fa4-a97d-d965ccfc6d4b" outcome="Passed" testListId="8c84fa94-04c1-424b-9868-57a2d4851a1d" relativeResultsDirectory="ba4e104b-4fc9-4753-9b00-19dcd8aee8f8" />
    <UnitTestResult executionId="90ae3de4-5b4d-4a1c-a2fe-80479f0ae6c4" testId="d30d3b94-edb3-8c77-afa5-d7e300714162" testName="xUnitTestProject.CurrencyHelperTests.FormatToStringTest1000(price: 151.50737175275916, expected: &quot;151.51 zł&quot;)" computerName="DESKTOP-5URQ9PB" duration="00:00:00.0000047" startTime="2022-06-13T21:15:24.6237394+02:00" endTime="2022-06-13T21:15:24.6237396+02:00" testType="13cdc9d9-ddb5-4fa4-a97d-d965ccfc6d4b" outcome="Passed" testListId="8c84fa94-04c1-424b-9868-57a2d4851a1d" relativeResultsDirectory="90ae3de4-5b4d-4a1c-a2fe-80479f0ae6c4" />
    <UnitTestResult executionId="cadc5cfb-eb89-446f-88ad-fc0e4f90b9f0" testId="5a93f8c6-dddb-38ff-5f2b-b7e5cc3ddb6a" testName="xUnitTestProject.CurrencyHelperTests.FormatToStringTest1000(price: 7890.044272348771, expected: &quot;7890.04 zł&quot;)" computerName="DESKTOP-5URQ9PB" duration="00:00:00.0000041" startTime="2022-06-13T21:15:24.6583399+02:00" endTime="2022-06-13T21:15:24.6583401+02:00" testType="13cdc9d9-ddb5-4fa4-a97d-d965ccfc6d4b" outcome="Passed" testListId="8c84fa94-04c1-424b-9868-57a2d4851a1d" relativeResultsDirectory="cadc5cfb-eb89-446f-88ad-fc0e4f90b9f0" />
    <UnitTestResult executionId="9ef04578-97ec-4920-8a83-6b6a977a527f" testId="1ede13b3-cc3c-b767-91a3-9e4f793d1dd5" testName="xUnitTestProject.CurrencyHelperTests.FormatToStringTest1000(price: 52858.048916166204, expected: &quot;52858.05 zł&quot;)" computerName="DESKTOP-5URQ9PB" duration="00:00:00.0000040" startTime="2022-06-13T21:15:24.6925123+02:00" endTime="2022-06-13T21:15:24.6925126+02:00" testType="13cdc9d9-ddb5-4fa4-a97d-d965ccfc6d4b" outcome="Passed" testListId="8c84fa94-04c1-424b-9868-57a2d4851a1d" relativeResultsDirectory="9ef04578-97ec-4920-8a83-6b6a977a527f" />
    <UnitTestResult executionId="762ef0f8-8e76-4e83-be79-b4e23105bdc8" testId="f5820c79-9491-c601-5f6f-2c9537d33353" testName="xUnitTestProject.CurrencyHelperTests.FormatToStringTest1000(price: 18794.859523484418, expected: &quot;18794.86 zł&quot;)" computerName="DESKTOP-5URQ9PB" duration="00:00:00.0000041" startTime="2022-06-13T21:15:24.7204575+02:00" endTime="2022-06-13T21:15:24.7204579+02:00" testType="13cdc9d9-ddb5-4fa4-a97d-d965ccfc6d4b" outcome="Passed" testListId="8c84fa94-04c1-424b-9868-57a2d4851a1d" relativeResultsDirectory="762ef0f8-8e76-4e83-be79-b4e23105bdc8" />
    <UnitTestResult executionId="15d3dbbb-2883-4901-b881-67ed878d021b" testId="055fec57-4e1c-11c8-a858-911643af23bd" testName="xUnitTestProject.CurrencyHelperTests.FormatToStringTest1000(price: 8211.920994553679, expected: &quot;8211.92 zł&quot;)" computerName="DESKTOP-5URQ9PB" duration="00:00:00.0000040" startTime="2022-06-13T21:15:24.6611664+02:00" endTime="2022-06-13T21:15:24.6611668+02:00" testType="13cdc9d9-ddb5-4fa4-a97d-d965ccfc6d4b" outcome="Passed" testListId="8c84fa94-04c1-424b-9868-57a2d4851a1d" relativeResultsDirectory="15d3dbbb-2883-4901-b881-67ed878d021b" />
    <UnitTestResult executionId="3f293244-0461-4933-bc88-c2a49f859666" testId="696d2b08-2b8a-7456-8791-bc3514cd955e" testName="xUnitTestProject.CurrencyHelperTests.FormatToStringTest1000(price: 9431.144757136304, expected: &quot;9431.14 zł&quot;)" computerName="DESKTOP-5URQ9PB" duration="00:00:00.0000041" startTime="2022-06-13T21:15:24.6970472+02:00" endTime="2022-06-13T21:15:24.6970475+02:00" testType="13cdc9d9-ddb5-4fa4-a97d-d965ccfc6d4b" outcome="Passed" testListId="8c84fa94-04c1-424b-9868-57a2d4851a1d" relativeResultsDirectory="3f293244-0461-4933-bc88-c2a49f859666" />
    <UnitTestResult executionId="6eaa3a27-2c28-42db-84a7-20949b62f65a" testId="ae407fd6-e927-5656-0ce5-4192f5da53cb" testName="xUnitTestProject.CurrencyHelperTests.FormatToStringTest1000(price: 22592.465903659566, expected: &quot;22592.47 zł&quot;)" computerName="DESKTOP-5URQ9PB" duration="00:00:00.0000041" startTime="2022-06-13T21:15:24.6999933+02:00" endTime="2022-06-13T21:15:24.6999935+02:00" testType="13cdc9d9-ddb5-4fa4-a97d-d965ccfc6d4b" outcome="Passed" testListId="8c84fa94-04c1-424b-9868-57a2d4851a1d" relativeResultsDirectory="6eaa3a27-2c28-42db-84a7-20949b62f65a" />
    <UnitTestResult executionId="1d57eff0-266d-45ae-b96a-0132db0eea86" testId="761b6e00-61f3-b300-b2f5-8d5765381437" testName="xUnitTestProject.CurrencyHelperTests.FormatToStringTest1000(price: 57237.252356975456, expected: &quot;57237.25 zł&quot;)" computerName="DESKTOP-5URQ9PB" duration="00:00:00.0000040" startTime="2022-06-13T21:15:24.6414199+02:00" endTime="2022-06-13T21:15:24.6414200+02:00" testType="13cdc9d9-ddb5-4fa4-a97d-d965ccfc6d4b" outcome="Passed" testListId="8c84fa94-04c1-424b-9868-57a2d4851a1d" relativeResultsDirectory="1d57eff0-266d-45ae-b96a-0132db0eea86" />
    <UnitTestResult executionId="248231b5-6280-4002-a98b-ee0aeec64dae" testId="75fb03cc-a2de-116e-3a3c-32d118eb526b" testName="xUnitTestProject.CurrencyHelperTests.FormatToStringTest1000(price: 9196.579612724754, expected: &quot;9196.58 zł&quot;)" computerName="DESKTOP-5URQ9PB" duration="00:00:00.0000048" startTime="2022-06-13T21:15:24.6153623+02:00" endTime="2022-06-13T21:15:24.6153624+02:00" testType="13cdc9d9-ddb5-4fa4-a97d-d965ccfc6d4b" outcome="Passed" testListId="8c84fa94-04c1-424b-9868-57a2d4851a1d" relativeResultsDirectory="248231b5-6280-4002-a98b-ee0aeec64dae" />
    <UnitTestResult executionId="dd5acb22-3c48-41aa-92d7-d9849fb87e75" testId="bfa1b3ee-d7a8-b11e-2134-8a3b879aa609" testName="xUnitTestProject.CurrencyHelperTests.FormatToStringTest1000(price: 13582.47117894258, expected: &quot;13582.47 zł&quot;)" computerName="DESKTOP-5URQ9PB" duration="00:00:00.0000040" startTime="2022-06-13T21:15:24.6484040+02:00" endTime="2022-06-13T21:15:24.6484042+02:00" testType="13cdc9d9-ddb5-4fa4-a97d-d965ccfc6d4b" outcome="Passed" testListId="8c84fa94-04c1-424b-9868-57a2d4851a1d" relativeResultsDirectory="dd5acb22-3c48-41aa-92d7-d9849fb87e75" />
    <UnitTestResult executionId="7dff151f-fba3-47e0-811a-e9a69f75035f" testId="ce6af9f0-4b11-7bc7-9919-f6caf3d5d5f3" testName="xUnitTestProject.CurrencyHelperTests.FormatToStringTest1000(price: 38640.62766693003, expected: &quot;38640.63 zł&quot;)" computerName="DESKTOP-5URQ9PB" duration="00:00:00.0000041" startTime="2022-06-13T21:15:24.6342274+02:00" endTime="2022-06-13T21:15:24.6342275+02:00" testType="13cdc9d9-ddb5-4fa4-a97d-d965ccfc6d4b" outcome="Passed" testListId="8c84fa94-04c1-424b-9868-57a2d4851a1d" relativeResultsDirectory="7dff151f-fba3-47e0-811a-e9a69f75035f" />
    <UnitTestResult executionId="019fe21c-de5b-4b7b-b9cd-fdfe56b7ff8e" testId="c4f09638-23b4-3d40-c0a4-ef63a006dba0" testName="xUnitTestProject.CurrencyHelperTests.FormatToStringTest1000(price: 18990.72499258012, expected: &quot;18990.72 zł&quot;)" computerName="DESKTOP-5URQ9PB" duration="00:00:00.0000041" startTime="2022-06-13T21:15:24.6193018+02:00" endTime="2022-06-13T21:15:24.6193019+02:00" testType="13cdc9d9-ddb5-4fa4-a97d-d965ccfc6d4b" outcome="Passed" testListId="8c84fa94-04c1-424b-9868-57a2d4851a1d" relativeResultsDirectory="019fe21c-de5b-4b7b-b9cd-fdfe56b7ff8e" />
    <UnitTestResult executionId="4192e260-12ca-43ba-88d9-9c72f0c9b558" testId="5200e545-dbbb-62af-891d-31499a618a0e" testName="xUnitTestProject.CurrencyHelperTests.FormatToStringTest1000(price: 20012.898273490322, expected: &quot;20012.90 zł&quot;)" computerName="DESKTOP-5URQ9PB" duration="00:00:00.0000041" startTime="2022-06-13T21:15:24.6192029+02:00" endTime="2022-06-13T21:15:24.6192033+02:00" testType="13cdc9d9-ddb5-4fa4-a97d-d965ccfc6d4b" outcome="Passed" testListId="8c84fa94-04c1-424b-9868-57a2d4851a1d" relativeResultsDirectory="4192e260-12ca-43ba-88d9-9c72f0c9b558" />
    <UnitTestResult executionId="cbe233e5-d1ca-46a3-bd5a-7a196d437673" testId="4ef75591-ffb4-d566-94c9-bda5f50552b9" testName="xUnitTestProject.CurrencyHelperTests.FormatToStringTest1000(price: 17000.070169619317, expected: &quot;17000.07 zł&quot;)" computerName="DESKTOP-5URQ9PB" duration="00:00:00.0000041" startTime="2022-06-13T21:15:24.6818577+02:00" endTime="2022-06-13T21:15:24.6818579+02:00" testType="13cdc9d9-ddb5-4fa4-a97d-d965ccfc6d4b" outcome="Passed" testListId="8c84fa94-04c1-424b-9868-57a2d4851a1d" relativeResultsDirectory="cbe233e5-d1ca-46a3-bd5a-7a196d437673" />
    <UnitTestResult executionId="ea459f27-db71-49fe-9e7b-f13818f24c75" testId="0b4d877e-fce2-536e-a6f4-e4fbe4e6e47c" testName="xUnitTestProject.CurrencyHelperTests.FormatToStringTest1000(price: 4919.073526169674, expected: &quot;4919.07 zł&quot;)" computerName="DESKTOP-5URQ9PB" duration="00:00:00.0000041" startTime="2022-06-13T21:15:24.6886253+02:00" endTime="2022-06-13T21:15:24.6886254+02:00" testType="13cdc9d9-ddb5-4fa4-a97d-d965ccfc6d4b" outcome="Passed" testListId="8c84fa94-04c1-424b-9868-57a2d4851a1d" relativeResultsDirectory="ea459f27-db71-49fe-9e7b-f13818f24c75" />
    <UnitTestResult executionId="26781e87-2d10-4474-97fa-543cd7aed8fe" testId="d702a2a7-0d80-6e33-b0a7-e0e379e29093" testName="xUnitTestProject.CurrencyHelperTests.FormatToStringTest1000(price: 7753.724411372898, expected: &quot;7753.72 zł&quot;)" computerName="DESKTOP-5URQ9PB" duration="00:00:00.0000041" startTime="2022-06-13T21:15:24.6662359+02:00" endTime="2022-06-13T21:15:24.6662360+02:00" testType="13cdc9d9-ddb5-4fa4-a97d-d965ccfc6d4b" outcome="Passed" testListId="8c84fa94-04c1-424b-9868-57a2d4851a1d" relativeResultsDirectory="26781e87-2d10-4474-97fa-543cd7aed8fe" />
    <UnitTestResult executionId="a4243204-fd07-4ed7-9f2e-d27523e918bf" testId="ba7d1414-f471-8c90-0af7-54df538160f7" testName="xUnitTestProject.CurrencyHelperTests.FormatToStringTest1000(price: 24646.322657574587, expected: &quot;24646.32 zł&quot;)" computerName="DESKTOP-5URQ9PB" duration="00:00:00.0000040" startTime="2022-06-13T21:15:24.6582098+02:00" endTime="2022-06-13T21:15:24.6582101+02:00" testType="13cdc9d9-ddb5-4fa4-a97d-d965ccfc6d4b" outcome="Passed" testListId="8c84fa94-04c1-424b-9868-57a2d4851a1d" relativeResultsDirectory="a4243204-fd07-4ed7-9f2e-d27523e918bf" />
    <UnitTestResult executionId="a07a6c70-c024-44ee-8021-aad917073513" testId="040e6cf8-8fc7-ca87-38f4-b0a1a8671b45" testName="xUnitTestProject.CurrencyHelperTests.FormatToStringTest1000(price: 1952.6955147062872, expected: &quot;1952.70 zł&quot;)" computerName="DESKTOP-5URQ9PB" duration="00:00:00.0000041" startTime="2022-06-13T21:15:24.6311296+02:00" endTime="2022-06-13T21:15:24.6311298+02:00" testType="13cdc9d9-ddb5-4fa4-a97d-d965ccfc6d4b" outcome="Passed" testListId="8c84fa94-04c1-424b-9868-57a2d4851a1d" relativeResultsDirectory="a07a6c70-c024-44ee-8021-aad917073513" />
    <UnitTestResult executionId="d7cefaaa-d39a-415d-bf60-750ae32bd25f" testId="612eaa65-a60d-5727-69a2-576580c27858" testName="xUnitTestProject.CurrencyHelperTests.FormatToStringTest1000(price: 7621.507806692509, expected: &quot;7621.51 zł&quot;)" computerName="DESKTOP-5URQ9PB" duration="00:00:00.0000038" startTime="2022-06-13T21:15:24.6464658+02:00" endTime="2022-06-13T21:15:24.6464659+02:00" testType="13cdc9d9-ddb5-4fa4-a97d-d965ccfc6d4b" outcome="Passed" testListId="8c84fa94-04c1-424b-9868-57a2d4851a1d" relativeResultsDirectory="d7cefaaa-d39a-415d-bf60-750ae32bd25f" />
    <UnitTestResult executionId="96051c92-2ca9-46a2-8e85-94827fc07234" testId="f45cbb0f-431c-8958-4b27-e85aa47cbe41" testName="xUnitTestProject.CurrencyHelperTests.FormatToStringTest1000(price: 9843.625240445894, expected: &quot;9843.63 zł&quot;)" computerName="DESKTOP-5URQ9PB" duration="00:00:00.0000040" startTime="2022-06-13T21:15:24.6553650+02:00" endTime="2022-06-13T21:15:24.6553651+02:00" testType="13cdc9d9-ddb5-4fa4-a97d-d965ccfc6d4b" outcome="Passed" testListId="8c84fa94-04c1-424b-9868-57a2d4851a1d" relativeResultsDirectory="96051c92-2ca9-46a2-8e85-94827fc07234" />
    <UnitTestResult executionId="1395eafd-e17e-42ab-ac71-a15e1291e288" testId="bc7abd1f-cc07-f32a-8331-b644dd93f120" testName="xUnitTestProject.CurrencyHelperTests.FormatToStringTest1000(price: 9754.291367935619, expected: &quot;9754.29 zł&quot;)" computerName="DESKTOP-5URQ9PB" duration="00:00:00.0000044" startTime="2022-06-13T21:15:24.6173150+02:00" endTime="2022-06-13T21:15:24.6173151+02:00" testType="13cdc9d9-ddb5-4fa4-a97d-d965ccfc6d4b" outcome="Passed" testListId="8c84fa94-04c1-424b-9868-57a2d4851a1d" relativeResultsDirectory="1395eafd-e17e-42ab-ac71-a15e1291e288" />
    <UnitTestResult executionId="2c6a4e13-ec36-4c2f-96c3-7fab715e3775" testId="386de361-29e9-e772-105e-fd42e87ecfec" testName="xUnitTestProject.CurrencyHelperTests.FormatToStringTest1000(price: 38253.101637909705, expected: &quot;38253.10 zł&quot;)" computerName="DESKTOP-5URQ9PB" duration="00:00:00.0000041" startTime="2022-06-13T21:15:24.6907085+02:00" endTime="2022-06-13T21:15:24.6907086+02:00" testType="13cdc9d9-ddb5-4fa4-a97d-d965ccfc6d4b" outcome="Passed" testListId="8c84fa94-04c1-424b-9868-57a2d4851a1d" relativeResultsDirectory="2c6a4e13-ec36-4c2f-96c3-7fab715e3775" />
    <UnitTestResult executionId="87f6f83c-d311-4fc6-b1b8-751e930ee150" testId="799374f9-c088-e602-bce1-d22bf769b783" testName="xUnitTestProject.CurrencyHelperTests.FormatToStringTest1000(price: 16511.26921423537, expected: &quot;16511.27 zł&quot;)" computerName="DESKTOP-5URQ9PB" duration="00:00:00.0000044" startTime="2022-06-13T21:15:24.6837527+02:00" endTime="2022-06-13T21:15:24.6837529+02:00" testType="13cdc9d9-ddb5-4fa4-a97d-d965ccfc6d4b" outcome="Passed" testListId="8c84fa94-04c1-424b-9868-57a2d4851a1d" relativeResultsDirectory="87f6f83c-d311-4fc6-b1b8-751e930ee150" />
    <UnitTestResult executionId="19e16c3f-1f46-48b6-babd-be55218b2387" testId="d5ee81d6-78bc-115b-efec-5de38db0e38b" testName="xUnitTestProject.CurrencyHelperTests.FormatToStringTest1000(price: 1514.6266382441981, expected: &quot;1514.63 zł&quot;)" computerName="DESKTOP-5URQ9PB" duration="00:00:00.0000052" startTime="2022-06-13T21:15:24.6424049+02:00" endTime="2022-06-13T21:15:24.6424050+02:00" testType="13cdc9d9-ddb5-4fa4-a97d-d965ccfc6d4b" outcome="Passed" testListId="8c84fa94-04c1-424b-9868-57a2d4851a1d" relativeResultsDirectory="19e16c3f-1f46-48b6-babd-be55218b2387" />
    <UnitTestResult executionId="c7552cba-1cef-49b6-aad5-c99697b9b77b" testId="b6713598-e21c-6f29-08f1-f4f46e42ba65" testName="xUnitTestProject.CurrencyHelperTests.FormatToStringTest1000(price: 5870.791169434223, expected: &quot;5870.79 zł&quot;)" computerName="DESKTOP-5URQ9PB" duration="00:00:00.0000058" startTime="2022-06-13T21:15:24.6896727+02:00" endTime="2022-06-13T21:15:24.6896729+02:00" testType="13cdc9d9-ddb5-4fa4-a97d-d965ccfc6d4b" outcome="Passed" testListId="8c84fa94-04c1-424b-9868-57a2d4851a1d" relativeResultsDirectory="c7552cba-1cef-49b6-aad5-c99697b9b77b" />
    <UnitTestResult executionId="eb049281-9d31-4868-8ff1-9da97e227d24" testId="0e8e9a77-632c-db52-e40d-d7b033807f15" testName="xUnitTestProject.CurrencyHelperTests.FormatToStringTest1000(price: 7191.024921368353, expected: &quot;7191.02 zł&quot;)" computerName="DESKTOP-5URQ9PB" duration="00:00:00.0000041" startTime="2022-06-13T21:15:24.6846375+02:00" endTime="2022-06-13T21:15:24.6846378+02:00" testType="13cdc9d9-ddb5-4fa4-a97d-d965ccfc6d4b" outcome="Passed" testListId="8c84fa94-04c1-424b-9868-57a2d4851a1d" relativeResultsDirectory="eb049281-9d31-4868-8ff1-9da97e227d24" />
    <UnitTestResult executionId="285b53a8-b892-4445-8d47-7bfef604a5ac" testId="491a28af-9dc3-1b63-07e3-54fe5ff8a2ad" testName="xUnitTestProject.CurrencyHelperTests.FormatToStringTest1000(price: 17252.06220983903, expected: &quot;17252.06 zł&quot;)" computerName="DESKTOP-5URQ9PB" duration="00:00:00.0000041" startTime="2022-06-13T21:15:24.7236606+02:00" endTime="2022-06-13T21:15:24.7236607+02:00" testType="13cdc9d9-ddb5-4fa4-a97d-d965ccfc6d4b" outcome="Passed" testListId="8c84fa94-04c1-424b-9868-57a2d4851a1d" relativeResultsDirectory="285b53a8-b892-4445-8d47-7bfef604a5ac" />
    <UnitTestResult executionId="1a85bed3-7824-452f-94f3-0b7ec4f43389" testId="7f9e1a03-9e41-8ac9-4d40-38aecad4670f" testName="xUnitTestProject.CurrencyHelperTests.FormatToStringTest1000(price: 15624.452361264477, expected: &quot;15624.45 zł&quot;)" computerName="DESKTOP-5URQ9PB" duration="00:00:00.0000050" startTime="2022-06-13T21:15:24.7147184+02:00" endTime="2022-06-13T21:15:24.7147185+02:00" testType="13cdc9d9-ddb5-4fa4-a97d-d965ccfc6d4b" outcome="Passed" testListId="8c84fa94-04c1-424b-9868-57a2d4851a1d" relativeResultsDirectory="1a85bed3-7824-452f-94f3-0b7ec4f43389" />
    <UnitTestResult executionId="14b05434-d79f-490f-95dc-ca6d1c60838a" testId="fb7bf331-bde6-9156-c7eb-687415ce01f4" testName="xUnitTestProject.CurrencyHelperTests.FormatToStringTest1000(price: 15129.433864736666, expected: &quot;15129.43 zł&quot;)" computerName="DESKTOP-5URQ9PB" duration="00:00:00.0000048" startTime="2022-06-13T21:15:24.6563216+02:00" endTime="2022-06-13T21:15:24.6563218+02:00" testType="13cdc9d9-ddb5-4fa4-a97d-d965ccfc6d4b" outcome="Passed" testListId="8c84fa94-04c1-424b-9868-57a2d4851a1d" relativeResultsDirectory="14b05434-d79f-490f-95dc-ca6d1c60838a" />
    <UnitTestResult executionId="ed02dc42-dc25-402d-903d-d262f3b33248" testId="7c86c7d1-a9a4-3305-ae10-fdb7acd65489" testName="xUnitTestProject.CurrencyHelperTests.FormatToStringTest1000(price: 75024.79122970243, expected: &quot;75024.79 zł&quot;)" computerName="DESKTOP-5URQ9PB" duration="00:00:00.0000041" startTime="2022-06-13T21:15:24.6532595+02:00" endTime="2022-06-13T21:15:24.6532596+02:00" testType="13cdc9d9-ddb5-4fa4-a97d-d965ccfc6d4b" outcome="Passed" testListId="8c84fa94-04c1-424b-9868-57a2d4851a1d" relativeResultsDirectory="ed02dc42-dc25-402d-903d-d262f3b33248" />
    <UnitTestResult executionId="33cd887d-6fa5-4038-8205-e3e14e0fc2a8" testId="217b46ae-53e4-8868-0968-60de7a74b62a" testName="xUnitTestProject.CurrencyHelperTests.FormatToStringTest1000(price: 15080.274618567097, expected: &quot;15080.27 zł&quot;)" computerName="DESKTOP-5URQ9PB" duration="00:00:00.0000040" startTime="2022-06-13T21:15:24.6696591+02:00" endTime="2022-06-13T21:15:24.6696593+02:00" testType="13cdc9d9-ddb5-4fa4-a97d-d965ccfc6d4b" outcome="Passed" testListId="8c84fa94-04c1-424b-9868-57a2d4851a1d" relativeResultsDirectory="33cd887d-6fa5-4038-8205-e3e14e0fc2a8" />
    <UnitTestResult executionId="e215b9d4-77ae-4840-8fa0-ff2ebb5020fb" testId="c3c40199-4dcb-06d9-bd7e-201cb412e68f" testName="xUnitTestProject.CurrencyHelperTests.FormatToStringTest1000(price: 270.1894008262033, expected: &quot;270.19 zł&quot;)" computerName="DESKTOP-5URQ9PB" duration="00:00:00.0000039" startTime="2022-06-13T21:15:24.7167381+02:00" endTime="2022-06-13T21:15:24.7167382+02:00" testType="13cdc9d9-ddb5-4fa4-a97d-d965ccfc6d4b" outcome="Passed" testListId="8c84fa94-04c1-424b-9868-57a2d4851a1d" relativeResultsDirectory="e215b9d4-77ae-4840-8fa0-ff2ebb5020fb" />
    <UnitTestResult executionId="9f3abc13-df9a-4076-b1d8-943ea93df975" testId="3436f427-af0a-5bde-6f98-b38b99a7cf5b" testName="xUnitTestProject.CurrencyHelperTests.FormatToStringTest1000(price: 54724.71040318008, expected: &quot;54724.71 zł&quot;)" computerName="DESKTOP-5URQ9PB" duration="00:00:00.0000041" startTime="2022-06-13T21:15:24.6897648+02:00" endTime="2022-06-13T21:15:24.6897650+02:00" testType="13cdc9d9-ddb5-4fa4-a97d-d965ccfc6d4b" outcome="Passed" testListId="8c84fa94-04c1-424b-9868-57a2d4851a1d" relativeResultsDirectory="9f3abc13-df9a-4076-b1d8-943ea93df975" />
    <UnitTestResult executionId="0001fb12-21b3-4c2f-8606-42c934091bd4" testId="156f5ebd-8a60-46f3-8ac8-18455127849a" testName="xUnitTestProject.CurrencyHelperTests.FormatToStringTest1000(price: 33601.357302459124, expected: &quot;33601.36 zł&quot;)" computerName="DESKTOP-5URQ9PB" duration="00:00:00.0000041" startTime="2022-06-13T21:15:24.6885934+02:00" endTime="2022-06-13T21:15:24.6885935+02:00" testType="13cdc9d9-ddb5-4fa4-a97d-d965ccfc6d4b" outcome="Passed" testListId="8c84fa94-04c1-424b-9868-57a2d4851a1d" relativeResultsDirectory="0001fb12-21b3-4c2f-8606-42c934091bd4" />
    <UnitTestResult executionId="47871d66-15d4-4969-9065-e279ee88ef00" testId="5e9f654f-dd64-8138-30a6-1dc5f11cf83a" testName="xUnitTestProject.CurrencyHelperTests.FormatToStringTest1000(price: 14237.13226245955, expected: &quot;14237.13 zł&quot;)" computerName="DESKTOP-5URQ9PB" duration="00:00:00.0000041" startTime="2022-06-13T21:15:24.6374587+02:00" endTime="2022-06-13T21:15:24.6374589+02:00" testType="13cdc9d9-ddb5-4fa4-a97d-d965ccfc6d4b" outcome="Passed" testListId="8c84fa94-04c1-424b-9868-57a2d4851a1d" relativeResultsDirectory="47871d66-15d4-4969-9065-e279ee88ef00" />
    <UnitTestResult executionId="68128ffe-dfd1-47cb-84bb-4e6b220bbfd8" testId="a9730862-4522-ad92-1efa-cb822a9c946d" testName="xUnitTestProject.CurrencyHelperTests.FormatToStringTest1000(price: 64490.52771614982, expected: &quot;64490.53 zł&quot;)" computerName="DESKTOP-5URQ9PB" duration="00:00:00.0000041" startTime="2022-06-13T21:15:24.7146557+02:00" endTime="2022-06-13T21:15:24.7146559+02:00" testType="13cdc9d9-ddb5-4fa4-a97d-d965ccfc6d4b" outcome="Passed" testListId="8c84fa94-04c1-424b-9868-57a2d4851a1d" relativeResultsDirectory="68128ffe-dfd1-47cb-84bb-4e6b220bbfd8" />
    <UnitTestResult executionId="da6852b1-4ca0-4f42-b091-2b93687f5b22" testId="d4b7a26e-ed5a-1e37-a00a-e21284ce265b" testName="xUnitTestProject.CurrencyHelperTests.FormatToStringTest1000(price: 14035.12972514477, expected: &quot;14035.13 zł&quot;)" computerName="DESKTOP-5URQ9PB" duration="00:00:00.0000041" startTime="2022-06-13T21:15:24.6857827+02:00" endTime="2022-06-13T21:15:24.6857829+02:00" testType="13cdc9d9-ddb5-4fa4-a97d-d965ccfc6d4b" outcome="Passed" testListId="8c84fa94-04c1-424b-9868-57a2d4851a1d" relativeResultsDirectory="da6852b1-4ca0-4f42-b091-2b93687f5b22" />
    <UnitTestResult executionId="f5b62b61-c3cd-4541-8427-a909b7ad0cd0" testId="6c083eac-7cf7-3a47-1845-0ff85783e0c1" testName="xUnitTestProject.CurrencyHelperTests.FormatToStringTest1000(price: 34021.1384072961, expected: &quot;34021.14 zł&quot;)" computerName="DESKTOP-5URQ9PB" duration="00:00:00.0000041" startTime="2022-06-13T21:15:24.6592356+02:00" endTime="2022-06-13T21:15:24.6592358+02:00" testType="13cdc9d9-ddb5-4fa4-a97d-d965ccfc6d4b" outcome="Passed" testListId="8c84fa94-04c1-424b-9868-57a2d4851a1d" relativeResultsDirectory="f5b62b61-c3cd-4541-8427-a909b7ad0cd0" />
    <UnitTestResult executionId="10caec55-18f1-46af-a43b-980a286d2e51" testId="c3b1d717-2998-1634-887e-572d42236e5b" testName="xUnitTestProject.CurrencyHelperTests.FormatToStringTest1000(price: 34951.47290410077, expected: &quot;34951.47 zł&quot;)" computerName="DESKTOP-5URQ9PB" duration="00:00:00.0000040" startTime="2022-06-13T21:15:24.6443516+02:00" endTime="2022-06-13T21:15:24.6443517+02:00" testType="13cdc9d9-ddb5-4fa4-a97d-d965ccfc6d4b" outcome="Passed" testListId="8c84fa94-04c1-424b-9868-57a2d4851a1d" relativeResultsDirectory="10caec55-18f1-46af-a43b-980a286d2e51" />
    <UnitTestResult executionId="6316e806-ec05-42c5-822a-619638ac411b" testId="783752e7-0a8e-7713-0dfb-eb72f3fc27d6" testName="xUnitTestProject.CurrencyHelperTests.FormatToStringTest1000(price: 47431.868885526375, expected: &quot;47431.87 zł&quot;)" computerName="DESKTOP-5URQ9PB" duration="00:00:00.0000040" startTime="2022-06-13T21:15:24.6413879+02:00" endTime="2022-06-13T21:15:24.6413881+02:00" testType="13cdc9d9-ddb5-4fa4-a97d-d965ccfc6d4b" outcome="Passed" testListId="8c84fa94-04c1-424b-9868-57a2d4851a1d" relativeResultsDirectory="6316e806-ec05-42c5-822a-619638ac411b" />
    <UnitTestResult executionId="8c5db6d0-0e0c-4e41-b675-cb5d099c6b25" testId="a90d1942-15f1-e50c-e63d-254e34e99bf5" testName="xUnitTestProject.CurrencyHelperTests.FormatToStringTest1000(price: 2292.8331871111104, expected: &quot;2292.83 zł&quot;)" computerName="DESKTOP-5URQ9PB" duration="00:00:00.0000039" startTime="2022-06-13T21:15:24.6592987+02:00" endTime="2022-06-13T21:15:24.6592988+02:00" testType="13cdc9d9-ddb5-4fa4-a97d-d965ccfc6d4b" outcome="Passed" testListId="8c84fa94-04c1-424b-9868-57a2d4851a1d" relativeResultsDirectory="8c5db6d0-0e0c-4e41-b675-cb5d099c6b25" />
    <UnitTestResult executionId="0021587e-93bc-404b-a412-424d25876ede" testId="d44a0649-8200-dc14-ee0f-9aa1a5e79e57" testName="xUnitTestProject.CurrencyHelperTests.FormatToStringTest1000(price: 100.45267071130345, expected: &quot;100.45 zł&quot;)" computerName="DESKTOP-5URQ9PB" duration="00:00:00.0000053" startTime="2022-06-13T21:15:24.7067960+02:00" endTime="2022-06-13T21:15:24.7067962+02:00" testType="13cdc9d9-ddb5-4fa4-a97d-d965ccfc6d4b" outcome="Passed" testListId="8c84fa94-04c1-424b-9868-57a2d4851a1d" relativeResultsDirectory="0021587e-93bc-404b-a412-424d25876ede" />
    <UnitTestResult executionId="877f340b-023e-42f3-9a41-4cb365696535" testId="a815ca81-3cc8-5bb5-3df9-88bef0e0f650" testName="xUnitTestProject.CurrencyHelperTests.FormatToStringTest1000(price: 6352.983758103561, expected: &quot;6352.98 zł&quot;)" computerName="DESKTOP-5URQ9PB" duration="00:00:00.0000040" startTime="2022-06-13T21:15:24.6279166+02:00" endTime="2022-06-13T21:15:24.6279167+02:00" testType="13cdc9d9-ddb5-4fa4-a97d-d965ccfc6d4b" outcome="Passed" testListId="8c84fa94-04c1-424b-9868-57a2d4851a1d" relativeResultsDirectory="877f340b-023e-42f3-9a41-4cb365696535" />
    <UnitTestResult executionId="98f72fdd-8b99-41e6-9fda-fa8051315e27" testId="281669ef-629b-f1d2-33b2-c7fad7ee0226" testName="xUnitTestProject.CurrencyHelperTests.FormatToStringTest1000(price: 9897.705953436767, expected: &quot;9897.71 zł&quot;)" computerName="DESKTOP-5URQ9PB" duration="00:00:00.0000041" startTime="2022-06-13T21:15:24.7028892+02:00" endTime="2022-06-13T21:15:24.7028893+02:00" testType="13cdc9d9-ddb5-4fa4-a97d-d965ccfc6d4b" outcome="Passed" testListId="8c84fa94-04c1-424b-9868-57a2d4851a1d" relativeResultsDirectory="98f72fdd-8b99-41e6-9fda-fa8051315e27" />
    <UnitTestResult executionId="5a16f076-e8d5-4a04-8bd5-06ed9c8a7b25" testId="534fc948-8601-de40-7f94-04ae4333536f" testName="xUnitTestProject.CurrencyHelperTests.FormatToStringTest1000(price: 19541.10539777116, expected: &quot;19541.11 zł&quot;)" computerName="DESKTOP-5URQ9PB" duration="00:00:00.0000040" startTime="2022-06-13T21:15:24.6785141+02:00" endTime="2022-06-13T21:15:24.6785143+02:00" testType="13cdc9d9-ddb5-4fa4-a97d-d965ccfc6d4b" outcome="Passed" testListId="8c84fa94-04c1-424b-9868-57a2d4851a1d" relativeResultsDirectory="5a16f076-e8d5-4a04-8bd5-06ed9c8a7b25" />
    <UnitTestResult executionId="831278bd-4bd5-4bbc-85ab-a35aaf6d210d" testId="6aa06741-b93f-b24b-6ccf-f7d51617fc30" testName="xUnitTestProject.CurrencyHelperTests.FormatToStringTest1000(price: 10501.127379151585, expected: &quot;10501.13 zł&quot;)" computerName="DESKTOP-5URQ9PB" duration="00:00:00.0000052" startTime="2022-06-13T21:15:24.6685855+02:00" endTime="2022-06-13T21:15:24.6685857+02:00" testType="13cdc9d9-ddb5-4fa4-a97d-d965ccfc6d4b" outcome="Passed" testListId="8c84fa94-04c1-424b-9868-57a2d4851a1d" relativeResultsDirectory="831278bd-4bd5-4bbc-85ab-a35aaf6d210d" />
    <UnitTestResult executionId="a5d4a884-7aa2-4a71-9798-747b9810049b" testId="c1399a21-a8d4-fd2f-1879-d9e50a5fe1b4" testName="xUnitTestProject.CurrencyHelperTests.FormatToStringTest1000(price: 73477.18206926118, expected: &quot;73477.18 zł&quot;)" computerName="DESKTOP-5URQ9PB" duration="00:00:00.0000039" startTime="2022-06-13T21:15:24.7107212+02:00" endTime="2022-06-13T21:15:24.7107214+02:00" testType="13cdc9d9-ddb5-4fa4-a97d-d965ccfc6d4b" outcome="Passed" testListId="8c84fa94-04c1-424b-9868-57a2d4851a1d" relativeResultsDirectory="a5d4a884-7aa2-4a71-9798-747b9810049b" />
    <UnitTestResult executionId="98158c91-a40f-4bce-aac3-92e0290592ed" testId="b4c4dec7-1c5b-811f-ea83-760608d514fd" testName="xUnitTestProject.CurrencyHelperTests.FormatToStringTest1000(price: 44677.61946778074, expected: &quot;44677.62 zł&quot;)" computerName="DESKTOP-5URQ9PB" duration="00:00:00.0000043" startTime="2022-06-13T21:15:24.6776019+02:00" endTime="2022-06-13T21:15:24.6776021+02:00" testType="13cdc9d9-ddb5-4fa4-a97d-d965ccfc6d4b" outcome="Passed" testListId="8c84fa94-04c1-424b-9868-57a2d4851a1d" relativeResultsDirectory="98158c91-a40f-4bce-aac3-92e0290592ed" />
    <UnitTestResult executionId="67bdc0fd-ec39-4eea-8435-cdcfbcfe4a77" testId="56913f03-b8f6-5435-d407-8c8e9508f433" testName="xUnitTestProject.CurrencyHelperTests.FormatToStringTest1000(price: 25116.590135570892, expected: &quot;25116.59 zł&quot;)" computerName="DESKTOP-5URQ9PB" duration="00:00:00.0000040" startTime="2022-06-13T21:15:24.6543177+02:00" endTime="2022-06-13T21:15:24.6543180+02:00" testType="13cdc9d9-ddb5-4fa4-a97d-d965ccfc6d4b" outcome="Passed" testListId="8c84fa94-04c1-424b-9868-57a2d4851a1d" relativeResultsDirectory="67bdc0fd-ec39-4eea-8435-cdcfbcfe4a77" />
    <UnitTestResult executionId="02e607c8-4ec2-4460-a1e9-0dd43e3f4b32" testId="4efa35ac-3125-a521-7208-253d92298a56" testName="xUnitTestProject.CurrencyHelperTests.FormatToStringTest1000(price: 25908.345463821825, expected: &quot;25908.35 zł&quot;)" computerName="DESKTOP-5URQ9PB" duration="00:00:00.0000041" startTime="2022-06-13T21:15:24.7048471+02:00" endTime="2022-06-13T21:15:24.7048473+02:00" testType="13cdc9d9-ddb5-4fa4-a97d-d965ccfc6d4b" outcome="Passed" testListId="8c84fa94-04c1-424b-9868-57a2d4851a1d" relativeResultsDirectory="02e607c8-4ec2-4460-a1e9-0dd43e3f4b32" />
    <UnitTestResult executionId="373e04f1-303d-4abb-9836-dfa32546dcea" testId="1cdc361a-ffee-1052-df8d-ab7786ba69bf" testName="xUnitTestProject.CurrencyHelperTests.FormatToStringTest1000(price: 55782.67998761762, expected: &quot;55782.68 zł&quot;)" computerName="DESKTOP-5URQ9PB" duration="00:00:00.0000041" startTime="2022-06-13T21:15:24.7146872+02:00" endTime="2022-06-13T21:15:24.7146873+02:00" testType="13cdc9d9-ddb5-4fa4-a97d-d965ccfc6d4b" outcome="Passed" testListId="8c84fa94-04c1-424b-9868-57a2d4851a1d" relativeResultsDirectory="373e04f1-303d-4abb-9836-dfa32546dcea" />
    <UnitTestResult executionId="459bfe23-2309-4f9c-bfb3-d82120d98f04" testId="db653531-1a7a-b4d6-7b77-97b13719461c" testName="xUnitTestProject.CurrencyHelperTests.FormatToStringTest1000(price: 397.6461894566408, expected: &quot;397.65 zł&quot;)" computerName="DESKTOP-5URQ9PB" duration="00:00:00.0000041" startTime="2022-06-13T21:15:24.7001171+02:00" endTime="2022-06-13T21:15:24.7001173+02:00" testType="13cdc9d9-ddb5-4fa4-a97d-d965ccfc6d4b" outcome="Passed" testListId="8c84fa94-04c1-424b-9868-57a2d4851a1d" relativeResultsDirectory="459bfe23-2309-4f9c-bfb3-d82120d98f04" />
    <UnitTestResult executionId="ba43a2a6-8063-48d4-b9f8-59c6eaa2f687" testId="e6cc0868-2b09-9996-1473-6fd522e2da29" testName="xUnitTestProject.CurrencyHelperTests.FormatToStringTest1000(price: 26885.71162707904, expected: &quot;26885.71 zł&quot;)" computerName="DESKTOP-5URQ9PB" duration="00:00:00.0000043" startTime="2022-06-13T21:15:24.6171899+02:00" endTime="2022-06-13T21:15:24.6171901+02:00" testType="13cdc9d9-ddb5-4fa4-a97d-d965ccfc6d4b" outcome="Passed" testListId="8c84fa94-04c1-424b-9868-57a2d4851a1d" relativeResultsDirectory="ba43a2a6-8063-48d4-b9f8-59c6eaa2f687" />
    <UnitTestResult executionId="e40f1676-9c25-4409-934e-261aed9542a7" testId="c5e43cdb-d4c3-3c40-9593-aad9b5ca8f95" testName="xUnitTestProject.CurrencyHelperTests.FormatToStringTest1000(price: 96022.24851977557, expected: &quot;96022.25 zł&quot;)" computerName="DESKTOP-5URQ9PB" duration="00:00:00.0000040" startTime="2022-06-13T21:15:24.6502394+02:00" endTime="2022-06-13T21:15:24.6502396+02:00" testType="13cdc9d9-ddb5-4fa4-a97d-d965ccfc6d4b" outcome="Passed" testListId="8c84fa94-04c1-424b-9868-57a2d4851a1d" relativeResultsDirectory="e40f1676-9c25-4409-934e-261aed9542a7" />
    <UnitTestResult executionId="c61a336d-9b63-447b-b56c-252a11d49e81" testId="c9dc0f3f-e108-0c1a-7cef-09dcecce5469" testName="xUnitTestProject.CurrencyHelperTests.FormatToStringTest1000(price: 4898.699005344277, expected: &quot;4898.70 zł&quot;)" computerName="DESKTOP-5URQ9PB" duration="00:00:00.0000041" startTime="2022-06-13T21:15:24.6867025+02:00" endTime="2022-06-13T21:15:24.6867027+02:00" testType="13cdc9d9-ddb5-4fa4-a97d-d965ccfc6d4b" outcome="Passed" testListId="8c84fa94-04c1-424b-9868-57a2d4851a1d" relativeResultsDirectory="c61a336d-9b63-447b-b56c-252a11d49e81" />
    <UnitTestResult executionId="5cbeb5ba-12ec-4a1a-be92-c9778646f222" testId="be4ac306-3050-79c7-e4db-2e676fbdab1b" testName="xUnitTestProject.CurrencyHelperTests.FormatToStringTest1000(price: 2951.2722077329045, expected: &quot;2951.27 zł&quot;)" computerName="DESKTOP-5URQ9PB" duration="00:00:00.0000041" startTime="2022-06-13T21:15:24.6161125+02:00" endTime="2022-06-13T21:15:24.6161129+02:00" testType="13cdc9d9-ddb5-4fa4-a97d-d965ccfc6d4b" outcome="Passed" testListId="8c84fa94-04c1-424b-9868-57a2d4851a1d" relativeResultsDirectory="5cbeb5ba-12ec-4a1a-be92-c9778646f222" />
    <UnitTestResult executionId="36dd9419-319d-4d41-9f3e-4dec969ae224" testId="1e915730-ab57-9b1e-994b-24cc1c98dc55" testName="xUnitTestProject.CurrencyHelperTests.FormatToStringTest1000(price: 65204.90483536055, expected: &quot;65204.90 zł&quot;)" computerName="DESKTOP-5URQ9PB" duration="00:00:00.0000041" startTime="2022-06-13T21:15:24.6935063+02:00" endTime="2022-06-13T21:15:24.6935066+02:00" testType="13cdc9d9-ddb5-4fa4-a97d-d965ccfc6d4b" outcome="Passed" testListId="8c84fa94-04c1-424b-9868-57a2d4851a1d" relativeResultsDirectory="36dd9419-319d-4d41-9f3e-4dec969ae224" />
    <UnitTestResult executionId="6d9fd538-8df3-436c-96cf-1fb224c64502" testId="4d5be905-ae12-4fb4-1d65-7b8d91a9be3a" testName="xUnitTestProject.CurrencyHelperTests.FormatToStringTest1000(price: 15742.409864349947, expected: &quot;15742.41 zł&quot;)" computerName="DESKTOP-5URQ9PB" duration="00:00:00.0000041" startTime="2022-06-13T21:15:24.6543499+02:00" endTime="2022-06-13T21:15:24.6543500+02:00" testType="13cdc9d9-ddb5-4fa4-a97d-d965ccfc6d4b" outcome="Passed" testListId="8c84fa94-04c1-424b-9868-57a2d4851a1d" relativeResultsDirectory="6d9fd538-8df3-436c-96cf-1fb224c64502" />
    <UnitTestResult executionId="67e0b1f2-c64d-48ce-8ba7-857284b207a2" testId="020066de-5c14-b477-efe9-293da5e965f0" testName="xUnitTestProject.CurrencyHelperTests.FormatToStringTest1000(price: 28583.827618148098, expected: &quot;28583.83 zł&quot;)" computerName="DESKTOP-5URQ9PB" duration="00:00:00.0000041" startTime="2022-06-13T21:15:24.6594563+02:00" endTime="2022-06-13T21:15:24.6594565+02:00" testType="13cdc9d9-ddb5-4fa4-a97d-d965ccfc6d4b" outcome="Passed" testListId="8c84fa94-04c1-424b-9868-57a2d4851a1d" relativeResultsDirectory="67e0b1f2-c64d-48ce-8ba7-857284b207a2" />
    <UnitTestResult executionId="de88fd9c-4d8b-413c-b9f3-cbd6d1647fbf" testId="2031700b-98b7-ff2b-f550-00f3842fd04f" testName="xUnitTestProject.CurrencyHelperTests.FormatToStringTest1000(price: 28306.369434126827, expected: &quot;28306.37 zł&quot;)" computerName="DESKTOP-5URQ9PB" duration="00:00:00.0000041" startTime="2022-06-13T21:15:24.6868264+02:00" endTime="2022-06-13T21:15:24.6868265+02:00" testType="13cdc9d9-ddb5-4fa4-a97d-d965ccfc6d4b" outcome="Passed" testListId="8c84fa94-04c1-424b-9868-57a2d4851a1d" relativeResultsDirectory="de88fd9c-4d8b-413c-b9f3-cbd6d1647fbf" />
    <UnitTestResult executionId="33675cee-fdc9-4e6f-8c0f-d31dde177e40" testId="4125f8c2-231a-89ba-d149-611a4ab9d212" testName="xUnitTestProject.CurrencyHelperTests.FormatToStringTest1000(price: 14459.57059750686, expected: &quot;14459.57 zł&quot;)" computerName="DESKTOP-5URQ9PB" duration="00:00:00.0000041" startTime="2022-06-13T21:15:24.7019094+02:00" endTime="2022-06-13T21:15:24.7019095+02:00" testType="13cdc9d9-ddb5-4fa4-a97d-d965ccfc6d4b" outcome="Passed" testListId="8c84fa94-04c1-424b-9868-57a2d4851a1d" relativeResultsDirectory="33675cee-fdc9-4e6f-8c0f-d31dde177e40" />
    <UnitTestResult executionId="635ec678-6a12-4396-92a0-5ae79b116441" testId="1dd0f7bb-be41-1080-f53b-d32cb9d53ae0" testName="xUnitTestProject.CurrencyHelperTests.FormatToStringTest1000(price: 51300.77891898145, expected: &quot;51300.78 zł&quot;)" computerName="DESKTOP-5URQ9PB" duration="00:00:00.0000041" startTime="2022-06-13T21:15:24.6917176+02:00" endTime="2022-06-13T21:15:24.6917177+02:00" testType="13cdc9d9-ddb5-4fa4-a97d-d965ccfc6d4b" outcome="Passed" testListId="8c84fa94-04c1-424b-9868-57a2d4851a1d" relativeResultsDirectory="635ec678-6a12-4396-92a0-5ae79b116441" />
    <UnitTestResult executionId="d26f0037-00ab-4a25-9778-b40bdea00359" testId="90529360-95e5-c60b-5727-b5fa7d491b19" testName="xUnitTestProject.CurrencyHelperTests.FormatToStringTest1000(price: 34136.0993783046, expected: &quot;34136.10 zł&quot;)" computerName="DESKTOP-5URQ9PB" duration="00:00:00.0000041" startTime="2022-06-13T21:15:24.6907389+02:00" endTime="2022-06-13T21:15:24.6907391+02:00" testType="13cdc9d9-ddb5-4fa4-a97d-d965ccfc6d4b" outcome="Passed" testListId="8c84fa94-04c1-424b-9868-57a2d4851a1d" relativeResultsDirectory="d26f0037-00ab-4a25-9778-b40bdea00359" />
    <UnitTestResult executionId="bb373f3b-449f-448d-87fd-0be3bcdc7353" testId="76d85170-85b2-a48f-102e-aa9420de3580" testName="xUnitTestProject.CurrencyHelperTests.FormatToStringTest1000(price: 643.3550376181281, expected: &quot;643.36 zł&quot;)" computerName="DESKTOP-5URQ9PB" duration="00:00:00.0000040" startTime="2022-06-13T21:15:24.6513394+02:00" endTime="2022-06-13T21:15:24.6513396+02:00" testType="13cdc9d9-ddb5-4fa4-a97d-d965ccfc6d4b" outcome="Passed" testListId="8c84fa94-04c1-424b-9868-57a2d4851a1d" relativeResultsDirectory="bb373f3b-449f-448d-87fd-0be3bcdc7353" />
    <UnitTestResult executionId="6d563dce-dbe3-4268-9d3f-b8f8ed464c1b" testId="f284fcd5-95ba-5e4a-ef58-143a466ff941" testName="xUnitTestProject.CurrencyHelperTests.FormatToStringTest1000(price: 36978.61073549213, expected: &quot;36978.61 zł&quot;)" computerName="DESKTOP-5URQ9PB" duration="00:00:00.0000049" startTime="2022-06-13T21:15:24.6573021+02:00" endTime="2022-06-13T21:15:24.6573023+02:00" testType="13cdc9d9-ddb5-4fa4-a97d-d965ccfc6d4b" outcome="Passed" testListId="8c84fa94-04c1-424b-9868-57a2d4851a1d" relativeResultsDirectory="6d563dce-dbe3-4268-9d3f-b8f8ed464c1b" />
    <UnitTestResult executionId="4bcd987f-322b-44ad-a924-49ca1cae0495" testId="c08a791c-2a2e-8ef9-53c2-680714283837" testName="xUnitTestProject.CurrencyHelperTests.FormatToStringTest1000(price: 10511.7304983189, expected: &quot;10511.73 zł&quot;)" computerName="DESKTOP-5URQ9PB" duration="00:00:00.0000040" startTime="2022-06-13T21:15:24.6310987+02:00" endTime="2022-06-13T21:15:24.6310989+02:00" testType="13cdc9d9-ddb5-4fa4-a97d-d965ccfc6d4b" outcome="Passed" testListId="8c84fa94-04c1-424b-9868-57a2d4851a1d" relativeResultsDirectory="4bcd987f-322b-44ad-a924-49ca1cae0495" />
    <UnitTestResult executionId="a77ecf2b-f8c0-4d83-b961-8b8fff2e46dd" testId="8e844c73-d78c-9c16-d82a-bbf068ddf1ce" testName="xUnitTestProject.CurrencyHelperTests.FormatToStringTest1000(price: 45887.58415794167, expected: &quot;45887.58 zł&quot;)" computerName="DESKTOP-5URQ9PB" duration="00:00:00.0000041" startTime="2022-06-13T21:15:24.7205377+02:00" endTime="2022-06-13T21:15:24.7205379+02:00" testType="13cdc9d9-ddb5-4fa4-a97d-d965ccfc6d4b" outcome="Passed" testListId="8c84fa94-04c1-424b-9868-57a2d4851a1d" relativeResultsDirectory="a77ecf2b-f8c0-4d83-b961-8b8fff2e46dd" />
    <UnitTestResult executionId="636c2f95-cc4a-412f-9b97-a9530f2db7db" testId="5058bebd-02f5-fdd0-776c-ccea1412870f" testName="xUnitTestProject.CurrencyHelperTests.FormatToStringTest1000(price: 675.4589376107133, expected: &quot;675.46 zł&quot;)" computerName="DESKTOP-5URQ9PB" duration="00:00:00.0000053" startTime="2022-06-13T21:15:24.6887494+02:00" endTime="2022-06-13T21:15:24.6887496+02:00" testType="13cdc9d9-ddb5-4fa4-a97d-d965ccfc6d4b" outcome="Passed" testListId="8c84fa94-04c1-424b-9868-57a2d4851a1d" relativeResultsDirectory="636c2f95-cc4a-412f-9b97-a9530f2db7db" />
    <UnitTestResult executionId="750f6d65-4ee1-44a0-b7e3-83f2347a1d4c" testId="761c5474-ba0b-efdd-0d5f-bfbe630a98c2" testName="xUnitTestProject.CurrencyHelperTests.FormatToStringTest1000(price: 726.8087564975995, expected: &quot;726.81 zł&quot;)" computerName="DESKTOP-5URQ9PB" duration="00:00:00.0000041" startTime="2022-06-13T21:15:24.7137005+02:00" endTime="2022-06-13T21:15:24.7137007+02:00" testType="13cdc9d9-ddb5-4fa4-a97d-d965ccfc6d4b" outcome="Passed" testListId="8c84fa94-04c1-424b-9868-57a2d4851a1d" relativeResultsDirectory="750f6d65-4ee1-44a0-b7e3-83f2347a1d4c" />
    <UnitTestResult executionId="8b6f542c-e3f1-4844-a2ba-21c5a7b5bd03" testId="422cd58a-1607-1b98-484d-a3568b92bd13" testName="xUnitTestProject.CurrencyHelperTests.FormatToStringTest1000(price: 71554.9786298829, expected: &quot;71554.98 zł&quot;)" computerName="DESKTOP-5URQ9PB" duration="00:00:00.0000043" startTime="2022-06-13T21:15:24.6290973+02:00" endTime="2022-06-13T21:15:24.6290974+02:00" testType="13cdc9d9-ddb5-4fa4-a97d-d965ccfc6d4b" outcome="Passed" testListId="8c84fa94-04c1-424b-9868-57a2d4851a1d" relativeResultsDirectory="8b6f542c-e3f1-4844-a2ba-21c5a7b5bd03" />
    <UnitTestResult executionId="d4cf5d59-c0be-46b5-b2ed-d8bf3ca99bdd" testId="04661d81-bbef-c82f-71cf-dda291897ead" testName="xUnitTestProject.CurrencyHelperTests.FormatToStringTest1000(price: 30578.687538491416, expected: &quot;30578.69 zł&quot;)" computerName="DESKTOP-5URQ9PB" duration="00:00:00.0000041" startTime="2022-06-13T21:15:24.7128406+02:00" endTime="2022-06-13T21:15:24.7128408+02:00" testType="13cdc9d9-ddb5-4fa4-a97d-d965ccfc6d4b" outcome="Passed" testListId="8c84fa94-04c1-424b-9868-57a2d4851a1d" relativeResultsDirectory="d4cf5d59-c0be-46b5-b2ed-d8bf3ca99bdd" />
    <UnitTestResult executionId="61b91ad2-4784-4a47-9229-dc604b07e4b2" testId="75567229-1858-de57-219b-cfd8f4a7e8de" testName="xUnitTestProject.CurrencyHelperTests.FormatToStringTest1000(price: 750.5106571719566, expected: &quot;750.51 zł&quot;)" computerName="DESKTOP-5URQ9PB" duration="00:00:00.0000041" startTime="2022-06-13T21:15:24.6247577+02:00" endTime="2022-06-13T21:15:24.6247579+02:00" testType="13cdc9d9-ddb5-4fa4-a97d-d965ccfc6d4b" outcome="Passed" testListId="8c84fa94-04c1-424b-9868-57a2d4851a1d" relativeResultsDirectory="61b91ad2-4784-4a47-9229-dc604b07e4b2" />
    <UnitTestResult executionId="c510800d-309a-41e2-86f2-21a7986cf02e" testId="7729c68a-38c8-f8ce-da09-5022e186685c" testName="xUnitTestProject.CurrencyHelperTests.FormatToStringTest1000(price: 79.6815319544084, expected: &quot;79.68 zł&quot;)" computerName="DESKTOP-5URQ9PB" duration="00:00:00.0000041" startTime="2022-06-13T21:15:24.6533242+02:00" endTime="2022-06-13T21:15:24.6533243+02:00" testType="13cdc9d9-ddb5-4fa4-a97d-d965ccfc6d4b" outcome="Passed" testListId="8c84fa94-04c1-424b-9868-57a2d4851a1d" relativeResultsDirectory="c510800d-309a-41e2-86f2-21a7986cf02e" />
    <UnitTestResult executionId="72a29765-731a-451f-9501-0aed6e6612d1" testId="5322a6b6-b1d1-4276-7a98-26cc05377b71" testName="xUnitTestProject.CurrencyHelperTests.FormatToStringTest1000(price: 37160.85331540269, expected: &quot;37160.85 zł&quot;)" computerName="DESKTOP-5URQ9PB" duration="00:00:00.0000054" startTime="2022-06-13T21:15:24.6290351+02:00" endTime="2022-06-13T21:15:24.6290352+02:00" testType="13cdc9d9-ddb5-4fa4-a97d-d965ccfc6d4b" outcome="Passed" testListId="8c84fa94-04c1-424b-9868-57a2d4851a1d" relativeResultsDirectory="72a29765-731a-451f-9501-0aed6e6612d1" />
    <UnitTestResult executionId="41570604-d466-4259-8504-e4d0d8602a4e" testId="13bfc4cd-00bc-fb12-3861-f69dc4145d67" testName="xUnitTestProject.CurrencyHelperTests.FormatToStringTest1000(price: 2929.267390865026, expected: &quot;2929.27 zł&quot;)" computerName="DESKTOP-5URQ9PB" duration="00:00:00.0000041" startTime="2022-06-13T21:15:24.6706912+02:00" endTime="2022-06-13T21:15:24.6706913+02:00" testType="13cdc9d9-ddb5-4fa4-a97d-d965ccfc6d4b" outcome="Passed" testListId="8c84fa94-04c1-424b-9868-57a2d4851a1d" relativeResultsDirectory="41570604-d466-4259-8504-e4d0d8602a4e" />
    <UnitTestResult executionId="de99660d-5fd1-4d90-9397-c727003cad2a" testId="adafe729-87a5-6f47-8e2f-84195056d442" testName="xUnitTestProject.CurrencyHelperTests.FormatToStringTest1000(price: 55457.96873490278, expected: &quot;55457.97 zł&quot;)" computerName="DESKTOP-5URQ9PB" duration="00:00:00.0000040" startTime="2022-06-13T21:15:24.6594247+02:00" endTime="2022-06-13T21:15:24.6594249+02:00" testType="13cdc9d9-ddb5-4fa4-a97d-d965ccfc6d4b" outcome="Passed" testListId="8c84fa94-04c1-424b-9868-57a2d4851a1d" relativeResultsDirectory="de99660d-5fd1-4d90-9397-c727003cad2a" />
    <UnitTestResult executionId="071c9dd3-5a06-4669-b68d-b0029bf8d6ec" testId="364fda16-bd4c-3aa8-1597-b73653a15603" testName="xUnitTestProject.CurrencyHelperTests.FormatToStringTest1000(price: 5398.2412667191775, expected: &quot;5398.24 zł&quot;)" computerName="DESKTOP-5URQ9PB" duration="00:00:00.0000040" startTime="2022-06-13T21:15:24.6504262+02:00" endTime="2022-06-13T21:15:24.6504264+02:00" testType="13cdc9d9-ddb5-4fa4-a97d-d965ccfc6d4b" outcome="Passed" testListId="8c84fa94-04c1-424b-9868-57a2d4851a1d" relativeResultsDirectory="071c9dd3-5a06-4669-b68d-b0029bf8d6ec" />
    <UnitTestResult executionId="aaa0ccd1-ff3d-4d44-a2ef-853c5c18519d" testId="c21a2737-6b36-8691-5404-6629a58d4529" testName="xUnitTestProject.CurrencyHelperTests.FormatToStringTest1000(price: 3030.9461949132133, expected: &quot;3030.95 zł&quot;)" computerName="DESKTOP-5URQ9PB" duration="00:00:00.0000040" startTime="2022-06-13T21:15:24.7020952+02:00" endTime="2022-06-13T21:15:24.7020954+02:00" testType="13cdc9d9-ddb5-4fa4-a97d-d965ccfc6d4b" outcome="Passed" testListId="8c84fa94-04c1-424b-9868-57a2d4851a1d" relativeResultsDirectory="aaa0ccd1-ff3d-4d44-a2ef-853c5c18519d" />
    <UnitTestResult executionId="fab11d3a-79a2-4020-8c34-f72cf0b52dff" testId="f96cba70-db37-0f83-9cd0-465945a7184e" testName="xUnitTestProject.CurrencyHelperTests.FormatToStringTest1000(price: 81326.3340147521, expected: &quot;81326.33 zł&quot;)" computerName="DESKTOP-5URQ9PB" duration="00:00:00.0000039" startTime="2022-06-13T21:15:24.6746300+02:00" endTime="2022-06-13T21:15:24.6746302+02:00" testType="13cdc9d9-ddb5-4fa4-a97d-d965ccfc6d4b" outcome="Passed" testListId="8c84fa94-04c1-424b-9868-57a2d4851a1d" relativeResultsDirectory="fab11d3a-79a2-4020-8c34-f72cf0b52dff" />
    <UnitTestResult executionId="698da5cc-dfd3-45c1-8441-1c83c22ace13" testId="a9c621d8-eb9e-3cd1-2b29-ed69514bad1f" testName="xUnitTestProject.CurrencyHelperTests.FormatToStringTest1000(price: 28080.92507087669, expected: &quot;28080.93 zł&quot;)" computerName="DESKTOP-5URQ9PB" duration="00:00:00.0000040" startTime="2022-06-13T21:15:24.6206168+02:00" endTime="2022-06-13T21:15:24.6206170+02:00" testType="13cdc9d9-ddb5-4fa4-a97d-d965ccfc6d4b" outcome="Passed" testListId="8c84fa94-04c1-424b-9868-57a2d4851a1d" relativeResultsDirectory="698da5cc-dfd3-45c1-8441-1c83c22ace13" />
    <UnitTestResult executionId="4334fc0a-3ceb-49ee-a4ac-dfbf22e2d9bb" testId="4b152625-d247-2206-1bc2-f59ef3dda4ef" testName="xUnitTestProject.CurrencyHelperTests.FormatToStringTest1000(price: 26174.290999793586, expected: &quot;26174.29 zł&quot;)" computerName="DESKTOP-5URQ9PB" duration="00:00:00.0000041" startTime="2022-06-13T21:15:24.6848598+02:00" endTime="2022-06-13T21:15:24.6848599+02:00" testType="13cdc9d9-ddb5-4fa4-a97d-d965ccfc6d4b" outcome="Passed" testListId="8c84fa94-04c1-424b-9868-57a2d4851a1d" relativeResultsDirectory="4334fc0a-3ceb-49ee-a4ac-dfbf22e2d9bb" />
    <UnitTestResult executionId="5598e7fb-5c22-47ab-9f95-5129cfd0aa26" testId="6bf29abc-b7d1-2681-6ab5-01a37d1208f2" testName="xUnitTestProject.CurrencyHelperTests.FormatToStringTest1000(price: 15414.175096961751, expected: &quot;15414.18 zł&quot;)" computerName="DESKTOP-5URQ9PB" duration="00:00:00.0000041" startTime="2022-06-13T21:15:24.6926709+02:00" endTime="2022-06-13T21:15:24.6926711+02:00" testType="13cdc9d9-ddb5-4fa4-a97d-d965ccfc6d4b" outcome="Passed" testListId="8c84fa94-04c1-424b-9868-57a2d4851a1d" relativeResultsDirectory="5598e7fb-5c22-47ab-9f95-5129cfd0aa26" />
    <UnitTestResult executionId="fe8c80d9-be17-4800-955c-fa4ff9ba5c75" testId="9f74ffc2-1a7b-4759-a337-57d1812dbf3f" testName="xUnitTestProject.CurrencyHelperTests.FormatToStringTest1000(price: 52032.65082931176, expected: &quot;52032.65 zł&quot;)" computerName="DESKTOP-5URQ9PB" duration="00:00:00.0000040" startTime="2022-06-13T21:15:24.6544776+02:00" endTime="2022-06-13T21:15:24.6544781+02:00" testType="13cdc9d9-ddb5-4fa4-a97d-d965ccfc6d4b" outcome="Passed" testListId="8c84fa94-04c1-424b-9868-57a2d4851a1d" relativeResultsDirectory="fe8c80d9-be17-4800-955c-fa4ff9ba5c75" />
    <UnitTestResult executionId="0b5e4133-3b73-4acb-8ccc-881c1cc30063" testId="9612d6d4-5d3c-f9a6-943c-f09f8d38bf59" testName="xUnitTestProject.CurrencyHelperTests.FormatToStringTest1000(price: 20482.32969107308, expected: &quot;20482.33 zł&quot;)" computerName="DESKTOP-5URQ9PB" duration="00:00:00.0000043" startTime="2022-06-13T21:15:24.6246595+02:00" endTime="2022-06-13T21:15:24.6246597+02:00" testType="13cdc9d9-ddb5-4fa4-a97d-d965ccfc6d4b" outcome="Passed" testListId="8c84fa94-04c1-424b-9868-57a2d4851a1d" relativeResultsDirectory="0b5e4133-3b73-4acb-8ccc-881c1cc30063" />
    <UnitTestResult executionId="c964fb2b-4229-4dc2-af1e-16269be19de9" testId="0a2dd6c8-dd3b-c34c-d236-39c95cee3b33" testName="xUnitTestProject.CurrencyHelperTests.FormatToStringTest1000(price: 30138.55109863102, expected: &quot;30138.55 zł&quot;)" computerName="DESKTOP-5URQ9PB" duration="00:00:00.0000040" startTime="2022-06-13T21:15:24.6777557+02:00" endTime="2022-06-13T21:15:24.6777559+02:00" testType="13cdc9d9-ddb5-4fa4-a97d-d965ccfc6d4b" outcome="Passed" testListId="8c84fa94-04c1-424b-9868-57a2d4851a1d" relativeResultsDirectory="c964fb2b-4229-4dc2-af1e-16269be19de9" />
    <UnitTestResult executionId="5a739e64-15f0-418d-9546-d8048de25f44" testId="a309af81-dde2-6e24-4ef5-234d753b7352" testName="xUnitTestProject.CurrencyHelperTests.FormatToStringTest1000(price: 15591.4117417221, expected: &quot;15591.41 zł&quot;)" computerName="DESKTOP-5URQ9PB" duration="00:00:00.0000040" startTime="2022-06-13T21:15:24.6981369+02:00" endTime="2022-06-13T21:15:24.6981370+02:00" testType="13cdc9d9-ddb5-4fa4-a97d-d965ccfc6d4b" outcome="Passed" testListId="8c84fa94-04c1-424b-9868-57a2d4851a1d" relativeResultsDirectory="5a739e64-15f0-418d-9546-d8048de25f44" />
    <UnitTestResult executionId="1d40aad7-8cce-4737-9d28-ef85a9c80273" testId="ada84f96-628a-be69-4c85-60683def0842" testName="xUnitTestProject.CurrencyHelperTests.FormatToStringTest1000(price: 45299.778512198376, expected: &quot;45299.78 zł&quot;)" computerName="DESKTOP-5URQ9PB" duration="00:00:00.0000041" startTime="2022-06-13T21:15:24.6454261+02:00" endTime="2022-06-13T21:15:24.6454263+02:00" testType="13cdc9d9-ddb5-4fa4-a97d-d965ccfc6d4b" outcome="Passed" testListId="8c84fa94-04c1-424b-9868-57a2d4851a1d" relativeResultsDirectory="1d40aad7-8cce-4737-9d28-ef85a9c80273" />
    <UnitTestResult executionId="743eb542-b054-4dd8-90e5-d34b4777bccb" testId="cd41d103-9666-3d37-803b-9b59446c01c4" testName="xUnitTestProject.CurrencyHelperTests.FormatToStringTest1000(price: 28455.229970996843, expected: &quot;28455.23 zł&quot;)" computerName="DESKTOP-5URQ9PB" duration="00:00:00.0000041" startTime="2022-06-13T21:15:24.6394189+02:00" endTime="2022-06-13T21:15:24.6394190+02:00" testType="13cdc9d9-ddb5-4fa4-a97d-d965ccfc6d4b" outcome="Passed" testListId="8c84fa94-04c1-424b-9868-57a2d4851a1d" relativeResultsDirectory="743eb542-b054-4dd8-90e5-d34b4777bccb" />
    <UnitTestResult executionId="ac7f90c9-b8c9-40d5-bcb6-24eee8f98c32" testId="c34ab70e-c13b-c0d3-f6b8-6dc84da0bd17" testName="xUnitTestProject.CurrencyHelperTests.FormatToStringTest1000(price: 50991.22189691114, expected: &quot;50991.22 zł&quot;)" computerName="DESKTOP-5URQ9PB" duration="00:00:00.0000040" startTime="2022-06-13T21:15:24.7206959+02:00" endTime="2022-06-13T21:15:24.7206960+02:00" testType="13cdc9d9-ddb5-4fa4-a97d-d965ccfc6d4b" outcome="Passed" testListId="8c84fa94-04c1-424b-9868-57a2d4851a1d" relativeResultsDirectory="ac7f90c9-b8c9-40d5-bcb6-24eee8f98c32" />
    <UnitTestResult executionId="88cf7e5f-0be4-4e2b-996c-19ea6fb02709" testId="0ee739fa-dfa4-5ef5-1b22-8fe2862978a3" testName="xUnitTestProject.CurrencyHelperTests.FormatToStringTest1000(price: 5279.315995182524, expected: &quot;5279.32 zł&quot;)" computerName="DESKTOP-5URQ9PB" duration="00:00:00.0000040" startTime="2022-06-13T21:15:24.6786707+02:00" endTime="2022-06-13T21:15:24.6786708+02:00" testType="13cdc9d9-ddb5-4fa4-a97d-d965ccfc6d4b" outcome="Passed" testListId="8c84fa94-04c1-424b-9868-57a2d4851a1d" relativeResultsDirectory="88cf7e5f-0be4-4e2b-996c-19ea6fb02709" />
    <UnitTestResult executionId="3b88b87e-920c-469d-90b2-40ef1608671e" testId="54bc6f9e-1b35-cac3-f6ab-e594cab0fa7a" testName="xUnitTestProject.CurrencyHelperTests.FormatToStringTest1000(price: 17031.365705376662, expected: &quot;17031.37 zł&quot;)" computerName="DESKTOP-5URQ9PB" duration="00:00:00.0000040" startTime="2022-06-13T21:15:24.7086599+02:00" endTime="2022-06-13T21:15:24.7086603+02:00" testType="13cdc9d9-ddb5-4fa4-a97d-d965ccfc6d4b" outcome="Passed" testListId="8c84fa94-04c1-424b-9868-57a2d4851a1d" relativeResultsDirectory="3b88b87e-920c-469d-90b2-40ef1608671e" />
    <UnitTestResult executionId="3ba80955-85c6-4222-94c1-bce7ea19d539" testId="ded3a712-fe17-74f4-ce2a-e02d4a5da442" testName="xUnitTestProject.CurrencyHelperTests.FormatToStringTest1000(price: 30071.004434484523, expected: &quot;30071.00 zł&quot;)" computerName="DESKTOP-5URQ9PB" duration="00:00:00.0000041" startTime="2022-06-13T21:15:24.6944440+02:00" endTime="2022-06-13T21:15:24.6944444+02:00" testType="13cdc9d9-ddb5-4fa4-a97d-d965ccfc6d4b" outcome="Passed" testListId="8c84fa94-04c1-424b-9868-57a2d4851a1d" relativeResultsDirectory="3ba80955-85c6-4222-94c1-bce7ea19d539" />
    <UnitTestResult executionId="5188e5be-3d5c-4669-9307-ed0efa6c01a1" testId="b07c6436-dbf7-0138-be42-b4b6d3d7e52c" testName="xUnitTestProject.CurrencyHelperTests.FormatToStringTest1000(price: 22791.735381432685, expected: &quot;22791.74 zł&quot;)" computerName="DESKTOP-5URQ9PB" duration="00:00:00.0000043" startTime="2022-06-13T21:15:24.7040569+02:00" endTime="2022-06-13T21:15:24.7040571+02:00" testType="13cdc9d9-ddb5-4fa4-a97d-d965ccfc6d4b" outcome="Passed" testListId="8c84fa94-04c1-424b-9868-57a2d4851a1d" relativeResultsDirectory="5188e5be-3d5c-4669-9307-ed0efa6c01a1" />
    <UnitTestResult executionId="0189f9d0-9a69-4af4-8f27-7d79a5ffb427" testId="0014f817-c5c9-87d1-3e8c-ecffc3678e52" testName="xUnitTestProject.CurrencyHelperTests.FormatToStringTest1000(price: 82228.32322510486, expected: &quot;82228.32 zł&quot;)" computerName="DESKTOP-5URQ9PB" duration="00:00:00.0000041" startTime="2022-06-13T21:15:24.7245257+02:00" endTime="2022-06-13T21:15:24.7245258+02:00" testType="13cdc9d9-ddb5-4fa4-a97d-d965ccfc6d4b" outcome="Passed" testListId="8c84fa94-04c1-424b-9868-57a2d4851a1d" relativeResultsDirectory="0189f9d0-9a69-4af4-8f27-7d79a5ffb427" />
    <UnitTestResult executionId="473521ca-4322-454c-9d63-b46eb6a2c238" testId="e46091cf-1e82-9cd3-4478-8e74502a12eb" testName="xUnitTestProject.CurrencyHelperTests.FormatToStringTest1000(price: 22831.975917587977, expected: &quot;22831.98 zł&quot;)" computerName="DESKTOP-5URQ9PB" duration="00:00:00.0000039" startTime="2022-06-13T21:15:24.6444875+02:00" endTime="2022-06-13T21:15:24.6444879+02:00" testType="13cdc9d9-ddb5-4fa4-a97d-d965ccfc6d4b" outcome="Passed" testListId="8c84fa94-04c1-424b-9868-57a2d4851a1d" relativeResultsDirectory="473521ca-4322-454c-9d63-b46eb6a2c238" />
    <UnitTestResult executionId="bb577ef7-57ac-484a-81e1-aca08eebc850" testId="cf6ce7eb-96c1-8a55-15f9-4fb2522dc822" testName="xUnitTestProject.CurrencyHelperTests.FormatToStringTest1000(price: 76536.95853396178, expected: &quot;76536.96 zł&quot;)" computerName="DESKTOP-5URQ9PB" duration="00:00:00.0000041" startTime="2022-06-13T21:15:24.6217046+02:00" endTime="2022-06-13T21:15:24.6217047+02:00" testType="13cdc9d9-ddb5-4fa4-a97d-d965ccfc6d4b" outcome="Passed" testListId="8c84fa94-04c1-424b-9868-57a2d4851a1d" relativeResultsDirectory="bb577ef7-57ac-484a-81e1-aca08eebc850" />
    <UnitTestResult executionId="47572a52-0686-408b-b31f-b84ea92c1b94" testId="a00a0db9-3140-48ef-5f63-6a059b1f6f40" testName="xUnitTestProject.CurrencyHelperTests.FormatToStringTest1000(price: 8908.080586221107, expected: &quot;8908.08 zł&quot;)" computerName="DESKTOP-5URQ9PB" duration="00:00:00.0000044" startTime="2022-06-13T21:15:24.7068273+02:00" endTime="2022-06-13T21:15:24.7068275+02:00" testType="13cdc9d9-ddb5-4fa4-a97d-d965ccfc6d4b" outcome="Passed" testListId="8c84fa94-04c1-424b-9868-57a2d4851a1d" relativeResultsDirectory="47572a52-0686-408b-b31f-b84ea92c1b94" />
    <UnitTestResult executionId="4d248bb5-8ee5-4b64-954d-3dffc275ac07" testId="8034b7ee-c5e3-314c-6310-8984871301b7" testName="xUnitTestProject.CurrencyHelperTests.FormatToStringTest1000(price: 7458.609645228652, expected: &quot;7458.61 zł&quot;)" computerName="DESKTOP-5URQ9PB" duration="00:00:00.0000041" startTime="2022-06-13T21:15:24.6887803+02:00" endTime="2022-06-13T21:15:24.6887805+02:00" testType="13cdc9d9-ddb5-4fa4-a97d-d965ccfc6d4b" outcome="Passed" testListId="8c84fa94-04c1-424b-9868-57a2d4851a1d" relativeResultsDirectory="4d248bb5-8ee5-4b64-954d-3dffc275ac07" />
    <UnitTestResult executionId="a1c5dba7-58ae-4a51-b844-d6c92d203d83" testId="c303e402-0edb-f6ba-e4af-33ac122437de" testName="xUnitTestProject.CurrencyHelperTests.FormatToStringTest1000(price: 6105.007054037418, expected: &quot;6105.01 zł&quot;)" computerName="DESKTOP-5URQ9PB" duration="00:00:00.0000040" startTime="2022-06-13T21:15:24.7146237+02:00" endTime="2022-06-13T21:15:24.7146238+02:00" testType="13cdc9d9-ddb5-4fa4-a97d-d965ccfc6d4b" outcome="Passed" testListId="8c84fa94-04c1-424b-9868-57a2d4851a1d" relativeResultsDirectory="a1c5dba7-58ae-4a51-b844-d6c92d203d83" />
    <UnitTestResult executionId="e33cd256-06f6-4377-94c0-002e59f784f0" testId="f406acd8-9b69-9411-bf61-2d74f259f69e" testName="xUnitTestProject.CurrencyHelperTests.FormatToStringTest1000(price: 11430.666613002619, expected: &quot;11430.67 zł&quot;)" computerName="DESKTOP-5URQ9PB" duration="00:00:00.0000040" startTime="2022-06-13T21:15:24.6394918+02:00" endTime="2022-06-13T21:15:24.6394921+02:00" testType="13cdc9d9-ddb5-4fa4-a97d-d965ccfc6d4b" outcome="Passed" testListId="8c84fa94-04c1-424b-9868-57a2d4851a1d" relativeResultsDirectory="e33cd256-06f6-4377-94c0-002e59f784f0" />
    <UnitTestResult executionId="5a9c3d45-fa17-4e77-82e2-43bca9b11be3" testId="61cb44e8-f4b9-17e3-5cff-1fc9b36625bf" testName="xUnitTestProject.CurrencyHelperTests.FormatToStringTest1000(price: 30111.54342534372, expected: &quot;30111.54 zł&quot;)" computerName="DESKTOP-5URQ9PB" duration="00:00:00.0000041" startTime="2022-06-13T21:15:24.6990534+02:00" endTime="2022-06-13T21:15:24.6990536+02:00" testType="13cdc9d9-ddb5-4fa4-a97d-d965ccfc6d4b" outcome="Passed" testListId="8c84fa94-04c1-424b-9868-57a2d4851a1d" relativeResultsDirectory="5a9c3d45-fa17-4e77-82e2-43bca9b11be3" />
    <UnitTestResult executionId="5bae1b51-c33e-426e-b3a0-d3629be66e44" testId="b7f26b3d-6733-f07e-6f15-9b6ddb83ad50" testName="xUnitTestProject.CurrencyHelperTests.FormatToStringTest1000(price: 9517.514896326473, expected: &quot;9517.51 zł&quot;)" computerName="DESKTOP-5URQ9PB" duration="00:00:00.0000040" startTime="2022-06-13T21:15:24.6593937+02:00" endTime="2022-06-13T21:15:24.6593938+02:00" testType="13cdc9d9-ddb5-4fa4-a97d-d965ccfc6d4b" outcome="Passed" testListId="8c84fa94-04c1-424b-9868-57a2d4851a1d" relativeResultsDirectory="5bae1b51-c33e-426e-b3a0-d3629be66e44" />
    <UnitTestResult executionId="c254299d-af9c-4fb8-bc34-25666e274453" testId="2f5e415d-a063-a3ff-febb-2ffdc85ba98d" testName="xUnitTestProject.CurrencyHelperTests.FormatToStringTest1000(price: 31163.834562352316, expected: &quot;31163.83 zł&quot;)" computerName="DESKTOP-5URQ9PB" duration="00:00:00.0000041" startTime="2022-06-13T21:15:24.6797454+02:00" endTime="2022-06-13T21:15:24.6797455+02:00" testType="13cdc9d9-ddb5-4fa4-a97d-d965ccfc6d4b" outcome="Passed" testListId="8c84fa94-04c1-424b-9868-57a2d4851a1d" relativeResultsDirectory="c254299d-af9c-4fb8-bc34-25666e274453" />
    <UnitTestResult executionId="7b583df5-ee27-4b49-ac5c-fb9acfc42870" testId="5a540ea5-a914-2a7a-fb65-63091b7a1082" testName="xUnitTestProject.CurrencyHelperTests.FormatToStringTest1000(price: 1568.615240217473, expected: &quot;1568.62 zł&quot;)" computerName="DESKTOP-5URQ9PB" duration="00:00:00.0000046" startTime="2022-06-13T21:15:24.7157690+02:00" endTime="2022-06-13T21:15:24.7157691+02:00" testType="13cdc9d9-ddb5-4fa4-a97d-d965ccfc6d4b" outcome="Passed" testListId="8c84fa94-04c1-424b-9868-57a2d4851a1d" relativeResultsDirectory="7b583df5-ee27-4b49-ac5c-fb9acfc42870" />
    <UnitTestResult executionId="6fedb9dc-c239-4a6f-93be-649607095c42" testId="fd35a08c-5b95-7a8f-b139-85a90dbcf98e" testName="xUnitTestProject.CurrencyHelperTests.FormatToStringTest1000(price: 30385.72086375613, expected: &quot;30385.72 zł&quot;)" computerName="DESKTOP-5URQ9PB" duration="00:00:00.0000043" startTime="2022-06-13T21:15:24.6856230+02:00" endTime="2022-06-13T21:15:24.6856234+02:00" testType="13cdc9d9-ddb5-4fa4-a97d-d965ccfc6d4b" outcome="Passed" testListId="8c84fa94-04c1-424b-9868-57a2d4851a1d" relativeResultsDirectory="6fedb9dc-c239-4a6f-93be-649607095c42" />
    <UnitTestResult executionId="39a07c5e-bc31-45e0-9ef1-ca7b69760b66" testId="1536b0a9-7189-743d-a273-29feae6f0843" testName="xUnitTestProject.CurrencyHelperTests.FormatToStringTest1000(price: 24729.333280806586, expected: &quot;24729.33 zł&quot;)" computerName="DESKTOP-5URQ9PB" duration="00:00:00.0000040" startTime="2022-06-13T21:15:24.7127148+02:00" endTime="2022-06-13T21:15:24.7127150+02:00" testType="13cdc9d9-ddb5-4fa4-a97d-d965ccfc6d4b" outcome="Passed" testListId="8c84fa94-04c1-424b-9868-57a2d4851a1d" relativeResultsDirectory="39a07c5e-bc31-45e0-9ef1-ca7b69760b66" />
    <UnitTestResult executionId="5e89e5d0-0db4-4dda-abd3-aac49334b009" testId="87f6b537-303b-ee32-7ebc-e34863879e5b" testName="xUnitTestProject.CurrencyHelperTests.FormatToStringTest1000(price: 13455.521105358153, expected: &quot;13455.52 zł&quot;)" computerName="DESKTOP-5URQ9PB" duration="00:00:00.0000041" startTime="2022-06-13T21:15:24.6236135+02:00" endTime="2022-06-13T21:15:24.6236136+02:00" testType="13cdc9d9-ddb5-4fa4-a97d-d965ccfc6d4b" outcome="Passed" testListId="8c84fa94-04c1-424b-9868-57a2d4851a1d" relativeResultsDirectory="5e89e5d0-0db4-4dda-abd3-aac49334b009" />
    <UnitTestResult executionId="1691cc46-a195-4796-8bb9-f0e439e14cce" testId="ec5e31f8-0a43-1c03-8691-e70ecfdbfc69" testName="xUnitTestProject.CurrencyHelperTests.FormatToStringTest1000(price: 68507.83928906724, expected: &quot;68507.84 zł&quot;)" computerName="DESKTOP-5URQ9PB" duration="00:00:00.0000041" startTime="2022-06-13T21:15:24.6787321+02:00" endTime="2022-06-13T21:15:24.6787322+02:00" testType="13cdc9d9-ddb5-4fa4-a97d-d965ccfc6d4b" outcome="Passed" testListId="8c84fa94-04c1-424b-9868-57a2d4851a1d" relativeResultsDirectory="1691cc46-a195-4796-8bb9-f0e439e14cce" />
    <UnitTestResult executionId="0323fe45-5dad-4d18-b6fe-2b7ba6344a5a" testId="0eee54e7-397f-944e-60ad-576b256307cf" testName="xUnitTestProject.CurrencyHelperTests.FormatToStringTest1000(price: 44499.288016808816, expected: &quot;44499.29 zł&quot;)" computerName="DESKTOP-5URQ9PB" duration="00:00:00.0000043" startTime="2022-06-13T21:15:24.6163683+02:00" endTime="2022-06-13T21:15:24.6163684+02:00" testType="13cdc9d9-ddb5-4fa4-a97d-d965ccfc6d4b" outcome="Passed" testListId="8c84fa94-04c1-424b-9868-57a2d4851a1d" relativeResultsDirectory="0323fe45-5dad-4d18-b6fe-2b7ba6344a5a" />
    <UnitTestResult executionId="15c934d6-e218-4f6b-a343-41591248cf66" testId="814e8347-0675-e46f-9f33-cc6368c1ff3d" testName="xUnitTestProject.CurrencyHelperTests.FormatToStringTest1000(price: 1208.1827589441941, expected: &quot;1208.18 zł&quot;)" computerName="DESKTOP-5URQ9PB" duration="00:00:00.0000039" startTime="2022-06-13T21:15:24.6612965+02:00" endTime="2022-06-13T21:15:24.6612967+02:00" testType="13cdc9d9-ddb5-4fa4-a97d-d965ccfc6d4b" outcome="Passed" testListId="8c84fa94-04c1-424b-9868-57a2d4851a1d" relativeResultsDirectory="15c934d6-e218-4f6b-a343-41591248cf66" />
    <UnitTestResult executionId="e6ffe608-6556-4844-80d7-44bbe66ec483" testId="9e92a3ef-f628-77f3-597e-ab6211795c33" testName="xUnitTestProject.CurrencyHelperTests.FormatToStringTest1000(price: 17845.255864087147, expected: &quot;17845.26 zł&quot;)" computerName="DESKTOP-5URQ9PB" duration="00:00:00.0000040" startTime="2022-06-13T21:15:24.6767199+02:00" endTime="2022-06-13T21:15:24.6767201+02:00" testType="13cdc9d9-ddb5-4fa4-a97d-d965ccfc6d4b" outcome="Passed" testListId="8c84fa94-04c1-424b-9868-57a2d4851a1d" relativeResultsDirectory="e6ffe608-6556-4844-80d7-44bbe66ec483" />
    <UnitTestResult executionId="a36cc627-7076-474c-bdde-e47b5ac33447" testId="4b06698d-5339-0a98-2e05-9ce80b4b1ec4" testName="xUnitTestProject.CurrencyHelperTests.FormatToStringTest1000(price: 15566.957545477411, expected: &quot;15566.96 zł&quot;)" computerName="DESKTOP-5URQ9PB" duration="00:00:00.0000041" startTime="2022-06-13T21:15:24.6805416+02:00" endTime="2022-06-13T21:15:24.6805420+02:00" testType="13cdc9d9-ddb5-4fa4-a97d-d965ccfc6d4b" outcome="Passed" testListId="8c84fa94-04c1-424b-9868-57a2d4851a1d" relativeResultsDirectory="a36cc627-7076-474c-bdde-e47b5ac33447" />
    <UnitTestResult executionId="19bbd287-b851-483f-a9ae-395a3aa423e8" testId="daa9a8b5-17c1-3a27-8cd4-720e13369df8" testName="xUnitTestProject.CurrencyHelperTests.FormatToStringTest1000(price: 56373.35086238494, expected: &quot;56373.35 zł&quot;)" computerName="DESKTOP-5URQ9PB" duration="00:00:00.0000048" startTime="2022-06-13T21:15:24.6806820+02:00" endTime="2022-06-13T21:15:24.6806821+02:00" testType="13cdc9d9-ddb5-4fa4-a97d-d965ccfc6d4b" outcome="Passed" testListId="8c84fa94-04c1-424b-9868-57a2d4851a1d" relativeResultsDirectory="19bbd287-b851-483f-a9ae-395a3aa423e8" />
    <UnitTestResult executionId="c046fa9b-7d86-4121-a284-a17510f167a4" testId="c9fc2c85-cd6b-22aa-0e63-9afbfb8c152b" testName="xUnitTestProject.CurrencyHelperTests.FormatToStringTest1000(price: 835.1578487740633, expected: &quot;835.16 zł&quot;)" computerName="DESKTOP-5URQ9PB" duration="00:00:00.0000047" startTime="2022-06-13T21:15:24.6766890+02:00" endTime="2022-06-13T21:15:24.6766892+02:00" testType="13cdc9d9-ddb5-4fa4-a97d-d965ccfc6d4b" outcome="Passed" testListId="8c84fa94-04c1-424b-9868-57a2d4851a1d" relativeResultsDirectory="c046fa9b-7d86-4121-a284-a17510f167a4" />
    <UnitTestResult executionId="060591a9-531c-48cd-9150-f9b6d6dfec68" testId="f527f4e7-733e-c529-a6f2-d33ed3ff23a3" testName="xUnitTestProject.CurrencyHelperTests.FormatToStringTest1000(price: 47025.6224095177, expected: &quot;47025.62 zł&quot;)" computerName="DESKTOP-5URQ9PB" duration="00:00:00.0000041" startTime="2022-06-13T21:15:24.6808189+02:00" endTime="2022-06-13T21:15:24.6808191+02:00" testType="13cdc9d9-ddb5-4fa4-a97d-d965ccfc6d4b" outcome="Passed" testListId="8c84fa94-04c1-424b-9868-57a2d4851a1d" relativeResultsDirectory="060591a9-531c-48cd-9150-f9b6d6dfec68" />
    <UnitTestResult executionId="3db26f94-a8b7-4405-826b-3db069b11741" testId="1ad63577-6f41-15d0-2387-0963e1b2bf95" testName="xUnitTestProject.CurrencyHelperTests.FormatToStringTest1000(price: 45070.5442499493, expected: &quot;45070.54 zł&quot;)" computerName="DESKTOP-5URQ9PB" duration="00:00:00.0000059" startTime="2022-06-13T21:15:24.6310048+02:00" endTime="2022-06-13T21:15:24.6310050+02:00" testType="13cdc9d9-ddb5-4fa4-a97d-d965ccfc6d4b" outcome="Passed" testListId="8c84fa94-04c1-424b-9868-57a2d4851a1d" relativeResultsDirectory="3db26f94-a8b7-4405-826b-3db069b11741" />
    <UnitTestResult executionId="2b4f4507-ab00-4f15-98c3-3bbbe405c277" testId="4a9f4574-9113-6c35-d2fa-751a30e86322" testName="xUnitTestProject.CurrencyHelperTests.FormatToStringTest1000(price: 72703.4365723503, expected: &quot;72703.44 zł&quot;)" computerName="DESKTOP-5URQ9PB" duration="00:00:00.0000039" startTime="2022-06-13T21:15:24.6989914+02:00" endTime="2022-06-13T21:15:24.6989916+02:00" testType="13cdc9d9-ddb5-4fa4-a97d-d965ccfc6d4b" outcome="Passed" testListId="8c84fa94-04c1-424b-9868-57a2d4851a1d" relativeResultsDirectory="2b4f4507-ab00-4f15-98c3-3bbbe405c277" />
    <UnitTestResult executionId="638aa77c-9af7-4db7-a379-978f57f57346" testId="10e970c4-cd41-e630-0953-62de694a4cfc" testName="xUnitTestProject.CurrencyHelperTests.FormatToStringTest1000(price: 38845.74924104323, expected: &quot;38845.75 zł&quot;)" computerName="DESKTOP-5URQ9PB" duration="00:00:00.0000041" startTime="2022-06-13T21:15:24.6416232+02:00" endTime="2022-06-13T21:15:24.6416234+02:00" testType="13cdc9d9-ddb5-4fa4-a97d-d965ccfc6d4b" outcome="Passed" testListId="8c84fa94-04c1-424b-9868-57a2d4851a1d" relativeResultsDirectory="638aa77c-9af7-4db7-a379-978f57f57346" />
    <UnitTestResult executionId="f7486b0a-8625-4770-a617-67f4e54d98ee" testId="fbdffebc-5b1f-3fc0-8f3a-0ed85a2faf6a" testName="xUnitTestProject.CurrencyHelperTests.FormatToStringTest1000(price: 10914.360814625099, expected: &quot;10914.36 zł&quot;)" computerName="DESKTOP-5URQ9PB" duration="00:00:00.0000040" startTime="2022-06-13T21:15:24.6737423+02:00" endTime="2022-06-13T21:15:24.6737424+02:00" testType="13cdc9d9-ddb5-4fa4-a97d-d965ccfc6d4b" outcome="Passed" testListId="8c84fa94-04c1-424b-9868-57a2d4851a1d" relativeResultsDirectory="f7486b0a-8625-4770-a617-67f4e54d98ee" />
    <UnitTestResult executionId="e720bba9-45a5-4aaf-bc1e-cb4c302b025a" testId="6997fb4f-bee2-69ca-461b-7845f1fa191c" testName="xUnitTestProject.CurrencyHelperTests.FormatToStringTest1000(price: 56802.303118930344, expected: &quot;56802.30 zł&quot;)" computerName="DESKTOP-5URQ9PB" duration="00:00:00.0000052" startTime="2022-06-13T21:15:24.6374185+02:00" endTime="2022-06-13T21:15:24.6374192+02:00" testType="13cdc9d9-ddb5-4fa4-a97d-d965ccfc6d4b" outcome="Passed" testListId="8c84fa94-04c1-424b-9868-57a2d4851a1d" relativeResultsDirectory="e720bba9-45a5-4aaf-bc1e-cb4c302b025a" />
    <UnitTestResult executionId="2c05b160-86f5-4e7a-928a-27ad6082018f" testId="72858ddf-be22-dd7b-74db-ce66ecacd1dd" testName="xUnitTestProject.CurrencyHelperTests.FormatToStringTest1000(price: 1614.2516601789982, expected: &quot;1614.25 zł&quot;)" computerName="DESKTOP-5URQ9PB" duration="00:00:00.0000040" startTime="2022-06-13T21:15:24.6757159+02:00" endTime="2022-06-13T21:15:24.6757161+02:00" testType="13cdc9d9-ddb5-4fa4-a97d-d965ccfc6d4b" outcome="Passed" testListId="8c84fa94-04c1-424b-9868-57a2d4851a1d" relativeResultsDirectory="2c05b160-86f5-4e7a-928a-27ad6082018f" />
    <UnitTestResult executionId="90cd5f47-7e77-4f31-9a6f-11904bbc93cf" testId="a61390b2-0ec7-4d98-e7ed-b8eba6ac247d" testName="xUnitTestProject.CurrencyHelperTests.FormatToStringTest1000(price: 34084.19497795599, expected: &quot;34084.19 zł&quot;)" computerName="DESKTOP-5URQ9PB" duration="00:00:00.0000041" startTime="2022-06-13T21:15:24.7256482+02:00" endTime="2022-06-13T21:15:24.7256484+02:00" testType="13cdc9d9-ddb5-4fa4-a97d-d965ccfc6d4b" outcome="Passed" testListId="8c84fa94-04c1-424b-9868-57a2d4851a1d" relativeResultsDirectory="90cd5f47-7e77-4f31-9a6f-11904bbc93cf" />
    <UnitTestResult executionId="b8652229-4966-4a23-b4ad-de5fdb360df4" testId="13946824-77dd-557e-ea95-b0f908b787b1" testName="xUnitTestProject.CurrencyHelperTests.FormatToStringTest1000(price: 25882.451101077, expected: &quot;25882.45 zł&quot;)" computerName="DESKTOP-5URQ9PB" duration="00:00:00.0000056" startTime="2022-06-13T21:15:24.6319800+02:00" endTime="2022-06-13T21:15:24.6319805+02:00" testType="13cdc9d9-ddb5-4fa4-a97d-d965ccfc6d4b" outcome="Passed" testListId="8c84fa94-04c1-424b-9868-57a2d4851a1d" relativeResultsDirectory="b8652229-4966-4a23-b4ad-de5fdb360df4" />
    <UnitTestResult executionId="6c64a70d-f055-488e-b88a-de44208807b7" testId="ef2c65b8-081e-e356-813a-949f0831c7f0" testName="xUnitTestProject.CurrencyHelperTests.FormatToStringTest1000(price: 13568.230982493717, expected: &quot;13568.23 zł&quot;)" computerName="DESKTOP-5URQ9PB" duration="00:00:00.0000041" startTime="2022-06-13T21:15:24.7047803+02:00" endTime="2022-06-13T21:15:24.7047807+02:00" testType="13cdc9d9-ddb5-4fa4-a97d-d965ccfc6d4b" outcome="Passed" testListId="8c84fa94-04c1-424b-9868-57a2d4851a1d" relativeResultsDirectory="6c64a70d-f055-488e-b88a-de44208807b7" />
    <UnitTestResult executionId="10684943-10ac-4ab7-b8d7-89e0b42532ea" testId="5fe9c184-b316-2ed8-da8c-d7dc0b588adb" testName="xUnitTestProject.CurrencyHelperTests.FormatToStringTest1000(price: 34458.5406463512, expected: &quot;34458.54 zł&quot;)" computerName="DESKTOP-5URQ9PB" duration="00:00:00.0000062" startTime="2022-06-13T21:15:24.7009381+02:00" endTime="2022-06-13T21:15:24.7009382+02:00" testType="13cdc9d9-ddb5-4fa4-a97d-d965ccfc6d4b" outcome="Passed" testListId="8c84fa94-04c1-424b-9868-57a2d4851a1d" relativeResultsDirectory="10684943-10ac-4ab7-b8d7-89e0b42532ea" />
    <UnitTestResult executionId="e2e01c0b-0fe3-462b-b8e7-77fb6029761d" testId="76ad8ec9-5ccc-b3a3-7c1b-d549d0dbd095" testName="xUnitTestProject.CurrencyHelperTests.FormatToStringTest1000(price: 4411.456718280659, expected: &quot;4411.46 zł&quot;)" computerName="DESKTOP-5URQ9PB" duration="00:00:00.0000041" startTime="2022-06-13T21:15:24.6584023+02:00" endTime="2022-06-13T21:15:24.6584024+02:00" testType="13cdc9d9-ddb5-4fa4-a97d-d965ccfc6d4b" outcome="Passed" testListId="8c84fa94-04c1-424b-9868-57a2d4851a1d" relativeResultsDirectory="e2e01c0b-0fe3-462b-b8e7-77fb6029761d" />
    <UnitTestResult executionId="98b0a97d-442a-405d-b940-62f2700a1d61" testId="039e02b8-589d-bf11-ab34-101144716c75" testName="xUnitTestProject.CurrencyHelperTests.FormatToStringTest1000(price: 68479.93492677805, expected: &quot;68479.93 zł&quot;)" computerName="DESKTOP-5URQ9PB" duration="00:00:00.0000041" startTime="2022-06-13T21:15:24.7306833+02:00" endTime="2022-06-13T21:15:24.7306834+02:00" testType="13cdc9d9-ddb5-4fa4-a97d-d965ccfc6d4b" outcome="Passed" testListId="8c84fa94-04c1-424b-9868-57a2d4851a1d" relativeResultsDirectory="98b0a97d-442a-405d-b940-62f2700a1d61" />
    <UnitTestResult executionId="8ffc5822-de6e-44ba-9a4c-418fdf7ba7e9" testId="cd325bca-14d8-e62d-3ed3-b6cff2a5be8c" testName="xUnitTestProject.CurrencyHelperTests.FormatToStringTest1000(price: 4539.210371735137, expected: &quot;4539.21 zł&quot;)" computerName="DESKTOP-5URQ9PB" duration="00:00:00.0000041" startTime="2022-06-13T21:15:24.6182448+02:00" endTime="2022-06-13T21:15:24.6182450+02:00" testType="13cdc9d9-ddb5-4fa4-a97d-d965ccfc6d4b" outcome="Passed" testListId="8c84fa94-04c1-424b-9868-57a2d4851a1d" relativeResultsDirectory="8ffc5822-de6e-44ba-9a4c-418fdf7ba7e9" />
    <UnitTestResult executionId="afb3c3fc-f38d-4857-b555-438bb87e9e88" testId="f6807856-920c-b4f6-bd05-450a0bb2d3bd" testName="xUnitTestProject.CurrencyHelperTests.FormatToStringTest1000(price: 29678.921519093645, expected: &quot;29678.92 zł&quot;)" computerName="DESKTOP-5URQ9PB" duration="00:00:00.0000040" startTime="2022-06-13T21:15:24.7088505+02:00" endTime="2022-06-13T21:15:24.7088507+02:00" testType="13cdc9d9-ddb5-4fa4-a97d-d965ccfc6d4b" outcome="Passed" testListId="8c84fa94-04c1-424b-9868-57a2d4851a1d" relativeResultsDirectory="afb3c3fc-f38d-4857-b555-438bb87e9e88" />
    <UnitTestResult executionId="1e4ef01e-1afe-4675-b364-074fec025a8f" testId="01a9775b-5693-bd58-011d-1e4a65370397" testName="xUnitTestProject.CurrencyHelperTests.FormatToStringTest1000(price: 9750.134289915735, expected: &quot;9750.13 zł&quot;)" computerName="DESKTOP-5URQ9PB" duration="00:00:00.0000048" startTime="2022-06-13T21:15:24.7157064+02:00" endTime="2022-06-13T21:15:24.7157065+02:00" testType="13cdc9d9-ddb5-4fa4-a97d-d965ccfc6d4b" outcome="Passed" testListId="8c84fa94-04c1-424b-9868-57a2d4851a1d" relativeResultsDirectory="1e4ef01e-1afe-4675-b364-074fec025a8f" />
    <UnitTestResult executionId="747409ee-6586-4a8f-bc40-48d76c8f2700" testId="6f6f8b3a-15e7-3194-8c20-0c46fab5e263" testName="xUnitTestProject.CurrencyHelperTests.FormatToStringTest1000(price: 7013.601812260971, expected: &quot;7013.60 zł&quot;)" computerName="DESKTOP-5URQ9PB" duration="00:00:00.0000041" startTime="2022-06-13T21:15:24.6214765+02:00" endTime="2022-06-13T21:15:24.6214771+02:00" testType="13cdc9d9-ddb5-4fa4-a97d-d965ccfc6d4b" outcome="Passed" testListId="8c84fa94-04c1-424b-9868-57a2d4851a1d" relativeResultsDirectory="747409ee-6586-4a8f-bc40-48d76c8f2700" />
    <UnitTestResult executionId="6552e530-6853-4136-a8f1-21da772023c7" testId="d543b1fe-0034-e565-eca0-f9a5d2d12bdc" testName="xUnitTestProject.CurrencyHelperTests.FormatToStringTest1000(price: 26223.99769144412, expected: &quot;26224.00 zł&quot;)" computerName="DESKTOP-5URQ9PB" duration="00:00:00.0000039" startTime="2022-06-13T21:15:24.6522922+02:00" endTime="2022-06-13T21:15:24.6522923+02:00" testType="13cdc9d9-ddb5-4fa4-a97d-d965ccfc6d4b" outcome="Passed" testListId="8c84fa94-04c1-424b-9868-57a2d4851a1d" relativeResultsDirectory="6552e530-6853-4136-a8f1-21da772023c7" />
    <UnitTestResult executionId="1d31888f-ea13-4c12-b457-ce5504dd33b4" testId="f34d9844-3970-87ba-1a6d-f7c3b662af09" testName="xUnitTestProject.CurrencyHelperTests.FormatToStringTest1000(price: 10227.532692039169, expected: &quot;10227.53 zł&quot;)" computerName="DESKTOP-5URQ9PB" duration="00:00:00.0000040" startTime="2022-06-13T21:15:24.6311605+02:00" endTime="2022-06-13T21:15:24.6311607+02:00" testType="13cdc9d9-ddb5-4fa4-a97d-d965ccfc6d4b" outcome="Passed" testListId="8c84fa94-04c1-424b-9868-57a2d4851a1d" relativeResultsDirectory="1d31888f-ea13-4c12-b457-ce5504dd33b4" />
    <UnitTestResult executionId="2aba7d00-ac03-414a-b9d8-a957ed2492c8" testId="d2ca44f4-b0fb-ea99-f88d-5612fe812eb3" testName="xUnitTestProject.CurrencyHelperTests.FormatToStringTest1000(price: 10457.593086045978, expected: &quot;10457.59 zł&quot;)" computerName="DESKTOP-5URQ9PB" duration="00:00:00.0000041" startTime="2022-06-13T21:15:24.7185842+02:00" endTime="2022-06-13T21:15:24.7185846+02:00" testType="13cdc9d9-ddb5-4fa4-a97d-d965ccfc6d4b" outcome="Passed" testListId="8c84fa94-04c1-424b-9868-57a2d4851a1d" relativeResultsDirectory="2aba7d00-ac03-414a-b9d8-a957ed2492c8" />
    <UnitTestResult executionId="c4c11b75-8ac7-4b23-a9b3-b28b349c06a4" testId="bafee3ee-9889-56d2-8e3d-2c651a7649c3" testName="xUnitTestProject.CurrencyHelperTests.FormatToStringTest1000(price: 10857.521742201186, expected: &quot;10857.52 zł&quot;)" computerName="DESKTOP-5URQ9PB" duration="00:00:00.0000048" startTime="2022-06-13T21:15:24.6043594+02:00" endTime="2022-06-13T21:15:24.6043596+02:00" testType="13cdc9d9-ddb5-4fa4-a97d-d965ccfc6d4b" outcome="Passed" testListId="8c84fa94-04c1-424b-9868-57a2d4851a1d" relativeResultsDirectory="c4c11b75-8ac7-4b23-a9b3-b28b349c06a4" />
    <UnitTestResult executionId="21487da8-d554-463c-8419-f0fa34adadd6" testId="46d3bb4f-6f59-f6c2-b532-ed497dfae82c" testName="xUnitTestProject.CurrencyHelperTests.FormatToStringTest1000(price: 18208.8422650126, expected: &quot;18208.84 zł&quot;)" computerName="DESKTOP-5URQ9PB" duration="00:00:00.0000052" startTime="2022-06-13T21:15:24.6044248+02:00" endTime="2022-06-13T21:15:24.6044250+02:00" testType="13cdc9d9-ddb5-4fa4-a97d-d965ccfc6d4b" outcome="Passed" testListId="8c84fa94-04c1-424b-9868-57a2d4851a1d" relativeResultsDirectory="21487da8-d554-463c-8419-f0fa34adadd6" />
    <UnitTestResult executionId="121b8299-38d7-41e4-99f2-4277f48d4fd1" testId="8b7ce013-8629-5a29-320f-b962e95e1d02" testName="xUnitTestProject.CurrencyHelperTests.FormatToStringTest1000(price: 47437.74370917619, expected: &quot;47437.74 zł&quot;)" computerName="DESKTOP-5URQ9PB" duration="00:00:00.0000048" startTime="2022-06-13T21:15:24.6415924+02:00" endTime="2022-06-13T21:15:24.6415925+02:00" testType="13cdc9d9-ddb5-4fa4-a97d-d965ccfc6d4b" outcome="Passed" testListId="8c84fa94-04c1-424b-9868-57a2d4851a1d" relativeResultsDirectory="121b8299-38d7-41e4-99f2-4277f48d4fd1" />
    <UnitTestResult executionId="17c865a0-0e53-4163-ab5f-c62ee4c0d589" testId="5105cd39-08d3-5cdf-e5e5-5aae2f2d51c8" testName="xUnitTestProject.CurrencyHelperTests.FormatToStringTest1000(price: 2937.138486199611, expected: &quot;2937.14 zł&quot;)" computerName="DESKTOP-5URQ9PB" duration="00:00:00.0000041" startTime="2022-06-13T21:15:24.6162123+02:00" endTime="2022-06-13T21:15:24.6162125+02:00" testType="13cdc9d9-ddb5-4fa4-a97d-d965ccfc6d4b" outcome="Passed" testListId="8c84fa94-04c1-424b-9868-57a2d4851a1d" relativeResultsDirectory="17c865a0-0e53-4163-ab5f-c62ee4c0d589" />
    <UnitTestResult executionId="95ccfed6-e73f-4dfd-951b-a6a1a7d2b784" testId="0eb2cf4b-202a-2f21-374f-50b4b3adc607" testName="xUnitTestProject.CurrencyHelperTests.FormatToStringTest1000(price: 18424.864078561244, expected: &quot;18424.86 zł&quot;)" computerName="DESKTOP-5URQ9PB" duration="00:00:00.0000041" startTime="2022-06-13T21:15:24.7069838+02:00" endTime="2022-06-13T21:15:24.7069839+02:00" testType="13cdc9d9-ddb5-4fa4-a97d-d965ccfc6d4b" outcome="Passed" testListId="8c84fa94-04c1-424b-9868-57a2d4851a1d" relativeResultsDirectory="95ccfed6-e73f-4dfd-951b-a6a1a7d2b784" />
    <UnitTestResult executionId="51d17d51-7204-4953-983e-319734e933ff" testId="ba870e88-e985-a063-3050-00fcfcbc95b8" testName="xUnitTestProject.CurrencyHelperTests.FormatToStringTest1000(price: 17798.633951516185, expected: &quot;17798.63 zł&quot;)" computerName="DESKTOP-5URQ9PB" duration="00:00:00.0000041" startTime="2022-06-13T21:15:24.6300708+02:00" endTime="2022-06-13T21:15:24.6300709+02:00" testType="13cdc9d9-ddb5-4fa4-a97d-d965ccfc6d4b" outcome="Passed" testListId="8c84fa94-04c1-424b-9868-57a2d4851a1d" relativeResultsDirectory="51d17d51-7204-4953-983e-319734e933ff" />
    <UnitTestResult executionId="5c8f968a-c816-4ae5-b822-d9b38208f840" testId="084c3ea0-3fae-0089-ccac-97b8aadd0b60" testName="xUnitTestProject.CurrencyHelperTests.FormatToStringTest1000(price: 1860.3356292016504, expected: &quot;1860.34 zł&quot;)" computerName="DESKTOP-5URQ9PB" duration="00:00:00.0000040" startTime="2022-06-13T21:15:24.6423724+02:00" endTime="2022-06-13T21:15:24.6423725+02:00" testType="13cdc9d9-ddb5-4fa4-a97d-d965ccfc6d4b" outcome="Passed" testListId="8c84fa94-04c1-424b-9868-57a2d4851a1d" relativeResultsDirectory="5c8f968a-c816-4ae5-b822-d9b38208f840" />
    <UnitTestResult executionId="09e363e6-a2bb-4000-8a35-b077685dca2f" testId="f8894dae-c947-7fce-9d72-6693c21ad4f8" testName="xUnitTestProject.CurrencyHelperTests.FormatToStringTest1000(price: 65963.39932440939, expected: &quot;65963.40 zł&quot;)" computerName="DESKTOP-5URQ9PB" duration="00:00:00.0000041" startTime="2022-06-13T21:15:24.6542734+02:00" endTime="2022-06-13T21:15:24.6542737+02:00" testType="13cdc9d9-ddb5-4fa4-a97d-d965ccfc6d4b" outcome="Passed" testListId="8c84fa94-04c1-424b-9868-57a2d4851a1d" relativeResultsDirectory="09e363e6-a2bb-4000-8a35-b077685dca2f" />
    <UnitTestResult executionId="02494f3d-137e-4a4f-9f5c-2c8a0925c941" testId="61bdea90-2716-ebd5-11fe-1f07a5d80915" testName="xUnitTestProject.CurrencyHelperTests.FormatToStringTest1000(price: 40545.70748620001, expected: &quot;40545.71 zł&quot;)" computerName="DESKTOP-5URQ9PB" duration="00:00:00.0000041" startTime="2022-06-13T21:15:24.6130706+02:00" endTime="2022-06-13T21:15:24.6130708+02:00" testType="13cdc9d9-ddb5-4fa4-a97d-d965ccfc6d4b" outcome="Passed" testListId="8c84fa94-04c1-424b-9868-57a2d4851a1d" relativeResultsDirectory="02494f3d-137e-4a4f-9f5c-2c8a0925c941" />
    <UnitTestResult executionId="9ba59aea-2a73-4b76-aec3-fe34d2bbacb6" testId="3fe65711-0b55-7192-8237-90b45a462066" testName="xUnitTestProject.CurrencyHelperTests.FormatToStringTest1000(price: 159.83786031922224, expected: &quot;159.84 zł&quot;)" computerName="DESKTOP-5URQ9PB" duration="00:00:00.0000041" startTime="2022-06-13T21:15:24.7158003+02:00" endTime="2022-06-13T21:15:24.7158005+02:00" testType="13cdc9d9-ddb5-4fa4-a97d-d965ccfc6d4b" outcome="Passed" testListId="8c84fa94-04c1-424b-9868-57a2d4851a1d" relativeResultsDirectory="9ba59aea-2a73-4b76-aec3-fe34d2bbacb6" />
    <UnitTestResult executionId="cf32ac5c-1257-4859-899f-1bf5387b0906" testId="21c8abf8-9b6f-d71c-0d26-379759e20f24" testName="xUnitTestProject.CurrencyHelperTests.FormatToStringTest1000(price: 64124.274503948756, expected: &quot;64124.27 zł&quot;)" computerName="DESKTOP-5URQ9PB" duration="00:00:00.0000040" startTime="2022-06-13T21:15:24.6623002+02:00" endTime="2022-06-13T21:15:24.6623004+02:00" testType="13cdc9d9-ddb5-4fa4-a97d-d965ccfc6d4b" outcome="Passed" testListId="8c84fa94-04c1-424b-9868-57a2d4851a1d" relativeResultsDirectory="cf32ac5c-1257-4859-899f-1bf5387b0906" />
    <UnitTestResult executionId="cc72f29c-6752-4a19-9319-531c572d1158" testId="4b28c4f2-243a-8c78-12a1-344fb80c29cf" testName="xUnitTestProject.CurrencyHelperTests.FormatToStringTest1000(price: 30126.012320622805, expected: &quot;30126.01 zł&quot;)" computerName="DESKTOP-5URQ9PB" duration="00:00:00.0000051" startTime="2022-06-13T21:15:24.6491942+02:00" endTime="2022-06-13T21:15:24.6491945+02:00" testType="13cdc9d9-ddb5-4fa4-a97d-d965ccfc6d4b" outcome="Passed" testListId="8c84fa94-04c1-424b-9868-57a2d4851a1d" relativeResultsDirectory="cc72f29c-6752-4a19-9319-531c572d1158" />
    <UnitTestResult executionId="0bdf8527-3916-4010-829e-c3006e6df86f" testId="ed116d32-6ba7-9bd1-6680-6c13ee07292b" testName="xUnitTestProject.CurrencyHelperTests.FormatToStringTest1000(price: 867.5236648356187, expected: &quot;867.52 zł&quot;)" computerName="DESKTOP-5URQ9PB" duration="00:00:00.0000041" startTime="2022-06-13T21:15:24.6152365+02:00" endTime="2022-06-13T21:15:24.6152366+02:00" testType="13cdc9d9-ddb5-4fa4-a97d-d965ccfc6d4b" outcome="Passed" testListId="8c84fa94-04c1-424b-9868-57a2d4851a1d" relativeResultsDirectory="0bdf8527-3916-4010-829e-c3006e6df86f" />
    <UnitTestResult executionId="ec359a5e-131f-4ea0-b690-ccfe664575db" testId="4d3fe7e4-2bde-cfc0-5403-0728b7dde62a" testName="xUnitTestProject.CurrencyHelperTests.FormatToStringTest1000(price: 2883.637133003975, expected: &quot;2883.64 zł&quot;)" computerName="DESKTOP-5URQ9PB" duration="00:00:00.0000074" startTime="2022-06-13T21:15:24.6694948+02:00" endTime="2022-06-13T21:15:24.6694952+02:00" testType="13cdc9d9-ddb5-4fa4-a97d-d965ccfc6d4b" outcome="Passed" testListId="8c84fa94-04c1-424b-9868-57a2d4851a1d" relativeResultsDirectory="ec359a5e-131f-4ea0-b690-ccfe664575db" />
    <UnitTestResult executionId="76568a17-c96e-49be-92f8-8c04bc060217" testId="67b93cbf-4a61-71bd-d4ce-d603f3c3b311" testName="xUnitTestProject.CurrencyHelperTests.FormatToStringTest1000(price: 3195.202943510936, expected: &quot;3195.20 zł&quot;)" computerName="DESKTOP-5URQ9PB" duration="00:00:00.0000041" startTime="2022-06-13T21:15:24.7058550+02:00" endTime="2022-06-13T21:15:24.7058552+02:00" testType="13cdc9d9-ddb5-4fa4-a97d-d965ccfc6d4b" outcome="Passed" testListId="8c84fa94-04c1-424b-9868-57a2d4851a1d" relativeResultsDirectory="76568a17-c96e-49be-92f8-8c04bc060217" />
    <UnitTestResult executionId="4b27eb28-8a08-4375-9fa8-ef618d1a6e9c" testId="d493c8e9-cfea-2fc7-4acb-79ca91dde5f0" testName="xUnitTestProject.CurrencyHelperTests.FormatToStringTest1000(price: 10527.083945901639, expected: &quot;10527.08 zł&quot;)" computerName="DESKTOP-5URQ9PB" duration="00:00:00.0000041" startTime="2022-06-13T21:15:24.6944878+02:00" endTime="2022-06-13T21:15:24.6944882+02:00" testType="13cdc9d9-ddb5-4fa4-a97d-d965ccfc6d4b" outcome="Passed" testListId="8c84fa94-04c1-424b-9868-57a2d4851a1d" relativeResultsDirectory="4b27eb28-8a08-4375-9fa8-ef618d1a6e9c" />
    <UnitTestResult executionId="dad1990b-a827-4f9c-b3a0-bd56961f9aa6" testId="0fb536e2-af1a-ef21-5b53-d89a189dda8d" testName="xUnitTestProject.CurrencyHelperTests.FormatToStringTest1000(price: 26858.35647848731, expected: &quot;26858.36 zł&quot;)" computerName="DESKTOP-5URQ9PB" duration="00:00:00.0000048" startTime="2022-06-13T21:15:24.7236296+02:00" endTime="2022-06-13T21:15:24.7236297+02:00" testType="13cdc9d9-ddb5-4fa4-a97d-d965ccfc6d4b" outcome="Passed" testListId="8c84fa94-04c1-424b-9868-57a2d4851a1d" relativeResultsDirectory="dad1990b-a827-4f9c-b3a0-bd56961f9aa6" />
    <UnitTestResult executionId="7e7171a2-c98f-4656-a807-5578f8b12f48" testId="92748693-9b58-d8e3-eb5b-22d11e2e9e9d" testName="xUnitTestProject.CurrencyHelperTests.FormatToStringTest1000(price: 577.6071367564645, expected: &quot;577.61 zł&quot;)" computerName="DESKTOP-5URQ9PB" duration="00:00:00.0000041" startTime="2022-06-13T21:15:24.6533861+02:00" endTime="2022-06-13T21:15:24.6533863+02:00" testType="13cdc9d9-ddb5-4fa4-a97d-d965ccfc6d4b" outcome="Passed" testListId="8c84fa94-04c1-424b-9868-57a2d4851a1d" relativeResultsDirectory="7e7171a2-c98f-4656-a807-5578f8b12f48" />
    <UnitTestResult executionId="315566c5-d37e-4ad6-ab4b-bbd135c348b3" testId="2b440940-2efe-cdba-d4a2-2746340ee3bc" testName="xUnitTestProject.CurrencyHelperTests.FormatToStringTest1000(price: 13844.577623300524, expected: &quot;13844.58 zł&quot;)" computerName="DESKTOP-5URQ9PB" duration="00:00:00.0000040" startTime="2022-06-13T21:15:24.6707226+02:00" endTime="2022-06-13T21:15:24.6707228+02:00" testType="13cdc9d9-ddb5-4fa4-a97d-d965ccfc6d4b" outcome="Passed" testListId="8c84fa94-04c1-424b-9868-57a2d4851a1d" relativeResultsDirectory="315566c5-d37e-4ad6-ab4b-bbd135c348b3" />
    <UnitTestResult executionId="e05c77c1-a059-430e-af82-8ea1ae79a3ba" testId="b59817a2-024b-f794-3f46-68714948a01a" testName="xUnitTestProject.CurrencyHelperTests.FormatToStringTest1000(price: 740.3213011405064, expected: &quot;740.32 zł&quot;)" computerName="DESKTOP-5URQ9PB" duration="00:00:00.0000041" startTime="2022-06-13T21:15:24.6694469+02:00" endTime="2022-06-13T21:15:24.6694473+02:00" testType="13cdc9d9-ddb5-4fa4-a97d-d965ccfc6d4b" outcome="Passed" testListId="8c84fa94-04c1-424b-9868-57a2d4851a1d" relativeResultsDirectory="e05c77c1-a059-430e-af82-8ea1ae79a3ba" />
    <UnitTestResult executionId="94305af0-7945-40a9-85ca-be11056e8a77" testId="12d96651-40d0-5499-9770-bf08435d63fc" testName="xUnitTestProject.CurrencyHelperTests.FormatToStringTest1000(price: 13402.882692040355, expected: &quot;13402.88 zł&quot;)" computerName="DESKTOP-5URQ9PB" duration="00:00:00.0000040" startTime="2022-06-13T21:15:24.7158315+02:00" endTime="2022-06-13T21:15:24.7158317+02:00" testType="13cdc9d9-ddb5-4fa4-a97d-d965ccfc6d4b" outcome="Passed" testListId="8c84fa94-04c1-424b-9868-57a2d4851a1d" relativeResultsDirectory="94305af0-7945-40a9-85ca-be11056e8a77" />
    <UnitTestResult executionId="6a772060-2ee3-4797-a2f4-7a414a0930c3" testId="1462a569-77b7-fa7d-0148-09ce9f2428e8" testName="xUnitTestProject.CurrencyHelperTests.FormatToStringTest1000(price: 19462.729986486367, expected: &quot;19462.73 zł&quot;)" computerName="DESKTOP-5URQ9PB" duration="00:00:00.0000039" startTime="2022-06-13T21:15:24.7147498+02:00" endTime="2022-06-13T21:15:24.7147499+02:00" testType="13cdc9d9-ddb5-4fa4-a97d-d965ccfc6d4b" outcome="Passed" testListId="8c84fa94-04c1-424b-9868-57a2d4851a1d" relativeResultsDirectory="6a772060-2ee3-4797-a2f4-7a414a0930c3" />
    <UnitTestResult executionId="9c8026c4-b17d-4ba8-9eb9-a692ec0361dd" testId="3e5b1b26-ce6a-72cd-5d99-1c229fd90703" testName="xUnitTestProject.CurrencyHelperTests.FormatToStringTest1000(price: 15520.346099893259, expected: &quot;15520.35 zł&quot;)" computerName="DESKTOP-5URQ9PB" duration="00:00:00.0000041" startTime="2022-06-13T21:15:24.6434442+02:00" endTime="2022-06-13T21:15:24.6434443+02:00" testType="13cdc9d9-ddb5-4fa4-a97d-d965ccfc6d4b" outcome="Passed" testListId="8c84fa94-04c1-424b-9868-57a2d4851a1d" relativeResultsDirectory="9c8026c4-b17d-4ba8-9eb9-a692ec0361dd" />
    <UnitTestResult executionId="3f3ebb05-a573-47ed-b9dc-6984a0416bf7" testId="33fd1dda-62a8-0bed-a4ce-731800ce94c0" testName="xUnitTestProject.CurrencyHelperTests.FormatToStringTest1000(price: 19210.519530370144, expected: &quot;19210.52 zł&quot;)" computerName="DESKTOP-5URQ9PB" duration="00:00:00.0000041" startTime="2022-06-13T21:15:24.7307144+02:00" endTime="2022-06-13T21:15:24.7307146+02:00" testType="13cdc9d9-ddb5-4fa4-a97d-d965ccfc6d4b" outcome="Passed" testListId="8c84fa94-04c1-424b-9868-57a2d4851a1d" relativeResultsDirectory="3f3ebb05-a573-47ed-b9dc-6984a0416bf7" />
    <UnitTestResult executionId="67ab0a7e-2657-4ae3-9bd8-faccae6fdc18" testId="6079b9dd-99aa-436d-ae95-d982e753c815" testName="xUnitTestProject.CurrencyHelperTests.FormatToStringTest1000(price: 3649.9254912836127, expected: &quot;3649.93 zł&quot;)" computerName="DESKTOP-5URQ9PB" duration="00:00:00.0000041" startTime="2022-06-13T21:15:24.6259336+02:00" endTime="2022-06-13T21:15:24.6259337+02:00" testType="13cdc9d9-ddb5-4fa4-a97d-d965ccfc6d4b" outcome="Passed" testListId="8c84fa94-04c1-424b-9868-57a2d4851a1d" relativeResultsDirectory="67ab0a7e-2657-4ae3-9bd8-faccae6fdc18" />
    <UnitTestResult executionId="564557c1-bec5-466e-ad2d-b2e2475905d3" testId="546c163e-77dd-f570-5b52-f67af946e3b9" testName="xUnitTestProject.CurrencyHelperTests.FormatToStringTest1000(price: 56286.70397975702, expected: &quot;56286.70 zł&quot;)" computerName="DESKTOP-5URQ9PB" duration="00:00:00.0000041" startTime="2022-06-13T21:15:24.7205701+02:00" endTime="2022-06-13T21:15:24.7205702+02:00" testType="13cdc9d9-ddb5-4fa4-a97d-d965ccfc6d4b" outcome="Passed" testListId="8c84fa94-04c1-424b-9868-57a2d4851a1d" relativeResultsDirectory="564557c1-bec5-466e-ad2d-b2e2475905d3" />
    <UnitTestResult executionId="60779897-a7b3-4c2f-a562-b4032a80edbc" testId="1eaafc3c-6374-0d37-e565-15fb470a9a01" testName="xUnitTestProject.CurrencyHelperTests.FormatToStringTest1000(price: 12641.700665183225, expected: &quot;12641.70 zł&quot;)" computerName="DESKTOP-5URQ9PB" duration="00:00:00.0000048" startTime="2022-06-13T21:15:24.7059478+02:00" endTime="2022-06-13T21:15:24.7059480+02:00" testType="13cdc9d9-ddb5-4fa4-a97d-d965ccfc6d4b" outcome="Passed" testListId="8c84fa94-04c1-424b-9868-57a2d4851a1d" relativeResultsDirectory="60779897-a7b3-4c2f-a562-b4032a80edbc" />
    <UnitTestResult executionId="87c62e78-3d13-491d-8a3e-e24eea5e5ef9" testId="ee3ad499-d226-2821-3efe-49a57729a899" testName="xUnitTestProject.CurrencyHelperTests.FormatToStringTest1000(price: 7202.052143613367, expected: &quot;7202.05 zł&quot;)" computerName="DESKTOP-5URQ9PB" duration="00:00:00.0000041" startTime="2022-06-13T21:15:24.6563530+02:00" endTime="2022-06-13T21:15:24.6563531+02:00" testType="13cdc9d9-ddb5-4fa4-a97d-d965ccfc6d4b" outcome="Passed" testListId="8c84fa94-04c1-424b-9868-57a2d4851a1d" relativeResultsDirectory="87c62e78-3d13-491d-8a3e-e24eea5e5ef9" />
    <UnitTestResult executionId="55b29ab8-81b6-4280-b0a8-a02ec4d08734" testId="da9e50fc-db80-afa7-5f4f-4cb6b2da8231" testName="xUnitTestProject.CurrencyHelperTests.FormatToStringTest1000(price: 28972.23604401212, expected: &quot;28972.24 zł&quot;)" computerName="DESKTOP-5URQ9PB" duration="00:00:00.0000041" startTime="2022-06-13T21:15:24.6384466+02:00" endTime="2022-06-13T21:15:24.6384467+02:00" testType="13cdc9d9-ddb5-4fa4-a97d-d965ccfc6d4b" outcome="Passed" testListId="8c84fa94-04c1-424b-9868-57a2d4851a1d" relativeResultsDirectory="55b29ab8-81b6-4280-b0a8-a02ec4d08734" />
    <UnitTestResult executionId="f9bf17c9-b9a7-426f-b3d7-d0dfa93077a8" testId="bea51f53-59a0-d933-da38-7b5730c49072" testName="xUnitTestProject.CurrencyHelperTests.FormatToStringTest1000(price: 36047.83545033672, expected: &quot;36047.84 zł&quot;)" computerName="DESKTOP-5URQ9PB" duration="00:00:00.0000041" startTime="2022-06-13T21:15:24.6472563+02:00" endTime="2022-06-13T21:15:24.6472565+02:00" testType="13cdc9d9-ddb5-4fa4-a97d-d965ccfc6d4b" outcome="Passed" testListId="8c84fa94-04c1-424b-9868-57a2d4851a1d" relativeResultsDirectory="f9bf17c9-b9a7-426f-b3d7-d0dfa93077a8" />
    <UnitTestResult executionId="14490c7b-b897-4d4e-b90e-4300a936e786" testId="eaf0b15c-0fc1-b6e6-caad-e11eeb0c7fda" testName="xUnitTestProject.CurrencyHelperTests.FormatToStringTest1000(price: 19796.212103914568, expected: &quot;19796.21 zł&quot;)" computerName="DESKTOP-5URQ9PB" duration="00:00:00.0000040" startTime="2022-06-13T21:15:24.6858760+02:00" endTime="2022-06-13T21:15:24.6858761+02:00" testType="13cdc9d9-ddb5-4fa4-a97d-d965ccfc6d4b" outcome="Passed" testListId="8c84fa94-04c1-424b-9868-57a2d4851a1d" relativeResultsDirectory="14490c7b-b897-4d4e-b90e-4300a936e786" />
    <UnitTestResult executionId="c76ba5d3-da24-4b04-91c6-4e78c57b8dd1" testId="dfaf8cc8-6c50-9b2f-464a-6475c413ade9" testName="xUnitTestProject.CurrencyHelperTests.FormatToStringTest1000(price: 67230.86250807665, expected: &quot;67230.86 zł&quot;)" computerName="DESKTOP-5URQ9PB" duration="00:00:00.0000041" startTime="2022-06-13T21:15:24.7215358+02:00" endTime="2022-06-13T21:15:24.7215360+02:00" testType="13cdc9d9-ddb5-4fa4-a97d-d965ccfc6d4b" outcome="Passed" testListId="8c84fa94-04c1-424b-9868-57a2d4851a1d" relativeResultsDirectory="c76ba5d3-da24-4b04-91c6-4e78c57b8dd1" />
    <UnitTestResult executionId="b1163d99-5e4d-4524-a053-30541c47dd9c" testId="9b79670a-4357-fb82-855b-9e335ddd3a09" testName="xUnitTestProject.CurrencyHelperTests.FormatToStringTest1000(price: 7193.552206002898, expected: &quot;7193.55 zł&quot;)" computerName="DESKTOP-5URQ9PB" duration="00:00:00.0000040" startTime="2022-06-13T21:15:24.6652242+02:00" endTime="2022-06-13T21:15:24.6652243+02:00" testType="13cdc9d9-ddb5-4fa4-a97d-d965ccfc6d4b" outcome="Passed" testListId="8c84fa94-04c1-424b-9868-57a2d4851a1d" relativeResultsDirectory="b1163d99-5e4d-4524-a053-30541c47dd9c" />
    <UnitTestResult executionId="c9c8531c-4eab-4c81-bd8b-5cefbb89617d" testId="990c6bd9-75e3-e712-66e8-1d0bc8aed91c" testName="xUnitTestProject.CurrencyHelperTests.FormatToStringTest1000(price: 19882.647973500494, expected: &quot;19882.65 zł&quot;)" computerName="DESKTOP-5URQ9PB" duration="00:00:00.0000040" startTime="2022-06-13T21:15:24.6998948+02:00" endTime="2022-06-13T21:15:24.6998952+02:00" testType="13cdc9d9-ddb5-4fa4-a97d-d965ccfc6d4b" outcome="Passed" testListId="8c84fa94-04c1-424b-9868-57a2d4851a1d" relativeResultsDirectory="c9c8531c-4eab-4c81-bd8b-5cefbb89617d" />
    <UnitTestResult executionId="7a6e5cd1-3f87-43c9-924b-a6a085e383ef" testId="37d09489-36bf-8c23-e75f-f494d92ed465" testName="xUnitTestProject.CurrencyHelperTests.FormatToStringTest1000(price: 14218.204344010543, expected: &quot;14218.20 zł&quot;)" computerName="DESKTOP-5URQ9PB" duration="00:00:00.0000041" startTime="2022-06-13T21:15:24.7267493+02:00" endTime="2022-06-13T21:15:24.7267494+02:00" testType="13cdc9d9-ddb5-4fa4-a97d-d965ccfc6d4b" outcome="Passed" testListId="8c84fa94-04c1-424b-9868-57a2d4851a1d" relativeResultsDirectory="7a6e5cd1-3f87-43c9-924b-a6a085e383ef" />
    <UnitTestResult executionId="7a93bf56-10d0-41b0-bc18-569b5df22a11" testId="9e381b2f-7758-75e7-1187-5359a7cc2fcf" testName="xUnitTestProject.CurrencyHelperTests.FormatToStringTest1000(price: 4252.4012513842445, expected: &quot;4252.40 zł&quot;)" computerName="DESKTOP-5URQ9PB" duration="00:00:00.0000041" startTime="2022-06-13T21:15:24.6765639+02:00" endTime="2022-06-13T21:15:24.6765641+02:00" testType="13cdc9d9-ddb5-4fa4-a97d-d965ccfc6d4b" outcome="Passed" testListId="8c84fa94-04c1-424b-9868-57a2d4851a1d" relativeResultsDirectory="7a93bf56-10d0-41b0-bc18-569b5df22a11" />
    <UnitTestResult executionId="49270b9c-70a8-42b9-9a2f-286b8dfe90e8" testId="230e1e23-a8f6-7ac5-0938-0ce23eabf420" testName="xUnitTestProject.CurrencyHelperTests.FormatToStringTest1000(price: 12091.219941106729, expected: &quot;12091.22 zł&quot;)" computerName="DESKTOP-5URQ9PB" duration="00:00:00.0000040" startTime="2022-06-13T21:15:24.6643966+02:00" endTime="2022-06-13T21:15:24.6643968+02:00" testType="13cdc9d9-ddb5-4fa4-a97d-d965ccfc6d4b" outcome="Passed" testListId="8c84fa94-04c1-424b-9868-57a2d4851a1d" relativeResultsDirectory="49270b9c-70a8-42b9-9a2f-286b8dfe90e8" />
    <UnitTestResult executionId="99ebef89-a43a-4565-86e9-2a07722d03a4" testId="31b9c4ce-6a9b-3b29-d842-ab748e7d275b" testName="xUnitTestProject.CurrencyHelperTests.FormatToStringTest1000(price: 53192.79032742269, expected: &quot;53192.79 zł&quot;)" computerName="DESKTOP-5URQ9PB" duration="00:00:00.0000040" startTime="2022-06-13T21:15:24.7216621+02:00" endTime="2022-06-13T21:15:24.7216622+02:00" testType="13cdc9d9-ddb5-4fa4-a97d-d965ccfc6d4b" outcome="Passed" testListId="8c84fa94-04c1-424b-9868-57a2d4851a1d" relativeResultsDirectory="99ebef89-a43a-4565-86e9-2a07722d03a4" />
    <UnitTestResult executionId="84b5990c-6738-4ca9-b24c-e987fb5d03a8" testId="61863f63-9d64-1d88-3d10-ad0f63ed338b" testName="xUnitTestProject.CurrencyHelperTests.FormatToStringTest1000(price: 1130.8119115372242, expected: &quot;1130.81 zł&quot;)" computerName="DESKTOP-5URQ9PB" duration="00:00:00.0000040" startTime="2022-06-13T21:15:24.6737113+02:00" endTime="2022-06-13T21:15:24.6737115+02:00" testType="13cdc9d9-ddb5-4fa4-a97d-d965ccfc6d4b" outcome="Passed" testListId="8c84fa94-04c1-424b-9868-57a2d4851a1d" relativeResultsDirectory="84b5990c-6738-4ca9-b24c-e987fb5d03a8" />
    <UnitTestResult executionId="1f041b16-704b-40df-b8e4-6e3e34cf3fdb" testId="27e54bf1-4aa0-4763-a98b-d50300d50e6c" testName="xUnitTestProject.CurrencyHelperTests.FormatToStringTest1000(price: 75915.01943546813, expected: &quot;75915.02 zł&quot;)" computerName="DESKTOP-5URQ9PB" duration="00:00:00.0000040" startTime="2022-06-13T21:15:24.6603437+02:00" endTime="2022-06-13T21:15:24.6603439+02:00" testType="13cdc9d9-ddb5-4fa4-a97d-d965ccfc6d4b" outcome="Passed" testListId="8c84fa94-04c1-424b-9868-57a2d4851a1d" relativeResultsDirectory="1f041b16-704b-40df-b8e4-6e3e34cf3fdb" />
    <UnitTestResult executionId="dd75ff28-0e1c-4a78-ae68-e889def093f1" testId="be9ca199-100c-7487-211b-359c6f85feb5" testName="xUnitTestProject.CurrencyHelperTests.FormatToStringTest1000(price: 14475.498583194567, expected: &quot;14475.50 zł&quot;)" computerName="DESKTOP-5URQ9PB" duration="00:00:00.0000041" startTime="2022-06-13T21:15:24.7266259+02:00" endTime="2022-06-13T21:15:24.7266261+02:00" testType="13cdc9d9-ddb5-4fa4-a97d-d965ccfc6d4b" outcome="Passed" testListId="8c84fa94-04c1-424b-9868-57a2d4851a1d" relativeResultsDirectory="dd75ff28-0e1c-4a78-ae68-e889def093f1" />
    <UnitTestResult executionId="f5447169-038d-47f0-a99e-2d6cba4da71f" testId="f62ec529-2064-feb0-d217-30e62f8296ba" testName="xUnitTestProject.CurrencyHelperTests.FormatToStringTest1000(price: 58459.03113649601, expected: &quot;58459.03 zł&quot;)" computerName="DESKTOP-5URQ9PB" duration="00:00:00.0000041" startTime="2022-06-13T21:15:24.6445532+02:00" endTime="2022-06-13T21:15:24.6445534+02:00" testType="13cdc9d9-ddb5-4fa4-a97d-d965ccfc6d4b" outcome="Passed" testListId="8c84fa94-04c1-424b-9868-57a2d4851a1d" relativeResultsDirectory="f5447169-038d-47f0-a99e-2d6cba4da71f" />
    <UnitTestResult executionId="178a7411-fd2c-4389-85d4-510ef0c90ccf" testId="c212e24b-1c29-9890-50c8-57d6096284d3" testName="xUnitTestProject.CurrencyHelperTests.FormatToStringTest1000(price: 1181.5773122979222, expected: &quot;1181.58 zł&quot;)" computerName="DESKTOP-5URQ9PB" duration="00:00:00.0000040" startTime="2022-06-13T21:15:24.6395242+02:00" endTime="2022-06-13T21:15:24.6395244+02:00" testType="13cdc9d9-ddb5-4fa4-a97d-d965ccfc6d4b" outcome="Passed" testListId="8c84fa94-04c1-424b-9868-57a2d4851a1d" relativeResultsDirectory="178a7411-fd2c-4389-85d4-510ef0c90ccf" />
    <UnitTestResult executionId="b3135dc4-1e6e-4d62-8f62-5aa377e472c0" testId="6eb5b91d-aafa-339f-fbef-69ff28a5c36d" testName="xUnitTestProject.CurrencyHelperTests.FormatToStringTest1000(price: 32051.900532446758, expected: &quot;32051.90 zł&quot;)" computerName="DESKTOP-5URQ9PB" duration="00:00:00.0000041" startTime="2022-06-13T21:15:24.6512765+02:00" endTime="2022-06-13T21:15:24.6512767+02:00" testType="13cdc9d9-ddb5-4fa4-a97d-d965ccfc6d4b" outcome="Passed" testListId="8c84fa94-04c1-424b-9868-57a2d4851a1d" relativeResultsDirectory="b3135dc4-1e6e-4d62-8f62-5aa377e472c0" />
    <UnitTestResult executionId="8f97699f-ab9d-4b93-9a38-78eee5b2a7b1" testId="758b94a4-3e83-213a-e897-268aa753a08f" testName="xUnitTestProject.CurrencyHelperTests.FormatToStringTest1000(price: 36760.171806480816, expected: &quot;36760.17 zł&quot;)" computerName="DESKTOP-5URQ9PB" duration="00:00:00.0000051" startTime="2022-06-13T21:15:24.7234230+02:00" endTime="2022-06-13T21:15:24.7234233+02:00" testType="13cdc9d9-ddb5-4fa4-a97d-d965ccfc6d4b" outcome="Passed" testListId="8c84fa94-04c1-424b-9868-57a2d4851a1d" relativeResultsDirectory="8f97699f-ab9d-4b93-9a38-78eee5b2a7b1" />
    <UnitTestResult executionId="a495acf2-57be-4d58-bb36-a407ffb6f1ce" testId="48499d12-acd9-8513-1f00-a2b49278b2fc" testName="xUnitTestProject.CurrencyHelperTests.FormatToStringTest1000(price: 16030.852371789913, expected: &quot;16030.85 zł&quot;)" computerName="DESKTOP-5URQ9PB" duration="00:00:00.0000041" startTime="2022-06-13T21:15:24.6514327+02:00" endTime="2022-06-13T21:15:24.6514328+02:00" testType="13cdc9d9-ddb5-4fa4-a97d-d965ccfc6d4b" outcome="Passed" testListId="8c84fa94-04c1-424b-9868-57a2d4851a1d" relativeResultsDirectory="a495acf2-57be-4d58-bb36-a407ffb6f1ce" />
    <UnitTestResult executionId="610dd500-65a6-4aaf-a43f-60f9199e2387" testId="09f7512b-fcad-449f-b8a9-c32911a23969" testName="xUnitTestProject.CurrencyHelperTests.FormatToStringTest1000(price: 23662.291816162084, expected: &quot;23662.29 zł&quot;)" computerName="DESKTOP-5URQ9PB" duration="00:00:00.0000039" startTime="2022-06-13T21:15:24.6582445+02:00" endTime="2022-06-13T21:15:24.6582446+02:00" testType="13cdc9d9-ddb5-4fa4-a97d-d965ccfc6d4b" outcome="Passed" testListId="8c84fa94-04c1-424b-9868-57a2d4851a1d" relativeResultsDirectory="610dd500-65a6-4aaf-a43f-60f9199e2387" />
    <UnitTestResult executionId="0fb487cf-6d8a-4e53-988e-4f6fb5d63562" testId="51b21bbe-86e0-7c92-977a-b85ebd62b755" testName="xUnitTestProject.CurrencyHelperTests.FormatToStringTest1000(price: 19189.813662191766, expected: &quot;19189.81 zł&quot;)" computerName="DESKTOP-5URQ9PB" duration="00:00:00.0000041" startTime="2022-06-13T21:15:24.6989281+02:00" endTime="2022-06-13T21:15:24.6989283+02:00" testType="13cdc9d9-ddb5-4fa4-a97d-d965ccfc6d4b" outcome="Passed" testListId="8c84fa94-04c1-424b-9868-57a2d4851a1d" relativeResultsDirectory="0fb487cf-6d8a-4e53-988e-4f6fb5d63562" />
    <UnitTestResult executionId="fdae324d-8855-4d5a-b0ac-cb9b544feb12" testId="444b6055-8e36-cf16-2594-6f26fe677cd1" testName="xUnitTestProject.CurrencyHelperTests.FormatToStringTest1000(price: 37528.70144368368, expected: &quot;37528.70 zł&quot;)" computerName="DESKTOP-5URQ9PB" duration="00:00:00.0000041" startTime="2022-06-13T21:15:24.6483412+02:00" endTime="2022-06-13T21:15:24.6483414+02:00" testType="13cdc9d9-ddb5-4fa4-a97d-d965ccfc6d4b" outcome="Passed" testListId="8c84fa94-04c1-424b-9868-57a2d4851a1d" relativeResultsDirectory="fdae324d-8855-4d5a-b0ac-cb9b544feb12" />
    <UnitTestResult executionId="a6439ab0-eefe-4a6f-aa4d-bef5462facfb" testId="4adfbd6f-49a9-0885-850f-1a4998e7f85f" testName="xUnitTestProject.CurrencyHelperTests.FormatToStringTest1000(price: 19103.831635461574, expected: &quot;19103.83 zł&quot;)" computerName="DESKTOP-5URQ9PB" duration="00:00:00.0000041" startTime="2022-06-13T21:15:24.7038010+02:00" endTime="2022-06-13T21:15:24.7038018+02:00" testType="13cdc9d9-ddb5-4fa4-a97d-d965ccfc6d4b" outcome="Passed" testListId="8c84fa94-04c1-424b-9868-57a2d4851a1d" relativeResultsDirectory="a6439ab0-eefe-4a6f-aa4d-bef5462facfb" />
    <UnitTestResult executionId="1c9c21f2-4678-4985-aa2a-8741562ebf22" testId="9a37fdb2-9bc9-44c3-d032-3d58a5dce31d" testName="xUnitTestProject.CurrencyHelperTests.FormatToStringTest1000(price: 3799.9216302064815, expected: &quot;3799.92 zł&quot;)" computerName="DESKTOP-5URQ9PB" duration="00:00:00.0000043" startTime="2022-06-13T21:15:24.6267640+02:00" endTime="2022-06-13T21:15:24.6267642+02:00" testType="13cdc9d9-ddb5-4fa4-a97d-d965ccfc6d4b" outcome="Passed" testListId="8c84fa94-04c1-424b-9868-57a2d4851a1d" relativeResultsDirectory="1c9c21f2-4678-4985-aa2a-8741562ebf22" />
    <UnitTestResult executionId="44a9afee-a40d-4362-b38a-fa82f02e5978" testId="38bf740f-4d67-502e-2cfd-d66470e846d5" testName="xUnitTestProject.CurrencyHelperTests.FormatToStringTest1000(price: 8347.417790138823, expected: &quot;8347.42 zł&quot;)" computerName="DESKTOP-5URQ9PB" duration="00:00:00.0000041" startTime="2022-06-13T21:15:24.6632644+02:00" endTime="2022-06-13T21:15:24.6632645+02:00" testType="13cdc9d9-ddb5-4fa4-a97d-d965ccfc6d4b" outcome="Passed" testListId="8c84fa94-04c1-424b-9868-57a2d4851a1d" relativeResultsDirectory="44a9afee-a40d-4362-b38a-fa82f02e5978" />
    <UnitTestResult executionId="a76172c1-cdb3-43b2-ab6a-254c892a6184" testId="95df1eac-f3bd-b207-f98c-5233af246763" testName="xUnitTestProject.CurrencyHelperTests.FormatToStringTest1000(price: 7569.605888796322, expected: &quot;7569.61 zł&quot;)" computerName="DESKTOP-5URQ9PB" duration="00:00:00.0000040" startTime="2022-06-13T21:15:24.6684407+02:00" endTime="2022-06-13T21:15:24.6684409+02:00" testType="13cdc9d9-ddb5-4fa4-a97d-d965ccfc6d4b" outcome="Passed" testListId="8c84fa94-04c1-424b-9868-57a2d4851a1d" relativeResultsDirectory="a76172c1-cdb3-43b2-ab6a-254c892a6184" />
    <UnitTestResult executionId="15b0c9ac-3fb9-4a5d-b91d-ce66018fcbbf" testId="1006d1f0-5b29-3f16-0e5d-80a2a40c26e6" testName="xUnitTestProject.CurrencyHelperTests.FormatToStringTest1000(price: 4002.4180488374172, expected: &quot;4002.42 zł&quot;)" computerName="DESKTOP-5URQ9PB" duration="00:00:00.0000041" startTime="2022-06-13T21:15:24.6247887+02:00" endTime="2022-06-13T21:15:24.6247889+02:00" testType="13cdc9d9-ddb5-4fa4-a97d-d965ccfc6d4b" outcome="Passed" testListId="8c84fa94-04c1-424b-9868-57a2d4851a1d" relativeResultsDirectory="15b0c9ac-3fb9-4a5d-b91d-ce66018fcbbf" />
    <UnitTestResult executionId="0c5bf0e7-bfd4-4d9d-afc3-62e999c19bb2" testId="fe5f39e6-4cd0-a90c-3fd0-4ec94c3771bb" testName="xUnitTestProject.CurrencyHelperTests.FormatToStringTest1000(price: 57671.67669738675, expected: &quot;57671.68 zł&quot;)" computerName="DESKTOP-5URQ9PB" duration="00:00:00.0000041" startTime="2022-06-13T21:15:24.7029521+02:00" endTime="2022-06-13T21:15:24.7029523+02:00" testType="13cdc9d9-ddb5-4fa4-a97d-d965ccfc6d4b" outcome="Passed" testListId="8c84fa94-04c1-424b-9868-57a2d4851a1d" relativeResultsDirectory="0c5bf0e7-bfd4-4d9d-afc3-62e999c19bb2" />
    <UnitTestResult executionId="fb9b726c-bc56-4a85-bbb6-f6904414c212" testId="c6af2688-b6d7-1499-ef57-908aefcce6dc" testName="xUnitTestProject.CurrencyHelperTests.FormatToStringTest1000(price: 37561.969571757116, expected: &quot;37561.97 zł&quot;)" computerName="DESKTOP-5URQ9PB" duration="00:00:00.0000041" startTime="2022-06-13T21:15:24.6237707+02:00" endTime="2022-06-13T21:15:24.6237709+02:00" testType="13cdc9d9-ddb5-4fa4-a97d-d965ccfc6d4b" outcome="Passed" testListId="8c84fa94-04c1-424b-9868-57a2d4851a1d" relativeResultsDirectory="fb9b726c-bc56-4a85-bbb6-f6904414c212" />
    <UnitTestResult executionId="4abf71f0-04e6-4d5a-b11b-d1679b236ff5" testId="14379ebb-9dd5-379e-3072-3bfd6770d049" testName="xUnitTestProject.CurrencyHelperTests.FormatToStringTest1000(price: 46166.38051381259, expected: &quot;46166.38 zł&quot;)" computerName="DESKTOP-5URQ9PB" duration="00:00:00.0000041" startTime="2022-06-13T21:15:24.6807278+02:00" endTime="2022-06-13T21:15:24.6807279+02:00" testType="13cdc9d9-ddb5-4fa4-a97d-d965ccfc6d4b" outcome="Passed" testListId="8c84fa94-04c1-424b-9868-57a2d4851a1d" relativeResultsDirectory="4abf71f0-04e6-4d5a-b11b-d1679b236ff5" />
    <UnitTestResult executionId="2345710f-7f97-4bbe-9ce0-5663a853f42a" testId="9dc9660c-2773-e5a1-118f-73373343d0e6" testName="xUnitTestProject.CurrencyHelperTests.FormatToStringTest1000(price: 89093.57120939044, expected: &quot;89093.57 zł&quot;)" computerName="DESKTOP-5URQ9PB" duration="00:00:00.0000041" startTime="2022-06-13T21:15:24.6129095+02:00" endTime="2022-06-13T21:15:24.6129096+02:00" testType="13cdc9d9-ddb5-4fa4-a97d-d965ccfc6d4b" outcome="Passed" testListId="8c84fa94-04c1-424b-9868-57a2d4851a1d" relativeResultsDirectory="2345710f-7f97-4bbe-9ce0-5663a853f42a" />
    <UnitTestResult executionId="061ae3b8-5dc6-41ff-843d-9ad24bfb58ed" testId="f7bc8584-126a-bce9-5286-d35d3ce59a28" testName="xUnitTestProject.CurrencyHelperTests.FormatToStringTest1000(price: 10066.059180456241, expected: &quot;10066.06 zł&quot;)" computerName="DESKTOP-5URQ9PB" duration="00:00:00.0000041" startTime="2022-06-13T21:15:24.6673001+02:00" endTime="2022-06-13T21:15:24.6673003+02:00" testType="13cdc9d9-ddb5-4fa4-a97d-d965ccfc6d4b" outcome="Passed" testListId="8c84fa94-04c1-424b-9868-57a2d4851a1d" relativeResultsDirectory="061ae3b8-5dc6-41ff-843d-9ad24bfb58ed" />
    <UnitTestResult executionId="93840e87-bf97-4b1e-85f8-4262ed0b365a" testId="fa34dc68-0a28-d88d-9f8e-755de73cf02d" testName="xUnitTestProject.CurrencyHelperTests.FormatToStringTest1000(price: 41915.7945284563, expected: &quot;41915.79 zł&quot;)" computerName="DESKTOP-5URQ9PB" duration="00:00:00.0000040" startTime="2022-06-13T21:15:24.7256943+02:00" endTime="2022-06-13T21:15:24.7256944+02:00" testType="13cdc9d9-ddb5-4fa4-a97d-d965ccfc6d4b" outcome="Passed" testListId="8c84fa94-04c1-424b-9868-57a2d4851a1d" relativeResultsDirectory="93840e87-bf97-4b1e-85f8-4262ed0b365a" />
    <UnitTestResult executionId="158833ab-4a80-404d-8951-c339ccfa7a1c" testId="fd8ab50a-6120-2a06-7ebd-aae621104cec" testName="xUnitTestProject.CurrencyHelperTests.FormatToStringTest1000(price: 75987.03378503352, expected: &quot;75987.03 zł&quot;)" computerName="DESKTOP-5URQ9PB" duration="00:00:00.0000041" startTime="2022-06-13T21:15:24.6385203+02:00" endTime="2022-06-13T21:15:24.6385204+02:00" testType="13cdc9d9-ddb5-4fa4-a97d-d965ccfc6d4b" outcome="Passed" testListId="8c84fa94-04c1-424b-9868-57a2d4851a1d" relativeResultsDirectory="158833ab-4a80-404d-8951-c339ccfa7a1c" />
    <UnitTestResult executionId="8bb4b323-de5f-45e8-918e-3e21f888bbd4" testId="7200fbe8-0633-195a-0e4f-25258446a0dd" testName="xUnitTestProject.CurrencyHelperTests.FormatToStringTest1000(price: 18490.912787030877, expected: &quot;18490.91 zł&quot;)" computerName="DESKTOP-5URQ9PB" duration="00:00:00.0000041" startTime="2022-06-13T21:15:24.7188081+02:00" endTime="2022-06-13T21:15:24.7188082+02:00" testType="13cdc9d9-ddb5-4fa4-a97d-d965ccfc6d4b" outcome="Passed" testListId="8c84fa94-04c1-424b-9868-57a2d4851a1d" relativeResultsDirectory="8bb4b323-de5f-45e8-918e-3e21f888bbd4" />
    <UnitTestResult executionId="2a405def-7ee6-4228-ac16-f9fa1c97d765" testId="bc76307e-662f-d191-64cf-4352a391fa59" testName="xUnitTestProject.CurrencyHelperTests.FormatToStringTest1000(price: 96261.84883437205, expected: &quot;96261.85 zł&quot;)" computerName="DESKTOP-5URQ9PB" duration="00:00:00.0000041" startTime="2022-06-13T21:15:24.7225576+02:00" endTime="2022-06-13T21:15:24.7225577+02:00" testType="13cdc9d9-ddb5-4fa4-a97d-d965ccfc6d4b" outcome="Passed" testListId="8c84fa94-04c1-424b-9868-57a2d4851a1d" relativeResultsDirectory="2a405def-7ee6-4228-ac16-f9fa1c97d765" />
    <UnitTestResult executionId="c73a8f67-4012-46aa-a23a-2e275a8378b2" testId="abc33cd0-29a9-07f5-4aa9-4d70e8dec4a4" testName="xUnitTestProject.CurrencyHelperTests.FormatToStringTest1000(price: 32218.080508120394, expected: &quot;32218.08 zł&quot;)" computerName="DESKTOP-5URQ9PB" duration="00:00:00.0000040" startTime="2022-06-13T21:15:24.6415603+02:00" endTime="2022-06-13T21:15:24.6415604+02:00" testType="13cdc9d9-ddb5-4fa4-a97d-d965ccfc6d4b" outcome="Passed" testListId="8c84fa94-04c1-424b-9868-57a2d4851a1d" relativeResultsDirectory="c73a8f67-4012-46aa-a23a-2e275a8378b2" />
    <UnitTestResult executionId="dd2826bf-248b-42ff-8dc4-f0ac68edc4c5" testId="0751b11b-a6a8-a4ef-30e1-f910838570cb" testName="xUnitTestProject.CurrencyHelperTests.FormatToStringTest1000(price: 20752.33758466334, expected: &quot;20752.34 zł&quot;)" computerName="DESKTOP-5URQ9PB" duration="00:00:00.0000041" startTime="2022-06-13T21:15:24.7137948+02:00" endTime="2022-06-13T21:15:24.7137950+02:00" testType="13cdc9d9-ddb5-4fa4-a97d-d965ccfc6d4b" outcome="Passed" testListId="8c84fa94-04c1-424b-9868-57a2d4851a1d" relativeResultsDirectory="dd2826bf-248b-42ff-8dc4-f0ac68edc4c5" />
    <UnitTestResult executionId="344e4451-4d27-476b-91ec-42f3196850bc" testId="55a64d0e-8de2-b5b6-7b28-338aaabcb504" testName="xUnitTestProject.CurrencyHelperTests.FormatToStringTest1000(price: 31622.81414407809, expected: &quot;31622.81 zł&quot;)" computerName="DESKTOP-5URQ9PB" duration="00:00:00.0000039" startTime="2022-06-13T21:15:24.7076965+02:00" endTime="2022-06-13T21:15:24.7076969+02:00" testType="13cdc9d9-ddb5-4fa4-a97d-d965ccfc6d4b" outcome="Passed" testListId="8c84fa94-04c1-424b-9868-57a2d4851a1d" relativeResultsDirectory="344e4451-4d27-476b-91ec-42f3196850bc" />
    <UnitTestResult executionId="f7d3301e-8c6b-457d-be39-79088a462618" testId="b4f18443-22cf-826b-3478-6d5f920e371c" testName="xUnitTestProject.CurrencyHelperTests.FormatToStringTest1000(price: 72659.37876478041, expected: &quot;72659.38 zł&quot;)" computerName="DESKTOP-5URQ9PB" duration="00:00:00.0000040" startTime="2022-06-13T21:15:24.7287463+02:00" endTime="2022-06-13T21:15:24.7287465+02:00" testType="13cdc9d9-ddb5-4fa4-a97d-d965ccfc6d4b" outcome="Passed" testListId="8c84fa94-04c1-424b-9868-57a2d4851a1d" relativeResultsDirectory="f7d3301e-8c6b-457d-be39-79088a462618" />
    <UnitTestResult executionId="442fa48c-a641-407c-ae46-caad56c9f85e" testId="bcd74692-fcc7-2c4c-b52b-85aae8ab43ad" testName="xUnitTestProject.CurrencyHelperTests.FormatToStringTest1000(price: 7119.076353227755, expected: &quot;7119.08 zł&quot;)" computerName="DESKTOP-5URQ9PB" duration="00:00:00.0000040" startTime="2022-06-13T21:15:24.7206646+02:00" endTime="2022-06-13T21:15:24.7206648+02:00" testType="13cdc9d9-ddb5-4fa4-a97d-d965ccfc6d4b" outcome="Passed" testListId="8c84fa94-04c1-424b-9868-57a2d4851a1d" relativeResultsDirectory="442fa48c-a641-407c-ae46-caad56c9f85e" />
    <UnitTestResult executionId="0b0c2524-23ca-484f-95cc-5477670f6abb" testId="0fb54a08-345f-ee29-01d6-61a60fb47ced" testName="xUnitTestProject.CurrencyHelperTests.FormatToStringTest1000(price: 14712.754747761765, expected: &quot;14712.75 zł&quot;)" computerName="DESKTOP-5URQ9PB" duration="00:00:00.0000040" startTime="2022-06-13T21:15:24.6552641+02:00" endTime="2022-06-13T21:15:24.6552645+02:00" testType="13cdc9d9-ddb5-4fa4-a97d-d965ccfc6d4b" outcome="Passed" testListId="8c84fa94-04c1-424b-9868-57a2d4851a1d" relativeResultsDirectory="0b0c2524-23ca-484f-95cc-5477670f6abb" />
    <UnitTestResult executionId="5e4030c4-c78a-45e5-a341-3ef872cc9ed6" testId="72e011e2-bf27-7ea5-75f9-295f8504211f" testName="xUnitTestProject.CurrencyHelperTests.FormatToStringTest1000(price: 40889.35187774214, expected: &quot;40889.35 zł&quot;)" computerName="DESKTOP-5URQ9PB" duration="00:00:00.0000041" startTime="2022-06-13T21:15:24.7010319+02:00" endTime="2022-06-13T21:15:24.7010320+02:00" testType="13cdc9d9-ddb5-4fa4-a97d-d965ccfc6d4b" outcome="Passed" testListId="8c84fa94-04c1-424b-9868-57a2d4851a1d" relativeResultsDirectory="5e4030c4-c78a-45e5-a341-3ef872cc9ed6" />
    <UnitTestResult executionId="10e208d3-a89f-46c3-b5b9-8dbddf189987" testId="93fd2413-8c9b-cb53-924a-b9c4b432d82a" testName="xUnitTestProject.CurrencyHelperTests.FormatToStringTest1000(price: 95071.15957335343, expected: &quot;95071.16 zł&quot;)" computerName="DESKTOP-5URQ9PB" duration="00:00:00.0000039" startTime="2022-06-13T21:15:24.6603114+02:00" endTime="2022-06-13T21:15:24.6603116+02:00" testType="13cdc9d9-ddb5-4fa4-a97d-d965ccfc6d4b" outcome="Passed" testListId="8c84fa94-04c1-424b-9868-57a2d4851a1d" relativeResultsDirectory="10e208d3-a89f-46c3-b5b9-8dbddf189987" />
    <UnitTestResult executionId="34a942ad-19ab-4596-8fd9-4fb468a06ff3" testId="2151d041-2bc8-f3a7-2b84-0e6fe76ff3f0" testName="xUnitTestProject.CurrencyHelperTests.FormatToStringTest1000(price: 93775.33090185716, expected: &quot;93775.33 zł&quot;)" computerName="DESKTOP-5URQ9PB" duration="00:00:00.0000050" startTime="2022-06-13T21:15:24.6825892+02:00" endTime="2022-06-13T21:15:24.6825896+02:00" testType="13cdc9d9-ddb5-4fa4-a97d-d965ccfc6d4b" outcome="Passed" testListId="8c84fa94-04c1-424b-9868-57a2d4851a1d" relativeResultsDirectory="34a942ad-19ab-4596-8fd9-4fb468a06ff3" />
    <UnitTestResult executionId="331acaf6-75ff-4541-9719-c5bb63839b25" testId="1400f8ec-69fd-4b7f-6a20-9938aff67002" testName="xUnitTestProject.CurrencyHelperTests.FormatToStringTest1000(price: 29917.15005391145, expected: &quot;29917.15 zł&quot;)" computerName="DESKTOP-5URQ9PB" duration="00:00:00.0000041" startTime="2022-06-13T21:15:24.6342933+02:00" endTime="2022-06-13T21:15:24.6342935+02:00" testType="13cdc9d9-ddb5-4fa4-a97d-d965ccfc6d4b" outcome="Passed" testListId="8c84fa94-04c1-424b-9868-57a2d4851a1d" relativeResultsDirectory="331acaf6-75ff-4541-9719-c5bb63839b25" />
    <UnitTestResult executionId="4eea60c6-39d5-462f-9103-9fcd40a3eaaa" testId="1079d268-49d6-f18c-d495-58b580aae9dc" testName="xUnitTestProject.CurrencyHelperTests.FormatToStringTest1000(price: 26220.382477706476, expected: &quot;26220.38 zł&quot;)" computerName="DESKTOP-5URQ9PB" duration="00:00:00.0000041" startTime="2022-06-13T21:15:24.6663593+02:00" endTime="2022-06-13T21:15:24.6663594+02:00" testType="13cdc9d9-ddb5-4fa4-a97d-d965ccfc6d4b" outcome="Passed" testListId="8c84fa94-04c1-424b-9868-57a2d4851a1d" relativeResultsDirectory="4eea60c6-39d5-462f-9103-9fcd40a3eaaa" />
    <UnitTestResult executionId="bac488e8-10e2-43b7-be06-9ef521a1b1e4" testId="f0e62743-f005-ab34-4606-22275729a052" testName="xUnitTestProject.CurrencyHelperTests.FormatToStringTest1000(price: 40556.73452524362, expected: &quot;40556.73 zł&quot;)" computerName="DESKTOP-5URQ9PB" duration="00:00:00.0000040" startTime="2022-06-13T21:15:24.7029834+02:00" endTime="2022-06-13T21:15:24.7029836+02:00" testType="13cdc9d9-ddb5-4fa4-a97d-d965ccfc6d4b" outcome="Passed" testListId="8c84fa94-04c1-424b-9868-57a2d4851a1d" relativeResultsDirectory="bac488e8-10e2-43b7-be06-9ef521a1b1e4" />
    <UnitTestResult executionId="87d5d718-78ee-457a-a910-72b288b87eb9" testId="4c9ec316-0614-0ed3-d3e3-ff9a3542b3e8" testName="xUnitTestProject.CurrencyHelperTests.FormatToStringTest1000(price: 29417.800422138444, expected: &quot;29417.80 zł&quot;)" computerName="DESKTOP-5URQ9PB" duration="00:00:00.0000041" startTime="2022-06-13T21:15:24.7077952+02:00" endTime="2022-06-13T21:15:24.7077953+02:00" testType="13cdc9d9-ddb5-4fa4-a97d-d965ccfc6d4b" outcome="Passed" testListId="8c84fa94-04c1-424b-9868-57a2d4851a1d" relativeResultsDirectory="87d5d718-78ee-457a-a910-72b288b87eb9" />
    <UnitTestResult executionId="aedb99a7-5da8-41ad-b5fc-a2573c5c504f" testId="6a7d9b76-8e51-2dd0-7599-1dd99ccb1f30" testName="xUnitTestProject.CurrencyHelperTests.FormatToStringTest1000(price: 6710.131197082871, expected: &quot;6710.13 zł&quot;)" computerName="DESKTOP-5URQ9PB" duration="00:00:00.0000040" startTime="2022-06-13T21:15:24.6671392+02:00" endTime="2022-06-13T21:15:24.6671396+02:00" testType="13cdc9d9-ddb5-4fa4-a97d-d965ccfc6d4b" outcome="Passed" testListId="8c84fa94-04c1-424b-9868-57a2d4851a1d" relativeResultsDirectory="aedb99a7-5da8-41ad-b5fc-a2573c5c504f" />
    <UnitTestResult executionId="494d5adb-bf07-4d13-87a1-01caacb24355" testId="181c235a-8f4f-6777-859c-d2eff1a2ae91" testName="xUnitTestProject.CurrencyHelperTests.FormatToStringTest1000(price: 22017.250119325356, expected: &quot;22017.25 zł&quot;)" computerName="DESKTOP-5URQ9PB" duration="00:00:00.0000039" startTime="2022-06-13T21:15:24.6727191+02:00" endTime="2022-06-13T21:15:24.6727193+02:00" testType="13cdc9d9-ddb5-4fa4-a97d-d965ccfc6d4b" outcome="Passed" testListId="8c84fa94-04c1-424b-9868-57a2d4851a1d" relativeResultsDirectory="494d5adb-bf07-4d13-87a1-01caacb24355" />
    <UnitTestResult executionId="0e0d8200-d9dd-4ae8-ad11-8fa24134bc08" testId="68aeee53-b239-e7d6-6e18-da94fac3a451" testName="xUnitTestProject.CurrencyHelperTests.FormatToStringTest1000(price: 43858.624379632354, expected: &quot;43858.62 zł&quot;)" computerName="DESKTOP-5URQ9PB" duration="00:00:00.0000039" startTime="2022-06-13T21:15:24.7177455+02:00" endTime="2022-06-13T21:15:24.7177457+02:00" testType="13cdc9d9-ddb5-4fa4-a97d-d965ccfc6d4b" outcome="Passed" testListId="8c84fa94-04c1-424b-9868-57a2d4851a1d" relativeResultsDirectory="0e0d8200-d9dd-4ae8-ad11-8fa24134bc08" />
    <UnitTestResult executionId="ad276af0-c5cb-485c-bfa4-5c90a34428c5" testId="d0528706-3be3-396a-77f7-4d1c86caa17a" testName="xUnitTestProject.CurrencyHelperTests.FormatToStringTest1000(price: 21221.884746198488, expected: &quot;21221.88 zł&quot;)" computerName="DESKTOP-5URQ9PB" duration="00:00:00.0000051" startTime="2022-06-13T21:15:24.7018410+02:00" endTime="2022-06-13T21:15:24.7018414+02:00" testType="13cdc9d9-ddb5-4fa4-a97d-d965ccfc6d4b" outcome="Passed" testListId="8c84fa94-04c1-424b-9868-57a2d4851a1d" relativeResultsDirectory="ad276af0-c5cb-485c-bfa4-5c90a34428c5" />
    <UnitTestResult executionId="b29ae6a0-aa0d-474f-b949-4b8bf983ade6" testId="4858eca7-ac2a-e51a-34d1-70891bbff583" testName="xUnitTestProject.CurrencyHelperTests.FormatToStringTest1000(price: 2390.7596313784643, expected: &quot;2390.76 zł&quot;)" computerName="DESKTOP-5URQ9PB" duration="00:00:00.0000041" startTime="2022-06-13T21:15:24.7224908+02:00" endTime="2022-06-13T21:15:24.7224912+02:00" testType="13cdc9d9-ddb5-4fa4-a97d-d965ccfc6d4b" outcome="Passed" testListId="8c84fa94-04c1-424b-9868-57a2d4851a1d" relativeResultsDirectory="b29ae6a0-aa0d-474f-b949-4b8bf983ade6" />
    <UnitTestResult executionId="69b5d155-cde2-4d8e-bc01-bf63fc352efd" testId="9bb60857-0889-c636-aa09-df7f3ffa4f70" testName="xUnitTestProject.CurrencyHelperTests.FormatToStringTest1000(price: 16986.338876065027, expected: &quot;16986.34 zł&quot;)" computerName="DESKTOP-5URQ9PB" duration="00:00:00.0000039" startTime="2022-06-13T21:15:24.6554279+02:00" endTime="2022-06-13T21:15:24.6554281+02:00" testType="13cdc9d9-ddb5-4fa4-a97d-d965ccfc6d4b" outcome="Passed" testListId="8c84fa94-04c1-424b-9868-57a2d4851a1d" relativeResultsDirectory="69b5d155-cde2-4d8e-bc01-bf63fc352efd" />
    <UnitTestResult executionId="778e7ed0-6b8c-4952-ac57-54a51408c768" testId="e01a9a2a-2030-6ab9-7db6-efea263590e2" testName="xUnitTestProject.CurrencyHelperTests.FormatToStringTest1000(price: 29796.909338079815, expected: &quot;29796.91 zł&quot;)" computerName="DESKTOP-5URQ9PB" duration="00:00:00.0000040" startTime="2022-06-13T21:15:24.6980127+02:00" endTime="2022-06-13T21:15:24.6980128+02:00" testType="13cdc9d9-ddb5-4fa4-a97d-d965ccfc6d4b" outcome="Passed" testListId="8c84fa94-04c1-424b-9868-57a2d4851a1d" relativeResultsDirectory="778e7ed0-6b8c-4952-ac57-54a51408c768" />
    <UnitTestResult executionId="1cc70188-ce77-4c5b-b6ed-9208de830213" testId="a32f3872-61d2-3bb4-5952-f9f7fd09a236" testName="xUnitTestProject.CurrencyHelperTests.FormatToStringTest1000(price: 41873.517751020154, expected: &quot;41873.52 zł&quot;)" computerName="DESKTOP-5URQ9PB" duration="00:00:00.0000041" startTime="2022-06-13T21:15:24.6163374+02:00" endTime="2022-06-13T21:15:24.6163376+02:00" testType="13cdc9d9-ddb5-4fa4-a97d-d965ccfc6d4b" outcome="Passed" testListId="8c84fa94-04c1-424b-9868-57a2d4851a1d" relativeResultsDirectory="1cc70188-ce77-4c5b-b6ed-9208de830213" />
    <UnitTestResult executionId="b22f57eb-b554-48a8-9b6a-7717dc9941ab" testId="ec976d73-69f5-3cb8-c94a-fac6ea1343ca" testName="xUnitTestProject.CurrencyHelperTests.FormatToStringTest1000(price: 1649.0127968480872, expected: &quot;1649.01 zł&quot;)" computerName="DESKTOP-5URQ9PB" duration="00:00:00.0000049" startTime="2022-06-13T21:15:24.6756238+02:00" endTime="2022-06-13T21:15:24.6756239+02:00" testType="13cdc9d9-ddb5-4fa4-a97d-d965ccfc6d4b" outcome="Passed" testListId="8c84fa94-04c1-424b-9868-57a2d4851a1d" relativeResultsDirectory="b22f57eb-b554-48a8-9b6a-7717dc9941ab" />
    <UnitTestResult executionId="08fb55fb-1e56-4e92-acfc-fdbe356521b8" testId="1cc15eeb-9d05-d094-9231-53ade30093a7" testName="xUnitTestProject.CurrencyHelperTests.FormatToStringTest1000(price: 1687.6029180025694, expected: &quot;1687.60 zł&quot;)" computerName="DESKTOP-5URQ9PB" duration="00:00:00.0000041" startTime="2022-06-13T21:15:24.6462764+02:00" endTime="2022-06-13T21:15:24.6462766+02:00" testType="13cdc9d9-ddb5-4fa4-a97d-d965ccfc6d4b" outcome="Passed" testListId="8c84fa94-04c1-424b-9868-57a2d4851a1d" relativeResultsDirectory="08fb55fb-1e56-4e92-acfc-fdbe356521b8" />
    <UnitTestResult executionId="84743ef1-6160-4936-8659-283161555c30" testId="afbbae00-ce73-0862-4d3c-578f15f46774" testName="xUnitTestProject.CurrencyHelperTests.FormatToStringTest1000(price: 1662.8482664818168, expected: &quot;1662.85 zł&quot;)" computerName="DESKTOP-5URQ9PB" duration="00:00:00.0000039" startTime="2022-06-13T21:15:24.6544127+02:00" endTime="2022-06-13T21:15:24.6544129+02:00" testType="13cdc9d9-ddb5-4fa4-a97d-d965ccfc6d4b" outcome="Passed" testListId="8c84fa94-04c1-424b-9868-57a2d4851a1d" relativeResultsDirectory="84743ef1-6160-4936-8659-283161555c30" />
    <UnitTestResult executionId="b7ba3982-1675-41dc-9081-093e08f06336" testId="4753ba69-a929-b55c-7853-51519ca51301" testName="xUnitTestProject.CurrencyHelperTests.FormatToStringTest1000(price: 26215.613055301183, expected: &quot;26215.61 zł&quot;)" computerName="DESKTOP-5URQ9PB" duration="00:00:00.0000040" startTime="2022-06-13T21:15:24.7186521+02:00" endTime="2022-06-13T21:15:24.7186523+02:00" testType="13cdc9d9-ddb5-4fa4-a97d-d965ccfc6d4b" outcome="Passed" testListId="8c84fa94-04c1-424b-9868-57a2d4851a1d" relativeResultsDirectory="b7ba3982-1675-41dc-9081-093e08f06336" />
    <UnitTestResult executionId="809a4615-fc32-4269-9a11-4b5184fdb962" testId="459add99-cbf9-4f7c-b3d1-c619873acede" testName="xUnitTestProject.CurrencyHelperTests.FormatToStringTest1000(price: 66541.05112730109, expected: &quot;66541.05 zł&quot;)" computerName="DESKTOP-5URQ9PB" duration="00:00:00.0000040" startTime="2022-06-13T21:15:24.6936018+02:00" endTime="2022-06-13T21:15:24.6936019+02:00" testType="13cdc9d9-ddb5-4fa4-a97d-d965ccfc6d4b" outcome="Passed" testListId="8c84fa94-04c1-424b-9868-57a2d4851a1d" relativeResultsDirectory="809a4615-fc32-4269-9a11-4b5184fdb962" />
    <UnitTestResult executionId="cab7d450-1189-4781-aa66-bb90e98ee4d9" testId="a2cb1a23-585c-77f0-4371-0762318d91ff" testName="xUnitTestProject.CurrencyHelperTests.FormatToStringTest1000(price: 61324.33752458279, expected: &quot;61324.34 zł&quot;)" computerName="DESKTOP-5URQ9PB" duration="00:00:00.0000041" startTime="2022-06-13T21:15:24.6926082+02:00" endTime="2022-06-13T21:15:24.6926084+02:00" testType="13cdc9d9-ddb5-4fa4-a97d-d965ccfc6d4b" outcome="Passed" testListId="8c84fa94-04c1-424b-9868-57a2d4851a1d" relativeResultsDirectory="cab7d450-1189-4781-aa66-bb90e98ee4d9" />
    <UnitTestResult executionId="c215da79-2e5c-496b-b21b-e854dfcba42f" testId="e18b4dbd-2ff6-3acf-dfb2-f12cbfa820d0" testName="xUnitTestProject.CurrencyHelperTests.FormatToStringTest1000(price: 77904.0088552246, expected: &quot;77904.01 zł&quot;)" computerName="DESKTOP-5URQ9PB" duration="00:00:00.0000041" startTime="2022-06-13T21:15:24.6502076+02:00" endTime="2022-06-13T21:15:24.6502078+02:00" testType="13cdc9d9-ddb5-4fa4-a97d-d965ccfc6d4b" outcome="Passed" testListId="8c84fa94-04c1-424b-9868-57a2d4851a1d" relativeResultsDirectory="c215da79-2e5c-496b-b21b-e854dfcba42f" />
    <UnitTestResult executionId="d6cbedfd-76d5-4210-84cd-7733cdf101c7" testId="40134df2-77e4-6143-ea6f-23ae0fbd39f3" testName="xUnitTestProject.CurrencyHelperTests.FormatToStringTest1000(price: 25272.05048361283, expected: &quot;25272.05 zł&quot;)" computerName="DESKTOP-5URQ9PB" duration="00:00:00.0000040" startTime="2022-06-13T21:15:24.7225884+02:00" endTime="2022-06-13T21:15:24.7225886+02:00" testType="13cdc9d9-ddb5-4fa4-a97d-d965ccfc6d4b" outcome="Passed" testListId="8c84fa94-04c1-424b-9868-57a2d4851a1d" relativeResultsDirectory="d6cbedfd-76d5-4210-84cd-7733cdf101c7" />
    <UnitTestResult executionId="d0b79597-8ce7-47f4-af42-b153434bc3b4" testId="64486b5c-a699-4a15-d908-73d103db26bc" testName="xUnitTestProject.CurrencyHelperTests.FormatToStringTest1000(price: 31391.358864880804, expected: &quot;31391.36 zł&quot;)" computerName="DESKTOP-5URQ9PB" duration="00:00:00.0000041" startTime="2022-06-13T21:15:24.7098906+02:00" endTime="2022-06-13T21:15:24.7098908+02:00" testType="13cdc9d9-ddb5-4fa4-a97d-d965ccfc6d4b" outcome="Passed" testListId="8c84fa94-04c1-424b-9868-57a2d4851a1d" relativeResultsDirectory="d0b79597-8ce7-47f4-af42-b153434bc3b4" />
    <UnitTestResult executionId="e5aaf9e0-dfcc-4d57-b329-a615404e2298" testId="ff96b5de-94eb-fc99-362b-5102f1ace758" testName="xUnitTestProject.CurrencyHelperTests.FormatToStringTest1000(price: 43727.735558145556, expected: &quot;43727.74 zł&quot;)" computerName="DESKTOP-5URQ9PB" duration="00:00:00.0000040" startTime="2022-06-13T21:15:24.6396183+02:00" endTime="2022-06-13T21:15:24.6396185+02:00" testType="13cdc9d9-ddb5-4fa4-a97d-d965ccfc6d4b" outcome="Passed" testListId="8c84fa94-04c1-424b-9868-57a2d4851a1d" relativeResultsDirectory="e5aaf9e0-dfcc-4d57-b329-a615404e2298" />
    <UnitTestResult executionId="81ebf7ca-466e-405c-9fc6-0f3ecc3599d5" testId="4d4e339b-9d29-e85f-f9ef-3112de40381f" testName="xUnitTestProject.CurrencyHelperTests.FormatToStringTest1000(price: 27050.586848031067, expected: &quot;27050.59 zł&quot;)" computerName="DESKTOP-5URQ9PB" duration="00:00:00.0000049" startTime="2022-06-13T21:15:24.6151405+02:00" endTime="2022-06-13T21:15:24.6151407+02:00" testType="13cdc9d9-ddb5-4fa4-a97d-d965ccfc6d4b" outcome="Passed" testListId="8c84fa94-04c1-424b-9868-57a2d4851a1d" relativeResultsDirectory="81ebf7ca-466e-405c-9fc6-0f3ecc3599d5" />
    <UnitTestResult executionId="b08117f3-3e95-432d-b05d-9e077f86a546" testId="ca756e2d-d5c0-6e03-1ab7-b2045c06d17b" testName="xUnitTestProject.CurrencyHelperTests.FormatToStringTest1000(price: 75514.58914517732, expected: &quot;75514.59 zł&quot;)" computerName="DESKTOP-5URQ9PB" duration="00:00:00.0000041" startTime="2022-06-13T21:15:24.6661683+02:00" endTime="2022-06-13T21:15:24.6661687+02:00" testType="13cdc9d9-ddb5-4fa4-a97d-d965ccfc6d4b" outcome="Passed" testListId="8c84fa94-04c1-424b-9868-57a2d4851a1d" relativeResultsDirectory="b08117f3-3e95-432d-b05d-9e077f86a546" />
    <UnitTestResult executionId="c77bdec5-cedd-445e-b220-92556524ff24" testId="eb81fa5f-83e5-54db-0bb8-c928bd6f40f1" testName="xUnitTestProject.CurrencyHelperTests.FormatToStringTest1000(price: 12221.10494323592, expected: &quot;12221.10 zł&quot;)" computerName="DESKTOP-5URQ9PB" duration="00:00:00.0000041" startTime="2022-06-13T21:15:24.6555041+02:00" endTime="2022-06-13T21:15:24.6555044+02:00" testType="13cdc9d9-ddb5-4fa4-a97d-d965ccfc6d4b" outcome="Passed" testListId="8c84fa94-04c1-424b-9868-57a2d4851a1d" relativeResultsDirectory="c77bdec5-cedd-445e-b220-92556524ff24" />
    <UnitTestResult executionId="d4c72405-7921-4613-aee0-6ba60950c42d" testId="f03f6860-12a5-6960-814c-3c29d5bd5d06" testName="xUnitTestProject.CurrencyHelperTests.FormatToStringTest1000(price: 17875.613377604455, expected: &quot;17875.61 zł&quot;)" computerName="DESKTOP-5URQ9PB" duration="00:00:00.0000043" startTime="2022-06-13T21:15:24.6130077+02:00" endTime="2022-06-13T21:15:24.6130079+02:00" testType="13cdc9d9-ddb5-4fa4-a97d-d965ccfc6d4b" outcome="Passed" testListId="8c84fa94-04c1-424b-9868-57a2d4851a1d" relativeResultsDirectory="d4c72405-7921-4613-aee0-6ba60950c42d" />
    <UnitTestResult executionId="95456392-8c3f-4ca9-84f6-eb9248ca1fd8" testId="b7a54b06-1426-b0d1-c148-d7f5ca4a408c" testName="xUnitTestProject.CurrencyHelperTests.FormatToStringTest1000(price: 7726.0074454499445, expected: &quot;7726.01 zł&quot;)" computerName="DESKTOP-5URQ9PB" duration="00:00:00.0000041" startTime="2022-06-13T21:15:24.6384114+02:00" endTime="2022-06-13T21:15:24.6384118+02:00" testType="13cdc9d9-ddb5-4fa4-a97d-d965ccfc6d4b" outcome="Passed" testListId="8c84fa94-04c1-424b-9868-57a2d4851a1d" relativeResultsDirectory="95456392-8c3f-4ca9-84f6-eb9248ca1fd8" />
    <UnitTestResult executionId="76f84ef3-89c4-469d-ba46-bed1ae97bf6e" testId="5c121ce3-0aab-ab5b-cce0-b7a13bf9bb3a" testName="xUnitTestProject.CurrencyHelperTests.FormatToStringTest1000(price: 7951.322730072458, expected: &quot;7951.32 zł&quot;)" computerName="DESKTOP-5URQ9PB" duration="00:00:00.0000040" startTime="2022-06-13T21:15:24.7058861+02:00" endTime="2022-06-13T21:15:24.7058863+02:00" testType="13cdc9d9-ddb5-4fa4-a97d-d965ccfc6d4b" outcome="Passed" testListId="8c84fa94-04c1-424b-9868-57a2d4851a1d" relativeResultsDirectory="76f84ef3-89c4-469d-ba46-bed1ae97bf6e" />
    <UnitTestResult executionId="6c02562b-5b7d-4066-9d01-16a1298dc481" testId="45b26f0b-a8bb-4b3f-d7c4-794f4ece7d3c" testName="xUnitTestProject.CurrencyHelperTests.FormatToStringTest1000(price: 23649.104642116046, expected: &quot;23649.10 zł&quot;)" computerName="DESKTOP-5URQ9PB" duration="00:00:00.0000041" startTime="2022-06-13T21:15:24.6320151+02:00" endTime="2022-06-13T21:15:24.6320152+02:00" testType="13cdc9d9-ddb5-4fa4-a97d-d965ccfc6d4b" outcome="Passed" testListId="8c84fa94-04c1-424b-9868-57a2d4851a1d" relativeResultsDirectory="6c02562b-5b7d-4066-9d01-16a1298dc481" />
    <UnitTestResult executionId="29ab8203-8958-4609-bfe3-7d3382c9138d" testId="9af46142-b025-7ff1-cd86-b161fef30f97" testName="xUnitTestProject.CurrencyHelperTests.FormatToStringTest1000(price: 27187.549022783314, expected: &quot;27187.55 zł&quot;)" computerName="DESKTOP-5URQ9PB" duration="00:00:00.0000041" startTime="2022-06-13T21:15:24.6917482+02:00" endTime="2022-06-13T21:15:24.6917483+02:00" testType="13cdc9d9-ddb5-4fa4-a97d-d965ccfc6d4b" outcome="Passed" testListId="8c84fa94-04c1-424b-9868-57a2d4851a1d" relativeResultsDirectory="29ab8203-8958-4609-bfe3-7d3382c9138d" />
    <UnitTestResult executionId="6aa2083b-8d61-4733-9c25-81dfef33f328" testId="5d30b17d-1a70-2e78-f289-4e82f0d205e6" testName="xUnitTestProject.CurrencyHelperTests.FormatToStringTest1000(price: 115.26302841131717, expected: &quot;115.26 zł&quot;)" computerName="DESKTOP-5URQ9PB" duration="00:00:00.0000041" startTime="2022-06-13T21:15:24.6331165+02:00" endTime="2022-06-13T21:15:24.6331167+02:00" testType="13cdc9d9-ddb5-4fa4-a97d-d965ccfc6d4b" outcome="Passed" testListId="8c84fa94-04c1-424b-9868-57a2d4851a1d" relativeResultsDirectory="6aa2083b-8d61-4733-9c25-81dfef33f328" />
    <UnitTestResult executionId="6b4ed911-8afa-49ab-8429-02ee4cfacd5a" testId="17e8adfe-3d5e-8417-3ca9-9ea065f0229b" testName="xUnitTestProject.CurrencyHelperTests.FormatToStringTest1000(price: 49672.98901987402, expected: &quot;49672.99 zł&quot;)" computerName="DESKTOP-5URQ9PB" duration="00:00:00.0000041" startTime="2022-06-13T21:15:24.6684732+02:00" endTime="2022-06-13T21:15:24.6684734+02:00" testType="13cdc9d9-ddb5-4fa4-a97d-d965ccfc6d4b" outcome="Passed" testListId="8c84fa94-04c1-424b-9868-57a2d4851a1d" relativeResultsDirectory="6b4ed911-8afa-49ab-8429-02ee4cfacd5a" />
    <UnitTestResult executionId="2f88aa1e-5326-41e2-b194-7068ff904c74" testId="41fb6436-3dfd-f2cc-b2c2-3eb1f8450637" testName="xUnitTestProject.CurrencyHelperTests.FormatToStringTest1000(price: 181.3640542483721, expected: &quot;181.36 zł&quot;)" computerName="DESKTOP-5URQ9PB" duration="00:00:00.0000040" startTime="2022-06-13T21:15:24.7078883+02:00" endTime="2022-06-13T21:15:24.7078884+02:00" testType="13cdc9d9-ddb5-4fa4-a97d-d965ccfc6d4b" outcome="Passed" testListId="8c84fa94-04c1-424b-9868-57a2d4851a1d" relativeResultsDirectory="2f88aa1e-5326-41e2-b194-7068ff904c74" />
    <UnitTestResult executionId="b89e5054-f180-4a69-a9de-ec9df453124d" testId="9b9cb762-c5b9-fbcf-33f7-2ca2d3e98b42" testName="xUnitTestProject.CurrencyHelperTests.FormatToStringTest1000(price: 75162.39407669863, expected: &quot;75162.39 zł&quot;)" computerName="DESKTOP-5URQ9PB" duration="00:00:00.0000040" startTime="2022-06-13T21:15:24.6612342+02:00" endTime="2022-06-13T21:15:24.6612343+02:00" testType="13cdc9d9-ddb5-4fa4-a97d-d965ccfc6d4b" outcome="Passed" testListId="8c84fa94-04c1-424b-9868-57a2d4851a1d" relativeResultsDirectory="b89e5054-f180-4a69-a9de-ec9df453124d" />
    <UnitTestResult executionId="e5202893-bdb1-4a94-a369-62d0b1456c1b" testId="5a63deb4-703f-d2ca-862c-112038163809" testName="xUnitTestProject.CurrencyHelperTests.FormatToStringTest1000(price: 25036.98767214035, expected: &quot;25036.99 zł&quot;)" computerName="DESKTOP-5URQ9PB" duration="00:00:00.0000040" startTime="2022-06-13T21:15:24.6341962+02:00" endTime="2022-06-13T21:15:24.6341963+02:00" testType="13cdc9d9-ddb5-4fa4-a97d-d965ccfc6d4b" outcome="Passed" testListId="8c84fa94-04c1-424b-9868-57a2d4851a1d" relativeResultsDirectory="e5202893-bdb1-4a94-a369-62d0b1456c1b" />
    <UnitTestResult executionId="d74b82d1-826a-43bc-91dd-6d3667b790a8" testId="9391af43-2aec-63c3-c456-eaf3d57ab573" testName="xUnitTestProject.CurrencyHelperTests.FormatToStringTest1000(price: 24768.25771770359, expected: &quot;24768.26 zł&quot;)" computerName="DESKTOP-5URQ9PB" duration="00:00:00.0000041" startTime="2022-06-13T21:15:24.6857517+02:00" endTime="2022-06-13T21:15:24.6857518+02:00" testType="13cdc9d9-ddb5-4fa4-a97d-d965ccfc6d4b" outcome="Passed" testListId="8c84fa94-04c1-424b-9868-57a2d4851a1d" relativeResultsDirectory="d74b82d1-826a-43bc-91dd-6d3667b790a8" />
    <UnitTestResult executionId="8a9f30cb-79fe-4e15-a335-23a763988d2e" testId="ebd1aa40-63da-115b-f2a9-d23a543d03a1" testName="xUnitTestProject.CurrencyHelperTests.FormatToStringTest1000(price: 20441.330495004695, expected: &quot;20441.33 zł&quot;)" computerName="DESKTOP-5URQ9PB" duration="00:00:00.0000041" startTime="2022-06-13T21:15:24.6837844+02:00" endTime="2022-06-13T21:15:24.6837846+02:00" testType="13cdc9d9-ddb5-4fa4-a97d-d965ccfc6d4b" outcome="Passed" testListId="8c84fa94-04c1-424b-9868-57a2d4851a1d" relativeResultsDirectory="8a9f30cb-79fe-4e15-a335-23a763988d2e" />
    <UnitTestResult executionId="7656c836-1da4-4eb7-ad26-e1401a77a240" testId="d04a2ff8-d519-5ad7-fd64-a85e9b9ae68c" testName="xUnitTestProject.CurrencyHelperTests.FormatToStringTest1000(price: 5876.112133716285, expected: &quot;5876.11 zł&quot;)" computerName="DESKTOP-5URQ9PB" duration="00:00:00.0000040" startTime="2022-06-13T21:15:24.6876176+02:00" endTime="2022-06-13T21:15:24.6876178+02:00" testType="13cdc9d9-ddb5-4fa4-a97d-d965ccfc6d4b" outcome="Passed" testListId="8c84fa94-04c1-424b-9868-57a2d4851a1d" relativeResultsDirectory="7656c836-1da4-4eb7-ad26-e1401a77a240" />
    <UnitTestResult executionId="54ab0795-70d6-4aea-b4b9-4e3811e21107" testId="99085e4f-7a45-28dd-d73e-76b910959f1c" testName="xUnitTestProject.CurrencyHelperTests.FormatToStringTest1000(price: 5759.256266560991, expected: &quot;5759.26 zł&quot;)" computerName="DESKTOP-5URQ9PB" duration="00:00:00.0000040" startTime="2022-06-13T21:15:24.6662669+02:00" endTime="2022-06-13T21:15:24.6662671+02:00" testType="13cdc9d9-ddb5-4fa4-a97d-d965ccfc6d4b" outcome="Passed" testListId="8c84fa94-04c1-424b-9868-57a2d4851a1d" relativeResultsDirectory="54ab0795-70d6-4aea-b4b9-4e3811e21107" />
    <UnitTestResult executionId="b6bbcf10-ed59-479f-82fd-01e09f05bdb9" testId="8e40a9d7-b14a-a165-b4bc-258c3936dfbd" testName="xUnitTestProject.CurrencyHelperTests.FormatToStringTest1000(price: 1676.7913981754293, expected: &quot;1676.79 zł&quot;)" computerName="DESKTOP-5URQ9PB" duration="00:00:00.0000040" startTime="2022-06-13T21:15:24.7011240+02:00" endTime="2022-06-13T21:15:24.7011242+02:00" testType="13cdc9d9-ddb5-4fa4-a97d-d965ccfc6d4b" outcome="Passed" testListId="8c84fa94-04c1-424b-9868-57a2d4851a1d" relativeResultsDirectory="b6bbcf10-ed59-479f-82fd-01e09f05bdb9" />
    <UnitTestResult executionId="bf4a507f-a6f2-437a-8a5c-c8f2adb27db7" testId="466d7722-0345-718d-529e-85f31a949492" testName="xUnitTestProject.CurrencyHelperTests.FormatToStringTest1000(price: 2115.5076919884923, expected: &quot;2115.51 zł&quot;)" computerName="DESKTOP-5URQ9PB" duration="00:00:00.0000041" startTime="2022-06-13T21:15:24.7137317+02:00" endTime="2022-06-13T21:15:24.7137319+02:00" testType="13cdc9d9-ddb5-4fa4-a97d-d965ccfc6d4b" outcome="Passed" testListId="8c84fa94-04c1-424b-9868-57a2d4851a1d" relativeResultsDirectory="bf4a507f-a6f2-437a-8a5c-c8f2adb27db7" />
    <UnitTestResult executionId="d15f9141-abe6-4cb7-a879-2d0946787f24" testId="f1679d4a-b856-7d51-628e-8f29c288c7ca" testName="xUnitTestProject.CurrencyHelperTests.FormatToStringTest1000(price: 51503.82905738234, expected: &quot;51503.83 zł&quot;)" computerName="DESKTOP-5URQ9PB" duration="00:00:00.0000040" startTime="2022-06-13T21:15:24.6727824+02:00" endTime="2022-06-13T21:15:24.6727825+02:00" testType="13cdc9d9-ddb5-4fa4-a97d-d965ccfc6d4b" outcome="Passed" testListId="8c84fa94-04c1-424b-9868-57a2d4851a1d" relativeResultsDirectory="d15f9141-abe6-4cb7-a879-2d0946787f24" />
    <UnitTestResult executionId="becd921f-209c-4eab-abf2-c98fea8cf579" testId="8c128bb7-55c2-1507-f225-4df0c4a48630" testName="xUnitTestProject.CurrencyHelperTests.FormatToStringTest1000(price: 5108.217389855635, expected: &quot;5108.22 zł&quot;)" computerName="DESKTOP-5URQ9PB" duration="00:00:00.0000046" startTime="2022-06-13T21:15:24.6042912+02:00" endTime="2022-06-13T21:15:24.6042914+02:00" testType="13cdc9d9-ddb5-4fa4-a97d-d965ccfc6d4b" outcome="Passed" testListId="8c84fa94-04c1-424b-9868-57a2d4851a1d" relativeResultsDirectory="becd921f-209c-4eab-abf2-c98fea8cf579" />
    <UnitTestResult executionId="d66801e7-1bbf-4c72-beb9-7bfa0180a80b" testId="2af17ceb-e4a7-e57a-8e57-17ad33ae72e3" testName="xUnitTestProject.CurrencyHelperTests.FormatToStringTest1000(price: 22281.48592587257, expected: &quot;22281.49 zł&quot;)" computerName="DESKTOP-5URQ9PB" duration="00:00:00.0000041" startTime="2022-06-13T21:15:24.6227931+02:00" endTime="2022-06-13T21:15:24.6227932+02:00" testType="13cdc9d9-ddb5-4fa4-a97d-d965ccfc6d4b" outcome="Passed" testListId="8c84fa94-04c1-424b-9868-57a2d4851a1d" relativeResultsDirectory="d66801e7-1bbf-4c72-beb9-7bfa0180a80b" />
    <UnitTestResult executionId="eccf741a-1681-4655-b6bd-29bfc7a75ad1" testId="124aa2c1-a584-951a-b578-c58272b94396" testName="xUnitTestProject.CurrencyHelperTests.FormatToStringTest1000(price: 5978.1197194131655, expected: &quot;5978.12 zł&quot;)" computerName="DESKTOP-5URQ9PB" duration="00:00:00.0000040" startTime="2022-06-13T21:15:24.6299778+02:00" endTime="2022-06-13T21:15:24.6299779+02:00" testType="13cdc9d9-ddb5-4fa4-a97d-d965ccfc6d4b" outcome="Passed" testListId="8c84fa94-04c1-424b-9868-57a2d4851a1d" relativeResultsDirectory="eccf741a-1681-4655-b6bd-29bfc7a75ad1" />
    <UnitTestResult executionId="c45bb1db-067d-4208-9706-e5ce7491507c" testId="4b9288d3-23bb-6d5e-ced0-2389f5e0b638" testName="xUnitTestProject.CurrencyHelperTests.FormatToStringTest1000(price: 14910.573044539697, expected: &quot;14910.57 zł&quot;)" computerName="DESKTOP-5URQ9PB" duration="00:00:00.0000040" startTime="2022-06-13T21:15:24.6453950+02:00" endTime="2022-06-13T21:15:24.6453952+02:00" testType="13cdc9d9-ddb5-4fa4-a97d-d965ccfc6d4b" outcome="Passed" testListId="8c84fa94-04c1-424b-9868-57a2d4851a1d" relativeResultsDirectory="c45bb1db-067d-4208-9706-e5ce7491507c" />
    <UnitTestResult executionId="07b1e5b8-b3e1-48aa-95a7-f9adfa4215a9" testId="d2e288cb-5b2d-9b97-c7c0-aed9f363013c" testName="xUnitTestProject.CurrencyHelperTests.FormatToStringTest1000(price: 9816.961298880615, expected: &quot;9816.96 zł&quot;)" computerName="DESKTOP-5URQ9PB" duration="00:00:00.0000041" startTime="2022-06-13T21:15:24.7039941+02:00" endTime="2022-06-13T21:15:24.7039943+02:00" testType="13cdc9d9-ddb5-4fa4-a97d-d965ccfc6d4b" outcome="Passed" testListId="8c84fa94-04c1-424b-9868-57a2d4851a1d" relativeResultsDirectory="07b1e5b8-b3e1-48aa-95a7-f9adfa4215a9" />
    <UnitTestResult executionId="0e54c26c-933b-4c46-a24f-7f30997482fb" testId="69ed80be-ebbe-cd3a-42e2-f7807046c259" testName="xUnitTestProject.CurrencyHelperTests.FormatToStringTest1000(price: 36211.11038300866, expected: &quot;36211.11 zł&quot;)" computerName="DESKTOP-5URQ9PB" duration="00:00:00.0000041" startTime="2022-06-13T21:15:24.7244919+02:00" endTime="2022-06-13T21:15:24.7244923+02:00" testType="13cdc9d9-ddb5-4fa4-a97d-d965ccfc6d4b" outcome="Passed" testListId="8c84fa94-04c1-424b-9868-57a2d4851a1d" relativeResultsDirectory="0e54c26c-933b-4c46-a24f-7f30997482fb" />
    <UnitTestResult executionId="3a5c9514-5488-4a16-a12e-fe88a1d202c3" testId="1385f442-8d64-2443-1088-0b70bf667165" testName="xUnitTestProject.CurrencyHelperTests.FormatToStringTest1000(price: 10461.455048841171, expected: &quot;10461.46 zł&quot;)" computerName="DESKTOP-5URQ9PB" duration="00:00:00.0000041" startTime="2022-06-13T21:15:24.6301055+02:00" endTime="2022-06-13T21:15:24.6301057+02:00" testType="13cdc9d9-ddb5-4fa4-a97d-d965ccfc6d4b" outcome="Passed" testListId="8c84fa94-04c1-424b-9868-57a2d4851a1d" relativeResultsDirectory="3a5c9514-5488-4a16-a12e-fe88a1d202c3" />
    <UnitTestResult executionId="9128fa14-ad15-4b75-9a7b-e01c0ad75816" testId="6c34d91a-3ccc-a88d-a525-6f3132726a55" testName="xUnitTestProject.CurrencyHelperTests.FormatToStringTest1000(price: 6057.842750804426, expected: &quot;6057.84 zł&quot;)" computerName="DESKTOP-5URQ9PB" duration="00:00:00.0000041" startTime="2022-06-13T21:15:24.6472890+02:00" endTime="2022-06-13T21:15:24.6472891+02:00" testType="13cdc9d9-ddb5-4fa4-a97d-d965ccfc6d4b" outcome="Passed" testListId="8c84fa94-04c1-424b-9868-57a2d4851a1d" relativeResultsDirectory="9128fa14-ad15-4b75-9a7b-e01c0ad75816" />
    <UnitTestResult executionId="f7c5ff47-47a2-48d8-bb5f-c02d3d3f0a10" testId="685331f6-0a25-8111-bb2a-37dce3d8d170" testName="xUnitTestProject.CurrencyHelperTests.FormatToStringTest1000(price: 45035.160883881224, expected: &quot;45035.16 zł&quot;)" computerName="DESKTOP-5URQ9PB" duration="00:00:00.0000039" startTime="2022-06-13T21:15:24.6653793+02:00" endTime="2022-06-13T21:15:24.6653795+02:00" testType="13cdc9d9-ddb5-4fa4-a97d-d965ccfc6d4b" outcome="Passed" testListId="8c84fa94-04c1-424b-9868-57a2d4851a1d" relativeResultsDirectory="f7c5ff47-47a2-48d8-bb5f-c02d3d3f0a10" />
    <UnitTestResult executionId="2c193a2c-2132-4004-b915-200cc8933c08" testId="843293b0-7cce-f386-da63-2fb428fb7828" testName="xUnitTestProject.CurrencyHelperTests.FormatToStringTest1000(price: 7124.979180760672, expected: &quot;7124.98 zł&quot;)" computerName="DESKTOP-5URQ9PB" duration="00:00:00.0000047" startTime="2022-06-13T21:15:24.6205089+02:00" endTime="2022-06-13T21:15:24.6205091+02:00" testType="13cdc9d9-ddb5-4fa4-a97d-d965ccfc6d4b" outcome="Passed" testListId="8c84fa94-04c1-424b-9868-57a2d4851a1d" relativeResultsDirectory="2c193a2c-2132-4004-b915-200cc8933c08" />
    <UnitTestResult executionId="e41ef8c3-1f99-4464-be0e-f793b3d6357e" testId="1aafdcdc-e39a-0bd1-4429-1c1f26634e52" testName="xUnitTestProject.CurrencyHelperTests.FormatToStringTest1000(price: 72802.68569213277, expected: &quot;72802.69 zł&quot;)" computerName="DESKTOP-5URQ9PB" duration="00:00:00.0000045" startTime="2022-06-13T21:15:24.6775712+02:00" endTime="2022-06-13T21:15:24.6775713+02:00" testType="13cdc9d9-ddb5-4fa4-a97d-d965ccfc6d4b" outcome="Passed" testListId="8c84fa94-04c1-424b-9868-57a2d4851a1d" relativeResultsDirectory="e41ef8c3-1f99-4464-be0e-f793b3d6357e" />
    <UnitTestResult executionId="e89e4f3e-6e70-44a4-9900-e8bcb899beb1" testId="731a3faa-831a-30a7-eac4-75c26e15a8d7" testName="xUnitTestProject.CurrencyHelperTests.FormatToStringTest1000(price: 59247.898931587064, expected: &quot;59247.90 zł&quot;)" computerName="DESKTOP-5URQ9PB" duration="00:00:00.0000041" startTime="2022-06-13T21:15:24.6592004+02:00" endTime="2022-06-13T21:15:24.6592008+02:00" testType="13cdc9d9-ddb5-4fa4-a97d-d965ccfc6d4b" outcome="Passed" testListId="8c84fa94-04c1-424b-9868-57a2d4851a1d" relativeResultsDirectory="e89e4f3e-6e70-44a4-9900-e8bcb899beb1" />
    <UnitTestResult executionId="89c21a67-0d3f-41a3-a247-c37553153a08" testId="814b2061-14f5-c810-0eca-e8431104105a" testName="xUnitTestProject.CurrencyHelperTests.FormatToStringTest1000(price: 14198.39903067723, expected: &quot;14198.40 zł&quot;)" computerName="DESKTOP-5URQ9PB" duration="00:00:00.0000041" startTime="2022-06-13T21:15:24.6612654+02:00" endTime="2022-06-13T21:15:24.6612655+02:00" testType="13cdc9d9-ddb5-4fa4-a97d-d965ccfc6d4b" outcome="Passed" testListId="8c84fa94-04c1-424b-9868-57a2d4851a1d" relativeResultsDirectory="89c21a67-0d3f-41a3-a247-c37553153a08" />
    <UnitTestResult executionId="29dd2972-8fea-41fc-8d89-c3aa971ef707" testId="a5d2d781-ed08-2478-bb45-1d4f50c82554" testName="xUnitTestProject.CurrencyHelperTests.FormatToStringTest1000(price: 5611.05334835176, expected: &quot;5611.05 zł&quot;)" computerName="DESKTOP-5URQ9PB" duration="00:00:00.0000041" startTime="2022-06-13T21:15:24.7049401+02:00" endTime="2022-06-13T21:15:24.7049403+02:00" testType="13cdc9d9-ddb5-4fa4-a97d-d965ccfc6d4b" outcome="Passed" testListId="8c84fa94-04c1-424b-9868-57a2d4851a1d" relativeResultsDirectory="29dd2972-8fea-41fc-8d89-c3aa971ef707" />
    <UnitTestResult executionId="6d5f9b86-2193-4f34-b4ef-d60ba54f9df2" testId="8e957c61-833e-a0b8-17c9-5e56071d3f70" testName="xUnitTestProject.CurrencyHelperTests.FormatToStringTest1000(price: 21961.272673999552, expected: &quot;21961.27 zł&quot;)" computerName="DESKTOP-5URQ9PB" duration="00:00:00.0000039" startTime="2022-06-13T21:15:24.6395874+02:00" endTime="2022-06-13T21:15:24.6395875+02:00" testType="13cdc9d9-ddb5-4fa4-a97d-d965ccfc6d4b" outcome="Passed" testListId="8c84fa94-04c1-424b-9868-57a2d4851a1d" relativeResultsDirectory="6d5f9b86-2193-4f34-b4ef-d60ba54f9df2" />
    <UnitTestResult executionId="5658556e-fb1e-4d49-a7ad-764c2af0db05" testId="b2d498a1-af9b-33b8-aa18-e8644e9da7f1" testName="xUnitTestProject.CurrencyHelperTests.FormatToStringTest1000(price: 12379.347974640013, expected: &quot;12379.35 zł&quot;)" computerName="DESKTOP-5URQ9PB" duration="00:00:00.0000058" startTime="2022-06-13T21:15:24.7069213+02:00" endTime="2022-06-13T21:15:24.7069215+02:00" testType="13cdc9d9-ddb5-4fa4-a97d-d965ccfc6d4b" outcome="Passed" testListId="8c84fa94-04c1-424b-9868-57a2d4851a1d" relativeResultsDirectory="5658556e-fb1e-4d49-a7ad-764c2af0db05" />
    <UnitTestResult executionId="46e17953-bacc-4a47-90d2-f2df294c34f5" testId="27c9de3f-c624-ee93-069f-2072d9c30f0a" testName="xUnitTestProject.CurrencyHelperTests.FormatToStringTest1000(price: 1228.101744225296, expected: &quot;1228.10 zł&quot;)" computerName="DESKTOP-5URQ9PB" duration="00:00:00.0000041" startTime="2022-06-13T21:15:24.7214557+02:00" endTime="2022-06-13T21:15:24.7214561+02:00" testType="13cdc9d9-ddb5-4fa4-a97d-d965ccfc6d4b" outcome="Passed" testListId="8c84fa94-04c1-424b-9868-57a2d4851a1d" relativeResultsDirectory="46e17953-bacc-4a47-90d2-f2df294c34f5" />
    <UnitTestResult executionId="a86c1178-5537-42f6-99f5-70a9939c87f4" testId="3bcce3ce-1e1f-b2cb-aecb-f9baaad49b40" testName="xUnitTestProject.CurrencyHelperTests.FormatToStringTest1000(price: 16427.591943671738, expected: &quot;16427.59 zł&quot;)" computerName="DESKTOP-5URQ9PB" duration="00:00:00.0000041" startTime="2022-06-13T21:15:24.6555368+02:00" endTime="2022-06-13T21:15:24.6555370+02:00" testType="13cdc9d9-ddb5-4fa4-a97d-d965ccfc6d4b" outcome="Passed" testListId="8c84fa94-04c1-424b-9868-57a2d4851a1d" relativeResultsDirectory="a86c1178-5537-42f6-99f5-70a9939c87f4" />
    <UnitTestResult executionId="e3053606-1d9b-4bc2-8c9c-9c4133ba8aa8" testId="cb9f49fb-58b9-06a6-2d40-6492ed02487d" testName="xUnitTestProject.CurrencyHelperTests.FormatToStringTest1000(price: 386.358918903097, expected: &quot;386.36 zł&quot;)" computerName="DESKTOP-5URQ9PB" duration="00:00:00.0000040" startTime="2022-06-13T21:15:24.6523543+02:00" endTime="2022-06-13T21:15:24.6523545+02:00" testType="13cdc9d9-ddb5-4fa4-a97d-d965ccfc6d4b" outcome="Passed" testListId="8c84fa94-04c1-424b-9868-57a2d4851a1d" relativeResultsDirectory="e3053606-1d9b-4bc2-8c9c-9c4133ba8aa8" />
    <UnitTestResult executionId="60bcbf6e-a455-4ef4-956a-db56f0506dc4" testId="d907dab2-a0b3-0153-e7e4-4d342798a47e" testName="xUnitTestProject.CurrencyHelperTests.FormatToStringTest1000(price: 19189.32381924117, expected: &quot;19189.32 zł&quot;)" computerName="DESKTOP-5URQ9PB" duration="00:00:00.0000041" startTime="2022-06-13T21:15:24.6866042+02:00" endTime="2022-06-13T21:15:24.6866046+02:00" testType="13cdc9d9-ddb5-4fa4-a97d-d965ccfc6d4b" outcome="Passed" testListId="8c84fa94-04c1-424b-9868-57a2d4851a1d" relativeResultsDirectory="60bcbf6e-a455-4ef4-956a-db56f0506dc4" />
    <UnitTestResult executionId="b1aca288-e38a-4179-8525-8687a48fcb7d" testId="aaa9e076-e199-e522-2c08-1bd206c5f6e7" testName="xUnitTestProject.CurrencyHelperTests.FormatToStringTest1000(price: 23120.169499649743, expected: &quot;23120.17 zł&quot;)" computerName="DESKTOP-5URQ9PB" duration="00:00:00.0000040" startTime="2022-06-13T21:15:24.6766270+02:00" endTime="2022-06-13T21:15:24.6766271+02:00" testType="13cdc9d9-ddb5-4fa4-a97d-d965ccfc6d4b" outcome="Passed" testListId="8c84fa94-04c1-424b-9868-57a2d4851a1d" relativeResultsDirectory="b1aca288-e38a-4179-8525-8687a48fcb7d" />
    <UnitTestResult executionId="c94c6ad1-f410-4202-b5a5-e075f39f391e" testId="6fd88d41-992e-23c0-e35a-a1d1b838cd50" testName="xUnitTestProject.CurrencyHelperTests.FormatToStringTest1000(price: 4094.6752323977066, expected: &quot;4094.68 zł&quot;)" computerName="DESKTOP-5URQ9PB" duration="00:00:00.0000041" startTime="2022-06-13T21:15:24.6642722+02:00" endTime="2022-06-13T21:15:24.6642724+02:00" testType="13cdc9d9-ddb5-4fa4-a97d-d965ccfc6d4b" outcome="Passed" testListId="8c84fa94-04c1-424b-9868-57a2d4851a1d" relativeResultsDirectory="c94c6ad1-f410-4202-b5a5-e075f39f391e" />
    <UnitTestResult executionId="f9c6ef18-6ec2-4844-a787-35b706e59d56" testId="80d0ff60-cfaf-35b0-6f6e-60db427c7f85" testName="xUnitTestProject.CurrencyHelperTests.FormatToStringTest1000(price: 4652.407073443945, expected: &quot;4652.41 zł&quot;)" computerName="DESKTOP-5URQ9PB" duration="00:00:00.0000041" startTime="2022-06-13T21:15:24.6945232+02:00" endTime="2022-06-13T21:15:24.6945233+02:00" testType="13cdc9d9-ddb5-4fa4-a97d-d965ccfc6d4b" outcome="Passed" testListId="8c84fa94-04c1-424b-9868-57a2d4851a1d" relativeResultsDirectory="f9c6ef18-6ec2-4844-a787-35b706e59d56" />
    <UnitTestResult executionId="35fca877-479f-4a54-884e-02145b3ca646" testId="3d1af355-28e7-625e-59fd-fe5da700f0dc" testName="xUnitTestProject.CurrencyHelperTests.FormatToStringTest1000(price: 20244.692955315437, expected: &quot;20244.69 zł&quot;)" computerName="DESKTOP-5URQ9PB" duration="00:00:00.0000040" startTime="2022-06-13T21:15:24.7138265+02:00" endTime="2022-06-13T21:15:24.7138266+02:00" testType="13cdc9d9-ddb5-4fa4-a97d-d965ccfc6d4b" outcome="Passed" testListId="8c84fa94-04c1-424b-9868-57a2d4851a1d" relativeResultsDirectory="35fca877-479f-4a54-884e-02145b3ca646" />
    <UnitTestResult executionId="b03ca533-15bc-46ac-96df-bb47b351dc84" testId="6837dba7-40c4-9f70-ea2b-82f5a35b378d" testName="xUnitTestProject.CurrencyHelperTests.FormatToStringTest1000(price: 17988.455793307843, expected: &quot;17988.46 zł&quot;)" computerName="DESKTOP-5URQ9PB" duration="00:00:00.0000041" startTime="2022-06-13T21:15:24.7019401+02:00" endTime="2022-06-13T21:15:24.7019402+02:00" testType="13cdc9d9-ddb5-4fa4-a97d-d965ccfc6d4b" outcome="Passed" testListId="8c84fa94-04c1-424b-9868-57a2d4851a1d" relativeResultsDirectory="b03ca533-15bc-46ac-96df-bb47b351dc84" />
    <UnitTestResult executionId="f57bcffa-cb3a-4ab4-abea-e4315b99eb6f" testId="bb2394ba-110a-90c0-2182-1e3775f73d05" testName="xUnitTestProject.CurrencyHelperTests.FormatToStringTest1000(price: 28072.424637532058, expected: &quot;28072.42 zł&quot;)" computerName="DESKTOP-5URQ9PB" duration="00:00:00.0000041" startTime="2022-06-13T21:15:24.6330849+02:00" endTime="2022-06-13T21:15:24.6330850+02:00" testType="13cdc9d9-ddb5-4fa4-a97d-d965ccfc6d4b" outcome="Passed" testListId="8c84fa94-04c1-424b-9868-57a2d4851a1d" relativeResultsDirectory="f57bcffa-cb3a-4ab4-abea-e4315b99eb6f" />
    <UnitTestResult executionId="6f5e91ee-8d78-4fe6-9ac3-6b5fe71c454e" testId="dc54e0bb-502b-6570-9584-a9f765f8122d" testName="xUnitTestProject.CurrencyHelperTests.FormatToStringTest1000(price: 11944.74385168531, expected: &quot;11944.74 zł&quot;)" computerName="DESKTOP-5URQ9PB" duration="00:00:00.0000040" startTime="2022-06-13T21:15:24.6226998+02:00" endTime="2022-06-13T21:15:24.6227000+02:00" testType="13cdc9d9-ddb5-4fa4-a97d-d965ccfc6d4b" outcome="Passed" testListId="8c84fa94-04c1-424b-9868-57a2d4851a1d" relativeResultsDirectory="6f5e91ee-8d78-4fe6-9ac3-6b5fe71c454e" />
    <UnitTestResult executionId="bc2e1690-829a-4ab6-a8c0-ae0f5ccfc9e3" testId="38b02068-987c-3dd3-28cd-9a07df85e95b" testName="xUnitTestProject.CurrencyHelperTests.FormatToStringTest1000(price: 5957.42161879941, expected: &quot;5957.42 zł&quot;)" computerName="DESKTOP-5URQ9PB" duration="00:00:00.0000041" startTime="2022-06-13T21:15:24.7286535+02:00" endTime="2022-06-13T21:15:24.7286536+02:00" testType="13cdc9d9-ddb5-4fa4-a97d-d965ccfc6d4b" outcome="Passed" testListId="8c84fa94-04c1-424b-9868-57a2d4851a1d" relativeResultsDirectory="bc2e1690-829a-4ab6-a8c0-ae0f5ccfc9e3" />
    <UnitTestResult executionId="a6516684-6c4a-4b25-826b-8d5ca49a451c" testId="5a63d239-8af4-ff24-ef04-165e809fc0f0" testName="xUnitTestProject.CurrencyHelperTests.FormatToStringTest1000(price: 13503.943645929892, expected: &quot;13503.94 zł&quot;)" computerName="DESKTOP-5URQ9PB" duration="00:00:00.0000040" startTime="2022-06-13T21:15:24.7097342+02:00" endTime="2022-06-13T21:15:24.7097343+02:00" testType="13cdc9d9-ddb5-4fa4-a97d-d965ccfc6d4b" outcome="Passed" testListId="8c84fa94-04c1-424b-9868-57a2d4851a1d" relativeResultsDirectory="a6516684-6c4a-4b25-826b-8d5ca49a451c" />
    <UnitTestResult executionId="9efa6c90-7975-480b-854e-9ca8d325e6f3" testId="5f750d11-c899-aa88-cff9-6806fe46c3fe" testName="xUnitTestProject.CurrencyHelperTests.FormatToStringTest1000(price: 28298.945361683585, expected: &quot;28298.95 zł&quot;)" computerName="DESKTOP-5URQ9PB" duration="00:00:00.0000038" startTime="2022-06-13T21:15:24.6695965+02:00" endTime="2022-06-13T21:15:24.6695967+02:00" testType="13cdc9d9-ddb5-4fa4-a97d-d965ccfc6d4b" outcome="Passed" testListId="8c84fa94-04c1-424b-9868-57a2d4851a1d" relativeResultsDirectory="9efa6c90-7975-480b-854e-9ca8d325e6f3" />
    <UnitTestResult executionId="4a202c1b-7a22-4fb7-b9e4-cd3a09293224" testId="8b7f95f5-c5ec-10c0-26ff-eb4390bba1ee" testName="xUnitTestProject.CurrencyHelperTests.FormatToStringTest1000(price: 20344.185360967265, expected: &quot;20344.19 zł&quot;)" computerName="DESKTOP-5URQ9PB" duration="00:00:00.0000056" startTime="2022-06-13T21:15:24.7295155+02:00" endTime="2022-06-13T21:15:24.7295157+02:00" testType="13cdc9d9-ddb5-4fa4-a97d-d965ccfc6d4b" outcome="Passed" testListId="8c84fa94-04c1-424b-9868-57a2d4851a1d" relativeResultsDirectory="4a202c1b-7a22-4fb7-b9e4-cd3a09293224" />
    <UnitTestResult executionId="591e2f30-d77f-4f0f-a849-2fe5eb3e2f03" testId="52dd4d5a-f28a-3449-7987-33dfda351248" testName="xUnitTestProject.CurrencyHelperTests.FormatToStringTest1000(price: 31290.71396233687, expected: &quot;31290.71 zł&quot;)" computerName="DESKTOP-5URQ9PB" duration="00:00:00.0000040" startTime="2022-06-13T21:15:24.6745983+02:00" endTime="2022-06-13T21:15:24.6745984+02:00" testType="13cdc9d9-ddb5-4fa4-a97d-d965ccfc6d4b" outcome="Passed" testListId="8c84fa94-04c1-424b-9868-57a2d4851a1d" relativeResultsDirectory="591e2f30-d77f-4f0f-a849-2fe5eb3e2f03" />
    <UnitTestResult executionId="e889a8c0-c7c2-44e8-9809-25953f9a66d2" testId="e457ba43-5ec8-2ef9-9f16-d8e65791d46d" testName="xUnitTestProject.CurrencyHelperTests.FormatToStringTest1000(price: 58902.704109088845, expected: &quot;58902.70 zł&quot;)" computerName="DESKTOP-5URQ9PB" duration="00:00:00.0000041" startTime="2022-06-13T21:15:24.6425166+02:00" endTime="2022-06-13T21:15:24.6425168+02:00" testType="13cdc9d9-ddb5-4fa4-a97d-d965ccfc6d4b" outcome="Passed" testListId="8c84fa94-04c1-424b-9868-57a2d4851a1d" relativeResultsDirectory="e889a8c0-c7c2-44e8-9809-25953f9a66d2" />
    <UnitTestResult executionId="b3bfffce-7064-459d-9ba7-8da95141f1ea" testId="20029a95-caa6-71d7-8434-4467fe9b8732" testName="xUnitTestProject.CurrencyHelperTests.FormatToStringTest1000(price: 43799.04472166535, expected: &quot;43799.04 zł&quot;)" computerName="DESKTOP-5URQ9PB" duration="00:00:00.0000050" startTime="2022-06-13T21:15:24.6183708+02:00" endTime="2022-06-13T21:15:24.6183710+02:00" testType="13cdc9d9-ddb5-4fa4-a97d-d965ccfc6d4b" outcome="Passed" testListId="8c84fa94-04c1-424b-9868-57a2d4851a1d" relativeResultsDirectory="b3bfffce-7064-459d-9ba7-8da95141f1ea" />
    <UnitTestResult executionId="a93c76c6-f2be-440a-b0b0-ce76c7daa903" testId="2f6b6911-3bf0-1f4d-b85f-0561bbc969cd" testName="xUnitTestProject.CurrencyHelperTests.FormatToStringTest1000(price: 8095.485677032492, expected: &quot;8095.49 zł&quot;)" computerName="DESKTOP-5URQ9PB" duration="00:00:00.0000043" startTime="2022-06-13T21:15:24.6257753+02:00" endTime="2022-06-13T21:15:24.6257755+02:00" testType="13cdc9d9-ddb5-4fa4-a97d-d965ccfc6d4b" outcome="Passed" testListId="8c84fa94-04c1-424b-9868-57a2d4851a1d" relativeResultsDirectory="a93c76c6-f2be-440a-b0b0-ce76c7daa903" />
    <UnitTestResult executionId="f9bf5a24-d7c3-4b3c-8fe2-6ab9f6e5e1be" testId="ae81390e-96a7-cf30-3a99-7ea7ca8436a2" testName="xUnitTestProject.CurrencyHelperTests.FormatToStringTest1000(price: 16282.687804925576, expected: &quot;16282.69 zł&quot;)" computerName="DESKTOP-5URQ9PB" duration="00:00:00.0000041" startTime="2022-06-13T21:15:24.6663901+02:00" endTime="2022-06-13T21:15:24.6663903+02:00" testType="13cdc9d9-ddb5-4fa4-a97d-d965ccfc6d4b" outcome="Passed" testListId="8c84fa94-04c1-424b-9868-57a2d4851a1d" relativeResultsDirectory="f9bf5a24-d7c3-4b3c-8fe2-6ab9f6e5e1be" />
    <UnitTestResult executionId="3958a33a-5584-4bf9-be2a-e7639cd45d67" testId="594ca00d-02cf-07de-ca25-0d701d72a0a6" testName="xUnitTestProject.CurrencyHelperTests.FormatToStringTest1000(price: 1549.6599114973376, expected: &quot;1549.66 zł&quot;)" computerName="DESKTOP-5URQ9PB" duration="00:00:00.0000041" startTime="2022-06-13T21:15:24.7244484+02:00" endTime="2022-06-13T21:15:24.7244486+02:00" testType="13cdc9d9-ddb5-4fa4-a97d-d965ccfc6d4b" outcome="Passed" testListId="8c84fa94-04c1-424b-9868-57a2d4851a1d" relativeResultsDirectory="3958a33a-5584-4bf9-be2a-e7639cd45d67" />
    <UnitTestResult executionId="e67949e2-acaa-496d-81c1-9d4007a6693a" testId="3fa92d95-7719-c247-fd7d-28cef4c98170" testName="xUnitTestProject.CurrencyHelperTests.FormatToStringTest1000(price: 9628.688698104437, expected: &quot;9628.69 zł&quot;)" computerName="DESKTOP-5URQ9PB" duration="00:00:00.0000041" startTime="2022-06-13T21:15:24.6866711+02:00" endTime="2022-06-13T21:15:24.6866712+02:00" testType="13cdc9d9-ddb5-4fa4-a97d-d965ccfc6d4b" outcome="Passed" testListId="8c84fa94-04c1-424b-9868-57a2d4851a1d" relativeResultsDirectory="e67949e2-acaa-496d-81c1-9d4007a6693a" />
    <UnitTestResult executionId="24aced93-e8a0-422c-bc0f-0117e7fa02f4" testId="297d2ce6-e7ea-8d5e-9134-2d6e61b4337c" testName="xUnitTestProject.CurrencyHelperTests.FormatToStringTest1000(price: 7050.437505805137, expected: &quot;7050.44 zł&quot;)" computerName="DESKTOP-5URQ9PB" duration="00:00:00.0000098" startTime="2022-06-13T21:15:24.7285603+02:00" endTime="2022-06-13T21:15:24.7285604+02:00" testType="13cdc9d9-ddb5-4fa4-a97d-d965ccfc6d4b" outcome="Passed" testListId="8c84fa94-04c1-424b-9868-57a2d4851a1d" relativeResultsDirectory="24aced93-e8a0-422c-bc0f-0117e7fa02f4" />
    <UnitTestResult executionId="ab805513-3a0c-457a-829e-4751ad93bbe7" testId="e1f98d4b-b934-3301-b07c-a8722a8e1bf4" testName="xUnitTestProject.CurrencyHelperTests.FormatToStringTest1000(price: 468.83385119346616, expected: &quot;468.83 zł&quot;)" computerName="DESKTOP-5URQ9PB" duration="00:00:00.0000040" startTime="2022-06-13T21:15:24.6484664+02:00" endTime="2022-06-13T21:15:24.6484665+02:00" testType="13cdc9d9-ddb5-4fa4-a97d-d965ccfc6d4b" outcome="Passed" testListId="8c84fa94-04c1-424b-9868-57a2d4851a1d" relativeResultsDirectory="ab805513-3a0c-457a-829e-4751ad93bbe7" />
    <UnitTestResult executionId="b41f75f4-44da-493e-bc16-f376858b34e3" testId="a8f82c34-f413-0466-fc76-669da2c23141" testName="xUnitTestProject.CurrencyHelperTests.FormatToStringTest1000(price: 21693.340115174808, expected: &quot;21693.34 zł&quot;)" computerName="DESKTOP-5URQ9PB" duration="00:00:00.0000041" startTime="2022-06-13T21:15:24.6622369+02:00" endTime="2022-06-13T21:15:24.6622370+02:00" testType="13cdc9d9-ddb5-4fa4-a97d-d965ccfc6d4b" outcome="Passed" testListId="8c84fa94-04c1-424b-9868-57a2d4851a1d" relativeResultsDirectory="b41f75f4-44da-493e-bc16-f376858b34e3" />
    <UnitTestResult executionId="383893e0-17d1-4624-8b64-3a720a207dcf" testId="a38d6dd0-4abc-cd66-f98d-02667c7de044" testName="xUnitTestProject.CurrencyHelperTests.FormatToStringTest1000(price: 20623.53139885493, expected: &quot;20623.53 zł&quot;)" computerName="DESKTOP-5URQ9PB" duration="00:00:00.0000041" startTime="2022-06-13T21:15:24.7207269+02:00" endTime="2022-06-13T21:15:24.7207271+02:00" testType="13cdc9d9-ddb5-4fa4-a97d-d965ccfc6d4b" outcome="Passed" testListId="8c84fa94-04c1-424b-9868-57a2d4851a1d" relativeResultsDirectory="383893e0-17d1-4624-8b64-3a720a207dcf" />
    <UnitTestResult executionId="048f6175-ef00-495d-99f6-9698f2139b8a" testId="73278ab4-3d1d-b883-d827-3ea861390441" testName="xUnitTestProject.CurrencyHelperTests.FormatToStringTest1000(price: 6205.946199725357, expected: &quot;6205.95 zł&quot;)" computerName="DESKTOP-5URQ9PB" duration="00:00:00.0000050" startTime="2022-06-13T21:15:24.6131086+02:00" endTime="2022-06-13T21:15:24.6131088+02:00" testType="13cdc9d9-ddb5-4fa4-a97d-d965ccfc6d4b" outcome="Passed" testListId="8c84fa94-04c1-424b-9868-57a2d4851a1d" relativeResultsDirectory="048f6175-ef00-495d-99f6-9698f2139b8a" />
    <UnitTestResult executionId="66c95bdd-8ab2-4809-b6fc-bf845d9649ac" testId="73bcea4a-0bf6-aaca-b16b-8e4d59f9059e" testName="xUnitTestProject.CurrencyHelperTests.FormatToStringTest1000(price: 6946.333318357977, expected: &quot;6946.33 zł&quot;)" computerName="DESKTOP-5URQ9PB" duration="00:00:00.0000041" startTime="2022-06-13T21:15:24.6523233+02:00" endTime="2022-06-13T21:15:24.6523235+02:00" testType="13cdc9d9-ddb5-4fa4-a97d-d965ccfc6d4b" outcome="Passed" testListId="8c84fa94-04c1-424b-9868-57a2d4851a1d" relativeResultsDirectory="66c95bdd-8ab2-4809-b6fc-bf845d9649ac" />
    <UnitTestResult executionId="94d526e8-e311-4099-97ed-453f58369969" testId="5b2fabb4-e059-962c-348f-3355cdc7486e" testName="xUnitTestProject.CurrencyHelperTests.FormatToStringTest1000(price: 14137.400697779563, expected: &quot;14137.40 zł&quot;)" computerName="DESKTOP-5URQ9PB" duration="00:00:00.0000040" startTime="2022-06-13T21:15:24.6299145+02:00" endTime="2022-06-13T21:15:24.6299146+02:00" testType="13cdc9d9-ddb5-4fa4-a97d-d965ccfc6d4b" outcome="Passed" testListId="8c84fa94-04c1-424b-9868-57a2d4851a1d" relativeResultsDirectory="94d526e8-e311-4099-97ed-453f58369969" />
    <UnitTestResult executionId="778e87f2-359b-440f-87a9-08ee7c6a6e96" testId="b93fddec-5e00-a1c1-fc16-4882d018fd04" testName="xUnitTestProject.CurrencyHelperTests.FormatToStringTest1000(price: 54678.59301593089, expected: &quot;54678.59 zł&quot;)" computerName="DESKTOP-5URQ9PB" duration="00:00:00.0000040" startTime="2022-06-13T21:15:24.6554599+02:00" endTime="2022-06-13T21:15:24.6554601+02:00" testType="13cdc9d9-ddb5-4fa4-a97d-d965ccfc6d4b" outcome="Passed" testListId="8c84fa94-04c1-424b-9868-57a2d4851a1d" relativeResultsDirectory="778e87f2-359b-440f-87a9-08ee7c6a6e96" />
    <UnitTestResult executionId="3f903739-2d77-4cee-bbc9-877f823c3cc2" testId="65e69234-8b4f-5c5d-4c39-26b683719c33" testName="xUnitTestProject.CurrencyHelperTests.FormatToStringTest1000(price: 9079.930405251649, expected: &quot;9079.93 zł&quot;)" computerName="DESKTOP-5URQ9PB" duration="00:00:00.0000041" startTime="2022-06-13T21:15:24.7009060+02:00" endTime="2022-06-13T21:15:24.7009061+02:00" testType="13cdc9d9-ddb5-4fa4-a97d-d965ccfc6d4b" outcome="Passed" testListId="8c84fa94-04c1-424b-9868-57a2d4851a1d" relativeResultsDirectory="3f903739-2d77-4cee-bbc9-877f823c3cc2" />
    <UnitTestResult executionId="77312ed2-5b31-442e-91f8-c75f099cb7c0" testId="0d808795-ca9e-3ec0-5d7b-6c498dbb0495" testName="xUnitTestProject.CurrencyHelperTests.FormatToStringTest1000(price: 57436.33241095409, expected: &quot;57436.33 zł&quot;)" computerName="DESKTOP-5URQ9PB" duration="00:00:00.0000040" startTime="2022-06-13T21:15:24.6493247+02:00" endTime="2022-06-13T21:15:24.6493249+02:00" testType="13cdc9d9-ddb5-4fa4-a97d-d965ccfc6d4b" outcome="Passed" testListId="8c84fa94-04c1-424b-9868-57a2d4851a1d" relativeResultsDirectory="77312ed2-5b31-442e-91f8-c75f099cb7c0" />
    <UnitTestResult executionId="830c4fca-95d3-4470-8e1f-47b6dbddd8bd" testId="62b1fe99-5a28-bc9f-0494-f16f9326c1bc" testName="xUnitTestProject.CurrencyHelperTests.FormatToStringTest1000(price: 12308.022158465357, expected: &quot;12308.02 zł&quot;)" computerName="DESKTOP-5URQ9PB" duration="00:00:00.0000039" startTime="2022-06-13T21:15:24.6573334+02:00" endTime="2022-06-13T21:15:24.6573336+02:00" testType="13cdc9d9-ddb5-4fa4-a97d-d965ccfc6d4b" outcome="Passed" testListId="8c84fa94-04c1-424b-9868-57a2d4851a1d" relativeResultsDirectory="830c4fca-95d3-4470-8e1f-47b6dbddd8bd" />
    <UnitTestResult executionId="1248912c-015a-4433-a6f0-810f1d3c7ba1" testId="ff400e5b-d8ea-836f-c081-66cfe2473c87" testName="xUnitTestProject.CurrencyHelperTests.FormatToStringTest1000(price: 35967.54466809684, expected: &quot;35967.54 zł&quot;)" computerName="DESKTOP-5URQ9PB" duration="00:00:00.0000056" startTime="2022-06-13T21:15:24.6990843+02:00" endTime="2022-06-13T21:15:24.6990845+02:00" testType="13cdc9d9-ddb5-4fa4-a97d-d965ccfc6d4b" outcome="Passed" testListId="8c84fa94-04c1-424b-9868-57a2d4851a1d" relativeResultsDirectory="1248912c-015a-4433-a6f0-810f1d3c7ba1" />
    <UnitTestResult executionId="fe95e454-6af2-4376-9be2-4eb06d5c448d" testId="127fb78e-ed01-3534-55cd-9f963056d67f" testName="xUnitTestProject.CurrencyHelperTests.FormatToStringTest1000(price: 13855.30239352505, expected: &quot;13855.30 zł&quot;)" computerName="DESKTOP-5URQ9PB" duration="00:00:00.0000040" startTime="2022-06-13T21:15:24.7187769+02:00" endTime="2022-06-13T21:15:24.7187771+02:00" testType="13cdc9d9-ddb5-4fa4-a97d-d965ccfc6d4b" outcome="Passed" testListId="8c84fa94-04c1-424b-9868-57a2d4851a1d" relativeResultsDirectory="fe95e454-6af2-4376-9be2-4eb06d5c448d" />
    <UnitTestResult executionId="79539a94-fc11-49e0-890c-e2544708c0b5" testId="9e60da1f-2da8-eacc-63f9-9c91b8a7e042" testName="xUnitTestProject.CurrencyHelperTests.FormatToStringTest1000(price: 11922.837782177532, expected: &quot;11922.84 zł&quot;)" computerName="DESKTOP-5URQ9PB" duration="00:00:00.0000040" startTime="2022-06-13T21:15:24.6980749+02:00" endTime="2022-06-13T21:15:24.6980751+02:00" testType="13cdc9d9-ddb5-4fa4-a97d-d965ccfc6d4b" outcome="Passed" testListId="8c84fa94-04c1-424b-9868-57a2d4851a1d" relativeResultsDirectory="79539a94-fc11-49e0-890c-e2544708c0b5" />
    <UnitTestResult executionId="12eab871-5b36-4f17-9539-7cf1a9dddccf" testId="5d6a5449-fc3a-dea9-163b-dec74b3dd1b9" testName="xUnitTestProject.CurrencyHelperTests.FormatToStringTest1000(price: 42767.96883676898, expected: &quot;42767.97 zł&quot;)" computerName="DESKTOP-5URQ9PB" duration="00:00:00.0000040" startTime="2022-06-13T21:15:24.7096683+02:00" endTime="2022-06-13T21:15:24.7096684+02:00" testType="13cdc9d9-ddb5-4fa4-a97d-d965ccfc6d4b" outcome="Passed" testListId="8c84fa94-04c1-424b-9868-57a2d4851a1d" relativeResultsDirectory="12eab871-5b36-4f17-9539-7cf1a9dddccf" />
    <UnitTestResult executionId="aa160712-9c60-43ee-bef7-2eaf44ef31e1" testId="e3eba5d2-93a0-e22e-731e-ed52218ff16c" testName="xUnitTestProject.CurrencyHelperTests.FormatToStringTest1000(price: 918.1842976688334, expected: &quot;918.18 zł&quot;)" computerName="DESKTOP-5URQ9PB" duration="00:00:00.0000059" startTime="2022-06-13T21:15:24.6279789+02:00" endTime="2022-06-13T21:15:24.6279790+02:00" testType="13cdc9d9-ddb5-4fa4-a97d-d965ccfc6d4b" outcome="Passed" testListId="8c84fa94-04c1-424b-9868-57a2d4851a1d" relativeResultsDirectory="aa160712-9c60-43ee-bef7-2eaf44ef31e1" />
    <UnitTestResult executionId="3cc1642d-e7db-477c-999b-1e6806d6e16c" testId="0e441c44-ccc7-5318-d743-a0646c26f920" testName="xUnitTestProject.CurrencyHelperTests.FormatToStringTest1000(price: 9068.70019550468, expected: &quot;9068.70 zł&quot;)" computerName="DESKTOP-5URQ9PB" duration="00:00:00.0000039" startTime="2022-06-13T21:15:24.6573956+02:00" endTime="2022-06-13T21:15:24.6573958+02:00" testType="13cdc9d9-ddb5-4fa4-a97d-d965ccfc6d4b" outcome="Passed" testListId="8c84fa94-04c1-424b-9868-57a2d4851a1d" relativeResultsDirectory="3cc1642d-e7db-477c-999b-1e6806d6e16c" />
    <UnitTestResult executionId="4a8a28f2-33d3-4d95-a6b4-4bf6ce5d169d" testId="83af6274-cbc6-0821-9d1c-d71c57f5ac71" testName="xUnitTestProject.CurrencyHelperTests.FormatToStringTest1000(price: 2298.0331723829886, expected: &quot;2298.03 zł&quot;)" computerName="DESKTOP-5URQ9PB" duration="00:00:00.0000040" startTime="2022-06-13T21:15:24.6204387+02:00" endTime="2022-06-13T21:15:24.6204389+02:00" testType="13cdc9d9-ddb5-4fa4-a97d-d965ccfc6d4b" outcome="Passed" testListId="8c84fa94-04c1-424b-9868-57a2d4851a1d" relativeResultsDirectory="4a8a28f2-33d3-4d95-a6b4-4bf6ce5d169d" />
    <UnitTestResult executionId="c6b7579b-6598-48e6-bbce-baf97b177381" testId="b8c9a81a-11ec-9afa-2e32-5c4408d66f0a" testName="xUnitTestProject.CurrencyHelperTests.FormatToStringTest1000(price: 19933.78650940945, expected: &quot;19933.79 zł&quot;)" computerName="DESKTOP-5URQ9PB" duration="00:00:00.0000041" startTime="2022-06-13T21:15:24.7067640+02:00" endTime="2022-06-13T21:15:24.7067642+02:00" testType="13cdc9d9-ddb5-4fa4-a97d-d965ccfc6d4b" outcome="Passed" testListId="8c84fa94-04c1-424b-9868-57a2d4851a1d" relativeResultsDirectory="c6b7579b-6598-48e6-bbce-baf97b177381" />
    <UnitTestResult executionId="33a42b81-a094-4de5-a887-015cad658b1b" testId="c15129d5-d936-d35a-141a-341775ad7af1" testName="xUnitTestProject.CurrencyHelperTests.FormatToStringTest1000(price: 14867.726341984107, expected: &quot;14867.73 zł&quot;)" computerName="DESKTOP-5URQ9PB" duration="00:00:00.0000038" startTime="2022-06-13T21:15:24.6613282+02:00" endTime="2022-06-13T21:15:24.6613284+02:00" testType="13cdc9d9-ddb5-4fa4-a97d-d965ccfc6d4b" outcome="Passed" testListId="8c84fa94-04c1-424b-9868-57a2d4851a1d" relativeResultsDirectory="33a42b81-a094-4de5-a887-015cad658b1b" />
    <UnitTestResult executionId="90f2586f-4070-4c6d-bb0b-a5e86271d1b6" testId="ba6a31a5-f6b4-cabf-4787-f1e219c63249" testName="xUnitTestProject.CurrencyHelperTests.FormatToStringTest1000(price: 60299.23738666309, expected: &quot;60299.24 zł&quot;)" computerName="DESKTOP-5URQ9PB" duration="00:00:00.0000041" startTime="2022-06-13T21:15:24.7057568+02:00" endTime="2022-06-13T21:15:24.7057572+02:00" testType="13cdc9d9-ddb5-4fa4-a97d-d965ccfc6d4b" outcome="Passed" testListId="8c84fa94-04c1-424b-9868-57a2d4851a1d" relativeResultsDirectory="90f2586f-4070-4c6d-bb0b-a5e86271d1b6" />
    <UnitTestResult executionId="28e13980-bfdd-4707-be43-3780a72202cc" testId="9e564273-69a8-eaf4-221d-8cb7dd068c7d" testName="xUnitTestProject.CurrencyHelperTests.FormatToStringTest1000(price: 30360.993128030557, expected: &quot;30360.99 zł&quot;)" computerName="DESKTOP-5URQ9PB" duration="00:00:00.0000040" startTime="2022-06-13T21:15:24.6279478+02:00" endTime="2022-06-13T21:15:24.6279480+02:00" testType="13cdc9d9-ddb5-4fa4-a97d-d965ccfc6d4b" outcome="Passed" testListId="8c84fa94-04c1-424b-9868-57a2d4851a1d" relativeResultsDirectory="28e13980-bfdd-4707-be43-3780a72202cc" />
    <UnitTestResult executionId="27266ed8-c367-4bda-85ba-cdf0dce09150" testId="4f6b94b9-8c0a-f905-af50-086f7c071ad9" testName="xUnitTestProject.CurrencyHelperTests.FormatToStringTest1000(price: 10324.538670147089, expected: &quot;10324.54 zł&quot;)" computerName="DESKTOP-5URQ9PB" duration="00:00:00.0000041" startTime="2022-06-13T21:15:24.6981679+02:00" endTime="2022-06-13T21:15:24.6981680+02:00" testType="13cdc9d9-ddb5-4fa4-a97d-d965ccfc6d4b" outcome="Passed" testListId="8c84fa94-04c1-424b-9868-57a2d4851a1d" relativeResultsDirectory="27266ed8-c367-4bda-85ba-cdf0dce09150" />
    <UnitTestResult executionId="5a72f408-0318-49a4-bc12-a045a09a0759" testId="33f34022-0429-d841-2008-e35fc72eef53" testName="xUnitTestProject.CurrencyHelperTests.FormatToStringTest1000(price: 14003.84591249742, expected: &quot;14003.85 zł&quot;)" computerName="DESKTOP-5URQ9PB" duration="00:00:00.0000041" startTime="2022-06-13T21:15:24.6376306+02:00" endTime="2022-06-13T21:15:24.6376308+02:00" testType="13cdc9d9-ddb5-4fa4-a97d-d965ccfc6d4b" outcome="Passed" testListId="8c84fa94-04c1-424b-9868-57a2d4851a1d" relativeResultsDirectory="5a72f408-0318-49a4-bc12-a045a09a0759" />
    <UnitTestResult executionId="9e7f692e-ebe2-401c-b524-f083b9978dbf" testId="d0cd8d38-2083-8dfe-21da-1692537b41cc" testName="xUnitTestProject.CurrencyHelperTests.FormatToStringTest1000(price: 14635.510547500808, expected: &quot;14635.51 zł&quot;)" computerName="DESKTOP-5URQ9PB" duration="00:00:00.0000039" startTime="2022-06-13T21:15:24.6593624+02:00" endTime="2022-06-13T21:15:24.6593626+02:00" testType="13cdc9d9-ddb5-4fa4-a97d-d965ccfc6d4b" outcome="Passed" testListId="8c84fa94-04c1-424b-9868-57a2d4851a1d" relativeResultsDirectory="9e7f692e-ebe2-401c-b524-f083b9978dbf" />
    <UnitTestResult executionId="fc78377d-afdd-4d5a-a4f0-89b61710a61e" testId="c09fd9f3-56b2-979f-b5dc-a5cbb3bb898a" testName="xUnitTestProject.CurrencyHelperTests.FormatToStringTest1000(price: 32216.686763396807, expected: &quot;32216.69 zł&quot;)" computerName="DESKTOP-5URQ9PB" duration="00:00:00.0000041" startTime="2022-06-13T21:15:24.6298798+02:00" endTime="2022-06-13T21:15:24.6298801+02:00" testType="13cdc9d9-ddb5-4fa4-a97d-d965ccfc6d4b" outcome="Passed" testListId="8c84fa94-04c1-424b-9868-57a2d4851a1d" relativeResultsDirectory="fc78377d-afdd-4d5a-a4f0-89b61710a61e" />
    <UnitTestResult executionId="308eeb6e-f449-4aaa-b1a4-e78560dd0317" testId="4e40923a-3f2f-ab14-66db-33f21753e6c1" testName="xUnitTestProject.CurrencyHelperTests.FormatToStringTest1000(price: 13478.157112043891, expected: &quot;13478.16 zł&quot;)" computerName="DESKTOP-5URQ9PB" duration="00:00:00.0000177" startTime="2022-06-13T21:15:24.6887185+02:00" endTime="2022-06-13T21:15:24.6887186+02:00" testType="13cdc9d9-ddb5-4fa4-a97d-d965ccfc6d4b" outcome="Passed" testListId="8c84fa94-04c1-424b-9868-57a2d4851a1d" relativeResultsDirectory="308eeb6e-f449-4aaa-b1a4-e78560dd0317" />
    <UnitTestResult executionId="890f2f6e-5f2a-42f7-a362-7fdbd64800a2" testId="613b2ffe-17c7-a1b7-9417-e8c0c951aa41" testName="xUnitTestProject.CurrencyHelperTests.FormatToStringTest1000(price: 1739.5853778997368, expected: &quot;1739.59 zł&quot;)" computerName="DESKTOP-5URQ9PB" duration="00:00:00.0000049" startTime="2022-06-13T21:15:24.6624577+02:00" endTime="2022-06-13T21:15:24.6624579+02:00" testType="13cdc9d9-ddb5-4fa4-a97d-d965ccfc6d4b" outcome="Passed" testListId="8c84fa94-04c1-424b-9868-57a2d4851a1d" relativeResultsDirectory="890f2f6e-5f2a-42f7-a362-7fdbd64800a2" />
    <UnitTestResult executionId="fdcc9224-0c00-456b-913f-99462333f214" testId="13335374-86bb-3ff8-d28a-bd89dc7f02ec" testName="xUnitTestProject.CurrencyHelperTests.FormatToStringTest1000(price: 16637.074429372828, expected: &quot;16637.07 zł&quot;)" computerName="DESKTOP-5URQ9PB" duration="00:00:00.0000041" startTime="2022-06-13T21:15:24.6683084+02:00" endTime="2022-06-13T21:15:24.6683089+02:00" testType="13cdc9d9-ddb5-4fa4-a97d-d965ccfc6d4b" outcome="Passed" testListId="8c84fa94-04c1-424b-9868-57a2d4851a1d" relativeResultsDirectory="fdcc9224-0c00-456b-913f-99462333f214" />
    <UnitTestResult executionId="8cd07f09-ce96-4e6f-a274-1aa4a117f702" testId="c1457a00-5932-b692-d468-5af96619c895" testName="xUnitTestProject.CurrencyHelperTests.FormatToStringTest1000(price: 29508.077101491428, expected: &quot;29508.08 zł&quot;)" computerName="DESKTOP-5URQ9PB" duration="00:00:00.0000041" startTime="2022-06-13T21:15:24.6532240+02:00" endTime="2022-06-13T21:15:24.6532244+02:00" testType="13cdc9d9-ddb5-4fa4-a97d-d965ccfc6d4b" outcome="Passed" testListId="8c84fa94-04c1-424b-9868-57a2d4851a1d" relativeResultsDirectory="8cd07f09-ce96-4e6f-a274-1aa4a117f702" />
    <UnitTestResult executionId="3fcf7068-5f36-49de-9a26-ccf243db1f28" testId="034f9192-5731-ab77-854c-d5ad3844ecab" testName="xUnitTestProject.CurrencyHelperTests.FormatToStringTest1000(price: 803.2448148733214, expected: &quot;803.24 zł&quot;)" computerName="DESKTOP-5URQ9PB" duration="00:00:00.0000039" startTime="2022-06-13T21:15:24.7178079+02:00" endTime="2022-06-13T21:15:24.7178081+02:00" testType="13cdc9d9-ddb5-4fa4-a97d-d965ccfc6d4b" outcome="Passed" testListId="8c84fa94-04c1-424b-9868-57a2d4851a1d" relativeResultsDirectory="3fcf7068-5f36-49de-9a26-ccf243db1f28" />
    <UnitTestResult executionId="f108f4c8-0506-4ef9-96a7-5362d5074925" testId="f7ba8e86-cb66-6ef4-d1cf-87def896d05b" testName="xUnitTestProject.CurrencyHelperTests.FormatToStringTest1000(price: 13508.811787825922, expected: &quot;13508.81 zł&quot;)" computerName="DESKTOP-5URQ9PB" duration="00:00:00.0000041" startTime="2022-06-13T21:15:24.7245883+02:00" endTime="2022-06-13T21:15:24.7245885+02:00" testType="13cdc9d9-ddb5-4fa4-a97d-d965ccfc6d4b" outcome="Passed" testListId="8c84fa94-04c1-424b-9868-57a2d4851a1d" relativeResultsDirectory="f108f4c8-0506-4ef9-96a7-5362d5074925" />
    <UnitTestResult executionId="8ec0d83c-a485-4087-852e-242f4b1484e2" testId="7704532e-ccf9-d396-cd75-b7b2cb63c0e8" testName="xUnitTestProject.CurrencyHelperTests.FormatToStringTest1000(price: 48449.85582609189, expected: &quot;48449.86 zł&quot;)" computerName="DESKTOP-5URQ9PB" duration="00:00:00.0000040" startTime="2022-06-13T21:15:24.6564933+02:00" endTime="2022-06-13T21:15:24.6564936+02:00" testType="13cdc9d9-ddb5-4fa4-a97d-d965ccfc6d4b" outcome="Passed" testListId="8c84fa94-04c1-424b-9868-57a2d4851a1d" relativeResultsDirectory="8ec0d83c-a485-4087-852e-242f4b1484e2" />
    <UnitTestResult executionId="c7a834a7-d06a-4bfd-813c-12ea7dc5aea6" testId="4487648c-7b44-bfaa-d7fb-20dd19782f71" testName="xUnitTestProject.CurrencyHelperTests.FormatToStringTest1000(price: 44361.82678515177, expected: &quot;44361.83 zł&quot;)" computerName="DESKTOP-5URQ9PB" duration="00:00:00.0000039" startTime="2022-06-13T21:15:24.6765289+02:00" endTime="2022-06-13T21:15:24.6765293+02:00" testType="13cdc9d9-ddb5-4fa4-a97d-d965ccfc6d4b" outcome="Passed" testListId="8c84fa94-04c1-424b-9868-57a2d4851a1d" relativeResultsDirectory="c7a834a7-d06a-4bfd-813c-12ea7dc5aea6" />
    <UnitTestResult executionId="4a1b6ff6-8f0d-43c8-84d7-72c6aa413092" testId="8f93d79c-66e7-77f7-7d43-554a5055be47" testName="xUnitTestProject.CurrencyHelperTests.FormatToStringTest1000(price: 2751.3751475258614, expected: &quot;2751.38 zł&quot;)" computerName="DESKTOP-5URQ9PB" duration="00:00:00.0000040" startTime="2022-06-13T21:15:24.6705978+02:00" endTime="2022-06-13T21:15:24.6705980+02:00" testType="13cdc9d9-ddb5-4fa4-a97d-d965ccfc6d4b" outcome="Passed" testListId="8c84fa94-04c1-424b-9868-57a2d4851a1d" relativeResultsDirectory="4a1b6ff6-8f0d-43c8-84d7-72c6aa413092" />
    <UnitTestResult executionId="3a7f0fbe-0cf7-4a0b-801d-458a8e3040db" testId="9f159054-0ade-aabd-0878-ac1771f3fda6" testName="xUnitTestProject.CurrencyHelperTests.FormatToStringTest1000(price: 395.45790295882983, expected: &quot;395.46 zł&quot;)" computerName="DESKTOP-5URQ9PB" duration="00:00:00.0000041" startTime="2022-06-13T21:15:24.6838174+02:00" endTime="2022-06-13T21:15:24.6838175+02:00" testType="13cdc9d9-ddb5-4fa4-a97d-d965ccfc6d4b" outcome="Passed" testListId="8c84fa94-04c1-424b-9868-57a2d4851a1d" relativeResultsDirectory="3a7f0fbe-0cf7-4a0b-801d-458a8e3040db" />
    <UnitTestResult executionId="ecdbe704-dcc1-4c51-a612-31aaa180864a" testId="7514081f-0084-9527-726e-372a541e02c5" testName="xUnitTestProject.CurrencyHelperTests.FormatToStringTest1000(price: 32632.105531036905, expected: &quot;32632.11 zł&quot;)" computerName="DESKTOP-5URQ9PB" duration="00:00:00.0000040" startTime="2022-06-13T21:15:24.6393836+02:00" endTime="2022-06-13T21:15:24.6393839+02:00" testType="13cdc9d9-ddb5-4fa4-a97d-d965ccfc6d4b" outcome="Passed" testListId="8c84fa94-04c1-424b-9868-57a2d4851a1d" relativeResultsDirectory="ecdbe704-dcc1-4c51-a612-31aaa180864a" />
    <UnitTestResult executionId="6e2f34b2-37aa-4fec-874a-f42de31ee79b" testId="38ee170e-2136-8164-8076-d7d266da6388" testName="xUnitTestProject.CurrencyHelperTests.FormatToStringTest1000(price: 19463.08761954917, expected: &quot;19463.09 zł&quot;)" computerName="DESKTOP-5URQ9PB" duration="00:00:00.0000041" startTime="2022-06-13T21:15:24.6805900+02:00" endTime="2022-06-13T21:15:24.6805902+02:00" testType="13cdc9d9-ddb5-4fa4-a97d-d965ccfc6d4b" outcome="Passed" testListId="8c84fa94-04c1-424b-9868-57a2d4851a1d" relativeResultsDirectory="6e2f34b2-37aa-4fec-874a-f42de31ee79b" />
    <UnitTestResult executionId="7bc1dd9f-c591-44fc-95c8-4b4dd2ec94fb" testId="f72783d9-64aa-50e2-fcd1-46f621632d5d" testName="xUnitTestProject.CurrencyHelperTests.FormatToStringTest1000(price: 13681.607566007231, expected: &quot;13681.61 zł&quot;)" computerName="DESKTOP-5URQ9PB" duration="00:00:00.0000041" startTime="2022-06-13T21:15:24.7030462+02:00" endTime="2022-06-13T21:15:24.7030463+02:00" testType="13cdc9d9-ddb5-4fa4-a97d-d965ccfc6d4b" outcome="Passed" testListId="8c84fa94-04c1-424b-9868-57a2d4851a1d" relativeResultsDirectory="7bc1dd9f-c591-44fc-95c8-4b4dd2ec94fb" />
    <UnitTestResult executionId="495b986f-9f36-4b87-95f5-21d019249165" testId="979704d6-636b-33ea-e33f-cc67613aefb0" testName="xUnitTestProject.CurrencyHelperTests.FormatToStringTest1000(price: 11829.625994884234, expected: &quot;11829.63 zł&quot;)" computerName="DESKTOP-5URQ9PB" duration="00:00:00.0000040" startTime="2022-06-13T21:15:24.6384870+02:00" endTime="2022-06-13T21:15:24.6384874+02:00" testType="13cdc9d9-ddb5-4fa4-a97d-d965ccfc6d4b" outcome="Passed" testListId="8c84fa94-04c1-424b-9868-57a2d4851a1d" relativeResultsDirectory="495b986f-9f36-4b87-95f5-21d019249165" />
    <UnitTestResult executionId="c3cc567f-6a69-4472-ada2-560acd4f120a" testId="df465776-c4f6-f76e-1fec-b3cfe705b591" testName="xUnitTestProject.CurrencyHelperTests.FormatToStringTest1000(price: 26468.346804109562, expected: &quot;26468.35 zł&quot;)" computerName="DESKTOP-5URQ9PB" duration="00:00:00.0000149" startTime="2022-06-13T21:15:24.6237082+02:00" endTime="2022-06-13T21:15:24.6237084+02:00" testType="13cdc9d9-ddb5-4fa4-a97d-d965ccfc6d4b" outcome="Passed" testListId="8c84fa94-04c1-424b-9868-57a2d4851a1d" relativeResultsDirectory="c3cc567f-6a69-4472-ada2-560acd4f120a" />
    <UnitTestResult executionId="b485ec3b-e3a4-4357-9019-5e58e92fb132" testId="fb66f3c8-a00d-4cfa-eac4-abc207e2c602" testName="xUnitTestProject.CurrencyHelperTests.FormatToStringTest1000(price: 801.5720517614726, expected: &quot;801.57 zł&quot;)" computerName="DESKTOP-5URQ9PB" duration="00:00:00.0000040" startTime="2022-06-13T21:15:24.7167689+02:00" endTime="2022-06-13T21:15:24.7167690+02:00" testType="13cdc9d9-ddb5-4fa4-a97d-d965ccfc6d4b" outcome="Passed" testListId="8c84fa94-04c1-424b-9868-57a2d4851a1d" relativeResultsDirectory="b485ec3b-e3a4-4357-9019-5e58e92fb132" />
    <UnitTestResult executionId="12558043-e14d-4b15-b1c2-2d28addbb7fc" testId="fe39f516-26c8-b34c-d7c3-8fcbe7da1ba2" testName="xUnitTestProject.CurrencyHelperTests.FormatToStringTest1000(price: 27893.312729890138, expected: &quot;27893.31 zł&quot;)" computerName="DESKTOP-5URQ9PB" duration="00:00:00.0000040" startTime="2022-06-13T21:15:24.6320471+02:00" endTime="2022-06-13T21:15:24.6320473+02:00" testType="13cdc9d9-ddb5-4fa4-a97d-d965ccfc6d4b" outcome="Passed" testListId="8c84fa94-04c1-424b-9868-57a2d4851a1d" relativeResultsDirectory="12558043-e14d-4b15-b1c2-2d28addbb7fc" />
    <UnitTestResult executionId="7ec91c18-4ed3-4770-8ae0-09ec5cd75fa2" testId="26c85a86-1383-9737-58c9-22fa784f7da5" testName="xUnitTestProject.CurrencyHelperTests.FormatToStringTest1000(price: 30020.248557890412, expected: &quot;30020.25 zł&quot;)" computerName="DESKTOP-5URQ9PB" duration="00:00:00.0000039" startTime="2022-06-13T21:15:24.6747854+02:00" endTime="2022-06-13T21:15:24.6747855+02:00" testType="13cdc9d9-ddb5-4fa4-a97d-d965ccfc6d4b" outcome="Passed" testListId="8c84fa94-04c1-424b-9868-57a2d4851a1d" relativeResultsDirectory="7ec91c18-4ed3-4770-8ae0-09ec5cd75fa2" />
    <UnitTestResult executionId="290270d1-4b53-49c3-b8a6-064b9c55dc88" testId="8783f986-8eac-ac9c-2b17-d1518f607836" testName="xUnitTestProject.CurrencyHelperTests.FormatToStringTest1000(price: 7789.7136237517525, expected: &quot;7789.71 zł&quot;)" computerName="DESKTOP-5URQ9PB" duration="00:00:00.0000041" startTime="2022-06-13T21:15:24.6415286+02:00" endTime="2022-06-13T21:15:24.6415288+02:00" testType="13cdc9d9-ddb5-4fa4-a97d-d965ccfc6d4b" outcome="Passed" testListId="8c84fa94-04c1-424b-9868-57a2d4851a1d" relativeResultsDirectory="290270d1-4b53-49c3-b8a6-064b9c55dc88" />
    <UnitTestResult executionId="4de90437-348f-4ff4-bf2e-96d8a754fcdc" testId="acda3d15-0e29-fc40-b0fc-fcddae081200" testName="xUnitTestProject.CurrencyHelperTests.FormatToStringTest1000(price: 39641.61351217451, expected: &quot;39641.61 zł&quot;)" computerName="DESKTOP-5URQ9PB" duration="00:00:00.0000045" startTime="2022-06-13T21:15:24.6043249+02:00" endTime="2022-06-13T21:15:24.6043251+02:00" testType="13cdc9d9-ddb5-4fa4-a97d-d965ccfc6d4b" outcome="Passed" testListId="8c84fa94-04c1-424b-9868-57a2d4851a1d" relativeResultsDirectory="4de90437-348f-4ff4-bf2e-96d8a754fcdc" />
    <UnitTestResult executionId="e40dfee2-88b9-470b-b4d2-f322f2e11c3c" testId="3b212d04-f6e8-ace9-1475-1632b0249f80" testName="xUnitTestProject.CurrencyHelperTests.FormatToStringTest1000(price: 70149.17842025738, expected: &quot;70149.18 zł&quot;)" computerName="DESKTOP-5URQ9PB" duration="00:00:00.0000041" startTime="2022-06-13T21:15:24.6642406+02:00" endTime="2022-06-13T21:15:24.6642408+02:00" testType="13cdc9d9-ddb5-4fa4-a97d-d965ccfc6d4b" outcome="Passed" testListId="8c84fa94-04c1-424b-9868-57a2d4851a1d" relativeResultsDirectory="e40dfee2-88b9-470b-b4d2-f322f2e11c3c" />
    <UnitTestResult executionId="21be81f3-b866-4a46-ace1-7d27aaa7b8fb" testId="2cd8497b-7c7c-c528-555b-f107e750a1a0" testName="xUnitTestProject.CurrencyHelperTests.FormatToStringTest1000(price: 31315.40354898544, expected: &quot;31315.40 zł&quot;)" computerName="DESKTOP-5URQ9PB" duration="00:00:00.0000052" startTime="2022-06-13T21:15:24.6697213+02:00" endTime="2022-06-13T21:15:24.6697215+02:00" testType="13cdc9d9-ddb5-4fa4-a97d-d965ccfc6d4b" outcome="Passed" testListId="8c84fa94-04c1-424b-9868-57a2d4851a1d" relativeResultsDirectory="21be81f3-b866-4a46-ace1-7d27aaa7b8fb" />
    <UnitTestResult executionId="4b67733f-50cb-4210-9624-31996d200bee" testId="a89532f2-9366-df90-5e03-76517aae2ef6" testName="xUnitTestProject.CurrencyHelperTests.FormatToStringTest1000(price: 50585.83664522778, expected: &quot;50585.84 zł&quot;)" computerName="DESKTOP-5URQ9PB" duration="00:00:00.0000039" startTime="2022-06-13T21:15:24.6602492+02:00" endTime="2022-06-13T21:15:24.6602493+02:00" testType="13cdc9d9-ddb5-4fa4-a97d-d965ccfc6d4b" outcome="Passed" testListId="8c84fa94-04c1-424b-9868-57a2d4851a1d" relativeResultsDirectory="4b67733f-50cb-4210-9624-31996d200bee" />
    <UnitTestResult executionId="d2fa4390-9491-401b-b454-736a8bcb88b6" testId="c8c9567a-0791-4ff6-39a0-7fa2a22ff301" testName="xUnitTestProject.CurrencyHelperTests.FormatToStringTest1000(price: 29845.02749849345, expected: &quot;29845.03 zł&quot;)" computerName="DESKTOP-5URQ9PB" duration="00:00:00.0000040" startTime="2022-06-13T21:15:24.7267185+02:00" endTime="2022-06-13T21:15:24.7267187+02:00" testType="13cdc9d9-ddb5-4fa4-a97d-d965ccfc6d4b" outcome="Passed" testListId="8c84fa94-04c1-424b-9868-57a2d4851a1d" relativeResultsDirectory="d2fa4390-9491-401b-b454-736a8bcb88b6" />
    <UnitTestResult executionId="4e889833-d105-4b14-8c45-7c0c0dd441a0" testId="aa0b789a-9fae-e4e5-e891-6c71af0ebd35" testName="xUnitTestProject.CurrencyHelperTests.FormatToStringTest1000(price: 5287.3103648714305, expected: &quot;5287.31 zł&quot;)" computerName="DESKTOP-5URQ9PB" duration="00:00:00.0000041" startTime="2022-06-13T21:15:24.6907691+02:00" endTime="2022-06-13T21:15:24.6907693+02:00" testType="13cdc9d9-ddb5-4fa4-a97d-d965ccfc6d4b" outcome="Passed" testListId="8c84fa94-04c1-424b-9868-57a2d4851a1d" relativeResultsDirectory="4e889833-d105-4b14-8c45-7c0c0dd441a0" />
    <UnitTestResult executionId="c63bc1f4-27c9-440d-8d62-396dace087aa" testId="128fe360-ca56-c4c9-0f07-7350435e34a3" testName="xUnitTestProject.CurrencyHelperTests.FormatToStringTest1000(price: 16208.076866391615, expected: &quot;16208.08 zł&quot;)" computerName="DESKTOP-5URQ9PB" duration="00:00:00.0000041" startTime="2022-06-13T21:15:24.6258682+02:00" endTime="2022-06-13T21:15:24.6258684+02:00" testType="13cdc9d9-ddb5-4fa4-a97d-d965ccfc6d4b" outcome="Passed" testListId="8c84fa94-04c1-424b-9868-57a2d4851a1d" relativeResultsDirectory="c63bc1f4-27c9-440d-8d62-396dace087aa" />
    <UnitTestResult executionId="16bfdda4-0e84-4f78-a831-9d4e251896cb" testId="7848596b-c8d5-bd4c-d7fe-380e3b0f13fa" testName="xUnitTestProject.CurrencyHelperTests.FormatToStringTest1000(price: 15509.637406484986, expected: &quot;15509.64 zł&quot;)" computerName="DESKTOP-5URQ9PB" duration="00:00:00.0000044" startTime="2022-06-13T21:15:24.7168614+02:00" endTime="2022-06-13T21:15:24.7168616+02:00" testType="13cdc9d9-ddb5-4fa4-a97d-d965ccfc6d4b" outcome="Passed" testListId="8c84fa94-04c1-424b-9868-57a2d4851a1d" relativeResultsDirectory="16bfdda4-0e84-4f78-a831-9d4e251896cb" />
    <UnitTestResult executionId="1d194474-1508-4d58-b1dd-d5ac5388021e" testId="015022db-d96e-2b60-5477-1c6f1fa9a487" testName="xUnitTestProject.CurrencyHelperTests.FormatToStringTest1000(price: 1328.353302088265, expected: &quot;1328.35 zł&quot;)" computerName="DESKTOP-5URQ9PB" duration="00:00:00.0000041" startTime="2022-06-13T21:15:24.6999295+02:00" endTime="2022-06-13T21:15:24.6999296+02:00" testType="13cdc9d9-ddb5-4fa4-a97d-d965ccfc6d4b" outcome="Passed" testListId="8c84fa94-04c1-424b-9868-57a2d4851a1d" relativeResultsDirectory="1d194474-1508-4d58-b1dd-d5ac5388021e" />
    <UnitTestResult executionId="500e17c0-d679-4a4c-ac7d-418df9c9f077" testId="d9592df4-0966-3c3a-722c-1595fa840f06" testName="xUnitTestProject.CurrencyHelperTests.FormatToStringTest1000(price: 37114.901517336206, expected: &quot;37114.90 zł&quot;)" computerName="DESKTOP-5URQ9PB" duration="00:00:00.0000041" startTime="2022-06-13T21:15:24.7087579+02:00" endTime="2022-06-13T21:15:24.7087581+02:00" testType="13cdc9d9-ddb5-4fa4-a97d-d965ccfc6d4b" outcome="Passed" testListId="8c84fa94-04c1-424b-9868-57a2d4851a1d" relativeResultsDirectory="500e17c0-d679-4a4c-ac7d-418df9c9f077" />
    <UnitTestResult executionId="00612eac-8aa3-4fd6-8ed9-768934750ac2" testId="0010af2c-264b-9fa0-ca85-4bef95661f34" testName="xUnitTestProject.CurrencyHelperTests.FormatToStringTest1000(price: 27506.397047390416, expected: &quot;27506.40 zł&quot;)" computerName="DESKTOP-5URQ9PB" duration="00:00:00.0000039" startTime="2022-06-13T21:15:24.7177145+02:00" endTime="2022-06-13T21:15:24.7177146+02:00" testType="13cdc9d9-ddb5-4fa4-a97d-d965ccfc6d4b" outcome="Passed" testListId="8c84fa94-04c1-424b-9868-57a2d4851a1d" relativeResultsDirectory="00612eac-8aa3-4fd6-8ed9-768934750ac2" />
    <UnitTestResult executionId="bf019b10-6e25-4824-a682-7bef4821f751" testId="2253269e-957f-9bba-378c-fb3e844bd0a1" testName="xUnitTestProject.CurrencyHelperTests.FormatToStringTest1000(price: 13027.93935961739, expected: &quot;13027.94 zł&quot;)" computerName="DESKTOP-5URQ9PB" duration="00:00:00.0000041" startTime="2022-06-13T21:15:24.6817024+02:00" endTime="2022-06-13T21:15:24.6817025+02:00" testType="13cdc9d9-ddb5-4fa4-a97d-d965ccfc6d4b" outcome="Passed" testListId="8c84fa94-04c1-424b-9868-57a2d4851a1d" relativeResultsDirectory="bf019b10-6e25-4824-a682-7bef4821f751" />
    <UnitTestResult executionId="9118a473-05dc-4938-8aa2-efb35ebdd4ea" testId="e6f6cc53-8c3a-da20-bc77-8b2d112d8374" testName="xUnitTestProject.CurrencyHelperTests.FormatToStringTest1000(price: 6170.939441211959, expected: &quot;6170.94 zł&quot;)" computerName="DESKTOP-5URQ9PB" duration="00:00:00.0000041" startTime="2022-06-13T21:15:24.6545201+02:00" endTime="2022-06-13T21:15:24.6545203+02:00" testType="13cdc9d9-ddb5-4fa4-a97d-d965ccfc6d4b" outcome="Passed" testListId="8c84fa94-04c1-424b-9868-57a2d4851a1d" relativeResultsDirectory="9118a473-05dc-4938-8aa2-efb35ebdd4ea" />
    <UnitTestResult executionId="413208f9-8e87-4bfe-a886-24f0f943fa1c" testId="25b36055-f21f-fb6a-b7ef-81ccf96dd2b6" testName="xUnitTestProject.CurrencyHelperTests.FormatToStringTest1000(price: 46898.00219497783, expected: &quot;46898.00 zł&quot;)" computerName="DESKTOP-5URQ9PB" duration="00:00:00.0000041" startTime="2022-06-13T21:15:24.7275730+02:00" endTime="2022-06-13T21:15:24.7275732+02:00" testType="13cdc9d9-ddb5-4fa4-a97d-d965ccfc6d4b" outcome="Passed" testListId="8c84fa94-04c1-424b-9868-57a2d4851a1d" relativeResultsDirectory="413208f9-8e87-4bfe-a886-24f0f943fa1c" />
    <UnitTestResult executionId="8e1d068a-882f-4034-ab3f-f6c59842050f" testId="632872cf-9e7c-9970-9f88-5a4077b29ff5" testName="xUnitTestProject.CurrencyHelperTests.FormatToStringTest1000(price: 10762.501695533518, expected: &quot;10762.50 zł&quot;)" computerName="DESKTOP-5URQ9PB" duration="00:00:00.0000044" startTime="2022-06-13T21:15:24.6856898+02:00" endTime="2022-06-13T21:15:24.6856900+02:00" testType="13cdc9d9-ddb5-4fa4-a97d-d965ccfc6d4b" outcome="Passed" testListId="8c84fa94-04c1-424b-9868-57a2d4851a1d" relativeResultsDirectory="8e1d068a-882f-4034-ab3f-f6c59842050f" />
    <UnitTestResult executionId="13276eaf-180e-4d13-b7ca-19ac61a61054" testId="aae9a2f6-c5ae-d742-7ea5-60de6dc3d9cf" testName="xUnitTestProject.CurrencyHelperTests.FormatToStringTest1000(price: 34096.337879508894, expected: &quot;34096.34 zł&quot;)" computerName="DESKTOP-5URQ9PB" duration="00:00:00.0000040" startTime="2022-06-13T21:15:24.7068902+02:00" endTime="2022-06-13T21:15:24.7068903+02:00" testType="13cdc9d9-ddb5-4fa4-a97d-d965ccfc6d4b" outcome="Passed" testListId="8c84fa94-04c1-424b-9868-57a2d4851a1d" relativeResultsDirectory="13276eaf-180e-4d13-b7ca-19ac61a61054" />
    <UnitTestResult executionId="6e72fb7c-4e5f-4734-beac-6f9cd28082e2" testId="f308d529-c66b-0a68-1a35-9384b1697bbf" testName="xUnitTestProject.CurrencyHelperTests.FormatToStringTest1000(price: 30807.823896702295, expected: &quot;30807.82 zł&quot;)" computerName="DESKTOP-5URQ9PB" duration="00:00:00.0000040" startTime="2022-06-13T21:15:24.7028213+02:00" endTime="2022-06-13T21:15:24.7028217+02:00" testType="13cdc9d9-ddb5-4fa4-a97d-d965ccfc6d4b" outcome="Passed" testListId="8c84fa94-04c1-424b-9868-57a2d4851a1d" relativeResultsDirectory="6e72fb7c-4e5f-4734-beac-6f9cd28082e2" />
    <UnitTestResult executionId="bbf299b0-0fa7-4d1a-a4b0-8933dff6e058" testId="d633a901-6eef-f5d7-952c-569ae3ddce8f" testName="xUnitTestProject.CurrencyHelperTests.FormatToStringTest1000(price: 18023.78504577455, expected: &quot;18023.79 zł&quot;)" computerName="DESKTOP-5URQ9PB" duration="00:00:00.0000041" startTime="2022-06-13T21:15:24.6915620+02:00" endTime="2022-06-13T21:15:24.6915621+02:00" testType="13cdc9d9-ddb5-4fa4-a97d-d965ccfc6d4b" outcome="Passed" testListId="8c84fa94-04c1-424b-9868-57a2d4851a1d" relativeResultsDirectory="bbf299b0-0fa7-4d1a-a4b0-8933dff6e058" />
    <UnitTestResult executionId="92559ef9-20bd-4b72-a0b8-6720b128df24" testId="2f04d734-6778-0b79-9d14-d79b1e3bb130" testName="xUnitTestProject.CurrencyHelperTests.FormatToStringTest1000(price: 12871.381729632794, expected: &quot;12871.38 zł&quot;)" computerName="DESKTOP-5URQ9PB" duration="00:00:00.0000082" startTime="2022-06-13T21:15:24.7117334+02:00" endTime="2022-06-13T21:15:24.7117336+02:00" testType="13cdc9d9-ddb5-4fa4-a97d-d965ccfc6d4b" outcome="Passed" testListId="8c84fa94-04c1-424b-9868-57a2d4851a1d" relativeResultsDirectory="92559ef9-20bd-4b72-a0b8-6720b128df24" />
    <UnitTestResult executionId="6c8cc88f-5c98-468b-805b-83171ce32a25" testId="2ff6532c-932c-742b-a63d-f74c12776c60" testName="xUnitTestProject.CurrencyHelperTests.FormatToStringTest1000(price: 22459.530444447664, expected: &quot;22459.53 zł&quot;)" computerName="DESKTOP-5URQ9PB" duration="00:00:00.0000041" startTime="2022-06-13T21:15:24.6300089+02:00" endTime="2022-06-13T21:15:24.6300091+02:00" testType="13cdc9d9-ddb5-4fa4-a97d-d965ccfc6d4b" outcome="Passed" testListId="8c84fa94-04c1-424b-9868-57a2d4851a1d" relativeResultsDirectory="6c8cc88f-5c98-468b-805b-83171ce32a25" />
    <UnitTestResult executionId="db9f1bed-8457-4155-b8db-8c68b1021db4" testId="59fa5d82-f5a4-cb1c-ec41-0422b5d07418" testName="xUnitTestProject.CurrencyHelperTests.FormatToStringTest1000(price: 3846.644792262765, expected: &quot;3846.64 zł&quot;)" computerName="DESKTOP-5URQ9PB" duration="00:00:00.0000041" startTime="2022-06-13T21:15:24.6194261+02:00" endTime="2022-06-13T21:15:24.6194263+02:00" testType="13cdc9d9-ddb5-4fa4-a97d-d965ccfc6d4b" outcome="Passed" testListId="8c84fa94-04c1-424b-9868-57a2d4851a1d" relativeResultsDirectory="db9f1bed-8457-4155-b8db-8c68b1021db4" />
    <UnitTestResult executionId="07df9902-c22e-4f8f-8407-e5e161385b7e" testId="1dbbe335-bc13-7d9d-496f-d39e25173610" testName="xUnitTestProject.CurrencyHelperTests.FormatToStringTest1000(price: 57809.74722876295, expected: &quot;57809.75 zł&quot;)" computerName="DESKTOP-5URQ9PB" duration="00:00:00.0000041" startTime="2022-06-13T21:15:24.6979134+02:00" endTime="2022-06-13T21:15:24.6979141+02:00" testType="13cdc9d9-ddb5-4fa4-a97d-d965ccfc6d4b" outcome="Passed" testListId="8c84fa94-04c1-424b-9868-57a2d4851a1d" relativeResultsDirectory="07df9902-c22e-4f8f-8407-e5e161385b7e" />
    <UnitTestResult executionId="d4929494-d034-495a-b012-7ff32ea69c5d" testId="bcd181d1-3270-76f5-9678-f35a85b0fff1" testName="xUnitTestProject.CurrencyHelperTests.FormatToStringTest1000(price: 9558.453124931293, expected: &quot;9558.45 zł&quot;)" computerName="DESKTOP-5URQ9PB" duration="00:00:00.0000041" startTime="2022-06-13T21:15:24.7118597+02:00" endTime="2022-06-13T21:15:24.7118599+02:00" testType="13cdc9d9-ddb5-4fa4-a97d-d965ccfc6d4b" outcome="Passed" testListId="8c84fa94-04c1-424b-9868-57a2d4851a1d" relativeResultsDirectory="d4929494-d034-495a-b012-7ff32ea69c5d" />
    <UnitTestResult executionId="3d431286-176e-43c5-93ec-e9baa307ac45" testId="5021544e-bd06-1c2d-b3df-c21b577ebfa2" testName="xUnitTestProject.CurrencyHelperTests.FormatToStringTest1000(price: 50550.645020282194, expected: &quot;50550.65 zł&quot;)" computerName="DESKTOP-5URQ9PB" duration="00:00:00.0000041" startTime="2022-06-13T21:15:24.6838489+02:00" endTime="2022-06-13T21:15:24.6838490+02:00" testType="13cdc9d9-ddb5-4fa4-a97d-d965ccfc6d4b" outcome="Passed" testListId="8c84fa94-04c1-424b-9868-57a2d4851a1d" relativeResultsDirectory="3d431286-176e-43c5-93ec-e9baa307ac45" />
    <UnitTestResult executionId="aca13431-cab5-4111-ac61-f829c0467312" testId="cb98657e-ea81-1d6a-4868-0d493c1098f6" testName="xUnitTestProject.CurrencyHelperTests.FormatToStringTest1000(price: 11871.427211910219, expected: &quot;11871.43 zł&quot;)" computerName="DESKTOP-5URQ9PB" duration="00:00:00.0000040" startTime="2022-06-13T21:15:24.6935393+02:00" endTime="2022-06-13T21:15:24.6935395+02:00" testType="13cdc9d9-ddb5-4fa4-a97d-d965ccfc6d4b" outcome="Passed" testListId="8c84fa94-04c1-424b-9868-57a2d4851a1d" relativeResultsDirectory="aca13431-cab5-4111-ac61-f829c0467312" />
    <UnitTestResult executionId="3059c076-aef8-41b1-baff-1bf718e61289" testId="e0c34032-6c79-2d9c-b6af-6955c63a9e30" testName="xUnitTestProject.CurrencyHelperTests.FormatToStringTest1000(price: 47672.66266041652, expected: &quot;47672.66 zł&quot;)" computerName="DESKTOP-5URQ9PB" duration="00:00:00.0000039" startTime="2022-06-13T21:15:24.7255534+02:00" endTime="2022-06-13T21:15:24.7255538+02:00" testType="13cdc9d9-ddb5-4fa4-a97d-d965ccfc6d4b" outcome="Passed" testListId="8c84fa94-04c1-424b-9868-57a2d4851a1d" relativeResultsDirectory="3059c076-aef8-41b1-baff-1bf718e61289" />
    <UnitTestResult executionId="0c89bb0c-7880-4ece-aaeb-a9335457fe99" testId="a23aab13-e7cd-0855-c1ee-3a27796bc390" testName="xUnitTestProject.CurrencyHelperTests.FormatToStringTest1000(price: 32821.05661472215, expected: &quot;32821.06 zł&quot;)" computerName="DESKTOP-5URQ9PB" duration="00:00:00.0000040" startTime="2022-06-13T21:15:24.7148435+02:00" endTime="2022-06-13T21:15:24.7148436+02:00" testType="13cdc9d9-ddb5-4fa4-a97d-d965ccfc6d4b" outcome="Passed" testListId="8c84fa94-04c1-424b-9868-57a2d4851a1d" relativeResultsDirectory="0c89bb0c-7880-4ece-aaeb-a9335457fe99" />
    <UnitTestResult executionId="0379e620-b076-46ee-8ace-3b5a768e70bc" testId="5ecde283-9d6a-9ecb-81fe-93b9560f7b73" testName="xUnitTestProject.CurrencyHelperTests.FormatToStringTest1000(price: 15669.698889610218, expected: &quot;15669.70 zł&quot;)" computerName="DESKTOP-5URQ9PB" duration="00:00:00.0000040" startTime="2022-06-13T21:15:24.6258061+02:00" endTime="2022-06-13T21:15:24.6258062+02:00" testType="13cdc9d9-ddb5-4fa4-a97d-d965ccfc6d4b" outcome="Passed" testListId="8c84fa94-04c1-424b-9868-57a2d4851a1d" relativeResultsDirectory="0379e620-b076-46ee-8ace-3b5a768e70bc" />
    <UnitTestResult executionId="10a6330f-e10f-4f2b-abf9-291714130d6d" testId="e6ee2e42-d693-5a92-34f3-83564b601337" testName="xUnitTestProject.CurrencyHelperTests.FormatToStringTest1000(price: 51408.294679657694, expected: &quot;51408.29 zł&quot;)" computerName="DESKTOP-5URQ9PB" duration="00:00:00.0000041" startTime="2022-06-13T21:15:24.6414951+02:00" endTime="2022-06-13T21:15:24.6414955+02:00" testType="13cdc9d9-ddb5-4fa4-a97d-d965ccfc6d4b" outcome="Passed" testListId="8c84fa94-04c1-424b-9868-57a2d4851a1d" relativeResultsDirectory="10a6330f-e10f-4f2b-abf9-291714130d6d" />
    <UnitTestResult executionId="1400186a-9fd1-4731-abaa-b216c9fffa0d" testId="b5a6747d-aa6b-3b3a-779c-c378aea09cd8" testName="xUnitTestProject.CurrencyHelperTests.FormatToStringTest1000(price: 782.6578288817116, expected: &quot;782.66 zł&quot;)" computerName="DESKTOP-5URQ9PB" duration="00:00:00.0000041" startTime="2022-06-13T21:15:24.7126835+02:00" endTime="2022-06-13T21:15:24.7126837+02:00" testType="13cdc9d9-ddb5-4fa4-a97d-d965ccfc6d4b" outcome="Passed" testListId="8c84fa94-04c1-424b-9868-57a2d4851a1d" relativeResultsDirectory="1400186a-9fd1-4731-abaa-b216c9fffa0d" />
    <UnitTestResult executionId="fdc7926a-9e64-4bc7-aee0-4a0938110092" testId="e3939992-ed7f-a290-3278-0cb23f85c16d" testName="xUnitTestProject.CurrencyHelperTests.FormatToStringTest1000(price: 27027.327683509946, expected: &quot;27027.33 zł&quot;)" computerName="DESKTOP-5URQ9PB" duration="00:00:00.0000040" startTime="2022-06-13T21:15:24.6395563+02:00" endTime="2022-06-13T21:15:24.6395564+02:00" testType="13cdc9d9-ddb5-4fa4-a97d-d965ccfc6d4b" outcome="Passed" testListId="8c84fa94-04c1-424b-9868-57a2d4851a1d" relativeResultsDirectory="fdc7926a-9e64-4bc7-aee0-4a0938110092" />
    <UnitTestResult executionId="6b01d244-3eda-4531-8b40-c059cad5e0b4" testId="72b4af26-389d-d3a5-e933-0620092c06be" testName="xUnitTestProject.CurrencyHelperTests.FormatToStringTest1000(price: 2835.0728237931958, expected: &quot;2835.07 zł&quot;)" computerName="DESKTOP-5URQ9PB" duration="00:00:00.0000041" startTime="2022-06-13T21:15:24.6502705+02:00" endTime="2022-06-13T21:15:24.6502707+02:00" testType="13cdc9d9-ddb5-4fa4-a97d-d965ccfc6d4b" outcome="Passed" testListId="8c84fa94-04c1-424b-9868-57a2d4851a1d" relativeResultsDirectory="6b01d244-3eda-4531-8b40-c059cad5e0b4" />
    <UnitTestResult executionId="453e0ba5-ce34-4068-8e18-54a6fd38c5b1" testId="d14fe452-c75b-8f8a-1e11-a88113e31ccc" testName="xUnitTestProject.CurrencyHelperTests.FormatToStringTest1000(price: 40913.016669489916, expected: &quot;40913.02 zł&quot;)" computerName="DESKTOP-5URQ9PB" duration="00:00:00.0000040" startTime="2022-06-13T21:15:24.6514017+02:00" endTime="2022-06-13T21:15:24.6514018+02:00" testType="13cdc9d9-ddb5-4fa4-a97d-d965ccfc6d4b" outcome="Passed" testListId="8c84fa94-04c1-424b-9868-57a2d4851a1d" relativeResultsDirectory="453e0ba5-ce34-4068-8e18-54a6fd38c5b1" />
    <UnitTestResult executionId="d0285621-4561-444b-a68c-fac7d18d6a34" testId="578b5b4c-08d1-6f2c-3cf8-070bb75c9b96" testName="xUnitTestProject.CurrencyHelperTests.FormatToStringTest1000(price: 70432.00656616595, expected: &quot;70432.01 zł&quot;)" computerName="DESKTOP-5URQ9PB" duration="00:00:00.0000040" startTime="2022-06-13T21:15:24.6738051+02:00" endTime="2022-06-13T21:15:24.6738053+02:00" testType="13cdc9d9-ddb5-4fa4-a97d-d965ccfc6d4b" outcome="Passed" testListId="8c84fa94-04c1-424b-9868-57a2d4851a1d" relativeResultsDirectory="d0285621-4561-444b-a68c-fac7d18d6a34" />
    <UnitTestResult executionId="e52a25d7-145e-4d87-83f6-c6050f02c25a" testId="b818a661-8c39-b04d-aea0-c8bf6f965ed2" testName="xUnitTestProject.CurrencyHelperTests.FormatToStringTest1000(price: 4030.673117592313, expected: &quot;4030.67 zł&quot;)" computerName="DESKTOP-5URQ9PB" duration="00:00:00.0000040" startTime="2022-06-13T21:15:24.6493562+02:00" endTime="2022-06-13T21:15:24.6493563+02:00" testType="13cdc9d9-ddb5-4fa4-a97d-d965ccfc6d4b" outcome="Passed" testListId="8c84fa94-04c1-424b-9868-57a2d4851a1d" relativeResultsDirectory="e52a25d7-145e-4d87-83f6-c6050f02c25a" />
    <UnitTestResult executionId="450081eb-cd5d-4bc5-9f8b-7f373f6e6f6a" testId="f015f451-5073-33ab-39c2-17ab900bf337" testName="xUnitTestProject.CurrencyHelperTests.FormatToStringTest1000(price: 25720.27551496321, expected: &quot;25720.28 zł&quot;)" computerName="DESKTOP-5URQ9PB" duration="00:00:00.0000040" startTime="2022-06-13T21:15:24.6534492+02:00" endTime="2022-06-13T21:15:24.6534494+02:00" testType="13cdc9d9-ddb5-4fa4-a97d-d965ccfc6d4b" outcome="Passed" testListId="8c84fa94-04c1-424b-9868-57a2d4851a1d" relativeResultsDirectory="450081eb-cd5d-4bc5-9f8b-7f373f6e6f6a" />
    <UnitTestResult executionId="3f1aa12a-9448-41c4-9c54-70ee3d9c927c" testId="20607095-992d-3bf7-849c-32032c3b5657" testName="xUnitTestProject.CurrencyHelperTests.FormatToStringTest1000(price: 10174.652801423637, expected: &quot;10174.65 zł&quot;)" computerName="DESKTOP-5URQ9PB" duration="00:00:00.0000040" startTime="2022-06-13T21:15:24.7079195+02:00" endTime="2022-06-13T21:15:24.7079196+02:00" testType="13cdc9d9-ddb5-4fa4-a97d-d965ccfc6d4b" outcome="Passed" testListId="8c84fa94-04c1-424b-9868-57a2d4851a1d" relativeResultsDirectory="3f1aa12a-9448-41c4-9c54-70ee3d9c927c" />
    <UnitTestResult executionId="6a52b20c-341a-460b-b93d-b007cc18bed1" testId="caf33f47-4d9c-c378-9883-273199a79b1e" testName="xUnitTestProject.CurrencyHelperTests.FormatToStringTest1000(price: 11181.228339251702, expected: &quot;11181.23 zł&quot;)" computerName="DESKTOP-5URQ9PB" duration="00:00:00.0000041" startTime="2022-06-13T21:15:24.7116335+02:00" endTime="2022-06-13T21:15:24.7116339+02:00" testType="13cdc9d9-ddb5-4fa4-a97d-d965ccfc6d4b" outcome="Passed" testListId="8c84fa94-04c1-424b-9868-57a2d4851a1d" relativeResultsDirectory="6a52b20c-341a-460b-b93d-b007cc18bed1" />
    <UnitTestResult executionId="c260ebc3-fcb5-4ef8-86b8-29b0c1c97675" testId="2b8726cc-d2f8-9e6e-5458-ee24b8425f17" testName="xUnitTestProject.CurrencyHelperTests.FormatToStringTest1000(price: 7592.950837113406, expected: &quot;7592.95 zł&quot;)" computerName="DESKTOP-5URQ9PB" duration="00:00:00.0000041" startTime="2022-06-13T21:15:24.7176835+02:00" endTime="2022-06-13T21:15:24.7176836+02:00" testType="13cdc9d9-ddb5-4fa4-a97d-d965ccfc6d4b" outcome="Passed" testListId="8c84fa94-04c1-424b-9868-57a2d4851a1d" relativeResultsDirectory="c260ebc3-fcb5-4ef8-86b8-29b0c1c97675" />
    <UnitTestResult executionId="c76128b4-5da6-4ab5-a3ed-58f9882f6e1c" testId="2a896644-50d0-a8ac-de47-7ac4676c290e" testName="xUnitTestProject.CurrencyHelperTests.FormatToStringTest1000(price: 6027.66019266828, expected: &quot;6027.66 zł&quot;)" computerName="DESKTOP-5URQ9PB" duration="00:00:00.0000040" startTime="2022-06-13T21:15:24.6604062+02:00" endTime="2022-06-13T21:15:24.6604063+02:00" testType="13cdc9d9-ddb5-4fa4-a97d-d965ccfc6d4b" outcome="Passed" testListId="8c84fa94-04c1-424b-9868-57a2d4851a1d" relativeResultsDirectory="c76128b4-5da6-4ab5-a3ed-58f9882f6e1c" />
    <UnitTestResult executionId="76a2448a-f06a-450f-908c-ae62f2b54631" testId="170260b6-6610-99a8-adfb-d2dcbd80a40f" testName="xUnitTestProject.CurrencyHelperTests.FormatToStringTest1000(price: 7370.518277515898, expected: &quot;7370.52 zł&quot;)" computerName="DESKTOP-5URQ9PB" duration="00:00:00.0000040" startTime="2022-06-13T21:15:24.7186197+02:00" endTime="2022-06-13T21:15:24.7186198+02:00" testType="13cdc9d9-ddb5-4fa4-a97d-d965ccfc6d4b" outcome="Passed" testListId="8c84fa94-04c1-424b-9868-57a2d4851a1d" relativeResultsDirectory="76a2448a-f06a-450f-908c-ae62f2b54631" />
    <UnitTestResult executionId="1da62633-6490-4cfd-9ff4-f07d6eda6018" testId="1a5071af-adad-5910-41be-cb866364cc7d" testName="xUnitTestProject.CurrencyHelperTests.FormatToStringTest1000(price: 46790.41011887715, expected: &quot;46790.41 zł&quot;)" computerName="DESKTOP-5URQ9PB" duration="00:00:00.0000062" startTime="2022-06-13T21:15:24.6886876+02:00" endTime="2022-06-13T21:15:24.6886877+02:00" testType="13cdc9d9-ddb5-4fa4-a97d-d965ccfc6d4b" outcome="Passed" testListId="8c84fa94-04c1-424b-9868-57a2d4851a1d" relativeResultsDirectory="1da62633-6490-4cfd-9ff4-f07d6eda6018" />
    <UnitTestResult executionId="6b797bb5-3096-4244-9e68-43cde4d8e9f7" testId="31700bf4-6510-c80b-a8c1-214e5c472432" testName="xUnitTestProject.CurrencyHelperTests.FormatToStringTest1000(price: 6676.5680544784145, expected: &quot;6676.57 zł&quot;)" computerName="DESKTOP-5URQ9PB" duration="00:00:00.0000041" startTime="2022-06-13T21:15:24.6330473+02:00" endTime="2022-06-13T21:15:24.6330475+02:00" testType="13cdc9d9-ddb5-4fa4-a97d-d965ccfc6d4b" outcome="Passed" testListId="8c84fa94-04c1-424b-9868-57a2d4851a1d" relativeResultsDirectory="6b797bb5-3096-4244-9e68-43cde4d8e9f7" />
    <UnitTestResult executionId="2dcc2338-609d-4bda-a77e-e18d8c4bb80f" testId="4cc08620-7636-5b0e-e6ce-7fa1f27effef" testName="xUnitTestProject.CurrencyHelperTests.FormatToStringTest1000(price: 22189.78731674132, expected: &quot;22189.79 zł&quot;)" computerName="DESKTOP-5URQ9PB" duration="00:00:00.0000048" startTime="2022-06-13T21:15:24.7217242+02:00" endTime="2022-06-13T21:15:24.7217244+02:00" testType="13cdc9d9-ddb5-4fa4-a97d-d965ccfc6d4b" outcome="Passed" testListId="8c84fa94-04c1-424b-9868-57a2d4851a1d" relativeResultsDirectory="2dcc2338-609d-4bda-a77e-e18d8c4bb80f" />
    <UnitTestResult executionId="81dfbfe0-5502-4b1c-9d53-2cea4e787ca4" testId="ae0a2a8f-7404-db1c-88e4-d4970f3642af" testName="xUnitTestProject.CurrencyHelperTests.FormatToStringTest1000(price: 45340.017357165, expected: &quot;45340.02 zł&quot;)" computerName="DESKTOP-5URQ9PB" duration="00:00:00.0000040" startTime="2022-06-13T21:15:24.6653482+02:00" endTime="2022-06-13T21:15:24.6653483+02:00" testType="13cdc9d9-ddb5-4fa4-a97d-d965ccfc6d4b" outcome="Passed" testListId="8c84fa94-04c1-424b-9868-57a2d4851a1d" relativeResultsDirectory="81dfbfe0-5502-4b1c-9d53-2cea4e787ca4" />
    <UnitTestResult executionId="dfc93f5c-e50b-4946-9d76-68d0346d9df5" testId="302cac3a-acd8-63e7-21fb-e5689524a492" testName="xUnitTestProject.CurrencyHelperTests.FormatToStringTest1000(price: 22678.643495744862, expected: &quot;22678.64 zł&quot;)" computerName="DESKTOP-5URQ9PB" duration="00:00:00.0000041" startTime="2022-06-13T21:15:24.7296108+02:00" endTime="2022-06-13T21:15:24.7296109+02:00" testType="13cdc9d9-ddb5-4fa4-a97d-d965ccfc6d4b" outcome="Passed" testListId="8c84fa94-04c1-424b-9868-57a2d4851a1d" relativeResultsDirectory="dfc93f5c-e50b-4946-9d76-68d0346d9df5" />
    <UnitTestResult executionId="12d48d1d-d95b-4fb7-a837-1eef5fc1706e" testId="17903115-6688-8f7d-0f17-6bed61c91258" testName="xUnitTestProject.CurrencyHelperTests.FormatToStringTest1000(price: 11796.576829059317, expected: &quot;11796.58 zł&quot;)" computerName="DESKTOP-5URQ9PB" duration="00:00:00.0000041" startTime="2022-06-13T21:15:24.7059171+02:00" endTime="2022-06-13T21:15:24.7059173+02:00" testType="13cdc9d9-ddb5-4fa4-a97d-d965ccfc6d4b" outcome="Passed" testListId="8c84fa94-04c1-424b-9868-57a2d4851a1d" relativeResultsDirectory="12d48d1d-d95b-4fb7-a837-1eef5fc1706e" />
    <UnitTestResult executionId="58f8611b-caa7-4b46-96f4-56622bbe270e" testId="f7a3c37c-dec7-4f70-5b8f-168bb8621231" testName="xUnitTestProject.CurrencyHelperTests.FormatToStringTest1000(price: 4857.211933034105, expected: &quot;4857.21 zł&quot;)" computerName="DESKTOP-5URQ9PB" duration="00:00:00.0000041" startTime="2022-06-13T21:15:24.6171262+02:00" endTime="2022-06-13T21:15:24.6171264+02:00" testType="13cdc9d9-ddb5-4fa4-a97d-d965ccfc6d4b" outcome="Passed" testListId="8c84fa94-04c1-424b-9868-57a2d4851a1d" relativeResultsDirectory="58f8611b-caa7-4b46-96f4-56622bbe270e" />
    <UnitTestResult executionId="9c9feba4-2051-479c-937e-43e0206e6afe" testId="8f731e1d-d266-da92-7f8a-593d1a2e36d6" testName="xUnitTestProject.CurrencyHelperTests.FormatToStringTest1000(price: 19006.315459580772, expected: &quot;19006.32 zł&quot;)" computerName="DESKTOP-5URQ9PB" duration="00:00:00.0000041" startTime="2022-06-13T21:15:24.6916558+02:00" endTime="2022-06-13T21:15:24.6916559+02:00" testType="13cdc9d9-ddb5-4fa4-a97d-d965ccfc6d4b" outcome="Passed" testListId="8c84fa94-04c1-424b-9868-57a2d4851a1d" relativeResultsDirectory="9c9feba4-2051-479c-937e-43e0206e6afe" />
    <UnitTestResult executionId="d65a236b-cc38-4eca-8352-8c04e754acc6" testId="5b94edbf-3c78-7105-4ec5-f34d39e55c58" testName="xUnitTestProject.CurrencyHelperTests.FormatToStringTest1000(price: 25288.32036814574, expected: &quot;25288.32 zł&quot;)" computerName="DESKTOP-5URQ9PB" duration="00:00:00.0000041" startTime="2022-06-13T21:15:24.6152052+02:00" endTime="2022-06-13T21:15:24.6152053+02:00" testType="13cdc9d9-ddb5-4fa4-a97d-d965ccfc6d4b" outcome="Passed" testListId="8c84fa94-04c1-424b-9868-57a2d4851a1d" relativeResultsDirectory="d65a236b-cc38-4eca-8352-8c04e754acc6" />
    <UnitTestResult executionId="bdc8d043-4a1a-4200-b6bb-f09b262c0a61" testId="558fcad2-7807-3075-bb81-ec539c4697ba" testName="xUnitTestProject.CurrencyHelperTests.FormatToStringTest1000(price: 1011.9989482094529, expected: &quot;1012.00 zł&quot;)" computerName="DESKTOP-5URQ9PB" duration="00:00:00.0000041" startTime="2022-06-13T21:15:24.6603747+02:00" endTime="2022-06-13T21:15:24.6603749+02:00" testType="13cdc9d9-ddb5-4fa4-a97d-d965ccfc6d4b" outcome="Passed" testListId="8c84fa94-04c1-424b-9868-57a2d4851a1d" relativeResultsDirectory="bdc8d043-4a1a-4200-b6bb-f09b262c0a61" />
    <UnitTestResult executionId="50daeb81-fe01-45b6-88e6-869ffe43d925" testId="e238bfca-4b11-493d-42eb-8f12a1ef721f" testName="xUnitTestProject.CurrencyHelperTests.FormatToStringTest1000(price: 1896.1704506483723, expected: &quot;1896.17 zł&quot;)" computerName="DESKTOP-5URQ9PB" duration="00:00:00.0000041" startTime="2022-06-13T21:15:24.7117968+02:00" endTime="2022-06-13T21:15:24.7117970+02:00" testType="13cdc9d9-ddb5-4fa4-a97d-d965ccfc6d4b" outcome="Passed" testListId="8c84fa94-04c1-424b-9868-57a2d4851a1d" relativeResultsDirectory="50daeb81-fe01-45b6-88e6-869ffe43d925" />
    <UnitTestResult executionId="18d98849-05b3-4de9-b083-5a1c9f3950e0" testId="5aa929b3-dac1-52ec-e2ea-8e7fca692c42" testName="xUnitTestProject.CurrencyHelperTests.FormatToStringTest1000(price: 48084.94422955389, expected: &quot;48084.94 zł&quot;)" computerName="DESKTOP-5URQ9PB" duration="00:00:00.0000039" startTime="2022-06-13T21:15:24.6553006+02:00" endTime="2022-06-13T21:15:24.6553008+02:00" testType="13cdc9d9-ddb5-4fa4-a97d-d965ccfc6d4b" outcome="Passed" testListId="8c84fa94-04c1-424b-9868-57a2d4851a1d" relativeResultsDirectory="18d98849-05b3-4de9-b083-5a1c9f3950e0" />
    <UnitTestResult executionId="f6aff7e3-9bb4-4e0f-b31a-a9420f0ca516" testId="80f5a640-ad10-06cf-9198-39d7a4c7c709" testName="xUnitTestProject.CurrencyHelperTests.FormatToStringTest1000(price: 21281.64584727662, expected: &quot;21281.65 zł&quot;)" computerName="DESKTOP-5URQ9PB" duration="00:00:00.0000039" startTime="2022-06-13T21:15:24.6634523+02:00" endTime="2022-06-13T21:15:24.6634525+02:00" testType="13cdc9d9-ddb5-4fa4-a97d-d965ccfc6d4b" outcome="Passed" testListId="8c84fa94-04c1-424b-9868-57a2d4851a1d" relativeResultsDirectory="f6aff7e3-9bb4-4e0f-b31a-a9420f0ca516" />
    <UnitTestResult executionId="77f1cdde-d37b-4094-8b10-90efa9b7f6aa" testId="f6a49bae-16a9-096b-f816-1c54e1a6b8b7" testName="xUnitTestProject.CurrencyHelperTests.FormatToStringTest1000(price: 37589.670531794276, expected: &quot;37589.67 zł&quot;)" computerName="DESKTOP-5URQ9PB" duration="00:00:00.0000041" startTime="2022-06-13T21:15:24.6426106+02:00" endTime="2022-06-13T21:15:24.6426108+02:00" testType="13cdc9d9-ddb5-4fa4-a97d-d965ccfc6d4b" outcome="Passed" testListId="8c84fa94-04c1-424b-9868-57a2d4851a1d" relativeResultsDirectory="77f1cdde-d37b-4094-8b10-90efa9b7f6aa" />
    <UnitTestResult executionId="a1269221-07ac-41fa-9bbb-9ebaa19b7e00" testId="4d07a1bc-a8d9-c223-fb28-a20fa9ce459f" testName="xUnitTestProject.CurrencyHelperTests.FormatToStringTest1000(price: 24308.26523149212, expected: &quot;24308.27 zł&quot;)" computerName="DESKTOP-5URQ9PB" duration="00:00:00.0000041" startTime="2022-06-13T21:15:24.7029206+02:00" endTime="2022-06-13T21:15:24.7029208+02:00" testType="13cdc9d9-ddb5-4fa4-a97d-d965ccfc6d4b" outcome="Passed" testListId="8c84fa94-04c1-424b-9868-57a2d4851a1d" relativeResultsDirectory="a1269221-07ac-41fa-9bbb-9ebaa19b7e00" />
    <UnitTestResult executionId="be0c43d9-4059-4b63-b83e-1efba10b8325" testId="1f661c1f-d0bf-b374-44cc-db7131efefe7" testName="xUnitTestProject.CurrencyHelperTests.FormatToStringTest1000(price: 27751.474436297303, expected: &quot;27751.47 zł&quot;)" computerName="DESKTOP-5URQ9PB" duration="00:00:00.0000041" startTime="2022-06-13T21:15:24.6936339+02:00" endTime="2022-06-13T21:15:24.6936340+02:00" testType="13cdc9d9-ddb5-4fa4-a97d-d965ccfc6d4b" outcome="Passed" testListId="8c84fa94-04c1-424b-9868-57a2d4851a1d" relativeResultsDirectory="be0c43d9-4059-4b63-b83e-1efba10b8325" />
    <UnitTestResult executionId="d9d62e98-6500-4837-9a3b-b0680e076c44" testId="ee9462eb-6912-5171-764c-f29a600e2526" testName="xUnitTestProject.CurrencyHelperTests.FormatToStringTest1000(price: 28068.20530246394, expected: &quot;28068.21 zł&quot;)" computerName="DESKTOP-5URQ9PB" duration="00:00:00.0000040" startTime="2022-06-13T21:15:24.6574575+02:00" endTime="2022-06-13T21:15:24.6574577+02:00" testType="13cdc9d9-ddb5-4fa4-a97d-d965ccfc6d4b" outcome="Passed" testListId="8c84fa94-04c1-424b-9868-57a2d4851a1d" relativeResultsDirectory="d9d62e98-6500-4837-9a3b-b0680e076c44" />
    <UnitTestResult executionId="98013f6f-522a-4030-aa56-58156506a0f6" testId="c0cf2cb3-44c7-373b-4b04-bf5ce7678b68" testName="xUnitTestProject.CurrencyHelperTests.FormatToStringTest1000(price: 50507.0104155615, expected: &quot;50507.01 zł&quot;)" computerName="DESKTOP-5URQ9PB" duration="00:00:00.0000041" startTime="2022-06-13T21:15:24.6445218+02:00" endTime="2022-06-13T21:15:24.6445219+02:00" testType="13cdc9d9-ddb5-4fa4-a97d-d965ccfc6d4b" outcome="Passed" testListId="8c84fa94-04c1-424b-9868-57a2d4851a1d" relativeResultsDirectory="98013f6f-522a-4030-aa56-58156506a0f6" />
    <UnitTestResult executionId="5f4a7282-5e8e-44c9-aee1-099729e5542c" testId="da0fbf47-7a8c-b3ea-d30a-c0e3a737ca5d" testName="xUnitTestProject.CurrencyHelperTests.FormatToStringTest1000(price: 8514.837538072763, expected: &quot;8514.84 zł&quot;)" computerName="DESKTOP-5URQ9PB" duration="00:00:00.0000040" startTime="2022-06-13T21:15:24.6725879+02:00" endTime="2022-06-13T21:15:24.6725883+02:00" testType="13cdc9d9-ddb5-4fa4-a97d-d965ccfc6d4b" outcome="Passed" testListId="8c84fa94-04c1-424b-9868-57a2d4851a1d" relativeResultsDirectory="5f4a7282-5e8e-44c9-aee1-099729e5542c" />
    <UnitTestResult executionId="d8466811-b8dc-4efb-9feb-0e37f66af617" testId="fe35c71e-d9ed-258c-2105-0adfcd0d495e" testName="xUnitTestProject.CurrencyHelperTests.FormatToStringTest1000(price: 2992.6161168593057, expected: &quot;2992.62 zł&quot;)" computerName="DESKTOP-5URQ9PB" duration="00:00:00.0000041" startTime="2022-06-13T21:15:24.7089124+02:00" endTime="2022-06-13T21:15:24.7089126+02:00" testType="13cdc9d9-ddb5-4fa4-a97d-d965ccfc6d4b" outcome="Passed" testListId="8c84fa94-04c1-424b-9868-57a2d4851a1d" relativeResultsDirectory="d8466811-b8dc-4efb-9feb-0e37f66af617" />
    <UnitTestResult executionId="291cdcf4-1d11-4ea2-a981-578ab434684d" testId="80a4940d-875d-f4f0-bd6e-0d3aab9861cb" testName="xUnitTestProject.CurrencyHelperTests.FormatToStringTest1000(price: 60701.5177499319, expected: &quot;60701.52 zł&quot;)" computerName="DESKTOP-5URQ9PB" duration="00:00:00.0000040" startTime="2022-06-13T21:15:24.6236771+02:00" endTime="2022-06-13T21:15:24.6236772+02:00" testType="13cdc9d9-ddb5-4fa4-a97d-d965ccfc6d4b" outcome="Passed" testListId="8c84fa94-04c1-424b-9868-57a2d4851a1d" relativeResultsDirectory="291cdcf4-1d11-4ea2-a981-578ab434684d" />
    <UnitTestResult executionId="d50d176e-8700-46aa-8743-ea3f47ea3f9d" testId="836d8767-01df-4e15-8567-247721a23e4e" testName="xUnitTestProject.CurrencyHelperTests.FormatToStringTest1000(price: 591.2110872302256, expected: &quot;591.21 zł&quot;)" computerName="DESKTOP-5URQ9PB" duration="00:00:00.0000040" startTime="2022-06-13T21:15:24.6322029+02:00" endTime="2022-06-13T21:15:24.6322030+02:00" testType="13cdc9d9-ddb5-4fa4-a97d-d965ccfc6d4b" outcome="Passed" testListId="8c84fa94-04c1-424b-9868-57a2d4851a1d" relativeResultsDirectory="d50d176e-8700-46aa-8743-ea3f47ea3f9d" />
    <UnitTestResult executionId="1d59e66b-1b85-4c99-9687-5a0050313dee" testId="e1c5523d-f177-82aa-b8ad-0ce279495eeb" testName="xUnitTestProject.CurrencyHelperTests.FormatToStringTest1000(price: 6809.40195803037, expected: &quot;6809.40 zł&quot;)" computerName="DESKTOP-5URQ9PB" duration="00:00:00.0000040" startTime="2022-06-13T21:15:24.7079506+02:00" endTime="2022-06-13T21:15:24.7079507+02:00" testType="13cdc9d9-ddb5-4fa4-a97d-d965ccfc6d4b" outcome="Passed" testListId="8c84fa94-04c1-424b-9868-57a2d4851a1d" relativeResultsDirectory="1d59e66b-1b85-4c99-9687-5a0050313dee" />
    <UnitTestResult executionId="028e9f75-1c0b-446f-aaa5-babc17a5e8ce" testId="68224de9-ccec-a0b7-c8a8-a3c8c0c30259" testName="xUnitTestProject.CurrencyHelperTests.FormatToStringTest1000(price: 1669.555150571072, expected: &quot;1669.56 zł&quot;)" computerName="DESKTOP-5URQ9PB" duration="00:00:00.0000041" startTime="2022-06-13T21:15:24.7116689+02:00" endTime="2022-06-13T21:15:24.7116691+02:00" testType="13cdc9d9-ddb5-4fa4-a97d-d965ccfc6d4b" outcome="Passed" testListId="8c84fa94-04c1-424b-9868-57a2d4851a1d" relativeResultsDirectory="028e9f75-1c0b-446f-aaa5-babc17a5e8ce" />
    <UnitTestResult executionId="2b60d8bb-93bd-4092-a6d3-adff6e6e6632" testId="1d527cfe-7183-7ac1-a7ed-260bd5e5ccfa" testName="xUnitTestProject.CurrencyHelperTests.FormatToStringTest1000(price: 38402.8293406753, expected: &quot;38402.83 zł&quot;)" computerName="DESKTOP-5URQ9PB" duration="00:00:00.0000041" startTime="2022-06-13T21:15:24.6453003+02:00" endTime="2022-06-13T21:15:24.6453005+02:00" testType="13cdc9d9-ddb5-4fa4-a97d-d965ccfc6d4b" outcome="Passed" testListId="8c84fa94-04c1-424b-9868-57a2d4851a1d" relativeResultsDirectory="2b60d8bb-93bd-4092-a6d3-adff6e6e6632" />
    <UnitTestResult executionId="eb3b75e5-7303-46cd-88ea-80fe63ae93ff" testId="2ff98558-45c2-21dd-60d2-e1efdde7c0a8" testName="xUnitTestProject.CurrencyHelperTests.FormatToStringTest1000(price: 35.34471716840971, expected: &quot;35.34 zł&quot;)" computerName="DESKTOP-5URQ9PB" duration="00:00:00.0000040" startTime="2022-06-13T21:15:24.6435478+02:00" endTime="2022-06-13T21:15:24.6435480+02:00" testType="13cdc9d9-ddb5-4fa4-a97d-d965ccfc6d4b" outcome="Passed" testListId="8c84fa94-04c1-424b-9868-57a2d4851a1d" relativeResultsDirectory="eb3b75e5-7303-46cd-88ea-80fe63ae93ff" />
    <UnitTestResult executionId="684ca0a9-c37d-4488-b190-4645d0a50748" testId="1a44af6f-888e-1f8e-a00f-e2d743b26f12" testName="xUnitTestProject.CurrencyHelperTests.FormatToStringTest1000(price: 7669.3855620214645, expected: &quot;7669.39 zł&quot;)" computerName="DESKTOP-5URQ9PB" duration="00:00:00.0000041" startTime="2022-06-13T21:15:24.6826241+02:00" endTime="2022-06-13T21:15:24.6826242+02:00" testType="13cdc9d9-ddb5-4fa4-a97d-d965ccfc6d4b" outcome="Passed" testListId="8c84fa94-04c1-424b-9868-57a2d4851a1d" relativeResultsDirectory="684ca0a9-c37d-4488-b190-4645d0a50748" />
    <UnitTestResult executionId="8496f8b4-85c2-41e6-90fa-428aceba4cea" testId="8a119c68-dcc0-dba7-c987-45fbb976469b" testName="xUnitTestProject.CurrencyHelperTests.FormatToStringTest1000(price: 1325.1625259114255, expected: &quot;1325.16 zł&quot;)" computerName="DESKTOP-5URQ9PB" duration="00:00:00.0000041" startTime="2022-06-13T21:15:24.7305888+02:00" endTime="2022-06-13T21:15:24.7305890+02:00" testType="13cdc9d9-ddb5-4fa4-a97d-d965ccfc6d4b" outcome="Passed" testListId="8c84fa94-04c1-424b-9868-57a2d4851a1d" relativeResultsDirectory="8496f8b4-85c2-41e6-90fa-428aceba4cea" />
    <UnitTestResult executionId="55b84724-cebe-466e-b485-749817b8ca24" testId="cbfda56e-8c0a-ba07-a0f8-119519aa985c" testName="xUnitTestProject.CurrencyHelperTests.FormatToStringTest1000(price: 37889.10086727193, expected: &quot;37889.10 zł&quot;)" computerName="DESKTOP-5URQ9PB" duration="00:00:00.0000041" startTime="2022-06-13T21:15:24.6257126+02:00" endTime="2022-06-13T21:15:24.6257127+02:00" testType="13cdc9d9-ddb5-4fa4-a97d-d965ccfc6d4b" outcome="Passed" testListId="8c84fa94-04c1-424b-9868-57a2d4851a1d" relativeResultsDirectory="55b84724-cebe-466e-b485-749817b8ca24" />
    <UnitTestResult executionId="353bee1c-65de-4fea-9c15-87e402737590" testId="4e1f3ab2-e30f-84ab-8c3f-ffbda0a749a7" testName="xUnitTestProject.CurrencyHelperTests.FormatToStringTest1000(price: 6550.421588937948, expected: &quot;6550.42 zł&quot;)" computerName="DESKTOP-5URQ9PB" duration="00:00:00.0000040" startTime="2022-06-13T21:15:24.7107847+02:00" endTime="2022-06-13T21:15:24.7107849+02:00" testType="13cdc9d9-ddb5-4fa4-a97d-d965ccfc6d4b" outcome="Passed" testListId="8c84fa94-04c1-424b-9868-57a2d4851a1d" relativeResultsDirectory="353bee1c-65de-4fea-9c15-87e402737590" />
    <UnitTestResult executionId="86be00bf-b3fb-4958-a62b-3c51889241ec" testId="ed2134d1-cccc-7594-ff4e-6670ac477e6f" testName="xUnitTestProject.CurrencyHelperTests.FormatToStringTest1000(price: 51529.79033960206, expected: &quot;51529.79 zł&quot;)" computerName="DESKTOP-5URQ9PB" duration="00:00:00.0000041" startTime="2022-06-13T21:15:24.6453328+02:00" endTime="2022-06-13T21:15:24.6453330+02:00" testType="13cdc9d9-ddb5-4fa4-a97d-d965ccfc6d4b" outcome="Passed" testListId="8c84fa94-04c1-424b-9868-57a2d4851a1d" relativeResultsDirectory="86be00bf-b3fb-4958-a62b-3c51889241ec" />
    <UnitTestResult executionId="a1f6a4b6-68b4-4d00-8e39-6605c15def46" testId="ca982acc-6d3c-04e3-1b49-3eea6c1f73fe" testName="xUnitTestProject.CurrencyHelperTests.FormatToStringTest1000(price: 33851.35523524618, expected: &quot;33851.36 zł&quot;)" computerName="DESKTOP-5URQ9PB" duration="00:00:00.0000051" startTime="2022-06-13T21:15:24.6473837+02:00" endTime="2022-06-13T21:15:24.6473838+02:00" testType="13cdc9d9-ddb5-4fa4-a97d-d965ccfc6d4b" outcome="Passed" testListId="8c84fa94-04c1-424b-9868-57a2d4851a1d" relativeResultsDirectory="a1f6a4b6-68b4-4d00-8e39-6605c15def46" />
    <UnitTestResult executionId="f1859367-c05f-481d-84b0-59df88141d58" testId="8ba27476-b54b-3c26-c478-bb1e87cb663c" testName="xUnitTestProject.CurrencyHelperTests.FormatToStringTest1000(price: 25135.10315489727, expected: &quot;25135.10 zł&quot;)" computerName="DESKTOP-5URQ9PB" duration="00:00:00.0000041" startTime="2022-06-13T21:15:24.6280446+02:00" endTime="2022-06-13T21:15:24.6280447+02:00" testType="13cdc9d9-ddb5-4fa4-a97d-d965ccfc6d4b" outcome="Passed" testListId="8c84fa94-04c1-424b-9868-57a2d4851a1d" relativeResultsDirectory="f1859367-c05f-481d-84b0-59df88141d58" />
    <UnitTestResult executionId="09d2a9d3-9a1d-4b74-abb2-86ac7e9a4646" testId="0af3eea6-5817-a867-a6c4-92fe1e3e316c" testName="xUnitTestProject.CurrencyHelperTests.FormatToStringTest1000(price: 9624.06628225188, expected: &quot;9624.07 zł&quot;)" computerName="DESKTOP-5URQ9PB" duration="00:00:00.0000056" startTime="2022-06-13T21:15:24.7068587+02:00" endTime="2022-06-13T21:15:24.7068589+02:00" testType="13cdc9d9-ddb5-4fa4-a97d-d965ccfc6d4b" outcome="Passed" testListId="8c84fa94-04c1-424b-9868-57a2d4851a1d" relativeResultsDirectory="09d2a9d3-9a1d-4b74-abb2-86ac7e9a4646" />
    <UnitTestResult executionId="e4ca77ba-7261-4491-af4e-b43688cae293" testId="324dfaf0-1df1-16d9-feec-f79f54001411" testName="xUnitTestProject.CurrencyHelperTests.FormatToStringTest1000(price: 30383.303633991305, expected: &quot;30383.30 zł&quot;)" computerName="DESKTOP-5URQ9PB" duration="00:00:00.0000040" startTime="2022-06-13T21:15:24.6705304+02:00" endTime="2022-06-13T21:15:24.6705308+02:00" testType="13cdc9d9-ddb5-4fa4-a97d-d965ccfc6d4b" outcome="Passed" testListId="8c84fa94-04c1-424b-9868-57a2d4851a1d" relativeResultsDirectory="e4ca77ba-7261-4491-af4e-b43688cae293" />
    <UnitTestResult executionId="e764f90a-71e5-4be0-8271-4fdb42eb538b" testId="313d194a-30d0-d3d5-cf7b-c5a66b6b3935" testName="xUnitTestProject.CurrencyHelperTests.FormatToStringTest1000(price: 9994.9471861026, expected: &quot;9994.95 zł&quot;)" computerName="DESKTOP-5URQ9PB" duration="00:00:00.0000040" startTime="2022-06-13T21:15:24.6858134+02:00" endTime="2022-06-13T21:15:24.6858136+02:00" testType="13cdc9d9-ddb5-4fa4-a97d-d965ccfc6d4b" outcome="Passed" testListId="8c84fa94-04c1-424b-9868-57a2d4851a1d" relativeResultsDirectory="e764f90a-71e5-4be0-8271-4fdb42eb538b" />
    <UnitTestResult executionId="985436e1-7e6a-486e-8ce1-90e1de9d321b" testId="45c93144-7308-3312-8730-30e05720d551" testName="xUnitTestProject.CurrencyHelperTests.FormatToStringTest1000(price: 1073.195098933389, expected: &quot;1073.20 zł&quot;)" computerName="DESKTOP-5URQ9PB" duration="00:00:00.0000040" startTime="2022-06-13T21:15:24.6685541+02:00" endTime="2022-06-13T21:15:24.6685543+02:00" testType="13cdc9d9-ddb5-4fa4-a97d-d965ccfc6d4b" outcome="Passed" testListId="8c84fa94-04c1-424b-9868-57a2d4851a1d" relativeResultsDirectory="985436e1-7e6a-486e-8ce1-90e1de9d321b" />
    <UnitTestResult executionId="98f07d87-2076-4133-9642-a73ee74e75d7" testId="d74171b4-c8ee-1912-2996-ae0e2e26eb23" testName="xUnitTestProject.CurrencyHelperTests.FormatToStringTest1000(price: 1745.490603896552, expected: &quot;1745.49 zł&quot;)" computerName="DESKTOP-5URQ9PB" duration="00:00:00.0000041" startTime="2022-06-13T21:15:24.6632955+02:00" endTime="2022-06-13T21:15:24.6632957+02:00" testType="13cdc9d9-ddb5-4fa4-a97d-d965ccfc6d4b" outcome="Passed" testListId="8c84fa94-04c1-424b-9868-57a2d4851a1d" relativeResultsDirectory="98f07d87-2076-4133-9642-a73ee74e75d7" />
    <UnitTestResult executionId="db0f6c1d-b1aa-4528-ac8a-e9ccb043745c" testId="b8055217-5a74-6a87-a561-a760192c2a20" testName="xUnitTestProject.CurrencyHelperTests.FormatToStringTest1000(price: 37954.34384365396, expected: &quot;37954.34 zł&quot;)" computerName="DESKTOP-5URQ9PB" duration="00:00:00.0000059" startTime="2022-06-13T21:15:24.6289729+02:00" endTime="2022-06-13T21:15:24.6289730+02:00" testType="13cdc9d9-ddb5-4fa4-a97d-d965ccfc6d4b" outcome="Passed" testListId="8c84fa94-04c1-424b-9868-57a2d4851a1d" relativeResultsDirectory="db0f6c1d-b1aa-4528-ac8a-e9ccb043745c" />
    <UnitTestResult executionId="9293f71f-4ea4-4618-81ca-96e8a3a1d5a9" testId="2bdae34b-74e4-b57e-0c4e-9f8a61c91aa5" testName="xUnitTestProject.CurrencyHelperTests.FormatToStringTest1000(price: 5961.755129208674, expected: &quot;5961.76 zł&quot;)" computerName="DESKTOP-5URQ9PB" duration="00:00:00.0000040" startTime="2022-06-13T21:15:24.6483101+02:00" endTime="2022-06-13T21:15:24.6483102+02:00" testType="13cdc9d9-ddb5-4fa4-a97d-d965ccfc6d4b" outcome="Passed" testListId="8c84fa94-04c1-424b-9868-57a2d4851a1d" relativeResultsDirectory="9293f71f-4ea4-4618-81ca-96e8a3a1d5a9" />
    <UnitTestResult executionId="fd9a292c-5a12-4333-b920-61a14a7e6fdc" testId="6dd99dbe-4c8b-34b5-1e2c-dac97050c643" testName="xUnitTestProject.CurrencyHelperTests.FormatToStringTest1000(price: 66723.3293191657, expected: &quot;66723.33 zł&quot;)" computerName="DESKTOP-5URQ9PB" duration="00:00:00.0000041" startTime="2022-06-13T21:15:24.7136372+02:00" endTime="2022-06-13T21:15:24.7136373+02:00" testType="13cdc9d9-ddb5-4fa4-a97d-d965ccfc6d4b" outcome="Passed" testListId="8c84fa94-04c1-424b-9868-57a2d4851a1d" relativeResultsDirectory="fd9a292c-5a12-4333-b920-61a14a7e6fdc" />
    <UnitTestResult executionId="3d1b27fb-cde2-452a-bf1d-32abb46ef9de" testId="d99ced1b-9ef8-b735-4a70-4562dc79a9d0" testName="xUnitTestProject.CurrencyHelperTests.FormatToStringTest1000(price: 72905.64834432845, expected: &quot;72905.65 zł&quot;)" computerName="DESKTOP-5URQ9PB" duration="00:00:00.0000059" startTime="2022-06-13T21:15:24.7295799+02:00" endTime="2022-06-13T21:15:24.7295801+02:00" testType="13cdc9d9-ddb5-4fa4-a97d-d965ccfc6d4b" outcome="Passed" testListId="8c84fa94-04c1-424b-9868-57a2d4851a1d" relativeResultsDirectory="3d1b27fb-cde2-452a-bf1d-32abb46ef9de" />
    <UnitTestResult executionId="69084dcf-60af-4b7a-8567-56b3acef619e" testId="3c1ea8ba-f2b4-a355-28eb-de4dee6b9be9" testName="xUnitTestProject.CurrencyHelperTests.FormatToStringTest1000(price: 972.1468308629221, expected: &quot;972.15 zł&quot;)" computerName="DESKTOP-5URQ9PB" duration="00:00:00.0000040" startTime="2022-06-13T21:15:24.7109095+02:00" endTime="2022-06-13T21:15:24.7109096+02:00" testType="13cdc9d9-ddb5-4fa4-a97d-d965ccfc6d4b" outcome="Passed" testListId="8c84fa94-04c1-424b-9868-57a2d4851a1d" relativeResultsDirectory="69084dcf-60af-4b7a-8567-56b3acef619e" />
    <UnitTestResult executionId="47eb4147-2e4d-4f86-80e8-74dc824f7511" testId="5df2cee8-1205-20ca-1995-6e5120b53d1e" testName="xUnitTestProject.CurrencyHelperTests.FormatToStringTest1000(price: 1884.4923513031063, expected: &quot;1884.49 zł&quot;)" computerName="DESKTOP-5URQ9PB" duration="00:00:00.0000041" startTime="2022-06-13T21:15:24.6151735+02:00" endTime="2022-06-13T21:15:24.6151736+02:00" testType="13cdc9d9-ddb5-4fa4-a97d-d965ccfc6d4b" outcome="Passed" testListId="8c84fa94-04c1-424b-9868-57a2d4851a1d" relativeResultsDirectory="47eb4147-2e4d-4f86-80e8-74dc824f7511" />
    <UnitTestResult executionId="3878c481-42bb-4e34-a60f-7ba4ddabcd7f" testId="32346c07-b161-6e9f-65c2-990bcbe58b07" testName="xUnitTestProject.CurrencyHelperTests.FormatToStringTest1000(price: 67109.22110940759, expected: &quot;67109.22 zł&quot;)" computerName="DESKTOP-5URQ9PB" duration="00:00:00.0000041" startTime="2022-06-13T21:15:24.6465071+02:00" endTime="2022-06-13T21:15:24.6465074+02:00" testType="13cdc9d9-ddb5-4fa4-a97d-d965ccfc6d4b" outcome="Passed" testListId="8c84fa94-04c1-424b-9868-57a2d4851a1d" relativeResultsDirectory="3878c481-42bb-4e34-a60f-7ba4ddabcd7f" />
    <UnitTestResult executionId="d37cde03-61f5-4393-8bd7-8d959fe9ba79" testId="f9dc9c7a-bf0e-4c02-1f2d-1fd4e69c7538" testName="xUnitTestProject.CurrencyHelperTests.FormatToStringTest1000(price: 1474.699818629166, expected: &quot;1474.70 zł&quot;)" computerName="DESKTOP-5URQ9PB" duration="00:00:00.0000041" startTime="2022-06-13T21:15:24.6534910+02:00" endTime="2022-06-13T21:15:24.6534914+02:00" testType="13cdc9d9-ddb5-4fa4-a97d-d965ccfc6d4b" outcome="Passed" testListId="8c84fa94-04c1-424b-9868-57a2d4851a1d" relativeResultsDirectory="d37cde03-61f5-4393-8bd7-8d959fe9ba79" />
    <UnitTestResult executionId="91e4eed9-3c44-4d10-8c49-7291644538fe" testId="df98a0bb-288a-f0a3-8af8-186ed72a3b48" testName="xUnitTestProject.CurrencyHelperTests.FormatToStringTest1000(price: 10397.404523554447, expected: &quot;10397.40 zł&quot;)" computerName="DESKTOP-5URQ9PB" duration="00:00:00.0000040" startTime="2022-06-13T21:15:24.6684095+02:00" endTime="2022-06-13T21:15:24.6684097+02:00" testType="13cdc9d9-ddb5-4fa4-a97d-d965ccfc6d4b" outcome="Passed" testListId="8c84fa94-04c1-424b-9868-57a2d4851a1d" relativeResultsDirectory="91e4eed9-3c44-4d10-8c49-7291644538fe" />
    <UnitTestResult executionId="aff042f0-2088-43ca-b8f4-a2098aee2826" testId="3326d350-1af4-4add-085b-c52b861e91af" testName="xUnitTestProject.CurrencyHelperTests.FormatToStringTest1000(price: 74152.7503934562, expected: &quot;74152.75 zł&quot;)" computerName="DESKTOP-5URQ9PB" duration="00:00:00.0000040" startTime="2022-06-13T21:15:24.7266877+02:00" endTime="2022-06-13T21:15:24.7266879+02:00" testType="13cdc9d9-ddb5-4fa4-a97d-d965ccfc6d4b" outcome="Passed" testListId="8c84fa94-04c1-424b-9868-57a2d4851a1d" relativeResultsDirectory="aff042f0-2088-43ca-b8f4-a2098aee2826" />
    <UnitTestResult executionId="057a0863-275b-42d0-bdbe-55302cb859c9" testId="3462b2eb-e30f-6a87-cb93-c3563606a080" testName="xUnitTestProject.CurrencyHelperTests.FormatToStringTest1000(price: 20249.56614074277, expected: &quot;20249.57 zł&quot;)" computerName="DESKTOP-5URQ9PB" duration="00:00:00.0000041" startTime="2022-06-13T21:15:24.7106535+02:00" endTime="2022-06-13T21:15:24.7106539+02:00" testType="13cdc9d9-ddb5-4fa4-a97d-d965ccfc6d4b" outcome="Passed" testListId="8c84fa94-04c1-424b-9868-57a2d4851a1d" relativeResultsDirectory="057a0863-275b-42d0-bdbe-55302cb859c9" />
    <UnitTestResult executionId="7671f0d6-d215-4e5c-8b6e-1f2cc76cc6af" testId="0a8dd3d5-59e9-8093-402f-f8fc213265ce" testName="xUnitTestProject.CurrencyHelperTests.FormatToStringTest1000(price: 11022.594234092438, expected: &quot;11022.59 zł&quot;)" computerName="DESKTOP-5URQ9PB" duration="00:00:00.0000040" startTime="2022-06-13T21:15:24.6152991+02:00" endTime="2022-06-13T21:15:24.6152993+02:00" testType="13cdc9d9-ddb5-4fa4-a97d-d965ccfc6d4b" outcome="Passed" testListId="8c84fa94-04c1-424b-9868-57a2d4851a1d" relativeResultsDirectory="7671f0d6-d215-4e5c-8b6e-1f2cc76cc6af" />
    <UnitTestResult executionId="3af02e29-65c8-49fe-8b8e-7bfd2ef96c25" testId="e31c0c60-96f3-c3fc-f48c-6d389a7185de" testName="xUnitTestProject.CurrencyHelperTests.FormatToStringTest1000(price: 19352.183340702755, expected: &quot;19352.18 zł&quot;)" computerName="DESKTOP-5URQ9PB" duration="00:00:00.0000044" startTime="2022-06-13T21:15:24.6268932+02:00" endTime="2022-06-13T21:15:24.6268934+02:00" testType="13cdc9d9-ddb5-4fa4-a97d-d965ccfc6d4b" outcome="Passed" testListId="8c84fa94-04c1-424b-9868-57a2d4851a1d" relativeResultsDirectory="3af02e29-65c8-49fe-8b8e-7bfd2ef96c25" />
    <UnitTestResult executionId="d43b3bce-87d2-4864-917e-d311f0ed8dc5" testId="28d8e856-ac6b-165d-f269-4ec7d560f09b" testName="xUnitTestProject.CurrencyHelperTests.FormatToStringTest1000(price: 9928.477822322622, expected: &quot;9928.48 zł&quot;)" computerName="DESKTOP-5URQ9PB" duration="00:00:00.0000040" startTime="2022-06-13T21:15:24.6405340+02:00" endTime="2022-06-13T21:15:24.6405342+02:00" testType="13cdc9d9-ddb5-4fa4-a97d-d965ccfc6d4b" outcome="Passed" testListId="8c84fa94-04c1-424b-9868-57a2d4851a1d" relativeResultsDirectory="d43b3bce-87d2-4864-917e-d311f0ed8dc5" />
    <UnitTestResult executionId="21c0e45c-affc-42af-a019-b3c5fa94dd15" testId="bfdd6bca-a34f-47f5-eae8-5d12e496bd00" testName="xUnitTestProject.CurrencyHelperTests.FormatToStringTest1000(price: 22197.731451777618, expected: &quot;22197.73 zł&quot;)" computerName="DESKTOP-5URQ9PB" duration="00:00:00.0000039" startTime="2022-06-13T21:15:24.6662040+02:00" endTime="2022-06-13T21:15:24.6662042+02:00" testType="13cdc9d9-ddb5-4fa4-a97d-d965ccfc6d4b" outcome="Passed" testListId="8c84fa94-04c1-424b-9868-57a2d4851a1d" relativeResultsDirectory="21c0e45c-affc-42af-a019-b3c5fa94dd15" />
    <UnitTestResult executionId="1fc58fa5-a2b2-40ad-91ef-5bb0a0ce3549" testId="6df0d294-6a13-f132-5a30-674e429b0930" testName="xUnitTestProject.CurrencyHelperTests.FormatToStringTest1000(price: 54304.07738935393, expected: &quot;54304.08 zł&quot;)" computerName="DESKTOP-5URQ9PB" duration="00:00:00.0000041" startTime="2022-06-13T21:15:24.7166384+02:00" endTime="2022-06-13T21:15:24.7166388+02:00" testType="13cdc9d9-ddb5-4fa4-a97d-d965ccfc6d4b" outcome="Passed" testListId="8c84fa94-04c1-424b-9868-57a2d4851a1d" relativeResultsDirectory="1fc58fa5-a2b2-40ad-91ef-5bb0a0ce3549" />
    <UnitTestResult executionId="298a3869-7dbf-47fe-86a9-9a07afc9b42c" testId="faee1a73-2321-167e-168b-f89892fb598c" testName="xUnitTestProject.CurrencyHelperTests.FormatToStringTest1000(price: 70771.4436677524, expected: &quot;70771.44 zł&quot;)" computerName="DESKTOP-5URQ9PB" duration="00:00:00.0000041" startTime="2022-06-13T21:15:24.6153304+02:00" endTime="2022-06-13T21:15:24.6153306+02:00" testType="13cdc9d9-ddb5-4fa4-a97d-d965ccfc6d4b" outcome="Passed" testListId="8c84fa94-04c1-424b-9868-57a2d4851a1d" relativeResultsDirectory="298a3869-7dbf-47fe-86a9-9a07afc9b42c" />
    <UnitTestResult executionId="1e2d688f-6280-41c6-a0cf-e5a7523f9fd0" testId="24bb58fc-f26e-f596-3b94-0fe50e90026c" testName="xUnitTestProject.CurrencyHelperTests.FormatToStringTest1000(price: 14017.699524653006, expected: &quot;14017.70 zł&quot;)" computerName="DESKTOP-5URQ9PB" duration="00:00:00.0000040" startTime="2022-06-13T21:15:24.7156126+02:00" endTime="2022-06-13T21:15:24.7156137+02:00" testType="13cdc9d9-ddb5-4fa4-a97d-d965ccfc6d4b" outcome="Passed" testListId="8c84fa94-04c1-424b-9868-57a2d4851a1d" relativeResultsDirectory="1e2d688f-6280-41c6-a0cf-e5a7523f9fd0" />
    <UnitTestResult executionId="2c1b4653-4a82-40ef-b801-d26c6d535b7a" testId="5de12653-1f5a-24cb-5ff2-99601694fb1f" testName="xUnitTestProject.CurrencyHelperTests.FormatToStringTest1000(price: 77919.64716867341, expected: &quot;77919.65 zł&quot;)" computerName="DESKTOP-5URQ9PB" duration="00:00:00.0000041" startTime="2022-06-13T21:15:24.6937272+02:00" endTime="2022-06-13T21:15:24.6937273+02:00" testType="13cdc9d9-ddb5-4fa4-a97d-d965ccfc6d4b" outcome="Passed" testListId="8c84fa94-04c1-424b-9868-57a2d4851a1d" relativeResultsDirectory="2c1b4653-4a82-40ef-b801-d26c6d535b7a" />
    <UnitTestResult executionId="a9ae4b0f-955a-49c4-bbdd-aaff7615cc30" testId="f376fc2f-2ee5-1277-a20e-665c6294e53a" testName="xUnitTestProject.CurrencyHelperTests.FormatToStringTest1000(price: 30410.68214617003, expected: &quot;30410.68 zł&quot;)" computerName="DESKTOP-5URQ9PB" duration="00:00:00.0000040" startTime="2022-06-13T21:15:24.6991153+02:00" endTime="2022-06-13T21:15:24.6991154+02:00" testType="13cdc9d9-ddb5-4fa4-a97d-d965ccfc6d4b" outcome="Passed" testListId="8c84fa94-04c1-424b-9868-57a2d4851a1d" relativeResultsDirectory="a9ae4b0f-955a-49c4-bbdd-aaff7615cc30" />
    <UnitTestResult executionId="d8a26e21-a513-4f8f-a186-ecba96849e5e" testId="ddbbee19-86a9-bc74-0664-4f6fa63796df" testName="xUnitTestProject.CurrencyHelperTests.FormatToStringTest1000(price: 9661.966055578536, expected: &quot;9661.97 zł&quot;)" computerName="DESKTOP-5URQ9PB" duration="00:00:00.0000041" startTime="2022-06-13T21:15:24.7060097+02:00" endTime="2022-06-13T21:15:24.7060099+02:00" testType="13cdc9d9-ddb5-4fa4-a97d-d965ccfc6d4b" outcome="Passed" testListId="8c84fa94-04c1-424b-9868-57a2d4851a1d" relativeResultsDirectory="d8a26e21-a513-4f8f-a186-ecba96849e5e" />
    <UnitTestResult executionId="696f83b2-45eb-43a7-a614-a8a8a179dbf8" testId="e12861db-8cd0-3c0d-af0a-eb43dfba13d7" testName="xUnitTestProject.CurrencyHelperTests.FormatToStringTest1000(price: 20116.958341299072, expected: &quot;20116.96 zł&quot;)" computerName="DESKTOP-5URQ9PB" duration="00:00:00.0000041" startTime="2022-06-13T21:15:24.6473211+02:00" endTime="2022-06-13T21:15:24.6473212+02:00" testType="13cdc9d9-ddb5-4fa4-a97d-d965ccfc6d4b" outcome="Passed" testListId="8c84fa94-04c1-424b-9868-57a2d4851a1d" relativeResultsDirectory="696f83b2-45eb-43a7-a614-a8a8a179dbf8" />
    <UnitTestResult executionId="fbdccb40-6dcb-4825-be0b-bcf229384ecd" testId="2cd343bd-badc-869e-d32e-7b446b74dbcf" testName="xUnitTestProject.CurrencyHelperTests.FormatToStringTest1000(price: 5396.620088554277, expected: &quot;5396.62 zł&quot;)" computerName="DESKTOP-5URQ9PB" duration="00:00:00.0000041" startTime="2022-06-13T21:15:24.6290663+02:00" endTime="2022-06-13T21:15:24.6290665+02:00" testType="13cdc9d9-ddb5-4fa4-a97d-d965ccfc6d4b" outcome="Passed" testListId="8c84fa94-04c1-424b-9868-57a2d4851a1d" relativeResultsDirectory="fbdccb40-6dcb-4825-be0b-bcf229384ecd" />
    <UnitTestResult executionId="2382ac7f-5ad3-410d-97cf-6d0c43a69b26" testId="91970791-479f-53e8-256c-76fb4b85cf1d" testName="xUnitTestProject.CurrencyHelperTests.FormatToStringTest1000(price: 36651.05802063414, expected: &quot;36651.06 zł&quot;)" computerName="DESKTOP-5URQ9PB" duration="00:00:00.0000040" startTime="2022-06-13T21:15:24.7098596+02:00" endTime="2022-06-13T21:15:24.7098597+02:00" testType="13cdc9d9-ddb5-4fa4-a97d-d965ccfc6d4b" outcome="Passed" testListId="8c84fa94-04c1-424b-9868-57a2d4851a1d" relativeResultsDirectory="2382ac7f-5ad3-410d-97cf-6d0c43a69b26" />
    <UnitTestResult executionId="fea812f1-98f3-493f-bcc8-d9518cd0e183" testId="a80246d5-ddf8-7929-99a4-5139184114ef" testName="xUnitTestProject.CurrencyHelperTests.FormatToStringTest1000(price: 68174.53068551492, expected: &quot;68174.53 zł&quot;)" computerName="DESKTOP-5URQ9PB" duration="00:00:00.0000041" startTime="2022-06-13T21:15:24.6192702+02:00" endTime="2022-06-13T21:15:24.6192704+02:00" testType="13cdc9d9-ddb5-4fa4-a97d-d965ccfc6d4b" outcome="Passed" testListId="8c84fa94-04c1-424b-9868-57a2d4851a1d" relativeResultsDirectory="fea812f1-98f3-493f-bcc8-d9518cd0e183" />
    <UnitTestResult executionId="4f45b3af-854d-45cf-8f5d-691491ee46f9" testId="40be92cf-d13e-6e4d-cafb-3ad22a6b9f7e" testName="xUnitTestProject.CurrencyHelperTests.FormatToStringTest1000(price: 3503.9809179231434, expected: &quot;3503.98 zł&quot;)" computerName="DESKTOP-5URQ9PB" duration="00:00:00.0000040" startTime="2022-06-13T21:15:24.6685176+02:00" endTime="2022-06-13T21:15:24.6685179+02:00" testType="13cdc9d9-ddb5-4fa4-a97d-d965ccfc6d4b" outcome="Passed" testListId="8c84fa94-04c1-424b-9868-57a2d4851a1d" relativeResultsDirectory="4f45b3af-854d-45cf-8f5d-691491ee46f9" />
    <UnitTestResult executionId="4dcfc334-ea7d-476a-a836-ee5c7004e049" testId="251bbc15-9ad4-e7e2-3a95-fab7be0e3e27" testName="xUnitTestProject.CurrencyHelperTests.FormatToStringTest1000(price: 21728.91641959963, expected: &quot;21728.92 zł&quot;)" computerName="DESKTOP-5URQ9PB" duration="00:00:00.0000039" startTime="2022-06-13T21:15:24.6672690+02:00" endTime="2022-06-13T21:15:24.6672692+02:00" testType="13cdc9d9-ddb5-4fa4-a97d-d965ccfc6d4b" outcome="Passed" testListId="8c84fa94-04c1-424b-9868-57a2d4851a1d" relativeResultsDirectory="4dcfc334-ea7d-476a-a836-ee5c7004e049" />
    <UnitTestResult executionId="fda765e3-4270-4e5c-8d13-a7487efe6c7a" testId="ecb76390-c6f7-bfa0-1a99-45634c606ddc" testName="xUnitTestProject.CurrencyHelperTests.FormatToStringTest1000(price: 35248.53555717996, expected: &quot;35248.54 zł&quot;)" computerName="DESKTOP-5URQ9PB" duration="00:00:00.0000040" startTime="2022-06-13T21:15:24.6277866+02:00" endTime="2022-06-13T21:15:24.6277870+02:00" testType="13cdc9d9-ddb5-4fa4-a97d-d965ccfc6d4b" outcome="Passed" testListId="8c84fa94-04c1-424b-9868-57a2d4851a1d" relativeResultsDirectory="fda765e3-4270-4e5c-8d13-a7487efe6c7a" />
    <UnitTestResult executionId="a82be43e-89b7-4fba-acce-59db21900b28" testId="23aaa466-cf05-d364-17da-f1d2a5004cf2" testName="xUnitTestProject.CurrencyHelperTests.FormatToStringTest1000(price: 23684.695462791573, expected: &quot;23684.70 zł&quot;)" computerName="DESKTOP-5URQ9PB" duration="00:00:00.0000040" startTime="2022-06-13T21:15:24.6736801+02:00" endTime="2022-06-13T21:15:24.6736803+02:00" testType="13cdc9d9-ddb5-4fa4-a97d-d965ccfc6d4b" outcome="Passed" testListId="8c84fa94-04c1-424b-9868-57a2d4851a1d" relativeResultsDirectory="a82be43e-89b7-4fba-acce-59db21900b28" />
    <UnitTestResult executionId="31876b04-4c14-418f-9b99-6b3b2f51d10a" testId="3a8cda37-b7cc-323f-afa4-03303dd2ce88" testName="xUnitTestProject.CurrencyHelperTests.FormatToStringTest1000(price: 134.1514758393874, expected: &quot;134.15 zł&quot;)" computerName="DESKTOP-5URQ9PB" duration="00:00:00.0000048" startTime="2022-06-13T21:15:24.6786093+02:00" endTime="2022-06-13T21:15:24.6786094+02:00" testType="13cdc9d9-ddb5-4fa4-a97d-d965ccfc6d4b" outcome="Passed" testListId="8c84fa94-04c1-424b-9868-57a2d4851a1d" relativeResultsDirectory="31876b04-4c14-418f-9b99-6b3b2f51d10a" />
    <UnitTestResult executionId="b3f37eed-04ef-4cd8-8370-6cf02dde266a" testId="171141a5-7e7d-d227-6619-8929fed50e13" testName="xUnitTestProject.CurrencyHelperTests.FormatToStringTest1000(price: 806.960597043373, expected: &quot;806.96 zł&quot;)" computerName="DESKTOP-5URQ9PB" duration="00:00:00.0000041" startTime="2022-06-13T21:15:24.7097970+02:00" endTime="2022-06-13T21:15:24.7097971+02:00" testType="13cdc9d9-ddb5-4fa4-a97d-d965ccfc6d4b" outcome="Passed" testListId="8c84fa94-04c1-424b-9868-57a2d4851a1d" relativeResultsDirectory="b3f37eed-04ef-4cd8-8370-6cf02dde266a" />
    <UnitTestResult executionId="5a6bca6e-1023-469f-aeb1-fe53d3e9b5f1" testId="83c96126-428f-5139-26c1-00806d946a42" testName="xUnitTestProject.CurrencyHelperTests.FormatToStringTest1000(price: 22533.17694295811, expected: &quot;22533.18 zł&quot;)" computerName="DESKTOP-5URQ9PB" duration="00:00:00.0000041" startTime="2022-06-13T21:15:24.6848906+02:00" endTime="2022-06-13T21:15:24.6848908+02:00" testType="13cdc9d9-ddb5-4fa4-a97d-d965ccfc6d4b" outcome="Passed" testListId="8c84fa94-04c1-424b-9868-57a2d4851a1d" relativeResultsDirectory="5a6bca6e-1023-469f-aeb1-fe53d3e9b5f1" />
    <UnitTestResult executionId="aec469cf-9784-48c6-88ef-12b0efca83d5" testId="b6db6a04-ac79-c80a-e7d6-d9ff2d42f5f4" testName="xUnitTestProject.CurrencyHelperTests.FormatToStringTest1000(price: 75350.77330865282, expected: &quot;75350.77 zł&quot;)" computerName="DESKTOP-5URQ9PB" duration="00:00:00.0000040" startTime="2022-06-13T21:15:24.6624266+02:00" endTime="2022-06-13T21:15:24.6624268+02:00" testType="13cdc9d9-ddb5-4fa4-a97d-d965ccfc6d4b" outcome="Passed" testListId="8c84fa94-04c1-424b-9868-57a2d4851a1d" relativeResultsDirectory="aec469cf-9784-48c6-88ef-12b0efca83d5" />
    <UnitTestResult executionId="87b34570-d108-47ea-97c7-dce00e53446d" testId="dbb67156-6168-60a5-400a-6afe6eb000f2" testName="xUnitTestProject.CurrencyHelperTests.FormatToStringTest1000(price: 40400.9734049295, expected: &quot;40400.97 zł&quot;)" computerName="DESKTOP-5URQ9PB" duration="00:00:00.0000051" startTime="2022-06-13T21:15:24.6633579+02:00" endTime="2022-06-13T21:15:24.6633581+02:00" testType="13cdc9d9-ddb5-4fa4-a97d-d965ccfc6d4b" outcome="Passed" testListId="8c84fa94-04c1-424b-9868-57a2d4851a1d" relativeResultsDirectory="87b34570-d108-47ea-97c7-dce00e53446d" />
    <UnitTestResult executionId="c43e753f-b501-4274-b4f9-98e6a25c4a4d" testId="e62a06d7-081f-b513-c2d5-80ddeebcb813" testName="xUnitTestProject.CurrencyHelperTests.FormatToStringTest1000(price: 39531.95190033268, expected: &quot;39531.95 zł&quot;)" computerName="DESKTOP-5URQ9PB" duration="00:00:00.0000040" startTime="2022-06-13T21:15:24.6503333+02:00" endTime="2022-06-13T21:15:24.6503335+02:00" testType="13cdc9d9-ddb5-4fa4-a97d-d965ccfc6d4b" outcome="Passed" testListId="8c84fa94-04c1-424b-9868-57a2d4851a1d" relativeResultsDirectory="c43e753f-b501-4274-b4f9-98e6a25c4a4d" />
    <UnitTestResult executionId="76f9a2b8-4d8c-43aa-bfc4-0bff4b039a05" testId="f51f29d9-e43f-bc49-2068-6f7ccdbadb29" testName="xUnitTestProject.CurrencyHelperTests.FormatToStringTest1000(price: 21753.84773194969, expected: &quot;21753.85 zł&quot;)" computerName="DESKTOP-5URQ9PB" duration="00:00:00.0000041" startTime="2022-06-13T21:15:24.7276660+02:00" endTime="2022-06-13T21:15:24.7276662+02:00" testType="13cdc9d9-ddb5-4fa4-a97d-d965ccfc6d4b" outcome="Passed" testListId="8c84fa94-04c1-424b-9868-57a2d4851a1d" relativeResultsDirectory="76f9a2b8-4d8c-43aa-bfc4-0bff4b039a05" />
    <UnitTestResult executionId="eafd8f6e-194d-4b00-85bd-f32a18b913d7" testId="aef73524-5efd-2ad9-76a4-22b643281e1e" testName="xUnitTestProject.CurrencyHelperTests.FormatToStringTest1000(price: 13337.80490493486, expected: &quot;13337.80 zł&quot;)" computerName="DESKTOP-5URQ9PB" duration="00:00:00.0000041" startTime="2022-06-13T21:15:24.6340663+02:00" endTime="2022-06-13T21:15:24.6340667+02:00" testType="13cdc9d9-ddb5-4fa4-a97d-d965ccfc6d4b" outcome="Passed" testListId="8c84fa94-04c1-424b-9868-57a2d4851a1d" relativeResultsDirectory="eafd8f6e-194d-4b00-85bd-f32a18b913d7" />
    <UnitTestResult executionId="fb6b4946-7547-4f36-af50-745b29e6f60b" testId="650f8125-7e62-0be3-dcfc-dc1202eb9625" testName="xUnitTestProject.CurrencyHelperTests.FormatToStringTest1000(price: 55303.17220895699, expected: &quot;55303.17 zł&quot;)" computerName="DESKTOP-5URQ9PB" duration="00:00:00.0000041" startTime="2022-06-13T21:15:24.6248511+02:00" endTime="2022-06-13T21:15:24.6248512+02:00" testType="13cdc9d9-ddb5-4fa4-a97d-d965ccfc6d4b" outcome="Passed" testListId="8c84fa94-04c1-424b-9868-57a2d4851a1d" relativeResultsDirectory="fb6b4946-7547-4f36-af50-745b29e6f60b" />
    <UnitTestResult executionId="2fe8de38-4928-4365-a5de-3fb32be0871f" testId="996b214e-32e4-5376-d989-b4bc865084fe" testName="xUnitTestProject.CurrencyHelperTests.FormatToStringTest1000(price: 317.9090540706688, expected: &quot;317.91 zł&quot;)" computerName="DESKTOP-5URQ9PB" duration="00:00:00.0000052" startTime="2022-06-13T21:15:24.6905179+02:00" endTime="2022-06-13T21:15:24.6905182+02:00" testType="13cdc9d9-ddb5-4fa4-a97d-d965ccfc6d4b" outcome="Passed" testListId="8c84fa94-04c1-424b-9868-57a2d4851a1d" relativeResultsDirectory="2fe8de38-4928-4365-a5de-3fb32be0871f" />
    <UnitTestResult executionId="43b4c751-50dc-4b82-8de0-4c4d7c8c685f" testId="6e911663-e259-5040-7b6f-54c63fac8b3c" testName="xUnitTestProject.CurrencyHelperTests.FormatToStringTest1000(price: 11157.981051815665, expected: &quot;11157.98 zł&quot;)" computerName="DESKTOP-5URQ9PB" duration="00:00:00.0000041" startTime="2022-06-13T21:15:24.6905527+02:00" endTime="2022-06-13T21:15:24.6905529+02:00" testType="13cdc9d9-ddb5-4fa4-a97d-d965ccfc6d4b" outcome="Passed" testListId="8c84fa94-04c1-424b-9868-57a2d4851a1d" relativeResultsDirectory="43b4c751-50dc-4b82-8de0-4c4d7c8c685f" />
    <UnitTestResult executionId="f31c55c5-9b15-4f84-aaa0-a4a33f3d77ca" testId="a7d85aa3-fa07-4a18-0790-c9a84b87bfbf" testName="xUnitTestProject.CurrencyHelperTests.FormatToStringTest1000(price: 38614.292320713066, expected: &quot;38614.29 zł&quot;)" computerName="DESKTOP-5URQ9PB" duration="00:00:00.0000040" startTime="2022-06-13T21:15:24.7187143+02:00" endTime="2022-06-13T21:15:24.7187145+02:00" testType="13cdc9d9-ddb5-4fa4-a97d-d965ccfc6d4b" outcome="Passed" testListId="8c84fa94-04c1-424b-9868-57a2d4851a1d" relativeResultsDirectory="f31c55c5-9b15-4f84-aaa0-a4a33f3d77ca" />
    <UnitTestResult executionId="fee3b4ae-2a32-43f7-a1ae-c30c99c30ac0" testId="75e6c444-bc3b-aad1-8b9e-9567096a44b9" testName="xUnitTestProject.CurrencyHelperTests.FormatToStringTest1000(price: 49037.8109120586, expected: &quot;49037.81 zł&quot;)" computerName="DESKTOP-5URQ9PB" duration="00:00:00.0000041" startTime="2022-06-13T21:15:24.7001476+02:00" endTime="2022-06-13T21:15:24.7001478+02:00" testType="13cdc9d9-ddb5-4fa4-a97d-d965ccfc6d4b" outcome="Passed" testListId="8c84fa94-04c1-424b-9868-57a2d4851a1d" relativeResultsDirectory="fee3b4ae-2a32-43f7-a1ae-c30c99c30ac0" />
    <UnitTestResult executionId="8968f179-5c24-4157-870c-1e2afe0353df" testId="b82e8809-4def-9359-7a57-795e7616c335" testName="xUnitTestProject.CurrencyHelperTests.FormatToStringTest1000(price: 158.49784791027093, expected: &quot;158.50 zł&quot;)" computerName="DESKTOP-5URQ9PB" duration="00:00:00.0000041" startTime="2022-06-13T21:15:24.6816397+02:00" endTime="2022-06-13T21:15:24.6816398+02:00" testType="13cdc9d9-ddb5-4fa4-a97d-d965ccfc6d4b" outcome="Passed" testListId="8c84fa94-04c1-424b-9868-57a2d4851a1d" relativeResultsDirectory="8968f179-5c24-4157-870c-1e2afe0353df" />
    <UnitTestResult executionId="0e94e59c-803f-4ed4-a8d9-8f2cd7960505" testId="38b0259f-0bcb-8aec-4c3f-6a948a320426" testName="xUnitTestProject.CurrencyHelperTests.FormatToStringTest1000(price: 24137.016609529506, expected: &quot;24137.02 zł&quot;)" computerName="DESKTOP-5URQ9PB" duration="00:00:00.0000039" startTime="2022-06-13T21:15:24.7040258+02:00" endTime="2022-06-13T21:15:24.7040260+02:00" testType="13cdc9d9-ddb5-4fa4-a97d-d965ccfc6d4b" outcome="Passed" testListId="8c84fa94-04c1-424b-9868-57a2d4851a1d" relativeResultsDirectory="0e94e59c-803f-4ed4-a8d9-8f2cd7960505" />
    <UnitTestResult executionId="5a1b5d35-4696-4b45-93ca-777ee8d7e719" testId="fc18dbb3-2c7f-eef4-d751-3ff8a18e5fdc" testName="xUnitTestProject.CurrencyHelperTests.FormatToStringTest1000(price: 2718.1767171650085, expected: &quot;2718.18 zł&quot;)" computerName="DESKTOP-5URQ9PB" duration="00:00:00.0000041" startTime="2022-06-13T21:15:24.6182137+02:00" endTime="2022-06-13T21:15:24.6182138+02:00" testType="13cdc9d9-ddb5-4fa4-a97d-d965ccfc6d4b" outcome="Passed" testListId="8c84fa94-04c1-424b-9868-57a2d4851a1d" relativeResultsDirectory="5a1b5d35-4696-4b45-93ca-777ee8d7e719" />
    <UnitTestResult executionId="bd156083-c332-4e42-8dad-f53a55d40183" testId="c74f6017-9eb9-5854-4b62-c26b4cabe787" testName="xUnitTestProject.CurrencyHelperTests.FormatToStringTest1000(price: 49416.285282306504, expected: &quot;49416.29 zł&quot;)" computerName="DESKTOP-5URQ9PB" duration="00:00:00.0000043" startTime="2022-06-13T21:15:24.6289416+02:00" endTime="2022-06-13T21:15:24.6289417+02:00" testType="13cdc9d9-ddb5-4fa4-a97d-d965ccfc6d4b" outcome="Passed" testListId="8c84fa94-04c1-424b-9868-57a2d4851a1d" relativeResultsDirectory="bd156083-c332-4e42-8dad-f53a55d40183" />
    <UnitTestResult executionId="846e6e64-91c9-4104-b87b-9373db442e48" testId="6517f205-88c6-f2fb-89fe-a931711e4343" testName="xUnitTestProject.CurrencyHelperTests.FormatToStringTest1000(price: 4116.417580192638, expected: &quot;4116.42 zł&quot;)" computerName="DESKTOP-5URQ9PB" duration="00:00:00.0000040" startTime="2022-06-13T21:15:24.6897343+02:00" endTime="2022-06-13T21:15:24.6897345+02:00" testType="13cdc9d9-ddb5-4fa4-a97d-d965ccfc6d4b" outcome="Passed" testListId="8c84fa94-04c1-424b-9868-57a2d4851a1d" relativeResultsDirectory="846e6e64-91c9-4104-b87b-9373db442e48" />
    <UnitTestResult executionId="337c951d-ac43-4cde-9b67-0b811ba62442" testId="a8ba7efd-581f-551d-dd26-e7f6709e3995" testName="xUnitTestProject.CurrencyHelperTests.FormatToStringTest1000(price: 13453.429998117233, expected: &quot;13453.43 zł&quot;)" computerName="DESKTOP-5URQ9PB" duration="00:00:00.0000040" startTime="2022-06-13T21:15:24.6757776+02:00" endTime="2022-06-13T21:15:24.6757777+02:00" testType="13cdc9d9-ddb5-4fa4-a97d-d965ccfc6d4b" outcome="Passed" testListId="8c84fa94-04c1-424b-9868-57a2d4851a1d" relativeResultsDirectory="337c951d-ac43-4cde-9b67-0b811ba62442" />
    <UnitTestResult executionId="33321f83-5387-4a82-aa0f-ef9826c68e0f" testId="e8e3664d-13e4-e628-073d-8b88b9f9785c" testName="xUnitTestProject.CurrencyHelperTests.FormatToStringTest1000(price: 32262.93788198984, expected: &quot;32262.94 zł&quot;)" computerName="DESKTOP-5URQ9PB" duration="00:00:00.0000041" startTime="2022-06-13T21:15:24.7254417+02:00" endTime="2022-06-13T21:15:24.7254418+02:00" testType="13cdc9d9-ddb5-4fa4-a97d-d965ccfc6d4b" outcome="Passed" testListId="8c84fa94-04c1-424b-9868-57a2d4851a1d" relativeResultsDirectory="33321f83-5387-4a82-aa0f-ef9826c68e0f" />
    <UnitTestResult executionId="0e46fe75-740e-45e5-896a-bdfc7c7b518d" testId="d5c3657d-a220-d2b1-57c9-e4353f6b9eb6" testName="xUnitTestProject.CurrencyHelperTests.FormatToStringTest1000(price: 12125.090155628086, expected: &quot;12125.09 zł&quot;)" computerName="DESKTOP-5URQ9PB" duration="00:00:00.0000041" startTime="2022-06-13T21:15:24.7235336+02:00" endTime="2022-06-13T21:15:24.7235338+02:00" testType="13cdc9d9-ddb5-4fa4-a97d-d965ccfc6d4b" outcome="Passed" testListId="8c84fa94-04c1-424b-9868-57a2d4851a1d" relativeResultsDirectory="0e46fe75-740e-45e5-896a-bdfc7c7b518d" />
    <UnitTestResult executionId="fbefa1bd-bbdb-41b3-8233-66108a33155e" testId="631aa61c-5891-97bd-8c16-092dfa85bf9b" testName="xUnitTestProject.CurrencyHelperTests.FormatToStringTest1000(price: 35384.637112688106, expected: &quot;35384.64 zł&quot;)" computerName="DESKTOP-5URQ9PB" duration="00:00:00.0000041" startTime="2022-06-13T21:15:24.7020024+02:00" endTime="2022-06-13T21:15:24.7020026+02:00" testType="13cdc9d9-ddb5-4fa4-a97d-d965ccfc6d4b" outcome="Passed" testListId="8c84fa94-04c1-424b-9868-57a2d4851a1d" relativeResultsDirectory="fbefa1bd-bbdb-41b3-8233-66108a33155e" />
    <UnitTestResult executionId="838b5d63-1122-4dbf-935b-35e22e0938e4" testId="847ca950-a5c5-d084-8e4e-ab9e67678604" testName="xUnitTestProject.CurrencyHelperTests.FormatToStringTest1000(price: 1300.9430775404642, expected: &quot;1300.94 zł&quot;)" computerName="DESKTOP-5URQ9PB" duration="00:00:00.0000041" startTime="2022-06-13T21:15:24.6129747+02:00" endTime="2022-06-13T21:15:24.6129749+02:00" testType="13cdc9d9-ddb5-4fa4-a97d-d965ccfc6d4b" outcome="Passed" testListId="8c84fa94-04c1-424b-9868-57a2d4851a1d" relativeResultsDirectory="838b5d63-1122-4dbf-935b-35e22e0938e4" />
    <UnitTestResult executionId="c9106480-9727-4db3-8b44-18890510f7d9" testId="4167d107-473f-7d0a-c3aa-2c271677cfd1" testName="xUnitTestProject.CurrencyHelperTests.FormatToStringTest1000(price: 9657.360676611475, expected: &quot;9657.36 zł&quot;)" computerName="DESKTOP-5URQ9PB" duration="00:00:00.0000094" startTime="2022-06-13T21:15:24.6181493+02:00" endTime="2022-06-13T21:15:24.6181495+02:00" testType="13cdc9d9-ddb5-4fa4-a97d-d965ccfc6d4b" outcome="Passed" testListId="8c84fa94-04c1-424b-9868-57a2d4851a1d" relativeResultsDirectory="c9106480-9727-4db3-8b44-18890510f7d9" />
    <UnitTestResult executionId="9439360e-758e-4aeb-a52e-47859633872d" testId="9f966096-1641-bf42-1320-e9f57c98ec2f" testName="xUnitTestProject.CurrencyHelperTests.FormatToStringTest1000(price: 67338.80028760935, expected: &quot;67338.80 zł&quot;)" computerName="DESKTOP-5URQ9PB" duration="00:00:00.0000041" startTime="2022-06-13T21:15:24.6394509+02:00" endTime="2022-06-13T21:15:24.6394511+02:00" testType="13cdc9d9-ddb5-4fa4-a97d-d965ccfc6d4b" outcome="Passed" testListId="8c84fa94-04c1-424b-9868-57a2d4851a1d" relativeResultsDirectory="9439360e-758e-4aeb-a52e-47859633872d" />
    <UnitTestResult executionId="1dbc8331-ef7a-47e0-bb8f-b2c0eeda5d40" testId="a711a8fd-55fb-fc36-f795-72cedac95d24" testName="xUnitTestProject.CurrencyHelperTests.FormatToStringTest1000(price: 18032.4720825476, expected: &quot;18032.47 zł&quot;)" computerName="DESKTOP-5URQ9PB" duration="00:00:00.0000040" startTime="2022-06-13T21:15:24.7176153+02:00" endTime="2022-06-13T21:15:24.7176157+02:00" testType="13cdc9d9-ddb5-4fa4-a97d-d965ccfc6d4b" outcome="Passed" testListId="8c84fa94-04c1-424b-9868-57a2d4851a1d" relativeResultsDirectory="1dbc8331-ef7a-47e0-bb8f-b2c0eeda5d40" />
    <UnitTestResult executionId="7d6c2193-eb00-4c6e-b4ab-5716010b93b6" testId="73d2aaa8-ac83-ede5-fed4-5dcf1194783f" testName="xUnitTestProject.CurrencyHelperTests.FormatToStringTest1000(price: 12283.48626129026, expected: &quot;12283.49 zł&quot;)" computerName="DESKTOP-5URQ9PB" duration="00:00:00.0000041" startTime="2022-06-13T21:15:24.6806364+02:00" endTime="2022-06-13T21:15:24.6806366+02:00" testType="13cdc9d9-ddb5-4fa4-a97d-d965ccfc6d4b" outcome="Passed" testListId="8c84fa94-04c1-424b-9868-57a2d4851a1d" relativeResultsDirectory="7d6c2193-eb00-4c6e-b4ab-5716010b93b6" />
    <UnitTestResult executionId="25eb25f2-3129-46fd-89b6-57b5450757d7" testId="a33a7227-7248-ce4e-bb18-77c33faa0f1a" testName="xUnitTestProject.CurrencyHelperTests.FormatToStringTest1000(price: 24528.124092612474, expected: &quot;24528.12 zł&quot;)" computerName="DESKTOP-5URQ9PB" duration="00:00:00.0000038" startTime="2022-06-13T21:15:24.7050024+02:00" endTime="2022-06-13T21:15:24.7050025+02:00" testType="13cdc9d9-ddb5-4fa4-a97d-d965ccfc6d4b" outcome="Passed" testListId="8c84fa94-04c1-424b-9868-57a2d4851a1d" relativeResultsDirectory="25eb25f2-3129-46fd-89b6-57b5450757d7" />
    <UnitTestResult executionId="e3e98669-cb87-4a8c-a1da-479b6fa9587d" testId="d674a2b2-91f4-595f-2a5d-e8f6a4053ca1" testName="xUnitTestProject.CurrencyHelperTests.FormatToStringTest1000(price: 8851.904041135638, expected: &quot;8851.90 zł&quot;)" computerName="DESKTOP-5URQ9PB" duration="00:00:00.0000041" startTime="2022-06-13T21:15:24.6980438+02:00" endTime="2022-06-13T21:15:24.6980439+02:00" testType="13cdc9d9-ddb5-4fa4-a97d-d965ccfc6d4b" outcome="Passed" testListId="8c84fa94-04c1-424b-9868-57a2d4851a1d" relativeResultsDirectory="e3e98669-cb87-4a8c-a1da-479b6fa9587d" />
    <UnitTestResult executionId="ef036417-7b19-4ef2-8748-c4ad517c6f92" testId="2155bccb-482b-2346-834b-1eb7ea617ead" testName="xUnitTestProject.CurrencyHelperTests.FormatToStringTest1000(price: 6146.91236741278, expected: &quot;6146.91 zł&quot;)" computerName="DESKTOP-5URQ9PB" duration="00:00:00.0000040" startTime="2022-06-13T21:15:24.6405661+02:00" endTime="2022-06-13T21:15:24.6405662+02:00" testType="13cdc9d9-ddb5-4fa4-a97d-d965ccfc6d4b" outcome="Passed" testListId="8c84fa94-04c1-424b-9868-57a2d4851a1d" relativeResultsDirectory="ef036417-7b19-4ef2-8748-c4ad517c6f92" />
    <UnitTestResult executionId="96ebbafb-0845-4051-b31c-0080a4e19050" testId="6dcc8842-a927-f371-cf06-32198da79abc" testName="xUnitTestProject.CurrencyHelperTests.FormatToStringTest1000(price: 17455.15807988595, expected: &quot;17455.16 zł&quot;)" computerName="DESKTOP-5URQ9PB" duration="00:00:00.0000039" startTime="2022-06-13T21:15:24.7215022+02:00" endTime="2022-06-13T21:15:24.7215025+02:00" testType="13cdc9d9-ddb5-4fa4-a97d-d965ccfc6d4b" outcome="Passed" testListId="8c84fa94-04c1-424b-9868-57a2d4851a1d" relativeResultsDirectory="96ebbafb-0845-4051-b31c-0080a4e19050" />
    <UnitTestResult executionId="dd963d75-c7fb-4c1a-9a1d-55ff534f5fe3" testId="0e945364-42c0-3773-924e-a8c9f3ec6d3e" testName="xUnitTestProject.CurrencyHelperTests.FormatToStringTest1000(price: 22367.991005544547, expected: &quot;22367.99 zł&quot;)" computerName="DESKTOP-5URQ9PB" duration="00:00:00.0000040" startTime="2022-06-13T21:15:24.6623631+02:00" endTime="2022-06-13T21:15:24.6623633+02:00" testType="13cdc9d9-ddb5-4fa4-a97d-d965ccfc6d4b" outcome="Passed" testListId="8c84fa94-04c1-424b-9868-57a2d4851a1d" relativeResultsDirectory="dd963d75-c7fb-4c1a-9a1d-55ff534f5fe3" />
    <UnitTestResult executionId="74ce5c43-e64d-4a78-a92a-382d9365263f" testId="e905c24a-e819-fe18-0852-b70c2080c17c" testName="xUnitTestProject.CurrencyHelperTests.FormatToStringTest1000(price: 23282.56178903047, expected: &quot;23282.56 zł&quot;)" computerName="DESKTOP-5URQ9PB" duration="00:00:00.0000041" startTime="2022-06-13T21:15:24.6463409+02:00" endTime="2022-06-13T21:15:24.6463411+02:00" testType="13cdc9d9-ddb5-4fa4-a97d-d965ccfc6d4b" outcome="Passed" testListId="8c84fa94-04c1-424b-9868-57a2d4851a1d" relativeResultsDirectory="74ce5c43-e64d-4a78-a92a-382d9365263f" />
    <UnitTestResult executionId="be03902f-576d-458d-8ee3-36e703787afe" testId="560147e0-585f-3c73-5235-3ae492c399e0" testName="xUnitTestProject.CurrencyHelperTests.FormatToStringTest1000(price: 31340.79231238914, expected: &quot;31340.79 zł&quot;)" computerName="DESKTOP-5URQ9PB" duration="00:00:00.0000040" startTime="2022-06-13T21:15:24.6332720+02:00" endTime="2022-06-13T21:15:24.6332721+02:00" testType="13cdc9d9-ddb5-4fa4-a97d-d965ccfc6d4b" outcome="Passed" testListId="8c84fa94-04c1-424b-9868-57a2d4851a1d" relativeResultsDirectory="be03902f-576d-458d-8ee3-36e703787afe" />
    <UnitTestResult executionId="baf05cb1-21c3-43f4-b15f-ec4bef77d2a8" testId="3d5d455f-8b5b-9efe-5bfb-ffa440cd9adb" testName="xUnitTestProject.CurrencyHelperTests.FormatToStringTest1000(price: 34145.534199603615, expected: &quot;34145.53 zł&quot;)" computerName="DESKTOP-5URQ9PB" duration="00:00:00.0000040" startTime="2022-06-13T21:15:24.6757467+02:00" endTime="2022-06-13T21:15:24.6757469+02:00" testType="13cdc9d9-ddb5-4fa4-a97d-d965ccfc6d4b" outcome="Passed" testListId="8c84fa94-04c1-424b-9868-57a2d4851a1d" relativeResultsDirectory="baf05cb1-21c3-43f4-b15f-ec4bef77d2a8" />
    <UnitTestResult executionId="2bf962be-ae53-426d-907e-fd03ff45fbbb" testId="33b7f528-129d-12a3-ccd2-fd1f055d858f" testName="xUnitTestProject.CurrencyHelperTests.FormatToStringTest1000(price: 44930.92203801075, expected: &quot;44930.92 zł&quot;)" computerName="DESKTOP-5URQ9PB" duration="00:00:00.0000049" startTime="2022-06-13T21:15:24.6936961+02:00" endTime="2022-06-13T21:15:24.6936962+02:00" testType="13cdc9d9-ddb5-4fa4-a97d-d965ccfc6d4b" outcome="Passed" testListId="8c84fa94-04c1-424b-9868-57a2d4851a1d" relativeResultsDirectory="2bf962be-ae53-426d-907e-fd03ff45fbbb" />
    <UnitTestResult executionId="404ca181-40ed-4a93-b640-00ce128baa8f" testId="0dda947f-a97a-e494-3314-a0e77995fdce" testName="xUnitTestProject.CurrencyHelperTests.FormatToStringTest1000(price: 19216.446905020366, expected: &quot;19216.45 zł&quot;)" computerName="DESKTOP-5URQ9PB" duration="00:00:00.0000041" startTime="2022-06-13T21:15:24.6257443+02:00" endTime="2022-06-13T21:15:24.6257445+02:00" testType="13cdc9d9-ddb5-4fa4-a97d-d965ccfc6d4b" outcome="Passed" testListId="8c84fa94-04c1-424b-9868-57a2d4851a1d" relativeResultsDirectory="404ca181-40ed-4a93-b640-00ce128baa8f" />
    <UnitTestResult executionId="a3821cef-7aaf-4b1b-a3c3-02d6a0f4f920" testId="a5e0b38b-1cb1-a5af-a5f1-f247fd82227e" testName="xUnitTestProject.CurrencyHelperTests.FormatToStringTest1000(price: 45445.182098106096, expected: &quot;45445.18 zł&quot;)" computerName="DESKTOP-5URQ9PB" duration="00:00:00.0000041" startTime="2022-06-13T21:15:24.6846723+02:00" endTime="2022-06-13T21:15:24.6846724+02:00" testType="13cdc9d9-ddb5-4fa4-a97d-d965ccfc6d4b" outcome="Passed" testListId="8c84fa94-04c1-424b-9868-57a2d4851a1d" relativeResultsDirectory="a3821cef-7aaf-4b1b-a3c3-02d6a0f4f920" />
    <UnitTestResult executionId="79acc13e-7eda-4aa0-85a1-5be1c4544136" testId="984ccf4b-e758-da57-870c-fdaae5c09395" testName="xUnitTestProject.CurrencyHelperTests.FormatToStringTest1000(price: 11584.045280779732, expected: &quot;11584.05 zł&quot;)" computerName="DESKTOP-5URQ9PB" duration="00:00:00.0000041" startTime="2022-06-13T21:15:24.6268615+02:00" endTime="2022-06-13T21:15:24.6268617+02:00" testType="13cdc9d9-ddb5-4fa4-a97d-d965ccfc6d4b" outcome="Passed" testListId="8c84fa94-04c1-424b-9868-57a2d4851a1d" relativeResultsDirectory="79acc13e-7eda-4aa0-85a1-5be1c4544136" />
    <UnitTestResult executionId="4a192dcd-831c-4577-a82f-0c505e84aff8" testId="65d35c13-0e19-06e3-2b90-fbf07f6234bd" testName="xUnitTestProject.CurrencyHelperTests.FormatToStringTest1000(price: 63427.55325689332, expected: &quot;63427.55 zł&quot;)" computerName="DESKTOP-5URQ9PB" duration="00:00:00.0000043" startTime="2022-06-13T21:15:24.6246241+02:00" endTime="2022-06-13T21:15:24.6246247+02:00" testType="13cdc9d9-ddb5-4fa4-a97d-d965ccfc6d4b" outcome="Passed" testListId="8c84fa94-04c1-424b-9868-57a2d4851a1d" relativeResultsDirectory="4a192dcd-831c-4577-a82f-0c505e84aff8" />
    <UnitTestResult executionId="a7e20176-2b6b-4022-91c2-da90f5bf31fd" testId="30971562-18c2-709e-97a4-74161badb09c" testName="xUnitTestProject.CurrencyHelperTests.FormatToStringTest1000(price: 28579.14698705503, expected: &quot;28579.15 zł&quot;)" computerName="DESKTOP-5URQ9PB" duration="00:00:00.0000041" startTime="2022-06-13T21:15:24.6915928+02:00" endTime="2022-06-13T21:15:24.6915930+02:00" testType="13cdc9d9-ddb5-4fa4-a97d-d965ccfc6d4b" outcome="Passed" testListId="8c84fa94-04c1-424b-9868-57a2d4851a1d" relativeResultsDirectory="a7e20176-2b6b-4022-91c2-da90f5bf31fd" />
    <UnitTestResult executionId="d20a0275-676b-4f13-9dd0-df69b8cc33a0" testId="e099abd9-c51a-27c3-fe30-7b74e00a337f" testName="xUnitTestProject.CurrencyHelperTests.FormatToStringTest1000(price: 16957.4523676757, expected: &quot;16957.45 zł&quot;)" computerName="DESKTOP-5URQ9PB" duration="00:00:00.0000050" startTime="2022-06-13T21:15:24.6767506+02:00" endTime="2022-06-13T21:15:24.6767508+02:00" testType="13cdc9d9-ddb5-4fa4-a97d-d965ccfc6d4b" outcome="Passed" testListId="8c84fa94-04c1-424b-9868-57a2d4851a1d" relativeResultsDirectory="d20a0275-676b-4f13-9dd0-df69b8cc33a0" />
    <UnitTestResult executionId="ab89497e-a416-4b26-9f55-731d5262be6f" testId="4fa0fe8a-60b4-1b4b-175d-a18573723ba2" testName="xUnitTestProject.CurrencyHelperTests.FormatToStringTest1000(price: 16190.113943164757, expected: &quot;16190.11 zł&quot;)" computerName="DESKTOP-5URQ9PB" duration="00:00:00.0000041" startTime="2022-06-13T21:15:24.6816048+02:00" endTime="2022-06-13T21:15:24.6816052+02:00" testType="13cdc9d9-ddb5-4fa4-a97d-d965ccfc6d4b" outcome="Passed" testListId="8c84fa94-04c1-424b-9868-57a2d4851a1d" relativeResultsDirectory="ab89497e-a416-4b26-9f55-731d5262be6f" />
    <UnitTestResult executionId="8ee8bf6c-3cad-4816-899b-24ecba5db676" testId="2816ac64-5eac-8f30-91ba-bdceffb7dd71" testName="xUnitTestProject.CurrencyHelperTests.FormatToStringTest1000(price: 48684.26840475959, expected: &quot;48684.27 zł&quot;)" computerName="DESKTOP-5URQ9PB" duration="00:00:00.0000040" startTime="2022-06-13T21:15:24.6745634+02:00" endTime="2022-06-13T21:15:24.6745638+02:00" testType="13cdc9d9-ddb5-4fa4-a97d-d965ccfc6d4b" outcome="Passed" testListId="8c84fa94-04c1-424b-9868-57a2d4851a1d" relativeResultsDirectory="8ee8bf6c-3cad-4816-899b-24ecba5db676" />
    <UnitTestResult executionId="f34a56b7-b961-4e5d-a6c9-6866ca298d6c" testId="72e1721e-ca6c-63c9-59ef-8aef6ff15353" testName="xUnitTestProject.CurrencyHelperTests.FormatToStringTest1000(price: 13541.45472935096, expected: &quot;13541.45 zł&quot;)" computerName="DESKTOP-5URQ9PB" duration="00:00:00.0000039" startTime="2022-06-13T21:15:24.6562538+02:00" endTime="2022-06-13T21:15:24.6562543+02:00" testType="13cdc9d9-ddb5-4fa4-a97d-d965ccfc6d4b" outcome="Passed" testListId="8c84fa94-04c1-424b-9868-57a2d4851a1d" relativeResultsDirectory="f34a56b7-b961-4e5d-a6c9-6866ca298d6c" />
    <UnitTestResult executionId="c18b8062-93be-4de7-bea2-a7a5feb0bdaa" testId="e06b8219-62b1-a0bc-a073-2837868b5c0e" testName="xUnitTestProject.CurrencyHelperTests.FormatToStringTest1000(price: 1108.7197928823157, expected: &quot;1108.72 zł&quot;)" computerName="DESKTOP-5URQ9PB" duration="00:00:00.0000040" startTime="2022-06-13T21:15:24.6492924+02:00" endTime="2022-06-13T21:15:24.6492926+02:00" testType="13cdc9d9-ddb5-4fa4-a97d-d965ccfc6d4b" outcome="Passed" testListId="8c84fa94-04c1-424b-9868-57a2d4851a1d" relativeResultsDirectory="c18b8062-93be-4de7-bea2-a7a5feb0bdaa" />
    <UnitTestResult executionId="623e0073-8fc6-406f-a84b-590896ac36b5" testId="0df7d709-570d-9a2b-20b2-9824d27442ba" testName="xUnitTestProject.CurrencyHelperTests.FormatToStringTest1000(price: 54578.37303904275, expected: &quot;54578.37 zł&quot;)" computerName="DESKTOP-5URQ9PB" duration="00:00:00.0000040" startTime="2022-06-13T21:15:24.7020336+02:00" endTime="2022-06-13T21:15:24.7020337+02:00" testType="13cdc9d9-ddb5-4fa4-a97d-d965ccfc6d4b" outcome="Passed" testListId="8c84fa94-04c1-424b-9868-57a2d4851a1d" relativeResultsDirectory="623e0073-8fc6-406f-a84b-590896ac36b5" />
    <UnitTestResult executionId="072209c3-5af0-4496-b286-865776caebff" testId="b96da561-72c0-f108-100e-28aea4f8d524" testName="xUnitTestProject.CurrencyHelperTests.FormatToStringTest1000(price: 9818.257405763146, expected: &quot;9818.26 zł&quot;)" computerName="DESKTOP-5URQ9PB" duration="00:00:00.0000039" startTime="2022-06-13T21:15:24.6614102+02:00" endTime="2022-06-13T21:15:24.6614106+02:00" testType="13cdc9d9-ddb5-4fa4-a97d-d965ccfc6d4b" outcome="Passed" testListId="8c84fa94-04c1-424b-9868-57a2d4851a1d" relativeResultsDirectory="072209c3-5af0-4496-b286-865776caebff" />
    <UnitTestResult executionId="0c6fb972-7540-4401-8a44-64b92797a6a0" testId="102bb5fe-d832-e7b4-1cec-260995c71130" testName="xUnitTestProject.CurrencyHelperTests.FormatToStringTest1000(price: 57564.498126061866, expected: &quot;57564.50 zł&quot;)" computerName="DESKTOP-5URQ9PB" duration="00:00:00.0000041" startTime="2022-06-13T21:15:24.6267290+02:00" endTime="2022-06-13T21:15:24.6267294+02:00" testType="13cdc9d9-ddb5-4fa4-a97d-d965ccfc6d4b" outcome="Passed" testListId="8c84fa94-04c1-424b-9868-57a2d4851a1d" relativeResultsDirectory="0c6fb972-7540-4401-8a44-64b92797a6a0" />
    <UnitTestResult executionId="800887aa-7f0a-470e-ae16-403255572930" testId="331cc2f7-a1fa-edcf-e9a4-854a4876fe8a" testName="xUnitTestProject.CurrencyHelperTests.FormatToStringTest1000(price: 79764.77845563217, expected: &quot;79764.78 zł&quot;)" computerName="DESKTOP-5URQ9PB" duration="00:00:00.0000041" startTime="2022-06-13T21:15:24.6217402+02:00" endTime="2022-06-13T21:15:24.6217404+02:00" testType="13cdc9d9-ddb5-4fa4-a97d-d965ccfc6d4b" outcome="Passed" testListId="8c84fa94-04c1-424b-9868-57a2d4851a1d" relativeResultsDirectory="800887aa-7f0a-470e-ae16-403255572930" />
    <UnitTestResult executionId="bcca3a73-72f5-4c98-aa37-966a276853b1" testId="15a5c8eb-0c90-a7e4-0dc8-5ce2be1587d5" testName="xUnitTestProject.CurrencyHelperTests.FormatToStringTest1000(price: 74851.91547305691, expected: &quot;74851.92 zł&quot;)" computerName="DESKTOP-5URQ9PB" duration="00:00:00.0000041" startTime="2022-06-13T21:15:24.6182765+02:00" endTime="2022-06-13T21:15:24.6182767+02:00" testType="13cdc9d9-ddb5-4fa4-a97d-d965ccfc6d4b" outcome="Passed" testListId="8c84fa94-04c1-424b-9868-57a2d4851a1d" relativeResultsDirectory="bcca3a73-72f5-4c98-aa37-966a276853b1" />
    <UnitTestResult executionId="45f4cbcc-3eac-488d-9ed9-c8832c46eb54" testId="a1fbb77d-adf8-8ccd-4022-16be128e7ade" testName="xUnitTestProject.CurrencyHelperTests.FormatToStringTest1000(price: 5504.094303639184, expected: &quot;5504.09 zł&quot;)" computerName="DESKTOP-5URQ9PB" duration="00:00:00.0000041" startTime="2022-06-13T21:15:24.7127777+02:00" endTime="2022-06-13T21:15:24.7127779+02:00" testType="13cdc9d9-ddb5-4fa4-a97d-d965ccfc6d4b" outcome="Passed" testListId="8c84fa94-04c1-424b-9868-57a2d4851a1d" relativeResultsDirectory="45f4cbcc-3eac-488d-9ed9-c8832c46eb54" />
    <UnitTestResult executionId="33d85385-2d24-4c38-bea5-01f6e2fd65df" testId="2a9faf6f-4d21-d971-4115-0a2cf31c75ab" testName="xUnitTestProject.CurrencyHelperTests.FormatToStringTest1000(price: 658.7555888573431, expected: &quot;658.76 zł&quot;)" computerName="DESKTOP-5URQ9PB" duration="00:00:00.0000040" startTime="2022-06-13T21:15:24.7306519+02:00" endTime="2022-06-13T21:15:24.7306520+02:00" testType="13cdc9d9-ddb5-4fa4-a97d-d965ccfc6d4b" outcome="Passed" testListId="8c84fa94-04c1-424b-9868-57a2d4851a1d" relativeResultsDirectory="33d85385-2d24-4c38-bea5-01f6e2fd65df" />
    <UnitTestResult executionId="a154c795-9347-4087-bc16-fe8dd7b9bf5c" testId="4e2fa441-f609-cc78-7eb6-a2fea9348b3f" testName="xUnitTestProject.CurrencyHelperTests.FormatToStringTest1000(price: 63291.50274994015, expected: &quot;63291.50 zł&quot;)" computerName="DESKTOP-5URQ9PB" duration="00:00:00.0000041" startTime="2022-06-13T21:15:24.6696902+02:00" endTime="2022-06-13T21:15:24.6696904+02:00" testType="13cdc9d9-ddb5-4fa4-a97d-d965ccfc6d4b" outcome="Passed" testListId="8c84fa94-04c1-424b-9868-57a2d4851a1d" relativeResultsDirectory="a154c795-9347-4087-bc16-fe8dd7b9bf5c" />
    <UnitTestResult executionId="b1a427fc-1efd-45e8-82b7-8a5a6eb83b60" testId="82e67c06-9849-1902-4582-6ac1133c7960" testName="xUnitTestProject.CurrencyHelperTests.FormatToStringTest1000(price: 657.5396922647672, expected: &quot;657.54 zł&quot;)" computerName="DESKTOP-5URQ9PB" duration="00:00:00.0000040" startTime="2022-06-13T21:15:24.7048149+02:00" endTime="2022-06-13T21:15:24.7048150+02:00" testType="13cdc9d9-ddb5-4fa4-a97d-d965ccfc6d4b" outcome="Passed" testListId="8c84fa94-04c1-424b-9868-57a2d4851a1d" relativeResultsDirectory="b1a427fc-1efd-45e8-82b7-8a5a6eb83b60" />
    <UnitTestResult executionId="0ce5cad3-aefb-48c9-b889-96d5fba3d90b" testId="1230a279-f763-f5b9-8b74-e3286d54a1e7" testName="xUnitTestProject.CurrencyHelperTests.FormatToStringTest1000(price: 1963.0091662979728, expected: &quot;1963.01 zł&quot;)" computerName="DESKTOP-5URQ9PB" duration="00:00:00.0000041" startTime="2022-06-13T21:15:24.6288737+02:00" endTime="2022-06-13T21:15:24.6288739+02:00" testType="13cdc9d9-ddb5-4fa4-a97d-d965ccfc6d4b" outcome="Passed" testListId="8c84fa94-04c1-424b-9868-57a2d4851a1d" relativeResultsDirectory="0ce5cad3-aefb-48c9-b889-96d5fba3d90b" />
    <UnitTestResult executionId="95bf6ac4-f6d7-40dc-9cce-3066affb28a4" testId="2903f8f9-605c-f4a1-c251-e272e8faf58d" testName="xUnitTestProject.CurrencyHelperTests.FormatToStringTest1000(price: 40857.08543233996, expected: &quot;40857.09 zł&quot;)" computerName="DESKTOP-5URQ9PB" duration="00:00:00.0000040" startTime="2022-06-13T21:15:24.6738363+02:00" endTime="2022-06-13T21:15:24.6738364+02:00" testType="13cdc9d9-ddb5-4fa4-a97d-d965ccfc6d4b" outcome="Passed" testListId="8c84fa94-04c1-424b-9868-57a2d4851a1d" relativeResultsDirectory="95bf6ac4-f6d7-40dc-9cce-3066affb28a4" />
    <UnitTestResult executionId="06a43222-fc9b-4528-ba95-32ce3252c2a9" testId="459b3c16-63b4-fc77-bb08-22086969eb93" testName="xUnitTestProject.CurrencyHelperTests.FormatToStringTest1000(price: 8599.45217413616, expected: &quot;8599.45 zł&quot;)" computerName="DESKTOP-5URQ9PB" duration="00:00:00.0000039" startTime="2022-06-13T21:15:24.6755563+02:00" endTime="2022-06-13T21:15:24.6755568+02:00" testType="13cdc9d9-ddb5-4fa4-a97d-d965ccfc6d4b" outcome="Passed" testListId="8c84fa94-04c1-424b-9868-57a2d4851a1d" relativeResultsDirectory="06a43222-fc9b-4528-ba95-32ce3252c2a9" />
    <UnitTestResult executionId="c57c0e09-833d-4144-aecb-f5092e9b79c7" testId="7e29f92d-fa8b-6742-a856-fa32047034c5" testName="xUnitTestProject.CurrencyHelperTests.FormatToStringTest1000(price: 16825.83099003268, expected: &quot;16825.83 zł&quot;)" computerName="DESKTOP-5URQ9PB" duration="00:00:00.0000040" startTime="2022-06-13T21:15:24.7178707+02:00" endTime="2022-06-13T21:15:24.7178708+02:00" testType="13cdc9d9-ddb5-4fa4-a97d-d965ccfc6d4b" outcome="Passed" testListId="8c84fa94-04c1-424b-9868-57a2d4851a1d" relativeResultsDirectory="c57c0e09-833d-4144-aecb-f5092e9b79c7" />
    <UnitTestResult executionId="92b503fe-cdab-41e8-9c73-9f6e1262c0ea" testId="9c8eee20-620b-e0aa-1580-d34a7e65e392" testName="xUnitTestProject.CurrencyHelperTests.FormatToStringTest1000(price: 9151.103070427245, expected: &quot;9151.10 zł&quot;)" computerName="DESKTOP-5URQ9PB" duration="00:00:00.0000041" startTime="2022-06-13T21:15:24.7087887+02:00" endTime="2022-06-13T21:15:24.7087889+02:00" testType="13cdc9d9-ddb5-4fa4-a97d-d965ccfc6d4b" outcome="Passed" testListId="8c84fa94-04c1-424b-9868-57a2d4851a1d" relativeResultsDirectory="92b503fe-cdab-41e8-9c73-9f6e1262c0ea" />
    <UnitTestResult executionId="b3ca8b17-5adc-4fae-baa5-b1cde7980067" testId="d380f6a1-83cc-0c12-360c-ba81b340bce2" testName="xUnitTestProject.CurrencyHelperTests.FormatToStringTest1000(price: 36320.770035296104, expected: &quot;36320.77 zł&quot;)" computerName="DESKTOP-5URQ9PB" duration="00:00:00.0000041" startTime="2022-06-13T21:15:24.6885581+02:00" endTime="2022-06-13T21:15:24.6885586+02:00" testType="13cdc9d9-ddb5-4fa4-a97d-d965ccfc6d4b" outcome="Passed" testListId="8c84fa94-04c1-424b-9868-57a2d4851a1d" relativeResultsDirectory="b3ca8b17-5adc-4fae-baa5-b1cde7980067" />
    <UnitTestResult executionId="e3d35e44-c0d8-4b42-b385-16e255a316d3" testId="99e7c5dd-ce54-9083-5f21-8bd4ff4149bd" testName="xUnitTestProject.CurrencyHelperTests.FormatToStringTest1000(price: 9867.823212210007, expected: &quot;9867.82 zł&quot;)" computerName="DESKTOP-5URQ9PB" duration="00:00:00.0000041" startTime="2022-06-13T21:15:24.7097015+02:00" endTime="2022-06-13T21:15:24.7097017+02:00" testType="13cdc9d9-ddb5-4fa4-a97d-d965ccfc6d4b" outcome="Passed" testListId="8c84fa94-04c1-424b-9868-57a2d4851a1d" relativeResultsDirectory="e3d35e44-c0d8-4b42-b385-16e255a316d3" />
    <UnitTestResult executionId="297b6eff-2d91-447c-9e01-097205a851d2" testId="ff7ab5c9-17cd-23b9-cfc1-99026e4f14ac" testName="xUnitTestProject.CurrencyHelperTests.FormatToStringTest1000(price: 27164.0272410419, expected: &quot;27164.03 zł&quot;)" computerName="DESKTOP-5URQ9PB" duration="00:00:00.0000041" startTime="2022-06-13T21:15:24.7276349+02:00" endTime="2022-06-13T21:15:24.7276351+02:00" testType="13cdc9d9-ddb5-4fa4-a97d-d965ccfc6d4b" outcome="Passed" testListId="8c84fa94-04c1-424b-9868-57a2d4851a1d" relativeResultsDirectory="297b6eff-2d91-447c-9e01-097205a851d2" />
    <UnitTestResult executionId="a325f856-bd74-47b7-87c6-ddd0813a931b" testId="6741f227-11b2-eae5-6fc9-c96d18a30eb3" testName="xUnitTestProject.CurrencyHelperTests.FormatToStringTest1000(price: 964.9678631783313, expected: &quot;964.97 zł&quot;)" computerName="DESKTOP-5URQ9PB" duration="00:00:00.0000040" startTime="2022-06-13T21:15:24.6838800+02:00" endTime="2022-06-13T21:15:24.6838802+02:00" testType="13cdc9d9-ddb5-4fa4-a97d-d965ccfc6d4b" outcome="Passed" testListId="8c84fa94-04c1-424b-9868-57a2d4851a1d" relativeResultsDirectory="a325f856-bd74-47b7-87c6-ddd0813a931b" />
    <UnitTestResult executionId="42139e3a-ea07-44b8-9ac3-06f2845c1c0d" testId="3dca0048-5c2b-c7cd-4eca-6367cfc4f1ca" testName="xUnitTestProject.CurrencyHelperTests.FormatToStringTest1000(price: 6752.510462437062, expected: &quot;6752.51 zł&quot;)" computerName="DESKTOP-5URQ9PB" duration="00:00:00.0000041" startTime="2022-06-13T21:15:24.6906163+02:00" endTime="2022-06-13T21:15:24.6906164+02:00" testType="13cdc9d9-ddb5-4fa4-a97d-d965ccfc6d4b" outcome="Passed" testListId="8c84fa94-04c1-424b-9868-57a2d4851a1d" relativeResultsDirectory="42139e3a-ea07-44b8-9ac3-06f2845c1c0d" />
    <UnitTestResult executionId="42d2285b-54c3-4f53-82f2-09308a64b5b2" testId="33ba7c37-d825-e74e-e294-1a6f561fb224" testName="xUnitTestProject.CurrencyHelperTests.FormatToStringTest1000(price: 22248.263319677797, expected: &quot;22248.26 zł&quot;)" computerName="DESKTOP-5URQ9PB" duration="00:00:00.0000040" startTime="2022-06-13T21:15:24.6583086+02:00" endTime="2022-06-13T21:15:24.6583087+02:00" testType="13cdc9d9-ddb5-4fa4-a97d-d965ccfc6d4b" outcome="Passed" testListId="8c84fa94-04c1-424b-9868-57a2d4851a1d" relativeResultsDirectory="42d2285b-54c3-4f53-82f2-09308a64b5b2" />
    <UnitTestResult executionId="20b9bad3-483f-422d-b0c6-2c21a0331c26" testId="5c64f629-e66f-8e20-9c2d-0a7cb867d56d" testName="xUnitTestProject.CurrencyHelperTests.FormatToStringTest1000(price: 743.047944508981, expected: &quot;743.05 zł&quot;)" computerName="DESKTOP-5URQ9PB" duration="00:00:00.0000040" startTime="2022-06-13T21:15:24.7295487+02:00" endTime="2022-06-13T21:15:24.7295488+02:00" testType="13cdc9d9-ddb5-4fa4-a97d-d965ccfc6d4b" outcome="Passed" testListId="8c84fa94-04c1-424b-9868-57a2d4851a1d" relativeResultsDirectory="20b9bad3-483f-422d-b0c6-2c21a0331c26" />
    <UnitTestResult executionId="1c9709d8-7481-47ed-9c1a-f05a746062d2" testId="c7ef87e2-e6d0-89f1-fa1a-3a161b3248e2" testName="xUnitTestProject.CurrencyHelperTests.FormatToStringTest1000(price: 76751.79413498091, expected: &quot;76751.79 zł&quot;)" computerName="DESKTOP-5URQ9PB" duration="00:00:00.0000041" startTime="2022-06-13T21:15:24.6493874+02:00" endTime="2022-06-13T21:15:24.6493876+02:00" testType="13cdc9d9-ddb5-4fa4-a97d-d965ccfc6d4b" outcome="Passed" testListId="8c84fa94-04c1-424b-9868-57a2d4851a1d" relativeResultsDirectory="1c9709d8-7481-47ed-9c1a-f05a746062d2" />
    <UnitTestResult executionId="15ad4205-2004-4300-9485-c27d8b818e3f" testId="8e549758-1d04-7bb3-a187-b61fc529196f" testName="xUnitTestProject.CurrencyHelperTests.FormatToStringTest1000(price: 29474.095826699442, expected: &quot;29474.10 zł&quot;)" computerName="DESKTOP-5URQ9PB" duration="00:00:00.0000040" startTime="2022-06-13T21:15:24.6533550+02:00" endTime="2022-06-13T21:15:24.6533552+02:00" testType="13cdc9d9-ddb5-4fa4-a97d-d965ccfc6d4b" outcome="Passed" testListId="8c84fa94-04c1-424b-9868-57a2d4851a1d" relativeResultsDirectory="15ad4205-2004-4300-9485-c27d8b818e3f" />
    <UnitTestResult executionId="2426129a-c9d6-484e-9fdd-b4af0c5a8d39" testId="0ce41b19-5488-6227-82d4-578fa8558f1f" testName="xUnitTestProject.CurrencyHelperTests.FormatToStringTest1000(price: 14063.90676654871, expected: &quot;14063.91 zł&quot;)" computerName="DESKTOP-5URQ9PB" duration="00:00:00.0000041" startTime="2022-06-13T21:15:24.6979816+02:00" endTime="2022-06-13T21:15:24.6979817+02:00" testType="13cdc9d9-ddb5-4fa4-a97d-d965ccfc6d4b" outcome="Passed" testListId="8c84fa94-04c1-424b-9868-57a2d4851a1d" relativeResultsDirectory="2426129a-c9d6-484e-9fdd-b4af0c5a8d39" />
    <UnitTestResult executionId="ed0616db-eac8-4afa-a2e1-c3fa09017264" testId="c7c013ea-be14-a4b5-1c6f-2b6dde46abbc" testName="xUnitTestProject.CurrencyHelperTests.FormatToStringTest1000(price: 6102.4120417453405, expected: &quot;6102.41 zł&quot;)" computerName="DESKTOP-5URQ9PB" duration="00:00:00.0000040" startTime="2022-06-13T21:15:24.6584360+02:00" endTime="2022-06-13T21:15:24.6584363+02:00" testType="13cdc9d9-ddb5-4fa4-a97d-d965ccfc6d4b" outcome="Passed" testListId="8c84fa94-04c1-424b-9868-57a2d4851a1d" relativeResultsDirectory="ed0616db-eac8-4afa-a2e1-c3fa09017264" />
    <UnitTestResult executionId="d682288f-8434-41cf-8dab-85762d05c4f9" testId="34bdc501-b6be-65bd-2c54-6d143c30390e" testName="xUnitTestProject.CurrencyHelperTests.FormatToStringTest1000(price: 3694.480496819355, expected: &quot;3694.48 zł&quot;)" computerName="DESKTOP-5URQ9PB" duration="00:00:00.0000041" startTime="2022-06-13T21:15:24.6776941+02:00" endTime="2022-06-13T21:15:24.6776942+02:00" testType="13cdc9d9-ddb5-4fa4-a97d-d965ccfc6d4b" outcome="Passed" testListId="8c84fa94-04c1-424b-9868-57a2d4851a1d" relativeResultsDirectory="d682288f-8434-41cf-8dab-85762d05c4f9" />
    <UnitTestResult executionId="fcf8653b-038a-429b-ac2a-c4d40d267f51" testId="4ffd7804-0b86-b3af-454f-c182dda91ce2" testName="xUnitTestProject.CurrencyHelperTests.FormatToStringTest1000(price: 22291.653251342315, expected: &quot;22291.65 zł&quot;)" computerName="DESKTOP-5URQ9PB" duration="00:00:00.0000041" startTime="2022-06-13T21:15:24.6856578+02:00" endTime="2022-06-13T21:15:24.6856579+02:00" testType="13cdc9d9-ddb5-4fa4-a97d-d965ccfc6d4b" outcome="Passed" testListId="8c84fa94-04c1-424b-9868-57a2d4851a1d" relativeResultsDirectory="fcf8653b-038a-429b-ac2a-c4d40d267f51" />
    <UnitTestResult executionId="1a06a062-469c-49c6-b0ae-02187c53ea1c" testId="888f3232-385d-d83f-1eb6-9a6c46cfe5c3" testName="xUnitTestProject.CurrencyHelperTests.FormatToStringTest1000(price: 50664.01951024869, expected: &quot;50664.02 zł&quot;)" computerName="DESKTOP-5URQ9PB" duration="00:00:00.0000041" startTime="2022-06-13T21:15:24.6376615+02:00" endTime="2022-06-13T21:15:24.6376617+02:00" testType="13cdc9d9-ddb5-4fa4-a97d-d965ccfc6d4b" outcome="Passed" testListId="8c84fa94-04c1-424b-9868-57a2d4851a1d" relativeResultsDirectory="1a06a062-469c-49c6-b0ae-02187c53ea1c" />
    <UnitTestResult executionId="b973dea7-3adf-462d-8ebc-3d4eb4e67f73" testId="d328e580-fcf1-b0bb-73e2-fe6651dece0e" testName="xUnitTestProject.CurrencyHelperTests.FormatToStringTest1000(price: 21328.29026726507, expected: &quot;21328.29 zł&quot;)" computerName="DESKTOP-5URQ9PB" duration="00:00:00.0000041" startTime="2022-06-13T21:15:24.6584702+02:00" endTime="2022-06-13T21:15:24.6584703+02:00" testType="13cdc9d9-ddb5-4fa4-a97d-d965ccfc6d4b" outcome="Passed" testListId="8c84fa94-04c1-424b-9868-57a2d4851a1d" relativeResultsDirectory="b973dea7-3adf-462d-8ebc-3d4eb4e67f73" />
    <UnitTestResult executionId="280e021f-9f9f-4df3-a2ee-5e3ec5e109f1" testId="6127c2a7-0d58-b2ca-c80b-3d883558c1c7" testName="xUnitTestProject.CurrencyHelperTests.FormatToStringTest1000(price: 63507.32603545455, expected: &quot;63507.33 zł&quot;)" computerName="DESKTOP-5URQ9PB" duration="00:00:00.0000043" startTime="2022-06-13T21:15:24.6247266+02:00" endTime="2022-06-13T21:15:24.6247268+02:00" testType="13cdc9d9-ddb5-4fa4-a97d-d965ccfc6d4b" outcome="Passed" testListId="8c84fa94-04c1-424b-9868-57a2d4851a1d" relativeResultsDirectory="280e021f-9f9f-4df3-a2ee-5e3ec5e109f1" />
    <UnitTestResult executionId="e79a1780-31b5-405f-bd34-200851983559" testId="45e7282a-ab42-966d-c9cc-b039211e5621" testName="xUnitTestProject.CurrencyHelperTests.FormatToStringTest1000(price: 40035.54711080787, expected: &quot;40035.55 zł&quot;)" computerName="DESKTOP-5URQ9PB" duration="00:00:00.0000041" startTime="2022-06-13T21:15:24.6288384+02:00" endTime="2022-06-13T21:15:24.6288389+02:00" testType="13cdc9d9-ddb5-4fa4-a97d-d965ccfc6d4b" outcome="Passed" testListId="8c84fa94-04c1-424b-9868-57a2d4851a1d" relativeResultsDirectory="e79a1780-31b5-405f-bd34-200851983559" />
    <UnitTestResult executionId="d81c095c-dc4a-4a07-8685-f76b5506a782" testId="0a42a686-a011-6952-a95e-fae33dbe0b19" testName="xUnitTestProject.CurrencyHelperTests.FormatToStringTest1000(price: 26515.80237687929, expected: &quot;26515.80 zł&quot;)" computerName="DESKTOP-5URQ9PB" duration="00:00:00.0000041" startTime="2022-06-13T21:15:24.7128717+02:00" endTime="2022-06-13T21:15:24.7128719+02:00" testType="13cdc9d9-ddb5-4fa4-a97d-d965ccfc6d4b" outcome="Passed" testListId="8c84fa94-04c1-424b-9868-57a2d4851a1d" relativeResultsDirectory="d81c095c-dc4a-4a07-8685-f76b5506a782" />
    <UnitTestResult executionId="35559193-3487-4a61-96f8-3e81e3eee7a3" testId="256b0aa4-ca9e-f9c0-c01a-e5ce082d7933" testName="xUnitTestProject.CurrencyHelperTests.FormatToStringTest1000(price: 4592.278577496428, expected: &quot;4592.28 zł&quot;)" computerName="DESKTOP-5URQ9PB" duration="00:00:00.0000040" startTime="2022-06-13T21:15:24.6653172+02:00" endTime="2022-06-13T21:15:24.6653174+02:00" testType="13cdc9d9-ddb5-4fa4-a97d-d965ccfc6d4b" outcome="Passed" testListId="8c84fa94-04c1-424b-9868-57a2d4851a1d" relativeResultsDirectory="35559193-3487-4a61-96f8-3e81e3eee7a3" />
    <UnitTestResult executionId="5145827c-5b61-401b-a384-4c9b5571d571" testId="e5b31225-6687-353e-986c-a81c10574659" testName="xUnitTestProject.CurrencyHelperTests.FormatToStringTest1000(price: 52888.48934243642, expected: &quot;52888.49 zł&quot;)" computerName="DESKTOP-5URQ9PB" duration="00:00:00.0000041" startTime="2022-06-13T21:15:24.6321714+02:00" endTime="2022-06-13T21:15:24.6321715+02:00" testType="13cdc9d9-ddb5-4fa4-a97d-d965ccfc6d4b" outcome="Passed" testListId="8c84fa94-04c1-424b-9868-57a2d4851a1d" relativeResultsDirectory="5145827c-5b61-401b-a384-4c9b5571d571" />
    <UnitTestResult executionId="fac45e5a-35fc-4325-968c-826faa160533" testId="6ca05e92-6a05-ce15-f59b-9b9ed10b85dd" testName="xUnitTestProject.CurrencyHelperTests.FormatToStringTest1000(price: 85407.13428016152, expected: &quot;85407.13 zł&quot;)" computerName="DESKTOP-5URQ9PB" duration="00:00:00.0000040" startTime="2022-06-13T21:15:24.6897037+02:00" endTime="2022-06-13T21:15:24.6897039+02:00" testType="13cdc9d9-ddb5-4fa4-a97d-d965ccfc6d4b" outcome="Passed" testListId="8c84fa94-04c1-424b-9868-57a2d4851a1d" relativeResultsDirectory="fac45e5a-35fc-4325-968c-826faa160533" />
    <UnitTestResult executionId="e55fa646-f0dc-46a4-87ab-4443dae3b690" testId="9dfbdafb-7dbf-f0e8-6265-547cdd24d00d" testName="xUnitTestProject.CurrencyHelperTests.FormatToStringTest1000(price: 464.74397441965715, expected: &quot;464.74 zł&quot;)" computerName="DESKTOP-5URQ9PB" duration="00:00:00.0000041" startTime="2022-06-13T21:15:24.6444479+02:00" endTime="2022-06-13T21:15:24.6444480+02:00" testType="13cdc9d9-ddb5-4fa4-a97d-d965ccfc6d4b" outcome="Passed" testListId="8c84fa94-04c1-424b-9868-57a2d4851a1d" relativeResultsDirectory="e55fa646-f0dc-46a4-87ab-4443dae3b690" />
    <UnitTestResult executionId="1cd36c96-ab18-4d38-8819-1ab66fa67621" testId="8b9bc8ba-9742-8b44-9f33-0b46de660b7e" testName="xUnitTestProject.CurrencyHelperTests.FormatToStringTest1000(price: 21602.417596116393, expected: &quot;21602.42 zł&quot;)" computerName="DESKTOP-5URQ9PB" duration="00:00:00.0000040" startTime="2022-06-13T21:15:24.7266567+02:00" endTime="2022-06-13T21:15:24.7266569+02:00" testType="13cdc9d9-ddb5-4fa4-a97d-d965ccfc6d4b" outcome="Passed" testListId="8c84fa94-04c1-424b-9868-57a2d4851a1d" relativeResultsDirectory="1cd36c96-ab18-4d38-8819-1ab66fa67621" />
    <UnitTestResult executionId="1219526b-4181-4f2a-9fec-0b4c14be1e16" testId="37c7194c-1f0b-dee3-2e3b-dc795a15cffb" testName="xUnitTestProject.CurrencyHelperTests.FormatToStringTest1000(price: 13206.129467931636, expected: &quot;13206.13 zł&quot;)" computerName="DESKTOP-5URQ9PB" duration="00:00:00.0000041" startTime="2022-06-13T21:15:24.6875821+02:00" endTime="2022-06-13T21:15:24.6875825+02:00" testType="13cdc9d9-ddb5-4fa4-a97d-d965ccfc6d4b" outcome="Passed" testListId="8c84fa94-04c1-424b-9868-57a2d4851a1d" relativeResultsDirectory="1219526b-4181-4f2a-9fec-0b4c14be1e16" />
    <UnitTestResult executionId="d4cce789-d876-4cd3-af28-61d98c49e5ce" testId="5b76fee7-881d-69f4-bb6e-50523ab527c9" testName="xUnitTestProject.CurrencyHelperTests.FormatToStringTest1000(price: 37614.50159416278, expected: &quot;37614.50 zł&quot;)" computerName="DESKTOP-5URQ9PB" duration="00:00:00.0000041" startTime="2022-06-13T21:15:24.7057921+02:00" endTime="2022-06-13T21:15:24.7057922+02:00" testType="13cdc9d9-ddb5-4fa4-a97d-d965ccfc6d4b" outcome="Passed" testListId="8c84fa94-04c1-424b-9868-57a2d4851a1d" relativeResultsDirectory="d4cce789-d876-4cd3-af28-61d98c49e5ce" />
    <UnitTestResult executionId="0a222afa-feb0-4181-bb81-cc3c8b0adcf7" testId="63140182-f7a2-6346-fbd9-3f80901df2c9" testName="xUnitTestProject.CurrencyHelperTests.FormatToStringTest1000(price: 545.7016866634142, expected: &quot;545.70 zł&quot;)" computerName="DESKTOP-5URQ9PB" duration="00:00:00.0000041" startTime="2022-06-13T21:15:24.6278225+02:00" endTime="2022-06-13T21:15:24.6278226+02:00" testType="13cdc9d9-ddb5-4fa4-a97d-d965ccfc6d4b" outcome="Passed" testListId="8c84fa94-04c1-424b-9868-57a2d4851a1d" relativeResultsDirectory="0a222afa-feb0-4181-bb81-cc3c8b0adcf7" />
    <UnitTestResult executionId="de8be5d8-8232-4303-a568-2d27d6aaaef5" testId="dbe8f5eb-581b-1146-9a97-1f79fbc0650a" testName="xUnitTestProject.CurrencyHelperTests.FormatToStringTest1000(price: 16388.556189478633, expected: &quot;16388.56 zł&quot;)" computerName="DESKTOP-5URQ9PB" duration="00:00:00.0000040" startTime="2022-06-13T21:15:24.6524172+02:00" endTime="2022-06-13T21:15:24.6524173+02:00" testType="13cdc9d9-ddb5-4fa4-a97d-d965ccfc6d4b" outcome="Passed" testListId="8c84fa94-04c1-424b-9868-57a2d4851a1d" relativeResultsDirectory="de8be5d8-8232-4303-a568-2d27d6aaaef5" />
    <UnitTestResult executionId="81874196-bbbc-4a54-8e8e-6c159b37933b" testId="9af1084a-697b-14e3-b169-a799a0af5e73" testName="xUnitTestProject.CurrencyHelperTests.FormatToStringTest1000(price: 35714.78133482243, expected: &quot;35714.78 zł&quot;)" computerName="DESKTOP-5URQ9PB" duration="00:00:00.0000040" startTime="2022-06-13T21:15:24.7275412+02:00" endTime="2022-06-13T21:15:24.7275414+02:00" testType="13cdc9d9-ddb5-4fa4-a97d-d965ccfc6d4b" outcome="Passed" testListId="8c84fa94-04c1-424b-9868-57a2d4851a1d" relativeResultsDirectory="81874196-bbbc-4a54-8e8e-6c159b37933b" />
    <UnitTestResult executionId="6d549f26-bd57-4aeb-b444-1f788c86d32c" testId="b828fc0d-bf07-676e-b8c0-6e0aa44c3171" testName="xUnitTestProject.CurrencyHelperTests.FormatToStringTest1000(price: 20527.270339210645, expected: &quot;20527.27 zł&quot;)" computerName="DESKTOP-5URQ9PB" duration="00:00:00.0000041" startTime="2022-06-13T21:15:24.6867335+02:00" endTime="2022-06-13T21:15:24.6867337+02:00" testType="13cdc9d9-ddb5-4fa4-a97d-d965ccfc6d4b" outcome="Passed" testListId="8c84fa94-04c1-424b-9868-57a2d4851a1d" relativeResultsDirectory="6d549f26-bd57-4aeb-b444-1f788c86d32c" />
    <UnitTestResult executionId="21123b1d-2965-4a0c-9681-54fb17aebb7b" testId="b9aabaf1-a1cb-6124-f2ee-69eb1bbe949b" testName="xUnitTestProject.CurrencyHelperTests.FormatToStringTest1000(price: 19392.945535027862, expected: &quot;19392.95 zł&quot;)" computerName="DESKTOP-5URQ9PB" duration="00:00:00.0000050" startTime="2022-06-13T21:15:24.6582764+02:00" endTime="2022-06-13T21:15:24.6582765+02:00" testType="13cdc9d9-ddb5-4fa4-a97d-d965ccfc6d4b" outcome="Passed" testListId="8c84fa94-04c1-424b-9868-57a2d4851a1d" relativeResultsDirectory="21123b1d-2965-4a0c-9681-54fb17aebb7b" />
    <UnitTestResult executionId="6e92895f-f0fc-40ac-8b8a-235c8c1ffd24" testId="3f3f2250-01f3-21dd-18d8-8a073a42cac3" testName="xUnitTestProject.CurrencyHelperTests.FormatToStringTest1000(price: 9765.54450809748, expected: &quot;9765.54 zł&quot;)" computerName="DESKTOP-5URQ9PB" duration="00:00:00.0000049" startTime="2022-06-13T21:15:24.6817337+02:00" endTime="2022-06-13T21:15:24.6817339+02:00" testType="13cdc9d9-ddb5-4fa4-a97d-d965ccfc6d4b" outcome="Passed" testListId="8c84fa94-04c1-424b-9868-57a2d4851a1d" relativeResultsDirectory="6e92895f-f0fc-40ac-8b8a-235c8c1ffd24" />
    <UnitTestResult executionId="6a9bf3f4-75b7-45eb-83f5-cd6612f5a742" testId="4e78f25c-d355-e112-010c-d75e1dbe484f" testName="xUnitTestProject.CurrencyHelperTests.FormatToStringTest1000(price: 40268.121943438484, expected: &quot;40268.12 zł&quot;)" computerName="DESKTOP-5URQ9PB" duration="00:00:00.0000039" startTime="2022-06-13T21:15:24.6746922+02:00" endTime="2022-06-13T21:15:24.6746923+02:00" testType="13cdc9d9-ddb5-4fa4-a97d-d965ccfc6d4b" outcome="Passed" testListId="8c84fa94-04c1-424b-9868-57a2d4851a1d" relativeResultsDirectory="6a9bf3f4-75b7-45eb-83f5-cd6612f5a742" />
    <UnitTestResult executionId="3bee8def-460a-4545-ae98-2476393bca6b" testId="31031da7-a7ef-21d8-df85-bc08b8725f11" testName="xUnitTestProject.CurrencyHelperTests.FormatToStringTest1000(price: 16571.355536101553, expected: &quot;16571.36 zł&quot;)" computerName="DESKTOP-5URQ9PB" duration="00:00:00.0000041" startTime="2022-06-13T21:15:24.6385840+02:00" endTime="2022-06-13T21:15:24.6385841+02:00" testType="13cdc9d9-ddb5-4fa4-a97d-d965ccfc6d4b" outcome="Passed" testListId="8c84fa94-04c1-424b-9868-57a2d4851a1d" relativeResultsDirectory="3bee8def-460a-4545-ae98-2476393bca6b" />
    <UnitTestResult executionId="df982a47-785b-432b-b615-1ad7d5f8ff4e" testId="717afcc9-fdbd-942f-44d5-9f5deeef640f" testName="xUnitTestProject.CurrencyHelperTests.FormatToStringTest1000(price: 19363.881840787773, expected: &quot;19363.88 zł&quot;)" computerName="DESKTOP-5URQ9PB" duration="00:00:00.0000052" startTime="2022-06-13T21:15:24.6423372+02:00" endTime="2022-06-13T21:15:24.6423376+02:00" testType="13cdc9d9-ddb5-4fa4-a97d-d965ccfc6d4b" outcome="Passed" testListId="8c84fa94-04c1-424b-9868-57a2d4851a1d" relativeResultsDirectory="df982a47-785b-432b-b615-1ad7d5f8ff4e" />
    <UnitTestResult executionId="fdd87d9c-17d5-4887-89ff-db5acbbe11e7" testId="cff23f42-1941-5ae0-6937-50ea8e98f70a" testName="xUnitTestProject.CurrencyHelperTests.FormatToStringTest1000(price: 22666.13578912995, expected: &quot;22666.14 zł&quot;)" computerName="DESKTOP-5URQ9PB" duration="00:00:00.0000049" startTime="2022-06-13T21:15:24.6553965+02:00" endTime="2022-06-13T21:15:24.6553966+02:00" testType="13cdc9d9-ddb5-4fa4-a97d-d965ccfc6d4b" outcome="Passed" testListId="8c84fa94-04c1-424b-9868-57a2d4851a1d" relativeResultsDirectory="fdd87d9c-17d5-4887-89ff-db5acbbe11e7" />
    <UnitTestResult executionId="ee421bb5-4f77-4662-b5cc-3fdc4e97bef8" testId="cbad7040-1370-8b80-f9ed-c7be376f327f" testName="xUnitTestProject.CurrencyHelperTests.FormatToStringTest1000(price: 65809.35218338219, expected: &quot;65809.35 zł&quot;)" computerName="DESKTOP-5URQ9PB" duration="00:00:00.0000041" startTime="2022-06-13T21:15:24.7257410+02:00" endTime="2022-06-13T21:15:24.7257412+02:00" testType="13cdc9d9-ddb5-4fa4-a97d-d965ccfc6d4b" outcome="Passed" testListId="8c84fa94-04c1-424b-9868-57a2d4851a1d" relativeResultsDirectory="ee421bb5-4f77-4662-b5cc-3fdc4e97bef8" />
    <UnitTestResult executionId="94657b06-3d25-41ae-847f-54a273841ca8" testId="56eb6a9f-6cb4-2abe-d7ee-7e044f42c842" testName="xUnitTestProject.CurrencyHelperTests.FormatToStringTest1000(price: 47964.941885361884, expected: &quot;47964.94 zł&quot;)" computerName="DESKTOP-5URQ9PB" duration="00:00:00.0000039" startTime="2022-06-13T21:15:24.6737730+02:00" endTime="2022-06-13T21:15:24.6737732+02:00" testType="13cdc9d9-ddb5-4fa4-a97d-d965ccfc6d4b" outcome="Passed" testListId="8c84fa94-04c1-424b-9868-57a2d4851a1d" relativeResultsDirectory="94657b06-3d25-41ae-847f-54a273841ca8" />
    <UnitTestResult executionId="2a62a439-9792-4113-8aec-4b85ea0f651a" testId="4c68b106-0b95-e518-2e9e-d72489df9e7e" testName="xUnitTestProject.CurrencyHelperTests.FormatToStringTest1000(price: 55010.474927814896, expected: &quot;55010.47 zł&quot;)" computerName="DESKTOP-5URQ9PB" duration="00:00:00.0000039" startTime="2022-06-13T21:15:24.7145875+02:00" endTime="2022-06-13T21:15:24.7145880+02:00" testType="13cdc9d9-ddb5-4fa4-a97d-d965ccfc6d4b" outcome="Passed" testListId="8c84fa94-04c1-424b-9868-57a2d4851a1d" relativeResultsDirectory="2a62a439-9792-4113-8aec-4b85ea0f651a" />
    <UnitTestResult executionId="d55d6ab0-19e3-41f5-ba5e-07aec1216682" testId="2059d141-cc28-3ec8-0e84-daba3f077644" testName="xUnitTestProject.CurrencyHelperTests.FormatToStringTest1000(price: 39146.892120180135, expected: &quot;39146.89 zł&quot;)" computerName="DESKTOP-5URQ9PB" duration="00:00:00.0000041" startTime="2022-06-13T21:15:24.6989602+02:00" endTime="2022-06-13T21:15:24.6989604+02:00" testType="13cdc9d9-ddb5-4fa4-a97d-d965ccfc6d4b" outcome="Passed" testListId="8c84fa94-04c1-424b-9868-57a2d4851a1d" relativeResultsDirectory="d55d6ab0-19e3-41f5-ba5e-07aec1216682" />
    <UnitTestResult executionId="d1724fce-03ee-493b-a22b-271395519314" testId="908bbb79-500c-f673-c8f4-2e8bf73bce40" testName="xUnitTestProject.CurrencyHelperTests.FormatToStringTest1000(price: 88616.03808168416, expected: &quot;88616.04 zł&quot;)" computerName="DESKTOP-5URQ9PB" duration="00:00:00.0000041" startTime="2022-06-13T21:15:24.7216308+02:00" endTime="2022-06-13T21:15:24.7216310+02:00" testType="13cdc9d9-ddb5-4fa4-a97d-d965ccfc6d4b" outcome="Passed" testListId="8c84fa94-04c1-424b-9868-57a2d4851a1d" relativeResultsDirectory="d1724fce-03ee-493b-a22b-271395519314" />
    <UnitTestResult executionId="5960eb58-4c0c-44e2-9b72-9187f1114149" testId="1c506770-d4ff-94e1-aa2e-f8d5ecc5a897" testName="xUnitTestProject.CurrencyHelperTests.FormatToStringTest1000(price: 45455.14554704127, expected: &quot;45455.15 zł&quot;)" computerName="DESKTOP-5URQ9PB" duration="00:00:00.0000044" startTime="2022-06-13T21:15:24.6376929+02:00" endTime="2022-06-13T21:15:24.6376931+02:00" testType="13cdc9d9-ddb5-4fa4-a97d-d965ccfc6d4b" outcome="Passed" testListId="8c84fa94-04c1-424b-9868-57a2d4851a1d" relativeResultsDirectory="5960eb58-4c0c-44e2-9b72-9187f1114149" />
    <UnitTestResult executionId="f072c107-d7b5-4dbd-92dc-f232e39119dd" testId="73284804-3614-1086-c9d3-907dba871693" testName="xUnitTestProject.CurrencyHelperTests.FormatToStringTest1000(price: 12187.551827252633, expected: &quot;12187.55 zł&quot;)" computerName="DESKTOP-5URQ9PB" duration="00:00:00.0000041" startTime="2022-06-13T21:15:24.6847352+02:00" endTime="2022-06-13T21:15:24.6847354+02:00" testType="13cdc9d9-ddb5-4fa4-a97d-d965ccfc6d4b" outcome="Passed" testListId="8c84fa94-04c1-424b-9868-57a2d4851a1d" relativeResultsDirectory="f072c107-d7b5-4dbd-92dc-f232e39119dd" />
    <UnitTestResult executionId="f7fee219-b759-4493-b327-879d4a84bc6c" testId="80d3734c-ba9f-0770-a478-3dd6f9b70cb0" testName="xUnitTestProject.CurrencyHelperTests.FormatToStringTest1000(price: 50339.31259969497, expected: &quot;50339.31 zł&quot;)" computerName="DESKTOP-5URQ9PB" duration="00:00:00.0000039" startTime="2022-06-13T21:15:24.6532925+02:00" endTime="2022-06-13T21:15:24.6532927+02:00" testType="13cdc9d9-ddb5-4fa4-a97d-d965ccfc6d4b" outcome="Passed" testListId="8c84fa94-04c1-424b-9868-57a2d4851a1d" relativeResultsDirectory="f7fee219-b759-4493-b327-879d4a84bc6c" />
    <UnitTestResult executionId="df9e30e2-37a9-4929-957e-43a19f0e3e26" testId="5554cc9d-410c-0a03-5c37-393e64fd2d26" testName="xUnitTestProject.CurrencyHelperTests.FormatToStringTest1000(price: 54088.326214851964, expected: &quot;54088.33 zł&quot;)" computerName="DESKTOP-5URQ9PB" duration="00:00:00.0000040" startTime="2022-06-13T21:15:24.6321404+02:00" endTime="2022-06-13T21:15:24.6321406+02:00" testType="13cdc9d9-ddb5-4fa4-a97d-d965ccfc6d4b" outcome="Passed" testListId="8c84fa94-04c1-424b-9868-57a2d4851a1d" relativeResultsDirectory="df9e30e2-37a9-4929-957e-43a19f0e3e26" />
    <UnitTestResult executionId="bc2a25ac-f2b4-49fe-95f0-6f500ae6ab9a" testId="9e735874-97ea-8ca0-11c8-94ac42e81acc" testName="xUnitTestProject.CurrencyHelperTests.FormatToStringTest1000(price: 39178.05988345298, expected: &quot;39178.06 zł&quot;)" computerName="DESKTOP-5URQ9PB" duration="00:00:00.0000041" startTime="2022-06-13T21:15:24.6946165+02:00" endTime="2022-06-13T21:15:24.6946166+02:00" testType="13cdc9d9-ddb5-4fa4-a97d-d965ccfc6d4b" outcome="Passed" testListId="8c84fa94-04c1-424b-9868-57a2d4851a1d" relativeResultsDirectory="bc2a25ac-f2b4-49fe-95f0-6f500ae6ab9a" />
    <UnitTestResult executionId="597f73d6-1bad-40b2-a526-ad4a9c572fcf" testId="4d20e584-0f2f-1ed1-3ddf-7516456e8aa4" testName="xUnitTestProject.CurrencyHelperTests.FormatToStringTest1000(price: 5840.747097845071, expected: &quot;5840.75 zł&quot;)" computerName="DESKTOP-5URQ9PB" duration="00:00:00.0000040" startTime="2022-06-13T21:15:24.7254061+02:00" endTime="2022-06-13T21:15:24.7254065+02:00" testType="13cdc9d9-ddb5-4fa4-a97d-d965ccfc6d4b" outcome="Passed" testListId="8c84fa94-04c1-424b-9868-57a2d4851a1d" relativeResultsDirectory="597f73d6-1bad-40b2-a526-ad4a9c572fcf" />
    <UnitTestResult executionId="9919d650-5dc6-4527-a921-4244ebad7761" testId="c5439243-290e-2a67-aa6b-588710f39fb3" testName="xUnitTestProject.CurrencyHelperTests.FormatToStringTest1000(price: 19783.413847500186, expected: &quot;19783.41 zł&quot;)" computerName="DESKTOP-5URQ9PB" duration="00:00:00.0000080" startTime="2022-06-13T21:15:24.6473524+02:00" endTime="2022-06-13T21:15:24.6473525+02:00" testType="13cdc9d9-ddb5-4fa4-a97d-d965ccfc6d4b" outcome="Passed" testListId="8c84fa94-04c1-424b-9868-57a2d4851a1d" relativeResultsDirectory="9919d650-5dc6-4527-a921-4244ebad7761" />
    <UnitTestResult executionId="c47dc19d-a42a-4fae-9633-132092eb29e8" testId="77e25ad7-ee15-446a-9252-d1385f25c4e7" testName="xUnitTestProject.CurrencyHelperTests.FormatToStringTest1000(price: 19609.759296997803, expected: &quot;19609.76 zł&quot;)" computerName="DESKTOP-5URQ9PB" duration="00:00:00.0000040" startTime="2022-06-13T21:15:24.6706287+02:00" endTime="2022-06-13T21:15:24.6706289+02:00" testType="13cdc9d9-ddb5-4fa4-a97d-d965ccfc6d4b" outcome="Passed" testListId="8c84fa94-04c1-424b-9868-57a2d4851a1d" relativeResultsDirectory="c47dc19d-a42a-4fae-9633-132092eb29e8" />
    <UnitTestResult executionId="0db484e5-cd6a-434c-8a91-3cafc97d9a45" testId="05d3ca05-7d6a-4ccb-9500-bddd30f80ece" testName="xUnitTestProject.CurrencyHelperTests.FormatToStringTest1000(price: 8499.121443388574, expected: &quot;8499.12 zł&quot;)" computerName="DESKTOP-5URQ9PB" duration="00:00:00.0000041" startTime="2022-06-13T21:15:24.6433506+02:00" endTime="2022-06-13T21:15:24.6433507+02:00" testType="13cdc9d9-ddb5-4fa4-a97d-d965ccfc6d4b" outcome="Passed" testListId="8c84fa94-04c1-424b-9868-57a2d4851a1d" relativeResultsDirectory="0db484e5-cd6a-434c-8a91-3cafc97d9a45" />
    <UnitTestResult executionId="70c1ac1b-6f48-4821-a1d5-9b8e7cfa9d75" testId="11e8e2ed-c8a3-dabc-7293-c381795c9796" testName="xUnitTestProject.CurrencyHelperTests.FormatToStringTest1000(price: 46590.9609819562, expected: &quot;46590.96 zł&quot;)" computerName="DESKTOP-5URQ9PB" duration="00:00:00.0000048" startTime="2022-06-13T21:15:24.6836039+02:00" endTime="2022-06-13T21:15:24.6836044+02:00" testType="13cdc9d9-ddb5-4fa4-a97d-d965ccfc6d4b" outcome="Passed" testListId="8c84fa94-04c1-424b-9868-57a2d4851a1d" relativeResultsDirectory="70c1ac1b-6f48-4821-a1d5-9b8e7cfa9d75" />
    <UnitTestResult executionId="e0fd6297-9982-4b17-b82f-e3900e41ec7e" testId="3b87d198-4b64-d5ab-66c4-ae53f55f5bdf" testName="xUnitTestProject.CurrencyHelperTests.FormatToStringTest1000(price: 22494.46807976834, expected: &quot;22494.47 zł&quot;)" computerName="DESKTOP-5URQ9PB" duration="00:00:00.0000041" startTime="2022-06-13T21:15:24.7088196+02:00" endTime="2022-06-13T21:15:24.7088198+02:00" testType="13cdc9d9-ddb5-4fa4-a97d-d965ccfc6d4b" outcome="Passed" testListId="8c84fa94-04c1-424b-9868-57a2d4851a1d" relativeResultsDirectory="e0fd6297-9982-4b17-b82f-e3900e41ec7e" />
    <UnitTestResult executionId="ccb83b79-71f2-4b41-b072-fff68072b9f7" testId="fa17089e-753f-5fa3-f3ed-36d704a8d2ac" testName="xUnitTestProject.CurrencyHelperTests.FormatToStringTest1000(price: 13745.115971449817, expected: &quot;13745.12 zł&quot;)" computerName="DESKTOP-5URQ9PB" duration="00:00:00.0000041" startTime="2022-06-13T21:15:24.7168918+02:00" endTime="2022-06-13T21:15:24.7168920+02:00" testType="13cdc9d9-ddb5-4fa4-a97d-d965ccfc6d4b" outcome="Passed" testListId="8c84fa94-04c1-424b-9868-57a2d4851a1d" relativeResultsDirectory="ccb83b79-71f2-4b41-b072-fff68072b9f7" />
    <UnitTestResult executionId="73d3cf7f-c3c6-4d65-8c63-8ce78726dd31" testId="a1b1cd1d-1429-3ac2-3b82-a26d05133f17" testName="xUnitTestProject.CurrencyHelperTests.FormatToStringTest1000(price: 4614.673205890541, expected: &quot;4614.67 zł&quot;)" computerName="DESKTOP-5URQ9PB" duration="00:00:00.0000041" startTime="2022-06-13T21:15:24.6927330+02:00" endTime="2022-06-13T21:15:24.6927332+02:00" testType="13cdc9d9-ddb5-4fa4-a97d-d965ccfc6d4b" outcome="Passed" testListId="8c84fa94-04c1-424b-9868-57a2d4851a1d" relativeResultsDirectory="73d3cf7f-c3c6-4d65-8c63-8ce78726dd31" />
    <UnitTestResult executionId="21bd272c-2192-4791-9a9a-576c26ad26ff" testId="b163eddc-fed2-8a3f-de92-54285bf94b6d" testName="xUnitTestProject.CurrencyHelperTests.FormatToStringTest1000(price: 6838.422316571894, expected: &quot;6838.42 zł&quot;)" computerName="DESKTOP-5URQ9PB" duration="00:00:00.0000039" startTime="2022-06-13T21:15:24.7206332+02:00" endTime="2022-06-13T21:15:24.7206333+02:00" testType="13cdc9d9-ddb5-4fa4-a97d-d965ccfc6d4b" outcome="Passed" testListId="8c84fa94-04c1-424b-9868-57a2d4851a1d" relativeResultsDirectory="21bd272c-2192-4791-9a9a-576c26ad26ff" />
    <UnitTestResult executionId="1a0f3a42-7c9d-4173-9364-3957b261b076" testId="599b5bdf-c3a2-ab45-0452-3da415351122" testName="xUnitTestProject.CurrencyHelperTests.FormatToStringTest1000(price: 16210.791556035536, expected: &quot;16210.79 zł&quot;)" computerName="DESKTOP-5URQ9PB" duration="00:00:00.0000041" startTime="2022-06-13T21:15:24.6404553+02:00" endTime="2022-06-13T21:15:24.6404555+02:00" testType="13cdc9d9-ddb5-4fa4-a97d-d965ccfc6d4b" outcome="Passed" testListId="8c84fa94-04c1-424b-9868-57a2d4851a1d" relativeResultsDirectory="1a0f3a42-7c9d-4173-9364-3957b261b076" />
    <UnitTestResult executionId="b8f795d8-60d5-48d7-be87-4d3756b095a5" testId="4637cc44-56b0-2010-e4d2-4d7d6320ef09" testName="xUnitTestProject.CurrencyHelperTests.FormatToStringTest1000(price: 46391.661094229516, expected: &quot;46391.66 zł&quot;)" computerName="DESKTOP-5URQ9PB" duration="00:00:00.0000041" startTime="2022-06-13T21:15:24.7305576+02:00" endTime="2022-06-13T21:15:24.7305578+02:00" testType="13cdc9d9-ddb5-4fa4-a97d-d965ccfc6d4b" outcome="Passed" testListId="8c84fa94-04c1-424b-9868-57a2d4851a1d" relativeResultsDirectory="b8f795d8-60d5-48d7-be87-4d3756b095a5" />
    <UnitTestResult executionId="1cb53ddd-72bb-4198-879e-36eb1843f131" testId="ab963705-3e28-cc1d-5bf1-a88ea216bc34" testName="xUnitTestProject.CurrencyHelperTests.FormatToStringTest1000(price: 43222.47958431695, expected: &quot;43222.48 zł&quot;)" computerName="DESKTOP-5URQ9PB" duration="00:00:00.0000041" startTime="2022-06-13T21:15:24.7216931+02:00" endTime="2022-06-13T21:15:24.7216932+02:00" testType="13cdc9d9-ddb5-4fa4-a97d-d965ccfc6d4b" outcome="Passed" testListId="8c84fa94-04c1-424b-9868-57a2d4851a1d" relativeResultsDirectory="1cb53ddd-72bb-4198-879e-36eb1843f131" />
    <UnitTestResult executionId="76858aea-a95e-45ce-b179-522af205c12a" testId="f80009c9-805e-194a-5298-bf93d54f39d7" testName="xUnitTestProject.CurrencyHelperTests.FormatToStringTest1000(price: 11912.404131636213, expected: &quot;11912.40 zł&quot;)" computerName="DESKTOP-5URQ9PB" duration="00:00:00.0000040" startTime="2022-06-13T21:15:24.6663286+02:00" endTime="2022-06-13T21:15:24.6663287+02:00" testType="13cdc9d9-ddb5-4fa4-a97d-d965ccfc6d4b" outcome="Passed" testListId="8c84fa94-04c1-424b-9868-57a2d4851a1d" relativeResultsDirectory="76858aea-a95e-45ce-b179-522af205c12a" />
    <UnitTestResult executionId="6b148786-59d9-4828-913d-c13dca65ad3a" testId="e97847d9-9bdd-db77-8bd9-477fffb0c503" testName="xUnitTestProject.CurrencyHelperTests.FormatToStringTest1000(price: 765.778932784581, expected: &quot;765.78 zł&quot;)" computerName="DESKTOP-5URQ9PB" duration="00:00:00.0000040" startTime="2022-06-13T21:15:24.7028562+02:00" endTime="2022-06-13T21:15:24.7028564+02:00" testType="13cdc9d9-ddb5-4fa4-a97d-d965ccfc6d4b" outcome="Passed" testListId="8c84fa94-04c1-424b-9868-57a2d4851a1d" relativeResultsDirectory="6b148786-59d9-4828-913d-c13dca65ad3a" />
    <UnitTestResult executionId="c5dff6a6-4d8e-4750-a7bc-e1479194b057" testId="31d7ba44-de75-ed55-66c6-b51937c13355" testName="xUnitTestProject.CurrencyHelperTests.FormatToStringTest1000(price: 60017.857676936714, expected: &quot;60017.86 zł&quot;)" computerName="DESKTOP-5URQ9PB" duration="00:00:00.0000056" startTime="2022-06-13T21:15:24.6785480+02:00" endTime="2022-06-13T21:15:24.6785481+02:00" testType="13cdc9d9-ddb5-4fa4-a97d-d965ccfc6d4b" outcome="Passed" testListId="8c84fa94-04c1-424b-9868-57a2d4851a1d" relativeResultsDirectory="c5dff6a6-4d8e-4750-a7bc-e1479194b057" />
    <UnitTestResult executionId="5ecae94c-a9d1-426a-8716-41a43798a592" testId="d2be2dc8-81b6-46cb-cbba-3709ad4b1996" testName="xUnitTestProject.CurrencyHelperTests.FormatToStringTest1000(price: 6654.099431086378, expected: &quot;6654.10 zł&quot;)" computerName="DESKTOP-5URQ9PB" duration="00:00:00.0000056" startTime="2022-06-13T21:15:24.6413529+02:00" endTime="2022-06-13T21:15:24.6413533+02:00" testType="13cdc9d9-ddb5-4fa4-a97d-d965ccfc6d4b" outcome="Passed" testListId="8c84fa94-04c1-424b-9868-57a2d4851a1d" relativeResultsDirectory="5ecae94c-a9d1-426a-8716-41a43798a592" />
    <UnitTestResult executionId="3dd76e84-6f48-406f-95a7-b632b3ea995e" testId="0d6018bc-c4c3-ac7c-618e-ae3024a5dbea" testName="xUnitTestProject.CurrencyHelperTests.FormatToStringTest1000(price: 6220.182014914314, expected: &quot;6220.18 zł&quot;)" computerName="DESKTOP-5URQ9PB" duration="00:00:00.0000041" startTime="2022-06-13T21:15:24.7050341+02:00" endTime="2022-06-13T21:15:24.7050343+02:00" testType="13cdc9d9-ddb5-4fa4-a97d-d965ccfc6d4b" outcome="Passed" testListId="8c84fa94-04c1-424b-9868-57a2d4851a1d" relativeResultsDirectory="3dd76e84-6f48-406f-95a7-b632b3ea995e" />
    <UnitTestResult executionId="e03c8751-7a7a-4e7c-b741-96e1059cf23b" testId="d9021346-4b7d-e467-848a-6a660c41636c" testName="xUnitTestProject.CurrencyHelperTests.FormatToStringTest1000(price: 22153.282278674324, expected: &quot;22153.28 zł&quot;)" computerName="DESKTOP-5URQ9PB" duration="00:00:00.0000040" startTime="2022-06-13T21:15:24.6462413+02:00" endTime="2022-06-13T21:15:24.6462417+02:00" testType="13cdc9d9-ddb5-4fa4-a97d-d965ccfc6d4b" outcome="Passed" testListId="8c84fa94-04c1-424b-9868-57a2d4851a1d" relativeResultsDirectory="e03c8751-7a7a-4e7c-b741-96e1059cf23b" />
    <UnitTestResult executionId="fdc37cc0-ed9e-44b3-93d5-fa9ae5e1d0f4" testId="edd98930-a456-c16e-31c0-f98ab53f4169" testName="xUnitTestProject.CurrencyHelperTests.FormatToStringTest1000(price: 2897.9775426620513, expected: &quot;2897.98 zł&quot;)" computerName="DESKTOP-5URQ9PB" duration="00:00:00.0000041" startTime="2022-06-13T21:15:24.7294708+02:00" endTime="2022-06-13T21:15:24.7294712+02:00" testType="13cdc9d9-ddb5-4fa4-a97d-d965ccfc6d4b" outcome="Passed" testListId="8c84fa94-04c1-424b-9868-57a2d4851a1d" relativeResultsDirectory="fdc37cc0-ed9e-44b3-93d5-fa9ae5e1d0f4" />
    <UnitTestResult executionId="b7df83b1-47de-4362-9506-2d2f4d9498d5" testId="0739d753-ed0a-2224-af37-24f0fcbbbd00" testName="xUnitTestProject.CurrencyHelperTests.FormatToStringTest1000(price: 25794.833624416417, expected: &quot;25794.83 zł&quot;)" computerName="DESKTOP-5URQ9PB" duration="00:00:00.0000040" startTime="2022-06-13T21:15:24.6896417+02:00" endTime="2022-06-13T21:15:24.6896418+02:00" testType="13cdc9d9-ddb5-4fa4-a97d-d965ccfc6d4b" outcome="Passed" testListId="8c84fa94-04c1-424b-9868-57a2d4851a1d" relativeResultsDirectory="b7df83b1-47de-4362-9506-2d2f4d9498d5" />
    <UnitTestResult executionId="5e53ef40-66d9-4682-94af-5ea9bfaf6e6e" testId="5e1c3933-e4f7-a4af-71e7-871c86d36adf" testName="xUnitTestProject.CurrencyHelperTests.FormatToStringTest1000(price: 18596.12661189033, expected: &quot;18596.13 zł&quot;)" computerName="DESKTOP-5URQ9PB" duration="00:00:00.0000051" startTime="2022-06-13T21:15:24.6614472+02:00" endTime="2022-06-13T21:15:24.6614474+02:00" testType="13cdc9d9-ddb5-4fa4-a97d-d965ccfc6d4b" outcome="Passed" testListId="8c84fa94-04c1-424b-9868-57a2d4851a1d" relativeResultsDirectory="5e53ef40-66d9-4682-94af-5ea9bfaf6e6e" />
    <UnitTestResult executionId="c182d3bb-e521-4fd0-97dc-44124748f284" testId="1d271909-1898-128b-21ec-f802c1979d9e" testName="xUnitTestProject.CurrencyHelperTests.FormatToStringTest1000(price: 3588.260979617136, expected: &quot;3588.26 zł&quot;)" computerName="DESKTOP-5URQ9PB" duration="00:00:00.0000048" startTime="2022-06-13T21:15:24.7234583+02:00" endTime="2022-06-13T21:15:24.7234584+02:00" testType="13cdc9d9-ddb5-4fa4-a97d-d965ccfc6d4b" outcome="Passed" testListId="8c84fa94-04c1-424b-9868-57a2d4851a1d" relativeResultsDirectory="c182d3bb-e521-4fd0-97dc-44124748f284" />
  </Results>
  <TestDefinitions>
    <UnitTest name="xUnitTestProject.CurrencyHelperTests.FormatToStringTest1000(price: 33970.38965150639, expected: &quot;33970.39 zł&quot;)" storage="c:\projekty\xunittestproject\bin\debug\netcoreapp3.1\xunittestproject.dll" id="1c4368b6-2172-3b52-0d12-0d33b2fcef8b">
      <Execution id="1ec0f8c8-9c76-4fce-9ff0-d40da57d30e2" />
      <TestMethod codeBase="C:\Projekty\xUnitTestProject\bin\Debug\netcoreapp3.1\xUnitTestProject.dll" adapterTypeName="executor://xunit/VsTestRunner2/netcoreapp" className="xUnitTestProject.CurrencyHelperTests" name="FormatToStringTest1000" />
    </UnitTest>
    <UnitTest name="xUnitTestProject.CurrencyHelperTests.FormatToStringTest1000(price: 73372.53853826903, expected: &quot;73372.54 zł&quot;)" storage="c:\projekty\xunittestproject\bin\debug\netcoreapp3.1\xunittestproject.dll" id="5b7cf016-7948-5d44-c172-ab04f16e1bd2">
      <Execution id="8f8409f6-4a75-4381-8ae0-510cd2d0a4b5" />
      <TestMethod codeBase="C:\Projekty\xUnitTestProject\bin\Debug\netcoreapp3.1\xUnitTestProject.dll" adapterTypeName="executor://xunit/VsTestRunner2/netcoreapp" className="xUnitTestProject.CurrencyHelperTests" name="FormatToStringTest1000" />
    </UnitTest>
    <UnitTest name="xUnitTestProject.CurrencyHelperTests.FormatToStringTest1000(price: 35905.47425787219, expected: &quot;35905.47 zł&quot;)" storage="c:\projekty\xunittestproject\bin\debug\netcoreapp3.1\xunittestproject.dll" id="f3b15f6b-f00d-4e6c-f3c3-26bd7741dc5d">
      <Execution id="3e6a98da-cc25-4522-8b66-88a0464d01a4" />
      <TestMethod codeBase="C:\Projekty\xUnitTestProject\bin\Debug\netcoreapp3.1\xUnitTestProject.dll" adapterTypeName="executor://xunit/VsTestRunner2/netcoreapp" className="xUnitTestProject.CurrencyHelperTests" name="FormatToStringTest1000" />
    </UnitTest>
    <UnitTest name="xUnitTestProject.CurrencyHelperTests.FormatToStringTest1000(price: 22678.643495744862, expected: &quot;22678.64 zł&quot;)" storage="c:\projekty\xunittestproject\bin\debug\netcoreapp3.1\xunittestproject.dll" id="302cac3a-acd8-63e7-21fb-e5689524a492">
      <Execution id="dfc93f5c-e50b-4946-9d76-68d0346d9df5" />
      <TestMethod codeBase="C:\Projekty\xUnitTestProject\bin\Debug\netcoreapp3.1\xUnitTestProject.dll" adapterTypeName="executor://xunit/VsTestRunner2/netcoreapp" className="xUnitTestProject.CurrencyHelperTests" name="FormatToStringTest1000" />
    </UnitTest>
    <UnitTest name="xUnitTestProject.CurrencyHelperTests.FormatToStringTest1000(price: 17031.365705376662, expected: &quot;17031.37 zł&quot;)" storage="c:\projekty\xunittestproject\bin\debug\netcoreapp3.1\xunittestproject.dll" id="54bc6f9e-1b35-cac3-f6ab-e594cab0fa7a">
      <Execution id="3b88b87e-920c-469d-90b2-40ef1608671e" />
      <TestMethod codeBase="C:\Projekty\xUnitTestProject\bin\Debug\netcoreapp3.1\xUnitTestProject.dll" adapterTypeName="executor://xunit/VsTestRunner2/netcoreapp" className="xUnitTestProject.CurrencyHelperTests" name="FormatToStringTest1000" />
    </UnitTest>
    <UnitTest name="xUnitTestProject.CurrencyHelperTests.FormatToStringTest1000(price: 8514.837538072763, expected: &quot;8514.84 zł&quot;)" storage="c:\projekty\xunittestproject\bin\debug\netcoreapp3.1\xunittestproject.dll" id="da0fbf47-7a8c-b3ea-d30a-c0e3a737ca5d">
      <Execution id="5f4a7282-5e8e-44c9-aee1-099729e5542c" />
      <TestMethod codeBase="C:\Projekty\xUnitTestProject\bin\Debug\netcoreapp3.1\xUnitTestProject.dll" adapterTypeName="executor://xunit/VsTestRunner2/netcoreapp" className="xUnitTestProject.CurrencyHelperTests" name="FormatToStringTest1000" />
    </UnitTest>
    <UnitTest name="xUnitTestProject.CurrencyHelperTests.FormatToStringTest1000(price: 78519.41691976106, expected: &quot;78519.42 zł&quot;)" storage="c:\projekty\xunittestproject\bin\debug\netcoreapp3.1\xunittestproject.dll" id="ab648c32-5363-622c-e305-880f5c60d7ae">
      <Execution id="0c0a61a2-fd71-43eb-beb4-3dabf1d00da5" />
      <TestMethod codeBase="C:\Projekty\xUnitTestProject\bin\Debug\netcoreapp3.1\xUnitTestProject.dll" adapterTypeName="executor://xunit/VsTestRunner2/netcoreapp" className="xUnitTestProject.CurrencyHelperTests" name="FormatToStringTest1000" />
    </UnitTest>
    <UnitTest name="xUnitTestProject.CurrencyHelperTests.FormatToStringTest1000(price: 55457.96873490278, expected: &quot;55457.97 zł&quot;)" storage="c:\projekty\xunittestproject\bin\debug\netcoreapp3.1\xunittestproject.dll" id="adafe729-87a5-6f47-8e2f-84195056d442">
      <Execution id="de99660d-5fd1-4d90-9397-c727003cad2a" />
      <TestMethod codeBase="C:\Projekty\xUnitTestProject\bin\Debug\netcoreapp3.1\xUnitTestProject.dll" adapterTypeName="executor://xunit/VsTestRunner2/netcoreapp" className="xUnitTestProject.CurrencyHelperTests" name="FormatToStringTest1000" />
    </UnitTest>
    <UnitTest name="xUnitTestProject.CurrencyHelperTests.FormatToStringTest1000(price: 4525.609305084501, expected: &quot;4525.61 zł&quot;)" storage="c:\projekty\xunittestproject\bin\debug\netcoreapp3.1\xunittestproject.dll" id="2a1ae3da-2a49-9688-92eb-6a1bc6d0cf01">
      <Execution id="08d6a1fd-45a5-403b-99fb-e53d7b588e87" />
      <TestMethod codeBase="C:\Projekty\xUnitTestProject\bin\Debug\netcoreapp3.1\xUnitTestProject.dll" adapterTypeName="executor://xunit/VsTestRunner2/netcoreapp" className="xUnitTestProject.CurrencyHelperTests" name="FormatToStringTest1000" />
    </UnitTest>
    <UnitTest name="xUnitTestProject.CurrencyHelperTests.FormatToStringTest1000(price: 5957.42161879941, expected: &quot;5957.42 zł&quot;)" storage="c:\projekty\xunittestproject\bin\debug\netcoreapp3.1\xunittestproject.dll" id="38b02068-987c-3dd3-28cd-9a07df85e95b">
      <Execution id="bc2e1690-829a-4ab6-a8c0-ae0f5ccfc9e3" />
      <TestMethod codeBase="C:\Projekty\xUnitTestProject\bin\Debug\netcoreapp3.1\xUnitTestProject.dll" adapterTypeName="executor://xunit/VsTestRunner2/netcoreapp" className="xUnitTestProject.CurrencyHelperTests" name="FormatToStringTest1000" />
    </UnitTest>
    <UnitTest name="xUnitTestProject.CurrencyHelperTests.FormatToStringTest1000(price: 37614.50159416278, expected: &quot;37614.50 zł&quot;)" storage="c:\projekty\xunittestproject\bin\debug\netcoreapp3.1\xunittestproject.dll" id="5b76fee7-881d-69f4-bb6e-50523ab527c9">
      <Execution id="d4cce789-d876-4cd3-af28-61d98c49e5ce" />
      <TestMethod codeBase="C:\Projekty\xUnitTestProject\bin\Debug\netcoreapp3.1\xUnitTestProject.dll" adapterTypeName="executor://xunit/VsTestRunner2/netcoreapp" className="xUnitTestProject.CurrencyHelperTests" name="FormatToStringTest1000" />
    </UnitTest>
    <UnitTest name="xUnitTestProject.CurrencyHelperTests.FormatToStringTest1000(price: 28455.229970996843, expected: &quot;28455.23 zł&quot;)" storage="c:\projekty\xunittestproject\bin\debug\netcoreapp3.1\xunittestproject.dll" id="cd41d103-9666-3d37-803b-9b59446c01c4">
      <Execution id="743eb542-b054-4dd8-90e5-d34b4777bccb" />
      <TestMethod codeBase="C:\Projekty\xUnitTestProject\bin\Debug\netcoreapp3.1\xUnitTestProject.dll" adapterTypeName="executor://xunit/VsTestRunner2/netcoreapp" className="xUnitTestProject.CurrencyHelperTests" name="FormatToStringTest1000" />
    </UnitTest>
    <UnitTest name="xUnitTestProject.CurrencyHelperTests.FormatToStringTest1000(price: 44499.288016808816, expected: &quot;44499.29 zł&quot;)" storage="c:\projekty\xunittestproject\bin\debug\netcoreapp3.1\xunittestproject.dll" id="0eee54e7-397f-944e-60ad-576b256307cf">
      <Execution id="0323fe45-5dad-4d18-b6fe-2b7ba6344a5a" />
      <TestMethod codeBase="C:\Projekty\xUnitTestProject\bin\Debug\netcoreapp3.1\xUnitTestProject.dll" adapterTypeName="executor://xunit/VsTestRunner2/netcoreapp" className="xUnitTestProject.CurrencyHelperTests" name="FormatToStringTest1000" />
    </UnitTest>
    <UnitTest name="xUnitTestProject.CurrencyHelperTests.FormatToStringTest1000(price: 2292.8331871111104, expected: &quot;2292.83 zł&quot;)" storage="c:\projekty\xunittestproject\bin\debug\netcoreapp3.1\xunittestproject.dll" id="a90d1942-15f1-e50c-e63d-254e34e99bf5">
      <Execution id="8c5db6d0-0e0c-4e41-b675-cb5d099c6b25" />
      <TestMethod codeBase="C:\Projekty\xUnitTestProject\bin\Debug\netcoreapp3.1\xUnitTestProject.dll" adapterTypeName="executor://xunit/VsTestRunner2/netcoreapp" className="xUnitTestProject.CurrencyHelperTests" name="FormatToStringTest1000" />
    </UnitTest>
    <UnitTest name="xUnitTestProject.CurrencyHelperTests.FormatToStringTest1000(price: 6676.5680544784145, expected: &quot;6676.57 zł&quot;)" storage="c:\projekty\xunittestproject\bin\debug\netcoreapp3.1\xunittestproject.dll" id="31700bf4-6510-c80b-a8c1-214e5c472432">
      <Execution id="6b797bb5-3096-4244-9e68-43cde4d8e9f7" />
      <TestMethod codeBase="C:\Projekty\xUnitTestProject\bin\Debug\netcoreapp3.1\xUnitTestProject.dll" adapterTypeName="executor://xunit/VsTestRunner2/netcoreapp" className="xUnitTestProject.CurrencyHelperTests" name="FormatToStringTest1000" />
    </UnitTest>
    <UnitTest name="xUnitTestProject.CurrencyHelperTests.FormatToStringTest1000(price: 26015.8311952552, expected: &quot;26015.83 zł&quot;)" storage="c:\projekty\xunittestproject\bin\debug\netcoreapp3.1\xunittestproject.dll" id="4fc181f0-ada2-9ab6-d52d-1988c5ebde7a">
      <Execution id="9632cad9-b835-44e1-befe-fcbd1a963174" />
      <TestMethod codeBase="C:\Projekty\xUnitTestProject\bin\Debug\netcoreapp3.1\xUnitTestProject.dll" adapterTypeName="executor://xunit/VsTestRunner2/netcoreapp" className="xUnitTestProject.CurrencyHelperTests" name="FormatToStringTest1000" />
    </UnitTest>
    <UnitTest name="xUnitTestProject.CurrencyHelperTests.FormatToStringTest1000(price: 16388.556189478633, expected: &quot;16388.56 zł&quot;)" storage="c:\projekty\xunittestproject\bin\debug\netcoreapp3.1\xunittestproject.dll" id="dbe8f5eb-581b-1146-9a97-1f79fbc0650a">
      <Execution id="de8be5d8-8232-4303-a568-2d27d6aaaef5" />
      <TestMethod codeBase="C:\Projekty\xUnitTestProject\bin\Debug\netcoreapp3.1\xUnitTestProject.dll" adapterTypeName="executor://xunit/VsTestRunner2/netcoreapp" className="xUnitTestProject.CurrencyHelperTests" name="FormatToStringTest1000" />
    </UnitTest>
    <UnitTest name="xUnitTestProject.CurrencyHelperTests.FormatToStringTest1000(price: 20640.678251201603, expected: &quot;20640.68 zł&quot;)" storage="c:\projekty\xunittestproject\bin\debug\netcoreapp3.1\xunittestproject.dll" id="244b13a7-ff72-5a50-f054-4ff8ceb0d499">
      <Execution id="9e3cd875-9462-49f1-a685-33692c8a9ccb" />
      <TestMethod codeBase="C:\Projekty\xUnitTestProject\bin\Debug\netcoreapp3.1\xUnitTestProject.dll" adapterTypeName="executor://xunit/VsTestRunner2/netcoreapp" className="xUnitTestProject.CurrencyHelperTests" name="FormatToStringTest1000" />
    </UnitTest>
    <UnitTest name="xUnitTestProject.CurrencyHelperTests.FormatToStringTest1000(price: 3270.482477338743, expected: &quot;3270.48 zł&quot;)" storage="c:\projekty\xunittestproject\bin\debug\netcoreapp3.1\xunittestproject.dll" id="c25f3e77-3d72-0513-001e-286d17e294f3">
      <Execution id="b6c868ef-0a94-4b6a-b978-22cd169f7307" />
      <TestMethod codeBase="C:\Projekty\xUnitTestProject\bin\Debug\netcoreapp3.1\xUnitTestProject.dll" adapterTypeName="executor://xunit/VsTestRunner2/netcoreapp" className="xUnitTestProject.CurrencyHelperTests" name="FormatToStringTest1000" />
    </UnitTest>
    <UnitTest name="xUnitTestProject.CurrencyHelperTests.FormatToStringTest1000(price: 30383.303633991305, expected: &quot;30383.30 zł&quot;)" storage="c:\projekty\xunittestproject\bin\debug\netcoreapp3.1\xunittestproject.dll" id="324dfaf0-1df1-16d9-feec-f79f54001411">
      <Execution id="e4ca77ba-7261-4491-af4e-b43688cae293" />
      <TestMethod codeBase="C:\Projekty\xUnitTestProject\bin\Debug\netcoreapp3.1\xUnitTestProject.dll" adapterTypeName="executor://xunit/VsTestRunner2/netcoreapp" className="xUnitTestProject.CurrencyHelperTests" name="FormatToStringTest1000" />
    </UnitTest>
    <UnitTest name="xUnitTestProject.CurrencyHelperTests.FormatToStringTest1000(price: 16416.109736457518, expected: &quot;16416.11 zł&quot;)" storage="c:\projekty\xunittestproject\bin\debug\netcoreapp3.1\xunittestproject.dll" id="954162af-ab17-e8a9-4ff5-8c9d29069f15">
      <Execution id="985664a0-53d6-49bf-9772-c5d890e35535" />
      <TestMethod codeBase="C:\Projekty\xUnitTestProject\bin\Debug\netcoreapp3.1\xUnitTestProject.dll" adapterTypeName="executor://xunit/VsTestRunner2/netcoreapp" className="xUnitTestProject.CurrencyHelperTests" name="FormatToStringTest1000" />
    </UnitTest>
    <UnitTest name="xUnitTestProject.CurrencyHelperTests.FormatToStringTest1000(price: 19933.78650940945, expected: &quot;19933.79 zł&quot;)" storage="c:\projekty\xunittestproject\bin\debug\netcoreapp3.1\xunittestproject.dll" id="b8c9a81a-11ec-9afa-2e32-5c4408d66f0a">
      <Execution id="c6b7579b-6598-48e6-bbce-baf97b177381" />
      <TestMethod codeBase="C:\Projekty\xUnitTestProject\bin\Debug\netcoreapp3.1\xUnitTestProject.dll" adapterTypeName="executor://xunit/VsTestRunner2/netcoreapp" className="xUnitTestProject.CurrencyHelperTests" name="FormatToStringTest1000" />
    </UnitTest>
    <UnitTest name="xUnitTestProject.CurrencyHelperTests.FormatToStringTest1000(price: 45299.778512198376, expected: &quot;45299.78 zł&quot;)" storage="c:\projekty\xunittestproject\bin\debug\netcoreapp3.1\xunittestproject.dll" id="ada84f96-628a-be69-4c85-60683def0842">
      <Execution id="1d40aad7-8cce-4737-9d28-ef85a9c80273" />
      <TestMethod codeBase="C:\Projekty\xUnitTestProject\bin\Debug\netcoreapp3.1\xUnitTestProject.dll" adapterTypeName="executor://xunit/VsTestRunner2/netcoreapp" className="xUnitTestProject.CurrencyHelperTests" name="FormatToStringTest1000" />
    </UnitTest>
    <UnitTest name="xUnitTestProject.CurrencyHelperTests.FormatToStringTest1000(price: 1328.353302088265, expected: &quot;1328.35 zł&quot;)" storage="c:\projekty\xunittestproject\bin\debug\netcoreapp3.1\xunittestproject.dll" id="015022db-d96e-2b60-5477-1c6f1fa9a487">
      <Execution id="1d194474-1508-4d58-b1dd-d5ac5388021e" />
      <TestMethod codeBase="C:\Projekty\xUnitTestProject\bin\Debug\netcoreapp3.1\xUnitTestProject.dll" adapterTypeName="executor://xunit/VsTestRunner2/netcoreapp" className="xUnitTestProject.CurrencyHelperTests" name="FormatToStringTest1000" />
    </UnitTest>
    <UnitTest name="xUnitTestProject.CurrencyHelperTests.FormatToStringTest1000(price: 23684.695462791573, expected: &quot;23684.70 zł&quot;)" storage="c:\projekty\xunittestproject\bin\debug\netcoreapp3.1\xunittestproject.dll" id="23aaa466-cf05-d364-17da-f1d2a5004cf2">
      <Execution id="a82be43e-89b7-4fba-acce-59db21900b28" />
      <TestMethod codeBase="C:\Projekty\xUnitTestProject\bin\Debug\netcoreapp3.1\xUnitTestProject.dll" adapterTypeName="executor://xunit/VsTestRunner2/netcoreapp" className="xUnitTestProject.CurrencyHelperTests" name="FormatToStringTest1000" />
    </UnitTest>
    <UnitTest name="xUnitTestProject.CurrencyHelperTests.FormatToStringTest1000(price: 30722.846572104303, expected: &quot;30722.85 zł&quot;)" storage="c:\projekty\xunittestproject\bin\debug\netcoreapp3.1\xunittestproject.dll" id="c24ecee8-9b5d-eb63-8afc-f2b0a38b7a72">
      <Execution id="6935be4c-b187-4a21-84bb-3ea7acf527dc" />
      <TestMethod codeBase="C:\Projekty\xUnitTestProject\bin\Debug\netcoreapp3.1\xUnitTestProject.dll" adapterTypeName="executor://xunit/VsTestRunner2/netcoreapp" className="xUnitTestProject.CurrencyHelperTests" name="FormatToStringTest1000" />
    </UnitTest>
    <UnitTest name="xUnitTestProject.CurrencyHelperTests.FormatToStringTest1000(price: 22330.217605518745, expected: &quot;22330.22 zł&quot;)" storage="c:\projekty\xunittestproject\bin\debug\netcoreapp3.1\xunittestproject.dll" id="1dbf06ec-4cde-4ef3-de39-b5efb671422f">
      <Execution id="437148be-975c-49f3-a97a-6bc5c4f0636e" />
      <TestMethod codeBase="C:\Projekty\xUnitTestProject\bin\Debug\netcoreapp3.1\xUnitTestProject.dll" adapterTypeName="executor://xunit/VsTestRunner2/netcoreapp" className="xUnitTestProject.CurrencyHelperTests" name="FormatToStringTest1000" />
    </UnitTest>
    <UnitTest name="xUnitTestProject.CurrencyHelperTests.FormatToStringTest1000(price: 59247.898931587064, expected: &quot;59247.90 zł&quot;)" storage="c:\projekty\xunittestproject\bin\debug\netcoreapp3.1\xunittestproject.dll" id="731a3faa-831a-30a7-eac4-75c26e15a8d7">
      <Execution id="e89e4f3e-6e70-44a4-9900-e8bcb899beb1" />
      <TestMethod codeBase="C:\Projekty\xUnitTestProject\bin\Debug\netcoreapp3.1\xUnitTestProject.dll" adapterTypeName="executor://xunit/VsTestRunner2/netcoreapp" className="xUnitTestProject.CurrencyHelperTests" name="FormatToStringTest1000" />
    </UnitTest>
    <UnitTest name="xUnitTestProject.CurrencyHelperTests.FormatToStringTest1000(price: 10762.501695533518, expected: &quot;10762.50 zł&quot;)" storage="c:\projekty\xunittestproject\bin\debug\netcoreapp3.1\xunittestproject.dll" id="632872cf-9e7c-9970-9f88-5a4077b29ff5">
      <Execution id="8e1d068a-882f-4034-ab3f-f6c59842050f" />
      <TestMethod codeBase="C:\Projekty\xUnitTestProject\bin\Debug\netcoreapp3.1\xUnitTestProject.dll" adapterTypeName="executor://xunit/VsTestRunner2/netcoreapp" className="xUnitTestProject.CurrencyHelperTests" name="FormatToStringTest1000" />
    </UnitTest>
    <UnitTest name="xUnitTestProject.CurrencyHelperTests.FormatToStringTest1000(price: 29678.921519093645, expected: &quot;29678.92 zł&quot;)" storage="c:\projekty\xunittestproject\bin\debug\netcoreapp3.1\xunittestproject.dll" id="f6807856-920c-b4f6-bd05-450a0bb2d3bd">
      <Execution id="afb3c3fc-f38d-4857-b555-438bb87e9e88" />
      <TestMethod codeBase="C:\Projekty\xUnitTestProject\bin\Debug\netcoreapp3.1\xUnitTestProject.dll" adapterTypeName="executor://xunit/VsTestRunner2/netcoreapp" className="xUnitTestProject.CurrencyHelperTests" name="FormatToStringTest1000" />
    </UnitTest>
    <UnitTest name="xUnitTestProject.CurrencyHelperTests.FormatToStringTest1000(price: 17835.54606576988, expected: &quot;17835.55 zł&quot;)" storage="c:\projekty\xunittestproject\bin\debug\netcoreapp3.1\xunittestproject.dll" id="40049265-1e97-9ed6-58fa-5d084054c7cc">
      <Execution id="27ae1e21-0252-4ab2-b372-2a5a92dd3c82" />
      <TestMethod codeBase="C:\Projekty\xUnitTestProject\bin\Debug\netcoreapp3.1\xUnitTestProject.dll" adapterTypeName="executor://xunit/VsTestRunner2/netcoreapp" className="xUnitTestProject.CurrencyHelperTests" name="FormatToStringTest1000" />
    </UnitTest>
    <UnitTest name="xUnitTestProject.CurrencyHelperTests.FormatToStringTest1000(price: 7119.076353227755, expected: &quot;7119.08 zł&quot;)" storage="c:\projekty\xunittestproject\bin\debug\netcoreapp3.1\xunittestproject.dll" id="bcd74692-fcc7-2c4c-b52b-85aae8ab43ad">
      <Execution id="442fa48c-a641-407c-ae46-caad56c9f85e" />
      <TestMethod codeBase="C:\Projekty\xUnitTestProject\bin\Debug\netcoreapp3.1\xUnitTestProject.dll" adapterTypeName="executor://xunit/VsTestRunner2/netcoreapp" className="xUnitTestProject.CurrencyHelperTests" name="FormatToStringTest1000" />
    </UnitTest>
    <UnitTest name="xUnitTestProject.CurrencyHelperTests.FormatToStringTest1000(price: 19541.10539777116, expected: &quot;19541.11 zł&quot;)" storage="c:\projekty\xunittestproject\bin\debug\netcoreapp3.1\xunittestproject.dll" id="534fc948-8601-de40-7f94-04ae4333536f">
      <Execution id="5a16f076-e8d5-4a04-8bd5-06ed9c8a7b25" />
      <TestMethod codeBase="C:\Projekty\xUnitTestProject\bin\Debug\netcoreapp3.1\xUnitTestProject.dll" adapterTypeName="executor://xunit/VsTestRunner2/netcoreapp" className="xUnitTestProject.CurrencyHelperTests" name="FormatToStringTest1000" />
    </UnitTest>
    <UnitTest name="xUnitTestProject.CurrencyHelperTests.FormatToStringTest1000(price: 25288.32036814574, expected: &quot;25288.32 zł&quot;)" storage="c:\projekty\xunittestproject\bin\debug\netcoreapp3.1\xunittestproject.dll" id="5b94edbf-3c78-7105-4ec5-f34d39e55c58">
      <Execution id="d65a236b-cc38-4eca-8352-8c04e754acc6" />
      <TestMethod codeBase="C:\Projekty\xUnitTestProject\bin\Debug\netcoreapp3.1\xUnitTestProject.dll" adapterTypeName="executor://xunit/VsTestRunner2/netcoreapp" className="xUnitTestProject.CurrencyHelperTests" name="FormatToStringTest1000" />
    </UnitTest>
    <UnitTest name="xUnitTestProject.CurrencyHelperTests.FormatToStringTest1000(price: 22494.46807976834, expected: &quot;22494.47 zł&quot;)" storage="c:\projekty\xunittestproject\bin\debug\netcoreapp3.1\xunittestproject.dll" id="3b87d198-4b64-d5ab-66c4-ae53f55f5bdf">
      <Execution id="e0fd6297-9982-4b17-b82f-e3900e41ec7e" />
      <TestMethod codeBase="C:\Projekty\xUnitTestProject\bin\Debug\netcoreapp3.1\xUnitTestProject.dll" adapterTypeName="executor://xunit/VsTestRunner2/netcoreapp" className="xUnitTestProject.CurrencyHelperTests" name="FormatToStringTest1000" />
    </UnitTest>
    <UnitTest name="xUnitTestProject.CurrencyHelperTests.FormatToStringTest1000(price: 6170.939441211959, expected: &quot;6170.94 zł&quot;)" storage="c:\projekty\xunittestproject\bin\debug\netcoreapp3.1\xunittestproject.dll" id="e6f6cc53-8c3a-da20-bc77-8b2d112d8374">
      <Execution id="9118a473-05dc-4938-8aa2-efb35ebdd4ea" />
      <TestMethod codeBase="C:\Projekty\xUnitTestProject\bin\Debug\netcoreapp3.1\xUnitTestProject.dll" adapterTypeName="executor://xunit/VsTestRunner2/netcoreapp" className="xUnitTestProject.CurrencyHelperTests" name="FormatToStringTest1000" />
    </UnitTest>
    <UnitTest name="xUnitTestProject.CurrencyHelperTests.FormatToStringTest1000(price: 7004.710832051798, expected: &quot;7004.71 zł&quot;)" storage="c:\projekty\xunittestproject\bin\debug\netcoreapp3.1\xunittestproject.dll" id="7d53e462-1288-fbb2-1f6d-75cbd2a2eb44">
      <Execution id="6450175d-e7e6-45b7-b038-9e4807db6861" />
      <TestMethod codeBase="C:\Projekty\xUnitTestProject\bin\Debug\netcoreapp3.1\xUnitTestProject.dll" adapterTypeName="executor://xunit/VsTestRunner2/netcoreapp" className="xUnitTestProject.CurrencyHelperTests" name="FormatToStringTest1000" />
    </UnitTest>
    <UnitTest name="xUnitTestProject.CurrencyHelperTests.FormatToStringTest1000(price: 88489.14069749469, expected: &quot;88489.14 zł&quot;)" storage="c:\projekty\xunittestproject\bin\debug\netcoreapp3.1\xunittestproject.dll" id="537f8fc0-34c4-479b-bc61-34b31d069aae">
      <Execution id="29ca8d8b-d702-41fb-b7d3-bab9fe5f2642" />
      <TestMethod codeBase="C:\Projekty\xUnitTestProject\bin\Debug\netcoreapp3.1\xUnitTestProject.dll" adapterTypeName="executor://xunit/VsTestRunner2/netcoreapp" className="xUnitTestProject.CurrencyHelperTests" name="FormatToStringTest1000" />
    </UnitTest>
    <UnitTest name="xUnitTestProject.CurrencyHelperTests.FormatToStringTest1000(price: 54088.326214851964, expected: &quot;54088.33 zł&quot;)" storage="c:\projekty\xunittestproject\bin\debug\netcoreapp3.1\xunittestproject.dll" id="5554cc9d-410c-0a03-5c37-393e64fd2d26">
      <Execution id="df9e30e2-37a9-4929-957e-43a19f0e3e26" />
      <TestMethod codeBase="C:\Projekty\xUnitTestProject\bin\Debug\netcoreapp3.1\xUnitTestProject.dll" adapterTypeName="executor://xunit/VsTestRunner2/netcoreapp" className="xUnitTestProject.CurrencyHelperTests" name="FormatToStringTest1000" />
    </UnitTest>
    <UnitTest name="xUnitTestProject.CurrencyHelperTests.FormatToStringTest1000(price: 740.3213011405064, expected: &quot;740.32 zł&quot;)" storage="c:\projekty\xunittestproject\bin\debug\netcoreapp3.1\xunittestproject.dll" id="b59817a2-024b-f794-3f46-68714948a01a">
      <Execution id="e05c77c1-a059-430e-af82-8ea1ae79a3ba" />
      <TestMethod codeBase="C:\Projekty\xUnitTestProject\bin\Debug\netcoreapp3.1\xUnitTestProject.dll" adapterTypeName="executor://xunit/VsTestRunner2/netcoreapp" className="xUnitTestProject.CurrencyHelperTests" name="FormatToStringTest1000" />
    </UnitTest>
    <UnitTest name="xUnitTestProject.CurrencyHelperTests.FormatToStringTest1000(price: 3043.6828298227315, expected: &quot;3043.68 zł&quot;)" storage="c:\projekty\xunittestproject\bin\debug\netcoreapp3.1\xunittestproject.dll" id="1d4cd445-caf0-beba-56bf-67413439f9ab">
      <Execution id="f2dc82da-c6c7-4a73-a526-2b10d5bb1b6d" />
      <TestMethod codeBase="C:\Projekty\xUnitTestProject\bin\Debug\netcoreapp3.1\xUnitTestProject.dll" adapterTypeName="executor://xunit/VsTestRunner2/netcoreapp" className="xUnitTestProject.CurrencyHelperTests" name="FormatToStringTest1000" />
    </UnitTest>
    <UnitTest name="xUnitTestProject.CurrencyHelperTests.FormatToStringTest1000(price: 9068.70019550468, expected: &quot;9068.70 zł&quot;)" storage="c:\projekty\xunittestproject\bin\debug\netcoreapp3.1\xunittestproject.dll" id="0e441c44-ccc7-5318-d743-a0646c26f920">
      <Execution id="3cc1642d-e7db-477c-999b-1e6806d6e16c" />
      <TestMethod codeBase="C:\Projekty\xUnitTestProject\bin\Debug\netcoreapp3.1\xUnitTestProject.dll" adapterTypeName="executor://xunit/VsTestRunner2/netcoreapp" className="xUnitTestProject.CurrencyHelperTests" name="FormatToStringTest1000" />
    </UnitTest>
    <UnitTest name="xUnitTestProject.CurrencyHelperTests.FormatToStringTest1000(price: 57671.67669738675, expected: &quot;57671.68 zł&quot;)" storage="c:\projekty\xunittestproject\bin\debug\netcoreapp3.1\xunittestproject.dll" id="fe5f39e6-4cd0-a90c-3fd0-4ec94c3771bb">
      <Execution id="0c5bf0e7-bfd4-4d9d-afc3-62e999c19bb2" />
      <TestMethod codeBase="C:\Projekty\xUnitTestProject\bin\Debug\netcoreapp3.1\xUnitTestProject.dll" adapterTypeName="executor://xunit/VsTestRunner2/netcoreapp" className="xUnitTestProject.CurrencyHelperTests" name="FormatToStringTest1000" />
    </UnitTest>
    <UnitTest name="xUnitTestProject.CurrencyHelperTests.FormatToStringTest1000(price: 23612.114499758984, expected: &quot;23612.11 zł&quot;)" storage="c:\projekty\xunittestproject\bin\debug\netcoreapp3.1\xunittestproject.dll" id="bc83fa3c-576f-30a6-fe1b-a25c896763ba">
      <Execution id="fbf12cc2-4b4c-4740-9141-3abce31854d0" />
      <TestMethod codeBase="C:\Projekty\xUnitTestProject\bin\Debug\netcoreapp3.1\xUnitTestProject.dll" adapterTypeName="executor://xunit/VsTestRunner2/netcoreapp" className="xUnitTestProject.CurrencyHelperTests" name="FormatToStringTest1000" />
    </UnitTest>
    <UnitTest name="xUnitTestProject.CurrencyHelperTests.FormatToStringTest1000(price: 151.50737175275916, expected: &quot;151.51 zł&quot;)" storage="c:\projekty\xunittestproject\bin\debug\netcoreapp3.1\xunittestproject.dll" id="d30d3b94-edb3-8c77-afa5-d7e300714162">
      <Execution id="90ae3de4-5b4d-4a1c-a2fe-80479f0ae6c4" />
      <TestMethod codeBase="C:\Projekty\xUnitTestProject\bin\Debug\netcoreapp3.1\xUnitTestProject.dll" adapterTypeName="executor://xunit/VsTestRunner2/netcoreapp" className="xUnitTestProject.CurrencyHelperTests" name="FormatToStringTest1000" />
    </UnitTest>
    <UnitTest name="xUnitTestProject.CurrencyHelperTests.FormatToStringTest1000(price: 30499.08272379734, expected: &quot;30499.08 zł&quot;)" storage="c:\projekty\xunittestproject\bin\debug\netcoreapp3.1\xunittestproject.dll" id="89c1bc9c-fd1f-546d-3081-e1943d5ea5fd">
      <Execution id="1e4ce02a-6413-40a5-afea-bd6a5e81e600" />
      <TestMethod codeBase="C:\Projekty\xUnitTestProject\bin\Debug\netcoreapp3.1\xUnitTestProject.dll" adapterTypeName="executor://xunit/VsTestRunner2/netcoreapp" className="xUnitTestProject.CurrencyHelperTests" name="FormatToStringTest1000" />
    </UnitTest>
    <UnitTest name="xUnitTestProject.CurrencyHelperTests.FormatToStringTest1000(price: 59283.7670322637, expected: &quot;59283.77 zł&quot;)" storage="c:\projekty\xunittestproject\bin\debug\netcoreapp3.1\xunittestproject.dll" id="86b56171-19f4-76a4-c109-8879ac5bbbd7">
      <Execution id="9f9560da-e7da-4497-beba-b324865922da" />
      <TestMethod codeBase="C:\Projekty\xUnitTestProject\bin\Debug\netcoreapp3.1\xUnitTestProject.dll" adapterTypeName="executor://xunit/VsTestRunner2/netcoreapp" className="xUnitTestProject.CurrencyHelperTests" name="FormatToStringTest1000" />
    </UnitTest>
    <UnitTest name="xUnitTestProject.CurrencyHelperTests.FormatToStringTest1000(price: 34458.5406463512, expected: &quot;34458.54 zł&quot;)" storage="c:\projekty\xunittestproject\bin\debug\netcoreapp3.1\xunittestproject.dll" id="5fe9c184-b316-2ed8-da8c-d7dc0b588adb">
      <Execution id="10684943-10ac-4ab7-b8d7-89e0b42532ea" />
      <TestMethod codeBase="C:\Projekty\xUnitTestProject\bin\Debug\netcoreapp3.1\xUnitTestProject.dll" adapterTypeName="executor://xunit/VsTestRunner2/netcoreapp" className="xUnitTestProject.CurrencyHelperTests" name="FormatToStringTest1000" />
    </UnitTest>
    <UnitTest name="xUnitTestProject.CurrencyHelperTests.FormatToStringTest1000(price: 6035.818653228608, expected: &quot;6035.82 zł&quot;)" storage="c:\projekty\xunittestproject\bin\debug\netcoreapp3.1\xunittestproject.dll" id="bac2e760-c57c-379d-cca8-5272b1f0e7e5">
      <Execution id="dec22989-36b1-44de-8503-b89788b40051" />
      <TestMethod codeBase="C:\Projekty\xUnitTestProject\bin\Debug\netcoreapp3.1\xUnitTestProject.dll" adapterTypeName="executor://xunit/VsTestRunner2/netcoreapp" className="xUnitTestProject.CurrencyHelperTests" name="FormatToStringTest1000" />
    </UnitTest>
    <UnitTest name="xUnitTestProject.CurrencyHelperTests.FormatToStringTest1000(price: 5810.695934967462, expected: &quot;5810.70 zł&quot;)" storage="c:\projekty\xunittestproject\bin\debug\netcoreapp3.1\xunittestproject.dll" id="d6ef55e8-c5e6-5de1-49ad-15c2ce305191">
      <Execution id="692d234a-255e-469e-815e-c8474f020d50" />
      <TestMethod codeBase="C:\Projekty\xUnitTestProject\bin\Debug\netcoreapp3.1\xUnitTestProject.dll" adapterTypeName="executor://xunit/VsTestRunner2/netcoreapp" className="xUnitTestProject.CurrencyHelperTests" name="FormatToStringTest1000" />
    </UnitTest>
    <UnitTest name="xUnitTestProject.CurrencyHelperTests.FormatToStringTest1000(price: 24768.25771770359, expected: &quot;24768.26 zł&quot;)" storage="c:\projekty\xunittestproject\bin\debug\netcoreapp3.1\xunittestproject.dll" id="9391af43-2aec-63c3-c456-eaf3d57ab573">
      <Execution id="d74b82d1-826a-43bc-91dd-6d3667b790a8" />
      <TestMethod codeBase="C:\Projekty\xUnitTestProject\bin\Debug\netcoreapp3.1\xUnitTestProject.dll" adapterTypeName="executor://xunit/VsTestRunner2/netcoreapp" className="xUnitTestProject.CurrencyHelperTests" name="FormatToStringTest1000" />
    </UnitTest>
    <UnitTest name="xUnitTestProject.CurrencyHelperTests.FormatToStringTest1000(price: 36893.66238331593, expected: &quot;36893.66 zł&quot;)" storage="c:\projekty\xunittestproject\bin\debug\netcoreapp3.1\xunittestproject.dll" id="e6ca1d81-dcf2-fd0d-938d-c5551a71b09d">
      <Execution id="f1b45a04-1e9f-4ef9-9715-7af9a8667d67" />
      <TestMethod codeBase="C:\Projekty\xUnitTestProject\bin\Debug\netcoreapp3.1\xUnitTestProject.dll" adapterTypeName="executor://xunit/VsTestRunner2/netcoreapp" className="xUnitTestProject.CurrencyHelperTests" name="FormatToStringTest1000" />
    </UnitTest>
    <UnitTest name="xUnitTestProject.CurrencyHelperTests.FormatToStringTest1000(price: 2339.5873176472205, expected: &quot;2339.59 zł&quot;)" storage="c:\projekty\xunittestproject\bin\debug\netcoreapp3.1\xunittestproject.dll" id="97d8215e-c1fc-21f7-065d-165363a0a007">
      <Execution id="74643303-21a9-44a4-8ac2-0833c428a861" />
      <TestMethod codeBase="C:\Projekty\xUnitTestProject\bin\Debug\netcoreapp3.1\xUnitTestProject.dll" adapterTypeName="executor://xunit/VsTestRunner2/netcoreapp" className="xUnitTestProject.CurrencyHelperTests" name="FormatToStringTest1000" />
    </UnitTest>
    <UnitTest name="xUnitTestProject.CurrencyHelperTests.FormatToStringTest1000(price: 7569.605888796322, expected: &quot;7569.61 zł&quot;)" storage="c:\projekty\xunittestproject\bin\debug\netcoreapp3.1\xunittestproject.dll" id="95df1eac-f3bd-b207-f98c-5233af246763">
      <Execution id="a76172c1-cdb3-43b2-ab6a-254c892a6184" />
      <TestMethod codeBase="C:\Projekty\xUnitTestProject\bin\Debug\netcoreapp3.1\xUnitTestProject.dll" adapterTypeName="executor://xunit/VsTestRunner2/netcoreapp" className="xUnitTestProject.CurrencyHelperTests" name="FormatToStringTest1000" />
    </UnitTest>
    <UnitTest name="xUnitTestProject.CurrencyHelperTests.FormatToStringTest1000(price: 28033.439084134738, expected: &quot;28033.44 zł&quot;)" storage="c:\projekty\xunittestproject\bin\debug\netcoreapp3.1\xunittestproject.dll" id="05d28227-9bee-a7ac-5d44-a19da1f5106c">
      <Execution id="4da9d78f-088e-4ed7-8427-b27eef522edc" />
      <TestMethod codeBase="C:\Projekty\xUnitTestProject\bin\Debug\netcoreapp3.1\xUnitTestProject.dll" adapterTypeName="executor://xunit/VsTestRunner2/netcoreapp" className="xUnitTestProject.CurrencyHelperTests" name="FormatToStringTest1000" />
    </UnitTest>
    <UnitTest name="xUnitTestProject.CurrencyHelperTests.FormatToStringTest1000(price: 15520.346099893259, expected: &quot;15520.35 zł&quot;)" storage="c:\projekty\xunittestproject\bin\debug\netcoreapp3.1\xunittestproject.dll" id="3e5b1b26-ce6a-72cd-5d99-1c229fd90703">
      <Execution id="9c8026c4-b17d-4ba8-9eb9-a692ec0361dd" />
      <TestMethod codeBase="C:\Projekty\xUnitTestProject\bin\Debug\netcoreapp3.1\xUnitTestProject.dll" adapterTypeName="executor://xunit/VsTestRunner2/netcoreapp" className="xUnitTestProject.CurrencyHelperTests" name="FormatToStringTest1000" />
    </UnitTest>
    <UnitTest name="xUnitTestProject.CurrencyHelperTests.FormatToStringTest1000(price: 4139.032615562451, expected: &quot;4139.03 zł&quot;)" storage="c:\projekty\xunittestproject\bin\debug\netcoreapp3.1\xunittestproject.dll" id="0095ae63-2136-ec44-562f-f92a8a9ed8f7">
      <Execution id="7032ac99-df71-445c-a333-3b02784b4b6d" />
      <TestMethod codeBase="C:\Projekty\xUnitTestProject\bin\Debug\netcoreapp3.1\xUnitTestProject.dll" adapterTypeName="executor://xunit/VsTestRunner2/netcoreapp" className="xUnitTestProject.CurrencyHelperTests" name="FormatToStringTest1000" />
    </UnitTest>
    <UnitTest name="xUnitTestProject.CurrencyHelperTests.FormatToStringTest1000(price: 15907.394871033446, expected: &quot;15907.39 zł&quot;)" storage="c:\projekty\xunittestproject\bin\debug\netcoreapp3.1\xunittestproject.dll" id="4308f885-151f-014b-166d-40692645a73a">
      <Execution id="db85bdac-fd5f-4ef2-bf0e-362ef2105aac" />
      <TestMethod codeBase="C:\Projekty\xUnitTestProject\bin\Debug\netcoreapp3.1\xUnitTestProject.dll" adapterTypeName="executor://xunit/VsTestRunner2/netcoreapp" className="xUnitTestProject.CurrencyHelperTests" name="FormatToStringTest1000" />
    </UnitTest>
    <UnitTest name="xUnitTestProject.CurrencyHelperTests.FormatToStringTest1000(price: 71554.9786298829, expected: &quot;71554.98 zł&quot;)" storage="c:\projekty\xunittestproject\bin\debug\netcoreapp3.1\xunittestproject.dll" id="422cd58a-1607-1b98-484d-a3568b92bd13">
      <Execution id="8b6f542c-e3f1-4844-a2ba-21c5a7b5bd03" />
      <TestMethod codeBase="C:\Projekty\xUnitTestProject\bin\Debug\netcoreapp3.1\xUnitTestProject.dll" adapterTypeName="executor://xunit/VsTestRunner2/netcoreapp" className="xUnitTestProject.CurrencyHelperTests" name="FormatToStringTest1000" />
    </UnitTest>
    <UnitTest name="xUnitTestProject.CurrencyHelperTests.FormatToStringTest1000(price: 30138.55109863102, expected: &quot;30138.55 zł&quot;)" storage="c:\projekty\xunittestproject\bin\debug\netcoreapp3.1\xunittestproject.dll" id="0a2dd6c8-dd3b-c34c-d236-39c95cee3b33">
      <Execution id="c964fb2b-4229-4dc2-af1e-16269be19de9" />
      <TestMethod codeBase="C:\Projekty\xUnitTestProject\bin\Debug\netcoreapp3.1\xUnitTestProject.dll" adapterTypeName="executor://xunit/VsTestRunner2/netcoreapp" className="xUnitTestProject.CurrencyHelperTests" name="FormatToStringTest1000" />
    </UnitTest>
    <UnitTest name="xUnitTestProject.CurrencyHelperTests.FormatToStringTest1000(price: 51632.87002968503, expected: &quot;51632.87 zł&quot;)" storage="c:\projekty\xunittestproject\bin\debug\netcoreapp3.1\xunittestproject.dll" id="017ca1fc-bbca-8181-b3ea-3373763e884b">
      <Execution id="d918ec1f-ab9c-4fac-be30-ee33d0bd4fe2" />
      <TestMethod codeBase="C:\Projekty\xUnitTestProject\bin\Debug\netcoreapp3.1\xUnitTestProject.dll" adapterTypeName="executor://xunit/VsTestRunner2/netcoreapp" className="xUnitTestProject.CurrencyHelperTests" name="FormatToStringTest1000" />
    </UnitTest>
    <UnitTest name="xUnitTestProject.CurrencyHelperTests.FormatToStringTest1000(price: 12610.563163818122, expected: &quot;12610.56 zł&quot;)" storage="c:\projekty\xunittestproject\bin\debug\netcoreapp3.1\xunittestproject.dll" id="744b047e-9ee3-164d-c478-0183e3fd850c">
      <Execution id="d3a6bd26-5e31-41ba-a0e4-ef6ec01fdd74" />
      <TestMethod codeBase="C:\Projekty\xUnitTestProject\bin\Debug\netcoreapp3.1\xUnitTestProject.dll" adapterTypeName="executor://xunit/VsTestRunner2/netcoreapp" className="xUnitTestProject.CurrencyHelperTests" name="FormatToStringTest1000" />
    </UnitTest>
    <UnitTest name="xUnitTestProject.CurrencyHelperTests.FormatToStringTest1000(price: 23282.56178903047, expected: &quot;23282.56 zł&quot;)" storage="c:\projekty\xunittestproject\bin\debug\netcoreapp3.1\xunittestproject.dll" id="e905c24a-e819-fe18-0852-b70c2080c17c">
      <Execution id="74ce5c43-e64d-4a78-a92a-382d9365263f" />
      <TestMethod codeBase="C:\Projekty\xUnitTestProject\bin\Debug\netcoreapp3.1\xUnitTestProject.dll" adapterTypeName="executor://xunit/VsTestRunner2/netcoreapp" className="xUnitTestProject.CurrencyHelperTests" name="FormatToStringTest1000" />
    </UnitTest>
    <UnitTest name="xUnitTestProject.CurrencyHelperTests.FormatToStringTest1000(price: 68011.49219071423, expected: &quot;68011.49 zł&quot;)" storage="c:\projekty\xunittestproject\bin\debug\netcoreapp3.1\xunittestproject.dll" id="d39c6f9f-bd62-16f2-5a23-b15da9df82dd">
      <Execution id="c07bac1b-ac8c-4a0b-bd4f-04ab090cd8e2" />
      <TestMethod codeBase="C:\Projekty\xUnitTestProject\bin\Debug\netcoreapp3.1\xUnitTestProject.dll" adapterTypeName="executor://xunit/VsTestRunner2/netcoreapp" className="xUnitTestProject.CurrencyHelperTests" name="FormatToStringTest1000" />
    </UnitTest>
    <UnitTest name="xUnitTestProject.CurrencyHelperTests.FormatToStringTest1000(price: 1228.101744225296, expected: &quot;1228.10 zł&quot;)" storage="c:\projekty\xunittestproject\bin\debug\netcoreapp3.1\xunittestproject.dll" id="27c9de3f-c624-ee93-069f-2072d9c30f0a">
      <Execution id="46e17953-bacc-4a47-90d2-f2df294c34f5" />
      <TestMethod codeBase="C:\Projekty\xUnitTestProject\bin\Debug\netcoreapp3.1\xUnitTestProject.dll" adapterTypeName="executor://xunit/VsTestRunner2/netcoreapp" className="xUnitTestProject.CurrencyHelperTests" name="FormatToStringTest1000" />
    </UnitTest>
    <UnitTest name="xUnitTestProject.CurrencyHelperTests.FormatToStringTest1000(price: 57809.74722876295, expected: &quot;57809.75 zł&quot;)" storage="c:\projekty\xunittestproject\bin\debug\netcoreapp3.1\xunittestproject.dll" id="1dbbe335-bc13-7d9d-496f-d39e25173610">
      <Execution id="07df9902-c22e-4f8f-8407-e5e161385b7e" />
      <TestMethod codeBase="C:\Projekty\xUnitTestProject\bin\Debug\netcoreapp3.1\xUnitTestProject.dll" adapterTypeName="executor://xunit/VsTestRunner2/netcoreapp" className="xUnitTestProject.CurrencyHelperTests" name="FormatToStringTest1000" />
    </UnitTest>
    <UnitTest name="xUnitTestProject.CurrencyHelperTests.FormatToStringTest1000(price: 35714.78133482243, expected: &quot;35714.78 zł&quot;)" storage="c:\projekty\xunittestproject\bin\debug\netcoreapp3.1\xunittestproject.dll" id="9af1084a-697b-14e3-b169-a799a0af5e73">
      <Execution id="81874196-bbbc-4a54-8e8e-6c159b37933b" />
      <TestMethod codeBase="C:\Projekty\xUnitTestProject\bin\Debug\netcoreapp3.1\xUnitTestProject.dll" adapterTypeName="executor://xunit/VsTestRunner2/netcoreapp" className="xUnitTestProject.CurrencyHelperTests" name="FormatToStringTest1000" />
    </UnitTest>
    <UnitTest name="xUnitTestProject.CurrencyHelperTests.FormatToStringTest1000(price: 20497.107923553376, expected: &quot;20497.11 zł&quot;)" storage="c:\projekty\xunittestproject\bin\debug\netcoreapp3.1\xunittestproject.dll" id="dbf6f9ae-d4e2-c907-2228-ff1a571678a6">
      <Execution id="2f658bb8-fee9-4df6-bd1f-3e11d1e69212" />
      <TestMethod codeBase="C:\Projekty\xUnitTestProject\bin\Debug\netcoreapp3.1\xUnitTestProject.dll" adapterTypeName="executor://xunit/VsTestRunner2/netcoreapp" className="xUnitTestProject.CurrencyHelperTests" name="FormatToStringTest1000" />
    </UnitTest>
    <UnitTest name="xUnitTestProject.CurrencyHelperTests.FormatToStringTest1000(price: 29539.32303995328, expected: &quot;29539.32 zł&quot;)" storage="c:\projekty\xunittestproject\bin\debug\netcoreapp3.1\xunittestproject.dll" id="90e736db-bebc-59eb-dcfd-94a08c26727f">
      <Execution id="016441b8-a3a2-4cc3-aa14-1919d7e06770" />
      <TestMethod codeBase="C:\Projekty\xUnitTestProject\bin\Debug\netcoreapp3.1\xUnitTestProject.dll" adapterTypeName="executor://xunit/VsTestRunner2/netcoreapp" className="xUnitTestProject.CurrencyHelperTests" name="FormatToStringTest1000" />
    </UnitTest>
    <UnitTest name="xUnitTestProject.CurrencyHelperTests.FormatToStringTest1000(price: 26843.15785584932, expected: &quot;26843.16 zł&quot;)" storage="c:\projekty\xunittestproject\bin\debug\netcoreapp3.1\xunittestproject.dll" id="6c2df068-e073-781f-ed58-d73445937e1f">
      <Execution id="d0616656-313f-4702-bef0-39322f8df535" />
      <TestMethod codeBase="C:\Projekty\xUnitTestProject\bin\Debug\netcoreapp3.1\xUnitTestProject.dll" adapterTypeName="executor://xunit/VsTestRunner2/netcoreapp" className="xUnitTestProject.CurrencyHelperTests" name="FormatToStringTest1000" />
    </UnitTest>
    <UnitTest name="xUnitTestProject.CurrencyHelperTests.FormatToStringTest1000(price: 3694.480496819355, expected: &quot;3694.48 zł&quot;)" storage="c:\projekty\xunittestproject\bin\debug\netcoreapp3.1\xunittestproject.dll" id="34bdc501-b6be-65bd-2c54-6d143c30390e">
      <Execution id="d682288f-8434-41cf-8dab-85762d05c4f9" />
      <TestMethod codeBase="C:\Projekty\xUnitTestProject\bin\Debug\netcoreapp3.1\xUnitTestProject.dll" adapterTypeName="executor://xunit/VsTestRunner2/netcoreapp" className="xUnitTestProject.CurrencyHelperTests" name="FormatToStringTest1000" />
    </UnitTest>
    <UnitTest name="xUnitTestProject.CurrencyHelperTests.FormatToStringTest1000(price: 46391.661094229516, expected: &quot;46391.66 zł&quot;)" storage="c:\projekty\xunittestproject\bin\debug\netcoreapp3.1\xunittestproject.dll" id="4637cc44-56b0-2010-e4d2-4d7d6320ef09">
      <Execution id="b8f795d8-60d5-48d7-be87-4d3756b095a5" />
      <TestMethod codeBase="C:\Projekty\xUnitTestProject\bin\Debug\netcoreapp3.1\xUnitTestProject.dll" adapterTypeName="executor://xunit/VsTestRunner2/netcoreapp" className="xUnitTestProject.CurrencyHelperTests" name="FormatToStringTest1000" />
    </UnitTest>
    <UnitTest name="xUnitTestProject.CurrencyHelperTests.FormatToStringTest1000(price: 63507.32603545455, expected: &quot;63507.33 zł&quot;)" storage="c:\projekty\xunittestproject\bin\debug\netcoreapp3.1\xunittestproject.dll" id="6127c2a7-0d58-b2ca-c80b-3d883558c1c7">
      <Execution id="280e021f-9f9f-4df3-a2ee-5e3ec5e109f1" />
      <TestMethod codeBase="C:\Projekty\xUnitTestProject\bin\Debug\netcoreapp3.1\xUnitTestProject.dll" adapterTypeName="executor://xunit/VsTestRunner2/netcoreapp" className="xUnitTestProject.CurrencyHelperTests" name="FormatToStringTest1000" />
    </UnitTest>
    <UnitTest name="xUnitTestProject.CurrencyHelperTests.FormatToStringTest1000(price: 60299.23738666309, expected: &quot;60299.24 zł&quot;)" storage="c:\projekty\xunittestproject\bin\debug\netcoreapp3.1\xunittestproject.dll" id="ba6a31a5-f6b4-cabf-4787-f1e219c63249">
      <Execution id="90f2586f-4070-4c6d-bb0b-a5e86271d1b6" />
      <TestMethod codeBase="C:\Projekty\xUnitTestProject\bin\Debug\netcoreapp3.1\xUnitTestProject.dll" adapterTypeName="executor://xunit/VsTestRunner2/netcoreapp" className="xUnitTestProject.CurrencyHelperTests" name="FormatToStringTest1000" />
    </UnitTest>
    <UnitTest name="xUnitTestProject.CurrencyHelperTests.FormatToStringTest1000(price: 63427.55325689332, expected: &quot;63427.55 zł&quot;)" storage="c:\projekty\xunittestproject\bin\debug\netcoreapp3.1\xunittestproject.dll" id="65d35c13-0e19-06e3-2b90-fbf07f6234bd">
      <Execution id="4a192dcd-831c-4577-a82f-0c505e84aff8" />
      <TestMethod codeBase="C:\Projekty\xUnitTestProject\bin\Debug\netcoreapp3.1\xUnitTestProject.dll" adapterTypeName="executor://xunit/VsTestRunner2/netcoreapp" className="xUnitTestProject.CurrencyHelperTests" name="FormatToStringTest1000" />
    </UnitTest>
    <UnitTest name="xUnitTestProject.CurrencyHelperTests.FormatToStringTest1000(price: 4121.116360678857, expected: &quot;4121.12 zł&quot;)" storage="c:\projekty\xunittestproject\bin\debug\netcoreapp3.1\xunittestproject.dll" id="c0741e8d-b0f9-ca5e-e02e-02960c9e164f">
      <Execution id="a2405fe7-ce7e-4415-a180-12c1c08f9639" />
      <TestMethod codeBase="C:\Projekty\xUnitTestProject\bin\Debug\netcoreapp3.1\xUnitTestProject.dll" adapterTypeName="executor://xunit/VsTestRunner2/netcoreapp" className="xUnitTestProject.CurrencyHelperTests" name="FormatToStringTest1000" />
    </UnitTest>
    <UnitTest name="xUnitTestProject.CurrencyHelperTests.FormatToStringTest1000(price: 22592.465903659566, expected: &quot;22592.47 zł&quot;)" storage="c:\projekty\xunittestproject\bin\debug\netcoreapp3.1\xunittestproject.dll" id="ae407fd6-e927-5656-0ce5-4192f5da53cb">
      <Execution id="6eaa3a27-2c28-42db-84a7-20949b62f65a" />
      <TestMethod codeBase="C:\Projekty\xUnitTestProject\bin\Debug\netcoreapp3.1\xUnitTestProject.dll" adapterTypeName="executor://xunit/VsTestRunner2/netcoreapp" className="xUnitTestProject.CurrencyHelperTests" name="FormatToStringTest1000" />
    </UnitTest>
    <UnitTest name="xUnitTestProject.CurrencyHelperTests.FormatToStringTest1000(price: 40400.9734049295, expected: &quot;40400.97 zł&quot;)" storage="c:\projekty\xunittestproject\bin\debug\netcoreapp3.1\xunittestproject.dll" id="dbb67156-6168-60a5-400a-6afe6eb000f2">
      <Execution id="87b34570-d108-47ea-97c7-dce00e53446d" />
      <TestMethod codeBase="C:\Projekty\xUnitTestProject\bin\Debug\netcoreapp3.1\xUnitTestProject.dll" adapterTypeName="executor://xunit/VsTestRunner2/netcoreapp" className="xUnitTestProject.CurrencyHelperTests" name="FormatToStringTest1000" />
    </UnitTest>
    <UnitTest name="xUnitTestProject.CurrencyHelperTests.FormatToStringTest1000(price: 26529.10838037036, expected: &quot;26529.11 zł&quot;)" storage="c:\projekty\xunittestproject\bin\debug\netcoreapp3.1\xunittestproject.dll" id="f2358686-aae0-414b-7a27-d43a959b03da">
      <Execution id="aa404cc7-cfc4-465d-af72-cf571c9d0f43" />
      <TestMethod codeBase="C:\Projekty\xUnitTestProject\bin\Debug\netcoreapp3.1\xUnitTestProject.dll" adapterTypeName="executor://xunit/VsTestRunner2/netcoreapp" className="xUnitTestProject.CurrencyHelperTests" name="FormatToStringTest1000" />
    </UnitTest>
    <UnitTest name="xUnitTestProject.CurrencyHelperTests.FormatToStringTest1000(price: 5840.747097845071, expected: &quot;5840.75 zł&quot;)" storage="c:\projekty\xunittestproject\bin\debug\netcoreapp3.1\xunittestproject.dll" id="4d20e584-0f2f-1ed1-3ddf-7516456e8aa4">
      <Execution id="597f73d6-1bad-40b2-a526-ad4a9c572fcf" />
      <TestMethod codeBase="C:\Projekty\xUnitTestProject\bin\Debug\netcoreapp3.1\xUnitTestProject.dll" adapterTypeName="executor://xunit/VsTestRunner2/netcoreapp" className="xUnitTestProject.CurrencyHelperTests" name="FormatToStringTest1000" />
    </UnitTest>
    <UnitTest name="xUnitTestProject.CurrencyHelperTests.FormatToStringTest1000(price: 13455.521105358153, expected: &quot;13455.52 zł&quot;)" storage="c:\projekty\xunittestproject\bin\debug\netcoreapp3.1\xunittestproject.dll" id="87f6b537-303b-ee32-7ebc-e34863879e5b">
      <Execution id="5e89e5d0-0db4-4dda-abd3-aac49334b009" />
      <TestMethod codeBase="C:\Projekty\xUnitTestProject\bin\Debug\netcoreapp3.1\xUnitTestProject.dll" adapterTypeName="executor://xunit/VsTestRunner2/netcoreapp" className="xUnitTestProject.CurrencyHelperTests" name="FormatToStringTest1000" />
    </UnitTest>
    <UnitTest name="xUnitTestProject.CurrencyHelperTests.FormatToStringTest1000(price: 395.45790295882983, expected: &quot;395.46 zł&quot;)" storage="c:\projekty\xunittestproject\bin\debug\netcoreapp3.1\xunittestproject.dll" id="9f159054-0ade-aabd-0878-ac1771f3fda6">
      <Execution id="3a7f0fbe-0cf7-4a0b-801d-458a8e3040db" />
      <TestMethod codeBase="C:\Projekty\xUnitTestProject\bin\Debug\netcoreapp3.1\xUnitTestProject.dll" adapterTypeName="executor://xunit/VsTestRunner2/netcoreapp" className="xUnitTestProject.CurrencyHelperTests" name="FormatToStringTest1000" />
    </UnitTest>
    <UnitTest name="xUnitTestProject.CurrencyHelperTests.FormatToStringTest1000(price: 27506.397047390416, expected: &quot;27506.40 zł&quot;)" storage="c:\projekty\xunittestproject\bin\debug\netcoreapp3.1\xunittestproject.dll" id="0010af2c-264b-9fa0-ca85-4bef95661f34">
      <Execution id="00612eac-8aa3-4fd6-8ed9-768934750ac2" />
      <TestMethod codeBase="C:\Projekty\xUnitTestProject\bin\Debug\netcoreapp3.1\xUnitTestProject.dll" adapterTypeName="executor://xunit/VsTestRunner2/netcoreapp" className="xUnitTestProject.CurrencyHelperTests" name="FormatToStringTest1000" />
    </UnitTest>
    <UnitTest name="xUnitTestProject.CurrencyHelperTests.FormatToStringTest1000(price: 15411.371650797022, expected: &quot;15411.37 zł&quot;)" storage="c:\projekty\xunittestproject\bin\debug\netcoreapp3.1\xunittestproject.dll" id="8a9d7602-dc5d-c902-e8f4-8ad4401141f1">
      <Execution id="7511fe9e-d550-4ade-8030-91d811dc15e0" />
      <TestMethod codeBase="C:\Projekty\xUnitTestProject\bin\Debug\netcoreapp3.1\xUnitTestProject.dll" adapterTypeName="executor://xunit/VsTestRunner2/netcoreapp" className="xUnitTestProject.CurrencyHelperTests" name="FormatToStringTest1000" />
    </UnitTest>
    <UnitTest name="xUnitTestProject.CurrencyHelperTests.FormatToStringTest1000(price: 24030.724859085738, expected: &quot;24030.72 zł&quot;)" storage="c:\projekty\xunittestproject\bin\debug\netcoreapp3.1\xunittestproject.dll" id="4a32286d-4292-da18-0868-eb2a25ef068a">
      <Execution id="d327afd9-14b8-4f64-badd-7638b4ae1c40" />
      <TestMethod codeBase="C:\Projekty\xUnitTestProject\bin\Debug\netcoreapp3.1\xUnitTestProject.dll" adapterTypeName="executor://xunit/VsTestRunner2/netcoreapp" className="xUnitTestProject.CurrencyHelperTests" name="FormatToStringTest1000" />
    </UnitTest>
    <UnitTest name="xUnitTestProject.CurrencyHelperTests.FormatToStringTest1000(price: 5591.2222540617095, expected: &quot;5591.22 zł&quot;)" storage="c:\projekty\xunittestproject\bin\debug\netcoreapp3.1\xunittestproject.dll" id="bafd99e7-ca41-5985-0fa2-b8c4e8f1fc8c">
      <Execution id="7d6a62a1-2a18-451c-b3eb-fa7c04ebd49a" />
      <TestMethod codeBase="C:\Projekty\xUnitTestProject\bin\Debug\netcoreapp3.1\xUnitTestProject.dll" adapterTypeName="executor://xunit/VsTestRunner2/netcoreapp" className="xUnitTestProject.CurrencyHelperTests" name="FormatToStringTest1000" />
    </UnitTest>
    <UnitTest name="xUnitTestProject.CurrencyHelperTests.FormatToStringTest1000(price: 2216.881526520886, expected: &quot;2216.88 zł&quot;)" storage="c:\projekty\xunittestproject\bin\debug\netcoreapp3.1\xunittestproject.dll" id="0740431b-2d5c-94f4-7631-d3fb545f47f1">
      <Execution id="f743cb9a-fd20-4ceb-bbf8-f78eab0f8f9e" />
      <TestMethod codeBase="C:\Projekty\xUnitTestProject\bin\Debug\netcoreapp3.1\xUnitTestProject.dll" adapterTypeName="executor://xunit/VsTestRunner2/netcoreapp" className="xUnitTestProject.CurrencyHelperTests" name="FormatToStringTest1000" />
    </UnitTest>
    <UnitTest name="xUnitTestProject.CurrencyHelperTests.FormatToStringTest1000(price: 1130.8119115372242, expected: &quot;1130.81 zł&quot;)" storage="c:\projekty\xunittestproject\bin\debug\netcoreapp3.1\xunittestproject.dll" id="61863f63-9d64-1d88-3d10-ad0f63ed338b">
      <Execution id="84b5990c-6738-4ca9-b24c-e987fb5d03a8" />
      <TestMethod codeBase="C:\Projekty\xUnitTestProject\bin\Debug\netcoreapp3.1\xUnitTestProject.dll" adapterTypeName="executor://xunit/VsTestRunner2/netcoreapp" className="xUnitTestProject.CurrencyHelperTests" name="FormatToStringTest1000" />
    </UnitTest>
    <UnitTest name="xUnitTestProject.CurrencyHelperTests.FormatToStringTest1000(price: 45445.182098106096, expected: &quot;45445.18 zł&quot;)" storage="c:\projekty\xunittestproject\bin\debug\netcoreapp3.1\xunittestproject.dll" id="a5e0b38b-1cb1-a5af-a5f1-f247fd82227e">
      <Execution id="a3821cef-7aaf-4b1b-a3c3-02d6a0f4f920" />
      <TestMethod codeBase="C:\Projekty\xUnitTestProject\bin\Debug\netcoreapp3.1\xUnitTestProject.dll" adapterTypeName="executor://xunit/VsTestRunner2/netcoreapp" className="xUnitTestProject.CurrencyHelperTests" name="FormatToStringTest1000" />
    </UnitTest>
    <UnitTest name="xUnitTestProject.CurrencyHelperTests.FormatToStringTest1000(price: 10534.184353995222, expected: &quot;10534.18 zł&quot;)" storage="c:\projekty\xunittestproject\bin\debug\netcoreapp3.1\xunittestproject.dll" id="076b3f7c-bfd3-700c-3093-f885fe165b03">
      <Execution id="5f3a9a2a-eb48-4ee7-a446-9323f2521561" />
      <TestMethod codeBase="C:\Projekty\xUnitTestProject\bin\Debug\netcoreapp3.1\xUnitTestProject.dll" adapterTypeName="executor://xunit/VsTestRunner2/netcoreapp" className="xUnitTestProject.CurrencyHelperTests" name="FormatToStringTest1000" />
    </UnitTest>
    <UnitTest name="xUnitTestProject.CurrencyHelperTests.FormatToStringTest1000(price: 30111.54342534372, expected: &quot;30111.54 zł&quot;)" storage="c:\projekty\xunittestproject\bin\debug\netcoreapp3.1\xunittestproject.dll" id="61cb44e8-f4b9-17e3-5cff-1fc9b36625bf">
      <Execution id="5a9c3d45-fa17-4e77-82e2-43bca9b11be3" />
      <TestMethod codeBase="C:\Projekty\xUnitTestProject\bin\Debug\netcoreapp3.1\xUnitTestProject.dll" adapterTypeName="executor://xunit/VsTestRunner2/netcoreapp" className="xUnitTestProject.CurrencyHelperTests" name="FormatToStringTest1000" />
    </UnitTest>
    <UnitTest name="xUnitTestProject.CurrencyHelperTests.FormatToStringTest1000(price: 60323.066780431225, expected: &quot;60323.07 zł&quot;)" storage="c:\projekty\xunittestproject\bin\debug\netcoreapp3.1\xunittestproject.dll" id="80972e1e-3ff9-bf5c-296f-71aecb5aa2ee">
      <Execution id="91224089-648e-4a05-9a3f-611e938b7a0f" />
      <TestMethod codeBase="C:\Projekty\xUnitTestProject\bin\Debug\netcoreapp3.1\xUnitTestProject.dll" adapterTypeName="executor://xunit/VsTestRunner2/netcoreapp" className="xUnitTestProject.CurrencyHelperTests" name="FormatToStringTest1000" />
    </UnitTest>
    <UnitTest name="xUnitTestProject.CurrencyHelperTests.FormatToStringTest1000(price: 2390.7596313784643, expected: &quot;2390.76 zł&quot;)" storage="c:\projekty\xunittestproject\bin\debug\netcoreapp3.1\xunittestproject.dll" id="4858eca7-ac2a-e51a-34d1-70891bbff583">
      <Execution id="b29ae6a0-aa0d-474f-b949-4b8bf983ade6" />
      <TestMethod codeBase="C:\Projekty\xUnitTestProject\bin\Debug\netcoreapp3.1\xUnitTestProject.dll" adapterTypeName="executor://xunit/VsTestRunner2/netcoreapp" className="xUnitTestProject.CurrencyHelperTests" name="FormatToStringTest1000" />
    </UnitTest>
    <UnitTest name="xUnitTestProject.CurrencyHelperTests.FormatToStringTest1000(price: 39146.635743126564, expected: &quot;39146.64 zł&quot;)" storage="c:\projekty\xunittestproject\bin\debug\netcoreapp3.1\xunittestproject.dll" id="77cb819c-64b0-1e13-63d3-0049263e7e77">
      <Execution id="f0a368f6-4997-4039-a452-bdffff8579d1" />
      <TestMethod codeBase="C:\Projekty\xUnitTestProject\bin\Debug\netcoreapp3.1\xUnitTestProject.dll" adapterTypeName="executor://xunit/VsTestRunner2/netcoreapp" className="xUnitTestProject.CurrencyHelperTests" name="FormatToStringTest1000" />
    </UnitTest>
    <UnitTest name="xUnitTestProject.CurrencyHelperTests.FormatToStringTest1000(price: 57181.240528605056, expected: &quot;57181.24 zł&quot;)" storage="c:\projekty\xunittestproject\bin\debug\netcoreapp3.1\xunittestproject.dll" id="2c083ad7-fea5-5b33-ddd6-bb2be00bd90c">
      <Execution id="0a78364b-cf3b-4aa3-99ae-f26c5494e096" />
      <TestMethod codeBase="C:\Projekty\xUnitTestProject\bin\Debug\netcoreapp3.1\xUnitTestProject.dll" adapterTypeName="executor://xunit/VsTestRunner2/netcoreapp" className="xUnitTestProject.CurrencyHelperTests" name="FormatToStringTest1000" />
    </UnitTest>
    <UnitTest name="xUnitTestProject.CurrencyHelperTests.FormatToStringTest1000(price: 9843.625240445894, expected: &quot;9843.63 zł&quot;)" storage="c:\projekty\xunittestproject\bin\debug\netcoreapp3.1\xunittestproject.dll" id="f45cbb0f-431c-8958-4b27-e85aa47cbe41">
      <Execution id="96051c92-2ca9-46a2-8e85-94827fc07234" />
      <TestMethod codeBase="C:\Projekty\xUnitTestProject\bin\Debug\netcoreapp3.1\xUnitTestProject.dll" adapterTypeName="executor://xunit/VsTestRunner2/netcoreapp" className="xUnitTestProject.CurrencyHelperTests" name="FormatToStringTest1000" />
    </UnitTest>
    <UnitTest name="xUnitTestProject.CurrencyHelperTests.FormatToStringTest1000(price: 20146.183073329827, expected: &quot;20146.18 zł&quot;)" storage="c:\projekty\xunittestproject\bin\debug\netcoreapp3.1\xunittestproject.dll" id="c61ee3ae-8895-24a4-03be-5c9acbad429f">
      <Execution id="a55c84aa-0920-4351-b14d-78f5927b6ffa" />
      <TestMethod codeBase="C:\Projekty\xUnitTestProject\bin\Debug\netcoreapp3.1\xUnitTestProject.dll" adapterTypeName="executor://xunit/VsTestRunner2/netcoreapp" className="xUnitTestProject.CurrencyHelperTests" name="FormatToStringTest1000" />
    </UnitTest>
    <UnitTest name="xUnitTestProject.CurrencyHelperTests.FormatToStringTest1000(price: 58902.704109088845, expected: &quot;58902.70 zł&quot;)" storage="c:\projekty\xunittestproject\bin\debug\netcoreapp3.1\xunittestproject.dll" id="e457ba43-5ec8-2ef9-9f16-d8e65791d46d">
      <Execution id="e889a8c0-c7c2-44e8-9809-25953f9a66d2" />
      <TestMethod codeBase="C:\Projekty\xUnitTestProject\bin\Debug\netcoreapp3.1\xUnitTestProject.dll" adapterTypeName="executor://xunit/VsTestRunner2/netcoreapp" className="xUnitTestProject.CurrencyHelperTests" name="FormatToStringTest1000" />
    </UnitTest>
    <UnitTest name="xUnitTestProject.CurrencyHelperTests.FormatToStringTest1000(price: 32812.53695512634, expected: &quot;32812.54 zł&quot;)" storage="c:\projekty\xunittestproject\bin\debug\netcoreapp3.1\xunittestproject.dll" id="c5891e20-1607-2f4b-ec62-b83eb87653c6">
      <Execution id="5d06bc6e-17a2-423f-8ef3-2cc5b9301c42" />
      <TestMethod codeBase="C:\Projekty\xUnitTestProject\bin\Debug\netcoreapp3.1\xUnitTestProject.dll" adapterTypeName="executor://xunit/VsTestRunner2/netcoreapp" className="xUnitTestProject.CurrencyHelperTests" name="FormatToStringTest1000" />
    </UnitTest>
    <UnitTest name="xUnitTestProject.CurrencyHelperTests.FormatToStringTest1000(price: 6105.007054037418, expected: &quot;6105.01 zł&quot;)" storage="c:\projekty\xunittestproject\bin\debug\netcoreapp3.1\xunittestproject.dll" id="c303e402-0edb-f6ba-e4af-33ac122437de">
      <Execution id="a1c5dba7-58ae-4a51-b844-d6c92d203d83" />
      <TestMethod codeBase="C:\Projekty\xUnitTestProject\bin\Debug\netcoreapp3.1\xUnitTestProject.dll" adapterTypeName="executor://xunit/VsTestRunner2/netcoreapp" className="xUnitTestProject.CurrencyHelperTests" name="FormatToStringTest1000" />
    </UnitTest>
    <UnitTest name="xUnitTestProject.CurrencyHelperTests.FormatToStringTest1000(price: 20344.185360967265, expected: &quot;20344.19 zł&quot;)" storage="c:\projekty\xunittestproject\bin\debug\netcoreapp3.1\xunittestproject.dll" id="8b7f95f5-c5ec-10c0-26ff-eb4390bba1ee">
      <Execution id="4a202c1b-7a22-4fb7-b9e4-cd3a09293224" />
      <TestMethod codeBase="C:\Projekty\xUnitTestProject\bin\Debug\netcoreapp3.1\xUnitTestProject.dll" adapterTypeName="executor://xunit/VsTestRunner2/netcoreapp" className="xUnitTestProject.CurrencyHelperTests" name="FormatToStringTest1000" />
    </UnitTest>
    <UnitTest name="xUnitTestProject.CurrencyHelperTests.FormatToStringTest1000(price: 7124.979180760672, expected: &quot;7124.98 zł&quot;)" storage="c:\projekty\xunittestproject\bin\debug\netcoreapp3.1\xunittestproject.dll" id="843293b0-7cce-f386-da63-2fb428fb7828">
      <Execution id="2c193a2c-2132-4004-b915-200cc8933c08" />
      <TestMethod codeBase="C:\Projekty\xUnitTestProject\bin\Debug\netcoreapp3.1\xUnitTestProject.dll" adapterTypeName="executor://xunit/VsTestRunner2/netcoreapp" className="xUnitTestProject.CurrencyHelperTests" name="FormatToStringTest1000" />
    </UnitTest>
    <UnitTest name="xUnitTestProject.CurrencyHelperTests.FormatToStringTest1000(price: 57713.01647853712, expected: &quot;57713.02 zł&quot;)" storage="c:\projekty\xunittestproject\bin\debug\netcoreapp3.1\xunittestproject.dll" id="f15540c1-ce27-2f60-c3f9-161af09be8cd">
      <Execution id="7f27d4c2-a98a-4fdb-a548-8aa479e46b55" />
      <TestMethod codeBase="C:\Projekty\xUnitTestProject\bin\Debug\netcoreapp3.1\xUnitTestProject.dll" adapterTypeName="executor://xunit/VsTestRunner2/netcoreapp" className="xUnitTestProject.CurrencyHelperTests" name="FormatToStringTest1000" />
    </UnitTest>
    <UnitTest name="xUnitTestProject.CurrencyHelperTests.FormatToStringTest1000(price: 22604.838218828587, expected: &quot;22604.84 zł&quot;)" storage="c:\projekty\xunittestproject\bin\debug\netcoreapp3.1\xunittestproject.dll" id="79a853ed-d140-e6d5-86c3-6423b904d524">
      <Execution id="db41ed65-e0d8-4eb1-95f5-6652a1003b5c" />
      <TestMethod codeBase="C:\Projekty\xUnitTestProject\bin\Debug\netcoreapp3.1\xUnitTestProject.dll" adapterTypeName="executor://xunit/VsTestRunner2/netcoreapp" className="xUnitTestProject.CurrencyHelperTests" name="FormatToStringTest1000" />
    </UnitTest>
    <UnitTest name="xUnitTestProject.CurrencyHelperTests.FormatToStringTest1000(price: 95071.15957335343, expected: &quot;95071.16 zł&quot;)" storage="c:\projekty\xunittestproject\bin\debug\netcoreapp3.1\xunittestproject.dll" id="93fd2413-8c9b-cb53-924a-b9c4b432d82a">
      <Execution id="10e208d3-a89f-46c3-b5b9-8dbddf189987" />
      <TestMethod codeBase="C:\Projekty\xUnitTestProject\bin\Debug\netcoreapp3.1\xUnitTestProject.dll" adapterTypeName="executor://xunit/VsTestRunner2/netcoreapp" className="xUnitTestProject.CurrencyHelperTests" name="FormatToStringTest1000" />
    </UnitTest>
    <UnitTest name="xUnitTestProject.CurrencyHelperTests.FormatToStringTest1000(price: 9657.360676611475, expected: &quot;9657.36 zł&quot;)" storage="c:\projekty\xunittestproject\bin\debug\netcoreapp3.1\xunittestproject.dll" id="4167d107-473f-7d0a-c3aa-2c271677cfd1">
      <Execution id="c9106480-9727-4db3-8b44-18890510f7d9" />
      <TestMethod codeBase="C:\Projekty\xUnitTestProject\bin\Debug\netcoreapp3.1\xUnitTestProject.dll" adapterTypeName="executor://xunit/VsTestRunner2/netcoreapp" className="xUnitTestProject.CurrencyHelperTests" name="FormatToStringTest1000" />
    </UnitTest>
    <UnitTest name="xUnitTestProject.CurrencyHelperTests.FormatToStringTest1000(price: 26223.99769144412, expected: &quot;26224.00 zł&quot;)" storage="c:\projekty\xunittestproject\bin\debug\netcoreapp3.1\xunittestproject.dll" id="d543b1fe-0034-e565-eca0-f9a5d2d12bdc">
      <Execution id="6552e530-6853-4136-a8f1-21da772023c7" />
      <TestMethod codeBase="C:\Projekty\xUnitTestProject\bin\Debug\netcoreapp3.1\xUnitTestProject.dll" adapterTypeName="executor://xunit/VsTestRunner2/netcoreapp" className="xUnitTestProject.CurrencyHelperTests" name="FormatToStringTest1000" />
    </UnitTest>
    <UnitTest name="xUnitTestProject.CurrencyHelperTests.FormatToStringTest1000(price: 20244.692955315437, expected: &quot;20244.69 zł&quot;)" storage="c:\projekty\xunittestproject\bin\debug\netcoreapp3.1\xunittestproject.dll" id="3d1af355-28e7-625e-59fd-fe5da700f0dc">
      <Execution id="35fca877-479f-4a54-884e-02145b3ca646" />
      <TestMethod codeBase="C:\Projekty\xUnitTestProject\bin\Debug\netcoreapp3.1\xUnitTestProject.dll" adapterTypeName="executor://xunit/VsTestRunner2/netcoreapp" className="xUnitTestProject.CurrencyHelperTests" name="FormatToStringTest1000" />
    </UnitTest>
    <UnitTest name="xUnitTestProject.CurrencyHelperTests.FormatToStringTest1000(price: 31622.81414407809, expected: &quot;31622.81 zł&quot;)" storage="c:\projekty\xunittestproject\bin\debug\netcoreapp3.1\xunittestproject.dll" id="55a64d0e-8de2-b5b6-7b28-338aaabcb504">
      <Execution id="344e4451-4d27-476b-91ec-42f3196850bc" />
      <TestMethod codeBase="C:\Projekty\xUnitTestProject\bin\Debug\netcoreapp3.1\xUnitTestProject.dll" adapterTypeName="executor://xunit/VsTestRunner2/netcoreapp" className="xUnitTestProject.CurrencyHelperTests" name="FormatToStringTest1000" />
    </UnitTest>
    <UnitTest name="xUnitTestProject.CurrencyHelperTests.FormatToStringTest1000(price: 9994.9471861026, expected: &quot;9994.95 zł&quot;)" storage="c:\projekty\xunittestproject\bin\debug\netcoreapp3.1\xunittestproject.dll" id="313d194a-30d0-d3d5-cf7b-c5a66b6b3935">
      <Execution id="e764f90a-71e5-4be0-8271-4fdb42eb538b" />
      <TestMethod codeBase="C:\Projekty\xUnitTestProject\bin\Debug\netcoreapp3.1\xUnitTestProject.dll" adapterTypeName="executor://xunit/VsTestRunner2/netcoreapp" className="xUnitTestProject.CurrencyHelperTests" name="FormatToStringTest1000" />
    </UnitTest>
    <UnitTest name="xUnitTestProject.CurrencyHelperTests.FormatToStringTest1000(price: 16037.01783290087, expected: &quot;16037.02 zł&quot;)" storage="c:\projekty\xunittestproject\bin\debug\netcoreapp3.1\xunittestproject.dll" id="e9fa372e-14d7-79bd-7239-c4f5919adecb">
      <Execution id="97a250a8-44a6-4c13-9953-afe1b5ae1fcc" />
      <TestMethod codeBase="C:\Projekty\xUnitTestProject\bin\Debug\netcoreapp3.1\xUnitTestProject.dll" adapterTypeName="executor://xunit/VsTestRunner2/netcoreapp" className="xUnitTestProject.CurrencyHelperTests" name="FormatToStringTest1000" />
    </UnitTest>
    <UnitTest name="xUnitTestProject.CurrencyHelperTests.FormatToStringTest1000(price: 19352.183340702755, expected: &quot;19352.18 zł&quot;)" storage="c:\projekty\xunittestproject\bin\debug\netcoreapp3.1\xunittestproject.dll" id="e31c0c60-96f3-c3fc-f48c-6d389a7185de">
      <Execution id="3af02e29-65c8-49fe-8b8e-7bfd2ef96c25" />
      <TestMethod codeBase="C:\Projekty\xUnitTestProject\bin\Debug\netcoreapp3.1\xUnitTestProject.dll" adapterTypeName="executor://xunit/VsTestRunner2/netcoreapp" className="xUnitTestProject.CurrencyHelperTests" name="FormatToStringTest1000" />
    </UnitTest>
    <UnitTest name="xUnitTestProject.CurrencyHelperTests.FormatToStringTest1000(price: 12871.381729632794, expected: &quot;12871.38 zł&quot;)" storage="c:\projekty\xunittestproject\bin\debug\netcoreapp3.1\xunittestproject.dll" id="2f04d734-6778-0b79-9d14-d79b1e3bb130">
      <Execution id="92559ef9-20bd-4b72-a0b8-6720b128df24" />
      <TestMethod codeBase="C:\Projekty\xUnitTestProject\bin\Debug\netcoreapp3.1\xUnitTestProject.dll" adapterTypeName="executor://xunit/VsTestRunner2/netcoreapp" className="xUnitTestProject.CurrencyHelperTests" name="FormatToStringTest1000" />
    </UnitTest>
    <UnitTest name="xUnitTestProject.CurrencyHelperTests.FormatToStringTest1000(price: 32908.76696502639, expected: &quot;32908.77 zł&quot;)" storage="c:\projekty\xunittestproject\bin\debug\netcoreapp3.1\xunittestproject.dll" id="787cef43-2dc9-190c-2e64-d5af6533289b">
      <Execution id="e3946c3d-b279-4628-9fbe-45f022d7bf5b" />
      <TestMethod codeBase="C:\Projekty\xUnitTestProject\bin\Debug\netcoreapp3.1\xUnitTestProject.dll" adapterTypeName="executor://xunit/VsTestRunner2/netcoreapp" className="xUnitTestProject.CurrencyHelperTests" name="FormatToStringTest1000" />
    </UnitTest>
    <UnitTest name="xUnitTestProject.CurrencyHelperTests.FormatToStringTest1000(price: 134.1514758393874, expected: &quot;134.15 zł&quot;)" storage="c:\projekty\xunittestproject\bin\debug\netcoreapp3.1\xunittestproject.dll" id="3a8cda37-b7cc-323f-afa4-03303dd2ce88">
      <Execution id="31876b04-4c14-418f-9b99-6b3b2f51d10a" />
      <TestMethod codeBase="C:\Projekty\xUnitTestProject\bin\Debug\netcoreapp3.1\xUnitTestProject.dll" adapterTypeName="executor://xunit/VsTestRunner2/netcoreapp" className="xUnitTestProject.CurrencyHelperTests" name="FormatToStringTest1000" />
    </UnitTest>
    <UnitTest name="xUnitTestProject.CurrencyHelperTests.FormatToStringTest1000(price: 4648.492795337221, expected: &quot;4648.49 zł&quot;)" storage="c:\projekty\xunittestproject\bin\debug\netcoreapp3.1\xunittestproject.dll" id="d256d95f-79c2-283f-fe67-61aaa54d0e1b">
      <Execution id="a744a644-973f-4c1d-901f-9dbb52b23d13" />
      <TestMethod codeBase="C:\Projekty\xUnitTestProject\bin\Debug\netcoreapp3.1\xUnitTestProject.dll" adapterTypeName="executor://xunit/VsTestRunner2/netcoreapp" className="xUnitTestProject.CurrencyHelperTests" name="FormatToStringTest1000" />
    </UnitTest>
    <UnitTest name="xUnitTestProject.CurrencyHelperTests.FormatToStringTest1000(price: 26858.35647848731, expected: &quot;26858.36 zł&quot;)" storage="c:\projekty\xunittestproject\bin\debug\netcoreapp3.1\xunittestproject.dll" id="0fb536e2-af1a-ef21-5b53-d89a189dda8d">
      <Execution id="dad1990b-a827-4f9c-b3a0-bd56961f9aa6" />
      <TestMethod codeBase="C:\Projekty\xUnitTestProject\bin\Debug\netcoreapp3.1\xUnitTestProject.dll" adapterTypeName="executor://xunit/VsTestRunner2/netcoreapp" className="xUnitTestProject.CurrencyHelperTests" name="FormatToStringTest1000" />
    </UnitTest>
    <UnitTest name="xUnitTestProject.CurrencyHelperTests.FormatToStringTest1000(price: 3503.9809179231434, expected: &quot;3503.98 zł&quot;)" storage="c:\projekty\xunittestproject\bin\debug\netcoreapp3.1\xunittestproject.dll" id="40be92cf-d13e-6e4d-cafb-3ad22a6b9f7e">
      <Execution id="4f45b3af-854d-45cf-8f5d-691491ee46f9" />
      <TestMethod codeBase="C:\Projekty\xUnitTestProject\bin\Debug\netcoreapp3.1\xUnitTestProject.dll" adapterTypeName="executor://xunit/VsTestRunner2/netcoreapp" className="xUnitTestProject.CurrencyHelperTests" name="FormatToStringTest1000" />
    </UnitTest>
    <UnitTest name="xUnitTestProject.CurrencyHelperTests.FormatToStringTest1000(price: 11118.620997698335, expected: &quot;11118.62 zł&quot;)" storage="c:\projekty\xunittestproject\bin\debug\netcoreapp3.1\xunittestproject.dll" id="9634b23e-736b-8d03-4e65-5819fb03baa5">
      <Execution id="6de05abf-891c-45d3-a7ea-9a186cf89e65" />
      <TestMethod codeBase="C:\Projekty\xUnitTestProject\bin\Debug\netcoreapp3.1\xUnitTestProject.dll" adapterTypeName="executor://xunit/VsTestRunner2/netcoreapp" className="xUnitTestProject.CurrencyHelperTests" name="FormatToStringTest1000" />
    </UnitTest>
    <UnitTest name="xUnitTestProject.CurrencyHelperTests.FormatToStringTest1000(price: 45603.90324273142, expected: &quot;45603.90 zł&quot;)" storage="c:\projekty\xunittestproject\bin\debug\netcoreapp3.1\xunittestproject.dll" id="f58711de-d6a1-25df-941a-d7a477d8bf41">
      <Execution id="eec1ae64-73e8-4d1f-8243-a97c41eedf89" />
      <TestMethod codeBase="C:\Projekty\xUnitTestProject\bin\Debug\netcoreapp3.1\xUnitTestProject.dll" adapterTypeName="executor://xunit/VsTestRunner2/netcoreapp" className="xUnitTestProject.CurrencyHelperTests" name="FormatToStringTest1000" />
    </UnitTest>
    <UnitTest name="xUnitTestProject.CurrencyHelperTests.FormatToStringTest1000(price: 4105.490993980081, expected: &quot;4105.49 zł&quot;)" storage="c:\projekty\xunittestproject\bin\debug\netcoreapp3.1\xunittestproject.dll" id="2fe7dd20-7d34-4621-c4bd-6f2ec94c5407">
      <Execution id="164ab4d9-d346-4ddf-813a-0cc5efba7992" />
      <TestMethod codeBase="C:\Projekty\xUnitTestProject\bin\Debug\netcoreapp3.1\xUnitTestProject.dll" adapterTypeName="executor://xunit/VsTestRunner2/netcoreapp" className="xUnitTestProject.CurrencyHelperTests" name="FormatToStringTest1000" />
    </UnitTest>
    <UnitTest name="xUnitTestProject.CurrencyHelperTests.FormatToStringTest1000(price: 45930.2386782068, expected: &quot;45930.24 zł&quot;)" storage="c:\projekty\xunittestproject\bin\debug\netcoreapp3.1\xunittestproject.dll" id="8de67803-7acb-6ed7-12bc-5420c17b40c0">
      <Execution id="1915c087-4d87-4fba-b7f0-c3cc5202a641" />
      <TestMethod codeBase="C:\Projekty\xUnitTestProject\bin\Debug\netcoreapp3.1\xUnitTestProject.dll" adapterTypeName="executor://xunit/VsTestRunner2/netcoreapp" className="xUnitTestProject.CurrencyHelperTests" name="FormatToStringTest1000" />
    </UnitTest>
    <UnitTest name="xUnitTestProject.CurrencyHelperTests.FormatToStringTest1000(price: 3646.857719214101, expected: &quot;3646.86 zł&quot;)" storage="c:\projekty\xunittestproject\bin\debug\netcoreapp3.1\xunittestproject.dll" id="3af61c48-eead-454e-59a5-a117f0360878">
      <Execution id="2d6878d9-1669-4989-a125-984f88353bc5" />
      <TestMethod codeBase="C:\Projekty\xUnitTestProject\bin\Debug\netcoreapp3.1\xUnitTestProject.dll" adapterTypeName="executor://xunit/VsTestRunner2/netcoreapp" className="xUnitTestProject.CurrencyHelperTests" name="FormatToStringTest1000" />
    </UnitTest>
    <UnitTest name="xUnitTestProject.CurrencyHelperTests.FormatToStringTest1000(price: 18023.78504577455, expected: &quot;18023.79 zł&quot;)" storage="c:\projekty\xunittestproject\bin\debug\netcoreapp3.1\xunittestproject.dll" id="d633a901-6eef-f5d7-952c-569ae3ddce8f">
      <Execution id="bbf299b0-0fa7-4d1a-a4b0-8933dff6e058" />
      <TestMethod codeBase="C:\Projekty\xUnitTestProject\bin\Debug\netcoreapp3.1\xUnitTestProject.dll" adapterTypeName="executor://xunit/VsTestRunner2/netcoreapp" className="xUnitTestProject.CurrencyHelperTests" name="FormatToStringTest1000" />
    </UnitTest>
    <UnitTest name="xUnitTestProject.CurrencyHelperTests.FormatToStringTest1000(price: 22189.78731674132, expected: &quot;22189.79 zł&quot;)" storage="c:\projekty\xunittestproject\bin\debug\netcoreapp3.1\xunittestproject.dll" id="4cc08620-7636-5b0e-e6ce-7fa1f27effef">
      <Execution id="2dcc2338-609d-4bda-a77e-e18d8c4bb80f" />
      <TestMethod codeBase="C:\Projekty\xUnitTestProject\bin\Debug\netcoreapp3.1\xUnitTestProject.dll" adapterTypeName="executor://xunit/VsTestRunner2/netcoreapp" className="xUnitTestProject.CurrencyHelperTests" name="FormatToStringTest1000" />
    </UnitTest>
    <UnitTest name="xUnitTestProject.CurrencyHelperTests.FormatToStringTest1000(price: 24957.469502810607, expected: &quot;24957.47 zł&quot;)" storage="c:\projekty\xunittestproject\bin\debug\netcoreapp3.1\xunittestproject.dll" id="b16fb8e5-3fa9-845c-9c70-ee0c0d261e2c">
      <Execution id="0bd454f1-c74e-4369-bbf4-1e0c16802b83" />
      <TestMethod codeBase="C:\Projekty\xUnitTestProject\bin\Debug\netcoreapp3.1\xUnitTestProject.dll" adapterTypeName="executor://xunit/VsTestRunner2/netcoreapp" className="xUnitTestProject.CurrencyHelperTests" name="FormatToStringTest1000" />
    </UnitTest>
    <UnitTest name="xUnitTestProject.CurrencyHelperTests.FormatToStringTest1000(price: 49416.285282306504, expected: &quot;49416.29 zł&quot;)" storage="c:\projekty\xunittestproject\bin\debug\netcoreapp3.1\xunittestproject.dll" id="c74f6017-9eb9-5854-4b62-c26b4cabe787">
      <Execution id="bd156083-c332-4e42-8dad-f53a55d40183" />
      <TestMethod codeBase="C:\Projekty\xUnitTestProject\bin\Debug\netcoreapp3.1\xUnitTestProject.dll" adapterTypeName="executor://xunit/VsTestRunner2/netcoreapp" className="xUnitTestProject.CurrencyHelperTests" name="FormatToStringTest1000" />
    </UnitTest>
    <UnitTest name="xUnitTestProject.CurrencyHelperTests.FormatToStringTest1000(price: 2121.0917325211185, expected: &quot;2121.09 zł&quot;)" storage="c:\projekty\xunittestproject\bin\debug\netcoreapp3.1\xunittestproject.dll" id="4df9b13a-de84-7056-3c88-543d3fa32c62">
      <Execution id="891f8bf0-7ce0-4a15-8ceb-b04f4a8c7848" />
      <TestMethod codeBase="C:\Projekty\xUnitTestProject\bin\Debug\netcoreapp3.1\xUnitTestProject.dll" adapterTypeName="executor://xunit/VsTestRunner2/netcoreapp" className="xUnitTestProject.CurrencyHelperTests" name="FormatToStringTest1000" />
    </UnitTest>
    <UnitTest name="xUnitTestProject.CurrencyHelperTests.FormatToStringTest1000(price: 16957.4523676757, expected: &quot;16957.45 zł&quot;)" storage="c:\projekty\xunittestproject\bin\debug\netcoreapp3.1\xunittestproject.dll" id="e099abd9-c51a-27c3-fe30-7b74e00a337f">
      <Execution id="d20a0275-676b-4f13-9dd0-df69b8cc33a0" />
      <TestMethod codeBase="C:\Projekty\xUnitTestProject\bin\Debug\netcoreapp3.1\xUnitTestProject.dll" adapterTypeName="executor://xunit/VsTestRunner2/netcoreapp" className="xUnitTestProject.CurrencyHelperTests" name="FormatToStringTest1000" />
    </UnitTest>
    <UnitTest name="xUnitTestProject.CurrencyHelperTests.FormatToStringTest1000(price: 34145.534199603615, expected: &quot;34145.53 zł&quot;)" storage="c:\projekty\xunittestproject\bin\debug\netcoreapp3.1\xunittestproject.dll" id="3d5d455f-8b5b-9efe-5bfb-ffa440cd9adb">
      <Execution id="baf05cb1-21c3-43f4-b15f-ec4bef77d2a8" />
      <TestMethod codeBase="C:\Projekty\xUnitTestProject\bin\Debug\netcoreapp3.1\xUnitTestProject.dll" adapterTypeName="executor://xunit/VsTestRunner2/netcoreapp" className="xUnitTestProject.CurrencyHelperTests" name="FormatToStringTest1000" />
    </UnitTest>
    <UnitTest name="xUnitTestProject.CurrencyHelperTests.FormatToStringTest1000(price: 6102.4120417453405, expected: &quot;6102.41 zł&quot;)" storage="c:\projekty\xunittestproject\bin\debug\netcoreapp3.1\xunittestproject.dll" id="c7c013ea-be14-a4b5-1c6f-2b6dde46abbc">
      <Execution id="ed0616db-eac8-4afa-a2e1-c3fa09017264" />
      <TestMethod codeBase="C:\Projekty\xUnitTestProject\bin\Debug\netcoreapp3.1\xUnitTestProject.dll" adapterTypeName="executor://xunit/VsTestRunner2/netcoreapp" className="xUnitTestProject.CurrencyHelperTests" name="FormatToStringTest1000" />
    </UnitTest>
    <UnitTest name="xUnitTestProject.CurrencyHelperTests.FormatToStringTest1000(price: 13508.811787825922, expected: &quot;13508.81 zł&quot;)" storage="c:\projekty\xunittestproject\bin\debug\netcoreapp3.1\xunittestproject.dll" id="f7ba8e86-cb66-6ef4-d1cf-87def896d05b">
      <Execution id="f108f4c8-0506-4ef9-96a7-5362d5074925" />
      <TestMethod codeBase="C:\Projekty\xUnitTestProject\bin\Debug\netcoreapp3.1\xUnitTestProject.dll" adapterTypeName="executor://xunit/VsTestRunner2/netcoreapp" className="xUnitTestProject.CurrencyHelperTests" name="FormatToStringTest1000" />
    </UnitTest>
    <UnitTest name="xUnitTestProject.CurrencyHelperTests.FormatToStringTest1000(price: 25720.27551496321, expected: &quot;25720.28 zł&quot;)" storage="c:\projekty\xunittestproject\bin\debug\netcoreapp3.1\xunittestproject.dll" id="f015f451-5073-33ab-39c2-17ab900bf337">
      <Execution id="450081eb-cd5d-4bc5-9f8b-7f373f6e6f6a" />
      <TestMethod codeBase="C:\Projekty\xUnitTestProject\bin\Debug\netcoreapp3.1\xUnitTestProject.dll" adapterTypeName="executor://xunit/VsTestRunner2/netcoreapp" className="xUnitTestProject.CurrencyHelperTests" name="FormatToStringTest1000" />
    </UnitTest>
    <UnitTest name="xUnitTestProject.CurrencyHelperTests.FormatToStringTest1000(price: 9151.103070427245, expected: &quot;9151.10 zł&quot;)" storage="c:\projekty\xunittestproject\bin\debug\netcoreapp3.1\xunittestproject.dll" id="9c8eee20-620b-e0aa-1580-d34a7e65e392">
      <Execution id="92b503fe-cdab-41e8-9c73-9f6e1262c0ea" />
      <TestMethod codeBase="C:\Projekty\xUnitTestProject\bin\Debug\netcoreapp3.1\xUnitTestProject.dll" adapterTypeName="executor://xunit/VsTestRunner2/netcoreapp" className="xUnitTestProject.CurrencyHelperTests" name="FormatToStringTest1000" />
    </UnitTest>
    <UnitTest name="xUnitTestProject.CurrencyHelperTests.FormatToStringTest1000(price: 6173.0243155793405, expected: &quot;6173.02 zł&quot;)" storage="c:\projekty\xunittestproject\bin\debug\netcoreapp3.1\xunittestproject.dll" id="3592b35e-5647-34de-406e-9d7d0b031ac6">
      <Execution id="4d63ab90-521e-4048-9566-136de67fb8d5" />
      <TestMethod codeBase="C:\Projekty\xUnitTestProject\bin\Debug\netcoreapp3.1\xUnitTestProject.dll" adapterTypeName="executor://xunit/VsTestRunner2/netcoreapp" className="xUnitTestProject.CurrencyHelperTests" name="FormatToStringTest1000" />
    </UnitTest>
    <UnitTest name="xUnitTestProject.CurrencyHelperTests.FormatToStringTest1000(price: 79973.08417819678, expected: &quot;79973.08 zł&quot;)" storage="c:\projekty\xunittestproject\bin\debug\netcoreapp3.1\xunittestproject.dll" id="34bcb15f-3abe-d5c6-acbc-f3d258cf59b6">
      <Execution id="850a0d71-8ccc-4c5c-82c8-57e7d6d0b972" />
      <TestMethod codeBase="C:\Projekty\xUnitTestProject\bin\Debug\netcoreapp3.1\xUnitTestProject.dll" adapterTypeName="executor://xunit/VsTestRunner2/netcoreapp" className="xUnitTestProject.CurrencyHelperTests" name="FormatToStringTest1000" />
    </UnitTest>
    <UnitTest name="xUnitTestProject.CurrencyHelperTests.FormatToStringTest1000(price: 37589.670531794276, expected: &quot;37589.67 zł&quot;)" storage="c:\projekty\xunittestproject\bin\debug\netcoreapp3.1\xunittestproject.dll" id="f6a49bae-16a9-096b-f816-1c54e1a6b8b7">
      <Execution id="77f1cdde-d37b-4094-8b10-90efa9b7f6aa" />
      <TestMethod codeBase="C:\Projekty\xUnitTestProject\bin\Debug\netcoreapp3.1\xUnitTestProject.dll" adapterTypeName="executor://xunit/VsTestRunner2/netcoreapp" className="xUnitTestProject.CurrencyHelperTests" name="FormatToStringTest1000" />
    </UnitTest>
    <UnitTest name="xUnitTestProject.CurrencyHelperTests.FormatToStringTest1000(price: 657.5396922647672, expected: &quot;657.54 zł&quot;)" storage="c:\projekty\xunittestproject\bin\debug\netcoreapp3.1\xunittestproject.dll" id="82e67c06-9849-1902-4582-6ac1133c7960">
      <Execution id="b1a427fc-1efd-45e8-82b7-8a5a6eb83b60" />
      <TestMethod codeBase="C:\Projekty\xUnitTestProject\bin\Debug\netcoreapp3.1\xUnitTestProject.dll" adapterTypeName="executor://xunit/VsTestRunner2/netcoreapp" className="xUnitTestProject.CurrencyHelperTests" name="FormatToStringTest1000" />
    </UnitTest>
    <UnitTest name="xUnitTestProject.CurrencyHelperTests.FormatToStringTest1000(price: 34062.88803158276, expected: &quot;34062.89 zł&quot;)" storage="c:\projekty\xunittestproject\bin\debug\netcoreapp3.1\xunittestproject.dll" id="4c71192e-43b4-c49c-e53a-9e4a0adf6b7e">
      <Execution id="ce437847-74c0-4289-8fa3-dc12efab8c45" />
      <TestMethod codeBase="C:\Projekty\xUnitTestProject\bin\Debug\netcoreapp3.1\xUnitTestProject.dll" adapterTypeName="executor://xunit/VsTestRunner2/netcoreapp" className="xUnitTestProject.CurrencyHelperTests" name="FormatToStringTest1000" />
    </UnitTest>
    <UnitTest name="xUnitTestProject.CurrencyHelperTests.FormatToStringTest1000(price: 54724.71040318008, expected: &quot;54724.71 zł&quot;)" storage="c:\projekty\xunittestproject\bin\debug\netcoreapp3.1\xunittestproject.dll" id="3436f427-af0a-5bde-6f98-b38b99a7cf5b">
      <Execution id="9f3abc13-df9a-4076-b1d8-943ea93df975" />
      <TestMethod codeBase="C:\Projekty\xUnitTestProject\bin\Debug\netcoreapp3.1\xUnitTestProject.dll" adapterTypeName="executor://xunit/VsTestRunner2/netcoreapp" className="xUnitTestProject.CurrencyHelperTests" name="FormatToStringTest1000" />
    </UnitTest>
    <UnitTest name="xUnitTestProject.CurrencyHelperTests.FormatToStringTest1000(price: 2435.1995505835857, expected: &quot;2435.20 zł&quot;)" storage="c:\projekty\xunittestproject\bin\debug\netcoreapp3.1\xunittestproject.dll" id="a79fd14a-da4c-bcf0-0f87-a480851cd28d">
      <Execution id="0db86cd5-8144-4e60-b324-c0efe9f676c8" />
      <TestMethod codeBase="C:\Projekty\xUnitTestProject\bin\Debug\netcoreapp3.1\xUnitTestProject.dll" adapterTypeName="executor://xunit/VsTestRunner2/netcoreapp" className="xUnitTestProject.CurrencyHelperTests" name="FormatToStringTest1000" />
    </UnitTest>
    <UnitTest name="xUnitTestProject.CurrencyHelperTests.FormatToStringTest1000(price: 11958.422287871792, expected: &quot;11958.42 zł&quot;)" storage="c:\projekty\xunittestproject\bin\debug\netcoreapp3.1\xunittestproject.dll" id="0fe69b56-67e1-3f07-b6ce-8076afaa9bd7">
      <Execution id="8496b212-f02f-4809-80f3-3540a1dbac63" />
      <TestMethod codeBase="C:\Projekty\xUnitTestProject\bin\Debug\netcoreapp3.1\xUnitTestProject.dll" adapterTypeName="executor://xunit/VsTestRunner2/netcoreapp" className="xUnitTestProject.CurrencyHelperTests" name="FormatToStringTest1000" />
    </UnitTest>
    <UnitTest name="xUnitTestProject.CurrencyHelperTests.FormatToStringTest1000(price: 38845.74924104323, expected: &quot;38845.75 zł&quot;)" storage="c:\projekty\xunittestproject\bin\debug\netcoreapp3.1\xunittestproject.dll" id="10e970c4-cd41-e630-0953-62de694a4cfc">
      <Execution id="638aa77c-9af7-4db7-a379-978f57f57346" />
      <TestMethod codeBase="C:\Projekty\xUnitTestProject\bin\Debug\netcoreapp3.1\xUnitTestProject.dll" adapterTypeName="executor://xunit/VsTestRunner2/netcoreapp" className="xUnitTestProject.CurrencyHelperTests" name="FormatToStringTest1000" />
    </UnitTest>
    <UnitTest name="xUnitTestProject.CurrencyHelperTests.FormatToStringTest1000(price: 50664.01951024869, expected: &quot;50664.02 zł&quot;)" storage="c:\projekty\xunittestproject\bin\debug\netcoreapp3.1\xunittestproject.dll" id="888f3232-385d-d83f-1eb6-9a6c46cfe5c3">
      <Execution id="1a06a062-469c-49c6-b0ae-02187c53ea1c" />
      <TestMethod codeBase="C:\Projekty\xUnitTestProject\bin\Debug\netcoreapp3.1\xUnitTestProject.dll" adapterTypeName="executor://xunit/VsTestRunner2/netcoreapp" className="xUnitTestProject.CurrencyHelperTests" name="FormatToStringTest1000" />
    </UnitTest>
    <UnitTest name="xUnitTestProject.CurrencyHelperTests.FormatToStringTest1000(price: 20454.142628653506, expected: &quot;20454.14 zł&quot;)" storage="c:\projekty\xunittestproject\bin\debug\netcoreapp3.1\xunittestproject.dll" id="5d5f3f94-f47b-3420-095f-ee592218e6de">
      <Execution id="4117e0b7-2a93-4cf3-aaad-4d6708fb9ae1" />
      <TestMethod codeBase="C:\Projekty\xUnitTestProject\bin\Debug\netcoreapp3.1\xUnitTestProject.dll" adapterTypeName="executor://xunit/VsTestRunner2/netcoreapp" className="xUnitTestProject.CurrencyHelperTests" name="FormatToStringTest1000" />
    </UnitTest>
    <UnitTest name="xUnitTestProject.CurrencyHelperTests.FormatToStringTest1000(price: 17232.486162219426, expected: &quot;17232.49 zł&quot;)" storage="c:\projekty\xunittestproject\bin\debug\netcoreapp3.1\xunittestproject.dll" id="ad936791-3884-bcd2-a8bf-cc0980504588">
      <Execution id="24cdab37-87a4-48c3-80a8-a21c831262ac" />
      <TestMethod codeBase="C:\Projekty\xUnitTestProject\bin\Debug\netcoreapp3.1\xUnitTestProject.dll" adapterTypeName="executor://xunit/VsTestRunner2/netcoreapp" className="xUnitTestProject.CurrencyHelperTests" name="FormatToStringTest1000" />
    </UnitTest>
    <UnitTest name="xUnitTestProject.CurrencyHelperTests.FormatToStringTest1000(price: 13414.3551766441, expected: &quot;13414.36 zł&quot;)" storage="c:\projekty\xunittestproject\bin\debug\netcoreapp3.1\xunittestproject.dll" id="5481b8f6-7923-7c75-9ba8-6b8dff0a8582">
      <Execution id="bc28977e-3021-462e-9f2d-c7f713aa7c27" />
      <TestMethod codeBase="C:\Projekty\xUnitTestProject\bin\Debug\netcoreapp3.1\xUnitTestProject.dll" adapterTypeName="executor://xunit/VsTestRunner2/netcoreapp" className="xUnitTestProject.CurrencyHelperTests" name="FormatToStringTest1000" />
    </UnitTest>
    <UnitTest name="xUnitTestProject.CurrencyHelperTests.FormatToStringTest1000(price: 5548.360986085777, expected: &quot;5548.36 zł&quot;)" storage="c:\projekty\xunittestproject\bin\debug\netcoreapp3.1\xunittestproject.dll" id="5bb9d818-e2ff-58b7-df0a-941461adb800">
      <Execution id="211cc7dc-3311-4dd9-9143-a69a8a25f76c" />
      <TestMethod codeBase="C:\Projekty\xUnitTestProject\bin\Debug\netcoreapp3.1\xUnitTestProject.dll" adapterTypeName="executor://xunit/VsTestRunner2/netcoreapp" className="xUnitTestProject.CurrencyHelperTests" name="FormatToStringTest1000" />
    </UnitTest>
    <UnitTest name="xUnitTestProject.CurrencyHelperTests.FormatToStringTest1000(price: 8582.709131852587, expected: &quot;8582.71 zł&quot;)" storage="c:\projekty\xunittestproject\bin\debug\netcoreapp3.1\xunittestproject.dll" id="0fab285a-bfbc-a49a-b095-2b979efe33e8">
      <Execution id="915b9912-e382-4c45-8d5f-752c90b4350e" />
      <TestMethod codeBase="C:\Projekty\xUnitTestProject\bin\Debug\netcoreapp3.1\xUnitTestProject.dll" adapterTypeName="executor://xunit/VsTestRunner2/netcoreapp" className="xUnitTestProject.CurrencyHelperTests" name="FormatToStringTest1000" />
    </UnitTest>
    <UnitTest name="xUnitTestProject.CurrencyHelperTests.FormatToStringTest1000(price: 15190.097283723344, expected: &quot;15190.10 zł&quot;)" storage="c:\projekty\xunittestproject\bin\debug\netcoreapp3.1\xunittestproject.dll" id="a50452b0-19e4-73e9-85e6-be9ac505f00e">
      <Execution id="b138c12f-1fd2-494c-b63a-0373c0379b53" />
      <TestMethod codeBase="C:\Projekty\xUnitTestProject\bin\Debug\netcoreapp3.1\xUnitTestProject.dll" adapterTypeName="executor://xunit/VsTestRunner2/netcoreapp" className="xUnitTestProject.CurrencyHelperTests" name="FormatToStringTest1000" />
    </UnitTest>
    <UnitTest name="xUnitTestProject.CurrencyHelperTests.FormatToStringTest1000(price: 13582.47117894258, expected: &quot;13582.47 zł&quot;)" storage="c:\projekty\xunittestproject\bin\debug\netcoreapp3.1\xunittestproject.dll" id="bfa1b3ee-d7a8-b11e-2134-8a3b879aa609">
      <Execution id="dd5acb22-3c48-41aa-92d7-d9849fb87e75" />
      <TestMethod codeBase="C:\Projekty\xUnitTestProject\bin\Debug\netcoreapp3.1\xUnitTestProject.dll" adapterTypeName="executor://xunit/VsTestRunner2/netcoreapp" className="xUnitTestProject.CurrencyHelperTests" name="FormatToStringTest1000" />
    </UnitTest>
    <UnitTest name="xUnitTestProject.CurrencyHelperTests.FormatToStringTest1000(price: 1687.5965557361937, expected: &quot;1687.60 zł&quot;)" storage="c:\projekty\xunittestproject\bin\debug\netcoreapp3.1\xunittestproject.dll" id="2732f008-e7e8-d754-7384-c116f008d613">
      <Execution id="38c3e667-4b35-4168-b83a-7b6a749ebe90" />
      <TestMethod codeBase="C:\Projekty\xUnitTestProject\bin\Debug\netcoreapp3.1\xUnitTestProject.dll" adapterTypeName="executor://xunit/VsTestRunner2/netcoreapp" className="xUnitTestProject.CurrencyHelperTests" name="FormatToStringTest1000" />
    </UnitTest>
    <UnitTest name="xUnitTestProject.CurrencyHelperTests.FormatToStringTest1000(price: 6027.66019266828, expected: &quot;6027.66 zł&quot;)" storage="c:\projekty\xunittestproject\bin\debug\netcoreapp3.1\xunittestproject.dll" id="2a896644-50d0-a8ac-de47-7ac4676c290e">
      <Execution id="c76128b4-5da6-4ab5-a3ed-58f9882f6e1c" />
      <TestMethod codeBase="C:\Projekty\xUnitTestProject\bin\Debug\netcoreapp3.1\xUnitTestProject.dll" adapterTypeName="executor://xunit/VsTestRunner2/netcoreapp" className="xUnitTestProject.CurrencyHelperTests" name="FormatToStringTest1000" />
    </UnitTest>
    <UnitTest name="xUnitTestProject.CurrencyHelperTests.FormatToStringTest1000(price: 7348.947429818543, expected: &quot;7348.95 zł&quot;)" storage="c:\projekty\xunittestproject\bin\debug\netcoreapp3.1\xunittestproject.dll" id="b805cea1-9061-e180-4bd1-a6b18b6307ab">
      <Execution id="7e2c617d-50e4-4123-94bf-ef1f367b3b09" />
      <TestMethod codeBase="C:\Projekty\xUnitTestProject\bin\Debug\netcoreapp3.1\xUnitTestProject.dll" adapterTypeName="executor://xunit/VsTestRunner2/netcoreapp" className="xUnitTestProject.CurrencyHelperTests" name="FormatToStringTest1000" />
    </UnitTest>
    <UnitTest name="xUnitTestProject.CurrencyHelperTests.FormatToStringTest1000(price: 65947.64520381515, expected: &quot;65947.65 zł&quot;)" storage="c:\projekty\xunittestproject\bin\debug\netcoreapp3.1\xunittestproject.dll" id="4168f0ac-b835-769a-f744-274b70d89027">
      <Execution id="b6c88762-d674-43d5-abcf-72107976a350" />
      <TestMethod codeBase="C:\Projekty\xUnitTestProject\bin\Debug\netcoreapp3.1\xUnitTestProject.dll" adapterTypeName="executor://xunit/VsTestRunner2/netcoreapp" className="xUnitTestProject.CurrencyHelperTests" name="FormatToStringTest1000" />
    </UnitTest>
    <UnitTest name="xUnitTestProject.CurrencyHelperTests.FormatToStringTest1000(price: 19103.831635461574, expected: &quot;19103.83 zł&quot;)" storage="c:\projekty\xunittestproject\bin\debug\netcoreapp3.1\xunittestproject.dll" id="4adfbd6f-49a9-0885-850f-1a4998e7f85f">
      <Execution id="a6439ab0-eefe-4a6f-aa4d-bef5462facfb" />
      <TestMethod codeBase="C:\Projekty\xUnitTestProject\bin\Debug\netcoreapp3.1\xUnitTestProject.dll" adapterTypeName="executor://xunit/VsTestRunner2/netcoreapp" className="xUnitTestProject.CurrencyHelperTests" name="FormatToStringTest1000" />
    </UnitTest>
    <UnitTest name="xUnitTestProject.CurrencyHelperTests.FormatToStringTest1000(price: 16986.338876065027, expected: &quot;16986.34 zł&quot;)" storage="c:\projekty\xunittestproject\bin\debug\netcoreapp3.1\xunittestproject.dll" id="9bb60857-0889-c636-aa09-df7f3ffa4f70">
      <Execution id="69b5d155-cde2-4d8e-bc01-bf63fc352efd" />
      <TestMethod codeBase="C:\Projekty\xUnitTestProject\bin\Debug\netcoreapp3.1\xUnitTestProject.dll" adapterTypeName="executor://xunit/VsTestRunner2/netcoreapp" className="xUnitTestProject.CurrencyHelperTests" name="FormatToStringTest1000" />
    </UnitTest>
    <UnitTest name="xUnitTestProject.CurrencyHelperTests.FormatToStringTest1000(price: 49037.8109120586, expected: &quot;49037.81 zł&quot;)" storage="c:\projekty\xunittestproject\bin\debug\netcoreapp3.1\xunittestproject.dll" id="75e6c444-bc3b-aad1-8b9e-9567096a44b9">
      <Execution id="fee3b4ae-2a32-43f7-a1ae-c30c99c30ac0" />
      <TestMethod codeBase="C:\Projekty\xUnitTestProject\bin\Debug\netcoreapp3.1\xUnitTestProject.dll" adapterTypeName="executor://xunit/VsTestRunner2/netcoreapp" className="xUnitTestProject.CurrencyHelperTests" name="FormatToStringTest1000" />
    </UnitTest>
    <UnitTest name="xUnitTestProject.CurrencyHelperTests.FormatToStringTest1000(price: 61633.2671179945, expected: &quot;61633.27 zł&quot;)" storage="c:\projekty\xunittestproject\bin\debug\netcoreapp3.1\xunittestproject.dll" id="f0b310a7-9bf9-fe2b-4bd1-bf05e954c540">
      <Execution id="bc74de43-468a-493f-b154-38f87f04c1e7" />
      <TestMethod codeBase="C:\Projekty\xUnitTestProject\bin\Debug\netcoreapp3.1\xUnitTestProject.dll" adapterTypeName="executor://xunit/VsTestRunner2/netcoreapp" className="xUnitTestProject.CurrencyHelperTests" name="FormatToStringTest1000" />
    </UnitTest>
    <UnitTest name="xUnitTestProject.CurrencyHelperTests.FormatToStringTest1000(price: 9190.067404299076, expected: &quot;9190.07 zł&quot;)" storage="c:\projekty\xunittestproject\bin\debug\netcoreapp3.1\xunittestproject.dll" id="c6463145-e835-b32e-9815-611f61fa5540">
      <Execution id="473e6421-48e3-440f-b858-fe82786741b1" />
      <TestMethod codeBase="C:\Projekty\xUnitTestProject\bin\Debug\netcoreapp3.1\xUnitTestProject.dll" adapterTypeName="executor://xunit/VsTestRunner2/netcoreapp" className="xUnitTestProject.CurrencyHelperTests" name="FormatToStringTest1000" />
    </UnitTest>
    <UnitTest name="xUnitTestProject.CurrencyHelperTests.FormatToStringTest1000(price: 23120.169499649743, expected: &quot;23120.17 zł&quot;)" storage="c:\projekty\xunittestproject\bin\debug\netcoreapp3.1\xunittestproject.dll" id="aaa9e076-e199-e522-2c08-1bd206c5f6e7">
      <Execution id="b1aca288-e38a-4179-8525-8687a48fcb7d" />
      <TestMethod codeBase="C:\Projekty\xUnitTestProject\bin\Debug\netcoreapp3.1\xUnitTestProject.dll" adapterTypeName="executor://xunit/VsTestRunner2/netcoreapp" className="xUnitTestProject.CurrencyHelperTests" name="FormatToStringTest1000" />
    </UnitTest>
    <UnitTest name="xUnitTestProject.CurrencyHelperTests.FormatToStringTest1000(price: 4919.073526169674, expected: &quot;4919.07 zł&quot;)" storage="c:\projekty\xunittestproject\bin\debug\netcoreapp3.1\xunittestproject.dll" id="0b4d877e-fce2-536e-a6f4-e4fbe4e6e47c">
      <Execution id="ea459f27-db71-49fe-9e7b-f13818f24c75" />
      <TestMethod codeBase="C:\Projekty\xUnitTestProject\bin\Debug\netcoreapp3.1\xUnitTestProject.dll" adapterTypeName="executor://xunit/VsTestRunner2/netcoreapp" className="xUnitTestProject.CurrencyHelperTests" name="FormatToStringTest1000" />
    </UnitTest>
    <UnitTest name="xUnitTestProject.CurrencyHelperTests.FormatToStringTest1000(price: 11989.099505855282, expected: &quot;11989.10 zł&quot;)" storage="c:\projekty\xunittestproject\bin\debug\netcoreapp3.1\xunittestproject.dll" id="30e1c064-5a9f-94cf-3bb0-81267bf9f82e">
      <Execution id="b1c2df7a-838b-4470-97fe-5d41fed8d8f3" />
      <TestMethod codeBase="C:\Projekty\xUnitTestProject\bin\Debug\netcoreapp3.1\xUnitTestProject.dll" adapterTypeName="executor://xunit/VsTestRunner2/netcoreapp" className="xUnitTestProject.CurrencyHelperTests" name="FormatToStringTest1000" />
    </UnitTest>
    <UnitTest name="xUnitTestProject.CurrencyHelperTests.FormatToStringTest1000(price: 8768.816937361293, expected: &quot;8768.82 zł&quot;)" storage="c:\projekty\xunittestproject\bin\debug\netcoreapp3.1\xunittestproject.dll" id="e54868c5-e23a-96f9-bd57-052b8e9f25f9">
      <Execution id="8cf40465-0743-43b4-b511-4d8a7c90bc11" />
      <TestMethod codeBase="C:\Projekty\xUnitTestProject\bin\Debug\netcoreapp3.1\xUnitTestProject.dll" adapterTypeName="executor://xunit/VsTestRunner2/netcoreapp" className="xUnitTestProject.CurrencyHelperTests" name="FormatToStringTest1000" />
    </UnitTest>
    <UnitTest name="xUnitTestProject.CurrencyHelperTests.FormatToStringTest1000(price: 24528.124092612474, expected: &quot;24528.12 zł&quot;)" storage="c:\projekty\xunittestproject\bin\debug\netcoreapp3.1\xunittestproject.dll" id="a33a7227-7248-ce4e-bb18-77c33faa0f1a">
      <Execution id="25eb25f2-3129-46fd-89b6-57b5450757d7" />
      <TestMethod codeBase="C:\Projekty\xUnitTestProject\bin\Debug\netcoreapp3.1\xUnitTestProject.dll" adapterTypeName="executor://xunit/VsTestRunner2/netcoreapp" className="xUnitTestProject.CurrencyHelperTests" name="FormatToStringTest1000" />
    </UnitTest>
    <UnitTest name="xUnitTestProject.CurrencyHelperTests.FormatToStringTest1000(price: 485.6735566554933, expected: &quot;485.67 zł&quot;)" storage="c:\projekty\xunittestproject\bin\debug\netcoreapp3.1\xunittestproject.dll" id="a9fb7030-78aa-b78d-bae0-0e3e80a09140">
      <Execution id="74da1263-9717-4dd9-8ec3-68776258e449" />
      <TestMethod codeBase="C:\Projekty\xUnitTestProject\bin\Debug\netcoreapp3.1\xUnitTestProject.dll" adapterTypeName="executor://xunit/VsTestRunner2/netcoreapp" className="xUnitTestProject.CurrencyHelperTests" name="FormatToStringTest1000" />
    </UnitTest>
    <UnitTest name="xUnitTestProject.CurrencyHelperTests.FormatToStringTest1000(price: 181.3640542483721, expected: &quot;181.36 zł&quot;)" storage="c:\projekty\xunittestproject\bin\debug\netcoreapp3.1\xunittestproject.dll" id="41fb6436-3dfd-f2cc-b2c2-3eb1f8450637">
      <Execution id="2f88aa1e-5326-41e2-b194-7068ff904c74" />
      <TestMethod codeBase="C:\Projekty\xUnitTestProject\bin\Debug\netcoreapp3.1\xUnitTestProject.dll" adapterTypeName="executor://xunit/VsTestRunner2/netcoreapp" className="xUnitTestProject.CurrencyHelperTests" name="FormatToStringTest1000" />
    </UnitTest>
    <UnitTest name="xUnitTestProject.CurrencyHelperTests.FormatToStringTest1000(price: 14100.01255469211, expected: &quot;14100.01 zł&quot;)" storage="c:\projekty\xunittestproject\bin\debug\netcoreapp3.1\xunittestproject.dll" id="babff9b9-4ec4-5d0f-1835-e465e17600e6">
      <Execution id="4e6994c3-7edd-4f60-a2b3-3d44b0cbfd1e" />
      <TestMethod codeBase="C:\Projekty\xUnitTestProject\bin\Debug\netcoreapp3.1\xUnitTestProject.dll" adapterTypeName="executor://xunit/VsTestRunner2/netcoreapp" className="xUnitTestProject.CurrencyHelperTests" name="FormatToStringTest1000" />
    </UnitTest>
    <UnitTest name="xUnitTestProject.CurrencyHelperTests.FormatToStringTest1000(price: 21328.29026726507, expected: &quot;21328.29 zł&quot;)" storage="c:\projekty\xunittestproject\bin\debug\netcoreapp3.1\xunittestproject.dll" id="d328e580-fcf1-b0bb-73e2-fe6651dece0e">
      <Execution id="b973dea7-3adf-462d-8ebc-3d4eb4e67f73" />
      <TestMethod codeBase="C:\Projekty\xUnitTestProject\bin\Debug\netcoreapp3.1\xUnitTestProject.dll" adapterTypeName="executor://xunit/VsTestRunner2/netcoreapp" className="xUnitTestProject.CurrencyHelperTests" name="FormatToStringTest1000" />
    </UnitTest>
    <UnitTest name="xUnitTestProject.CurrencyHelperTests.FormatToStringTest1000(price: 20978.860218282258, expected: &quot;20978.86 zł&quot;)" storage="c:\projekty\xunittestproject\bin\debug\netcoreapp3.1\xunittestproject.dll" id="58e741bd-777c-df5d-d9c1-457b2c873d32">
      <Execution id="afb308fb-a353-45a0-9a7b-92ec4ed25257" />
      <TestMethod codeBase="C:\Projekty\xUnitTestProject\bin\Debug\netcoreapp3.1\xUnitTestProject.dll" adapterTypeName="executor://xunit/VsTestRunner2/netcoreapp" className="xUnitTestProject.CurrencyHelperTests" name="FormatToStringTest1000" />
    </UnitTest>
    <UnitTest name="xUnitTestProject.CurrencyHelperTests.FormatToStringTest1000(price: 5287.3103648714305, expected: &quot;5287.31 zł&quot;)" storage="c:\projekty\xunittestproject\bin\debug\netcoreapp3.1\xunittestproject.dll" id="aa0b789a-9fae-e4e5-e891-6c71af0ebd35">
      <Execution id="4e889833-d105-4b14-8c45-7c0c0dd441a0" />
      <TestMethod codeBase="C:\Projekty\xUnitTestProject\bin\Debug\netcoreapp3.1\xUnitTestProject.dll" adapterTypeName="executor://xunit/VsTestRunner2/netcoreapp" className="xUnitTestProject.CurrencyHelperTests" name="FormatToStringTest1000" />
    </UnitTest>
    <UnitTest name="xUnitTestProject.CurrencyHelperTests.FormatToStringTest1000(price: 47025.6224095177, expected: &quot;47025.62 zł&quot;)" storage="c:\projekty\xunittestproject\bin\debug\netcoreapp3.1\xunittestproject.dll" id="f527f4e7-733e-c529-a6f2-d33ed3ff23a3">
      <Execution id="060591a9-531c-48cd-9150-f9b6d6dfec68" />
      <TestMethod codeBase="C:\Projekty\xUnitTestProject\bin\Debug\netcoreapp3.1\xUnitTestProject.dll" adapterTypeName="executor://xunit/VsTestRunner2/netcoreapp" className="xUnitTestProject.CurrencyHelperTests" name="FormatToStringTest1000" />
    </UnitTest>
    <UnitTest name="xUnitTestProject.CurrencyHelperTests.FormatToStringTest1000(price: 16902.50568789314, expected: &quot;16902.51 zł&quot;)" storage="c:\projekty\xunittestproject\bin\debug\netcoreapp3.1\xunittestproject.dll" id="35d446c0-f87b-db26-2eb6-ac470ed5efed">
      <Execution id="19a0d53c-748b-495d-b01d-8d7a298047c8" />
      <TestMethod codeBase="C:\Projekty\xUnitTestProject\bin\Debug\netcoreapp3.1\xUnitTestProject.dll" adapterTypeName="executor://xunit/VsTestRunner2/netcoreapp" className="xUnitTestProject.CurrencyHelperTests" name="FormatToStringTest1000" />
    </UnitTest>
    <UnitTest name="xUnitTestProject.CurrencyHelperTests.FormatToStringTest1000(price: 32262.93788198984, expected: &quot;32262.94 zł&quot;)" storage="c:\projekty\xunittestproject\bin\debug\netcoreapp3.1\xunittestproject.dll" id="e8e3664d-13e4-e628-073d-8b88b9f9785c">
      <Execution id="33321f83-5387-4a82-aa0f-ef9826c68e0f" />
      <TestMethod codeBase="C:\Projekty\xUnitTestProject\bin\Debug\netcoreapp3.1\xUnitTestProject.dll" adapterTypeName="executor://xunit/VsTestRunner2/netcoreapp" className="xUnitTestProject.CurrencyHelperTests" name="FormatToStringTest1000" />
    </UnitTest>
    <UnitTest name="xUnitTestProject.CurrencyHelperTests.FormatToStringTest1000(price: 16190.113943164757, expected: &quot;16190.11 zł&quot;)" storage="c:\projekty\xunittestproject\bin\debug\netcoreapp3.1\xunittestproject.dll" id="4fa0fe8a-60b4-1b4b-175d-a18573723ba2">
      <Execution id="ab89497e-a416-4b26-9f55-731d5262be6f" />
      <TestMethod codeBase="C:\Projekty\xUnitTestProject\bin\Debug\netcoreapp3.1\xUnitTestProject.dll" adapterTypeName="executor://xunit/VsTestRunner2/netcoreapp" className="xUnitTestProject.CurrencyHelperTests" name="FormatToStringTest1000" />
    </UnitTest>
    <UnitTest name="xUnitTestProject.CurrencyHelperTests.FormatToStringTest1000(price: 73477.18206926118, expected: &quot;73477.18 zł&quot;)" storage="c:\projekty\xunittestproject\bin\debug\netcoreapp3.1\xunittestproject.dll" id="c1399a21-a8d4-fd2f-1879-d9e50a5fe1b4">
      <Execution id="a5d4a884-7aa2-4a71-9798-747b9810049b" />
      <TestMethod codeBase="C:\Projekty\xUnitTestProject\bin\Debug\netcoreapp3.1\xUnitTestProject.dll" adapterTypeName="executor://xunit/VsTestRunner2/netcoreapp" className="xUnitTestProject.CurrencyHelperTests" name="FormatToStringTest1000" />
    </UnitTest>
    <UnitTest name="xUnitTestProject.CurrencyHelperTests.FormatToStringTest1000(price: 45340.017357165, expected: &quot;45340.02 zł&quot;)" storage="c:\projekty\xunittestproject\bin\debug\netcoreapp3.1\xunittestproject.dll" id="ae0a2a8f-7404-db1c-88e4-d4970f3642af">
      <Execution id="81dfbfe0-5502-4b1c-9d53-2cea4e787ca4" />
      <TestMethod codeBase="C:\Projekty\xUnitTestProject\bin\Debug\netcoreapp3.1\xUnitTestProject.dll" adapterTypeName="executor://xunit/VsTestRunner2/netcoreapp" className="xUnitTestProject.CurrencyHelperTests" name="FormatToStringTest1000" />
    </UnitTest>
    <UnitTest name="xUnitTestProject.CurrencyHelperTests.FormatToStringTest1000(price: 87505.85936583664, expected: &quot;87505.86 zł&quot;)" storage="c:\projekty\xunittestproject\bin\debug\netcoreapp3.1\xunittestproject.dll" id="69eeb057-df94-2674-fba1-959c41ef1419">
      <Execution id="79fa3788-d9a6-45b5-a6ec-3755ecbaafa3" />
      <TestMethod codeBase="C:\Projekty\xUnitTestProject\bin\Debug\netcoreapp3.1\xUnitTestProject.dll" adapterTypeName="executor://xunit/VsTestRunner2/netcoreapp" className="xUnitTestProject.CurrencyHelperTests" name="FormatToStringTest1000" />
    </UnitTest>
    <UnitTest name="xUnitTestProject.CurrencyHelperTests.FormatToStringTest1000(price: 19363.881840787773, expected: &quot;19363.88 zł&quot;)" storage="c:\projekty\xunittestproject\bin\debug\netcoreapp3.1\xunittestproject.dll" id="717afcc9-fdbd-942f-44d5-9f5deeef640f">
      <Execution id="df982a47-785b-432b-b615-1ad7d5f8ff4e" />
      <TestMethod codeBase="C:\Projekty\xUnitTestProject\bin\Debug\netcoreapp3.1\xUnitTestProject.dll" adapterTypeName="executor://xunit/VsTestRunner2/netcoreapp" className="xUnitTestProject.CurrencyHelperTests" name="FormatToStringTest1000" />
    </UnitTest>
    <UnitTest name="xUnitTestProject.CurrencyHelperTests.FormatToStringTest1000(price: 18208.8422650126, expected: &quot;18208.84 zł&quot;)" storage="c:\projekty\xunittestproject\bin\debug\netcoreapp3.1\xunittestproject.dll" id="46d3bb4f-6f59-f6c2-b532-ed497dfae82c">
      <Execution id="21487da8-d554-463c-8419-f0fa34adadd6" />
      <TestMethod codeBase="C:\Projekty\xUnitTestProject\bin\Debug\netcoreapp3.1\xUnitTestProject.dll" adapterTypeName="executor://xunit/VsTestRunner2/netcoreapp" className="xUnitTestProject.CurrencyHelperTests" name="FormatToStringTest1000" />
    </UnitTest>
    <UnitTest name="xUnitTestProject.CurrencyHelperTests.FormatToStringTest1000(price: 17252.06220983903, expected: &quot;17252.06 zł&quot;)" storage="c:\projekty\xunittestproject\bin\debug\netcoreapp3.1\xunittestproject.dll" id="491a28af-9dc3-1b63-07e3-54fe5ff8a2ad">
      <Execution id="285b53a8-b892-4445-8d47-7bfef604a5ac" />
      <TestMethod codeBase="C:\Projekty\xUnitTestProject\bin\Debug\netcoreapp3.1\xUnitTestProject.dll" adapterTypeName="executor://xunit/VsTestRunner2/netcoreapp" className="xUnitTestProject.CurrencyHelperTests" name="FormatToStringTest1000" />
    </UnitTest>
    <UnitTest name="xUnitTestProject.CurrencyHelperTests.FormatToStringTest1000(price: 16819.974312979717, expected: &quot;16819.97 zł&quot;)" storage="c:\projekty\xunittestproject\bin\debug\netcoreapp3.1\xunittestproject.dll" id="23282872-5c32-1fb9-e0a2-cb7aa878c838">
      <Execution id="06c02a7b-5389-4ae5-aed3-b76b9e4a0fae" />
      <TestMethod codeBase="C:\Projekty\xUnitTestProject\bin\Debug\netcoreapp3.1\xUnitTestProject.dll" adapterTypeName="executor://xunit/VsTestRunner2/netcoreapp" className="xUnitTestProject.CurrencyHelperTests" name="FormatToStringTest1000" />
    </UnitTest>
    <UnitTest name="xUnitTestProject.CurrencyHelperTests.FormatToStringTest1000(price: 54275.73209373408, expected: &quot;54275.73 zł&quot;)" storage="c:\projekty\xunittestproject\bin\debug\netcoreapp3.1\xunittestproject.dll" id="ef8075a8-e8bb-22f0-871e-f2b168e2c55c">
      <Execution id="3e827961-37a5-456d-b957-510bbd84fa69" />
      <TestMethod codeBase="C:\Projekty\xUnitTestProject\bin\Debug\netcoreapp3.1\xUnitTestProject.dll" adapterTypeName="executor://xunit/VsTestRunner2/netcoreapp" className="xUnitTestProject.CurrencyHelperTests" name="FormatToStringTest1000" />
    </UnitTest>
    <UnitTest name="xUnitTestProject.CurrencyHelperTests.FormatToStringTest1000(price: 65204.90483536055, expected: &quot;65204.90 zł&quot;)" storage="c:\projekty\xunittestproject\bin\debug\netcoreapp3.1\xunittestproject.dll" id="1e915730-ab57-9b1e-994b-24cc1c98dc55">
      <Execution id="36dd9419-319d-4d41-9f3e-4dec969ae224" />
      <TestMethod codeBase="C:\Projekty\xUnitTestProject\bin\Debug\netcoreapp3.1\xUnitTestProject.dll" adapterTypeName="executor://xunit/VsTestRunner2/netcoreapp" className="xUnitTestProject.CurrencyHelperTests" name="FormatToStringTest1000" />
    </UnitTest>
    <UnitTest name="xUnitTestProject.CurrencyHelperTests.FormatToStringTest1000(price: 26945.125386551546, expected: &quot;26945.13 zł&quot;)" storage="c:\projekty\xunittestproject\bin\debug\netcoreapp3.1\xunittestproject.dll" id="38f897eb-957e-6945-e8b5-f2e873b7ac17">
      <Execution id="f0a9ac71-0067-4937-b5b8-0f99b23880c5" />
      <TestMethod codeBase="C:\Projekty\xUnitTestProject\bin\Debug\netcoreapp3.1\xUnitTestProject.dll" adapterTypeName="executor://xunit/VsTestRunner2/netcoreapp" className="xUnitTestProject.CurrencyHelperTests" name="FormatToStringTest1000" />
    </UnitTest>
    <UnitTest name="xUnitTestProject.CurrencyHelperTests.FormatToStringTest1000(price: 12125.090155628086, expected: &quot;12125.09 zł&quot;)" storage="c:\projekty\xunittestproject\bin\debug\netcoreapp3.1\xunittestproject.dll" id="d5c3657d-a220-d2b1-57c9-e4353f6b9eb6">
      <Execution id="0e46fe75-740e-45e5-896a-bdfc7c7b518d" />
      <TestMethod codeBase="C:\Projekty\xUnitTestProject\bin\Debug\netcoreapp3.1\xUnitTestProject.dll" adapterTypeName="executor://xunit/VsTestRunner2/netcoreapp" className="xUnitTestProject.CurrencyHelperTests" name="FormatToStringTest1000" />
    </UnitTest>
    <UnitTest name="xUnitTestProject.CurrencyHelperTests.FormatToStringTest1000(price: 64124.274503948756, expected: &quot;64124.27 zł&quot;)" storage="c:\projekty\xunittestproject\bin\debug\netcoreapp3.1\xunittestproject.dll" id="21c8abf8-9b6f-d71c-0d26-379759e20f24">
      <Execution id="cf32ac5c-1257-4859-899f-1bf5387b0906" />
      <TestMethod codeBase="C:\Projekty\xUnitTestProject\bin\Debug\netcoreapp3.1\xUnitTestProject.dll" adapterTypeName="executor://xunit/VsTestRunner2/netcoreapp" className="xUnitTestProject.CurrencyHelperTests" name="FormatToStringTest1000" />
    </UnitTest>
    <UnitTest name="xUnitTestProject.CurrencyHelperTests.FormatToStringTest1000(price: 53192.79032742269, expected: &quot;53192.79 zł&quot;)" storage="c:\projekty\xunittestproject\bin\debug\netcoreapp3.1\xunittestproject.dll" id="31b9c4ce-6a9b-3b29-d842-ab748e7d275b">
      <Execution id="99ebef89-a43a-4565-86e9-2a07722d03a4" />
      <TestMethod codeBase="C:\Projekty\xUnitTestProject\bin\Debug\netcoreapp3.1\xUnitTestProject.dll" adapterTypeName="executor://xunit/VsTestRunner2/netcoreapp" className="xUnitTestProject.CurrencyHelperTests" name="FormatToStringTest1000" />
    </UnitTest>
    <UnitTest name="xUnitTestProject.CurrencyHelperTests.FormatToStringTest1000(price: 22557.09603308099, expected: &quot;22557.10 zł&quot;)" storage="c:\projekty\xunittestproject\bin\debug\netcoreapp3.1\xunittestproject.dll" id="419d247e-1033-df66-fcc5-471a4ec8f5e3">
      <Execution id="159641e8-3531-41df-8a25-0390f75a7511" />
      <TestMethod codeBase="C:\Projekty\xUnitTestProject\bin\Debug\netcoreapp3.1\xUnitTestProject.dll" adapterTypeName="executor://xunit/VsTestRunner2/netcoreapp" className="xUnitTestProject.CurrencyHelperTests" name="FormatToStringTest1000" />
    </UnitTest>
    <UnitTest name="xUnitTestProject.CurrencyHelperTests.FormatToStringTest1000(price: 46803.36433423374, expected: &quot;46803.36 zł&quot;)" storage="c:\projekty\xunittestproject\bin\debug\netcoreapp3.1\xunittestproject.dll" id="7fe2a8ad-3600-98d5-7117-12a9f9025c62">
      <Execution id="6173b307-a4b7-4894-b241-3d784e992f98" />
      <TestMethod codeBase="C:\Projekty\xUnitTestProject\bin\Debug\netcoreapp3.1\xUnitTestProject.dll" adapterTypeName="executor://xunit/VsTestRunner2/netcoreapp" className="xUnitTestProject.CurrencyHelperTests" name="FormatToStringTest1000" />
    </UnitTest>
    <UnitTest name="xUnitTestProject.CurrencyHelperTests.FormatToStringTest1000(price: 52858.048916166204, expected: &quot;52858.05 zł&quot;)" storage="c:\projekty\xunittestproject\bin\debug\netcoreapp3.1\xunittestproject.dll" id="1ede13b3-cc3c-b767-91a3-9e4f793d1dd5">
      <Execution id="9ef04578-97ec-4920-8a83-6b6a977a527f" />
      <TestMethod codeBase="C:\Projekty\xUnitTestProject\bin\Debug\netcoreapp3.1\xUnitTestProject.dll" adapterTypeName="executor://xunit/VsTestRunner2/netcoreapp" className="xUnitTestProject.CurrencyHelperTests" name="FormatToStringTest1000" />
    </UnitTest>
    <UnitTest name="xUnitTestProject.CurrencyHelperTests.FormatToStringTest1000(price: 2992.6161168593057, expected: &quot;2992.62 zł&quot;)" storage="c:\projekty\xunittestproject\bin\debug\netcoreapp3.1\xunittestproject.dll" id="fe35c71e-d9ed-258c-2105-0adfcd0d495e">
      <Execution id="d8466811-b8dc-4efb-9feb-0e37f66af617" />
      <TestMethod codeBase="C:\Projekty\xUnitTestProject\bin\Debug\netcoreapp3.1\xUnitTestProject.dll" adapterTypeName="executor://xunit/VsTestRunner2/netcoreapp" className="xUnitTestProject.CurrencyHelperTests" name="FormatToStringTest1000" />
    </UnitTest>
    <UnitTest name="xUnitTestProject.CurrencyHelperTests.FormatToStringTest1000(price: 7182.939759099362, expected: &quot;7182.94 zł&quot;)" storage="c:\projekty\xunittestproject\bin\debug\netcoreapp3.1\xunittestproject.dll" id="2194158b-3f8a-54e0-368a-945d72c0c309">
      <Execution id="01890831-1ec9-4403-a3ff-a13e20e37d9c" />
      <TestMethod codeBase="C:\Projekty\xUnitTestProject\bin\Debug\netcoreapp3.1\xUnitTestProject.dll" adapterTypeName="executor://xunit/VsTestRunner2/netcoreapp" className="xUnitTestProject.CurrencyHelperTests" name="FormatToStringTest1000" />
    </UnitTest>
    <UnitTest name="xUnitTestProject.CurrencyHelperTests.FormatToStringTest1000(price: 45455.14554704127, expected: &quot;45455.15 zł&quot;)" storage="c:\projekty\xunittestproject\bin\debug\netcoreapp3.1\xunittestproject.dll" id="1c506770-d4ff-94e1-aa2e-f8d5ecc5a897">
      <Execution id="5960eb58-4c0c-44e2-9b72-9187f1114149" />
      <TestMethod codeBase="C:\Projekty\xUnitTestProject\bin\Debug\netcoreapp3.1\xUnitTestProject.dll" adapterTypeName="executor://xunit/VsTestRunner2/netcoreapp" className="xUnitTestProject.CurrencyHelperTests" name="FormatToStringTest1000" />
    </UnitTest>
    <UnitTest name="xUnitTestProject.CurrencyHelperTests.FormatToStringTest1000(price: 5140.16338917155, expected: &quot;5140.16 zł&quot;)" storage="c:\projekty\xunittestproject\bin\debug\netcoreapp3.1\xunittestproject.dll" id="ad51f424-6928-1bb2-fff3-55ef9dbab945">
      <Execution id="c417c7be-9949-4801-be16-f33db80f4bff" />
      <TestMethod codeBase="C:\Projekty\xUnitTestProject\bin\Debug\netcoreapp3.1\xUnitTestProject.dll" adapterTypeName="executor://xunit/VsTestRunner2/netcoreapp" className="xUnitTestProject.CurrencyHelperTests" name="FormatToStringTest1000" />
    </UnitTest>
    <UnitTest name="xUnitTestProject.CurrencyHelperTests.FormatToStringTest1000(price: 736.7398243680316, expected: &quot;736.74 zł&quot;)" storage="c:\projekty\xunittestproject\bin\debug\netcoreapp3.1\xunittestproject.dll" id="8d5bed77-8b58-0b0c-25f0-22107332d09a">
      <Execution id="0c99ed88-56a7-42c5-abf9-968924e08de2" />
      <TestMethod codeBase="C:\Projekty\xUnitTestProject\bin\Debug\netcoreapp3.1\xUnitTestProject.dll" adapterTypeName="executor://xunit/VsTestRunner2/netcoreapp" className="xUnitTestProject.CurrencyHelperTests" name="FormatToStringTest1000" />
    </UnitTest>
    <UnitTest name="xUnitTestProject.CurrencyHelperTests.FormatToStringTest1000(price: 76536.95853396178, expected: &quot;76536.96 zł&quot;)" storage="c:\projekty\xunittestproject\bin\debug\netcoreapp3.1\xunittestproject.dll" id="cf6ce7eb-96c1-8a55-15f9-4fb2522dc822">
      <Execution id="bb577ef7-57ac-484a-81e1-aca08eebc850" />
      <TestMethod codeBase="C:\Projekty\xUnitTestProject\bin\Debug\netcoreapp3.1\xUnitTestProject.dll" adapterTypeName="executor://xunit/VsTestRunner2/netcoreapp" className="xUnitTestProject.CurrencyHelperTests" name="FormatToStringTest1000" />
    </UnitTest>
    <UnitTest name="xUnitTestProject.CurrencyHelperTests.FormatToStringTest1000(price: 50413.517583300134, expected: &quot;50413.52 zł&quot;)" storage="c:\projekty\xunittestproject\bin\debug\netcoreapp3.1\xunittestproject.dll" id="87ce6106-4ac0-9f5c-9d1b-30007974d2cb">
      <Execution id="d2fce7c3-f1f9-4fb9-b358-90d321d71832" />
      <TestMethod codeBase="C:\Projekty\xUnitTestProject\bin\Debug\netcoreapp3.1\xUnitTestProject.dll" adapterTypeName="executor://xunit/VsTestRunner2/netcoreapp" className="xUnitTestProject.CurrencyHelperTests" name="FormatToStringTest1000" />
    </UnitTest>
    <UnitTest name="xUnitTestProject.CurrencyHelperTests.FormatToStringTest1000(price: 9818.257405763146, expected: &quot;9818.26 zł&quot;)" storage="c:\projekty\xunittestproject\bin\debug\netcoreapp3.1\xunittestproject.dll" id="b96da561-72c0-f108-100e-28aea4f8d524">
      <Execution id="072209c3-5af0-4496-b286-865776caebff" />
      <TestMethod codeBase="C:\Projekty\xUnitTestProject\bin\Debug\netcoreapp3.1\xUnitTestProject.dll" adapterTypeName="executor://xunit/VsTestRunner2/netcoreapp" className="xUnitTestProject.CurrencyHelperTests" name="FormatToStringTest1000" />
    </UnitTest>
    <UnitTest name="xUnitTestProject.CurrencyHelperTests.FormatToStringTest1000(price: 34136.0993783046, expected: &quot;34136.10 zł&quot;)" storage="c:\projekty\xunittestproject\bin\debug\netcoreapp3.1\xunittestproject.dll" id="90529360-95e5-c60b-5727-b5fa7d491b19">
      <Execution id="d26f0037-00ab-4a25-9778-b40bdea00359" />
      <TestMethod codeBase="C:\Projekty\xUnitTestProject\bin\Debug\netcoreapp3.1\xUnitTestProject.dll" adapterTypeName="executor://xunit/VsTestRunner2/netcoreapp" className="xUnitTestProject.CurrencyHelperTests" name="FormatToStringTest1000" />
    </UnitTest>
    <UnitTest name="xUnitTestProject.CurrencyHelperTests.FormatToStringTest1000(price: 12577.642620996872, expected: &quot;12577.64 zł&quot;)" storage="c:\projekty\xunittestproject\bin\debug\netcoreapp3.1\xunittestproject.dll" id="9fa4910a-439f-a7b3-42d7-59f8d60a9e4f">
      <Execution id="4ea3c0d5-be2d-45be-920d-8527dc85fb25" />
      <TestMethod codeBase="C:\Projekty\xUnitTestProject\bin\Debug\netcoreapp3.1\xUnitTestProject.dll" adapterTypeName="executor://xunit/VsTestRunner2/netcoreapp" className="xUnitTestProject.CurrencyHelperTests" name="FormatToStringTest1000" />
    </UnitTest>
    <UnitTest name="xUnitTestProject.CurrencyHelperTests.FormatToStringTest1000(price: 68174.53068551492, expected: &quot;68174.53 zł&quot;)" storage="c:\projekty\xunittestproject\bin\debug\netcoreapp3.1\xunittestproject.dll" id="a80246d5-ddf8-7929-99a4-5139184114ef">
      <Execution id="fea812f1-98f3-493f-bcc8-d9518cd0e183" />
      <TestMethod codeBase="C:\Projekty\xUnitTestProject\bin\Debug\netcoreapp3.1\xUnitTestProject.dll" adapterTypeName="executor://xunit/VsTestRunner2/netcoreapp" className="xUnitTestProject.CurrencyHelperTests" name="FormatToStringTest1000" />
    </UnitTest>
    <UnitTest name="xUnitTestProject.CurrencyHelperTests.FormatToStringTest1000(price: 21602.417596116393, expected: &quot;21602.42 zł&quot;)" storage="c:\projekty\xunittestproject\bin\debug\netcoreapp3.1\xunittestproject.dll" id="8b9bc8ba-9742-8b44-9f33-0b46de660b7e">
      <Execution id="1cd36c96-ab18-4d38-8819-1ab66fa67621" />
      <TestMethod codeBase="C:\Projekty\xUnitTestProject\bin\Debug\netcoreapp3.1\xUnitTestProject.dll" adapterTypeName="executor://xunit/VsTestRunner2/netcoreapp" className="xUnitTestProject.CurrencyHelperTests" name="FormatToStringTest1000" />
    </UnitTest>
    <UnitTest name="xUnitTestProject.CurrencyHelperTests.FormatToStringTest1000(price: 51408.294679657694, expected: &quot;51408.29 zł&quot;)" storage="c:\projekty\xunittestproject\bin\debug\netcoreapp3.1\xunittestproject.dll" id="e6ee2e42-d693-5a92-34f3-83564b601337">
      <Execution id="10a6330f-e10f-4f2b-abf9-291714130d6d" />
      <TestMethod codeBase="C:\Projekty\xUnitTestProject\bin\Debug\netcoreapp3.1\xUnitTestProject.dll" adapterTypeName="executor://xunit/VsTestRunner2/netcoreapp" className="xUnitTestProject.CurrencyHelperTests" name="FormatToStringTest1000" />
    </UnitTest>
    <UnitTest name="xUnitTestProject.CurrencyHelperTests.FormatToStringTest1000(price: 3521.3657738167635, expected: &quot;3521.37 zł&quot;)" storage="c:\projekty\xunittestproject\bin\debug\netcoreapp3.1\xunittestproject.dll" id="21bbacc0-ff4d-ad67-a90f-e4f994353077">
      <Execution id="97f3b675-f67a-4442-942d-85025884b0c5" />
      <TestMethod codeBase="C:\Projekty\xUnitTestProject\bin\Debug\netcoreapp3.1\xUnitTestProject.dll" adapterTypeName="executor://xunit/VsTestRunner2/netcoreapp" className="xUnitTestProject.CurrencyHelperTests" name="FormatToStringTest1000" />
    </UnitTest>
    <UnitTest name="xUnitTestProject.CurrencyHelperTests.FormatToStringTest1000(price: 23649.104642116046, expected: &quot;23649.10 zł&quot;)" storage="c:\projekty\xunittestproject\bin\debug\netcoreapp3.1\xunittestproject.dll" id="45b26f0b-a8bb-4b3f-d7c4-794f4ece7d3c">
      <Execution id="6c02562b-5b7d-4066-9d01-16a1298dc481" />
      <TestMethod codeBase="C:\Projekty\xUnitTestProject\bin\Debug\netcoreapp3.1\xUnitTestProject.dll" adapterTypeName="executor://xunit/VsTestRunner2/netcoreapp" className="xUnitTestProject.CurrencyHelperTests" name="FormatToStringTest1000" />
    </UnitTest>
    <UnitTest name="xUnitTestProject.CurrencyHelperTests.FormatToStringTest1000(price: 6429.44273095552, expected: &quot;6429.44 zł&quot;)" storage="c:\projekty\xunittestproject\bin\debug\netcoreapp3.1\xunittestproject.dll" id="9bed9c4d-df2b-32b1-c6ce-ea879f4b2fcd">
      <Execution id="e6970415-3a66-478f-b743-32b620b5e62b" />
      <TestMethod codeBase="C:\Projekty\xUnitTestProject\bin\Debug\netcoreapp3.1\xUnitTestProject.dll" adapterTypeName="executor://xunit/VsTestRunner2/netcoreapp" className="xUnitTestProject.CurrencyHelperTests" name="FormatToStringTest1000" />
    </UnitTest>
    <UnitTest name="xUnitTestProject.CurrencyHelperTests.FormatToStringTest1000(price: 750.5106571719566, expected: &quot;750.51 zł&quot;)" storage="c:\projekty\xunittestproject\bin\debug\netcoreapp3.1\xunittestproject.dll" id="75567229-1858-de57-219b-cfd8f4a7e8de">
      <Execution id="61b91ad2-4784-4a47-9229-dc604b07e4b2" />
      <TestMethod codeBase="C:\Projekty\xUnitTestProject\bin\Debug\netcoreapp3.1\xUnitTestProject.dll" adapterTypeName="executor://xunit/VsTestRunner2/netcoreapp" className="xUnitTestProject.CurrencyHelperTests" name="FormatToStringTest1000" />
    </UnitTest>
    <UnitTest name="xUnitTestProject.CurrencyHelperTests.FormatToStringTest1000(price: 22533.17694295811, expected: &quot;22533.18 zł&quot;)" storage="c:\projekty\xunittestproject\bin\debug\netcoreapp3.1\xunittestproject.dll" id="83c96126-428f-5139-26c1-00806d946a42">
      <Execution id="5a6bca6e-1023-469f-aeb1-fe53d3e9b5f1" />
      <TestMethod codeBase="C:\Projekty\xUnitTestProject\bin\Debug\netcoreapp3.1\xUnitTestProject.dll" adapterTypeName="executor://xunit/VsTestRunner2/netcoreapp" className="xUnitTestProject.CurrencyHelperTests" name="FormatToStringTest1000" />
    </UnitTest>
    <UnitTest name="xUnitTestProject.CurrencyHelperTests.FormatToStringTest1000(price: 4419.750844657306, expected: &quot;4419.75 zł&quot;)" storage="c:\projekty\xunittestproject\bin\debug\netcoreapp3.1\xunittestproject.dll" id="eccf41da-6b65-aa5d-c784-b8badc726d9b">
      <Execution id="1085b736-017e-42f9-9c82-4c7280b56fd1" />
      <TestMethod codeBase="C:\Projekty\xUnitTestProject\bin\Debug\netcoreapp3.1\xUnitTestProject.dll" adapterTypeName="executor://xunit/VsTestRunner2/netcoreapp" className="xUnitTestProject.CurrencyHelperTests" name="FormatToStringTest1000" />
    </UnitTest>
    <UnitTest name="xUnitTestProject.CurrencyHelperTests.FormatToStringTest1000(price: 4614.673205890541, expected: &quot;4614.67 zł&quot;)" storage="c:\projekty\xunittestproject\bin\debug\netcoreapp3.1\xunittestproject.dll" id="a1b1cd1d-1429-3ac2-3b82-a26d05133f17">
      <Execution id="73d3cf7f-c3c6-4d65-8c63-8ce78726dd31" />
      <TestMethod codeBase="C:\Projekty\xUnitTestProject\bin\Debug\netcoreapp3.1\xUnitTestProject.dll" adapterTypeName="executor://xunit/VsTestRunner2/netcoreapp" className="xUnitTestProject.CurrencyHelperTests" name="FormatToStringTest1000" />
    </UnitTest>
    <UnitTest name="xUnitTestProject.CurrencyHelperTests.FormatToStringTest1000(price: 28080.92507087669, expected: &quot;28080.93 zł&quot;)" storage="c:\projekty\xunittestproject\bin\debug\netcoreapp3.1\xunittestproject.dll" id="a9c621d8-eb9e-3cd1-2b29-ed69514bad1f">
      <Execution id="698da5cc-dfd3-45c1-8441-1c83c22ace13" />
      <TestMethod codeBase="C:\Projekty\xUnitTestProject\bin\Debug\netcoreapp3.1\xUnitTestProject.dll" adapterTypeName="executor://xunit/VsTestRunner2/netcoreapp" className="xUnitTestProject.CurrencyHelperTests" name="FormatToStringTest1000" />
    </UnitTest>
    <UnitTest name="xUnitTestProject.CurrencyHelperTests.FormatToStringTest1000(price: 47256.065730817645, expected: &quot;47256.07 zł&quot;)" storage="c:\projekty\xunittestproject\bin\debug\netcoreapp3.1\xunittestproject.dll" id="8fb0d924-6ca3-e44c-f26a-1c29eb5d30bd">
      <Execution id="6d288110-332e-4750-9ebe-bc45989bb8cb" />
      <TestMethod codeBase="C:\Projekty\xUnitTestProject\bin\Debug\netcoreapp3.1\xUnitTestProject.dll" adapterTypeName="executor://xunit/VsTestRunner2/netcoreapp" className="xUnitTestProject.CurrencyHelperTests" name="FormatToStringTest1000" />
    </UnitTest>
    <UnitTest name="xUnitTestProject.CurrencyHelperTests.FormatToStringTest1000(price: 4411.456718280659, expected: &quot;4411.46 zł&quot;)" storage="c:\projekty\xunittestproject\bin\debug\netcoreapp3.1\xunittestproject.dll" id="76ad8ec9-5ccc-b3a3-7c1b-d549d0dbd095">
      <Execution id="e2e01c0b-0fe3-462b-b8e7-77fb6029761d" />
      <TestMethod codeBase="C:\Projekty\xUnitTestProject\bin\Debug\netcoreapp3.1\xUnitTestProject.dll" adapterTypeName="executor://xunit/VsTestRunner2/netcoreapp" className="xUnitTestProject.CurrencyHelperTests" name="FormatToStringTest1000" />
    </UnitTest>
    <UnitTest name="xUnitTestProject.CurrencyHelperTests.FormatToStringTest1000(price: 20321.03715103913, expected: &quot;20321.04 zł&quot;)" storage="c:\projekty\xunittestproject\bin\debug\netcoreapp3.1\xunittestproject.dll" id="3aa6da58-73c8-f8a3-c690-8bbd80282877">
      <Execution id="37346ccb-f644-4986-8af3-2c9746a9db2b" />
      <TestMethod codeBase="C:\Projekty\xUnitTestProject\bin\Debug\netcoreapp3.1\xUnitTestProject.dll" adapterTypeName="executor://xunit/VsTestRunner2/netcoreapp" className="xUnitTestProject.CurrencyHelperTests" name="FormatToStringTest1000" />
    </UnitTest>
    <UnitTest name="xUnitTestProject.CurrencyHelperTests.FormatToStringTest1000(price: 27852.532163303127, expected: &quot;27852.53 zł&quot;)" storage="c:\projekty\xunittestproject\bin\debug\netcoreapp3.1\xunittestproject.dll" id="3fa3f1d2-90bc-c93b-b647-8aef449b689a">
      <Execution id="373fe646-cc6e-42d3-9bad-21bc892702fd" />
      <TestMethod codeBase="C:\Projekty\xUnitTestProject\bin\Debug\netcoreapp3.1\xUnitTestProject.dll" adapterTypeName="executor://xunit/VsTestRunner2/netcoreapp" className="xUnitTestProject.CurrencyHelperTests" name="FormatToStringTest1000" />
    </UnitTest>
    <UnitTest name="xUnitTestProject.CurrencyHelperTests.FormatToStringTest1000(price: 16511.26921423537, expected: &quot;16511.27 zł&quot;)" storage="c:\projekty\xunittestproject\bin\debug\netcoreapp3.1\xunittestproject.dll" id="799374f9-c088-e602-bce1-d22bf769b783">
      <Execution id="87f6f83c-d311-4fc6-b1b8-751e930ee150" />
      <TestMethod codeBase="C:\Projekty\xUnitTestProject\bin\Debug\netcoreapp3.1\xUnitTestProject.dll" adapterTypeName="executor://xunit/VsTestRunner2/netcoreapp" className="xUnitTestProject.CurrencyHelperTests" name="FormatToStringTest1000" />
    </UnitTest>
    <UnitTest name="xUnitTestProject.CurrencyHelperTests.FormatToStringTest1000(price: 20752.33758466334, expected: &quot;20752.34 zł&quot;)" storage="c:\projekty\xunittestproject\bin\debug\netcoreapp3.1\xunittestproject.dll" id="0751b11b-a6a8-a4ef-30e1-f910838570cb">
      <Execution id="dd2826bf-248b-42ff-8dc4-f0ac68edc4c5" />
      <TestMethod codeBase="C:\Projekty\xUnitTestProject\bin\Debug\netcoreapp3.1\xUnitTestProject.dll" adapterTypeName="executor://xunit/VsTestRunner2/netcoreapp" className="xUnitTestProject.CurrencyHelperTests" name="FormatToStringTest1000" />
    </UnitTest>
    <UnitTest name="xUnitTestProject.CurrencyHelperTests.FormatToStringTest1000(price: 43799.04472166535, expected: &quot;43799.04 zł&quot;)" storage="c:\projekty\xunittestproject\bin\debug\netcoreapp3.1\xunittestproject.dll" id="20029a95-caa6-71d7-8434-4467fe9b8732">
      <Execution id="b3bfffce-7064-459d-9ba7-8da95141f1ea" />
      <TestMethod codeBase="C:\Projekty\xUnitTestProject\bin\Debug\netcoreapp3.1\xUnitTestProject.dll" adapterTypeName="executor://xunit/VsTestRunner2/netcoreapp" className="xUnitTestProject.CurrencyHelperTests" name="FormatToStringTest1000" />
    </UnitTest>
    <UnitTest name="xUnitTestProject.CurrencyHelperTests.FormatToStringTest1000(price: 5961.755129208674, expected: &quot;5961.76 zł&quot;)" storage="c:\projekty\xunittestproject\bin\debug\netcoreapp3.1\xunittestproject.dll" id="2bdae34b-74e4-b57e-0c4e-9f8a61c91aa5">
      <Execution id="9293f71f-4ea4-4618-81ca-96e8a3a1d5a9" />
      <TestMethod codeBase="C:\Projekty\xUnitTestProject\bin\Debug\netcoreapp3.1\xUnitTestProject.dll" adapterTypeName="executor://xunit/VsTestRunner2/netcoreapp" className="xUnitTestProject.CurrencyHelperTests" name="FormatToStringTest1000" />
    </UnitTest>
    <UnitTest name="xUnitTestProject.CurrencyHelperTests.FormatToStringTest1000(price: 16210.791556035536, expected: &quot;16210.79 zł&quot;)" storage="c:\projekty\xunittestproject\bin\debug\netcoreapp3.1\xunittestproject.dll" id="599b5bdf-c3a2-ab45-0452-3da415351122">
      <Execution id="1a0f3a42-7c9d-4173-9364-3957b261b076" />
      <TestMethod codeBase="C:\Projekty\xUnitTestProject\bin\Debug\netcoreapp3.1\xUnitTestProject.dll" adapterTypeName="executor://xunit/VsTestRunner2/netcoreapp" className="xUnitTestProject.CurrencyHelperTests" name="FormatToStringTest1000" />
    </UnitTest>
    <UnitTest name="xUnitTestProject.CurrencyHelperTests.FormatToStringTest1000(price: 6654.099431086378, expected: &quot;6654.10 zł&quot;)" storage="c:\projekty\xunittestproject\bin\debug\netcoreapp3.1\xunittestproject.dll" id="d2be2dc8-81b6-46cb-cbba-3709ad4b1996">
      <Execution id="5ecae94c-a9d1-426a-8716-41a43798a592" />
      <TestMethod codeBase="C:\Projekty\xUnitTestProject\bin\Debug\netcoreapp3.1\xUnitTestProject.dll" adapterTypeName="executor://xunit/VsTestRunner2/netcoreapp" className="xUnitTestProject.CurrencyHelperTests" name="FormatToStringTest1000" />
    </UnitTest>
    <UnitTest name="xUnitTestProject.CurrencyHelperTests.FormatToStringTest1000(price: 40857.08543233996, expected: &quot;40857.09 zł&quot;)" storage="c:\projekty\xunittestproject\bin\debug\netcoreapp3.1\xunittestproject.dll" id="2903f8f9-605c-f4a1-c251-e272e8faf58d">
      <Execution id="95bf6ac4-f6d7-40dc-9cce-3066affb28a4" />
      <TestMethod codeBase="C:\Projekty\xUnitTestProject\bin\Debug\netcoreapp3.1\xUnitTestProject.dll" adapterTypeName="executor://xunit/VsTestRunner2/netcoreapp" className="xUnitTestProject.CurrencyHelperTests" name="FormatToStringTest1000" />
    </UnitTest>
    <UnitTest name="xUnitTestProject.CurrencyHelperTests.FormatToStringTest1000(price: 33413.381276228174, expected: &quot;33413.38 zł&quot;)" storage="c:\projekty\xunittestproject\bin\debug\netcoreapp3.1\xunittestproject.dll" id="3f543d31-d892-849e-9693-7ae2624b2c94">
      <Execution id="aacff4cb-89d2-480d-9c4d-9eeef96c64ad" />
      <TestMethod codeBase="C:\Projekty\xUnitTestProject\bin\Debug\netcoreapp3.1\xUnitTestProject.dll" adapterTypeName="executor://xunit/VsTestRunner2/netcoreapp" className="xUnitTestProject.CurrencyHelperTests" name="FormatToStringTest1000" />
    </UnitTest>
    <UnitTest name="xUnitTestProject.CurrencyHelperTests.FormatToStringTest1000(price: 52810.91713865516, expected: &quot;52810.92 zł&quot;)" storage="c:\projekty\xunittestproject\bin\debug\netcoreapp3.1\xunittestproject.dll" id="6cc408c2-2cb5-45f5-22cc-d2054659459b">
      <Execution id="960b844a-4b86-4c3f-8107-861dd7d7054f" />
      <TestMethod codeBase="C:\Projekty\xUnitTestProject\bin\Debug\netcoreapp3.1\xUnitTestProject.dll" adapterTypeName="executor://xunit/VsTestRunner2/netcoreapp" className="xUnitTestProject.CurrencyHelperTests" name="FormatToStringTest1000" />
    </UnitTest>
    <UnitTest name="xUnitTestProject.CurrencyHelperTests.FormatToStringTest1000(price: 19500.031951036784, expected: &quot;19500.03 zł&quot;)" storage="c:\projekty\xunittestproject\bin\debug\netcoreapp3.1\xunittestproject.dll" id="b9639a73-b99d-241a-c8a5-6c3a19c63133">
      <Execution id="f235e86e-3400-4a3a-ae3a-5a3a47dfdb68" />
      <TestMethod codeBase="C:\Projekty\xUnitTestProject\bin\Debug\netcoreapp3.1\xUnitTestProject.dll" adapterTypeName="executor://xunit/VsTestRunner2/netcoreapp" className="xUnitTestProject.CurrencyHelperTests" name="FormatToStringTest1000" />
    </UnitTest>
    <UnitTest name="xUnitTestProject.CurrencyHelperTests.FormatToStringTest1000(price: 24308.26523149212, expected: &quot;24308.27 zł&quot;)" storage="c:\projekty\xunittestproject\bin\debug\netcoreapp3.1\xunittestproject.dll" id="4d07a1bc-a8d9-c223-fb28-a20fa9ce459f">
      <Execution id="a1269221-07ac-41fa-9bbb-9ebaa19b7e00" />
      <TestMethod codeBase="C:\Projekty\xUnitTestProject\bin\Debug\netcoreapp3.1\xUnitTestProject.dll" adapterTypeName="executor://xunit/VsTestRunner2/netcoreapp" className="xUnitTestProject.CurrencyHelperTests" name="FormatToStringTest1000" />
    </UnitTest>
    <UnitTest name="xUnitTestProject.CurrencyHelperTests.FormatToStringTest1000(price: 68479.93492677805, expected: &quot;68479.93 zł&quot;)" storage="c:\projekty\xunittestproject\bin\debug\netcoreapp3.1\xunittestproject.dll" id="039e02b8-589d-bf11-ab34-101144716c75">
      <Execution id="98b0a97d-442a-405d-b940-62f2700a1d61" />
      <TestMethod codeBase="C:\Projekty\xUnitTestProject\bin\Debug\netcoreapp3.1\xUnitTestProject.dll" adapterTypeName="executor://xunit/VsTestRunner2/netcoreapp" className="xUnitTestProject.CurrencyHelperTests" name="FormatToStringTest1000" />
    </UnitTest>
    <UnitTest name="xUnitTestProject.CurrencyHelperTests.FormatToStringTest1000(price: 4539.210371735137, expected: &quot;4539.21 zł&quot;)" storage="c:\projekty\xunittestproject\bin\debug\netcoreapp3.1\xunittestproject.dll" id="cd325bca-14d8-e62d-3ed3-b6cff2a5be8c">
      <Execution id="8ffc5822-de6e-44ba-9a4c-418fdf7ba7e9" />
      <TestMethod codeBase="C:\Projekty\xUnitTestProject\bin\Debug\netcoreapp3.1\xUnitTestProject.dll" adapterTypeName="executor://xunit/VsTestRunner2/netcoreapp" className="xUnitTestProject.CurrencyHelperTests" name="FormatToStringTest1000" />
    </UnitTest>
    <UnitTest name="xUnitTestProject.CurrencyHelperTests.FormatToStringTest1000(price: 20552.966022956633, expected: &quot;20552.97 zł&quot;)" storage="c:\projekty\xunittestproject\bin\debug\netcoreapp3.1\xunittestproject.dll" id="112056a7-90b6-3caa-8868-b79786565857">
      <Execution id="f8590163-ae85-44be-8051-36c802a387a6" />
      <TestMethod codeBase="C:\Projekty\xUnitTestProject\bin\Debug\netcoreapp3.1\xUnitTestProject.dll" adapterTypeName="executor://xunit/VsTestRunner2/netcoreapp" className="xUnitTestProject.CurrencyHelperTests" name="FormatToStringTest1000" />
    </UnitTest>
    <UnitTest name="xUnitTestProject.CurrencyHelperTests.FormatToStringTest1000(price: 17418.31302247863, expected: &quot;17418.31 zł&quot;)" storage="c:\projekty\xunittestproject\bin\debug\netcoreapp3.1\xunittestproject.dll" id="749e89fd-9c9b-5d83-545c-b459ff44beff">
      <Execution id="109a62ca-e5e5-482f-b41f-ebe01ce42491" />
      <TestMethod codeBase="C:\Projekty\xUnitTestProject\bin\Debug\netcoreapp3.1\xUnitTestProject.dll" adapterTypeName="executor://xunit/VsTestRunner2/netcoreapp" className="xUnitTestProject.CurrencyHelperTests" name="FormatToStringTest1000" />
    </UnitTest>
    <UnitTest name="xUnitTestProject.CurrencyHelperTests.FormatToStringTest1000(price: 17875.613377604455, expected: &quot;17875.61 zł&quot;)" storage="c:\projekty\xunittestproject\bin\debug\netcoreapp3.1\xunittestproject.dll" id="f03f6860-12a5-6960-814c-3c29d5bd5d06">
      <Execution id="d4c72405-7921-4613-aee0-6ba60950c42d" />
      <TestMethod codeBase="C:\Projekty\xUnitTestProject\bin\Debug\netcoreapp3.1\xUnitTestProject.dll" adapterTypeName="executor://xunit/VsTestRunner2/netcoreapp" className="xUnitTestProject.CurrencyHelperTests" name="FormatToStringTest1000" />
    </UnitTest>
    <UnitTest name="xUnitTestProject.CurrencyHelperTests.FormatToStringTest1000(price: 1649.0127968480872, expected: &quot;1649.01 zł&quot;)" storage="c:\projekty\xunittestproject\bin\debug\netcoreapp3.1\xunittestproject.dll" id="ec976d73-69f5-3cb8-c94a-fac6ea1343ca">
      <Execution id="b22f57eb-b554-48a8-9b6a-7717dc9941ab" />
      <TestMethod codeBase="C:\Projekty\xUnitTestProject\bin\Debug\netcoreapp3.1\xUnitTestProject.dll" adapterTypeName="executor://xunit/VsTestRunner2/netcoreapp" className="xUnitTestProject.CurrencyHelperTests" name="FormatToStringTest1000" />
    </UnitTest>
    <UnitTest name="xUnitTestProject.CurrencyHelperTests.FormatToStringTest1000(price: 9634.398811461124, expected: &quot;9634.40 zł&quot;)" storage="c:\projekty\xunittestproject\bin\debug\netcoreapp3.1\xunittestproject.dll" id="56f22bda-cb9f-dbaa-365a-cb6ba2104fe2">
      <Execution id="da43563a-efcf-4860-bcaa-3281549eb197" />
      <TestMethod codeBase="C:\Projekty\xUnitTestProject\bin\Debug\netcoreapp3.1\xUnitTestProject.dll" adapterTypeName="executor://xunit/VsTestRunner2/netcoreapp" className="xUnitTestProject.CurrencyHelperTests" name="FormatToStringTest1000" />
    </UnitTest>
    <UnitTest name="xUnitTestProject.CurrencyHelperTests.FormatToStringTest1000(price: 4030.673117592313, expected: &quot;4030.67 zł&quot;)" storage="c:\projekty\xunittestproject\bin\debug\netcoreapp3.1\xunittestproject.dll" id="b818a661-8c39-b04d-aea0-c8bf6f965ed2">
      <Execution id="e52a25d7-145e-4d87-83f6-c6050f02c25a" />
      <TestMethod codeBase="C:\Projekty\xUnitTestProject\bin\Debug\netcoreapp3.1\xUnitTestProject.dll" adapterTypeName="executor://xunit/VsTestRunner2/netcoreapp" className="xUnitTestProject.CurrencyHelperTests" name="FormatToStringTest1000" />
    </UnitTest>
    <UnitTest name="xUnitTestProject.CurrencyHelperTests.FormatToStringTest1000(price: 63115.864864394935, expected: &quot;63115.86 zł&quot;)" storage="c:\projekty\xunittestproject\bin\debug\netcoreapp3.1\xunittestproject.dll" id="1d8f4068-0f19-f951-5966-43f32b70fb4f">
      <Execution id="3994a632-0d92-4c10-b3cd-ae38406e27de" />
      <TestMethod codeBase="C:\Projekty\xUnitTestProject\bin\Debug\netcoreapp3.1\xUnitTestProject.dll" adapterTypeName="executor://xunit/VsTestRunner2/netcoreapp" className="xUnitTestProject.CurrencyHelperTests" name="FormatToStringTest1000" />
    </UnitTest>
    <UnitTest name="xUnitTestProject.CurrencyHelperTests.FormatToStringTest1000(price: 66723.3293191657, expected: &quot;66723.33 zł&quot;)" storage="c:\projekty\xunittestproject\bin\debug\netcoreapp3.1\xunittestproject.dll" id="6dd99dbe-4c8b-34b5-1e2c-dac97050c643">
      <Execution id="fd9a292c-5a12-4333-b920-61a14a7e6fdc" />
      <TestMethod codeBase="C:\Projekty\xUnitTestProject\bin\Debug\netcoreapp3.1\xUnitTestProject.dll" adapterTypeName="executor://xunit/VsTestRunner2/netcoreapp" className="xUnitTestProject.CurrencyHelperTests" name="FormatToStringTest1000" />
    </UnitTest>
    <UnitTest name="xUnitTestProject.CurrencyHelperTests.FormatToStringTest1000(price: 35384.637112688106, expected: &quot;35384.64 zł&quot;)" storage="c:\projekty\xunittestproject\bin\debug\netcoreapp3.1\xunittestproject.dll" id="631aa61c-5891-97bd-8c16-092dfa85bf9b">
      <Execution id="fbefa1bd-bbdb-41b3-8233-66108a33155e" />
      <TestMethod codeBase="C:\Projekty\xUnitTestProject\bin\Debug\netcoreapp3.1\xUnitTestProject.dll" adapterTypeName="executor://xunit/VsTestRunner2/netcoreapp" className="xUnitTestProject.CurrencyHelperTests" name="FormatToStringTest1000" />
    </UnitTest>
    <UnitTest name="xUnitTestProject.CurrencyHelperTests.FormatToStringTest1000(price: 38614.292320713066, expected: &quot;38614.29 zł&quot;)" storage="c:\projekty\xunittestproject\bin\debug\netcoreapp3.1\xunittestproject.dll" id="a7d85aa3-fa07-4a18-0790-c9a84b87bfbf">
      <Execution id="f31c55c5-9b15-4f84-aaa0-a4a33f3d77ca" />
      <TestMethod codeBase="C:\Projekty\xUnitTestProject\bin\Debug\netcoreapp3.1\xUnitTestProject.dll" adapterTypeName="executor://xunit/VsTestRunner2/netcoreapp" className="xUnitTestProject.CurrencyHelperTests" name="FormatToStringTest1000" />
    </UnitTest>
    <UnitTest name="xUnitTestProject.CurrencyHelperTests.FormatToStringTest1000(price: 11494.27761332238, expected: &quot;11494.28 zł&quot;)" storage="c:\projekty\xunittestproject\bin\debug\netcoreapp3.1\xunittestproject.dll" id="61f864ac-97c4-6c85-0643-065c2cc97960">
      <Execution id="96315563-dc82-469a-964d-2fe6b2c53903" />
      <TestMethod codeBase="C:\Projekty\xUnitTestProject\bin\Debug\netcoreapp3.1\xUnitTestProject.dll" adapterTypeName="executor://xunit/VsTestRunner2/netcoreapp" className="xUnitTestProject.CurrencyHelperTests" name="FormatToStringTest1000" />
    </UnitTest>
    <UnitTest name="xUnitTestProject.CurrencyHelperTests.FormatToStringTest1000(price: 59768.02667973611, expected: &quot;59768.03 zł&quot;)" storage="c:\projekty\xunittestproject\bin\debug\netcoreapp3.1\xunittestproject.dll" id="9c7fd1db-1277-0ff0-b26a-428fd3366acd">
      <Execution id="ddee2675-d6ed-4529-9060-6a84ab958997" />
      <TestMethod codeBase="C:\Projekty\xUnitTestProject\bin\Debug\netcoreapp3.1\xUnitTestProject.dll" adapterTypeName="executor://xunit/VsTestRunner2/netcoreapp" className="xUnitTestProject.CurrencyHelperTests" name="FormatToStringTest1000" />
    </UnitTest>
    <UnitTest name="xUnitTestProject.CurrencyHelperTests.FormatToStringTest1000(price: 5835.26176155557, expected: &quot;5835.26 zł&quot;)" storage="c:\projekty\xunittestproject\bin\debug\netcoreapp3.1\xunittestproject.dll" id="652fbfaf-623d-2a4f-25d1-cf07d8f0c0da">
      <Execution id="b92635e2-951e-4bcf-866c-3a41d1e3bf60" />
      <TestMethod codeBase="C:\Projekty\xUnitTestProject\bin\Debug\netcoreapp3.1\xUnitTestProject.dll" adapterTypeName="executor://xunit/VsTestRunner2/netcoreapp" className="xUnitTestProject.CurrencyHelperTests" name="FormatToStringTest1000" />
    </UnitTest>
    <UnitTest name="xUnitTestProject.CurrencyHelperTests.FormatToStringTest1000(price: 29796.909338079815, expected: &quot;29796.91 zł&quot;)" storage="c:\projekty\xunittestproject\bin\debug\netcoreapp3.1\xunittestproject.dll" id="e01a9a2a-2030-6ab9-7db6-efea263590e2">
      <Execution id="778e7ed0-6b8c-4952-ac57-54a51408c768" />
      <TestMethod codeBase="C:\Projekty\xUnitTestProject\bin\Debug\netcoreapp3.1\xUnitTestProject.dll" adapterTypeName="executor://xunit/VsTestRunner2/netcoreapp" className="xUnitTestProject.CurrencyHelperTests" name="FormatToStringTest1000" />
    </UnitTest>
    <UnitTest name="xUnitTestProject.CurrencyHelperTests.FormatToStringTest1000(price: 29362.005930638876, expected: &quot;29362.01 zł&quot;)" storage="c:\projekty\xunittestproject\bin\debug\netcoreapp3.1\xunittestproject.dll" id="294352cc-8efa-db1c-1bd5-bae00c9cde08">
      <Execution id="21b6984f-e98f-4f50-b080-19df54575128" />
      <TestMethod codeBase="C:\Projekty\xUnitTestProject\bin\Debug\netcoreapp3.1\xUnitTestProject.dll" adapterTypeName="executor://xunit/VsTestRunner2/netcoreapp" className="xUnitTestProject.CurrencyHelperTests" name="FormatToStringTest1000" />
    </UnitTest>
    <UnitTest name="xUnitTestProject.CurrencyHelperTests.FormatToStringTest1000(price: 19189.32381924117, expected: &quot;19189.32 zł&quot;)" storage="c:\projekty\xunittestproject\bin\debug\netcoreapp3.1\xunittestproject.dll" id="d907dab2-a0b3-0153-e7e4-4d342798a47e">
      <Execution id="60bcbf6e-a455-4ef4-956a-db56f0506dc4" />
      <TestMethod codeBase="C:\Projekty\xUnitTestProject\bin\Debug\netcoreapp3.1\xUnitTestProject.dll" adapterTypeName="executor://xunit/VsTestRunner2/netcoreapp" className="xUnitTestProject.CurrencyHelperTests" name="FormatToStringTest1000" />
    </UnitTest>
    <UnitTest name="xUnitTestProject.CurrencyHelperTests.FormatToStringTest1000(price: 39531.95190033268, expected: &quot;39531.95 zł&quot;)" storage="c:\projekty\xunittestproject\bin\debug\netcoreapp3.1\xunittestproject.dll" id="e62a06d7-081f-b513-c2d5-80ddeebcb813">
      <Execution id="c43e753f-b501-4274-b4f9-98e6a25c4a4d" />
      <TestMethod codeBase="C:\Projekty\xUnitTestProject\bin\Debug\netcoreapp3.1\xUnitTestProject.dll" adapterTypeName="executor://xunit/VsTestRunner2/netcoreapp" className="xUnitTestProject.CurrencyHelperTests" name="FormatToStringTest1000" />
    </UnitTest>
    <UnitTest name="xUnitTestProject.CurrencyHelperTests.FormatToStringTest1000(price: 658.7555888573431, expected: &quot;658.76 zł&quot;)" storage="c:\projekty\xunittestproject\bin\debug\netcoreapp3.1\xunittestproject.dll" id="2a9faf6f-4d21-d971-4115-0a2cf31c75ab">
      <Execution id="33d85385-2d24-4c38-bea5-01f6e2fd65df" />
      <TestMethod codeBase="C:\Projekty\xUnitTestProject\bin\Debug\netcoreapp3.1\xUnitTestProject.dll" adapterTypeName="executor://xunit/VsTestRunner2/netcoreapp" className="xUnitTestProject.CurrencyHelperTests" name="FormatToStringTest1000" />
    </UnitTest>
    <UnitTest name="xUnitTestProject.CurrencyHelperTests.FormatToStringTest1000(price: 75987.03378503352, expected: &quot;75987.03 zł&quot;)" storage="c:\projekty\xunittestproject\bin\debug\netcoreapp3.1\xunittestproject.dll" id="fd8ab50a-6120-2a06-7ebd-aae621104cec">
      <Execution id="158833ab-4a80-404d-8951-c339ccfa7a1c" />
      <TestMethod codeBase="C:\Projekty\xUnitTestProject\bin\Debug\netcoreapp3.1\xUnitTestProject.dll" adapterTypeName="executor://xunit/VsTestRunner2/netcoreapp" className="xUnitTestProject.CurrencyHelperTests" name="FormatToStringTest1000" />
    </UnitTest>
    <UnitTest name="xUnitTestProject.CurrencyHelperTests.FormatToStringTest1000(price: 35248.53555717996, expected: &quot;35248.54 zł&quot;)" storage="c:\projekty\xunittestproject\bin\debug\netcoreapp3.1\xunittestproject.dll" id="ecb76390-c6f7-bfa0-1a99-45634c606ddc">
      <Execution id="fda765e3-4270-4e5c-8d13-a7487efe6c7a" />
      <TestMethod codeBase="C:\Projekty\xUnitTestProject\bin\Debug\netcoreapp3.1\xUnitTestProject.dll" adapterTypeName="executor://xunit/VsTestRunner2/netcoreapp" className="xUnitTestProject.CurrencyHelperTests" name="FormatToStringTest1000" />
    </UnitTest>
    <UnitTest name="xUnitTestProject.CurrencyHelperTests.FormatToStringTest1000(price: 56802.303118930344, expected: &quot;56802.30 zł&quot;)" storage="c:\projekty\xunittestproject\bin\debug\netcoreapp3.1\xunittestproject.dll" id="6997fb4f-bee2-69ca-461b-7845f1fa191c">
      <Execution id="e720bba9-45a5-4aaf-bc1e-cb4c302b025a" />
      <TestMethod codeBase="C:\Projekty\xUnitTestProject\bin\Debug\netcoreapp3.1\xUnitTestProject.dll" adapterTypeName="executor://xunit/VsTestRunner2/netcoreapp" className="xUnitTestProject.CurrencyHelperTests" name="FormatToStringTest1000" />
    </UnitTest>
    <UnitTest name="xUnitTestProject.CurrencyHelperTests.FormatToStringTest1000(price: 1300.9430775404642, expected: &quot;1300.94 zł&quot;)" storage="c:\projekty\xunittestproject\bin\debug\netcoreapp3.1\xunittestproject.dll" id="847ca950-a5c5-d084-8e4e-ab9e67678604">
      <Execution id="838b5d63-1122-4dbf-935b-35e22e0938e4" />
      <TestMethod codeBase="C:\Projekty\xUnitTestProject\bin\Debug\netcoreapp3.1\xUnitTestProject.dll" adapterTypeName="executor://xunit/VsTestRunner2/netcoreapp" className="xUnitTestProject.CurrencyHelperTests" name="FormatToStringTest1000" />
    </UnitTest>
    <UnitTest name="xUnitTestProject.CurrencyHelperTests.FormatToStringTest1000(price: 8697.074631143862, expected: &quot;8697.07 zł&quot;)" storage="c:\projekty\xunittestproject\bin\debug\netcoreapp3.1\xunittestproject.dll" id="dffdcee4-e2c7-a486-318f-edaed8877c4d">
      <Execution id="c7d0a89d-6412-4928-9e05-ee4d1e77be26" />
      <TestMethod codeBase="C:\Projekty\xUnitTestProject\bin\Debug\netcoreapp3.1\xUnitTestProject.dll" adapterTypeName="executor://xunit/VsTestRunner2/netcoreapp" className="xUnitTestProject.CurrencyHelperTests" name="FormatToStringTest1000" />
    </UnitTest>
    <UnitTest name="xUnitTestProject.CurrencyHelperTests.FormatToStringTest1000(price: 1739.5853778997368, expected: &quot;1739.59 zł&quot;)" storage="c:\projekty\xunittestproject\bin\debug\netcoreapp3.1\xunittestproject.dll" id="613b2ffe-17c7-a1b7-9417-e8c0c951aa41">
      <Execution id="890f2f6e-5f2a-42f7-a362-7fdbd64800a2" />
      <TestMethod codeBase="C:\Projekty\xUnitTestProject\bin\Debug\netcoreapp3.1\xUnitTestProject.dll" adapterTypeName="executor://xunit/VsTestRunner2/netcoreapp" className="xUnitTestProject.CurrencyHelperTests" name="FormatToStringTest1000" />
    </UnitTest>
    <UnitTest name="xUnitTestProject.CurrencyHelperTests.FormatToStringTest1000(price: 27794.8671353957, expected: &quot;27794.87 zł&quot;)" storage="c:\projekty\xunittestproject\bin\debug\netcoreapp3.1\xunittestproject.dll" id="80a788de-88e0-32bd-4244-9850aa1ba44f">
      <Execution id="b06b1727-9c0a-4653-9a1d-5fe225fc3633" />
      <TestMethod codeBase="C:\Projekty\xUnitTestProject\bin\Debug\netcoreapp3.1\xUnitTestProject.dll" adapterTypeName="executor://xunit/VsTestRunner2/netcoreapp" className="xUnitTestProject.CurrencyHelperTests" name="FormatToStringTest1000" />
    </UnitTest>
    <UnitTest name="xUnitTestProject.CurrencyHelperTests.FormatToStringTest1000(price: 39641.61351217451, expected: &quot;39641.61 zł&quot;)" storage="c:\projekty\xunittestproject\bin\debug\netcoreapp3.1\xunittestproject.dll" id="acda3d15-0e29-fc40-b0fc-fcddae081200">
      <Execution id="4de90437-348f-4ff4-bf2e-96d8a754fcdc" />
      <TestMethod codeBase="C:\Projekty\xUnitTestProject\bin\Debug\netcoreapp3.1\xUnitTestProject.dll" adapterTypeName="executor://xunit/VsTestRunner2/netcoreapp" className="xUnitTestProject.CurrencyHelperTests" name="FormatToStringTest1000" />
    </UnitTest>
    <UnitTest name="xUnitTestProject.CurrencyHelperTests.FormatToStringTest1000(price: 35.34471716840971, expected: &quot;35.34 zł&quot;)" storage="c:\projekty\xunittestproject\bin\debug\netcoreapp3.1\xunittestproject.dll" id="2ff98558-45c2-21dd-60d2-e1efdde7c0a8">
      <Execution id="eb3b75e5-7303-46cd-88ea-80fe63ae93ff" />
      <TestMethod codeBase="C:\Projekty\xUnitTestProject\bin\Debug\netcoreapp3.1\xUnitTestProject.dll" adapterTypeName="executor://xunit/VsTestRunner2/netcoreapp" className="xUnitTestProject.CurrencyHelperTests" name="FormatToStringTest1000" />
    </UnitTest>
    <UnitTest name="xUnitTestProject.CurrencyHelperTests.FormatToStringTest1000(price: 44065.726815678056, expected: &quot;44065.73 zł&quot;)" storage="c:\projekty\xunittestproject\bin\debug\netcoreapp3.1\xunittestproject.dll" id="900eea81-caf7-4e0f-b129-22c2df2135b0">
      <Execution id="75ff1eab-4592-4f21-b51a-ab9ef60dd2f9" />
      <TestMethod codeBase="C:\Projekty\xUnitTestProject\bin\Debug\netcoreapp3.1\xUnitTestProject.dll" adapterTypeName="executor://xunit/VsTestRunner2/netcoreapp" className="xUnitTestProject.CurrencyHelperTests" name="FormatToStringTest1000" />
    </UnitTest>
    <UnitTest name="xUnitTestProject.CurrencyHelperTests.FormatToStringTest1000(price: 15396.537902579894, expected: &quot;15396.54 zł&quot;)" storage="c:\projekty\xunittestproject\bin\debug\netcoreapp3.1\xunittestproject.dll" id="b873b04a-7c62-5dd2-8547-3f31b075c272">
      <Execution id="494b61b3-be9c-40e4-99dc-436c767d8e2f" />
      <TestMethod codeBase="C:\Projekty\xUnitTestProject\bin\Debug\netcoreapp3.1\xUnitTestProject.dll" adapterTypeName="executor://xunit/VsTestRunner2/netcoreapp" className="xUnitTestProject.CurrencyHelperTests" name="FormatToStringTest1000" />
    </UnitTest>
    <UnitTest name="xUnitTestProject.CurrencyHelperTests.FormatToStringTest1000(price: 5855.75080885354, expected: &quot;5855.75 zł&quot;)" storage="c:\projekty\xunittestproject\bin\debug\netcoreapp3.1\xunittestproject.dll" id="b8787739-4c07-b11a-eff9-c330a8615328">
      <Execution id="f82c9f8d-e603-44c4-beba-e41439c93503" />
      <TestMethod codeBase="C:\Projekty\xUnitTestProject\bin\Debug\netcoreapp3.1\xUnitTestProject.dll" adapterTypeName="executor://xunit/VsTestRunner2/netcoreapp" className="xUnitTestProject.CurrencyHelperTests" name="FormatToStringTest1000" />
    </UnitTest>
    <UnitTest name="xUnitTestProject.CurrencyHelperTests.FormatToStringTest1000(price: 30320.450517486992, expected: &quot;30320.45 zł&quot;)" storage="c:\projekty\xunittestproject\bin\debug\netcoreapp3.1\xunittestproject.dll" id="042cc95e-2b44-fa19-b576-f75093af4b96">
      <Execution id="77957bc8-2eca-43c0-b2b2-d2082227e5f4" />
      <TestMethod codeBase="C:\Projekty\xUnitTestProject\bin\Debug\netcoreapp3.1\xUnitTestProject.dll" adapterTypeName="executor://xunit/VsTestRunner2/netcoreapp" className="xUnitTestProject.CurrencyHelperTests" name="FormatToStringTest1000" />
    </UnitTest>
    <UnitTest name="xUnitTestProject.CurrencyHelperTests.FormatToStringTest1000(price: 84686.32148464039, expected: &quot;84686.32 zł&quot;)" storage="c:\projekty\xunittestproject\bin\debug\netcoreapp3.1\xunittestproject.dll" id="7b2e748c-5793-e1c6-45bc-d5f863686469">
      <Execution id="b7230e17-9c50-4883-8f15-cd52d6cd7365" />
      <TestMethod codeBase="C:\Projekty\xUnitTestProject\bin\Debug\netcoreapp3.1\xUnitTestProject.dll" adapterTypeName="executor://xunit/VsTestRunner2/netcoreapp" className="xUnitTestProject.CurrencyHelperTests" name="FormatToStringTest1000" />
    </UnitTest>
    <UnitTest name="xUnitTestProject.CurrencyHelperTests.FormatToStringTest1000(price: 9867.823212210007, expected: &quot;9867.82 zł&quot;)" storage="c:\projekty\xunittestproject\bin\debug\netcoreapp3.1\xunittestproject.dll" id="99e7c5dd-ce54-9083-5f21-8bd4ff4149bd">
      <Execution id="e3d35e44-c0d8-4b42-b385-16e255a316d3" />
      <TestMethod codeBase="C:\Projekty\xUnitTestProject\bin\Debug\netcoreapp3.1\xUnitTestProject.dll" adapterTypeName="executor://xunit/VsTestRunner2/netcoreapp" className="xUnitTestProject.CurrencyHelperTests" name="FormatToStringTest1000" />
    </UnitTest>
    <UnitTest name="xUnitTestProject.CurrencyHelperTests.FormatToStringTest1000(price: 42767.96883676898, expected: &quot;42767.97 zł&quot;)" storage="c:\projekty\xunittestproject\bin\debug\netcoreapp3.1\xunittestproject.dll" id="5d6a5449-fc3a-dea9-163b-dec74b3dd1b9">
      <Execution id="12eab871-5b36-4f17-9539-7cf1a9dddccf" />
      <TestMethod codeBase="C:\Projekty\xUnitTestProject\bin\Debug\netcoreapp3.1\xUnitTestProject.dll" adapterTypeName="executor://xunit/VsTestRunner2/netcoreapp" className="xUnitTestProject.CurrencyHelperTests" name="FormatToStringTest1000" />
    </UnitTest>
    <UnitTest name="xUnitTestProject.CurrencyHelperTests.FormatToStringTest1000(price: 86.89546322771136, expected: &quot;86.90 zł&quot;)" storage="c:\projekty\xunittestproject\bin\debug\netcoreapp3.1\xunittestproject.dll" id="294f15b0-a486-8084-b9ae-585b30f21a60">
      <Execution id="ea92f126-32c2-48af-bbb6-f806fb6c1166" />
      <TestMethod codeBase="C:\Projekty\xUnitTestProject\bin\Debug\netcoreapp3.1\xUnitTestProject.dll" adapterTypeName="executor://xunit/VsTestRunner2/netcoreapp" className="xUnitTestProject.CurrencyHelperTests" name="FormatToStringTest1000" />
    </UnitTest>
    <UnitTest name="xUnitTestProject.CurrencyHelperTests.FormatToStringTest1000(price: 60017.857676936714, expected: &quot;60017.86 zł&quot;)" storage="c:\projekty\xunittestproject\bin\debug\netcoreapp3.1\xunittestproject.dll" id="31d7ba44-de75-ed55-66c6-b51937c13355">
      <Execution id="c5dff6a6-4d8e-4750-a7bc-e1479194b057" />
      <TestMethod codeBase="C:\Projekty\xUnitTestProject\bin\Debug\netcoreapp3.1\xUnitTestProject.dll" adapterTypeName="executor://xunit/VsTestRunner2/netcoreapp" className="xUnitTestProject.CurrencyHelperTests" name="FormatToStringTest1000" />
    </UnitTest>
    <UnitTest name="xUnitTestProject.CurrencyHelperTests.FormatToStringTest1000(price: 13568.230982493717, expected: &quot;13568.23 zł&quot;)" storage="c:\projekty\xunittestproject\bin\debug\netcoreapp3.1\xunittestproject.dll" id="ef2c65b8-081e-e356-813a-949f0831c7f0">
      <Execution id="6c64a70d-f055-488e-b88a-de44208807b7" />
      <TestMethod codeBase="C:\Projekty\xUnitTestProject\bin\Debug\netcoreapp3.1\xUnitTestProject.dll" adapterTypeName="executor://xunit/VsTestRunner2/netcoreapp" className="xUnitTestProject.CurrencyHelperTests" name="FormatToStringTest1000" />
    </UnitTest>
    <UnitTest name="xUnitTestProject.CurrencyHelperTests.FormatToStringTest1000(price: 3431.864349926759, expected: &quot;3431.86 zł&quot;)" storage="c:\projekty\xunittestproject\bin\debug\netcoreapp3.1\xunittestproject.dll" id="dd6f82bf-ec98-4f3e-74b1-00844a5994bf">
      <Execution id="2307faa9-d304-4666-ad9f-29ec8097df04" />
      <TestMethod codeBase="C:\Projekty\xUnitTestProject\bin\Debug\netcoreapp3.1\xUnitTestProject.dll" adapterTypeName="executor://xunit/VsTestRunner2/netcoreapp" className="xUnitTestProject.CurrencyHelperTests" name="FormatToStringTest1000" />
    </UnitTest>
    <UnitTest name="xUnitTestProject.CurrencyHelperTests.FormatToStringTest1000(price: 11912.404131636213, expected: &quot;11912.40 zł&quot;)" storage="c:\projekty\xunittestproject\bin\debug\netcoreapp3.1\xunittestproject.dll" id="f80009c9-805e-194a-5298-bf93d54f39d7">
      <Execution id="76858aea-a95e-45ce-b179-522af205c12a" />
      <TestMethod codeBase="C:\Projekty\xUnitTestProject\bin\Debug\netcoreapp3.1\xUnitTestProject.dll" adapterTypeName="executor://xunit/VsTestRunner2/netcoreapp" className="xUnitTestProject.CurrencyHelperTests" name="FormatToStringTest1000" />
    </UnitTest>
    <UnitTest name="xUnitTestProject.CurrencyHelperTests.FormatToStringTest1000(price: 6890.028458985514, expected: &quot;6890.03 zł&quot;)" storage="c:\projekty\xunittestproject\bin\debug\netcoreapp3.1\xunittestproject.dll" id="567ca57c-5cc0-0e6c-fd41-e20b10f40469">
      <Execution id="9d2709b2-27d1-46b5-828a-ff660a53b472" />
      <TestMethod codeBase="C:\Projekty\xUnitTestProject\bin\Debug\netcoreapp3.1\xUnitTestProject.dll" adapterTypeName="executor://xunit/VsTestRunner2/netcoreapp" className="xUnitTestProject.CurrencyHelperTests" name="FormatToStringTest1000" />
    </UnitTest>
    <UnitTest name="xUnitTestProject.CurrencyHelperTests.FormatToStringTest1000(price: 19463.08761954917, expected: &quot;19463.09 zł&quot;)" storage="c:\projekty\xunittestproject\bin\debug\netcoreapp3.1\xunittestproject.dll" id="38ee170e-2136-8164-8076-d7d266da6388">
      <Execution id="6e2f34b2-37aa-4fec-874a-f42de31ee79b" />
      <TestMethod codeBase="C:\Projekty\xUnitTestProject\bin\Debug\netcoreapp3.1\xUnitTestProject.dll" adapterTypeName="executor://xunit/VsTestRunner2/netcoreapp" className="xUnitTestProject.CurrencyHelperTests" name="FormatToStringTest1000" />
    </UnitTest>
    <UnitTest name="xUnitTestProject.CurrencyHelperTests.FormatToStringTest1000(price: 7377.5644264340235, expected: &quot;7377.56 zł&quot;)" storage="c:\projekty\xunittestproject\bin\debug\netcoreapp3.1\xunittestproject.dll" id="46947d50-5e18-dad2-e4a8-b6d0819ae97c">
      <Execution id="c12a26ee-c836-4af8-a314-c14dd5b1a522" />
      <TestMethod codeBase="C:\Projekty\xUnitTestProject\bin\Debug\netcoreapp3.1\xUnitTestProject.dll" adapterTypeName="executor://xunit/VsTestRunner2/netcoreapp" className="xUnitTestProject.CurrencyHelperTests" name="FormatToStringTest1000" />
    </UnitTest>
    <UnitTest name="xUnitTestProject.CurrencyHelperTests.FormatToStringTest1000(price: 7621.507806692509, expected: &quot;7621.51 zł&quot;)" storage="c:\projekty\xunittestproject\bin\debug\netcoreapp3.1\xunittestproject.dll" id="612eaa65-a60d-5727-69a2-576580c27858">
      <Execution id="d7cefaaa-d39a-415d-bf60-750ae32bd25f" />
      <TestMethod codeBase="C:\Projekty\xUnitTestProject\bin\Debug\netcoreapp3.1\xUnitTestProject.dll" adapterTypeName="executor://xunit/VsTestRunner2/netcoreapp" className="xUnitTestProject.CurrencyHelperTests" name="FormatToStringTest1000" />
    </UnitTest>
    <UnitTest name="xUnitTestProject.CurrencyHelperTests.FormatToStringTest1000(price: 7715.904444139406, expected: &quot;7715.90 zł&quot;)" storage="c:\projekty\xunittestproject\bin\debug\netcoreapp3.1\xunittestproject.dll" id="82cc450a-0e9d-45d3-9478-f947af9d278f">
      <Execution id="b67932c9-aa17-4ace-8eb4-84192b0b00c7" />
      <TestMethod codeBase="C:\Projekty\xUnitTestProject\bin\Debug\netcoreapp3.1\xUnitTestProject.dll" adapterTypeName="executor://xunit/VsTestRunner2/netcoreapp" className="xUnitTestProject.CurrencyHelperTests" name="FormatToStringTest1000" />
    </UnitTest>
    <UnitTest name="xUnitTestProject.CurrencyHelperTests.FormatToStringTest1000(price: 13046.352146307172, expected: &quot;13046.35 zł&quot;)" storage="c:\projekty\xunittestproject\bin\debug\netcoreapp3.1\xunittestproject.dll" id="13dfd982-ae8a-b137-0e11-07b0f29632c1">
      <Execution id="050e5b67-6cc9-49f6-9ee9-dcaf1277318e" />
      <TestMethod codeBase="C:\Projekty\xUnitTestProject\bin\Debug\netcoreapp3.1\xUnitTestProject.dll" adapterTypeName="executor://xunit/VsTestRunner2/netcoreapp" className="xUnitTestProject.CurrencyHelperTests" name="FormatToStringTest1000" />
    </UnitTest>
    <UnitTest name="xUnitTestProject.CurrencyHelperTests.FormatToStringTest1000(price: 20527.270339210645, expected: &quot;20527.27 zł&quot;)" storage="c:\projekty\xunittestproject\bin\debug\netcoreapp3.1\xunittestproject.dll" id="b828fc0d-bf07-676e-b8c0-6e0aa44c3171">
      <Execution id="6d549f26-bd57-4aeb-b444-1f788c86d32c" />
      <TestMethod codeBase="C:\Projekty\xUnitTestProject\bin\Debug\netcoreapp3.1\xUnitTestProject.dll" adapterTypeName="executor://xunit/VsTestRunner2/netcoreapp" className="xUnitTestProject.CurrencyHelperTests" name="FormatToStringTest1000" />
    </UnitTest>
    <UnitTest name="xUnitTestProject.CurrencyHelperTests.FormatToStringTest1000(price: 16571.355536101553, expected: &quot;16571.36 zł&quot;)" storage="c:\projekty\xunittestproject\bin\debug\netcoreapp3.1\xunittestproject.dll" id="31031da7-a7ef-21d8-df85-bc08b8725f11">
      <Execution id="3bee8def-460a-4545-ae98-2476393bca6b" />
      <TestMethod codeBase="C:\Projekty\xUnitTestProject\bin\Debug\netcoreapp3.1\xUnitTestProject.dll" adapterTypeName="executor://xunit/VsTestRunner2/netcoreapp" className="xUnitTestProject.CurrencyHelperTests" name="FormatToStringTest1000" />
    </UnitTest>
    <UnitTest name="xUnitTestProject.CurrencyHelperTests.FormatToStringTest1000(price: 66945.02904917022, expected: &quot;66945.03 zł&quot;)" storage="c:\projekty\xunittestproject\bin\debug\netcoreapp3.1\xunittestproject.dll" id="028a745a-d396-f185-341f-56b2c46b3ca2">
      <Execution id="625f4108-9d23-46d9-9b47-d463966bd4ca" />
      <TestMethod codeBase="C:\Projekty\xUnitTestProject\bin\Debug\netcoreapp3.1\xUnitTestProject.dll" adapterTypeName="executor://xunit/VsTestRunner2/netcoreapp" className="xUnitTestProject.CurrencyHelperTests" name="FormatToStringTest1000" />
    </UnitTest>
    <UnitTest name="xUnitTestProject.CurrencyHelperTests.FormatToStringTest1000(price: 13337.80490493486, expected: &quot;13337.80 zł&quot;)" storage="c:\projekty\xunittestproject\bin\debug\netcoreapp3.1\xunittestproject.dll" id="aef73524-5efd-2ad9-76a4-22b643281e1e">
      <Execution id="eafd8f6e-194d-4b00-85bd-f32a18b913d7" />
      <TestMethod codeBase="C:\Projekty\xUnitTestProject\bin\Debug\netcoreapp3.1\xUnitTestProject.dll" adapterTypeName="executor://xunit/VsTestRunner2/netcoreapp" className="xUnitTestProject.CurrencyHelperTests" name="FormatToStringTest1000" />
    </UnitTest>
    <UnitTest name="xUnitTestProject.CurrencyHelperTests.FormatToStringTest1000(price: 40556.73452524362, expected: &quot;40556.73 zł&quot;)" storage="c:\projekty\xunittestproject\bin\debug\netcoreapp3.1\xunittestproject.dll" id="f0e62743-f005-ab34-4606-22275729a052">
      <Execution id="bac488e8-10e2-43b7-be06-9ef521a1b1e4" />
      <TestMethod codeBase="C:\Projekty\xUnitTestProject\bin\Debug\netcoreapp3.1\xUnitTestProject.dll" adapterTypeName="executor://xunit/VsTestRunner2/netcoreapp" className="xUnitTestProject.CurrencyHelperTests" name="FormatToStringTest1000" />
    </UnitTest>
    <UnitTest name="xUnitTestProject.CurrencyHelperTests.FormatToStringTest1000(price: 14218.204344010543, expected: &quot;14218.20 zł&quot;)" storage="c:\projekty\xunittestproject\bin\debug\netcoreapp3.1\xunittestproject.dll" id="37d09489-36bf-8c23-e75f-f494d92ed465">
      <Execution id="7a6e5cd1-3f87-43c9-924b-a6a085e383ef" />
      <TestMethod codeBase="C:\Projekty\xUnitTestProject\bin\Debug\netcoreapp3.1\xUnitTestProject.dll" adapterTypeName="executor://xunit/VsTestRunner2/netcoreapp" className="xUnitTestProject.CurrencyHelperTests" name="FormatToStringTest1000" />
    </UnitTest>
    <UnitTest name="xUnitTestProject.CurrencyHelperTests.FormatToStringTest1000(price: 867.5236648356187, expected: &quot;867.52 zł&quot;)" storage="c:\projekty\xunittestproject\bin\debug\netcoreapp3.1\xunittestproject.dll" id="ed116d32-6ba7-9bd1-6680-6c13ee07292b">
      <Execution id="0bdf8527-3916-4010-829e-c3006e6df86f" />
      <TestMethod codeBase="C:\Projekty\xUnitTestProject\bin\Debug\netcoreapp3.1\xUnitTestProject.dll" adapterTypeName="executor://xunit/VsTestRunner2/netcoreapp" className="xUnitTestProject.CurrencyHelperTests" name="FormatToStringTest1000" />
    </UnitTest>
    <UnitTest name="xUnitTestProject.CurrencyHelperTests.FormatToStringTest1000(price: 6213.265206352466, expected: &quot;6213.27 zł&quot;)" storage="c:\projekty\xunittestproject\bin\debug\netcoreapp3.1\xunittestproject.dll" id="37e53818-7fa5-17d7-012c-004f89325673">
      <Execution id="653f9207-0e4e-4b04-818b-31ae217d490c" />
      <TestMethod codeBase="C:\Projekty\xUnitTestProject\bin\Debug\netcoreapp3.1\xUnitTestProject.dll" adapterTypeName="executor://xunit/VsTestRunner2/netcoreapp" className="xUnitTestProject.CurrencyHelperTests" name="FormatToStringTest1000" />
    </UnitTest>
    <UnitTest name="xUnitTestProject.CurrencyHelperTests.FormatToStringTest1000(price: 7669.3855620214645, expected: &quot;7669.39 zł&quot;)" storage="c:\projekty\xunittestproject\bin\debug\netcoreapp3.1\xunittestproject.dll" id="1a44af6f-888e-1f8e-a00f-e2d743b26f12">
      <Execution id="684ca0a9-c37d-4488-b190-4645d0a50748" />
      <TestMethod codeBase="C:\Projekty\xUnitTestProject\bin\Debug\netcoreapp3.1\xUnitTestProject.dll" adapterTypeName="executor://xunit/VsTestRunner2/netcoreapp" className="xUnitTestProject.CurrencyHelperTests" name="FormatToStringTest1000" />
    </UnitTest>
    <UnitTest name="xUnitTestProject.CurrencyHelperTests.FormatToStringTest1000(price: 16427.591943671738, expected: &quot;16427.59 zł&quot;)" storage="c:\projekty\xunittestproject\bin\debug\netcoreapp3.1\xunittestproject.dll" id="3bcce3ce-1e1f-b2cb-aecb-f9baaad49b40">
      <Execution id="a86c1178-5537-42f6-99f5-70a9939c87f4" />
      <TestMethod codeBase="C:\Projekty\xUnitTestProject\bin\Debug\netcoreapp3.1\xUnitTestProject.dll" adapterTypeName="executor://xunit/VsTestRunner2/netcoreapp" className="xUnitTestProject.CurrencyHelperTests" name="FormatToStringTest1000" />
    </UnitTest>
    <UnitTest name="xUnitTestProject.CurrencyHelperTests.FormatToStringTest1000(price: 635.3263313632116, expected: &quot;635.33 zł&quot;)" storage="c:\projekty\xunittestproject\bin\debug\netcoreapp3.1\xunittestproject.dll" id="a9271829-fbf1-47a3-aed7-368db58e22e7">
      <Execution id="a874d7ed-7e69-4964-a21b-dfdca60f4617" />
      <TestMethod codeBase="C:\Projekty\xUnitTestProject\bin\Debug\netcoreapp3.1\xUnitTestProject.dll" adapterTypeName="executor://xunit/VsTestRunner2/netcoreapp" className="xUnitTestProject.CurrencyHelperTests" name="FormatToStringTest1000" />
    </UnitTest>
    <UnitTest name="xUnitTestProject.CurrencyHelperTests.FormatToStringTest1000(price: 90187.4082624374, expected: &quot;90187.41 zł&quot;)" storage="c:\projekty\xunittestproject\bin\debug\netcoreapp3.1\xunittestproject.dll" id="4f50c537-4ed4-21bc-0ecd-39e74b29d0e7">
      <Execution id="dda70e34-8528-40be-b5df-22cc4f9da975" />
      <TestMethod codeBase="C:\Projekty\xUnitTestProject\bin\Debug\netcoreapp3.1\xUnitTestProject.dll" adapterTypeName="executor://xunit/VsTestRunner2/netcoreapp" className="xUnitTestProject.CurrencyHelperTests" name="FormatToStringTest1000" />
    </UnitTest>
    <UnitTest name="xUnitTestProject.CurrencyHelperTests.FormatToStringTest1000(price: 30578.687538491416, expected: &quot;30578.69 zł&quot;)" storage="c:\projekty\xunittestproject\bin\debug\netcoreapp3.1\xunittestproject.dll" id="04661d81-bbef-c82f-71cf-dda291897ead">
      <Execution id="d4cf5d59-c0be-46b5-b2ed-d8bf3ca99bdd" />
      <TestMethod codeBase="C:\Projekty\xUnitTestProject\bin\Debug\netcoreapp3.1\xUnitTestProject.dll" adapterTypeName="executor://xunit/VsTestRunner2/netcoreapp" className="xUnitTestProject.CurrencyHelperTests" name="FormatToStringTest1000" />
    </UnitTest>
    <UnitTest name="xUnitTestProject.CurrencyHelperTests.FormatToStringTest1000(price: 1821.7083499085663, expected: &quot;1821.71 zł&quot;)" storage="c:\projekty\xunittestproject\bin\debug\netcoreapp3.1\xunittestproject.dll" id="a5c380fd-7aff-7b69-c8d6-5989b9e204c5">
      <Execution id="e9bd31ad-7129-4401-bca3-33f57c2c5393" />
      <TestMethod codeBase="C:\Projekty\xUnitTestProject\bin\Debug\netcoreapp3.1\xUnitTestProject.dll" adapterTypeName="executor://xunit/VsTestRunner2/netcoreapp" className="xUnitTestProject.CurrencyHelperTests" name="FormatToStringTest1000" />
    </UnitTest>
    <UnitTest name="xUnitTestProject.CurrencyHelperTests.FormatToStringTest1000(price: 317.9090540706688, expected: &quot;317.91 zł&quot;)" storage="c:\projekty\xunittestproject\bin\debug\netcoreapp3.1\xunittestproject.dll" id="996b214e-32e4-5376-d989-b4bc865084fe">
      <Execution id="2fe8de38-4928-4365-a5de-3fb32be0871f" />
      <TestMethod codeBase="C:\Projekty\xUnitTestProject\bin\Debug\netcoreapp3.1\xUnitTestProject.dll" adapterTypeName="executor://xunit/VsTestRunner2/netcoreapp" className="xUnitTestProject.CurrencyHelperTests" name="FormatToStringTest1000" />
    </UnitTest>
    <UnitTest name="xUnitTestProject.CurrencyHelperTests.FormatToStringTest1000(price: 28072.424637532058, expected: &quot;28072.42 zł&quot;)" storage="c:\projekty\xunittestproject\bin\debug\netcoreapp3.1\xunittestproject.dll" id="bb2394ba-110a-90c0-2182-1e3775f73d05">
      <Execution id="f57bcffa-cb3a-4ab4-abea-e4315b99eb6f" />
      <TestMethod codeBase="C:\Projekty\xUnitTestProject\bin\Debug\netcoreapp3.1\xUnitTestProject.dll" adapterTypeName="executor://xunit/VsTestRunner2/netcoreapp" className="xUnitTestProject.CurrencyHelperTests" name="FormatToStringTest1000" />
    </UnitTest>
    <UnitTest name="xUnitTestProject.CurrencyHelperTests.FormatToStringTest1000(price: 2718.1767171650085, expected: &quot;2718.18 zł&quot;)" storage="c:\projekty\xunittestproject\bin\debug\netcoreapp3.1\xunittestproject.dll" id="fc18dbb3-2c7f-eef4-d751-3ff8a18e5fdc">
      <Execution id="5a1b5d35-4696-4b45-93ca-777ee8d7e719" />
      <TestMethod codeBase="C:\Projekty\xUnitTestProject\bin\Debug\netcoreapp3.1\xUnitTestProject.dll" adapterTypeName="executor://xunit/VsTestRunner2/netcoreapp" className="xUnitTestProject.CurrencyHelperTests" name="FormatToStringTest1000" />
    </UnitTest>
    <UnitTest name="xUnitTestProject.CurrencyHelperTests.FormatToStringTest1000(price: 1884.4923513031063, expected: &quot;1884.49 zł&quot;)" storage="c:\projekty\xunittestproject\bin\debug\netcoreapp3.1\xunittestproject.dll" id="5df2cee8-1205-20ca-1995-6e5120b53d1e">
      <Execution id="47eb4147-2e4d-4f86-80e8-74dc824f7511" />
      <TestMethod codeBase="C:\Projekty\xUnitTestProject\bin\Debug\netcoreapp3.1\xUnitTestProject.dll" adapterTypeName="executor://xunit/VsTestRunner2/netcoreapp" className="xUnitTestProject.CurrencyHelperTests" name="FormatToStringTest1000" />
    </UnitTest>
    <UnitTest name="xUnitTestProject.CurrencyHelperTests.FormatToStringTest1000(price: 2897.9775426620513, expected: &quot;2897.98 zł&quot;)" storage="c:\projekty\xunittestproject\bin\debug\netcoreapp3.1\xunittestproject.dll" id="edd98930-a456-c16e-31c0-f98ab53f4169">
      <Execution id="fdc37cc0-ed9e-44b3-93d5-fa9ae5e1d0f4" />
      <TestMethod codeBase="C:\Projekty\xUnitTestProject\bin\Debug\netcoreapp3.1\xUnitTestProject.dll" adapterTypeName="executor://xunit/VsTestRunner2/netcoreapp" className="xUnitTestProject.CurrencyHelperTests" name="FormatToStringTest1000" />
    </UnitTest>
    <UnitTest name="xUnitTestProject.CurrencyHelperTests.FormatToStringTest1000(price: 14017.699524653006, expected: &quot;14017.70 zł&quot;)" storage="c:\projekty\xunittestproject\bin\debug\netcoreapp3.1\xunittestproject.dll" id="24bb58fc-f26e-f596-3b94-0fe50e90026c">
      <Execution id="1e2d688f-6280-41c6-a0cf-e5a7523f9fd0" />
      <TestMethod codeBase="C:\Projekty\xUnitTestProject\bin\Debug\netcoreapp3.1\xUnitTestProject.dll" adapterTypeName="executor://xunit/VsTestRunner2/netcoreapp" className="xUnitTestProject.CurrencyHelperTests" name="FormatToStringTest1000" />
    </UnitTest>
    <UnitTest name="xUnitTestProject.CurrencyHelperTests.FormatToStringTest1000(price: 21785.42157155528, expected: &quot;21785.42 zł&quot;)" storage="c:\projekty\xunittestproject\bin\debug\netcoreapp3.1\xunittestproject.dll" id="6205fc96-eb71-1460-755c-461fb37bb024">
      <Execution id="454ab823-a2c5-469b-9c67-53f25584910e" />
      <TestMethod codeBase="C:\Projekty\xUnitTestProject\bin\Debug\netcoreapp3.1\xUnitTestProject.dll" adapterTypeName="executor://xunit/VsTestRunner2/netcoreapp" className="xUnitTestProject.CurrencyHelperTests" name="FormatToStringTest1000" />
    </UnitTest>
    <UnitTest name="xUnitTestProject.CurrencyHelperTests.FormatToStringTest1000(price: 88616.03808168416, expected: &quot;88616.04 zł&quot;)" storage="c:\projekty\xunittestproject\bin\debug\netcoreapp3.1\xunittestproject.dll" id="908bbb79-500c-f673-c8f4-2e8bf73bce40">
      <Execution id="d1724fce-03ee-493b-a22b-271395519314" />
      <TestMethod codeBase="C:\Projekty\xUnitTestProject\bin\Debug\netcoreapp3.1\xUnitTestProject.dll" adapterTypeName="executor://xunit/VsTestRunner2/netcoreapp" className="xUnitTestProject.CurrencyHelperTests" name="FormatToStringTest1000" />
    </UnitTest>
    <UnitTest name="xUnitTestProject.CurrencyHelperTests.FormatToStringTest1000(price: 12379.347974640013, expected: &quot;12379.35 zł&quot;)" storage="c:\projekty\xunittestproject\bin\debug\netcoreapp3.1\xunittestproject.dll" id="b2d498a1-af9b-33b8-aa18-e8644e9da7f1">
      <Execution id="5658556e-fb1e-4d49-a7ad-764c2af0db05" />
      <TestMethod codeBase="C:\Projekty\xUnitTestProject\bin\Debug\netcoreapp3.1\xUnitTestProject.dll" adapterTypeName="executor://xunit/VsTestRunner2/netcoreapp" className="xUnitTestProject.CurrencyHelperTests" name="FormatToStringTest1000" />
    </UnitTest>
    <UnitTest name="xUnitTestProject.CurrencyHelperTests.FormatToStringTest1000(price: 14475.498583194567, expected: &quot;14475.50 zł&quot;)" storage="c:\projekty\xunittestproject\bin\debug\netcoreapp3.1\xunittestproject.dll" id="be9ca199-100c-7487-211b-359c6f85feb5">
      <Execution id="dd75ff28-0e1c-4a78-ae68-e889def093f1" />
      <TestMethod codeBase="C:\Projekty\xUnitTestProject\bin\Debug\netcoreapp3.1\xUnitTestProject.dll" adapterTypeName="executor://xunit/VsTestRunner2/netcoreapp" className="xUnitTestProject.CurrencyHelperTests" name="FormatToStringTest1000" />
    </UnitTest>
    <UnitTest name="xUnitTestProject.CurrencyHelperTests.FormatToStringTest1000(price: 1313.0279238368514, expected: &quot;1313.03 zł&quot;)" storage="c:\projekty\xunittestproject\bin\debug\netcoreapp3.1\xunittestproject.dll" id="71aa02e1-e075-142b-97e5-961b91ee4f3d">
      <Execution id="d3917400-d80b-4a8a-b7ce-3fbfffc96581" />
      <TestMethod codeBase="C:\Projekty\xUnitTestProject\bin\Debug\netcoreapp3.1\xUnitTestProject.dll" adapterTypeName="executor://xunit/VsTestRunner2/netcoreapp" className="xUnitTestProject.CurrencyHelperTests" name="FormatToStringTest1000" />
    </UnitTest>
    <UnitTest name="xUnitTestProject.CurrencyHelperTests.FormatToStringTest1000(price: 14003.84591249742, expected: &quot;14003.85 zł&quot;)" storage="c:\projekty\xunittestproject\bin\debug\netcoreapp3.1\xunittestproject.dll" id="33f34022-0429-d841-2008-e35fc72eef53">
      <Execution id="5a72f408-0318-49a4-bc12-a045a09a0759" />
      <TestMethod codeBase="C:\Projekty\xUnitTestProject\bin\Debug\netcoreapp3.1\xUnitTestProject.dll" adapterTypeName="executor://xunit/VsTestRunner2/netcoreapp" className="xUnitTestProject.CurrencyHelperTests" name="FormatToStringTest1000" />
    </UnitTest>
    <UnitTest name="xUnitTestProject.CurrencyHelperTests.FormatToStringTest1000(price: 6313.543884690639, expected: &quot;6313.54 zł&quot;)" storage="c:\projekty\xunittestproject\bin\debug\netcoreapp3.1\xunittestproject.dll" id="19a6af43-eb02-cc32-570b-ae7c8852f08e">
      <Execution id="ace2c002-2e5a-4654-9be9-4ccd25e80858" />
      <TestMethod codeBase="C:\Projekty\xUnitTestProject\bin\Debug\netcoreapp3.1\xUnitTestProject.dll" adapterTypeName="executor://xunit/VsTestRunner2/netcoreapp" className="xUnitTestProject.CurrencyHelperTests" name="FormatToStringTest1000" />
    </UnitTest>
    <UnitTest name="xUnitTestProject.CurrencyHelperTests.FormatToStringTest1000(price: 46590.9609819562, expected: &quot;46590.96 zł&quot;)" storage="c:\projekty\xunittestproject\bin\debug\netcoreapp3.1\xunittestproject.dll" id="11e8e2ed-c8a3-dabc-7293-c381795c9796">
      <Execution id="70c1ac1b-6f48-4821-a1d5-9b8e7cfa9d75" />
      <TestMethod codeBase="C:\Projekty\xUnitTestProject\bin\Debug\netcoreapp3.1\xUnitTestProject.dll" adapterTypeName="executor://xunit/VsTestRunner2/netcoreapp" className="xUnitTestProject.CurrencyHelperTests" name="FormatToStringTest1000" />
    </UnitTest>
    <UnitTest name="xUnitTestProject.CurrencyHelperTests.FormatToStringTest1000(price: 18794.859523484418, expected: &quot;18794.86 zł&quot;)" storage="c:\projekty\xunittestproject\bin\debug\netcoreapp3.1\xunittestproject.dll" id="f5820c79-9491-c601-5f6f-2c9537d33353">
      <Execution id="762ef0f8-8e76-4e83-be79-b4e23105bdc8" />
      <TestMethod codeBase="C:\Projekty\xUnitTestProject\bin\Debug\netcoreapp3.1\xUnitTestProject.dll" adapterTypeName="executor://xunit/VsTestRunner2/netcoreapp" className="xUnitTestProject.CurrencyHelperTests" name="FormatToStringTest1000" />
    </UnitTest>
    <UnitTest name="xUnitTestProject.CurrencyHelperTests.FormatToStringTest1000(price: 1514.6266382441981, expected: &quot;1514.63 zł&quot;)" storage="c:\projekty\xunittestproject\bin\debug\netcoreapp3.1\xunittestproject.dll" id="d5ee81d6-78bc-115b-efec-5de38db0e38b">
      <Execution id="19e16c3f-1f46-48b6-babd-be55218b2387" />
      <TestMethod codeBase="C:\Projekty\xUnitTestProject\bin\Debug\netcoreapp3.1\xUnitTestProject.dll" adapterTypeName="executor://xunit/VsTestRunner2/netcoreapp" className="xUnitTestProject.CurrencyHelperTests" name="FormatToStringTest1000" />
    </UnitTest>
    <UnitTest name="xUnitTestProject.CurrencyHelperTests.FormatToStringTest1000(price: 18596.12661189033, expected: &quot;18596.13 zł&quot;)" storage="c:\projekty\xunittestproject\bin\debug\netcoreapp3.1\xunittestproject.dll" id="5e1c3933-e4f7-a4af-71e7-871c86d36adf">
      <Execution id="5e53ef40-66d9-4682-94af-5ea9bfaf6e6e" />
      <TestMethod codeBase="C:\Projekty\xUnitTestProject\bin\Debug\netcoreapp3.1\xUnitTestProject.dll" adapterTypeName="executor://xunit/VsTestRunner2/netcoreapp" className="xUnitTestProject.CurrencyHelperTests" name="FormatToStringTest1000" />
    </UnitTest>
    <UnitTest name="xUnitTestProject.CurrencyHelperTests.FormatToStringTest1000(price: 50009.23881716898, expected: &quot;50009.24 zł&quot;)" storage="c:\projekty\xunittestproject\bin\debug\netcoreapp3.1\xunittestproject.dll" id="c6561a8d-8639-fb30-9500-15f8be316902">
      <Execution id="a618a06b-a52e-46b4-a221-74d146522dce" />
      <TestMethod codeBase="C:\Projekty\xUnitTestProject\bin\Debug\netcoreapp3.1\xUnitTestProject.dll" adapterTypeName="executor://xunit/VsTestRunner2/netcoreapp" className="xUnitTestProject.CurrencyHelperTests" name="FormatToStringTest1000" />
    </UnitTest>
    <UnitTest name="xUnitTestProject.CurrencyHelperTests.FormatToStringTest1000(price: 25990.318498101697, expected: &quot;25990.32 zł&quot;)" storage="c:\projekty\xunittestproject\bin\debug\netcoreapp3.1\xunittestproject.dll" id="384612ec-11e1-c891-3d7e-9db254e6a2b4">
      <Execution id="39082728-8bdc-4fe1-8cbd-fd321ebfda5d" />
      <TestMethod codeBase="C:\Projekty\xUnitTestProject\bin\Debug\netcoreapp3.1\xUnitTestProject.dll" adapterTypeName="executor://xunit/VsTestRunner2/netcoreapp" className="xUnitTestProject.CurrencyHelperTests" name="FormatToStringTest1000" />
    </UnitTest>
    <UnitTest name="xUnitTestProject.CurrencyHelperTests.FormatToStringTest1000(price: 31391.358864880804, expected: &quot;31391.36 zł&quot;)" storage="c:\projekty\xunittestproject\bin\debug\netcoreapp3.1\xunittestproject.dll" id="64486b5c-a699-4a15-d908-73d103db26bc">
      <Execution id="d0b79597-8ce7-47f4-af42-b153434bc3b4" />
      <TestMethod codeBase="C:\Projekty\xUnitTestProject\bin\Debug\netcoreapp3.1\xUnitTestProject.dll" adapterTypeName="executor://xunit/VsTestRunner2/netcoreapp" className="xUnitTestProject.CurrencyHelperTests" name="FormatToStringTest1000" />
    </UnitTest>
    <UnitTest name="xUnitTestProject.CurrencyHelperTests.FormatToStringTest1000(price: 19435.417227184127, expected: &quot;19435.42 zł&quot;)" storage="c:\projekty\xunittestproject\bin\debug\netcoreapp3.1\xunittestproject.dll" id="1fffb893-3987-58da-ed03-e4f32e271dc9">
      <Execution id="f75d2ac9-a85b-421e-9701-0d5833040ad6" />
      <TestMethod codeBase="C:\Projekty\xUnitTestProject\bin\Debug\netcoreapp3.1\xUnitTestProject.dll" adapterTypeName="executor://xunit/VsTestRunner2/netcoreapp" className="xUnitTestProject.CurrencyHelperTests" name="FormatToStringTest1000" />
    </UnitTest>
    <UnitTest name="xUnitTestProject.CurrencyHelperTests.FormatToStringTest1000(price: 3907.8681317963024, expected: &quot;3907.87 zł&quot;)" storage="c:\projekty\xunittestproject\bin\debug\netcoreapp3.1\xunittestproject.dll" id="b70675b1-ffbc-1a3f-030b-53fbcade7f2b">
      <Execution id="28585311-d7f9-4840-bc1d-b3ade9939171" />
      <TestMethod codeBase="C:\Projekty\xUnitTestProject\bin\Debug\netcoreapp3.1\xUnitTestProject.dll" adapterTypeName="executor://xunit/VsTestRunner2/netcoreapp" className="xUnitTestProject.CurrencyHelperTests" name="FormatToStringTest1000" />
    </UnitTest>
    <UnitTest name="xUnitTestProject.CurrencyHelperTests.FormatToStringTest1000(price: 26207.03715363659, expected: &quot;26207.04 zł&quot;)" storage="c:\projekty\xunittestproject\bin\debug\netcoreapp3.1\xunittestproject.dll" id="9f1933d5-ba32-f60d-5aa4-3e77602dd567">
      <Execution id="71f84854-fce7-4c52-a2a1-65771e26a988" />
      <TestMethod codeBase="C:\Projekty\xUnitTestProject\bin\Debug\netcoreapp3.1\xUnitTestProject.dll" adapterTypeName="executor://xunit/VsTestRunner2/netcoreapp" className="xUnitTestProject.CurrencyHelperTests" name="FormatToStringTest1000" />
    </UnitTest>
    <UnitTest name="xUnitTestProject.CurrencyHelperTests.FormatToStringTest1000(price: 17090.629587323234, expected: &quot;17090.63 zł&quot;)" storage="c:\projekty\xunittestproject\bin\debug\netcoreapp3.1\xunittestproject.dll" id="4f602daf-bb8d-fd94-ef0a-fd5eecda2ee6">
      <Execution id="6c7afcdb-225e-48fc-bb2f-1d6545c76cbf" />
      <TestMethod codeBase="C:\Projekty\xUnitTestProject\bin\Debug\netcoreapp3.1\xUnitTestProject.dll" adapterTypeName="executor://xunit/VsTestRunner2/netcoreapp" className="xUnitTestProject.CurrencyHelperTests" name="FormatToStringTest1000" />
    </UnitTest>
    <UnitTest name="xUnitTestProject.CurrencyHelperTests.FormatToStringTest1000(price: 79764.77845563217, expected: &quot;79764.78 zł&quot;)" storage="c:\projekty\xunittestproject\bin\debug\netcoreapp3.1\xunittestproject.dll" id="331cc2f7-a1fa-edcf-e9a4-854a4876fe8a">
      <Execution id="800887aa-7f0a-470e-ae16-403255572930" />
      <TestMethod codeBase="C:\Projekty\xUnitTestProject\bin\Debug\netcoreapp3.1\xUnitTestProject.dll" adapterTypeName="executor://xunit/VsTestRunner2/netcoreapp" className="xUnitTestProject.CurrencyHelperTests" name="FormatToStringTest1000" />
    </UnitTest>
    <UnitTest name="xUnitTestProject.CurrencyHelperTests.FormatToStringTest1000(price: 95353.10327693219, expected: &quot;95353.10 zł&quot;)" storage="c:\projekty\xunittestproject\bin\debug\netcoreapp3.1\xunittestproject.dll" id="e1d79475-a361-3073-e286-53d8423f4048">
      <Execution id="8c444147-ef8c-4be2-a144-4d0559482946" />
      <TestMethod codeBase="C:\Projekty\xUnitTestProject\bin\Debug\netcoreapp3.1\xUnitTestProject.dll" adapterTypeName="executor://xunit/VsTestRunner2/netcoreapp" className="xUnitTestProject.CurrencyHelperTests" name="FormatToStringTest1000" />
    </UnitTest>
    <UnitTest name="xUnitTestProject.CurrencyHelperTests.FormatToStringTest1000(price: 13206.129467931636, expected: &quot;13206.13 zł&quot;)" storage="c:\projekty\xunittestproject\bin\debug\netcoreapp3.1\xunittestproject.dll" id="37c7194c-1f0b-dee3-2e3b-dc795a15cffb">
      <Execution id="1219526b-4181-4f2a-9fec-0b4c14be1e16" />
      <TestMethod codeBase="C:\Projekty\xUnitTestProject\bin\Debug\netcoreapp3.1\xUnitTestProject.dll" adapterTypeName="executor://xunit/VsTestRunner2/netcoreapp" className="xUnitTestProject.CurrencyHelperTests" name="FormatToStringTest1000" />
    </UnitTest>
    <UnitTest name="xUnitTestProject.CurrencyHelperTests.FormatToStringTest1000(price: 10397.404523554447, expected: &quot;10397.40 zł&quot;)" storage="c:\projekty\xunittestproject\bin\debug\netcoreapp3.1\xunittestproject.dll" id="df98a0bb-288a-f0a3-8af8-186ed72a3b48">
      <Execution id="91e4eed9-3c44-4d10-8c49-7291644538fe" />
      <TestMethod codeBase="C:\Projekty\xUnitTestProject\bin\Debug\netcoreapp3.1\xUnitTestProject.dll" adapterTypeName="executor://xunit/VsTestRunner2/netcoreapp" className="xUnitTestProject.CurrencyHelperTests" name="FormatToStringTest1000" />
    </UnitTest>
    <UnitTest name="xUnitTestProject.CurrencyHelperTests.FormatToStringTest1000(price: 16383.352881839199, expected: &quot;16383.35 zł&quot;)" storage="c:\projekty\xunittestproject\bin\debug\netcoreapp3.1\xunittestproject.dll" id="df661f1a-369e-296a-5042-ab9651f93dce">
      <Execution id="30abf889-a9ae-4e3a-925a-4e7d1bc8d17a" />
      <TestMethod codeBase="C:\Projekty\xUnitTestProject\bin\Debug\netcoreapp3.1\xUnitTestProject.dll" adapterTypeName="executor://xunit/VsTestRunner2/netcoreapp" className="xUnitTestProject.CurrencyHelperTests" name="FormatToStringTest1000" />
    </UnitTest>
    <UnitTest name="xUnitTestProject.CurrencyHelperTests.FormatToStringTest1000(price: 42383.08993972982, expected: &quot;42383.09 zł&quot;)" storage="c:\projekty\xunittestproject\bin\debug\netcoreapp3.1\xunittestproject.dll" id="50bd341a-c773-af8f-d72d-637dadce7bec">
      <Execution id="4d2df563-4c50-49f6-840d-6015320fc3d5" />
      <TestMethod codeBase="C:\Projekty\xUnitTestProject\bin\Debug\netcoreapp3.1\xUnitTestProject.dll" adapterTypeName="executor://xunit/VsTestRunner2/netcoreapp" className="xUnitTestProject.CurrencyHelperTests" name="FormatToStringTest1000" />
    </UnitTest>
    <UnitTest name="xUnitTestProject.CurrencyHelperTests.FormatToStringTest1000(price: 12759.925747307914, expected: &quot;12759.93 zł&quot;)" storage="c:\projekty\xunittestproject\bin\debug\netcoreapp3.1\xunittestproject.dll" id="6cb3c27b-61db-68ea-03a1-16fad20636e6">
      <Execution id="a7c9035d-922d-48e1-9040-bc5112cdafc6" />
      <TestMethod codeBase="C:\Projekty\xUnitTestProject\bin\Debug\netcoreapp3.1\xUnitTestProject.dll" adapterTypeName="executor://xunit/VsTestRunner2/netcoreapp" className="xUnitTestProject.CurrencyHelperTests" name="FormatToStringTest1000" />
    </UnitTest>
    <UnitTest name="xUnitTestProject.CurrencyHelperTests.FormatToStringTest1000(price: 40268.121943438484, expected: &quot;40268.12 zł&quot;)" storage="c:\projekty\xunittestproject\bin\debug\netcoreapp3.1\xunittestproject.dll" id="4e78f25c-d355-e112-010c-d75e1dbe484f">
      <Execution id="6a9bf3f4-75b7-45eb-83f5-cd6612f5a742" />
      <TestMethod codeBase="C:\Projekty\xUnitTestProject\bin\Debug\netcoreapp3.1\xUnitTestProject.dll" adapterTypeName="executor://xunit/VsTestRunner2/netcoreapp" className="xUnitTestProject.CurrencyHelperTests" name="FormatToStringTest1000" />
    </UnitTest>
    <UnitTest name="xUnitTestProject.CurrencyHelperTests.FormatToStringTest1000(price: 12641.700665183225, expected: &quot;12641.70 zł&quot;)" storage="c:\projekty\xunittestproject\bin\debug\netcoreapp3.1\xunittestproject.dll" id="1eaafc3c-6374-0d37-e565-15fb470a9a01">
      <Execution id="60779897-a7b3-4c2f-a562-b4032a80edbc" />
      <TestMethod codeBase="C:\Projekty\xUnitTestProject\bin\Debug\netcoreapp3.1\xUnitTestProject.dll" adapterTypeName="executor://xunit/VsTestRunner2/netcoreapp" className="xUnitTestProject.CurrencyHelperTests" name="FormatToStringTest1000" />
    </UnitTest>
    <UnitTest name="xUnitTestProject.CurrencyHelperTests.FormatToStringTest1000(price: 1751.1734380625066, expected: &quot;1751.17 zł&quot;)" storage="c:\projekty\xunittestproject\bin\debug\netcoreapp3.1\xunittestproject.dll" id="f1ddd1cb-937b-c6a5-5626-287e7f18daa2">
      <Execution id="c2506c3d-bd82-4ace-8362-a2061fb3cced" />
      <TestMethod codeBase="C:\Projekty\xUnitTestProject\bin\Debug\netcoreapp3.1\xUnitTestProject.dll" adapterTypeName="executor://xunit/VsTestRunner2/netcoreapp" className="xUnitTestProject.CurrencyHelperTests" name="FormatToStringTest1000" />
    </UnitTest>
    <UnitTest name="xUnitTestProject.CurrencyHelperTests.FormatToStringTest1000(price: 20441.330495004695, expected: &quot;20441.33 zł&quot;)" storage="c:\projekty\xunittestproject\bin\debug\netcoreapp3.1\xunittestproject.dll" id="ebd1aa40-63da-115b-f2a9-d23a543d03a1">
      <Execution id="8a9f30cb-79fe-4e15-a335-23a763988d2e" />
      <TestMethod codeBase="C:\Projekty\xUnitTestProject\bin\Debug\netcoreapp3.1\xUnitTestProject.dll" adapterTypeName="executor://xunit/VsTestRunner2/netcoreapp" className="xUnitTestProject.CurrencyHelperTests" name="FormatToStringTest1000" />
    </UnitTest>
    <UnitTest name="xUnitTestProject.CurrencyHelperTests.FormatToStringTest1000(price: 468.83385119346616, expected: &quot;468.83 zł&quot;)" storage="c:\projekty\xunittestproject\bin\debug\netcoreapp3.1\xunittestproject.dll" id="e1f98d4b-b934-3301-b07c-a8722a8e1bf4">
      <Execution id="ab805513-3a0c-457a-829e-4751ad93bbe7" />
      <TestMethod codeBase="C:\Projekty\xUnitTestProject\bin\Debug\netcoreapp3.1\xUnitTestProject.dll" adapterTypeName="executor://xunit/VsTestRunner2/netcoreapp" className="xUnitTestProject.CurrencyHelperTests" name="FormatToStringTest1000" />
    </UnitTest>
    <UnitTest name="xUnitTestProject.CurrencyHelperTests.FormatToStringTest1000(price: 74514.06270644537, expected: &quot;74514.06 zł&quot;)" storage="c:\projekty\xunittestproject\bin\debug\netcoreapp3.1\xunittestproject.dll" id="6a68b288-e760-a42c-8c5a-4aafd65f28b7">
      <Execution id="75ae9c48-e126-4deb-bc20-b09d005486a4" />
      <TestMethod codeBase="C:\Projekty\xUnitTestProject\bin\Debug\netcoreapp3.1\xUnitTestProject.dll" adapterTypeName="executor://xunit/VsTestRunner2/netcoreapp" className="xUnitTestProject.CurrencyHelperTests" name="FormatToStringTest1000" />
    </UnitTest>
    <UnitTest name="xUnitTestProject.CurrencyHelperTests.FormatToStringTest1000(price: 21728.91641959963, expected: &quot;21728.92 zł&quot;)" storage="c:\projekty\xunittestproject\bin\debug\netcoreapp3.1\xunittestproject.dll" id="251bbc15-9ad4-e7e2-3a95-fab7be0e3e27">
      <Execution id="4dcfc334-ea7d-476a-a836-ee5c7004e049" />
      <TestMethod codeBase="C:\Projekty\xUnitTestProject\bin\Debug\netcoreapp3.1\xUnitTestProject.dll" adapterTypeName="executor://xunit/VsTestRunner2/netcoreapp" className="xUnitTestProject.CurrencyHelperTests" name="FormatToStringTest1000" />
    </UnitTest>
    <UnitTest name="xUnitTestProject.CurrencyHelperTests.FormatToStringTest1000(price: 47630.39193684067, expected: &quot;47630.39 zł&quot;)" storage="c:\projekty\xunittestproject\bin\debug\netcoreapp3.1\xunittestproject.dll" id="b260e8fd-b664-9d96-9944-4c7dd9ae1851">
      <Execution id="526d0814-13df-48a4-bcf6-8fa5b49e5feb" />
      <TestMethod codeBase="C:\Projekty\xUnitTestProject\bin\Debug\netcoreapp3.1\xUnitTestProject.dll" adapterTypeName="executor://xunit/VsTestRunner2/netcoreapp" className="xUnitTestProject.CurrencyHelperTests" name="FormatToStringTest1000" />
    </UnitTest>
    <UnitTest name="xUnitTestProject.CurrencyHelperTests.FormatToStringTest1000(price: 7193.552206002898, expected: &quot;7193.55 zł&quot;)" storage="c:\projekty\xunittestproject\bin\debug\netcoreapp3.1\xunittestproject.dll" id="9b79670a-4357-fb82-855b-9e335ddd3a09">
      <Execution id="b1163d99-5e4d-4524-a053-30541c47dd9c" />
      <TestMethod codeBase="C:\Projekty\xUnitTestProject\bin\Debug\netcoreapp3.1\xUnitTestProject.dll" adapterTypeName="executor://xunit/VsTestRunner2/netcoreapp" className="xUnitTestProject.CurrencyHelperTests" name="FormatToStringTest1000" />
    </UnitTest>
    <UnitTest name="xUnitTestProject.CurrencyHelperTests.FormatToStringTest1000(price: 4612.32080757633, expected: &quot;4612.32 zł&quot;)" storage="c:\projekty\xunittestproject\bin\debug\netcoreapp3.1\xunittestproject.dll" id="1847f09f-3a3a-e54a-437b-e06a692092b8">
      <Execution id="0b172cc2-3baf-4eea-be09-79baa8ddf3af" />
      <TestMethod codeBase="C:\Projekty\xUnitTestProject\bin\Debug\netcoreapp3.1\xUnitTestProject.dll" adapterTypeName="executor://xunit/VsTestRunner2/netcoreapp" className="xUnitTestProject.CurrencyHelperTests" name="FormatToStringTest1000" />
    </UnitTest>
    <UnitTest name="xUnitTestProject.CurrencyHelperTests.FormatToStringTest1000(price: 39314.52353688401, expected: &quot;39314.52 zł&quot;)" storage="c:\projekty\xunittestproject\bin\debug\netcoreapp3.1\xunittestproject.dll" id="45a5b31d-d8ee-81e0-0e1d-a198d7cba5b5">
      <Execution id="7fa942a6-af6d-4de6-9ec1-9496625e382c" />
      <TestMethod codeBase="C:\Projekty\xUnitTestProject\bin\Debug\netcoreapp3.1\xUnitTestProject.dll" adapterTypeName="executor://xunit/VsTestRunner2/netcoreapp" className="xUnitTestProject.CurrencyHelperTests" name="FormatToStringTest1000" />
    </UnitTest>
    <UnitTest name="xUnitTestProject.CurrencyHelperTests.FormatToStringTest1000(price: 17098.491445727876, expected: &quot;17098.49 zł&quot;)" storage="c:\projekty\xunittestproject\bin\debug\netcoreapp3.1\xunittestproject.dll" id="e8ec7e81-c75e-50ea-5d4f-c58eeb7d8270">
      <Execution id="b2976c9e-658e-4140-a7a4-bbbf4f9d090c" />
      <TestMethod codeBase="C:\Projekty\xUnitTestProject\bin\Debug\netcoreapp3.1\xUnitTestProject.dll" adapterTypeName="executor://xunit/VsTestRunner2/netcoreapp" className="xUnitTestProject.CurrencyHelperTests" name="FormatToStringTest1000" />
    </UnitTest>
    <UnitTest name="xUnitTestProject.CurrencyHelperTests.FormatToStringTest1000(price: 5254.6338787505565, expected: &quot;5254.63 zł&quot;)" storage="c:\projekty\xunittestproject\bin\debug\netcoreapp3.1\xunittestproject.dll" id="05428edc-24e9-331d-ccde-497be2e009d1">
      <Execution id="a2893174-bf7f-4bcd-ba7b-bef092a8ef95" />
      <TestMethod codeBase="C:\Projekty\xUnitTestProject\bin\Debug\netcoreapp3.1\xUnitTestProject.dll" adapterTypeName="executor://xunit/VsTestRunner2/netcoreapp" className="xUnitTestProject.CurrencyHelperTests" name="FormatToStringTest1000" />
    </UnitTest>
    <UnitTest name="xUnitTestProject.CurrencyHelperTests.FormatToStringTest1000(price: 10501.127379151585, expected: &quot;10501.13 zł&quot;)" storage="c:\projekty\xunittestproject\bin\debug\netcoreapp3.1\xunittestproject.dll" id="6aa06741-b93f-b24b-6ccf-f7d51617fc30">
      <Execution id="831278bd-4bd5-4bbc-85ab-a35aaf6d210d" />
      <TestMethod codeBase="C:\Projekty\xUnitTestProject\bin\Debug\netcoreapp3.1\xUnitTestProject.dll" adapterTypeName="executor://xunit/VsTestRunner2/netcoreapp" className="xUnitTestProject.CurrencyHelperTests" name="FormatToStringTest1000" />
    </UnitTest>
    <UnitTest name="xUnitTestProject.CurrencyHelperTests.FormatToStringTest1000(price: 33851.35523524618, expected: &quot;33851.36 zł&quot;)" storage="c:\projekty\xunittestproject\bin\debug\netcoreapp3.1\xunittestproject.dll" id="ca982acc-6d3c-04e3-1b49-3eea6c1f73fe">
      <Execution id="a1f6a4b6-68b4-4d00-8e39-6605c15def46" />
      <TestMethod codeBase="C:\Projekty\xUnitTestProject\bin\Debug\netcoreapp3.1\xUnitTestProject.dll" adapterTypeName="executor://xunit/VsTestRunner2/netcoreapp" className="xUnitTestProject.CurrencyHelperTests" name="FormatToStringTest1000" />
    </UnitTest>
    <UnitTest name="xUnitTestProject.CurrencyHelperTests.FormatToStringTest1000(price: 23789.556920184546, expected: &quot;23789.56 zł&quot;)" storage="c:\projekty\xunittestproject\bin\debug\netcoreapp3.1\xunittestproject.dll" id="d02dc591-3a84-d3ac-10be-a85efb2cb27c">
      <Execution id="e473a890-7f1e-4cb5-84ab-43dadc2a8b98" />
      <TestMethod codeBase="C:\Projekty\xUnitTestProject\bin\Debug\netcoreapp3.1\xUnitTestProject.dll" adapterTypeName="executor://xunit/VsTestRunner2/netcoreapp" className="xUnitTestProject.CurrencyHelperTests" name="FormatToStringTest1000" />
    </UnitTest>
    <UnitTest name="xUnitTestProject.CurrencyHelperTests.FormatToStringTest1000(price: 4025.728369236797, expected: &quot;4025.73 zł&quot;)" storage="c:\projekty\xunittestproject\bin\debug\netcoreapp3.1\xunittestproject.dll" id="a16b516f-2dd7-f0de-4b9f-39b505e3fb31">
      <Execution id="5275a663-bb63-4a38-94e7-75b1c075f56d" />
      <TestMethod codeBase="C:\Projekty\xUnitTestProject\bin\Debug\netcoreapp3.1\xUnitTestProject.dll" adapterTypeName="executor://xunit/VsTestRunner2/netcoreapp" className="xUnitTestProject.CurrencyHelperTests" name="FormatToStringTest1000" />
    </UnitTest>
    <UnitTest name="xUnitTestProject.CurrencyHelperTests.FormatToStringTest1000(price: 27893.312729890138, expected: &quot;27893.31 zł&quot;)" storage="c:\projekty\xunittestproject\bin\debug\netcoreapp3.1\xunittestproject.dll" id="fe39f516-26c8-b34c-d7c3-8fcbe7da1ba2">
      <Execution id="12558043-e14d-4b15-b1c2-2d28addbb7fc" />
      <TestMethod codeBase="C:\Projekty\xUnitTestProject\bin\Debug\netcoreapp3.1\xUnitTestProject.dll" adapterTypeName="executor://xunit/VsTestRunner2/netcoreapp" className="xUnitTestProject.CurrencyHelperTests" name="FormatToStringTest1000" />
    </UnitTest>
    <UnitTest name="xUnitTestProject.CurrencyHelperTests.FormatToStringTest1000(price: 3799.9216302064815, expected: &quot;3799.92 zł&quot;)" storage="c:\projekty\xunittestproject\bin\debug\netcoreapp3.1\xunittestproject.dll" id="9a37fdb2-9bc9-44c3-d032-3d58a5dce31d">
      <Execution id="1c9c21f2-4678-4985-aa2a-8741562ebf22" />
      <TestMethod codeBase="C:\Projekty\xUnitTestProject\bin\Debug\netcoreapp3.1\xUnitTestProject.dll" adapterTypeName="executor://xunit/VsTestRunner2/netcoreapp" className="xUnitTestProject.CurrencyHelperTests" name="FormatToStringTest1000" />
    </UnitTest>
    <UnitTest name="xUnitTestProject.CurrencyHelperTests.FormatToStringTest1000(price: 51503.82905738234, expected: &quot;51503.83 zł&quot;)" storage="c:\projekty\xunittestproject\bin\debug\netcoreapp3.1\xunittestproject.dll" id="f1679d4a-b856-7d51-628e-8f29c288c7ca">
      <Execution id="d15f9141-abe6-4cb7-a879-2d0946787f24" />
      <TestMethod codeBase="C:\Projekty\xUnitTestProject\bin\Debug\netcoreapp3.1\xUnitTestProject.dll" adapterTypeName="executor://xunit/VsTestRunner2/netcoreapp" className="xUnitTestProject.CurrencyHelperTests" name="FormatToStringTest1000" />
    </UnitTest>
    <UnitTest name="xUnitTestProject.CurrencyHelperTests.FormatToStringTest1000(price: 16673.5121774904, expected: &quot;16673.51 zł&quot;)" storage="c:\projekty\xunittestproject\bin\debug\netcoreapp3.1\xunittestproject.dll" id="12ac148d-b770-8a76-3e48-40788f60fbd2">
      <Execution id="213827cf-a604-4342-9baf-e5a0d89af010" />
      <TestMethod codeBase="C:\Projekty\xUnitTestProject\bin\Debug\netcoreapp3.1\xUnitTestProject.dll" adapterTypeName="executor://xunit/VsTestRunner2/netcoreapp" className="xUnitTestProject.CurrencyHelperTests" name="FormatToStringTest1000" />
    </UnitTest>
    <UnitTest name="xUnitTestProject.CurrencyHelperTests.FormatToStringTest1000(price: 13478.157112043891, expected: &quot;13478.16 zł&quot;)" storage="c:\projekty\xunittestproject\bin\debug\netcoreapp3.1\xunittestproject.dll" id="4e40923a-3f2f-ab14-66db-33f21753e6c1">
      <Execution id="308eeb6e-f449-4aaa-b1a4-e78560dd0317" />
      <TestMethod codeBase="C:\Projekty\xUnitTestProject\bin\Debug\netcoreapp3.1\xUnitTestProject.dll" adapterTypeName="executor://xunit/VsTestRunner2/netcoreapp" className="xUnitTestProject.CurrencyHelperTests" name="FormatToStringTest1000" />
    </UnitTest>
    <UnitTest name="xUnitTestProject.CurrencyHelperTests.FormatToStringTest1000(price: 18032.4720825476, expected: &quot;18032.47 zł&quot;)" storage="c:\projekty\xunittestproject\bin\debug\netcoreapp3.1\xunittestproject.dll" id="a711a8fd-55fb-fc36-f795-72cedac95d24">
      <Execution id="1dbc8331-ef7a-47e0-bb8f-b2c0eeda5d40" />
      <TestMethod codeBase="C:\Projekty\xUnitTestProject\bin\Debug\netcoreapp3.1\xUnitTestProject.dll" adapterTypeName="executor://xunit/VsTestRunner2/netcoreapp" className="xUnitTestProject.CurrencyHelperTests" name="FormatToStringTest1000" />
    </UnitTest>
    <UnitTest name="xUnitTestProject.CurrencyHelperTests.FormatToStringTest1000(price: 9517.514896326473, expected: &quot;9517.51 zł&quot;)" storage="c:\projekty\xunittestproject\bin\debug\netcoreapp3.1\xunittestproject.dll" id="b7f26b3d-6733-f07e-6f15-9b6ddb83ad50">
      <Execution id="5bae1b51-c33e-426e-b3a0-d3629be66e44" />
      <TestMethod codeBase="C:\Projekty\xUnitTestProject\bin\Debug\netcoreapp3.1\xUnitTestProject.dll" adapterTypeName="executor://xunit/VsTestRunner2/netcoreapp" className="xUnitTestProject.CurrencyHelperTests" name="FormatToStringTest1000" />
    </UnitTest>
    <UnitTest name="xUnitTestProject.CurrencyHelperTests.FormatToStringTest1000(price: 27751.474436297303, expected: &quot;27751.47 zł&quot;)" storage="c:\projekty\xunittestproject\bin\debug\netcoreapp3.1\xunittestproject.dll" id="1f661c1f-d0bf-b374-44cc-db7131efefe7">
      <Execution id="be0c43d9-4059-4b63-b83e-1efba10b8325" />
      <TestMethod codeBase="C:\Projekty\xUnitTestProject\bin\Debug\netcoreapp3.1\xUnitTestProject.dll" adapterTypeName="executor://xunit/VsTestRunner2/netcoreapp" className="xUnitTestProject.CurrencyHelperTests" name="FormatToStringTest1000" />
    </UnitTest>
    <UnitTest name="xUnitTestProject.CurrencyHelperTests.FormatToStringTest1000(price: 37866.43836050967, expected: &quot;37866.44 zł&quot;)" storage="c:\projekty\xunittestproject\bin\debug\netcoreapp3.1\xunittestproject.dll" id="a97810bc-ccf4-4f77-152b-d7c40d37cd64">
      <Execution id="19c36e14-9f57-4621-b149-7df72a080afb" />
      <TestMethod codeBase="C:\Projekty\xUnitTestProject\bin\Debug\netcoreapp3.1\xUnitTestProject.dll" adapterTypeName="executor://xunit/VsTestRunner2/netcoreapp" className="xUnitTestProject.CurrencyHelperTests" name="FormatToStringTest1000" />
    </UnitTest>
    <UnitTest name="xUnitTestProject.CurrencyHelperTests.FormatToStringTest1000(price: 93775.33090185716, expected: &quot;93775.33 zł&quot;)" storage="c:\projekty\xunittestproject\bin\debug\netcoreapp3.1\xunittestproject.dll" id="2151d041-2bc8-f3a7-2b84-0e6fe76ff3f0">
      <Execution id="34a942ad-19ab-4596-8fd9-4fb468a06ff3" />
      <TestMethod codeBase="C:\Projekty\xUnitTestProject\bin\Debug\netcoreapp3.1\xUnitTestProject.dll" adapterTypeName="executor://xunit/VsTestRunner2/netcoreapp" className="xUnitTestProject.CurrencyHelperTests" name="FormatToStringTest1000" />
    </UnitTest>
    <UnitTest name="xUnitTestProject.CurrencyHelperTests.FormatToStringTest1000(price: 14920.620598662934, expected: &quot;14920.62 zł&quot;)" storage="c:\projekty\xunittestproject\bin\debug\netcoreapp3.1\xunittestproject.dll" id="96c01fa6-5d4d-3d03-7186-21835a01bdc8">
      <Execution id="73ac324d-0c81-4e4e-af31-4ebd55a3ab52" />
      <TestMethod codeBase="C:\Projekty\xUnitTestProject\bin\Debug\netcoreapp3.1\xUnitTestProject.dll" adapterTypeName="executor://xunit/VsTestRunner2/netcoreapp" className="xUnitTestProject.CurrencyHelperTests" name="FormatToStringTest1000" />
    </UnitTest>
    <UnitTest name="xUnitTestProject.CurrencyHelperTests.FormatToStringTest1000(price: 47437.74370917619, expected: &quot;47437.74 zł&quot;)" storage="c:\projekty\xunittestproject\bin\debug\netcoreapp3.1\xunittestproject.dll" id="8b7ce013-8629-5a29-320f-b962e95e1d02">
      <Execution id="121b8299-38d7-41e4-99f2-4277f48d4fd1" />
      <TestMethod codeBase="C:\Projekty\xUnitTestProject\bin\Debug\netcoreapp3.1\xUnitTestProject.dll" adapterTypeName="executor://xunit/VsTestRunner2/netcoreapp" className="xUnitTestProject.CurrencyHelperTests" name="FormatToStringTest1000" />
    </UnitTest>
    <UnitTest name="xUnitTestProject.CurrencyHelperTests.FormatToStringTest1000(price: 20445.11280083149, expected: &quot;20445.11 zł&quot;)" storage="c:\projekty\xunittestproject\bin\debug\netcoreapp3.1\xunittestproject.dll" id="7b9b1040-51d8-c2e6-1ac0-cb113e76a56a">
      <Execution id="22085060-e74d-4312-b52d-948b747597b1" />
      <TestMethod codeBase="C:\Projekty\xUnitTestProject\bin\Debug\netcoreapp3.1\xUnitTestProject.dll" adapterTypeName="executor://xunit/VsTestRunner2/netcoreapp" className="xUnitTestProject.CurrencyHelperTests" name="FormatToStringTest1000" />
    </UnitTest>
    <UnitTest name="xUnitTestProject.CurrencyHelperTests.FormatToStringTest1000(price: 33251.41907856028, expected: &quot;33251.42 zł&quot;)" storage="c:\projekty\xunittestproject\bin\debug\netcoreapp3.1\xunittestproject.dll" id="1f9cd9ca-f1cd-430d-8d80-74a061c9ac45">
      <Execution id="962df88e-f7fd-4e45-9217-0a4eff9d0600" />
      <TestMethod codeBase="C:\Projekty\xUnitTestProject\bin\Debug\netcoreapp3.1\xUnitTestProject.dll" adapterTypeName="executor://xunit/VsTestRunner2/netcoreapp" className="xUnitTestProject.CurrencyHelperTests" name="FormatToStringTest1000" />
    </UnitTest>
    <UnitTest name="xUnitTestProject.CurrencyHelperTests.FormatToStringTest1000(price: 4116.417580192638, expected: &quot;4116.42 zł&quot;)" storage="c:\projekty\xunittestproject\bin\debug\netcoreapp3.1\xunittestproject.dll" id="6517f205-88c6-f2fb-89fe-a931711e4343">
      <Execution id="846e6e64-91c9-4104-b87b-9373db442e48" />
      <TestMethod codeBase="C:\Projekty\xUnitTestProject\bin\Debug\netcoreapp3.1\xUnitTestProject.dll" adapterTypeName="executor://xunit/VsTestRunner2/netcoreapp" className="xUnitTestProject.CurrencyHelperTests" name="FormatToStringTest1000" />
    </UnitTest>
    <UnitTest name="xUnitTestProject.CurrencyHelperTests.FormatToStringTest1000(price: 7789.7136237517525, expected: &quot;7789.71 zł&quot;)" storage="c:\projekty\xunittestproject\bin\debug\netcoreapp3.1\xunittestproject.dll" id="8783f986-8eac-ac9c-2b17-d1518f607836">
      <Execution id="290270d1-4b53-49c3-b8a6-064b9c55dc88" />
      <TestMethod codeBase="C:\Projekty\xUnitTestProject\bin\Debug\netcoreapp3.1\xUnitTestProject.dll" adapterTypeName="executor://xunit/VsTestRunner2/netcoreapp" className="xUnitTestProject.CurrencyHelperTests" name="FormatToStringTest1000" />
    </UnitTest>
    <UnitTest name="xUnitTestProject.CurrencyHelperTests.FormatToStringTest1000(price: 6544.213759255695, expected: &quot;6544.21 zł&quot;)" storage="c:\projekty\xunittestproject\bin\debug\netcoreapp3.1\xunittestproject.dll" id="bfbcecbb-ebb0-4cc4-ba14-4fec10bfe400">
      <Execution id="f2aa49ef-31a2-4ae2-aec9-701c45c47f24" />
      <TestMethod codeBase="C:\Projekty\xUnitTestProject\bin\Debug\netcoreapp3.1\xUnitTestProject.dll" adapterTypeName="executor://xunit/VsTestRunner2/netcoreapp" className="xUnitTestProject.CurrencyHelperTests" name="FormatToStringTest1000" />
    </UnitTest>
    <UnitTest name="xUnitTestProject.CurrencyHelperTests.FormatToStringTest1000(price: 50991.22189691114, expected: &quot;50991.22 zł&quot;)" storage="c:\projekty\xunittestproject\bin\debug\netcoreapp3.1\xunittestproject.dll" id="c34ab70e-c13b-c0d3-f6b8-6dc84da0bd17">
      <Execution id="ac7f90c9-b8c9-40d5-bcb6-24eee8f98c32" />
      <TestMethod codeBase="C:\Projekty\xUnitTestProject\bin\Debug\netcoreapp3.1\xUnitTestProject.dll" adapterTypeName="executor://xunit/VsTestRunner2/netcoreapp" className="xUnitTestProject.CurrencyHelperTests" name="FormatToStringTest1000" />
    </UnitTest>
    <UnitTest name="xUnitTestProject.CurrencyHelperTests.FormatToStringTest1000(price: 25440.18371476614, expected: &quot;25440.18 zł&quot;)" storage="c:\projekty\xunittestproject\bin\debug\netcoreapp3.1\xunittestproject.dll" id="04127ca2-1b44-60f0-2ddc-d2453cd48c79">
      <Execution id="8dadf8c7-ab45-43c7-a46d-8a9ac7b8cc8b" />
      <TestMethod codeBase="C:\Projekty\xUnitTestProject\bin\Debug\netcoreapp3.1\xUnitTestProject.dll" adapterTypeName="executor://xunit/VsTestRunner2/netcoreapp" className="xUnitTestProject.CurrencyHelperTests" name="FormatToStringTest1000" />
    </UnitTest>
    <UnitTest name="xUnitTestProject.CurrencyHelperTests.FormatToStringTest1000(price: 45955.903045959254, expected: &quot;45955.90 zł&quot;)" storage="c:\projekty\xunittestproject\bin\debug\netcoreapp3.1\xunittestproject.dll" id="5605ffe3-47bf-edde-5207-79dd7a259fef">
      <Execution id="ada7e676-2783-49c2-9a32-af8c3b537378" />
      <TestMethod codeBase="C:\Projekty\xUnitTestProject\bin\Debug\netcoreapp3.1\xUnitTestProject.dll" adapterTypeName="executor://xunit/VsTestRunner2/netcoreapp" className="xUnitTestProject.CurrencyHelperTests" name="FormatToStringTest1000" />
    </UnitTest>
    <UnitTest name="xUnitTestProject.CurrencyHelperTests.FormatToStringTest1000(price: 45070.5442499493, expected: &quot;45070.54 zł&quot;)" storage="c:\projekty\xunittestproject\bin\debug\netcoreapp3.1\xunittestproject.dll" id="1ad63577-6f41-15d0-2387-0963e1b2bf95">
      <Execution id="3db26f94-a8b7-4405-826b-3db069b11741" />
      <TestMethod codeBase="C:\Projekty\xUnitTestProject\bin\Debug\netcoreapp3.1\xUnitTestProject.dll" adapterTypeName="executor://xunit/VsTestRunner2/netcoreapp" className="xUnitTestProject.CurrencyHelperTests" name="FormatToStringTest1000" />
    </UnitTest>
    <UnitTest name="xUnitTestProject.CurrencyHelperTests.FormatToStringTest1000(price: 75214.75000876503, expected: &quot;75214.75 zł&quot;)" storage="c:\projekty\xunittestproject\bin\debug\netcoreapp3.1\xunittestproject.dll" id="163fd586-92aa-6f23-9cea-f9c152d7d771">
      <Execution id="350fb980-f421-4439-b0de-b45ee2a25729" />
      <TestMethod codeBase="C:\Projekty\xUnitTestProject\bin\Debug\netcoreapp3.1\xUnitTestProject.dll" adapterTypeName="executor://xunit/VsTestRunner2/netcoreapp" className="xUnitTestProject.CurrencyHelperTests" name="FormatToStringTest1000" />
    </UnitTest>
    <UnitTest name="xUnitTestProject.CurrencyHelperTests.FormatToStringTest1000(price: 643.3550376181281, expected: &quot;643.36 zł&quot;)" storage="c:\projekty\xunittestproject\bin\debug\netcoreapp3.1\xunittestproject.dll" id="76d85170-85b2-a48f-102e-aa9420de3580">
      <Execution id="bb373f3b-449f-448d-87fd-0be3bcdc7353" />
      <TestMethod codeBase="C:\Projekty\xUnitTestProject\bin\Debug\netcoreapp3.1\xUnitTestProject.dll" adapterTypeName="executor://xunit/VsTestRunner2/netcoreapp" className="xUnitTestProject.CurrencyHelperTests" name="FormatToStringTest1000" />
    </UnitTest>
    <UnitTest name="xUnitTestProject.CurrencyHelperTests.FormatToStringTest1000(price: 1613.6903705837626, expected: &quot;1613.69 zł&quot;)" storage="c:\projekty\xunittestproject\bin\debug\netcoreapp3.1\xunittestproject.dll" id="6f661c9f-cb4c-fdf6-5a9a-217f69ebc5d5">
      <Execution id="c2d8479a-e12c-4fc3-8bbd-cff69e80c17e" />
      <TestMethod codeBase="C:\Projekty\xUnitTestProject\bin\Debug\netcoreapp3.1\xUnitTestProject.dll" adapterTypeName="executor://xunit/VsTestRunner2/netcoreapp" className="xUnitTestProject.CurrencyHelperTests" name="FormatToStringTest1000" />
    </UnitTest>
    <UnitTest name="xUnitTestProject.CurrencyHelperTests.FormatToStringTest1000(price: 4555.538255205163, expected: &quot;4555.54 zł&quot;)" storage="c:\projekty\xunittestproject\bin\debug\netcoreapp3.1\xunittestproject.dll" id="b28ab50d-11be-d323-527c-bc8feda9af8a">
      <Execution id="9c643676-47e1-4f17-89a4-3597a7c380fd" />
      <TestMethod codeBase="C:\Projekty\xUnitTestProject\bin\Debug\netcoreapp3.1\xUnitTestProject.dll" adapterTypeName="executor://xunit/VsTestRunner2/netcoreapp" className="xUnitTestProject.CurrencyHelperTests" name="FormatToStringTest1000" />
    </UnitTest>
    <UnitTest name="xUnitTestProject.CurrencyHelperTests.FormatToStringTest1000(price: 67898.54481444067, expected: &quot;67898.54 zł&quot;)" storage="c:\projekty\xunittestproject\bin\debug\netcoreapp3.1\xunittestproject.dll" id="f4a097ad-04f4-9e9c-b96f-49eb0101bd6d">
      <Execution id="9128066a-ce5a-4080-8f09-afc788d151ad" />
      <TestMethod codeBase="C:\Projekty\xUnitTestProject\bin\Debug\netcoreapp3.1\xUnitTestProject.dll" adapterTypeName="executor://xunit/VsTestRunner2/netcoreapp" className="xUnitTestProject.CurrencyHelperTests" name="FormatToStringTest1000" />
    </UnitTest>
    <UnitTest name="xUnitTestProject.CurrencyHelperTests.FormatToStringTest1000(price: 22281.48592587257, expected: &quot;22281.49 zł&quot;)" storage="c:\projekty\xunittestproject\bin\debug\netcoreapp3.1\xunittestproject.dll" id="2af17ceb-e4a7-e57a-8e57-17ad33ae72e3">
      <Execution id="d66801e7-1bbf-4c72-beb9-7bfa0180a80b" />
      <TestMethod codeBase="C:\Projekty\xUnitTestProject\bin\Debug\netcoreapp3.1\xUnitTestProject.dll" adapterTypeName="executor://xunit/VsTestRunner2/netcoreapp" className="xUnitTestProject.CurrencyHelperTests" name="FormatToStringTest1000" />
    </UnitTest>
    <UnitTest name="xUnitTestProject.CurrencyHelperTests.FormatToStringTest1000(price: 25039.088753207627, expected: &quot;25039.09 zł&quot;)" storage="c:\projekty\xunittestproject\bin\debug\netcoreapp3.1\xunittestproject.dll" id="dcb09ac3-545f-7b73-7b06-f7917ef6e79e">
      <Execution id="e800776f-64ad-433d-a207-dd8364516f00" />
      <TestMethod codeBase="C:\Projekty\xUnitTestProject\bin\Debug\netcoreapp3.1\xUnitTestProject.dll" adapterTypeName="executor://xunit/VsTestRunner2/netcoreapp" className="xUnitTestProject.CurrencyHelperTests" name="FormatToStringTest1000" />
    </UnitTest>
    <UnitTest name="xUnitTestProject.CurrencyHelperTests.FormatToStringTest1000(price: 31971.185406704986, expected: &quot;31971.19 zł&quot;)" storage="c:\projekty\xunittestproject\bin\debug\netcoreapp3.1\xunittestproject.dll" id="875433a7-4993-f6c8-ae9e-010101b8ccc7">
      <Execution id="2d2c389c-6580-41c5-8b9d-ba8f19d9dc72" />
      <TestMethod codeBase="C:\Projekty\xUnitTestProject\bin\Debug\netcoreapp3.1\xUnitTestProject.dll" adapterTypeName="executor://xunit/VsTestRunner2/netcoreapp" className="xUnitTestProject.CurrencyHelperTests" name="FormatToStringTest1000" />
    </UnitTest>
    <UnitTest name="xUnitTestProject.CurrencyHelperTests.FormatToStringTest1000(price: 67109.22110940759, expected: &quot;67109.22 zł&quot;)" storage="c:\projekty\xunittestproject\bin\debug\netcoreapp3.1\xunittestproject.dll" id="32346c07-b161-6e9f-65c2-990bcbe58b07">
      <Execution id="3878c481-42bb-4e34-a60f-7ba4ddabcd7f" />
      <TestMethod codeBase="C:\Projekty\xUnitTestProject\bin\Debug\netcoreapp3.1\xUnitTestProject.dll" adapterTypeName="executor://xunit/VsTestRunner2/netcoreapp" className="xUnitTestProject.CurrencyHelperTests" name="FormatToStringTest1000" />
    </UnitTest>
    <UnitTest name="xUnitTestProject.CurrencyHelperTests.FormatToStringTest1000(price: 6915.421130504656, expected: &quot;6915.42 zł&quot;)" storage="c:\projekty\xunittestproject\bin\debug\netcoreapp3.1\xunittestproject.dll" id="c09462bb-4f86-b8e1-b39e-c6c94b35ddbc">
      <Execution id="6b086632-add5-454a-99ea-e52b163883ee" />
      <TestMethod codeBase="C:\Projekty\xUnitTestProject\bin\Debug\netcoreapp3.1\xUnitTestProject.dll" adapterTypeName="executor://xunit/VsTestRunner2/netcoreapp" className="xUnitTestProject.CurrencyHelperTests" name="FormatToStringTest1000" />
    </UnitTest>
    <UnitTest name="xUnitTestProject.CurrencyHelperTests.FormatToStringTest1000(price: 38961.459057294516, expected: &quot;38961.46 zł&quot;)" storage="c:\projekty\xunittestproject\bin\debug\netcoreapp3.1\xunittestproject.dll" id="4dd76fcc-f663-2688-f7a4-a439b3a5cf01">
      <Execution id="e6e089f7-75c4-4fc0-8ad6-528900d0d786" />
      <TestMethod codeBase="C:\Projekty\xUnitTestProject\bin\Debug\netcoreapp3.1\xUnitTestProject.dll" adapterTypeName="executor://xunit/VsTestRunner2/netcoreapp" className="xUnitTestProject.CurrencyHelperTests" name="FormatToStringTest1000" />
    </UnitTest>
    <UnitTest name="xUnitTestProject.CurrencyHelperTests.FormatToStringTest1000(price: 15841.26419853478, expected: &quot;15841.26 zł&quot;)" storage="c:\projekty\xunittestproject\bin\debug\netcoreapp3.1\xunittestproject.dll" id="e605935b-b7df-1383-2d29-96bb8b33e684">
      <Execution id="1f3bf622-552a-4ca7-8c66-019bbd58332d" />
      <TestMethod codeBase="C:\Projekty\xUnitTestProject\bin\Debug\netcoreapp3.1\xUnitTestProject.dll" adapterTypeName="executor://xunit/VsTestRunner2/netcoreapp" className="xUnitTestProject.CurrencyHelperTests" name="FormatToStringTest1000" />
    </UnitTest>
    <UnitTest name="xUnitTestProject.CurrencyHelperTests.FormatToStringTest1000(price: 19189.813662191766, expected: &quot;19189.81 zł&quot;)" storage="c:\projekty\xunittestproject\bin\debug\netcoreapp3.1\xunittestproject.dll" id="51b21bbe-86e0-7c92-977a-b85ebd62b755">
      <Execution id="0fb487cf-6d8a-4e53-988e-4f6fb5d63562" />
      <TestMethod codeBase="C:\Projekty\xUnitTestProject\bin\Debug\netcoreapp3.1\xUnitTestProject.dll" adapterTypeName="executor://xunit/VsTestRunner2/netcoreapp" className="xUnitTestProject.CurrencyHelperTests" name="FormatToStringTest1000" />
    </UnitTest>
    <UnitTest name="xUnitTestProject.CurrencyHelperTests.FormatToStringTest1000(price: 31300.40752580967, expected: &quot;31300.41 zł&quot;)" storage="c:\projekty\xunittestproject\bin\debug\netcoreapp3.1\xunittestproject.dll" id="c9010c04-7ef0-ce4b-7d42-778e915f5883">
      <Execution id="58c0d3fd-546f-4a91-b96b-ef64fde68c30" />
      <TestMethod codeBase="C:\Projekty\xUnitTestProject\bin\Debug\netcoreapp3.1\xUnitTestProject.dll" adapterTypeName="executor://xunit/VsTestRunner2/netcoreapp" className="xUnitTestProject.CurrencyHelperTests" name="FormatToStringTest1000" />
    </UnitTest>
    <UnitTest name="xUnitTestProject.CurrencyHelperTests.FormatToStringTest1000(price: 12202.860111308684, expected: &quot;12202.86 zł&quot;)" storage="c:\projekty\xunittestproject\bin\debug\netcoreapp3.1\xunittestproject.dll" id="584d2955-8662-50b8-9c7a-cb8a910d527d">
      <Execution id="57f663c6-866f-4f96-b1cd-7af0bcc11d5a" />
      <TestMethod codeBase="C:\Projekty\xUnitTestProject\bin\Debug\netcoreapp3.1\xUnitTestProject.dll" adapterTypeName="executor://xunit/VsTestRunner2/netcoreapp" className="xUnitTestProject.CurrencyHelperTests" name="FormatToStringTest1000" />
    </UnitTest>
    <UnitTest name="xUnitTestProject.CurrencyHelperTests.FormatToStringTest1000(price: 6864.093052674129, expected: &quot;6864.09 zł&quot;)" storage="c:\projekty\xunittestproject\bin\debug\netcoreapp3.1\xunittestproject.dll" id="baa856d2-0f24-fb78-786f-66276d918a1d">
      <Execution id="09aacecf-d24a-4b22-916f-7bdb847cf062" />
      <TestMethod codeBase="C:\Projekty\xUnitTestProject\bin\Debug\netcoreapp3.1\xUnitTestProject.dll" adapterTypeName="executor://xunit/VsTestRunner2/netcoreapp" className="xUnitTestProject.CurrencyHelperTests" name="FormatToStringTest1000" />
    </UnitTest>
    <UnitTest name="xUnitTestProject.CurrencyHelperTests.FormatToStringTest1000(price: 75024.79122970243, expected: &quot;75024.79 zł&quot;)" storage="c:\projekty\xunittestproject\bin\debug\netcoreapp3.1\xunittestproject.dll" id="7c86c7d1-a9a4-3305-ae10-fdb7acd65489">
      <Execution id="ed02dc42-dc25-402d-903d-d262f3b33248" />
      <TestMethod codeBase="C:\Projekty\xUnitTestProject\bin\Debug\netcoreapp3.1\xUnitTestProject.dll" adapterTypeName="executor://xunit/VsTestRunner2/netcoreapp" className="xUnitTestProject.CurrencyHelperTests" name="FormatToStringTest1000" />
    </UnitTest>
    <UnitTest name="xUnitTestProject.CurrencyHelperTests.FormatToStringTest1000(price: 4812.162927013898, expected: &quot;4812.16 zł&quot;)" storage="c:\projekty\xunittestproject\bin\debug\netcoreapp3.1\xunittestproject.dll" id="3a671f08-52e1-32fe-f25e-6e157db962d2">
      <Execution id="537fd291-b988-4e66-a5ef-be085a33f77c" />
      <TestMethod codeBase="C:\Projekty\xUnitTestProject\bin\Debug\netcoreapp3.1\xUnitTestProject.dll" adapterTypeName="executor://xunit/VsTestRunner2/netcoreapp" className="xUnitTestProject.CurrencyHelperTests" name="FormatToStringTest1000" />
    </UnitTest>
    <UnitTest name="xUnitTestProject.CurrencyHelperTests.FormatToStringTest1000(price: 7202.052143613367, expected: &quot;7202.05 zł&quot;)" storage="c:\projekty\xunittestproject\bin\debug\netcoreapp3.1\xunittestproject.dll" id="ee3ad499-d226-2821-3efe-49a57729a899">
      <Execution id="87c62e78-3d13-491d-8a3e-e24eea5e5ef9" />
      <TestMethod codeBase="C:\Projekty\xUnitTestProject\bin\Debug\netcoreapp3.1\xUnitTestProject.dll" adapterTypeName="executor://xunit/VsTestRunner2/netcoreapp" className="xUnitTestProject.CurrencyHelperTests" name="FormatToStringTest1000" />
    </UnitTest>
    <UnitTest name="xUnitTestProject.CurrencyHelperTests.FormatToStringTest1000(price: 46790.41011887715, expected: &quot;46790.41 zł&quot;)" storage="c:\projekty\xunittestproject\bin\debug\netcoreapp3.1\xunittestproject.dll" id="1a5071af-adad-5910-41be-cb866364cc7d">
      <Execution id="1da62633-6490-4cfd-9ff4-f07d6eda6018" />
      <TestMethod codeBase="C:\Projekty\xUnitTestProject\bin\Debug\netcoreapp3.1\xUnitTestProject.dll" adapterTypeName="executor://xunit/VsTestRunner2/netcoreapp" className="xUnitTestProject.CurrencyHelperTests" name="FormatToStringTest1000" />
    </UnitTest>
    <UnitTest name="xUnitTestProject.CurrencyHelperTests.FormatToStringTest1000(price: 20737.251994218328, expected: &quot;20737.25 zł&quot;)" storage="c:\projekty\xunittestproject\bin\debug\netcoreapp3.1\xunittestproject.dll" id="7c480fcf-dcac-50a2-3106-264841c6a300">
      <Execution id="3671d10b-46ac-4d55-aee2-b4a00bcb805f" />
      <TestMethod codeBase="C:\Projekty\xUnitTestProject\bin\Debug\netcoreapp3.1\xUnitTestProject.dll" adapterTypeName="executor://xunit/VsTestRunner2/netcoreapp" className="xUnitTestProject.CurrencyHelperTests" name="FormatToStringTest1000" />
    </UnitTest>
    <UnitTest name="xUnitTestProject.CurrencyHelperTests.FormatToStringTest1000(price: 8499.121443388574, expected: &quot;8499.12 zł&quot;)" storage="c:\projekty\xunittestproject\bin\debug\netcoreapp3.1\xunittestproject.dll" id="05d3ca05-7d6a-4ccb-9500-bddd30f80ece">
      <Execution id="0db484e5-cd6a-434c-8a91-3cafc97d9a45" />
      <TestMethod codeBase="C:\Projekty\xUnitTestProject\bin\Debug\netcoreapp3.1\xUnitTestProject.dll" adapterTypeName="executor://xunit/VsTestRunner2/netcoreapp" className="xUnitTestProject.CurrencyHelperTests" name="FormatToStringTest1000" />
    </UnitTest>
    <UnitTest name="xUnitTestProject.CurrencyHelperTests.FormatToStringTest1000(price: 78822.37212685234, expected: &quot;78822.37 zł&quot;)" storage="c:\projekty\xunittestproject\bin\debug\netcoreapp3.1\xunittestproject.dll" id="5313f3e0-d68f-8127-ba85-18b29352fdf0">
      <Execution id="1641490c-5207-4623-9a35-7b7e195c6a3d" />
      <TestMethod codeBase="C:\Projekty\xUnitTestProject\bin\Debug\netcoreapp3.1\xUnitTestProject.dll" adapterTypeName="executor://xunit/VsTestRunner2/netcoreapp" className="xUnitTestProject.CurrencyHelperTests" name="FormatToStringTest1000" />
    </UnitTest>
    <UnitTest name="xUnitTestProject.CurrencyHelperTests.FormatToStringTest1000(price: 18490.912787030877, expected: &quot;18490.91 zł&quot;)" storage="c:\projekty\xunittestproject\bin\debug\netcoreapp3.1\xunittestproject.dll" id="7200fbe8-0633-195a-0e4f-25258446a0dd">
      <Execution id="8bb4b323-de5f-45e8-918e-3e21f888bbd4" />
      <TestMethod codeBase="C:\Projekty\xUnitTestProject\bin\Debug\netcoreapp3.1\xUnitTestProject.dll" adapterTypeName="executor://xunit/VsTestRunner2/netcoreapp" className="xUnitTestProject.CurrencyHelperTests" name="FormatToStringTest1000" />
    </UnitTest>
    <UnitTest name="xUnitTestProject.CurrencyHelperTests.FormatToStringTest1000(price: 54678.59301593089, expected: &quot;54678.59 zł&quot;)" storage="c:\projekty\xunittestproject\bin\debug\netcoreapp3.1\xunittestproject.dll" id="b93fddec-5e00-a1c1-fc16-4882d018fd04">
      <Execution id="778e87f2-359b-440f-87a9-08ee7c6a6e96" />
      <TestMethod codeBase="C:\Projekty\xUnitTestProject\bin\Debug\netcoreapp3.1\xUnitTestProject.dll" adapterTypeName="executor://xunit/VsTestRunner2/netcoreapp" className="xUnitTestProject.CurrencyHelperTests" name="FormatToStringTest1000" />
    </UnitTest>
    <UnitTest name="xUnitTestProject.CurrencyHelperTests.FormatToStringTest1000(price: 23174.85693288448, expected: &quot;23174.86 zł&quot;)" storage="c:\projekty\xunittestproject\bin\debug\netcoreapp3.1\xunittestproject.dll" id="91ef764f-6920-57e2-1ea1-d9fdc62e8142">
      <Execution id="18136a6c-c52d-48b3-a218-a5395b5f8dee" />
      <TestMethod codeBase="C:\Projekty\xUnitTestProject\bin\Debug\netcoreapp3.1\xUnitTestProject.dll" adapterTypeName="executor://xunit/VsTestRunner2/netcoreapp" className="xUnitTestProject.CurrencyHelperTests" name="FormatToStringTest1000" />
    </UnitTest>
    <UnitTest name="xUnitTestProject.CurrencyHelperTests.FormatToStringTest1000(price: 70149.17842025738, expected: &quot;70149.18 zł&quot;)" storage="c:\projekty\xunittestproject\bin\debug\netcoreapp3.1\xunittestproject.dll" id="3b212d04-f6e8-ace9-1475-1632b0249f80">
      <Execution id="e40dfee2-88b9-470b-b4d2-f322f2e11c3c" />
      <TestMethod codeBase="C:\Projekty\xUnitTestProject\bin\Debug\netcoreapp3.1\xUnitTestProject.dll" adapterTypeName="executor://xunit/VsTestRunner2/netcoreapp" className="xUnitTestProject.CurrencyHelperTests" name="FormatToStringTest1000" />
    </UnitTest>
    <UnitTest name="xUnitTestProject.CurrencyHelperTests.FormatToStringTest1000(price: 12118.31777677048, expected: &quot;12118.32 zł&quot;)" storage="c:\projekty\xunittestproject\bin\debug\netcoreapp3.1\xunittestproject.dll" id="89b95097-2fa4-1afe-c164-3b548bd44274">
      <Execution id="18c9b0b9-7e49-4ba1-9a28-8a2d87d5fe23" />
      <TestMethod codeBase="C:\Projekty\xUnitTestProject\bin\Debug\netcoreapp3.1\xUnitTestProject.dll" adapterTypeName="executor://xunit/VsTestRunner2/netcoreapp" className="xUnitTestProject.CurrencyHelperTests" name="FormatToStringTest1000" />
    </UnitTest>
    <UnitTest name="xUnitTestProject.CurrencyHelperTests.FormatToStringTest1000(price: 50644.690874327294, expected: &quot;50644.69 zł&quot;)" storage="c:\projekty\xunittestproject\bin\debug\netcoreapp3.1\xunittestproject.dll" id="7a86c51e-006c-a65e-34c9-ff3a6b2ed4b5">
      <Execution id="2e32a549-c3f0-4d16-8ff9-2d3a175f5d18" />
      <TestMethod codeBase="C:\Projekty\xUnitTestProject\bin\Debug\netcoreapp3.1\xUnitTestProject.dll" adapterTypeName="executor://xunit/VsTestRunner2/netcoreapp" className="xUnitTestProject.CurrencyHelperTests" name="FormatToStringTest1000" />
    </UnitTest>
    <UnitTest name="xUnitTestProject.CurrencyHelperTests.FormatToStringTest1000(price: 48449.85582609189, expected: &quot;48449.86 zł&quot;)" storage="c:\projekty\xunittestproject\bin\debug\netcoreapp3.1\xunittestproject.dll" id="7704532e-ccf9-d396-cd75-b7b2cb63c0e8">
      <Execution id="8ec0d83c-a485-4087-852e-242f4b1484e2" />
      <TestMethod codeBase="C:\Projekty\xUnitTestProject\bin\Debug\netcoreapp3.1\xUnitTestProject.dll" adapterTypeName="executor://xunit/VsTestRunner2/netcoreapp" className="xUnitTestProject.CurrencyHelperTests" name="FormatToStringTest1000" />
    </UnitTest>
    <UnitTest name="xUnitTestProject.CurrencyHelperTests.FormatToStringTest1000(price: 67230.86250807665, expected: &quot;67230.86 zł&quot;)" storage="c:\projekty\xunittestproject\bin\debug\netcoreapp3.1\xunittestproject.dll" id="dfaf8cc8-6c50-9b2f-464a-6475c413ade9">
      <Execution id="c76ba5d3-da24-4b04-91c6-4e78c57b8dd1" />
      <TestMethod codeBase="C:\Projekty\xUnitTestProject\bin\Debug\netcoreapp3.1\xUnitTestProject.dll" adapterTypeName="executor://xunit/VsTestRunner2/netcoreapp" className="xUnitTestProject.CurrencyHelperTests" name="FormatToStringTest1000" />
    </UnitTest>
    <UnitTest name="xUnitTestProject.CurrencyHelperTests.FormatToStringTest1000(price: 10641.263377953444, expected: &quot;10641.26 zł&quot;)" storage="c:\projekty\xunittestproject\bin\debug\netcoreapp3.1\xunittestproject.dll" id="2472258e-8be8-7772-0b75-b4a3d535f097">
      <Execution id="3e682ed0-fbd1-4534-bebb-c98c36abb270" />
      <TestMethod codeBase="C:\Projekty\xUnitTestProject\bin\Debug\netcoreapp3.1\xUnitTestProject.dll" adapterTypeName="executor://xunit/VsTestRunner2/netcoreapp" className="xUnitTestProject.CurrencyHelperTests" name="FormatToStringTest1000" />
    </UnitTest>
    <UnitTest name="xUnitTestProject.CurrencyHelperTests.FormatToStringTest1000(price: 19210.519530370144, expected: &quot;19210.52 zł&quot;)" storage="c:\projekty\xunittestproject\bin\debug\netcoreapp3.1\xunittestproject.dll" id="33fd1dda-62a8-0bed-a4ce-731800ce94c0">
      <Execution id="3f3ebb05-a573-47ed-b9dc-6984a0416bf7" />
      <TestMethod codeBase="C:\Projekty\xUnitTestProject\bin\Debug\netcoreapp3.1\xUnitTestProject.dll" adapterTypeName="executor://xunit/VsTestRunner2/netcoreapp" className="xUnitTestProject.CurrencyHelperTests" name="FormatToStringTest1000" />
    </UnitTest>
    <UnitTest name="xUnitTestProject.CurrencyHelperTests.FormatToStringTest1000(price: 38402.8293406753, expected: &quot;38402.83 zł&quot;)" storage="c:\projekty\xunittestproject\bin\debug\netcoreapp3.1\xunittestproject.dll" id="1d527cfe-7183-7ac1-a7ed-260bd5e5ccfa">
      <Execution id="2b60d8bb-93bd-4092-a6d3-adff6e6e6632" />
      <TestMethod codeBase="C:\Projekty\xUnitTestProject\bin\Debug\netcoreapp3.1\xUnitTestProject.dll" adapterTypeName="executor://xunit/VsTestRunner2/netcoreapp" className="xUnitTestProject.CurrencyHelperTests" name="FormatToStringTest1000" />
    </UnitTest>
    <UnitTest name="xUnitTestProject.CurrencyHelperTests.FormatToStringTest1000(price: 43222.47958431695, expected: &quot;43222.48 zł&quot;)" storage="c:\projekty\xunittestproject\bin\debug\netcoreapp3.1\xunittestproject.dll" id="ab963705-3e28-cc1d-5bf1-a88ea216bc34">
      <Execution id="1cb53ddd-72bb-4198-879e-36eb1843f131" />
      <TestMethod codeBase="C:\Projekty\xUnitTestProject\bin\Debug\netcoreapp3.1\xUnitTestProject.dll" adapterTypeName="executor://xunit/VsTestRunner2/netcoreapp" className="xUnitTestProject.CurrencyHelperTests" name="FormatToStringTest1000" />
    </UnitTest>
    <UnitTest name="xUnitTestProject.CurrencyHelperTests.FormatToStringTest1000(price: 16901.497392274203, expected: &quot;16901.50 zł&quot;)" storage="c:\projekty\xunittestproject\bin\debug\netcoreapp3.1\xunittestproject.dll" id="9100d9e1-967e-296d-c07b-a43969fad121">
      <Execution id="28b7d9a2-74b6-4c14-a90a-654e3a43708f" />
      <TestMethod codeBase="C:\Projekty\xUnitTestProject\bin\Debug\netcoreapp3.1\xUnitTestProject.dll" adapterTypeName="executor://xunit/VsTestRunner2/netcoreapp" className="xUnitTestProject.CurrencyHelperTests" name="FormatToStringTest1000" />
    </UnitTest>
    <UnitTest name="xUnitTestProject.CurrencyHelperTests.FormatToStringTest1000(price: 5108.217389855635, expected: &quot;5108.22 zł&quot;)" storage="c:\projekty\xunittestproject\bin\debug\netcoreapp3.1\xunittestproject.dll" id="8c128bb7-55c2-1507-f225-4df0c4a48630">
      <Execution id="becd921f-209c-4eab-abf2-c98fea8cf579" />
      <TestMethod codeBase="C:\Projekty\xUnitTestProject\bin\Debug\netcoreapp3.1\xUnitTestProject.dll" adapterTypeName="executor://xunit/VsTestRunner2/netcoreapp" className="xUnitTestProject.CurrencyHelperTests" name="FormatToStringTest1000" />
    </UnitTest>
    <UnitTest name="xUnitTestProject.CurrencyHelperTests.FormatToStringTest1000(price: 17455.15807988595, expected: &quot;17455.16 zł&quot;)" storage="c:\projekty\xunittestproject\bin\debug\netcoreapp3.1\xunittestproject.dll" id="6dcc8842-a927-f371-cf06-32198da79abc">
      <Execution id="96ebbafb-0845-4051-b31c-0080a4e19050" />
      <TestMethod codeBase="C:\Projekty\xUnitTestProject\bin\Debug\netcoreapp3.1\xUnitTestProject.dll" adapterTypeName="executor://xunit/VsTestRunner2/netcoreapp" className="xUnitTestProject.CurrencyHelperTests" name="FormatToStringTest1000" />
    </UnitTest>
    <UnitTest name="xUnitTestProject.CurrencyHelperTests.FormatToStringTest1000(price: 11.555284778846096, expected: &quot;11.56 zł&quot;)" storage="c:\projekty\xunittestproject\bin\debug\netcoreapp3.1\xunittestproject.dll" id="d6af606e-af1d-b77f-4ce0-c1f6556a4ce0">
      <Execution id="9ab932be-ce2f-447e-9c3f-504098e3314f" />
      <TestMethod codeBase="C:\Projekty\xUnitTestProject\bin\Debug\netcoreapp3.1\xUnitTestProject.dll" adapterTypeName="executor://xunit/VsTestRunner2/netcoreapp" className="xUnitTestProject.CurrencyHelperTests" name="FormatToStringTest1000" />
    </UnitTest>
    <UnitTest name="xUnitTestProject.CurrencyHelperTests.FormatToStringTest1000(price: 78796.90433980194, expected: &quot;78796.90 zł&quot;)" storage="c:\projekty\xunittestproject\bin\debug\netcoreapp3.1\xunittestproject.dll" id="24614531-2aef-39c0-ae03-729fa029c955">
      <Execution id="1710c933-6b2d-4d87-b368-af632bdef5c2" />
      <TestMethod codeBase="C:\Projekty\xUnitTestProject\bin\Debug\netcoreapp3.1\xUnitTestProject.dll" adapterTypeName="executor://xunit/VsTestRunner2/netcoreapp" className="xUnitTestProject.CurrencyHelperTests" name="FormatToStringTest1000" />
    </UnitTest>
    <UnitTest name="xUnitTestProject.CurrencyHelperTests.FormatToStringTest1000(price: 30360.993128030557, expected: &quot;30360.99 zł&quot;)" storage="c:\projekty\xunittestproject\bin\debug\netcoreapp3.1\xunittestproject.dll" id="9e564273-69a8-eaf4-221d-8cb7dd068c7d">
      <Execution id="28e13980-bfdd-4707-be43-3780a72202cc" />
      <TestMethod codeBase="C:\Projekty\xUnitTestProject\bin\Debug\netcoreapp3.1\xUnitTestProject.dll" adapterTypeName="executor://xunit/VsTestRunner2/netcoreapp" className="xUnitTestProject.CurrencyHelperTests" name="FormatToStringTest1000" />
    </UnitTest>
    <UnitTest name="xUnitTestProject.CurrencyHelperTests.FormatToStringTest1000(price: 2444.4726240530017, expected: &quot;2444.47 zł&quot;)" storage="c:\projekty\xunittestproject\bin\debug\netcoreapp3.1\xunittestproject.dll" id="45dd66f1-81ef-9e8c-d39f-69c657dd300a">
      <Execution id="ed67c3c3-acf4-45e4-b8fd-128daffb5110" />
      <TestMethod codeBase="C:\Projekty\xUnitTestProject\bin\Debug\netcoreapp3.1\xUnitTestProject.dll" adapterTypeName="executor://xunit/VsTestRunner2/netcoreapp" className="xUnitTestProject.CurrencyHelperTests" name="FormatToStringTest1000" />
    </UnitTest>
    <UnitTest name="xUnitTestProject.CurrencyHelperTests.FormatToStringTest1000(price: 19873.59831658453, expected: &quot;19873.60 zł&quot;)" storage="c:\projekty\xunittestproject\bin\debug\netcoreapp3.1\xunittestproject.dll" id="a3a08850-4a93-c030-f4e2-fdffe7d8b320">
      <Execution id="a99acb04-6c9d-48f6-8bed-8df0c93f2d68" />
      <TestMethod codeBase="C:\Projekty\xUnitTestProject\bin\Debug\netcoreapp3.1\xUnitTestProject.dll" adapterTypeName="executor://xunit/VsTestRunner2/netcoreapp" className="xUnitTestProject.CurrencyHelperTests" name="FormatToStringTest1000" />
    </UnitTest>
    <UnitTest name="xUnitTestProject.CurrencyHelperTests.FormatToStringTest1000(price: 7592.950837113406, expected: &quot;7592.95 zł&quot;)" storage="c:\projekty\xunittestproject\bin\debug\netcoreapp3.1\xunittestproject.dll" id="2b8726cc-d2f8-9e6e-5458-ee24b8425f17">
      <Execution id="c260ebc3-fcb5-4ef8-86b8-29b0c1c97675" />
      <TestMethod codeBase="C:\Projekty\xUnitTestProject\bin\Debug\netcoreapp3.1\xUnitTestProject.dll" adapterTypeName="executor://xunit/VsTestRunner2/netcoreapp" className="xUnitTestProject.CurrencyHelperTests" name="FormatToStringTest1000" />
    </UnitTest>
    <UnitTest name="xUnitTestProject.CurrencyHelperTests.FormatToStringTest1000(price: 6820.105136090938, expected: &quot;6820.11 zł&quot;)" storage="c:\projekty\xunittestproject\bin\debug\netcoreapp3.1\xunittestproject.dll" id="83d8e74c-5bbb-efb0-37a0-7aa4cf469b8b">
      <Execution id="240c65b0-cd07-4054-bc36-1b1e3cba6999" />
      <TestMethod codeBase="C:\Projekty\xUnitTestProject\bin\Debug\netcoreapp3.1\xUnitTestProject.dll" adapterTypeName="executor://xunit/VsTestRunner2/netcoreapp" className="xUnitTestProject.CurrencyHelperTests" name="FormatToStringTest1000" />
    </UnitTest>
    <UnitTest name="xUnitTestProject.CurrencyHelperTests.FormatToStringTest1000(price: 46607.970025941715, expected: &quot;46607.97 zł&quot;)" storage="c:\projekty\xunittestproject\bin\debug\netcoreapp3.1\xunittestproject.dll" id="71b5be91-6e3e-5890-08ca-57e68e3990bc">
      <Execution id="3d8bf69d-2988-4d83-8720-24e9816317ba" />
      <TestMethod codeBase="C:\Projekty\xUnitTestProject\bin\Debug\netcoreapp3.1\xUnitTestProject.dll" adapterTypeName="executor://xunit/VsTestRunner2/netcoreapp" className="xUnitTestProject.CurrencyHelperTests" name="FormatToStringTest1000" />
    </UnitTest>
    <UnitTest name="xUnitTestProject.CurrencyHelperTests.FormatToStringTest1000(price: 10066.059180456241, expected: &quot;10066.06 zł&quot;)" storage="c:\projekty\xunittestproject\bin\debug\netcoreapp3.1\xunittestproject.dll" id="f7bc8584-126a-bce9-5286-d35d3ce59a28">
      <Execution id="061ae3b8-5dc6-41ff-843d-9ad24bfb58ed" />
      <TestMethod codeBase="C:\Projekty\xUnitTestProject\bin\Debug\netcoreapp3.1\xUnitTestProject.dll" adapterTypeName="executor://xunit/VsTestRunner2/netcoreapp" className="xUnitTestProject.CurrencyHelperTests" name="FormatToStringTest1000" />
    </UnitTest>
    <UnitTest name="xUnitTestProject.CurrencyHelperTests.FormatToStringTest1000(price: 20482.32969107308, expected: &quot;20482.33 zł&quot;)" storage="c:\projekty\xunittestproject\bin\debug\netcoreapp3.1\xunittestproject.dll" id="9612d6d4-5d3c-f9a6-943c-f09f8d38bf59">
      <Execution id="0b5e4133-3b73-4acb-8ccc-881c1cc30063" />
      <TestMethod codeBase="C:\Projekty\xUnitTestProject\bin\Debug\netcoreapp3.1\xUnitTestProject.dll" adapterTypeName="executor://xunit/VsTestRunner2/netcoreapp" className="xUnitTestProject.CurrencyHelperTests" name="FormatToStringTest1000" />
    </UnitTest>
    <UnitTest name="xUnitTestProject.CurrencyHelperTests.FormatToStringTest1000(price: 15337.485230751097, expected: &quot;15337.49 zł&quot;)" storage="c:\projekty\xunittestproject\bin\debug\netcoreapp3.1\xunittestproject.dll" id="be135b72-4539-0e97-74d0-b204a763297e">
      <Execution id="87c0840e-c52b-44ba-9449-dc81f2639909" />
      <TestMethod codeBase="C:\Projekty\xUnitTestProject\bin\Debug\netcoreapp3.1\xUnitTestProject.dll" adapterTypeName="executor://xunit/VsTestRunner2/netcoreapp" className="xUnitTestProject.CurrencyHelperTests" name="FormatToStringTest1000" />
    </UnitTest>
    <UnitTest name="xUnitTestProject.CurrencyHelperTests.FormatToStringTest1000(price: 9503.466049463705, expected: &quot;9503.47 zł&quot;)" storage="c:\projekty\xunittestproject\bin\debug\netcoreapp3.1\xunittestproject.dll" id="a1056dc3-d634-deb8-6537-d1daee422b62">
      <Execution id="1df62262-1e98-4e7e-a536-01393ed582f7" />
      <TestMethod codeBase="C:\Projekty\xUnitTestProject\bin\Debug\netcoreapp3.1\xUnitTestProject.dll" adapterTypeName="executor://xunit/VsTestRunner2/netcoreapp" className="xUnitTestProject.CurrencyHelperTests" name="FormatToStringTest1000" />
    </UnitTest>
    <UnitTest name="xUnitTestProject.CurrencyHelperTests.FormatToStringTest1000(price: 19208.676036795914, expected: &quot;19208.68 zł&quot;)" storage="c:\projekty\xunittestproject\bin\debug\netcoreapp3.1\xunittestproject.dll" id="e6b4d3a2-a83c-419f-8b42-b631077ac8fc">
      <Execution id="963ab67f-291e-4dbc-9843-a3a233e4c065" />
      <TestMethod codeBase="C:\Projekty\xUnitTestProject\bin\Debug\netcoreapp3.1\xUnitTestProject.dll" adapterTypeName="executor://xunit/VsTestRunner2/netcoreapp" className="xUnitTestProject.CurrencyHelperTests" name="FormatToStringTest1000" />
    </UnitTest>
    <UnitTest name="xUnitTestProject.CurrencyHelperTests.FormatToStringTest1000(price: 25908.345463821825, expected: &quot;25908.35 zł&quot;)" storage="c:\projekty\xunittestproject\bin\debug\netcoreapp3.1\xunittestproject.dll" id="4efa35ac-3125-a521-7208-253d92298a56">
      <Execution id="02e607c8-4ec2-4460-a1e9-0dd43e3f4b32" />
      <TestMethod codeBase="C:\Projekty\xUnitTestProject\bin\Debug\netcoreapp3.1\xUnitTestProject.dll" adapterTypeName="executor://xunit/VsTestRunner2/netcoreapp" className="xUnitTestProject.CurrencyHelperTests" name="FormatToStringTest1000" />
    </UnitTest>
    <UnitTest name="xUnitTestProject.CurrencyHelperTests.FormatToStringTest1000(price: 58848.60825001477, expected: &quot;58848.61 zł&quot;)" storage="c:\projekty\xunittestproject\bin\debug\netcoreapp3.1\xunittestproject.dll" id="8dcae478-7176-db28-16c0-e91e0d918df3">
      <Execution id="4bd06d17-fe90-47de-9e93-114ad2e929ee" />
      <TestMethod codeBase="C:\Projekty\xUnitTestProject\bin\Debug\netcoreapp3.1\xUnitTestProject.dll" adapterTypeName="executor://xunit/VsTestRunner2/netcoreapp" className="xUnitTestProject.CurrencyHelperTests" name="FormatToStringTest1000" />
    </UnitTest>
    <UnitTest name="xUnitTestProject.CurrencyHelperTests.FormatToStringTest1000(price: 14063.90676654871, expected: &quot;14063.91 zł&quot;)" storage="c:\projekty\xunittestproject\bin\debug\netcoreapp3.1\xunittestproject.dll" id="0ce41b19-5488-6227-82d4-578fa8558f1f">
      <Execution id="2426129a-c9d6-484e-9fdd-b4af0c5a8d39" />
      <TestMethod codeBase="C:\Projekty\xUnitTestProject\bin\Debug\netcoreapp3.1\xUnitTestProject.dll" adapterTypeName="executor://xunit/VsTestRunner2/netcoreapp" className="xUnitTestProject.CurrencyHelperTests" name="FormatToStringTest1000" />
    </UnitTest>
    <UnitTest name="xUnitTestProject.CurrencyHelperTests.FormatToStringTest1000(price: 38803.03958246253, expected: &quot;38803.04 zł&quot;)" storage="c:\projekty\xunittestproject\bin\debug\netcoreapp3.1\xunittestproject.dll" id="d1d304ec-d1a8-54dd-0ee3-d84b0c72b00c">
      <Execution id="91c55e37-96d9-4969-840d-4d007e814799" />
      <TestMethod codeBase="C:\Projekty\xUnitTestProject\bin\Debug\netcoreapp3.1\xUnitTestProject.dll" adapterTypeName="executor://xunit/VsTestRunner2/netcoreapp" className="xUnitTestProject.CurrencyHelperTests" name="FormatToStringTest1000" />
    </UnitTest>
    <UnitTest name="xUnitTestProject.CurrencyHelperTests.FormatToStringTest1000(price: 11181.228339251702, expected: &quot;11181.23 zł&quot;)" storage="c:\projekty\xunittestproject\bin\debug\netcoreapp3.1\xunittestproject.dll" id="caf33f47-4d9c-c378-9883-273199a79b1e">
      <Execution id="6a52b20c-341a-460b-b93d-b007cc18bed1" />
      <TestMethod codeBase="C:\Projekty\xUnitTestProject\bin\Debug\netcoreapp3.1\xUnitTestProject.dll" adapterTypeName="executor://xunit/VsTestRunner2/netcoreapp" className="xUnitTestProject.CurrencyHelperTests" name="FormatToStringTest1000" />
    </UnitTest>
    <UnitTest name="xUnitTestProject.CurrencyHelperTests.FormatToStringTest1000(price: 19882.647973500494, expected: &quot;19882.65 zł&quot;)" storage="c:\projekty\xunittestproject\bin\debug\netcoreapp3.1\xunittestproject.dll" id="990c6bd9-75e3-e712-66e8-1d0bc8aed91c">
      <Execution id="c9c8531c-4eab-4c81-bd8b-5cefbb89617d" />
      <TestMethod codeBase="C:\Projekty\xUnitTestProject\bin\Debug\netcoreapp3.1\xUnitTestProject.dll" adapterTypeName="executor://xunit/VsTestRunner2/netcoreapp" className="xUnitTestProject.CurrencyHelperTests" name="FormatToStringTest1000" />
    </UnitTest>
    <UnitTest name="xUnitTestProject.CurrencyHelperTests.FormatToStringTest1000(price: 28861.97337596769, expected: &quot;28861.97 zł&quot;)" storage="c:\projekty\xunittestproject\bin\debug\netcoreapp3.1\xunittestproject.dll" id="fdef4ad6-20d8-042a-63d8-5826de557b18">
      <Execution id="e69b7f06-e82d-432c-aa1a-74eaffcbffaa" />
      <TestMethod codeBase="C:\Projekty\xUnitTestProject\bin\Debug\netcoreapp3.1\xUnitTestProject.dll" adapterTypeName="executor://xunit/VsTestRunner2/netcoreapp" className="xUnitTestProject.CurrencyHelperTests" name="FormatToStringTest1000" />
    </UnitTest>
    <UnitTest name="xUnitTestProject.CurrencyHelperTests.FormatToStringTest1000(price: 24566.50251371856, expected: &quot;24566.50 zł&quot;)" storage="c:\projekty\xunittestproject\bin\debug\netcoreapp3.1\xunittestproject.dll" id="5987d0c7-7679-adcc-a7d5-76af40a4f7f5">
      <Execution id="f2197b57-6ea3-469c-a907-29f6ff6471c8" />
      <TestMethod codeBase="C:\Projekty\xUnitTestProject\bin\Debug\netcoreapp3.1\xUnitTestProject.dll" adapterTypeName="executor://xunit/VsTestRunner2/netcoreapp" className="xUnitTestProject.CurrencyHelperTests" name="FormatToStringTest1000" />
    </UnitTest>
    <UnitTest name="xUnitTestProject.CurrencyHelperTests.FormatToStringTest1000(price: 58191.92113629585, expected: &quot;58191.92 zł&quot;)" storage="c:\projekty\xunittestproject\bin\debug\netcoreapp3.1\xunittestproject.dll" id="f2b68a15-ef7c-c26b-ffdd-eb9ae7067bca">
      <Execution id="c5a5c38d-18ec-4543-900a-48647209245b" />
      <TestMethod codeBase="C:\Projekty\xUnitTestProject\bin\Debug\netcoreapp3.1\xUnitTestProject.dll" adapterTypeName="executor://xunit/VsTestRunner2/netcoreapp" className="xUnitTestProject.CurrencyHelperTests" name="FormatToStringTest1000" />
    </UnitTest>
    <UnitTest name="xUnitTestProject.CurrencyHelperTests.FormatToStringTest1000(price: 2751.3751475258614, expected: &quot;2751.38 zł&quot;)" storage="c:\projekty\xunittestproject\bin\debug\netcoreapp3.1\xunittestproject.dll" id="8f93d79c-66e7-77f7-7d43-554a5055be47">
      <Execution id="4a1b6ff6-8f0d-43c8-84d7-72c6aa413092" />
      <TestMethod codeBase="C:\Projekty\xUnitTestProject\bin\Debug\netcoreapp3.1\xUnitTestProject.dll" adapterTypeName="executor://xunit/VsTestRunner2/netcoreapp" className="xUnitTestProject.CurrencyHelperTests" name="FormatToStringTest1000" />
    </UnitTest>
    <UnitTest name="xUnitTestProject.CurrencyHelperTests.FormatToStringTest1000(price: 3195.202943510936, expected: &quot;3195.20 zł&quot;)" storage="c:\projekty\xunittestproject\bin\debug\netcoreapp3.1\xunittestproject.dll" id="67b93cbf-4a61-71bd-d4ce-d603f3c3b311">
      <Execution id="76568a17-c96e-49be-92f8-8c04bc060217" />
      <TestMethod codeBase="C:\Projekty\xUnitTestProject\bin\Debug\netcoreapp3.1\xUnitTestProject.dll" adapterTypeName="executor://xunit/VsTestRunner2/netcoreapp" className="xUnitTestProject.CurrencyHelperTests" name="FormatToStringTest1000" />
    </UnitTest>
    <UnitTest name="xUnitTestProject.CurrencyHelperTests.FormatToStringTest1000(price: 26133.133789601336, expected: &quot;26133.13 zł&quot;)" storage="c:\projekty\xunittestproject\bin\debug\netcoreapp3.1\xunittestproject.dll" id="bfee474b-216b-2c15-15a7-0adadfd388fb">
      <Execution id="322bc977-d4b1-4492-8a21-e777aa951eb2" />
      <TestMethod codeBase="C:\Projekty\xUnitTestProject\bin\Debug\netcoreapp3.1\xUnitTestProject.dll" adapterTypeName="executor://xunit/VsTestRunner2/netcoreapp" className="xUnitTestProject.CurrencyHelperTests" name="FormatToStringTest1000" />
    </UnitTest>
    <UnitTest name="xUnitTestProject.CurrencyHelperTests.FormatToStringTest1000(price: 37.631227987646696, expected: &quot;37.63 zł&quot;)" storage="c:\projekty\xunittestproject\bin\debug\netcoreapp3.1\xunittestproject.dll" id="647d0f12-f39c-4459-8e85-bad3059c7bbf">
      <Execution id="83fbba5f-ee7e-4482-8c89-d2ca5b013f08" />
      <TestMethod codeBase="C:\Projekty\xUnitTestProject\bin\Debug\netcoreapp3.1\xUnitTestProject.dll" adapterTypeName="executor://xunit/VsTestRunner2/netcoreapp" className="xUnitTestProject.CurrencyHelperTests" name="FormatToStringTest1000" />
    </UnitTest>
    <UnitTest name="xUnitTestProject.CurrencyHelperTests.FormatToStringTest1000(price: 19392.945535027862, expected: &quot;19392.95 zł&quot;)" storage="c:\projekty\xunittestproject\bin\debug\netcoreapp3.1\xunittestproject.dll" id="b9aabaf1-a1cb-6124-f2ee-69eb1bbe949b">
      <Execution id="21123b1d-2965-4a0c-9681-54fb17aebb7b" />
      <TestMethod codeBase="C:\Projekty\xUnitTestProject\bin\Debug\netcoreapp3.1\xUnitTestProject.dll" adapterTypeName="executor://xunit/VsTestRunner2/netcoreapp" className="xUnitTestProject.CurrencyHelperTests" name="FormatToStringTest1000" />
    </UnitTest>
    <UnitTest name="xUnitTestProject.CurrencyHelperTests.FormatToStringTest1000(price: 16030.852371789913, expected: &quot;16030.85 zł&quot;)" storage="c:\projekty\xunittestproject\bin\debug\netcoreapp3.1\xunittestproject.dll" id="48499d12-acd9-8513-1f00-a2b49278b2fc">
      <Execution id="a495acf2-57be-4d58-bb36-a407ffb6f1ce" />
      <TestMethod codeBase="C:\Projekty\xUnitTestProject\bin\Debug\netcoreapp3.1\xUnitTestProject.dll" adapterTypeName="executor://xunit/VsTestRunner2/netcoreapp" className="xUnitTestProject.CurrencyHelperTests" name="FormatToStringTest1000" />
    </UnitTest>
    <UnitTest name="xUnitTestProject.CurrencyHelperTests.FormatToStringTest1000(price: 14035.12972514477, expected: &quot;14035.13 zł&quot;)" storage="c:\projekty\xunittestproject\bin\debug\netcoreapp3.1\xunittestproject.dll" id="d4b7a26e-ed5a-1e37-a00a-e21284ce265b">
      <Execution id="da6852b1-4ca0-4f42-b091-2b93687f5b22" />
      <TestMethod codeBase="C:\Projekty\xUnitTestProject\bin\Debug\netcoreapp3.1\xUnitTestProject.dll" adapterTypeName="executor://xunit/VsTestRunner2/netcoreapp" className="xUnitTestProject.CurrencyHelperTests" name="FormatToStringTest1000" />
    </UnitTest>
    <UnitTest name="xUnitTestProject.CurrencyHelperTests.FormatToStringTest1000(price: 8644.187977380207, expected: &quot;8644.19 zł&quot;)" storage="c:\projekty\xunittestproject\bin\debug\netcoreapp3.1\xunittestproject.dll" id="83240b81-a0ee-d801-c63e-6e722955f2f1">
      <Execution id="03ece646-b0f0-43d1-acde-791a0545c232" />
      <TestMethod codeBase="C:\Projekty\xUnitTestProject\bin\Debug\netcoreapp3.1\xUnitTestProject.dll" adapterTypeName="executor://xunit/VsTestRunner2/netcoreapp" className="xUnitTestProject.CurrencyHelperTests" name="FormatToStringTest1000" />
    </UnitTest>
    <UnitTest name="xUnitTestProject.CurrencyHelperTests.FormatToStringTest1000(price: 23023.74724929768, expected: &quot;23023.75 zł&quot;)" storage="c:\projekty\xunittestproject\bin\debug\netcoreapp3.1\xunittestproject.dll" id="58fbd806-2ce4-1de9-b5f6-010d0ee1cbfa">
      <Execution id="ffc65f0c-b573-405b-8ad4-f4073193ea0b" />
      <TestMethod codeBase="C:\Projekty\xUnitTestProject\bin\Debug\netcoreapp3.1\xUnitTestProject.dll" adapterTypeName="executor://xunit/VsTestRunner2/netcoreapp" className="xUnitTestProject.CurrencyHelperTests" name="FormatToStringTest1000" />
    </UnitTest>
    <UnitTest name="xUnitTestProject.CurrencyHelperTests.FormatToStringTest1000(price: 835.1578487740633, expected: &quot;835.16 zł&quot;)" storage="c:\projekty\xunittestproject\bin\debug\netcoreapp3.1\xunittestproject.dll" id="c9fc2c85-cd6b-22aa-0e63-9afbfb8c152b">
      <Execution id="c046fa9b-7d86-4121-a284-a17510f167a4" />
      <TestMethod codeBase="C:\Projekty\xUnitTestProject\bin\Debug\netcoreapp3.1\xUnitTestProject.dll" adapterTypeName="executor://xunit/VsTestRunner2/netcoreapp" className="xUnitTestProject.CurrencyHelperTests" name="FormatToStringTest1000" />
    </UnitTest>
    <UnitTest name="xUnitTestProject.CurrencyHelperTests.FormatToStringTest1000(price: 22017.250119325356, expected: &quot;22017.25 zł&quot;)" storage="c:\projekty\xunittestproject\bin\debug\netcoreapp3.1\xunittestproject.dll" id="181c235a-8f4f-6777-859c-d2eff1a2ae91">
      <Execution id="494d5adb-bf07-4d13-87a1-01caacb24355" />
      <TestMethod codeBase="C:\Projekty\xUnitTestProject\bin\Debug\netcoreapp3.1\xUnitTestProject.dll" adapterTypeName="executor://xunit/VsTestRunner2/netcoreapp" className="xUnitTestProject.CurrencyHelperTests" name="FormatToStringTest1000" />
    </UnitTest>
    <UnitTest name="xUnitTestProject.CurrencyHelperTests.FormatToStringTest1000(price: 115.26302841131717, expected: &quot;115.26 zł&quot;)" storage="c:\projekty\xunittestproject\bin\debug\netcoreapp3.1\xunittestproject.dll" id="5d30b17d-1a70-2e78-f289-4e82f0d205e6">
      <Execution id="6aa2083b-8d61-4733-9c25-81dfef33f328" />
      <TestMethod codeBase="C:\Projekty\xUnitTestProject\bin\Debug\netcoreapp3.1\xUnitTestProject.dll" adapterTypeName="executor://xunit/VsTestRunner2/netcoreapp" className="xUnitTestProject.CurrencyHelperTests" name="FormatToStringTest1000" />
    </UnitTest>
    <UnitTest name="xUnitTestProject.CurrencyHelperTests.FormatToStringTest1000(price: 14172.682747822573, expected: &quot;14172.68 zł&quot;)" storage="c:\projekty\xunittestproject\bin\debug\netcoreapp3.1\xunittestproject.dll" id="fdb8f5e8-aebb-9f4d-e956-1151e0f88117">
      <Execution id="759c4ceb-afdc-4bbe-a37d-8da8d440aa60" />
      <TestMethod codeBase="C:\Projekty\xUnitTestProject\bin\Debug\netcoreapp3.1\xUnitTestProject.dll" adapterTypeName="executor://xunit/VsTestRunner2/netcoreapp" className="xUnitTestProject.CurrencyHelperTests" name="FormatToStringTest1000" />
    </UnitTest>
    <UnitTest name="xUnitTestProject.CurrencyHelperTests.FormatToStringTest1000(price: 918.1842976688334, expected: &quot;918.18 zł&quot;)" storage="c:\projekty\xunittestproject\bin\debug\netcoreapp3.1\xunittestproject.dll" id="e3eba5d2-93a0-e22e-731e-ed52218ff16c">
      <Execution id="aa160712-9c60-43ee-bef7-2eaf44ef31e1" />
      <TestMethod codeBase="C:\Projekty\xUnitTestProject\bin\Debug\netcoreapp3.1\xUnitTestProject.dll" adapterTypeName="executor://xunit/VsTestRunner2/netcoreapp" className="xUnitTestProject.CurrencyHelperTests" name="FormatToStringTest1000" />
    </UnitTest>
    <UnitTest name="xUnitTestProject.CurrencyHelperTests.FormatToStringTest1000(price: 34021.1384072961, expected: &quot;34021.14 zł&quot;)" storage="c:\projekty\xunittestproject\bin\debug\netcoreapp3.1\xunittestproject.dll" id="6c083eac-7cf7-3a47-1845-0ff85783e0c1">
      <Execution id="f5b62b61-c3cd-4541-8427-a909b7ad0cd0" />
      <TestMethod codeBase="C:\Projekty\xUnitTestProject\bin\Debug\netcoreapp3.1\xUnitTestProject.dll" adapterTypeName="executor://xunit/VsTestRunner2/netcoreapp" className="xUnitTestProject.CurrencyHelperTests" name="FormatToStringTest1000" />
    </UnitTest>
    <UnitTest name="xUnitTestProject.CurrencyHelperTests.FormatToStringTest1000(price: 1799.2562459103092, expected: &quot;1799.26 zł&quot;)" storage="c:\projekty\xunittestproject\bin\debug\netcoreapp3.1\xunittestproject.dll" id="86ad28ff-91bc-6dfc-4b29-d680c9d331eb">
      <Execution id="7628192b-296d-4ce7-997f-26c04d358142" />
      <TestMethod codeBase="C:\Projekty\xUnitTestProject\bin\Debug\netcoreapp3.1\xUnitTestProject.dll" adapterTypeName="executor://xunit/VsTestRunner2/netcoreapp" className="xUnitTestProject.CurrencyHelperTests" name="FormatToStringTest1000" />
    </UnitTest>
    <UnitTest name="xUnitTestProject.CurrencyHelperTests.FormatToStringTest1000(price: 30034.922435005625, expected: &quot;30034.92 zł&quot;)" storage="c:\projekty\xunittestproject\bin\debug\netcoreapp3.1\xunittestproject.dll" id="bfe24180-c0ac-b24a-c731-fe26d6138983">
      <Execution id="be443bd7-de50-43af-91d2-5f4fbcd255b9" />
      <TestMethod codeBase="C:\Projekty\xUnitTestProject\bin\Debug\netcoreapp3.1\xUnitTestProject.dll" adapterTypeName="executor://xunit/VsTestRunner2/netcoreapp" className="xUnitTestProject.CurrencyHelperTests" name="FormatToStringTest1000" />
    </UnitTest>
    <UnitTest name="xUnitTestProject.CurrencyHelperTests.FormatToStringTest1000(price: 15742.409864349947, expected: &quot;15742.41 zł&quot;)" storage="c:\projekty\xunittestproject\bin\debug\netcoreapp3.1\xunittestproject.dll" id="4d5be905-ae12-4fb4-1d65-7b8d91a9be3a">
      <Execution id="6d9fd538-8df3-436c-96cf-1fb224c64502" />
      <TestMethod codeBase="C:\Projekty\xUnitTestProject\bin\Debug\netcoreapp3.1\xUnitTestProject.dll" adapterTypeName="executor://xunit/VsTestRunner2/netcoreapp" className="xUnitTestProject.CurrencyHelperTests" name="FormatToStringTest1000" />
    </UnitTest>
    <UnitTest name="xUnitTestProject.CurrencyHelperTests.FormatToStringTest1000(price: 1187.8237780126854, expected: &quot;1187.82 zł&quot;)" storage="c:\projekty\xunittestproject\bin\debug\netcoreapp3.1\xunittestproject.dll" id="b9b36c19-155c-ac46-851c-623393903657">
      <Execution id="b77be092-b6a8-4b75-8d42-3a90b84184aa" />
      <TestMethod codeBase="C:\Projekty\xUnitTestProject\bin\Debug\netcoreapp3.1\xUnitTestProject.dll" adapterTypeName="executor://xunit/VsTestRunner2/netcoreapp" className="xUnitTestProject.CurrencyHelperTests" name="FormatToStringTest1000" />
    </UnitTest>
    <UnitTest name="xUnitTestProject.CurrencyHelperTests.FormatToStringTest1000(price: 21221.884746198488, expected: &quot;21221.88 zł&quot;)" storage="c:\projekty\xunittestproject\bin\debug\netcoreapp3.1\xunittestproject.dll" id="d0528706-3be3-396a-77f7-4d1c86caa17a">
      <Execution id="ad276af0-c5cb-485c-bfa4-5c90a34428c5" />
      <TestMethod codeBase="C:\Projekty\xUnitTestProject\bin\Debug\netcoreapp3.1\xUnitTestProject.dll" adapterTypeName="executor://xunit/VsTestRunner2/netcoreapp" className="xUnitTestProject.CurrencyHelperTests" name="FormatToStringTest1000" />
    </UnitTest>
    <UnitTest name="xUnitTestProject.CurrencyHelperTests.FormatToStringTest1000(price: 47964.941885361884, expected: &quot;47964.94 zł&quot;)" storage="c:\projekty\xunittestproject\bin\debug\netcoreapp3.1\xunittestproject.dll" id="56eb6a9f-6cb4-2abe-d7ee-7e044f42c842">
      <Execution id="94657b06-3d25-41ae-847f-54a273841ca8" />
      <TestMethod codeBase="C:\Projekty\xUnitTestProject\bin\Debug\netcoreapp3.1\xUnitTestProject.dll" adapterTypeName="executor://xunit/VsTestRunner2/netcoreapp" className="xUnitTestProject.CurrencyHelperTests" name="FormatToStringTest1000" />
    </UnitTest>
    <UnitTest name="xUnitTestProject.CurrencyHelperTests.FormatToStringTest1000(price: 64490.52771614982, expected: &quot;64490.53 zł&quot;)" storage="c:\projekty\xunittestproject\bin\debug\netcoreapp3.1\xunittestproject.dll" id="a9730862-4522-ad92-1efa-cb822a9c946d">
      <Execution id="68128ffe-dfd1-47cb-84bb-4e6b220bbfd8" />
      <TestMethod codeBase="C:\Projekty\xUnitTestProject\bin\Debug\netcoreapp3.1\xUnitTestProject.dll" adapterTypeName="executor://xunit/VsTestRunner2/netcoreapp" className="xUnitTestProject.CurrencyHelperTests" name="FormatToStringTest1000" />
    </UnitTest>
    <UnitTest name="xUnitTestProject.CurrencyHelperTests.FormatToStringTest1000(price: 12949.590713378317, expected: &quot;12949.59 zł&quot;)" storage="c:\projekty\xunittestproject\bin\debug\netcoreapp3.1\xunittestproject.dll" id="f962f016-220b-dd5b-3c75-15629456e786">
      <Execution id="a03d3f4b-ce1f-4661-aa24-fdad52fd7a36" />
      <TestMethod codeBase="C:\Projekty\xUnitTestProject\bin\Debug\netcoreapp3.1\xUnitTestProject.dll" adapterTypeName="executor://xunit/VsTestRunner2/netcoreapp" className="xUnitTestProject.CurrencyHelperTests" name="FormatToStringTest1000" />
    </UnitTest>
    <UnitTest name="xUnitTestProject.CurrencyHelperTests.FormatToStringTest1000(price: 15414.175096961751, expected: &quot;15414.18 zł&quot;)" storage="c:\projekty\xunittestproject\bin\debug\netcoreapp3.1\xunittestproject.dll" id="6bf29abc-b7d1-2681-6ab5-01a37d1208f2">
      <Execution id="5598e7fb-5c22-47ab-9f95-5129cfd0aa26" />
      <TestMethod codeBase="C:\Projekty\xUnitTestProject\bin\Debug\netcoreapp3.1\xUnitTestProject.dll" adapterTypeName="executor://xunit/VsTestRunner2/netcoreapp" className="xUnitTestProject.CurrencyHelperTests" name="FormatToStringTest1000" />
    </UnitTest>
    <UnitTest name="xUnitTestProject.CurrencyHelperTests.FormatToStringTest1000(price: 11624.834848273003, expected: &quot;11624.83 zł&quot;)" storage="c:\projekty\xunittestproject\bin\debug\netcoreapp3.1\xunittestproject.dll" id="eb1e2ccd-822e-57b0-f5e5-7fc8ed277803">
      <Execution id="55790ad7-f219-4990-a978-f3ef85de10f2" />
      <TestMethod codeBase="C:\Projekty\xUnitTestProject\bin\Debug\netcoreapp3.1\xUnitTestProject.dll" adapterTypeName="executor://xunit/VsTestRunner2/netcoreapp" className="xUnitTestProject.CurrencyHelperTests" name="FormatToStringTest1000" />
    </UnitTest>
    <UnitTest name="xUnitTestProject.CurrencyHelperTests.FormatToStringTest1000(price: 75162.39407669863, expected: &quot;75162.39 zł&quot;)" storage="c:\projekty\xunittestproject\bin\debug\netcoreapp3.1\xunittestproject.dll" id="9b9cb762-c5b9-fbcf-33f7-2ca2d3e98b42">
      <Execution id="b89e5054-f180-4a69-a9de-ec9df453124d" />
      <TestMethod codeBase="C:\Projekty\xUnitTestProject\bin\Debug\netcoreapp3.1\xUnitTestProject.dll" adapterTypeName="executor://xunit/VsTestRunner2/netcoreapp" className="xUnitTestProject.CurrencyHelperTests" name="FormatToStringTest1000" />
    </UnitTest>
    <UnitTest name="xUnitTestProject.CurrencyHelperTests.FormatToStringTest1000(price: 1549.6599114973376, expected: &quot;1549.66 zł&quot;)" storage="c:\projekty\xunittestproject\bin\debug\netcoreapp3.1\xunittestproject.dll" id="594ca00d-02cf-07de-ca25-0d701d72a0a6">
      <Execution id="3958a33a-5584-4bf9-be2a-e7639cd45d67" />
      <TestMethod codeBase="C:\Projekty\xUnitTestProject\bin\Debug\netcoreapp3.1\xUnitTestProject.dll" adapterTypeName="executor://xunit/VsTestRunner2/netcoreapp" className="xUnitTestProject.CurrencyHelperTests" name="FormatToStringTest1000" />
    </UnitTest>
    <UnitTest name="xUnitTestProject.CurrencyHelperTests.FormatToStringTest1000(price: 7396.940188290057, expected: &quot;7396.94 zł&quot;)" storage="c:\projekty\xunittestproject\bin\debug\netcoreapp3.1\xunittestproject.dll" id="d13187c3-6513-b7ca-7370-507380fe2c88">
      <Execution id="7ecca184-358c-4ea0-bd71-befc1459431e" />
      <TestMethod codeBase="C:\Projekty\xUnitTestProject\bin\Debug\netcoreapp3.1\xUnitTestProject.dll" adapterTypeName="executor://xunit/VsTestRunner2/netcoreapp" className="xUnitTestProject.CurrencyHelperTests" name="FormatToStringTest1000" />
    </UnitTest>
    <UnitTest name="xUnitTestProject.CurrencyHelperTests.FormatToStringTest1000(price: 50339.31259969497, expected: &quot;50339.31 zł&quot;)" storage="c:\projekty\xunittestproject\bin\debug\netcoreapp3.1\xunittestproject.dll" id="80d3734c-ba9f-0770-a478-3dd6f9b70cb0">
      <Execution id="f7fee219-b759-4493-b327-879d4a84bc6c" />
      <TestMethod codeBase="C:\Projekty\xUnitTestProject\bin\Debug\netcoreapp3.1\xUnitTestProject.dll" adapterTypeName="executor://xunit/VsTestRunner2/netcoreapp" className="xUnitTestProject.CurrencyHelperTests" name="FormatToStringTest1000" />
    </UnitTest>
    <UnitTest name="xUnitTestProject.CurrencyHelperTests.FormatToStringTest1000(price: 25036.98767214035, expected: &quot;25036.99 zł&quot;)" storage="c:\projekty\xunittestproject\bin\debug\netcoreapp3.1\xunittestproject.dll" id="5a63deb4-703f-d2ca-862c-112038163809">
      <Execution id="e5202893-bdb1-4a94-a369-62d0b1456c1b" />
      <TestMethod codeBase="C:\Projekty\xUnitTestProject\bin\Debug\netcoreapp3.1\xUnitTestProject.dll" adapterTypeName="executor://xunit/VsTestRunner2/netcoreapp" className="xUnitTestProject.CurrencyHelperTests" name="FormatToStringTest1000" />
    </UnitTest>
    <UnitTest name="xUnitTestProject.CurrencyHelperTests.FormatToStringTest1000(price: 13286.856387228174, expected: &quot;13286.86 zł&quot;)" storage="c:\projekty\xunittestproject\bin\debug\netcoreapp3.1\xunittestproject.dll" id="8181cd4b-8454-73ed-8ced-01a1dc2b25c3">
      <Execution id="7e47c310-a851-4e70-97f8-c5c22de50801" />
      <TestMethod codeBase="C:\Projekty\xUnitTestProject\bin\Debug\netcoreapp3.1\xUnitTestProject.dll" adapterTypeName="executor://xunit/VsTestRunner2/netcoreapp" className="xUnitTestProject.CurrencyHelperTests" name="FormatToStringTest1000" />
    </UnitTest>
    <UnitTest name="xUnitTestProject.CurrencyHelperTests.FormatToStringTest1000(price: 22197.731451777618, expected: &quot;22197.73 zł&quot;)" storage="c:\projekty\xunittestproject\bin\debug\netcoreapp3.1\xunittestproject.dll" id="bfdd6bca-a34f-47f5-eae8-5d12e496bd00">
      <Execution id="21c0e45c-affc-42af-a019-b3c5fa94dd15" />
      <TestMethod codeBase="C:\Projekty\xUnitTestProject\bin\Debug\netcoreapp3.1\xUnitTestProject.dll" adapterTypeName="executor://xunit/VsTestRunner2/netcoreapp" className="xUnitTestProject.CurrencyHelperTests" name="FormatToStringTest1000" />
    </UnitTest>
    <UnitTest name="xUnitTestProject.CurrencyHelperTests.FormatToStringTest1000(price: 31424.298858482067, expected: &quot;31424.30 zł&quot;)" storage="c:\projekty\xunittestproject\bin\debug\netcoreapp3.1\xunittestproject.dll" id="06022d11-491a-4f0d-4482-3457e9003d33">
      <Execution id="a9c8a0b1-d51a-40f4-a632-3eb8c7fb374a" />
      <TestMethod codeBase="C:\Projekty\xUnitTestProject\bin\Debug\netcoreapp3.1\xUnitTestProject.dll" adapterTypeName="executor://xunit/VsTestRunner2/netcoreapp" className="xUnitTestProject.CurrencyHelperTests" name="FormatToStringTest1000" />
    </UnitTest>
    <UnitTest name="xUnitTestProject.CurrencyHelperTests.FormatToStringTest1000(price: 32732.81915128502, expected: &quot;32732.82 zł&quot;)" storage="c:\projekty\xunittestproject\bin\debug\netcoreapp3.1\xunittestproject.dll" id="b6d907a4-489e-cb15-8555-a5c35fcc0ce1">
      <Execution id="18875af9-69bb-4f79-9f33-f7d235517cea" />
      <TestMethod codeBase="C:\Projekty\xUnitTestProject\bin\Debug\netcoreapp3.1\xUnitTestProject.dll" adapterTypeName="executor://xunit/VsTestRunner2/netcoreapp" className="xUnitTestProject.CurrencyHelperTests" name="FormatToStringTest1000" />
    </UnitTest>
    <UnitTest name="xUnitTestProject.CurrencyHelperTests.FormatToStringTest1000(price: 29508.077101491428, expected: &quot;29508.08 zł&quot;)" storage="c:\projekty\xunittestproject\bin\debug\netcoreapp3.1\xunittestproject.dll" id="c1457a00-5932-b692-d468-5af96619c895">
      <Execution id="8cd07f09-ce96-4e6f-a274-1aa4a117f702" />
      <TestMethod codeBase="C:\Projekty\xUnitTestProject\bin\Debug\netcoreapp3.1\xUnitTestProject.dll" adapterTypeName="executor://xunit/VsTestRunner2/netcoreapp" className="xUnitTestProject.CurrencyHelperTests" name="FormatToStringTest1000" />
    </UnitTest>
    <UnitTest name="xUnitTestProject.CurrencyHelperTests.FormatToStringTest1000(price: 386.358918903097, expected: &quot;386.36 zł&quot;)" storage="c:\projekty\xunittestproject\bin\debug\netcoreapp3.1\xunittestproject.dll" id="cb9f49fb-58b9-06a6-2d40-6492ed02487d">
      <Execution id="e3053606-1d9b-4bc2-8c9c-9c4133ba8aa8" />
      <TestMethod codeBase="C:\Projekty\xUnitTestProject\bin\Debug\netcoreapp3.1\xUnitTestProject.dll" adapterTypeName="executor://xunit/VsTestRunner2/netcoreapp" className="xUnitTestProject.CurrencyHelperTests" name="FormatToStringTest1000" />
    </UnitTest>
    <UnitTest name="xUnitTestProject.CurrencyHelperTests.FormatToStringTest1000(price: 21961.272673999552, expected: &quot;21961.27 zł&quot;)" storage="c:\projekty\xunittestproject\bin\debug\netcoreapp3.1\xunittestproject.dll" id="8e957c61-833e-a0b8-17c9-5e56071d3f70">
      <Execution id="6d5f9b86-2193-4f34-b4ef-d60ba54f9df2" />
      <TestMethod codeBase="C:\Projekty\xUnitTestProject\bin\Debug\netcoreapp3.1\xUnitTestProject.dll" adapterTypeName="executor://xunit/VsTestRunner2/netcoreapp" className="xUnitTestProject.CurrencyHelperTests" name="FormatToStringTest1000" />
    </UnitTest>
    <UnitTest name="xUnitTestProject.CurrencyHelperTests.FormatToStringTest1000(price: 47575.6421269959, expected: &quot;47575.64 zł&quot;)" storage="c:\projekty\xunittestproject\bin\debug\netcoreapp3.1\xunittestproject.dll" id="5ba87170-b4be-88ce-9658-2993ce18ab0a">
      <Execution id="41446a27-9569-48df-9c30-15cd28118fee" />
      <TestMethod codeBase="C:\Projekty\xUnitTestProject\bin\Debug\netcoreapp3.1\xUnitTestProject.dll" adapterTypeName="executor://xunit/VsTestRunner2/netcoreapp" className="xUnitTestProject.CurrencyHelperTests" name="FormatToStringTest1000" />
    </UnitTest>
    <UnitTest name="xUnitTestProject.CurrencyHelperTests.FormatToStringTest1000(price: 12283.48626129026, expected: &quot;12283.49 zł&quot;)" storage="c:\projekty\xunittestproject\bin\debug\netcoreapp3.1\xunittestproject.dll" id="73d2aaa8-ac83-ede5-fed4-5dcf1194783f">
      <Execution id="7d6c2193-eb00-4c6e-b4ab-5716010b93b6" />
      <TestMethod codeBase="C:\Projekty\xUnitTestProject\bin\Debug\netcoreapp3.1\xUnitTestProject.dll" adapterTypeName="executor://xunit/VsTestRunner2/netcoreapp" className="xUnitTestProject.CurrencyHelperTests" name="FormatToStringTest1000" />
    </UnitTest>
    <UnitTest name="xUnitTestProject.CurrencyHelperTests.FormatToStringTest1000(price: 16688.70569393677, expected: &quot;16688.71 zł&quot;)" storage="c:\projekty\xunittestproject\bin\debug\netcoreapp3.1\xunittestproject.dll" id="e6d7e4bb-8f4e-56e2-712f-a2453f4d8f71">
      <Execution id="3dc2b433-3ad2-45b9-80c8-ee9a8e31c52b" />
      <TestMethod codeBase="C:\Projekty\xUnitTestProject\bin\Debug\netcoreapp3.1\xUnitTestProject.dll" adapterTypeName="executor://xunit/VsTestRunner2/netcoreapp" className="xUnitTestProject.CurrencyHelperTests" name="FormatToStringTest1000" />
    </UnitTest>
    <UnitTest name="xUnitTestProject.CurrencyHelperTests.FormatToStringTest1000(price: 26174.290999793586, expected: &quot;26174.29 zł&quot;)" storage="c:\projekty\xunittestproject\bin\debug\netcoreapp3.1\xunittestproject.dll" id="4b152625-d247-2206-1bc2-f59ef3dda4ef">
      <Execution id="4334fc0a-3ceb-49ee-a4ac-dfbf22e2d9bb" />
      <TestMethod codeBase="C:\Projekty\xUnitTestProject\bin\Debug\netcoreapp3.1\xUnitTestProject.dll" adapterTypeName="executor://xunit/VsTestRunner2/netcoreapp" className="xUnitTestProject.CurrencyHelperTests" name="FormatToStringTest1000" />
    </UnitTest>
    <UnitTest name="xUnitTestProject.CurrencyHelperTests.FormatToStringTest1000(price: 4002.4180488374172, expected: &quot;4002.42 zł&quot;)" storage="c:\projekty\xunittestproject\bin\debug\netcoreapp3.1\xunittestproject.dll" id="1006d1f0-5b29-3f16-0e5d-80a2a40c26e6">
      <Execution id="15b0c9ac-3fb9-4a5d-b91d-ce66018fcbbf" />
      <TestMethod codeBase="C:\Projekty\xUnitTestProject\bin\Debug\netcoreapp3.1\xUnitTestProject.dll" adapterTypeName="executor://xunit/VsTestRunner2/netcoreapp" className="xUnitTestProject.CurrencyHelperTests" name="FormatToStringTest1000" />
    </UnitTest>
    <UnitTest name="xUnitTestProject.CurrencyHelperTests.FormatToStringTest1000(price: 16208.076866391615, expected: &quot;16208.08 zł&quot;)" storage="c:\projekty\xunittestproject\bin\debug\netcoreapp3.1\xunittestproject.dll" id="128fe360-ca56-c4c9-0f07-7350435e34a3">
      <Execution id="c63bc1f4-27c9-440d-8d62-396dace087aa" />
      <TestMethod codeBase="C:\Projekty\xUnitTestProject\bin\Debug\netcoreapp3.1\xUnitTestProject.dll" adapterTypeName="executor://xunit/VsTestRunner2/netcoreapp" className="xUnitTestProject.CurrencyHelperTests" name="FormatToStringTest1000" />
    </UnitTest>
    <UnitTest name="xUnitTestProject.CurrencyHelperTests.FormatToStringTest1000(price: 23980.12943509646, expected: &quot;23980.13 zł&quot;)" storage="c:\projekty\xunittestproject\bin\debug\netcoreapp3.1\xunittestproject.dll" id="c0622c05-a365-df5b-d83a-27dce2d844ee">
      <Execution id="5d9e6283-ae22-4c24-9a3c-7f6b413a5f61" />
      <TestMethod codeBase="C:\Projekty\xUnitTestProject\bin\Debug\netcoreapp3.1\xUnitTestProject.dll" adapterTypeName="executor://xunit/VsTestRunner2/netcoreapp" className="xUnitTestProject.CurrencyHelperTests" name="FormatToStringTest1000" />
    </UnitTest>
    <UnitTest name="xUnitTestProject.CurrencyHelperTests.FormatToStringTest1000(price: 77919.64716867341, expected: &quot;77919.65 zł&quot;)" storage="c:\projekty\xunittestproject\bin\debug\netcoreapp3.1\xunittestproject.dll" id="5de12653-1f5a-24cb-5ff2-99601694fb1f">
      <Execution id="2c1b4653-4a82-40ef-b801-d26c6d535b7a" />
      <TestMethod codeBase="C:\Projekty\xUnitTestProject\bin\Debug\netcoreapp3.1\xUnitTestProject.dll" adapterTypeName="executor://xunit/VsTestRunner2/netcoreapp" className="xUnitTestProject.CurrencyHelperTests" name="FormatToStringTest1000" />
    </UnitTest>
    <UnitTest name="xUnitTestProject.CurrencyHelperTests.FormatToStringTest1000(price: 20012.898273490322, expected: &quot;20012.90 zł&quot;)" storage="c:\projekty\xunittestproject\bin\debug\netcoreapp3.1\xunittestproject.dll" id="5200e545-dbbb-62af-891d-31499a618a0e">
      <Execution id="4192e260-12ca-43ba-88d9-9c72f0c9b558" />
      <TestMethod codeBase="C:\Projekty\xUnitTestProject\bin\Debug\netcoreapp3.1\xUnitTestProject.dll" adapterTypeName="executor://xunit/VsTestRunner2/netcoreapp" className="xUnitTestProject.CurrencyHelperTests" name="FormatToStringTest1000" />
    </UnitTest>
    <UnitTest name="xUnitTestProject.CurrencyHelperTests.FormatToStringTest1000(price: 5978.1197194131655, expected: &quot;5978.12 zł&quot;)" storage="c:\projekty\xunittestproject\bin\debug\netcoreapp3.1\xunittestproject.dll" id="124aa2c1-a584-951a-b578-c58272b94396">
      <Execution id="eccf741a-1681-4655-b6bd-29bfc7a75ad1" />
      <TestMethod codeBase="C:\Projekty\xUnitTestProject\bin\Debug\netcoreapp3.1\xUnitTestProject.dll" adapterTypeName="executor://xunit/VsTestRunner2/netcoreapp" className="xUnitTestProject.CurrencyHelperTests" name="FormatToStringTest1000" />
    </UnitTest>
    <UnitTest name="xUnitTestProject.CurrencyHelperTests.FormatToStringTest1000(price: 17988.455793307843, expected: &quot;17988.46 zł&quot;)" storage="c:\projekty\xunittestproject\bin\debug\netcoreapp3.1\xunittestproject.dll" id="6837dba7-40c4-9f70-ea2b-82f5a35b378d">
      <Execution id="b03ca533-15bc-46ac-96df-bb47b351dc84" />
      <TestMethod codeBase="C:\Projekty\xUnitTestProject\bin\Debug\netcoreapp3.1\xUnitTestProject.dll" adapterTypeName="executor://xunit/VsTestRunner2/netcoreapp" className="xUnitTestProject.CurrencyHelperTests" name="FormatToStringTest1000" />
    </UnitTest>
    <UnitTest name="xUnitTestProject.CurrencyHelperTests.FormatToStringTest1000(price: 22799.991836491965, expected: &quot;22799.99 zł&quot;)" storage="c:\projekty\xunittestproject\bin\debug\netcoreapp3.1\xunittestproject.dll" id="681b18e6-8ac3-1647-8149-58844d19cdf1">
      <Execution id="42d8c75b-6644-4962-abbb-d39cb51884f9" />
      <TestMethod codeBase="C:\Projekty\xUnitTestProject\bin\Debug\netcoreapp3.1\xUnitTestProject.dll" adapterTypeName="executor://xunit/VsTestRunner2/netcoreapp" className="xUnitTestProject.CurrencyHelperTests" name="FormatToStringTest1000" />
    </UnitTest>
    <UnitTest name="xUnitTestProject.CurrencyHelperTests.FormatToStringTest1000(price: 79.6815319544084, expected: &quot;79.68 zł&quot;)" storage="c:\projekty\xunittestproject\bin\debug\netcoreapp3.1\xunittestproject.dll" id="7729c68a-38c8-f8ce-da09-5022e186685c">
      <Execution id="c510800d-309a-41e2-86f2-21a7986cf02e" />
      <TestMethod codeBase="C:\Projekty\xUnitTestProject\bin\Debug\netcoreapp3.1\xUnitTestProject.dll" adapterTypeName="executor://xunit/VsTestRunner2/netcoreapp" className="xUnitTestProject.CurrencyHelperTests" name="FormatToStringTest1000" />
    </UnitTest>
    <UnitTest name="xUnitTestProject.CurrencyHelperTests.FormatToStringTest1000(price: 32359.431438434138, expected: &quot;32359.43 zł&quot;)" storage="c:\projekty\xunittestproject\bin\debug\netcoreapp3.1\xunittestproject.dll" id="a1a0e8aa-488b-d813-0baf-a61aa194c928">
      <Execution id="4ba24337-df01-46d8-8416-6570a07373ed" />
      <TestMethod codeBase="C:\Projekty\xUnitTestProject\bin\Debug\netcoreapp3.1\xUnitTestProject.dll" adapterTypeName="executor://xunit/VsTestRunner2/netcoreapp" className="xUnitTestProject.CurrencyHelperTests" name="FormatToStringTest1000" />
    </UnitTest>
    <UnitTest name="xUnitTestProject.CurrencyHelperTests.FormatToStringTest1000(price: 81326.3340147521, expected: &quot;81326.33 zł&quot;)" storage="c:\projekty\xunittestproject\bin\debug\netcoreapp3.1\xunittestproject.dll" id="f96cba70-db37-0f83-9cd0-465945a7184e">
      <Execution id="fab11d3a-79a2-4020-8c34-f72cf0b52dff" />
      <TestMethod codeBase="C:\Projekty\xUnitTestProject\bin\Debug\netcoreapp3.1\xUnitTestProject.dll" adapterTypeName="executor://xunit/VsTestRunner2/netcoreapp" className="xUnitTestProject.CurrencyHelperTests" name="FormatToStringTest1000" />
    </UnitTest>
    <UnitTest name="xUnitTestProject.CurrencyHelperTests.FormatToStringTest1000(price: 4898.699005344277, expected: &quot;4898.70 zł&quot;)" storage="c:\projekty\xunittestproject\bin\debug\netcoreapp3.1\xunittestproject.dll" id="c9dc0f3f-e108-0c1a-7cef-09dcecce5469">
      <Execution id="c61a336d-9b63-447b-b56c-252a11d49e81" />
      <TestMethod codeBase="C:\Projekty\xUnitTestProject\bin\Debug\netcoreapp3.1\xUnitTestProject.dll" adapterTypeName="executor://xunit/VsTestRunner2/netcoreapp" className="xUnitTestProject.CurrencyHelperTests" name="FormatToStringTest1000" />
    </UnitTest>
    <UnitTest name="xUnitTestProject.CurrencyHelperTests.FormatToStringTest1000(price: 52888.48934243642, expected: &quot;52888.49 zł&quot;)" storage="c:\projekty\xunittestproject\bin\debug\netcoreapp3.1\xunittestproject.dll" id="e5b31225-6687-353e-986c-a81c10574659">
      <Execution id="5145827c-5b61-401b-a384-4c9b5571d571" />
      <TestMethod codeBase="C:\Projekty\xUnitTestProject\bin\Debug\netcoreapp3.1\xUnitTestProject.dll" adapterTypeName="executor://xunit/VsTestRunner2/netcoreapp" className="xUnitTestProject.CurrencyHelperTests" name="FormatToStringTest1000" />
    </UnitTest>
    <UnitTest name="xUnitTestProject.CurrencyHelperTests.FormatToStringTest1000(price: 4592.278577496428, expected: &quot;4592.28 zł&quot;)" storage="c:\projekty\xunittestproject\bin\debug\netcoreapp3.1\xunittestproject.dll" id="256b0aa4-ca9e-f9c0-c01a-e5ce082d7933">
      <Execution id="35559193-3487-4a61-96f8-3e81e3eee7a3" />
      <TestMethod codeBase="C:\Projekty\xUnitTestProject\bin\Debug\netcoreapp3.1\xUnitTestProject.dll" adapterTypeName="executor://xunit/VsTestRunner2/netcoreapp" className="xUnitTestProject.CurrencyHelperTests" name="FormatToStringTest1000" />
    </UnitTest>
    <UnitTest name="xUnitTestProject.CurrencyHelperTests.FormatToStringTest1000(price: 70771.4436677524, expected: &quot;70771.44 zł&quot;)" storage="c:\projekty\xunittestproject\bin\debug\netcoreapp3.1\xunittestproject.dll" id="faee1a73-2321-167e-168b-f89892fb598c">
      <Execution id="298a3869-7dbf-47fe-86a9-9a07afc9b42c" />
      <TestMethod codeBase="C:\Projekty\xUnitTestProject\bin\Debug\netcoreapp3.1\xUnitTestProject.dll" adapterTypeName="executor://xunit/VsTestRunner2/netcoreapp" className="xUnitTestProject.CurrencyHelperTests" name="FormatToStringTest1000" />
    </UnitTest>
    <UnitTest name="xUnitTestProject.CurrencyHelperTests.FormatToStringTest1000(price: 8851.904041135638, expected: &quot;8851.90 zł&quot;)" storage="c:\projekty\xunittestproject\bin\debug\netcoreapp3.1\xunittestproject.dll" id="d674a2b2-91f4-595f-2a5d-e8f6a4053ca1">
      <Execution id="e3e98669-cb87-4a8c-a1da-479b6fa9587d" />
      <TestMethod codeBase="C:\Projekty\xUnitTestProject\bin\Debug\netcoreapp3.1\xUnitTestProject.dll" adapterTypeName="executor://xunit/VsTestRunner2/netcoreapp" className="xUnitTestProject.CurrencyHelperTests" name="FormatToStringTest1000" />
    </UnitTest>
    <UnitTest name="xUnitTestProject.CurrencyHelperTests.FormatToStringTest1000(price: 34084.19497795599, expected: &quot;34084.19 zł&quot;)" storage="c:\projekty\xunittestproject\bin\debug\netcoreapp3.1\xunittestproject.dll" id="a61390b2-0ec7-4d98-e7ed-b8eba6ac247d">
      <Execution id="90cd5f47-7e77-4f31-9a6f-11904bbc93cf" />
      <TestMethod codeBase="C:\Projekty\xUnitTestProject\bin\Debug\netcoreapp3.1\xUnitTestProject.dll" adapterTypeName="executor://xunit/VsTestRunner2/netcoreapp" className="xUnitTestProject.CurrencyHelperTests" name="FormatToStringTest1000" />
    </UnitTest>
    <UnitTest name="xUnitTestProject.CurrencyHelperTests.FormatToStringTest1000(price: 13541.45472935096, expected: &quot;13541.45 zł&quot;)" storage="c:\projekty\xunittestproject\bin\debug\netcoreapp3.1\xunittestproject.dll" id="72e1721e-ca6c-63c9-59ef-8aef6ff15353">
      <Execution id="f34a56b7-b961-4e5d-a6c9-6866ca298d6c" />
      <TestMethod codeBase="C:\Projekty\xUnitTestProject\bin\Debug\netcoreapp3.1\xUnitTestProject.dll" adapterTypeName="executor://xunit/VsTestRunner2/netcoreapp" className="xUnitTestProject.CurrencyHelperTests" name="FormatToStringTest1000" />
    </UnitTest>
    <UnitTest name="xUnitTestProject.CurrencyHelperTests.FormatToStringTest1000(price: 48654.65723134794, expected: &quot;48654.66 zł&quot;)" storage="c:\projekty\xunittestproject\bin\debug\netcoreapp3.1\xunittestproject.dll" id="178d037f-daf8-5717-a393-b090c90da1cf">
      <Execution id="e9fbf3da-6dd6-425d-b351-6fae4d4407b9" />
      <TestMethod codeBase="C:\Projekty\xUnitTestProject\bin\Debug\netcoreapp3.1\xUnitTestProject.dll" adapterTypeName="executor://xunit/VsTestRunner2/netcoreapp" className="xUnitTestProject.CurrencyHelperTests" name="FormatToStringTest1000" />
    </UnitTest>
    <UnitTest name="xUnitTestProject.CurrencyHelperTests.FormatToStringTest1000(price: 5566.818038455592, expected: &quot;5566.82 zł&quot;)" storage="c:\projekty\xunittestproject\bin\debug\netcoreapp3.1\xunittestproject.dll" id="0ceb7858-003d-ab99-34b5-3e79f1abe40b">
      <Execution id="540cb57e-7d94-401f-862a-b1e876b9be0a" />
      <TestMethod codeBase="C:\Projekty\xUnitTestProject\bin\Debug\netcoreapp3.1\xUnitTestProject.dll" adapterTypeName="executor://xunit/VsTestRunner2/netcoreapp" className="xUnitTestProject.CurrencyHelperTests" name="FormatToStringTest1000" />
    </UnitTest>
    <UnitTest name="xUnitTestProject.CurrencyHelperTests.FormatToStringTest1000(price: 44930.92203801075, expected: &quot;44930.92 zł&quot;)" storage="c:\projekty\xunittestproject\bin\debug\netcoreapp3.1\xunittestproject.dll" id="33b7f528-129d-12a3-ccd2-fd1f055d858f">
      <Execution id="2bf962be-ae53-426d-907e-fd03ff45fbbb" />
      <TestMethod codeBase="C:\Projekty\xUnitTestProject\bin\Debug\netcoreapp3.1\xUnitTestProject.dll" adapterTypeName="executor://xunit/VsTestRunner2/netcoreapp" className="xUnitTestProject.CurrencyHelperTests" name="FormatToStringTest1000" />
    </UnitTest>
    <UnitTest name="xUnitTestProject.CurrencyHelperTests.FormatToStringTest1000(price: 36651.05802063414, expected: &quot;36651.06 zł&quot;)" storage="c:\projekty\xunittestproject\bin\debug\netcoreapp3.1\xunittestproject.dll" id="91970791-479f-53e8-256c-76fb4b85cf1d">
      <Execution id="2382ac7f-5ad3-410d-97cf-6d0c43a69b26" />
      <TestMethod codeBase="C:\Projekty\xUnitTestProject\bin\Debug\netcoreapp3.1\xUnitTestProject.dll" adapterTypeName="executor://xunit/VsTestRunner2/netcoreapp" className="xUnitTestProject.CurrencyHelperTests" name="FormatToStringTest1000" />
    </UnitTest>
    <UnitTest name="xUnitTestProject.CurrencyHelperTests.FormatToStringTest1000(price: 18990.72499258012, expected: &quot;18990.72 zł&quot;)" storage="c:\projekty\xunittestproject\bin\debug\netcoreapp3.1\xunittestproject.dll" id="c4f09638-23b4-3d40-c0a4-ef63a006dba0">
      <Execution id="019fe21c-de5b-4b7b-b9cd-fdfe56b7ff8e" />
      <TestMethod codeBase="C:\Projekty\xUnitTestProject\bin\Debug\netcoreapp3.1\xUnitTestProject.dll" adapterTypeName="executor://xunit/VsTestRunner2/netcoreapp" className="xUnitTestProject.CurrencyHelperTests" name="FormatToStringTest1000" />
    </UnitTest>
    <UnitTest name="xUnitTestProject.CurrencyHelperTests.FormatToStringTest1000(price: 22367.991005544547, expected: &quot;22367.99 zł&quot;)" storage="c:\projekty\xunittestproject\bin\debug\netcoreapp3.1\xunittestproject.dll" id="0e945364-42c0-3773-924e-a8c9f3ec6d3e">
      <Execution id="dd963d75-c7fb-4c1a-9a1d-55ff534f5fe3" />
      <TestMethod codeBase="C:\Projekty\xUnitTestProject\bin\Debug\netcoreapp3.1\xUnitTestProject.dll" adapterTypeName="executor://xunit/VsTestRunner2/netcoreapp" className="xUnitTestProject.CurrencyHelperTests" name="FormatToStringTest1000" />
    </UnitTest>
    <UnitTest name="xUnitTestProject.CurrencyHelperTests.FormatToStringTest1000(price: 7191.024921368353, expected: &quot;7191.02 zł&quot;)" storage="c:\projekty\xunittestproject\bin\debug\netcoreapp3.1\xunittestproject.dll" id="0e8e9a77-632c-db52-e40d-d7b033807f15">
      <Execution id="eb049281-9d31-4868-8ff1-9da97e227d24" />
      <TestMethod codeBase="C:\Projekty\xUnitTestProject\bin\Debug\netcoreapp3.1\xUnitTestProject.dll" adapterTypeName="executor://xunit/VsTestRunner2/netcoreapp" className="xUnitTestProject.CurrencyHelperTests" name="FormatToStringTest1000" />
    </UnitTest>
    <UnitTest name="xUnitTestProject.CurrencyHelperTests.FormatToStringTest1000(price: 726.8087564975995, expected: &quot;726.81 zł&quot;)" storage="c:\projekty\xunittestproject\bin\debug\netcoreapp3.1\xunittestproject.dll" id="761c5474-ba0b-efdd-0d5f-bfbe630a98c2">
      <Execution id="750f6d65-4ee1-44a0-b7e3-83f2347a1d4c" />
      <TestMethod codeBase="C:\Projekty\xUnitTestProject\bin\Debug\netcoreapp3.1\xUnitTestProject.dll" adapterTypeName="executor://xunit/VsTestRunner2/netcoreapp" className="xUnitTestProject.CurrencyHelperTests" name="FormatToStringTest1000" />
    </UnitTest>
    <UnitTest name="xUnitTestProject.CurrencyHelperTests.FormatToStringTest1000(price: 7076.829971250534, expected: &quot;7076.83 zł&quot;)" storage="c:\projekty\xunittestproject\bin\debug\netcoreapp3.1\xunittestproject.dll" id="cc7d6c48-2140-f681-276a-ee6d54b1f129">
      <Execution id="95c6260e-c156-4e44-ad09-3f47d86891ca" />
      <TestMethod codeBase="C:\Projekty\xUnitTestProject\bin\Debug\netcoreapp3.1\xUnitTestProject.dll" adapterTypeName="executor://xunit/VsTestRunner2/netcoreapp" className="xUnitTestProject.CurrencyHelperTests" name="FormatToStringTest1000" />
    </UnitTest>
    <UnitTest name="xUnitTestProject.CurrencyHelperTests.FormatToStringTest1000(price: 65809.35218338219, expected: &quot;65809.35 zł&quot;)" storage="c:\projekty\xunittestproject\bin\debug\netcoreapp3.1\xunittestproject.dll" id="cbad7040-1370-8b80-f9ed-c7be376f327f">
      <Execution id="ee421bb5-4f77-4662-b5cc-3fdc4e97bef8" />
      <TestMethod codeBase="C:\Projekty\xUnitTestProject\bin\Debug\netcoreapp3.1\xUnitTestProject.dll" adapterTypeName="executor://xunit/VsTestRunner2/netcoreapp" className="xUnitTestProject.CurrencyHelperTests" name="FormatToStringTest1000" />
    </UnitTest>
    <UnitTest name="xUnitTestProject.CurrencyHelperTests.FormatToStringTest1000(price: 41972.39431566763, expected: &quot;41972.39 zł&quot;)" storage="c:\projekty\xunittestproject\bin\debug\netcoreapp3.1\xunittestproject.dll" id="0d1bc5db-e6c6-10df-8cf0-a0dfa7497484">
      <Execution id="121ef473-57c9-4c3e-aabe-c9892d0f750a" />
      <TestMethod codeBase="C:\Projekty\xUnitTestProject\bin\Debug\netcoreapp3.1\xUnitTestProject.dll" adapterTypeName="executor://xunit/VsTestRunner2/netcoreapp" className="xUnitTestProject.CurrencyHelperTests" name="FormatToStringTest1000" />
    </UnitTest>
    <UnitTest name="xUnitTestProject.CurrencyHelperTests.FormatToStringTest1000(price: 66541.05112730109, expected: &quot;66541.05 zł&quot;)" storage="c:\projekty\xunittestproject\bin\debug\netcoreapp3.1\xunittestproject.dll" id="459add99-cbf9-4f7c-b3d1-c619873acede">
      <Execution id="809a4615-fc32-4269-9a11-4b5184fdb962" />
      <TestMethod codeBase="C:\Projekty\xUnitTestProject\bin\Debug\netcoreapp3.1\xUnitTestProject.dll" adapterTypeName="executor://xunit/VsTestRunner2/netcoreapp" className="xUnitTestProject.CurrencyHelperTests" name="FormatToStringTest1000" />
    </UnitTest>
    <UnitTest name="xUnitTestProject.CurrencyHelperTests.FormatToStringTest1000(price: 11829.625994884234, expected: &quot;11829.63 zł&quot;)" storage="c:\projekty\xunittestproject\bin\debug\netcoreapp3.1\xunittestproject.dll" id="979704d6-636b-33ea-e33f-cc67613aefb0">
      <Execution id="495b986f-9f36-4b87-95f5-21d019249165" />
      <TestMethod codeBase="C:\Projekty\xUnitTestProject\bin\Debug\netcoreapp3.1\xUnitTestProject.dll" adapterTypeName="executor://xunit/VsTestRunner2/netcoreapp" className="xUnitTestProject.CurrencyHelperTests" name="FormatToStringTest1000" />
    </UnitTest>
    <UnitTest name="xUnitTestProject.CurrencyHelperTests.FormatToStringTest1000(price: 6146.91236741278, expected: &quot;6146.91 zł&quot;)" storage="c:\projekty\xunittestproject\bin\debug\netcoreapp3.1\xunittestproject.dll" id="2155bccb-482b-2346-834b-1eb7ea617ead">
      <Execution id="ef036417-7b19-4ef2-8748-c4ad517c6f92" />
      <TestMethod codeBase="C:\Projekty\xUnitTestProject\bin\Debug\netcoreapp3.1\xUnitTestProject.dll" adapterTypeName="executor://xunit/VsTestRunner2/netcoreapp" className="xUnitTestProject.CurrencyHelperTests" name="FormatToStringTest1000" />
    </UnitTest>
    <UnitTest name="xUnitTestProject.CurrencyHelperTests.FormatToStringTest1000(price: 50507.0104155615, expected: &quot;50507.01 zł&quot;)" storage="c:\projekty\xunittestproject\bin\debug\netcoreapp3.1\xunittestproject.dll" id="c0cf2cb3-44c7-373b-4b04-bf5ce7678b68">
      <Execution id="98013f6f-522a-4030-aa56-58156506a0f6" />
      <TestMethod codeBase="C:\Projekty\xUnitTestProject\bin\Debug\netcoreapp3.1\xUnitTestProject.dll" adapterTypeName="executor://xunit/VsTestRunner2/netcoreapp" className="xUnitTestProject.CurrencyHelperTests" name="FormatToStringTest1000" />
    </UnitTest>
    <UnitTest name="xUnitTestProject.CurrencyHelperTests.FormatToStringTest1000(price: 12221.10494323592, expected: &quot;12221.10 zł&quot;)" storage="c:\projekty\xunittestproject\bin\debug\netcoreapp3.1\xunittestproject.dll" id="eb81fa5f-83e5-54db-0bb8-c928bd6f40f1">
      <Execution id="c77bdec5-cedd-445e-b220-92556524ff24" />
      <TestMethod codeBase="C:\Projekty\xUnitTestProject\bin\Debug\netcoreapp3.1\xUnitTestProject.dll" adapterTypeName="executor://xunit/VsTestRunner2/netcoreapp" className="xUnitTestProject.CurrencyHelperTests" name="FormatToStringTest1000" />
    </UnitTest>
    <UnitTest name="xUnitTestProject.CurrencyHelperTests.FormatToStringTest1000(price: 159.83786031922224, expected: &quot;159.84 zł&quot;)" storage="c:\projekty\xunittestproject\bin\debug\netcoreapp3.1\xunittestproject.dll" id="3fe65711-0b55-7192-8237-90b45a462066">
      <Execution id="9ba59aea-2a73-4b76-aec3-fe34d2bbacb6" />
      <TestMethod codeBase="C:\Projekty\xUnitTestProject\bin\Debug\netcoreapp3.1\xUnitTestProject.dll" adapterTypeName="executor://xunit/VsTestRunner2/netcoreapp" className="xUnitTestProject.CurrencyHelperTests" name="FormatToStringTest1000" />
    </UnitTest>
    <UnitTest name="xUnitTestProject.CurrencyHelperTests.FormatToStringTest1000(price: 55030.929183896136, expected: &quot;55030.93 zł&quot;)" storage="c:\projekty\xunittestproject\bin\debug\netcoreapp3.1\xunittestproject.dll" id="8a663fa2-76ee-caf2-967f-999f9c7a5bb3">
      <Execution id="9d239b58-fe46-48da-a96d-3f2d2f287557" />
      <TestMethod codeBase="C:\Projekty\xUnitTestProject\bin\Debug\netcoreapp3.1\xUnitTestProject.dll" adapterTypeName="executor://xunit/VsTestRunner2/netcoreapp" className="xUnitTestProject.CurrencyHelperTests" name="FormatToStringTest1000" />
    </UnitTest>
    <UnitTest name="xUnitTestProject.CurrencyHelperTests.FormatToStringTest1000(price: 49256.65708813195, expected: &quot;49256.66 zł&quot;)" storage="c:\projekty\xunittestproject\bin\debug\netcoreapp3.1\xunittestproject.dll" id="53a23bf0-6e98-cb61-d489-afed97d56bcf">
      <Execution id="588de814-1596-48f6-828a-714ee54f9c10" />
      <TestMethod codeBase="C:\Projekty\xUnitTestProject\bin\Debug\netcoreapp3.1\xUnitTestProject.dll" adapterTypeName="executor://xunit/VsTestRunner2/netcoreapp" className="xUnitTestProject.CurrencyHelperTests" name="FormatToStringTest1000" />
    </UnitTest>
    <UnitTest name="xUnitTestProject.CurrencyHelperTests.FormatToStringTest1000(price: 37561.969571757116, expected: &quot;37561.97 zł&quot;)" storage="c:\projekty\xunittestproject\bin\debug\netcoreapp3.1\xunittestproject.dll" id="c6af2688-b6d7-1499-ef57-908aefcce6dc">
      <Execution id="fb9b726c-bc56-4a85-bbb6-f6904414c212" />
      <TestMethod codeBase="C:\Projekty\xUnitTestProject\bin\Debug\netcoreapp3.1\xUnitTestProject.dll" adapterTypeName="executor://xunit/VsTestRunner2/netcoreapp" className="xUnitTestProject.CurrencyHelperTests" name="FormatToStringTest1000" />
    </UnitTest>
    <UnitTest name="xUnitTestProject.CurrencyHelperTests.FormatToStringTest1000(price: 22459.530444447664, expected: &quot;22459.53 zł&quot;)" storage="c:\projekty\xunittestproject\bin\debug\netcoreapp3.1\xunittestproject.dll" id="2ff6532c-932c-742b-a63d-f74c12776c60">
      <Execution id="6c8cc88f-5c98-468b-805b-83171ce32a25" />
      <TestMethod codeBase="C:\Projekty\xUnitTestProject\bin\Debug\netcoreapp3.1\xUnitTestProject.dll" adapterTypeName="executor://xunit/VsTestRunner2/netcoreapp" className="xUnitTestProject.CurrencyHelperTests" name="FormatToStringTest1000" />
    </UnitTest>
    <UnitTest name="xUnitTestProject.CurrencyHelperTests.FormatToStringTest1000(price: 16282.687804925576, expected: &quot;16282.69 zł&quot;)" storage="c:\projekty\xunittestproject\bin\debug\netcoreapp3.1\xunittestproject.dll" id="ae81390e-96a7-cf30-3a99-7ea7ca8436a2">
      <Execution id="f9bf5a24-d7c3-4b3c-8fe2-6ab9f6e5e1be" />
      <TestMethod codeBase="C:\Projekty\xUnitTestProject\bin\Debug\netcoreapp3.1\xUnitTestProject.dll" adapterTypeName="executor://xunit/VsTestRunner2/netcoreapp" className="xUnitTestProject.CurrencyHelperTests" name="FormatToStringTest1000" />
    </UnitTest>
    <UnitTest name="xUnitTestProject.CurrencyHelperTests.FormatToStringTest1000(price: 28192.949128067565, expected: &quot;28192.95 zł&quot;)" storage="c:\projekty\xunittestproject\bin\debug\netcoreapp3.1\xunittestproject.dll" id="c85737d8-c8f4-a23c-9c62-4ed60400843c">
      <Execution id="bdb9403c-ad0e-4f6a-bcf5-81e828484d7f" />
      <TestMethod codeBase="C:\Projekty\xUnitTestProject\bin\Debug\netcoreapp3.1\xUnitTestProject.dll" adapterTypeName="executor://xunit/VsTestRunner2/netcoreapp" className="xUnitTestProject.CurrencyHelperTests" name="FormatToStringTest1000" />
    </UnitTest>
    <UnitTest name="xUnitTestProject.CurrencyHelperTests.FormatToStringTest1000(price: 8211.920994553679, expected: &quot;8211.92 zł&quot;)" storage="c:\projekty\xunittestproject\bin\debug\netcoreapp3.1\xunittestproject.dll" id="055fec57-4e1c-11c8-a858-911643af23bd">
      <Execution id="15d3dbbb-2883-4901-b881-67ed878d021b" />
      <TestMethod codeBase="C:\Projekty\xUnitTestProject\bin\Debug\netcoreapp3.1\xUnitTestProject.dll" adapterTypeName="executor://xunit/VsTestRunner2/netcoreapp" className="xUnitTestProject.CurrencyHelperTests" name="FormatToStringTest1000" />
    </UnitTest>
    <UnitTest name="xUnitTestProject.CurrencyHelperTests.FormatToStringTest1000(price: 55303.17220895699, expected: &quot;55303.17 zł&quot;)" storage="c:\projekty\xunittestproject\bin\debug\netcoreapp3.1\xunittestproject.dll" id="650f8125-7e62-0be3-dcfc-dc1202eb9625">
      <Execution id="fb6b4946-7547-4f36-af50-745b29e6f60b" />
      <TestMethod codeBase="C:\Projekty\xUnitTestProject\bin\Debug\netcoreapp3.1\xUnitTestProject.dll" adapterTypeName="executor://xunit/VsTestRunner2/netcoreapp" className="xUnitTestProject.CurrencyHelperTests" name="FormatToStringTest1000" />
    </UnitTest>
    <UnitTest name="xUnitTestProject.CurrencyHelperTests.FormatToStringTest1000(price: 4636.500544966897, expected: &quot;4636.50 zł&quot;)" storage="c:\projekty\xunittestproject\bin\debug\netcoreapp3.1\xunittestproject.dll" id="af73f199-441a-68ae-4898-efc1663c19b9">
      <Execution id="a932ab0d-7c9e-4706-bdf6-50b4bfa3c2d7" />
      <TestMethod codeBase="C:\Projekty\xUnitTestProject\bin\Debug\netcoreapp3.1\xUnitTestProject.dll" adapterTypeName="executor://xunit/VsTestRunner2/netcoreapp" className="xUnitTestProject.CurrencyHelperTests" name="FormatToStringTest1000" />
    </UnitTest>
    <UnitTest name="xUnitTestProject.CurrencyHelperTests.FormatToStringTest1000(price: 51300.77891898145, expected: &quot;51300.78 zł&quot;)" storage="c:\projekty\xunittestproject\bin\debug\netcoreapp3.1\xunittestproject.dll" id="1dd0f7bb-be41-1080-f53b-d32cb9d53ae0">
      <Execution id="635ec678-6a12-4396-92a0-5ae79b116441" />
      <TestMethod codeBase="C:\Projekty\xUnitTestProject\bin\Debug\netcoreapp3.1\xUnitTestProject.dll" adapterTypeName="executor://xunit/VsTestRunner2/netcoreapp" className="xUnitTestProject.CurrencyHelperTests" name="FormatToStringTest1000" />
    </UnitTest>
    <UnitTest name="xUnitTestProject.CurrencyHelperTests.FormatToStringTest1000(price: 18627.604896394354, expected: &quot;18627.60 zł&quot;)" storage="c:\projekty\xunittestproject\bin\debug\netcoreapp3.1\xunittestproject.dll" id="9c810ece-be18-f9ed-3cc8-f43cbbe8d789">
      <Execution id="1a70045f-a2cc-4134-acaf-a693916bbd32" />
      <TestMethod codeBase="C:\Projekty\xUnitTestProject\bin\Debug\netcoreapp3.1\xUnitTestProject.dll" adapterTypeName="executor://xunit/VsTestRunner2/netcoreapp" className="xUnitTestProject.CurrencyHelperTests" name="FormatToStringTest1000" />
    </UnitTest>
    <UnitTest name="xUnitTestProject.CurrencyHelperTests.FormatToStringTest1000(price: 6352.983758103561, expected: &quot;6352.98 zł&quot;)" storage="c:\projekty\xunittestproject\bin\debug\netcoreapp3.1\xunittestproject.dll" id="a815ca81-3cc8-5bb5-3df9-88bef0e0f650">
      <Execution id="877f340b-023e-42f3-9a41-4cb365696535" />
      <TestMethod codeBase="C:\Projekty\xUnitTestProject\bin\Debug\netcoreapp3.1\xUnitTestProject.dll" adapterTypeName="executor://xunit/VsTestRunner2/netcoreapp" className="xUnitTestProject.CurrencyHelperTests" name="FormatToStringTest1000" />
    </UnitTest>
    <UnitTest name="xUnitTestProject.CurrencyHelperTests.FormatToStringTest1000(price: 11871.427211910219, expected: &quot;11871.43 zł&quot;)" storage="c:\projekty\xunittestproject\bin\debug\netcoreapp3.1\xunittestproject.dll" id="cb98657e-ea81-1d6a-4868-0d493c1098f6">
      <Execution id="aca13431-cab5-4111-ac61-f829c0467312" />
      <TestMethod codeBase="C:\Projekty\xUnitTestProject\bin\Debug\netcoreapp3.1\xUnitTestProject.dll" adapterTypeName="executor://xunit/VsTestRunner2/netcoreapp" className="xUnitTestProject.CurrencyHelperTests" name="FormatToStringTest1000" />
    </UnitTest>
    <UnitTest name="xUnitTestProject.CurrencyHelperTests.FormatToStringTest1000(price: 10914.360814625099, expected: &quot;10914.36 zł&quot;)" storage="c:\projekty\xunittestproject\bin\debug\netcoreapp3.1\xunittestproject.dll" id="fbdffebc-5b1f-3fc0-8f3a-0ed85a2faf6a">
      <Execution id="f7486b0a-8625-4770-a617-67f4e54d98ee" />
      <TestMethod codeBase="C:\Projekty\xUnitTestProject\bin\Debug\netcoreapp3.1\xUnitTestProject.dll" adapterTypeName="executor://xunit/VsTestRunner2/netcoreapp" className="xUnitTestProject.CurrencyHelperTests" name="FormatToStringTest1000" />
    </UnitTest>
    <UnitTest name="xUnitTestProject.CurrencyHelperTests.FormatToStringTest1000(price: 743.047944508981, expected: &quot;743.05 zł&quot;)" storage="c:\projekty\xunittestproject\bin\debug\netcoreapp3.1\xunittestproject.dll" id="5c64f629-e66f-8e20-9c2d-0a7cb867d56d">
      <Execution id="20b9bad3-483f-422d-b0c6-2c21a0331c26" />
      <TestMethod codeBase="C:\Projekty\xUnitTestProject\bin\Debug\netcoreapp3.1\xUnitTestProject.dll" adapterTypeName="executor://xunit/VsTestRunner2/netcoreapp" className="xUnitTestProject.CurrencyHelperTests" name="FormatToStringTest1000" />
    </UnitTest>
    <UnitTest name="xUnitTestProject.CurrencyHelperTests.FormatToStringTest1000(price: 7975.276658828965, expected: &quot;7975.28 zł&quot;)" storage="c:\projekty\xunittestproject\bin\debug\netcoreapp3.1\xunittestproject.dll" id="1f1eef69-3a21-cd3d-3a5f-46efeda6ab38">
      <Execution id="923d4eb9-e909-4746-8fdb-5000f1a5115e" />
      <TestMethod codeBase="C:\Projekty\xUnitTestProject\bin\Debug\netcoreapp3.1\xUnitTestProject.dll" adapterTypeName="executor://xunit/VsTestRunner2/netcoreapp" className="xUnitTestProject.CurrencyHelperTests" name="FormatToStringTest1000" />
    </UnitTest>
    <UnitTest name="xUnitTestProject.CurrencyHelperTests.FormatToStringTest1000(price: 3131.5022711732904, expected: &quot;3131.50 zł&quot;)" storage="c:\projekty\xunittestproject\bin\debug\netcoreapp3.1\xunittestproject.dll" id="0875efbb-c25e-506a-0639-785cadf1bec9">
      <Execution id="862d7d8b-c0f8-4b45-bfee-827d19b04a1f" />
      <TestMethod codeBase="C:\Projekty\xUnitTestProject\bin\Debug\netcoreapp3.1\xUnitTestProject.dll" adapterTypeName="executor://xunit/VsTestRunner2/netcoreapp" className="xUnitTestProject.CurrencyHelperTests" name="FormatToStringTest1000" />
    </UnitTest>
    <UnitTest name="xUnitTestProject.CurrencyHelperTests.FormatToStringTest1000(price: 36969.98585167247, expected: &quot;36969.99 zł&quot;)" storage="c:\projekty\xunittestproject\bin\debug\netcoreapp3.1\xunittestproject.dll" id="b093b261-89e9-1453-0b15-6960031e6c14">
      <Execution id="d3d1f122-1dc9-4d8f-b295-a3e7d01b0349" />
      <TestMethod codeBase="C:\Projekty\xUnitTestProject\bin\Debug\netcoreapp3.1\xUnitTestProject.dll" adapterTypeName="executor://xunit/VsTestRunner2/netcoreapp" className="xUnitTestProject.CurrencyHelperTests" name="FormatToStringTest1000" />
    </UnitTest>
    <UnitTest name="xUnitTestProject.CurrencyHelperTests.FormatToStringTest1000(price: 54304.07738935393, expected: &quot;54304.08 zł&quot;)" storage="c:\projekty\xunittestproject\bin\debug\netcoreapp3.1\xunittestproject.dll" id="6df0d294-6a13-f132-5a30-674e429b0930">
      <Execution id="1fc58fa5-a2b2-40ad-91ef-5bb0a0ce3549" />
      <TestMethod codeBase="C:\Projekty\xUnitTestProject\bin\Debug\netcoreapp3.1\xUnitTestProject.dll" adapterTypeName="executor://xunit/VsTestRunner2/netcoreapp" className="xUnitTestProject.CurrencyHelperTests" name="FormatToStringTest1000" />
    </UnitTest>
    <UnitTest name="xUnitTestProject.CurrencyHelperTests.FormatToStringTest1000(price: 46166.38051381259, expected: &quot;46166.38 zł&quot;)" storage="c:\projekty\xunittestproject\bin\debug\netcoreapp3.1\xunittestproject.dll" id="14379ebb-9dd5-379e-3072-3bfd6770d049">
      <Execution id="4abf71f0-04e6-4d5a-b11b-d1679b236ff5" />
      <TestMethod codeBase="C:\Projekty\xUnitTestProject\bin\Debug\netcoreapp3.1\xUnitTestProject.dll" adapterTypeName="executor://xunit/VsTestRunner2/netcoreapp" className="xUnitTestProject.CurrencyHelperTests" name="FormatToStringTest1000" />
    </UnitTest>
    <UnitTest name="xUnitTestProject.CurrencyHelperTests.FormatToStringTest1000(price: 39178.05988345298, expected: &quot;39178.06 zł&quot;)" storage="c:\projekty\xunittestproject\bin\debug\netcoreapp3.1\xunittestproject.dll" id="9e735874-97ea-8ca0-11c8-94ac42e81acc">
      <Execution id="bc2a25ac-f2b4-49fe-95f0-6f500ae6ab9a" />
      <TestMethod codeBase="C:\Projekty\xUnitTestProject\bin\Debug\netcoreapp3.1\xUnitTestProject.dll" adapterTypeName="executor://xunit/VsTestRunner2/netcoreapp" className="xUnitTestProject.CurrencyHelperTests" name="FormatToStringTest1000" />
    </UnitTest>
    <UnitTest name="xUnitTestProject.CurrencyHelperTests.FormatToStringTest1000(price: 96.75594581512546, expected: &quot;96.76 zł&quot;)" storage="c:\projekty\xunittestproject\bin\debug\netcoreapp3.1\xunittestproject.dll" id="241187d4-ddc3-99e8-1041-3b3411c6c907">
      <Execution id="55fa2584-eb64-4d74-ac5c-103029818317" />
      <TestMethod codeBase="C:\Projekty\xUnitTestProject\bin\Debug\netcoreapp3.1\xUnitTestProject.dll" adapterTypeName="executor://xunit/VsTestRunner2/netcoreapp" className="xUnitTestProject.CurrencyHelperTests" name="FormatToStringTest1000" />
    </UnitTest>
    <UnitTest name="xUnitTestProject.CurrencyHelperTests.FormatToStringTest1000(price: 72905.64834432845, expected: &quot;72905.65 zł&quot;)" storage="c:\projekty\xunittestproject\bin\debug\netcoreapp3.1\xunittestproject.dll" id="d99ced1b-9ef8-b735-4a70-4562dc79a9d0">
      <Execution id="3d1b27fb-cde2-452a-bf1d-32abb46ef9de" />
      <TestMethod codeBase="C:\Projekty\xUnitTestProject\bin\Debug\netcoreapp3.1\xUnitTestProject.dll" adapterTypeName="executor://xunit/VsTestRunner2/netcoreapp" className="xUnitTestProject.CurrencyHelperTests" name="FormatToStringTest1000" />
    </UnitTest>
    <UnitTest name="xUnitTestProject.CurrencyHelperTests.FormatToStringTest1000(price: 22248.263319677797, expected: &quot;22248.26 zł&quot;)" storage="c:\projekty\xunittestproject\bin\debug\netcoreapp3.1\xunittestproject.dll" id="33ba7c37-d825-e74e-e294-1a6f561fb224">
      <Execution id="42d2285b-54c3-4f53-82f2-09308a64b5b2" />
      <TestMethod codeBase="C:\Projekty\xUnitTestProject\bin\Debug\netcoreapp3.1\xUnitTestProject.dll" adapterTypeName="executor://xunit/VsTestRunner2/netcoreapp" className="xUnitTestProject.CurrencyHelperTests" name="FormatToStringTest1000" />
    </UnitTest>
    <UnitTest name="xUnitTestProject.CurrencyHelperTests.FormatToStringTest1000(price: 26215.613055301183, expected: &quot;26215.61 zł&quot;)" storage="c:\projekty\xunittestproject\bin\debug\netcoreapp3.1\xunittestproject.dll" id="4753ba69-a929-b55c-7853-51519ca51301">
      <Execution id="b7ba3982-1675-41dc-9081-093e08f06336" />
      <TestMethod codeBase="C:\Projekty\xUnitTestProject\bin\Debug\netcoreapp3.1\xUnitTestProject.dll" adapterTypeName="executor://xunit/VsTestRunner2/netcoreapp" className="xUnitTestProject.CurrencyHelperTests" name="FormatToStringTest1000" />
    </UnitTest>
    <UnitTest name="xUnitTestProject.CurrencyHelperTests.FormatToStringTest1000(price: 96022.24851977557, expected: &quot;96022.25 zł&quot;)" storage="c:\projekty\xunittestproject\bin\debug\netcoreapp3.1\xunittestproject.dll" id="c5e43cdb-d4c3-3c40-9593-aad9b5ca8f95">
      <Execution id="e40f1676-9c25-4409-934e-261aed9542a7" />
      <TestMethod codeBase="C:\Projekty\xUnitTestProject\bin\Debug\netcoreapp3.1\xUnitTestProject.dll" adapterTypeName="executor://xunit/VsTestRunner2/netcoreapp" className="xUnitTestProject.CurrencyHelperTests" name="FormatToStringTest1000" />
    </UnitTest>
    <UnitTest name="xUnitTestProject.CurrencyHelperTests.FormatToStringTest1000(price: 9754.291367935619, expected: &quot;9754.29 zł&quot;)" storage="c:\projekty\xunittestproject\bin\debug\netcoreapp3.1\xunittestproject.dll" id="bc7abd1f-cc07-f32a-8331-b644dd93f120">
      <Execution id="1395eafd-e17e-42ab-ac71-a15e1291e288" />
      <TestMethod codeBase="C:\Projekty\xUnitTestProject\bin\Debug\netcoreapp3.1\xUnitTestProject.dll" adapterTypeName="executor://xunit/VsTestRunner2/netcoreapp" className="xUnitTestProject.CurrencyHelperTests" name="FormatToStringTest1000" />
    </UnitTest>
    <UnitTest name="xUnitTestProject.CurrencyHelperTests.FormatToStringTest1000(price: 18424.864078561244, expected: &quot;18424.86 zł&quot;)" storage="c:\projekty\xunittestproject\bin\debug\netcoreapp3.1\xunittestproject.dll" id="0eb2cf4b-202a-2f21-374f-50b4b3adc607">
      <Execution id="95ccfed6-e73f-4dfd-951b-a6a1a7d2b784" />
      <TestMethod codeBase="C:\Projekty\xUnitTestProject\bin\Debug\netcoreapp3.1\xUnitTestProject.dll" adapterTypeName="executor://xunit/VsTestRunner2/netcoreapp" className="xUnitTestProject.CurrencyHelperTests" name="FormatToStringTest1000" />
    </UnitTest>
    <UnitTest name="xUnitTestProject.CurrencyHelperTests.FormatToStringTest1000(price: 10661.19584154207, expected: &quot;10661.20 zł&quot;)" storage="c:\projekty\xunittestproject\bin\debug\netcoreapp3.1\xunittestproject.dll" id="bc63b05b-4f30-8c10-7b75-77e26fb38256">
      <Execution id="b635297a-8941-419a-adc4-0716988af81f" />
      <TestMethod codeBase="C:\Projekty\xUnitTestProject\bin\Debug\netcoreapp3.1\xUnitTestProject.dll" adapterTypeName="executor://xunit/VsTestRunner2/netcoreapp" className="xUnitTestProject.CurrencyHelperTests" name="FormatToStringTest1000" />
    </UnitTest>
    <UnitTest name="xUnitTestProject.CurrencyHelperTests.FormatToStringTest1000(price: 3477.860963622509, expected: &quot;3477.86 zł&quot;)" storage="c:\projekty\xunittestproject\bin\debug\netcoreapp3.1\xunittestproject.dll" id="3b31ccce-844d-e8f4-84db-04ab2e64b9a7">
      <Execution id="f8cbd8a9-3e21-4ee1-9c35-07982ca91a69" />
      <TestMethod codeBase="C:\Projekty\xUnitTestProject\bin\Debug\netcoreapp3.1\xUnitTestProject.dll" adapterTypeName="executor://xunit/VsTestRunner2/netcoreapp" className="xUnitTestProject.CurrencyHelperTests" name="FormatToStringTest1000" />
    </UnitTest>
    <UnitTest name="xUnitTestProject.CurrencyHelperTests.FormatToStringTest1000(price: 12831.146874380833, expected: &quot;12831.15 zł&quot;)" storage="c:\projekty\xunittestproject\bin\debug\netcoreapp3.1\xunittestproject.dll" id="1ff2656a-0300-1f06-36b0-2fc677b4ea69">
      <Execution id="be489728-5484-4feb-969b-630884a7d1b4" />
      <TestMethod codeBase="C:\Projekty\xUnitTestProject\bin\Debug\netcoreapp3.1\xUnitTestProject.dll" adapterTypeName="executor://xunit/VsTestRunner2/netcoreapp" className="xUnitTestProject.CurrencyHelperTests" name="FormatToStringTest1000" />
    </UnitTest>
    <UnitTest name="xUnitTestProject.CurrencyHelperTests.FormatToStringTest1000(price: 7951.322730072458, expected: &quot;7951.32 zł&quot;)" storage="c:\projekty\xunittestproject\bin\debug\netcoreapp3.1\xunittestproject.dll" id="5c121ce3-0aab-ab5b-cce0-b7a13bf9bb3a">
      <Execution id="76f84ef3-89c4-469d-ba46-bed1ae97bf6e" />
      <TestMethod codeBase="C:\Projekty\xUnitTestProject\bin\Debug\netcoreapp3.1\xUnitTestProject.dll" adapterTypeName="executor://xunit/VsTestRunner2/netcoreapp" className="xUnitTestProject.CurrencyHelperTests" name="FormatToStringTest1000" />
    </UnitTest>
    <UnitTest name="xUnitTestProject.CurrencyHelperTests.FormatToStringTest1000(price: 17845.255864087147, expected: &quot;17845.26 zł&quot;)" storage="c:\projekty\xunittestproject\bin\debug\netcoreapp3.1\xunittestproject.dll" id="9e92a3ef-f628-77f3-597e-ab6211795c33">
      <Execution id="e6ffe608-6556-4844-80d7-44bbe66ec483" />
      <TestMethod codeBase="C:\Projekty\xUnitTestProject\bin\Debug\netcoreapp3.1\xUnitTestProject.dll" adapterTypeName="executor://xunit/VsTestRunner2/netcoreapp" className="xUnitTestProject.CurrencyHelperTests" name="FormatToStringTest1000" />
    </UnitTest>
    <UnitTest name="xUnitTestProject.CurrencyHelperTests.FormatToStringTest1000(price: 15669.698889610218, expected: &quot;15669.70 zł&quot;)" storage="c:\projekty\xunittestproject\bin\debug\netcoreapp3.1\xunittestproject.dll" id="5ecde283-9d6a-9ecb-81fe-93b9560f7b73">
      <Execution id="0379e620-b076-46ee-8ace-3b5a768e70bc" />
      <TestMethod codeBase="C:\Projekty\xUnitTestProject\bin\Debug\netcoreapp3.1\xUnitTestProject.dll" adapterTypeName="executor://xunit/VsTestRunner2/netcoreapp" className="xUnitTestProject.CurrencyHelperTests" name="FormatToStringTest1000" />
    </UnitTest>
    <UnitTest name="xUnitTestProject.CurrencyHelperTests.FormatToStringTest1000(price: 5628.028273674672, expected: &quot;5628.03 zł&quot;)" storage="c:\projekty\xunittestproject\bin\debug\netcoreapp3.1\xunittestproject.dll" id="ff088bf9-c4c9-daf8-12f7-40d9669dd362">
      <Execution id="2079e137-0c30-4a67-9691-cf55a491bdab" />
      <TestMethod codeBase="C:\Projekty\xUnitTestProject\bin\Debug\netcoreapp3.1\xUnitTestProject.dll" adapterTypeName="executor://xunit/VsTestRunner2/netcoreapp" className="xUnitTestProject.CurrencyHelperTests" name="FormatToStringTest1000" />
    </UnitTest>
    <UnitTest name="xUnitTestProject.CurrencyHelperTests.FormatToStringTest1000(price: 238.1379397484185, expected: &quot;238.14 zł&quot;)" storage="c:\projekty\xunittestproject\bin\debug\netcoreapp3.1\xunittestproject.dll" id="c7c04760-2233-4819-4eb3-2daf180edff4">
      <Execution id="ef2b9b46-bfdf-4dd1-9b2d-04ee9df4c329" />
      <TestMethod codeBase="C:\Projekty\xUnitTestProject\bin\Debug\netcoreapp3.1\xUnitTestProject.dll" adapterTypeName="executor://xunit/VsTestRunner2/netcoreapp" className="xUnitTestProject.CurrencyHelperTests" name="FormatToStringTest1000" />
    </UnitTest>
    <UnitTest name="xUnitTestProject.CurrencyHelperTests.FormatToStringTest1000(price: 1208.1827589441941, expected: &quot;1208.18 zł&quot;)" storage="c:\projekty\xunittestproject\bin\debug\netcoreapp3.1\xunittestproject.dll" id="814e8347-0675-e46f-9f33-cc6368c1ff3d">
      <Execution id="15c934d6-e218-4f6b-a343-41591248cf66" />
      <TestMethod codeBase="C:\Projekty\xUnitTestProject\bin\Debug\netcoreapp3.1\xUnitTestProject.dll" adapterTypeName="executor://xunit/VsTestRunner2/netcoreapp" className="xUnitTestProject.CurrencyHelperTests" name="FormatToStringTest1000" />
    </UnitTest>
    <UnitTest name="xUnitTestProject.CurrencyHelperTests.FormatToStringTest1000(price: 1741.3334432818617, expected: &quot;1741.33 zł&quot;)" storage="c:\projekty\xunittestproject\bin\debug\netcoreapp3.1\xunittestproject.dll" id="8027e5d6-d435-5a0d-d99c-2d9218dccb7e">
      <Execution id="e6d8474d-3770-421a-a904-046b4d2fbc44" />
      <TestMethod codeBase="C:\Projekty\xUnitTestProject\bin\Debug\netcoreapp3.1\xUnitTestProject.dll" adapterTypeName="executor://xunit/VsTestRunner2/netcoreapp" className="xUnitTestProject.CurrencyHelperTests" name="FormatToStringTest1000" />
    </UnitTest>
    <UnitTest name="xUnitTestProject.CurrencyHelperTests.FormatToStringTest1000(price: 1482.3501845832682, expected: &quot;1482.35 zł&quot;)" storage="c:\projekty\xunittestproject\bin\debug\netcoreapp3.1\xunittestproject.dll" id="4e988653-eb1d-5757-a9c9-94e533451c54">
      <Execution id="1e6af1f9-2f4d-4c9c-b18e-8e945a409c9d" />
      <TestMethod codeBase="C:\Projekty\xUnitTestProject\bin\Debug\netcoreapp3.1\xUnitTestProject.dll" adapterTypeName="executor://xunit/VsTestRunner2/netcoreapp" className="xUnitTestProject.CurrencyHelperTests" name="FormatToStringTest1000" />
    </UnitTest>
    <UnitTest name="xUnitTestProject.CurrencyHelperTests.FormatToStringTest1000(price: 28992.38363400166, expected: &quot;28992.38 zł&quot;)" storage="c:\projekty\xunittestproject\bin\debug\netcoreapp3.1\xunittestproject.dll" id="a735bc53-5ccf-d2d2-51e4-40be87eec2ab">
      <Execution id="c368ecf9-ea33-40b3-bf8b-10ed25feae05" />
      <TestMethod codeBase="C:\Projekty\xUnitTestProject\bin\Debug\netcoreapp3.1\xUnitTestProject.dll" adapterTypeName="executor://xunit/VsTestRunner2/netcoreapp" className="xUnitTestProject.CurrencyHelperTests" name="FormatToStringTest1000" />
    </UnitTest>
    <UnitTest name="xUnitTestProject.CurrencyHelperTests.FormatToStringTest1000(price: 13092.45389243609, expected: &quot;13092.45 zł&quot;)" storage="c:\projekty\xunittestproject\bin\debug\netcoreapp3.1\xunittestproject.dll" id="0f785118-4101-2fda-f887-c7a86673e736">
      <Execution id="e2a8b7c5-02bd-4f1a-8654-b6dd3861d8ff" />
      <TestMethod codeBase="C:\Projekty\xUnitTestProject\bin\Debug\netcoreapp3.1\xUnitTestProject.dll" adapterTypeName="executor://xunit/VsTestRunner2/netcoreapp" className="xUnitTestProject.CurrencyHelperTests" name="FormatToStringTest1000" />
    </UnitTest>
    <UnitTest name="xUnitTestProject.CurrencyHelperTests.FormatToStringTest1000(price: 40035.54711080787, expected: &quot;40035.55 zł&quot;)" storage="c:\projekty\xunittestproject\bin\debug\netcoreapp3.1\xunittestproject.dll" id="45e7282a-ab42-966d-c9cc-b039211e5621">
      <Execution id="e79a1780-31b5-405f-bd34-200851983559" />
      <TestMethod codeBase="C:\Projekty\xUnitTestProject\bin\Debug\netcoreapp3.1\xUnitTestProject.dll" adapterTypeName="executor://xunit/VsTestRunner2/netcoreapp" className="xUnitTestProject.CurrencyHelperTests" name="FormatToStringTest1000" />
    </UnitTest>
    <UnitTest name="xUnitTestProject.CurrencyHelperTests.FormatToStringTest1000(price: 25135.10315489727, expected: &quot;25135.10 zł&quot;)" storage="c:\projekty\xunittestproject\bin\debug\netcoreapp3.1\xunittestproject.dll" id="8ba27476-b54b-3c26-c478-bb1e87cb663c">
      <Execution id="f1859367-c05f-481d-84b0-59df88141d58" />
      <TestMethod codeBase="C:\Projekty\xUnitTestProject\bin\Debug\netcoreapp3.1\xUnitTestProject.dll" adapterTypeName="executor://xunit/VsTestRunner2/netcoreapp" className="xUnitTestProject.CurrencyHelperTests" name="FormatToStringTest1000" />
    </UnitTest>
    <UnitTest name="xUnitTestProject.CurrencyHelperTests.FormatToStringTest1000(price: 15861.139287455073, expected: &quot;15861.14 zł&quot;)" storage="c:\projekty\xunittestproject\bin\debug\netcoreapp3.1\xunittestproject.dll" id="9be732dd-ee22-c2df-2aa3-eb082a5b0373">
      <Execution id="f3673a92-1d94-4e32-a7cf-2470047f011a" />
      <TestMethod codeBase="C:\Projekty\xUnitTestProject\bin\Debug\netcoreapp3.1\xUnitTestProject.dll" adapterTypeName="executor://xunit/VsTestRunner2/netcoreapp" className="xUnitTestProject.CurrencyHelperTests" name="FormatToStringTest1000" />
    </UnitTest>
    <UnitTest name="xUnitTestProject.CurrencyHelperTests.FormatToStringTest1000(price: 1073.195098933389, expected: &quot;1073.20 zł&quot;)" storage="c:\projekty\xunittestproject\bin\debug\netcoreapp3.1\xunittestproject.dll" id="45c93144-7308-3312-8730-30e05720d551">
      <Execution id="985436e1-7e6a-486e-8ce1-90e1de9d321b" />
      <TestMethod codeBase="C:\Projekty\xUnitTestProject\bin\Debug\netcoreapp3.1\xUnitTestProject.dll" adapterTypeName="executor://xunit/VsTestRunner2/netcoreapp" className="xUnitTestProject.CurrencyHelperTests" name="FormatToStringTest1000" />
    </UnitTest>
    <UnitTest name="xUnitTestProject.CurrencyHelperTests.FormatToStringTest1000(price: 28583.827618148098, expected: &quot;28583.83 zł&quot;)" storage="c:\projekty\xunittestproject\bin\debug\netcoreapp3.1\xunittestproject.dll" id="020066de-5c14-b477-efe9-293da5e965f0">
      <Execution id="67e0b1f2-c64d-48ce-8ba7-857284b207a2" />
      <TestMethod codeBase="C:\Projekty\xUnitTestProject\bin\Debug\netcoreapp3.1\xUnitTestProject.dll" adapterTypeName="executor://xunit/VsTestRunner2/netcoreapp" className="xUnitTestProject.CurrencyHelperTests" name="FormatToStringTest1000" />
    </UnitTest>
    <UnitTest name="xUnitTestProject.CurrencyHelperTests.FormatToStringTest1000(price: 9765.54450809748, expected: &quot;9765.54 zł&quot;)" storage="c:\projekty\xunittestproject\bin\debug\netcoreapp3.1\xunittestproject.dll" id="3f3f2250-01f3-21dd-18d8-8a073a42cac3">
      <Execution id="6e92895f-f0fc-40ac-8b8a-235c8c1ffd24" />
      <TestMethod codeBase="C:\Projekty\xUnitTestProject\bin\Debug\netcoreapp3.1\xUnitTestProject.dll" adapterTypeName="executor://xunit/VsTestRunner2/netcoreapp" className="xUnitTestProject.CurrencyHelperTests" name="FormatToStringTest1000" />
    </UnitTest>
    <UnitTest name="xUnitTestProject.CurrencyHelperTests.FormatToStringTest1000(price: 626.135364110179, expected: &quot;626.14 zł&quot;)" storage="c:\projekty\xunittestproject\bin\debug\netcoreapp3.1\xunittestproject.dll" id="369e9363-5592-8231-38fe-e3c32cfca4c4">
      <Execution id="e00427db-9f31-4e01-bb02-cbe66b472bf1" />
      <TestMethod codeBase="C:\Projekty\xUnitTestProject\bin\Debug\netcoreapp3.1\xUnitTestProject.dll" adapterTypeName="executor://xunit/VsTestRunner2/netcoreapp" className="xUnitTestProject.CurrencyHelperTests" name="FormatToStringTest1000" />
    </UnitTest>
    <UnitTest name="xUnitTestProject.CurrencyHelperTests.FormatToStringTest1000(price: 10495.622655484185, expected: &quot;10495.62 zł&quot;)" storage="c:\projekty\xunittestproject\bin\debug\netcoreapp3.1\xunittestproject.dll" id="4608b597-f016-aaeb-6cec-43c6a698815f">
      <Execution id="e6faeff4-4896-4bab-9444-4c5a1325e58b" />
      <TestMethod codeBase="C:\Projekty\xUnitTestProject\bin\Debug\netcoreapp3.1\xUnitTestProject.dll" adapterTypeName="executor://xunit/VsTestRunner2/netcoreapp" className="xUnitTestProject.CurrencyHelperTests" name="FormatToStringTest1000" />
    </UnitTest>
    <UnitTest name="xUnitTestProject.CurrencyHelperTests.FormatToStringTest1000(price: 286.92120604539343, expected: &quot;286.92 zł&quot;)" storage="c:\projekty\xunittestproject\bin\debug\netcoreapp3.1\xunittestproject.dll" id="83514fd2-fce2-f5cf-b4b1-7b2bd8509222">
      <Execution id="ba03263b-ec3c-45d8-9d63-94e7022a41a8" />
      <TestMethod codeBase="C:\Projekty\xUnitTestProject\bin\Debug\netcoreapp3.1\xUnitTestProject.dll" adapterTypeName="executor://xunit/VsTestRunner2/netcoreapp" className="xUnitTestProject.CurrencyHelperTests" name="FormatToStringTest1000" />
    </UnitTest>
    <UnitTest name="xUnitTestProject.CurrencyHelperTests.FormatToStringTest1000(price: 22666.13578912995, expected: &quot;22666.14 zł&quot;)" storage="c:\projekty\xunittestproject\bin\debug\netcoreapp3.1\xunittestproject.dll" id="cff23f42-1941-5ae0-6937-50ea8e98f70a">
      <Execution id="fdd87d9c-17d5-4887-89ff-db5acbbe11e7" />
      <TestMethod codeBase="C:\Projekty\xUnitTestProject\bin\Debug\netcoreapp3.1\xUnitTestProject.dll" adapterTypeName="executor://xunit/VsTestRunner2/netcoreapp" className="xUnitTestProject.CurrencyHelperTests" name="FormatToStringTest1000" />
    </UnitTest>
    <UnitTest name="xUnitTestProject.CurrencyHelperTests.FormatToStringTest1000(price: 12429.698213906819, expected: &quot;12429.70 zł&quot;)" storage="c:\projekty\xunittestproject\bin\debug\netcoreapp3.1\xunittestproject.dll" id="fe704e3e-6170-ffae-ef99-e24643abf4f9">
      <Execution id="79ccbb15-5139-476e-b7ce-a0ecfb31c621" />
      <TestMethod codeBase="C:\Projekty\xUnitTestProject\bin\Debug\netcoreapp3.1\xUnitTestProject.dll" adapterTypeName="executor://xunit/VsTestRunner2/netcoreapp" className="xUnitTestProject.CurrencyHelperTests" name="FormatToStringTest1000" />
    </UnitTest>
    <UnitTest name="xUnitTestProject.CurrencyHelperTests.FormatToStringTest1000(price: 21281.64584727662, expected: &quot;21281.65 zł&quot;)" storage="c:\projekty\xunittestproject\bin\debug\netcoreapp3.1\xunittestproject.dll" id="80f5a640-ad10-06cf-9198-39d7a4c7c709">
      <Execution id="f6aff7e3-9bb4-4e0f-b31a-a9420f0ca516" />
      <TestMethod codeBase="C:\Projekty\xUnitTestProject\bin\Debug\netcoreapp3.1\xUnitTestProject.dll" adapterTypeName="executor://xunit/VsTestRunner2/netcoreapp" className="xUnitTestProject.CurrencyHelperTests" name="FormatToStringTest1000" />
    </UnitTest>
    <UnitTest name="xUnitTestProject.CurrencyHelperTests.FormatToStringTest1000(price: 6665.405372488035, expected: &quot;6665.41 zł&quot;)" storage="c:\projekty\xunittestproject\bin\debug\netcoreapp3.1\xunittestproject.dll" id="1b17bc60-8954-8c6a-08e7-e6fe2f215cc6">
      <Execution id="df22c705-62af-45cc-86e4-9ef34ee58fb5" />
      <TestMethod codeBase="C:\Projekty\xUnitTestProject\bin\Debug\netcoreapp3.1\xUnitTestProject.dll" adapterTypeName="executor://xunit/VsTestRunner2/netcoreapp" className="xUnitTestProject.CurrencyHelperTests" name="FormatToStringTest1000" />
    </UnitTest>
    <UnitTest name="xUnitTestProject.CurrencyHelperTests.FormatToStringTest1000(price: 26515.80237687929, expected: &quot;26515.80 zł&quot;)" storage="c:\projekty\xunittestproject\bin\debug\netcoreapp3.1\xunittestproject.dll" id="0a42a686-a011-6952-a95e-fae33dbe0b19">
      <Execution id="d81c095c-dc4a-4a07-8685-f76b5506a782" />
      <TestMethod codeBase="C:\Projekty\xUnitTestProject\bin\Debug\netcoreapp3.1\xUnitTestProject.dll" adapterTypeName="executor://xunit/VsTestRunner2/netcoreapp" className="xUnitTestProject.CurrencyHelperTests" name="FormatToStringTest1000" />
    </UnitTest>
    <UnitTest name="xUnitTestProject.CurrencyHelperTests.FormatToStringTest1000(price: 964.9678631783313, expected: &quot;964.97 zł&quot;)" storage="c:\projekty\xunittestproject\bin\debug\netcoreapp3.1\xunittestproject.dll" id="6741f227-11b2-eae5-6fc9-c96d18a30eb3">
      <Execution id="a325f856-bd74-47b7-87c6-ddd0813a931b" />
      <TestMethod codeBase="C:\Projekty\xUnitTestProject\bin\Debug\netcoreapp3.1\xUnitTestProject.dll" adapterTypeName="executor://xunit/VsTestRunner2/netcoreapp" className="xUnitTestProject.CurrencyHelperTests" name="FormatToStringTest1000" />
    </UnitTest>
    <UnitTest name="xUnitTestProject.CurrencyHelperTests.FormatToStringTest1000(price: 32863.31705269558, expected: &quot;32863.32 zł&quot;)" storage="c:\projekty\xunittestproject\bin\debug\netcoreapp3.1\xunittestproject.dll" id="fb80c2cc-1ba4-25ca-1501-33134270fed0">
      <Execution id="96b47478-6dea-4399-a3f5-8e0f6d7bae9d" />
      <TestMethod codeBase="C:\Projekty\xUnitTestProject\bin\Debug\netcoreapp3.1\xUnitTestProject.dll" adapterTypeName="executor://xunit/VsTestRunner2/netcoreapp" className="xUnitTestProject.CurrencyHelperTests" name="FormatToStringTest1000" />
    </UnitTest>
    <UnitTest name="xUnitTestProject.CurrencyHelperTests.FormatToStringTest1000(price: 13844.577623300524, expected: &quot;13844.58 zł&quot;)" storage="c:\projekty\xunittestproject\bin\debug\netcoreapp3.1\xunittestproject.dll" id="2b440940-2efe-cdba-d4a2-2746340ee3bc">
      <Execution id="315566c5-d37e-4ad6-ab4b-bbd135c348b3" />
      <TestMethod codeBase="C:\Projekty\xUnitTestProject\bin\Debug\netcoreapp3.1\xUnitTestProject.dll" adapterTypeName="executor://xunit/VsTestRunner2/netcoreapp" className="xUnitTestProject.CurrencyHelperTests" name="FormatToStringTest1000" />
    </UnitTest>
    <UnitTest name="xUnitTestProject.CurrencyHelperTests.FormatToStringTest1000(price: 1181.5773122979222, expected: &quot;1181.58 zł&quot;)" storage="c:\projekty\xunittestproject\bin\debug\netcoreapp3.1\xunittestproject.dll" id="c212e24b-1c29-9890-50c8-57d6096284d3">
      <Execution id="178a7411-fd2c-4389-85d4-510ef0c90ccf" />
      <TestMethod codeBase="C:\Projekty\xUnitTestProject\bin\Debug\netcoreapp3.1\xUnitTestProject.dll" adapterTypeName="executor://xunit/VsTestRunner2/netcoreapp" className="xUnitTestProject.CurrencyHelperTests" name="FormatToStringTest1000" />
    </UnitTest>
    <UnitTest name="xUnitTestProject.CurrencyHelperTests.FormatToStringTest1000(price: 45739.569854490255, expected: &quot;45739.57 zł&quot;)" storage="c:\projekty\xunittestproject\bin\debug\netcoreapp3.1\xunittestproject.dll" id="9f62336d-d2a3-438a-9707-488b6a94c792">
      <Execution id="99610a9a-e2bb-41a3-aaed-a89c024491b0" />
      <TestMethod codeBase="C:\Projekty\xUnitTestProject\bin\Debug\netcoreapp3.1\xUnitTestProject.dll" adapterTypeName="executor://xunit/VsTestRunner2/netcoreapp" className="xUnitTestProject.CurrencyHelperTests" name="FormatToStringTest1000" />
    </UnitTest>
    <UnitTest name="xUnitTestProject.CurrencyHelperTests.FormatToStringTest1000(price: 31290.71396233687, expected: &quot;31290.71 zł&quot;)" storage="c:\projekty\xunittestproject\bin\debug\netcoreapp3.1\xunittestproject.dll" id="52dd4d5a-f28a-3449-7987-33dfda351248">
      <Execution id="591e2f30-d77f-4f0f-a849-2fe5eb3e2f03" />
      <TestMethod codeBase="C:\Projekty\xUnitTestProject\bin\Debug\netcoreapp3.1\xUnitTestProject.dll" adapterTypeName="executor://xunit/VsTestRunner2/netcoreapp" className="xUnitTestProject.CurrencyHelperTests" name="FormatToStringTest1000" />
    </UnitTest>
    <UnitTest name="xUnitTestProject.CurrencyHelperTests.FormatToStringTest1000(price: 57525.72988993569, expected: &quot;57525.73 zł&quot;)" storage="c:\projekty\xunittestproject\bin\debug\netcoreapp3.1\xunittestproject.dll" id="0abcfe7a-76aa-b17b-ee97-af3fbbea9a33">
      <Execution id="d396835f-9c0d-402b-bc3f-6106de3acb86" />
      <TestMethod codeBase="C:\Projekty\xUnitTestProject\bin\Debug\netcoreapp3.1\xUnitTestProject.dll" adapterTypeName="executor://xunit/VsTestRunner2/netcoreapp" className="xUnitTestProject.CurrencyHelperTests" name="FormatToStringTest1000" />
    </UnitTest>
    <UnitTest name="xUnitTestProject.CurrencyHelperTests.FormatToStringTest1000(price: 1963.0091662979728, expected: &quot;1963.01 zł&quot;)" storage="c:\projekty\xunittestproject\bin\debug\netcoreapp3.1\xunittestproject.dll" id="1230a279-f763-f5b9-8b74-e3286d54a1e7">
      <Execution id="0ce5cad3-aefb-48c9-b889-96d5fba3d90b" />
      <TestMethod codeBase="C:\Projekty\xUnitTestProject\bin\Debug\netcoreapp3.1\xUnitTestProject.dll" adapterTypeName="executor://xunit/VsTestRunner2/netcoreapp" className="xUnitTestProject.CurrencyHelperTests" name="FormatToStringTest1000" />
    </UnitTest>
    <UnitTest name="xUnitTestProject.CurrencyHelperTests.FormatToStringTest1000(price: 70581.91150977784, expected: &quot;70581.91 zł&quot;)" storage="c:\projekty\xunittestproject\bin\debug\netcoreapp3.1\xunittestproject.dll" id="d810e333-5279-6858-6f15-bdf834685746">
      <Execution id="417a8479-394d-4330-8bb3-8c61ce717f00" />
      <TestMethod codeBase="C:\Projekty\xUnitTestProject\bin\Debug\netcoreapp3.1\xUnitTestProject.dll" adapterTypeName="executor://xunit/VsTestRunner2/netcoreapp" className="xUnitTestProject.CurrencyHelperTests" name="FormatToStringTest1000" />
    </UnitTest>
    <UnitTest name="xUnitTestProject.CurrencyHelperTests.FormatToStringTest1000(price: 28579.14698705503, expected: &quot;28579.15 zł&quot;)" storage="c:\projekty\xunittestproject\bin\debug\netcoreapp3.1\xunittestproject.dll" id="30971562-18c2-709e-97a4-74161badb09c">
      <Execution id="a7e20176-2b6b-4022-91c2-da90f5bf31fd" />
      <TestMethod codeBase="C:\Projekty\xUnitTestProject\bin\Debug\netcoreapp3.1\xUnitTestProject.dll" adapterTypeName="executor://xunit/VsTestRunner2/netcoreapp" className="xUnitTestProject.CurrencyHelperTests" name="FormatToStringTest1000" />
    </UnitTest>
    <UnitTest name="xUnitTestProject.CurrencyHelperTests.FormatToStringTest1000(price: 19783.413847500186, expected: &quot;19783.41 zł&quot;)" storage="c:\projekty\xunittestproject\bin\debug\netcoreapp3.1\xunittestproject.dll" id="c5439243-290e-2a67-aa6b-588710f39fb3">
      <Execution id="9919d650-5dc6-4527-a921-4244ebad7761" />
      <TestMethod codeBase="C:\Projekty\xUnitTestProject\bin\Debug\netcoreapp3.1\xUnitTestProject.dll" adapterTypeName="executor://xunit/VsTestRunner2/netcoreapp" className="xUnitTestProject.CurrencyHelperTests" name="FormatToStringTest1000" />
    </UnitTest>
    <UnitTest name="xUnitTestProject.CurrencyHelperTests.FormatToStringTest1000(price: 29926.595417457444, expected: &quot;29926.60 zł&quot;)" storage="c:\projekty\xunittestproject\bin\debug\netcoreapp3.1\xunittestproject.dll" id="11729d1c-6c6a-9fce-9d88-8ebfff125cf6">
      <Execution id="ba4e104b-4fc9-4753-9b00-19dcd8aee8f8" />
      <TestMethod codeBase="C:\Projekty\xUnitTestProject\bin\Debug\netcoreapp3.1\xUnitTestProject.dll" adapterTypeName="executor://xunit/VsTestRunner2/netcoreapp" className="xUnitTestProject.CurrencyHelperTests" name="FormatToStringTest1000" />
    </UnitTest>
    <UnitTest name="xUnitTestProject.CurrencyHelperTests.FormatToStringTest1000(price: 48084.94422955389, expected: &quot;48084.94 zł&quot;)" storage="c:\projekty\xunittestproject\bin\debug\netcoreapp3.1\xunittestproject.dll" id="5aa929b3-dac1-52ec-e2ea-8e7fca692c42">
      <Execution id="18d98849-05b3-4de9-b083-5a1c9f3950e0" />
      <TestMethod codeBase="C:\Projekty\xUnitTestProject\bin\Debug\netcoreapp3.1\xUnitTestProject.dll" adapterTypeName="executor://xunit/VsTestRunner2/netcoreapp" className="xUnitTestProject.CurrencyHelperTests" name="FormatToStringTest1000" />
    </UnitTest>
    <UnitTest name="xUnitTestProject.CurrencyHelperTests.FormatToStringTest1000(price: 75350.77330865282, expected: &quot;75350.77 zł&quot;)" storage="c:\projekty\xunittestproject\bin\debug\netcoreapp3.1\xunittestproject.dll" id="b6db6a04-ac79-c80a-e7d6-d9ff2d42f5f4">
      <Execution id="aec469cf-9784-48c6-88ef-12b0efca83d5" />
      <TestMethod codeBase="C:\Projekty\xUnitTestProject\bin\Debug\netcoreapp3.1\xUnitTestProject.dll" adapterTypeName="executor://xunit/VsTestRunner2/netcoreapp" className="xUnitTestProject.CurrencyHelperTests" name="FormatToStringTest1000" />
    </UnitTest>
    <UnitTest name="xUnitTestProject.CurrencyHelperTests.FormatToStringTest1000(price: 8013.1229931903645, expected: &quot;8013.12 zł&quot;)" storage="c:\projekty\xunittestproject\bin\debug\netcoreapp3.1\xunittestproject.dll" id="d995492a-671e-36ff-0d73-ec59a569933d">
      <Execution id="d4d24883-3d92-4776-8e4d-1bb05a4ec569" />
      <TestMethod codeBase="C:\Projekty\xUnitTestProject\bin\Debug\netcoreapp3.1\xUnitTestProject.dll" adapterTypeName="executor://xunit/VsTestRunner2/netcoreapp" className="xUnitTestProject.CurrencyHelperTests" name="FormatToStringTest1000" />
    </UnitTest>
    <UnitTest name="xUnitTestProject.CurrencyHelperTests.FormatToStringTest1000(price: 2423.6182769712145, expected: &quot;2423.62 zł&quot;)" storage="c:\projekty\xunittestproject\bin\debug\netcoreapp3.1\xunittestproject.dll" id="52ac0864-3141-85db-5ec0-9dd50f51b247">
      <Execution id="c0d853aa-7766-4012-a697-a957ab986d77" />
      <TestMethod codeBase="C:\Projekty\xUnitTestProject\bin\Debug\netcoreapp3.1\xUnitTestProject.dll" adapterTypeName="executor://xunit/VsTestRunner2/netcoreapp" className="xUnitTestProject.CurrencyHelperTests" name="FormatToStringTest1000" />
    </UnitTest>
    <UnitTest name="xUnitTestProject.CurrencyHelperTests.FormatToStringTest1000(price: 29474.095826699442, expected: &quot;29474.10 zł&quot;)" storage="c:\projekty\xunittestproject\bin\debug\netcoreapp3.1\xunittestproject.dll" id="8e549758-1d04-7bb3-a187-b61fc529196f">
      <Execution id="15ad4205-2004-4300-9485-c27d8b818e3f" />
      <TestMethod codeBase="C:\Projekty\xUnitTestProject\bin\Debug\netcoreapp3.1\xUnitTestProject.dll" adapterTypeName="executor://xunit/VsTestRunner2/netcoreapp" className="xUnitTestProject.CurrencyHelperTests" name="FormatToStringTest1000" />
    </UnitTest>
    <UnitTest name="xUnitTestProject.CurrencyHelperTests.FormatToStringTest1000(price: 25116.590135570892, expected: &quot;25116.59 zł&quot;)" storage="c:\projekty\xunittestproject\bin\debug\netcoreapp3.1\xunittestproject.dll" id="56913f03-b8f6-5435-d407-8c8e9508f433">
      <Execution id="67bdc0fd-ec39-4eea-8435-cdcfbcfe4a77" />
      <TestMethod codeBase="C:\Projekty\xUnitTestProject\bin\Debug\netcoreapp3.1\xUnitTestProject.dll" adapterTypeName="executor://xunit/VsTestRunner2/netcoreapp" className="xUnitTestProject.CurrencyHelperTests" name="FormatToStringTest1000" />
    </UnitTest>
    <UnitTest name="xUnitTestProject.CurrencyHelperTests.FormatToStringTest1000(price: 6752.510462437062, expected: &quot;6752.51 zł&quot;)" storage="c:\projekty\xunittestproject\bin\debug\netcoreapp3.1\xunittestproject.dll" id="3dca0048-5c2b-c7cd-4eca-6367cfc4f1ca">
      <Execution id="42139e3a-ea07-44b8-9ac3-06f2845c1c0d" />
      <TestMethod codeBase="C:\Projekty\xUnitTestProject\bin\Debug\netcoreapp3.1\xUnitTestProject.dll" adapterTypeName="executor://xunit/VsTestRunner2/netcoreapp" className="xUnitTestProject.CurrencyHelperTests" name="FormatToStringTest1000" />
    </UnitTest>
    <UnitTest name="xUnitTestProject.CurrencyHelperTests.FormatToStringTest1000(price: 10511.7304983189, expected: &quot;10511.73 zł&quot;)" storage="c:\projekty\xunittestproject\bin\debug\netcoreapp3.1\xunittestproject.dll" id="c08a791c-2a2e-8ef9-53c2-680714283837">
      <Execution id="4bcd987f-322b-44ad-a924-49ca1cae0495" />
      <TestMethod codeBase="C:\Projekty\xUnitTestProject\bin\Debug\netcoreapp3.1\xUnitTestProject.dll" adapterTypeName="executor://xunit/VsTestRunner2/netcoreapp" className="xUnitTestProject.CurrencyHelperTests" name="FormatToStringTest1000" />
    </UnitTest>
    <UnitTest name="xUnitTestProject.CurrencyHelperTests.FormatToStringTest1000(price: 16161.963229990548, expected: &quot;16161.96 zł&quot;)" storage="c:\projekty\xunittestproject\bin\debug\netcoreapp3.1\xunittestproject.dll" id="5fa53206-edec-8295-28b6-5eb1541e56b6">
      <Execution id="dcf63a6a-53dc-4eff-b4cf-e0e90cbc49f3" />
      <TestMethod codeBase="C:\Projekty\xUnitTestProject\bin\Debug\netcoreapp3.1\xUnitTestProject.dll" adapterTypeName="executor://xunit/VsTestRunner2/netcoreapp" className="xUnitTestProject.CurrencyHelperTests" name="FormatToStringTest1000" />
    </UnitTest>
    <UnitTest name="xUnitTestProject.CurrencyHelperTests.FormatToStringTest1000(price: 13323.876109275909, expected: &quot;13323.88 zł&quot;)" storage="c:\projekty\xunittestproject\bin\debug\netcoreapp3.1\xunittestproject.dll" id="a8d731c5-67df-9575-20e2-4e702b3d5817">
      <Execution id="542e2e18-017d-48cb-a33e-7eb861533134" />
      <TestMethod codeBase="C:\Projekty\xUnitTestProject\bin\Debug\netcoreapp3.1\xUnitTestProject.dll" adapterTypeName="executor://xunit/VsTestRunner2/netcoreapp" className="xUnitTestProject.CurrencyHelperTests" name="FormatToStringTest1000" />
    </UnitTest>
    <UnitTest name="xUnitTestProject.CurrencyHelperTests.FormatToStringTest1000(price: 50585.83664522778, expected: &quot;50585.84 zł&quot;)" storage="c:\projekty\xunittestproject\bin\debug\netcoreapp3.1\xunittestproject.dll" id="a89532f2-9366-df90-5e03-76517aae2ef6">
      <Execution id="4b67733f-50cb-4210-9624-31996d200bee" />
      <TestMethod codeBase="C:\Projekty\xUnitTestProject\bin\Debug\netcoreapp3.1\xUnitTestProject.dll" adapterTypeName="executor://xunit/VsTestRunner2/netcoreapp" className="xUnitTestProject.CurrencyHelperTests" name="FormatToStringTest1000" />
    </UnitTest>
    <UnitTest name="xUnitTestProject.CurrencyHelperTests.FormatToStringTest1000(price: 10994.251866986162, expected: &quot;10994.25 zł&quot;)" storage="c:\projekty\xunittestproject\bin\debug\netcoreapp3.1\xunittestproject.dll" id="b903f011-25d7-d156-43c9-1974a38b345d">
      <Execution id="3f91a85f-3466-408c-aa9b-cb2627304ff8" />
      <TestMethod codeBase="C:\Projekty\xUnitTestProject\bin\Debug\netcoreapp3.1\xUnitTestProject.dll" adapterTypeName="executor://xunit/VsTestRunner2/netcoreapp" className="xUnitTestProject.CurrencyHelperTests" name="FormatToStringTest1000" />
    </UnitTest>
    <UnitTest name="xUnitTestProject.CurrencyHelperTests.FormatToStringTest1000(price: 545.7016866634142, expected: &quot;545.70 zł&quot;)" storage="c:\projekty\xunittestproject\bin\debug\netcoreapp3.1\xunittestproject.dll" id="63140182-f7a2-6346-fbd9-3f80901df2c9">
      <Execution id="0a222afa-feb0-4181-bb81-cc3c8b0adcf7" />
      <TestMethod codeBase="C:\Projekty\xUnitTestProject\bin\Debug\netcoreapp3.1\xUnitTestProject.dll" adapterTypeName="executor://xunit/VsTestRunner2/netcoreapp" className="xUnitTestProject.CurrencyHelperTests" name="FormatToStringTest1000" />
    </UnitTest>
    <UnitTest name="xUnitTestProject.CurrencyHelperTests.FormatToStringTest1000(price: 26885.71162707904, expected: &quot;26885.71 zł&quot;)" storage="c:\projekty\xunittestproject\bin\debug\netcoreapp3.1\xunittestproject.dll" id="e6cc0868-2b09-9996-1473-6fd522e2da29">
      <Execution id="ba43a2a6-8063-48d4-b9f8-59c6eaa2f687" />
      <TestMethod codeBase="C:\Projekty\xUnitTestProject\bin\Debug\netcoreapp3.1\xUnitTestProject.dll" adapterTypeName="executor://xunit/VsTestRunner2/netcoreapp" className="xUnitTestProject.CurrencyHelperTests" name="FormatToStringTest1000" />
    </UnitTest>
    <UnitTest name="xUnitTestProject.CurrencyHelperTests.FormatToStringTest1000(price: 30031.89550569323, expected: &quot;30031.90 zł&quot;)" storage="c:\projekty\xunittestproject\bin\debug\netcoreapp3.1\xunittestproject.dll" id="c5aa0d75-50a2-309f-29ef-6a7a3d1053ab">
      <Execution id="9dd1edc0-61e9-497d-9ee6-ec927da67d89" />
      <TestMethod codeBase="C:\Projekty\xUnitTestProject\bin\Debug\netcoreapp3.1\xUnitTestProject.dll" adapterTypeName="executor://xunit/VsTestRunner2/netcoreapp" className="xUnitTestProject.CurrencyHelperTests" name="FormatToStringTest1000" />
    </UnitTest>
    <UnitTest name="xUnitTestProject.CurrencyHelperTests.FormatToStringTest1000(price: 21893.78889296939, expected: &quot;21893.79 zł&quot;)" storage="c:\projekty\xunittestproject\bin\debug\netcoreapp3.1\xunittestproject.dll" id="a006362c-c876-0d68-dfa7-4b9381a2f95f">
      <Execution id="39574937-f4c0-4bdf-9c37-028eec83524c" />
      <TestMethod codeBase="C:\Projekty\xUnitTestProject\bin\Debug\netcoreapp3.1\xUnitTestProject.dll" adapterTypeName="executor://xunit/VsTestRunner2/netcoreapp" className="xUnitTestProject.CurrencyHelperTests" name="FormatToStringTest1000" />
    </UnitTest>
    <UnitTest name="xUnitTestProject.CurrencyHelperTests.FormatToStringTest1000(price: 759.247198292635, expected: &quot;759.25 zł&quot;)" storage="c:\projekty\xunittestproject\bin\debug\netcoreapp3.1\xunittestproject.dll" id="5c957f35-8133-124f-9f1e-c78d4730fe22">
      <Execution id="28255101-d463-432c-b217-ff4df6eabe96" />
      <TestMethod codeBase="C:\Projekty\xUnitTestProject\bin\Debug\netcoreapp3.1\xUnitTestProject.dll" adapterTypeName="executor://xunit/VsTestRunner2/netcoreapp" className="xUnitTestProject.CurrencyHelperTests" name="FormatToStringTest1000" />
    </UnitTest>
    <UnitTest name="xUnitTestProject.CurrencyHelperTests.FormatToStringTest1000(price: 14459.57059750686, expected: &quot;14459.57 zł&quot;)" storage="c:\projekty\xunittestproject\bin\debug\netcoreapp3.1\xunittestproject.dll" id="4125f8c2-231a-89ba-d149-611a4ab9d212">
      <Execution id="33675cee-fdc9-4e6f-8c0f-d31dde177e40" />
      <TestMethod codeBase="C:\Projekty\xUnitTestProject\bin\Debug\netcoreapp3.1\xUnitTestProject.dll" adapterTypeName="executor://xunit/VsTestRunner2/netcoreapp" className="xUnitTestProject.CurrencyHelperTests" name="FormatToStringTest1000" />
    </UnitTest>
    <UnitTest name="xUnitTestProject.CurrencyHelperTests.FormatToStringTest1000(price: 68507.83928906724, expected: &quot;68507.84 zł&quot;)" storage="c:\projekty\xunittestproject\bin\debug\netcoreapp3.1\xunittestproject.dll" id="ec5e31f8-0a43-1c03-8691-e70ecfdbfc69">
      <Execution id="1691cc46-a195-4796-8bb9-f0e439e14cce" />
      <TestMethod codeBase="C:\Projekty\xUnitTestProject\bin\Debug\netcoreapp3.1\xUnitTestProject.dll" adapterTypeName="executor://xunit/VsTestRunner2/netcoreapp" className="xUnitTestProject.CurrencyHelperTests" name="FormatToStringTest1000" />
    </UnitTest>
    <UnitTest name="xUnitTestProject.CurrencyHelperTests.FormatToStringTest1000(price: 11157.981051815665, expected: &quot;11157.98 zł&quot;)" storage="c:\projekty\xunittestproject\bin\debug\netcoreapp3.1\xunittestproject.dll" id="6e911663-e259-5040-7b6f-54c63fac8b3c">
      <Execution id="43b4c751-50dc-4b82-8de0-4c4d7c8c685f" />
      <TestMethod codeBase="C:\Projekty\xUnitTestProject\bin\Debug\netcoreapp3.1\xUnitTestProject.dll" adapterTypeName="executor://xunit/VsTestRunner2/netcoreapp" className="xUnitTestProject.CurrencyHelperTests" name="FormatToStringTest1000" />
    </UnitTest>
    <UnitTest name="xUnitTestProject.CurrencyHelperTests.FormatToStringTest1000(price: 2975.6892256134606, expected: &quot;2975.69 zł&quot;)" storage="c:\projekty\xunittestproject\bin\debug\netcoreapp3.1\xunittestproject.dll" id="186c8c1a-303f-5daa-ee87-7bdde9795321">
      <Execution id="aa17e0b3-6235-4b83-be1e-99edfb7c9b76" />
      <TestMethod codeBase="C:\Projekty\xUnitTestProject\bin\Debug\netcoreapp3.1\xUnitTestProject.dll" adapterTypeName="executor://xunit/VsTestRunner2/netcoreapp" className="xUnitTestProject.CurrencyHelperTests" name="FormatToStringTest1000" />
    </UnitTest>
    <UnitTest name="xUnitTestProject.CurrencyHelperTests.FormatToStringTest1000(price: 1662.8482664818168, expected: &quot;1662.85 zł&quot;)" storage="c:\projekty\xunittestproject\bin\debug\netcoreapp3.1\xunittestproject.dll" id="afbbae00-ce73-0862-4d3c-578f15f46774">
      <Execution id="84743ef1-6160-4936-8659-283161555c30" />
      <TestMethod codeBase="C:\Projekty\xUnitTestProject\bin\Debug\netcoreapp3.1\xUnitTestProject.dll" adapterTypeName="executor://xunit/VsTestRunner2/netcoreapp" className="xUnitTestProject.CurrencyHelperTests" name="FormatToStringTest1000" />
    </UnitTest>
    <UnitTest name="xUnitTestProject.CurrencyHelperTests.FormatToStringTest1000(price: 1664.7834932994022, expected: &quot;1664.78 zł&quot;)" storage="c:\projekty\xunittestproject\bin\debug\netcoreapp3.1\xunittestproject.dll" id="bcf772d6-bc03-8db6-964e-e43c8f396083">
      <Execution id="b0fd64b2-89b4-49ca-a39f-6536e2da13b6" />
      <TestMethod codeBase="C:\Projekty\xUnitTestProject\bin\Debug\netcoreapp3.1\xUnitTestProject.dll" adapterTypeName="executor://xunit/VsTestRunner2/netcoreapp" className="xUnitTestProject.CurrencyHelperTests" name="FormatToStringTest1000" />
    </UnitTest>
    <UnitTest name="xUnitTestProject.CurrencyHelperTests.FormatToStringTest1000(price: 97129.75160633575, expected: &quot;97129.75 zł&quot;)" storage="c:\projekty\xunittestproject\bin\debug\netcoreapp3.1\xunittestproject.dll" id="2ebec913-cd49-9310-605b-052ec9777212">
      <Execution id="89707af2-1dc3-4f2c-ba2b-f6da76ed6413" />
      <TestMethod codeBase="C:\Projekty\xUnitTestProject\bin\Debug\netcoreapp3.1\xUnitTestProject.dll" adapterTypeName="executor://xunit/VsTestRunner2/netcoreapp" className="xUnitTestProject.CurrencyHelperTests" name="FormatToStringTest1000" />
    </UnitTest>
    <UnitTest name="xUnitTestProject.CurrencyHelperTests.FormatToStringTest1000(price: 36320.770035296104, expected: &quot;36320.77 zł&quot;)" storage="c:\projekty\xunittestproject\bin\debug\netcoreapp3.1\xunittestproject.dll" id="d380f6a1-83cc-0c12-360c-ba81b340bce2">
      <Execution id="b3ca8b17-5adc-4fae-baa5-b1cde7980067" />
      <TestMethod codeBase="C:\Projekty\xUnitTestProject\bin\Debug\netcoreapp3.1\xUnitTestProject.dll" adapterTypeName="executor://xunit/VsTestRunner2/netcoreapp" className="xUnitTestProject.CurrencyHelperTests" name="FormatToStringTest1000" />
    </UnitTest>
    <UnitTest name="xUnitTestProject.CurrencyHelperTests.FormatToStringTest1000(price: 19519.4298413505, expected: &quot;19519.43 zł&quot;)" storage="c:\projekty\xunittestproject\bin\debug\netcoreapp3.1\xunittestproject.dll" id="c2e7dabf-153e-40d2-4e35-e0a4cdae5b80">
      <Execution id="df257ffd-2862-4aca-a2eb-3833d5b8c6f3" />
      <TestMethod codeBase="C:\Projekty\xUnitTestProject\bin\Debug\netcoreapp3.1\xUnitTestProject.dll" adapterTypeName="executor://xunit/VsTestRunner2/netcoreapp" className="xUnitTestProject.CurrencyHelperTests" name="FormatToStringTest1000" />
    </UnitTest>
    <UnitTest name="xUnitTestProject.CurrencyHelperTests.FormatToStringTest1000(price: 35065.40267025652, expected: &quot;35065.40 zł&quot;)" storage="c:\projekty\xunittestproject\bin\debug\netcoreapp3.1\xunittestproject.dll" id="0d7a2cf9-13e2-7888-b21b-f6464a19d4c6">
      <Execution id="11efdf86-106d-4747-bd5d-ccda73aed463" />
      <TestMethod codeBase="C:\Projekty\xUnitTestProject\bin\Debug\netcoreapp3.1\xUnitTestProject.dll" adapterTypeName="executor://xunit/VsTestRunner2/netcoreapp" className="xUnitTestProject.CurrencyHelperTests" name="FormatToStringTest1000" />
    </UnitTest>
    <UnitTest name="xUnitTestProject.CurrencyHelperTests.FormatToStringTest1000(price: 15624.452361264477, expected: &quot;15624.45 zł&quot;)" storage="c:\projekty\xunittestproject\bin\debug\netcoreapp3.1\xunittestproject.dll" id="7f9e1a03-9e41-8ac9-4d40-38aecad4670f">
      <Execution id="1a85bed3-7824-452f-94f3-0b7ec4f43389" />
      <TestMethod codeBase="C:\Projekty\xUnitTestProject\bin\Debug\netcoreapp3.1\xUnitTestProject.dll" adapterTypeName="executor://xunit/VsTestRunner2/netcoreapp" className="xUnitTestProject.CurrencyHelperTests" name="FormatToStringTest1000" />
    </UnitTest>
    <UnitTest name="xUnitTestProject.CurrencyHelperTests.FormatToStringTest1000(price: 50956.25028206606, expected: &quot;50956.25 zł&quot;)" storage="c:\projekty\xunittestproject\bin\debug\netcoreapp3.1\xunittestproject.dll" id="3323ac76-0104-2779-2a9d-3f5ae9693296">
      <Execution id="b0bb8a62-744c-4ae6-98ed-4b17b3af39ff" />
      <TestMethod codeBase="C:\Projekty\xUnitTestProject\bin\Debug\netcoreapp3.1\xUnitTestProject.dll" adapterTypeName="executor://xunit/VsTestRunner2/netcoreapp" className="xUnitTestProject.CurrencyHelperTests" name="FormatToStringTest1000" />
    </UnitTest>
    <UnitTest name="xUnitTestProject.CurrencyHelperTests.FormatToStringTest1000(price: 29975.4018974022, expected: &quot;29975.40 zł&quot;)" storage="c:\projekty\xunittestproject\bin\debug\netcoreapp3.1\xunittestproject.dll" id="df3e2c77-7f8f-57bd-4668-f3110adbfbc8">
      <Execution id="d0cf2973-1c90-468c-86a4-00b0be44b4b5" />
      <TestMethod codeBase="C:\Projekty\xUnitTestProject\bin\Debug\netcoreapp3.1\xUnitTestProject.dll" adapterTypeName="executor://xunit/VsTestRunner2/netcoreapp" className="xUnitTestProject.CurrencyHelperTests" name="FormatToStringTest1000" />
    </UnitTest>
    <UnitTest name="xUnitTestProject.CurrencyHelperTests.FormatToStringTest1000(price: 72703.4365723503, expected: &quot;72703.44 zł&quot;)" storage="c:\projekty\xunittestproject\bin\debug\netcoreapp3.1\xunittestproject.dll" id="4a9f4574-9113-6c35-d2fa-751a30e86322">
      <Execution id="2b4f4507-ab00-4f15-98c3-3bbbe405c277" />
      <TestMethod codeBase="C:\Projekty\xUnitTestProject\bin\Debug\netcoreapp3.1\xUnitTestProject.dll" adapterTypeName="executor://xunit/VsTestRunner2/netcoreapp" className="xUnitTestProject.CurrencyHelperTests" name="FormatToStringTest1000" />
    </UnitTest>
    <UnitTest name="xUnitTestProject.CurrencyHelperTests.FormatToStringTest1000(price: 31799.68317462815, expected: &quot;31799.68 zł&quot;)" storage="c:\projekty\xunittestproject\bin\debug\netcoreapp3.1\xunittestproject.dll" id="e641957d-86a3-9c73-8dcf-f9374b4233e0">
      <Execution id="12015d41-0759-42ab-b29e-d8f976f92637" />
      <TestMethod codeBase="C:\Projekty\xUnitTestProject\bin\Debug\netcoreapp3.1\xUnitTestProject.dll" adapterTypeName="executor://xunit/VsTestRunner2/netcoreapp" className="xUnitTestProject.CurrencyHelperTests" name="FormatToStringTest1000" />
    </UnitTest>
    <UnitTest name="xUnitTestProject.CurrencyHelperTests.FormatToStringTest1000(price: 13855.30239352505, expected: &quot;13855.30 zł&quot;)" storage="c:\projekty\xunittestproject\bin\debug\netcoreapp3.1\xunittestproject.dll" id="127fb78e-ed01-3534-55cd-9f963056d67f">
      <Execution id="fe95e454-6af2-4376-9be2-4eb06d5c448d" />
      <TestMethod codeBase="C:\Projekty\xUnitTestProject\bin\Debug\netcoreapp3.1\xUnitTestProject.dll" adapterTypeName="executor://xunit/VsTestRunner2/netcoreapp" className="xUnitTestProject.CurrencyHelperTests" name="FormatToStringTest1000" />
    </UnitTest>
    <UnitTest name="xUnitTestProject.CurrencyHelperTests.FormatToStringTest1000(price: 7753.724411372898, expected: &quot;7753.72 zł&quot;)" storage="c:\projekty\xunittestproject\bin\debug\netcoreapp3.1\xunittestproject.dll" id="d702a2a7-0d80-6e33-b0a7-e0e379e29093">
      <Execution id="26781e87-2d10-4474-97fa-543cd7aed8fe" />
      <TestMethod codeBase="C:\Projekty\xUnitTestProject\bin\Debug\netcoreapp3.1\xUnitTestProject.dll" adapterTypeName="executor://xunit/VsTestRunner2/netcoreapp" className="xUnitTestProject.CurrencyHelperTests" name="FormatToStringTest1000" />
    </UnitTest>
    <UnitTest name="xUnitTestProject.CurrencyHelperTests.FormatToStringTest1000(price: 464.74397441965715, expected: &quot;464.74 zł&quot;)" storage="c:\projekty\xunittestproject\bin\debug\netcoreapp3.1\xunittestproject.dll" id="9dfbdafb-7dbf-f0e8-6265-547cdd24d00d">
      <Execution id="e55fa646-f0dc-46a4-87ab-4443dae3b690" />
      <TestMethod codeBase="C:\Projekty\xUnitTestProject\bin\Debug\netcoreapp3.1\xUnitTestProject.dll" adapterTypeName="executor://xunit/VsTestRunner2/netcoreapp" className="xUnitTestProject.CurrencyHelperTests" name="FormatToStringTest1000" />
    </UnitTest>
    <UnitTest name="xUnitTestProject.CurrencyHelperTests.FormatToStringTest1000(price: 7407.385606687696, expected: &quot;7407.39 zł&quot;)" storage="c:\projekty\xunittestproject\bin\debug\netcoreapp3.1\xunittestproject.dll" id="9cf8eb03-8fbc-6ccc-0fef-ebebfde3ba22">
      <Execution id="4be5f4a8-dcae-4cc7-83b4-5ac3d9dbdcc7" />
      <TestMethod codeBase="C:\Projekty\xUnitTestProject\bin\Debug\netcoreapp3.1\xUnitTestProject.dll" adapterTypeName="executor://xunit/VsTestRunner2/netcoreapp" className="xUnitTestProject.CurrencyHelperTests" name="FormatToStringTest1000" />
    </UnitTest>
    <UnitTest name="xUnitTestProject.CurrencyHelperTests.FormatToStringTest1000(price: 30410.68214617003, expected: &quot;30410.68 zł&quot;)" storage="c:\projekty\xunittestproject\bin\debug\netcoreapp3.1\xunittestproject.dll" id="f376fc2f-2ee5-1277-a20e-665c6294e53a">
      <Execution id="a9ae4b0f-955a-49c4-bbdd-aaff7615cc30" />
      <TestMethod codeBase="C:\Projekty\xUnitTestProject\bin\Debug\netcoreapp3.1\xUnitTestProject.dll" adapterTypeName="executor://xunit/VsTestRunner2/netcoreapp" className="xUnitTestProject.CurrencyHelperTests" name="FormatToStringTest1000" />
    </UnitTest>
    <UnitTest name="xUnitTestProject.CurrencyHelperTests.FormatToStringTest1000(price: 15080.274618567097, expected: &quot;15080.27 zł&quot;)" storage="c:\projekty\xunittestproject\bin\debug\netcoreapp3.1\xunittestproject.dll" id="217b46ae-53e4-8868-0968-60de7a74b62a">
      <Execution id="33cd887d-6fa5-4038-8205-e3e14e0fc2a8" />
      <TestMethod codeBase="C:\Projekty\xUnitTestProject\bin\Debug\netcoreapp3.1\xUnitTestProject.dll" adapterTypeName="executor://xunit/VsTestRunner2/netcoreapp" className="xUnitTestProject.CurrencyHelperTests" name="FormatToStringTest1000" />
    </UnitTest>
    <UnitTest name="xUnitTestProject.CurrencyHelperTests.FormatToStringTest1000(price: 43727.735558145556, expected: &quot;43727.74 zł&quot;)" storage="c:\projekty\xunittestproject\bin\debug\netcoreapp3.1\xunittestproject.dll" id="ff96b5de-94eb-fc99-362b-5102f1ace758">
      <Execution id="e5aaf9e0-dfcc-4d57-b329-a615404e2298" />
      <TestMethod codeBase="C:\Projekty\xUnitTestProject\bin\Debug\netcoreapp3.1\xUnitTestProject.dll" adapterTypeName="executor://xunit/VsTestRunner2/netcoreapp" className="xUnitTestProject.CurrencyHelperTests" name="FormatToStringTest1000" />
    </UnitTest>
    <UnitTest name="xUnitTestProject.CurrencyHelperTests.FormatToStringTest1000(price: 34242.181005260056, expected: &quot;34242.18 zł&quot;)" storage="c:\projekty\xunittestproject\bin\debug\netcoreapp3.1\xunittestproject.dll" id="264c060b-2c06-6e92-2e7b-9f27ddffeba4">
      <Execution id="52e68de7-745f-4f0d-b5b6-3039ddfcee61" />
      <TestMethod codeBase="C:\Projekty\xUnitTestProject\bin\Debug\netcoreapp3.1\xUnitTestProject.dll" adapterTypeName="executor://xunit/VsTestRunner2/netcoreapp" className="xUnitTestProject.CurrencyHelperTests" name="FormatToStringTest1000" />
    </UnitTest>
    <UnitTest name="xUnitTestProject.CurrencyHelperTests.FormatToStringTest1000(price: 23662.291816162084, expected: &quot;23662.29 zł&quot;)" storage="c:\projekty\xunittestproject\bin\debug\netcoreapp3.1\xunittestproject.dll" id="09f7512b-fcad-449f-b8a9-c32911a23969">
      <Execution id="610dd500-65a6-4aaf-a43f-60f9199e2387" />
      <TestMethod codeBase="C:\Projekty\xUnitTestProject\bin\Debug\netcoreapp3.1\xUnitTestProject.dll" adapterTypeName="executor://xunit/VsTestRunner2/netcoreapp" className="xUnitTestProject.CurrencyHelperTests" name="FormatToStringTest1000" />
    </UnitTest>
    <UnitTest name="xUnitTestProject.CurrencyHelperTests.FormatToStringTest1000(price: 22291.653251342315, expected: &quot;22291.65 zł&quot;)" storage="c:\projekty\xunittestproject\bin\debug\netcoreapp3.1\xunittestproject.dll" id="4ffd7804-0b86-b3af-454f-c182dda91ce2">
      <Execution id="fcf8653b-038a-429b-ac2a-c4d40d267f51" />
      <TestMethod codeBase="C:\Projekty\xUnitTestProject\bin\Debug\netcoreapp3.1\xUnitTestProject.dll" adapterTypeName="executor://xunit/VsTestRunner2/netcoreapp" className="xUnitTestProject.CurrencyHelperTests" name="FormatToStringTest1000" />
    </UnitTest>
    <UnitTest name="xUnitTestProject.CurrencyHelperTests.FormatToStringTest1000(price: 1952.6955147062872, expected: &quot;1952.70 zł&quot;)" storage="c:\projekty\xunittestproject\bin\debug\netcoreapp3.1\xunittestproject.dll" id="040e6cf8-8fc7-ca87-38f4-b0a1a8671b45">
      <Execution id="a07a6c70-c024-44ee-8021-aad917073513" />
      <TestMethod codeBase="C:\Projekty\xUnitTestProject\bin\Debug\netcoreapp3.1\xUnitTestProject.dll" adapterTypeName="executor://xunit/VsTestRunner2/netcoreapp" className="xUnitTestProject.CurrencyHelperTests" name="FormatToStringTest1000" />
    </UnitTest>
    <UnitTest name="xUnitTestProject.CurrencyHelperTests.FormatToStringTest1000(price: 49256.47455728635, expected: &quot;49256.47 zł&quot;)" storage="c:\projekty\xunittestproject\bin\debug\netcoreapp3.1\xunittestproject.dll" id="31ad7a80-5373-effd-b719-cfe8b75a74c8">
      <Execution id="41388c6a-5fc3-46ca-baf7-831f9ec3bfdf" />
      <TestMethod codeBase="C:\Projekty\xUnitTestProject\bin\Debug\netcoreapp3.1\xUnitTestProject.dll" adapterTypeName="executor://xunit/VsTestRunner2/netcoreapp" className="xUnitTestProject.CurrencyHelperTests" name="FormatToStringTest1000" />
    </UnitTest>
    <UnitTest name="xUnitTestProject.CurrencyHelperTests.FormatToStringTest1000(price: 75915.01943546813, expected: &quot;75915.02 zł&quot;)" storage="c:\projekty\xunittestproject\bin\debug\netcoreapp3.1\xunittestproject.dll" id="27e54bf1-4aa0-4763-a98b-d50300d50e6c">
      <Execution id="1f041b16-704b-40df-b8e4-6e3e34cf3fdb" />
      <TestMethod codeBase="C:\Projekty\xUnitTestProject\bin\Debug\netcoreapp3.1\xUnitTestProject.dll" adapterTypeName="executor://xunit/VsTestRunner2/netcoreapp" className="xUnitTestProject.CurrencyHelperTests" name="FormatToStringTest1000" />
    </UnitTest>
    <UnitTest name="xUnitTestProject.CurrencyHelperTests.FormatToStringTest1000(price: 75514.58914517732, expected: &quot;75514.59 zł&quot;)" storage="c:\projekty\xunittestproject\bin\debug\netcoreapp3.1\xunittestproject.dll" id="ca756e2d-d5c0-6e03-1ab7-b2045c06d17b">
      <Execution id="b08117f3-3e95-432d-b05d-9e077f86a546" />
      <TestMethod codeBase="C:\Projekty\xUnitTestProject\bin\Debug\netcoreapp3.1\xUnitTestProject.dll" adapterTypeName="executor://xunit/VsTestRunner2/netcoreapp" className="xUnitTestProject.CurrencyHelperTests" name="FormatToStringTest1000" />
    </UnitTest>
    <UnitTest name="xUnitTestProject.CurrencyHelperTests.FormatToStringTest1000(price: 19796.212103914568, expected: &quot;19796.21 zł&quot;)" storage="c:\projekty\xunittestproject\bin\debug\netcoreapp3.1\xunittestproject.dll" id="eaf0b15c-0fc1-b6e6-caad-e11eeb0c7fda">
      <Execution id="14490c7b-b897-4d4e-b90e-4300a936e786" />
      <TestMethod codeBase="C:\Projekty\xUnitTestProject\bin\Debug\netcoreapp3.1\xUnitTestProject.dll" adapterTypeName="executor://xunit/VsTestRunner2/netcoreapp" className="xUnitTestProject.CurrencyHelperTests" name="FormatToStringTest1000" />
    </UnitTest>
    <UnitTest name="xUnitTestProject.CurrencyHelperTests.FormatToStringTest1000(price: 49672.98901987402, expected: &quot;49672.99 zł&quot;)" storage="c:\projekty\xunittestproject\bin\debug\netcoreapp3.1\xunittestproject.dll" id="17e8adfe-3d5e-8417-3ca9-9ea065f0229b">
      <Execution id="6b4ed911-8afa-49ab-8429-02ee4cfacd5a" />
      <TestMethod codeBase="C:\Projekty\xUnitTestProject\bin\Debug\netcoreapp3.1\xUnitTestProject.dll" adapterTypeName="executor://xunit/VsTestRunner2/netcoreapp" className="xUnitTestProject.CurrencyHelperTests" name="FormatToStringTest1000" />
    </UnitTest>
    <UnitTest name="xUnitTestProject.CurrencyHelperTests.FormatToStringTest1000(price: 56286.70397975702, expected: &quot;56286.70 zł&quot;)" storage="c:\projekty\xunittestproject\bin\debug\netcoreapp3.1\xunittestproject.dll" id="546c163e-77dd-f570-5b52-f67af946e3b9">
      <Execution id="564557c1-bec5-466e-ad2d-b2e2475905d3" />
      <TestMethod codeBase="C:\Projekty\xUnitTestProject\bin\Debug\netcoreapp3.1\xUnitTestProject.dll" adapterTypeName="executor://xunit/VsTestRunner2/netcoreapp" className="xUnitTestProject.CurrencyHelperTests" name="FormatToStringTest1000" />
    </UnitTest>
    <UnitTest name="xUnitTestProject.CurrencyHelperTests.FormatToStringTest1000(price: 2835.0728237931958, expected: &quot;2835.07 zł&quot;)" storage="c:\projekty\xunittestproject\bin\debug\netcoreapp3.1\xunittestproject.dll" id="72b4af26-389d-d3a5-e933-0620092c06be">
      <Execution id="6b01d244-3eda-4531-8b40-c059cad5e0b4" />
      <TestMethod codeBase="C:\Projekty\xUnitTestProject\bin\Debug\netcoreapp3.1\xUnitTestProject.dll" adapterTypeName="executor://xunit/VsTestRunner2/netcoreapp" className="xUnitTestProject.CurrencyHelperTests" name="FormatToStringTest1000" />
    </UnitTest>
    <UnitTest name="xUnitTestProject.CurrencyHelperTests.FormatToStringTest1000(price: 941.429400278921, expected: &quot;941.43 zł&quot;)" storage="c:\projekty\xunittestproject\bin\debug\netcoreapp3.1\xunittestproject.dll" id="34d55980-db04-996b-37e3-5ad72dcd15ab">
      <Execution id="d36397f1-95c3-415e-8b15-e91819ee438b" />
      <TestMethod codeBase="C:\Projekty\xUnitTestProject\bin\Debug\netcoreapp3.1\xUnitTestProject.dll" adapterTypeName="executor://xunit/VsTestRunner2/netcoreapp" className="xUnitTestProject.CurrencyHelperTests" name="FormatToStringTest1000" />
    </UnitTest>
    <UnitTest name="xUnitTestProject.CurrencyHelperTests.FormatToStringTest1000(price: 904.351189922705, expected: &quot;904.35 zł&quot;)" storage="c:\projekty\xunittestproject\bin\debug\netcoreapp3.1\xunittestproject.dll" id="d6b10638-19d7-868a-2152-f7946c6c6899">
      <Execution id="12121859-eb7b-4b7d-8c6a-73f017a7ec7c" />
      <TestMethod codeBase="C:\Projekty\xUnitTestProject\bin\Debug\netcoreapp3.1\xUnitTestProject.dll" adapterTypeName="executor://xunit/VsTestRunner2/netcoreapp" className="xUnitTestProject.CurrencyHelperTests" name="FormatToStringTest1000" />
    </UnitTest>
    <UnitTest name="xUnitTestProject.CurrencyHelperTests.FormatToStringTest1000(price: 22791.735381432685, expected: &quot;22791.74 zł&quot;)" storage="c:\projekty\xunittestproject\bin\debug\netcoreapp3.1\xunittestproject.dll" id="b07c6436-dbf7-0138-be42-b4b6d3d7e52c">
      <Execution id="5188e5be-3d5c-4669-9307-ed0efa6c01a1" />
      <TestMethod codeBase="C:\Projekty\xUnitTestProject\bin\Debug\netcoreapp3.1\xUnitTestProject.dll" adapterTypeName="executor://xunit/VsTestRunner2/netcoreapp" className="xUnitTestProject.CurrencyHelperTests" name="FormatToStringTest1000" />
    </UnitTest>
    <UnitTest name="xUnitTestProject.CurrencyHelperTests.FormatToStringTest1000(price: 765.778932784581, expected: &quot;765.78 zł&quot;)" storage="c:\projekty\xunittestproject\bin\debug\netcoreapp3.1\xunittestproject.dll" id="e97847d9-9bdd-db77-8bd9-477fffb0c503">
      <Execution id="6b148786-59d9-4828-913d-c13dca65ad3a" />
      <TestMethod codeBase="C:\Projekty\xUnitTestProject\bin\Debug\netcoreapp3.1\xUnitTestProject.dll" adapterTypeName="executor://xunit/VsTestRunner2/netcoreapp" className="xUnitTestProject.CurrencyHelperTests" name="FormatToStringTest1000" />
    </UnitTest>
    <UnitTest name="xUnitTestProject.CurrencyHelperTests.FormatToStringTest1000(price: 80609.94377465078, expected: &quot;80609.94 zł&quot;)" storage="c:\projekty\xunittestproject\bin\debug\netcoreapp3.1\xunittestproject.dll" id="0514bc2b-5cc4-a04d-717a-fd9efa22f04a">
      <Execution id="f3c3cc5c-5a4b-401c-be33-8f1227bcc9af" />
      <TestMethod codeBase="C:\Projekty\xUnitTestProject\bin\Debug\netcoreapp3.1\xUnitTestProject.dll" adapterTypeName="executor://xunit/VsTestRunner2/netcoreapp" className="xUnitTestProject.CurrencyHelperTests" name="FormatToStringTest1000" />
    </UnitTest>
    <UnitTest name="xUnitTestProject.CurrencyHelperTests.FormatToStringTest1000(price: 30199.386730006612, expected: &quot;30199.39 zł&quot;)" storage="c:\projekty\xunittestproject\bin\debug\netcoreapp3.1\xunittestproject.dll" id="939e1c3f-3bc7-ec75-48fe-8501679b5ff4">
      <Execution id="f247876e-9c86-4e46-9e95-88a235c9b9d1" />
      <TestMethod codeBase="C:\Projekty\xUnitTestProject\bin\Debug\netcoreapp3.1\xUnitTestProject.dll" adapterTypeName="executor://xunit/VsTestRunner2/netcoreapp" className="xUnitTestProject.CurrencyHelperTests" name="FormatToStringTest1000" />
    </UnitTest>
    <UnitTest name="xUnitTestProject.CurrencyHelperTests.FormatToStringTest1000(price: 36760.171806480816, expected: &quot;36760.17 zł&quot;)" storage="c:\projekty\xunittestproject\bin\debug\netcoreapp3.1\xunittestproject.dll" id="758b94a4-3e83-213a-e897-268aa753a08f">
      <Execution id="8f97699f-ab9d-4b93-9a38-78eee5b2a7b1" />
      <TestMethod codeBase="C:\Projekty\xUnitTestProject\bin\Debug\netcoreapp3.1\xUnitTestProject.dll" adapterTypeName="executor://xunit/VsTestRunner2/netcoreapp" className="xUnitTestProject.CurrencyHelperTests" name="FormatToStringTest1000" />
    </UnitTest>
    <UnitTest name="xUnitTestProject.CurrencyHelperTests.FormatToStringTest1000(price: 19085.023282992664, expected: &quot;19085.02 zł&quot;)" storage="c:\projekty\xunittestproject\bin\debug\netcoreapp3.1\xunittestproject.dll" id="48c41a45-a694-6e7a-7100-4b0ce75fbb19">
      <Execution id="c11373e7-002a-4cc3-a8e2-3a672e2d9f48" />
      <TestMethod codeBase="C:\Projekty\xUnitTestProject\bin\Debug\netcoreapp3.1\xUnitTestProject.dll" adapterTypeName="executor://xunit/VsTestRunner2/netcoreapp" className="xUnitTestProject.CurrencyHelperTests" name="FormatToStringTest1000" />
    </UnitTest>
    <UnitTest name="xUnitTestProject.CurrencyHelperTests.FormatToStringTest1000(price: 17315.72309779363, expected: &quot;17315.72 zł&quot;)" storage="c:\projekty\xunittestproject\bin\debug\netcoreapp3.1\xunittestproject.dll" id="6b6f1069-86c1-e08a-6926-d89a012b7b47">
      <Execution id="19b79b10-d2d0-4eb2-b8e3-146fd22dedca" />
      <TestMethod codeBase="C:\Projekty\xUnitTestProject\bin\Debug\netcoreapp3.1\xUnitTestProject.dll" adapterTypeName="executor://xunit/VsTestRunner2/netcoreapp" className="xUnitTestProject.CurrencyHelperTests" name="FormatToStringTest1000" />
    </UnitTest>
    <UnitTest name="xUnitTestProject.CurrencyHelperTests.FormatToStringTest1000(price: 32213.734885384205, expected: &quot;32213.73 zł&quot;)" storage="c:\projekty\xunittestproject\bin\debug\netcoreapp3.1\xunittestproject.dll" id="7c3ffa01-e97c-2ed2-ce73-5d584269f0e2">
      <Execution id="428ea2cc-c8f2-4102-9fcc-a99c410aefd3" />
      <TestMethod codeBase="C:\Projekty\xUnitTestProject\bin\Debug\netcoreapp3.1\xUnitTestProject.dll" adapterTypeName="executor://xunit/VsTestRunner2/netcoreapp" className="xUnitTestProject.CurrencyHelperTests" name="FormatToStringTest1000" />
    </UnitTest>
    <UnitTest name="xUnitTestProject.CurrencyHelperTests.FormatToStringTest1000(price: 12903.541202012237, expected: &quot;12903.54 zł&quot;)" storage="c:\projekty\xunittestproject\bin\debug\netcoreapp3.1\xunittestproject.dll" id="a69afd9b-81e8-28e1-2371-18b74a947656">
      <Execution id="aa96bf31-d1f1-4c49-8dec-4e0fadb40fe1" />
      <TestMethod codeBase="C:\Projekty\xUnitTestProject\bin\Debug\netcoreapp3.1\xUnitTestProject.dll" adapterTypeName="executor://xunit/VsTestRunner2/netcoreapp" className="xUnitTestProject.CurrencyHelperTests" name="FormatToStringTest1000" />
    </UnitTest>
    <UnitTest name="xUnitTestProject.CurrencyHelperTests.FormatToStringTest1000(price: 6266.232005888704, expected: &quot;6266.23 zł&quot;)" storage="c:\projekty\xunittestproject\bin\debug\netcoreapp3.1\xunittestproject.dll" id="d3cdcde5-df28-6c6c-d5ee-263c0a49023a">
      <Execution id="72d61879-e985-459b-a65f-b295db389023" />
      <TestMethod codeBase="C:\Projekty\xUnitTestProject\bin\Debug\netcoreapp3.1\xUnitTestProject.dll" adapterTypeName="executor://xunit/VsTestRunner2/netcoreapp" className="xUnitTestProject.CurrencyHelperTests" name="FormatToStringTest1000" />
    </UnitTest>
    <UnitTest name="xUnitTestProject.CurrencyHelperTests.FormatToStringTest1000(price: 30071.004434484523, expected: &quot;30071.00 zł&quot;)" storage="c:\projekty\xunittestproject\bin\debug\netcoreapp3.1\xunittestproject.dll" id="ded3a712-fe17-74f4-ce2a-e02d4a5da442">
      <Execution id="3ba80955-85c6-4222-94c1-bce7ea19d539" />
      <TestMethod codeBase="C:\Projekty\xUnitTestProject\bin\Debug\netcoreapp3.1\xUnitTestProject.dll" adapterTypeName="executor://xunit/VsTestRunner2/netcoreapp" className="xUnitTestProject.CurrencyHelperTests" name="FormatToStringTest1000" />
    </UnitTest>
    <UnitTest name="xUnitTestProject.CurrencyHelperTests.FormatToStringTest1000(price: 48428.38681602682, expected: &quot;48428.39 zł&quot;)" storage="c:\projekty\xunittestproject\bin\debug\netcoreapp3.1\xunittestproject.dll" id="c0952508-ec1e-97b9-fe02-0c1a5085abd7">
      <Execution id="ef8bc5c1-b184-4a2b-bdc0-8f1cd4e4c048" />
      <TestMethod codeBase="C:\Projekty\xUnitTestProject\bin\Debug\netcoreapp3.1\xUnitTestProject.dll" adapterTypeName="executor://xunit/VsTestRunner2/netcoreapp" className="xUnitTestProject.CurrencyHelperTests" name="FormatToStringTest1000" />
    </UnitTest>
    <UnitTest name="xUnitTestProject.CurrencyHelperTests.FormatToStringTest1000(price: 748.6264857065987, expected: &quot;748.63 zł&quot;)" storage="c:\projekty\xunittestproject\bin\debug\netcoreapp3.1\xunittestproject.dll" id="927355f0-db19-7988-f19c-ec0494e2f5d9">
      <Execution id="22d06c69-cdac-45f7-a19e-7f240f869173" />
      <TestMethod codeBase="C:\Projekty\xUnitTestProject\bin\Debug\netcoreapp3.1\xUnitTestProject.dll" adapterTypeName="executor://xunit/VsTestRunner2/netcoreapp" className="xUnitTestProject.CurrencyHelperTests" name="FormatToStringTest1000" />
    </UnitTest>
    <UnitTest name="xUnitTestProject.CurrencyHelperTests.FormatToStringTest1000(price: 19603.69286519321, expected: &quot;19603.69 zł&quot;)" storage="c:\projekty\xunittestproject\bin\debug\netcoreapp3.1\xunittestproject.dll" id="e8631f54-2451-193b-aa4f-8be567b318eb">
      <Execution id="b2d703a4-2a92-42a5-80d3-cf73c96e25ed" />
      <TestMethod codeBase="C:\Projekty\xUnitTestProject\bin\Debug\netcoreapp3.1\xUnitTestProject.dll" adapterTypeName="executor://xunit/VsTestRunner2/netcoreapp" className="xUnitTestProject.CurrencyHelperTests" name="FormatToStringTest1000" />
    </UnitTest>
    <UnitTest name="xUnitTestProject.CurrencyHelperTests.FormatToStringTest1000(price: 6838.422316571894, expected: &quot;6838.42 zł&quot;)" storage="c:\projekty\xunittestproject\bin\debug\netcoreapp3.1\xunittestproject.dll" id="b163eddc-fed2-8a3f-de92-54285bf94b6d">
      <Execution id="21bd272c-2192-4791-9a9a-576c26ad26ff" />
      <TestMethod codeBase="C:\Projekty\xUnitTestProject\bin\Debug\netcoreapp3.1\xUnitTestProject.dll" adapterTypeName="executor://xunit/VsTestRunner2/netcoreapp" className="xUnitTestProject.CurrencyHelperTests" name="FormatToStringTest1000" />
    </UnitTest>
    <UnitTest name="xUnitTestProject.CurrencyHelperTests.FormatToStringTest1000(price: 14867.726341984107, expected: &quot;14867.73 zł&quot;)" storage="c:\projekty\xunittestproject\bin\debug\netcoreapp3.1\xunittestproject.dll" id="c15129d5-d936-d35a-141a-341775ad7af1">
      <Execution id="33a42b81-a094-4de5-a887-015cad658b1b" />
      <TestMethod codeBase="C:\Projekty\xUnitTestProject\bin\Debug\netcoreapp3.1\xUnitTestProject.dll" adapterTypeName="executor://xunit/VsTestRunner2/netcoreapp" className="xUnitTestProject.CurrencyHelperTests" name="FormatToStringTest1000" />
    </UnitTest>
    <UnitTest name="xUnitTestProject.CurrencyHelperTests.FormatToStringTest1000(price: 10268.547802396373, expected: &quot;10268.55 zł&quot;)" storage="c:\projekty\xunittestproject\bin\debug\netcoreapp3.1\xunittestproject.dll" id="972bb963-9a87-7070-029b-8643f34bbb6c">
      <Execution id="37d03082-f4c5-47ec-8f11-f726769d7348" />
      <TestMethod codeBase="C:\Projekty\xUnitTestProject\bin\Debug\netcoreapp3.1\xUnitTestProject.dll" adapterTypeName="executor://xunit/VsTestRunner2/netcoreapp" className="xUnitTestProject.CurrencyHelperTests" name="FormatToStringTest1000" />
    </UnitTest>
    <UnitTest name="xUnitTestProject.CurrencyHelperTests.FormatToStringTest1000(price: 8095.485677032492, expected: &quot;8095.49 zł&quot;)" storage="c:\projekty\xunittestproject\bin\debug\netcoreapp3.1\xunittestproject.dll" id="2f6b6911-3bf0-1f4d-b85f-0561bbc969cd">
      <Execution id="a93c76c6-f2be-440a-b0b0-ce76c7daa903" />
      <TestMethod codeBase="C:\Projekty\xUnitTestProject\bin\Debug\netcoreapp3.1\xUnitTestProject.dll" adapterTypeName="executor://xunit/VsTestRunner2/netcoreapp" className="xUnitTestProject.CurrencyHelperTests" name="FormatToStringTest1000" />
    </UnitTest>
    <UnitTest name="xUnitTestProject.CurrencyHelperTests.FormatToStringTest1000(price: 9774.341362926803, expected: &quot;9774.34 zł&quot;)" storage="c:\projekty\xunittestproject\bin\debug\netcoreapp3.1\xunittestproject.dll" id="9a2bcce2-54c7-2ac9-248c-c072785d5cf2">
      <Execution id="b53cd3a3-c77d-4ae5-a6ba-f3accac1c34c" />
      <TestMethod codeBase="C:\Projekty\xUnitTestProject\bin\Debug\netcoreapp3.1\xUnitTestProject.dll" adapterTypeName="executor://xunit/VsTestRunner2/netcoreapp" className="xUnitTestProject.CurrencyHelperTests" name="FormatToStringTest1000" />
    </UnitTest>
    <UnitTest name="xUnitTestProject.CurrencyHelperTests.FormatToStringTest1000(price: 28987.862854782896, expected: &quot;28987.86 zł&quot;)" storage="c:\projekty\xunittestproject\bin\debug\netcoreapp3.1\xunittestproject.dll" id="0d82bc84-08a9-ffda-b09d-d44b4e74eec6">
      <Execution id="73f3e6e8-6049-42b8-9346-c4fbb092dfae" />
      <TestMethod codeBase="C:\Projekty\xUnitTestProject\bin\Debug\netcoreapp3.1\xUnitTestProject.dll" adapterTypeName="executor://xunit/VsTestRunner2/netcoreapp" className="xUnitTestProject.CurrencyHelperTests" name="FormatToStringTest1000" />
    </UnitTest>
    <UnitTest name="xUnitTestProject.CurrencyHelperTests.FormatToStringTest1000(price: 11175.438820935526, expected: &quot;11175.44 zł&quot;)" storage="c:\projekty\xunittestproject\bin\debug\netcoreapp3.1\xunittestproject.dll" id="d6ed6531-54c3-2edf-18c7-ddb0279f678b">
      <Execution id="5046968e-10a2-4bbf-a1a6-04ae00109472" />
      <TestMethod codeBase="C:\Projekty\xUnitTestProject\bin\Debug\netcoreapp3.1\xUnitTestProject.dll" adapterTypeName="executor://xunit/VsTestRunner2/netcoreapp" className="xUnitTestProject.CurrencyHelperTests" name="FormatToStringTest1000" />
    </UnitTest>
    <UnitTest name="xUnitTestProject.CurrencyHelperTests.FormatToStringTest1000(price: 47672.66266041652, expected: &quot;47672.66 zł&quot;)" storage="c:\projekty\xunittestproject\bin\debug\netcoreapp3.1\xunittestproject.dll" id="e0c34032-6c79-2d9c-b6af-6955c63a9e30">
      <Execution id="3059c076-aef8-41b1-baff-1bf718e61289" />
      <TestMethod codeBase="C:\Projekty\xUnitTestProject\bin\Debug\netcoreapp3.1\xUnitTestProject.dll" adapterTypeName="executor://xunit/VsTestRunner2/netcoreapp" className="xUnitTestProject.CurrencyHelperTests" name="FormatToStringTest1000" />
    </UnitTest>
    <UnitTest name="xUnitTestProject.CurrencyHelperTests.FormatToStringTest1000(price: 7458.609645228652, expected: &quot;7458.61 zł&quot;)" storage="c:\projekty\xunittestproject\bin\debug\netcoreapp3.1\xunittestproject.dll" id="8034b7ee-c5e3-314c-6310-8984871301b7">
      <Execution id="4d248bb5-8ee5-4b64-954d-3dffc275ac07" />
      <TestMethod codeBase="C:\Projekty\xUnitTestProject\bin\Debug\netcoreapp3.1\xUnitTestProject.dll" adapterTypeName="executor://xunit/VsTestRunner2/netcoreapp" className="xUnitTestProject.CurrencyHelperTests" name="FormatToStringTest1000" />
    </UnitTest>
    <UnitTest name="xUnitTestProject.CurrencyHelperTests.FormatToStringTest1000(price: 30126.012320622805, expected: &quot;30126.01 zł&quot;)" storage="c:\projekty\xunittestproject\bin\debug\netcoreapp3.1\xunittestproject.dll" id="4b28c4f2-243a-8c78-12a1-344fb80c29cf">
      <Execution id="cc72f29c-6752-4a19-9319-531c572d1158" />
      <TestMethod codeBase="C:\Projekty\xUnitTestProject\bin\Debug\netcoreapp3.1\xUnitTestProject.dll" adapterTypeName="executor://xunit/VsTestRunner2/netcoreapp" className="xUnitTestProject.CurrencyHelperTests" name="FormatToStringTest1000" />
    </UnitTest>
    <UnitTest name="xUnitTestProject.CurrencyHelperTests.FormatToStringTest1000(price: 25376.6225052097, expected: &quot;25376.62 zł&quot;)" storage="c:\projekty\xunittestproject\bin\debug\netcoreapp3.1\xunittestproject.dll" id="8491f0a3-ed14-5fdd-d64c-af335660b6b8">
      <Execution id="fd9f423d-a6ff-474c-984b-43efcd754cd0" />
      <TestMethod codeBase="C:\Projekty\xUnitTestProject\bin\Debug\netcoreapp3.1\xUnitTestProject.dll" adapterTypeName="executor://xunit/VsTestRunner2/netcoreapp" className="xUnitTestProject.CurrencyHelperTests" name="FormatToStringTest1000" />
    </UnitTest>
    <UnitTest name="xUnitTestProject.CurrencyHelperTests.FormatToStringTest1000(price: 26468.346804109562, expected: &quot;26468.35 zł&quot;)" storage="c:\projekty\xunittestproject\bin\debug\netcoreapp3.1\xunittestproject.dll" id="df465776-c4f6-f76e-1fec-b3cfe705b591">
      <Execution id="c3cc567f-6a69-4472-ada2-560acd4f120a" />
      <TestMethod codeBase="C:\Projekty\xUnitTestProject\bin\Debug\netcoreapp3.1\xUnitTestProject.dll" adapterTypeName="executor://xunit/VsTestRunner2/netcoreapp" className="xUnitTestProject.CurrencyHelperTests" name="FormatToStringTest1000" />
    </UnitTest>
    <UnitTest name="xUnitTestProject.CurrencyHelperTests.FormatToStringTest1000(price: 7050.437505805137, expected: &quot;7050.44 zł&quot;)" storage="c:\projekty\xunittestproject\bin\debug\netcoreapp3.1\xunittestproject.dll" id="297d2ce6-e7ea-8d5e-9134-2d6e61b4337c">
      <Execution id="24aced93-e8a0-422c-bc0f-0117e7fa02f4" />
      <TestMethod codeBase="C:\Projekty\xUnitTestProject\bin\Debug\netcoreapp3.1\xUnitTestProject.dll" adapterTypeName="executor://xunit/VsTestRunner2/netcoreapp" className="xUnitTestProject.CurrencyHelperTests" name="FormatToStringTest1000" />
    </UnitTest>
    <UnitTest name="xUnitTestProject.CurrencyHelperTests.FormatToStringTest1000(price: 82228.32322510486, expected: &quot;82228.32 zł&quot;)" storage="c:\projekty\xunittestproject\bin\debug\netcoreapp3.1\xunittestproject.dll" id="0014f817-c5c9-87d1-3e8c-ecffc3678e52">
      <Execution id="0189f9d0-9a69-4af4-8f27-7d79a5ffb427" />
      <TestMethod codeBase="C:\Projekty\xUnitTestProject\bin\Debug\netcoreapp3.1\xUnitTestProject.dll" adapterTypeName="executor://xunit/VsTestRunner2/netcoreapp" className="xUnitTestProject.CurrencyHelperTests" name="FormatToStringTest1000" />
    </UnitTest>
    <UnitTest name="xUnitTestProject.CurrencyHelperTests.FormatToStringTest1000(price: 6466.872242818062, expected: &quot;6466.87 zł&quot;)" storage="c:\projekty\xunittestproject\bin\debug\netcoreapp3.1\xunittestproject.dll" id="07878353-6799-84f6-4a3b-1ffc56ae1d1d">
      <Execution id="41d391de-f319-405f-acb9-6b264a47f354" />
      <TestMethod codeBase="C:\Projekty\xUnitTestProject\bin\Debug\netcoreapp3.1\xUnitTestProject.dll" adapterTypeName="executor://xunit/VsTestRunner2/netcoreapp" className="xUnitTestProject.CurrencyHelperTests" name="FormatToStringTest1000" />
    </UnitTest>
    <UnitTest name="xUnitTestProject.CurrencyHelperTests.FormatToStringTest1000(price: 44677.61946778074, expected: &quot;44677.62 zł&quot;)" storage="c:\projekty\xunittestproject\bin\debug\netcoreapp3.1\xunittestproject.dll" id="b4c4dec7-1c5b-811f-ea83-760608d514fd">
      <Execution id="98158c91-a40f-4bce-aac3-92e0290592ed" />
      <TestMethod codeBase="C:\Projekty\xUnitTestProject\bin\Debug\netcoreapp3.1\xUnitTestProject.dll" adapterTypeName="executor://xunit/VsTestRunner2/netcoreapp" className="xUnitTestProject.CurrencyHelperTests" name="FormatToStringTest1000" />
    </UnitTest>
    <UnitTest name="xUnitTestProject.CurrencyHelperTests.FormatToStringTest1000(price: 41368.29672956015, expected: &quot;41368.30 zł&quot;)" storage="c:\projekty\xunittestproject\bin\debug\netcoreapp3.1\xunittestproject.dll" id="ff67ffea-ea63-9682-e246-a48f70d1fb56">
      <Execution id="10697366-70a7-4806-bc62-f7e1c829bded" />
      <TestMethod codeBase="C:\Projekty\xUnitTestProject\bin\Debug\netcoreapp3.1\xUnitTestProject.dll" adapterTypeName="executor://xunit/VsTestRunner2/netcoreapp" className="xUnitTestProject.CurrencyHelperTests" name="FormatToStringTest1000" />
    </UnitTest>
    <UnitTest name="xUnitTestProject.CurrencyHelperTests.FormatToStringTest1000(price: 28306.369434126827, expected: &quot;28306.37 zł&quot;)" storage="c:\projekty\xunittestproject\bin\debug\netcoreapp3.1\xunittestproject.dll" id="2031700b-98b7-ff2b-f550-00f3842fd04f">
      <Execution id="de88fd9c-4d8b-413c-b9f3-cbd6d1647fbf" />
      <TestMethod codeBase="C:\Projekty\xUnitTestProject\bin\Debug\netcoreapp3.1\xUnitTestProject.dll" adapterTypeName="executor://xunit/VsTestRunner2/netcoreapp" className="xUnitTestProject.CurrencyHelperTests" name="FormatToStringTest1000" />
    </UnitTest>
    <UnitTest name="xUnitTestProject.CurrencyHelperTests.FormatToStringTest1000(price: 33245.44763357819, expected: &quot;33245.45 zł&quot;)" storage="c:\projekty\xunittestproject\bin\debug\netcoreapp3.1\xunittestproject.dll" id="ead5e525-476c-e9b0-a913-d40736b344c3">
      <Execution id="2e608822-c656-4765-9237-aedab7a519d0" />
      <TestMethod codeBase="C:\Projekty\xUnitTestProject\bin\Debug\netcoreapp3.1\xUnitTestProject.dll" adapterTypeName="executor://xunit/VsTestRunner2/netcoreapp" className="xUnitTestProject.CurrencyHelperTests" name="FormatToStringTest1000" />
    </UnitTest>
    <UnitTest name="xUnitTestProject.CurrencyHelperTests.FormatToStringTest1000(price: 68770.73008707525, expected: &quot;68770.73 zł&quot;)" storage="c:\projekty\xunittestproject\bin\debug\netcoreapp3.1\xunittestproject.dll" id="123932a6-c3cf-7fb9-5ef5-34297fb3a837">
      <Execution id="02c2550e-0cbd-4c44-b70d-29ad8c10bc74" />
      <TestMethod codeBase="C:\Projekty\xUnitTestProject\bin\Debug\netcoreapp3.1\xUnitTestProject.dll" adapterTypeName="executor://xunit/VsTestRunner2/netcoreapp" className="xUnitTestProject.CurrencyHelperTests" name="FormatToStringTest1000" />
    </UnitTest>
    <UnitTest name="xUnitTestProject.CurrencyHelperTests.FormatToStringTest1000(price: 1898.24149096489, expected: &quot;1898.24 zł&quot;)" storage="c:\projekty\xunittestproject\bin\debug\netcoreapp3.1\xunittestproject.dll" id="237b1260-5bf2-21f1-fab1-5f4efe94ad6e">
      <Execution id="29386524-8579-4d1f-83b7-690cb6d1f2e7" />
      <TestMethod codeBase="C:\Projekty\xUnitTestProject\bin\Debug\netcoreapp3.1\xUnitTestProject.dll" adapterTypeName="executor://xunit/VsTestRunner2/netcoreapp" className="xUnitTestProject.CurrencyHelperTests" name="FormatToStringTest1000" />
    </UnitTest>
    <UnitTest name="xUnitTestProject.CurrencyHelperTests.FormatToStringTest1000(price: 10784.438152511344, expected: &quot;10784.44 zł&quot;)" storage="c:\projekty\xunittestproject\bin\debug\netcoreapp3.1\xunittestproject.dll" id="575b3040-83fc-2437-91d5-9ac3f2af85b4">
      <Execution id="0f3f5f7e-3522-4e66-b3e1-94f5fbe0912e" />
      <TestMethod codeBase="C:\Projekty\xUnitTestProject\bin\Debug\netcoreapp3.1\xUnitTestProject.dll" adapterTypeName="executor://xunit/VsTestRunner2/netcoreapp" className="xUnitTestProject.CurrencyHelperTests" name="FormatToStringTest1000" />
    </UnitTest>
    <UnitTest name="xUnitTestProject.CurrencyHelperTests.FormatToStringTest1000(price: 57564.498126061866, expected: &quot;57564.50 zł&quot;)" storage="c:\projekty\xunittestproject\bin\debug\netcoreapp3.1\xunittestproject.dll" id="102bb5fe-d832-e7b4-1cec-260995c71130">
      <Execution id="0c6fb972-7540-4401-8a44-64b92797a6a0" />
      <TestMethod codeBase="C:\Projekty\xUnitTestProject\bin\Debug\netcoreapp3.1\xUnitTestProject.dll" adapterTypeName="executor://xunit/VsTestRunner2/netcoreapp" className="xUnitTestProject.CurrencyHelperTests" name="FormatToStringTest1000" />
    </UnitTest>
    <UnitTest name="xUnitTestProject.CurrencyHelperTests.FormatToStringTest1000(price: 9897.705953436767, expected: &quot;9897.71 zł&quot;)" storage="c:\projekty\xunittestproject\bin\debug\netcoreapp3.1\xunittestproject.dll" id="281669ef-629b-f1d2-33b2-c7fad7ee0226">
      <Execution id="98f72fdd-8b99-41e6-9fda-fa8051315e27" />
      <TestMethod codeBase="C:\Projekty\xUnitTestProject\bin\Debug\netcoreapp3.1\xUnitTestProject.dll" adapterTypeName="executor://xunit/VsTestRunner2/netcoreapp" className="xUnitTestProject.CurrencyHelperTests" name="FormatToStringTest1000" />
    </UnitTest>
    <UnitTest name="xUnitTestProject.CurrencyHelperTests.FormatToStringTest1000(price: 43424.45140075332, expected: &quot;43424.45 zł&quot;)" storage="c:\projekty\xunittestproject\bin\debug\netcoreapp3.1\xunittestproject.dll" id="e63012a7-c6dd-105c-5599-46a75e19ac35">
      <Execution id="125745b6-bf81-441e-a416-1a871507022b" />
      <TestMethod codeBase="C:\Projekty\xUnitTestProject\bin\Debug\netcoreapp3.1\xUnitTestProject.dll" adapterTypeName="executor://xunit/VsTestRunner2/netcoreapp" className="xUnitTestProject.CurrencyHelperTests" name="FormatToStringTest1000" />
    </UnitTest>
    <UnitTest name="xUnitTestProject.CurrencyHelperTests.FormatToStringTest1000(price: 31163.834562352316, expected: &quot;31163.83 zł&quot;)" storage="c:\projekty\xunittestproject\bin\debug\netcoreapp3.1\xunittestproject.dll" id="2f5e415d-a063-a3ff-febb-2ffdc85ba98d">
      <Execution id="c254299d-af9c-4fb8-bc34-25666e274453" />
      <TestMethod codeBase="C:\Projekty\xUnitTestProject\bin\Debug\netcoreapp3.1\xUnitTestProject.dll" adapterTypeName="executor://xunit/VsTestRunner2/netcoreapp" className="xUnitTestProject.CurrencyHelperTests" name="FormatToStringTest1000" />
    </UnitTest>
    <UnitTest name="xUnitTestProject.CurrencyHelperTests.FormatToStringTest1000(price: 9816.961298880615, expected: &quot;9816.96 zł&quot;)" storage="c:\projekty\xunittestproject\bin\debug\netcoreapp3.1\xunittestproject.dll" id="d2e288cb-5b2d-9b97-c7c0-aed9f363013c">
      <Execution id="07b1e5b8-b3e1-48aa-95a7-f9adfa4215a9" />
      <TestMethod codeBase="C:\Projekty\xUnitTestProject\bin\Debug\netcoreapp3.1\xUnitTestProject.dll" adapterTypeName="executor://xunit/VsTestRunner2/netcoreapp" className="xUnitTestProject.CurrencyHelperTests" name="FormatToStringTest1000" />
    </UnitTest>
    <UnitTest name="xUnitTestProject.CurrencyHelperTests.FormatToStringTest1000(price: 14137.400697779563, expected: &quot;14137.40 zł&quot;)" storage="c:\projekty\xunittestproject\bin\debug\netcoreapp3.1\xunittestproject.dll" id="5b2fabb4-e059-962c-348f-3355cdc7486e">
      <Execution id="94d526e8-e311-4099-97ed-453f58369969" />
      <TestMethod codeBase="C:\Projekty\xUnitTestProject\bin\Debug\netcoreapp3.1\xUnitTestProject.dll" adapterTypeName="executor://xunit/VsTestRunner2/netcoreapp" className="xUnitTestProject.CurrencyHelperTests" name="FormatToStringTest1000" />
    </UnitTest>
    <UnitTest name="xUnitTestProject.CurrencyHelperTests.FormatToStringTest1000(price: 32218.080508120394, expected: &quot;32218.08 zł&quot;)" storage="c:\projekty\xunittestproject\bin\debug\netcoreapp3.1\xunittestproject.dll" id="abc33cd0-29a9-07f5-4aa9-4d70e8dec4a4">
      <Execution id="c73a8f67-4012-46aa-a23a-2e275a8378b2" />
      <TestMethod codeBase="C:\Projekty\xUnitTestProject\bin\Debug\netcoreapp3.1\xUnitTestProject.dll" adapterTypeName="executor://xunit/VsTestRunner2/netcoreapp" className="xUnitTestProject.CurrencyHelperTests" name="FormatToStringTest1000" />
    </UnitTest>
    <UnitTest name="xUnitTestProject.CurrencyHelperTests.FormatToStringTest1000(price: 6550.421588937948, expected: &quot;6550.42 zł&quot;)" storage="c:\projekty\xunittestproject\bin\debug\netcoreapp3.1\xunittestproject.dll" id="4e1f3ab2-e30f-84ab-8c3f-ffbda0a749a7">
      <Execution id="353bee1c-65de-4fea-9c15-87e402737590" />
      <TestMethod codeBase="C:\Projekty\xUnitTestProject\bin\Debug\netcoreapp3.1\xUnitTestProject.dll" adapterTypeName="executor://xunit/VsTestRunner2/netcoreapp" className="xUnitTestProject.CurrencyHelperTests" name="FormatToStringTest1000" />
    </UnitTest>
    <UnitTest name="xUnitTestProject.CurrencyHelperTests.FormatToStringTest1000(price: 42555.01416107594, expected: &quot;42555.01 zł&quot;)" storage="c:\projekty\xunittestproject\bin\debug\netcoreapp3.1\xunittestproject.dll" id="97fa9539-2f5b-d008-d8ef-c0d60778ca89">
      <Execution id="aa4f5922-3413-4fe6-8573-d53473bfba12" />
      <TestMethod codeBase="C:\Projekty\xUnitTestProject\bin\Debug\netcoreapp3.1\xUnitTestProject.dll" adapterTypeName="executor://xunit/VsTestRunner2/netcoreapp" className="xUnitTestProject.CurrencyHelperTests" name="FormatToStringTest1000" />
    </UnitTest>
    <UnitTest name="xUnitTestProject.CurrencyHelperTests.FormatToStringTest1000(price: 32632.105531036905, expected: &quot;32632.11 zł&quot;)" storage="c:\projekty\xunittestproject\bin\debug\netcoreapp3.1\xunittestproject.dll" id="7514081f-0084-9527-726e-372a541e02c5">
      <Execution id="ecdbe704-dcc1-4c51-a612-31aaa180864a" />
      <TestMethod codeBase="C:\Projekty\xUnitTestProject\bin\Debug\netcoreapp3.1\xUnitTestProject.dll" adapterTypeName="executor://xunit/VsTestRunner2/netcoreapp" className="xUnitTestProject.CurrencyHelperTests" name="FormatToStringTest1000" />
    </UnitTest>
    <UnitTest name="xUnitTestProject.CurrencyHelperTests.FormatToStringTest1000(price: 270.1894008262033, expected: &quot;270.19 zł&quot;)" storage="c:\projekty\xunittestproject\bin\debug\netcoreapp3.1\xunittestproject.dll" id="c3c40199-4dcb-06d9-bd7e-201cb412e68f">
      <Execution id="e215b9d4-77ae-4840-8fa0-ff2ebb5020fb" />
      <TestMethod codeBase="C:\Projekty\xUnitTestProject\bin\Debug\netcoreapp3.1\xUnitTestProject.dll" adapterTypeName="executor://xunit/VsTestRunner2/netcoreapp" className="xUnitTestProject.CurrencyHelperTests" name="FormatToStringTest1000" />
    </UnitTest>
    <UnitTest name="xUnitTestProject.CurrencyHelperTests.FormatToStringTest1000(price: 15313.083673952653, expected: &quot;15313.08 zł&quot;)" storage="c:\projekty\xunittestproject\bin\debug\netcoreapp3.1\xunittestproject.dll" id="de2d22dc-e411-4a1b-48db-f6f07906b5fb">
      <Execution id="2ce33440-d74c-4ef2-a90b-b633e9f845f2" />
      <TestMethod codeBase="C:\Projekty\xUnitTestProject\bin\Debug\netcoreapp3.1\xUnitTestProject.dll" adapterTypeName="executor://xunit/VsTestRunner2/netcoreapp" className="xUnitTestProject.CurrencyHelperTests" name="FormatToStringTest1000" />
    </UnitTest>
    <UnitTest name="xUnitTestProject.CurrencyHelperTests.FormatToStringTest1000(price: 15129.433864736666, expected: &quot;15129.43 zł&quot;)" storage="c:\projekty\xunittestproject\bin\debug\netcoreapp3.1\xunittestproject.dll" id="fb7bf331-bde6-9156-c7eb-687415ce01f4">
      <Execution id="14b05434-d79f-490f-95dc-ca6d1c60838a" />
      <TestMethod codeBase="C:\Projekty\xUnitTestProject\bin\Debug\netcoreapp3.1\xUnitTestProject.dll" adapterTypeName="executor://xunit/VsTestRunner2/netcoreapp" className="xUnitTestProject.CurrencyHelperTests" name="FormatToStringTest1000" />
    </UnitTest>
    <UnitTest name="xUnitTestProject.CurrencyHelperTests.FormatToStringTest1000(price: 31315.40354898544, expected: &quot;31315.40 zł&quot;)" storage="c:\projekty\xunittestproject\bin\debug\netcoreapp3.1\xunittestproject.dll" id="2cd8497b-7c7c-c528-555b-f107e750a1a0">
      <Execution id="21be81f3-b866-4a46-ace1-7d27aaa7b8fb" />
      <TestMethod codeBase="C:\Projekty\xUnitTestProject\bin\Debug\netcoreapp3.1\xUnitTestProject.dll" adapterTypeName="executor://xunit/VsTestRunner2/netcoreapp" className="xUnitTestProject.CurrencyHelperTests" name="FormatToStringTest1000" />
    </UnitTest>
    <UnitTest name="xUnitTestProject.CurrencyHelperTests.FormatToStringTest1000(price: 40889.35187774214, expected: &quot;40889.35 zł&quot;)" storage="c:\projekty\xunittestproject\bin\debug\netcoreapp3.1\xunittestproject.dll" id="72e011e2-bf27-7ea5-75f9-295f8504211f">
      <Execution id="5e4030c4-c78a-45e5-a341-3ef872cc9ed6" />
      <TestMethod codeBase="C:\Projekty\xUnitTestProject\bin\Debug\netcoreapp3.1\xUnitTestProject.dll" adapterTypeName="executor://xunit/VsTestRunner2/netcoreapp" className="xUnitTestProject.CurrencyHelperTests" name="FormatToStringTest1000" />
    </UnitTest>
    <UnitTest name="xUnitTestProject.CurrencyHelperTests.FormatToStringTest1000(price: 9558.453124931293, expected: &quot;9558.45 zł&quot;)" storage="c:\projekty\xunittestproject\bin\debug\netcoreapp3.1\xunittestproject.dll" id="bcd181d1-3270-76f5-9678-f35a85b0fff1">
      <Execution id="d4929494-d034-495a-b012-7ff32ea69c5d" />
      <TestMethod codeBase="C:\Projekty\xUnitTestProject\bin\Debug\netcoreapp3.1\xUnitTestProject.dll" adapterTypeName="executor://xunit/VsTestRunner2/netcoreapp" className="xUnitTestProject.CurrencyHelperTests" name="FormatToStringTest1000" />
    </UnitTest>
    <UnitTest name="xUnitTestProject.CurrencyHelperTests.FormatToStringTest1000(price: 972.1468308629221, expected: &quot;972.15 zł&quot;)" storage="c:\projekty\xunittestproject\bin\debug\netcoreapp3.1\xunittestproject.dll" id="3c1ea8ba-f2b4-a355-28eb-de4dee6b9be9">
      <Execution id="69084dcf-60af-4b7a-8567-56b3acef619e" />
      <TestMethod codeBase="C:\Projekty\xUnitTestProject\bin\Debug\netcoreapp3.1\xUnitTestProject.dll" adapterTypeName="executor://xunit/VsTestRunner2/netcoreapp" className="xUnitTestProject.CurrencyHelperTests" name="FormatToStringTest1000" />
    </UnitTest>
    <UnitTest name="xUnitTestProject.CurrencyHelperTests.FormatToStringTest1000(price: 24646.322657574587, expected: &quot;24646.32 zł&quot;)" storage="c:\projekty\xunittestproject\bin\debug\netcoreapp3.1\xunittestproject.dll" id="ba7d1414-f471-8c90-0af7-54df538160f7">
      <Execution id="a4243204-fd07-4ed7-9f2e-d27523e918bf" />
      <TestMethod codeBase="C:\Projekty\xUnitTestProject\bin\Debug\netcoreapp3.1\xUnitTestProject.dll" adapterTypeName="executor://xunit/VsTestRunner2/netcoreapp" className="xUnitTestProject.CurrencyHelperTests" name="FormatToStringTest1000" />
    </UnitTest>
    <UnitTest name="xUnitTestProject.CurrencyHelperTests.FormatToStringTest1000(price: 12528.413830086782, expected: &quot;12528.41 zł&quot;)" storage="c:\projekty\xunittestproject\bin\debug\netcoreapp3.1\xunittestproject.dll" id="598d9a80-ba03-040c-39ba-536b5b6632f4">
      <Execution id="7496e057-bf15-45d5-b7c2-068ca719d5a8" />
      <TestMethod codeBase="C:\Projekty\xUnitTestProject\bin\Debug\netcoreapp3.1\xUnitTestProject.dll" adapterTypeName="executor://xunit/VsTestRunner2/netcoreapp" className="xUnitTestProject.CurrencyHelperTests" name="FormatToStringTest1000" />
    </UnitTest>
    <UnitTest name="xUnitTestProject.CurrencyHelperTests.FormatToStringTest1000(price: 9097.395563790293, expected: &quot;9097.40 zł&quot;)" storage="c:\projekty\xunittestproject\bin\debug\netcoreapp3.1\xunittestproject.dll" id="2154354b-9164-5585-480c-7dedd5c54210">
      <Execution id="f7e0044a-6a11-4363-9244-2a8e7430a9c4" />
      <TestMethod codeBase="C:\Projekty\xUnitTestProject\bin\Debug\netcoreapp3.1\xUnitTestProject.dll" adapterTypeName="executor://xunit/VsTestRunner2/netcoreapp" className="xUnitTestProject.CurrencyHelperTests" name="FormatToStringTest1000" />
    </UnitTest>
    <UnitTest name="xUnitTestProject.CurrencyHelperTests.FormatToStringTest1000(price: 32566.30279101259, expected: &quot;32566.30 zł&quot;)" storage="c:\projekty\xunittestproject\bin\debug\netcoreapp3.1\xunittestproject.dll" id="f7339f67-966a-9543-e542-56a7562f05ad">
      <Execution id="c5f733b9-8962-47e2-9b82-390172dcfc52" />
      <TestMethod codeBase="C:\Projekty\xUnitTestProject\bin\Debug\netcoreapp3.1\xUnitTestProject.dll" adapterTypeName="executor://xunit/VsTestRunner2/netcoreapp" className="xUnitTestProject.CurrencyHelperTests" name="FormatToStringTest1000" />
    </UnitTest>
    <UnitTest name="xUnitTestProject.CurrencyHelperTests.FormatToStringTest1000(price: 31340.79231238914, expected: &quot;31340.79 zł&quot;)" storage="c:\projekty\xunittestproject\bin\debug\netcoreapp3.1\xunittestproject.dll" id="560147e0-585f-3c73-5235-3ae492c399e0">
      <Execution id="be03902f-576d-458d-8ee3-36e703787afe" />
      <TestMethod codeBase="C:\Projekty\xUnitTestProject\bin\Debug\netcoreapp3.1\xUnitTestProject.dll" adapterTypeName="executor://xunit/VsTestRunner2/netcoreapp" className="xUnitTestProject.CurrencyHelperTests" name="FormatToStringTest1000" />
    </UnitTest>
    <UnitTest name="xUnitTestProject.CurrencyHelperTests.FormatToStringTest1000(price: 5759.256266560991, expected: &quot;5759.26 zł&quot;)" storage="c:\projekty\xunittestproject\bin\debug\netcoreapp3.1\xunittestproject.dll" id="99085e4f-7a45-28dd-d73e-76b910959f1c">
      <Execution id="54ab0795-70d6-4aea-b4b9-4e3811e21107" />
      <TestMethod codeBase="C:\Projekty\xUnitTestProject\bin\Debug\netcoreapp3.1\xUnitTestProject.dll" adapterTypeName="executor://xunit/VsTestRunner2/netcoreapp" className="xUnitTestProject.CurrencyHelperTests" name="FormatToStringTest1000" />
    </UnitTest>
    <UnitTest name="xUnitTestProject.CurrencyHelperTests.FormatToStringTest1000(price: 67380.07704875062, expected: &quot;67380.08 zł&quot;)" storage="c:\projekty\xunittestproject\bin\debug\netcoreapp3.1\xunittestproject.dll" id="c6cb5829-9900-78b4-ad40-ce24294fb2f7">
      <Execution id="660970ea-15f6-409f-9c75-63afb714954a" />
      <TestMethod codeBase="C:\Projekty\xUnitTestProject\bin\Debug\netcoreapp3.1\xUnitTestProject.dll" adapterTypeName="executor://xunit/VsTestRunner2/netcoreapp" className="xUnitTestProject.CurrencyHelperTests" name="FormatToStringTest1000" />
    </UnitTest>
    <UnitTest name="xUnitTestProject.CurrencyHelperTests.FormatToStringTest1000(price: 50550.645020282194, expected: &quot;50550.65 zł&quot;)" storage="c:\projekty\xunittestproject\bin\debug\netcoreapp3.1\xunittestproject.dll" id="5021544e-bd06-1c2d-b3df-c21b577ebfa2">
      <Execution id="3d431286-176e-43c5-93ec-e9baa307ac45" />
      <TestMethod codeBase="C:\Projekty\xUnitTestProject\bin\Debug\netcoreapp3.1\xUnitTestProject.dll" adapterTypeName="executor://xunit/VsTestRunner2/netcoreapp" className="xUnitTestProject.CurrencyHelperTests" name="FormatToStringTest1000" />
    </UnitTest>
    <UnitTest name="xUnitTestProject.CurrencyHelperTests.FormatToStringTest1000(price: 56373.35086238494, expected: &quot;56373.35 zł&quot;)" storage="c:\projekty\xunittestproject\bin\debug\netcoreapp3.1\xunittestproject.dll" id="daa9a8b5-17c1-3a27-8cd4-720e13369df8">
      <Execution id="19bbd287-b851-483f-a9ae-395a3aa423e8" />
      <TestMethod codeBase="C:\Projekty\xUnitTestProject\bin\Debug\netcoreapp3.1\xUnitTestProject.dll" adapterTypeName="executor://xunit/VsTestRunner2/netcoreapp" className="xUnitTestProject.CurrencyHelperTests" name="FormatToStringTest1000" />
    </UnitTest>
    <UnitTest name="xUnitTestProject.CurrencyHelperTests.FormatToStringTest1000(price: 10457.593086045978, expected: &quot;10457.59 zł&quot;)" storage="c:\projekty\xunittestproject\bin\debug\netcoreapp3.1\xunittestproject.dll" id="d2ca44f4-b0fb-ea99-f88d-5612fe812eb3">
      <Execution id="2aba7d00-ac03-414a-b9d8-a957ed2492c8" />
      <TestMethod codeBase="C:\Projekty\xUnitTestProject\bin\Debug\netcoreapp3.1\xUnitTestProject.dll" adapterTypeName="executor://xunit/VsTestRunner2/netcoreapp" className="xUnitTestProject.CurrencyHelperTests" name="FormatToStringTest1000" />
    </UnitTest>
    <UnitTest name="xUnitTestProject.CurrencyHelperTests.FormatToStringTest1000(price: 23548.88067407016, expected: &quot;23548.88 zł&quot;)" storage="c:\projekty\xunittestproject\bin\debug\netcoreapp3.1\xunittestproject.dll" id="da6c3e32-e713-64a5-d755-377865e086d4">
      <Execution id="3b63f0bd-9d41-4fc2-a553-062660c997d8" />
      <TestMethod codeBase="C:\Projekty\xUnitTestProject\bin\Debug\netcoreapp3.1\xUnitTestProject.dll" adapterTypeName="executor://xunit/VsTestRunner2/netcoreapp" className="xUnitTestProject.CurrencyHelperTests" name="FormatToStringTest1000" />
    </UnitTest>
    <UnitTest name="xUnitTestProject.CurrencyHelperTests.FormatToStringTest1000(price: 6417.5922460628635, expected: &quot;6417.59 zł&quot;)" storage="c:\projekty\xunittestproject\bin\debug\netcoreapp3.1\xunittestproject.dll" id="95359d07-8287-2be5-3354-cb2f7f60a3bf">
      <Execution id="c8f94439-07a4-4dcf-8853-5f47a21a5472" />
      <TestMethod codeBase="C:\Projekty\xUnitTestProject\bin\Debug\netcoreapp3.1\xUnitTestProject.dll" adapterTypeName="executor://xunit/VsTestRunner2/netcoreapp" className="xUnitTestProject.CurrencyHelperTests" name="FormatToStringTest1000" />
    </UnitTest>
    <UnitTest name="xUnitTestProject.CurrencyHelperTests.FormatToStringTest1000(price: 5611.05334835176, expected: &quot;5611.05 zł&quot;)" storage="c:\projekty\xunittestproject\bin\debug\netcoreapp3.1\xunittestproject.dll" id="a5d2d781-ed08-2478-bb45-1d4f50c82554">
      <Execution id="29dd2972-8fea-41fc-8d89-c3aa971ef707" />
      <TestMethod codeBase="C:\Projekty\xUnitTestProject\bin\Debug\netcoreapp3.1\xUnitTestProject.dll" adapterTypeName="executor://xunit/VsTestRunner2/netcoreapp" className="xUnitTestProject.CurrencyHelperTests" name="FormatToStringTest1000" />
    </UnitTest>
    <UnitTest name="xUnitTestProject.CurrencyHelperTests.FormatToStringTest1000(price: 66019.32414194118, expected: &quot;66019.32 zł&quot;)" storage="c:\projekty\xunittestproject\bin\debug\netcoreapp3.1\xunittestproject.dll" id="502c40b3-55a9-ed63-c19a-b15f001d74e2">
      <Execution id="88631ee7-6225-499f-bb9c-82a227172ec3" />
      <TestMethod codeBase="C:\Projekty\xUnitTestProject\bin\Debug\netcoreapp3.1\xUnitTestProject.dll" adapterTypeName="executor://xunit/VsTestRunner2/netcoreapp" className="xUnitTestProject.CurrencyHelperTests" name="FormatToStringTest1000" />
    </UnitTest>
    <UnitTest name="xUnitTestProject.CurrencyHelperTests.FormatToStringTest1000(price: 17579.823312525088, expected: &quot;17579.82 zł&quot;)" storage="c:\projekty\xunittestproject\bin\debug\netcoreapp3.1\xunittestproject.dll" id="9a9212ad-b798-7488-4494-e587449427c6">
      <Execution id="c76fccfb-bb54-43da-97cd-1384e8ce35c6" />
      <TestMethod codeBase="C:\Projekty\xUnitTestProject\bin\Debug\netcoreapp3.1\xUnitTestProject.dll" adapterTypeName="executor://xunit/VsTestRunner2/netcoreapp" className="xUnitTestProject.CurrencyHelperTests" name="FormatToStringTest1000" />
    </UnitTest>
    <UnitTest name="xUnitTestProject.CurrencyHelperTests.FormatToStringTest1000(price: 74851.91547305691, expected: &quot;74851.92 zł&quot;)" storage="c:\projekty\xunittestproject\bin\debug\netcoreapp3.1\xunittestproject.dll" id="15a5c8eb-0c90-a7e4-0dc8-5ce2be1587d5">
      <Execution id="bcca3a73-72f5-4c98-aa37-966a276853b1" />
      <TestMethod codeBase="C:\Projekty\xUnitTestProject\bin\Debug\netcoreapp3.1\xUnitTestProject.dll" adapterTypeName="executor://xunit/VsTestRunner2/netcoreapp" className="xUnitTestProject.CurrencyHelperTests" name="FormatToStringTest1000" />
    </UnitTest>
    <UnitTest name="xUnitTestProject.CurrencyHelperTests.FormatToStringTest1000(price: 3846.644792262765, expected: &quot;3846.64 zł&quot;)" storage="c:\projekty\xunittestproject\bin\debug\netcoreapp3.1\xunittestproject.dll" id="59fa5d82-f5a4-cb1c-ec41-0422b5d07418">
      <Execution id="db9f1bed-8457-4155-b8db-8c68b1021db4" />
      <TestMethod codeBase="C:\Projekty\xUnitTestProject\bin\Debug\netcoreapp3.1\xUnitTestProject.dll" adapterTypeName="executor://xunit/VsTestRunner2/netcoreapp" className="xUnitTestProject.CurrencyHelperTests" name="FormatToStringTest1000" />
    </UnitTest>
    <UnitTest name="xUnitTestProject.CurrencyHelperTests.FormatToStringTest1000(price: 26686.08488193065, expected: &quot;26686.08 zł&quot;)" storage="c:\projekty\xunittestproject\bin\debug\netcoreapp3.1\xunittestproject.dll" id="8ff84779-95f5-a8f9-809e-e568d86ada77">
      <Execution id="3d38bf75-a263-4747-8f2a-6b1deadf8fd8" />
      <TestMethod codeBase="C:\Projekty\xUnitTestProject\bin\Debug\netcoreapp3.1\xUnitTestProject.dll" adapterTypeName="executor://xunit/VsTestRunner2/netcoreapp" className="xUnitTestProject.CurrencyHelperTests" name="FormatToStringTest1000" />
    </UnitTest>
    <UnitTest name="xUnitTestProject.CurrencyHelperTests.FormatToStringTest1000(price: 30533.30031120838, expected: &quot;30533.30 zł&quot;)" storage="c:\projekty\xunittestproject\bin\debug\netcoreapp3.1\xunittestproject.dll" id="dba976e4-619d-1846-93cf-501dc328971c">
      <Execution id="ffac6fda-8348-49a0-b82e-48184ae91b15" />
      <TestMethod codeBase="C:\Projekty\xUnitTestProject\bin\Debug\netcoreapp3.1\xUnitTestProject.dll" adapterTypeName="executor://xunit/VsTestRunner2/netcoreapp" className="xUnitTestProject.CurrencyHelperTests" name="FormatToStringTest1000" />
    </UnitTest>
    <UnitTest name="xUnitTestProject.CurrencyHelperTests.FormatToStringTest1000(price: 34951.47290410077, expected: &quot;34951.47 zł&quot;)" storage="c:\projekty\xunittestproject\bin\debug\netcoreapp3.1\xunittestproject.dll" id="c3b1d717-2998-1634-887e-572d42236e5b">
      <Execution id="10caec55-18f1-46af-a43b-980a286d2e51" />
      <TestMethod codeBase="C:\Projekty\xUnitTestProject\bin\Debug\netcoreapp3.1\xUnitTestProject.dll" adapterTypeName="executor://xunit/VsTestRunner2/netcoreapp" className="xUnitTestProject.CurrencyHelperTests" name="FormatToStringTest1000" />
    </UnitTest>
    <UnitTest name="xUnitTestProject.CurrencyHelperTests.FormatToStringTest1000(price: 44869.327020554025, expected: &quot;44869.33 zł&quot;)" storage="c:\projekty\xunittestproject\bin\debug\netcoreapp3.1\xunittestproject.dll" id="eb3e6893-2377-abc3-6bc4-b22d25b0ece8">
      <Execution id="1a1bb4cc-4c95-465a-8760-79fcacdbdb5b" />
      <TestMethod codeBase="C:\Projekty\xUnitTestProject\bin\Debug\netcoreapp3.1\xUnitTestProject.dll" adapterTypeName="executor://xunit/VsTestRunner2/netcoreapp" className="xUnitTestProject.CurrencyHelperTests" name="FormatToStringTest1000" />
    </UnitTest>
    <UnitTest name="xUnitTestProject.CurrencyHelperTests.FormatToStringTest1000(price: 63291.50274994015, expected: &quot;63291.50 zł&quot;)" storage="c:\projekty\xunittestproject\bin\debug\netcoreapp3.1\xunittestproject.dll" id="4e2fa441-f609-cc78-7eb6-a2fea9348b3f">
      <Execution id="a154c795-9347-4087-bc16-fe8dd7b9bf5c" />
      <TestMethod codeBase="C:\Projekty\xUnitTestProject\bin\Debug\netcoreapp3.1\xUnitTestProject.dll" adapterTypeName="executor://xunit/VsTestRunner2/netcoreapp" className="xUnitTestProject.CurrencyHelperTests" name="FormatToStringTest1000" />
    </UnitTest>
    <UnitTest name="xUnitTestProject.CurrencyHelperTests.FormatToStringTest1000(price: 34060.48467268724, expected: &quot;34060.48 zł&quot;)" storage="c:\projekty\xunittestproject\bin\debug\netcoreapp3.1\xunittestproject.dll" id="7e545621-7d10-75d6-0eb9-82dda8912c2c">
      <Execution id="38893e3d-8849-4832-b24d-1311ca556934" />
      <TestMethod codeBase="C:\Projekty\xUnitTestProject\bin\Debug\netcoreapp3.1\xUnitTestProject.dll" adapterTypeName="executor://xunit/VsTestRunner2/netcoreapp" className="xUnitTestProject.CurrencyHelperTests" name="FormatToStringTest1000" />
    </UnitTest>
    <UnitTest name="xUnitTestProject.CurrencyHelperTests.FormatToStringTest1000(price: 2409.393997763001, expected: &quot;2409.39 zł&quot;)" storage="c:\projekty\xunittestproject\bin\debug\netcoreapp3.1\xunittestproject.dll" id="cd5a26d8-2bfb-59a4-04b5-4f695fd431f8">
      <Execution id="c19fce7a-2e8e-43e1-9753-c43374c38dfa" />
      <TestMethod codeBase="C:\Projekty\xUnitTestProject\bin\Debug\netcoreapp3.1\xUnitTestProject.dll" adapterTypeName="executor://xunit/VsTestRunner2/netcoreapp" className="xUnitTestProject.CurrencyHelperTests" name="FormatToStringTest1000" />
    </UnitTest>
    <UnitTest name="xUnitTestProject.CurrencyHelperTests.FormatToStringTest1000(price: 25882.451101077, expected: &quot;25882.45 zł&quot;)" storage="c:\projekty\xunittestproject\bin\debug\netcoreapp3.1\xunittestproject.dll" id="13946824-77dd-557e-ea95-b0f908b787b1">
      <Execution id="b8652229-4966-4a23-b4ad-de5fdb360df4" />
      <TestMethod codeBase="C:\Projekty\xUnitTestProject\bin\Debug\netcoreapp3.1\xUnitTestProject.dll" adapterTypeName="executor://xunit/VsTestRunner2/netcoreapp" className="xUnitTestProject.CurrencyHelperTests" name="FormatToStringTest1000" />
    </UnitTest>
    <UnitTest name="xUnitTestProject.CurrencyHelperTests.FormatToStringTest1000(price: 62975.496334776515, expected: &quot;62975.50 zł&quot;)" storage="c:\projekty\xunittestproject\bin\debug\netcoreapp3.1\xunittestproject.dll" id="6590b071-f8b2-e4e3-3b40-027135dfc051">
      <Execution id="0527a950-b13a-4c5d-8a06-5fed4f743489" />
      <TestMethod codeBase="C:\Projekty\xUnitTestProject\bin\Debug\netcoreapp3.1\xUnitTestProject.dll" adapterTypeName="executor://xunit/VsTestRunner2/netcoreapp" className="xUnitTestProject.CurrencyHelperTests" name="FormatToStringTest1000" />
    </UnitTest>
    <UnitTest name="xUnitTestProject.CurrencyHelperTests.FormatToStringTest1000(price: 37387.37521261972, expected: &quot;37387.38 zł&quot;)" storage="c:\projekty\xunittestproject\bin\debug\netcoreapp3.1\xunittestproject.dll" id="0ed4f192-4727-c437-89cc-2b16440ebef0">
      <Execution id="ce6efb04-ed04-4bf5-ad0a-b1e76194d422" />
      <TestMethod codeBase="C:\Projekty\xUnitTestProject\bin\Debug\netcoreapp3.1\xUnitTestProject.dll" adapterTypeName="executor://xunit/VsTestRunner2/netcoreapp" className="xUnitTestProject.CurrencyHelperTests" name="FormatToStringTest1000" />
    </UnitTest>
    <UnitTest name="xUnitTestProject.CurrencyHelperTests.FormatToStringTest1000(price: 18786.954468002055, expected: &quot;18786.95 zł&quot;)" storage="c:\projekty\xunittestproject\bin\debug\netcoreapp3.1\xunittestproject.dll" id="81074b63-819a-5707-3f0a-c12b1496d111">
      <Execution id="0b2d3c43-aeaa-41c1-adf3-1c203e391404" />
      <TestMethod codeBase="C:\Projekty\xUnitTestProject\bin\Debug\netcoreapp3.1\xUnitTestProject.dll" adapterTypeName="executor://xunit/VsTestRunner2/netcoreapp" className="xUnitTestProject.CurrencyHelperTests" name="FormatToStringTest1000" />
    </UnitTest>
    <UnitTest name="xUnitTestProject.CurrencyHelperTests.FormatToStringTest1000(price: 19840.47672110632, expected: &quot;19840.48 zł&quot;)" storage="c:\projekty\xunittestproject\bin\debug\netcoreapp3.1\xunittestproject.dll" id="a1a708d6-4e5d-1cbd-caa6-7047836e6788">
      <Execution id="4fde88a5-1bee-4100-b05a-60f15da4e946" />
      <TestMethod codeBase="C:\Projekty\xUnitTestProject\bin\Debug\netcoreapp3.1\xUnitTestProject.dll" adapterTypeName="executor://xunit/VsTestRunner2/netcoreapp" className="xUnitTestProject.CurrencyHelperTests" name="FormatToStringTest1000" />
    </UnitTest>
    <UnitTest name="xUnitTestProject.CurrencyHelperTests.FormatToStringTest1000(price: 11100.829211263372, expected: &quot;11100.83 zł&quot;)" storage="c:\projekty\xunittestproject\bin\debug\netcoreapp3.1\xunittestproject.dll" id="94f0cede-3e3b-c04d-89cc-8dfe2520972c">
      <Execution id="2ea75dc1-7555-49ee-bf9f-5f767932da07" />
      <TestMethod codeBase="C:\Projekty\xUnitTestProject\bin\Debug\netcoreapp3.1\xUnitTestProject.dll" adapterTypeName="executor://xunit/VsTestRunner2/netcoreapp" className="xUnitTestProject.CurrencyHelperTests" name="FormatToStringTest1000" />
    </UnitTest>
    <UnitTest name="xUnitTestProject.CurrencyHelperTests.FormatToStringTest1000(price: 14635.510547500808, expected: &quot;14635.51 zł&quot;)" storage="c:\projekty\xunittestproject\bin\debug\netcoreapp3.1\xunittestproject.dll" id="d0cd8d38-2083-8dfe-21da-1692537b41cc">
      <Execution id="9e7f692e-ebe2-401c-b524-f083b9978dbf" />
      <TestMethod codeBase="C:\Projekty\xUnitTestProject\bin\Debug\netcoreapp3.1\xUnitTestProject.dll" adapterTypeName="executor://xunit/VsTestRunner2/netcoreapp" className="xUnitTestProject.CurrencyHelperTests" name="FormatToStringTest1000" />
    </UnitTest>
    <UnitTest name="xUnitTestProject.CurrencyHelperTests.FormatToStringTest1000(price: 598.1279707877561, expected: &quot;598.13 zł&quot;)" storage="c:\projekty\xunittestproject\bin\debug\netcoreapp3.1\xunittestproject.dll" id="5ae458e4-bb73-ceec-2cfb-1eb05d691961">
      <Execution id="243f674f-60b1-4154-ab96-8fb5ef2ff5d8" />
      <TestMethod codeBase="C:\Projekty\xUnitTestProject\bin\Debug\netcoreapp3.1\xUnitTestProject.dll" adapterTypeName="executor://xunit/VsTestRunner2/netcoreapp" className="xUnitTestProject.CurrencyHelperTests" name="FormatToStringTest1000" />
    </UnitTest>
    <UnitTest name="xUnitTestProject.CurrencyHelperTests.FormatToStringTest1000(price: 6958.393354767186, expected: &quot;6958.39 zł&quot;)" storage="c:\projekty\xunittestproject\bin\debug\netcoreapp3.1\xunittestproject.dll" id="83d0208c-cef3-bd49-264a-c0709c65e66e">
      <Execution id="4b463506-7245-4caa-a14b-1097a068e9f3" />
      <TestMethod codeBase="C:\Projekty\xUnitTestProject\bin\Debug\netcoreapp3.1\xUnitTestProject.dll" adapterTypeName="executor://xunit/VsTestRunner2/netcoreapp" className="xUnitTestProject.CurrencyHelperTests" name="FormatToStringTest1000" />
    </UnitTest>
    <UnitTest name="xUnitTestProject.CurrencyHelperTests.FormatToStringTest1000(price: 73151.83675918348, expected: &quot;73151.84 zł&quot;)" storage="c:\projekty\xunittestproject\bin\debug\netcoreapp3.1\xunittestproject.dll" id="f8f9d6d7-bbea-21e2-5568-87ea7f6744b9">
      <Execution id="bebee722-1d2b-4daa-9532-3ef37c8d3d30" />
      <TestMethod codeBase="C:\Projekty\xUnitTestProject\bin\Debug\netcoreapp3.1\xUnitTestProject.dll" adapterTypeName="executor://xunit/VsTestRunner2/netcoreapp" className="xUnitTestProject.CurrencyHelperTests" name="FormatToStringTest1000" />
    </UnitTest>
    <UnitTest name="xUnitTestProject.CurrencyHelperTests.FormatToStringTest1000(price: 1994.0983933439006, expected: &quot;1994.10 zł&quot;)" storage="c:\projekty\xunittestproject\bin\debug\netcoreapp3.1\xunittestproject.dll" id="19ecf0ec-9a79-ad70-9475-fee54b9d8614">
      <Execution id="231935fb-411a-47a7-9c18-c8fa0f38230e" />
      <TestMethod codeBase="C:\Projekty\xUnitTestProject\bin\Debug\netcoreapp3.1\xUnitTestProject.dll" adapterTypeName="executor://xunit/VsTestRunner2/netcoreapp" className="xUnitTestProject.CurrencyHelperTests" name="FormatToStringTest1000" />
    </UnitTest>
    <UnitTest name="xUnitTestProject.CurrencyHelperTests.FormatToStringTest1000(price: 24476.442216712254, expected: &quot;24476.44 zł&quot;)" storage="c:\projekty\xunittestproject\bin\debug\netcoreapp3.1\xunittestproject.dll" id="48480e6e-913f-e95b-4a6c-465d36475b6a">
      <Execution id="0ab24ecf-1ad7-497e-aa4f-02cfb5adc3f0" />
      <TestMethod codeBase="C:\Projekty\xUnitTestProject\bin\Debug\netcoreapp3.1\xUnitTestProject.dll" adapterTypeName="executor://xunit/VsTestRunner2/netcoreapp" className="xUnitTestProject.CurrencyHelperTests" name="FormatToStringTest1000" />
    </UnitTest>
    <UnitTest name="xUnitTestProject.CurrencyHelperTests.FormatToStringTest1000(price: 10227.532692039169, expected: &quot;10227.53 zł&quot;)" storage="c:\projekty\xunittestproject\bin\debug\netcoreapp3.1\xunittestproject.dll" id="f34d9844-3970-87ba-1a6d-f7c3b662af09">
      <Execution id="1d31888f-ea13-4c12-b457-ce5504dd33b4" />
      <TestMethod codeBase="C:\Projekty\xUnitTestProject\bin\Debug\netcoreapp3.1\xUnitTestProject.dll" adapterTypeName="executor://xunit/VsTestRunner2/netcoreapp" className="xUnitTestProject.CurrencyHelperTests" name="FormatToStringTest1000" />
    </UnitTest>
    <UnitTest name="xUnitTestProject.CurrencyHelperTests.FormatToStringTest1000(price: 801.5720517614726, expected: &quot;801.57 zł&quot;)" storage="c:\projekty\xunittestproject\bin\debug\netcoreapp3.1\xunittestproject.dll" id="fb66f3c8-a00d-4cfa-eac4-abc207e2c602">
      <Execution id="b485ec3b-e3a4-4357-9019-5e58e92fb132" />
      <TestMethod codeBase="C:\Projekty\xUnitTestProject\bin\Debug\netcoreapp3.1\xUnitTestProject.dll" adapterTypeName="executor://xunit/VsTestRunner2/netcoreapp" className="xUnitTestProject.CurrencyHelperTests" name="FormatToStringTest1000" />
    </UnitTest>
    <UnitTest name="xUnitTestProject.CurrencyHelperTests.FormatToStringTest1000(price: 20623.53139885493, expected: &quot;20623.53 zł&quot;)" storage="c:\projekty\xunittestproject\bin\debug\netcoreapp3.1\xunittestproject.dll" id="a38d6dd0-4abc-cd66-f98d-02667c7de044">
      <Execution id="383893e0-17d1-4624-8b64-3a720a207dcf" />
      <TestMethod codeBase="C:\Projekty\xUnitTestProject\bin\Debug\netcoreapp3.1\xUnitTestProject.dll" adapterTypeName="executor://xunit/VsTestRunner2/netcoreapp" className="xUnitTestProject.CurrencyHelperTests" name="FormatToStringTest1000" />
    </UnitTest>
    <UnitTest name="xUnitTestProject.CurrencyHelperTests.FormatToStringTest1000(price: 47393.54939526671, expected: &quot;47393.55 zł&quot;)" storage="c:\projekty\xunittestproject\bin\debug\netcoreapp3.1\xunittestproject.dll" id="ca7cf147-8883-8578-944a-0bb9c4bca4f5">
      <Execution id="a2bbc5a8-22a1-4ed4-8297-f9e21173846c" />
      <TestMethod codeBase="C:\Projekty\xUnitTestProject\bin\Debug\netcoreapp3.1\xUnitTestProject.dll" adapterTypeName="executor://xunit/VsTestRunner2/netcoreapp" className="xUnitTestProject.CurrencyHelperTests" name="FormatToStringTest1000" />
    </UnitTest>
    <UnitTest name="xUnitTestProject.CurrencyHelperTests.FormatToStringTest1000(price: 7891.960478953067, expected: &quot;7891.96 zł&quot;)" storage="c:\projekty\xunittestproject\bin\debug\netcoreapp3.1\xunittestproject.dll" id="c31c3c04-c374-418e-36fc-0c705f1df093">
      <Execution id="54c63ffc-d3e6-4030-b962-1121380e3091" />
      <TestMethod codeBase="C:\Projekty\xUnitTestProject\bin\Debug\netcoreapp3.1\xUnitTestProject.dll" adapterTypeName="executor://xunit/VsTestRunner2/netcoreapp" className="xUnitTestProject.CurrencyHelperTests" name="FormatToStringTest1000" />
    </UnitTest>
    <UnitTest name="xUnitTestProject.CurrencyHelperTests.FormatToStringTest1000(price: 21573.45329517613, expected: &quot;21573.45 zł&quot;)" storage="c:\projekty\xunittestproject\bin\debug\netcoreapp3.1\xunittestproject.dll" id="3b56a798-367d-2897-b3e6-a32862419438">
      <Execution id="4e5550a3-6f51-421a-9e34-063501802360" />
      <TestMethod codeBase="C:\Projekty\xUnitTestProject\bin\Debug\netcoreapp3.1\xUnitTestProject.dll" adapterTypeName="executor://xunit/VsTestRunner2/netcoreapp" className="xUnitTestProject.CurrencyHelperTests" name="FormatToStringTest1000" />
    </UnitTest>
    <UnitTest name="xUnitTestProject.CurrencyHelperTests.FormatToStringTest1000(price: 15509.637406484986, expected: &quot;15509.64 zł&quot;)" storage="c:\projekty\xunittestproject\bin\debug\netcoreapp3.1\xunittestproject.dll" id="7848596b-c8d5-bd4c-d7fe-380e3b0f13fa">
      <Execution id="16bfdda4-0e84-4f78-a831-9d4e251896cb" />
      <TestMethod codeBase="C:\Projekty\xUnitTestProject\bin\Debug\netcoreapp3.1\xUnitTestProject.dll" adapterTypeName="executor://xunit/VsTestRunner2/netcoreapp" className="xUnitTestProject.CurrencyHelperTests" name="FormatToStringTest1000" />
    </UnitTest>
    <UnitTest name="xUnitTestProject.CurrencyHelperTests.FormatToStringTest1000(price: 52481.07276821932, expected: &quot;52481.07 zł&quot;)" storage="c:\projekty\xunittestproject\bin\debug\netcoreapp3.1\xunittestproject.dll" id="71259de5-a991-d68a-74b6-6304befba6d8">
      <Execution id="5f56dda7-d54a-44ea-9c0f-cdbcc4b958cc" />
      <TestMethod codeBase="C:\Projekty\xUnitTestProject\bin\Debug\netcoreapp3.1\xUnitTestProject.dll" adapterTypeName="executor://xunit/VsTestRunner2/netcoreapp" className="xUnitTestProject.CurrencyHelperTests" name="FormatToStringTest1000" />
    </UnitTest>
    <UnitTest name="xUnitTestProject.CurrencyHelperTests.FormatToStringTest1000(price: 64568.131500027666, expected: &quot;64568.13 zł&quot;)" storage="c:\projekty\xunittestproject\bin\debug\netcoreapp3.1\xunittestproject.dll" id="0c81c8d2-5b34-01f9-4916-14e860679bfe">
      <Execution id="f108ca57-ff8e-4b16-8c27-ce9942b1984c" />
      <TestMethod codeBase="C:\Projekty\xUnitTestProject\bin\Debug\netcoreapp3.1\xUnitTestProject.dll" adapterTypeName="executor://xunit/VsTestRunner2/netcoreapp" className="xUnitTestProject.CurrencyHelperTests" name="FormatToStringTest1000" />
    </UnitTest>
    <UnitTest name="xUnitTestProject.CurrencyHelperTests.FormatToStringTest1000(price: 8802.811382028653, expected: &quot;8802.81 zł&quot;)" storage="c:\projekty\xunittestproject\bin\debug\netcoreapp3.1\xunittestproject.dll" id="ffe61818-02d5-371a-a7be-23a9f86c9cc7">
      <Execution id="c0f3b595-a113-43c8-9765-b3e89e1f2224" />
      <TestMethod codeBase="C:\Projekty\xUnitTestProject\bin\Debug\netcoreapp3.1\xUnitTestProject.dll" adapterTypeName="executor://xunit/VsTestRunner2/netcoreapp" className="xUnitTestProject.CurrencyHelperTests" name="FormatToStringTest1000" />
    </UnitTest>
    <UnitTest name="xUnitTestProject.CurrencyHelperTests.FormatToStringTest1000(price: 12370.243090209198, expected: &quot;12370.24 zł&quot;)" storage="c:\projekty\xunittestproject\bin\debug\netcoreapp3.1\xunittestproject.dll" id="9538a911-f018-0a3e-26cb-52278d332f56">
      <Execution id="c41f8551-394b-4542-87e0-76e19b1f1235" />
      <TestMethod codeBase="C:\Projekty\xUnitTestProject\bin\Debug\netcoreapp3.1\xUnitTestProject.dll" adapterTypeName="executor://xunit/VsTestRunner2/netcoreapp" className="xUnitTestProject.CurrencyHelperTests" name="FormatToStringTest1000" />
    </UnitTest>
    <UnitTest name="xUnitTestProject.CurrencyHelperTests.FormatToStringTest1000(price: 7594.279030504766, expected: &quot;7594.28 zł&quot;)" storage="c:\projekty\xunittestproject\bin\debug\netcoreapp3.1\xunittestproject.dll" id="eaa6b024-a03d-d1dd-abf3-1b023d2d51e1">
      <Execution id="5d1e4554-ddd2-4f2d-b132-575ff8cb6642" />
      <TestMethod codeBase="C:\Projekty\xUnitTestProject\bin\Debug\netcoreapp3.1\xUnitTestProject.dll" adapterTypeName="executor://xunit/VsTestRunner2/netcoreapp" className="xUnitTestProject.CurrencyHelperTests" name="FormatToStringTest1000" />
    </UnitTest>
    <UnitTest name="xUnitTestProject.CurrencyHelperTests.FormatToStringTest1000(price: 65963.39932440939, expected: &quot;65963.40 zł&quot;)" storage="c:\projekty\xunittestproject\bin\debug\netcoreapp3.1\xunittestproject.dll" id="f8894dae-c947-7fce-9d72-6693c21ad4f8">
      <Execution id="09e363e6-a2bb-4000-8a35-b077685dca2f" />
      <TestMethod codeBase="C:\Projekty\xUnitTestProject\bin\Debug\netcoreapp3.1\xUnitTestProject.dll" adapterTypeName="executor://xunit/VsTestRunner2/netcoreapp" className="xUnitTestProject.CurrencyHelperTests" name="FormatToStringTest1000" />
    </UnitTest>
    <UnitTest name="xUnitTestProject.CurrencyHelperTests.FormatToStringTest1000(price: 18340.935049000167, expected: &quot;18340.94 zł&quot;)" storage="c:\projekty\xunittestproject\bin\debug\netcoreapp3.1\xunittestproject.dll" id="5dc082f5-af3b-2f6f-74c8-0805bee30a46">
      <Execution id="bd02bc12-0926-441a-9f9d-fd63124679b8" />
      <TestMethod codeBase="C:\Projekty\xUnitTestProject\bin\Debug\netcoreapp3.1\xUnitTestProject.dll" adapterTypeName="executor://xunit/VsTestRunner2/netcoreapp" className="xUnitTestProject.CurrencyHelperTests" name="FormatToStringTest1000" />
    </UnitTest>
    <UnitTest name="xUnitTestProject.CurrencyHelperTests.FormatToStringTest1000(price: 10461.455048841171, expected: &quot;10461.46 zł&quot;)" storage="c:\projekty\xunittestproject\bin\debug\netcoreapp3.1\xunittestproject.dll" id="1385f442-8d64-2443-1088-0b70bf667165">
      <Execution id="3a5c9514-5488-4a16-a12e-fe88a1d202c3" />
      <TestMethod codeBase="C:\Projekty\xUnitTestProject\bin\Debug\netcoreapp3.1\xUnitTestProject.dll" adapterTypeName="executor://xunit/VsTestRunner2/netcoreapp" className="xUnitTestProject.CurrencyHelperTests" name="FormatToStringTest1000" />
    </UnitTest>
    <UnitTest name="xUnitTestProject.CurrencyHelperTests.FormatToStringTest1000(price: 9661.966055578536, expected: &quot;9661.97 zł&quot;)" storage="c:\projekty\xunittestproject\bin\debug\netcoreapp3.1\xunittestproject.dll" id="ddbbee19-86a9-bc74-0664-4f6fa63796df">
      <Execution id="d8a26e21-a513-4f8f-a186-ecba96849e5e" />
      <TestMethod codeBase="C:\Projekty\xUnitTestProject\bin\Debug\netcoreapp3.1\xUnitTestProject.dll" adapterTypeName="executor://xunit/VsTestRunner2/netcoreapp" className="xUnitTestProject.CurrencyHelperTests" name="FormatToStringTest1000" />
    </UnitTest>
    <UnitTest name="xUnitTestProject.CurrencyHelperTests.FormatToStringTest1000(price: 7671.0039663785155, expected: &quot;7671.00 zł&quot;)" storage="c:\projekty\xunittestproject\bin\debug\netcoreapp3.1\xunittestproject.dll" id="5f3735b0-854d-d423-adfb-f959d02e73f7">
      <Execution id="b9c26c1a-a503-4456-ae83-cd0882cb125f" />
      <TestMethod codeBase="C:\Projekty\xUnitTestProject\bin\Debug\netcoreapp3.1\xUnitTestProject.dll" adapterTypeName="executor://xunit/VsTestRunner2/netcoreapp" className="xUnitTestProject.CurrencyHelperTests" name="FormatToStringTest1000" />
    </UnitTest>
    <UnitTest name="xUnitTestProject.CurrencyHelperTests.FormatToStringTest1000(price: 57436.33241095409, expected: &quot;57436.33 zł&quot;)" storage="c:\projekty\xunittestproject\bin\debug\netcoreapp3.1\xunittestproject.dll" id="0d808795-ca9e-3ec0-5d7b-6c498dbb0495">
      <Execution id="77312ed2-5b31-442e-91f8-c75f099cb7c0" />
      <TestMethod codeBase="C:\Projekty\xUnitTestProject\bin\Debug\netcoreapp3.1\xUnitTestProject.dll" adapterTypeName="executor://xunit/VsTestRunner2/netcoreapp" className="xUnitTestProject.CurrencyHelperTests" name="FormatToStringTest1000" />
    </UnitTest>
    <UnitTest name="xUnitTestProject.CurrencyHelperTests.FormatToStringTest1000(price: 591.2110872302256, expected: &quot;591.21 zł&quot;)" storage="c:\projekty\xunittestproject\bin\debug\netcoreapp3.1\xunittestproject.dll" id="836d8767-01df-4e15-8567-247721a23e4e">
      <Execution id="d50d176e-8700-46aa-8743-ea3f47ea3f9d" />
      <TestMethod codeBase="C:\Projekty\xUnitTestProject\bin\Debug\netcoreapp3.1\xUnitTestProject.dll" adapterTypeName="executor://xunit/VsTestRunner2/netcoreapp" className="xUnitTestProject.CurrencyHelperTests" name="FormatToStringTest1000" />
    </UnitTest>
    <UnitTest name="xUnitTestProject.CurrencyHelperTests.FormatToStringTest1000(price: 29417.800422138444, expected: &quot;29417.80 zł&quot;)" storage="c:\projekty\xunittestproject\bin\debug\netcoreapp3.1\xunittestproject.dll" id="4c9ec316-0614-0ed3-d3e3-ff9a3542b3e8">
      <Execution id="87d5d718-78ee-457a-a910-72b288b87eb9" />
      <TestMethod codeBase="C:\Projekty\xUnitTestProject\bin\Debug\netcoreapp3.1\xUnitTestProject.dll" adapterTypeName="executor://xunit/VsTestRunner2/netcoreapp" className="xUnitTestProject.CurrencyHelperTests" name="FormatToStringTest1000" />
    </UnitTest>
    <UnitTest name="xUnitTestProject.CurrencyHelperTests.FormatToStringTest1000(price: 51529.79033960206, expected: &quot;51529.79 zł&quot;)" storage="c:\projekty\xunittestproject\bin\debug\netcoreapp3.1\xunittestproject.dll" id="ed2134d1-cccc-7594-ff4e-6670ac477e6f">
      <Execution id="86be00bf-b3fb-4958-a62b-3c51889241ec" />
      <TestMethod codeBase="C:\Projekty\xUnitTestProject\bin\Debug\netcoreapp3.1\xUnitTestProject.dll" adapterTypeName="executor://xunit/VsTestRunner2/netcoreapp" className="xUnitTestProject.CurrencyHelperTests" name="FormatToStringTest1000" />
    </UnitTest>
    <UnitTest name="xUnitTestProject.CurrencyHelperTests.FormatToStringTest1000(price: 14719.97001409762, expected: &quot;14719.97 zł&quot;)" storage="c:\projekty\xunittestproject\bin\debug\netcoreapp3.1\xunittestproject.dll" id="0d6a7c9f-244c-8d08-98f4-afd58838a2c2">
      <Execution id="62263c86-f43e-41a6-8664-5b759ae2e679" />
      <TestMethod codeBase="C:\Projekty\xUnitTestProject\bin\Debug\netcoreapp3.1\xUnitTestProject.dll" adapterTypeName="executor://xunit/VsTestRunner2/netcoreapp" className="xUnitTestProject.CurrencyHelperTests" name="FormatToStringTest1000" />
    </UnitTest>
    <UnitTest name="xUnitTestProject.CurrencyHelperTests.FormatToStringTest1000(price: 480.2082316857801, expected: &quot;480.21 zł&quot;)" storage="c:\projekty\xunittestproject\bin\debug\netcoreapp3.1\xunittestproject.dll" id="85835fd9-2c0e-82ff-767f-a5379021f4f3">
      <Execution id="5b7e87b7-e538-4825-9109-14b863a58c8d" />
      <TestMethod codeBase="C:\Projekty\xUnitTestProject\bin\Debug\netcoreapp3.1\xUnitTestProject.dll" adapterTypeName="executor://xunit/VsTestRunner2/netcoreapp" className="xUnitTestProject.CurrencyHelperTests" name="FormatToStringTest1000" />
    </UnitTest>
    <UnitTest name="xUnitTestProject.CurrencyHelperTests.FormatToStringTest1000(price: 42728.35751444258, expected: &quot;42728.36 zł&quot;)" storage="c:\projekty\xunittestproject\bin\debug\netcoreapp3.1\xunittestproject.dll" id="03e8826c-20fc-cadf-51a4-fe54882f4740">
      <Execution id="076628af-5d9b-46da-8aca-b81f117805a3" />
      <TestMethod codeBase="C:\Projekty\xUnitTestProject\bin\Debug\netcoreapp3.1\xUnitTestProject.dll" adapterTypeName="executor://xunit/VsTestRunner2/netcoreapp" className="xUnitTestProject.CurrencyHelperTests" name="FormatToStringTest1000" />
    </UnitTest>
    <UnitTest name="xUnitTestProject.CurrencyHelperTests.FormatToStringTest1000(price: 27164.0272410419, expected: &quot;27164.03 zł&quot;)" storage="c:\projekty\xunittestproject\bin\debug\netcoreapp3.1\xunittestproject.dll" id="ff7ab5c9-17cd-23b9-cfc1-99026e4f14ac">
      <Execution id="297b6eff-2d91-447c-9e01-097205a851d2" />
      <TestMethod codeBase="C:\Projekty\xUnitTestProject\bin\Debug\netcoreapp3.1\xUnitTestProject.dll" adapterTypeName="executor://xunit/VsTestRunner2/netcoreapp" className="xUnitTestProject.CurrencyHelperTests" name="FormatToStringTest1000" />
    </UnitTest>
    <UnitTest name="xUnitTestProject.CurrencyHelperTests.FormatToStringTest1000(price: 9603.199987620208, expected: &quot;9603.20 zł&quot;)" storage="c:\projekty\xunittestproject\bin\debug\netcoreapp3.1\xunittestproject.dll" id="e21002e6-50a6-5886-0d27-79e4c9ba2f92">
      <Execution id="af072dcb-25f6-4086-9b34-c94b3ee32821" />
      <TestMethod codeBase="C:\Projekty\xUnitTestProject\bin\Debug\netcoreapp3.1\xUnitTestProject.dll" adapterTypeName="executor://xunit/VsTestRunner2/netcoreapp" className="xUnitTestProject.CurrencyHelperTests" name="FormatToStringTest1000" />
    </UnitTest>
    <UnitTest name="xUnitTestProject.CurrencyHelperTests.FormatToStringTest1000(price: 6262.373413993219, expected: &quot;6262.37 zł&quot;)" storage="c:\projekty\xunittestproject\bin\debug\netcoreapp3.1\xunittestproject.dll" id="ff8ddb46-4b79-2ee0-2d36-ef22ba3dcd81">
      <Execution id="10476424-de4b-4a64-b4cf-2d65029dd79b" />
      <TestMethod codeBase="C:\Projekty\xUnitTestProject\bin\Debug\netcoreapp3.1\xUnitTestProject.dll" adapterTypeName="executor://xunit/VsTestRunner2/netcoreapp" className="xUnitTestProject.CurrencyHelperTests" name="FormatToStringTest1000" />
    </UnitTest>
    <UnitTest name="xUnitTestProject.CurrencyHelperTests.FormatToStringTest1000(price: 19462.729986486367, expected: &quot;19462.73 zł&quot;)" storage="c:\projekty\xunittestproject\bin\debug\netcoreapp3.1\xunittestproject.dll" id="1462a569-77b7-fa7d-0148-09ce9f2428e8">
      <Execution id="6a772060-2ee3-4797-a2f4-7a414a0930c3" />
      <TestMethod codeBase="C:\Projekty\xUnitTestProject\bin\Debug\netcoreapp3.1\xUnitTestProject.dll" adapterTypeName="executor://xunit/VsTestRunner2/netcoreapp" className="xUnitTestProject.CurrencyHelperTests" name="FormatToStringTest1000" />
    </UnitTest>
    <UnitTest name="xUnitTestProject.CurrencyHelperTests.FormatToStringTest1000(price: 54578.37303904275, expected: &quot;54578.37 zł&quot;)" storage="c:\projekty\xunittestproject\bin\debug\netcoreapp3.1\xunittestproject.dll" id="0df7d709-570d-9a2b-20b2-9824d27442ba">
      <Execution id="623e0073-8fc6-406f-a84b-590896ac36b5" />
      <TestMethod codeBase="C:\Projekty\xUnitTestProject\bin\Debug\netcoreapp3.1\xUnitTestProject.dll" adapterTypeName="executor://xunit/VsTestRunner2/netcoreapp" className="xUnitTestProject.CurrencyHelperTests" name="FormatToStringTest1000" />
    </UnitTest>
    <UnitTest name="xUnitTestProject.CurrencyHelperTests.FormatToStringTest1000(price: 1108.7197928823157, expected: &quot;1108.72 zł&quot;)" storage="c:\projekty\xunittestproject\bin\debug\netcoreapp3.1\xunittestproject.dll" id="e06b8219-62b1-a0bc-a073-2837868b5c0e">
      <Execution id="c18b8062-93be-4de7-bea2-a7a5feb0bdaa" />
      <TestMethod codeBase="C:\Projekty\xUnitTestProject\bin\Debug\netcoreapp3.1\xUnitTestProject.dll" adapterTypeName="executor://xunit/VsTestRunner2/netcoreapp" className="xUnitTestProject.CurrencyHelperTests" name="FormatToStringTest1000" />
    </UnitTest>
    <UnitTest name="xUnitTestProject.CurrencyHelperTests.FormatToStringTest1000(price: 69864.17463991146, expected: &quot;69864.17 zł&quot;)" storage="c:\projekty\xunittestproject\bin\debug\netcoreapp3.1\xunittestproject.dll" id="a75df869-b8ee-c89b-7cd3-025e83911294">
      <Execution id="6c544072-a52b-4404-90b1-0c6c7b787901" />
      <TestMethod codeBase="C:\Projekty\xUnitTestProject\bin\Debug\netcoreapp3.1\xUnitTestProject.dll" adapterTypeName="executor://xunit/VsTestRunner2/netcoreapp" className="xUnitTestProject.CurrencyHelperTests" name="FormatToStringTest1000" />
    </UnitTest>
    <UnitTest name="xUnitTestProject.CurrencyHelperTests.FormatToStringTest1000(price: 26220.382477706476, expected: &quot;26220.38 zł&quot;)" storage="c:\projekty\xunittestproject\bin\debug\netcoreapp3.1\xunittestproject.dll" id="1079d268-49d6-f18c-d495-58b580aae9dc">
      <Execution id="4eea60c6-39d5-462f-9103-9fcd40a3eaaa" />
      <TestMethod codeBase="C:\Projekty\xUnitTestProject\bin\Debug\netcoreapp3.1\xUnitTestProject.dll" adapterTypeName="executor://xunit/VsTestRunner2/netcoreapp" className="xUnitTestProject.CurrencyHelperTests" name="FormatToStringTest1000" />
    </UnitTest>
    <UnitTest name="xUnitTestProject.CurrencyHelperTests.FormatToStringTest1000(price: 39146.892120180135, expected: &quot;39146.89 zł&quot;)" storage="c:\projekty\xunittestproject\bin\debug\netcoreapp3.1\xunittestproject.dll" id="2059d141-cc28-3ec8-0e84-daba3f077644">
      <Execution id="d55d6ab0-19e3-41f5-ba5e-07aec1216682" />
      <TestMethod codeBase="C:\Projekty\xUnitTestProject\bin\Debug\netcoreapp3.1\xUnitTestProject.dll" adapterTypeName="executor://xunit/VsTestRunner2/netcoreapp" className="xUnitTestProject.CurrencyHelperTests" name="FormatToStringTest1000" />
    </UnitTest>
    <UnitTest name="xUnitTestProject.CurrencyHelperTests.FormatToStringTest1000(price: 6276.389386365838, expected: &quot;6276.39 zł&quot;)" storage="c:\projekty\xunittestproject\bin\debug\netcoreapp3.1\xunittestproject.dll" id="7c18917f-7141-7732-3a7b-36439ce0baa1">
      <Execution id="4ffec3d8-4c22-4c2a-a67f-cb4073d46b68" />
      <TestMethod codeBase="C:\Projekty\xUnitTestProject\bin\Debug\netcoreapp3.1\xUnitTestProject.dll" adapterTypeName="executor://xunit/VsTestRunner2/netcoreapp" className="xUnitTestProject.CurrencyHelperTests" name="FormatToStringTest1000" />
    </UnitTest>
    <UnitTest name="xUnitTestProject.CurrencyHelperTests.FormatToStringTest1000(price: 7716.571614765363, expected: &quot;7716.57 zł&quot;)" storage="c:\projekty\xunittestproject\bin\debug\netcoreapp3.1\xunittestproject.dll" id="135dd56d-570b-92a1-4144-854d04d96ef0">
      <Execution id="84874816-fbad-4db8-9f73-76e48d7afd9f" />
      <TestMethod codeBase="C:\Projekty\xUnitTestProject\bin\Debug\netcoreapp3.1\xUnitTestProject.dll" adapterTypeName="executor://xunit/VsTestRunner2/netcoreapp" className="xUnitTestProject.CurrencyHelperTests" name="FormatToStringTest1000" />
    </UnitTest>
    <UnitTest name="xUnitTestProject.CurrencyHelperTests.FormatToStringTest1000(price: 59919.71489415491, expected: &quot;59919.71 zł&quot;)" storage="c:\projekty\xunittestproject\bin\debug\netcoreapp3.1\xunittestproject.dll" id="c2db2421-6d50-c505-4572-abf46a5e86c5">
      <Execution id="541a270f-47ee-435b-8c49-acddfa248cff" />
      <TestMethod codeBase="C:\Projekty\xUnitTestProject\bin\Debug\netcoreapp3.1\xUnitTestProject.dll" adapterTypeName="executor://xunit/VsTestRunner2/netcoreapp" className="xUnitTestProject.CurrencyHelperTests" name="FormatToStringTest1000" />
    </UnitTest>
    <UnitTest name="xUnitTestProject.CurrencyHelperTests.FormatToStringTest1000(price: 72802.68569213277, expected: &quot;72802.69 zł&quot;)" storage="c:\projekty\xunittestproject\bin\debug\netcoreapp3.1\xunittestproject.dll" id="1aafdcdc-e39a-0bd1-4429-1c1f26634e52">
      <Execution id="e41ef8c3-1f99-4464-be0e-f793b3d6357e" />
      <TestMethod codeBase="C:\Projekty\xUnitTestProject\bin\Debug\netcoreapp3.1\xUnitTestProject.dll" adapterTypeName="executor://xunit/VsTestRunner2/netcoreapp" className="xUnitTestProject.CurrencyHelperTests" name="FormatToStringTest1000" />
    </UnitTest>
    <UnitTest name="xUnitTestProject.CurrencyHelperTests.FormatToStringTest1000(price: 272.5621069118204, expected: &quot;272.56 zł&quot;)" storage="c:\projekty\xunittestproject\bin\debug\netcoreapp3.1\xunittestproject.dll" id="8cdd5bbc-dcfa-1d65-90a0-7f353e299d1e">
      <Execution id="826b2bbb-9560-4fbb-bfbe-f05299ce8e90" />
      <TestMethod codeBase="C:\Projekty\xUnitTestProject\bin\Debug\netcoreapp3.1\xUnitTestProject.dll" adapterTypeName="executor://xunit/VsTestRunner2/netcoreapp" className="xUnitTestProject.CurrencyHelperTests" name="FormatToStringTest1000" />
    </UnitTest>
    <UnitTest name="xUnitTestProject.CurrencyHelperTests.FormatToStringTest1000(price: 21693.340115174808, expected: &quot;21693.34 zł&quot;)" storage="c:\projekty\xunittestproject\bin\debug\netcoreapp3.1\xunittestproject.dll" id="a8f82c34-f413-0466-fc76-669da2c23141">
      <Execution id="b41f75f4-44da-493e-bc16-f376858b34e3" />
      <TestMethod codeBase="C:\Projekty\xUnitTestProject\bin\Debug\netcoreapp3.1\xUnitTestProject.dll" adapterTypeName="executor://xunit/VsTestRunner2/netcoreapp" className="xUnitTestProject.CurrencyHelperTests" name="FormatToStringTest1000" />
    </UnitTest>
    <UnitTest name="xUnitTestProject.CurrencyHelperTests.FormatToStringTest1000(price: 486.15309567942893, expected: &quot;486.15 zł&quot;)" storage="c:\projekty\xunittestproject\bin\debug\netcoreapp3.1\xunittestproject.dll" id="de1aa414-8fbd-dead-288e-d558b1305dac">
      <Execution id="a8347b34-2584-4d28-b3ee-f95cc993cefd" />
      <TestMethod codeBase="C:\Projekty\xUnitTestProject\bin\Debug\netcoreapp3.1\xUnitTestProject.dll" adapterTypeName="executor://xunit/VsTestRunner2/netcoreapp" className="xUnitTestProject.CurrencyHelperTests" name="FormatToStringTest1000" />
    </UnitTest>
    <UnitTest name="xUnitTestProject.CurrencyHelperTests.FormatToStringTest1000(price: 11430.666613002619, expected: &quot;11430.67 zł&quot;)" storage="c:\projekty\xunittestproject\bin\debug\netcoreapp3.1\xunittestproject.dll" id="f406acd8-9b69-9411-bf61-2d74f259f69e">
      <Execution id="e33cd256-06f6-4377-94c0-002e59f784f0" />
      <TestMethod codeBase="C:\Projekty\xUnitTestProject\bin\Debug\netcoreapp3.1\xUnitTestProject.dll" adapterTypeName="executor://xunit/VsTestRunner2/netcoreapp" className="xUnitTestProject.CurrencyHelperTests" name="FormatToStringTest1000" />
    </UnitTest>
    <UnitTest name="xUnitTestProject.CurrencyHelperTests.FormatToStringTest1000(price: 34096.337879508894, expected: &quot;34096.34 zł&quot;)" storage="c:\projekty\xunittestproject\bin\debug\netcoreapp3.1\xunittestproject.dll" id="aae9a2f6-c5ae-d742-7ea5-60de6dc3d9cf">
      <Execution id="13276eaf-180e-4d13-b7ca-19ac61a61054" />
      <TestMethod codeBase="C:\Projekty\xUnitTestProject\bin\Debug\netcoreapp3.1\xUnitTestProject.dll" adapterTypeName="executor://xunit/VsTestRunner2/netcoreapp" className="xUnitTestProject.CurrencyHelperTests" name="FormatToStringTest1000" />
    </UnitTest>
    <UnitTest name="xUnitTestProject.CurrencyHelperTests.FormatToStringTest1000(price: 12091.219941106729, expected: &quot;12091.22 zł&quot;)" storage="c:\projekty\xunittestproject\bin\debug\netcoreapp3.1\xunittestproject.dll" id="230e1e23-a8f6-7ac5-0938-0ce23eabf420">
      <Execution id="49270b9c-70a8-42b9-9a2f-286b8dfe90e8" />
      <TestMethod codeBase="C:\Projekty\xUnitTestProject\bin\Debug\netcoreapp3.1\xUnitTestProject.dll" adapterTypeName="executor://xunit/VsTestRunner2/netcoreapp" className="xUnitTestProject.CurrencyHelperTests" name="FormatToStringTest1000" />
    </UnitTest>
    <UnitTest name="xUnitTestProject.CurrencyHelperTests.FormatToStringTest1000(price: 1745.490603896552, expected: &quot;1745.49 zł&quot;)" storage="c:\projekty\xunittestproject\bin\debug\netcoreapp3.1\xunittestproject.dll" id="d74171b4-c8ee-1912-2996-ae0e2e26eb23">
      <Execution id="98f07d87-2076-4133-9642-a73ee74e75d7" />
      <TestMethod codeBase="C:\Projekty\xUnitTestProject\bin\Debug\netcoreapp3.1\xUnitTestProject.dll" adapterTypeName="executor://xunit/VsTestRunner2/netcoreapp" className="xUnitTestProject.CurrencyHelperTests" name="FormatToStringTest1000" />
    </UnitTest>
    <UnitTest name="xUnitTestProject.CurrencyHelperTests.FormatToStringTest1000(price: 27027.327683509946, expected: &quot;27027.33 zł&quot;)" storage="c:\projekty\xunittestproject\bin\debug\netcoreapp3.1\xunittestproject.dll" id="e3939992-ed7f-a290-3278-0cb23f85c16d">
      <Execution id="fdc7926a-9e64-4bc7-aee0-4a0938110092" />
      <TestMethod codeBase="C:\Projekty\xUnitTestProject\bin\Debug\netcoreapp3.1\xUnitTestProject.dll" adapterTypeName="executor://xunit/VsTestRunner2/netcoreapp" className="xUnitTestProject.CurrencyHelperTests" name="FormatToStringTest1000" />
    </UnitTest>
    <UnitTest name="xUnitTestProject.CurrencyHelperTests.FormatToStringTest1000(price: 8242.419043611, expected: &quot;8242.42 zł&quot;)" storage="c:\projekty\xunittestproject\bin\debug\netcoreapp3.1\xunittestproject.dll" id="f54965f2-1519-0721-6d19-cf1386c23793">
      <Execution id="e63b1d22-d477-4c4a-8388-61fae1e9cc60" />
      <TestMethod codeBase="C:\Projekty\xUnitTestProject\bin\Debug\netcoreapp3.1\xUnitTestProject.dll" adapterTypeName="executor://xunit/VsTestRunner2/netcoreapp" className="xUnitTestProject.CurrencyHelperTests" name="FormatToStringTest1000" />
    </UnitTest>
    <UnitTest name="xUnitTestProject.CurrencyHelperTests.FormatToStringTest1000(price: 8492.904747505161, expected: &quot;8492.90 zł&quot;)" storage="c:\projekty\xunittestproject\bin\debug\netcoreapp3.1\xunittestproject.dll" id="8f3ac04b-f653-5459-90af-f61d3689f759">
      <Execution id="94a2cc88-8a35-4ce1-9450-a8c5338c0ae7" />
      <TestMethod codeBase="C:\Projekty\xUnitTestProject\bin\Debug\netcoreapp3.1\xUnitTestProject.dll" adapterTypeName="executor://xunit/VsTestRunner2/netcoreapp" className="xUnitTestProject.CurrencyHelperTests" name="FormatToStringTest1000" />
    </UnitTest>
    <UnitTest name="xUnitTestProject.CurrencyHelperTests.FormatToStringTest1000(price: 12308.022158465357, expected: &quot;12308.02 zł&quot;)" storage="c:\projekty\xunittestproject\bin\debug\netcoreapp3.1\xunittestproject.dll" id="62b1fe99-5a28-bc9f-0494-f16f9326c1bc">
      <Execution id="830c4fca-95d3-4470-8e1f-47b6dbddd8bd" />
      <TestMethod codeBase="C:\Projekty\xUnitTestProject\bin\Debug\netcoreapp3.1\xUnitTestProject.dll" adapterTypeName="executor://xunit/VsTestRunner2/netcoreapp" className="xUnitTestProject.CurrencyHelperTests" name="FormatToStringTest1000" />
    </UnitTest>
    <UnitTest name="xUnitTestProject.CurrencyHelperTests.FormatToStringTest1000(price: 1325.1625259114255, expected: &quot;1325.16 zł&quot;)" storage="c:\projekty\xunittestproject\bin\debug\netcoreapp3.1\xunittestproject.dll" id="8a119c68-dcc0-dba7-c987-45fbb976469b">
      <Execution id="8496f8b4-85c2-41e6-90fa-428aceba4cea" />
      <TestMethod codeBase="C:\Projekty\xUnitTestProject\bin\Debug\netcoreapp3.1\xUnitTestProject.dll" adapterTypeName="executor://xunit/VsTestRunner2/netcoreapp" className="xUnitTestProject.CurrencyHelperTests" name="FormatToStringTest1000" />
    </UnitTest>
    <UnitTest name="xUnitTestProject.CurrencyHelperTests.FormatToStringTest1000(price: 37528.70144368368, expected: &quot;37528.70 zł&quot;)" storage="c:\projekty\xunittestproject\bin\debug\netcoreapp3.1\xunittestproject.dll" id="444b6055-8e36-cf16-2594-6f26fe677cd1">
      <Execution id="fdae324d-8855-4d5a-b0ac-cb9b544feb12" />
      <TestMethod codeBase="C:\Projekty\xUnitTestProject\bin\Debug\netcoreapp3.1\xUnitTestProject.dll" adapterTypeName="executor://xunit/VsTestRunner2/netcoreapp" className="xUnitTestProject.CurrencyHelperTests" name="FormatToStringTest1000" />
    </UnitTest>
    <UnitTest name="xUnitTestProject.CurrencyHelperTests.FormatToStringTest1000(price: 8908.080586221107, expected: &quot;8908.08 zł&quot;)" storage="c:\projekty\xunittestproject\bin\debug\netcoreapp3.1\xunittestproject.dll" id="a00a0db9-3140-48ef-5f63-6a059b1f6f40">
      <Execution id="47572a52-0686-408b-b31f-b84ea92c1b94" />
      <TestMethod codeBase="C:\Projekty\xUnitTestProject\bin\Debug\netcoreapp3.1\xUnitTestProject.dll" adapterTypeName="executor://xunit/VsTestRunner2/netcoreapp" className="xUnitTestProject.CurrencyHelperTests" name="FormatToStringTest1000" />
    </UnitTest>
    <UnitTest name="xUnitTestProject.CurrencyHelperTests.FormatToStringTest1000(price: 28502.61128259758, expected: &quot;28502.61 zł&quot;)" storage="c:\projekty\xunittestproject\bin\debug\netcoreapp3.1\xunittestproject.dll" id="56dbe364-b862-68d4-f157-de01aca24e66">
      <Execution id="07cac235-180b-452c-be8b-02406875675a" />
      <TestMethod codeBase="C:\Projekty\xUnitTestProject\bin\Debug\netcoreapp3.1\xUnitTestProject.dll" adapterTypeName="executor://xunit/VsTestRunner2/netcoreapp" className="xUnitTestProject.CurrencyHelperTests" name="FormatToStringTest1000" />
    </UnitTest>
    <UnitTest name="xUnitTestProject.CurrencyHelperTests.FormatToStringTest1000(price: 9079.930405251649, expected: &quot;9079.93 zł&quot;)" storage="c:\projekty\xunittestproject\bin\debug\netcoreapp3.1\xunittestproject.dll" id="65e69234-8b4f-5c5d-4c39-26b683719c33">
      <Execution id="3f903739-2d77-4cee-bbc9-877f823c3cc2" />
      <TestMethod codeBase="C:\Projekty\xUnitTestProject\bin\Debug\netcoreapp3.1\xUnitTestProject.dll" adapterTypeName="executor://xunit/VsTestRunner2/netcoreapp" className="xUnitTestProject.CurrencyHelperTests" name="FormatToStringTest1000" />
    </UnitTest>
    <UnitTest name="xUnitTestProject.CurrencyHelperTests.FormatToStringTest1000(price: 2951.2722077329045, expected: &quot;2951.27 zł&quot;)" storage="c:\projekty\xunittestproject\bin\debug\netcoreapp3.1\xunittestproject.dll" id="be4ac306-3050-79c7-e4db-2e676fbdab1b">
      <Execution id="5cbeb5ba-12ec-4a1a-be92-c9778646f222" />
      <TestMethod codeBase="C:\Projekty\xUnitTestProject\bin\Debug\netcoreapp3.1\xUnitTestProject.dll" adapterTypeName="executor://xunit/VsTestRunner2/netcoreapp" className="xUnitTestProject.CurrencyHelperTests" name="FormatToStringTest1000" />
    </UnitTest>
    <UnitTest name="xUnitTestProject.CurrencyHelperTests.FormatToStringTest1000(price: 14480.387652530982, expected: &quot;14480.39 zł&quot;)" storage="c:\projekty\xunittestproject\bin\debug\netcoreapp3.1\xunittestproject.dll" id="18167db3-c21a-1968-f83d-cf6f5b58219d">
      <Execution id="1fb0dcdf-94d0-4a9b-a12f-8137674b8238" />
      <TestMethod codeBase="C:\Projekty\xUnitTestProject\bin\Debug\netcoreapp3.1\xUnitTestProject.dll" adapterTypeName="executor://xunit/VsTestRunner2/netcoreapp" className="xUnitTestProject.CurrencyHelperTests" name="FormatToStringTest1000" />
    </UnitTest>
    <UnitTest name="xUnitTestProject.CurrencyHelperTests.FormatToStringTest1000(price: 48544.390887578666, expected: &quot;48544.39 zł&quot;)" storage="c:\projekty\xunittestproject\bin\debug\netcoreapp3.1\xunittestproject.dll" id="248dc14a-7b24-2159-ea3a-30144e961aa7">
      <Execution id="df34f72b-9cba-4785-82ea-e9bc0c51f946" />
      <TestMethod codeBase="C:\Projekty\xUnitTestProject\bin\Debug\netcoreapp3.1\xUnitTestProject.dll" adapterTypeName="executor://xunit/VsTestRunner2/netcoreapp" className="xUnitTestProject.CurrencyHelperTests" name="FormatToStringTest1000" />
    </UnitTest>
    <UnitTest name="xUnitTestProject.CurrencyHelperTests.FormatToStringTest1000(price: 52032.65082931176, expected: &quot;52032.65 zł&quot;)" storage="c:\projekty\xunittestproject\bin\debug\netcoreapp3.1\xunittestproject.dll" id="9f74ffc2-1a7b-4759-a337-57d1812dbf3f">
      <Execution id="fe8c80d9-be17-4800-955c-fa4ff9ba5c75" />
      <TestMethod codeBase="C:\Projekty\xUnitTestProject\bin\Debug\netcoreapp3.1\xUnitTestProject.dll" adapterTypeName="executor://xunit/VsTestRunner2/netcoreapp" className="xUnitTestProject.CurrencyHelperTests" name="FormatToStringTest1000" />
    </UnitTest>
    <UnitTest name="xUnitTestProject.CurrencyHelperTests.FormatToStringTest1000(price: 7370.518277515898, expected: &quot;7370.52 zł&quot;)" storage="c:\projekty\xunittestproject\bin\debug\netcoreapp3.1\xunittestproject.dll" id="170260b6-6610-99a8-adfb-d2dcbd80a40f">
      <Execution id="76a2448a-f06a-450f-908c-ae62f2b54631" />
      <TestMethod codeBase="C:\Projekty\xUnitTestProject\bin\Debug\netcoreapp3.1\xUnitTestProject.dll" adapterTypeName="executor://xunit/VsTestRunner2/netcoreapp" className="xUnitTestProject.CurrencyHelperTests" name="FormatToStringTest1000" />
    </UnitTest>
    <UnitTest name="xUnitTestProject.CurrencyHelperTests.FormatToStringTest1000(price: 24570.65594858893, expected: &quot;24570.66 zł&quot;)" storage="c:\projekty\xunittestproject\bin\debug\netcoreapp3.1\xunittestproject.dll" id="75f79a5e-625f-18cb-34f2-c39806bd0036">
      <Execution id="23e133f1-6924-4efc-9e9a-39cb4425946e" />
      <TestMethod codeBase="C:\Projekty\xUnitTestProject\bin\Debug\netcoreapp3.1\xUnitTestProject.dll" adapterTypeName="executor://xunit/VsTestRunner2/netcoreapp" className="xUnitTestProject.CurrencyHelperTests" name="FormatToStringTest1000" />
    </UnitTest>
    <UnitTest name="xUnitTestProject.CurrencyHelperTests.FormatToStringTest1000(price: 55782.67998761762, expected: &quot;55782.68 zł&quot;)" storage="c:\projekty\xunittestproject\bin\debug\netcoreapp3.1\xunittestproject.dll" id="1cdc361a-ffee-1052-df8d-ab7786ba69bf">
      <Execution id="373e04f1-303d-4abb-9836-dfa32546dcea" />
      <TestMethod codeBase="C:\Projekty\xUnitTestProject\bin\Debug\netcoreapp3.1\xUnitTestProject.dll" adapterTypeName="executor://xunit/VsTestRunner2/netcoreapp" className="xUnitTestProject.CurrencyHelperTests" name="FormatToStringTest1000" />
    </UnitTest>
    <UnitTest name="xUnitTestProject.CurrencyHelperTests.FormatToStringTest1000(price: 74152.7503934562, expected: &quot;74152.75 zł&quot;)" storage="c:\projekty\xunittestproject\bin\debug\netcoreapp3.1\xunittestproject.dll" id="3326d350-1af4-4add-085b-c52b861e91af">
      <Execution id="aff042f0-2088-43ca-b8f4-a2098aee2826" />
      <TestMethod codeBase="C:\Projekty\xUnitTestProject\bin\Debug\netcoreapp3.1\xUnitTestProject.dll" adapterTypeName="executor://xunit/VsTestRunner2/netcoreapp" className="xUnitTestProject.CurrencyHelperTests" name="FormatToStringTest1000" />
    </UnitTest>
    <UnitTest name="xUnitTestProject.CurrencyHelperTests.FormatToStringTest1000(price: 100.45267071130345, expected: &quot;100.45 zł&quot;)" storage="c:\projekty\xunittestproject\bin\debug\netcoreapp3.1\xunittestproject.dll" id="d44a0649-8200-dc14-ee0f-9aa1a5e79e57">
      <Execution id="0021587e-93bc-404b-a412-424d25876ede" />
      <TestMethod codeBase="C:\Projekty\xUnitTestProject\bin\Debug\netcoreapp3.1\xUnitTestProject.dll" adapterTypeName="executor://xunit/VsTestRunner2/netcoreapp" className="xUnitTestProject.CurrencyHelperTests" name="FormatToStringTest1000" />
    </UnitTest>
    <UnitTest name="xUnitTestProject.CurrencyHelperTests.FormatToStringTest1000(price: 11022.594234092438, expected: &quot;11022.59 zł&quot;)" storage="c:\projekty\xunittestproject\bin\debug\netcoreapp3.1\xunittestproject.dll" id="0a8dd3d5-59e9-8093-402f-f8fc213265ce">
      <Execution id="7671f0d6-d215-4e5c-8b6e-1f2cc76cc6af" />
      <TestMethod codeBase="C:\Projekty\xUnitTestProject\bin\Debug\netcoreapp3.1\xUnitTestProject.dll" adapterTypeName="executor://xunit/VsTestRunner2/netcoreapp" className="xUnitTestProject.CurrencyHelperTests" name="FormatToStringTest1000" />
    </UnitTest>
    <UnitTest name="xUnitTestProject.CurrencyHelperTests.FormatToStringTest1000(price: 4554.73912809777, expected: &quot;4554.74 zł&quot;)" storage="c:\projekty\xunittestproject\bin\debug\netcoreapp3.1\xunittestproject.dll" id="c0f25143-2b07-04f3-95cc-c9746948afb7">
      <Execution id="11f4bcad-848a-41c0-983f-c1c87135ac3e" />
      <TestMethod codeBase="C:\Projekty\xUnitTestProject\bin\Debug\netcoreapp3.1\xUnitTestProject.dll" adapterTypeName="executor://xunit/VsTestRunner2/netcoreapp" className="xUnitTestProject.CurrencyHelperTests" name="FormatToStringTest1000" />
    </UnitTest>
    <UnitTest name="xUnitTestProject.CurrencyHelperTests.FormatToStringTest1000(price: 1687.6029180025694, expected: &quot;1687.60 zł&quot;)" storage="c:\projekty\xunittestproject\bin\debug\netcoreapp3.1\xunittestproject.dll" id="1cc15eeb-9d05-d094-9231-53ade30093a7">
      <Execution id="08fb55fb-1e56-4e92-acfc-fdbe356521b8" />
      <TestMethod codeBase="C:\Projekty\xUnitTestProject\bin\Debug\netcoreapp3.1\xUnitTestProject.dll" adapterTypeName="executor://xunit/VsTestRunner2/netcoreapp" className="xUnitTestProject.CurrencyHelperTests" name="FormatToStringTest1000" />
    </UnitTest>
    <UnitTest name="xUnitTestProject.CurrencyHelperTests.FormatToStringTest1000(price: 10965.74607995746, expected: &quot;10965.75 zł&quot;)" storage="c:\projekty\xunittestproject\bin\debug\netcoreapp3.1\xunittestproject.dll" id="c83faa4e-9cfa-b743-e7ea-a4956027273b">
      <Execution id="43e32ac9-f27b-403b-af90-0e011a5766a7" />
      <TestMethod codeBase="C:\Projekty\xUnitTestProject\bin\Debug\netcoreapp3.1\xUnitTestProject.dll" adapterTypeName="executor://xunit/VsTestRunner2/netcoreapp" className="xUnitTestProject.CurrencyHelperTests" name="FormatToStringTest1000" />
    </UnitTest>
    <UnitTest name="xUnitTestProject.CurrencyHelperTests.FormatToStringTest1000(price: 1568.615240217473, expected: &quot;1568.62 zł&quot;)" storage="c:\projekty\xunittestproject\bin\debug\netcoreapp3.1\xunittestproject.dll" id="5a540ea5-a914-2a7a-fb65-63091b7a1082">
      <Execution id="7b583df5-ee27-4b49-ac5c-fb9acfc42870" />
      <TestMethod codeBase="C:\Projekty\xUnitTestProject\bin\Debug\netcoreapp3.1\xUnitTestProject.dll" adapterTypeName="executor://xunit/VsTestRunner2/netcoreapp" className="xUnitTestProject.CurrencyHelperTests" name="FormatToStringTest1000" />
    </UnitTest>
    <UnitTest name="xUnitTestProject.CurrencyHelperTests.FormatToStringTest1000(price: 55010.474927814896, expected: &quot;55010.47 zł&quot;)" storage="c:\projekty\xunittestproject\bin\debug\netcoreapp3.1\xunittestproject.dll" id="4c68b106-0b95-e518-2e9e-d72489df9e7e">
      <Execution id="2a62a439-9792-4113-8aec-4b85ea0f651a" />
      <TestMethod codeBase="C:\Projekty\xUnitTestProject\bin\Debug\netcoreapp3.1\xUnitTestProject.dll" adapterTypeName="executor://xunit/VsTestRunner2/netcoreapp" className="xUnitTestProject.CurrencyHelperTests" name="FormatToStringTest1000" />
    </UnitTest>
    <UnitTest name="xUnitTestProject.CurrencyHelperTests.FormatToStringTest1000(price: 2298.0331723829886, expected: &quot;2298.03 zł&quot;)" storage="c:\projekty\xunittestproject\bin\debug\netcoreapp3.1\xunittestproject.dll" id="83af6274-cbc6-0821-9d1c-d71c57f5ac71">
      <Execution id="4a8a28f2-33d3-4d95-a6b4-4bf6ce5d169d" />
      <TestMethod codeBase="C:\Projekty\xUnitTestProject\bin\Debug\netcoreapp3.1\xUnitTestProject.dll" adapterTypeName="executor://xunit/VsTestRunner2/netcoreapp" className="xUnitTestProject.CurrencyHelperTests" name="FormatToStringTest1000" />
    </UnitTest>
    <UnitTest name="xUnitTestProject.CurrencyHelperTests.FormatToStringTest1000(price: 8885.065440211942, expected: &quot;8885.07 zł&quot;)" storage="c:\projekty\xunittestproject\bin\debug\netcoreapp3.1\xunittestproject.dll" id="9ecb75d8-2160-8266-876b-6361db8213dc">
      <Execution id="02468217-a82e-45bb-bb45-053c234738ea" />
      <TestMethod codeBase="C:\Projekty\xUnitTestProject\bin\Debug\netcoreapp3.1\xUnitTestProject.dll" adapterTypeName="executor://xunit/VsTestRunner2/netcoreapp" className="xUnitTestProject.CurrencyHelperTests" name="FormatToStringTest1000" />
    </UnitTest>
    <UnitTest name="xUnitTestProject.CurrencyHelperTests.FormatToStringTest1000(price: 38640.62766693003, expected: &quot;38640.63 zł&quot;)" storage="c:\projekty\xunittestproject\bin\debug\netcoreapp3.1\xunittestproject.dll" id="ce6af9f0-4b11-7bc7-9919-f6caf3d5d5f3">
      <Execution id="7dff151f-fba3-47e0-811a-e9a69f75035f" />
      <TestMethod codeBase="C:\Projekty\xUnitTestProject\bin\Debug\netcoreapp3.1\xUnitTestProject.dll" adapterTypeName="executor://xunit/VsTestRunner2/netcoreapp" className="xUnitTestProject.CurrencyHelperTests" name="FormatToStringTest1000" />
    </UnitTest>
    <UnitTest name="xUnitTestProject.CurrencyHelperTests.FormatToStringTest1000(price: 803.2448148733214, expected: &quot;803.24 zł&quot;)" storage="c:\projekty\xunittestproject\bin\debug\netcoreapp3.1\xunittestproject.dll" id="034f9192-5731-ab77-854c-d5ad3844ecab">
      <Execution id="3fcf7068-5f36-49de-9a26-ccf243db1f28" />
      <TestMethod codeBase="C:\Projekty\xUnitTestProject\bin\Debug\netcoreapp3.1\xUnitTestProject.dll" adapterTypeName="executor://xunit/VsTestRunner2/netcoreapp" className="xUnitTestProject.CurrencyHelperTests" name="FormatToStringTest1000" />
    </UnitTest>
    <UnitTest name="xUnitTestProject.CurrencyHelperTests.FormatToStringTest1000(price: 37826.846755123166, expected: &quot;37826.85 zł&quot;)" storage="c:\projekty\xunittestproject\bin\debug\netcoreapp3.1\xunittestproject.dll" id="a3944110-24ef-a5f3-993b-c0e54d094618">
      <Execution id="6143bba7-3a0a-4de8-8eea-841aba2234bd" />
      <TestMethod codeBase="C:\Projekty\xUnitTestProject\bin\Debug\netcoreapp3.1\xUnitTestProject.dll" adapterTypeName="executor://xunit/VsTestRunner2/netcoreapp" className="xUnitTestProject.CurrencyHelperTests" name="FormatToStringTest1000" />
    </UnitTest>
    <UnitTest name="xUnitTestProject.CurrencyHelperTests.FormatToStringTest1000(price: 8599.45217413616, expected: &quot;8599.45 zł&quot;)" storage="c:\projekty\xunittestproject\bin\debug\netcoreapp3.1\xunittestproject.dll" id="459b3c16-63b4-fc77-bb08-22086969eb93">
      <Execution id="06a43222-fc9b-4528-ba95-32ce3252c2a9" />
      <TestMethod codeBase="C:\Projekty\xUnitTestProject\bin\Debug\netcoreapp3.1\xUnitTestProject.dll" adapterTypeName="executor://xunit/VsTestRunner2/netcoreapp" className="xUnitTestProject.CurrencyHelperTests" name="FormatToStringTest1000" />
    </UnitTest>
    <UnitTest name="xUnitTestProject.CurrencyHelperTests.FormatToStringTest1000(price: 6220.182014914314, expected: &quot;6220.18 zł&quot;)" storage="c:\projekty\xunittestproject\bin\debug\netcoreapp3.1\xunittestproject.dll" id="0d6018bc-c4c3-ac7c-618e-ae3024a5dbea">
      <Execution id="3dd76e84-6f48-406f-95a7-b632b3ea995e" />
      <TestMethod codeBase="C:\Projekty\xUnitTestProject\bin\Debug\netcoreapp3.1\xUnitTestProject.dll" adapterTypeName="executor://xunit/VsTestRunner2/netcoreapp" className="xUnitTestProject.CurrencyHelperTests" name="FormatToStringTest1000" />
    </UnitTest>
    <UnitTest name="xUnitTestProject.CurrencyHelperTests.FormatToStringTest1000(price: 4652.407073443945, expected: &quot;4652.41 zł&quot;)" storage="c:\projekty\xunittestproject\bin\debug\netcoreapp3.1\xunittestproject.dll" id="80d0ff60-cfaf-35b0-6f6e-60db427c7f85">
      <Execution id="f9c6ef18-6ec2-4844-a787-35b706e59d56" />
      <TestMethod codeBase="C:\Projekty\xUnitTestProject\bin\Debug\netcoreapp3.1\xUnitTestProject.dll" adapterTypeName="executor://xunit/VsTestRunner2/netcoreapp" className="xUnitTestProject.CurrencyHelperTests" name="FormatToStringTest1000" />
    </UnitTest>
    <UnitTest name="xUnitTestProject.CurrencyHelperTests.FormatToStringTest1000(price: 2883.637133003975, expected: &quot;2883.64 zł&quot;)" storage="c:\projekty\xunittestproject\bin\debug\netcoreapp3.1\xunittestproject.dll" id="4d3fe7e4-2bde-cfc0-5403-0728b7dde62a">
      <Execution id="ec359a5e-131f-4ea0-b690-ccfe664575db" />
      <TestMethod codeBase="C:\Projekty\xUnitTestProject\bin\Debug\netcoreapp3.1\xUnitTestProject.dll" adapterTypeName="executor://xunit/VsTestRunner2/netcoreapp" className="xUnitTestProject.CurrencyHelperTests" name="FormatToStringTest1000" />
    </UnitTest>
    <UnitTest name="xUnitTestProject.CurrencyHelperTests.FormatToStringTest1000(price: 57237.252356975456, expected: &quot;57237.25 zł&quot;)" storage="c:\projekty\xunittestproject\bin\debug\netcoreapp3.1\xunittestproject.dll" id="761b6e00-61f3-b300-b2f5-8d5765381437">
      <Execution id="1d57eff0-266d-45ae-b96a-0132db0eea86" />
      <TestMethod codeBase="C:\Projekty\xUnitTestProject\bin\Debug\netcoreapp3.1\xUnitTestProject.dll" adapterTypeName="executor://xunit/VsTestRunner2/netcoreapp" className="xUnitTestProject.CurrencyHelperTests" name="FormatToStringTest1000" />
    </UnitTest>
    <UnitTest name="xUnitTestProject.CurrencyHelperTests.FormatToStringTest1000(price: 15566.957545477411, expected: &quot;15566.96 zł&quot;)" storage="c:\projekty\xunittestproject\bin\debug\netcoreapp3.1\xunittestproject.dll" id="4b06698d-5339-0a98-2e05-9ce80b4b1ec4">
      <Execution id="a36cc627-7076-474c-bdde-e47b5ac33447" />
      <TestMethod codeBase="C:\Projekty\xUnitTestProject\bin\Debug\netcoreapp3.1\xUnitTestProject.dll" adapterTypeName="executor://xunit/VsTestRunner2/netcoreapp" className="xUnitTestProject.CurrencyHelperTests" name="FormatToStringTest1000" />
    </UnitTest>
    <UnitTest name="xUnitTestProject.CurrencyHelperTests.FormatToStringTest1000(price: 35784.54232617307, expected: &quot;35784.54 zł&quot;)" storage="c:\projekty\xunittestproject\bin\debug\netcoreapp3.1\xunittestproject.dll" id="99f07415-68e4-3476-dd07-6ad55eba383b">
      <Execution id="4ed9e2b8-1a27-42b4-8ea6-7d46d0612776" />
      <TestMethod codeBase="C:\Projekty\xUnitTestProject\bin\Debug\netcoreapp3.1\xUnitTestProject.dll" adapterTypeName="executor://xunit/VsTestRunner2/netcoreapp" className="xUnitTestProject.CurrencyHelperTests" name="FormatToStringTest1000" />
    </UnitTest>
    <UnitTest name="xUnitTestProject.CurrencyHelperTests.FormatToStringTest1000(price: 2039.440966411699, expected: &quot;2039.44 zł&quot;)" storage="c:\projekty\xunittestproject\bin\debug\netcoreapp3.1\xunittestproject.dll" id="0a0bc23b-0e81-f4f7-edb6-cfc0213b6904">
      <Execution id="a579253f-942b-42e9-a4fd-d21a0af62795" />
      <TestMethod codeBase="C:\Projekty\xUnitTestProject\bin\Debug\netcoreapp3.1\xUnitTestProject.dll" adapterTypeName="executor://xunit/VsTestRunner2/netcoreapp" className="xUnitTestProject.CurrencyHelperTests" name="FormatToStringTest1000" />
    </UnitTest>
    <UnitTest name="xUnitTestProject.CurrencyHelperTests.FormatToStringTest1000(price: 5396.620088554277, expected: &quot;5396.62 zł&quot;)" storage="c:\projekty\xunittestproject\bin\debug\netcoreapp3.1\xunittestproject.dll" id="2cd343bd-badc-869e-d32e-7b446b74dbcf">
      <Execution id="fbdccb40-6dcb-4825-be0b-bcf229384ecd" />
      <TestMethod codeBase="C:\Projekty\xUnitTestProject\bin\Debug\netcoreapp3.1\xUnitTestProject.dll" adapterTypeName="executor://xunit/VsTestRunner2/netcoreapp" className="xUnitTestProject.CurrencyHelperTests" name="FormatToStringTest1000" />
    </UnitTest>
    <UnitTest name="xUnitTestProject.CurrencyHelperTests.FormatToStringTest1000(price: 12187.551827252633, expected: &quot;12187.55 zł&quot;)" storage="c:\projekty\xunittestproject\bin\debug\netcoreapp3.1\xunittestproject.dll" id="73284804-3614-1086-c9d3-907dba871693">
      <Execution id="f072c107-d7b5-4dbd-92dc-f232e39119dd" />
      <TestMethod codeBase="C:\Projekty\xUnitTestProject\bin\Debug\netcoreapp3.1\xUnitTestProject.dll" adapterTypeName="executor://xunit/VsTestRunner2/netcoreapp" className="xUnitTestProject.CurrencyHelperTests" name="FormatToStringTest1000" />
    </UnitTest>
    <UnitTest name="xUnitTestProject.CurrencyHelperTests.FormatToStringTest1000(price: 8347.417790138823, expected: &quot;8347.42 zł&quot;)" storage="c:\projekty\xunittestproject\bin\debug\netcoreapp3.1\xunittestproject.dll" id="38bf740f-4d67-502e-2cfd-d66470e846d5">
      <Execution id="44a9afee-a40d-4362-b38a-fa82f02e5978" />
      <TestMethod codeBase="C:\Projekty\xUnitTestProject\bin\Debug\netcoreapp3.1\xUnitTestProject.dll" adapterTypeName="executor://xunit/VsTestRunner2/netcoreapp" className="xUnitTestProject.CurrencyHelperTests" name="FormatToStringTest1000" />
    </UnitTest>
    <UnitTest name="xUnitTestProject.CurrencyHelperTests.FormatToStringTest1000(price: 19216.446905020366, expected: &quot;19216.45 zł&quot;)" storage="c:\projekty\xunittestproject\bin\debug\netcoreapp3.1\xunittestproject.dll" id="0dda947f-a97a-e494-3314-a0e77995fdce">
      <Execution id="404ca181-40ed-4a93-b640-00ce128baa8f" />
      <TestMethod codeBase="C:\Projekty\xUnitTestProject\bin\Debug\netcoreapp3.1\xUnitTestProject.dll" adapterTypeName="executor://xunit/VsTestRunner2/netcoreapp" className="xUnitTestProject.CurrencyHelperTests" name="FormatToStringTest1000" />
    </UnitTest>
    <UnitTest name="xUnitTestProject.CurrencyHelperTests.FormatToStringTest1000(price: 6057.842750804426, expected: &quot;6057.84 zł&quot;)" storage="c:\projekty\xunittestproject\bin\debug\netcoreapp3.1\xunittestproject.dll" id="6c34d91a-3ccc-a88d-a525-6f3132726a55">
      <Execution id="9128fa14-ad15-4b75-9a7b-e01c0ad75816" />
      <TestMethod codeBase="C:\Projekty\xUnitTestProject\bin\Debug\netcoreapp3.1\xUnitTestProject.dll" adapterTypeName="executor://xunit/VsTestRunner2/netcoreapp" className="xUnitTestProject.CurrencyHelperTests" name="FormatToStringTest1000" />
    </UnitTest>
    <UnitTest name="xUnitTestProject.CurrencyHelperTests.FormatToStringTest1000(price: 6323.24079469882, expected: &quot;6323.24 zł&quot;)" storage="c:\projekty\xunittestproject\bin\debug\netcoreapp3.1\xunittestproject.dll" id="3a74380b-5761-efcc-d80f-84990cb62b27">
      <Execution id="ffb9f1dd-7b73-4c53-86f1-930c449579e9" />
      <TestMethod codeBase="C:\Projekty\xUnitTestProject\bin\Debug\netcoreapp3.1\xUnitTestProject.dll" adapterTypeName="executor://xunit/VsTestRunner2/netcoreapp" className="xUnitTestProject.CurrencyHelperTests" name="FormatToStringTest1000" />
    </UnitTest>
    <UnitTest name="xUnitTestProject.CurrencyHelperTests.FormatToStringTest1000(price: 7813.027778348433, expected: &quot;7813.03 zł&quot;)" storage="c:\projekty\xunittestproject\bin\debug\netcoreapp3.1\xunittestproject.dll" id="5f1f475f-1270-641d-7d41-d4acd777aabd">
      <Execution id="bbeb411a-66e7-4fba-9b27-9452cda7e940" />
      <TestMethod codeBase="C:\Projekty\xUnitTestProject\bin\Debug\netcoreapp3.1\xUnitTestProject.dll" adapterTypeName="executor://xunit/VsTestRunner2/netcoreapp" className="xUnitTestProject.CurrencyHelperTests" name="FormatToStringTest1000" />
    </UnitTest>
    <UnitTest name="xUnitTestProject.CurrencyHelperTests.FormatToStringTest1000(price: 35145.379208063416, expected: &quot;35145.38 zł&quot;)" storage="c:\projekty\xunittestproject\bin\debug\netcoreapp3.1\xunittestproject.dll" id="434a8caa-9318-d21d-4a14-8dc7214b55eb">
      <Execution id="0ce98d9a-1572-4e35-a4ec-50d4ab36850d" />
      <TestMethod codeBase="C:\Projekty\xUnitTestProject\bin\Debug\netcoreapp3.1\xUnitTestProject.dll" adapterTypeName="executor://xunit/VsTestRunner2/netcoreapp" className="xUnitTestProject.CurrencyHelperTests" name="FormatToStringTest1000" />
    </UnitTest>
    <UnitTest name="xUnitTestProject.CurrencyHelperTests.FormatToStringTest1000(price: 6809.40195803037, expected: &quot;6809.40 zł&quot;)" storage="c:\projekty\xunittestproject\bin\debug\netcoreapp3.1\xunittestproject.dll" id="e1c5523d-f177-82aa-b8ad-0ce279495eeb">
      <Execution id="1d59e66b-1b85-4c99-9687-5a0050313dee" />
      <TestMethod codeBase="C:\Projekty\xUnitTestProject\bin\Debug\netcoreapp3.1\xUnitTestProject.dll" adapterTypeName="executor://xunit/VsTestRunner2/netcoreapp" className="xUnitTestProject.CurrencyHelperTests" name="FormatToStringTest1000" />
    </UnitTest>
    <UnitTest name="xUnitTestProject.CurrencyHelperTests.FormatToStringTest1000(price: 2166.4103293970275, expected: &quot;2166.41 zł&quot;)" storage="c:\projekty\xunittestproject\bin\debug\netcoreapp3.1\xunittestproject.dll" id="ccb01d77-9abe-d52e-f6b1-1f27fb49d5d4">
      <Execution id="e65e56f2-6405-4574-ba2d-4cf84afbf7ca" />
      <TestMethod codeBase="C:\Projekty\xUnitTestProject\bin\Debug\netcoreapp3.1\xUnitTestProject.dll" adapterTypeName="executor://xunit/VsTestRunner2/netcoreapp" className="xUnitTestProject.CurrencyHelperTests" name="FormatToStringTest1000" />
    </UnitTest>
    <UnitTest name="xUnitTestProject.CurrencyHelperTests.FormatToStringTest1000(price: 61422.228144277455, expected: &quot;61422.23 zł&quot;)" storage="c:\projekty\xunittestproject\bin\debug\netcoreapp3.1\xunittestproject.dll" id="7994a7d4-0fa0-5377-671c-ab94321aaf57">
      <Execution id="0d45e322-84d1-4a33-a926-02280f258a99" />
      <TestMethod codeBase="C:\Projekty\xUnitTestProject\bin\Debug\netcoreapp3.1\xUnitTestProject.dll" adapterTypeName="executor://xunit/VsTestRunner2/netcoreapp" className="xUnitTestProject.CurrencyHelperTests" name="FormatToStringTest1000" />
    </UnitTest>
    <UnitTest name="xUnitTestProject.CurrencyHelperTests.FormatToStringTest1000(price: 3030.9461949132133, expected: &quot;3030.95 zł&quot;)" storage="c:\projekty\xunittestproject\bin\debug\netcoreapp3.1\xunittestproject.dll" id="c21a2737-6b36-8691-5404-6629a58d4529">
      <Execution id="aaa0ccd1-ff3d-4d44-a2ef-853c5c18519d" />
      <TestMethod codeBase="C:\Projekty\xUnitTestProject\bin\Debug\netcoreapp3.1\xUnitTestProject.dll" adapterTypeName="executor://xunit/VsTestRunner2/netcoreapp" className="xUnitTestProject.CurrencyHelperTests" name="FormatToStringTest1000" />
    </UnitTest>
    <UnitTest name="xUnitTestProject.CurrencyHelperTests.FormatToStringTest1000(price: 7890.044272348771, expected: &quot;7890.04 zł&quot;)" storage="c:\projekty\xunittestproject\bin\debug\netcoreapp3.1\xunittestproject.dll" id="5a93f8c6-dddb-38ff-5f2b-b7e5cc3ddb6a">
      <Execution id="cadc5cfb-eb89-446f-88ad-fc0e4f90b9f0" />
      <TestMethod codeBase="C:\Projekty\xUnitTestProject\bin\Debug\netcoreapp3.1\xUnitTestProject.dll" adapterTypeName="executor://xunit/VsTestRunner2/netcoreapp" className="xUnitTestProject.CurrencyHelperTests" name="FormatToStringTest1000" />
    </UnitTest>
    <UnitTest name="xUnitTestProject.CurrencyHelperTests.FormatToStringTest1000(price: 2929.267390865026, expected: &quot;2929.27 zł&quot;)" storage="c:\projekty\xunittestproject\bin\debug\netcoreapp3.1\xunittestproject.dll" id="13bfc4cd-00bc-fb12-3861-f69dc4145d67">
      <Execution id="41570604-d466-4259-8504-e4d0d8602a4e" />
      <TestMethod codeBase="C:\Projekty\xUnitTestProject\bin\Debug\netcoreapp3.1\xUnitTestProject.dll" adapterTypeName="executor://xunit/VsTestRunner2/netcoreapp" className="xUnitTestProject.CurrencyHelperTests" name="FormatToStringTest1000" />
    </UnitTest>
    <UnitTest name="xUnitTestProject.CurrencyHelperTests.FormatToStringTest1000(price: 19071.681252896637, expected: &quot;19071.68 zł&quot;)" storage="c:\projekty\xunittestproject\bin\debug\netcoreapp3.1\xunittestproject.dll" id="cb40e0a5-2f70-a60d-407b-51d7d2d25955">
      <Execution id="3be5cbfe-34b1-41f9-8717-8aaff46b45db" />
      <TestMethod codeBase="C:\Projekty\xUnitTestProject\bin\Debug\netcoreapp3.1\xUnitTestProject.dll" adapterTypeName="executor://xunit/VsTestRunner2/netcoreapp" className="xUnitTestProject.CurrencyHelperTests" name="FormatToStringTest1000" />
    </UnitTest>
    <UnitTest name="xUnitTestProject.CurrencyHelperTests.FormatToStringTest1000(price: 20068.867046961965, expected: &quot;20068.87 zł&quot;)" storage="c:\projekty\xunittestproject\bin\debug\netcoreapp3.1\xunittestproject.dll" id="cbab0896-310f-9613-16bf-ed68cf4f09cd">
      <Execution id="67b23405-a611-4f03-aa28-a02c3ee02b44" />
      <TestMethod codeBase="C:\Projekty\xUnitTestProject\bin\Debug\netcoreapp3.1\xUnitTestProject.dll" adapterTypeName="executor://xunit/VsTestRunner2/netcoreapp" className="xUnitTestProject.CurrencyHelperTests" name="FormatToStringTest1000" />
    </UnitTest>
    <UnitTest name="xUnitTestProject.CurrencyHelperTests.FormatToStringTest1000(price: 70432.00656616595, expected: &quot;70432.01 zł&quot;)" storage="c:\projekty\xunittestproject\bin\debug\netcoreapp3.1\xunittestproject.dll" id="578b5b4c-08d1-6f2c-3cf8-070bb75c9b96">
      <Execution id="d0285621-4561-444b-a68c-fac7d18d6a34" />
      <TestMethod codeBase="C:\Projekty\xUnitTestProject\bin\Debug\netcoreapp3.1\xUnitTestProject.dll" adapterTypeName="executor://xunit/VsTestRunner2/netcoreapp" className="xUnitTestProject.CurrencyHelperTests" name="FormatToStringTest1000" />
    </UnitTest>
    <UnitTest name="xUnitTestProject.CurrencyHelperTests.FormatToStringTest1000(price: 5507.360659962688, expected: &quot;5507.36 zł&quot;)" storage="c:\projekty\xunittestproject\bin\debug\netcoreapp3.1\xunittestproject.dll" id="53367b44-34c3-c14f-ebad-d28df1741450">
      <Execution id="738667d3-9e4b-49d3-872c-acf6fca23cbb" />
      <TestMethod codeBase="C:\Projekty\xUnitTestProject\bin\Debug\netcoreapp3.1\xUnitTestProject.dll" adapterTypeName="executor://xunit/VsTestRunner2/netcoreapp" className="xUnitTestProject.CurrencyHelperTests" name="FormatToStringTest1000" />
    </UnitTest>
    <UnitTest name="xUnitTestProject.CurrencyHelperTests.FormatToStringTest1000(price: 10527.083945901639, expected: &quot;10527.08 zł&quot;)" storage="c:\projekty\xunittestproject\bin\debug\netcoreapp3.1\xunittestproject.dll" id="d493c8e9-cfea-2fc7-4acb-79ca91dde5f0">
      <Execution id="4b27eb28-8a08-4375-9fa8-ef618d1a6e9c" />
      <TestMethod codeBase="C:\Projekty\xUnitTestProject\bin\Debug\netcoreapp3.1\xUnitTestProject.dll" adapterTypeName="executor://xunit/VsTestRunner2/netcoreapp" className="xUnitTestProject.CurrencyHelperTests" name="FormatToStringTest1000" />
    </UnitTest>
    <UnitTest name="xUnitTestProject.CurrencyHelperTests.FormatToStringTest1000(price: 59283.48311990662, expected: &quot;59283.48 zł&quot;)" storage="c:\projekty\xunittestproject\bin\debug\netcoreapp3.1\xunittestproject.dll" id="30db28b2-ac34-8d8e-c566-68b2f6bb1d51">
      <Execution id="62a1f3a2-5778-4972-9d7e-521e88f9e53f" />
      <TestMethod codeBase="C:\Projekty\xUnitTestProject\bin\Debug\netcoreapp3.1\xUnitTestProject.dll" adapterTypeName="executor://xunit/VsTestRunner2/netcoreapp" className="xUnitTestProject.CurrencyHelperTests" name="FormatToStringTest1000" />
    </UnitTest>
    <UnitTest name="xUnitTestProject.CurrencyHelperTests.FormatToStringTest1000(price: 27187.549022783314, expected: &quot;27187.55 zł&quot;)" storage="c:\projekty\xunittestproject\bin\debug\netcoreapp3.1\xunittestproject.dll" id="9af46142-b025-7ff1-cd86-b161fef30f97">
      <Execution id="29ab8203-8958-4609-bfe3-7d3382c9138d" />
      <TestMethod codeBase="C:\Projekty\xUnitTestProject\bin\Debug\netcoreapp3.1\xUnitTestProject.dll" adapterTypeName="executor://xunit/VsTestRunner2/netcoreapp" className="xUnitTestProject.CurrencyHelperTests" name="FormatToStringTest1000" />
    </UnitTest>
    <UnitTest name="xUnitTestProject.CurrencyHelperTests.FormatToStringTest1000(price: 38253.101637909705, expected: &quot;38253.10 zł&quot;)" storage="c:\projekty\xunittestproject\bin\debug\netcoreapp3.1\xunittestproject.dll" id="386de361-29e9-e772-105e-fd42e87ecfec">
      <Execution id="2c6a4e13-ec36-4c2f-96c3-7fab715e3775" />
      <TestMethod codeBase="C:\Projekty\xUnitTestProject\bin\Debug\netcoreapp3.1\xUnitTestProject.dll" adapterTypeName="executor://xunit/VsTestRunner2/netcoreapp" className="xUnitTestProject.CurrencyHelperTests" name="FormatToStringTest1000" />
    </UnitTest>
    <UnitTest name="xUnitTestProject.CurrencyHelperTests.FormatToStringTest1000(price: 1474.699818629166, expected: &quot;1474.70 zł&quot;)" storage="c:\projekty\xunittestproject\bin\debug\netcoreapp3.1\xunittestproject.dll" id="f9dc9c7a-bf0e-4c02-1f2d-1fd4e69c7538">
      <Execution id="d37cde03-61f5-4393-8bd7-8d959fe9ba79" />
      <TestMethod codeBase="C:\Projekty\xUnitTestProject\bin\Debug\netcoreapp3.1\xUnitTestProject.dll" adapterTypeName="executor://xunit/VsTestRunner2/netcoreapp" className="xUnitTestProject.CurrencyHelperTests" name="FormatToStringTest1000" />
    </UnitTest>
    <UnitTest name="xUnitTestProject.CurrencyHelperTests.FormatToStringTest1000(price: 4669.392596858271, expected: &quot;4669.39 zł&quot;)" storage="c:\projekty\xunittestproject\bin\debug\netcoreapp3.1\xunittestproject.dll" id="d4f3c378-b93a-d1d1-d97b-d57a65cd57e1">
      <Execution id="540728c9-238f-45cf-b4ac-663342f93558" />
      <TestMethod codeBase="C:\Projekty\xUnitTestProject\bin\Debug\netcoreapp3.1\xUnitTestProject.dll" adapterTypeName="executor://xunit/VsTestRunner2/netcoreapp" className="xUnitTestProject.CurrencyHelperTests" name="FormatToStringTest1000" />
    </UnitTest>
    <UnitTest name="xUnitTestProject.CurrencyHelperTests.FormatToStringTest1000(price: 5022.470719070859, expected: &quot;5022.47 zł&quot;)" storage="c:\projekty\xunittestproject\bin\debug\netcoreapp3.1\xunittestproject.dll" id="c7272717-4c66-ee9c-96d1-b74d86b61eb8">
      <Execution id="c82e0124-1a8b-4c77-a99b-0a427f13d1a6" />
      <TestMethod codeBase="C:\Projekty\xUnitTestProject\bin\Debug\netcoreapp3.1\xUnitTestProject.dll" adapterTypeName="executor://xunit/VsTestRunner2/netcoreapp" className="xUnitTestProject.CurrencyHelperTests" name="FormatToStringTest1000" />
    </UnitTest>
    <UnitTest name="xUnitTestProject.CurrencyHelperTests.FormatToStringTest1000(price: 3700.029953029021, expected: &quot;3700.03 zł&quot;)" storage="c:\projekty\xunittestproject\bin\debug\netcoreapp3.1\xunittestproject.dll" id="3172308c-0e5e-05a2-a398-90977e0ab705">
      <Execution id="41b969ba-cb2d-4998-9940-5744c889d7cc" />
      <TestMethod codeBase="C:\Projekty\xUnitTestProject\bin\Debug\netcoreapp3.1\xUnitTestProject.dll" adapterTypeName="executor://xunit/VsTestRunner2/netcoreapp" className="xUnitTestProject.CurrencyHelperTests" name="FormatToStringTest1000" />
    </UnitTest>
    <UnitTest name="xUnitTestProject.CurrencyHelperTests.FormatToStringTest1000(price: 41876.979471482795, expected: &quot;41876.98 zł&quot;)" storage="c:\projekty\xunittestproject\bin\debug\netcoreapp3.1\xunittestproject.dll" id="e9257337-b714-27d4-32a8-94e3008408f8">
      <Execution id="080ff237-0222-4b73-a45f-79432ce77a42" />
      <TestMethod codeBase="C:\Projekty\xUnitTestProject\bin\Debug\netcoreapp3.1\xUnitTestProject.dll" adapterTypeName="executor://xunit/VsTestRunner2/netcoreapp" className="xUnitTestProject.CurrencyHelperTests" name="FormatToStringTest1000" />
    </UnitTest>
    <UnitTest name="xUnitTestProject.CurrencyHelperTests.FormatToStringTest1000(price: 66764.31690498316, expected: &quot;66764.32 zł&quot;)" storage="c:\projekty\xunittestproject\bin\debug\netcoreapp3.1\xunittestproject.dll" id="d1db99c9-780d-a1a8-cf4e-cc5ed7bbc5dc">
      <Execution id="bbd65a1d-e308-4c87-9c43-1c1129a60ef9" />
      <TestMethod codeBase="C:\Projekty\xUnitTestProject\bin\Debug\netcoreapp3.1\xUnitTestProject.dll" adapterTypeName="executor://xunit/VsTestRunner2/netcoreapp" className="xUnitTestProject.CurrencyHelperTests" name="FormatToStringTest1000" />
    </UnitTest>
    <UnitTest name="xUnitTestProject.CurrencyHelperTests.FormatToStringTest1000(price: 5504.094303639184, expected: &quot;5504.09 zł&quot;)" storage="c:\projekty\xunittestproject\bin\debug\netcoreapp3.1\xunittestproject.dll" id="a1fbb77d-adf8-8ccd-4022-16be128e7ade">
      <Execution id="45f4cbcc-3eac-488d-9ed9-c8832c46eb54" />
      <TestMethod codeBase="C:\Projekty\xUnitTestProject\bin\Debug\netcoreapp3.1\xUnitTestProject.dll" adapterTypeName="executor://xunit/VsTestRunner2/netcoreapp" className="xUnitTestProject.CurrencyHelperTests" name="FormatToStringTest1000" />
    </UnitTest>
    <UnitTest name="xUnitTestProject.CurrencyHelperTests.FormatToStringTest1000(price: 32821.05661472215, expected: &quot;32821.06 zł&quot;)" storage="c:\projekty\xunittestproject\bin\debug\netcoreapp3.1\xunittestproject.dll" id="a23aab13-e7cd-0855-c1ee-3a27796bc390">
      <Execution id="0c89bb0c-7880-4ece-aaeb-a9335457fe99" />
      <TestMethod codeBase="C:\Projekty\xUnitTestProject\bin\Debug\netcoreapp3.1\xUnitTestProject.dll" adapterTypeName="executor://xunit/VsTestRunner2/netcoreapp" className="xUnitTestProject.CurrencyHelperTests" name="FormatToStringTest1000" />
    </UnitTest>
    <UnitTest name="xUnitTestProject.CurrencyHelperTests.FormatToStringTest1000(price: 30807.823896702295, expected: &quot;30807.82 zł&quot;)" storage="c:\projekty\xunittestproject\bin\debug\netcoreapp3.1\xunittestproject.dll" id="f308d529-c66b-0a68-1a35-9384b1697bbf">
      <Execution id="6e72fb7c-4e5f-4734-beac-6f9cd28082e2" />
      <TestMethod codeBase="C:\Projekty\xUnitTestProject\bin\Debug\netcoreapp3.1\xUnitTestProject.dll" adapterTypeName="executor://xunit/VsTestRunner2/netcoreapp" className="xUnitTestProject.CurrencyHelperTests" name="FormatToStringTest1000" />
    </UnitTest>
    <UnitTest name="xUnitTestProject.CurrencyHelperTests.FormatToStringTest1000(price: 36211.11038300866, expected: &quot;36211.11 zł&quot;)" storage="c:\projekty\xunittestproject\bin\debug\netcoreapp3.1\xunittestproject.dll" id="69ed80be-ebbe-cd3a-42e2-f7807046c259">
      <Execution id="0e54c26c-933b-4c46-a24f-7f30997482fb" />
      <TestMethod codeBase="C:\Projekty\xUnitTestProject\bin\Debug\netcoreapp3.1\xUnitTestProject.dll" adapterTypeName="executor://xunit/VsTestRunner2/netcoreapp" className="xUnitTestProject.CurrencyHelperTests" name="FormatToStringTest1000" />
    </UnitTest>
    <UnitTest name="xUnitTestProject.CurrencyHelperTests.FormatToStringTest1000(price: 24024.14691439557, expected: &quot;24024.15 zł&quot;)" storage="c:\projekty\xunittestproject\bin\debug\netcoreapp3.1\xunittestproject.dll" id="9764b852-f92a-9e33-a48d-5ba73babe5d1">
      <Execution id="7bd270dd-acf5-464a-8d5f-061b3b0f8ec6" />
      <TestMethod codeBase="C:\Projekty\xUnitTestProject\bin\Debug\netcoreapp3.1\xUnitTestProject.dll" adapterTypeName="executor://xunit/VsTestRunner2/netcoreapp" className="xUnitTestProject.CurrencyHelperTests" name="FormatToStringTest1000" />
    </UnitTest>
    <UnitTest name="xUnitTestProject.CurrencyHelperTests.FormatToStringTest1000(price: 5398.2412667191775, expected: &quot;5398.24 zł&quot;)" storage="c:\projekty\xunittestproject\bin\debug\netcoreapp3.1\xunittestproject.dll" id="364fda16-bd4c-3aa8-1597-b73653a15603">
      <Execution id="071c9dd3-5a06-4669-b68d-b0029bf8d6ec" />
      <TestMethod codeBase="C:\Projekty\xUnitTestProject\bin\Debug\netcoreapp3.1\xUnitTestProject.dll" adapterTypeName="executor://xunit/VsTestRunner2/netcoreapp" className="xUnitTestProject.CurrencyHelperTests" name="FormatToStringTest1000" />
    </UnitTest>
    <UnitTest name="xUnitTestProject.CurrencyHelperTests.FormatToStringTest1000(price: 11904.111251175456, expected: &quot;11904.11 zł&quot;)" storage="c:\projekty\xunittestproject\bin\debug\netcoreapp3.1\xunittestproject.dll" id="688da5e9-d12f-3e2c-c7dd-72c1a87d6a78">
      <Execution id="26ef6043-f138-4f8a-8eb4-75f4b1241bfb" />
      <TestMethod codeBase="C:\Projekty\xUnitTestProject\bin\Debug\netcoreapp3.1\xUnitTestProject.dll" adapterTypeName="executor://xunit/VsTestRunner2/netcoreapp" className="xUnitTestProject.CurrencyHelperTests" name="FormatToStringTest1000" />
    </UnitTest>
    <UnitTest name="xUnitTestProject.CurrencyHelperTests.FormatToStringTest1000(price: 14198.39903067723, expected: &quot;14198.40 zł&quot;)" storage="c:\projekty\xunittestproject\bin\debug\netcoreapp3.1\xunittestproject.dll" id="814b2061-14f5-c810-0eca-e8431104105a">
      <Execution id="89c21a67-0d3f-41a3-a247-c37553153a08" />
      <TestMethod codeBase="C:\Projekty\xUnitTestProject\bin\Debug\netcoreapp3.1\xUnitTestProject.dll" adapterTypeName="executor://xunit/VsTestRunner2/netcoreapp" className="xUnitTestProject.CurrencyHelperTests" name="FormatToStringTest1000" />
    </UnitTest>
    <UnitTest name="xUnitTestProject.CurrencyHelperTests.FormatToStringTest1000(price: 27942.393876474067, expected: &quot;27942.39 zł&quot;)" storage="c:\projekty\xunittestproject\bin\debug\netcoreapp3.1\xunittestproject.dll" id="92bde5bc-af9c-6dbe-10ea-7012e494fcd9">
      <Execution id="541893ab-14bd-4f9d-a35f-5e6e2629f097" />
      <TestMethod codeBase="C:\Projekty\xUnitTestProject\bin\Debug\netcoreapp3.1\xUnitTestProject.dll" adapterTypeName="executor://xunit/VsTestRunner2/netcoreapp" className="xUnitTestProject.CurrencyHelperTests" name="FormatToStringTest1000" />
    </UnitTest>
    <UnitTest name="xUnitTestProject.CurrencyHelperTests.FormatToStringTest1000(price: 45887.58415794167, expected: &quot;45887.58 zł&quot;)" storage="c:\projekty\xunittestproject\bin\debug\netcoreapp3.1\xunittestproject.dll" id="8e844c73-d78c-9c16-d82a-bbf068ddf1ce">
      <Execution id="a77ecf2b-f8c0-4d83-b961-8b8fff2e46dd" />
      <TestMethod codeBase="C:\Projekty\xUnitTestProject\bin\Debug\netcoreapp3.1\xUnitTestProject.dll" adapterTypeName="executor://xunit/VsTestRunner2/netcoreapp" className="xUnitTestProject.CurrencyHelperTests" name="FormatToStringTest1000" />
    </UnitTest>
    <UnitTest name="xUnitTestProject.CurrencyHelperTests.FormatToStringTest1000(price: 15639.704937780603, expected: &quot;15639.70 zł&quot;)" storage="c:\projekty\xunittestproject\bin\debug\netcoreapp3.1\xunittestproject.dll" id="a188d29e-24f4-14f6-3109-f28ee9929456">
      <Execution id="775a1a79-16bc-43c2-bd22-3068009e32c8" />
      <TestMethod codeBase="C:\Projekty\xUnitTestProject\bin\Debug\netcoreapp3.1\xUnitTestProject.dll" adapterTypeName="executor://xunit/VsTestRunner2/netcoreapp" className="xUnitTestProject.CurrencyHelperTests" name="FormatToStringTest1000" />
    </UnitTest>
    <UnitTest name="xUnitTestProject.CurrencyHelperTests.FormatToStringTest1000(price: 24729.333280806586, expected: &quot;24729.33 zł&quot;)" storage="c:\projekty\xunittestproject\bin\debug\netcoreapp3.1\xunittestproject.dll" id="1536b0a9-7189-743d-a273-29feae6f0843">
      <Execution id="39a07c5e-bc31-45e0-9ef1-ca7b69760b66" />
      <TestMethod codeBase="C:\Projekty\xUnitTestProject\bin\Debug\netcoreapp3.1\xUnitTestProject.dll" adapterTypeName="executor://xunit/VsTestRunner2/netcoreapp" className="xUnitTestProject.CurrencyHelperTests" name="FormatToStringTest1000" />
    </UnitTest>
    <UnitTest name="xUnitTestProject.CurrencyHelperTests.FormatToStringTest1000(price: 58459.03113649601, expected: &quot;58459.03 zł&quot;)" storage="c:\projekty\xunittestproject\bin\debug\netcoreapp3.1\xunittestproject.dll" id="f62ec529-2064-feb0-d217-30e62f8296ba">
      <Execution id="f5447169-038d-47f0-a99e-2d6cba4da71f" />
      <TestMethod codeBase="C:\Projekty\xUnitTestProject\bin\Debug\netcoreapp3.1\xUnitTestProject.dll" adapterTypeName="executor://xunit/VsTestRunner2/netcoreapp" className="xUnitTestProject.CurrencyHelperTests" name="FormatToStringTest1000" />
    </UnitTest>
    <UnitTest name="xUnitTestProject.CurrencyHelperTests.FormatToStringTest1000(price: 32216.686763396807, expected: &quot;32216.69 zł&quot;)" storage="c:\projekty\xunittestproject\bin\debug\netcoreapp3.1\xunittestproject.dll" id="c09fd9f3-56b2-979f-b5dc-a5cbb3bb898a">
      <Execution id="fc78377d-afdd-4d5a-a4f0-89b61710a61e" />
      <TestMethod codeBase="C:\Projekty\xUnitTestProject\bin\Debug\netcoreapp3.1\xUnitTestProject.dll" adapterTypeName="executor://xunit/VsTestRunner2/netcoreapp" className="xUnitTestProject.CurrencyHelperTests" name="FormatToStringTest1000" />
    </UnitTest>
    <UnitTest name="xUnitTestProject.CurrencyHelperTests.FormatToStringTest1000(price: 22678.795878462864, expected: &quot;22678.80 zł&quot;)" storage="c:\projekty\xunittestproject\bin\debug\netcoreapp3.1\xunittestproject.dll" id="1986b1a1-c98c-3d3a-7942-85a1e1c43315">
      <Execution id="f64eebc8-6ae6-462f-b248-3de67db827f9" />
      <TestMethod codeBase="C:\Projekty\xUnitTestProject\bin\Debug\netcoreapp3.1\xUnitTestProject.dll" adapterTypeName="executor://xunit/VsTestRunner2/netcoreapp" className="xUnitTestProject.CurrencyHelperTests" name="FormatToStringTest1000" />
    </UnitTest>
    <UnitTest name="xUnitTestProject.CurrencyHelperTests.FormatToStringTest1000(price: 14237.13226245955, expected: &quot;14237.13 zł&quot;)" storage="c:\projekty\xunittestproject\bin\debug\netcoreapp3.1\xunittestproject.dll" id="5e9f654f-dd64-8138-30a6-1dc5f11cf83a">
      <Execution id="47871d66-15d4-4969-9065-e279ee88ef00" />
      <TestMethod codeBase="C:\Projekty\xUnitTestProject\bin\Debug\netcoreapp3.1\xUnitTestProject.dll" adapterTypeName="executor://xunit/VsTestRunner2/netcoreapp" className="xUnitTestProject.CurrencyHelperTests" name="FormatToStringTest1000" />
    </UnitTest>
    <UnitTest name="xUnitTestProject.CurrencyHelperTests.FormatToStringTest1000(price: 9628.688698104437, expected: &quot;9628.69 zł&quot;)" storage="c:\projekty\xunittestproject\bin\debug\netcoreapp3.1\xunittestproject.dll" id="3fa92d95-7719-c247-fd7d-28cef4c98170">
      <Execution id="e67949e2-acaa-496d-81c1-9d4007a6693a" />
      <TestMethod codeBase="C:\Projekty\xUnitTestProject\bin\Debug\netcoreapp3.1\xUnitTestProject.dll" adapterTypeName="executor://xunit/VsTestRunner2/netcoreapp" className="xUnitTestProject.CurrencyHelperTests" name="FormatToStringTest1000" />
    </UnitTest>
    <UnitTest name="xUnitTestProject.CurrencyHelperTests.FormatToStringTest1000(price: 11922.837782177532, expected: &quot;11922.84 zł&quot;)" storage="c:\projekty\xunittestproject\bin\debug\netcoreapp3.1\xunittestproject.dll" id="9e60da1f-2da8-eacc-63f9-9c91b8a7e042">
      <Execution id="79539a94-fc11-49e0-890c-e2544708c0b5" />
      <TestMethod codeBase="C:\Projekty\xUnitTestProject\bin\Debug\netcoreapp3.1\xUnitTestProject.dll" adapterTypeName="executor://xunit/VsTestRunner2/netcoreapp" className="xUnitTestProject.CurrencyHelperTests" name="FormatToStringTest1000" />
    </UnitTest>
    <UnitTest name="xUnitTestProject.CurrencyHelperTests.FormatToStringTest1000(price: 10324.538670147089, expected: &quot;10324.54 zł&quot;)" storage="c:\projekty\xunittestproject\bin\debug\netcoreapp3.1\xunittestproject.dll" id="4f6b94b9-8c0a-f905-af50-086f7c071ad9">
      <Execution id="27266ed8-c367-4bda-85ba-cdf0dce09150" />
      <TestMethod codeBase="C:\Projekty\xUnitTestProject\bin\Debug\netcoreapp3.1\xUnitTestProject.dll" adapterTypeName="executor://xunit/VsTestRunner2/netcoreapp" className="xUnitTestProject.CurrencyHelperTests" name="FormatToStringTest1000" />
    </UnitTest>
    <UnitTest name="xUnitTestProject.CurrencyHelperTests.FormatToStringTest1000(price: 1860.3356292016504, expected: &quot;1860.34 zł&quot;)" storage="c:\projekty\xunittestproject\bin\debug\netcoreapp3.1\xunittestproject.dll" id="084c3ea0-3fae-0089-ccac-97b8aadd0b60">
      <Execution id="5c8f968a-c816-4ae5-b822-d9b38208f840" />
      <TestMethod codeBase="C:\Projekty\xUnitTestProject\bin\Debug\netcoreapp3.1\xUnitTestProject.dll" adapterTypeName="executor://xunit/VsTestRunner2/netcoreapp" className="xUnitTestProject.CurrencyHelperTests" name="FormatToStringTest1000" />
    </UnitTest>
    <UnitTest name="xUnitTestProject.CurrencyHelperTests.FormatToStringTest1000(price: 33699.13042082038, expected: &quot;33699.13 zł&quot;)" storage="c:\projekty\xunittestproject\bin\debug\netcoreapp3.1\xunittestproject.dll" id="ef111b7b-895d-e083-171f-1b45ef31d01a">
      <Execution id="13d8ecce-a074-49e2-a894-0c3d72e95027" />
      <TestMethod codeBase="C:\Projekty\xUnitTestProject\bin\Debug\netcoreapp3.1\xUnitTestProject.dll" adapterTypeName="executor://xunit/VsTestRunner2/netcoreapp" className="xUnitTestProject.CurrencyHelperTests" name="FormatToStringTest1000" />
    </UnitTest>
    <UnitTest name="xUnitTestProject.CurrencyHelperTests.FormatToStringTest1000(price: 41873.517751020154, expected: &quot;41873.52 zł&quot;)" storage="c:\projekty\xunittestproject\bin\debug\netcoreapp3.1\xunittestproject.dll" id="a32f3872-61d2-3bb4-5952-f9f7fd09a236">
      <Execution id="1cc70188-ce77-4c5b-b6ed-9208de830213" />
      <TestMethod codeBase="C:\Projekty\xUnitTestProject\bin\Debug\netcoreapp3.1\xUnitTestProject.dll" adapterTypeName="executor://xunit/VsTestRunner2/netcoreapp" className="xUnitTestProject.CurrencyHelperTests" name="FormatToStringTest1000" />
    </UnitTest>
    <UnitTest name="xUnitTestProject.CurrencyHelperTests.FormatToStringTest1000(price: 6145.531235831571, expected: &quot;6145.53 zł&quot;)" storage="c:\projekty\xunittestproject\bin\debug\netcoreapp3.1\xunittestproject.dll" id="235eb381-d2e3-8caa-5888-040fb729169a">
      <Execution id="e682a37f-4f79-4a35-a76c-5ca27cfa7935" />
      <TestMethod codeBase="C:\Projekty\xUnitTestProject\bin\Debug\netcoreapp3.1\xUnitTestProject.dll" adapterTypeName="executor://xunit/VsTestRunner2/netcoreapp" className="xUnitTestProject.CurrencyHelperTests" name="FormatToStringTest1000" />
    </UnitTest>
    <UnitTest name="xUnitTestProject.CurrencyHelperTests.FormatToStringTest1000(price: 88584.97010041306, expected: &quot;88584.97 zł&quot;)" storage="c:\projekty\xunittestproject\bin\debug\netcoreapp3.1\xunittestproject.dll" id="bf0f3eb7-c08a-24a8-fd8d-3d7e3051107b">
      <Execution id="f6366e7d-e213-490d-9ba6-d9aa9695b875" />
      <TestMethod codeBase="C:\Projekty\xUnitTestProject\bin\Debug\netcoreapp3.1\xUnitTestProject.dll" adapterTypeName="executor://xunit/VsTestRunner2/netcoreapp" className="xUnitTestProject.CurrencyHelperTests" name="FormatToStringTest1000" />
    </UnitTest>
    <UnitTest name="xUnitTestProject.CurrencyHelperTests.FormatToStringTest1000(price: 2346.9964869427477, expected: &quot;2347.00 zł&quot;)" storage="c:\projekty\xunittestproject\bin\debug\netcoreapp3.1\xunittestproject.dll" id="d9756703-fed3-1fb8-7195-5dae810af3cf">
      <Execution id="5c71e344-3682-4d90-8dcd-01b842d54fbc" />
      <TestMethod codeBase="C:\Projekty\xUnitTestProject\bin\Debug\netcoreapp3.1\xUnitTestProject.dll" adapterTypeName="executor://xunit/VsTestRunner2/netcoreapp" className="xUnitTestProject.CurrencyHelperTests" name="FormatToStringTest1000" />
    </UnitTest>
    <UnitTest name="xUnitTestProject.CurrencyHelperTests.FormatToStringTest1000(price: 41915.7945284563, expected: &quot;41915.79 zł&quot;)" storage="c:\projekty\xunittestproject\bin\debug\netcoreapp3.1\xunittestproject.dll" id="fa34dc68-0a28-d88d-9f8e-755de73cf02d">
      <Execution id="93840e87-bf97-4b1e-85f8-4262ed0b365a" />
      <TestMethod codeBase="C:\Projekty\xUnitTestProject\bin\Debug\netcoreapp3.1\xUnitTestProject.dll" adapterTypeName="executor://xunit/VsTestRunner2/netcoreapp" className="xUnitTestProject.CurrencyHelperTests" name="FormatToStringTest1000" />
    </UnitTest>
    <UnitTest name="xUnitTestProject.CurrencyHelperTests.FormatToStringTest1000(price: 56378.261944644735, expected: &quot;56378.26 zł&quot;)" storage="c:\projekty\xunittestproject\bin\debug\netcoreapp3.1\xunittestproject.dll" id="e3f04803-c378-ce39-94cd-bd430620d6cb">
      <Execution id="dfa3fdca-1791-4cc9-ad1f-5535f1dbe40f" />
      <TestMethod codeBase="C:\Projekty\xUnitTestProject\bin\Debug\netcoreapp3.1\xUnitTestProject.dll" adapterTypeName="executor://xunit/VsTestRunner2/netcoreapp" className="xUnitTestProject.CurrencyHelperTests" name="FormatToStringTest1000" />
    </UnitTest>
    <UnitTest name="xUnitTestProject.CurrencyHelperTests.FormatToStringTest1000(price: 10857.521742201186, expected: &quot;10857.52 zł&quot;)" storage="c:\projekty\xunittestproject\bin\debug\netcoreapp3.1\xunittestproject.dll" id="bafee3ee-9889-56d2-8e3d-2c651a7649c3">
      <Execution id="c4c11b75-8ac7-4b23-a9b3-b28b349c06a4" />
      <TestMethod codeBase="C:\Projekty\xUnitTestProject\bin\Debug\netcoreapp3.1\xUnitTestProject.dll" adapterTypeName="executor://xunit/VsTestRunner2/netcoreapp" className="xUnitTestProject.CurrencyHelperTests" name="FormatToStringTest1000" />
    </UnitTest>
    <UnitTest name="xUnitTestProject.CurrencyHelperTests.FormatToStringTest1000(price: 158.49784791027093, expected: &quot;158.50 zł&quot;)" storage="c:\projekty\xunittestproject\bin\debug\netcoreapp3.1\xunittestproject.dll" id="b82e8809-4def-9359-7a57-795e7616c335">
      <Execution id="8968f179-5c24-4157-870c-1e2afe0353df" />
      <TestMethod codeBase="C:\Projekty\xUnitTestProject\bin\Debug\netcoreapp3.1\xUnitTestProject.dll" adapterTypeName="executor://xunit/VsTestRunner2/netcoreapp" className="xUnitTestProject.CurrencyHelperTests" name="FormatToStringTest1000" />
    </UnitTest>
    <UnitTest name="xUnitTestProject.CurrencyHelperTests.FormatToStringTest1000(price: 76751.79413498091, expected: &quot;76751.79 zł&quot;)" storage="c:\projekty\xunittestproject\bin\debug\netcoreapp3.1\xunittestproject.dll" id="c7ef87e2-e6d0-89f1-fa1a-3a161b3248e2">
      <Execution id="1c9709d8-7481-47ed-9c1a-f05a746062d2" />
      <TestMethod codeBase="C:\Projekty\xUnitTestProject\bin\Debug\netcoreapp3.1\xUnitTestProject.dll" adapterTypeName="executor://xunit/VsTestRunner2/netcoreapp" className="xUnitTestProject.CurrencyHelperTests" name="FormatToStringTest1000" />
    </UnitTest>
    <UnitTest name="xUnitTestProject.CurrencyHelperTests.FormatToStringTest1000(price: 5247.779940802501, expected: &quot;5247.78 zł&quot;)" storage="c:\projekty\xunittestproject\bin\debug\netcoreapp3.1\xunittestproject.dll" id="3298d961-bdaa-633a-0d61-33079be298ce">
      <Execution id="2f965677-ea0a-4962-a073-829e88226ff3" />
      <TestMethod codeBase="C:\Projekty\xUnitTestProject\bin\Debug\netcoreapp3.1\xUnitTestProject.dll" adapterTypeName="executor://xunit/VsTestRunner2/netcoreapp" className="xUnitTestProject.CurrencyHelperTests" name="FormatToStringTest1000" />
    </UnitTest>
    <UnitTest name="xUnitTestProject.CurrencyHelperTests.FormatToStringTest1000(price: 25272.05048361283, expected: &quot;25272.05 zł&quot;)" storage="c:\projekty\xunittestproject\bin\debug\netcoreapp3.1\xunittestproject.dll" id="40134df2-77e4-6143-ea6f-23ae0fbd39f3">
      <Execution id="d6cbedfd-76d5-4210-84cd-7733cdf101c7" />
      <TestMethod codeBase="C:\Projekty\xUnitTestProject\bin\Debug\netcoreapp3.1\xUnitTestProject.dll" adapterTypeName="executor://xunit/VsTestRunner2/netcoreapp" className="xUnitTestProject.CurrencyHelperTests" name="FormatToStringTest1000" />
    </UnitTest>
    <UnitTest name="xUnitTestProject.CurrencyHelperTests.FormatToStringTest1000(price: 3274.481392617096, expected: &quot;3274.48 zł&quot;)" storage="c:\projekty\xunittestproject\bin\debug\netcoreapp3.1\xunittestproject.dll" id="dd2dd033-1470-57eb-5d97-02eb255fcb1f">
      <Execution id="92b48db0-4ecf-43c3-8fd6-b1a1510a5557" />
      <TestMethod codeBase="C:\Projekty\xUnitTestProject\bin\Debug\netcoreapp3.1\xUnitTestProject.dll" adapterTypeName="executor://xunit/VsTestRunner2/netcoreapp" className="xUnitTestProject.CurrencyHelperTests" name="FormatToStringTest1000" />
    </UnitTest>
    <UnitTest name="xUnitTestProject.CurrencyHelperTests.FormatToStringTest1000(price: 2901.9683054191846, expected: &quot;2901.97 zł&quot;)" storage="c:\projekty\xunittestproject\bin\debug\netcoreapp3.1\xunittestproject.dll" id="b38d539d-6069-d89f-5c5e-102a8255e594">
      <Execution id="72af5b94-8175-461d-b7eb-ce1f95e902f1" />
      <TestMethod codeBase="C:\Projekty\xUnitTestProject\bin\Debug\netcoreapp3.1\xUnitTestProject.dll" adapterTypeName="executor://xunit/VsTestRunner2/netcoreapp" className="xUnitTestProject.CurrencyHelperTests" name="FormatToStringTest1000" />
    </UnitTest>
    <UnitTest name="xUnitTestProject.CurrencyHelperTests.FormatToStringTest1000(price: 13681.607566007231, expected: &quot;13681.61 zł&quot;)" storage="c:\projekty\xunittestproject\bin\debug\netcoreapp3.1\xunittestproject.dll" id="f72783d9-64aa-50e2-fcd1-46f621632d5d">
      <Execution id="7bc1dd9f-c591-44fc-95c8-4b4dd2ec94fb" />
      <TestMethod codeBase="C:\Projekty\xUnitTestProject\bin\Debug\netcoreapp3.1\xUnitTestProject.dll" adapterTypeName="executor://xunit/VsTestRunner2/netcoreapp" className="xUnitTestProject.CurrencyHelperTests" name="FormatToStringTest1000" />
    </UnitTest>
    <UnitTest name="xUnitTestProject.CurrencyHelperTests.FormatToStringTest1000(price: 823.2747994560166, expected: &quot;823.27 zł&quot;)" storage="c:\projekty\xunittestproject\bin\debug\netcoreapp3.1\xunittestproject.dll" id="31d901d5-0ee4-8f4e-13ca-73133c8afccc">
      <Execution id="8c2976f8-b9e2-429c-8f32-c02e25649b0d" />
      <TestMethod codeBase="C:\Projekty\xUnitTestProject\bin\Debug\netcoreapp3.1\xUnitTestProject.dll" adapterTypeName="executor://xunit/VsTestRunner2/netcoreapp" className="xUnitTestProject.CurrencyHelperTests" name="FormatToStringTest1000" />
    </UnitTest>
    <UnitTest name="xUnitTestProject.CurrencyHelperTests.FormatToStringTest1000(price: 13197.65136269417, expected: &quot;13197.65 zł&quot;)" storage="c:\projekty\xunittestproject\bin\debug\netcoreapp3.1\xunittestproject.dll" id="c558e0d2-3c06-e002-2aa3-e6624e30de98">
      <Execution id="0c28c6ca-7312-468e-9145-47ad8e87226c" />
      <TestMethod codeBase="C:\Projekty\xUnitTestProject\bin\Debug\netcoreapp3.1\xUnitTestProject.dll" adapterTypeName="executor://xunit/VsTestRunner2/netcoreapp" className="xUnitTestProject.CurrencyHelperTests" name="FormatToStringTest1000" />
    </UnitTest>
    <UnitTest name="xUnitTestProject.CurrencyHelperTests.FormatToStringTest1000(price: 22743.19734205827, expected: &quot;22743.20 zł&quot;)" storage="c:\projekty\xunittestproject\bin\debug\netcoreapp3.1\xunittestproject.dll" id="9c12637d-98e9-60e9-4c3e-198e27a61c0f">
      <Execution id="1aeb2878-9e57-4d90-8dea-1a306d9e82f2" />
      <TestMethod codeBase="C:\Projekty\xUnitTestProject\bin\Debug\netcoreapp3.1\xUnitTestProject.dll" adapterTypeName="executor://xunit/VsTestRunner2/netcoreapp" className="xUnitTestProject.CurrencyHelperTests" name="FormatToStringTest1000" />
    </UnitTest>
    <UnitTest name="xUnitTestProject.CurrencyHelperTests.FormatToStringTest1000(price: 29917.15005391145, expected: &quot;29917.15 zł&quot;)" storage="c:\projekty\xunittestproject\bin\debug\netcoreapp3.1\xunittestproject.dll" id="1400f8ec-69fd-4b7f-6a20-9938aff67002">
      <Execution id="331acaf6-75ff-4541-9719-c5bb63839b25" />
      <TestMethod codeBase="C:\Projekty\xUnitTestProject\bin\Debug\netcoreapp3.1\xUnitTestProject.dll" adapterTypeName="executor://xunit/VsTestRunner2/netcoreapp" className="xUnitTestProject.CurrencyHelperTests" name="FormatToStringTest1000" />
    </UnitTest>
    <UnitTest name="xUnitTestProject.CurrencyHelperTests.FormatToStringTest1000(price: 28155.26504817664, expected: &quot;28155.27 zł&quot;)" storage="c:\projekty\xunittestproject\bin\debug\netcoreapp3.1\xunittestproject.dll" id="e59747a8-433f-61a0-e952-9d5b29617a9f">
      <Execution id="1a1bd6d7-c4aa-4e11-8250-2e6a19e52dce" />
      <TestMethod codeBase="C:\Projekty\xUnitTestProject\bin\Debug\netcoreapp3.1\xUnitTestProject.dll" adapterTypeName="executor://xunit/VsTestRunner2/netcoreapp" className="xUnitTestProject.CurrencyHelperTests" name="FormatToStringTest1000" />
    </UnitTest>
    <UnitTest name="xUnitTestProject.CurrencyHelperTests.FormatToStringTest1000(price: 8901.937138443784, expected: &quot;8901.94 zł&quot;)" storage="c:\projekty\xunittestproject\bin\debug\netcoreapp3.1\xunittestproject.dll" id="38efd0dd-942e-1575-95b3-c2474aa164b9">
      <Execution id="6781cb7b-4e50-4c1d-aea8-b9121cfc2b42" />
      <TestMethod codeBase="C:\Projekty\xUnitTestProject\bin\Debug\netcoreapp3.1\xUnitTestProject.dll" adapterTypeName="executor://xunit/VsTestRunner2/netcoreapp" className="xUnitTestProject.CurrencyHelperTests" name="FormatToStringTest1000" />
    </UnitTest>
    <UnitTest name="xUnitTestProject.CurrencyHelperTests.FormatToStringTest1000(price: 397.6461894566408, expected: &quot;397.65 zł&quot;)" storage="c:\projekty\xunittestproject\bin\debug\netcoreapp3.1\xunittestproject.dll" id="db653531-1a7a-b4d6-7b77-97b13719461c">
      <Execution id="459bfe23-2309-4f9c-bfb3-d82120d98f04" />
      <TestMethod codeBase="C:\Projekty\xUnitTestProject\bin\Debug\netcoreapp3.1\xUnitTestProject.dll" adapterTypeName="executor://xunit/VsTestRunner2/netcoreapp" className="xUnitTestProject.CurrencyHelperTests" name="FormatToStringTest1000" />
    </UnitTest>
    <UnitTest name="xUnitTestProject.CurrencyHelperTests.FormatToStringTest1000(price: 6205.946199725357, expected: &quot;6205.95 zł&quot;)" storage="c:\projekty\xunittestproject\bin\debug\netcoreapp3.1\xunittestproject.dll" id="73278ab4-3d1d-b883-d827-3ea861390441">
      <Execution id="048f6175-ef00-495d-99f6-9698f2139b8a" />
      <TestMethod codeBase="C:\Projekty\xUnitTestProject\bin\Debug\netcoreapp3.1\xUnitTestProject.dll" adapterTypeName="executor://xunit/VsTestRunner2/netcoreapp" className="xUnitTestProject.CurrencyHelperTests" name="FormatToStringTest1000" />
    </UnitTest>
    <UnitTest name="xUnitTestProject.CurrencyHelperTests.FormatToStringTest1000(price: 16637.074429372828, expected: &quot;16637.07 zł&quot;)" storage="c:\projekty\xunittestproject\bin\debug\netcoreapp3.1\xunittestproject.dll" id="13335374-86bb-3ff8-d28a-bd89dc7f02ec">
      <Execution id="fdcc9224-0c00-456b-913f-99462333f214" />
      <TestMethod codeBase="C:\Projekty\xUnitTestProject\bin\Debug\netcoreapp3.1\xUnitTestProject.dll" adapterTypeName="executor://xunit/VsTestRunner2/netcoreapp" className="xUnitTestProject.CurrencyHelperTests" name="FormatToStringTest1000" />
    </UnitTest>
    <UnitTest name="xUnitTestProject.CurrencyHelperTests.FormatToStringTest1000(price: 66284.43763489948, expected: &quot;66284.44 zł&quot;)" storage="c:\projekty\xunittestproject\bin\debug\netcoreapp3.1\xunittestproject.dll" id="0ced2539-ec58-b3a8-188d-e014bf456555">
      <Execution id="3a8db78f-0e22-4fde-9b59-dab91b4c19c4" />
      <TestMethod codeBase="C:\Projekty\xUnitTestProject\bin\Debug\netcoreapp3.1\xUnitTestProject.dll" adapterTypeName="executor://xunit/VsTestRunner2/netcoreapp" className="xUnitTestProject.CurrencyHelperTests" name="FormatToStringTest1000" />
    </UnitTest>
    <UnitTest name="xUnitTestProject.CurrencyHelperTests.FormatToStringTest1000(price: 67338.80028760935, expected: &quot;67338.80 zł&quot;)" storage="c:\projekty\xunittestproject\bin\debug\netcoreapp3.1\xunittestproject.dll" id="9f966096-1641-bf42-1320-e9f57c98ec2f">
      <Execution id="9439360e-758e-4aeb-a52e-47859633872d" />
      <TestMethod codeBase="C:\Projekty\xUnitTestProject\bin\Debug\netcoreapp3.1\xUnitTestProject.dll" adapterTypeName="executor://xunit/VsTestRunner2/netcoreapp" className="xUnitTestProject.CurrencyHelperTests" name="FormatToStringTest1000" />
    </UnitTest>
    <UnitTest name="xUnitTestProject.CurrencyHelperTests.FormatToStringTest1000(price: 2937.138486199611, expected: &quot;2937.14 zł&quot;)" storage="c:\projekty\xunittestproject\bin\debug\netcoreapp3.1\xunittestproject.dll" id="5105cd39-08d3-5cdf-e5e5-5aae2f2d51c8">
      <Execution id="17c865a0-0e53-4163-ab5f-c62ee4c0d589" />
      <TestMethod codeBase="C:\Projekty\xUnitTestProject\bin\Debug\netcoreapp3.1\xUnitTestProject.dll" adapterTypeName="executor://xunit/VsTestRunner2/netcoreapp" className="xUnitTestProject.CurrencyHelperTests" name="FormatToStringTest1000" />
    </UnitTest>
    <UnitTest name="xUnitTestProject.CurrencyHelperTests.FormatToStringTest1000(price: 40241.790964380736, expected: &quot;40241.79 zł&quot;)" storage="c:\projekty\xunittestproject\bin\debug\netcoreapp3.1\xunittestproject.dll" id="66840d6a-95a8-9e96-1d7b-1ecad55a0c92">
      <Execution id="7b0a7a82-4078-4948-8dec-7f380ff16a07" />
      <TestMethod codeBase="C:\Projekty\xUnitTestProject\bin\Debug\netcoreapp3.1\xUnitTestProject.dll" adapterTypeName="executor://xunit/VsTestRunner2/netcoreapp" className="xUnitTestProject.CurrencyHelperTests" name="FormatToStringTest1000" />
    </UnitTest>
    <UnitTest name="xUnitTestProject.CurrencyHelperTests.FormatToStringTest1000(price: 30385.72086375613, expected: &quot;30385.72 zł&quot;)" storage="c:\projekty\xunittestproject\bin\debug\netcoreapp3.1\xunittestproject.dll" id="fd35a08c-5b95-7a8f-b139-85a90dbcf98e">
      <Execution id="6fedb9dc-c239-4a6f-93be-649607095c42" />
      <TestMethod codeBase="C:\Projekty\xUnitTestProject\bin\Debug\netcoreapp3.1\xUnitTestProject.dll" adapterTypeName="executor://xunit/VsTestRunner2/netcoreapp" className="xUnitTestProject.CurrencyHelperTests" name="FormatToStringTest1000" />
    </UnitTest>
    <UnitTest name="xUnitTestProject.CurrencyHelperTests.FormatToStringTest1000(price: 32051.900532446758, expected: &quot;32051.90 zł&quot;)" storage="c:\projekty\xunittestproject\bin\debug\netcoreapp3.1\xunittestproject.dll" id="6eb5b91d-aafa-339f-fbef-69ff28a5c36d">
      <Execution id="b3135dc4-1e6e-4d62-8f62-5aa377e472c0" />
      <TestMethod codeBase="C:\Projekty\xUnitTestProject\bin\Debug\netcoreapp3.1\xUnitTestProject.dll" adapterTypeName="executor://xunit/VsTestRunner2/netcoreapp" className="xUnitTestProject.CurrencyHelperTests" name="FormatToStringTest1000" />
    </UnitTest>
    <UnitTest name="xUnitTestProject.CurrencyHelperTests.FormatToStringTest1000(price: 38904.87092920806, expected: &quot;38904.87 zł&quot;)" storage="c:\projekty\xunittestproject\bin\debug\netcoreapp3.1\xunittestproject.dll" id="366e3c61-7635-9c9b-a996-33c58fa8fc62">
      <Execution id="9898fbf7-009a-4484-a3f1-b6690319c6ef" />
      <TestMethod codeBase="C:\Projekty\xUnitTestProject\bin\Debug\netcoreapp3.1\xUnitTestProject.dll" adapterTypeName="executor://xunit/VsTestRunner2/netcoreapp" className="xUnitTestProject.CurrencyHelperTests" name="FormatToStringTest1000" />
    </UnitTest>
    <UnitTest name="xUnitTestProject.CurrencyHelperTests.FormatToStringTest1000(price: 33206.73122987837, expected: &quot;33206.73 zł&quot;)" storage="c:\projekty\xunittestproject\bin\debug\netcoreapp3.1\xunittestproject.dll" id="691fc6f3-8d98-645e-59dc-63e6708e6080">
      <Execution id="bcf7ebb3-819c-4c90-aaee-9b325bf8a6fd" />
      <TestMethod codeBase="C:\Projekty\xUnitTestProject\bin\Debug\netcoreapp3.1\xUnitTestProject.dll" adapterTypeName="executor://xunit/VsTestRunner2/netcoreapp" className="xUnitTestProject.CurrencyHelperTests" name="FormatToStringTest1000" />
    </UnitTest>
    <UnitTest name="xUnitTestProject.CurrencyHelperTests.FormatToStringTest1000(price: 18340.8953197882, expected: &quot;18340.90 zł&quot;)" storage="c:\projekty\xunittestproject\bin\debug\netcoreapp3.1\xunittestproject.dll" id="a116b226-3d55-2529-864d-5e970bf42be4">
      <Execution id="cd1ad12e-db8c-4eca-8536-f9f376036972" />
      <TestMethod codeBase="C:\Projekty\xUnitTestProject\bin\Debug\netcoreapp3.1\xUnitTestProject.dll" adapterTypeName="executor://xunit/VsTestRunner2/netcoreapp" className="xUnitTestProject.CurrencyHelperTests" name="FormatToStringTest1000" />
    </UnitTest>
    <UnitTest name="xUnitTestProject.CurrencyHelperTests.FormatToStringTest1000(price: 64887.45559046951, expected: &quot;64887.46 zł&quot;)" storage="c:\projekty\xunittestproject\bin\debug\netcoreapp3.1\xunittestproject.dll" id="90cfec42-4910-af10-cff4-5af0ef6c23f5">
      <Execution id="75700cd5-5103-4981-9a2a-267d5ab5af7d" />
      <TestMethod codeBase="C:\Projekty\xUnitTestProject\bin\Debug\netcoreapp3.1\xUnitTestProject.dll" adapterTypeName="executor://xunit/VsTestRunner2/netcoreapp" className="xUnitTestProject.CurrencyHelperTests" name="FormatToStringTest1000" />
    </UnitTest>
    <UnitTest name="xUnitTestProject.CurrencyHelperTests.FormatToStringTest1000(price: 26162.532683261918, expected: &quot;26162.53 zł&quot;)" storage="c:\projekty\xunittestproject\bin\debug\netcoreapp3.1\xunittestproject.dll" id="f5005d81-5a9b-ef44-7fc2-52377fae83f4">
      <Execution id="0f7e53f5-50ae-42b7-964c-f5395fc99197" />
      <TestMethod codeBase="C:\Projekty\xUnitTestProject\bin\Debug\netcoreapp3.1\xUnitTestProject.dll" adapterTypeName="executor://xunit/VsTestRunner2/netcoreapp" className="xUnitTestProject.CurrencyHelperTests" name="FormatToStringTest1000" />
    </UnitTest>
    <UnitTest name="xUnitTestProject.CurrencyHelperTests.FormatToStringTest1000(price: 9928.477822322622, expected: &quot;9928.48 zł&quot;)" storage="c:\projekty\xunittestproject\bin\debug\netcoreapp3.1\xunittestproject.dll" id="28d8e856-ac6b-165d-f269-4ec7d560f09b">
      <Execution id="d43b3bce-87d2-4864-917e-d311f0ed8dc5" />
      <TestMethod codeBase="C:\Projekty\xUnitTestProject\bin\Debug\netcoreapp3.1\xUnitTestProject.dll" adapterTypeName="executor://xunit/VsTestRunner2/netcoreapp" className="xUnitTestProject.CurrencyHelperTests" name="FormatToStringTest1000" />
    </UnitTest>
    <UnitTest name="xUnitTestProject.CurrencyHelperTests.FormatToStringTest1000(price: 24251.68593564848, expected: &quot;24251.69 zł&quot;)" storage="c:\projekty\xunittestproject\bin\debug\netcoreapp3.1\xunittestproject.dll" id="ddfa2a9a-e29a-9dfc-0603-2fa2e9e89c67">
      <Execution id="a592e43c-5211-4c2e-b96c-e4ba8f2aaeb7" />
      <TestMethod codeBase="C:\Projekty\xUnitTestProject\bin\Debug\netcoreapp3.1\xUnitTestProject.dll" adapterTypeName="executor://xunit/VsTestRunner2/netcoreapp" className="xUnitTestProject.CurrencyHelperTests" name="FormatToStringTest1000" />
    </UnitTest>
    <UnitTest name="xUnitTestProject.CurrencyHelperTests.FormatToStringTest1000(price: 63946.51014057478, expected: &quot;63946.51 zł&quot;)" storage="c:\projekty\xunittestproject\bin\debug\netcoreapp3.1\xunittestproject.dll" id="3a14b4a3-bbfa-4f36-3b26-b18f61900c63">
      <Execution id="36492293-f76b-4608-ad04-4b2e17245e6d" />
      <TestMethod codeBase="C:\Projekty\xUnitTestProject\bin\Debug\netcoreapp3.1\xUnitTestProject.dll" adapterTypeName="executor://xunit/VsTestRunner2/netcoreapp" className="xUnitTestProject.CurrencyHelperTests" name="FormatToStringTest1000" />
    </UnitTest>
    <UnitTest name="xUnitTestProject.CurrencyHelperTests.FormatToStringTest1000(price: 72659.37876478041, expected: &quot;72659.38 zł&quot;)" storage="c:\projekty\xunittestproject\bin\debug\netcoreapp3.1\xunittestproject.dll" id="b4f18443-22cf-826b-3478-6d5f920e371c">
      <Execution id="f7d3301e-8c6b-457d-be39-79088a462618" />
      <TestMethod codeBase="C:\Projekty\xUnitTestProject\bin\Debug\netcoreapp3.1\xUnitTestProject.dll" adapterTypeName="executor://xunit/VsTestRunner2/netcoreapp" className="xUnitTestProject.CurrencyHelperTests" name="FormatToStringTest1000" />
    </UnitTest>
    <UnitTest name="xUnitTestProject.CurrencyHelperTests.FormatToStringTest1000(price: 675.4589376107133, expected: &quot;675.46 zł&quot;)" storage="c:\projekty\xunittestproject\bin\debug\netcoreapp3.1\xunittestproject.dll" id="5058bebd-02f5-fdd0-776c-ccea1412870f">
      <Execution id="636c2f95-cc4a-412f-9b97-a9530f2db7db" />
      <TestMethod codeBase="C:\Projekty\xUnitTestProject\bin\Debug\netcoreapp3.1\xUnitTestProject.dll" adapterTypeName="executor://xunit/VsTestRunner2/netcoreapp" className="xUnitTestProject.CurrencyHelperTests" name="FormatToStringTest1000" />
    </UnitTest>
    <UnitTest name="xUnitTestProject.CurrencyHelperTests.FormatToStringTest1000(price: 10370.0107542784, expected: &quot;10370.01 zł&quot;)" storage="c:\projekty\xunittestproject\bin\debug\netcoreapp3.1\xunittestproject.dll" id="d4cfd815-487d-e378-1f28-dc4676158012">
      <Execution id="5bb7b998-18ff-4214-b3cb-2ce0dc88b660" />
      <TestMethod codeBase="C:\Projekty\xUnitTestProject\bin\Debug\netcoreapp3.1\xUnitTestProject.dll" adapterTypeName="executor://xunit/VsTestRunner2/netcoreapp" className="xUnitTestProject.CurrencyHelperTests" name="FormatToStringTest1000" />
    </UnitTest>
    <UnitTest name="xUnitTestProject.CurrencyHelperTests.FormatToStringTest1000(price: 19006.315459580772, expected: &quot;19006.32 zł&quot;)" storage="c:\projekty\xunittestproject\bin\debug\netcoreapp3.1\xunittestproject.dll" id="8f731e1d-d266-da92-7f8a-593d1a2e36d6">
      <Execution id="9c9feba4-2051-479c-937e-43e0206e6afe" />
      <TestMethod codeBase="C:\Projekty\xUnitTestProject\bin\Debug\netcoreapp3.1\xUnitTestProject.dll" adapterTypeName="executor://xunit/VsTestRunner2/netcoreapp" className="xUnitTestProject.CurrencyHelperTests" name="FormatToStringTest1000" />
    </UnitTest>
    <UnitTest name="xUnitTestProject.CurrencyHelperTests.FormatToStringTest1000(price: 4094.6752323977066, expected: &quot;4094.68 zł&quot;)" storage="c:\projekty\xunittestproject\bin\debug\netcoreapp3.1\xunittestproject.dll" id="6fd88d41-992e-23c0-e35a-a1d1b838cd50">
      <Execution id="c94c6ad1-f410-4202-b5a5-e075f39f391e" />
      <TestMethod codeBase="C:\Projekty\xUnitTestProject\bin\Debug\netcoreapp3.1\xUnitTestProject.dll" adapterTypeName="executor://xunit/VsTestRunner2/netcoreapp" className="xUnitTestProject.CurrencyHelperTests" name="FormatToStringTest1000" />
    </UnitTest>
    <UnitTest name="xUnitTestProject.CurrencyHelperTests.FormatToStringTest1000(price: 79388.929555234, expected: &quot;79388.93 zł&quot;)" storage="c:\projekty\xunittestproject\bin\debug\netcoreapp3.1\xunittestproject.dll" id="a73e7657-df2c-963a-69ef-cc5459fb4c2b">
      <Execution id="0ecbca60-3d2c-476f-b997-0c7c0d94ddc7" />
      <TestMethod codeBase="C:\Projekty\xUnitTestProject\bin\Debug\netcoreapp3.1\xUnitTestProject.dll" adapterTypeName="executor://xunit/VsTestRunner2/netcoreapp" className="xUnitTestProject.CurrencyHelperTests" name="FormatToStringTest1000" />
    </UnitTest>
    <UnitTest name="xUnitTestProject.CurrencyHelperTests.FormatToStringTest1000(price: 61324.33752458279, expected: &quot;61324.34 zł&quot;)" storage="c:\projekty\xunittestproject\bin\debug\netcoreapp3.1\xunittestproject.dll" id="a2cb1a23-585c-77f0-4371-0762318d91ff">
      <Execution id="cab7d450-1189-4781-aa66-bb90e98ee4d9" />
      <TestMethod codeBase="C:\Projekty\xUnitTestProject\bin\Debug\netcoreapp3.1\xUnitTestProject.dll" adapterTypeName="executor://xunit/VsTestRunner2/netcoreapp" className="xUnitTestProject.CurrencyHelperTests" name="FormatToStringTest1000" />
    </UnitTest>
    <UnitTest name="xUnitTestProject.CurrencyHelperTests.FormatToStringTest1000(price: 5876.112133716285, expected: &quot;5876.11 zł&quot;)" storage="c:\projekty\xunittestproject\bin\debug\netcoreapp3.1\xunittestproject.dll" id="d04a2ff8-d519-5ad7-fd64-a85e9b9ae68c">
      <Execution id="7656c836-1da4-4eb7-ad26-e1401a77a240" />
      <TestMethod codeBase="C:\Projekty\xUnitTestProject\bin\Debug\netcoreapp3.1\xUnitTestProject.dll" adapterTypeName="executor://xunit/VsTestRunner2/netcoreapp" className="xUnitTestProject.CurrencyHelperTests" name="FormatToStringTest1000" />
    </UnitTest>
    <UnitTest name="xUnitTestProject.CurrencyHelperTests.FormatToStringTest1000(price: 30626.373939456127, expected: &quot;30626.37 zł&quot;)" storage="c:\projekty\xunittestproject\bin\debug\netcoreapp3.1\xunittestproject.dll" id="b3d46dfa-7a62-d522-3960-5646d987d2b9">
      <Execution id="22f12298-4e3d-4e14-bda2-462b04863814" />
      <TestMethod codeBase="C:\Projekty\xUnitTestProject\bin\Debug\netcoreapp3.1\xUnitTestProject.dll" adapterTypeName="executor://xunit/VsTestRunner2/netcoreapp" className="xUnitTestProject.CurrencyHelperTests" name="FormatToStringTest1000" />
    </UnitTest>
    <UnitTest name="xUnitTestProject.CurrencyHelperTests.FormatToStringTest1000(price: 3341.8351759444154, expected: &quot;3341.84 zł&quot;)" storage="c:\projekty\xunittestproject\bin\debug\netcoreapp3.1\xunittestproject.dll" id="273a20e0-541a-4005-532d-de3663197643">
      <Execution id="2c4a5a1f-ec1c-4f1c-8536-8fae94201d44" />
      <TestMethod codeBase="C:\Projekty\xUnitTestProject\bin\Debug\netcoreapp3.1\xUnitTestProject.dll" adapterTypeName="executor://xunit/VsTestRunner2/netcoreapp" className="xUnitTestProject.CurrencyHelperTests" name="FormatToStringTest1000" />
    </UnitTest>
    <UnitTest name="xUnitTestProject.CurrencyHelperTests.FormatToStringTest1000(price: 28298.945361683585, expected: &quot;28298.95 zł&quot;)" storage="c:\projekty\xunittestproject\bin\debug\netcoreapp3.1\xunittestproject.dll" id="5f750d11-c899-aa88-cff9-6806fe46c3fe">
      <Execution id="9efa6c90-7975-480b-854e-9ca8d325e6f3" />
      <TestMethod codeBase="C:\Projekty\xUnitTestProject\bin\Debug\netcoreapp3.1\xUnitTestProject.dll" adapterTypeName="executor://xunit/VsTestRunner2/netcoreapp" className="xUnitTestProject.CurrencyHelperTests" name="FormatToStringTest1000" />
    </UnitTest>
    <UnitTest name="xUnitTestProject.CurrencyHelperTests.FormatToStringTest1000(price: 16597.22844427788, expected: &quot;16597.23 zł&quot;)" storage="c:\projekty\xunittestproject\bin\debug\netcoreapp3.1\xunittestproject.dll" id="b58c1648-01cd-8d33-8125-f2d9795f377d">
      <Execution id="e3ffdfe6-f202-4942-b66d-b8a558065270" />
      <TestMethod codeBase="C:\Projekty\xUnitTestProject\bin\Debug\netcoreapp3.1\xUnitTestProject.dll" adapterTypeName="executor://xunit/VsTestRunner2/netcoreapp" className="xUnitTestProject.CurrencyHelperTests" name="FormatToStringTest1000" />
    </UnitTest>
    <UnitTest name="xUnitTestProject.CurrencyHelperTests.FormatToStringTest1000(price: 44361.82678515177, expected: &quot;44361.83 zł&quot;)" storage="c:\projekty\xunittestproject\bin\debug\netcoreapp3.1\xunittestproject.dll" id="4487648c-7b44-bfaa-d7fb-20dd19782f71">
      <Execution id="c7a834a7-d06a-4bfd-813c-12ea7dc5aea6" />
      <TestMethod codeBase="C:\Projekty\xUnitTestProject\bin\Debug\netcoreapp3.1\xUnitTestProject.dll" adapterTypeName="executor://xunit/VsTestRunner2/netcoreapp" className="xUnitTestProject.CurrencyHelperTests" name="FormatToStringTest1000" />
    </UnitTest>
    <UnitTest name="xUnitTestProject.CurrencyHelperTests.FormatToStringTest1000(price: 89093.57120939044, expected: &quot;89093.57 zł&quot;)" storage="c:\projekty\xunittestproject\bin\debug\netcoreapp3.1\xunittestproject.dll" id="9dc9660c-2773-e5a1-118f-73373343d0e6">
      <Execution id="2345710f-7f97-4bbe-9ce0-5663a853f42a" />
      <TestMethod codeBase="C:\Projekty\xUnitTestProject\bin\Debug\netcoreapp3.1\xUnitTestProject.dll" adapterTypeName="executor://xunit/VsTestRunner2/netcoreapp" className="xUnitTestProject.CurrencyHelperTests" name="FormatToStringTest1000" />
    </UnitTest>
    <UnitTest name="xUnitTestProject.CurrencyHelperTests.FormatToStringTest1000(price: 24137.016609529506, expected: &quot;24137.02 zł&quot;)" storage="c:\projekty\xunittestproject\bin\debug\netcoreapp3.1\xunittestproject.dll" id="38b0259f-0bcb-8aec-4c3f-6a948a320426">
      <Execution id="0e94e59c-803f-4ed4-a8d9-8f2cd7960505" />
      <TestMethod codeBase="C:\Projekty\xUnitTestProject\bin\Debug\netcoreapp3.1\xUnitTestProject.dll" adapterTypeName="executor://xunit/VsTestRunner2/netcoreapp" className="xUnitTestProject.CurrencyHelperTests" name="FormatToStringTest1000" />
    </UnitTest>
    <UnitTest name="xUnitTestProject.CurrencyHelperTests.FormatToStringTest1000(price: 20249.56614074277, expected: &quot;20249.57 zł&quot;)" storage="c:\projekty\xunittestproject\bin\debug\netcoreapp3.1\xunittestproject.dll" id="3462b2eb-e30f-6a87-cb93-c3563606a080">
      <Execution id="057a0863-275b-42d0-bdbe-55302cb859c9" />
      <TestMethod codeBase="C:\Projekty\xUnitTestProject\bin\Debug\netcoreapp3.1\xUnitTestProject.dll" adapterTypeName="executor://xunit/VsTestRunner2/netcoreapp" className="xUnitTestProject.CurrencyHelperTests" name="FormatToStringTest1000" />
    </UnitTest>
    <UnitTest name="xUnitTestProject.CurrencyHelperTests.FormatToStringTest1000(price: 9431.144757136304, expected: &quot;9431.14 zł&quot;)" storage="c:\projekty\xunittestproject\bin\debug\netcoreapp3.1\xunittestproject.dll" id="696d2b08-2b8a-7456-8791-bc3514cd955e">
      <Execution id="3f293244-0461-4933-bc88-c2a49f859666" />
      <TestMethod codeBase="C:\Projekty\xUnitTestProject\bin\Debug\netcoreapp3.1\xUnitTestProject.dll" adapterTypeName="executor://xunit/VsTestRunner2/netcoreapp" className="xUnitTestProject.CurrencyHelperTests" name="FormatToStringTest1000" />
    </UnitTest>
    <UnitTest name="xUnitTestProject.CurrencyHelperTests.FormatToStringTest1000(price: 19609.759296997803, expected: &quot;19609.76 zł&quot;)" storage="c:\projekty\xunittestproject\bin\debug\netcoreapp3.1\xunittestproject.dll" id="77e25ad7-ee15-446a-9252-d1385f25c4e7">
      <Execution id="c47dc19d-a42a-4fae-9633-132092eb29e8" />
      <TestMethod codeBase="C:\Projekty\xUnitTestProject\bin\Debug\netcoreapp3.1\xUnitTestProject.dll" adapterTypeName="executor://xunit/VsTestRunner2/netcoreapp" className="xUnitTestProject.CurrencyHelperTests" name="FormatToStringTest1000" />
    </UnitTest>
    <UnitTest name="xUnitTestProject.CurrencyHelperTests.FormatToStringTest1000(price: 96261.84883437205, expected: &quot;96261.85 zł&quot;)" storage="c:\projekty\xunittestproject\bin\debug\netcoreapp3.1\xunittestproject.dll" id="bc76307e-662f-d191-64cf-4352a391fa59">
      <Execution id="2a405def-7ee6-4228-ac16-f9fa1c97d765" />
      <TestMethod codeBase="C:\Projekty\xUnitTestProject\bin\Debug\netcoreapp3.1\xUnitTestProject.dll" adapterTypeName="executor://xunit/VsTestRunner2/netcoreapp" className="xUnitTestProject.CurrencyHelperTests" name="FormatToStringTest1000" />
    </UnitTest>
    <UnitTest name="xUnitTestProject.CurrencyHelperTests.FormatToStringTest1000(price: 17990.38119827089, expected: &quot;17990.38 zł&quot;)" storage="c:\projekty\xunittestproject\bin\debug\netcoreapp3.1\xunittestproject.dll" id="f227f8da-1aef-bb37-695f-f1b64dec59a9">
      <Execution id="9876863f-22aa-420d-bde4-cbba66f71586" />
      <TestMethod codeBase="C:\Projekty\xUnitTestProject\bin\Debug\netcoreapp3.1\xUnitTestProject.dll" adapterTypeName="executor://xunit/VsTestRunner2/netcoreapp" className="xUnitTestProject.CurrencyHelperTests" name="FormatToStringTest1000" />
    </UnitTest>
    <UnitTest name="xUnitTestProject.CurrencyHelperTests.FormatToStringTest1000(price: 15600.245951180927, expected: &quot;15600.25 zł&quot;)" storage="c:\projekty\xunittestproject\bin\debug\netcoreapp3.1\xunittestproject.dll" id="ad89a04b-1d6c-269b-831e-2a5afc742278">
      <Execution id="0a9271be-a500-472d-a459-527f0dee7262" />
      <TestMethod codeBase="C:\Projekty\xUnitTestProject\bin\Debug\netcoreapp3.1\xUnitTestProject.dll" adapterTypeName="executor://xunit/VsTestRunner2/netcoreapp" className="xUnitTestProject.CurrencyHelperTests" name="FormatToStringTest1000" />
    </UnitTest>
    <UnitTest name="xUnitTestProject.CurrencyHelperTests.FormatToStringTest1000(price: 14712.754747761765, expected: &quot;14712.75 zł&quot;)" storage="c:\projekty\xunittestproject\bin\debug\netcoreapp3.1\xunittestproject.dll" id="0fb54a08-345f-ee29-01d6-61a60fb47ced">
      <Execution id="0b0c2524-23ca-484f-95cc-5477670f6abb" />
      <TestMethod codeBase="C:\Projekty\xUnitTestProject\bin\Debug\netcoreapp3.1\xUnitTestProject.dll" adapterTypeName="executor://xunit/VsTestRunner2/netcoreapp" className="xUnitTestProject.CurrencyHelperTests" name="FormatToStringTest1000" />
    </UnitTest>
    <UnitTest name="xUnitTestProject.CurrencyHelperTests.FormatToStringTest1000(price: 13574.683315038068, expected: &quot;13574.68 zł&quot;)" storage="c:\projekty\xunittestproject\bin\debug\netcoreapp3.1\xunittestproject.dll" id="185ede31-fab0-85ad-ad6a-a8eab36c8466">
      <Execution id="3c8dc979-0802-4a93-b8aa-ebe178b16c5c" />
      <TestMethod codeBase="C:\Projekty\xUnitTestProject\bin\Debug\netcoreapp3.1\xUnitTestProject.dll" adapterTypeName="executor://xunit/VsTestRunner2/netcoreapp" className="xUnitTestProject.CurrencyHelperTests" name="FormatToStringTest1000" />
    </UnitTest>
    <UnitTest name="xUnitTestProject.CurrencyHelperTests.FormatToStringTest1000(price: 1669.555150571072, expected: &quot;1669.56 zł&quot;)" storage="c:\projekty\xunittestproject\bin\debug\netcoreapp3.1\xunittestproject.dll" id="68224de9-ccec-a0b7-c8a8-a3c8c0c30259">
      <Execution id="028e9f75-1c0b-446f-aaa5-babc17a5e8ce" />
      <TestMethod codeBase="C:\Projekty\xUnitTestProject\bin\Debug\netcoreapp3.1\xUnitTestProject.dll" adapterTypeName="executor://xunit/VsTestRunner2/netcoreapp" className="xUnitTestProject.CurrencyHelperTests" name="FormatToStringTest1000" />
    </UnitTest>
    <UnitTest name="xUnitTestProject.CurrencyHelperTests.FormatToStringTest1000(price: 25084.19182667238, expected: &quot;25084.19 zł&quot;)" storage="c:\projekty\xunittestproject\bin\debug\netcoreapp3.1\xunittestproject.dll" id="03249ab3-78a8-f0c2-3edd-fa3544db15c9">
      <Execution id="96fb7d38-e7b3-42f5-bfe7-f4ef473653dc" />
      <TestMethod codeBase="C:\Projekty\xUnitTestProject\bin\Debug\netcoreapp3.1\xUnitTestProject.dll" adapterTypeName="executor://xunit/VsTestRunner2/netcoreapp" className="xUnitTestProject.CurrencyHelperTests" name="FormatToStringTest1000" />
    </UnitTest>
    <UnitTest name="xUnitTestProject.CurrencyHelperTests.FormatToStringTest1000(price: 37889.10086727193, expected: &quot;37889.10 zł&quot;)" storage="c:\projekty\xunittestproject\bin\debug\netcoreapp3.1\xunittestproject.dll" id="cbfda56e-8c0a-ba07-a0f8-119519aa985c">
      <Execution id="55b84724-cebe-466e-b485-749817b8ca24" />
      <TestMethod codeBase="C:\Projekty\xUnitTestProject\bin\Debug\netcoreapp3.1\xUnitTestProject.dll" adapterTypeName="executor://xunit/VsTestRunner2/netcoreapp" className="xUnitTestProject.CurrencyHelperTests" name="FormatToStringTest1000" />
    </UnitTest>
    <UnitTest name="xUnitTestProject.CurrencyHelperTests.FormatToStringTest1000(price: 37160.85331540269, expected: &quot;37160.85 zł&quot;)" storage="c:\projekty\xunittestproject\bin\debug\netcoreapp3.1\xunittestproject.dll" id="5322a6b6-b1d1-4276-7a98-26cc05377b71">
      <Execution id="72a29765-731a-451f-9501-0aed6e6612d1" />
      <TestMethod codeBase="C:\Projekty\xUnitTestProject\bin\Debug\netcoreapp3.1\xUnitTestProject.dll" adapterTypeName="executor://xunit/VsTestRunner2/netcoreapp" className="xUnitTestProject.CurrencyHelperTests" name="FormatToStringTest1000" />
    </UnitTest>
    <UnitTest name="xUnitTestProject.CurrencyHelperTests.FormatToStringTest1000(price: 28068.20530246394, expected: &quot;28068.21 zł&quot;)" storage="c:\projekty\xunittestproject\bin\debug\netcoreapp3.1\xunittestproject.dll" id="ee9462eb-6912-5171-764c-f29a600e2526">
      <Execution id="d9d62e98-6500-4837-9a3b-b0680e076c44" />
      <TestMethod codeBase="C:\Projekty\xUnitTestProject\bin\Debug\netcoreapp3.1\xUnitTestProject.dll" adapterTypeName="executor://xunit/VsTestRunner2/netcoreapp" className="xUnitTestProject.CurrencyHelperTests" name="FormatToStringTest1000" />
    </UnitTest>
    <UnitTest name="xUnitTestProject.CurrencyHelperTests.FormatToStringTest1000(price: 13375.96341587415, expected: &quot;13375.96 zł&quot;)" storage="c:\projekty\xunittestproject\bin\debug\netcoreapp3.1\xunittestproject.dll" id="595bfab0-5cd9-2edb-fcf1-e6874dc93e48">
      <Execution id="f97df760-78da-47e0-8501-a213cd52faca" />
      <TestMethod codeBase="C:\Projekty\xUnitTestProject\bin\Debug\netcoreapp3.1\xUnitTestProject.dll" adapterTypeName="executor://xunit/VsTestRunner2/netcoreapp" className="xUnitTestProject.CurrencyHelperTests" name="FormatToStringTest1000" />
    </UnitTest>
    <UnitTest name="xUnitTestProject.CurrencyHelperTests.FormatToStringTest1000(price: 3303.1902076747224, expected: &quot;3303.19 zł&quot;)" storage="c:\projekty\xunittestproject\bin\debug\netcoreapp3.1\xunittestproject.dll" id="92c24577-a226-a6b7-7d5e-021b44057899">
      <Execution id="4f522abd-1c6b-4399-a6eb-4ee7b3e82fc1" />
      <TestMethod codeBase="C:\Projekty\xUnitTestProject\bin\Debug\netcoreapp3.1\xUnitTestProject.dll" adapterTypeName="executor://xunit/VsTestRunner2/netcoreapp" className="xUnitTestProject.CurrencyHelperTests" name="FormatToStringTest1000" />
    </UnitTest>
    <UnitTest name="xUnitTestProject.CurrencyHelperTests.FormatToStringTest1000(price: 17798.633951516185, expected: &quot;17798.63 zł&quot;)" storage="c:\projekty\xunittestproject\bin\debug\netcoreapp3.1\xunittestproject.dll" id="ba870e88-e985-a063-3050-00fcfcbc95b8">
      <Execution id="51d17d51-7204-4953-983e-319734e933ff" />
      <TestMethod codeBase="C:\Projekty\xUnitTestProject\bin\Debug\netcoreapp3.1\xUnitTestProject.dll" adapterTypeName="executor://xunit/VsTestRunner2/netcoreapp" className="xUnitTestProject.CurrencyHelperTests" name="FormatToStringTest1000" />
    </UnitTest>
    <UnitTest name="xUnitTestProject.CurrencyHelperTests.FormatToStringTest1000(price: 68698.01923441609, expected: &quot;68698.02 zł&quot;)" storage="c:\projekty\xunittestproject\bin\debug\netcoreapp3.1\xunittestproject.dll" id="9ee4d82e-bba5-9c6c-1803-31366568eb6e">
      <Execution id="4362d676-4d09-4efc-a52e-4223a52d0f42" />
      <TestMethod codeBase="C:\Projekty\xUnitTestProject\bin\Debug\netcoreapp3.1\xUnitTestProject.dll" adapterTypeName="executor://xunit/VsTestRunner2/netcoreapp" className="xUnitTestProject.CurrencyHelperTests" name="FormatToStringTest1000" />
    </UnitTest>
    <UnitTest name="xUnitTestProject.CurrencyHelperTests.FormatToStringTest1000(price: 20643.69044446465, expected: &quot;20643.69 zł&quot;)" storage="c:\projekty\xunittestproject\bin\debug\netcoreapp3.1\xunittestproject.dll" id="081d3b2d-f16b-400c-9941-d599ff407e21">
      <Execution id="2939e7fc-c4d2-4768-ab37-68d416ba95ff" />
      <TestMethod codeBase="C:\Projekty\xUnitTestProject\bin\Debug\netcoreapp3.1\xUnitTestProject.dll" adapterTypeName="executor://xunit/VsTestRunner2/netcoreapp" className="xUnitTestProject.CurrencyHelperTests" name="FormatToStringTest1000" />
    </UnitTest>
    <UnitTest name="xUnitTestProject.CurrencyHelperTests.FormatToStringTest1000(price: 16402.16316587206, expected: &quot;16402.16 zł&quot;)" storage="c:\projekty\xunittestproject\bin\debug\netcoreapp3.1\xunittestproject.dll" id="bb53c479-4fb7-b049-d0b3-60c53109c03d">
      <Execution id="97598629-b784-4379-9d24-4a18dd62e79a" />
      <TestMethod codeBase="C:\Projekty\xUnitTestProject\bin\Debug\netcoreapp3.1\xUnitTestProject.dll" adapterTypeName="executor://xunit/VsTestRunner2/netcoreapp" className="xUnitTestProject.CurrencyHelperTests" name="FormatToStringTest1000" />
    </UnitTest>
    <UnitTest name="xUnitTestProject.CurrencyHelperTests.FormatToStringTest1000(price: 1751.7703038522834, expected: &quot;1751.77 zł&quot;)" storage="c:\projekty\xunittestproject\bin\debug\netcoreapp3.1\xunittestproject.dll" id="d28e2add-d838-2ebe-df2d-b5dd0d3b773e">
      <Execution id="9e7468c2-918e-466a-b91f-c329423dda24" />
      <TestMethod codeBase="C:\Projekty\xUnitTestProject\bin\Debug\netcoreapp3.1\xUnitTestProject.dll" adapterTypeName="executor://xunit/VsTestRunner2/netcoreapp" className="xUnitTestProject.CurrencyHelperTests" name="FormatToStringTest1000" />
    </UnitTest>
    <UnitTest name="xUnitTestProject.CurrencyHelperTests.FormatToStringTest1000(price: 37954.34384365396, expected: &quot;37954.34 zł&quot;)" storage="c:\projekty\xunittestproject\bin\debug\netcoreapp3.1\xunittestproject.dll" id="b8055217-5a74-6a87-a561-a760192c2a20">
      <Execution id="db0f6c1d-b1aa-4528-ac8a-e9ccb043745c" />
      <TestMethod codeBase="C:\Projekty\xUnitTestProject\bin\Debug\netcoreapp3.1\xUnitTestProject.dll" adapterTypeName="executor://xunit/VsTestRunner2/netcoreapp" className="xUnitTestProject.CurrencyHelperTests" name="FormatToStringTest1000" />
    </UnitTest>
    <UnitTest name="xUnitTestProject.CurrencyHelperTests.FormatToStringTest1000(price: 4715.320654313695, expected: &quot;4715.32 zł&quot;)" storage="c:\projekty\xunittestproject\bin\debug\netcoreapp3.1\xunittestproject.dll" id="33b74559-764f-421e-252d-cd475c561f9a">
      <Execution id="70e61dca-0d90-4bd1-bd17-f0841e9cfc11" />
      <TestMethod codeBase="C:\Projekty\xUnitTestProject\bin\Debug\netcoreapp3.1\xUnitTestProject.dll" adapterTypeName="executor://xunit/VsTestRunner2/netcoreapp" className="xUnitTestProject.CurrencyHelperTests" name="FormatToStringTest1000" />
    </UnitTest>
    <UnitTest name="xUnitTestProject.CurrencyHelperTests.FormatToStringTest1000(price: 17000.070169619317, expected: &quot;17000.07 zł&quot;)" storage="c:\projekty\xunittestproject\bin\debug\netcoreapp3.1\xunittestproject.dll" id="4ef75591-ffb4-d566-94c9-bda5f50552b9">
      <Execution id="cbe233e5-d1ca-46a3-bd5a-7a196d437673" />
      <TestMethod codeBase="C:\Projekty\xUnitTestProject\bin\Debug\netcoreapp3.1\xUnitTestProject.dll" adapterTypeName="executor://xunit/VsTestRunner2/netcoreapp" className="xUnitTestProject.CurrencyHelperTests" name="FormatToStringTest1000" />
    </UnitTest>
    <UnitTest name="xUnitTestProject.CurrencyHelperTests.FormatToStringTest1000(price: 9624.06628225188, expected: &quot;9624.07 zł&quot;)" storage="c:\projekty\xunittestproject\bin\debug\netcoreapp3.1\xunittestproject.dll" id="0af3eea6-5817-a867-a6c4-92fe1e3e316c">
      <Execution id="09d2a9d3-9a1d-4b74-abb2-86ac7e9a4646" />
      <TestMethod codeBase="C:\Projekty\xUnitTestProject\bin\Debug\netcoreapp3.1\xUnitTestProject.dll" adapterTypeName="executor://xunit/VsTestRunner2/netcoreapp" className="xUnitTestProject.CurrencyHelperTests" name="FormatToStringTest1000" />
    </UnitTest>
    <UnitTest name="xUnitTestProject.CurrencyHelperTests.FormatToStringTest1000(price: 782.6578288817116, expected: &quot;782.66 zł&quot;)" storage="c:\projekty\xunittestproject\bin\debug\netcoreapp3.1\xunittestproject.dll" id="b5a6747d-aa6b-3b3a-779c-c378aea09cd8">
      <Execution id="1400186a-9fd1-4731-abaa-b216c9fffa0d" />
      <TestMethod codeBase="C:\Projekty\xUnitTestProject\bin\Debug\netcoreapp3.1\xUnitTestProject.dll" adapterTypeName="executor://xunit/VsTestRunner2/netcoreapp" className="xUnitTestProject.CurrencyHelperTests" name="FormatToStringTest1000" />
    </UnitTest>
    <UnitTest name="xUnitTestProject.CurrencyHelperTests.FormatToStringTest1000(price: 30020.248557890412, expected: &quot;30020.25 zł&quot;)" storage="c:\projekty\xunittestproject\bin\debug\netcoreapp3.1\xunittestproject.dll" id="26c85a86-1383-9737-58c9-22fa784f7da5">
      <Execution id="7ec91c18-4ed3-4770-8ae0-09ec5cd75fa2" />
      <TestMethod codeBase="C:\Projekty\xUnitTestProject\bin\Debug\netcoreapp3.1\xUnitTestProject.dll" adapterTypeName="executor://xunit/VsTestRunner2/netcoreapp" className="xUnitTestProject.CurrencyHelperTests" name="FormatToStringTest1000" />
    </UnitTest>
    <UnitTest name="xUnitTestProject.CurrencyHelperTests.FormatToStringTest1000(price: 45035.160883881224, expected: &quot;45035.16 zł&quot;)" storage="c:\projekty\xunittestproject\bin\debug\netcoreapp3.1\xunittestproject.dll" id="685331f6-0a25-8111-bb2a-37dce3d8d170">
      <Execution id="f7c5ff47-47a2-48d8-bb5f-c02d3d3f0a10" />
      <TestMethod codeBase="C:\Projekty\xUnitTestProject\bin\Debug\netcoreapp3.1\xUnitTestProject.dll" adapterTypeName="executor://xunit/VsTestRunner2/netcoreapp" className="xUnitTestProject.CurrencyHelperTests" name="FormatToStringTest1000" />
    </UnitTest>
    <UnitTest name="xUnitTestProject.CurrencyHelperTests.FormatToStringTest1000(price: 577.6071367564645, expected: &quot;577.61 zł&quot;)" storage="c:\projekty\xunittestproject\bin\debug\netcoreapp3.1\xunittestproject.dll" id="92748693-9b58-d8e3-eb5b-22d11e2e9e9d">
      <Execution id="7e7171a2-c98f-4656-a807-5578f8b12f48" />
      <TestMethod codeBase="C:\Projekty\xUnitTestProject\bin\Debug\netcoreapp3.1\xUnitTestProject.dll" adapterTypeName="executor://xunit/VsTestRunner2/netcoreapp" className="xUnitTestProject.CurrencyHelperTests" name="FormatToStringTest1000" />
    </UnitTest>
    <UnitTest name="xUnitTestProject.CurrencyHelperTests.FormatToStringTest1000(price: 46898.00219497783, expected: &quot;46898.00 zł&quot;)" storage="c:\projekty\xunittestproject\bin\debug\netcoreapp3.1\xunittestproject.dll" id="25b36055-f21f-fb6a-b7ef-81ccf96dd2b6">
      <Execution id="413208f9-8e87-4bfe-a886-24f0f943fa1c" />
      <TestMethod codeBase="C:\Projekty\xUnitTestProject\bin\Debug\netcoreapp3.1\xUnitTestProject.dll" adapterTypeName="executor://xunit/VsTestRunner2/netcoreapp" className="xUnitTestProject.CurrencyHelperTests" name="FormatToStringTest1000" />
    </UnitTest>
    <UnitTest name="xUnitTestProject.CurrencyHelperTests.FormatToStringTest1000(price: 20237.28532723723, expected: &quot;20237.29 zł&quot;)" storage="c:\projekty\xunittestproject\bin\debug\netcoreapp3.1\xunittestproject.dll" id="5c2754e4-1c80-78fc-5cc7-dfd05e800cc5">
      <Execution id="8c80f70b-9aa5-46bc-9f01-add888e7448e" />
      <TestMethod codeBase="C:\Projekty\xUnitTestProject\bin\Debug\netcoreapp3.1\xUnitTestProject.dll" adapterTypeName="executor://xunit/VsTestRunner2/netcoreapp" className="xUnitTestProject.CurrencyHelperTests" name="FormatToStringTest1000" />
    </UnitTest>
    <UnitTest name="xUnitTestProject.CurrencyHelperTests.FormatToStringTest1000(price: 6946.333318357977, expected: &quot;6946.33 zł&quot;)" storage="c:\projekty\xunittestproject\bin\debug\netcoreapp3.1\xunittestproject.dll" id="73bcea4a-0bf6-aaca-b16b-8e4d59f9059e">
      <Execution id="66c95bdd-8ab2-4809-b6fc-bf845d9649ac" />
      <TestMethod codeBase="C:\Projekty\xUnitTestProject\bin\Debug\netcoreapp3.1\xUnitTestProject.dll" adapterTypeName="executor://xunit/VsTestRunner2/netcoreapp" className="xUnitTestProject.CurrencyHelperTests" name="FormatToStringTest1000" />
    </UnitTest>
    <UnitTest name="xUnitTestProject.CurrencyHelperTests.FormatToStringTest1000(price: 25794.833624416417, expected: &quot;25794.83 zł&quot;)" storage="c:\projekty\xunittestproject\bin\debug\netcoreapp3.1\xunittestproject.dll" id="0739d753-ed0a-2224-af37-24f0fcbbbd00">
      <Execution id="b7df83b1-47de-4362-9506-2d2f4d9498d5" />
      <TestMethod codeBase="C:\Projekty\xUnitTestProject\bin\Debug\netcoreapp3.1\xUnitTestProject.dll" adapterTypeName="executor://xunit/VsTestRunner2/netcoreapp" className="xUnitTestProject.CurrencyHelperTests" name="FormatToStringTest1000" />
    </UnitTest>
    <UnitTest name="xUnitTestProject.CurrencyHelperTests.FormatToStringTest1000(price: 37114.901517336206, expected: &quot;37114.90 zł&quot;)" storage="c:\projekty\xunittestproject\bin\debug\netcoreapp3.1\xunittestproject.dll" id="d9592df4-0966-3c3a-722c-1595fa840f06">
      <Execution id="500e17c0-d679-4a4c-ac7d-418df9c9f077" />
      <TestMethod codeBase="C:\Projekty\xUnitTestProject\bin\Debug\netcoreapp3.1\xUnitTestProject.dll" adapterTypeName="executor://xunit/VsTestRunner2/netcoreapp" className="xUnitTestProject.CurrencyHelperTests" name="FormatToStringTest1000" />
    </UnitTest>
    <UnitTest name="xUnitTestProject.CurrencyHelperTests.FormatToStringTest1000(price: 69373.32129976773, expected: &quot;69373.32 zł&quot;)" storage="c:\projekty\xunittestproject\bin\debug\netcoreapp3.1\xunittestproject.dll" id="3fad871b-7e9b-a4ff-8f1b-45e15f0c2efa">
      <Execution id="127f9084-07f0-40d9-b503-6fb2cd670fec" />
      <TestMethod codeBase="C:\Projekty\xUnitTestProject\bin\Debug\netcoreapp3.1\xUnitTestProject.dll" adapterTypeName="executor://xunit/VsTestRunner2/netcoreapp" className="xUnitTestProject.CurrencyHelperTests" name="FormatToStringTest1000" />
    </UnitTest>
    <UnitTest name="xUnitTestProject.CurrencyHelperTests.FormatToStringTest1000(price: 1896.1704506483723, expected: &quot;1896.17 zł&quot;)" storage="c:\projekty\xunittestproject\bin\debug\netcoreapp3.1\xunittestproject.dll" id="e238bfca-4b11-493d-42eb-8f12a1ef721f">
      <Execution id="50daeb81-fe01-45b6-88e6-869ffe43d925" />
      <TestMethod codeBase="C:\Projekty\xUnitTestProject\bin\Debug\netcoreapp3.1\xUnitTestProject.dll" adapterTypeName="executor://xunit/VsTestRunner2/netcoreapp" className="xUnitTestProject.CurrencyHelperTests" name="FormatToStringTest1000" />
    </UnitTest>
    <UnitTest name="xUnitTestProject.CurrencyHelperTests.FormatToStringTest1000(price: 13453.429998117233, expected: &quot;13453.43 zł&quot;)" storage="c:\projekty\xunittestproject\bin\debug\netcoreapp3.1\xunittestproject.dll" id="a8ba7efd-581f-551d-dd26-e7f6709e3995">
      <Execution id="337c951d-ac43-4cde-9b67-0b811ba62442" />
      <TestMethod codeBase="C:\Projekty\xUnitTestProject\bin\Debug\netcoreapp3.1\xUnitTestProject.dll" adapterTypeName="executor://xunit/VsTestRunner2/netcoreapp" className="xUnitTestProject.CurrencyHelperTests" name="FormatToStringTest1000" />
    </UnitTest>
    <UnitTest name="xUnitTestProject.CurrencyHelperTests.FormatToStringTest1000(price: 3588.260979617136, expected: &quot;3588.26 zł&quot;)" storage="c:\projekty\xunittestproject\bin\debug\netcoreapp3.1\xunittestproject.dll" id="1d271909-1898-128b-21ec-f802c1979d9e">
      <Execution id="c182d3bb-e521-4fd0-97dc-44124748f284" />
      <TestMethod codeBase="C:\Projekty\xUnitTestProject\bin\Debug\netcoreapp3.1\xUnitTestProject.dll" adapterTypeName="executor://xunit/VsTestRunner2/netcoreapp" className="xUnitTestProject.CurrencyHelperTests" name="FormatToStringTest1000" />
    </UnitTest>
    <UnitTest name="xUnitTestProject.CurrencyHelperTests.FormatToStringTest1000(price: 5279.315995182524, expected: &quot;5279.32 zł&quot;)" storage="c:\projekty\xunittestproject\bin\debug\netcoreapp3.1\xunittestproject.dll" id="0ee739fa-dfa4-5ef5-1b22-8fe2862978a3">
      <Execution id="88cf7e5f-0be4-4e2b-996c-19ea6fb02709" />
      <TestMethod codeBase="C:\Projekty\xUnitTestProject\bin\Debug\netcoreapp3.1\xUnitTestProject.dll" adapterTypeName="executor://xunit/VsTestRunner2/netcoreapp" className="xUnitTestProject.CurrencyHelperTests" name="FormatToStringTest1000" />
    </UnitTest>
    <UnitTest name="xUnitTestProject.CurrencyHelperTests.FormatToStringTest1000(price: 806.960597043373, expected: &quot;806.96 zł&quot;)" storage="c:\projekty\xunittestproject\bin\debug\netcoreapp3.1\xunittestproject.dll" id="171141a5-7e7d-d227-6619-8929fed50e13">
      <Execution id="b3f37eed-04ef-4cd8-8370-6cf02dde266a" />
      <TestMethod codeBase="C:\Projekty\xUnitTestProject\bin\Debug\netcoreapp3.1\xUnitTestProject.dll" adapterTypeName="executor://xunit/VsTestRunner2/netcoreapp" className="xUnitTestProject.CurrencyHelperTests" name="FormatToStringTest1000" />
    </UnitTest>
    <UnitTest name="xUnitTestProject.CurrencyHelperTests.FormatToStringTest1000(price: 36978.61073549213, expected: &quot;36978.61 zł&quot;)" storage="c:\projekty\xunittestproject\bin\debug\netcoreapp3.1\xunittestproject.dll" id="f284fcd5-95ba-5e4a-ef58-143a466ff941">
      <Execution id="6d563dce-dbe3-4268-9d3f-b8f8ed464c1b" />
      <TestMethod codeBase="C:\Projekty\xUnitTestProject\bin\Debug\netcoreapp3.1\xUnitTestProject.dll" adapterTypeName="executor://xunit/VsTestRunner2/netcoreapp" className="xUnitTestProject.CurrencyHelperTests" name="FormatToStringTest1000" />
    </UnitTest>
    <UnitTest name="xUnitTestProject.CurrencyHelperTests.FormatToStringTest1000(price: 10174.652801423637, expected: &quot;10174.65 zł&quot;)" storage="c:\projekty\xunittestproject\bin\debug\netcoreapp3.1\xunittestproject.dll" id="20607095-992d-3bf7-849c-32032c3b5657">
      <Execution id="3f1aa12a-9448-41c4-9c54-70ee3d9c927c" />
      <TestMethod codeBase="C:\Projekty\xUnitTestProject\bin\Debug\netcoreapp3.1\xUnitTestProject.dll" adapterTypeName="executor://xunit/VsTestRunner2/netcoreapp" className="xUnitTestProject.CurrencyHelperTests" name="FormatToStringTest1000" />
    </UnitTest>
    <UnitTest name="xUnitTestProject.CurrencyHelperTests.FormatToStringTest1000(price: 5870.791169434223, expected: &quot;5870.79 zł&quot;)" storage="c:\projekty\xunittestproject\bin\debug\netcoreapp3.1\xunittestproject.dll" id="b6713598-e21c-6f29-08f1-f4f46e42ba65">
      <Execution id="c7552cba-1cef-49b6-aad5-c99697b9b77b" />
      <TestMethod codeBase="C:\Projekty\xUnitTestProject\bin\Debug\netcoreapp3.1\xUnitTestProject.dll" adapterTypeName="executor://xunit/VsTestRunner2/netcoreapp" className="xUnitTestProject.CurrencyHelperTests" name="FormatToStringTest1000" />
    </UnitTest>
    <UnitTest name="xUnitTestProject.CurrencyHelperTests.FormatToStringTest1000(price: 31805.23430354532, expected: &quot;31805.23 zł&quot;)" storage="c:\projekty\xunittestproject\bin\debug\netcoreapp3.1\xunittestproject.dll" id="79d9531c-e009-9169-2cbc-ceab51e47aa5">
      <Execution id="682039bc-a5d6-4f06-8c12-c686349e689d" />
      <TestMethod codeBase="C:\Projekty\xUnitTestProject\bin\Debug\netcoreapp3.1\xUnitTestProject.dll" adapterTypeName="executor://xunit/VsTestRunner2/netcoreapp" className="xUnitTestProject.CurrencyHelperTests" name="FormatToStringTest1000" />
    </UnitTest>
    <UnitTest name="xUnitTestProject.CurrencyHelperTests.FormatToStringTest1000(price: 16825.83099003268, expected: &quot;16825.83 zł&quot;)" storage="c:\projekty\xunittestproject\bin\debug\netcoreapp3.1\xunittestproject.dll" id="7e29f92d-fa8b-6742-a856-fa32047034c5">
      <Execution id="c57c0e09-833d-4144-aecb-f5092e9b79c7" />
      <TestMethod codeBase="C:\Projekty\xUnitTestProject\bin\Debug\netcoreapp3.1\xUnitTestProject.dll" adapterTypeName="executor://xunit/VsTestRunner2/netcoreapp" className="xUnitTestProject.CurrencyHelperTests" name="FormatToStringTest1000" />
    </UnitTest>
    <UnitTest name="xUnitTestProject.CurrencyHelperTests.FormatToStringTest1000(price: 41008.28505327194, expected: &quot;41008.29 zł&quot;)" storage="c:\projekty\xunittestproject\bin\debug\netcoreapp3.1\xunittestproject.dll" id="2ed2cd1c-632f-e0d9-b2af-c3d4c17fd7b1">
      <Execution id="4fb79616-a3d2-41ba-b174-5e2ca3a7adf6" />
      <TestMethod codeBase="C:\Projekty\xUnitTestProject\bin\Debug\netcoreapp3.1\xUnitTestProject.dll" adapterTypeName="executor://xunit/VsTestRunner2/netcoreapp" className="xUnitTestProject.CurrencyHelperTests" name="FormatToStringTest1000" />
    </UnitTest>
    <UnitTest name="xUnitTestProject.CurrencyHelperTests.FormatToStringTest1000(price: 22153.282278674324, expected: &quot;22153.28 zł&quot;)" storage="c:\projekty\xunittestproject\bin\debug\netcoreapp3.1\xunittestproject.dll" id="d9021346-4b7d-e467-848a-6a660c41636c">
      <Execution id="e03c8751-7a7a-4e7c-b741-96e1059cf23b" />
      <TestMethod codeBase="C:\Projekty\xUnitTestProject\bin\Debug\netcoreapp3.1\xUnitTestProject.dll" adapterTypeName="executor://xunit/VsTestRunner2/netcoreapp" className="xUnitTestProject.CurrencyHelperTests" name="FormatToStringTest1000" />
    </UnitTest>
    <UnitTest name="xUnitTestProject.CurrencyHelperTests.FormatToStringTest1000(price: 20116.958341299072, expected: &quot;20116.96 zł&quot;)" storage="c:\projekty\xunittestproject\bin\debug\netcoreapp3.1\xunittestproject.dll" id="e12861db-8cd0-3c0d-af0a-eb43dfba13d7">
      <Execution id="696f83b2-45eb-43a7-a614-a8a8a179dbf8" />
      <TestMethod codeBase="C:\Projekty\xUnitTestProject\bin\Debug\netcoreapp3.1\xUnitTestProject.dll" adapterTypeName="executor://xunit/VsTestRunner2/netcoreapp" className="xUnitTestProject.CurrencyHelperTests" name="FormatToStringTest1000" />
    </UnitTest>
    <UnitTest name="xUnitTestProject.CurrencyHelperTests.FormatToStringTest1000(price: 653.4647999170537, expected: &quot;653.46 zł&quot;)" storage="c:\projekty\xunittestproject\bin\debug\netcoreapp3.1\xunittestproject.dll" id="49539e03-80f3-85f0-9c28-9ba645507120">
      <Execution id="38538312-d52e-4e5b-af48-c10bafaff7e5" />
      <TestMethod codeBase="C:\Projekty\xUnitTestProject\bin\Debug\netcoreapp3.1\xUnitTestProject.dll" adapterTypeName="executor://xunit/VsTestRunner2/netcoreapp" className="xUnitTestProject.CurrencyHelperTests" name="FormatToStringTest1000" />
    </UnitTest>
    <UnitTest name="xUnitTestProject.CurrencyHelperTests.FormatToStringTest1000(price: 13402.882692040355, expected: &quot;13402.88 zł&quot;)" storage="c:\projekty\xunittestproject\bin\debug\netcoreapp3.1\xunittestproject.dll" id="12d96651-40d0-5499-9770-bf08435d63fc">
      <Execution id="94305af0-7945-40a9-85ca-be11056e8a77" />
      <TestMethod codeBase="C:\Projekty\xUnitTestProject\bin\Debug\netcoreapp3.1\xUnitTestProject.dll" adapterTypeName="executor://xunit/VsTestRunner2/netcoreapp" className="xUnitTestProject.CurrencyHelperTests" name="FormatToStringTest1000" />
    </UnitTest>
    <UnitTest name="xUnitTestProject.CurrencyHelperTests.FormatToStringTest1000(price: 22831.975917587977, expected: &quot;22831.98 zł&quot;)" storage="c:\projekty\xunittestproject\bin\debug\netcoreapp3.1\xunittestproject.dll" id="e46091cf-1e82-9cd3-4478-8e74502a12eb">
      <Execution id="473521ca-4322-454c-9d63-b46eb6a2c238" />
      <TestMethod codeBase="C:\Projekty\xUnitTestProject\bin\Debug\netcoreapp3.1\xUnitTestProject.dll" adapterTypeName="executor://xunit/VsTestRunner2/netcoreapp" className="xUnitTestProject.CurrencyHelperTests" name="FormatToStringTest1000" />
    </UnitTest>
    <UnitTest name="xUnitTestProject.CurrencyHelperTests.FormatToStringTest1000(price: 21996.80326662576, expected: &quot;21996.80 zł&quot;)" storage="c:\projekty\xunittestproject\bin\debug\netcoreapp3.1\xunittestproject.dll" id="11ed9e7e-df07-2b0d-0eec-e5030427083f">
      <Execution id="bc5f4234-86a6-4a28-bac6-0be0afe18f94" />
      <TestMethod codeBase="C:\Projekty\xUnitTestProject\bin\Debug\netcoreapp3.1\xUnitTestProject.dll" adapterTypeName="executor://xunit/VsTestRunner2/netcoreapp" className="xUnitTestProject.CurrencyHelperTests" name="FormatToStringTest1000" />
    </UnitTest>
    <UnitTest name="xUnitTestProject.CurrencyHelperTests.FormatToStringTest1000(price: 1814.7218118955948, expected: &quot;1814.72 zł&quot;)" storage="c:\projekty\xunittestproject\bin\debug\netcoreapp3.1\xunittestproject.dll" id="56e327fe-8407-ea11-addf-90ce93ff7d58">
      <Execution id="03f1fd6b-7f03-4aa7-840b-9ec842c6e718" />
      <TestMethod codeBase="C:\Projekty\xUnitTestProject\bin\Debug\netcoreapp3.1\xUnitTestProject.dll" adapterTypeName="executor://xunit/VsTestRunner2/netcoreapp" className="xUnitTestProject.CurrencyHelperTests" name="FormatToStringTest1000" />
    </UnitTest>
    <UnitTest name="xUnitTestProject.CurrencyHelperTests.FormatToStringTest1000(price: 29845.02749849345, expected: &quot;29845.03 zł&quot;)" storage="c:\projekty\xunittestproject\bin\debug\netcoreapp3.1\xunittestproject.dll" id="c8c9567a-0791-4ff6-39a0-7fa2a22ff301">
      <Execution id="d2fa4390-9491-401b-b454-736a8bcb88b6" />
      <TestMethod codeBase="C:\Projekty\xUnitTestProject\bin\Debug\netcoreapp3.1\xUnitTestProject.dll" adapterTypeName="executor://xunit/VsTestRunner2/netcoreapp" className="xUnitTestProject.CurrencyHelperTests" name="FormatToStringTest1000" />
    </UnitTest>
    <UnitTest name="xUnitTestProject.CurrencyHelperTests.FormatToStringTest1000(price: 24825.207513729205, expected: &quot;24825.21 zł&quot;)" storage="c:\projekty\xunittestproject\bin\debug\netcoreapp3.1\xunittestproject.dll" id="6a1a0675-fdd2-69ea-ed07-cd8b45ca5094">
      <Execution id="80edbd75-4afa-4ee6-8a03-0f500f6e7a9e" />
      <TestMethod codeBase="C:\Projekty\xUnitTestProject\bin\Debug\netcoreapp3.1\xUnitTestProject.dll" adapterTypeName="executor://xunit/VsTestRunner2/netcoreapp" className="xUnitTestProject.CurrencyHelperTests" name="FormatToStringTest1000" />
    </UnitTest>
    <UnitTest name="xUnitTestProject.CurrencyHelperTests.FormatToStringTest1000(price: 11796.576829059317, expected: &quot;11796.58 zł&quot;)" storage="c:\projekty\xunittestproject\bin\debug\netcoreapp3.1\xunittestproject.dll" id="17903115-6688-8f7d-0f17-6bed61c91258">
      <Execution id="12d48d1d-d95b-4fb7-a837-1eef5fc1706e" />
      <TestMethod codeBase="C:\Projekty\xUnitTestProject\bin\Debug\netcoreapp3.1\xUnitTestProject.dll" adapterTypeName="executor://xunit/VsTestRunner2/netcoreapp" className="xUnitTestProject.CurrencyHelperTests" name="FormatToStringTest1000" />
    </UnitTest>
    <UnitTest name="xUnitTestProject.CurrencyHelperTests.FormatToStringTest1000(price: 5317.9582678023535, expected: &quot;5317.96 zł&quot;)" storage="c:\projekty\xunittestproject\bin\debug\netcoreapp3.1\xunittestproject.dll" id="7f38c64c-30e5-6f29-b1b2-933630e715de">
      <Execution id="12aacd09-9a53-4f09-8dae-15e24abd643a" />
      <TestMethod codeBase="C:\Projekty\xUnitTestProject\bin\Debug\netcoreapp3.1\xUnitTestProject.dll" adapterTypeName="executor://xunit/VsTestRunner2/netcoreapp" className="xUnitTestProject.CurrencyHelperTests" name="FormatToStringTest1000" />
    </UnitTest>
    <UnitTest name="xUnitTestProject.CurrencyHelperTests.FormatToStringTest1000(price: 15591.4117417221, expected: &quot;15591.41 zł&quot;)" storage="c:\projekty\xunittestproject\bin\debug\netcoreapp3.1\xunittestproject.dll" id="a309af81-dde2-6e24-4ef5-234d753b7352">
      <Execution id="5a739e64-15f0-418d-9546-d8048de25f44" />
      <TestMethod codeBase="C:\Projekty\xUnitTestProject\bin\Debug\netcoreapp3.1\xUnitTestProject.dll" adapterTypeName="executor://xunit/VsTestRunner2/netcoreapp" className="xUnitTestProject.CurrencyHelperTests" name="FormatToStringTest1000" />
    </UnitTest>
    <UnitTest name="xUnitTestProject.CurrencyHelperTests.FormatToStringTest1000(price: 76106.57198894516, expected: &quot;76106.57 zł&quot;)" storage="c:\projekty\xunittestproject\bin\debug\netcoreapp3.1\xunittestproject.dll" id="ed2c7eae-4b8e-1a77-ee79-03d5fbd59f41">
      <Execution id="f135c761-79c9-481f-9674-c51b2c6953ae" />
      <TestMethod codeBase="C:\Projekty\xUnitTestProject\bin\Debug\netcoreapp3.1\xUnitTestProject.dll" adapterTypeName="executor://xunit/VsTestRunner2/netcoreapp" className="xUnitTestProject.CurrencyHelperTests" name="FormatToStringTest1000" />
    </UnitTest>
    <UnitTest name="xUnitTestProject.CurrencyHelperTests.FormatToStringTest1000(price: 7726.0074454499445, expected: &quot;7726.01 zł&quot;)" storage="c:\projekty\xunittestproject\bin\debug\netcoreapp3.1\xunittestproject.dll" id="b7a54b06-1426-b0d1-c148-d7f5ca4a408c">
      <Execution id="95456392-8c3f-4ca9-84f6-eb9248ca1fd8" />
      <TestMethod codeBase="C:\Projekty\xUnitTestProject\bin\Debug\netcoreapp3.1\xUnitTestProject.dll" adapterTypeName="executor://xunit/VsTestRunner2/netcoreapp" className="xUnitTestProject.CurrencyHelperTests" name="FormatToStringTest1000" />
    </UnitTest>
    <UnitTest name="xUnitTestProject.CurrencyHelperTests.FormatToStringTest1000(price: 7013.601812260971, expected: &quot;7013.60 zł&quot;)" storage="c:\projekty\xunittestproject\bin\debug\netcoreapp3.1\xunittestproject.dll" id="6f6f8b3a-15e7-3194-8c20-0c46fab5e263">
      <Execution id="747409ee-6586-4a8f-bc40-48d76c8f2700" />
      <TestMethod codeBase="C:\Projekty\xUnitTestProject\bin\Debug\netcoreapp3.1\xUnitTestProject.dll" adapterTypeName="executor://xunit/VsTestRunner2/netcoreapp" className="xUnitTestProject.CurrencyHelperTests" name="FormatToStringTest1000" />
    </UnitTest>
    <UnitTest name="xUnitTestProject.CurrencyHelperTests.FormatToStringTest1000(price: 11944.74385168531, expected: &quot;11944.74 zł&quot;)" storage="c:\projekty\xunittestproject\bin\debug\netcoreapp3.1\xunittestproject.dll" id="dc54e0bb-502b-6570-9584-a9f765f8122d">
      <Execution id="6f5e91ee-8d78-4fe6-9ac3-6b5fe71c454e" />
      <TestMethod codeBase="C:\Projekty\xUnitTestProject\bin\Debug\netcoreapp3.1\xUnitTestProject.dll" adapterTypeName="executor://xunit/VsTestRunner2/netcoreapp" className="xUnitTestProject.CurrencyHelperTests" name="FormatToStringTest1000" />
    </UnitTest>
    <UnitTest name="xUnitTestProject.CurrencyHelperTests.FormatToStringTest1000(price: 4823.904478896365, expected: &quot;4823.90 zł&quot;)" storage="c:\projekty\xunittestproject\bin\debug\netcoreapp3.1\xunittestproject.dll" id="caaa55d0-af40-7108-2d48-eb01bc500599">
      <Execution id="6289f95e-39b7-49bd-9ce0-68d4595bf87a" />
      <TestMethod codeBase="C:\Projekty\xUnitTestProject\bin\Debug\netcoreapp3.1\xUnitTestProject.dll" adapterTypeName="executor://xunit/VsTestRunner2/netcoreapp" className="xUnitTestProject.CurrencyHelperTests" name="FormatToStringTest1000" />
    </UnitTest>
    <UnitTest name="xUnitTestProject.CurrencyHelperTests.FormatToStringTest1000(price: 43858.624379632354, expected: &quot;43858.62 zł&quot;)" storage="c:\projekty\xunittestproject\bin\debug\netcoreapp3.1\xunittestproject.dll" id="68aeee53-b239-e7d6-6e18-da94fac3a451">
      <Execution id="0e0d8200-d9dd-4ae8-ad11-8fa24134bc08" />
      <TestMethod codeBase="C:\Projekty\xUnitTestProject\bin\Debug\netcoreapp3.1\xUnitTestProject.dll" adapterTypeName="executor://xunit/VsTestRunner2/netcoreapp" className="xUnitTestProject.CurrencyHelperTests" name="FormatToStringTest1000" />
    </UnitTest>
    <UnitTest name="xUnitTestProject.CurrencyHelperTests.FormatToStringTest1000(price: 19397.344749736294, expected: &quot;19397.34 zł&quot;)" storage="c:\projekty\xunittestproject\bin\debug\netcoreapp3.1\xunittestproject.dll" id="100cc4f6-ca16-2d93-296d-fb39d2a6b55f">
      <Execution id="ec0667b9-b934-40d9-92b8-49733531fac2" />
      <TestMethod codeBase="C:\Projekty\xUnitTestProject\bin\Debug\netcoreapp3.1\xUnitTestProject.dll" adapterTypeName="executor://xunit/VsTestRunner2/netcoreapp" className="xUnitTestProject.CurrencyHelperTests" name="FormatToStringTest1000" />
    </UnitTest>
    <UnitTest name="xUnitTestProject.CurrencyHelperTests.FormatToStringTest1000(price: 2115.5076919884923, expected: &quot;2115.51 zł&quot;)" storage="c:\projekty\xunittestproject\bin\debug\netcoreapp3.1\xunittestproject.dll" id="466d7722-0345-718d-529e-85f31a949492">
      <Execution id="bf4a507f-a6f2-437a-8a5c-c8f2adb27db7" />
      <TestMethod codeBase="C:\Projekty\xUnitTestProject\bin\Debug\netcoreapp3.1\xUnitTestProject.dll" adapterTypeName="executor://xunit/VsTestRunner2/netcoreapp" className="xUnitTestProject.CurrencyHelperTests" name="FormatToStringTest1000" />
    </UnitTest>
    <UnitTest name="xUnitTestProject.CurrencyHelperTests.FormatToStringTest1000(price: 38076.55319665165, expected: &quot;38076.55 zł&quot;)" storage="c:\projekty\xunittestproject\bin\debug\netcoreapp3.1\xunittestproject.dll" id="d87ccf8e-ab46-94a5-7597-e2ef80212732">
      <Execution id="6960c6e1-1c16-4d81-90f9-e49233c00c48" />
      <TestMethod codeBase="C:\Projekty\xUnitTestProject\bin\Debug\netcoreapp3.1\xUnitTestProject.dll" adapterTypeName="executor://xunit/VsTestRunner2/netcoreapp" className="xUnitTestProject.CurrencyHelperTests" name="FormatToStringTest1000" />
    </UnitTest>
    <UnitTest name="xUnitTestProject.CurrencyHelperTests.FormatToStringTest1000(price: 11584.045280779732, expected: &quot;11584.05 zł&quot;)" storage="c:\projekty\xunittestproject\bin\debug\netcoreapp3.1\xunittestproject.dll" id="984ccf4b-e758-da57-870c-fdaae5c09395">
      <Execution id="79acc13e-7eda-4aa0-85a1-5be1c4544136" />
      <TestMethod codeBase="C:\Projekty\xUnitTestProject\bin\Debug\netcoreapp3.1\xUnitTestProject.dll" adapterTypeName="executor://xunit/VsTestRunner2/netcoreapp" className="xUnitTestProject.CurrencyHelperTests" name="FormatToStringTest1000" />
    </UnitTest>
    <UnitTest name="xUnitTestProject.CurrencyHelperTests.FormatToStringTest1000(price: 60701.5177499319, expected: &quot;60701.52 zł&quot;)" storage="c:\projekty\xunittestproject\bin\debug\netcoreapp3.1\xunittestproject.dll" id="80a4940d-875d-f4f0-bd6e-0d3aab9861cb">
      <Execution id="291cdcf4-1d11-4ea2-a981-578ab434684d" />
      <TestMethod codeBase="C:\Projekty\xUnitTestProject\bin\Debug\netcoreapp3.1\xUnitTestProject.dll" adapterTypeName="executor://xunit/VsTestRunner2/netcoreapp" className="xUnitTestProject.CurrencyHelperTests" name="FormatToStringTest1000" />
    </UnitTest>
    <UnitTest name="xUnitTestProject.CurrencyHelperTests.FormatToStringTest1000(price: 73504.44700518598, expected: &quot;73504.45 zł&quot;)" storage="c:\projekty\xunittestproject\bin\debug\netcoreapp3.1\xunittestproject.dll" id="eca8de8b-49e2-07c6-8662-27843e169d09">
      <Execution id="20ea78ea-0b1f-459b-adc0-cb3870901b36" />
      <TestMethod codeBase="C:\Projekty\xUnitTestProject\bin\Debug\netcoreapp3.1\xUnitTestProject.dll" adapterTypeName="executor://xunit/VsTestRunner2/netcoreapp" className="xUnitTestProject.CurrencyHelperTests" name="FormatToStringTest1000" />
    </UnitTest>
    <UnitTest name="xUnitTestProject.CurrencyHelperTests.FormatToStringTest1000(price: 9196.579612724754, expected: &quot;9196.58 zł&quot;)" storage="c:\projekty\xunittestproject\bin\debug\netcoreapp3.1\xunittestproject.dll" id="75fb03cc-a2de-116e-3a3c-32d118eb526b">
      <Execution id="248231b5-6280-4002-a98b-ee0aeec64dae" />
      <TestMethod codeBase="C:\Projekty\xUnitTestProject\bin\Debug\netcoreapp3.1\xUnitTestProject.dll" adapterTypeName="executor://xunit/VsTestRunner2/netcoreapp" className="xUnitTestProject.CurrencyHelperTests" name="FormatToStringTest1000" />
    </UnitTest>
    <UnitTest name="xUnitTestProject.CurrencyHelperTests.FormatToStringTest1000(price: 48684.26840475959, expected: &quot;48684.27 zł&quot;)" storage="c:\projekty\xunittestproject\bin\debug\netcoreapp3.1\xunittestproject.dll" id="2816ac64-5eac-8f30-91ba-bdceffb7dd71">
      <Execution id="8ee8bf6c-3cad-4816-899b-24ecba5db676" />
      <TestMethod codeBase="C:\Projekty\xUnitTestProject\bin\Debug\netcoreapp3.1\xUnitTestProject.dll" adapterTypeName="executor://xunit/VsTestRunner2/netcoreapp" className="xUnitTestProject.CurrencyHelperTests" name="FormatToStringTest1000" />
    </UnitTest>
    <UnitTest name="xUnitTestProject.CurrencyHelperTests.FormatToStringTest1000(price: 236.20263638589657, expected: &quot;236.20 zł&quot;)" storage="c:\projekty\xunittestproject\bin\debug\netcoreapp3.1\xunittestproject.dll" id="ba737e18-d009-4d7c-6e13-52f4c654ec83">
      <Execution id="18845524-0ae8-45c1-8950-95f35a24153c" />
      <TestMethod codeBase="C:\Projekty\xUnitTestProject\bin\Debug\netcoreapp3.1\xUnitTestProject.dll" adapterTypeName="executor://xunit/VsTestRunner2/netcoreapp" className="xUnitTestProject.CurrencyHelperTests" name="FormatToStringTest1000" />
    </UnitTest>
    <UnitTest name="xUnitTestProject.CurrencyHelperTests.FormatToStringTest1000(price: 1011.9989482094529, expected: &quot;1012.00 zł&quot;)" storage="c:\projekty\xunittestproject\bin\debug\netcoreapp3.1\xunittestproject.dll" id="558fcad2-7807-3075-bb81-ec539c4697ba">
      <Execution id="bdc8d043-4a1a-4200-b6bb-f09b262c0a61" />
      <TestMethod codeBase="C:\Projekty\xUnitTestProject\bin\Debug\netcoreapp3.1\xUnitTestProject.dll" adapterTypeName="executor://xunit/VsTestRunner2/netcoreapp" className="xUnitTestProject.CurrencyHelperTests" name="FormatToStringTest1000" />
    </UnitTest>
    <UnitTest name="xUnitTestProject.CurrencyHelperTests.FormatToStringTest1000(price: 64210.358316209335, expected: &quot;64210.36 zł&quot;)" storage="c:\projekty\xunittestproject\bin\debug\netcoreapp3.1\xunittestproject.dll" id="a5736665-a659-170c-f088-df8850eec8a7">
      <Execution id="cbfd8bfe-0af4-4a50-9ec3-f3eff7fd9b90" />
      <TestMethod codeBase="C:\Projekty\xUnitTestProject\bin\Debug\netcoreapp3.1\xUnitTestProject.dll" adapterTypeName="executor://xunit/VsTestRunner2/netcoreapp" className="xUnitTestProject.CurrencyHelperTests" name="FormatToStringTest1000" />
    </UnitTest>
    <UnitTest name="xUnitTestProject.CurrencyHelperTests.FormatToStringTest1000(price: 17953.338243749615, expected: &quot;17953.34 zł&quot;)" storage="c:\projekty\xunittestproject\bin\debug\netcoreapp3.1\xunittestproject.dll" id="9feffc56-b6c3-64a3-e834-86f62ce8266d">
      <Execution id="a95932b7-02ce-4abc-9c17-0a2ef8a10dbf" />
      <TestMethod codeBase="C:\Projekty\xUnitTestProject\bin\Debug\netcoreapp3.1\xUnitTestProject.dll" adapterTypeName="executor://xunit/VsTestRunner2/netcoreapp" className="xUnitTestProject.CurrencyHelperTests" name="FormatToStringTest1000" />
    </UnitTest>
    <UnitTest name="xUnitTestProject.CurrencyHelperTests.FormatToStringTest1000(price: 77904.0088552246, expected: &quot;77904.01 zł&quot;)" storage="c:\projekty\xunittestproject\bin\debug\netcoreapp3.1\xunittestproject.dll" id="e18b4dbd-2ff6-3acf-dfb2-f12cbfa820d0">
      <Execution id="c215da79-2e5c-496b-b21b-e854dfcba42f" />
      <TestMethod codeBase="C:\Projekty\xUnitTestProject\bin\Debug\netcoreapp3.1\xUnitTestProject.dll" adapterTypeName="executor://xunit/VsTestRunner2/netcoreapp" className="xUnitTestProject.CurrencyHelperTests" name="FormatToStringTest1000" />
    </UnitTest>
    <UnitTest name="xUnitTestProject.CurrencyHelperTests.FormatToStringTest1000(price: 3506.8456124108498, expected: &quot;3506.85 zł&quot;)" storage="c:\projekty\xunittestproject\bin\debug\netcoreapp3.1\xunittestproject.dll" id="1fce28e8-5dee-1344-5678-0f5715c803f3">
      <Execution id="dc692a97-7a58-44fd-a052-0e1a388b428d" />
      <TestMethod codeBase="C:\Projekty\xUnitTestProject\bin\Debug\netcoreapp3.1\xUnitTestProject.dll" adapterTypeName="executor://xunit/VsTestRunner2/netcoreapp" className="xUnitTestProject.CurrencyHelperTests" name="FormatToStringTest1000" />
    </UnitTest>
    <UnitTest name="xUnitTestProject.CurrencyHelperTests.FormatToStringTest1000(price: 40545.70748620001, expected: &quot;40545.71 zł&quot;)" storage="c:\projekty\xunittestproject\bin\debug\netcoreapp3.1\xunittestproject.dll" id="61bdea90-2716-ebd5-11fe-1f07a5d80915">
      <Execution id="02494f3d-137e-4a4f-9f5c-2c8a0925c941" />
      <TestMethod codeBase="C:\Projekty\xUnitTestProject\bin\Debug\netcoreapp3.1\xUnitTestProject.dll" adapterTypeName="executor://xunit/VsTestRunner2/netcoreapp" className="xUnitTestProject.CurrencyHelperTests" name="FormatToStringTest1000" />
    </UnitTest>
    <UnitTest name="xUnitTestProject.CurrencyHelperTests.FormatToStringTest1000(price: 15822.278766386342, expected: &quot;15822.28 zł&quot;)" storage="c:\projekty\xunittestproject\bin\debug\netcoreapp3.1\xunittestproject.dll" id="dbbec110-d393-0535-7065-c16e31474059">
      <Execution id="d015b40c-7406-4acb-a176-a6401fe91b24" />
      <TestMethod codeBase="C:\Projekty\xUnitTestProject\bin\Debug\netcoreapp3.1\xUnitTestProject.dll" adapterTypeName="executor://xunit/VsTestRunner2/netcoreapp" className="xUnitTestProject.CurrencyHelperTests" name="FormatToStringTest1000" />
    </UnitTest>
    <UnitTest name="xUnitTestProject.CurrencyHelperTests.FormatToStringTest1000(price: 73301.91270130403, expected: &quot;73301.91 zł&quot;)" storage="c:\projekty\xunittestproject\bin\debug\netcoreapp3.1\xunittestproject.dll" id="41c4ce1a-ef09-24d7-c3f0-f5bd5a81a0d8">
      <Execution id="2f320ba7-fdc9-4494-84be-6854dc7671d4" />
      <TestMethod codeBase="C:\Projekty\xUnitTestProject\bin\Debug\netcoreapp3.1\xUnitTestProject.dll" adapterTypeName="executor://xunit/VsTestRunner2/netcoreapp" className="xUnitTestProject.CurrencyHelperTests" name="FormatToStringTest1000" />
    </UnitTest>
    <UnitTest name="xUnitTestProject.CurrencyHelperTests.FormatToStringTest1000(price: 85407.13428016152, expected: &quot;85407.13 zł&quot;)" storage="c:\projekty\xunittestproject\bin\debug\netcoreapp3.1\xunittestproject.dll" id="6ca05e92-6a05-ce15-f59b-9b9ed10b85dd">
      <Execution id="fac45e5a-35fc-4325-968c-826faa160533" />
      <TestMethod codeBase="C:\Projekty\xUnitTestProject\bin\Debug\netcoreapp3.1\xUnitTestProject.dll" adapterTypeName="executor://xunit/VsTestRunner2/netcoreapp" className="xUnitTestProject.CurrencyHelperTests" name="FormatToStringTest1000" />
    </UnitTest>
    <UnitTest name="xUnitTestProject.CurrencyHelperTests.FormatToStringTest1000(price: 36047.83545033672, expected: &quot;36047.84 zł&quot;)" storage="c:\projekty\xunittestproject\bin\debug\netcoreapp3.1\xunittestproject.dll" id="bea51f53-59a0-d933-da38-7b5730c49072">
      <Execution id="f9bf17c9-b9a7-426f-b3d7-d0dfa93077a8" />
      <TestMethod codeBase="C:\Projekty\xUnitTestProject\bin\Debug\netcoreapp3.1\xUnitTestProject.dll" adapterTypeName="executor://xunit/VsTestRunner2/netcoreapp" className="xUnitTestProject.CurrencyHelperTests" name="FormatToStringTest1000" />
    </UnitTest>
    <UnitTest name="xUnitTestProject.CurrencyHelperTests.FormatToStringTest1000(price: 27050.586848031067, expected: &quot;27050.59 zł&quot;)" storage="c:\projekty\xunittestproject\bin\debug\netcoreapp3.1\xunittestproject.dll" id="4d4e339b-9d29-e85f-f9ef-3112de40381f">
      <Execution id="81ebf7ca-466e-405c-9fc6-0f3ecc3599d5" />
      <TestMethod codeBase="C:\Projekty\xUnitTestProject\bin\Debug\netcoreapp3.1\xUnitTestProject.dll" adapterTypeName="executor://xunit/VsTestRunner2/netcoreapp" className="xUnitTestProject.CurrencyHelperTests" name="FormatToStringTest1000" />
    </UnitTest>
    <UnitTest name="xUnitTestProject.CurrencyHelperTests.FormatToStringTest1000(price: 9750.134289915735, expected: &quot;9750.13 zł&quot;)" storage="c:\projekty\xunittestproject\bin\debug\netcoreapp3.1\xunittestproject.dll" id="01a9775b-5693-bd58-011d-1e4a65370397">
      <Execution id="1e4ef01e-1afe-4675-b364-074fec025a8f" />
      <TestMethod codeBase="C:\Projekty\xUnitTestProject\bin\Debug\netcoreapp3.1\xUnitTestProject.dll" adapterTypeName="executor://xunit/VsTestRunner2/netcoreapp" className="xUnitTestProject.CurrencyHelperTests" name="FormatToStringTest1000" />
    </UnitTest>
    <UnitTest name="xUnitTestProject.CurrencyHelperTests.FormatToStringTest1000(price: 13503.943645929892, expected: &quot;13503.94 zł&quot;)" storage="c:\projekty\xunittestproject\bin\debug\netcoreapp3.1\xunittestproject.dll" id="5a63d239-8af4-ff24-ef04-165e809fc0f0">
      <Execution id="a6516684-6c4a-4b25-826b-8d5ca49a451c" />
      <TestMethod codeBase="C:\Projekty\xUnitTestProject\bin\Debug\netcoreapp3.1\xUnitTestProject.dll" adapterTypeName="executor://xunit/VsTestRunner2/netcoreapp" className="xUnitTestProject.CurrencyHelperTests" name="FormatToStringTest1000" />
    </UnitTest>
    <UnitTest name="xUnitTestProject.CurrencyHelperTests.FormatToStringTest1000(price: 27629.79121039193, expected: &quot;27629.79 zł&quot;)" storage="c:\projekty\xunittestproject\bin\debug\netcoreapp3.1\xunittestproject.dll" id="fe096e9a-696b-0373-a92c-3a2e57b850e7">
      <Execution id="f45334eb-74c8-4a99-bfd0-99b72e70ff0f" />
      <TestMethod codeBase="C:\Projekty\xUnitTestProject\bin\Debug\netcoreapp3.1\xUnitTestProject.dll" adapterTypeName="executor://xunit/VsTestRunner2/netcoreapp" className="xUnitTestProject.CurrencyHelperTests" name="FormatToStringTest1000" />
    </UnitTest>
    <UnitTest name="xUnitTestProject.CurrencyHelperTests.FormatToStringTest1000(price: 79339.95632144621, expected: &quot;79339.96 zł&quot;)" storage="c:\projekty\xunittestproject\bin\debug\netcoreapp3.1\xunittestproject.dll" id="abb4aad3-77db-7359-08fe-5197066f13be">
      <Execution id="e3c54d35-8d1e-40aa-ad7b-456c5caed6c8" />
      <TestMethod codeBase="C:\Projekty\xUnitTestProject\bin\Debug\netcoreapp3.1\xUnitTestProject.dll" adapterTypeName="executor://xunit/VsTestRunner2/netcoreapp" className="xUnitTestProject.CurrencyHelperTests" name="FormatToStringTest1000" />
    </UnitTest>
    <UnitTest name="xUnitTestProject.CurrencyHelperTests.FormatToStringTest1000(price: 35967.54466809684, expected: &quot;35967.54 zł&quot;)" storage="c:\projekty\xunittestproject\bin\debug\netcoreapp3.1\xunittestproject.dll" id="ff400e5b-d8ea-836f-c081-66cfe2473c87">
      <Execution id="1248912c-015a-4433-a6f0-810f1d3c7ba1" />
      <TestMethod codeBase="C:\Projekty\xUnitTestProject\bin\Debug\netcoreapp3.1\xUnitTestProject.dll" adapterTypeName="executor://xunit/VsTestRunner2/netcoreapp" className="xUnitTestProject.CurrencyHelperTests" name="FormatToStringTest1000" />
    </UnitTest>
    <UnitTest name="xUnitTestProject.CurrencyHelperTests.FormatToStringTest1000(price: 4857.211933034105, expected: &quot;4857.21 zł&quot;)" storage="c:\projekty\xunittestproject\bin\debug\netcoreapp3.1\xunittestproject.dll" id="f7a3c37c-dec7-4f70-5b8f-168bb8621231">
      <Execution id="58f8611b-caa7-4b46-96f4-56622bbe270e" />
      <TestMethod codeBase="C:\Projekty\xUnitTestProject\bin\Debug\netcoreapp3.1\xUnitTestProject.dll" adapterTypeName="executor://xunit/VsTestRunner2/netcoreapp" className="xUnitTestProject.CurrencyHelperTests" name="FormatToStringTest1000" />
    </UnitTest>
    <UnitTest name="xUnitTestProject.CurrencyHelperTests.FormatToStringTest1000(price: 1562.3173604776698, expected: &quot;1562.32 zł&quot;)" storage="c:\projekty\xunittestproject\bin\debug\netcoreapp3.1\xunittestproject.dll" id="f7288d33-e820-d388-23d4-39d2a5548f52">
      <Execution id="859d954c-9c98-478a-b53b-895de5fad38b" />
      <TestMethod codeBase="C:\Projekty\xUnitTestProject\bin\Debug\netcoreapp3.1\xUnitTestProject.dll" adapterTypeName="executor://xunit/VsTestRunner2/netcoreapp" className="xUnitTestProject.CurrencyHelperTests" name="FormatToStringTest1000" />
    </UnitTest>
    <UnitTest name="xUnitTestProject.CurrencyHelperTests.FormatToStringTest1000(price: 13745.115971449817, expected: &quot;13745.12 zł&quot;)" storage="c:\projekty\xunittestproject\bin\debug\netcoreapp3.1\xunittestproject.dll" id="fa17089e-753f-5fa3-f3ed-36d704a8d2ac">
      <Execution id="ccb83b79-71f2-4b41-b072-fff68072b9f7" />
      <TestMethod codeBase="C:\Projekty\xUnitTestProject\bin\Debug\netcoreapp3.1\xUnitTestProject.dll" adapterTypeName="executor://xunit/VsTestRunner2/netcoreapp" className="xUnitTestProject.CurrencyHelperTests" name="FormatToStringTest1000" />
    </UnitTest>
    <UnitTest name="xUnitTestProject.CurrencyHelperTests.FormatToStringTest1000(price: 1614.2516601789982, expected: &quot;1614.25 zł&quot;)" storage="c:\projekty\xunittestproject\bin\debug\netcoreapp3.1\xunittestproject.dll" id="72858ddf-be22-dd7b-74db-ce66ecacd1dd">
      <Execution id="2c05b160-86f5-4e7a-928a-27ad6082018f" />
      <TestMethod codeBase="C:\Projekty\xUnitTestProject\bin\Debug\netcoreapp3.1\xUnitTestProject.dll" adapterTypeName="executor://xunit/VsTestRunner2/netcoreapp" className="xUnitTestProject.CurrencyHelperTests" name="FormatToStringTest1000" />
    </UnitTest>
    <UnitTest name="xUnitTestProject.CurrencyHelperTests.FormatToStringTest1000(price: 8542.520616738833, expected: &quot;8542.52 zł&quot;)" storage="c:\projekty\xunittestproject\bin\debug\netcoreapp3.1\xunittestproject.dll" id="3ca4075a-a7fb-92a5-3a91-aefa25efbece">
      <Execution id="8f32dca0-8804-4c65-a632-4f8d1edacbfd" />
      <TestMethod codeBase="C:\Projekty\xUnitTestProject\bin\Debug\netcoreapp3.1\xUnitTestProject.dll" adapterTypeName="executor://xunit/VsTestRunner2/netcoreapp" className="xUnitTestProject.CurrencyHelperTests" name="FormatToStringTest1000" />
    </UnitTest>
    <UnitTest name="xUnitTestProject.CurrencyHelperTests.FormatToStringTest1000(price: 3649.9254912836127, expected: &quot;3649.93 zł&quot;)" storage="c:\projekty\xunittestproject\bin\debug\netcoreapp3.1\xunittestproject.dll" id="6079b9dd-99aa-436d-ae95-d982e753c815">
      <Execution id="67ab0a7e-2657-4ae3-9bd8-faccae6fdc18" />
      <TestMethod codeBase="C:\Projekty\xUnitTestProject\bin\Debug\netcoreapp3.1\xUnitTestProject.dll" adapterTypeName="executor://xunit/VsTestRunner2/netcoreapp" className="xUnitTestProject.CurrencyHelperTests" name="FormatToStringTest1000" />
    </UnitTest>
    <UnitTest name="xUnitTestProject.CurrencyHelperTests.FormatToStringTest1000(price: 2963.24443391815, expected: &quot;2963.24 zł&quot;)" storage="c:\projekty\xunittestproject\bin\debug\netcoreapp3.1\xunittestproject.dll" id="78d10de8-2dc4-0b77-ab9e-9a161423da54">
      <Execution id="c5ce0f71-540c-4ef6-be61-5d3f3a19fb88" />
      <TestMethod codeBase="C:\Projekty\xUnitTestProject\bin\Debug\netcoreapp3.1\xUnitTestProject.dll" adapterTypeName="executor://xunit/VsTestRunner2/netcoreapp" className="xUnitTestProject.CurrencyHelperTests" name="FormatToStringTest1000" />
    </UnitTest>
    <UnitTest name="xUnitTestProject.CurrencyHelperTests.FormatToStringTest1000(price: 21753.84773194969, expected: &quot;21753.85 zł&quot;)" storage="c:\projekty\xunittestproject\bin\debug\netcoreapp3.1\xunittestproject.dll" id="f51f29d9-e43f-bc49-2068-6f7ccdbadb29">
      <Execution id="76f9a2b8-4d8c-43aa-bfc4-0bff4b039a05" />
      <TestMethod codeBase="C:\Projekty\xUnitTestProject\bin\Debug\netcoreapp3.1\xUnitTestProject.dll" adapterTypeName="executor://xunit/VsTestRunner2/netcoreapp" className="xUnitTestProject.CurrencyHelperTests" name="FormatToStringTest1000" />
    </UnitTest>
    <UnitTest name="xUnitTestProject.CurrencyHelperTests.FormatToStringTest1000(price: 28972.23604401212, expected: &quot;28972.24 zł&quot;)" storage="c:\projekty\xunittestproject\bin\debug\netcoreapp3.1\xunittestproject.dll" id="da9e50fc-db80-afa7-5f4f-4cb6b2da8231">
      <Execution id="55b29ab8-81b6-4280-b0a8-a02ec4d08734" />
      <TestMethod codeBase="C:\Projekty\xUnitTestProject\bin\Debug\netcoreapp3.1\xUnitTestProject.dll" adapterTypeName="executor://xunit/VsTestRunner2/netcoreapp" className="xUnitTestProject.CurrencyHelperTests" name="FormatToStringTest1000" />
    </UnitTest>
    <UnitTest name="xUnitTestProject.CurrencyHelperTests.FormatToStringTest1000(price: 16129.507288814293, expected: &quot;16129.51 zł&quot;)" storage="c:\projekty\xunittestproject\bin\debug\netcoreapp3.1\xunittestproject.dll" id="28d201d7-5353-764b-c109-520fc030be51">
      <Execution id="bb6d2bb9-8b99-4298-b1de-3d7fe4687921" />
      <TestMethod codeBase="C:\Projekty\xUnitTestProject\bin\Debug\netcoreapp3.1\xUnitTestProject.dll" adapterTypeName="executor://xunit/VsTestRunner2/netcoreapp" className="xUnitTestProject.CurrencyHelperTests" name="FormatToStringTest1000" />
    </UnitTest>
    <UnitTest name="xUnitTestProject.CurrencyHelperTests.FormatToStringTest1000(price: 33601.357302459124, expected: &quot;33601.36 zł&quot;)" storage="c:\projekty\xunittestproject\bin\debug\netcoreapp3.1\xunittestproject.dll" id="156f5ebd-8a60-46f3-8ac8-18455127849a">
      <Execution id="0001fb12-21b3-4c2f-8606-42c934091bd4" />
      <TestMethod codeBase="C:\Projekty\xUnitTestProject\bin\Debug\netcoreapp3.1\xUnitTestProject.dll" adapterTypeName="executor://xunit/VsTestRunner2/netcoreapp" className="xUnitTestProject.CurrencyHelperTests" name="FormatToStringTest1000" />
    </UnitTest>
    <UnitTest name="xUnitTestProject.CurrencyHelperTests.FormatToStringTest1000(price: 66053.95451852398, expected: &quot;66053.95 zł&quot;)" storage="c:\projekty\xunittestproject\bin\debug\netcoreapp3.1\xunittestproject.dll" id="9087d096-82b4-2271-94ec-73730ed51c23">
      <Execution id="7abc8f52-58c0-4823-9cea-0ffdc3ba0e89" />
      <TestMethod codeBase="C:\Projekty\xUnitTestProject\bin\Debug\netcoreapp3.1\xUnitTestProject.dll" adapterTypeName="executor://xunit/VsTestRunner2/netcoreapp" className="xUnitTestProject.CurrencyHelperTests" name="FormatToStringTest1000" />
    </UnitTest>
    <UnitTest name="xUnitTestProject.CurrencyHelperTests.FormatToStringTest1000(price: 52020.805412759444, expected: &quot;52020.81 zł&quot;)" storage="c:\projekty\xunittestproject\bin\debug\netcoreapp3.1\xunittestproject.dll" id="0c859aba-4f30-51d2-a318-7300b0569a9b">
      <Execution id="2742ef38-607a-4a0a-aa78-2b0ab0642b5f" />
      <TestMethod codeBase="C:\Projekty\xUnitTestProject\bin\Debug\netcoreapp3.1\xUnitTestProject.dll" adapterTypeName="executor://xunit/VsTestRunner2/netcoreapp" className="xUnitTestProject.CurrencyHelperTests" name="FormatToStringTest1000" />
    </UnitTest>
    <UnitTest name="xUnitTestProject.CurrencyHelperTests.FormatToStringTest1000(price: 58111.21259843521, expected: &quot;58111.21 zł&quot;)" storage="c:\projekty\xunittestproject\bin\debug\netcoreapp3.1\xunittestproject.dll" id="0c407008-912c-f5cf-415d-950e444e81e2">
      <Execution id="5f1c6533-068f-436d-8254-bdfaa98f3221" />
      <TestMethod codeBase="C:\Projekty\xUnitTestProject\bin\Debug\netcoreapp3.1\xUnitTestProject.dll" adapterTypeName="executor://xunit/VsTestRunner2/netcoreapp" className="xUnitTestProject.CurrencyHelperTests" name="FormatToStringTest1000" />
    </UnitTest>
    <UnitTest name="xUnitTestProject.CurrencyHelperTests.FormatToStringTest1000(price: 14910.573044539697, expected: &quot;14910.57 zł&quot;)" storage="c:\projekty\xunittestproject\bin\debug\netcoreapp3.1\xunittestproject.dll" id="4b9288d3-23bb-6d5e-ced0-2389f5e0b638">
      <Execution id="c45bb1db-067d-4208-9706-e5ce7491507c" />
      <TestMethod codeBase="C:\Projekty\xUnitTestProject\bin\Debug\netcoreapp3.1\xUnitTestProject.dll" adapterTypeName="executor://xunit/VsTestRunner2/netcoreapp" className="xUnitTestProject.CurrencyHelperTests" name="FormatToStringTest1000" />
    </UnitTest>
    <UnitTest name="xUnitTestProject.CurrencyHelperTests.FormatToStringTest1000(price: 3270.286035661719, expected: &quot;3270.29 zł&quot;)" storage="c:\projekty\xunittestproject\bin\debug\netcoreapp3.1\xunittestproject.dll" id="cae25fb7-b977-eb51-0588-bf026d38b145">
      <Execution id="c68ad997-f08a-4e83-85ce-7b1177c2035d" />
      <TestMethod codeBase="C:\Projekty\xUnitTestProject\bin\Debug\netcoreapp3.1\xUnitTestProject.dll" adapterTypeName="executor://xunit/VsTestRunner2/netcoreapp" className="xUnitTestProject.CurrencyHelperTests" name="FormatToStringTest1000" />
    </UnitTest>
    <UnitTest name="xUnitTestProject.CurrencyHelperTests.FormatToStringTest1000(price: 5749.124990274722, expected: &quot;5749.12 zł&quot;)" storage="c:\projekty\xunittestproject\bin\debug\netcoreapp3.1\xunittestproject.dll" id="c28dd236-1525-1514-778a-3b6a96d19df1">
      <Execution id="289859de-6b07-4931-9fd2-c8163ef197cf" />
      <TestMethod codeBase="C:\Projekty\xUnitTestProject\bin\Debug\netcoreapp3.1\xUnitTestProject.dll" adapterTypeName="executor://xunit/VsTestRunner2/netcoreapp" className="xUnitTestProject.CurrencyHelperTests" name="FormatToStringTest1000" />
    </UnitTest>
    <UnitTest name="xUnitTestProject.CurrencyHelperTests.FormatToStringTest1000(price: 13027.93935961739, expected: &quot;13027.94 zł&quot;)" storage="c:\projekty\xunittestproject\bin\debug\netcoreapp3.1\xunittestproject.dll" id="2253269e-957f-9bba-378c-fb3e844bd0a1">
      <Execution id="bf019b10-6e25-4824-a682-7bef4821f751" />
      <TestMethod codeBase="C:\Projekty\xUnitTestProject\bin\Debug\netcoreapp3.1\xUnitTestProject.dll" adapterTypeName="executor://xunit/VsTestRunner2/netcoreapp" className="xUnitTestProject.CurrencyHelperTests" name="FormatToStringTest1000" />
    </UnitTest>
    <UnitTest name="xUnitTestProject.CurrencyHelperTests.FormatToStringTest1000(price: 47163.337736466594, expected: &quot;47163.34 zł&quot;)" storage="c:\projekty\xunittestproject\bin\debug\netcoreapp3.1\xunittestproject.dll" id="179615f5-c9e6-0457-24a4-7182fdaf1108">
      <Execution id="eb0abd75-7d57-4769-8d2e-463126d8daad" />
      <TestMethod codeBase="C:\Projekty\xUnitTestProject\bin\Debug\netcoreapp3.1\xUnitTestProject.dll" adapterTypeName="executor://xunit/VsTestRunner2/netcoreapp" className="xUnitTestProject.CurrencyHelperTests" name="FormatToStringTest1000" />
    </UnitTest>
    <UnitTest name="xUnitTestProject.CurrencyHelperTests.FormatToStringTest1000(price: 31347.468987404587, expected: &quot;31347.47 zł&quot;)" storage="c:\projekty\xunittestproject\bin\debug\netcoreapp3.1\xunittestproject.dll" id="183dfbce-4b57-7750-e87b-9eb6c830ba31">
      <Execution id="d7bb6207-ce0c-44d4-9afc-fc65246270d4" />
      <TestMethod codeBase="C:\Projekty\xUnitTestProject\bin\Debug\netcoreapp3.1\xUnitTestProject.dll" adapterTypeName="executor://xunit/VsTestRunner2/netcoreapp" className="xUnitTestProject.CurrencyHelperTests" name="FormatToStringTest1000" />
    </UnitTest>
    <UnitTest name="xUnitTestProject.CurrencyHelperTests.FormatToStringTest1000(price: 4252.4012513842445, expected: &quot;4252.40 zł&quot;)" storage="c:\projekty\xunittestproject\bin\debug\netcoreapp3.1\xunittestproject.dll" id="9e381b2f-7758-75e7-1187-5359a7cc2fcf">
      <Execution id="7a93bf56-10d0-41b0-bc18-569b5df22a11" />
      <TestMethod codeBase="C:\Projekty\xUnitTestProject\bin\Debug\netcoreapp3.1\xUnitTestProject.dll" adapterTypeName="executor://xunit/VsTestRunner2/netcoreapp" className="xUnitTestProject.CurrencyHelperTests" name="FormatToStringTest1000" />
    </UnitTest>
    <UnitTest name="xUnitTestProject.CurrencyHelperTests.FormatToStringTest1000(price: 47431.868885526375, expected: &quot;47431.87 zł&quot;)" storage="c:\projekty\xunittestproject\bin\debug\netcoreapp3.1\xunittestproject.dll" id="783752e7-0a8e-7713-0dfb-eb72f3fc27d6">
      <Execution id="6316e806-ec05-42c5-822a-619638ac411b" />
      <TestMethod codeBase="C:\Projekty\xUnitTestProject\bin\Debug\netcoreapp3.1\xUnitTestProject.dll" adapterTypeName="executor://xunit/VsTestRunner2/netcoreapp" className="xUnitTestProject.CurrencyHelperTests" name="FormatToStringTest1000" />
    </UnitTest>
    <UnitTest name="xUnitTestProject.CurrencyHelperTests.FormatToStringTest1000(price: 10775.728533390784, expected: &quot;10775.73 zł&quot;)" storage="c:\projekty\xunittestproject\bin\debug\netcoreapp3.1\xunittestproject.dll" id="0a7a5bc8-9d15-4c47-d83e-93a1a167a703">
      <Execution id="72122609-f3fa-45c1-a397-c0bbfcf33f76" />
      <TestMethod codeBase="C:\Projekty\xUnitTestProject\bin\Debug\netcoreapp3.1\xUnitTestProject.dll" adapterTypeName="executor://xunit/VsTestRunner2/netcoreapp" className="xUnitTestProject.CurrencyHelperTests" name="FormatToStringTest1000" />
    </UnitTest>
    <UnitTest name="xUnitTestProject.CurrencyHelperTests.FormatToStringTest1000(price: 24695.917440203913, expected: &quot;24695.92 zł&quot;)" storage="c:\projekty\xunittestproject\bin\debug\netcoreapp3.1\xunittestproject.dll" id="ab2272df-129a-10d0-4d80-4c6fcfe702e8">
      <Execution id="f032c731-8981-445b-88db-65c0f0d112c0" />
      <TestMethod codeBase="C:\Projekty\xUnitTestProject\bin\Debug\netcoreapp3.1\xUnitTestProject.dll" adapterTypeName="executor://xunit/VsTestRunner2/netcoreapp" className="xUnitTestProject.CurrencyHelperTests" name="FormatToStringTest1000" />
    </UnitTest>
    <UnitTest name="xUnitTestProject.CurrencyHelperTests.FormatToStringTest1000(price: 6710.131197082871, expected: &quot;6710.13 zł&quot;)" storage="c:\projekty\xunittestproject\bin\debug\netcoreapp3.1\xunittestproject.dll" id="6a7d9b76-8e51-2dd0-7599-1dd99ccb1f30">
      <Execution id="aedb99a7-5da8-41ad-b5fc-a2573c5c504f" />
      <TestMethod codeBase="C:\Projekty\xUnitTestProject\bin\Debug\netcoreapp3.1\xUnitTestProject.dll" adapterTypeName="executor://xunit/VsTestRunner2/netcoreapp" className="xUnitTestProject.CurrencyHelperTests" name="FormatToStringTest1000" />
    </UnitTest>
    <UnitTest name="xUnitTestProject.CurrencyHelperTests.FormatToStringTest1000(price: 2505.286326204094, expected: &quot;2505.29 zł&quot;)" storage="c:\projekty\xunittestproject\bin\debug\netcoreapp3.1\xunittestproject.dll" id="1fe96cd6-e80d-4fd9-dedb-226c16d9375d">
      <Execution id="4b1f3572-b880-4191-8806-82ee46c662e5" />
      <TestMethod codeBase="C:\Projekty\xUnitTestProject\bin\Debug\netcoreapp3.1\xUnitTestProject.dll" adapterTypeName="executor://xunit/VsTestRunner2/netcoreapp" className="xUnitTestProject.CurrencyHelperTests" name="FormatToStringTest1000" />
    </UnitTest>
    <UnitTest name="xUnitTestProject.CurrencyHelperTests.FormatToStringTest1000(price: 3092.9215945624383, expected: &quot;3092.92 zł&quot;)" storage="c:\projekty\xunittestproject\bin\debug\netcoreapp3.1\xunittestproject.dll" id="da125bcd-1715-deae-cc3d-6c75d593b271">
      <Execution id="07bdd648-20a0-4a2d-b1a8-6e07ee041c43" />
      <TestMethod codeBase="C:\Projekty\xUnitTestProject\bin\Debug\netcoreapp3.1\xUnitTestProject.dll" adapterTypeName="executor://xunit/VsTestRunner2/netcoreapp" className="xUnitTestProject.CurrencyHelperTests" name="FormatToStringTest1000" />
    </UnitTest>
    <UnitTest name="xUnitTestProject.CurrencyHelperTests.FormatToStringTest1000(price: 40913.016669489916, expected: &quot;40913.02 zł&quot;)" storage="c:\projekty\xunittestproject\bin\debug\netcoreapp3.1\xunittestproject.dll" id="d14fe452-c75b-8f8a-1e11-a88113e31ccc">
      <Execution id="453e0ba5-ce34-4068-8e18-54a6fd38c5b1" />
      <TestMethod codeBase="C:\Projekty\xUnitTestProject\bin\Debug\netcoreapp3.1\xUnitTestProject.dll" adapterTypeName="executor://xunit/VsTestRunner2/netcoreapp" className="xUnitTestProject.CurrencyHelperTests" name="FormatToStringTest1000" />
    </UnitTest>
    <UnitTest name="xUnitTestProject.CurrencyHelperTests.FormatToStringTest1000(price: 1676.7913981754293, expected: &quot;1676.79 zł&quot;)" storage="c:\projekty\xunittestproject\bin\debug\netcoreapp3.1\xunittestproject.dll" id="8e40a9d7-b14a-a165-b4bc-258c3936dfbd">
      <Execution id="b6bbcf10-ed59-479f-82fd-01e09f05bdb9" />
      <TestMethod codeBase="C:\Projekty\xUnitTestProject\bin\Debug\netcoreapp3.1\xUnitTestProject.dll" adapterTypeName="executor://xunit/VsTestRunner2/netcoreapp" className="xUnitTestProject.CurrencyHelperTests" name="FormatToStringTest1000" />
    </UnitTest>
  </TestDefinitions>
  <TestEntries>
    <TestEntry testId="4f50c537-4ed4-21bc-0ecd-39e74b29d0e7" executionId="dda70e34-8528-40be-b5df-22cc4f9da975" testListId="8c84fa94-04c1-424b-9868-57a2d4851a1d" />
    <TestEntry testId="244b13a7-ff72-5a50-f054-4ff8ceb0d499" executionId="9e3cd875-9462-49f1-a685-33692c8a9ccb" testListId="8c84fa94-04c1-424b-9868-57a2d4851a1d" />
    <TestEntry testId="a9fb7030-78aa-b78d-bae0-0e3e80a09140" executionId="74da1263-9717-4dd9-8ec3-68776258e449" testListId="8c84fa94-04c1-424b-9868-57a2d4851a1d" />
    <TestEntry testId="135dd56d-570b-92a1-4144-854d04d96ef0" executionId="84874816-fbad-4db8-9f73-76e48d7afd9f" testListId="8c84fa94-04c1-424b-9868-57a2d4851a1d" />
    <TestEntry testId="294f15b0-a486-8084-b9ae-585b30f21a60" executionId="ea92f126-32c2-48af-bbb6-f806fb6c1166" testListId="8c84fa94-04c1-424b-9868-57a2d4851a1d" />
    <TestEntry testId="c28dd236-1525-1514-778a-3b6a96d19df1" executionId="289859de-6b07-4931-9fd2-c8163ef197cf" testListId="8c84fa94-04c1-424b-9868-57a2d4851a1d" />
    <TestEntry testId="537f8fc0-34c4-479b-bc61-34b31d069aae" executionId="29ca8d8b-d702-41fb-b7d3-bab9fe5f2642" testListId="8c84fa94-04c1-424b-9868-57a2d4851a1d" />
    <TestEntry testId="4dd76fcc-f663-2688-f7a4-a439b3a5cf01" executionId="e6e089f7-75c4-4fc0-8ad6-528900d0d786" testListId="8c84fa94-04c1-424b-9868-57a2d4851a1d" />
    <TestEntry testId="1f9cd9ca-f1cd-430d-8d80-74a061c9ac45" executionId="962df88e-f7fd-4e45-9217-0a4eff9d0600" testListId="8c84fa94-04c1-424b-9868-57a2d4851a1d" />
    <TestEntry testId="a006362c-c876-0d68-dfa7-4b9381a2f95f" executionId="39574937-f4c0-4bdf-9c37-028eec83524c" testListId="8c84fa94-04c1-424b-9868-57a2d4851a1d" />
    <TestEntry testId="c09462bb-4f86-b8e1-b39e-c6c94b35ddbc" executionId="6b086632-add5-454a-99ea-e52b163883ee" testListId="8c84fa94-04c1-424b-9868-57a2d4851a1d" />
    <TestEntry testId="7c480fcf-dcac-50a2-3106-264841c6a300" executionId="3671d10b-46ac-4d55-aee2-b4a00bcb805f" testListId="8c84fa94-04c1-424b-9868-57a2d4851a1d" />
    <TestEntry testId="502c40b3-55a9-ed63-c19a-b15f001d74e2" executionId="88631ee7-6225-499f-bb9c-82a227172ec3" testListId="8c84fa94-04c1-424b-9868-57a2d4851a1d" />
    <TestEntry testId="5313f3e0-d68f-8127-ba85-18b29352fdf0" executionId="1641490c-5207-4623-9a35-7b7e195c6a3d" testListId="8c84fa94-04c1-424b-9868-57a2d4851a1d" />
    <TestEntry testId="19a6af43-eb02-cc32-570b-ae7c8852f08e" executionId="ace2c002-2e5a-4654-9be9-4ccd25e80858" testListId="8c84fa94-04c1-424b-9868-57a2d4851a1d" />
    <TestEntry testId="f8f9d6d7-bbea-21e2-5568-87ea7f6744b9" executionId="bebee722-1d2b-4daa-9532-3ef37c8d3d30" testListId="8c84fa94-04c1-424b-9868-57a2d4851a1d" />
    <TestEntry testId="681b18e6-8ac3-1647-8149-58844d19cdf1" executionId="42d8c75b-6644-4962-abbb-d39cb51884f9" testListId="8c84fa94-04c1-424b-9868-57a2d4851a1d" />
    <TestEntry testId="028a745a-d396-f185-341f-56b2c46b3ca2" executionId="625f4108-9d23-46d9-9b47-d463966bd4ca" testListId="8c84fa94-04c1-424b-9868-57a2d4851a1d" />
    <TestEntry testId="081d3b2d-f16b-400c-9941-d599ff407e21" executionId="2939e7fc-c4d2-4768-ab37-68d416ba95ff" testListId="8c84fa94-04c1-424b-9868-57a2d4851a1d" />
    <TestEntry testId="6590b071-f8b2-e4e3-3b40-027135dfc051" executionId="0527a950-b13a-4c5d-8a06-5fed4f743489" testListId="8c84fa94-04c1-424b-9868-57a2d4851a1d" />
    <TestEntry testId="0c407008-912c-f5cf-415d-950e444e81e2" executionId="5f1c6533-068f-436d-8254-bdfaa98f3221" testListId="8c84fa94-04c1-424b-9868-57a2d4851a1d" />
    <TestEntry testId="ef8075a8-e8bb-22f0-871e-f2b168e2c55c" executionId="3e827961-37a5-456d-b957-510bbd84fa69" testListId="8c84fa94-04c1-424b-9868-57a2d4851a1d" />
    <TestEntry testId="92bde5bc-af9c-6dbe-10ea-7012e494fcd9" executionId="541893ab-14bd-4f9d-a35f-5e6e2629f097" testListId="8c84fa94-04c1-424b-9868-57a2d4851a1d" />
    <TestEntry testId="56dbe364-b862-68d4-f157-de01aca24e66" executionId="07cac235-180b-452c-be8b-02406875675a" testListId="8c84fa94-04c1-424b-9868-57a2d4851a1d" />
    <TestEntry testId="8dcae478-7176-db28-16c0-e91e0d918df3" executionId="4bd06d17-fe90-47de-9e93-114ad2e929ee" testListId="8c84fa94-04c1-424b-9868-57a2d4851a1d" />
    <TestEntry testId="d995492a-671e-36ff-0d73-ec59a569933d" executionId="d4d24883-3d92-4776-8e4d-1bb05a4ec569" testListId="8c84fa94-04c1-424b-9868-57a2d4851a1d" />
    <TestEntry testId="123932a6-c3cf-7fb9-5ef5-34297fb3a837" executionId="02c2550e-0cbd-4c44-b70d-29ad8c10bc74" testListId="8c84fa94-04c1-424b-9868-57a2d4851a1d" />
    <TestEntry testId="8027e5d6-d435-5a0d-d99c-2d9218dccb7e" executionId="e6d8474d-3770-421a-a904-046b4d2fbc44" testListId="8c84fa94-04c1-424b-9868-57a2d4851a1d" />
    <TestEntry testId="77cb819c-64b0-1e13-63d3-0049263e7e77" executionId="f0a368f6-4997-4039-a452-bdffff8579d1" testListId="8c84fa94-04c1-424b-9868-57a2d4851a1d" />
    <TestEntry testId="45dd66f1-81ef-9e8c-d39f-69c657dd300a" executionId="ed67c3c3-acf4-45e4-b8fd-128daffb5110" testListId="8c84fa94-04c1-424b-9868-57a2d4851a1d" />
    <TestEntry testId="83514fd2-fce2-f5cf-b4b1-7b2bd8509222" executionId="ba03263b-ec3c-45d8-9d63-94e7022a41a8" testListId="8c84fa94-04c1-424b-9868-57a2d4851a1d" />
    <TestEntry testId="595bfab0-5cd9-2edb-fcf1-e6874dc93e48" executionId="f97df760-78da-47e0-8501-a213cd52faca" testListId="8c84fa94-04c1-424b-9868-57a2d4851a1d" />
    <TestEntry testId="53367b44-34c3-c14f-ebad-d28df1741450" executionId="738667d3-9e4b-49d3-872c-acf6fca23cbb" testListId="8c84fa94-04c1-424b-9868-57a2d4851a1d" />
    <TestEntry testId="28d201d7-5353-764b-c109-520fc030be51" executionId="bb6d2bb9-8b99-4298-b1de-3d7fe4687921" testListId="8c84fa94-04c1-424b-9868-57a2d4851a1d" />
    <TestEntry testId="fb80c2cc-1ba4-25ca-1501-33134270fed0" executionId="96b47478-6dea-4399-a3f5-8e0f6d7bae9d" testListId="8c84fa94-04c1-424b-9868-57a2d4851a1d" />
    <TestEntry testId="e59747a8-433f-61a0-e952-9d5b29617a9f" executionId="1a1bd6d7-c4aa-4e11-8250-2e6a19e52dce" testListId="8c84fa94-04c1-424b-9868-57a2d4851a1d" />
    <TestEntry testId="7c3ffa01-e97c-2ed2-ce73-5d584269f0e2" executionId="428ea2cc-c8f2-4102-9fcc-a99c410aefd3" testListId="8c84fa94-04c1-424b-9868-57a2d4851a1d" />
    <TestEntry testId="38efd0dd-942e-1575-95b3-c2474aa164b9" executionId="6781cb7b-4e50-4c1d-aea8-b9121cfc2b42" testListId="8c84fa94-04c1-424b-9868-57a2d4851a1d" />
    <TestEntry testId="97d8215e-c1fc-21f7-065d-165363a0a007" executionId="74643303-21a9-44a4-8ac2-0833c428a861" testListId="8c84fa94-04c1-424b-9868-57a2d4851a1d" />
    <TestEntry testId="c83faa4e-9cfa-b743-e7ea-a4956027273b" executionId="43e32ac9-f27b-403b-af90-0e011a5766a7" testListId="8c84fa94-04c1-424b-9868-57a2d4851a1d" />
    <TestEntry testId="1847f09f-3a3a-e54a-437b-e06a692092b8" executionId="0b172cc2-3baf-4eea-be09-79baa8ddf3af" testListId="8c84fa94-04c1-424b-9868-57a2d4851a1d" />
    <TestEntry testId="ccb01d77-9abe-d52e-f6b1-1f27fb49d5d4" executionId="e65e56f2-6405-4574-ba2d-4cf84afbf7ca" testListId="8c84fa94-04c1-424b-9868-57a2d4851a1d" />
    <TestEntry testId="4e988653-eb1d-5757-a9c9-94e533451c54" executionId="1e6af1f9-2f4d-4c9c-b18e-8e945a409c9d" testListId="8c84fa94-04c1-424b-9868-57a2d4851a1d" />
    <TestEntry testId="e3f04803-c378-ce39-94cd-bd430620d6cb" executionId="dfa3fdca-1791-4cc9-ad1f-5535f1dbe40f" testListId="8c84fa94-04c1-424b-9868-57a2d4851a1d" />
    <TestEntry testId="9cf8eb03-8fbc-6ccc-0fef-ebebfde3ba22" executionId="4be5f4a8-dcae-4cc7-83b4-5ac3d9dbdcc7" testListId="8c84fa94-04c1-424b-9868-57a2d4851a1d" />
    <TestEntry testId="5605ffe3-47bf-edde-5207-79dd7a259fef" executionId="ada7e676-2783-49c2-9a32-af8c3b537378" testListId="8c84fa94-04c1-424b-9868-57a2d4851a1d" />
    <TestEntry testId="076b3f7c-bfd3-700c-3093-f885fe165b03" executionId="5f3a9a2a-eb48-4ee7-a446-9323f2521561" testListId="8c84fa94-04c1-424b-9868-57a2d4851a1d" />
    <TestEntry testId="71aa02e1-e075-142b-97e5-961b91ee4f3d" executionId="d3917400-d80b-4a8a-b7ce-3fbfffc96581" testListId="8c84fa94-04c1-424b-9868-57a2d4851a1d" />
    <TestEntry testId="d6b10638-19d7-868a-2152-f7946c6c6899" executionId="12121859-eb7b-4b7d-8c6a-73f017a7ec7c" testListId="8c84fa94-04c1-424b-9868-57a2d4851a1d" />
    <TestEntry testId="e1d79475-a361-3073-e286-53d8423f4048" executionId="8c444147-ef8c-4be2-a144-4d0559482946" testListId="8c84fa94-04c1-424b-9868-57a2d4851a1d" />
    <TestEntry testId="05428edc-24e9-331d-ccde-497be2e009d1" executionId="a2893174-bf7f-4bcd-ba7b-bef092a8ef95" testListId="8c84fa94-04c1-424b-9868-57a2d4851a1d" />
    <TestEntry testId="d02dc591-3a84-d3ac-10be-a85efb2cb27c" executionId="e473a890-7f1e-4cb5-84ab-43dadc2a8b98" testListId="8c84fa94-04c1-424b-9868-57a2d4851a1d" />
    <TestEntry testId="dd6f82bf-ec98-4f3e-74b1-00844a5994bf" executionId="2307faa9-d304-4666-ad9f-29ec8097df04" testListId="8c84fa94-04c1-424b-9868-57a2d4851a1d" />
    <TestEntry testId="c61ee3ae-8895-24a4-03be-5c9acbad429f" executionId="a55c84aa-0920-4351-b14d-78f5927b6ffa" testListId="8c84fa94-04c1-424b-9868-57a2d4851a1d" />
    <TestEntry testId="ef111b7b-895d-e083-171f-1b45ef31d01a" executionId="13d8ecce-a074-49e2-a894-0c3d72e95027" testListId="8c84fa94-04c1-424b-9868-57a2d4851a1d" />
    <TestEntry testId="369e9363-5592-8231-38fe-e3c32cfca4c4" executionId="e00427db-9f31-4e01-bb02-cbe66b472bf1" testListId="8c84fa94-04c1-424b-9868-57a2d4851a1d" />
    <TestEntry testId="d4f3c378-b93a-d1d1-d97b-d57a65cd57e1" executionId="540728c9-238f-45cf-b4ac-663342f93558" testListId="8c84fa94-04c1-424b-9868-57a2d4851a1d" />
    <TestEntry testId="c0f25143-2b07-04f3-95cc-c9746948afb7" executionId="11f4bcad-848a-41c0-983f-c1c87135ac3e" testListId="8c84fa94-04c1-424b-9868-57a2d4851a1d" />
    <TestEntry testId="8de67803-7acb-6ed7-12bc-5420c17b40c0" executionId="1915c087-4d87-4fba-b7f0-c3cc5202a641" testListId="8c84fa94-04c1-424b-9868-57a2d4851a1d" />
    <TestEntry testId="53a23bf0-6e98-cb61-d489-afed97d56bcf" executionId="588de814-1596-48f6-828a-714ee54f9c10" testListId="8c84fa94-04c1-424b-9868-57a2d4851a1d" />
    <TestEntry testId="41c4ce1a-ef09-24d7-c3f0-f5bd5a81a0d8" executionId="2f320ba7-fdc9-4494-84be-6854dc7671d4" testListId="8c84fa94-04c1-424b-9868-57a2d4851a1d" />
    <TestEntry testId="1fe96cd6-e80d-4fd9-dedb-226c16d9375d" executionId="4b1f3572-b880-4191-8806-82ee46c662e5" testListId="8c84fa94-04c1-424b-9868-57a2d4851a1d" />
    <TestEntry testId="1d8f4068-0f19-f951-5966-43f32b70fb4f" executionId="3994a632-0d92-4c10-b3cd-ae38406e27de" testListId="8c84fa94-04c1-424b-9868-57a2d4851a1d" />
    <TestEntry testId="90e736db-bebc-59eb-dcfd-94a08c26727f" executionId="016441b8-a3a2-4cc3-aa14-1919d7e06770" testListId="8c84fa94-04c1-424b-9868-57a2d4851a1d" />
    <TestEntry testId="0d7a2cf9-13e2-7888-b21b-f6464a19d4c6" executionId="11efdf86-106d-4747-bd5d-ccda73aed463" testListId="8c84fa94-04c1-424b-9868-57a2d4851a1d" />
    <TestEntry testId="f4a097ad-04f4-9e9c-b96f-49eb0101bd6d" executionId="9128066a-ce5a-4080-8f09-afc788d151ad" testListId="8c84fa94-04c1-424b-9868-57a2d4851a1d" />
    <TestEntry testId="5c2754e4-1c80-78fc-5cc7-dfd05e800cc5" executionId="8c80f70b-9aa5-46bc-9f01-add888e7448e" testListId="8c84fa94-04c1-424b-9868-57a2d4851a1d" />
    <TestEntry testId="0514bc2b-5cc4-a04d-717a-fd9efa22f04a" executionId="f3c3cc5c-5a4b-401c-be33-8f1227bcc9af" testListId="8c84fa94-04c1-424b-9868-57a2d4851a1d" />
    <TestEntry testId="ad89a04b-1d6c-269b-831e-2a5afc742278" executionId="0a9271be-a500-472d-a459-527f0dee7262" testListId="8c84fa94-04c1-424b-9868-57a2d4851a1d" />
    <TestEntry testId="31ad7a80-5373-effd-b719-cfe8b75a74c8" executionId="41388c6a-5fc3-46ca-baf7-831f9ec3bfdf" testListId="8c84fa94-04c1-424b-9868-57a2d4851a1d" />
    <TestEntry testId="83d8e74c-5bbb-efb0-37a0-7aa4cf469b8b" executionId="240c65b0-cd07-4054-bc36-1b1e3cba6999" testListId="8c84fa94-04c1-424b-9868-57a2d4851a1d" />
    <TestEntry testId="45a5b31d-d8ee-81e0-0e1d-a198d7cba5b5" executionId="7fa942a6-af6d-4de6-9ec1-9496625e382c" testListId="8c84fa94-04c1-424b-9868-57a2d4851a1d" />
    <TestEntry testId="06022d11-491a-4f0d-4482-3457e9003d33" executionId="a9c8a0b1-d51a-40f4-a632-3eb8c7fb374a" testListId="8c84fa94-04c1-424b-9868-57a2d4851a1d" />
    <TestEntry testId="384612ec-11e1-c891-3d7e-9db254e6a2b4" executionId="39082728-8bdc-4fe1-8cbd-fd321ebfda5d" testListId="8c84fa94-04c1-424b-9868-57a2d4851a1d" />
    <TestEntry testId="e54868c5-e23a-96f9-bd57-052b8e9f25f9" executionId="8cf40465-0743-43b4-b511-4d8a7c90bc11" testListId="8c84fa94-04c1-424b-9868-57a2d4851a1d" />
    <TestEntry testId="3a74380b-5761-efcc-d80f-84990cb62b27" executionId="ffb9f1dd-7b73-4c53-86f1-930c449579e9" testListId="8c84fa94-04c1-424b-9868-57a2d4851a1d" />
    <TestEntry testId="c6463145-e835-b32e-9815-611f61fa5540" executionId="473e6421-48e3-440f-b858-fe82786741b1" testListId="8c84fa94-04c1-424b-9868-57a2d4851a1d" />
    <TestEntry testId="bf0f3eb7-c08a-24a8-fd8d-3d7e3051107b" executionId="f6366e7d-e213-490d-9ba6-d9aa9695b875" testListId="8c84fa94-04c1-424b-9868-57a2d4851a1d" />
    <TestEntry testId="652fbfaf-623d-2a4f-25d1-cf07d8f0c0da" executionId="b92635e2-951e-4bcf-866c-3a41d1e3bf60" testListId="8c84fa94-04c1-424b-9868-57a2d4851a1d" />
    <TestEntry testId="b903f011-25d7-d156-43c9-1974a38b345d" executionId="3f91a85f-3466-408c-aa9b-cb2627304ff8" testListId="8c84fa94-04c1-424b-9868-57a2d4851a1d" />
    <TestEntry testId="3a671f08-52e1-32fe-f25e-6e157db962d2" executionId="537fd291-b988-4e66-a5ef-be085a33f77c" testListId="8c84fa94-04c1-424b-9868-57a2d4851a1d" />
    <TestEntry testId="03249ab3-78a8-f0c2-3edd-fa3544db15c9" executionId="96fb7d38-e7b3-42f5-bfe7-f4ef473653dc" testListId="8c84fa94-04c1-424b-9868-57a2d4851a1d" />
    <TestEntry testId="c25f3e77-3d72-0513-001e-286d17e294f3" executionId="b6c868ef-0a94-4b6a-b978-22cd169f7307" testListId="8c84fa94-04c1-424b-9868-57a2d4851a1d" />
    <TestEntry testId="abb4aad3-77db-7359-08fe-5197066f13be" executionId="e3c54d35-8d1e-40aa-ad7b-456c5caed6c8" testListId="8c84fa94-04c1-424b-9868-57a2d4851a1d" />
    <TestEntry testId="b28ab50d-11be-d323-527c-bc8feda9af8a" executionId="9c643676-47e1-4f17-89a4-3597a7c380fd" testListId="8c84fa94-04c1-424b-9868-57a2d4851a1d" />
    <TestEntry testId="83d0208c-cef3-bd49-264a-c0709c65e66e" executionId="4b463506-7245-4caa-a14b-1097a068e9f3" testListId="8c84fa94-04c1-424b-9868-57a2d4851a1d" />
    <TestEntry testId="0ed4f192-4727-c437-89cc-2b16440ebef0" executionId="ce6efb04-ed04-4bf5-ad0a-b1e76194d422" testListId="8c84fa94-04c1-424b-9868-57a2d4851a1d" />
    <TestEntry testId="ba737e18-d009-4d7c-6e13-52f4c654ec83" executionId="18845524-0ae8-45c1-8950-95f35a24153c" testListId="8c84fa94-04c1-424b-9868-57a2d4851a1d" />
    <TestEntry testId="b9639a73-b99d-241a-c8a5-6c3a19c63133" executionId="f235e86e-3400-4a3a-ae3a-5a3a47dfdb68" testListId="8c84fa94-04c1-424b-9868-57a2d4851a1d" />
    <TestEntry testId="a9271829-fbf1-47a3-aed7-368db58e22e7" executionId="a874d7ed-7e69-4964-a21b-dfdca60f4617" testListId="8c84fa94-04c1-424b-9868-57a2d4851a1d" />
    <TestEntry testId="caaa55d0-af40-7108-2d48-eb01bc500599" executionId="6289f95e-39b7-49bd-9ce0-68d4595bf87a" testListId="8c84fa94-04c1-424b-9868-57a2d4851a1d" />
    <TestEntry testId="34d55980-db04-996b-37e3-5ad72dcd15ab" executionId="d36397f1-95c3-415e-8b15-e91819ee438b" testListId="8c84fa94-04c1-424b-9868-57a2d4851a1d" />
    <TestEntry testId="bc83fa3c-576f-30a6-fe1b-a25c896763ba" executionId="fbf12cc2-4b4c-4740-9141-3abce31854d0" testListId="8c84fa94-04c1-424b-9868-57a2d4851a1d" />
    <TestEntry testId="017ca1fc-bbca-8181-b3ea-3373763e884b" executionId="d918ec1f-ab9c-4fac-be30-ee33d0bd4fe2" testListId="8c84fa94-04c1-424b-9868-57a2d4851a1d" />
    <TestEntry testId="4fc181f0-ada2-9ab6-d52d-1988c5ebde7a" executionId="9632cad9-b835-44e1-befe-fcbd1a963174" testListId="8c84fa94-04c1-424b-9868-57a2d4851a1d" />
    <TestEntry testId="c31c3c04-c374-418e-36fc-0c705f1df093" executionId="54c63ffc-d3e6-4030-b962-1121380e3091" testListId="8c84fa94-04c1-424b-9868-57a2d4851a1d" />
    <TestEntry testId="f962f016-220b-dd5b-3c75-15629456e786" executionId="a03d3f4b-ce1f-4661-aa24-fdad52fd7a36" testListId="8c84fa94-04c1-424b-9868-57a2d4851a1d" />
    <TestEntry testId="f7288d33-e820-d388-23d4-39d2a5548f52" executionId="859d954c-9c98-478a-b53b-895de5fad38b" testListId="8c84fa94-04c1-424b-9868-57a2d4851a1d" />
    <TestEntry testId="e6d7e4bb-8f4e-56e2-712f-a2453f4d8f71" executionId="3dc2b433-3ad2-45b9-80c8-ee9a8e31c52b" testListId="8c84fa94-04c1-424b-9868-57a2d4851a1d" />
    <TestEntry testId="1fce28e8-5dee-1344-5678-0f5715c803f3" executionId="dc692a97-7a58-44fd-a052-0e1a388b428d" testListId="8c84fa94-04c1-424b-9868-57a2d4851a1d" />
    <TestEntry testId="c7272717-4c66-ee9c-96d1-b74d86b61eb8" executionId="c82e0124-1a8b-4c77-a99b-0a427f13d1a6" testListId="8c84fa94-04c1-424b-9868-57a2d4851a1d" />
    <TestEntry testId="48c41a45-a694-6e7a-7100-4b0ce75fbb19" executionId="c11373e7-002a-4cc3-a8e2-3a672e2d9f48" testListId="8c84fa94-04c1-424b-9868-57a2d4851a1d" />
    <TestEntry testId="e605935b-b7df-1383-2d29-96bb8b33e684" executionId="1f3bf622-552a-4ca7-8c66-019bbd58332d" testListId="8c84fa94-04c1-424b-9868-57a2d4851a1d" />
    <TestEntry testId="1ff2656a-0300-1f06-36b0-2fc677b4ea69" executionId="be489728-5484-4feb-969b-630884a7d1b4" testListId="8c84fa94-04c1-424b-9868-57a2d4851a1d" />
    <TestEntry testId="e63012a7-c6dd-105c-5599-46a75e19ac35" executionId="125745b6-bf81-441e-a416-1a871507022b" testListId="8c84fa94-04c1-424b-9868-57a2d4851a1d" />
    <TestEntry testId="575b3040-83fc-2437-91d5-9ac3f2af85b4" executionId="0f3f5f7e-3522-4e66-b3e1-94f5fbe0912e" testListId="8c84fa94-04c1-424b-9868-57a2d4851a1d" />
    <TestEntry testId="19ecf0ec-9a79-ad70-9475-fee54b9d8614" executionId="231935fb-411a-47a7-9c18-c8fa0f38230e" testListId="8c84fa94-04c1-424b-9868-57a2d4851a1d" />
    <TestEntry testId="21bbacc0-ff4d-ad67-a90f-e4f994353077" executionId="97f3b675-f67a-4442-942d-85025884b0c5" testListId="8c84fa94-04c1-424b-9868-57a2d4851a1d" />
    <TestEntry testId="e641957d-86a3-9c73-8dcf-f9374b4233e0" executionId="12015d41-0759-42ab-b29e-d8f976f92637" testListId="8c84fa94-04c1-424b-9868-57a2d4851a1d" />
    <TestEntry testId="f58711de-d6a1-25df-941a-d7a477d8bf41" executionId="eec1ae64-73e8-4d1f-8243-a97c41eedf89" testListId="8c84fa94-04c1-424b-9868-57a2d4851a1d" />
    <TestEntry testId="a188d29e-24f4-14f6-3109-f28ee9929456" executionId="775a1a79-16bc-43c2-bd22-3068009e32c8" testListId="8c84fa94-04c1-424b-9868-57a2d4851a1d" />
    <TestEntry testId="a16b516f-2dd7-f0de-4b9f-39b505e3fb31" executionId="5275a663-bb63-4a38-94e7-75b1c075f56d" testListId="8c84fa94-04c1-424b-9868-57a2d4851a1d" />
    <TestEntry testId="b9b36c19-155c-ac46-851c-623393903657" executionId="b77be092-b6a8-4b75-8d42-3a90b84184aa" testListId="8c84fa94-04c1-424b-9868-57a2d4851a1d" />
    <TestEntry testId="0c859aba-4f30-51d2-a318-7300b0569a9b" executionId="2742ef38-607a-4a0a-aa78-2b0ab0642b5f" testListId="8c84fa94-04c1-424b-9868-57a2d4851a1d" />
    <TestEntry testId="49539e03-80f3-85f0-9c28-9ba645507120" executionId="38538312-d52e-4e5b-af48-c10bafaff7e5" testListId="8c84fa94-04c1-424b-9868-57a2d4851a1d" />
    <TestEntry testId="7994a7d4-0fa0-5377-671c-ab94321aaf57" executionId="0d45e322-84d1-4a33-a926-02280f258a99" testListId="8c84fa94-04c1-424b-9868-57a2d4851a1d" />
    <TestEntry testId="9fa4910a-439f-a7b3-42d7-59f8d60a9e4f" executionId="4ea3c0d5-be2d-45be-920d-8527dc85fb25" testListId="8c84fa94-04c1-424b-9868-57a2d4851a1d" />
    <TestEntry testId="46947d50-5e18-dad2-e4a8-b6d0819ae97c" executionId="c12a26ee-c836-4af8-a314-c14dd5b1a522" testListId="8c84fa94-04c1-424b-9868-57a2d4851a1d" />
    <TestEntry testId="b093b261-89e9-1453-0b15-6960031e6c14" executionId="d3d1f122-1dc9-4d8f-b295-a3e7d01b0349" testListId="8c84fa94-04c1-424b-9868-57a2d4851a1d" />
    <TestEntry testId="eb3e6893-2377-abc3-6bc4-b22d25b0ece8" executionId="1a1bb4cc-4c95-465a-8760-79fcacdbdb5b" testListId="8c84fa94-04c1-424b-9868-57a2d4851a1d" />
    <TestEntry testId="30db28b2-ac34-8d8e-c566-68b2f6bb1d51" executionId="62a1f3a2-5778-4972-9d7e-521e88f9e53f" testListId="8c84fa94-04c1-424b-9868-57a2d4851a1d" />
    <TestEntry testId="2ebec913-cd49-9310-605b-052ec9777212" executionId="89707af2-1dc3-4f2c-ba2b-f6da76ed6413" testListId="8c84fa94-04c1-424b-9868-57a2d4851a1d" />
    <TestEntry testId="d3cdcde5-df28-6c6c-d5ee-263c0a49023a" executionId="72d61879-e985-459b-a65f-b295db389023" testListId="8c84fa94-04c1-424b-9868-57a2d4851a1d" />
    <TestEntry testId="d6ed6531-54c3-2edf-18c7-ddb0279f678b" executionId="5046968e-10a2-4bbf-a1a6-04ae00109472" testListId="8c84fa94-04c1-424b-9868-57a2d4851a1d" />
    <TestEntry testId="90cfec42-4910-af10-cff4-5af0ef6c23f5" executionId="75700cd5-5103-4981-9a2a-267d5ab5af7d" testListId="8c84fa94-04c1-424b-9868-57a2d4851a1d" />
    <TestEntry testId="23282872-5c32-1fb9-e0a2-cb7aa878c838" executionId="06c02a7b-5389-4ae5-aed3-b76b9e4a0fae" testListId="8c84fa94-04c1-424b-9868-57a2d4851a1d" />
    <TestEntry testId="eca8de8b-49e2-07c6-8662-27843e169d09" executionId="20ea78ea-0b1f-459b-adc0-cb3870901b36" testListId="8c84fa94-04c1-424b-9868-57a2d4851a1d" />
    <TestEntry testId="95359d07-8287-2be5-3354-cb2f7f60a3bf" executionId="c8f94439-07a4-4dcf-8853-5f47a21a5472" testListId="8c84fa94-04c1-424b-9868-57a2d4851a1d" />
    <TestEntry testId="5bb9d818-e2ff-58b7-df0a-941461adb800" executionId="211cc7dc-3311-4dd9-9143-a69a8a25f76c" testListId="8c84fa94-04c1-424b-9868-57a2d4851a1d" />
    <TestEntry testId="be135b72-4539-0e97-74d0-b204a763297e" executionId="87c0840e-c52b-44ba-9449-dc81f2639909" testListId="8c84fa94-04c1-424b-9868-57a2d4851a1d" />
    <TestEntry testId="80972e1e-3ff9-bf5c-296f-71aecb5aa2ee" executionId="91224089-648e-4a05-9a3f-611e938b7a0f" testListId="8c84fa94-04c1-424b-9868-57a2d4851a1d" />
    <TestEntry testId="5f1f475f-1270-641d-7d41-d4acd777aabd" executionId="bbeb411a-66e7-4fba-9b27-9452cda7e940" testListId="8c84fa94-04c1-424b-9868-57a2d4851a1d" />
    <TestEntry testId="cb40e0a5-2f70-a60d-407b-51d7d2d25955" executionId="3be5cbfe-34b1-41f9-8717-8aaff46b45db" testListId="8c84fa94-04c1-424b-9868-57a2d4851a1d" />
    <TestEntry testId="e8631f54-2451-193b-aa4f-8be567b318eb" executionId="b2d703a4-2a92-42a5-80d3-cf73c96e25ed" testListId="8c84fa94-04c1-424b-9868-57a2d4851a1d" />
    <TestEntry testId="7b2e748c-5793-e1c6-45bc-d5f863686469" executionId="b7230e17-9c50-4883-8f15-cd52d6cd7365" testListId="8c84fa94-04c1-424b-9868-57a2d4851a1d" />
    <TestEntry testId="419d247e-1033-df66-fcc5-471a4ec8f5e3" executionId="159641e8-3531-41df-8a25-0390f75a7511" testListId="8c84fa94-04c1-424b-9868-57a2d4851a1d" />
    <TestEntry testId="fdb8f5e8-aebb-9f4d-e956-1151e0f88117" executionId="759c4ceb-afdc-4bbe-a37d-8da8d440aa60" testListId="8c84fa94-04c1-424b-9868-57a2d4851a1d" />
    <TestEntry testId="787cef43-2dc9-190c-2e64-d5af6533289b" executionId="e3946c3d-b279-4628-9fbe-45f022d7bf5b" testListId="8c84fa94-04c1-424b-9868-57a2d4851a1d" />
    <TestEntry testId="9bed9c4d-df2b-32b1-c6ce-ea879f4b2fcd" executionId="e6970415-3a66-478f-b743-32b620b5e62b" testListId="8c84fa94-04c1-424b-9868-57a2d4851a1d" />
    <TestEntry testId="56f22bda-cb9f-dbaa-365a-cb6ba2104fe2" executionId="da43563a-efcf-4860-bcaa-3281549eb197" testListId="8c84fa94-04c1-424b-9868-57a2d4851a1d" />
    <TestEntry testId="1fffb893-3987-58da-ed03-e4f32e271dc9" executionId="f75d2ac9-a85b-421e-9701-0d5833040ad6" testListId="8c84fa94-04c1-424b-9868-57a2d4851a1d" />
    <TestEntry testId="d4cfd815-487d-e378-1f28-dc4676158012" executionId="5bb7b998-18ff-4214-b3cb-2ce0dc88b660" testListId="8c84fa94-04c1-424b-9868-57a2d4851a1d" />
    <TestEntry testId="31d901d5-0ee4-8f4e-13ca-73133c8afccc" executionId="8c2976f8-b9e2-429c-8f32-c02e25649b0d" testListId="8c84fa94-04c1-424b-9868-57a2d4851a1d" />
    <TestEntry testId="dffdcee4-e2c7-a486-318f-edaed8877c4d" executionId="c7d0a89d-6412-4928-9e05-ee4d1e77be26" testListId="8c84fa94-04c1-424b-9868-57a2d4851a1d" />
    <TestEntry testId="5ae458e4-bb73-ceec-2cfb-1eb05d691961" executionId="243f674f-60b1-4154-ab96-8fb5ef2ff5d8" testListId="8c84fa94-04c1-424b-9868-57a2d4851a1d" />
    <TestEntry testId="c2e7dabf-153e-40d2-4e35-e0a4cdae5b80" executionId="df257ffd-2862-4aca-a2eb-3833d5b8c6f3" testListId="8c84fa94-04c1-424b-9868-57a2d4851a1d" />
    <TestEntry testId="c6cb5829-9900-78b4-ad40-ce24294fb2f7" executionId="660970ea-15f6-409f-9c75-63afb714954a" testListId="8c84fa94-04c1-424b-9868-57a2d4851a1d" />
    <TestEntry testId="7a86c51e-006c-a65e-34c9-ff3a6b2ed4b5" executionId="2e32a549-c3f0-4d16-8ff9-2d3a175f5d18" testListId="8c84fa94-04c1-424b-9868-57a2d4851a1d" />
    <TestEntry testId="c5891e20-1607-2f4b-ec62-b83eb87653c6" executionId="5d06bc6e-17a2-423f-8ef3-2cc5b9301c42" testListId="8c84fa94-04c1-424b-9868-57a2d4851a1d" />
    <TestEntry testId="2154354b-9164-5585-480c-7dedd5c54210" executionId="f7e0044a-6a11-4363-9244-2a8e7430a9c4" testListId="8c84fa94-04c1-424b-9868-57a2d4851a1d" />
    <TestEntry testId="c2db2421-6d50-c505-4572-abf46a5e86c5" executionId="541a270f-47ee-435b-8c49-acddfa248cff" testListId="8c84fa94-04c1-424b-9868-57a2d4851a1d" />
    <TestEntry testId="eccf41da-6b65-aa5d-c784-b8badc726d9b" executionId="1085b736-017e-42f9-9c82-4c7280b56fd1" testListId="8c84fa94-04c1-424b-9868-57a2d4851a1d" />
    <TestEntry testId="baa856d2-0f24-fb78-786f-66276d918a1d" executionId="09aacecf-d24a-4b22-916f-7bdb847cf062" testListId="8c84fa94-04c1-424b-9868-57a2d4851a1d" />
    <TestEntry testId="0d82bc84-08a9-ffda-b09d-d44b4e74eec6" executionId="73f3e6e8-6049-42b8-9346-c4fbb092dfae" testListId="8c84fa94-04c1-424b-9868-57a2d4851a1d" />
    <TestEntry testId="58e741bd-777c-df5d-d9c1-457b2c873d32" executionId="afb308fb-a353-45a0-9a7b-92ec4ed25257" testListId="8c84fa94-04c1-424b-9868-57a2d4851a1d" />
    <TestEntry testId="0ced2539-ec58-b3a8-188d-e014bf456555" executionId="3a8db78f-0e22-4fde-9b59-dab91b4c19c4" testListId="8c84fa94-04c1-424b-9868-57a2d4851a1d" />
    <TestEntry testId="b873b04a-7c62-5dd2-8547-3f31b075c272" executionId="494b61b3-be9c-40e4-99dc-436c767d8e2f" testListId="8c84fa94-04c1-424b-9868-57a2d4851a1d" />
    <TestEntry testId="12ac148d-b770-8a76-3e48-40788f60fbd2" executionId="213827cf-a604-4342-9baf-e5a0d89af010" testListId="8c84fa94-04c1-424b-9868-57a2d4851a1d" />
    <TestEntry testId="9100d9e1-967e-296d-c07b-a43969fad121" executionId="28b7d9a2-74b6-4c14-a90a-654e3a43708f" testListId="8c84fa94-04c1-424b-9868-57a2d4851a1d" />
    <TestEntry testId="6cb3c27b-61db-68ea-03a1-16fad20636e6" executionId="a7c9035d-922d-48e1-9040-bc5112cdafc6" testListId="8c84fa94-04c1-424b-9868-57a2d4851a1d" />
    <TestEntry testId="f1ddd1cb-937b-c6a5-5626-287e7f18daa2" executionId="c2506c3d-bd82-4ace-8362-a2061fb3cced" testListId="8c84fa94-04c1-424b-9868-57a2d4851a1d" />
    <TestEntry testId="178d037f-daf8-5717-a393-b090c90da1cf" executionId="e9fbf3da-6dd6-425d-b351-6fae4d4407b9" testListId="8c84fa94-04c1-424b-9868-57a2d4851a1d" />
    <TestEntry testId="0fe69b56-67e1-3f07-b6ce-8076afaa9bd7" executionId="8496b212-f02f-4809-80f3-3540a1dbac63" testListId="8c84fa94-04c1-424b-9868-57a2d4851a1d" />
    <TestEntry testId="6b6f1069-86c1-e08a-6926-d89a012b7b47" executionId="19b79b10-d2d0-4eb2-b8e3-146fd22dedca" testListId="8c84fa94-04c1-424b-9868-57a2d4851a1d" />
    <TestEntry testId="9764b852-f92a-9e33-a48d-5ba73babe5d1" executionId="7bd270dd-acf5-464a-8d5f-061b3b0f8ec6" testListId="8c84fa94-04c1-424b-9868-57a2d4851a1d" />
    <TestEntry testId="8ff84779-95f5-a8f9-809e-e568d86ada77" executionId="3d38bf75-a263-4747-8f2a-6b1deadf8fd8" testListId="8c84fa94-04c1-424b-9868-57a2d4851a1d" />
    <TestEntry testId="b260e8fd-b664-9d96-9944-4c7dd9ae1851" executionId="526d0814-13df-48a4-bcf6-8fa5b49e5feb" testListId="8c84fa94-04c1-424b-9868-57a2d4851a1d" />
    <TestEntry testId="94f0cede-3e3b-c04d-89cc-8dfe2520972c" executionId="2ea75dc1-7555-49ee-bf9f-5f767932da07" testListId="8c84fa94-04c1-424b-9868-57a2d4851a1d" />
    <TestEntry testId="7e545621-7d10-75d6-0eb9-82dda8912c2c" executionId="38893e3d-8849-4832-b24d-1311ca556934" testListId="8c84fa94-04c1-424b-9868-57a2d4851a1d" />
    <TestEntry testId="dd2dd033-1470-57eb-5d97-02eb255fcb1f" executionId="92b48db0-4ecf-43c3-8fd6-b1a1510a5557" testListId="8c84fa94-04c1-424b-9868-57a2d4851a1d" />
    <TestEntry testId="2ed2cd1c-632f-e0d9-b2af-c3d4c17fd7b1" executionId="4fb79616-a3d2-41ba-b174-5e2ca3a7adf6" testListId="8c84fa94-04c1-424b-9868-57a2d4851a1d" />
    <TestEntry testId="4df9b13a-de84-7056-3c88-543d3fa32c62" executionId="891f8bf0-7ce0-4a15-8ceb-b04f4a8c7848" testListId="8c84fa94-04c1-424b-9868-57a2d4851a1d" />
    <TestEntry testId="ead5e525-476c-e9b0-a913-d40736b344c3" executionId="2e608822-c656-4765-9237-aedab7a519d0" testListId="8c84fa94-04c1-424b-9868-57a2d4851a1d" />
    <TestEntry testId="3172308c-0e5e-05a2-a398-90977e0ab705" executionId="41b969ba-cb2d-4998-9940-5744c889d7cc" testListId="8c84fa94-04c1-424b-9868-57a2d4851a1d" />
    <TestEntry testId="ab648c32-5363-622c-e305-880f5c60d7ae" executionId="0c0a61a2-fd71-43eb-beb4-3dabf1d00da5" testListId="8c84fa94-04c1-424b-9868-57a2d4851a1d" />
    <TestEntry testId="0a7a5bc8-9d15-4c47-d83e-93a1a167a703" executionId="72122609-f3fa-45c1-a397-c0bbfcf33f76" testListId="8c84fa94-04c1-424b-9868-57a2d4851a1d" />
    <TestEntry testId="9ee4d82e-bba5-9c6c-1803-31366568eb6e" executionId="4362d676-4d09-4efc-a52e-4223a52d0f42" testListId="8c84fa94-04c1-424b-9868-57a2d4851a1d" />
    <TestEntry testId="99f07415-68e4-3476-dd07-6ad55eba383b" executionId="4ed9e2b8-1a27-42b4-8ea6-7d46d0612776" testListId="8c84fa94-04c1-424b-9868-57a2d4851a1d" />
    <TestEntry testId="af73f199-441a-68ae-4898-efc1663c19b9" executionId="a932ab0d-7c9e-4706-bdf6-50b4bfa3c2d7" testListId="8c84fa94-04c1-424b-9868-57a2d4851a1d" />
    <TestEntry testId="dcb09ac3-545f-7b73-7b06-f7917ef6e79e" executionId="e800776f-64ad-433d-a207-dd8364516f00" testListId="8c84fa94-04c1-424b-9868-57a2d4851a1d" />
    <TestEntry testId="1986b1a1-c98c-3d3a-7942-85a1e1c43315" executionId="f64eebc8-6ae6-462f-b248-3de67db827f9" testListId="8c84fa94-04c1-424b-9868-57a2d4851a1d" />
    <TestEntry testId="3b31ccce-844d-e8f4-84db-04ab2e64b9a7" executionId="f8cbd8a9-3e21-4ee1-9c35-07982ca91a69" testListId="8c84fa94-04c1-424b-9868-57a2d4851a1d" />
    <TestEntry testId="954162af-ab17-e8a9-4ff5-8c9d29069f15" executionId="985664a0-53d6-49bf-9772-c5d890e35535" testListId="8c84fa94-04c1-424b-9868-57a2d4851a1d" />
    <TestEntry testId="2a1ae3da-2a49-9688-92eb-6a1bc6d0cf01" executionId="08d6a1fd-45a5-403b-99fb-e53d7b588e87" testListId="8c84fa94-04c1-424b-9868-57a2d4851a1d" />
    <TestEntry testId="9c12637d-98e9-60e9-4c3e-198e27a61c0f" executionId="1aeb2878-9e57-4d90-8dea-1a306d9e82f2" testListId="8c84fa94-04c1-424b-9868-57a2d4851a1d" />
    <TestEntry testId="5ba87170-b4be-88ce-9658-2993ce18ab0a" executionId="41446a27-9569-48df-9c30-15cd28118fee" testListId="8c84fa94-04c1-424b-9868-57a2d4851a1d" />
    <TestEntry testId="9634b23e-736b-8d03-4e65-5819fb03baa5" executionId="6de05abf-891c-45d3-a7ea-9a186cf89e65" testListId="8c84fa94-04c1-424b-9868-57a2d4851a1d" />
    <TestEntry testId="875433a7-4993-f6c8-ae9e-010101b8ccc7" executionId="2d2c389c-6580-41c5-8b9d-ba8f19d9dc72" testListId="8c84fa94-04c1-424b-9868-57a2d4851a1d" />
    <TestEntry testId="6c2df068-e073-781f-ed58-d73445937e1f" executionId="d0616656-313f-4702-bef0-39322f8df535" testListId="8c84fa94-04c1-424b-9868-57a2d4851a1d" />
    <TestEntry testId="fe096e9a-696b-0373-a92c-3a2e57b850e7" executionId="f45334eb-74c8-4a99-bfd0-99b72e70ff0f" testListId="8c84fa94-04c1-424b-9868-57a2d4851a1d" />
    <TestEntry testId="e9257337-b714-27d4-32a8-94e3008408f8" executionId="080ff237-0222-4b73-a45f-79432ce77a42" testListId="8c84fa94-04c1-424b-9868-57a2d4851a1d" />
    <TestEntry testId="3298d961-bdaa-633a-0d61-33079be298ce" executionId="2f965677-ea0a-4962-a073-829e88226ff3" testListId="8c84fa94-04c1-424b-9868-57a2d4851a1d" />
    <TestEntry testId="185ede31-fab0-85ad-ad6a-a8eab36c8466" executionId="3c8dc979-0802-4a93-b8aa-ebe178b16c5c" testListId="8c84fa94-04c1-424b-9868-57a2d4851a1d" />
    <TestEntry testId="df3e2c77-7f8f-57bd-4668-f3110adbfbc8" executionId="d0cf2973-1c90-468c-86a4-00b0be44b4b5" testListId="8c84fa94-04c1-424b-9868-57a2d4851a1d" />
    <TestEntry testId="87ce6106-4ac0-9f5c-9d1b-30007974d2cb" executionId="d2fce7c3-f1f9-4fb9-b358-90d321d71832" testListId="8c84fa94-04c1-424b-9868-57a2d4851a1d" />
    <TestEntry testId="75f79a5e-625f-18cb-34f2-c39806bd0036" executionId="23e133f1-6924-4efc-9e9a-39cb4425946e" testListId="8c84fa94-04c1-424b-9868-57a2d4851a1d" />
    <TestEntry testId="a1a708d6-4e5d-1cbd-caa6-7047836e6788" executionId="4fde88a5-1bee-4100-b05a-60f15da4e946" testListId="8c84fa94-04c1-424b-9868-57a2d4851a1d" />
    <TestEntry testId="c85737d8-c8f4-a23c-9c62-4ed60400843c" executionId="bdb9403c-ad0e-4f6a-bcf5-81e828484d7f" testListId="8c84fa94-04c1-424b-9868-57a2d4851a1d" />
    <TestEntry testId="c9010c04-7ef0-ce4b-7d42-778e915f5883" executionId="58c0d3fd-546f-4a91-b96b-ef64fde68c30" testListId="8c84fa94-04c1-424b-9868-57a2d4851a1d" />
    <TestEntry testId="b805cea1-9061-e180-4bd1-a6b18b6307ab" executionId="7e2c617d-50e4-4123-94bf-ef1f367b3b09" testListId="8c84fa94-04c1-424b-9868-57a2d4851a1d" />
    <TestEntry testId="cc7d6c48-2140-f681-276a-ee6d54b1f129" executionId="95c6260e-c156-4e44-ad09-3f47d86891ca" testListId="8c84fa94-04c1-424b-9868-57a2d4851a1d" />
    <TestEntry testId="9c7fd1db-1277-0ff0-b26a-428fd3366acd" executionId="ddee2675-d6ed-4529-9060-6a84ab958997" testListId="8c84fa94-04c1-424b-9868-57a2d4851a1d" />
    <TestEntry testId="b38d539d-6069-d89f-5c5e-102a8255e594" executionId="72af5b94-8175-461d-b7eb-ce1f95e902f1" testListId="8c84fa94-04c1-424b-9868-57a2d4851a1d" />
    <TestEntry testId="a1a0e8aa-488b-d813-0baf-a61aa194c928" executionId="4ba24337-df01-46d8-8416-6570a07373ed" testListId="8c84fa94-04c1-424b-9868-57a2d4851a1d" />
    <TestEntry testId="d1db99c9-780d-a1a8-cf4e-cc5ed7bbc5dc" executionId="bbd65a1d-e308-4c87-9c43-1c1129a60ef9" testListId="8c84fa94-04c1-424b-9868-57a2d4851a1d" />
    <TestEntry testId="248dc14a-7b24-2159-ea3a-30144e961aa7" executionId="df34f72b-9cba-4785-82ea-e9bc0c51f946" testListId="8c84fa94-04c1-424b-9868-57a2d4851a1d" />
    <TestEntry testId="79d9531c-e009-9169-2cbc-ceab51e47aa5" executionId="682039bc-a5d6-4f06-8c12-c686349e689d" testListId="8c84fa94-04c1-424b-9868-57a2d4851a1d" />
    <TestEntry testId="e9fa372e-14d7-79bd-7239-c4f5919adecb" executionId="97a250a8-44a6-4c13-9953-afe1b5ae1fcc" testListId="8c84fa94-04c1-424b-9868-57a2d4851a1d" />
    <TestEntry testId="30e1c064-5a9f-94cf-3bb0-81267bf9f82e" executionId="b1c2df7a-838b-4470-97fe-5d41fed8d8f3" testListId="8c84fa94-04c1-424b-9868-57a2d4851a1d" />
    <TestEntry testId="37e53818-7fa5-17d7-012c-004f89325673" executionId="653f9207-0e4e-4b04-818b-31ae217d490c" testListId="8c84fa94-04c1-424b-9868-57a2d4851a1d" />
    <TestEntry testId="1dbf06ec-4cde-4ef3-de39-b5efb671422f" executionId="437148be-975c-49f3-a97a-6bc5c4f0636e" testListId="8c84fa94-04c1-424b-9868-57a2d4851a1d" />
    <TestEntry testId="61f864ac-97c4-6c85-0643-065c2cc97960" executionId="96315563-dc82-469a-964d-2fe6b2c53903" testListId="8c84fa94-04c1-424b-9868-57a2d4851a1d" />
    <TestEntry testId="366e3c61-7635-9c9b-a996-33c58fa8fc62" executionId="9898fbf7-009a-4484-a3f1-b6690319c6ef" testListId="8c84fa94-04c1-424b-9868-57a2d4851a1d" />
    <TestEntry testId="100cc4f6-ca16-2d93-296d-fb39d2a6b55f" executionId="ec0667b9-b934-40d9-92b8-49733531fac2" testListId="8c84fa94-04c1-424b-9868-57a2d4851a1d" />
    <TestEntry testId="183dfbce-4b57-7750-e87b-9eb6c830ba31" executionId="d7bb6207-ce0c-44d4-9afc-fc65246270d4" testListId="8c84fa94-04c1-424b-9868-57a2d4851a1d" />
    <TestEntry testId="3af61c48-eead-454e-59a5-a117f0360878" executionId="2d6878d9-1669-4989-a125-984f88353bc5" testListId="8c84fa94-04c1-424b-9868-57a2d4851a1d" />
    <TestEntry testId="81074b63-819a-5707-3f0a-c12b1496d111" executionId="0b2d3c43-aeaa-41c1-adf3-1c203e391404" testListId="8c84fa94-04c1-424b-9868-57a2d4851a1d" />
    <TestEntry testId="9c810ece-be18-f9ed-3cc8-f43cbbe8d789" executionId="1a70045f-a2cc-4134-acaf-a693916bbd32" testListId="8c84fa94-04c1-424b-9868-57a2d4851a1d" />
    <TestEntry testId="11ed9e7e-df07-2b0d-0eec-e5030427083f" executionId="bc5f4234-86a6-4a28-bac6-0be0afe18f94" testListId="8c84fa94-04c1-424b-9868-57a2d4851a1d" />
    <TestEntry testId="ff088bf9-c4c9-daf8-12f7-40d9669dd362" executionId="2079e137-0c30-4a67-9691-cf55a491bdab" testListId="8c84fa94-04c1-424b-9868-57a2d4851a1d" />
    <TestEntry testId="f0b310a7-9bf9-fe2b-4bd1-bf05e954c540" executionId="bc74de43-468a-493f-b154-38f87f04c1e7" testListId="8c84fa94-04c1-424b-9868-57a2d4851a1d" />
    <TestEntry testId="0a0bc23b-0e81-f4f7-edb6-cfc0213b6904" executionId="a579253f-942b-42e9-a4fd-d21a0af62795" testListId="8c84fa94-04c1-424b-9868-57a2d4851a1d" />
    <TestEntry testId="82cc450a-0e9d-45d3-9478-f947af9d278f" executionId="b67932c9-aa17-4ace-8eb4-84192b0b00c7" testListId="8c84fa94-04c1-424b-9868-57a2d4851a1d" />
    <TestEntry testId="ca7cf147-8883-8578-944a-0bb9c4bca4f5" executionId="a2bbc5a8-22a1-4ed4-8297-f9e21173846c" testListId="8c84fa94-04c1-424b-9868-57a2d4851a1d" />
    <TestEntry testId="112056a7-90b6-3caa-8868-b79786565857" executionId="f8590163-ae85-44be-8051-36c802a387a6" testListId="8c84fa94-04c1-424b-9868-57a2d4851a1d" />
    <TestEntry testId="c0741e8d-b0f9-ca5e-e02e-02960c9e164f" executionId="a2405fe7-ce7e-4415-a180-12c1c08f9639" testListId="8c84fa94-04c1-424b-9868-57a2d4851a1d" />
    <TestEntry testId="babff9b9-4ec4-5d0f-1835-e465e17600e6" executionId="4e6994c3-7edd-4f60-a2b3-3d44b0cbfd1e" testListId="8c84fa94-04c1-424b-9868-57a2d4851a1d" />
    <TestEntry testId="eaa6b024-a03d-d1dd-abf3-1b023d2d51e1" executionId="5d1e4554-ddd2-4f2d-b132-575ff8cb6642" testListId="8c84fa94-04c1-424b-9868-57a2d4851a1d" />
    <TestEntry testId="235eb381-d2e3-8caa-5888-040fb729169a" executionId="e682a37f-4f79-4a35-a76c-5ca27cfa7935" testListId="8c84fa94-04c1-424b-9868-57a2d4851a1d" />
    <TestEntry testId="c558e0d2-3c06-e002-2aa3-e6624e30de98" executionId="0c28c6ca-7312-468e-9145-47ad8e87226c" testListId="8c84fa94-04c1-424b-9868-57a2d4851a1d" />
    <TestEntry testId="18167db3-c21a-1968-f83d-cf6f5b58219d" executionId="1fb0dcdf-94d0-4a9b-a12f-8137674b8238" testListId="8c84fa94-04c1-424b-9868-57a2d4851a1d" />
    <TestEntry testId="0abcfe7a-76aa-b17b-ee97-af3fbbea9a33" executionId="d396835f-9c0d-402b-bc3f-6106de3acb86" testListId="8c84fa94-04c1-424b-9868-57a2d4851a1d" />
    <TestEntry testId="4608b597-f016-aaeb-6cec-43c6a698815f" executionId="e6faeff4-4896-4bab-9444-4c5a1325e58b" testListId="8c84fa94-04c1-424b-9868-57a2d4851a1d" />
    <TestEntry testId="4168f0ac-b835-769a-f744-274b70d89027" executionId="b6c88762-d674-43d5-abcf-72107976a350" testListId="8c84fa94-04c1-424b-9868-57a2d4851a1d" />
    <TestEntry testId="647d0f12-f39c-4459-8e85-bad3059c7bbf" executionId="83fbba5f-ee7e-4482-8c89-d2ca5b013f08" testListId="8c84fa94-04c1-424b-9868-57a2d4851a1d" />
    <TestEntry testId="eb1e2ccd-822e-57b0-f5e5-7fc8ed277803" executionId="55790ad7-f219-4990-a978-f3ef85de10f2" testListId="8c84fa94-04c1-424b-9868-57a2d4851a1d" />
    <TestEntry testId="c6561a8d-8639-fb30-9500-15f8be316902" executionId="a618a06b-a52e-46b4-a221-74d146522dce" testListId="8c84fa94-04c1-424b-9868-57a2d4851a1d" />
    <TestEntry testId="52ac0864-3141-85db-5ec0-9dd50f51b247" executionId="c0d853aa-7766-4012-a697-a957ab986d77" testListId="8c84fa94-04c1-424b-9868-57a2d4851a1d" />
    <TestEntry testId="9f1933d5-ba32-f60d-5aa4-3e77602dd567" executionId="71f84854-fce7-4c52-a2a1-65771e26a988" testListId="8c84fa94-04c1-424b-9868-57a2d4851a1d" />
    <TestEntry testId="9538a911-f018-0a3e-26cb-52278d332f56" executionId="c41f8551-394b-4542-87e0-76e19b1f1235" testListId="8c84fa94-04c1-424b-9868-57a2d4851a1d" />
    <TestEntry testId="05d28227-9bee-a7ac-5d44-a19da1f5106c" executionId="4da9d78f-088e-4ed7-8427-b27eef522edc" testListId="8c84fa94-04c1-424b-9868-57a2d4851a1d" />
    <TestEntry testId="7b9b1040-51d8-c2e6-1ac0-cb113e76a56a" executionId="22085060-e74d-4312-b52d-948b747597b1" testListId="8c84fa94-04c1-424b-9868-57a2d4851a1d" />
    <TestEntry testId="a3a08850-4a93-c030-f4e2-fdffe7d8b320" executionId="a99acb04-6c9d-48f6-8bed-8df0c93f2d68" testListId="8c84fa94-04c1-424b-9868-57a2d4851a1d" />
    <TestEntry testId="a73e7657-df2c-963a-69ef-cc5459fb4c2b" executionId="0ecbca60-3d2c-476f-b997-0c7c0d94ddc7" testListId="8c84fa94-04c1-424b-9868-57a2d4851a1d" />
    <TestEntry testId="c7c04760-2233-4819-4eb3-2daf180edff4" executionId="ef2b9b46-bfdf-4dd1-9b2d-04ee9df4c329" testListId="8c84fa94-04c1-424b-9868-57a2d4851a1d" />
    <TestEntry testId="1c4368b6-2172-3b52-0d12-0d33b2fcef8b" executionId="1ec0f8c8-9c76-4fce-9ff0-d40da57d30e2" testListId="8c84fa94-04c1-424b-9868-57a2d4851a1d" />
    <TestEntry testId="b3d46dfa-7a62-d522-3960-5646d987d2b9" executionId="22f12298-4e3d-4e14-bda2-462b04863814" testListId="8c84fa94-04c1-424b-9868-57a2d4851a1d" />
    <TestEntry testId="ad51f424-6928-1bb2-fff3-55ef9dbab945" executionId="c417c7be-9949-4801-be16-f33db80f4bff" testListId="8c84fa94-04c1-424b-9868-57a2d4851a1d" />
    <TestEntry testId="a79fd14a-da4c-bcf0-0f87-a480851cd28d" executionId="0db86cd5-8144-4e60-b324-c0efe9f676c8" testListId="8c84fa94-04c1-424b-9868-57a2d4851a1d" />
    <TestEntry testId="179615f5-c9e6-0457-24a4-7182fdaf1108" executionId="eb0abd75-7d57-4769-8d2e-463126d8daad" testListId="8c84fa94-04c1-424b-9868-57a2d4851a1d" />
    <TestEntry testId="4a32286d-4292-da18-0868-eb2a25ef068a" executionId="d327afd9-14b8-4f64-badd-7638b4ae1c40" testListId="8c84fa94-04c1-424b-9868-57a2d4851a1d" />
    <TestEntry testId="6a1a0675-fdd2-69ea-ed07-cd8b45ca5094" executionId="80edbd75-4afa-4ee6-8a03-0f500f6e7a9e" testListId="8c84fa94-04c1-424b-9868-57a2d4851a1d" />
    <TestEntry testId="3aa6da58-73c8-f8a3-c690-8bbd80282877" executionId="37346ccb-f644-4986-8af3-2c9746a9db2b" testListId="8c84fa94-04c1-424b-9868-57a2d4851a1d" />
    <TestEntry testId="34bcb15f-3abe-d5c6-acbc-f3d258cf59b6" executionId="850a0d71-8ccc-4c5c-82c8-57e7d6d0b972" testListId="8c84fa94-04c1-424b-9868-57a2d4851a1d" />
    <TestEntry testId="8a9d7602-dc5d-c902-e8f4-8ad4401141f1" executionId="7511fe9e-d550-4ade-8030-91d811dc15e0" testListId="8c84fa94-04c1-424b-9868-57a2d4851a1d" />
    <TestEntry testId="9feffc56-b6c3-64a3-e834-86f62ce8266d" executionId="a95932b7-02ce-4abc-9c17-0a2ef8a10dbf" testListId="8c84fa94-04c1-424b-9868-57a2d4851a1d" />
    <TestEntry testId="434a8caa-9318-d21d-4a14-8dc7214b55eb" executionId="0ce98d9a-1572-4e35-a4ec-50d4ab36850d" testListId="8c84fa94-04c1-424b-9868-57a2d4851a1d" />
    <TestEntry testId="48480e6e-913f-e95b-4a6c-465d36475b6a" executionId="0ab24ecf-1ad7-497e-aa4f-02cfb5adc3f0" testListId="8c84fa94-04c1-424b-9868-57a2d4851a1d" />
    <TestEntry testId="86b56171-19f4-76a4-c109-8879ac5bbbd7" executionId="9f9560da-e7da-4497-beba-b324865922da" testListId="8c84fa94-04c1-424b-9868-57a2d4851a1d" />
    <TestEntry testId="89b95097-2fa4-1afe-c164-3b548bd44274" executionId="18c9b0b9-7e49-4ba1-9a28-8a2d87d5fe23" testListId="8c84fa94-04c1-424b-9868-57a2d4851a1d" />
    <TestEntry testId="584d2955-8662-50b8-9c7a-cb8a910d527d" executionId="57f663c6-866f-4f96-b1cd-7af0bcc11d5a" testListId="8c84fa94-04c1-424b-9868-57a2d4851a1d" />
    <TestEntry testId="d6ef55e8-c5e6-5de1-49ad-15c2ce305191" executionId="692d234a-255e-469e-815e-c8474f020d50" testListId="8c84fa94-04c1-424b-9868-57a2d4851a1d" />
    <TestEntry testId="da6c3e32-e713-64a5-d755-377865e086d4" executionId="3b63f0bd-9d41-4fc2-a553-062660c997d8" testListId="8c84fa94-04c1-424b-9868-57a2d4851a1d" />
    <TestEntry testId="927355f0-db19-7988-f19c-ec0494e2f5d9" executionId="22d06c69-cdac-45f7-a19e-7f240f869173" testListId="8c84fa94-04c1-424b-9868-57a2d4851a1d" />
    <TestEntry testId="6cc408c2-2cb5-45f5-22cc-d2054659459b" executionId="960b844a-4b86-4c3f-8107-861dd7d7054f" testListId="8c84fa94-04c1-424b-9868-57a2d4851a1d" />
    <TestEntry testId="5fa53206-edec-8295-28b6-5eb1541e56b6" executionId="dcf63a6a-53dc-4eff-b4cf-e0e90cbc49f3" testListId="8c84fa94-04c1-424b-9868-57a2d4851a1d" />
    <TestEntry testId="3f543d31-d892-849e-9693-7ae2624b2c94" executionId="aacff4cb-89d2-480d-9c4d-9eeef96c64ad" testListId="8c84fa94-04c1-424b-9868-57a2d4851a1d" />
    <TestEntry testId="3a14b4a3-bbfa-4f36-3b26-b18f61900c63" executionId="36492293-f76b-4608-ad04-4b2e17245e6d" testListId="8c84fa94-04c1-424b-9868-57a2d4851a1d" />
    <TestEntry testId="03e8826c-20fc-cadf-51a4-fe54882f4740" executionId="076628af-5d9b-46da-8aca-b81f117805a3" testListId="8c84fa94-04c1-424b-9868-57a2d4851a1d" />
    <TestEntry testId="13dfd982-ae8a-b137-0e11-07b0f29632c1" executionId="050e5b67-6cc9-49f6-9ee9-dcaf1277318e" testListId="8c84fa94-04c1-424b-9868-57a2d4851a1d" />
    <TestEntry testId="9a2bcce2-54c7-2ac9-248c-c072785d5cf2" executionId="b53cd3a3-c77d-4ae5-a6ba-f3accac1c34c" testListId="8c84fa94-04c1-424b-9868-57a2d4851a1d" />
    <TestEntry testId="d39c6f9f-bd62-16f2-5a23-b15da9df82dd" executionId="c07bac1b-ac8c-4a0b-bd4f-04ab090cd8e2" testListId="8c84fa94-04c1-424b-9868-57a2d4851a1d" />
    <TestEntry testId="8cdd5bbc-dcfa-1d65-90a0-7f353e299d1e" executionId="826b2bbb-9560-4fbb-bfbe-f05299ce8e90" testListId="8c84fa94-04c1-424b-9868-57a2d4851a1d" />
    <TestEntry testId="f227f8da-1aef-bb37-695f-f1b64dec59a9" executionId="9876863f-22aa-420d-bde4-cbba66f71586" testListId="8c84fa94-04c1-424b-9868-57a2d4851a1d" />
    <TestEntry testId="9be732dd-ee22-c2df-2aa3-eb082a5b0373" executionId="f3673a92-1d94-4e32-a7cf-2470047f011a" testListId="8c84fa94-04c1-424b-9868-57a2d4851a1d" />
    <TestEntry testId="3592b35e-5647-34de-406e-9d7d0b031ac6" executionId="4d63ab90-521e-4048-9566-136de67fb8d5" testListId="8c84fa94-04c1-424b-9868-57a2d4851a1d" />
    <TestEntry testId="de2d22dc-e411-4a1b-48db-f6f07906b5fb" executionId="2ce33440-d74c-4ef2-a90b-b633e9f845f2" testListId="8c84fa94-04c1-424b-9868-57a2d4851a1d" />
    <TestEntry testId="0d1bc5db-e6c6-10df-8cf0-a0dfa7497484" executionId="121ef473-57c9-4c3e-aabe-c9892d0f750a" testListId="8c84fa94-04c1-424b-9868-57a2d4851a1d" />
    <TestEntry testId="c0952508-ec1e-97b9-fe02-0c1a5085abd7" executionId="ef8bc5c1-b184-4a2b-bdc0-8f1cd4e4c048" testListId="8c84fa94-04c1-424b-9868-57a2d4851a1d" />
    <TestEntry testId="da125bcd-1715-deae-cc3d-6c75d593b271" executionId="07bdd648-20a0-4a2d-b1a8-6e07ee041c43" testListId="8c84fa94-04c1-424b-9868-57a2d4851a1d" />
    <TestEntry testId="97fa9539-2f5b-d008-d8ef-c0d60778ca89" executionId="aa4f5922-3413-4fe6-8573-d53473bfba12" testListId="8c84fa94-04c1-424b-9868-57a2d4851a1d" />
    <TestEntry testId="f15540c1-ce27-2f60-c3f9-161af09be8cd" executionId="7f27d4c2-a98a-4fdb-a548-8aa479e46b55" testListId="8c84fa94-04c1-424b-9868-57a2d4851a1d" />
    <TestEntry testId="a50452b0-19e4-73e9-85e6-be9ac505f00e" executionId="b138c12f-1fd2-494c-b63a-0373c0379b53" testListId="8c84fa94-04c1-424b-9868-57a2d4851a1d" />
    <TestEntry testId="2732f008-e7e8-d754-7384-c116f008d613" executionId="38c3e667-4b35-4168-b83a-7b6a749ebe90" testListId="8c84fa94-04c1-424b-9868-57a2d4851a1d" />
    <TestEntry testId="8a663fa2-76ee-caf2-967f-999f9c7a5bb3" executionId="9d239b58-fe46-48da-a96d-3f2d2f287557" testListId="8c84fa94-04c1-424b-9868-57a2d4851a1d" />
    <TestEntry testId="d28e2add-d838-2ebe-df2d-b5dd0d3b773e" executionId="9e7468c2-918e-466a-b91f-c329423dda24" testListId="8c84fa94-04c1-424b-9868-57a2d4851a1d" />
    <TestEntry testId="691fc6f3-8d98-645e-59dc-63e6708e6080" executionId="bcf7ebb3-819c-4c90-aaee-9b325bf8a6fd" testListId="8c84fa94-04c1-424b-9868-57a2d4851a1d" />
    <TestEntry testId="bfbcecbb-ebb0-4cc4-ba14-4fec10bfe400" executionId="f2aa49ef-31a2-4ae2-aec9-701c45c47f24" testListId="8c84fa94-04c1-424b-9868-57a2d4851a1d" />
    <TestEntry testId="9087d096-82b4-2271-94ec-73730ed51c23" executionId="7abc8f52-58c0-4823-9cea-0ffdc3ba0e89" testListId="8c84fa94-04c1-424b-9868-57a2d4851a1d" />
    <TestEntry testId="04127ca2-1b44-60f0-2ddc-d2453cd48c79" executionId="8dadf8c7-ab45-43c7-a46d-8a9ac7b8cc8b" testListId="8c84fa94-04c1-424b-9868-57a2d4851a1d" />
    <TestEntry testId="237b1260-5bf2-21f1-fab1-5f4efe94ad6e" executionId="29386524-8579-4d1f-83b7-690cb6d1f2e7" testListId="8c84fa94-04c1-424b-9868-57a2d4851a1d" />
    <TestEntry testId="f3b15f6b-f00d-4e6c-f3c3-26bd7741dc5d" executionId="3e6a98da-cc25-4522-8b66-88a0464d01a4" testListId="8c84fa94-04c1-424b-9868-57a2d4851a1d" />
    <TestEntry testId="bac2e760-c57c-379d-cca8-5272b1f0e7e5" executionId="dec22989-36b1-44de-8503-b89788b40051" testListId="8c84fa94-04c1-424b-9868-57a2d4851a1d" />
    <TestEntry testId="8fb0d924-6ca3-e44c-f26a-1c29eb5d30bd" executionId="6d288110-332e-4750-9ebe-bc45989bb8cb" testListId="8c84fa94-04c1-424b-9868-57a2d4851a1d" />
    <TestEntry testId="8491f0a3-ed14-5fdd-d64c-af335660b6b8" executionId="fd9f423d-a6ff-474c-984b-43efcd754cd0" testListId="8c84fa94-04c1-424b-9868-57a2d4851a1d" />
    <TestEntry testId="dbbec110-d393-0535-7065-c16e31474059" executionId="d015b40c-7406-4acb-a176-a6401fe91b24" testListId="8c84fa94-04c1-424b-9868-57a2d4851a1d" />
    <TestEntry testId="96c01fa6-5d4d-3d03-7186-21835a01bdc8" executionId="73ac324d-0c81-4e4e-af31-4ebd55a3ab52" testListId="8c84fa94-04c1-424b-9868-57a2d4851a1d" />
    <TestEntry testId="5f3735b0-854d-d423-adfb-f959d02e73f7" executionId="b9c26c1a-a503-4456-ae83-cd0882cb125f" testListId="8c84fa94-04c1-424b-9868-57a2d4851a1d" />
    <TestEntry testId="e6b4d3a2-a83c-419f-8b42-b631077ac8fc" executionId="963ab67f-291e-4dbc-9843-a3a233e4c065" testListId="8c84fa94-04c1-424b-9868-57a2d4851a1d" />
    <TestEntry testId="cd5a26d8-2bfb-59a4-04b5-4f695fd431f8" executionId="c19fce7a-2e8e-43e1-9753-c43374c38dfa" testListId="8c84fa94-04c1-424b-9868-57a2d4851a1d" />
    <TestEntry testId="b70675b1-ffbc-1a3f-030b-53fbcade7f2b" executionId="28585311-d7f9-4840-bc1d-b3ade9939171" testListId="8c84fa94-04c1-424b-9868-57a2d4851a1d" />
    <TestEntry testId="3ca4075a-a7fb-92a5-3a91-aefa25efbece" executionId="8f32dca0-8804-4c65-a632-4f8d1edacbfd" testListId="8c84fa94-04c1-424b-9868-57a2d4851a1d" />
    <TestEntry testId="8d5bed77-8b58-0b0c-25f0-22107332d09a" executionId="0c99ed88-56a7-42c5-abf9-968924e08de2" testListId="8c84fa94-04c1-424b-9868-57a2d4851a1d" />
    <TestEntry testId="186c8c1a-303f-5daa-ee87-7bdde9795321" executionId="aa17e0b3-6235-4b83-be1e-99edfb7c9b76" testListId="8c84fa94-04c1-424b-9868-57a2d4851a1d" />
    <TestEntry testId="66840d6a-95a8-9e96-1d7b-1ecad55a0c92" executionId="7b0a7a82-4078-4948-8dec-7f380ff16a07" testListId="8c84fa94-04c1-424b-9868-57a2d4851a1d" />
    <TestEntry testId="d256d95f-79c2-283f-fe67-61aaa54d0e1b" executionId="a744a644-973f-4c1d-901f-9dbb52b23d13" testListId="8c84fa94-04c1-424b-9868-57a2d4851a1d" />
    <TestEntry testId="bc63b05b-4f30-8c10-7b75-77e26fb38256" executionId="b635297a-8941-419a-adc4-0716988af81f" testListId="8c84fa94-04c1-424b-9868-57a2d4851a1d" />
    <TestEntry testId="fe704e3e-6170-ffae-ef99-e24643abf4f9" executionId="79ccbb15-5139-476e-b7ce-a0ecfb31c621" testListId="8c84fa94-04c1-424b-9868-57a2d4851a1d" />
    <TestEntry testId="bb53c479-4fb7-b049-d0b3-60c53109c03d" executionId="97598629-b784-4379-9d24-4a18dd62e79a" testListId="8c84fa94-04c1-424b-9868-57a2d4851a1d" />
    <TestEntry testId="a5c380fd-7aff-7b69-c8d6-5989b9e204c5" executionId="e9bd31ad-7129-4401-bca3-33f57c2c5393" testListId="8c84fa94-04c1-424b-9868-57a2d4851a1d" />
    <TestEntry testId="de1aa414-8fbd-dead-288e-d558b1305dac" executionId="a8347b34-2584-4d28-b3ee-f95cc993cefd" testListId="8c84fa94-04c1-424b-9868-57a2d4851a1d" />
    <TestEntry testId="33b74559-764f-421e-252d-cd475c561f9a" executionId="70e61dca-0d90-4bd1-bd17-f0841e9cfc11" testListId="8c84fa94-04c1-424b-9868-57a2d4851a1d" />
    <TestEntry testId="0740431b-2d5c-94f4-7631-d3fb545f47f1" executionId="f743cb9a-fd20-4ceb-bbf8-f78eab0f8f9e" testListId="8c84fa94-04c1-424b-9868-57a2d4851a1d" />
    <TestEntry testId="35d446c0-f87b-db26-2eb6-ac470ed5efed" executionId="19a0d53c-748b-495d-b01d-8d7a298047c8" testListId="8c84fa94-04c1-424b-9868-57a2d4851a1d" />
    <TestEntry testId="688da5e9-d12f-3e2c-c7dd-72c1a87d6a78" executionId="26ef6043-f138-4f8a-8eb4-75f4b1241bfb" testListId="8c84fa94-04c1-424b-9868-57a2d4851a1d" />
    <TestEntry testId="241187d4-ddc3-99e8-1041-3b3411c6c907" executionId="55fa2584-eb64-4d74-ac5c-103029818317" testListId="8c84fa94-04c1-424b-9868-57a2d4851a1d" />
    <TestEntry testId="042cc95e-2b44-fa19-b576-f75093af4b96" executionId="77957bc8-2eca-43c0-b2b2-d2082227e5f4" testListId="8c84fa94-04c1-424b-9868-57a2d4851a1d" />
    <TestEntry testId="2c083ad7-fea5-5b33-ddd6-bb2be00bd90c" executionId="0a78364b-cf3b-4aa3-99ae-f26c5494e096" testListId="8c84fa94-04c1-424b-9868-57a2d4851a1d" />
    <TestEntry testId="f5005d81-5a9b-ef44-7fc2-52377fae83f4" executionId="0f7e53f5-50ae-42b7-964c-f5395fc99197" testListId="8c84fa94-04c1-424b-9868-57a2d4851a1d" />
    <TestEntry testId="cbab0896-310f-9613-16bf-ed68cf4f09cd" executionId="67b23405-a611-4f03-aa28-a02c3ee02b44" testListId="8c84fa94-04c1-424b-9868-57a2d4851a1d" />
    <TestEntry testId="0875efbb-c25e-506a-0639-785cadf1bec9" executionId="862d7d8b-c0f8-4b45-bfee-827d19b04a1f" testListId="8c84fa94-04c1-424b-9868-57a2d4851a1d" />
    <TestEntry testId="0ceb7858-003d-ab99-34b5-3e79f1abe40b" executionId="540cb57e-7d94-401f-862a-b1e876b9be0a" testListId="8c84fa94-04c1-424b-9868-57a2d4851a1d" />
    <TestEntry testId="a1056dc3-d634-deb8-6537-d1daee422b62" executionId="1df62262-1e98-4e7e-a536-01393ed582f7" testListId="8c84fa94-04c1-424b-9868-57a2d4851a1d" />
    <TestEntry testId="ffe61818-02d5-371a-a7be-23a9f86c9cc7" executionId="c0f3b595-a113-43c8-9765-b3e89e1f2224" testListId="8c84fa94-04c1-424b-9868-57a2d4851a1d" />
    <TestEntry testId="0c81c8d2-5b34-01f9-4916-14e860679bfe" executionId="f108ca57-ff8e-4b16-8c27-ce9942b1984c" testListId="8c84fa94-04c1-424b-9868-57a2d4851a1d" />
    <TestEntry testId="a116b226-3d55-2529-864d-5e970bf42be4" executionId="cd1ad12e-db8c-4eca-8536-f9f376036972" testListId="8c84fa94-04c1-424b-9868-57a2d4851a1d" />
    <TestEntry testId="273a20e0-541a-4005-532d-de3663197643" executionId="2c4a5a1f-ec1c-4f1c-8536-8fae94201d44" testListId="8c84fa94-04c1-424b-9868-57a2d4851a1d" />
    <TestEntry testId="5dc082f5-af3b-2f6f-74c8-0805bee30a46" executionId="bd02bc12-0926-441a-9f9d-fd63124679b8" testListId="8c84fa94-04c1-424b-9868-57a2d4851a1d" />
    <TestEntry testId="5481b8f6-7923-7c75-9ba8-6b8dff0a8582" executionId="bc28977e-3021-462e-9f2d-c7f713aa7c27" testListId="8c84fa94-04c1-424b-9868-57a2d4851a1d" />
    <TestEntry testId="79a853ed-d140-e6d5-86c3-6423b904d524" executionId="db41ed65-e0d8-4eb1-95f5-6652a1003b5c" testListId="8c84fa94-04c1-424b-9868-57a2d4851a1d" />
    <TestEntry testId="80a788de-88e0-32bd-4244-9850aa1ba44f" executionId="b06b1727-9c0a-4653-9a1d-5fe225fc3633" testListId="8c84fa94-04c1-424b-9868-57a2d4851a1d" />
    <TestEntry testId="c0622c05-a365-df5b-d83a-27dce2d844ee" executionId="5d9e6283-ae22-4c24-9a3c-7f6b413a5f61" testListId="8c84fa94-04c1-424b-9868-57a2d4851a1d" />
    <TestEntry testId="91ef764f-6920-57e2-1ea1-d9fdc62e8142" executionId="18136a6c-c52d-48b3-a218-a5395b5f8dee" testListId="8c84fa94-04c1-424b-9868-57a2d4851a1d" />
    <TestEntry testId="a5736665-a659-170c-f088-df8850eec8a7" executionId="cbfd8bfe-0af4-4a50-9ec3-f3eff7fd9b90" testListId="8c84fa94-04c1-424b-9868-57a2d4851a1d" />
    <TestEntry testId="9ecb75d8-2160-8266-876b-6361db8213dc" executionId="02468217-a82e-45bb-bb45-053c234738ea" testListId="8c84fa94-04c1-424b-9868-57a2d4851a1d" />
    <TestEntry testId="40049265-1e97-9ed6-58fa-5d084054c7cc" executionId="27ae1e21-0252-4ab2-b372-2a5a92dd3c82" testListId="8c84fa94-04c1-424b-9868-57a2d4851a1d" />
    <TestEntry testId="7d53e462-1288-fbb2-1f6d-75cbd2a2eb44" executionId="6450175d-e7e6-45b7-b038-9e4807db6861" testListId="8c84fa94-04c1-424b-9868-57a2d4851a1d" />
    <TestEntry testId="d13187c3-6513-b7ca-7370-507380fe2c88" executionId="7ecca184-358c-4ea0-bd71-befc1459431e" testListId="8c84fa94-04c1-424b-9868-57a2d4851a1d" />
    <TestEntry testId="ff8ddb46-4b79-2ee0-2d36-ef22ba3dcd81" executionId="10476424-de4b-4a64-b4cf-2d65029dd79b" testListId="8c84fa94-04c1-424b-9868-57a2d4851a1d" />
    <TestEntry testId="972bb963-9a87-7070-029b-8643f34bbb6c" executionId="37d03082-f4c5-47ec-8f11-f726769d7348" testListId="8c84fa94-04c1-424b-9868-57a2d4851a1d" />
    <TestEntry testId="ad936791-3884-bcd2-a8bf-cc0980504588" executionId="24cdab37-87a4-48c3-80a8-a21c831262ac" testListId="8c84fa94-04c1-424b-9868-57a2d4851a1d" />
    <TestEntry testId="d810e333-5279-6858-6f15-bdf834685746" executionId="417a8479-394d-4330-8bb3-8c61ce717f00" testListId="8c84fa94-04c1-424b-9868-57a2d4851a1d" />
    <TestEntry testId="7f38c64c-30e5-6f29-b1b2-933630e715de" executionId="12aacd09-9a53-4f09-8dae-15e24abd643a" testListId="8c84fa94-04c1-424b-9868-57a2d4851a1d" />
    <TestEntry testId="dbf6f9ae-d4e2-c907-2228-ff1a571678a6" executionId="2f658bb8-fee9-4df6-bd1f-3e11d1e69212" testListId="8c84fa94-04c1-424b-9868-57a2d4851a1d" />
    <TestEntry testId="5987d0c7-7679-adcc-a7d5-76af40a4f7f5" executionId="f2197b57-6ea3-469c-a907-29f6ff6471c8" testListId="8c84fa94-04c1-424b-9868-57a2d4851a1d" />
    <TestEntry testId="d9756703-fed3-1fb8-7195-5dae810af3cf" executionId="5c71e344-3682-4d90-8dcd-01b842d54fbc" testListId="8c84fa94-04c1-424b-9868-57a2d4851a1d" />
    <TestEntry testId="83240b81-a0ee-d801-c63e-6e722955f2f1" executionId="03ece646-b0f0-43d1-acde-791a0545c232" testListId="8c84fa94-04c1-424b-9868-57a2d4851a1d" />
    <TestEntry testId="3fa3f1d2-90bc-c93b-b647-8aef449b689a" executionId="373fe646-cc6e-42d3-9bad-21bc892702fd" testListId="8c84fa94-04c1-424b-9868-57a2d4851a1d" />
    <TestEntry testId="7c18917f-7141-7732-3a7b-36439ce0baa1" executionId="4ffec3d8-4c22-4c2a-a67f-cb4073d46b68" testListId="8c84fa94-04c1-424b-9868-57a2d4851a1d" />
    <TestEntry testId="a3944110-24ef-a5f3-993b-c0e54d094618" executionId="6143bba7-3a0a-4de8-8eea-841aba2234bd" testListId="8c84fa94-04c1-424b-9868-57a2d4851a1d" />
    <TestEntry testId="2fe7dd20-7d34-4621-c4bd-6f2ec94c5407" executionId="164ab4d9-d346-4ddf-813a-0cc5efba7992" testListId="8c84fa94-04c1-424b-9868-57a2d4851a1d" />
    <TestEntry testId="78d10de8-2dc4-0b77-ab9e-9a161423da54" executionId="c5ce0f71-540c-4ef6-be61-5d3f3a19fb88" testListId="8c84fa94-04c1-424b-9868-57a2d4851a1d" />
    <TestEntry testId="0095ae63-2136-ec44-562f-f92a8a9ed8f7" executionId="7032ac99-df71-445c-a333-3b02784b4b6d" testListId="8c84fa94-04c1-424b-9868-57a2d4851a1d" />
    <TestEntry testId="a8d731c5-67df-9575-20e2-4e702b3d5817" executionId="542e2e18-017d-48cb-a33e-7eb861533134" testListId="8c84fa94-04c1-424b-9868-57a2d4851a1d" />
    <TestEntry testId="3b56a798-367d-2897-b3e6-a32862419438" executionId="4e5550a3-6f51-421a-9e34-063501802360" testListId="8c84fa94-04c1-424b-9868-57a2d4851a1d" />
    <TestEntry testId="b16fb8e5-3fa9-845c-9c70-ee0c0d261e2c" executionId="0bd454f1-c74e-4369-bbf4-1e0c16802b83" testListId="8c84fa94-04c1-424b-9868-57a2d4851a1d" />
    <TestEntry testId="264c060b-2c06-6e92-2e7b-9f27ddffeba4" executionId="52e68de7-745f-4f0d-b5b6-3039ddfcee61" testListId="8c84fa94-04c1-424b-9868-57a2d4851a1d" />
    <TestEntry testId="0d6a7c9f-244c-8d08-98f4-afd58838a2c2" executionId="62263c86-f43e-41a6-8664-5b759ae2e679" testListId="8c84fa94-04c1-424b-9868-57a2d4851a1d" />
    <TestEntry testId="c24ecee8-9b5d-eb63-8afc-f2b0a38b7a72" executionId="6935be4c-b187-4a21-84bb-3ea7acf527dc" testListId="8c84fa94-04c1-424b-9868-57a2d4851a1d" />
    <TestEntry testId="ab2272df-129a-10d0-4d80-4c6fcfe702e8" executionId="f032c731-8981-445b-88db-65c0f0d112c0" testListId="8c84fa94-04c1-424b-9868-57a2d4851a1d" />
    <TestEntry testId="cae25fb7-b977-eb51-0588-bf026d38b145" executionId="c68ad997-f08a-4e83-85ce-7b1177c2035d" testListId="8c84fa94-04c1-424b-9868-57a2d4851a1d" />
    <TestEntry testId="b58c1648-01cd-8d33-8125-f2d9795f377d" executionId="e3ffdfe6-f202-4942-b66d-b8a558065270" testListId="8c84fa94-04c1-424b-9868-57a2d4851a1d" />
    <TestEntry testId="8181cd4b-8454-73ed-8ced-01a1dc2b25c3" executionId="7e47c310-a851-4e70-97f8-c5c22de50801" testListId="8c84fa94-04c1-424b-9868-57a2d4851a1d" />
    <TestEntry testId="c5aa0d75-50a2-309f-29ef-6a7a3d1053ab" executionId="9dd1edc0-61e9-497d-9ee6-ec927da67d89" testListId="8c84fa94-04c1-424b-9868-57a2d4851a1d" />
    <TestEntry testId="dba976e4-619d-1846-93cf-501dc328971c" executionId="ffac6fda-8348-49a0-b82e-48184ae91b15" testListId="8c84fa94-04c1-424b-9868-57a2d4851a1d" />
    <TestEntry testId="bafd99e7-ca41-5985-0fa2-b8c4e8f1fc8c" executionId="7d6a62a1-2a18-451c-b3eb-fa7c04ebd49a" testListId="8c84fa94-04c1-424b-9868-57a2d4851a1d" />
    <TestEntry testId="86ad28ff-91bc-6dfc-4b29-d680c9d331eb" executionId="7628192b-296d-4ce7-997f-26c04d358142" testListId="8c84fa94-04c1-424b-9868-57a2d4851a1d" />
    <TestEntry testId="fdef4ad6-20d8-042a-63d8-5826de557b18" executionId="e69b7f06-e82d-432c-aa1a-74eaffcbffaa" testListId="8c84fa94-04c1-424b-9868-57a2d4851a1d" />
    <TestEntry testId="9f62336d-d2a3-438a-9707-488b6a94c792" executionId="99610a9a-e2bb-41a3-aaed-a89c024491b0" testListId="8c84fa94-04c1-424b-9868-57a2d4851a1d" />
    <TestEntry testId="d87ccf8e-ab46-94a5-7597-e2ef80212732" executionId="6960c6e1-1c16-4d81-90f9-e49233c00c48" testListId="8c84fa94-04c1-424b-9868-57a2d4851a1d" />
    <TestEntry testId="ff67ffea-ea63-9682-e246-a48f70d1fb56" executionId="10697366-70a7-4806-bc62-f7e1c829bded" testListId="8c84fa94-04c1-424b-9868-57a2d4851a1d" />
    <TestEntry testId="163fd586-92aa-6f23-9cea-f9c152d7d771" executionId="350fb980-f421-4439-b0de-b45ee2a25729" testListId="8c84fa94-04c1-424b-9868-57a2d4851a1d" />
    <TestEntry testId="749e89fd-9c9b-5d83-545c-b459ff44beff" executionId="109a62ca-e5e5-482f-b41f-ebe01ce42491" testListId="8c84fa94-04c1-424b-9868-57a2d4851a1d" />
    <TestEntry testId="89c1bc9c-fd1f-546d-3081-e1943d5ea5fd" executionId="1e4ce02a-6413-40a5-afea-bd6a5e81e600" testListId="8c84fa94-04c1-424b-9868-57a2d4851a1d" />
    <TestEntry testId="8f3ac04b-f653-5459-90af-f61d3689f759" executionId="94a2cc88-8a35-4ce1-9450-a8c5338c0ae7" testListId="8c84fa94-04c1-424b-9868-57a2d4851a1d" />
    <TestEntry testId="50bd341a-c773-af8f-d72d-637dadce7bec" executionId="4d2df563-4c50-49f6-840d-6015320fc3d5" testListId="8c84fa94-04c1-424b-9868-57a2d4851a1d" />
    <TestEntry testId="1f1eef69-3a21-cd3d-3a5f-46efeda6ab38" executionId="923d4eb9-e909-4746-8fdb-5000f1a5115e" testListId="8c84fa94-04c1-424b-9868-57a2d4851a1d" />
    <TestEntry testId="ddfa2a9a-e29a-9dfc-0603-2fa2e9e89c67" executionId="a592e43c-5211-4c2e-b96c-e4ba8f2aaeb7" testListId="8c84fa94-04c1-424b-9868-57a2d4851a1d" />
    <TestEntry testId="f2358686-aae0-414b-7a27-d43a959b03da" executionId="aa404cc7-cfc4-465d-af72-cf571c9d0f43" testListId="8c84fa94-04c1-424b-9868-57a2d4851a1d" />
    <TestEntry testId="0fab285a-bfbc-a49a-b095-2b979efe33e8" executionId="915b9912-e382-4c45-8d5f-752c90b4350e" testListId="8c84fa94-04c1-424b-9868-57a2d4851a1d" />
    <TestEntry testId="2194158b-3f8a-54e0-368a-945d72c0c309" executionId="01890831-1ec9-4403-a3ff-a13e20e37d9c" testListId="8c84fa94-04c1-424b-9868-57a2d4851a1d" />
    <TestEntry testId="3fad871b-7e9b-a4ff-8f1b-45e15f0c2efa" executionId="127f9084-07f0-40d9-b503-6fb2cd670fec" testListId="8c84fa94-04c1-424b-9868-57a2d4851a1d" />
    <TestEntry testId="3323ac76-0104-2779-2a9d-3f5ae9693296" executionId="b0bb8a62-744c-4ae6-98ed-4b17b3af39ff" testListId="8c84fa94-04c1-424b-9868-57a2d4851a1d" />
    <TestEntry testId="4c71192e-43b4-c49c-e53a-9e4a0adf6b7e" executionId="ce437847-74c0-4289-8fa3-dc12efab8c45" testListId="8c84fa94-04c1-424b-9868-57a2d4851a1d" />
    <TestEntry testId="69eeb057-df94-2674-fba1-959c41ef1419" executionId="79fa3788-d9a6-45b5-a6ec-3755ecbaafa3" testListId="8c84fa94-04c1-424b-9868-57a2d4851a1d" />
    <TestEntry testId="bcf772d6-bc03-8db6-964e-e43c8f396083" executionId="b0fd64b2-89b4-49ca-a39f-6536e2da13b6" testListId="8c84fa94-04c1-424b-9868-57a2d4851a1d" />
    <TestEntry testId="900eea81-caf7-4e0f-b129-22c2df2135b0" executionId="75ff1eab-4592-4f21-b51a-ab9ef60dd2f9" testListId="8c84fa94-04c1-424b-9868-57a2d4851a1d" />
    <TestEntry testId="f7339f67-966a-9543-e542-56a7562f05ad" executionId="c5f733b9-8962-47e2-9b82-390172dcfc52" testListId="8c84fa94-04c1-424b-9868-57a2d4851a1d" />
    <TestEntry testId="56e327fe-8407-ea11-addf-90ce93ff7d58" executionId="03f1fd6b-7f03-4aa7-840b-9ec842c6e718" testListId="8c84fa94-04c1-424b-9868-57a2d4851a1d" />
    <TestEntry testId="598d9a80-ba03-040c-39ba-536b5b6632f4" executionId="7496e057-bf15-45d5-b7c2-068ca719d5a8" testListId="8c84fa94-04c1-424b-9868-57a2d4851a1d" />
    <TestEntry testId="744b047e-9ee3-164d-c478-0183e3fd850c" executionId="d3a6bd26-5e31-41ba-a0e4-ef6ec01fdd74" testListId="8c84fa94-04c1-424b-9868-57a2d4851a1d" />
    <TestEntry testId="a69afd9b-81e8-28e1-2371-18b74a947656" executionId="aa96bf31-d1f1-4c49-8dec-4e0fadb40fe1" testListId="8c84fa94-04c1-424b-9868-57a2d4851a1d" />
    <TestEntry testId="d6af606e-af1d-b77f-4ce0-c1f6556a4ce0" executionId="9ab932be-ce2f-447e-9c3f-504098e3314f" testListId="8c84fa94-04c1-424b-9868-57a2d4851a1d" />
    <TestEntry testId="85835fd9-2c0e-82ff-767f-a5379021f4f3" executionId="5b7e87b7-e538-4825-9109-14b863a58c8d" testListId="8c84fa94-04c1-424b-9868-57a2d4851a1d" />
    <TestEntry testId="e8ec7e81-c75e-50ea-5d4f-c58eeb7d8270" executionId="b2976c9e-658e-4140-a7a4-bbbf4f9d090c" testListId="8c84fa94-04c1-424b-9868-57a2d4851a1d" />
    <TestEntry testId="92c24577-a226-a6b7-7d5e-021b44057899" executionId="4f522abd-1c6b-4399-a6eb-4ee7b3e82fc1" testListId="8c84fa94-04c1-424b-9868-57a2d4851a1d" />
    <TestEntry testId="24614531-2aef-39c0-ae03-729fa029c955" executionId="1710c933-6b2d-4d87-b368-af632bdef5c2" testListId="8c84fa94-04c1-424b-9868-57a2d4851a1d" />
    <TestEntry testId="2472258e-8be8-7772-0b75-b4a3d535f097" executionId="3e682ed0-fbd1-4534-bebb-c98c36abb270" testListId="8c84fa94-04c1-424b-9868-57a2d4851a1d" />
    <TestEntry testId="df661f1a-369e-296a-5042-ab9651f93dce" executionId="30abf889-a9ae-4e3a-925a-4e7d1bc8d17a" testListId="8c84fa94-04c1-424b-9868-57a2d4851a1d" />
    <TestEntry testId="0f785118-4101-2fda-f887-c7a86673e736" executionId="e2a8b7c5-02bd-4f1a-8654-b6dd3861d8ff" testListId="8c84fa94-04c1-424b-9868-57a2d4851a1d" />
    <TestEntry testId="6a68b288-e760-a42c-8c5a-4aafd65f28b7" executionId="75ae9c48-e126-4deb-bc20-b09d005486a4" testListId="8c84fa94-04c1-424b-9868-57a2d4851a1d" />
    <TestEntry testId="a97810bc-ccf4-4f77-152b-d7c40d37cd64" executionId="19c36e14-9f57-4621-b149-7df72a080afb" testListId="8c84fa94-04c1-424b-9868-57a2d4851a1d" />
    <TestEntry testId="4308f885-151f-014b-166d-40692645a73a" executionId="db85bdac-fd5f-4ef2-bf0e-362ef2105aac" testListId="8c84fa94-04c1-424b-9868-57a2d4851a1d" />
    <TestEntry testId="f54965f2-1519-0721-6d19-cf1386c23793" executionId="e63b1d22-d477-4c4a-8388-61fae1e9cc60" testListId="8c84fa94-04c1-424b-9868-57a2d4851a1d" />
    <TestEntry testId="1b17bc60-8954-8c6a-08e7-e6fe2f215cc6" executionId="df22c705-62af-45cc-86e4-9ef34ee58fb5" testListId="8c84fa94-04c1-424b-9868-57a2d4851a1d" />
    <TestEntry testId="e6ca1d81-dcf2-fd0d-938d-c5551a71b09d" executionId="f1b45a04-1e9f-4ef9-9715-7af9a8667d67" testListId="8c84fa94-04c1-424b-9868-57a2d4851a1d" />
    <TestEntry testId="38f897eb-957e-6945-e8b5-f2e873b7ac17" executionId="f0a9ac71-0067-4937-b5b8-0f99b23880c5" testListId="8c84fa94-04c1-424b-9868-57a2d4851a1d" />
    <TestEntry testId="5d5f3f94-f47b-3420-095f-ee592218e6de" executionId="4117e0b7-2a93-4cf3-aaad-4d6708fb9ae1" testListId="8c84fa94-04c1-424b-9868-57a2d4851a1d" />
    <TestEntry testId="d1d304ec-d1a8-54dd-0ee3-d84b0c72b00c" executionId="91c55e37-96d9-4969-840d-4d007e814799" testListId="8c84fa94-04c1-424b-9868-57a2d4851a1d" />
    <TestEntry testId="b6d907a4-489e-cb15-8555-a5c35fcc0ce1" executionId="18875af9-69bb-4f79-9f33-f7d235517cea" testListId="8c84fa94-04c1-424b-9868-57a2d4851a1d" />
    <TestEntry testId="294352cc-8efa-db1c-1bd5-bae00c9cde08" executionId="21b6984f-e98f-4f50-b080-19df54575128" testListId="8c84fa94-04c1-424b-9868-57a2d4851a1d" />
    <TestEntry testId="f2b68a15-ef7c-c26b-ffdd-eb9ae7067bca" executionId="c5a5c38d-18ec-4543-900a-48647209245b" testListId="8c84fa94-04c1-424b-9868-57a2d4851a1d" />
    <TestEntry testId="1d4cd445-caf0-beba-56bf-67413439f9ab" executionId="f2dc82da-c6c7-4a73-a526-2b10d5bb1b6d" testListId="8c84fa94-04c1-424b-9868-57a2d4851a1d" />
    <TestEntry testId="a735bc53-5ccf-d2d2-51e4-40be87eec2ab" executionId="c368ecf9-ea33-40b3-bf8b-10ed25feae05" testListId="8c84fa94-04c1-424b-9868-57a2d4851a1d" />
    <TestEntry testId="5c957f35-8133-124f-9f1e-c78d4730fe22" executionId="28255101-d463-432c-b217-ff4df6eabe96" testListId="8c84fa94-04c1-424b-9868-57a2d4851a1d" />
    <TestEntry testId="58fbd806-2ce4-1de9-b5f6-010d0ee1cbfa" executionId="ffc65f0c-b573-405b-8ad4-f4073193ea0b" testListId="8c84fa94-04c1-424b-9868-57a2d4851a1d" />
    <TestEntry testId="5b7cf016-7948-5d44-c172-ab04f16e1bd2" executionId="8f8409f6-4a75-4381-8ae0-510cd2d0a4b5" testListId="8c84fa94-04c1-424b-9868-57a2d4851a1d" />
    <TestEntry testId="a75df869-b8ee-c89b-7cd3-025e83911294" executionId="6c544072-a52b-4404-90b1-0c6c7b787901" testListId="8c84fa94-04c1-424b-9868-57a2d4851a1d" />
    <TestEntry testId="567ca57c-5cc0-0e6c-fd41-e20b10f40469" executionId="9d2709b2-27d1-46b5-828a-ff660a53b472" testListId="8c84fa94-04c1-424b-9868-57a2d4851a1d" />
    <TestEntry testId="71259de5-a991-d68a-74b6-6304befba6d8" executionId="5f56dda7-d54a-44ea-9c0f-cdbcc4b958cc" testListId="8c84fa94-04c1-424b-9868-57a2d4851a1d" />
    <TestEntry testId="bfee474b-216b-2c15-15a7-0adadfd388fb" executionId="322bc977-d4b1-4492-8a21-e777aa951eb2" testListId="8c84fa94-04c1-424b-9868-57a2d4851a1d" />
    <TestEntry testId="9a9212ad-b798-7488-4494-e587449427c6" executionId="c76fccfb-bb54-43da-97cd-1384e8ce35c6" testListId="8c84fa94-04c1-424b-9868-57a2d4851a1d" />
    <TestEntry testId="b8787739-4c07-b11a-eff9-c330a8615328" executionId="f82c9f8d-e603-44c4-beba-e41439c93503" testListId="8c84fa94-04c1-424b-9868-57a2d4851a1d" />
    <TestEntry testId="71b5be91-6e3e-5890-08ca-57e68e3990bc" executionId="3d8bf69d-2988-4d83-8720-24e9816317ba" testListId="8c84fa94-04c1-424b-9868-57a2d4851a1d" />
    <TestEntry testId="4f602daf-bb8d-fd94-ef0a-fd5eecda2ee6" executionId="6c7afcdb-225e-48fc-bb2f-1d6545c76cbf" testListId="8c84fa94-04c1-424b-9868-57a2d4851a1d" />
    <TestEntry testId="07878353-6799-84f6-4a3b-1ffc56ae1d1d" executionId="41d391de-f319-405f-acb9-6b264a47f354" testListId="8c84fa94-04c1-424b-9868-57a2d4851a1d" />
    <TestEntry testId="7fe2a8ad-3600-98d5-7117-12a9f9025c62" executionId="6173b307-a4b7-4894-b241-3d784e992f98" testListId="8c84fa94-04c1-424b-9868-57a2d4851a1d" />
    <TestEntry testId="ed2c7eae-4b8e-1a77-ee79-03d5fbd59f41" executionId="f135c761-79c9-481f-9674-c51b2c6953ae" testListId="8c84fa94-04c1-424b-9868-57a2d4851a1d" />
    <TestEntry testId="6f661c9f-cb4c-fdf6-5a9a-217f69ebc5d5" executionId="c2d8479a-e12c-4fc3-8bbd-cff69e80c17e" testListId="8c84fa94-04c1-424b-9868-57a2d4851a1d" />
    <TestEntry testId="e21002e6-50a6-5886-0d27-79e4c9ba2f92" executionId="af072dcb-25f6-4086-9b34-c94b3ee32821" testListId="8c84fa94-04c1-424b-9868-57a2d4851a1d" />
    <TestEntry testId="6205fc96-eb71-1460-755c-461fb37bb024" executionId="454ab823-a2c5-469b-9c67-53f25584910e" testListId="8c84fa94-04c1-424b-9868-57a2d4851a1d" />
    <TestEntry testId="939e1c3f-3bc7-ec75-48fe-8501679b5ff4" executionId="f247876e-9c86-4e46-9e95-88a235c9b9d1" testListId="8c84fa94-04c1-424b-9868-57a2d4851a1d" />
    <TestEntry testId="bfe24180-c0ac-b24a-c731-fe26d6138983" executionId="be443bd7-de50-43af-91d2-5f4fbcd255b9" testListId="8c84fa94-04c1-424b-9868-57a2d4851a1d" />
    <TestEntry testId="11729d1c-6c6a-9fce-9d88-8ebfff125cf6" executionId="ba4e104b-4fc9-4753-9b00-19dcd8aee8f8" testListId="8c84fa94-04c1-424b-9868-57a2d4851a1d" />
    <TestEntry testId="d30d3b94-edb3-8c77-afa5-d7e300714162" executionId="90ae3de4-5b4d-4a1c-a2fe-80479f0ae6c4" testListId="8c84fa94-04c1-424b-9868-57a2d4851a1d" />
    <TestEntry testId="5a93f8c6-dddb-38ff-5f2b-b7e5cc3ddb6a" executionId="cadc5cfb-eb89-446f-88ad-fc0e4f90b9f0" testListId="8c84fa94-04c1-424b-9868-57a2d4851a1d" />
    <TestEntry testId="1ede13b3-cc3c-b767-91a3-9e4f793d1dd5" executionId="9ef04578-97ec-4920-8a83-6b6a977a527f" testListId="8c84fa94-04c1-424b-9868-57a2d4851a1d" />
    <TestEntry testId="f5820c79-9491-c601-5f6f-2c9537d33353" executionId="762ef0f8-8e76-4e83-be79-b4e23105bdc8" testListId="8c84fa94-04c1-424b-9868-57a2d4851a1d" />
    <TestEntry testId="055fec57-4e1c-11c8-a858-911643af23bd" executionId="15d3dbbb-2883-4901-b881-67ed878d021b" testListId="8c84fa94-04c1-424b-9868-57a2d4851a1d" />
    <TestEntry testId="696d2b08-2b8a-7456-8791-bc3514cd955e" executionId="3f293244-0461-4933-bc88-c2a49f859666" testListId="8c84fa94-04c1-424b-9868-57a2d4851a1d" />
    <TestEntry testId="ae407fd6-e927-5656-0ce5-4192f5da53cb" executionId="6eaa3a27-2c28-42db-84a7-20949b62f65a" testListId="8c84fa94-04c1-424b-9868-57a2d4851a1d" />
    <TestEntry testId="761b6e00-61f3-b300-b2f5-8d5765381437" executionId="1d57eff0-266d-45ae-b96a-0132db0eea86" testListId="8c84fa94-04c1-424b-9868-57a2d4851a1d" />
    <TestEntry testId="75fb03cc-a2de-116e-3a3c-32d118eb526b" executionId="248231b5-6280-4002-a98b-ee0aeec64dae" testListId="8c84fa94-04c1-424b-9868-57a2d4851a1d" />
    <TestEntry testId="bfa1b3ee-d7a8-b11e-2134-8a3b879aa609" executionId="dd5acb22-3c48-41aa-92d7-d9849fb87e75" testListId="8c84fa94-04c1-424b-9868-57a2d4851a1d" />
    <TestEntry testId="ce6af9f0-4b11-7bc7-9919-f6caf3d5d5f3" executionId="7dff151f-fba3-47e0-811a-e9a69f75035f" testListId="8c84fa94-04c1-424b-9868-57a2d4851a1d" />
    <TestEntry testId="c4f09638-23b4-3d40-c0a4-ef63a006dba0" executionId="019fe21c-de5b-4b7b-b9cd-fdfe56b7ff8e" testListId="8c84fa94-04c1-424b-9868-57a2d4851a1d" />
    <TestEntry testId="5200e545-dbbb-62af-891d-31499a618a0e" executionId="4192e260-12ca-43ba-88d9-9c72f0c9b558" testListId="8c84fa94-04c1-424b-9868-57a2d4851a1d" />
    <TestEntry testId="4ef75591-ffb4-d566-94c9-bda5f50552b9" executionId="cbe233e5-d1ca-46a3-bd5a-7a196d437673" testListId="8c84fa94-04c1-424b-9868-57a2d4851a1d" />
    <TestEntry testId="0b4d877e-fce2-536e-a6f4-e4fbe4e6e47c" executionId="ea459f27-db71-49fe-9e7b-f13818f24c75" testListId="8c84fa94-04c1-424b-9868-57a2d4851a1d" />
    <TestEntry testId="d702a2a7-0d80-6e33-b0a7-e0e379e29093" executionId="26781e87-2d10-4474-97fa-543cd7aed8fe" testListId="8c84fa94-04c1-424b-9868-57a2d4851a1d" />
    <TestEntry testId="ba7d1414-f471-8c90-0af7-54df538160f7" executionId="a4243204-fd07-4ed7-9f2e-d27523e918bf" testListId="8c84fa94-04c1-424b-9868-57a2d4851a1d" />
    <TestEntry testId="040e6cf8-8fc7-ca87-38f4-b0a1a8671b45" executionId="a07a6c70-c024-44ee-8021-aad917073513" testListId="8c84fa94-04c1-424b-9868-57a2d4851a1d" />
    <TestEntry testId="612eaa65-a60d-5727-69a2-576580c27858" executionId="d7cefaaa-d39a-415d-bf60-750ae32bd25f" testListId="8c84fa94-04c1-424b-9868-57a2d4851a1d" />
    <TestEntry testId="f45cbb0f-431c-8958-4b27-e85aa47cbe41" executionId="96051c92-2ca9-46a2-8e85-94827fc07234" testListId="8c84fa94-04c1-424b-9868-57a2d4851a1d" />
    <TestEntry testId="bc7abd1f-cc07-f32a-8331-b644dd93f120" executionId="1395eafd-e17e-42ab-ac71-a15e1291e288" testListId="8c84fa94-04c1-424b-9868-57a2d4851a1d" />
    <TestEntry testId="386de361-29e9-e772-105e-fd42e87ecfec" executionId="2c6a4e13-ec36-4c2f-96c3-7fab715e3775" testListId="8c84fa94-04c1-424b-9868-57a2d4851a1d" />
    <TestEntry testId="799374f9-c088-e602-bce1-d22bf769b783" executionId="87f6f83c-d311-4fc6-b1b8-751e930ee150" testListId="8c84fa94-04c1-424b-9868-57a2d4851a1d" />
    <TestEntry testId="d5ee81d6-78bc-115b-efec-5de38db0e38b" executionId="19e16c3f-1f46-48b6-babd-be55218b2387" testListId="8c84fa94-04c1-424b-9868-57a2d4851a1d" />
    <TestEntry testId="b6713598-e21c-6f29-08f1-f4f46e42ba65" executionId="c7552cba-1cef-49b6-aad5-c99697b9b77b" testListId="8c84fa94-04c1-424b-9868-57a2d4851a1d" />
    <TestEntry testId="0e8e9a77-632c-db52-e40d-d7b033807f15" executionId="eb049281-9d31-4868-8ff1-9da97e227d24" testListId="8c84fa94-04c1-424b-9868-57a2d4851a1d" />
    <TestEntry testId="491a28af-9dc3-1b63-07e3-54fe5ff8a2ad" executionId="285b53a8-b892-4445-8d47-7bfef604a5ac" testListId="8c84fa94-04c1-424b-9868-57a2d4851a1d" />
    <TestEntry testId="7f9e1a03-9e41-8ac9-4d40-38aecad4670f" executionId="1a85bed3-7824-452f-94f3-0b7ec4f43389" testListId="8c84fa94-04c1-424b-9868-57a2d4851a1d" />
    <TestEntry testId="fb7bf331-bde6-9156-c7eb-687415ce01f4" executionId="14b05434-d79f-490f-95dc-ca6d1c60838a" testListId="8c84fa94-04c1-424b-9868-57a2d4851a1d" />
    <TestEntry testId="7c86c7d1-a9a4-3305-ae10-fdb7acd65489" executionId="ed02dc42-dc25-402d-903d-d262f3b33248" testListId="8c84fa94-04c1-424b-9868-57a2d4851a1d" />
    <TestEntry testId="217b46ae-53e4-8868-0968-60de7a74b62a" executionId="33cd887d-6fa5-4038-8205-e3e14e0fc2a8" testListId="8c84fa94-04c1-424b-9868-57a2d4851a1d" />
    <TestEntry testId="c3c40199-4dcb-06d9-bd7e-201cb412e68f" executionId="e215b9d4-77ae-4840-8fa0-ff2ebb5020fb" testListId="8c84fa94-04c1-424b-9868-57a2d4851a1d" />
    <TestEntry testId="3436f427-af0a-5bde-6f98-b38b99a7cf5b" executionId="9f3abc13-df9a-4076-b1d8-943ea93df975" testListId="8c84fa94-04c1-424b-9868-57a2d4851a1d" />
    <TestEntry testId="156f5ebd-8a60-46f3-8ac8-18455127849a" executionId="0001fb12-21b3-4c2f-8606-42c934091bd4" testListId="8c84fa94-04c1-424b-9868-57a2d4851a1d" />
    <TestEntry testId="5e9f654f-dd64-8138-30a6-1dc5f11cf83a" executionId="47871d66-15d4-4969-9065-e279ee88ef00" testListId="8c84fa94-04c1-424b-9868-57a2d4851a1d" />
    <TestEntry testId="a9730862-4522-ad92-1efa-cb822a9c946d" executionId="68128ffe-dfd1-47cb-84bb-4e6b220bbfd8" testListId="8c84fa94-04c1-424b-9868-57a2d4851a1d" />
    <TestEntry testId="d4b7a26e-ed5a-1e37-a00a-e21284ce265b" executionId="da6852b1-4ca0-4f42-b091-2b93687f5b22" testListId="8c84fa94-04c1-424b-9868-57a2d4851a1d" />
    <TestEntry testId="6c083eac-7cf7-3a47-1845-0ff85783e0c1" executionId="f5b62b61-c3cd-4541-8427-a909b7ad0cd0" testListId="8c84fa94-04c1-424b-9868-57a2d4851a1d" />
    <TestEntry testId="c3b1d717-2998-1634-887e-572d42236e5b" executionId="10caec55-18f1-46af-a43b-980a286d2e51" testListId="8c84fa94-04c1-424b-9868-57a2d4851a1d" />
    <TestEntry testId="783752e7-0a8e-7713-0dfb-eb72f3fc27d6" executionId="6316e806-ec05-42c5-822a-619638ac411b" testListId="8c84fa94-04c1-424b-9868-57a2d4851a1d" />
    <TestEntry testId="a90d1942-15f1-e50c-e63d-254e34e99bf5" executionId="8c5db6d0-0e0c-4e41-b675-cb5d099c6b25" testListId="8c84fa94-04c1-424b-9868-57a2d4851a1d" />
    <TestEntry testId="d44a0649-8200-dc14-ee0f-9aa1a5e79e57" executionId="0021587e-93bc-404b-a412-424d25876ede" testListId="8c84fa94-04c1-424b-9868-57a2d4851a1d" />
    <TestEntry testId="a815ca81-3cc8-5bb5-3df9-88bef0e0f650" executionId="877f340b-023e-42f3-9a41-4cb365696535" testListId="8c84fa94-04c1-424b-9868-57a2d4851a1d" />
    <TestEntry testId="281669ef-629b-f1d2-33b2-c7fad7ee0226" executionId="98f72fdd-8b99-41e6-9fda-fa8051315e27" testListId="8c84fa94-04c1-424b-9868-57a2d4851a1d" />
    <TestEntry testId="534fc948-8601-de40-7f94-04ae4333536f" executionId="5a16f076-e8d5-4a04-8bd5-06ed9c8a7b25" testListId="8c84fa94-04c1-424b-9868-57a2d4851a1d" />
    <TestEntry testId="6aa06741-b93f-b24b-6ccf-f7d51617fc30" executionId="831278bd-4bd5-4bbc-85ab-a35aaf6d210d" testListId="8c84fa94-04c1-424b-9868-57a2d4851a1d" />
    <TestEntry testId="c1399a21-a8d4-fd2f-1879-d9e50a5fe1b4" executionId="a5d4a884-7aa2-4a71-9798-747b9810049b" testListId="8c84fa94-04c1-424b-9868-57a2d4851a1d" />
    <TestEntry testId="b4c4dec7-1c5b-811f-ea83-760608d514fd" executionId="98158c91-a40f-4bce-aac3-92e0290592ed" testListId="8c84fa94-04c1-424b-9868-57a2d4851a1d" />
    <TestEntry testId="56913f03-b8f6-5435-d407-8c8e9508f433" executionId="67bdc0fd-ec39-4eea-8435-cdcfbcfe4a77" testListId="8c84fa94-04c1-424b-9868-57a2d4851a1d" />
    <TestEntry testId="4efa35ac-3125-a521-7208-253d92298a56" executionId="02e607c8-4ec2-4460-a1e9-0dd43e3f4b32" testListId="8c84fa94-04c1-424b-9868-57a2d4851a1d" />
    <TestEntry testId="1cdc361a-ffee-1052-df8d-ab7786ba69bf" executionId="373e04f1-303d-4abb-9836-dfa32546dcea" testListId="8c84fa94-04c1-424b-9868-57a2d4851a1d" />
    <TestEntry testId="db653531-1a7a-b4d6-7b77-97b13719461c" executionId="459bfe23-2309-4f9c-bfb3-d82120d98f04" testListId="8c84fa94-04c1-424b-9868-57a2d4851a1d" />
    <TestEntry testId="e6cc0868-2b09-9996-1473-6fd522e2da29" executionId="ba43a2a6-8063-48d4-b9f8-59c6eaa2f687" testListId="8c84fa94-04c1-424b-9868-57a2d4851a1d" />
    <TestEntry testId="c5e43cdb-d4c3-3c40-9593-aad9b5ca8f95" executionId="e40f1676-9c25-4409-934e-261aed9542a7" testListId="8c84fa94-04c1-424b-9868-57a2d4851a1d" />
    <TestEntry testId="c9dc0f3f-e108-0c1a-7cef-09dcecce5469" executionId="c61a336d-9b63-447b-b56c-252a11d49e81" testListId="8c84fa94-04c1-424b-9868-57a2d4851a1d" />
    <TestEntry testId="be4ac306-3050-79c7-e4db-2e676fbdab1b" executionId="5cbeb5ba-12ec-4a1a-be92-c9778646f222" testListId="8c84fa94-04c1-424b-9868-57a2d4851a1d" />
    <TestEntry testId="1e915730-ab57-9b1e-994b-24cc1c98dc55" executionId="36dd9419-319d-4d41-9f3e-4dec969ae224" testListId="8c84fa94-04c1-424b-9868-57a2d4851a1d" />
    <TestEntry testId="4d5be905-ae12-4fb4-1d65-7b8d91a9be3a" executionId="6d9fd538-8df3-436c-96cf-1fb224c64502" testListId="8c84fa94-04c1-424b-9868-57a2d4851a1d" />
    <TestEntry testId="020066de-5c14-b477-efe9-293da5e965f0" executionId="67e0b1f2-c64d-48ce-8ba7-857284b207a2" testListId="8c84fa94-04c1-424b-9868-57a2d4851a1d" />
    <TestEntry testId="2031700b-98b7-ff2b-f550-00f3842fd04f" executionId="de88fd9c-4d8b-413c-b9f3-cbd6d1647fbf" testListId="8c84fa94-04c1-424b-9868-57a2d4851a1d" />
    <TestEntry testId="4125f8c2-231a-89ba-d149-611a4ab9d212" executionId="33675cee-fdc9-4e6f-8c0f-d31dde177e40" testListId="8c84fa94-04c1-424b-9868-57a2d4851a1d" />
    <TestEntry testId="1dd0f7bb-be41-1080-f53b-d32cb9d53ae0" executionId="635ec678-6a12-4396-92a0-5ae79b116441" testListId="8c84fa94-04c1-424b-9868-57a2d4851a1d" />
    <TestEntry testId="90529360-95e5-c60b-5727-b5fa7d491b19" executionId="d26f0037-00ab-4a25-9778-b40bdea00359" testListId="8c84fa94-04c1-424b-9868-57a2d4851a1d" />
    <TestEntry testId="76d85170-85b2-a48f-102e-aa9420de3580" executionId="bb373f3b-449f-448d-87fd-0be3bcdc7353" testListId="8c84fa94-04c1-424b-9868-57a2d4851a1d" />
    <TestEntry testId="f284fcd5-95ba-5e4a-ef58-143a466ff941" executionId="6d563dce-dbe3-4268-9d3f-b8f8ed464c1b" testListId="8c84fa94-04c1-424b-9868-57a2d4851a1d" />
    <TestEntry testId="c08a791c-2a2e-8ef9-53c2-680714283837" executionId="4bcd987f-322b-44ad-a924-49ca1cae0495" testListId="8c84fa94-04c1-424b-9868-57a2d4851a1d" />
    <TestEntry testId="8e844c73-d78c-9c16-d82a-bbf068ddf1ce" executionId="a77ecf2b-f8c0-4d83-b961-8b8fff2e46dd" testListId="8c84fa94-04c1-424b-9868-57a2d4851a1d" />
    <TestEntry testId="5058bebd-02f5-fdd0-776c-ccea1412870f" executionId="636c2f95-cc4a-412f-9b97-a9530f2db7db" testListId="8c84fa94-04c1-424b-9868-57a2d4851a1d" />
    <TestEntry testId="761c5474-ba0b-efdd-0d5f-bfbe630a98c2" executionId="750f6d65-4ee1-44a0-b7e3-83f2347a1d4c" testListId="8c84fa94-04c1-424b-9868-57a2d4851a1d" />
    <TestEntry testId="422cd58a-1607-1b98-484d-a3568b92bd13" executionId="8b6f542c-e3f1-4844-a2ba-21c5a7b5bd03" testListId="8c84fa94-04c1-424b-9868-57a2d4851a1d" />
    <TestEntry testId="04661d81-bbef-c82f-71cf-dda291897ead" executionId="d4cf5d59-c0be-46b5-b2ed-d8bf3ca99bdd" testListId="8c84fa94-04c1-424b-9868-57a2d4851a1d" />
    <TestEntry testId="75567229-1858-de57-219b-cfd8f4a7e8de" executionId="61b91ad2-4784-4a47-9229-dc604b07e4b2" testListId="8c84fa94-04c1-424b-9868-57a2d4851a1d" />
    <TestEntry testId="7729c68a-38c8-f8ce-da09-5022e186685c" executionId="c510800d-309a-41e2-86f2-21a7986cf02e" testListId="8c84fa94-04c1-424b-9868-57a2d4851a1d" />
    <TestEntry testId="5322a6b6-b1d1-4276-7a98-26cc05377b71" executionId="72a29765-731a-451f-9501-0aed6e6612d1" testListId="8c84fa94-04c1-424b-9868-57a2d4851a1d" />
    <TestEntry testId="13bfc4cd-00bc-fb12-3861-f69dc4145d67" executionId="41570604-d466-4259-8504-e4d0d8602a4e" testListId="8c84fa94-04c1-424b-9868-57a2d4851a1d" />
    <TestEntry testId="adafe729-87a5-6f47-8e2f-84195056d442" executionId="de99660d-5fd1-4d90-9397-c727003cad2a" testListId="8c84fa94-04c1-424b-9868-57a2d4851a1d" />
    <TestEntry testId="364fda16-bd4c-3aa8-1597-b73653a15603" executionId="071c9dd3-5a06-4669-b68d-b0029bf8d6ec" testListId="8c84fa94-04c1-424b-9868-57a2d4851a1d" />
    <TestEntry testId="c21a2737-6b36-8691-5404-6629a58d4529" executionId="aaa0ccd1-ff3d-4d44-a2ef-853c5c18519d" testListId="8c84fa94-04c1-424b-9868-57a2d4851a1d" />
    <TestEntry testId="f96cba70-db37-0f83-9cd0-465945a7184e" executionId="fab11d3a-79a2-4020-8c34-f72cf0b52dff" testListId="8c84fa94-04c1-424b-9868-57a2d4851a1d" />
    <TestEntry testId="a9c621d8-eb9e-3cd1-2b29-ed69514bad1f" executionId="698da5cc-dfd3-45c1-8441-1c83c22ace13" testListId="8c84fa94-04c1-424b-9868-57a2d4851a1d" />
    <TestEntry testId="4b152625-d247-2206-1bc2-f59ef3dda4ef" executionId="4334fc0a-3ceb-49ee-a4ac-dfbf22e2d9bb" testListId="8c84fa94-04c1-424b-9868-57a2d4851a1d" />
    <TestEntry testId="6bf29abc-b7d1-2681-6ab5-01a37d1208f2" executionId="5598e7fb-5c22-47ab-9f95-5129cfd0aa26" testListId="8c84fa94-04c1-424b-9868-57a2d4851a1d" />
    <TestEntry testId="9f74ffc2-1a7b-4759-a337-57d1812dbf3f" executionId="fe8c80d9-be17-4800-955c-fa4ff9ba5c75" testListId="8c84fa94-04c1-424b-9868-57a2d4851a1d" />
    <TestEntry testId="9612d6d4-5d3c-f9a6-943c-f09f8d38bf59" executionId="0b5e4133-3b73-4acb-8ccc-881c1cc30063" testListId="8c84fa94-04c1-424b-9868-57a2d4851a1d" />
    <TestEntry testId="0a2dd6c8-dd3b-c34c-d236-39c95cee3b33" executionId="c964fb2b-4229-4dc2-af1e-16269be19de9" testListId="8c84fa94-04c1-424b-9868-57a2d4851a1d" />
    <TestEntry testId="a309af81-dde2-6e24-4ef5-234d753b7352" executionId="5a739e64-15f0-418d-9546-d8048de25f44" testListId="8c84fa94-04c1-424b-9868-57a2d4851a1d" />
    <TestEntry testId="ada84f96-628a-be69-4c85-60683def0842" executionId="1d40aad7-8cce-4737-9d28-ef85a9c80273" testListId="8c84fa94-04c1-424b-9868-57a2d4851a1d" />
    <TestEntry testId="cd41d103-9666-3d37-803b-9b59446c01c4" executionId="743eb542-b054-4dd8-90e5-d34b4777bccb" testListId="8c84fa94-04c1-424b-9868-57a2d4851a1d" />
    <TestEntry testId="c34ab70e-c13b-c0d3-f6b8-6dc84da0bd17" executionId="ac7f90c9-b8c9-40d5-bcb6-24eee8f98c32" testListId="8c84fa94-04c1-424b-9868-57a2d4851a1d" />
    <TestEntry testId="0ee739fa-dfa4-5ef5-1b22-8fe2862978a3" executionId="88cf7e5f-0be4-4e2b-996c-19ea6fb02709" testListId="8c84fa94-04c1-424b-9868-57a2d4851a1d" />
    <TestEntry testId="54bc6f9e-1b35-cac3-f6ab-e594cab0fa7a" executionId="3b88b87e-920c-469d-90b2-40ef1608671e" testListId="8c84fa94-04c1-424b-9868-57a2d4851a1d" />
    <TestEntry testId="ded3a712-fe17-74f4-ce2a-e02d4a5da442" executionId="3ba80955-85c6-4222-94c1-bce7ea19d539" testListId="8c84fa94-04c1-424b-9868-57a2d4851a1d" />
    <TestEntry testId="b07c6436-dbf7-0138-be42-b4b6d3d7e52c" executionId="5188e5be-3d5c-4669-9307-ed0efa6c01a1" testListId="8c84fa94-04c1-424b-9868-57a2d4851a1d" />
    <TestEntry testId="0014f817-c5c9-87d1-3e8c-ecffc3678e52" executionId="0189f9d0-9a69-4af4-8f27-7d79a5ffb427" testListId="8c84fa94-04c1-424b-9868-57a2d4851a1d" />
    <TestEntry testId="e46091cf-1e82-9cd3-4478-8e74502a12eb" executionId="473521ca-4322-454c-9d63-b46eb6a2c238" testListId="8c84fa94-04c1-424b-9868-57a2d4851a1d" />
    <TestEntry testId="cf6ce7eb-96c1-8a55-15f9-4fb2522dc822" executionId="bb577ef7-57ac-484a-81e1-aca08eebc850" testListId="8c84fa94-04c1-424b-9868-57a2d4851a1d" />
    <TestEntry testId="a00a0db9-3140-48ef-5f63-6a059b1f6f40" executionId="47572a52-0686-408b-b31f-b84ea92c1b94" testListId="8c84fa94-04c1-424b-9868-57a2d4851a1d" />
    <TestEntry testId="8034b7ee-c5e3-314c-6310-8984871301b7" executionId="4d248bb5-8ee5-4b64-954d-3dffc275ac07" testListId="8c84fa94-04c1-424b-9868-57a2d4851a1d" />
    <TestEntry testId="c303e402-0edb-f6ba-e4af-33ac122437de" executionId="a1c5dba7-58ae-4a51-b844-d6c92d203d83" testListId="8c84fa94-04c1-424b-9868-57a2d4851a1d" />
    <TestEntry testId="f406acd8-9b69-9411-bf61-2d74f259f69e" executionId="e33cd256-06f6-4377-94c0-002e59f784f0" testListId="8c84fa94-04c1-424b-9868-57a2d4851a1d" />
    <TestEntry testId="61cb44e8-f4b9-17e3-5cff-1fc9b36625bf" executionId="5a9c3d45-fa17-4e77-82e2-43bca9b11be3" testListId="8c84fa94-04c1-424b-9868-57a2d4851a1d" />
    <TestEntry testId="b7f26b3d-6733-f07e-6f15-9b6ddb83ad50" executionId="5bae1b51-c33e-426e-b3a0-d3629be66e44" testListId="8c84fa94-04c1-424b-9868-57a2d4851a1d" />
    <TestEntry testId="2f5e415d-a063-a3ff-febb-2ffdc85ba98d" executionId="c254299d-af9c-4fb8-bc34-25666e274453" testListId="8c84fa94-04c1-424b-9868-57a2d4851a1d" />
    <TestEntry testId="5a540ea5-a914-2a7a-fb65-63091b7a1082" executionId="7b583df5-ee27-4b49-ac5c-fb9acfc42870" testListId="8c84fa94-04c1-424b-9868-57a2d4851a1d" />
    <TestEntry testId="fd35a08c-5b95-7a8f-b139-85a90dbcf98e" executionId="6fedb9dc-c239-4a6f-93be-649607095c42" testListId="8c84fa94-04c1-424b-9868-57a2d4851a1d" />
    <TestEntry testId="1536b0a9-7189-743d-a273-29feae6f0843" executionId="39a07c5e-bc31-45e0-9ef1-ca7b69760b66" testListId="8c84fa94-04c1-424b-9868-57a2d4851a1d" />
    <TestEntry testId="87f6b537-303b-ee32-7ebc-e34863879e5b" executionId="5e89e5d0-0db4-4dda-abd3-aac49334b009" testListId="8c84fa94-04c1-424b-9868-57a2d4851a1d" />
    <TestEntry testId="ec5e31f8-0a43-1c03-8691-e70ecfdbfc69" executionId="1691cc46-a195-4796-8bb9-f0e439e14cce" testListId="8c84fa94-04c1-424b-9868-57a2d4851a1d" />
    <TestEntry testId="0eee54e7-397f-944e-60ad-576b256307cf" executionId="0323fe45-5dad-4d18-b6fe-2b7ba6344a5a" testListId="8c84fa94-04c1-424b-9868-57a2d4851a1d" />
    <TestEntry testId="814e8347-0675-e46f-9f33-cc6368c1ff3d" executionId="15c934d6-e218-4f6b-a343-41591248cf66" testListId="8c84fa94-04c1-424b-9868-57a2d4851a1d" />
    <TestEntry testId="9e92a3ef-f628-77f3-597e-ab6211795c33" executionId="e6ffe608-6556-4844-80d7-44bbe66ec483" testListId="8c84fa94-04c1-424b-9868-57a2d4851a1d" />
    <TestEntry testId="4b06698d-5339-0a98-2e05-9ce80b4b1ec4" executionId="a36cc627-7076-474c-bdde-e47b5ac33447" testListId="8c84fa94-04c1-424b-9868-57a2d4851a1d" />
    <TestEntry testId="daa9a8b5-17c1-3a27-8cd4-720e13369df8" executionId="19bbd287-b851-483f-a9ae-395a3aa423e8" testListId="8c84fa94-04c1-424b-9868-57a2d4851a1d" />
    <TestEntry testId="c9fc2c85-cd6b-22aa-0e63-9afbfb8c152b" executionId="c046fa9b-7d86-4121-a284-a17510f167a4" testListId="8c84fa94-04c1-424b-9868-57a2d4851a1d" />
    <TestEntry testId="f527f4e7-733e-c529-a6f2-d33ed3ff23a3" executionId="060591a9-531c-48cd-9150-f9b6d6dfec68" testListId="8c84fa94-04c1-424b-9868-57a2d4851a1d" />
    <TestEntry testId="1ad63577-6f41-15d0-2387-0963e1b2bf95" executionId="3db26f94-a8b7-4405-826b-3db069b11741" testListId="8c84fa94-04c1-424b-9868-57a2d4851a1d" />
    <TestEntry testId="4a9f4574-9113-6c35-d2fa-751a30e86322" executionId="2b4f4507-ab00-4f15-98c3-3bbbe405c277" testListId="8c84fa94-04c1-424b-9868-57a2d4851a1d" />
    <TestEntry testId="10e970c4-cd41-e630-0953-62de694a4cfc" executionId="638aa77c-9af7-4db7-a379-978f57f57346" testListId="8c84fa94-04c1-424b-9868-57a2d4851a1d" />
    <TestEntry testId="fbdffebc-5b1f-3fc0-8f3a-0ed85a2faf6a" executionId="f7486b0a-8625-4770-a617-67f4e54d98ee" testListId="8c84fa94-04c1-424b-9868-57a2d4851a1d" />
    <TestEntry testId="6997fb4f-bee2-69ca-461b-7845f1fa191c" executionId="e720bba9-45a5-4aaf-bc1e-cb4c302b025a" testListId="8c84fa94-04c1-424b-9868-57a2d4851a1d" />
    <TestEntry testId="72858ddf-be22-dd7b-74db-ce66ecacd1dd" executionId="2c05b160-86f5-4e7a-928a-27ad6082018f" testListId="8c84fa94-04c1-424b-9868-57a2d4851a1d" />
    <TestEntry testId="a61390b2-0ec7-4d98-e7ed-b8eba6ac247d" executionId="90cd5f47-7e77-4f31-9a6f-11904bbc93cf" testListId="8c84fa94-04c1-424b-9868-57a2d4851a1d" />
    <TestEntry testId="13946824-77dd-557e-ea95-b0f908b787b1" executionId="b8652229-4966-4a23-b4ad-de5fdb360df4" testListId="8c84fa94-04c1-424b-9868-57a2d4851a1d" />
    <TestEntry testId="ef2c65b8-081e-e356-813a-949f0831c7f0" executionId="6c64a70d-f055-488e-b88a-de44208807b7" testListId="8c84fa94-04c1-424b-9868-57a2d4851a1d" />
    <TestEntry testId="5fe9c184-b316-2ed8-da8c-d7dc0b588adb" executionId="10684943-10ac-4ab7-b8d7-89e0b42532ea" testListId="8c84fa94-04c1-424b-9868-57a2d4851a1d" />
    <TestEntry testId="76ad8ec9-5ccc-b3a3-7c1b-d549d0dbd095" executionId="e2e01c0b-0fe3-462b-b8e7-77fb6029761d" testListId="8c84fa94-04c1-424b-9868-57a2d4851a1d" />
    <TestEntry testId="039e02b8-589d-bf11-ab34-101144716c75" executionId="98b0a97d-442a-405d-b940-62f2700a1d61" testListId="8c84fa94-04c1-424b-9868-57a2d4851a1d" />
    <TestEntry testId="cd325bca-14d8-e62d-3ed3-b6cff2a5be8c" executionId="8ffc5822-de6e-44ba-9a4c-418fdf7ba7e9" testListId="8c84fa94-04c1-424b-9868-57a2d4851a1d" />
    <TestEntry testId="f6807856-920c-b4f6-bd05-450a0bb2d3bd" executionId="afb3c3fc-f38d-4857-b555-438bb87e9e88" testListId="8c84fa94-04c1-424b-9868-57a2d4851a1d" />
    <TestEntry testId="01a9775b-5693-bd58-011d-1e4a65370397" executionId="1e4ef01e-1afe-4675-b364-074fec025a8f" testListId="8c84fa94-04c1-424b-9868-57a2d4851a1d" />
    <TestEntry testId="6f6f8b3a-15e7-3194-8c20-0c46fab5e263" executionId="747409ee-6586-4a8f-bc40-48d76c8f2700" testListId="8c84fa94-04c1-424b-9868-57a2d4851a1d" />
    <TestEntry testId="d543b1fe-0034-e565-eca0-f9a5d2d12bdc" executionId="6552e530-6853-4136-a8f1-21da772023c7" testListId="8c84fa94-04c1-424b-9868-57a2d4851a1d" />
    <TestEntry testId="f34d9844-3970-87ba-1a6d-f7c3b662af09" executionId="1d31888f-ea13-4c12-b457-ce5504dd33b4" testListId="8c84fa94-04c1-424b-9868-57a2d4851a1d" />
    <TestEntry testId="d2ca44f4-b0fb-ea99-f88d-5612fe812eb3" executionId="2aba7d00-ac03-414a-b9d8-a957ed2492c8" testListId="8c84fa94-04c1-424b-9868-57a2d4851a1d" />
    <TestEntry testId="bafee3ee-9889-56d2-8e3d-2c651a7649c3" executionId="c4c11b75-8ac7-4b23-a9b3-b28b349c06a4" testListId="8c84fa94-04c1-424b-9868-57a2d4851a1d" />
    <TestEntry testId="46d3bb4f-6f59-f6c2-b532-ed497dfae82c" executionId="21487da8-d554-463c-8419-f0fa34adadd6" testListId="8c84fa94-04c1-424b-9868-57a2d4851a1d" />
    <TestEntry testId="8b7ce013-8629-5a29-320f-b962e95e1d02" executionId="121b8299-38d7-41e4-99f2-4277f48d4fd1" testListId="8c84fa94-04c1-424b-9868-57a2d4851a1d" />
    <TestEntry testId="5105cd39-08d3-5cdf-e5e5-5aae2f2d51c8" executionId="17c865a0-0e53-4163-ab5f-c62ee4c0d589" testListId="8c84fa94-04c1-424b-9868-57a2d4851a1d" />
    <TestEntry testId="0eb2cf4b-202a-2f21-374f-50b4b3adc607" executionId="95ccfed6-e73f-4dfd-951b-a6a1a7d2b784" testListId="8c84fa94-04c1-424b-9868-57a2d4851a1d" />
    <TestEntry testId="ba870e88-e985-a063-3050-00fcfcbc95b8" executionId="51d17d51-7204-4953-983e-319734e933ff" testListId="8c84fa94-04c1-424b-9868-57a2d4851a1d" />
    <TestEntry testId="084c3ea0-3fae-0089-ccac-97b8aadd0b60" executionId="5c8f968a-c816-4ae5-b822-d9b38208f840" testListId="8c84fa94-04c1-424b-9868-57a2d4851a1d" />
    <TestEntry testId="f8894dae-c947-7fce-9d72-6693c21ad4f8" executionId="09e363e6-a2bb-4000-8a35-b077685dca2f" testListId="8c84fa94-04c1-424b-9868-57a2d4851a1d" />
    <TestEntry testId="61bdea90-2716-ebd5-11fe-1f07a5d80915" executionId="02494f3d-137e-4a4f-9f5c-2c8a0925c941" testListId="8c84fa94-04c1-424b-9868-57a2d4851a1d" />
    <TestEntry testId="3fe65711-0b55-7192-8237-90b45a462066" executionId="9ba59aea-2a73-4b76-aec3-fe34d2bbacb6" testListId="8c84fa94-04c1-424b-9868-57a2d4851a1d" />
    <TestEntry testId="21c8abf8-9b6f-d71c-0d26-379759e20f24" executionId="cf32ac5c-1257-4859-899f-1bf5387b0906" testListId="8c84fa94-04c1-424b-9868-57a2d4851a1d" />
    <TestEntry testId="4b28c4f2-243a-8c78-12a1-344fb80c29cf" executionId="cc72f29c-6752-4a19-9319-531c572d1158" testListId="8c84fa94-04c1-424b-9868-57a2d4851a1d" />
    <TestEntry testId="ed116d32-6ba7-9bd1-6680-6c13ee07292b" executionId="0bdf8527-3916-4010-829e-c3006e6df86f" testListId="8c84fa94-04c1-424b-9868-57a2d4851a1d" />
    <TestEntry testId="4d3fe7e4-2bde-cfc0-5403-0728b7dde62a" executionId="ec359a5e-131f-4ea0-b690-ccfe664575db" testListId="8c84fa94-04c1-424b-9868-57a2d4851a1d" />
    <TestEntry testId="67b93cbf-4a61-71bd-d4ce-d603f3c3b311" executionId="76568a17-c96e-49be-92f8-8c04bc060217" testListId="8c84fa94-04c1-424b-9868-57a2d4851a1d" />
    <TestEntry testId="d493c8e9-cfea-2fc7-4acb-79ca91dde5f0" executionId="4b27eb28-8a08-4375-9fa8-ef618d1a6e9c" testListId="8c84fa94-04c1-424b-9868-57a2d4851a1d" />
    <TestEntry testId="0fb536e2-af1a-ef21-5b53-d89a189dda8d" executionId="dad1990b-a827-4f9c-b3a0-bd56961f9aa6" testListId="8c84fa94-04c1-424b-9868-57a2d4851a1d" />
    <TestEntry testId="92748693-9b58-d8e3-eb5b-22d11e2e9e9d" executionId="7e7171a2-c98f-4656-a807-5578f8b12f48" testListId="8c84fa94-04c1-424b-9868-57a2d4851a1d" />
    <TestEntry testId="2b440940-2efe-cdba-d4a2-2746340ee3bc" executionId="315566c5-d37e-4ad6-ab4b-bbd135c348b3" testListId="8c84fa94-04c1-424b-9868-57a2d4851a1d" />
    <TestEntry testId="b59817a2-024b-f794-3f46-68714948a01a" executionId="e05c77c1-a059-430e-af82-8ea1ae79a3ba" testListId="8c84fa94-04c1-424b-9868-57a2d4851a1d" />
    <TestEntry testId="12d96651-40d0-5499-9770-bf08435d63fc" executionId="94305af0-7945-40a9-85ca-be11056e8a77" testListId="8c84fa94-04c1-424b-9868-57a2d4851a1d" />
    <TestEntry testId="1462a569-77b7-fa7d-0148-09ce9f2428e8" executionId="6a772060-2ee3-4797-a2f4-7a414a0930c3" testListId="8c84fa94-04c1-424b-9868-57a2d4851a1d" />
    <TestEntry testId="3e5b1b26-ce6a-72cd-5d99-1c229fd90703" executionId="9c8026c4-b17d-4ba8-9eb9-a692ec0361dd" testListId="8c84fa94-04c1-424b-9868-57a2d4851a1d" />
    <TestEntry testId="33fd1dda-62a8-0bed-a4ce-731800ce94c0" executionId="3f3ebb05-a573-47ed-b9dc-6984a0416bf7" testListId="8c84fa94-04c1-424b-9868-57a2d4851a1d" />
    <TestEntry testId="6079b9dd-99aa-436d-ae95-d982e753c815" executionId="67ab0a7e-2657-4ae3-9bd8-faccae6fdc18" testListId="8c84fa94-04c1-424b-9868-57a2d4851a1d" />
    <TestEntry testId="546c163e-77dd-f570-5b52-f67af946e3b9" executionId="564557c1-bec5-466e-ad2d-b2e2475905d3" testListId="8c84fa94-04c1-424b-9868-57a2d4851a1d" />
    <TestEntry testId="1eaafc3c-6374-0d37-e565-15fb470a9a01" executionId="60779897-a7b3-4c2f-a562-b4032a80edbc" testListId="8c84fa94-04c1-424b-9868-57a2d4851a1d" />
    <TestEntry testId="ee3ad499-d226-2821-3efe-49a57729a899" executionId="87c62e78-3d13-491d-8a3e-e24eea5e5ef9" testListId="8c84fa94-04c1-424b-9868-57a2d4851a1d" />
    <TestEntry testId="da9e50fc-db80-afa7-5f4f-4cb6b2da8231" executionId="55b29ab8-81b6-4280-b0a8-a02ec4d08734" testListId="8c84fa94-04c1-424b-9868-57a2d4851a1d" />
    <TestEntry testId="bea51f53-59a0-d933-da38-7b5730c49072" executionId="f9bf17c9-b9a7-426f-b3d7-d0dfa93077a8" testListId="8c84fa94-04c1-424b-9868-57a2d4851a1d" />
    <TestEntry testId="eaf0b15c-0fc1-b6e6-caad-e11eeb0c7fda" executionId="14490c7b-b897-4d4e-b90e-4300a936e786" testListId="8c84fa94-04c1-424b-9868-57a2d4851a1d" />
    <TestEntry testId="dfaf8cc8-6c50-9b2f-464a-6475c413ade9" executionId="c76ba5d3-da24-4b04-91c6-4e78c57b8dd1" testListId="8c84fa94-04c1-424b-9868-57a2d4851a1d" />
    <TestEntry testId="9b79670a-4357-fb82-855b-9e335ddd3a09" executionId="b1163d99-5e4d-4524-a053-30541c47dd9c" testListId="8c84fa94-04c1-424b-9868-57a2d4851a1d" />
    <TestEntry testId="990c6bd9-75e3-e712-66e8-1d0bc8aed91c" executionId="c9c8531c-4eab-4c81-bd8b-5cefbb89617d" testListId="8c84fa94-04c1-424b-9868-57a2d4851a1d" />
    <TestEntry testId="37d09489-36bf-8c23-e75f-f494d92ed465" executionId="7a6e5cd1-3f87-43c9-924b-a6a085e383ef" testListId="8c84fa94-04c1-424b-9868-57a2d4851a1d" />
    <TestEntry testId="9e381b2f-7758-75e7-1187-5359a7cc2fcf" executionId="7a93bf56-10d0-41b0-bc18-569b5df22a11" testListId="8c84fa94-04c1-424b-9868-57a2d4851a1d" />
    <TestEntry testId="230e1e23-a8f6-7ac5-0938-0ce23eabf420" executionId="49270b9c-70a8-42b9-9a2f-286b8dfe90e8" testListId="8c84fa94-04c1-424b-9868-57a2d4851a1d" />
    <TestEntry testId="31b9c4ce-6a9b-3b29-d842-ab748e7d275b" executionId="99ebef89-a43a-4565-86e9-2a07722d03a4" testListId="8c84fa94-04c1-424b-9868-57a2d4851a1d" />
    <TestEntry testId="61863f63-9d64-1d88-3d10-ad0f63ed338b" executionId="84b5990c-6738-4ca9-b24c-e987fb5d03a8" testListId="8c84fa94-04c1-424b-9868-57a2d4851a1d" />
    <TestEntry testId="27e54bf1-4aa0-4763-a98b-d50300d50e6c" executionId="1f041b16-704b-40df-b8e4-6e3e34cf3fdb" testListId="8c84fa94-04c1-424b-9868-57a2d4851a1d" />
    <TestEntry testId="be9ca199-100c-7487-211b-359c6f85feb5" executionId="dd75ff28-0e1c-4a78-ae68-e889def093f1" testListId="8c84fa94-04c1-424b-9868-57a2d4851a1d" />
    <TestEntry testId="f62ec529-2064-feb0-d217-30e62f8296ba" executionId="f5447169-038d-47f0-a99e-2d6cba4da71f" testListId="8c84fa94-04c1-424b-9868-57a2d4851a1d" />
    <TestEntry testId="c212e24b-1c29-9890-50c8-57d6096284d3" executionId="178a7411-fd2c-4389-85d4-510ef0c90ccf" testListId="8c84fa94-04c1-424b-9868-57a2d4851a1d" />
    <TestEntry testId="6eb5b91d-aafa-339f-fbef-69ff28a5c36d" executionId="b3135dc4-1e6e-4d62-8f62-5aa377e472c0" testListId="8c84fa94-04c1-424b-9868-57a2d4851a1d" />
    <TestEntry testId="758b94a4-3e83-213a-e897-268aa753a08f" executionId="8f97699f-ab9d-4b93-9a38-78eee5b2a7b1" testListId="8c84fa94-04c1-424b-9868-57a2d4851a1d" />
    <TestEntry testId="48499d12-acd9-8513-1f00-a2b49278b2fc" executionId="a495acf2-57be-4d58-bb36-a407ffb6f1ce" testListId="8c84fa94-04c1-424b-9868-57a2d4851a1d" />
    <TestEntry testId="09f7512b-fcad-449f-b8a9-c32911a23969" executionId="610dd500-65a6-4aaf-a43f-60f9199e2387" testListId="8c84fa94-04c1-424b-9868-57a2d4851a1d" />
    <TestEntry testId="51b21bbe-86e0-7c92-977a-b85ebd62b755" executionId="0fb487cf-6d8a-4e53-988e-4f6fb5d63562" testListId="8c84fa94-04c1-424b-9868-57a2d4851a1d" />
    <TestEntry testId="444b6055-8e36-cf16-2594-6f26fe677cd1" executionId="fdae324d-8855-4d5a-b0ac-cb9b544feb12" testListId="8c84fa94-04c1-424b-9868-57a2d4851a1d" />
    <TestEntry testId="4adfbd6f-49a9-0885-850f-1a4998e7f85f" executionId="a6439ab0-eefe-4a6f-aa4d-bef5462facfb" testListId="8c84fa94-04c1-424b-9868-57a2d4851a1d" />
    <TestEntry testId="9a37fdb2-9bc9-44c3-d032-3d58a5dce31d" executionId="1c9c21f2-4678-4985-aa2a-8741562ebf22" testListId="8c84fa94-04c1-424b-9868-57a2d4851a1d" />
    <TestEntry testId="38bf740f-4d67-502e-2cfd-d66470e846d5" executionId="44a9afee-a40d-4362-b38a-fa82f02e5978" testListId="8c84fa94-04c1-424b-9868-57a2d4851a1d" />
    <TestEntry testId="95df1eac-f3bd-b207-f98c-5233af246763" executionId="a76172c1-cdb3-43b2-ab6a-254c892a6184" testListId="8c84fa94-04c1-424b-9868-57a2d4851a1d" />
    <TestEntry testId="1006d1f0-5b29-3f16-0e5d-80a2a40c26e6" executionId="15b0c9ac-3fb9-4a5d-b91d-ce66018fcbbf" testListId="8c84fa94-04c1-424b-9868-57a2d4851a1d" />
    <TestEntry testId="fe5f39e6-4cd0-a90c-3fd0-4ec94c3771bb" executionId="0c5bf0e7-bfd4-4d9d-afc3-62e999c19bb2" testListId="8c84fa94-04c1-424b-9868-57a2d4851a1d" />
    <TestEntry testId="c6af2688-b6d7-1499-ef57-908aefcce6dc" executionId="fb9b726c-bc56-4a85-bbb6-f6904414c212" testListId="8c84fa94-04c1-424b-9868-57a2d4851a1d" />
    <TestEntry testId="14379ebb-9dd5-379e-3072-3bfd6770d049" executionId="4abf71f0-04e6-4d5a-b11b-d1679b236ff5" testListId="8c84fa94-04c1-424b-9868-57a2d4851a1d" />
    <TestEntry testId="9dc9660c-2773-e5a1-118f-73373343d0e6" executionId="2345710f-7f97-4bbe-9ce0-5663a853f42a" testListId="8c84fa94-04c1-424b-9868-57a2d4851a1d" />
    <TestEntry testId="f7bc8584-126a-bce9-5286-d35d3ce59a28" executionId="061ae3b8-5dc6-41ff-843d-9ad24bfb58ed" testListId="8c84fa94-04c1-424b-9868-57a2d4851a1d" />
    <TestEntry testId="fa34dc68-0a28-d88d-9f8e-755de73cf02d" executionId="93840e87-bf97-4b1e-85f8-4262ed0b365a" testListId="8c84fa94-04c1-424b-9868-57a2d4851a1d" />
    <TestEntry testId="fd8ab50a-6120-2a06-7ebd-aae621104cec" executionId="158833ab-4a80-404d-8951-c339ccfa7a1c" testListId="8c84fa94-04c1-424b-9868-57a2d4851a1d" />
    <TestEntry testId="7200fbe8-0633-195a-0e4f-25258446a0dd" executionId="8bb4b323-de5f-45e8-918e-3e21f888bbd4" testListId="8c84fa94-04c1-424b-9868-57a2d4851a1d" />
    <TestEntry testId="bc76307e-662f-d191-64cf-4352a391fa59" executionId="2a405def-7ee6-4228-ac16-f9fa1c97d765" testListId="8c84fa94-04c1-424b-9868-57a2d4851a1d" />
    <TestEntry testId="abc33cd0-29a9-07f5-4aa9-4d70e8dec4a4" executionId="c73a8f67-4012-46aa-a23a-2e275a8378b2" testListId="8c84fa94-04c1-424b-9868-57a2d4851a1d" />
    <TestEntry testId="0751b11b-a6a8-a4ef-30e1-f910838570cb" executionId="dd2826bf-248b-42ff-8dc4-f0ac68edc4c5" testListId="8c84fa94-04c1-424b-9868-57a2d4851a1d" />
    <TestEntry testId="55a64d0e-8de2-b5b6-7b28-338aaabcb504" executionId="344e4451-4d27-476b-91ec-42f3196850bc" testListId="8c84fa94-04c1-424b-9868-57a2d4851a1d" />
    <TestEntry testId="b4f18443-22cf-826b-3478-6d5f920e371c" executionId="f7d3301e-8c6b-457d-be39-79088a462618" testListId="8c84fa94-04c1-424b-9868-57a2d4851a1d" />
    <TestEntry testId="bcd74692-fcc7-2c4c-b52b-85aae8ab43ad" executionId="442fa48c-a641-407c-ae46-caad56c9f85e" testListId="8c84fa94-04c1-424b-9868-57a2d4851a1d" />
    <TestEntry testId="0fb54a08-345f-ee29-01d6-61a60fb47ced" executionId="0b0c2524-23ca-484f-95cc-5477670f6abb" testListId="8c84fa94-04c1-424b-9868-57a2d4851a1d" />
    <TestEntry testId="72e011e2-bf27-7ea5-75f9-295f8504211f" executionId="5e4030c4-c78a-45e5-a341-3ef872cc9ed6" testListId="8c84fa94-04c1-424b-9868-57a2d4851a1d" />
    <TestEntry testId="93fd2413-8c9b-cb53-924a-b9c4b432d82a" executionId="10e208d3-a89f-46c3-b5b9-8dbddf189987" testListId="8c84fa94-04c1-424b-9868-57a2d4851a1d" />
    <TestEntry testId="2151d041-2bc8-f3a7-2b84-0e6fe76ff3f0" executionId="34a942ad-19ab-4596-8fd9-4fb468a06ff3" testListId="8c84fa94-04c1-424b-9868-57a2d4851a1d" />
    <TestEntry testId="1400f8ec-69fd-4b7f-6a20-9938aff67002" executionId="331acaf6-75ff-4541-9719-c5bb63839b25" testListId="8c84fa94-04c1-424b-9868-57a2d4851a1d" />
    <TestEntry testId="1079d268-49d6-f18c-d495-58b580aae9dc" executionId="4eea60c6-39d5-462f-9103-9fcd40a3eaaa" testListId="8c84fa94-04c1-424b-9868-57a2d4851a1d" />
    <TestEntry testId="f0e62743-f005-ab34-4606-22275729a052" executionId="bac488e8-10e2-43b7-be06-9ef521a1b1e4" testListId="8c84fa94-04c1-424b-9868-57a2d4851a1d" />
    <TestEntry testId="4c9ec316-0614-0ed3-d3e3-ff9a3542b3e8" executionId="87d5d718-78ee-457a-a910-72b288b87eb9" testListId="8c84fa94-04c1-424b-9868-57a2d4851a1d" />
    <TestEntry testId="6a7d9b76-8e51-2dd0-7599-1dd99ccb1f30" executionId="aedb99a7-5da8-41ad-b5fc-a2573c5c504f" testListId="8c84fa94-04c1-424b-9868-57a2d4851a1d" />
    <TestEntry testId="181c235a-8f4f-6777-859c-d2eff1a2ae91" executionId="494d5adb-bf07-4d13-87a1-01caacb24355" testListId="8c84fa94-04c1-424b-9868-57a2d4851a1d" />
    <TestEntry testId="68aeee53-b239-e7d6-6e18-da94fac3a451" executionId="0e0d8200-d9dd-4ae8-ad11-8fa24134bc08" testListId="8c84fa94-04c1-424b-9868-57a2d4851a1d" />
    <TestEntry testId="d0528706-3be3-396a-77f7-4d1c86caa17a" executionId="ad276af0-c5cb-485c-bfa4-5c90a34428c5" testListId="8c84fa94-04c1-424b-9868-57a2d4851a1d" />
    <TestEntry testId="4858eca7-ac2a-e51a-34d1-70891bbff583" executionId="b29ae6a0-aa0d-474f-b949-4b8bf983ade6" testListId="8c84fa94-04c1-424b-9868-57a2d4851a1d" />
    <TestEntry testId="9bb60857-0889-c636-aa09-df7f3ffa4f70" executionId="69b5d155-cde2-4d8e-bc01-bf63fc352efd" testListId="8c84fa94-04c1-424b-9868-57a2d4851a1d" />
    <TestEntry testId="e01a9a2a-2030-6ab9-7db6-efea263590e2" executionId="778e7ed0-6b8c-4952-ac57-54a51408c768" testListId="8c84fa94-04c1-424b-9868-57a2d4851a1d" />
    <TestEntry testId="a32f3872-61d2-3bb4-5952-f9f7fd09a236" executionId="1cc70188-ce77-4c5b-b6ed-9208de830213" testListId="8c84fa94-04c1-424b-9868-57a2d4851a1d" />
    <TestEntry testId="ec976d73-69f5-3cb8-c94a-fac6ea1343ca" executionId="b22f57eb-b554-48a8-9b6a-7717dc9941ab" testListId="8c84fa94-04c1-424b-9868-57a2d4851a1d" />
    <TestEntry testId="1cc15eeb-9d05-d094-9231-53ade30093a7" executionId="08fb55fb-1e56-4e92-acfc-fdbe356521b8" testListId="8c84fa94-04c1-424b-9868-57a2d4851a1d" />
    <TestEntry testId="afbbae00-ce73-0862-4d3c-578f15f46774" executionId="84743ef1-6160-4936-8659-283161555c30" testListId="8c84fa94-04c1-424b-9868-57a2d4851a1d" />
    <TestEntry testId="4753ba69-a929-b55c-7853-51519ca51301" executionId="b7ba3982-1675-41dc-9081-093e08f06336" testListId="8c84fa94-04c1-424b-9868-57a2d4851a1d" />
    <TestEntry testId="459add99-cbf9-4f7c-b3d1-c619873acede" executionId="809a4615-fc32-4269-9a11-4b5184fdb962" testListId="8c84fa94-04c1-424b-9868-57a2d4851a1d" />
    <TestEntry testId="a2cb1a23-585c-77f0-4371-0762318d91ff" executionId="cab7d450-1189-4781-aa66-bb90e98ee4d9" testListId="8c84fa94-04c1-424b-9868-57a2d4851a1d" />
    <TestEntry testId="e18b4dbd-2ff6-3acf-dfb2-f12cbfa820d0" executionId="c215da79-2e5c-496b-b21b-e854dfcba42f" testListId="8c84fa94-04c1-424b-9868-57a2d4851a1d" />
    <TestEntry testId="40134df2-77e4-6143-ea6f-23ae0fbd39f3" executionId="d6cbedfd-76d5-4210-84cd-7733cdf101c7" testListId="8c84fa94-04c1-424b-9868-57a2d4851a1d" />
    <TestEntry testId="64486b5c-a699-4a15-d908-73d103db26bc" executionId="d0b79597-8ce7-47f4-af42-b153434bc3b4" testListId="8c84fa94-04c1-424b-9868-57a2d4851a1d" />
    <TestEntry testId="ff96b5de-94eb-fc99-362b-5102f1ace758" executionId="e5aaf9e0-dfcc-4d57-b329-a615404e2298" testListId="8c84fa94-04c1-424b-9868-57a2d4851a1d" />
    <TestEntry testId="4d4e339b-9d29-e85f-f9ef-3112de40381f" executionId="81ebf7ca-466e-405c-9fc6-0f3ecc3599d5" testListId="8c84fa94-04c1-424b-9868-57a2d4851a1d" />
    <TestEntry testId="ca756e2d-d5c0-6e03-1ab7-b2045c06d17b" executionId="b08117f3-3e95-432d-b05d-9e077f86a546" testListId="8c84fa94-04c1-424b-9868-57a2d4851a1d" />
    <TestEntry testId="eb81fa5f-83e5-54db-0bb8-c928bd6f40f1" executionId="c77bdec5-cedd-445e-b220-92556524ff24" testListId="8c84fa94-04c1-424b-9868-57a2d4851a1d" />
    <TestEntry testId="f03f6860-12a5-6960-814c-3c29d5bd5d06" executionId="d4c72405-7921-4613-aee0-6ba60950c42d" testListId="8c84fa94-04c1-424b-9868-57a2d4851a1d" />
    <TestEntry testId="b7a54b06-1426-b0d1-c148-d7f5ca4a408c" executionId="95456392-8c3f-4ca9-84f6-eb9248ca1fd8" testListId="8c84fa94-04c1-424b-9868-57a2d4851a1d" />
    <TestEntry testId="5c121ce3-0aab-ab5b-cce0-b7a13bf9bb3a" executionId="76f84ef3-89c4-469d-ba46-bed1ae97bf6e" testListId="8c84fa94-04c1-424b-9868-57a2d4851a1d" />
    <TestEntry testId="45b26f0b-a8bb-4b3f-d7c4-794f4ece7d3c" executionId="6c02562b-5b7d-4066-9d01-16a1298dc481" testListId="8c84fa94-04c1-424b-9868-57a2d4851a1d" />
    <TestEntry testId="9af46142-b025-7ff1-cd86-b161fef30f97" executionId="29ab8203-8958-4609-bfe3-7d3382c9138d" testListId="8c84fa94-04c1-424b-9868-57a2d4851a1d" />
    <TestEntry testId="5d30b17d-1a70-2e78-f289-4e82f0d205e6" executionId="6aa2083b-8d61-4733-9c25-81dfef33f328" testListId="8c84fa94-04c1-424b-9868-57a2d4851a1d" />
    <TestEntry testId="17e8adfe-3d5e-8417-3ca9-9ea065f0229b" executionId="6b4ed911-8afa-49ab-8429-02ee4cfacd5a" testListId="8c84fa94-04c1-424b-9868-57a2d4851a1d" />
    <TestEntry testId="41fb6436-3dfd-f2cc-b2c2-3eb1f8450637" executionId="2f88aa1e-5326-41e2-b194-7068ff904c74" testListId="8c84fa94-04c1-424b-9868-57a2d4851a1d" />
    <TestEntry testId="9b9cb762-c5b9-fbcf-33f7-2ca2d3e98b42" executionId="b89e5054-f180-4a69-a9de-ec9df453124d" testListId="8c84fa94-04c1-424b-9868-57a2d4851a1d" />
    <TestEntry testId="5a63deb4-703f-d2ca-862c-112038163809" executionId="e5202893-bdb1-4a94-a369-62d0b1456c1b" testListId="8c84fa94-04c1-424b-9868-57a2d4851a1d" />
    <TestEntry testId="9391af43-2aec-63c3-c456-eaf3d57ab573" executionId="d74b82d1-826a-43bc-91dd-6d3667b790a8" testListId="8c84fa94-04c1-424b-9868-57a2d4851a1d" />
    <TestEntry testId="ebd1aa40-63da-115b-f2a9-d23a543d03a1" executionId="8a9f30cb-79fe-4e15-a335-23a763988d2e" testListId="8c84fa94-04c1-424b-9868-57a2d4851a1d" />
    <TestEntry testId="d04a2ff8-d519-5ad7-fd64-a85e9b9ae68c" executionId="7656c836-1da4-4eb7-ad26-e1401a77a240" testListId="8c84fa94-04c1-424b-9868-57a2d4851a1d" />
    <TestEntry testId="99085e4f-7a45-28dd-d73e-76b910959f1c" executionId="54ab0795-70d6-4aea-b4b9-4e3811e21107" testListId="8c84fa94-04c1-424b-9868-57a2d4851a1d" />
    <TestEntry testId="8e40a9d7-b14a-a165-b4bc-258c3936dfbd" executionId="b6bbcf10-ed59-479f-82fd-01e09f05bdb9" testListId="8c84fa94-04c1-424b-9868-57a2d4851a1d" />
    <TestEntry testId="466d7722-0345-718d-529e-85f31a949492" executionId="bf4a507f-a6f2-437a-8a5c-c8f2adb27db7" testListId="8c84fa94-04c1-424b-9868-57a2d4851a1d" />
    <TestEntry testId="f1679d4a-b856-7d51-628e-8f29c288c7ca" executionId="d15f9141-abe6-4cb7-a879-2d0946787f24" testListId="8c84fa94-04c1-424b-9868-57a2d4851a1d" />
    <TestEntry testId="8c128bb7-55c2-1507-f225-4df0c4a48630" executionId="becd921f-209c-4eab-abf2-c98fea8cf579" testListId="8c84fa94-04c1-424b-9868-57a2d4851a1d" />
    <TestEntry testId="2af17ceb-e4a7-e57a-8e57-17ad33ae72e3" executionId="d66801e7-1bbf-4c72-beb9-7bfa0180a80b" testListId="8c84fa94-04c1-424b-9868-57a2d4851a1d" />
    <TestEntry testId="124aa2c1-a584-951a-b578-c58272b94396" executionId="eccf741a-1681-4655-b6bd-29bfc7a75ad1" testListId="8c84fa94-04c1-424b-9868-57a2d4851a1d" />
    <TestEntry testId="4b9288d3-23bb-6d5e-ced0-2389f5e0b638" executionId="c45bb1db-067d-4208-9706-e5ce7491507c" testListId="8c84fa94-04c1-424b-9868-57a2d4851a1d" />
    <TestEntry testId="d2e288cb-5b2d-9b97-c7c0-aed9f363013c" executionId="07b1e5b8-b3e1-48aa-95a7-f9adfa4215a9" testListId="8c84fa94-04c1-424b-9868-57a2d4851a1d" />
    <TestEntry testId="69ed80be-ebbe-cd3a-42e2-f7807046c259" executionId="0e54c26c-933b-4c46-a24f-7f30997482fb" testListId="8c84fa94-04c1-424b-9868-57a2d4851a1d" />
    <TestEntry testId="1385f442-8d64-2443-1088-0b70bf667165" executionId="3a5c9514-5488-4a16-a12e-fe88a1d202c3" testListId="8c84fa94-04c1-424b-9868-57a2d4851a1d" />
    <TestEntry testId="6c34d91a-3ccc-a88d-a525-6f3132726a55" executionId="9128fa14-ad15-4b75-9a7b-e01c0ad75816" testListId="8c84fa94-04c1-424b-9868-57a2d4851a1d" />
    <TestEntry testId="685331f6-0a25-8111-bb2a-37dce3d8d170" executionId="f7c5ff47-47a2-48d8-bb5f-c02d3d3f0a10" testListId="8c84fa94-04c1-424b-9868-57a2d4851a1d" />
    <TestEntry testId="843293b0-7cce-f386-da63-2fb428fb7828" executionId="2c193a2c-2132-4004-b915-200cc8933c08" testListId="8c84fa94-04c1-424b-9868-57a2d4851a1d" />
    <TestEntry testId="1aafdcdc-e39a-0bd1-4429-1c1f26634e52" executionId="e41ef8c3-1f99-4464-be0e-f793b3d6357e" testListId="8c84fa94-04c1-424b-9868-57a2d4851a1d" />
    <TestEntry testId="731a3faa-831a-30a7-eac4-75c26e15a8d7" executionId="e89e4f3e-6e70-44a4-9900-e8bcb899beb1" testListId="8c84fa94-04c1-424b-9868-57a2d4851a1d" />
    <TestEntry testId="814b2061-14f5-c810-0eca-e8431104105a" executionId="89c21a67-0d3f-41a3-a247-c37553153a08" testListId="8c84fa94-04c1-424b-9868-57a2d4851a1d" />
    <TestEntry testId="a5d2d781-ed08-2478-bb45-1d4f50c82554" executionId="29dd2972-8fea-41fc-8d89-c3aa971ef707" testListId="8c84fa94-04c1-424b-9868-57a2d4851a1d" />
    <TestEntry testId="8e957c61-833e-a0b8-17c9-5e56071d3f70" executionId="6d5f9b86-2193-4f34-b4ef-d60ba54f9df2" testListId="8c84fa94-04c1-424b-9868-57a2d4851a1d" />
    <TestEntry testId="b2d498a1-af9b-33b8-aa18-e8644e9da7f1" executionId="5658556e-fb1e-4d49-a7ad-764c2af0db05" testListId="8c84fa94-04c1-424b-9868-57a2d4851a1d" />
    <TestEntry testId="27c9de3f-c624-ee93-069f-2072d9c30f0a" executionId="46e17953-bacc-4a47-90d2-f2df294c34f5" testListId="8c84fa94-04c1-424b-9868-57a2d4851a1d" />
    <TestEntry testId="3bcce3ce-1e1f-b2cb-aecb-f9baaad49b40" executionId="a86c1178-5537-42f6-99f5-70a9939c87f4" testListId="8c84fa94-04c1-424b-9868-57a2d4851a1d" />
    <TestEntry testId="cb9f49fb-58b9-06a6-2d40-6492ed02487d" executionId="e3053606-1d9b-4bc2-8c9c-9c4133ba8aa8" testListId="8c84fa94-04c1-424b-9868-57a2d4851a1d" />
    <TestEntry testId="d907dab2-a0b3-0153-e7e4-4d342798a47e" executionId="60bcbf6e-a455-4ef4-956a-db56f0506dc4" testListId="8c84fa94-04c1-424b-9868-57a2d4851a1d" />
    <TestEntry testId="aaa9e076-e199-e522-2c08-1bd206c5f6e7" executionId="b1aca288-e38a-4179-8525-8687a48fcb7d" testListId="8c84fa94-04c1-424b-9868-57a2d4851a1d" />
    <TestEntry testId="6fd88d41-992e-23c0-e35a-a1d1b838cd50" executionId="c94c6ad1-f410-4202-b5a5-e075f39f391e" testListId="8c84fa94-04c1-424b-9868-57a2d4851a1d" />
    <TestEntry testId="80d0ff60-cfaf-35b0-6f6e-60db427c7f85" executionId="f9c6ef18-6ec2-4844-a787-35b706e59d56" testListId="8c84fa94-04c1-424b-9868-57a2d4851a1d" />
    <TestEntry testId="3d1af355-28e7-625e-59fd-fe5da700f0dc" executionId="35fca877-479f-4a54-884e-02145b3ca646" testListId="8c84fa94-04c1-424b-9868-57a2d4851a1d" />
    <TestEntry testId="6837dba7-40c4-9f70-ea2b-82f5a35b378d" executionId="b03ca533-15bc-46ac-96df-bb47b351dc84" testListId="8c84fa94-04c1-424b-9868-57a2d4851a1d" />
    <TestEntry testId="bb2394ba-110a-90c0-2182-1e3775f73d05" executionId="f57bcffa-cb3a-4ab4-abea-e4315b99eb6f" testListId="8c84fa94-04c1-424b-9868-57a2d4851a1d" />
    <TestEntry testId="dc54e0bb-502b-6570-9584-a9f765f8122d" executionId="6f5e91ee-8d78-4fe6-9ac3-6b5fe71c454e" testListId="8c84fa94-04c1-424b-9868-57a2d4851a1d" />
    <TestEntry testId="38b02068-987c-3dd3-28cd-9a07df85e95b" executionId="bc2e1690-829a-4ab6-a8c0-ae0f5ccfc9e3" testListId="8c84fa94-04c1-424b-9868-57a2d4851a1d" />
    <TestEntry testId="5a63d239-8af4-ff24-ef04-165e809fc0f0" executionId="a6516684-6c4a-4b25-826b-8d5ca49a451c" testListId="8c84fa94-04c1-424b-9868-57a2d4851a1d" />
    <TestEntry testId="5f750d11-c899-aa88-cff9-6806fe46c3fe" executionId="9efa6c90-7975-480b-854e-9ca8d325e6f3" testListId="8c84fa94-04c1-424b-9868-57a2d4851a1d" />
    <TestEntry testId="8b7f95f5-c5ec-10c0-26ff-eb4390bba1ee" executionId="4a202c1b-7a22-4fb7-b9e4-cd3a09293224" testListId="8c84fa94-04c1-424b-9868-57a2d4851a1d" />
    <TestEntry testId="52dd4d5a-f28a-3449-7987-33dfda351248" executionId="591e2f30-d77f-4f0f-a849-2fe5eb3e2f03" testListId="8c84fa94-04c1-424b-9868-57a2d4851a1d" />
    <TestEntry testId="e457ba43-5ec8-2ef9-9f16-d8e65791d46d" executionId="e889a8c0-c7c2-44e8-9809-25953f9a66d2" testListId="8c84fa94-04c1-424b-9868-57a2d4851a1d" />
    <TestEntry testId="20029a95-caa6-71d7-8434-4467fe9b8732" executionId="b3bfffce-7064-459d-9ba7-8da95141f1ea" testListId="8c84fa94-04c1-424b-9868-57a2d4851a1d" />
    <TestEntry testId="2f6b6911-3bf0-1f4d-b85f-0561bbc969cd" executionId="a93c76c6-f2be-440a-b0b0-ce76c7daa903" testListId="8c84fa94-04c1-424b-9868-57a2d4851a1d" />
    <TestEntry testId="ae81390e-96a7-cf30-3a99-7ea7ca8436a2" executionId="f9bf5a24-d7c3-4b3c-8fe2-6ab9f6e5e1be" testListId="8c84fa94-04c1-424b-9868-57a2d4851a1d" />
    <TestEntry testId="594ca00d-02cf-07de-ca25-0d701d72a0a6" executionId="3958a33a-5584-4bf9-be2a-e7639cd45d67" testListId="8c84fa94-04c1-424b-9868-57a2d4851a1d" />
    <TestEntry testId="3fa92d95-7719-c247-fd7d-28cef4c98170" executionId="e67949e2-acaa-496d-81c1-9d4007a6693a" testListId="8c84fa94-04c1-424b-9868-57a2d4851a1d" />
    <TestEntry testId="297d2ce6-e7ea-8d5e-9134-2d6e61b4337c" executionId="24aced93-e8a0-422c-bc0f-0117e7fa02f4" testListId="8c84fa94-04c1-424b-9868-57a2d4851a1d" />
    <TestEntry testId="e1f98d4b-b934-3301-b07c-a8722a8e1bf4" executionId="ab805513-3a0c-457a-829e-4751ad93bbe7" testListId="8c84fa94-04c1-424b-9868-57a2d4851a1d" />
    <TestEntry testId="a8f82c34-f413-0466-fc76-669da2c23141" executionId="b41f75f4-44da-493e-bc16-f376858b34e3" testListId="8c84fa94-04c1-424b-9868-57a2d4851a1d" />
    <TestEntry testId="a38d6dd0-4abc-cd66-f98d-02667c7de044" executionId="383893e0-17d1-4624-8b64-3a720a207dcf" testListId="8c84fa94-04c1-424b-9868-57a2d4851a1d" />
    <TestEntry testId="73278ab4-3d1d-b883-d827-3ea861390441" executionId="048f6175-ef00-495d-99f6-9698f2139b8a" testListId="8c84fa94-04c1-424b-9868-57a2d4851a1d" />
    <TestEntry testId="73bcea4a-0bf6-aaca-b16b-8e4d59f9059e" executionId="66c95bdd-8ab2-4809-b6fc-bf845d9649ac" testListId="8c84fa94-04c1-424b-9868-57a2d4851a1d" />
    <TestEntry testId="5b2fabb4-e059-962c-348f-3355cdc7486e" executionId="94d526e8-e311-4099-97ed-453f58369969" testListId="8c84fa94-04c1-424b-9868-57a2d4851a1d" />
    <TestEntry testId="b93fddec-5e00-a1c1-fc16-4882d018fd04" executionId="778e87f2-359b-440f-87a9-08ee7c6a6e96" testListId="8c84fa94-04c1-424b-9868-57a2d4851a1d" />
    <TestEntry testId="65e69234-8b4f-5c5d-4c39-26b683719c33" executionId="3f903739-2d77-4cee-bbc9-877f823c3cc2" testListId="8c84fa94-04c1-424b-9868-57a2d4851a1d" />
    <TestEntry testId="0d808795-ca9e-3ec0-5d7b-6c498dbb0495" executionId="77312ed2-5b31-442e-91f8-c75f099cb7c0" testListId="8c84fa94-04c1-424b-9868-57a2d4851a1d" />
    <TestEntry testId="62b1fe99-5a28-bc9f-0494-f16f9326c1bc" executionId="830c4fca-95d3-4470-8e1f-47b6dbddd8bd" testListId="8c84fa94-04c1-424b-9868-57a2d4851a1d" />
    <TestEntry testId="ff400e5b-d8ea-836f-c081-66cfe2473c87" executionId="1248912c-015a-4433-a6f0-810f1d3c7ba1" testListId="8c84fa94-04c1-424b-9868-57a2d4851a1d" />
    <TestEntry testId="127fb78e-ed01-3534-55cd-9f963056d67f" executionId="fe95e454-6af2-4376-9be2-4eb06d5c448d" testListId="8c84fa94-04c1-424b-9868-57a2d4851a1d" />
    <TestEntry testId="9e60da1f-2da8-eacc-63f9-9c91b8a7e042" executionId="79539a94-fc11-49e0-890c-e2544708c0b5" testListId="8c84fa94-04c1-424b-9868-57a2d4851a1d" />
    <TestEntry testId="5d6a5449-fc3a-dea9-163b-dec74b3dd1b9" executionId="12eab871-5b36-4f17-9539-7cf1a9dddccf" testListId="8c84fa94-04c1-424b-9868-57a2d4851a1d" />
    <TestEntry testId="e3eba5d2-93a0-e22e-731e-ed52218ff16c" executionId="aa160712-9c60-43ee-bef7-2eaf44ef31e1" testListId="8c84fa94-04c1-424b-9868-57a2d4851a1d" />
    <TestEntry testId="0e441c44-ccc7-5318-d743-a0646c26f920" executionId="3cc1642d-e7db-477c-999b-1e6806d6e16c" testListId="8c84fa94-04c1-424b-9868-57a2d4851a1d" />
    <TestEntry testId="83af6274-cbc6-0821-9d1c-d71c57f5ac71" executionId="4a8a28f2-33d3-4d95-a6b4-4bf6ce5d169d" testListId="8c84fa94-04c1-424b-9868-57a2d4851a1d" />
    <TestEntry testId="b8c9a81a-11ec-9afa-2e32-5c4408d66f0a" executionId="c6b7579b-6598-48e6-bbce-baf97b177381" testListId="8c84fa94-04c1-424b-9868-57a2d4851a1d" />
    <TestEntry testId="c15129d5-d936-d35a-141a-341775ad7af1" executionId="33a42b81-a094-4de5-a887-015cad658b1b" testListId="8c84fa94-04c1-424b-9868-57a2d4851a1d" />
    <TestEntry testId="ba6a31a5-f6b4-cabf-4787-f1e219c63249" executionId="90f2586f-4070-4c6d-bb0b-a5e86271d1b6" testListId="8c84fa94-04c1-424b-9868-57a2d4851a1d" />
    <TestEntry testId="9e564273-69a8-eaf4-221d-8cb7dd068c7d" executionId="28e13980-bfdd-4707-be43-3780a72202cc" testListId="8c84fa94-04c1-424b-9868-57a2d4851a1d" />
    <TestEntry testId="4f6b94b9-8c0a-f905-af50-086f7c071ad9" executionId="27266ed8-c367-4bda-85ba-cdf0dce09150" testListId="8c84fa94-04c1-424b-9868-57a2d4851a1d" />
    <TestEntry testId="33f34022-0429-d841-2008-e35fc72eef53" executionId="5a72f408-0318-49a4-bc12-a045a09a0759" testListId="8c84fa94-04c1-424b-9868-57a2d4851a1d" />
    <TestEntry testId="d0cd8d38-2083-8dfe-21da-1692537b41cc" executionId="9e7f692e-ebe2-401c-b524-f083b9978dbf" testListId="8c84fa94-04c1-424b-9868-57a2d4851a1d" />
    <TestEntry testId="c09fd9f3-56b2-979f-b5dc-a5cbb3bb898a" executionId="fc78377d-afdd-4d5a-a4f0-89b61710a61e" testListId="8c84fa94-04c1-424b-9868-57a2d4851a1d" />
    <TestEntry testId="4e40923a-3f2f-ab14-66db-33f21753e6c1" executionId="308eeb6e-f449-4aaa-b1a4-e78560dd0317" testListId="8c84fa94-04c1-424b-9868-57a2d4851a1d" />
    <TestEntry testId="613b2ffe-17c7-a1b7-9417-e8c0c951aa41" executionId="890f2f6e-5f2a-42f7-a362-7fdbd64800a2" testListId="8c84fa94-04c1-424b-9868-57a2d4851a1d" />
    <TestEntry testId="13335374-86bb-3ff8-d28a-bd89dc7f02ec" executionId="fdcc9224-0c00-456b-913f-99462333f214" testListId="8c84fa94-04c1-424b-9868-57a2d4851a1d" />
    <TestEntry testId="c1457a00-5932-b692-d468-5af96619c895" executionId="8cd07f09-ce96-4e6f-a274-1aa4a117f702" testListId="8c84fa94-04c1-424b-9868-57a2d4851a1d" />
    <TestEntry testId="034f9192-5731-ab77-854c-d5ad3844ecab" executionId="3fcf7068-5f36-49de-9a26-ccf243db1f28" testListId="8c84fa94-04c1-424b-9868-57a2d4851a1d" />
    <TestEntry testId="f7ba8e86-cb66-6ef4-d1cf-87def896d05b" executionId="f108f4c8-0506-4ef9-96a7-5362d5074925" testListId="8c84fa94-04c1-424b-9868-57a2d4851a1d" />
    <TestEntry testId="7704532e-ccf9-d396-cd75-b7b2cb63c0e8" executionId="8ec0d83c-a485-4087-852e-242f4b1484e2" testListId="8c84fa94-04c1-424b-9868-57a2d4851a1d" />
    <TestEntry testId="4487648c-7b44-bfaa-d7fb-20dd19782f71" executionId="c7a834a7-d06a-4bfd-813c-12ea7dc5aea6" testListId="8c84fa94-04c1-424b-9868-57a2d4851a1d" />
    <TestEntry testId="8f93d79c-66e7-77f7-7d43-554a5055be47" executionId="4a1b6ff6-8f0d-43c8-84d7-72c6aa413092" testListId="8c84fa94-04c1-424b-9868-57a2d4851a1d" />
    <TestEntry testId="9f159054-0ade-aabd-0878-ac1771f3fda6" executionId="3a7f0fbe-0cf7-4a0b-801d-458a8e3040db" testListId="8c84fa94-04c1-424b-9868-57a2d4851a1d" />
    <TestEntry testId="7514081f-0084-9527-726e-372a541e02c5" executionId="ecdbe704-dcc1-4c51-a612-31aaa180864a" testListId="8c84fa94-04c1-424b-9868-57a2d4851a1d" />
    <TestEntry testId="38ee170e-2136-8164-8076-d7d266da6388" executionId="6e2f34b2-37aa-4fec-874a-f42de31ee79b" testListId="8c84fa94-04c1-424b-9868-57a2d4851a1d" />
    <TestEntry testId="f72783d9-64aa-50e2-fcd1-46f621632d5d" executionId="7bc1dd9f-c591-44fc-95c8-4b4dd2ec94fb" testListId="8c84fa94-04c1-424b-9868-57a2d4851a1d" />
    <TestEntry testId="979704d6-636b-33ea-e33f-cc67613aefb0" executionId="495b986f-9f36-4b87-95f5-21d019249165" testListId="8c84fa94-04c1-424b-9868-57a2d4851a1d" />
    <TestEntry testId="df465776-c4f6-f76e-1fec-b3cfe705b591" executionId="c3cc567f-6a69-4472-ada2-560acd4f120a" testListId="8c84fa94-04c1-424b-9868-57a2d4851a1d" />
    <TestEntry testId="fb66f3c8-a00d-4cfa-eac4-abc207e2c602" executionId="b485ec3b-e3a4-4357-9019-5e58e92fb132" testListId="8c84fa94-04c1-424b-9868-57a2d4851a1d" />
    <TestEntry testId="fe39f516-26c8-b34c-d7c3-8fcbe7da1ba2" executionId="12558043-e14d-4b15-b1c2-2d28addbb7fc" testListId="8c84fa94-04c1-424b-9868-57a2d4851a1d" />
    <TestEntry testId="26c85a86-1383-9737-58c9-22fa784f7da5" executionId="7ec91c18-4ed3-4770-8ae0-09ec5cd75fa2" testListId="8c84fa94-04c1-424b-9868-57a2d4851a1d" />
    <TestEntry testId="8783f986-8eac-ac9c-2b17-d1518f607836" executionId="290270d1-4b53-49c3-b8a6-064b9c55dc88" testListId="8c84fa94-04c1-424b-9868-57a2d4851a1d" />
    <TestEntry testId="acda3d15-0e29-fc40-b0fc-fcddae081200" executionId="4de90437-348f-4ff4-bf2e-96d8a754fcdc" testListId="8c84fa94-04c1-424b-9868-57a2d4851a1d" />
    <TestEntry testId="3b212d04-f6e8-ace9-1475-1632b0249f80" executionId="e40dfee2-88b9-470b-b4d2-f322f2e11c3c" testListId="8c84fa94-04c1-424b-9868-57a2d4851a1d" />
    <TestEntry testId="2cd8497b-7c7c-c528-555b-f107e750a1a0" executionId="21be81f3-b866-4a46-ace1-7d27aaa7b8fb" testListId="8c84fa94-04c1-424b-9868-57a2d4851a1d" />
    <TestEntry testId="a89532f2-9366-df90-5e03-76517aae2ef6" executionId="4b67733f-50cb-4210-9624-31996d200bee" testListId="8c84fa94-04c1-424b-9868-57a2d4851a1d" />
    <TestEntry testId="c8c9567a-0791-4ff6-39a0-7fa2a22ff301" executionId="d2fa4390-9491-401b-b454-736a8bcb88b6" testListId="8c84fa94-04c1-424b-9868-57a2d4851a1d" />
    <TestEntry testId="aa0b789a-9fae-e4e5-e891-6c71af0ebd35" executionId="4e889833-d105-4b14-8c45-7c0c0dd441a0" testListId="8c84fa94-04c1-424b-9868-57a2d4851a1d" />
    <TestEntry testId="128fe360-ca56-c4c9-0f07-7350435e34a3" executionId="c63bc1f4-27c9-440d-8d62-396dace087aa" testListId="8c84fa94-04c1-424b-9868-57a2d4851a1d" />
    <TestEntry testId="7848596b-c8d5-bd4c-d7fe-380e3b0f13fa" executionId="16bfdda4-0e84-4f78-a831-9d4e251896cb" testListId="8c84fa94-04c1-424b-9868-57a2d4851a1d" />
    <TestEntry testId="015022db-d96e-2b60-5477-1c6f1fa9a487" executionId="1d194474-1508-4d58-b1dd-d5ac5388021e" testListId="8c84fa94-04c1-424b-9868-57a2d4851a1d" />
    <TestEntry testId="d9592df4-0966-3c3a-722c-1595fa840f06" executionId="500e17c0-d679-4a4c-ac7d-418df9c9f077" testListId="8c84fa94-04c1-424b-9868-57a2d4851a1d" />
    <TestEntry testId="0010af2c-264b-9fa0-ca85-4bef95661f34" executionId="00612eac-8aa3-4fd6-8ed9-768934750ac2" testListId="8c84fa94-04c1-424b-9868-57a2d4851a1d" />
    <TestEntry testId="2253269e-957f-9bba-378c-fb3e844bd0a1" executionId="bf019b10-6e25-4824-a682-7bef4821f751" testListId="8c84fa94-04c1-424b-9868-57a2d4851a1d" />
    <TestEntry testId="e6f6cc53-8c3a-da20-bc77-8b2d112d8374" executionId="9118a473-05dc-4938-8aa2-efb35ebdd4ea" testListId="8c84fa94-04c1-424b-9868-57a2d4851a1d" />
    <TestEntry testId="25b36055-f21f-fb6a-b7ef-81ccf96dd2b6" executionId="413208f9-8e87-4bfe-a886-24f0f943fa1c" testListId="8c84fa94-04c1-424b-9868-57a2d4851a1d" />
    <TestEntry testId="632872cf-9e7c-9970-9f88-5a4077b29ff5" executionId="8e1d068a-882f-4034-ab3f-f6c59842050f" testListId="8c84fa94-04c1-424b-9868-57a2d4851a1d" />
    <TestEntry testId="aae9a2f6-c5ae-d742-7ea5-60de6dc3d9cf" executionId="13276eaf-180e-4d13-b7ca-19ac61a61054" testListId="8c84fa94-04c1-424b-9868-57a2d4851a1d" />
    <TestEntry testId="f308d529-c66b-0a68-1a35-9384b1697bbf" executionId="6e72fb7c-4e5f-4734-beac-6f9cd28082e2" testListId="8c84fa94-04c1-424b-9868-57a2d4851a1d" />
    <TestEntry testId="d633a901-6eef-f5d7-952c-569ae3ddce8f" executionId="bbf299b0-0fa7-4d1a-a4b0-8933dff6e058" testListId="8c84fa94-04c1-424b-9868-57a2d4851a1d" />
    <TestEntry testId="2f04d734-6778-0b79-9d14-d79b1e3bb130" executionId="92559ef9-20bd-4b72-a0b8-6720b128df24" testListId="8c84fa94-04c1-424b-9868-57a2d4851a1d" />
    <TestEntry testId="2ff6532c-932c-742b-a63d-f74c12776c60" executionId="6c8cc88f-5c98-468b-805b-83171ce32a25" testListId="8c84fa94-04c1-424b-9868-57a2d4851a1d" />
    <TestEntry testId="59fa5d82-f5a4-cb1c-ec41-0422b5d07418" executionId="db9f1bed-8457-4155-b8db-8c68b1021db4" testListId="8c84fa94-04c1-424b-9868-57a2d4851a1d" />
    <TestEntry testId="1dbbe335-bc13-7d9d-496f-d39e25173610" executionId="07df9902-c22e-4f8f-8407-e5e161385b7e" testListId="8c84fa94-04c1-424b-9868-57a2d4851a1d" />
    <TestEntry testId="bcd181d1-3270-76f5-9678-f35a85b0fff1" executionId="d4929494-d034-495a-b012-7ff32ea69c5d" testListId="8c84fa94-04c1-424b-9868-57a2d4851a1d" />
    <TestEntry testId="5021544e-bd06-1c2d-b3df-c21b577ebfa2" executionId="3d431286-176e-43c5-93ec-e9baa307ac45" testListId="8c84fa94-04c1-424b-9868-57a2d4851a1d" />
    <TestEntry testId="cb98657e-ea81-1d6a-4868-0d493c1098f6" executionId="aca13431-cab5-4111-ac61-f829c0467312" testListId="8c84fa94-04c1-424b-9868-57a2d4851a1d" />
    <TestEntry testId="e0c34032-6c79-2d9c-b6af-6955c63a9e30" executionId="3059c076-aef8-41b1-baff-1bf718e61289" testListId="8c84fa94-04c1-424b-9868-57a2d4851a1d" />
    <TestEntry testId="a23aab13-e7cd-0855-c1ee-3a27796bc390" executionId="0c89bb0c-7880-4ece-aaeb-a9335457fe99" testListId="8c84fa94-04c1-424b-9868-57a2d4851a1d" />
    <TestEntry testId="5ecde283-9d6a-9ecb-81fe-93b9560f7b73" executionId="0379e620-b076-46ee-8ace-3b5a768e70bc" testListId="8c84fa94-04c1-424b-9868-57a2d4851a1d" />
    <TestEntry testId="e6ee2e42-d693-5a92-34f3-83564b601337" executionId="10a6330f-e10f-4f2b-abf9-291714130d6d" testListId="8c84fa94-04c1-424b-9868-57a2d4851a1d" />
    <TestEntry testId="b5a6747d-aa6b-3b3a-779c-c378aea09cd8" executionId="1400186a-9fd1-4731-abaa-b216c9fffa0d" testListId="8c84fa94-04c1-424b-9868-57a2d4851a1d" />
    <TestEntry testId="e3939992-ed7f-a290-3278-0cb23f85c16d" executionId="fdc7926a-9e64-4bc7-aee0-4a0938110092" testListId="8c84fa94-04c1-424b-9868-57a2d4851a1d" />
    <TestEntry testId="72b4af26-389d-d3a5-e933-0620092c06be" executionId="6b01d244-3eda-4531-8b40-c059cad5e0b4" testListId="8c84fa94-04c1-424b-9868-57a2d4851a1d" />
    <TestEntry testId="d14fe452-c75b-8f8a-1e11-a88113e31ccc" executionId="453e0ba5-ce34-4068-8e18-54a6fd38c5b1" testListId="8c84fa94-04c1-424b-9868-57a2d4851a1d" />
    <TestEntry testId="578b5b4c-08d1-6f2c-3cf8-070bb75c9b96" executionId="d0285621-4561-444b-a68c-fac7d18d6a34" testListId="8c84fa94-04c1-424b-9868-57a2d4851a1d" />
    <TestEntry testId="b818a661-8c39-b04d-aea0-c8bf6f965ed2" executionId="e52a25d7-145e-4d87-83f6-c6050f02c25a" testListId="8c84fa94-04c1-424b-9868-57a2d4851a1d" />
    <TestEntry testId="f015f451-5073-33ab-39c2-17ab900bf337" executionId="450081eb-cd5d-4bc5-9f8b-7f373f6e6f6a" testListId="8c84fa94-04c1-424b-9868-57a2d4851a1d" />
    <TestEntry testId="20607095-992d-3bf7-849c-32032c3b5657" executionId="3f1aa12a-9448-41c4-9c54-70ee3d9c927c" testListId="8c84fa94-04c1-424b-9868-57a2d4851a1d" />
    <TestEntry testId="caf33f47-4d9c-c378-9883-273199a79b1e" executionId="6a52b20c-341a-460b-b93d-b007cc18bed1" testListId="8c84fa94-04c1-424b-9868-57a2d4851a1d" />
    <TestEntry testId="2b8726cc-d2f8-9e6e-5458-ee24b8425f17" executionId="c260ebc3-fcb5-4ef8-86b8-29b0c1c97675" testListId="8c84fa94-04c1-424b-9868-57a2d4851a1d" />
    <TestEntry testId="2a896644-50d0-a8ac-de47-7ac4676c290e" executionId="c76128b4-5da6-4ab5-a3ed-58f9882f6e1c" testListId="8c84fa94-04c1-424b-9868-57a2d4851a1d" />
    <TestEntry testId="170260b6-6610-99a8-adfb-d2dcbd80a40f" executionId="76a2448a-f06a-450f-908c-ae62f2b54631" testListId="8c84fa94-04c1-424b-9868-57a2d4851a1d" />
    <TestEntry testId="1a5071af-adad-5910-41be-cb866364cc7d" executionId="1da62633-6490-4cfd-9ff4-f07d6eda6018" testListId="8c84fa94-04c1-424b-9868-57a2d4851a1d" />
    <TestEntry testId="31700bf4-6510-c80b-a8c1-214e5c472432" executionId="6b797bb5-3096-4244-9e68-43cde4d8e9f7" testListId="8c84fa94-04c1-424b-9868-57a2d4851a1d" />
    <TestEntry testId="4cc08620-7636-5b0e-e6ce-7fa1f27effef" executionId="2dcc2338-609d-4bda-a77e-e18d8c4bb80f" testListId="8c84fa94-04c1-424b-9868-57a2d4851a1d" />
    <TestEntry testId="ae0a2a8f-7404-db1c-88e4-d4970f3642af" executionId="81dfbfe0-5502-4b1c-9d53-2cea4e787ca4" testListId="8c84fa94-04c1-424b-9868-57a2d4851a1d" />
    <TestEntry testId="302cac3a-acd8-63e7-21fb-e5689524a492" executionId="dfc93f5c-e50b-4946-9d76-68d0346d9df5" testListId="8c84fa94-04c1-424b-9868-57a2d4851a1d" />
    <TestEntry testId="17903115-6688-8f7d-0f17-6bed61c91258" executionId="12d48d1d-d95b-4fb7-a837-1eef5fc1706e" testListId="8c84fa94-04c1-424b-9868-57a2d4851a1d" />
    <TestEntry testId="f7a3c37c-dec7-4f70-5b8f-168bb8621231" executionId="58f8611b-caa7-4b46-96f4-56622bbe270e" testListId="8c84fa94-04c1-424b-9868-57a2d4851a1d" />
    <TestEntry testId="8f731e1d-d266-da92-7f8a-593d1a2e36d6" executionId="9c9feba4-2051-479c-937e-43e0206e6afe" testListId="8c84fa94-04c1-424b-9868-57a2d4851a1d" />
    <TestEntry testId="5b94edbf-3c78-7105-4ec5-f34d39e55c58" executionId="d65a236b-cc38-4eca-8352-8c04e754acc6" testListId="8c84fa94-04c1-424b-9868-57a2d4851a1d" />
    <TestEntry testId="558fcad2-7807-3075-bb81-ec539c4697ba" executionId="bdc8d043-4a1a-4200-b6bb-f09b262c0a61" testListId="8c84fa94-04c1-424b-9868-57a2d4851a1d" />
    <TestEntry testId="e238bfca-4b11-493d-42eb-8f12a1ef721f" executionId="50daeb81-fe01-45b6-88e6-869ffe43d925" testListId="8c84fa94-04c1-424b-9868-57a2d4851a1d" />
    <TestEntry testId="5aa929b3-dac1-52ec-e2ea-8e7fca692c42" executionId="18d98849-05b3-4de9-b083-5a1c9f3950e0" testListId="8c84fa94-04c1-424b-9868-57a2d4851a1d" />
    <TestEntry testId="80f5a640-ad10-06cf-9198-39d7a4c7c709" executionId="f6aff7e3-9bb4-4e0f-b31a-a9420f0ca516" testListId="8c84fa94-04c1-424b-9868-57a2d4851a1d" />
    <TestEntry testId="f6a49bae-16a9-096b-f816-1c54e1a6b8b7" executionId="77f1cdde-d37b-4094-8b10-90efa9b7f6aa" testListId="8c84fa94-04c1-424b-9868-57a2d4851a1d" />
    <TestEntry testId="4d07a1bc-a8d9-c223-fb28-a20fa9ce459f" executionId="a1269221-07ac-41fa-9bbb-9ebaa19b7e00" testListId="8c84fa94-04c1-424b-9868-57a2d4851a1d" />
    <TestEntry testId="1f661c1f-d0bf-b374-44cc-db7131efefe7" executionId="be0c43d9-4059-4b63-b83e-1efba10b8325" testListId="8c84fa94-04c1-424b-9868-57a2d4851a1d" />
    <TestEntry testId="ee9462eb-6912-5171-764c-f29a600e2526" executionId="d9d62e98-6500-4837-9a3b-b0680e076c44" testListId="8c84fa94-04c1-424b-9868-57a2d4851a1d" />
    <TestEntry testId="c0cf2cb3-44c7-373b-4b04-bf5ce7678b68" executionId="98013f6f-522a-4030-aa56-58156506a0f6" testListId="8c84fa94-04c1-424b-9868-57a2d4851a1d" />
    <TestEntry testId="da0fbf47-7a8c-b3ea-d30a-c0e3a737ca5d" executionId="5f4a7282-5e8e-44c9-aee1-099729e5542c" testListId="8c84fa94-04c1-424b-9868-57a2d4851a1d" />
    <TestEntry testId="fe35c71e-d9ed-258c-2105-0adfcd0d495e" executionId="d8466811-b8dc-4efb-9feb-0e37f66af617" testListId="8c84fa94-04c1-424b-9868-57a2d4851a1d" />
    <TestEntry testId="80a4940d-875d-f4f0-bd6e-0d3aab9861cb" executionId="291cdcf4-1d11-4ea2-a981-578ab434684d" testListId="8c84fa94-04c1-424b-9868-57a2d4851a1d" />
    <TestEntry testId="836d8767-01df-4e15-8567-247721a23e4e" executionId="d50d176e-8700-46aa-8743-ea3f47ea3f9d" testListId="8c84fa94-04c1-424b-9868-57a2d4851a1d" />
    <TestEntry testId="e1c5523d-f177-82aa-b8ad-0ce279495eeb" executionId="1d59e66b-1b85-4c99-9687-5a0050313dee" testListId="8c84fa94-04c1-424b-9868-57a2d4851a1d" />
    <TestEntry testId="68224de9-ccec-a0b7-c8a8-a3c8c0c30259" executionId="028e9f75-1c0b-446f-aaa5-babc17a5e8ce" testListId="8c84fa94-04c1-424b-9868-57a2d4851a1d" />
    <TestEntry testId="1d527cfe-7183-7ac1-a7ed-260bd5e5ccfa" executionId="2b60d8bb-93bd-4092-a6d3-adff6e6e6632" testListId="8c84fa94-04c1-424b-9868-57a2d4851a1d" />
    <TestEntry testId="2ff98558-45c2-21dd-60d2-e1efdde7c0a8" executionId="eb3b75e5-7303-46cd-88ea-80fe63ae93ff" testListId="8c84fa94-04c1-424b-9868-57a2d4851a1d" />
    <TestEntry testId="1a44af6f-888e-1f8e-a00f-e2d743b26f12" executionId="684ca0a9-c37d-4488-b190-4645d0a50748" testListId="8c84fa94-04c1-424b-9868-57a2d4851a1d" />
    <TestEntry testId="8a119c68-dcc0-dba7-c987-45fbb976469b" executionId="8496f8b4-85c2-41e6-90fa-428aceba4cea" testListId="8c84fa94-04c1-424b-9868-57a2d4851a1d" />
    <TestEntry testId="cbfda56e-8c0a-ba07-a0f8-119519aa985c" executionId="55b84724-cebe-466e-b485-749817b8ca24" testListId="8c84fa94-04c1-424b-9868-57a2d4851a1d" />
    <TestEntry testId="4e1f3ab2-e30f-84ab-8c3f-ffbda0a749a7" executionId="353bee1c-65de-4fea-9c15-87e402737590" testListId="8c84fa94-04c1-424b-9868-57a2d4851a1d" />
    <TestEntry testId="ed2134d1-cccc-7594-ff4e-6670ac477e6f" executionId="86be00bf-b3fb-4958-a62b-3c51889241ec" testListId="8c84fa94-04c1-424b-9868-57a2d4851a1d" />
    <TestEntry testId="ca982acc-6d3c-04e3-1b49-3eea6c1f73fe" executionId="a1f6a4b6-68b4-4d00-8e39-6605c15def46" testListId="8c84fa94-04c1-424b-9868-57a2d4851a1d" />
    <TestEntry testId="8ba27476-b54b-3c26-c478-bb1e87cb663c" executionId="f1859367-c05f-481d-84b0-59df88141d58" testListId="8c84fa94-04c1-424b-9868-57a2d4851a1d" />
    <TestEntry testId="0af3eea6-5817-a867-a6c4-92fe1e3e316c" executionId="09d2a9d3-9a1d-4b74-abb2-86ac7e9a4646" testListId="8c84fa94-04c1-424b-9868-57a2d4851a1d" />
    <TestEntry testId="324dfaf0-1df1-16d9-feec-f79f54001411" executionId="e4ca77ba-7261-4491-af4e-b43688cae293" testListId="8c84fa94-04c1-424b-9868-57a2d4851a1d" />
    <TestEntry testId="313d194a-30d0-d3d5-cf7b-c5a66b6b3935" executionId="e764f90a-71e5-4be0-8271-4fdb42eb538b" testListId="8c84fa94-04c1-424b-9868-57a2d4851a1d" />
    <TestEntry testId="45c93144-7308-3312-8730-30e05720d551" executionId="985436e1-7e6a-486e-8ce1-90e1de9d321b" testListId="8c84fa94-04c1-424b-9868-57a2d4851a1d" />
    <TestEntry testId="d74171b4-c8ee-1912-2996-ae0e2e26eb23" executionId="98f07d87-2076-4133-9642-a73ee74e75d7" testListId="8c84fa94-04c1-424b-9868-57a2d4851a1d" />
    <TestEntry testId="b8055217-5a74-6a87-a561-a760192c2a20" executionId="db0f6c1d-b1aa-4528-ac8a-e9ccb043745c" testListId="8c84fa94-04c1-424b-9868-57a2d4851a1d" />
    <TestEntry testId="2bdae34b-74e4-b57e-0c4e-9f8a61c91aa5" executionId="9293f71f-4ea4-4618-81ca-96e8a3a1d5a9" testListId="8c84fa94-04c1-424b-9868-57a2d4851a1d" />
    <TestEntry testId="6dd99dbe-4c8b-34b5-1e2c-dac97050c643" executionId="fd9a292c-5a12-4333-b920-61a14a7e6fdc" testListId="8c84fa94-04c1-424b-9868-57a2d4851a1d" />
    <TestEntry testId="d99ced1b-9ef8-b735-4a70-4562dc79a9d0" executionId="3d1b27fb-cde2-452a-bf1d-32abb46ef9de" testListId="8c84fa94-04c1-424b-9868-57a2d4851a1d" />
    <TestEntry testId="3c1ea8ba-f2b4-a355-28eb-de4dee6b9be9" executionId="69084dcf-60af-4b7a-8567-56b3acef619e" testListId="8c84fa94-04c1-424b-9868-57a2d4851a1d" />
    <TestEntry testId="5df2cee8-1205-20ca-1995-6e5120b53d1e" executionId="47eb4147-2e4d-4f86-80e8-74dc824f7511" testListId="8c84fa94-04c1-424b-9868-57a2d4851a1d" />
    <TestEntry testId="32346c07-b161-6e9f-65c2-990bcbe58b07" executionId="3878c481-42bb-4e34-a60f-7ba4ddabcd7f" testListId="8c84fa94-04c1-424b-9868-57a2d4851a1d" />
    <TestEntry testId="f9dc9c7a-bf0e-4c02-1f2d-1fd4e69c7538" executionId="d37cde03-61f5-4393-8bd7-8d959fe9ba79" testListId="8c84fa94-04c1-424b-9868-57a2d4851a1d" />
    <TestEntry testId="df98a0bb-288a-f0a3-8af8-186ed72a3b48" executionId="91e4eed9-3c44-4d10-8c49-7291644538fe" testListId="8c84fa94-04c1-424b-9868-57a2d4851a1d" />
    <TestEntry testId="3326d350-1af4-4add-085b-c52b861e91af" executionId="aff042f0-2088-43ca-b8f4-a2098aee2826" testListId="8c84fa94-04c1-424b-9868-57a2d4851a1d" />
    <TestEntry testId="3462b2eb-e30f-6a87-cb93-c3563606a080" executionId="057a0863-275b-42d0-bdbe-55302cb859c9" testListId="8c84fa94-04c1-424b-9868-57a2d4851a1d" />
    <TestEntry testId="0a8dd3d5-59e9-8093-402f-f8fc213265ce" executionId="7671f0d6-d215-4e5c-8b6e-1f2cc76cc6af" testListId="8c84fa94-04c1-424b-9868-57a2d4851a1d" />
    <TestEntry testId="e31c0c60-96f3-c3fc-f48c-6d389a7185de" executionId="3af02e29-65c8-49fe-8b8e-7bfd2ef96c25" testListId="8c84fa94-04c1-424b-9868-57a2d4851a1d" />
    <TestEntry testId="28d8e856-ac6b-165d-f269-4ec7d560f09b" executionId="d43b3bce-87d2-4864-917e-d311f0ed8dc5" testListId="8c84fa94-04c1-424b-9868-57a2d4851a1d" />
    <TestEntry testId="bfdd6bca-a34f-47f5-eae8-5d12e496bd00" executionId="21c0e45c-affc-42af-a019-b3c5fa94dd15" testListId="8c84fa94-04c1-424b-9868-57a2d4851a1d" />
    <TestEntry testId="6df0d294-6a13-f132-5a30-674e429b0930" executionId="1fc58fa5-a2b2-40ad-91ef-5bb0a0ce3549" testListId="8c84fa94-04c1-424b-9868-57a2d4851a1d" />
    <TestEntry testId="faee1a73-2321-167e-168b-f89892fb598c" executionId="298a3869-7dbf-47fe-86a9-9a07afc9b42c" testListId="8c84fa94-04c1-424b-9868-57a2d4851a1d" />
    <TestEntry testId="24bb58fc-f26e-f596-3b94-0fe50e90026c" executionId="1e2d688f-6280-41c6-a0cf-e5a7523f9fd0" testListId="8c84fa94-04c1-424b-9868-57a2d4851a1d" />
    <TestEntry testId="5de12653-1f5a-24cb-5ff2-99601694fb1f" executionId="2c1b4653-4a82-40ef-b801-d26c6d535b7a" testListId="8c84fa94-04c1-424b-9868-57a2d4851a1d" />
    <TestEntry testId="f376fc2f-2ee5-1277-a20e-665c6294e53a" executionId="a9ae4b0f-955a-49c4-bbdd-aaff7615cc30" testListId="8c84fa94-04c1-424b-9868-57a2d4851a1d" />
    <TestEntry testId="ddbbee19-86a9-bc74-0664-4f6fa63796df" executionId="d8a26e21-a513-4f8f-a186-ecba96849e5e" testListId="8c84fa94-04c1-424b-9868-57a2d4851a1d" />
    <TestEntry testId="e12861db-8cd0-3c0d-af0a-eb43dfba13d7" executionId="696f83b2-45eb-43a7-a614-a8a8a179dbf8" testListId="8c84fa94-04c1-424b-9868-57a2d4851a1d" />
    <TestEntry testId="2cd343bd-badc-869e-d32e-7b446b74dbcf" executionId="fbdccb40-6dcb-4825-be0b-bcf229384ecd" testListId="8c84fa94-04c1-424b-9868-57a2d4851a1d" />
    <TestEntry testId="91970791-479f-53e8-256c-76fb4b85cf1d" executionId="2382ac7f-5ad3-410d-97cf-6d0c43a69b26" testListId="8c84fa94-04c1-424b-9868-57a2d4851a1d" />
    <TestEntry testId="a80246d5-ddf8-7929-99a4-5139184114ef" executionId="fea812f1-98f3-493f-bcc8-d9518cd0e183" testListId="8c84fa94-04c1-424b-9868-57a2d4851a1d" />
    <TestEntry testId="40be92cf-d13e-6e4d-cafb-3ad22a6b9f7e" executionId="4f45b3af-854d-45cf-8f5d-691491ee46f9" testListId="8c84fa94-04c1-424b-9868-57a2d4851a1d" />
    <TestEntry testId="251bbc15-9ad4-e7e2-3a95-fab7be0e3e27" executionId="4dcfc334-ea7d-476a-a836-ee5c7004e049" testListId="8c84fa94-04c1-424b-9868-57a2d4851a1d" />
    <TestEntry testId="ecb76390-c6f7-bfa0-1a99-45634c606ddc" executionId="fda765e3-4270-4e5c-8d13-a7487efe6c7a" testListId="8c84fa94-04c1-424b-9868-57a2d4851a1d" />
    <TestEntry testId="23aaa466-cf05-d364-17da-f1d2a5004cf2" executionId="a82be43e-89b7-4fba-acce-59db21900b28" testListId="8c84fa94-04c1-424b-9868-57a2d4851a1d" />
    <TestEntry testId="3a8cda37-b7cc-323f-afa4-03303dd2ce88" executionId="31876b04-4c14-418f-9b99-6b3b2f51d10a" testListId="8c84fa94-04c1-424b-9868-57a2d4851a1d" />
    <TestEntry testId="171141a5-7e7d-d227-6619-8929fed50e13" executionId="b3f37eed-04ef-4cd8-8370-6cf02dde266a" testListId="8c84fa94-04c1-424b-9868-57a2d4851a1d" />
    <TestEntry testId="83c96126-428f-5139-26c1-00806d946a42" executionId="5a6bca6e-1023-469f-aeb1-fe53d3e9b5f1" testListId="8c84fa94-04c1-424b-9868-57a2d4851a1d" />
    <TestEntry testId="b6db6a04-ac79-c80a-e7d6-d9ff2d42f5f4" executionId="aec469cf-9784-48c6-88ef-12b0efca83d5" testListId="8c84fa94-04c1-424b-9868-57a2d4851a1d" />
    <TestEntry testId="dbb67156-6168-60a5-400a-6afe6eb000f2" executionId="87b34570-d108-47ea-97c7-dce00e53446d" testListId="8c84fa94-04c1-424b-9868-57a2d4851a1d" />
    <TestEntry testId="e62a06d7-081f-b513-c2d5-80ddeebcb813" executionId="c43e753f-b501-4274-b4f9-98e6a25c4a4d" testListId="8c84fa94-04c1-424b-9868-57a2d4851a1d" />
    <TestEntry testId="f51f29d9-e43f-bc49-2068-6f7ccdbadb29" executionId="76f9a2b8-4d8c-43aa-bfc4-0bff4b039a05" testListId="8c84fa94-04c1-424b-9868-57a2d4851a1d" />
    <TestEntry testId="aef73524-5efd-2ad9-76a4-22b643281e1e" executionId="eafd8f6e-194d-4b00-85bd-f32a18b913d7" testListId="8c84fa94-04c1-424b-9868-57a2d4851a1d" />
    <TestEntry testId="650f8125-7e62-0be3-dcfc-dc1202eb9625" executionId="fb6b4946-7547-4f36-af50-745b29e6f60b" testListId="8c84fa94-04c1-424b-9868-57a2d4851a1d" />
    <TestEntry testId="996b214e-32e4-5376-d989-b4bc865084fe" executionId="2fe8de38-4928-4365-a5de-3fb32be0871f" testListId="8c84fa94-04c1-424b-9868-57a2d4851a1d" />
    <TestEntry testId="6e911663-e259-5040-7b6f-54c63fac8b3c" executionId="43b4c751-50dc-4b82-8de0-4c4d7c8c685f" testListId="8c84fa94-04c1-424b-9868-57a2d4851a1d" />
    <TestEntry testId="a7d85aa3-fa07-4a18-0790-c9a84b87bfbf" executionId="f31c55c5-9b15-4f84-aaa0-a4a33f3d77ca" testListId="8c84fa94-04c1-424b-9868-57a2d4851a1d" />
    <TestEntry testId="75e6c444-bc3b-aad1-8b9e-9567096a44b9" executionId="fee3b4ae-2a32-43f7-a1ae-c30c99c30ac0" testListId="8c84fa94-04c1-424b-9868-57a2d4851a1d" />
    <TestEntry testId="b82e8809-4def-9359-7a57-795e7616c335" executionId="8968f179-5c24-4157-870c-1e2afe0353df" testListId="8c84fa94-04c1-424b-9868-57a2d4851a1d" />
    <TestEntry testId="38b0259f-0bcb-8aec-4c3f-6a948a320426" executionId="0e94e59c-803f-4ed4-a8d9-8f2cd7960505" testListId="8c84fa94-04c1-424b-9868-57a2d4851a1d" />
    <TestEntry testId="fc18dbb3-2c7f-eef4-d751-3ff8a18e5fdc" executionId="5a1b5d35-4696-4b45-93ca-777ee8d7e719" testListId="8c84fa94-04c1-424b-9868-57a2d4851a1d" />
    <TestEntry testId="c74f6017-9eb9-5854-4b62-c26b4cabe787" executionId="bd156083-c332-4e42-8dad-f53a55d40183" testListId="8c84fa94-04c1-424b-9868-57a2d4851a1d" />
    <TestEntry testId="6517f205-88c6-f2fb-89fe-a931711e4343" executionId="846e6e64-91c9-4104-b87b-9373db442e48" testListId="8c84fa94-04c1-424b-9868-57a2d4851a1d" />
    <TestEntry testId="a8ba7efd-581f-551d-dd26-e7f6709e3995" executionId="337c951d-ac43-4cde-9b67-0b811ba62442" testListId="8c84fa94-04c1-424b-9868-57a2d4851a1d" />
    <TestEntry testId="e8e3664d-13e4-e628-073d-8b88b9f9785c" executionId="33321f83-5387-4a82-aa0f-ef9826c68e0f" testListId="8c84fa94-04c1-424b-9868-57a2d4851a1d" />
    <TestEntry testId="d5c3657d-a220-d2b1-57c9-e4353f6b9eb6" executionId="0e46fe75-740e-45e5-896a-bdfc7c7b518d" testListId="8c84fa94-04c1-424b-9868-57a2d4851a1d" />
    <TestEntry testId="631aa61c-5891-97bd-8c16-092dfa85bf9b" executionId="fbefa1bd-bbdb-41b3-8233-66108a33155e" testListId="8c84fa94-04c1-424b-9868-57a2d4851a1d" />
    <TestEntry testId="847ca950-a5c5-d084-8e4e-ab9e67678604" executionId="838b5d63-1122-4dbf-935b-35e22e0938e4" testListId="8c84fa94-04c1-424b-9868-57a2d4851a1d" />
    <TestEntry testId="4167d107-473f-7d0a-c3aa-2c271677cfd1" executionId="c9106480-9727-4db3-8b44-18890510f7d9" testListId="8c84fa94-04c1-424b-9868-57a2d4851a1d" />
    <TestEntry testId="9f966096-1641-bf42-1320-e9f57c98ec2f" executionId="9439360e-758e-4aeb-a52e-47859633872d" testListId="8c84fa94-04c1-424b-9868-57a2d4851a1d" />
    <TestEntry testId="a711a8fd-55fb-fc36-f795-72cedac95d24" executionId="1dbc8331-ef7a-47e0-bb8f-b2c0eeda5d40" testListId="8c84fa94-04c1-424b-9868-57a2d4851a1d" />
    <TestEntry testId="73d2aaa8-ac83-ede5-fed4-5dcf1194783f" executionId="7d6c2193-eb00-4c6e-b4ab-5716010b93b6" testListId="8c84fa94-04c1-424b-9868-57a2d4851a1d" />
    <TestEntry testId="a33a7227-7248-ce4e-bb18-77c33faa0f1a" executionId="25eb25f2-3129-46fd-89b6-57b5450757d7" testListId="8c84fa94-04c1-424b-9868-57a2d4851a1d" />
    <TestEntry testId="d674a2b2-91f4-595f-2a5d-e8f6a4053ca1" executionId="e3e98669-cb87-4a8c-a1da-479b6fa9587d" testListId="8c84fa94-04c1-424b-9868-57a2d4851a1d" />
    <TestEntry testId="2155bccb-482b-2346-834b-1eb7ea617ead" executionId="ef036417-7b19-4ef2-8748-c4ad517c6f92" testListId="8c84fa94-04c1-424b-9868-57a2d4851a1d" />
    <TestEntry testId="6dcc8842-a927-f371-cf06-32198da79abc" executionId="96ebbafb-0845-4051-b31c-0080a4e19050" testListId="8c84fa94-04c1-424b-9868-57a2d4851a1d" />
    <TestEntry testId="0e945364-42c0-3773-924e-a8c9f3ec6d3e" executionId="dd963d75-c7fb-4c1a-9a1d-55ff534f5fe3" testListId="8c84fa94-04c1-424b-9868-57a2d4851a1d" />
    <TestEntry testId="e905c24a-e819-fe18-0852-b70c2080c17c" executionId="74ce5c43-e64d-4a78-a92a-382d9365263f" testListId="8c84fa94-04c1-424b-9868-57a2d4851a1d" />
    <TestEntry testId="560147e0-585f-3c73-5235-3ae492c399e0" executionId="be03902f-576d-458d-8ee3-36e703787afe" testListId="8c84fa94-04c1-424b-9868-57a2d4851a1d" />
    <TestEntry testId="3d5d455f-8b5b-9efe-5bfb-ffa440cd9adb" executionId="baf05cb1-21c3-43f4-b15f-ec4bef77d2a8" testListId="8c84fa94-04c1-424b-9868-57a2d4851a1d" />
    <TestEntry testId="33b7f528-129d-12a3-ccd2-fd1f055d858f" executionId="2bf962be-ae53-426d-907e-fd03ff45fbbb" testListId="8c84fa94-04c1-424b-9868-57a2d4851a1d" />
    <TestEntry testId="0dda947f-a97a-e494-3314-a0e77995fdce" executionId="404ca181-40ed-4a93-b640-00ce128baa8f" testListId="8c84fa94-04c1-424b-9868-57a2d4851a1d" />
    <TestEntry testId="a5e0b38b-1cb1-a5af-a5f1-f247fd82227e" executionId="a3821cef-7aaf-4b1b-a3c3-02d6a0f4f920" testListId="8c84fa94-04c1-424b-9868-57a2d4851a1d" />
    <TestEntry testId="984ccf4b-e758-da57-870c-fdaae5c09395" executionId="79acc13e-7eda-4aa0-85a1-5be1c4544136" testListId="8c84fa94-04c1-424b-9868-57a2d4851a1d" />
    <TestEntry testId="65d35c13-0e19-06e3-2b90-fbf07f6234bd" executionId="4a192dcd-831c-4577-a82f-0c505e84aff8" testListId="8c84fa94-04c1-424b-9868-57a2d4851a1d" />
    <TestEntry testId="30971562-18c2-709e-97a4-74161badb09c" executionId="a7e20176-2b6b-4022-91c2-da90f5bf31fd" testListId="8c84fa94-04c1-424b-9868-57a2d4851a1d" />
    <TestEntry testId="e099abd9-c51a-27c3-fe30-7b74e00a337f" executionId="d20a0275-676b-4f13-9dd0-df69b8cc33a0" testListId="8c84fa94-04c1-424b-9868-57a2d4851a1d" />
    <TestEntry testId="4fa0fe8a-60b4-1b4b-175d-a18573723ba2" executionId="ab89497e-a416-4b26-9f55-731d5262be6f" testListId="8c84fa94-04c1-424b-9868-57a2d4851a1d" />
    <TestEntry testId="2816ac64-5eac-8f30-91ba-bdceffb7dd71" executionId="8ee8bf6c-3cad-4816-899b-24ecba5db676" testListId="8c84fa94-04c1-424b-9868-57a2d4851a1d" />
    <TestEntry testId="72e1721e-ca6c-63c9-59ef-8aef6ff15353" executionId="f34a56b7-b961-4e5d-a6c9-6866ca298d6c" testListId="8c84fa94-04c1-424b-9868-57a2d4851a1d" />
    <TestEntry testId="e06b8219-62b1-a0bc-a073-2837868b5c0e" executionId="c18b8062-93be-4de7-bea2-a7a5feb0bdaa" testListId="8c84fa94-04c1-424b-9868-57a2d4851a1d" />
    <TestEntry testId="0df7d709-570d-9a2b-20b2-9824d27442ba" executionId="623e0073-8fc6-406f-a84b-590896ac36b5" testListId="8c84fa94-04c1-424b-9868-57a2d4851a1d" />
    <TestEntry testId="b96da561-72c0-f108-100e-28aea4f8d524" executionId="072209c3-5af0-4496-b286-865776caebff" testListId="8c84fa94-04c1-424b-9868-57a2d4851a1d" />
    <TestEntry testId="102bb5fe-d832-e7b4-1cec-260995c71130" executionId="0c6fb972-7540-4401-8a44-64b92797a6a0" testListId="8c84fa94-04c1-424b-9868-57a2d4851a1d" />
    <TestEntry testId="331cc2f7-a1fa-edcf-e9a4-854a4876fe8a" executionId="800887aa-7f0a-470e-ae16-403255572930" testListId="8c84fa94-04c1-424b-9868-57a2d4851a1d" />
    <TestEntry testId="15a5c8eb-0c90-a7e4-0dc8-5ce2be1587d5" executionId="bcca3a73-72f5-4c98-aa37-966a276853b1" testListId="8c84fa94-04c1-424b-9868-57a2d4851a1d" />
    <TestEntry testId="a1fbb77d-adf8-8ccd-4022-16be128e7ade" executionId="45f4cbcc-3eac-488d-9ed9-c8832c46eb54" testListId="8c84fa94-04c1-424b-9868-57a2d4851a1d" />
    <TestEntry testId="2a9faf6f-4d21-d971-4115-0a2cf31c75ab" executionId="33d85385-2d24-4c38-bea5-01f6e2fd65df" testListId="8c84fa94-04c1-424b-9868-57a2d4851a1d" />
    <TestEntry testId="4e2fa441-f609-cc78-7eb6-a2fea9348b3f" executionId="a154c795-9347-4087-bc16-fe8dd7b9bf5c" testListId="8c84fa94-04c1-424b-9868-57a2d4851a1d" />
    <TestEntry testId="82e67c06-9849-1902-4582-6ac1133c7960" executionId="b1a427fc-1efd-45e8-82b7-8a5a6eb83b60" testListId="8c84fa94-04c1-424b-9868-57a2d4851a1d" />
    <TestEntry testId="1230a279-f763-f5b9-8b74-e3286d54a1e7" executionId="0ce5cad3-aefb-48c9-b889-96d5fba3d90b" testListId="8c84fa94-04c1-424b-9868-57a2d4851a1d" />
    <TestEntry testId="2903f8f9-605c-f4a1-c251-e272e8faf58d" executionId="95bf6ac4-f6d7-40dc-9cce-3066affb28a4" testListId="8c84fa94-04c1-424b-9868-57a2d4851a1d" />
    <TestEntry testId="459b3c16-63b4-fc77-bb08-22086969eb93" executionId="06a43222-fc9b-4528-ba95-32ce3252c2a9" testListId="8c84fa94-04c1-424b-9868-57a2d4851a1d" />
    <TestEntry testId="7e29f92d-fa8b-6742-a856-fa32047034c5" executionId="c57c0e09-833d-4144-aecb-f5092e9b79c7" testListId="8c84fa94-04c1-424b-9868-57a2d4851a1d" />
    <TestEntry testId="9c8eee20-620b-e0aa-1580-d34a7e65e392" executionId="92b503fe-cdab-41e8-9c73-9f6e1262c0ea" testListId="8c84fa94-04c1-424b-9868-57a2d4851a1d" />
    <TestEntry testId="d380f6a1-83cc-0c12-360c-ba81b340bce2" executionId="b3ca8b17-5adc-4fae-baa5-b1cde7980067" testListId="8c84fa94-04c1-424b-9868-57a2d4851a1d" />
    <TestEntry testId="99e7c5dd-ce54-9083-5f21-8bd4ff4149bd" executionId="e3d35e44-c0d8-4b42-b385-16e255a316d3" testListId="8c84fa94-04c1-424b-9868-57a2d4851a1d" />
    <TestEntry testId="ff7ab5c9-17cd-23b9-cfc1-99026e4f14ac" executionId="297b6eff-2d91-447c-9e01-097205a851d2" testListId="8c84fa94-04c1-424b-9868-57a2d4851a1d" />
    <TestEntry testId="6741f227-11b2-eae5-6fc9-c96d18a30eb3" executionId="a325f856-bd74-47b7-87c6-ddd0813a931b" testListId="8c84fa94-04c1-424b-9868-57a2d4851a1d" />
    <TestEntry testId="3dca0048-5c2b-c7cd-4eca-6367cfc4f1ca" executionId="42139e3a-ea07-44b8-9ac3-06f2845c1c0d" testListId="8c84fa94-04c1-424b-9868-57a2d4851a1d" />
    <TestEntry testId="33ba7c37-d825-e74e-e294-1a6f561fb224" executionId="42d2285b-54c3-4f53-82f2-09308a64b5b2" testListId="8c84fa94-04c1-424b-9868-57a2d4851a1d" />
    <TestEntry testId="5c64f629-e66f-8e20-9c2d-0a7cb867d56d" executionId="20b9bad3-483f-422d-b0c6-2c21a0331c26" testListId="8c84fa94-04c1-424b-9868-57a2d4851a1d" />
    <TestEntry testId="c7ef87e2-e6d0-89f1-fa1a-3a161b3248e2" executionId="1c9709d8-7481-47ed-9c1a-f05a746062d2" testListId="8c84fa94-04c1-424b-9868-57a2d4851a1d" />
    <TestEntry testId="8e549758-1d04-7bb3-a187-b61fc529196f" executionId="15ad4205-2004-4300-9485-c27d8b818e3f" testListId="8c84fa94-04c1-424b-9868-57a2d4851a1d" />
    <TestEntry testId="0ce41b19-5488-6227-82d4-578fa8558f1f" executionId="2426129a-c9d6-484e-9fdd-b4af0c5a8d39" testListId="8c84fa94-04c1-424b-9868-57a2d4851a1d" />
    <TestEntry testId="c7c013ea-be14-a4b5-1c6f-2b6dde46abbc" executionId="ed0616db-eac8-4afa-a2e1-c3fa09017264" testListId="8c84fa94-04c1-424b-9868-57a2d4851a1d" />
    <TestEntry testId="34bdc501-b6be-65bd-2c54-6d143c30390e" executionId="d682288f-8434-41cf-8dab-85762d05c4f9" testListId="8c84fa94-04c1-424b-9868-57a2d4851a1d" />
    <TestEntry testId="4ffd7804-0b86-b3af-454f-c182dda91ce2" executionId="fcf8653b-038a-429b-ac2a-c4d40d267f51" testListId="8c84fa94-04c1-424b-9868-57a2d4851a1d" />
    <TestEntry testId="888f3232-385d-d83f-1eb6-9a6c46cfe5c3" executionId="1a06a062-469c-49c6-b0ae-02187c53ea1c" testListId="8c84fa94-04c1-424b-9868-57a2d4851a1d" />
    <TestEntry testId="d328e580-fcf1-b0bb-73e2-fe6651dece0e" executionId="b973dea7-3adf-462d-8ebc-3d4eb4e67f73" testListId="8c84fa94-04c1-424b-9868-57a2d4851a1d" />
    <TestEntry testId="6127c2a7-0d58-b2ca-c80b-3d883558c1c7" executionId="280e021f-9f9f-4df3-a2ee-5e3ec5e109f1" testListId="8c84fa94-04c1-424b-9868-57a2d4851a1d" />
    <TestEntry testId="45e7282a-ab42-966d-c9cc-b039211e5621" executionId="e79a1780-31b5-405f-bd34-200851983559" testListId="8c84fa94-04c1-424b-9868-57a2d4851a1d" />
    <TestEntry testId="0a42a686-a011-6952-a95e-fae33dbe0b19" executionId="d81c095c-dc4a-4a07-8685-f76b5506a782" testListId="8c84fa94-04c1-424b-9868-57a2d4851a1d" />
    <TestEntry testId="256b0aa4-ca9e-f9c0-c01a-e5ce082d7933" executionId="35559193-3487-4a61-96f8-3e81e3eee7a3" testListId="8c84fa94-04c1-424b-9868-57a2d4851a1d" />
    <TestEntry testId="e5b31225-6687-353e-986c-a81c10574659" executionId="5145827c-5b61-401b-a384-4c9b5571d571" testListId="8c84fa94-04c1-424b-9868-57a2d4851a1d" />
    <TestEntry testId="6ca05e92-6a05-ce15-f59b-9b9ed10b85dd" executionId="fac45e5a-35fc-4325-968c-826faa160533" testListId="8c84fa94-04c1-424b-9868-57a2d4851a1d" />
    <TestEntry testId="9dfbdafb-7dbf-f0e8-6265-547cdd24d00d" executionId="e55fa646-f0dc-46a4-87ab-4443dae3b690" testListId="8c84fa94-04c1-424b-9868-57a2d4851a1d" />
    <TestEntry testId="8b9bc8ba-9742-8b44-9f33-0b46de660b7e" executionId="1cd36c96-ab18-4d38-8819-1ab66fa67621" testListId="8c84fa94-04c1-424b-9868-57a2d4851a1d" />
    <TestEntry testId="37c7194c-1f0b-dee3-2e3b-dc795a15cffb" executionId="1219526b-4181-4f2a-9fec-0b4c14be1e16" testListId="8c84fa94-04c1-424b-9868-57a2d4851a1d" />
    <TestEntry testId="5b76fee7-881d-69f4-bb6e-50523ab527c9" executionId="d4cce789-d876-4cd3-af28-61d98c49e5ce" testListId="8c84fa94-04c1-424b-9868-57a2d4851a1d" />
    <TestEntry testId="63140182-f7a2-6346-fbd9-3f80901df2c9" executionId="0a222afa-feb0-4181-bb81-cc3c8b0adcf7" testListId="8c84fa94-04c1-424b-9868-57a2d4851a1d" />
    <TestEntry testId="dbe8f5eb-581b-1146-9a97-1f79fbc0650a" executionId="de8be5d8-8232-4303-a568-2d27d6aaaef5" testListId="8c84fa94-04c1-424b-9868-57a2d4851a1d" />
    <TestEntry testId="9af1084a-697b-14e3-b169-a799a0af5e73" executionId="81874196-bbbc-4a54-8e8e-6c159b37933b" testListId="8c84fa94-04c1-424b-9868-57a2d4851a1d" />
    <TestEntry testId="b828fc0d-bf07-676e-b8c0-6e0aa44c3171" executionId="6d549f26-bd57-4aeb-b444-1f788c86d32c" testListId="8c84fa94-04c1-424b-9868-57a2d4851a1d" />
    <TestEntry testId="b9aabaf1-a1cb-6124-f2ee-69eb1bbe949b" executionId="21123b1d-2965-4a0c-9681-54fb17aebb7b" testListId="8c84fa94-04c1-424b-9868-57a2d4851a1d" />
    <TestEntry testId="3f3f2250-01f3-21dd-18d8-8a073a42cac3" executionId="6e92895f-f0fc-40ac-8b8a-235c8c1ffd24" testListId="8c84fa94-04c1-424b-9868-57a2d4851a1d" />
    <TestEntry testId="4e78f25c-d355-e112-010c-d75e1dbe484f" executionId="6a9bf3f4-75b7-45eb-83f5-cd6612f5a742" testListId="8c84fa94-04c1-424b-9868-57a2d4851a1d" />
    <TestEntry testId="31031da7-a7ef-21d8-df85-bc08b8725f11" executionId="3bee8def-460a-4545-ae98-2476393bca6b" testListId="8c84fa94-04c1-424b-9868-57a2d4851a1d" />
    <TestEntry testId="717afcc9-fdbd-942f-44d5-9f5deeef640f" executionId="df982a47-785b-432b-b615-1ad7d5f8ff4e" testListId="8c84fa94-04c1-424b-9868-57a2d4851a1d" />
    <TestEntry testId="cff23f42-1941-5ae0-6937-50ea8e98f70a" executionId="fdd87d9c-17d5-4887-89ff-db5acbbe11e7" testListId="8c84fa94-04c1-424b-9868-57a2d4851a1d" />
    <TestEntry testId="cbad7040-1370-8b80-f9ed-c7be376f327f" executionId="ee421bb5-4f77-4662-b5cc-3fdc4e97bef8" testListId="8c84fa94-04c1-424b-9868-57a2d4851a1d" />
    <TestEntry testId="56eb6a9f-6cb4-2abe-d7ee-7e044f42c842" executionId="94657b06-3d25-41ae-847f-54a273841ca8" testListId="8c84fa94-04c1-424b-9868-57a2d4851a1d" />
    <TestEntry testId="4c68b106-0b95-e518-2e9e-d72489df9e7e" executionId="2a62a439-9792-4113-8aec-4b85ea0f651a" testListId="8c84fa94-04c1-424b-9868-57a2d4851a1d" />
    <TestEntry testId="2059d141-cc28-3ec8-0e84-daba3f077644" executionId="d55d6ab0-19e3-41f5-ba5e-07aec1216682" testListId="8c84fa94-04c1-424b-9868-57a2d4851a1d" />
    <TestEntry testId="908bbb79-500c-f673-c8f4-2e8bf73bce40" executionId="d1724fce-03ee-493b-a22b-271395519314" testListId="8c84fa94-04c1-424b-9868-57a2d4851a1d" />
    <TestEntry testId="1c506770-d4ff-94e1-aa2e-f8d5ecc5a897" executionId="5960eb58-4c0c-44e2-9b72-9187f1114149" testListId="8c84fa94-04c1-424b-9868-57a2d4851a1d" />
    <TestEntry testId="73284804-3614-1086-c9d3-907dba871693" executionId="f072c107-d7b5-4dbd-92dc-f232e39119dd" testListId="8c84fa94-04c1-424b-9868-57a2d4851a1d" />
    <TestEntry testId="80d3734c-ba9f-0770-a478-3dd6f9b70cb0" executionId="f7fee219-b759-4493-b327-879d4a84bc6c" testListId="8c84fa94-04c1-424b-9868-57a2d4851a1d" />
    <TestEntry testId="5554cc9d-410c-0a03-5c37-393e64fd2d26" executionId="df9e30e2-37a9-4929-957e-43a19f0e3e26" testListId="8c84fa94-04c1-424b-9868-57a2d4851a1d" />
    <TestEntry testId="9e735874-97ea-8ca0-11c8-94ac42e81acc" executionId="bc2a25ac-f2b4-49fe-95f0-6f500ae6ab9a" testListId="8c84fa94-04c1-424b-9868-57a2d4851a1d" />
    <TestEntry testId="4d20e584-0f2f-1ed1-3ddf-7516456e8aa4" executionId="597f73d6-1bad-40b2-a526-ad4a9c572fcf" testListId="8c84fa94-04c1-424b-9868-57a2d4851a1d" />
    <TestEntry testId="c5439243-290e-2a67-aa6b-588710f39fb3" executionId="9919d650-5dc6-4527-a921-4244ebad7761" testListId="8c84fa94-04c1-424b-9868-57a2d4851a1d" />
    <TestEntry testId="77e25ad7-ee15-446a-9252-d1385f25c4e7" executionId="c47dc19d-a42a-4fae-9633-132092eb29e8" testListId="8c84fa94-04c1-424b-9868-57a2d4851a1d" />
    <TestEntry testId="05d3ca05-7d6a-4ccb-9500-bddd30f80ece" executionId="0db484e5-cd6a-434c-8a91-3cafc97d9a45" testListId="8c84fa94-04c1-424b-9868-57a2d4851a1d" />
    <TestEntry testId="11e8e2ed-c8a3-dabc-7293-c381795c9796" executionId="70c1ac1b-6f48-4821-a1d5-9b8e7cfa9d75" testListId="8c84fa94-04c1-424b-9868-57a2d4851a1d" />
    <TestEntry testId="3b87d198-4b64-d5ab-66c4-ae53f55f5bdf" executionId="e0fd6297-9982-4b17-b82f-e3900e41ec7e" testListId="8c84fa94-04c1-424b-9868-57a2d4851a1d" />
    <TestEntry testId="fa17089e-753f-5fa3-f3ed-36d704a8d2ac" executionId="ccb83b79-71f2-4b41-b072-fff68072b9f7" testListId="8c84fa94-04c1-424b-9868-57a2d4851a1d" />
    <TestEntry testId="a1b1cd1d-1429-3ac2-3b82-a26d05133f17" executionId="73d3cf7f-c3c6-4d65-8c63-8ce78726dd31" testListId="8c84fa94-04c1-424b-9868-57a2d4851a1d" />
    <TestEntry testId="b163eddc-fed2-8a3f-de92-54285bf94b6d" executionId="21bd272c-2192-4791-9a9a-576c26ad26ff" testListId="8c84fa94-04c1-424b-9868-57a2d4851a1d" />
    <TestEntry testId="599b5bdf-c3a2-ab45-0452-3da415351122" executionId="1a0f3a42-7c9d-4173-9364-3957b261b076" testListId="8c84fa94-04c1-424b-9868-57a2d4851a1d" />
    <TestEntry testId="4637cc44-56b0-2010-e4d2-4d7d6320ef09" executionId="b8f795d8-60d5-48d7-be87-4d3756b095a5" testListId="8c84fa94-04c1-424b-9868-57a2d4851a1d" />
    <TestEntry testId="ab963705-3e28-cc1d-5bf1-a88ea216bc34" executionId="1cb53ddd-72bb-4198-879e-36eb1843f131" testListId="8c84fa94-04c1-424b-9868-57a2d4851a1d" />
    <TestEntry testId="f80009c9-805e-194a-5298-bf93d54f39d7" executionId="76858aea-a95e-45ce-b179-522af205c12a" testListId="8c84fa94-04c1-424b-9868-57a2d4851a1d" />
    <TestEntry testId="e97847d9-9bdd-db77-8bd9-477fffb0c503" executionId="6b148786-59d9-4828-913d-c13dca65ad3a" testListId="8c84fa94-04c1-424b-9868-57a2d4851a1d" />
    <TestEntry testId="31d7ba44-de75-ed55-66c6-b51937c13355" executionId="c5dff6a6-4d8e-4750-a7bc-e1479194b057" testListId="8c84fa94-04c1-424b-9868-57a2d4851a1d" />
    <TestEntry testId="d2be2dc8-81b6-46cb-cbba-3709ad4b1996" executionId="5ecae94c-a9d1-426a-8716-41a43798a592" testListId="8c84fa94-04c1-424b-9868-57a2d4851a1d" />
    <TestEntry testId="0d6018bc-c4c3-ac7c-618e-ae3024a5dbea" executionId="3dd76e84-6f48-406f-95a7-b632b3ea995e" testListId="8c84fa94-04c1-424b-9868-57a2d4851a1d" />
    <TestEntry testId="d9021346-4b7d-e467-848a-6a660c41636c" executionId="e03c8751-7a7a-4e7c-b741-96e1059cf23b" testListId="8c84fa94-04c1-424b-9868-57a2d4851a1d" />
    <TestEntry testId="edd98930-a456-c16e-31c0-f98ab53f4169" executionId="fdc37cc0-ed9e-44b3-93d5-fa9ae5e1d0f4" testListId="8c84fa94-04c1-424b-9868-57a2d4851a1d" />
    <TestEntry testId="0739d753-ed0a-2224-af37-24f0fcbbbd00" executionId="b7df83b1-47de-4362-9506-2d2f4d9498d5" testListId="8c84fa94-04c1-424b-9868-57a2d4851a1d" />
    <TestEntry testId="5e1c3933-e4f7-a4af-71e7-871c86d36adf" executionId="5e53ef40-66d9-4682-94af-5ea9bfaf6e6e" testListId="8c84fa94-04c1-424b-9868-57a2d4851a1d" />
    <TestEntry testId="1d271909-1898-128b-21ec-f802c1979d9e" executionId="c182d3bb-e521-4fd0-97dc-44124748f284" testListId="8c84fa94-04c1-424b-9868-57a2d4851a1d" />
  </TestEntries>
  <TestLists>
    <TestList name="Results Not in a List" id="8c84fa94-04c1-424b-9868-57a2d4851a1d" />
    <TestList name="All Loaded Results" id="19431567-8539-422a-85d7-44ee4e166bda" />
  </TestLists>
  <ResultSummary outcome="Completed">
    <Counters total="1000" executed="1000" passed="1000" failed="0" error="0" timeout="0" aborted="0" inconclusive="0" passedButRunAborted="0" notRunnable="0" notExecuted="0" disconnected="0" warning="0" completed="0" inProgress="0" pending="0" />
    <Output>
      <StdOut>[xUnit.net 00:00:00.00] xUnit.net VSTest Adapter v2.4.5+1caef2f33e (64-bit .NET Core 3.1.25)&#xD;
[xUnit.net 00:00:03.63]   Discovering: xUnitTestProject&#xD;
[xUnit.net 00:00:05.45]   Discovered:  xUnitTestProject&#xD;
[xUnit.net 00:00:05.49]   Starting:    xUnitTestProject&#xD;
[xUnit.net 00:00:05.72]   Finished:    xUnitTestProject&#xD;
</StdOut>
    </Output>
  </ResultSummary>
</TestRun>