<?xml version="1.0" encoding="utf-8"?>
<TestRun id="40a1fbfa-c2c5-4f8f-a807-0c85c1a10c67" name="Dominik@DESKTOP-5URQ9PB 2022-06-13 21:13:29" runUser="DESKTOP-5URQ9PB\Dominik" xmlns="http://microsoft.com/schemas/VisualStudio/TeamTest/2010">
  <Times creation="2022-06-13T21:13:29.9164095+02:00" queuing="2022-06-13T21:13:29.9164098+02:00" start="2022-06-13T21:13:27.8712636+02:00" finish="2022-06-13T21:13:30.3807280+02:00" />
  <TestSettings name="default" id="bbbf55d1-17a2-4fdf-8326-abb3219e315f">
    <Deployment runDeploymentRoot="Dominik_DESKTOP-5URQ9PB_2022-06-13_21_13_29" />
  </TestSettings>
  <Results>
    <UnitTestResult executionId="bb01dc74-bea0-41b1-9c86-f8cd1f098177" testId="57f0eaa3-633d-272b-64dc-58e0ae797fbb" testName="FormatToStringTest1000(12759.925747307914d,&quot;12759.93 zł&quot;)" computerName="DESKTOP-5URQ9PB" duration="00:00:00.0000190" startTime="2022-06-13T21:13:29.8285475+02:00" endTime="2022-06-13T21:13:29.8285662+02:00" testType="13cdc9d9-ddb5-4fa4-a97d-d965ccfc6d4b" outcome="Passed" testListId="8c84fa94-04c1-424b-9868-57a2d4851a1d" relativeResultsDirectory="bb01dc74-bea0-41b1-9c86-f8cd1f098177" />
    <UnitTestResult executionId="6a8d5508-4c65-4dcf-8fca-1ff0c81e29fc" testId="c8d9f475-0d2c-01ff-49f8-896beab958d5" testName="FormatToStringTest1000(4525.609305084501d,&quot;4525.61 zł&quot;)" computerName="DESKTOP-5URQ9PB" duration="00:00:00.0000240" startTime="2022-06-13T21:13:29.8249351+02:00" endTime="2022-06-13T21:13:29.8249591+02:00" testType="13cdc9d9-ddb5-4fa4-a97d-d965ccfc6d4b" outcome="Passed" testListId="8c84fa94-04c1-424b-9868-57a2d4851a1d" relativeResultsDirectory="6a8d5508-4c65-4dcf-8fca-1ff0c81e29fc" />
    <UnitTestResult executionId="78e7359b-e6f6-46b5-b4a9-7bfae47486d0" testId="72c240ff-79c5-ef41-5967-e3c497b7b2c0" testName="FormatToStringTest1000(12125.090155628086d,&quot;12125.09 zł&quot;)" computerName="DESKTOP-5URQ9PB" duration="00:00:00.0000190" startTime="2022-06-13T21:13:29.8147468+02:00" endTime="2022-06-13T21:13:29.8147653+02:00" testType="13cdc9d9-ddb5-4fa4-a97d-d965ccfc6d4b" outcome="Passed" testListId="8c84fa94-04c1-424b-9868-57a2d4851a1d" relativeResultsDirectory="78e7359b-e6f6-46b5-b4a9-7bfae47486d0" />
    <UnitTestResult executionId="0e16f94c-0d22-4fc7-8c3e-ca855ed17df3" testId="0af23d0c-f1f0-deb1-181c-c50389a37384" testName="FormatToStringTest1000(19216.446905020366d,&quot;19216.45 zł&quot;)" computerName="DESKTOP-5URQ9PB" duration="00:00:00.0000190" startTime="2022-06-13T21:13:29.8101875+02:00" endTime="2022-06-13T21:13:29.8102062+02:00" testType="13cdc9d9-ddb5-4fa4-a97d-d965ccfc6d4b" outcome="Passed" testListId="8c84fa94-04c1-424b-9868-57a2d4851a1d" relativeResultsDirectory="0e16f94c-0d22-4fc7-8c3e-ca855ed17df3" />
    <UnitTestResult executionId="174bc38a-0f4c-4e07-83f4-c2b48638d9ec" testId="cdb063aa-c8f9-b0b9-d5b0-6f880917f1b4" testName="FormatToStringTest1000(28155.26504817664d,&quot;28155.27 zł&quot;)" computerName="DESKTOP-5URQ9PB" duration="00:00:00.0000250" startTime="2022-06-13T21:13:29.8171538+02:00" endTime="2022-06-13T21:13:29.8171788+02:00" testType="13cdc9d9-ddb5-4fa4-a97d-d965ccfc6d4b" outcome="Passed" testListId="8c84fa94-04c1-424b-9868-57a2d4851a1d" relativeResultsDirectory="174bc38a-0f4c-4e07-83f4-c2b48638d9ec" />
    <UnitTestResult executionId="fbd8ee5a-fb7e-457f-a61d-32bafb99e7e4" testId="d61c5a24-3052-33c6-809a-bcd51f433ccc" testName="FormatToStringTest1000(45930.2386782068d,&quot;45930.24 zł&quot;)" computerName="DESKTOP-5URQ9PB" duration="00:00:00.0000190" startTime="2022-06-13T21:13:29.8097421+02:00" endTime="2022-06-13T21:13:29.8097606+02:00" testType="13cdc9d9-ddb5-4fa4-a97d-d965ccfc6d4b" outcome="Passed" testListId="8c84fa94-04c1-424b-9868-57a2d4851a1d" relativeResultsDirectory="fbd8ee5a-fb7e-457f-a61d-32bafb99e7e4" />
    <UnitTestResult executionId="b0514560-fb11-4c90-8791-c925146b7cc3" testId="a6621eb8-15a7-fc8e-d862-31d4f5bc69d0" testName="FormatToStringTest1000(27629.79121039193d,&quot;27629.79 zł&quot;)" computerName="DESKTOP-5URQ9PB" duration="00:00:00.0000230" startTime="2022-06-13T21:13:29.8159041+02:00" endTime="2022-06-13T21:13:29.8159265+02:00" testType="13cdc9d9-ddb5-4fa4-a97d-d965ccfc6d4b" outcome="Passed" testListId="8c84fa94-04c1-424b-9868-57a2d4851a1d" relativeResultsDirectory="b0514560-fb11-4c90-8791-c925146b7cc3" />
    <UnitTestResult executionId="ab173025-dd19-4da0-a0e2-a29f101d8e0f" testId="ea15b94d-4a9c-5bee-a95c-770e518c855b" testName="FormatToStringTest1000(24528.124092612474d,&quot;24528.12 zł&quot;)" computerName="DESKTOP-5URQ9PB" duration="00:00:00.0000210" startTime="2022-06-13T21:13:29.8149230+02:00" endTime="2022-06-13T21:13:29.8149434+02:00" testType="13cdc9d9-ddb5-4fa4-a97d-d965ccfc6d4b" outcome="Passed" testListId="8c84fa94-04c1-424b-9868-57a2d4851a1d" relativeResultsDirectory="ab173025-dd19-4da0-a0e2-a29f101d8e0f" />
    <UnitTestResult executionId="309e8abc-634c-4d69-bc29-8424f33565fc" testId="333dd064-5f53-dea9-59e8-b7071262f9e7" testName="FormatToStringTest1000(77904.0088552246d,&quot;77904.01 zł&quot;)" computerName="DESKTOP-5URQ9PB" duration="00:00:00.0000190" startTime="2022-06-13T21:13:29.8094714+02:00" endTime="2022-06-13T21:13:29.8094901+02:00" testType="13cdc9d9-ddb5-4fa4-a97d-d965ccfc6d4b" outcome="Passed" testListId="8c84fa94-04c1-424b-9868-57a2d4851a1d" relativeResultsDirectory="309e8abc-634c-4d69-bc29-8424f33565fc" />
    <UnitTestResult executionId="69547c60-b616-4577-b932-3673a4e12e0f" testId="ccf96e16-5dc0-3f30-2892-511f78cf3dfc" testName="FormatToStringTest1000(14100.01255469211d,&quot;14100.01 zł&quot;)" computerName="DESKTOP-5URQ9PB" duration="00:00:00.0000180" startTime="2022-06-13T21:13:29.8116835+02:00" endTime="2022-06-13T21:13:29.8117017+02:00" testType="13cdc9d9-ddb5-4fa4-a97d-d965ccfc6d4b" outcome="Passed" testListId="8c84fa94-04c1-424b-9868-57a2d4851a1d" relativeResultsDirectory="69547c60-b616-4577-b932-3673a4e12e0f" />
    <UnitTestResult executionId="9da751d4-94a0-46a9-8e5f-bbec6c3da69a" testId="aa52f83a-fd01-4271-59b5-322ecc9f9333" testName="FormatToStringTest1000(4252.4012513842445d,&quot;4252.40 zł&quot;)" computerName="DESKTOP-5URQ9PB" duration="00:00:00.0000200" startTime="2022-06-13T21:13:29.8281381+02:00" endTime="2022-06-13T21:13:29.8281577+02:00" testType="13cdc9d9-ddb5-4fa4-a97d-d965ccfc6d4b" outcome="Passed" testListId="8c84fa94-04c1-424b-9868-57a2d4851a1d" relativeResultsDirectory="9da751d4-94a0-46a9-8e5f-bbec6c3da69a" />
    <UnitTestResult executionId="1976d549-e5df-46da-94df-4f9cd1424df8" testId="7b7d00bb-4c5b-d8fb-b3ca-8abd900cc00f" testName="FormatToStringTest1000(30499.08272379734d,&quot;30499.08 zł&quot;)" computerName="DESKTOP-5URQ9PB" duration="00:00:00.0000250" startTime="2022-06-13T21:13:29.8278986+02:00" endTime="2022-06-13T21:13:29.8279235+02:00" testType="13cdc9d9-ddb5-4fa4-a97d-d965ccfc6d4b" outcome="Passed" testListId="8c84fa94-04c1-424b-9868-57a2d4851a1d" relativeResultsDirectory="1976d549-e5df-46da-94df-4f9cd1424df8" />
    <UnitTestResult executionId="c44561cd-0c3a-40f6-96f5-a7433ba0f61f" testId="6700c77f-a72c-833c-b2d9-a0d02a9534be" testName="FormatToStringTest1000(17953.338243749615d,&quot;17953.34 zł&quot;)" computerName="DESKTOP-5URQ9PB" duration="00:00:00.0000180" startTime="2022-06-13T21:13:29.8090804+02:00" endTime="2022-06-13T21:13:29.8090983+02:00" testType="13cdc9d9-ddb5-4fa4-a97d-d965ccfc6d4b" outcome="Passed" testListId="8c84fa94-04c1-424b-9868-57a2d4851a1d" relativeResultsDirectory="c44561cd-0c3a-40f6-96f5-a7433ba0f61f" />
    <UnitTestResult executionId="6b0f749c-aca5-4cb8-8080-62c6fcd81907" testId="853ab17c-1011-8c0b-9611-6a309f52ffd7" testName="FormatToStringTest1000(39146.892120180135d,&quot;39146.89 zł&quot;)" computerName="DESKTOP-5URQ9PB" duration="00:00:00.0000200" startTime="2022-06-13T21:13:29.8328888+02:00" endTime="2022-06-13T21:13:29.8329082+02:00" testType="13cdc9d9-ddb5-4fa4-a97d-d965ccfc6d4b" outcome="Passed" testListId="8c84fa94-04c1-424b-9868-57a2d4851a1d" relativeResultsDirectory="6b0f749c-aca5-4cb8-8080-62c6fcd81907" />
    <UnitTestResult executionId="5318e9cc-a9fa-4f8a-9390-bac94132ce74" testId="d7323b46-e742-10c6-7291-609e242e6eac" testName="FormatToStringTest1000(36969.98585167247d,&quot;36969.99 zł&quot;)" computerName="DESKTOP-5URQ9PB" duration="00:00:00.0000190" startTime="2022-06-13T21:13:29.8119569+02:00" endTime="2022-06-13T21:13:29.8119755+02:00" testType="13cdc9d9-ddb5-4fa4-a97d-d965ccfc6d4b" outcome="Passed" testListId="8c84fa94-04c1-424b-9868-57a2d4851a1d" relativeResultsDirectory="5318e9cc-a9fa-4f8a-9390-bac94132ce74" />
    <UnitTestResult executionId="1eeee530-c0db-475f-b042-afb4f15abdbb" testId="a9bdfcdb-7bc0-3167-07a5-dafa13fc5389" testName="FormatToStringTest1000(8908.080586221107d,&quot;8908.08 zł&quot;)" computerName="DESKTOP-5URQ9PB" duration="00:00:00.0000180" startTime="2022-06-13T21:13:29.8118783+02:00" endTime="2022-06-13T21:13:29.8118962+02:00" testType="13cdc9d9-ddb5-4fa4-a97d-d965ccfc6d4b" outcome="Passed" testListId="8c84fa94-04c1-424b-9868-57a2d4851a1d" relativeResultsDirectory="1eeee530-c0db-475f-b042-afb4f15abdbb" />
    <UnitTestResult executionId="09ca64e7-ef8a-41fa-b202-309d0b7c714c" testId="bf8e531c-343c-5c0a-d3e5-66c9023885a3" testName="FormatToStringTest1000(100.45267071130345d,&quot;100.45 zł&quot;)" computerName="DESKTOP-5URQ9PB" duration="00:00:00.0000180" startTime="2022-06-13T21:13:29.8124501+02:00" endTime="2022-06-13T21:13:29.8124681+02:00" testType="13cdc9d9-ddb5-4fa4-a97d-d965ccfc6d4b" outcome="Passed" testListId="8c84fa94-04c1-424b-9868-57a2d4851a1d" relativeResultsDirectory="09ca64e7-ef8a-41fa-b202-309d0b7c714c" />
    <UnitTestResult executionId="187c74cb-9140-48ac-825c-4da39d7d5cc9" testId="4b09d9c5-8012-6286-2d8c-2f6f560e7a3d" testName="FormatToStringTest1000(28192.949128067565d,&quot;28192.95 zł&quot;)" computerName="DESKTOP-5URQ9PB" duration="00:00:00.0000200" startTime="2022-06-13T21:13:29.8080950+02:00" endTime="2022-06-13T21:13:29.8081142+02:00" testType="13cdc9d9-ddb5-4fa4-a97d-d965ccfc6d4b" outcome="Passed" testListId="8c84fa94-04c1-424b-9868-57a2d4851a1d" relativeResultsDirectory="187c74cb-9140-48ac-825c-4da39d7d5cc9" />
    <UnitTestResult executionId="d20754e1-8a60-4541-8bf0-3bad625aa062" testId="7476f680-f31f-6c35-e7e5-6a1da5d08bf1" testName="FormatToStringTest1000(10661.19584154207d,&quot;10661.20 zł&quot;)" computerName="DESKTOP-5URQ9PB" duration="00:00:00.0000190" startTime="2022-06-13T21:13:29.8263210+02:00" endTime="2022-06-13T21:13:29.8263399+02:00" testType="13cdc9d9-ddb5-4fa4-a97d-d965ccfc6d4b" outcome="Passed" testListId="8c84fa94-04c1-424b-9868-57a2d4851a1d" relativeResultsDirectory="d20754e1-8a60-4541-8bf0-3bad625aa062" />
    <UnitTestResult executionId="053b62dc-6226-4b92-8ddb-e89b2b9856bc" testId="19f5bc79-d564-bb1a-c016-f7779e568c5d" testName="FormatToStringTest1000(24251.68593564848d,&quot;24251.69 zł&quot;)" computerName="DESKTOP-5URQ9PB" duration="00:00:00.0000200" startTime="2022-06-13T21:13:29.8214622+02:00" endTime="2022-06-13T21:13:29.8214815+02:00" testType="13cdc9d9-ddb5-4fa4-a97d-d965ccfc6d4b" outcome="Passed" testListId="8c84fa94-04c1-424b-9868-57a2d4851a1d" relativeResultsDirectory="053b62dc-6226-4b92-8ddb-e89b2b9856bc" />
    <UnitTestResult executionId="024550e7-9ded-4f25-a1bb-ce2f343b55e7" testId="958c8c55-b3b0-31c1-8935-1d44afe5a8c0" testName="FormatToStringTest1000(9754.291367935619d,&quot;9754.29 zł&quot;)" computerName="DESKTOP-5URQ9PB" duration="00:00:00.0000190" startTime="2022-06-13T21:13:29.8341984+02:00" endTime="2022-06-13T21:13:29.8342169+02:00" testType="13cdc9d9-ddb5-4fa4-a97d-d965ccfc6d4b" outcome="Passed" testListId="8c84fa94-04c1-424b-9868-57a2d4851a1d" relativeResultsDirectory="024550e7-9ded-4f25-a1bb-ce2f343b55e7" />
    <UnitTestResult executionId="a36547aa-0563-40df-a2f7-f929208d3d10" testId="764dde41-f2ed-c432-64e0-910368db710d" testName="FormatToStringTest1000(750.5106571719566d,&quot;750.51 zł&quot;)" computerName="DESKTOP-5URQ9PB" duration="00:00:00.0000300" startTime="2022-06-13T21:13:29.8318913+02:00" endTime="2022-06-13T21:13:29.8319205+02:00" testType="13cdc9d9-ddb5-4fa4-a97d-d965ccfc6d4b" outcome="Passed" testListId="8c84fa94-04c1-424b-9868-57a2d4851a1d" relativeResultsDirectory="a36547aa-0563-40df-a2f7-f929208d3d10" />
    <UnitTestResult executionId="f698fdb3-7ade-4132-a25b-d61e097fb81e" testId="c799afbc-d101-a624-f73a-4e94981b0f2a" testName="FormatToStringTest1000(6820.105136090938d,&quot;6820.11 zł&quot;)" computerName="DESKTOP-5URQ9PB" duration="00:00:00.0000190" startTime="2022-06-13T21:13:29.8295575+02:00" endTime="2022-06-13T21:13:29.8295762+02:00" testType="13cdc9d9-ddb5-4fa4-a97d-d965ccfc6d4b" outcome="Passed" testListId="8c84fa94-04c1-424b-9868-57a2d4851a1d" relativeResultsDirectory="f698fdb3-7ade-4132-a25b-d61e097fb81e" />
    <UnitTestResult executionId="2bb38fad-b48e-453d-9dc9-c88c2b0fc805" testId="8119f190-7ed2-77b1-76a6-83f33e4cf393" testName="FormatToStringTest1000(52858.048916166204d,&quot;52858.05 zł&quot;)" computerName="DESKTOP-5URQ9PB" duration="00:00:00.0000190" startTime="2022-06-13T21:13:29.8094224+02:00" endTime="2022-06-13T21:13:29.8094411+02:00" testType="13cdc9d9-ddb5-4fa4-a97d-d965ccfc6d4b" outcome="Passed" testListId="8c84fa94-04c1-424b-9868-57a2d4851a1d" relativeResultsDirectory="2bb38fad-b48e-453d-9dc9-c88c2b0fc805" />
    <UnitTestResult executionId="9bcf9790-229d-4fcd-81f4-ee472ef5eeaf" testId="81df71bb-e962-4121-4d15-80e255b37b1f" testName="FormatToStringTest1000(13745.115971449817d,&quot;13745.12 zł&quot;)" computerName="DESKTOP-5URQ9PB" duration="00:00:00.0000190" startTime="2022-06-13T21:13:29.8116341+02:00" endTime="2022-06-13T21:13:29.8116525+02:00" testType="13cdc9d9-ddb5-4fa4-a97d-d965ccfc6d4b" outcome="Passed" testListId="8c84fa94-04c1-424b-9868-57a2d4851a1d" relativeResultsDirectory="9bcf9790-229d-4fcd-81f4-ee472ef5eeaf" />
    <UnitTestResult executionId="74251a38-9756-4720-899f-47334a3d4b5b" testId="4981a909-3e1a-e6df-4bdc-c1e8e4928845" testName="FormatToStringTest1000(33601.357302459124d,&quot;33601.36 zł&quot;)" computerName="DESKTOP-5URQ9PB" duration="00:00:00.0000200" startTime="2022-06-13T21:13:29.8324062+02:00" endTime="2022-06-13T21:13:29.8324256+02:00" testType="13cdc9d9-ddb5-4fa4-a97d-d965ccfc6d4b" outcome="Passed" testListId="8c84fa94-04c1-424b-9868-57a2d4851a1d" relativeResultsDirectory="74251a38-9756-4720-899f-47334a3d4b5b" />
    <UnitTestResult executionId="6671a5cc-339a-4200-83b2-2da11e36933f" testId="f0159238-5dbe-94b2-dc06-cbfbca0e38a0" testName="FormatToStringTest1000(55010.474927814896d,&quot;55010.47 zł&quot;)" computerName="DESKTOP-5URQ9PB" duration="00:00:00.0000200" startTime="2022-06-13T21:13:29.8264488+02:00" endTime="2022-06-13T21:13:29.8264684+02:00" testType="13cdc9d9-ddb5-4fa4-a97d-d965ccfc6d4b" outcome="Passed" testListId="8c84fa94-04c1-424b-9868-57a2d4851a1d" relativeResultsDirectory="6671a5cc-339a-4200-83b2-2da11e36933f" />
    <UnitTestResult executionId="bb97179b-991c-478e-8c91-852a5224c139" testId="0107bc98-e88d-a137-c4d8-ff01a11c4723" testName="FormatToStringTest1000(16208.076866391615d,&quot;16208.08 zł&quot;)" computerName="DESKTOP-5URQ9PB" duration="00:00:00.0000180" startTime="2022-06-13T21:13:29.8329759+02:00" endTime="2022-06-13T21:13:29.8329942+02:00" testType="13cdc9d9-ddb5-4fa4-a97d-d965ccfc6d4b" outcome="Passed" testListId="8c84fa94-04c1-424b-9868-57a2d4851a1d" relativeResultsDirectory="bb97179b-991c-478e-8c91-852a5224c139" />
    <UnitTestResult executionId="ce2db7e0-be8d-48e8-aec3-d5bdd21a49fc" testId="d6353a5c-aebf-48c3-7e68-77f3a0ea8301" testName="FormatToStringTest1000(58902.704109088845d,&quot;58902.70 zł&quot;)" computerName="DESKTOP-5URQ9PB" duration="00:00:00.0000180" startTime="2022-06-13T21:13:29.8312217+02:00" endTime="2022-06-13T21:13:29.8312398+02:00" testType="13cdc9d9-ddb5-4fa4-a97d-d965ccfc6d4b" outcome="Passed" testListId="8c84fa94-04c1-424b-9868-57a2d4851a1d" relativeResultsDirectory="ce2db7e0-be8d-48e8-aec3-d5bdd21a49fc" />
    <UnitTestResult executionId="18107572-b5ad-49c5-a665-533d8b536830" testId="50412f91-cd15-dc69-c1d6-5d9dbd95d4af" testName="FormatToStringTest1000(20482.32969107308d,&quot;20482.33 zł&quot;)" computerName="DESKTOP-5URQ9PB" duration="00:00:00.0000190" startTime="2022-06-13T21:13:29.8112694+02:00" endTime="2022-06-13T21:13:29.8112880+02:00" testType="13cdc9d9-ddb5-4fa4-a97d-d965ccfc6d4b" outcome="Passed" testListId="8c84fa94-04c1-424b-9868-57a2d4851a1d" relativeResultsDirectory="18107572-b5ad-49c5-a665-533d8b536830" />
    <UnitTestResult executionId="05f40abd-0070-425f-b030-a3e84ea120bd" testId="2e664e3e-5b40-d901-9f2b-e816fa56a993" testName="FormatToStringTest1000(6752.510462437062d,&quot;6752.51 zł&quot;)" computerName="DESKTOP-5URQ9PB" duration="00:00:00.0000180" startTime="2022-06-13T21:13:29.8102369+02:00" endTime="2022-06-13T21:13:29.8102545+02:00" testType="13cdc9d9-ddb5-4fa4-a97d-d965ccfc6d4b" outcome="Passed" testListId="8c84fa94-04c1-424b-9868-57a2d4851a1d" relativeResultsDirectory="05f40abd-0070-425f-b030-a3e84ea120bd" />
    <UnitTestResult executionId="a93f38ef-d96b-49c9-b3f8-b1e03c2ce757" testId="fb12626f-6bd8-49ed-e189-ad76e4b7496b" testName="FormatToStringTest1000(38402.8293406753d,&quot;38402.83 zł&quot;)" computerName="DESKTOP-5URQ9PB" duration="00:00:00.0000180" startTime="2022-06-13T21:13:29.8272680+02:00" endTime="2022-06-13T21:13:29.8272863+02:00" testType="13cdc9d9-ddb5-4fa4-a97d-d965ccfc6d4b" outcome="Passed" testListId="8c84fa94-04c1-424b-9868-57a2d4851a1d" relativeResultsDirectory="a93f38ef-d96b-49c9-b3f8-b1e03c2ce757" />
    <UnitTestResult executionId="33e9633c-e0df-4e72-b0fa-9c8b802c530f" testId="70fae426-3482-001e-3d7c-925da7888589" testName="FormatToStringTest1000(21693.340115174808d,&quot;21693.34 zł&quot;)" computerName="DESKTOP-5URQ9PB" duration="00:00:00.0000200" startTime="2022-06-13T21:13:29.8213852+02:00" endTime="2022-06-13T21:13:29.8214052+02:00" testType="13cdc9d9-ddb5-4fa4-a97d-d965ccfc6d4b" outcome="Passed" testListId="8c84fa94-04c1-424b-9868-57a2d4851a1d" relativeResultsDirectory="33e9633c-e0df-4e72-b0fa-9c8b802c530f" />
    <UnitTestResult executionId="d34d02c9-0f76-43f6-b69b-e9b7c7685304" testId="165a8b6f-de27-26f0-6a14-cdb34a40f4c2" testName="FormatToStringTest1000(30807.823896702295d,&quot;30807.82 zł&quot;)" computerName="DESKTOP-5URQ9PB" duration="00:00:00.0000180" startTime="2022-06-13T21:13:29.8276693+02:00" endTime="2022-06-13T21:13:29.8276875+02:00" testType="13cdc9d9-ddb5-4fa4-a97d-d965ccfc6d4b" outcome="Passed" testListId="8c84fa94-04c1-424b-9868-57a2d4851a1d" relativeResultsDirectory="d34d02c9-0f76-43f6-b69b-e9b7c7685304" />
    <UnitTestResult executionId="d6a40c62-0882-43f1-bc39-612214f43fba" testId="71b5ba87-68b9-157d-6948-87a1827119b3" testName="FormatToStringTest1000(32566.30279101259d,&quot;32566.30 zł&quot;)" computerName="DESKTOP-5URQ9PB" duration="00:00:00.0000190" startTime="2022-06-13T21:13:29.8098638+02:00" endTime="2022-06-13T21:13:29.8098825+02:00" testType="13cdc9d9-ddb5-4fa4-a97d-d965ccfc6d4b" outcome="Passed" testListId="8c84fa94-04c1-424b-9868-57a2d4851a1d" relativeResultsDirectory="d6a40c62-0882-43f1-bc39-612214f43fba" />
    <UnitTestResult executionId="7a10f0c7-9ad8-461c-8359-4f380161946c" testId="a5617ce6-af44-3da3-775d-82bd0343fcd9" testName="FormatToStringTest1000(42767.96883676898d,&quot;42767.97 zł&quot;)" computerName="DESKTOP-5URQ9PB" duration="00:00:00.0000190" startTime="2022-06-13T21:13:29.8284188+02:00" endTime="2022-06-13T21:13:29.8284373+02:00" testType="13cdc9d9-ddb5-4fa4-a97d-d965ccfc6d4b" outcome="Passed" testListId="8c84fa94-04c1-424b-9868-57a2d4851a1d" relativeResultsDirectory="7a10f0c7-9ad8-461c-8359-4f380161946c" />
    <UnitTestResult executionId="aad69072-a91a-4ed1-898a-01a3365ec2cb" testId="86ff0f06-37e1-737e-28e1-e4da0cef4001" testName="FormatToStringTest1000(3303.1902076747224d,&quot;3303.19 zł&quot;)" computerName="DESKTOP-5URQ9PB" duration="00:00:00.0000300" startTime="2022-06-13T21:13:29.8208734+02:00" endTime="2022-06-13T21:13:29.8209028+02:00" testType="13cdc9d9-ddb5-4fa4-a97d-d965ccfc6d4b" outcome="Passed" testListId="8c84fa94-04c1-424b-9868-57a2d4851a1d" relativeResultsDirectory="aad69072-a91a-4ed1-898a-01a3365ec2cb" />
    <UnitTestResult executionId="b89820fb-2f28-40e4-9c98-199ad92e58c6" testId="03e5974c-7aa0-7aa6-bbeb-a5715ea0d1d7" testName="FormatToStringTest1000(13541.45472935096d,&quot;13541.45 zł&quot;)" computerName="DESKTOP-5URQ9PB" duration="00:00:00.0000200" startTime="2022-06-13T21:13:29.8248754+02:00" endTime="2022-06-13T21:13:29.8248953+02:00" testType="13cdc9d9-ddb5-4fa4-a97d-d965ccfc6d4b" outcome="Passed" testListId="8c84fa94-04c1-424b-9868-57a2d4851a1d" relativeResultsDirectory="b89820fb-2f28-40e4-9c98-199ad92e58c6" />
    <UnitTestResult executionId="1b7389e1-bcd9-463b-8872-bce52dd2cbbb" testId="f113347a-114d-883f-0643-fe2e125f5daa" testName="FormatToStringTest1000(16402.16316587206d,&quot;16402.16 zł&quot;)" computerName="DESKTOP-5URQ9PB" duration="00:00:00.0000290" startTime="2022-06-13T21:13:29.8200408+02:00" endTime="2022-06-13T21:13:29.8200691+02:00" testType="13cdc9d9-ddb5-4fa4-a97d-d965ccfc6d4b" outcome="Passed" testListId="8c84fa94-04c1-424b-9868-57a2d4851a1d" relativeResultsDirectory="1b7389e1-bcd9-463b-8872-bce52dd2cbbb" />
    <UnitTestResult executionId="0beb905c-dc0f-4212-b4cc-8c27c916fc6e" testId="97c96922-5169-8a4b-ec79-8c51fbb945f4" testName="FormatToStringTest1000(39314.52353688401d,&quot;39314.52 zł&quot;)" computerName="DESKTOP-5URQ9PB" duration="00:00:00.0000180" startTime="2022-06-13T21:13:29.8267763+02:00" endTime="2022-06-13T21:13:29.8267942+02:00" testType="13cdc9d9-ddb5-4fa4-a97d-d965ccfc6d4b" outcome="Passed" testListId="8c84fa94-04c1-424b-9868-57a2d4851a1d" relativeResultsDirectory="0beb905c-dc0f-4212-b4cc-8c27c916fc6e" />
    <UnitTestResult executionId="058bd744-17d4-4cb8-9c8d-8d10f8c808a4" testId="a1098879-b96c-d9e8-87b7-d514474f9769" testName="FormatToStringTest1000(17455.15807988595d,&quot;17455.16 zł&quot;)" computerName="DESKTOP-5URQ9PB" duration="00:00:00.0000180" startTime="2022-06-13T21:13:29.8292766+02:00" endTime="2022-06-13T21:13:29.8292949+02:00" testType="13cdc9d9-ddb5-4fa4-a97d-d965ccfc6d4b" outcome="Passed" testListId="8c84fa94-04c1-424b-9868-57a2d4851a1d" relativeResultsDirectory="058bd744-17d4-4cb8-9c8d-8d10f8c808a4" />
    <UnitTestResult executionId="45887510-331c-46d9-8f4e-b01dbeec57eb" testId="12c8d806-dc76-730d-d276-1d289133c533" testName="FormatToStringTest1000(16597.22844427788d,&quot;16597.23 zł&quot;)" computerName="DESKTOP-5URQ9PB" duration="00:00:00.0000190" startTime="2022-06-13T21:13:29.8114409+02:00" endTime="2022-06-13T21:13:29.8114595+02:00" testType="13cdc9d9-ddb5-4fa4-a97d-d965ccfc6d4b" outcome="Passed" testListId="8c84fa94-04c1-424b-9868-57a2d4851a1d" relativeResultsDirectory="45887510-331c-46d9-8f4e-b01dbeec57eb" />
    <UnitTestResult executionId="34ab0428-e03b-46be-97c6-d559366ae246" testId="6d4f36db-ef1e-952d-7dfb-29f4be4b6ca7" testName="FormatToStringTest1000(46166.38051381259d,&quot;46166.38 zł&quot;)" computerName="DESKTOP-5URQ9PB" duration="00:00:00.0000190" startTime="2022-06-13T21:13:29.8149990+02:00" endTime="2022-06-13T21:13:29.8150174+02:00" testType="13cdc9d9-ddb5-4fa4-a97d-d965ccfc6d4b" outcome="Passed" testListId="8c84fa94-04c1-424b-9868-57a2d4851a1d" relativeResultsDirectory="34ab0428-e03b-46be-97c6-d559366ae246" />
    <UnitTestResult executionId="1882f062-5786-4660-8068-2ad74733af25" testId="369d8b6d-6b5f-c2d1-d938-37474ed850e0" testName="FormatToStringTest1000(32632.105531036905d,&quot;32632.11 zł&quot;)" computerName="DESKTOP-5URQ9PB" duration="00:00:00.0000190" startTime="2022-06-13T21:13:29.8073763+02:00" endTime="2022-06-13T21:13:29.8073949+02:00" testType="13cdc9d9-ddb5-4fa4-a97d-d965ccfc6d4b" outcome="Passed" testListId="8c84fa94-04c1-424b-9868-57a2d4851a1d" relativeResultsDirectory="1882f062-5786-4660-8068-2ad74733af25" />
    <UnitTestResult executionId="ec1ab61a-c1a7-4b33-976b-9c9ab68c0749" testId="f2ce681e-8a28-41b9-4a1e-04b76b54add8" testName="FormatToStringTest1000(1799.2562459103092d,&quot;1799.26 zł&quot;)" computerName="DESKTOP-5URQ9PB" duration="00:00:00.0000280" startTime="2022-06-13T21:13:29.8200799+02:00" endTime="2022-06-13T21:13:29.8201074+02:00" testType="13cdc9d9-ddb5-4fa4-a97d-d965ccfc6d4b" outcome="Passed" testListId="8c84fa94-04c1-424b-9868-57a2d4851a1d" relativeResultsDirectory="ec1ab61a-c1a7-4b33-976b-9c9ab68c0749" />
    <UnitTestResult executionId="0c2be9e4-1bb2-48c9-ad2e-33a9ca04fc55" testId="f4a21ccd-5b4f-d613-e7b9-440db30d38e4" testName="FormatToStringTest1000(48449.85582609189d,&quot;48449.86 zł&quot;)" computerName="DESKTOP-5URQ9PB" duration="00:00:00.0000190" startTime="2022-06-13T21:13:29.8238646+02:00" endTime="2022-06-13T21:13:29.8238838+02:00" testType="13cdc9d9-ddb5-4fa4-a97d-d965ccfc6d4b" outcome="Passed" testListId="8c84fa94-04c1-424b-9868-57a2d4851a1d" relativeResultsDirectory="0c2be9e4-1bb2-48c9-ad2e-33a9ca04fc55" />
    <UnitTestResult executionId="7fe2d914-e703-402c-9daf-d4cfd0316c66" testId="2b003fb3-b141-e2a9-bad9-fff43705ee9e" testName="FormatToStringTest1000(72703.4365723503d,&quot;72703.44 zł&quot;)" computerName="DESKTOP-5URQ9PB" duration="00:00:00.0000190" startTime="2022-06-13T21:13:29.8158548+02:00" endTime="2022-06-13T21:13:29.8158737+02:00" testType="13cdc9d9-ddb5-4fa4-a97d-d965ccfc6d4b" outcome="Passed" testListId="8c84fa94-04c1-424b-9868-57a2d4851a1d" relativeResultsDirectory="7fe2d914-e703-402c-9daf-d4cfd0316c66" />
    <UnitTestResult executionId="62dda1b0-fd10-4021-8b9b-08559600ac42" testId="c2833739-846c-dde5-0033-1a2de8fc4d5a" testName="FormatToStringTest1000(74514.06270644537d,&quot;74514.06 zł&quot;)" computerName="DESKTOP-5URQ9PB" duration="00:00:00.0000190" startTime="2022-06-13T21:13:29.8093978+02:00" endTime="2022-06-13T21:13:29.8094164+02:00" testType="13cdc9d9-ddb5-4fa4-a97d-d965ccfc6d4b" outcome="Passed" testListId="8c84fa94-04c1-424b-9868-57a2d4851a1d" relativeResultsDirectory="62dda1b0-fd10-4021-8b9b-08559600ac42" />
    <UnitTestResult executionId="749060fb-65a2-4d36-abcb-88afb4eb3df3" testId="eb2e7461-d939-c702-00f6-a6f4037fdc3f" testName="FormatToStringTest1000(19609.759296997803d,&quot;19609.76 zł&quot;)" computerName="DESKTOP-5URQ9PB" duration="00:00:00.0000270" startTime="2022-06-13T21:13:29.8182861+02:00" endTime="2022-06-13T21:13:29.8183129+02:00" testType="13cdc9d9-ddb5-4fa4-a97d-d965ccfc6d4b" outcome="Passed" testListId="8c84fa94-04c1-424b-9868-57a2d4851a1d" relativeResultsDirectory="749060fb-65a2-4d36-abcb-88afb4eb3df3" />
    <UnitTestResult executionId="9d077656-fd02-4891-81e4-18272c718882" testId="942bc263-e8dd-056d-20fc-b03fc0f2fe09" testName="FormatToStringTest1000(6544.213759255695d,&quot;6544.21 zł&quot;)" computerName="DESKTOP-5URQ9PB" duration="00:00:00.0000190" startTime="2022-06-13T21:13:29.8303764+02:00" endTime="2022-06-13T21:13:29.8303954+02:00" testType="13cdc9d9-ddb5-4fa4-a97d-d965ccfc6d4b" outcome="Passed" testListId="8c84fa94-04c1-424b-9868-57a2d4851a1d" relativeResultsDirectory="9d077656-fd02-4891-81e4-18272c718882" />
    <UnitTestResult executionId="ce84c8c0-4b57-4e09-9d9b-60d5cee30f5d" testId="c19bcdf9-7163-0762-fc75-0cd4559b2da8" testName="FormatToStringTest1000(22799.991836491965d,&quot;22799.99 zł&quot;)" computerName="DESKTOP-5URQ9PB" duration="00:00:00.0000270" startTime="2022-06-13T21:13:29.8178357+02:00" endTime="2022-06-13T21:13:29.8178625+02:00" testType="13cdc9d9-ddb5-4fa4-a97d-d965ccfc6d4b" outcome="Passed" testListId="8c84fa94-04c1-424b-9868-57a2d4851a1d" relativeResultsDirectory="ce84c8c0-4b57-4e09-9d9b-60d5cee30f5d" />
    <UnitTestResult executionId="1151fafa-0a72-4d2d-b5b6-37cbadf14020" testId="2a24dcb9-e2e0-3650-3ac7-5ec77389adc1" testName="FormatToStringTest1000(5835.26176155557d,&quot;5835.26 zł&quot;)" computerName="DESKTOP-5URQ9PB" duration="00:00:00.0000180" startTime="2022-06-13T21:13:29.8236859+02:00" endTime="2022-06-13T21:13:29.8237041+02:00" testType="13cdc9d9-ddb5-4fa4-a97d-d965ccfc6d4b" outcome="Passed" testListId="8c84fa94-04c1-424b-9868-57a2d4851a1d" relativeResultsDirectory="1151fafa-0a72-4d2d-b5b6-37cbadf14020" />
    <UnitTestResult executionId="8e42dbda-f4c0-4f27-98a2-49253689ca5c" testId="20901353-a2d3-ecac-3452-4c8d3e93293d" testName="FormatToStringTest1000(3270.482477338743d,&quot;3270.48 zł&quot;)" computerName="DESKTOP-5URQ9PB" duration="00:00:00.0000180" startTime="2022-06-13T21:13:29.8276193+02:00" endTime="2022-06-13T21:13:29.8276375+02:00" testType="13cdc9d9-ddb5-4fa4-a97d-d965ccfc6d4b" outcome="Passed" testListId="8c84fa94-04c1-424b-9868-57a2d4851a1d" relativeResultsDirectory="8e42dbda-f4c0-4f27-98a2-49253689ca5c" />
    <UnitTestResult executionId="eafff3da-e856-441e-a0f6-2fb44e155d8a" testId="386a6353-f26d-0503-41f2-052972dc214e" testName="FormatToStringTest1000(12202.860111308684d,&quot;12202.86 zł&quot;)" computerName="DESKTOP-5URQ9PB" duration="00:00:00.0000310" startTime="2022-06-13T21:13:29.8189753+02:00" endTime="2022-06-13T21:13:29.8190062+02:00" testType="13cdc9d9-ddb5-4fa4-a97d-d965ccfc6d4b" outcome="Passed" testListId="8c84fa94-04c1-424b-9868-57a2d4851a1d" relativeResultsDirectory="eafff3da-e856-441e-a0f6-2fb44e155d8a" />
    <UnitTestResult executionId="d2e58e44-54a0-4a8d-961b-d5e96bc46f28" testId="a461dd4d-6d71-3e10-f8bf-9d15ad34f5c8" testName="FormatToStringTest1000(36978.61073549213d,&quot;36978.61 zł&quot;)" computerName="DESKTOP-5URQ9PB" duration="00:00:00.0000190" startTime="2022-06-13T21:13:29.8280369+02:00" endTime="2022-06-13T21:13:29.8280553+02:00" testType="13cdc9d9-ddb5-4fa4-a97d-d965ccfc6d4b" outcome="Passed" testListId="8c84fa94-04c1-424b-9868-57a2d4851a1d" relativeResultsDirectory="d2e58e44-54a0-4a8d-961b-d5e96bc46f28" />
    <UnitTestResult executionId="05ebb982-d49a-4fbe-8757-e7ceadb7b7e1" testId="0abb1a8e-0900-a5c7-bfcc-230b4aaefe42" testName="FormatToStringTest1000(6838.422316571894d,&quot;6838.42 zł&quot;)" computerName="DESKTOP-5URQ9PB" duration="00:00:00.0000180" startTime="2022-06-13T21:13:29.8114656+02:00" endTime="2022-06-13T21:13:29.8114831+02:00" testType="13cdc9d9-ddb5-4fa4-a97d-d965ccfc6d4b" outcome="Passed" testListId="8c84fa94-04c1-424b-9868-57a2d4851a1d" relativeResultsDirectory="05ebb982-d49a-4fbe-8757-e7ceadb7b7e1" />
    <UnitTestResult executionId="cc1508ea-3fa0-41e6-b3fa-321963adfe53" testId="d1d03651-a1e2-f6be-a8df-45190d2d89f8" testName="FormatToStringTest1000(16427.591943671738d,&quot;16427.59 zł&quot;)" computerName="DESKTOP-5URQ9PB" duration="00:00:00.0000290" startTime="2022-06-13T21:13:29.8205736+02:00" endTime="2022-06-13T21:13:29.8206020+02:00" testType="13cdc9d9-ddb5-4fa4-a97d-d965ccfc6d4b" outcome="Passed" testListId="8c84fa94-04c1-424b-9868-57a2d4851a1d" relativeResultsDirectory="cc1508ea-3fa0-41e6-b3fa-321963adfe53" />
    <UnitTestResult executionId="095d9c82-0fad-487b-89de-637c79b1b0ff" testId="72f5bdbc-e270-3979-eb1f-93befbe9f9d0" testName="FormatToStringTest1000(19519.4298413505d,&quot;19519.43 zł&quot;)" computerName="DESKTOP-5URQ9PB" duration="00:00:00.0000180" startTime="2022-06-13T21:13:29.8305553+02:00" endTime="2022-06-13T21:13:29.8305735+02:00" testType="13cdc9d9-ddb5-4fa4-a97d-d965ccfc6d4b" outcome="Passed" testListId="8c84fa94-04c1-424b-9868-57a2d4851a1d" relativeResultsDirectory="095d9c82-0fad-487b-89de-637c79b1b0ff" />
    <UnitTestResult executionId="554b80cb-a237-4983-b20b-2cf5fcd36dd7" testId="c769eba8-ab90-c528-a852-a01f625e896b" testName="FormatToStringTest1000(4919.073526169674d,&quot;4919.07 zł&quot;)" computerName="DESKTOP-5URQ9PB" duration="00:00:00.0000190" startTime="2022-06-13T21:13:29.8133410+02:00" endTime="2022-06-13T21:13:29.8133597+02:00" testType="13cdc9d9-ddb5-4fa4-a97d-d965ccfc6d4b" outcome="Passed" testListId="8c84fa94-04c1-424b-9868-57a2d4851a1d" relativeResultsDirectory="554b80cb-a237-4983-b20b-2cf5fcd36dd7" />
    <UnitTestResult executionId="618c2392-6bdd-4ffb-a9f4-7d1a84a758de" testId="5eb51ac6-bd9f-5d8a-8a44-d83118d83beb" testName="FormatToStringTest1000(11175.438820935526d,&quot;11175.44 zł&quot;)" computerName="DESKTOP-5URQ9PB" duration="00:00:00.0000180" startTime="2022-06-13T21:13:29.8121053+02:00" endTime="2022-06-13T21:13:29.8121233+02:00" testType="13cdc9d9-ddb5-4fa4-a97d-d965ccfc6d4b" outcome="Passed" testListId="8c84fa94-04c1-424b-9868-57a2d4851a1d" relativeResultsDirectory="618c2392-6bdd-4ffb-a9f4-7d1a84a758de" />
    <UnitTestResult executionId="42ba277f-8e6a-4194-b7c4-14f420e0f953" testId="7ae5fdac-2c37-dafa-ea81-102d467ed88a" testName="FormatToStringTest1000(11494.27761332238d,&quot;11494.28 zł&quot;)" computerName="DESKTOP-5URQ9PB" duration="00:00:00.0000190" startTime="2022-06-13T21:13:29.8136817+02:00" endTime="2022-06-13T21:13:29.8137002+02:00" testType="13cdc9d9-ddb5-4fa4-a97d-d965ccfc6d4b" outcome="Passed" testListId="8c84fa94-04c1-424b-9868-57a2d4851a1d" relativeResultsDirectory="42ba277f-8e6a-4194-b7c4-14f420e0f953" />
    <UnitTestResult executionId="1ee8290a-ba69-42f8-bc0f-03e514d252d1" testId="bb5a2e9a-5cdb-f48d-dc56-2c3c111c851a" testName="FormatToStringTest1000(60017.857676936714d,&quot;60017.86 zł&quot;)" computerName="DESKTOP-5URQ9PB" duration="00:00:00.0000190" startTime="2022-06-13T21:13:29.8332797+02:00" endTime="2022-06-13T21:13:29.8332981+02:00" testType="13cdc9d9-ddb5-4fa4-a97d-d965ccfc6d4b" outcome="Passed" testListId="8c84fa94-04c1-424b-9868-57a2d4851a1d" relativeResultsDirectory="1ee8290a-ba69-42f8-bc0f-03e514d252d1" />
    <UnitTestResult executionId="da158433-1e33-4e50-8d5d-2a18d584bee9" testId="20032a0f-2ee3-8893-1563-317bcc5ab61c" testName="FormatToStringTest1000(57181.240528605056d,&quot;57181.24 zł&quot;)" computerName="DESKTOP-5URQ9PB" duration="00:00:00.0000190" startTime="2022-06-13T21:13:29.8147959+02:00" endTime="2022-06-13T21:13:29.8148144+02:00" testType="13cdc9d9-ddb5-4fa4-a97d-d965ccfc6d4b" outcome="Passed" testListId="8c84fa94-04c1-424b-9868-57a2d4851a1d" relativeResultsDirectory="da158433-1e33-4e50-8d5d-2a18d584bee9" />
    <UnitTestResult executionId="6084093d-cbb7-4d34-8a25-6520846f0b4c" testId="3e4e2f06-1967-c539-7ba8-6e0f44663842" testName="FormatToStringTest1000(56378.261944644735d,&quot;56378.26 zł&quot;)" computerName="DESKTOP-5URQ9PB" duration="00:00:00.0000190" startTime="2022-06-13T21:13:29.8148452+02:00" endTime="2022-06-13T21:13:29.8148637+02:00" testType="13cdc9d9-ddb5-4fa4-a97d-d965ccfc6d4b" outcome="Passed" testListId="8c84fa94-04c1-424b-9868-57a2d4851a1d" relativeResultsDirectory="6084093d-cbb7-4d34-8a25-6520846f0b4c" />
    <UnitTestResult executionId="19d5f344-8641-44f4-9772-73feb3b01385" testId="e24a4a8b-d823-3179-90dd-34c590157361" testName="FormatToStringTest1000(2039.440966411699d,&quot;2039.44 zł&quot;)" computerName="DESKTOP-5URQ9PB" duration="00:00:00.0000190" startTime="2022-06-13T21:13:29.8125733+02:00" endTime="2022-06-13T21:13:29.8125917+02:00" testType="13cdc9d9-ddb5-4fa4-a97d-d965ccfc6d4b" outcome="Passed" testListId="8c84fa94-04c1-424b-9868-57a2d4851a1d" relativeResultsDirectory="19d5f344-8641-44f4-9772-73feb3b01385" />
    <UnitTestResult executionId="d0161e13-4def-464b-bfdf-1e5218d9269d" testId="ac23e196-8a79-cb67-41ad-c8975a08f154" testName="FormatToStringTest1000(5566.818038455592d,&quot;5566.82 zł&quot;)" computerName="DESKTOP-5URQ9PB" duration="00:00:00.0000180" startTime="2022-06-13T21:13:29.8268764+02:00" endTime="2022-06-13T21:13:29.8268947+02:00" testType="13cdc9d9-ddb5-4fa4-a97d-d965ccfc6d4b" outcome="Passed" testListId="8c84fa94-04c1-424b-9868-57a2d4851a1d" relativeResultsDirectory="d0161e13-4def-464b-bfdf-1e5218d9269d" />
    <UnitTestResult executionId="733cd10b-10b7-4f8a-a921-56ba21ea1bd9" testId="a791af51-cffc-4361-1fd8-8baf48da92e6" testName="FormatToStringTest1000(15639.704937780603d,&quot;15639.70 zł&quot;)" computerName="DESKTOP-5URQ9PB" duration="00:00:00.0000190" startTime="2022-06-13T21:13:29.8083145+02:00" endTime="2022-06-13T21:13:29.8083331+02:00" testType="13cdc9d9-ddb5-4fa4-a97d-d965ccfc6d4b" outcome="Passed" testListId="8c84fa94-04c1-424b-9868-57a2d4851a1d" relativeResultsDirectory="733cd10b-10b7-4f8a-a921-56ba21ea1bd9" />
    <UnitTestResult executionId="cac22fad-eb7b-4274-b00e-db88754c5de2" testId="3e825b25-6db1-d72d-ab5d-475a3a46b642" testName="FormatToStringTest1000(38076.55319665165d,&quot;38076.55 zł&quot;)" computerName="DESKTOP-5URQ9PB" duration="00:00:00.0000190" startTime="2022-06-13T21:13:29.8100174+02:00" endTime="2022-06-13T21:13:29.8100362+02:00" testType="13cdc9d9-ddb5-4fa4-a97d-d965ccfc6d4b" outcome="Passed" testListId="8c84fa94-04c1-424b-9868-57a2d4851a1d" relativeResultsDirectory="cac22fad-eb7b-4274-b00e-db88754c5de2" />
    <UnitTestResult executionId="84bd413e-d5a4-4384-83a8-a4055d10837b" testId="0d37f434-250b-5238-45a8-c128f2ef42ef" testName="FormatToStringTest1000(46790.41011887715d,&quot;46790.41 zł&quot;)" computerName="DESKTOP-5URQ9PB" duration="00:00:00.0000190" startTime="2022-06-13T21:13:29.8212280+02:00" endTime="2022-06-13T21:13:29.8212468+02:00" testType="13cdc9d9-ddb5-4fa4-a97d-d965ccfc6d4b" outcome="Passed" testListId="8c84fa94-04c1-424b-9868-57a2d4851a1d" relativeResultsDirectory="84bd413e-d5a4-4384-83a8-a4055d10837b" />
    <UnitTestResult executionId="e75af51d-9bbf-4d1e-a85c-69d564d271fc" testId="4593d3e0-40c6-d633-5fcd-f61df33025dc" testName="FormatToStringTest1000(12187.551827252633d,&quot;12187.55 zł&quot;)" computerName="DESKTOP-5URQ9PB" duration="00:00:00.0000180" startTime="2022-06-13T21:13:29.8127701+02:00" endTime="2022-06-13T21:13:29.8127880+02:00" testType="13cdc9d9-ddb5-4fa4-a97d-d965ccfc6d4b" outcome="Passed" testListId="8c84fa94-04c1-424b-9868-57a2d4851a1d" relativeResultsDirectory="e75af51d-9bbf-4d1e-a85c-69d564d271fc" />
    <UnitTestResult executionId="8df9fa9d-74c7-40a4-8fbc-4d9cd3349fc0" testId="ed2b1e2d-f079-ec9f-030f-6c4deaa52702" testName="FormatToStringTest1000(19462.729986486367d,&quot;19462.73 zł&quot;)" computerName="DESKTOP-5URQ9PB" duration="00:00:00.0000330" startTime="2022-06-13T21:13:29.8259261+02:00" endTime="2022-06-13T21:13:29.8259587+02:00" testType="13cdc9d9-ddb5-4fa4-a97d-d965ccfc6d4b" outcome="Passed" testListId="8c84fa94-04c1-424b-9868-57a2d4851a1d" relativeResultsDirectory="8df9fa9d-74c7-40a4-8fbc-4d9cd3349fc0" />
    <UnitTestResult executionId="f8d799df-5bf4-422d-a79f-a26602f7eb92" testId="3c694193-6244-2822-1520-285efe4d3761" testName="FormatToStringTest1000(782.6578288817116d,&quot;782.66 zł&quot;)" computerName="DESKTOP-5URQ9PB" duration="00:00:00.0000180" startTime="2022-06-13T21:13:29.8128920+02:00" endTime="2022-06-13T21:13:29.8129103+02:00" testType="13cdc9d9-ddb5-4fa4-a97d-d965ccfc6d4b" outcome="Passed" testListId="8c84fa94-04c1-424b-9868-57a2d4851a1d" relativeResultsDirectory="f8d799df-5bf4-422d-a79f-a26602f7eb92" />
    <UnitTestResult executionId="ca854372-44a5-4e07-b55c-fc6355e2325f" testId="02f82b15-1853-9f05-8754-8f243db3e9b1" testName="FormatToStringTest1000(4898.699005344277d,&quot;4898.70 zł&quot;)" computerName="DESKTOP-5URQ9PB" duration="00:00:00.0000180" startTime="2022-06-13T21:13:29.8146480+02:00" endTime="2022-06-13T21:13:29.8146659+02:00" testType="13cdc9d9-ddb5-4fa4-a97d-d965ccfc6d4b" outcome="Passed" testListId="8c84fa94-04c1-424b-9868-57a2d4851a1d" relativeResultsDirectory="ca854372-44a5-4e07-b55c-fc6355e2325f" />
    <UnitTestResult executionId="bf030dbc-ef81-4ac4-8328-c2ef5688a2b8" testId="85867aba-850c-5842-e811-a641ca5889cf" testName="FormatToStringTest1000(25288.32036814574d,&quot;25288.32 zł&quot;)" computerName="DESKTOP-5URQ9PB" duration="00:00:00.0000190" startTime="2022-06-13T21:13:29.8244912+02:00" endTime="2022-06-13T21:13:29.8245100+02:00" testType="13cdc9d9-ddb5-4fa4-a97d-d965ccfc6d4b" outcome="Passed" testListId="8c84fa94-04c1-424b-9868-57a2d4851a1d" relativeResultsDirectory="bf030dbc-ef81-4ac4-8328-c2ef5688a2b8" />
    <UnitTestResult executionId="b80c2524-3420-481a-b0ca-e0a53257deeb" testId="47e7ec55-4391-8546-d1c3-fb5db01a41e8" testName="FormatToStringTest1000(6213.265206352466d,&quot;6213.27 zł&quot;)" computerName="DESKTOP-5URQ9PB" duration="00:00:00.0000180" startTime="2022-06-13T21:13:29.8156605+02:00" endTime="2022-06-13T21:13:29.8156788+02:00" testType="13cdc9d9-ddb5-4fa4-a97d-d965ccfc6d4b" outcome="Passed" testListId="8c84fa94-04c1-424b-9868-57a2d4851a1d" relativeResultsDirectory="b80c2524-3420-481a-b0ca-e0a53257deeb" />
    <UnitTestResult executionId="9fd135d6-a657-407c-8ee4-5c42feefe198" testId="6a41f5f3-49f1-a289-ed1a-edcf9c86dd3e" testName="FormatToStringTest1000(95353.10327693219d,&quot;95353.10 zł&quot;)" computerName="DESKTOP-5URQ9PB" duration="00:00:00.0000190" startTime="2022-06-13T21:13:29.8116587+02:00" endTime="2022-06-13T21:13:29.8116773+02:00" testType="13cdc9d9-ddb5-4fa4-a97d-d965ccfc6d4b" outcome="Passed" testListId="8c84fa94-04c1-424b-9868-57a2d4851a1d" relativeResultsDirectory="9fd135d6-a657-407c-8ee4-5c42feefe198" />
    <UnitTestResult executionId="445a4383-c550-43b7-8682-e7330fd9a768" testId="a1148d07-bacb-7b60-5bda-bc014fb00c20" testName="FormatToStringTest1000(66541.05112730109d,&quot;66541.05 zł&quot;)" computerName="DESKTOP-5URQ9PB" duration="00:00:00.0000190" startTime="2022-06-13T21:13:29.8337861+02:00" endTime="2022-06-13T21:13:29.8338052+02:00" testType="13cdc9d9-ddb5-4fa4-a97d-d965ccfc6d4b" outcome="Passed" testListId="8c84fa94-04c1-424b-9868-57a2d4851a1d" relativeResultsDirectory="445a4383-c550-43b7-8682-e7330fd9a768" />
    <UnitTestResult executionId="703f6ebd-6beb-42fb-9514-0455425978a2" testId="d84ea56f-1773-91fe-6056-1fcd6ce44e0e" testName="FormatToStringTest1000(23662.291816162084d,&quot;23662.29 zł&quot;)" computerName="DESKTOP-5URQ9PB" duration="00:00:00.0000190" startTime="2022-06-13T21:13:29.8307834+02:00" endTime="2022-06-13T21:13:29.8308022+02:00" testType="13cdc9d9-ddb5-4fa4-a97d-d965ccfc6d4b" outcome="Passed" testListId="8c84fa94-04c1-424b-9868-57a2d4851a1d" relativeResultsDirectory="703f6ebd-6beb-42fb-9514-0455425978a2" />
    <UnitTestResult executionId="251fb082-a9ee-4f26-9c15-be8c4c4d69ee" testId="eb4b3a2e-3867-f16d-1f8c-063517acc541" testName="FormatToStringTest1000(50413.517583300134d,&quot;50413.52 zł&quot;)" computerName="DESKTOP-5URQ9PB" duration="00:00:00.0000180" startTime="2022-06-13T21:13:29.8254084+02:00" endTime="2022-06-13T21:13:29.8254267+02:00" testType="13cdc9d9-ddb5-4fa4-a97d-d965ccfc6d4b" outcome="Passed" testListId="8c84fa94-04c1-424b-9868-57a2d4851a1d" relativeResultsDirectory="251fb082-a9ee-4f26-9c15-be8c4c4d69ee" />
    <UnitTestResult executionId="c79e1574-6223-47d3-b526-b747144e18e6" testId="bb69a9ef-0ed6-4747-9681-639ad78f5540" testName="FormatToStringTest1000(34145.534199603615d,&quot;34145.53 zł&quot;)" computerName="DESKTOP-5URQ9PB" duration="00:00:00.0000180" startTime="2022-06-13T21:13:29.8262209+02:00" endTime="2022-06-13T21:13:29.8262393+02:00" testType="13cdc9d9-ddb5-4fa4-a97d-d965ccfc6d4b" outcome="Passed" testListId="8c84fa94-04c1-424b-9868-57a2d4851a1d" relativeResultsDirectory="c79e1574-6223-47d3-b526-b747144e18e6" />
    <UnitTestResult executionId="f1ba3caf-28bd-4e40-a586-cdda44eb9fa8" testId="5326d1dc-d18e-0528-8ffb-d0be584509e9" testName="FormatToStringTest1000(16673.5121774904d,&quot;16673.51 zł&quot;)" computerName="DESKTOP-5URQ9PB" duration="00:00:00.0000280" startTime="2022-06-13T21:13:29.8176087+02:00" endTime="2022-06-13T21:13:29.8176365+02:00" testType="13cdc9d9-ddb5-4fa4-a97d-d965ccfc6d4b" outcome="Passed" testListId="8c84fa94-04c1-424b-9868-57a2d4851a1d" relativeResultsDirectory="f1ba3caf-28bd-4e40-a586-cdda44eb9fa8" />
    <UnitTestResult executionId="757161ec-1cab-4e4c-b32e-dc52db9b9906" testId="5196bde9-6c75-174a-8f79-d717861ecd56" testName="FormatToStringTest1000(1687.5965557361937d,&quot;1687.60 zł&quot;)" computerName="DESKTOP-5URQ9PB" duration="00:00:00.0000300" startTime="2022-06-13T21:13:29.8206116+02:00" endTime="2022-06-13T21:13:29.8206413+02:00" testType="13cdc9d9-ddb5-4fa4-a97d-d965ccfc6d4b" outcome="Passed" testListId="8c84fa94-04c1-424b-9868-57a2d4851a1d" relativeResultsDirectory="757161ec-1cab-4e4c-b32e-dc52db9b9906" />
    <UnitTestResult executionId="0fe25ab8-9065-49c3-842c-229113718784" testId="199abf60-5b5b-94b6-b04f-a3e4d911fd34" testName="FormatToStringTest1000(38614.292320713066d,&quot;38614.29 zł&quot;)" computerName="DESKTOP-5URQ9PB" duration="00:00:00.0000190" startTime="2022-06-13T21:13:29.8102123+02:00" endTime="2022-06-13T21:13:29.8102308+02:00" testType="13cdc9d9-ddb5-4fa4-a97d-d965ccfc6d4b" outcome="Passed" testListId="8c84fa94-04c1-424b-9868-57a2d4851a1d" relativeResultsDirectory="0fe25ab8-9065-49c3-842c-229113718784" />
    <UnitTestResult executionId="37b8441a-f5fc-4649-80c5-864bbc4d86c0" testId="4c3c57ae-2e5c-e5eb-314a-7aa532a2bb5e" testName="FormatToStringTest1000(73504.44700518598d,&quot;73504.45 zł&quot;)" computerName="DESKTOP-5URQ9PB" duration="00:00:00.0000190" startTime="2022-06-13T21:13:29.8342243+02:00" endTime="2022-06-13T21:13:29.8342428+02:00" testType="13cdc9d9-ddb5-4fa4-a97d-d965ccfc6d4b" outcome="Passed" testListId="8c84fa94-04c1-424b-9868-57a2d4851a1d" relativeResultsDirectory="37b8441a-f5fc-4649-80c5-864bbc4d86c0" />
    <UnitTestResult executionId="71b8bd26-78ef-4b20-a36d-d55be2ea2216" testId="1ae81526-c34e-30fb-a453-ec950aa3ef1c" testName="FormatToStringTest1000(12903.541202012237d,&quot;12903.54 zł&quot;)" computerName="DESKTOP-5URQ9PB" duration="00:00:00.0000180" startTime="2022-06-13T21:13:29.8142046+02:00" endTime="2022-06-13T21:13:29.8142228+02:00" testType="13cdc9d9-ddb5-4fa4-a97d-d965ccfc6d4b" outcome="Passed" testListId="8c84fa94-04c1-424b-9868-57a2d4851a1d" relativeResultsDirectory="71b8bd26-78ef-4b20-a36d-d55be2ea2216" />
    <UnitTestResult executionId="41bd9379-9c3a-4080-a374-da15d08732a1" testId="af79a348-5fb3-03eb-c3ed-5bb2185640a5" testName="FormatToStringTest1000(3195.202943510936d,&quot;3195.20 zł&quot;)" computerName="DESKTOP-5URQ9PB" duration="00:00:00.0000190" startTime="2022-06-13T21:13:29.8148699+02:00" endTime="2022-06-13T21:13:29.8148886+02:00" testType="13cdc9d9-ddb5-4fa4-a97d-d965ccfc6d4b" outcome="Passed" testListId="8c84fa94-04c1-424b-9868-57a2d4851a1d" relativeResultsDirectory="41bd9379-9c3a-4080-a374-da15d08732a1" />
    <UnitTestResult executionId="921bce24-117c-4462-a698-0eebdddff85c" testId="5189465c-94b9-c0c3-eb6c-9e0dd907b71f" testName="FormatToStringTest1000(1952.6955147062872d,&quot;1952.70 zł&quot;)" computerName="DESKTOP-5URQ9PB" duration="00:00:00.0000270" startTime="2022-06-13T21:13:29.8176831+02:00" endTime="2022-06-13T21:13:29.8177092+02:00" testType="13cdc9d9-ddb5-4fa4-a97d-d965ccfc6d4b" outcome="Passed" testListId="8c84fa94-04c1-424b-9868-57a2d4851a1d" relativeResultsDirectory="921bce24-117c-4462-a698-0eebdddff85c" />
    <UnitTestResult executionId="ff942d00-9c34-4075-b211-27ad7b2c5f1d" testId="ea9a1ed5-0813-906f-0ed6-0a192bf899e6" testName="FormatToStringTest1000(45299.778512198376d,&quot;45299.78 zł&quot;)" computerName="DESKTOP-5URQ9PB" duration="00:00:00.0000180" startTime="2022-06-13T21:13:29.8265508+02:00" endTime="2022-06-13T21:13:29.8265690+02:00" testType="13cdc9d9-ddb5-4fa4-a97d-d965ccfc6d4b" outcome="Passed" testListId="8c84fa94-04c1-424b-9868-57a2d4851a1d" relativeResultsDirectory="ff942d00-9c34-4075-b211-27ad7b2c5f1d" />
    <UnitTestResult executionId="ef365018-3a6c-424b-802d-8b890d22eb76" testId="56b49f4b-49b4-988e-f563-d6c88928143d" testName="FormatToStringTest1000(78519.41691976106d,&quot;78519.42 zł&quot;)" computerName="DESKTOP-5URQ9PB" duration="00:00:00.0000230" startTime="2022-06-13T21:13:29.8258952+02:00" endTime="2022-06-13T21:13:29.8259185+02:00" testType="13cdc9d9-ddb5-4fa4-a97d-d965ccfc6d4b" outcome="Passed" testListId="8c84fa94-04c1-424b-9868-57a2d4851a1d" relativeResultsDirectory="ef365018-3a6c-424b-802d-8b890d22eb76" />
    <UnitTestResult executionId="b47bd972-d248-4dc0-911a-9d3e145116d0" testId="546fc2ea-9df5-50bd-d263-31b0a2faf8aa" testName="FormatToStringTest1000(72905.64834432845d,&quot;72905.65 zł&quot;)" computerName="DESKTOP-5URQ9PB" duration="00:00:00.0000190" startTime="2022-06-13T21:13:29.8275938+02:00" endTime="2022-06-13T21:13:29.8276126+02:00" testType="13cdc9d9-ddb5-4fa4-a97d-d965ccfc6d4b" outcome="Passed" testListId="8c84fa94-04c1-424b-9868-57a2d4851a1d" relativeResultsDirectory="b47bd972-d248-4dc0-911a-9d3e145116d0" />
    <UnitTestResult executionId="9f8a4cac-6030-46c4-a82f-a1164cc8f46e" testId="fa43237f-8d58-c9ec-b71e-9d381e3b47f2" testName="FormatToStringTest1000(12091.219941106729d,&quot;12091.22 zł&quot;)" computerName="DESKTOP-5URQ9PB" duration="00:00:00.0000180" startTime="2022-06-13T21:13:29.8129471+02:00" endTime="2022-06-13T21:13:29.8129653+02:00" testType="13cdc9d9-ddb5-4fa4-a97d-d965ccfc6d4b" outcome="Passed" testListId="8c84fa94-04c1-424b-9868-57a2d4851a1d" relativeResultsDirectory="9f8a4cac-6030-46c4-a82f-a1164cc8f46e" />
    <UnitTestResult executionId="5ad975dc-68d6-43f2-b672-e637d29112cd" testId="4f1f0a63-e0be-64e6-2c9f-87d58c623ce7" testName="FormatToStringTest1000(9750.134289915735d,&quot;9750.13 zł&quot;)" computerName="DESKTOP-5URQ9PB" duration="00:00:00.0000200" startTime="2022-06-13T21:13:29.8269614+02:00" endTime="2022-06-13T21:13:29.8269812+02:00" testType="13cdc9d9-ddb5-4fa4-a97d-d965ccfc6d4b" outcome="Passed" testListId="8c84fa94-04c1-424b-9868-57a2d4851a1d" relativeResultsDirectory="5ad975dc-68d6-43f2-b672-e637d29112cd" />
    <UnitTestResult executionId="69594272-82d2-49cb-aed8-902d9189248e" testId="513b5d8b-983e-b793-a988-3659c0ad4956" testName="FormatToStringTest1000(31340.79231238914d,&quot;31340.79 zł&quot;)" computerName="DESKTOP-5URQ9PB" duration="00:00:00.0000190" startTime="2022-06-13T21:13:29.8122284+02:00" endTime="2022-06-13T21:13:29.8122470+02:00" testType="13cdc9d9-ddb5-4fa4-a97d-d965ccfc6d4b" outcome="Passed" testListId="8c84fa94-04c1-424b-9868-57a2d4851a1d" relativeResultsDirectory="69594272-82d2-49cb-aed8-902d9189248e" />
    <UnitTestResult executionId="a280a273-a1da-470a-8bc2-fba08110e5cd" testId="ebfb6fa8-ee3c-3dd3-7dbb-2004376b7edb" testName="FormatToStringTest1000(66764.31690498316d,&quot;66764.32 zł&quot;)" computerName="DESKTOP-5URQ9PB" duration="00:00:00.0000270" startTime="2022-06-13T21:13:29.8182497+02:00" endTime="2022-06-13T21:13:29.8182766+02:00" testType="13cdc9d9-ddb5-4fa4-a97d-d965ccfc6d4b" outcome="Passed" testListId="8c84fa94-04c1-424b-9868-57a2d4851a1d" relativeResultsDirectory="a280a273-a1da-470a-8bc2-fba08110e5cd" />
    <UnitTestResult executionId="caeb9964-4ca8-4dad-9934-b26100ed0514" testId="c54c0d26-3d52-7638-d0ec-e651814ad808" testName="FormatToStringTest1000(2346.9964869427477d,&quot;2347.00 zł&quot;)" computerName="DESKTOP-5URQ9PB" duration="00:00:00.0000270" startTime="2022-06-13T21:13:29.8164512+02:00" endTime="2022-06-13T21:13:29.8164785+02:00" testType="13cdc9d9-ddb5-4fa4-a97d-d965ccfc6d4b" outcome="Passed" testListId="8c84fa94-04c1-424b-9868-57a2d4851a1d" relativeResultsDirectory="caeb9964-4ca8-4dad-9934-b26100ed0514" />
    <UnitTestResult executionId="4f53c24e-5671-413d-8565-2cbb1a4577fc" testId="62b70b12-663c-a906-288d-6817a450e2b9" testName="FormatToStringTest1000(6654.099431086378d,&quot;6654.10 zł&quot;)" computerName="DESKTOP-5URQ9PB" duration="00:00:00.0000190" startTime="2022-06-13T21:13:29.8158062+02:00" endTime="2022-06-13T21:13:29.8158246+02:00" testType="13cdc9d9-ddb5-4fa4-a97d-d965ccfc6d4b" outcome="Passed" testListId="8c84fa94-04c1-424b-9868-57a2d4851a1d" relativeResultsDirectory="4f53c24e-5671-413d-8565-2cbb1a4577fc" />
    <UnitTestResult executionId="de11ea99-092d-435b-b8d7-8106cb65ca8b" testId="b8e35215-9c02-c225-ebde-5cb2a4f46f94" testName="FormatToStringTest1000(4025.728369236797d,&quot;4025.73 zł&quot;)" computerName="DESKTOP-5URQ9PB" duration="00:00:00.0000270" startTime="2022-06-13T21:13:29.8182136+02:00" endTime="2022-06-13T21:13:29.8182399+02:00" testType="13cdc9d9-ddb5-4fa4-a97d-d965ccfc6d4b" outcome="Passed" testListId="8c84fa94-04c1-424b-9868-57a2d4851a1d" relativeResultsDirectory="de11ea99-092d-435b-b8d7-8106cb65ca8b" />
    <UnitTestResult executionId="8b8564bf-5ba9-466c-9eaa-06d44a27c114" testId="785b55cc-be99-2e92-e97b-e8c0390c5420" testName="FormatToStringTest1000(17990.38119827089d,&quot;17990.38 zł&quot;)" computerName="DESKTOP-5URQ9PB" duration="00:00:00.0000190" startTime="2022-06-13T21:13:29.8150971+02:00" endTime="2022-06-13T21:13:29.8151161+02:00" testType="13cdc9d9-ddb5-4fa4-a97d-d965ccfc6d4b" outcome="Passed" testListId="8c84fa94-04c1-424b-9868-57a2d4851a1d" relativeResultsDirectory="8b8564bf-5ba9-466c-9eaa-06d44a27c114" />
    <UnitTestResult executionId="d33964e2-4ab4-4cd6-8b93-446488c37eab" testId="08821b59-1fc3-bfdb-c64b-6b9d4d7418fb" testName="FormatToStringTest1000(23548.88067407016d,&quot;23548.88 zł&quot;)" computerName="DESKTOP-5URQ9PB" duration="00:00:00.0000180" startTime="2022-06-13T21:13:29.8137555+02:00" endTime="2022-06-13T21:13:29.8137735+02:00" testType="13cdc9d9-ddb5-4fa4-a97d-d965ccfc6d4b" outcome="Passed" testListId="8c84fa94-04c1-424b-9868-57a2d4851a1d" relativeResultsDirectory="d33964e2-4ab4-4cd6-8b93-446488c37eab" />
    <UnitTestResult executionId="5cf7a9f3-d945-492c-907d-5500d1cd890c" testId="a4b13a66-9eee-466b-b0fc-fbf88e46d5b1" testName="FormatToStringTest1000(317.9090540706688d,&quot;317.91 zł&quot;)" computerName="DESKTOP-5URQ9PB" duration="00:00:00.0000190" startTime="2022-06-13T21:13:29.8091775+02:00" endTime="2022-06-13T21:13:29.8091959+02:00" testType="13cdc9d9-ddb5-4fa4-a97d-d965ccfc6d4b" outcome="Passed" testListId="8c84fa94-04c1-424b-9868-57a2d4851a1d" relativeResultsDirectory="5cf7a9f3-d945-492c-907d-5500d1cd890c" />
    <UnitTestResult executionId="9c029942-5265-4bbd-8c56-5378a2ca2843" testId="04eed3c3-572e-20dc-ebe7-5f007fb379ab" testName="FormatToStringTest1000(65204.90483536055d,&quot;65204.90 zł&quot;)" computerName="DESKTOP-5URQ9PB" duration="00:00:00.0000190" startTime="2022-06-13T21:13:29.8322800+02:00" endTime="2022-06-13T21:13:29.8322990+02:00" testType="13cdc9d9-ddb5-4fa4-a97d-d965ccfc6d4b" outcome="Passed" testListId="8c84fa94-04c1-424b-9868-57a2d4851a1d" relativeResultsDirectory="9c029942-5265-4bbd-8c56-5378a2ca2843" />
    <UnitTestResult executionId="94da599d-6224-4bfd-8104-6b95a992ece0" testId="0fc86efa-aeca-dada-030f-e8045241eaae" testName="FormatToStringTest1000(13508.811787825922d,&quot;13508.81 zł&quot;)" computerName="DESKTOP-5URQ9PB" duration="00:00:00.0000190" startTime="2022-06-13T21:13:29.8301750+02:00" endTime="2022-06-13T21:13:29.8301934+02:00" testType="13cdc9d9-ddb5-4fa4-a97d-d965ccfc6d4b" outcome="Passed" testListId="8c84fa94-04c1-424b-9868-57a2d4851a1d" relativeResultsDirectory="94da599d-6224-4bfd-8104-6b95a992ece0" />
    <UnitTestResult executionId="c676532f-22fd-4fae-b390-0ae276d53c06" testId="74c0130b-d063-4d59-6d84-18416c8beb4f" testName="FormatToStringTest1000(32262.93788198984d,&quot;32262.94 zł&quot;)" computerName="DESKTOP-5URQ9PB" duration="00:00:00.0000190" startTime="2022-06-13T21:13:29.8230083+02:00" endTime="2022-06-13T21:13:29.8230267+02:00" testType="13cdc9d9-ddb5-4fa4-a97d-d965ccfc6d4b" outcome="Passed" testListId="8c84fa94-04c1-424b-9868-57a2d4851a1d" relativeResultsDirectory="c676532f-22fd-4fae-b390-0ae276d53c06" />
    <UnitTestResult executionId="14d6cb24-6cb7-4666-8899-36335f1cc168" testId="9abe82c5-80fa-2d6a-e76f-8b42c308f2c5" testName="FormatToStringTest1000(10641.263377953444d,&quot;10641.26 zł&quot;)" computerName="DESKTOP-5URQ9PB" duration="00:00:00.0000190" startTime="2022-06-13T21:13:29.8146970+02:00" endTime="2022-06-13T21:13:29.8147159+02:00" testType="13cdc9d9-ddb5-4fa4-a97d-d965ccfc6d4b" outcome="Passed" testListId="8c84fa94-04c1-424b-9868-57a2d4851a1d" relativeResultsDirectory="14d6cb24-6cb7-4666-8899-36335f1cc168" />
    <UnitTestResult executionId="a9d0aaf0-443d-434f-a900-2918bf4998a8" testId="f9588db6-8045-6ceb-1c29-858ccdaab727" testName="FormatToStringTest1000(32213.734885384205d,&quot;32213.73 zł&quot;)" computerName="DESKTOP-5URQ9PB" duration="00:00:00.0000190" startTime="2022-06-13T21:13:29.8266757+02:00" endTime="2022-06-13T21:13:29.8266942+02:00" testType="13cdc9d9-ddb5-4fa4-a97d-d965ccfc6d4b" outcome="Passed" testListId="8c84fa94-04c1-424b-9868-57a2d4851a1d" relativeResultsDirectory="a9d0aaf0-443d-434f-a900-2918bf4998a8" />
    <UnitTestResult executionId="3dfdf0e7-5644-4939-97fe-2b66ad33cebe" testId="0ed9cd8c-6283-5489-0e2e-ce31df1b16b4" testName="FormatToStringTest1000(40268.121943438484d,&quot;40268.12 zł&quot;)" computerName="DESKTOP-5URQ9PB" duration="00:00:00.0000190" startTime="2022-06-13T21:13:29.8144493+02:00" endTime="2022-06-13T21:13:29.8144681+02:00" testType="13cdc9d9-ddb5-4fa4-a97d-d965ccfc6d4b" outcome="Passed" testListId="8c84fa94-04c1-424b-9868-57a2d4851a1d" relativeResultsDirectory="3dfdf0e7-5644-4939-97fe-2b66ad33cebe" />
    <UnitTestResult executionId="fe0c912c-6f6b-46ed-9e13-b8b44271fc73" testId="979cd04b-5e93-d632-87b5-a20161444816" testName="FormatToStringTest1000(14035.12972514477d,&quot;14035.13 zł&quot;)" computerName="DESKTOP-5URQ9PB" duration="00:00:00.0000180" startTime="2022-06-13T21:13:29.8112942+02:00" endTime="2022-06-13T21:13:29.8113119+02:00" testType="13cdc9d9-ddb5-4fa4-a97d-d965ccfc6d4b" outcome="Passed" testListId="8c84fa94-04c1-424b-9868-57a2d4851a1d" relativeResultsDirectory="fe0c912c-6f6b-46ed-9e13-b8b44271fc73" />
    <UnitTestResult executionId="4fe2dd5f-6c26-467c-90ed-b81ce2880d88" testId="0bb6c333-e41f-4877-c81e-d24ff9ead53d" testName="FormatToStringTest1000(60299.23738666309d,&quot;60299.24 zł&quot;)" computerName="DESKTOP-5URQ9PB" duration="00:00:00.0000320" startTime="2022-06-13T21:13:29.8210480+02:00" endTime="2022-06-13T21:13:29.8210792+02:00" testType="13cdc9d9-ddb5-4fa4-a97d-d965ccfc6d4b" outcome="Passed" testListId="8c84fa94-04c1-424b-9868-57a2d4851a1d" relativeResultsDirectory="4fe2dd5f-6c26-467c-90ed-b81ce2880d88" />
    <UnitTestResult executionId="2424cb68-dc59-4543-8094-7797c6a900c3" testId="c2c62cce-7606-0af4-5c6b-a30ffe30b4ea" testName="FormatToStringTest1000(46898.00219497783d,&quot;46898.00 zł&quot;)" computerName="DESKTOP-5URQ9PB" duration="00:00:00.0000180" startTime="2022-06-13T21:13:29.8092024+02:00" endTime="2022-06-13T21:13:29.8092204+02:00" testType="13cdc9d9-ddb5-4fa4-a97d-d965ccfc6d4b" outcome="Passed" testListId="8c84fa94-04c1-424b-9868-57a2d4851a1d" relativeResultsDirectory="2424cb68-dc59-4543-8094-7797c6a900c3" />
    <UnitTestResult executionId="f46b27d4-1d93-4eca-bd49-bb87df05c141" testId="ba3d44ab-713b-26da-eeee-600e16cfe130" testName="FormatToStringTest1000(30385.72086375613d,&quot;30385.72 zł&quot;)" computerName="DESKTOP-5URQ9PB" duration="00:00:00.0000190" startTime="2022-06-13T21:13:29.8305299+02:00" endTime="2022-06-13T21:13:29.8305488+02:00" testType="13cdc9d9-ddb5-4fa4-a97d-d965ccfc6d4b" outcome="Passed" testListId="8c84fa94-04c1-424b-9868-57a2d4851a1d" relativeResultsDirectory="f46b27d4-1d93-4eca-bd49-bb87df05c141" />
    <UnitTestResult executionId="93212945-6db7-4601-b824-d74399ab2c34" testId="b4887e38-5397-4610-6733-1d86030ec9ea" testName="FormatToStringTest1000(24566.50251371856d,&quot;24566.50 zł&quot;)" computerName="DESKTOP-5URQ9PB" duration="00:00:00.0000190" startTime="2022-06-13T21:13:29.8222110+02:00" endTime="2022-06-13T21:13:29.8222295+02:00" testType="13cdc9d9-ddb5-4fa4-a97d-d965ccfc6d4b" outcome="Passed" testListId="8c84fa94-04c1-424b-9868-57a2d4851a1d" relativeResultsDirectory="93212945-6db7-4601-b824-d74399ab2c34" />
    <UnitTestResult executionId="5c25b7fa-1f8c-428c-96ff-6b4d1536dedb" testId="2bc42f5a-e565-5018-fa3b-64bf63c4c2f5" testName="FormatToStringTest1000(14017.699524653006d,&quot;14017.70 zł&quot;)" computerName="DESKTOP-5URQ9PB" duration="00:00:00.0000190" startTime="2022-06-13T21:13:29.8331536+02:00" endTime="2022-06-13T21:13:29.8331726+02:00" testType="13cdc9d9-ddb5-4fa4-a97d-d965ccfc6d4b" outcome="Passed" testListId="8c84fa94-04c1-424b-9868-57a2d4851a1d" relativeResultsDirectory="5c25b7fa-1f8c-428c-96ff-6b4d1536dedb" />
    <UnitTestResult executionId="25776a90-bcb2-4b13-b1bf-705fc13a1279" testId="c1905b94-6245-64ed-8028-a7655f8970eb" testName="FormatToStringTest1000(5961.755129208674d,&quot;5961.76 zł&quot;)" computerName="DESKTOP-5URQ9PB" duration="00:00:00.0000260" startTime="2022-06-13T21:13:29.8169474+02:00" endTime="2022-06-13T21:13:29.8169727+02:00" testType="13cdc9d9-ddb5-4fa4-a97d-d965ccfc6d4b" outcome="Passed" testListId="8c84fa94-04c1-424b-9868-57a2d4851a1d" relativeResultsDirectory="25776a90-bcb2-4b13-b1bf-705fc13a1279" />
    <UnitTestResult executionId="e93f2108-c051-4daa-a3b8-7c637425f146" testId="03f880df-4361-699a-9da6-4d3bc3d9d5a7" testName="FormatToStringTest1000(9558.453124931293d,&quot;9558.45 zł&quot;)" computerName="DESKTOP-5URQ9PB" duration="00:00:00.0000180" startTime="2022-06-13T21:13:29.8135598+02:00" endTime="2022-06-13T21:13:29.8135778+02:00" testType="13cdc9d9-ddb5-4fa4-a97d-d965ccfc6d4b" outcome="Passed" testListId="8c84fa94-04c1-424b-9868-57a2d4851a1d" relativeResultsDirectory="e93f2108-c051-4daa-a3b8-7c637425f146" />
    <UnitTestResult executionId="4ce777db-d14d-47a8-8757-fe53af3a8db2" testId="a488094a-b6b5-d178-8919-9dcf3be59209" testName="FormatToStringTest1000(4857.211933034105d,&quot;4857.21 zł&quot;)" computerName="DESKTOP-5URQ9PB" duration="00:00:00.0000190" startTime="2022-06-13T21:13:29.8334568+02:00" endTime="2022-06-13T21:13:29.8334751+02:00" testType="13cdc9d9-ddb5-4fa4-a97d-d965ccfc6d4b" outcome="Passed" testListId="8c84fa94-04c1-424b-9868-57a2d4851a1d" relativeResultsDirectory="4ce777db-d14d-47a8-8757-fe53af3a8db2" />
    <UnitTestResult executionId="d04381ab-c276-4b3b-89ea-7e4afba34118" testId="40488d75-026c-550a-6026-e97b07265e5b" testName="FormatToStringTest1000(8802.811382028653d,&quot;8802.81 zł&quot;)" computerName="DESKTOP-5URQ9PB" duration="00:00:00.0000190" startTime="2022-06-13T21:13:29.8128181+02:00" endTime="2022-06-13T21:13:29.8128367+02:00" testType="13cdc9d9-ddb5-4fa4-a97d-d965ccfc6d4b" outcome="Passed" testListId="8c84fa94-04c1-424b-9868-57a2d4851a1d" relativeResultsDirectory="d04381ab-c276-4b3b-89ea-7e4afba34118" />
    <UnitTestResult executionId="5b479968-3ba1-427c-988a-c6d4967f6c15" testId="615860d1-0b9e-6fa5-7fc7-61ac89388548" testName="FormatToStringTest1000(73477.18206926118d,&quot;73477.18 zł&quot;)" computerName="DESKTOP-5URQ9PB" duration="00:00:00.0000290" startTime="2022-06-13T21:13:29.8183220+02:00" endTime="2022-06-13T21:13:29.8183509+02:00" testType="13cdc9d9-ddb5-4fa4-a97d-d965ccfc6d4b" outcome="Passed" testListId="8c84fa94-04c1-424b-9868-57a2d4851a1d" relativeResultsDirectory="5b479968-3ba1-427c-988a-c6d4967f6c15" />
    <UnitTestResult executionId="b1747a8d-4f49-4f1a-be91-0ea2edd92ba3" testId="ba5b40c3-7100-1940-87d5-9af986ffebd2" testName="FormatToStringTest1000(9196.579612724754d,&quot;9196.58 zł&quot;)" computerName="DESKTOP-5URQ9PB" duration="00:00:00.0000180" startTime="2022-06-13T21:13:29.8225924+02:00" endTime="2022-06-13T21:13:29.8226108+02:00" testType="13cdc9d9-ddb5-4fa4-a97d-d965ccfc6d4b" outcome="Passed" testListId="8c84fa94-04c1-424b-9868-57a2d4851a1d" relativeResultsDirectory="b1747a8d-4f49-4f1a-be91-0ea2edd92ba3" />
    <UnitTestResult executionId="09249028-2403-494e-87f2-0c408597c2ab" testId="94072497-fa43-aca0-8f05-792ac28d0627" testName="FormatToStringTest1000(76536.95853396178d,&quot;76536.96 zł&quot;)" computerName="DESKTOP-5URQ9PB" duration="00:00:00.0000190" startTime="2022-06-13T21:13:29.8223632+02:00" endTime="2022-06-13T21:13:29.8223819+02:00" testType="13cdc9d9-ddb5-4fa4-a97d-d965ccfc6d4b" outcome="Passed" testListId="8c84fa94-04c1-424b-9868-57a2d4851a1d" relativeResultsDirectory="09249028-2403-494e-87f2-0c408597c2ab" />
    <UnitTestResult executionId="a78badb0-d264-4828-ac76-d6f704b39f70" testId="d8dcd89f-df1d-9e50-f8f8-844883603fea" testName="FormatToStringTest1000(3649.9254912836127d,&quot;3649.93 zł&quot;)" computerName="DESKTOP-5URQ9PB" duration="00:00:00.0000190" startTime="2022-06-13T21:13:29.8336587+02:00" endTime="2022-06-13T21:13:29.8336774+02:00" testType="13cdc9d9-ddb5-4fa4-a97d-d965ccfc6d4b" outcome="Passed" testListId="8c84fa94-04c1-424b-9868-57a2d4851a1d" relativeResultsDirectory="a78badb0-d264-4828-ac76-d6f704b39f70" />
    <UnitTestResult executionId="54b3fe53-5e2d-47d1-8eaf-1dd3e7aa81a2" testId="910d4b99-463d-e8f2-2603-a8f7093fc7cf" testName="FormatToStringTest1000(4592.278577496428d,&quot;4592.28 zł&quot;)" computerName="DESKTOP-5URQ9PB" duration="00:00:00.0000190" startTime="2022-06-13T21:13:29.8278475+02:00" endTime="2022-06-13T21:13:29.8278663+02:00" testType="13cdc9d9-ddb5-4fa4-a97d-d965ccfc6d4b" outcome="Passed" testListId="8c84fa94-04c1-424b-9868-57a2d4851a1d" relativeResultsDirectory="54b3fe53-5e2d-47d1-8eaf-1dd3e7aa81a2" />
    <UnitTestResult executionId="2e0b6648-eca5-4a82-a2f0-7a08c1799f9f" testId="7a151ddf-b76f-a627-8d14-57dc244734db" testName="FormatToStringTest1000(17798.633951516185d,&quot;17798.63 zł&quot;)" computerName="DESKTOP-5URQ9PB" duration="00:00:00.0000200" startTime="2022-06-13T21:13:29.8216388+02:00" endTime="2022-06-13T21:13:29.8216584+02:00" testType="13cdc9d9-ddb5-4fa4-a97d-d965ccfc6d4b" outcome="Passed" testListId="8c84fa94-04c1-424b-9868-57a2d4851a1d" relativeResultsDirectory="2e0b6648-eca5-4a82-a2f0-7a08c1799f9f" />
    <UnitTestResult executionId="6b89fd99-4d33-4dd6-891a-ace956ce2765" testId="7e773498-17b4-9b46-23f5-2783933d2759" testName="FormatToStringTest1000(37889.10086727193d,&quot;37889.10 zł&quot;)" computerName="DESKTOP-5URQ9PB" duration="00:00:00.0000190" startTime="2022-06-13T21:13:29.8098149+02:00" endTime="2022-06-13T21:13:29.8098333+02:00" testType="13cdc9d9-ddb5-4fa4-a97d-d965ccfc6d4b" outcome="Passed" testListId="8c84fa94-04c1-424b-9868-57a2d4851a1d" relativeResultsDirectory="6b89fd99-4d33-4dd6-891a-ace956ce2765" />
    <UnitTestResult executionId="5564cd0c-d395-4f72-802a-929b18863c95" testId="a01314ec-fbb5-964d-0d33-e4eebe884133" testName="FormatToStringTest1000(20640.678251201603d,&quot;20640.68 zł&quot;)" computerName="DESKTOP-5URQ9PB" duration="00:00:00.0000190" startTime="2022-06-13T21:13:29.8215889+02:00" endTime="2022-06-13T21:13:29.8216076+02:00" testType="13cdc9d9-ddb5-4fa4-a97d-d965ccfc6d4b" outcome="Passed" testListId="8c84fa94-04c1-424b-9868-57a2d4851a1d" relativeResultsDirectory="5564cd0c-d395-4f72-802a-929b18863c95" />
    <UnitTestResult executionId="8a5b25c5-0c86-46eb-8353-89fb54260dbf" testId="acc05f4a-9abc-39e3-e875-400f69bcea41" testName="FormatToStringTest1000(88584.97010041306d,&quot;88584.97 zł&quot;)" computerName="DESKTOP-5URQ9PB" duration="00:00:00.0000260" startTime="2022-06-13T21:13:29.8180280+02:00" endTime="2022-06-13T21:13:29.8180534+02:00" testType="13cdc9d9-ddb5-4fa4-a97d-d965ccfc6d4b" outcome="Passed" testListId="8c84fa94-04c1-424b-9868-57a2d4851a1d" relativeResultsDirectory="8a5b25c5-0c86-46eb-8353-89fb54260dbf" />
    <UnitTestResult executionId="37d5d5f6-1a02-47e5-a377-990c98604e58" testId="1d1eb73d-8b0c-7513-b3af-aa35ad258fdb" testName="FormatToStringTest1000(26686.08488193065d,&quot;26686.08 zł&quot;)" computerName="DESKTOP-5URQ9PB" duration="00:00:00.0000190" startTime="2022-06-13T21:13:29.8231086+02:00" endTime="2022-06-13T21:13:29.8231274+02:00" testType="13cdc9d9-ddb5-4fa4-a97d-d965ccfc6d4b" outcome="Passed" testListId="8c84fa94-04c1-424b-9868-57a2d4851a1d" relativeResultsDirectory="37d5d5f6-1a02-47e5-a377-990c98604e58" />
    <UnitTestResult executionId="01f2ffce-2740-4aba-971f-188c5e383c2c" testId="0f966d17-36c6-657f-5b98-8b83226f1489" testName="FormatToStringTest1000(17875.613377604455d,&quot;17875.61 zł&quot;)" computerName="DESKTOP-5URQ9PB" duration="00:00:00.0000180" startTime="2022-06-13T21:13:29.8118544+02:00" endTime="2022-06-13T21:13:29.8118721+02:00" testType="13cdc9d9-ddb5-4fa4-a97d-d965ccfc6d4b" outcome="Passed" testListId="8c84fa94-04c1-424b-9868-57a2d4851a1d" relativeResultsDirectory="01f2ffce-2740-4aba-971f-188c5e383c2c" />
    <UnitTestResult executionId="64365665-6164-4550-b1a1-f6f36612ca71" testId="fb1c3a36-60dc-8fcd-b623-36588091afcb" testName="FormatToStringTest1000(25039.088753207627d,&quot;25039.09 zł&quot;)" computerName="DESKTOP-5URQ9PB" duration="00:00:00.0000180" startTime="2022-06-13T21:13:29.8230839+02:00" endTime="2022-06-13T21:13:29.8231022+02:00" testType="13cdc9d9-ddb5-4fa4-a97d-d965ccfc6d4b" outcome="Passed" testListId="8c84fa94-04c1-424b-9868-57a2d4851a1d" relativeResultsDirectory="64365665-6164-4550-b1a1-f6f36612ca71" />
    <UnitTestResult executionId="89cbcfb3-b814-4e11-b555-8101c5e17d7a" testId="5e7725a9-9983-9545-b4e7-12fe284e2a95" testName="FormatToStringTest1000(89093.57120939044d,&quot;89093.57 zł&quot;)" computerName="DESKTOP-5URQ9PB" duration="00:00:00.0000180" startTime="2022-06-13T21:13:29.8283678+02:00" endTime="2022-06-13T21:13:29.8283860+02:00" testType="13cdc9d9-ddb5-4fa4-a97d-d965ccfc6d4b" outcome="Passed" testListId="8c84fa94-04c1-424b-9868-57a2d4851a1d" relativeResultsDirectory="89cbcfb3-b814-4e11-b555-8101c5e17d7a" />
    <UnitTestResult executionId="a581f80c-7640-4f93-b10d-ee8854648f57" testId="e6b1d0c3-adf4-f12b-3a3a-a088a5d2227c" testName="FormatToStringTest1000(5749.124990274722d,&quot;5749.12 zł&quot;)" computerName="DESKTOP-5URQ9PB" duration="00:00:00.0000190" startTime="2022-06-13T21:13:29.8289681+02:00" endTime="2022-06-13T21:13:29.8289872+02:00" testType="13cdc9d9-ddb5-4fa4-a97d-d965ccfc6d4b" outcome="Passed" testListId="8c84fa94-04c1-424b-9868-57a2d4851a1d" relativeResultsDirectory="a581f80c-7640-4f93-b10d-ee8854648f57" />
    <UnitTestResult executionId="c0f37009-57d3-40d4-97e6-770deaa7cf9a" testId="6b324d3b-5796-c056-8636-0eb49b18ead5" testName="FormatToStringTest1000(8542.520616738833d,&quot;8542.52 zł&quot;)" computerName="DESKTOP-5URQ9PB" duration="00:00:00.0000290" startTime="2022-06-13T21:13:29.8271766+02:00" endTime="2022-06-13T21:13:29.8272051+02:00" testType="13cdc9d9-ddb5-4fa4-a97d-d965ccfc6d4b" outcome="Passed" testListId="8c84fa94-04c1-424b-9868-57a2d4851a1d" relativeResultsDirectory="c0f37009-57d3-40d4-97e6-770deaa7cf9a" />
    <UnitTestResult executionId="8ef204fb-a7ff-4a92-9c47-901d483d29c6" testId="bf1576c7-03bd-feeb-bbbd-0a36863eaddc" testName="FormatToStringTest1000(28502.61128259758d,&quot;28502.61 zł&quot;)" computerName="DESKTOP-5URQ9PB" duration="00:00:00.0000190" startTime="2022-06-13T21:13:29.8085341+02:00" endTime="2022-06-13T21:13:29.8085528+02:00" testType="13cdc9d9-ddb5-4fa4-a97d-d965ccfc6d4b" outcome="Passed" testListId="8c84fa94-04c1-424b-9868-57a2d4851a1d" relativeResultsDirectory="8ef204fb-a7ff-4a92-9c47-901d483d29c6" />
    <UnitTestResult executionId="ecea6ffb-3a17-40af-891c-5abc13469038" testId="0cd42206-2d45-5b61-2055-2525f417141b" testName="FormatToStringTest1000(23282.56178903047d,&quot;23282.56 zł&quot;)" computerName="DESKTOP-5URQ9PB" duration="00:00:00.0000180" startTime="2022-06-13T21:13:29.8130682+02:00" endTime="2022-06-13T21:13:29.8130861+02:00" testType="13cdc9d9-ddb5-4fa4-a97d-d965ccfc6d4b" outcome="Passed" testListId="8c84fa94-04c1-424b-9868-57a2d4851a1d" relativeResultsDirectory="ecea6ffb-3a17-40af-891c-5abc13469038" />
    <UnitTestResult executionId="33238b48-675b-40d1-baab-9dba3981e4fd" testId="004cf38c-62a9-5d39-4e66-385c7c495389" testName="FormatToStringTest1000(20068.867046961965d,&quot;20068.87 zł&quot;)" computerName="DESKTOP-5URQ9PB" duration="00:00:00.0000200" startTime="2022-06-13T21:13:29.8255082+02:00" endTime="2022-06-13T21:13:29.8255279+02:00" testType="13cdc9d9-ddb5-4fa4-a97d-d965ccfc6d4b" outcome="Passed" testListId="8c84fa94-04c1-424b-9868-57a2d4851a1d" relativeResultsDirectory="33238b48-675b-40d1-baab-9dba3981e4fd" />
    <UnitTestResult executionId="57ddbf5c-5a46-4af5-a0e0-023242d4e811" testId="21bcc043-da28-367a-c1fb-9490833f1b89" testName="FormatToStringTest1000(13855.30239352505d,&quot;13855.30 zł&quot;)" computerName="DESKTOP-5URQ9PB" duration="00:00:00.0000190" startTime="2022-06-13T21:13:29.8132170+02:00" endTime="2022-06-13T21:13:29.8132362+02:00" testType="13cdc9d9-ddb5-4fa4-a97d-d965ccfc6d4b" outcome="Passed" testListId="8c84fa94-04c1-424b-9868-57a2d4851a1d" relativeResultsDirectory="57ddbf5c-5a46-4af5-a0e0-023242d4e811" />
    <UnitTestResult executionId="6bff7f63-423c-431c-82b4-13ed0dd1f15d" testId="a6da1f0c-9d53-8f1b-60d6-c520ee89e7a7" testName="FormatToStringTest1000(9603.199987620208d,&quot;9603.20 zł&quot;)" computerName="DESKTOP-5URQ9PB" duration="00:00:00.0000190" startTime="2022-06-13T21:13:29.8335570+02:00" endTime="2022-06-13T21:13:29.8335759+02:00" testType="13cdc9d9-ddb5-4fa4-a97d-d965ccfc6d4b" outcome="Passed" testListId="8c84fa94-04c1-424b-9868-57a2d4851a1d" relativeResultsDirectory="6bff7f63-423c-431c-82b4-13ed0dd1f15d" />
    <UnitTestResult executionId="290ea1b0-ab64-44cd-8966-0bee971648c0" testId="e4cccfe6-fb6d-a0d6-3337-e528b068adae" testName="FormatToStringTest1000(918.1842976688334d,&quot;918.18 zł&quot;)" computerName="DESKTOP-5URQ9PB" duration="00:00:00.0000190" startTime="2022-06-13T21:13:29.8086568+02:00" endTime="2022-06-13T21:13:29.8086755+02:00" testType="13cdc9d9-ddb5-4fa4-a97d-d965ccfc6d4b" outcome="Passed" testListId="8c84fa94-04c1-424b-9868-57a2d4851a1d" relativeResultsDirectory="290ea1b0-ab64-44cd-8966-0bee971648c0" />
    <UnitTestResult executionId="8361c66e-dd2a-4a7e-8f6e-7edbf06b9e7c" testId="8d4b1df1-395e-a801-f732-9563464d225f" testName="FormatToStringTest1000(70581.91150977784d,&quot;70581.91 zł&quot;)" computerName="DESKTOP-5URQ9PB" duration="00:00:00.0000190" startTime="2022-06-13T21:13:29.8228718+02:00" endTime="2022-06-13T21:13:29.8228901+02:00" testType="13cdc9d9-ddb5-4fa4-a97d-d965ccfc6d4b" outcome="Passed" testListId="8c84fa94-04c1-424b-9868-57a2d4851a1d" relativeResultsDirectory="8361c66e-dd2a-4a7e-8f6e-7edbf06b9e7c" />
    <UnitTestResult executionId="6152a544-1fb1-4a21-ae56-2d9bcf902fe7" testId="46c08f6b-08d4-7992-5df4-ed97e4b42fc1" testName="FormatToStringTest1000(78822.37212685234d,&quot;78822.37 zł&quot;)" computerName="DESKTOP-5URQ9PB" duration="00:00:00.0000180" startTime="2022-06-13T21:13:29.8086818+02:00" endTime="2022-06-13T21:13:29.8086995+02:00" testType="13cdc9d9-ddb5-4fa4-a97d-d965ccfc6d4b" outcome="Passed" testListId="8c84fa94-04c1-424b-9868-57a2d4851a1d" relativeResultsDirectory="6152a544-1fb1-4a21-ae56-2d9bcf902fe7" />
    <UnitTestResult executionId="4c928956-a507-4186-a883-d2aebcedf952" testId="0edcab43-1e4a-6ea7-7c7b-b02803f7c8b9" testName="FormatToStringTest1000(7124.979180760672d,&quot;7124.98 zł&quot;)" computerName="DESKTOP-5URQ9PB" duration="00:00:00.0000220" startTime="2022-06-13T21:13:29.8078049+02:00" endTime="2022-06-13T21:13:29.8078264+02:00" testType="13cdc9d9-ddb5-4fa4-a97d-d965ccfc6d4b" outcome="Passed" testListId="8c84fa94-04c1-424b-9868-57a2d4851a1d" relativeResultsDirectory="4c928956-a507-4186-a883-d2aebcedf952" />
    <UnitTestResult executionId="561c3251-54a6-46ac-b5b5-d24ddd7feb77" testId="ecefef35-6686-837e-5061-bcb9badf51b3" testName="FormatToStringTest1000(20344.185360967265d,&quot;20344.19 zł&quot;)" computerName="DESKTOP-5URQ9PB" duration="00:00:00.0000190" startTime="2022-06-13T21:13:29.8277447+02:00" endTime="2022-06-13T21:13:29.8277635+02:00" testType="13cdc9d9-ddb5-4fa4-a97d-d965ccfc6d4b" outcome="Passed" testListId="8c84fa94-04c1-424b-9868-57a2d4851a1d" relativeResultsDirectory="561c3251-54a6-46ac-b5b5-d24ddd7feb77" />
    <UnitTestResult executionId="0cf7dc59-377b-4da1-b423-676fa9df4b8b" testId="b1d26b6f-e2ab-c7af-55d4-4d9f04f43eca" testName="FormatToStringTest1000(49416.285282306504d,&quot;49416.29 zł&quot;)" computerName="DESKTOP-5URQ9PB" duration="00:00:00.0000190" startTime="2022-06-13T21:13:29.8299464+02:00" endTime="2022-06-13T21:13:29.8299651+02:00" testType="13cdc9d9-ddb5-4fa4-a97d-d965ccfc6d4b" outcome="Passed" testListId="8c84fa94-04c1-424b-9868-57a2d4851a1d" relativeResultsDirectory="0cf7dc59-377b-4da1-b423-676fa9df4b8b" />
    <UnitTestResult executionId="8358f92a-7ee0-4b94-8a55-24a49e13bad9" testId="3c248867-d354-cc7e-803e-cd6ef02be22e" testName="FormatToStringTest1000(55303.17220895699d,&quot;55303.17 zł&quot;)" computerName="DESKTOP-5URQ9PB" duration="00:00:00.0000430" startTime="2022-06-13T21:13:29.8109256+02:00" endTime="2022-06-13T21:13:29.8109686+02:00" testType="13cdc9d9-ddb5-4fa4-a97d-d965ccfc6d4b" outcome="Passed" testListId="8c84fa94-04c1-424b-9868-57a2d4851a1d" relativeResultsDirectory="8358f92a-7ee0-4b94-8a55-24a49e13bad9" />
    <UnitTestResult executionId="52b90488-1d5d-4449-a2aa-07e6779e1b36" testId="7496f6c0-e383-6fbb-5d3f-fa615fc5ab22" testName="FormatToStringTest1000(19435.417227184127d,&quot;19435.42 zł&quot;)" computerName="DESKTOP-5URQ9PB" duration="00:00:00.0000320" startTime="2022-06-13T21:13:29.8209193+02:00" endTime="2022-06-13T21:13:29.8209514+02:00" testType="13cdc9d9-ddb5-4fa4-a97d-d965ccfc6d4b" outcome="Passed" testListId="8c84fa94-04c1-424b-9868-57a2d4851a1d" relativeResultsDirectory="52b90488-1d5d-4449-a2aa-07e6779e1b36" />
    <UnitTestResult executionId="7b45b429-8158-4026-8df7-0e45a3be6ea9" testId="4e59f6e9-d495-6f3f-64b9-ac28a5eaac72" testName="FormatToStringTest1000(8242.419043611d,&quot;8242.42 zł&quot;)" computerName="DESKTOP-5URQ9PB" duration="00:00:00.0000190" startTime="2022-06-13T21:13:29.8292513+02:00" endTime="2022-06-13T21:13:29.8292702+02:00" testType="13cdc9d9-ddb5-4fa4-a97d-d965ccfc6d4b" outcome="Passed" testListId="8c84fa94-04c1-424b-9868-57a2d4851a1d" relativeResultsDirectory="7b45b429-8158-4026-8df7-0e45a3be6ea9" />
    <UnitTestResult executionId="04fa83bb-2e9a-4ae2-8a58-25e7a7dec43d" testId="b972bb3a-6c4e-4339-3ada-7c478c5f6ecf" testName="FormatToStringTest1000(11157.981051815665d,&quot;11157.98 zł&quot;)" computerName="DESKTOP-5URQ9PB" duration="00:00:00.0000280" startTime="2022-06-13T21:13:29.8179549+02:00" endTime="2022-06-13T21:13:29.8179829+02:00" testType="13cdc9d9-ddb5-4fa4-a97d-d965ccfc6d4b" outcome="Passed" testListId="8c84fa94-04c1-424b-9868-57a2d4851a1d" relativeResultsDirectory="04fa83bb-2e9a-4ae2-8a58-25e7a7dec43d" />
    <UnitTestResult executionId="09b47b36-7177-4e39-895f-0a07bf0c6e7e" testId="d70b3095-42f0-132e-cf11-a2a412d875fc" testName="FormatToStringTest1000(37614.50159416278d,&quot;37614.50 zł&quot;)" computerName="DESKTOP-5URQ9PB" duration="00:00:00.0000220" startTime="2022-06-13T21:13:29.8329203+02:00" endTime="2022-06-13T21:13:29.8329425+02:00" testType="13cdc9d9-ddb5-4fa4-a97d-d965ccfc6d4b" outcome="Passed" testListId="8c84fa94-04c1-424b-9868-57a2d4851a1d" relativeResultsDirectory="09b47b36-7177-4e39-895f-0a07bf0c6e7e" />
    <UnitTestResult executionId="67f877bc-692b-44a6-b870-7a0d7c5b09d5" testId="78845691-c87f-d12e-20f9-3035745796be" testName="FormatToStringTest1000(21221.884746198488d,&quot;21221.88 zł&quot;)" computerName="DESKTOP-5URQ9PB" duration="00:00:00.0000180" startTime="2022-06-13T21:13:29.8252570+02:00" endTime="2022-06-13T21:13:29.8252751+02:00" testType="13cdc9d9-ddb5-4fa4-a97d-d965ccfc6d4b" outcome="Passed" testListId="8c84fa94-04c1-424b-9868-57a2d4851a1d" relativeResultsDirectory="67f877bc-692b-44a6-b870-7a0d7c5b09d5" />
    <UnitTestResult executionId="4a6c4309-171b-423b-bf14-63b300ad8489" testId="2cb249c3-2f01-c9f4-7658-4d0e9af8d192" testName="FormatToStringTest1000(972.1468308629221d,&quot;972.15 zł&quot;)" computerName="DESKTOP-5URQ9PB" duration="00:00:00.0000190" startTime="2022-06-13T21:13:29.8237611+02:00" endTime="2022-06-13T21:13:29.8237802+02:00" testType="13cdc9d9-ddb5-4fa4-a97d-d965ccfc6d4b" outcome="Passed" testListId="8c84fa94-04c1-424b-9868-57a2d4851a1d" relativeResultsDirectory="4a6c4309-171b-423b-bf14-63b300ad8489" />
    <UnitTestResult executionId="29c8fb77-e9d7-47b9-a92c-89c63d6ebf83" testId="bed158c1-cdea-cb2e-72de-fac3c7fdb2c8" testName="FormatToStringTest1000(14867.726341984107d,&quot;14867.73 zł&quot;)" computerName="DESKTOP-5URQ9PB" duration="00:00:00.0000190" startTime="2022-06-13T21:13:29.8240540+02:00" endTime="2022-06-13T21:13:29.8240726+02:00" testType="13cdc9d9-ddb5-4fa4-a97d-d965ccfc6d4b" outcome="Passed" testListId="8c84fa94-04c1-424b-9868-57a2d4851a1d" relativeResultsDirectory="29c8fb77-e9d7-47b9-a92c-89c63d6ebf83" />
    <UnitTestResult executionId="392e39e0-760e-4ad1-b417-4cfdcb240ec4" testId="4860ad68-0544-30ce-66fd-690992dae18e" testName="FormatToStringTest1000(49256.65708813195d,&quot;49256.66 zł&quot;)" computerName="DESKTOP-5URQ9PB" duration="00:00:00.0000190" startTime="2022-06-13T21:13:29.8260177+02:00" endTime="2022-06-13T21:13:29.8260365+02:00" testType="13cdc9d9-ddb5-4fa4-a97d-d965ccfc6d4b" outcome="Passed" testListId="8c84fa94-04c1-424b-9868-57a2d4851a1d" relativeResultsDirectory="392e39e0-760e-4ad1-b417-4cfdcb240ec4" />
    <UnitTestResult executionId="ea67f774-0ee1-4a74-9e94-62ccad8a0737" testId="f06d92cb-e236-f7f9-e645-0971359a129a" testName="FormatToStringTest1000(22678.643495744862d,&quot;22678.64 zł&quot;)" computerName="DESKTOP-5URQ9PB" duration="00:00:00.0000190" startTime="2022-06-13T21:13:29.8265001+02:00" endTime="2022-06-13T21:13:29.8265192+02:00" testType="13cdc9d9-ddb5-4fa4-a97d-d965ccfc6d4b" outcome="Passed" testListId="8c84fa94-04c1-424b-9868-57a2d4851a1d" relativeResultsDirectory="ea67f774-0ee1-4a74-9e94-62ccad8a0737" />
    <UnitTestResult executionId="c55f5c75-e793-469b-97a2-c133c296edf4" testId="5e0fc3f1-0f67-2b00-c924-a966afea65df" testName="FormatToStringTest1000(16416.109736457518d,&quot;16416.11 zł&quot;)" computerName="DESKTOP-5URQ9PB" duration="00:00:00.0000200" startTime="2022-06-13T21:13:29.8225661+02:00" endTime="2022-06-13T21:13:29.8225857+02:00" testType="13cdc9d9-ddb5-4fa4-a97d-d965ccfc6d4b" outcome="Passed" testListId="8c84fa94-04c1-424b-9868-57a2d4851a1d" relativeResultsDirectory="c55f5c75-e793-469b-97a2-c133c296edf4" />
    <UnitTestResult executionId="2f67806f-1e0f-4aba-bb11-8f1280bd3ae5" testId="57f59a31-3f22-a5b8-69d7-45e7719f3ea1" testName="FormatToStringTest1000(7191.024921368353d,&quot;7191.02 zł&quot;)" computerName="DESKTOP-5URQ9PB" duration="00:00:00.0000290" startTime="2022-06-13T21:13:29.8270977+02:00" endTime="2022-06-13T21:13:29.8271258+02:00" testType="13cdc9d9-ddb5-4fa4-a97d-d965ccfc6d4b" outcome="Passed" testListId="8c84fa94-04c1-424b-9868-57a2d4851a1d" relativeResultsDirectory="2f67806f-1e0f-4aba-bb11-8f1280bd3ae5" />
    <UnitTestResult executionId="6939f08c-6c15-4cb0-a8f9-ed4f3954788c" testId="3a61649c-91c3-4f1a-8a11-3480d7ff1651" testName="FormatToStringTest1000(4636.500544966897d,&quot;4636.50 zł&quot;)" computerName="DESKTOP-5URQ9PB" duration="00:00:00.0000190" startTime="2022-06-13T21:13:29.8265755+02:00" endTime="2022-06-13T21:13:29.8265947+02:00" testType="13cdc9d9-ddb5-4fa4-a97d-d965ccfc6d4b" outcome="Passed" testListId="8c84fa94-04c1-424b-9868-57a2d4851a1d" relativeResultsDirectory="6939f08c-6c15-4cb0-a8f9-ed4f3954788c" />
    <UnitTestResult executionId="1d31d8cb-8712-4cbb-8d6a-a31cac290f2b" testId="64432d28-23cd-4cf2-4daf-935cfc9905b7" testName="FormatToStringTest1000(21728.91641959963d,&quot;21728.92 zł&quot;)" computerName="DESKTOP-5URQ9PB" duration="00:00:00.0024790" startTime="2022-06-13T21:13:29.8342967+02:00" endTime="2022-06-13T21:13:29.8367732+02:00" testType="13cdc9d9-ddb5-4fa4-a97d-d965ccfc6d4b" outcome="Passed" testListId="8c84fa94-04c1-424b-9868-57a2d4851a1d" relativeResultsDirectory="1d31d8cb-8712-4cbb-8d6a-a31cac290f2b" />
    <UnitTestResult executionId="967e1e1e-f0c6-4a46-aa6d-50a7531069f9" testId="9302047d-d400-9bf9-4ba4-2e05b31dc9ec" testName="FormatToStringTest1000(18424.864078561244d,&quot;18424.86 zł&quot;)" computerName="DESKTOP-5URQ9PB" duration="00:00:00.0000180" startTime="2022-06-13T21:13:29.8137797+02:00" endTime="2022-06-13T21:13:29.8137976+02:00" testType="13cdc9d9-ddb5-4fa4-a97d-d965ccfc6d4b" outcome="Passed" testListId="8c84fa94-04c1-424b-9868-57a2d4851a1d" relativeResultsDirectory="967e1e1e-f0c6-4a46-aa6d-50a7531069f9" />
    <UnitTestResult executionId="9a6983fe-a44d-4d16-9247-8ccaed8536eb" testId="daebc394-ed43-a172-b3fd-00de92d9d60e" testName="FormatToStringTest1000(3521.3657738167635d,&quot;3521.37 zł&quot;)" computerName="DESKTOP-5URQ9PB" duration="00:00:00.0000180" startTime="2022-06-13T21:13:29.8088529+02:00" endTime="2022-06-13T21:13:29.8088711+02:00" testType="13cdc9d9-ddb5-4fa4-a97d-d965ccfc6d4b" outcome="Passed" testListId="8c84fa94-04c1-424b-9868-57a2d4851a1d" relativeResultsDirectory="9a6983fe-a44d-4d16-9247-8ccaed8536eb" />
    <UnitTestResult executionId="3730d84f-ea89-42b2-8121-276a028f8fa6" testId="e616a89e-e9f6-0465-592f-c052811c9fe2" testName="FormatToStringTest1000(70432.00656616595d,&quot;70432.01 zł&quot;)" computerName="DESKTOP-5URQ9PB" duration="00:00:00.0000190" startTime="2022-06-13T21:13:29.8307324+02:00" endTime="2022-06-13T21:13:29.8307510+02:00" testType="13cdc9d9-ddb5-4fa4-a97d-d965ccfc6d4b" outcome="Passed" testListId="8c84fa94-04c1-424b-9868-57a2d4851a1d" relativeResultsDirectory="3730d84f-ea89-42b2-8121-276a028f8fa6" />
    <UnitTestResult executionId="70a37548-47fd-4055-8a32-27bf270b2344" testId="c7f52afa-564d-8d59-88a3-ea1bc3790407" testName="FormatToStringTest1000(16383.352881839199d,&quot;16383.35 zł&quot;)" computerName="DESKTOP-5URQ9PB" duration="00:00:00.0000180" startTime="2022-06-13T21:13:29.8087547+02:00" endTime="2022-06-13T21:13:29.8087723+02:00" testType="13cdc9d9-ddb5-4fa4-a97d-d965ccfc6d4b" outcome="Passed" testListId="8c84fa94-04c1-424b-9868-57a2d4851a1d" relativeResultsDirectory="70a37548-47fd-4055-8a32-27bf270b2344" />
    <UnitTestResult executionId="40c7597e-5221-4df8-a021-99548092a73a" testId="39c7a244-b75e-9f86-9d15-adfafecd21ca" testName="FormatToStringTest1000(5548.360986085777d,&quot;5548.36 zł&quot;)" computerName="DESKTOP-5URQ9PB" duration="00:00:00.0000190" startTime="2022-06-13T21:13:29.8243124+02:00" endTime="2022-06-13T21:13:29.8243312+02:00" testType="13cdc9d9-ddb5-4fa4-a97d-d965ccfc6d4b" outcome="Passed" testListId="8c84fa94-04c1-424b-9868-57a2d4851a1d" relativeResultsDirectory="40c7597e-5221-4df8-a021-99548092a73a" />
    <UnitTestResult executionId="c0842897-d8f8-4515-8b44-009fd203f9f5" testId="71fdf905-97fb-1d5b-9602-e52da179cf3f" testName="FormatToStringTest1000(6915.421130504656d,&quot;6915.42 zł&quot;)" computerName="DESKTOP-5URQ9PB" duration="00:00:00.0000190" startTime="2022-06-13T21:13:29.8213598+02:00" endTime="2022-06-13T21:13:29.8213786+02:00" testType="13cdc9d9-ddb5-4fa4-a97d-d965ccfc6d4b" outcome="Passed" testListId="8c84fa94-04c1-424b-9868-57a2d4851a1d" relativeResultsDirectory="c0842897-d8f8-4515-8b44-009fd203f9f5" />
    <UnitTestResult executionId="fa9722fa-8179-4678-aa50-5e70155fed97" testId="a72152f5-7a61-c574-c2ee-c9a3ca6ccab7" testName="FormatToStringTest1000(22831.975917587977d,&quot;22831.98 zł&quot;)" computerName="DESKTOP-5URQ9PB" duration="00:00:00.0000220" startTime="2022-06-13T21:13:29.8219289+02:00" endTime="2022-06-13T21:13:29.8219506+02:00" testType="13cdc9d9-ddb5-4fa4-a97d-d965ccfc6d4b" outcome="Passed" testListId="8c84fa94-04c1-424b-9868-57a2d4851a1d" relativeResultsDirectory="fa9722fa-8179-4678-aa50-5e70155fed97" />
    <UnitTestResult executionId="2afa5946-fdc4-40ea-b2cd-bf3fd0dbcf96" testId="4dcd9f65-678f-d51c-9e07-bf80dcaf54a4" testName="FormatToStringTest1000(5591.2222540617095d,&quot;5591.22 zł&quot;)" computerName="DESKTOP-5URQ9PB" duration="00:00:00.0000190" startTime="2022-06-13T21:13:29.8221594+02:00" endTime="2022-06-13T21:13:29.8221778+02:00" testType="13cdc9d9-ddb5-4fa4-a97d-d965ccfc6d4b" outcome="Passed" testListId="8c84fa94-04c1-424b-9868-57a2d4851a1d" relativeResultsDirectory="2afa5946-fdc4-40ea-b2cd-bf3fd0dbcf96" />
    <UnitTestResult executionId="d4634861-f3c9-4f76-8722-0d72d36aad4b" testId="4b66c56d-0547-dbc0-4364-ccf548a1bb40" testName="FormatToStringTest1000(22281.48592587257d,&quot;22281.49 zł&quot;)" computerName="DESKTOP-5URQ9PB" duration="00:00:00.0000180" startTime="2022-06-13T21:13:29.8145248+02:00" endTime="2022-06-13T21:13:29.8145430+02:00" testType="13cdc9d9-ddb5-4fa4-a97d-d965ccfc6d4b" outcome="Passed" testListId="8c84fa94-04c1-424b-9868-57a2d4851a1d" relativeResultsDirectory="d4634861-f3c9-4f76-8722-0d72d36aad4b" />
    <UnitTestResult executionId="611c47e5-041b-45af-90b0-f797e89d074c" testId="4936d87a-883b-6212-fe10-ba7602a69db8" testName="FormatToStringTest1000(26885.71162707904d,&quot;26885.71 zł&quot;)" computerName="DESKTOP-5URQ9PB" duration="00:00:00.0000190" startTime="2022-06-13T21:13:29.8099166+02:00" endTime="2022-06-13T21:13:29.8099358+02:00" testType="13cdc9d9-ddb5-4fa4-a97d-d965ccfc6d4b" outcome="Passed" testListId="8c84fa94-04c1-424b-9868-57a2d4851a1d" relativeResultsDirectory="611c47e5-041b-45af-90b0-f797e89d074c" />
    <UnitTestResult executionId="174cfc3c-2781-40cd-84c0-4fc95e756a0b" testId="30b3b577-2061-3db5-edc3-bfd98a1a499f" testName="FormatToStringTest1000(5978.1197194131655d,&quot;5978.12 zł&quot;)" computerName="DESKTOP-5URQ9PB" duration="00:00:00.0000180" startTime="2022-06-13T21:13:29.8328398+02:00" endTime="2022-06-13T21:13:29.8328579+02:00" testType="13cdc9d9-ddb5-4fa4-a97d-d965ccfc6d4b" outcome="Passed" testListId="8c84fa94-04c1-424b-9868-57a2d4851a1d" relativeResultsDirectory="174cfc3c-2781-40cd-84c0-4fc95e756a0b" />
    <UnitTestResult executionId="3abe8e8e-8019-4965-b76c-5db2dd369084" testId="f7b6c5f3-1f58-e9ae-14c8-31eb58d1211b" testName="FormatToStringTest1000(97129.75160633575d,&quot;97129.75 zł&quot;)" computerName="DESKTOP-5URQ9PB" duration="00:00:00.0000180" startTime="2022-06-13T21:13:29.8147222+02:00" endTime="2022-06-13T21:13:29.8147402+02:00" testType="13cdc9d9-ddb5-4fa4-a97d-d965ccfc6d4b" outcome="Passed" testListId="8c84fa94-04c1-424b-9868-57a2d4851a1d" relativeResultsDirectory="3abe8e8e-8019-4965-b76c-5db2dd369084" />
    <UnitTestResult executionId="76acdd42-66d6-479a-b1a8-9dbded359cc8" testId="69c4777a-51de-9c54-0ee3-eb6af65c109e" testName="FormatToStringTest1000(158.49784791027093d,&quot;158.50 zł&quot;)" computerName="DESKTOP-5URQ9PB" duration="00:00:00.0000180" startTime="2022-06-13T21:13:29.8115376+02:00" endTime="2022-06-13T21:13:29.8115552+02:00" testType="13cdc9d9-ddb5-4fa4-a97d-d965ccfc6d4b" outcome="Passed" testListId="8c84fa94-04c1-424b-9868-57a2d4851a1d" relativeResultsDirectory="76acdd42-66d6-479a-b1a8-9dbded359cc8" />
    <UnitTestResult executionId="dde58443-1c01-41fb-a695-1fcc40a0af4f" testId="db065917-a97a-fe61-77a4-bb6c5d5457d5" testName="FormatToStringTest1000(9897.705953436767d,&quot;9897.71 zł&quot;)" computerName="DESKTOP-5URQ9PB" duration="00:00:00.0000180" startTime="2022-06-13T21:13:29.8222626+02:00" endTime="2022-06-13T21:13:29.8222809+02:00" testType="13cdc9d9-ddb5-4fa4-a97d-d965ccfc6d4b" outcome="Passed" testListId="8c84fa94-04c1-424b-9868-57a2d4851a1d" relativeResultsDirectory="dde58443-1c01-41fb-a695-1fcc40a0af4f" />
    <UnitTestResult executionId="4c3108aa-af98-4f70-8fe6-ecea9a67c275" testId="8d6414e5-4d2d-73e7-c36d-d9cbbb203e5f" testName="FormatToStringTest1000(867.5236648356187d,&quot;867.52 zł&quot;)" computerName="DESKTOP-5URQ9PB" duration="00:00:00.0000190" startTime="2022-06-13T21:13:29.8297847+02:00" endTime="2022-06-13T21:13:29.8298040+02:00" testType="13cdc9d9-ddb5-4fa4-a97d-d965ccfc6d4b" outcome="Passed" testListId="8c84fa94-04c1-424b-9868-57a2d4851a1d" relativeResultsDirectory="4c3108aa-af98-4f70-8fe6-ecea9a67c275" />
    <UnitTestResult executionId="d5fa13af-1888-4e97-ba10-ec2e9992468b" testId="1e0703fd-8132-d66f-f52d-f2f5d027c1d8" testName="FormatToStringTest1000(28306.369434126827d,&quot;28306.37 zł&quot;)" computerName="DESKTOP-5URQ9PB" duration="00:00:00.0000180" startTime="2022-06-13T21:13:29.8323057+02:00" endTime="2022-06-13T21:13:29.8323240+02:00" testType="13cdc9d9-ddb5-4fa4-a97d-d965ccfc6d4b" outcome="Passed" testListId="8c84fa94-04c1-424b-9868-57a2d4851a1d" relativeResultsDirectory="d5fa13af-1888-4e97-ba10-ec2e9992468b" />
    <UnitTestResult executionId="82cb3dec-b5d4-4fde-bb58-86a2353e54c4" testId="b079a5c8-df38-5909-534e-204d0d33ecf8" testName="FormatToStringTest1000(23684.695462791573d,&quot;23684.70 zł&quot;)" computerName="DESKTOP-5URQ9PB" duration="00:00:00.0000210" startTime="2022-06-13T21:13:29.8257660+02:00" endTime="2022-06-13T21:13:29.8257864+02:00" testType="13cdc9d9-ddb5-4fa4-a97d-d965ccfc6d4b" outcome="Passed" testListId="8c84fa94-04c1-424b-9868-57a2d4851a1d" relativeResultsDirectory="82cb3dec-b5d4-4fde-bb58-86a2353e54c4" />
    <UnitTestResult executionId="40a57789-277a-427d-9938-be2082ab43e5" testId="93356272-81f1-2ca0-6a2b-a94c51c52201" testName="FormatToStringTest1000(5396.620088554277d,&quot;5396.62 zł&quot;)" computerName="DESKTOP-5URQ9PB" duration="00:00:00.0000230" startTime="2022-06-13T21:13:29.8075719+02:00" endTime="2022-06-13T21:13:29.8075948+02:00" testType="13cdc9d9-ddb5-4fa4-a97d-d965ccfc6d4b" outcome="Passed" testListId="8c84fa94-04c1-424b-9868-57a2d4851a1d" relativeResultsDirectory="40a57789-277a-427d-9938-be2082ab43e5" />
    <UnitTestResult executionId="7807ef85-d37a-4f0d-874c-ef0569b9225c" testId="edd8698a-89a8-0a11-5f44-5d3f526abc13" testName="FormatToStringTest1000(3043.6828298227315d,&quot;3043.68 zł&quot;)" computerName="DESKTOP-5URQ9PB" duration="00:00:00.0000190" startTime="2022-06-13T21:13:29.8341731+02:00" endTime="2022-06-13T21:13:29.8341919+02:00" testType="13cdc9d9-ddb5-4fa4-a97d-d965ccfc6d4b" outcome="Passed" testListId="8c84fa94-04c1-424b-9868-57a2d4851a1d" relativeResultsDirectory="7807ef85-d37a-4f0d-874c-ef0569b9225c" />
    <UnitTestResult executionId="c39b77c6-904a-4733-aeec-3ef26c66d494" testId="a6927394-4cdf-6861-5383-48d3191f12fe" testName="FormatToStringTest1000(11958.422287871792d,&quot;11958.42 zł&quot;)" computerName="DESKTOP-5URQ9PB" duration="00:00:00.0000250" startTime="2022-06-13T21:13:29.8170855+02:00" endTime="2022-06-13T21:13:29.8171106+02:00" testType="13cdc9d9-ddb5-4fa4-a97d-d965ccfc6d4b" outcome="Passed" testListId="8c84fa94-04c1-424b-9868-57a2d4851a1d" relativeResultsDirectory="c39b77c6-904a-4733-aeec-3ef26c66d494" />
    <UnitTestResult executionId="2f3f2b1d-33d5-4f24-a8ae-9b889ec04138" testId="f574d6b5-d94c-508a-c127-7bce3d4f82e8" testName="FormatToStringTest1000(38640.62766693003d,&quot;38640.63 zł&quot;)" computerName="DESKTOP-5URQ9PB" duration="00:00:00.0000190" startTime="2022-06-13T21:13:29.8076556+02:00" endTime="2022-06-13T21:13:29.8076743+02:00" testType="13cdc9d9-ddb5-4fa4-a97d-d965ccfc6d4b" outcome="Passed" testListId="8c84fa94-04c1-424b-9868-57a2d4851a1d" relativeResultsDirectory="2f3f2b1d-33d5-4f24-a8ae-9b889ec04138" />
    <UnitTestResult executionId="a6b4dd72-ca67-448c-8bcd-f55c6296d647" testId="6dee8c76-3355-7dcc-c0a6-02e4a5ed7dc2" testName="FormatToStringTest1000(16637.074429372828d,&quot;16637.07 zł&quot;)" computerName="DESKTOP-5URQ9PB" duration="00:00:00.0000180" startTime="2022-06-13T21:13:29.8132425+02:00" endTime="2022-06-13T21:13:29.8132604+02:00" testType="13cdc9d9-ddb5-4fa4-a97d-d965ccfc6d4b" outcome="Passed" testListId="8c84fa94-04c1-424b-9868-57a2d4851a1d" relativeResultsDirectory="a6b4dd72-ca67-448c-8bcd-f55c6296d647" />
    <UnitTestResult executionId="839b55fc-20ca-41d9-8e30-0e57c6a02b21" testId="8ba4f73b-ec87-c89b-2641-8f6e59861d2d" testName="FormatToStringTest1000(11829.625994884234d,&quot;11829.63 zł&quot;)" computerName="DESKTOP-5URQ9PB" duration="00:00:00.0000340" startTime="2022-06-13T21:13:29.8192596+02:00" endTime="2022-06-13T21:13:29.8192935+02:00" testType="13cdc9d9-ddb5-4fa4-a97d-d965ccfc6d4b" outcome="Passed" testListId="8c84fa94-04c1-424b-9868-57a2d4851a1d" relativeResultsDirectory="839b55fc-20ca-41d9-8e30-0e57c6a02b21" />
    <UnitTestResult executionId="40f34b0e-5590-4623-90e0-b45e7c134c37" testId="f96ea468-2b60-097d-c220-3c5f104473af" testName="FormatToStringTest1000(13574.683315038068d,&quot;13574.68 zł&quot;)" computerName="DESKTOP-5URQ9PB" duration="00:00:00.0000180" startTime="2022-06-13T21:13:29.8121545+02:00" endTime="2022-06-13T21:13:29.8121726+02:00" testType="13cdc9d9-ddb5-4fa4-a97d-d965ccfc6d4b" outcome="Passed" testListId="8c84fa94-04c1-424b-9868-57a2d4851a1d" relativeResultsDirectory="40f34b0e-5590-4623-90e0-b45e7c134c37" />
    <UnitTestResult executionId="af875864-b850-43e6-b53f-d0430eef08ac" testId="2553ac6b-8c4b-c989-c2b1-742cbb8f417e" testName="FormatToStringTest1000(20249.56614074277d,&quot;20249.57 zł&quot;)" computerName="DESKTOP-5URQ9PB" duration="00:00:00.0000180" startTime="2022-06-13T21:13:29.8107499+02:00" endTime="2022-06-13T21:13:29.8107676+02:00" testType="13cdc9d9-ddb5-4fa4-a97d-d965ccfc6d4b" outcome="Passed" testListId="8c84fa94-04c1-424b-9868-57a2d4851a1d" relativeResultsDirectory="af875864-b850-43e6-b53f-d0430eef08ac" />
    <UnitTestResult executionId="c61f3eea-1389-4f42-a925-11aa9ff6be58" testId="b58070c8-bc7f-712e-31bb-2a11be9cfc18" testName="FormatToStringTest1000(23789.556920184546d,&quot;23789.56 zł&quot;)" computerName="DESKTOP-5URQ9PB" duration="00:00:00.0000200" startTime="2022-06-13T21:13:29.8326358+02:00" endTime="2022-06-13T21:13:29.8326550+02:00" testType="13cdc9d9-ddb5-4fa4-a97d-d965ccfc6d4b" outcome="Passed" testListId="8c84fa94-04c1-424b-9868-57a2d4851a1d" relativeResultsDirectory="c61f3eea-1389-4f42-a925-11aa9ff6be58" />
    <UnitTestResult executionId="cc3d09bd-e616-4ee2-9581-22cac44647eb" testId="cee29849-c944-ee97-87d2-c62444a8a328" testName="FormatToStringTest1000(34062.88803158276d,&quot;34062.89 zł&quot;)" computerName="DESKTOP-5URQ9PB" duration="00:00:00.0000220" startTime="2022-06-13T21:13:29.8313469+02:00" endTime="2022-06-13T21:13:29.8313683+02:00" testType="13cdc9d9-ddb5-4fa4-a97d-d965ccfc6d4b" outcome="Passed" testListId="8c84fa94-04c1-424b-9868-57a2d4851a1d" relativeResultsDirectory="cc3d09bd-e616-4ee2-9581-22cac44647eb" />
    <UnitTestResult executionId="264432af-3f9d-4bd6-98ba-8ba0b3c04050" testId="bbb038e9-9a9b-9724-0ae6-d339784c9041" testName="FormatToStringTest1000(8644.187977380207d,&quot;8644.19 zł&quot;)" computerName="DESKTOP-5URQ9PB" duration="00:00:00.0000200" startTime="2022-06-13T21:13:29.8287517+02:00" endTime="2022-06-13T21:13:29.8287716+02:00" testType="13cdc9d9-ddb5-4fa4-a97d-d965ccfc6d4b" outcome="Passed" testListId="8c84fa94-04c1-424b-9868-57a2d4851a1d" relativeResultsDirectory="264432af-3f9d-4bd6-98ba-8ba0b3c04050" />
    <UnitTestResult executionId="71dd6dfd-3c6a-4dea-a5a8-d204f05353c5" testId="cb9006f5-cf8f-a741-60da-88003562c888" testName="FormatToStringTest1000(12308.022158465357d,&quot;12308.02 zł&quot;)" computerName="DESKTOP-5URQ9PB" duration="00:00:00.0000260" startTime="2022-06-13T21:13:29.8174274+02:00" endTime="2022-06-13T21:13:29.8174527+02:00" testType="13cdc9d9-ddb5-4fa4-a97d-d965ccfc6d4b" outcome="Passed" testListId="8c84fa94-04c1-424b-9868-57a2d4851a1d" relativeResultsDirectory="71dd6dfd-3c6a-4dea-a5a8-d204f05353c5" />
    <UnitTestResult executionId="771e81f2-100e-42ef-9606-7a03681b255e" testId="7b7e9341-cf8b-f510-483a-d874dccbbbca" testName="FormatToStringTest1000(9503.466049463705d,&quot;9503.47 zł&quot;)" computerName="DESKTOP-5URQ9PB" duration="00:00:00.0000190" startTime="2022-06-13T21:13:29.8231585+02:00" endTime="2022-06-13T21:13:29.8231773+02:00" testType="13cdc9d9-ddb5-4fa4-a97d-d965ccfc6d4b" outcome="Passed" testListId="8c84fa94-04c1-424b-9868-57a2d4851a1d" relativeResultsDirectory="771e81f2-100e-42ef-9606-7a03681b255e" />
    <UnitTestResult executionId="735f6419-c5f0-449d-a685-1689ccedbfef" testId="f995d454-4ebf-d775-1609-24b3016af07c" testName="FormatToStringTest1000(7348.947429818543d,&quot;7348.95 zł&quot;)" computerName="DESKTOP-5URQ9PB" duration="00:00:00.0000190" startTime="2022-06-13T21:13:29.8138041+02:00" endTime="2022-06-13T21:13:29.8138228+02:00" testType="13cdc9d9-ddb5-4fa4-a97d-d965ccfc6d4b" outcome="Passed" testListId="8c84fa94-04c1-424b-9868-57a2d4851a1d" relativeResultsDirectory="735f6419-c5f0-449d-a685-1689ccedbfef" />
    <UnitTestResult executionId="94a89e6e-dc21-4432-b205-72e354940d64" testId="bc811ad8-c7b9-9df7-0d3d-56b12c4539e2" testName="FormatToStringTest1000(2897.9775426620513d,&quot;2897.98 zł&quot;)" computerName="DESKTOP-5URQ9PB" duration="00:00:00.0000190" startTime="2022-06-13T21:13:29.8274194+02:00" endTime="2022-06-13T21:13:29.8274377+02:00" testType="13cdc9d9-ddb5-4fa4-a97d-d965ccfc6d4b" outcome="Passed" testListId="8c84fa94-04c1-424b-9868-57a2d4851a1d" relativeResultsDirectory="94a89e6e-dc21-4432-b205-72e354940d64" />
    <UnitTestResult executionId="7f5b57c4-d485-4370-b704-f9d3690ef5ac" testId="47a34375-592d-8cb5-ab77-ab4cd5ff1ae6" testName="FormatToStringTest1000(22330.217605518745d,&quot;22330.22 zł&quot;)" computerName="DESKTOP-5URQ9PB" duration="00:00:00.0000180" startTime="2022-06-13T21:13:29.8333304+02:00" endTime="2022-06-13T21:13:29.8333487+02:00" testType="13cdc9d9-ddb5-4fa4-a97d-d965ccfc6d4b" outcome="Passed" testListId="8c84fa94-04c1-424b-9868-57a2d4851a1d" relativeResultsDirectory="7f5b57c4-d485-4370-b704-f9d3690ef5ac" />
    <UnitTestResult executionId="7ba23ad0-0abd-44c8-a42a-c20fde9fa603" testId="b639588e-b414-82b2-fe24-5fe49a4a3ad3" testName="FormatToStringTest1000(545.7016866634142d,&quot;545.70 zł&quot;)" computerName="DESKTOP-5URQ9PB" duration="00:00:00.0000190" startTime="2022-06-13T21:13:29.8222359+02:00" endTime="2022-06-13T21:13:29.8222546+02:00" testType="13cdc9d9-ddb5-4fa4-a97d-d965ccfc6d4b" outcome="Passed" testListId="8c84fa94-04c1-424b-9868-57a2d4851a1d" relativeResultsDirectory="7ba23ad0-0abd-44c8-a42a-c20fde9fa603" />
    <UnitTestResult executionId="333c2958-d869-4c29-b3e9-f3fe182a76ea" testId="0ffbfc26-0b88-0610-8454-a3e10982707b" testName="FormatToStringTest1000(41368.29672956015d,&quot;41368.30 zł&quot;)" computerName="DESKTOP-5URQ9PB" duration="00:00:00.0000180" startTime="2022-06-13T21:13:29.8128429+02:00" endTime="2022-06-13T21:13:29.8128607+02:00" testType="13cdc9d9-ddb5-4fa4-a97d-d965ccfc6d4b" outcome="Passed" testListId="8c84fa94-04c1-424b-9868-57a2d4851a1d" relativeResultsDirectory="333c2958-d869-4c29-b3e9-f3fe182a76ea" />
    <UnitTestResult executionId="7a574949-ce70-40aa-acc6-8febca94596f" testId="1476985a-ce79-252c-fc82-6cfb05e64152" testName="FormatToStringTest1000(6890.028458985514d,&quot;6890.03 zł&quot;)" computerName="DESKTOP-5URQ9PB" duration="00:00:00.0000190" startTime="2022-06-13T21:13:29.8081447+02:00" endTime="2022-06-13T21:13:29.8081632+02:00" testType="13cdc9d9-ddb5-4fa4-a97d-d965ccfc6d4b" outcome="Passed" testListId="8c84fa94-04c1-424b-9868-57a2d4851a1d" relativeResultsDirectory="7a574949-ce70-40aa-acc6-8febca94596f" />
    <UnitTestResult executionId="23368eaa-db7b-4bf2-a1de-6efac81c0831" testId="7ad4f46a-05fc-7c4a-853e-228ce39d4426" testName="FormatToStringTest1000(485.6735566554933d,&quot;485.67 zł&quot;)" computerName="DESKTOP-5URQ9PB" duration="00:00:00.0000180" startTime="2022-06-13T21:13:29.8115140+02:00" endTime="2022-06-13T21:13:29.8115315+02:00" testType="13cdc9d9-ddb5-4fa4-a97d-d965ccfc6d4b" outcome="Passed" testListId="8c84fa94-04c1-424b-9868-57a2d4851a1d" relativeResultsDirectory="23368eaa-db7b-4bf2-a1de-6efac81c0831" />
    <UnitTestResult executionId="054dd602-aaea-4112-98ad-f136aee24f52" testId="80343684-0ab4-f75e-30e6-62b08568fe03" testName="FormatToStringTest1000(31290.71396233687d,&quot;31290.71 zł&quot;)" computerName="DESKTOP-5URQ9PB" duration="00:00:00.0000180" startTime="2022-06-13T21:13:29.8088037+02:00" endTime="2022-06-13T21:13:29.8088217+02:00" testType="13cdc9d9-ddb5-4fa4-a97d-d965ccfc6d4b" outcome="Passed" testListId="8c84fa94-04c1-424b-9868-57a2d4851a1d" relativeResultsDirectory="054dd602-aaea-4112-98ad-f136aee24f52" />
    <UnitTestResult executionId="c8f1a9a7-4b37-4c09-be8c-593197176adb" testId="27b9fbe0-03f5-4d47-663b-0785c7f9ec49" testName="FormatToStringTest1000(20441.330495004695d,&quot;20441.33 zł&quot;)" computerName="DESKTOP-5URQ9PB" duration="00:00:00.0000180" startTime="2022-06-13T21:13:29.8106770+02:00" endTime="2022-06-13T21:13:29.8106949+02:00" testType="13cdc9d9-ddb5-4fa4-a97d-d965ccfc6d4b" outcome="Passed" testListId="8c84fa94-04c1-424b-9868-57a2d4851a1d" relativeResultsDirectory="c8f1a9a7-4b37-4c09-be8c-593197176adb" />
    <UnitTestResult executionId="3f3de8c8-c7e3-4e6e-9c5d-f3eeafcad3b4" testId="860765f6-59d4-c798-166f-19857f828734" testName="FormatToStringTest1000(53192.79032742269d,&quot;53192.79 zł&quot;)" computerName="DESKTOP-5URQ9PB" duration="00:00:00.0000190" startTime="2022-06-13T21:13:29.8338876+02:00" endTime="2022-06-13T21:13:29.8339062+02:00" testType="13cdc9d9-ddb5-4fa4-a97d-d965ccfc6d4b" outcome="Passed" testListId="8c84fa94-04c1-424b-9868-57a2d4851a1d" relativeResultsDirectory="3f3de8c8-c7e3-4e6e-9c5d-f3eeafcad3b4" />
    <UnitTestResult executionId="48a7a81f-fb01-42fe-b215-1cf8f332c34a" testId="0a21bad2-cce1-7c33-3af3-a6f4c4389e98" testName="FormatToStringTest1000(79339.95632144621d,&quot;79339.96 zł&quot;)" computerName="DESKTOP-5URQ9PB" duration="00:00:00.0000200" startTime="2022-06-13T21:13:29.8333800+02:00" endTime="2022-06-13T21:13:29.8333998+02:00" testType="13cdc9d9-ddb5-4fa4-a97d-d965ccfc6d4b" outcome="Passed" testListId="8c84fa94-04c1-424b-9868-57a2d4851a1d" relativeResultsDirectory="48a7a81f-fb01-42fe-b215-1cf8f332c34a" />
    <UnitTestResult executionId="8827b026-0e97-4ffd-ac84-4eaea3d7d827" testId="1772b5c8-17fc-7339-7078-7951ac9723dd" testName="FormatToStringTest1000(6323.24079469882d,&quot;6323.24 zł&quot;)" computerName="DESKTOP-5URQ9PB" duration="00:00:00.0000180" startTime="2022-06-13T21:13:29.8135359+02:00" endTime="2022-06-13T21:13:29.8135535+02:00" testType="13cdc9d9-ddb5-4fa4-a97d-d965ccfc6d4b" outcome="Passed" testListId="8c84fa94-04c1-424b-9868-57a2d4851a1d" relativeResultsDirectory="8827b026-0e97-4ffd-ac84-4eaea3d7d827" />
    <UnitTestResult executionId="6b5dafb1-7ba6-4c32-be15-ed66d0d0eda9" testId="a8b1a1f3-a70e-7194-337a-f959c6974971" testName="FormatToStringTest1000(17418.31302247863d,&quot;17418.31 zł&quot;)" computerName="DESKTOP-5URQ9PB" duration="00:00:00.0000180" startTime="2022-06-13T21:13:29.8148208+02:00" endTime="2022-06-13T21:13:29.8148389+02:00" testType="13cdc9d9-ddb5-4fa4-a97d-d965ccfc6d4b" outcome="Passed" testListId="8c84fa94-04c1-424b-9868-57a2d4851a1d" relativeResultsDirectory="6b5dafb1-7ba6-4c32-be15-ed66d0d0eda9" />
    <UnitTestResult executionId="88c38e30-4c7d-4daf-b093-e2f108784470" testId="298a4d26-abe3-d2f6-50a3-14e473e9fa24" testName="FormatToStringTest1000(5840.747097845071d,&quot;5840.75 zł&quot;)" computerName="DESKTOP-5URQ9PB" duration="00:00:00.0000190" startTime="2022-06-13T21:13:29.8287267+02:00" endTime="2022-06-13T21:13:29.8287453+02:00" testType="13cdc9d9-ddb5-4fa4-a97d-d965ccfc6d4b" outcome="Passed" testListId="8c84fa94-04c1-424b-9868-57a2d4851a1d" relativeResultsDirectory="88c38e30-4c7d-4daf-b093-e2f108784470" />
    <UnitTestResult executionId="0db857f1-aa06-44b2-a72e-39874635e8df" testId="705f4fef-5f3d-03f1-6410-c3ee16921998" testName="FormatToStringTest1000(11100.829211263372d,&quot;11100.83 zł&quot;)" computerName="DESKTOP-5URQ9PB" duration="00:00:00.0000190" startTime="2022-06-13T21:13:29.8077297+02:00" endTime="2022-06-13T21:13:29.8077489+02:00" testType="13cdc9d9-ddb5-4fa4-a97d-d965ccfc6d4b" outcome="Passed" testListId="8c84fa94-04c1-424b-9868-57a2d4851a1d" relativeResultsDirectory="0db857f1-aa06-44b2-a72e-39874635e8df" />
    <UnitTestResult executionId="832ae2b8-c0a5-4bb4-afbb-a487ce483936" testId="a64a893d-a7c9-f50c-de3c-debed5fa79b5" testName="FormatToStringTest1000(15841.26419853478d,&quot;15841.26 zł&quot;)" computerName="DESKTOP-5URQ9PB" duration="00:00:00.0000190" startTime="2022-06-13T21:13:29.8311469+02:00" endTime="2022-06-13T21:13:29.8311655+02:00" testType="13cdc9d9-ddb5-4fa4-a97d-d965ccfc6d4b" outcome="Passed" testListId="8c84fa94-04c1-424b-9868-57a2d4851a1d" relativeResultsDirectory="832ae2b8-c0a5-4bb4-afbb-a487ce483936" />
    <UnitTestResult executionId="ccc6dcee-8bde-43e4-95b4-bf17784d49c6" testId="1eb4d4f7-74ca-78cd-f76d-cc295b6f3916" testName="FormatToStringTest1000(4116.417580192638d,&quot;4116.42 zł&quot;)" computerName="DESKTOP-5URQ9PB" duration="00:00:00.0000190" startTime="2022-06-13T21:13:29.8215125+02:00" endTime="2022-06-13T21:13:29.8215316+02:00" testType="13cdc9d9-ddb5-4fa4-a97d-d965ccfc6d4b" outcome="Passed" testListId="8c84fa94-04c1-424b-9868-57a2d4851a1d" relativeResultsDirectory="ccc6dcee-8bde-43e4-95b4-bf17784d49c6" />
    <UnitTestResult executionId="1d12d72e-26c0-495e-9c12-8f0ffbfa6b6e" testId="e919c93b-2878-e388-877b-68a9f48cc9b1" testName="FormatToStringTest1000(14719.97001409762d,&quot;14719.97 zł&quot;)" computerName="DESKTOP-5URQ9PB" duration="00:00:00.0000190" startTime="2022-06-13T21:13:29.8117314+02:00" endTime="2022-06-13T21:13:29.8117500+02:00" testType="13cdc9d9-ddb5-4fa4-a97d-d965ccfc6d4b" outcome="Passed" testListId="8c84fa94-04c1-424b-9868-57a2d4851a1d" relativeResultsDirectory="1d12d72e-26c0-495e-9c12-8f0ffbfa6b6e" />
    <UnitTestResult executionId="d4ebf3c6-4ca7-4f6f-851a-44dbb5bf43ea" testId="f49abb46-6157-b05f-1fad-c8a20a256f62" testName="FormatToStringTest1000(1687.6029180025694d,&quot;1687.60 zł&quot;)" computerName="DESKTOP-5URQ9PB" duration="00:00:00.0000220" startTime="2022-06-13T21:13:29.8139035+02:00" endTime="2022-06-13T21:13:29.8139256+02:00" testType="13cdc9d9-ddb5-4fa4-a97d-d965ccfc6d4b" outcome="Passed" testListId="8c84fa94-04c1-424b-9868-57a2d4851a1d" relativeResultsDirectory="d4ebf3c6-4ca7-4f6f-851a-44dbb5bf43ea" />
    <UnitTestResult executionId="dc7681d1-2e94-4e8e-9155-7a3cf9d4e05d" testId="a127d37b-b919-a5a8-4175-7c8816584689" testName="FormatToStringTest1000(61422.228144277455d,&quot;61422.23 zł&quot;)" computerName="DESKTOP-5URQ9PB" duration="00:00:00.0000190" startTime="2022-06-13T21:13:29.8257410+02:00" endTime="2022-06-13T21:13:29.8257594+02:00" testType="13cdc9d9-ddb5-4fa4-a97d-d965ccfc6d4b" outcome="Passed" testListId="8c84fa94-04c1-424b-9868-57a2d4851a1d" relativeResultsDirectory="dc7681d1-2e94-4e8e-9155-7a3cf9d4e05d" />
    <UnitTestResult executionId="20bc2837-60b0-40b1-9e69-4e4635087d2c" testId="02239eb7-c4a2-34a6-024f-aeb38f7bff3d" testName="FormatToStringTest1000(22153.282278674324d,&quot;22153.28 zł&quot;)" computerName="DESKTOP-5URQ9PB" duration="00:00:00.0000270" startTime="2022-06-13T21:13:29.8163447+02:00" endTime="2022-06-13T21:13:29.8163710+02:00" testType="13cdc9d9-ddb5-4fa4-a97d-d965ccfc6d4b" outcome="Passed" testListId="8c84fa94-04c1-424b-9868-57a2d4851a1d" relativeResultsDirectory="20bc2837-60b0-40b1-9e69-4e4635087d2c" />
    <UnitTestResult executionId="a0f59a8d-849d-478e-b0ae-f01ec4aee4c3" testId="8237afc1-9210-54d8-45bd-84bf26e08f89" testName="FormatToStringTest1000(6417.5922460628635d,&quot;6417.59 zł&quot;)" computerName="DESKTOP-5URQ9PB" duration="00:00:00.0000250" startTime="2022-06-13T21:13:29.8197401+02:00" endTime="2022-06-13T21:13:29.8197647+02:00" testType="13cdc9d9-ddb5-4fa4-a97d-d965ccfc6d4b" outcome="Passed" testListId="8c84fa94-04c1-424b-9868-57a2d4851a1d" relativeResultsDirectory="a0f59a8d-849d-478e-b0ae-f01ec4aee4c3" />
    <UnitTestResult executionId="e3f4cdad-77b0-4c55-9148-b5996f1c6757" testId="4e103de3-4b59-b5f0-90dd-0864019a3e44" testName="FormatToStringTest1000(47163.337736466594d,&quot;47163.34 zł&quot;)" computerName="DESKTOP-5URQ9PB" duration="00:00:00.0000180" startTime="2022-06-13T21:13:29.8322552+02:00" endTime="2022-06-13T21:13:29.8322735+02:00" testType="13cdc9d9-ddb5-4fa4-a97d-d965ccfc6d4b" outcome="Passed" testListId="8c84fa94-04c1-424b-9868-57a2d4851a1d" relativeResultsDirectory="e3f4cdad-77b0-4c55-9148-b5996f1c6757" />
    <UnitTestResult executionId="c1fd6c90-a33a-4fb9-bce9-865f98271168" testId="95bbb276-fcbd-d5d6-e9a9-e6e9fe02935a" testName="FormatToStringTest1000(58191.92113629585d,&quot;58191.92 zł&quot;)" computerName="DESKTOP-5URQ9PB" duration="00:00:00.0000200" startTime="2022-06-13T21:13:29.8251018+02:00" endTime="2022-06-13T21:13:29.8251216+02:00" testType="13cdc9d9-ddb5-4fa4-a97d-d965ccfc6d4b" outcome="Passed" testListId="8c84fa94-04c1-424b-9868-57a2d4851a1d" relativeResultsDirectory="c1fd6c90-a33a-4fb9-bce9-865f98271168" />
    <UnitTestResult executionId="61a77941-0a4a-4878-850d-0ed4753f6850" testId="0d3aed88-2598-0caa-458e-53fd2f6dc4e2" testName="FormatToStringTest1000(7004.710832051798d,&quot;7004.71 zł&quot;)" computerName="DESKTOP-5URQ9PB" duration="00:00:00.0000180" startTime="2022-06-13T21:13:29.8310964+02:00" endTime="2022-06-13T21:13:29.8311145+02:00" testType="13cdc9d9-ddb5-4fa4-a97d-d965ccfc6d4b" outcome="Passed" testListId="8c84fa94-04c1-424b-9868-57a2d4851a1d" relativeResultsDirectory="61a77941-0a4a-4878-850d-0ed4753f6850" />
    <UnitTestResult executionId="8fc10f93-8e7e-443c-8c05-53d418785090" testId="346c5a09-add8-018f-c767-f4690b937dfb" testName="FormatToStringTest1000(77919.64716867341d,&quot;77919.65 zł&quot;)" computerName="DESKTOP-5URQ9PB" duration="00:00:00.0000180" startTime="2022-06-13T21:13:29.8136091+02:00" endTime="2022-06-13T21:13:29.8136267+02:00" testType="13cdc9d9-ddb5-4fa4-a97d-d965ccfc6d4b" outcome="Passed" testListId="8c84fa94-04c1-424b-9868-57a2d4851a1d" relativeResultsDirectory="8fc10f93-8e7e-443c-8c05-53d418785090" />
    <UnitTestResult executionId="41aa86d3-3c1b-4fd2-bdcc-10caae7d214f" testId="e16968dc-e551-2d79-073b-6318cfa896ba" testName="FormatToStringTest1000(7193.552206002898d,&quot;7193.55 zł&quot;)" computerName="DESKTOP-5URQ9PB" duration="00:00:00.0000190" startTime="2022-06-13T21:13:29.8292010+02:00" endTime="2022-06-13T21:13:29.8292196+02:00" testType="13cdc9d9-ddb5-4fa4-a97d-d965ccfc6d4b" outcome="Passed" testListId="8c84fa94-04c1-424b-9868-57a2d4851a1d" relativeResultsDirectory="41aa86d3-3c1b-4fd2-bdcc-10caae7d214f" />
    <UnitTestResult executionId="ac82374f-64cf-4dea-813c-b1078feb872c" testId="37376bb5-e384-3c51-d1d8-3ba613fa9182" testName="FormatToStringTest1000(85407.13428016152d,&quot;85407.13 zł&quot;)" computerName="DESKTOP-5URQ9PB" duration="00:00:00.0000190" startTime="2022-06-13T21:13:29.8368786+02:00" endTime="2022-06-13T21:13:29.8368971+02:00" testType="13cdc9d9-ddb5-4fa4-a97d-d965ccfc6d4b" outcome="Passed" testListId="8c84fa94-04c1-424b-9868-57a2d4851a1d" relativeResultsDirectory="ac82374f-64cf-4dea-813c-b1078feb872c" />
    <UnitTestResult executionId="058ec50b-fbb9-4d28-964c-1845b2f88559" testId="dc6fc325-7591-5ff6-3e13-ef3b13583bb4" testName="FormatToStringTest1000(54304.07738935393d,&quot;54304.08 zł&quot;)" computerName="DESKTOP-5URQ9PB" duration="00:00:00.0000190" startTime="2022-06-13T21:13:29.8338119+02:00" endTime="2022-06-13T21:13:29.8338304+02:00" testType="13cdc9d9-ddb5-4fa4-a97d-d965ccfc6d4b" outcome="Passed" testListId="8c84fa94-04c1-424b-9868-57a2d4851a1d" relativeResultsDirectory="058ec50b-fbb9-4d28-964c-1845b2f88559" />
    <UnitTestResult executionId="f545f6f6-9b13-43de-a475-3b1b26d25490" testId="752c0495-686a-2709-5240-916b7eb02d3a" testName="FormatToStringTest1000(9190.067404299076d,&quot;9190.07 zł&quot;)" computerName="DESKTOP-5URQ9PB" duration="00:00:00.0000180" startTime="2022-06-13T21:13:29.8309953+02:00" endTime="2022-06-13T21:13:29.8310134+02:00" testType="13cdc9d9-ddb5-4fa4-a97d-d965ccfc6d4b" outcome="Passed" testListId="8c84fa94-04c1-424b-9868-57a2d4851a1d" relativeResultsDirectory="f545f6f6-9b13-43de-a475-3b1b26d25490" />
    <UnitTestResult executionId="d0cac625-0d95-4694-af6b-131efe90ceb9" testId="0183c416-9787-c59d-18ce-d5b3fc43ac57" testName="FormatToStringTest1000(43858.624379632354d,&quot;43858.62 zł&quot;)" computerName="DESKTOP-5URQ9PB" duration="00:00:00.0000190" startTime="2022-06-13T21:13:29.8279854+02:00" endTime="2022-06-13T21:13:29.8280040+02:00" testType="13cdc9d9-ddb5-4fa4-a97d-d965ccfc6d4b" outcome="Passed" testListId="8c84fa94-04c1-424b-9868-57a2d4851a1d" relativeResultsDirectory="d0cac625-0d95-4694-af6b-131efe90ceb9" />
    <UnitTestResult executionId="a3fe0d1a-aaeb-4c14-bd25-a24e51bd2dc0" testId="3d8d8c47-dc22-599d-26af-f64601981b29" testName="FormatToStringTest1000(27751.474436297303d,&quot;27751.47 zł&quot;)" computerName="DESKTOP-5URQ9PB" duration="00:00:00.0000220" startTime="2022-06-13T21:13:29.8272134+02:00" endTime="2022-06-13T21:13:29.8272356+02:00" testType="13cdc9d9-ddb5-4fa4-a97d-d965ccfc6d4b" outcome="Passed" testListId="8c84fa94-04c1-424b-9868-57a2d4851a1d" relativeResultsDirectory="a3fe0d1a-aaeb-4c14-bd25-a24e51bd2dc0" />
    <UnitTestResult executionId="e49b83ed-82e8-4cb6-9207-d3215ac9c6d2" testId="9c7df8f2-0bef-5347-a48a-3dbf0cbe5e21" testName="FormatToStringTest1000(20978.860218282258d,&quot;20978.86 zł&quot;)" computerName="DESKTOP-5URQ9PB" duration="00:00:00.0000190" startTime="2022-06-13T21:13:29.8136329+02:00" endTime="2022-06-13T21:13:29.8136513+02:00" testType="13cdc9d9-ddb5-4fa4-a97d-d965ccfc6d4b" outcome="Passed" testListId="8c84fa94-04c1-424b-9868-57a2d4851a1d" relativeResultsDirectory="e49b83ed-82e8-4cb6-9207-d3215ac9c6d2" />
    <UnitTestResult executionId="a3d354c6-4563-44ce-bece-0b061a9d643c" testId="b09e548c-5a83-3ac9-fa3f-e5118e38e1d9" testName="FormatToStringTest1000(2166.4103293970275d,&quot;2166.41 zł&quot;)" computerName="DESKTOP-5URQ9PB" duration="00:00:00.0000180" startTime="2022-06-13T21:13:29.8216142+02:00" endTime="2022-06-13T21:13:29.8216323+02:00" testType="13cdc9d9-ddb5-4fa4-a97d-d965ccfc6d4b" outcome="Passed" testListId="8c84fa94-04c1-424b-9868-57a2d4851a1d" relativeResultsDirectory="a3d354c6-4563-44ce-bece-0b061a9d643c" />
    <UnitTestResult executionId="5b7e180c-4a07-403d-86f7-e594f42d5c2f" testId="5372d0c3-7454-6ed0-3140-c46dbf17af10" testName="FormatToStringTest1000(1649.0127968480872d,&quot;1649.01 zł&quot;)" computerName="DESKTOP-5URQ9PB" duration="00:00:00.0000190" startTime="2022-06-13T21:13:29.8088278+02:00" endTime="2022-06-13T21:13:29.8088466+02:00" testType="13cdc9d9-ddb5-4fa4-a97d-d965ccfc6d4b" outcome="Passed" testListId="8c84fa94-04c1-424b-9868-57a2d4851a1d" relativeResultsDirectory="5b7e180c-4a07-403d-86f7-e594f42d5c2f" />
    <UnitTestResult executionId="5d8dbe85-6898-4b00-87ee-f88233e691fe" testId="b1699ce8-743c-1964-eb7b-2aa310ecbb21" testName="FormatToStringTest1000(27164.0272410419d,&quot;27164.03 zł&quot;)" computerName="DESKTOP-5URQ9PB" duration="00:00:00.0000180" startTime="2022-06-13T21:13:29.8147716+02:00" endTime="2022-06-13T21:13:29.8147897+02:00" testType="13cdc9d9-ddb5-4fa4-a97d-d965ccfc6d4b" outcome="Passed" testListId="8c84fa94-04c1-424b-9868-57a2d4851a1d" relativeResultsDirectory="5d8dbe85-6898-4b00-87ee-f88233e691fe" />
    <UnitTestResult executionId="d53f2021-cd33-4d08-bdd2-558805a99239" testId="2ae061eb-7306-c193-04ca-269456b3b20b" testName="FormatToStringTest1000(12871.381729632794d,&quot;12871.38 zł&quot;)" computerName="DESKTOP-5URQ9PB" duration="00:00:00.0000210" startTime="2022-06-13T21:13:29.8129203+02:00" endTime="2022-06-13T21:13:29.8129407+02:00" testType="13cdc9d9-ddb5-4fa4-a97d-d965ccfc6d4b" outcome="Passed" testListId="8c84fa94-04c1-424b-9868-57a2d4851a1d" relativeResultsDirectory="d53f2021-cd33-4d08-bdd2-558805a99239" />
    <UnitTestResult executionId="80918498-8308-4283-90c8-9e85a27205cc" testId="c93cdb71-2111-93a4-4cd8-a7548cb72ed0" testName="FormatToStringTest1000(9774.341362926803d,&quot;9774.34 zł&quot;)" computerName="DESKTOP-5URQ9PB" duration="00:00:00.0000180" startTime="2022-06-13T21:13:29.8108475+02:00" endTime="2022-06-13T21:13:29.8108656+02:00" testType="13cdc9d9-ddb5-4fa4-a97d-d965ccfc6d4b" outcome="Passed" testListId="8c84fa94-04c1-424b-9868-57a2d4851a1d" relativeResultsDirectory="80918498-8308-4283-90c8-9e85a27205cc" />
    <UnitTestResult executionId="0a58c6e1-64f3-40ed-8d67-f81a2172d5d1" testId="31037d5d-343e-e648-8e6e-7f15567dfff2" testName="FormatToStringTest1000(1662.8482664818168d,&quot;1662.85 zł&quot;)" computerName="DESKTOP-5URQ9PB" duration="00:00:00.0000270" startTime="2022-06-13T21:13:29.8249679+02:00" endTime="2022-06-13T21:13:29.8249949+02:00" testType="13cdc9d9-ddb5-4fa4-a97d-d965ccfc6d4b" outcome="Passed" testListId="8c84fa94-04c1-424b-9868-57a2d4851a1d" relativeResultsDirectory="0a58c6e1-64f3-40ed-8d67-f81a2172d5d1" />
    <UnitTestResult executionId="1d2990e8-b59d-4dbc-8059-14a0b00aab0e" testId="c3298b2d-9863-1896-98e3-77805a105e1c" testName="FormatToStringTest1000(59283.48311990662d,&quot;59283.48 zł&quot;)" computerName="DESKTOP-5URQ9PB" duration="00:00:00.0000190" startTime="2022-06-13T21:13:29.8139830+02:00" endTime="2022-06-13T21:13:29.8140020+02:00" testType="13cdc9d9-ddb5-4fa4-a97d-d965ccfc6d4b" outcome="Passed" testListId="8c84fa94-04c1-424b-9868-57a2d4851a1d" relativeResultsDirectory="1d2990e8-b59d-4dbc-8059-14a0b00aab0e" />
    <UnitTestResult executionId="08799c73-7e89-4b7a-8ece-4a2bbfb178ae" testId="d9e3c39e-a746-2b8a-5354-8ea82331bcd9" testName="FormatToStringTest1000(9151.103070427245d,&quot;9151.10 zł&quot;)" computerName="DESKTOP-5URQ9PB" duration="00:00:00.0000180" startTime="2022-06-13T21:13:29.8334065+02:00" endTime="2022-06-13T21:13:29.8334247+02:00" testType="13cdc9d9-ddb5-4fa4-a97d-d965ccfc6d4b" outcome="Passed" testListId="8c84fa94-04c1-424b-9868-57a2d4851a1d" relativeResultsDirectory="08799c73-7e89-4b7a-8ece-4a2bbfb178ae" />
    <UnitTestResult executionId="8d68a289-754a-4a4c-8026-0a9661cc29d1" testId="c813b080-ad5f-d9e2-c675-1e1394f00010" testName="FormatToStringTest1000(20244.692955315437d,&quot;20244.69 zł&quot;)" computerName="DESKTOP-5URQ9PB" duration="00:00:00.0000190" startTime="2022-06-13T21:13:29.8087056+02:00" endTime="2022-06-13T21:13:29.8087242+02:00" testType="13cdc9d9-ddb5-4fa4-a97d-d965ccfc6d4b" outcome="Passed" testListId="8c84fa94-04c1-424b-9868-57a2d4851a1d" relativeResultsDirectory="8d68a289-754a-4a4c-8026-0a9661cc29d1" />
    <UnitTestResult executionId="783fc84c-eb32-422d-97a8-fe1966c3d237" testId="314b7968-8280-3c06-cc8d-95ee97af36dd" testName="FormatToStringTest1000(1898.24149096489d,&quot;1898.24 zł&quot;)" computerName="DESKTOP-5URQ9PB" duration="00:00:00.0000190" startTime="2022-06-13T21:13:29.8275197+02:00" endTime="2022-06-13T21:13:29.8275384+02:00" testType="13cdc9d9-ddb5-4fa4-a97d-d965ccfc6d4b" outcome="Passed" testListId="8c84fa94-04c1-424b-9868-57a2d4851a1d" relativeResultsDirectory="783fc84c-eb32-422d-97a8-fe1966c3d237" />
    <UnitTestResult executionId="e130f8cf-1a45-4359-9aaf-5b7170afec64" testId="097d9f12-a8b0-74cc-8829-12842d451447" testName="FormatToStringTest1000(59247.898931587064d,&quot;59247.90 zł&quot;)" computerName="DESKTOP-5URQ9PB" duration="00:00:00.0000190" startTime="2022-06-13T21:13:29.8240287+02:00" endTime="2022-06-13T21:13:29.8240473+02:00" testType="13cdc9d9-ddb5-4fa4-a97d-d965ccfc6d4b" outcome="Passed" testListId="8c84fa94-04c1-424b-9868-57a2d4851a1d" relativeResultsDirectory="e130f8cf-1a45-4359-9aaf-5b7170afec64" />
    <UnitTestResult executionId="b3b8cf49-f35c-42e1-b5ee-5e5df7570544" testId="b8f799c6-5cbe-3da8-b8f8-1ee56d7fcf02" testName="FormatToStringTest1000(11584.045280779732d,&quot;11584.05 zł&quot;)" computerName="DESKTOP-5URQ9PB" duration="00:00:00.0000190" startTime="2022-06-13T21:13:29.8285994+02:00" endTime="2022-06-13T21:13:29.8286180+02:00" testType="13cdc9d9-ddb5-4fa4-a97d-d965ccfc6d4b" outcome="Passed" testListId="8c84fa94-04c1-424b-9868-57a2d4851a1d" relativeResultsDirectory="b3b8cf49-f35c-42e1-b5ee-5e5df7570544" />
    <UnitTestResult executionId="139bf2ae-d990-4a5a-85a7-055bdd652d79" testId="f0622268-a7b0-73db-dcaa-b07ea595271b" testName="FormatToStringTest1000(4812.162927013898d,&quot;4812.16 zł&quot;)" computerName="DESKTOP-5URQ9PB" duration="00:00:00.0000190" startTime="2022-06-13T21:13:29.8141061+02:00" endTime="2022-06-13T21:13:29.8141251+02:00" testType="13cdc9d9-ddb5-4fa4-a97d-d965ccfc6d4b" outcome="Passed" testListId="8c84fa94-04c1-424b-9868-57a2d4851a1d" relativeResultsDirectory="139bf2ae-d990-4a5a-85a7-055bdd652d79" />
    <UnitTestResult executionId="c58be713-7a19-49c5-af80-800d394abb78" testId="1172006b-9d72-b3a7-ee7d-07862438f160" testName="FormatToStringTest1000(11944.74385168531d,&quot;11944.74 zł&quot;)" computerName="DESKTOP-5URQ9PB" duration="00:00:00.0000190" startTime="2022-06-13T21:13:29.8330519+02:00" endTime="2022-06-13T21:13:29.8330702+02:00" testType="13cdc9d9-ddb5-4fa4-a97d-d965ccfc6d4b" outcome="Passed" testListId="8c84fa94-04c1-424b-9868-57a2d4851a1d" relativeResultsDirectory="c58be713-7a19-49c5-af80-800d394abb78" />
    <UnitTestResult executionId="39f57ab8-10d9-45c3-9bfa-4c505accdbfc" testId="f057999f-37d3-2f7d-8c71-29439544f997" testName="FormatToStringTest1000(2115.5076919884923d,&quot;2115.51 zł&quot;)" computerName="DESKTOP-5URQ9PB" duration="00:00:00.0000190" startTime="2022-06-13T21:13:29.8317365+02:00" endTime="2022-06-13T21:13:29.8317554+02:00" testType="13cdc9d9-ddb5-4fa4-a97d-d965ccfc6d4b" outcome="Passed" testListId="8c84fa94-04c1-424b-9868-57a2d4851a1d" relativeResultsDirectory="39f57ab8-10d9-45c3-9bfa-4c505accdbfc" />
    <UnitTestResult executionId="d8411c7e-b0bf-42e1-b85d-948610ed9aa2" testId="bc3f5322-761c-1784-32c8-0807bc806b0a" testName="FormatToStringTest1000(4652.407073443945d,&quot;4652.41 zł&quot;)" computerName="DESKTOP-5URQ9PB" duration="00:00:00.0000270" startTime="2022-06-13T21:13:29.8196349+02:00" endTime="2022-06-13T21:13:29.8196614+02:00" testType="13cdc9d9-ddb5-4fa4-a97d-d965ccfc6d4b" outcome="Passed" testListId="8c84fa94-04c1-424b-9868-57a2d4851a1d" relativeResultsDirectory="d8411c7e-b0bf-42e1-b85d-948610ed9aa2" />
    <UnitTestResult executionId="f722983a-3dad-47c4-bf62-2b2079a4d79e" testId="4f980f14-0ada-dd56-93fe-12a559a27314" testName="FormatToStringTest1000(37826.846755123166d,&quot;37826.85 zł&quot;)" computerName="DESKTOP-5URQ9PB" duration="00:00:00.0000200" startTime="2022-06-13T21:13:29.8243881+02:00" endTime="2022-06-13T21:13:29.8244079+02:00" testType="13cdc9d9-ddb5-4fa4-a97d-d965ccfc6d4b" outcome="Passed" testListId="8c84fa94-04c1-424b-9868-57a2d4851a1d" relativeResultsDirectory="f722983a-3dad-47c4-bf62-2b2079a4d79e" />
    <UnitTestResult executionId="7299d0ed-0436-4edf-ab1d-82c5a155251d" testId="345abed9-9ef3-e2b8-4bc1-ad4b7b82dd26" testName="FormatToStringTest1000(10994.251866986162d,&quot;10994.25 zł&quot;)" computerName="DESKTOP-5URQ9PB" duration="00:00:00.0000190" startTime="2022-06-13T21:13:29.8227452+02:00" endTime="2022-06-13T21:13:29.8227637+02:00" testType="13cdc9d9-ddb5-4fa4-a97d-d965ccfc6d4b" outcome="Passed" testListId="8c84fa94-04c1-424b-9868-57a2d4851a1d" relativeResultsDirectory="7299d0ed-0436-4edf-ab1d-82c5a155251d" />
    <UnitTestResult executionId="e7adfe62-bc55-43be-8488-6e1105f4e357" testId="9bae3763-5b44-6392-7f85-b5a14c7eae3f" testName="FormatToStringTest1000(1328.353302088265d,&quot;1328.35 zł&quot;)" computerName="DESKTOP-5URQ9PB" duration="00:00:00.0000260" startTime="2022-06-13T21:13:29.8187380+02:00" endTime="2022-06-13T21:13:29.8187640+02:00" testType="13cdc9d9-ddb5-4fa4-a97d-d965ccfc6d4b" outcome="Passed" testListId="8c84fa94-04c1-424b-9868-57a2d4851a1d" relativeResultsDirectory="e7adfe62-bc55-43be-8488-6e1105f4e357" />
    <UnitTestResult executionId="fe416135-20bb-42ed-bf61-c0ad8dc4537b" testId="20eba454-047b-5e64-79ba-74e9397a20a4" testName="FormatToStringTest1000(7726.0074454499445d,&quot;7726.01 zł&quot;)" computerName="DESKTOP-5URQ9PB" duration="00:00:00.0000190" startTime="2022-06-13T21:13:29.8142788+02:00" endTime="2022-06-13T21:13:29.8142972+02:00" testType="13cdc9d9-ddb5-4fa4-a97d-d965ccfc6d4b" outcome="Passed" testListId="8c84fa94-04c1-424b-9868-57a2d4851a1d" relativeResultsDirectory="fe416135-20bb-42ed-bf61-c0ad8dc4537b" />
    <UnitTestResult executionId="d892e7a9-2fad-4a20-afe0-de64bf1b1a4e" testId="de399ac2-0e9a-031b-1b43-49701fcdb8f0" testName="FormatToStringTest1000(10174.652801423637d,&quot;10174.65 zł&quot;)" computerName="DESKTOP-5URQ9PB" duration="00:00:00.0000210" startTime="2022-06-13T21:13:29.8238116+02:00" endTime="2022-06-13T21:13:29.8238323+02:00" testType="13cdc9d9-ddb5-4fa4-a97d-d965ccfc6d4b" outcome="Passed" testListId="8c84fa94-04c1-424b-9868-57a2d4851a1d" relativeResultsDirectory="d892e7a9-2fad-4a20-afe0-de64bf1b1a4e" />
    <UnitTestResult executionId="5b2eaeff-165c-4e20-b12b-bf05f6f17ca5" testId="511f69f7-a0fb-1d5f-80a7-db38c945bbc4" testName="FormatToStringTest1000(67338.80028760935d,&quot;67338.80 zł&quot;)" computerName="DESKTOP-5URQ9PB" duration="00:00:00.0000180" startTime="2022-06-13T21:13:29.8078859+02:00" endTime="2022-06-13T21:13:29.8079037+02:00" testType="13cdc9d9-ddb5-4fa4-a97d-d965ccfc6d4b" outcome="Passed" testListId="8c84fa94-04c1-424b-9868-57a2d4851a1d" relativeResultsDirectory="5b2eaeff-165c-4e20-b12b-bf05f6f17ca5" />
    <UnitTestResult executionId="8d7ede4d-2053-487a-be3c-7a7ae47c3cf3" testId="d0b4fe44-6c66-e0d0-90f7-7f93ef97fe01" testName="FormatToStringTest1000(14172.682747822573d,&quot;14172.68 zł&quot;)" computerName="DESKTOP-5URQ9PB" duration="00:00:00.0000200" startTime="2022-06-13T21:13:29.8078603+02:00" endTime="2022-06-13T21:13:29.8078797+02:00" testType="13cdc9d9-ddb5-4fa4-a97d-d965ccfc6d4b" outcome="Passed" testListId="8c84fa94-04c1-424b-9868-57a2d4851a1d" relativeResultsDirectory="8d7ede4d-2053-487a-be3c-7a7ae47c3cf3" />
    <UnitTestResult executionId="c0b1dff5-645c-47d9-b3c2-3a8c8e2a6e51" testId="dadc7847-4729-edf6-eb4b-78006f9ee153" testName="FormatToStringTest1000(59283.7670322637d,&quot;59283.77 zł&quot;)" computerName="DESKTOP-5URQ9PB" duration="00:00:00.0000200" startTime="2022-06-13T21:13:29.8368266+02:00" endTime="2022-06-13T21:13:29.8368466+02:00" testType="13cdc9d9-ddb5-4fa4-a97d-d965ccfc6d4b" outcome="Passed" testListId="8c84fa94-04c1-424b-9868-57a2d4851a1d" relativeResultsDirectory="c0b1dff5-645c-47d9-b3c2-3a8c8e2a6e51" />
    <UnitTestResult executionId="bc6f5f9e-7dec-4377-8fb5-b58b044ad09d" testId="e3333616-70b0-385e-063b-ec83b99dd0ba" testName="FormatToStringTest1000(35714.78133482243d,&quot;35714.78 zł&quot;)" computerName="DESKTOP-5URQ9PB" duration="00:00:00.0000270" startTime="2022-06-13T21:13:29.8162322+02:00" endTime="2022-06-13T21:13:29.8162590+02:00" testType="13cdc9d9-ddb5-4fa4-a97d-d965ccfc6d4b" outcome="Passed" testListId="8c84fa94-04c1-424b-9868-57a2d4851a1d" relativeResultsDirectory="bc6f5f9e-7dec-4377-8fb5-b58b044ad09d" />
    <UnitTestResult executionId="17426ae5-851f-4b0a-98e5-6ed07efa6839" testId="f1b541d5-278d-f2a3-2128-f16382bfc74f" testName="FormatToStringTest1000(75514.58914517732d,&quot;75514.59 zł&quot;)" computerName="DESKTOP-5URQ9PB" duration="00:00:00.0000260" startTime="2022-06-13T21:13:29.8168353+02:00" endTime="2022-06-13T21:13:29.8168608+02:00" testType="13cdc9d9-ddb5-4fa4-a97d-d965ccfc6d4b" outcome="Passed" testListId="8c84fa94-04c1-424b-9868-57a2d4851a1d" relativeResultsDirectory="17426ae5-851f-4b0a-98e5-6ed07efa6839" />
    <UnitTestResult executionId="0c97355c-70de-460a-9235-f59cd49ad126" testId="56c6c75f-613a-6a82-f7f1-a767d952b57c" testName="FormatToStringTest1000(11430.666613002619d,&quot;11430.67 zł&quot;)" computerName="DESKTOP-5URQ9PB" duration="00:00:00.0000190" startTime="2022-06-13T21:13:29.8119324+02:00" endTime="2022-06-13T21:13:29.8119508+02:00" testType="13cdc9d9-ddb5-4fa4-a97d-d965ccfc6d4b" outcome="Passed" testListId="8c84fa94-04c1-424b-9868-57a2d4851a1d" relativeResultsDirectory="0c97355c-70de-460a-9235-f59cd49ad126" />
    <UnitTestResult executionId="96257559-468c-44cc-a032-c88d24d413c3" testId="386c80c9-6738-6119-052a-4c505d8f4e31" testName="FormatToStringTest1000(9867.823212210007d,&quot;9867.82 zł&quot;)" computerName="DESKTOP-5URQ9PB" duration="00:00:00.0000190" startTime="2022-06-13T21:13:29.8092998+02:00" endTime="2022-06-13T21:13:29.8093182+02:00" testType="13cdc9d9-ddb5-4fa4-a97d-d965ccfc6d4b" outcome="Passed" testListId="8c84fa94-04c1-424b-9868-57a2d4851a1d" relativeResultsDirectory="96257559-468c-44cc-a032-c88d24d413c3" />
    <UnitTestResult executionId="9b3073cc-eca4-4d40-9317-3b85a26ac323" testId="e77ca75b-19ba-059d-05cd-1ebb08034f74" testName="FormatToStringTest1000(28033.439084134738d,&quot;28033.44 zł&quot;)" computerName="DESKTOP-5URQ9PB" duration="00:00:00.0000190" startTime="2022-06-13T21:13:29.8214374+02:00" endTime="2022-06-13T21:13:29.8214557+02:00" testType="13cdc9d9-ddb5-4fa4-a97d-d965ccfc6d4b" outcome="Passed" testListId="8c84fa94-04c1-424b-9868-57a2d4851a1d" relativeResultsDirectory="9b3073cc-eca4-4d40-9317-3b85a26ac323" />
    <UnitTestResult executionId="fe8a5537-c9c0-4918-af85-bb5d5e822043" testId="026ac8cf-e708-7f65-282f-a4f25298f17b" testName="FormatToStringTest1000(54088.326214851964d,&quot;54088.33 zł&quot;)" computerName="DESKTOP-5URQ9PB" duration="00:00:00.0000190" startTime="2022-06-13T21:13:29.8107739+02:00" endTime="2022-06-13T21:13:29.8107923+02:00" testType="13cdc9d9-ddb5-4fa4-a97d-d965ccfc6d4b" outcome="Passed" testListId="8c84fa94-04c1-424b-9868-57a2d4851a1d" relativeResultsDirectory="fe8a5537-c9c0-4918-af85-bb5d5e822043" />
    <UnitTestResult executionId="85ef1a88-7c67-4bbc-bd77-57d8b8b249e6" testId="e2a03079-8dae-3d38-3cf5-f27f7a4202a4" testName="FormatToStringTest1000(4612.32080757633d,&quot;4612.32 zł&quot;)" computerName="DESKTOP-5URQ9PB" duration="00:00:00.0000190" startTime="2022-06-13T21:13:29.8307576+02:00" endTime="2022-06-13T21:13:29.8307768+02:00" testType="13cdc9d9-ddb5-4fa4-a97d-d965ccfc6d4b" outcome="Passed" testListId="8c84fa94-04c1-424b-9868-57a2d4851a1d" relativeResultsDirectory="85ef1a88-7c67-4bbc-bd77-57d8b8b249e6" />
    <UnitTestResult executionId="d2b699ba-3f21-4d57-9caa-8ac442cf716e" testId="e84b36e7-4f40-fa31-8ed6-b8aea0f7b95d" testName="FormatToStringTest1000(3274.481392617096d,&quot;3274.48 zł&quot;)" computerName="DESKTOP-5URQ9PB" duration="00:00:00.0000180" startTime="2022-06-13T21:13:29.8247225+02:00" endTime="2022-06-13T21:13:29.8247408+02:00" testType="13cdc9d9-ddb5-4fa4-a97d-d965ccfc6d4b" outcome="Passed" testListId="8c84fa94-04c1-424b-9868-57a2d4851a1d" relativeResultsDirectory="d2b699ba-3f21-4d57-9caa-8ac442cf716e" />
    <UnitTestResult executionId="522107b6-0513-439d-84ff-e5ffe173c63f" testId="decab755-c41c-98a8-9dd2-05d18e8ecb05" testName="FormatToStringTest1000(397.6461894566408d,&quot;397.65 zł&quot;)" computerName="DESKTOP-5URQ9PB" duration="00:00:00.0000180" startTime="2022-06-13T21:13:29.8298854+02:00" endTime="2022-06-13T21:13:29.8299035+02:00" testType="13cdc9d9-ddb5-4fa4-a97d-d965ccfc6d4b" outcome="Passed" testListId="8c84fa94-04c1-424b-9868-57a2d4851a1d" relativeResultsDirectory="522107b6-0513-439d-84ff-e5ffe173c63f" />
    <UnitTestResult executionId="3f787923-dd7b-4379-a4d6-5f400ef999df" testId="774aeb04-879b-a97c-c411-6c8ce34f4ab0" testName="FormatToStringTest1000(1751.1734380625066d,&quot;1751.17 zł&quot;)" computerName="DESKTOP-5URQ9PB" duration="00:00:00.0000190" startTime="2022-06-13T21:13:29.8276439+02:00" endTime="2022-06-13T21:13:29.8276627+02:00" testType="13cdc9d9-ddb5-4fa4-a97d-d965ccfc6d4b" outcome="Passed" testListId="8c84fa94-04c1-424b-9868-57a2d4851a1d" relativeResultsDirectory="3f787923-dd7b-4379-a4d6-5f400ef999df" />
    <UnitTestResult executionId="47bd13af-66dc-4eb6-a2d8-90cdcba56aeb" testId="619c3bdd-52f6-f473-bd0e-a552a532adf7" testName="FormatToStringTest1000(41915.7945284563d,&quot;41915.79 zł&quot;)" computerName="DESKTOP-5URQ9PB" duration="00:00:00.0000200" startTime="2022-06-13T21:13:29.8277702+02:00" endTime="2022-06-13T21:13:29.8277901+02:00" testType="13cdc9d9-ddb5-4fa4-a97d-d965ccfc6d4b" outcome="Passed" testListId="8c84fa94-04c1-424b-9868-57a2d4851a1d" relativeResultsDirectory="47bd13af-66dc-4eb6-a2d8-90cdcba56aeb" />
    <UnitTestResult executionId="e055ced2-be6e-449b-9cb3-646dc5bf8574" testId="637dad56-8638-805e-9abd-b089900557c0" testName="FormatToStringTest1000(598.1279707877561d,&quot;598.13 zł&quot;)" computerName="DESKTOP-5URQ9PB" duration="00:00:00.0000180" startTime="2022-06-13T21:13:29.8254332+02:00" endTime="2022-06-13T21:13:29.8254514+02:00" testType="13cdc9d9-ddb5-4fa4-a97d-d965ccfc6d4b" outcome="Passed" testListId="8c84fa94-04c1-424b-9868-57a2d4851a1d" relativeResultsDirectory="e055ced2-be6e-449b-9cb3-646dc5bf8574" />
    <UnitTestResult executionId="38607526-a0a0-495f-8be5-f367c9b283d1" testId="a4acc92f-0c67-48bb-4524-7ef3c007ffb4" testName="FormatToStringTest1000(1474.699818629166d,&quot;1474.70 zł&quot;)" computerName="DESKTOP-5URQ9PB" duration="00:00:00.0000180" startTime="2022-06-13T21:13:29.8313222+02:00" endTime="2022-06-13T21:13:29.8313406+02:00" testType="13cdc9d9-ddb5-4fa4-a97d-d965ccfc6d4b" outcome="Passed" testListId="8c84fa94-04c1-424b-9868-57a2d4851a1d" relativeResultsDirectory="38607526-a0a0-495f-8be5-f367c9b283d1" />
    <UnitTestResult executionId="648d2279-78c9-4e51-afcc-c6105960c799" testId="f3633ae5-6adc-21ee-2aa1-0609fba8547c" testName="FormatToStringTest1000(37160.85331540269d,&quot;37160.85 zł&quot;)" computerName="DESKTOP-5URQ9PB" duration="00:00:00.0000190" startTime="2022-06-13T21:13:29.8110015+02:00" endTime="2022-06-13T21:13:29.8110198+02:00" testType="13cdc9d9-ddb5-4fa4-a97d-d965ccfc6d4b" outcome="Passed" testListId="8c84fa94-04c1-424b-9868-57a2d4851a1d" relativeResultsDirectory="648d2279-78c9-4e51-afcc-c6105960c799" />
    <UnitTestResult executionId="9309bcaa-213f-4411-836a-7458e2ea7fcc" testId="f20c73fc-7f07-e8ef-25e3-d34c7ca18877" testName="FormatToStringTest1000(32218.080508120394d,&quot;32218.08 zł&quot;)" computerName="DESKTOP-5URQ9PB" duration="00:00:00.0000180" startTime="2022-06-13T21:13:29.8095459+02:00" endTime="2022-06-13T21:13:29.8095638+02:00" testType="13cdc9d9-ddb5-4fa4-a97d-d965ccfc6d4b" outcome="Passed" testListId="8c84fa94-04c1-424b-9868-57a2d4851a1d" relativeResultsDirectory="9309bcaa-213f-4411-836a-7458e2ea7fcc" />
    <UnitTestResult executionId="713686ba-3867-431b-ab14-4cd4bb0ce1ba" testId="217115b6-0d47-12a1-e34e-67f742ff910b" testName="FormatToStringTest1000(26945.125386551546d,&quot;26945.13 zł&quot;)" computerName="DESKTOP-5URQ9PB" duration="00:00:00.0000180" startTime="2022-06-13T21:13:29.8104556+02:00" endTime="2022-06-13T21:13:29.8104738+02:00" testType="13cdc9d9-ddb5-4fa4-a97d-d965ccfc6d4b" outcome="Passed" testListId="8c84fa94-04c1-424b-9868-57a2d4851a1d" relativeResultsDirectory="713686ba-3867-431b-ab14-4cd4bb0ce1ba" />
    <UnitTestResult executionId="ac6da197-0b8a-431c-8ee5-556d359138cf" testId="13e85df1-3456-393c-8dca-d481490ed075" testName="FormatToStringTest1000(4094.6752323977066d,&quot;4094.68 zł&quot;)" computerName="DESKTOP-5URQ9PB" duration="00:00:00.0000190" startTime="2022-06-13T21:13:29.8368533+02:00" endTime="2022-06-13T21:13:29.8368721+02:00" testType="13cdc9d9-ddb5-4fa4-a97d-d965ccfc6d4b" outcome="Passed" testListId="8c84fa94-04c1-424b-9868-57a2d4851a1d" relativeResultsDirectory="ac6da197-0b8a-431c-8ee5-556d359138cf" />
    <UnitTestResult executionId="4f45861c-642a-469a-9981-b6d2fed3fbb8" testId="9fc60cd8-d419-6ed6-ac2e-164788256e59" testName="FormatToStringTest1000(15600.245951180927d,&quot;15600.25 zł&quot;)" computerName="DESKTOP-5URQ9PB" duration="00:00:00.0000290" startTime="2022-06-13T21:13:29.8201549+02:00" endTime="2022-06-13T21:13:29.8201833+02:00" testType="13cdc9d9-ddb5-4fa4-a97d-d965ccfc6d4b" outcome="Passed" testListId="8c84fa94-04c1-424b-9868-57a2d4851a1d" relativeResultsDirectory="4f45861c-642a-469a-9981-b6d2fed3fbb8" />
    <UnitTestResult executionId="e3bdc94f-6925-4bea-bb42-ae66e3869fc6" testId="255f4f6e-1bfc-cdd8-fb29-a1f4f034b89a" testName="FormatToStringTest1000(55782.67998761762d,&quot;55782.68 zł&quot;)" computerName="DESKTOP-5URQ9PB" duration="00:00:00.0000180" startTime="2022-06-13T21:13:29.8110509+02:00" endTime="2022-06-13T21:13:29.8110686+02:00" testType="13cdc9d9-ddb5-4fa4-a97d-d965ccfc6d4b" outcome="Passed" testListId="8c84fa94-04c1-424b-9868-57a2d4851a1d" relativeResultsDirectory="e3bdc94f-6925-4bea-bb42-ae66e3869fc6" />
    <UnitTestResult executionId="95c7a2a1-8468-4ac2-8eaa-8e51c1d76ef1" testId="c57a980e-ffcc-5e16-6a31-18fd8b909caa" testName="FormatToStringTest1000(50664.01951024869d,&quot;50664.02 zł&quot;)" computerName="DESKTOP-5URQ9PB" duration="00:00:00.0000190" startTime="2022-06-13T21:13:29.8251802+02:00" endTime="2022-06-13T21:13:29.8251986+02:00" testType="13cdc9d9-ddb5-4fa4-a97d-d965ccfc6d4b" outcome="Passed" testListId="8c84fa94-04c1-424b-9868-57a2d4851a1d" relativeResultsDirectory="95c7a2a1-8468-4ac2-8eaa-8e51c1d76ef1" />
    <UnitTestResult executionId="0df1ee3c-1170-48ad-a1a9-be72da0b0383" testId="35de634f-b340-f79b-b6a0-46426bd56e47" testName="FormatToStringTest1000(24137.016609529506d,&quot;24137.02 zł&quot;)" computerName="DESKTOP-5URQ9PB" duration="00:00:00.0000190" startTime="2022-06-13T21:13:29.8294292+02:00" endTime="2022-06-13T21:13:29.8294484+02:00" testType="13cdc9d9-ddb5-4fa4-a97d-d965ccfc6d4b" outcome="Passed" testListId="8c84fa94-04c1-424b-9868-57a2d4851a1d" relativeResultsDirectory="0df1ee3c-1170-48ad-a1a9-be72da0b0383" />
    <UnitTestResult executionId="a39920a6-fc51-4f37-95a8-2dc292ea5e03" testId="79aa3047-78e8-7f3b-b717-0010e3a4cd51" testName="FormatToStringTest1000(32821.05661472215d,&quot;32821.06 zł&quot;)" computerName="DESKTOP-5URQ9PB" duration="00:00:00.0000180" startTime="2022-06-13T21:13:29.8256120+02:00" endTime="2022-06-13T21:13:29.8256303+02:00" testType="13cdc9d9-ddb5-4fa4-a97d-d965ccfc6d4b" outcome="Passed" testListId="8c84fa94-04c1-424b-9868-57a2d4851a1d" relativeResultsDirectory="a39920a6-fc51-4f37-95a8-2dc292ea5e03" />
    <UnitTestResult executionId="b665bc61-76c2-4bb4-8628-ecf52eb9024c" testId="d29aa2a9-a943-d583-f9f3-c1d6c5281005" testName="FormatToStringTest1000(57713.01647853712d,&quot;57713.02 zł&quot;)" computerName="DESKTOP-5URQ9PB" duration="00:00:00.0000190" startTime="2022-06-13T21:13:29.8224884+02:00" endTime="2022-06-13T21:13:29.8225076+02:00" testType="13cdc9d9-ddb5-4fa4-a97d-d965ccfc6d4b" outcome="Passed" testListId="8c84fa94-04c1-424b-9868-57a2d4851a1d" relativeResultsDirectory="b665bc61-76c2-4bb4-8628-ecf52eb9024c" />
    <UnitTestResult executionId="0d87e36e-81cd-4e71-aa9c-f31b8130f584" testId="eb615c68-e5d1-28d7-b038-0571a7587ad1" testName="FormatToStringTest1000(7396.940188290057d,&quot;7396.94 zł&quot;)" computerName="DESKTOP-5URQ9PB" duration="00:00:00.0000190" startTime="2022-06-13T21:13:29.8326620+02:00" endTime="2022-06-13T21:13:29.8326806+02:00" testType="13cdc9d9-ddb5-4fa4-a97d-d965ccfc6d4b" outcome="Passed" testListId="8c84fa94-04c1-424b-9868-57a2d4851a1d" relativeResultsDirectory="0d87e36e-81cd-4e71-aa9c-f31b8130f584" />
    <UnitTestResult executionId="5adaafc4-78d8-4751-995e-e4b050c08a34" testId="fecd618d-f97f-f547-1637-5166bd092d76" testName="FormatToStringTest1000(1613.6903705837626d,&quot;1613.69 zł&quot;)" computerName="DESKTOP-5URQ9PB" duration="00:00:00.0000210" startTime="2022-06-13T21:13:29.8212008+02:00" endTime="2022-06-13T21:13:29.8212214+02:00" testType="13cdc9d9-ddb5-4fa4-a97d-d965ccfc6d4b" outcome="Passed" testListId="8c84fa94-04c1-424b-9868-57a2d4851a1d" relativeResultsDirectory="5adaafc4-78d8-4751-995e-e4b050c08a34" />
    <UnitTestResult executionId="2570536b-0790-480d-b38e-d5fd09d24940" testId="036a6ec9-ae68-934b-9f02-a81dae974d18" testName="FormatToStringTest1000(1664.7834932994022d,&quot;1664.78 zł&quot;)" computerName="DESKTOP-5URQ9PB" duration="00:00:00.0000180" startTime="2022-06-13T21:13:29.8335075+02:00" endTime="2022-06-13T21:13:29.8335257+02:00" testType="13cdc9d9-ddb5-4fa4-a97d-d965ccfc6d4b" outcome="Passed" testListId="8c84fa94-04c1-424b-9868-57a2d4851a1d" relativeResultsDirectory="2570536b-0790-480d-b38e-d5fd09d24940" />
    <UnitTestResult executionId="1583aa65-23d5-4cdb-b3d9-4da22765b2e2" testId="d8fff351-64d1-1a21-4739-3e89df4d873b" testName="FormatToStringTest1000(2929.267390865026d,&quot;2929.27 zł&quot;)" computerName="DESKTOP-5URQ9PB" duration="00:00:00.0000190" startTime="2022-06-13T21:13:29.8310708+02:00" endTime="2022-06-13T21:13:29.8310899+02:00" testType="13cdc9d9-ddb5-4fa4-a97d-d965ccfc6d4b" outcome="Passed" testListId="8c84fa94-04c1-424b-9868-57a2d4851a1d" relativeResultsDirectory="1583aa65-23d5-4cdb-b3d9-4da22765b2e2" />
    <UnitTestResult executionId="eb537111-ffba-4e60-8ca3-69c07ebbdc04" testId="2067c239-a69d-2f34-aeac-53cb55316cbb" testName="FormatToStringTest1000(2423.6182769712145d,&quot;2423.62 zł&quot;)" computerName="DESKTOP-5URQ9PB" duration="00:00:00.0000210" startTime="2022-06-13T21:13:29.8242598+02:00" endTime="2022-06-13T21:13:29.8242804+02:00" testType="13cdc9d9-ddb5-4fa4-a97d-d965ccfc6d4b" outcome="Passed" testListId="8c84fa94-04c1-424b-9868-57a2d4851a1d" relativeResultsDirectory="eb537111-ffba-4e60-8ca3-69c07ebbdc04" />
    <UnitTestResult executionId="97776b8c-a6d2-415b-8c79-69275eac35c1" testId="a1a0ba31-d02b-8245-607c-82258ff29354" testName="FormatToStringTest1000(34136.0993783046d,&quot;34136.10 zł&quot;)" computerName="DESKTOP-5URQ9PB" duration="00:00:00.0000180" startTime="2022-06-13T21:13:29.8126468+02:00" endTime="2022-06-13T21:13:29.8126645+02:00" testType="13cdc9d9-ddb5-4fa4-a97d-d965ccfc6d4b" outcome="Passed" testListId="8c84fa94-04c1-424b-9868-57a2d4851a1d" relativeResultsDirectory="97776b8c-a6d2-415b-8c79-69275eac35c1" />
    <UnitTestResult executionId="67306cf4-886a-4cd0-a895-a724d1e40706" testId="03ea9dd2-de50-ef82-5a92-98d7b2ff607a" testName="FormatToStringTest1000(19352.183340702755d,&quot;19352.18 zł&quot;)" computerName="DESKTOP-5URQ9PB" duration="00:00:00.0000190" startTime="2022-06-13T21:13:29.8110985+02:00" endTime="2022-06-13T21:13:29.8111172+02:00" testType="13cdc9d9-ddb5-4fa4-a97d-d965ccfc6d4b" outcome="Passed" testListId="8c84fa94-04c1-424b-9868-57a2d4851a1d" relativeResultsDirectory="67306cf4-886a-4cd0-a895-a724d1e40706" />
    <UnitTestResult executionId="784593d4-7b65-42df-80a2-9ac905b7e872" testId="f9ec4424-0f09-8ce8-d044-ac97ec1d16a8" testName="FormatToStringTest1000(72802.68569213277d,&quot;72802.69 zł&quot;)" computerName="DESKTOP-5URQ9PB" duration="00:00:00.0000190" startTime="2022-06-13T21:13:29.8300477+02:00" endTime="2022-06-13T21:13:29.8300666+02:00" testType="13cdc9d9-ddb5-4fa4-a97d-d965ccfc6d4b" outcome="Passed" testListId="8c84fa94-04c1-424b-9868-57a2d4851a1d" relativeResultsDirectory="784593d4-7b65-42df-80a2-9ac905b7e872" />
    <UnitTestResult executionId="63288a9e-261b-484a-ab21-c0e9ce59efa8" testId="0ad74e44-881e-9461-7e6f-381a5cc80df0" testName="FormatToStringTest1000(51503.82905738234d,&quot;51503.83 zł&quot;)" computerName="DESKTOP-5URQ9PB" duration="00:00:00.0000190" startTime="2022-06-13T21:13:29.8121789+02:00" endTime="2022-06-13T21:13:29.8121974+02:00" testType="13cdc9d9-ddb5-4fa4-a97d-d965ccfc6d4b" outcome="Passed" testListId="8c84fa94-04c1-424b-9868-57a2d4851a1d" relativeResultsDirectory="63288a9e-261b-484a-ab21-c0e9ce59efa8" />
    <UnitTestResult executionId="bb7b2e20-f4b6-43bb-bd45-4166983994ec" testId="d3675fd4-77f8-268f-8735-9b5ad5bc915b" testName="FormatToStringTest1000(27027.327683509946d,&quot;27027.33 zł&quot;)" computerName="DESKTOP-5URQ9PB" duration="00:00:00.0000190" startTime="2022-06-13T21:13:29.8115613+02:00" endTime="2022-06-13T21:13:29.8115797+02:00" testType="13cdc9d9-ddb5-4fa4-a97d-d965ccfc6d4b" outcome="Passed" testListId="8c84fa94-04c1-424b-9868-57a2d4851a1d" relativeResultsDirectory="bb7b2e20-f4b6-43bb-bd45-4166983994ec" />
    <UnitTestResult executionId="a1a37fe3-ea77-4e34-89a1-9427cd0bf9c8" testId="d15cb58b-9b62-cb4e-439e-72757eabb197" testName="FormatToStringTest1000(7753.724411372898d,&quot;7753.72 zł&quot;)" computerName="DESKTOP-5URQ9PB" duration="00:00:00.0000180" startTime="2022-06-13T21:13:29.8101636+02:00" endTime="2022-06-13T21:13:29.8101814+02:00" testType="13cdc9d9-ddb5-4fa4-a97d-d965ccfc6d4b" outcome="Passed" testListId="8c84fa94-04c1-424b-9868-57a2d4851a1d" relativeResultsDirectory="a1a37fe3-ea77-4e34-89a1-9427cd0bf9c8" />
    <UnitTestResult executionId="597a39e8-3316-4589-a19e-4c3c1483f743" testId="c9b5631d-418b-047b-d15f-f39906c7e08b" testName="FormatToStringTest1000(34060.48467268724d,&quot;34060.48 zł&quot;)" computerName="DESKTOP-5URQ9PB" duration="00:00:00.0000190" startTime="2022-06-13T21:13:29.8273689+02:00" endTime="2022-06-13T21:13:29.8273873+02:00" testType="13cdc9d9-ddb5-4fa4-a97d-d965ccfc6d4b" outcome="Passed" testListId="8c84fa94-04c1-424b-9868-57a2d4851a1d" relativeResultsDirectory="597a39e8-3316-4589-a19e-4c3c1483f743" />
    <UnitTestResult executionId="aa3e563d-3e28-4a34-a250-7e09035d659c" testId="6c111a58-0dcb-5d69-cab0-6f7362899525" testName="FormatToStringTest1000(9517.514896326473d,&quot;9517.51 zł&quot;)" computerName="DESKTOP-5URQ9PB" duration="00:00:00.0000200" startTime="2022-06-13T21:13:29.8244395+02:00" endTime="2022-06-13T21:13:29.8244592+02:00" testType="13cdc9d9-ddb5-4fa4-a97d-d965ccfc6d4b" outcome="Passed" testListId="8c84fa94-04c1-424b-9868-57a2d4851a1d" relativeResultsDirectory="aa3e563d-3e28-4a34-a250-7e09035d659c" />
    <UnitTestResult executionId="dd8825b4-efde-4549-9b6a-7b1746e6892d" testId="b168b1f7-674c-8775-2a66-cf7d7f806851" testName="FormatToStringTest1000(8095.485677032492d,&quot;8095.49 zł&quot;)" computerName="DESKTOP-5URQ9PB" duration="00:00:00.0000190" startTime="2022-06-13T21:13:29.8241061+02:00" endTime="2022-06-13T21:13:29.8241246+02:00" testType="13cdc9d9-ddb5-4fa4-a97d-d965ccfc6d4b" outcome="Passed" testListId="8c84fa94-04c1-424b-9868-57a2d4851a1d" relativeResultsDirectory="dd8825b4-efde-4549-9b6a-7b1746e6892d" />
    <UnitTestResult executionId="73f1e966-7c93-4d46-b5d7-c91a635ebe4c" testId="6429e0d9-dcee-fed4-29f3-6b39686056fc" testName="FormatToStringTest1000(16957.4523676757d,&quot;16957.45 zł&quot;)" computerName="DESKTOP-5URQ9PB" duration="00:00:00.0000200" startTime="2022-06-13T21:13:29.8218191+02:00" endTime="2022-06-13T21:13:29.8218386+02:00" testType="13cdc9d9-ddb5-4fa4-a97d-d965ccfc6d4b" outcome="Passed" testListId="8c84fa94-04c1-424b-9868-57a2d4851a1d" relativeResultsDirectory="73f1e966-7c93-4d46-b5d7-c91a635ebe4c" />
    <UnitTestResult executionId="3c3cca40-ec50-4964-bd48-f298c0f1ca03" testId="84106c87-4ea7-9a5a-a250-230c7c8ac9ba" testName="FormatToStringTest1000(5279.315995182524d,&quot;5279.32 zł&quot;)" computerName="DESKTOP-5URQ9PB" duration="00:00:00.0000180" startTime="2022-06-13T21:13:29.8224132+02:00" endTime="2022-06-13T21:13:29.8224313+02:00" testType="13cdc9d9-ddb5-4fa4-a97d-d965ccfc6d4b" outcome="Passed" testListId="8c84fa94-04c1-424b-9868-57a2d4851a1d" relativeResultsDirectory="3c3cca40-ec50-4964-bd48-f298c0f1ca03" />
    <UnitTestResult executionId="3d7e30f1-02d6-4263-b27e-9fd6a486bf61" testId="1382f86b-6464-d2a1-e722-0841d0b65336" testName="FormatToStringTest1000(17090.629587323234d,&quot;17090.63 zł&quot;)" computerName="DESKTOP-5URQ9PB" duration="00:00:00.0000180" startTime="2022-06-13T21:13:29.8149499+02:00" endTime="2022-06-13T21:13:29.8149680+02:00" testType="13cdc9d9-ddb5-4fa4-a97d-d965ccfc6d4b" outcome="Passed" testListId="8c84fa94-04c1-424b-9868-57a2d4851a1d" relativeResultsDirectory="3d7e30f1-02d6-4263-b27e-9fd6a486bf61" />
    <UnitTestResult executionId="c4758880-5bdf-4585-b4d0-32cdf8b4c4d2" testId="632ea7a5-ff19-c828-ab06-71f1c1ae0c57" testName="FormatToStringTest1000(15861.139287455073d,&quot;15861.14 zł&quot;)" computerName="DESKTOP-5URQ9PB" duration="00:00:00.0000190" startTime="2022-06-13T21:13:29.8144992+02:00" endTime="2022-06-13T21:13:29.8145176+02:00" testType="13cdc9d9-ddb5-4fa4-a97d-d965ccfc6d4b" outcome="Passed" testListId="8c84fa94-04c1-424b-9868-57a2d4851a1d" relativeResultsDirectory="c4758880-5bdf-4585-b4d0-32cdf8b4c4d2" />
    <UnitTestResult executionId="e26bf2fe-1b3a-431a-8b40-fd033157ee72" testId="7d53e131-e454-48a3-7f61-9c807826acb2" testName="FormatToStringTest1000(13503.943645929892d,&quot;13503.94 zł&quot;)" computerName="DESKTOP-5URQ9PB" duration="00:00:00.0000190" startTime="2022-06-13T21:13:29.8096936+02:00" endTime="2022-06-13T21:13:29.8097121+02:00" testType="13cdc9d9-ddb5-4fa4-a97d-d965ccfc6d4b" outcome="Passed" testListId="8c84fa94-04c1-424b-9868-57a2d4851a1d" relativeResultsDirectory="e26bf2fe-1b3a-431a-8b40-fd033157ee72" />
    <UnitTestResult executionId="236e192e-fbc8-413a-b247-93cc38216a2e" testId="bebef051-0a10-725f-3ff5-e30e4f9dd420" testName="FormatToStringTest1000(39641.61351217451d,&quot;39641.61 zł&quot;)" computerName="DESKTOP-5URQ9PB" duration="00:00:00.0000200" startTime="2022-06-13T21:13:29.8211228+02:00" endTime="2022-06-13T21:13:29.8211421+02:00" testType="13cdc9d9-ddb5-4fa4-a97d-d965ccfc6d4b" outcome="Passed" testListId="8c84fa94-04c1-424b-9868-57a2d4851a1d" relativeResultsDirectory="236e192e-fbc8-413a-b247-93cc38216a2e" />
    <UnitTestResult executionId="2a64b6c8-d3a1-44dc-9369-48c1034da3c6" testId="74db41bd-054e-abff-59c5-f7d3ecdafbd4" testName="FormatToStringTest1000(10397.404523554447d,&quot;10397.40 zł&quot;)" computerName="DESKTOP-5URQ9PB" duration="00:00:00.0000190" startTime="2022-06-13T21:13:29.8254831+02:00" endTime="2022-06-13T21:13:29.8255016+02:00" testType="13cdc9d9-ddb5-4fa4-a97d-d965ccfc6d4b" outcome="Passed" testListId="8c84fa94-04c1-424b-9868-57a2d4851a1d" relativeResultsDirectory="2a64b6c8-d3a1-44dc-9369-48c1034da3c6" />
    <UnitTestResult executionId="31e21ce6-3889-490c-98c4-d938cd7cb647" testId="5ad0e86b-2487-b287-bce1-03b910ce35db" testName="FormatToStringTest1000(20527.270339210645d,&quot;20527.27 zł&quot;)" computerName="DESKTOP-5URQ9PB" duration="00:00:00.0000190" startTime="2022-06-13T21:13:29.8325332+02:00" endTime="2022-06-13T21:13:29.8325517+02:00" testType="13cdc9d9-ddb5-4fa4-a97d-d965ccfc6d4b" outcome="Passed" testListId="8c84fa94-04c1-424b-9868-57a2d4851a1d" relativeResultsDirectory="31e21ce6-3889-490c-98c4-d938cd7cb647" />
    <UnitTestResult executionId="96d29632-0671-4848-b0c4-fb7cadfbce1c" testId="ddd788b7-fa29-d0c9-c87b-c6974b37dc7d" testName="FormatToStringTest1000(658.7555888573431d,&quot;658.76 zł&quot;)" computerName="DESKTOP-5URQ9PB" duration="00:00:00.0000310" startTime="2022-06-13T21:13:29.8190544+02:00" endTime="2022-06-13T21:13:29.8190848+02:00" testType="13cdc9d9-ddb5-4fa4-a97d-d965ccfc6d4b" outcome="Passed" testListId="8c84fa94-04c1-424b-9868-57a2d4851a1d" relativeResultsDirectory="96d29632-0671-4848-b0c4-fb7cadfbce1c" />
    <UnitTestResult executionId="461e9df4-0844-4b3b-8383-88a8d66402d8" testId="032648fc-0fdc-1a5c-ef88-d85403381c03" testName="FormatToStringTest1000(38803.03958246253d,&quot;38803.04 zł&quot;)" computerName="DESKTOP-5URQ9PB" duration="00:00:00.0000190" startTime="2022-06-13T21:13:29.8125481+02:00" endTime="2022-06-13T21:13:29.8125670+02:00" testType="13cdc9d9-ddb5-4fa4-a97d-d965ccfc6d4b" outcome="Passed" testListId="8c84fa94-04c1-424b-9868-57a2d4851a1d" relativeResultsDirectory="461e9df4-0844-4b3b-8383-88a8d66402d8" />
    <UnitTestResult executionId="784aad91-fb29-4ffc-95c2-f3e6aa48e486" testId="f0cd9acd-b821-1b3b-6a4a-691c6f1f639a" testName="FormatToStringTest1000(464.74397441965715d,&quot;464.74 zł&quot;)" computerName="DESKTOP-5URQ9PB" duration="00:00:00.0000190" startTime="2022-06-13T21:13:29.8213083+02:00" endTime="2022-06-13T21:13:29.8213271+02:00" testType="13cdc9d9-ddb5-4fa4-a97d-d965ccfc6d4b" outcome="Passed" testListId="8c84fa94-04c1-424b-9868-57a2d4851a1d" relativeResultsDirectory="784aad91-fb29-4ffc-95c2-f3e6aa48e486" />
    <UnitTestResult executionId="010a9e0c-9b06-406f-8744-3324375c57c0" testId="5fffab77-5cc8-a871-bcdb-d0b800ab8840" testName="FormatToStringTest1000(2901.9683054191846d,&quot;2901.97 zł&quot;)" computerName="DESKTOP-5URQ9PB" duration="00:00:00.0000180" startTime="2022-06-13T21:13:29.8134392+02:00" endTime="2022-06-13T21:13:29.8134568+02:00" testType="13cdc9d9-ddb5-4fa4-a97d-d965ccfc6d4b" outcome="Passed" testListId="8c84fa94-04c1-424b-9868-57a2d4851a1d" relativeResultsDirectory="010a9e0c-9b06-406f-8744-3324375c57c0" />
    <UnitTestResult executionId="70d5be53-7a81-49c0-bc0a-816a7b4cc770" testId="2ed0b312-2f27-0f0b-487a-dea260d635a9" testName="FormatToStringTest1000(52020.805412759444d,&quot;52020.81 zł&quot;)" computerName="DESKTOP-5URQ9PB" duration="00:00:00.0000190" startTime="2022-06-13T21:13:29.8088772+02:00" endTime="2022-06-13T21:13:29.8088962+02:00" testType="13cdc9d9-ddb5-4fa4-a97d-d965ccfc6d4b" outcome="Passed" testListId="8c84fa94-04c1-424b-9868-57a2d4851a1d" relativeResultsDirectory="70d5be53-7a81-49c0-bc0a-816a7b4cc770" />
    <UnitTestResult executionId="ccb91507-8a57-4c18-b8fe-8adced9290cb" testId="2adcf87c-7078-5286-2ca1-778b501cd9f7" testName="FormatToStringTest1000(18794.859523484418d,&quot;18794.86 zł&quot;)" computerName="DESKTOP-5URQ9PB" duration="00:00:00.0000190" startTime="2022-06-13T21:13:29.8156850+02:00" endTime="2022-06-13T21:13:29.8157035+02:00" testType="13cdc9d9-ddb5-4fa4-a97d-d965ccfc6d4b" outcome="Passed" testListId="8c84fa94-04c1-424b-9868-57a2d4851a1d" relativeResultsDirectory="ccb91507-8a57-4c18-b8fe-8adced9290cb" />
    <UnitTestResult executionId="9e36447f-2bc6-4ce9-84a1-a32f4ec75369" testId="74b92fed-1c7d-84ea-101d-b4ba0f959527" testName="FormatToStringTest1000(1814.7218118955948d,&quot;1814.72 zł&quot;)" computerName="DESKTOP-5URQ9PB" duration="00:00:00.0000180" startTime="2022-06-13T21:13:29.8327894+02:00" endTime="2022-06-13T21:13:29.8328075+02:00" testType="13cdc9d9-ddb5-4fa4-a97d-d965ccfc6d4b" outcome="Passed" testListId="8c84fa94-04c1-424b-9868-57a2d4851a1d" relativeResultsDirectory="9e36447f-2bc6-4ce9-84a1-a32f4ec75369" />
    <UnitTestResult executionId="63d0380c-5d7b-465a-84b5-7010d198ae8b" testId="7e68fea7-1e52-0c32-44b4-1e38c3c836bc" testName="FormatToStringTest1000(66723.3293191657d,&quot;66723.33 zł&quot;)" computerName="DESKTOP-5URQ9PB" duration="00:00:00.0000190" startTime="2022-06-13T21:13:29.8124252+02:00" endTime="2022-06-13T21:13:29.8124439+02:00" testType="13cdc9d9-ddb5-4fa4-a97d-d965ccfc6d4b" outcome="Passed" testListId="8c84fa94-04c1-424b-9868-57a2d4851a1d" relativeResultsDirectory="63d0380c-5d7b-465a-84b5-7010d198ae8b" />
    <UnitTestResult executionId="322397fa-1d74-4e2c-b52a-fbf528b1f37c" testId="380eb0c8-d6f7-276e-b9b6-a564a8f6129e" testName="FormatToStringTest1000(8582.709131852587d,&quot;8582.71 zł&quot;)" computerName="DESKTOP-5URQ9PB" duration="00:00:00.0000180" startTime="2022-06-13T21:13:29.8273186+02:00" endTime="2022-06-13T21:13:29.8273367+02:00" testType="13cdc9d9-ddb5-4fa4-a97d-d965ccfc6d4b" outcome="Passed" testListId="8c84fa94-04c1-424b-9868-57a2d4851a1d" relativeResultsDirectory="322397fa-1d74-4e2c-b52a-fbf528b1f37c" />
    <UnitTestResult executionId="4c91e884-bcfa-48f1-991c-b1b50db11635" testId="1a9a0ddf-514c-baf9-413c-22119b976aa4" testName="FormatToStringTest1000(81326.3340147521d,&quot;81326.33 zł&quot;)" computerName="DESKTOP-5URQ9PB" duration="00:00:00.0000200" startTime="2022-06-13T21:13:29.8300978+02:00" endTime="2022-06-13T21:13:29.8301173+02:00" testType="13cdc9d9-ddb5-4fa4-a97d-d965ccfc6d4b" outcome="Passed" testListId="8c84fa94-04c1-424b-9868-57a2d4851a1d" relativeResultsDirectory="4c91e884-bcfa-48f1-991c-b1b50db11635" />
    <UnitTestResult executionId="72ed4048-0f84-4d1f-b32f-381809528e20" testId="803aabd0-814c-fa5a-ba0b-84820a2be95d" testName="FormatToStringTest1000(11796.576829059317d,&quot;11796.58 zł&quot;)" computerName="DESKTOP-5URQ9PB" duration="00:00:00.0000180" startTime="2022-06-13T21:13:29.8297101+02:00" endTime="2022-06-13T21:13:29.8297283+02:00" testType="13cdc9d9-ddb5-4fa4-a97d-d965ccfc6d4b" outcome="Passed" testListId="8c84fa94-04c1-424b-9868-57a2d4851a1d" relativeResultsDirectory="72ed4048-0f84-4d1f-b32f-381809528e20" />
    <UnitTestResult executionId="1ed943bc-51da-49d5-95e7-c3f97c3ad584" testId="9006b827-71f8-1e68-78c8-d64e06e75b19" testName="FormatToStringTest1000(50644.690874327294d,&quot;50644.69 zł&quot;)" computerName="DESKTOP-5URQ9PB" duration="00:00:00.0000200" startTime="2022-06-13T21:13:29.8291746+02:00" endTime="2022-06-13T21:13:29.8291945+02:00" testType="13cdc9d9-ddb5-4fa4-a97d-d965ccfc6d4b" outcome="Passed" testListId="8c84fa94-04c1-424b-9868-57a2d4851a1d" relativeResultsDirectory="1ed943bc-51da-49d5-95e7-c3f97c3ad584" />
    <UnitTestResult executionId="736c3356-0897-476a-b17c-4e0332a82586" testId="07033e2b-ce19-3c9a-f51d-d9b702d310a1" testName="FormatToStringTest1000(21281.64584727662d,&quot;21281.65 zł&quot;)" computerName="DESKTOP-5URQ9PB" duration="00:00:00.0000190" startTime="2022-06-13T21:13:29.8127450+02:00" endTime="2022-06-13T21:13:29.8127637+02:00" testType="13cdc9d9-ddb5-4fa4-a97d-d965ccfc6d4b" outcome="Passed" testListId="8c84fa94-04c1-424b-9868-57a2d4851a1d" relativeResultsDirectory="736c3356-0897-476a-b17c-4e0332a82586" />
    <UnitTestResult executionId="6257bc13-82e1-4d1b-b9d9-c818a987209d" testId="fc250b23-71a0-c4eb-52eb-8cd889ac9f85" testName="FormatToStringTest1000(14480.387652530982d,&quot;14480.39 zł&quot;)" computerName="DESKTOP-5URQ9PB" duration="00:00:00.0000190" startTime="2022-06-13T21:13:29.8132918+02:00" endTime="2022-06-13T21:13:29.8133104+02:00" testType="13cdc9d9-ddb5-4fa4-a97d-d965ccfc6d4b" outcome="Passed" testListId="8c84fa94-04c1-424b-9868-57a2d4851a1d" relativeResultsDirectory="6257bc13-82e1-4d1b-b9d9-c818a987209d" />
    <UnitTestResult executionId="efff1f06-a672-446d-be77-fef2df1acc2f" testId="d45e0a24-dbfe-46a9-68b0-8da0a6094838" testName="FormatToStringTest1000(20321.03715103913d,&quot;20321.04 zł&quot;)" computerName="DESKTOP-5URQ9PB" duration="00:00:00.0000260" startTime="2022-06-13T21:13:29.8164159+02:00" endTime="2022-06-13T21:13:29.8164419+02:00" testType="13cdc9d9-ddb5-4fa4-a97d-d965ccfc6d4b" outcome="Passed" testListId="8c84fa94-04c1-424b-9868-57a2d4851a1d" relativeResultsDirectory="efff1f06-a672-446d-be77-fef2df1acc2f" />
    <UnitTestResult executionId="26c1591a-da35-4cea-a4c1-3b55f221bcc3" testId="d685c2c4-f219-af53-1ba4-f062b4ec12ac" testName="FormatToStringTest1000(9657.360676611475d,&quot;9657.36 zł&quot;)" computerName="DESKTOP-5URQ9PB" duration="00:00:00.0000280" startTime="2022-06-13T21:13:29.8190160+02:00" endTime="2022-06-13T21:13:29.8190443+02:00" testType="13cdc9d9-ddb5-4fa4-a97d-d965ccfc6d4b" outcome="Passed" testListId="8c84fa94-04c1-424b-9868-57a2d4851a1d" relativeResultsDirectory="26c1591a-da35-4cea-a4c1-3b55f221bcc3" />
    <UnitTestResult executionId="e30be455-d4a1-46fb-87a1-a8923aa1e16a" testId="64a6b4e0-a8e1-9595-14c6-66f8a8c8f576" testName="FormatToStringTest1000(12221.10494323592d,&quot;12221.10 zł&quot;)" computerName="DESKTOP-5URQ9PB" duration="00:00:00.0000180" startTime="2022-06-13T21:13:29.8100425+02:00" endTime="2022-06-13T21:13:29.8100601+02:00" testType="13cdc9d9-ddb5-4fa4-a97d-d965ccfc6d4b" outcome="Passed" testListId="8c84fa94-04c1-424b-9868-57a2d4851a1d" relativeResultsDirectory="e30be455-d4a1-46fb-87a1-a8923aa1e16a" />
    <UnitTestResult executionId="54d3c3dc-d175-41a4-9819-c404118d31b8" testId="112e422e-04b2-3ba3-ad56-a1e5d3cfbd79" testName="FormatToStringTest1000(5247.779940802501d,&quot;5247.78 zł&quot;)" computerName="DESKTOP-5URQ9PB" duration="00:00:00.0000210" startTime="2022-06-13T21:13:29.8342694+02:00" endTime="2022-06-13T21:13:29.8342901+02:00" testType="13cdc9d9-ddb5-4fa4-a97d-d965ccfc6d4b" outcome="Passed" testListId="8c84fa94-04c1-424b-9868-57a2d4851a1d" relativeResultsDirectory="54d3c3dc-d175-41a4-9819-c404118d31b8" />
    <UnitTestResult executionId="9cc98d25-d0fc-41b5-b24f-04d139d1bd3c" testId="9dc75585-8b30-1a60-5f46-ba30d03b7635" testName="FormatToStringTest1000(6352.983758103561d,&quot;6352.98 zł&quot;)" computerName="DESKTOP-5URQ9PB" duration="00:00:00.0000190" startTime="2022-06-13T21:13:29.8301496+02:00" endTime="2022-06-13T21:13:29.8301684+02:00" testType="13cdc9d9-ddb5-4fa4-a97d-d965ccfc6d4b" outcome="Passed" testListId="8c84fa94-04c1-424b-9868-57a2d4851a1d" relativeResultsDirectory="9cc98d25-d0fc-41b5-b24f-04d139d1bd3c" />
    <UnitTestResult executionId="359b0d2c-1393-46da-98cf-f638f5e102b1" testId="ea848b43-279a-f1bb-ab29-b5a8e2e2c8af" testName="FormatToStringTest1000(68174.53068551492d,&quot;68174.53 zł&quot;)" computerName="DESKTOP-5URQ9PB" duration="00:00:00.0000200" startTime="2022-06-13T21:13:29.8302247+02:00" endTime="2022-06-13T21:13:29.8302440+02:00" testType="13cdc9d9-ddb5-4fa4-a97d-d965ccfc6d4b" outcome="Passed" testListId="8c84fa94-04c1-424b-9868-57a2d4851a1d" relativeResultsDirectory="359b0d2c-1393-46da-98cf-f638f5e102b1" />
    <UnitTestResult executionId="b46dda7d-6d49-4298-a842-d4965b69865f" testId="0204302a-a6b4-6e62-a63e-362dc9379d6c" testName="FormatToStringTest1000(50009.23881716898d,&quot;50009.24 zł&quot;)" computerName="DESKTOP-5URQ9PB" duration="00:00:00.0000190" startTime="2022-06-13T21:13:29.8226690+02:00" endTime="2022-06-13T21:13:29.8226875+02:00" testType="13cdc9d9-ddb5-4fa4-a97d-d965ccfc6d4b" outcome="Passed" testListId="8c84fa94-04c1-424b-9868-57a2d4851a1d" relativeResultsDirectory="b46dda7d-6d49-4298-a842-d4965b69865f" />
    <UnitTestResult executionId="36a990e2-fb79-4859-abbe-6352c4a890c6" testId="b643553f-2706-197d-9fb1-e9b050657f08" testName="FormatToStringTest1000(76106.57198894516d,&quot;76106.57 zł&quot;)" computerName="DESKTOP-5URQ9PB" duration="00:00:00.0000200" startTime="2022-06-13T21:13:29.8338618+02:00" endTime="2022-06-13T21:13:29.8338811+02:00" testType="13cdc9d9-ddb5-4fa4-a97d-d965ccfc6d4b" outcome="Passed" testListId="8c84fa94-04c1-424b-9868-57a2d4851a1d" relativeResultsDirectory="36a990e2-fb79-4859-abbe-6352c4a890c6" />
    <UnitTestResult executionId="48e85908-d163-4c81-b973-cf0a6e4443ff" testId="e0f11812-ae84-56fe-380e-aa4471665fb8" testName="FormatToStringTest1000(16511.26921423537d,&quot;16511.27 zł&quot;)" computerName="DESKTOP-5URQ9PB" duration="00:00:00.0000190" startTime="2022-06-13T21:13:29.8320735+02:00" endTime="2022-06-13T21:13:29.8320926+02:00" testType="13cdc9d9-ddb5-4fa4-a97d-d965ccfc6d4b" outcome="Passed" testListId="8c84fa94-04c1-424b-9868-57a2d4851a1d" relativeResultsDirectory="48e85908-d163-4c81-b973-cf0a6e4443ff" />
    <UnitTestResult executionId="d5c71490-aca1-4b74-a783-9e399311b07a" testId="eefaa447-aa0c-7b07-9a84-3d4387fce640" testName="FormatToStringTest1000(5254.6338787505565d,&quot;5254.63 zł&quot;)" computerName="DESKTOP-5URQ9PB" duration="00:00:00.0000200" startTime="2022-06-13T21:13:29.8282661+02:00" endTime="2022-06-13T21:13:29.8282857+02:00" testType="13cdc9d9-ddb5-4fa4-a97d-d965ccfc6d4b" outcome="Passed" testListId="8c84fa94-04c1-424b-9868-57a2d4851a1d" relativeResultsDirectory="d5c71490-aca1-4b74-a783-9e399311b07a" />
    <UnitTestResult executionId="4d43e84e-4b96-4619-8438-cb7aeeb47a13" testId="0dc215f9-ced3-1d40-e986-2ebe86240f13" testName="FormatToStringTest1000(44869.327020554025d,&quot;44869.33 zł&quot;)" computerName="DESKTOP-5URQ9PB" duration="00:00:00.0000180" startTime="2022-06-13T21:13:29.8104067+02:00" endTime="2022-06-13T21:13:29.8104247+02:00" testType="13cdc9d9-ddb5-4fa4-a97d-d965ccfc6d4b" outcome="Passed" testListId="8c84fa94-04c1-424b-9868-57a2d4851a1d" relativeResultsDirectory="4d43e84e-4b96-4619-8438-cb7aeeb47a13" />
    <UnitTestResult executionId="db9b6ae8-66b0-49a7-8eea-a22b571e777e" testId="d80dabd7-8e57-8764-d48e-5c692bf0e881" testName="FormatToStringTest1000(19603.69286519321d,&quot;19603.69 zł&quot;)" computerName="DESKTOP-5URQ9PB" duration="00:00:00.0000190" startTime="2022-06-13T21:13:29.8336331+02:00" endTime="2022-06-13T21:13:29.8336523+02:00" testType="13cdc9d9-ddb5-4fa4-a97d-d965ccfc6d4b" outcome="Passed" testListId="8c84fa94-04c1-424b-9868-57a2d4851a1d" relativeResultsDirectory="db9b6ae8-66b0-49a7-8eea-a22b571e777e" />
    <UnitTestResult executionId="0332c5d8-d3a5-4d32-83e1-d88d3f0045b2" testId="719fd87e-be7b-b92c-8926-a4bddcef0244" testName="FormatToStringTest1000(7407.385606687696d,&quot;7407.39 zł&quot;)" computerName="DESKTOP-5URQ9PB" duration="00:00:00.0000200" startTime="2022-06-13T21:13:29.8232832+02:00" endTime="2022-06-13T21:13:29.8233027+02:00" testType="13cdc9d9-ddb5-4fa4-a97d-d965ccfc6d4b" outcome="Passed" testListId="8c84fa94-04c1-424b-9868-57a2d4851a1d" relativeResultsDirectory="0332c5d8-d3a5-4d32-83e1-d88d3f0045b2" />
    <UnitTestResult executionId="ee016f28-5f8b-4d6c-af4b-18323230d3aa" testId="39997ae6-4a52-e491-d8ae-8d3f689efcd5" testName="FormatToStringTest1000(30126.012320622805d,&quot;30126.01 zł&quot;)" computerName="DESKTOP-5URQ9PB" duration="00:00:00.0000180" startTime="2022-06-13T21:13:29.8103343+02:00" endTime="2022-06-13T21:13:29.8103520+02:00" testType="13cdc9d9-ddb5-4fa4-a97d-d965ccfc6d4b" outcome="Passed" testListId="8c84fa94-04c1-424b-9868-57a2d4851a1d" relativeResultsDirectory="ee016f28-5f8b-4d6c-af4b-18323230d3aa" />
    <UnitTestResult executionId="3fb4aafc-ba4d-424f-9d5c-ff0ddfd07c4f" testId="fbe41254-a5bc-bdde-4d71-8c5eb07a0fb3" testName="FormatToStringTest1000(13197.65136269417d,&quot;13197.65 zł&quot;)" computerName="DESKTOP-5URQ9PB" duration="00:00:00.0000260" startTime="2022-06-13T21:13:29.8196703+02:00" endTime="2022-06-13T21:13:29.8196957+02:00" testType="13cdc9d9-ddb5-4fa4-a97d-d965ccfc6d4b" outcome="Passed" testListId="8c84fa94-04c1-424b-9868-57a2d4851a1d" relativeResultsDirectory="3fb4aafc-ba4d-424f-9d5c-ff0ddfd07c4f" />
    <UnitTestResult executionId="9dc5bfd0-b442-4527-b163-841d864efd34" testId="a1315833-0fe6-4fc5-8939-3c4f1b31db5e" testName="FormatToStringTest1000(26223.99769144412d,&quot;26224.00 zł&quot;)" computerName="DESKTOP-5URQ9PB" duration="00:00:00.0000180" startTime="2022-06-13T21:13:29.8105057+02:00" endTime="2022-06-13T21:13:29.8105234+02:00" testType="13cdc9d9-ddb5-4fa4-a97d-d965ccfc6d4b" outcome="Passed" testListId="8c84fa94-04c1-424b-9868-57a2d4851a1d" relativeResultsDirectory="9dc5bfd0-b442-4527-b163-841d864efd34" />
    <UnitTestResult executionId="08e26f92-f49f-4111-b607-027e532453f9" testId="6df8a807-c182-b8aa-45a8-8ae3c76a3ec5" testName="FormatToStringTest1000(68698.01923441609d,&quot;68698.02 zł&quot;)" computerName="DESKTOP-5URQ9PB" duration="00:00:00.0000190" startTime="2022-06-13T21:13:29.8327132+02:00" endTime="2022-06-13T21:13:29.8327317+02:00" testType="13cdc9d9-ddb5-4fa4-a97d-d965ccfc6d4b" outcome="Passed" testListId="8c84fa94-04c1-424b-9868-57a2d4851a1d" relativeResultsDirectory="08e26f92-f49f-4111-b607-027e532453f9" />
    <UnitTestResult executionId="dd85b420-81b9-4793-94a9-8d4af226840b" testId="041696c1-18d1-f2dd-9a5d-5cb1c9e853ff" testName="FormatToStringTest1000(22533.17694295811d,&quot;22533.18 zł&quot;)" computerName="DESKTOP-5URQ9PB" duration="00:00:00.0000200" startTime="2022-06-13T21:13:29.8329499+02:00" endTime="2022-06-13T21:13:29.8329693+02:00" testType="13cdc9d9-ddb5-4fa4-a97d-d965ccfc6d4b" outcome="Passed" testListId="8c84fa94-04c1-424b-9868-57a2d4851a1d" relativeResultsDirectory="dd85b420-81b9-4793-94a9-8d4af226840b" />
    <UnitTestResult executionId="747bbcce-9603-4e27-89a3-d712c9f8def0" testId="a92ca949-d664-bb06-21ee-ed111f1dab55" testName="FormatToStringTest1000(9079.930405251649d,&quot;9079.93 zł&quot;)" computerName="DESKTOP-5URQ9PB" duration="00:00:00.0000250" startTime="2022-06-13T21:13:29.8172554+02:00" endTime="2022-06-13T21:13:29.8172801+02:00" testType="13cdc9d9-ddb5-4fa4-a97d-d965ccfc6d4b" outcome="Passed" testListId="8c84fa94-04c1-424b-9868-57a2d4851a1d" relativeResultsDirectory="747bbcce-9603-4e27-89a3-d712c9f8def0" />
    <UnitTestResult executionId="30fc3707-18de-446f-af38-bce2f18eb0e0" testId="6b63c191-3bae-08f6-ef80-e9550ed318c7" testName="FormatToStringTest1000(48544.390887578666d,&quot;48544.39 zł&quot;)" computerName="DESKTOP-5URQ9PB" duration="00:00:00.0000220" startTime="2022-06-13T21:13:29.8229292+02:00" endTime="2022-06-13T21:13:29.8229512+02:00" testType="13cdc9d9-ddb5-4fa4-a97d-d965ccfc6d4b" outcome="Passed" testListId="8c84fa94-04c1-424b-9868-57a2d4851a1d" relativeResultsDirectory="30fc3707-18de-446f-af38-bce2f18eb0e0" />
    <UnitTestResult executionId="1e0ada3d-328f-4e0b-ba75-38ede7587b69" testId="92fd78dd-20f7-b708-0603-1911a96c9737" testName="FormatToStringTest1000(7951.322730072458d,&quot;7951.32 zł&quot;)" computerName="DESKTOP-5URQ9PB" duration="00:00:00.0000190" startTime="2022-06-13T21:13:29.8120550+02:00" endTime="2022-06-13T21:13:29.8120735+02:00" testType="13cdc9d9-ddb5-4fa4-a97d-d965ccfc6d4b" outcome="Passed" testListId="8c84fa94-04c1-424b-9868-57a2d4851a1d" relativeResultsDirectory="1e0ada3d-328f-4e0b-ba75-38ede7587b69" />
    <UnitTestResult executionId="72440349-dbfb-4060-a766-d442c012c48d" testId="6d2fa905-65f5-7d76-6130-8eb8fe67de75" testName="FormatToStringTest1000(740.3213011405064d,&quot;740.32 zł&quot;)" computerName="DESKTOP-5URQ9PB" duration="00:00:00.0000200" startTime="2022-06-13T21:13:29.8079947+02:00" endTime="2022-06-13T21:13:29.8080145+02:00" testType="13cdc9d9-ddb5-4fa4-a97d-d965ccfc6d4b" outcome="Passed" testListId="8c84fa94-04c1-424b-9868-57a2d4851a1d" relativeResultsDirectory="72440349-dbfb-4060-a766-d442c012c48d" />
    <UnitTestResult executionId="9910c081-49df-479f-9bcf-60a0e8a117b6" testId="e2ca2857-33e4-4daa-d2e9-09d09dfdba1f" testName="FormatToStringTest1000(18023.78504577455d,&quot;18023.79 zł&quot;)" computerName="DESKTOP-5URQ9PB" duration="00:00:00.0000180" startTime="2022-06-13T21:13:29.8131174+02:00" endTime="2022-06-13T21:13:29.8131351+02:00" testType="13cdc9d9-ddb5-4fa4-a97d-d965ccfc6d4b" outcome="Passed" testListId="8c84fa94-04c1-424b-9868-57a2d4851a1d" relativeResultsDirectory="9910c081-49df-479f-9bcf-60a0e8a117b6" />
    <UnitTestResult executionId="374c95ce-6dbb-4bf5-9c3c-9a4240dbf458" testId="2fcbb4d5-0c22-d47d-9ea9-6260fb047a7e" testName="FormatToStringTest1000(7013.601812260971d,&quot;7013.60 zł&quot;)" computerName="DESKTOP-5URQ9PB" duration="00:00:00.0000180" startTime="2022-06-13T21:13:29.8328642+02:00" endTime="2022-06-13T21:13:29.8328823+02:00" testType="13cdc9d9-ddb5-4fa4-a97d-d965ccfc6d4b" outcome="Passed" testListId="8c84fa94-04c1-424b-9868-57a2d4851a1d" relativeResultsDirectory="374c95ce-6dbb-4bf5-9c3c-9a4240dbf458" />
    <UnitTestResult executionId="66691bdb-feb9-449b-bc76-1cbf2a52ff3b" testId="0fa0c864-c433-31dc-ea26-995fbf849a90" testName="FormatToStringTest1000(236.20263638589657d,&quot;236.20 zł&quot;)" computerName="DESKTOP-5URQ9PB" duration="00:00:00.0000190" startTime="2022-06-13T21:13:29.8246705+02:00" endTime="2022-06-13T21:13:29.8246891+02:00" testType="13cdc9d9-ddb5-4fa4-a97d-d965ccfc6d4b" outcome="Passed" testListId="8c84fa94-04c1-424b-9868-57a2d4851a1d" relativeResultsDirectory="66691bdb-feb9-449b-bc76-1cbf2a52ff3b" />
    <UnitTestResult executionId="fa1342d2-9db1-45b9-add0-40ee31e97060" testId="ddcae2eb-b1a6-813a-a49c-5333a490205e" testName="FormatToStringTest1000(29845.02749849345d,&quot;29845.03 zł&quot;)" computerName="DESKTOP-5URQ9PB" duration="00:00:00.0000190" startTime="2022-06-13T21:13:29.8138292+02:00" endTime="2022-06-13T21:13:29.8138476+02:00" testType="13cdc9d9-ddb5-4fa4-a97d-d965ccfc6d4b" outcome="Passed" testListId="8c84fa94-04c1-424b-9868-57a2d4851a1d" relativeResultsDirectory="fa1342d2-9db1-45b9-add0-40ee31e97060" />
    <UnitTestResult executionId="4b2b6f06-f8f9-4b2f-9440-4aa74e179017" testId="a2f90830-dfa6-05f0-71fa-365928f71cdd" testName="FormatToStringTest1000(20752.33758466334d,&quot;20752.34 zł&quot;)" computerName="DESKTOP-5URQ9PB" duration="00:00:00.0000190" startTime="2022-06-13T21:13:29.8154633+02:00" endTime="2022-06-13T21:13:29.8154820+02:00" testType="13cdc9d9-ddb5-4fa4-a97d-d965ccfc6d4b" outcome="Passed" testListId="8c84fa94-04c1-424b-9868-57a2d4851a1d" relativeResultsDirectory="4b2b6f06-f8f9-4b2f-9440-4aa74e179017" />
    <UnitTestResult executionId="e71c1295-700a-4f73-a21e-21c1b8dae3ae" testId="d2b12152-aa29-786c-7dfa-f4b6b5aa2a7e" testName="FormatToStringTest1000(3503.9809179231434d,&quot;3503.98 zł&quot;)" computerName="DESKTOP-5URQ9PB" duration="00:00:00.0000270" startTime="2022-06-13T21:13:29.8207653+02:00" endTime="2022-06-13T21:13:29.8207925+02:00" testType="13cdc9d9-ddb5-4fa4-a97d-d965ccfc6d4b" outcome="Passed" testListId="8c84fa94-04c1-424b-9868-57a2d4851a1d" relativeResultsDirectory="e71c1295-700a-4f73-a21e-21c1b8dae3ae" />
    <UnitTestResult executionId="bd028b4f-353b-400e-be7c-b8d547b09b86" testId="28ae16d9-787d-277c-8346-a2bcbe4da144" testName="FormatToStringTest1000(10914.360814625099d,&quot;10914.36 zł&quot;)" computerName="DESKTOP-5URQ9PB" duration="00:00:00.0000180" startTime="2022-06-13T21:13:29.8072519+02:00" endTime="2022-06-13T21:13:29.8072702+02:00" testType="13cdc9d9-ddb5-4fa4-a97d-d965ccfc6d4b" outcome="Passed" testListId="8c84fa94-04c1-424b-9868-57a2d4851a1d" relativeResultsDirectory="bd028b4f-353b-400e-be7c-b8d547b09b86" />
    <UnitTestResult executionId="d90e4493-a3b0-435e-889b-cddeceae8fa6" testId="1f8c3026-17e4-68c3-c899-dd2458b787d5" testName="FormatToStringTest1000(72659.37876478041d,&quot;72659.38 zł&quot;)" computerName="DESKTOP-5URQ9PB" duration="00:00:00.0000190" startTime="2022-06-13T21:13:29.8263988+02:00" endTime="2022-06-13T21:13:29.8264175+02:00" testType="13cdc9d9-ddb5-4fa4-a97d-d965ccfc6d4b" outcome="Passed" testListId="8c84fa94-04c1-424b-9868-57a2d4851a1d" relativeResultsDirectory="d90e4493-a3b0-435e-889b-cddeceae8fa6" />
    <UnitTestResult executionId="90e05331-8ecb-46c4-b05b-7ad21d9fc9c8" testId="04b5ae4a-9995-af19-61fb-019921680928" testName="FormatToStringTest1000(26162.532683261918d,&quot;26162.53 zł&quot;)" computerName="DESKTOP-5URQ9PB" duration="00:00:00.0000180" startTime="2022-06-13T21:13:29.8298105+02:00" endTime="2022-06-13T21:13:29.8298285+02:00" testType="13cdc9d9-ddb5-4fa4-a97d-d965ccfc6d4b" outcome="Passed" testListId="8c84fa94-04c1-424b-9868-57a2d4851a1d" relativeResultsDirectory="90e05331-8ecb-46c4-b05b-7ad21d9fc9c8" />
    <UnitTestResult executionId="80f9f7aa-3835-4670-adcf-b836fa7e2c6d" testId="1d93089d-e24f-f1cb-f4e6-3e9e0cc249d4" testName="FormatToStringTest1000(33699.13042082038d,&quot;33699.13 zł&quot;)" computerName="DESKTOP-5URQ9PB" duration="00:00:00.0000190" startTime="2022-06-13T21:13:29.8252315+02:00" endTime="2022-06-13T21:13:29.8252504+02:00" testType="13cdc9d9-ddb5-4fa4-a97d-d965ccfc6d4b" outcome="Passed" testListId="8c84fa94-04c1-424b-9868-57a2d4851a1d" relativeResultsDirectory="80f9f7aa-3835-4670-adcf-b836fa7e2c6d" />
    <UnitTestResult executionId="f8165835-77f2-4b4c-ab03-f3530fc1e3f4" testId="deeaa6b3-3ff5-0109-60b8-733b4bfcf2d5" testName="FormatToStringTest1000(4669.392596858271d,&quot;4669.39 zł&quot;)" computerName="DESKTOP-5URQ9PB" duration="00:00:00.0000180" startTime="2022-06-13T21:13:29.8130438+02:00" endTime="2022-06-13T21:13:29.8130621+02:00" testType="13cdc9d9-ddb5-4fa4-a97d-d965ccfc6d4b" outcome="Passed" testListId="8c84fa94-04c1-424b-9868-57a2d4851a1d" relativeResultsDirectory="f8165835-77f2-4b4c-ab03-f3530fc1e3f4" />
    <UnitTestResult executionId="5a6494b2-7771-45d4-8e18-e10d6e418d95" testId="4ae6f156-51db-bc15-8975-b99fe55a99a8" testName="FormatToStringTest1000(47393.54939526671d,&quot;47393.55 zł&quot;)" computerName="DESKTOP-5URQ9PB" duration="00:00:00.0000270" startTime="2022-06-13T21:13:29.8178721+02:00" endTime="2022-06-13T21:13:29.8178989+02:00" testType="13cdc9d9-ddb5-4fa4-a97d-d965ccfc6d4b" outcome="Passed" testListId="8c84fa94-04c1-424b-9868-57a2d4851a1d" relativeResultsDirectory="5a6494b2-7771-45d4-8e18-e10d6e418d95" />
    <UnitTestResult executionId="fb5bc917-0728-48da-b603-5179cfed8b31" testId="13d2b3bb-af6c-2786-7b3d-1db93b9fedf2" testName="FormatToStringTest1000(8514.837538072763d,&quot;8514.84 zł&quot;)" computerName="DESKTOP-5URQ9PB" duration="00:00:00.0000180" startTime="2022-06-13T21:13:29.8335322+02:00" endTime="2022-06-13T21:13:29.8335504+02:00" testType="13cdc9d9-ddb5-4fa4-a97d-d965ccfc6d4b" outcome="Passed" testListId="8c84fa94-04c1-424b-9868-57a2d4851a1d" relativeResultsDirectory="fb5bc917-0728-48da-b603-5179cfed8b31" />
    <UnitTestResult executionId="c467803a-96dd-49c8-bb36-157a1e620324" testId="ea53113d-e645-3e3d-8dda-f0c57f3d1f3e" testName="FormatToStringTest1000(16190.113943164757d,&quot;16190.11 zł&quot;)" computerName="DESKTOP-5URQ9PB" duration="00:00:00.0000330" startTime="2022-06-13T21:13:29.8189324+02:00" endTime="2022-06-13T21:13:29.8189647+02:00" testType="13cdc9d9-ddb5-4fa4-a97d-d965ccfc6d4b" outcome="Passed" testListId="8c84fa94-04c1-424b-9868-57a2d4851a1d" relativeResultsDirectory="c467803a-96dd-49c8-bb36-157a1e620324" />
    <UnitTestResult executionId="55a252cc-5c2b-4435-9d71-59de4a13b798" testId="527d41f4-ee35-aeed-39d2-777e78659af8" testName="FormatToStringTest1000(18786.954468002055d,&quot;18786.95 zł&quot;)" computerName="DESKTOP-5URQ9PB" duration="00:00:00.0000200" startTime="2022-06-13T21:13:29.8217678+02:00" endTime="2022-06-13T21:13:29.8217877+02:00" testType="13cdc9d9-ddb5-4fa4-a97d-d965ccfc6d4b" outcome="Passed" testListId="8c84fa94-04c1-424b-9868-57a2d4851a1d" relativeResultsDirectory="55a252cc-5c2b-4435-9d71-59de4a13b798" />
    <UnitTestResult executionId="94111b2e-7906-4f9a-9d47-f6ce697a18b3" testId="ea6215af-9f7a-dfd2-1e42-d16863c438d5" testName="FormatToStringTest1000(7377.5644264340235d,&quot;7377.56 zł&quot;)" computerName="DESKTOP-5URQ9PB" duration="00:00:00.0000200" startTime="2022-06-13T21:13:29.8309435+02:00" endTime="2022-06-13T21:13:29.8309635+02:00" testType="13cdc9d9-ddb5-4fa4-a97d-d965ccfc6d4b" outcome="Passed" testListId="8c84fa94-04c1-424b-9868-57a2d4851a1d" relativeResultsDirectory="94111b2e-7906-4f9a-9d47-f6ce697a18b3" />
    <UnitTestResult executionId="d5177ff7-9b48-4a72-865f-b2af1016dffe" testId="99b9ef43-ae03-d550-aafb-7b6a0ec7c1ee" testName="FormatToStringTest1000(18032.4720825476d,&quot;18032.47 zł&quot;)" computerName="DESKTOP-5URQ9PB" duration="00:00:00.0000190" startTime="2022-06-13T21:13:29.8321781+02:00" endTime="2022-06-13T21:13:29.8321970+02:00" testType="13cdc9d9-ddb5-4fa4-a97d-d965ccfc6d4b" outcome="Passed" testListId="8c84fa94-04c1-424b-9868-57a2d4851a1d" relativeResultsDirectory="d5177ff7-9b48-4a72-865f-b2af1016dffe" />
    <UnitTestResult executionId="9e96e57a-1971-4d4f-8df0-f3f70505f1ba" testId="1b5e4bdd-94b8-c181-30ec-747619ebfce8" testName="FormatToStringTest1000(12577.642620996872d,&quot;12577.64 zł&quot;)" computerName="DESKTOP-5URQ9PB" duration="00:00:00.0000180" startTime="2022-06-13T21:13:29.8112452+02:00" endTime="2022-06-13T21:13:29.8112631+02:00" testType="13cdc9d9-ddb5-4fa4-a97d-d965ccfc6d4b" outcome="Passed" testListId="8c84fa94-04c1-424b-9868-57a2d4851a1d" relativeResultsDirectory="9e96e57a-1971-4d4f-8df0-f3f70505f1ba" />
    <UnitTestResult executionId="f95f2cf0-d872-40ff-8248-b4fb80be4bc1" testId="67cd7cf5-f472-f19a-a725-58400de88452" testName="FormatToStringTest1000(1994.0983933439006d,&quot;1994.10 zł&quot;)" computerName="DESKTOP-5URQ9PB" duration="00:00:00.0000180" startTime="2022-06-13T21:13:29.8323815+02:00" endTime="2022-06-13T21:13:29.8323995+02:00" testType="13cdc9d9-ddb5-4fa4-a97d-d965ccfc6d4b" outcome="Passed" testListId="8c84fa94-04c1-424b-9868-57a2d4851a1d" relativeResultsDirectory="f95f2cf0-d872-40ff-8248-b4fb80be4bc1" />
    <UnitTestResult executionId="34790751-5f64-4131-9d5f-eb092e0dcdb9" testId="e384d116-33c4-57e3-344d-6dd941c8a721" testName="FormatToStringTest1000(30199.386730006612d,&quot;30199.39 zł&quot;)" computerName="DESKTOP-5URQ9PB" duration="00:00:00.0000190" startTime="2022-06-13T21:13:29.8311209+02:00" endTime="2022-06-13T21:13:29.8311401+02:00" testType="13cdc9d9-ddb5-4fa4-a97d-d965ccfc6d4b" outcome="Passed" testListId="8c84fa94-04c1-424b-9868-57a2d4851a1d" relativeResultsDirectory="34790751-5f64-4131-9d5f-eb092e0dcdb9" />
    <UnitTestResult executionId="c6237a1b-2869-4e7f-a5f5-5d685d949ee2" testId="9a124f11-40ca-d2aa-a849-6941897e0c0b" testName="FormatToStringTest1000(7076.829971250534d,&quot;7076.83 zł&quot;)" computerName="DESKTOP-5URQ9PB" duration="00:00:00.0000200" startTime="2022-06-13T21:13:29.8304528+02:00" endTime="2022-06-13T21:13:29.8304727+02:00" testType="13cdc9d9-ddb5-4fa4-a97d-d965ccfc6d4b" outcome="Passed" testListId="8c84fa94-04c1-424b-9868-57a2d4851a1d" relativeResultsDirectory="c6237a1b-2869-4e7f-a5f5-5d685d949ee2" />
    <UnitTestResult executionId="089ed6f5-cdaf-4530-a702-d6f41df3ec00" testId="67f8d8e0-1fb7-7817-1ba6-6557149ef676" testName="FormatToStringTest1000(2444.4726240530017d,&quot;2444.47 zł&quot;)" computerName="DESKTOP-5URQ9PB" duration="00:00:00.0000180" startTime="2022-06-13T21:13:29.8316615+02:00" endTime="2022-06-13T21:13:29.8316797+02:00" testType="13cdc9d9-ddb5-4fa4-a97d-d965ccfc6d4b" outcome="Passed" testListId="8c84fa94-04c1-424b-9868-57a2d4851a1d" relativeResultsDirectory="089ed6f5-cdaf-4530-a702-d6f41df3ec00" />
    <UnitTestResult executionId="40f3b980-c5cf-4245-871d-335ad5d05617" testId="a6a973e9-da68-b082-10c2-5aa132fd4e6b" testName="FormatToStringTest1000(36320.770035296104d,&quot;36320.77 zł&quot;)" computerName="DESKTOP-5URQ9PB" duration="00:00:00.0000180" startTime="2022-06-13T21:13:29.8308596+02:00" endTime="2022-06-13T21:13:29.8308779+02:00" testType="13cdc9d9-ddb5-4fa4-a97d-d965ccfc6d4b" outcome="Passed" testListId="8c84fa94-04c1-424b-9868-57a2d4851a1d" relativeResultsDirectory="40f3b980-c5cf-4245-871d-335ad5d05617" />
    <UnitTestResult executionId="e01a7e59-5acd-4336-a090-b96b0fb20ccb" testId="1d439d51-4271-ce67-e4e0-d0b84f8d1caf" testName="FormatToStringTest1000(66284.43763489948d,&quot;66284.44 zł&quot;)" computerName="DESKTOP-5URQ9PB" duration="00:00:00.0000190" startTime="2022-06-13T21:13:29.8248254+02:00" endTime="2022-06-13T21:13:29.8248439+02:00" testType="13cdc9d9-ddb5-4fa4-a97d-d965ccfc6d4b" outcome="Passed" testListId="8c84fa94-04c1-424b-9868-57a2d4851a1d" relativeResultsDirectory="e01a7e59-5acd-4336-a090-b96b0fb20ccb" />
    <UnitTestResult executionId="56df9838-0c77-476c-9492-dcf2112cb1b9" testId="491de118-700b-88eb-ac68-d71ffdabe000" testName="FormatToStringTest1000(63291.50274994015d,&quot;63291.50 zł&quot;)" computerName="DESKTOP-5URQ9PB" duration="00:00:00.0000280" startTime="2022-06-13T21:13:29.8197739+02:00" endTime="2022-06-13T21:13:29.8198016+02:00" testType="13cdc9d9-ddb5-4fa4-a97d-d965ccfc6d4b" outcome="Passed" testListId="8c84fa94-04c1-424b-9868-57a2d4851a1d" relativeResultsDirectory="56df9838-0c77-476c-9492-dcf2112cb1b9" />
    <UnitTestResult executionId="c1bd6418-4929-483a-935f-f7530c3d237d" testId="e2350845-1f3f-6907-3805-d81b5dce3aed" testName="FormatToStringTest1000(32908.76696502639d,&quot;32908.77 zł&quot;)" computerName="DESKTOP-5URQ9PB" duration="00:00:00.0000180" startTime="2022-06-13T21:13:29.8127940+02:00" endTime="2022-06-13T21:13:29.8128120+02:00" testType="13cdc9d9-ddb5-4fa4-a97d-d965ccfc6d4b" outcome="Passed" testListId="8c84fa94-04c1-424b-9868-57a2d4851a1d" relativeResultsDirectory="c1bd6418-4929-483a-935f-f7530c3d237d" />
    <UnitTestResult executionId="4a9623bd-2092-4b94-a66c-279ea176fa92" testId="6b78f8da-fc12-62dc-9f88-c5e10a98f007" testName="FormatToStringTest1000(42383.08993972982d,&quot;42383.09 zł&quot;)" computerName="DESKTOP-5URQ9PB" duration="00:00:00.0000190" startTime="2022-06-13T21:13:29.8227703+02:00" endTime="2022-06-13T21:13:29.8227891+02:00" testType="13cdc9d9-ddb5-4fa4-a97d-d965ccfc6d4b" outcome="Passed" testListId="8c84fa94-04c1-424b-9868-57a2d4851a1d" relativeResultsDirectory="4a9623bd-2092-4b94-a66c-279ea176fa92" />
    <UnitTestResult executionId="f5f98129-4d51-43d9-b6fe-ec4d6ef91027" testId="7b53b99d-252e-844e-10ce-3552b8f6980f" testName="FormatToStringTest1000(28072.424637532058d,&quot;28072.42 zł&quot;)" computerName="DESKTOP-5URQ9PB" duration="00:00:00.0000190" startTime="2022-06-13T21:13:29.8079645+02:00" endTime="2022-06-13T21:13:29.8079829+02:00" testType="13cdc9d9-ddb5-4fa4-a97d-d965ccfc6d4b" outcome="Passed" testListId="8c84fa94-04c1-424b-9868-57a2d4851a1d" relativeResultsDirectory="f5f98129-4d51-43d9-b6fe-ec4d6ef91027" />
    <UnitTestResult executionId="d44fd896-8901-4978-8730-5b591d06a370" testId="90ee7706-be86-d0d9-20c4-74ab6a1f60b7" testName="FormatToStringTest1000(67109.22110940759d,&quot;67109.22 zł&quot;)" computerName="DESKTOP-5URQ9PB" duration="00:00:00.0000240" startTime="2022-06-13T21:13:29.8299100+02:00" endTime="2022-06-13T21:13:29.8299385+02:00" testType="13cdc9d9-ddb5-4fa4-a97d-d965ccfc6d4b" outcome="Passed" testListId="8c84fa94-04c1-424b-9868-57a2d4851a1d" relativeResultsDirectory="d44fd896-8901-4978-8730-5b591d06a370" />
    <UnitTestResult executionId="89e5f319-e90f-45bd-9b9b-75743eadcc0e" testId="86a3d4f1-4730-e078-7812-a2cb42758d4b" testName="FormatToStringTest1000(58848.60825001477d,&quot;58848.61 zł&quot;)" computerName="DESKTOP-5URQ9PB" duration="00:00:00.0000190" startTime="2022-06-13T21:13:29.8089568+02:00" endTime="2022-06-13T21:13:29.8089757+02:00" testType="13cdc9d9-ddb5-4fa4-a97d-d965ccfc6d4b" outcome="Passed" testListId="8c84fa94-04c1-424b-9868-57a2d4851a1d" relativeResultsDirectory="89e5f319-e90f-45bd-9b9b-75743eadcc0e" />
    <UnitTestResult executionId="05a09006-72e5-4945-a664-5f723b01326c" testId="b5f26849-7f95-8deb-3e82-07db33467afb" testName="FormatToStringTest1000(61324.33752458279d,&quot;61324.34 zł&quot;)" computerName="DESKTOP-5URQ9PB" duration="00:00:00.0000250" startTime="2022-06-13T21:13:29.8171874+02:00" endTime="2022-06-13T21:13:29.8172126+02:00" testType="13cdc9d9-ddb5-4fa4-a97d-d965ccfc6d4b" outcome="Passed" testListId="8c84fa94-04c1-424b-9868-57a2d4851a1d" relativeResultsDirectory="05a09006-72e5-4945-a664-5f723b01326c" />
    <UnitTestResult executionId="d037ee0d-4b9b-4d1a-a848-bdc7bd272859" testId="6348b4b0-49f7-9204-9791-fbfe727cb8b8" testName="FormatToStringTest1000(31424.298858482067d,&quot;31424.30 zł&quot;)" computerName="DESKTOP-5URQ9PB" duration="00:00:00.0000190" startTime="2022-06-13T21:13:29.8227196+02:00" endTime="2022-06-13T21:13:29.8227381+02:00" testType="13cdc9d9-ddb5-4fa4-a97d-d965ccfc6d4b" outcome="Passed" testListId="8c84fa94-04c1-424b-9868-57a2d4851a1d" relativeResultsDirectory="d037ee0d-4b9b-4d1a-a848-bdc7bd272859" />
    <UnitTestResult executionId="dac3106d-f217-4683-abda-add9a981a58d" testId="0f34bf53-f1cd-8615-6e75-51f26224ccf1" testName="FormatToStringTest1000(37387.37521261972d,&quot;37387.38 zł&quot;)" computerName="DESKTOP-5URQ9PB" duration="00:00:00.0000190" startTime="2022-06-13T21:13:29.8266258+02:00" endTime="2022-06-13T21:13:29.8266444+02:00" testType="13cdc9d9-ddb5-4fa4-a97d-d965ccfc6d4b" outcome="Passed" testListId="8c84fa94-04c1-424b-9868-57a2d4851a1d" relativeResultsDirectory="dac3106d-f217-4683-abda-add9a981a58d" />
    <UnitTestResult executionId="79e102d3-72ff-4547-a503-1cb9bf3b213e" testId="fea06ea0-1747-ca17-2548-261210975e57" testName="FormatToStringTest1000(44065.726815678056d,&quot;44065.73 zł&quot;)" computerName="DESKTOP-5URQ9PB" duration="00:00:00.0000200" startTime="2022-06-13T21:13:29.8139321+02:00" endTime="2022-06-13T21:13:29.8139522+02:00" testType="13cdc9d9-ddb5-4fa4-a97d-d965ccfc6d4b" outcome="Passed" testListId="8c84fa94-04c1-424b-9868-57a2d4851a1d" relativeResultsDirectory="79e102d3-72ff-4547-a503-1cb9bf3b213e" />
    <UnitTestResult executionId="e44c607d-2df6-4016-aa4f-6030373afc8a" testId="d147ccf7-2e90-d95d-62de-1759c3690066" testName="FormatToStringTest1000(74152.7503934562d,&quot;74152.75 zł&quot;)" computerName="DESKTOP-5URQ9PB" duration="00:00:00.0000260" startTime="2022-06-13T21:13:29.8170510+02:00" endTime="2022-06-13T21:13:29.8170768+02:00" testType="13cdc9d9-ddb5-4fa4-a97d-d965ccfc6d4b" outcome="Passed" testListId="8c84fa94-04c1-424b-9868-57a2d4851a1d" relativeResultsDirectory="e44c607d-2df6-4016-aa4f-6030373afc8a" />
    <UnitTestResult executionId="0c390b5f-0676-4276-bc51-e123298437f7" testId="37d70f53-ca13-79ab-c67c-fecd55be0876" testName="FormatToStringTest1000(29678.921519093645d,&quot;29678.92 zł&quot;)" computerName="DESKTOP-5URQ9PB" duration="00:00:00.0000180" startTime="2022-06-13T21:13:29.8233596+02:00" endTime="2022-06-13T21:13:29.8233778+02:00" testType="13cdc9d9-ddb5-4fa4-a97d-d965ccfc6d4b" outcome="Passed" testListId="8c84fa94-04c1-424b-9868-57a2d4851a1d" relativeResultsDirectory="0c390b5f-0676-4276-bc51-e123298437f7" />
    <UnitTestResult executionId="bc95be33-e9ce-4755-bd58-6624965294b0" testId="afd0d33f-f4d8-2831-3613-5b41efd13c3b" testName="FormatToStringTest1000(30071.004434484523d,&quot;30071.00 zł&quot;)" computerName="DESKTOP-5URQ9PB" duration="00:00:00.0000190" startTime="2022-06-13T21:13:29.8113672+02:00" endTime="2022-06-13T21:13:29.8113857+02:00" testType="13cdc9d9-ddb5-4fa4-a97d-d965ccfc6d4b" outcome="Passed" testListId="8c84fa94-04c1-424b-9868-57a2d4851a1d" relativeResultsDirectory="bc95be33-e9ce-4755-bd58-6624965294b0" />
    <UnitTestResult executionId="cdae2d87-a6ba-4f26-a2b5-282fd2f2de6f" testId="61eb0848-4e9b-4d1d-2e7a-801bcb7d8307" testName="FormatToStringTest1000(25882.451101077d,&quot;25882.45 zł&quot;)" computerName="DESKTOP-5URQ9PB" duration="00:00:00.0000200" startTime="2022-06-13T21:13:29.8221842+02:00" endTime="2022-06-13T21:13:29.8222044+02:00" testType="13cdc9d9-ddb5-4fa4-a97d-d965ccfc6d4b" outcome="Passed" testListId="8c84fa94-04c1-424b-9868-57a2d4851a1d" relativeResultsDirectory="cdae2d87-a6ba-4f26-a2b5-282fd2f2de6f" />
    <UnitTestResult executionId="95a07146-897a-44ea-8ec3-b95cd2708b15" testId="80a01599-be59-3356-d51c-3d8e6f327fd1" testName="FormatToStringTest1000(88616.03808168416d,&quot;88616.04 zł&quot;)" computerName="DESKTOP-5URQ9PB" duration="00:00:00.0000180" startTime="2022-06-13T21:13:29.8301998+02:00" endTime="2022-06-13T21:13:29.8302182+02:00" testType="13cdc9d9-ddb5-4fa4-a97d-d965ccfc6d4b" outcome="Passed" testListId="8c84fa94-04c1-424b-9868-57a2d4851a1d" relativeResultsDirectory="95a07146-897a-44ea-8ec3-b95cd2708b15" />
    <UnitTestResult executionId="ecf26e3a-e540-4280-9193-f3142c026e66" testId="71678dc5-b379-afbc-5607-17cbf413146c" testName="FormatToStringTest1000(37.631227987646696d,&quot;37.63 zł&quot;)" computerName="DESKTOP-5URQ9PB" duration="00:00:00.0000190" startTime="2022-06-13T21:13:29.8310456+02:00" endTime="2022-06-13T21:13:29.8310643+02:00" testType="13cdc9d9-ddb5-4fa4-a97d-d965ccfc6d4b" outcome="Passed" testListId="8c84fa94-04c1-424b-9868-57a2d4851a1d" relativeResultsDirectory="ecf26e3a-e540-4280-9193-f3142c026e66" />
    <UnitTestResult executionId="f8670bf5-e6c0-4151-a4d5-d89454fadd3f" testId="3d581e6e-ac62-d984-1637-f1fef62a5597" testName="FormatToStringTest1000(57525.72988993569d,&quot;57525.73 zł&quot;)" computerName="DESKTOP-5URQ9PB" duration="00:00:00.0000200" startTime="2022-06-13T21:13:29.8227955+02:00" endTime="2022-06-13T21:13:29.8228150+02:00" testType="13cdc9d9-ddb5-4fa4-a97d-d965ccfc6d4b" outcome="Passed" testListId="8c84fa94-04c1-424b-9868-57a2d4851a1d" relativeResultsDirectory="f8670bf5-e6c0-4151-a4d5-d89454fadd3f" />
    <UnitTestResult executionId="63a54f7c-9d4e-4bb7-9d39-2f3b388f3c97" testId="a01cdd42-8e33-6253-38cb-1cb271d958f4" testName="FormatToStringTest1000(34084.19497795599d,&quot;34084.19 zł&quot;)" computerName="DESKTOP-5URQ9PB" duration="00:00:00.0000190" startTime="2022-06-13T21:13:29.8336075+02:00" endTime="2022-06-13T21:13:29.8336265+02:00" testType="13cdc9d9-ddb5-4fa4-a97d-d965ccfc6d4b" outcome="Passed" testListId="8c84fa94-04c1-424b-9868-57a2d4851a1d" relativeResultsDirectory="63a54f7c-9d4e-4bb7-9d39-2f3b388f3c97" />
    <UnitTestResult executionId="eb76e259-3819-4aac-8e5d-b22434fa48ff" testId="024506f9-eb28-1802-65f5-4eafd9fc8776" testName="FormatToStringTest1000(6105.007054037418d,&quot;6105.01 zł&quot;)" computerName="DESKTOP-5URQ9PB" duration="00:00:00.0000210" startTime="2022-06-13T21:13:29.8246178+02:00" endTime="2022-06-13T21:13:29.8246384+02:00" testType="13cdc9d9-ddb5-4fa4-a97d-d965ccfc6d4b" outcome="Passed" testListId="8c84fa94-04c1-424b-9868-57a2d4851a1d" relativeResultsDirectory="eb76e259-3819-4aac-8e5d-b22434fa48ff" />
    <UnitTestResult executionId="d6c2bbf7-a89d-4581-8e64-0c62194653a5" testId="21c3231d-e912-0f46-5fbf-421ff3f2435e" testName="FormatToStringTest1000(34096.337879508894d,&quot;34096.34 zł&quot;)" computerName="DESKTOP-5URQ9PB" duration="00:00:00.0000180" startTime="2022-06-13T21:13:29.8084608+02:00" endTime="2022-06-13T21:13:29.8084785+02:00" testType="13cdc9d9-ddb5-4fa4-a97d-d965ccfc6d4b" outcome="Passed" testListId="8c84fa94-04c1-424b-9868-57a2d4851a1d" relativeResultsDirectory="d6c2bbf7-a89d-4581-8e64-0c62194653a5" />
    <UnitTestResult executionId="061eaa2a-bf56-4240-80c7-539b4314b488" testId="19b8d5ef-b980-1d42-3f3f-c869dee34ac6" testName="FormatToStringTest1000(73301.91270130403d,&quot;73301.91 zł&quot;)" computerName="DESKTOP-5URQ9PB" duration="00:00:00.0000190" startTime="2022-06-13T21:13:29.8290726+02:00" endTime="2022-06-13T21:13:29.8290914+02:00" testType="13cdc9d9-ddb5-4fa4-a97d-d965ccfc6d4b" outcome="Passed" testListId="8c84fa94-04c1-424b-9868-57a2d4851a1d" relativeResultsDirectory="061eaa2a-bf56-4240-80c7-539b4314b488" />
    <UnitTestResult executionId="cb13024e-cfa8-4a46-8506-5afaf774d0eb" testId="c185c27a-3451-102c-d3c1-98ea6c73d73c" testName="FormatToStringTest1000(25036.98767214035d,&quot;25036.99 zł&quot;)" computerName="DESKTOP-5URQ9PB" duration="00:00:00.0000180" startTime="2022-06-13T21:13:29.8123022+02:00" endTime="2022-06-13T21:13:29.8123200+02:00" testType="13cdc9d9-ddb5-4fa4-a97d-d965ccfc6d4b" outcome="Passed" testListId="8c84fa94-04c1-424b-9868-57a2d4851a1d" relativeResultsDirectory="cb13024e-cfa8-4a46-8506-5afaf774d0eb" />
    <UnitTestResult executionId="41b2997d-a673-42fd-89da-ccec3fc00182" testId="2d12ad1b-0cfb-a7f2-de41-7d109965ff4a" testName="FormatToStringTest1000(35384.637112688106d,&quot;35384.64 zł&quot;)" computerName="DESKTOP-5URQ9PB" duration="00:00:00.0000190" startTime="2022-06-13T21:13:29.8277967+02:00" endTime="2022-06-13T21:13:29.8278156+02:00" testType="13cdc9d9-ddb5-4fa4-a97d-d965ccfc6d4b" outcome="Passed" testListId="8c84fa94-04c1-424b-9868-57a2d4851a1d" relativeResultsDirectory="41b2997d-a673-42fd-89da-ccec3fc00182" />
    <UnitTestResult executionId="5486bfc7-1272-4742-af3e-20c2295478de" testId="6a02a9a9-45fc-e93c-144a-ec579f6fd7df" testName="FormatToStringTest1000(14459.57059750686d,&quot;14459.57 zł&quot;)" computerName="DESKTOP-5URQ9PB" duration="00:00:00.0000200" startTime="2022-06-13T21:13:29.8141550+02:00" endTime="2022-06-13T21:13:29.8141743+02:00" testType="13cdc9d9-ddb5-4fa4-a97d-d965ccfc6d4b" outcome="Passed" testListId="8c84fa94-04c1-424b-9868-57a2d4851a1d" relativeResultsDirectory="5486bfc7-1272-4742-af3e-20c2295478de" />
    <UnitTestResult executionId="520cf268-3eb7-494f-aa06-ed76be86d0ee" testId="29116375-ac95-4d53-91ed-53d27bf037c6" testName="FormatToStringTest1000(33251.41907856028d,&quot;33251.42 zł&quot;)" computerName="DESKTOP-5URQ9PB" duration="00:00:00.0000200" startTime="2022-06-13T21:13:29.8104800+02:00" endTime="2022-06-13T21:13:29.8104993+02:00" testType="13cdc9d9-ddb5-4fa4-a97d-d965ccfc6d4b" outcome="Passed" testListId="8c84fa94-04c1-424b-9868-57a2d4851a1d" relativeResultsDirectory="520cf268-3eb7-494f-aa06-ed76be86d0ee" />
    <UnitTestResult executionId="3f452ff2-1fef-45a3-a815-97caacddb93a" testId="521fa3b6-9e37-72bc-d9e9-42020df0aa26" testName="FormatToStringTest1000(6205.946199725357d,&quot;6205.95 zł&quot;)" computerName="DESKTOP-5URQ9PB" duration="00:00:00.0000180" startTime="2022-06-13T21:13:29.8158800+02:00" endTime="2022-06-13T21:13:29.8158979+02:00" testType="13cdc9d9-ddb5-4fa4-a97d-d965ccfc6d4b" outcome="Passed" testListId="8c84fa94-04c1-424b-9868-57a2d4851a1d" relativeResultsDirectory="3f452ff2-1fef-45a3-a815-97caacddb93a" />
    <UnitTestResult executionId="5e3ee9a3-91f9-4ff9-bfc6-50907a2f16c7" testId="610f0902-3657-5dff-20ec-353a29cbd7c4" testName="FormatToStringTest1000(13206.129467931636d,&quot;13206.13 zł&quot;)" computerName="DESKTOP-5URQ9PB" duration="00:00:00.0000200" startTime="2022-06-13T21:13:29.8247473+02:00" endTime="2022-06-13T21:13:29.8247672+02:00" testType="13cdc9d9-ddb5-4fa4-a97d-d965ccfc6d4b" outcome="Passed" testListId="8c84fa94-04c1-424b-9868-57a2d4851a1d" relativeResultsDirectory="5e3ee9a3-91f9-4ff9-bfc6-50907a2f16c7" />
    <UnitTestResult executionId="420f406c-7a71-41e0-ab6c-86038a90dc70" testId="a8348a06-7119-4e51-65fc-4cd73de7f6cb" testName="FormatToStringTest1000(48684.26840475959d,&quot;48684.27 zł&quot;)" computerName="DESKTOP-5URQ9PB" duration="00:00:00.0000190" startTime="2022-06-13T21:13:29.8251282+02:00" endTime="2022-06-13T21:13:29.8251470+02:00" testType="13cdc9d9-ddb5-4fa4-a97d-d965ccfc6d4b" outcome="Passed" testListId="8c84fa94-04c1-424b-9868-57a2d4851a1d" relativeResultsDirectory="420f406c-7a71-41e0-ab6c-86038a90dc70" />
    <UnitTestResult executionId="0b59e709-9dcb-427e-b382-38b3e7258616" testId="d26e5e0e-e63b-6a1f-1d40-d2dc8692bbaf" testName="FormatToStringTest1000(63507.32603545455d,&quot;63507.33 zł&quot;)" computerName="DESKTOP-5URQ9PB" duration="00:00:00.0000180" startTime="2022-06-13T21:13:29.8091536+02:00" endTime="2022-06-13T21:13:29.8091715+02:00" testType="13cdc9d9-ddb5-4fa4-a97d-d965ccfc6d4b" outcome="Passed" testListId="8c84fa94-04c1-424b-9868-57a2d4851a1d" relativeResultsDirectory="0b59e709-9dcb-427e-b382-38b3e7258616" />
    <UnitTestResult executionId="7d4bfed6-b302-4113-9fbf-d67abfba7a1b" testId="ebee2a3c-e88d-7c65-2391-8d47991a3a48" testName="FormatToStringTest1000(31799.68317462815d,&quot;31799.68 zł&quot;)" computerName="DESKTOP-5URQ9PB" duration="00:00:00.0000180" startTime="2022-06-13T21:13:29.8229579+02:00" endTime="2022-06-13T21:13:29.8229759+02:00" testType="13cdc9d9-ddb5-4fa4-a97d-d965ccfc6d4b" outcome="Passed" testListId="8c84fa94-04c1-424b-9868-57a2d4851a1d" relativeResultsDirectory="7d4bfed6-b302-4113-9fbf-d67abfba7a1b" />
    <UnitTestResult executionId="fa43aaa9-00cf-49fd-a5fd-c6099608eb45" testId="8f24487f-448e-3b5a-351c-88c069a107d6" testName="FormatToStringTest1000(56286.70397975702d,&quot;56286.70 zł&quot;)" computerName="DESKTOP-5URQ9PB" duration="00:00:00.0000190" startTime="2022-06-13T21:13:29.8261698+02:00" endTime="2022-06-13T21:13:29.8261891+02:00" testType="13cdc9d9-ddb5-4fa4-a97d-d965ccfc6d4b" outcome="Passed" testListId="8c84fa94-04c1-424b-9868-57a2d4851a1d" relativeResultsDirectory="fa43aaa9-00cf-49fd-a5fd-c6099608eb45" />
    <UnitTestResult executionId="3e13defe-9d51-4de0-8a84-1bad52c6dddf" testId="762e5ce4-0443-8529-2419-b15e6b3af056" testName="FormatToStringTest1000(43222.47958431695d,&quot;43222.48 zł&quot;)" computerName="DESKTOP-5URQ9PB" duration="00:00:00.0000180" startTime="2022-06-13T21:13:29.8101145+02:00" endTime="2022-06-13T21:13:29.8101326+02:00" testType="13cdc9d9-ddb5-4fa4-a97d-d965ccfc6d4b" outcome="Passed" testListId="8c84fa94-04c1-424b-9868-57a2d4851a1d" relativeResultsDirectory="3e13defe-9d51-4de0-8a84-1bad52c6dddf" />
    <UnitTestResult executionId="f9925c9e-aa34-4c20-972d-c7489b266a39" testId="55be0839-9d5f-302a-bfcf-f7926cef9841" testName="FormatToStringTest1000(4715.320654313695d,&quot;4715.32 zł&quot;)" computerName="DESKTOP-5URQ9PB" duration="00:00:00.0000180" startTime="2022-06-13T21:13:29.8235098+02:00" endTime="2022-06-13T21:13:29.8235281+02:00" testType="13cdc9d9-ddb5-4fa4-a97d-d965ccfc6d4b" outcome="Passed" testListId="8c84fa94-04c1-424b-9868-57a2d4851a1d" relativeResultsDirectory="f9925c9e-aa34-4c20-972d-c7489b266a39" />
    <UnitTestResult executionId="5b391f69-c1ce-42f7-ba6a-19897c667fbd" testId="4a4334b0-5451-8696-5200-0bdb59e2a710" testName="FormatToStringTest1000(15411.371650797022d,&quot;15411.37 zł&quot;)" computerName="DESKTOP-5URQ9PB" duration="00:00:00.0000180" startTime="2022-06-13T21:13:29.8117078+02:00" endTime="2022-06-13T21:13:29.8117254+02:00" testType="13cdc9d9-ddb5-4fa4-a97d-d965ccfc6d4b" outcome="Passed" testListId="8c84fa94-04c1-424b-9868-57a2d4851a1d" relativeResultsDirectory="5b391f69-c1ce-42f7-ba6a-19897c667fbd" />
    <UnitTestResult executionId="d30699b1-efc8-454c-9129-eacda43e9baa" testId="752f584a-0205-5811-1575-29e94681480b" testName="FormatToStringTest1000(46391.661094229516d,&quot;46391.66 zł&quot;)" computerName="DESKTOP-5URQ9PB" duration="00:00:00.0000190" startTime="2022-06-13T21:13:29.8294043+02:00" endTime="2022-06-13T21:13:29.8294228+02:00" testType="13cdc9d9-ddb5-4fa4-a97d-d965ccfc6d4b" outcome="Passed" testListId="8c84fa94-04c1-424b-9868-57a2d4851a1d" relativeResultsDirectory="d30699b1-efc8-454c-9129-eacda43e9baa" />
    <UnitTestResult executionId="2adb7f58-eb8f-438e-ba07-9fe0ef644d19" testId="257cee71-ac96-77a9-908c-68bd8420739c" testName="FormatToStringTest1000(95071.15957335343d,&quot;95071.16 zł&quot;)" computerName="DESKTOP-5URQ9PB" duration="00:00:00.0000190" startTime="2022-06-13T21:13:29.8254577+02:00" endTime="2022-06-13T21:13:29.8254766+02:00" testType="13cdc9d9-ddb5-4fa4-a97d-d965ccfc6d4b" outcome="Passed" testListId="8c84fa94-04c1-424b-9868-57a2d4851a1d" relativeResultsDirectory="2adb7f58-eb8f-438e-ba07-9fe0ef644d19" />
    <UnitTestResult executionId="b0a7cfa1-71a4-49e2-9b26-3b00e0c76edc" testId="ceb7f684-931d-5c6c-b7df-e9079ac9afdf" testName="FormatToStringTest1000(84686.32148464039d,&quot;84686.32 zł&quot;)" computerName="DESKTOP-5URQ9PB" duration="00:00:00.0000270" startTime="2022-06-13T21:13:29.8198117+02:00" endTime="2022-06-13T21:13:29.8198380+02:00" testType="13cdc9d9-ddb5-4fa4-a97d-d965ccfc6d4b" outcome="Passed" testListId="8c84fa94-04c1-424b-9868-57a2d4851a1d" relativeResultsDirectory="b0a7cfa1-71a4-49e2-9b26-3b00e0c76edc" />
    <UnitTestResult executionId="b2b60bfc-e44f-4898-acb6-6513524b977b" testId="1440a184-8a0a-3d08-19bf-ac2d32351c96" testName="FormatToStringTest1000(5108.217389855635d,&quot;5108.22 zł&quot;)" computerName="DESKTOP-5URQ9PB" duration="00:00:00.0000180" startTime="2022-06-13T21:13:29.8158311+02:00" endTime="2022-06-13T21:13:29.8158486+02:00" testType="13cdc9d9-ddb5-4fa4-a97d-d965ccfc6d4b" outcome="Passed" testListId="8c84fa94-04c1-424b-9868-57a2d4851a1d" relativeResultsDirectory="b2b60bfc-e44f-4898-acb6-6513524b977b" />
    <UnitTestResult executionId="4ec42fa1-a932-4bf7-b63f-1f3a11b60efe" testId="0ea957ac-53f2-c077-4d23-d56d0a5f77c4" testName="FormatToStringTest1000(37561.969571757116d,&quot;37561.97 zł&quot;)" computerName="DESKTOP-5URQ9PB" duration="00:00:00.0000260" startTime="2022-06-13T21:13:29.8168695+02:00" endTime="2022-06-13T21:13:29.8168953+02:00" testType="13cdc9d9-ddb5-4fa4-a97d-d965ccfc6d4b" outcome="Passed" testListId="8c84fa94-04c1-424b-9868-57a2d4851a1d" relativeResultsDirectory="4ec42fa1-a932-4bf7-b63f-1f3a11b60efe" />
    <UnitTestResult executionId="ccdaabec-a2d6-4f70-bbec-81da8ecb6401" testId="f28b795b-c425-f0b1-e6d2-05ca8e559551" testName="FormatToStringTest1000(3646.857719214101d,&quot;3646.86 zł&quot;)" computerName="DESKTOP-5URQ9PB" duration="00:00:00.0000270" startTime="2022-06-13T21:13:29.8198816+02:00" endTime="2022-06-13T21:13:29.8199083+02:00" testType="13cdc9d9-ddb5-4fa4-a97d-d965ccfc6d4b" outcome="Passed" testListId="8c84fa94-04c1-424b-9868-57a2d4851a1d" relativeResultsDirectory="ccdaabec-a2d6-4f70-bbec-81da8ecb6401" />
    <UnitTestResult executionId="c56ecac8-6b47-4925-9f5e-c3fa8c4a30f5" testId="23adbcea-fc51-4a16-9d4b-141d8a8f1fb7" testName="FormatToStringTest1000(32359.431438434138d,&quot;32359.43 zł&quot;)" computerName="DESKTOP-5URQ9PB" duration="00:00:00.0000180" startTime="2022-06-13T21:13:29.8288812+02:00" endTime="2022-06-13T21:13:29.8288995+02:00" testType="13cdc9d9-ddb5-4fa4-a97d-d965ccfc6d4b" outcome="Passed" testListId="8c84fa94-04c1-424b-9868-57a2d4851a1d" relativeResultsDirectory="c56ecac8-6b47-4925-9f5e-c3fa8c4a30f5" />
    <UnitTestResult executionId="682b08a1-2fe4-49ef-8e97-962b196ef4a8" testId="fad10d32-e0c1-4a39-6168-5252fb0f8392" testName="FormatToStringTest1000(13337.80490493486d,&quot;13337.80 zł&quot;)" computerName="DESKTOP-5URQ9PB" duration="00:00:00.0000190" startTime="2022-06-13T21:13:29.8333046+02:00" endTime="2022-06-13T21:13:29.8333237+02:00" testType="13cdc9d9-ddb5-4fa4-a97d-d965ccfc6d4b" outcome="Passed" testListId="8c84fa94-04c1-424b-9868-57a2d4851a1d" relativeResultsDirectory="682b08a1-2fe4-49ef-8e97-962b196ef4a8" />
    <UnitTestResult executionId="24e42c75-e2e3-4d8f-9bbf-24660602c905" testId="0bdd31cf-560a-74a8-9cb0-f50b134f6e55" testName="FormatToStringTest1000(50339.31259969497d,&quot;50339.31 zł&quot;)" computerName="DESKTOP-5URQ9PB" duration="00:00:00.0000190" startTime="2022-06-13T21:13:29.8089820+02:00" endTime="2022-06-13T21:13:29.8090005+02:00" testType="13cdc9d9-ddb5-4fa4-a97d-d965ccfc6d4b" outcome="Passed" testListId="8c84fa94-04c1-424b-9868-57a2d4851a1d" relativeResultsDirectory="24e42c75-e2e3-4d8f-9bbf-24660602c905" />
    <UnitTestResult executionId="cf28f206-c8dc-42d0-828a-0754c899fc7a" testId="adc5ef62-1184-5cc3-ec81-b0b338d88e48" testName="FormatToStringTest1000(3799.9216302064815d,&quot;3799.92 zł&quot;)" computerName="DESKTOP-5URQ9PB" duration="00:00:00.0000180" startTime="2022-06-13T21:13:29.8156107+02:00" endTime="2022-06-13T21:13:29.8156288+02:00" testType="13cdc9d9-ddb5-4fa4-a97d-d965ccfc6d4b" outcome="Passed" testListId="8c84fa94-04c1-424b-9868-57a2d4851a1d" relativeResultsDirectory="cf28f206-c8dc-42d0-828a-0754c899fc7a" />
    <UnitTestResult executionId="990e2392-b6cf-4097-942c-c767f01b52c9" testId="5bc31484-16d9-023b-e244-308f6e26f09a" testName="FormatToStringTest1000(30320.450517486992d,&quot;30320.45 zł&quot;)" computerName="DESKTOP-5URQ9PB" duration="00:00:00.0000330" startTime="2022-06-13T21:13:29.8203485+02:00" endTime="2022-06-13T21:13:29.8203812+02:00" testType="13cdc9d9-ddb5-4fa4-a97d-d965ccfc6d4b" outcome="Passed" testListId="8c84fa94-04c1-424b-9868-57a2d4851a1d" relativeResultsDirectory="990e2392-b6cf-4097-942c-c767f01b52c9" />
    <UnitTestResult executionId="567c6e27-1454-4189-acf1-4596e6e488a5" testId="a888e7ea-dbd1-07c6-66f1-9d366fb67e32" testName="FormatToStringTest1000(14712.754747761765d,&quot;14712.75 zł&quot;)" computerName="DESKTOP-5URQ9PB" duration="00:00:00.0000190" startTime="2022-06-13T21:13:29.8290459+02:00" endTime="2022-06-13T21:13:29.8290646+02:00" testType="13cdc9d9-ddb5-4fa4-a97d-d965ccfc6d4b" outcome="Passed" testListId="8c84fa94-04c1-424b-9868-57a2d4851a1d" relativeResultsDirectory="567c6e27-1454-4189-acf1-4596e6e488a5" />
    <UnitTestResult executionId="dc820ccc-1065-4de6-982a-59eec78cd165" testId="a7c76906-c1d7-0c9c-096c-a6235194b8e7" testName="FormatToStringTest1000(1896.1704506483723d,&quot;1896.17 zł&quot;)" computerName="DESKTOP-5URQ9PB" duration="00:00:00.0000180" startTime="2022-06-13T21:13:29.8142547+02:00" endTime="2022-06-13T21:13:29.8142725+02:00" testType="13cdc9d9-ddb5-4fa4-a97d-d965ccfc6d4b" outcome="Passed" testListId="8c84fa94-04c1-424b-9868-57a2d4851a1d" relativeResultsDirectory="dc820ccc-1065-4de6-982a-59eec78cd165" />
    <UnitTestResult executionId="fa1f4653-0478-441c-a179-9b8109cb10e4" testId="b074171d-4bb2-388e-f619-96efeb179b06" testName="FormatToStringTest1000(51632.87002968503d,&quot;51632.87 zł&quot;)" computerName="DESKTOP-5URQ9PB" duration="00:00:00.0000190" startTime="2022-06-13T21:13:29.8135113+02:00" endTime="2022-06-13T21:13:29.8135298+02:00" testType="13cdc9d9-ddb5-4fa4-a97d-d965ccfc6d4b" outcome="Passed" testListId="8c84fa94-04c1-424b-9868-57a2d4851a1d" relativeResultsDirectory="fa1f4653-0478-441c-a179-9b8109cb10e4" />
    <UnitTestResult executionId="2c2d9de3-1630-40e3-b95e-8b9880b1d86b" testId="5c5be749-8fc1-a0d2-2b32-3e2f32d1a7a1" testName="FormatToStringTest1000(29362.005930638876d,&quot;29362.01 zł&quot;)" computerName="DESKTOP-5URQ9PB" duration="00:00:00.0000180" startTime="2022-06-13T21:13:29.8134150+02:00" endTime="2022-06-13T21:13:29.8134331+02:00" testType="13cdc9d9-ddb5-4fa4-a97d-d965ccfc6d4b" outcome="Passed" testListId="8c84fa94-04c1-424b-9868-57a2d4851a1d" relativeResultsDirectory="2c2d9de3-1630-40e3-b95e-8b9880b1d86b" />
    <UnitTestResult executionId="243a4359-3bf4-43a0-9f7c-0a9f5f88e4e5" testId="7904b819-04ff-ce91-7814-899d505d8f94" testName="FormatToStringTest1000(11.555284778846096d,&quot;11.56 zł&quot;)" computerName="DESKTOP-5URQ9PB" duration="00:00:00.0000190" startTime="2022-06-13T21:13:29.8301240+02:00" endTime="2022-06-13T21:13:29.8301432+02:00" testType="13cdc9d9-ddb5-4fa4-a97d-d965ccfc6d4b" outcome="Passed" testListId="8c84fa94-04c1-424b-9868-57a2d4851a1d" relativeResultsDirectory="243a4359-3bf4-43a0-9f7c-0a9f5f88e4e5" />
    <UnitTestResult executionId="81f6cad3-3897-4465-ae7a-caeab201edcb" testId="279ea0a2-a194-3b23-c2df-f3b9caefacb9" testName="FormatToStringTest1000(5287.3103648714305d,&quot;5287.31 zł&quot;)" computerName="DESKTOP-5URQ9PB" duration="00:00:00.0000190" startTime="2022-06-13T21:13:29.8122035+02:00" endTime="2022-06-13T21:13:29.8122223+02:00" testType="13cdc9d9-ddb5-4fa4-a97d-d965ccfc6d4b" outcome="Passed" testListId="8c84fa94-04c1-424b-9868-57a2d4851a1d" relativeResultsDirectory="81f6cad3-3897-4465-ae7a-caeab201edcb" />
    <UnitTestResult executionId="611de138-38dc-4b2a-a46c-406fb14f5425" testId="be4aa60a-fec3-fdce-8c70-46ec82a2fec7" testName="FormatToStringTest1000(44677.61946778074d,&quot;44677.62 zł&quot;)" computerName="DESKTOP-5URQ9PB" duration="00:00:00.0000190" startTime="2022-06-13T21:13:29.8133898+02:00" endTime="2022-06-13T21:13:29.8134088+02:00" testType="13cdc9d9-ddb5-4fa4-a97d-d965ccfc6d4b" outcome="Passed" testListId="8c84fa94-04c1-424b-9868-57a2d4851a1d" relativeResultsDirectory="611de138-38dc-4b2a-a46c-406fb14f5425" />
    <UnitTestResult executionId="ed917d00-2330-4eac-a50d-66bc594877aa" testId="cb302138-e270-3017-57fb-1fe538b37f25" testName="FormatToStringTest1000(14910.573044539697d,&quot;14910.57 zł&quot;)" computerName="DESKTOP-5URQ9PB" duration="00:00:00.0000270" startTime="2022-06-13T21:13:29.8367931+02:00" endTime="2022-06-13T21:13:29.8368198+02:00" testType="13cdc9d9-ddb5-4fa4-a97d-d965ccfc6d4b" outcome="Passed" testListId="8c84fa94-04c1-424b-9868-57a2d4851a1d" relativeResultsDirectory="ed917d00-2330-4eac-a50d-66bc594877aa" />
    <UnitTestResult executionId="fae4dece-a841-492b-8799-89875b8903f1" testId="07f796cc-f35b-a2f3-f99a-0213c6c6aa02" testName="FormatToStringTest1000(1860.3356292016504d,&quot;1860.34 zł&quot;)" computerName="DESKTOP-5URQ9PB" duration="00:00:00.0000260" startTime="2022-06-13T21:13:29.8210895+02:00" endTime="2022-06-13T21:13:29.8211158+02:00" testType="13cdc9d9-ddb5-4fa4-a97d-d965ccfc6d4b" outcome="Passed" testListId="8c84fa94-04c1-424b-9868-57a2d4851a1d" relativeResultsDirectory="fae4dece-a841-492b-8799-89875b8903f1" />
    <UnitTestResult executionId="b05c2dfa-1153-4790-b02c-e775ccd7405f" testId="8591161e-1b40-e9f6-332c-2e1b43b81682" testName="FormatToStringTest1000(47575.6421269959d,&quot;47575.64 zł&quot;)" computerName="DESKTOP-5URQ9PB" duration="00:00:00.0000190" startTime="2022-06-13T21:13:29.8258177+02:00" endTime="2022-06-13T21:13:29.8258368+02:00" testType="13cdc9d9-ddb5-4fa4-a97d-d965ccfc6d4b" outcome="Passed" testListId="8c84fa94-04c1-424b-9868-57a2d4851a1d" relativeResultsDirectory="b05c2dfa-1153-4790-b02c-e775ccd7405f" />
    <UnitTestResult executionId="8f527ca3-e12d-4018-82b6-0e7a6d96380c" testId="cbe18909-6635-9aa1-a38f-17a524fe9aa1" testName="FormatToStringTest1000(9097.395563790293d,&quot;9097.40 zł&quot;)" computerName="DESKTOP-5URQ9PB" duration="00:00:00.0000210" startTime="2022-06-13T21:13:29.8293516+02:00" endTime="2022-06-13T21:13:29.8293723+02:00" testType="13cdc9d9-ddb5-4fa4-a97d-d965ccfc6d4b" outcome="Passed" testListId="8c84fa94-04c1-424b-9868-57a2d4851a1d" relativeResultsDirectory="8f527ca3-e12d-4018-82b6-0e7a6d96380c" />
    <UnitTestResult executionId="988ea550-0b68-4556-8e54-3c6d7e62aa8d" testId="55977c6e-f784-84a1-391e-15480b7266b6" testName="FormatToStringTest1000(6266.232005888704d,&quot;6266.23 zł&quot;)" computerName="DESKTOP-5URQ9PB" duration="00:00:00.0000180" startTime="2022-06-13T21:13:29.8243378+02:00" endTime="2022-06-13T21:13:29.8243560+02:00" testType="13cdc9d9-ddb5-4fa4-a97d-d965ccfc6d4b" outcome="Passed" testListId="8c84fa94-04c1-424b-9868-57a2d4851a1d" relativeResultsDirectory="988ea550-0b68-4556-8e54-3c6d7e62aa8d" />
    <UnitTestResult executionId="21cdaef2-02ce-43a6-8c12-d2cd11e8dc31" testId="be59208d-36e7-073c-919d-21490848351c" testName="FormatToStringTest1000(6035.818653228608d,&quot;6035.82 zł&quot;)" computerName="DESKTOP-5URQ9PB" duration="00:00:00.0000190" startTime="2022-06-13T21:13:29.8152679+02:00" endTime="2022-06-13T21:13:29.8152865+02:00" testType="13cdc9d9-ddb5-4fa4-a97d-d965ccfc6d4b" outcome="Passed" testListId="8c84fa94-04c1-424b-9868-57a2d4851a1d" relativeResultsDirectory="21cdaef2-02ce-43a6-8c12-d2cd11e8dc31" />
    <UnitTestResult executionId="6d6ed95c-501f-4d76-8332-fe6db75b83ee" testId="da69ab52-f883-eabf-8235-9cb66a514e58" testName="FormatToStringTest1000(19006.315459580772d,&quot;19006.32 zł&quot;)" computerName="DESKTOP-5URQ9PB" duration="00:00:00.0000320" startTime="2022-06-13T21:13:29.8190964+02:00" endTime="2022-06-13T21:13:29.8191279+02:00" testType="13cdc9d9-ddb5-4fa4-a97d-d965ccfc6d4b" outcome="Passed" testListId="8c84fa94-04c1-424b-9868-57a2d4851a1d" relativeResultsDirectory="6d6ed95c-501f-4d76-8332-fe6db75b83ee" />
    <UnitTestResult executionId="6602f923-ac7e-4df6-a975-bec3abcf087e" testId="b8d38453-fb40-0cfb-4e20-39c788746328" testName="FormatToStringTest1000(52888.48934243642d,&quot;52888.49 zł&quot;)" computerName="DESKTOP-5URQ9PB" duration="00:00:00.0000270" startTime="2022-06-13T21:13:29.8193442+02:00" endTime="2022-06-13T21:13:29.8193714+02:00" testType="13cdc9d9-ddb5-4fa4-a97d-d965ccfc6d4b" outcome="Passed" testListId="8c84fa94-04c1-424b-9868-57a2d4851a1d" relativeResultsDirectory="6602f923-ac7e-4df6-a975-bec3abcf087e" />
    <UnitTestResult executionId="1a851c4e-481e-49fc-8f24-9b64b02364e9" testId="9277cfc2-3adf-cf52-f9f5-a84d42e6305c" testName="FormatToStringTest1000(24768.25771770359d,&quot;24768.26 zł&quot;)" computerName="DESKTOP-5URQ9PB" duration="00:00:00.0000180" startTime="2022-06-13T21:13:29.8151466+02:00" endTime="2022-06-13T21:13:29.8151643+02:00" testType="13cdc9d9-ddb5-4fa4-a97d-d965ccfc6d4b" outcome="Passed" testListId="8c84fa94-04c1-424b-9868-57a2d4851a1d" relativeResultsDirectory="1a851c4e-481e-49fc-8f24-9b64b02364e9" />
    <UnitTestResult executionId="0e153b9a-6e63-4123-a50a-b17028f5716b" testId="11067e87-9b88-327c-9a0f-dda26b0288cb" testName="FormatToStringTest1000(1228.101744225296d,&quot;1228.10 zł&quot;)" computerName="DESKTOP-5URQ9PB" duration="00:00:00.0000190" startTime="2022-06-13T21:13:29.8258436+02:00" endTime="2022-06-13T21:13:29.8258623+02:00" testType="13cdc9d9-ddb5-4fa4-a97d-d965ccfc6d4b" outcome="Passed" testListId="8c84fa94-04c1-424b-9868-57a2d4851a1d" relativeResultsDirectory="0e153b9a-6e63-4123-a50a-b17028f5716b" />
    <UnitTestResult executionId="b2f932e0-ff98-4147-aa52-992e20425fd1" testId="34a0ec2a-ee87-5c68-071f-7bf4fe21828e" testName="FormatToStringTest1000(18596.12661189033d,&quot;18596.13 zł&quot;)" computerName="DESKTOP-5URQ9PB" duration="00:00:00.0000200" startTime="2022-06-13T21:13:29.8234089+02:00" endTime="2022-06-13T21:13:29.8234282+02:00" testType="13cdc9d9-ddb5-4fa4-a97d-d965ccfc6d4b" outcome="Passed" testListId="8c84fa94-04c1-424b-9868-57a2d4851a1d" relativeResultsDirectory="b2f932e0-ff98-4147-aa52-992e20425fd1" />
    <UnitTestResult executionId="edf9a341-5353-4780-812a-8b7c13146a24" testId="2035ba59-2ee2-badb-15b9-a8ffa8fcf57c" testName="FormatToStringTest1000(36893.66238331593d,&quot;36893.66 zł&quot;)" computerName="DESKTOP-5URQ9PB" duration="00:00:00.0000190" startTime="2022-06-13T21:13:29.8290209+02:00" endTime="2022-06-13T21:13:29.8290394+02:00" testType="13cdc9d9-ddb5-4fa4-a97d-d965ccfc6d4b" outcome="Passed" testListId="8c84fa94-04c1-424b-9868-57a2d4851a1d" relativeResultsDirectory="edf9a341-5353-4780-812a-8b7c13146a24" />
    <UnitTestResult executionId="c80f606f-0cc1-4886-83b8-c68b0784f7ea" testId="8d9adc97-9f99-5fc5-0cdb-932a51aaf028" testName="FormatToStringTest1000(26015.8311952552d,&quot;26015.83 zł&quot;)" computerName="DESKTOP-5URQ9PB" duration="00:00:00.0000180" startTime="2022-06-13T21:13:29.8140329+02:00" endTime="2022-06-13T21:13:29.8140505+02:00" testType="13cdc9d9-ddb5-4fa4-a97d-d965ccfc6d4b" outcome="Passed" testListId="8c84fa94-04c1-424b-9868-57a2d4851a1d" relativeResultsDirectory="c80f606f-0cc1-4886-83b8-c68b0784f7ea" />
    <UnitTestResult executionId="9e8de171-0aa1-423f-b4df-a8488b994ed0" testId="f0aad1e7-1486-b29a-7a82-84f2693dfbe3" testName="FormatToStringTest1000(50956.25028206606d,&quot;50956.25 zł&quot;)" computerName="DESKTOP-5URQ9PB" duration="00:00:00.0000180" startTime="2022-06-13T21:13:29.8120057+02:00" endTime="2022-06-13T21:13:29.8120238+02:00" testType="13cdc9d9-ddb5-4fa4-a97d-d965ccfc6d4b" outcome="Passed" testListId="8c84fa94-04c1-424b-9868-57a2d4851a1d" relativeResultsDirectory="9e8de171-0aa1-423f-b4df-a8488b994ed0" />
    <UnitTestResult executionId="38fb0e12-77ff-419e-95ab-311b02d02dd3" testId="8537861e-52bb-f63c-38f8-3f1d41ff88e5" testName="FormatToStringTest1000(10534.184353995222d,&quot;10534.18 zł&quot;)" computerName="DESKTOP-5URQ9PB" duration="00:00:00.0000190" startTime="2022-06-13T21:13:29.8099687+02:00" endTime="2022-06-13T21:13:29.8099872+02:00" testType="13cdc9d9-ddb5-4fa4-a97d-d965ccfc6d4b" outcome="Passed" testListId="8c84fa94-04c1-424b-9868-57a2d4851a1d" relativeResultsDirectory="38fb0e12-77ff-419e-95ab-311b02d02dd3" />
    <UnitTestResult executionId="bb52fabc-0396-47c1-a421-b6dc1d7b8fd9" testId="7e4135b8-b66c-77ce-172b-34d352f16888" testName="FormatToStringTest1000(9068.70019550468d,&quot;9068.70 zł&quot;)" computerName="DESKTOP-5URQ9PB" duration="00:00:00.0000190" startTime="2022-06-13T21:13:29.8155613+02:00" endTime="2022-06-13T21:13:29.8155805+02:00" testType="13cdc9d9-ddb5-4fa4-a97d-d965ccfc6d4b" outcome="Passed" testListId="8c84fa94-04c1-424b-9868-57a2d4851a1d" relativeResultsDirectory="bb52fabc-0396-47c1-a421-b6dc1d7b8fd9" />
    <UnitTestResult executionId="0212d91a-9238-4459-ba1a-32acd7158a11" testId="3c275536-ffe1-8830-c363-8f6f56aca6a1" testName="FormatToStringTest1000(22666.13578912995d,&quot;22666.14 zł&quot;)" computerName="DESKTOP-5URQ9PB" duration="00:00:00.0000200" startTime="2022-06-13T21:13:29.8077792+02:00" endTime="2022-06-13T21:13:29.8077987+02:00" testType="13cdc9d9-ddb5-4fa4-a97d-d965ccfc6d4b" outcome="Passed" testListId="8c84fa94-04c1-424b-9868-57a2d4851a1d" relativeResultsDirectory="0212d91a-9238-4459-ba1a-32acd7158a11" />
    <UnitTestResult executionId="8b13dd7c-9eb5-4bd2-bc41-3543d62be5ba" testId="b34ac9b1-7b20-291d-6caf-28aeffc4e30f" testName="FormatToStringTest1000(52810.91713865516d,&quot;52810.92 zł&quot;)" computerName="DESKTOP-5URQ9PB" duration="00:00:00.0000190" startTime="2022-06-13T21:13:29.8073009+02:00" endTime="2022-06-13T21:13:29.8073194+02:00" testType="13cdc9d9-ddb5-4fa4-a97d-d965ccfc6d4b" outcome="Passed" testListId="8c84fa94-04c1-424b-9868-57a2d4851a1d" relativeResultsDirectory="8b13dd7c-9eb5-4bd2-bc41-3543d62be5ba" />
    <UnitTestResult executionId="cbbf0338-b1d5-4869-ae8f-db432bedd034" testId="ecf86b56-1ec1-9984-97f9-65e2b8a0e550" testName="FormatToStringTest1000(24957.469502810607d,&quot;24957.47 zł&quot;)" computerName="DESKTOP-5URQ9PB" duration="00:00:00.0000180" startTime="2022-06-13T21:13:29.8076812+02:00" endTime="2022-06-13T21:13:29.8076992+02:00" testType="13cdc9d9-ddb5-4fa4-a97d-d965ccfc6d4b" outcome="Passed" testListId="8c84fa94-04c1-424b-9868-57a2d4851a1d" relativeResultsDirectory="cbbf0338-b1d5-4869-ae8f-db432bedd034" />
    <UnitTestResult executionId="90c42fe5-99cb-4a97-96de-077fb441a4fb" testId="b54d2807-218d-96e0-fe0e-06e67796eaa7" testName="FormatToStringTest1000(26220.382477706476d,&quot;26220.38 zł&quot;)" computerName="DESKTOP-5URQ9PB" duration="00:00:00.0000180" startTime="2022-06-13T21:13:29.8300732+02:00" endTime="2022-06-13T21:13:29.8300915+02:00" testType="13cdc9d9-ddb5-4fa4-a97d-d965ccfc6d4b" outcome="Passed" testListId="8c84fa94-04c1-424b-9868-57a2d4851a1d" relativeResultsDirectory="90c42fe5-99cb-4a97-96de-077fb441a4fb" />
    <UnitTestResult executionId="eb698104-be75-4c2a-8ba0-4640947b2344" testId="35e23acf-2036-4d69-e77b-27d58a55d61b" testName="FormatToStringTest1000(10457.593086045978d,&quot;10457.59 zł&quot;)" computerName="DESKTOP-5URQ9PB" duration="00:00:00.0000330" startTime="2022-06-13T21:13:29.8209620+02:00" endTime="2022-06-13T21:13:29.8209948+02:00" testType="13cdc9d9-ddb5-4fa4-a97d-d965ccfc6d4b" outcome="Passed" testListId="8c84fa94-04c1-424b-9868-57a2d4851a1d" relativeResultsDirectory="eb698104-be75-4c2a-8ba0-4640947b2344" />
    <UnitTestResult executionId="cfb535e1-1893-4445-a788-79f7e0227771" testId="7d115265-369e-6487-e000-47e2ac4ab46b" testName="FormatToStringTest1000(61633.2671179945d,&quot;61633.27 zł&quot;)" computerName="DESKTOP-5URQ9PB" duration="00:00:00.0000280" startTime="2022-06-13T21:13:29.8185846+02:00" endTime="2022-06-13T21:13:29.8186123+02:00" testType="13cdc9d9-ddb5-4fa4-a97d-d965ccfc6d4b" outcome="Passed" testListId="8c84fa94-04c1-424b-9868-57a2d4851a1d" relativeResultsDirectory="cfb535e1-1893-4445-a788-79f7e0227771" />
    <UnitTestResult executionId="0bcfa23d-eacd-4101-b951-65b450cbc0d3" testId="1658bad2-8c99-0b77-1530-2e9ba32823bd" testName="FormatToStringTest1000(33245.44763357819d,&quot;33245.45 zł&quot;)" computerName="DESKTOP-5URQ9PB" duration="00:00:00.0000250" startTime="2022-06-13T21:13:29.8170173+02:00" endTime="2022-06-13T21:13:29.8170422+02:00" testType="13cdc9d9-ddb5-4fa4-a97d-d965ccfc6d4b" outcome="Passed" testListId="8c84fa94-04c1-424b-9868-57a2d4851a1d" relativeResultsDirectory="0bcfa23d-eacd-4101-b951-65b450cbc0d3" />
    <UnitTestResult executionId="6fd20ed7-e040-41a1-92a0-d93aca659869" testId="d377bd87-4eea-3f7f-c041-91df35d9ea10" testName="FormatToStringTest1000(6173.0243155793405d,&quot;6173.02 zł&quot;)" computerName="DESKTOP-5URQ9PB" duration="00:00:00.0000180" startTime="2022-06-13T21:13:29.8245929+02:00" endTime="2022-06-13T21:13:29.8246113+02:00" testType="13cdc9d9-ddb5-4fa4-a97d-d965ccfc6d4b" outcome="Passed" testListId="8c84fa94-04c1-424b-9868-57a2d4851a1d" relativeResultsDirectory="6fd20ed7-e040-41a1-92a0-d93aca659869" />
    <UnitTestResult executionId="fd4c0413-ff49-40cd-9982-c521489050a2" testId="cbe7ad88-c615-fcac-7be4-3d317fe5861e" testName="FormatToStringTest1000(41972.39431566763d,&quot;41972.39 zł&quot;)" computerName="DESKTOP-5URQ9PB" duration="00:00:00.0000270" startTime="2022-06-13T21:13:29.8199254+02:00" endTime="2022-06-13T21:13:29.8199525+02:00" testType="13cdc9d9-ddb5-4fa4-a97d-d965ccfc6d4b" outcome="Passed" testListId="8c84fa94-04c1-424b-9868-57a2d4851a1d" relativeResultsDirectory="fd4c0413-ff49-40cd-9982-c521489050a2" />
    <UnitTestResult executionId="f6e5fed4-b6d4-478b-859a-a350dd185495" testId="6a5dc4fe-eaa1-ef57-2e33-6170c4a0ea22" testName="FormatToStringTest1000(801.5720517614726d,&quot;801.57 zł&quot;)" computerName="DESKTOP-5URQ9PB" duration="00:00:00.0000290" startTime="2022-06-13T21:13:29.8175320+02:00" endTime="2022-06-13T21:13:29.8175609+02:00" testType="13cdc9d9-ddb5-4fa4-a97d-d965ccfc6d4b" outcome="Passed" testListId="8c84fa94-04c1-424b-9868-57a2d4851a1d" relativeResultsDirectory="f6e5fed4-b6d4-478b-859a-a350dd185495" />
    <UnitTestResult executionId="4a94d864-5487-491c-89da-5939d2bda6a4" testId="311588b6-1eda-5995-3667-7c2c732d3f34" testName="FormatToStringTest1000(12528.413830086782d,&quot;12528.41 zł&quot;)" computerName="DESKTOP-5URQ9PB" duration="00:00:00.0000250" startTime="2022-06-13T21:13:29.8205388+02:00" endTime="2022-06-13T21:13:29.8205635+02:00" testType="13cdc9d9-ddb5-4fa4-a97d-d965ccfc6d4b" outcome="Passed" testListId="8c84fa94-04c1-424b-9868-57a2d4851a1d" relativeResultsDirectory="4a94d864-5487-491c-89da-5939d2bda6a4" />
    <UnitTestResult executionId="be01c88b-584c-4e6e-a815-96080acc875f" testId="e6e7fdd0-b12d-1312-3dc2-3384a5e7d999" testName="FormatToStringTest1000(29539.32303995328d,&quot;29539.32 zł&quot;)" computerName="DESKTOP-5URQ9PB" duration="00:00:00.0000270" startTime="2022-06-13T21:13:29.8193810+02:00" endTime="2022-06-13T21:13:29.8194078+02:00" testType="13cdc9d9-ddb5-4fa4-a97d-d965ccfc6d4b" outcome="Passed" testListId="8c84fa94-04c1-424b-9868-57a2d4851a1d" relativeResultsDirectory="be01c88b-584c-4e6e-a815-96080acc875f" />
    <UnitTestResult executionId="a22cac74-2476-4cba-84b1-b363770ee693" testId="0667d290-5479-f00f-a7a0-ba550069f4d6" testName="FormatToStringTest1000(64124.274503948756d,&quot;64124.27 zł&quot;)" computerName="DESKTOP-5URQ9PB" duration="00:00:00.0000180" startTime="2022-06-13T21:13:29.8155374+02:00" endTime="2022-06-13T21:13:29.8155553+02:00" testType="13cdc9d9-ddb5-4fa4-a97d-d965ccfc6d4b" outcome="Passed" testListId="8c84fa94-04c1-424b-9868-57a2d4851a1d" relativeResultsDirectory="a22cac74-2476-4cba-84b1-b363770ee693" />
    <UnitTestResult executionId="0af3bd42-f641-41ae-a76c-63bf963306da" testId="0978a2bb-d483-0479-bb70-260f687971c0" testName="FormatToStringTest1000(17031.365705376662d,&quot;17031.37 zł&quot;)" computerName="DESKTOP-5URQ9PB" duration="00:00:00.0000310" startTime="2022-06-13T21:13:29.8193040+02:00" endTime="2022-06-13T21:13:29.8193349+02:00" testType="13cdc9d9-ddb5-4fa4-a97d-d965ccfc6d4b" outcome="Passed" testListId="8c84fa94-04c1-424b-9868-57a2d4851a1d" relativeResultsDirectory="0af3bd42-f641-41ae-a76c-63bf963306da" />
    <UnitTestResult executionId="ba778b1d-e59d-427a-a59d-a9105a0cc08b" testId="ea8471c3-2743-4dfb-2fac-6cae304dff99" testName="FormatToStringTest1000(36047.83545033672d,&quot;36047.84 zł&quot;)" computerName="DESKTOP-5URQ9PB" duration="00:00:00.0000190" startTime="2022-06-13T21:13:29.8267255+02:00" endTime="2022-06-13T21:13:29.8267441+02:00" testType="13cdc9d9-ddb5-4fa4-a97d-d965ccfc6d4b" outcome="Passed" testListId="8c84fa94-04c1-424b-9868-57a2d4851a1d" relativeResultsDirectory="ba778b1d-e59d-427a-a59d-a9105a0cc08b" />
    <UnitTestResult executionId="a34fe854-179f-4102-8a2a-b40450ea8b2d" testId="580ab2d5-6b28-ec61-9de4-466295a56551" testName="FormatToStringTest1000(22459.530444447664d,&quot;22459.53 zł&quot;)" computerName="DESKTOP-5URQ9PB" duration="00:00:00.0000270" startTime="2022-06-13T21:13:29.8202711+02:00" endTime="2022-06-13T21:13:29.8202981+02:00" testType="13cdc9d9-ddb5-4fa4-a97d-d965ccfc6d4b" outcome="Passed" testListId="8c84fa94-04c1-424b-9868-57a2d4851a1d" relativeResultsDirectory="a34fe854-179f-4102-8a2a-b40450ea8b2d" />
    <UnitTestResult executionId="61444719-e9af-4529-accc-0def5e6acef6" testId="25c75db4-22d0-52b7-8169-fe8bfa7112f2" testName="FormatToStringTest1000(90187.4082624374d,&quot;90187.41 zł&quot;)" computerName="DESKTOP-5URQ9PB" duration="00:00:00.0000190" startTime="2022-06-13T21:13:29.8335825+02:00" endTime="2022-06-13T21:13:29.8336010+02:00" testType="13cdc9d9-ddb5-4fa4-a97d-d965ccfc6d4b" outcome="Passed" testListId="8c84fa94-04c1-424b-9868-57a2d4851a1d" relativeResultsDirectory="61444719-e9af-4529-accc-0def5e6acef6" />
    <UnitTestResult executionId="1b99f8a7-056f-48f1-ad7f-206838cc9e96" testId="fa8e579d-d6a8-b37b-9cf1-3c38331f528e" testName="FormatToStringTest1000(16037.01783290087d,&quot;16037.02 zł&quot;)" computerName="DESKTOP-5URQ9PB" duration="00:00:00.0000180" startTime="2022-06-13T21:13:29.8332298+02:00" endTime="2022-06-13T21:13:29.8332479+02:00" testType="13cdc9d9-ddb5-4fa4-a97d-d965ccfc6d4b" outcome="Passed" testListId="8c84fa94-04c1-424b-9868-57a2d4851a1d" relativeResultsDirectory="1b99f8a7-056f-48f1-ad7f-206838cc9e96" />
    <UnitTestResult executionId="8c5c3dd2-e07b-45a1-bf94-683cb5257e7b" testId="3303c520-a64a-555f-afb5-ac27a0847525" testName="FormatToStringTest1000(17315.72309779363d,&quot;17315.72 zł&quot;)" computerName="DESKTOP-5URQ9PB" duration="00:00:00.0000180" startTime="2022-06-13T21:13:29.8154883+02:00" endTime="2022-06-13T21:13:29.8155065+02:00" testType="13cdc9d9-ddb5-4fa4-a97d-d965ccfc6d4b" outcome="Passed" testListId="8c84fa94-04c1-424b-9868-57a2d4851a1d" relativeResultsDirectory="8c5c3dd2-e07b-45a1-bf94-683cb5257e7b" />
    <UnitTestResult executionId="c9b065a8-1a38-464c-ba8a-927d615266ca" testId="7ba81b36-e120-9974-bbd1-63dae796d45c" testName="FormatToStringTest1000(40035.54711080787d,&quot;40035.55 zł&quot;)" computerName="DESKTOP-5URQ9PB" duration="00:00:00.0000180" startTime="2022-06-13T21:13:29.8130201+02:00" endTime="2022-06-13T21:13:29.8130377+02:00" testType="13cdc9d9-ddb5-4fa4-a97d-d965ccfc6d4b" outcome="Passed" testListId="8c84fa94-04c1-424b-9868-57a2d4851a1d" relativeResultsDirectory="c9b065a8-1a38-464c-ba8a-927d615266ca" />
    <UnitTestResult executionId="9734d554-574d-44d0-ad83-419335f26995" testId="57ff7061-f165-0166-a6d9-95fdfc400dea" testName="FormatToStringTest1000(10324.538670147089d,&quot;10324.54 zł&quot;)" computerName="DESKTOP-5URQ9PB" duration="00:00:00.0000190" startTime="2022-06-13T21:13:29.8241576+02:00" endTime="2022-06-13T21:13:29.8241761+02:00" testType="13cdc9d9-ddb5-4fa4-a97d-d965ccfc6d4b" outcome="Passed" testListId="8c84fa94-04c1-424b-9868-57a2d4851a1d" relativeResultsDirectory="9734d554-574d-44d0-ad83-419335f26995" />
    <UnitTestResult executionId="bf21b70f-b86b-40ba-bd57-8af8e241d91a" testId="a08c8488-fa9f-7deb-e37e-0124bdaf71c9" testName="FormatToStringTest1000(70771.4436677524d,&quot;70771.44 zł&quot;)" computerName="DESKTOP-5URQ9PB" duration="00:00:00.0000190" startTime="2022-06-13T21:13:29.8095706+02:00" endTime="2022-06-13T21:13:29.8095892+02:00" testType="13cdc9d9-ddb5-4fa4-a97d-d965ccfc6d4b" outcome="Passed" testListId="8c84fa94-04c1-424b-9868-57a2d4851a1d" relativeResultsDirectory="bf21b70f-b86b-40ba-bd57-8af8e241d91a" />
    <UnitTestResult executionId="eb78d1b6-3546-485b-9c93-05ee0f518db2" testId="05be2e04-a7a4-ec81-8b2e-19e4e2cd04d0" testName="FormatToStringTest1000(18490.912787030877d,&quot;18490.91 zł&quot;)" computerName="DESKTOP-5URQ9PB" duration="00:00:00.0000200" startTime="2022-06-13T21:13:29.8274684+02:00" endTime="2022-06-13T21:13:29.8274879+02:00" testType="13cdc9d9-ddb5-4fa4-a97d-d965ccfc6d4b" outcome="Passed" testListId="8c84fa94-04c1-424b-9868-57a2d4851a1d" relativeResultsDirectory="eb78d1b6-3546-485b-9c93-05ee0f518db2" />
    <UnitTestResult executionId="0c043bea-de3a-41ae-ba57-240d2c246cb2" testId="05a32b6d-38a3-d790-fab1-ef7fcb38fd6c" testName="FormatToStringTest1000(743.047944508981d,&quot;743.05 zł&quot;)" computerName="DESKTOP-5URQ9PB" duration="00:00:00.0000190" startTime="2022-06-13T21:13:29.8230332+02:00" endTime="2022-06-13T21:13:29.8230516+02:00" testType="13cdc9d9-ddb5-4fa4-a97d-d965ccfc6d4b" outcome="Passed" testListId="8c84fa94-04c1-424b-9868-57a2d4851a1d" relativeResultsDirectory="0c043bea-de3a-41ae-ba57-240d2c246cb2" />
    <UnitTestResult executionId="3d7023ba-d1c6-4450-bfa4-5c04683db9a2" testId="00c173aa-365e-0279-47ce-e69aab924076" testName="FormatToStringTest1000(10511.7304983189d,&quot;10511.73 zł&quot;)" computerName="DESKTOP-5URQ9PB" duration="00:00:00.0000250" startTime="2022-06-13T21:13:29.8167665+02:00" endTime="2022-06-13T21:13:29.8167915+02:00" testType="13cdc9d9-ddb5-4fa4-a97d-d965ccfc6d4b" outcome="Passed" testListId="8c84fa94-04c1-424b-9868-57a2d4851a1d" relativeResultsDirectory="3d7023ba-d1c6-4450-bfa4-5c04683db9a2" />
    <UnitTestResult executionId="6b3f5fe9-d3c3-4186-a1eb-28276b3ceb0e" testId="bc8b0527-de00-05c5-8ddf-e463dace5bf0" testName="FormatToStringTest1000(42728.35751444258d,&quot;42728.36 zł&quot;)" computerName="DESKTOP-5URQ9PB" duration="00:00:00.0000180" startTime="2022-06-13T21:13:29.8295321+02:00" endTime="2022-06-13T21:13:29.8295503+02:00" testType="13cdc9d9-ddb5-4fa4-a97d-d965ccfc6d4b" outcome="Passed" testListId="8c84fa94-04c1-424b-9868-57a2d4851a1d" relativeResultsDirectory="6b3f5fe9-d3c3-4186-a1eb-28276b3ceb0e" />
    <UnitTestResult executionId="6148b8df-937f-405a-a7bd-e573365f72e3" testId="b2708039-2d5c-fb09-5f56-062d0cb9067a" testName="FormatToStringTest1000(7594.279030504766d,&quot;7594.28 zł&quot;)" computerName="DESKTOP-5URQ9PB" duration="00:00:00.0000180" startTime="2022-06-13T21:13:29.8081695+02:00" endTime="2022-06-13T21:13:29.8081873+02:00" testType="13cdc9d9-ddb5-4fa4-a97d-d965ccfc6d4b" outcome="Passed" testListId="8c84fa94-04c1-424b-9868-57a2d4851a1d" relativeResultsDirectory="6148b8df-937f-405a-a7bd-e573365f72e3" />
    <UnitTestResult executionId="13457f9d-6732-4d2f-a8e0-0b802617a833" testId="f3eb9765-0045-7d49-5de3-054bd621a41f" testName="FormatToStringTest1000(21996.80326662576d,&quot;21996.80 zł&quot;)" computerName="DESKTOP-5URQ9PB" duration="00:00:00.0000190" startTime="2022-06-13T21:13:29.8337350+02:00" endTime="2022-06-13T21:13:29.8337543+02:00" testType="13cdc9d9-ddb5-4fa4-a97d-d965ccfc6d4b" outcome="Passed" testListId="8c84fa94-04c1-424b-9868-57a2d4851a1d" relativeResultsDirectory="13457f9d-6732-4d2f-a8e0-0b802617a833" />
    <UnitTestResult executionId="e09a8183-d0f3-42b9-82d2-10ed116a7480" testId="c6bf636f-3c18-b5d6-1346-58450e782d22" testName="FormatToStringTest1000(50550.645020282194d,&quot;50550.65 zł&quot;)" computerName="DESKTOP-5URQ9PB" duration="00:00:00.0000190" startTime="2022-06-13T21:13:29.8229827+02:00" endTime="2022-06-13T21:13:29.8230018+02:00" testType="13cdc9d9-ddb5-4fa4-a97d-d965ccfc6d4b" outcome="Passed" testListId="8c84fa94-04c1-424b-9868-57a2d4851a1d" relativeResultsDirectory="e09a8183-d0f3-42b9-82d2-10ed116a7480" />
    <UnitTestResult executionId="d95ad879-e604-432a-8549-e5458abf196f" testId="615fa398-9de6-a6b9-2dab-60666d0931f7" testName="FormatToStringTest1000(17845.255864087147d,&quot;17845.26 zł&quot;)" computerName="DESKTOP-5URQ9PB" duration="00:00:00.0000180" startTime="2022-06-13T21:13:29.8117563+02:00" endTime="2022-06-13T21:13:29.8117741+02:00" testType="13cdc9d9-ddb5-4fa4-a97d-d965ccfc6d4b" outcome="Passed" testListId="8c84fa94-04c1-424b-9868-57a2d4851a1d" relativeResultsDirectory="d95ad879-e604-432a-8549-e5458abf196f" />
    <UnitTestResult executionId="2325315d-2f05-4e6e-b509-d5669742dc03" testId="df3985f6-a310-5cd4-8528-b305d96c9c87" testName="FormatToStringTest1000(726.8087564975995d,&quot;726.81 zł&quot;)" computerName="DESKTOP-5URQ9PB" duration="00:00:00.0000200" startTime="2022-06-13T21:13:29.8071995+02:00" endTime="2022-06-13T21:13:29.8072194+02:00" testType="13cdc9d9-ddb5-4fa4-a97d-d965ccfc6d4b" outcome="Passed" testListId="8c84fa94-04c1-424b-9868-57a2d4851a1d" relativeResultsDirectory="2325315d-2f05-4e6e-b509-d5669742dc03" />
    <UnitTestResult executionId="fa89a641-8736-4a12-9164-0b213e3dee32" testId="b5cd9d3c-6e7d-bae4-881c-4092ac2390ce" testName="FormatToStringTest1000(3270.286035661719d,&quot;3270.29 zł&quot;)" computerName="DESKTOP-5URQ9PB" duration="00:00:00.0000180" startTime="2022-06-13T21:13:29.8223886+02:00" endTime="2022-06-13T21:13:29.8224067+02:00" testType="13cdc9d9-ddb5-4fa4-a97d-d965ccfc6d4b" outcome="Passed" testListId="8c84fa94-04c1-424b-9868-57a2d4851a1d" relativeResultsDirectory="fa89a641-8736-4a12-9164-0b213e3dee32" />
    <UnitTestResult executionId="b9756913-5f60-46ae-9b5e-606dbc629048" testId="8184eede-89c1-758f-6b98-b1536f1bc7e0" testName="FormatToStringTest1000(49256.47455728635d,&quot;49256.47 zł&quot;)" computerName="DESKTOP-5URQ9PB" duration="00:00:00.0000190" startTime="2022-06-13T21:13:29.8334816+02:00" endTime="2022-06-13T21:13:29.8334998+02:00" testType="13cdc9d9-ddb5-4fa4-a97d-d965ccfc6d4b" outcome="Passed" testListId="8c84fa94-04c1-424b-9868-57a2d4851a1d" relativeResultsDirectory="b9756913-5f60-46ae-9b5e-606dbc629048" />
    <UnitTestResult executionId="eadbba8d-d0a4-4f5b-a3a0-94098a53e80c" testId="e679eaee-e3a9-8b8a-d185-7c73afee0b2f" testName="FormatToStringTest1000(17835.54606576988d,&quot;17835.55 zł&quot;)" computerName="DESKTOP-5URQ9PB" duration="00:00:00.0000180" startTime="2022-06-13T21:13:29.8098890+02:00" endTime="2022-06-13T21:13:29.8099067+02:00" testType="13cdc9d9-ddb5-4fa4-a97d-d965ccfc6d4b" outcome="Passed" testListId="8c84fa94-04c1-424b-9868-57a2d4851a1d" relativeResultsDirectory="eadbba8d-d0a4-4f5b-a3a0-94098a53e80c" />
    <UnitTestResult executionId="56788ab8-06b0-4712-868d-cf7fdf7d7a0d" testId="a35c67b3-dcd5-5426-949a-a2a9a2f95735" testName="FormatToStringTest1000(34458.5406463512d,&quot;34458.54 zł&quot;)" computerName="DESKTOP-5URQ9PB" duration="00:00:00.0000180" startTime="2022-06-13T21:13:29.8233843+02:00" endTime="2022-06-13T21:13:29.8234023+02:00" testType="13cdc9d9-ddb5-4fa4-a97d-d965ccfc6d4b" outcome="Passed" testListId="8c84fa94-04c1-424b-9868-57a2d4851a1d" relativeResultsDirectory="56788ab8-06b0-4712-868d-cf7fdf7d7a0d" />
    <UnitTestResult executionId="b6728f86-44f7-4281-8020-4ff3285faf64" testId="4662df59-28c1-5a49-3a88-d0d7d9c3969d" testName="FormatToStringTest1000(87505.85936583664d,&quot;87505.86 zł&quot;)" computerName="DESKTOP-5URQ9PB" duration="00:00:00.0000180" startTime="2022-06-13T21:13:29.8215633+02:00" endTime="2022-06-13T21:13:29.8215814+02:00" testType="13cdc9d9-ddb5-4fa4-a97d-d965ccfc6d4b" outcome="Passed" testListId="8c84fa94-04c1-424b-9868-57a2d4851a1d" relativeResultsDirectory="b6728f86-44f7-4281-8020-4ff3285faf64" />
    <UnitTestResult executionId="abcf046f-aac5-42bc-ac31-44212512ea7c" testId="7422afbf-8dc8-2993-87d6-1f702a4bc862" testName="FormatToStringTest1000(6027.66019266828d,&quot;6027.66 zł&quot;)" computerName="DESKTOP-5URQ9PB" duration="00:00:00.0000190" startTime="2022-06-13T21:13:29.8299715+02:00" endTime="2022-06-13T21:13:29.8299905+02:00" testType="13cdc9d9-ddb5-4fa4-a97d-d965ccfc6d4b" outcome="Passed" testListId="8c84fa94-04c1-424b-9868-57a2d4851a1d" relativeResultsDirectory="abcf046f-aac5-42bc-ac31-44212512ea7c" />
    <UnitTestResult executionId="1e0ace76-78a5-4403-b6f9-d401893fd1f6" testId="a50649ef-585c-8158-fd90-9ac54f51f860" testName="FormatToStringTest1000(2963.24443391815d,&quot;2963.24 zł&quot;)" computerName="DESKTOP-5URQ9PB" duration="00:00:00.0000190" startTime="2022-06-13T21:13:29.8219576+02:00" endTime="2022-06-13T21:13:29.8219768+02:00" testType="13cdc9d9-ddb5-4fa4-a97d-d965ccfc6d4b" outcome="Passed" testListId="8c84fa94-04c1-424b-9868-57a2d4851a1d" relativeResultsDirectory="1e0ace76-78a5-4403-b6f9-d401893fd1f6" />
    <UnitTestResult executionId="f65d659d-7bc9-42d0-a54e-163df5ea62aa" testId="f4854fd4-587a-5d07-271a-654c42d2751c" testName="FormatToStringTest1000(22248.263319677797d,&quot;22248.26 zł&quot;)" computerName="DESKTOP-5URQ9PB" duration="00:00:00.0000270" startTime="2022-06-13T21:13:29.8197048+02:00" endTime="2022-06-13T21:13:29.8197312+02:00" testType="13cdc9d9-ddb5-4fa4-a97d-d965ccfc6d4b" outcome="Passed" testListId="8c84fa94-04c1-424b-9868-57a2d4851a1d" relativeResultsDirectory="f65d659d-7bc9-42d0-a54e-163df5ea62aa" />
    <UnitTestResult executionId="a4f649b1-8645-4415-a764-b08ea2edca51" testId="31ed7871-edfd-2633-6788-723019e7f3e1" testName="FormatToStringTest1000(9624.06628225188d,&quot;9624.07 zł&quot;)" computerName="DESKTOP-5URQ9PB" duration="00:00:00.0000200" startTime="2022-06-13T21:13:29.8281896+02:00" endTime="2022-06-13T21:13:29.8282094+02:00" testType="13cdc9d9-ddb5-4fa4-a97d-d965ccfc6d4b" outcome="Passed" testListId="8c84fa94-04c1-424b-9868-57a2d4851a1d" relativeResultsDirectory="a4f649b1-8645-4415-a764-b08ea2edca51" />
    <UnitTestResult executionId="3e4cd323-bf4e-40f6-8520-7dfe6b21ef43" testId="379018c4-3439-ea28-2c36-3039f4766b8e" testName="FormatToStringTest1000(37866.43836050967d,&quot;37866.44 zł&quot;)" computerName="DESKTOP-5URQ9PB" duration="00:00:00.0000190" startTime="2022-06-13T21:13:29.8153406+02:00" endTime="2022-06-13T21:13:29.8153590+02:00" testType="13cdc9d9-ddb5-4fa4-a97d-d965ccfc6d4b" outcome="Passed" testListId="8c84fa94-04c1-424b-9868-57a2d4851a1d" relativeResultsDirectory="3e4cd323-bf4e-40f6-8520-7dfe6b21ef43" />
    <UnitTestResult executionId="fa9d33d6-bf88-415e-9bd7-cd92cd04fe62" testId="5234899e-b699-a182-8741-15341fb350c8" testName="FormatToStringTest1000(16901.497392274203d,&quot;16901.50 zł&quot;)" computerName="DESKTOP-5URQ9PB" duration="00:00:00.0000200" startTime="2022-06-13T21:13:29.8242081+02:00" endTime="2022-06-13T21:13:29.8242277+02:00" testType="13cdc9d9-ddb5-4fa4-a97d-d965ccfc6d4b" outcome="Passed" testListId="8c84fa94-04c1-424b-9868-57a2d4851a1d" relativeResultsDirectory="fa9d33d6-bf88-415e-9bd7-cd92cd04fe62" />
    <UnitTestResult executionId="2b8474d6-246e-43b9-abf6-9012e30821be" testId="28c068cc-4f93-bf31-670a-7f0717946001" testName="FormatToStringTest1000(17988.455793307843d,&quot;17988.46 zł&quot;)" computerName="DESKTOP-5URQ9PB" duration="00:00:00.0000190" startTime="2022-06-13T21:13:29.8108227+02:00" endTime="2022-06-13T21:13:29.8108412+02:00" testType="13cdc9d9-ddb5-4fa4-a97d-d965ccfc6d4b" outcome="Passed" testListId="8c84fa94-04c1-424b-9868-57a2d4851a1d" relativeResultsDirectory="2b8474d6-246e-43b9-abf6-9012e30821be" />
    <UnitTestResult executionId="fe3f5cdc-1108-4d96-ace3-b4f188b94645" testId="299c3fd4-a01d-2a60-05c1-ad11698aa276" testName="FormatToStringTest1000(16825.83099003268d,&quot;16825.83 zł&quot;)" computerName="DESKTOP-5URQ9PB" duration="00:00:00.0000180" startTime="2022-06-13T21:13:29.8262964+02:00" endTime="2022-06-13T21:13:29.8263144+02:00" testType="13cdc9d9-ddb5-4fa4-a97d-d965ccfc6d4b" outcome="Passed" testListId="8c84fa94-04c1-424b-9868-57a2d4851a1d" relativeResultsDirectory="fe3f5cdc-1108-4d96-ace3-b4f188b94645" />
    <UnitTestResult executionId="869135c8-ecc4-426a-b5cf-a14cac5b760c" testId="6ce0d4c6-4820-8d4a-179e-2d433a32b3e2" testName="FormatToStringTest1000(7202.052143613367d,&quot;7202.05 zł&quot;)" computerName="DESKTOP-5URQ9PB" duration="00:00:00.0000190" startTime="2022-06-13T21:13:29.8282413+02:00" endTime="2022-06-13T21:13:29.8282597+02:00" testType="13cdc9d9-ddb5-4fa4-a97d-d965ccfc6d4b" outcome="Passed" testListId="8c84fa94-04c1-424b-9868-57a2d4851a1d" relativeResultsDirectory="869135c8-ecc4-426a-b5cf-a14cac5b760c" />
    <UnitTestResult executionId="95792da2-e9a6-4d9f-ade6-0e24db25c84c" testId="712c2678-6c5e-0050-868a-1155d0b4fa06" testName="FormatToStringTest1000(32216.686763396807d,&quot;32216.69 zł&quot;)" computerName="DESKTOP-5URQ9PB" duration="00:00:00.0000270" startTime="2022-06-13T21:13:29.8071660+02:00" endTime="2022-06-13T21:13:29.8071923+02:00" testType="13cdc9d9-ddb5-4fa4-a97d-d965ccfc6d4b" outcome="Passed" testListId="8c84fa94-04c1-424b-9868-57a2d4851a1d" relativeResultsDirectory="95792da2-e9a6-4d9f-ade6-0e24db25c84c" />
    <UnitTestResult executionId="58f73741-b316-4969-829d-a1b173738ecb" testId="b286589b-6f00-2211-0fe0-b6cf97d63d0a" testName="FormatToStringTest1000(40556.73452524362d,&quot;40556.73 zł&quot;)" computerName="DESKTOP-5URQ9PB" duration="00:00:00.0000270" startTime="2022-06-13T21:13:29.8181404+02:00" endTime="2022-06-13T21:13:29.8181674+02:00" testType="13cdc9d9-ddb5-4fa4-a97d-d965ccfc6d4b" outcome="Passed" testListId="8c84fa94-04c1-424b-9868-57a2d4851a1d" relativeResultsDirectory="58f73741-b316-4969-829d-a1b173738ecb" />
    <UnitTestResult executionId="7b0cb8d8-7ad2-4c2b-931f-af7d28c5ea7f" testId="6c604da3-7f27-8f64-ea2d-ce727d182abb" testName="FormatToStringTest1000(4823.904478896365d,&quot;4823.90 zł&quot;)" computerName="DESKTOP-5URQ9PB" duration="00:00:00.0000200" startTime="2022-06-13T21:13:29.8259665+02:00" endTime="2022-06-13T21:13:29.8259864+02:00" testType="13cdc9d9-ddb5-4fa4-a97d-d965ccfc6d4b" outcome="Passed" testListId="8c84fa94-04c1-424b-9868-57a2d4851a1d" relativeResultsDirectory="7b0cb8d8-7ad2-4c2b-931f-af7d28c5ea7f" />
    <UnitTestResult executionId="a23d907b-ec2b-4ebe-820e-91bfc1cc408f" testId="03343bcc-4f24-4c8a-3ccc-51481d1ee303" testName="FormatToStringTest1000(31300.40752580967d,&quot;31300.41 zł&quot;)" computerName="DESKTOP-5URQ9PB" duration="00:00:00.0000190" startTime="2022-06-13T21:13:29.8087784+02:00" endTime="2022-06-13T21:13:29.8087974+02:00" testType="13cdc9d9-ddb5-4fa4-a97d-d965ccfc6d4b" outcome="Passed" testListId="8c84fa94-04c1-424b-9868-57a2d4851a1d" relativeResultsDirectory="a23d907b-ec2b-4ebe-820e-91bfc1cc408f" />
    <UnitTestResult executionId="090dd40d-b81d-49c4-9d29-cc07817b643a" testId="19309037-483b-d4c8-73ea-f8f351cef324" testName="FormatToStringTest1000(16388.556189478633d,&quot;16388.56 zł&quot;)" computerName="DESKTOP-5URQ9PB" duration="00:00:00.0000190" startTime="2022-06-13T21:13:29.8286509+02:00" endTime="2022-06-13T21:13:29.8286697+02:00" testType="13cdc9d9-ddb5-4fa4-a97d-d965ccfc6d4b" outcome="Passed" testListId="8c84fa94-04c1-424b-9868-57a2d4851a1d" relativeResultsDirectory="090dd40d-b81d-49c4-9d29-cc07817b643a" />
    <UnitTestResult executionId="42faf909-794e-42fc-8025-7de4f75b575e" testId="28a678d1-0284-2779-ed67-e16002278e6b" testName="FormatToStringTest1000(6145.531235831571d,&quot;6145.53 zł&quot;)" computerName="DESKTOP-5URQ9PB" duration="00:00:00.0000180" startTime="2022-06-13T21:13:29.8153652+02:00" endTime="2022-06-13T21:13:29.8153829+02:00" testType="13cdc9d9-ddb5-4fa4-a97d-d965ccfc6d4b" outcome="Passed" testListId="8c84fa94-04c1-424b-9868-57a2d4851a1d" relativeResultsDirectory="42faf909-794e-42fc-8025-7de4f75b575e" />
    <UnitTestResult executionId="8913e434-d2e9-45e6-870a-76a8c991387b" testId="9ee728ab-0056-dd90-bcfe-6425ccab758e" testName="FormatToStringTest1000(67898.54481444067d,&quot;67898.54 zł&quot;)" computerName="DESKTOP-5URQ9PB" duration="00:00:00.0000190" startTime="2022-06-13T21:13:29.8117804+02:00" endTime="2022-06-13T21:13:29.8117993+02:00" testType="13cdc9d9-ddb5-4fa4-a97d-d965ccfc6d4b" outcome="Passed" testListId="8c84fa94-04c1-424b-9868-57a2d4851a1d" relativeResultsDirectory="8913e434-d2e9-45e6-870a-76a8c991387b" />
    <UnitTestResult executionId="385719c5-9172-406a-aebf-75b80229e8b5" testId="01cb383a-3e5a-acd0-bce9-5df29c661a7c" testName="FormatToStringTest1000(26133.133789601336d,&quot;26133.13 zł&quot;)" computerName="DESKTOP-5URQ9PB" duration="00:00:00.0000180" startTime="2022-06-13T21:13:29.8097668+02:00" endTime="2022-06-13T21:13:29.8097850+02:00" testType="13cdc9d9-ddb5-4fa4-a97d-d965ccfc6d4b" outcome="Passed" testListId="8c84fa94-04c1-424b-9868-57a2d4851a1d" relativeResultsDirectory="385719c5-9172-406a-aebf-75b80229e8b5" />
    <UnitTestResult executionId="ec4b6e1d-f293-4de5-9ad8-1518f3766beb" testId="942f2440-35ec-8291-0e34-266a90087e97" testName="FormatToStringTest1000(12641.700665183225d,&quot;12641.70 zł&quot;)" computerName="DESKTOP-5URQ9PB" duration="00:00:00.0000180" startTime="2022-06-13T21:13:29.8137306+02:00" endTime="2022-06-13T21:13:29.8137485+02:00" testType="13cdc9d9-ddb5-4fa4-a97d-d965ccfc6d4b" outcome="Passed" testListId="8c84fa94-04c1-424b-9868-57a2d4851a1d" relativeResultsDirectory="ec4b6e1d-f293-4de5-9ad8-1518f3766beb" />
    <UnitTestResult executionId="19aeaae7-dc41-4d55-b449-46501ba169a7" testId="cfb2439a-56a0-7de3-f9a2-8d326d2ccf14" testName="FormatToStringTest1000(50585.83664522778d,&quot;50585.84 zł&quot;)" computerName="DESKTOP-5URQ9PB" duration="00:00:00.0000320" startTime="2022-06-13T21:13:29.8206852+02:00" endTime="2022-06-13T21:13:29.8207165+02:00" testType="13cdc9d9-ddb5-4fa4-a97d-d965ccfc6d4b" outcome="Passed" testListId="8c84fa94-04c1-424b-9868-57a2d4851a1d" relativeResultsDirectory="19aeaae7-dc41-4d55-b449-46501ba169a7" />
    <UnitTestResult executionId="b654f5bd-d7fa-41a6-8f20-7befd86576fa" testId="5717b261-73d9-ccff-48ad-cb5028daecbf" testName="FormatToStringTest1000(3341.8351759444154d,&quot;3341.84 zł&quot;)" computerName="DESKTOP-5URQ9PB" duration="00:00:00.0000310" startTime="2022-06-13T21:13:29.8191770+02:00" endTime="2022-06-13T21:13:29.8192078+02:00" testType="13cdc9d9-ddb5-4fa4-a97d-d965ccfc6d4b" outcome="Passed" testListId="8c84fa94-04c1-424b-9868-57a2d4851a1d" relativeResultsDirectory="b654f5bd-d7fa-41a6-8f20-7befd86576fa" />
    <UnitTestResult executionId="1b1236f3-561b-4030-ac9f-3ca3e949503a" testId="9629fd85-821b-932c-4f6c-d14c57ed62b0" testName="FormatToStringTest1000(22494.46807976834d,&quot;22494.47 zł&quot;)" computerName="DESKTOP-5URQ9PB" duration="00:00:00.0000320" startTime="2022-06-13T21:13:29.8271351+02:00" endTime="2022-06-13T21:13:29.8271670+02:00" testType="13cdc9d9-ddb5-4fa4-a97d-d965ccfc6d4b" outcome="Passed" testListId="8c84fa94-04c1-424b-9868-57a2d4851a1d" relativeResultsDirectory="1b1236f3-561b-4030-ac9f-3ca3e949503a" />
    <UnitTestResult executionId="f1dde911-c33d-4e7b-b895-01966a607c0a" testId="f0585ec3-ae76-b5af-6830-899496ff1fd9" testName="FormatToStringTest1000(2121.0917325211185d,&quot;2121.09 zł&quot;)" computerName="DESKTOP-5URQ9PB" duration="00:00:00.0000190" startTime="2022-06-13T21:13:29.8235847+02:00" endTime="2022-06-13T21:13:29.8236039+02:00" testType="13cdc9d9-ddb5-4fa4-a97d-d965ccfc6d4b" outcome="Passed" testListId="8c84fa94-04c1-424b-9868-57a2d4851a1d" relativeResultsDirectory="f1dde911-c33d-4e7b-b895-01966a607c0a" />
    <UnitTestResult executionId="8a5380c8-c55c-40d2-ade4-506a9e1a163b" testId="c39afc72-aad4-5709-e4a1-73293872a305" testName="FormatToStringTest1000(51529.79033960206d,&quot;51529.79 zł&quot;)" computerName="DESKTOP-5URQ9PB" duration="00:00:00.0000200" startTime="2022-06-13T21:13:29.8320200+02:00" endTime="2022-06-13T21:13:29.8320399+02:00" testType="13cdc9d9-ddb5-4fa4-a97d-d965ccfc6d4b" outcome="Passed" testListId="8c84fa94-04c1-424b-9868-57a2d4851a1d" relativeResultsDirectory="8a5380c8-c55c-40d2-ade4-506a9e1a163b" />
    <UnitTestResult executionId="0940824c-f22d-45b9-88f2-431cbc181841" testId="45b47e45-8abc-9102-029a-0eb6ca1d5e58" testName="FormatToStringTest1000(15080.274618567097d,&quot;15080.27 zł&quot;)" computerName="DESKTOP-5URQ9PB" duration="00:00:00.0000260" startTime="2022-06-13T21:13:29.8196003+02:00" endTime="2022-06-13T21:13:29.8196260+02:00" testType="13cdc9d9-ddb5-4fa4-a97d-d965ccfc6d4b" outcome="Passed" testListId="8c84fa94-04c1-424b-9868-57a2d4851a1d" relativeResultsDirectory="0940824c-f22d-45b9-88f2-431cbc181841" />
    <UnitTestResult executionId="4c8e9a9b-013a-4aae-b31d-cb98da578411" testId="bce75dbd-45ca-03c5-19ba-bad21cb2572e" testName="FormatToStringTest1000(18990.72499258012d,&quot;18990.72 zł&quot;)" computerName="DESKTOP-5URQ9PB" duration="00:00:00.0000180" startTime="2022-06-13T21:13:29.8092760+02:00" endTime="2022-06-13T21:13:29.8092937+02:00" testType="13cdc9d9-ddb5-4fa4-a97d-d965ccfc6d4b" outcome="Passed" testListId="8c84fa94-04c1-424b-9868-57a2d4851a1d" relativeResultsDirectory="4c8e9a9b-013a-4aae-b31d-cb98da578411" />
    <UnitTestResult executionId="00155e5c-1d2b-4aeb-be8d-32ac38e1acda" testId="82e7d70c-1a42-9215-0f5f-33fe3e6fa346" testName="FormatToStringTest1000(23174.85693288448d,&quot;23174.86 zł&quot;)" computerName="DESKTOP-5URQ9PB" duration="00:00:00.0000270" startTime="2022-06-13T21:13:29.8187730+02:00" endTime="2022-06-13T21:13:29.8188001+02:00" testType="13cdc9d9-ddb5-4fa4-a97d-d965ccfc6d4b" outcome="Passed" testListId="8c84fa94-04c1-424b-9868-57a2d4851a1d" relativeResultsDirectory="00155e5c-1d2b-4aeb-be8d-32ac38e1acda" />
    <UnitTestResult executionId="babf8e39-0f7d-4075-85e6-a3d387d39960" testId="c2208323-1f95-b32c-0530-4ad682605720" testName="FormatToStringTest1000(96022.24851977557d,&quot;96022.25 zł&quot;)" computerName="DESKTOP-5URQ9PB" duration="00:00:00.0000190" startTime="2022-06-13T21:13:29.8272424+02:00" endTime="2022-06-13T21:13:29.8272615+02:00" testType="13cdc9d9-ddb5-4fa4-a97d-d965ccfc6d4b" outcome="Passed" testListId="8c84fa94-04c1-424b-9868-57a2d4851a1d" relativeResultsDirectory="babf8e39-0f7d-4075-85e6-a3d387d39960" />
    <UnitTestResult executionId="9ab01e99-1c5a-4a90-97c3-a8190be8ffb2" testId="4f19bfe4-12a5-e7df-9799-ba1ffdd56260" testName="FormatToStringTest1000(54678.59301593089d,&quot;54678.59 zł&quot;)" computerName="DESKTOP-5URQ9PB" duration="00:00:00.0000180" startTime="2022-06-13T21:13:29.8275451+02:00" endTime="2022-06-13T21:13:29.8275631+02:00" testType="13cdc9d9-ddb5-4fa4-a97d-d965ccfc6d4b" outcome="Passed" testListId="8c84fa94-04c1-424b-9868-57a2d4851a1d" relativeResultsDirectory="9ab01e99-1c5a-4a90-97c3-a8190be8ffb2" />
    <UnitTestResult executionId="97f9890a-1cbc-41df-916c-f2f2982e8ea5" testId="7df385e8-e01d-d2ef-2361-abb8175fc7ae" testName="FormatToStringTest1000(2298.0331723829886d,&quot;2298.03 zł&quot;)" computerName="DESKTOP-5URQ9PB" duration="00:00:00.0000190" startTime="2022-06-13T21:13:29.8224633+02:00" endTime="2022-06-13T21:13:29.8224818+02:00" testType="13cdc9d9-ddb5-4fa4-a97d-d965ccfc6d4b" outcome="Passed" testListId="8c84fa94-04c1-424b-9868-57a2d4851a1d" relativeResultsDirectory="97f9890a-1cbc-41df-916c-f2f2982e8ea5" />
    <UnitTestResult executionId="468f7a6c-ad3a-48c6-bcb4-9069fc4d515c" testId="3b6adeb2-dcf4-fb95-f3e8-26dcad169d8e" testName="FormatToStringTest1000(71554.9786298829d,&quot;71554.98 zł&quot;)" computerName="DESKTOP-5URQ9PB" duration="00:00:00.0000240" startTime="2022-06-13T21:13:29.8270643+02:00" endTime="2022-06-13T21:13:29.8270884+02:00" testType="13cdc9d9-ddb5-4fa4-a97d-d965ccfc6d4b" outcome="Passed" testListId="8c84fa94-04c1-424b-9868-57a2d4851a1d" relativeResultsDirectory="468f7a6c-ad3a-48c6-bcb4-9069fc4d515c" />
    <UnitTestResult executionId="9759d3d0-a285-4c34-b4fd-2f8af5abaae7" testId="b7c8b8f4-3f53-7b79-a3fb-65f51c557883" testName="FormatToStringTest1000(5317.9582678023535d,&quot;5317.96 zł&quot;)" computerName="DESKTOP-5URQ9PB" duration="00:00:00.0000190" startTime="2022-06-13T21:13:29.8236349+02:00" endTime="2022-06-13T21:13:29.8236541+02:00" testType="13cdc9d9-ddb5-4fa4-a97d-d965ccfc6d4b" outcome="Passed" testListId="8c84fa94-04c1-424b-9868-57a2d4851a1d" relativeResultsDirectory="9759d3d0-a285-4c34-b4fd-2f8af5abaae7" />
    <UnitTestResult executionId="30a7b1de-23f5-4958-bd6a-3091ece0bc35" testId="9cef29cf-98fb-f211-5054-ae4d42774e1f" testName="FormatToStringTest1000(31347.468987404587d,&quot;31347.47 zł&quot;)" computerName="DESKTOP-5URQ9PB" duration="00:00:00.0000330" startTime="2022-06-13T21:13:29.8319775+02:00" endTime="2022-06-13T21:13:29.8320117+02:00" testType="13cdc9d9-ddb5-4fa4-a97d-d965ccfc6d4b" outcome="Passed" testListId="8c84fa94-04c1-424b-9868-57a2d4851a1d" relativeResultsDirectory="30a7b1de-23f5-4958-bd6a-3091ece0bc35" />
    <UnitTestResult executionId="b8548cc0-4463-475e-9ccf-a4da73b47d9b" testId="eae9a8da-630f-ea44-decf-a8ef3a38d81d" testName="FormatToStringTest1000(55030.929183896136d,&quot;55030.93 zł&quot;)" computerName="DESKTOP-5URQ9PB" duration="00:00:00.0000180" startTime="2022-06-13T21:13:29.8114166+02:00" endTime="2022-06-13T21:13:29.8114348+02:00" testType="13cdc9d9-ddb5-4fa4-a97d-d965ccfc6d4b" outcome="Passed" testListId="8c84fa94-04c1-424b-9868-57a2d4851a1d" relativeResultsDirectory="b8548cc0-4463-475e-9ccf-a4da73b47d9b" />
    <UnitTestResult executionId="5d6b6f9e-90f9-4090-9e9a-bd6a451c1403" testId="114d6aa2-3c70-c374-d5cb-1675b6f9d5e6" testName="FormatToStringTest1000(8499.121443388574d,&quot;8499.12 zł&quot;)" computerName="DESKTOP-5URQ9PB" duration="00:00:00.0000190" startTime="2022-06-13T21:13:29.8084850+02:00" endTime="2022-06-13T21:13:29.8085038+02:00" testType="13cdc9d9-ddb5-4fa4-a97d-d965ccfc6d4b" outcome="Passed" testListId="8c84fa94-04c1-424b-9868-57a2d4851a1d" relativeResultsDirectory="5d6b6f9e-90f9-4090-9e9a-bd6a451c1403" />
    <UnitTestResult executionId="0fbcae40-3afa-4356-980b-91d92e3cbc42" testId="a2324ec9-fe68-9e74-cace-8efe295e824d" testName="FormatToStringTest1000(43424.45140075332d,&quot;43424.45 zł&quot;)" computerName="DESKTOP-5URQ9PB" duration="00:00:00.0000260" startTime="2022-06-13T21:13:29.8204665+02:00" endTime="2022-06-13T21:13:29.8204922+02:00" testType="13cdc9d9-ddb5-4fa4-a97d-d965ccfc6d4b" outcome="Passed" testListId="8c84fa94-04c1-424b-9868-57a2d4851a1d" relativeResultsDirectory="0fbcae40-3afa-4356-980b-91d92e3cbc42" />
    <UnitTestResult executionId="5bf8cdbb-cd46-4f8f-93fa-e2b114d01a28" testId="e39abc6e-a339-e385-747c-5c151d68fdc6" testName="FormatToStringTest1000(15591.4117417221d,&quot;15591.41 zł&quot;)" computerName="DESKTOP-5URQ9PB" duration="00:00:00.0000310" startTime="2022-06-13T21:13:29.8319302+02:00" endTime="2022-06-13T21:13:29.8319609+02:00" testType="13cdc9d9-ddb5-4fa4-a97d-d965ccfc6d4b" outcome="Passed" testListId="8c84fa94-04c1-424b-9868-57a2d4851a1d" relativeResultsDirectory="5bf8cdbb-cd46-4f8f-93fa-e2b114d01a28" />
    <UnitTestResult executionId="8f1fd7f6-30a9-452e-b4a6-c1880748a74d" testId="086ce182-cb7e-9e8c-a794-52547670ad62" testName="FormatToStringTest1000(25084.19182667238d,&quot;25084.19 zł&quot;)" computerName="DESKTOP-5URQ9PB" duration="00:00:00.0000190" startTime="2022-06-13T21:13:29.8306053+02:00" endTime="2022-06-13T21:13:29.8306240+02:00" testType="13cdc9d9-ddb5-4fa4-a97d-d965ccfc6d4b" outcome="Passed" testListId="8c84fa94-04c1-424b-9868-57a2d4851a1d" relativeResultsDirectory="8f1fd7f6-30a9-452e-b4a6-c1880748a74d" />
    <UnitTestResult executionId="08c8702f-15bb-4e44-9fbb-c08dfba7bd16" testId="bf7aea95-4edb-be07-7de0-fdb7b0e337d5" testName="FormatToStringTest1000(40241.790964380736d,&quot;40241.79 zł&quot;)" computerName="DESKTOP-5URQ9PB" duration="00:00:00.0000180" startTime="2022-06-13T21:13:29.8312721+02:00" endTime="2022-06-13T21:13:29.8312904+02:00" testType="13cdc9d9-ddb5-4fa4-a97d-d965ccfc6d4b" outcome="Passed" testListId="8c84fa94-04c1-424b-9868-57a2d4851a1d" relativeResultsDirectory="08c8702f-15bb-4e44-9fbb-c08dfba7bd16" />
    <UnitTestResult executionId="9d16a810-0522-4fe1-8baf-63c97ce09169" testId="a4d82a7a-0101-77be-aadf-7ad891442135" testName="FormatToStringTest1000(35967.54466809684d,&quot;35967.54 zł&quot;)" computerName="DESKTOP-5URQ9PB" duration="00:00:00.0000210" startTime="2022-06-13T21:13:29.8269334+02:00" endTime="2022-06-13T21:13:29.8269547+02:00" testType="13cdc9d9-ddb5-4fa4-a97d-d965ccfc6d4b" outcome="Passed" testListId="8c84fa94-04c1-424b-9868-57a2d4851a1d" relativeResultsDirectory="9d16a810-0522-4fe1-8baf-63c97ce09169" />
    <UnitTestResult executionId="84afd242-5288-4dbf-8c25-57f924b1c39a" testId="cab5d10f-8cae-8dfd-3b1b-219e11cb76ab" testName="FormatToStringTest1000(15337.485230751097d,&quot;15337.49 zł&quot;)" computerName="DESKTOP-5URQ9PB" duration="00:00:00.0000260" startTime="2022-06-13T21:13:29.8167321+02:00" endTime="2022-06-13T21:13:29.8167575+02:00" testType="13cdc9d9-ddb5-4fa4-a97d-d965ccfc6d4b" outcome="Passed" testListId="8c84fa94-04c1-424b-9868-57a2d4851a1d" relativeResultsDirectory="84afd242-5288-4dbf-8c25-57f924b1c39a" />
    <UnitTestResult executionId="50ba396b-711b-4751-ac29-3a6ab3684146" testId="b9c69082-a036-d41e-d5a0-c1cde2a1d040" testName="FormatToStringTest1000(9661.966055578536d,&quot;9661.97 zł&quot;)" computerName="DESKTOP-5URQ9PB" duration="00:00:00.0000270" startTime="2022-06-13T21:13:29.8163092+02:00" endTime="2022-06-13T21:13:29.8163355+02:00" testType="13cdc9d9-ddb5-4fa4-a97d-d965ccfc6d4b" outcome="Passed" testListId="8c84fa94-04c1-424b-9868-57a2d4851a1d" relativeResultsDirectory="50ba396b-711b-4751-ac29-3a6ab3684146" />
    <UnitTestResult executionId="b6fb3c21-b8c2-4565-823c-e791bfa0f3fc" testId="17734bbb-2d3a-adb5-e319-0683f12164eb" testName="FormatToStringTest1000(9816.961298880615d,&quot;9816.96 zł&quot;)" computerName="DESKTOP-5URQ9PB" duration="00:00:00.0000190" startTime="2022-06-13T21:13:29.8074265+02:00" endTime="2022-06-13T21:13:29.8074453+02:00" testType="13cdc9d9-ddb5-4fa4-a97d-d965ccfc6d4b" outcome="Passed" testListId="8c84fa94-04c1-424b-9868-57a2d4851a1d" relativeResultsDirectory="b6fb3c21-b8c2-4565-823c-e791bfa0f3fc" />
    <UnitTestResult executionId="c301c6dd-dbb3-4655-b7af-e79cd2b71244" testId="49538287-c6a8-9cce-5150-35176d68e7fe" testName="FormatToStringTest1000(25908.345463821825d,&quot;25908.35 zł&quot;)" computerName="DESKTOP-5URQ9PB" duration="00:00:00.0000190" startTime="2022-06-13T21:13:29.8258690+02:00" endTime="2022-06-13T21:13:29.8258875+02:00" testType="13cdc9d9-ddb5-4fa4-a97d-d965ccfc6d4b" outcome="Passed" testListId="8c84fa94-04c1-424b-9868-57a2d4851a1d" relativeResultsDirectory="c301c6dd-dbb3-4655-b7af-e79cd2b71244" />
    <UnitTestResult executionId="c3cf6ff9-bf08-482c-bd56-3aa2c680ea2f" testId="3f6f5d68-0845-7e29-25ea-1750d0b3ad97" testName="FormatToStringTest1000(88489.14069749469d,&quot;88489.14 zł&quot;)" computerName="DESKTOP-5URQ9PB" duration="00:00:00.0000190" startTime="2022-06-13T21:13:29.8332047+02:00" endTime="2022-06-13T21:13:29.8332232+02:00" testType="13cdc9d9-ddb5-4fa4-a97d-d965ccfc6d4b" outcome="Passed" testListId="8c84fa94-04c1-424b-9868-57a2d4851a1d" relativeResultsDirectory="c3cf6ff9-bf08-482c-bd56-3aa2c680ea2f" />
    <UnitTestResult executionId="f2f0eb4b-8ae6-488a-b321-fee2a74cef0e" testId="3ff03a46-b206-b458-f53e-9c5468df465e" testName="FormatToStringTest1000(25116.590135570892d,&quot;25116.59 zł&quot;)" computerName="DESKTOP-5URQ9PB" duration="00:00:00.0000190" startTime="2022-06-13T21:13:29.8157336+02:00" endTime="2022-06-13T21:13:29.8157519+02:00" testType="13cdc9d9-ddb5-4fa4-a97d-d965ccfc6d4b" outcome="Passed" testListId="8c84fa94-04c1-424b-9868-57a2d4851a1d" relativeResultsDirectory="f2f0eb4b-8ae6-488a-b321-fee2a74cef0e" />
    <UnitTestResult executionId="bd918935-b157-457b-acfb-d18f7e27e37a" testId="726ca756-5ddd-cb5f-72a7-3e3a70b8c971" testName="FormatToStringTest1000(1208.1827589441941d,&quot;1208.18 zł&quot;)" computerName="DESKTOP-5URQ9PB" duration="00:00:00.0000180" startTime="2022-06-13T21:13:29.8085101+02:00" endTime="2022-06-13T21:13:29.8085280+02:00" testType="13cdc9d9-ddb5-4fa4-a97d-d965ccfc6d4b" outcome="Passed" testListId="8c84fa94-04c1-424b-9868-57a2d4851a1d" relativeResultsDirectory="bd918935-b157-457b-acfb-d18f7e27e37a" />
    <UnitTestResult executionId="d1f4ffa5-da4c-4096-8607-c331cdd87fa1" testId="c32a55d2-5cd9-4241-ed27-6ec6eee4b3b0" testName="FormatToStringTest1000(24646.322657574587d,&quot;24646.32 zł&quot;)" computerName="DESKTOP-5URQ9PB" duration="00:00:00.0000270" startTime="2022-06-13T21:13:29.8166268+02:00" endTime="2022-06-13T21:13:29.8166531+02:00" testType="13cdc9d9-ddb5-4fa4-a97d-d965ccfc6d4b" outcome="Passed" testListId="8c84fa94-04c1-424b-9868-57a2d4851a1d" relativeResultsDirectory="d1f4ffa5-da4c-4096-8607-c331cdd87fa1" />
    <UnitTestResult executionId="d8f298e5-d3f1-4752-9e73-ac10d567168e" testId="bcaccf95-48bd-f1b0-c691-d2f1e6a4e3bd" testName="FormatToStringTest1000(17252.06220983903d,&quot;17252.06 zł&quot;)" computerName="DESKTOP-5URQ9PB" duration="00:00:00.0000230" startTime="2022-06-13T21:13:29.8089025+02:00" endTime="2022-06-13T21:13:29.8089252+02:00" testType="13cdc9d9-ddb5-4fa4-a97d-d965ccfc6d4b" outcome="Passed" testListId="8c84fa94-04c1-424b-9868-57a2d4851a1d" relativeResultsDirectory="d8f298e5-d3f1-4752-9e73-ac10d567168e" />
    <UnitTestResult executionId="b472799a-e9a5-44f3-8f7b-a9d857a961ec" testId="de7a0ae7-aa58-be18-206b-2d44f2e86ead" testName="FormatToStringTest1000(20552.966022956633d,&quot;20552.97 zł&quot;)" computerName="DESKTOP-5URQ9PB" duration="00:00:00.0000180" startTime="2022-06-13T21:13:29.8234349+02:00" endTime="2022-06-13T21:13:29.8234532+02:00" testType="13cdc9d9-ddb5-4fa4-a97d-d965ccfc6d4b" outcome="Passed" testListId="8c84fa94-04c1-424b-9868-57a2d4851a1d" relativeResultsDirectory="b472799a-e9a5-44f3-8f7b-a9d857a961ec" />
    <UnitTestResult executionId="6f533120-890f-49ef-ab5c-5f75678d8813" testId="979c090f-8c86-d264-67f3-13520744166b" testName="FormatToStringTest1000(30138.55109863102d,&quot;30138.55 zł&quot;)" computerName="DESKTOP-5URQ9PB" duration="00:00:00.0000310" startTime="2022-06-13T21:13:29.8250040+02:00" endTime="2022-06-13T21:13:29.8250350+02:00" testType="13cdc9d9-ddb5-4fa4-a97d-d965ccfc6d4b" outcome="Passed" testListId="8c84fa94-04c1-424b-9868-57a2d4851a1d" relativeResultsDirectory="6f533120-890f-49ef-ab5c-5f75678d8813" />
    <UnitTestResult executionId="8c2cdf90-2684-4863-9958-3cb1a691bb66" testId="c7b07fde-ab61-697a-6040-f2f4c1529d34" testName="FormatToStringTest1000(736.7398243680316d,&quot;736.74 zł&quot;)" computerName="DESKTOP-5URQ9PB" duration="00:00:00.0000180" startTime="2022-06-13T21:13:29.8083884+02:00" endTime="2022-06-13T21:13:29.8084063+02:00" testType="13cdc9d9-ddb5-4fa4-a97d-d965ccfc6d4b" outcome="Passed" testListId="8c84fa94-04c1-424b-9868-57a2d4851a1d" relativeResultsDirectory="8c2cdf90-2684-4863-9958-3cb1a691bb66" />
    <UnitTestResult executionId="f83cb5e8-1de4-4fe7-90a6-a74e67216505" testId="58932f19-d7b6-d69f-2dae-d6e75aa0e55e" testName="FormatToStringTest1000(12949.590713378317d,&quot;12949.59 zł&quot;)" computerName="DESKTOP-5URQ9PB" duration="00:00:00.0000180" startTime="2022-06-13T21:13:29.8074515+02:00" endTime="2022-06-13T21:13:29.8074696+02:00" testType="13cdc9d9-ddb5-4fa4-a97d-d965ccfc6d4b" outcome="Passed" testListId="8c84fa94-04c1-424b-9868-57a2d4851a1d" relativeResultsDirectory="f83cb5e8-1de4-4fe7-90a6-a74e67216505" />
    <UnitTestResult executionId="071f1acf-1e82-4011-b0ee-913cb061ae71" testId="7b5400c4-5377-7ac8-dd1c-7b695cb4115f" testName="FormatToStringTest1000(7813.027778348433d,&quot;7813.03 zł&quot;)" computerName="DESKTOP-5URQ9PB" duration="00:00:00.0000190" startTime="2022-06-13T21:13:29.8256886+02:00" endTime="2022-06-13T21:13:29.8257074+02:00" testType="13cdc9d9-ddb5-4fa4-a97d-d965ccfc6d4b" outcome="Passed" testListId="8c84fa94-04c1-424b-9868-57a2d4851a1d" relativeResultsDirectory="071f1acf-1e82-4011-b0ee-913cb061ae71" />
    <UnitTestResult executionId="7acb448b-e677-4805-b0c2-c88ab43aef4a" testId="21347641-7dc3-6035-5dfd-bb1ac2ae1b73" testName="FormatToStringTest1000(28992.38363400166d,&quot;28992.38 zł&quot;)" computerName="DESKTOP-5URQ9PB" duration="00:00:00.0000180" startTime="2022-06-13T21:13:29.8270399+02:00" endTime="2022-06-13T21:13:29.8270579+02:00" testType="13cdc9d9-ddb5-4fa4-a97d-d965ccfc6d4b" outcome="Passed" testListId="8c84fa94-04c1-424b-9868-57a2d4851a1d" relativeResultsDirectory="7acb448b-e677-4805-b0c2-c88ab43aef4a" />
    <UnitTestResult executionId="b6b3e70e-91a9-4156-8820-98be7f6b3f74" testId="e073dcb9-6292-6a4c-9a77-75ed0e912310" testName="FormatToStringTest1000(42555.01416107594d,&quot;42555.01 zł&quot;)" computerName="DESKTOP-5URQ9PB" duration="00:00:00.0000180" startTime="2022-06-13T21:13:29.8236103+02:00" endTime="2022-06-13T21:13:29.8236282+02:00" testType="13cdc9d9-ddb5-4fa4-a97d-d965ccfc6d4b" outcome="Passed" testListId="8c84fa94-04c1-424b-9868-57a2d4851a1d" relativeResultsDirectory="b6b3e70e-91a9-4156-8820-98be7f6b3f74" />
    <UnitTestResult executionId="7d64e8f9-9348-4197-bff0-0716ff2c69ab" testId="f3dbad6e-a998-4f0d-7c83-23b7bc70f023" testName="FormatToStringTest1000(46803.36433423374d,&quot;46803.36 zł&quot;)" computerName="DESKTOP-5URQ9PB" duration="00:00:00.0000180" startTime="2022-06-13T21:13:29.8144256+02:00" endTime="2022-06-13T21:13:29.8144432+02:00" testType="13cdc9d9-ddb5-4fa4-a97d-d965ccfc6d4b" outcome="Passed" testListId="8c84fa94-04c1-424b-9868-57a2d4851a1d" relativeResultsDirectory="7d64e8f9-9348-4197-bff0-0716ff2c69ab" />
    <UnitTestResult executionId="ef49f33f-1e36-418f-90b1-2c6dafa71a66" testId="7c3fcb5f-2001-b092-5026-72ef7da49275" testName="FormatToStringTest1000(8885.065440211942d,&quot;8885.07 zł&quot;)" computerName="DESKTOP-5URQ9PB" duration="00:00:00.0000250" startTime="2022-06-13T21:13:29.8198474+02:00" endTime="2022-06-13T21:13:29.8198725+02:00" testType="13cdc9d9-ddb5-4fa4-a97d-d965ccfc6d4b" outcome="Passed" testListId="8c84fa94-04c1-424b-9868-57a2d4851a1d" relativeResultsDirectory="ef49f33f-1e36-418f-90b1-2c6dafa71a66" />
    <UnitTestResult executionId="5ffcebc7-58f2-47d6-a479-c9e4f0e3669a" testId="acd7d1ab-8336-79e5-b078-d5eb4c962b29" testName="FormatToStringTest1000(16819.974312979717d,&quot;16819.97 zł&quot;)" computerName="DESKTOP-5URQ9PB" duration="00:00:00.0000260" startTime="2022-06-13T21:13:29.8171190+02:00" endTime="2022-06-13T21:13:29.8171453+02:00" testType="13cdc9d9-ddb5-4fa4-a97d-d965ccfc6d4b" outcome="Passed" testListId="8c84fa94-04c1-424b-9868-57a2d4851a1d" relativeResultsDirectory="5ffcebc7-58f2-47d6-a479-c9e4f0e3669a" />
    <UnitTestResult executionId="7d7d3730-790f-4710-99e5-0867c569de5d" testId="8951be4f-c5d7-21a4-85c8-2fc370bed815" testName="FormatToStringTest1000(13681.607566007231d,&quot;13681.61 zł&quot;)" computerName="DESKTOP-5URQ9PB" duration="00:00:00.0000190" startTime="2022-06-13T21:13:29.8225395+02:00" endTime="2022-06-13T21:13:29.8225578+02:00" testType="13cdc9d9-ddb5-4fa4-a97d-d965ccfc6d4b" outcome="Passed" testListId="8c84fa94-04c1-424b-9868-57a2d4851a1d" relativeResultsDirectory="7d7d3730-790f-4710-99e5-0867c569de5d" />
    <UnitTestResult executionId="b0aee339-48df-4e7e-bb30-4d0e641c3c22" testId="53f90dbe-f7ad-b0e7-04ef-fba16a107a6f" testName="FormatToStringTest1000(31163.834562352316d,&quot;31163.83 zł&quot;)" computerName="DESKTOP-5URQ9PB" duration="00:00:00.0000190" startTime="2022-06-13T21:13:29.8280871+02:00" endTime="2022-06-13T21:13:29.8281059+02:00" testType="13cdc9d9-ddb5-4fa4-a97d-d965ccfc6d4b" outcome="Passed" testListId="8c84fa94-04c1-424b-9868-57a2d4851a1d" relativeResultsDirectory="b0aee339-48df-4e7e-bb30-4d0e641c3c22" />
    <UnitTestResult executionId="f523fbc9-709c-4b5c-8e37-3267b6f8482d" testId="29406890-f674-40b1-2efb-3ed40d66af1f" testName="FormatToStringTest1000(2292.8331871111104d,&quot;2292.83 zł&quot;)" computerName="DESKTOP-5URQ9PB" duration="00:00:00.0000190" startTime="2022-06-13T21:13:29.8092266+02:00" endTime="2022-06-13T21:13:29.8092451+02:00" testType="13cdc9d9-ddb5-4fa4-a97d-d965ccfc6d4b" outcome="Passed" testListId="8c84fa94-04c1-424b-9868-57a2d4851a1d" relativeResultsDirectory="f523fbc9-709c-4b5c-8e37-3267b6f8482d" />
    <UnitTestResult executionId="e65a266a-70d6-4c5d-b60a-98deceea2237" testId="f9126a5c-91ab-1e44-30e6-13ca198640cb" testName="FormatToStringTest1000(12379.347974640013d,&quot;12379.35 zł&quot;)" computerName="DESKTOP-5URQ9PB" duration="00:00:00.0000180" startTime="2022-06-13T21:13:29.8325077+02:00" endTime="2022-06-13T21:13:29.8325258+02:00" testType="13cdc9d9-ddb5-4fa4-a97d-d965ccfc6d4b" outcome="Passed" testListId="8c84fa94-04c1-424b-9868-57a2d4851a1d" relativeResultsDirectory="e65a266a-70d6-4c5d-b60a-98deceea2237" />
    <UnitTestResult executionId="5d2c0cc0-03e1-408a-86fb-de38c8be1096" testId="1ea79024-ef1b-d483-be8e-220bc24bf693" testName="FormatToStringTest1000(835.1578487740633d,&quot;835.16 zł&quot;)" computerName="DESKTOP-5URQ9PB" duration="00:00:00.0000190" startTime="2022-06-13T21:13:29.8228462+02:00" endTime="2022-06-13T21:13:29.8228653+02:00" testType="13cdc9d9-ddb5-4fa4-a97d-d965ccfc6d4b" outcome="Passed" testListId="8c84fa94-04c1-424b-9868-57a2d4851a1d" relativeResultsDirectory="5d2c0cc0-03e1-408a-86fb-de38c8be1096" />
    <UnitTestResult executionId="9b896389-415a-4242-942c-ff8b963ce5dc" testId="c09eca31-2a58-b146-7d55-b556b7020c68" testName="FormatToStringTest1000(45603.90324273142d,&quot;45603.90 zł&quot;)" computerName="DESKTOP-5URQ9PB" duration="00:00:00.0000220" startTime="2022-06-13T21:13:29.8075007+02:00" endTime="2022-06-13T21:13:29.8075230+02:00" testType="13cdc9d9-ddb5-4fa4-a97d-d965ccfc6d4b" outcome="Passed" testListId="8c84fa94-04c1-424b-9868-57a2d4851a1d" relativeResultsDirectory="9b896389-415a-4242-942c-ff8b963ce5dc" />
    <UnitTestResult executionId="2fbe69e3-ba15-4653-af85-1f8ba8effe20" testId="8f06716c-c7ff-1247-d243-6eeb705848f7" testName="FormatToStringTest1000(11904.111251175456d,&quot;11904.11 zł&quot;)" computerName="DESKTOP-5URQ9PB" duration="00:00:00.0000180" startTime="2022-06-13T21:13:29.8124009+02:00" endTime="2022-06-13T21:13:29.8124190+02:00" testType="13cdc9d9-ddb5-4fa4-a97d-d965ccfc6d4b" outcome="Passed" testListId="8c84fa94-04c1-424b-9868-57a2d4851a1d" relativeResultsDirectory="2fbe69e3-ba15-4653-af85-1f8ba8effe20" />
    <UnitTestResult executionId="6c52a3d6-3f54-4a92-b906-7212f1eaf967" testId="84912826-9a40-9d59-76ff-2b9288e04c5b" testName="FormatToStringTest1000(15313.083673952653d,&quot;15313.08 zł&quot;)" computerName="DESKTOP-5URQ9PB" duration="00:00:00.0000310" startTime="2022-06-13T21:13:29.8162683+02:00" endTime="2022-06-13T21:13:29.8162988+02:00" testType="13cdc9d9-ddb5-4fa4-a97d-d965ccfc6d4b" outcome="Passed" testListId="8c84fa94-04c1-424b-9868-57a2d4851a1d" relativeResultsDirectory="6c52a3d6-3f54-4a92-b906-7212f1eaf967" />
    <UnitTestResult executionId="b5ce7381-85d5-430d-bf2b-f5d1c0b51140" testId="7c29140c-1ee9-b980-7778-18b11231f8a3" testName="FormatToStringTest1000(40400.9734049295d,&quot;40400.97 zł&quot;)" computerName="DESKTOP-5URQ9PB" duration="00:00:00.0000190" startTime="2022-06-13T21:13:29.8144744+02:00" endTime="2022-06-13T21:13:29.8144929+02:00" testType="13cdc9d9-ddb5-4fa4-a97d-d965ccfc6d4b" outcome="Passed" testListId="8c84fa94-04c1-424b-9868-57a2d4851a1d" relativeResultsDirectory="b5ce7381-85d5-430d-bf2b-f5d1c0b51140" />
    <UnitTestResult executionId="d84bf476-a664-4661-a8c4-bddf7892d1f6" testId="848d2a90-a6ed-8153-c519-d66b9a7193d9" testName="FormatToStringTest1000(1963.0091662979728d,&quot;1963.01 zł&quot;)" computerName="DESKTOP-5URQ9PB" duration="00:00:00.0000210" startTime="2022-06-13T21:13:29.8288025+02:00" endTime="2022-06-13T21:13:29.8288233+02:00" testType="13cdc9d9-ddb5-4fa4-a97d-d965ccfc6d4b" outcome="Passed" testListId="8c84fa94-04c1-424b-9868-57a2d4851a1d" relativeResultsDirectory="d84bf476-a664-4661-a8c4-bddf7892d1f6" />
    <UnitTestResult executionId="3ffb37ce-e273-4e12-86fa-778a6c03b9d6" testId="58d53652-da34-09db-a06d-1fae2bb18f28" testName="FormatToStringTest1000(33970.38965150639d,&quot;33970.39 zł&quot;)" computerName="DESKTOP-5URQ9PB" duration="00:00:00.0000190" startTime="2022-06-13T21:13:29.8283940+02:00" endTime="2022-06-13T21:13:29.8284124+02:00" testType="13cdc9d9-ddb5-4fa4-a97d-d965ccfc6d4b" outcome="Passed" testListId="8c84fa94-04c1-424b-9868-57a2d4851a1d" relativeResultsDirectory="3ffb37ce-e273-4e12-86fa-778a6c03b9d6" />
    <UnitTestResult executionId="24411663-7136-4880-8215-903dea7c11c8" testId="29658493-3081-01dd-eb7c-6d0a97eef1f2" testName="FormatToStringTest1000(63427.55325689332d,&quot;63427.55 zł&quot;)" computerName="DESKTOP-5URQ9PB" duration="00:00:00.0000180" startTime="2022-06-13T21:13:29.8221089+02:00" endTime="2022-06-13T21:13:29.8221273+02:00" testType="13cdc9d9-ddb5-4fa4-a97d-d965ccfc6d4b" outcome="Passed" testListId="8c84fa94-04c1-424b-9868-57a2d4851a1d" relativeResultsDirectory="24411663-7136-4880-8215-903dea7c11c8" />
    <UnitTestResult executionId="490ef982-e09e-4519-9ead-abcb08e64dc9" testId="b9452443-27e0-9ab0-1723-70a405c1b43f" testName="FormatToStringTest1000(1741.3334432818617d,&quot;1741.33 zł&quot;)" computerName="DESKTOP-5URQ9PB" duration="00:00:00.0000190" startTime="2022-06-13T21:13:29.8086077+02:00" endTime="2022-06-13T21:13:29.8086264+02:00" testType="13cdc9d9-ddb5-4fa4-a97d-d965ccfc6d4b" outcome="Passed" testListId="8c84fa94-04c1-424b-9868-57a2d4851a1d" relativeResultsDirectory="490ef982-e09e-4519-9ead-abcb08e64dc9" />
    <UnitTestResult executionId="dcc9089d-762e-47b7-b505-0267c9914638" testId="94726e39-ff6c-190e-418c-075986e08585" testName="FormatToStringTest1000(30020.248557890412d,&quot;30020.25 zł&quot;)" computerName="DESKTOP-5URQ9PB" duration="00:00:00.0000200" startTime="2022-06-13T21:13:29.8245665+02:00" endTime="2022-06-13T21:13:29.8245864+02:00" testType="13cdc9d9-ddb5-4fa4-a97d-d965ccfc6d4b" outcome="Passed" testListId="8c84fa94-04c1-424b-9868-57a2d4851a1d" relativeResultsDirectory="dcc9089d-762e-47b7-b505-0267c9914638" />
    <UnitTestResult executionId="bc8f01fb-0782-4130-af9f-283a89e7c928" testId="37887ca9-f36b-5081-1e8a-5e4e1fff4e53" testName="FormatToStringTest1000(75915.01943546813d,&quot;75915.02 zł&quot;)" computerName="DESKTOP-5URQ9PB" duration="00:00:00.0000770" startTime="2022-06-13T21:13:29.8160335+02:00" endTime="2022-06-13T21:13:29.8161103+02:00" testType="13cdc9d9-ddb5-4fa4-a97d-d965ccfc6d4b" outcome="Passed" testListId="8c84fa94-04c1-424b-9868-57a2d4851a1d" relativeResultsDirectory="bc8f01fb-0782-4130-af9f-283a89e7c928" />
    <UnitTestResult executionId="3c884a3b-6c5c-4631-8bd7-d22e837a0fe1" testId="94cff85e-e7bb-c94b-e20b-765eb3997f75" testName="FormatToStringTest1000(286.92120604539343d,&quot;286.92 zł&quot;)" computerName="DESKTOP-5URQ9PB" duration="00:00:00.0000190" startTime="2022-06-13T21:13:29.8074010+02:00" endTime="2022-06-13T21:13:29.8074202+02:00" testType="13cdc9d9-ddb5-4fa4-a97d-d965ccfc6d4b" outcome="Passed" testListId="8c84fa94-04c1-424b-9868-57a2d4851a1d" relativeResultsDirectory="3c884a3b-6c5c-4631-8bd7-d22e837a0fe1" />
    <UnitTestResult executionId="c19750c2-9211-47ae-a83a-9be5bdd6cc87" testId="d24e4d75-af83-eba3-bdf8-ba8e65054856" testName="FormatToStringTest1000(2505.286326204094d,&quot;2505.29 zł&quot;)" computerName="DESKTOP-5URQ9PB" duration="00:00:00.0000200" startTime="2022-06-13T21:13:29.8216898+02:00" endTime="2022-06-13T21:13:29.8217098+02:00" testType="13cdc9d9-ddb5-4fa4-a97d-d965ccfc6d4b" outcome="Passed" testListId="8c84fa94-04c1-424b-9868-57a2d4851a1d" relativeResultsDirectory="c19750c2-9211-47ae-a83a-9be5bdd6cc87" />
    <UnitTestResult executionId="ef23dbd5-4bd7-4ec1-bb9c-468d74fb1d26" testId="395d9b70-68ea-107f-3853-872b2d76bcc2" testName="FormatToStringTest1000(17000.070169619317d,&quot;17000.07 zł&quot;)" computerName="DESKTOP-5URQ9PB" duration="00:00:00.0000190" startTime="2022-06-13T21:13:29.8330767+02:00" endTime="2022-06-13T21:13:29.8330959+02:00" testType="13cdc9d9-ddb5-4fa4-a97d-d965ccfc6d4b" outcome="Passed" testListId="8c84fa94-04c1-424b-9868-57a2d4851a1d" relativeResultsDirectory="ef23dbd5-4bd7-4ec1-bb9c-468d74fb1d26" />
    <UnitTestResult executionId="7faf409a-a441-44d2-9a07-794c00a51ad1" testId="0e73995d-338f-84a3-7662-4ba2ece68a21" testName="FormatToStringTest1000(13027.93935961739d,&quot;13027.94 zł&quot;)" computerName="DESKTOP-5URQ9PB" duration="00:00:00.0000270" startTime="2022-06-13T21:13:29.8208373+02:00" endTime="2022-06-13T21:13:29.8208643+02:00" testType="13cdc9d9-ddb5-4fa4-a97d-d965ccfc6d4b" outcome="Passed" testListId="8c84fa94-04c1-424b-9868-57a2d4851a1d" relativeResultsDirectory="7faf409a-a441-44d2-9a07-794c00a51ad1" />
    <UnitTestResult executionId="ab05d075-2182-4c22-9116-9daf8c364f6e" testId="17ffc344-aceb-1f84-f3bf-8205c38e1b46" testName="FormatToStringTest1000(22017.250119325356d,&quot;22017.25 zł&quot;)" computerName="DESKTOP-5URQ9PB" duration="00:00:00.0000180" startTime="2022-06-13T21:13:29.8100910+02:00" endTime="2022-06-13T21:13:29.8101086+02:00" testType="13cdc9d9-ddb5-4fa4-a97d-d965ccfc6d4b" outcome="Passed" testListId="8c84fa94-04c1-424b-9868-57a2d4851a1d" relativeResultsDirectory="ab05d075-2182-4c22-9116-9daf8c364f6e" />
    <UnitTestResult executionId="44085e9b-7d61-4611-953d-23094e440645" testId="9db1e6a2-c9ab-3468-9419-59249149bc04" testName="FormatToStringTest1000(6710.131197082871d,&quot;6710.13 zł&quot;)" computerName="DESKTOP-5URQ9PB" duration="00:00:00.0000200" startTime="2022-06-13T21:13:29.8322290+02:00" endTime="2022-06-13T21:13:29.8322486+02:00" testType="13cdc9d9-ddb5-4fa4-a97d-d965ccfc6d4b" outcome="Passed" testListId="8c84fa94-04c1-424b-9868-57a2d4851a1d" relativeResultsDirectory="44085e9b-7d61-4611-953d-23094e440645" />
    <UnitTestResult executionId="f4bd5401-de81-40d5-b0a2-0298c74c6887" testId="6aa37256-4a27-aaf0-2d68-1faeac68f58c" testName="FormatToStringTest1000(67230.86250807665d,&quot;67230.86 zł&quot;)" computerName="DESKTOP-5URQ9PB" duration="00:00:00.0000180" startTime="2022-06-13T21:13:29.8102850+02:00" endTime="2022-06-13T21:13:29.8103029+02:00" testType="13cdc9d9-ddb5-4fa4-a97d-d965ccfc6d4b" outcome="Passed" testListId="8c84fa94-04c1-424b-9868-57a2d4851a1d" relativeResultsDirectory="f4bd5401-de81-40d5-b0a2-0298c74c6887" />
    <UnitTestResult executionId="48b6a1a5-4d27-4513-bf6f-ccfa82c9a255" testId="a9f22fa3-b7d2-f6d4-3197-1e8215934f1f" testName="FormatToStringTest1000(65947.64520381515d,&quot;65947.65 zł&quot;)" computerName="DESKTOP-5URQ9PB" duration="00:00:00.0000180" startTime="2022-06-13T21:13:29.8218451+02:00" endTime="2022-06-13T21:13:29.8218629+02:00" testType="13cdc9d9-ddb5-4fa4-a97d-d965ccfc6d4b" outcome="Passed" testListId="8c84fa94-04c1-424b-9868-57a2d4851a1d" relativeResultsDirectory="48b6a1a5-4d27-4513-bf6f-ccfa82c9a255" />
    <UnitTestResult executionId="574db156-badd-4f37-9d1b-478f7553c6ab" testId="628515ca-7a61-a487-4f7e-7b39d713c401" testName="FormatToStringTest1000(29917.15005391145d,&quot;29917.15 zł&quot;)" computerName="DESKTOP-5URQ9PB" duration="00:00:00.0000190" startTime="2022-06-13T21:13:29.8264749+02:00" endTime="2022-06-13T21:13:29.8264936+02:00" testType="13cdc9d9-ddb5-4fa4-a97d-d965ccfc6d4b" outcome="Passed" testListId="8c84fa94-04c1-424b-9868-57a2d4851a1d" relativeResultsDirectory="574db156-badd-4f37-9d1b-478f7553c6ab" />
    <UnitTestResult executionId="596dd15e-f602-45e4-a79f-9d2bc26b702e" testId="da1a6990-7ab2-9cdb-3d5d-e5366899dffb" testName="FormatToStringTest1000(4614.673205890541d,&quot;4614.67 zł&quot;)" computerName="DESKTOP-5URQ9PB" duration="00:00:00.0000190" startTime="2022-06-13T21:13:29.8101387+02:00" endTime="2022-06-13T21:13:29.8101574+02:00" testType="13cdc9d9-ddb5-4fa4-a97d-d965ccfc6d4b" outcome="Passed" testListId="8c84fa94-04c1-424b-9868-57a2d4851a1d" relativeResultsDirectory="596dd15e-f602-45e4-a79f-9d2bc26b702e" />
    <UnitTestResult executionId="4b295589-87f5-474e-aaf1-afb6190064b1" testId="30678609-1c69-68ef-6a0d-4b6cf4e5979d" testName="FormatToStringTest1000(2975.6892256134606d,&quot;2975.69 zł&quot;)" computerName="DESKTOP-5URQ9PB" duration="00:00:00.0000270" startTime="2022-06-13T21:13:29.8195643+02:00" endTime="2022-06-13T21:13:29.8195914+02:00" testType="13cdc9d9-ddb5-4fa4-a97d-d965ccfc6d4b" outcome="Passed" testListId="8c84fa94-04c1-424b-9868-57a2d4851a1d" relativeResultsDirectory="4b295589-87f5-474e-aaf1-afb6190064b1" />
    <UnitTestResult executionId="06159006-6c2a-4c31-a49e-d0576a6064af" testId="c1a27935-5451-ecaa-f0f8-7b140e2bc422" testName="FormatToStringTest1000(27794.8671353957d,&quot;27794.87 zł&quot;)" computerName="DESKTOP-5URQ9PB" duration="00:00:00.0000180" startTime="2022-06-13T21:13:29.8268512+02:00" endTime="2022-06-13T21:13:29.8268693+02:00" testType="13cdc9d9-ddb5-4fa4-a97d-d965ccfc6d4b" outcome="Passed" testListId="8c84fa94-04c1-424b-9868-57a2d4851a1d" relativeResultsDirectory="06159006-6c2a-4c31-a49e-d0576a6064af" />
    <UnitTestResult executionId="889bd183-2f94-4008-b04e-c5354f3251dd" testId="3de5845a-c4ac-d187-6027-553f442e3ad2" testName="FormatToStringTest1000(79973.08417819678d,&quot;79973.08 zł&quot;)" computerName="DESKTOP-5URQ9PB" duration="00:00:00.0000180" startTime="2022-06-13T21:13:29.8072765+02:00" endTime="2022-06-13T21:13:29.8072946+02:00" testType="13cdc9d9-ddb5-4fa4-a97d-d965ccfc6d4b" outcome="Passed" testListId="8c84fa94-04c1-424b-9868-57a2d4851a1d" relativeResultsDirectory="889bd183-2f94-4008-b04e-c5354f3251dd" />
    <UnitTestResult executionId="b89cdde0-fda0-42d4-8b4f-94d5dd09c99b" testId="0cdea9b8-a5e3-2983-1ccb-d986de17659d" testName="FormatToStringTest1000(38904.87092920806d,&quot;38904.87 zł&quot;)" computerName="DESKTOP-5URQ9PB" duration="00:00:00.0000180" startTime="2022-06-13T21:13:29.8234852+02:00" endTime="2022-06-13T21:13:29.8235033+02:00" testType="13cdc9d9-ddb5-4fa4-a97d-d965ccfc6d4b" outcome="Passed" testListId="8c84fa94-04c1-424b-9868-57a2d4851a1d" relativeResultsDirectory="b89cdde0-fda0-42d4-8b4f-94d5dd09c99b" />
    <UnitTestResult executionId="92148a20-aba4-4904-a63e-6988456a00c5" testId="4195877a-ded9-22b8-62f7-465d0dab0554" testName="FormatToStringTest1000(26843.15785584932d,&quot;26843.16 zł&quot;)" computerName="DESKTOP-5URQ9PB" duration="00:00:00.0000200" startTime="2022-06-13T21:13:29.8339987+02:00" endTime="2022-06-13T21:13:29.8340184+02:00" testType="13cdc9d9-ddb5-4fa4-a97d-d965ccfc6d4b" outcome="Passed" testListId="8c84fa94-04c1-424b-9868-57a2d4851a1d" relativeResultsDirectory="92148a20-aba4-4904-a63e-6988456a00c5" />
    <UnitTestResult executionId="9ecdcde0-2ccd-43ed-99f2-d883aa319fe4" testId="c2593dce-156b-2236-a515-633fd14dda79" testName="FormatToStringTest1000(16902.50568789314d,&quot;16902.51 zł&quot;)" computerName="DESKTOP-5URQ9PB" duration="00:00:00.0000270" startTime="2022-06-13T21:13:29.8194521+02:00" endTime="2022-06-13T21:13:29.8194789+02:00" testType="13cdc9d9-ddb5-4fa4-a97d-d965ccfc6d4b" outcome="Passed" testListId="8c84fa94-04c1-424b-9868-57a2d4851a1d" relativeResultsDirectory="9ecdcde0-2ccd-43ed-99f2-d883aa319fe4" />
    <UnitTestResult executionId="ba0385d9-7e89-4080-8d2f-2d26e3830198" testId="891c0d76-e64c-f414-ec6a-1381d76267bf" testName="FormatToStringTest1000(67380.07704875062d,&quot;67380.08 zł&quot;)" computerName="DESKTOP-5URQ9PB" duration="00:00:00.0000220" startTime="2022-06-13T21:13:29.8148949+02:00" endTime="2022-06-13T21:13:29.8149163+02:00" testType="13cdc9d9-ddb5-4fa4-a97d-d965ccfc6d4b" outcome="Passed" testListId="8c84fa94-04c1-424b-9868-57a2d4851a1d" relativeResultsDirectory="ba0385d9-7e89-4080-8d2f-2d26e3830198" />
    <UnitTestResult executionId="404e6f37-c244-4ddc-a22c-b2a2a46eee23" testId="35a2b898-28ef-3d54-ad66-b8bbc7ede2a3" testName="FormatToStringTest1000(19796.212103914568d,&quot;19796.21 zł&quot;)" computerName="DESKTOP-5URQ9PB" duration="00:00:00.0000300" startTime="2022-06-13T21:13:29.8204272+02:00" endTime="2022-06-13T21:13:29.8204564+02:00" testType="13cdc9d9-ddb5-4fa4-a97d-d965ccfc6d4b" outcome="Passed" testListId="8c84fa94-04c1-424b-9868-57a2d4851a1d" relativeResultsDirectory="404e6f37-c244-4ddc-a22c-b2a2a46eee23" />
    <UnitTestResult executionId="aa72a38e-fb78-42ab-8f45-02fbd959e5d8" testId="b266e530-9059-cc9e-a2de-5a104736c757" testName="FormatToStringTest1000(14003.84591249742d,&quot;14003.85 zł&quot;)" computerName="DESKTOP-5URQ9PB" duration="00:00:00.0000180" startTime="2022-06-13T21:13:29.8235357+02:00" endTime="2022-06-13T21:13:29.8235539+02:00" testType="13cdc9d9-ddb5-4fa4-a97d-d965ccfc6d4b" outcome="Passed" testListId="8c84fa94-04c1-424b-9868-57a2d4851a1d" relativeResultsDirectory="aa72a38e-fb78-42ab-8f45-02fbd959e5d8" />
    <UnitTestResult executionId="b36b288c-bc9e-4355-aee5-f25a3974906f" testId="8a34d143-fbd5-8061-22f1-4fab44554570" testName="FormatToStringTest1000(75162.39407669863d,&quot;75162.39 zł&quot;)" computerName="DESKTOP-5URQ9PB" duration="00:00:00.0000190" startTime="2022-06-13T21:13:29.8123761+02:00" endTime="2022-06-13T21:13:29.8123947+02:00" testType="13cdc9d9-ddb5-4fa4-a97d-d965ccfc6d4b" outcome="Passed" testListId="8c84fa94-04c1-424b-9868-57a2d4851a1d" relativeResultsDirectory="b36b288c-bc9e-4355-aee5-f25a3974906f" />
    <UnitTestResult executionId="cb183a1d-ea1c-4507-a73c-837663c038fb" testId="f2fa6d2d-1c35-dcc0-50da-39045d7858e4" testName="FormatToStringTest1000(7458.609645228652d,&quot;7458.61 zł&quot;)" computerName="DESKTOP-5URQ9PB" duration="00:00:00.0000180" startTime="2022-06-13T21:13:29.8084125+02:00" endTime="2022-06-13T21:13:29.8084307+02:00" testType="13cdc9d9-ddb5-4fa4-a97d-d965ccfc6d4b" outcome="Passed" testListId="8c84fa94-04c1-424b-9868-57a2d4851a1d" relativeResultsDirectory="cb183a1d-ea1c-4507-a73c-837663c038fb" />
    <UnitTestResult executionId="d7057178-7faf-4df6-98c9-9b362dd03ef4" testId="85025e54-3d28-2e1a-ba9d-a38988743c83" testName="FormatToStringTest1000(75987.03378503352d,&quot;75987.03 zł&quot;)" computerName="DESKTOP-5URQ9PB" duration="00:00:00.0000190" startTime="2022-06-13T21:13:29.8276941+02:00" endTime="2022-06-13T21:13:29.8277130+02:00" testType="13cdc9d9-ddb5-4fa4-a97d-d965ccfc6d4b" outcome="Passed" testListId="8c84fa94-04c1-424b-9868-57a2d4851a1d" relativeResultsDirectory="d7057178-7faf-4df6-98c9-9b362dd03ef4" />
    <UnitTestResult executionId="0b545354-a187-48e2-a4a1-2665d7bb2546" testId="7280bcd5-2dc4-a3f6-24fd-df56e5b00deb" testName="FormatToStringTest1000(22592.465903659566d,&quot;22592.47 zł&quot;)" computerName="DESKTOP-5URQ9PB" duration="00:00:00.0000180" startTime="2022-06-13T21:13:29.8113924+02:00" endTime="2022-06-13T21:13:29.8114104+02:00" testType="13cdc9d9-ddb5-4fa4-a97d-d965ccfc6d4b" outcome="Passed" testListId="8c84fa94-04c1-424b-9868-57a2d4851a1d" relativeResultsDirectory="0b545354-a187-48e2-a4a1-2665d7bb2546" />
    <UnitTestResult executionId="61ada307-e3e4-45d5-a83a-77649d0ccbe9" testId="552b07f7-5957-56bd-9f6c-bbb880d05499" testName="FormatToStringTest1000(27506.397047390416d,&quot;27506.40 zł&quot;)" computerName="DESKTOP-5URQ9PB" duration="00:00:00.0000180" startTime="2022-06-13T21:13:29.8118056+02:00" endTime="2022-06-13T21:13:29.8118236+02:00" testType="13cdc9d9-ddb5-4fa4-a97d-d965ccfc6d4b" outcome="Passed" testListId="8c84fa94-04c1-424b-9868-57a2d4851a1d" relativeResultsDirectory="61ada307-e3e4-45d5-a83a-77649d0ccbe9" />
    <UnitTestResult executionId="4721432d-3170-449f-b1c7-8bc4e0a35c7c" testId="8456fa24-5ecf-826b-4b12-9156253c47fe" testName="FormatToStringTest1000(11624.834848273003d,&quot;11624.83 zł&quot;)" computerName="DESKTOP-5URQ9PB" duration="00:00:00.0000190" startTime="2022-06-13T21:13:29.8237114+02:00" endTime="2022-06-13T21:13:29.8237297+02:00" testType="13cdc9d9-ddb5-4fa4-a97d-d965ccfc6d4b" outcome="Passed" testListId="8c84fa94-04c1-424b-9868-57a2d4851a1d" relativeResultsDirectory="4721432d-3170-449f-b1c7-8bc4e0a35c7c" />
    <UnitTestResult executionId="80cea3f3-f3bc-4c1c-a475-e83e55f2c56a" testId="fb944051-8a30-bb84-bc2a-dc4270028415" testName="FormatToStringTest1000(68011.49219071423d,&quot;68011.49 zł&quot;)" computerName="DESKTOP-5URQ9PB" duration="00:00:00.0000200" startTime="2022-06-13T21:13:29.8250755+02:00" endTime="2022-06-13T21:13:29.8250952+02:00" testType="13cdc9d9-ddb5-4fa4-a97d-d965ccfc6d4b" outcome="Passed" testListId="8c84fa94-04c1-424b-9868-57a2d4851a1d" relativeResultsDirectory="80cea3f3-f3bc-4c1c-a475-e83e55f2c56a" />
    <UnitTestResult executionId="11f15129-0996-4f19-a19c-cbfa04a33ca6" testId="b1be5e34-279b-4416-5a52-95321e0442b4" testName="FormatToStringTest1000(33206.73122987837d,&quot;33206.73 zł&quot;)" computerName="DESKTOP-5URQ9PB" duration="00:00:00.0000180" startTime="2022-06-13T21:13:29.8086327+02:00" endTime="2022-06-13T21:13:29.8086506+02:00" testType="13cdc9d9-ddb5-4fa4-a97d-d965ccfc6d4b" outcome="Passed" testListId="8c84fa94-04c1-424b-9868-57a2d4851a1d" relativeResultsDirectory="11f15129-0996-4f19-a19c-cbfa04a33ca6" />
    <UnitTestResult executionId="d772a00b-1daa-419a-baca-c7c2daff1ab3" testId="a3cd1e56-7e87-cbfe-4696-2cfc61bd79f6" testName="FormatToStringTest1000(17098.491445727876d,&quot;17098.49 zł&quot;)" computerName="DESKTOP-5URQ9PB" duration="00:00:00.0000180" startTime="2022-06-13T21:13:29.8232336+02:00" endTime="2022-06-13T21:13:29.8232517+02:00" testType="13cdc9d9-ddb5-4fa4-a97d-d965ccfc6d4b" outcome="Passed" testListId="8c84fa94-04c1-424b-9868-57a2d4851a1d" relativeResultsDirectory="d772a00b-1daa-419a-baca-c7c2daff1ab3" />
    <UnitTestResult executionId="c59bc15c-2132-4a32-96c4-810d2a48ccb3" testId="e00200eb-3a34-f266-bd48-fa5530d514f6" testName="FormatToStringTest1000(21573.45329517613d,&quot;21573.45 zł&quot;)" computerName="DESKTOP-5URQ9PB" duration="00:00:00.0000190" startTime="2022-06-13T21:13:29.8338369+02:00" endTime="2022-06-13T21:13:29.8338552+02:00" testType="13cdc9d9-ddb5-4fa4-a97d-d965ccfc6d4b" outcome="Passed" testListId="8c84fa94-04c1-424b-9868-57a2d4851a1d" relativeResultsDirectory="c59bc15c-2132-4a32-96c4-810d2a48ccb3" />
    <UnitTestResult executionId="3c54e71b-5f9e-4a2c-8182-60d2481de968" testId="184b236a-96f5-5ef7-81e9-55fd01a96b10" testName="FormatToStringTest1000(5855.75080885354d,&quot;5855.75 zł&quot;)" computerName="DESKTOP-5URQ9PB" duration="00:00:00.0000180" startTime="2022-06-13T21:13:29.8268265+02:00" endTime="2022-06-13T21:13:29.8268446+02:00" testType="13cdc9d9-ddb5-4fa4-a97d-d965ccfc6d4b" outcome="Passed" testListId="8c84fa94-04c1-424b-9868-57a2d4851a1d" relativeResultsDirectory="3c54e71b-5f9e-4a2c-8182-60d2481de968" />
    <UnitTestResult executionId="04b64070-c3b1-42ae-8bdc-b2fa44753f77" testId="f5d3f3a5-bbac-e5c0-6089-8d38dd4249c8" testName="FormatToStringTest1000(11912.404131636213d,&quot;11912.40 zł&quot;)" computerName="DESKTOP-5URQ9PB" duration="00:00:00.0000180" startTime="2022-06-13T21:13:29.8094963+02:00" endTime="2022-06-13T21:13:29.8095142+02:00" testType="13cdc9d9-ddb5-4fa4-a97d-d965ccfc6d4b" outcome="Passed" testListId="8c84fa94-04c1-424b-9868-57a2d4851a1d" relativeResultsDirectory="04b64070-c3b1-42ae-8bdc-b2fa44753f77" />
    <UnitTestResult executionId="088fc83c-c72c-4f98-ae1b-73aa92935853" testId="f6e6ea6a-a253-8185-3a92-d6751c76c436" testName="FormatToStringTest1000(45445.182098106096d,&quot;45445.18 zł&quot;)" computerName="DESKTOP-5URQ9PB" duration="00:00:00.0000180" startTime="2022-06-13T21:13:29.8150730+02:00" endTime="2022-06-13T21:13:29.8150910+02:00" testType="13cdc9d9-ddb5-4fa4-a97d-d965ccfc6d4b" outcome="Passed" testListId="8c84fa94-04c1-424b-9868-57a2d4851a1d" relativeResultsDirectory="088fc83c-c72c-4f98-ae1b-73aa92935853" />
    <UnitTestResult executionId="1ee23f8d-21bf-4b92-b830-ce0279c29bc8" testId="f1dc036c-9edd-e200-4e53-f62b2f9452ea" testName="FormatToStringTest1000(803.2448148733214d,&quot;803.24 zł&quot;)" computerName="DESKTOP-5URQ9PB" duration="00:00:00.0000180" startTime="2022-06-13T21:13:29.8318410+02:00" endTime="2022-06-13T21:13:29.8318591+02:00" testType="13cdc9d9-ddb5-4fa4-a97d-d965ccfc6d4b" outcome="Passed" testListId="8c84fa94-04c1-424b-9868-57a2d4851a1d" relativeResultsDirectory="1ee23f8d-21bf-4b92-b830-ce0279c29bc8" />
    <UnitTestResult executionId="d9062577-42ca-4932-a4ef-d504890ef3de" testId="41ef5fd9-da1d-a61b-4faa-45b077dd05bc" testName="FormatToStringTest1000(80609.94377465078d,&quot;80609.94 zł&quot;)" computerName="DESKTOP-5URQ9PB" duration="00:00:00.0000180" startTime="2022-06-13T21:13:29.8077055+02:00" endTime="2022-06-13T21:13:29.8077234+02:00" testType="13cdc9d9-ddb5-4fa4-a97d-d965ccfc6d4b" outcome="Passed" testListId="8c84fa94-04c1-424b-9868-57a2d4851a1d" relativeResultsDirectory="d9062577-42ca-4932-a4ef-d504890ef3de" />
    <UnitTestResult executionId="2fe4ff2b-cfd9-43ac-8d4a-8e410bffa5b9" testId="d5a3e949-dba8-8515-82f0-b4d3600a13aa" testName="FormatToStringTest1000(7050.437505805137d,&quot;7050.44 zł&quot;)" computerName="DESKTOP-5URQ9PB" duration="00:00:00.0000190" startTime="2022-06-13T21:13:29.8111475+02:00" endTime="2022-06-13T21:13:29.8111660+02:00" testType="13cdc9d9-ddb5-4fa4-a97d-d965ccfc6d4b" outcome="Passed" testListId="8c84fa94-04c1-424b-9868-57a2d4851a1d" relativeResultsDirectory="2fe4ff2b-cfd9-43ac-8d4a-8e410bffa5b9" />
    <UnitTestResult executionId="deca7c2d-07ce-4897-97d8-f8d8fb9ecfb5" testId="cba33adf-d8e4-1800-afdf-f1e10b328694" testName="FormatToStringTest1000(39531.95190033268d,&quot;39531.95 zł&quot;)" computerName="DESKTOP-5URQ9PB" duration="00:00:00.0000190" startTime="2022-06-13T21:13:29.8263466+02:00" endTime="2022-06-13T21:13:29.8263656+02:00" testType="13cdc9d9-ddb5-4fa4-a97d-d965ccfc6d4b" outcome="Passed" testListId="8c84fa94-04c1-424b-9868-57a2d4851a1d" relativeResultsDirectory="deca7c2d-07ce-4897-97d8-f8d8fb9ecfb5" />
    <UnitTestResult executionId="f84bc1c9-5c43-4877-93f5-667d842d89d1" testId="7d9a319c-0aa5-831a-d202-712bedb1b15a" testName="FormatToStringTest1000(39178.05988345298d,&quot;39178.06 zł&quot;)" computerName="DESKTOP-5URQ9PB" duration="00:00:00.0000190" startTime="2022-06-13T21:13:29.8090066+02:00" endTime="2022-06-13T21:13:29.8090252+02:00" testType="13cdc9d9-ddb5-4fa4-a97d-d965ccfc6d4b" outcome="Passed" testListId="8c84fa94-04c1-424b-9868-57a2d4851a1d" relativeResultsDirectory="f84bc1c9-5c43-4877-93f5-667d842d89d1" />
    <UnitTestResult executionId="e41ae44a-dd93-4aa1-8371-b266758dc102" testId="96b3d30f-d6cb-f987-10e4-934fbe7403b3" testName="FormatToStringTest1000(6958.393354767186d,&quot;6958.39 zł&quot;)" computerName="DESKTOP-5URQ9PB" duration="00:00:00.0000190" startTime="2022-06-13T21:13:29.8073256+02:00" endTime="2022-06-13T21:13:29.8073442+02:00" testType="13cdc9d9-ddb5-4fa4-a97d-d965ccfc6d4b" outcome="Passed" testListId="8c84fa94-04c1-424b-9868-57a2d4851a1d" relativeResultsDirectory="e41ae44a-dd93-4aa1-8371-b266758dc102" />
    <UnitTestResult executionId="4ad48125-d634-4a92-be16-be6eb033136e" testId="a847ffac-041e-82ae-b13a-0b82098799e8" testName="FormatToStringTest1000(59768.02667973611d,&quot;59768.03 zł&quot;)" computerName="DESKTOP-5URQ9PB" duration="00:00:00.0000200" startTime="2022-06-13T21:13:29.8213338+02:00" endTime="2022-06-13T21:13:29.8213532+02:00" testType="13cdc9d9-ddb5-4fa4-a97d-d965ccfc6d4b" outcome="Passed" testListId="8c84fa94-04c1-424b-9868-57a2d4851a1d" relativeResultsDirectory="4ad48125-d634-4a92-be16-be6eb033136e" />
    <UnitTestResult executionId="179859ad-8e87-40ee-bf13-ed0911a17800" testId="cf776b29-1018-5167-38d5-0aac7593edc5" testName="FormatToStringTest1000(45035.160883881224d,&quot;45035.16 zł&quot;)" computerName="DESKTOP-5URQ9PB" duration="00:00:00.0000180" startTime="2022-06-13T21:13:29.8083394+02:00" endTime="2022-06-13T21:13:29.8083572+02:00" testType="13cdc9d9-ddb5-4fa4-a97d-d965ccfc6d4b" outcome="Passed" testListId="8c84fa94-04c1-424b-9868-57a2d4851a1d" relativeResultsDirectory="179859ad-8e87-40ee-bf13-ed0911a17800" />
    <UnitTestResult executionId="d6c595e8-5783-4736-87f0-87190bb9c5d3" testId="97caedcb-d6ae-5556-8168-c745e877090a" testName="FormatToStringTest1000(13478.157112043891d,&quot;13478.16 zł&quot;)" computerName="DESKTOP-5URQ9PB" duration="00:00:00.0000190" startTime="2022-06-13T21:13:29.8230589+02:00" endTime="2022-06-13T21:13:29.8230774+02:00" testType="13cdc9d9-ddb5-4fa4-a97d-d965ccfc6d4b" outcome="Passed" testListId="8c84fa94-04c1-424b-9868-57a2d4851a1d" relativeResultsDirectory="d6c595e8-5783-4736-87f0-87190bb9c5d3" />
    <UnitTestResult executionId="2f80be29-7e7a-4b85-a5f1-2d6a3d5de83f" testId="9a9fb753-7e29-0228-3909-087838ec3002" testName="FormatToStringTest1000(33851.35523524618d,&quot;33851.36 zł&quot;)" computerName="DESKTOP-5URQ9PB" duration="00:00:00.0000180" startTime="2022-06-13T21:13:29.8216651+02:00" endTime="2022-06-13T21:13:29.8216834+02:00" testType="13cdc9d9-ddb5-4fa4-a97d-d965ccfc6d4b" outcome="Passed" testListId="8c84fa94-04c1-424b-9868-57a2d4851a1d" relativeResultsDirectory="2f80be29-7e7a-4b85-a5f1-2d6a3d5de83f" />
    <UnitTestResult executionId="ad6f90bb-025f-4e78-819d-fd401b6eeea2" testId="becea41b-b5f7-1be9-14b7-7b47b08d6269" testName="FormatToStringTest1000(37114.901517336206d,&quot;37114.90 zł&quot;)" computerName="DESKTOP-5URQ9PB" duration="00:00:00.0000190" startTime="2022-06-13T21:13:29.8297346+02:00" endTime="2022-06-13T21:13:29.8297535+02:00" testType="13cdc9d9-ddb5-4fa4-a97d-d965ccfc6d4b" outcome="Passed" testListId="8c84fa94-04c1-424b-9868-57a2d4851a1d" relativeResultsDirectory="ad6f90bb-025f-4e78-819d-fd401b6eeea2" />
    <UnitTestResult executionId="f95a6419-7fe3-4f4f-b9be-065c22df498b" testId="3f7d9e9c-5ad3-f161-b9fe-a5f6a9ab40b4" testName="FormatToStringTest1000(18208.8422650126d,&quot;18208.84 zł&quot;)" computerName="DESKTOP-5URQ9PB" duration="00:00:00.0000180" startTime="2022-06-13T21:13:29.8134873+02:00" endTime="2022-06-13T21:13:29.8135053+02:00" testType="13cdc9d9-ddb5-4fa4-a97d-d965ccfc6d4b" outcome="Passed" testListId="8c84fa94-04c1-424b-9868-57a2d4851a1d" relativeResultsDirectory="f95a6419-7fe3-4f4f-b9be-065c22df498b" />
    <UnitTestResult executionId="443b32f6-ac9a-4b91-9100-dea17d9c15c7" testId="c2c1dbbf-76df-e4ac-1f6c-4bf02108e7b1" testName="FormatToStringTest1000(65963.39932440939d,&quot;65963.40 zł&quot;)" computerName="DESKTOP-5URQ9PB" duration="00:00:00.0000200" startTime="2022-06-13T21:13:29.8320991+02:00" endTime="2022-06-13T21:13:29.8321189+02:00" testType="13cdc9d9-ddb5-4fa4-a97d-d965ccfc6d4b" outcome="Passed" testListId="8c84fa94-04c1-424b-9868-57a2d4851a1d" relativeResultsDirectory="443b32f6-ac9a-4b91-9100-dea17d9c15c7" />
    <UnitTestResult executionId="36299eab-ebfc-48b2-afd0-89464a52bbbb" testId="71b16f9b-dbb0-7a23-533d-802c9512270b" testName="FormatToStringTest1000(11181.228339251702d,&quot;11181.23 zł&quot;)" computerName="DESKTOP-5URQ9PB" duration="00:00:00.0000190" startTime="2022-06-13T21:13:29.8339731+02:00" endTime="2022-06-13T21:13:29.8339915+02:00" testType="13cdc9d9-ddb5-4fa4-a97d-d965ccfc6d4b" outcome="Passed" testListId="8c84fa94-04c1-424b-9868-57a2d4851a1d" relativeResultsDirectory="36299eab-ebfc-48b2-afd0-89464a52bbbb" />
    <UnitTestResult executionId="cb0bd7d2-f8b9-4363-bffe-d3982ea96ca9" testId="6abd158c-e0bd-4354-9fac-ab6a832540d0" testName="FormatToStringTest1000(68770.73008707525d,&quot;68770.73 zł&quot;)" computerName="DESKTOP-5URQ9PB" duration="00:00:00.0000180" startTime="2022-06-13T21:13:29.8155866+02:00" endTime="2022-06-13T21:13:29.8156046+02:00" testType="13cdc9d9-ddb5-4fa4-a97d-d965ccfc6d4b" outcome="Passed" testListId="8c84fa94-04c1-424b-9868-57a2d4851a1d" relativeResultsDirectory="cb0bd7d2-f8b9-4363-bffe-d3982ea96ca9" />
    <UnitTestResult executionId="732e8b01-6f39-4592-8c71-50a3391b986e" testId="2287085c-f0e1-b4ec-fa14-c4512658a9fe" testName="FormatToStringTest1000(6262.373413993219d,&quot;6262.37 zł&quot;)" computerName="DESKTOP-5URQ9PB" duration="00:00:00.0000180" startTime="2022-06-13T21:13:29.8151223+02:00" endTime="2022-06-13T21:13:29.8151404+02:00" testType="13cdc9d9-ddb5-4fa4-a97d-d965ccfc6d4b" outcome="Passed" testListId="8c84fa94-04c1-424b-9868-57a2d4851a1d" relativeResultsDirectory="732e8b01-6f39-4592-8c71-50a3391b986e" />
    <UnitTestResult executionId="737e0114-cbfe-4513-bc68-6cc581d61f1a" testId="1a501163-ddde-3471-133e-1552ff82f851" testName="FormatToStringTest1000(29417.800422138444d,&quot;29417.80 zł&quot;)" computerName="DESKTOP-5URQ9PB" duration="00:00:00.0000190" startTime="2022-06-13T21:13:29.8131428+02:00" endTime="2022-06-13T21:13:29.8131616+02:00" testType="13cdc9d9-ddb5-4fa4-a97d-d965ccfc6d4b" outcome="Passed" testListId="8c84fa94-04c1-424b-9868-57a2d4851a1d" relativeResultsDirectory="737e0114-cbfe-4513-bc68-6cc581d61f1a" />
    <UnitTestResult executionId="37101ecf-7792-4357-abb8-445703ff6a90" testId="32711e52-56ae-2f9f-7aac-180402232486" testName="FormatToStringTest1000(27852.532163303127d,&quot;27852.53 zł&quot;)" computerName="DESKTOP-5URQ9PB" duration="00:00:00.0000190" startTime="2022-06-13T21:13:29.8233342+02:00" endTime="2022-06-13T21:13:29.8233531+02:00" testType="13cdc9d9-ddb5-4fa4-a97d-d965ccfc6d4b" outcome="Passed" testListId="8c84fa94-04c1-424b-9868-57a2d4851a1d" relativeResultsDirectory="37101ecf-7792-4357-abb8-445703ff6a90" />
    <UnitTestResult executionId="23105094-d1fd-4df9-9437-a38a1370a16a" testId="510aaf45-0379-a668-36c0-4b4e838744ca" testName="FormatToStringTest1000(115.26302841131717d,&quot;115.26 zł&quot;)" computerName="DESKTOP-5URQ9PB" duration="00:00:00.0000180" startTime="2022-06-13T21:13:29.8119818+02:00" endTime="2022-06-13T21:13:29.8119996+02:00" testType="13cdc9d9-ddb5-4fa4-a97d-d965ccfc6d4b" outcome="Passed" testListId="8c84fa94-04c1-424b-9868-57a2d4851a1d" relativeResultsDirectory="23105094-d1fd-4df9-9437-a38a1370a16a" />
    <UnitTestResult executionId="974dc9b2-2490-4979-a749-7f2bdc9c4303" testId="95a4da2d-eeda-4697-a7af-1236c580bef1" testName="FormatToStringTest1000(79.6815319544084d,&quot;79.68 zł&quot;)" computerName="DESKTOP-5URQ9PB" duration="00:00:00.0000200" startTime="2022-06-13T21:13:29.8073505+02:00" endTime="2022-06-13T21:13:29.8073700+02:00" testType="13cdc9d9-ddb5-4fa4-a97d-d965ccfc6d4b" outcome="Passed" testListId="8c84fa94-04c1-424b-9868-57a2d4851a1d" relativeResultsDirectory="974dc9b2-2490-4979-a749-7f2bdc9c4303" />
    <UnitTestResult executionId="3a2c9c1d-896b-4600-9654-b248455522ee" testId="92e23589-82d8-4d27-764e-fa018e45b747" testName="FormatToStringTest1000(2951.2722077329045d,&quot;2951.27 zł&quot;)" computerName="DESKTOP-5URQ9PB" duration="00:00:00.0000180" startTime="2022-06-13T21:13:29.8124744+02:00" endTime="2022-06-13T21:13:29.8124924+02:00" testType="13cdc9d9-ddb5-4fa4-a97d-d965ccfc6d4b" outcome="Passed" testListId="8c84fa94-04c1-424b-9868-57a2d4851a1d" relativeResultsDirectory="3a2c9c1d-896b-4600-9654-b248455522ee" />
    <UnitTestResult executionId="a98dc331-f923-48cc-974f-35b56dd32cba" testId="f454394e-283b-6832-24e4-e862ec140984" testName="FormatToStringTest1000(15624.452361264477d,&quot;15624.45 zł&quot;)" computerName="DESKTOP-5URQ9PB" duration="00:00:00.0000180" startTime="2022-06-13T21:13:29.8214879+02:00" endTime="2022-06-13T21:13:29.8215062+02:00" testType="13cdc9d9-ddb5-4fa4-a97d-d965ccfc6d4b" outcome="Passed" testListId="8c84fa94-04c1-424b-9868-57a2d4851a1d" relativeResultsDirectory="a98dc331-f923-48cc-974f-35b56dd32cba" />
    <UnitTestResult executionId="c76f5371-86c6-4418-83c9-4f626f77485e" testId="8b6f3338-cce8-0079-b821-3f92e6c60eee" testName="FormatToStringTest1000(10268.547802396373d,&quot;10268.55 zł&quot;)" computerName="DESKTOP-5URQ9PB" duration="00:00:00.0000180" startTime="2022-06-13T21:13:29.8091044+02:00" endTime="2022-06-13T21:13:29.8091224+02:00" testType="13cdc9d9-ddb5-4fa4-a97d-d965ccfc6d4b" outcome="Passed" testListId="8c84fa94-04c1-424b-9868-57a2d4851a1d" relativeResultsDirectory="c76f5371-86c6-4418-83c9-4f626f77485e" />
    <UnitTestResult executionId="42d89082-e847-46de-96c2-9b955a2755fb" testId="e704684d-9f7f-da08-58cf-d52651e9dd96" testName="FormatToStringTest1000(75024.79122970243d,&quot;75024.79 zł&quot;)" computerName="DESKTOP-5URQ9PB" duration="00:00:00.0000180" startTime="2022-06-13T21:13:29.8140816+02:00" endTime="2022-06-13T21:13:29.8140997+02:00" testType="13cdc9d9-ddb5-4fa4-a97d-d965ccfc6d4b" outcome="Passed" testListId="8c84fa94-04c1-424b-9868-57a2d4851a1d" relativeResultsDirectory="42d89082-e847-46de-96c2-9b955a2755fb" />
    <UnitTestResult executionId="01a622b2-8fac-44c9-83d9-68f93e226683" testId="837f3b30-3aeb-50a8-d532-f419df9834ba" testName="FormatToStringTest1000(31622.81414407809d,&quot;31622.81 zł&quot;)" computerName="DESKTOP-5URQ9PB" duration="00:00:00.0000190" startTime="2022-06-13T21:13:29.8322037+02:00" endTime="2022-06-13T21:13:29.8322224+02:00" testType="13cdc9d9-ddb5-4fa4-a97d-d965ccfc6d4b" outcome="Passed" testListId="8c84fa94-04c1-424b-9868-57a2d4851a1d" relativeResultsDirectory="01a622b2-8fac-44c9-83d9-68f93e226683" />
    <UnitTestResult executionId="a433968c-3039-4b91-9eec-c92c4acb240b" testId="58ed8150-ee65-8df8-a854-bba06457b4da" testName="FormatToStringTest1000(20445.11280083149d,&quot;20445.11 zł&quot;)" computerName="DESKTOP-5URQ9PB" duration="00:00:00.0000190" startTime="2022-06-13T21:13:29.8288298+02:00" endTime="2022-06-13T21:13:29.8288482+02:00" testType="13cdc9d9-ddb5-4fa4-a97d-d965ccfc6d4b" outcome="Passed" testListId="8c84fa94-04c1-424b-9868-57a2d4851a1d" relativeResultsDirectory="a433968c-3039-4b91-9eec-c92c4acb240b" />
    <UnitTestResult executionId="ffa31f19-12ed-4957-a079-bf1b497361e7" testId="454ead38-c2a8-9597-7b1c-dc862a589e0e" testName="FormatToStringTest1000(6665.405372488035d,&quot;6665.41 zł&quot;)" computerName="DESKTOP-5URQ9PB" duration="00:00:00.0000360" startTime="2022-06-13T21:13:29.8188869+02:00" endTime="2022-06-13T21:13:29.8189222+02:00" testType="13cdc9d9-ddb5-4fa4-a97d-d965ccfc6d4b" outcome="Passed" testListId="8c84fa94-04c1-424b-9868-57a2d4851a1d" relativeResultsDirectory="ffa31f19-12ed-4957-a079-bf1b497361e7" />
    <UnitTestResult executionId="00edf2ae-0b82-47c8-98eb-2bce6f77c745" testId="7490fb46-9b1e-86c6-a053-c9324b70ce91" testName="FormatToStringTest1000(27893.312729890138d,&quot;27893.31 zł&quot;)" computerName="DESKTOP-5URQ9PB" duration="00:00:00.0000180" startTime="2022-06-13T21:13:29.8084367+02:00" endTime="2022-06-13T21:13:29.8084547+02:00" testType="13cdc9d9-ddb5-4fa4-a97d-d965ccfc6d4b" outcome="Passed" testListId="8c84fa94-04c1-424b-9868-57a2d4851a1d" relativeResultsDirectory="00edf2ae-0b82-47c8-98eb-2bce6f77c745" />
    <UnitTestResult executionId="81a0425f-a529-455d-93da-bc8abb610296" testId="b83433ff-1f44-78cf-aaee-d87286ab6972" testName="FormatToStringTest1000(24476.442216712254d,&quot;24476.44 zł&quot;)" computerName="DESKTOP-5URQ9PB" duration="00:00:00.0000190" startTime="2022-06-13T21:13:29.8223124+02:00" endTime="2022-06-13T21:13:29.8223313+02:00" testType="13cdc9d9-ddb5-4fa4-a97d-d965ccfc6d4b" outcome="Passed" testListId="8c84fa94-04c1-424b-9868-57a2d4851a1d" relativeResultsDirectory="81a0425f-a529-455d-93da-bc8abb610296" />
    <UnitTestResult executionId="e7f28341-f50d-4b4c-8149-6a390ddd19c7" testId="4cc9a860-8c52-40a5-a7c1-0a80270c71a6" testName="FormatToStringTest1000(54275.73209373408d,&quot;54275.73 zł&quot;)" computerName="DESKTOP-5URQ9PB" duration="00:00:00.0000190" startTime="2022-06-13T21:13:29.8303259+02:00" endTime="2022-06-13T21:13:29.8303448+02:00" testType="13cdc9d9-ddb5-4fa4-a97d-d965ccfc6d4b" outcome="Passed" testListId="8c84fa94-04c1-424b-9868-57a2d4851a1d" relativeResultsDirectory="e7f28341-f50d-4b4c-8149-6a390ddd19c7" />
    <UnitTestResult executionId="4bea9e6c-8d63-4ff7-a37c-b9ae7f90c6a2" testId="e0081990-e732-207e-ce35-b6f9f879e1b0" testName="FormatToStringTest1000(12370.243090209198d,&quot;12370.24 zł&quot;)" computerName="DESKTOP-5URQ9PB" duration="00:00:00.0000290" startTime="2022-06-13T21:13:29.8199614+02:00" endTime="2022-06-13T21:13:29.8199900+02:00" testType="13cdc9d9-ddb5-4fa4-a97d-d965ccfc6d4b" outcome="Passed" testListId="8c84fa94-04c1-424b-9868-57a2d4851a1d" relativeResultsDirectory="4bea9e6c-8d63-4ff7-a37c-b9ae7f90c6a2" />
    <UnitTestResult executionId="1595c954-8e04-43b8-811f-bf2448503432" testId="2f906df4-9555-6f9b-9ae5-24f39050321b" testName="FormatToStringTest1000(13323.876109275909d,&quot;13323.88 zł&quot;)" computerName="DESKTOP-5URQ9PB" duration="00:00:00.0000190" startTime="2022-06-13T21:13:29.8306809+02:00" endTime="2022-06-13T21:13:29.8306995+02:00" testType="13cdc9d9-ddb5-4fa4-a97d-d965ccfc6d4b" outcome="Passed" testListId="8c84fa94-04c1-424b-9868-57a2d4851a1d" relativeResultsDirectory="1595c954-8e04-43b8-811f-bf2448503432" />
    <UnitTestResult executionId="1baec1f0-e348-4540-8935-2742b5b3fb38" testId="0e06d825-6ba9-71ac-24ec-c9336680dd03" testName="FormatToStringTest1000(48654.65723134794d,&quot;48654.66 zł&quot;)" computerName="DESKTOP-5URQ9PB" duration="00:00:00.0000190" startTime="2022-06-13T21:13:29.8152194+02:00" endTime="2022-06-13T21:13:29.8152377+02:00" testType="13cdc9d9-ddb5-4fa4-a97d-d965ccfc6d4b" outcome="Passed" testListId="8c84fa94-04c1-424b-9868-57a2d4851a1d" relativeResultsDirectory="1baec1f0-e348-4540-8935-2742b5b3fb38" />
    <UnitTestResult executionId="b9c3d437-81f8-4fad-9017-9524000a6f6a" testId="40bf488b-c6ae-b189-e7b5-8aa7dd656fea" testName="FormatToStringTest1000(22367.991005544547d,&quot;22367.99 zł&quot;)" computerName="DESKTOP-5URQ9PB" duration="00:00:00.0000190" startTime="2022-06-13T21:13:29.8248504+02:00" endTime="2022-06-13T21:13:29.8248689+02:00" testType="13cdc9d9-ddb5-4fa4-a97d-d965ccfc6d4b" outcome="Passed" testListId="8c84fa94-04c1-424b-9868-57a2d4851a1d" relativeResultsDirectory="b9c3d437-81f8-4fad-9017-9524000a6f6a" />
    <UnitTestResult executionId="6f98cbf7-fde5-47c2-9f88-1548b82ebb15" testId="34f38fc8-ae53-5e82-0417-57e4237764fa" testName="FormatToStringTest1000(151.50737175275916d,&quot;151.51 zł&quot;)" computerName="DESKTOP-5URQ9PB" duration="00:00:00.0000180" startTime="2022-06-13T21:13:29.8331791+02:00" endTime="2022-06-13T21:13:29.8331974+02:00" testType="13cdc9d9-ddb5-4fa4-a97d-d965ccfc6d4b" outcome="Passed" testListId="8c84fa94-04c1-424b-9868-57a2d4851a1d" relativeResultsDirectory="6f98cbf7-fde5-47c2-9f88-1548b82ebb15" />
    <UnitTestResult executionId="3d18f727-e876-4bc5-aa7a-1416554fc48e" testId="7f9e3406-835c-5c12-68cf-08b73690e2b2" testName="FormatToStringTest1000(35248.53555717996d,&quot;35248.54 zł&quot;)" computerName="DESKTOP-5URQ9PB" duration="00:00:00.0000300" startTime="2022-06-13T21:13:29.8340638+02:00" endTime="2022-06-13T21:13:29.8340935+02:00" testType="13cdc9d9-ddb5-4fa4-a97d-d965ccfc6d4b" outcome="Passed" testListId="8c84fa94-04c1-424b-9868-57a2d4851a1d" relativeResultsDirectory="3d18f727-e876-4bc5-aa7a-1416554fc48e" />
    <UnitTestResult executionId="741ffcc7-d760-407a-8925-a33c986843b2" testId="f5fd9e95-4d91-8f7f-4648-e5bd7c8cc931" testName="FormatToStringTest1000(4002.4180488374172d,&quot;4002.42 zł&quot;)" computerName="DESKTOP-5URQ9PB" duration="00:00:00.0000190" startTime="2022-06-13T21:13:29.8311964+02:00" endTime="2022-06-13T21:13:29.8312154+02:00" testType="13cdc9d9-ddb5-4fa4-a97d-d965ccfc6d4b" outcome="Passed" testListId="8c84fa94-04c1-424b-9868-57a2d4851a1d" relativeResultsDirectory="741ffcc7-d760-407a-8925-a33c986843b2" />
    <UnitTestResult executionId="9678c714-a612-4327-a007-b33eaba8126a" testId="ef8e2842-4b56-3143-8747-c2adcd3e7a1d" testName="FormatToStringTest1000(3907.8681317963024d,&quot;3907.87 zł&quot;)" computerName="DESKTOP-5URQ9PB" duration="00:00:00.0000180" startTime="2022-06-13T21:13:29.8098395+02:00" endTime="2022-06-13T21:13:29.8098576+02:00" testType="13cdc9d9-ddb5-4fa4-a97d-d965ccfc6d4b" outcome="Passed" testListId="8c84fa94-04c1-424b-9868-57a2d4851a1d" relativeResultsDirectory="9678c714-a612-4327-a007-b33eaba8126a" />
    <UnitTestResult executionId="d85923e3-10cb-4eea-aba1-41b824f3bd9e" testId="a0b62237-e6b4-ed13-bf88-ac0909d8c7c4" testName="FormatToStringTest1000(11871.427211910219d,&quot;11871.43 zł&quot;)" computerName="DESKTOP-5URQ9PB" duration="00:00:00.0000190" startTime="2022-06-13T21:13:29.8220086+02:00" endTime="2022-06-13T21:13:29.8220274+02:00" testType="13cdc9d9-ddb5-4fa4-a97d-d965ccfc6d4b" outcome="Passed" testListId="8c84fa94-04c1-424b-9868-57a2d4851a1d" relativeResultsDirectory="d85923e3-10cb-4eea-aba1-41b824f3bd9e" />
    <UnitTestResult executionId="7f121707-3959-4d1d-92cd-9c1e2a596c6c" testId="7a70b4a3-dd05-b389-f6ee-af27102364f5" testName="FormatToStringTest1000(7789.7136237517525d,&quot;7789.71 zł&quot;)" computerName="DESKTOP-5URQ9PB" duration="00:00:00.0000180" startTime="2022-06-13T21:13:29.8082906+02:00" endTime="2022-06-13T21:13:29.8083082+02:00" testType="13cdc9d9-ddb5-4fa4-a97d-d965ccfc6d4b" outcome="Passed" testListId="8c84fa94-04c1-424b-9868-57a2d4851a1d" relativeResultsDirectory="7f121707-3959-4d1d-92cd-9c1e2a596c6c" />
    <UnitTestResult executionId="9e4c9499-1aa9-45a9-8530-6e7d78cabba5" testId="d61bc42f-9488-4952-fc35-4acf2d69a35a" testName="FormatToStringTest1000(7671.0039663785155d,&quot;7671.00 zł&quot;)" computerName="DESKTOP-5URQ9PB" duration="00:00:00.0000190" startTime="2022-06-13T21:13:29.8285224+02:00" endTime="2022-06-13T21:13:29.8285410+02:00" testType="13cdc9d9-ddb5-4fa4-a97d-d965ccfc6d4b" outcome="Passed" testListId="8c84fa94-04c1-424b-9868-57a2d4851a1d" relativeResultsDirectory="9e4c9499-1aa9-45a9-8530-6e7d78cabba5" />
    <UnitTestResult executionId="2598adec-40ae-4b92-887d-1c4b9f625a43" testId="bf09f141-5d04-1546-3599-f58a7debd81e" testName="FormatToStringTest1000(19783.413847500186d,&quot;19783.41 zł&quot;)" computerName="DESKTOP-5URQ9PB" duration="00:00:00.0000200" startTime="2022-06-13T21:13:29.8314270+02:00" endTime="2022-06-13T21:13:29.8314492+02:00" testType="13cdc9d9-ddb5-4fa4-a97d-d965ccfc6d4b" outcome="Passed" testListId="8c84fa94-04c1-424b-9868-57a2d4851a1d" relativeResultsDirectory="2598adec-40ae-4b92-887d-1c4b9f625a43" />
    <UnitTestResult executionId="15076dfa-8df0-4102-bc57-d881395d156b" testId="90524d2a-adb4-bd7e-769a-526d502faf2e" testName="FormatToStringTest1000(47672.66266041652d,&quot;47672.66 zł&quot;)" computerName="DESKTOP-5URQ9PB" duration="00:00:00.0000200" startTime="2022-06-13T21:13:29.8331277+02:00" endTime="2022-06-13T21:13:29.8331471+02:00" testType="13cdc9d9-ddb5-4fa4-a97d-d965ccfc6d4b" outcome="Passed" testListId="8c84fa94-04c1-424b-9868-57a2d4851a1d" relativeResultsDirectory="15076dfa-8df0-4102-bc57-d881395d156b" />
    <UnitTestResult executionId="d45868b0-1f62-43a9-b796-58fbb86923ba" testId="fe527e8d-5e3e-18c1-ed37-cc075512021b" testName="FormatToStringTest1000(26858.35647848731d,&quot;26858.36 zł&quot;)" computerName="DESKTOP-5URQ9PB" duration="00:00:00.0000260" startTime="2022-06-13T21:13:29.8249019+02:00" endTime="2022-06-13T21:13:29.8249274+02:00" testType="13cdc9d9-ddb5-4fa4-a97d-d965ccfc6d4b" outcome="Passed" testListId="8c84fa94-04c1-424b-9868-57a2d4851a1d" relativeResultsDirectory="d45868b0-1f62-43a9-b796-58fbb86923ba" />
    <UnitTestResult executionId="8932af61-7c46-4c3f-8150-a27fee36885b" testId="ff64b042-e70f-6e34-60aa-4c59131392ce" testName="FormatToStringTest1000(30031.89550569323d,&quot;30031.90 zł&quot;)" computerName="DESKTOP-5URQ9PB" duration="00:00:00.0000280" startTime="2022-06-13T21:13:29.8176467+02:00" endTime="2022-06-13T21:13:29.8176740+02:00" testType="13cdc9d9-ddb5-4fa4-a97d-d965ccfc6d4b" outcome="Passed" testListId="8c84fa94-04c1-424b-9868-57a2d4851a1d" relativeResultsDirectory="8932af61-7c46-4c3f-8150-a27fee36885b" />
    <UnitTestResult executionId="5c684b78-aa98-4c97-88a2-7e1fab7dcfae" testId="c6ae4b68-49e1-d669-439e-3d0b7ef0cea4" testName="FormatToStringTest1000(21328.29026726507d,&quot;21328.29 zł&quot;)" computerName="DESKTOP-5URQ9PB" duration="00:00:00.0000230" startTime="2022-06-13T21:13:29.8317866+02:00" endTime="2022-06-13T21:13:29.8318090+02:00" testType="13cdc9d9-ddb5-4fa4-a97d-d965ccfc6d4b" outcome="Passed" testListId="8c84fa94-04c1-424b-9868-57a2d4851a1d" relativeResultsDirectory="5c684b78-aa98-4c97-88a2-7e1fab7dcfae" />
    <UnitTestResult executionId="403401c1-7847-425f-a745-91022ec39159" testId="9a621664-b485-1b19-02d4-7ca92799a60b" testName="FormatToStringTest1000(13286.856387228174d,&quot;13286.86 zł&quot;)" computerName="DESKTOP-5URQ9PB" duration="00:00:00.0000190" startTime="2022-06-13T21:13:29.8286762+02:00" endTime="2022-06-13T21:13:29.8286953+02:00" testType="13cdc9d9-ddb5-4fa4-a97d-d965ccfc6d4b" outcome="Passed" testListId="8c84fa94-04c1-424b-9868-57a2d4851a1d" relativeResultsDirectory="403401c1-7847-425f-a745-91022ec39159" />
    <UnitTestResult executionId="5e8900bb-35c6-413a-83ca-b46d675a2a2f" testId="209edf4d-3b12-5a43-fec0-fca0d1a4ea6d" testName="FormatToStringTest1000(30383.303633991305d,&quot;30383.30 zł&quot;)" computerName="DESKTOP-5URQ9PB" duration="00:00:00.0000190" startTime="2022-06-13T21:13:29.8316106+02:00" endTime="2022-06-13T21:13:29.8316298+02:00" testType="13cdc9d9-ddb5-4fa4-a97d-d965ccfc6d4b" outcome="Passed" testListId="8c84fa94-04c1-424b-9868-57a2d4851a1d" relativeResultsDirectory="5e8900bb-35c6-413a-83ca-b46d675a2a2f" />
    <UnitTestResult executionId="ce681823-7ecb-4d03-a877-0c2aa508cbf8" testId="4df235b9-e889-4809-39c8-ff3e09688830" testName="FormatToStringTest1000(11922.837782177532d,&quot;11922.84 zł&quot;)" computerName="DESKTOP-5URQ9PB" duration="00:00:00.0000190" startTime="2022-06-13T21:13:29.8155125+02:00" endTime="2022-06-13T21:13:29.8155311+02:00" testType="13cdc9d9-ddb5-4fa4-a97d-d965ccfc6d4b" outcome="Passed" testListId="8c84fa94-04c1-424b-9868-57a2d4851a1d" relativeResultsDirectory="ce681823-7ecb-4d03-a877-0c2aa508cbf8" />
    <UnitTestResult executionId="c2adebc7-1f52-47ff-bf48-911329d1e2a1" testId="a71dfd40-e5c3-4b5b-03e3-172683e7a4a4" testName="FormatToStringTest1000(6276.389386365838d,&quot;6276.39 zł&quot;)" computerName="DESKTOP-5URQ9PB" duration="00:00:00.0000280" startTime="2022-06-13T21:13:29.8177182+02:00" endTime="2022-06-13T21:13:29.8177467+02:00" testType="13cdc9d9-ddb5-4fa4-a97d-d965ccfc6d4b" outcome="Passed" testListId="8c84fa94-04c1-424b-9868-57a2d4851a1d" relativeResultsDirectory="c2adebc7-1f52-47ff-bf48-911329d1e2a1" />
    <UnitTestResult executionId="d47e7939-cce2-428a-9fed-c94baf3cdab9" testId="90740d7b-70ce-f3ca-de0f-889615c99e7a" testName="FormatToStringTest1000(7669.3855620214645d,&quot;7669.39 zł&quot;)" computerName="DESKTOP-5URQ9PB" duration="00:00:00.0000180" startTime="2022-06-13T21:13:29.8129716+02:00" endTime="2022-06-13T21:13:29.8129897+02:00" testType="13cdc9d9-ddb5-4fa4-a97d-d965ccfc6d4b" outcome="Passed" testListId="8c84fa94-04c1-424b-9868-57a2d4851a1d" relativeResultsDirectory="d47e7939-cce2-428a-9fed-c94baf3cdab9" />
    <UnitTestResult executionId="eb4bac9f-4442-4226-9da2-1b944bec1962" testId="8afbc81b-c940-0dce-6ef9-318ffda0f1ea" testName="FormatToStringTest1000(57564.498126061866d,&quot;57564.50 zł&quot;)" computerName="DESKTOP-5URQ9PB" duration="00:00:00.0000180" startTime="2022-06-13T21:13:29.8108718+02:00" endTime="2022-06-13T21:13:29.8108897+02:00" testType="13cdc9d9-ddb5-4fa4-a97d-d965ccfc6d4b" outcome="Passed" testListId="8c84fa94-04c1-424b-9868-57a2d4851a1d" relativeResultsDirectory="eb4bac9f-4442-4226-9da2-1b944bec1962" />
    <UnitTestResult executionId="3dee0d4d-2139-4fc0-be4a-5c33dba181dd" testId="9c14da41-934e-02e1-653f-9f7dc91a12aa" testName="FormatToStringTest1000(8901.937138443784d,&quot;8901.94 zł&quot;)" computerName="DESKTOP-5URQ9PB" duration="00:00:00.0000180" startTime="2022-06-13T21:13:29.8220842+02:00" endTime="2022-06-13T21:13:29.8221021+02:00" testType="13cdc9d9-ddb5-4fa4-a97d-d965ccfc6d4b" outcome="Passed" testListId="8c84fa94-04c1-424b-9868-57a2d4851a1d" relativeResultsDirectory="3dee0d4d-2139-4fc0-be4a-5c33dba181dd" />
    <UnitTestResult executionId="ef5385f2-690e-4231-ae4b-61ba4f7bf31e" testId="b27808d6-4355-5292-3153-64fb93821ea0" testName="FormatToStringTest1000(181.3640542483721d,&quot;181.36 zł&quot;)" computerName="DESKTOP-5URQ9PB" duration="00:00:00.0000190" startTime="2022-06-13T21:13:29.8293268+02:00" endTime="2022-06-13T21:13:29.8293452+02:00" testType="13cdc9d9-ddb5-4fa4-a97d-d965ccfc6d4b" outcome="Passed" testListId="8c84fa94-04c1-424b-9868-57a2d4851a1d" relativeResultsDirectory="ef5385f2-690e-4231-ae4b-61ba4f7bf31e" />
    <UnitTestResult executionId="23003f72-2a51-42cd-951e-162415276f31" testId="b039aca6-d089-bcbd-2727-394bcd0025e0" testName="FormatToStringTest1000(20643.69044446465d,&quot;20643.69 zł&quot;)" computerName="DESKTOP-5URQ9PB" duration="00:00:00.0000200" startTime="2022-06-13T21:13:29.8269879+02:00" endTime="2022-06-13T21:13:29.8270077+02:00" testType="13cdc9d9-ddb5-4fa4-a97d-d965ccfc6d4b" outcome="Passed" testListId="8c84fa94-04c1-424b-9868-57a2d4851a1d" relativeResultsDirectory="23003f72-2a51-42cd-951e-162415276f31" />
    <UnitTestResult executionId="02de40d1-5eab-4689-9682-baefbfea42f1" testId="b700fa6d-df15-3228-9006-81a0fe0edb31" testName="FormatToStringTest1000(6864.093052674129d,&quot;6864.09 zł&quot;)" computerName="DESKTOP-5URQ9PB" duration="00:00:00.0000190" startTime="2022-06-13T21:13:29.8095955+02:00" endTime="2022-06-13T21:13:29.8096138+02:00" testType="13cdc9d9-ddb5-4fa4-a97d-d965ccfc6d4b" outcome="Passed" testListId="8c84fa94-04c1-424b-9868-57a2d4851a1d" relativeResultsDirectory="02de40d1-5eab-4689-9682-baefbfea42f1" />
    <UnitTestResult executionId="60f61980-a5bc-4738-8fa5-8e5d2ebad9b0" testId="419ecc87-d9c8-28c4-00c0-ef118e7ae268" testName="FormatToStringTest1000(24729.333280806586d,&quot;24729.33 zł&quot;)" computerName="DESKTOP-5URQ9PB" duration="00:00:00.0000250" startTime="2022-06-13T21:13:29.8238904+02:00" endTime="2022-06-13T21:13:29.8239150+02:00" testType="13cdc9d9-ddb5-4fa4-a97d-d965ccfc6d4b" outcome="Passed" testListId="8c84fa94-04c1-424b-9868-57a2d4851a1d" relativeResultsDirectory="60f61980-a5bc-4738-8fa5-8e5d2ebad9b0" />
    <UnitTestResult executionId="6d1dafb4-22df-429d-ac8f-6cffb88233ff" testId="38306153-a308-b729-5fc5-ac18787be15f" testName="FormatToStringTest1000(17579.823312525088d,&quot;17579.82 zł&quot;)" computerName="DESKTOP-5URQ9PB" duration="00:00:00.0000200" startTime="2022-06-13T21:13:29.8261435+02:00" endTime="2022-06-13T21:13:29.8261632+02:00" testType="13cdc9d9-ddb5-4fa4-a97d-d965ccfc6d4b" outcome="Passed" testListId="8c84fa94-04c1-424b-9868-57a2d4851a1d" relativeResultsDirectory="6d1dafb4-22df-429d-ac8f-6cffb88233ff" />
    <UnitTestResult executionId="fd8ecd95-d039-4306-bd05-b95716df7be9" testId="1445b267-8883-4711-c51b-1a1ff5eca2f9" testName="FormatToStringTest1000(47630.39193684067d,&quot;47630.39 zł&quot;)" computerName="DESKTOP-5URQ9PB" duration="00:00:00.0000190" startTime="2022-06-13T21:13:29.8103582+02:00" endTime="2022-06-13T21:13:29.8103765+02:00" testType="13cdc9d9-ddb5-4fa4-a97d-d965ccfc6d4b" outcome="Passed" testListId="8c84fa94-04c1-424b-9868-57a2d4851a1d" relativeResultsDirectory="fd8ecd95-d039-4306-bd05-b95716df7be9" />
    <UnitTestResult executionId="f190a29b-2595-400c-b2f9-08cf0a3c6c50" testId="72246d42-3df4-5454-c0c9-cf24737deb1a" testName="FormatToStringTest1000(32732.81915128502d,&quot;32732.82 zł&quot;)" computerName="DESKTOP-5URQ9PB" duration="00:00:00.0000190" startTime="2022-06-13T21:13:29.8214117+02:00" endTime="2022-06-13T21:13:29.8214306+02:00" testType="13cdc9d9-ddb5-4fa4-a97d-d965ccfc6d4b" outcome="Passed" testListId="8c84fa94-04c1-424b-9868-57a2d4851a1d" relativeResultsDirectory="f190a29b-2595-400c-b2f9-08cf0a3c6c50" />
    <UnitTestResult executionId="57f9c7f2-65f8-4f29-a926-0a181e09c538" testId="13221fa5-3685-19e4-e13a-81cefe081d4d" testName="FormatToStringTest1000(63115.864864394935d,&quot;63115.86 zł&quot;)" computerName="DESKTOP-5URQ9PB" duration="00:00:00.0000180" startTime="2022-06-13T21:13:29.8102614+02:00" endTime="2022-06-13T21:13:29.8102790+02:00" testType="13cdc9d9-ddb5-4fa4-a97d-d965ccfc6d4b" outcome="Passed" testListId="8c84fa94-04c1-424b-9868-57a2d4851a1d" relativeResultsDirectory="57f9c7f2-65f8-4f29-a926-0a181e09c538" />
    <UnitTestResult executionId="b454bef2-b8af-4d34-a30f-485f0a879cda" testId="25e8173f-164f-a6d3-7781-f064566ee4cd" testName="FormatToStringTest1000(806.960597043373d,&quot;806.96 zł&quot;)" computerName="DESKTOP-5URQ9PB" duration="00:00:00.0000190" startTime="2022-06-13T21:13:29.8262706+02:00" endTime="2022-06-13T21:13:29.8262898+02:00" testType="13cdc9d9-ddb5-4fa4-a97d-d965ccfc6d4b" outcome="Passed" testListId="8c84fa94-04c1-424b-9868-57a2d4851a1d" relativeResultsDirectory="b454bef2-b8af-4d34-a30f-485f0a879cda" />
    <UnitTestResult executionId="41fb9995-9901-472b-bece-dc69d4b5a2c4" testId="fb9b5d5a-ec48-a3ed-07db-cf85d51b9faa" testName="FormatToStringTest1000(27942.393876474067d,&quot;27942.39 zł&quot;)" computerName="DESKTOP-5URQ9PB" duration="00:00:00.0000190" startTime="2022-06-13T21:13:29.8237363+02:00" endTime="2022-06-13T21:13:29.8237548+02:00" testType="13cdc9d9-ddb5-4fa4-a97d-d965ccfc6d4b" outcome="Passed" testListId="8c84fa94-04c1-424b-9868-57a2d4851a1d" relativeResultsDirectory="41fb9995-9901-472b-bece-dc69d4b5a2c4" />
    <UnitTestResult executionId="dd75679e-2b40-4b8e-a7b5-7cc0127983bf" testId="49c672b6-6d9d-50cd-ab6b-d47ad2b2d00c" testName="FormatToStringTest1000(44930.92203801075d,&quot;44930.92 zł&quot;)" computerName="DESKTOP-5URQ9PB" duration="00:00:00.0000280" startTime="2022-06-13T21:13:29.8340264+02:00" endTime="2022-06-13T21:13:29.8340536+02:00" testType="13cdc9d9-ddb5-4fa4-a97d-d965ccfc6d4b" outcome="Passed" testListId="8c84fa94-04c1-424b-9868-57a2d4851a1d" relativeResultsDirectory="dd75679e-2b40-4b8e-a7b5-7cc0127983bf" />
    <UnitTestResult executionId="d8325797-c103-4071-9507-2d9712733d11" testId="d7f71e56-89f1-ca12-7436-85c71867f730" testName="FormatToStringTest1000(6946.333318357977d,&quot;6946.33 zł&quot;)" computerName="DESKTOP-5URQ9PB" duration="00:00:00.0000190" startTime="2022-06-13T21:13:29.8154383+02:00" endTime="2022-06-13T21:13:29.8154565+02:00" testType="13cdc9d9-ddb5-4fa4-a97d-d965ccfc6d4b" outcome="Passed" testListId="8c84fa94-04c1-424b-9868-57a2d4851a1d" relativeResultsDirectory="d8325797-c103-4071-9507-2d9712733d11" />
    <UnitTestResult executionId="0781f8f0-0d7f-401d-8d6b-efb7f3cfa8aa" testId="ffb7284d-9149-6f2f-e2cd-12399f61de50" testName="FormatToStringTest1000(21893.78889296939d,&quot;21893.79 zł&quot;)" computerName="DESKTOP-5URQ9PB" duration="00:00:00.0000190" startTime="2022-06-13T21:13:29.8324322+02:00" endTime="2022-06-13T21:13:29.8324505+02:00" testType="13cdc9d9-ddb5-4fa4-a97d-d965ccfc6d4b" outcome="Passed" testListId="8c84fa94-04c1-424b-9868-57a2d4851a1d" relativeResultsDirectory="0781f8f0-0d7f-401d-8d6b-efb7f3cfa8aa" />
    <UnitTestResult executionId="47332a3f-dfa4-4c8f-bd0e-88f7c501e6d7" testId="0f4e158a-5f55-34ac-2195-c457e3f3f9e2" testName="FormatToStringTest1000(52032.65082931176d,&quot;52032.65 zł&quot;)" computerName="DESKTOP-5URQ9PB" duration="00:00:00.0000190" startTime="2022-06-13T21:13:29.8337609+02:00" endTime="2022-06-13T21:13:29.8337796+02:00" testType="13cdc9d9-ddb5-4fa4-a97d-d965ccfc6d4b" outcome="Passed" testListId="8c84fa94-04c1-424b-9868-57a2d4851a1d" relativeResultsDirectory="47332a3f-dfa4-4c8f-bd0e-88f7c501e6d7" />
    <UnitTestResult executionId="610be5df-76d7-457d-a7b1-975617e6d474" testId="274e5ca5-6e22-8c94-c538-bc2ca6c5742f" testName="FormatToStringTest1000(19210.519530370144d,&quot;19210.52 zł&quot;)" computerName="DESKTOP-5URQ9PB" duration="00:00:00.0000190" startTime="2022-06-13T21:13:29.8240030+02:00" endTime="2022-06-13T21:13:29.8240214+02:00" testType="13cdc9d9-ddb5-4fa4-a97d-d965ccfc6d4b" outcome="Passed" testListId="8c84fa94-04c1-424b-9868-57a2d4851a1d" relativeResultsDirectory="610be5df-76d7-457d-a7b1-975617e6d474" />
    <UnitTestResult executionId="ed6378ad-c8e3-4f87-96e3-bb645827417c" testId="4b65b228-f0fd-3e1d-e2c9-95f312b6aeb7" testName="FormatToStringTest1000(25376.6225052097d,&quot;25376.62 zł&quot;)" computerName="DESKTOP-5URQ9PB" duration="00:00:00.0000190" startTime="2022-06-13T21:13:29.8221337+02:00" endTime="2022-06-13T21:13:29.8221529+02:00" testType="13cdc9d9-ddb5-4fa4-a97d-d965ccfc6d4b" outcome="Passed" testListId="8c84fa94-04c1-424b-9868-57a2d4851a1d" relativeResultsDirectory="ed6378ad-c8e3-4f87-96e3-bb645827417c" />
    <UnitTestResult executionId="dea7cffb-2814-41f5-8089-674c88e2fb70" testId="b56338b4-aae6-cbe0-3487-2e781b98c188" testName="FormatToStringTest1000(2937.138486199611d,&quot;2937.14 zł&quot;)" computerName="DESKTOP-5URQ9PB" duration="00:00:00.0000190" startTime="2022-06-13T21:13:29.8089318+02:00" endTime="2022-06-13T21:13:29.8089505+02:00" testType="13cdc9d9-ddb5-4fa4-a97d-d965ccfc6d4b" outcome="Passed" testListId="8c84fa94-04c1-424b-9868-57a2d4851a1d" relativeResultsDirectory="dea7cffb-2814-41f5-8089-674c88e2fb70" />
    <UnitTestResult executionId="d9b9cdb8-f0a1-48bd-bb89-51e2ee35a430" testId="379512c8-8994-594d-a3c0-6d675c1d8949" testName="FormatToStringTest1000(577.6071367564645d,&quot;577.61 zł&quot;)" computerName="DESKTOP-5URQ9PB" duration="00:00:00.0000220" startTime="2022-06-13T21:13:29.8315065+02:00" endTime="2022-06-13T21:13:29.8315280+02:00" testType="13cdc9d9-ddb5-4fa4-a97d-d965ccfc6d4b" outcome="Passed" testListId="8c84fa94-04c1-424b-9868-57a2d4851a1d" relativeResultsDirectory="d9b9cdb8-f0a1-48bd-bb89-51e2ee35a430" />
    <UnitTestResult executionId="d0f41669-2168-4c79-b631-8fad271e5773" testId="04708542-086d-f6f2-88c4-fe541ab1cd55" testName="FormatToStringTest1000(3506.8456124108498d,&quot;3506.85 zł&quot;)" computerName="DESKTOP-5URQ9PB" duration="00:00:00.0000190" startTime="2022-06-13T21:13:29.8109758+02:00" endTime="2022-06-13T21:13:29.8109951+02:00" testType="13cdc9d9-ddb5-4fa4-a97d-d965ccfc6d4b" outcome="Passed" testListId="8c84fa94-04c1-424b-9868-57a2d4851a1d" relativeResultsDirectory="d0f41669-2168-4c79-b631-8fad271e5773" />
    <UnitTestResult executionId="7ee420c8-a2c0-4d0a-a93c-a207f5aff026" testId="0f39fcee-dd2f-44a0-e35a-8e74fa0a37f5" testName="FormatToStringTest1000(47431.868885526375d,&quot;47431.87 zł&quot;)" computerName="DESKTOP-5URQ9PB" duration="00:00:00.0000190" startTime="2022-06-13T21:13:29.8224378+02:00" endTime="2022-06-13T21:13:29.8224566+02:00" testType="13cdc9d9-ddb5-4fa4-a97d-d965ccfc6d4b" outcome="Passed" testListId="8c84fa94-04c1-424b-9868-57a2d4851a1d" relativeResultsDirectory="7ee420c8-a2c0-4d0a-a93c-a207f5aff026" />
    <UnitTestResult executionId="2a5bd379-cd99-4a17-9b42-ba887842a56c" testId="1ab663c2-4cb9-e883-e113-e7c904041e47" testName="FormatToStringTest1000(47025.6224095177d,&quot;47025.62 zł&quot;)" computerName="DESKTOP-5URQ9PB" duration="00:00:00.0000180" startTime="2022-06-13T21:13:29.8133659+02:00" endTime="2022-06-13T21:13:29.8133838+02:00" testType="13cdc9d9-ddb5-4fa4-a97d-d965ccfc6d4b" outcome="Passed" testListId="8c84fa94-04c1-424b-9868-57a2d4851a1d" relativeResultsDirectory="2a5bd379-cd99-4a17-9b42-ba887842a56c" />
    <UnitTestResult executionId="f8c2da62-7a3c-46dc-a0fe-a94ac8f14e03" testId="39003167-8a78-92df-7e4f-41dcd0888168" testName="FormatToStringTest1000(37589.670531794276d,&quot;37589.67 zł&quot;)" computerName="DESKTOP-5URQ9PB" duration="00:00:00.0000180" startTime="2022-06-13T21:13:29.8077551+02:00" endTime="2022-06-13T21:13:29.8077731+02:00" testType="13cdc9d9-ddb5-4fa4-a97d-d965ccfc6d4b" outcome="Passed" testListId="8c84fa94-04c1-424b-9868-57a2d4851a1d" relativeResultsDirectory="f8c2da62-7a3c-46dc-a0fe-a94ac8f14e03" />
    <UnitTestResult executionId="175ab013-e9a0-4902-a859-19b717dcb5b1" testId="3222b798-5ed7-0031-3bc4-2349d5773662" testName="FormatToStringTest1000(19933.78650940945d,&quot;19933.79 zł&quot;)" computerName="DESKTOP-5URQ9PB" duration="00:00:00.0000190" startTime="2022-06-13T21:13:29.8314559+02:00" endTime="2022-06-13T21:13:29.8314743+02:00" testType="13cdc9d9-ddb5-4fa4-a97d-d965ccfc6d4b" outcome="Passed" testListId="8c84fa94-04c1-424b-9868-57a2d4851a1d" relativeResultsDirectory="175ab013-e9a0-4902-a859-19b717dcb5b1" />
    <UnitTestResult executionId="2884d584-9541-4303-9258-6395e38d3129" testId="7265e4fd-f7ba-8572-e525-8b365c7360c6" testName="FormatToStringTest1000(21961.272673999552d,&quot;21961.27 zł&quot;)" computerName="DESKTOP-5URQ9PB" duration="00:00:00.0000180" startTime="2022-06-13T21:13:29.8090315+02:00" endTime="2022-06-13T21:13:29.8090495+02:00" testType="13cdc9d9-ddb5-4fa4-a97d-d965ccfc6d4b" outcome="Passed" testListId="8c84fa94-04c1-424b-9868-57a2d4851a1d" relativeResultsDirectory="2884d584-9541-4303-9258-6395e38d3129" />
    <UnitTestResult executionId="7a201965-228e-4fa1-9b28-286efbafcdcb" testId="2e2f38c6-5756-eb9b-9fbb-652c777b6247" testName="FormatToStringTest1000(8851.904041135638d,&quot;8851.90 zł&quot;)" computerName="DESKTOP-5URQ9PB" duration="00:00:00.0000260" startTime="2022-06-13T21:13:29.8218956+02:00" endTime="2022-06-13T21:13:29.8219209+02:00" testType="13cdc9d9-ddb5-4fa4-a97d-d965ccfc6d4b" outcome="Passed" testListId="8c84fa94-04c1-424b-9868-57a2d4851a1d" relativeResultsDirectory="7a201965-228e-4fa1-9b28-286efbafcdcb" />
    <UnitTestResult executionId="e356064d-70ff-4b57-8223-73d1b37067fb" testId="fb0ce41f-cede-9ac7-f047-8c3573f30f7e" testName="FormatToStringTest1000(486.15309567942893d,&quot;486.15 zł&quot;)" computerName="DESKTOP-5URQ9PB" duration="00:00:00.0000270" startTime="2022-06-13T21:13:29.8161602+02:00" endTime="2022-06-13T21:13:29.8161865+02:00" testType="13cdc9d9-ddb5-4fa4-a97d-d965ccfc6d4b" outcome="Passed" testListId="8c84fa94-04c1-424b-9868-57a2d4851a1d" relativeResultsDirectory="e356064d-70ff-4b57-8223-73d1b37067fb" />
    <UnitTestResult executionId="83cb66e8-34ec-4c89-9132-808edb8d1431" testId="2f0cf2d4-3a28-6b74-1791-705b9f0277be" testName="FormatToStringTest1000(3131.5022711732904d,&quot;3131.50 zł&quot;)" computerName="DESKTOP-5URQ9PB" duration="00:00:00.0000260" startTime="2022-06-13T21:13:29.8194168+02:00" endTime="2022-06-13T21:13:29.8194432+02:00" testType="13cdc9d9-ddb5-4fa4-a97d-d965ccfc6d4b" outcome="Passed" testListId="8c84fa94-04c1-424b-9868-57a2d4851a1d" relativeResultsDirectory="83cb66e8-34ec-4c89-9132-808edb8d1431" />
    <UnitTestResult executionId="606268d3-6e5c-4865-9a1a-7bb9519d6fea" testId="3cf165e2-4de9-3079-4fb7-1ca2dade8ab8" testName="FormatToStringTest1000(51300.77891898145d,&quot;51300.78 zł&quot;)" computerName="DESKTOP-5URQ9PB" duration="00:00:00.0000190" startTime="2022-06-13T21:13:29.8234599+02:00" endTime="2022-06-13T21:13:29.8234787+02:00" testType="13cdc9d9-ddb5-4fa4-a97d-d965ccfc6d4b" outcome="Passed" testListId="8c84fa94-04c1-424b-9868-57a2d4851a1d" relativeResultsDirectory="606268d3-6e5c-4865-9a1a-7bb9519d6fea" />
    <UnitTestResult executionId="ae0417a4-f9ed-4029-b6fc-93170b546c21" testId="e4a60893-7e5b-dc4d-fd91-d28f1c9b83a3" testName="FormatToStringTest1000(38961.459057294516d,&quot;38961.46 zł&quot;)" computerName="DESKTOP-5URQ9PB" duration="00:00:00.0000260" startTime="2022-06-13T21:13:29.8169827+02:00" endTime="2022-06-13T21:13:29.8170087+02:00" testType="13cdc9d9-ddb5-4fa4-a97d-d965ccfc6d4b" outcome="Passed" testListId="8c84fa94-04c1-424b-9868-57a2d4851a1d" relativeResultsDirectory="ae0417a4-f9ed-4029-b6fc-93170b546c21" />
    <UnitTestResult executionId="4e2ea416-05a8-4bfc-8b28-432646b1d2fe" testId="b41bb231-beda-2963-85d3-5ce48fa4ac9e" testName="FormatToStringTest1000(6146.91236741278d,&quot;6146.91 zł&quot;)" computerName="DESKTOP-5URQ9PB" duration="00:00:00.0000190" startTime="2022-06-13T21:13:29.8326105+02:00" endTime="2022-06-13T21:13:29.8326291+02:00" testType="13cdc9d9-ddb5-4fa4-a97d-d965ccfc6d4b" outcome="Passed" testListId="8c84fa94-04c1-424b-9868-57a2d4851a1d" relativeResultsDirectory="4e2ea416-05a8-4bfc-8b28-432646b1d2fe" />
    <UnitTestResult executionId="b4501ee7-dd1f-482c-abe2-9407ccbdaefb" testId="fde9a5ec-e687-8abc-b728-b7fb0bfbd8d4" testName="FormatToStringTest1000(78796.90433980194d,&quot;78796.90 zł&quot;)" computerName="DESKTOP-5URQ9PB" duration="00:00:00.0000190" startTime="2022-06-13T21:13:29.8116095+02:00" endTime="2022-06-13T21:13:29.8116280+02:00" testType="13cdc9d9-ddb5-4fa4-a97d-d965ccfc6d4b" outcome="Passed" testListId="8c84fa94-04c1-424b-9868-57a2d4851a1d" relativeResultsDirectory="b4501ee7-dd1f-482c-abe2-9407ccbdaefb" />
    <UnitTestResult executionId="df499b07-5c6c-467c-9628-8b5b5f68547c" testId="6c172272-73ee-1f81-5332-f3180f21fb30" testName="FormatToStringTest1000(20623.53139885493d,&quot;20623.53 zł&quot;)" computerName="DESKTOP-5URQ9PB" duration="00:00:00.0000190" startTime="2022-06-13T21:13:29.8114892+02:00" endTime="2022-06-13T21:13:29.8115079+02:00" testType="13cdc9d9-ddb5-4fa4-a97d-d965ccfc6d4b" outcome="Passed" testListId="8c84fa94-04c1-424b-9868-57a2d4851a1d" relativeResultsDirectory="df499b07-5c6c-467c-9628-8b5b5f68547c" />
    <UnitTestResult executionId="8807e0d2-0c7f-4304-a7ed-2ac9abfe36b9" testId="a6878771-c471-f5b9-95dc-467df24cdd5b" testName="FormatToStringTest1000(823.2747994560166d,&quot;823.27 zł&quot;)" computerName="DESKTOP-5URQ9PB" duration="00:00:00.0000190" startTime="2022-06-13T21:13:29.8283167+02:00" endTime="2022-06-13T21:13:29.8283360+02:00" testType="13cdc9d9-ddb5-4fa4-a97d-d965ccfc6d4b" outcome="Passed" testListId="8c84fa94-04c1-424b-9868-57a2d4851a1d" relativeResultsDirectory="8807e0d2-0c7f-4304-a7ed-2ac9abfe36b9" />
    <UnitTestResult executionId="778be284-ab04-466a-aaff-cf3e81b110f1" testId="b5a90a67-8ab0-67af-7979-e040eeab7b97" testName="FormatToStringTest1000(20146.183073329827d,&quot;20146.18 zł&quot;)" computerName="DESKTOP-5URQ9PB" duration="00:00:00.0000190" startTime="2022-06-13T21:13:29.8120300+02:00" endTime="2022-06-13T21:13:29.8120488+02:00" testType="13cdc9d9-ddb5-4fa4-a97d-d965ccfc6d4b" outcome="Passed" testListId="8c84fa94-04c1-424b-9868-57a2d4851a1d" relativeResultsDirectory="778be284-ab04-466a-aaff-cf3e81b110f1" />
    <UnitTestResult executionId="e29a8c2f-5fd5-44bb-b65d-31d94771b83b" testId="5e8a64ef-fabe-5bbf-4739-e9cf8ccf2ee0" testName="FormatToStringTest1000(65809.35218338219d,&quot;65809.35 zł&quot;)" computerName="DESKTOP-5URQ9PB" duration="00:00:00.0000200" startTime="2022-06-13T21:13:29.8323305+02:00" endTime="2022-06-13T21:13:29.8323499+02:00" testType="13cdc9d9-ddb5-4fa4-a97d-d965ccfc6d4b" outcome="Passed" testListId="8c84fa94-04c1-424b-9868-57a2d4851a1d" relativeResultsDirectory="e29a8c2f-5fd5-44bb-b65d-31d94771b83b" />
    <UnitTestResult executionId="23d0e968-cb46-4fdd-9c12-f767331c75fe" testId="8444e906-7a92-9021-9b3f-57eb7bbd8067" testName="FormatToStringTest1000(2883.637133003975d,&quot;2883.64 zł&quot;)" computerName="DESKTOP-5URQ9PB" duration="00:00:00.0000210" startTime="2022-06-13T21:13:29.8285725+02:00" endTime="2022-06-13T21:13:29.8285929+02:00" testType="13cdc9d9-ddb5-4fa4-a97d-d965ccfc6d4b" outcome="Passed" testListId="8c84fa94-04c1-424b-9868-57a2d4851a1d" relativeResultsDirectory="23d0e968-cb46-4fdd-9c12-f767331c75fe" />
    <UnitTestResult executionId="0ab202ac-d578-4700-b3cc-e2cb9e590fd5" testId="b6ca1995-becc-76ce-0b28-eebf3dd3e464" testName="FormatToStringTest1000(22197.731451777618d,&quot;22197.73 zł&quot;)" computerName="DESKTOP-5URQ9PB" duration="00:00:00.0000200" startTime="2022-06-13T21:13:29.8212792+02:00" endTime="2022-06-13T21:13:29.8212986+02:00" testType="13cdc9d9-ddb5-4fa4-a97d-d965ccfc6d4b" outcome="Passed" testListId="8c84fa94-04c1-424b-9868-57a2d4851a1d" relativeResultsDirectory="0ab202ac-d578-4700-b3cc-e2cb9e590fd5" />
    <UnitTestResult executionId="bd98bc13-ec26-459e-8406-78c6427d2a33" testId="92867c0e-facc-7f59-b4bc-04e39d2ba464" testName="FormatToStringTest1000(657.5396922647672d,&quot;657.54 zł&quot;)" computerName="DESKTOP-5URQ9PB" duration="00:00:00.0000260" startTime="2022-06-13T21:13:29.8165572+02:00" endTime="2022-06-13T21:13:29.8165833+02:00" testType="13cdc9d9-ddb5-4fa4-a97d-d965ccfc6d4b" outcome="Passed" testListId="8c84fa94-04c1-424b-9868-57a2d4851a1d" relativeResultsDirectory="bd98bc13-ec26-459e-8406-78c6427d2a33" />
    <UnitTestResult executionId="c64f2f90-db54-48ba-a41e-a323f299fae8" testId="04967881-3d44-4f25-5839-6dd3eae8bd89" testName="FormatToStringTest1000(57671.67669738675d,&quot;57671.68 zł&quot;)" computerName="DESKTOP-5URQ9PB" duration="00:00:00.0000200" startTime="2022-06-13T21:13:29.8315602+02:00" endTime="2022-06-13T21:13:29.8315795+02:00" testType="13cdc9d9-ddb5-4fa4-a97d-d965ccfc6d4b" outcome="Passed" testListId="8c84fa94-04c1-424b-9868-57a2d4851a1d" relativeResultsDirectory="c64f2f90-db54-48ba-a41e-a323f299fae8" />
    <UnitTestResult executionId="c6f85eb6-c9c1-42dc-9f04-c8cd881a6d1f" testId="f6401660-be6e-6eb8-4af7-4a88425589c4" testName="FormatToStringTest1000(20454.142628653506d,&quot;20454.14 zł&quot;)" computerName="DESKTOP-5URQ9PB" duration="00:00:00.0000180" startTime="2022-06-13T21:13:29.8150238+02:00" endTime="2022-06-13T21:13:29.8150419+02:00" testType="13cdc9d9-ddb5-4fa4-a97d-d965ccfc6d4b" outcome="Passed" testListId="8c84fa94-04c1-424b-9868-57a2d4851a1d" relativeResultsDirectory="c6f85eb6-c9c1-42dc-9f04-c8cd881a6d1f" />
    <UnitTestResult executionId="70a0fcce-27a1-4c84-84e6-e1b3cbe5c99d" testId="e6f60af7-eaed-5b55-816d-6d2a50c98932" testName="FormatToStringTest1000(29975.4018974022d,&quot;29975.40 zł&quot;)" computerName="DESKTOP-5URQ9PB" duration="00:00:00.0000200" startTime="2022-06-13T21:13:29.8284958+02:00" endTime="2022-06-13T21:13:29.8285160+02:00" testType="13cdc9d9-ddb5-4fa4-a97d-d965ccfc6d4b" outcome="Passed" testListId="8c84fa94-04c1-424b-9868-57a2d4851a1d" relativeResultsDirectory="70a0fcce-27a1-4c84-84e6-e1b3cbe5c99d" />
    <UnitTestResult executionId="0c6d40c0-ce5f-436c-807e-82126448655e" testId="b923c1df-de90-30ce-6175-be67d41806a2" testName="FormatToStringTest1000(58459.03113649601d,&quot;58459.03 zł&quot;)" computerName="DESKTOP-5URQ9PB" duration="00:00:00.0000190" startTime="2022-06-13T21:13:29.8245417+02:00" endTime="2022-06-13T21:13:29.8245601+02:00" testType="13cdc9d9-ddb5-4fa4-a97d-d965ccfc6d4b" outcome="Passed" testListId="8c84fa94-04c1-424b-9868-57a2d4851a1d" relativeResultsDirectory="0c6d40c0-ce5f-436c-807e-82126448655e" />
    <UnitTestResult executionId="62bfaac7-bcb7-4a67-a075-3ba2844df8e6" testId="c1189369-93b0-2acc-f712-00eac1c7b884" testName="FormatToStringTest1000(9843.625240445894d,&quot;9843.63 zł&quot;)" computerName="DESKTOP-5URQ9PB" duration="00:00:00.0000190" startTime="2022-06-13T21:13:29.8328140+02:00" endTime="2022-06-13T21:13:29.8328332+02:00" testType="13cdc9d9-ddb5-4fa4-a97d-d965ccfc6d4b" outcome="Passed" testListId="8c84fa94-04c1-424b-9868-57a2d4851a1d" relativeResultsDirectory="62bfaac7-bcb7-4a67-a075-3ba2844df8e6" />
    <UnitTestResult executionId="a2024dd5-8ff8-470a-a827-0bc5fd8e57c7" testId="52456efe-2b4c-e54c-a102-5bc9bc1cc7f8" testName="FormatToStringTest1000(73372.53853826903d,&quot;73372.54 zł&quot;)" computerName="DESKTOP-5URQ9PB" duration="00:00:00.0000180" startTime="2022-06-13T21:13:29.8135847+02:00" endTime="2022-06-13T21:13:29.8136028+02:00" testType="13cdc9d9-ddb5-4fa4-a97d-d965ccfc6d4b" outcome="Passed" testListId="8c84fa94-04c1-424b-9868-57a2d4851a1d" relativeResultsDirectory="a2024dd5-8ff8-470a-a827-0bc5fd8e57c7" />
    <UnitTestResult executionId="e9874f1d-a0d7-455c-87ba-4975acd6ebc5" testId="610377d7-39b0-f1e5-075a-04c0ff0b06a2" testName="FormatToStringTest1000(19392.945535027862d,&quot;19392.95 zł&quot;)" computerName="DESKTOP-5URQ9PB" duration="00:00:00.0000180" startTime="2022-06-13T21:13:29.8152440+02:00" endTime="2022-06-13T21:13:29.8152617+02:00" testType="13cdc9d9-ddb5-4fa4-a97d-d965ccfc6d4b" outcome="Passed" testListId="8c84fa94-04c1-424b-9868-57a2d4851a1d" relativeResultsDirectory="e9874f1d-a0d7-455c-87ba-4975acd6ebc5" />
    <UnitTestResult executionId="a5b8f919-ff63-4940-8f93-85206602bcdc" testId="35113593-4524-9172-cef8-1a1f5c1dfb29" testName="FormatToStringTest1000(134.1514758393874d,&quot;134.15 zł&quot;)" computerName="DESKTOP-5URQ9PB" duration="00:00:00.0000190" startTime="2022-06-13T21:13:29.8260926+02:00" endTime="2022-06-13T21:13:29.8261119+02:00" testType="13cdc9d9-ddb5-4fa4-a97d-d965ccfc6d4b" outcome="Passed" testListId="8c84fa94-04c1-424b-9868-57a2d4851a1d" relativeResultsDirectory="a5b8f919-ff63-4940-8f93-85206602bcdc" />
    <UnitTestResult executionId="0686f39d-c780-4a5f-a2de-f510814ebc6c" testId="9e7bb479-43f6-3e5b-9858-d1abf76cc2e6" testName="FormatToStringTest1000(19189.813662191766d,&quot;19189.81 zł&quot;)" computerName="DESKTOP-5URQ9PB" duration="00:00:00.0000340" startTime="2022-06-13T21:13:29.8169044+02:00" endTime="2022-06-13T21:13:29.8169382+02:00" testType="13cdc9d9-ddb5-4fa4-a97d-d965ccfc6d4b" outcome="Passed" testListId="8c84fa94-04c1-424b-9868-57a2d4851a1d" relativeResultsDirectory="0686f39d-c780-4a5f-a2de-f510814ebc6c" />
    <UnitTestResult executionId="c686bd65-33b6-4dd0-b9cb-a8adab563a04" testId="069167da-f488-ff65-4a0d-a2797b191242" testName="FormatToStringTest1000(395.45790295882983d,&quot;395.46 zł&quot;)" computerName="DESKTOP-5URQ9PB" duration="00:00:00.0000280" startTime="2022-06-13T21:13:29.8177554+02:00" endTime="2022-06-13T21:13:29.8177833+02:00" testType="13cdc9d9-ddb5-4fa4-a97d-d965ccfc6d4b" outcome="Passed" testListId="8c84fa94-04c1-424b-9868-57a2d4851a1d" relativeResultsDirectory="c686bd65-33b6-4dd0-b9cb-a8adab563a04" />
    <UnitTestResult executionId="eac100f2-6c1c-48c3-b2a5-a5e75fe7dfa8" testId="ff7d5d75-8704-2f07-483c-d76f3a2523cc" testName="FormatToStringTest1000(2835.0728237931958d,&quot;2835.07 zł&quot;)" computerName="DESKTOP-5URQ9PB" duration="00:00:00.0000180" startTime="2022-06-13T21:13:29.8239782+02:00" endTime="2022-06-13T21:13:29.8239965+02:00" testType="13cdc9d9-ddb5-4fa4-a97d-d965ccfc6d4b" outcome="Passed" testListId="8c84fa94-04c1-424b-9868-57a2d4851a1d" relativeResultsDirectory="eac100f2-6c1c-48c3-b2a5-a5e75fe7dfa8" />
    <UnitTestResult executionId="abfaa2cf-fb44-437a-86a0-18432d19d04c" testId="e0a6ca51-6257-18e2-3ed9-4bb78f34d6d7" testName="FormatToStringTest1000(1614.2516601789982d,&quot;1614.25 zł&quot;)" computerName="DESKTOP-5URQ9PB" duration="00:00:00.0000180" startTime="2022-06-13T21:13:29.8082417+02:00" endTime="2022-06-13T21:13:29.8082597+02:00" testType="13cdc9d9-ddb5-4fa4-a97d-d965ccfc6d4b" outcome="Passed" testListId="8c84fa94-04c1-424b-9868-57a2d4851a1d" relativeResultsDirectory="abfaa2cf-fb44-437a-86a0-18432d19d04c" />
    <UnitTestResult executionId="81dde32b-5364-4908-8f21-dc18ce716b43" testId="0a65341a-9de3-344f-781f-a38c0f56cbef" testName="FormatToStringTest1000(40545.70748620001d,&quot;40545.71 zł&quot;)" computerName="DESKTOP-5URQ9PB" duration="00:00:00.0000180" startTime="2022-06-13T21:13:29.8304792+02:00" endTime="2022-06-13T21:13:29.8304976+02:00" testType="13cdc9d9-ddb5-4fa4-a97d-d965ccfc6d4b" outcome="Passed" testListId="8c84fa94-04c1-424b-9868-57a2d4851a1d" relativeResultsDirectory="81dde32b-5364-4908-8f21-dc18ce716b43" />
    <UnitTestResult executionId="3a041b4f-ecc1-4b82-8fe0-dbca4106ee99" testId="c5316b43-7086-7b8f-266a-feedd9573c48" testName="FormatToStringTest1000(19363.881840787773d,&quot;19363.88 zł&quot;)" computerName="DESKTOP-5URQ9PB" duration="00:00:00.0000190" startTime="2022-06-13T21:13:29.8261955+02:00" endTime="2022-06-13T21:13:29.8262144+02:00" testType="13cdc9d9-ddb5-4fa4-a97d-d965ccfc6d4b" outcome="Passed" testListId="8c84fa94-04c1-424b-9868-57a2d4851a1d" relativeResultsDirectory="3a041b4f-ecc1-4b82-8fe0-dbca4106ee99" />
    <UnitTestResult executionId="8e9f29fb-3c56-41ef-baa9-08e8c47551b9" testId="6fa66cd3-3174-5023-d80b-ce9981bfadfc" testName="FormatToStringTest1000(69373.32129976773d,&quot;69373.32 zł&quot;)" computerName="DESKTOP-5URQ9PB" duration="00:00:00.0000270" startTime="2022-06-13T21:13:29.8205015+02:00" endTime="2022-06-13T21:13:29.8205287+02:00" testType="13cdc9d9-ddb5-4fa4-a97d-d965ccfc6d4b" outcome="Passed" testListId="8c84fa94-04c1-424b-9868-57a2d4851a1d" relativeResultsDirectory="8e9f29fb-3c56-41ef-baa9-08e8c47551b9" />
    <UnitTestResult executionId="8d261c3b-0bfa-439b-8f2c-38c3ae55d982" testId="dd5c672a-615a-d2df-e240-966d42055469" testName="FormatToStringTest1000(13455.521105358153d,&quot;13455.52 zł&quot;)" computerName="DESKTOP-5URQ9PB" duration="00:00:00.0000190" startTime="2022-06-13T21:13:29.8290979+02:00" endTime="2022-06-13T21:13:29.8291166+02:00" testType="13cdc9d9-ddb5-4fa4-a97d-d965ccfc6d4b" outcome="Passed" testListId="8c84fa94-04c1-424b-9868-57a2d4851a1d" relativeResultsDirectory="8d261c3b-0bfa-439b-8f2c-38c3ae55d982" />
    <UnitTestResult executionId="fcf9d26e-90b7-4afd-8a54-02fca520f30a" testId="62970bd3-0fb8-814d-a0a1-ab9e8aeaae79" testName="FormatToStringTest1000(28068.20530246394d,&quot;28068.21 zł&quot;)" computerName="DESKTOP-5URQ9PB" duration="00:00:00.0000280" startTime="2022-06-13T21:13:29.8188091+02:00" endTime="2022-06-13T21:13:29.8188365+02:00" testType="13cdc9d9-ddb5-4fa4-a97d-d965ccfc6d4b" outcome="Passed" testListId="8c84fa94-04c1-424b-9868-57a2d4851a1d" relativeResultsDirectory="fcf9d26e-90b7-4afd-8a54-02fca520f30a" />
    <UnitTestResult executionId="d81e525e-1ff3-4a1b-84c5-ad533761c83e" testId="c994fcbd-cf70-f011-3e5f-4e6d74bb71af" testName="FormatToStringTest1000(30722.846572104303d,&quot;30722.85 zł&quot;)" computerName="DESKTOP-5URQ9PB" duration="00:00:00.0000190" startTime="2022-06-13T21:13:29.8247737+02:00" endTime="2022-06-13T21:13:29.8247920+02:00" testType="13cdc9d9-ddb5-4fa4-a97d-d965ccfc6d4b" outcome="Passed" testListId="8c84fa94-04c1-424b-9868-57a2d4851a1d" relativeResultsDirectory="d81e525e-1ff3-4a1b-84c5-ad533761c83e" />
    <UnitTestResult executionId="6062f98f-7a4a-481a-a9e6-33f6fd274f73" testId="45d434bd-96d2-7ca0-c594-4cf5e3f89416" testName="FormatToStringTest1000(3092.9215945624383d,&quot;3092.92 zł&quot;)" computerName="DESKTOP-5URQ9PB" duration="00:00:00.0000190" startTime="2022-06-13T21:13:29.8232581+02:00" endTime="2022-06-13T21:13:29.8232765+02:00" testType="13cdc9d9-ddb5-4fa4-a97d-d965ccfc6d4b" outcome="Passed" testListId="8c84fa94-04c1-424b-9868-57a2d4851a1d" relativeResultsDirectory="6062f98f-7a4a-481a-a9e6-33f6fd274f73" />
    <UnitTestResult executionId="ce0df422-24d0-4c06-bf58-7eb932003eac" testId="826ac225-455e-4413-4415-8bc54c5b4d09" testName="FormatToStringTest1000(10501.127379151585d,&quot;10501.13 zł&quot;)" computerName="DESKTOP-5URQ9PB" duration="00:00:00.0000270" startTime="2022-06-13T21:13:29.8168002+02:00" endTime="2022-06-13T21:13:29.8168263+02:00" testType="13cdc9d9-ddb5-4fa4-a97d-d965ccfc6d4b" outcome="Passed" testListId="8c84fa94-04c1-424b-9868-57a2d4851a1d" relativeResultsDirectory="ce0df422-24d0-4c06-bf58-7eb932003eac" />
    <UnitTestResult executionId="a525aa44-5bc1-46f7-bb36-0d5952fa2bb2" testId="87ae11a5-ff33-3fef-0507-0ee3bd82054e" testName="FormatToStringTest1000(7569.605888796322d,&quot;7569.61 zł&quot;)" computerName="DESKTOP-5URQ9PB" duration="00:00:00.0000190" startTime="2022-06-13T21:13:29.8273937+02:00" endTime="2022-06-13T21:13:29.8274122+02:00" testType="13cdc9d9-ddb5-4fa4-a97d-d965ccfc6d4b" outcome="Passed" testListId="8c84fa94-04c1-424b-9868-57a2d4851a1d" relativeResultsDirectory="a525aa44-5bc1-46f7-bb36-0d5952fa2bb2" />
    <UnitTestResult executionId="5eaaa891-8867-4c41-aeca-69591c0cc296" testId="32740214-c33e-96ad-e5a0-01c821ac0c2a" testName="FormatToStringTest1000(34951.47290410077d,&quot;34951.47 zł&quot;)" computerName="DESKTOP-5URQ9PB" duration="00:00:00.0000280" startTime="2022-06-13T21:13:29.8181766+02:00" endTime="2022-06-13T21:13:29.8182045+02:00" testType="13cdc9d9-ddb5-4fa4-a97d-d965ccfc6d4b" outcome="Passed" testListId="8c84fa94-04c1-424b-9868-57a2d4851a1d" relativeResultsDirectory="5eaaa891-8867-4c41-aeca-69591c0cc296" />
    <UnitTestResult executionId="981cc414-197e-4948-80b1-343779721f55" testId="65ccfc2f-2358-a64f-fe6f-c264d332c519" testName="FormatToStringTest1000(22791.735381432685d,&quot;22791.74 zł&quot;)" computerName="DESKTOP-5URQ9PB" duration="00:00:00.0000190" startTime="2022-06-13T21:13:29.8132664+02:00" endTime="2022-06-13T21:13:29.8132848+02:00" testType="13cdc9d9-ddb5-4fa4-a97d-d965ccfc6d4b" outcome="Passed" testListId="8c84fa94-04c1-424b-9868-57a2d4851a1d" relativeResultsDirectory="981cc414-197e-4948-80b1-343779721f55" />
    <UnitTestResult executionId="7807a9d3-d792-40c5-b393-4813549dcc9c" testId="21fecb6a-616e-e0ca-06e2-949826e6d9fe" testName="FormatToStringTest1000(5810.695934967462d,&quot;5810.70 zł&quot;)" computerName="DESKTOP-5URQ9PB" duration="00:00:00.0000190" startTime="2022-06-13T21:13:29.8336849+02:00" endTime="2022-06-13T21:13:29.8337039+02:00" testType="13cdc9d9-ddb5-4fa4-a97d-d965ccfc6d4b" outcome="Passed" testListId="8c84fa94-04c1-424b-9868-57a2d4851a1d" relativeResultsDirectory="7807a9d3-d792-40c5-b393-4813549dcc9c" />
    <UnitTestResult executionId="a9d8f640-214c-46ac-810c-bd38cf20e43c" testId="451fafcd-e358-2a2a-0150-6d7bc1153f41" testName="FormatToStringTest1000(45955.903045959254d,&quot;45955.90 zł&quot;)" computerName="DESKTOP-5URQ9PB" duration="00:00:00.0000190" startTime="2022-06-13T21:13:29.8268007+02:00" endTime="2022-06-13T21:13:29.8268196+02:00" testType="13cdc9d9-ddb5-4fa4-a97d-d965ccfc6d4b" outcome="Passed" testListId="8c84fa94-04c1-424b-9868-57a2d4851a1d" relativeResultsDirectory="a9d8f640-214c-46ac-810c-bd38cf20e43c" />
    <UnitTestResult executionId="0b09c443-8524-427b-9348-79f6aacafba2" testId="85799221-0b36-0e4a-ef29-ad83f50e6bbd" testName="FormatToStringTest1000(1568.615240217473d,&quot;1568.62 zł&quot;)" computerName="DESKTOP-5URQ9PB" duration="00:00:00.0000190" startTime="2022-06-13T21:13:29.8291492+02:00" endTime="2022-06-13T21:13:29.8291681+02:00" testType="13cdc9d9-ddb5-4fa4-a97d-d965ccfc6d4b" outcome="Passed" testListId="8c84fa94-04c1-424b-9868-57a2d4851a1d" relativeResultsDirectory="0b09c443-8524-427b-9348-79f6aacafba2" />
    <UnitTestResult executionId="031f686d-f991-42a8-9fce-837120aa98de" testId="99a10c59-9aed-054b-9f26-15805af85148" testName="FormatToStringTest1000(5504.094303639184d,&quot;5504.09 zł&quot;)" computerName="DESKTOP-5URQ9PB" duration="00:00:00.0000690" startTime="2022-06-13T21:13:29.8159368+02:00" endTime="2022-06-13T21:13:29.8160022+02:00" testType="13cdc9d9-ddb5-4fa4-a97d-d965ccfc6d4b" outcome="Passed" testListId="8c84fa94-04c1-424b-9868-57a2d4851a1d" relativeResultsDirectory="031f686d-f991-42a8-9fce-837120aa98de" />
    <UnitTestResult executionId="ccaa12d8-71c4-4fe6-9e0f-7426d1e47a6d" testId="43552c47-f44b-17a4-1647-f8068fe18052" testName="FormatToStringTest1000(40857.08543233996d,&quot;40857.09 zł&quot;)" computerName="DESKTOP-5URQ9PB" duration="00:00:00.0000180" startTime="2022-06-13T21:13:29.8087305+02:00" endTime="2022-06-13T21:13:29.8087484+02:00" testType="13cdc9d9-ddb5-4fa4-a97d-d965ccfc6d4b" outcome="Passed" testListId="8c84fa94-04c1-424b-9868-57a2d4851a1d" relativeResultsDirectory="ccaa12d8-71c4-4fe6-9e0f-7426d1e47a6d" />
    <UnitTestResult executionId="65e84129-d596-4fa4-bfac-44fca27e65c5" testId="21f5ba92-f354-bb76-94e2-2214000ea5b9" testName="FormatToStringTest1000(7592.950837113406d,&quot;7592.95 zł&quot;)" computerName="DESKTOP-5URQ9PB" duration="00:00:00.0000180" startTime="2022-06-13T21:13:29.8096696+02:00" endTime="2022-06-13T21:13:29.8096874+02:00" testType="13cdc9d9-ddb5-4fa4-a97d-d965ccfc6d4b" outcome="Passed" testListId="8c84fa94-04c1-424b-9868-57a2d4851a1d" relativeResultsDirectory="65e84129-d596-4fa4-bfac-44fca27e65c5" />
    <UnitTestResult executionId="c9928fa4-f9ed-4bdc-95fc-7e8b4f1c7b64" testId="e0c95d42-cf00-fbc7-42ac-a320fc125b1e" testName="FormatToStringTest1000(35784.54232617307d,&quot;35784.54 zł&quot;)" computerName="DESKTOP-5URQ9PB" duration="00:00:00.0000180" startTime="2022-06-13T21:13:29.8079403+02:00" endTime="2022-06-13T21:13:29.8079583+02:00" testType="13cdc9d9-ddb5-4fa4-a97d-d965ccfc6d4b" outcome="Passed" testListId="8c84fa94-04c1-424b-9868-57a2d4851a1d" relativeResultsDirectory="c9928fa4-f9ed-4bdc-95fc-7e8b4f1c7b64" />
    <UnitTestResult executionId="547b112a-c175-4ce7-a3ec-2550ceb5b6d2" testId="c989053d-c573-450d-6001-a75cbe93e089" testName="FormatToStringTest1000(14920.620598662934d,&quot;14920.62 zł&quot;)" computerName="DESKTOP-5URQ9PB" duration="00:00:00.0000180" startTime="2022-06-13T21:13:29.8122782+02:00" endTime="2022-06-13T21:13:29.8122961+02:00" testType="13cdc9d9-ddb5-4fa4-a97d-d965ccfc6d4b" outcome="Passed" testListId="8c84fa94-04c1-424b-9868-57a2d4851a1d" relativeResultsDirectory="547b112a-c175-4ce7-a3ec-2550ceb5b6d2" />
    <UnitTestResult executionId="8ed93738-03ca-41a3-8793-3a599f96800c" testId="bd80c668-2405-22c1-740d-ec63dfd58306" testName="FormatToStringTest1000(28987.862854782896d,&quot;28987.86 zł&quot;)" computerName="DESKTOP-5URQ9PB" duration="00:00:00.0000190" startTime="2022-06-13T21:13:29.8288548+02:00" endTime="2022-06-13T21:13:29.8288735+02:00" testType="13cdc9d9-ddb5-4fa4-a97d-d965ccfc6d4b" outcome="Passed" testListId="8c84fa94-04c1-424b-9868-57a2d4851a1d" relativeResultsDirectory="8ed93738-03ca-41a3-8793-3a599f96800c" />
    <UnitTestResult executionId="a1e8008b-3d9f-422e-ae66-56589fdd12ee" testId="ce8c4658-51b9-647a-8bb3-9c2995dd5a3c" testName="FormatToStringTest1000(45070.5442499493d,&quot;45070.54 zł&quot;)" computerName="DESKTOP-5URQ9PB" duration="00:00:00.0000190" startTime="2022-06-13T21:13:29.8282159+02:00" endTime="2022-06-13T21:13:29.8282347+02:00" testType="13cdc9d9-ddb5-4fa4-a97d-d965ccfc6d4b" outcome="Passed" testListId="8c84fa94-04c1-424b-9868-57a2d4851a1d" relativeResultsDirectory="a1e8008b-3d9f-422e-ae66-56589fdd12ee" />
    <UnitTestResult executionId="7f8d07b3-eff5-48fe-b9bc-9c82433639c2" testId="a6e465ee-f568-61da-4158-e730cb849679" testName="FormatToStringTest1000(4121.116360678857d,&quot;4121.12 zł&quot;)" computerName="DESKTOP-5URQ9PB" duration="00:00:00.0000270" startTime="2022-06-13T21:13:29.8194881+02:00" endTime="2022-06-13T21:13:29.8195151+02:00" testType="13cdc9d9-ddb5-4fa4-a97d-d965ccfc6d4b" outcome="Passed" testListId="8c84fa94-04c1-424b-9868-57a2d4851a1d" relativeResultsDirectory="7f8d07b3-eff5-48fe-b9bc-9c82433639c2" />
    <UnitTestResult executionId="9fab5599-74c0-4547-8d20-6d62223e4877" testId="88670780-e590-ffb1-3bdf-7b575a4d5fc5" testName="FormatToStringTest1000(57436.33241095409d,&quot;57436.33 zł&quot;)" computerName="DESKTOP-5URQ9PB" duration="00:00:00.0000180" startTime="2022-06-13T21:13:29.8149742+02:00" endTime="2022-06-13T21:13:29.8149920+02:00" testType="13cdc9d9-ddb5-4fa4-a97d-d965ccfc6d4b" outcome="Passed" testListId="8c84fa94-04c1-424b-9868-57a2d4851a1d" relativeResultsDirectory="9fab5599-74c0-4547-8d20-6d62223e4877" />
    <UnitTestResult executionId="b07e8ad9-e6b1-4723-a6fd-6a4a64f2dcff" testId="a52cde15-d4da-6fd7-917d-2f5d406fbd21" testName="FormatToStringTest1000(904.351189922705d,&quot;904.35 zł&quot;)" computerName="DESKTOP-5URQ9PB" duration="00:00:00.0000190" startTime="2022-06-13T21:13:29.8303009+02:00" endTime="2022-06-13T21:13:29.8303195+02:00" testType="13cdc9d9-ddb5-4fa4-a97d-d965ccfc6d4b" outcome="Passed" testListId="8c84fa94-04c1-424b-9868-57a2d4851a1d" relativeResultsDirectory="b07e8ad9-e6b1-4723-a6fd-6a4a64f2dcff" />
    <UnitTestResult executionId="97762760-9ea6-4359-894a-d5695ecdfc55" testId="6236d5e6-b13b-501c-48e0-102f9eda59d6" testName="FormatToStringTest1000(49672.98901987402d,&quot;49672.99 zł&quot;)" computerName="DESKTOP-5URQ9PB" duration="00:00:00.0000270" startTime="2022-06-13T21:13:29.8179922+02:00" endTime="2022-06-13T21:13:29.8180190+02:00" testType="13cdc9d9-ddb5-4fa4-a97d-d965ccfc6d4b" outcome="Passed" testListId="8c84fa94-04c1-424b-9868-57a2d4851a1d" relativeResultsDirectory="97762760-9ea6-4359-894a-d5695ecdfc55" />
    <UnitTestResult executionId="1a71d2da-1e7f-415e-b817-76dc77985652" testId="5da451a5-54a7-b58b-ab8b-8b1b8384fd01" testName="FormatToStringTest1000(3700.029953029021d,&quot;3700.03 zł&quot;)" computerName="DESKTOP-5URQ9PB" duration="00:00:00.0000180" startTime="2022-06-13T21:13:29.8133167+02:00" endTime="2022-06-13T21:13:29.8133350+02:00" testType="13cdc9d9-ddb5-4fa4-a97d-d965ccfc6d4b" outcome="Passed" testListId="8c84fa94-04c1-424b-9868-57a2d4851a1d" relativeResultsDirectory="1a71d2da-1e7f-415e-b817-76dc77985652" />
    <UnitTestResult executionId="55ef0012-d33b-4e67-bae1-384a3bdd11d6" testId="11ead46a-3fc2-e54b-9ee7-6572b1ea2616" testName="FormatToStringTest1000(8768.816937361293d,&quot;8768.82 zł&quot;)" computerName="DESKTOP-5URQ9PB" duration="00:00:00.0000190" startTime="2022-06-13T21:13:29.8082659+02:00" endTime="2022-06-13T21:13:29.8082843+02:00" testType="13cdc9d9-ddb5-4fa4-a97d-d965ccfc6d4b" outcome="Passed" testListId="8c84fa94-04c1-424b-9868-57a2d4851a1d" relativeResultsDirectory="55ef0012-d33b-4e67-bae1-384a3bdd11d6" />
    <UnitTestResult executionId="aad5b5f2-ae31-40ee-b1da-81fc6f0ab254" testId="c08489ce-87ea-9273-1e82-87dd20c6c729" testName="FormatToStringTest1000(15907.394871033446d,&quot;15907.39 zł&quot;)" computerName="DESKTOP-5URQ9PB" duration="00:00:00.0000190" startTime="2022-06-13T21:13:29.8239524+02:00" endTime="2022-06-13T21:13:29.8239718+02:00" testType="13cdc9d9-ddb5-4fa4-a97d-d965ccfc6d4b" outcome="Passed" testListId="8c84fa94-04c1-424b-9868-57a2d4851a1d" relativeResultsDirectory="aad5b5f2-ae31-40ee-b1da-81fc6f0ab254" />
    <UnitTestResult executionId="abc89b1d-5349-49af-b598-c7d833d8e1e0" testId="4b28edc9-10aa-dd25-05d6-efbec430bd7a" testName="FormatToStringTest1000(1739.5853778997368d,&quot;1739.59 zł&quot;)" computerName="DESKTOP-5URQ9PB" duration="00:00:00.0000190" startTime="2022-06-13T21:13:29.8110260+02:00" endTime="2022-06-13T21:13:29.8110445+02:00" testType="13cdc9d9-ddb5-4fa4-a97d-d965ccfc6d4b" outcome="Passed" testListId="8c84fa94-04c1-424b-9868-57a2d4851a1d" relativeResultsDirectory="abc89b1d-5349-49af-b598-c7d833d8e1e0" />
    <UnitTestResult executionId="2f8387b1-6809-4da1-b8fa-b8ff55f5379c" testId="506d41c9-bfc8-bf08-1307-c55fbf29a8e5" testName="FormatToStringTest1000(15566.957545477411d,&quot;15566.96 zł&quot;)" computerName="DESKTOP-5URQ9PB" duration="00:00:00.0000190" startTime="2022-06-13T21:13:29.8091285+02:00" endTime="2022-06-13T21:13:29.8091474+02:00" testType="13cdc9d9-ddb5-4fa4-a97d-d965ccfc6d4b" outcome="Passed" testListId="8c84fa94-04c1-424b-9868-57a2d4851a1d" relativeResultsDirectory="2f8387b1-6809-4da1-b8fa-b8ff55f5379c" />
    <UnitTestResult executionId="b3f6094c-995d-4b87-96e2-6c1cba4dd157" testId="29503cc7-b010-6825-6d29-1db7cb95143d" testName="FormatToStringTest1000(47256.065730817645d,&quot;47256.07 zł&quot;)" computerName="DESKTOP-5URQ9PB" duration="00:00:00.0000180" startTime="2022-06-13T21:13:29.8126225+02:00" endTime="2022-06-13T21:13:29.8126406+02:00" testType="13cdc9d9-ddb5-4fa4-a97d-d965ccfc6d4b" outcome="Passed" testListId="8c84fa94-04c1-424b-9868-57a2d4851a1d" relativeResultsDirectory="b3f6094c-995d-4b87-96e2-6c1cba4dd157" />
    <UnitTestResult executionId="296f5383-e92b-4211-9ac0-e734b46ca66d" testId="95fed375-7969-3fff-ac7b-e41adca485dd" testName="FormatToStringTest1000(1482.3501845832682d,&quot;1482.35 zł&quot;)" computerName="DESKTOP-5URQ9PB" duration="00:00:00.0000190" startTime="2022-06-13T21:13:29.8296596+02:00" endTime="2022-06-13T21:13:29.8296788+02:00" testType="13cdc9d9-ddb5-4fa4-a97d-d965ccfc6d4b" outcome="Passed" testListId="8c84fa94-04c1-424b-9868-57a2d4851a1d" relativeResultsDirectory="296f5383-e92b-4211-9ac0-e734b46ca66d" />
    <UnitTestResult executionId="33a0ec78-e9f3-45a2-8f1b-0662cbf68054" testId="aef8a2f1-8212-2e61-b82d-81a49d106670" testName="FormatToStringTest1000(47437.74370917619d,&quot;47437.74 zł&quot;)" computerName="DESKTOP-5URQ9PB" duration="00:00:00.0000210" startTime="2022-06-13T21:13:29.8325837+02:00" endTime="2022-06-13T21:13:29.8326040+02:00" testType="13cdc9d9-ddb5-4fa4-a97d-d965ccfc6d4b" outcome="Passed" testListId="8c84fa94-04c1-424b-9868-57a2d4851a1d" relativeResultsDirectory="33a0ec78-e9f3-45a2-8f1b-0662cbf68054" />
    <UnitTestResult executionId="6e377064-7197-43c1-84a8-207a9d5687ac" testId="87886007-6727-2dc4-be03-09aefa74e875" testName="FormatToStringTest1000(29508.077101491428d,&quot;29508.08 zł&quot;)" computerName="DESKTOP-5URQ9PB" duration="00:00:00.0000190" startTime="2022-06-13T21:13:29.8099429+02:00" endTime="2022-06-13T21:13:29.8099613+02:00" testType="13cdc9d9-ddb5-4fa4-a97d-d965ccfc6d4b" outcome="Passed" testListId="8c84fa94-04c1-424b-9868-57a2d4851a1d" relativeResultsDirectory="6e377064-7197-43c1-84a8-207a9d5687ac" />
    <UnitTestResult executionId="f5ea7df5-bc84-4701-a6ab-53f5d4e906a7" testId="af3111d5-b888-5828-d92f-ad0d56c13b83" testName="FormatToStringTest1000(32051.900532446758d,&quot;32051.90 zł&quot;)" computerName="DESKTOP-5URQ9PB" duration="00:00:00.0000190" startTime="2022-06-13T21:13:29.8111959+02:00" endTime="2022-06-13T21:13:29.8112148+02:00" testType="13cdc9d9-ddb5-4fa4-a97d-d965ccfc6d4b" outcome="Passed" testListId="8c84fa94-04c1-424b-9868-57a2d4851a1d" relativeResultsDirectory="f5ea7df5-bc84-4701-a6ab-53f5d4e906a7" />
    <UnitTestResult executionId="de02c42c-9805-4bab-8541-bc94f74df7d5" testId="a9bc5968-881f-208e-3a3a-e085883b32c4" testName="FormatToStringTest1000(31391.358864880804d,&quot;31391.36 zł&quot;)" computerName="DESKTOP-5URQ9PB" duration="00:00:00.0000190" startTime="2022-06-13T21:13:29.8304276+02:00" endTime="2022-06-13T21:13:29.8304464+02:00" testType="13cdc9d9-ddb5-4fa4-a97d-d965ccfc6d4b" outcome="Passed" testListId="8c84fa94-04c1-424b-9868-57a2d4851a1d" relativeResultsDirectory="de02c42c-9805-4bab-8541-bc94f74df7d5" />
    <UnitTestResult executionId="e2316ae5-38f8-487d-803f-6793153e4ad5" testId="62f72a9e-2ef3-be6d-f944-7dcdbad45b8b" testName="FormatToStringTest1000(23980.12943509646d,&quot;23980.13 zł&quot;)" computerName="DESKTOP-5URQ9PB" duration="00:00:00.0000180" startTime="2022-06-13T21:13:29.8107986+02:00" endTime="2022-06-13T21:13:29.8108166+02:00" testType="13cdc9d9-ddb5-4fa4-a97d-d965ccfc6d4b" outcome="Passed" testListId="8c84fa94-04c1-424b-9868-57a2d4851a1d" relativeResultsDirectory="e2316ae5-38f8-487d-803f-6793153e4ad5" />
    <UnitTestResult executionId="9b79a342-138e-4114-ad8b-469f533aef48" testId="39df2f5c-e533-7912-e8a8-0244d814b70f" testName="FormatToStringTest1000(24030.724859085738d,&quot;24030.72 zł&quot;)" computerName="DESKTOP-5URQ9PB" duration="00:00:00.0000190" startTime="2022-06-13T21:13:29.8310206+02:00" endTime="2022-06-13T21:13:29.8310391+02:00" testType="13cdc9d9-ddb5-4fa4-a97d-d965ccfc6d4b" outcome="Passed" testListId="8c84fa94-04c1-424b-9868-57a2d4851a1d" relativeResultsDirectory="9b79a342-138e-4114-ad8b-469f533aef48" />
    <UnitTestResult executionId="5fecc845-5376-4a5e-ba8d-6df143cdb9b1" testId="5ec8d008-0362-0f87-55a5-ff4397c5ceeb" testName="FormatToStringTest1000(7370.518277515898d,&quot;7370.52 zł&quot;)" computerName="DESKTOP-5URQ9PB" duration="00:00:00.0000180" startTime="2022-06-13T21:13:29.8145985+02:00" endTime="2022-06-13T21:13:29.8146163+02:00" testType="13cdc9d9-ddb5-4fa4-a97d-d965ccfc6d4b" outcome="Passed" testListId="8c84fa94-04c1-424b-9868-57a2d4851a1d" relativeResultsDirectory="5fecc845-5376-4a5e-ba8d-6df143cdb9b1" />
    <UnitTestResult executionId="a7151e0e-5d02-404c-aa10-16b3a473c40e" testId="bbce4fa8-10c7-16ce-b8b0-bbab48797f43" testName="FormatToStringTest1000(3477.860963622509d,&quot;3477.86 zł&quot;)" computerName="DESKTOP-5URQ9PB" duration="00:00:00.0000200" startTime="2022-06-13T21:13:29.8291231+02:00" endTime="2022-06-13T21:13:29.8291426+02:00" testType="13cdc9d9-ddb5-4fa4-a97d-d965ccfc6d4b" outcome="Passed" testListId="8c84fa94-04c1-424b-9868-57a2d4851a1d" relativeResultsDirectory="a7151e0e-5d02-404c-aa10-16b3a473c40e" />
    <UnitTestResult executionId="711a8164-03f1-46c3-8c56-d89a1eec10ca" testId="29ce62dc-57a0-98b0-2349-436efa39dc09" testName="FormatToStringTest1000(64568.131500027666d,&quot;64568.13 zł&quot;)" computerName="DESKTOP-5URQ9PB" duration="00:00:00.0000200" startTime="2022-06-13T21:13:29.8280106+02:00" endTime="2022-06-13T21:13:29.8280304+02:00" testType="13cdc9d9-ddb5-4fa4-a97d-d965ccfc6d4b" outcome="Passed" testListId="8c84fa94-04c1-424b-9868-57a2d4851a1d" relativeResultsDirectory="711a8164-03f1-46c3-8c56-d89a1eec10ca" />
    <UnitTestResult executionId="dbb09d1b-f689-41b4-831e-6381ad573b3a" testId="3fdf9576-9d1e-7734-64c7-98030c7feb4a" testName="FormatToStringTest1000(10461.455048841171d,&quot;10461.46 zł&quot;)" computerName="DESKTOP-5URQ9PB" duration="00:00:00.0000270" startTime="2022-06-13T21:13:29.8163798+02:00" endTime="2022-06-13T21:13:29.8164071+02:00" testType="13cdc9d9-ddb5-4fa4-a97d-d965ccfc6d4b" outcome="Passed" testListId="8c84fa94-04c1-424b-9868-57a2d4851a1d" relativeResultsDirectory="dbb09d1b-f689-41b4-831e-6381ad573b3a" />
    <UnitTestResult executionId="8d73973b-d6de-4ec9-9b25-c8f7908035fa" testId="8abfbe45-c0d6-8f72-7af8-564a66d7cb48" testName="FormatToStringTest1000(1549.6599114973376d,&quot;1549.66 zł&quot;)" computerName="DESKTOP-5URQ9PB" duration="00:00:00.0000190" startTime="2022-06-13T21:13:29.8332544+02:00" endTime="2022-06-13T21:13:29.8332732+02:00" testType="13cdc9d9-ddb5-4fa4-a97d-d965ccfc6d4b" outcome="Passed" testListId="8c84fa94-04c1-424b-9868-57a2d4851a1d" relativeResultsDirectory="8d73973b-d6de-4ec9-9b25-c8f7908035fa" />
    <UnitTestResult executionId="a893098b-e297-49c6-9e23-08d2dd9d0fb9" testId="c350fedf-0a65-57f7-f133-063ae7c0e4c8" testName="FormatToStringTest1000(96261.84883437205d,&quot;96261.85 zł&quot;)" computerName="DESKTOP-5URQ9PB" duration="00:00:00.0000180" startTime="2022-06-13T21:13:29.8315860+02:00" endTime="2022-06-13T21:13:29.8316041+02:00" testType="13cdc9d9-ddb5-4fa4-a97d-d965ccfc6d4b" outcome="Passed" testListId="8c84fa94-04c1-424b-9868-57a2d4851a1d" relativeResultsDirectory="a893098b-e297-49c6-9e23-08d2dd9d0fb9" />
    <UnitTestResult executionId="0da13f99-63df-465e-890e-6280527ab674" testId="d2fc2ae7-e3b1-dc92-6628-90e5bb16c5d2" testName="FormatToStringTest1000(4419.750844657306d,&quot;4419.75 zł&quot;)" computerName="DESKTOP-5URQ9PB" duration="00:00:00.0000180" startTime="2022-06-13T21:13:29.8282921+02:00" endTime="2022-06-13T21:13:29.8283102+02:00" testType="13cdc9d9-ddb5-4fa4-a97d-d965ccfc6d4b" outcome="Passed" testListId="8c84fa94-04c1-424b-9868-57a2d4851a1d" relativeResultsDirectory="0da13f99-63df-465e-890e-6280527ab674" />
    <UnitTestResult executionId="a097b187-e55a-444d-966c-d3f77bda4589" testId="94c8a06e-3f46-89b8-1521-4663bd871343" testName="FormatToStringTest1000(51408.294679657694d,&quot;51408.29 zł&quot;)" computerName="DESKTOP-5URQ9PB" duration="00:00:00.0000180" startTime="2022-06-13T21:13:29.8125237+02:00" endTime="2022-06-13T21:13:29.8125418+02:00" testType="13cdc9d9-ddb5-4fa4-a97d-d965ccfc6d4b" outcome="Passed" testListId="8c84fa94-04c1-424b-9868-57a2d4851a1d" relativeResultsDirectory="a097b187-e55a-444d-966c-d3f77bda4589" />
    <UnitTestResult executionId="6b9dbea5-e615-4cfb-8d78-daa97139ab65" testId="0186510a-61e4-d437-2bd3-30738b03ed56" testName="FormatToStringTest1000(7716.571614765363d,&quot;7716.57 zł&quot;)" computerName="DESKTOP-5URQ9PB" duration="00:00:00.0000190" startTime="2022-06-13T21:13:29.8303513+02:00" endTime="2022-06-13T21:13:29.8303699+02:00" testType="13cdc9d9-ddb5-4fa4-a97d-d965ccfc6d4b" outcome="Passed" testListId="8c84fa94-04c1-424b-9868-57a2d4851a1d" relativeResultsDirectory="6b9dbea5-e615-4cfb-8d78-daa97139ab65" />
    <UnitTestResult executionId="4ff6eebf-2ee4-42bb-99a9-53cae303bcec" testId="859e7823-e1a7-1174-301f-2aa38167af9b" testName="FormatToStringTest1000(74851.91547305691d,&quot;74851.92 zł&quot;)" computerName="DESKTOP-5URQ9PB" duration="00:00:00.0000190" startTime="2022-06-13T21:13:29.8309702+02:00" endTime="2022-06-13T21:13:29.8309889+02:00" testType="13cdc9d9-ddb5-4fa4-a97d-d965ccfc6d4b" outcome="Passed" testListId="8c84fa94-04c1-424b-9868-57a2d4851a1d" relativeResultsDirectory="4ff6eebf-2ee4-42bb-99a9-53cae303bcec" />
    <UnitTestResult executionId="af31fc81-c8a4-4854-b8df-e3798788d49a" testId="96aa3d29-1365-f48b-4ac9-cdc761ea41b1" testName="FormatToStringTest1000(6057.842750804426d,&quot;6057.84 zł&quot;)" computerName="DESKTOP-5URQ9PB" duration="00:00:00.0000180" startTime="2022-06-13T21:13:29.8104315+02:00" endTime="2022-06-13T21:13:29.8104494+02:00" testType="13cdc9d9-ddb5-4fa4-a97d-d965ccfc6d4b" outcome="Passed" testListId="8c84fa94-04c1-424b-9868-57a2d4851a1d" relativeResultsDirectory="af31fc81-c8a4-4854-b8df-e3798788d49a" />
    <UnitTestResult executionId="8db550f4-f653-4817-8320-f1c300b8f534" testId="5fd56893-4697-a123-e3df-f5a8329247bd" testName="FormatToStringTest1000(21785.42157155528d,&quot;21785.42 zł&quot;)" computerName="DESKTOP-5URQ9PB" duration="00:00:00.0000190" startTime="2022-06-13T21:13:29.8295826+02:00" endTime="2022-06-13T21:13:29.8296013+02:00" testType="13cdc9d9-ddb5-4fa4-a97d-d965ccfc6d4b" outcome="Passed" testListId="8c84fa94-04c1-424b-9868-57a2d4851a1d" relativeResultsDirectory="8db550f4-f653-4817-8320-f1c300b8f534" />
    <UnitTestResult executionId="9385bbd5-f31d-4a88-8a1c-a0be0deb7f79" testId="d53ebf9d-a1b0-7eb1-4b91-4ab174a99cc7" testName="FormatToStringTest1000(35.34471716840971d,&quot;35.34 zł&quot;)" computerName="DESKTOP-5URQ9PB" duration="00:00:00.0000200" startTime="2022-06-13T21:13:29.8253319+02:00" endTime="2022-06-13T21:13:29.8253513+02:00" testType="13cdc9d9-ddb5-4fa4-a97d-d965ccfc6d4b" outcome="Passed" testListId="8c84fa94-04c1-424b-9868-57a2d4851a1d" relativeResultsDirectory="9385bbd5-f31d-4a88-8a1c-a0be0deb7f79" />
    <UnitTestResult executionId="b04e52c4-e1b5-4d76-9991-c124ab1e9fad" testId="0bcee855-d67d-6b06-b494-da6df454ba12" testName="FormatToStringTest1000(19208.676036795914d,&quot;19208.68 zł&quot;)" computerName="DESKTOP-5URQ9PB" duration="00:00:00.0000180" startTime="2022-06-13T21:13:29.8259930+02:00" endTime="2022-06-13T21:13:29.8260112+02:00" testType="13cdc9d9-ddb5-4fa4-a97d-d965ccfc6d4b" outcome="Passed" testListId="8c84fa94-04c1-424b-9868-57a2d4851a1d" relativeResultsDirectory="b04e52c4-e1b5-4d76-9991-c124ab1e9fad" />
    <UnitTestResult executionId="3d2eb0ae-4246-4b9a-9288-f92ff9eb762a" testId="a32b1b99-bbfe-b0ef-93c7-d7c83b53becf" testName="FormatToStringTest1000(31971.185406704986d,&quot;31971.19 zł&quot;)" computerName="DESKTOP-5URQ9PB" duration="00:00:00.0000180" startTime="2022-06-13T21:13:29.8217944+02:00" endTime="2022-06-13T21:13:29.8218126+02:00" testType="13cdc9d9-ddb5-4fa4-a97d-d965ccfc6d4b" outcome="Passed" testListId="8c84fa94-04c1-424b-9868-57a2d4851a1d" relativeResultsDirectory="3d2eb0ae-4246-4b9a-9288-f92ff9eb762a" />
    <UnitTestResult executionId="17436753-bb4a-4d3c-9eb1-6ca50f352719" testId="c51581ef-f81a-dd7d-4cbf-75770d6a883f" testName="FormatToStringTest1000(4105.490993980081d,&quot;4105.49 zł&quot;)" computerName="DESKTOP-5URQ9PB" duration="00:00:00.0000180" startTime="2022-06-13T21:13:29.8134629+02:00" endTime="2022-06-13T21:13:29.8134812+02:00" testType="13cdc9d9-ddb5-4fa4-a97d-d965ccfc6d4b" outcome="Passed" testListId="8c84fa94-04c1-424b-9868-57a2d4851a1d" relativeResultsDirectory="17436753-bb4a-4d3c-9eb1-6ca50f352719" />
    <UnitTestResult executionId="aa95ab1e-6117-417b-94a6-2c7d3a70dbd6" testId="f2281ab7-ffb9-3d10-c3a8-1aa0cd2fcbfc" testName="FormatToStringTest1000(1821.7083499085663d,&quot;1821.71 zł&quot;)" computerName="DESKTOP-5URQ9PB" duration="00:00:00.0000180" startTime="2022-06-13T21:13:29.8296854+02:00" endTime="2022-06-13T21:13:29.8297036+02:00" testType="13cdc9d9-ddb5-4fa4-a97d-d965ccfc6d4b" outcome="Passed" testListId="8c84fa94-04c1-424b-9868-57a2d4851a1d" relativeResultsDirectory="aa95ab1e-6117-417b-94a6-2c7d3a70dbd6" />
    <UnitTestResult executionId="18df2c0f-b476-4f1b-8457-86ee3b1ffc66" testId="ee6fca60-0e04-b997-dc4d-b3e46cbf895c" testName="FormatToStringTest1000(13582.47117894258d,&quot;13582.47 zł&quot;)" computerName="DESKTOP-5URQ9PB" duration="00:00:00.0000180" startTime="2022-06-13T21:13:29.8111722+02:00" endTime="2022-06-13T21:13:29.8111897+02:00" testType="13cdc9d9-ddb5-4fa4-a97d-d965ccfc6d4b" outcome="Passed" testListId="8c84fa94-04c1-424b-9868-57a2d4851a1d" relativeResultsDirectory="18df2c0f-b476-4f1b-8457-86ee3b1ffc66" />
    <UnitTestResult executionId="ccde5dbb-79b2-449a-87ab-8a35cb425695" testId="cb85c450-02e3-5db9-b93c-f905351c1d09" testName="FormatToStringTest1000(16688.70569393677d,&quot;16688.71 zł&quot;)" computerName="DESKTOP-5URQ9PB" duration="00:00:00.0000250" startTime="2022-06-13T21:13:29.8164884+02:00" endTime="2022-06-13T21:13:29.8165135+02:00" testType="13cdc9d9-ddb5-4fa4-a97d-d965ccfc6d4b" outcome="Passed" testListId="8c84fa94-04c1-424b-9868-57a2d4851a1d" relativeResultsDirectory="ccde5dbb-79b2-449a-87ab-8a35cb425695" />
    <UnitTestResult executionId="c75ac01f-1ed4-411b-81c8-c32667992727" testId="9b2f9530-d092-f9c3-dae1-2f483cfeb52d" testName="FormatToStringTest1000(16282.687804925576d,&quot;16282.69 zł&quot;)" computerName="DESKTOP-5URQ9PB" duration="00:00:00.0000180" startTime="2022-06-13T21:13:29.8110748+02:00" endTime="2022-06-13T21:13:29.8110924+02:00" testType="13cdc9d9-ddb5-4fa4-a97d-d965ccfc6d4b" outcome="Passed" testListId="8c84fa94-04c1-424b-9868-57a2d4851a1d" relativeResultsDirectory="c75ac01f-1ed4-411b-81c8-c32667992727" />
    <UnitTestResult executionId="0ce7bb1d-2850-4397-b69a-90ebb5bce064" testId="d6efedb1-9c49-9ed3-fbe1-de90224308a3" testName="FormatToStringTest1000(4139.032615562451d,&quot;4139.03 zł&quot;)" computerName="DESKTOP-5URQ9PB" duration="00:00:00.0000180" startTime="2022-06-13T21:13:29.8274441+02:00" endTime="2022-06-13T21:13:29.8274619+02:00" testType="13cdc9d9-ddb5-4fa4-a97d-d965ccfc6d4b" outcome="Passed" testListId="8c84fa94-04c1-424b-9868-57a2d4851a1d" relativeResultsDirectory="0ce7bb1d-2850-4397-b69a-90ebb5bce064" />
    <UnitTestResult executionId="5661d59f-8818-48d0-920c-acaf271501d2" testId="ba2e227c-c79f-6137-d335-88fa098146b3" testName="FormatToStringTest1000(4555.538255205163d,&quot;4555.54 zł&quot;)" computerName="DESKTOP-5URQ9PB" duration="00:00:00.0000190" startTime="2022-06-13T21:13:29.8156356+02:00" endTime="2022-06-13T21:13:29.8156541+02:00" testType="13cdc9d9-ddb5-4fa4-a97d-d965ccfc6d4b" outcome="Passed" testListId="8c84fa94-04c1-424b-9868-57a2d4851a1d" relativeResultsDirectory="5661d59f-8818-48d0-920c-acaf271501d2" />
    <UnitTestResult executionId="f23d4ca0-7f42-48cc-a0b7-d965ffddd527" testId="46b6b18f-a15f-ce32-4811-dbc67f87e551" testName="FormatToStringTest1000(9634.398811461124d,&quot;9634.40 zł&quot;)" computerName="DESKTOP-5URQ9PB" duration="00:00:00.0000210" startTime="2022-06-13T21:13:29.8289406+02:00" endTime="2022-06-13T21:13:29.8289614+02:00" testType="13cdc9d9-ddb5-4fa4-a97d-d965ccfc6d4b" outcome="Passed" testListId="8c84fa94-04c1-424b-9868-57a2d4851a1d" relativeResultsDirectory="f23d4ca0-7f42-48cc-a0b7-d965ffddd527" />
    <UnitTestResult executionId="20fce4c9-bdf3-4116-bccc-c756ae24cff0" testId="d54410c1-a007-adf6-a1dc-8caa96e947a3" testName="FormatToStringTest1000(49037.8109120586d,&quot;49037.81 zł&quot;)" computerName="DESKTOP-5URQ9PB" duration="00:00:00.0000190" startTime="2022-06-13T21:13:29.8312968+02:00" endTime="2022-06-13T21:13:29.8313157+02:00" testType="13cdc9d9-ddb5-4fa4-a97d-d965ccfc6d4b" outcome="Passed" testListId="8c84fa94-04c1-424b-9868-57a2d4851a1d" relativeResultsDirectory="20fce4c9-bdf3-4116-bccc-c756ae24cff0" />
    <UnitTestResult executionId="6035d404-0310-4c25-a77e-a757286d7bae" testId="ed9a5b1b-624c-3396-5757-abd8e668541b" testName="FormatToStringTest1000(2435.1995505835857d,&quot;2435.20 zł&quot;)" computerName="DESKTOP-5URQ9PB" duration="00:00:00.0000180" startTime="2022-06-13T21:13:29.8115858+02:00" endTime="2022-06-13T21:13:29.8116034+02:00" testType="13cdc9d9-ddb5-4fa4-a97d-d965ccfc6d4b" outcome="Passed" testListId="8c84fa94-04c1-424b-9868-57a2d4851a1d" relativeResultsDirectory="6035d404-0310-4c25-a77e-a757286d7bae" />
    <UnitTestResult executionId="c8469782-b68d-4a7c-bf15-f74e5f01053f" testId="71a2762b-d8da-32e7-80e0-7c170fef2ac7" testName="FormatToStringTest1000(54724.71040318008d,&quot;54724.71 zł&quot;)" computerName="DESKTOP-5URQ9PB" duration="00:00:00.0000200" startTime="2022-06-13T21:13:29.8120797+02:00" endTime="2022-06-13T21:13:29.8120991+02:00" testType="13cdc9d9-ddb5-4fa4-a97d-d965ccfc6d4b" outcome="Passed" testListId="8c84fa94-04c1-424b-9868-57a2d4851a1d" relativeResultsDirectory="c8469782-b68d-4a7c-bf15-f74e5f01053f" />
    <UnitTestResult executionId="16befeef-5fc3-4718-8ecd-1d4bafd0b9af" testId="f7f48920-cf43-fd74-5fcd-5b275d41553a" testName="FormatToStringTest1000(69864.17463991146d,&quot;69864.17 zł&quot;)" computerName="DESKTOP-5URQ9PB" duration="00:00:00.0000190" startTime="2022-06-13T21:13:29.8093487+02:00" endTime="2022-06-13T21:13:29.8093672+02:00" testType="13cdc9d9-ddb5-4fa4-a97d-d965ccfc6d4b" outcome="Passed" testListId="8c84fa94-04c1-424b-9868-57a2d4851a1d" relativeResultsDirectory="16befeef-5fc3-4718-8ecd-1d4bafd0b9af" />
    <UnitTestResult executionId="7da735e1-3bea-46c5-85ac-6ae9a4a32f30" testId="6b24d61a-9019-1031-1c97-d03508d4eb29" testName="FormatToStringTest1000(5759.256266560991d,&quot;5759.26 zł&quot;)" computerName="DESKTOP-5URQ9PB" duration="00:00:00.0000180" startTime="2022-06-13T21:13:29.8219837+02:00" endTime="2022-06-13T21:13:29.8220020+02:00" testType="13cdc9d9-ddb5-4fa4-a97d-d965ccfc6d4b" outcome="Passed" testListId="8c84fa94-04c1-424b-9868-57a2d4851a1d" relativeResultsDirectory="7da735e1-3bea-46c5-85ac-6ae9a4a32f30" />
    <UnitTestResult executionId="dd4ffbb4-ca88-4689-aa93-9416eafb265c" testId="0ebe3939-f18c-dec0-703f-01349ca5c1ad" testName="FormatToStringTest1000(1676.7913981754293d,&quot;1676.79 zł&quot;)" computerName="DESKTOP-5URQ9PB" duration="00:00:00.0000180" startTime="2022-06-13T21:13:29.8232086+02:00" endTime="2022-06-13T21:13:29.8232265+02:00" testType="13cdc9d9-ddb5-4fa4-a97d-d965ccfc6d4b" outcome="Passed" testListId="8c84fa94-04c1-424b-9868-57a2d4851a1d" relativeResultsDirectory="dd4ffbb4-ca88-4689-aa93-9416eafb265c" />
    <UnitTestResult executionId="1b1ece03-226b-4cd2-ae7b-1e9d4f5b4c03" testId="10d9efba-c25c-4837-b4ca-c51dd97ac398" testName="FormatToStringTest1000(24308.26523149212d,&quot;24308.27 zł&quot;)" computerName="DESKTOP-5URQ9PB" duration="00:00:00.0000180" startTime="2022-06-13T21:13:29.8317619+02:00" endTime="2022-06-13T21:13:29.8317800+02:00" testType="13cdc9d9-ddb5-4fa4-a97d-d965ccfc6d4b" outcome="Passed" testListId="8c84fa94-04c1-424b-9868-57a2d4851a1d" relativeResultsDirectory="1b1ece03-226b-4cd2-ae7b-1e9d4f5b4c03" />
    <UnitTestResult executionId="59e0f245-ce43-40e7-b5f7-485790ae2338" testId="d8dd6fae-802b-a606-14b3-f77add91cde3" testName="FormatToStringTest1000(1300.9430775404642d,&quot;1300.94 zł&quot;)" computerName="DESKTOP-5URQ9PB" duration="00:00:00.0448020" startTime="2022-06-13T21:13:29.7605904+02:00" endTime="2022-06-13T21:13:29.8053014+02:00" testType="13cdc9d9-ddb5-4fa4-a97d-d965ccfc6d4b" outcome="Passed" testListId="8c84fa94-04c1-424b-9868-57a2d4851a1d" relativeResultsDirectory="59e0f245-ce43-40e7-b5f7-485790ae2338" />
    <UnitTestResult executionId="449824ba-4d8d-4dbf-97be-db169da89afe" testId="7e45dd7d-e48e-5c57-3fb0-37befdf85fdc" testName="FormatToStringTest1000(8492.904747505161d,&quot;8492.90 zł&quot;)" computerName="DESKTOP-5URQ9PB" duration="00:00:00.0000180" startTime="2022-06-13T21:13:29.8275696+02:00" endTime="2022-06-13T21:13:29.8275874+02:00" testType="13cdc9d9-ddb5-4fa4-a97d-d965ccfc6d4b" outcome="Passed" testListId="8c84fa94-04c1-424b-9868-57a2d4851a1d" relativeResultsDirectory="449824ba-4d8d-4dbf-97be-db169da89afe" />
    <UnitTestResult executionId="48883ced-31b4-4291-99a0-02b9f566688c" testId="c0986095-fb5a-1e8a-a8d8-e6dfbaed61c5" testName="FormatToStringTest1000(15742.409864349947d,&quot;15742.41 zł&quot;)" computerName="DESKTOP-5URQ9PB" duration="00:00:00.0000180" startTime="2022-06-13T21:13:29.8231340+02:00" endTime="2022-06-13T21:13:29.8231520+02:00" testType="13cdc9d9-ddb5-4fa4-a97d-d965ccfc6d4b" outcome="Passed" testListId="8c84fa94-04c1-424b-9868-57a2d4851a1d" relativeResultsDirectory="48883ced-31b4-4291-99a0-02b9f566688c" />
    <UnitTestResult executionId="22f2785b-9820-4583-bf32-33b3c872946c" testId="216fae5e-208d-f8b3-f0d1-bbf3d8af265f" testName="FormatToStringTest1000(35145.379208063416d,&quot;35145.38 zł&quot;)" computerName="DESKTOP-5URQ9PB" duration="00:00:00.0000190" startTime="2022-06-13T21:13:29.8092512+02:00" endTime="2022-06-13T21:13:29.8092699+02:00" testType="13cdc9d9-ddb5-4fa4-a97d-d965ccfc6d4b" outcome="Passed" testListId="8c84fa94-04c1-424b-9868-57a2d4851a1d" relativeResultsDirectory="22f2785b-9820-4583-bf32-33b3c872946c" />
    <UnitTestResult executionId="039b314f-412e-40f4-87fb-dd55260e84bf" testId="45e81eff-7762-2319-5d11-e20e90ac1295" testName="FormatToStringTest1000(29796.909338079815d,&quot;29796.91 zł&quot;)" computerName="DESKTOP-5URQ9PB" duration="00:00:00.0000190" startTime="2022-06-13T21:13:29.8334312+02:00" endTime="2022-06-13T21:13:29.8334502+02:00" testType="13cdc9d9-ddb5-4fa4-a97d-d965ccfc6d4b" outcome="Passed" testListId="8c84fa94-04c1-424b-9868-57a2d4851a1d" relativeResultsDirectory="039b314f-412e-40f4-87fb-dd55260e84bf" />
    <UnitTestResult executionId="bff05759-b75d-497a-86ca-ded305d5b696" testId="9a937ae8-d764-8210-812b-522cffbf8c6f" testName="FormatToStringTest1000(45739.569854490255d,&quot;45739.57 zł&quot;)" computerName="DESKTOP-5URQ9PB" duration="00:00:00.0000190" startTime="2022-06-13T21:13:29.8297600+02:00" endTime="2022-06-13T21:13:29.8297784+02:00" testType="13cdc9d9-ddb5-4fa4-a97d-d965ccfc6d4b" outcome="Passed" testListId="8c84fa94-04c1-424b-9868-57a2d4851a1d" relativeResultsDirectory="bff05759-b75d-497a-86ca-ded305d5b696" />
    <UnitTestResult executionId="4f35c458-8e19-4697-bcae-4578c47ed79e" testId="47ec5c64-268b-824f-d637-17f43470b17c" testName="FormatToStringTest1000(12283.48626129026d,&quot;12283.49 zł&quot;)" computerName="DESKTOP-5URQ9PB" duration="00:00:00.0000300" startTime="2022-06-13T21:13:29.8161204+02:00" endTime="2022-06-13T21:13:29.8161506+02:00" testType="13cdc9d9-ddb5-4fa4-a97d-d965ccfc6d4b" outcome="Passed" testListId="8c84fa94-04c1-424b-9868-57a2d4851a1d" relativeResultsDirectory="4f35c458-8e19-4697-bcae-4578c47ed79e" />
    <UnitTestResult executionId="b5fd7ba6-07f8-4bc7-be49-9682dce81014" testId="bb7e4fc8-2bb1-dbaf-8cdd-5d93ef915f61" testName="FormatToStringTest1000(28298.945361683585d,&quot;28298.95 zł&quot;)" computerName="DESKTOP-5URQ9PB" duration="00:00:00.0000190" startTime="2022-06-13T21:13:29.8215383+02:00" endTime="2022-06-13T21:13:29.8215567+02:00" testType="13cdc9d9-ddb5-4fa4-a97d-d965ccfc6d4b" outcome="Passed" testListId="8c84fa94-04c1-424b-9868-57a2d4851a1d" relativeResultsDirectory="b5fd7ba6-07f8-4bc7-be49-9682dce81014" />
    <UnitTestResult executionId="c3e6205d-41bf-4fbe-a813-f94814402356" testId="dbb1fa1a-a5ee-99ca-9749-48d31eb98113" testName="FormatToStringTest1000(25720.27551496321d,&quot;25720.28 zł&quot;)" computerName="DESKTOP-5URQ9PB" duration="00:00:00.0000190" startTime="2022-06-13T21:13:29.8131678+02:00" endTime="2022-06-13T21:13:29.8131866+02:00" testType="13cdc9d9-ddb5-4fa4-a97d-d965ccfc6d4b" outcome="Passed" testListId="8c84fa94-04c1-424b-9868-57a2d4851a1d" relativeResultsDirectory="c3e6205d-41bf-4fbe-a813-f94814402356" />
    <UnitTestResult executionId="95d1a041-e45a-4baa-ae1a-934aff828083" testId="f33cb892-3679-fe31-40d8-b78f43a0c80f" testName="FormatToStringTest1000(4554.73912809777d,&quot;4554.74 zł&quot;)" computerName="DESKTOP-5URQ9PB" duration="00:00:00.0000180" startTime="2022-06-13T21:13:29.8231838+02:00" endTime="2022-06-13T21:13:29.8232020+02:00" testType="13cdc9d9-ddb5-4fa4-a97d-d965ccfc6d4b" outcome="Passed" testListId="8c84fa94-04c1-424b-9868-57a2d4851a1d" relativeResultsDirectory="95d1a041-e45a-4baa-ae1a-934aff828083" />
    <UnitTestResult executionId="edbcf9ea-be32-4a2f-8ad9-d799c9ed3886" testId="1e5c078d-f94d-c926-473c-575e7ad77b95" testName="FormatToStringTest1000(2409.393997763001d,&quot;2409.39 zł&quot;)" computerName="DESKTOP-5URQ9PB" duration="00:00:00.0000180" startTime="2022-06-13T21:13:29.8105785+02:00" endTime="2022-06-13T21:13:29.8105963+02:00" testType="13cdc9d9-ddb5-4fa4-a97d-d965ccfc6d4b" outcome="Passed" testListId="8c84fa94-04c1-424b-9868-57a2d4851a1d" relativeResultsDirectory="edbcf9ea-be32-4a2f-8ad9-d799c9ed3886" />
    <UnitTestResult executionId="0eb44ecd-e017-484f-bea2-a00b156f7a9f" testId="1b0d351a-508f-0807-0c94-56d657ae1623" testName="FormatToStringTest1000(43799.04472166535d,&quot;43799.04 zł&quot;)" computerName="DESKTOP-5URQ9PB" duration="00:00:00.0000290" startTime="2022-06-13T21:13:29.8180621+02:00" endTime="2022-06-13T21:13:29.8180906+02:00" testType="13cdc9d9-ddb5-4fa4-a97d-d965ccfc6d4b" outcome="Passed" testListId="8c84fa94-04c1-424b-9868-57a2d4851a1d" relativeResultsDirectory="0eb44ecd-e017-484f-bea2-a00b156f7a9f" />
    <UnitTestResult executionId="cb5a6ef3-2fe7-4d9c-8b38-b66a629facab" testId="ef53e72d-a746-f7fd-4dfa-41ab2ce4fb60" testName="FormatToStringTest1000(15190.097283723344d,&quot;15190.10 zł&quot;)" computerName="DESKTOP-5URQ9PB" duration="00:00:00.0000190" startTime="2022-06-13T21:13:29.8302753+02:00" endTime="2022-06-13T21:13:29.8302944+02:00" testType="13cdc9d9-ddb5-4fa4-a97d-d965ccfc6d4b" outcome="Passed" testListId="8c84fa94-04c1-424b-9868-57a2d4851a1d" relativeResultsDirectory="cb5a6ef3-2fe7-4d9c-8b38-b66a629facab" />
    <UnitTestResult executionId="e422f89f-fa39-4c62-9549-51d2db419633" testId="c565182f-b75e-4a8b-1a2d-674dce2fa509" testName="FormatToStringTest1000(386.358918903097d,&quot;386.36 zł&quot;)" computerName="DESKTOP-5URQ9PB" duration="00:00:00.0000180" startTime="2022-06-13T21:13:29.8145493+02:00" endTime="2022-06-13T21:13:29.8145675+02:00" testType="13cdc9d9-ddb5-4fa4-a97d-d965ccfc6d4b" outcome="Passed" testListId="8c84fa94-04c1-424b-9868-57a2d4851a1d" relativeResultsDirectory="e422f89f-fa39-4c62-9549-51d2db419633" />
    <UnitTestResult executionId="d7030062-4688-4658-8ce4-32ae9df0d849" testId="be961a03-49b0-93a8-a575-29626617f5f3" testName="FormatToStringTest1000(23023.74724929768d,&quot;23023.75 zł&quot;)" computerName="DESKTOP-5URQ9PB" duration="00:00:00.0000190" startTime="2022-06-13T21:13:29.8233093+02:00" endTime="2022-06-13T21:13:29.8233278+02:00" testType="13cdc9d9-ddb5-4fa4-a97d-d965ccfc6d4b" outcome="Passed" testListId="8c84fa94-04c1-424b-9868-57a2d4851a1d" relativeResultsDirectory="d7030062-4688-4658-8ce4-32ae9df0d849" />
    <UnitTestResult executionId="0ec9ff31-e2c3-416d-a982-3817080d255b" testId="193f831d-c7c9-ac41-bc1b-9798c85535ca" testName="FormatToStringTest1000(26529.10838037036d,&quot;26529.11 zł&quot;)" computerName="DESKTOP-5URQ9PB" duration="00:00:00.0000190" startTime="2022-06-13T21:13:29.8325584+02:00" endTime="2022-06-13T21:13:29.8325769+02:00" testType="13cdc9d9-ddb5-4fa4-a97d-d965ccfc6d4b" outcome="Passed" testListId="8c84fa94-04c1-424b-9868-57a2d4851a1d" relativeResultsDirectory="0ec9ff31-e2c3-416d-a982-3817080d255b" />
    <UnitTestResult executionId="8fcc762d-4e5e-452f-ac8b-ba56d14b247e" testId="605c2bc0-4496-0f02-aeff-a229323c4be4" testName="FormatToStringTest1000(54578.37303904275d,&quot;54578.37 zł&quot;)" computerName="DESKTOP-5URQ9PB" duration="00:00:00.0000190" startTime="2022-06-13T21:13:29.8144008+02:00" endTime="2022-06-13T21:13:29.8144195+02:00" testType="13cdc9d9-ddb5-4fa4-a97d-d965ccfc6d4b" outcome="Passed" testListId="8c84fa94-04c1-424b-9868-57a2d4851a1d" relativeResultsDirectory="8fcc762d-4e5e-452f-ac8b-ba56d14b247e" />
    <UnitTestResult executionId="0cf20b0e-6a94-4059-812c-c1d970e9c622" testId="7a0cd811-1188-4526-31f2-d266b41de2aa" testName="FormatToStringTest1000(10495.622655484185d,&quot;10495.62 zł&quot;)" computerName="DESKTOP-5URQ9PB" duration="00:00:00.0000190" startTime="2022-06-13T21:13:29.8252816+02:00" endTime="2022-06-13T21:13:29.8253007+02:00" testType="13cdc9d9-ddb5-4fa4-a97d-d965ccfc6d4b" outcome="Passed" testListId="8c84fa94-04c1-424b-9868-57a2d4851a1d" relativeResultsDirectory="0cf20b0e-6a94-4059-812c-c1d970e9c622" />
    <UnitTestResult executionId="ac45e246-3cfe-4f8a-8afb-5a883941ceef" testId="7a0e454f-7db2-d7d6-0df6-561708317bba" testName="FormatToStringTest1000(20116.958341299072d,&quot;20116.96 zł&quot;)" computerName="DESKTOP-5URQ9PB" duration="00:00:00.0000180" startTime="2022-06-13T21:13:29.8260432+02:00" endTime="2022-06-13T21:13:29.8260615+02:00" testType="13cdc9d9-ddb5-4fa4-a97d-d965ccfc6d4b" outcome="Passed" testListId="8c84fa94-04c1-424b-9868-57a2d4851a1d" relativeResultsDirectory="ac45e246-3cfe-4f8a-8afb-5a883941ceef" />
    <UnitTestResult executionId="e082913a-2be5-4401-b9e9-f66ded80ae27" testId="a2988576-488b-e6d4-a498-af48b96efbdb" testName="FormatToStringTest1000(24570.65594858893d,&quot;24570.66 zł&quot;)" computerName="DESKTOP-5URQ9PB" duration="00:00:00.0000180" startTime="2022-06-13T21:13:29.8126954+02:00" endTime="2022-06-13T21:13:29.8127131+02:00" testType="13cdc9d9-ddb5-4fa4-a97d-d965ccfc6d4b" outcome="Passed" testListId="8c84fa94-04c1-424b-9868-57a2d4851a1d" relativeResultsDirectory="e082913a-2be5-4401-b9e9-f66ded80ae27" />
    <UnitTestResult executionId="69da989b-d78e-45de-ba54-2f97ed2e57bd" testId="617c3175-15cb-3321-36a3-871fc366b75b" testName="FormatToStringTest1000(14137.400697779563d,&quot;14137.40 zł&quot;)" computerName="DESKTOP-5URQ9PB" duration="00:00:00.0000190" startTime="2022-06-13T21:13:29.8339480+02:00" endTime="2022-06-13T21:13:29.8339666+02:00" testType="13cdc9d9-ddb5-4fa4-a97d-d965ccfc6d4b" outcome="Passed" testListId="8c84fa94-04c1-424b-9868-57a2d4851a1d" relativeResultsDirectory="69da989b-d78e-45de-ba54-2f97ed2e57bd" />
    <UnitTestResult executionId="af73b848-2f49-4de0-96b1-3f044213e366" testId="b707b6dd-6efb-76f3-be89-5a3ace5192c9" testName="FormatToStringTest1000(8599.45217413616d,&quot;8599.45 zł&quot;)" computerName="DESKTOP-5URQ9PB" duration="00:00:00.0000180" startTime="2022-06-13T21:13:29.8112210+02:00" endTime="2022-06-13T21:13:29.8112391+02:00" testType="13cdc9d9-ddb5-4fa4-a97d-d965ccfc6d4b" outcome="Passed" testListId="8c84fa94-04c1-424b-9868-57a2d4851a1d" relativeResultsDirectory="af73b848-2f49-4de0-96b1-3f044213e366" />
    <UnitTestResult executionId="6f0fa3f2-80ca-474c-9b8f-c9e49ace3c52" testId="6320276e-3624-3a1c-7afd-537de60f89db" testName="FormatToStringTest1000(13402.882692040355d,&quot;13402.88 zł&quot;)" computerName="DESKTOP-5URQ9PB" duration="00:00:00.0000200" startTime="2022-06-13T21:13:29.8294806+02:00" endTime="2022-06-13T21:13:29.8295006+02:00" testType="13cdc9d9-ddb5-4fa4-a97d-d965ccfc6d4b" outcome="Passed" testListId="8c84fa94-04c1-424b-9868-57a2d4851a1d" relativeResultsDirectory="6f0fa3f2-80ca-474c-9b8f-c9e49ace3c52" />
    <UnitTestResult executionId="c247a137-4182-4d02-a65d-b6c93bce2792" testId="66fdc644-297b-3f5c-4f4a-cb900d8c28d6" testName="FormatToStringTest1000(13375.96341587415d,&quot;13375.96 zł&quot;)" computerName="DESKTOP-5URQ9PB" duration="00:00:00.0000190" startTime="2022-06-13T21:13:29.8284706+02:00" endTime="2022-06-13T21:13:29.8284891+02:00" testType="13cdc9d9-ddb5-4fa4-a97d-d965ccfc6d4b" outcome="Passed" testListId="8c84fa94-04c1-424b-9868-57a2d4851a1d" relativeResultsDirectory="c247a137-4182-4d02-a65d-b6c93bce2792" />
    <UnitTestResult executionId="cc9e6614-55e4-4c40-b17d-d5673e434e58" testId="aeefe3bf-b956-1766-ab65-91503c288180" testName="FormatToStringTest1000(16986.338876065027d,&quot;16986.34 zł&quot;)" computerName="DESKTOP-5URQ9PB" duration="00:00:00.0000180" startTime="2022-06-13T21:13:29.8083633+02:00" endTime="2022-06-13T21:13:29.8083811+02:00" testType="13cdc9d9-ddb5-4fa4-a97d-d965ccfc6d4b" outcome="Passed" testListId="8c84fa94-04c1-424b-9868-57a2d4851a1d" relativeResultsDirectory="cc9e6614-55e4-4c40-b17d-d5673e434e58" />
    <UnitTestResult executionId="c0da51a1-8e70-41c8-acab-8ff0e4db2d7e" testId="1e6f2372-9d34-e630-93c8-967c7d09f6b9" testName="FormatToStringTest1000(93775.33090185716d,&quot;93775.33 zł&quot;)" computerName="DESKTOP-5URQ9PB" duration="00:00:00.0000180" startTime="2022-06-13T21:13:29.8252051+02:00" endTime="2022-06-13T21:13:29.8252233+02:00" testType="13cdc9d9-ddb5-4fa4-a97d-d965ccfc6d4b" outcome="Passed" testListId="8c84fa94-04c1-424b-9868-57a2d4851a1d" relativeResultsDirectory="c0da51a1-8e70-41c8-acab-8ff0e4db2d7e" />
    <UnitTestResult executionId="881a9ed7-119c-4d24-9b46-cf22f5eb28e4" testId="d33250cc-856d-72f0-98a8-7c84be2f792c" testName="FormatToStringTest1000(24024.14691439557d,&quot;24024.15 zł&quot;)" computerName="DESKTOP-5URQ9PB" duration="00:00:00.0000180" startTime="2022-06-13T21:13:29.8141805+02:00" endTime="2022-06-13T21:13:29.8141984+02:00" testType="13cdc9d9-ddb5-4fa4-a97d-d965ccfc6d4b" outcome="Passed" testListId="8c84fa94-04c1-424b-9868-57a2d4851a1d" relativeResultsDirectory="881a9ed7-119c-4d24-9b46-cf22f5eb28e4" />
    <UnitTestResult executionId="b19608e6-dd64-43f9-8ca6-4c7b179a9b7a" testId="a66db8ec-8bb4-14b5-d72b-619fdbf967a5" testName="FormatToStringTest1000(75350.77330865282d,&quot;75350.77 zł&quot;)" computerName="DESKTOP-5URQ9PB" duration="00:00:00.0000180" startTime="2022-06-13T21:13:29.8093735+02:00" endTime="2022-06-13T21:13:29.8093915+02:00" testType="13cdc9d9-ddb5-4fa4-a97d-d965ccfc6d4b" outcome="Passed" testListId="8c84fa94-04c1-424b-9868-57a2d4851a1d" relativeResultsDirectory="b19608e6-dd64-43f9-8ca6-4c7b179a9b7a" />
    <UnitTestResult executionId="da5d2b7d-b4ed-4e92-883c-0a20fb7b61f2" testId="2b18aff2-35ed-39eb-0869-97e8dcc5f3f1" testName="FormatToStringTest1000(2216.881526520886d,&quot;2216.88 zł&quot;)" computerName="DESKTOP-5URQ9PB" duration="00:00:00.0000190" startTime="2022-06-13T21:13:29.8263720+02:00" endTime="2022-06-13T21:13:29.8263912+02:00" testType="13cdc9d9-ddb5-4fa4-a97d-d965ccfc6d4b" outcome="Passed" testListId="8c84fa94-04c1-424b-9868-57a2d4851a1d" relativeResultsDirectory="da5d2b7d-b4ed-4e92-883c-0a20fb7b61f2" />
    <UnitTestResult executionId="35e92c01-fd30-40c5-a6b8-44b823035436" testId="e88588cc-8ef9-e4ad-51dd-2a16e11570f5" testName="FormatToStringTest1000(6809.40195803037d,&quot;6809.40 zł&quot;)" computerName="DESKTOP-5URQ9PB" duration="00:00:00.0001410" startTime="2022-06-13T21:13:29.8070038+02:00" endTime="2022-06-13T21:13:29.8071440+02:00" testType="13cdc9d9-ddb5-4fa4-a97d-d965ccfc6d4b" outcome="Passed" testListId="8c84fa94-04c1-424b-9868-57a2d4851a1d" relativeResultsDirectory="35e92c01-fd30-40c5-a6b8-44b823035436" />
    <UnitTestResult executionId="71987f8c-d35e-436a-8b69-f15b3034be81" testId="5d21865c-ab0e-9a36-1301-7cb3ba2d4618" testName="FormatToStringTest1000(26215.613055301183d,&quot;26215.61 zł&quot;)" computerName="DESKTOP-5URQ9PB" duration="00:00:00.0000190" startTime="2022-06-13T21:13:29.8238389+02:00" endTime="2022-06-13T21:13:29.8238581+02:00" testType="13cdc9d9-ddb5-4fa4-a97d-d965ccfc6d4b" outcome="Passed" testListId="8c84fa94-04c1-424b-9868-57a2d4851a1d" relativeResultsDirectory="71987f8c-d35e-436a-8b69-f15b3034be81" />
    <UnitTestResult executionId="25184298-6a87-492b-bd94-00667a197cb9" testId="39e2492b-a588-79ac-add5-4d0176982180" testName="FormatToStringTest1000(32863.31705269558d,&quot;32863.32 zł&quot;)" computerName="DESKTOP-5URQ9PB" duration="00:00:00.0000200" startTime="2022-06-13T21:13:29.8284438+02:00" endTime="2022-06-13T21:13:29.8284639+02:00" testType="13cdc9d9-ddb5-4fa4-a97d-d965ccfc6d4b" outcome="Passed" testListId="8c84fa94-04c1-424b-9868-57a2d4851a1d" relativeResultsDirectory="25184298-6a87-492b-bd94-00667a197cb9" />
    <UnitTestResult executionId="81397456-e99a-40e5-855f-349a1016fe2e" testId="70f1979c-5fec-f41c-4467-96ed1c16b145" testName="FormatToStringTest1000(12831.146874380833d,&quot;12831.15 zł&quot;)" computerName="DESKTOP-5URQ9PB" duration="00:00:00.0000280" startTime="2022-06-13T21:13:29.8186633+02:00" endTime="2022-06-13T21:13:29.8186908+02:00" testType="13cdc9d9-ddb5-4fa4-a97d-d965ccfc6d4b" outcome="Passed" testListId="8c84fa94-04c1-424b-9868-57a2d4851a1d" relativeResultsDirectory="81397456-e99a-40e5-855f-349a1016fe2e" />
    <UnitTestResult executionId="1ff09085-a160-4973-9e84-9a206aa3bb31" testId="ea0b7c7a-ce24-46f7-0862-63029307593e" testName="FormatToStringTest1000(2339.5873176472205d,&quot;2339.59 zł&quot;)" computerName="DESKTOP-5URQ9PB" duration="00:00:00.0000290" startTime="2022-06-13T21:13:29.8201173+02:00" endTime="2022-06-13T21:13:29.8201456+02:00" testType="13cdc9d9-ddb5-4fa4-a97d-d965ccfc6d4b" outcome="Passed" testListId="8c84fa94-04c1-424b-9868-57a2d4851a1d" relativeResultsDirectory="1ff09085-a160-4973-9e84-9a206aa3bb31" />
    <UnitTestResult executionId="09668a87-dad3-42a5-a8cd-55b7a698789e" testId="66cfeda0-e2cf-f1fc-0d88-eef5b227e59f" testName="FormatToStringTest1000(23612.114499758984d,&quot;23612.11 zł&quot;)" computerName="DESKTOP-5URQ9PB" duration="00:00:00.0000180" startTime="2022-06-13T21:13:29.8139585+02:00" endTime="2022-06-13T21:13:29.8139765+02:00" testType="13cdc9d9-ddb5-4fa4-a97d-d965ccfc6d4b" outcome="Passed" testListId="8c84fa94-04c1-424b-9868-57a2d4851a1d" relativeResultsDirectory="09668a87-dad3-42a5-a8cd-55b7a698789e" />
    <UnitTestResult executionId="cc834125-a474-4c54-943c-e67879fd8fd1" testId="96997772-f691-ce37-8af7-583f0500af76" testName="FormatToStringTest1000(6429.44273095552d,&quot;6429.44 zł&quot;)" computerName="DESKTOP-5URQ9PB" duration="00:00:00.0000250" startTime="2022-06-13T21:13:29.8184735+02:00" endTime="2022-06-13T21:13:29.8184980+02:00" testType="13cdc9d9-ddb5-4fa4-a97d-d965ccfc6d4b" outcome="Passed" testListId="8c84fa94-04c1-424b-9868-57a2d4851a1d" relativeResultsDirectory="cc834125-a474-4c54-943c-e67879fd8fd1" />
    <UnitTestResult executionId="5a880605-20e6-4ece-86bb-7c74a456e0fe" testId="333aaef5-a204-ff89-a246-bb5035b09f90" testName="FormatToStringTest1000(8013.1229931903645d,&quot;8013.12 zł&quot;)" computerName="DESKTOP-5URQ9PB" duration="00:00:00.0000200" startTime="2022-06-13T21:13:29.8307060+02:00" endTime="2022-06-13T21:13:29.8307258+02:00" testType="13cdc9d9-ddb5-4fa4-a97d-d965ccfc6d4b" outcome="Passed" testListId="8c84fa94-04c1-424b-9868-57a2d4851a1d" relativeResultsDirectory="5a880605-20e6-4ece-86bb-7c74a456e0fe" />
    <UnitTestResult executionId="e264d56b-c270-42ac-ad86-fe6b675827e2" testId="7ac2c24b-6445-4ff2-9faa-1ce73a74728d" testName="FormatToStringTest1000(14635.510547500808d,&quot;14635.51 zł&quot;)" computerName="DESKTOP-5URQ9PB" duration="00:00:00.0000240" startTime="2022-06-13T21:13:29.8250444+02:00" endTime="2022-06-13T21:13:29.8250686+02:00" testType="13cdc9d9-ddb5-4fa4-a97d-d965ccfc6d4b" outcome="Passed" testListId="8c84fa94-04c1-424b-9868-57a2d4851a1d" relativeResultsDirectory="e264d56b-c270-42ac-ad86-fe6b675827e2" />
    <UnitTestResult executionId="50b8b6ac-1059-4237-98a0-56efb31cc0c3" testId="ae5c211a-4af1-929a-38fa-5c9b4f30973f" testName="FormatToStringTest1000(30626.373939456127d,&quot;30626.37 zł&quot;)" computerName="DESKTOP-5URQ9PB" duration="00:00:00.0000180" startTime="2022-06-13T21:13:29.8097911+02:00" endTime="2022-06-13T21:13:29.8098088+02:00" testType="13cdc9d9-ddb5-4fa4-a97d-d965ccfc6d4b" outcome="Passed" testListId="8c84fa94-04c1-424b-9868-57a2d4851a1d" relativeResultsDirectory="50b8b6ac-1059-4237-98a0-56efb31cc0c3" />
    <UnitTestResult executionId="8342ce9b-833d-4cef-ab24-f4f0a0b7ae75" testId="d38b1856-f9a8-d9e7-be29-662b96640b5b" testName="FormatToStringTest1000(20497.107923553376d,&quot;20497.11 zł&quot;)" computerName="DESKTOP-5URQ9PB" duration="00:00:00.0000190" startTime="2022-06-13T21:13:29.8314807+02:00" endTime="2022-06-13T21:13:29.8314993+02:00" testType="13cdc9d9-ddb5-4fa4-a97d-d965ccfc6d4b" outcome="Passed" testListId="8c84fa94-04c1-424b-9868-57a2d4851a1d" relativeResultsDirectory="8342ce9b-833d-4cef-ab24-f4f0a0b7ae75" />
    <UnitTestResult executionId="fb1ca6c2-b9e3-4b2b-9b84-cee46f1db5e3" testId="b2a12e1f-5796-ca8b-404b-61553a46fbc5" testName="FormatToStringTest1000(1187.8237780126854d,&quot;1187.82 zł&quot;)" computerName="DESKTOP-5URQ9PB" duration="00:00:00.0000210" startTime="2022-06-13T21:13:29.8289937+02:00" endTime="2022-06-13T21:13:29.8290144+02:00" testType="13cdc9d9-ddb5-4fa4-a97d-d965ccfc6d4b" outcome="Passed" testListId="8c84fa94-04c1-424b-9868-57a2d4851a1d" relativeResultsDirectory="fb1ca6c2-b9e3-4b2b-9b84-cee46f1db5e3" />
    <UnitTestResult executionId="ee1c90ae-0668-4f3b-b208-f0a4be63b215" testId="32010eb0-88b3-7f9e-a459-fb524fc932d7" testName="FormatToStringTest1000(34242.181005260056d,&quot;34242.18 zł&quot;)" computerName="DESKTOP-5URQ9PB" duration="00:00:00.0000210" startTime="2022-06-13T21:13:29.8247984+02:00" endTime="2022-06-13T21:13:29.8248188+02:00" testType="13cdc9d9-ddb5-4fa4-a97d-d965ccfc6d4b" outcome="Passed" testListId="8c84fa94-04c1-424b-9868-57a2d4851a1d" relativeResultsDirectory="ee1c90ae-0668-4f3b-b208-f0a4be63b215" />
    <UnitTestResult executionId="36f980de-7658-4341-8a92-c14bb63134aa" testId="0be37416-8f8e-24dd-296a-86593af9af2f" testName="FormatToStringTest1000(36211.11038300866d,&quot;36211.11 zł&quot;)" computerName="DESKTOP-5URQ9PB" duration="00:00:00.0000190" startTime="2022-06-13T21:13:29.8281643+02:00" endTime="2022-06-13T21:13:29.8281831+02:00" testType="13cdc9d9-ddb5-4fa4-a97d-d965ccfc6d4b" outcome="Passed" testListId="8c84fa94-04c1-424b-9868-57a2d4851a1d" relativeResultsDirectory="36f980de-7658-4341-8a92-c14bb63134aa" />
    <UnitTestResult executionId="2ee43312-124f-4f4c-99ee-4ce2092331a7" testId="75afa51d-4efe-ca98-69aa-dcba7171c9c1" testName="FormatToStringTest1000(6313.543884690639d,&quot;6313.54 zł&quot;)" computerName="DESKTOP-5URQ9PB" duration="00:00:00.0000280" startTime="2022-06-13T21:13:29.8187005+02:00" endTime="2022-06-13T21:13:29.8187285+02:00" testType="13cdc9d9-ddb5-4fa4-a97d-d965ccfc6d4b" outcome="Passed" testListId="8c84fa94-04c1-424b-9868-57a2d4851a1d" relativeResultsDirectory="2ee43312-124f-4f4c-99ee-4ce2092331a7" />
    <UnitTestResult executionId="b7edcd9c-2450-4e4b-88bb-aa97b918e8ea" testId="c11f5a85-86bf-cab1-9d9a-33069c6ff139" testName="FormatToStringTest1000(6550.421588937948d,&quot;6550.42 zł&quot;)" computerName="DESKTOP-5URQ9PB" duration="00:00:00.0000200" startTime="2022-06-13T21:13:29.8296077+02:00" endTime="2022-06-13T21:13:29.8296279+02:00" testType="13cdc9d9-ddb5-4fa4-a97d-d965ccfc6d4b" outcome="Passed" testListId="8c84fa94-04c1-424b-9868-57a2d4851a1d" relativeResultsDirectory="b7edcd9c-2450-4e4b-88bb-aa97b918e8ea" />
    <UnitTestResult executionId="0e8720f4-eaa3-47e6-a3f0-041f0acc36d7" testId="d010d6f6-5302-e7a6-bd9d-f255dac3cdb8" testName="FormatToStringTest1000(2718.1767171650085d,&quot;2718.18 zł&quot;)" computerName="DESKTOP-5URQ9PB" duration="00:00:00.0000190" startTime="2022-06-13T21:13:29.8142300+02:00" endTime="2022-06-13T21:13:29.8142485+02:00" testType="13cdc9d9-ddb5-4fa4-a97d-d965ccfc6d4b" outcome="Passed" testListId="8c84fa94-04c1-424b-9868-57a2d4851a1d" relativeResultsDirectory="0e8720f4-eaa3-47e6-a3f0-041f0acc36d7" />
    <UnitTestResult executionId="7776f477-b13f-4a49-b2ad-09bb22fc6afe" testId="fd8f048e-524e-5d70-1d66-0ffeb121313b" testName="FormatToStringTest1000(7890.044272348771d,&quot;7890.04 zł&quot;)" computerName="DESKTOP-5URQ9PB" duration="00:00:00.0000200" startTime="2022-06-13T21:13:29.8218694+02:00" endTime="2022-06-13T21:13:29.8218891+02:00" testType="13cdc9d9-ddb5-4fa4-a97d-d965ccfc6d4b" outcome="Passed" testListId="8c84fa94-04c1-424b-9868-57a2d4851a1d" relativeResultsDirectory="7776f477-b13f-4a49-b2ad-09bb22fc6afe" />
    <UnitTestResult executionId="fe48fc7b-c380-4e8c-8523-332bec623893" testId="9ac323b2-f4ee-1c5b-c335-774c81e0e08d" testName="FormatToStringTest1000(1313.0279238368514d,&quot;1313.03 zł&quot;)" computerName="DESKTOP-5URQ9PB" duration="00:00:00.0000190" startTime="2022-06-13T21:13:29.8272928+02:00" endTime="2022-06-13T21:13:29.8273120+02:00" testType="13cdc9d9-ddb5-4fa4-a97d-d965ccfc6d4b" outcome="Passed" testListId="8c84fa94-04c1-424b-9868-57a2d4851a1d" relativeResultsDirectory="fe48fc7b-c380-4e8c-8523-332bec623893" />
    <UnitTestResult executionId="4784d3eb-f026-4f93-9eef-c6634e39dbf4" testId="9c484d5b-265a-2c6e-537b-f37cd91a7473" testName="FormatToStringTest1000(56373.35086238494d,&quot;56373.35 zł&quot;)" computerName="DESKTOP-5URQ9PB" duration="00:00:00.0000180" startTime="2022-06-13T21:13:29.8157097+02:00" endTime="2022-06-13T21:13:29.8157275+02:00" testType="13cdc9d9-ddb5-4fa4-a97d-d965ccfc6d4b" outcome="Passed" testListId="8c84fa94-04c1-424b-9868-57a2d4851a1d" relativeResultsDirectory="4784d3eb-f026-4f93-9eef-c6634e39dbf4" />
    <UnitTestResult executionId="8256e1ab-19d7-4360-9b94-a694b5416b7d" testId="3490543a-9aad-4d93-690a-aa8da10d1845" testName="FormatToStringTest1000(6170.939441211959d,&quot;6170.94 zł&quot;)" computerName="DESKTOP-5URQ9PB" duration="00:00:00.0000300" startTime="2022-06-13T21:13:29.8181007+02:00" endTime="2022-06-13T21:13:29.8181305+02:00" testType="13cdc9d9-ddb5-4fa4-a97d-d965ccfc6d4b" outcome="Passed" testListId="8c84fa94-04c1-424b-9868-57a2d4851a1d" relativeResultsDirectory="8256e1ab-19d7-4360-9b94-a694b5416b7d" />
    <UnitTestResult executionId="a04a6499-3dda-4998-abfe-07c5e7a04e10" testId="5c165fdb-5b2a-6ca5-1c7a-4f504d003e95" testName="FormatToStringTest1000(35905.47425787219d,&quot;35905.47 zł&quot;)" computerName="DESKTOP-5URQ9PB" duration="00:00:00.0000190" startTime="2022-06-13T21:13:29.8330268+02:00" endTime="2022-06-13T21:13:29.8330453+02:00" testType="13cdc9d9-ddb5-4fa4-a97d-d965ccfc6d4b" outcome="Passed" testListId="8c84fa94-04c1-424b-9868-57a2d4851a1d" relativeResultsDirectory="a04a6499-3dda-4998-abfe-07c5e7a04e10" />
    <UnitTestResult executionId="5a4984d9-16ac-4084-9bdf-58c15010afa5" testId="cfa8282b-c910-23c2-f0df-2ed624c5a3c7" testName="FormatToStringTest1000(20737.251994218328d,&quot;20737.25 zł&quot;)" computerName="DESKTOP-5URQ9PB" duration="00:00:00.0000180" startTime="2022-06-13T21:13:29.8106283+02:00" endTime="2022-06-13T21:13:29.8106463+02:00" testType="13cdc9d9-ddb5-4fa4-a97d-d965ccfc6d4b" outcome="Passed" testListId="8c84fa94-04c1-424b-9868-57a2d4851a1d" relativeResultsDirectory="5a4984d9-16ac-4084-9bdf-58c15010afa5" />
    <UnitTestResult executionId="74dcf080-60f5-4659-a33d-f344e7882811" testId="13cdf8fd-2721-e597-055e-a54097abf685" testName="FormatToStringTest1000(48428.38681602682d,&quot;48428.39 zł&quot;)" computerName="DESKTOP-5URQ9PB" duration="00:00:00.0000190" startTime="2022-06-13T21:13:29.8145736+02:00" endTime="2022-06-13T21:13:29.8145922+02:00" testType="13cdc9d9-ddb5-4fa4-a97d-d965ccfc6d4b" outcome="Passed" testListId="8c84fa94-04c1-424b-9868-57a2d4851a1d" relativeResultsDirectory="74dcf080-60f5-4659-a33d-f344e7882811" />
    <UnitTestResult executionId="ca270fa9-3004-4c02-bd4b-8506c16516f5" testId="8a2b6295-c6f7-0626-b29d-201c71fd67a5" testName="FormatToStringTest1000(64210.358316209335d,&quot;64210.36 zł&quot;)" computerName="DESKTOP-5URQ9PB" duration="00:00:00.0000190" startTime="2022-06-13T21:13:29.8095204+02:00" endTime="2022-06-13T21:13:29.8095388+02:00" testType="13cdc9d9-ddb5-4fa4-a97d-d965ccfc6d4b" outcome="Passed" testListId="8c84fa94-04c1-424b-9868-57a2d4851a1d" relativeResultsDirectory="ca270fa9-3004-4c02-bd4b-8506c16516f5" />
    <UnitTestResult executionId="1f05da0c-ce18-42af-8c28-81ceea41e934" testId="c7fd498b-03da-468c-aa24-ce275275bb84" testName="FormatToStringTest1000(32812.53695512634d,&quot;32812.54 zł&quot;)" computerName="DESKTOP-5URQ9PB" duration="00:00:00.0000180" startTime="2022-06-13T21:13:29.8154142+02:00" endTime="2022-06-13T21:13:29.8154322+02:00" testType="13cdc9d9-ddb5-4fa4-a97d-d965ccfc6d4b" outcome="Passed" testListId="8c84fa94-04c1-424b-9868-57a2d4851a1d" relativeResultsDirectory="1f05da0c-ce18-42af-8c28-81ceea41e934" />
    <UnitTestResult executionId="94026a2b-0266-4aff-b589-04026a9c13ba" testId="83a97307-8552-7789-5b14-74a21c8cbcd2" testName="FormatToStringTest1000(45455.14554704127d,&quot;45455.15 zł&quot;)" computerName="DESKTOP-5URQ9PB" duration="00:00:00.0000250" startTime="2022-06-13T21:13:29.8173577+02:00" endTime="2022-06-13T21:13:29.8173828+02:00" testType="13cdc9d9-ddb5-4fa4-a97d-d965ccfc6d4b" outcome="Passed" testListId="8c84fa94-04c1-424b-9868-57a2d4851a1d" relativeResultsDirectory="94026a2b-0266-4aff-b589-04026a9c13ba" />
    <UnitTestResult executionId="12c83796-646a-4937-b33f-f29d9b5e2f48" testId="712f5c64-914a-8747-dac9-aeb72d33838f" testName="FormatToStringTest1000(66945.02904917022d,&quot;66945.03 zł&quot;)" computerName="DESKTOP-5URQ9PB" duration="00:00:00.0000190" startTime="2022-06-13T21:13:29.8305798+02:00" endTime="2022-06-13T21:13:29.8305987+02:00" testType="13cdc9d9-ddb5-4fa4-a97d-d965ccfc6d4b" outcome="Passed" testListId="8c84fa94-04c1-424b-9868-57a2d4851a1d" relativeResultsDirectory="12c83796-646a-4937-b33f-f29d9b5e2f48" />
    <UnitTestResult executionId="5f32209a-961b-4f34-95dc-eb63d237134d" testId="c2d4c482-09cf-e240-a7e7-520d6f5ce617" testName="FormatToStringTest1000(18340.935049000167d,&quot;18340.94 zł&quot;)" computerName="DESKTOP-5URQ9PB" duration="00:00:00.0000180" startTime="2022-06-13T21:13:29.8118297+02:00" endTime="2022-06-13T21:13:29.8118475+02:00" testType="13cdc9d9-ddb5-4fa4-a97d-d965ccfc6d4b" outcome="Passed" testListId="8c84fa94-04c1-424b-9868-57a2d4851a1d" relativeResultsDirectory="5f32209a-961b-4f34-95dc-eb63d237134d" />
    <UnitTestResult executionId="d8c8407d-b016-4d4d-a604-8fd427f15a68" testId="f9c4ace8-7c88-3dcb-8c8b-9f280e8b25b8" testName="FormatToStringTest1000(5870.791169434223d,&quot;5870.79 zł&quot;)" computerName="DESKTOP-5URQ9PB" duration="00:00:00.0000250" startTime="2022-06-13T21:13:29.8174973+02:00" endTime="2022-06-13T21:13:29.8175226+02:00" testType="13cdc9d9-ddb5-4fa4-a97d-d965ccfc6d4b" outcome="Passed" testListId="8c84fa94-04c1-424b-9868-57a2d4851a1d" relativeResultsDirectory="d8c8407d-b016-4d4d-a604-8fd427f15a68" />
    <UnitTestResult executionId="d8036fcb-9340-448d-9050-01225e41e9df" testId="d569c283-c0e4-d992-53ea-520d9219d214" testName="FormatToStringTest1000(19103.831635461574d,&quot;19103.83 zł&quot;)" computerName="DESKTOP-5URQ9PB" duration="00:00:00.0000200" startTime="2022-06-13T21:13:29.8217165+02:00" endTime="2022-06-13T21:13:29.8217363+02:00" testType="13cdc9d9-ddb5-4fa4-a97d-d965ccfc6d4b" outcome="Passed" testListId="8c84fa94-04c1-424b-9868-57a2d4851a1d" relativeResultsDirectory="d8036fcb-9340-448d-9050-01225e41e9df" />
    <UnitTestResult executionId="f62185c7-c558-4c75-9cac-6639e8f90f0c" testId="faf63bba-5452-3836-a95e-2474023d45ad" testName="FormatToStringTest1000(40913.016669489916d,&quot;40913.02 zł&quot;)" computerName="DESKTOP-5URQ9PB" duration="00:00:00.0000260" startTime="2022-06-13T21:13:29.8309101+02:00" endTime="2022-06-13T21:13:29.8309360+02:00" testType="13cdc9d9-ddb5-4fa4-a97d-d965ccfc6d4b" outcome="Passed" testListId="8c84fa94-04c1-424b-9868-57a2d4851a1d" relativeResultsDirectory="f62185c7-c558-4c75-9cac-6639e8f90f0c" />
    <UnitTestResult executionId="2f12ed74-169f-4d46-a54a-2b23ceb00c5c" testId="3c1aaa80-1e63-d980-5967-7f705ee7de1e" testName="FormatToStringTest1000(10784.438152511344d,&quot;10784.44 zł&quot;)" computerName="DESKTOP-5URQ9PB" duration="00:00:00.0000180" startTime="2022-06-13T21:13:29.8096200+02:00" endTime="2022-06-13T21:13:29.8096378+02:00" testType="13cdc9d9-ddb5-4fa4-a97d-d965ccfc6d4b" outcome="Passed" testListId="8c84fa94-04c1-424b-9868-57a2d4851a1d" relativeResultsDirectory="2f12ed74-169f-4d46-a54a-2b23ceb00c5c" />
    <UnitTestResult executionId="b9c4fe6e-9c84-4fd9-8401-0a571d06b712" testId="6f7345f6-07c1-aba6-fba8-22e9ed357a49" testName="FormatToStringTest1000(19189.32381924117d,&quot;19189.32 zł&quot;)" computerName="DESKTOP-5URQ9PB" duration="00:00:00.0000180" startTime="2022-06-13T21:13:29.8131929+02:00" endTime="2022-06-13T21:13:29.8132109+02:00" testType="13cdc9d9-ddb5-4fa4-a97d-d965ccfc6d4b" outcome="Passed" testListId="8c84fa94-04c1-424b-9868-57a2d4851a1d" relativeResultsDirectory="b9c4fe6e-9c84-4fd9-8401-0a571d06b712" />
    <UnitTestResult executionId="bf4cf41f-8e72-4554-b253-26f963caa305" testId="bb7f2094-2f9e-97a8-2260-536683d65f82" testName="FormatToStringTest1000(57809.74722876295d,&quot;57809.75 zł&quot;)" computerName="DESKTOP-5URQ9PB" duration="00:00:00.0000320" startTime="2022-06-13T21:13:29.8210059+02:00" endTime="2022-06-13T21:13:29.8210374+02:00" testType="13cdc9d9-ddb5-4fa4-a97d-d965ccfc6d4b" outcome="Passed" testListId="8c84fa94-04c1-424b-9868-57a2d4851a1d" relativeResultsDirectory="bf4cf41f-8e72-4554-b253-26f963caa305" />
    <UnitTestResult executionId="5ee6acf9-6218-409b-a09e-786f24809694" testId="4b337c41-7f92-2137-58f8-ec4a04af8e6b" testName="FormatToStringTest1000(1514.6266382441981d,&quot;1514.63 zł&quot;)" computerName="DESKTOP-5URQ9PB" duration="00:00:00.0000260" startTime="2022-06-13T21:13:29.8166618+02:00" endTime="2022-06-13T21:13:29.8166871+02:00" testType="13cdc9d9-ddb5-4fa4-a97d-d965ccfc6d4b" outcome="Passed" testListId="8c84fa94-04c1-424b-9868-57a2d4851a1d" relativeResultsDirectory="5ee6acf9-6218-409b-a09e-786f24809694" />
    <UnitTestResult executionId="66f284de-dee1-4daa-9001-a1d15335df97" testId="43c3749f-0376-2035-bd94-4df92053dab3" testName="FormatToStringTest1000(18627.604896394354d,&quot;18627.60 zł&quot;)" computerName="DESKTOP-5URQ9PB" duration="00:00:00.0000180" startTime="2022-06-13T21:13:29.8241829+02:00" endTime="2022-06-13T21:13:29.8242008+02:00" testType="13cdc9d9-ddb5-4fa4-a97d-d965ccfc6d4b" outcome="Passed" testListId="8c84fa94-04c1-424b-9868-57a2d4851a1d" relativeResultsDirectory="66f284de-dee1-4daa-9001-a1d15335df97" />
    <UnitTestResult executionId="bb05275a-13f2-4f9b-8a69-cdc5b0a0c242" testId="f40cda09-c7b2-157d-533a-1e4833860e01" testName="FormatToStringTest1000(8347.417790138823d,&quot;8347.42 zł&quot;)" computerName="DESKTOP-5URQ9PB" duration="00:00:00.0000190" startTime="2022-06-13T21:13:29.8270144+02:00" endTime="2022-06-13T21:13:29.8270333+02:00" testType="13cdc9d9-ddb5-4fa4-a97d-d965ccfc6d4b" outcome="Passed" testListId="8c84fa94-04c1-424b-9868-57a2d4851a1d" relativeResultsDirectory="bb05275a-13f2-4f9b-8a69-cdc5b0a0c242" />
    <UnitTestResult executionId="025ab06b-a919-4e8f-9619-4d701d6b4a1c" testId="aff0dd6a-515d-d68f-384c-79614af1fe73" testName="FormatToStringTest1000(14063.90676654871d,&quot;14063.91 zł&quot;)" computerName="DESKTOP-5URQ9PB" duration="00:00:00.0000180" startTime="2022-06-13T21:13:29.8260679+02:00" endTime="2022-06-13T21:13:29.8260861+02:00" testType="13cdc9d9-ddb5-4fa4-a97d-d965ccfc6d4b" outcome="Passed" testListId="8c84fa94-04c1-424b-9868-57a2d4851a1d" relativeResultsDirectory="025ab06b-a919-4e8f-9619-4d701d6b4a1c" />
    <UnitTestResult executionId="33261314-771d-43e3-80c4-14730ababda5" testId="dfaddf73-e2fe-692a-95cb-e0210649fd35" testName="FormatToStringTest1000(50991.22189691114d,&quot;50991.22 zł&quot;)" computerName="DESKTOP-5URQ9PB" duration="00:00:00.0000180" startTime="2022-06-13T21:13:29.8090557+02:00" endTime="2022-06-13T21:13:29.8090736+02:00" testType="13cdc9d9-ddb5-4fa4-a97d-d965ccfc6d4b" outcome="Passed" testListId="8c84fa94-04c1-424b-9868-57a2d4851a1d" relativeResultsDirectory="33261314-771d-43e3-80c4-14730ababda5" />
    <UnitTestResult executionId="785f8bab-b105-4701-9246-fb56fe16a3fb" testId="7724a5ae-1858-243b-d346-491db16f98e9" testName="FormatToStringTest1000(79764.77845563217d,&quot;79764.78 zł&quot;)" computerName="DESKTOP-5URQ9PB" duration="00:00:00.0000180" startTime="2022-06-13T21:13:29.8136576+02:00" endTime="2022-06-13T21:13:29.8136755+02:00" testType="13cdc9d9-ddb5-4fa4-a97d-d965ccfc6d4b" outcome="Passed" testListId="8c84fa94-04c1-424b-9868-57a2d4851a1d" relativeResultsDirectory="785f8bab-b105-4701-9246-fb56fe16a3fb" />
    <UnitTestResult executionId="609a2162-fb6c-44f7-96ff-50f44f199c67" testId="274eee3c-fa31-a55c-1941-d2fdb1077d83" testName="FormatToStringTest1000(26468.346804109562d,&quot;26468.35 zł&quot;)" computerName="DESKTOP-5URQ9PB" duration="00:00:00.0000190" startTime="2022-06-13T21:13:29.8143035+02:00" endTime="2022-06-13T21:13:29.8143220+02:00" testType="13cdc9d9-ddb5-4fa4-a97d-d965ccfc6d4b" outcome="Passed" testListId="8c84fa94-04c1-424b-9868-57a2d4851a1d" relativeResultsDirectory="609a2162-fb6c-44f7-96ff-50f44f199c67" />
    <UnitTestResult executionId="673142a2-bc0a-4244-a16d-62d3ee53589d" testId="092813bc-e54e-6f29-9d2b-192db0d76045" testName="FormatToStringTest1000(765.778932784581d,&quot;765.78 zł&quot;)" computerName="DESKTOP-5URQ9PB" duration="00:00:00.0000270" startTime="2022-06-13T21:13:29.8174617+02:00" endTime="2022-06-13T21:13:29.8174884+02:00" testType="13cdc9d9-ddb5-4fa4-a97d-d965ccfc6d4b" outcome="Passed" testListId="8c84fa94-04c1-424b-9868-57a2d4851a1d" relativeResultsDirectory="673142a2-bc0a-4244-a16d-62d3ee53589d" />
    <UnitTestResult executionId="fa97adcc-e04b-456e-8a00-7eeb1f48bc2c" testId="fd4f7d41-f937-f359-41b7-f6b589c2bdd7" testName="FormatToStringTest1000(25272.05048361283d,&quot;25272.05 zł&quot;)" computerName="DESKTOP-5URQ9PB" duration="00:00:00.0000190" startTime="2022-06-13T21:13:29.8312463+02:00" endTime="2022-06-13T21:13:29.8312654+02:00" testType="13cdc9d9-ddb5-4fa4-a97d-d965ccfc6d4b" outcome="Passed" testListId="8c84fa94-04c1-424b-9868-57a2d4851a1d" relativeResultsDirectory="fa97adcc-e04b-456e-8a00-7eeb1f48bc2c" />
    <UnitTestResult executionId="716c7f50-8db4-469b-90ea-27e4ae2e2f34" testId="5fdca359-14d7-98c9-3f79-03e22f946141" testName="FormatToStringTest1000(12429.698213906819d,&quot;12429.70 zł&quot;)" computerName="DESKTOP-5URQ9PB" duration="00:00:00.0000290" startTime="2022-06-13T21:13:29.8175703+02:00" endTime="2022-06-13T21:13:29.8175989+02:00" testType="13cdc9d9-ddb5-4fa4-a97d-d965ccfc6d4b" outcome="Passed" testListId="8c84fa94-04c1-424b-9868-57a2d4851a1d" relativeResultsDirectory="716c7f50-8db4-469b-90ea-27e4ae2e2f34" />
    <UnitTestResult executionId="b74d74a0-d484-4843-af9d-c64720e22e8a" testId="adedbc1e-8d02-07f8-2158-2d31b0c1df72" testName="FormatToStringTest1000(55457.96873490278d,&quot;55457.97 zł&quot;)" computerName="DESKTOP-5URQ9PB" duration="00:00:00.0000190" startTime="2022-06-13T21:13:29.8262457+02:00" endTime="2022-06-13T21:13:29.8262642+02:00" testType="13cdc9d9-ddb5-4fa4-a97d-d965ccfc6d4b" outcome="Passed" testListId="8c84fa94-04c1-424b-9868-57a2d4851a1d" relativeResultsDirectory="b74d74a0-d484-4843-af9d-c64720e22e8a" />
    <UnitTestResult executionId="033485f3-5386-451c-a491-e625c141429b" testId="5bdb1fb9-c083-a878-8185-d4ef40939b65" testName="FormatToStringTest1000(1130.8119115372242d,&quot;1130.81 zł&quot;)" computerName="DESKTOP-5URQ9PB" duration="00:00:00.0000180" startTime="2022-06-13T21:13:29.8333553+02:00" endTime="2022-06-13T21:13:29.8333734+02:00" testType="13cdc9d9-ddb5-4fa4-a97d-d965ccfc6d4b" outcome="Passed" testListId="8c84fa94-04c1-424b-9868-57a2d4851a1d" relativeResultsDirectory="033485f3-5386-451c-a491-e625c141429b" />
    <UnitTestResult executionId="e0d28380-7bdd-4bb4-9962-7d14a7f23860" testId="c74c54e8-6590-d76d-eaee-baa60a589aef" testName="FormatToStringTest1000(15509.637406484986d,&quot;15509.64 zł&quot;)" computerName="DESKTOP-5URQ9PB" duration="00:00:00.0000180" startTime="2022-06-13T21:13:29.8105543+02:00" endTime="2022-06-13T21:13:29.8105724+02:00" testType="13cdc9d9-ddb5-4fa4-a97d-d965ccfc6d4b" outcome="Passed" testListId="8c84fa94-04c1-424b-9868-57a2d4851a1d" relativeResultsDirectory="e0d28380-7bdd-4bb4-9962-7d14a7f23860" />
    <UnitTestResult executionId="79b75d40-a114-4b31-ae88-02b66e3655be" testId="a99bf545-84e2-fafd-ee3f-5153803c3541" testName="FormatToStringTest1000(1011.9989482094529d,&quot;1012.00 zł&quot;)" computerName="DESKTOP-5URQ9PB" duration="00:00:00.0000190" startTime="2022-06-13T21:13:29.8244658+02:00" endTime="2022-06-13T21:13:29.8244847+02:00" testType="13cdc9d9-ddb5-4fa4-a97d-d965ccfc6d4b" outcome="Passed" testListId="8c84fa94-04c1-424b-9868-57a2d4851a1d" relativeResultsDirectory="79b75d40-a114-4b31-ae88-02b66e3655be" />
    <UnitTestResult executionId="e413191a-4e42-4378-aba4-a20702dd8e7b" testId="a95ff0ae-d4c3-2673-b0e9-9a7af3b33aba" testName="FormatToStringTest1000(653.4647999170537d,&quot;653.46 zł&quot;)" computerName="DESKTOP-5URQ9PB" duration="00:00:00.0000180" startTime="2022-06-13T21:13:29.8143769+02:00" endTime="2022-06-13T21:13:29.8143946+02:00" testType="13cdc9d9-ddb5-4fa4-a97d-d965ccfc6d4b" outcome="Passed" testListId="8c84fa94-04c1-424b-9868-57a2d4851a1d" relativeResultsDirectory="e413191a-4e42-4378-aba4-a20702dd8e7b" />
    <UnitTestResult executionId="6fd5e87c-833a-473d-bfb9-d8278e9e01a0" testId="af9ae316-c7c6-6ac6-11c1-298dd9b256df" testName="FormatToStringTest1000(62975.496334776515d,&quot;62975.50 zł&quot;)" computerName="DESKTOP-5URQ9PB" duration="00:00:00.0000180" startTime="2022-06-13T21:13:29.8093244+02:00" endTime="2022-06-13T21:13:29.8093425+02:00" testType="13cdc9d9-ddb5-4fa4-a97d-d965ccfc6d4b" outcome="Passed" testListId="8c84fa94-04c1-424b-9868-57a2d4851a1d" relativeResultsDirectory="6fd5e87c-833a-473d-bfb9-d8278e9e01a0" />
    <UnitTestResult executionId="a5967d65-0d33-4cce-8322-f66732916674" testId="9a4a7396-bc43-f3a9-c62c-07975736bde6" testName="FormatToStringTest1000(1325.1625259114255d,&quot;1325.16 zł&quot;)" computerName="DESKTOP-5URQ9PB" duration="00:00:00.0000190" startTime="2022-06-13T21:13:29.8243628+02:00" endTime="2022-06-13T21:13:29.8243813+02:00" testType="13cdc9d9-ddb5-4fa4-a97d-d965ccfc6d4b" outcome="Passed" testListId="8c84fa94-04c1-424b-9868-57a2d4851a1d" relativeResultsDirectory="a5967d65-0d33-4cce-8322-f66732916674" />
    <UnitTestResult executionId="3ad1bfc2-53e7-4fbc-a8dc-0e521740fd99" testId="c9bdc46f-9c2d-d658-e774-72448865739f" testName="FormatToStringTest1000(5957.42161879941d,&quot;5957.42 zł&quot;)" computerName="DESKTOP-5URQ9PB" duration="00:00:00.0000190" startTime="2022-06-13T21:13:29.8255344+02:00" endTime="2022-06-13T21:13:29.8255528+02:00" testType="13cdc9d9-ddb5-4fa4-a97d-d965ccfc6d4b" outcome="Passed" testListId="8c84fa94-04c1-424b-9868-57a2d4851a1d" relativeResultsDirectory="3ad1bfc2-53e7-4fbc-a8dc-0e521740fd99" />
    <UnitTestResult executionId="11b02c75-457e-41ed-8ece-c8b116ec935d" testId="19843874-c731-8a36-a21a-27e85d4f5a57" testName="FormatToStringTest1000(20012.898273490322d,&quot;20012.90 zł&quot;)" computerName="DESKTOP-5URQ9PB" duration="00:00:00.0000190" startTime="2022-06-13T21:13:29.8138538+02:00" endTime="2022-06-13T21:13:29.8138727+02:00" testType="13cdc9d9-ddb5-4fa4-a97d-d965ccfc6d4b" outcome="Passed" testListId="8c84fa94-04c1-424b-9868-57a2d4851a1d" relativeResultsDirectory="11b02c75-457e-41ed-8ece-c8b116ec935d" />
    <UnitTestResult executionId="4b0a6b73-fa5a-488b-ab62-2372532fd38e" testId="d5f63a3d-0bec-c5aa-6fdf-b4d0492c062a" testName="FormatToStringTest1000(11022.594234092438d,&quot;11022.59 zł&quot;)" computerName="DESKTOP-5URQ9PB" duration="00:00:00.0000270" startTime="2022-06-13T21:13:29.8161957+02:00" endTime="2022-06-13T21:13:29.8162229+02:00" testType="13cdc9d9-ddb5-4fa4-a97d-d965ccfc6d4b" outcome="Passed" testListId="8c84fa94-04c1-424b-9868-57a2d4851a1d" relativeResultsDirectory="4b0a6b73-fa5a-488b-ab62-2372532fd38e" />
    <UnitTestResult executionId="5a1aa821-278e-4dd0-b876-e60d7250efb8" testId="e6fa545c-dab4-f63e-4e3b-21ea6de7572d" testName="FormatToStringTest1000(9994.9471861026d,&quot;9994.95 zł&quot;)" computerName="DESKTOP-5URQ9PB" duration="00:00:00.0000180" startTime="2022-06-13T21:13:29.8137065+02:00" endTime="2022-06-13T21:13:29.8137246+02:00" testType="13cdc9d9-ddb5-4fa4-a97d-d965ccfc6d4b" outcome="Passed" testListId="8c84fa94-04c1-424b-9868-57a2d4851a1d" relativeResultsDirectory="5a1aa821-278e-4dd0-b876-e60d7250efb8" />
    <UnitTestResult executionId="4ba9de76-5205-49ea-a659-6d873f00ee15" testId="64584126-c6a0-fbd7-9fe1-1a9b0d36c2b6" testName="FormatToStringTest1000(25794.833624416417d,&quot;25794.83 zł&quot;)" computerName="DESKTOP-5URQ9PB" duration="00:00:00.0000180" startTime="2022-06-13T21:13:29.8267007+02:00" endTime="2022-06-13T21:13:29.8267189+02:00" testType="13cdc9d9-ddb5-4fa4-a97d-d965ccfc6d4b" outcome="Passed" testListId="8c84fa94-04c1-424b-9868-57a2d4851a1d" relativeResultsDirectory="4ba9de76-5205-49ea-a659-6d873f00ee15" />
    <UnitTestResult executionId="49ebb1a2-c3c5-49cb-a8ef-8a40ed09b51b" testId="12383f93-d6c8-4041-5607-6e0714b305f6" testName="FormatToStringTest1000(43727.735558145556d,&quot;43727.74 zł&quot;)" computerName="DESKTOP-5URQ9PB" duration="00:00:00.0000180" startTime="2022-06-13T21:13:29.8157820+02:00" endTime="2022-06-13T21:13:29.8158001+02:00" testType="13cdc9d9-ddb5-4fa4-a97d-d965ccfc6d4b" outcome="Passed" testListId="8c84fa94-04c1-424b-9868-57a2d4851a1d" relativeResultsDirectory="49ebb1a2-c3c5-49cb-a8ef-8a40ed09b51b" />
    <UnitTestResult executionId="ee89932f-c40f-4953-a76a-91cd310b89d9" testId="2782a3f6-bb08-acfe-bfab-49ee7d2fdbfa" testName="FormatToStringTest1000(27187.549022783314d,&quot;27187.55 zł&quot;)" computerName="DESKTOP-5URQ9PB" duration="00:00:00.0000260" startTime="2022-06-13T21:13:29.8207265+02:00" endTime="2022-06-13T21:13:29.8207527+02:00" testType="13cdc9d9-ddb5-4fa4-a97d-d965ccfc6d4b" outcome="Passed" testListId="8c84fa94-04c1-424b-9868-57a2d4851a1d" relativeResultsDirectory="ee89932f-c40f-4953-a76a-91cd310b89d9" />
    <UnitTestResult executionId="bba1ad06-05ba-4a20-87ea-87de50b283a1" testId="aadeeabc-272f-9cbf-16ad-69443e81df6f" testName="FormatToStringTest1000(3846.644792262765d,&quot;3846.64 zł&quot;)" computerName="DESKTOP-5URQ9PB" duration="00:00:00.0000190" startTime="2022-06-13T21:13:29.8128669+02:00" endTime="2022-06-13T21:13:29.8128856+02:00" testType="13cdc9d9-ddb5-4fa4-a97d-d965ccfc6d4b" outcome="Passed" testListId="8c84fa94-04c1-424b-9868-57a2d4851a1d" relativeResultsDirectory="bba1ad06-05ba-4a20-87ea-87de50b283a1" />
    <UnitTestResult executionId="b0de0529-05cd-4de3-8b0b-13b15d6902bd" testId="8abb9da4-977b-effb-b6fc-988ee16d7ff4" testName="FormatToStringTest1000(28455.229970996843d,&quot;28455.23 zł&quot;)" computerName="DESKTOP-5URQ9PB" duration="00:00:00.0000270" startTime="2022-06-13T21:13:29.8289063+02:00" endTime="2022-06-13T21:13:29.8289326+02:00" testType="13cdc9d9-ddb5-4fa4-a97d-d965ccfc6d4b" outcome="Passed" testListId="8c84fa94-04c1-424b-9868-57a2d4851a1d" relativeResultsDirectory="b0de0529-05cd-4de3-8b0b-13b15d6902bd" />
    <UnitTestResult executionId="b9a714a7-4eca-4973-80b9-607a6a291846" testId="1640b6a1-03c2-f3db-49e3-38921c8dee24" testName="FormatToStringTest1000(964.9678631783313d,&quot;964.97 zł&quot;)" computerName="DESKTOP-5URQ9PB" duration="00:00:00.0000180" startTime="2022-06-13T21:13:29.8140573+02:00" endTime="2022-06-13T21:13:29.8140755+02:00" testType="13cdc9d9-ddb5-4fa4-a97d-d965ccfc6d4b" outcome="Passed" testListId="8c84fa94-04c1-424b-9868-57a2d4851a1d" relativeResultsDirectory="b9a714a7-4eca-4973-80b9-607a6a291846" />
    <UnitTestResult executionId="ee47fbf7-2e57-45a0-a643-efb1e55b2cc4" testId="ec19b07c-d465-faec-475d-a8dee6e4e934" testName="FormatToStringTest1000(19071.681252896637d,&quot;19071.68 zł&quot;)" computerName="DESKTOP-5URQ9PB" duration="00:00:00.0000190" startTime="2022-06-13T21:13:29.8257155+02:00" endTime="2022-06-13T21:13:29.8257344+02:00" testType="13cdc9d9-ddb5-4fa4-a97d-d965ccfc6d4b" outcome="Passed" testListId="8c84fa94-04c1-424b-9868-57a2d4851a1d" relativeResultsDirectory="ee47fbf7-2e57-45a0-a643-efb1e55b2cc4" />
    <UnitTestResult executionId="b7e262ca-2fa0-44f6-bad9-2950e0445fe9" testId="943e674e-9656-f2f6-06a7-f12c38d1347c" testName="FormatToStringTest1000(8697.074631143862d,&quot;8697.07 zł&quot;)" computerName="DESKTOP-5URQ9PB" duration="00:00:00.0000260" startTime="2022-06-13T21:13:29.8165923+02:00" endTime="2022-06-13T21:13:29.8166177+02:00" testType="13cdc9d9-ddb5-4fa4-a97d-d965ccfc6d4b" outcome="Passed" testListId="8c84fa94-04c1-424b-9868-57a2d4851a1d" relativeResultsDirectory="b7e262ca-2fa0-44f6-bad9-2950e0445fe9" />
    <UnitTestResult executionId="736d44df-c46c-4ac6-b37d-40bb7d087c8a" testId="5012f64d-f81c-363a-9c3b-b389d7a1051b" testName="FormatToStringTest1000(25440.18371476614d,&quot;25440.18 zł&quot;)" computerName="DESKTOP-5URQ9PB" duration="00:00:00.0000190" startTime="2022-06-13T21:13:29.8127193+02:00" endTime="2022-06-13T21:13:29.8127379+02:00" testType="13cdc9d9-ddb5-4fa4-a97d-d965ccfc6d4b" outcome="Passed" testListId="8c84fa94-04c1-424b-9868-57a2d4851a1d" relativeResultsDirectory="736d44df-c46c-4ac6-b37d-40bb7d087c8a" />
    <UnitTestResult executionId="513f3258-b855-464e-9e1a-7b6719c48268" testId="6db05940-47de-0c9c-5b92-fcba99ecc227" testName="FormatToStringTest1000(13414.3551766441d,&quot;13414.36 zł&quot;)" computerName="DESKTOP-5URQ9PB" duration="00:00:00.0000180" startTime="2022-06-13T21:13:29.8151712+02:00" endTime="2022-06-13T21:13:29.8151890+02:00" testType="13cdc9d9-ddb5-4fa4-a97d-d965ccfc6d4b" outcome="Passed" testListId="8c84fa94-04c1-424b-9868-57a2d4851a1d" relativeResultsDirectory="513f3258-b855-464e-9e1a-7b6719c48268" />
    <UnitTestResult executionId="c8b511a3-31bf-46cc-a335-51fc894a2d40" testId="b781e920-c895-0d1c-5363-71c65713c53a" testName="FormatToStringTest1000(238.1379397484185d,&quot;238.14 zł&quot;)" computerName="DESKTOP-5URQ9PB" duration="00:00:00.0000190" startTime="2022-06-13T21:13:29.8138789+02:00" endTime="2022-06-13T21:13:29.8138972+02:00" testType="13cdc9d9-ddb5-4fa4-a97d-d965ccfc6d4b" outcome="Passed" testListId="8c84fa94-04c1-424b-9868-57a2d4851a1d" relativeResultsDirectory="c8b511a3-31bf-46cc-a335-51fc894a2d40" />
    <UnitTestResult executionId="0f968ff9-442e-47f9-96c7-242d49b6c4ee" testId="8d3460f1-a4b4-e4c2-2d2b-85718b89d128" testName="FormatToStringTest1000(19840.47672110632d,&quot;19840.48 zł&quot;)" computerName="DESKTOP-5URQ9PB" duration="00:00:00.0000190" startTime="2022-06-13T21:13:29.8125978+02:00" endTime="2022-06-13T21:13:29.8126162+02:00" testType="13cdc9d9-ddb5-4fa4-a97d-d965ccfc6d4b" outcome="Passed" testListId="8c84fa94-04c1-424b-9868-57a2d4851a1d" relativeResultsDirectory="0f968ff9-442e-47f9-96c7-242d49b6c4ee" />
    <UnitTestResult executionId="df1e69d3-19c9-413e-b555-8d9c93323cf8" testId="1bf3b326-0db3-88e9-a1ae-c5de32b68479" testName="FormatToStringTest1000(8211.920994553679d,&quot;8211.92 zł&quot;)" computerName="DESKTOP-5URQ9PB" duration="00:00:00.0000190" startTime="2022-06-13T21:13:29.8153891+02:00" endTime="2022-06-13T21:13:29.8154079+02:00" testType="13cdc9d9-ddb5-4fa4-a97d-d965ccfc6d4b" outcome="Passed" testListId="8c84fa94-04c1-424b-9868-57a2d4851a1d" relativeResultsDirectory="df1e69d3-19c9-413e-b555-8d9c93323cf8" />
    <UnitTestResult executionId="ea77c84f-e7b4-4d35-ab8b-7bc11fe3f481" testId="d97cfe1a-5414-3b7f-eeae-c71aa9b34634" testName="FormatToStringTest1000(26515.80237687929d,&quot;26515.80 zł&quot;)" computerName="DESKTOP-5URQ9PB" duration="00:00:00.0000190" startTime="2022-06-13T21:13:29.8075294+02:00" endTime="2022-06-13T21:13:29.8075484+02:00" testType="13cdc9d9-ddb5-4fa4-a97d-d965ccfc6d4b" outcome="Passed" testListId="8c84fa94-04c1-424b-9868-57a2d4851a1d" relativeResultsDirectory="ea77c84f-e7b4-4d35-ab8b-7bc11fe3f481" />
    <UnitTestResult executionId="65f3b8cf-9dfb-4c12-806e-2e7644ff47a8" testId="41200b0a-b89d-be5b-7447-22f852721d92" testName="FormatToStringTest1000(15396.537902579894d,&quot;15396.54 zł&quot;)" computerName="DESKTOP-5URQ9PB" duration="00:00:00.0000190" startTime="2022-06-13T21:13:29.8255592+02:00" endTime="2022-06-13T21:13:29.8255775+02:00" testType="13cdc9d9-ddb5-4fa4-a97d-d965ccfc6d4b" outcome="Passed" testListId="8c84fa94-04c1-424b-9868-57a2d4851a1d" relativeResultsDirectory="65f3b8cf-9dfb-4c12-806e-2e7644ff47a8" />
    <UnitTestResult executionId="bb9665d7-ef35-493f-b3fc-9eb88f89f12f" testId="32b6919d-1fc0-c669-26d4-2a969f5a55fe" testName="FormatToStringTest1000(14198.39903067723d,&quot;14198.40 zł&quot;)" computerName="DESKTOP-5URQ9PB" duration="00:00:00.0000190" startTime="2022-06-13T21:13:29.8327634+02:00" endTime="2022-06-13T21:13:29.8327826+02:00" testType="13cdc9d9-ddb5-4fa4-a97d-d965ccfc6d4b" outcome="Passed" testListId="8c84fa94-04c1-424b-9868-57a2d4851a1d" relativeResultsDirectory="bb9665d7-ef35-493f-b3fc-9eb88f89f12f" />
    <UnitTestResult executionId="f31d8f82-b9d0-4d0e-9c16-b549fcd68a4b" testId="a73c4b3c-3d13-f62c-d2e5-567ad0be5c42" testName="FormatToStringTest1000(10857.521742201186d,&quot;10857.52 zł&quot;)" computerName="DESKTOP-5URQ9PB" duration="00:00:00.0000200" startTime="2022-06-13T21:13:29.8286246+02:00" endTime="2022-06-13T21:13:29.8286443+02:00" testType="13cdc9d9-ddb5-4fa4-a97d-d965ccfc6d4b" outcome="Passed" testListId="8c84fa94-04c1-424b-9868-57a2d4851a1d" relativeResultsDirectory="f31d8f82-b9d0-4d0e-9c16-b549fcd68a4b" />
    <UnitTestResult executionId="b01dd20e-f214-43b2-8992-02c74b6cc6c8" testId="149b451f-18ff-71da-64d2-d4ad70318933" testName="FormatToStringTest1000(28080.92507087669d,&quot;28080.93 zł&quot;)" computerName="DESKTOP-5URQ9PB" duration="00:00:00.0000190" startTime="2022-06-13T21:13:29.8314017+02:00" endTime="2022-06-13T21:13:29.8314206+02:00" testType="13cdc9d9-ddb5-4fa4-a97d-d965ccfc6d4b" outcome="Passed" testListId="8c84fa94-04c1-424b-9868-57a2d4851a1d" relativeResultsDirectory="b01dd20e-f214-43b2-8992-02c74b6cc6c8" />
    <UnitTestResult executionId="c10d8a72-0c87-4838-837c-510e423364d6" testId="40f4c03f-760c-5f9a-0d6d-791657138d6a" testName="FormatToStringTest1000(36760.171806480816d,&quot;36760.17 zł&quot;)" computerName="DESKTOP-5URQ9PB" duration="00:00:00.0000190" startTime="2022-06-13T21:13:29.8278727+02:00" endTime="2022-06-13T21:13:29.8278911+02:00" testType="13cdc9d9-ddb5-4fa4-a97d-d965ccfc6d4b" outcome="Passed" testListId="8c84fa94-04c1-424b-9868-57a2d4851a1d" relativeResultsDirectory="c10d8a72-0c87-4838-837c-510e423364d6" />
    <UnitTestResult executionId="7e74d669-c61e-462f-b871-800840a38317" testId="1fa0b0ac-82b7-821b-a6bd-11883f4b16c1" testName="FormatToStringTest1000(30034.922435005625d,&quot;30034.92 zł&quot;)" computerName="DESKTOP-5URQ9PB" duration="00:00:00.0000200" startTime="2022-06-13T21:13:29.8313754+02:00" endTime="2022-06-13T21:13:29.8313951+02:00" testType="13cdc9d9-ddb5-4fa4-a97d-d965ccfc6d4b" outcome="Passed" testListId="8c84fa94-04c1-424b-9868-57a2d4851a1d" relativeResultsDirectory="7e74d669-c61e-462f-b871-800840a38317" />
    <UnitTestResult executionId="be007579-ed7e-4bb3-9804-50dd25cc704c" testId="69564ef2-123d-d3db-baf6-6a27b0eb9c23" testName="FormatToStringTest1000(643.3550376181281d,&quot;643.36 zł&quot;)" computerName="DESKTOP-5URQ9PB" duration="00:00:00.0000180" startTime="2022-06-13T21:13:29.8266012+02:00" endTime="2022-06-13T21:13:29.8266193+02:00" testType="13cdc9d9-ddb5-4fa4-a97d-d965ccfc6d4b" outcome="Passed" testListId="8c84fa94-04c1-424b-9868-57a2d4851a1d" relativeResultsDirectory="be007579-ed7e-4bb3-9804-50dd25cc704c" />
    <UnitTestResult executionId="f651430d-b059-4a9c-8968-a764ea655723" testId="7bf7f3ca-374b-b9a9-53c4-47a8ad354e7e" testName="FormatToStringTest1000(6220.182014914314d,&quot;6220.18 zł&quot;)" computerName="DESKTOP-5URQ9PB" duration="00:00:00.0000180" startTime="2022-06-13T21:13:29.8253072+02:00" endTime="2022-06-13T21:13:29.8253253+02:00" testType="13cdc9d9-ddb5-4fa4-a97d-d965ccfc6d4b" outcome="Passed" testListId="8c84fa94-04c1-424b-9868-57a2d4851a1d" relativeResultsDirectory="f651430d-b059-4a9c-8968-a764ea655723" />
    <UnitTestResult executionId="50162d92-dbba-493d-9691-0b31b05d921e" testId="95fa357e-9359-c839-8ff3-f046c9e30487" testName="FormatToStringTest1000(15520.346099893259d,&quot;15520.35 zł&quot;)" computerName="DESKTOP-5URQ9PB" duration="00:00:00.0000200" startTime="2022-06-13T21:13:29.8251535+02:00" endTime="2022-06-13T21:13:29.8251735+02:00" testType="13cdc9d9-ddb5-4fa4-a97d-d965ccfc6d4b" outcome="Passed" testListId="8c84fa94-04c1-424b-9868-57a2d4851a1d" relativeResultsDirectory="50162d92-dbba-493d-9691-0b31b05d921e" />
    <UnitTestResult executionId="56a6e8e5-fccf-4077-9156-6c51bb2fd0d7" testId="03d957f5-33ed-c0eb-c948-6ece846430f3" testName="FormatToStringTest1000(24825.207513729205d,&quot;24825.21 zł&quot;)" computerName="DESKTOP-5URQ9PB" duration="00:00:00.0000190" startTime="2022-06-13T21:13:29.8225145+02:00" endTime="2022-06-13T21:13:29.8225330+02:00" testType="13cdc9d9-ddb5-4fa4-a97d-d965ccfc6d4b" outcome="Passed" testListId="8c84fa94-04c1-424b-9868-57a2d4851a1d" relativeResultsDirectory="56a6e8e5-fccf-4077-9156-6c51bb2fd0d7" />
    <UnitTestResult executionId="b6f22c6d-be95-4358-8615-190dce81a074" testId="d39fbf53-bbf3-020f-e6d4-44b45bc00b41" testName="FormatToStringTest1000(16210.791556035536d,&quot;16210.79 zł&quot;)" computerName="DESKTOP-5URQ9PB" duration="00:00:00.0000220" startTime="2022-06-13T21:13:29.8279314+02:00" endTime="2022-06-13T21:13:29.8279531+02:00" testType="13cdc9d9-ddb5-4fa4-a97d-d965ccfc6d4b" outcome="Passed" testListId="8c84fa94-04c1-424b-9868-57a2d4851a1d" relativeResultsDirectory="b6f22c6d-be95-4358-8615-190dce81a074" />
    <UnitTestResult executionId="c4319cd3-13d1-4314-a15c-f14c2a497066" testId="74f41b57-bac2-c2b8-f1dc-9469402fc8fa" testName="FormatToStringTest1000(635.3263313632116d,&quot;635.33 zł&quot;)" computerName="DESKTOP-5URQ9PB" duration="00:00:00.0000190" startTime="2022-06-13T21:13:29.8327385+02:00" endTime="2022-06-13T21:13:29.8327569+02:00" testType="13cdc9d9-ddb5-4fa4-a97d-d965ccfc6d4b" outcome="Passed" testListId="8c84fa94-04c1-424b-9868-57a2d4851a1d" relativeResultsDirectory="c4319cd3-13d1-4314-a15c-f14c2a497066" />
    <UnitTestResult executionId="53c3f598-965e-4240-be13-552ae3edbadc" testId="5217a55b-523e-bb6a-47cc-7fbf0bc01c96" testName="FormatToStringTest1000(10370.0107542784d,&quot;10370.01 zł&quot;)" computerName="DESKTOP-5URQ9PB" duration="00:00:00.0000190" startTime="2022-06-13T21:13:29.8212535+02:00" endTime="2022-06-13T21:13:29.8212727+02:00" testType="13cdc9d9-ddb5-4fa4-a97d-d965ccfc6d4b" outcome="Passed" testListId="8c84fa94-04c1-424b-9868-57a2d4851a1d" relativeResultsDirectory="53c3f598-965e-4240-be13-552ae3edbadc" />
    <UnitTestResult executionId="aa093fba-e0c5-4cca-8725-f57748faea9e" testId="99d674fc-9d36-ee84-15f3-75180d0ffbf0" testName="FormatToStringTest1000(9818.257405763146d,&quot;9818.26 zł&quot;)" computerName="DESKTOP-5URQ9PB" duration="00:00:00.0000250" startTime="2022-06-13T21:13:29.8269012+02:00" endTime="2022-06-13T21:13:29.8269258+02:00" testType="13cdc9d9-ddb5-4fa4-a97d-d965ccfc6d4b" outcome="Passed" testListId="8c84fa94-04c1-424b-9868-57a2d4851a1d" relativeResultsDirectory="aa093fba-e0c5-4cca-8725-f57748faea9e" />
    <UnitTestResult executionId="bc79014b-6d96-4881-9433-802a91004658" testId="7e94e694-684d-fa09-70c8-651a86e03ea4" testName="FormatToStringTest1000(15669.698889610218d,&quot;15669.70 zł&quot;)" computerName="DESKTOP-5URQ9PB" duration="00:00:00.0000190" startTime="2022-06-13T21:13:29.8292262+02:00" endTime="2022-06-13T21:13:29.8292449+02:00" testType="13cdc9d9-ddb5-4fa4-a97d-d965ccfc6d4b" outcome="Passed" testListId="8c84fa94-04c1-424b-9868-57a2d4851a1d" relativeResultsDirectory="bc79014b-6d96-4881-9433-802a91004658" />
    <UnitTestResult executionId="54521822-b6a5-416f-9432-e115a50a2b06" testId="8d93f248-c3e9-e97f-b3e2-6491b331020f" testName="FormatToStringTest1000(29474.095826699442d,&quot;29474.10 zł&quot;)" computerName="DESKTOP-5URQ9PB" duration="00:00:00.0000190" startTime="2022-06-13T21:13:29.8330007+02:00" endTime="2022-06-13T21:13:29.8330192+02:00" testType="13cdc9d9-ddb5-4fa4-a97d-d965ccfc6d4b" outcome="Passed" testListId="8c84fa94-04c1-424b-9868-57a2d4851a1d" relativeResultsDirectory="54521822-b6a5-416f-9432-e115a50a2b06" />
    <UnitTestResult executionId="34eadaad-ce5f-412c-a54f-da4a58cb8a02" testId="4c344495-4967-8a3c-49bd-83047e73dd58" testName="FormatToStringTest1000(159.83786031922224d,&quot;159.84 zł&quot;)" computerName="DESKTOP-5URQ9PB" duration="00:00:00.0000180" startTime="2022-06-13T21:13:29.8080461+02:00" endTime="2022-06-13T21:13:29.8080644+02:00" testType="13cdc9d9-ddb5-4fa4-a97d-d965ccfc6d4b" outcome="Passed" testListId="8c84fa94-04c1-424b-9868-57a2d4851a1d" relativeResultsDirectory="34eadaad-ce5f-412c-a54f-da4a58cb8a02" />
    <UnitTestResult executionId="afcc801c-d644-4132-8195-2247433f665e" testId="63800d30-d6ac-f352-9000-d5ae21ee34db" testName="FormatToStringTest1000(30111.54342534372d,&quot;30111.54 zł&quot;)" computerName="DESKTOP-5URQ9PB" duration="00:00:00.0000190" startTime="2022-06-13T21:13:29.8324572+02:00" endTime="2022-06-13T21:13:29.8324764+02:00" testType="13cdc9d9-ddb5-4fa4-a97d-d965ccfc6d4b" outcome="Passed" testListId="8c84fa94-04c1-424b-9868-57a2d4851a1d" relativeResultsDirectory="afcc801c-d644-4132-8195-2247433f665e" />
    <UnitTestResult executionId="441f0569-3b55-41d9-8626-fc914b6fe9cc" testId="c02eb5c0-31bb-eec0-3d85-1a1ef8849db8" testName="FormatToStringTest1000(37954.34384365396d,&quot;37954.34 zł&quot;)" computerName="DESKTOP-5URQ9PB" duration="00:00:00.0000190" startTime="2022-06-13T21:13:29.8294553+02:00" endTime="2022-06-13T21:13:29.8294742+02:00" testType="13cdc9d9-ddb5-4fa4-a97d-d965ccfc6d4b" outcome="Passed" testListId="8c84fa94-04c1-424b-9868-57a2d4851a1d" relativeResultsDirectory="441f0569-3b55-41d9-8626-fc914b6fe9cc" />
    <UnitTestResult executionId="13b0009f-aa15-4cce-8be5-adf6a07fb03b" testId="0736f335-702e-d9c8-77f1-e0501c90e917" testName="FormatToStringTest1000(19873.59831658453d,&quot;19873.60 zł&quot;)" computerName="DESKTOP-5URQ9PB" duration="00:00:00.0000190" startTime="2022-06-13T21:13:29.8281128+02:00" endTime="2022-06-13T21:13:29.8281317+02:00" testType="13cdc9d9-ddb5-4fa4-a97d-d965ccfc6d4b" outcome="Passed" testListId="8c84fa94-04c1-424b-9868-57a2d4851a1d" relativeResultsDirectory="13b0009f-aa15-4cce-8be5-adf6a07fb03b" />
    <UnitTestResult executionId="d527f803-291d-48ed-90cf-ec9364f89ffc" testId="3ec04580-c747-9bc8-6ea0-e87ec6ca04ad" testName="FormatToStringTest1000(73151.83675918348d,&quot;73151.84 zł&quot;)" computerName="DESKTOP-5URQ9PB" duration="00:00:00.0000190" startTime="2022-06-13T21:13:29.8318159+02:00" endTime="2022-06-13T21:13:29.8318345+02:00" testType="13cdc9d9-ddb5-4fa4-a97d-d965ccfc6d4b" outcome="Passed" testListId="8c84fa94-04c1-424b-9868-57a2d4851a1d" relativeResultsDirectory="d527f803-291d-48ed-90cf-ec9364f89ffc" />
    <UnitTestResult executionId="d38ffc22-ef83-4e03-bf3d-21a4a8962923" testId="9cea378d-92c3-1f1c-ce51-cbbf77aae662" testName="FormatToStringTest1000(9765.54450809748d,&quot;9765.54 zł&quot;)" computerName="DESKTOP-5URQ9PB" duration="00:00:00.0000190" startTime="2022-06-13T21:13:29.8124985+02:00" endTime="2022-06-13T21:13:29.8125174+02:00" testType="13cdc9d9-ddb5-4fa4-a97d-d965ccfc6d4b" outcome="Passed" testListId="8c84fa94-04c1-424b-9868-57a2d4851a1d" relativeResultsDirectory="d38ffc22-ef83-4e03-bf3d-21a4a8962923" />
    <UnitTestResult executionId="f4a596a1-b031-43b8-a933-6075f175106c" testId="b8049e3c-9c33-aae7-ee13-10324d7813cb" testName="FormatToStringTest1000(19397.344749736294d,&quot;19397.34 zł&quot;)" computerName="DESKTOP-5URQ9PB" duration="00:00:00.0000190" startTime="2022-06-13T21:13:29.8317117+02:00" endTime="2022-06-13T21:13:29.8317300+02:00" testType="13cdc9d9-ddb5-4fa4-a97d-d965ccfc6d4b" outcome="Passed" testListId="8c84fa94-04c1-424b-9868-57a2d4851a1d" relativeResultsDirectory="f4a596a1-b031-43b8-a933-6075f175106c" />
    <UnitTestResult executionId="9bdcdfae-c070-406d-ba63-ce55e4fb589f" testId="e8dae4f6-1eb2-866f-8693-bdd69c27bed8" testName="FormatToStringTest1000(1884.4923513031063d,&quot;1884.49 zł&quot;)" computerName="DESKTOP-5URQ9PB" duration="00:00:00.0000210" startTime="2022-06-13T21:13:29.8226174+02:00" endTime="2022-06-13T21:13:29.8226378+02:00" testType="13cdc9d9-ddb5-4fa4-a97d-d965ccfc6d4b" outcome="Passed" testListId="8c84fa94-04c1-424b-9868-57a2d4851a1d" relativeResultsDirectory="9bdcdfae-c070-406d-ba63-ce55e4fb589f" />
    <UnitTestResult executionId="daef2807-2b87-4d14-840e-56c2a39ccbcd" testId="bfb43a18-8b27-64cf-f833-254fc2466b22" testName="FormatToStringTest1000(759.247198292635d,&quot;759.25 zł&quot;)" computerName="DESKTOP-5URQ9PB" duration="00:00:00.0000180" startTime="2022-06-13T21:13:29.8141313+02:00" endTime="2022-06-13T21:13:29.8141488+02:00" testType="13cdc9d9-ddb5-4fa4-a97d-d965ccfc6d4b" outcome="Passed" testListId="8c84fa94-04c1-424b-9868-57a2d4851a1d" relativeResultsDirectory="daef2807-2b87-4d14-840e-56c2a39ccbcd" />
    <UnitTestResult executionId="ee2e050f-0f5f-48b9-8edd-c14998a37107" testId="005bc1cf-7a4e-92d9-5bd8-b2bbb383cd58" testName="FormatToStringTest1000(60323.066780431225d,&quot;60323.07 zł&quot;)" computerName="DESKTOP-5URQ9PB" duration="00:00:00.0000190" startTime="2022-06-13T21:13:29.8126706+02:00" endTime="2022-06-13T21:13:29.8126893+02:00" testType="13cdc9d9-ddb5-4fa4-a97d-d965ccfc6d4b" outcome="Passed" testListId="8c84fa94-04c1-424b-9868-57a2d4851a1d" relativeResultsDirectory="ee2e050f-0f5f-48b9-8edd-c14998a37107" />
    <UnitTestResult executionId="9da03c8d-ec21-4d29-9a99-2340c574112f" testId="ce58807f-4456-2f1b-abea-6bcc9dcfe2eb" testName="FormatToStringTest1000(5398.2412667191775d,&quot;5398.24 zł&quot;)" computerName="DESKTOP-5URQ9PB" duration="00:00:00.0000190" startTime="2022-06-13T21:13:29.8316364+02:00" endTime="2022-06-13T21:13:29.8316548+02:00" testType="13cdc9d9-ddb5-4fa4-a97d-d965ccfc6d4b" outcome="Passed" testListId="8c84fa94-04c1-424b-9868-57a2d4851a1d" relativeResultsDirectory="9da03c8d-ec21-4d29-9a99-2340c574112f" />
    <UnitTestResult executionId="2f9a60af-bfde-4594-b10c-ddb9e90f8b6e" testId="098a6c08-89e3-c4e2-de2b-7f783c0ba1b5" testName="FormatToStringTest1000(6102.4120417453405d,&quot;6102.41 zł&quot;)" computerName="DESKTOP-5URQ9PB" duration="00:00:00.0000190" startTime="2022-06-13T21:13:29.8331024+02:00" endTime="2022-06-13T21:13:29.8331209+02:00" testType="13cdc9d9-ddb5-4fa4-a97d-d965ccfc6d4b" outcome="Passed" testListId="8c84fa94-04c1-424b-9868-57a2d4851a1d" relativeResultsDirectory="2f9a60af-bfde-4594-b10c-ddb9e90f8b6e" />
    <UnitTestResult executionId="4223afd3-cc48-4d89-8109-8e67ff3160c0" testId="bd91fcf5-5262-be00-7dbb-b8c3fec0f109" testName="FormatToStringTest1000(68507.83928906724d,&quot;68507.84 zł&quot;)" computerName="DESKTOP-5URQ9PB" duration="00:00:00.0000190" startTime="2022-06-13T21:13:29.8306305+02:00" endTime="2022-06-13T21:13:29.8306494+02:00" testType="13cdc9d9-ddb5-4fa4-a97d-d965ccfc6d4b" outcome="Passed" testListId="8c84fa94-04c1-424b-9868-57a2d4851a1d" relativeResultsDirectory="4223afd3-cc48-4d89-8109-8e67ff3160c0" />
    <UnitTestResult executionId="b446e2ba-2aea-4a10-85fa-a55bd05e6dac" testId="8762588b-d7fc-ca07-7e83-51f41467a9eb" testName="FormatToStringTest1000(12610.563163818122d,&quot;12610.56 zł&quot;)" computerName="DESKTOP-5URQ9PB" duration="00:00:00.0000190" startTime="2022-06-13T21:13:29.8308844+02:00" endTime="2022-06-13T21:13:29.8309035+02:00" testType="13cdc9d9-ddb5-4fa4-a97d-d965ccfc6d4b" outcome="Passed" testListId="8c84fa94-04c1-424b-9868-57a2d4851a1d" relativeResultsDirectory="b446e2ba-2aea-4a10-85fa-a55bd05e6dac" />
    <UnitTestResult executionId="f01d84fe-d797-4be1-bb1c-ddbdac293765" testId="23390089-a1b0-0859-3cf4-aeec4a54a63a" testName="FormatToStringTest1000(45887.58415794167d,&quot;45887.58 zł&quot;)" computerName="DESKTOP-5URQ9PB" duration="00:00:00.0000200" startTime="2022-06-13T21:13:29.8241311+02:00" endTime="2022-06-13T21:13:29.8241509+02:00" testType="13cdc9d9-ddb5-4fa4-a97d-d965ccfc6d4b" outcome="Passed" testListId="8c84fa94-04c1-424b-9868-57a2d4851a1d" relativeResultsDirectory="f01d84fe-d797-4be1-bb1c-ddbdac293765" />
    <UnitTestResult executionId="1ccca771-dba3-4b1a-a9cd-60f3c4d9e905" testId="ad74bc79-5a2e-0559-0112-48492a8006d2" testName="FormatToStringTest1000(52481.07276821932d,&quot;52481.07 zł&quot;)" computerName="DESKTOP-5URQ9PB" duration="00:00:00.0000180" startTime="2022-06-13T21:13:29.8266511+02:00" endTime="2022-06-13T21:13:29.8266692+02:00" testType="13cdc9d9-ddb5-4fa4-a97d-d965ccfc6d4b" outcome="Passed" testListId="8c84fa94-04c1-424b-9868-57a2d4851a1d" relativeResultsDirectory="1ccca771-dba3-4b1a-a9cd-60f3c4d9e905" />
    <UnitTestResult executionId="2e40d586-a589-4329-9888-5ce0729376e7" testId="eef249b6-8ce5-ce2e-1d6e-3786477a589e" testName="FormatToStringTest1000(59919.71489415491d,&quot;59919.71 zł&quot;)" computerName="DESKTOP-5URQ9PB" duration="00:00:00.0000180" startTime="2022-06-13T21:13:29.8237869+02:00" endTime="2022-06-13T21:13:29.8238050+02:00" testType="13cdc9d9-ddb5-4fa4-a97d-d965ccfc6d4b" outcome="Passed" testListId="8c84fa94-04c1-424b-9868-57a2d4851a1d" relativeResultsDirectory="2e40d586-a589-4329-9888-5ce0729376e7" />
    <UnitTestResult executionId="45ab4f42-9138-4e96-96cb-cd9a811f4451" testId="cd871e9d-7935-e907-4a89-0e7db877a7c7" testName="FormatToStringTest1000(14475.498583194567d,&quot;14475.50 zł&quot;)" computerName="DESKTOP-5URQ9PB" duration="00:00:00.0000190" startTime="2022-06-13T21:13:29.8316861+02:00" endTime="2022-06-13T21:13:29.8317051+02:00" testType="13cdc9d9-ddb5-4fa4-a97d-d965ccfc6d4b" outcome="Passed" testListId="8c84fa94-04c1-424b-9868-57a2d4851a1d" relativeResultsDirectory="45ab4f42-9138-4e96-96cb-cd9a811f4451" />
    <UnitTestResult executionId="c588eca5-d2e0-4e44-98a6-64f378cf3071" testId="b7ec82f7-3497-4dc6-bb74-fbcde89b4ab4" testName="FormatToStringTest1000(1181.5773122979222d,&quot;1181.58 zł&quot;)" computerName="DESKTOP-5URQ9PB" duration="00:00:00.0000300" startTime="2022-06-13T21:13:29.8195244+02:00" endTime="2022-06-13T21:13:29.8195542+02:00" testType="13cdc9d9-ddb5-4fa4-a97d-d965ccfc6d4b" outcome="Passed" testListId="8c84fa94-04c1-424b-9868-57a2d4851a1d" relativeResultsDirectory="c588eca5-d2e0-4e44-98a6-64f378cf3071" />
    <UnitTestResult executionId="d171b876-6cdf-4b25-8a26-2b95096a861e" testId="43e0f701-5f55-5e32-84f3-972dc14c0c0b" testName="FormatToStringTest1000(15414.175096961751d,&quot;15414.18 zł&quot;)" computerName="DESKTOP-5URQ9PB" duration="00:00:00.0000190" startTime="2022-06-13T21:13:29.8096447+02:00" endTime="2022-06-13T21:13:29.8096633+02:00" testType="13cdc9d9-ddb5-4fa4-a97d-d965ccfc6d4b" outcome="Passed" testListId="8c84fa94-04c1-424b-9868-57a2d4851a1d" relativeResultsDirectory="d171b876-6cdf-4b25-8a26-2b95096a861e" />
    <UnitTestResult executionId="4354ad19-cb09-4acb-8884-ebb70ab41dcf" testId="5220db90-feed-daf9-71ce-ce8aa9bc9232" testName="FormatToStringTest1000(1108.7197928823157d,&quot;1108.72 zł&quot;)" computerName="DESKTOP-5URQ9PB" duration="00:00:00.0000180" startTime="2022-06-13T21:13:29.8081934+02:00" endTime="2022-06-13T21:13:29.8082110+02:00" testType="13cdc9d9-ddb5-4fa4-a97d-d965ccfc6d4b" outcome="Passed" testListId="8c84fa94-04c1-424b-9868-57a2d4851a1d" relativeResultsDirectory="4354ad19-cb09-4acb-8884-ebb70ab41dcf" />
    <UnitTestResult executionId="4764d2e6-b617-4aee-b245-ebf308f88757" testId="2be600d2-247c-9e20-d84c-921afba648ed" testName="FormatToStringTest1000(36651.05802063414d,&quot;36651.06 zł&quot;)" computerName="DESKTOP-5URQ9PB" duration="00:00:00.0000180" startTime="2022-06-13T21:13:29.8097184+02:00" endTime="2022-06-13T21:13:29.8097360+02:00" testType="13cdc9d9-ddb5-4fa4-a97d-d965ccfc6d4b" outcome="Passed" testListId="8c84fa94-04c1-424b-9868-57a2d4851a1d" relativeResultsDirectory="4764d2e6-b617-4aee-b245-ebf308f88757" />
    <UnitTestResult executionId="5f7be59a-40ef-46cd-836c-c971571b56ca" testId="9e338ff4-5402-3f35-08f3-bafb7669b187" testName="FormatToStringTest1000(13092.45389243609d,&quot;13092.45 zł&quot;)" computerName="DESKTOP-5URQ9PB" duration="00:00:00.0000190" startTime="2022-06-13T21:13:29.8308343+02:00" endTime="2022-06-13T21:13:29.8308532+02:00" testType="13cdc9d9-ddb5-4fa4-a97d-d965ccfc6d4b" outcome="Passed" testListId="8c84fa94-04c1-424b-9868-57a2d4851a1d" relativeResultsDirectory="5f7be59a-40ef-46cd-836c-c971571b56ca" />
    <UnitTestResult executionId="a7c87934-b39b-4737-9e28-7906d253fdb5" testId="9f2dc98f-6aa2-694c-8819-9ccfd93e4fc8" testName="FormatToStringTest1000(1669.555150571072d,&quot;1669.56 zł&quot;)" computerName="DESKTOP-5URQ9PB" duration="00:00:00.0000190" startTime="2022-06-13T21:13:29.8324830+02:00" endTime="2022-06-13T21:13:29.8325013+02:00" testType="13cdc9d9-ddb5-4fa4-a97d-d965ccfc6d4b" outcome="Passed" testListId="8c84fa94-04c1-424b-9868-57a2d4851a1d" relativeResultsDirectory="a7c87934-b39b-4737-9e28-7906d253fdb5" />
    <UnitTestResult executionId="b84e4b75-535f-4ca9-aae6-ae17f9aab3b5" testId="7be4f16e-73d9-91a8-2b92-68f269673cb9" testName="FormatToStringTest1000(19463.08761954917d,&quot;19463.09 zł&quot;)" computerName="DESKTOP-5URQ9PB" duration="00:00:00.0000190" startTime="2022-06-13T21:13:29.8223377+02:00" endTime="2022-06-13T21:13:29.8223566+02:00" testType="13cdc9d9-ddb5-4fa4-a97d-d965ccfc6d4b" outcome="Passed" testListId="8c84fa94-04c1-424b-9868-57a2d4851a1d" relativeResultsDirectory="b84e4b75-535f-4ca9-aae6-ae17f9aab3b5" />
    <UnitTestResult executionId="7ff85339-05de-4828-807c-1dd7b48387cf" testId="e8d6ba9d-db50-0e05-06db-5789675388b8" testName="FormatToStringTest1000(34021.1384072961d,&quot;34021.14 zł&quot;)" computerName="DESKTOP-5URQ9PB" duration="00:00:00.0000310" startTime="2022-06-13T21:13:29.8341036+02:00" endTime="2022-06-13T21:13:29.8341340+02:00" testType="13cdc9d9-ddb5-4fa4-a97d-d965ccfc6d4b" outcome="Passed" testListId="8c84fa94-04c1-424b-9868-57a2d4851a1d" relativeResultsDirectory="7ff85339-05de-4828-807c-1dd7b48387cf" />
    <UnitTestResult executionId="e45122e1-c8b5-4cba-b69a-319fcfb6c6b6" testId="e38d99c7-c0fe-6520-2d4e-c3d7dce714b0" testName="FormatToStringTest1000(38253.101637909705d,&quot;38253.10 zł&quot;)" computerName="DESKTOP-5URQ9PB" duration="00:00:00.0000200" startTime="2022-06-13T21:13:29.8256368+02:00" endTime="2022-06-13T21:13:29.8256563+02:00" testType="13cdc9d9-ddb5-4fa4-a97d-d965ccfc6d4b" outcome="Passed" testListId="8c84fa94-04c1-424b-9868-57a2d4851a1d" relativeResultsDirectory="e45122e1-c8b5-4cba-b69a-319fcfb6c6b6" />
    <UnitTestResult executionId="6ac16090-2364-4447-a4f8-c84bdb51d52d" testId="bc954cfc-79b1-8687-e8d1-aab98a75fd1a" testName="FormatToStringTest1000(25990.318498101697d,&quot;25990.32 zł&quot;)" computerName="DESKTOP-5URQ9PB" duration="00:00:00.0000180" startTime="2022-06-13T21:13:29.8085832+02:00" endTime="2022-06-13T21:13:29.8086008+02:00" testType="13cdc9d9-ddb5-4fa4-a97d-d965ccfc6d4b" outcome="Passed" testListId="8c84fa94-04c1-424b-9868-57a2d4851a1d" relativeResultsDirectory="6ac16090-2364-4447-a4f8-c84bdb51d52d" />
    <UnitTestResult executionId="cdab2ab6-14da-423a-b027-41245e142bfc" testId="0741a97b-fe60-742a-1f50-b38d8a9cae33" testName="FormatToStringTest1000(6466.872242818062d,&quot;6466.87 zł&quot;)" computerName="DESKTOP-5URQ9PB" duration="00:00:00.0000190" startTime="2022-06-13T21:13:29.8256628+02:00" endTime="2022-06-13T21:13:29.8256819+02:00" testType="13cdc9d9-ddb5-4fa4-a97d-d965ccfc6d4b" outcome="Passed" testListId="8c84fa94-04c1-424b-9868-57a2d4851a1d" relativeResultsDirectory="cdab2ab6-14da-423a-b027-41245e142bfc" />
    <UnitTestResult executionId="a5139f3b-9263-42b4-b1bf-c3f9cfae36fe" testId="60e1884b-abd9-92c1-f58c-08f7b4b4de40" testName="FormatToStringTest1000(29926.595417457444d,&quot;29926.60 zł&quot;)" computerName="DESKTOP-5URQ9PB" duration="00:00:00.0000190" startTime="2022-06-13T21:13:29.8274946+02:00" endTime="2022-06-13T21:13:29.8275131+02:00" testType="13cdc9d9-ddb5-4fa4-a97d-d965ccfc6d4b" outcome="Passed" testListId="8c84fa94-04c1-424b-9868-57a2d4851a1d" relativeResultsDirectory="a5139f3b-9263-42b4-b1bf-c3f9cfae36fe" />
    <UnitTestResult executionId="6e0f4350-fd80-4753-8528-2804f4f75d6d" testId="9aef4d88-299a-c26b-3a27-57af3cba67d3" testName="FormatToStringTest1000(10527.083945901639d,&quot;10527.08 zł&quot;)" computerName="DESKTOP-5URQ9PB" duration="00:00:00.0000190" startTime="2022-06-13T21:13:29.8283426+02:00" endTime="2022-06-13T21:13:29.8283613+02:00" testType="13cdc9d9-ddb5-4fa4-a97d-d965ccfc6d4b" outcome="Passed" testListId="8c84fa94-04c1-424b-9868-57a2d4851a1d" relativeResultsDirectory="6e0f4350-fd80-4753-8528-2804f4f75d6d" />
    <UnitTestResult executionId="c81c51eb-7059-4242-8eb3-fdd197364665" testId="1ea77442-f3cd-edae-4255-8405196cf08f" testName="FormatToStringTest1000(748.6264857065987d,&quot;748.63 zł&quot;)" computerName="DESKTOP-5URQ9PB" duration="00:00:00.0000270" startTime="2022-06-13T21:13:29.8201921+02:00" endTime="2022-06-13T21:13:29.8202185+02:00" testType="13cdc9d9-ddb5-4fa4-a97d-d965ccfc6d4b" outcome="Passed" testListId="8c84fa94-04c1-424b-9868-57a2d4851a1d" relativeResultsDirectory="c81c51eb-7059-4242-8eb3-fdd197364665" />
    <UnitTestResult executionId="dce8fc9e-ffa5-4b6e-a292-4da1123f8e85" testId="42689aba-eefd-f694-336d-6d6d7296f289" testName="FormatToStringTest1000(41876.979471482795d,&quot;41876.98 zł&quot;)" computerName="DESKTOP-5URQ9PB" duration="00:00:00.0000180" startTime="2022-06-13T21:13:29.8094473+02:00" endTime="2022-06-13T21:13:29.8094654+02:00" testType="13cdc9d9-ddb5-4fa4-a97d-d965ccfc6d4b" outcome="Passed" testListId="8c84fa94-04c1-424b-9868-57a2d4851a1d" relativeResultsDirectory="dce8fc9e-ffa5-4b6e-a292-4da1123f8e85" />
    <UnitTestResult executionId="a1cb8ed0-005f-4bb5-8afb-48b9eec2bd90" testId="5793f365-d163-be21-ca1f-4a66a13f32b3" testName="FormatToStringTest1000(60701.5177499319d,&quot;60701.52 zł&quot;)" computerName="DESKTOP-5URQ9PB" duration="00:00:00.0000190" startTime="2022-06-13T21:13:29.8253578+02:00" endTime="2022-06-13T21:13:29.8253764+02:00" testType="13cdc9d9-ddb5-4fa4-a97d-d965ccfc6d4b" outcome="Passed" testListId="8c84fa94-04c1-424b-9868-57a2d4851a1d" relativeResultsDirectory="a1cb8ed0-005f-4bb5-8afb-48b9eec2bd90" />
    <UnitTestResult executionId="91d15d73-529e-476f-ad13-4d919f5560b2" testId="17d839f5-53e2-230c-5fc7-a871a7838f84" testName="FormatToStringTest1000(31315.40354898544d,&quot;31315.40 zł&quot;)" computerName="DESKTOP-5URQ9PB" duration="00:00:00.0000190" startTime="2022-06-13T21:13:29.8261184+02:00" endTime="2022-06-13T21:13:29.8261368+02:00" testType="13cdc9d9-ddb5-4fa4-a97d-d965ccfc6d4b" outcome="Passed" testListId="8c84fa94-04c1-424b-9868-57a2d4851a1d" relativeResultsDirectory="91d15d73-529e-476f-ad13-4d919f5560b2" />
    <UnitTestResult executionId="7f806201-1b16-4c13-be6c-a5de1446ca4c" testId="d2a2118e-f836-73de-010f-9e6a0f9038b3" testName="FormatToStringTest1000(16161.963229990548d,&quot;16161.96 zł&quot;)" computerName="DESKTOP-5URQ9PB" duration="00:00:00.0000180" startTime="2022-06-13T21:13:29.8264241+02:00" endTime="2022-06-13T21:13:29.8264422+02:00" testType="13cdc9d9-ddb5-4fa4-a97d-d965ccfc6d4b" outcome="Passed" testListId="8c84fa94-04c1-424b-9868-57a2d4851a1d" relativeResultsDirectory="7f806201-1b16-4c13-be6c-a5de1446ca4c" />
    <UnitTestResult executionId="7d3fab46-951f-4d44-bdf7-ddf5fbf2d6b3" testId="ae7cb376-4ef2-2742-75ce-61ea6adcde54" testName="FormatToStringTest1000(30578.687538491416d,&quot;30578.69 zł&quot;)" computerName="DESKTOP-5URQ9PB" duration="00:00:00.0000190" startTime="2022-06-13T21:13:29.8143282+02:00" endTime="2022-06-13T21:13:29.8143464+02:00" testType="13cdc9d9-ddb5-4fa4-a97d-d965ccfc6d4b" outcome="Passed" testListId="8c84fa94-04c1-424b-9868-57a2d4851a1d" relativeResultsDirectory="7d3fab46-951f-4d44-bdf7-ddf5fbf2d6b3" />
    <UnitTestResult executionId="d9f59efc-1ec6-40ca-9fa4-b2d0994f5b99" testId="3c433d09-bfc8-05ae-376b-cff8f69161af" testName="FormatToStringTest1000(63946.51014057478d,&quot;63946.51 zł&quot;)" computerName="DESKTOP-5URQ9PB" duration="00:00:00.0000200" startTime="2022-06-13T21:13:29.8240792+02:00" endTime="2022-06-13T21:13:29.8240994+02:00" testType="13cdc9d9-ddb5-4fa4-a97d-d965ccfc6d4b" outcome="Passed" testListId="8c84fa94-04c1-424b-9868-57a2d4851a1d" relativeResultsDirectory="d9f59efc-1ec6-40ca-9fa4-b2d0994f5b99" />
    <UnitTestResult executionId="7076e851-4539-4dac-8d11-f2e8a7c386b7" testId="7875ceff-fafb-ef65-16f6-def9c021cbb8" testName="FormatToStringTest1000(11118.620997698335d,&quot;11118.62 zł&quot;)" computerName="DESKTOP-5URQ9PB" duration="00:00:00.0000320" startTime="2022-06-13T21:13:29.8185078+02:00" endTime="2022-06-13T21:13:29.8185395+02:00" testType="13cdc9d9-ddb5-4fa4-a97d-d965ccfc6d4b" outcome="Passed" testListId="8c84fa94-04c1-424b-9868-57a2d4851a1d" relativeResultsDirectory="7076e851-4539-4dac-8d11-f2e8a7c386b7" />
    <UnitTestResult executionId="410c5ef1-d10f-4437-a969-95c790b7f113" testId="eaf85606-7f0d-3e94-fb5d-ed88b536baa0" testName="FormatToStringTest1000(41008.28505327194d,&quot;41008.29 zł&quot;)" computerName="DESKTOP-5URQ9PB" duration="00:00:00.0000190" startTime="2022-06-13T21:13:29.8279597+02:00" endTime="2022-06-13T21:13:29.8279789+02:00" testType="13cdc9d9-ddb5-4fa4-a97d-d965ccfc6d4b" outcome="Passed" testListId="8c84fa94-04c1-424b-9868-57a2d4851a1d" relativeResultsDirectory="410c5ef1-d10f-4437-a969-95c790b7f113" />
    <UnitTestResult executionId="09e8e555-238b-493f-9c75-eda8e4022a6b" testId="3436028f-e5c2-d0e3-5f92-c1e23c8a73cc" testName="FormatToStringTest1000(7715.904444139406d,&quot;7715.90 zł&quot;)" computerName="DESKTOP-5URQ9PB" duration="00:00:00.0000270" startTime="2022-06-13T21:13:29.8203919+02:00" endTime="2022-06-13T21:13:29.8204184+02:00" testType="13cdc9d9-ddb5-4fa4-a97d-d965ccfc6d4b" outcome="Passed" testListId="8c84fa94-04c1-424b-9868-57a2d4851a1d" relativeResultsDirectory="09e8e555-238b-493f-9c75-eda8e4022a6b" />
    <UnitTestResult executionId="947ab504-35c6-4864-97e2-5ae4c53d7527" testId="897eda60-aa9c-bf46-7037-9c91ac01a451" testName="FormatToStringTest1000(14237.13226245955d,&quot;14237.13 zł&quot;)" computerName="DESKTOP-5URQ9PB" duration="00:00:00.0000210" startTime="2022-06-13T21:13:29.8076280+02:00" endTime="2022-06-13T21:13:29.8076492+02:00" testType="13cdc9d9-ddb5-4fa4-a97d-d965ccfc6d4b" outcome="Passed" testListId="8c84fa94-04c1-424b-9868-57a2d4851a1d" relativeResultsDirectory="947ab504-35c6-4864-97e2-5ae4c53d7527" />
    <UnitTestResult executionId="611c23fc-11f6-4117-b236-0d203b99e5f3" testId="5fa0a4c4-15f2-a193-6e7e-18d36636da1f" testName="FormatToStringTest1000(38845.74924104323d,&quot;38845.75 zł&quot;)" computerName="DESKTOP-5URQ9PB" duration="00:00:00.0000190" startTime="2022-06-13T21:13:29.8306559+02:00" endTime="2022-06-13T21:13:29.8306744+02:00" testType="13cdc9d9-ddb5-4fa4-a97d-d965ccfc6d4b" outcome="Passed" testListId="8c84fa94-04c1-424b-9868-57a2d4851a1d" relativeResultsDirectory="611c23fc-11f6-4117-b236-0d203b99e5f3" />
    <UnitTestResult executionId="8461ac9a-900d-446f-91f7-5bab6cbda7a8" testId="3c732fdd-347f-bf9b-4cee-87347d32525f" testName="FormatToStringTest1000(626.135364110179d,&quot;626.14 zł&quot;)" computerName="DESKTOP-5URQ9PB" duration="00:00:00.0000190" startTime="2022-06-13T21:13:29.8122531+02:00" endTime="2022-06-13T21:13:29.8122719+02:00" testType="13cdc9d9-ddb5-4fa4-a97d-d965ccfc6d4b" outcome="Passed" testListId="8c84fa94-04c1-424b-9868-57a2d4851a1d" relativeResultsDirectory="8461ac9a-900d-446f-91f7-5bab6cbda7a8" />
    <UnitTestResult executionId="6805329c-4e31-4123-9e89-7dbf0f3febd4" testId="7af319c8-84cb-197c-29fc-ea5e77c2f3be" testName="FormatToStringTest1000(33413.381276228174d,&quot;33413.38 zł&quot;)" computerName="DESKTOP-5URQ9PB" duration="00:00:00.0000260" startTime="2022-06-13T21:13:29.8172212+02:00" endTime="2022-06-13T21:13:29.8172467+02:00" testType="13cdc9d9-ddb5-4fa4-a97d-d965ccfc6d4b" outcome="Passed" testListId="8c84fa94-04c1-424b-9868-57a2d4851a1d" relativeResultsDirectory="6805329c-4e31-4123-9e89-7dbf0f3febd4" />
    <UnitTestResult executionId="117bd8e4-14ad-4d1a-aa4d-8b9ecfc05d23" testId="832e2e19-99a8-b743-8cd7-c0180c963ece" testName="FormatToStringTest1000(5140.16338917155d,&quot;5140.16 zł&quot;)" computerName="DESKTOP-5URQ9PB" duration="00:00:00.0000190" startTime="2022-06-13T21:13:29.8246449+02:00" endTime="2022-06-13T21:13:29.8246639+02:00" testType="13cdc9d9-ddb5-4fa4-a97d-d965ccfc6d4b" outcome="Passed" testListId="8c84fa94-04c1-424b-9868-57a2d4851a1d" relativeResultsDirectory="117bd8e4-14ad-4d1a-aa4d-8b9ecfc05d23" />
    <UnitTestResult executionId="0f85962a-213f-4405-b845-9dfb63e09dd1" testId="a05c6c11-7f69-6883-58ae-614dcfca1729" testName="FormatToStringTest1000(22291.653251342315d,&quot;22291.65 zł&quot;)" computerName="DESKTOP-5URQ9PB" duration="00:00:00.0000200" startTime="2022-06-13T21:13:29.8076021+02:00" endTime="2022-06-13T21:13:29.8076216+02:00" testType="13cdc9d9-ddb5-4fa4-a97d-d965ccfc6d4b" outcome="Passed" testListId="8c84fa94-04c1-424b-9868-57a2d4851a1d" relativeResultsDirectory="0f85962a-213f-4405-b845-9dfb63e09dd1" />
    <UnitTestResult executionId="c77c9994-03a2-42fb-8591-b22ffa44e65d" testId="4951aa5a-960f-b892-8f82-3d3748c1e3da" testName="FormatToStringTest1000(17232.486162219426d,&quot;17232.49 zł&quot;)" computerName="DESKTOP-5URQ9PB" duration="00:00:00.0000180" startTime="2022-06-13T21:13:29.8143527+02:00" endTime="2022-06-13T21:13:29.8143706+02:00" testType="13cdc9d9-ddb5-4fa4-a97d-d965ccfc6d4b" outcome="Passed" testListId="8c84fa94-04c1-424b-9868-57a2d4851a1d" relativeResultsDirectory="c77c9994-03a2-42fb-8591-b22ffa44e65d" />
    <UnitTestResult executionId="3d1a17dd-40a6-45b9-a9cc-35e095c96bf8" testId="e238789f-1332-cb64-de78-1a020fa88304" testName="FormatToStringTest1000(28861.97337596769d,&quot;28861.97 zł&quot;)" computerName="DESKTOP-5URQ9PB" duration="00:00:00.0000260" startTime="2022-06-13T21:13:29.8166964+02:00" endTime="2022-06-13T21:13:29.8167220+02:00" testType="13cdc9d9-ddb5-4fa4-a97d-d965ccfc6d4b" outcome="Passed" testListId="8c84fa94-04c1-424b-9868-57a2d4851a1d" relativeResultsDirectory="3d1a17dd-40a6-45b9-a9cc-35e095c96bf8" />
    <UnitTestResult executionId="abed2648-27d0-4bf0-80a1-1bc4cd2410f1" testId="9bd1c538-5b49-0158-94f6-e9be1859d678" testName="FormatToStringTest1000(5876.112133716285d,&quot;5876.11 zł&quot;)" computerName="DESKTOP-5URQ9PB" duration="00:00:00.0000190" startTime="2022-06-13T21:13:29.8295072+02:00" endTime="2022-06-13T21:13:29.8295256+02:00" testType="13cdc9d9-ddb5-4fa4-a97d-d965ccfc6d4b" outcome="Passed" testListId="8c84fa94-04c1-424b-9868-57a2d4851a1d" relativeResultsDirectory="abed2648-27d0-4bf0-80a1-1bc4cd2410f1" />
    <UnitTestResult executionId="93b14d9f-c892-4519-b67a-b055835e3fc8" testId="7806c973-d637-45cf-930a-0b315d29c540" testName="FormatToStringTest1000(15822.278766386342d,&quot;15822.28 zł&quot;)" computerName="DESKTOP-5URQ9PB" duration="00:00:00.0000180" startTime="2022-06-13T21:13:29.8152928+02:00" endTime="2022-06-13T21:13:29.8153106+02:00" testType="13cdc9d9-ddb5-4fa4-a97d-d965ccfc6d4b" outcome="Passed" testListId="8c84fa94-04c1-424b-9868-57a2d4851a1d" relativeResultsDirectory="93b14d9f-c892-4519-b67a-b055835e3fc8" />
    <UnitTestResult executionId="bb732298-7106-49b5-8fb4-619bf978c389" testId="e34fd7ec-376b-5cd9-f43c-324b72764f5f" testName="FormatToStringTest1000(3694.480496819355d,&quot;3694.48 zł&quot;)" computerName="DESKTOP-5URQ9PB" duration="00:00:00.0000180" startTime="2022-06-13T21:13:29.8123515+02:00" endTime="2022-06-13T21:13:29.8123694+02:00" testType="13cdc9d9-ddb5-4fa4-a97d-d965ccfc6d4b" outcome="Passed" testListId="8c84fa94-04c1-424b-9868-57a2d4851a1d" relativeResultsDirectory="bb732298-7106-49b5-8fb4-619bf978c389" />
    <UnitTestResult executionId="d485716b-884d-49d5-8ea0-ce4ce51cfc4e" testId="cee9a7d1-ec49-f6f1-a300-399ccd3bc1b7" testName="FormatToStringTest1000(66019.32414194118d,&quot;66019.32 zł&quot;)" computerName="DESKTOP-5URQ9PB" duration="00:00:00.0000210" startTime="2022-06-13T21:13:29.8078329+02:00" endTime="2022-06-13T21:13:29.8078539+02:00" testType="13cdc9d9-ddb5-4fa4-a97d-d965ccfc6d4b" outcome="Passed" testListId="8c84fa94-04c1-424b-9868-57a2d4851a1d" relativeResultsDirectory="d485716b-884d-49d5-8ea0-ce4ce51cfc4e" />
    <UnitTestResult executionId="d9440a86-8a54-4fad-be55-d6f321ff8dd6" testId="837c6681-7a11-fda1-e2c1-66903c24de53" testName="FormatToStringTest1000(11989.099505855282d,&quot;11989.10 zł&quot;)" computerName="DESKTOP-5URQ9PB" duration="00:00:00.0000180" startTime="2022-06-13T21:13:29.8337104+02:00" endTime="2022-06-13T21:13:29.8337286+02:00" testType="13cdc9d9-ddb5-4fa4-a97d-d965ccfc6d4b" outcome="Passed" testListId="8c84fa94-04c1-424b-9868-57a2d4851a1d" relativeResultsDirectory="d9440a86-8a54-4fad-be55-d6f321ff8dd6" />
    <UnitTestResult executionId="88d0cc74-0266-4e49-8b5a-db6f91a88b06" testId="b7b5c3d9-6be3-63ed-4bf9-77972c7bde14" testName="FormatToStringTest1000(1745.490603896552d,&quot;1745.49 zł&quot;)" computerName="DESKTOP-5URQ9PB" duration="00:00:00.0000190" startTime="2022-06-13T21:13:29.8123268+02:00" endTime="2022-06-13T21:13:29.8123453+02:00" testType="13cdc9d9-ddb5-4fa4-a97d-d965ccfc6d4b" outcome="Passed" testListId="8c84fa94-04c1-424b-9868-57a2d4851a1d" relativeResultsDirectory="88d0cc74-0266-4e49-8b5a-db6f91a88b06" />
    <UnitTestResult executionId="5352a757-9c68-456c-a6e2-564c3a20dba1" testId="09dc5d9b-3822-771d-84ba-e650ae497aa7" testName="FormatToStringTest1000(22678.795878462864d,&quot;22678.80 zł&quot;)" computerName="DESKTOP-5URQ9PB" duration="00:00:00.0000190" startTime="2022-06-13T21:13:29.8280620+02:00" endTime="2022-06-13T21:13:29.8280807+02:00" testType="13cdc9d9-ddb5-4fa4-a97d-d965ccfc6d4b" outcome="Passed" testListId="8c84fa94-04c1-424b-9868-57a2d4851a1d" relativeResultsDirectory="5352a757-9c68-456c-a6e2-564c3a20dba1" />
    <UnitTestResult executionId="edcdbdc5-2170-4826-a496-04bbc8662190" testId="9ef22620-233d-af50-c838-ed1dcd20ddc6" testName="FormatToStringTest1000(30410.68214617003d,&quot;30410.68 zł&quot;)" computerName="DESKTOP-5URQ9PB" duration="00:00:00.0000200" startTime="2022-06-13T21:13:29.8211486+02:00" endTime="2022-06-13T21:13:29.8211685+02:00" testType="13cdc9d9-ddb5-4fa4-a97d-d965ccfc6d4b" outcome="Passed" testListId="8c84fa94-04c1-424b-9868-57a2d4851a1d" relativeResultsDirectory="edcdbdc5-2170-4826-a496-04bbc8662190" />
    <UnitTestResult executionId="2a89f46d-6329-4fbf-89ad-0c72efe9c87c" testId="f557024d-69b9-3152-827e-4e57b8d0868d" testName="FormatToStringTest1000(96.75594581512546d,&quot;96.76 zł&quot;)" computerName="DESKTOP-5URQ9PB" duration="00:00:00.0000180" startTime="2022-06-13T21:13:29.8085591+02:00" endTime="2022-06-13T21:13:29.8085771+02:00" testType="13cdc9d9-ddb5-4fa4-a97d-d965ccfc6d4b" outcome="Passed" testListId="8c84fa94-04c1-424b-9868-57a2d4851a1d" relativeResultsDirectory="2a89f46d-6329-4fbf-89ad-0c72efe9c87c" />
    <UnitTestResult executionId="280eed7c-1b86-4ddc-a2c8-68fcf3a6cd5b" testId="44562592-e269-1796-e138-85487f7a2be9" testName="FormatToStringTest1000(12118.31777677048d,&quot;12118.32 zł&quot;)" computerName="DESKTOP-5URQ9PB" duration="00:00:00.0000190" startTime="2022-06-13T21:13:29.8287019+02:00" endTime="2022-06-13T21:13:29.8287203+02:00" testType="13cdc9d9-ddb5-4fa4-a97d-d965ccfc6d4b" outcome="Passed" testListId="8c84fa94-04c1-424b-9868-57a2d4851a1d" relativeResultsDirectory="280eed7c-1b86-4ddc-a2c8-68fcf3a6cd5b" />
    <UnitTestResult executionId="6b0c9476-013d-46c7-a50b-e46e0af7b4c8" testId="685e65c6-c415-f45e-d0fc-3f95f4859375" testName="FormatToStringTest1000(2992.6161168593057d,&quot;2992.62 zł&quot;)" computerName="DESKTOP-5URQ9PB" duration="00:00:00.0000190" startTime="2022-06-13T21:13:29.8293013+02:00" endTime="2022-06-13T21:13:29.8293203+02:00" testType="13cdc9d9-ddb5-4fa4-a97d-d965ccfc6d4b" outcome="Passed" testListId="8c84fa94-04c1-424b-9868-57a2d4851a1d" relativeResultsDirectory="6b0c9476-013d-46c7-a50b-e46e0af7b4c8" />
    <UnitTestResult executionId="ef3a2c2d-35f4-4780-a148-ea33504951ad" testId="abb79c21-cbdf-18a9-eb27-48d7cd452ee8" testName="FormatToStringTest1000(28972.23604401212d,&quot;28972.24 zł&quot;)" computerName="DESKTOP-5URQ9PB" duration="00:00:00.0000190" startTime="2022-06-13T21:13:29.8244145+02:00" endTime="2022-06-13T21:13:29.8244329+02:00" testType="13cdc9d9-ddb5-4fa4-a97d-d965ccfc6d4b" outcome="Passed" testListId="8c84fa94-04c1-424b-9868-57a2d4851a1d" relativeResultsDirectory="ef3a2c2d-35f4-4780-a148-ea33504951ad" />
    <UnitTestResult executionId="72d45fba-7760-4a3e-b320-45e17cc5e6ac" testId="4d74b8de-5123-86ec-ab4f-2d4ce6434a23" testName="FormatToStringTest1000(23120.169499649743d,&quot;23120.17 zł&quot;)" computerName="DESKTOP-5URQ9PB" duration="00:00:00.0000180" startTime="2022-06-13T21:13:29.8302506+02:00" endTime="2022-06-13T21:13:29.8302688+02:00" testType="13cdc9d9-ddb5-4fa4-a97d-d965ccfc6d4b" outcome="Passed" testListId="8c84fa94-04c1-424b-9868-57a2d4851a1d" relativeResultsDirectory="72d45fba-7760-4a3e-b320-45e17cc5e6ac" />
    <UnitTestResult executionId="d0b6c4ce-9283-4f91-a0d4-fd99f568a1ea" testId="6e94a57e-5259-7bdc-f138-c47a49ede1a1" testName="FormatToStringTest1000(14218.204344010543d,&quot;14218.20 zł&quot;)" computerName="DESKTOP-5URQ9PB" duration="00:00:00.0000190" startTime="2022-06-13T21:13:29.8300220+02:00" endTime="2022-06-13T21:13:29.8300405+02:00" testType="13cdc9d9-ddb5-4fa4-a97d-d965ccfc6d4b" outcome="Passed" testListId="8c84fa94-04c1-424b-9868-57a2d4851a1d" relativeResultsDirectory="d0b6c4ce-9283-4f91-a0d4-fd99f568a1ea" />
    <UnitTestResult executionId="6ed8ff61-51b6-4789-9c36-94cb56bdd856" testId="e6917a9a-a471-dbed-84cc-6e63cf19f9df" testName="FormatToStringTest1000(28583.827618148098d,&quot;28583.83 zł&quot;)" computerName="DESKTOP-5URQ9PB" duration="00:00:00.0000180" startTime="2022-06-13T21:13:29.8107012+02:00" endTime="2022-06-13T21:13:29.8107189+02:00" testType="13cdc9d9-ddb5-4fa4-a97d-d965ccfc6d4b" outcome="Passed" testListId="8c84fa94-04c1-424b-9868-57a2d4851a1d" relativeResultsDirectory="6ed8ff61-51b6-4789-9c36-94cb56bdd856" />
    <UnitTestResult executionId="49fc7e51-e138-4de7-a9b2-f8de72154a1b" testId="796d7949-31f4-bb9f-3f5b-ffa9238af688" testName="FormatToStringTest1000(75214.75000876503d,&quot;75214.75 zł&quot;)" computerName="DESKTOP-5URQ9PB" duration="00:00:00.0000260" startTime="2022-06-13T21:13:29.8185493+02:00" endTime="2022-06-13T21:13:29.8185754+02:00" testType="13cdc9d9-ddb5-4fa4-a97d-d965ccfc6d4b" outcome="Passed" testListId="8c84fa94-04c1-424b-9868-57a2d4851a1d" relativeResultsDirectory="49fc7e51-e138-4de7-a9b2-f8de72154a1b" />
    <UnitTestResult executionId="2cd724e1-c80a-49c4-9ace-7d4a8019f9ad" testId="bc2dc8fc-01b0-0065-79fa-2e41ef829892" testName="FormatToStringTest1000(37528.70144368368d,&quot;37528.70 zł&quot;)" computerName="DESKTOP-5URQ9PB" duration="00:00:00.0000180" startTime="2022-06-13T21:13:29.8103828+02:00" endTime="2022-06-13T21:13:29.8104006+02:00" testType="13cdc9d9-ddb5-4fa4-a97d-d965ccfc6d4b" outcome="Passed" testListId="8c84fa94-04c1-424b-9868-57a2d4851a1d" relativeResultsDirectory="2cd724e1-c80a-49c4-9ace-7d4a8019f9ad" />
    <UnitTestResult executionId="043d1442-c14f-4b79-afd3-5aa45dfc210a" testId="5eec1dec-2d00-5deb-f000-c17eea3526a6" testName="FormatToStringTest1000(1073.195098933389d,&quot;1073.20 zł&quot;)" computerName="DESKTOP-5URQ9PB" duration="00:00:00.0000190" startTime="2022-06-13T21:13:29.8245165+02:00" endTime="2022-06-13T21:13:29.8245350+02:00" testType="13cdc9d9-ddb5-4fa4-a97d-d965ccfc6d4b" outcome="Passed" testListId="8c84fa94-04c1-424b-9868-57a2d4851a1d" relativeResultsDirectory="043d1442-c14f-4b79-afd3-5aa45dfc210a" />
    <UnitTestResult executionId="cbca0dcd-8a40-4714-b89e-8e9e67205bf6" testId="8257a4bf-ab18-2761-6e92-b21983b2b798" testName="FormatToStringTest1000(15129.433864736666d,&quot;15129.43 zł&quot;)" computerName="DESKTOP-5URQ9PB" duration="00:00:00.0000180" startTime="2022-06-13T21:13:29.8296346+02:00" endTime="2022-06-13T21:13:29.8296530+02:00" testType="13cdc9d9-ddb5-4fa4-a97d-d965ccfc6d4b" outcome="Passed" testListId="8c84fa94-04c1-424b-9868-57a2d4851a1d" relativeResultsDirectory="cbca0dcd-8a40-4714-b89e-8e9e67205bf6" />
    <UnitTestResult executionId="f67ee7a8-7650-44ee-878b-1591babfd0ad" testId="e8132b4a-b72b-7d8e-d5ad-2056ee804391" testName="FormatToStringTest1000(10066.059180456241d,&quot;10066.06 zł&quot;)" computerName="DESKTOP-5URQ9PB" duration="00:00:00.0000190" startTime="2022-06-13T21:13:29.8304018+02:00" endTime="2022-06-13T21:13:29.8304210+02:00" testType="13cdc9d9-ddb5-4fa4-a97d-d965ccfc6d4b" outcome="Passed" testListId="8c84fa94-04c1-424b-9868-57a2d4851a1d" relativeResultsDirectory="f67ee7a8-7650-44ee-878b-1591babfd0ad" />
    <UnitTestResult executionId="f6deb788-1e0b-4a12-83c9-a4fe79e8ea39" testId="c2a86a28-0c33-4ec7-8c21-c750433881c4" testName="FormatToStringTest1000(468.83385119346616d,&quot;468.83 zł&quot;)" computerName="DESKTOP-5URQ9PB" duration="00:00:00.0000180" startTime="2022-06-13T21:13:29.8080708+02:00" endTime="2022-06-13T21:13:29.8080888+02:00" testType="13cdc9d9-ddb5-4fa4-a97d-d965ccfc6d4b" outcome="Passed" testListId="8c84fa94-04c1-424b-9868-57a2d4851a1d" relativeResultsDirectory="f6deb788-1e0b-4a12-83c9-a4fe79e8ea39" />
    <UnitTestResult executionId="768c056b-dc3e-4e19-a26c-fd984d0a19a9" testId="662f9f8e-b212-7223-452e-c301bb4c0b8d" testName="FormatToStringTest1000(3588.260979617136d,&quot;3588.26 zł&quot;)" computerName="DESKTOP-5URQ9PB" duration="00:00:00.0000190" startTime="2022-06-13T21:13:29.8299970+02:00" endTime="2022-06-13T21:13:29.8300155+02:00" testType="13cdc9d9-ddb5-4fa4-a97d-d965ccfc6d4b" outcome="Passed" testListId="8c84fa94-04c1-424b-9868-57a2d4851a1d" relativeResultsDirectory="768c056b-dc3e-4e19-a26c-fd984d0a19a9" />
    <UnitTestResult executionId="ea26fb9e-0f3a-46eb-ac1d-072bf88d8375" testId="5667c806-5b5f-868c-360c-740b6f484339" testName="FormatToStringTest1000(22604.838218828587d,&quot;22604.84 zł&quot;)" computerName="DESKTOP-5URQ9PB" duration="00:00:00.0000190" startTime="2022-06-13T21:13:29.8080209+02:00" endTime="2022-06-13T21:13:29.8080397+02:00" testType="13cdc9d9-ddb5-4fa4-a97d-d965ccfc6d4b" outcome="Passed" testListId="8c84fa94-04c1-424b-9868-57a2d4851a1d" relativeResultsDirectory="ea26fb9e-0f3a-46eb-ac1d-072bf88d8375" />
    <UnitTestResult executionId="22526085-9721-48e1-a6f4-bbf89bc48c12" testId="e46dbe14-100d-b571-9fb5-196347dd96ac" testName="FormatToStringTest1000(64490.52771614982d,&quot;64490.53 zł&quot;)" computerName="DESKTOP-5URQ9PB" duration="00:00:00.0000280" startTime="2022-06-13T21:13:29.8184370+02:00" endTime="2022-06-13T21:13:29.8184647+02:00" testType="13cdc9d9-ddb5-4fa4-a97d-d965ccfc6d4b" outcome="Passed" testListId="8c84fa94-04c1-424b-9868-57a2d4851a1d" relativeResultsDirectory="22526085-9721-48e1-a6f4-bbf89bc48c12" />
    <UnitTestResult executionId="eae19cf7-7981-45d0-9dbe-cdb0941d5a75" testId="c4623a0a-608f-dd08-41f5-750ffba5ed05" testName="FormatToStringTest1000(24695.917440203913d,&quot;24695.92 zł&quot;)" computerName="DESKTOP-5URQ9PB" duration="00:00:00.0000250" startTime="2022-06-13T21:13:29.8228966+02:00" endTime="2022-06-13T21:13:29.8229216+02:00" testType="13cdc9d9-ddb5-4fa4-a97d-d965ccfc6d4b" outcome="Passed" testListId="8c84fa94-04c1-424b-9868-57a2d4851a1d" relativeResultsDirectory="eae19cf7-7981-45d0-9dbe-cdb0941d5a75" />
    <UnitTestResult executionId="d2723cf0-2e90-49e5-bf66-70ee779d8776" testId="efc2a789-ae09-4bb7-d172-5f2d0e3cbf23" testName="FormatToStringTest1000(82228.32322510486d,&quot;82228.32 zł&quot;)" computerName="DESKTOP-5URQ9PB" duration="00:00:00.0000190" startTime="2022-06-13T21:13:29.8226943+02:00" endTime="2022-06-13T21:13:29.8227131+02:00" testType="13cdc9d9-ddb5-4fa4-a97d-d965ccfc6d4b" outcome="Passed" testListId="8c84fa94-04c1-424b-9868-57a2d4851a1d" relativeResultsDirectory="d2723cf0-2e90-49e5-bf66-70ee779d8776" />
    <UnitTestResult executionId="17319d3c-c4d8-430d-a50f-6b0e93a47314" testId="0718464f-7428-3c2c-d7c1-1af84b0bb5ee" testName="FormatToStringTest1000(4030.673117592313d,&quot;4030.67 zł&quot;)" computerName="DESKTOP-5URQ9PB" duration="00:00:00.0000180" startTime="2022-06-13T21:13:29.8153166+02:00" endTime="2022-06-13T21:13:29.8153345+02:00" testType="13cdc9d9-ddb5-4fa4-a97d-d965ccfc6d4b" outcome="Passed" testListId="8c84fa94-04c1-424b-9868-57a2d4851a1d" relativeResultsDirectory="17319d3c-c4d8-430d-a50f-6b0e93a47314" />
    <UnitTestResult executionId="a880a6e9-a47d-4eb0-ac48-faf47d55d929" testId="80ed38c5-93c8-ab9c-2988-31b35fec47a3" testName="FormatToStringTest1000(22557.09603308099d,&quot;22557.10 zł&quot;)" computerName="DESKTOP-5URQ9PB" duration="00:00:00.0000190" startTime="2022-06-13T21:13:29.8150482+02:00" endTime="2022-06-13T21:13:29.8150669+02:00" testType="13cdc9d9-ddb5-4fa4-a97d-d965ccfc6d4b" outcome="Passed" testListId="8c84fa94-04c1-424b-9868-57a2d4851a1d" relativeResultsDirectory="a880a6e9-a47d-4eb0-ac48-faf47d55d929" />
    <UnitTestResult executionId="fcc25064-e9a5-476b-8d85-c91276a41b59" testId="9e567b4f-5898-461c-b4e9-b51ec60ad377" testName="FormatToStringTest1000(22743.19734205827d,&quot;22743.20 zł&quot;)" computerName="DESKTOP-5URQ9PB" duration="00:00:00.0000180" startTime="2022-06-13T21:13:29.8151953+02:00" endTime="2022-06-13T21:13:29.8152133+02:00" testType="13cdc9d9-ddb5-4fa4-a97d-d965ccfc6d4b" outcome="Passed" testListId="8c84fa94-04c1-424b-9868-57a2d4851a1d" relativeResultsDirectory="fcc25064-e9a5-476b-8d85-c91276a41b59" />
    <UnitTestResult executionId="26e99c46-5ca7-41f5-96b6-33edc575d782" testId="bde33f3c-8432-543f-ee46-b13606db09db" testName="FormatToStringTest1000(4539.210371735137d,&quot;4539.21 zł&quot;)" computerName="DESKTOP-5URQ9PB" duration="00:00:00.0000190" startTime="2022-06-13T21:13:29.8298605+02:00" endTime="2022-06-13T21:13:29.8298789+02:00" testType="13cdc9d9-ddb5-4fa4-a97d-d965ccfc6d4b" outcome="Passed" testListId="8c84fa94-04c1-424b-9868-57a2d4851a1d" relativeResultsDirectory="26e99c46-5ca7-41f5-96b6-33edc575d782" />
    <UnitTestResult executionId="d32a9689-3b6e-468f-84ec-5da4c712a46c" testId="2fd4fb21-86aa-48b4-d55c-838ac3bda4eb" testName="FormatToStringTest1000(28579.14698705503d,&quot;28579.15 zł&quot;)" computerName="DESKTOP-5URQ9PB" duration="00:00:00.0000180" startTime="2022-06-13T21:13:29.8253828+02:00" endTime="2022-06-13T21:13:29.8254010+02:00" testType="13cdc9d9-ddb5-4fa4-a97d-d965ccfc6d4b" outcome="Passed" testListId="8c84fa94-04c1-424b-9868-57a2d4851a1d" relativeResultsDirectory="d32a9689-3b6e-468f-84ec-5da4c712a46c" />
    <UnitTestResult executionId="34f43473-d386-4937-bd46-9a8e6f43bd62" testId="862cc562-9bfe-8861-cf4e-b4582450cbaa" testName="FormatToStringTest1000(5628.028273674672d,&quot;5628.03 zł&quot;)" computerName="DESKTOP-5URQ9PB" duration="00:00:00.0000200" startTime="2022-06-13T21:13:29.8072260+02:00" endTime="2022-06-13T21:13:29.8072455+02:00" testType="13cdc9d9-ddb5-4fa4-a97d-d965ccfc6d4b" outcome="Passed" testListId="8c84fa94-04c1-424b-9868-57a2d4851a1d" relativeResultsDirectory="34f43473-d386-4937-bd46-9a8e6f43bd62" />
    <UnitTestResult executionId="92fbbf57-46c7-41e4-8e85-30fe5cdecacb" testId="4d3ac1b1-3fbf-8e2e-a5b3-6011afbd1d48" testName="FormatToStringTest1000(1751.7703038522834d,&quot;1751.77 zł&quot;)" computerName="DESKTOP-5URQ9PB" duration="00:00:00.0000260" startTime="2022-06-13T21:13:29.8208024+02:00" endTime="2022-06-13T21:13:29.8208281+02:00" testType="13cdc9d9-ddb5-4fa4-a97d-d965ccfc6d4b" outcome="Passed" testListId="8c84fa94-04c1-424b-9868-57a2d4851a1d" relativeResultsDirectory="92fbbf57-46c7-41e4-8e85-30fe5cdecacb" />
    <UnitTestResult executionId="64d850f6-80ed-4f17-ae7a-e718d12e82aa" testId="91285e79-b6fd-7585-384e-bbf4da4c2bcd" testName="FormatToStringTest1000(48084.94422955389d,&quot;48084.94 zł&quot;)" computerName="DESKTOP-5URQ9PB" duration="00:00:00.0000260" startTime="2022-06-13T21:13:29.8165225+02:00" endTime="2022-06-13T21:13:29.8165484+02:00" testType="13cdc9d9-ddb5-4fa4-a97d-d965ccfc6d4b" outcome="Passed" testListId="8c84fa94-04c1-424b-9868-57a2d4851a1d" relativeResultsDirectory="64d850f6-80ed-4f17-ae7a-e718d12e82aa" />
    <UnitTestResult executionId="13831c86-b5a6-4eee-9161-d99683e3931a" testId="6fd1af1d-c0d4-5f1e-0bd0-26896040487e" testName="FormatToStringTest1000(31805.23430354532d,&quot;31805.23 zł&quot;)" computerName="DESKTOP-5URQ9PB" duration="00:00:00.0000190" startTime="2022-06-13T21:13:29.8273432+02:00" endTime="2022-06-13T21:13:29.8273623+02:00" testType="13cdc9d9-ddb5-4fa4-a97d-d965ccfc6d4b" outcome="Passed" testListId="8c84fa94-04c1-424b-9868-57a2d4851a1d" relativeResultsDirectory="13831c86-b5a6-4eee-9161-d99683e3931a" />
    <UnitTestResult executionId="be302923-8264-4c0c-9e24-dacc2a415abc" testId="092c2603-fe15-2655-d7c6-015786763712" testName="FormatToStringTest1000(7182.939759099362d,&quot;7182.94 zł&quot;)" computerName="DESKTOP-5URQ9PB" duration="00:00:00.0000190" startTime="2022-06-13T21:13:29.8140083+02:00" endTime="2022-06-13T21:13:29.8140267+02:00" testType="13cdc9d9-ddb5-4fa4-a97d-d965ccfc6d4b" outcome="Passed" testListId="8c84fa94-04c1-424b-9868-57a2d4851a1d" relativeResultsDirectory="be302923-8264-4c0c-9e24-dacc2a415abc" />
    <UnitTestResult executionId="d91eb423-cd3a-4bb8-b6d8-4bac22a46343" testId="e7e966d4-e5d2-6514-5e34-60687297029b" testName="FormatToStringTest1000(22189.78731674132d,&quot;22189.79 zł&quot;)" computerName="DESKTOP-5URQ9PB" duration="00:00:00.0000180" startTime="2022-06-13T21:13:29.8226443+02:00" endTime="2022-06-13T21:13:29.8226625+02:00" testType="13cdc9d9-ddb5-4fa4-a97d-d965ccfc6d4b" outcome="Passed" testListId="8c84fa94-04c1-424b-9868-57a2d4851a1d" relativeResultsDirectory="d91eb423-cd3a-4bb8-b6d8-4bac22a46343" />
    <UnitTestResult executionId="ea9dc370-c053-4528-9495-af01838795a5" testId="60069e17-108f-01fb-2153-e152b9205025" testName="FormatToStringTest1000(18340.8953197882d,&quot;18340.90 zł&quot;)" computerName="DESKTOP-5URQ9PB" duration="00:00:00.0000190" startTime="2022-06-13T21:13:29.8315348+02:00" endTime="2022-06-13T21:13:29.8315532+02:00" testType="13cdc9d9-ddb5-4fa4-a97d-d965ccfc6d4b" outcome="Passed" testListId="8c84fa94-04c1-424b-9868-57a2d4851a1d" relativeResultsDirectory="ea9dc370-c053-4528-9495-af01838795a5" />
    <UnitTestResult executionId="e948a045-1e8b-4542-8b47-01a877fc4701" testId="11c041e5-c464-6527-9aa5-15185ee7ed3b" testName="FormatToStringTest1000(45340.017357165d,&quot;45340.02 zł&quot;)" computerName="DESKTOP-5URQ9PB" duration="00:00:00.0000250" startTime="2022-06-13T21:13:29.8206502+02:00" endTime="2022-06-13T21:13:29.8206754+02:00" testType="13cdc9d9-ddb5-4fa4-a97d-d965ccfc6d4b" outcome="Passed" testListId="8c84fa94-04c1-424b-9868-57a2d4851a1d" relativeResultsDirectory="e948a045-1e8b-4542-8b47-01a877fc4701" />
    <UnitTestResult executionId="729fdc3b-0d80-4930-b015-d21ea0900427" testId="d00dfd16-6967-b6b7-0f2f-9403bdf758f6" testName="FormatToStringTest1000(86.89546322771136d,&quot;86.90 zł&quot;)" computerName="DESKTOP-5URQ9PB" duration="00:00:00.0000240" startTime="2022-06-13T21:13:29.8079098+02:00" endTime="2022-06-13T21:13:29.8079335+02:00" testType="13cdc9d9-ddb5-4fa4-a97d-d965ccfc6d4b" outcome="Passed" testListId="8c84fa94-04c1-424b-9868-57a2d4851a1d" relativeResultsDirectory="729fdc3b-0d80-4930-b015-d21ea0900427" />
    <UnitTestResult executionId="918d9aa8-76b9-4d5f-966c-2487d947d8d5" testId="70548cff-07c6-a6ca-3719-5ff4c0013c06" testName="FormatToStringTest1000(5022.470719070859d,&quot;5022.47 zł&quot;)" computerName="DESKTOP-5URQ9PB" duration="00:00:00.0000180" startTime="2022-06-13T21:13:29.8146720+02:00" endTime="2022-06-13T21:13:29.8146901+02:00" testType="13cdc9d9-ddb5-4fa4-a97d-d965ccfc6d4b" outcome="Passed" testListId="8c84fa94-04c1-424b-9868-57a2d4851a1d" relativeResultsDirectory="918d9aa8-76b9-4d5f-966c-2487d947d8d5" />
    <UnitTestResult executionId="d8706664-d2f1-423e-a92d-11edfadd9b41" testId="8ea3fac0-98e6-cacb-3107-71ef474d1509" testName="FormatToStringTest1000(675.4589376107133d,&quot;675.46 zł&quot;)" computerName="DESKTOP-5URQ9PB" duration="00:00:00.0000180" startTime="2022-06-13T21:13:29.8311719+02:00" endTime="2022-06-13T21:13:29.8311901+02:00" testType="13cdc9d9-ddb5-4fa4-a97d-d965ccfc6d4b" outcome="Passed" testListId="8c84fa94-04c1-424b-9868-57a2d4851a1d" relativeResultsDirectory="d8706664-d2f1-423e-a92d-11edfadd9b41" />
    <UnitTestResult executionId="a2956938-f54f-4e47-94fa-ceba91c5de04" testId="cdeb3be1-fe32-ff89-e068-e42e39c27a73" testName="FormatToStringTest1000(13844.577623300524d,&quot;13844.58 zł&quot;)" computerName="DESKTOP-5URQ9PB" duration="00:00:00.0000190" startTime="2022-06-13T21:13:29.8129958+02:00" endTime="2022-06-13T21:13:29.8130140+02:00" testType="13cdc9d9-ddb5-4fa4-a97d-d965ccfc6d4b" outcome="Passed" testListId="8c84fa94-04c1-424b-9868-57a2d4851a1d" relativeResultsDirectory="a2956938-f54f-4e47-94fa-ceba91c5de04" />
    <UnitTestResult executionId="bec19f3b-655d-49c5-8590-f19ed766b865" testId="b6307f6f-0923-1f5a-926e-f404ac915b20" testName="FormatToStringTest1000(26174.290999793586d,&quot;26174.29 zł&quot;)" computerName="DESKTOP-5URQ9PB" duration="00:00:00.0000190" startTime="2022-06-13T21:13:29.8298350+02:00" endTime="2022-06-13T21:13:29.8298538+02:00" testType="13cdc9d9-ddb5-4fa4-a97d-d965ccfc6d4b" outcome="Passed" testListId="8c84fa94-04c1-424b-9868-57a2d4851a1d" relativeResultsDirectory="bec19f3b-655d-49c5-8590-f19ed766b865" />
    <UnitTestResult executionId="15c34c08-d806-4ca5-9c11-0df42d899d23" testId="dafbe950-e143-41f5-1a50-ea362a5aa5d4" testName="FormatToStringTest1000(9928.477822322622d,&quot;9928.48 zł&quot;)" computerName="DESKTOP-5URQ9PB" duration="00:00:00.0000190" startTime="2022-06-13T21:13:29.8246971+02:00" endTime="2022-06-13T21:13:29.8247161+02:00" testType="13cdc9d9-ddb5-4fa4-a97d-d965ccfc6d4b" outcome="Passed" testListId="8c84fa94-04c1-424b-9868-57a2d4851a1d" relativeResultsDirectory="15c34c08-d806-4ca5-9c11-0df42d899d23" />
    <UnitTestResult executionId="c9065144-85e4-4b78-81a7-8efedc895e71" testId="ef7b8988-d111-e493-786c-6d198480cf20" testName="FormatToStringTest1000(21602.417596116393d,&quot;21602.42 zł&quot;)" computerName="DESKTOP-5URQ9PB" duration="00:00:00.0000190" startTime="2022-06-13T21:13:29.8113181+02:00" endTime="2022-06-13T21:13:29.8113366+02:00" testType="13cdc9d9-ddb5-4fa4-a97d-d965ccfc6d4b" outcome="Passed" testListId="8c84fa94-04c1-424b-9868-57a2d4851a1d" relativeResultsDirectory="c9065144-85e4-4b78-81a7-8efedc895e71" />
    <UnitTestResult executionId="89eeb4ad-4ac3-4d0d-bd49-92034cc7cc29" testId="ae67d523-2929-36b8-f281-40940e5c29bb" testName="FormatToStringTest1000(2390.7596313784643d,&quot;2390.76 zł&quot;)" computerName="DESKTOP-5URQ9PB" duration="00:00:00.0000190" startTime="2022-06-13T21:13:29.8242342+02:00" endTime="2022-06-13T21:13:29.8242533+02:00" testType="13cdc9d9-ddb5-4fa4-a97d-d965ccfc6d4b" outcome="Passed" testListId="8c84fa94-04c1-424b-9868-57a2d4851a1d" relativeResultsDirectory="89eeb4ad-4ac3-4d0d-bd49-92034cc7cc29" />
    <UnitTestResult executionId="7f22f3af-5d24-460d-abcd-12d374118d63" testId="0c4c15ff-4158-9c17-cd9b-2647420fd170" testName="FormatToStringTest1000(7119.076353227755d,&quot;7119.08 zł&quot;)" computerName="DESKTOP-5URQ9PB" duration="00:00:00.0000180" startTime="2022-06-13T21:13:29.8235603+02:00" endTime="2022-06-13T21:13:29.8235783+02:00" testType="13cdc9d9-ddb5-4fa4-a97d-d965ccfc6d4b" outcome="Passed" testListId="8c84fa94-04c1-424b-9868-57a2d4851a1d" relativeResultsDirectory="7f22f3af-5d24-460d-abcd-12d374118d63" />
    <UnitTestResult executionId="0f3a9c61-b38b-446c-93bc-7c530c1f4adb" testId="5f61ffa8-be4c-5cf6-d406-18781222cb59" testName="FormatToStringTest1000(7975.276658828965d,&quot;7975.28 zł&quot;)" computerName="DESKTOP-5URQ9PB" duration="00:00:00.0000190" startTime="2022-06-13T21:13:29.8217428+02:00" endTime="2022-06-13T21:13:29.8217610+02:00" testType="13cdc9d9-ddb5-4fa4-a97d-d965ccfc6d4b" outcome="Passed" testListId="8c84fa94-04c1-424b-9868-57a2d4851a1d" relativeResultsDirectory="0f3a9c61-b38b-446c-93bc-7c530c1f4adb" />
    <UnitTestResult executionId="89bf001e-e0ec-4dc9-a7fd-5677d6442a22" testId="451dabd5-e4bb-ea9d-054e-87b0f58becfa" testName="FormatToStringTest1000(66053.95451852398d,&quot;66053.95 zł&quot;)" computerName="DESKTOP-5URQ9PB" duration="00:00:00.0000310" startTime="2022-06-13T21:13:29.8200006+02:00" endTime="2022-06-13T21:13:29.8200313+02:00" testType="13cdc9d9-ddb5-4fa4-a97d-d965ccfc6d4b" outcome="Passed" testListId="8c84fa94-04c1-424b-9868-57a2d4851a1d" relativeResultsDirectory="89bf001e-e0ec-4dc9-a7fd-5677d6442a22" />
    <UnitTestResult executionId="edb0f32d-b0f1-421f-8024-2d7c4692e497" testId="600c9577-9456-49fc-a1f1-839a5e62cae7" testName="FormatToStringTest1000(47964.941885361884d,&quot;47964.94 zł&quot;)" computerName="DESKTOP-5URQ9PB" duration="00:00:00.0000190" startTime="2022-06-13T21:13:29.8105296+02:00" endTime="2022-06-13T21:13:29.8105481+02:00" testType="13cdc9d9-ddb5-4fa4-a97d-d965ccfc6d4b" outcome="Passed" testListId="8c84fa94-04c1-424b-9868-57a2d4851a1d" relativeResultsDirectory="edb0f32d-b0f1-421f-8024-2d7c4692e497" />
    <UnitTestResult executionId="a0729be2-e8ea-4448-8b41-207a5d0ee9f5" testId="99e6fef3-9023-2c5a-5c8b-926a855c5d84" testName="FormatToStringTest1000(3431.864349926759d,&quot;3431.86 zł&quot;)" computerName="DESKTOP-5URQ9PB" duration="00:00:00.0000190" startTime="2022-06-13T21:13:29.8278220+02:00" endTime="2022-06-13T21:13:29.8278411+02:00" testType="13cdc9d9-ddb5-4fa4-a97d-d965ccfc6d4b" outcome="Passed" testListId="8c84fa94-04c1-424b-9868-57a2d4851a1d" relativeResultsDirectory="a0729be2-e8ea-4448-8b41-207a5d0ee9f5" />
    <UnitTestResult executionId="103f34ba-a365-4a66-b491-9ef64b3c3c15" testId="b3d20388-ddfe-493d-dfad-f423fc621b48" testName="FormatToStringTest1000(58111.21259843521d,&quot;58111.21 zł&quot;)" computerName="DESKTOP-5URQ9PB" duration="00:00:00.0000190" startTime="2022-06-13T21:13:29.8121294+02:00" endTime="2022-06-13T21:13:29.8121482+02:00" testType="13cdc9d9-ddb5-4fa4-a97d-d965ccfc6d4b" outcome="Passed" testListId="8c84fa94-04c1-424b-9868-57a2d4851a1d" relativeResultsDirectory="103f34ba-a365-4a66-b491-9ef64b3c3c15" />
    <UnitTestResult executionId="4fb389ba-4956-473a-994c-b878f54bf380" testId="8879b9b8-0100-f390-31c6-fdcbdf8a4f83" testName="FormatToStringTest1000(10965.74607995746d,&quot;10965.75 zł&quot;)" computerName="DESKTOP-5URQ9PB" duration="00:00:00.0000190" startTime="2022-06-13T21:13:29.8103090+02:00" endTime="2022-06-13T21:13:29.8103280+02:00" testType="13cdc9d9-ddb5-4fa4-a97d-d965ccfc6d4b" outcome="Passed" testListId="8c84fa94-04c1-424b-9868-57a2d4851a1d" relativeResultsDirectory="4fb389ba-4956-473a-994c-b878f54bf380" />
    <UnitTestResult executionId="3141de73-b6ee-47ab-9d7c-2dfbfa0550ef" testId="9a5250b7-62e0-de5b-0bd3-c2b7c7798ce7" testName="FormatToStringTest1000(270.1894008262033d,&quot;270.19 zł&quot;)" computerName="DESKTOP-5URQ9PB" duration="00:00:00.0000260" startTime="2022-06-13T21:13:29.8173926+02:00" endTime="2022-06-13T21:13:29.8174186+02:00" testType="13cdc9d9-ddb5-4fa4-a97d-d965ccfc6d4b" outcome="Passed" testListId="8c84fa94-04c1-424b-9868-57a2d4851a1d" relativeResultsDirectory="3141de73-b6ee-47ab-9d7c-2dfbfa0550ef" />
    <UnitTestResult executionId="9d6ed60f-44d2-4093-826d-9a387fdbb10a" testId="dd25fada-bd11-6a30-c38c-abafcc1ac188" testName="FormatToStringTest1000(44499.288016808816d,&quot;44499.29 zł&quot;)" computerName="DESKTOP-5URQ9PB" duration="00:00:00.0000310" startTime="2022-06-13T21:13:29.8192181+02:00" endTime="2022-06-13T21:13:29.8192491+02:00" testType="13cdc9d9-ddb5-4fa4-a97d-d965ccfc6d4b" outcome="Passed" testListId="8c84fa94-04c1-424b-9868-57a2d4851a1d" relativeResultsDirectory="9d6ed60f-44d2-4093-826d-9a387fdbb10a" />
    <UnitTestResult executionId="f649e0d4-6990-481a-9d2d-fe536bf54a57" testId="e02db9a4-a283-da5d-8967-1cec80ef7e92" testName="FormatToStringTest1000(9431.144757136304d,&quot;9431.14 zł&quot;)" computerName="DESKTOP-5URQ9PB" duration="00:00:00.0000190" startTime="2022-06-13T21:13:29.8106524+02:00" endTime="2022-06-13T21:13:29.8106708+02:00" testType="13cdc9d9-ddb5-4fa4-a97d-d965ccfc6d4b" outcome="Passed" testListId="8c84fa94-04c1-424b-9868-57a2d4851a1d" relativeResultsDirectory="f649e0d4-6990-481a-9d2d-fe536bf54a57" />
    <UnitTestResult executionId="da6f8d55-5d74-4529-b2e2-a92c8ea85a79" testId="a3a785ff-5f15-1809-0327-13b742192f57" testName="FormatToStringTest1000(13453.429998117233d,&quot;13453.43 zł&quot;)" computerName="DESKTOP-5URQ9PB" duration="00:00:00.0000180" startTime="2022-06-13T21:13:29.8265258+02:00" endTime="2022-06-13T21:13:29.8265441+02:00" testType="13cdc9d9-ddb5-4fa4-a97d-d965ccfc6d4b" outcome="Passed" testListId="8c84fa94-04c1-424b-9868-57a2d4851a1d" relativeResultsDirectory="da6f8d55-5d74-4529-b2e2-a92c8ea85a79" />
    <UnitTestResult executionId="6b80a29a-fe33-47e0-8db9-79e5c5c20962" testId="b150e6ad-1fac-a9d1-a2ab-0f7879e84a36" testName="FormatToStringTest1000(64887.45559046951d,&quot;64887.46 zł&quot;)" computerName="DESKTOP-5URQ9PB" duration="00:00:00.0000260" startTime="2022-06-13T21:13:29.8173232+02:00" endTime="2022-06-13T21:13:29.8173487+02:00" testType="13cdc9d9-ddb5-4fa4-a97d-d965ccfc6d4b" outcome="Passed" testListId="8c84fa94-04c1-424b-9868-57a2d4851a1d" relativeResultsDirectory="6b80a29a-fe33-47e0-8db9-79e5c5c20962" />
    <UnitTestResult executionId="7900dd30-65d7-461d-9a82-4aa3b4fcf512" testId="e0769b45-8199-18f4-5d81-d7fe740ba2db" testName="FormatToStringTest1000(16571.355536101553d,&quot;16571.36 zł&quot;)" computerName="DESKTOP-5URQ9PB" duration="00:00:00.0000230" startTime="2022-06-13T21:13:29.8108968+02:00" endTime="2022-06-13T21:13:29.8109190+02:00" testType="13cdc9d9-ddb5-4fa4-a97d-d965ccfc6d4b" outcome="Passed" testListId="8c84fa94-04c1-424b-9868-57a2d4851a1d" relativeResultsDirectory="7900dd30-65d7-461d-9a82-4aa3b4fcf512" />
    <UnitTestResult executionId="81dccd60-7377-42e0-8006-e86ff2dcaf5c" testId="f2da4add-4324-6352-9afd-0fe37f754b21" testName="FormatToStringTest1000(57237.252356975456d,&quot;57237.25 zł&quot;)" computerName="DESKTOP-5URQ9PB" duration="00:00:00.0000180" startTime="2022-06-13T21:13:29.8326870+02:00" endTime="2022-06-13T21:13:29.8327053+02:00" testType="13cdc9d9-ddb5-4fa4-a97d-d965ccfc6d4b" outcome="Passed" testListId="8c84fa94-04c1-424b-9868-57a2d4851a1d" relativeResultsDirectory="81dccd60-7377-42e0-8006-e86ff2dcaf5c" />
    <UnitTestResult executionId="41a75768-516b-4856-b435-49cab5cedbde" testId="04969f67-b379-916a-3275-e53bd0718ea4" testName="FormatToStringTest1000(272.5621069118204d,&quot;272.56 zł&quot;)" computerName="DESKTOP-5URQ9PB" duration="00:00:00.0000180" startTime="2022-06-13T21:13:29.8220590+02:00" endTime="2022-06-13T21:13:29.8220770+02:00" testType="13cdc9d9-ddb5-4fa4-a97d-d965ccfc6d4b" outcome="Passed" testListId="8c84fa94-04c1-424b-9868-57a2d4851a1d" relativeResultsDirectory="41a75768-516b-4856-b435-49cab5cedbde" />
    <UnitTestResult executionId="b026b151-75c1-41e9-8eb1-09e6b2627b3f" testId="05474d60-4c0c-5e35-b4fc-2df26a361c4d" testName="FormatToStringTest1000(480.2082316857801d,&quot;480.21 zł&quot;)" computerName="DESKTOP-5URQ9PB" duration="00:00:00.0000180" startTime="2022-06-13T21:13:29.8099934+02:00" endTime="2022-06-13T21:13:29.8100112+02:00" testType="13cdc9d9-ddb5-4fa4-a97d-d965ccfc6d4b" outcome="Passed" testListId="8c84fa94-04c1-424b-9868-57a2d4851a1d" relativeResultsDirectory="b026b151-75c1-41e9-8eb1-09e6b2627b3f" />
    <UnitTestResult executionId="02da9e94-8d28-4967-8856-c2b7efe046bb" testId="244a126b-865c-f129-c9cf-f22a9a00e343" testName="FormatToStringTest1000(9628.688698104437d,&quot;9628.69 zł&quot;)" computerName="DESKTOP-5URQ9PB" duration="00:00:00.0000190" startTime="2022-06-13T21:13:29.8308087+02:00" endTime="2022-06-13T21:13:29.8308277+02:00" testType="13cdc9d9-ddb5-4fa4-a97d-d965ccfc6d4b" outcome="Passed" testListId="8c84fa94-04c1-424b-9868-57a2d4851a1d" relativeResultsDirectory="02da9e94-8d28-4967-8856-c2b7efe046bb" />
    <UnitTestResult executionId="fca40622-b1aa-4e56-8dae-653cd7e01a0f" testId="2de1f6d1-4fbc-d3f7-5b38-8fabe0afe62f" testName="FormatToStringTest1000(35065.40267025652d,&quot;35065.40 zł&quot;)" computerName="DESKTOP-5URQ9PB" duration="00:00:00.0000190" startTime="2022-06-13T21:13:29.8267505+02:00" endTime="2022-06-13T21:13:29.8267698+02:00" testType="13cdc9d9-ddb5-4fa4-a97d-d965ccfc6d4b" outcome="Passed" testListId="8c84fa94-04c1-424b-9868-57a2d4851a1d" relativeResultsDirectory="fca40622-b1aa-4e56-8dae-653cd7e01a0f" />
    <UnitTestResult executionId="7c51f4f7-5a4c-4a71-8f52-fe02fe2dfa68" testId="5d8a1a0c-8ac0-09f0-e7c5-3249de62e9a9" testName="FormatToStringTest1000(23649.104642116046d,&quot;23649.10 zł&quot;)" computerName="DESKTOP-5URQ9PB" duration="00:00:00.0000290" startTime="2022-06-13T21:13:29.8183619+02:00" endTime="2022-06-13T21:13:29.8183900+02:00" testType="13cdc9d9-ddb5-4fa4-a97d-d965ccfc6d4b" outcome="Passed" testListId="8c84fa94-04c1-424b-9868-57a2d4851a1d" relativeResultsDirectory="7c51f4f7-5a4c-4a71-8f52-fe02fe2dfa68" />
    <UnitTestResult executionId="60afdee3-bae2-4b23-a599-162e72d0cab1" testId="9c48ba54-1163-2299-84d2-c7df2b4c3889" testName="FormatToStringTest1000(10227.532692039169d,&quot;10227.53 zł&quot;)" computerName="DESKTOP-5URQ9PB" duration="00:00:00.0000180" startTime="2022-06-13T21:13:29.8113430+02:00" endTime="2022-06-13T21:13:29.8113610+02:00" testType="13cdc9d9-ddb5-4fa4-a97d-d965ccfc6d4b" outcome="Passed" testListId="8c84fa94-04c1-424b-9868-57a2d4851a1d" relativeResultsDirectory="60afdee3-bae2-4b23-a599-162e72d0cab1" />
    <UnitTestResult executionId="c8e4f6f2-ef21-4d50-b693-3f6d3c2b59cd" testId="2f443958-bb91-68f7-90b6-2eae1e3219b3" testName="FormatToStringTest1000(26207.03715363659d,&quot;26207.04 zł&quot;)" computerName="DESKTOP-5URQ9PB" duration="00:00:00.0000240" startTime="2022-06-13T21:13:29.8119024+02:00" endTime="2022-06-13T21:13:29.8119257+02:00" testType="13cdc9d9-ddb5-4fa4-a97d-d965ccfc6d4b" outcome="Passed" testListId="8c84fa94-04c1-424b-9868-57a2d4851a1d" relativeResultsDirectory="c8e4f6f2-ef21-4d50-b693-3f6d3c2b59cd" />
    <UnitTestResult executionId="48a47a7a-9915-4de8-b9fb-328edfd9a95d" testId="c6aaa130-65a2-a877-78a2-df837cd09244" testName="FormatToStringTest1000(30533.30031120838d,&quot;30533.30 zł&quot;)" computerName="DESKTOP-5URQ9PB" duration="00:00:00.0000190" startTime="2022-06-13T21:13:29.8220341+02:00" endTime="2022-06-13T21:13:29.8220526+02:00" testType="13cdc9d9-ddb5-4fa4-a97d-d965ccfc6d4b" outcome="Passed" testListId="8c84fa94-04c1-424b-9868-57a2d4851a1d" relativeResultsDirectory="48a47a7a-9915-4de8-b9fb-328edfd9a95d" />
    <UnitTestResult executionId="d0871028-4176-49d0-9b82-6cce4d570710" testId="73a1abc1-28a4-b23c-9ff3-4e27cf222dab" testName="FormatToStringTest1000(68479.93492677805d,&quot;68479.93 zł&quot;)" computerName="DESKTOP-5URQ9PB" duration="00:00:00.0000190" startTime="2022-06-13T21:13:29.8318655+02:00" endTime="2022-06-13T21:13:29.8318846+02:00" testType="13cdc9d9-ddb5-4fa4-a97d-d965ccfc6d4b" outcome="Passed" testListId="8c84fa94-04c1-424b-9868-57a2d4851a1d" relativeResultsDirectory="d0871028-4176-49d0-9b82-6cce4d570710" />
    <UnitTestResult executionId="531f4562-3017-4e3b-835e-c20c454009aa" testId="c1b72bec-54e9-d72c-529e-b6b9932bdb7f" testName="FormatToStringTest1000(30360.993128030557d,&quot;30360.99 zł&quot;)" computerName="DESKTOP-5URQ9PB" duration="00:00:00.0000230" startTime="2022-06-13T21:13:29.8339176+02:00" endTime="2022-06-13T21:13:29.8339405+02:00" testType="13cdc9d9-ddb5-4fa4-a97d-d965ccfc6d4b" outcome="Passed" testListId="8c84fa94-04c1-424b-9868-57a2d4851a1d" relativeResultsDirectory="531f4562-3017-4e3b-835e-c20c454009aa" />
    <UnitTestResult executionId="788fad13-bfdf-4e2f-82dd-e1121167c169" testId="7d45d5f5-3a25-9a87-e687-4dc975c05da1" testName="FormatToStringTest1000(41873.517751020154d,&quot;41873.52 zł&quot;)" computerName="DESKTOP-5URQ9PB" duration="00:00:00.0000230" startTime="2022-06-13T21:13:29.8369042+02:00" endTime="2022-06-13T21:13:29.8369272+02:00" testType="13cdc9d9-ddb5-4fa4-a97d-d965ccfc6d4b" outcome="Passed" testListId="8c84fa94-04c1-424b-9868-57a2d4851a1d" relativeResultsDirectory="788fad13-bfdf-4e2f-82dd-e1121167c169" />
    <UnitTestResult executionId="6a2e850d-4861-4105-a19b-a0f4648c72d2" testId="d9e9b57c-4387-840e-e497-cce329a0c03e" testName="FormatToStringTest1000(39146.635743126564d,&quot;39146.64 zł&quot;)" computerName="DESKTOP-5URQ9PB" duration="00:00:00.0000180" startTime="2022-06-13T21:13:29.8107258+02:00" endTime="2022-06-13T21:13:29.8107437+02:00" testType="13cdc9d9-ddb5-4fa4-a97d-d965ccfc6d4b" outcome="Passed" testListId="8c84fa94-04c1-424b-9868-57a2d4851a1d" relativeResultsDirectory="6a2e850d-4861-4105-a19b-a0f4648c72d2" />
    <UnitTestResult executionId="236348ea-f68e-428c-8873-6467d2ac5277" testId="6fe47bce-1f86-6cf6-afbe-6725ac8bf44c" testName="FormatToStringTest1000(4411.456718280659d,&quot;4411.46 zł&quot;)" computerName="DESKTOP-5URQ9PB" duration="00:00:00.0000230" startTime="2022-06-13T21:13:29.8239231+02:00" endTime="2022-06-13T21:13:29.8239457+02:00" testType="13cdc9d9-ddb5-4fa4-a97d-d965ccfc6d4b" outcome="Passed" testListId="8c84fa94-04c1-424b-9868-57a2d4851a1d" relativeResultsDirectory="236348ea-f68e-428c-8873-6467d2ac5277" />
    <UnitTestResult executionId="9f031a73-49e9-41c7-9d91-719b5b790de5" testId="f2705aac-0fab-25bd-44fc-31cfea9f5c9a" testName="FormatToStringTest1000(79388.929555234d,&quot;79388.93 zł&quot;)" computerName="DESKTOP-5URQ9PB" duration="00:00:00.0000190" startTime="2022-06-13T21:13:29.8293788+02:00" endTime="2022-06-13T21:13:29.8293979+02:00" testType="13cdc9d9-ddb5-4fa4-a97d-d965ccfc6d4b" outcome="Passed" testListId="8c84fa94-04c1-424b-9868-57a2d4851a1d" relativeResultsDirectory="9f031a73-49e9-41c7-9d91-719b5b790de5" />
    <UnitTestResult executionId="27f60bc5-bd03-418b-a74d-1f2904957cf1" testId="a3e3ac67-b44c-d535-60e6-335f6ba0310c" testName="FormatToStringTest1000(7891.960478953067d,&quot;7891.96 zł&quot;)" computerName="DESKTOP-5URQ9PB" duration="00:00:00.0000310" startTime="2022-06-13T21:13:29.8177939+02:00" endTime="2022-06-13T21:13:29.8178246+02:00" testType="13cdc9d9-ddb5-4fa4-a97d-d965ccfc6d4b" outcome="Passed" testListId="8c84fa94-04c1-424b-9868-57a2d4851a1d" relativeResultsDirectory="27f60bc5-bd03-418b-a74d-1f2904957cf1" />
    <UnitTestResult executionId="10e9b4ae-131e-4a65-ad88-331fef4d9af0" testId="0229b587-f980-d1c2-d94e-8ed98bc221a6" testName="FormatToStringTest1000(10775.728533390784d,&quot;10775.73 zł&quot;)" computerName="DESKTOP-5URQ9PB" duration="00:00:00.0000300" startTime="2022-06-13T21:13:29.8203079+02:00" endTime="2022-06-13T21:13:29.8203380+02:00" testType="13cdc9d9-ddb5-4fa4-a97d-d965ccfc6d4b" outcome="Passed" testListId="8c84fa94-04c1-424b-9868-57a2d4851a1d" relativeResultsDirectory="10e9b4ae-131e-4a65-ad88-331fef4d9af0" />
    <UnitTestResult executionId="8d7778a9-c816-46db-87b7-2484762ff14e" testId="f7364d60-2df0-c5fc-137c-b9b46fcd6fe9" testName="FormatToStringTest1000(21753.84773194969d,&quot;21753.85 zł&quot;)" computerName="DESKTOP-5URQ9PB" duration="00:00:00.0000200" startTime="2022-06-13T21:13:29.8106025+02:00" endTime="2022-06-13T21:13:29.8106222+02:00" testType="13cdc9d9-ddb5-4fa4-a97d-d965ccfc6d4b" outcome="Passed" testListId="8c84fa94-04c1-424b-9868-57a2d4851a1d" relativeResultsDirectory="8d7778a9-c816-46db-87b7-2484762ff14e" />
    <UnitTestResult executionId="8cf756e8-321a-4ddb-be63-7338ac7ab696" testId="08b0137c-0bdc-e87f-be30-d8edbdf991c1" testName="FormatToStringTest1000(5507.360659962688d,&quot;5507.36 zł&quot;)" computerName="DESKTOP-5URQ9PB" duration="00:00:00.0000190" startTime="2022-06-13T21:13:29.8323565+02:00" endTime="2022-06-13T21:13:29.8323749+02:00" testType="13cdc9d9-ddb5-4fa4-a97d-d965ccfc6d4b" outcome="Passed" testListId="8c84fa94-04c1-424b-9868-57a2d4851a1d" relativeResultsDirectory="8cf756e8-321a-4ddb-be63-7338ac7ab696" />
    <UnitTestResult executionId="23d80a26-e869-45e9-a6dc-011379e6f8d0" testId="c2736500-86f5-c7ae-a0e1-fceb61e5a5d4" testName="FormatToStringTest1000(46607.970025941715d,&quot;46607.97 zł&quot;)" computerName="DESKTOP-5URQ9PB" duration="00:00:00.0000280" startTime="2022-06-13T21:13:29.8183992+02:00" endTime="2022-06-13T21:13:29.8184273+02:00" testType="13cdc9d9-ddb5-4fa4-a97d-d965ccfc6d4b" outcome="Passed" testListId="8c84fa94-04c1-424b-9868-57a2d4851a1d" relativeResultsDirectory="23d80a26-e869-45e9-a6dc-011379e6f8d0" />
    <UnitTestResult executionId="c2b8eeea-f423-438c-a32f-b8a02ae517d0" testId="eda712ea-15dc-6cac-535c-79a64a40aa02" testName="FormatToStringTest1000(6676.5680544784145d,&quot;6676.57 zł&quot;)" computerName="DESKTOP-5URQ9PB" duration="00:00:00.0000240" startTime="2022-06-13T21:13:29.8341428+02:00" endTime="2022-06-13T21:13:29.8341662+02:00" testType="13cdc9d9-ddb5-4fa4-a97d-d965ccfc6d4b" outcome="Passed" testListId="8c84fa94-04c1-424b-9868-57a2d4851a1d" relativeResultsDirectory="c2b8eeea-f423-438c-a32f-b8a02ae517d0" />
    <UnitTestResult executionId="84baa685-7b12-4914-b2a1-9c8410facade" testId="4191e320-5572-4ed4-213f-949531d6a246" testName="FormatToStringTest1000(20237.28532723723d,&quot;20237.29 zł&quot;)" computerName="DESKTOP-5URQ9PB" duration="00:00:00.0000320" startTime="2022-06-13T21:13:29.8202288+02:00" endTime="2022-06-13T21:13:29.8202605+02:00" testType="13cdc9d9-ddb5-4fa4-a97d-d965ccfc6d4b" outcome="Passed" testListId="8c84fa94-04c1-424b-9868-57a2d4851a1d" relativeResultsDirectory="84baa685-7b12-4914-b2a1-9c8410facade" />
    <UnitTestResult executionId="600a56ff-ca0e-487b-9511-1ccd43fa4817" testId="24a1bb0d-d69a-de21-49e4-5bbbeaac5021" testName="FormatToStringTest1000(19882.647973500494d,&quot;19882.65 zł&quot;)" computerName="DESKTOP-5URQ9PB" duration="00:00:00.0000180" startTime="2022-06-13T21:13:29.8257929+02:00" endTime="2022-06-13T21:13:29.8258112+02:00" testType="13cdc9d9-ddb5-4fa4-a97d-d965ccfc6d4b" outcome="Passed" testListId="8c84fa94-04c1-424b-9868-57a2d4851a1d" relativeResultsDirectory="600a56ff-ca0e-487b-9511-1ccd43fa4817" />
    <UnitTestResult executionId="aa0e7e37-f68a-49ae-b4e4-1dd1aaa08ff2" testId="4ce6cb72-dabd-e3eb-6074-df75f0abcb26" testName="FormatToStringTest1000(76751.79413498091d,&quot;76751.79 zł&quot;)" computerName="DESKTOP-5URQ9PB" duration="00:00:00.0000190" startTime="2022-06-13T21:13:29.8211751+02:00" endTime="2022-06-13T21:13:29.8211941+02:00" testType="13cdc9d9-ddb5-4fa4-a97d-d965ccfc6d4b" outcome="Passed" testListId="8c84fa94-04c1-424b-9868-57a2d4851a1d" relativeResultsDirectory="aa0e7e37-f68a-49ae-b4e4-1dd1aaa08ff2" />
    <UnitTestResult executionId="90151e04-def4-40a1-877a-eb9c80967518" testId="0351f469-7ff9-52d3-3d77-92c2f3051f1e" testName="FormatToStringTest1000(46590.9609819562d,&quot;46590.96 zł&quot;)" computerName="DESKTOP-5URQ9PB" duration="00:00:00.0000180" startTime="2022-06-13T21:13:29.8130922+02:00" endTime="2022-06-13T21:13:29.8131103+02:00" testType="13cdc9d9-ddb5-4fa4-a97d-d965ccfc6d4b" outcome="Passed" testListId="8c84fa94-04c1-424b-9868-57a2d4851a1d" relativeResultsDirectory="90151e04-def4-40a1-877a-eb9c80967518" />
    <UnitTestResult executionId="d149848c-f84e-436a-b97c-475c2d7088db" testId="a4a7e920-6be7-0270-88f5-4a528c0a4ff3" testName="FormatToStringTest1000(3030.9461949132133d,&quot;3030.95 zł&quot;)" computerName="DESKTOP-5URQ9PB" duration="00:00:00.0000370" startTime="2022-06-13T21:13:29.8179083+02:00" endTime="2022-06-13T21:13:29.8179448+02:00" testType="13cdc9d9-ddb5-4fa4-a97d-d965ccfc6d4b" outcome="Passed" testListId="8c84fa94-04c1-424b-9868-57a2d4851a1d" relativeResultsDirectory="d149848c-f84e-436a-b97c-475c2d7088db" />
    <UnitTestResult executionId="58a72c6f-4b11-4740-bc00-adac7b50a3a0" testId="4d634782-9db9-e8af-a18d-f1e4c45e4686" testName="FormatToStringTest1000(941.429400278921d,&quot;941.43 zł&quot;)" computerName="DESKTOP-5URQ9PB" duration="00:00:00.0000180" startTime="2022-06-13T21:13:29.8157580+02:00" endTime="2022-06-13T21:13:29.8157759+02:00" testType="13cdc9d9-ddb5-4fa4-a97d-d965ccfc6d4b" outcome="Passed" testListId="8c84fa94-04c1-424b-9868-57a2d4851a1d" relativeResultsDirectory="58a72c6f-4b11-4740-bc00-adac7b50a3a0" />
    <UnitTestResult executionId="efd32070-bdd4-4773-81f2-100593b748ae" testId="f3af6a34-22dc-525a-ddbc-41c7a3c42ddc" testName="FormatToStringTest1000(70149.17842025738d,&quot;70149.18 zł&quot;)" computerName="DESKTOP-5URQ9PB" duration="00:00:00.0000180" startTime="2022-06-13T21:13:29.8222879+02:00" endTime="2022-06-13T21:13:29.8223060+02:00" testType="13cdc9d9-ddb5-4fa4-a97d-d965ccfc6d4b" outcome="Passed" testListId="8c84fa94-04c1-424b-9868-57a2d4851a1d" relativeResultsDirectory="efd32070-bdd4-4773-81f2-100593b748ae" />
    <UnitTestResult executionId="987618fd-e3fb-4011-b414-4d83a1b91d73" testId="d187567e-7ba7-c49e-1e54-13fd327095e9" testName="FormatToStringTest1000(1562.3173604776698d,&quot;1562.32 zł&quot;)" computerName="DESKTOP-5URQ9PB" duration="00:00:00.0000190" startTime="2022-06-13T21:13:29.8146226+02:00" endTime="2022-06-13T21:13:29.8146417+02:00" testType="13cdc9d9-ddb5-4fa4-a97d-d965ccfc6d4b" outcome="Passed" testListId="8c84fa94-04c1-424b-9868-57a2d4851a1d" relativeResultsDirectory="987618fd-e3fb-4011-b414-4d83a1b91d73" />
    <UnitTestResult executionId="ddc096ed-1538-4d65-8bd0-67d92467f148" testId="6f51818b-8dfe-7cd4-c8ae-d1150bb85ebd" testName="FormatToStringTest1000(19085.023282992664d,&quot;19085.02 zł&quot;)" computerName="DESKTOP-5URQ9PB" duration="00:00:00.0000190" startTime="2022-06-13T21:13:29.8236608+02:00" endTime="2022-06-13T21:13:29.8236792+02:00" testType="13cdc9d9-ddb5-4fa4-a97d-d965ccfc6d4b" outcome="Passed" testListId="8c84fa94-04c1-424b-9868-57a2d4851a1d" relativeResultsDirectory="ddc096ed-1538-4d65-8bd0-67d92467f148" />
    <UnitTestResult executionId="1af9620a-ca1e-4cb3-9982-a23493caad67" testId="faa22825-903a-641b-03f7-ccff8cccfbb2" testName="FormatToStringTest1000(10762.501695533518d,&quot;10762.50 zł&quot;)" computerName="DESKTOP-5URQ9PB" duration="00:00:00.0000210" startTime="2022-06-13T21:13:29.8255842+02:00" endTime="2022-06-13T21:13:29.8256053+02:00" testType="13cdc9d9-ddb5-4fa4-a97d-d965ccfc6d4b" outcome="Passed" testListId="8c84fa94-04c1-424b-9868-57a2d4851a1d" relativeResultsDirectory="1af9620a-ca1e-4cb3-9982-a23493caad67" />
    <UnitTestResult executionId="c90a3d58-96c9-4c79-8bec-bc844b692361" testId="b7f6b02b-7701-48a7-6ef3-dc8df7e50575" testName="FormatToStringTest1000(40889.35187774214d,&quot;40889.35 zł&quot;)" computerName="DESKTOP-5URQ9PB" duration="00:00:00.0000180" startTime="2022-06-13T21:13:29.8287781+02:00" endTime="2022-06-13T21:13:29.8287961+02:00" testType="13cdc9d9-ddb5-4fa4-a97d-d965ccfc6d4b" outcome="Passed" testListId="8c84fa94-04c1-424b-9868-57a2d4851a1d" relativeResultsDirectory="c90a3d58-96c9-4c79-8bec-bc844b692361" />
    <UnitTestResult executionId="a9ea7d3d-2209-47a4-a7c6-9c451471eff9" testId="91b3bd83-c5b8-4706-180f-6fac0dae10f8" testName="FormatToStringTest1000(25135.10315489727d,&quot;25135.10 zł&quot;)" computerName="DESKTOP-5URQ9PB" duration="00:00:00.0000190" startTime="2022-06-13T21:13:29.8277195+02:00" endTime="2022-06-13T21:13:29.8277383+02:00" testType="13cdc9d9-ddb5-4fa4-a97d-d965ccfc6d4b" outcome="Passed" testListId="8c84fa94-04c1-424b-9868-57a2d4851a1d" relativeResultsDirectory="a9ea7d3d-2209-47a4-a7c6-9c451471eff9" />
    <UnitTestResult executionId="46ac6617-d5f9-471c-ac5e-b96fa099ea66" testId="cd1fce0e-40f1-2613-4ea2-fe4efaae7320" testName="FormatToStringTest1000(16030.852371789913d,&quot;16030.85 zł&quot;)" computerName="DESKTOP-5URQ9PB" duration="00:00:00.0000190" startTime="2022-06-13T21:13:29.8100661+02:00" endTime="2022-06-13T21:13:29.8100848+02:00" testType="13cdc9d9-ddb5-4fa4-a97d-d965ccfc6d4b" outcome="Passed" testListId="8c84fa94-04c1-424b-9868-57a2d4851a1d" relativeResultsDirectory="46ac6617-d5f9-471c-ac5e-b96fa099ea66" />
    <UnitTestResult executionId="71bc2496-1988-41b4-8ea2-ec26e23a1ea9" testId="9c16a4f2-9784-74bb-775d-5911328260bf" testName="FormatToStringTest1000(13568.230982493717d,&quot;13568.23 zł&quot;)" computerName="DESKTOP-5URQ9PB" duration="00:00:00.0000180" startTime="2022-06-13T21:13:29.8228215+02:00" endTime="2022-06-13T21:13:29.8228397+02:00" testType="13cdc9d9-ddb5-4fa4-a97d-d965ccfc6d4b" outcome="Passed" testListId="8c84fa94-04c1-424b-9868-57a2d4851a1d" relativeResultsDirectory="71bc2496-1988-41b4-8ea2-ec26e23a1ea9" />
    <UnitTestResult executionId="98517c42-53a3-46c1-8965-b4265b391988" testId="aa4e492c-9871-e494-8afc-2e1c32042c9f" testName="FormatToStringTest1000(16129.507288814293d,&quot;16129.51 zł&quot;)" computerName="DESKTOP-5URQ9PB" duration="00:00:00.0000300" startTime="2022-06-13T21:13:29.8188478+02:00" endTime="2022-06-13T21:13:29.8188772+02:00" testType="13cdc9d9-ddb5-4fa4-a97d-d965ccfc6d4b" outcome="Passed" testListId="8c84fa94-04c1-424b-9868-57a2d4851a1d" relativeResultsDirectory="98517c42-53a3-46c1-8965-b4265b391988" />
    <UnitTestResult executionId="c2ea5535-c318-44db-80e9-724142ecabfb" testId="e72aca21-1347-9775-f65f-ee1c6d7b63bd" testName="FormatToStringTest1000(50507.0104155615d,&quot;50507.01 zł&quot;)" computerName="DESKTOP-5URQ9PB" duration="00:00:00.0000190" startTime="2022-06-13T21:13:29.8320478+02:00" endTime="2022-06-13T21:13:29.8320668+02:00" testType="13cdc9d9-ddb5-4fa4-a97d-d965ccfc6d4b" outcome="Passed" testListId="8c84fa94-04c1-424b-9868-57a2d4851a1d" relativeResultsDirectory="c2ea5535-c318-44db-80e9-724142ecabfb" />
    <UnitTestResult executionId="6dbb4be4-793d-4bc6-aa49-5477e227d377" testId="9bb26f6e-1e2c-da60-973e-eeca518679d1" testName="FormatToStringTest1000(27050.586848031067d,&quot;27050.59 zł&quot;)" computerName="DESKTOP-5URQ9PB" duration="00:00:00.0000190" startTime="2022-06-13T21:13:29.8074758+02:00" endTime="2022-06-13T21:13:29.8074946+02:00" testType="13cdc9d9-ddb5-4fa4-a97d-d965ccfc6d4b" outcome="Passed" testListId="8c84fa94-04c1-424b-9868-57a2d4851a1d" relativeResultsDirectory="6dbb4be4-793d-4bc6-aa49-5477e227d377" />
    <UnitTestResult executionId="f61a7f66-f8c8-4eb3-b17a-799b61b43d0d" testId="4aa2fb53-f9e4-f471-3a9f-14715f467049" testName="FormatToStringTest1000(44361.82678515177d,&quot;44361.83 zł&quot;)" computerName="DESKTOP-5URQ9PB" duration="00:00:00.0000200" startTime="2022-06-13T21:13:29.8321519+02:00" endTime="2022-06-13T21:13:29.8321715+02:00" testType="13cdc9d9-ddb5-4fa4-a97d-d965ccfc6d4b" outcome="Passed" testListId="8c84fa94-04c1-424b-9868-57a2d4851a1d" relativeResultsDirectory="f61a7f66-f8c8-4eb3-b17a-799b61b43d0d" />
    <UnitTestResult executionId="4333058e-6c83-40bb-8494-b68e84f03cf0" testId="1ead85ed-9e84-e345-248b-37b2bb2fd57c" testName="FormatToStringTest1000(7621.507806692509d,&quot;7621.51 zł&quot;)" computerName="DESKTOP-5URQ9PB" duration="00:00:00.0000310" startTime="2022-06-13T21:13:29.8186225+02:00" endTime="2022-06-13T21:13:29.8186528+02:00" testType="13cdc9d9-ddb5-4fa4-a97d-d965ccfc6d4b" outcome="Passed" testListId="8c84fa94-04c1-424b-9868-57a2d4851a1d" relativeResultsDirectory="4333058e-6c83-40bb-8494-b68e84f03cf0" />
    <UnitTestResult executionId="b17a8a08-a565-4b21-95f7-ce141fa15841" testId="7f23cd21-ad85-3cc7-38be-9ece9bfed213" testName="FormatToStringTest1000(19541.10539777116d,&quot;19541.11 zł&quot;)" computerName="DESKTOP-5URQ9PB" duration="00:00:00.0000180" startTime="2022-06-13T21:13:29.8081204+02:00" endTime="2022-06-13T21:13:29.8081386+02:00" testType="13cdc9d9-ddb5-4fa4-a97d-d965ccfc6d4b" outcome="Passed" testListId="8c84fa94-04c1-424b-9868-57a2d4851a1d" relativeResultsDirectory="b17a8a08-a565-4b21-95f7-ce141fa15841" />
    <UnitTestResult executionId="27f9e014-9edd-40ae-8ca4-e77dfd010b54" testId="d39d28ad-b64c-afa2-9212-cb9bbbf192c4" testName="FormatToStringTest1000(5611.05334835176d,&quot;5611.05 zł&quot;)" computerName="DESKTOP-5URQ9PB" duration="00:00:00.0000290" startTime="2022-06-13T21:13:29.8191379+02:00" endTime="2022-06-13T21:13:29.8191665+02:00" testType="13cdc9d9-ddb5-4fa4-a97d-d965ccfc6d4b" outcome="Passed" testListId="8c84fa94-04c1-424b-9868-57a2d4851a1d" relativeResultsDirectory="27f9e014-9edd-40ae-8ca4-e77dfd010b54" />
    <UnitTestResult executionId="5f965c7a-0365-4aaf-8205-ee17c7d56754" testId="7146296d-c8e1-b13f-44e4-16f25fa9af9d" testName="FormatToStringTest1000(591.2110872302256d,&quot;591.21 zł&quot;)" computerName="DESKTOP-5URQ9PB" duration="00:00:00.0000180" startTime="2022-06-13T21:13:29.8082177+02:00" endTime="2022-06-13T21:13:29.8082357+02:00" testType="13cdc9d9-ddb5-4fa4-a97d-d965ccfc6d4b" outcome="Passed" testListId="8c84fa94-04c1-424b-9868-57a2d4851a1d" relativeResultsDirectory="5f965c7a-0365-4aaf-8205-ee17c7d56754" />
    <UnitTestResult executionId="38efa80d-7b90-40a0-957d-0402d3083edd" testId="84185e06-3828-77a5-d8c9-c2b462b8ff8c" testName="FormatToStringTest1000(2751.3751475258614d,&quot;2751.38 zł&quot;)" computerName="DESKTOP-5URQ9PB" duration="00:00:00.0000190" startTime="2022-06-13T21:13:29.8305041+02:00" endTime="2022-06-13T21:13:29.8305227+02:00" testType="13cdc9d9-ddb5-4fa4-a97d-d965ccfc6d4b" outcome="Passed" testListId="8c84fa94-04c1-424b-9868-57a2d4851a1d" relativeResultsDirectory="38efa80d-7b90-40a0-957d-0402d3083edd" />
    <UnitTestResult executionId="b94b3b1a-e9f0-4fa1-9ae3-76026f76ff1d" testId="341610ea-9bd8-25a4-90fc-740a57823f92" testName="FormatToStringTest1000(4648.492795337221d,&quot;4648.49 zł&quot;)" computerName="DESKTOP-5URQ9PB" duration="00:00:00.0000250" startTime="2022-06-13T21:13:29.8172890+02:00" endTime="2022-06-13T21:13:29.8173142+02:00" testType="13cdc9d9-ddb5-4fa4-a97d-d965ccfc6d4b" outcome="Passed" testListId="8c84fa94-04c1-424b-9868-57a2d4851a1d" relativeResultsDirectory="b94b3b1a-e9f0-4fa1-9ae3-76026f76ff1d" />
    <UnitTestResult executionId="921fba77-d514-4f34-a389-8b4d3a08b061" testId="113c211f-ff70-231a-7b9d-03413cd134d7" testName="FormatToStringTest1000(19500.031951036784d,&quot;19500.03 zł&quot;)" computerName="DESKTOP-5URQ9PB" duration="00:00:00.0000180" startTime="2022-06-13T21:13:29.8111234+02:00" endTime="2022-06-13T21:13:29.8111413+02:00" testType="13cdc9d9-ddb5-4fa4-a97d-d965ccfc6d4b" outcome="Passed" testListId="8c84fa94-04c1-424b-9868-57a2d4851a1d" relativeResultsDirectory="921fba77-d514-4f34-a389-8b4d3a08b061" />
    <UnitTestResult executionId="c83b933d-f225-41d9-9624-2a3ab76ae637" testId="f86161bd-f5ff-e739-8561-c83ff6f0d4a9" testName="FormatToStringTest1000(13046.352146307172d,&quot;13046.35 zł&quot;)" computerName="DESKTOP-5URQ9PB" duration="00:00:00.0000190" startTime="2022-06-13T21:13:29.8321260+02:00" endTime="2022-06-13T21:13:29.8321453+02:00" testType="13cdc9d9-ddb5-4fa4-a97d-d965ccfc6d4b" outcome="Passed" testListId="8c84fa94-04c1-424b-9868-57a2d4851a1d" relativeResultsDirectory="c83b933d-f225-41d9-9624-2a3ab76ae637" />
    <UnitTestResult executionId="7c1db05c-1fc6-4efd-841f-20fb92f85ab5" testId="7c3bd97a-a125-9200-b1f2-a28a2e7a05fe" testName="FormatToStringTest1000(56802.303118930344d,&quot;56802.30 zł&quot;)" computerName="DESKTOP-5URQ9PB" duration="00:00:00.0000190" startTime="2022-06-13T21:13:29.8242870+02:00" endTime="2022-06-13T21:13:29.8243058+02:00" testType="13cdc9d9-ddb5-4fa4-a97d-d965ccfc6d4b" outcome="Passed" testListId="8c84fa94-04c1-424b-9868-57a2d4851a1d" relativeResultsDirectory="7c1db05c-1fc6-4efd-841f-20fb92f85ab5" />
  </Results>
  <TestDefinitions>
    <UnitTest name="FormatToStringTest1000(3503.9809179231434d,&quot;3503.98 zł&quot;)" storage="c:\projekty\nunittestproject\bin\debug\netcoreapp3.1\nunittestproject.dll" id="d2b12152-aa29-786c-7dfa-f4b6b5aa2a7e">
      <Execution id="e71c1295-700a-4f73-a21e-21c1b8dae3ae" />
      <TestMethod codeBase="C:\Projekty\NUnitTestProject\bin\Debug\netcoreapp3.1\NUnitTestProject.dll" adapterTypeName="executor://nunit3testexecutor/" className="NUnitTestProject.CurrencyHelperTests" name="FormatToStringTest1000(3503.9809179231434d,&quot;3503.98 zł&quot;)" />
    </UnitTest>
    <UnitTest name="FormatToStringTest1000(86.89546322771136d,&quot;86.90 zł&quot;)" storage="c:\projekty\nunittestproject\bin\debug\netcoreapp3.1\nunittestproject.dll" id="d00dfd16-6967-b6b7-0f2f-9403bdf758f6">
      <Execution id="729fdc3b-0d80-4930-b015-d21ea0900427" />
      <TestMethod codeBase="C:\Projekty\NUnitTestProject\bin\Debug\netcoreapp3.1\NUnitTestProject.dll" adapterTypeName="executor://nunit3testexecutor/" className="NUnitTestProject.CurrencyHelperTests" name="FormatToStringTest1000(86.89546322771136d,&quot;86.90 zł&quot;)" />
    </UnitTest>
    <UnitTest name="FormatToStringTest1000(28972.23604401212d,&quot;28972.24 zł&quot;)" storage="c:\projekty\nunittestproject\bin\debug\netcoreapp3.1\nunittestproject.dll" id="abb79c21-cbdf-18a9-eb27-48d7cd452ee8">
      <Execution id="ef3a2c2d-35f4-4780-a148-ea33504951ad" />
      <TestMethod codeBase="C:\Projekty\NUnitTestProject\bin\Debug\netcoreapp3.1\NUnitTestProject.dll" adapterTypeName="executor://nunit3testexecutor/" className="NUnitTestProject.CurrencyHelperTests" name="FormatToStringTest1000(28972.23604401212d,&quot;28972.24 zł&quot;)" />
    </UnitTest>
    <UnitTest name="FormatToStringTest1000(10457.593086045978d,&quot;10457.59 zł&quot;)" storage="c:\projekty\nunittestproject\bin\debug\netcoreapp3.1\nunittestproject.dll" id="35e23acf-2036-4d69-e77b-27d58a55d61b">
      <Execution id="eb698104-be75-4c2a-8ba0-4640947b2344" />
      <TestMethod codeBase="C:\Projekty\NUnitTestProject\bin\Debug\netcoreapp3.1\NUnitTestProject.dll" adapterTypeName="executor://nunit3testexecutor/" className="NUnitTestProject.CurrencyHelperTests" name="FormatToStringTest1000(10457.593086045978d,&quot;10457.59 zł&quot;)" />
    </UnitTest>
    <UnitTest name="FormatToStringTest1000(1751.7703038522834d,&quot;1751.77 zł&quot;)" storage="c:\projekty\nunittestproject\bin\debug\netcoreapp3.1\nunittestproject.dll" id="4d3ac1b1-3fbf-8e2e-a5b3-6011afbd1d48">
      <Execution id="92fbbf57-46c7-41e4-8e85-30fe5cdecacb" />
      <TestMethod codeBase="C:\Projekty\NUnitTestProject\bin\Debug\netcoreapp3.1\NUnitTestProject.dll" adapterTypeName="executor://nunit3testexecutor/" className="NUnitTestProject.CurrencyHelperTests" name="FormatToStringTest1000(1751.7703038522834d,&quot;1751.77 zł&quot;)" />
    </UnitTest>
    <UnitTest name="FormatToStringTest1000(6915.421130504656d,&quot;6915.42 zł&quot;)" storage="c:\projekty\nunittestproject\bin\debug\netcoreapp3.1\nunittestproject.dll" id="71fdf905-97fb-1d5b-9602-e52da179cf3f">
      <Execution id="c0842897-d8f8-4515-8b44-009fd203f9f5" />
      <TestMethod codeBase="C:\Projekty\NUnitTestProject\bin\Debug\netcoreapp3.1\NUnitTestProject.dll" adapterTypeName="executor://nunit3testexecutor/" className="NUnitTestProject.CurrencyHelperTests" name="FormatToStringTest1000(6915.421130504656d,&quot;6915.42 zł&quot;)" />
    </UnitTest>
    <UnitTest name="FormatToStringTest1000(47025.6224095177d,&quot;47025.62 zł&quot;)" storage="c:\projekty\nunittestproject\bin\debug\netcoreapp3.1\nunittestproject.dll" id="1ab663c2-4cb9-e883-e113-e7c904041e47">
      <Execution id="2a5bd379-cd99-4a17-9b42-ba887842a56c" />
      <TestMethod codeBase="C:\Projekty\NUnitTestProject\bin\Debug\netcoreapp3.1\NUnitTestProject.dll" adapterTypeName="executor://nunit3testexecutor/" className="NUnitTestProject.CurrencyHelperTests" name="FormatToStringTest1000(47025.6224095177d,&quot;47025.62 zł&quot;)" />
    </UnitTest>
    <UnitTest name="FormatToStringTest1000(37866.43836050967d,&quot;37866.44 zł&quot;)" storage="c:\projekty\nunittestproject\bin\debug\netcoreapp3.1\nunittestproject.dll" id="379018c4-3439-ea28-2c36-3039f4766b8e">
      <Execution id="3e4cd323-bf4e-40f6-8520-7dfe6b21ef43" />
      <TestMethod codeBase="C:\Projekty\NUnitTestProject\bin\Debug\netcoreapp3.1\NUnitTestProject.dll" adapterTypeName="executor://nunit3testexecutor/" className="NUnitTestProject.CurrencyHelperTests" name="FormatToStringTest1000(37866.43836050967d,&quot;37866.44 zł&quot;)" />
    </UnitTest>
    <UnitTest name="FormatToStringTest1000(45445.182098106096d,&quot;45445.18 zł&quot;)" storage="c:\projekty\nunittestproject\bin\debug\netcoreapp3.1\nunittestproject.dll" id="f6e6ea6a-a253-8185-3a92-d6751c76c436">
      <Execution id="088fc83c-c72c-4f98-ae1b-73aa92935853" />
      <TestMethod codeBase="C:\Projekty\NUnitTestProject\bin\Debug\netcoreapp3.1\NUnitTestProject.dll" adapterTypeName="executor://nunit3testexecutor/" className="NUnitTestProject.CurrencyHelperTests" name="FormatToStringTest1000(45445.182098106096d,&quot;45445.18 zł&quot;)" />
    </UnitTest>
    <UnitTest name="FormatToStringTest1000(657.5396922647672d,&quot;657.54 zł&quot;)" storage="c:\projekty\nunittestproject\bin\debug\netcoreapp3.1\nunittestproject.dll" id="92867c0e-facc-7f59-b4bc-04e39d2ba464">
      <Execution id="bd98bc13-ec26-459e-8406-78c6427d2a33" />
      <TestMethod codeBase="C:\Projekty\NUnitTestProject\bin\Debug\netcoreapp3.1\NUnitTestProject.dll" adapterTypeName="executor://nunit3testexecutor/" className="NUnitTestProject.CurrencyHelperTests" name="FormatToStringTest1000(657.5396922647672d,&quot;657.54 zł&quot;)" />
    </UnitTest>
    <UnitTest name="FormatToStringTest1000(2423.6182769712145d,&quot;2423.62 zł&quot;)" storage="c:\projekty\nunittestproject\bin\debug\netcoreapp3.1\nunittestproject.dll" id="2067c239-a69d-2f34-aeac-53cb55316cbb">
      <Execution id="eb537111-ffba-4e60-8ca3-69c07ebbdc04" />
      <TestMethod codeBase="C:\Projekty\NUnitTestProject\bin\Debug\netcoreapp3.1\NUnitTestProject.dll" adapterTypeName="executor://nunit3testexecutor/" className="NUnitTestProject.CurrencyHelperTests" name="FormatToStringTest1000(2423.6182769712145d,&quot;2423.62 zł&quot;)" />
    </UnitTest>
    <UnitTest name="FormatToStringTest1000(30410.68214617003d,&quot;30410.68 zł&quot;)" storage="c:\projekty\nunittestproject\bin\debug\netcoreapp3.1\nunittestproject.dll" id="9ef22620-233d-af50-c838-ed1dcd20ddc6">
      <Execution id="edcdbdc5-2170-4826-a496-04bbc8662190" />
      <TestMethod codeBase="C:\Projekty\NUnitTestProject\bin\Debug\netcoreapp3.1\NUnitTestProject.dll" adapterTypeName="executor://nunit3testexecutor/" className="NUnitTestProject.CurrencyHelperTests" name="FormatToStringTest1000(30410.68214617003d,&quot;30410.68 zł&quot;)" />
    </UnitTest>
    <UnitTest name="FormatToStringTest1000(2409.393997763001d,&quot;2409.39 zł&quot;)" storage="c:\projekty\nunittestproject\bin\debug\netcoreapp3.1\nunittestproject.dll" id="1e5c078d-f94d-c926-473c-575e7ad77b95">
      <Execution id="edbcf9ea-be32-4a2f-8ad9-d799c9ed3886" />
      <TestMethod codeBase="C:\Projekty\NUnitTestProject\bin\Debug\netcoreapp3.1\NUnitTestProject.dll" adapterTypeName="executor://nunit3testexecutor/" className="NUnitTestProject.CurrencyHelperTests" name="FormatToStringTest1000(2409.393997763001d,&quot;2409.39 zł&quot;)" />
    </UnitTest>
    <UnitTest name="FormatToStringTest1000(12221.10494323592d,&quot;12221.10 zł&quot;)" storage="c:\projekty\nunittestproject\bin\debug\netcoreapp3.1\nunittestproject.dll" id="64a6b4e0-a8e1-9595-14c6-66f8a8c8f576">
      <Execution id="e30be455-d4a1-46fb-87a1-a8923aa1e16a" />
      <TestMethod codeBase="C:\Projekty\NUnitTestProject\bin\Debug\netcoreapp3.1\NUnitTestProject.dll" adapterTypeName="executor://nunit3testexecutor/" className="NUnitTestProject.CurrencyHelperTests" name="FormatToStringTest1000(12221.10494323592d,&quot;12221.10 zł&quot;)" />
    </UnitTest>
    <UnitTest name="FormatToStringTest1000(5876.112133716285d,&quot;5876.11 zł&quot;)" storage="c:\projekty\nunittestproject\bin\debug\netcoreapp3.1\nunittestproject.dll" id="9bd1c538-5b49-0158-94f6-e9be1859d678">
      <Execution id="abed2648-27d0-4bf0-80a1-1bc4cd2410f1" />
      <TestMethod codeBase="C:\Projekty\NUnitTestProject\bin\Debug\netcoreapp3.1\NUnitTestProject.dll" adapterTypeName="executor://nunit3testexecutor/" className="NUnitTestProject.CurrencyHelperTests" name="FormatToStringTest1000(5876.112133716285d,&quot;5876.11 zł&quot;)" />
    </UnitTest>
    <UnitTest name="FormatToStringTest1000(10534.184353995222d,&quot;10534.18 zł&quot;)" storage="c:\projekty\nunittestproject\bin\debug\netcoreapp3.1\nunittestproject.dll" id="8537861e-52bb-f63c-38f8-3f1d41ff88e5">
      <Execution id="38fb0e12-77ff-419e-95ab-311b02d02dd3" />
      <TestMethod codeBase="C:\Projekty\NUnitTestProject\bin\Debug\netcoreapp3.1\NUnitTestProject.dll" adapterTypeName="executor://nunit3testexecutor/" className="NUnitTestProject.CurrencyHelperTests" name="FormatToStringTest1000(10534.184353995222d,&quot;10534.18 zł&quot;)" />
    </UnitTest>
    <UnitTest name="FormatToStringTest1000(19541.10539777116d,&quot;19541.11 zł&quot;)" storage="c:\projekty\nunittestproject\bin\debug\netcoreapp3.1\nunittestproject.dll" id="7f23cd21-ad85-3cc7-38be-9ece9bfed213">
      <Execution id="b17a8a08-a565-4b21-95f7-ce141fa15841" />
      <TestMethod codeBase="C:\Projekty\NUnitTestProject\bin\Debug\netcoreapp3.1\NUnitTestProject.dll" adapterTypeName="executor://nunit3testexecutor/" className="NUnitTestProject.CurrencyHelperTests" name="FormatToStringTest1000(19541.10539777116d,&quot;19541.11 zł&quot;)" />
    </UnitTest>
    <UnitTest name="FormatToStringTest1000(480.2082316857801d,&quot;480.21 zł&quot;)" storage="c:\projekty\nunittestproject\bin\debug\netcoreapp3.1\nunittestproject.dll" id="05474d60-4c0c-5e35-b4fc-2df26a361c4d">
      <Execution id="b026b151-75c1-41e9-8eb1-09e6b2627b3f" />
      <TestMethod codeBase="C:\Projekty\NUnitTestProject\bin\Debug\netcoreapp3.1\NUnitTestProject.dll" adapterTypeName="executor://nunit3testexecutor/" className="NUnitTestProject.CurrencyHelperTests" name="FormatToStringTest1000(480.2082316857801d,&quot;480.21 zł&quot;)" />
    </UnitTest>
    <UnitTest name="FormatToStringTest1000(22678.795878462864d,&quot;22678.80 zł&quot;)" storage="c:\projekty\nunittestproject\bin\debug\netcoreapp3.1\nunittestproject.dll" id="09dc5d9b-3822-771d-84ba-e650ae497aa7">
      <Execution id="5352a757-9c68-456c-a6e2-564c3a20dba1" />
      <TestMethod codeBase="C:\Projekty\NUnitTestProject\bin\Debug\netcoreapp3.1\NUnitTestProject.dll" adapterTypeName="executor://nunit3testexecutor/" className="NUnitTestProject.CurrencyHelperTests" name="FormatToStringTest1000(22678.795878462864d,&quot;22678.80 zł&quot;)" />
    </UnitTest>
    <UnitTest name="FormatToStringTest1000(25376.6225052097d,&quot;25376.62 zł&quot;)" storage="c:\projekty\nunittestproject\bin\debug\netcoreapp3.1\nunittestproject.dll" id="4b65b228-f0fd-3e1d-e2c9-95f312b6aeb7">
      <Execution id="ed6378ad-c8e3-4f87-96e3-bb645827417c" />
      <TestMethod codeBase="C:\Projekty\NUnitTestProject\bin\Debug\netcoreapp3.1\NUnitTestProject.dll" adapterTypeName="executor://nunit3testexecutor/" className="NUnitTestProject.CurrencyHelperTests" name="FormatToStringTest1000(25376.6225052097d,&quot;25376.62 zł&quot;)" />
    </UnitTest>
    <UnitTest name="FormatToStringTest1000(2444.4726240530017d,&quot;2444.47 zł&quot;)" storage="c:\projekty\nunittestproject\bin\debug\netcoreapp3.1\nunittestproject.dll" id="67f8d8e0-1fb7-7817-1ba6-6557149ef676">
      <Execution id="089ed6f5-cdaf-4530-a702-d6f41df3ec00" />
      <TestMethod codeBase="C:\Projekty\NUnitTestProject\bin\Debug\netcoreapp3.1\NUnitTestProject.dll" adapterTypeName="executor://nunit3testexecutor/" className="NUnitTestProject.CurrencyHelperTests" name="FormatToStringTest1000(2444.4726240530017d,&quot;2444.47 zł&quot;)" />
    </UnitTest>
    <UnitTest name="FormatToStringTest1000(8851.904041135638d,&quot;8851.90 zł&quot;)" storage="c:\projekty\nunittestproject\bin\debug\netcoreapp3.1\nunittestproject.dll" id="2e2f38c6-5756-eb9b-9fbb-652c777b6247">
      <Execution id="7a201965-228e-4fa1-9b28-286efbafcdcb" />
      <TestMethod codeBase="C:\Projekty\NUnitTestProject\bin\Debug\netcoreapp3.1\NUnitTestProject.dll" adapterTypeName="executor://nunit3testexecutor/" className="NUnitTestProject.CurrencyHelperTests" name="FormatToStringTest1000(8851.904041135638d,&quot;8851.90 zł&quot;)" />
    </UnitTest>
    <UnitTest name="FormatToStringTest1000(43858.624379632354d,&quot;43858.62 zł&quot;)" storage="c:\projekty\nunittestproject\bin\debug\netcoreapp3.1\nunittestproject.dll" id="0183c416-9787-c59d-18ce-d5b3fc43ac57">
      <Execution id="d0cac625-0d95-4694-af6b-131efe90ceb9" />
      <TestMethod codeBase="C:\Projekty\NUnitTestProject\bin\Debug\netcoreapp3.1\NUnitTestProject.dll" adapterTypeName="executor://nunit3testexecutor/" className="NUnitTestProject.CurrencyHelperTests" name="FormatToStringTest1000(43858.624379632354d,&quot;43858.62 zł&quot;)" />
    </UnitTest>
    <UnitTest name="FormatToStringTest1000(13455.521105358153d,&quot;13455.52 zł&quot;)" storage="c:\projekty\nunittestproject\bin\debug\netcoreapp3.1\nunittestproject.dll" id="dd5c672a-615a-d2df-e240-966d42055469">
      <Execution id="8d261c3b-0bfa-439b-8f2c-38c3ae55d982" />
      <TestMethod codeBase="C:\Projekty\NUnitTestProject\bin\Debug\netcoreapp3.1\NUnitTestProject.dll" adapterTypeName="executor://nunit3testexecutor/" className="NUnitTestProject.CurrencyHelperTests" name="FormatToStringTest1000(13455.521105358153d,&quot;13455.52 zł&quot;)" />
    </UnitTest>
    <UnitTest name="FormatToStringTest1000(386.358918903097d,&quot;386.36 zł&quot;)" storage="c:\projekty\nunittestproject\bin\debug\netcoreapp3.1\nunittestproject.dll" id="c565182f-b75e-4a8b-1a2d-674dce2fa509">
      <Execution id="e422f89f-fa39-4c62-9549-51d2db419633" />
      <TestMethod codeBase="C:\Projekty\NUnitTestProject\bin\Debug\netcoreapp3.1\NUnitTestProject.dll" adapterTypeName="executor://nunit3testexecutor/" className="NUnitTestProject.CurrencyHelperTests" name="FormatToStringTest1000(386.358918903097d,&quot;386.36 zł&quot;)" />
    </UnitTest>
    <UnitTest name="FormatToStringTest1000(10066.059180456241d,&quot;10066.06 zł&quot;)" storage="c:\projekty\nunittestproject\bin\debug\netcoreapp3.1\nunittestproject.dll" id="e8132b4a-b72b-7d8e-d5ad-2056ee804391">
      <Execution id="f67ee7a8-7650-44ee-878b-1591babfd0ad" />
      <TestMethod codeBase="C:\Projekty\NUnitTestProject\bin\Debug\netcoreapp3.1\NUnitTestProject.dll" adapterTypeName="executor://nunit3testexecutor/" className="NUnitTestProject.CurrencyHelperTests" name="FormatToStringTest1000(10066.059180456241d,&quot;10066.06 zł&quot;)" />
    </UnitTest>
    <UnitTest name="FormatToStringTest1000(2883.637133003975d,&quot;2883.64 zł&quot;)" storage="c:\projekty\nunittestproject\bin\debug\netcoreapp3.1\nunittestproject.dll" id="8444e906-7a92-9021-9b3f-57eb7bbd8067">
      <Execution id="23d0e968-cb46-4fdd-9c12-f767331c75fe" />
      <TestMethod codeBase="C:\Projekty\NUnitTestProject\bin\Debug\netcoreapp3.1\NUnitTestProject.dll" adapterTypeName="executor://nunit3testexecutor/" className="NUnitTestProject.CurrencyHelperTests" name="FormatToStringTest1000(2883.637133003975d,&quot;2883.64 zł&quot;)" />
    </UnitTest>
    <UnitTest name="FormatToStringTest1000(24030.724859085738d,&quot;24030.72 zł&quot;)" storage="c:\projekty\nunittestproject\bin\debug\netcoreapp3.1\nunittestproject.dll" id="39df2f5c-e533-7912-e8a8-0244d814b70f">
      <Execution id="9b79a342-138e-4114-ad8b-469f533aef48" />
      <TestMethod codeBase="C:\Projekty\NUnitTestProject\bin\Debug\netcoreapp3.1\NUnitTestProject.dll" adapterTypeName="executor://nunit3testexecutor/" className="NUnitTestProject.CurrencyHelperTests" name="FormatToStringTest1000(24030.724859085738d,&quot;24030.72 zł&quot;)" />
    </UnitTest>
    <UnitTest name="FormatToStringTest1000(20116.958341299072d,&quot;20116.96 zł&quot;)" storage="c:\projekty\nunittestproject\bin\debug\netcoreapp3.1\nunittestproject.dll" id="7a0e454f-7db2-d7d6-0df6-561708317bba">
      <Execution id="ac45e246-3cfe-4f8a-8afb-5a883941ceef" />
      <TestMethod codeBase="C:\Projekty\NUnitTestProject\bin\Debug\netcoreapp3.1\NUnitTestProject.dll" adapterTypeName="executor://nunit3testexecutor/" className="NUnitTestProject.CurrencyHelperTests" name="FormatToStringTest1000(20116.958341299072d,&quot;20116.96 zł&quot;)" />
    </UnitTest>
    <UnitTest name="FormatToStringTest1000(58459.03113649601d,&quot;58459.03 zł&quot;)" storage="c:\projekty\nunittestproject\bin\debug\netcoreapp3.1\nunittestproject.dll" id="b923c1df-de90-30ce-6175-be67d41806a2">
      <Execution id="0c6d40c0-ce5f-436c-807e-82126448655e" />
      <TestMethod codeBase="C:\Projekty\NUnitTestProject\bin\Debug\netcoreapp3.1\NUnitTestProject.dll" adapterTypeName="executor://nunit3testexecutor/" className="NUnitTestProject.CurrencyHelperTests" name="FormatToStringTest1000(58459.03113649601d,&quot;58459.03 zł&quot;)" />
    </UnitTest>
    <UnitTest name="FormatToStringTest1000(20643.69044446465d,&quot;20643.69 zł&quot;)" storage="c:\projekty\nunittestproject\bin\debug\netcoreapp3.1\nunittestproject.dll" id="b039aca6-d089-bcbd-2727-394bcd0025e0">
      <Execution id="23003f72-2a51-42cd-951e-162415276f31" />
      <TestMethod codeBase="C:\Projekty\NUnitTestProject\bin\Debug\netcoreapp3.1\NUnitTestProject.dll" adapterTypeName="executor://nunit3testexecutor/" className="NUnitTestProject.CurrencyHelperTests" name="FormatToStringTest1000(20643.69044446465d,&quot;20643.69 zł&quot;)" />
    </UnitTest>
    <UnitTest name="FormatToStringTest1000(151.50737175275916d,&quot;151.51 zł&quot;)" storage="c:\projekty\nunittestproject\bin\debug\netcoreapp3.1\nunittestproject.dll" id="34f38fc8-ae53-5e82-0417-57e4237764fa">
      <Execution id="6f98cbf7-fde5-47c2-9f88-1548b82ebb15" />
      <TestMethod codeBase="C:\Projekty\NUnitTestProject\bin\Debug\netcoreapp3.1\NUnitTestProject.dll" adapterTypeName="executor://nunit3testexecutor/" className="NUnitTestProject.CurrencyHelperTests" name="FormatToStringTest1000(151.50737175275916d,&quot;151.51 zł&quot;)" />
    </UnitTest>
    <UnitTest name="FormatToStringTest1000(39314.52353688401d,&quot;39314.52 zł&quot;)" storage="c:\projekty\nunittestproject\bin\debug\netcoreapp3.1\nunittestproject.dll" id="97c96922-5169-8a4b-ec79-8c51fbb945f4">
      <Execution id="0beb905c-dc0f-4212-b4cc-8c27c916fc6e" />
      <TestMethod codeBase="C:\Projekty\NUnitTestProject\bin\Debug\netcoreapp3.1\NUnitTestProject.dll" adapterTypeName="executor://nunit3testexecutor/" className="NUnitTestProject.CurrencyHelperTests" name="FormatToStringTest1000(39314.52353688401d,&quot;39314.52 zł&quot;)" />
    </UnitTest>
    <UnitTest name="FormatToStringTest1000(70771.4436677524d,&quot;70771.44 zł&quot;)" storage="c:\projekty\nunittestproject\bin\debug\netcoreapp3.1\nunittestproject.dll" id="a08c8488-fa9f-7deb-e37e-0124bdaf71c9">
      <Execution id="bf21b70f-b86b-40ba-bd57-8af8e241d91a" />
      <TestMethod codeBase="C:\Projekty\NUnitTestProject\bin\Debug\netcoreapp3.1\NUnitTestProject.dll" adapterTypeName="executor://nunit3testexecutor/" className="NUnitTestProject.CurrencyHelperTests" name="FormatToStringTest1000(70771.4436677524d,&quot;70771.44 zł&quot;)" />
    </UnitTest>
    <UnitTest name="FormatToStringTest1000(24768.25771770359d,&quot;24768.26 zł&quot;)" storage="c:\projekty\nunittestproject\bin\debug\netcoreapp3.1\nunittestproject.dll" id="9277cfc2-3adf-cf52-f9f5-a84d42e6305c">
      <Execution id="1a851c4e-481e-49fc-8f24-9b64b02364e9" />
      <TestMethod codeBase="C:\Projekty\NUnitTestProject\bin\Debug\netcoreapp3.1\NUnitTestProject.dll" adapterTypeName="executor://nunit3testexecutor/" className="NUnitTestProject.CurrencyHelperTests" name="FormatToStringTest1000(24768.25771770359d,&quot;24768.26 zł&quot;)" />
    </UnitTest>
    <UnitTest name="FormatToStringTest1000(50644.690874327294d,&quot;50644.69 zł&quot;)" storage="c:\projekty\nunittestproject\bin\debug\netcoreapp3.1\nunittestproject.dll" id="9006b827-71f8-1e68-78c8-d64e06e75b19">
      <Execution id="1ed943bc-51da-49d5-95e7-c3f97c3ad584" />
      <TestMethod codeBase="C:\Projekty\NUnitTestProject\bin\Debug\netcoreapp3.1\NUnitTestProject.dll" adapterTypeName="executor://nunit3testexecutor/" className="NUnitTestProject.CurrencyHelperTests" name="FormatToStringTest1000(50644.690874327294d,&quot;50644.69 zł&quot;)" />
    </UnitTest>
    <UnitTest name="FormatToStringTest1000(20146.183073329827d,&quot;20146.18 zł&quot;)" storage="c:\projekty\nunittestproject\bin\debug\netcoreapp3.1\nunittestproject.dll" id="b5a90a67-8ab0-67af-7979-e040eeab7b97">
      <Execution id="778be284-ab04-466a-aaff-cf3e81b110f1" />
      <TestMethod codeBase="C:\Projekty\NUnitTestProject\bin\Debug\netcoreapp3.1\NUnitTestProject.dll" adapterTypeName="executor://nunit3testexecutor/" className="NUnitTestProject.CurrencyHelperTests" name="FormatToStringTest1000(20146.183073329827d,&quot;20146.18 zł&quot;)" />
    </UnitTest>
    <UnitTest name="FormatToStringTest1000(45340.017357165d,&quot;45340.02 zł&quot;)" storage="c:\projekty\nunittestproject\bin\debug\netcoreapp3.1\nunittestproject.dll" id="11c041e5-c464-6527-9aa5-15185ee7ed3b">
      <Execution id="e948a045-1e8b-4542-8b47-01a877fc4701" />
      <TestMethod codeBase="C:\Projekty\NUnitTestProject\bin\Debug\netcoreapp3.1\NUnitTestProject.dll" adapterTypeName="executor://nunit3testexecutor/" className="NUnitTestProject.CurrencyHelperTests" name="FormatToStringTest1000(45340.017357165d,&quot;45340.02 zł&quot;)" />
    </UnitTest>
    <UnitTest name="FormatToStringTest1000(52032.65082931176d,&quot;52032.65 zł&quot;)" storage="c:\projekty\nunittestproject\bin\debug\netcoreapp3.1\nunittestproject.dll" id="0f4e158a-5f55-34ac-2195-c457e3f3f9e2">
      <Execution id="47332a3f-dfa4-4c8f-bd0e-88f7c501e6d7" />
      <TestMethod codeBase="C:\Projekty\NUnitTestProject\bin\Debug\netcoreapp3.1\NUnitTestProject.dll" adapterTypeName="executor://nunit3testexecutor/" className="NUnitTestProject.CurrencyHelperTests" name="FormatToStringTest1000(52032.65082931176d,&quot;52032.65 zł&quot;)" />
    </UnitTest>
    <UnitTest name="FormatToStringTest1000(36320.770035296104d,&quot;36320.77 zł&quot;)" storage="c:\projekty\nunittestproject\bin\debug\netcoreapp3.1\nunittestproject.dll" id="a6a973e9-da68-b082-10c2-5aa132fd4e6b">
      <Execution id="40f3b980-c5cf-4245-871d-335ad5d05617" />
      <TestMethod codeBase="C:\Projekty\NUnitTestProject\bin\Debug\netcoreapp3.1\NUnitTestProject.dll" adapterTypeName="executor://nunit3testexecutor/" className="NUnitTestProject.CurrencyHelperTests" name="FormatToStringTest1000(36320.770035296104d,&quot;36320.77 zł&quot;)" />
    </UnitTest>
    <UnitTest name="FormatToStringTest1000(34096.337879508894d,&quot;34096.34 zł&quot;)" storage="c:\projekty\nunittestproject\bin\debug\netcoreapp3.1\nunittestproject.dll" id="21c3231d-e912-0f46-5fbf-421ff3f2435e">
      <Execution id="d6c2bbf7-a89d-4581-8e64-0c62194653a5" />
      <TestMethod codeBase="C:\Projekty\NUnitTestProject\bin\Debug\netcoreapp3.1\NUnitTestProject.dll" adapterTypeName="executor://nunit3testexecutor/" className="NUnitTestProject.CurrencyHelperTests" name="FormatToStringTest1000(34096.337879508894d,&quot;34096.34 zł&quot;)" />
    </UnitTest>
    <UnitTest name="FormatToStringTest1000(37589.670531794276d,&quot;37589.67 zł&quot;)" storage="c:\projekty\nunittestproject\bin\debug\netcoreapp3.1\nunittestproject.dll" id="39003167-8a78-92df-7e4f-41dcd0888168">
      <Execution id="f8c2da62-7a3c-46dc-a0fe-a94ac8f14e03" />
      <TestMethod codeBase="C:\Projekty\NUnitTestProject\bin\Debug\netcoreapp3.1\NUnitTestProject.dll" adapterTypeName="executor://nunit3testexecutor/" className="NUnitTestProject.CurrencyHelperTests" name="FormatToStringTest1000(37589.670531794276d,&quot;37589.67 zł&quot;)" />
    </UnitTest>
    <UnitTest name="FormatToStringTest1000(15566.957545477411d,&quot;15566.96 zł&quot;)" storage="c:\projekty\nunittestproject\bin\debug\netcoreapp3.1\nunittestproject.dll" id="506d41c9-bfc8-bf08-1307-c55fbf29a8e5">
      <Execution id="2f8387b1-6809-4da1-b8fa-b8ff55f5379c" />
      <TestMethod codeBase="C:\Projekty\NUnitTestProject\bin\Debug\netcoreapp3.1\NUnitTestProject.dll" adapterTypeName="executor://nunit3testexecutor/" className="NUnitTestProject.CurrencyHelperTests" name="FormatToStringTest1000(15566.957545477411d,&quot;15566.96 zł&quot;)" />
    </UnitTest>
    <UnitTest name="FormatToStringTest1000(9661.966055578536d,&quot;9661.97 zł&quot;)" storage="c:\projekty\nunittestproject\bin\debug\netcoreapp3.1\nunittestproject.dll" id="b9c69082-a036-d41e-d5a0-c1cde2a1d040">
      <Execution id="50ba396b-711b-4751-ac29-3a6ab3684146" />
      <TestMethod codeBase="C:\Projekty\NUnitTestProject\bin\Debug\netcoreapp3.1\NUnitTestProject.dll" adapterTypeName="executor://nunit3testexecutor/" className="NUnitTestProject.CurrencyHelperTests" name="FormatToStringTest1000(9661.966055578536d,&quot;9661.97 zł&quot;)" />
    </UnitTest>
    <UnitTest name="FormatToStringTest1000(653.4647999170537d,&quot;653.46 zł&quot;)" storage="c:\projekty\nunittestproject\bin\debug\netcoreapp3.1\nunittestproject.dll" id="a95ff0ae-d4c3-2673-b0e9-9a7af3b33aba">
      <Execution id="e413191a-4e42-4378-aba4-a20702dd8e7b" />
      <TestMethod codeBase="C:\Projekty\NUnitTestProject\bin\Debug\netcoreapp3.1\NUnitTestProject.dll" adapterTypeName="executor://nunit3testexecutor/" className="NUnitTestProject.CurrencyHelperTests" name="FormatToStringTest1000(653.4647999170537d,&quot;653.46 zł&quot;)" />
    </UnitTest>
    <UnitTest name="FormatToStringTest1000(63115.864864394935d,&quot;63115.86 zł&quot;)" storage="c:\projekty\nunittestproject\bin\debug\netcoreapp3.1\nunittestproject.dll" id="13221fa5-3685-19e4-e13a-81cefe081d4d">
      <Execution id="57f9c7f2-65f8-4f29-a926-0a181e09c538" />
      <TestMethod codeBase="C:\Projekty\NUnitTestProject\bin\Debug\netcoreapp3.1\NUnitTestProject.dll" adapterTypeName="executor://nunit3testexecutor/" className="NUnitTestProject.CurrencyHelperTests" name="FormatToStringTest1000(63115.864864394935d,&quot;63115.86 zł&quot;)" />
    </UnitTest>
    <UnitTest name="FormatToStringTest1000(9818.257405763146d,&quot;9818.26 zł&quot;)" storage="c:\projekty\nunittestproject\bin\debug\netcoreapp3.1\nunittestproject.dll" id="99d674fc-9d36-ee84-15f3-75180d0ffbf0">
      <Execution id="aa093fba-e0c5-4cca-8725-f57748faea9e" />
      <TestMethod codeBase="C:\Projekty\NUnitTestProject\bin\Debug\netcoreapp3.1\NUnitTestProject.dll" adapterTypeName="executor://nunit3testexecutor/" className="NUnitTestProject.CurrencyHelperTests" name="FormatToStringTest1000(9818.257405763146d,&quot;9818.26 zł&quot;)" />
    </UnitTest>
    <UnitTest name="FormatToStringTest1000(46607.970025941715d,&quot;46607.97 zł&quot;)" storage="c:\projekty\nunittestproject\bin\debug\netcoreapp3.1\nunittestproject.dll" id="c2736500-86f5-c7ae-a0e1-fceb61e5a5d4">
      <Execution id="23d80a26-e869-45e9-a6dc-011379e6f8d0" />
      <TestMethod codeBase="C:\Projekty\NUnitTestProject\bin\Debug\netcoreapp3.1\NUnitTestProject.dll" adapterTypeName="executor://nunit3testexecutor/" className="NUnitTestProject.CurrencyHelperTests" name="FormatToStringTest1000(46607.970025941715d,&quot;46607.97 zł&quot;)" />
    </UnitTest>
    <UnitTest name="FormatToStringTest1000(11829.625994884234d,&quot;11829.63 zł&quot;)" storage="c:\projekty\nunittestproject\bin\debug\netcoreapp3.1\nunittestproject.dll" id="8ba4f73b-ec87-c89b-2641-8f6e59861d2d">
      <Execution id="839b55fc-20ca-41d9-8e30-0e57c6a02b21" />
      <TestMethod codeBase="C:\Projekty\NUnitTestProject\bin\Debug\netcoreapp3.1\NUnitTestProject.dll" adapterTypeName="executor://nunit3testexecutor/" className="NUnitTestProject.CurrencyHelperTests" name="FormatToStringTest1000(11829.625994884234d,&quot;11829.63 zł&quot;)" />
    </UnitTest>
    <UnitTest name="FormatToStringTest1000(55030.929183896136d,&quot;55030.93 zł&quot;)" storage="c:\projekty\nunittestproject\bin\debug\netcoreapp3.1\nunittestproject.dll" id="eae9a8da-630f-ea44-decf-a8ef3a38d81d">
      <Execution id="b8548cc0-4463-475e-9ccf-a4da73b47d9b" />
      <TestMethod codeBase="C:\Projekty\NUnitTestProject\bin\Debug\netcoreapp3.1\NUnitTestProject.dll" adapterTypeName="executor://nunit3testexecutor/" className="NUnitTestProject.CurrencyHelperTests" name="FormatToStringTest1000(55030.929183896136d,&quot;55030.93 zł&quot;)" />
    </UnitTest>
    <UnitTest name="FormatToStringTest1000(5749.124990274722d,&quot;5749.12 zł&quot;)" storage="c:\projekty\nunittestproject\bin\debug\netcoreapp3.1\nunittestproject.dll" id="e6b1d0c3-adf4-f12b-3a3a-a088a5d2227c">
      <Execution id="a581f80c-7640-4f93-b10d-ee8854648f57" />
      <TestMethod codeBase="C:\Projekty\NUnitTestProject\bin\Debug\netcoreapp3.1\NUnitTestProject.dll" adapterTypeName="executor://nunit3testexecutor/" className="NUnitTestProject.CurrencyHelperTests" name="FormatToStringTest1000(5749.124990274722d,&quot;5749.12 zł&quot;)" />
    </UnitTest>
    <UnitTest name="FormatToStringTest1000(22666.13578912995d,&quot;22666.14 zł&quot;)" storage="c:\projekty\nunittestproject\bin\debug\netcoreapp3.1\nunittestproject.dll" id="3c275536-ffe1-8830-c363-8f6f56aca6a1">
      <Execution id="0212d91a-9238-4459-ba1a-32acd7158a11" />
      <TestMethod codeBase="C:\Projekty\NUnitTestProject\bin\Debug\netcoreapp3.1\NUnitTestProject.dll" adapterTypeName="executor://nunit3testexecutor/" className="NUnitTestProject.CurrencyHelperTests" name="FormatToStringTest1000(22666.13578912995d,&quot;22666.14 zł&quot;)" />
    </UnitTest>
    <UnitTest name="FormatToStringTest1000(9765.54450809748d,&quot;9765.54 zł&quot;)" storage="c:\projekty\nunittestproject\bin\debug\netcoreapp3.1\nunittestproject.dll" id="9cea378d-92c3-1f1c-ce51-cbbf77aae662">
      <Execution id="d38ffc22-ef83-4e03-bf3d-21a4a8962923" />
      <TestMethod codeBase="C:\Projekty\NUnitTestProject\bin\Debug\netcoreapp3.1\NUnitTestProject.dll" adapterTypeName="executor://nunit3testexecutor/" className="NUnitTestProject.CurrencyHelperTests" name="FormatToStringTest1000(9765.54450809748d,&quot;9765.54 zł&quot;)" />
    </UnitTest>
    <UnitTest name="FormatToStringTest1000(8802.811382028653d,&quot;8802.81 zł&quot;)" storage="c:\projekty\nunittestproject\bin\debug\netcoreapp3.1\nunittestproject.dll" id="40488d75-026c-550a-6026-e97b07265e5b">
      <Execution id="d04381ab-c276-4b3b-89ea-7e4afba34118" />
      <TestMethod codeBase="C:\Projekty\NUnitTestProject\bin\Debug\netcoreapp3.1\NUnitTestProject.dll" adapterTypeName="executor://nunit3testexecutor/" className="NUnitTestProject.CurrencyHelperTests" name="FormatToStringTest1000(8802.811382028653d,&quot;8802.81 zł&quot;)" />
    </UnitTest>
    <UnitTest name="FormatToStringTest1000(3588.260979617136d,&quot;3588.26 zł&quot;)" storage="c:\projekty\nunittestproject\bin\debug\netcoreapp3.1\nunittestproject.dll" id="662f9f8e-b212-7223-452e-c301bb4c0b8d">
      <Execution id="768c056b-dc3e-4e19-a26c-fd984d0a19a9" />
      <TestMethod codeBase="C:\Projekty\NUnitTestProject\bin\Debug\netcoreapp3.1\NUnitTestProject.dll" adapterTypeName="executor://nunit3testexecutor/" className="NUnitTestProject.CurrencyHelperTests" name="FormatToStringTest1000(3588.260979617136d,&quot;3588.26 zł&quot;)" />
    </UnitTest>
    <UnitTest name="FormatToStringTest1000(20454.142628653506d,&quot;20454.14 zł&quot;)" storage="c:\projekty\nunittestproject\bin\debug\netcoreapp3.1\nunittestproject.dll" id="f6401660-be6e-6eb8-4af7-4a88425589c4">
      <Execution id="c6f85eb6-c9c1-42dc-9f04-c8cd881a6d1f" />
      <TestMethod codeBase="C:\Projekty\NUnitTestProject\bin\Debug\netcoreapp3.1\NUnitTestProject.dll" adapterTypeName="executor://nunit3testexecutor/" className="NUnitTestProject.CurrencyHelperTests" name="FormatToStringTest1000(20454.142628653506d,&quot;20454.14 zł&quot;)" />
    </UnitTest>
    <UnitTest name="FormatToStringTest1000(22330.217605518745d,&quot;22330.22 zł&quot;)" storage="c:\projekty\nunittestproject\bin\debug\netcoreapp3.1\nunittestproject.dll" id="47a34375-592d-8cb5-ab77-ab4cd5ff1ae6">
      <Execution id="7f5b57c4-d485-4370-b704-f9d3690ef5ac" />
      <TestMethod codeBase="C:\Projekty\NUnitTestProject\bin\Debug\netcoreapp3.1\NUnitTestProject.dll" adapterTypeName="executor://nunit3testexecutor/" className="NUnitTestProject.CurrencyHelperTests" name="FormatToStringTest1000(22330.217605518745d,&quot;22330.22 zł&quot;)" />
    </UnitTest>
    <UnitTest name="FormatToStringTest1000(31424.298858482067d,&quot;31424.30 zł&quot;)" storage="c:\projekty\nunittestproject\bin\debug\netcoreapp3.1\nunittestproject.dll" id="6348b4b0-49f7-9204-9791-fbfe727cb8b8">
      <Execution id="d037ee0d-4b9b-4d1a-a848-bdc7bd272859" />
      <TestMethod codeBase="C:\Projekty\NUnitTestProject\bin\Debug\netcoreapp3.1\NUnitTestProject.dll" adapterTypeName="executor://nunit3testexecutor/" className="NUnitTestProject.CurrencyHelperTests" name="FormatToStringTest1000(31424.298858482067d,&quot;31424.30 zł&quot;)" />
    </UnitTest>
    <UnitTest name="FormatToStringTest1000(9750.134289915735d,&quot;9750.13 zł&quot;)" storage="c:\projekty\nunittestproject\bin\debug\netcoreapp3.1\nunittestproject.dll" id="4f1f0a63-e0be-64e6-2c9f-87d58c623ce7">
      <Execution id="5ad975dc-68d6-43f2-b672-e637d29112cd" />
      <TestMethod codeBase="C:\Projekty\NUnitTestProject\bin\Debug\netcoreapp3.1\NUnitTestProject.dll" adapterTypeName="executor://nunit3testexecutor/" className="NUnitTestProject.CurrencyHelperTests" name="FormatToStringTest1000(9750.134289915735d,&quot;9750.13 zł&quot;)" />
    </UnitTest>
    <UnitTest name="FormatToStringTest1000(4648.492795337221d,&quot;4648.49 zł&quot;)" storage="c:\projekty\nunittestproject\bin\debug\netcoreapp3.1\nunittestproject.dll" id="341610ea-9bd8-25a4-90fc-740a57823f92">
      <Execution id="b94b3b1a-e9f0-4fa1-9ae3-76026f76ff1d" />
      <TestMethod codeBase="C:\Projekty\NUnitTestProject\bin\Debug\netcoreapp3.1\NUnitTestProject.dll" adapterTypeName="executor://nunit3testexecutor/" className="NUnitTestProject.CurrencyHelperTests" name="FormatToStringTest1000(4648.492795337221d,&quot;4648.49 zł&quot;)" />
    </UnitTest>
    <UnitTest name="FormatToStringTest1000(20737.251994218328d,&quot;20737.25 zł&quot;)" storage="c:\projekty\nunittestproject\bin\debug\netcoreapp3.1\nunittestproject.dll" id="cfa8282b-c910-23c2-f0df-2ed624c5a3c7">
      <Execution id="5a4984d9-16ac-4084-9bdf-58c15010afa5" />
      <TestMethod codeBase="C:\Projekty\NUnitTestProject\bin\Debug\netcoreapp3.1\NUnitTestProject.dll" adapterTypeName="executor://nunit3testexecutor/" className="NUnitTestProject.CurrencyHelperTests" name="FormatToStringTest1000(20737.251994218328d,&quot;20737.25 zł&quot;)" />
    </UnitTest>
    <UnitTest name="FormatToStringTest1000(6220.182014914314d,&quot;6220.18 zł&quot;)" storage="c:\projekty\nunittestproject\bin\debug\netcoreapp3.1\nunittestproject.dll" id="7bf7f3ca-374b-b9a9-53c4-47a8ad354e7e">
      <Execution id="f651430d-b059-4a9c-8968-a764ea655723" />
      <TestMethod codeBase="C:\Projekty\NUnitTestProject\bin\Debug\netcoreapp3.1\NUnitTestProject.dll" adapterTypeName="executor://nunit3testexecutor/" className="NUnitTestProject.CurrencyHelperTests" name="FormatToStringTest1000(6220.182014914314d,&quot;6220.18 zł&quot;)" />
    </UnitTest>
    <UnitTest name="FormatToStringTest1000(44869.327020554025d,&quot;44869.33 zł&quot;)" storage="c:\projekty\nunittestproject\bin\debug\netcoreapp3.1\nunittestproject.dll" id="0dc215f9-ced3-1d40-e986-2ebe86240f13">
      <Execution id="4d43e84e-4b96-4619-8438-cb7aeeb47a13" />
      <TestMethod codeBase="C:\Projekty\NUnitTestProject\bin\Debug\netcoreapp3.1\NUnitTestProject.dll" adapterTypeName="executor://nunit3testexecutor/" className="NUnitTestProject.CurrencyHelperTests" name="FormatToStringTest1000(44869.327020554025d,&quot;44869.33 zł&quot;)" />
    </UnitTest>
    <UnitTest name="FormatToStringTest1000(59283.7670322637d,&quot;59283.77 zł&quot;)" storage="c:\projekty\nunittestproject\bin\debug\netcoreapp3.1\nunittestproject.dll" id="dadc7847-4729-edf6-eb4b-78006f9ee153">
      <Execution id="c0b1dff5-645c-47d9-b3c2-3a8c8e2a6e51" />
      <TestMethod codeBase="C:\Projekty\NUnitTestProject\bin\Debug\netcoreapp3.1\NUnitTestProject.dll" adapterTypeName="executor://nunit3testexecutor/" className="NUnitTestProject.CurrencyHelperTests" name="FormatToStringTest1000(59283.7670322637d,&quot;59283.77 zł&quot;)" />
    </UnitTest>
    <UnitTest name="FormatToStringTest1000(27751.474436297303d,&quot;27751.47 zł&quot;)" storage="c:\projekty\nunittestproject\bin\debug\netcoreapp3.1\nunittestproject.dll" id="3d8d8c47-dc22-599d-26af-f64601981b29">
      <Execution id="a3fe0d1a-aaeb-4c14-bd25-a24e51bd2dc0" />
      <TestMethod codeBase="C:\Projekty\NUnitTestProject\bin\Debug\netcoreapp3.1\NUnitTestProject.dll" adapterTypeName="executor://nunit3testexecutor/" className="NUnitTestProject.CurrencyHelperTests" name="FormatToStringTest1000(27751.474436297303d,&quot;27751.47 zł&quot;)" />
    </UnitTest>
    <UnitTest name="FormatToStringTest1000(2751.3751475258614d,&quot;2751.38 zł&quot;)" storage="c:\projekty\nunittestproject\bin\debug\netcoreapp3.1\nunittestproject.dll" id="84185e06-3828-77a5-d8c9-c2b462b8ff8c">
      <Execution id="38efa80d-7b90-40a0-957d-0402d3083edd" />
      <TestMethod codeBase="C:\Projekty\NUnitTestProject\bin\Debug\netcoreapp3.1\NUnitTestProject.dll" adapterTypeName="executor://nunit3testexecutor/" className="NUnitTestProject.CurrencyHelperTests" name="FormatToStringTest1000(2751.3751475258614d,&quot;2751.38 zł&quot;)" />
    </UnitTest>
    <UnitTest name="FormatToStringTest1000(20237.28532723723d,&quot;20237.29 zł&quot;)" storage="c:\projekty\nunittestproject\bin\debug\netcoreapp3.1\nunittestproject.dll" id="4191e320-5572-4ed4-213f-949531d6a246">
      <Execution id="84baa685-7b12-4914-b2a1-9c8410facade" />
      <TestMethod codeBase="C:\Projekty\NUnitTestProject\bin\Debug\netcoreapp3.1\NUnitTestProject.dll" adapterTypeName="executor://nunit3testexecutor/" className="NUnitTestProject.CurrencyHelperTests" name="FormatToStringTest1000(20237.28532723723d,&quot;20237.29 zł&quot;)" />
    </UnitTest>
    <UnitTest name="FormatToStringTest1000(30034.922435005625d,&quot;30034.92 zł&quot;)" storage="c:\projekty\nunittestproject\bin\debug\netcoreapp3.1\nunittestproject.dll" id="1fa0b0ac-82b7-821b-a6bd-11883f4b16c1">
      <Execution id="7e74d669-c61e-462f-b871-800840a38317" />
      <TestMethod codeBase="C:\Projekty\NUnitTestProject\bin\Debug\netcoreapp3.1\NUnitTestProject.dll" adapterTypeName="executor://nunit3testexecutor/" className="NUnitTestProject.CurrencyHelperTests" name="FormatToStringTest1000(30034.922435005625d,&quot;30034.92 zł&quot;)" />
    </UnitTest>
    <UnitTest name="FormatToStringTest1000(50009.23881716898d,&quot;50009.24 zł&quot;)" storage="c:\projekty\nunittestproject\bin\debug\netcoreapp3.1\nunittestproject.dll" id="0204302a-a6b4-6e62-a63e-362dc9379d6c">
      <Execution id="b46dda7d-6d49-4298-a842-d4965b69865f" />
      <TestMethod codeBase="C:\Projekty\NUnitTestProject\bin\Debug\netcoreapp3.1\NUnitTestProject.dll" adapterTypeName="executor://nunit3testexecutor/" className="NUnitTestProject.CurrencyHelperTests" name="FormatToStringTest1000(50009.23881716898d,&quot;50009.24 zł&quot;)" />
    </UnitTest>
    <UnitTest name="FormatToStringTest1000(22592.465903659566d,&quot;22592.47 zł&quot;)" storage="c:\projekty\nunittestproject\bin\debug\netcoreapp3.1\nunittestproject.dll" id="7280bcd5-2dc4-a3f6-24fd-df56e5b00deb">
      <Execution id="0b545354-a187-48e2-a4a1-2665d7bb2546" />
      <TestMethod codeBase="C:\Projekty\NUnitTestProject\bin\Debug\netcoreapp3.1\NUnitTestProject.dll" adapterTypeName="executor://nunit3testexecutor/" className="NUnitTestProject.CurrencyHelperTests" name="FormatToStringTest1000(22592.465903659566d,&quot;22592.47 zł&quot;)" />
    </UnitTest>
    <UnitTest name="FormatToStringTest1000(5870.791169434223d,&quot;5870.79 zł&quot;)" storage="c:\projekty\nunittestproject\bin\debug\netcoreapp3.1\nunittestproject.dll" id="f9c4ace8-7c88-3dcb-8c8b-9f280e8b25b8">
      <Execution id="d8c8407d-b016-4d4d-a604-8fd427f15a68" />
      <TestMethod codeBase="C:\Projekty\NUnitTestProject\bin\Debug\netcoreapp3.1\NUnitTestProject.dll" adapterTypeName="executor://nunit3testexecutor/" className="NUnitTestProject.CurrencyHelperTests" name="FormatToStringTest1000(5870.791169434223d,&quot;5870.79 zł&quot;)" />
    </UnitTest>
    <UnitTest name="FormatToStringTest1000(9816.961298880615d,&quot;9816.96 zł&quot;)" storage="c:\projekty\nunittestproject\bin\debug\netcoreapp3.1\nunittestproject.dll" id="17734bbb-2d3a-adb5-e319-0683f12164eb">
      <Execution id="b6fb3c21-b8c2-4565-823c-e791bfa0f3fc" />
      <TestMethod codeBase="C:\Projekty\NUnitTestProject\bin\Debug\netcoreapp3.1\NUnitTestProject.dll" adapterTypeName="executor://nunit3testexecutor/" className="NUnitTestProject.CurrencyHelperTests" name="FormatToStringTest1000(9816.961298880615d,&quot;9816.96 zł&quot;)" />
    </UnitTest>
    <UnitTest name="FormatToStringTest1000(44499.288016808816d,&quot;44499.29 zł&quot;)" storage="c:\projekty\nunittestproject\bin\debug\netcoreapp3.1\nunittestproject.dll" id="dd25fada-bd11-6a30-c38c-abafcc1ac188">
      <Execution id="9d6ed60f-44d2-4093-826d-9a387fdbb10a" />
      <TestMethod codeBase="C:\Projekty\NUnitTestProject\bin\Debug\netcoreapp3.1\NUnitTestProject.dll" adapterTypeName="executor://nunit3testexecutor/" className="NUnitTestProject.CurrencyHelperTests" name="FormatToStringTest1000(44499.288016808816d,&quot;44499.29 zł&quot;)" />
    </UnitTest>
    <UnitTest name="FormatToStringTest1000(36969.98585167247d,&quot;36969.99 zł&quot;)" storage="c:\projekty\nunittestproject\bin\debug\netcoreapp3.1\nunittestproject.dll" id="d7323b46-e742-10c6-7291-609e242e6eac">
      <Execution id="5318e9cc-a9fa-4f8a-9390-bac94132ce74" />
      <TestMethod codeBase="C:\Projekty\NUnitTestProject\bin\Debug\netcoreapp3.1\NUnitTestProject.dll" adapterTypeName="executor://nunit3testexecutor/" className="NUnitTestProject.CurrencyHelperTests" name="FormatToStringTest1000(36969.98585167247d,&quot;36969.99 zł&quot;)" />
    </UnitTest>
    <UnitTest name="FormatToStringTest1000(13206.129467931636d,&quot;13206.13 zł&quot;)" storage="c:\projekty\nunittestproject\bin\debug\netcoreapp3.1\nunittestproject.dll" id="610f0902-3657-5dff-20ec-353a29cbd7c4">
      <Execution id="5e3ee9a3-91f9-4ff9-bfc6-50907a2f16c7" />
      <TestMethod codeBase="C:\Projekty\NUnitTestProject\bin\Debug\netcoreapp3.1\NUnitTestProject.dll" adapterTypeName="executor://nunit3testexecutor/" className="NUnitTestProject.CurrencyHelperTests" name="FormatToStringTest1000(13206.129467931636d,&quot;13206.13 zł&quot;)" />
    </UnitTest>
    <UnitTest name="FormatToStringTest1000(6466.872242818062d,&quot;6466.87 zł&quot;)" storage="c:\projekty\nunittestproject\bin\debug\netcoreapp3.1\nunittestproject.dll" id="0741a97b-fe60-742a-1f50-b38d8a9cae33">
      <Execution id="cdab2ab6-14da-423a-b027-41245e142bfc" />
      <TestMethod codeBase="C:\Projekty\NUnitTestProject\bin\Debug\netcoreapp3.1\NUnitTestProject.dll" adapterTypeName="executor://nunit3testexecutor/" className="NUnitTestProject.CurrencyHelperTests" name="FormatToStringTest1000(6466.872242818062d,&quot;6466.87 zł&quot;)" />
    </UnitTest>
    <UnitTest name="FormatToStringTest1000(5840.747097845071d,&quot;5840.75 zł&quot;)" storage="c:\projekty\nunittestproject\bin\debug\netcoreapp3.1\nunittestproject.dll" id="298a4d26-abe3-d2f6-50a3-14e473e9fa24">
      <Execution id="88c38e30-4c7d-4daf-b093-e2f108784470" />
      <TestMethod codeBase="C:\Projekty\NUnitTestProject\bin\Debug\netcoreapp3.1\NUnitTestProject.dll" adapterTypeName="executor://nunit3testexecutor/" className="NUnitTestProject.CurrencyHelperTests" name="FormatToStringTest1000(5840.747097845071d,&quot;5840.75 zł&quot;)" />
    </UnitTest>
    <UnitTest name="FormatToStringTest1000(7671.0039663785155d,&quot;7671.00 zł&quot;)" storage="c:\projekty\nunittestproject\bin\debug\netcoreapp3.1\nunittestproject.dll" id="d61bc42f-9488-4952-fc35-4acf2d69a35a">
      <Execution id="9e4c9499-1aa9-45a9-8530-6e7d78cabba5" />
      <TestMethod codeBase="C:\Projekty\NUnitTestProject\bin\Debug\netcoreapp3.1\NUnitTestProject.dll" adapterTypeName="executor://nunit3testexecutor/" className="NUnitTestProject.CurrencyHelperTests" name="FormatToStringTest1000(7671.0039663785155d,&quot;7671.00 zł&quot;)" />
    </UnitTest>
    <UnitTest name="FormatToStringTest1000(47964.941885361884d,&quot;47964.94 zł&quot;)" storage="c:\projekty\nunittestproject\bin\debug\netcoreapp3.1\nunittestproject.dll" id="600c9577-9456-49fc-a1f1-839a5e62cae7">
      <Execution id="edb0f32d-b0f1-421f-8024-2d7c4692e497" />
      <TestMethod codeBase="C:\Projekty\NUnitTestProject\bin\Debug\netcoreapp3.1\NUnitTestProject.dll" adapterTypeName="executor://nunit3testexecutor/" className="NUnitTestProject.CurrencyHelperTests" name="FormatToStringTest1000(47964.941885361884d,&quot;47964.94 zł&quot;)" />
    </UnitTest>
    <UnitTest name="FormatToStringTest1000(16416.109736457518d,&quot;16416.11 zł&quot;)" storage="c:\projekty\nunittestproject\bin\debug\netcoreapp3.1\nunittestproject.dll" id="5e0fc3f1-0f67-2b00-c924-a966afea65df">
      <Execution id="c55f5c75-e793-469b-97a2-c133c296edf4" />
      <TestMethod codeBase="C:\Projekty\NUnitTestProject\bin\Debug\netcoreapp3.1\NUnitTestProject.dll" adapterTypeName="executor://nunit3testexecutor/" className="NUnitTestProject.CurrencyHelperTests" name="FormatToStringTest1000(16416.109736457518d,&quot;16416.11 zł&quot;)" />
    </UnitTest>
    <UnitTest name="FormatToStringTest1000(16427.591943671738d,&quot;16427.59 zł&quot;)" storage="c:\projekty\nunittestproject\bin\debug\netcoreapp3.1\nunittestproject.dll" id="d1d03651-a1e2-f6be-a8df-45190d2d89f8">
      <Execution id="cc1508ea-3fa0-41e6-b3fa-321963adfe53" />
      <TestMethod codeBase="C:\Projekty\NUnitTestProject\bin\Debug\netcoreapp3.1\NUnitTestProject.dll" adapterTypeName="executor://nunit3testexecutor/" className="NUnitTestProject.CurrencyHelperTests" name="FormatToStringTest1000(16427.591943671738d,&quot;16427.59 zł&quot;)" />
    </UnitTest>
    <UnitTest name="FormatToStringTest1000(7753.724411372898d,&quot;7753.72 zł&quot;)" storage="c:\projekty\nunittestproject\bin\debug\netcoreapp3.1\nunittestproject.dll" id="d15cb58b-9b62-cb4e-439e-72757eabb197">
      <Execution id="a1a37fe3-ea77-4e34-89a1-9427cd0bf9c8" />
      <TestMethod codeBase="C:\Projekty\NUnitTestProject\bin\Debug\netcoreapp3.1\NUnitTestProject.dll" adapterTypeName="executor://nunit3testexecutor/" className="NUnitTestProject.CurrencyHelperTests" name="FormatToStringTest1000(7753.724411372898d,&quot;7753.72 zł&quot;)" />
    </UnitTest>
    <UnitTest name="FormatToStringTest1000(13541.45472935096d,&quot;13541.45 zł&quot;)" storage="c:\projekty\nunittestproject\bin\debug\netcoreapp3.1\nunittestproject.dll" id="03e5974c-7aa0-7aa6-bbeb-a5715ea0d1d7">
      <Execution id="b89820fb-2f28-40e4-9c98-199ad92e58c6" />
      <TestMethod codeBase="C:\Projekty\NUnitTestProject\bin\Debug\netcoreapp3.1\NUnitTestProject.dll" adapterTypeName="executor://nunit3testexecutor/" className="NUnitTestProject.CurrencyHelperTests" name="FormatToStringTest1000(13541.45472935096d,&quot;13541.45 zł&quot;)" />
    </UnitTest>
    <UnitTest name="FormatToStringTest1000(12610.563163818122d,&quot;12610.56 zł&quot;)" storage="c:\projekty\nunittestproject\bin\debug\netcoreapp3.1\nunittestproject.dll" id="8762588b-d7fc-ca07-7e83-51f41467a9eb">
      <Execution id="b446e2ba-2aea-4a10-85fa-a55bd05e6dac" />
      <TestMethod codeBase="C:\Projekty\NUnitTestProject\bin\Debug\netcoreapp3.1\NUnitTestProject.dll" adapterTypeName="executor://nunit3testexecutor/" className="NUnitTestProject.CurrencyHelperTests" name="FormatToStringTest1000(12610.563163818122d,&quot;12610.56 zł&quot;)" />
    </UnitTest>
    <UnitTest name="FormatToStringTest1000(20441.330495004695d,&quot;20441.33 zł&quot;)" storage="c:\projekty\nunittestproject\bin\debug\netcoreapp3.1\nunittestproject.dll" id="27b9fbe0-03f5-4d47-663b-0785c7f9ec49">
      <Execution id="c8f1a9a7-4b37-4c09-be8c-593197176adb" />
      <TestMethod codeBase="C:\Projekty\NUnitTestProject\bin\Debug\netcoreapp3.1\NUnitTestProject.dll" adapterTypeName="executor://nunit3testexecutor/" className="NUnitTestProject.CurrencyHelperTests" name="FormatToStringTest1000(20441.330495004695d,&quot;20441.33 zł&quot;)" />
    </UnitTest>
    <UnitTest name="FormatToStringTest1000(22743.19734205827d,&quot;22743.20 zł&quot;)" storage="c:\projekty\nunittestproject\bin\debug\netcoreapp3.1\nunittestproject.dll" id="9e567b4f-5898-461c-b4e9-b51ec60ad377">
      <Execution id="fcc25064-e9a5-476b-8d85-c91276a41b59" />
      <TestMethod codeBase="C:\Projekty\NUnitTestProject\bin\Debug\netcoreapp3.1\NUnitTestProject.dll" adapterTypeName="executor://nunit3testexecutor/" className="NUnitTestProject.CurrencyHelperTests" name="FormatToStringTest1000(22743.19734205827d,&quot;22743.20 zł&quot;)" />
    </UnitTest>
    <UnitTest name="FormatToStringTest1000(15509.637406484986d,&quot;15509.64 zł&quot;)" storage="c:\projekty\nunittestproject\bin\debug\netcoreapp3.1\nunittestproject.dll" id="c74c54e8-6590-d76d-eaee-baa60a589aef">
      <Execution id="e0d28380-7bdd-4bb4-9962-7d14a7f23860" />
      <TestMethod codeBase="C:\Projekty\NUnitTestProject\bin\Debug\netcoreapp3.1\NUnitTestProject.dll" adapterTypeName="executor://nunit3testexecutor/" className="NUnitTestProject.CurrencyHelperTests" name="FormatToStringTest1000(15509.637406484986d,&quot;15509.64 zł&quot;)" />
    </UnitTest>
    <UnitTest name="FormatToStringTest1000(7202.052143613367d,&quot;7202.05 zł&quot;)" storage="c:\projekty\nunittestproject\bin\debug\netcoreapp3.1\nunittestproject.dll" id="6ce0d4c6-4820-8d4a-179e-2d433a32b3e2">
      <Execution id="869135c8-ecc4-426a-b5cf-a14cac5b760c" />
      <TestMethod codeBase="C:\Projekty\NUnitTestProject\bin\Debug\netcoreapp3.1\NUnitTestProject.dll" adapterTypeName="executor://nunit3testexecutor/" className="NUnitTestProject.CurrencyHelperTests" name="FormatToStringTest1000(7202.052143613367d,&quot;7202.05 zł&quot;)" />
    </UnitTest>
    <UnitTest name="FormatToStringTest1000(10994.251866986162d,&quot;10994.25 zł&quot;)" storage="c:\projekty\nunittestproject\bin\debug\netcoreapp3.1\nunittestproject.dll" id="345abed9-9ef3-e2b8-4bc1-ad4b7b82dd26">
      <Execution id="7299d0ed-0436-4edf-ab1d-82c5a155251d" />
      <TestMethod codeBase="C:\Projekty\NUnitTestProject\bin\Debug\netcoreapp3.1\NUnitTestProject.dll" adapterTypeName="executor://nunit3testexecutor/" className="NUnitTestProject.CurrencyHelperTests" name="FormatToStringTest1000(10994.251866986162d,&quot;10994.25 zł&quot;)" />
    </UnitTest>
    <UnitTest name="FormatToStringTest1000(20321.03715103913d,&quot;20321.04 zł&quot;)" storage="c:\projekty\nunittestproject\bin\debug\netcoreapp3.1\nunittestproject.dll" id="d45e0a24-dbfe-46a9-68b0-8da0a6094838">
      <Execution id="efff1f06-a672-446d-be77-fef2df1acc2f" />
      <TestMethod codeBase="C:\Projekty\NUnitTestProject\bin\Debug\netcoreapp3.1\NUnitTestProject.dll" adapterTypeName="executor://nunit3testexecutor/" className="NUnitTestProject.CurrencyHelperTests" name="FormatToStringTest1000(20321.03715103913d,&quot;20321.04 zł&quot;)" />
    </UnitTest>
    <UnitTest name="FormatToStringTest1000(65947.64520381515d,&quot;65947.65 zł&quot;)" storage="c:\projekty\nunittestproject\bin\debug\netcoreapp3.1\nunittestproject.dll" id="a9f22fa3-b7d2-f6d4-3197-1e8215934f1f">
      <Execution id="48b6a1a5-4d27-4513-bf6f-ccfa82c9a255" />
      <TestMethod codeBase="C:\Projekty\NUnitTestProject\bin\Debug\netcoreapp3.1\NUnitTestProject.dll" adapterTypeName="executor://nunit3testexecutor/" className="NUnitTestProject.CurrencyHelperTests" name="FormatToStringTest1000(65947.64520381515d,&quot;65947.65 zł&quot;)" />
    </UnitTest>
    <UnitTest name="FormatToStringTest1000(23662.291816162084d,&quot;23662.29 zł&quot;)" storage="c:\projekty\nunittestproject\bin\debug\netcoreapp3.1\nunittestproject.dll" id="d84ea56f-1773-91fe-6056-1fcd6ce44e0e">
      <Execution id="703f6ebd-6beb-42fb-9514-0455425978a2" />
      <TestMethod codeBase="C:\Projekty\NUnitTestProject\bin\Debug\netcoreapp3.1\NUnitTestProject.dll" adapterTypeName="executor://nunit3testexecutor/" className="NUnitTestProject.CurrencyHelperTests" name="FormatToStringTest1000(23662.291816162084d,&quot;23662.29 zł&quot;)" />
    </UnitTest>
    <UnitTest name="FormatToStringTest1000(48684.26840475959d,&quot;48684.27 zł&quot;)" storage="c:\projekty\nunittestproject\bin\debug\netcoreapp3.1\nunittestproject.dll" id="a8348a06-7119-4e51-65fc-4cd73de7f6cb">
      <Execution id="420f406c-7a71-41e0-ab6c-86038a90dc70" />
      <TestMethod codeBase="C:\Projekty\NUnitTestProject\bin\Debug\netcoreapp3.1\NUnitTestProject.dll" adapterTypeName="executor://nunit3testexecutor/" className="NUnitTestProject.CurrencyHelperTests" name="FormatToStringTest1000(48684.26840475959d,&quot;48684.27 zł&quot;)" />
    </UnitTest>
    <UnitTest name="FormatToStringTest1000(286.92120604539343d,&quot;286.92 zł&quot;)" storage="c:\projekty\nunittestproject\bin\debug\netcoreapp3.1\nunittestproject.dll" id="94cff85e-e7bb-c94b-e20b-765eb3997f75">
      <Execution id="3c884a3b-6c5c-4631-8bd7-d22e837a0fe1" />
      <TestMethod codeBase="C:\Projekty\NUnitTestProject\bin\Debug\netcoreapp3.1\NUnitTestProject.dll" adapterTypeName="executor://nunit3testexecutor/" className="NUnitTestProject.CurrencyHelperTests" name="FormatToStringTest1000(286.92120604539343d,&quot;286.92 zł&quot;)" />
    </UnitTest>
    <UnitTest name="FormatToStringTest1000(34145.534199603615d,&quot;34145.53 zł&quot;)" storage="c:\projekty\nunittestproject\bin\debug\netcoreapp3.1\nunittestproject.dll" id="bb69a9ef-0ed6-4747-9681-639ad78f5540">
      <Execution id="c79e1574-6223-47d3-b526-b747144e18e6" />
      <TestMethod codeBase="C:\Projekty\NUnitTestProject\bin\Debug\netcoreapp3.1\NUnitTestProject.dll" adapterTypeName="executor://nunit3testexecutor/" className="NUnitTestProject.CurrencyHelperTests" name="FormatToStringTest1000(34145.534199603615d,&quot;34145.53 zł&quot;)" />
    </UnitTest>
    <UnitTest name="FormatToStringTest1000(67230.86250807665d,&quot;67230.86 zł&quot;)" storage="c:\projekty\nunittestproject\bin\debug\netcoreapp3.1\nunittestproject.dll" id="6aa37256-4a27-aaf0-2d68-1faeac68f58c">
      <Execution id="f4bd5401-de81-40d5-b0a2-0298c74c6887" />
      <TestMethod codeBase="C:\Projekty\NUnitTestProject\bin\Debug\netcoreapp3.1\NUnitTestProject.dll" adapterTypeName="executor://nunit3testexecutor/" className="NUnitTestProject.CurrencyHelperTests" name="FormatToStringTest1000(67230.86250807665d,&quot;67230.86 zł&quot;)" />
    </UnitTest>
    <UnitTest name="FormatToStringTest1000(1662.8482664818168d,&quot;1662.85 zł&quot;)" storage="c:\projekty\nunittestproject\bin\debug\netcoreapp3.1\nunittestproject.dll" id="31037d5d-343e-e648-8e6e-7f15567dfff2">
      <Execution id="0a58c6e1-64f3-40ed-8d67-f81a2172d5d1" />
      <TestMethod codeBase="C:\Projekty\NUnitTestProject\bin\Debug\netcoreapp3.1\NUnitTestProject.dll" adapterTypeName="executor://nunit3testexecutor/" className="NUnitTestProject.CurrencyHelperTests" name="FormatToStringTest1000(1662.8482664818168d,&quot;1662.85 zł&quot;)" />
    </UnitTest>
    <UnitTest name="FormatToStringTest1000(61324.33752458279d,&quot;61324.34 zł&quot;)" storage="c:\projekty\nunittestproject\bin\debug\netcoreapp3.1\nunittestproject.dll" id="b5f26849-7f95-8deb-3e82-07db33467afb">
      <Execution id="05a09006-72e5-4945-a664-5f723b01326c" />
      <TestMethod codeBase="C:\Projekty\NUnitTestProject\bin\Debug\netcoreapp3.1\NUnitTestProject.dll" adapterTypeName="executor://nunit3testexecutor/" className="NUnitTestProject.CurrencyHelperTests" name="FormatToStringTest1000(61324.33752458279d,&quot;61324.34 zł&quot;)" />
    </UnitTest>
    <UnitTest name="FormatToStringTest1000(20344.185360967265d,&quot;20344.19 zł&quot;)" storage="c:\projekty\nunittestproject\bin\debug\netcoreapp3.1\nunittestproject.dll" id="ecefef35-6686-837e-5061-bcb9badf51b3">
      <Execution id="561c3251-54a6-46ac-b5b5-d24ddd7feb77" />
      <TestMethod codeBase="C:\Projekty\NUnitTestProject\bin\Debug\netcoreapp3.1\NUnitTestProject.dll" adapterTypeName="executor://nunit3testexecutor/" className="NUnitTestProject.CurrencyHelperTests" name="FormatToStringTest1000(20344.185360967265d,&quot;20344.19 zł&quot;)" />
    </UnitTest>
    <UnitTest name="FormatToStringTest1000(47630.39193684067d,&quot;47630.39 zł&quot;)" storage="c:\projekty\nunittestproject\bin\debug\netcoreapp3.1\nunittestproject.dll" id="1445b267-8883-4711-c51b-1a1ff5eca2f9">
      <Execution id="fd8ecd95-d039-4306-bd05-b95716df7be9" />
      <TestMethod codeBase="C:\Projekty\NUnitTestProject\bin\Debug\netcoreapp3.1\NUnitTestProject.dll" adapterTypeName="executor://nunit3testexecutor/" className="NUnitTestProject.CurrencyHelperTests" name="FormatToStringTest1000(47630.39193684067d,&quot;47630.39 zł&quot;)" />
    </UnitTest>
    <UnitTest name="FormatToStringTest1000(29539.32303995328d,&quot;29539.32 zł&quot;)" storage="c:\projekty\nunittestproject\bin\debug\netcoreapp3.1\nunittestproject.dll" id="e6e7fdd0-b12d-1312-3dc2-3384a5e7d999">
      <Execution id="be01c88b-584c-4e6e-a815-96080acc875f" />
      <TestMethod codeBase="C:\Projekty\NUnitTestProject\bin\Debug\netcoreapp3.1\NUnitTestProject.dll" adapterTypeName="executor://nunit3testexecutor/" className="NUnitTestProject.CurrencyHelperTests" name="FormatToStringTest1000(29539.32303995328d,&quot;29539.32 zł&quot;)" />
    </UnitTest>
    <UnitTest name="FormatToStringTest1000(6676.5680544784145d,&quot;6676.57 zł&quot;)" storage="c:\projekty\nunittestproject\bin\debug\netcoreapp3.1\nunittestproject.dll" id="eda712ea-15dc-6cac-535c-79a64a40aa02">
      <Execution id="c2b8eeea-f423-438c-a32f-b8a02ae517d0" />
      <TestMethod codeBase="C:\Projekty\NUnitTestProject\bin\Debug\netcoreapp3.1\NUnitTestProject.dll" adapterTypeName="executor://nunit3testexecutor/" className="NUnitTestProject.CurrencyHelperTests" name="FormatToStringTest1000(6676.5680544784145d,&quot;6676.57 zł&quot;)" />
    </UnitTest>
    <UnitTest name="FormatToStringTest1000(5566.818038455592d,&quot;5566.82 zł&quot;)" storage="c:\projekty\nunittestproject\bin\debug\netcoreapp3.1\nunittestproject.dll" id="ac23e196-8a79-cb67-41ad-c8975a08f154">
      <Execution id="d0161e13-4def-464b-bfdf-1e5218d9269d" />
      <TestMethod codeBase="C:\Projekty\NUnitTestProject\bin\Debug\netcoreapp3.1\NUnitTestProject.dll" adapterTypeName="executor://nunit3testexecutor/" className="NUnitTestProject.CurrencyHelperTests" name="FormatToStringTest1000(5566.818038455592d,&quot;5566.82 zł&quot;)" />
    </UnitTest>
    <UnitTest name="FormatToStringTest1000(16383.352881839199d,&quot;16383.35 zł&quot;)" storage="c:\projekty\nunittestproject\bin\debug\netcoreapp3.1\nunittestproject.dll" id="c7f52afa-564d-8d59-88a3-ea1bc3790407">
      <Execution id="70a37548-47fd-4055-8a32-27bf270b2344" />
      <TestMethod codeBase="C:\Projekty\NUnitTestProject\bin\Debug\netcoreapp3.1\NUnitTestProject.dll" adapterTypeName="executor://nunit3testexecutor/" className="NUnitTestProject.CurrencyHelperTests" name="FormatToStringTest1000(16383.352881839199d,&quot;16383.35 zł&quot;)" />
    </UnitTest>
    <UnitTest name="FormatToStringTest1000(19352.183340702755d,&quot;19352.18 zł&quot;)" storage="c:\projekty\nunittestproject\bin\debug\netcoreapp3.1\nunittestproject.dll" id="03ea9dd2-de50-ef82-5a92-98d7b2ff607a">
      <Execution id="67306cf4-886a-4cd0-a895-a724d1e40706" />
      <TestMethod codeBase="C:\Projekty\NUnitTestProject\bin\Debug\netcoreapp3.1\NUnitTestProject.dll" adapterTypeName="executor://nunit3testexecutor/" className="NUnitTestProject.CurrencyHelperTests" name="FormatToStringTest1000(19352.183340702755d,&quot;19352.18 zł&quot;)" />
    </UnitTest>
    <UnitTest name="FormatToStringTest1000(34021.1384072961d,&quot;34021.14 zł&quot;)" storage="c:\projekty\nunittestproject\bin\debug\netcoreapp3.1\nunittestproject.dll" id="e8d6ba9d-db50-0e05-06db-5789675388b8">
      <Execution id="7ff85339-05de-4828-807c-1dd7b48387cf" />
      <TestMethod codeBase="C:\Projekty\NUnitTestProject\bin\Debug\netcoreapp3.1\NUnitTestProject.dll" adapterTypeName="executor://nunit3testexecutor/" className="NUnitTestProject.CurrencyHelperTests" name="FormatToStringTest1000(34021.1384072961d,&quot;34021.14 zł&quot;)" />
    </UnitTest>
    <UnitTest name="FormatToStringTest1000(24695.917440203913d,&quot;24695.92 zł&quot;)" storage="c:\projekty\nunittestproject\bin\debug\netcoreapp3.1\nunittestproject.dll" id="c4623a0a-608f-dd08-41f5-750ffba5ed05">
      <Execution id="eae19cf7-7981-45d0-9dbe-cdb0941d5a75" />
      <TestMethod codeBase="C:\Projekty\NUnitTestProject\bin\Debug\netcoreapp3.1\NUnitTestProject.dll" adapterTypeName="executor://nunit3testexecutor/" className="NUnitTestProject.CurrencyHelperTests" name="FormatToStringTest1000(24695.917440203913d,&quot;24695.92 zł&quot;)" />
    </UnitTest>
    <UnitTest name="FormatToStringTest1000(26162.532683261918d,&quot;26162.53 zł&quot;)" storage="c:\projekty\nunittestproject\bin\debug\netcoreapp3.1\nunittestproject.dll" id="04b5ae4a-9995-af19-61fb-019921680928">
      <Execution id="90e05331-8ecb-46c4-b05b-7ad21d9fc9c8" />
      <TestMethod codeBase="C:\Projekty\NUnitTestProject\bin\Debug\netcoreapp3.1\NUnitTestProject.dll" adapterTypeName="executor://nunit3testexecutor/" className="NUnitTestProject.CurrencyHelperTests" name="FormatToStringTest1000(26162.532683261918d,&quot;26162.53 zł&quot;)" />
    </UnitTest>
    <UnitTest name="FormatToStringTest1000(14035.12972514477d,&quot;14035.13 zł&quot;)" storage="c:\projekty\nunittestproject\bin\debug\netcoreapp3.1\nunittestproject.dll" id="979cd04b-5e93-d632-87b5-a20161444816">
      <Execution id="fe0c912c-6f6b-46ed-9e13-b8b44271fc73" />
      <TestMethod codeBase="C:\Projekty\NUnitTestProject\bin\Debug\netcoreapp3.1\NUnitTestProject.dll" adapterTypeName="executor://nunit3testexecutor/" className="NUnitTestProject.CurrencyHelperTests" name="FormatToStringTest1000(14035.12972514477d,&quot;14035.13 zł&quot;)" />
    </UnitTest>
    <UnitTest name="FormatToStringTest1000(43222.47958431695d,&quot;43222.48 zł&quot;)" storage="c:\projekty\nunittestproject\bin\debug\netcoreapp3.1\nunittestproject.dll" id="762e5ce4-0443-8529-2419-b15e6b3af056">
      <Execution id="3e13defe-9d51-4de0-8a84-1bad52c6dddf" />
      <TestMethod codeBase="C:\Projekty\NUnitTestProject\bin\Debug\netcoreapp3.1\NUnitTestProject.dll" adapterTypeName="executor://nunit3testexecutor/" className="NUnitTestProject.CurrencyHelperTests" name="FormatToStringTest1000(43222.47958431695d,&quot;43222.48 zł&quot;)" />
    </UnitTest>
    <UnitTest name="FormatToStringTest1000(54678.59301593089d,&quot;54678.59 zł&quot;)" storage="c:\projekty\nunittestproject\bin\debug\netcoreapp3.1\nunittestproject.dll" id="4f19bfe4-12a5-e7df-9799-ba1ffdd56260">
      <Execution id="9ab01e99-1c5a-4a90-97c3-a8190be8ffb2" />
      <TestMethod codeBase="C:\Projekty\NUnitTestProject\bin\Debug\netcoreapp3.1\NUnitTestProject.dll" adapterTypeName="executor://nunit3testexecutor/" className="NUnitTestProject.CurrencyHelperTests" name="FormatToStringTest1000(54678.59301593089d,&quot;54678.59 zł&quot;)" />
    </UnitTest>
    <UnitTest name="FormatToStringTest1000(19435.417227184127d,&quot;19435.42 zł&quot;)" storage="c:\projekty\nunittestproject\bin\debug\netcoreapp3.1\nunittestproject.dll" id="7496f6c0-e383-6fbb-5d3f-fa615fc5ab22">
      <Execution id="52b90488-1d5d-4449-a2aa-07e6779e1b36" />
      <TestMethod codeBase="C:\Projekty\NUnitTestProject\bin\Debug\netcoreapp3.1\NUnitTestProject.dll" adapterTypeName="executor://nunit3testexecutor/" className="NUnitTestProject.CurrencyHelperTests" name="FormatToStringTest1000(19435.417227184127d,&quot;19435.42 zł&quot;)" />
    </UnitTest>
    <UnitTest name="FormatToStringTest1000(33699.13042082038d,&quot;33699.13 zł&quot;)" storage="c:\projekty\nunittestproject\bin\debug\netcoreapp3.1\nunittestproject.dll" id="1d93089d-e24f-f1cb-f4e6-3e9e0cc249d4">
      <Execution id="80f9f7aa-3835-4670-adcf-b836fa7e2c6d" />
      <TestMethod codeBase="C:\Projekty\NUnitTestProject\bin\Debug\netcoreapp3.1\NUnitTestProject.dll" adapterTypeName="executor://nunit3testexecutor/" className="NUnitTestProject.CurrencyHelperTests" name="FormatToStringTest1000(33699.13042082038d,&quot;33699.13 zł&quot;)" />
    </UnitTest>
    <UnitTest name="FormatToStringTest1000(19796.212103914568d,&quot;19796.21 zł&quot;)" storage="c:\projekty\nunittestproject\bin\debug\netcoreapp3.1\nunittestproject.dll" id="35a2b898-28ef-3d54-ad66-b8bbc7ede2a3">
      <Execution id="404e6f37-c244-4ddc-a22c-b2a2a46eee23" />
      <TestMethod codeBase="C:\Projekty\NUnitTestProject\bin\Debug\netcoreapp3.1\NUnitTestProject.dll" adapterTypeName="executor://nunit3testexecutor/" className="NUnitTestProject.CurrencyHelperTests" name="FormatToStringTest1000(19796.212103914568d,&quot;19796.21 zł&quot;)" />
    </UnitTest>
    <UnitTest name="FormatToStringTest1000(1073.195098933389d,&quot;1073.20 zł&quot;)" storage="c:\projekty\nunittestproject\bin\debug\netcoreapp3.1\nunittestproject.dll" id="5eec1dec-2d00-5deb-f000-c17eea3526a6">
      <Execution id="043d1442-c14f-4b79-afd3-5aa45dfc210a" />
      <TestMethod codeBase="C:\Projekty\NUnitTestProject\bin\Debug\netcoreapp3.1\NUnitTestProject.dll" adapterTypeName="executor://nunit3testexecutor/" className="NUnitTestProject.CurrencyHelperTests" name="FormatToStringTest1000(1073.195098933389d,&quot;1073.20 zł&quot;)" />
    </UnitTest>
    <UnitTest name="FormatToStringTest1000(2298.0331723829886d,&quot;2298.03 zł&quot;)" storage="c:\projekty\nunittestproject\bin\debug\netcoreapp3.1\nunittestproject.dll" id="7df385e8-e01d-d2ef-2361-abb8175fc7ae">
      <Execution id="97f9890a-1cbc-41df-916c-f2f2982e8ea5" />
      <TestMethod codeBase="C:\Projekty\NUnitTestProject\bin\Debug\netcoreapp3.1\NUnitTestProject.dll" adapterTypeName="executor://nunit3testexecutor/" className="NUnitTestProject.CurrencyHelperTests" name="FormatToStringTest1000(2298.0331723829886d,&quot;2298.03 zł&quot;)" />
    </UnitTest>
    <UnitTest name="FormatToStringTest1000(15822.278766386342d,&quot;15822.28 zł&quot;)" storage="c:\projekty\nunittestproject\bin\debug\netcoreapp3.1\nunittestproject.dll" id="7806c973-d637-45cf-930a-0b315d29c540">
      <Execution id="93b14d9f-c892-4519-b67a-b055835e3fc8" />
      <TestMethod codeBase="C:\Projekty\NUnitTestProject\bin\Debug\netcoreapp3.1\NUnitTestProject.dll" adapterTypeName="executor://nunit3testexecutor/" className="NUnitTestProject.CurrencyHelperTests" name="FormatToStringTest1000(15822.278766386342d,&quot;15822.28 zł&quot;)" />
    </UnitTest>
    <UnitTest name="FormatToStringTest1000(1745.490603896552d,&quot;1745.49 zł&quot;)" storage="c:\projekty\nunittestproject\bin\debug\netcoreapp3.1\nunittestproject.dll" id="b7b5c3d9-6be3-63ed-4bf9-77972c7bde14">
      <Execution id="88d0cc74-0266-4e49-8b5a-db6f91a88b06" />
      <TestMethod codeBase="C:\Projekty\NUnitTestProject\bin\Debug\netcoreapp3.1\NUnitTestProject.dll" adapterTypeName="executor://nunit3testexecutor/" className="NUnitTestProject.CurrencyHelperTests" name="FormatToStringTest1000(1745.490603896552d,&quot;1745.49 zł&quot;)" />
    </UnitTest>
    <UnitTest name="FormatToStringTest1000(73504.44700518598d,&quot;73504.45 zł&quot;)" storage="c:\projekty\nunittestproject\bin\debug\netcoreapp3.1\nunittestproject.dll" id="4c3c57ae-2e5c-e5eb-314a-7aa532a2bb5e">
      <Execution id="37b8441a-f5fc-4649-80c5-864bbc4d86c0" />
      <TestMethod codeBase="C:\Projekty\NUnitTestProject\bin\Debug\netcoreapp3.1\NUnitTestProject.dll" adapterTypeName="executor://nunit3testexecutor/" className="NUnitTestProject.CurrencyHelperTests" name="FormatToStringTest1000(73504.44700518598d,&quot;73504.45 zł&quot;)" />
    </UnitTest>
    <UnitTest name="FormatToStringTest1000(2115.5076919884923d,&quot;2115.51 zł&quot;)" storage="c:\projekty\nunittestproject\bin\debug\netcoreapp3.1\nunittestproject.dll" id="f057999f-37d3-2f7d-8c71-29439544f997">
      <Execution id="39f57ab8-10d9-45c3-9bfa-4c505accdbfc" />
      <TestMethod codeBase="C:\Projekty\NUnitTestProject\bin\Debug\netcoreapp3.1\NUnitTestProject.dll" adapterTypeName="executor://nunit3testexecutor/" className="NUnitTestProject.CurrencyHelperTests" name="FormatToStringTest1000(2115.5076919884923d,&quot;2115.51 zł&quot;)" />
    </UnitTest>
    <UnitTest name="FormatToStringTest1000(5611.05334835176d,&quot;5611.05 zł&quot;)" storage="c:\projekty\nunittestproject\bin\debug\netcoreapp3.1\nunittestproject.dll" id="d39d28ad-b64c-afa2-9212-cb9bbbf192c4">
      <Execution id="27f9e014-9edd-40ae-8ca4-e77dfd010b54" />
      <TestMethod codeBase="C:\Projekty\NUnitTestProject\bin\Debug\netcoreapp3.1\NUnitTestProject.dll" adapterTypeName="executor://nunit3testexecutor/" className="NUnitTestProject.CurrencyHelperTests" name="FormatToStringTest1000(5611.05334835176d,&quot;5611.05 zł&quot;)" />
    </UnitTest>
    <UnitTest name="FormatToStringTest1000(73372.53853826903d,&quot;73372.54 zł&quot;)" storage="c:\projekty\nunittestproject\bin\debug\netcoreapp3.1\nunittestproject.dll" id="52456efe-2b4c-e54c-a102-5bc9bc1cc7f8">
      <Execution id="a2024dd5-8ff8-470a-a827-0bc5fd8e57c7" />
      <TestMethod codeBase="C:\Projekty\NUnitTestProject\bin\Debug\netcoreapp3.1\NUnitTestProject.dll" adapterTypeName="executor://nunit3testexecutor/" className="NUnitTestProject.CurrencyHelperTests" name="FormatToStringTest1000(73372.53853826903d,&quot;73372.54 zł&quot;)" />
    </UnitTest>
    <UnitTest name="FormatToStringTest1000(13323.876109275909d,&quot;13323.88 zł&quot;)" storage="c:\projekty\nunittestproject\bin\debug\netcoreapp3.1\nunittestproject.dll" id="2f906df4-9555-6f9b-9ae5-24f39050321b">
      <Execution id="1595c954-8e04-43b8-811f-bf2448503432" />
      <TestMethod codeBase="C:\Projekty\NUnitTestProject\bin\Debug\netcoreapp3.1\NUnitTestProject.dll" adapterTypeName="executor://nunit3testexecutor/" className="NUnitTestProject.CurrencyHelperTests" name="FormatToStringTest1000(13323.876109275909d,&quot;13323.88 zł&quot;)" />
    </UnitTest>
    <UnitTest name="FormatToStringTest1000(50507.0104155615d,&quot;50507.01 zł&quot;)" storage="c:\projekty\nunittestproject\bin\debug\netcoreapp3.1\nunittestproject.dll" id="e72aca21-1347-9775-f65f-ee1c6d7b63bd">
      <Execution id="c2ea5535-c318-44db-80e9-724142ecabfb" />
      <TestMethod codeBase="C:\Projekty\NUnitTestProject\bin\Debug\netcoreapp3.1\NUnitTestProject.dll" adapterTypeName="executor://nunit3testexecutor/" className="NUnitTestProject.CurrencyHelperTests" name="FormatToStringTest1000(50507.0104155615d,&quot;50507.01 zł&quot;)" />
    </UnitTest>
    <UnitTest name="FormatToStringTest1000(236.20263638589657d,&quot;236.20 zł&quot;)" storage="c:\projekty\nunittestproject\bin\debug\netcoreapp3.1\nunittestproject.dll" id="0fa0c864-c433-31dc-ea26-995fbf849a90">
      <Execution id="66691bdb-feb9-449b-bc76-1cbf2a52ff3b" />
      <TestMethod codeBase="C:\Projekty\NUnitTestProject\bin\Debug\netcoreapp3.1\NUnitTestProject.dll" adapterTypeName="executor://nunit3testexecutor/" className="NUnitTestProject.CurrencyHelperTests" name="FormatToStringTest1000(236.20263638589657d,&quot;236.20 zł&quot;)" />
    </UnitTest>
    <UnitTest name="FormatToStringTest1000(26885.71162707904d,&quot;26885.71 zł&quot;)" storage="c:\projekty\nunittestproject\bin\debug\netcoreapp3.1\nunittestproject.dll" id="4936d87a-883b-6212-fe10-ba7602a69db8">
      <Execution id="611c47e5-041b-45af-90b0-f797e89d074c" />
      <TestMethod codeBase="C:\Projekty\NUnitTestProject\bin\Debug\netcoreapp3.1\NUnitTestProject.dll" adapterTypeName="executor://nunit3testexecutor/" className="NUnitTestProject.CurrencyHelperTests" name="FormatToStringTest1000(26885.71162707904d,&quot;26885.71 zł&quot;)" />
    </UnitTest>
    <UnitTest name="FormatToStringTest1000(19189.32381924117d,&quot;19189.32 zł&quot;)" storage="c:\projekty\nunittestproject\bin\debug\netcoreapp3.1\nunittestproject.dll" id="6f7345f6-07c1-aba6-fba8-22e9ed357a49">
      <Execution id="b9c4fe6e-9c84-4fd9-8401-0a571d06b712" />
      <TestMethod codeBase="C:\Projekty\NUnitTestProject\bin\Debug\netcoreapp3.1\NUnitTestProject.dll" adapterTypeName="executor://nunit3testexecutor/" className="NUnitTestProject.CurrencyHelperTests" name="FormatToStringTest1000(19189.32381924117d,&quot;19189.32 zł&quot;)" />
    </UnitTest>
    <UnitTest name="FormatToStringTest1000(20552.966022956633d,&quot;20552.97 zł&quot;)" storage="c:\projekty\nunittestproject\bin\debug\netcoreapp3.1\nunittestproject.dll" id="de7a0ae7-aa58-be18-206b-2d44f2e86ead">
      <Execution id="b472799a-e9a5-44f3-8f7b-a9d857a961ec" />
      <TestMethod codeBase="C:\Projekty\NUnitTestProject\bin\Debug\netcoreapp3.1\NUnitTestProject.dll" adapterTypeName="executor://nunit3testexecutor/" className="NUnitTestProject.CurrencyHelperTests" name="FormatToStringTest1000(20552.966022956633d,&quot;20552.97 zł&quot;)" />
    </UnitTest>
    <UnitTest name="FormatToStringTest1000(2292.8331871111104d,&quot;2292.83 zł&quot;)" storage="c:\projekty\nunittestproject\bin\debug\netcoreapp3.1\nunittestproject.dll" id="29406890-f674-40b1-2efb-3ed40d66af1f">
      <Execution id="f523fbc9-709c-4b5c-8e37-3267b6f8482d" />
      <TestMethod codeBase="C:\Projekty\NUnitTestProject\bin\Debug\netcoreapp3.1\NUnitTestProject.dll" adapterTypeName="executor://nunit3testexecutor/" className="NUnitTestProject.CurrencyHelperTests" name="FormatToStringTest1000(2292.8331871111104d,&quot;2292.83 zł&quot;)" />
    </UnitTest>
    <UnitTest name="FormatToStringTest1000(23612.114499758984d,&quot;23612.11 zł&quot;)" storage="c:\projekty\nunittestproject\bin\debug\netcoreapp3.1\nunittestproject.dll" id="66cfeda0-e2cf-f1fc-0d88-eef5b227e59f">
      <Execution id="09668a87-dad3-42a5-a8cd-55b7a698789e" />
      <TestMethod codeBase="C:\Projekty\NUnitTestProject\bin\Debug\netcoreapp3.1\NUnitTestProject.dll" adapterTypeName="executor://nunit3testexecutor/" className="NUnitTestProject.CurrencyHelperTests" name="FormatToStringTest1000(23612.114499758984d,&quot;23612.11 zł&quot;)" />
    </UnitTest>
    <UnitTest name="FormatToStringTest1000(19085.023282992664d,&quot;19085.02 zł&quot;)" storage="c:\projekty\nunittestproject\bin\debug\netcoreapp3.1\nunittestproject.dll" id="6f51818b-8dfe-7cd4-c8ae-d1150bb85ebd">
      <Execution id="ddc096ed-1538-4d65-8bd0-67d92467f148" />
      <TestMethod codeBase="C:\Projekty\NUnitTestProject\bin\Debug\netcoreapp3.1\NUnitTestProject.dll" adapterTypeName="executor://nunit3testexecutor/" className="NUnitTestProject.CurrencyHelperTests" name="FormatToStringTest1000(19085.023282992664d,&quot;19085.02 zł&quot;)" />
    </UnitTest>
    <UnitTest name="FormatToStringTest1000(16129.507288814293d,&quot;16129.51 zł&quot;)" storage="c:\projekty\nunittestproject\bin\debug\netcoreapp3.1\nunittestproject.dll" id="aa4e492c-9871-e494-8afc-2e1c32042c9f">
      <Execution id="98517c42-53a3-46c1-8965-b4265b391988" />
      <TestMethod codeBase="C:\Projekty\NUnitTestProject\bin\Debug\netcoreapp3.1\NUnitTestProject.dll" adapterTypeName="executor://nunit3testexecutor/" className="NUnitTestProject.CurrencyHelperTests" name="FormatToStringTest1000(16129.507288814293d,&quot;16129.51 zł&quot;)" />
    </UnitTest>
    <UnitTest name="FormatToStringTest1000(28080.92507087669d,&quot;28080.93 zł&quot;)" storage="c:\projekty\nunittestproject\bin\debug\netcoreapp3.1\nunittestproject.dll" id="149b451f-18ff-71da-64d2-d4ad70318933">
      <Execution id="b01dd20e-f214-43b2-8992-02c74b6cc6c8" />
      <TestMethod codeBase="C:\Projekty\NUnitTestProject\bin\Debug\netcoreapp3.1\NUnitTestProject.dll" adapterTypeName="executor://nunit3testexecutor/" className="NUnitTestProject.CurrencyHelperTests" name="FormatToStringTest1000(28080.92507087669d,&quot;28080.93 zł&quot;)" />
    </UnitTest>
    <UnitTest name="FormatToStringTest1000(1664.7834932994022d,&quot;1664.78 zł&quot;)" storage="c:\projekty\nunittestproject\bin\debug\netcoreapp3.1\nunittestproject.dll" id="036a6ec9-ae68-934b-9f02-a81dae974d18">
      <Execution id="2570536b-0790-480d-b38e-d5fd09d24940" />
      <TestMethod codeBase="C:\Projekty\NUnitTestProject\bin\Debug\netcoreapp3.1\NUnitTestProject.dll" adapterTypeName="executor://nunit3testexecutor/" className="NUnitTestProject.CurrencyHelperTests" name="FormatToStringTest1000(1664.7834932994022d,&quot;1664.78 zł&quot;)" />
    </UnitTest>
    <UnitTest name="FormatToStringTest1000(1741.3334432818617d,&quot;1741.33 zł&quot;)" storage="c:\projekty\nunittestproject\bin\debug\netcoreapp3.1\nunittestproject.dll" id="b9452443-27e0-9ab0-1723-70a405c1b43f">
      <Execution id="490ef982-e09e-4519-9ead-abcb08e64dc9" />
      <TestMethod codeBase="C:\Projekty\NUnitTestProject\bin\Debug\netcoreapp3.1\NUnitTestProject.dll" adapterTypeName="executor://nunit3testexecutor/" className="NUnitTestProject.CurrencyHelperTests" name="FormatToStringTest1000(1741.3334432818617d,&quot;1741.33 zł&quot;)" />
    </UnitTest>
    <UnitTest name="FormatToStringTest1000(13478.157112043891d,&quot;13478.16 zł&quot;)" storage="c:\projekty\nunittestproject\bin\debug\netcoreapp3.1\nunittestproject.dll" id="97caedcb-d6ae-5556-8168-c745e877090a">
      <Execution id="d6c595e8-5783-4736-87f0-87190bb9c5d3" />
      <TestMethod codeBase="C:\Projekty\NUnitTestProject\bin\Debug\netcoreapp3.1\NUnitTestProject.dll" adapterTypeName="executor://nunit3testexecutor/" className="NUnitTestProject.CurrencyHelperTests" name="FormatToStringTest1000(13478.157112043891d,&quot;13478.16 zł&quot;)" />
    </UnitTest>
    <UnitTest name="FormatToStringTest1000(64490.52771614982d,&quot;64490.53 zł&quot;)" storage="c:\projekty\nunittestproject\bin\debug\netcoreapp3.1\nunittestproject.dll" id="e46dbe14-100d-b571-9fb5-196347dd96ac">
      <Execution id="22526085-9721-48e1-a6f4-bbf89bc48c12" />
      <TestMethod codeBase="C:\Projekty\NUnitTestProject\bin\Debug\netcoreapp3.1\NUnitTestProject.dll" adapterTypeName="executor://nunit3testexecutor/" className="NUnitTestProject.CurrencyHelperTests" name="FormatToStringTest1000(64490.52771614982d,&quot;64490.53 zł&quot;)" />
    </UnitTest>
    <UnitTest name="FormatToStringTest1000(97129.75160633575d,&quot;97129.75 zł&quot;)" storage="c:\projekty\nunittestproject\bin\debug\netcoreapp3.1\nunittestproject.dll" id="f7b6c5f3-1f58-e9ae-14c8-31eb58d1211b">
      <Execution id="3abe8e8e-8019-4965-b76c-5db2dd369084" />
      <TestMethod codeBase="C:\Projekty\NUnitTestProject\bin\Debug\netcoreapp3.1\NUnitTestProject.dll" adapterTypeName="executor://nunit3testexecutor/" className="NUnitTestProject.CurrencyHelperTests" name="FormatToStringTest1000(97129.75160633575d,&quot;97129.75 zł&quot;)" />
    </UnitTest>
    <UnitTest name="FormatToStringTest1000(16030.852371789913d,&quot;16030.85 zł&quot;)" storage="c:\projekty\nunittestproject\bin\debug\netcoreapp3.1\nunittestproject.dll" id="cd1fce0e-40f1-2613-4ea2-fe4efaae7320">
      <Execution id="46ac6617-d5f9-471c-ac5e-b96fa099ea66" />
      <TestMethod codeBase="C:\Projekty\NUnitTestProject\bin\Debug\netcoreapp3.1\NUnitTestProject.dll" adapterTypeName="executor://nunit3testexecutor/" className="NUnitTestProject.CurrencyHelperTests" name="FormatToStringTest1000(16030.852371789913d,&quot;16030.85 zł&quot;)" />
    </UnitTest>
    <UnitTest name="FormatToStringTest1000(26468.346804109562d,&quot;26468.35 zł&quot;)" storage="c:\projekty\nunittestproject\bin\debug\netcoreapp3.1\nunittestproject.dll" id="274eee3c-fa31-a55c-1941-d2fdb1077d83">
      <Execution id="609a2162-fb6c-44f7-96ff-50f44f199c67" />
      <TestMethod codeBase="C:\Projekty\NUnitTestProject\bin\Debug\netcoreapp3.1\NUnitTestProject.dll" adapterTypeName="executor://nunit3testexecutor/" className="NUnitTestProject.CurrencyHelperTests" name="FormatToStringTest1000(26468.346804109562d,&quot;26468.35 zł&quot;)" />
    </UnitTest>
    <UnitTest name="FormatToStringTest1000(73301.91270130403d,&quot;73301.91 zł&quot;)" storage="c:\projekty\nunittestproject\bin\debug\netcoreapp3.1\nunittestproject.dll" id="19b8d5ef-b980-1d42-3f3f-c869dee34ac6">
      <Execution id="061eaa2a-bf56-4240-80c7-539b4314b488" />
      <TestMethod codeBase="C:\Projekty\NUnitTestProject\bin\Debug\netcoreapp3.1\NUnitTestProject.dll" adapterTypeName="executor://nunit3testexecutor/" className="NUnitTestProject.CurrencyHelperTests" name="FormatToStringTest1000(73301.91270130403d,&quot;73301.91 zł&quot;)" />
    </UnitTest>
    <UnitTest name="FormatToStringTest1000(25039.088753207627d,&quot;25039.09 zł&quot;)" storage="c:\projekty\nunittestproject\bin\debug\netcoreapp3.1\nunittestproject.dll" id="fb1c3a36-60dc-8fcd-b623-36588091afcb">
      <Execution id="64365665-6164-4550-b1a1-f6f36612ca71" />
      <TestMethod codeBase="C:\Projekty\NUnitTestProject\bin\Debug\netcoreapp3.1\NUnitTestProject.dll" adapterTypeName="executor://nunit3testexecutor/" className="NUnitTestProject.CurrencyHelperTests" name="FormatToStringTest1000(25039.088753207627d,&quot;25039.09 zł&quot;)" />
    </UnitTest>
    <UnitTest name="FormatToStringTest1000(765.778932784581d,&quot;765.78 zł&quot;)" storage="c:\projekty\nunittestproject\bin\debug\netcoreapp3.1\nunittestproject.dll" id="092813bc-e54e-6f29-9d2b-192db0d76045">
      <Execution id="673142a2-bc0a-4244-a16d-62d3ee53589d" />
      <TestMethod codeBase="C:\Projekty\NUnitTestProject\bin\Debug\netcoreapp3.1\NUnitTestProject.dll" adapterTypeName="executor://nunit3testexecutor/" className="NUnitTestProject.CurrencyHelperTests" name="FormatToStringTest1000(765.778932784581d,&quot;765.78 zł&quot;)" />
    </UnitTest>
    <UnitTest name="FormatToStringTest1000(60017.857676936714d,&quot;60017.86 zł&quot;)" storage="c:\projekty\nunittestproject\bin\debug\netcoreapp3.1\nunittestproject.dll" id="bb5a2e9a-5cdb-f48d-dc56-2c3c111c851a">
      <Execution id="1ee8290a-ba69-42f8-bc0f-03e514d252d1" />
      <TestMethod codeBase="C:\Projekty\NUnitTestProject\bin\Debug\netcoreapp3.1\NUnitTestProject.dll" adapterTypeName="executor://nunit3testexecutor/" className="NUnitTestProject.CurrencyHelperTests" name="FormatToStringTest1000(60017.857676936714d,&quot;60017.86 zł&quot;)" />
    </UnitTest>
    <UnitTest name="FormatToStringTest1000(759.247198292635d,&quot;759.25 zł&quot;)" storage="c:\projekty\nunittestproject\bin\debug\netcoreapp3.1\nunittestproject.dll" id="bfb43a18-8b27-64cf-f833-254fc2466b22">
      <Execution id="daef2807-2b87-4d14-840e-56c2a39ccbcd" />
      <TestMethod codeBase="C:\Projekty\NUnitTestProject\bin\Debug\netcoreapp3.1\NUnitTestProject.dll" adapterTypeName="executor://nunit3testexecutor/" className="NUnitTestProject.CurrencyHelperTests" name="FormatToStringTest1000(759.247198292635d,&quot;759.25 zł&quot;)" />
    </UnitTest>
    <UnitTest name="FormatToStringTest1000(14635.510547500808d,&quot;14635.51 zł&quot;)" storage="c:\projekty\nunittestproject\bin\debug\netcoreapp3.1\nunittestproject.dll" id="7ac2c24b-6445-4ff2-9faa-1ce73a74728d">
      <Execution id="e264d56b-c270-42ac-ad86-fe6b675827e2" />
      <TestMethod codeBase="C:\Projekty\NUnitTestProject\bin\Debug\netcoreapp3.1\NUnitTestProject.dll" adapterTypeName="executor://nunit3testexecutor/" className="NUnitTestProject.CurrencyHelperTests" name="FormatToStringTest1000(14635.510547500808d,&quot;14635.51 zł&quot;)" />
    </UnitTest>
    <UnitTest name="FormatToStringTest1000(16208.076866391615d,&quot;16208.08 zł&quot;)" storage="c:\projekty\nunittestproject\bin\debug\netcoreapp3.1\nunittestproject.dll" id="0107bc98-e88d-a137-c4d8-ff01a11c4723">
      <Execution id="bb97179b-991c-478e-8c91-852a5224c139" />
      <TestMethod codeBase="C:\Projekty\NUnitTestProject\bin\Debug\netcoreapp3.1\NUnitTestProject.dll" adapterTypeName="executor://nunit3testexecutor/" className="NUnitTestProject.CurrencyHelperTests" name="FormatToStringTest1000(16208.076866391615d,&quot;16208.08 zł&quot;)" />
    </UnitTest>
    <UnitTest name="FormatToStringTest1000(61633.2671179945d,&quot;61633.27 zł&quot;)" storage="c:\projekty\nunittestproject\bin\debug\netcoreapp3.1\nunittestproject.dll" id="7d115265-369e-6487-e000-47e2ac4ab46b">
      <Execution id="cfb535e1-1893-4445-a788-79f7e0227771" />
      <TestMethod codeBase="C:\Projekty\NUnitTestProject\bin\Debug\netcoreapp3.1\NUnitTestProject.dll" adapterTypeName="executor://nunit3testexecutor/" className="NUnitTestProject.CurrencyHelperTests" name="FormatToStringTest1000(61633.2671179945d,&quot;61633.27 zł&quot;)" />
    </UnitTest>
    <UnitTest name="FormatToStringTest1000(40268.121943438484d,&quot;40268.12 zł&quot;)" storage="c:\projekty\nunittestproject\bin\debug\netcoreapp3.1\nunittestproject.dll" id="0ed9cd8c-6283-5489-0e2e-ce31df1b16b4">
      <Execution id="3dfdf0e7-5644-4939-97fe-2b66ad33cebe" />
      <TestMethod codeBase="C:\Projekty\NUnitTestProject\bin\Debug\netcoreapp3.1\NUnitTestProject.dll" adapterTypeName="executor://nunit3testexecutor/" className="NUnitTestProject.CurrencyHelperTests" name="FormatToStringTest1000(40268.121943438484d,&quot;40268.12 zł&quot;)" />
    </UnitTest>
    <UnitTest name="FormatToStringTest1000(57809.74722876295d,&quot;57809.75 zł&quot;)" storage="c:\projekty\nunittestproject\bin\debug\netcoreapp3.1\nunittestproject.dll" id="bb7f2094-2f9e-97a8-2260-536683d65f82">
      <Execution id="bf4cf41f-8e72-4554-b253-26f963caa305" />
      <TestMethod codeBase="C:\Projekty\NUnitTestProject\bin\Debug\netcoreapp3.1\NUnitTestProject.dll" adapterTypeName="executor://nunit3testexecutor/" className="NUnitTestProject.CurrencyHelperTests" name="FormatToStringTest1000(57809.74722876295d,&quot;57809.75 zł&quot;)" />
    </UnitTest>
    <UnitTest name="FormatToStringTest1000(7377.5644264340235d,&quot;7377.56 zł&quot;)" storage="c:\projekty\nunittestproject\bin\debug\netcoreapp3.1\nunittestproject.dll" id="ea6215af-9f7a-dfd2-1e42-d16863c438d5">
      <Execution id="94111b2e-7906-4f9a-9d47-f6ce697a18b3" />
      <TestMethod codeBase="C:\Projekty\NUnitTestProject\bin\Debug\netcoreapp3.1\NUnitTestProject.dll" adapterTypeName="executor://nunit3testexecutor/" className="NUnitTestProject.CurrencyHelperTests" name="FormatToStringTest1000(7377.5644264340235d,&quot;7377.56 zł&quot;)" />
    </UnitTest>
    <UnitTest name="FormatToStringTest1000(15742.409864349947d,&quot;15742.41 zł&quot;)" storage="c:\projekty\nunittestproject\bin\debug\netcoreapp3.1\nunittestproject.dll" id="c0986095-fb5a-1e8a-a8d8-e6dfbaed61c5">
      <Execution id="48883ced-31b4-4291-99a0-02b9f566688c" />
      <TestMethod codeBase="C:\Projekty\NUnitTestProject\bin\Debug\netcoreapp3.1\NUnitTestProject.dll" adapterTypeName="executor://nunit3testexecutor/" className="NUnitTestProject.CurrencyHelperTests" name="FormatToStringTest1000(15742.409864349947d,&quot;15742.41 zł&quot;)" />
    </UnitTest>
    <UnitTest name="FormatToStringTest1000(13508.811787825922d,&quot;13508.81 zł&quot;)" storage="c:\projekty\nunittestproject\bin\debug\netcoreapp3.1\nunittestproject.dll" id="0fc86efa-aeca-dada-030f-e8045241eaae">
      <Execution id="94da599d-6224-4bfd-8104-6b95a992ece0" />
      <TestMethod codeBase="C:\Projekty\NUnitTestProject\bin\Debug\netcoreapp3.1\NUnitTestProject.dll" adapterTypeName="executor://nunit3testexecutor/" className="NUnitTestProject.CurrencyHelperTests" name="FormatToStringTest1000(13508.811787825922d,&quot;13508.81 zł&quot;)" />
    </UnitTest>
    <UnitTest name="FormatToStringTest1000(44361.82678515177d,&quot;44361.83 zł&quot;)" storage="c:\projekty\nunittestproject\bin\debug\netcoreapp3.1\nunittestproject.dll" id="4aa2fb53-f9e4-f471-3a9f-14715f467049">
      <Execution id="f61a7f66-f8c8-4eb3-b17a-799b61b43d0d" />
      <TestMethod codeBase="C:\Projekty\NUnitTestProject\bin\Debug\netcoreapp3.1\NUnitTestProject.dll" adapterTypeName="executor://nunit3testexecutor/" className="NUnitTestProject.CurrencyHelperTests" name="FormatToStringTest1000(44361.82678515177d,&quot;44361.83 zł&quot;)" />
    </UnitTest>
    <UnitTest name="FormatToStringTest1000(19216.446905020366d,&quot;19216.45 zł&quot;)" storage="c:\projekty\nunittestproject\bin\debug\netcoreapp3.1\nunittestproject.dll" id="0af23d0c-f1f0-deb1-181c-c50389a37384">
      <Execution id="0e16f94c-0d22-4fc7-8c3e-ca855ed17df3" />
      <TestMethod codeBase="C:\Projekty\NUnitTestProject\bin\Debug\netcoreapp3.1\NUnitTestProject.dll" adapterTypeName="executor://nunit3testexecutor/" className="NUnitTestProject.CurrencyHelperTests" name="FormatToStringTest1000(19216.446905020366d,&quot;19216.45 zł&quot;)" />
    </UnitTest>
    <UnitTest name="FormatToStringTest1000(36047.83545033672d,&quot;36047.84 zł&quot;)" storage="c:\projekty\nunittestproject\bin\debug\netcoreapp3.1\nunittestproject.dll" id="ea8471c3-2743-4dfb-2fac-6cae304dff99">
      <Execution id="ba778b1d-e59d-427a-a59d-a9105a0cc08b" />
      <TestMethod codeBase="C:\Projekty\NUnitTestProject\bin\Debug\netcoreapp3.1\NUnitTestProject.dll" adapterTypeName="executor://nunit3testexecutor/" className="NUnitTestProject.CurrencyHelperTests" name="FormatToStringTest1000(36047.83545033672d,&quot;36047.84 zł&quot;)" />
    </UnitTest>
    <UnitTest name="FormatToStringTest1000(29975.4018974022d,&quot;29975.40 zł&quot;)" storage="c:\projekty\nunittestproject\bin\debug\netcoreapp3.1\nunittestproject.dll" id="e6f60af7-eaed-5b55-816d-6d2a50c98932">
      <Execution id="70a0fcce-27a1-4c84-84e6-e1b3cbe5c99d" />
      <TestMethod codeBase="C:\Projekty\NUnitTestProject\bin\Debug\netcoreapp3.1\NUnitTestProject.dll" adapterTypeName="executor://nunit3testexecutor/" className="NUnitTestProject.CurrencyHelperTests" name="FormatToStringTest1000(29975.4018974022d,&quot;29975.40 zł&quot;)" />
    </UnitTest>
    <UnitTest name="FormatToStringTest1000(43799.04472166535d,&quot;43799.04 zł&quot;)" storage="c:\projekty\nunittestproject\bin\debug\netcoreapp3.1\nunittestproject.dll" id="1b0d351a-508f-0807-0c94-56d657ae1623">
      <Execution id="0eb44ecd-e017-484f-bea2-a00b156f7a9f" />
      <TestMethod codeBase="C:\Projekty\NUnitTestProject\bin\Debug\netcoreapp3.1\NUnitTestProject.dll" adapterTypeName="executor://nunit3testexecutor/" className="NUnitTestProject.CurrencyHelperTests" name="FormatToStringTest1000(43799.04472166535d,&quot;43799.04 zł&quot;)" />
    </UnitTest>
    <UnitTest name="FormatToStringTest1000(5548.360986085777d,&quot;5548.36 zł&quot;)" storage="c:\projekty\nunittestproject\bin\debug\netcoreapp3.1\nunittestproject.dll" id="39c7a244-b75e-9f86-9d15-adfafecd21ca">
      <Execution id="40c7597e-5221-4df8-a021-99548092a73a" />
      <TestMethod codeBase="C:\Projekty\NUnitTestProject\bin\Debug\netcoreapp3.1\NUnitTestProject.dll" adapterTypeName="executor://nunit3testexecutor/" className="NUnitTestProject.CurrencyHelperTests" name="FormatToStringTest1000(5548.360986085777d,&quot;5548.36 zł&quot;)" />
    </UnitTest>
    <UnitTest name="FormatToStringTest1000(12091.219941106729d,&quot;12091.22 zł&quot;)" storage="c:\projekty\nunittestproject\bin\debug\netcoreapp3.1\nunittestproject.dll" id="fa43237f-8d58-c9ec-b71e-9d381e3b47f2">
      <Execution id="9f8a4cac-6030-46c4-a82f-a1164cc8f46e" />
      <TestMethod codeBase="C:\Projekty\NUnitTestProject\bin\Debug\netcoreapp3.1\NUnitTestProject.dll" adapterTypeName="executor://nunit3testexecutor/" className="NUnitTestProject.CurrencyHelperTests" name="FormatToStringTest1000(12091.219941106729d,&quot;12091.22 zł&quot;)" />
    </UnitTest>
    <UnitTest name="FormatToStringTest1000(25990.318498101697d,&quot;25990.32 zł&quot;)" storage="c:\projekty\nunittestproject\bin\debug\netcoreapp3.1\nunittestproject.dll" id="bc954cfc-79b1-8687-e8d1-aab98a75fd1a">
      <Execution id="6ac16090-2364-4447-a4f8-c84bdb51d52d" />
      <TestMethod codeBase="C:\Projekty\NUnitTestProject\bin\Debug\netcoreapp3.1\NUnitTestProject.dll" adapterTypeName="executor://nunit3testexecutor/" className="NUnitTestProject.CurrencyHelperTests" name="FormatToStringTest1000(25990.318498101697d,&quot;25990.32 zł&quot;)" />
    </UnitTest>
    <UnitTest name="FormatToStringTest1000(1325.1625259114255d,&quot;1325.16 zł&quot;)" storage="c:\projekty\nunittestproject\bin\debug\netcoreapp3.1\nunittestproject.dll" id="9a4a7396-bc43-f3a9-c62c-07975736bde6">
      <Execution id="a5967d65-0d33-4cce-8322-f66732916674" />
      <TestMethod codeBase="C:\Projekty\NUnitTestProject\bin\Debug\netcoreapp3.1\NUnitTestProject.dll" adapterTypeName="executor://nunit3testexecutor/" className="NUnitTestProject.CurrencyHelperTests" name="FormatToStringTest1000(1325.1625259114255d,&quot;1325.16 zł&quot;)" />
    </UnitTest>
    <UnitTest name="FormatToStringTest1000(19189.813662191766d,&quot;19189.81 zł&quot;)" storage="c:\projekty\nunittestproject\bin\debug\netcoreapp3.1\nunittestproject.dll" id="9e7bb479-43f6-3e5b-9858-d1abf76cc2e6">
      <Execution id="0686f39d-c780-4a5f-a2de-f510814ebc6c" />
      <TestMethod codeBase="C:\Projekty\NUnitTestProject\bin\Debug\netcoreapp3.1\NUnitTestProject.dll" adapterTypeName="executor://nunit3testexecutor/" className="NUnitTestProject.CurrencyHelperTests" name="FormatToStringTest1000(19189.813662191766d,&quot;19189.81 zł&quot;)" />
    </UnitTest>
    <UnitTest name="FormatToStringTest1000(75514.58914517732d,&quot;75514.59 zł&quot;)" storage="c:\projekty\nunittestproject\bin\debug\netcoreapp3.1\nunittestproject.dll" id="f1b541d5-278d-f2a3-2128-f16382bfc74f">
      <Execution id="17426ae5-851f-4b0a-98e5-6ed07efa6839" />
      <TestMethod codeBase="C:\Projekty\NUnitTestProject\bin\Debug\netcoreapp3.1\NUnitTestProject.dll" adapterTypeName="executor://nunit3testexecutor/" className="NUnitTestProject.CurrencyHelperTests" name="FormatToStringTest1000(75514.58914517732d,&quot;75514.59 zł&quot;)" />
    </UnitTest>
    <UnitTest name="FormatToStringTest1000(3506.8456124108498d,&quot;3506.85 zł&quot;)" storage="c:\projekty\nunittestproject\bin\debug\netcoreapp3.1\nunittestproject.dll" id="04708542-086d-f6f2-88c4-fe541ab1cd55">
      <Execution id="d0f41669-2168-4c79-b631-8fad271e5773" />
      <TestMethod codeBase="C:\Projekty\NUnitTestProject\bin\Debug\netcoreapp3.1\NUnitTestProject.dll" adapterTypeName="executor://nunit3testexecutor/" className="NUnitTestProject.CurrencyHelperTests" name="FormatToStringTest1000(3506.8456124108498d,&quot;3506.85 zł&quot;)" />
    </UnitTest>
    <UnitTest name="FormatToStringTest1000(11922.837782177532d,&quot;11922.84 zł&quot;)" storage="c:\projekty\nunittestproject\bin\debug\netcoreapp3.1\nunittestproject.dll" id="4df235b9-e889-4809-39c8-ff3e09688830">
      <Execution id="ce681823-7ecb-4d03-a877-0c2aa508cbf8" />
      <TestMethod codeBase="C:\Projekty\NUnitTestProject\bin\Debug\netcoreapp3.1\NUnitTestProject.dll" adapterTypeName="executor://nunit3testexecutor/" className="NUnitTestProject.CurrencyHelperTests" name="FormatToStringTest1000(11922.837782177532d,&quot;11922.84 zł&quot;)" />
    </UnitTest>
    <UnitTest name="FormatToStringTest1000(1687.6029180025694d,&quot;1687.60 zł&quot;)" storage="c:\projekty\nunittestproject\bin\debug\netcoreapp3.1\nunittestproject.dll" id="f49abb46-6157-b05f-1fad-c8a20a256f62">
      <Execution id="d4ebf3c6-4ca7-4f6f-851a-44dbb5bf43ea" />
      <TestMethod codeBase="C:\Projekty\NUnitTestProject\bin\Debug\netcoreapp3.1\NUnitTestProject.dll" adapterTypeName="executor://nunit3testexecutor/" className="NUnitTestProject.CurrencyHelperTests" name="FormatToStringTest1000(1687.6029180025694d,&quot;1687.60 zł&quot;)" />
    </UnitTest>
    <UnitTest name="FormatToStringTest1000(12831.146874380833d,&quot;12831.15 zł&quot;)" storage="c:\projekty\nunittestproject\bin\debug\netcoreapp3.1\nunittestproject.dll" id="70f1979c-5fec-f41c-4467-96ed1c16b145">
      <Execution id="81397456-e99a-40e5-855f-349a1016fe2e" />
      <TestMethod codeBase="C:\Projekty\NUnitTestProject\bin\Debug\netcoreapp3.1\NUnitTestProject.dll" adapterTypeName="executor://nunit3testexecutor/" className="NUnitTestProject.CurrencyHelperTests" name="FormatToStringTest1000(12831.146874380833d,&quot;12831.15 zł&quot;)" />
    </UnitTest>
    <UnitTest name="FormatToStringTest1000(1482.3501845832682d,&quot;1482.35 zł&quot;)" storage="c:\projekty\nunittestproject\bin\debug\netcoreapp3.1\nunittestproject.dll" id="95fed375-7969-3fff-ac7b-e41adca485dd">
      <Execution id="296f5383-e92b-4211-9ac0-e734b46ca66d" />
      <TestMethod codeBase="C:\Projekty\NUnitTestProject\bin\Debug\netcoreapp3.1\NUnitTestProject.dll" adapterTypeName="executor://nunit3testexecutor/" className="NUnitTestProject.CurrencyHelperTests" name="FormatToStringTest1000(1482.3501845832682d,&quot;1482.35 zł&quot;)" />
    </UnitTest>
    <UnitTest name="FormatToStringTest1000(21996.80326662576d,&quot;21996.80 zł&quot;)" storage="c:\projekty\nunittestproject\bin\debug\netcoreapp3.1\nunittestproject.dll" id="f3eb9765-0045-7d49-5de3-054bd621a41f">
      <Execution id="13457f9d-6732-4d2f-a8e0-0b802617a833" />
      <TestMethod codeBase="C:\Projekty\NUnitTestProject\bin\Debug\netcoreapp3.1\NUnitTestProject.dll" adapterTypeName="executor://nunit3testexecutor/" className="NUnitTestProject.CurrencyHelperTests" name="FormatToStringTest1000(21996.80326662576d,&quot;21996.80 zł&quot;)" />
    </UnitTest>
    <UnitTest name="FormatToStringTest1000(27942.393876474067d,&quot;27942.39 zł&quot;)" storage="c:\projekty\nunittestproject\bin\debug\netcoreapp3.1\nunittestproject.dll" id="fb9b5d5a-ec48-a3ed-07db-cf85d51b9faa">
      <Execution id="41fb9995-9901-472b-bece-dc69d4b5a2c4" />
      <TestMethod codeBase="C:\Projekty\NUnitTestProject\bin\Debug\netcoreapp3.1\NUnitTestProject.dll" adapterTypeName="executor://nunit3testexecutor/" className="NUnitTestProject.CurrencyHelperTests" name="FormatToStringTest1000(27942.393876474067d,&quot;27942.39 zł&quot;)" />
    </UnitTest>
    <UnitTest name="FormatToStringTest1000(7076.829971250534d,&quot;7076.83 zł&quot;)" storage="c:\projekty\nunittestproject\bin\debug\netcoreapp3.1\nunittestproject.dll" id="9a124f11-40ca-d2aa-a849-6941897e0c0b">
      <Execution id="c6237a1b-2869-4e7f-a5f5-5d685d949ee2" />
      <TestMethod codeBase="C:\Projekty\NUnitTestProject\bin\Debug\netcoreapp3.1\NUnitTestProject.dll" adapterTypeName="executor://nunit3testexecutor/" className="NUnitTestProject.CurrencyHelperTests" name="FormatToStringTest1000(7076.829971250534d,&quot;7076.83 zł&quot;)" />
    </UnitTest>
    <UnitTest name="FormatToStringTest1000(15337.485230751097d,&quot;15337.49 zł&quot;)" storage="c:\projekty\nunittestproject\bin\debug\netcoreapp3.1\nunittestproject.dll" id="cab5d10f-8cae-8dfd-3b1b-219e11cb76ab">
      <Execution id="84afd242-5288-4dbf-8c25-57f924b1c39a" />
      <TestMethod codeBase="C:\Projekty\NUnitTestProject\bin\Debug\netcoreapp3.1\NUnitTestProject.dll" adapterTypeName="executor://nunit3testexecutor/" className="NUnitTestProject.CurrencyHelperTests" name="FormatToStringTest1000(15337.485230751097d,&quot;15337.49 zł&quot;)" />
    </UnitTest>
    <UnitTest name="FormatToStringTest1000(2216.881526520886d,&quot;2216.88 zł&quot;)" storage="c:\projekty\nunittestproject\bin\debug\netcoreapp3.1\nunittestproject.dll" id="2b18aff2-35ed-39eb-0869-97e8dcc5f3f1">
      <Execution id="da5d2b7d-b4ed-4e92-883c-0a20fb7b61f2" />
      <TestMethod codeBase="C:\Projekty\NUnitTestProject\bin\Debug\netcoreapp3.1\NUnitTestProject.dll" adapterTypeName="executor://nunit3testexecutor/" className="NUnitTestProject.CurrencyHelperTests" name="FormatToStringTest1000(2216.881526520886d,&quot;2216.88 zł&quot;)" />
    </UnitTest>
    <UnitTest name="FormatToStringTest1000(52020.805412759444d,&quot;52020.81 zł&quot;)" storage="c:\projekty\nunittestproject\bin\debug\netcoreapp3.1\nunittestproject.dll" id="2ed0b312-2f27-0f0b-487a-dea260d635a9">
      <Execution id="70d5be53-7a81-49c0-bc0a-816a7b4cc770" />
      <TestMethod codeBase="C:\Projekty\NUnitTestProject\bin\Debug\netcoreapp3.1\NUnitTestProject.dll" adapterTypeName="executor://nunit3testexecutor/" className="NUnitTestProject.CurrencyHelperTests" name="FormatToStringTest1000(52020.805412759444d,&quot;52020.81 zł&quot;)" />
    </UnitTest>
    <UnitTest name="FormatToStringTest1000(17090.629587323234d,&quot;17090.63 zł&quot;)" storage="c:\projekty\nunittestproject\bin\debug\netcoreapp3.1\nunittestproject.dll" id="1382f86b-6464-d2a1-e722-0841d0b65336">
      <Execution id="3d7e30f1-02d6-4263-b27e-9fd6a486bf61" />
      <TestMethod codeBase="C:\Projekty\NUnitTestProject\bin\Debug\netcoreapp3.1\NUnitTestProject.dll" adapterTypeName="executor://nunit3testexecutor/" className="NUnitTestProject.CurrencyHelperTests" name="FormatToStringTest1000(17090.629587323234d,&quot;17090.63 zł&quot;)" />
    </UnitTest>
    <UnitTest name="FormatToStringTest1000(23282.56178903047d,&quot;23282.56 zł&quot;)" storage="c:\projekty\nunittestproject\bin\debug\netcoreapp3.1\nunittestproject.dll" id="0cd42206-2d45-5b61-2055-2525f417141b">
      <Execution id="ecea6ffb-3a17-40af-891c-5abc13469038" />
      <TestMethod codeBase="C:\Projekty\NUnitTestProject\bin\Debug\netcoreapp3.1\NUnitTestProject.dll" adapterTypeName="executor://nunit3testexecutor/" className="NUnitTestProject.CurrencyHelperTests" name="FormatToStringTest1000(23282.56178903047d,&quot;23282.56 zł&quot;)" />
    </UnitTest>
    <UnitTest name="FormatToStringTest1000(7407.385606687696d,&quot;7407.39 zł&quot;)" storage="c:\projekty\nunittestproject\bin\debug\netcoreapp3.1\nunittestproject.dll" id="719fd87e-be7b-b92c-8926-a4bddcef0244">
      <Execution id="0332c5d8-d3a5-4d32-83e1-d88d3f0045b2" />
      <TestMethod codeBase="C:\Projekty\NUnitTestProject\bin\Debug\netcoreapp3.1\NUnitTestProject.dll" adapterTypeName="executor://nunit3testexecutor/" className="NUnitTestProject.CurrencyHelperTests" name="FormatToStringTest1000(7407.385606687696d,&quot;7407.39 zł&quot;)" />
    </UnitTest>
    <UnitTest name="FormatToStringTest1000(2929.267390865026d,&quot;2929.27 zł&quot;)" storage="c:\projekty\nunittestproject\bin\debug\netcoreapp3.1\nunittestproject.dll" id="d8fff351-64d1-1a21-4739-3e89df4d873b">
      <Execution id="1583aa65-23d5-4cdb-b3d9-4da22765b2e2" />
      <TestMethod codeBase="C:\Projekty\NUnitTestProject\bin\Debug\netcoreapp3.1\NUnitTestProject.dll" adapterTypeName="executor://nunit3testexecutor/" className="NUnitTestProject.CurrencyHelperTests" name="FormatToStringTest1000(2929.267390865026d,&quot;2929.27 zł&quot;)" />
    </UnitTest>
    <UnitTest name="FormatToStringTest1000(3694.480496819355d,&quot;3694.48 zł&quot;)" storage="c:\projekty\nunittestproject\bin\debug\netcoreapp3.1\nunittestproject.dll" id="e34fd7ec-376b-5cd9-f43c-324b72764f5f">
      <Execution id="bb732298-7106-49b5-8fb4-619bf978c389" />
      <TestMethod codeBase="C:\Projekty\NUnitTestProject\bin\Debug\netcoreapp3.1\NUnitTestProject.dll" adapterTypeName="executor://nunit3testexecutor/" className="NUnitTestProject.CurrencyHelperTests" name="FormatToStringTest1000(3694.480496819355d,&quot;3694.48 zł&quot;)" />
    </UnitTest>
    <UnitTest name="FormatToStringTest1000(84686.32148464039d,&quot;84686.32 zł&quot;)" storage="c:\projekty\nunittestproject\bin\debug\netcoreapp3.1\nunittestproject.dll" id="ceb7f684-931d-5c6c-b7df-e9079ac9afdf">
      <Execution id="b0a7cfa1-71a4-49e2-9b26-3b00e0c76edc" />
      <TestMethod codeBase="C:\Projekty\NUnitTestProject\bin\Debug\netcoreapp3.1\NUnitTestProject.dll" adapterTypeName="executor://nunit3testexecutor/" className="NUnitTestProject.CurrencyHelperTests" name="FormatToStringTest1000(84686.32148464039d,&quot;84686.32 zł&quot;)" />
    </UnitTest>
    <UnitTest name="FormatToStringTest1000(4823.904478896365d,&quot;4823.90 zł&quot;)" storage="c:\projekty\nunittestproject\bin\debug\netcoreapp3.1\nunittestproject.dll" id="6c604da3-7f27-8f64-ea2d-ce727d182abb">
      <Execution id="7b0cb8d8-7ad2-4c2b-931f-af7d28c5ea7f" />
      <TestMethod codeBase="C:\Projekty\NUnitTestProject\bin\Debug\netcoreapp3.1\NUnitTestProject.dll" adapterTypeName="executor://nunit3testexecutor/" className="NUnitTestProject.CurrencyHelperTests" name="FormatToStringTest1000(4823.904478896365d,&quot;4823.90 zł&quot;)" />
    </UnitTest>
    <UnitTest name="FormatToStringTest1000(17845.255864087147d,&quot;17845.26 zł&quot;)" storage="c:\projekty\nunittestproject\bin\debug\netcoreapp3.1\nunittestproject.dll" id="615fa398-9de6-a6b9-2dab-60666d0931f7">
      <Execution id="d95ad879-e604-432a-8549-e5458abf196f" />
      <TestMethod codeBase="C:\Projekty\NUnitTestProject\bin\Debug\netcoreapp3.1\NUnitTestProject.dll" adapterTypeName="executor://nunit3testexecutor/" className="NUnitTestProject.CurrencyHelperTests" name="FormatToStringTest1000(17845.255864087147d,&quot;17845.26 zł&quot;)" />
    </UnitTest>
    <UnitTest name="FormatToStringTest1000(75214.75000876503d,&quot;75214.75 zł&quot;)" storage="c:\projekty\nunittestproject\bin\debug\netcoreapp3.1\nunittestproject.dll" id="796d7949-31f4-bb9f-3f5b-ffa9238af688">
      <Execution id="49fc7e51-e138-4de7-a9b2-f8de72154a1b" />
      <TestMethod codeBase="C:\Projekty\NUnitTestProject\bin\Debug\netcoreapp3.1\NUnitTestProject.dll" adapterTypeName="executor://nunit3testexecutor/" className="NUnitTestProject.CurrencyHelperTests" name="FormatToStringTest1000(75214.75000876503d,&quot;75214.75 zł&quot;)" />
    </UnitTest>
    <UnitTest name="FormatToStringTest1000(2937.138486199611d,&quot;2937.14 zł&quot;)" storage="c:\projekty\nunittestproject\bin\debug\netcoreapp3.1\nunittestproject.dll" id="b56338b4-aae6-cbe0-3487-2e781b98c188">
      <Execution id="dea7cffb-2814-41f5-8089-674c88e2fb70" />
      <TestMethod codeBase="C:\Projekty\NUnitTestProject\bin\Debug\netcoreapp3.1\NUnitTestProject.dll" adapterTypeName="executor://nunit3testexecutor/" className="NUnitTestProject.CurrencyHelperTests" name="FormatToStringTest1000(2937.138486199611d,&quot;2937.14 zł&quot;)" />
    </UnitTest>
    <UnitTest name="FormatToStringTest1000(16190.113943164757d,&quot;16190.11 zł&quot;)" storage="c:\projekty\nunittestproject\bin\debug\netcoreapp3.1\nunittestproject.dll" id="ea53113d-e645-3e3d-8dda-f0c57f3d1f3e">
      <Execution id="c467803a-96dd-49c8-bb36-157a1e620324" />
      <TestMethod codeBase="C:\Projekty\NUnitTestProject\bin\Debug\netcoreapp3.1\NUnitTestProject.dll" adapterTypeName="executor://nunit3testexecutor/" className="NUnitTestProject.CurrencyHelperTests" name="FormatToStringTest1000(16190.113943164757d,&quot;16190.11 zł&quot;)" />
    </UnitTest>
    <UnitTest name="FormatToStringTest1000(5022.470719070859d,&quot;5022.47 zł&quot;)" storage="c:\projekty\nunittestproject\bin\debug\netcoreapp3.1\nunittestproject.dll" id="70548cff-07c6-a6ca-3719-5ff4c0013c06">
      <Execution id="918d9aa8-76b9-4d5f-966c-2487d947d8d5" />
      <TestMethod codeBase="C:\Projekty\NUnitTestProject\bin\Debug\netcoreapp3.1\NUnitTestProject.dll" adapterTypeName="executor://nunit3testexecutor/" className="NUnitTestProject.CurrencyHelperTests" name="FormatToStringTest1000(5022.470719070859d,&quot;5022.47 zł&quot;)" />
    </UnitTest>
    <UnitTest name="FormatToStringTest1000(12202.860111308684d,&quot;12202.86 zł&quot;)" storage="c:\projekty\nunittestproject\bin\debug\netcoreapp3.1\nunittestproject.dll" id="386a6353-f26d-0503-41f2-052972dc214e">
      <Execution id="eafff3da-e856-441e-a0f6-2fb44e155d8a" />
      <TestMethod codeBase="C:\Projekty\NUnitTestProject\bin\Debug\netcoreapp3.1\NUnitTestProject.dll" adapterTypeName="executor://nunit3testexecutor/" className="NUnitTestProject.CurrencyHelperTests" name="FormatToStringTest1000(12202.860111308684d,&quot;12202.86 zł&quot;)" />
    </UnitTest>
    <UnitTest name="FormatToStringTest1000(7370.518277515898d,&quot;7370.52 zł&quot;)" storage="c:\projekty\nunittestproject\bin\debug\netcoreapp3.1\nunittestproject.dll" id="5ec8d008-0362-0f87-55a5-ff4397c5ceeb">
      <Execution id="5fecc845-5376-4a5e-ba8d-6df143cdb9b1" />
      <TestMethod codeBase="C:\Projekty\NUnitTestProject\bin\Debug\netcoreapp3.1\NUnitTestProject.dll" adapterTypeName="executor://nunit3testexecutor/" className="NUnitTestProject.CurrencyHelperTests" name="FormatToStringTest1000(7370.518277515898d,&quot;7370.52 zł&quot;)" />
    </UnitTest>
    <UnitTest name="FormatToStringTest1000(20497.107923553376d,&quot;20497.11 zł&quot;)" storage="c:\projekty\nunittestproject\bin\debug\netcoreapp3.1\nunittestproject.dll" id="d38b1856-f9a8-d9e7-be29-662b96640b5b">
      <Execution id="8342ce9b-833d-4cef-ab24-f4f0a0b7ae75" />
      <TestMethod codeBase="C:\Projekty\NUnitTestProject\bin\Debug\netcoreapp3.1\NUnitTestProject.dll" adapterTypeName="executor://nunit3testexecutor/" className="NUnitTestProject.CurrencyHelperTests" name="FormatToStringTest1000(20497.107923553376d,&quot;20497.11 zł&quot;)" />
    </UnitTest>
    <UnitTest name="FormatToStringTest1000(3030.9461949132133d,&quot;3030.95 zł&quot;)" storage="c:\projekty\nunittestproject\bin\debug\netcoreapp3.1\nunittestproject.dll" id="a4a7e920-6be7-0270-88f5-4a528c0a4ff3">
      <Execution id="d149848c-f84e-436a-b97c-475c2d7088db" />
      <TestMethod codeBase="C:\Projekty\NUnitTestProject\bin\Debug\netcoreapp3.1\NUnitTestProject.dll" adapterTypeName="executor://nunit3testexecutor/" className="NUnitTestProject.CurrencyHelperTests" name="FormatToStringTest1000(3030.9461949132133d,&quot;3030.95 zł&quot;)" />
    </UnitTest>
    <UnitTest name="FormatToStringTest1000(11871.427211910219d,&quot;11871.43 zł&quot;)" storage="c:\projekty\nunittestproject\bin\debug\netcoreapp3.1\nunittestproject.dll" id="a0b62237-e6b4-ed13-bf88-ac0909d8c7c4">
      <Execution id="d85923e3-10cb-4eea-aba1-41b824f3bd9e" />
      <TestMethod codeBase="C:\Projekty\NUnitTestProject\bin\Debug\netcoreapp3.1\NUnitTestProject.dll" adapterTypeName="executor://nunit3testexecutor/" className="NUnitTestProject.CurrencyHelperTests" name="FormatToStringTest1000(11871.427211910219d,&quot;11871.43 zł&quot;)" />
    </UnitTest>
    <UnitTest name="FormatToStringTest1000(47575.6421269959d,&quot;47575.64 zł&quot;)" storage="c:\projekty\nunittestproject\bin\debug\netcoreapp3.1\nunittestproject.dll" id="8591161e-1b40-e9f6-332c-2e1b43b81682">
      <Execution id="b05c2dfa-1153-4790-b02c-e775ccd7405f" />
      <TestMethod codeBase="C:\Projekty\NUnitTestProject\bin\Debug\netcoreapp3.1\NUnitTestProject.dll" adapterTypeName="executor://nunit3testexecutor/" className="NUnitTestProject.CurrencyHelperTests" name="FormatToStringTest1000(47575.6421269959d,&quot;47575.64 zł&quot;)" />
    </UnitTest>
    <UnitTest name="FormatToStringTest1000(19519.4298413505d,&quot;19519.43 zł&quot;)" storage="c:\projekty\nunittestproject\bin\debug\netcoreapp3.1\nunittestproject.dll" id="72f5bdbc-e270-3979-eb1f-93befbe9f9d0">
      <Execution id="095d9c82-0fad-487b-89de-637c79b1b0ff" />
      <TestMethod codeBase="C:\Projekty\NUnitTestProject\bin\Debug\netcoreapp3.1\NUnitTestProject.dll" adapterTypeName="executor://nunit3testexecutor/" className="NUnitTestProject.CurrencyHelperTests" name="FormatToStringTest1000(19519.4298413505d,&quot;19519.43 zł&quot;)" />
    </UnitTest>
    <UnitTest name="FormatToStringTest1000(13574.683315038068d,&quot;13574.68 zł&quot;)" storage="c:\projekty\nunittestproject\bin\debug\netcoreapp3.1\nunittestproject.dll" id="f96ea468-2b60-097d-c220-3c5f104473af">
      <Execution id="40f34b0e-5590-4623-90e0-b45e7c134c37" />
      <TestMethod codeBase="C:\Projekty\NUnitTestProject\bin\Debug\netcoreapp3.1\NUnitTestProject.dll" adapterTypeName="executor://nunit3testexecutor/" className="NUnitTestProject.CurrencyHelperTests" name="FormatToStringTest1000(13574.683315038068d,&quot;13574.68 zł&quot;)" />
    </UnitTest>
    <UnitTest name="FormatToStringTest1000(16637.074429372828d,&quot;16637.07 zł&quot;)" storage="c:\projekty\nunittestproject\bin\debug\netcoreapp3.1\nunittestproject.dll" id="6dee8c76-3355-7dcc-c0a6-02e4a5ed7dc2">
      <Execution id="a6b4dd72-ca67-448c-8bcd-f55c6296d647" />
      <TestMethod codeBase="C:\Projekty\NUnitTestProject\bin\Debug\netcoreapp3.1\NUnitTestProject.dll" adapterTypeName="executor://nunit3testexecutor/" className="NUnitTestProject.CurrencyHelperTests" name="FormatToStringTest1000(16637.074429372828d,&quot;16637.07 zł&quot;)" />
    </UnitTest>
    <UnitTest name="FormatToStringTest1000(47163.337736466594d,&quot;47163.34 zł&quot;)" storage="c:\projekty\nunittestproject\bin\debug\netcoreapp3.1\nunittestproject.dll" id="4e103de3-4b59-b5f0-90dd-0864019a3e44">
      <Execution id="e3f4cdad-77b0-4c55-9148-b5996f1c6757" />
      <TestMethod codeBase="C:\Projekty\NUnitTestProject\bin\Debug\netcoreapp3.1\NUnitTestProject.dll" adapterTypeName="executor://nunit3testexecutor/" className="NUnitTestProject.CurrencyHelperTests" name="FormatToStringTest1000(47163.337736466594d,&quot;47163.34 zł&quot;)" />
    </UnitTest>
    <UnitTest name="FormatToStringTest1000(6266.232005888704d,&quot;6266.23 zł&quot;)" storage="c:\projekty\nunittestproject\bin\debug\netcoreapp3.1\nunittestproject.dll" id="55977c6e-f784-84a1-391e-15480b7266b6">
      <Execution id="988ea550-0b68-4556-8e54-3c6d7e62aa8d" />
      <TestMethod codeBase="C:\Projekty\NUnitTestProject\bin\Debug\netcoreapp3.1\NUnitTestProject.dll" adapterTypeName="executor://nunit3testexecutor/" className="NUnitTestProject.CurrencyHelperTests" name="FormatToStringTest1000(6266.232005888704d,&quot;6266.23 zł&quot;)" />
    </UnitTest>
    <UnitTest name="FormatToStringTest1000(42728.35751444258d,&quot;42728.36 zł&quot;)" storage="c:\projekty\nunittestproject\bin\debug\netcoreapp3.1\nunittestproject.dll" id="bc8b0527-de00-05c5-8ddf-e463dace5bf0">
      <Execution id="6b3f5fe9-d3c3-4186-a1eb-28276b3ceb0e" />
      <TestMethod codeBase="C:\Projekty\NUnitTestProject\bin\Debug\netcoreapp3.1\NUnitTestProject.dll" adapterTypeName="executor://nunit3testexecutor/" className="NUnitTestProject.CurrencyHelperTests" name="FormatToStringTest1000(42728.35751444258d,&quot;42728.36 zł&quot;)" />
    </UnitTest>
    <UnitTest name="FormatToStringTest1000(34060.48467268724d,&quot;34060.48 zł&quot;)" storage="c:\projekty\nunittestproject\bin\debug\netcoreapp3.1\nunittestproject.dll" id="c9b5631d-418b-047b-d15f-f39906c7e08b">
      <Execution id="597a39e8-3316-4589-a19e-4c3c1483f743" />
      <TestMethod codeBase="C:\Projekty\NUnitTestProject\bin\Debug\netcoreapp3.1\NUnitTestProject.dll" adapterTypeName="executor://nunit3testexecutor/" className="NUnitTestProject.CurrencyHelperTests" name="FormatToStringTest1000(34060.48467268724d,&quot;34060.48 zł&quot;)" />
    </UnitTest>
    <UnitTest name="FormatToStringTest1000(22189.78731674132d,&quot;22189.79 zł&quot;)" storage="c:\projekty\nunittestproject\bin\debug\netcoreapp3.1\nunittestproject.dll" id="e7e966d4-e5d2-6514-5e34-60687297029b">
      <Execution id="d91eb423-cd3a-4bb8-b6d8-4bac22a46343" />
      <TestMethod codeBase="C:\Projekty\NUnitTestProject\bin\Debug\netcoreapp3.1\NUnitTestProject.dll" adapterTypeName="executor://nunit3testexecutor/" className="NUnitTestProject.CurrencyHelperTests" name="FormatToStringTest1000(22189.78731674132d,&quot;22189.79 zł&quot;)" />
    </UnitTest>
    <UnitTest name="FormatToStringTest1000(60323.066780431225d,&quot;60323.07 zł&quot;)" storage="c:\projekty\nunittestproject\bin\debug\netcoreapp3.1\nunittestproject.dll" id="005bc1cf-7a4e-92d9-5bd8-b2bbb383cd58">
      <Execution id="ee2e050f-0f5f-48b9-8edd-c14998a37107" />
      <TestMethod codeBase="C:\Projekty\NUnitTestProject\bin\Debug\netcoreapp3.1\NUnitTestProject.dll" adapterTypeName="executor://nunit3testexecutor/" className="NUnitTestProject.CurrencyHelperTests" name="FormatToStringTest1000(60323.066780431225d,&quot;60323.07 zł&quot;)" />
    </UnitTest>
    <UnitTest name="FormatToStringTest1000(32821.05661472215d,&quot;32821.06 zł&quot;)" storage="c:\projekty\nunittestproject\bin\debug\netcoreapp3.1\nunittestproject.dll" id="79aa3047-78e8-7f3b-b717-0010e3a4cd51">
      <Execution id="a39920a6-fc51-4f37-95a8-2dc292ea5e03" />
      <TestMethod codeBase="C:\Projekty\NUnitTestProject\bin\Debug\netcoreapp3.1\NUnitTestProject.dll" adapterTypeName="executor://nunit3testexecutor/" className="NUnitTestProject.CurrencyHelperTests" name="FormatToStringTest1000(32821.05661472215d,&quot;32821.06 zł&quot;)" />
    </UnitTest>
    <UnitTest name="FormatToStringTest1000(52858.048916166204d,&quot;52858.05 zł&quot;)" storage="c:\projekty\nunittestproject\bin\debug\netcoreapp3.1\nunittestproject.dll" id="8119f190-7ed2-77b1-76a6-83f33e4cf393">
      <Execution id="2bb38fad-b48e-453d-9dc9-c88c2b0fc805" />
      <TestMethod codeBase="C:\Projekty\NUnitTestProject\bin\Debug\netcoreapp3.1\NUnitTestProject.dll" adapterTypeName="executor://nunit3testexecutor/" className="NUnitTestProject.CurrencyHelperTests" name="FormatToStringTest1000(52858.048916166204d,&quot;52858.05 zł&quot;)" />
    </UnitTest>
    <UnitTest name="FormatToStringTest1000(51300.77891898145d,&quot;51300.78 zł&quot;)" storage="c:\projekty\nunittestproject\bin\debug\netcoreapp3.1\nunittestproject.dll" id="3cf165e2-4de9-3079-4fb7-1ca2dade8ab8">
      <Execution id="606268d3-6e5c-4865-9a1a-7bb9519d6fea" />
      <TestMethod codeBase="C:\Projekty\NUnitTestProject\bin\Debug\netcoreapp3.1\NUnitTestProject.dll" adapterTypeName="executor://nunit3testexecutor/" className="NUnitTestProject.CurrencyHelperTests" name="FormatToStringTest1000(51300.77891898145d,&quot;51300.78 zł&quot;)" />
    </UnitTest>
    <UnitTest name="FormatToStringTest1000(22791.735381432685d,&quot;22791.74 zł&quot;)" storage="c:\projekty\nunittestproject\bin\debug\netcoreapp3.1\nunittestproject.dll" id="65ccfc2f-2358-a64f-fe6f-c264d332c519">
      <Execution id="981cc414-197e-4948-80b1-343779721f55" />
      <TestMethod codeBase="C:\Projekty\NUnitTestProject\bin\Debug\netcoreapp3.1\NUnitTestProject.dll" adapterTypeName="executor://nunit3testexecutor/" className="NUnitTestProject.CurrencyHelperTests" name="FormatToStringTest1000(22791.735381432685d,&quot;22791.74 zł&quot;)" />
    </UnitTest>
    <UnitTest name="FormatToStringTest1000(39178.05988345298d,&quot;39178.06 zł&quot;)" storage="c:\projekty\nunittestproject\bin\debug\netcoreapp3.1\nunittestproject.dll" id="7d9a319c-0aa5-831a-d202-712bedb1b15a">
      <Execution id="f84bc1c9-5c43-4877-93f5-667d842d89d1" />
      <TestMethod codeBase="C:\Projekty\NUnitTestProject\bin\Debug\netcoreapp3.1\NUnitTestProject.dll" adapterTypeName="executor://nunit3testexecutor/" className="NUnitTestProject.CurrencyHelperTests" name="FormatToStringTest1000(39178.05988345298d,&quot;39178.06 zł&quot;)" />
    </UnitTest>
    <UnitTest name="FormatToStringTest1000(58848.60825001477d,&quot;58848.61 zł&quot;)" storage="c:\projekty\nunittestproject\bin\debug\netcoreapp3.1\nunittestproject.dll" id="86a3d4f1-4730-e078-7812-a2cb42758d4b">
      <Execution id="89e5f319-e90f-45bd-9b9b-75743eadcc0e" />
      <TestMethod codeBase="C:\Projekty\NUnitTestProject\bin\Debug\netcoreapp3.1\NUnitTestProject.dll" adapterTypeName="executor://nunit3testexecutor/" className="NUnitTestProject.CurrencyHelperTests" name="FormatToStringTest1000(58848.60825001477d,&quot;58848.61 zł&quot;)" />
    </UnitTest>
    <UnitTest name="FormatToStringTest1000(75350.77330865282d,&quot;75350.77 zł&quot;)" storage="c:\projekty\nunittestproject\bin\debug\netcoreapp3.1\nunittestproject.dll" id="a66db8ec-8bb4-14b5-d72b-619fdbf967a5">
      <Execution id="b19608e6-dd64-43f9-8ca6-4c7b179a9b7a" />
      <TestMethod codeBase="C:\Projekty\NUnitTestProject\bin\Debug\netcoreapp3.1\NUnitTestProject.dll" adapterTypeName="executor://nunit3testexecutor/" className="NUnitTestProject.CurrencyHelperTests" name="FormatToStringTest1000(75350.77330865282d,&quot;75350.77 zł&quot;)" />
    </UnitTest>
    <UnitTest name="FormatToStringTest1000(41008.28505327194d,&quot;41008.29 zł&quot;)" storage="c:\projekty\nunittestproject\bin\debug\netcoreapp3.1\nunittestproject.dll" id="eaf85606-7f0d-3e94-fb5d-ed88b536baa0">
      <Execution id="410c5ef1-d10f-4437-a969-95c790b7f113" />
      <TestMethod codeBase="C:\Projekty\NUnitTestProject\bin\Debug\netcoreapp3.1\NUnitTestProject.dll" adapterTypeName="executor://nunit3testexecutor/" className="NUnitTestProject.CurrencyHelperTests" name="FormatToStringTest1000(41008.28505327194d,&quot;41008.29 zł&quot;)" />
    </UnitTest>
    <UnitTest name="FormatToStringTest1000(82228.32322510486d,&quot;82228.32 zł&quot;)" storage="c:\projekty\nunittestproject\bin\debug\netcoreapp3.1\nunittestproject.dll" id="efc2a789-ae09-4bb7-d172-5f2d0e3cbf23">
      <Execution id="d2723cf0-2e90-49e5-bf66-70ee779d8776" />
      <TestMethod codeBase="C:\Projekty\NUnitTestProject\bin\Debug\netcoreapp3.1\NUnitTestProject.dll" adapterTypeName="executor://nunit3testexecutor/" className="NUnitTestProject.CurrencyHelperTests" name="FormatToStringTest1000(82228.32322510486d,&quot;82228.32 zł&quot;)" />
    </UnitTest>
    <UnitTest name="FormatToStringTest1000(60299.23738666309d,&quot;60299.24 zł&quot;)" storage="c:\projekty\nunittestproject\bin\debug\netcoreapp3.1\nunittestproject.dll" id="0bb6c333-e41f-4877-c81e-d24ff9ead53d">
      <Execution id="4fe2dd5f-6c26-467c-90ed-b81ce2880d88" />
      <TestMethod codeBase="C:\Projekty\NUnitTestProject\bin\Debug\netcoreapp3.1\NUnitTestProject.dll" adapterTypeName="executor://nunit3testexecutor/" className="NUnitTestProject.CurrencyHelperTests" name="FormatToStringTest1000(60299.23738666309d,&quot;60299.24 zł&quot;)" />
    </UnitTest>
    <UnitTest name="FormatToStringTest1000(11022.594234092438d,&quot;11022.59 zł&quot;)" storage="c:\projekty\nunittestproject\bin\debug\netcoreapp3.1\nunittestproject.dll" id="d5f63a3d-0bec-c5aa-6fdf-b4d0492c062a">
      <Execution id="4b0a6b73-fa5a-488b-ab62-2372532fd38e" />
      <TestMethod codeBase="C:\Projekty\NUnitTestProject\bin\Debug\netcoreapp3.1\NUnitTestProject.dll" adapterTypeName="executor://nunit3testexecutor/" className="NUnitTestProject.CurrencyHelperTests" name="FormatToStringTest1000(11022.594234092438d,&quot;11022.59 zł&quot;)" />
    </UnitTest>
    <UnitTest name="FormatToStringTest1000(19103.831635461574d,&quot;19103.83 zł&quot;)" storage="c:\projekty\nunittestproject\bin\debug\netcoreapp3.1\nunittestproject.dll" id="d569c283-c0e4-d992-53ea-520d9219d214">
      <Execution id="d8036fcb-9340-448d-9050-01225e41e9df" />
      <TestMethod codeBase="C:\Projekty\NUnitTestProject\bin\Debug\netcoreapp3.1\NUnitTestProject.dll" adapterTypeName="executor://nunit3testexecutor/" className="NUnitTestProject.CurrencyHelperTests" name="FormatToStringTest1000(19103.831635461574d,&quot;19103.83 zł&quot;)" />
    </UnitTest>
    <UnitTest name="FormatToStringTest1000(13855.30239352505d,&quot;13855.30 zł&quot;)" storage="c:\projekty\nunittestproject\bin\debug\netcoreapp3.1\nunittestproject.dll" id="21bcc043-da28-367a-c1fb-9490833f1b89">
      <Execution id="57ddbf5c-5a46-4af5-a0e0-023242d4e811" />
      <TestMethod codeBase="C:\Projekty\NUnitTestProject\bin\Debug\netcoreapp3.1\NUnitTestProject.dll" adapterTypeName="executor://nunit3testexecutor/" className="NUnitTestProject.CurrencyHelperTests" name="FormatToStringTest1000(13855.30239352505d,&quot;13855.30 zł&quot;)" />
    </UnitTest>
    <UnitTest name="FormatToStringTest1000(16901.497392274203d,&quot;16901.50 zł&quot;)" storage="c:\projekty\nunittestproject\bin\debug\netcoreapp3.1\nunittestproject.dll" id="5234899e-b699-a182-8741-15341fb350c8">
      <Execution id="fa9d33d6-bf88-415e-9bd7-cd92cd04fe62" />
      <TestMethod codeBase="C:\Projekty\NUnitTestProject\bin\Debug\netcoreapp3.1\NUnitTestProject.dll" adapterTypeName="executor://nunit3testexecutor/" className="NUnitTestProject.CurrencyHelperTests" name="FormatToStringTest1000(16901.497392274203d,&quot;16901.50 zł&quot;)" />
    </UnitTest>
    <UnitTest name="FormatToStringTest1000(27187.549022783314d,&quot;27187.55 zł&quot;)" storage="c:\projekty\nunittestproject\bin\debug\netcoreapp3.1\nunittestproject.dll" id="2782a3f6-bb08-acfe-bfab-49ee7d2fdbfa">
      <Execution id="ee89932f-c40f-4953-a76a-91cd310b89d9" />
      <TestMethod codeBase="C:\Projekty\NUnitTestProject\bin\Debug\netcoreapp3.1\NUnitTestProject.dll" adapterTypeName="executor://nunit3testexecutor/" className="NUnitTestProject.CurrencyHelperTests" name="FormatToStringTest1000(27187.549022783314d,&quot;27187.55 zł&quot;)" />
    </UnitTest>
    <UnitTest name="FormatToStringTest1000(20623.53139885493d,&quot;20623.53 zł&quot;)" storage="c:\projekty\nunittestproject\bin\debug\netcoreapp3.1\nunittestproject.dll" id="6c172272-73ee-1f81-5332-f3180f21fb30">
      <Execution id="df499b07-5c6c-467c-9628-8b5b5f68547c" />
      <TestMethod codeBase="C:\Projekty\NUnitTestProject\bin\Debug\netcoreapp3.1\NUnitTestProject.dll" adapterTypeName="executor://nunit3testexecutor/" className="NUnitTestProject.CurrencyHelperTests" name="FormatToStringTest1000(20623.53139885493d,&quot;20623.53 zł&quot;)" />
    </UnitTest>
    <UnitTest name="FormatToStringTest1000(57564.498126061866d,&quot;57564.50 zł&quot;)" storage="c:\projekty\nunittestproject\bin\debug\netcoreapp3.1\nunittestproject.dll" id="8afbc81b-c940-0dce-6ef9-318ffda0f1ea">
      <Execution id="eb4bac9f-4442-4226-9da2-1b944bec1962" />
      <TestMethod codeBase="C:\Projekty\NUnitTestProject\bin\Debug\netcoreapp3.1\NUnitTestProject.dll" adapterTypeName="executor://nunit3testexecutor/" className="NUnitTestProject.CurrencyHelperTests" name="FormatToStringTest1000(57564.498126061866d,&quot;57564.50 zł&quot;)" />
    </UnitTest>
    <UnitTest name="FormatToStringTest1000(68507.83928906724d,&quot;68507.84 zł&quot;)" storage="c:\projekty\nunittestproject\bin\debug\netcoreapp3.1\nunittestproject.dll" id="bd91fcf5-5262-be00-7dbb-b8c3fec0f109">
      <Execution id="4223afd3-cc48-4d89-8109-8e67ff3160c0" />
      <TestMethod codeBase="C:\Projekty\NUnitTestProject\bin\Debug\netcoreapp3.1\NUnitTestProject.dll" adapterTypeName="executor://nunit3testexecutor/" className="NUnitTestProject.CurrencyHelperTests" name="FormatToStringTest1000(68507.83928906724d,&quot;68507.84 zł&quot;)" />
    </UnitTest>
    <UnitTest name="FormatToStringTest1000(45739.569854490255d,&quot;45739.57 zł&quot;)" storage="c:\projekty\nunittestproject\bin\debug\netcoreapp3.1\nunittestproject.dll" id="9a937ae8-d764-8210-812b-522cffbf8c6f">
      <Execution id="bff05759-b75d-497a-86ca-ded305d5b696" />
      <TestMethod codeBase="C:\Projekty\NUnitTestProject\bin\Debug\netcoreapp3.1\NUnitTestProject.dll" adapterTypeName="executor://nunit3testexecutor/" className="NUnitTestProject.CurrencyHelperTests" name="FormatToStringTest1000(45739.569854490255d,&quot;45739.57 zł&quot;)" />
    </UnitTest>
    <UnitTest name="FormatToStringTest1000(23174.85693288448d,&quot;23174.86 zł&quot;)" storage="c:\projekty\nunittestproject\bin\debug\netcoreapp3.1\nunittestproject.dll" id="82e7d70c-1a42-9215-0f5f-33fe3e6fa346">
      <Execution id="00155e5c-1d2b-4aeb-be8d-32ac38e1acda" />
      <TestMethod codeBase="C:\Projekty\NUnitTestProject\bin\Debug\netcoreapp3.1\NUnitTestProject.dll" adapterTypeName="executor://nunit3testexecutor/" className="NUnitTestProject.CurrencyHelperTests" name="FormatToStringTest1000(23174.85693288448d,&quot;23174.86 zł&quot;)" />
    </UnitTest>
    <UnitTest name="FormatToStringTest1000(63946.51014057478d,&quot;63946.51 zł&quot;)" storage="c:\projekty\nunittestproject\bin\debug\netcoreapp3.1\nunittestproject.dll" id="3c433d09-bfc8-05ae-376b-cff8f69161af">
      <Execution id="d9f59efc-1ec6-40ca-9fa4-b2d0994f5b99" />
      <TestMethod codeBase="C:\Projekty\NUnitTestProject\bin\Debug\netcoreapp3.1\NUnitTestProject.dll" adapterTypeName="executor://nunit3testexecutor/" className="NUnitTestProject.CurrencyHelperTests" name="FormatToStringTest1000(63946.51014057478d,&quot;63946.51 zł&quot;)" />
    </UnitTest>
    <UnitTest name="FormatToStringTest1000(3303.1902076747224d,&quot;3303.19 zł&quot;)" storage="c:\projekty\nunittestproject\bin\debug\netcoreapp3.1\nunittestproject.dll" id="86ff0f06-37e1-737e-28e1-e4da0cef4001">
      <Execution id="aad69072-a91a-4ed1-898a-01a3365ec2cb" />
      <TestMethod codeBase="C:\Projekty\NUnitTestProject\bin\Debug\netcoreapp3.1\NUnitTestProject.dll" adapterTypeName="executor://nunit3testexecutor/" className="NUnitTestProject.CurrencyHelperTests" name="FormatToStringTest1000(3303.1902076747224d,&quot;3303.19 zł&quot;)" />
    </UnitTest>
    <UnitTest name="FormatToStringTest1000(15841.26419853478d,&quot;15841.26 zł&quot;)" storage="c:\projekty\nunittestproject\bin\debug\netcoreapp3.1\nunittestproject.dll" id="a64a893d-a7c9-f50c-de3c-debed5fa79b5">
      <Execution id="832ae2b8-c0a5-4bb4-afbb-a487ce483936" />
      <TestMethod codeBase="C:\Projekty\NUnitTestProject\bin\Debug\netcoreapp3.1\NUnitTestProject.dll" adapterTypeName="executor://nunit3testexecutor/" className="NUnitTestProject.CurrencyHelperTests" name="FormatToStringTest1000(15841.26419853478d,&quot;15841.26 zł&quot;)" />
    </UnitTest>
    <UnitTest name="FormatToStringTest1000(22494.46807976834d,&quot;22494.47 zł&quot;)" storage="c:\projekty\nunittestproject\bin\debug\netcoreapp3.1\nunittestproject.dll" id="9629fd85-821b-932c-4f6c-d14c57ed62b0">
      <Execution id="1b1236f3-561b-4030-ac9f-3ca3e949503a" />
      <TestMethod codeBase="C:\Projekty\NUnitTestProject\bin\Debug\netcoreapp3.1\NUnitTestProject.dll" adapterTypeName="executor://nunit3testexecutor/" className="NUnitTestProject.CurrencyHelperTests" name="FormatToStringTest1000(22494.46807976834d,&quot;22494.47 zł&quot;)" />
    </UnitTest>
    <UnitTest name="FormatToStringTest1000(72703.4365723503d,&quot;72703.44 zł&quot;)" storage="c:\projekty\nunittestproject\bin\debug\netcoreapp3.1\nunittestproject.dll" id="2b003fb3-b141-e2a9-bad9-fff43705ee9e">
      <Execution id="7fe2d914-e703-402c-9daf-d4cfd0316c66" />
      <TestMethod codeBase="C:\Projekty\NUnitTestProject\bin\Debug\netcoreapp3.1\NUnitTestProject.dll" adapterTypeName="executor://nunit3testexecutor/" className="NUnitTestProject.CurrencyHelperTests" name="FormatToStringTest1000(72703.4365723503d,&quot;72703.44 zł&quot;)" />
    </UnitTest>
    <UnitTest name="FormatToStringTest1000(14237.13226245955d,&quot;14237.13 zł&quot;)" storage="c:\projekty\nunittestproject\bin\debug\netcoreapp3.1\nunittestproject.dll" id="897eda60-aa9c-bf46-7037-9c91ac01a451">
      <Execution id="947ab504-35c6-4864-97e2-5ae4c53d7527" />
      <TestMethod codeBase="C:\Projekty\NUnitTestProject\bin\Debug\netcoreapp3.1\NUnitTestProject.dll" adapterTypeName="executor://nunit3testexecutor/" className="NUnitTestProject.CurrencyHelperTests" name="FormatToStringTest1000(14237.13226245955d,&quot;14237.13 zł&quot;)" />
    </UnitTest>
    <UnitTest name="FormatToStringTest1000(18424.864078561244d,&quot;18424.86 zł&quot;)" storage="c:\projekty\nunittestproject\bin\debug\netcoreapp3.1\nunittestproject.dll" id="9302047d-d400-9bf9-4ba4-2e05b31dc9ec">
      <Execution id="967e1e1e-f0c6-4a46-aa6d-50a7531069f9" />
      <TestMethod codeBase="C:\Projekty\NUnitTestProject\bin\Debug\netcoreapp3.1\NUnitTestProject.dll" adapterTypeName="executor://nunit3testexecutor/" className="NUnitTestProject.CurrencyHelperTests" name="FormatToStringTest1000(18424.864078561244d,&quot;18424.86 zł&quot;)" />
    </UnitTest>
    <UnitTest name="FormatToStringTest1000(15396.537902579894d,&quot;15396.54 zł&quot;)" storage="c:\projekty\nunittestproject\bin\debug\netcoreapp3.1\nunittestproject.dll" id="41200b0a-b89d-be5b-7447-22f852721d92">
      <Execution id="65f3b8cf-9dfb-4c12-806e-2e7644ff47a8" />
      <TestMethod codeBase="C:\Projekty\NUnitTestProject\bin\Debug\netcoreapp3.1\NUnitTestProject.dll" adapterTypeName="executor://nunit3testexecutor/" className="NUnitTestProject.CurrencyHelperTests" name="FormatToStringTest1000(15396.537902579894d,&quot;15396.54 zł&quot;)" />
    </UnitTest>
    <UnitTest name="FormatToStringTest1000(64887.45559046951d,&quot;64887.46 zł&quot;)" storage="c:\projekty\nunittestproject\bin\debug\netcoreapp3.1\nunittestproject.dll" id="b150e6ad-1fac-a9d1-a2ab-0f7879e84a36">
      <Execution id="6b80a29a-fe33-47e0-8db9-79e5c5c20962" />
      <TestMethod codeBase="C:\Projekty\NUnitTestProject\bin\Debug\netcoreapp3.1\NUnitTestProject.dll" adapterTypeName="executor://nunit3testexecutor/" className="NUnitTestProject.CurrencyHelperTests" name="FormatToStringTest1000(64887.45559046951d,&quot;64887.46 zł&quot;)" />
    </UnitTest>
    <UnitTest name="FormatToStringTest1000(23649.104642116046d,&quot;23649.10 zł&quot;)" storage="c:\projekty\nunittestproject\bin\debug\netcoreapp3.1\nunittestproject.dll" id="5d8a1a0c-8ac0-09f0-e7c5-3249de62e9a9">
      <Execution id="7c51f4f7-5a4c-4a71-8f52-fe02fe2dfa68" />
      <TestMethod codeBase="C:\Projekty\NUnitTestProject\bin\Debug\netcoreapp3.1\NUnitTestProject.dll" adapterTypeName="executor://nunit3testexecutor/" className="NUnitTestProject.CurrencyHelperTests" name="FormatToStringTest1000(23649.104642116046d,&quot;23649.10 zł&quot;)" />
    </UnitTest>
    <UnitTest name="FormatToStringTest1000(13582.47117894258d,&quot;13582.47 zł&quot;)" storage="c:\projekty\nunittestproject\bin\debug\netcoreapp3.1\nunittestproject.dll" id="ee6fca60-0e04-b997-dc4d-b3e46cbf895c">
      <Execution id="18df2c0f-b476-4f1b-8457-86ee3b1ffc66" />
      <TestMethod codeBase="C:\Projekty\NUnitTestProject\bin\Debug\netcoreapp3.1\NUnitTestProject.dll" adapterTypeName="executor://nunit3testexecutor/" className="NUnitTestProject.CurrencyHelperTests" name="FormatToStringTest1000(13582.47117894258d,&quot;13582.47 zł&quot;)" />
    </UnitTest>
    <UnitTest name="FormatToStringTest1000(4030.673117592313d,&quot;4030.67 zł&quot;)" storage="c:\projekty\nunittestproject\bin\debug\netcoreapp3.1\nunittestproject.dll" id="0718464f-7428-3c2c-d7c1-1af84b0bb5ee">
      <Execution id="17319d3c-c4d8-430d-a50f-6b0e93a47314" />
      <TestMethod codeBase="C:\Projekty\NUnitTestProject\bin\Debug\netcoreapp3.1\NUnitTestProject.dll" adapterTypeName="executor://nunit3testexecutor/" className="NUnitTestProject.CurrencyHelperTests" name="FormatToStringTest1000(4030.673117592313d,&quot;4030.67 zł&quot;)" />
    </UnitTest>
    <UnitTest name="FormatToStringTest1000(13844.577623300524d,&quot;13844.58 zł&quot;)" storage="c:\projekty\nunittestproject\bin\debug\netcoreapp3.1\nunittestproject.dll" id="cdeb3be1-fe32-ff89-e068-e42e39c27a73">
      <Execution id="a2956938-f54f-4e47-94fa-ceba91c5de04" />
      <TestMethod codeBase="C:\Projekty\NUnitTestProject\bin\Debug\netcoreapp3.1\NUnitTestProject.dll" adapterTypeName="executor://nunit3testexecutor/" className="NUnitTestProject.CurrencyHelperTests" name="FormatToStringTest1000(13844.577623300524d,&quot;13844.58 zł&quot;)" />
    </UnitTest>
    <UnitTest name="FormatToStringTest1000(1300.9430775404642d,&quot;1300.94 zł&quot;)" storage="c:\projekty\nunittestproject\bin\debug\netcoreapp3.1\nunittestproject.dll" id="d8dd6fae-802b-a606-14b3-f77add91cde3">
      <Execution id="59e0f245-ce43-40e7-b5f7-485790ae2338" />
      <TestMethod codeBase="C:\Projekty\NUnitTestProject\bin\Debug\netcoreapp3.1\NUnitTestProject.dll" adapterTypeName="executor://nunit3testexecutor/" className="NUnitTestProject.CurrencyHelperTests" name="FormatToStringTest1000(1300.9430775404642d,&quot;1300.94 zł&quot;)" />
    </UnitTest>
    <UnitTest name="FormatToStringTest1000(1108.7197928823157d,&quot;1108.72 zł&quot;)" storage="c:\projekty\nunittestproject\bin\debug\netcoreapp3.1\nunittestproject.dll" id="5220db90-feed-daf9-71ce-ce8aa9bc9232">
      <Execution id="4354ad19-cb09-4acb-8884-ebb70ab41dcf" />
      <TestMethod codeBase="C:\Projekty\NUnitTestProject\bin\Debug\netcoreapp3.1\NUnitTestProject.dll" adapterTypeName="executor://nunit3testexecutor/" className="NUnitTestProject.CurrencyHelperTests" name="FormatToStringTest1000(1108.7197928823157d,&quot;1108.72 zł&quot;)" />
    </UnitTest>
    <UnitTest name="FormatToStringTest1000(8908.080586221107d,&quot;8908.08 zł&quot;)" storage="c:\projekty\nunittestproject\bin\debug\netcoreapp3.1\nunittestproject.dll" id="a9bdfcdb-7bc0-3167-07a5-dafa13fc5389">
      <Execution id="1eeee530-c0db-475f-b042-afb4f15abdbb" />
      <TestMethod codeBase="C:\Projekty\NUnitTestProject\bin\Debug\netcoreapp3.1\NUnitTestProject.dll" adapterTypeName="executor://nunit3testexecutor/" className="NUnitTestProject.CurrencyHelperTests" name="FormatToStringTest1000(8908.080586221107d,&quot;8908.08 zł&quot;)" />
    </UnitTest>
    <UnitTest name="FormatToStringTest1000(37160.85331540269d,&quot;37160.85 zł&quot;)" storage="c:\projekty\nunittestproject\bin\debug\netcoreapp3.1\nunittestproject.dll" id="f3633ae5-6adc-21ee-2aa1-0609fba8547c">
      <Execution id="648d2279-78c9-4e51-afcc-c6105960c799" />
      <TestMethod codeBase="C:\Projekty\NUnitTestProject\bin\Debug\netcoreapp3.1\NUnitTestProject.dll" adapterTypeName="executor://nunit3testexecutor/" className="NUnitTestProject.CurrencyHelperTests" name="FormatToStringTest1000(37160.85331540269d,&quot;37160.85 zł&quot;)" />
    </UnitTest>
    <UnitTest name="FormatToStringTest1000(70149.17842025738d,&quot;70149.18 zł&quot;)" storage="c:\projekty\nunittestproject\bin\debug\netcoreapp3.1\nunittestproject.dll" id="f3af6a34-22dc-525a-ddbc-41c7a3c42ddc">
      <Execution id="efd32070-bdd4-4773-81f2-100593b748ae" />
      <TestMethod codeBase="C:\Projekty\NUnitTestProject\bin\Debug\netcoreapp3.1\NUnitTestProject.dll" adapterTypeName="executor://nunit3testexecutor/" className="NUnitTestProject.CurrencyHelperTests" name="FormatToStringTest1000(70149.17842025738d,&quot;70149.18 zł&quot;)" />
    </UnitTest>
    <UnitTest name="FormatToStringTest1000(75024.79122970243d,&quot;75024.79 zł&quot;)" storage="c:\projekty\nunittestproject\bin\debug\netcoreapp3.1\nunittestproject.dll" id="e704684d-9f7f-da08-58cf-d52651e9dd96">
      <Execution id="42d89082-e847-46de-96c2-9b955a2755fb" />
      <TestMethod codeBase="C:\Projekty\NUnitTestProject\bin\Debug\netcoreapp3.1\NUnitTestProject.dll" adapterTypeName="executor://nunit3testexecutor/" className="NUnitTestProject.CurrencyHelperTests" name="FormatToStringTest1000(75024.79122970243d,&quot;75024.79 zł&quot;)" />
    </UnitTest>
    <UnitTest name="FormatToStringTest1000(65809.35218338219d,&quot;65809.35 zł&quot;)" storage="c:\projekty\nunittestproject\bin\debug\netcoreapp3.1\nunittestproject.dll" id="5e8a64ef-fabe-5bbf-4739-e9cf8ccf2ee0">
      <Execution id="e29a8c2f-5fd5-44bb-b65d-31d94771b83b" />
      <TestMethod codeBase="C:\Projekty\NUnitTestProject\bin\Debug\netcoreapp3.1\NUnitTestProject.dll" adapterTypeName="executor://nunit3testexecutor/" className="NUnitTestProject.CurrencyHelperTests" name="FormatToStringTest1000(65809.35218338219d,&quot;65809.35 zł&quot;)" />
    </UnitTest>
    <UnitTest name="FormatToStringTest1000(12125.090155628086d,&quot;12125.09 zł&quot;)" storage="c:\projekty\nunittestproject\bin\debug\netcoreapp3.1\nunittestproject.dll" id="72c240ff-79c5-ef41-5967-e3c497b7b2c0">
      <Execution id="78e7359b-e6f6-46b5-b4a9-7bfae47486d0" />
      <TestMethod codeBase="C:\Projekty\NUnitTestProject\bin\Debug\netcoreapp3.1\NUnitTestProject.dll" adapterTypeName="executor://nunit3testexecutor/" className="NUnitTestProject.CurrencyHelperTests" name="FormatToStringTest1000(12125.090155628086d,&quot;12125.09 zł&quot;)" />
    </UnitTest>
    <UnitTest name="FormatToStringTest1000(7569.605888796322d,&quot;7569.61 zł&quot;)" storage="c:\projekty\nunittestproject\bin\debug\netcoreapp3.1\nunittestproject.dll" id="87ae11a5-ff33-3fef-0507-0ee3bd82054e">
      <Execution id="a525aa44-5bc1-46f7-bb36-0d5952fa2bb2" />
      <TestMethod codeBase="C:\Projekty\NUnitTestProject\bin\Debug\netcoreapp3.1\NUnitTestProject.dll" adapterTypeName="executor://nunit3testexecutor/" className="NUnitTestProject.CurrencyHelperTests" name="FormatToStringTest1000(7569.605888796322d,&quot;7569.61 zł&quot;)" />
    </UnitTest>
    <UnitTest name="FormatToStringTest1000(736.7398243680316d,&quot;736.74 zł&quot;)" storage="c:\projekty\nunittestproject\bin\debug\netcoreapp3.1\nunittestproject.dll" id="c7b07fde-ab61-697a-6040-f2f4c1529d34">
      <Execution id="8c2cdf90-2684-4863-9958-3cb1a691bb66" />
      <TestMethod codeBase="C:\Projekty\NUnitTestProject\bin\Debug\netcoreapp3.1\NUnitTestProject.dll" adapterTypeName="executor://nunit3testexecutor/" className="NUnitTestProject.CurrencyHelperTests" name="FormatToStringTest1000(736.7398243680316d,&quot;736.74 zł&quot;)" />
    </UnitTest>
    <UnitTest name="FormatToStringTest1000(41873.517751020154d,&quot;41873.52 zł&quot;)" storage="c:\projekty\nunittestproject\bin\debug\netcoreapp3.1\nunittestproject.dll" id="7d45d5f5-3a25-9a87-e687-4dc975c05da1">
      <Execution id="788fad13-bfdf-4e2f-82dd-e1121167c169" />
      <TestMethod codeBase="C:\Projekty\NUnitTestProject\bin\Debug\netcoreapp3.1\NUnitTestProject.dll" adapterTypeName="executor://nunit3testexecutor/" className="NUnitTestProject.CurrencyHelperTests" name="FormatToStringTest1000(41873.517751020154d,&quot;41873.52 zł&quot;)" />
    </UnitTest>
    <UnitTest name="FormatToStringTest1000(41876.979471482795d,&quot;41876.98 zł&quot;)" storage="c:\projekty\nunittestproject\bin\debug\netcoreapp3.1\nunittestproject.dll" id="42689aba-eefd-f694-336d-6d6d7296f289">
      <Execution id="dce8fc9e-ffa5-4b6e-a292-4da1123f8e85" />
      <TestMethod codeBase="C:\Projekty\NUnitTestProject\bin\Debug\netcoreapp3.1\NUnitTestProject.dll" adapterTypeName="executor://nunit3testexecutor/" className="NUnitTestProject.CurrencyHelperTests" name="FormatToStringTest1000(41876.979471482795d,&quot;41876.98 zł&quot;)" />
    </UnitTest>
    <UnitTest name="FormatToStringTest1000(9517.514896326473d,&quot;9517.51 zł&quot;)" storage="c:\projekty\nunittestproject\bin\debug\netcoreapp3.1\nunittestproject.dll" id="6c111a58-0dcb-5d69-cab0-6f7362899525">
      <Execution id="aa3e563d-3e28-4a34-a250-7e09035d659c" />
      <TestMethod codeBase="C:\Projekty\NUnitTestProject\bin\Debug\netcoreapp3.1\NUnitTestProject.dll" adapterTypeName="executor://nunit3testexecutor/" className="NUnitTestProject.CurrencyHelperTests" name="FormatToStringTest1000(9517.514896326473d,&quot;9517.51 zł&quot;)" />
    </UnitTest>
    <UnitTest name="FormatToStringTest1000(740.3213011405064d,&quot;740.32 zł&quot;)" storage="c:\projekty\nunittestproject\bin\debug\netcoreapp3.1\nunittestproject.dll" id="6d2fa905-65f5-7d76-6130-8eb8fe67de75">
      <Execution id="72440349-dbfb-4060-a766-d442c012c48d" />
      <TestMethod codeBase="C:\Projekty\NUnitTestProject\bin\Debug\netcoreapp3.1\NUnitTestProject.dll" adapterTypeName="executor://nunit3testexecutor/" className="NUnitTestProject.CurrencyHelperTests" name="FormatToStringTest1000(740.3213011405064d,&quot;740.32 zł&quot;)" />
    </UnitTest>
    <UnitTest name="FormatToStringTest1000(46803.36433423374d,&quot;46803.36 zł&quot;)" storage="c:\projekty\nunittestproject\bin\debug\netcoreapp3.1\nunittestproject.dll" id="f3dbad6e-a998-4f0d-7c83-23b7bc70f023">
      <Execution id="7d64e8f9-9348-4197-bff0-0716ff2c69ab" />
      <TestMethod codeBase="C:\Projekty\NUnitTestProject\bin\Debug\netcoreapp3.1\NUnitTestProject.dll" adapterTypeName="executor://nunit3testexecutor/" className="NUnitTestProject.CurrencyHelperTests" name="FormatToStringTest1000(46803.36433423374d,&quot;46803.36 zł&quot;)" />
    </UnitTest>
    <UnitTest name="FormatToStringTest1000(10397.404523554447d,&quot;10397.40 zł&quot;)" storage="c:\projekty\nunittestproject\bin\debug\netcoreapp3.1\nunittestproject.dll" id="74db41bd-054e-abff-59c5-f7d3ecdafbd4">
      <Execution id="2a64b6c8-d3a1-44dc-9369-48c1034da3c6" />
      <TestMethod codeBase="C:\Projekty\NUnitTestProject\bin\Debug\netcoreapp3.1\NUnitTestProject.dll" adapterTypeName="executor://nunit3testexecutor/" className="NUnitTestProject.CurrencyHelperTests" name="FormatToStringTest1000(10397.404523554447d,&quot;10397.40 zł&quot;)" />
    </UnitTest>
    <UnitTest name="FormatToStringTest1000(6890.028458985514d,&quot;6890.03 zł&quot;)" storage="c:\projekty\nunittestproject\bin\debug\netcoreapp3.1\nunittestproject.dll" id="1476985a-ce79-252c-fc82-6cfb05e64152">
      <Execution id="7a574949-ce70-40aa-acc6-8febca94596f" />
      <TestMethod codeBase="C:\Projekty\NUnitTestProject\bin\Debug\netcoreapp3.1\NUnitTestProject.dll" adapterTypeName="executor://nunit3testexecutor/" className="NUnitTestProject.CurrencyHelperTests" name="FormatToStringTest1000(6890.028458985514d,&quot;6890.03 zł&quot;)" />
    </UnitTest>
    <UnitTest name="FormatToStringTest1000(65204.90483536055d,&quot;65204.90 zł&quot;)" storage="c:\projekty\nunittestproject\bin\debug\netcoreapp3.1\nunittestproject.dll" id="04eed3c3-572e-20dc-ebe7-5f007fb379ab">
      <Execution id="9c029942-5265-4bbd-8c56-5378a2ca2843" />
      <TestMethod codeBase="C:\Projekty\NUnitTestProject\bin\Debug\netcoreapp3.1\NUnitTestProject.dll" adapterTypeName="executor://nunit3testexecutor/" className="NUnitTestProject.CurrencyHelperTests" name="FormatToStringTest1000(65204.90483536055d,&quot;65204.90 zł&quot;)" />
    </UnitTest>
    <UnitTest name="FormatToStringTest1000(14910.573044539697d,&quot;14910.57 zł&quot;)" storage="c:\projekty\nunittestproject\bin\debug\netcoreapp3.1\nunittestproject.dll" id="cb302138-e270-3017-57fb-1fe538b37f25">
      <Execution id="ed917d00-2330-4eac-a50d-66bc594877aa" />
      <TestMethod codeBase="C:\Projekty\NUnitTestProject\bin\Debug\netcoreapp3.1\NUnitTestProject.dll" adapterTypeName="executor://nunit3testexecutor/" className="NUnitTestProject.CurrencyHelperTests" name="FormatToStringTest1000(14910.573044539697d,&quot;14910.57 zł&quot;)" />
    </UnitTest>
    <UnitTest name="FormatToStringTest1000(17953.338243749615d,&quot;17953.34 zł&quot;)" storage="c:\projekty\nunittestproject\bin\debug\netcoreapp3.1\nunittestproject.dll" id="6700c77f-a72c-833c-b2d9-a0d02a9534be">
      <Execution id="c44561cd-0c3a-40f6-96f5-a7433ba0f61f" />
      <TestMethod codeBase="C:\Projekty\NUnitTestProject\bin\Debug\netcoreapp3.1\NUnitTestProject.dll" adapterTypeName="executor://nunit3testexecutor/" className="NUnitTestProject.CurrencyHelperTests" name="FormatToStringTest1000(17953.338243749615d,&quot;17953.34 zł&quot;)" />
    </UnitTest>
    <UnitTest name="FormatToStringTest1000(35714.78133482243d,&quot;35714.78 zł&quot;)" storage="c:\projekty\nunittestproject\bin\debug\netcoreapp3.1\nunittestproject.dll" id="e3333616-70b0-385e-063b-ec83b99dd0ba">
      <Execution id="bc6f5f9e-7dec-4377-8fb5-b58b044ad09d" />
      <TestMethod codeBase="C:\Projekty\NUnitTestProject\bin\Debug\netcoreapp3.1\NUnitTestProject.dll" adapterTypeName="executor://nunit3testexecutor/" className="NUnitTestProject.CurrencyHelperTests" name="FormatToStringTest1000(35714.78133482243d,&quot;35714.78 zł&quot;)" />
    </UnitTest>
    <UnitTest name="FormatToStringTest1000(38845.74924104323d,&quot;38845.75 zł&quot;)" storage="c:\projekty\nunittestproject\bin\debug\netcoreapp3.1\nunittestproject.dll" id="5fa0a4c4-15f2-a193-6e7e-18d36636da1f">
      <Execution id="611c23fc-11f6-4117-b236-0d203b99e5f3" />
      <TestMethod codeBase="C:\Projekty\NUnitTestProject\bin\Debug\netcoreapp3.1\NUnitTestProject.dll" adapterTypeName="executor://nunit3testexecutor/" className="NUnitTestProject.CurrencyHelperTests" name="FormatToStringTest1000(38845.74924104323d,&quot;38845.75 zł&quot;)" />
    </UnitTest>
    <UnitTest name="FormatToStringTest1000(10775.728533390784d,&quot;10775.73 zł&quot;)" storage="c:\projekty\nunittestproject\bin\debug\netcoreapp3.1\nunittestproject.dll" id="0229b587-f980-d1c2-d94e-8ed98bc221a6">
      <Execution id="10e9b4ae-131e-4a65-ad88-331fef4d9af0" />
      <TestMethod codeBase="C:\Projekty\NUnitTestProject\bin\Debug\netcoreapp3.1\NUnitTestProject.dll" adapterTypeName="executor://nunit3testexecutor/" className="NUnitTestProject.CurrencyHelperTests" name="FormatToStringTest1000(10775.728533390784d,&quot;10775.73 zł&quot;)" />
    </UnitTest>
    <UnitTest name="FormatToStringTest1000(18023.78504577455d,&quot;18023.79 zł&quot;)" storage="c:\projekty\nunittestproject\bin\debug\netcoreapp3.1\nunittestproject.dll" id="e2ca2857-33e4-4daa-d2e9-09d09dfdba1f">
      <Execution id="9910c081-49df-479f-9bcf-60a0e8a117b6" />
      <TestMethod codeBase="C:\Projekty\NUnitTestProject\bin\Debug\netcoreapp3.1\NUnitTestProject.dll" adapterTypeName="executor://nunit3testexecutor/" className="NUnitTestProject.CurrencyHelperTests" name="FormatToStringTest1000(18023.78504577455d,&quot;18023.79 zł&quot;)" />
    </UnitTest>
    <UnitTest name="FormatToStringTest1000(35967.54466809684d,&quot;35967.54 zł&quot;)" storage="c:\projekty\nunittestproject\bin\debug\netcoreapp3.1\nunittestproject.dll" id="a4d82a7a-0101-77be-aadf-7ad891442135">
      <Execution id="9d16a810-0522-4fe1-8baf-63c97ce09169" />
      <TestMethod codeBase="C:\Projekty\NUnitTestProject\bin\Debug\netcoreapp3.1\NUnitTestProject.dll" adapterTypeName="executor://nunit3testexecutor/" className="NUnitTestProject.CurrencyHelperTests" name="FormatToStringTest1000(35967.54466809684d,&quot;35967.54 zł&quot;)" />
    </UnitTest>
    <UnitTest name="FormatToStringTest1000(35784.54232617307d,&quot;35784.54 zł&quot;)" storage="c:\projekty\nunittestproject\bin\debug\netcoreapp3.1\nunittestproject.dll" id="e0c95d42-cf00-fbc7-42ac-a320fc125b1e">
      <Execution id="c9928fa4-f9ed-4bdc-95fc-7e8b4f1c7b64" />
      <TestMethod codeBase="C:\Projekty\NUnitTestProject\bin\Debug\netcoreapp3.1\NUnitTestProject.dll" adapterTypeName="executor://nunit3testexecutor/" className="NUnitTestProject.CurrencyHelperTests" name="FormatToStringTest1000(35784.54232617307d,&quot;35784.54 zł&quot;)" />
    </UnitTest>
    <UnitTest name="FormatToStringTest1000(14198.39903067723d,&quot;14198.40 zł&quot;)" storage="c:\projekty\nunittestproject\bin\debug\netcoreapp3.1\nunittestproject.dll" id="32b6919d-1fc0-c669-26d4-2a969f5a55fe">
      <Execution id="bb9665d7-ef35-493f-b3fc-9eb88f89f12f" />
      <TestMethod codeBase="C:\Projekty\NUnitTestProject\bin\Debug\netcoreapp3.1\NUnitTestProject.dll" adapterTypeName="executor://nunit3testexecutor/" className="NUnitTestProject.CurrencyHelperTests" name="FormatToStringTest1000(14198.39903067723d,&quot;14198.40 zł&quot;)" />
    </UnitTest>
    <UnitTest name="FormatToStringTest1000(64568.131500027666d,&quot;64568.13 zł&quot;)" storage="c:\projekty\nunittestproject\bin\debug\netcoreapp3.1\nunittestproject.dll" id="29ce62dc-57a0-98b0-2349-436efa39dc09">
      <Execution id="711a8164-03f1-46c3-8c56-d89a1eec10ca" />
      <TestMethod codeBase="C:\Projekty\NUnitTestProject\bin\Debug\netcoreapp3.1\NUnitTestProject.dll" adapterTypeName="executor://nunit3testexecutor/" className="NUnitTestProject.CurrencyHelperTests" name="FormatToStringTest1000(64568.131500027666d,&quot;64568.13 zł&quot;)" />
    </UnitTest>
    <UnitTest name="FormatToStringTest1000(37387.37521261972d,&quot;37387.38 zł&quot;)" storage="c:\projekty\nunittestproject\bin\debug\netcoreapp3.1\nunittestproject.dll" id="0f34bf53-f1cd-8615-6e75-51f26224ccf1">
      <Execution id="dac3106d-f217-4683-abda-add9a981a58d" />
      <TestMethod codeBase="C:\Projekty\NUnitTestProject\bin\Debug\netcoreapp3.1\NUnitTestProject.dll" adapterTypeName="executor://nunit3testexecutor/" className="NUnitTestProject.CurrencyHelperTests" name="FormatToStringTest1000(37387.37521261972d,&quot;37387.38 zł&quot;)" />
    </UnitTest>
    <UnitTest name="FormatToStringTest1000(72905.64834432845d,&quot;72905.65 zł&quot;)" storage="c:\projekty\nunittestproject\bin\debug\netcoreapp3.1\nunittestproject.dll" id="546fc2ea-9df5-50bd-d263-31b0a2faf8aa">
      <Execution id="b47bd972-d248-4dc0-911a-9d3e145116d0" />
      <TestMethod codeBase="C:\Projekty\NUnitTestProject\bin\Debug\netcoreapp3.1\NUnitTestProject.dll" adapterTypeName="executor://nunit3testexecutor/" className="NUnitTestProject.CurrencyHelperTests" name="FormatToStringTest1000(72905.64834432845d,&quot;72905.65 zł&quot;)" />
    </UnitTest>
    <UnitTest name="FormatToStringTest1000(7191.024921368353d,&quot;7191.02 zł&quot;)" storage="c:\projekty\nunittestproject\bin\debug\netcoreapp3.1\nunittestproject.dll" id="57f59a31-3f22-a5b8-69d7-45e7719f3ea1">
      <Execution id="2f67806f-1e0f-4aba-bb11-8f1280bd3ae5" />
      <TestMethod codeBase="C:\Projekty\NUnitTestProject\bin\Debug\netcoreapp3.1\NUnitTestProject.dll" adapterTypeName="executor://nunit3testexecutor/" className="NUnitTestProject.CurrencyHelperTests" name="FormatToStringTest1000(7191.024921368353d,&quot;7191.02 zł&quot;)" />
    </UnitTest>
    <UnitTest name="FormatToStringTest1000(6262.373413993219d,&quot;6262.37 zł&quot;)" storage="c:\projekty\nunittestproject\bin\debug\netcoreapp3.1\nunittestproject.dll" id="2287085c-f0e1-b4ec-fa14-c4512658a9fe">
      <Execution id="732e8b01-6f39-4592-8c71-50a3391b986e" />
      <TestMethod codeBase="C:\Projekty\NUnitTestProject\bin\Debug\netcoreapp3.1\NUnitTestProject.dll" adapterTypeName="executor://nunit3testexecutor/" className="NUnitTestProject.CurrencyHelperTests" name="FormatToStringTest1000(6262.373413993219d,&quot;6262.37 zł&quot;)" />
    </UnitTest>
    <UnitTest name="FormatToStringTest1000(5591.2222540617095d,&quot;5591.22 zł&quot;)" storage="c:\projekty\nunittestproject\bin\debug\netcoreapp3.1\nunittestproject.dll" id="4dcd9f65-678f-d51c-9e07-bf80dcaf54a4">
      <Execution id="2afa5946-fdc4-40ea-b2cd-bf3fd0dbcf96" />
      <TestMethod codeBase="C:\Projekty\NUnitTestProject\bin\Debug\netcoreapp3.1\NUnitTestProject.dll" adapterTypeName="executor://nunit3testexecutor/" className="NUnitTestProject.CurrencyHelperTests" name="FormatToStringTest1000(5591.2222540617095d,&quot;5591.22 zł&quot;)" />
    </UnitTest>
    <UnitTest name="FormatToStringTest1000(31290.71396233687d,&quot;31290.71 zł&quot;)" storage="c:\projekty\nunittestproject\bin\debug\netcoreapp3.1\nunittestproject.dll" id="80343684-0ab4-f75e-30e6-62b08568fe03">
      <Execution id="054dd602-aaea-4112-98ad-f136aee24f52" />
      <TestMethod codeBase="C:\Projekty\NUnitTestProject\bin\Debug\netcoreapp3.1\NUnitTestProject.dll" adapterTypeName="executor://nunit3testexecutor/" className="NUnitTestProject.CurrencyHelperTests" name="FormatToStringTest1000(31290.71396233687d,&quot;31290.71 zł&quot;)" />
    </UnitTest>
    <UnitTest name="FormatToStringTest1000(76536.95853396178d,&quot;76536.96 zł&quot;)" storage="c:\projekty\nunittestproject\bin\debug\netcoreapp3.1\nunittestproject.dll" id="94072497-fa43-aca0-8f05-792ac28d0627">
      <Execution id="09249028-2403-494e-87f2-0c408597c2ab" />
      <TestMethod codeBase="C:\Projekty\NUnitTestProject\bin\Debug\netcoreapp3.1\NUnitTestProject.dll" adapterTypeName="executor://nunit3testexecutor/" className="NUnitTestProject.CurrencyHelperTests" name="FormatToStringTest1000(76536.95853396178d,&quot;76536.96 zł&quot;)" />
    </UnitTest>
    <UnitTest name="FormatToStringTest1000(801.5720517614726d,&quot;801.57 zł&quot;)" storage="c:\projekty\nunittestproject\bin\debug\netcoreapp3.1\nunittestproject.dll" id="6a5dc4fe-eaa1-ef57-2e33-6170c4a0ea22">
      <Execution id="f6e5fed4-b6d4-478b-859a-a350dd185495" />
      <TestMethod codeBase="C:\Projekty\NUnitTestProject\bin\Debug\netcoreapp3.1\NUnitTestProject.dll" adapterTypeName="executor://nunit3testexecutor/" className="NUnitTestProject.CurrencyHelperTests" name="FormatToStringTest1000(801.5720517614726d,&quot;801.57 zł&quot;)" />
    </UnitTest>
    <UnitTest name="FormatToStringTest1000(53192.79032742269d,&quot;53192.79 zł&quot;)" storage="c:\projekty\nunittestproject\bin\debug\netcoreapp3.1\nunittestproject.dll" id="860765f6-59d4-c798-166f-19857f828734">
      <Execution id="3f3de8c8-c7e3-4e6e-9c5d-f3eeafcad3b4" />
      <TestMethod codeBase="C:\Projekty\NUnitTestProject\bin\Debug\netcoreapp3.1\NUnitTestProject.dll" adapterTypeName="executor://nunit3testexecutor/" className="NUnitTestProject.CurrencyHelperTests" name="FormatToStringTest1000(53192.79032742269d,&quot;53192.79 zł&quot;)" />
    </UnitTest>
    <UnitTest name="FormatToStringTest1000(5759.256266560991d,&quot;5759.26 zł&quot;)" storage="c:\projekty\nunittestproject\bin\debug\netcoreapp3.1\nunittestproject.dll" id="6b24d61a-9019-1031-1c97-d03508d4eb29">
      <Execution id="7da735e1-3bea-46c5-85ac-6ae9a4a32f30" />
      <TestMethod codeBase="C:\Projekty\NUnitTestProject\bin\Debug\netcoreapp3.1\NUnitTestProject.dll" adapterTypeName="executor://nunit3testexecutor/" className="NUnitTestProject.CurrencyHelperTests" name="FormatToStringTest1000(5759.256266560991d,&quot;5759.26 zł&quot;)" />
    </UnitTest>
    <UnitTest name="FormatToStringTest1000(8644.187977380207d,&quot;8644.19 zł&quot;)" storage="c:\projekty\nunittestproject\bin\debug\netcoreapp3.1\nunittestproject.dll" id="bbb038e9-9a9b-9724-0ae6-d339784c9041">
      <Execution id="264432af-3f9d-4bd6-98ba-8ba0b3c04050" />
      <TestMethod codeBase="C:\Projekty\NUnitTestProject\bin\Debug\netcoreapp3.1\NUnitTestProject.dll" adapterTypeName="executor://nunit3testexecutor/" className="NUnitTestProject.CurrencyHelperTests" name="FormatToStringTest1000(8644.187977380207d,&quot;8644.19 zł&quot;)" />
    </UnitTest>
    <UnitTest name="FormatToStringTest1000(4592.278577496428d,&quot;4592.28 zł&quot;)" storage="c:\projekty\nunittestproject\bin\debug\netcoreapp3.1\nunittestproject.dll" id="910d4b99-463d-e8f2-2603-a8f7093fc7cf">
      <Execution id="54b3fe53-5e2d-47d1-8eaf-1dd3e7aa81a2" />
      <TestMethod codeBase="C:\Projekty\NUnitTestProject\bin\Debug\netcoreapp3.1\NUnitTestProject.dll" adapterTypeName="executor://nunit3testexecutor/" className="NUnitTestProject.CurrencyHelperTests" name="FormatToStringTest1000(4592.278577496428d,&quot;4592.28 zł&quot;)" />
    </UnitTest>
    <UnitTest name="FormatToStringTest1000(39146.635743126564d,&quot;39146.64 zł&quot;)" storage="c:\projekty\nunittestproject\bin\debug\netcoreapp3.1\nunittestproject.dll" id="d9e9b57c-4387-840e-e497-cce329a0c03e">
      <Execution id="6a2e850d-4861-4105-a19b-a0f4648c72d2" />
      <TestMethod codeBase="C:\Projekty\NUnitTestProject\bin\Debug\netcoreapp3.1\NUnitTestProject.dll" adapterTypeName="executor://nunit3testexecutor/" className="NUnitTestProject.CurrencyHelperTests" name="FormatToStringTest1000(39146.635743126564d,&quot;39146.64 zł&quot;)" />
    </UnitTest>
    <UnitTest name="FormatToStringTest1000(45955.903045959254d,&quot;45955.90 zł&quot;)" storage="c:\projekty\nunittestproject\bin\debug\netcoreapp3.1\nunittestproject.dll" id="451fafcd-e358-2a2a-0150-6d7bc1153f41">
      <Execution id="a9d8f640-214c-46ac-810c-bd38cf20e43c" />
      <TestMethod codeBase="C:\Projekty\NUnitTestProject\bin\Debug\netcoreapp3.1\NUnitTestProject.dll" adapterTypeName="executor://nunit3testexecutor/" className="NUnitTestProject.CurrencyHelperTests" name="FormatToStringTest1000(45955.903045959254d,&quot;45955.90 zł&quot;)" />
    </UnitTest>
    <UnitTest name="FormatToStringTest1000(22678.643495744862d,&quot;22678.64 zł&quot;)" storage="c:\projekty\nunittestproject\bin\debug\netcoreapp3.1\nunittestproject.dll" id="f06d92cb-e236-f7f9-e645-0971359a129a">
      <Execution id="ea67f774-0ee1-4a74-9e94-62ccad8a0737" />
      <TestMethod codeBase="C:\Projekty\NUnitTestProject\bin\Debug\netcoreapp3.1\NUnitTestProject.dll" adapterTypeName="executor://nunit3testexecutor/" className="NUnitTestProject.CurrencyHelperTests" name="FormatToStringTest1000(22678.643495744862d,&quot;22678.64 zł&quot;)" />
    </UnitTest>
    <UnitTest name="FormatToStringTest1000(37954.34384365396d,&quot;37954.34 zł&quot;)" storage="c:\projekty\nunittestproject\bin\debug\netcoreapp3.1\nunittestproject.dll" id="c02eb5c0-31bb-eec0-3d85-1a1ef8849db8">
      <Execution id="441f0569-3b55-41d9-8626-fc914b6fe9cc" />
      <TestMethod codeBase="C:\Projekty\NUnitTestProject\bin\Debug\netcoreapp3.1\NUnitTestProject.dll" adapterTypeName="executor://nunit3testexecutor/" className="NUnitTestProject.CurrencyHelperTests" name="FormatToStringTest1000(37954.34384365396d,&quot;37954.34 zł&quot;)" />
    </UnitTest>
    <UnitTest name="FormatToStringTest1000(44677.61946778074d,&quot;44677.62 zł&quot;)" storage="c:\projekty\nunittestproject\bin\debug\netcoreapp3.1\nunittestproject.dll" id="be4aa60a-fec3-fdce-8c70-46ec82a2fec7">
      <Execution id="611de138-38dc-4b2a-a46c-406fb14f5425" />
      <TestMethod codeBase="C:\Projekty\NUnitTestProject\bin\Debug\netcoreapp3.1\NUnitTestProject.dll" adapterTypeName="executor://nunit3testexecutor/" className="NUnitTestProject.CurrencyHelperTests" name="FormatToStringTest1000(44677.61946778074d,&quot;44677.62 zł&quot;)" />
    </UnitTest>
    <UnitTest name="FormatToStringTest1000(18340.8953197882d,&quot;18340.90 zł&quot;)" storage="c:\projekty\nunittestproject\bin\debug\netcoreapp3.1\nunittestproject.dll" id="60069e17-108f-01fb-2153-e152b9205025">
      <Execution id="ea9dc370-c053-4528-9495-af01838795a5" />
      <TestMethod codeBase="C:\Projekty\NUnitTestProject\bin\Debug\netcoreapp3.1\NUnitTestProject.dll" adapterTypeName="executor://nunit3testexecutor/" className="NUnitTestProject.CurrencyHelperTests" name="FormatToStringTest1000(18340.8953197882d,&quot;18340.90 zł&quot;)" />
    </UnitTest>
    <UnitTest name="FormatToStringTest1000(62975.496334776515d,&quot;62975.50 zł&quot;)" storage="c:\projekty\nunittestproject\bin\debug\netcoreapp3.1\nunittestproject.dll" id="af9ae316-c7c6-6ac6-11c1-298dd9b256df">
      <Execution id="6fd5e87c-833a-473d-bfb9-d8278e9e01a0" />
      <TestMethod codeBase="C:\Projekty\NUnitTestProject\bin\Debug\netcoreapp3.1\NUnitTestProject.dll" adapterTypeName="executor://nunit3testexecutor/" className="NUnitTestProject.CurrencyHelperTests" name="FormatToStringTest1000(62975.496334776515d,&quot;62975.50 zł&quot;)" />
    </UnitTest>
    <UnitTest name="FormatToStringTest1000(16688.70569393677d,&quot;16688.71 zł&quot;)" storage="c:\projekty\nunittestproject\bin\debug\netcoreapp3.1\nunittestproject.dll" id="cb85c450-02e3-5db9-b93c-f905351c1d09">
      <Execution id="ccde5dbb-79b2-449a-87ab-8a35cb425695" />
      <TestMethod codeBase="C:\Projekty\NUnitTestProject\bin\Debug\netcoreapp3.1\NUnitTestProject.dll" adapterTypeName="executor://nunit3testexecutor/" className="NUnitTestProject.CurrencyHelperTests" name="FormatToStringTest1000(16688.70569393677d,&quot;16688.71 zł&quot;)" />
    </UnitTest>
    <UnitTest name="FormatToStringTest1000(75987.03378503352d,&quot;75987.03 zł&quot;)" storage="c:\projekty\nunittestproject\bin\debug\netcoreapp3.1\nunittestproject.dll" id="85025e54-3d28-2e1a-ba9d-a38988743c83">
      <Execution id="d7057178-7faf-4df6-98c9-9b362dd03ef4" />
      <TestMethod codeBase="C:\Projekty\NUnitTestProject\bin\Debug\netcoreapp3.1\NUnitTestProject.dll" adapterTypeName="executor://nunit3testexecutor/" className="NUnitTestProject.CurrencyHelperTests" name="FormatToStringTest1000(75987.03378503352d,&quot;75987.03 zł&quot;)" />
    </UnitTest>
    <UnitTest name="FormatToStringTest1000(7182.939759099362d,&quot;7182.94 zł&quot;)" storage="c:\projekty\nunittestproject\bin\debug\netcoreapp3.1\nunittestproject.dll" id="092c2603-fe15-2655-d7c6-015786763712">
      <Execution id="be302923-8264-4c0c-9e24-dacc2a415abc" />
      <TestMethod codeBase="C:\Projekty\NUnitTestProject\bin\Debug\netcoreapp3.1\NUnitTestProject.dll" adapterTypeName="executor://nunit3testexecutor/" className="NUnitTestProject.CurrencyHelperTests" name="FormatToStringTest1000(7182.939759099362d,&quot;7182.94 zł&quot;)" />
    </UnitTest>
    <UnitTest name="FormatToStringTest1000(12283.48626129026d,&quot;12283.49 zł&quot;)" storage="c:\projekty\nunittestproject\bin\debug\netcoreapp3.1\nunittestproject.dll" id="47ec5c64-268b-824f-d637-17f43470b17c">
      <Execution id="4f35c458-8e19-4697-bcae-4578c47ed79e" />
      <TestMethod codeBase="C:\Projekty\NUnitTestProject\bin\Debug\netcoreapp3.1\NUnitTestProject.dll" adapterTypeName="executor://nunit3testexecutor/" className="NUnitTestProject.CurrencyHelperTests" name="FormatToStringTest1000(12283.48626129026d,&quot;12283.49 zł&quot;)" />
    </UnitTest>
    <UnitTest name="FormatToStringTest1000(58902.704109088845d,&quot;58902.70 zł&quot;)" storage="c:\projekty\nunittestproject\bin\debug\netcoreapp3.1\nunittestproject.dll" id="d6353a5c-aebf-48c3-7e68-77f3a0ea8301">
      <Execution id="ce2db7e0-be8d-48e8-aec3-d5bdd21a49fc" />
      <TestMethod codeBase="C:\Projekty\NUnitTestProject\bin\Debug\netcoreapp3.1\NUnitTestProject.dll" adapterTypeName="executor://nunit3testexecutor/" className="NUnitTestProject.CurrencyHelperTests" name="FormatToStringTest1000(58902.704109088845d,&quot;58902.70 zł&quot;)" />
    </UnitTest>
    <UnitTest name="FormatToStringTest1000(13197.65136269417d,&quot;13197.65 zł&quot;)" storage="c:\projekty\nunittestproject\bin\debug\netcoreapp3.1\nunittestproject.dll" id="fbe41254-a5bc-bdde-4d71-8c5eb07a0fb3">
      <Execution id="3fb4aafc-ba4d-424f-9d5c-ff0ddfd07c4f" />
      <TestMethod codeBase="C:\Projekty\NUnitTestProject\bin\Debug\netcoreapp3.1\NUnitTestProject.dll" adapterTypeName="executor://nunit3testexecutor/" className="NUnitTestProject.CurrencyHelperTests" name="FormatToStringTest1000(13197.65136269417d,&quot;13197.65 zł&quot;)" />
    </UnitTest>
    <UnitTest name="FormatToStringTest1000(26220.382477706476d,&quot;26220.38 zł&quot;)" storage="c:\projekty\nunittestproject\bin\debug\netcoreapp3.1\nunittestproject.dll" id="b54d2807-218d-96e0-fe0e-06e67796eaa7">
      <Execution id="90c42fe5-99cb-4a97-96de-077fb441a4fb" />
      <TestMethod codeBase="C:\Projekty\NUnitTestProject\bin\Debug\netcoreapp3.1\NUnitTestProject.dll" adapterTypeName="executor://nunit3testexecutor/" className="NUnitTestProject.CurrencyHelperTests" name="FormatToStringTest1000(26220.382477706476d,&quot;26220.38 zł&quot;)" />
    </UnitTest>
    <UnitTest name="FormatToStringTest1000(7592.950837113406d,&quot;7592.95 zł&quot;)" storage="c:\projekty\nunittestproject\bin\debug\netcoreapp3.1\nunittestproject.dll" id="21f5ba92-f354-bb76-94e2-2214000ea5b9">
      <Execution id="65e84129-d596-4fa4-bfac-44fca27e65c5" />
      <TestMethod codeBase="C:\Projekty\NUnitTestProject\bin\Debug\netcoreapp3.1\NUnitTestProject.dll" adapterTypeName="executor://nunit3testexecutor/" className="NUnitTestProject.CurrencyHelperTests" name="FormatToStringTest1000(7592.950837113406d,&quot;7592.95 zł&quot;)" />
    </UnitTest>
    <UnitTest name="FormatToStringTest1000(46391.661094229516d,&quot;46391.66 zł&quot;)" storage="c:\projekty\nunittestproject\bin\debug\netcoreapp3.1\nunittestproject.dll" id="752f584a-0205-5811-1575-29e94681480b">
      <Execution id="d30699b1-efc8-454c-9129-eacda43e9baa" />
      <TestMethod codeBase="C:\Projekty\NUnitTestProject\bin\Debug\netcoreapp3.1\NUnitTestProject.dll" adapterTypeName="executor://nunit3testexecutor/" className="NUnitTestProject.CurrencyHelperTests" name="FormatToStringTest1000(46391.661094229516d,&quot;46391.66 zł&quot;)" />
    </UnitTest>
    <UnitTest name="FormatToStringTest1000(38961.459057294516d,&quot;38961.46 zł&quot;)" storage="c:\projekty\nunittestproject\bin\debug\netcoreapp3.1\nunittestproject.dll" id="e4a60893-7e5b-dc4d-fd91-d28f1c9b83a3">
      <Execution id="ae0417a4-f9ed-4029-b6fc-93170b546c21" />
      <TestMethod codeBase="C:\Projekty\NUnitTestProject\bin\Debug\netcoreapp3.1\NUnitTestProject.dll" adapterTypeName="executor://nunit3testexecutor/" className="NUnitTestProject.CurrencyHelperTests" name="FormatToStringTest1000(38961.459057294516d,&quot;38961.46 zł&quot;)" />
    </UnitTest>
    <UnitTest name="FormatToStringTest1000(56373.35086238494d,&quot;56373.35 zł&quot;)" storage="c:\projekty\nunittestproject\bin\debug\netcoreapp3.1\nunittestproject.dll" id="9c484d5b-265a-2c6e-537b-f37cd91a7473">
      <Execution id="4784d3eb-f026-4f93-9eef-c6634e39dbf4" />
      <TestMethod codeBase="C:\Projekty\NUnitTestProject\bin\Debug\netcoreapp3.1\NUnitTestProject.dll" adapterTypeName="executor://nunit3testexecutor/" className="NUnitTestProject.CurrencyHelperTests" name="FormatToStringTest1000(56373.35086238494d,&quot;56373.35 zł&quot;)" />
    </UnitTest>
    <UnitTest name="FormatToStringTest1000(70581.91150977784d,&quot;70581.91 zł&quot;)" storage="c:\projekty\nunittestproject\bin\debug\netcoreapp3.1\nunittestproject.dll" id="8d4b1df1-395e-a801-f732-9563464d225f">
      <Execution id="8361c66e-dd2a-4a7e-8f6e-7edbf06b9e7c" />
      <TestMethod codeBase="C:\Projekty\NUnitTestProject\bin\Debug\netcoreapp3.1\NUnitTestProject.dll" adapterTypeName="executor://nunit3testexecutor/" className="NUnitTestProject.CurrencyHelperTests" name="FormatToStringTest1000(70581.91150977784d,&quot;70581.91 zł&quot;)" />
    </UnitTest>
    <UnitTest name="FormatToStringTest1000(13027.93935961739d,&quot;13027.94 zł&quot;)" storage="c:\projekty\nunittestproject\bin\debug\netcoreapp3.1\nunittestproject.dll" id="0e73995d-338f-84a3-7662-4ba2ece68a21">
      <Execution id="7faf409a-a441-44d2-9a07-794c00a51ad1" />
      <TestMethod codeBase="C:\Projekty\NUnitTestProject\bin\Debug\netcoreapp3.1\NUnitTestProject.dll" adapterTypeName="executor://nunit3testexecutor/" className="NUnitTestProject.CurrencyHelperTests" name="FormatToStringTest1000(13027.93935961739d,&quot;13027.94 zł&quot;)" />
    </UnitTest>
    <UnitTest name="FormatToStringTest1000(63427.55325689332d,&quot;63427.55 zł&quot;)" storage="c:\projekty\nunittestproject\bin\debug\netcoreapp3.1\nunittestproject.dll" id="29658493-3081-01dd-eb7c-6d0a97eef1f2">
      <Execution id="24411663-7136-4880-8215-903dea7c11c8" />
      <TestMethod codeBase="C:\Projekty\NUnitTestProject\bin\Debug\netcoreapp3.1\NUnitTestProject.dll" adapterTypeName="executor://nunit3testexecutor/" className="NUnitTestProject.CurrencyHelperTests" name="FormatToStringTest1000(63427.55325689332d,&quot;63427.55 zł&quot;)" />
    </UnitTest>
    <UnitTest name="FormatToStringTest1000(26015.8311952552d,&quot;26015.83 zł&quot;)" storage="c:\projekty\nunittestproject\bin\debug\netcoreapp3.1\nunittestproject.dll" id="8d9adc97-9f99-5fc5-0cdb-932a51aaf028">
      <Execution id="c80f606f-0cc1-4886-83b8-c68b0784f7ea" />
      <TestMethod codeBase="C:\Projekty\NUnitTestProject\bin\Debug\netcoreapp3.1\NUnitTestProject.dll" adapterTypeName="executor://nunit3testexecutor/" className="NUnitTestProject.CurrencyHelperTests" name="FormatToStringTest1000(26015.8311952552d,&quot;26015.83 zł&quot;)" />
    </UnitTest>
    <UnitTest name="FormatToStringTest1000(11904.111251175456d,&quot;11904.11 zł&quot;)" storage="c:\projekty\nunittestproject\bin\debug\netcoreapp3.1\nunittestproject.dll" id="8f06716c-c7ff-1247-d243-6eeb705848f7">
      <Execution id="2fbe69e3-ba15-4653-af85-1f8ba8effe20" />
      <TestMethod codeBase="C:\Projekty\NUnitTestProject\bin\Debug\netcoreapp3.1\NUnitTestProject.dll" adapterTypeName="executor://nunit3testexecutor/" className="NUnitTestProject.CurrencyHelperTests" name="FormatToStringTest1000(11904.111251175456d,&quot;11904.11 zł&quot;)" />
    </UnitTest>
    <UnitTest name="FormatToStringTest1000(8542.520616738833d,&quot;8542.52 zł&quot;)" storage="c:\projekty\nunittestproject\bin\debug\netcoreapp3.1\nunittestproject.dll" id="6b324d3b-5796-c056-8636-0eb49b18ead5">
      <Execution id="c0f37009-57d3-40d4-97e6-770deaa7cf9a" />
      <TestMethod codeBase="C:\Projekty\NUnitTestProject\bin\Debug\netcoreapp3.1\NUnitTestProject.dll" adapterTypeName="executor://nunit3testexecutor/" className="NUnitTestProject.CurrencyHelperTests" name="FormatToStringTest1000(8542.520616738833d,&quot;8542.52 zł&quot;)" />
    </UnitTest>
    <UnitTest name="FormatToStringTest1000(782.6578288817116d,&quot;782.66 zł&quot;)" storage="c:\projekty\nunittestproject\bin\debug\netcoreapp3.1\nunittestproject.dll" id="3c694193-6244-2822-1520-285efe4d3761">
      <Execution id="f8d799df-5bf4-422d-a79f-a26602f7eb92" />
      <TestMethod codeBase="C:\Projekty\NUnitTestProject\bin\Debug\netcoreapp3.1\NUnitTestProject.dll" adapterTypeName="executor://nunit3testexecutor/" className="NUnitTestProject.CurrencyHelperTests" name="FormatToStringTest1000(782.6578288817116d,&quot;782.66 zł&quot;)" />
    </UnitTest>
    <UnitTest name="FormatToStringTest1000(7124.979180760672d,&quot;7124.98 zł&quot;)" storage="c:\projekty\nunittestproject\bin\debug\netcoreapp3.1\nunittestproject.dll" id="0edcab43-1e4a-6ea7-7c7b-b02803f7c8b9">
      <Execution id="4c928956-a507-4186-a883-d2aebcedf952" />
      <TestMethod codeBase="C:\Projekty\NUnitTestProject\bin\Debug\netcoreapp3.1\NUnitTestProject.dll" adapterTypeName="executor://nunit3testexecutor/" className="NUnitTestProject.CurrencyHelperTests" name="FormatToStringTest1000(7124.979180760672d,&quot;7124.98 zł&quot;)" />
    </UnitTest>
    <UnitTest name="FormatToStringTest1000(13286.856387228174d,&quot;13286.86 zł&quot;)" storage="c:\projekty\nunittestproject\bin\debug\netcoreapp3.1\nunittestproject.dll" id="9a621664-b485-1b19-02d4-7ca92799a60b">
      <Execution id="403401c1-7847-425f-a745-91022ec39159" />
      <TestMethod codeBase="C:\Projekty\NUnitTestProject\bin\Debug\netcoreapp3.1\NUnitTestProject.dll" adapterTypeName="executor://nunit3testexecutor/" className="NUnitTestProject.CurrencyHelperTests" name="FormatToStringTest1000(13286.856387228174d,&quot;13286.86 zł&quot;)" />
    </UnitTest>
    <UnitTest name="FormatToStringTest1000(37614.50159416278d,&quot;37614.50 zł&quot;)" storage="c:\projekty\nunittestproject\bin\debug\netcoreapp3.1\nunittestproject.dll" id="d70b3095-42f0-132e-cf11-a2a412d875fc">
      <Execution id="09b47b36-7177-4e39-895f-0a07bf0c6e7e" />
      <TestMethod codeBase="C:\Projekty\NUnitTestProject\bin\Debug\netcoreapp3.1\NUnitTestProject.dll" adapterTypeName="executor://nunit3testexecutor/" className="NUnitTestProject.CurrencyHelperTests" name="FormatToStringTest1000(37614.50159416278d,&quot;37614.50 zł&quot;)" />
    </UnitTest>
    <UnitTest name="FormatToStringTest1000(9603.199987620208d,&quot;9603.20 zł&quot;)" storage="c:\projekty\nunittestproject\bin\debug\netcoreapp3.1\nunittestproject.dll" id="a6da1f0c-9d53-8f1b-60d6-c520ee89e7a7">
      <Execution id="6bff7f63-423c-431c-82b4-13ed0dd1f15d" />
      <TestMethod codeBase="C:\Projekty\NUnitTestProject\bin\Debug\netcoreapp3.1\NUnitTestProject.dll" adapterTypeName="executor://nunit3testexecutor/" className="NUnitTestProject.CurrencyHelperTests" name="FormatToStringTest1000(9603.199987620208d,&quot;9603.20 zł&quot;)" />
    </UnitTest>
    <UnitTest name="FormatToStringTest1000(1669.555150571072d,&quot;1669.56 zł&quot;)" storage="c:\projekty\nunittestproject\bin\debug\netcoreapp3.1\nunittestproject.dll" id="9f2dc98f-6aa2-694c-8819-9ccfd93e4fc8">
      <Execution id="a7c87934-b39b-4737-9e28-7906d253fdb5" />
      <TestMethod codeBase="C:\Projekty\NUnitTestProject\bin\Debug\netcoreapp3.1\NUnitTestProject.dll" adapterTypeName="executor://nunit3testexecutor/" className="NUnitTestProject.CurrencyHelperTests" name="FormatToStringTest1000(1669.555150571072d,&quot;1669.56 zł&quot;)" />
    </UnitTest>
    <UnitTest name="FormatToStringTest1000(78519.41691976106d,&quot;78519.42 zł&quot;)" storage="c:\projekty\nunittestproject\bin\debug\netcoreapp3.1\nunittestproject.dll" id="56b49f4b-49b4-988e-f563-d6c88928143d">
      <Execution id="ef365018-3a6c-424b-802d-8b890d22eb76" />
      <TestMethod codeBase="C:\Projekty\NUnitTestProject\bin\Debug\netcoreapp3.1\NUnitTestProject.dll" adapterTypeName="executor://nunit3testexecutor/" className="NUnitTestProject.CurrencyHelperTests" name="FormatToStringTest1000(78519.41691976106d,&quot;78519.42 zł&quot;)" />
    </UnitTest>
    <UnitTest name="FormatToStringTest1000(95353.10327693219d,&quot;95353.10 zł&quot;)" storage="c:\projekty\nunittestproject\bin\debug\netcoreapp3.1\nunittestproject.dll" id="6a41f5f3-49f1-a289-ed1a-edcf9c86dd3e">
      <Execution id="9fd135d6-a657-407c-8ee4-5c42feefe198" />
      <TestMethod codeBase="C:\Projekty\NUnitTestProject\bin\Debug\netcoreapp3.1\NUnitTestProject.dll" adapterTypeName="executor://nunit3testexecutor/" className="NUnitTestProject.CurrencyHelperTests" name="FormatToStringTest1000(95353.10327693219d,&quot;95353.10 zł&quot;)" />
    </UnitTest>
    <UnitTest name="FormatToStringTest1000(12370.243090209198d,&quot;12370.24 zł&quot;)" storage="c:\projekty\nunittestproject\bin\debug\netcoreapp3.1\nunittestproject.dll" id="e0081990-e732-207e-ce35-b6f9f879e1b0">
      <Execution id="4bea9e6c-8d63-4ff7-a37c-b9ae7f90c6a2" />
      <TestMethod codeBase="C:\Projekty\NUnitTestProject\bin\Debug\netcoreapp3.1\NUnitTestProject.dll" adapterTypeName="executor://nunit3testexecutor/" className="NUnitTestProject.CurrencyHelperTests" name="FormatToStringTest1000(12370.243090209198d,&quot;12370.24 zł&quot;)" />
    </UnitTest>
    <UnitTest name="FormatToStringTest1000(45455.14554704127d,&quot;45455.15 zł&quot;)" storage="c:\projekty\nunittestproject\bin\debug\netcoreapp3.1\nunittestproject.dll" id="83a97307-8552-7789-5b14-74a21c8cbcd2">
      <Execution id="94026a2b-0266-4aff-b589-04026a9c13ba" />
      <TestMethod codeBase="C:\Projekty\NUnitTestProject\bin\Debug\netcoreapp3.1\NUnitTestProject.dll" adapterTypeName="executor://nunit3testexecutor/" className="NUnitTestProject.CurrencyHelperTests" name="FormatToStringTest1000(45455.14554704127d,&quot;45455.15 zł&quot;)" />
    </UnitTest>
    <UnitTest name="FormatToStringTest1000(13503.943645929892d,&quot;13503.94 zł&quot;)" storage="c:\projekty\nunittestproject\bin\debug\netcoreapp3.1\nunittestproject.dll" id="7d53e131-e454-48a3-7f61-9c807826acb2">
      <Execution id="e26bf2fe-1b3a-431a-8b40-fd033157ee72" />
      <TestMethod codeBase="C:\Projekty\NUnitTestProject\bin\Debug\netcoreapp3.1\NUnitTestProject.dll" adapterTypeName="executor://nunit3testexecutor/" className="NUnitTestProject.CurrencyHelperTests" name="FormatToStringTest1000(13503.943645929892d,&quot;13503.94 zł&quot;)" />
    </UnitTest>
    <UnitTest name="FormatToStringTest1000(17252.06220983903d,&quot;17252.06 zł&quot;)" storage="c:\projekty\nunittestproject\bin\debug\netcoreapp3.1\nunittestproject.dll" id="bcaccf95-48bd-f1b0-c691-d2f1e6a4e3bd">
      <Execution id="d8f298e5-d3f1-4752-9e73-ac10d567168e" />
      <TestMethod codeBase="C:\Projekty\NUnitTestProject\bin\Debug\netcoreapp3.1\NUnitTestProject.dll" adapterTypeName="executor://nunit3testexecutor/" className="NUnitTestProject.CurrencyHelperTests" name="FormatToStringTest1000(17252.06220983903d,&quot;17252.06 zł&quot;)" />
    </UnitTest>
    <UnitTest name="FormatToStringTest1000(1649.0127968480872d,&quot;1649.01 zł&quot;)" storage="c:\projekty\nunittestproject\bin\debug\netcoreapp3.1\nunittestproject.dll" id="5372d0c3-7454-6ed0-3140-c46dbf17af10">
      <Execution id="5b7e180c-4a07-403d-86f7-e594f42d5c2f" />
      <TestMethod codeBase="C:\Projekty\NUnitTestProject\bin\Debug\netcoreapp3.1\NUnitTestProject.dll" adapterTypeName="executor://nunit3testexecutor/" className="NUnitTestProject.CurrencyHelperTests" name="FormatToStringTest1000(1649.0127968480872d,&quot;1649.01 zł&quot;)" />
    </UnitTest>
    <UnitTest name="FormatToStringTest1000(22557.09603308099d,&quot;22557.10 zł&quot;)" storage="c:\projekty\nunittestproject\bin\debug\netcoreapp3.1\nunittestproject.dll" id="80ed38c5-93c8-ab9c-2988-31b35fec47a3">
      <Execution id="a880a6e9-a47d-4eb0-ac48-faf47d55d929" />
      <TestMethod codeBase="C:\Projekty\NUnitTestProject\bin\Debug\netcoreapp3.1\NUnitTestProject.dll" adapterTypeName="executor://nunit3testexecutor/" className="NUnitTestProject.CurrencyHelperTests" name="FormatToStringTest1000(22557.09603308099d,&quot;22557.10 zł&quot;)" />
    </UnitTest>
    <UnitTest name="FormatToStringTest1000(1952.6955147062872d,&quot;1952.70 zł&quot;)" storage="c:\projekty\nunittestproject\bin\debug\netcoreapp3.1\nunittestproject.dll" id="5189465c-94b9-c0c3-eb6c-9e0dd907b71f">
      <Execution id="921bce24-117c-4462-a698-0eebdddff85c" />
      <TestMethod codeBase="C:\Projekty\NUnitTestProject\bin\Debug\netcoreapp3.1\NUnitTestProject.dll" adapterTypeName="executor://nunit3testexecutor/" className="NUnitTestProject.CurrencyHelperTests" name="FormatToStringTest1000(1952.6955147062872d,&quot;1952.70 zł&quot;)" />
    </UnitTest>
    <UnitTest name="FormatToStringTest1000(32908.76696502639d,&quot;32908.77 zł&quot;)" storage="c:\projekty\nunittestproject\bin\debug\netcoreapp3.1\nunittestproject.dll" id="e2350845-1f3f-6907-3805-d81b5dce3aed">
      <Execution id="c1bd6418-4929-483a-935f-f7530c3d237d" />
      <TestMethod codeBase="C:\Projekty\NUnitTestProject\bin\Debug\netcoreapp3.1\NUnitTestProject.dll" adapterTypeName="executor://nunit3testexecutor/" className="NUnitTestProject.CurrencyHelperTests" name="FormatToStringTest1000(32908.76696502639d,&quot;32908.77 zł&quot;)" />
    </UnitTest>
    <UnitTest name="FormatToStringTest1000(6550.421588937948d,&quot;6550.42 zł&quot;)" storage="c:\projekty\nunittestproject\bin\debug\netcoreapp3.1\nunittestproject.dll" id="c11f5a85-86bf-cab1-9d9a-33069c6ff139">
      <Execution id="b7edcd9c-2450-4e4b-88bb-aa97b918e8ea" />
      <TestMethod codeBase="C:\Projekty\NUnitTestProject\bin\Debug\netcoreapp3.1\NUnitTestProject.dll" adapterTypeName="executor://nunit3testexecutor/" className="NUnitTestProject.CurrencyHelperTests" name="FormatToStringTest1000(6550.421588937948d,&quot;6550.42 zł&quot;)" />
    </UnitTest>
    <UnitTest name="FormatToStringTest1000(6105.007054037418d,&quot;6105.01 zł&quot;)" storage="c:\projekty\nunittestproject\bin\debug\netcoreapp3.1\nunittestproject.dll" id="024506f9-eb28-1802-65f5-4eafd9fc8776">
      <Execution id="eb76e259-3819-4aac-8e5d-b22434fa48ff" />
      <TestMethod codeBase="C:\Projekty\NUnitTestProject\bin\Debug\netcoreapp3.1\NUnitTestProject.dll" adapterTypeName="executor://nunit3testexecutor/" className="NUnitTestProject.CurrencyHelperTests" name="FormatToStringTest1000(6105.007054037418d,&quot;6105.01 zł&quot;)" />
    </UnitTest>
    <UnitTest name="FormatToStringTest1000(35384.637112688106d,&quot;35384.64 zł&quot;)" storage="c:\projekty\nunittestproject\bin\debug\netcoreapp3.1\nunittestproject.dll" id="2d12ad1b-0cfb-a7f2-de41-7d109965ff4a">
      <Execution id="41b2997d-a673-42fd-89da-ccec3fc00182" />
      <TestMethod codeBase="C:\Projekty\NUnitTestProject\bin\Debug\netcoreapp3.1\NUnitTestProject.dll" adapterTypeName="executor://nunit3testexecutor/" className="NUnitTestProject.CurrencyHelperTests" name="FormatToStringTest1000(35384.637112688106d,&quot;35384.64 zł&quot;)" />
    </UnitTest>
    <UnitTest name="FormatToStringTest1000(15591.4117417221d,&quot;15591.41 zł&quot;)" storage="c:\projekty\nunittestproject\bin\debug\netcoreapp3.1\nunittestproject.dll" id="e39abc6e-a339-e385-747c-5c151d68fdc6">
      <Execution id="5bf8cdbb-cd46-4f8f-93fa-e2b114d01a28" />
      <TestMethod codeBase="C:\Projekty\NUnitTestProject\bin\Debug\netcoreapp3.1\NUnitTestProject.dll" adapterTypeName="executor://nunit3testexecutor/" className="NUnitTestProject.CurrencyHelperTests" name="FormatToStringTest1000(15591.4117417221d,&quot;15591.41 zł&quot;)" />
    </UnitTest>
    <UnitTest name="FormatToStringTest1000(6035.818653228608d,&quot;6035.82 zł&quot;)" storage="c:\projekty\nunittestproject\bin\debug\netcoreapp3.1\nunittestproject.dll" id="be59208d-36e7-073c-919d-21490848351c">
      <Execution id="21cdaef2-02ce-43a6-8c12-d2cd11e8dc31" />
      <TestMethod codeBase="C:\Projekty\NUnitTestProject\bin\Debug\netcoreapp3.1\NUnitTestProject.dll" adapterTypeName="executor://nunit3testexecutor/" className="NUnitTestProject.CurrencyHelperTests" name="FormatToStringTest1000(6035.818653228608d,&quot;6035.82 zł&quot;)" />
    </UnitTest>
    <UnitTest name="FormatToStringTest1000(3043.6828298227315d,&quot;3043.68 zł&quot;)" storage="c:\projekty\nunittestproject\bin\debug\netcoreapp3.1\nunittestproject.dll" id="edd8698a-89a8-0a11-5f44-5d3f526abc13">
      <Execution id="7807ef85-d37a-4f0d-874c-ef0569b9225c" />
      <TestMethod codeBase="C:\Projekty\NUnitTestProject\bin\Debug\netcoreapp3.1\NUnitTestProject.dll" adapterTypeName="executor://nunit3testexecutor/" className="NUnitTestProject.CurrencyHelperTests" name="FormatToStringTest1000(3043.6828298227315d,&quot;3043.68 zł&quot;)" />
    </UnitTest>
    <UnitTest name="FormatToStringTest1000(69373.32129976773d,&quot;69373.32 zł&quot;)" storage="c:\projekty\nunittestproject\bin\debug\netcoreapp3.1\nunittestproject.dll" id="6fa66cd3-3174-5023-d80b-ce9981bfadfc">
      <Execution id="8e9f29fb-3c56-41ef-baa9-08e8c47551b9" />
      <TestMethod codeBase="C:\Projekty\NUnitTestProject\bin\Debug\netcoreapp3.1\NUnitTestProject.dll" adapterTypeName="executor://nunit3testexecutor/" className="NUnitTestProject.CurrencyHelperTests" name="FormatToStringTest1000(69373.32129976773d,&quot;69373.32 zł&quot;)" />
    </UnitTest>
    <UnitTest name="FormatToStringTest1000(21328.29026726507d,&quot;21328.29 zł&quot;)" storage="c:\projekty\nunittestproject\bin\debug\netcoreapp3.1\nunittestproject.dll" id="c6ae4b68-49e1-d669-439e-3d0b7ef0cea4">
      <Execution id="5c684b78-aa98-4c97-88a2-7e1fab7dcfae" />
      <TestMethod codeBase="C:\Projekty\NUnitTestProject\bin\Debug\netcoreapp3.1\NUnitTestProject.dll" adapterTypeName="executor://nunit3testexecutor/" className="NUnitTestProject.CurrencyHelperTests" name="FormatToStringTest1000(21328.29026726507d,&quot;21328.29 zł&quot;)" />
    </UnitTest>
    <UnitTest name="FormatToStringTest1000(1884.4923513031063d,&quot;1884.49 zł&quot;)" storage="c:\projekty\nunittestproject\bin\debug\netcoreapp3.1\nunittestproject.dll" id="e8dae4f6-1eb2-866f-8693-bdd69c27bed8">
      <Execution id="9bdcdfae-c070-406d-ba63-ce55e4fb589f" />
      <TestMethod codeBase="C:\Projekty\NUnitTestProject\bin\Debug\netcoreapp3.1\NUnitTestProject.dll" adapterTypeName="executor://nunit3testexecutor/" className="NUnitTestProject.CurrencyHelperTests" name="FormatToStringTest1000(1884.4923513031063d,&quot;1884.49 zł&quot;)" />
    </UnitTest>
    <UnitTest name="FormatToStringTest1000(7013.601812260971d,&quot;7013.60 zł&quot;)" storage="c:\projekty\nunittestproject\bin\debug\netcoreapp3.1\nunittestproject.dll" id="2fcbb4d5-0c22-d47d-9ea9-6260fb047a7e">
      <Execution id="374c95ce-6dbb-4bf5-9c3c-9a4240dbf458" />
      <TestMethod codeBase="C:\Projekty\NUnitTestProject\bin\Debug\netcoreapp3.1\NUnitTestProject.dll" adapterTypeName="executor://nunit3testexecutor/" className="NUnitTestProject.CurrencyHelperTests" name="FormatToStringTest1000(7013.601812260971d,&quot;7013.60 zł&quot;)" />
    </UnitTest>
    <UnitTest name="FormatToStringTest1000(28583.827618148098d,&quot;28583.83 zł&quot;)" storage="c:\projekty\nunittestproject\bin\debug\netcoreapp3.1\nunittestproject.dll" id="e6917a9a-a471-dbed-84cc-6e63cf19f9df">
      <Execution id="6ed8ff61-51b6-4789-9c36-94cb56bdd856" />
      <TestMethod codeBase="C:\Projekty\NUnitTestProject\bin\Debug\netcoreapp3.1\NUnitTestProject.dll" adapterTypeName="executor://nunit3testexecutor/" className="NUnitTestProject.CurrencyHelperTests" name="FormatToStringTest1000(28583.827618148098d,&quot;28583.83 zł&quot;)" />
    </UnitTest>
    <UnitTest name="FormatToStringTest1000(1187.8237780126854d,&quot;1187.82 zł&quot;)" storage="c:\projekty\nunittestproject\bin\debug\netcoreapp3.1\nunittestproject.dll" id="b2a12e1f-5796-ca8b-404b-61553a46fbc5">
      <Execution id="fb1ca6c2-b9e3-4b2b-9b84-cee46f1db5e3" />
      <TestMethod codeBase="C:\Projekty\NUnitTestProject\bin\Debug\netcoreapp3.1\NUnitTestProject.dll" adapterTypeName="executor://nunit3testexecutor/" className="NUnitTestProject.CurrencyHelperTests" name="FormatToStringTest1000(1187.8237780126854d,&quot;1187.82 zł&quot;)" />
    </UnitTest>
    <UnitTest name="FormatToStringTest1000(54578.37303904275d,&quot;54578.37 zł&quot;)" storage="c:\projekty\nunittestproject\bin\debug\netcoreapp3.1\nunittestproject.dll" id="605c2bc0-4496-0f02-aeff-a229323c4be4">
      <Execution id="8fcc762d-4e5e-452f-ac8b-ba56d14b247e" />
      <TestMethod codeBase="C:\Projekty\NUnitTestProject\bin\Debug\netcoreapp3.1\NUnitTestProject.dll" adapterTypeName="executor://nunit3testexecutor/" className="NUnitTestProject.CurrencyHelperTests" name="FormatToStringTest1000(54578.37303904275d,&quot;54578.37 zł&quot;)" />
    </UnitTest>
    <UnitTest name="FormatToStringTest1000(159.83786031922224d,&quot;159.84 zł&quot;)" storage="c:\projekty\nunittestproject\bin\debug\netcoreapp3.1\nunittestproject.dll" id="4c344495-4967-8a3c-49bd-83047e73dd58">
      <Execution id="34eadaad-ce5f-412c-a54f-da4a58cb8a02" />
      <TestMethod codeBase="C:\Projekty\NUnitTestProject\bin\Debug\netcoreapp3.1\NUnitTestProject.dll" adapterTypeName="executor://nunit3testexecutor/" className="NUnitTestProject.CurrencyHelperTests" name="FormatToStringTest1000(159.83786031922224d,&quot;159.84 zł&quot;)" />
    </UnitTest>
    <UnitTest name="FormatToStringTest1000(79388.929555234d,&quot;79388.93 zł&quot;)" storage="c:\projekty\nunittestproject\bin\debug\netcoreapp3.1\nunittestproject.dll" id="f2705aac-0fab-25bd-44fc-31cfea9f5c9a">
      <Execution id="9f031a73-49e9-41c7-9d91-719b5b790de5" />
      <TestMethod codeBase="C:\Projekty\NUnitTestProject\bin\Debug\netcoreapp3.1\NUnitTestProject.dll" adapterTypeName="executor://nunit3testexecutor/" className="NUnitTestProject.CurrencyHelperTests" name="FormatToStringTest1000(79388.929555234d,&quot;79388.93 zł&quot;)" />
    </UnitTest>
    <UnitTest name="FormatToStringTest1000(40241.790964380736d,&quot;40241.79 zł&quot;)" storage="c:\projekty\nunittestproject\bin\debug\netcoreapp3.1\nunittestproject.dll" id="bf7aea95-4edb-be07-7de0-fdb7b0e337d5">
      <Execution id="08c8702f-15bb-4e44-9fbb-c08dfba7bd16" />
      <TestMethod codeBase="C:\Projekty\NUnitTestProject\bin\Debug\netcoreapp3.1\NUnitTestProject.dll" adapterTypeName="executor://nunit3testexecutor/" className="NUnitTestProject.CurrencyHelperTests" name="FormatToStringTest1000(40241.790964380736d,&quot;40241.79 zł&quot;)" />
    </UnitTest>
    <UnitTest name="FormatToStringTest1000(37528.70144368368d,&quot;37528.70 zł&quot;)" storage="c:\projekty\nunittestproject\bin\debug\netcoreapp3.1\nunittestproject.dll" id="bc2dc8fc-01b0-0065-79fa-2e41ef829892">
      <Execution id="2cd724e1-c80a-49c4-9ace-7d4a8019f9ad" />
      <TestMethod codeBase="C:\Projekty\NUnitTestProject\bin\Debug\netcoreapp3.1\NUnitTestProject.dll" adapterTypeName="executor://nunit3testexecutor/" className="NUnitTestProject.CurrencyHelperTests" name="FormatToStringTest1000(37528.70144368368d,&quot;37528.70 zł&quot;)" />
    </UnitTest>
    <UnitTest name="FormatToStringTest1000(51503.82905738234d,&quot;51503.83 zł&quot;)" storage="c:\projekty\nunittestproject\bin\debug\netcoreapp3.1\nunittestproject.dll" id="0ad74e44-881e-9461-7e6f-381a5cc80df0">
      <Execution id="63288a9e-261b-484a-ab21-c0e9ce59efa8" />
      <TestMethod codeBase="C:\Projekty\NUnitTestProject\bin\Debug\netcoreapp3.1\NUnitTestProject.dll" adapterTypeName="executor://nunit3testexecutor/" className="NUnitTestProject.CurrencyHelperTests" name="FormatToStringTest1000(51503.82905738234d,&quot;51503.83 zł&quot;)" />
    </UnitTest>
    <UnitTest name="FormatToStringTest1000(395.45790295882983d,&quot;395.46 zł&quot;)" storage="c:\projekty\nunittestproject\bin\debug\netcoreapp3.1\nunittestproject.dll" id="069167da-f488-ff65-4a0d-a2797b191242">
      <Execution id="c686bd65-33b6-4dd0-b9cb-a8adab563a04" />
      <TestMethod codeBase="C:\Projekty\NUnitTestProject\bin\Debug\netcoreapp3.1\NUnitTestProject.dll" adapterTypeName="executor://nunit3testexecutor/" className="NUnitTestProject.CurrencyHelperTests" name="FormatToStringTest1000(395.45790295882983d,&quot;395.46 zł&quot;)" />
    </UnitTest>
    <UnitTest name="FormatToStringTest1000(28502.61128259758d,&quot;28502.61 zł&quot;)" storage="c:\projekty\nunittestproject\bin\debug\netcoreapp3.1\nunittestproject.dll" id="bf1576c7-03bd-feeb-bbbd-0a36863eaddc">
      <Execution id="8ef204fb-a7ff-4a92-9c47-901d483d29c6" />
      <TestMethod codeBase="C:\Projekty\NUnitTestProject\bin\Debug\netcoreapp3.1\NUnitTestProject.dll" adapterTypeName="executor://nunit3testexecutor/" className="NUnitTestProject.CurrencyHelperTests" name="FormatToStringTest1000(28502.61128259758d,&quot;28502.61 zł&quot;)" />
    </UnitTest>
    <UnitTest name="FormatToStringTest1000(29678.921519093645d,&quot;29678.92 zł&quot;)" storage="c:\projekty\nunittestproject\bin\debug\netcoreapp3.1\nunittestproject.dll" id="37d70f53-ca13-79ab-c67c-fecd55be0876">
      <Execution id="0c390b5f-0676-4276-bc51-e123298437f7" />
      <TestMethod codeBase="C:\Projekty\NUnitTestProject\bin\Debug\netcoreapp3.1\NUnitTestProject.dll" adapterTypeName="executor://nunit3testexecutor/" className="NUnitTestProject.CurrencyHelperTests" name="FormatToStringTest1000(29678.921519093645d,&quot;29678.92 zł&quot;)" />
    </UnitTest>
    <UnitTest name="FormatToStringTest1000(30578.687538491416d,&quot;30578.69 zł&quot;)" storage="c:\projekty\nunittestproject\bin\debug\netcoreapp3.1\nunittestproject.dll" id="ae7cb376-4ef2-2742-75ce-61ea6adcde54">
      <Execution id="7d3fab46-951f-4d44-bdf7-ddf5fbf2d6b3" />
      <TestMethod codeBase="C:\Projekty\NUnitTestProject\bin\Debug\netcoreapp3.1\NUnitTestProject.dll" adapterTypeName="executor://nunit3testexecutor/" className="NUnitTestProject.CurrencyHelperTests" name="FormatToStringTest1000(30578.687538491416d,&quot;30578.69 zł&quot;)" />
    </UnitTest>
    <UnitTest name="FormatToStringTest1000(18596.12661189033d,&quot;18596.13 zł&quot;)" storage="c:\projekty\nunittestproject\bin\debug\netcoreapp3.1\nunittestproject.dll" id="34a0ec2a-ee87-5c68-071f-7bf4fe21828e">
      <Execution id="b2f932e0-ff98-4147-aa52-992e20425fd1" />
      <TestMethod codeBase="C:\Projekty\NUnitTestProject\bin\Debug\netcoreapp3.1\NUnitTestProject.dll" adapterTypeName="executor://nunit3testexecutor/" className="NUnitTestProject.CurrencyHelperTests" name="FormatToStringTest1000(18596.12661189033d,&quot;18596.13 zł&quot;)" />
    </UnitTest>
    <UnitTest name="FormatToStringTest1000(21893.78889296939d,&quot;21893.79 zł&quot;)" storage="c:\projekty\nunittestproject\bin\debug\netcoreapp3.1\nunittestproject.dll" id="ffb7284d-9149-6f2f-e2cd-12399f61de50">
      <Execution id="0781f8f0-0d7f-401d-8d6b-efb7f3cfa8aa" />
      <TestMethod codeBase="C:\Projekty\NUnitTestProject\bin\Debug\netcoreapp3.1\NUnitTestProject.dll" adapterTypeName="executor://nunit3testexecutor/" className="NUnitTestProject.CurrencyHelperTests" name="FormatToStringTest1000(21893.78889296939d,&quot;21893.79 zł&quot;)" />
    </UnitTest>
    <UnitTest name="FormatToStringTest1000(46166.38051381259d,&quot;46166.38 zł&quot;)" storage="c:\projekty\nunittestproject\bin\debug\netcoreapp3.1\nunittestproject.dll" id="6d4f36db-ef1e-952d-7dfb-29f4be4b6ca7">
      <Execution id="34ab0428-e03b-46be-97c6-d559366ae246" />
      <TestMethod codeBase="C:\Projekty\NUnitTestProject\bin\Debug\netcoreapp3.1\NUnitTestProject.dll" adapterTypeName="executor://nunit3testexecutor/" className="NUnitTestProject.CurrencyHelperTests" name="FormatToStringTest1000(46166.38051381259d,&quot;46166.38 zł&quot;)" />
    </UnitTest>
    <UnitTest name="FormatToStringTest1000(5978.1197194131655d,&quot;5978.12 zł&quot;)" storage="c:\projekty\nunittestproject\bin\debug\netcoreapp3.1\nunittestproject.dll" id="30b3b577-2061-3db5-edc3-bfd98a1a499f">
      <Execution id="174cfc3c-2781-40cd-84c0-4fc95e756a0b" />
      <TestMethod codeBase="C:\Projekty\NUnitTestProject\bin\Debug\netcoreapp3.1\NUnitTestProject.dll" adapterTypeName="executor://nunit3testexecutor/" className="NUnitTestProject.CurrencyHelperTests" name="FormatToStringTest1000(5978.1197194131655d,&quot;5978.12 zł&quot;)" />
    </UnitTest>
    <UnitTest name="FormatToStringTest1000(66284.43763489948d,&quot;66284.44 zł&quot;)" storage="c:\projekty\nunittestproject\bin\debug\netcoreapp3.1\nunittestproject.dll" id="1d439d51-4271-ce67-e4e0-d0b84f8d1caf">
      <Execution id="e01a7e59-5acd-4336-a090-b96b0fb20ccb" />
      <TestMethod codeBase="C:\Projekty\NUnitTestProject\bin\Debug\netcoreapp3.1\NUnitTestProject.dll" adapterTypeName="executor://nunit3testexecutor/" className="NUnitTestProject.CurrencyHelperTests" name="FormatToStringTest1000(66284.43763489948d,&quot;66284.44 zł&quot;)" />
    </UnitTest>
    <UnitTest name="FormatToStringTest1000(34062.88803158276d,&quot;34062.89 zł&quot;)" storage="c:\projekty\nunittestproject\bin\debug\netcoreapp3.1\nunittestproject.dll" id="cee29849-c944-ee97-87d2-c62444a8a328">
      <Execution id="cc3d09bd-e616-4ee2-9581-22cac44647eb" />
      <TestMethod codeBase="C:\Projekty\NUnitTestProject\bin\Debug\netcoreapp3.1\NUnitTestProject.dll" adapterTypeName="executor://nunit3testexecutor/" className="NUnitTestProject.CurrencyHelperTests" name="FormatToStringTest1000(34062.88803158276d,&quot;34062.89 zł&quot;)" />
    </UnitTest>
    <UnitTest name="FormatToStringTest1000(8347.417790138823d,&quot;8347.42 zł&quot;)" storage="c:\projekty\nunittestproject\bin\debug\netcoreapp3.1\nunittestproject.dll" id="f40cda09-c7b2-157d-533a-1e4833860e01">
      <Execution id="bb05275a-13f2-4f9b-8a69-cdc5b0a0c242" />
      <TestMethod codeBase="C:\Projekty\NUnitTestProject\bin\Debug\netcoreapp3.1\NUnitTestProject.dll" adapterTypeName="executor://nunit3testexecutor/" className="NUnitTestProject.CurrencyHelperTests" name="FormatToStringTest1000(8347.417790138823d,&quot;8347.42 zł&quot;)" />
    </UnitTest>
    <UnitTest name="FormatToStringTest1000(19071.681252896637d,&quot;19071.68 zł&quot;)" storage="c:\projekty\nunittestproject\bin\debug\netcoreapp3.1\nunittestproject.dll" id="ec19b07c-d465-faec-475d-a8dee6e4e934">
      <Execution id="ee47fbf7-2e57-45a0-a643-efb1e55b2cc4" />
      <TestMethod codeBase="C:\Projekty\NUnitTestProject\bin\Debug\netcoreapp3.1\NUnitTestProject.dll" adapterTypeName="executor://nunit3testexecutor/" className="NUnitTestProject.CurrencyHelperTests" name="FormatToStringTest1000(19071.681252896637d,&quot;19071.68 zł&quot;)" />
    </UnitTest>
    <UnitTest name="FormatToStringTest1000(26174.290999793586d,&quot;26174.29 zł&quot;)" storage="c:\projekty\nunittestproject\bin\debug\netcoreapp3.1\nunittestproject.dll" id="b6307f6f-0923-1f5a-926e-f404ac915b20">
      <Execution id="bec19f3b-655d-49c5-8590-f19ed766b865" />
      <TestMethod codeBase="C:\Projekty\NUnitTestProject\bin\Debug\netcoreapp3.1\NUnitTestProject.dll" adapterTypeName="executor://nunit3testexecutor/" className="NUnitTestProject.CurrencyHelperTests" name="FormatToStringTest1000(26174.290999793586d,&quot;26174.29 zł&quot;)" />
    </UnitTest>
    <UnitTest name="FormatToStringTest1000(65963.39932440939d,&quot;65963.40 zł&quot;)" storage="c:\projekty\nunittestproject\bin\debug\netcoreapp3.1\nunittestproject.dll" id="c2c1dbbf-76df-e4ac-1f6c-4bf02108e7b1">
      <Execution id="443b32f6-ac9a-4b91-9100-dea17d9c15c7" />
      <TestMethod codeBase="C:\Projekty\NUnitTestProject\bin\Debug\netcoreapp3.1\NUnitTestProject.dll" adapterTypeName="executor://nunit3testexecutor/" className="NUnitTestProject.CurrencyHelperTests" name="FormatToStringTest1000(65963.39932440939d,&quot;65963.40 zł&quot;)" />
    </UnitTest>
    <UnitTest name="FormatToStringTest1000(93775.33090185716d,&quot;93775.33 zł&quot;)" storage="c:\projekty\nunittestproject\bin\debug\netcoreapp3.1\nunittestproject.dll" id="1e6f2372-9d34-e630-93c8-967c7d09f6b9">
      <Execution id="c0da51a1-8e70-41c8-acab-8ff0e4db2d7e" />
      <TestMethod codeBase="C:\Projekty\NUnitTestProject\bin\Debug\netcoreapp3.1\NUnitTestProject.dll" adapterTypeName="executor://nunit3testexecutor/" className="NUnitTestProject.CurrencyHelperTests" name="FormatToStringTest1000(93775.33090185716d,&quot;93775.33 zł&quot;)" />
    </UnitTest>
    <UnitTest name="FormatToStringTest1000(24528.124092612474d,&quot;24528.12 zł&quot;)" storage="c:\projekty\nunittestproject\bin\debug\netcoreapp3.1\nunittestproject.dll" id="ea15b94d-4a9c-5bee-a95c-770e518c855b">
      <Execution id="ab173025-dd19-4da0-a0e2-a29f101d8e0f" />
      <TestMethod codeBase="C:\Projekty\NUnitTestProject\bin\Debug\netcoreapp3.1\NUnitTestProject.dll" adapterTypeName="executor://nunit3testexecutor/" className="NUnitTestProject.CurrencyHelperTests" name="FormatToStringTest1000(24528.124092612474d,&quot;24528.12 zł&quot;)" />
    </UnitTest>
    <UnitTest name="FormatToStringTest1000(30499.08272379734d,&quot;30499.08 zł&quot;)" storage="c:\projekty\nunittestproject\bin\debug\netcoreapp3.1\nunittestproject.dll" id="7b7d00bb-4c5b-d8fb-b3ca-8abd900cc00f">
      <Execution id="1976d549-e5df-46da-94df-4f9cd1424df8" />
      <TestMethod codeBase="C:\Projekty\NUnitTestProject\bin\Debug\netcoreapp3.1\NUnitTestProject.dll" adapterTypeName="executor://nunit3testexecutor/" className="NUnitTestProject.CurrencyHelperTests" name="FormatToStringTest1000(30499.08272379734d,&quot;30499.08 zł&quot;)" />
    </UnitTest>
    <UnitTest name="FormatToStringTest1000(1860.3356292016504d,&quot;1860.34 zł&quot;)" storage="c:\projekty\nunittestproject\bin\debug\netcoreapp3.1\nunittestproject.dll" id="07f796cc-f35b-a2f3-f99a-0213c6c6aa02">
      <Execution id="fae4dece-a841-492b-8799-89875b8903f1" />
      <TestMethod codeBase="C:\Projekty\NUnitTestProject\bin\Debug\netcoreapp3.1\NUnitTestProject.dll" adapterTypeName="executor://nunit3testexecutor/" className="NUnitTestProject.CurrencyHelperTests" name="FormatToStringTest1000(1860.3356292016504d,&quot;1860.34 zł&quot;)" />
    </UnitTest>
    <UnitTest name="FormatToStringTest1000(24729.333280806586d,&quot;24729.33 zł&quot;)" storage="c:\projekty\nunittestproject\bin\debug\netcoreapp3.1\nunittestproject.dll" id="419ecc87-d9c8-28c4-00c0-ef118e7ae268">
      <Execution id="60f61980-a5bc-4738-8fa5-8e5d2ebad9b0" />
      <TestMethod codeBase="C:\Projekty\NUnitTestProject\bin\Debug\netcoreapp3.1\NUnitTestProject.dll" adapterTypeName="executor://nunit3testexecutor/" className="NUnitTestProject.CurrencyHelperTests" name="FormatToStringTest1000(24729.333280806586d,&quot;24729.33 zł&quot;)" />
    </UnitTest>
    <UnitTest name="FormatToStringTest1000(51529.79033960206d,&quot;51529.79 zł&quot;)" storage="c:\projekty\nunittestproject\bin\debug\netcoreapp3.1\nunittestproject.dll" id="c39afc72-aad4-5709-e4a1-73293872a305">
      <Execution id="8a5380c8-c55c-40d2-ade4-506a9e1a163b" />
      <TestMethod codeBase="C:\Projekty\NUnitTestProject\bin\Debug\netcoreapp3.1\NUnitTestProject.dll" adapterTypeName="executor://nunit3testexecutor/" className="NUnitTestProject.CurrencyHelperTests" name="FormatToStringTest1000(51529.79033960206d,&quot;51529.79 zł&quot;)" />
    </UnitTest>
    <UnitTest name="FormatToStringTest1000(64124.274503948756d,&quot;64124.27 zł&quot;)" storage="c:\projekty\nunittestproject\bin\debug\netcoreapp3.1\nunittestproject.dll" id="0667d290-5479-f00f-a7a0-ba550069f4d6">
      <Execution id="a22cac74-2476-4cba-84b1-b363770ee693" />
      <TestMethod codeBase="C:\Projekty\NUnitTestProject\bin\Debug\netcoreapp3.1\NUnitTestProject.dll" adapterTypeName="executor://nunit3testexecutor/" className="NUnitTestProject.CurrencyHelperTests" name="FormatToStringTest1000(64124.274503948756d,&quot;64124.27 zł&quot;)" />
    </UnitTest>
    <UnitTest name="FormatToStringTest1000(397.6461894566408d,&quot;397.65 zł&quot;)" storage="c:\projekty\nunittestproject\bin\debug\netcoreapp3.1\nunittestproject.dll" id="decab755-c41c-98a8-9dd2-05d18e8ecb05">
      <Execution id="522107b6-0513-439d-84ff-e5ffe173c63f" />
      <TestMethod codeBase="C:\Projekty\NUnitTestProject\bin\Debug\netcoreapp3.1\NUnitTestProject.dll" adapterTypeName="executor://nunit3testexecutor/" className="NUnitTestProject.CurrencyHelperTests" name="FormatToStringTest1000(397.6461894566408d,&quot;397.65 zł&quot;)" />
    </UnitTest>
    <UnitTest name="FormatToStringTest1000(36211.11038300866d,&quot;36211.11 zł&quot;)" storage="c:\projekty\nunittestproject\bin\debug\netcoreapp3.1\nunittestproject.dll" id="0be37416-8f8e-24dd-296a-86593af9af2f">
      <Execution id="36f980de-7658-4341-8a92-c14bb63134aa" />
      <TestMethod codeBase="C:\Projekty\NUnitTestProject\bin\Debug\netcoreapp3.1\NUnitTestProject.dll" adapterTypeName="executor://nunit3testexecutor/" className="NUnitTestProject.CurrencyHelperTests" name="FormatToStringTest1000(36211.11038300866d,&quot;36211.11 zł&quot;)" />
    </UnitTest>
    <UnitTest name="FormatToStringTest1000(25084.19182667238d,&quot;25084.19 zł&quot;)" storage="c:\projekty\nunittestproject\bin\debug\netcoreapp3.1\nunittestproject.dll" id="086ce182-cb7e-9e8c-a794-52547670ad62">
      <Execution id="8f1fd7f6-30a9-452e-b4a6-c1880748a74d" />
      <TestMethod codeBase="C:\Projekty\NUnitTestProject\bin\Debug\netcoreapp3.1\NUnitTestProject.dll" adapterTypeName="executor://nunit3testexecutor/" className="NUnitTestProject.CurrencyHelperTests" name="FormatToStringTest1000(25084.19182667238d,&quot;25084.19 zł&quot;)" />
    </UnitTest>
    <UnitTest name="FormatToStringTest1000(80609.94377465078d,&quot;80609.94 zł&quot;)" storage="c:\projekty\nunittestproject\bin\debug\netcoreapp3.1\nunittestproject.dll" id="41ef5fd9-da1d-a61b-4faa-45b077dd05bc">
      <Execution id="d9062577-42ca-4932-a4ef-d504890ef3de" />
      <TestMethod codeBase="C:\Projekty\NUnitTestProject\bin\Debug\netcoreapp3.1\NUnitTestProject.dll" adapterTypeName="executor://nunit3testexecutor/" className="NUnitTestProject.CurrencyHelperTests" name="FormatToStringTest1000(80609.94377465078d,&quot;80609.94 zł&quot;)" />
    </UnitTest>
    <UnitTest name="FormatToStringTest1000(941.429400278921d,&quot;941.43 zł&quot;)" storage="c:\projekty\nunittestproject\bin\debug\netcoreapp3.1\nunittestproject.dll" id="4d634782-9db9-e8af-a18d-f1e4c45e4686">
      <Execution id="58a72c6f-4b11-4740-bc00-adac7b50a3a0" />
      <TestMethod codeBase="C:\Projekty\NUnitTestProject\bin\Debug\netcoreapp3.1\NUnitTestProject.dll" adapterTypeName="executor://nunit3testexecutor/" className="NUnitTestProject.CurrencyHelperTests" name="FormatToStringTest1000(941.429400278921d,&quot;941.43 zł&quot;)" />
    </UnitTest>
    <UnitTest name="FormatToStringTest1000(75162.39407669863d,&quot;75162.39 zł&quot;)" storage="c:\projekty\nunittestproject\bin\debug\netcoreapp3.1\nunittestproject.dll" id="8a34d143-fbd5-8061-22f1-4fab44554570">
      <Execution id="b36b288c-bc9e-4355-aee5-f25a3974906f" />
      <TestMethod codeBase="C:\Projekty\NUnitTestProject\bin\Debug\netcoreapp3.1\NUnitTestProject.dll" adapterTypeName="executor://nunit3testexecutor/" className="NUnitTestProject.CurrencyHelperTests" name="FormatToStringTest1000(75162.39407669863d,&quot;75162.39 zł&quot;)" />
    </UnitTest>
    <UnitTest name="FormatToStringTest1000(16037.01783290087d,&quot;16037.02 zł&quot;)" storage="c:\projekty\nunittestproject\bin\debug\netcoreapp3.1\nunittestproject.dll" id="fa8e579d-d6a8-b37b-9cf1-3c38331f528e">
      <Execution id="1b99f8a7-056f-48f1-ad7f-206838cc9e96" />
      <TestMethod codeBase="C:\Projekty\NUnitTestProject\bin\Debug\netcoreapp3.1\NUnitTestProject.dll" adapterTypeName="executor://nunit3testexecutor/" className="NUnitTestProject.CurrencyHelperTests" name="FormatToStringTest1000(16037.01783290087d,&quot;16037.02 zł&quot;)" />
    </UnitTest>
    <UnitTest name="FormatToStringTest1000(40545.70748620001d,&quot;40545.71 zł&quot;)" storage="c:\projekty\nunittestproject\bin\debug\netcoreapp3.1\nunittestproject.dll" id="0a65341a-9de3-344f-781f-a38c0f56cbef">
      <Execution id="81dde32b-5364-4908-8f21-dc18ce716b43" />
      <TestMethod codeBase="C:\Projekty\NUnitTestProject\bin\Debug\netcoreapp3.1\NUnitTestProject.dll" adapterTypeName="executor://nunit3testexecutor/" className="NUnitTestProject.CurrencyHelperTests" name="FormatToStringTest1000(40545.70748620001d,&quot;40545.71 zł&quot;)" />
    </UnitTest>
    <UnitTest name="FormatToStringTest1000(4116.417580192638d,&quot;4116.42 zł&quot;)" storage="c:\projekty\nunittestproject\bin\debug\netcoreapp3.1\nunittestproject.dll" id="1eb4d4f7-74ca-78cd-f76d-cc295b6f3916">
      <Execution id="ccc6dcee-8bde-43e4-95b4-bf17784d49c6" />
      <TestMethod codeBase="C:\Projekty\NUnitTestProject\bin\Debug\netcoreapp3.1\NUnitTestProject.dll" adapterTypeName="executor://nunit3testexecutor/" className="NUnitTestProject.CurrencyHelperTests" name="FormatToStringTest1000(4116.417580192638d,&quot;4116.42 zł&quot;)" />
    </UnitTest>
    <UnitTest name="FormatToStringTest1000(134.1514758393874d,&quot;134.15 zł&quot;)" storage="c:\projekty\nunittestproject\bin\debug\netcoreapp3.1\nunittestproject.dll" id="35113593-4524-9172-cef8-1a1f5c1dfb29">
      <Execution id="a5b8f919-ff63-4940-8f93-85206602bcdc" />
      <TestMethod codeBase="C:\Projekty\NUnitTestProject\bin\Debug\netcoreapp3.1\NUnitTestProject.dll" adapterTypeName="executor://nunit3testexecutor/" className="NUnitTestProject.CurrencyHelperTests" name="FormatToStringTest1000(134.1514758393874d,&quot;134.15 zł&quot;)" />
    </UnitTest>
    <UnitTest name="FormatToStringTest1000(28072.424637532058d,&quot;28072.42 zł&quot;)" storage="c:\projekty\nunittestproject\bin\debug\netcoreapp3.1\nunittestproject.dll" id="7b53b99d-252e-844e-10ce-3552b8f6980f">
      <Execution id="f5f98129-4d51-43d9-b6fe-ec4d6ef91027" />
      <TestMethod codeBase="C:\Projekty\NUnitTestProject\bin\Debug\netcoreapp3.1\NUnitTestProject.dll" adapterTypeName="executor://nunit3testexecutor/" className="NUnitTestProject.CurrencyHelperTests" name="FormatToStringTest1000(28072.424637532058d,&quot;28072.42 zł&quot;)" />
    </UnitTest>
    <UnitTest name="FormatToStringTest1000(1011.9989482094529d,&quot;1012.00 zł&quot;)" storage="c:\projekty\nunittestproject\bin\debug\netcoreapp3.1\nunittestproject.dll" id="a99bf545-84e2-fafd-ee3f-5153803c3541">
      <Execution id="79b75d40-a114-4b31-ae88-02b66e3655be" />
      <TestMethod codeBase="C:\Projekty\NUnitTestProject\bin\Debug\netcoreapp3.1\NUnitTestProject.dll" adapterTypeName="executor://nunit3testexecutor/" className="NUnitTestProject.CurrencyHelperTests" name="FormatToStringTest1000(1011.9989482094529d,&quot;1012.00 zł&quot;)" />
    </UnitTest>
    <UnitTest name="FormatToStringTest1000(5628.028273674672d,&quot;5628.03 zł&quot;)" storage="c:\projekty\nunittestproject\bin\debug\netcoreapp3.1\nunittestproject.dll" id="862cc562-9bfe-8861-cf4e-b4582450cbaa">
      <Execution id="34f43473-d386-4937-bd46-9a8e6f43bd62" />
      <TestMethod codeBase="C:\Projekty\NUnitTestProject\bin\Debug\netcoreapp3.1\NUnitTestProject.dll" adapterTypeName="executor://nunit3testexecutor/" className="NUnitTestProject.CurrencyHelperTests" name="FormatToStringTest1000(5628.028273674672d,&quot;5628.03 zł&quot;)" />
    </UnitTest>
    <UnitTest name="FormatToStringTest1000(88489.14069749469d,&quot;88489.14 zł&quot;)" storage="c:\projekty\nunittestproject\bin\debug\netcoreapp3.1\nunittestproject.dll" id="3f6f5d68-0845-7e29-25ea-1750d0b3ad97">
      <Execution id="c3cf6ff9-bf08-482c-bd56-3aa2c680ea2f" />
      <TestMethod codeBase="C:\Projekty\NUnitTestProject\bin\Debug\netcoreapp3.1\NUnitTestProject.dll" adapterTypeName="executor://nunit3testexecutor/" className="NUnitTestProject.CurrencyHelperTests" name="FormatToStringTest1000(88489.14069749469d,&quot;88489.14 zł&quot;)" />
    </UnitTest>
    <UnitTest name="FormatToStringTest1000(2718.1767171650085d,&quot;2718.18 zł&quot;)" storage="c:\projekty\nunittestproject\bin\debug\netcoreapp3.1\nunittestproject.dll" id="d010d6f6-5302-e7a6-bd9d-f255dac3cdb8">
      <Execution id="0e8720f4-eaa3-47e6-a3f0-041f0acc36d7" />
      <TestMethod codeBase="C:\Projekty\NUnitTestProject\bin\Debug\netcoreapp3.1\NUnitTestProject.dll" adapterTypeName="executor://nunit3testexecutor/" className="NUnitTestProject.CurrencyHelperTests" name="FormatToStringTest1000(2718.1767171650085d,&quot;2718.18 zł&quot;)" />
    </UnitTest>
    <UnitTest name="FormatToStringTest1000(14480.387652530982d,&quot;14480.39 zł&quot;)" storage="c:\projekty\nunittestproject\bin\debug\netcoreapp3.1\nunittestproject.dll" id="fc250b23-71a0-c4eb-52eb-8cd889ac9f85">
      <Execution id="6257bc13-82e1-4d1b-b9d9-c818a987209d" />
      <TestMethod codeBase="C:\Projekty\NUnitTestProject\bin\Debug\netcoreapp3.1\NUnitTestProject.dll" adapterTypeName="executor://nunit3testexecutor/" className="NUnitTestProject.CurrencyHelperTests" name="FormatToStringTest1000(14480.387652530982d,&quot;14480.39 zł&quot;)" />
    </UnitTest>
    <UnitTest name="FormatToStringTest1000(32566.30279101259d,&quot;32566.30 zł&quot;)" storage="c:\projekty\nunittestproject\bin\debug\netcoreapp3.1\nunittestproject.dll" id="71b5ba87-68b9-157d-6948-87a1827119b3">
      <Execution id="d6a40c62-0882-43f1-bc39-612214f43fba" />
      <TestMethod codeBase="C:\Projekty\NUnitTestProject\bin\Debug\netcoreapp3.1\NUnitTestProject.dll" adapterTypeName="executor://nunit3testexecutor/" className="NUnitTestProject.CurrencyHelperTests" name="FormatToStringTest1000(32566.30279101259d,&quot;32566.30 zł&quot;)" />
    </UnitTest>
    <UnitTest name="FormatToStringTest1000(18627.604896394354d,&quot;18627.60 zł&quot;)" storage="c:\projekty\nunittestproject\bin\debug\netcoreapp3.1\nunittestproject.dll" id="43c3749f-0376-2035-bd94-4df92053dab3">
      <Execution id="66f284de-dee1-4daa-9001-a1d15335df97" />
      <TestMethod codeBase="C:\Projekty\NUnitTestProject\bin\Debug\netcoreapp3.1\NUnitTestProject.dll" adapterTypeName="executor://nunit3testexecutor/" className="NUnitTestProject.CurrencyHelperTests" name="FormatToStringTest1000(18627.604896394354d,&quot;18627.60 zł&quot;)" />
    </UnitTest>
    <UnitTest name="FormatToStringTest1000(24137.016609529506d,&quot;24137.02 zł&quot;)" storage="c:\projekty\nunittestproject\bin\debug\netcoreapp3.1\nunittestproject.dll" id="35de634f-b340-f79b-b6a0-46426bd56e47">
      <Execution id="0df1ee3c-1170-48ad-a1a9-be72da0b0383" />
      <TestMethod codeBase="C:\Projekty\NUnitTestProject\bin\Debug\netcoreapp3.1\NUnitTestProject.dll" adapterTypeName="executor://nunit3testexecutor/" className="NUnitTestProject.CurrencyHelperTests" name="FormatToStringTest1000(24137.016609529506d,&quot;24137.02 zł&quot;)" />
    </UnitTest>
    <UnitTest name="FormatToStringTest1000(46790.41011887715d,&quot;46790.41 zł&quot;)" storage="c:\projekty\nunittestproject\bin\debug\netcoreapp3.1\nunittestproject.dll" id="0d37f434-250b-5238-45a8-c128f2ef42ef">
      <Execution id="84bd413e-d5a4-4384-83a8-a4055d10837b" />
      <TestMethod codeBase="C:\Projekty\NUnitTestProject\bin\Debug\netcoreapp3.1\NUnitTestProject.dll" adapterTypeName="executor://nunit3testexecutor/" className="NUnitTestProject.CurrencyHelperTests" name="FormatToStringTest1000(46790.41011887715d,&quot;46790.41 zł&quot;)" />
    </UnitTest>
    <UnitTest name="FormatToStringTest1000(56378.261944644735d,&quot;56378.26 zł&quot;)" storage="c:\projekty\nunittestproject\bin\debug\netcoreapp3.1\nunittestproject.dll" id="3e4e2f06-1967-c539-7ba8-6e0f44663842">
      <Execution id="6084093d-cbb7-4d34-8a25-6520846f0b4c" />
      <TestMethod codeBase="C:\Projekty\NUnitTestProject\bin\Debug\netcoreapp3.1\NUnitTestProject.dll" adapterTypeName="executor://nunit3testexecutor/" className="NUnitTestProject.CurrencyHelperTests" name="FormatToStringTest1000(56378.261944644735d,&quot;56378.26 zł&quot;)" />
    </UnitTest>
    <UnitTest name="FormatToStringTest1000(12118.31777677048d,&quot;12118.32 zł&quot;)" storage="c:\projekty\nunittestproject\bin\debug\netcoreapp3.1\nunittestproject.dll" id="44562592-e269-1796-e138-85487f7a2be9">
      <Execution id="280eed7c-1b86-4ddc-a2c8-68fcf3a6cd5b" />
      <TestMethod codeBase="C:\Projekty\NUnitTestProject\bin\Debug\netcoreapp3.1\NUnitTestProject.dll" adapterTypeName="executor://nunit3testexecutor/" className="NUnitTestProject.CurrencyHelperTests" name="FormatToStringTest1000(12118.31777677048d,&quot;12118.32 zł&quot;)" />
    </UnitTest>
    <UnitTest name="FormatToStringTest1000(20527.270339210645d,&quot;20527.27 zł&quot;)" storage="c:\projekty\nunittestproject\bin\debug\netcoreapp3.1\nunittestproject.dll" id="5ad0e86b-2487-b287-bce1-03b910ce35db">
      <Execution id="31e21ce6-3889-490c-98c4-d938cd7cb647" />
      <TestMethod codeBase="C:\Projekty\NUnitTestProject\bin\Debug\netcoreapp3.1\NUnitTestProject.dll" adapterTypeName="executor://nunit3testexecutor/" className="NUnitTestProject.CurrencyHelperTests" name="FormatToStringTest1000(20527.270339210645d,&quot;20527.27 zł&quot;)" />
    </UnitTest>
    <UnitTest name="FormatToStringTest1000(11958.422287871792d,&quot;11958.42 zł&quot;)" storage="c:\projekty\nunittestproject\bin\debug\netcoreapp3.1\nunittestproject.dll" id="a6927394-4cdf-6861-5383-48d3191f12fe">
      <Execution id="c39b77c6-904a-4733-aeec-3ef26c66d494" />
      <TestMethod codeBase="C:\Projekty\NUnitTestProject\bin\Debug\netcoreapp3.1\NUnitTestProject.dll" adapterTypeName="executor://nunit3testexecutor/" className="NUnitTestProject.CurrencyHelperTests" name="FormatToStringTest1000(11958.422287871792d,&quot;11958.42 zł&quot;)" />
    </UnitTest>
    <UnitTest name="FormatToStringTest1000(33245.44763357819d,&quot;33245.45 zł&quot;)" storage="c:\projekty\nunittestproject\bin\debug\netcoreapp3.1\nunittestproject.dll" id="1658bad2-8c99-0b77-1530-2e9ba32823bd">
      <Execution id="0bcfa23d-eacd-4101-b951-65b450cbc0d3" />
      <TestMethod codeBase="C:\Projekty\NUnitTestProject\bin\Debug\netcoreapp3.1\NUnitTestProject.dll" adapterTypeName="executor://nunit3testexecutor/" className="NUnitTestProject.CurrencyHelperTests" name="FormatToStringTest1000(33245.44763357819d,&quot;33245.45 zł&quot;)" />
    </UnitTest>
    <UnitTest name="FormatToStringTest1000(22281.48592587257d,&quot;22281.49 zł&quot;)" storage="c:\projekty\nunittestproject\bin\debug\netcoreapp3.1\nunittestproject.dll" id="4b66c56d-0547-dbc0-4364-ccf548a1bb40">
      <Execution id="d4634861-f3c9-4f76-8722-0d72d36aad4b" />
      <TestMethod codeBase="C:\Projekty\NUnitTestProject\bin\Debug\netcoreapp3.1\NUnitTestProject.dll" adapterTypeName="executor://nunit3testexecutor/" className="NUnitTestProject.CurrencyHelperTests" name="FormatToStringTest1000(22281.48592587257d,&quot;22281.49 zł&quot;)" />
    </UnitTest>
    <UnitTest name="FormatToStringTest1000(70432.00656616595d,&quot;70432.01 zł&quot;)" storage="c:\projekty\nunittestproject\bin\debug\netcoreapp3.1\nunittestproject.dll" id="e616a89e-e9f6-0465-592f-c052811c9fe2">
      <Execution id="3730d84f-ea89-42b2-8121-276a028f8fa6" />
      <TestMethod codeBase="C:\Projekty\NUnitTestProject\bin\Debug\netcoreapp3.1\NUnitTestProject.dll" adapterTypeName="executor://nunit3testexecutor/" className="NUnitTestProject.CurrencyHelperTests" name="FormatToStringTest1000(70432.00656616595d,&quot;70432.01 zł&quot;)" />
    </UnitTest>
    <UnitTest name="FormatToStringTest1000(11181.228339251702d,&quot;11181.23 zł&quot;)" storage="c:\projekty\nunittestproject\bin\debug\netcoreapp3.1\nunittestproject.dll" id="71b16f9b-dbb0-7a23-533d-802c9512270b">
      <Execution id="36299eab-ebfc-48b2-afd0-89464a52bbbb" />
      <TestMethod codeBase="C:\Projekty\NUnitTestProject\bin\Debug\netcoreapp3.1\NUnitTestProject.dll" adapterTypeName="executor://nunit3testexecutor/" className="NUnitTestProject.CurrencyHelperTests" name="FormatToStringTest1000(11181.228339251702d,&quot;11181.23 zł&quot;)" />
    </UnitTest>
    <UnitTest name="FormatToStringTest1000(9079.930405251649d,&quot;9079.93 zł&quot;)" storage="c:\projekty\nunittestproject\bin\debug\netcoreapp3.1\nunittestproject.dll" id="a92ca949-d664-bb06-21ee-ed111f1dab55">
      <Execution id="747bbcce-9603-4e27-89a3-d712c9f8def0" />
      <TestMethod codeBase="C:\Projekty\NUnitTestProject\bin\Debug\netcoreapp3.1\NUnitTestProject.dll" adapterTypeName="executor://nunit3testexecutor/" className="NUnitTestProject.CurrencyHelperTests" name="FormatToStringTest1000(9079.930405251649d,&quot;9079.93 zł&quot;)" />
    </UnitTest>
    <UnitTest name="FormatToStringTest1000(7891.960478953067d,&quot;7891.96 zł&quot;)" storage="c:\projekty\nunittestproject\bin\debug\netcoreapp3.1\nunittestproject.dll" id="a3e3ac67-b44c-d535-60e6-335f6ba0310c">
      <Execution id="27f60bc5-bd03-418b-a74d-1f2904957cf1" />
      <TestMethod codeBase="C:\Projekty\NUnitTestProject\bin\Debug\netcoreapp3.1\NUnitTestProject.dll" adapterTypeName="executor://nunit3testexecutor/" className="NUnitTestProject.CurrencyHelperTests" name="FormatToStringTest1000(7891.960478953067d,&quot;7891.96 zł&quot;)" />
    </UnitTest>
    <UnitTest name="FormatToStringTest1000(28861.97337596769d,&quot;28861.97 zł&quot;)" storage="c:\projekty\nunittestproject\bin\debug\netcoreapp3.1\nunittestproject.dll" id="e238789f-1332-cb64-de78-1a020fa88304">
      <Execution id="3d1a17dd-40a6-45b9-a9cc-35e095c96bf8" />
      <TestMethod codeBase="C:\Projekty\NUnitTestProject\bin\Debug\netcoreapp3.1\NUnitTestProject.dll" adapterTypeName="executor://nunit3testexecutor/" className="NUnitTestProject.CurrencyHelperTests" name="FormatToStringTest1000(28861.97337596769d,&quot;28861.97 zł&quot;)" />
    </UnitTest>
    <UnitTest name="FormatToStringTest1000(6173.0243155793405d,&quot;6173.02 zł&quot;)" storage="c:\projekty\nunittestproject\bin\debug\netcoreapp3.1\nunittestproject.dll" id="d377bd87-4eea-3f7f-c041-91df35d9ea10">
      <Execution id="6fd20ed7-e040-41a1-92a0-d93aca659869" />
      <TestMethod codeBase="C:\Projekty\NUnitTestProject\bin\Debug\netcoreapp3.1\NUnitTestProject.dll" adapterTypeName="executor://nunit3testexecutor/" className="NUnitTestProject.CurrencyHelperTests" name="FormatToStringTest1000(6173.0243155793405d,&quot;6173.02 zł&quot;)" />
    </UnitTest>
    <UnitTest name="FormatToStringTest1000(24646.322657574587d,&quot;24646.32 zł&quot;)" storage="c:\projekty\nunittestproject\bin\debug\netcoreapp3.1\nunittestproject.dll" id="c32a55d2-5cd9-4241-ed27-6ec6eee4b3b0">
      <Execution id="d1f4ffa5-da4c-4096-8607-c331cdd87fa1" />
      <TestMethod codeBase="C:\Projekty\NUnitTestProject\bin\Debug\netcoreapp3.1\NUnitTestProject.dll" adapterTypeName="executor://nunit3testexecutor/" className="NUnitTestProject.CurrencyHelperTests" name="FormatToStringTest1000(24646.322657574587d,&quot;24646.32 zł&quot;)" />
    </UnitTest>
    <UnitTest name="FormatToStringTest1000(14459.57059750686d,&quot;14459.57 zł&quot;)" storage="c:\projekty\nunittestproject\bin\debug\netcoreapp3.1\nunittestproject.dll" id="6a02a9a9-45fc-e93c-144a-ec579f6fd7df">
      <Execution id="5486bfc7-1272-4742-af3e-20c2295478de" />
      <TestMethod codeBase="C:\Projekty\NUnitTestProject\bin\Debug\netcoreapp3.1\NUnitTestProject.dll" adapterTypeName="executor://nunit3testexecutor/" className="NUnitTestProject.CurrencyHelperTests" name="FormatToStringTest1000(14459.57059750686d,&quot;14459.57 zł&quot;)" />
    </UnitTest>
    <UnitTest name="FormatToStringTest1000(15907.394871033446d,&quot;15907.39 zł&quot;)" storage="c:\projekty\nunittestproject\bin\debug\netcoreapp3.1\nunittestproject.dll" id="c08489ce-87ea-9273-1e82-87dd20c6c729">
      <Execution id="aad5b5f2-ae31-40ee-b1da-81fc6f0ab254" />
      <TestMethod codeBase="C:\Projekty\NUnitTestProject\bin\Debug\netcoreapp3.1\NUnitTestProject.dll" adapterTypeName="executor://nunit3testexecutor/" className="NUnitTestProject.CurrencyHelperTests" name="FormatToStringTest1000(15907.394871033446d,&quot;15907.39 zł&quot;)" />
    </UnitTest>
    <UnitTest name="FormatToStringTest1000(19463.08761954917d,&quot;19463.09 zł&quot;)" storage="c:\projekty\nunittestproject\bin\debug\netcoreapp3.1\nunittestproject.dll" id="7be4f16e-73d9-91a8-2b92-68f269673cb9">
      <Execution id="b84e4b75-535f-4ca9-aae6-ae17f9aab3b5" />
      <TestMethod codeBase="C:\Projekty\NUnitTestProject\bin\Debug\netcoreapp3.1\NUnitTestProject.dll" adapterTypeName="executor://nunit3testexecutor/" className="NUnitTestProject.CurrencyHelperTests" name="FormatToStringTest1000(19463.08761954917d,&quot;19463.09 zł&quot;)" />
    </UnitTest>
    <UnitTest name="FormatToStringTest1000(67109.22110940759d,&quot;67109.22 zł&quot;)" storage="c:\projekty\nunittestproject\bin\debug\netcoreapp3.1\nunittestproject.dll" id="90ee7706-be86-d0d9-20c4-74ab6a1f60b7">
      <Execution id="d44fd896-8901-4978-8730-5b591d06a370" />
      <TestMethod codeBase="C:\Projekty\NUnitTestProject\bin\Debug\netcoreapp3.1\NUnitTestProject.dll" adapterTypeName="executor://nunit3testexecutor/" className="NUnitTestProject.CurrencyHelperTests" name="FormatToStringTest1000(67109.22110940759d,&quot;67109.22 zł&quot;)" />
    </UnitTest>
    <UnitTest name="FormatToStringTest1000(16902.50568789314d,&quot;16902.51 zł&quot;)" storage="c:\projekty\nunittestproject\bin\debug\netcoreapp3.1\nunittestproject.dll" id="c2593dce-156b-2236-a515-633fd14dda79">
      <Execution id="9ecdcde0-2ccd-43ed-99f2-d883aa319fe4" />
      <TestMethod codeBase="C:\Projekty\NUnitTestProject\bin\Debug\netcoreapp3.1\NUnitTestProject.dll" adapterTypeName="executor://nunit3testexecutor/" className="NUnitTestProject.CurrencyHelperTests" name="FormatToStringTest1000(16902.50568789314d,&quot;16902.51 zł&quot;)" />
    </UnitTest>
    <UnitTest name="FormatToStringTest1000(22799.991836491965d,&quot;22799.99 zł&quot;)" storage="c:\projekty\nunittestproject\bin\debug\netcoreapp3.1\nunittestproject.dll" id="c19bcdf9-7163-0762-fc75-0cd4559b2da8">
      <Execution id="ce84c8c0-4b57-4e09-9d9b-60d5cee30f5d" />
      <TestMethod codeBase="C:\Projekty\NUnitTestProject\bin\Debug\netcoreapp3.1\NUnitTestProject.dll" adapterTypeName="executor://nunit3testexecutor/" className="NUnitTestProject.CurrencyHelperTests" name="FormatToStringTest1000(22799.991836491965d,&quot;22799.99 zł&quot;)" />
    </UnitTest>
    <UnitTest name="FormatToStringTest1000(11.555284778846096d,&quot;11.56 zł&quot;)" storage="c:\projekty\nunittestproject\bin\debug\netcoreapp3.1\nunittestproject.dll" id="7904b819-04ff-ce91-7814-899d505d8f94">
      <Execution id="243a4359-3bf4-43a0-9f7c-0a9f5f88e4e5" />
      <TestMethod codeBase="C:\Projekty\NUnitTestProject\bin\Debug\netcoreapp3.1\NUnitTestProject.dll" adapterTypeName="executor://nunit3testexecutor/" className="NUnitTestProject.CurrencyHelperTests" name="FormatToStringTest1000(11.555284778846096d,&quot;11.56 zł&quot;)" />
    </UnitTest>
    <UnitTest name="FormatToStringTest1000(29917.15005391145d,&quot;29917.15 zł&quot;)" storage="c:\projekty\nunittestproject\bin\debug\netcoreapp3.1\nunittestproject.dll" id="628515ca-7a61-a487-4f7e-7b39d713c401">
      <Execution id="574db156-badd-4f37-9d1b-478f7553c6ab" />
      <TestMethod codeBase="C:\Projekty\NUnitTestProject\bin\Debug\netcoreapp3.1\NUnitTestProject.dll" adapterTypeName="executor://nunit3testexecutor/" className="NUnitTestProject.CurrencyHelperTests" name="FormatToStringTest1000(29917.15005391145d,&quot;29917.15 zł&quot;)" />
    </UnitTest>
    <UnitTest name="FormatToStringTest1000(10527.083945901639d,&quot;10527.08 zł&quot;)" storage="c:\projekty\nunittestproject\bin\debug\netcoreapp3.1\nunittestproject.dll" id="9aef4d88-299a-c26b-3a27-57af3cba67d3">
      <Execution id="6e0f4350-fd80-4753-8528-2804f4f75d6d" />
      <TestMethod codeBase="C:\Projekty\NUnitTestProject\bin\Debug\netcoreapp3.1\NUnitTestProject.dll" adapterTypeName="executor://nunit3testexecutor/" className="NUnitTestProject.CurrencyHelperTests" name="FormatToStringTest1000(10527.083945901639d,&quot;10527.08 zł&quot;)" />
    </UnitTest>
    <UnitTest name="FormatToStringTest1000(8514.837538072763d,&quot;8514.84 zł&quot;)" storage="c:\projekty\nunittestproject\bin\debug\netcoreapp3.1\nunittestproject.dll" id="13d2b3bb-af6c-2786-7b3d-1db93b9fedf2">
      <Execution id="fb5bc917-0728-48da-b603-5179cfed8b31" />
      <TestMethod codeBase="C:\Projekty\NUnitTestProject\bin\Debug\netcoreapp3.1\NUnitTestProject.dll" adapterTypeName="executor://nunit3testexecutor/" className="NUnitTestProject.CurrencyHelperTests" name="FormatToStringTest1000(8514.837538072763d,&quot;8514.84 zł&quot;)" />
    </UnitTest>
    <UnitTest name="FormatToStringTest1000(6145.531235831571d,&quot;6145.53 zł&quot;)" storage="c:\projekty\nunittestproject\bin\debug\netcoreapp3.1\nunittestproject.dll" id="28a678d1-0284-2779-ed67-e16002278e6b">
      <Execution id="42faf909-794e-42fc-8025-7de4f75b575e" />
      <TestMethod codeBase="C:\Projekty\NUnitTestProject\bin\Debug\netcoreapp3.1\NUnitTestProject.dll" adapterTypeName="executor://nunit3testexecutor/" className="NUnitTestProject.CurrencyHelperTests" name="FormatToStringTest1000(6145.531235831571d,&quot;6145.53 zł&quot;)" />
    </UnitTest>
    <UnitTest name="FormatToStringTest1000(26133.133789601336d,&quot;26133.13 zł&quot;)" storage="c:\projekty\nunittestproject\bin\debug\netcoreapp3.1\nunittestproject.dll" id="01cb383a-3e5a-acd0-bce9-5df29c661a7c">
      <Execution id="385719c5-9172-406a-aebf-75b80229e8b5" />
      <TestMethod codeBase="C:\Projekty\NUnitTestProject\bin\Debug\netcoreapp3.1\NUnitTestProject.dll" adapterTypeName="executor://nunit3testexecutor/" className="NUnitTestProject.CurrencyHelperTests" name="FormatToStringTest1000(26133.133789601336d,&quot;26133.13 zł&quot;)" />
    </UnitTest>
    <UnitTest name="FormatToStringTest1000(57525.72988993569d,&quot;57525.73 zł&quot;)" storage="c:\projekty\nunittestproject\bin\debug\netcoreapp3.1\nunittestproject.dll" id="3d581e6e-ac62-d984-1637-f1fef62a5597">
      <Execution id="f8670bf5-e6c0-4151-a4d5-d89454fadd3f" />
      <TestMethod codeBase="C:\Projekty\NUnitTestProject\bin\Debug\netcoreapp3.1\NUnitTestProject.dll" adapterTypeName="executor://nunit3testexecutor/" className="NUnitTestProject.CurrencyHelperTests" name="FormatToStringTest1000(57525.72988993569d,&quot;57525.73 zł&quot;)" />
    </UnitTest>
    <UnitTest name="FormatToStringTest1000(23120.169499649743d,&quot;23120.17 zł&quot;)" storage="c:\projekty\nunittestproject\bin\debug\netcoreapp3.1\nunittestproject.dll" id="4d74b8de-5123-86ec-ab4f-2d4ce6434a23">
      <Execution id="72d45fba-7760-4a3e-b320-45e17cc5e6ac" />
      <TestMethod codeBase="C:\Projekty\NUnitTestProject\bin\Debug\netcoreapp3.1\NUnitTestProject.dll" adapterTypeName="executor://nunit3testexecutor/" className="NUnitTestProject.CurrencyHelperTests" name="FormatToStringTest1000(23120.169499649743d,&quot;23120.17 zł&quot;)" />
    </UnitTest>
    <UnitTest name="FormatToStringTest1000(1474.699818629166d,&quot;1474.70 zł&quot;)" storage="c:\projekty\nunittestproject\bin\debug\netcoreapp3.1\nunittestproject.dll" id="a4acc92f-0c67-48bb-4524-7ef3c007ffb4">
      <Execution id="38607526-a0a0-495f-8be5-f367c9b283d1" />
      <TestMethod codeBase="C:\Projekty\NUnitTestProject\bin\Debug\netcoreapp3.1\NUnitTestProject.dll" adapterTypeName="executor://nunit3testexecutor/" className="NUnitTestProject.CurrencyHelperTests" name="FormatToStringTest1000(1474.699818629166d,&quot;1474.70 zł&quot;)" />
    </UnitTest>
    <UnitTest name="FormatToStringTest1000(90187.4082624374d,&quot;90187.41 zł&quot;)" storage="c:\projekty\nunittestproject\bin\debug\netcoreapp3.1\nunittestproject.dll" id="25c75db4-22d0-52b7-8169-fe8bfa7112f2">
      <Execution id="61444719-e9af-4529-accc-0def5e6acef6" />
      <TestMethod codeBase="C:\Projekty\NUnitTestProject\bin\Debug\netcoreapp3.1\NUnitTestProject.dll" adapterTypeName="executor://nunit3testexecutor/" className="NUnitTestProject.CurrencyHelperTests" name="FormatToStringTest1000(90187.4082624374d,&quot;90187.41 zł&quot;)" />
    </UnitTest>
    <UnitTest name="FormatToStringTest1000(30722.846572104303d,&quot;30722.85 zł&quot;)" storage="c:\projekty\nunittestproject\bin\debug\netcoreapp3.1\nunittestproject.dll" id="c994fcbd-cf70-f011-3e5f-4e6d74bb71af">
      <Execution id="d81e525e-1ff3-4a1b-84c5-ad533761c83e" />
      <TestMethod codeBase="C:\Projekty\NUnitTestProject\bin\Debug\netcoreapp3.1\NUnitTestProject.dll" adapterTypeName="executor://nunit3testexecutor/" className="NUnitTestProject.CurrencyHelperTests" name="FormatToStringTest1000(30722.846572104303d,&quot;30722.85 zł&quot;)" />
    </UnitTest>
    <UnitTest name="FormatToStringTest1000(17031.365705376662d,&quot;17031.37 zł&quot;)" storage="c:\projekty\nunittestproject\bin\debug\netcoreapp3.1\nunittestproject.dll" id="0978a2bb-d483-0479-bb70-260f687971c0">
      <Execution id="0af3bd42-f641-41ae-a76c-63bf963306da" />
      <TestMethod codeBase="C:\Projekty\NUnitTestProject\bin\Debug\netcoreapp3.1\NUnitTestProject.dll" adapterTypeName="executor://nunit3testexecutor/" className="NUnitTestProject.CurrencyHelperTests" name="FormatToStringTest1000(17031.365705376662d,&quot;17031.37 zł&quot;)" />
    </UnitTest>
    <UnitTest name="FormatToStringTest1000(89093.57120939044d,&quot;89093.57 zł&quot;)" storage="c:\projekty\nunittestproject\bin\debug\netcoreapp3.1\nunittestproject.dll" id="5e7725a9-9983-9545-b4e7-12fe284e2a95">
      <Execution id="89cbcfb3-b814-4e11-b555-8101c5e17d7a" />
      <TestMethod codeBase="C:\Projekty\NUnitTestProject\bin\Debug\netcoreapp3.1\NUnitTestProject.dll" adapterTypeName="executor://nunit3testexecutor/" className="NUnitTestProject.CurrencyHelperTests" name="FormatToStringTest1000(89093.57120939044d,&quot;89093.57 zł&quot;)" />
    </UnitTest>
    <UnitTest name="FormatToStringTest1000(5108.217389855635d,&quot;5108.22 zł&quot;)" storage="c:\projekty\nunittestproject\bin\debug\netcoreapp3.1\nunittestproject.dll" id="1440a184-8a0a-3d08-19bf-ac2d32351c96">
      <Execution id="b2b60bfc-e44f-4898-acb6-6513524b977b" />
      <TestMethod codeBase="C:\Projekty\NUnitTestProject\bin\Debug\netcoreapp3.1\NUnitTestProject.dll" adapterTypeName="executor://nunit3testexecutor/" className="NUnitTestProject.CurrencyHelperTests" name="FormatToStringTest1000(5108.217389855635d,&quot;5108.22 zł&quot;)" />
    </UnitTest>
    <UnitTest name="FormatToStringTest1000(24566.50251371856d,&quot;24566.50 zł&quot;)" storage="c:\projekty\nunittestproject\bin\debug\netcoreapp3.1\nunittestproject.dll" id="b4887e38-5397-4610-6733-1d86030ec9ea">
      <Execution id="93212945-6db7-4601-b824-d74399ab2c34" />
      <TestMethod codeBase="C:\Projekty\NUnitTestProject\bin\Debug\netcoreapp3.1\NUnitTestProject.dll" adapterTypeName="executor://nunit3testexecutor/" className="NUnitTestProject.CurrencyHelperTests" name="FormatToStringTest1000(24566.50251371856d,&quot;24566.50 zł&quot;)" />
    </UnitTest>
    <UnitTest name="FormatToStringTest1000(806.960597043373d,&quot;806.96 zł&quot;)" storage="c:\projekty\nunittestproject\bin\debug\netcoreapp3.1\nunittestproject.dll" id="25e8173f-164f-a6d3-7781-f064566ee4cd">
      <Execution id="b454bef2-b8af-4d34-a30f-485f0a879cda" />
      <TestMethod codeBase="C:\Projekty\NUnitTestProject\bin\Debug\netcoreapp3.1\NUnitTestProject.dll" adapterTypeName="executor://nunit3testexecutor/" className="NUnitTestProject.CurrencyHelperTests" name="FormatToStringTest1000(806.960597043373d,&quot;806.96 zł&quot;)" />
    </UnitTest>
    <UnitTest name="FormatToStringTest1000(58191.92113629585d,&quot;58191.92 zł&quot;)" storage="c:\projekty\nunittestproject\bin\debug\netcoreapp3.1\nunittestproject.dll" id="95bbb276-fcbd-d5d6-e9a9-e6e9fe02935a">
      <Execution id="c1fd6c90-a33a-4fb9-bce9-865f98271168" />
      <TestMethod codeBase="C:\Projekty\NUnitTestProject\bin\Debug\netcoreapp3.1\NUnitTestProject.dll" adapterTypeName="executor://nunit3testexecutor/" className="NUnitTestProject.CurrencyHelperTests" name="FormatToStringTest1000(58191.92113629585d,&quot;58191.92 zł&quot;)" />
    </UnitTest>
    <UnitTest name="FormatToStringTest1000(58111.21259843521d,&quot;58111.21 zł&quot;)" storage="c:\projekty\nunittestproject\bin\debug\netcoreapp3.1\nunittestproject.dll" id="b3d20388-ddfe-493d-dfad-f423fc621b48">
      <Execution id="103f34ba-a365-4a66-b491-9ef64b3c3c15" />
      <TestMethod codeBase="C:\Projekty\NUnitTestProject\bin\Debug\netcoreapp3.1\NUnitTestProject.dll" adapterTypeName="executor://nunit3testexecutor/" className="NUnitTestProject.CurrencyHelperTests" name="FormatToStringTest1000(58111.21259843521d,&quot;58111.21 zł&quot;)" />
    </UnitTest>
    <UnitTest name="FormatToStringTest1000(14100.01255469211d,&quot;14100.01 zł&quot;)" storage="c:\projekty\nunittestproject\bin\debug\netcoreapp3.1\nunittestproject.dll" id="ccf96e16-5dc0-3f30-2892-511f78cf3dfc">
      <Execution id="69547c60-b616-4577-b932-3673a4e12e0f" />
      <TestMethod codeBase="C:\Projekty\NUnitTestProject\bin\Debug\netcoreapp3.1\NUnitTestProject.dll" adapterTypeName="executor://nunit3testexecutor/" className="NUnitTestProject.CurrencyHelperTests" name="FormatToStringTest1000(14100.01255469211d,&quot;14100.01 zł&quot;)" />
    </UnitTest>
    <UnitTest name="FormatToStringTest1000(10511.7304983189d,&quot;10511.73 zł&quot;)" storage="c:\projekty\nunittestproject\bin\debug\netcoreapp3.1\nunittestproject.dll" id="00c173aa-365e-0279-47ce-e69aab924076">
      <Execution id="3d7023ba-d1c6-4450-bfa4-5c04683db9a2" />
      <TestMethod codeBase="C:\Projekty\NUnitTestProject\bin\Debug\netcoreapp3.1\NUnitTestProject.dll" adapterTypeName="executor://nunit3testexecutor/" className="NUnitTestProject.CurrencyHelperTests" name="FormatToStringTest1000(10511.7304983189d,&quot;10511.73 zł&quot;)" />
    </UnitTest>
    <UnitTest name="FormatToStringTest1000(13681.607566007231d,&quot;13681.61 zł&quot;)" storage="c:\projekty\nunittestproject\bin\debug\netcoreapp3.1\nunittestproject.dll" id="8951be4f-c5d7-21a4-85c8-2fc370bed815">
      <Execution id="7d7d3730-790f-4710-99e5-0867c569de5d" />
      <TestMethod codeBase="C:\Projekty\NUnitTestProject\bin\Debug\netcoreapp3.1\NUnitTestProject.dll" adapterTypeName="executor://nunit3testexecutor/" className="NUnitTestProject.CurrencyHelperTests" name="FormatToStringTest1000(13681.607566007231d,&quot;13681.61 zł&quot;)" />
    </UnitTest>
    <UnitTest name="FormatToStringTest1000(23684.695462791573d,&quot;23684.70 zł&quot;)" storage="c:\projekty\nunittestproject\bin\debug\netcoreapp3.1\nunittestproject.dll" id="b079a5c8-df38-5909-534e-204d0d33ecf8">
      <Execution id="82cb3dec-b5d4-4fde-bb58-86a2353e54c4" />
      <TestMethod codeBase="C:\Projekty\NUnitTestProject\bin\Debug\netcoreapp3.1\NUnitTestProject.dll" adapterTypeName="executor://nunit3testexecutor/" className="NUnitTestProject.CurrencyHelperTests" name="FormatToStringTest1000(23684.695462791573d,&quot;23684.70 zł&quot;)" />
    </UnitTest>
    <UnitTest name="FormatToStringTest1000(2951.2722077329045d,&quot;2951.27 zł&quot;)" storage="c:\projekty\nunittestproject\bin\debug\netcoreapp3.1\nunittestproject.dll" id="92e23589-82d8-4d27-764e-fa018e45b747">
      <Execution id="3a2c9c1d-896b-4600-9654-b248455522ee" />
      <TestMethod codeBase="C:\Projekty\NUnitTestProject\bin\Debug\netcoreapp3.1\NUnitTestProject.dll" adapterTypeName="executor://nunit3testexecutor/" className="NUnitTestProject.CurrencyHelperTests" name="FormatToStringTest1000(2951.2722077329045d,&quot;2951.27 zł&quot;)" />
    </UnitTest>
    <UnitTest name="FormatToStringTest1000(63507.32603545455d,&quot;63507.33 zł&quot;)" storage="c:\projekty\nunittestproject\bin\debug\netcoreapp3.1\nunittestproject.dll" id="d26e5e0e-e63b-6a1f-1d40-d2dc8692bbaf">
      <Execution id="0b59e709-9dcb-427e-b382-38b3e7258616" />
      <TestMethod codeBase="C:\Projekty\NUnitTestProject\bin\Debug\netcoreapp3.1\NUnitTestProject.dll" adapterTypeName="executor://nunit3testexecutor/" className="NUnitTestProject.CurrencyHelperTests" name="FormatToStringTest1000(63507.32603545455d,&quot;63507.33 zł&quot;)" />
    </UnitTest>
    <UnitTest name="FormatToStringTest1000(5961.755129208674d,&quot;5961.76 zł&quot;)" storage="c:\projekty\nunittestproject\bin\debug\netcoreapp3.1\nunittestproject.dll" id="c1905b94-6245-64ed-8028-a7655f8970eb">
      <Execution id="25776a90-bcb2-4b13-b1bf-705fc13a1279" />
      <TestMethod codeBase="C:\Projekty\NUnitTestProject\bin\Debug\netcoreapp3.1\NUnitTestProject.dll" adapterTypeName="executor://nunit3testexecutor/" className="NUnitTestProject.CurrencyHelperTests" name="FormatToStringTest1000(5961.755129208674d,&quot;5961.76 zł&quot;)" />
    </UnitTest>
    <UnitTest name="FormatToStringTest1000(36978.61073549213d,&quot;36978.61 zł&quot;)" storage="c:\projekty\nunittestproject\bin\debug\netcoreapp3.1\nunittestproject.dll" id="a461dd4d-6d71-3e10-f8bf-9d15ad34f5c8">
      <Execution id="d2e58e44-54a0-4a8d-961b-d5e96bc46f28" />
      <TestMethod codeBase="C:\Projekty\NUnitTestProject\bin\Debug\netcoreapp3.1\NUnitTestProject.dll" adapterTypeName="executor://nunit3testexecutor/" className="NUnitTestProject.CurrencyHelperTests" name="FormatToStringTest1000(36978.61073549213d,&quot;36978.61 zł&quot;)" />
    </UnitTest>
    <UnitTest name="FormatToStringTest1000(4025.728369236797d,&quot;4025.73 zł&quot;)" storage="c:\projekty\nunittestproject\bin\debug\netcoreapp3.1\nunittestproject.dll" id="b8e35215-9c02-c225-ebde-5cb2a4f46f94">
      <Execution id="de11ea99-092d-435b-b8d7-8106cb65ca8b" />
      <TestMethod codeBase="C:\Projekty\NUnitTestProject\bin\Debug\netcoreapp3.1\NUnitTestProject.dll" adapterTypeName="executor://nunit3testexecutor/" className="NUnitTestProject.CurrencyHelperTests" name="FormatToStringTest1000(4025.728369236797d,&quot;4025.73 zł&quot;)" />
    </UnitTest>
    <UnitTest name="FormatToStringTest1000(6213.265206352466d,&quot;6213.27 zł&quot;)" storage="c:\projekty\nunittestproject\bin\debug\netcoreapp3.1\nunittestproject.dll" id="47e7ec55-4391-8546-d1c3-fb5db01a41e8">
      <Execution id="b80c2524-3420-481a-b0ca-e0a53257deeb" />
      <TestMethod codeBase="C:\Projekty\NUnitTestProject\bin\Debug\netcoreapp3.1\NUnitTestProject.dll" adapterTypeName="executor://nunit3testexecutor/" className="NUnitTestProject.CurrencyHelperTests" name="FormatToStringTest1000(6213.265206352466d,&quot;6213.27 zł&quot;)" />
    </UnitTest>
    <UnitTest name="FormatToStringTest1000(57713.01647853712d,&quot;57713.02 zł&quot;)" storage="c:\projekty\nunittestproject\bin\debug\netcoreapp3.1\nunittestproject.dll" id="d29aa2a9-a943-d583-f9f3-c1d6c5281005">
      <Execution id="b665bc61-76c2-4bb4-8628-ecf52eb9024c" />
      <TestMethod codeBase="C:\Projekty\NUnitTestProject\bin\Debug\netcoreapp3.1\NUnitTestProject.dll" adapterTypeName="executor://nunit3testexecutor/" className="NUnitTestProject.CurrencyHelperTests" name="FormatToStringTest1000(57713.01647853712d,&quot;57713.02 zł&quot;)" />
    </UnitTest>
    <UnitTest name="FormatToStringTest1000(35065.40267025652d,&quot;35065.40 zł&quot;)" storage="c:\projekty\nunittestproject\bin\debug\netcoreapp3.1\nunittestproject.dll" id="2de1f6d1-4fbc-d3f7-5b38-8fabe0afe62f">
      <Execution id="fca40622-b1aa-4e56-8dae-653cd7e01a0f" />
      <TestMethod codeBase="C:\Projekty\NUnitTestProject\bin\Debug\netcoreapp3.1\NUnitTestProject.dll" adapterTypeName="executor://nunit3testexecutor/" className="NUnitTestProject.CurrencyHelperTests" name="FormatToStringTest1000(35065.40267025652d,&quot;35065.40 zł&quot;)" />
    </UnitTest>
    <UnitTest name="FormatToStringTest1000(3846.644792262765d,&quot;3846.64 zł&quot;)" storage="c:\projekty\nunittestproject\bin\debug\netcoreapp3.1\nunittestproject.dll" id="aadeeabc-272f-9cbf-16ad-69443e81df6f">
      <Execution id="bba1ad06-05ba-4a20-87ea-87de50b283a1" />
      <TestMethod codeBase="C:\Projekty\NUnitTestProject\bin\Debug\netcoreapp3.1\NUnitTestProject.dll" adapterTypeName="executor://nunit3testexecutor/" className="NUnitTestProject.CurrencyHelperTests" name="FormatToStringTest1000(3846.644792262765d,&quot;3846.64 zł&quot;)" />
    </UnitTest>
    <UnitTest name="FormatToStringTest1000(37889.10086727193d,&quot;37889.10 zł&quot;)" storage="c:\projekty\nunittestproject\bin\debug\netcoreapp3.1\nunittestproject.dll" id="7e773498-17b4-9b46-23f5-2783933d2759">
      <Execution id="6b89fd99-4d33-4dd6-891a-ace956ce2765" />
      <TestMethod codeBase="C:\Projekty\NUnitTestProject\bin\Debug\netcoreapp3.1\NUnitTestProject.dll" adapterTypeName="executor://nunit3testexecutor/" className="NUnitTestProject.CurrencyHelperTests" name="FormatToStringTest1000(37889.10086727193d,&quot;37889.10 zł&quot;)" />
    </UnitTest>
    <UnitTest name="FormatToStringTest1000(7458.609645228652d,&quot;7458.61 zł&quot;)" storage="c:\projekty\nunittestproject\bin\debug\netcoreapp3.1\nunittestproject.dll" id="f2fa6d2d-1c35-dcc0-50da-39045d7858e4">
      <Execution id="cb183a1d-ea1c-4507-a73c-837663c038fb" />
      <TestMethod codeBase="C:\Projekty\NUnitTestProject\bin\Debug\netcoreapp3.1\NUnitTestProject.dll" adapterTypeName="executor://nunit3testexecutor/" className="NUnitTestProject.CurrencyHelperTests" name="FormatToStringTest1000(7458.609645228652d,&quot;7458.61 zł&quot;)" />
    </UnitTest>
    <UnitTest name="FormatToStringTest1000(4614.673205890541d,&quot;4614.67 zł&quot;)" storage="c:\projekty\nunittestproject\bin\debug\netcoreapp3.1\nunittestproject.dll" id="da1a6990-7ab2-9cdb-3d5d-e5366899dffb">
      <Execution id="596dd15e-f602-45e4-a79f-9d2bc26b702e" />
      <TestMethod codeBase="C:\Projekty\NUnitTestProject\bin\Debug\netcoreapp3.1\NUnitTestProject.dll" adapterTypeName="executor://nunit3testexecutor/" className="NUnitTestProject.CurrencyHelperTests" name="FormatToStringTest1000(4614.673205890541d,&quot;4614.67 zł&quot;)" />
    </UnitTest>
    <UnitTest name="FormatToStringTest1000(6102.4120417453405d,&quot;6102.41 zł&quot;)" storage="c:\projekty\nunittestproject\bin\debug\netcoreapp3.1\nunittestproject.dll" id="098a6c08-89e3-c4e2-de2b-7f783c0ba1b5">
      <Execution id="2f9a60af-bfde-4594-b10c-ddb9e90f8b6e" />
      <TestMethod codeBase="C:\Projekty\NUnitTestProject\bin\Debug\netcoreapp3.1\NUnitTestProject.dll" adapterTypeName="executor://nunit3testexecutor/" className="NUnitTestProject.CurrencyHelperTests" name="FormatToStringTest1000(6102.4120417453405d,&quot;6102.41 zł&quot;)" />
    </UnitTest>
    <UnitTest name="FormatToStringTest1000(18490.912787030877d,&quot;18490.91 zł&quot;)" storage="c:\projekty\nunittestproject\bin\debug\netcoreapp3.1\nunittestproject.dll" id="05be2e04-a7a4-ec81-8b2e-19e4e2cd04d0">
      <Execution id="eb78d1b6-3546-485b-9c93-05ee0f518db2" />
      <TestMethod codeBase="C:\Projekty\NUnitTestProject\bin\Debug\netcoreapp3.1\NUnitTestProject.dll" adapterTypeName="executor://nunit3testexecutor/" className="NUnitTestProject.CurrencyHelperTests" name="FormatToStringTest1000(18490.912787030877d,&quot;18490.91 zł&quot;)" />
    </UnitTest>
    <UnitTest name="FormatToStringTest1000(25135.10315489727d,&quot;25135.10 zł&quot;)" storage="c:\projekty\nunittestproject\bin\debug\netcoreapp3.1\nunittestproject.dll" id="91b3bd83-c5b8-4706-180f-6fac0dae10f8">
      <Execution id="a9ea7d3d-2209-47a4-a7c6-9c451471eff9" />
      <TestMethod codeBase="C:\Projekty\NUnitTestProject\bin\Debug\netcoreapp3.1\NUnitTestProject.dll" adapterTypeName="executor://nunit3testexecutor/" className="NUnitTestProject.CurrencyHelperTests" name="FormatToStringTest1000(25135.10315489727d,&quot;25135.10 zł&quot;)" />
    </UnitTest>
    <UnitTest name="FormatToStringTest1000(19873.59831658453d,&quot;19873.60 zł&quot;)" storage="c:\projekty\nunittestproject\bin\debug\netcoreapp3.1\nunittestproject.dll" id="0736f335-702e-d9c8-77f1-e0501c90e917">
      <Execution id="13b0009f-aa15-4cce-8be5-adf6a07fb03b" />
      <TestMethod codeBase="C:\Projekty\NUnitTestProject\bin\Debug\netcoreapp3.1\NUnitTestProject.dll" adapterTypeName="executor://nunit3testexecutor/" className="NUnitTestProject.CurrencyHelperTests" name="FormatToStringTest1000(19873.59831658453d,&quot;19873.60 zł&quot;)" />
    </UnitTest>
    <UnitTest name="FormatToStringTest1000(16282.687804925576d,&quot;16282.69 zł&quot;)" storage="c:\projekty\nunittestproject\bin\debug\netcoreapp3.1\nunittestproject.dll" id="9b2f9530-d092-f9c3-dae1-2f483cfeb52d">
      <Execution id="c75ac01f-1ed4-411b-81c8-c32667992727" />
      <TestMethod codeBase="C:\Projekty\NUnitTestProject\bin\Debug\netcoreapp3.1\NUnitTestProject.dll" adapterTypeName="executor://nunit3testexecutor/" className="NUnitTestProject.CurrencyHelperTests" name="FormatToStringTest1000(16282.687804925576d,&quot;16282.69 zł&quot;)" />
    </UnitTest>
    <UnitTest name="FormatToStringTest1000(32216.686763396807d,&quot;32216.69 zł&quot;)" storage="c:\projekty\nunittestproject\bin\debug\netcoreapp3.1\nunittestproject.dll" id="712c2678-6c5e-0050-868a-1155d0b4fa06">
      <Execution id="95792da2-e9a6-4d9f-ade6-0e24db25c84c" />
      <TestMethod codeBase="C:\Projekty\NUnitTestProject\bin\Debug\netcoreapp3.1\NUnitTestProject.dll" adapterTypeName="executor://nunit3testexecutor/" className="NUnitTestProject.CurrencyHelperTests" name="FormatToStringTest1000(32216.686763396807d,&quot;32216.69 zł&quot;)" />
    </UnitTest>
    <UnitTest name="FormatToStringTest1000(577.6071367564645d,&quot;577.61 zł&quot;)" storage="c:\projekty\nunittestproject\bin\debug\netcoreapp3.1\nunittestproject.dll" id="379512c8-8994-594d-a3c0-6d675c1d8949">
      <Execution id="d9b9cdb8-f0a1-48bd-bb89-51e2ee35a430" />
      <TestMethod codeBase="C:\Projekty\NUnitTestProject\bin\Debug\netcoreapp3.1\NUnitTestProject.dll" adapterTypeName="executor://nunit3testexecutor/" className="NUnitTestProject.CurrencyHelperTests" name="FormatToStringTest1000(577.6071367564645d,&quot;577.61 zł&quot;)" />
    </UnitTest>
    <UnitTest name="FormatToStringTest1000(5855.75080885354d,&quot;5855.75 zł&quot;)" storage="c:\projekty\nunittestproject\bin\debug\netcoreapp3.1\nunittestproject.dll" id="184b236a-96f5-5ef7-81e9-55fd01a96b10">
      <Execution id="3c54e71b-5f9e-4a2c-8182-60d2481de968" />
      <TestMethod codeBase="C:\Projekty\NUnitTestProject\bin\Debug\netcoreapp3.1\NUnitTestProject.dll" adapterTypeName="executor://nunit3testexecutor/" className="NUnitTestProject.CurrencyHelperTests" name="FormatToStringTest1000(5855.75080885354d,&quot;5855.75 zł&quot;)" />
    </UnitTest>
    <UnitTest name="FormatToStringTest1000(22017.250119325356d,&quot;22017.25 zł&quot;)" storage="c:\projekty\nunittestproject\bin\debug\netcoreapp3.1\nunittestproject.dll" id="17ffc344-aceb-1f84-f3bf-8205c38e1b46">
      <Execution id="ab05d075-2182-4c22-9116-9daf8c364f6e" />
      <TestMethod codeBase="C:\Projekty\NUnitTestProject\bin\Debug\netcoreapp3.1\NUnitTestProject.dll" adapterTypeName="executor://nunit3testexecutor/" className="NUnitTestProject.CurrencyHelperTests" name="FormatToStringTest1000(22017.250119325356d,&quot;22017.25 zł&quot;)" />
    </UnitTest>
    <UnitTest name="FormatToStringTest1000(30807.823896702295d,&quot;30807.82 zł&quot;)" storage="c:\projekty\nunittestproject\bin\debug\netcoreapp3.1\nunittestproject.dll" id="165a8b6f-de27-26f0-6a14-cdb34a40f4c2">
      <Execution id="d34d02c9-0f76-43f6-b69b-e9b7c7685304" />
      <TestMethod codeBase="C:\Projekty\NUnitTestProject\bin\Debug\netcoreapp3.1\NUnitTestProject.dll" adapterTypeName="executor://nunit3testexecutor/" className="NUnitTestProject.CurrencyHelperTests" name="FormatToStringTest1000(30807.823896702295d,&quot;30807.82 zł&quot;)" />
    </UnitTest>
    <UnitTest name="FormatToStringTest1000(7716.571614765363d,&quot;7716.57 zł&quot;)" storage="c:\projekty\nunittestproject\bin\debug\netcoreapp3.1\nunittestproject.dll" id="0186510a-61e4-d437-2bd3-30738b03ed56">
      <Execution id="6b9dbea5-e615-4cfb-8d78-daa97139ab65" />
      <TestMethod codeBase="C:\Projekty\NUnitTestProject\bin\Debug\netcoreapp3.1\NUnitTestProject.dll" adapterTypeName="executor://nunit3testexecutor/" className="NUnitTestProject.CurrencyHelperTests" name="FormatToStringTest1000(7716.571614765363d,&quot;7716.57 zł&quot;)" />
    </UnitTest>
    <UnitTest name="FormatToStringTest1000(49416.285282306504d,&quot;49416.29 zł&quot;)" storage="c:\projekty\nunittestproject\bin\debug\netcoreapp3.1\nunittestproject.dll" id="b1d26b6f-e2ab-c7af-55d4-4d9f04f43eca">
      <Execution id="0cf7dc59-377b-4da1-b423-676fa9df4b8b" />
      <TestMethod codeBase="C:\Projekty\NUnitTestProject\bin\Debug\netcoreapp3.1\NUnitTestProject.dll" adapterTypeName="executor://nunit3testexecutor/" className="NUnitTestProject.CurrencyHelperTests" name="FormatToStringTest1000(49416.285282306504d,&quot;49416.29 zł&quot;)" />
    </UnitTest>
    <UnitTest name="FormatToStringTest1000(9994.9471861026d,&quot;9994.95 zł&quot;)" storage="c:\projekty\nunittestproject\bin\debug\netcoreapp3.1\nunittestproject.dll" id="e6fa545c-dab4-f63e-4e3b-21ea6de7572d">
      <Execution id="5a1aa821-278e-4dd0-b876-e60d7250efb8" />
      <TestMethod codeBase="C:\Projekty\NUnitTestProject\bin\Debug\netcoreapp3.1\NUnitTestProject.dll" adapterTypeName="executor://nunit3testexecutor/" className="NUnitTestProject.CurrencyHelperTests" name="FormatToStringTest1000(9994.9471861026d,&quot;9994.95 zł&quot;)" />
    </UnitTest>
    <UnitTest name="FormatToStringTest1000(24251.68593564848d,&quot;24251.69 zł&quot;)" storage="c:\projekty\nunittestproject\bin\debug\netcoreapp3.1\nunittestproject.dll" id="19f5bc79-d564-bb1a-c016-f7779e568c5d">
      <Execution id="053b62dc-6226-4b92-8ddb-e89b2b9856bc" />
      <TestMethod codeBase="C:\Projekty\NUnitTestProject\bin\Debug\netcoreapp3.1\NUnitTestProject.dll" adapterTypeName="executor://nunit3testexecutor/" className="NUnitTestProject.CurrencyHelperTests" name="FormatToStringTest1000(24251.68593564848d,&quot;24251.69 zł&quot;)" />
    </UnitTest>
    <UnitTest name="FormatToStringTest1000(8582.709131852587d,&quot;8582.71 zł&quot;)" storage="c:\projekty\nunittestproject\bin\debug\netcoreapp3.1\nunittestproject.dll" id="380eb0c8-d6f7-276e-b9b6-a564a8f6129e">
      <Execution id="322397fa-1d74-4e2c-b52a-fbf528b1f37c" />
      <TestMethod codeBase="C:\Projekty\NUnitTestProject\bin\Debug\netcoreapp3.1\NUnitTestProject.dll" adapterTypeName="executor://nunit3testexecutor/" className="NUnitTestProject.CurrencyHelperTests" name="FormatToStringTest1000(8582.709131852587d,&quot;8582.71 zł&quot;)" />
    </UnitTest>
    <UnitTest name="FormatToStringTest1000(26843.15785584932d,&quot;26843.16 zł&quot;)" storage="c:\projekty\nunittestproject\bin\debug\netcoreapp3.1\nunittestproject.dll" id="4195877a-ded9-22b8-62f7-465d0dab0554">
      <Execution id="92148a20-aba4-4904-a63e-6988456a00c5" />
      <TestMethod codeBase="C:\Projekty\NUnitTestProject\bin\Debug\netcoreapp3.1\NUnitTestProject.dll" adapterTypeName="executor://nunit3testexecutor/" className="NUnitTestProject.CurrencyHelperTests" name="FormatToStringTest1000(26843.15785584932d,&quot;26843.16 zł&quot;)" />
    </UnitTest>
    <UnitTest name="FormatToStringTest1000(25882.451101077d,&quot;25882.45 zł&quot;)" storage="c:\projekty\nunittestproject\bin\debug\netcoreapp3.1\nunittestproject.dll" id="61eb0848-4e9b-4d1d-2e7a-801bcb7d8307">
      <Execution id="cdae2d87-a6ba-4f26-a2b5-282fd2f2de6f" />
      <TestMethod codeBase="C:\Projekty\NUnitTestProject\bin\Debug\netcoreapp3.1\NUnitTestProject.dll" adapterTypeName="executor://nunit3testexecutor/" className="NUnitTestProject.CurrencyHelperTests" name="FormatToStringTest1000(25882.451101077d,&quot;25882.45 zł&quot;)" />
    </UnitTest>
    <UnitTest name="FormatToStringTest1000(52481.07276821932d,&quot;52481.07 zł&quot;)" storage="c:\projekty\nunittestproject\bin\debug\netcoreapp3.1\nunittestproject.dll" id="ad74bc79-5a2e-0559-0112-48492a8006d2">
      <Execution id="1ccca771-dba3-4b1a-a9cd-60f3c4d9e905" />
      <TestMethod codeBase="C:\Projekty\NUnitTestProject\bin\Debug\netcoreapp3.1\NUnitTestProject.dll" adapterTypeName="executor://nunit3testexecutor/" className="NUnitTestProject.CurrencyHelperTests" name="FormatToStringTest1000(52481.07276821932d,&quot;52481.07 zł&quot;)" />
    </UnitTest>
    <UnitTest name="FormatToStringTest1000(8768.816937361293d,&quot;8768.82 zł&quot;)" storage="c:\projekty\nunittestproject\bin\debug\netcoreapp3.1\nunittestproject.dll" id="11ead46a-3fc2-e54b-9ee7-6572b1ea2616">
      <Execution id="55ef0012-d33b-4e67-bae1-384a3bdd11d6" />
      <TestMethod codeBase="C:\Projekty\NUnitTestProject\bin\Debug\netcoreapp3.1\NUnitTestProject.dll" adapterTypeName="executor://nunit3testexecutor/" className="NUnitTestProject.CurrencyHelperTests" name="FormatToStringTest1000(8768.816937361293d,&quot;8768.82 zł&quot;)" />
    </UnitTest>
    <UnitTest name="FormatToStringTest1000(8492.904747505161d,&quot;8492.90 zł&quot;)" storage="c:\projekty\nunittestproject\bin\debug\netcoreapp3.1\nunittestproject.dll" id="7e45dd7d-e48e-5c57-3fb0-37befdf85fdc">
      <Execution id="449824ba-4d8d-4dbf-97be-db169da89afe" />
      <TestMethod codeBase="C:\Projekty\NUnitTestProject\bin\Debug\netcoreapp3.1\NUnitTestProject.dll" adapterTypeName="executor://nunit3testexecutor/" className="NUnitTestProject.CurrencyHelperTests" name="FormatToStringTest1000(8492.904747505161d,&quot;8492.90 zł&quot;)" />
    </UnitTest>
    <UnitTest name="FormatToStringTest1000(14063.90676654871d,&quot;14063.91 zł&quot;)" storage="c:\projekty\nunittestproject\bin\debug\netcoreapp3.1\nunittestproject.dll" id="aff0dd6a-515d-d68f-384c-79614af1fe73">
      <Execution id="025ab06b-a919-4e8f-9619-4d701d6b4a1c" />
      <TestMethod codeBase="C:\Projekty\NUnitTestProject\bin\Debug\netcoreapp3.1\NUnitTestProject.dll" adapterTypeName="executor://nunit3testexecutor/" className="NUnitTestProject.CurrencyHelperTests" name="FormatToStringTest1000(14063.90676654871d,&quot;14063.91 zł&quot;)" />
    </UnitTest>
    <UnitTest name="FormatToStringTest1000(18990.72499258012d,&quot;18990.72 zł&quot;)" storage="c:\projekty\nunittestproject\bin\debug\netcoreapp3.1\nunittestproject.dll" id="bce75dbd-45ca-03c5-19ba-bad21cb2572e">
      <Execution id="4c8e9a9b-013a-4aae-b31d-cb98da578411" />
      <TestMethod codeBase="C:\Projekty\NUnitTestProject\bin\Debug\netcoreapp3.1\NUnitTestProject.dll" adapterTypeName="executor://nunit3testexecutor/" className="NUnitTestProject.CurrencyHelperTests" name="FormatToStringTest1000(18990.72499258012d,&quot;18990.72 zł&quot;)" />
    </UnitTest>
    <UnitTest name="FormatToStringTest1000(68479.93492677805d,&quot;68479.93 zł&quot;)" storage="c:\projekty\nunittestproject\bin\debug\netcoreapp3.1\nunittestproject.dll" id="73a1abc1-28a4-b23c-9ff3-4e27cf222dab">
      <Execution id="d0871028-4176-49d0-9b82-6cce4d570710" />
      <TestMethod codeBase="C:\Projekty\NUnitTestProject\bin\Debug\netcoreapp3.1\NUnitTestProject.dll" adapterTypeName="executor://nunit3testexecutor/" className="NUnitTestProject.CurrencyHelperTests" name="FormatToStringTest1000(68479.93492677805d,&quot;68479.93 zł&quot;)" />
    </UnitTest>
    <UnitTest name="FormatToStringTest1000(9774.341362926803d,&quot;9774.34 zł&quot;)" storage="c:\projekty\nunittestproject\bin\debug\netcoreapp3.1\nunittestproject.dll" id="c93cdb71-2111-93a4-4cd8-a7548cb72ed0">
      <Execution id="80918498-8308-4283-90c8-9e85a27205cc" />
      <TestMethod codeBase="C:\Projekty\NUnitTestProject\bin\Debug\netcoreapp3.1\NUnitTestProject.dll" adapterTypeName="executor://nunit3testexecutor/" className="NUnitTestProject.CurrencyHelperTests" name="FormatToStringTest1000(9774.341362926803d,&quot;9774.34 zł&quot;)" />
    </UnitTest>
    <UnitTest name="FormatToStringTest1000(41972.39431566763d,&quot;41972.39 zł&quot;)" storage="c:\projekty\nunittestproject\bin\debug\netcoreapp3.1\nunittestproject.dll" id="cbe7ad88-c615-fcac-7be4-3d317fe5861e">
      <Execution id="fd4c0413-ff49-40cd-9982-c521489050a2" />
      <TestMethod codeBase="C:\Projekty\NUnitTestProject\bin\Debug\netcoreapp3.1\NUnitTestProject.dll" adapterTypeName="executor://nunit3testexecutor/" className="NUnitTestProject.CurrencyHelperTests" name="FormatToStringTest1000(41972.39431566763d,&quot;41972.39 zł&quot;)" />
    </UnitTest>
    <UnitTest name="FormatToStringTest1000(22533.17694295811d,&quot;22533.18 zł&quot;)" storage="c:\projekty\nunittestproject\bin\debug\netcoreapp3.1\nunittestproject.dll" id="041696c1-18d1-f2dd-9a5d-5cb1c9e853ff">
      <Execution id="dd85b420-81b9-4793-94a9-8d4af226840b" />
      <TestMethod codeBase="C:\Projekty\NUnitTestProject\bin\Debug\netcoreapp3.1\NUnitTestProject.dll" adapterTypeName="executor://nunit3testexecutor/" className="NUnitTestProject.CurrencyHelperTests" name="FormatToStringTest1000(22533.17694295811d,&quot;22533.18 zł&quot;)" />
    </UnitTest>
    <UnitTest name="FormatToStringTest1000(30383.303633991305d,&quot;30383.30 zł&quot;)" storage="c:\projekty\nunittestproject\bin\debug\netcoreapp3.1\nunittestproject.dll" id="209edf4d-3b12-5a43-fec0-fca0d1a4ea6d">
      <Execution id="5e8900bb-35c6-413a-83ca-b46d675a2a2f" />
      <TestMethod codeBase="C:\Projekty\NUnitTestProject\bin\Debug\netcoreapp3.1\NUnitTestProject.dll" adapterTypeName="executor://nunit3testexecutor/" className="NUnitTestProject.CurrencyHelperTests" name="FormatToStringTest1000(30383.303633991305d,&quot;30383.30 zł&quot;)" />
    </UnitTest>
    <UnitTest name="FormatToStringTest1000(1130.8119115372242d,&quot;1130.81 zł&quot;)" storage="c:\projekty\nunittestproject\bin\debug\netcoreapp3.1\nunittestproject.dll" id="5bdb1fb9-c083-a878-8185-d4ef40939b65">
      <Execution id="033485f3-5386-451c-a491-e625c141429b" />
      <TestMethod codeBase="C:\Projekty\NUnitTestProject\bin\Debug\netcoreapp3.1\NUnitTestProject.dll" adapterTypeName="executor://nunit3testexecutor/" className="NUnitTestProject.CurrencyHelperTests" name="FormatToStringTest1000(1130.8119115372242d,&quot;1130.81 zł&quot;)" />
    </UnitTest>
    <UnitTest name="FormatToStringTest1000(5396.620088554277d,&quot;5396.62 zł&quot;)" storage="c:\projekty\nunittestproject\bin\debug\netcoreapp3.1\nunittestproject.dll" id="93356272-81f1-2ca0-6a2b-a94c51c52201">
      <Execution id="40a57789-277a-427d-9938-be2082ab43e5" />
      <TestMethod codeBase="C:\Projekty\NUnitTestProject\bin\Debug\netcoreapp3.1\NUnitTestProject.dll" adapterTypeName="executor://nunit3testexecutor/" className="NUnitTestProject.CurrencyHelperTests" name="FormatToStringTest1000(5396.620088554277d,&quot;5396.62 zł&quot;)" />
    </UnitTest>
    <UnitTest name="FormatToStringTest1000(15669.698889610218d,&quot;15669.70 zł&quot;)" storage="c:\projekty\nunittestproject\bin\debug\netcoreapp3.1\nunittestproject.dll" id="7e94e694-684d-fa09-70c8-651a86e03ea4">
      <Execution id="bc79014b-6d96-4881-9433-802a91004658" />
      <TestMethod codeBase="C:\Projekty\NUnitTestProject\bin\Debug\netcoreapp3.1\NUnitTestProject.dll" adapterTypeName="executor://nunit3testexecutor/" className="NUnitTestProject.CurrencyHelperTests" name="FormatToStringTest1000(15669.698889610218d,&quot;15669.70 zł&quot;)" />
    </UnitTest>
    <UnitTest name="FormatToStringTest1000(67338.80028760935d,&quot;67338.80 zł&quot;)" storage="c:\projekty\nunittestproject\bin\debug\netcoreapp3.1\nunittestproject.dll" id="511f69f7-a0fb-1d5f-80a7-db38c945bbc4">
      <Execution id="5b2eaeff-165c-4e20-b12b-bf05f6f17ca5" />
      <TestMethod codeBase="C:\Projekty\NUnitTestProject\bin\Debug\netcoreapp3.1\NUnitTestProject.dll" adapterTypeName="executor://nunit3testexecutor/" className="NUnitTestProject.CurrencyHelperTests" name="FormatToStringTest1000(67338.80028760935d,&quot;67338.80 zł&quot;)" />
    </UnitTest>
    <UnitTest name="FormatToStringTest1000(12187.551827252633d,&quot;12187.55 zł&quot;)" storage="c:\projekty\nunittestproject\bin\debug\netcoreapp3.1\nunittestproject.dll" id="4593d3e0-40c6-d633-5fcd-f61df33025dc">
      <Execution id="e75af51d-9bbf-4d1e-a85c-69d564d271fc" />
      <TestMethod codeBase="C:\Projekty\NUnitTestProject\bin\Debug\netcoreapp3.1\NUnitTestProject.dll" adapterTypeName="executor://nunit3testexecutor/" className="NUnitTestProject.CurrencyHelperTests" name="FormatToStringTest1000(12187.551827252633d,&quot;12187.55 zł&quot;)" />
    </UnitTest>
    <UnitTest name="FormatToStringTest1000(4857.211933034105d,&quot;4857.21 zł&quot;)" storage="c:\projekty\nunittestproject\bin\debug\netcoreapp3.1\nunittestproject.dll" id="a488094a-b6b5-d178-8919-9dcf3be59209">
      <Execution id="4ce777db-d14d-47a8-8757-fe53af3a8db2" />
      <TestMethod codeBase="C:\Projekty\NUnitTestProject\bin\Debug\netcoreapp3.1\NUnitTestProject.dll" adapterTypeName="executor://nunit3testexecutor/" className="NUnitTestProject.CurrencyHelperTests" name="FormatToStringTest1000(4857.211933034105d,&quot;4857.21 zł&quot;)" />
    </UnitTest>
    <UnitTest name="FormatToStringTest1000(74514.06270644537d,&quot;74514.06 zł&quot;)" storage="c:\projekty\nunittestproject\bin\debug\netcoreapp3.1\nunittestproject.dll" id="c2833739-846c-dde5-0033-1a2de8fc4d5a">
      <Execution id="62dda1b0-fd10-4021-8b9b-08559600ac42" />
      <TestMethod codeBase="C:\Projekty\NUnitTestProject\bin\Debug\netcoreapp3.1\NUnitTestProject.dll" adapterTypeName="executor://nunit3testexecutor/" className="NUnitTestProject.CurrencyHelperTests" name="FormatToStringTest1000(74514.06270644537d,&quot;74514.06 zł&quot;)" />
    </UnitTest>
    <UnitTest name="FormatToStringTest1000(35248.53555717996d,&quot;35248.54 zł&quot;)" storage="c:\projekty\nunittestproject\bin\debug\netcoreapp3.1\nunittestproject.dll" id="7f9e3406-835c-5c12-68cf-08b73690e2b2">
      <Execution id="3d18f727-e876-4bc5-aa7a-1416554fc48e" />
      <TestMethod codeBase="C:\Projekty\NUnitTestProject\bin\Debug\netcoreapp3.1\NUnitTestProject.dll" adapterTypeName="executor://nunit3testexecutor/" className="NUnitTestProject.CurrencyHelperTests" name="FormatToStringTest1000(35248.53555717996d,&quot;35248.54 zł&quot;)" />
    </UnitTest>
    <UnitTest name="FormatToStringTest1000(5247.779940802501d,&quot;5247.78 zł&quot;)" storage="c:\projekty\nunittestproject\bin\debug\netcoreapp3.1\nunittestproject.dll" id="112e422e-04b2-3ba3-ad56-a1e5d3cfbd79">
      <Execution id="54d3c3dc-d175-41a4-9819-c404118d31b8" />
      <TestMethod codeBase="C:\Projekty\NUnitTestProject\bin\Debug\netcoreapp3.1\NUnitTestProject.dll" adapterTypeName="executor://nunit3testexecutor/" className="NUnitTestProject.CurrencyHelperTests" name="FormatToStringTest1000(5247.779940802501d,&quot;5247.78 zł&quot;)" />
    </UnitTest>
    <UnitTest name="FormatToStringTest1000(39146.892120180135d,&quot;39146.89 zł&quot;)" storage="c:\projekty\nunittestproject\bin\debug\netcoreapp3.1\nunittestproject.dll" id="853ab17c-1011-8c0b-9611-6a309f52ffd7">
      <Execution id="6b0f749c-aca5-4cb8-8080-62c6fcd81907" />
      <TestMethod codeBase="C:\Projekty\NUnitTestProject\bin\Debug\netcoreapp3.1\NUnitTestProject.dll" adapterTypeName="executor://nunit3testexecutor/" className="NUnitTestProject.CurrencyHelperTests" name="FormatToStringTest1000(39146.892120180135d,&quot;39146.89 zł&quot;)" />
    </UnitTest>
    <UnitTest name="FormatToStringTest1000(17579.823312525088d,&quot;17579.82 zł&quot;)" storage="c:\projekty\nunittestproject\bin\debug\netcoreapp3.1\nunittestproject.dll" id="38306153-a308-b729-5fc5-ac18787be15f">
      <Execution id="6d1dafb4-22df-429d-ac8f-6cffb88233ff" />
      <TestMethod codeBase="C:\Projekty\NUnitTestProject\bin\Debug\netcoreapp3.1\NUnitTestProject.dll" adapterTypeName="executor://nunit3testexecutor/" className="NUnitTestProject.CurrencyHelperTests" name="FormatToStringTest1000(17579.823312525088d,&quot;17579.82 zł&quot;)" />
    </UnitTest>
    <UnitTest name="FormatToStringTest1000(30320.450517486992d,&quot;30320.45 zł&quot;)" storage="c:\projekty\nunittestproject\bin\debug\netcoreapp3.1\nunittestproject.dll" id="5bc31484-16d9-023b-e244-308f6e26f09a">
      <Execution id="990e2392-b6cf-4097-942c-c767f01b52c9" />
      <TestMethod codeBase="C:\Projekty\NUnitTestProject\bin\Debug\netcoreapp3.1\NUnitTestProject.dll" adapterTypeName="executor://nunit3testexecutor/" className="NUnitTestProject.CurrencyHelperTests" name="FormatToStringTest1000(30320.450517486992d,&quot;30320.45 zł&quot;)" />
    </UnitTest>
    <UnitTest name="FormatToStringTest1000(25116.590135570892d,&quot;25116.59 zł&quot;)" storage="c:\projekty\nunittestproject\bin\debug\netcoreapp3.1\nunittestproject.dll" id="3ff03a46-b206-b458-f53e-9c5468df465e">
      <Execution id="f2f0eb4b-8ae6-488a-b321-fee2a74cef0e" />
      <TestMethod codeBase="C:\Projekty\NUnitTestProject\bin\Debug\netcoreapp3.1\NUnitTestProject.dll" adapterTypeName="executor://nunit3testexecutor/" className="NUnitTestProject.CurrencyHelperTests" name="FormatToStringTest1000(25116.590135570892d,&quot;25116.59 zł&quot;)" />
    </UnitTest>
    <UnitTest name="FormatToStringTest1000(81326.3340147521d,&quot;81326.33 zł&quot;)" storage="c:\projekty\nunittestproject\bin\debug\netcoreapp3.1\nunittestproject.dll" id="1a9a0ddf-514c-baf9-413c-22119b976aa4">
      <Execution id="4c91e884-bcfa-48f1-991c-b1b50db11635" />
      <TestMethod codeBase="C:\Projekty\NUnitTestProject\bin\Debug\netcoreapp3.1\NUnitTestProject.dll" adapterTypeName="executor://nunit3testexecutor/" className="NUnitTestProject.CurrencyHelperTests" name="FormatToStringTest1000(81326.3340147521d,&quot;81326.33 zł&quot;)" />
    </UnitTest>
    <UnitTest name="FormatToStringTest1000(100.45267071130345d,&quot;100.45 zł&quot;)" storage="c:\projekty\nunittestproject\bin\debug\netcoreapp3.1\nunittestproject.dll" id="bf8e531c-343c-5c0a-d3e5-66c9023885a3">
      <Execution id="09ca64e7-ef8a-41fa-b202-309d0b7c714c" />
      <TestMethod codeBase="C:\Projekty\NUnitTestProject\bin\Debug\netcoreapp3.1\NUnitTestProject.dll" adapterTypeName="executor://nunit3testexecutor/" className="NUnitTestProject.CurrencyHelperTests" name="FormatToStringTest1000(100.45267071130345d,&quot;100.45 zł&quot;)" />
    </UnitTest>
    <UnitTest name="FormatToStringTest1000(4812.162927013898d,&quot;4812.16 zł&quot;)" storage="c:\projekty\nunittestproject\bin\debug\netcoreapp3.1\nunittestproject.dll" id="f0622268-a7b0-73db-dcaa-b07ea595271b">
      <Execution id="139bf2ae-d990-4a5a-85a7-055bdd652d79" />
      <TestMethod codeBase="C:\Projekty\NUnitTestProject\bin\Debug\netcoreapp3.1\NUnitTestProject.dll" adapterTypeName="executor://nunit3testexecutor/" className="NUnitTestProject.CurrencyHelperTests" name="FormatToStringTest1000(4812.162927013898d,&quot;4812.16 zł&quot;)" />
    </UnitTest>
    <UnitTest name="FormatToStringTest1000(2166.4103293970275d,&quot;2166.41 zł&quot;)" storage="c:\projekty\nunittestproject\bin\debug\netcoreapp3.1\nunittestproject.dll" id="b09e548c-5a83-3ac9-fa3f-e5118e38e1d9">
      <Execution id="a3d354c6-4563-44ce-bece-0b061a9d643c" />
      <TestMethod codeBase="C:\Projekty\NUnitTestProject\bin\Debug\netcoreapp3.1\NUnitTestProject.dll" adapterTypeName="executor://nunit3testexecutor/" className="NUnitTestProject.CurrencyHelperTests" name="FormatToStringTest1000(2166.4103293970275d,&quot;2166.41 zł&quot;)" />
    </UnitTest>
    <UnitTest name="FormatToStringTest1000(1562.3173604776698d,&quot;1562.32 zł&quot;)" storage="c:\projekty\nunittestproject\bin\debug\netcoreapp3.1\nunittestproject.dll" id="d187567e-7ba7-c49e-1e54-13fd327095e9">
      <Execution id="987618fd-e3fb-4011-b414-4d83a1b91d73" />
      <TestMethod codeBase="C:\Projekty\NUnitTestProject\bin\Debug\netcoreapp3.1\NUnitTestProject.dll" adapterTypeName="executor://nunit3testexecutor/" className="NUnitTestProject.CurrencyHelperTests" name="FormatToStringTest1000(1562.3173604776698d,&quot;1562.32 zł&quot;)" />
    </UnitTest>
    <UnitTest name="FormatToStringTest1000(22604.838218828587d,&quot;22604.84 zł&quot;)" storage="c:\projekty\nunittestproject\bin\debug\netcoreapp3.1\nunittestproject.dll" id="5667c806-5b5f-868c-360c-740b6f484339">
      <Execution id="ea26fb9e-0f3a-46eb-ac1d-072bf88d8375" />
      <TestMethod codeBase="C:\Projekty\NUnitTestProject\bin\Debug\netcoreapp3.1\NUnitTestProject.dll" adapterTypeName="executor://nunit3testexecutor/" className="NUnitTestProject.CurrencyHelperTests" name="FormatToStringTest1000(22604.838218828587d,&quot;22604.84 zł&quot;)" />
    </UnitTest>
    <UnitTest name="FormatToStringTest1000(12903.541202012237d,&quot;12903.54 zł&quot;)" storage="c:\projekty\nunittestproject\bin\debug\netcoreapp3.1\nunittestproject.dll" id="1ae81526-c34e-30fb-a453-ec950aa3ef1c">
      <Execution id="71b8bd26-78ef-4b20-a36d-d55be2ea2216" />
      <TestMethod codeBase="C:\Projekty\NUnitTestProject\bin\Debug\netcoreapp3.1\NUnitTestProject.dll" adapterTypeName="executor://nunit3testexecutor/" className="NUnitTestProject.CurrencyHelperTests" name="FormatToStringTest1000(12903.541202012237d,&quot;12903.54 zł&quot;)" />
    </UnitTest>
    <UnitTest name="FormatToStringTest1000(4652.407073443945d,&quot;4652.41 zł&quot;)" storage="c:\projekty\nunittestproject\bin\debug\netcoreapp3.1\nunittestproject.dll" id="bc3f5322-761c-1784-32c8-0807bc806b0a">
      <Execution id="d8411c7e-b0bf-42e1-b85d-948610ed9aa2" />
      <TestMethod codeBase="C:\Projekty\NUnitTestProject\bin\Debug\netcoreapp3.1\NUnitTestProject.dll" adapterTypeName="executor://nunit3testexecutor/" className="NUnitTestProject.CurrencyHelperTests" name="FormatToStringTest1000(4652.407073443945d,&quot;4652.41 zł&quot;)" />
    </UnitTest>
    <UnitTest name="FormatToStringTest1000(29362.005930638876d,&quot;29362.01 zł&quot;)" storage="c:\projekty\nunittestproject\bin\debug\netcoreapp3.1\nunittestproject.dll" id="5c5be749-8fc1-a0d2-2b32-3e2f32d1a7a1">
      <Execution id="2c2d9de3-1630-40e3-b95e-8b9880b1d86b" />
      <TestMethod codeBase="C:\Projekty\NUnitTestProject\bin\Debug\netcoreapp3.1\NUnitTestProject.dll" adapterTypeName="executor://nunit3testexecutor/" className="NUnitTestProject.CurrencyHelperTests" name="FormatToStringTest1000(29362.005930638876d,&quot;29362.01 zł&quot;)" />
    </UnitTest>
    <UnitTest name="FormatToStringTest1000(158.49784791027093d,&quot;158.50 zł&quot;)" storage="c:\projekty\nunittestproject\bin\debug\netcoreapp3.1\nunittestproject.dll" id="69c4777a-51de-9c54-0ee3-eb6af65c109e">
      <Execution id="76acdd42-66d6-479a-b1a8-9dbded359cc8" />
      <TestMethod codeBase="C:\Projekty\NUnitTestProject\bin\Debug\netcoreapp3.1\NUnitTestProject.dll" adapterTypeName="executor://nunit3testexecutor/" className="NUnitTestProject.CurrencyHelperTests" name="FormatToStringTest1000(158.49784791027093d,&quot;158.50 zł&quot;)" />
    </UnitTest>
    <UnitTest name="FormatToStringTest1000(40035.54711080787d,&quot;40035.55 zł&quot;)" storage="c:\projekty\nunittestproject\bin\debug\netcoreapp3.1\nunittestproject.dll" id="7ba81b36-e120-9974-bbd1-63dae796d45c">
      <Execution id="c9b065a8-1a38-464c-ba8a-927d615266ca" />
      <TestMethod codeBase="C:\Projekty\NUnitTestProject\bin\Debug\netcoreapp3.1\NUnitTestProject.dll" adapterTypeName="executor://nunit3testexecutor/" className="NUnitTestProject.CurrencyHelperTests" name="FormatToStringTest1000(40035.54711080787d,&quot;40035.55 zł&quot;)" />
    </UnitTest>
    <UnitTest name="FormatToStringTest1000(238.1379397484185d,&quot;238.14 zł&quot;)" storage="c:\projekty\nunittestproject\bin\debug\netcoreapp3.1\nunittestproject.dll" id="b781e920-c895-0d1c-5363-71c65713c53a">
      <Execution id="c8b511a3-31bf-46cc-a335-51fc894a2d40" />
      <TestMethod codeBase="C:\Projekty\NUnitTestProject\bin\Debug\netcoreapp3.1\NUnitTestProject.dll" adapterTypeName="executor://nunit3testexecutor/" className="NUnitTestProject.CurrencyHelperTests" name="FormatToStringTest1000(238.1379397484185d,&quot;238.14 zł&quot;)" />
    </UnitTest>
    <UnitTest name="FormatToStringTest1000(16986.338876065027d,&quot;16986.34 zł&quot;)" storage="c:\projekty\nunittestproject\bin\debug\netcoreapp3.1\nunittestproject.dll" id="aeefe3bf-b956-1766-ab65-91503c288180">
      <Execution id="cc9e6614-55e4-4c40-b17d-d5673e434e58" />
      <TestMethod codeBase="C:\Projekty\NUnitTestProject\bin\Debug\netcoreapp3.1\NUnitTestProject.dll" adapterTypeName="executor://nunit3testexecutor/" className="NUnitTestProject.CurrencyHelperTests" name="FormatToStringTest1000(16986.338876065027d,&quot;16986.34 zł&quot;)" />
    </UnitTest>
    <UnitTest name="FormatToStringTest1000(6170.939441211959d,&quot;6170.94 zł&quot;)" storage="c:\projekty\nunittestproject\bin\debug\netcoreapp3.1\nunittestproject.dll" id="3490543a-9aad-4d93-690a-aa8da10d1845">
      <Execution id="8256e1ab-19d7-4360-9b94-a694b5416b7d" />
      <TestMethod codeBase="C:\Projekty\NUnitTestProject\bin\Debug\netcoreapp3.1\NUnitTestProject.dll" adapterTypeName="executor://nunit3testexecutor/" className="NUnitTestProject.CurrencyHelperTests" name="FormatToStringTest1000(6170.939441211959d,&quot;6170.94 zł&quot;)" />
    </UnitTest>
    <UnitTest name="FormatToStringTest1000(66019.32414194118d,&quot;66019.32 zł&quot;)" storage="c:\projekty\nunittestproject\bin\debug\netcoreapp3.1\nunittestproject.dll" id="cee9a7d1-ec49-f6f1-a300-399ccd3bc1b7">
      <Execution id="d485716b-884d-49d5-8ea0-ce4ce51cfc4e" />
      <TestMethod codeBase="C:\Projekty\NUnitTestProject\bin\Debug\netcoreapp3.1\NUnitTestProject.dll" adapterTypeName="executor://nunit3testexecutor/" className="NUnitTestProject.CurrencyHelperTests" name="FormatToStringTest1000(66019.32414194118d,&quot;66019.32 zł&quot;)" />
    </UnitTest>
    <UnitTest name="FormatToStringTest1000(22248.263319677797d,&quot;22248.26 zł&quot;)" storage="c:\projekty\nunittestproject\bin\debug\netcoreapp3.1\nunittestproject.dll" id="f4854fd4-587a-5d07-271a-654c42d2751c">
      <Execution id="f65d659d-7bc9-42d0-a54e-163df5ea62aa" />
      <TestMethod codeBase="C:\Projekty\NUnitTestProject\bin\Debug\netcoreapp3.1\NUnitTestProject.dll" adapterTypeName="executor://nunit3testexecutor/" className="NUnitTestProject.CurrencyHelperTests" name="FormatToStringTest1000(22248.263319677797d,&quot;22248.26 zł&quot;)" />
    </UnitTest>
    <UnitTest name="FormatToStringTest1000(9867.823212210007d,&quot;9867.82 zł&quot;)" storage="c:\projekty\nunittestproject\bin\debug\netcoreapp3.1\nunittestproject.dll" id="386c80c9-6738-6119-052a-4c505d8f4e31">
      <Execution id="96257559-468c-44cc-a032-c88d24d413c3" />
      <TestMethod codeBase="C:\Projekty\NUnitTestProject\bin\Debug\netcoreapp3.1\NUnitTestProject.dll" adapterTypeName="executor://nunit3testexecutor/" className="NUnitTestProject.CurrencyHelperTests" name="FormatToStringTest1000(9867.823212210007d,&quot;9867.82 zł&quot;)" />
    </UnitTest>
    <UnitTest name="FormatToStringTest1000(8599.45217413616d,&quot;8599.45 zł&quot;)" storage="c:\projekty\nunittestproject\bin\debug\netcoreapp3.1\nunittestproject.dll" id="b707b6dd-6efb-76f3-be89-5a3ace5192c9">
      <Execution id="af73b848-2f49-4de0-96b1-3f044213e366" />
      <TestMethod codeBase="C:\Projekty\NUnitTestProject\bin\Debug\netcoreapp3.1\NUnitTestProject.dll" adapterTypeName="executor://nunit3testexecutor/" className="NUnitTestProject.CurrencyHelperTests" name="FormatToStringTest1000(8599.45217413616d,&quot;8599.45 zł&quot;)" />
    </UnitTest>
    <UnitTest name="FormatToStringTest1000(51632.87002968503d,&quot;51632.87 zł&quot;)" storage="c:\projekty\nunittestproject\bin\debug\netcoreapp3.1\nunittestproject.dll" id="b074171d-4bb2-388e-f619-96efeb179b06">
      <Execution id="fa1f4653-0478-441c-a179-9b8109cb10e4" />
      <TestMethod codeBase="C:\Projekty\NUnitTestProject\bin\Debug\netcoreapp3.1\NUnitTestProject.dll" adapterTypeName="executor://nunit3testexecutor/" className="NUnitTestProject.CurrencyHelperTests" name="FormatToStringTest1000(51632.87002968503d,&quot;51632.87 zł&quot;)" />
    </UnitTest>
    <UnitTest name="FormatToStringTest1000(74152.7503934562d,&quot;74152.75 zł&quot;)" storage="c:\projekty\nunittestproject\bin\debug\netcoreapp3.1\nunittestproject.dll" id="d147ccf7-2e90-d95d-62de-1759c3690066">
      <Execution id="e44c607d-2df6-4016-aa4f-6030373afc8a" />
      <TestMethod codeBase="C:\Projekty\NUnitTestProject\bin\Debug\netcoreapp3.1\NUnitTestProject.dll" adapterTypeName="executor://nunit3testexecutor/" className="NUnitTestProject.CurrencyHelperTests" name="FormatToStringTest1000(74152.7503934562d,&quot;74152.75 zł&quot;)" />
    </UnitTest>
    <UnitTest name="FormatToStringTest1000(38803.03958246253d,&quot;38803.04 zł&quot;)" storage="c:\projekty\nunittestproject\bin\debug\netcoreapp3.1\nunittestproject.dll" id="032648fc-0fdc-1a5c-ef88-d85403381c03">
      <Execution id="461e9df4-0844-4b3b-8383-88a8d66402d8" />
      <TestMethod codeBase="C:\Projekty\NUnitTestProject\bin\Debug\netcoreapp3.1\NUnitTestProject.dll" adapterTypeName="executor://nunit3testexecutor/" className="NUnitTestProject.CurrencyHelperTests" name="FormatToStringTest1000(38803.03958246253d,&quot;38803.04 zł&quot;)" />
    </UnitTest>
    <UnitTest name="FormatToStringTest1000(750.5106571719566d,&quot;750.51 zł&quot;)" storage="c:\projekty\nunittestproject\bin\debug\netcoreapp3.1\nunittestproject.dll" id="764dde41-f2ed-c432-64e0-910368db710d">
      <Execution id="a36547aa-0563-40df-a2f7-f929208d3d10" />
      <TestMethod codeBase="C:\Projekty\NUnitTestProject\bin\Debug\netcoreapp3.1\NUnitTestProject.dll" adapterTypeName="executor://nunit3testexecutor/" className="NUnitTestProject.CurrencyHelperTests" name="FormatToStringTest1000(750.5106571719566d,&quot;750.51 zł&quot;)" />
    </UnitTest>
    <UnitTest name="FormatToStringTest1000(60701.5177499319d,&quot;60701.52 zł&quot;)" storage="c:\projekty\nunittestproject\bin\debug\netcoreapp3.1\nunittestproject.dll" id="5793f365-d163-be21-ca1f-4a66a13f32b3">
      <Execution id="a1cb8ed0-005f-4bb5-8afb-48b9eec2bd90" />
      <TestMethod codeBase="C:\Projekty\NUnitTestProject\bin\Debug\netcoreapp3.1\NUnitTestProject.dll" adapterTypeName="executor://nunit3testexecutor/" className="NUnitTestProject.CurrencyHelperTests" name="FormatToStringTest1000(60701.5177499319d,&quot;60701.52 zł&quot;)" />
    </UnitTest>
    <UnitTest name="FormatToStringTest1000(3521.3657738167635d,&quot;3521.37 zł&quot;)" storage="c:\projekty\nunittestproject\bin\debug\netcoreapp3.1\nunittestproject.dll" id="daebc394-ed43-a172-b3fd-00de92d9d60e">
      <Execution id="9a6983fe-a44d-4d16-9247-8ccaed8536eb" />
      <TestMethod codeBase="C:\Projekty\NUnitTestProject\bin\Debug\netcoreapp3.1\NUnitTestProject.dll" adapterTypeName="executor://nunit3testexecutor/" className="NUnitTestProject.CurrencyHelperTests" name="FormatToStringTest1000(3521.3657738167635d,&quot;3521.37 zł&quot;)" />
    </UnitTest>
    <UnitTest name="FormatToStringTest1000(15129.433864736666d,&quot;15129.43 zł&quot;)" storage="c:\projekty\nunittestproject\bin\debug\netcoreapp3.1\nunittestproject.dll" id="8257a4bf-ab18-2761-6e92-b21983b2b798">
      <Execution id="cbca0dcd-8a40-4714-b89e-8e9e67205bf6" />
      <TestMethod codeBase="C:\Projekty\NUnitTestProject\bin\Debug\netcoreapp3.1\NUnitTestProject.dll" adapterTypeName="executor://nunit3testexecutor/" className="NUnitTestProject.CurrencyHelperTests" name="FormatToStringTest1000(15129.433864736666d,&quot;15129.43 zł&quot;)" />
    </UnitTest>
    <UnitTest name="FormatToStringTest1000(6752.510462437062d,&quot;6752.51 zł&quot;)" storage="c:\projekty\nunittestproject\bin\debug\netcoreapp3.1\nunittestproject.dll" id="2e664e3e-5b40-d901-9f2b-e816fa56a993">
      <Execution id="05f40abd-0070-425f-b030-a3e84ea120bd" />
      <TestMethod codeBase="C:\Projekty\NUnitTestProject\bin\Debug\netcoreapp3.1\NUnitTestProject.dll" adapterTypeName="executor://nunit3testexecutor/" className="NUnitTestProject.CurrencyHelperTests" name="FormatToStringTest1000(6752.510462437062d,&quot;6752.51 zł&quot;)" />
    </UnitTest>
    <UnitTest name="FormatToStringTest1000(18794.859523484418d,&quot;18794.86 zł&quot;)" storage="c:\projekty\nunittestproject\bin\debug\netcoreapp3.1\nunittestproject.dll" id="2adcf87c-7078-5286-2ca1-778b501cd9f7">
      <Execution id="ccb91507-8a57-4c18-b8fe-8adced9290cb" />
      <TestMethod codeBase="C:\Projekty\NUnitTestProject\bin\Debug\netcoreapp3.1\NUnitTestProject.dll" adapterTypeName="executor://nunit3testexecutor/" className="NUnitTestProject.CurrencyHelperTests" name="FormatToStringTest1000(18794.859523484418d,&quot;18794.86 zł&quot;)" />
    </UnitTest>
    <UnitTest name="FormatToStringTest1000(4898.699005344277d,&quot;4898.70 zł&quot;)" storage="c:\projekty\nunittestproject\bin\debug\netcoreapp3.1\nunittestproject.dll" id="02f82b15-1853-9f05-8754-8f243db3e9b1">
      <Execution id="ca854372-44a5-4e07-b55c-fc6355e2325f" />
      <TestMethod codeBase="C:\Projekty\NUnitTestProject\bin\Debug\netcoreapp3.1\NUnitTestProject.dll" adapterTypeName="executor://nunit3testexecutor/" className="NUnitTestProject.CurrencyHelperTests" name="FormatToStringTest1000(4898.699005344277d,&quot;4898.70 zł&quot;)" />
    </UnitTest>
    <UnitTest name="FormatToStringTest1000(45930.2386782068d,&quot;45930.24 zł&quot;)" storage="c:\projekty\nunittestproject\bin\debug\netcoreapp3.1\nunittestproject.dll" id="d61c5a24-3052-33c6-809a-bcd51f433ccc">
      <Execution id="fbd8ee5a-fb7e-457f-a61d-32bafb99e7e4" />
      <TestMethod codeBase="C:\Projekty\NUnitTestProject\bin\Debug\netcoreapp3.1\NUnitTestProject.dll" adapterTypeName="executor://nunit3testexecutor/" className="NUnitTestProject.CurrencyHelperTests" name="FormatToStringTest1000(45930.2386782068d,&quot;45930.24 zł&quot;)" />
    </UnitTest>
    <UnitTest name="FormatToStringTest1000(12429.698213906819d,&quot;12429.70 zł&quot;)" storage="c:\projekty\nunittestproject\bin\debug\netcoreapp3.1\nunittestproject.dll" id="5fdca359-14d7-98c9-3f79-03e22f946141">
      <Execution id="716c7f50-8db4-469b-90ea-27e4ae2e2f34" />
      <TestMethod codeBase="C:\Projekty\NUnitTestProject\bin\Debug\netcoreapp3.1\NUnitTestProject.dll" adapterTypeName="executor://nunit3testexecutor/" className="NUnitTestProject.CurrencyHelperTests" name="FormatToStringTest1000(12429.698213906819d,&quot;12429.70 zł&quot;)" />
    </UnitTest>
    <UnitTest name="FormatToStringTest1000(10461.455048841171d,&quot;10461.46 zł&quot;)" storage="c:\projekty\nunittestproject\bin\debug\netcoreapp3.1\nunittestproject.dll" id="3fdf9576-9d1e-7734-64c7-98030c7feb4a">
      <Execution id="dbb09d1b-f689-41b4-831e-6381ad573b3a" />
      <TestMethod codeBase="C:\Projekty\NUnitTestProject\bin\Debug\netcoreapp3.1\NUnitTestProject.dll" adapterTypeName="executor://nunit3testexecutor/" className="NUnitTestProject.CurrencyHelperTests" name="FormatToStringTest1000(10461.455048841171d,&quot;10461.46 zł&quot;)" />
    </UnitTest>
    <UnitTest name="FormatToStringTest1000(3131.5022711732904d,&quot;3131.50 zł&quot;)" storage="c:\projekty\nunittestproject\bin\debug\netcoreapp3.1\nunittestproject.dll" id="2f0cf2d4-3a28-6b74-1791-705b9f0277be">
      <Execution id="83cb66e8-34ec-4c89-9132-808edb8d1431" />
      <TestMethod codeBase="C:\Projekty\NUnitTestProject\bin\Debug\netcoreapp3.1\NUnitTestProject.dll" adapterTypeName="executor://nunit3testexecutor/" className="NUnitTestProject.CurrencyHelperTests" name="FormatToStringTest1000(3131.5022711732904d,&quot;3131.50 zł&quot;)" />
    </UnitTest>
    <UnitTest name="FormatToStringTest1000(6958.393354767186d,&quot;6958.39 zł&quot;)" storage="c:\projekty\nunittestproject\bin\debug\netcoreapp3.1\nunittestproject.dll" id="96b3d30f-d6cb-f987-10e4-934fbe7403b3">
      <Execution id="e41ae44a-dd93-4aa1-8371-b266758dc102" />
      <TestMethod codeBase="C:\Projekty\NUnitTestProject\bin\Debug\netcoreapp3.1\NUnitTestProject.dll" adapterTypeName="executor://nunit3testexecutor/" className="NUnitTestProject.CurrencyHelperTests" name="FormatToStringTest1000(6958.393354767186d,&quot;6958.39 zł&quot;)" />
    </UnitTest>
    <UnitTest name="FormatToStringTest1000(270.1894008262033d,&quot;270.19 zł&quot;)" storage="c:\projekty\nunittestproject\bin\debug\netcoreapp3.1\nunittestproject.dll" id="9a5250b7-62e0-de5b-0bd3-c2b7c7798ce7">
      <Execution id="3141de73-b6ee-47ab-9d7c-2dfbfa0550ef" />
      <TestMethod codeBase="C:\Projekty\NUnitTestProject\bin\Debug\netcoreapp3.1\NUnitTestProject.dll" adapterTypeName="executor://nunit3testexecutor/" className="NUnitTestProject.CurrencyHelperTests" name="FormatToStringTest1000(270.1894008262033d,&quot;270.19 zł&quot;)" />
    </UnitTest>
    <UnitTest name="FormatToStringTest1000(904.351189922705d,&quot;904.35 zł&quot;)" storage="c:\projekty\nunittestproject\bin\debug\netcoreapp3.1\nunittestproject.dll" id="a52cde15-d4da-6fd7-917d-2f5d406fbd21">
      <Execution id="b07e8ad9-e6b1-4723-a6fd-6a4a64f2dcff" />
      <TestMethod codeBase="C:\Projekty\NUnitTestProject\bin\Debug\netcoreapp3.1\NUnitTestProject.dll" adapterTypeName="executor://nunit3testexecutor/" className="NUnitTestProject.CurrencyHelperTests" name="FormatToStringTest1000(904.351189922705d,&quot;904.35 zł&quot;)" />
    </UnitTest>
    <UnitTest name="FormatToStringTest1000(4252.4012513842445d,&quot;4252.40 zł&quot;)" storage="c:\projekty\nunittestproject\bin\debug\netcoreapp3.1\nunittestproject.dll" id="aa52f83a-fd01-4271-59b5-322ecc9f9333">
      <Execution id="9da751d4-94a0-46a9-8e5f-bbec6c3da69a" />
      <TestMethod codeBase="C:\Projekty\NUnitTestProject\bin\Debug\netcoreapp3.1\NUnitTestProject.dll" adapterTypeName="executor://nunit3testexecutor/" className="NUnitTestProject.CurrencyHelperTests" name="FormatToStringTest1000(4252.4012513842445d,&quot;4252.40 zł&quot;)" />
    </UnitTest>
    <UnitTest name="FormatToStringTest1000(42555.01416107594d,&quot;42555.01 zł&quot;)" storage="c:\projekty\nunittestproject\bin\debug\netcoreapp3.1\nunittestproject.dll" id="e073dcb9-6292-6a4c-9a77-75ed0e912310">
      <Execution id="b6b3e70e-91a9-4156-8820-98be7f6b3f74" />
      <TestMethod codeBase="C:\Projekty\NUnitTestProject\bin\Debug\netcoreapp3.1\NUnitTestProject.dll" adapterTypeName="executor://nunit3testexecutor/" className="NUnitTestProject.CurrencyHelperTests" name="FormatToStringTest1000(42555.01416107594d,&quot;42555.01 zł&quot;)" />
    </UnitTest>
    <UnitTest name="FormatToStringTest1000(66945.02904917022d,&quot;66945.03 zł&quot;)" storage="c:\projekty\nunittestproject\bin\debug\netcoreapp3.1\nunittestproject.dll" id="712f5c64-914a-8747-dac9-aeb72d33838f">
      <Execution id="12c83796-646a-4937-b33f-f29d9b5e2f48" />
      <TestMethod codeBase="C:\Projekty\NUnitTestProject\bin\Debug\netcoreapp3.1\NUnitTestProject.dll" adapterTypeName="executor://nunit3testexecutor/" className="NUnitTestProject.CurrencyHelperTests" name="FormatToStringTest1000(66945.02904917022d,&quot;66945.03 zł&quot;)" />
    </UnitTest>
    <UnitTest name="FormatToStringTest1000(7193.552206002898d,&quot;7193.55 zł&quot;)" storage="c:\projekty\nunittestproject\bin\debug\netcoreapp3.1\nunittestproject.dll" id="e16968dc-e551-2d79-073b-6318cfa896ba">
      <Execution id="41aa86d3-3c1b-4fd2-bdcc-10caae7d214f" />
      <TestMethod codeBase="C:\Projekty\NUnitTestProject\bin\Debug\netcoreapp3.1\NUnitTestProject.dll" adapterTypeName="executor://nunit3testexecutor/" className="NUnitTestProject.CurrencyHelperTests" name="FormatToStringTest1000(7193.552206002898d,&quot;7193.55 zł&quot;)" />
    </UnitTest>
    <UnitTest name="FormatToStringTest1000(2835.0728237931958d,&quot;2835.07 zł&quot;)" storage="c:\projekty\nunittestproject\bin\debug\netcoreapp3.1\nunittestproject.dll" id="ff7d5d75-8704-2f07-483c-d76f3a2523cc">
      <Execution id="eac100f2-6c1c-48c3-b2a5-a5e75fe7dfa8" />
      <TestMethod codeBase="C:\Projekty\NUnitTestProject\bin\Debug\netcoreapp3.1\NUnitTestProject.dll" adapterTypeName="executor://nunit3testexecutor/" className="NUnitTestProject.CurrencyHelperTests" name="FormatToStringTest1000(2835.0728237931958d,&quot;2835.07 zł&quot;)" />
    </UnitTest>
    <UnitTest name="FormatToStringTest1000(67380.07704875062d,&quot;67380.08 zł&quot;)" storage="c:\projekty\nunittestproject\bin\debug\netcoreapp3.1\nunittestproject.dll" id="891c0d76-e64c-f414-ec6a-1381d76267bf">
      <Execution id="ba0385d9-7e89-4080-8d2f-2d26e3830198" />
      <TestMethod codeBase="C:\Projekty\NUnitTestProject\bin\Debug\netcoreapp3.1\NUnitTestProject.dll" adapterTypeName="executor://nunit3testexecutor/" className="NUnitTestProject.CurrencyHelperTests" name="FormatToStringTest1000(67380.07704875062d,&quot;67380.08 zł&quot;)" />
    </UnitTest>
    <UnitTest name="FormatToStringTest1000(19783.413847500186d,&quot;19783.41 zł&quot;)" storage="c:\projekty\nunittestproject\bin\debug\netcoreapp3.1\nunittestproject.dll" id="bf09f141-5d04-1546-3599-f58a7debd81e">
      <Execution id="2598adec-40ae-4b92-887d-1c4b9f625a43" />
      <TestMethod codeBase="C:\Projekty\NUnitTestProject\bin\Debug\netcoreapp3.1\NUnitTestProject.dll" adapterTypeName="executor://nunit3testexecutor/" className="NUnitTestProject.CurrencyHelperTests" name="FormatToStringTest1000(19783.413847500186d,&quot;19783.41 zł&quot;)" />
    </UnitTest>
    <UnitTest name="FormatToStringTest1000(12528.413830086782d,&quot;12528.41 zł&quot;)" storage="c:\projekty\nunittestproject\bin\debug\netcoreapp3.1\nunittestproject.dll" id="311588b6-1eda-5995-3667-7c2c732d3f34">
      <Execution id="4a94d864-5487-491c-89da-5939d2bda6a4" />
      <TestMethod codeBase="C:\Projekty\NUnitTestProject\bin\Debug\netcoreapp3.1\NUnitTestProject.dll" adapterTypeName="executor://nunit3testexecutor/" className="NUnitTestProject.CurrencyHelperTests" name="FormatToStringTest1000(12528.413830086782d,&quot;12528.41 zł&quot;)" />
    </UnitTest>
    <UnitTest name="FormatToStringTest1000(47431.868885526375d,&quot;47431.87 zł&quot;)" storage="c:\projekty\nunittestproject\bin\debug\netcoreapp3.1\nunittestproject.dll" id="0f39fcee-dd2f-44a0-e35a-8e74fa0a37f5">
      <Execution id="7ee420c8-a2c0-4d0a-a93c-a207f5aff026" />
      <TestMethod codeBase="C:\Projekty\NUnitTestProject\bin\Debug\netcoreapp3.1\NUnitTestProject.dll" adapterTypeName="executor://nunit3testexecutor/" className="NUnitTestProject.CurrencyHelperTests" name="FormatToStringTest1000(47431.868885526375d,&quot;47431.87 zł&quot;)" />
    </UnitTest>
    <UnitTest name="FormatToStringTest1000(9843.625240445894d,&quot;9843.63 zł&quot;)" storage="c:\projekty\nunittestproject\bin\debug\netcoreapp3.1\nunittestproject.dll" id="c1189369-93b0-2acc-f712-00eac1c7b884">
      <Execution id="62bfaac7-bcb7-4a67-a075-3ba2844df8e6" />
      <TestMethod codeBase="C:\Projekty\NUnitTestProject\bin\Debug\netcoreapp3.1\NUnitTestProject.dll" adapterTypeName="executor://nunit3testexecutor/" className="NUnitTestProject.CurrencyHelperTests" name="FormatToStringTest1000(9843.625240445894d,&quot;9843.63 zł&quot;)" />
    </UnitTest>
    <UnitTest name="FormatToStringTest1000(49256.65708813195d,&quot;49256.66 zł&quot;)" storage="c:\projekty\nunittestproject\bin\debug\netcoreapp3.1\nunittestproject.dll" id="4860ad68-0544-30ce-66fd-690992dae18e">
      <Execution id="392e39e0-760e-4ad1-b417-4cfdcb240ec4" />
      <TestMethod codeBase="C:\Projekty\NUnitTestProject\bin\Debug\netcoreapp3.1\NUnitTestProject.dll" adapterTypeName="executor://nunit3testexecutor/" className="NUnitTestProject.CurrencyHelperTests" name="FormatToStringTest1000(49256.65708813195d,&quot;49256.66 zł&quot;)" />
    </UnitTest>
    <UnitTest name="FormatToStringTest1000(16210.791556035536d,&quot;16210.79 zł&quot;)" storage="c:\projekty\nunittestproject\bin\debug\netcoreapp3.1\nunittestproject.dll" id="d39fbf53-bbf3-020f-e6d4-44b45bc00b41">
      <Execution id="b6f22c6d-be95-4358-8615-190dce81a074" />
      <TestMethod codeBase="C:\Projekty\NUnitTestProject\bin\Debug\netcoreapp3.1\NUnitTestProject.dll" adapterTypeName="executor://nunit3testexecutor/" className="NUnitTestProject.CurrencyHelperTests" name="FormatToStringTest1000(16210.791556035536d,&quot;16210.79 zł&quot;)" />
    </UnitTest>
    <UnitTest name="FormatToStringTest1000(1963.0091662979728d,&quot;1963.01 zł&quot;)" storage="c:\projekty\nunittestproject\bin\debug\netcoreapp3.1\nunittestproject.dll" id="848d2a90-a6ed-8153-c519-d66b9a7193d9">
      <Execution id="d84bf476-a664-4661-a8c4-bddf7892d1f6" />
      <TestMethod codeBase="C:\Projekty\NUnitTestProject\bin\Debug\netcoreapp3.1\NUnitTestProject.dll" adapterTypeName="executor://nunit3testexecutor/" className="NUnitTestProject.CurrencyHelperTests" name="FormatToStringTest1000(1963.0091662979728d,&quot;1963.01 zł&quot;)" />
    </UnitTest>
    <UnitTest name="FormatToStringTest1000(59247.898931587064d,&quot;59247.90 zł&quot;)" storage="c:\projekty\nunittestproject\bin\debug\netcoreapp3.1\nunittestproject.dll" id="097d9f12-a8b0-74cc-8829-12842d451447">
      <Execution id="e130f8cf-1a45-4359-9aaf-5b7170afec64" />
      <TestMethod codeBase="C:\Projekty\NUnitTestProject\bin\Debug\netcoreapp3.1\NUnitTestProject.dll" adapterTypeName="executor://nunit3testexecutor/" className="NUnitTestProject.CurrencyHelperTests" name="FormatToStringTest1000(59247.898931587064d,&quot;59247.90 zł&quot;)" />
    </UnitTest>
    <UnitTest name="FormatToStringTest1000(14719.97001409762d,&quot;14719.97 zł&quot;)" storage="c:\projekty\nunittestproject\bin\debug\netcoreapp3.1\nunittestproject.dll" id="e919c93b-2878-e388-877b-68a9f48cc9b1">
      <Execution id="1d12d72e-26c0-495e-9c12-8f0ffbfa6b6e" />
      <TestMethod codeBase="C:\Projekty\NUnitTestProject\bin\Debug\netcoreapp3.1\NUnitTestProject.dll" adapterTypeName="executor://nunit3testexecutor/" className="NUnitTestProject.CurrencyHelperTests" name="FormatToStringTest1000(14719.97001409762d,&quot;14719.97 zł&quot;)" />
    </UnitTest>
    <UnitTest name="FormatToStringTest1000(76751.79413498091d,&quot;76751.79 zł&quot;)" storage="c:\projekty\nunittestproject\bin\debug\netcoreapp3.1\nunittestproject.dll" id="4ce6cb72-dabd-e3eb-6074-df75f0abcb26">
      <Execution id="aa0e7e37-f68a-49ae-b4e4-1dd1aaa08ff2" />
      <TestMethod codeBase="C:\Projekty\NUnitTestProject\bin\Debug\netcoreapp3.1\NUnitTestProject.dll" adapterTypeName="executor://nunit3testexecutor/" className="NUnitTestProject.CurrencyHelperTests" name="FormatToStringTest1000(76751.79413498091d,&quot;76751.79 zł&quot;)" />
    </UnitTest>
    <UnitTest name="FormatToStringTest1000(88616.03808168416d,&quot;88616.04 zł&quot;)" storage="c:\projekty\nunittestproject\bin\debug\netcoreapp3.1\nunittestproject.dll" id="80a01599-be59-3356-d51c-3d8e6f327fd1">
      <Execution id="95a07146-897a-44ea-8ec3-b95cd2708b15" />
      <TestMethod codeBase="C:\Projekty\NUnitTestProject\bin\Debug\netcoreapp3.1\NUnitTestProject.dll" adapterTypeName="executor://nunit3testexecutor/" className="NUnitTestProject.CurrencyHelperTests" name="FormatToStringTest1000(88616.03808168416d,&quot;88616.04 zł&quot;)" />
    </UnitTest>
    <UnitTest name="FormatToStringTest1000(19882.647973500494d,&quot;19882.65 zł&quot;)" storage="c:\projekty\nunittestproject\bin\debug\netcoreapp3.1\nunittestproject.dll" id="24a1bb0d-d69a-de21-49e4-5bbbeaac5021">
      <Execution id="600a56ff-ca0e-487b-9511-1ccd43fa4817" />
      <TestMethod codeBase="C:\Projekty\NUnitTestProject\bin\Debug\netcoreapp3.1\NUnitTestProject.dll" adapterTypeName="executor://nunit3testexecutor/" className="NUnitTestProject.CurrencyHelperTests" name="FormatToStringTest1000(19882.647973500494d,&quot;19882.65 zł&quot;)" />
    </UnitTest>
    <UnitTest name="FormatToStringTest1000(76106.57198894516d,&quot;76106.57 zł&quot;)" storage="c:\projekty\nunittestproject\bin\debug\netcoreapp3.1\nunittestproject.dll" id="b643553f-2706-197d-9fb1-e9b050657f08">
      <Execution id="36a990e2-fb79-4859-abbe-6352c4a890c6" />
      <TestMethod codeBase="C:\Projekty\NUnitTestProject\bin\Debug\netcoreapp3.1\NUnitTestProject.dll" adapterTypeName="executor://nunit3testexecutor/" className="NUnitTestProject.CurrencyHelperTests" name="FormatToStringTest1000(76106.57198894516d,&quot;76106.57 zł&quot;)" />
    </UnitTest>
    <UnitTest name="FormatToStringTest1000(25794.833624416417d,&quot;25794.83 zł&quot;)" storage="c:\projekty\nunittestproject\bin\debug\netcoreapp3.1\nunittestproject.dll" id="64584126-c6a0-fbd7-9fe1-1a9b0d36c2b6">
      <Execution id="4ba9de76-5205-49ea-a659-6d873f00ee15" />
      <TestMethod codeBase="C:\Projekty\NUnitTestProject\bin\Debug\netcoreapp3.1\NUnitTestProject.dll" adapterTypeName="executor://nunit3testexecutor/" className="NUnitTestProject.CurrencyHelperTests" name="FormatToStringTest1000(25794.833624416417d,&quot;25794.83 zł&quot;)" />
    </UnitTest>
    <UnitTest name="FormatToStringTest1000(33206.73122987837d,&quot;33206.73 zł&quot;)" storage="c:\projekty\nunittestproject\bin\debug\netcoreapp3.1\nunittestproject.dll" id="b1be5e34-279b-4416-5a52-95321e0442b4">
      <Execution id="11f15129-0996-4f19-a19c-cbfa04a33ca6" />
      <TestMethod codeBase="C:\Projekty\NUnitTestProject\bin\Debug\netcoreapp3.1\NUnitTestProject.dll" adapterTypeName="executor://nunit3testexecutor/" className="NUnitTestProject.CurrencyHelperTests" name="FormatToStringTest1000(33206.73122987837d,&quot;33206.73 zł&quot;)" />
    </UnitTest>
    <UnitTest name="FormatToStringTest1000(32812.53695512634d,&quot;32812.54 zł&quot;)" storage="c:\projekty\nunittestproject\bin\debug\netcoreapp3.1\nunittestproject.dll" id="c7fd498b-03da-468c-aa24-ce275275bb84">
      <Execution id="1f05da0c-ce18-42af-8c28-81ceea41e934" />
      <TestMethod codeBase="C:\Projekty\NUnitTestProject\bin\Debug\netcoreapp3.1\NUnitTestProject.dll" adapterTypeName="executor://nunit3testexecutor/" className="NUnitTestProject.CurrencyHelperTests" name="FormatToStringTest1000(32812.53695512634d,&quot;32812.54 zł&quot;)" />
    </UnitTest>
    <UnitTest name="FormatToStringTest1000(3799.9216302064815d,&quot;3799.92 zł&quot;)" storage="c:\projekty\nunittestproject\bin\debug\netcoreapp3.1\nunittestproject.dll" id="adc5ef62-1184-5cc3-ec81-b0b338d88e48">
      <Execution id="cf28f206-c8dc-42d0-828a-0754c899fc7a" />
      <TestMethod codeBase="C:\Projekty\NUnitTestProject\bin\Debug\netcoreapp3.1\NUnitTestProject.dll" adapterTypeName="executor://nunit3testexecutor/" className="NUnitTestProject.CurrencyHelperTests" name="FormatToStringTest1000(3799.9216302064815d,&quot;3799.92 zł&quot;)" />
    </UnitTest>
    <UnitTest name="FormatToStringTest1000(20482.32969107308d,&quot;20482.33 zł&quot;)" storage="c:\projekty\nunittestproject\bin\debug\netcoreapp3.1\nunittestproject.dll" id="50412f91-cd15-dc69-c1d6-5d9dbd95d4af">
      <Execution id="18107572-b5ad-49c5-a665-533d8b536830" />
      <TestMethod codeBase="C:\Projekty\NUnitTestProject\bin\Debug\netcoreapp3.1\NUnitTestProject.dll" adapterTypeName="executor://nunit3testexecutor/" className="NUnitTestProject.CurrencyHelperTests" name="FormatToStringTest1000(20482.32969107308d,&quot;20482.33 zł&quot;)" />
    </UnitTest>
    <UnitTest name="FormatToStringTest1000(45070.5442499493d,&quot;45070.54 zł&quot;)" storage="c:\projekty\nunittestproject\bin\debug\netcoreapp3.1\nunittestproject.dll" id="ce8c4658-51b9-647a-8bb3-9c2995dd5a3c">
      <Execution id="a1e8008b-3d9f-422e-ae66-56589fdd12ee" />
      <TestMethod codeBase="C:\Projekty\NUnitTestProject\bin\Debug\netcoreapp3.1\NUnitTestProject.dll" adapterTypeName="executor://nunit3testexecutor/" className="NUnitTestProject.CurrencyHelperTests" name="FormatToStringTest1000(45070.5442499493d,&quot;45070.54 zł&quot;)" />
    </UnitTest>
    <UnitTest name="FormatToStringTest1000(30126.012320622805d,&quot;30126.01 zł&quot;)" storage="c:\projekty\nunittestproject\bin\debug\netcoreapp3.1\nunittestproject.dll" id="39997ae6-4a52-e491-d8ae-8d3f689efcd5">
      <Execution id="ee016f28-5f8b-4d6c-af4b-18323230d3aa" />
      <TestMethod codeBase="C:\Projekty\NUnitTestProject\bin\Debug\netcoreapp3.1\NUnitTestProject.dll" adapterTypeName="executor://nunit3testexecutor/" className="NUnitTestProject.CurrencyHelperTests" name="FormatToStringTest1000(30126.012320622805d,&quot;30126.01 zł&quot;)" />
    </UnitTest>
    <UnitTest name="FormatToStringTest1000(1799.2562459103092d,&quot;1799.26 zł&quot;)" storage="c:\projekty\nunittestproject\bin\debug\netcoreapp3.1\nunittestproject.dll" id="f2ce681e-8a28-41b9-4a1e-04b76b54add8">
      <Execution id="ec1ab61a-c1a7-4b33-976b-9c9ab68c0749" />
      <TestMethod codeBase="C:\Projekty\NUnitTestProject\bin\Debug\netcoreapp3.1\NUnitTestProject.dll" adapterTypeName="executor://nunit3testexecutor/" className="NUnitTestProject.CurrencyHelperTests" name="FormatToStringTest1000(1799.2562459103092d,&quot;1799.26 zł&quot;)" />
    </UnitTest>
    <UnitTest name="FormatToStringTest1000(7119.076353227755d,&quot;7119.08 zł&quot;)" storage="c:\projekty\nunittestproject\bin\debug\netcoreapp3.1\nunittestproject.dll" id="0c4c15ff-4158-9c17-cd9b-2647420fd170">
      <Execution id="7f22f3af-5d24-460d-abcd-12d374118d63" />
      <TestMethod codeBase="C:\Projekty\NUnitTestProject\bin\Debug\netcoreapp3.1\NUnitTestProject.dll" adapterTypeName="executor://nunit3testexecutor/" className="NUnitTestProject.CurrencyHelperTests" name="FormatToStringTest1000(7119.076353227755d,&quot;7119.08 zł&quot;)" />
    </UnitTest>
    <UnitTest name="FormatToStringTest1000(20012.898273490322d,&quot;20012.90 zł&quot;)" storage="c:\projekty\nunittestproject\bin\debug\netcoreapp3.1\nunittestproject.dll" id="19843874-c731-8a36-a21a-27e85d4f5a57">
      <Execution id="11b02c75-457e-41ed-8ece-c8b116ec935d" />
      <TestMethod codeBase="C:\Projekty\NUnitTestProject\bin\Debug\netcoreapp3.1\NUnitTestProject.dll" adapterTypeName="executor://nunit3testexecutor/" className="NUnitTestProject.CurrencyHelperTests" name="FormatToStringTest1000(20012.898273490322d,&quot;20012.90 zł&quot;)" />
    </UnitTest>
    <UnitTest name="FormatToStringTest1000(15190.097283723344d,&quot;15190.10 zł&quot;)" storage="c:\projekty\nunittestproject\bin\debug\netcoreapp3.1\nunittestproject.dll" id="ef53e72d-a746-f7fd-4dfa-41ab2ce4fb60">
      <Execution id="cb5a6ef3-2fe7-4d9c-8b38-b66a629facab" />
      <TestMethod codeBase="C:\Projekty\NUnitTestProject\bin\Debug\netcoreapp3.1\NUnitTestProject.dll" adapterTypeName="executor://nunit3testexecutor/" className="NUnitTestProject.CurrencyHelperTests" name="FormatToStringTest1000(15190.097283723344d,&quot;15190.10 zł&quot;)" />
    </UnitTest>
    <UnitTest name="FormatToStringTest1000(9503.466049463705d,&quot;9503.47 zł&quot;)" storage="c:\projekty\nunittestproject\bin\debug\netcoreapp3.1\nunittestproject.dll" id="7b7e9341-cf8b-f510-483a-d874dccbbbca">
      <Execution id="771e81f2-100e-42ef-9606-7a03681b255e" />
      <TestMethod codeBase="C:\Projekty\NUnitTestProject\bin\Debug\netcoreapp3.1\NUnitTestProject.dll" adapterTypeName="executor://nunit3testexecutor/" className="NUnitTestProject.CurrencyHelperTests" name="FormatToStringTest1000(9503.466049463705d,&quot;9503.47 zł&quot;)" />
    </UnitTest>
    <UnitTest name="FormatToStringTest1000(3431.864349926759d,&quot;3431.86 zł&quot;)" storage="c:\projekty\nunittestproject\bin\debug\netcoreapp3.1\nunittestproject.dll" id="99e6fef3-9023-2c5a-5c8b-926a855c5d84">
      <Execution id="a0729be2-e8ea-4448-8b41-207a5d0ee9f5" />
      <TestMethod codeBase="C:\Projekty\NUnitTestProject\bin\Debug\netcoreapp3.1\NUnitTestProject.dll" adapterTypeName="executor://nunit3testexecutor/" className="NUnitTestProject.CurrencyHelperTests" name="FormatToStringTest1000(3431.864349926759d,&quot;3431.86 zł&quot;)" />
    </UnitTest>
    <UnitTest name="FormatToStringTest1000(8095.485677032492d,&quot;8095.49 zł&quot;)" storage="c:\projekty\nunittestproject\bin\debug\netcoreapp3.1\nunittestproject.dll" id="b168b1f7-674c-8775-2a66-cf7d7f806851">
      <Execution id="dd8825b4-efde-4549-9b6a-7b1746e6892d" />
      <TestMethod codeBase="C:\Projekty\NUnitTestProject\bin\Debug\netcoreapp3.1\NUnitTestProject.dll" adapterTypeName="executor://nunit3testexecutor/" className="NUnitTestProject.CurrencyHelperTests" name="FormatToStringTest1000(8095.485677032492d,&quot;8095.49 zł&quot;)" />
    </UnitTest>
    <UnitTest name="FormatToStringTest1000(79.6815319544084d,&quot;79.68 zł&quot;)" storage="c:\projekty\nunittestproject\bin\debug\netcoreapp3.1\nunittestproject.dll" id="95a4da2d-eeda-4697-a7af-1236c580bef1">
      <Execution id="974dc9b2-2490-4979-a749-7f2bdc9c4303" />
      <TestMethod codeBase="C:\Projekty\NUnitTestProject\bin\Debug\netcoreapp3.1\NUnitTestProject.dll" adapterTypeName="executor://nunit3testexecutor/" className="NUnitTestProject.CurrencyHelperTests" name="FormatToStringTest1000(79.6815319544084d,&quot;79.68 zł&quot;)" />
    </UnitTest>
    <UnitTest name="FormatToStringTest1000(11100.829211263372d,&quot;11100.83 zł&quot;)" storage="c:\projekty\nunittestproject\bin\debug\netcoreapp3.1\nunittestproject.dll" id="705f4fef-5f3d-03f1-6410-c3ee16921998">
      <Execution id="0db857f1-aa06-44b2-a72e-39874635e8df" />
      <TestMethod codeBase="C:\Projekty\NUnitTestProject\bin\Debug\netcoreapp3.1\NUnitTestProject.dll" adapterTypeName="executor://nunit3testexecutor/" className="NUnitTestProject.CurrencyHelperTests" name="FormatToStringTest1000(11100.829211263372d,&quot;11100.83 zł&quot;)" />
    </UnitTest>
    <UnitTest name="FormatToStringTest1000(11944.74385168531d,&quot;11944.74 zł&quot;)" storage="c:\projekty\nunittestproject\bin\debug\netcoreapp3.1\nunittestproject.dll" id="1172006b-9d72-b3a7-ee7d-07862438f160">
      <Execution id="c58be713-7a19-49c5-af80-800d394abb78" />
      <TestMethod codeBase="C:\Projekty\NUnitTestProject\bin\Debug\netcoreapp3.1\NUnitTestProject.dll" adapterTypeName="executor://nunit3testexecutor/" className="NUnitTestProject.CurrencyHelperTests" name="FormatToStringTest1000(11944.74385168531d,&quot;11944.74 zł&quot;)" />
    </UnitTest>
    <UnitTest name="FormatToStringTest1000(6313.543884690639d,&quot;6313.54 zł&quot;)" storage="c:\projekty\nunittestproject\bin\debug\netcoreapp3.1\nunittestproject.dll" id="75afa51d-4efe-ca98-69aa-dcba7171c9c1">
      <Execution id="2ee43312-124f-4f4c-99ee-4ce2092331a7" />
      <TestMethod codeBase="C:\Projekty\NUnitTestProject\bin\Debug\netcoreapp3.1\NUnitTestProject.dll" adapterTypeName="executor://nunit3testexecutor/" className="NUnitTestProject.CurrencyHelperTests" name="FormatToStringTest1000(6313.543884690639d,&quot;6313.54 zł&quot;)" />
    </UnitTest>
    <UnitTest name="FormatToStringTest1000(1181.5773122979222d,&quot;1181.58 zł&quot;)" storage="c:\projekty\nunittestproject\bin\debug\netcoreapp3.1\nunittestproject.dll" id="b7ec82f7-3497-4dc6-bb74-fbcde89b4ab4">
      <Execution id="c588eca5-d2e0-4e44-98a6-64f378cf3071" />
      <TestMethod codeBase="C:\Projekty\NUnitTestProject\bin\Debug\netcoreapp3.1\NUnitTestProject.dll" adapterTypeName="executor://nunit3testexecutor/" className="NUnitTestProject.CurrencyHelperTests" name="FormatToStringTest1000(1181.5773122979222d,&quot;1181.58 zł&quot;)" />
    </UnitTest>
    <UnitTest name="FormatToStringTest1000(20978.860218282258d,&quot;20978.86 zł&quot;)" storage="c:\projekty\nunittestproject\bin\debug\netcoreapp3.1\nunittestproject.dll" id="9c7df8f2-0bef-5347-a48a-3dbf0cbe5e21">
      <Execution id="e49b83ed-82e8-4cb6-9207-d3215ac9c6d2" />
      <TestMethod codeBase="C:\Projekty\NUnitTestProject\bin\Debug\netcoreapp3.1\NUnitTestProject.dll" adapterTypeName="executor://nunit3testexecutor/" className="NUnitTestProject.CurrencyHelperTests" name="FormatToStringTest1000(20978.860218282258d,&quot;20978.86 zł&quot;)" />
    </UnitTest>
    <UnitTest name="FormatToStringTest1000(6027.66019266828d,&quot;6027.66 zł&quot;)" storage="c:\projekty\nunittestproject\bin\debug\netcoreapp3.1\nunittestproject.dll" id="7422afbf-8dc8-2993-87d6-1f702a4bc862">
      <Execution id="abcf046f-aac5-42bc-ac31-44212512ea7c" />
      <TestMethod codeBase="C:\Projekty\NUnitTestProject\bin\Debug\netcoreapp3.1\NUnitTestProject.dll" adapterTypeName="executor://nunit3testexecutor/" className="NUnitTestProject.CurrencyHelperTests" name="FormatToStringTest1000(6027.66019266828d,&quot;6027.66 zł&quot;)" />
    </UnitTest>
    <UnitTest name="FormatToStringTest1000(10641.263377953444d,&quot;10641.26 zł&quot;)" storage="c:\projekty\nunittestproject\bin\debug\netcoreapp3.1\nunittestproject.dll" id="9abe82c5-80fa-2d6a-e76f-8b42c308f2c5">
      <Execution id="14d6cb24-6cb7-4666-8899-36335f1cc168" />
      <TestMethod codeBase="C:\Projekty\NUnitTestProject\bin\Debug\netcoreapp3.1\NUnitTestProject.dll" adapterTypeName="executor://nunit3testexecutor/" className="NUnitTestProject.CurrencyHelperTests" name="FormatToStringTest1000(10641.263377953444d,&quot;10641.26 zł&quot;)" />
    </UnitTest>
    <UnitTest name="FormatToStringTest1000(6654.099431086378d,&quot;6654.10 zł&quot;)" storage="c:\projekty\nunittestproject\bin\debug\netcoreapp3.1\nunittestproject.dll" id="62b70b12-663c-a906-288d-6817a450e2b9">
      <Execution id="4f53c24e-5671-413d-8565-2cbb1a4577fc" />
      <TestMethod codeBase="C:\Projekty\NUnitTestProject\bin\Debug\netcoreapp3.1\NUnitTestProject.dll" adapterTypeName="executor://nunit3testexecutor/" className="NUnitTestProject.CurrencyHelperTests" name="FormatToStringTest1000(6654.099431086378d,&quot;6654.10 zł&quot;)" />
    </UnitTest>
    <UnitTest name="FormatToStringTest1000(7669.3855620214645d,&quot;7669.39 zł&quot;)" storage="c:\projekty\nunittestproject\bin\debug\netcoreapp3.1\nunittestproject.dll" id="90740d7b-70ce-f3ca-de0f-889615c99e7a">
      <Execution id="d47e7939-cce2-428a-9fed-c94baf3cdab9" />
      <TestMethod codeBase="C:\Projekty\NUnitTestProject\bin\Debug\netcoreapp3.1\NUnitTestProject.dll" adapterTypeName="executor://nunit3testexecutor/" className="NUnitTestProject.CurrencyHelperTests" name="FormatToStringTest1000(7669.3855620214645d,&quot;7669.39 zł&quot;)" />
    </UnitTest>
    <UnitTest name="FormatToStringTest1000(12379.347974640013d,&quot;12379.35 zł&quot;)" storage="c:\projekty\nunittestproject\bin\debug\netcoreapp3.1\nunittestproject.dll" id="f9126a5c-91ab-1e44-30e6-13ca198640cb">
      <Execution id="e65a266a-70d6-4c5d-b60a-98deceea2237" />
      <TestMethod codeBase="C:\Projekty\NUnitTestProject\bin\Debug\netcoreapp3.1\NUnitTestProject.dll" adapterTypeName="executor://nunit3testexecutor/" className="NUnitTestProject.CurrencyHelperTests" name="FormatToStringTest1000(12379.347974640013d,&quot;12379.35 zł&quot;)" />
    </UnitTest>
    <UnitTest name="FormatToStringTest1000(40400.9734049295d,&quot;40400.97 zł&quot;)" storage="c:\projekty\nunittestproject\bin\debug\netcoreapp3.1\nunittestproject.dll" id="7c29140c-1ee9-b980-7778-18b11231f8a3">
      <Execution id="b5ce7381-85d5-430d-bf2b-f5d1c0b51140" />
      <TestMethod codeBase="C:\Projekty\NUnitTestProject\bin\Debug\netcoreapp3.1\NUnitTestProject.dll" adapterTypeName="executor://nunit3testexecutor/" className="NUnitTestProject.CurrencyHelperTests" name="FormatToStringTest1000(40400.9734049295d,&quot;40400.97 zł&quot;)" />
    </UnitTest>
    <UnitTest name="FormatToStringTest1000(16388.556189478633d,&quot;16388.56 zł&quot;)" storage="c:\projekty\nunittestproject\bin\debug\netcoreapp3.1\nunittestproject.dll" id="19309037-483b-d4c8-73ea-f8f351cef324">
      <Execution id="090dd40d-b81d-49c4-9d29-cc07817b643a" />
      <TestMethod codeBase="C:\Projekty\NUnitTestProject\bin\Debug\netcoreapp3.1\NUnitTestProject.dll" adapterTypeName="executor://nunit3testexecutor/" className="NUnitTestProject.CurrencyHelperTests" name="FormatToStringTest1000(16388.556189478633d,&quot;16388.56 zł&quot;)" />
    </UnitTest>
    <UnitTest name="FormatToStringTest1000(42767.96883676898d,&quot;42767.97 zł&quot;)" storage="c:\projekty\nunittestproject\bin\debug\netcoreapp3.1\nunittestproject.dll" id="a5617ce6-af44-3da3-775d-82bd0343fcd9">
      <Execution id="7a10f0c7-9ad8-461c-8359-4f380161946c" />
      <TestMethod codeBase="C:\Projekty\NUnitTestProject\bin\Debug\netcoreapp3.1\NUnitTestProject.dll" adapterTypeName="executor://nunit3testexecutor/" className="NUnitTestProject.CurrencyHelperTests" name="FormatToStringTest1000(42767.96883676898d,&quot;42767.97 zł&quot;)" />
    </UnitTest>
    <UnitTest name="FormatToStringTest1000(48654.65723134794d,&quot;48654.66 zł&quot;)" storage="c:\projekty\nunittestproject\bin\debug\netcoreapp3.1\nunittestproject.dll" id="0e06d825-6ba9-71ac-24ec-c9336680dd03">
      <Execution id="1baec1f0-e348-4540-8935-2742b5b3fb38" />
      <TestMethod codeBase="C:\Projekty\NUnitTestProject\bin\Debug\netcoreapp3.1\NUnitTestProject.dll" adapterTypeName="executor://nunit3testexecutor/" className="NUnitTestProject.CurrencyHelperTests" name="FormatToStringTest1000(48654.65723134794d,&quot;48654.66 zł&quot;)" />
    </UnitTest>
    <UnitTest name="FormatToStringTest1000(5279.315995182524d,&quot;5279.32 zł&quot;)" storage="c:\projekty\nunittestproject\bin\debug\netcoreapp3.1\nunittestproject.dll" id="84106c87-4ea7-9a5a-a250-230c7c8ac9ba">
      <Execution id="3c3cca40-ec50-4964-bd48-f298c0f1ca03" />
      <TestMethod codeBase="C:\Projekty\NUnitTestProject\bin\Debug\netcoreapp3.1\NUnitTestProject.dll" adapterTypeName="executor://nunit3testexecutor/" className="NUnitTestProject.CurrencyHelperTests" name="FormatToStringTest1000(5279.315995182524d,&quot;5279.32 zł&quot;)" />
    </UnitTest>
    <UnitTest name="FormatToStringTest1000(44065.726815678056d,&quot;44065.73 zł&quot;)" storage="c:\projekty\nunittestproject\bin\debug\netcoreapp3.1\nunittestproject.dll" id="fea06ea0-1747-ca17-2548-261210975e57">
      <Execution id="79e102d3-72ff-4547-a503-1cb9bf3b213e" />
      <TestMethod codeBase="C:\Projekty\NUnitTestProject\bin\Debug\netcoreapp3.1\NUnitTestProject.dll" adapterTypeName="executor://nunit3testexecutor/" className="NUnitTestProject.CurrencyHelperTests" name="FormatToStringTest1000(44065.726815678056d,&quot;44065.73 zł&quot;)" />
    </UnitTest>
    <UnitTest name="FormatToStringTest1000(19210.519530370144d,&quot;19210.52 zł&quot;)" storage="c:\projekty\nunittestproject\bin\debug\netcoreapp3.1\nunittestproject.dll" id="274e5ca5-6e22-8c94-c538-bc2ca6c5742f">
      <Execution id="610be5df-76d7-457d-a7b1-975617e6d474" />
      <TestMethod codeBase="C:\Projekty\NUnitTestProject\bin\Debug\netcoreapp3.1\NUnitTestProject.dll" adapterTypeName="executor://nunit3testexecutor/" className="NUnitTestProject.CurrencyHelperTests" name="FormatToStringTest1000(19210.519530370144d,&quot;19210.52 zł&quot;)" />
    </UnitTest>
    <UnitTest name="FormatToStringTest1000(9068.70019550468d,&quot;9068.70 zł&quot;)" storage="c:\projekty\nunittestproject\bin\debug\netcoreapp3.1\nunittestproject.dll" id="7e4135b8-b66c-77ce-172b-34d352f16888">
      <Execution id="bb52fabc-0396-47c1-a421-b6dc1d7b8fd9" />
      <TestMethod codeBase="C:\Projekty\NUnitTestProject\bin\Debug\netcoreapp3.1\NUnitTestProject.dll" adapterTypeName="executor://nunit3testexecutor/" className="NUnitTestProject.CurrencyHelperTests" name="FormatToStringTest1000(9068.70019550468d,&quot;9068.70 zł&quot;)" />
    </UnitTest>
    <UnitTest name="FormatToStringTest1000(32359.431438434138d,&quot;32359.43 zł&quot;)" storage="c:\projekty\nunittestproject\bin\debug\netcoreapp3.1\nunittestproject.dll" id="23adbcea-fc51-4a16-9d4b-141d8a8f1fb7">
      <Execution id="c56ecac8-6b47-4925-9f5e-c3fa8c4a30f5" />
      <TestMethod codeBase="C:\Projekty\NUnitTestProject\bin\Debug\netcoreapp3.1\NUnitTestProject.dll" adapterTypeName="executor://nunit3testexecutor/" className="NUnitTestProject.CurrencyHelperTests" name="FormatToStringTest1000(32359.431438434138d,&quot;32359.43 zł&quot;)" />
    </UnitTest>
    <UnitTest name="FormatToStringTest1000(39531.95190033268d,&quot;39531.95 zł&quot;)" storage="c:\projekty\nunittestproject\bin\debug\netcoreapp3.1\nunittestproject.dll" id="cba33adf-d8e4-1800-afdf-f1e10b328694">
      <Execution id="deca7c2d-07ce-4897-97d8-f8d8fb9ecfb5" />
      <TestMethod codeBase="C:\Projekty\NUnitTestProject\bin\Debug\netcoreapp3.1\NUnitTestProject.dll" adapterTypeName="executor://nunit3testexecutor/" className="NUnitTestProject.CurrencyHelperTests" name="FormatToStringTest1000(39531.95190033268d,&quot;39531.95 zł&quot;)" />
    </UnitTest>
    <UnitTest name="FormatToStringTest1000(37.631227987646696d,&quot;37.63 zł&quot;)" storage="c:\projekty\nunittestproject\bin\debug\netcoreapp3.1\nunittestproject.dll" id="71678dc5-b379-afbc-5607-17cbf413146c">
      <Execution id="ecf26e3a-e540-4280-9193-f3142c026e66" />
      <TestMethod codeBase="C:\Projekty\NUnitTestProject\bin\Debug\netcoreapp3.1\NUnitTestProject.dll" adapterTypeName="executor://nunit3testexecutor/" className="NUnitTestProject.CurrencyHelperTests" name="FormatToStringTest1000(37.631227987646696d,&quot;37.63 zł&quot;)" />
    </UnitTest>
    <UnitTest name="FormatToStringTest1000(16673.5121774904d,&quot;16673.51 zł&quot;)" storage="c:\projekty\nunittestproject\bin\debug\netcoreapp3.1\nunittestproject.dll" id="5326d1dc-d18e-0528-8ffb-d0be584509e9">
      <Execution id="f1ba3caf-28bd-4e40-a586-cdda44eb9fa8" />
      <TestMethod codeBase="C:\Projekty\NUnitTestProject\bin\Debug\netcoreapp3.1\NUnitTestProject.dll" adapterTypeName="executor://nunit3testexecutor/" className="NUnitTestProject.CurrencyHelperTests" name="FormatToStringTest1000(16673.5121774904d,&quot;16673.51 zł&quot;)" />
    </UnitTest>
    <UnitTest name="FormatToStringTest1000(30199.386730006612d,&quot;30199.39 zł&quot;)" storage="c:\projekty\nunittestproject\bin\debug\netcoreapp3.1\nunittestproject.dll" id="e384d116-33c4-57e3-344d-6dd941c8a721">
      <Execution id="34790751-5f64-4131-9d5f-eb092e0dcdb9" />
      <TestMethod codeBase="C:\Projekty\NUnitTestProject\bin\Debug\netcoreapp3.1\NUnitTestProject.dll" adapterTypeName="executor://nunit3testexecutor/" className="NUnitTestProject.CurrencyHelperTests" name="FormatToStringTest1000(30199.386730006612d,&quot;30199.39 zł&quot;)" />
    </UnitTest>
    <UnitTest name="FormatToStringTest1000(24024.14691439557d,&quot;24024.15 zł&quot;)" storage="c:\projekty\nunittestproject\bin\debug\netcoreapp3.1\nunittestproject.dll" id="d33250cc-856d-72f0-98a8-7c84be2f792c">
      <Execution id="881a9ed7-119c-4d24-9b46-cf22f5eb28e4" />
      <TestMethod codeBase="C:\Projekty\NUnitTestProject\bin\Debug\netcoreapp3.1\NUnitTestProject.dll" adapterTypeName="executor://nunit3testexecutor/" className="NUnitTestProject.CurrencyHelperTests" name="FormatToStringTest1000(24024.14691439557d,&quot;24024.15 zł&quot;)" />
    </UnitTest>
    <UnitTest name="FormatToStringTest1000(68698.01923441609d,&quot;68698.02 zł&quot;)" storage="c:\projekty\nunittestproject\bin\debug\netcoreapp3.1\nunittestproject.dll" id="6df8a807-c182-b8aa-45a8-8ae3c76a3ec5">
      <Execution id="08e26f92-f49f-4111-b607-027e532453f9" />
      <TestMethod codeBase="C:\Projekty\NUnitTestProject\bin\Debug\netcoreapp3.1\NUnitTestProject.dll" adapterTypeName="executor://nunit3testexecutor/" className="NUnitTestProject.CurrencyHelperTests" name="FormatToStringTest1000(68698.01923441609d,&quot;68698.02 zł&quot;)" />
    </UnitTest>
    <UnitTest name="FormatToStringTest1000(4139.032615562451d,&quot;4139.03 zł&quot;)" storage="c:\projekty\nunittestproject\bin\debug\netcoreapp3.1\nunittestproject.dll" id="d6efedb1-9c49-9ed3-fbe1-de90224308a3">
      <Execution id="0ce7bb1d-2850-4397-b69a-90ebb5bce064" />
      <TestMethod codeBase="C:\Projekty\NUnitTestProject\bin\Debug\netcoreapp3.1\NUnitTestProject.dll" adapterTypeName="executor://nunit3testexecutor/" className="NUnitTestProject.CurrencyHelperTests" name="FormatToStringTest1000(4139.032615562451d,&quot;4139.03 zł&quot;)" />
    </UnitTest>
    <UnitTest name="FormatToStringTest1000(38402.8293406753d,&quot;38402.83 zł&quot;)" storage="c:\projekty\nunittestproject\bin\debug\netcoreapp3.1\nunittestproject.dll" id="fb12626f-6bd8-49ed-e189-ad76e4b7496b">
      <Execution id="a93f38ef-d96b-49c9-b3f8-b1e03c2ce757" />
      <TestMethod codeBase="C:\Projekty\NUnitTestProject\bin\Debug\netcoreapp3.1\NUnitTestProject.dll" adapterTypeName="executor://nunit3testexecutor/" className="NUnitTestProject.CurrencyHelperTests" name="FormatToStringTest1000(38402.8293406753d,&quot;38402.83 zł&quot;)" />
    </UnitTest>
    <UnitTest name="FormatToStringTest1000(10324.538670147089d,&quot;10324.54 zł&quot;)" storage="c:\projekty\nunittestproject\bin\debug\netcoreapp3.1\nunittestproject.dll" id="57ff7061-f165-0166-a6d9-95fdfc400dea">
      <Execution id="9734d554-574d-44d0-ad83-419335f26995" />
      <TestMethod codeBase="C:\Projekty\NUnitTestProject\bin\Debug\netcoreapp3.1\NUnitTestProject.dll" adapterTypeName="executor://nunit3testexecutor/" className="NUnitTestProject.CurrencyHelperTests" name="FormatToStringTest1000(10324.538670147089d,&quot;10324.54 zł&quot;)" />
    </UnitTest>
    <UnitTest name="FormatToStringTest1000(54088.326214851964d,&quot;54088.33 zł&quot;)" storage="c:\projekty\nunittestproject\bin\debug\netcoreapp3.1\nunittestproject.dll" id="026ac8cf-e708-7f65-282f-a4f25298f17b">
      <Execution id="fe8a5537-c9c0-4918-af85-bb5d5e822043" />
      <TestMethod codeBase="C:\Projekty\NUnitTestProject\bin\Debug\netcoreapp3.1\NUnitTestProject.dll" adapterTypeName="executor://nunit3testexecutor/" className="NUnitTestProject.CurrencyHelperTests" name="FormatToStringTest1000(54088.326214851964d,&quot;54088.33 zł&quot;)" />
    </UnitTest>
    <UnitTest name="FormatToStringTest1000(10762.501695533518d,&quot;10762.50 zł&quot;)" storage="c:\projekty\nunittestproject\bin\debug\netcoreapp3.1\nunittestproject.dll" id="faa22825-903a-641b-03f7-ccff8cccfbb2">
      <Execution id="1af9620a-ca1e-4cb3-9982-a23493caad67" />
      <TestMethod codeBase="C:\Projekty\NUnitTestProject\bin\Debug\netcoreapp3.1\NUnitTestProject.dll" adapterTypeName="executor://nunit3testexecutor/" className="NUnitTestProject.CurrencyHelperTests" name="FormatToStringTest1000(10762.501695533518d,&quot;10762.50 zł&quot;)" />
    </UnitTest>
    <UnitTest name="FormatToStringTest1000(46590.9609819562d,&quot;46590.96 zł&quot;)" storage="c:\projekty\nunittestproject\bin\debug\netcoreapp3.1\nunittestproject.dll" id="0351f469-7ff9-52d3-3d77-92c2f3051f1e">
      <Execution id="90151e04-def4-40a1-877a-eb9c80967518" />
      <TestMethod codeBase="C:\Projekty\NUnitTestProject\bin\Debug\netcoreapp3.1\NUnitTestProject.dll" adapterTypeName="executor://nunit3testexecutor/" className="NUnitTestProject.CurrencyHelperTests" name="FormatToStringTest1000(46590.9609819562d,&quot;46590.96 zł&quot;)" />
    </UnitTest>
    <UnitTest name="FormatToStringTest1000(598.1279707877561d,&quot;598.13 zł&quot;)" storage="c:\projekty\nunittestproject\bin\debug\netcoreapp3.1\nunittestproject.dll" id="637dad56-8638-805e-9abd-b089900557c0">
      <Execution id="e055ced2-be6e-449b-9cb3-646dc5bf8574" />
      <TestMethod codeBase="C:\Projekty\NUnitTestProject\bin\Debug\netcoreapp3.1\NUnitTestProject.dll" adapterTypeName="executor://nunit3testexecutor/" className="NUnitTestProject.CurrencyHelperTests" name="FormatToStringTest1000(598.1279707877561d,&quot;598.13 zł&quot;)" />
    </UnitTest>
    <UnitTest name="FormatToStringTest1000(17000.070169619317d,&quot;17000.07 zł&quot;)" storage="c:\projekty\nunittestproject\bin\debug\netcoreapp3.1\nunittestproject.dll" id="395d9b70-68ea-107f-3853-872b2d76bcc2">
      <Execution id="ef23dbd5-4bd7-4ec1-bb9c-468d74fb1d26" />
      <TestMethod codeBase="C:\Projekty\NUnitTestProject\bin\Debug\netcoreapp3.1\NUnitTestProject.dll" adapterTypeName="executor://nunit3testexecutor/" className="NUnitTestProject.CurrencyHelperTests" name="FormatToStringTest1000(17000.070169619317d,&quot;17000.07 zł&quot;)" />
    </UnitTest>
    <UnitTest name="FormatToStringTest1000(5254.6338787505565d,&quot;5254.63 zł&quot;)" storage="c:\projekty\nunittestproject\bin\debug\netcoreapp3.1\nunittestproject.dll" id="eefaa447-aa0c-7b07-9a84-3d4387fce640">
      <Execution id="d5c71490-aca1-4b74-a783-9e399311b07a" />
      <TestMethod codeBase="C:\Projekty\NUnitTestProject\bin\Debug\netcoreapp3.1\NUnitTestProject.dll" adapterTypeName="executor://nunit3testexecutor/" className="NUnitTestProject.CurrencyHelperTests" name="FormatToStringTest1000(5254.6338787505565d,&quot;5254.63 zł&quot;)" />
    </UnitTest>
    <UnitTest name="FormatToStringTest1000(28068.20530246394d,&quot;28068.21 zł&quot;)" storage="c:\projekty\nunittestproject\bin\debug\netcoreapp3.1\nunittestproject.dll" id="62970bd3-0fb8-814d-a0a1-ab9e8aeaae79">
      <Execution id="fcf9d26e-90b7-4afd-8a54-02fca520f30a" />
      <TestMethod codeBase="C:\Projekty\NUnitTestProject\bin\Debug\netcoreapp3.1\NUnitTestProject.dll" adapterTypeName="executor://nunit3testexecutor/" className="NUnitTestProject.CurrencyHelperTests" name="FormatToStringTest1000(28068.20530246394d,&quot;28068.21 zł&quot;)" />
    </UnitTest>
    <UnitTest name="FormatToStringTest1000(9754.291367935619d,&quot;9754.29 zł&quot;)" storage="c:\projekty\nunittestproject\bin\debug\netcoreapp3.1\nunittestproject.dll" id="958c8c55-b3b0-31c1-8935-1d44afe5a8c0">
      <Execution id="024550e7-9ded-4f25-a1bb-ce2f343b55e7" />
      <TestMethod codeBase="C:\Projekty\NUnitTestProject\bin\Debug\netcoreapp3.1\NUnitTestProject.dll" adapterTypeName="executor://nunit3testexecutor/" className="NUnitTestProject.CurrencyHelperTests" name="FormatToStringTest1000(9754.291367935619d,&quot;9754.29 zł&quot;)" />
    </UnitTest>
    <UnitTest name="FormatToStringTest1000(10784.438152511344d,&quot;10784.44 zł&quot;)" storage="c:\projekty\nunittestproject\bin\debug\netcoreapp3.1\nunittestproject.dll" id="3c1aaa80-1e63-d980-5967-7f705ee7de1e">
      <Execution id="2f12ed74-169f-4d46-a54a-2b23ceb00c5c" />
      <TestMethod codeBase="C:\Projekty\NUnitTestProject\bin\Debug\netcoreapp3.1\NUnitTestProject.dll" adapterTypeName="executor://nunit3testexecutor/" className="NUnitTestProject.CurrencyHelperTests" name="FormatToStringTest1000(10784.438152511344d,&quot;10784.44 zł&quot;)" />
    </UnitTest>
    <UnitTest name="FormatToStringTest1000(9634.398811461124d,&quot;9634.40 zł&quot;)" storage="c:\projekty\nunittestproject\bin\debug\netcoreapp3.1\nunittestproject.dll" id="46b6b18f-a15f-ce32-4811-dbc67f87e551">
      <Execution id="f23d4ca0-7f42-48cc-a0b7-d965ffddd527" />
      <TestMethod codeBase="C:\Projekty\NUnitTestProject\bin\Debug\netcoreapp3.1\NUnitTestProject.dll" adapterTypeName="executor://nunit3testexecutor/" className="NUnitTestProject.CurrencyHelperTests" name="FormatToStringTest1000(9634.398811461124d,&quot;9634.40 zł&quot;)" />
    </UnitTest>
    <UnitTest name="FormatToStringTest1000(31315.40354898544d,&quot;31315.40 zł&quot;)" storage="c:\projekty\nunittestproject\bin\debug\netcoreapp3.1\nunittestproject.dll" id="17d839f5-53e2-230c-5fc7-a871a7838f84">
      <Execution id="91d15d73-529e-476f-ad13-4d919f5560b2" />
      <TestMethod codeBase="C:\Projekty\NUnitTestProject\bin\Debug\netcoreapp3.1\NUnitTestProject.dll" adapterTypeName="executor://nunit3testexecutor/" className="NUnitTestProject.CurrencyHelperTests" name="FormatToStringTest1000(31315.40354898544d,&quot;31315.40 zł&quot;)" />
    </UnitTest>
    <UnitTest name="FormatToStringTest1000(26858.35647848731d,&quot;26858.36 zł&quot;)" storage="c:\projekty\nunittestproject\bin\debug\netcoreapp3.1\nunittestproject.dll" id="fe527e8d-5e3e-18c1-ed37-cc075512021b">
      <Execution id="d45868b0-1f62-43a9-b796-58fbb86923ba" />
      <TestMethod codeBase="C:\Projekty\NUnitTestProject\bin\Debug\netcoreapp3.1\NUnitTestProject.dll" adapterTypeName="executor://nunit3testexecutor/" className="NUnitTestProject.CurrencyHelperTests" name="FormatToStringTest1000(26858.35647848731d,&quot;26858.36 zł&quot;)" />
    </UnitTest>
    <UnitTest name="FormatToStringTest1000(591.2110872302256d,&quot;591.21 zł&quot;)" storage="c:\projekty\nunittestproject\bin\debug\netcoreapp3.1\nunittestproject.dll" id="7146296d-c8e1-b13f-44e4-16f25fa9af9d">
      <Execution id="5f965c7a-0365-4aaf-8205-ee17c7d56754" />
      <TestMethod codeBase="C:\Projekty\NUnitTestProject\bin\Debug\netcoreapp3.1\NUnitTestProject.dll" adapterTypeName="executor://nunit3testexecutor/" className="NUnitTestProject.CurrencyHelperTests" name="FormatToStringTest1000(591.2110872302256d,&quot;591.21 zł&quot;)" />
    </UnitTest>
    <UnitTest name="FormatToStringTest1000(635.3263313632116d,&quot;635.33 zł&quot;)" storage="c:\projekty\nunittestproject\bin\debug\netcoreapp3.1\nunittestproject.dll" id="74f41b57-bac2-c2b8-f1dc-9469402fc8fa">
      <Execution id="c4319cd3-13d1-4314-a15c-f14c2a497066" />
      <TestMethod codeBase="C:\Projekty\NUnitTestProject\bin\Debug\netcoreapp3.1\NUnitTestProject.dll" adapterTypeName="executor://nunit3testexecutor/" className="NUnitTestProject.CurrencyHelperTests" name="FormatToStringTest1000(635.3263313632116d,&quot;635.33 zł&quot;)" />
    </UnitTest>
    <UnitTest name="FormatToStringTest1000(18208.8422650126d,&quot;18208.84 zł&quot;)" storage="c:\projekty\nunittestproject\bin\debug\netcoreapp3.1\nunittestproject.dll" id="3f7d9e9c-5ad3-f161-b9fe-a5f6a9ab40b4">
      <Execution id="f95a6419-7fe3-4f4f-b9be-065c22df498b" />
      <TestMethod codeBase="C:\Projekty\NUnitTestProject\bin\Debug\netcoreapp3.1\NUnitTestProject.dll" adapterTypeName="executor://nunit3testexecutor/" className="NUnitTestProject.CurrencyHelperTests" name="FormatToStringTest1000(18208.8422650126d,&quot;18208.84 zł&quot;)" />
    </UnitTest>
    <UnitTest name="FormatToStringTest1000(33851.35523524618d,&quot;33851.36 zł&quot;)" storage="c:\projekty\nunittestproject\bin\debug\netcoreapp3.1\nunittestproject.dll" id="9a9fb753-7e29-0228-3909-087838ec3002">
      <Execution id="2f80be29-7e7a-4b85-a5f1-2d6a3d5de83f" />
      <TestMethod codeBase="C:\Projekty\NUnitTestProject\bin\Debug\netcoreapp3.1\NUnitTestProject.dll" adapterTypeName="executor://nunit3testexecutor/" className="NUnitTestProject.CurrencyHelperTests" name="FormatToStringTest1000(33851.35523524618d,&quot;33851.36 zł&quot;)" />
    </UnitTest>
    <UnitTest name="FormatToStringTest1000(49672.98901987402d,&quot;49672.99 zł&quot;)" storage="c:\projekty\nunittestproject\bin\debug\netcoreapp3.1\nunittestproject.dll" id="6236d5e6-b13b-501c-48e0-102f9eda59d6">
      <Execution id="97762760-9ea6-4359-894a-d5695ecdfc55" />
      <TestMethod codeBase="C:\Projekty\NUnitTestProject\bin\Debug\netcoreapp3.1\NUnitTestProject.dll" adapterTypeName="executor://nunit3testexecutor/" className="NUnitTestProject.CurrencyHelperTests" name="FormatToStringTest1000(49672.98901987402d,&quot;49672.99 zł&quot;)" />
    </UnitTest>
    <UnitTest name="FormatToStringTest1000(78796.90433980194d,&quot;78796.90 zł&quot;)" storage="c:\projekty\nunittestproject\bin\debug\netcoreapp3.1\nunittestproject.dll" id="fde9a5ec-e687-8abc-b728-b7fb0bfbd8d4">
      <Execution id="b4501ee7-dd1f-482c-abe2-9407ccbdaefb" />
      <TestMethod codeBase="C:\Projekty\NUnitTestProject\bin\Debug\netcoreapp3.1\NUnitTestProject.dll" adapterTypeName="executor://nunit3testexecutor/" className="NUnitTestProject.CurrencyHelperTests" name="FormatToStringTest1000(78796.90433980194d,&quot;78796.90 zł&quot;)" />
    </UnitTest>
    <UnitTest name="FormatToStringTest1000(67898.54481444067d,&quot;67898.54 zł&quot;)" storage="c:\projekty\nunittestproject\bin\debug\netcoreapp3.1\nunittestproject.dll" id="9ee728ab-0056-dd90-bcfe-6425ccab758e">
      <Execution id="8913e434-d2e9-45e6-870a-76a8c991387b" />
      <TestMethod codeBase="C:\Projekty\NUnitTestProject\bin\Debug\netcoreapp3.1\NUnitTestProject.dll" adapterTypeName="executor://nunit3testexecutor/" className="NUnitTestProject.CurrencyHelperTests" name="FormatToStringTest1000(67898.54481444067d,&quot;67898.54 zł&quot;)" />
    </UnitTest>
    <UnitTest name="FormatToStringTest1000(10661.19584154207d,&quot;10661.20 zł&quot;)" storage="c:\projekty\nunittestproject\bin\debug\netcoreapp3.1\nunittestproject.dll" id="7476f680-f31f-6c35-e7e5-6a1da5d08bf1">
      <Execution id="d20754e1-8a60-4541-8bf0-3bad625aa062" />
      <TestMethod codeBase="C:\Projekty\NUnitTestProject\bin\Debug\netcoreapp3.1\NUnitTestProject.dll" adapterTypeName="executor://nunit3testexecutor/" className="NUnitTestProject.CurrencyHelperTests" name="FormatToStringTest1000(10661.19584154207d,&quot;10661.20 zł&quot;)" />
    </UnitTest>
    <UnitTest name="FormatToStringTest1000(7975.276658828965d,&quot;7975.28 zł&quot;)" storage="c:\projekty\nunittestproject\bin\debug\netcoreapp3.1\nunittestproject.dll" id="5f61ffa8-be4c-5cf6-d406-18781222cb59">
      <Execution id="0f3a9c61-b38b-446c-93bc-7c530c1f4adb" />
      <TestMethod codeBase="C:\Projekty\NUnitTestProject\bin\Debug\netcoreapp3.1\NUnitTestProject.dll" adapterTypeName="executor://nunit3testexecutor/" className="NUnitTestProject.CurrencyHelperTests" name="FormatToStringTest1000(7975.276658828965d,&quot;7975.28 zł&quot;)" />
    </UnitTest>
    <UnitTest name="FormatToStringTest1000(34136.0993783046d,&quot;34136.10 zł&quot;)" storage="c:\projekty\nunittestproject\bin\debug\netcoreapp3.1\nunittestproject.dll" id="a1a0ba31-d02b-8245-607c-82258ff29354">
      <Execution id="97776b8c-a6d2-415b-8c79-69275eac35c1" />
      <TestMethod codeBase="C:\Projekty\NUnitTestProject\bin\Debug\netcoreapp3.1\NUnitTestProject.dll" adapterTypeName="executor://nunit3testexecutor/" className="NUnitTestProject.CurrencyHelperTests" name="FormatToStringTest1000(34136.0993783046d,&quot;34136.10 zł&quot;)" />
    </UnitTest>
    <UnitTest name="FormatToStringTest1000(50956.25028206606d,&quot;50956.25 zł&quot;)" storage="c:\projekty\nunittestproject\bin\debug\netcoreapp3.1\nunittestproject.dll" id="f0aad1e7-1486-b29a-7a82-84f2693dfbe3">
      <Execution id="9e8de171-0aa1-423f-b4df-a8488b994ed0" />
      <TestMethod codeBase="C:\Projekty\NUnitTestProject\bin\Debug\netcoreapp3.1\NUnitTestProject.dll" adapterTypeName="executor://nunit3testexecutor/" className="NUnitTestProject.CurrencyHelperTests" name="FormatToStringTest1000(50956.25028206606d,&quot;50956.25 zł&quot;)" />
    </UnitTest>
    <UnitTest name="FormatToStringTest1000(26215.613055301183d,&quot;26215.61 zł&quot;)" storage="c:\projekty\nunittestproject\bin\debug\netcoreapp3.1\nunittestproject.dll" id="5d21865c-ab0e-9a36-1301-7cb3ba2d4618">
      <Execution id="71987f8c-d35e-436a-8b69-f15b3034be81" />
      <TestMethod codeBase="C:\Projekty\NUnitTestProject\bin\Debug\netcoreapp3.1\NUnitTestProject.dll" adapterTypeName="executor://nunit3testexecutor/" className="NUnitTestProject.CurrencyHelperTests" name="FormatToStringTest1000(26215.613055301183d,&quot;26215.61 zł&quot;)" />
    </UnitTest>
    <UnitTest name="FormatToStringTest1000(33413.381276228174d,&quot;33413.38 zł&quot;)" storage="c:\projekty\nunittestproject\bin\debug\netcoreapp3.1\nunittestproject.dll" id="7af319c8-84cb-197c-29fc-ea5e77c2f3be">
      <Execution id="6805329c-4e31-4123-9e89-7dbf0f3febd4" />
      <TestMethod codeBase="C:\Projekty\NUnitTestProject\bin\Debug\netcoreapp3.1\NUnitTestProject.dll" adapterTypeName="executor://nunit3testexecutor/" className="NUnitTestProject.CurrencyHelperTests" name="FormatToStringTest1000(33413.381276228174d,&quot;33413.38 zł&quot;)" />
    </UnitTest>
    <UnitTest name="FormatToStringTest1000(5835.26176155557d,&quot;5835.26 zł&quot;)" storage="c:\projekty\nunittestproject\bin\debug\netcoreapp3.1\nunittestproject.dll" id="2a24dcb9-e2e0-3650-3ac7-5ec77389adc1">
      <Execution id="1151fafa-0a72-4d2d-b5b6-37cbadf14020" />
      <TestMethod codeBase="C:\Projekty\NUnitTestProject\bin\Debug\netcoreapp3.1\NUnitTestProject.dll" adapterTypeName="executor://nunit3testexecutor/" className="NUnitTestProject.CurrencyHelperTests" name="FormatToStringTest1000(5835.26176155557d,&quot;5835.26 zł&quot;)" />
    </UnitTest>
    <UnitTest name="FormatToStringTest1000(19933.78650940945d,&quot;19933.79 zł&quot;)" storage="c:\projekty\nunittestproject\bin\debug\netcoreapp3.1\nunittestproject.dll" id="3222b798-5ed7-0031-3bc4-2349d5773662">
      <Execution id="175ab013-e9a0-4902-a859-19b717dcb5b1" />
      <TestMethod codeBase="C:\Projekty\NUnitTestProject\bin\Debug\netcoreapp3.1\NUnitTestProject.dll" adapterTypeName="executor://nunit3testexecutor/" className="NUnitTestProject.CurrencyHelperTests" name="FormatToStringTest1000(19933.78650940945d,&quot;19933.79 zł&quot;)" />
    </UnitTest>
    <UnitTest name="FormatToStringTest1000(835.1578487740633d,&quot;835.16 zł&quot;)" storage="c:\projekty\nunittestproject\bin\debug\netcoreapp3.1\nunittestproject.dll" id="1ea79024-ef1b-d483-be8e-220bc24bf693">
      <Execution id="5d2c0cc0-03e1-408a-86fb-de38c8be1096" />
      <TestMethod codeBase="C:\Projekty\NUnitTestProject\bin\Debug\netcoreapp3.1\NUnitTestProject.dll" adapterTypeName="executor://nunit3testexecutor/" className="NUnitTestProject.CurrencyHelperTests" name="FormatToStringTest1000(835.1578487740633d,&quot;835.16 zł&quot;)" />
    </UnitTest>
    <UnitTest name="FormatToStringTest1000(56802.303118930344d,&quot;56802.30 zł&quot;)" storage="c:\projekty\nunittestproject\bin\debug\netcoreapp3.1\nunittestproject.dll" id="7c3bd97a-a125-9200-b1f2-a28a2e7a05fe">
      <Execution id="7c1db05c-1fc6-4efd-841f-20fb92f85ab5" />
      <TestMethod codeBase="C:\Projekty\NUnitTestProject\bin\Debug\netcoreapp3.1\NUnitTestProject.dll" adapterTypeName="executor://nunit3testexecutor/" className="NUnitTestProject.CurrencyHelperTests" name="FormatToStringTest1000(56802.303118930344d,&quot;56802.30 zł&quot;)" />
    </UnitTest>
    <UnitTest name="FormatToStringTest1000(77919.64716867341d,&quot;77919.65 zł&quot;)" storage="c:\projekty\nunittestproject\bin\debug\netcoreapp3.1\nunittestproject.dll" id="346c5a09-add8-018f-c767-f4690b937dfb">
      <Execution id="8fc10f93-8e7e-443c-8c05-53d418785090" />
      <TestMethod codeBase="C:\Projekty\NUnitTestProject\bin\Debug\netcoreapp3.1\NUnitTestProject.dll" adapterTypeName="executor://nunit3testexecutor/" className="NUnitTestProject.CurrencyHelperTests" name="FormatToStringTest1000(77919.64716867341d,&quot;77919.65 zł&quot;)" />
    </UnitTest>
    <UnitTest name="FormatToStringTest1000(675.4589376107133d,&quot;675.46 zł&quot;)" storage="c:\projekty\nunittestproject\bin\debug\netcoreapp3.1\nunittestproject.dll" id="8ea3fac0-98e6-cacb-3107-71ef474d1509">
      <Execution id="d8706664-d2f1-423e-a92d-11edfadd9b41" />
      <TestMethod codeBase="C:\Projekty\NUnitTestProject\bin\Debug\netcoreapp3.1\NUnitTestProject.dll" adapterTypeName="executor://nunit3testexecutor/" className="NUnitTestProject.CurrencyHelperTests" name="FormatToStringTest1000(675.4589376107133d,&quot;675.46 zł&quot;)" />
    </UnitTest>
    <UnitTest name="FormatToStringTest1000(16571.355536101553d,&quot;16571.36 zł&quot;)" storage="c:\projekty\nunittestproject\bin\debug\netcoreapp3.1\nunittestproject.dll" id="e0769b45-8199-18f4-5d81-d7fe740ba2db">
      <Execution id="7900dd30-65d7-461d-9a82-4aa3b4fcf512" />
      <TestMethod codeBase="C:\Projekty\NUnitTestProject\bin\Debug\netcoreapp3.1\NUnitTestProject.dll" adapterTypeName="executor://nunit3testexecutor/" className="NUnitTestProject.CurrencyHelperTests" name="FormatToStringTest1000(16571.355536101553d,&quot;16571.36 zł&quot;)" />
    </UnitTest>
    <UnitTest name="FormatToStringTest1000(10174.652801423637d,&quot;10174.65 zł&quot;)" storage="c:\projekty\nunittestproject\bin\debug\netcoreapp3.1\nunittestproject.dll" id="de399ac2-0e9a-031b-1b43-49701fcdb8f0">
      <Execution id="d892e7a9-2fad-4a20-afe0-de64bf1b1a4e" />
      <TestMethod codeBase="C:\Projekty\NUnitTestProject\bin\Debug\netcoreapp3.1\NUnitTestProject.dll" adapterTypeName="executor://nunit3testexecutor/" className="NUnitTestProject.CurrencyHelperTests" name="FormatToStringTest1000(10174.652801423637d,&quot;10174.65 zł&quot;)" />
    </UnitTest>
    <UnitTest name="FormatToStringTest1000(6323.24079469882d,&quot;6323.24 zł&quot;)" storage="c:\projekty\nunittestproject\bin\debug\netcoreapp3.1\nunittestproject.dll" id="1772b5c8-17fc-7339-7078-7951ac9723dd">
      <Execution id="8827b026-0e97-4ffd-ac84-4eaea3d7d827" />
      <TestMethod codeBase="C:\Projekty\NUnitTestProject\bin\Debug\netcoreapp3.1\NUnitTestProject.dll" adapterTypeName="executor://nunit3testexecutor/" className="NUnitTestProject.CurrencyHelperTests" name="FormatToStringTest1000(6323.24079469882d,&quot;6323.24 zł&quot;)" />
    </UnitTest>
    <UnitTest name="FormatToStringTest1000(19397.344749736294d,&quot;19397.34 zł&quot;)" storage="c:\projekty\nunittestproject\bin\debug\netcoreapp3.1\nunittestproject.dll" id="b8049e3c-9c33-aae7-ee13-10324d7813cb">
      <Execution id="f4a596a1-b031-43b8-a933-6075f175106c" />
      <TestMethod codeBase="C:\Projekty\NUnitTestProject\bin\Debug\netcoreapp3.1\NUnitTestProject.dll" adapterTypeName="executor://nunit3testexecutor/" className="NUnitTestProject.CurrencyHelperTests" name="FormatToStringTest1000(19397.344749736294d,&quot;19397.34 zł&quot;)" />
    </UnitTest>
    <UnitTest name="FormatToStringTest1000(6276.389386365838d,&quot;6276.39 zł&quot;)" storage="c:\projekty\nunittestproject\bin\debug\netcoreapp3.1\nunittestproject.dll" id="a71dfd40-e5c3-4b5b-03e3-172683e7a4a4">
      <Execution id="c2adebc7-1f52-47ff-bf48-911329d1e2a1" />
      <TestMethod codeBase="C:\Projekty\NUnitTestProject\bin\Debug\netcoreapp3.1\NUnitTestProject.dll" adapterTypeName="executor://nunit3testexecutor/" className="NUnitTestProject.CurrencyHelperTests" name="FormatToStringTest1000(6276.389386365838d,&quot;6276.39 zł&quot;)" />
    </UnitTest>
    <UnitTest name="FormatToStringTest1000(73477.18206926118d,&quot;73477.18 zł&quot;)" storage="c:\projekty\nunittestproject\bin\debug\netcoreapp3.1\nunittestproject.dll" id="615860d1-0b9e-6fa5-7fc7-61ac89388548">
      <Execution id="5b479968-3ba1-427c-988a-c6d4967f6c15" />
      <TestMethod codeBase="C:\Projekty\NUnitTestProject\bin\Debug\netcoreapp3.1\NUnitTestProject.dll" adapterTypeName="executor://nunit3testexecutor/" className="NUnitTestProject.CurrencyHelperTests" name="FormatToStringTest1000(73477.18206926118d,&quot;73477.18 zł&quot;)" />
    </UnitTest>
    <UnitTest name="FormatToStringTest1000(27506.397047390416d,&quot;27506.40 zł&quot;)" storage="c:\projekty\nunittestproject\bin\debug\netcoreapp3.1\nunittestproject.dll" id="552b07f7-5957-56bd-9f6c-bbb880d05499">
      <Execution id="61ada307-e3e4-45d5-a83a-77649d0ccbe9" />
      <TestMethod codeBase="C:\Projekty\NUnitTestProject\bin\Debug\netcoreapp3.1\NUnitTestProject.dll" adapterTypeName="executor://nunit3testexecutor/" className="NUnitTestProject.CurrencyHelperTests" name="FormatToStringTest1000(27506.397047390416d,&quot;27506.40 zł&quot;)" />
    </UnitTest>
    <UnitTest name="FormatToStringTest1000(6710.131197082871d,&quot;6710.13 zł&quot;)" storage="c:\projekty\nunittestproject\bin\debug\netcoreapp3.1\nunittestproject.dll" id="9db1e6a2-c9ab-3468-9419-59249149bc04">
      <Execution id="44085e9b-7d61-4611-953d-23094e440645" />
      <TestMethod codeBase="C:\Projekty\NUnitTestProject\bin\Debug\netcoreapp3.1\NUnitTestProject.dll" adapterTypeName="executor://nunit3testexecutor/" className="NUnitTestProject.CurrencyHelperTests" name="FormatToStringTest1000(6710.131197082871d,&quot;6710.13 zł&quot;)" />
    </UnitTest>
    <UnitTest name="FormatToStringTest1000(74851.91547305691d,&quot;74851.92 zł&quot;)" storage="c:\projekty\nunittestproject\bin\debug\netcoreapp3.1\nunittestproject.dll" id="859e7823-e1a7-1174-301f-2aa38167af9b">
      <Execution id="4ff6eebf-2ee4-42bb-99a9-53cae303bcec" />
      <TestMethod codeBase="C:\Projekty\NUnitTestProject\bin\Debug\netcoreapp3.1\NUnitTestProject.dll" adapterTypeName="executor://nunit3testexecutor/" className="NUnitTestProject.CurrencyHelperTests" name="FormatToStringTest1000(74851.91547305691d,&quot;74851.92 zł&quot;)" />
    </UnitTest>
    <UnitTest name="FormatToStringTest1000(8211.920994553679d,&quot;8211.92 zł&quot;)" storage="c:\projekty\nunittestproject\bin\debug\netcoreapp3.1\nunittestproject.dll" id="1bf3b326-0db3-88e9-a1ae-c5de32b68479">
      <Execution id="df1e69d3-19c9-413e-b555-8d9c93323cf8" />
      <TestMethod codeBase="C:\Projekty\NUnitTestProject\bin\Debug\netcoreapp3.1\NUnitTestProject.dll" adapterTypeName="executor://nunit3testexecutor/" className="NUnitTestProject.CurrencyHelperTests" name="FormatToStringTest1000(8211.920994553679d,&quot;8211.92 zł&quot;)" />
    </UnitTest>
    <UnitTest name="FormatToStringTest1000(1994.0983933439006d,&quot;1994.10 zł&quot;)" storage="c:\projekty\nunittestproject\bin\debug\netcoreapp3.1\nunittestproject.dll" id="67cd7cf5-f472-f19a-a725-58400de88452">
      <Execution id="f95f2cf0-d872-40ff-8248-b4fb80be4bc1" />
      <TestMethod codeBase="C:\Projekty\NUnitTestProject\bin\Debug\netcoreapp3.1\NUnitTestProject.dll" adapterTypeName="executor://nunit3testexecutor/" className="NUnitTestProject.CurrencyHelperTests" name="FormatToStringTest1000(1994.0983933439006d,&quot;1994.10 zł&quot;)" />
    </UnitTest>
    <UnitTest name="FormatToStringTest1000(22291.653251342315d,&quot;22291.65 zł&quot;)" storage="c:\projekty\nunittestproject\bin\debug\netcoreapp3.1\nunittestproject.dll" id="a05c6c11-7f69-6883-58ae-614dcfca1729">
      <Execution id="0f85962a-213f-4405-b845-9dfb63e09dd1" />
      <TestMethod codeBase="C:\Projekty\NUnitTestProject\bin\Debug\netcoreapp3.1\NUnitTestProject.dll" adapterTypeName="executor://nunit3testexecutor/" className="NUnitTestProject.CurrencyHelperTests" name="FormatToStringTest1000(22291.653251342315d,&quot;22291.65 zł&quot;)" />
    </UnitTest>
    <UnitTest name="FormatToStringTest1000(9657.360676611475d,&quot;9657.36 zł&quot;)" storage="c:\projekty\nunittestproject\bin\debug\netcoreapp3.1\nunittestproject.dll" id="d685c2c4-f219-af53-1ba4-f062b4ec12ac">
      <Execution id="26c1591a-da35-4cea-a4c1-3b55f221bcc3" />
      <TestMethod codeBase="C:\Projekty\NUnitTestProject\bin\Debug\netcoreapp3.1\NUnitTestProject.dll" adapterTypeName="executor://nunit3testexecutor/" className="NUnitTestProject.CurrencyHelperTests" name="FormatToStringTest1000(9657.360676611475d,&quot;9657.36 zł&quot;)" />
    </UnitTest>
    <UnitTest name="FormatToStringTest1000(50339.31259969497d,&quot;50339.31 zł&quot;)" storage="c:\projekty\nunittestproject\bin\debug\netcoreapp3.1\nunittestproject.dll" id="0bdd31cf-560a-74a8-9cb0-f50b134f6e55">
      <Execution id="24e42c75-e2e3-4d8f-9bbf-24660602c905" />
      <TestMethod codeBase="C:\Projekty\NUnitTestProject\bin\Debug\netcoreapp3.1\NUnitTestProject.dll" adapterTypeName="executor://nunit3testexecutor/" className="NUnitTestProject.CurrencyHelperTests" name="FormatToStringTest1000(50339.31259969497d,&quot;50339.31 zł&quot;)" />
    </UnitTest>
    <UnitTest name="FormatToStringTest1000(22153.282278674324d,&quot;22153.28 zł&quot;)" storage="c:\projekty\nunittestproject\bin\debug\netcoreapp3.1\nunittestproject.dll" id="02239eb7-c4a2-34a6-024f-aeb38f7bff3d">
      <Execution id="20bc2837-60b0-40b1-9e69-4e4635087d2c" />
      <TestMethod codeBase="C:\Projekty\NUnitTestProject\bin\Debug\netcoreapp3.1\NUnitTestProject.dll" adapterTypeName="executor://nunit3testexecutor/" className="NUnitTestProject.CurrencyHelperTests" name="FormatToStringTest1000(22153.282278674324d,&quot;22153.28 zł&quot;)" />
    </UnitTest>
    <UnitTest name="FormatToStringTest1000(8885.065440211942d,&quot;8885.07 zł&quot;)" storage="c:\projekty\nunittestproject\bin\debug\netcoreapp3.1\nunittestproject.dll" id="7c3fcb5f-2001-b092-5026-72ef7da49275">
      <Execution id="ef49f33f-1e36-418f-90b1-2c6dafa71a66" />
      <TestMethod codeBase="C:\Projekty\NUnitTestProject\bin\Debug\netcoreapp3.1\NUnitTestProject.dll" adapterTypeName="executor://nunit3testexecutor/" className="NUnitTestProject.CurrencyHelperTests" name="FormatToStringTest1000(8885.065440211942d,&quot;8885.07 zł&quot;)" />
    </UnitTest>
    <UnitTest name="FormatToStringTest1000(12759.925747307914d,&quot;12759.93 zł&quot;)" storage="c:\projekty\nunittestproject\bin\debug\netcoreapp3.1\nunittestproject.dll" id="57f0eaa3-633d-272b-64dc-58e0ae797fbb">
      <Execution id="bb01dc74-bea0-41b1-9c86-f8cd1f098177" />
      <TestMethod codeBase="C:\Projekty\NUnitTestProject\bin\Debug\netcoreapp3.1\NUnitTestProject.dll" adapterTypeName="executor://nunit3testexecutor/" className="NUnitTestProject.CurrencyHelperTests" name="FormatToStringTest1000(12759.925747307914d,&quot;12759.93 zł&quot;)" />
    </UnitTest>
    <UnitTest name="FormatToStringTest1000(26223.99769144412d,&quot;26224.00 zł&quot;)" storage="c:\projekty\nunittestproject\bin\debug\netcoreapp3.1\nunittestproject.dll" id="a1315833-0fe6-4fc5-8939-3c4f1b31db5e">
      <Execution id="9dc5bfd0-b442-4527-b163-841d864efd34" />
      <TestMethod codeBase="C:\Projekty\NUnitTestProject\bin\Debug\netcoreapp3.1\NUnitTestProject.dll" adapterTypeName="executor://nunit3testexecutor/" className="NUnitTestProject.CurrencyHelperTests" name="FormatToStringTest1000(26223.99769144412d,&quot;26224.00 zł&quot;)" />
    </UnitTest>
    <UnitTest name="FormatToStringTest1000(25288.32036814574d,&quot;25288.32 zł&quot;)" storage="c:\projekty\nunittestproject\bin\debug\netcoreapp3.1\nunittestproject.dll" id="85867aba-850c-5842-e811-a641ca5889cf">
      <Execution id="bf030dbc-ef81-4ac4-8328-c2ef5688a2b8" />
      <TestMethod codeBase="C:\Projekty\NUnitTestProject\bin\Debug\netcoreapp3.1\NUnitTestProject.dll" adapterTypeName="executor://nunit3testexecutor/" className="NUnitTestProject.CurrencyHelperTests" name="FormatToStringTest1000(25288.32036814574d,&quot;25288.32 zł&quot;)" />
    </UnitTest>
    <UnitTest name="FormatToStringTest1000(13745.115971449817d,&quot;13745.12 zł&quot;)" storage="c:\projekty\nunittestproject\bin\debug\netcoreapp3.1\nunittestproject.dll" id="81df71bb-e962-4121-4d15-80e255b37b1f">
      <Execution id="9bcf9790-229d-4fcd-81f4-ee472ef5eeaf" />
      <TestMethod codeBase="C:\Projekty\NUnitTestProject\bin\Debug\netcoreapp3.1\NUnitTestProject.dll" adapterTypeName="executor://nunit3testexecutor/" className="NUnitTestProject.CurrencyHelperTests" name="FormatToStringTest1000(13745.115971449817d,&quot;13745.12 zł&quot;)" />
    </UnitTest>
    <UnitTest name="FormatToStringTest1000(9558.453124931293d,&quot;9558.45 zł&quot;)" storage="c:\projekty\nunittestproject\bin\debug\netcoreapp3.1\nunittestproject.dll" id="03f880df-4361-699a-9da6-4d3bc3d9d5a7">
      <Execution id="e93f2108-c051-4daa-a3b8-7c637425f146" />
      <TestMethod codeBase="C:\Projekty\NUnitTestProject\bin\Debug\netcoreapp3.1\NUnitTestProject.dll" adapterTypeName="executor://nunit3testexecutor/" className="NUnitTestProject.CurrencyHelperTests" name="FormatToStringTest1000(9558.453124931293d,&quot;9558.45 zł&quot;)" />
    </UnitTest>
    <UnitTest name="FormatToStringTest1000(30111.54342534372d,&quot;30111.54 zł&quot;)" storage="c:\projekty\nunittestproject\bin\debug\netcoreapp3.1\nunittestproject.dll" id="63800d30-d6ac-f352-9000-d5ae21ee34db">
      <Execution id="afcc801c-d644-4132-8195-2247433f665e" />
      <TestMethod codeBase="C:\Projekty\NUnitTestProject\bin\Debug\netcoreapp3.1\NUnitTestProject.dll" adapterTypeName="executor://nunit3testexecutor/" className="NUnitTestProject.CurrencyHelperTests" name="FormatToStringTest1000(30111.54342534372d,&quot;30111.54 zł&quot;)" />
    </UnitTest>
    <UnitTest name="FormatToStringTest1000(1821.7083499085663d,&quot;1821.71 zł&quot;)" storage="c:\projekty\nunittestproject\bin\debug\netcoreapp3.1\nunittestproject.dll" id="f2281ab7-ffb9-3d10-c3a8-1aa0cd2fcbfc">
      <Execution id="aa95ab1e-6117-417b-94a6-2c7d3a70dbd6" />
      <TestMethod codeBase="C:\Projekty\NUnitTestProject\bin\Debug\netcoreapp3.1\NUnitTestProject.dll" adapterTypeName="executor://nunit3testexecutor/" className="NUnitTestProject.CurrencyHelperTests" name="FormatToStringTest1000(1821.7083499085663d,&quot;1821.71 zł&quot;)" />
    </UnitTest>
    <UnitTest name="FormatToStringTest1000(24476.442216712254d,&quot;24476.44 zł&quot;)" storage="c:\projekty\nunittestproject\bin\debug\netcoreapp3.1\nunittestproject.dll" id="b83433ff-1f44-78cf-aaee-d87286ab6972">
      <Execution id="81a0425f-a529-455d-93da-bc8abb610296" />
      <TestMethod codeBase="C:\Projekty\NUnitTestProject\bin\Debug\netcoreapp3.1\NUnitTestProject.dll" adapterTypeName="executor://nunit3testexecutor/" className="NUnitTestProject.CurrencyHelperTests" name="FormatToStringTest1000(24476.442216712254d,&quot;24476.44 zł&quot;)" />
    </UnitTest>
    <UnitTest name="FormatToStringTest1000(35.34471716840971d,&quot;35.34 zł&quot;)" storage="c:\projekty\nunittestproject\bin\debug\netcoreapp3.1\nunittestproject.dll" id="d53ebf9d-a1b0-7eb1-4b91-4ab174a99cc7">
      <Execution id="9385bbd5-f31d-4a88-8a1c-a0be0deb7f79" />
      <TestMethod codeBase="C:\Projekty\NUnitTestProject\bin\Debug\netcoreapp3.1\NUnitTestProject.dll" adapterTypeName="executor://nunit3testexecutor/" className="NUnitTestProject.CurrencyHelperTests" name="FormatToStringTest1000(35.34471716840971d,&quot;35.34 zł&quot;)" />
    </UnitTest>
    <UnitTest name="FormatToStringTest1000(37826.846755123166d,&quot;37826.85 zł&quot;)" storage="c:\projekty\nunittestproject\bin\debug\netcoreapp3.1\nunittestproject.dll" id="4f980f14-0ada-dd56-93fe-12a559a27314">
      <Execution id="f722983a-3dad-47c4-bf62-2b2079a4d79e" />
      <TestMethod codeBase="C:\Projekty\NUnitTestProject\bin\Debug\netcoreapp3.1\NUnitTestProject.dll" adapterTypeName="executor://nunit3testexecutor/" className="NUnitTestProject.CurrencyHelperTests" name="FormatToStringTest1000(37826.846755123166d,&quot;37826.85 zł&quot;)" />
    </UnitTest>
    <UnitTest name="FormatToStringTest1000(14003.84591249742d,&quot;14003.85 zł&quot;)" storage="c:\projekty\nunittestproject\bin\debug\netcoreapp3.1\nunittestproject.dll" id="b266e530-9059-cc9e-a2de-5a104736c757">
      <Execution id="aa72a38e-fb78-42ab-8f45-02fbd959e5d8" />
      <TestMethod codeBase="C:\Projekty\NUnitTestProject\bin\Debug\netcoreapp3.1\NUnitTestProject.dll" adapterTypeName="executor://nunit3testexecutor/" className="NUnitTestProject.CurrencyHelperTests" name="FormatToStringTest1000(14003.84591249742d,&quot;14003.85 zł&quot;)" />
    </UnitTest>
    <UnitTest name="FormatToStringTest1000(12949.590713378317d,&quot;12949.59 zł&quot;)" storage="c:\projekty\nunittestproject\bin\debug\netcoreapp3.1\nunittestproject.dll" id="58932f19-d7b6-d69f-2dae-d6e75aa0e55e">
      <Execution id="f83cb5e8-1de4-4fe7-90a6-a74e67216505" />
      <TestMethod codeBase="C:\Projekty\NUnitTestProject\bin\Debug\netcoreapp3.1\NUnitTestProject.dll" adapterTypeName="executor://nunit3testexecutor/" className="NUnitTestProject.CurrencyHelperTests" name="FormatToStringTest1000(12949.590713378317d,&quot;12949.59 zł&quot;)" />
    </UnitTest>
    <UnitTest name="FormatToStringTest1000(28455.229970996843d,&quot;28455.23 zł&quot;)" storage="c:\projekty\nunittestproject\bin\debug\netcoreapp3.1\nunittestproject.dll" id="8abb9da4-977b-effb-b6fc-988ee16d7ff4">
      <Execution id="b0de0529-05cd-4de3-8b0b-13b15d6902bd" />
      <TestMethod codeBase="C:\Projekty\NUnitTestProject\bin\Debug\netcoreapp3.1\NUnitTestProject.dll" adapterTypeName="executor://nunit3testexecutor/" className="NUnitTestProject.CurrencyHelperTests" name="FormatToStringTest1000(28455.229970996843d,&quot;28455.23 zł&quot;)" />
    </UnitTest>
    <UnitTest name="FormatToStringTest1000(4554.73912809777d,&quot;4554.74 zł&quot;)" storage="c:\projekty\nunittestproject\bin\debug\netcoreapp3.1\nunittestproject.dll" id="f33cb892-3679-fe31-40d8-b78f43a0c80f">
      <Execution id="95d1a041-e45a-4baa-ae1a-934aff828083" />
      <TestMethod codeBase="C:\Projekty\NUnitTestProject\bin\Debug\netcoreapp3.1\NUnitTestProject.dll" adapterTypeName="executor://nunit3testexecutor/" className="NUnitTestProject.CurrencyHelperTests" name="FormatToStringTest1000(4554.73912809777d,&quot;4554.74 zł&quot;)" />
    </UnitTest>
    <UnitTest name="FormatToStringTest1000(19840.47672110632d,&quot;19840.48 zł&quot;)" storage="c:\projekty\nunittestproject\bin\debug\netcoreapp3.1\nunittestproject.dll" id="8d3460f1-a4b4-e4c2-2d2b-85718b89d128">
      <Execution id="0f968ff9-442e-47f9-96c7-242d49b6c4ee" />
      <TestMethod codeBase="C:\Projekty\NUnitTestProject\bin\Debug\netcoreapp3.1\NUnitTestProject.dll" adapterTypeName="executor://nunit3testexecutor/" className="NUnitTestProject.CurrencyHelperTests" name="FormatToStringTest1000(19840.47672110632d,&quot;19840.48 zł&quot;)" />
    </UnitTest>
    <UnitTest name="FormatToStringTest1000(15520.346099893259d,&quot;15520.35 zł&quot;)" storage="c:\projekty\nunittestproject\bin\debug\netcoreapp3.1\nunittestproject.dll" id="95fa357e-9359-c839-8ff3-f046c9e30487">
      <Execution id="50162d92-dbba-493d-9691-0b31b05d921e" />
      <TestMethod codeBase="C:\Projekty\NUnitTestProject\bin\Debug\netcoreapp3.1\NUnitTestProject.dll" adapterTypeName="executor://nunit3testexecutor/" className="NUnitTestProject.CurrencyHelperTests" name="FormatToStringTest1000(15520.346099893259d,&quot;15520.35 zł&quot;)" />
    </UnitTest>
    <UnitTest name="FormatToStringTest1000(13375.96341587415d,&quot;13375.96 zł&quot;)" storage="c:\projekty\nunittestproject\bin\debug\netcoreapp3.1\nunittestproject.dll" id="66fdc644-297b-3f5c-4f4a-cb900d8c28d6">
      <Execution id="c247a137-4182-4d02-a65d-b6c93bce2792" />
      <TestMethod codeBase="C:\Projekty\NUnitTestProject\bin\Debug\netcoreapp3.1\NUnitTestProject.dll" adapterTypeName="executor://nunit3testexecutor/" className="NUnitTestProject.CurrencyHelperTests" name="FormatToStringTest1000(13375.96341587415d,&quot;13375.96 zł&quot;)" />
    </UnitTest>
    <UnitTest name="FormatToStringTest1000(4002.4180488374172d,&quot;4002.42 zł&quot;)" storage="c:\projekty\nunittestproject\bin\debug\netcoreapp3.1\nunittestproject.dll" id="f5fd9e95-4d91-8f7f-4648-e5bd7c8cc931">
      <Execution id="741ffcc7-d760-407a-8925-a33c986843b2" />
      <TestMethod codeBase="C:\Projekty\NUnitTestProject\bin\Debug\netcoreapp3.1\NUnitTestProject.dll" adapterTypeName="executor://nunit3testexecutor/" className="NUnitTestProject.CurrencyHelperTests" name="FormatToStringTest1000(4002.4180488374172d,&quot;4002.42 zł&quot;)" />
    </UnitTest>
    <UnitTest name="FormatToStringTest1000(59768.02667973611d,&quot;59768.03 zł&quot;)" storage="c:\projekty\nunittestproject\bin\debug\netcoreapp3.1\nunittestproject.dll" id="a847ffac-041e-82ae-b13a-0b82098799e8">
      <Execution id="4ad48125-d634-4a92-be16-be6eb033136e" />
      <TestMethod codeBase="C:\Projekty\NUnitTestProject\bin\Debug\netcoreapp3.1\NUnitTestProject.dll" adapterTypeName="executor://nunit3testexecutor/" className="NUnitTestProject.CurrencyHelperTests" name="FormatToStringTest1000(59768.02667973611d,&quot;59768.03 zł&quot;)" />
    </UnitTest>
    <UnitTest name="FormatToStringTest1000(17835.54606576988d,&quot;17835.55 zł&quot;)" storage="c:\projekty\nunittestproject\bin\debug\netcoreapp3.1\nunittestproject.dll" id="e679eaee-e3a9-8b8a-d185-7c73afee0b2f">
      <Execution id="eadbba8d-d0a4-4f5b-a3a0-94098a53e80c" />
      <TestMethod codeBase="C:\Projekty\NUnitTestProject\bin\Debug\netcoreapp3.1\NUnitTestProject.dll" adapterTypeName="executor://nunit3testexecutor/" className="NUnitTestProject.CurrencyHelperTests" name="FormatToStringTest1000(17835.54606576988d,&quot;17835.55 zł&quot;)" />
    </UnitTest>
    <UnitTest name="FormatToStringTest1000(12308.022158465357d,&quot;12308.02 zł&quot;)" storage="c:\projekty\nunittestproject\bin\debug\netcoreapp3.1\nunittestproject.dll" id="cb9006f5-cf8f-a741-60da-88003562c888">
      <Execution id="71dd6dfd-3c6a-4dea-a5a8-d204f05353c5" />
      <TestMethod codeBase="C:\Projekty\NUnitTestProject\bin\Debug\netcoreapp3.1\NUnitTestProject.dll" adapterTypeName="executor://nunit3testexecutor/" className="NUnitTestProject.CurrencyHelperTests" name="FormatToStringTest1000(12308.022158465357d,&quot;12308.02 zł&quot;)" />
    </UnitTest>
    <UnitTest name="FormatToStringTest1000(13568.230982493717d,&quot;13568.23 zł&quot;)" storage="c:\projekty\nunittestproject\bin\debug\netcoreapp3.1\nunittestproject.dll" id="9c16a4f2-9784-74bb-775d-5911328260bf">
      <Execution id="71bc2496-1988-41b4-8ea2-ec26e23a1ea9" />
      <TestMethod codeBase="C:\Projekty\NUnitTestProject\bin\Debug\netcoreapp3.1\NUnitTestProject.dll" adapterTypeName="executor://nunit3testexecutor/" className="NUnitTestProject.CurrencyHelperTests" name="FormatToStringTest1000(13568.230982493717d,&quot;13568.23 zł&quot;)" />
    </UnitTest>
    <UnitTest name="FormatToStringTest1000(20068.867046961965d,&quot;20068.87 zł&quot;)" storage="c:\projekty\nunittestproject\bin\debug\netcoreapp3.1\nunittestproject.dll" id="004cf38c-62a9-5d39-4e66-385c7c495389">
      <Execution id="33238b48-675b-40d1-baab-9dba3981e4fd" />
      <TestMethod codeBase="C:\Projekty\NUnitTestProject\bin\Debug\netcoreapp3.1\NUnitTestProject.dll" adapterTypeName="executor://nunit3testexecutor/" className="NUnitTestProject.CurrencyHelperTests" name="FormatToStringTest1000(20068.867046961965d,&quot;20068.87 zł&quot;)" />
    </UnitTest>
    <UnitTest name="FormatToStringTest1000(26945.125386551546d,&quot;26945.13 zł&quot;)" storage="c:\projekty\nunittestproject\bin\debug\netcoreapp3.1\nunittestproject.dll" id="217115b6-0d47-12a1-e34e-67f742ff910b">
      <Execution id="713686ba-3867-431b-ab14-4cd4bb0ce1ba" />
      <TestMethod codeBase="C:\Projekty\NUnitTestProject\bin\Debug\netcoreapp3.1\NUnitTestProject.dll" adapterTypeName="executor://nunit3testexecutor/" className="NUnitTestProject.CurrencyHelperTests" name="FormatToStringTest1000(26945.125386551546d,&quot;26945.13 zł&quot;)" />
    </UnitTest>
    <UnitTest name="FormatToStringTest1000(6205.946199725357d,&quot;6205.95 zł&quot;)" storage="c:\projekty\nunittestproject\bin\debug\netcoreapp3.1\nunittestproject.dll" id="521fa3b6-9e37-72bc-d9e9-42020df0aa26">
      <Execution id="3f452ff2-1fef-45a3-a815-97caacddb93a" />
      <TestMethod codeBase="C:\Projekty\NUnitTestProject\bin\Debug\netcoreapp3.1\NUnitTestProject.dll" adapterTypeName="executor://nunit3testexecutor/" className="NUnitTestProject.CurrencyHelperTests" name="FormatToStringTest1000(6205.946199725357d,&quot;6205.95 zł&quot;)" />
    </UnitTest>
    <UnitTest name="FormatToStringTest1000(54724.71040318008d,&quot;54724.71 zł&quot;)" storage="c:\projekty\nunittestproject\bin\debug\netcoreapp3.1\nunittestproject.dll" id="71a2762b-d8da-32e7-80e0-7c170fef2ac7">
      <Execution id="c8469782-b68d-4a7c-bf15-f74e5f01053f" />
      <TestMethod codeBase="C:\Projekty\NUnitTestProject\bin\Debug\netcoreapp3.1\NUnitTestProject.dll" adapterTypeName="executor://nunit3testexecutor/" className="NUnitTestProject.CurrencyHelperTests" name="FormatToStringTest1000(54724.71040318008d,&quot;54724.71 zł&quot;)" />
    </UnitTest>
    <UnitTest name="FormatToStringTest1000(56286.70397975702d,&quot;56286.70 zł&quot;)" storage="c:\projekty\nunittestproject\bin\debug\netcoreapp3.1\nunittestproject.dll" id="8f24487f-448e-3b5a-351c-88c069a107d6">
      <Execution id="fa43aaa9-00cf-49fd-a5fd-c6099608eb45" />
      <TestMethod codeBase="C:\Projekty\NUnitTestProject\bin\Debug\netcoreapp3.1\NUnitTestProject.dll" adapterTypeName="executor://nunit3testexecutor/" className="NUnitTestProject.CurrencyHelperTests" name="FormatToStringTest1000(56286.70397975702d,&quot;56286.70 zł&quot;)" />
    </UnitTest>
    <UnitTest name="FormatToStringTest1000(36651.05802063414d,&quot;36651.06 zł&quot;)" storage="c:\projekty\nunittestproject\bin\debug\netcoreapp3.1\nunittestproject.dll" id="2be600d2-247c-9e20-d84c-921afba648ed">
      <Execution id="4764d2e6-b617-4aee-b245-ebf308f88757" />
      <TestMethod codeBase="C:\Projekty\NUnitTestProject\bin\Debug\netcoreapp3.1\NUnitTestProject.dll" adapterTypeName="executor://nunit3testexecutor/" className="NUnitTestProject.CurrencyHelperTests" name="FormatToStringTest1000(36651.05802063414d,&quot;36651.06 zł&quot;)" />
    </UnitTest>
    <UnitTest name="FormatToStringTest1000(1898.24149096489d,&quot;1898.24 zł&quot;)" storage="c:\projekty\nunittestproject\bin\debug\netcoreapp3.1\nunittestproject.dll" id="314b7968-8280-3c06-cc8d-95ee97af36dd">
      <Execution id="783fc84c-eb32-422d-97a8-fe1966c3d237" />
      <TestMethod codeBase="C:\Projekty\NUnitTestProject\bin\Debug\netcoreapp3.1\NUnitTestProject.dll" adapterTypeName="executor://nunit3testexecutor/" className="NUnitTestProject.CurrencyHelperTests" name="FormatToStringTest1000(1898.24149096489d,&quot;1898.24 zł&quot;)" />
    </UnitTest>
    <UnitTest name="FormatToStringTest1000(468.83385119346616d,&quot;468.83 zł&quot;)" storage="c:\projekty\nunittestproject\bin\debug\netcoreapp3.1\nunittestproject.dll" id="c2a86a28-0c33-4ec7-8c21-c750433881c4">
      <Execution id="f6deb788-1e0b-4a12-83c9-a4fe79e8ea39" />
      <TestMethod codeBase="C:\Projekty\NUnitTestProject\bin\Debug\netcoreapp3.1\NUnitTestProject.dll" adapterTypeName="executor://nunit3testexecutor/" className="NUnitTestProject.CurrencyHelperTests" name="FormatToStringTest1000(468.83385119346616d,&quot;468.83 zł&quot;)" />
    </UnitTest>
    <UnitTest name="FormatToStringTest1000(14867.726341984107d,&quot;14867.73 zł&quot;)" storage="c:\projekty\nunittestproject\bin\debug\netcoreapp3.1\nunittestproject.dll" id="bed158c1-cdea-cb2e-72de-fac3c7fdb2c8">
      <Execution id="29c8fb77-e9d7-47b9-a92c-89c63d6ebf83" />
      <TestMethod codeBase="C:\Projekty\NUnitTestProject\bin\Debug\netcoreapp3.1\NUnitTestProject.dll" adapterTypeName="executor://nunit3testexecutor/" className="NUnitTestProject.CurrencyHelperTests" name="FormatToStringTest1000(14867.726341984107d,&quot;14867.73 zł&quot;)" />
    </UnitTest>
    <UnitTest name="FormatToStringTest1000(28155.26504817664d,&quot;28155.27 zł&quot;)" storage="c:\projekty\nunittestproject\bin\debug\netcoreapp3.1\nunittestproject.dll" id="cdb063aa-c8f9-b0b9-d5b0-6f880917f1b4">
      <Execution id="174bc38a-0f4c-4e07-83f4-c2b48638d9ec" />
      <TestMethod codeBase="C:\Projekty\NUnitTestProject\bin\Debug\netcoreapp3.1\NUnitTestProject.dll" adapterTypeName="executor://nunit3testexecutor/" className="NUnitTestProject.CurrencyHelperTests" name="FormatToStringTest1000(28155.26504817664d,&quot;28155.27 zł&quot;)" />
    </UnitTest>
    <UnitTest name="FormatToStringTest1000(22831.975917587977d,&quot;22831.98 zł&quot;)" storage="c:\projekty\nunittestproject\bin\debug\netcoreapp3.1\nunittestproject.dll" id="a72152f5-7a61-c574-c2ee-c9a3ca6ccab7">
      <Execution id="fa9722fa-8179-4678-aa50-5e70155fed97" />
      <TestMethod codeBase="C:\Projekty\NUnitTestProject\bin\Debug\netcoreapp3.1\NUnitTestProject.dll" adapterTypeName="executor://nunit3testexecutor/" className="NUnitTestProject.CurrencyHelperTests" name="FormatToStringTest1000(22831.975917587977d,&quot;22831.98 zł&quot;)" />
    </UnitTest>
    <UnitTest name="FormatToStringTest1000(27164.0272410419d,&quot;27164.03 zł&quot;)" storage="c:\projekty\nunittestproject\bin\debug\netcoreapp3.1\nunittestproject.dll" id="b1699ce8-743c-1964-eb7b-2aa310ecbb21">
      <Execution id="5d8dbe85-6898-4b00-87ee-f88233e691fe" />
      <TestMethod codeBase="C:\Projekty\NUnitTestProject\bin\Debug\netcoreapp3.1\NUnitTestProject.dll" adapterTypeName="executor://nunit3testexecutor/" className="NUnitTestProject.CurrencyHelperTests" name="FormatToStringTest1000(27164.0272410419d,&quot;27164.03 zł&quot;)" />
    </UnitTest>
    <UnitTest name="FormatToStringTest1000(32632.105531036905d,&quot;32632.11 zł&quot;)" storage="c:\projekty\nunittestproject\bin\debug\netcoreapp3.1\nunittestproject.dll" id="369d8b6d-6b5f-c2d1-d938-37474ed850e0">
      <Execution id="1882f062-5786-4660-8068-2ad74733af25" />
      <TestMethod codeBase="C:\Projekty\NUnitTestProject\bin\Debug\netcoreapp3.1\NUnitTestProject.dll" adapterTypeName="executor://nunit3testexecutor/" className="NUnitTestProject.CurrencyHelperTests" name="FormatToStringTest1000(32632.105531036905d,&quot;32632.11 zł&quot;)" />
    </UnitTest>
    <UnitTest name="FormatToStringTest1000(626.135364110179d,&quot;626.14 zł&quot;)" storage="c:\projekty\nunittestproject\bin\debug\netcoreapp3.1\nunittestproject.dll" id="3c732fdd-347f-bf9b-4cee-87347d32525f">
      <Execution id="8461ac9a-900d-446f-91f7-5bab6cbda7a8" />
      <TestMethod codeBase="C:\Projekty\NUnitTestProject\bin\Debug\netcoreapp3.1\NUnitTestProject.dll" adapterTypeName="executor://nunit3testexecutor/" className="NUnitTestProject.CurrencyHelperTests" name="FormatToStringTest1000(626.135364110179d,&quot;626.14 zł&quot;)" />
    </UnitTest>
    <UnitTest name="FormatToStringTest1000(28987.862854782896d,&quot;28987.86 zł&quot;)" storage="c:\projekty\nunittestproject\bin\debug\netcoreapp3.1\nunittestproject.dll" id="bd80c668-2405-22c1-740d-ec63dfd58306">
      <Execution id="8ed93738-03ca-41a3-8793-3a599f96800c" />
      <TestMethod codeBase="C:\Projekty\NUnitTestProject\bin\Debug\netcoreapp3.1\NUnitTestProject.dll" adapterTypeName="executor://nunit3testexecutor/" className="NUnitTestProject.CurrencyHelperTests" name="FormatToStringTest1000(28987.862854782896d,&quot;28987.86 zł&quot;)" />
    </UnitTest>
    <UnitTest name="FormatToStringTest1000(16825.83099003268d,&quot;16825.83 zł&quot;)" storage="c:\projekty\nunittestproject\bin\debug\netcoreapp3.1\nunittestproject.dll" id="299c3fd4-a01d-2a60-05c1-ad11698aa276">
      <Execution id="fe3f5cdc-1108-4d96-ace3-b4f188b94645" />
      <TestMethod codeBase="C:\Projekty\NUnitTestProject\bin\Debug\netcoreapp3.1\NUnitTestProject.dll" adapterTypeName="executor://nunit3testexecutor/" className="NUnitTestProject.CurrencyHelperTests" name="FormatToStringTest1000(16825.83099003268d,&quot;16825.83 zł&quot;)" />
    </UnitTest>
    <UnitTest name="FormatToStringTest1000(2039.440966411699d,&quot;2039.44 zł&quot;)" storage="c:\projekty\nunittestproject\bin\debug\netcoreapp3.1\nunittestproject.dll" id="e24a4a8b-d823-3179-90dd-34c590157361">
      <Execution id="19d5f344-8641-44f4-9772-73feb3b01385" />
      <TestMethod codeBase="C:\Projekty\NUnitTestProject\bin\Debug\netcoreapp3.1\NUnitTestProject.dll" adapterTypeName="executor://nunit3testexecutor/" className="NUnitTestProject.CurrencyHelperTests" name="FormatToStringTest1000(2039.440966411699d,&quot;2039.44 zł&quot;)" />
    </UnitTest>
    <UnitTest name="FormatToStringTest1000(9628.688698104437d,&quot;9628.69 zł&quot;)" storage="c:\projekty\nunittestproject\bin\debug\netcoreapp3.1\nunittestproject.dll" id="244a126b-865c-f129-c9cf-f22a9a00e343">
      <Execution id="02da9e94-8d28-4967-8856-c2b7efe046bb" />
      <TestMethod codeBase="C:\Projekty\NUnitTestProject\bin\Debug\netcoreapp3.1\NUnitTestProject.dll" adapterTypeName="executor://nunit3testexecutor/" className="NUnitTestProject.CurrencyHelperTests" name="FormatToStringTest1000(9628.688698104437d,&quot;9628.69 zł&quot;)" />
    </UnitTest>
    <UnitTest name="FormatToStringTest1000(32262.93788198984d,&quot;32262.94 zł&quot;)" storage="c:\projekty\nunittestproject\bin\debug\netcoreapp3.1\nunittestproject.dll" id="74c0130b-d063-4d59-6d84-18416c8beb4f">
      <Execution id="c676532f-22fd-4fae-b390-0ae276d53c06" />
      <TestMethod codeBase="C:\Projekty\NUnitTestProject\bin\Debug\netcoreapp3.1\NUnitTestProject.dll" adapterTypeName="executor://nunit3testexecutor/" className="NUnitTestProject.CurrencyHelperTests" name="FormatToStringTest1000(32262.93788198984d,&quot;32262.94 zł&quot;)" />
    </UnitTest>
    <UnitTest name="FormatToStringTest1000(21573.45329517613d,&quot;21573.45 zł&quot;)" storage="c:\projekty\nunittestproject\bin\debug\netcoreapp3.1\nunittestproject.dll" id="e00200eb-3a34-f266-bd48-fa5530d514f6">
      <Execution id="c59bc15c-2132-4a32-96c4-810d2a48ccb3" />
      <TestMethod codeBase="C:\Projekty\NUnitTestProject\bin\Debug\netcoreapp3.1\NUnitTestProject.dll" adapterTypeName="executor://nunit3testexecutor/" className="NUnitTestProject.CurrencyHelperTests" name="FormatToStringTest1000(21573.45329517613d,&quot;21573.45 zł&quot;)" />
    </UnitTest>
    <UnitTest name="FormatToStringTest1000(7050.437505805137d,&quot;7050.44 zł&quot;)" storage="c:\projekty\nunittestproject\bin\debug\netcoreapp3.1\nunittestproject.dll" id="d5a3e949-dba8-8515-82f0-b4d3600a13aa">
      <Execution id="2fe4ff2b-cfd9-43ac-8d4a-8e410bffa5b9" />
      <TestMethod codeBase="C:\Projekty\NUnitTestProject\bin\Debug\netcoreapp3.1\NUnitTestProject.dll" adapterTypeName="executor://nunit3testexecutor/" className="NUnitTestProject.CurrencyHelperTests" name="FormatToStringTest1000(7050.437505805137d,&quot;7050.44 zł&quot;)" />
    </UnitTest>
    <UnitTest name="FormatToStringTest1000(20640.678251201603d,&quot;20640.68 zł&quot;)" storage="c:\projekty\nunittestproject\bin\debug\netcoreapp3.1\nunittestproject.dll" id="a01314ec-fbb5-964d-0d33-e4eebe884133">
      <Execution id="5564cd0c-d395-4f72-802a-929b18863c95" />
      <TestMethod codeBase="C:\Projekty\NUnitTestProject\bin\Debug\netcoreapp3.1\NUnitTestProject.dll" adapterTypeName="executor://nunit3testexecutor/" className="NUnitTestProject.CurrencyHelperTests" name="FormatToStringTest1000(20640.678251201603d,&quot;20640.68 zł&quot;)" />
    </UnitTest>
    <UnitTest name="FormatToStringTest1000(22197.731451777618d,&quot;22197.73 zł&quot;)" storage="c:\projekty\nunittestproject\bin\debug\netcoreapp3.1\nunittestproject.dll" id="b6ca1995-becc-76ce-0b28-eebf3dd3e464">
      <Execution id="0ab202ac-d578-4700-b3cc-e2cb9e590fd5" />
      <TestMethod codeBase="C:\Projekty\NUnitTestProject\bin\Debug\netcoreapp3.1\NUnitTestProject.dll" adapterTypeName="executor://nunit3testexecutor/" className="NUnitTestProject.CurrencyHelperTests" name="FormatToStringTest1000(22197.731451777618d,&quot;22197.73 zł&quot;)" />
    </UnitTest>
    <UnitTest name="FormatToStringTest1000(68770.73008707525d,&quot;68770.73 zł&quot;)" storage="c:\projekty\nunittestproject\bin\debug\netcoreapp3.1\nunittestproject.dll" id="6abd158c-e0bd-4354-9fac-ab6a832540d0">
      <Execution id="cb0bd7d2-f8b9-4363-bffe-d3982ea96ca9" />
      <TestMethod codeBase="C:\Projekty\NUnitTestProject\bin\Debug\netcoreapp3.1\NUnitTestProject.dll" adapterTypeName="executor://nunit3testexecutor/" className="NUnitTestProject.CurrencyHelperTests" name="FormatToStringTest1000(68770.73008707525d,&quot;68770.73 zł&quot;)" />
    </UnitTest>
    <UnitTest name="FormatToStringTest1000(32051.900532446758d,&quot;32051.90 zł&quot;)" storage="c:\projekty\nunittestproject\bin\debug\netcoreapp3.1\nunittestproject.dll" id="af3111d5-b888-5828-d92f-ad0d56c13b83">
      <Execution id="f5ea7df5-bc84-4701-a6ab-53f5d4e906a7" />
      <TestMethod codeBase="C:\Projekty\NUnitTestProject\bin\Debug\netcoreapp3.1\NUnitTestProject.dll" adapterTypeName="executor://nunit3testexecutor/" className="NUnitTestProject.CurrencyHelperTests" name="FormatToStringTest1000(32051.900532446758d,&quot;32051.90 zł&quot;)" />
    </UnitTest>
    <UnitTest name="FormatToStringTest1000(11624.834848273003d,&quot;11624.83 zł&quot;)" storage="c:\projekty\nunittestproject\bin\debug\netcoreapp3.1\nunittestproject.dll" id="8456fa24-5ecf-826b-4b12-9156253c47fe">
      <Execution id="4721432d-3170-449f-b1c7-8bc4e0a35c7c" />
      <TestMethod codeBase="C:\Projekty\NUnitTestProject\bin\Debug\netcoreapp3.1\NUnitTestProject.dll" adapterTypeName="executor://nunit3testexecutor/" className="NUnitTestProject.CurrencyHelperTests" name="FormatToStringTest1000(11624.834848273003d,&quot;11624.83 zł&quot;)" />
    </UnitTest>
    <UnitTest name="FormatToStringTest1000(7004.710832051798d,&quot;7004.71 zł&quot;)" storage="c:\projekty\nunittestproject\bin\debug\netcoreapp3.1\nunittestproject.dll" id="0d3aed88-2598-0caa-458e-53fd2f6dc4e2">
      <Execution id="61a77941-0a4a-4878-850d-0ed4753f6850" />
      <TestMethod codeBase="C:\Projekty\NUnitTestProject\bin\Debug\netcoreapp3.1\NUnitTestProject.dll" adapterTypeName="executor://nunit3testexecutor/" className="NUnitTestProject.CurrencyHelperTests" name="FormatToStringTest1000(7004.710832051798d,&quot;7004.71 zł&quot;)" />
    </UnitTest>
    <UnitTest name="FormatToStringTest1000(2390.7596313784643d,&quot;2390.76 zł&quot;)" storage="c:\projekty\nunittestproject\bin\debug\netcoreapp3.1\nunittestproject.dll" id="ae67d523-2929-36b8-f281-40940e5c29bb">
      <Execution id="89eeb4ad-4ac3-4d0d-bd49-92034cc7cc29" />
      <TestMethod codeBase="C:\Projekty\NUnitTestProject\bin\Debug\netcoreapp3.1\NUnitTestProject.dll" adapterTypeName="executor://nunit3testexecutor/" className="NUnitTestProject.CurrencyHelperTests" name="FormatToStringTest1000(2390.7596313784643d,&quot;2390.76 zł&quot;)" />
    </UnitTest>
    <UnitTest name="FormatToStringTest1000(45887.58415794167d,&quot;45887.58 zł&quot;)" storage="c:\projekty\nunittestproject\bin\debug\netcoreapp3.1\nunittestproject.dll" id="23390089-a1b0-0859-3cf4-aeec4a54a63a">
      <Execution id="f01d84fe-d797-4be1-bb1c-ddbdac293765" />
      <TestMethod codeBase="C:\Projekty\NUnitTestProject\bin\Debug\netcoreapp3.1\NUnitTestProject.dll" adapterTypeName="executor://nunit3testexecutor/" className="NUnitTestProject.CurrencyHelperTests" name="FormatToStringTest1000(45887.58415794167d,&quot;45887.58 zł&quot;)" />
    </UnitTest>
    <UnitTest name="FormatToStringTest1000(48544.390887578666d,&quot;48544.39 zł&quot;)" storage="c:\projekty\nunittestproject\bin\debug\netcoreapp3.1\nunittestproject.dll" id="6b63c191-3bae-08f6-ef80-e9550ed318c7">
      <Execution id="30fc3707-18de-446f-af38-bce2f18eb0e0" />
      <TestMethod codeBase="C:\Projekty\NUnitTestProject\bin\Debug\netcoreapp3.1\NUnitTestProject.dll" adapterTypeName="executor://nunit3testexecutor/" className="NUnitTestProject.CurrencyHelperTests" name="FormatToStringTest1000(48544.390887578666d,&quot;48544.39 zł&quot;)" />
    </UnitTest>
    <UnitTest name="FormatToStringTest1000(918.1842976688334d,&quot;918.18 zł&quot;)" storage="c:\projekty\nunittestproject\bin\debug\netcoreapp3.1\nunittestproject.dll" id="e4cccfe6-fb6d-a0d6-3337-e528b068adae">
      <Execution id="290ea1b0-ab64-44cd-8966-0bee971648c0" />
      <TestMethod codeBase="C:\Projekty\NUnitTestProject\bin\Debug\netcoreapp3.1\NUnitTestProject.dll" adapterTypeName="executor://nunit3testexecutor/" className="NUnitTestProject.CurrencyHelperTests" name="FormatToStringTest1000(918.1842976688334d,&quot;918.18 zł&quot;)" />
    </UnitTest>
    <UnitTest name="FormatToStringTest1000(37561.969571757116d,&quot;37561.97 zł&quot;)" storage="c:\projekty\nunittestproject\bin\debug\netcoreapp3.1\nunittestproject.dll" id="0ea957ac-53f2-c077-4d23-d56d0a5f77c4">
      <Execution id="4ec42fa1-a932-4bf7-b63f-1f3a11b60efe" />
      <TestMethod codeBase="C:\Projekty\NUnitTestProject\bin\Debug\netcoreapp3.1\NUnitTestProject.dll" adapterTypeName="executor://nunit3testexecutor/" className="NUnitTestProject.CurrencyHelperTests" name="FormatToStringTest1000(37561.969571757116d,&quot;37561.97 zł&quot;)" />
    </UnitTest>
    <UnitTest name="FormatToStringTest1000(68011.49219071423d,&quot;68011.49 zł&quot;)" storage="c:\projekty\nunittestproject\bin\debug\netcoreapp3.1\nunittestproject.dll" id="fb944051-8a30-bb84-bc2a-dc4270028415">
      <Execution id="80cea3f3-f3bc-4c1c-a475-e83e55f2c56a" />
      <TestMethod codeBase="C:\Projekty\NUnitTestProject\bin\Debug\netcoreapp3.1\NUnitTestProject.dll" adapterTypeName="executor://nunit3testexecutor/" className="NUnitTestProject.CurrencyHelperTests" name="FormatToStringTest1000(68011.49219071423d,&quot;68011.49 zł&quot;)" />
    </UnitTest>
    <UnitTest name="FormatToStringTest1000(10857.521742201186d,&quot;10857.52 zł&quot;)" storage="c:\projekty\nunittestproject\bin\debug\netcoreapp3.1\nunittestproject.dll" id="a73c4b3c-3d13-f62c-d2e5-567ad0be5c42">
      <Execution id="f31d8f82-b9d0-4d0e-9c16-b549fcd68a4b" />
      <TestMethod codeBase="C:\Projekty\NUnitTestProject\bin\Debug\netcoreapp3.1\NUnitTestProject.dll" adapterTypeName="executor://nunit3testexecutor/" className="NUnitTestProject.CurrencyHelperTests" name="FormatToStringTest1000(10857.521742201186d,&quot;10857.52 zł&quot;)" />
    </UnitTest>
    <UnitTest name="FormatToStringTest1000(17232.486162219426d,&quot;17232.49 zł&quot;)" storage="c:\projekty\nunittestproject\bin\debug\netcoreapp3.1\nunittestproject.dll" id="4951aa5a-960f-b892-8f82-3d3748c1e3da">
      <Execution id="c77c9994-03a2-42fb-8591-b22ffa44e65d" />
      <TestMethod codeBase="C:\Projekty\NUnitTestProject\bin\Debug\netcoreapp3.1\NUnitTestProject.dll" adapterTypeName="executor://nunit3testexecutor/" className="NUnitTestProject.CurrencyHelperTests" name="FormatToStringTest1000(17232.486162219426d,&quot;17232.49 zł&quot;)" />
    </UnitTest>
    <UnitTest name="FormatToStringTest1000(10965.74607995746d,&quot;10965.75 zł&quot;)" storage="c:\projekty\nunittestproject\bin\debug\netcoreapp3.1\nunittestproject.dll" id="8879b9b8-0100-f390-31c6-fdcbdf8a4f83">
      <Execution id="4fb389ba-4956-473a-994c-b878f54bf380" />
      <TestMethod codeBase="C:\Projekty\NUnitTestProject\bin\Debug\netcoreapp3.1\NUnitTestProject.dll" adapterTypeName="executor://nunit3testexecutor/" className="NUnitTestProject.CurrencyHelperTests" name="FormatToStringTest1000(10965.74607995746d,&quot;10965.75 zł&quot;)" />
    </UnitTest>
    <UnitTest name="FormatToStringTest1000(17418.31302247863d,&quot;17418.31 zł&quot;)" storage="c:\projekty\nunittestproject\bin\debug\netcoreapp3.1\nunittestproject.dll" id="a8b1a1f3-a70e-7194-337a-f959c6974971">
      <Execution id="6b5dafb1-7ba6-4c32-be15-ed66d0d0eda9" />
      <TestMethod codeBase="C:\Projekty\NUnitTestProject\bin\Debug\netcoreapp3.1\NUnitTestProject.dll" adapterTypeName="executor://nunit3testexecutor/" className="NUnitTestProject.CurrencyHelperTests" name="FormatToStringTest1000(17418.31302247863d,&quot;17418.31 zł&quot;)" />
    </UnitTest>
    <UnitTest name="FormatToStringTest1000(3646.857719214101d,&quot;3646.86 zł&quot;)" storage="c:\projekty\nunittestproject\bin\debug\netcoreapp3.1\nunittestproject.dll" id="f28b795b-c425-f0b1-e6d2-05ca8e559551">
      <Execution id="ccdaabec-a2d6-4f70-bbec-81da8ecb6401" />
      <TestMethod codeBase="C:\Projekty\NUnitTestProject\bin\Debug\netcoreapp3.1\NUnitTestProject.dll" adapterTypeName="executor://nunit3testexecutor/" className="NUnitTestProject.CurrencyHelperTests" name="FormatToStringTest1000(3646.857719214101d,&quot;3646.86 zł&quot;)" />
    </UnitTest>
    <UnitTest name="FormatToStringTest1000(41915.7945284563d,&quot;41915.79 zł&quot;)" storage="c:\projekty\nunittestproject\bin\debug\netcoreapp3.1\nunittestproject.dll" id="619c3bdd-52f6-f473-bd0e-a552a532adf7">
      <Execution id="47bd13af-66dc-4eb6-a2d8-90cdcba56aeb" />
      <TestMethod codeBase="C:\Projekty\NUnitTestProject\bin\Debug\netcoreapp3.1\NUnitTestProject.dll" adapterTypeName="executor://nunit3testexecutor/" className="NUnitTestProject.CurrencyHelperTests" name="FormatToStringTest1000(41915.7945284563d,&quot;41915.79 zł&quot;)" />
    </UnitTest>
    <UnitTest name="FormatToStringTest1000(43424.45140075332d,&quot;43424.45 zł&quot;)" storage="c:\projekty\nunittestproject\bin\debug\netcoreapp3.1\nunittestproject.dll" id="a2324ec9-fe68-9e74-cace-8efe295e824d">
      <Execution id="0fbcae40-3afa-4356-980b-91d92e3cbc42" />
      <TestMethod codeBase="C:\Projekty\NUnitTestProject\bin\Debug\netcoreapp3.1\NUnitTestProject.dll" adapterTypeName="executor://nunit3testexecutor/" className="NUnitTestProject.CurrencyHelperTests" name="FormatToStringTest1000(43424.45140075332d,&quot;43424.45 zł&quot;)" />
    </UnitTest>
    <UnitTest name="FormatToStringTest1000(31391.358864880804d,&quot;31391.36 zł&quot;)" storage="c:\projekty\nunittestproject\bin\debug\netcoreapp3.1\nunittestproject.dll" id="a9bc5968-881f-208e-3a3a-e085883b32c4">
      <Execution id="de02c42c-9805-4bab-8541-bc94f74df7d5" />
      <TestMethod codeBase="C:\Projekty\NUnitTestProject\bin\Debug\netcoreapp3.1\NUnitTestProject.dll" adapterTypeName="executor://nunit3testexecutor/" className="NUnitTestProject.CurrencyHelperTests" name="FormatToStringTest1000(31391.358864880804d,&quot;31391.36 zł&quot;)" />
    </UnitTest>
    <UnitTest name="FormatToStringTest1000(4525.609305084501d,&quot;4525.61 zł&quot;)" storage="c:\projekty\nunittestproject\bin\debug\netcoreapp3.1\nunittestproject.dll" id="c8d9f475-0d2c-01ff-49f8-896beab958d5">
      <Execution id="6a8d5508-4c65-4dcf-8fca-1ff0c81e29fc" />
      <TestMethod codeBase="C:\Projekty\NUnitTestProject\bin\Debug\netcoreapp3.1\NUnitTestProject.dll" adapterTypeName="executor://nunit3testexecutor/" className="NUnitTestProject.CurrencyHelperTests" name="FormatToStringTest1000(4525.609305084501d,&quot;4525.61 zł&quot;)" />
    </UnitTest>
    <UnitTest name="FormatToStringTest1000(72802.68569213277d,&quot;72802.69 zł&quot;)" storage="c:\projekty\nunittestproject\bin\debug\netcoreapp3.1\nunittestproject.dll" id="f9ec4424-0f09-8ce8-d044-ac97ec1d16a8">
      <Execution id="784593d4-7b65-42df-80a2-9ac905b7e872" />
      <TestMethod codeBase="C:\Projekty\NUnitTestProject\bin\Debug\netcoreapp3.1\NUnitTestProject.dll" adapterTypeName="executor://nunit3testexecutor/" className="NUnitTestProject.CurrencyHelperTests" name="FormatToStringTest1000(72802.68569213277d,&quot;72802.69 zł&quot;)" />
    </UnitTest>
    <UnitTest name="FormatToStringTest1000(6057.842750804426d,&quot;6057.84 zł&quot;)" storage="c:\projekty\nunittestproject\bin\debug\netcoreapp3.1\nunittestproject.dll" id="96aa3d29-1365-f48b-4ac9-cdc761ea41b1">
      <Execution id="af31fc81-c8a4-4854-b8df-e3798788d49a" />
      <TestMethod codeBase="C:\Projekty\NUnitTestProject\bin\Debug\netcoreapp3.1\NUnitTestProject.dll" adapterTypeName="executor://nunit3testexecutor/" className="NUnitTestProject.CurrencyHelperTests" name="FormatToStringTest1000(6057.842750804426d,&quot;6057.84 zł&quot;)" />
    </UnitTest>
    <UnitTest name="FormatToStringTest1000(5140.16338917155d,&quot;5140.16 zł&quot;)" storage="c:\projekty\nunittestproject\bin\debug\netcoreapp3.1\nunittestproject.dll" id="832e2e19-99a8-b743-8cd7-c0180c963ece">
      <Execution id="117bd8e4-14ad-4d1a-aa4d-8b9ecfc05d23" />
      <TestMethod codeBase="C:\Projekty\NUnitTestProject\bin\Debug\netcoreapp3.1\NUnitTestProject.dll" adapterTypeName="executor://nunit3testexecutor/" className="NUnitTestProject.CurrencyHelperTests" name="FormatToStringTest1000(5140.16338917155d,&quot;5140.16 zł&quot;)" />
    </UnitTest>
    <UnitTest name="FormatToStringTest1000(59283.48311990662d,&quot;59283.48 zł&quot;)" storage="c:\projekty\nunittestproject\bin\debug\netcoreapp3.1\nunittestproject.dll" id="c3298b2d-9863-1896-98e3-77805a105e1c">
      <Execution id="1d2990e8-b59d-4dbc-8059-14a0b00aab0e" />
      <TestMethod codeBase="C:\Projekty\NUnitTestProject\bin\Debug\netcoreapp3.1\NUnitTestProject.dll" adapterTypeName="executor://nunit3testexecutor/" className="NUnitTestProject.CurrencyHelperTests" name="FormatToStringTest1000(59283.48311990662d,&quot;59283.48 zł&quot;)" />
    </UnitTest>
    <UnitTest name="FormatToStringTest1000(79339.95632144621d,&quot;79339.96 zł&quot;)" storage="c:\projekty\nunittestproject\bin\debug\netcoreapp3.1\nunittestproject.dll" id="0a21bad2-cce1-7c33-3af3-a6f4c4389e98">
      <Execution id="48a7a81f-fb01-42fe-b215-1cf8f332c34a" />
      <TestMethod codeBase="C:\Projekty\NUnitTestProject\bin\Debug\netcoreapp3.1\NUnitTestProject.dll" adapterTypeName="executor://nunit3testexecutor/" className="NUnitTestProject.CurrencyHelperTests" name="FormatToStringTest1000(79339.95632144621d,&quot;79339.96 zł&quot;)" />
    </UnitTest>
    <UnitTest name="FormatToStringTest1000(1228.101744225296d,&quot;1228.10 zł&quot;)" storage="c:\projekty\nunittestproject\bin\debug\netcoreapp3.1\nunittestproject.dll" id="11067e87-9b88-327c-9a0f-dda26b0288cb">
      <Execution id="0e153b9a-6e63-4123-a50a-b17028f5716b" />
      <TestMethod codeBase="C:\Projekty\NUnitTestProject\bin\Debug\netcoreapp3.1\NUnitTestProject.dll" adapterTypeName="executor://nunit3testexecutor/" className="NUnitTestProject.CurrencyHelperTests" name="FormatToStringTest1000(1228.101744225296d,&quot;1228.10 zł&quot;)" />
    </UnitTest>
    <UnitTest name="FormatToStringTest1000(34084.19497795599d,&quot;34084.19 zł&quot;)" storage="c:\projekty\nunittestproject\bin\debug\netcoreapp3.1\nunittestproject.dll" id="a01cdd42-8e33-6253-38cb-1cb271d958f4">
      <Execution id="63a54f7c-9d4e-4bb7-9d39-2f3b388f3c97" />
      <TestMethod codeBase="C:\Projekty\NUnitTestProject\bin\Debug\netcoreapp3.1\NUnitTestProject.dll" adapterTypeName="executor://nunit3testexecutor/" className="NUnitTestProject.CurrencyHelperTests" name="FormatToStringTest1000(34084.19497795599d,&quot;34084.19 zł&quot;)" />
    </UnitTest>
    <UnitTest name="FormatToStringTest1000(1814.7218118955948d,&quot;1814.72 zł&quot;)" storage="c:\projekty\nunittestproject\bin\debug\netcoreapp3.1\nunittestproject.dll" id="74b92fed-1c7d-84ea-101d-b4ba0f959527">
      <Execution id="9e36447f-2bc6-4ce9-84a1-a32f4ec75369" />
      <TestMethod codeBase="C:\Projekty\NUnitTestProject\bin\Debug\netcoreapp3.1\NUnitTestProject.dll" adapterTypeName="executor://nunit3testexecutor/" className="NUnitTestProject.CurrencyHelperTests" name="FormatToStringTest1000(1814.7218118955948d,&quot;1814.72 zł&quot;)" />
    </UnitTest>
    <UnitTest name="FormatToStringTest1000(20752.33758466334d,&quot;20752.34 zł&quot;)" storage="c:\projekty\nunittestproject\bin\debug\netcoreapp3.1\nunittestproject.dll" id="a2f90830-dfa6-05f0-71fa-365928f71cdd">
      <Execution id="4b2b6f06-f8f9-4b2f-9440-4aa74e179017" />
      <TestMethod codeBase="C:\Projekty\NUnitTestProject\bin\Debug\netcoreapp3.1\NUnitTestProject.dll" adapterTypeName="executor://nunit3testexecutor/" className="NUnitTestProject.CurrencyHelperTests" name="FormatToStringTest1000(20752.33758466334d,&quot;20752.34 zł&quot;)" />
    </UnitTest>
    <UnitTest name="FormatToStringTest1000(10501.127379151585d,&quot;10501.13 zł&quot;)" storage="c:\projekty\nunittestproject\bin\debug\netcoreapp3.1\nunittestproject.dll" id="826ac225-455e-4413-4415-8bc54c5b4d09">
      <Execution id="ce0df422-24d0-4c06-bf58-7eb932003eac" />
      <TestMethod codeBase="C:\Projekty\NUnitTestProject\bin\Debug\netcoreapp3.1\NUnitTestProject.dll" adapterTypeName="executor://nunit3testexecutor/" className="NUnitTestProject.CurrencyHelperTests" name="FormatToStringTest1000(10501.127379151585d,&quot;10501.13 zł&quot;)" />
    </UnitTest>
    <UnitTest name="FormatToStringTest1000(1896.1704506483723d,&quot;1896.17 zł&quot;)" storage="c:\projekty\nunittestproject\bin\debug\netcoreapp3.1\nunittestproject.dll" id="a7c76906-c1d7-0c9c-096c-a6235194b8e7">
      <Execution id="dc820ccc-1065-4de6-982a-59eec78cd165" />
      <TestMethod codeBase="C:\Projekty\NUnitTestProject\bin\Debug\netcoreapp3.1\NUnitTestProject.dll" adapterTypeName="executor://nunit3testexecutor/" className="NUnitTestProject.CurrencyHelperTests" name="FormatToStringTest1000(1896.1704506483723d,&quot;1896.17 zł&quot;)" />
    </UnitTest>
    <UnitTest name="FormatToStringTest1000(21693.340115174808d,&quot;21693.34 zł&quot;)" storage="c:\projekty\nunittestproject\bin\debug\netcoreapp3.1\nunittestproject.dll" id="70fae426-3482-001e-3d7c-925da7888589">
      <Execution id="33e9633c-e0df-4e72-b0fa-9c8b802c530f" />
      <TestMethod codeBase="C:\Projekty\NUnitTestProject\bin\Debug\netcoreapp3.1\NUnitTestProject.dll" adapterTypeName="executor://nunit3testexecutor/" className="NUnitTestProject.CurrencyHelperTests" name="FormatToStringTest1000(21693.340115174808d,&quot;21693.34 zł&quot;)" />
    </UnitTest>
    <UnitTest name="FormatToStringTest1000(71554.9786298829d,&quot;71554.98 zł&quot;)" storage="c:\projekty\nunittestproject\bin\debug\netcoreapp3.1\nunittestproject.dll" id="3b6adeb2-dcf4-fb95-f3e8-26dcad169d8e">
      <Execution id="468f7a6c-ad3a-48c6-bcb4-9069fc4d515c" />
      <TestMethod codeBase="C:\Projekty\NUnitTestProject\bin\Debug\netcoreapp3.1\NUnitTestProject.dll" adapterTypeName="executor://nunit3testexecutor/" className="NUnitTestProject.CurrencyHelperTests" name="FormatToStringTest1000(71554.9786298829d,&quot;71554.98 zł&quot;)" />
    </UnitTest>
    <UnitTest name="FormatToStringTest1000(2901.9683054191846d,&quot;2901.97 zł&quot;)" storage="c:\projekty\nunittestproject\bin\debug\netcoreapp3.1\nunittestproject.dll" id="5fffab77-5cc8-a871-bcdb-d0b800ab8840">
      <Execution id="010a9e0c-9b06-406f-8744-3324375c57c0" />
      <TestMethod codeBase="C:\Projekty\NUnitTestProject\bin\Debug\netcoreapp3.1\NUnitTestProject.dll" adapterTypeName="executor://nunit3testexecutor/" className="NUnitTestProject.CurrencyHelperTests" name="FormatToStringTest1000(2901.9683054191846d,&quot;2901.97 zł&quot;)" />
    </UnitTest>
    <UnitTest name="FormatToStringTest1000(13092.45389243609d,&quot;13092.45 zł&quot;)" storage="c:\projekty\nunittestproject\bin\debug\netcoreapp3.1\nunittestproject.dll" id="9e338ff4-5402-3f35-08f3-bafb7669b187">
      <Execution id="5f7be59a-40ef-46cd-836c-c971571b56ca" />
      <TestMethod codeBase="C:\Projekty\NUnitTestProject\bin\Debug\netcoreapp3.1\NUnitTestProject.dll" adapterTypeName="executor://nunit3testexecutor/" className="NUnitTestProject.CurrencyHelperTests" name="FormatToStringTest1000(13092.45389243609d,&quot;13092.45 zł&quot;)" />
    </UnitTest>
    <UnitTest name="FormatToStringTest1000(14172.682747822573d,&quot;14172.68 zł&quot;)" storage="c:\projekty\nunittestproject\bin\debug\netcoreapp3.1\nunittestproject.dll" id="d0b4fe44-6c66-e0d0-90f7-7f93ef97fe01">
      <Execution id="8d7ede4d-2053-487a-be3c-7a7ae47c3cf3" />
      <TestMethod codeBase="C:\Projekty\NUnitTestProject\bin\Debug\netcoreapp3.1\NUnitTestProject.dll" adapterTypeName="executor://nunit3testexecutor/" className="NUnitTestProject.CurrencyHelperTests" name="FormatToStringTest1000(14172.682747822573d,&quot;14172.68 zł&quot;)" />
    </UnitTest>
    <UnitTest name="FormatToStringTest1000(4612.32080757633d,&quot;4612.32 zł&quot;)" storage="c:\projekty\nunittestproject\bin\debug\netcoreapp3.1\nunittestproject.dll" id="e2a03079-8dae-3d38-3cf5-f27f7a4202a4">
      <Execution id="85ef1a88-7c67-4bbc-bd77-57d8b8b249e6" />
      <TestMethod codeBase="C:\Projekty\NUnitTestProject\bin\Debug\netcoreapp3.1\NUnitTestProject.dll" adapterTypeName="executor://nunit3testexecutor/" className="NUnitTestProject.CurrencyHelperTests" name="FormatToStringTest1000(4612.32080757633d,&quot;4612.32 zł&quot;)" />
    </UnitTest>
    <UnitTest name="FormatToStringTest1000(21785.42157155528d,&quot;21785.42 zł&quot;)" storage="c:\projekty\nunittestproject\bin\debug\netcoreapp3.1\nunittestproject.dll" id="5fd56893-4697-a123-e3df-f5a8329247bd">
      <Execution id="8db550f4-f653-4817-8320-f1c300b8f534" />
      <TestMethod codeBase="C:\Projekty\NUnitTestProject\bin\Debug\netcoreapp3.1\NUnitTestProject.dll" adapterTypeName="executor://nunit3testexecutor/" className="NUnitTestProject.CurrencyHelperTests" name="FormatToStringTest1000(21785.42157155528d,&quot;21785.42 zł&quot;)" />
    </UnitTest>
    <UnitTest name="FormatToStringTest1000(16511.26921423537d,&quot;16511.27 zł&quot;)" storage="c:\projekty\nunittestproject\bin\debug\netcoreapp3.1\nunittestproject.dll" id="e0f11812-ae84-56fe-380e-aa4471665fb8">
      <Execution id="48e85908-d163-4c81-b973-cf0a6e4443ff" />
      <TestMethod codeBase="C:\Projekty\NUnitTestProject\bin\Debug\netcoreapp3.1\NUnitTestProject.dll" adapterTypeName="executor://nunit3testexecutor/" className="NUnitTestProject.CurrencyHelperTests" name="FormatToStringTest1000(16511.26921423537d,&quot;16511.27 zł&quot;)" />
    </UnitTest>
    <UnitTest name="FormatToStringTest1000(9151.103070427245d,&quot;9151.10 zł&quot;)" storage="c:\projekty\nunittestproject\bin\debug\netcoreapp3.1\nunittestproject.dll" id="d9e3c39e-a746-2b8a-5354-8ea82331bcd9">
      <Execution id="08799c73-7e89-4b7a-8ece-4a2bbfb178ae" />
      <TestMethod codeBase="C:\Projekty\NUnitTestProject\bin\Debug\netcoreapp3.1\NUnitTestProject.dll" adapterTypeName="executor://nunit3testexecutor/" className="NUnitTestProject.CurrencyHelperTests" name="FormatToStringTest1000(9151.103070427245d,&quot;9151.10 zł&quot;)" />
    </UnitTest>
    <UnitTest name="FormatToStringTest1000(545.7016866634142d,&quot;545.70 zł&quot;)" storage="c:\projekty\nunittestproject\bin\debug\netcoreapp3.1\nunittestproject.dll" id="b639588e-b414-82b2-fe24-5fe49a4a3ad3">
      <Execution id="7ba23ad0-0abd-44c8-a42a-c20fde9fa603" />
      <TestMethod codeBase="C:\Projekty\NUnitTestProject\bin\Debug\netcoreapp3.1\NUnitTestProject.dll" adapterTypeName="executor://nunit3testexecutor/" className="NUnitTestProject.CurrencyHelperTests" name="FormatToStringTest1000(545.7016866634142d,&quot;545.70 zł&quot;)" />
    </UnitTest>
    <UnitTest name="FormatToStringTest1000(11912.404131636213d,&quot;11912.40 zł&quot;)" storage="c:\projekty\nunittestproject\bin\debug\netcoreapp3.1\nunittestproject.dll" id="f5d3f3a5-bbac-e5c0-6089-8d38dd4249c8">
      <Execution id="04b64070-c3b1-42ae-8bdc-b2fa44753f77" />
      <TestMethod codeBase="C:\Projekty\NUnitTestProject\bin\Debug\netcoreapp3.1\NUnitTestProject.dll" adapterTypeName="executor://nunit3testexecutor/" className="NUnitTestProject.CurrencyHelperTests" name="FormatToStringTest1000(11912.404131636213d,&quot;11912.40 zł&quot;)" />
    </UnitTest>
    <UnitTest name="FormatToStringTest1000(15411.371650797022d,&quot;15411.37 zł&quot;)" storage="c:\projekty\nunittestproject\bin\debug\netcoreapp3.1\nunittestproject.dll" id="4a4334b0-5451-8696-5200-0bdb59e2a710">
      <Execution id="5b391f69-c1ce-42f7-ba6a-19897c667fbd" />
      <TestMethod codeBase="C:\Projekty\NUnitTestProject\bin\Debug\netcoreapp3.1\NUnitTestProject.dll" adapterTypeName="executor://nunit3testexecutor/" className="NUnitTestProject.CurrencyHelperTests" name="FormatToStringTest1000(15411.371650797022d,&quot;15411.37 zł&quot;)" />
    </UnitTest>
    <UnitTest name="FormatToStringTest1000(40857.08543233996d,&quot;40857.09 zł&quot;)" storage="c:\projekty\nunittestproject\bin\debug\netcoreapp3.1\nunittestproject.dll" id="43552c47-f44b-17a4-1647-f8068fe18052">
      <Execution id="ccaa12d8-71c4-4fe6-9e0f-7426d1e47a6d" />
      <TestMethod codeBase="C:\Projekty\NUnitTestProject\bin\Debug\netcoreapp3.1\NUnitTestProject.dll" adapterTypeName="executor://nunit3testexecutor/" className="NUnitTestProject.CurrencyHelperTests" name="FormatToStringTest1000(40857.08543233996d,&quot;40857.09 zł&quot;)" />
    </UnitTest>
    <UnitTest name="FormatToStringTest1000(38076.55319665165d,&quot;38076.55 zł&quot;)" storage="c:\projekty\nunittestproject\bin\debug\netcoreapp3.1\nunittestproject.dll" id="3e825b25-6db1-d72d-ab5d-475a3a46b642">
      <Execution id="cac22fad-eb7b-4274-b00e-db88754c5de2" />
      <TestMethod codeBase="C:\Projekty\NUnitTestProject\bin\Debug\netcoreapp3.1\NUnitTestProject.dll" adapterTypeName="executor://nunit3testexecutor/" className="NUnitTestProject.CurrencyHelperTests" name="FormatToStringTest1000(38076.55319665165d,&quot;38076.55 zł&quot;)" />
    </UnitTest>
    <UnitTest name="FormatToStringTest1000(1549.6599114973376d,&quot;1549.66 zł&quot;)" storage="c:\projekty\nunittestproject\bin\debug\netcoreapp3.1\nunittestproject.dll" id="8abfbe45-c0d6-8f72-7af8-564a66d7cb48">
      <Execution id="8d73973b-d6de-4ec9-9b25-c8f7908035fa" />
      <TestMethod codeBase="C:\Projekty\NUnitTestProject\bin\Debug\netcoreapp3.1\NUnitTestProject.dll" adapterTypeName="executor://nunit3testexecutor/" className="NUnitTestProject.CurrencyHelperTests" name="FormatToStringTest1000(1549.6599114973376d,&quot;1549.66 zł&quot;)" />
    </UnitTest>
    <UnitTest name="FormatToStringTest1000(19500.031951036784d,&quot;19500.03 zł&quot;)" storage="c:\projekty\nunittestproject\bin\debug\netcoreapp3.1\nunittestproject.dll" id="113c211f-ff70-231a-7b9d-03413cd134d7">
      <Execution id="921fba77-d514-4f34-a389-8b4d3a08b061" />
      <TestMethod codeBase="C:\Projekty\NUnitTestProject\bin\Debug\netcoreapp3.1\NUnitTestProject.dll" adapterTypeName="executor://nunit3testexecutor/" className="NUnitTestProject.CurrencyHelperTests" name="FormatToStringTest1000(19500.031951036784d,&quot;19500.03 zł&quot;)" />
    </UnitTest>
    <UnitTest name="FormatToStringTest1000(47393.54939526671d,&quot;47393.55 zł&quot;)" storage="c:\projekty\nunittestproject\bin\debug\netcoreapp3.1\nunittestproject.dll" id="4ae6f156-51db-bc15-8975-b99fe55a99a8">
      <Execution id="5a6494b2-7771-45d4-8e18-e10d6e418d95" />
      <TestMethod codeBase="C:\Projekty\NUnitTestProject\bin\Debug\netcoreapp3.1\NUnitTestProject.dll" adapterTypeName="executor://nunit3testexecutor/" className="NUnitTestProject.CurrencyHelperTests" name="FormatToStringTest1000(47393.54939526671d,&quot;47393.55 zł&quot;)" />
    </UnitTest>
    <UnitTest name="FormatToStringTest1000(15639.704937780603d,&quot;15639.70 zł&quot;)" storage="c:\projekty\nunittestproject\bin\debug\netcoreapp3.1\nunittestproject.dll" id="a791af51-cffc-4361-1fd8-8baf48da92e6">
      <Execution id="733cd10b-10b7-4f8a-a921-56ba21ea1bd9" />
      <TestMethod codeBase="C:\Projekty\NUnitTestProject\bin\Debug\netcoreapp3.1\NUnitTestProject.dll" adapterTypeName="executor://nunit3testexecutor/" className="NUnitTestProject.CurrencyHelperTests" name="FormatToStringTest1000(15639.704937780603d,&quot;15639.70 zł&quot;)" />
    </UnitTest>
    <UnitTest name="FormatToStringTest1000(27050.586848031067d,&quot;27050.59 zł&quot;)" storage="c:\projekty\nunittestproject\bin\debug\netcoreapp3.1\nunittestproject.dll" id="9bb26f6e-1e2c-da60-973e-eeca518679d1">
      <Execution id="6dbb4be4-793d-4bc6-aa49-5477e227d377" />
      <TestMethod codeBase="C:\Projekty\NUnitTestProject\bin\Debug\netcoreapp3.1\NUnitTestProject.dll" adapterTypeName="executor://nunit3testexecutor/" className="NUnitTestProject.CurrencyHelperTests" name="FormatToStringTest1000(27050.586848031067d,&quot;27050.59 zł&quot;)" />
    </UnitTest>
    <UnitTest name="FormatToStringTest1000(24825.207513729205d,&quot;24825.21 zł&quot;)" storage="c:\projekty\nunittestproject\bin\debug\netcoreapp3.1\nunittestproject.dll" id="03d957f5-33ed-c0eb-c948-6ece846430f3">
      <Execution id="56a6e8e5-fccf-4077-9156-6c51bb2fd0d7" />
      <TestMethod codeBase="C:\Projekty\NUnitTestProject\bin\Debug\netcoreapp3.1\NUnitTestProject.dll" adapterTypeName="executor://nunit3testexecutor/" className="NUnitTestProject.CurrencyHelperTests" name="FormatToStringTest1000(24825.207513729205d,&quot;24825.21 zł&quot;)" />
    </UnitTest>
    <UnitTest name="FormatToStringTest1000(96261.84883437205d,&quot;96261.85 zł&quot;)" storage="c:\projekty\nunittestproject\bin\debug\netcoreapp3.1\nunittestproject.dll" id="c350fedf-0a65-57f7-f133-063ae7c0e4c8">
      <Execution id="a893098b-e297-49c6-9e23-08d2dd9d0fb9" />
      <TestMethod codeBase="C:\Projekty\NUnitTestProject\bin\Debug\netcoreapp3.1\NUnitTestProject.dll" adapterTypeName="executor://nunit3testexecutor/" className="NUnitTestProject.CurrencyHelperTests" name="FormatToStringTest1000(96261.84883437205d,&quot;96261.85 zł&quot;)" />
    </UnitTest>
    <UnitTest name="FormatToStringTest1000(743.047944508981d,&quot;743.05 zł&quot;)" storage="c:\projekty\nunittestproject\bin\debug\netcoreapp3.1\nunittestproject.dll" id="05a32b6d-38a3-d790-fab1-ef7fcb38fd6c">
      <Execution id="0c043bea-de3a-41ae-ba57-240d2c246cb2" />
      <TestMethod codeBase="C:\Projekty\NUnitTestProject\bin\Debug\netcoreapp3.1\NUnitTestProject.dll" adapterTypeName="executor://nunit3testexecutor/" className="NUnitTestProject.CurrencyHelperTests" name="FormatToStringTest1000(743.047944508981d,&quot;743.05 zł&quot;)" />
    </UnitTest>
    <UnitTest name="FormatToStringTest1000(7813.027778348433d,&quot;7813.03 zł&quot;)" storage="c:\projekty\nunittestproject\bin\debug\netcoreapp3.1\nunittestproject.dll" id="7b5400c4-5377-7ac8-dd1c-7b695cb4115f">
      <Execution id="071f1acf-1e82-4011-b0ee-913cb061ae71" />
      <TestMethod codeBase="C:\Projekty\NUnitTestProject\bin\Debug\netcoreapp3.1\NUnitTestProject.dll" adapterTypeName="executor://nunit3testexecutor/" className="NUnitTestProject.CurrencyHelperTests" name="FormatToStringTest1000(7813.027778348433d,&quot;7813.03 zł&quot;)" />
    </UnitTest>
    <UnitTest name="FormatToStringTest1000(7396.940188290057d,&quot;7396.94 zł&quot;)" storage="c:\projekty\nunittestproject\bin\debug\netcoreapp3.1\nunittestproject.dll" id="eb615c68-e5d1-28d7-b038-0571a7587ad1">
      <Execution id="0d87e36e-81cd-4e71-aa9c-f31b8130f584" />
      <TestMethod codeBase="C:\Projekty\NUnitTestProject\bin\Debug\netcoreapp3.1\NUnitTestProject.dll" adapterTypeName="executor://nunit3testexecutor/" className="NUnitTestProject.CurrencyHelperTests" name="FormatToStringTest1000(7396.940188290057d,&quot;7396.94 zł&quot;)" />
    </UnitTest>
    <UnitTest name="FormatToStringTest1000(14017.699524653006d,&quot;14017.70 zł&quot;)" storage="c:\projekty\nunittestproject\bin\debug\netcoreapp3.1\nunittestproject.dll" id="2bc42f5a-e565-5018-fa3b-64bf63c4c2f5">
      <Execution id="5c25b7fa-1f8c-428c-96ff-6b4d1536dedb" />
      <TestMethod codeBase="C:\Projekty\NUnitTestProject\bin\Debug\netcoreapp3.1\NUnitTestProject.dll" adapterTypeName="executor://nunit3testexecutor/" className="NUnitTestProject.CurrencyHelperTests" name="FormatToStringTest1000(14017.699524653006d,&quot;14017.70 zł&quot;)" />
    </UnitTest>
    <UnitTest name="FormatToStringTest1000(2897.9775426620513d,&quot;2897.98 zł&quot;)" storage="c:\projekty\nunittestproject\bin\debug\netcoreapp3.1\nunittestproject.dll" id="bc811ad8-c7b9-9df7-0d3d-56b12c4539e2">
      <Execution id="94a89e6e-dc21-4432-b205-72e354940d64" />
      <TestMethod codeBase="C:\Projekty\NUnitTestProject\bin\Debug\netcoreapp3.1\NUnitTestProject.dll" adapterTypeName="executor://nunit3testexecutor/" className="NUnitTestProject.CurrencyHelperTests" name="FormatToStringTest1000(2897.9775426620513d,&quot;2897.98 zł&quot;)" />
    </UnitTest>
    <UnitTest name="FormatToStringTest1000(25036.98767214035d,&quot;25036.99 zł&quot;)" storage="c:\projekty\nunittestproject\bin\debug\netcoreapp3.1\nunittestproject.dll" id="c185c27a-3451-102c-d3c1-98ea6c73d73c">
      <Execution id="cb13024e-cfa8-4a46-8506-5afaf774d0eb" />
      <TestMethod codeBase="C:\Projekty\NUnitTestProject\bin\Debug\netcoreapp3.1\NUnitTestProject.dll" adapterTypeName="executor://nunit3testexecutor/" className="NUnitTestProject.CurrencyHelperTests" name="FormatToStringTest1000(25036.98767214035d,&quot;25036.99 zł&quot;)" />
    </UnitTest>
    <UnitTest name="FormatToStringTest1000(17455.15807988595d,&quot;17455.16 zł&quot;)" storage="c:\projekty\nunittestproject\bin\debug\netcoreapp3.1\nunittestproject.dll" id="a1098879-b96c-d9e8-87b7-d514474f9769">
      <Execution id="058bd744-17d4-4cb8-9c8d-8d10f8c808a4" />
      <TestMethod codeBase="C:\Projekty\NUnitTestProject\bin\Debug\netcoreapp3.1\NUnitTestProject.dll" adapterTypeName="executor://nunit3testexecutor/" className="NUnitTestProject.CurrencyHelperTests" name="FormatToStringTest1000(17455.15807988595d,&quot;17455.16 zł&quot;)" />
    </UnitTest>
    <UnitTest name="FormatToStringTest1000(32863.31705269558d,&quot;32863.32 zł&quot;)" storage="c:\projekty\nunittestproject\bin\debug\netcoreapp3.1\nunittestproject.dll" id="39e2492b-a588-79ac-add5-4d0176982180">
      <Execution id="25184298-6a87-492b-bd94-00667a197cb9" />
      <TestMethod codeBase="C:\Projekty\NUnitTestProject\bin\Debug\netcoreapp3.1\NUnitTestProject.dll" adapterTypeName="executor://nunit3testexecutor/" className="NUnitTestProject.CurrencyHelperTests" name="FormatToStringTest1000(32863.31705269558d,&quot;32863.32 zł&quot;)" />
    </UnitTest>
    <UnitTest name="FormatToStringTest1000(31805.23430354532d,&quot;31805.23 zł&quot;)" storage="c:\projekty\nunittestproject\bin\debug\netcoreapp3.1\nunittestproject.dll" id="6fd1af1d-c0d4-5f1e-0bd0-26896040487e">
      <Execution id="13831c86-b5a6-4eee-9161-d99683e3931a" />
      <TestMethod codeBase="C:\Projekty\NUnitTestProject\bin\Debug\netcoreapp3.1\NUnitTestProject.dll" adapterTypeName="executor://nunit3testexecutor/" className="NUnitTestProject.CurrencyHelperTests" name="FormatToStringTest1000(31805.23430354532d,&quot;31805.23 zł&quot;)" />
    </UnitTest>
    <UnitTest name="FormatToStringTest1000(72659.37876478041d,&quot;72659.38 zł&quot;)" storage="c:\projekty\nunittestproject\bin\debug\netcoreapp3.1\nunittestproject.dll" id="1f8c3026-17e4-68c3-c899-dd2458b787d5">
      <Execution id="d90e4493-a3b0-435e-889b-cddeceae8fa6" />
      <TestMethod codeBase="C:\Projekty\NUnitTestProject\bin\Debug\netcoreapp3.1\NUnitTestProject.dll" adapterTypeName="executor://nunit3testexecutor/" className="NUnitTestProject.CurrencyHelperTests" name="FormatToStringTest1000(72659.37876478041d,&quot;72659.38 zł&quot;)" />
    </UnitTest>
    <UnitTest name="FormatToStringTest1000(36760.171806480816d,&quot;36760.17 zł&quot;)" storage="c:\projekty\nunittestproject\bin\debug\netcoreapp3.1\nunittestproject.dll" id="40f4c03f-760c-5f9a-0d6d-791657138d6a">
      <Execution id="c10d8a72-0c87-4838-837c-510e423364d6" />
      <TestMethod codeBase="C:\Projekty\NUnitTestProject\bin\Debug\netcoreapp3.1\NUnitTestProject.dll" adapterTypeName="executor://nunit3testexecutor/" className="NUnitTestProject.CurrencyHelperTests" name="FormatToStringTest1000(36760.171806480816d,&quot;36760.17 zł&quot;)" />
    </UnitTest>
    <UnitTest name="FormatToStringTest1000(29417.800422138444d,&quot;29417.80 zł&quot;)" storage="c:\projekty\nunittestproject\bin\debug\netcoreapp3.1\nunittestproject.dll" id="1a501163-ddde-3471-133e-1552ff82f851">
      <Execution id="737e0114-cbfe-4513-bc68-6cc581d61f1a" />
      <TestMethod codeBase="C:\Projekty\NUnitTestProject\bin\Debug\netcoreapp3.1\NUnitTestProject.dll" adapterTypeName="executor://nunit3testexecutor/" className="NUnitTestProject.CurrencyHelperTests" name="FormatToStringTest1000(29417.800422138444d,&quot;29417.80 zł&quot;)" />
    </UnitTest>
    <UnitTest name="FormatToStringTest1000(12577.642620996872d,&quot;12577.64 zł&quot;)" storage="c:\projekty\nunittestproject\bin\debug\netcoreapp3.1\nunittestproject.dll" id="1b5e4bdd-94b8-c181-30ec-747619ebfce8">
      <Execution id="9e96e57a-1971-4d4f-8df0-f3f70505f1ba" />
      <TestMethod codeBase="C:\Projekty\NUnitTestProject\bin\Debug\netcoreapp3.1\NUnitTestProject.dll" adapterTypeName="executor://nunit3testexecutor/" className="NUnitTestProject.CurrencyHelperTests" name="FormatToStringTest1000(12577.642620996872d,&quot;12577.64 zł&quot;)" />
    </UnitTest>
    <UnitTest name="FormatToStringTest1000(25440.18371476614d,&quot;25440.18 zł&quot;)" storage="c:\projekty\nunittestproject\bin\debug\netcoreapp3.1\nunittestproject.dll" id="5012f64d-f81c-363a-9c3b-b389d7a1051b">
      <Execution id="736d44df-c46c-4ac6-b37d-40bb7d087c8a" />
      <TestMethod codeBase="C:\Projekty\NUnitTestProject\bin\Debug\netcoreapp3.1\NUnitTestProject.dll" adapterTypeName="executor://nunit3testexecutor/" className="NUnitTestProject.CurrencyHelperTests" name="FormatToStringTest1000(25440.18371476614d,&quot;25440.18 zł&quot;)" />
    </UnitTest>
    <UnitTest name="FormatToStringTest1000(9431.144757136304d,&quot;9431.14 zł&quot;)" storage="c:\projekty\nunittestproject\bin\debug\netcoreapp3.1\nunittestproject.dll" id="e02db9a4-a283-da5d-8967-1cec80ef7e92">
      <Execution id="f649e0d4-6990-481a-9d2d-fe536bf54a57" />
      <TestMethod codeBase="C:\Projekty\NUnitTestProject\bin\Debug\netcoreapp3.1\NUnitTestProject.dll" adapterTypeName="executor://nunit3testexecutor/" className="NUnitTestProject.CurrencyHelperTests" name="FormatToStringTest1000(9431.144757136304d,&quot;9431.14 zł&quot;)" />
    </UnitTest>
    <UnitTest name="FormatToStringTest1000(5398.2412667191775d,&quot;5398.24 zł&quot;)" storage="c:\projekty\nunittestproject\bin\debug\netcoreapp3.1\nunittestproject.dll" id="ce58807f-4456-2f1b-abea-6bcc9dcfe2eb">
      <Execution id="9da03c8d-ec21-4d29-9a99-2340c574112f" />
      <TestMethod codeBase="C:\Projekty\NUnitTestProject\bin\Debug\netcoreapp3.1\NUnitTestProject.dll" adapterTypeName="executor://nunit3testexecutor/" className="NUnitTestProject.CurrencyHelperTests" name="FormatToStringTest1000(5398.2412667191775d,&quot;5398.24 zł&quot;)" />
    </UnitTest>
    <UnitTest name="FormatToStringTest1000(45299.778512198376d,&quot;45299.78 zł&quot;)" storage="c:\projekty\nunittestproject\bin\debug\netcoreapp3.1\nunittestproject.dll" id="ea9a1ed5-0813-906f-0ed6-0a192bf899e6">
      <Execution id="ff942d00-9c34-4075-b211-27ad7b2c5f1d" />
      <TestMethod codeBase="C:\Projekty\NUnitTestProject\bin\Debug\netcoreapp3.1\NUnitTestProject.dll" adapterTypeName="executor://nunit3testexecutor/" className="NUnitTestProject.CurrencyHelperTests" name="FormatToStringTest1000(45299.778512198376d,&quot;45299.78 zł&quot;)" />
    </UnitTest>
    <UnitTest name="FormatToStringTest1000(6838.422316571894d,&quot;6838.42 zł&quot;)" storage="c:\projekty\nunittestproject\bin\debug\netcoreapp3.1\nunittestproject.dll" id="0abb1a8e-0900-a5c7-bfcc-230b4aaefe42">
      <Execution id="05ebb982-d49a-4fbe-8757-e7ceadb7b7e1" />
      <TestMethod codeBase="C:\Projekty\NUnitTestProject\bin\Debug\netcoreapp3.1\NUnitTestProject.dll" adapterTypeName="executor://nunit3testexecutor/" className="NUnitTestProject.CurrencyHelperTests" name="FormatToStringTest1000(6838.422316571894d,&quot;6838.42 zł&quot;)" />
    </UnitTest>
    <UnitTest name="FormatToStringTest1000(6352.983758103561d,&quot;6352.98 zł&quot;)" storage="c:\projekty\nunittestproject\bin\debug\netcoreapp3.1\nunittestproject.dll" id="9dc75585-8b30-1a60-5f46-ba30d03b7635">
      <Execution id="9cc98d25-d0fc-41b5-b24f-04d139d1bd3c" />
      <TestMethod codeBase="C:\Projekty\NUnitTestProject\bin\Debug\netcoreapp3.1\NUnitTestProject.dll" adapterTypeName="executor://nunit3testexecutor/" className="NUnitTestProject.CurrencyHelperTests" name="FormatToStringTest1000(6352.983758103561d,&quot;6352.98 zł&quot;)" />
    </UnitTest>
    <UnitTest name="FormatToStringTest1000(33251.41907856028d,&quot;33251.42 zł&quot;)" storage="c:\projekty\nunittestproject\bin\debug\netcoreapp3.1\nunittestproject.dll" id="29116375-ac95-4d53-91ed-53d27bf037c6">
      <Execution id="520cf268-3eb7-494f-aa06-ed76be86d0ee" />
      <TestMethod codeBase="C:\Projekty\NUnitTestProject\bin\Debug\netcoreapp3.1\NUnitTestProject.dll" adapterTypeName="executor://nunit3testexecutor/" className="NUnitTestProject.CurrencyHelperTests" name="FormatToStringTest1000(33251.41907856028d,&quot;33251.42 zł&quot;)" />
    </UnitTest>
    <UnitTest name="FormatToStringTest1000(21281.64584727662d,&quot;21281.65 zł&quot;)" storage="c:\projekty\nunittestproject\bin\debug\netcoreapp3.1\nunittestproject.dll" id="07033e2b-ce19-3c9a-f51d-d9b702d310a1">
      <Execution id="736c3356-0897-476a-b17c-4e0332a82586" />
      <TestMethod codeBase="C:\Projekty\NUnitTestProject\bin\Debug\netcoreapp3.1\NUnitTestProject.dll" adapterTypeName="executor://nunit3testexecutor/" className="NUnitTestProject.CurrencyHelperTests" name="FormatToStringTest1000(21281.64584727662d,&quot;21281.65 zł&quot;)" />
    </UnitTest>
    <UnitTest name="FormatToStringTest1000(11430.666613002619d,&quot;11430.67 zł&quot;)" storage="c:\projekty\nunittestproject\bin\debug\netcoreapp3.1\nunittestproject.dll" id="56c6c75f-613a-6a82-f7f1-a767d952b57c">
      <Execution id="0c97355c-70de-460a-9235-f59cd49ad126" />
      <TestMethod codeBase="C:\Projekty\NUnitTestProject\bin\Debug\netcoreapp3.1\NUnitTestProject.dll" adapterTypeName="executor://nunit3testexecutor/" className="NUnitTestProject.CurrencyHelperTests" name="FormatToStringTest1000(11430.666613002619d,&quot;11430.67 zł&quot;)" />
    </UnitTest>
    <UnitTest name="FormatToStringTest1000(1514.6266382441981d,&quot;1514.63 zł&quot;)" storage="c:\projekty\nunittestproject\bin\debug\netcoreapp3.1\nunittestproject.dll" id="4b337c41-7f92-2137-58f8-ec4a04af8e6b">
      <Execution id="5ee6acf9-6218-409b-a09e-786f24809694" />
      <TestMethod codeBase="C:\Projekty\NUnitTestProject\bin\Debug\netcoreapp3.1\NUnitTestProject.dll" adapterTypeName="executor://nunit3testexecutor/" className="NUnitTestProject.CurrencyHelperTests" name="FormatToStringTest1000(1514.6266382441981d,&quot;1514.63 zł&quot;)" />
    </UnitTest>
    <UnitTest name="FormatToStringTest1000(55010.474927814896d,&quot;55010.47 zł&quot;)" storage="c:\projekty\nunittestproject\bin\debug\netcoreapp3.1\nunittestproject.dll" id="f0159238-5dbe-94b2-dc06-cbfbca0e38a0">
      <Execution id="6671a5cc-339a-4200-83b2-2da11e36933f" />
      <TestMethod codeBase="C:\Projekty\NUnitTestProject\bin\Debug\netcoreapp3.1\NUnitTestProject.dll" adapterTypeName="executor://nunit3testexecutor/" className="NUnitTestProject.CurrencyHelperTests" name="FormatToStringTest1000(55010.474927814896d,&quot;55010.47 zł&quot;)" />
    </UnitTest>
    <UnitTest name="FormatToStringTest1000(47437.74370917619d,&quot;47437.74 zł&quot;)" storage="c:\projekty\nunittestproject\bin\debug\netcoreapp3.1\nunittestproject.dll" id="aef8a2f1-8212-2e61-b82d-81a49d106670">
      <Execution id="33a0ec78-e9f3-45a2-8f1b-0662cbf68054" />
      <TestMethod codeBase="C:\Projekty\NUnitTestProject\bin\Debug\netcoreapp3.1\NUnitTestProject.dll" adapterTypeName="executor://nunit3testexecutor/" className="NUnitTestProject.CurrencyHelperTests" name="FormatToStringTest1000(47437.74370917619d,&quot;47437.74 zł&quot;)" />
    </UnitTest>
    <UnitTest name="FormatToStringTest1000(96022.24851977557d,&quot;96022.25 zł&quot;)" storage="c:\projekty\nunittestproject\bin\debug\netcoreapp3.1\nunittestproject.dll" id="c2208323-1f95-b32c-0530-4ad682605720">
      <Execution id="babf8e39-0f7d-4075-85e6-a3d387d39960" />
      <TestMethod codeBase="C:\Projekty\NUnitTestProject\bin\Debug\netcoreapp3.1\NUnitTestProject.dll" adapterTypeName="executor://nunit3testexecutor/" className="NUnitTestProject.CurrencyHelperTests" name="FormatToStringTest1000(96022.24851977557d,&quot;96022.25 zł&quot;)" />
    </UnitTest>
    <UnitTest name="FormatToStringTest1000(26686.08488193065d,&quot;26686.08 zł&quot;)" storage="c:\projekty\nunittestproject\bin\debug\netcoreapp3.1\nunittestproject.dll" id="1d1eb73d-8b0c-7513-b3af-aa35ad258fdb">
      <Execution id="37d5d5f6-1a02-47e5-a377-990c98604e58" />
      <TestMethod codeBase="C:\Projekty\NUnitTestProject\bin\Debug\netcoreapp3.1\NUnitTestProject.dll" adapterTypeName="executor://nunit3testexecutor/" className="NUnitTestProject.CurrencyHelperTests" name="FormatToStringTest1000(26686.08488193065d,&quot;26686.08 zł&quot;)" />
    </UnitTest>
    <UnitTest name="FormatToStringTest1000(39641.61351217451d,&quot;39641.61 zł&quot;)" storage="c:\projekty\nunittestproject\bin\debug\netcoreapp3.1\nunittestproject.dll" id="bebef051-0a10-725f-3ff5-e30e4f9dd420">
      <Execution id="236e192e-fbc8-413a-b247-93cc38216a2e" />
      <TestMethod codeBase="C:\Projekty\NUnitTestProject\bin\Debug\netcoreapp3.1\NUnitTestProject.dll" adapterTypeName="executor://nunit3testexecutor/" className="NUnitTestProject.CurrencyHelperTests" name="FormatToStringTest1000(39641.61351217451d,&quot;39641.61 zł&quot;)" />
    </UnitTest>
    <UnitTest name="FormatToStringTest1000(10227.532692039169d,&quot;10227.53 zł&quot;)" storage="c:\projekty\nunittestproject\bin\debug\netcoreapp3.1\nunittestproject.dll" id="9c48ba54-1163-2299-84d2-c7df2b4c3889">
      <Execution id="60afdee3-bae2-4b23-a599-162e72d0cab1" />
      <TestMethod codeBase="C:\Projekty\NUnitTestProject\bin\Debug\netcoreapp3.1\NUnitTestProject.dll" adapterTypeName="executor://nunit3testexecutor/" className="NUnitTestProject.CurrencyHelperTests" name="FormatToStringTest1000(10227.532692039169d,&quot;10227.53 zł&quot;)" />
    </UnitTest>
    <UnitTest name="FormatToStringTest1000(8242.419043611d,&quot;8242.42 zł&quot;)" storage="c:\projekty\nunittestproject\bin\debug\netcoreapp3.1\nunittestproject.dll" id="4e59f6e9-d495-6f3f-64b9-ac28a5eaac72">
      <Execution id="7b45b429-8158-4026-8df7-0e45a3be6ea9" />
      <TestMethod codeBase="C:\Projekty\NUnitTestProject\bin\Debug\netcoreapp3.1\NUnitTestProject.dll" adapterTypeName="executor://nunit3testexecutor/" className="NUnitTestProject.CurrencyHelperTests" name="FormatToStringTest1000(8242.419043611d,&quot;8242.42 zł&quot;)" />
    </UnitTest>
    <UnitTest name="FormatToStringTest1000(61422.228144277455d,&quot;61422.23 zł&quot;)" storage="c:\projekty\nunittestproject\bin\debug\netcoreapp3.1\nunittestproject.dll" id="a127d37b-b919-a5a8-4175-7c8816584689">
      <Execution id="dc7681d1-2e94-4e8e-9155-7a3cf9d4e05d" />
      <TestMethod codeBase="C:\Projekty\NUnitTestProject\bin\Debug\netcoreapp3.1\NUnitTestProject.dll" adapterTypeName="executor://nunit3testexecutor/" className="NUnitTestProject.CurrencyHelperTests" name="FormatToStringTest1000(61422.228144277455d,&quot;61422.23 zł&quot;)" />
    </UnitTest>
    <UnitTest name="FormatToStringTest1000(6665.405372488035d,&quot;6665.41 zł&quot;)" storage="c:\projekty\nunittestproject\bin\debug\netcoreapp3.1\nunittestproject.dll" id="454ead38-c2a8-9597-7b1c-dc862a589e0e">
      <Execution id="ffa31f19-12ed-4957-a079-bf1b497361e7" />
      <TestMethod codeBase="C:\Projekty\NUnitTestProject\bin\Debug\netcoreapp3.1\NUnitTestProject.dll" adapterTypeName="executor://nunit3testexecutor/" className="NUnitTestProject.CurrencyHelperTests" name="FormatToStringTest1000(6665.405372488035d,&quot;6665.41 zł&quot;)" />
    </UnitTest>
    <UnitTest name="FormatToStringTest1000(22367.991005544547d,&quot;22367.99 zł&quot;)" storage="c:\projekty\nunittestproject\bin\debug\netcoreapp3.1\nunittestproject.dll" id="40bf488b-c6ae-b189-e7b5-8aa7dd656fea">
      <Execution id="b9c3d437-81f8-4fad-9017-9524000a6f6a" />
      <TestMethod codeBase="C:\Projekty\NUnitTestProject\bin\Debug\netcoreapp3.1\NUnitTestProject.dll" adapterTypeName="executor://nunit3testexecutor/" className="NUnitTestProject.CurrencyHelperTests" name="FormatToStringTest1000(22367.991005544547d,&quot;22367.99 zł&quot;)" />
    </UnitTest>
    <UnitTest name="FormatToStringTest1000(4715.320654313695d,&quot;4715.32 zł&quot;)" storage="c:\projekty\nunittestproject\bin\debug\netcoreapp3.1\nunittestproject.dll" id="55be0839-9d5f-302a-bfcf-f7926cef9841">
      <Execution id="f9925c9e-aa34-4c20-972d-c7489b266a39" />
      <TestMethod codeBase="C:\Projekty\NUnitTestProject\bin\Debug\netcoreapp3.1\NUnitTestProject.dll" adapterTypeName="executor://nunit3testexecutor/" className="NUnitTestProject.CurrencyHelperTests" name="FormatToStringTest1000(4715.320654313695d,&quot;4715.32 zł&quot;)" />
    </UnitTest>
    <UnitTest name="FormatToStringTest1000(55303.17220895699d,&quot;55303.17 zł&quot;)" storage="c:\projekty\nunittestproject\bin\debug\netcoreapp3.1\nunittestproject.dll" id="3c248867-d354-cc7e-803e-cd6ef02be22e">
      <Execution id="8358f92a-7ee0-4b94-8a55-24a49e13bad9" />
      <TestMethod codeBase="C:\Projekty\NUnitTestProject\bin\Debug\netcoreapp3.1\NUnitTestProject.dll" adapterTypeName="executor://nunit3testexecutor/" className="NUnitTestProject.CurrencyHelperTests" name="FormatToStringTest1000(55303.17220895699d,&quot;55303.17 zł&quot;)" />
    </UnitTest>
    <UnitTest name="FormatToStringTest1000(54304.07738935393d,&quot;54304.08 zł&quot;)" storage="c:\projekty\nunittestproject\bin\debug\netcoreapp3.1\nunittestproject.dll" id="dc6fc325-7591-5ff6-3e13-ef3b13583bb4">
      <Execution id="058ec50b-fbb9-4d28-964c-1845b2f88559" />
      <TestMethod codeBase="C:\Projekty\NUnitTestProject\bin\Debug\netcoreapp3.1\NUnitTestProject.dll" adapterTypeName="executor://nunit3testexecutor/" className="NUnitTestProject.CurrencyHelperTests" name="FormatToStringTest1000(54304.07738935393d,&quot;54304.08 zł&quot;)" />
    </UnitTest>
    <UnitTest name="FormatToStringTest1000(23980.12943509646d,&quot;23980.13 zł&quot;)" storage="c:\projekty\nunittestproject\bin\debug\netcoreapp3.1\nunittestproject.dll" id="62f72a9e-2ef3-be6d-f944-7dcdbad45b8b">
      <Execution id="e2316ae5-38f8-487d-803f-6793153e4ad5" />
      <TestMethod codeBase="C:\Projekty\NUnitTestProject\bin\Debug\netcoreapp3.1\NUnitTestProject.dll" adapterTypeName="executor://nunit3testexecutor/" className="NUnitTestProject.CurrencyHelperTests" name="FormatToStringTest1000(23980.12943509646d,&quot;23980.13 zł&quot;)" />
    </UnitTest>
    <UnitTest name="FormatToStringTest1000(7594.279030504766d,&quot;7594.28 zł&quot;)" storage="c:\projekty\nunittestproject\bin\debug\netcoreapp3.1\nunittestproject.dll" id="b2708039-2d5c-fb09-5f56-062d0cb9067a">
      <Execution id="6148b8df-937f-405a-a7bd-e573365f72e3" />
      <TestMethod codeBase="C:\Projekty\NUnitTestProject\bin\Debug\netcoreapp3.1\NUnitTestProject.dll" adapterTypeName="executor://nunit3testexecutor/" className="NUnitTestProject.CurrencyHelperTests" name="FormatToStringTest1000(7594.279030504766d,&quot;7594.28 zł&quot;)" />
    </UnitTest>
    <UnitTest name="FormatToStringTest1000(21602.417596116393d,&quot;21602.42 zł&quot;)" storage="c:\projekty\nunittestproject\bin\debug\netcoreapp3.1\nunittestproject.dll" id="ef7b8988-d111-e493-786c-6d198480cf20">
      <Execution id="c9065144-85e4-4b78-81a7-8efedc895e71" />
      <TestMethod codeBase="C:\Projekty\NUnitTestProject\bin\Debug\netcoreapp3.1\NUnitTestProject.dll" adapterTypeName="executor://nunit3testexecutor/" className="NUnitTestProject.CurrencyHelperTests" name="FormatToStringTest1000(21602.417596116393d,&quot;21602.42 zł&quot;)" />
    </UnitTest>
    <UnitTest name="FormatToStringTest1000(10495.622655484185d,&quot;10495.62 zł&quot;)" storage="c:\projekty\nunittestproject\bin\debug\netcoreapp3.1\nunittestproject.dll" id="7a0cd811-1188-4526-31f2-d266b41de2aa">
      <Execution id="0cf20b0e-6a94-4059-812c-c1d970e9c622" />
      <TestMethod codeBase="C:\Projekty\NUnitTestProject\bin\Debug\netcoreapp3.1\NUnitTestProject.dll" adapterTypeName="executor://nunit3testexecutor/" className="NUnitTestProject.CurrencyHelperTests" name="FormatToStringTest1000(10495.622655484185d,&quot;10495.62 zł&quot;)" />
    </UnitTest>
    <UnitTest name="FormatToStringTest1000(50585.83664522778d,&quot;50585.84 zł&quot;)" storage="c:\projekty\nunittestproject\bin\debug\netcoreapp3.1\nunittestproject.dll" id="cfb2439a-56a0-7de3-f9a2-8d326d2ccf14">
      <Execution id="19aeaae7-dc41-4d55-b449-46501ba169a7" />
      <TestMethod codeBase="C:\Projekty\NUnitTestProject\bin\Debug\netcoreapp3.1\NUnitTestProject.dll" adapterTypeName="executor://nunit3testexecutor/" className="NUnitTestProject.CurrencyHelperTests" name="FormatToStringTest1000(50585.83664522778d,&quot;50585.84 zł&quot;)" />
    </UnitTest>
    <UnitTest name="FormatToStringTest1000(21728.91641959963d,&quot;21728.92 zł&quot;)" storage="c:\projekty\nunittestproject\bin\debug\netcoreapp3.1\nunittestproject.dll" id="64432d28-23cd-4cf2-4daf-935cfc9905b7">
      <Execution id="1d31d8cb-8712-4cbb-8d6a-a31cac290f2b" />
      <TestMethod codeBase="C:\Projekty\NUnitTestProject\bin\Debug\netcoreapp3.1\NUnitTestProject.dll" adapterTypeName="executor://nunit3testexecutor/" className="NUnitTestProject.CurrencyHelperTests" name="FormatToStringTest1000(21728.91641959963d,&quot;21728.92 zł&quot;)" />
    </UnitTest>
    <UnitTest name="FormatToStringTest1000(16819.974312979717d,&quot;16819.97 zł&quot;)" storage="c:\projekty\nunittestproject\bin\debug\netcoreapp3.1\nunittestproject.dll" id="acd7d1ab-8336-79e5-b078-d5eb4c962b29">
      <Execution id="5ffcebc7-58f2-47d6-a479-c9e4f0e3669a" />
      <TestMethod codeBase="C:\Projekty\NUnitTestProject\bin\Debug\netcoreapp3.1\NUnitTestProject.dll" adapterTypeName="executor://nunit3testexecutor/" className="NUnitTestProject.CurrencyHelperTests" name="FormatToStringTest1000(16819.974312979717d,&quot;16819.97 zł&quot;)" />
    </UnitTest>
    <UnitTest name="FormatToStringTest1000(29508.077101491428d,&quot;29508.08 zł&quot;)" storage="c:\projekty\nunittestproject\bin\debug\netcoreapp3.1\nunittestproject.dll" id="87886007-6727-2dc4-be03-09aefa74e875">
      <Execution id="6e377064-7197-43c1-84a8-207a9d5687ac" />
      <TestMethod codeBase="C:\Projekty\NUnitTestProject\bin\Debug\netcoreapp3.1\NUnitTestProject.dll" adapterTypeName="executor://nunit3testexecutor/" className="NUnitTestProject.CurrencyHelperTests" name="FormatToStringTest1000(29508.077101491428d,&quot;29508.08 zł&quot;)" />
    </UnitTest>
    <UnitTest name="FormatToStringTest1000(17798.633951516185d,&quot;17798.63 zł&quot;)" storage="c:\projekty\nunittestproject\bin\debug\netcoreapp3.1\nunittestproject.dll" id="7a151ddf-b76f-a627-8d14-57dc244734db">
      <Execution id="2e0b6648-eca5-4a82-a2f0-7a08c1799f9f" />
      <TestMethod codeBase="C:\Projekty\NUnitTestProject\bin\Debug\netcoreapp3.1\NUnitTestProject.dll" adapterTypeName="executor://nunit3testexecutor/" className="NUnitTestProject.CurrencyHelperTests" name="FormatToStringTest1000(17798.633951516185d,&quot;17798.63 zł&quot;)" />
    </UnitTest>
    <UnitTest name="FormatToStringTest1000(23548.88067407016d,&quot;23548.88 zł&quot;)" storage="c:\projekty\nunittestproject\bin\debug\netcoreapp3.1\nunittestproject.dll" id="08821b59-1fc3-bfdb-c64b-6b9d4d7418fb">
      <Execution id="d33964e2-4ab4-4cd6-8b93-446488c37eab" />
      <TestMethod codeBase="C:\Projekty\NUnitTestProject\bin\Debug\netcoreapp3.1\NUnitTestProject.dll" adapterTypeName="executor://nunit3testexecutor/" className="NUnitTestProject.CurrencyHelperTests" name="FormatToStringTest1000(23548.88067407016d,&quot;23548.88 zł&quot;)" />
    </UnitTest>
    <UnitTest name="FormatToStringTest1000(24957.469502810607d,&quot;24957.47 zł&quot;)" storage="c:\projekty\nunittestproject\bin\debug\netcoreapp3.1\nunittestproject.dll" id="ecf86b56-1ec1-9984-97f9-65e2b8a0e550">
      <Execution id="cbbf0338-b1d5-4869-ae8f-db432bedd034" />
      <TestMethod codeBase="C:\Projekty\NUnitTestProject\bin\Debug\netcoreapp3.1\NUnitTestProject.dll" adapterTypeName="executor://nunit3testexecutor/" className="NUnitTestProject.CurrencyHelperTests" name="FormatToStringTest1000(24957.469502810607d,&quot;24957.47 zł&quot;)" />
    </UnitTest>
    <UnitTest name="FormatToStringTest1000(2992.6161168593057d,&quot;2992.62 zł&quot;)" storage="c:\projekty\nunittestproject\bin\debug\netcoreapp3.1\nunittestproject.dll" id="685e65c6-c415-f45e-d0fc-3f95f4859375">
      <Execution id="6b0c9476-013d-46c7-a50b-e46e0af7b4c8" />
      <TestMethod codeBase="C:\Projekty\NUnitTestProject\bin\Debug\netcoreapp3.1\NUnitTestProject.dll" adapterTypeName="executor://nunit3testexecutor/" className="NUnitTestProject.CurrencyHelperTests" name="FormatToStringTest1000(2992.6161168593057d,&quot;2992.62 zł&quot;)" />
    </UnitTest>
    <UnitTest name="FormatToStringTest1000(32213.734885384205d,&quot;32213.73 zł&quot;)" storage="c:\projekty\nunittestproject\bin\debug\netcoreapp3.1\nunittestproject.dll" id="f9588db6-8045-6ceb-1c29-858ccdaab727">
      <Execution id="a9d0aaf0-443d-434f-a900-2918bf4998a8" />
      <TestMethod codeBase="C:\Projekty\NUnitTestProject\bin\Debug\netcoreapp3.1\NUnitTestProject.dll" adapterTypeName="executor://nunit3testexecutor/" className="NUnitTestProject.CurrencyHelperTests" name="FormatToStringTest1000(32213.734885384205d,&quot;32213.73 zł&quot;)" />
    </UnitTest>
    <UnitTest name="FormatToStringTest1000(8901.937138443784d,&quot;8901.94 zł&quot;)" storage="c:\projekty\nunittestproject\bin\debug\netcoreapp3.1\nunittestproject.dll" id="9c14da41-934e-02e1-653f-9f7dc91a12aa">
      <Execution id="3dee0d4d-2139-4fc0-be4a-5c33dba181dd" />
      <TestMethod codeBase="C:\Projekty\NUnitTestProject\bin\Debug\netcoreapp3.1\NUnitTestProject.dll" adapterTypeName="executor://nunit3testexecutor/" className="NUnitTestProject.CurrencyHelperTests" name="FormatToStringTest1000(8901.937138443784d,&quot;8901.94 zł&quot;)" />
    </UnitTest>
    <UnitTest name="FormatToStringTest1000(25720.27551496321d,&quot;25720.28 zł&quot;)" storage="c:\projekty\nunittestproject\bin\debug\netcoreapp3.1\nunittestproject.dll" id="dbb1fa1a-a5ee-99ca-9749-48d31eb98113">
      <Execution id="c3e6205d-41bf-4fbe-a813-f94814402356" />
      <TestMethod codeBase="C:\Projekty\NUnitTestProject\bin\Debug\netcoreapp3.1\NUnitTestProject.dll" adapterTypeName="executor://nunit3testexecutor/" className="NUnitTestProject.CurrencyHelperTests" name="FormatToStringTest1000(25720.27551496321d,&quot;25720.28 zł&quot;)" />
    </UnitTest>
    <UnitTest name="FormatToStringTest1000(3341.8351759444154d,&quot;3341.84 zł&quot;)" storage="c:\projekty\nunittestproject\bin\debug\netcoreapp3.1\nunittestproject.dll" id="5717b261-73d9-ccff-48ad-cb5028daecbf">
      <Execution id="b654f5bd-d7fa-41a6-8f20-7befd86576fa" />
      <TestMethod codeBase="C:\Projekty\NUnitTestProject\bin\Debug\netcoreapp3.1\NUnitTestProject.dll" adapterTypeName="executor://nunit3testexecutor/" className="NUnitTestProject.CurrencyHelperTests" name="FormatToStringTest1000(3341.8351759444154d,&quot;3341.84 zł&quot;)" />
    </UnitTest>
    <UnitTest name="FormatToStringTest1000(7789.7136237517525d,&quot;7789.71 zł&quot;)" storage="c:\projekty\nunittestproject\bin\debug\netcoreapp3.1\nunittestproject.dll" id="7a70b4a3-dd05-b389-f6ee-af27102364f5">
      <Execution id="7f121707-3959-4d1d-92cd-9c1e2a596c6c" />
      <TestMethod codeBase="C:\Projekty\NUnitTestProject\bin\Debug\netcoreapp3.1\NUnitTestProject.dll" adapterTypeName="executor://nunit3testexecutor/" className="NUnitTestProject.CurrencyHelperTests" name="FormatToStringTest1000(7789.7136237517525d,&quot;7789.71 zł&quot;)" />
    </UnitTest>
    <UnitTest name="FormatToStringTest1000(2339.5873176472205d,&quot;2339.59 zł&quot;)" storage="c:\projekty\nunittestproject\bin\debug\netcoreapp3.1\nunittestproject.dll" id="ea0b7c7a-ce24-46f7-0862-63029307593e">
      <Execution id="1ff09085-a160-4973-9e84-9a206aa3bb31" />
      <TestMethod codeBase="C:\Projekty\NUnitTestProject\bin\Debug\netcoreapp3.1\NUnitTestProject.dll" adapterTypeName="executor://nunit3testexecutor/" className="NUnitTestProject.CurrencyHelperTests" name="FormatToStringTest1000(2339.5873176472205d,&quot;2339.59 zł&quot;)" />
    </UnitTest>
    <UnitTest name="FormatToStringTest1000(24308.26523149212d,&quot;24308.27 zł&quot;)" storage="c:\projekty\nunittestproject\bin\debug\netcoreapp3.1\nunittestproject.dll" id="10d9efba-c25c-4837-b4ca-c51dd97ac398">
      <Execution id="1b1ece03-226b-4cd2-ae7b-1e9d4f5b4c03" />
      <TestMethod codeBase="C:\Projekty\NUnitTestProject\bin\Debug\netcoreapp3.1\NUnitTestProject.dll" adapterTypeName="executor://nunit3testexecutor/" className="NUnitTestProject.CurrencyHelperTests" name="FormatToStringTest1000(24308.26523149212d,&quot;24308.27 zł&quot;)" />
    </UnitTest>
    <UnitTest name="FormatToStringTest1000(51408.294679657694d,&quot;51408.29 zł&quot;)" storage="c:\projekty\nunittestproject\bin\debug\netcoreapp3.1\nunittestproject.dll" id="94c8a06e-3f46-89b8-1521-4663bd871343">
      <Execution id="a097b187-e55a-444d-966c-d3f77bda4589" />
      <TestMethod codeBase="C:\Projekty\NUnitTestProject\bin\Debug\netcoreapp3.1\NUnitTestProject.dll" adapterTypeName="executor://nunit3testexecutor/" className="NUnitTestProject.CurrencyHelperTests" name="FormatToStringTest1000(51408.294679657694d,&quot;51408.29 zł&quot;)" />
    </UnitTest>
    <UnitTest name="FormatToStringTest1000(1328.353302088265d,&quot;1328.35 zł&quot;)" storage="c:\projekty\nunittestproject\bin\debug\netcoreapp3.1\nunittestproject.dll" id="9bae3763-5b44-6392-7f85-b5a14c7eae3f">
      <Execution id="e7adfe62-bc55-43be-8488-6e1105f4e357" />
      <TestMethod codeBase="C:\Projekty\NUnitTestProject\bin\Debug\netcoreapp3.1\NUnitTestProject.dll" adapterTypeName="executor://nunit3testexecutor/" className="NUnitTestProject.CurrencyHelperTests" name="FormatToStringTest1000(1328.353302088265d,&quot;1328.35 zł&quot;)" />
    </UnitTest>
    <UnitTest name="FormatToStringTest1000(50413.517583300134d,&quot;50413.52 zł&quot;)" storage="c:\projekty\nunittestproject\bin\debug\netcoreapp3.1\nunittestproject.dll" id="eb4b3a2e-3867-f16d-1f8c-063517acc541">
      <Execution id="251fb082-a9ee-4f26-9c15-be8c4c4d69ee" />
      <TestMethod codeBase="C:\Projekty\NUnitTestProject\bin\Debug\netcoreapp3.1\NUnitTestProject.dll" adapterTypeName="executor://nunit3testexecutor/" className="NUnitTestProject.CurrencyHelperTests" name="FormatToStringTest1000(50413.517583300134d,&quot;50413.52 zł&quot;)" />
    </UnitTest>
    <UnitTest name="FormatToStringTest1000(13046.352146307172d,&quot;13046.35 zł&quot;)" storage="c:\projekty\nunittestproject\bin\debug\netcoreapp3.1\nunittestproject.dll" id="f86161bd-f5ff-e739-8561-c83ff6f0d4a9">
      <Execution id="c83b933d-f225-41d9-9624-2a3ab76ae637" />
      <TestMethod codeBase="C:\Projekty\NUnitTestProject\bin\Debug\netcoreapp3.1\NUnitTestProject.dll" adapterTypeName="executor://nunit3testexecutor/" className="NUnitTestProject.CurrencyHelperTests" name="FormatToStringTest1000(13046.352146307172d,&quot;13046.35 zł&quot;)" />
    </UnitTest>
    <UnitTest name="FormatToStringTest1000(16402.16316587206d,&quot;16402.16 zł&quot;)" storage="c:\projekty\nunittestproject\bin\debug\netcoreapp3.1\nunittestproject.dll" id="f113347a-114d-883f-0643-fe2e125f5daa">
      <Execution id="1b7389e1-bcd9-463b-8872-bce52dd2cbbb" />
      <TestMethod codeBase="C:\Projekty\NUnitTestProject\bin\Debug\netcoreapp3.1\NUnitTestProject.dll" adapterTypeName="executor://nunit3testexecutor/" className="NUnitTestProject.CurrencyHelperTests" name="FormatToStringTest1000(16402.16316587206d,&quot;16402.16 zł&quot;)" />
    </UnitTest>
    <UnitTest name="FormatToStringTest1000(4539.210371735137d,&quot;4539.21 zł&quot;)" storage="c:\projekty\nunittestproject\bin\debug\netcoreapp3.1\nunittestproject.dll" id="bde33f3c-8432-543f-ee46-b13606db09db">
      <Execution id="26e99c46-5ca7-41f5-96b6-33edc575d782" />
      <TestMethod codeBase="C:\Projekty\NUnitTestProject\bin\Debug\netcoreapp3.1\NUnitTestProject.dll" adapterTypeName="executor://nunit3testexecutor/" className="NUnitTestProject.CurrencyHelperTests" name="FormatToStringTest1000(4539.210371735137d,&quot;4539.21 zł&quot;)" />
    </UnitTest>
    <UnitTest name="FormatToStringTest1000(17990.38119827089d,&quot;17990.38 zł&quot;)" storage="c:\projekty\nunittestproject\bin\debug\netcoreapp3.1\nunittestproject.dll" id="785b55cc-be99-2e92-e97b-e8c0390c5420">
      <Execution id="8b8564bf-5ba9-466c-9eaa-06d44a27c114" />
      <TestMethod codeBase="C:\Projekty\NUnitTestProject\bin\Debug\netcoreapp3.1\NUnitTestProject.dll" adapterTypeName="executor://nunit3testexecutor/" className="NUnitTestProject.CurrencyHelperTests" name="FormatToStringTest1000(17990.38119827089d,&quot;17990.38 zł&quot;)" />
    </UnitTest>
    <UnitTest name="FormatToStringTest1000(4555.538255205163d,&quot;4555.54 zł&quot;)" storage="c:\projekty\nunittestproject\bin\debug\netcoreapp3.1\nunittestproject.dll" id="ba2e227c-c79f-6137-d335-88fa098146b3">
      <Execution id="5661d59f-8818-48d0-920c-acaf271501d2" />
      <TestMethod codeBase="C:\Projekty\NUnitTestProject\bin\Debug\netcoreapp3.1\NUnitTestProject.dll" adapterTypeName="executor://nunit3testexecutor/" className="NUnitTestProject.CurrencyHelperTests" name="FormatToStringTest1000(4555.538255205163d,&quot;4555.54 zł&quot;)" />
    </UnitTest>
    <UnitTest name="FormatToStringTest1000(13337.80490493486d,&quot;13337.80 zł&quot;)" storage="c:\projekty\nunittestproject\bin\debug\netcoreapp3.1\nunittestproject.dll" id="fad10d32-e0c1-4a39-6168-5252fb0f8392">
      <Execution id="682b08a1-2fe4-49ef-8e97-962b196ef4a8" />
      <TestMethod codeBase="C:\Projekty\NUnitTestProject\bin\Debug\netcoreapp3.1\NUnitTestProject.dll" adapterTypeName="executor://nunit3testexecutor/" className="NUnitTestProject.CurrencyHelperTests" name="FormatToStringTest1000(13337.80490493486d,&quot;13337.80 zł&quot;)" />
    </UnitTest>
    <UnitTest name="FormatToStringTest1000(23023.74724929768d,&quot;23023.75 zł&quot;)" storage="c:\projekty\nunittestproject\bin\debug\netcoreapp3.1\nunittestproject.dll" id="be961a03-49b0-93a8-a575-29626617f5f3">
      <Execution id="d7030062-4688-4658-8ce4-32ae9df0d849" />
      <TestMethod codeBase="C:\Projekty\NUnitTestProject\bin\Debug\netcoreapp3.1\NUnitTestProject.dll" adapterTypeName="executor://nunit3testexecutor/" className="NUnitTestProject.CurrencyHelperTests" name="FormatToStringTest1000(23023.74724929768d,&quot;23023.75 zł&quot;)" />
    </UnitTest>
    <UnitTest name="FormatToStringTest1000(26207.03715363659d,&quot;26207.04 zł&quot;)" storage="c:\projekty\nunittestproject\bin\debug\netcoreapp3.1\nunittestproject.dll" id="2f443958-bb91-68f7-90b6-2eae1e3219b3">
      <Execution id="c8e4f6f2-ef21-4d50-b693-3f6d3c2b59cd" />
      <TestMethod codeBase="C:\Projekty\NUnitTestProject\bin\Debug\netcoreapp3.1\NUnitTestProject.dll" adapterTypeName="executor://nunit3testexecutor/" className="NUnitTestProject.CurrencyHelperTests" name="FormatToStringTest1000(26207.03715363659d,&quot;26207.04 zł&quot;)" />
    </UnitTest>
    <UnitTest name="FormatToStringTest1000(3195.202943510936d,&quot;3195.20 zł&quot;)" storage="c:\projekty\nunittestproject\bin\debug\netcoreapp3.1\nunittestproject.dll" id="af79a348-5fb3-03eb-c3ed-5bb2185640a5">
      <Execution id="41bd9379-9c3a-4080-a374-da15d08732a1" />
      <TestMethod codeBase="C:\Projekty\NUnitTestProject\bin\Debug\netcoreapp3.1\NUnitTestProject.dll" adapterTypeName="executor://nunit3testexecutor/" className="NUnitTestProject.CurrencyHelperTests" name="FormatToStringTest1000(3195.202943510936d,&quot;3195.20 zł&quot;)" />
    </UnitTest>
    <UnitTest name="FormatToStringTest1000(33970.38965150639d,&quot;33970.39 zł&quot;)" storage="c:\projekty\nunittestproject\bin\debug\netcoreapp3.1\nunittestproject.dll" id="58d53652-da34-09db-a06d-1fae2bb18f28">
      <Execution id="3ffb37ce-e273-4e12-86fa-778a6c03b9d6" />
      <TestMethod codeBase="C:\Projekty\NUnitTestProject\bin\Debug\netcoreapp3.1\NUnitTestProject.dll" adapterTypeName="executor://nunit3testexecutor/" className="NUnitTestProject.CurrencyHelperTests" name="FormatToStringTest1000(33970.38965150639d,&quot;33970.39 zł&quot;)" />
    </UnitTest>
    <UnitTest name="FormatToStringTest1000(4094.6752323977066d,&quot;4094.68 zł&quot;)" storage="c:\projekty\nunittestproject\bin\debug\netcoreapp3.1\nunittestproject.dll" id="13e85df1-3456-393c-8dca-d481490ed075">
      <Execution id="ac6da197-0b8a-431c-8ee5-556d359138cf" />
      <TestMethod codeBase="C:\Projekty\NUnitTestProject\bin\Debug\netcoreapp3.1\NUnitTestProject.dll" adapterTypeName="executor://nunit3testexecutor/" className="NUnitTestProject.CurrencyHelperTests" name="FormatToStringTest1000(4094.6752323977066d,&quot;4094.68 zł&quot;)" />
    </UnitTest>
    <UnitTest name="FormatToStringTest1000(79764.77845563217d,&quot;79764.78 zł&quot;)" storage="c:\projekty\nunittestproject\bin\debug\netcoreapp3.1\nunittestproject.dll" id="7724a5ae-1858-243b-d346-491db16f98e9">
      <Execution id="785f8bab-b105-4701-9246-fb56fe16a3fb" />
      <TestMethod codeBase="C:\Projekty\NUnitTestProject\bin\Debug\netcoreapp3.1\NUnitTestProject.dll" adapterTypeName="executor://nunit3testexecutor/" className="NUnitTestProject.CurrencyHelperTests" name="FormatToStringTest1000(79764.77845563217d,&quot;79764.78 zł&quot;)" />
    </UnitTest>
    <UnitTest name="FormatToStringTest1000(28992.38363400166d,&quot;28992.38 zł&quot;)" storage="c:\projekty\nunittestproject\bin\debug\netcoreapp3.1\nunittestproject.dll" id="21347641-7dc3-6035-5dfd-bb1ac2ae1b73">
      <Execution id="7acb448b-e677-4805-b0c2-c88ab43aef4a" />
      <TestMethod codeBase="C:\Projekty\NUnitTestProject\bin\Debug\netcoreapp3.1\NUnitTestProject.dll" adapterTypeName="executor://nunit3testexecutor/" className="NUnitTestProject.CurrencyHelperTests" name="FormatToStringTest1000(28992.38363400166d,&quot;28992.38 zł&quot;)" />
    </UnitTest>
    <UnitTest name="FormatToStringTest1000(19462.729986486367d,&quot;19462.73 zł&quot;)" storage="c:\projekty\nunittestproject\bin\debug\netcoreapp3.1\nunittestproject.dll" id="ed2b1e2d-f079-ec9f-030f-6c4deaa52702">
      <Execution id="8df9fa9d-74c7-40a4-8fbc-4d9cd3349fc0" />
      <TestMethod codeBase="C:\Projekty\NUnitTestProject\bin\Debug\netcoreapp3.1\NUnitTestProject.dll" adapterTypeName="executor://nunit3testexecutor/" className="NUnitTestProject.CurrencyHelperTests" name="FormatToStringTest1000(19462.729986486367d,&quot;19462.73 zł&quot;)" />
    </UnitTest>
    <UnitTest name="FormatToStringTest1000(972.1468308629221d,&quot;972.15 zł&quot;)" storage="c:\projekty\nunittestproject\bin\debug\netcoreapp3.1\nunittestproject.dll" id="2cb249c3-2f01-c9f4-7658-4d0e9af8d192">
      <Execution id="4a6c4309-171b-423b-bf14-63b300ad8489" />
      <TestMethod codeBase="C:\Projekty\NUnitTestProject\bin\Debug\netcoreapp3.1\NUnitTestProject.dll" adapterTypeName="executor://nunit3testexecutor/" className="NUnitTestProject.CurrencyHelperTests" name="FormatToStringTest1000(972.1468308629221d,&quot;972.15 zł&quot;)" />
    </UnitTest>
    <UnitTest name="FormatToStringTest1000(46898.00219497783d,&quot;46898.00 zł&quot;)" storage="c:\projekty\nunittestproject\bin\debug\netcoreapp3.1\nunittestproject.dll" id="c2c62cce-7606-0af4-5c6b-a30ffe30b4ea">
      <Execution id="2424cb68-dc59-4543-8094-7797c6a900c3" />
      <TestMethod codeBase="C:\Projekty\NUnitTestProject\bin\Debug\netcoreapp3.1\NUnitTestProject.dll" adapterTypeName="executor://nunit3testexecutor/" className="NUnitTestProject.CurrencyHelperTests" name="FormatToStringTest1000(46898.00219497783d,&quot;46898.00 zł&quot;)" />
    </UnitTest>
    <UnitTest name="FormatToStringTest1000(30360.993128030557d,&quot;30360.99 zł&quot;)" storage="c:\projekty\nunittestproject\bin\debug\netcoreapp3.1\nunittestproject.dll" id="c1b72bec-54e9-d72c-529e-b6b9932bdb7f">
      <Execution id="531f4562-3017-4e3b-835e-c20c454009aa" />
      <TestMethod codeBase="C:\Projekty\NUnitTestProject\bin\Debug\netcoreapp3.1\NUnitTestProject.dll" adapterTypeName="executor://nunit3testexecutor/" className="NUnitTestProject.CurrencyHelperTests" name="FormatToStringTest1000(30360.993128030557d,&quot;30360.99 zł&quot;)" />
    </UnitTest>
    <UnitTest name="FormatToStringTest1000(34951.47290410077d,&quot;34951.47 zł&quot;)" storage="c:\projekty\nunittestproject\bin\debug\netcoreapp3.1\nunittestproject.dll" id="32740214-c33e-96ad-e5a0-01c821ac0c2a">
      <Execution id="5eaaa891-8867-4c41-aeca-69591c0cc296" />
      <TestMethod codeBase="C:\Projekty\NUnitTestProject\bin\Debug\netcoreapp3.1\NUnitTestProject.dll" adapterTypeName="executor://nunit3testexecutor/" className="NUnitTestProject.CurrencyHelperTests" name="FormatToStringTest1000(34951.47290410077d,&quot;34951.47 zł&quot;)" />
    </UnitTest>
    <UnitTest name="FormatToStringTest1000(48428.38681602682d,&quot;48428.39 zł&quot;)" storage="c:\projekty\nunittestproject\bin\debug\netcoreapp3.1\nunittestproject.dll" id="13cdf8fd-2721-e597-055e-a54097abf685">
      <Execution id="74dcf080-60f5-4659-a33d-f344e7882811" />
      <TestMethod codeBase="C:\Projekty\NUnitTestProject\bin\Debug\netcoreapp3.1\NUnitTestProject.dll" adapterTypeName="executor://nunit3testexecutor/" className="NUnitTestProject.CurrencyHelperTests" name="FormatToStringTest1000(48428.38681602682d,&quot;48428.39 zł&quot;)" />
    </UnitTest>
    <UnitTest name="FormatToStringTest1000(40889.35187774214d,&quot;40889.35 zł&quot;)" storage="c:\projekty\nunittestproject\bin\debug\netcoreapp3.1\nunittestproject.dll" id="b7f6b02b-7701-48a7-6ef3-dc8df7e50575">
      <Execution id="c90a3d58-96c9-4c79-8bec-bc844b692361" />
      <TestMethod codeBase="C:\Projekty\NUnitTestProject\bin\Debug\netcoreapp3.1\NUnitTestProject.dll" adapterTypeName="executor://nunit3testexecutor/" className="NUnitTestProject.CurrencyHelperTests" name="FormatToStringTest1000(40889.35187774214d,&quot;40889.35 zł&quot;)" />
    </UnitTest>
    <UnitTest name="FormatToStringTest1000(15313.083673952653d,&quot;15313.08 zł&quot;)" storage="c:\projekty\nunittestproject\bin\debug\netcoreapp3.1\nunittestproject.dll" id="84912826-9a40-9d59-76ff-2b9288e04c5b">
      <Execution id="6c52a3d6-3f54-4a92-b906-7212f1eaf967" />
      <TestMethod codeBase="C:\Projekty\NUnitTestProject\bin\Debug\netcoreapp3.1\NUnitTestProject.dll" adapterTypeName="executor://nunit3testexecutor/" className="NUnitTestProject.CurrencyHelperTests" name="FormatToStringTest1000(15313.083673952653d,&quot;15313.08 zł&quot;)" />
    </UnitTest>
    <UnitTest name="FormatToStringTest1000(15600.245951180927d,&quot;15600.25 zł&quot;)" storage="c:\projekty\nunittestproject\bin\debug\netcoreapp3.1\nunittestproject.dll" id="9fc60cd8-d419-6ed6-ac2e-164788256e59">
      <Execution id="4f45861c-642a-469a-9981-b6d2fed3fbb8" />
      <TestMethod codeBase="C:\Projekty\NUnitTestProject\bin\Debug\netcoreapp3.1\NUnitTestProject.dll" adapterTypeName="executor://nunit3testexecutor/" className="NUnitTestProject.CurrencyHelperTests" name="FormatToStringTest1000(15600.245951180927d,&quot;15600.25 zł&quot;)" />
    </UnitTest>
    <UnitTest name="FormatToStringTest1000(12871.381729632794d,&quot;12871.38 zł&quot;)" storage="c:\projekty\nunittestproject\bin\debug\netcoreapp3.1\nunittestproject.dll" id="2ae061eb-7306-c193-04ca-269456b3b20b">
      <Execution id="d53f2021-cd33-4d08-bdd2-558805a99239" />
      <TestMethod codeBase="C:\Projekty\NUnitTestProject\bin\Debug\netcoreapp3.1\NUnitTestProject.dll" adapterTypeName="executor://nunit3testexecutor/" className="NUnitTestProject.CurrencyHelperTests" name="FormatToStringTest1000(12871.381729632794d,&quot;12871.38 zł&quot;)" />
    </UnitTest>
    <UnitTest name="FormatToStringTest1000(19006.315459580772d,&quot;19006.32 zł&quot;)" storage="c:\projekty\nunittestproject\bin\debug\netcoreapp3.1\nunittestproject.dll" id="da69ab52-f883-eabf-8235-9cb66a514e58">
      <Execution id="6d6ed95c-501f-4d76-8332-fe6db75b83ee" />
      <TestMethod codeBase="C:\Projekty\NUnitTestProject\bin\Debug\netcoreapp3.1\NUnitTestProject.dll" adapterTypeName="executor://nunit3testexecutor/" className="NUnitTestProject.CurrencyHelperTests" name="FormatToStringTest1000(19006.315459580772d,&quot;19006.32 zł&quot;)" />
    </UnitTest>
    <UnitTest name="FormatToStringTest1000(13414.3551766441d,&quot;13414.36 zł&quot;)" storage="c:\projekty\nunittestproject\bin\debug\netcoreapp3.1\nunittestproject.dll" id="6db05940-47de-0c9c-5b92-fcba99ecc227">
      <Execution id="513f3258-b855-464e-9e1a-7b6719c48268" />
      <TestMethod codeBase="C:\Projekty\NUnitTestProject\bin\Debug\netcoreapp3.1\NUnitTestProject.dll" adapterTypeName="executor://nunit3testexecutor/" className="NUnitTestProject.CurrencyHelperTests" name="FormatToStringTest1000(13414.3551766441d,&quot;13414.36 zł&quot;)" />
    </UnitTest>
    <UnitTest name="FormatToStringTest1000(115.26302841131717d,&quot;115.26 zł&quot;)" storage="c:\projekty\nunittestproject\bin\debug\netcoreapp3.1\nunittestproject.dll" id="510aaf45-0379-a668-36c0-4b4e838744ca">
      <Execution id="23105094-d1fd-4df9-9437-a38a1370a16a" />
      <TestMethod codeBase="C:\Projekty\NUnitTestProject\bin\Debug\netcoreapp3.1\NUnitTestProject.dll" adapterTypeName="executor://nunit3testexecutor/" className="NUnitTestProject.CurrencyHelperTests" name="FormatToStringTest1000(115.26302841131717d,&quot;115.26 zł&quot;)" />
    </UnitTest>
    <UnitTest name="FormatToStringTest1000(803.2448148733214d,&quot;803.24 zł&quot;)" storage="c:\projekty\nunittestproject\bin\debug\netcoreapp3.1\nunittestproject.dll" id="f1dc036c-9edd-e200-4e53-f62b2f9452ea">
      <Execution id="1ee23f8d-21bf-4b92-b830-ce0279c29bc8" />
      <TestMethod codeBase="C:\Projekty\NUnitTestProject\bin\Debug\netcoreapp3.1\NUnitTestProject.dll" adapterTypeName="executor://nunit3testexecutor/" className="NUnitTestProject.CurrencyHelperTests" name="FormatToStringTest1000(803.2448148733214d,&quot;803.24 zł&quot;)" />
    </UnitTest>
    <UnitTest name="FormatToStringTest1000(57237.252356975456d,&quot;57237.25 zł&quot;)" storage="c:\projekty\nunittestproject\bin\debug\netcoreapp3.1\nunittestproject.dll" id="f2da4add-4324-6352-9afd-0fe37f754b21">
      <Execution id="81dccd60-7377-42e0-8006-e86ff2dcaf5c" />
      <TestMethod codeBase="C:\Projekty\NUnitTestProject\bin\Debug\netcoreapp3.1\NUnitTestProject.dll" adapterTypeName="executor://nunit3testexecutor/" className="NUnitTestProject.CurrencyHelperTests" name="FormatToStringTest1000(57237.252356975456d,&quot;57237.25 zł&quot;)" />
    </UnitTest>
    <UnitTest name="FormatToStringTest1000(1313.0279238368514d,&quot;1313.03 zł&quot;)" storage="c:\projekty\nunittestproject\bin\debug\netcoreapp3.1\nunittestproject.dll" id="9ac323b2-f4ee-1c5b-c335-774c81e0e08d">
      <Execution id="fe48fc7b-c380-4e8c-8523-332bec623893" />
      <TestMethod codeBase="C:\Projekty\NUnitTestProject\bin\Debug\netcoreapp3.1\NUnitTestProject.dll" adapterTypeName="executor://nunit3testexecutor/" className="NUnitTestProject.CurrencyHelperTests" name="FormatToStringTest1000(1313.0279238368514d,&quot;1313.03 zł&quot;)" />
    </UnitTest>
    <UnitTest name="FormatToStringTest1000(18340.935049000167d,&quot;18340.94 zł&quot;)" storage="c:\projekty\nunittestproject\bin\debug\netcoreapp3.1\nunittestproject.dll" id="c2d4c482-09cf-e240-a7e7-520d6f5ce617">
      <Execution id="5f32209a-961b-4f34-95dc-eb63d237134d" />
      <TestMethod codeBase="C:\Projekty\NUnitTestProject\bin\Debug\netcoreapp3.1\NUnitTestProject.dll" adapterTypeName="executor://nunit3testexecutor/" className="NUnitTestProject.CurrencyHelperTests" name="FormatToStringTest1000(18340.935049000167d,&quot;18340.94 zł&quot;)" />
    </UnitTest>
    <UnitTest name="FormatToStringTest1000(6146.91236741278d,&quot;6146.91 zł&quot;)" storage="c:\projekty\nunittestproject\bin\debug\netcoreapp3.1\nunittestproject.dll" id="b41bb231-beda-2963-85d3-5ce48fa4ac9e">
      <Execution id="4e2ea416-05a8-4bfc-8b28-432646b1d2fe" />
      <TestMethod codeBase="C:\Projekty\NUnitTestProject\bin\Debug\netcoreapp3.1\NUnitTestProject.dll" adapterTypeName="executor://nunit3testexecutor/" className="NUnitTestProject.CurrencyHelperTests" name="FormatToStringTest1000(6146.91236741278d,&quot;6146.91 zł&quot;)" />
    </UnitTest>
    <UnitTest name="FormatToStringTest1000(15624.452361264477d,&quot;15624.45 zł&quot;)" storage="c:\projekty\nunittestproject\bin\debug\netcoreapp3.1\nunittestproject.dll" id="f454394e-283b-6832-24e4-e862ec140984">
      <Execution id="a98dc331-f923-48cc-974f-35b56dd32cba" />
      <TestMethod codeBase="C:\Projekty\NUnitTestProject\bin\Debug\netcoreapp3.1\NUnitTestProject.dll" adapterTypeName="executor://nunit3testexecutor/" className="NUnitTestProject.CurrencyHelperTests" name="FormatToStringTest1000(15624.452361264477d,&quot;15624.45 zł&quot;)" />
    </UnitTest>
    <UnitTest name="FormatToStringTest1000(49037.8109120586d,&quot;49037.81 zł&quot;)" storage="c:\projekty\nunittestproject\bin\debug\netcoreapp3.1\nunittestproject.dll" id="d54410c1-a007-adf6-a1dc-8caa96e947a3">
      <Execution id="20fce4c9-bdf3-4116-bccc-c756ae24cff0" />
      <TestMethod codeBase="C:\Projekty\NUnitTestProject\bin\Debug\netcoreapp3.1\NUnitTestProject.dll" adapterTypeName="executor://nunit3testexecutor/" className="NUnitTestProject.CurrencyHelperTests" name="FormatToStringTest1000(49037.8109120586d,&quot;49037.81 zł&quot;)" />
    </UnitTest>
    <UnitTest name="FormatToStringTest1000(5957.42161879941d,&quot;5957.42 zł&quot;)" storage="c:\projekty\nunittestproject\bin\debug\netcoreapp3.1\nunittestproject.dll" id="c9bdc46f-9c2d-d658-e774-72448865739f">
      <Execution id="3ad1bfc2-53e7-4fbc-a8dc-0e521740fd99" />
      <TestMethod codeBase="C:\Projekty\NUnitTestProject\bin\Debug\netcoreapp3.1\NUnitTestProject.dll" adapterTypeName="executor://nunit3testexecutor/" className="NUnitTestProject.CurrencyHelperTests" name="FormatToStringTest1000(5957.42161879941d,&quot;5957.42 zł&quot;)" />
    </UnitTest>
    <UnitTest name="FormatToStringTest1000(19363.881840787773d,&quot;19363.88 zł&quot;)" storage="c:\projekty\nunittestproject\bin\debug\netcoreapp3.1\nunittestproject.dll" id="c5316b43-7086-7b8f-266a-feedd9573c48">
      <Execution id="3a041b4f-ecc1-4b82-8fe0-dbca4106ee99" />
      <TestMethod codeBase="C:\Projekty\NUnitTestProject\bin\Debug\netcoreapp3.1\NUnitTestProject.dll" adapterTypeName="executor://nunit3testexecutor/" className="NUnitTestProject.CurrencyHelperTests" name="FormatToStringTest1000(19363.881840787773d,&quot;19363.88 zł&quot;)" />
    </UnitTest>
    <UnitTest name="FormatToStringTest1000(1208.1827589441941d,&quot;1208.18 zł&quot;)" storage="c:\projekty\nunittestproject\bin\debug\netcoreapp3.1\nunittestproject.dll" id="726ca756-5ddd-cb5f-72a7-3e3a70b8c971">
      <Execution id="bd918935-b157-457b-acfb-d18f7e27e37a" />
      <TestMethod codeBase="C:\Projekty\NUnitTestProject\bin\Debug\netcoreapp3.1\NUnitTestProject.dll" adapterTypeName="executor://nunit3testexecutor/" className="NUnitTestProject.CurrencyHelperTests" name="FormatToStringTest1000(1208.1827589441941d,&quot;1208.18 zł&quot;)" />
    </UnitTest>
    <UnitTest name="FormatToStringTest1000(14137.400697779563d,&quot;14137.40 zł&quot;)" storage="c:\projekty\nunittestproject\bin\debug\netcoreapp3.1\nunittestproject.dll" id="617c3175-15cb-3321-36a3-871fc366b75b">
      <Execution id="69da989b-d78e-45de-ba54-2f97ed2e57bd" />
      <TestMethod codeBase="C:\Projekty\NUnitTestProject\bin\Debug\netcoreapp3.1\NUnitTestProject.dll" adapterTypeName="executor://nunit3testexecutor/" className="NUnitTestProject.CurrencyHelperTests" name="FormatToStringTest1000(14137.400697779563d,&quot;14137.40 zł&quot;)" />
    </UnitTest>
    <UnitTest name="FormatToStringTest1000(643.3550376181281d,&quot;643.36 zł&quot;)" storage="c:\projekty\nunittestproject\bin\debug\netcoreapp3.1\nunittestproject.dll" id="69564ef2-123d-d3db-baf6-6a27b0eb9c23">
      <Execution id="be007579-ed7e-4bb3-9804-50dd25cc704c" />
      <TestMethod codeBase="C:\Projekty\NUnitTestProject\bin\Debug\netcoreapp3.1\NUnitTestProject.dll" adapterTypeName="executor://nunit3testexecutor/" className="NUnitTestProject.CurrencyHelperTests" name="FormatToStringTest1000(643.3550376181281d,&quot;643.36 zł&quot;)" />
    </UnitTest>
    <UnitTest name="FormatToStringTest1000(4919.073526169674d,&quot;4919.07 zł&quot;)" storage="c:\projekty\nunittestproject\bin\debug\netcoreapp3.1\nunittestproject.dll" id="c769eba8-ab90-c528-a852-a01f625e896b">
      <Execution id="554b80cb-a237-4983-b20b-2cf5fcd36dd7" />
      <TestMethod codeBase="C:\Projekty\NUnitTestProject\bin\Debug\netcoreapp3.1\NUnitTestProject.dll" adapterTypeName="executor://nunit3testexecutor/" className="NUnitTestProject.CurrencyHelperTests" name="FormatToStringTest1000(4919.073526169674d,&quot;4919.07 zł&quot;)" />
    </UnitTest>
    <UnitTest name="FormatToStringTest1000(6429.44273095552d,&quot;6429.44 zł&quot;)" storage="c:\projekty\nunittestproject\bin\debug\netcoreapp3.1\nunittestproject.dll" id="96997772-f691-ce37-8af7-583f0500af76">
      <Execution id="cc834125-a474-4c54-943c-e67879fd8fd1" />
      <TestMethod codeBase="C:\Projekty\NUnitTestProject\bin\Debug\netcoreapp3.1\NUnitTestProject.dll" adapterTypeName="executor://nunit3testexecutor/" className="NUnitTestProject.CurrencyHelperTests" name="FormatToStringTest1000(6429.44273095552d,&quot;6429.44 zł&quot;)" />
    </UnitTest>
    <UnitTest name="FormatToStringTest1000(3270.482477338743d,&quot;3270.48 zł&quot;)" storage="c:\projekty\nunittestproject\bin\debug\netcoreapp3.1\nunittestproject.dll" id="20901353-a2d3-ecac-3452-4c8d3e93293d">
      <Execution id="8e42dbda-f4c0-4f27-98a2-49253689ca5c" />
      <TestMethod codeBase="C:\Projekty\NUnitTestProject\bin\Debug\netcoreapp3.1\NUnitTestProject.dll" adapterTypeName="executor://nunit3testexecutor/" className="NUnitTestProject.CurrencyHelperTests" name="FormatToStringTest1000(3270.482477338743d,&quot;3270.48 zł&quot;)" />
    </UnitTest>
    <UnitTest name="FormatToStringTest1000(11796.576829059317d,&quot;11796.58 zł&quot;)" storage="c:\projekty\nunittestproject\bin\debug\netcoreapp3.1\nunittestproject.dll" id="803aabd0-814c-fa5a-ba0b-84820a2be95d">
      <Execution id="72ed4048-0f84-4d1f-b32f-381809528e20" />
      <TestMethod codeBase="C:\Projekty\NUnitTestProject\bin\Debug\netcoreapp3.1\NUnitTestProject.dll" adapterTypeName="executor://nunit3testexecutor/" className="NUnitTestProject.CurrencyHelperTests" name="FormatToStringTest1000(11796.576829059317d,&quot;11796.58 zł&quot;)" />
    </UnitTest>
    <UnitTest name="FormatToStringTest1000(78822.37212685234d,&quot;78822.37 zł&quot;)" storage="c:\projekty\nunittestproject\bin\debug\netcoreapp3.1\nunittestproject.dll" id="46c08f6b-08d4-7992-5df4-ed97e4b42fc1">
      <Execution id="6152a544-1fb1-4a21-ae56-2d9bcf902fe7" />
      <TestMethod codeBase="C:\Projekty\NUnitTestProject\bin\Debug\netcoreapp3.1\NUnitTestProject.dll" adapterTypeName="executor://nunit3testexecutor/" className="NUnitTestProject.CurrencyHelperTests" name="FormatToStringTest1000(78822.37212685234d,&quot;78822.37 zł&quot;)" />
    </UnitTest>
    <UnitTest name="FormatToStringTest1000(8013.1229931903645d,&quot;8013.12 zł&quot;)" storage="c:\projekty\nunittestproject\bin\debug\netcoreapp3.1\nunittestproject.dll" id="333aaef5-a204-ff89-a246-bb5035b09f90">
      <Execution id="5a880605-20e6-4ece-86bb-7c74a456e0fe" />
      <TestMethod codeBase="C:\Projekty\NUnitTestProject\bin\Debug\netcoreapp3.1\NUnitTestProject.dll" adapterTypeName="executor://nunit3testexecutor/" className="NUnitTestProject.CurrencyHelperTests" name="FormatToStringTest1000(8013.1229931903645d,&quot;8013.12 zł&quot;)" />
    </UnitTest>
    <UnitTest name="FormatToStringTest1000(15861.139287455073d,&quot;15861.14 zł&quot;)" storage="c:\projekty\nunittestproject\bin\debug\netcoreapp3.1\nunittestproject.dll" id="632ea7a5-ff19-c828-ab06-71f1c1ae0c57">
      <Execution id="c4758880-5bdf-4585-b4d0-32cdf8b4c4d2" />
      <TestMethod codeBase="C:\Projekty\NUnitTestProject\bin\Debug\netcoreapp3.1\NUnitTestProject.dll" adapterTypeName="executor://nunit3testexecutor/" className="NUnitTestProject.CurrencyHelperTests" name="FormatToStringTest1000(15861.139287455073d,&quot;15861.14 zł&quot;)" />
    </UnitTest>
    <UnitTest name="FormatToStringTest1000(16161.963229990548d,&quot;16161.96 zł&quot;)" storage="c:\projekty\nunittestproject\bin\debug\netcoreapp3.1\nunittestproject.dll" id="d2a2118e-f836-73de-010f-9e6a0f9038b3">
      <Execution id="7f806201-1b16-4c13-be6c-a5de1446ca4c" />
      <TestMethod codeBase="C:\Projekty\NUnitTestProject\bin\Debug\netcoreapp3.1\NUnitTestProject.dll" adapterTypeName="executor://nunit3testexecutor/" className="NUnitTestProject.CurrencyHelperTests" name="FormatToStringTest1000(16161.963229990548d,&quot;16161.96 zł&quot;)" />
    </UnitTest>
    <UnitTest name="FormatToStringTest1000(87505.85936583664d,&quot;87505.86 zł&quot;)" storage="c:\projekty\nunittestproject\bin\debug\netcoreapp3.1\nunittestproject.dll" id="4662df59-28c1-5a49-3a88-d0d7d9c3969d">
      <Execution id="b6728f86-44f7-4281-8020-4ff3285faf64" />
      <TestMethod codeBase="C:\Projekty\NUnitTestProject\bin\Debug\netcoreapp3.1\NUnitTestProject.dll" adapterTypeName="executor://nunit3testexecutor/" className="NUnitTestProject.CurrencyHelperTests" name="FormatToStringTest1000(87505.85936583664d,&quot;87505.86 zł&quot;)" />
    </UnitTest>
    <UnitTest name="FormatToStringTest1000(1687.5965557361937d,&quot;1687.60 zł&quot;)" storage="c:\projekty\nunittestproject\bin\debug\netcoreapp3.1\nunittestproject.dll" id="5196bde9-6c75-174a-8f79-d717861ecd56">
      <Execution id="757161ec-1cab-4e4c-b32e-dc52db9b9906" />
      <TestMethod codeBase="C:\Projekty\NUnitTestProject\bin\Debug\netcoreapp3.1\NUnitTestProject.dll" adapterTypeName="executor://nunit3testexecutor/" className="NUnitTestProject.CurrencyHelperTests" name="FormatToStringTest1000(1687.5965557361937d,&quot;1687.60 zł&quot;)" />
    </UnitTest>
    <UnitTest name="FormatToStringTest1000(3907.8681317963024d,&quot;3907.87 zł&quot;)" storage="c:\projekty\nunittestproject\bin\debug\netcoreapp3.1\nunittestproject.dll" id="ef8e2842-4b56-3143-8747-c2adcd3e7a1d">
      <Execution id="9678c714-a612-4327-a007-b33eaba8126a" />
      <TestMethod codeBase="C:\Projekty\NUnitTestProject\bin\Debug\netcoreapp3.1\NUnitTestProject.dll" adapterTypeName="executor://nunit3testexecutor/" className="NUnitTestProject.CurrencyHelperTests" name="FormatToStringTest1000(3907.8681317963024d,&quot;3907.87 zł&quot;)" />
    </UnitTest>
    <UnitTest name="FormatToStringTest1000(2435.1995505835857d,&quot;2435.20 zł&quot;)" storage="c:\projekty\nunittestproject\bin\debug\netcoreapp3.1\nunittestproject.dll" id="ed9a5b1b-624c-3396-5757-abd8e668541b">
      <Execution id="6035d404-0310-4c25-a77e-a757286d7bae" />
      <TestMethod codeBase="C:\Projekty\NUnitTestProject\bin\Debug\netcoreapp3.1\NUnitTestProject.dll" adapterTypeName="executor://nunit3testexecutor/" className="NUnitTestProject.CurrencyHelperTests" name="FormatToStringTest1000(2435.1995505835857d,&quot;2435.20 zł&quot;)" />
    </UnitTest>
    <UnitTest name="FormatToStringTest1000(2975.6892256134606d,&quot;2975.69 zł&quot;)" storage="c:\projekty\nunittestproject\bin\debug\netcoreapp3.1\nunittestproject.dll" id="30678609-1c69-68ef-6a0d-4b6cf4e5979d">
      <Execution id="4b295589-87f5-474e-aaf1-afb6190064b1" />
      <TestMethod codeBase="C:\Projekty\NUnitTestProject\bin\Debug\netcoreapp3.1\NUnitTestProject.dll" adapterTypeName="executor://nunit3testexecutor/" className="NUnitTestProject.CurrencyHelperTests" name="FormatToStringTest1000(2975.6892256134606d,&quot;2975.69 zł&quot;)" />
    </UnitTest>
    <UnitTest name="FormatToStringTest1000(486.15309567942893d,&quot;486.15 zł&quot;)" storage="c:\projekty\nunittestproject\bin\debug\netcoreapp3.1\nunittestproject.dll" id="fb0ce41f-cede-9ac7-f047-8c3573f30f7e">
      <Execution id="e356064d-70ff-4b57-8223-73d1b37067fb" />
      <TestMethod codeBase="C:\Projekty\NUnitTestProject\bin\Debug\netcoreapp3.1\NUnitTestProject.dll" adapterTypeName="executor://nunit3testexecutor/" className="NUnitTestProject.CurrencyHelperTests" name="FormatToStringTest1000(486.15309567942893d,&quot;486.15 zł&quot;)" />
    </UnitTest>
    <UnitTest name="FormatToStringTest1000(11175.438820935526d,&quot;11175.44 zł&quot;)" storage="c:\projekty\nunittestproject\bin\debug\netcoreapp3.1\nunittestproject.dll" id="5eb51ac6-bd9f-5d8a-8a44-d83118d83beb">
      <Execution id="618c2392-6bdd-4ffb-a9f4-7d1a84a758de" />
      <TestMethod codeBase="C:\Projekty\NUnitTestProject\bin\Debug\netcoreapp3.1\NUnitTestProject.dll" adapterTypeName="executor://nunit3testexecutor/" className="NUnitTestProject.CurrencyHelperTests" name="FormatToStringTest1000(11175.438820935526d,&quot;11175.44 zł&quot;)" />
    </UnitTest>
    <UnitTest name="FormatToStringTest1000(3270.286035661719d,&quot;3270.29 zł&quot;)" storage="c:\projekty\nunittestproject\bin\debug\netcoreapp3.1\nunittestproject.dll" id="b5cd9d3c-6e7d-bae4-881c-4092ac2390ce">
      <Execution id="fa89a641-8736-4a12-9164-0b213e3dee32" />
      <TestMethod codeBase="C:\Projekty\NUnitTestProject\bin\Debug\netcoreapp3.1\NUnitTestProject.dll" adapterTypeName="executor://nunit3testexecutor/" className="NUnitTestProject.CurrencyHelperTests" name="FormatToStringTest1000(3270.286035661719d,&quot;3270.29 zł&quot;)" />
    </UnitTest>
    <UnitTest name="FormatToStringTest1000(5504.094303639184d,&quot;5504.09 zł&quot;)" storage="c:\projekty\nunittestproject\bin\debug\netcoreapp3.1\nunittestproject.dll" id="99a10c59-9aed-054b-9f26-15805af85148">
      <Execution id="031f686d-f991-42a8-9fce-837120aa98de" />
      <TestMethod codeBase="C:\Projekty\NUnitTestProject\bin\Debug\netcoreapp3.1\NUnitTestProject.dll" adapterTypeName="executor://nunit3testexecutor/" className="NUnitTestProject.CurrencyHelperTests" name="FormatToStringTest1000(5504.094303639184d,&quot;5504.09 zł&quot;)" />
    </UnitTest>
    <UnitTest name="FormatToStringTest1000(20249.56614074277d,&quot;20249.57 zł&quot;)" storage="c:\projekty\nunittestproject\bin\debug\netcoreapp3.1\nunittestproject.dll" id="2553ac6b-8c4b-c989-c2b1-742cbb8f417e">
      <Execution id="af875864-b850-43e6-b53f-d0430eef08ac" />
      <TestMethod codeBase="C:\Projekty\NUnitTestProject\bin\Debug\netcoreapp3.1\NUnitTestProject.dll" adapterTypeName="executor://nunit3testexecutor/" className="NUnitTestProject.CurrencyHelperTests" name="FormatToStringTest1000(20249.56614074277d,&quot;20249.57 zł&quot;)" />
    </UnitTest>
    <UnitTest name="FormatToStringTest1000(36893.66238331593d,&quot;36893.66 zł&quot;)" storage="c:\projekty\nunittestproject\bin\debug\netcoreapp3.1\nunittestproject.dll" id="2035ba59-2ee2-badb-15b9-a8ffa8fcf57c">
      <Execution id="edf9a341-5353-4780-812a-8b7c13146a24" />
      <TestMethod codeBase="C:\Projekty\NUnitTestProject\bin\Debug\netcoreapp3.1\NUnitTestProject.dll" adapterTypeName="executor://nunit3testexecutor/" className="NUnitTestProject.CurrencyHelperTests" name="FormatToStringTest1000(36893.66238331593d,&quot;36893.66 zł&quot;)" />
    </UnitTest>
    <UnitTest name="FormatToStringTest1000(30031.89550569323d,&quot;30031.90 zł&quot;)" storage="c:\projekty\nunittestproject\bin\debug\netcoreapp3.1\nunittestproject.dll" id="ff64b042-e70f-6e34-60aa-4c59131392ce">
      <Execution id="8932af61-7c46-4c3f-8150-a27fee36885b" />
      <TestMethod codeBase="C:\Projekty\NUnitTestProject\bin\Debug\netcoreapp3.1\NUnitTestProject.dll" adapterTypeName="executor://nunit3testexecutor/" className="NUnitTestProject.CurrencyHelperTests" name="FormatToStringTest1000(30031.89550569323d,&quot;30031.90 zł&quot;)" />
    </UnitTest>
    <UnitTest name="FormatToStringTest1000(11989.099505855282d,&quot;11989.10 zł&quot;)" storage="c:\projekty\nunittestproject\bin\debug\netcoreapp3.1\nunittestproject.dll" id="837c6681-7a11-fda1-e2c1-66903c24de53">
      <Execution id="d9440a86-8a54-4fad-be55-d6f321ff8dd6" />
      <TestMethod codeBase="C:\Projekty\NUnitTestProject\bin\Debug\netcoreapp3.1\NUnitTestProject.dll" adapterTypeName="executor://nunit3testexecutor/" className="NUnitTestProject.CurrencyHelperTests" name="FormatToStringTest1000(11989.099505855282d,&quot;11989.10 zł&quot;)" />
    </UnitTest>
    <UnitTest name="FormatToStringTest1000(27794.8671353957d,&quot;27794.87 zł&quot;)" storage="c:\projekty\nunittestproject\bin\debug\netcoreapp3.1\nunittestproject.dll" id="c1a27935-5451-ecaa-f0f8-7b140e2bc422">
      <Execution id="06159006-6c2a-4c31-a49e-d0576a6064af" />
      <TestMethod codeBase="C:\Projekty\NUnitTestProject\bin\Debug\netcoreapp3.1\NUnitTestProject.dll" adapterTypeName="executor://nunit3testexecutor/" className="NUnitTestProject.CurrencyHelperTests" name="FormatToStringTest1000(27794.8671353957d,&quot;27794.87 zł&quot;)" />
    </UnitTest>
    <UnitTest name="FormatToStringTest1000(28579.14698705503d,&quot;28579.15 zł&quot;)" storage="c:\projekty\nunittestproject\bin\debug\netcoreapp3.1\nunittestproject.dll" id="2fd4fb21-86aa-48b4-d55c-838ac3bda4eb">
      <Execution id="d32a9689-3b6e-468f-84ec-5da4c712a46c" />
      <TestMethod codeBase="C:\Projekty\NUnitTestProject\bin\Debug\netcoreapp3.1\NUnitTestProject.dll" adapterTypeName="executor://nunit3testexecutor/" className="NUnitTestProject.CurrencyHelperTests" name="FormatToStringTest1000(28579.14698705503d,&quot;28579.15 zł&quot;)" />
    </UnitTest>
    <UnitTest name="FormatToStringTest1000(66764.31690498316d,&quot;66764.32 zł&quot;)" storage="c:\projekty\nunittestproject\bin\debug\netcoreapp3.1\nunittestproject.dll" id="ebfb6fa8-ee3c-3dd3-7dbb-2004376b7edb">
      <Execution id="a280a273-a1da-470a-8bc2-fba08110e5cd" />
      <TestMethod codeBase="C:\Projekty\NUnitTestProject\bin\Debug\netcoreapp3.1\NUnitTestProject.dll" adapterTypeName="executor://nunit3testexecutor/" className="NUnitTestProject.CurrencyHelperTests" name="FormatToStringTest1000(66764.31690498316d,&quot;66764.32 zł&quot;)" />
    </UnitTest>
    <UnitTest name="FormatToStringTest1000(48449.85582609189d,&quot;48449.86 zł&quot;)" storage="c:\projekty\nunittestproject\bin\debug\netcoreapp3.1\nunittestproject.dll" id="f4a21ccd-5b4f-d613-e7b9-440db30d38e4">
      <Execution id="0c2be9e4-1bb2-48c9-ad2e-33a9ca04fc55" />
      <TestMethod codeBase="C:\Projekty\NUnitTestProject\bin\Debug\netcoreapp3.1\NUnitTestProject.dll" adapterTypeName="executor://nunit3testexecutor/" className="NUnitTestProject.CurrencyHelperTests" name="FormatToStringTest1000(48449.85582609189d,&quot;48449.86 zł&quot;)" />
    </UnitTest>
    <UnitTest name="FormatToStringTest1000(7348.947429818543d,&quot;7348.95 zł&quot;)" storage="c:\projekty\nunittestproject\bin\debug\netcoreapp3.1\nunittestproject.dll" id="f995d454-4ebf-d775-1609-24b3016af07c">
      <Execution id="735f6419-c5f0-449d-a685-1689ccedbfef" />
      <TestMethod codeBase="C:\Projekty\NUnitTestProject\bin\Debug\netcoreapp3.1\NUnitTestProject.dll" adapterTypeName="executor://nunit3testexecutor/" className="NUnitTestProject.CurrencyHelperTests" name="FormatToStringTest1000(7348.947429818543d,&quot;7348.95 zł&quot;)" />
    </UnitTest>
    <UnitTest name="FormatToStringTest1000(6864.093052674129d,&quot;6864.09 zł&quot;)" storage="c:\projekty\nunittestproject\bin\debug\netcoreapp3.1\nunittestproject.dll" id="b700fa6d-df15-3228-9006-81a0fe0edb31">
      <Execution id="02de40d1-5eab-4689-9682-baefbfea42f1" />
      <TestMethod codeBase="C:\Projekty\NUnitTestProject\bin\Debug\netcoreapp3.1\NUnitTestProject.dll" adapterTypeName="executor://nunit3testexecutor/" className="NUnitTestProject.CurrencyHelperTests" name="FormatToStringTest1000(6864.093052674129d,&quot;6864.09 zł&quot;)" />
    </UnitTest>
    <UnitTest name="FormatToStringTest1000(55457.96873490278d,&quot;55457.97 zł&quot;)" storage="c:\projekty\nunittestproject\bin\debug\netcoreapp3.1\nunittestproject.dll" id="adedbc1e-8d02-07f8-2158-2d31b0c1df72">
      <Execution id="b74d74a0-d484-4843-af9d-c64720e22e8a" />
      <TestMethod codeBase="C:\Projekty\NUnitTestProject\bin\Debug\netcoreapp3.1\NUnitTestProject.dll" adapterTypeName="executor://nunit3testexecutor/" className="NUnitTestProject.CurrencyHelperTests" name="FormatToStringTest1000(55457.96873490278d,&quot;55457.97 zł&quot;)" />
    </UnitTest>
    <UnitTest name="FormatToStringTest1000(32732.81915128502d,&quot;32732.82 zł&quot;)" storage="c:\projekty\nunittestproject\bin\debug\netcoreapp3.1\nunittestproject.dll" id="72246d42-3df4-5454-c0c9-cf24737deb1a">
      <Execution id="f190a29b-2595-400c-b2f9-08cf0a3c6c50" />
      <TestMethod codeBase="C:\Projekty\NUnitTestProject\bin\Debug\netcoreapp3.1\NUnitTestProject.dll" adapterTypeName="executor://nunit3testexecutor/" className="NUnitTestProject.CurrencyHelperTests" name="FormatToStringTest1000(32732.81915128502d,&quot;32732.82 zł&quot;)" />
    </UnitTest>
    <UnitTest name="FormatToStringTest1000(38904.87092920806d,&quot;38904.87 zł&quot;)" storage="c:\projekty\nunittestproject\bin\debug\netcoreapp3.1\nunittestproject.dll" id="0cdea9b8-a5e3-2983-1ccb-d986de17659d">
      <Execution id="b89cdde0-fda0-42d4-8b4f-94d5dd09c99b" />
      <TestMethod codeBase="C:\Projekty\NUnitTestProject\bin\Debug\netcoreapp3.1\NUnitTestProject.dll" adapterTypeName="executor://nunit3testexecutor/" className="NUnitTestProject.CurrencyHelperTests" name="FormatToStringTest1000(38904.87092920806d,&quot;38904.87 zł&quot;)" />
    </UnitTest>
    <UnitTest name="FormatToStringTest1000(38614.292320713066d,&quot;38614.29 zł&quot;)" storage="c:\projekty\nunittestproject\bin\debug\netcoreapp3.1\nunittestproject.dll" id="199abf60-5b5b-94b6-b04f-a3e4d911fd34">
      <Execution id="0fe25ab8-9065-49c3-842c-229113718784" />
      <TestMethod codeBase="C:\Projekty\NUnitTestProject\bin\Debug\netcoreapp3.1\NUnitTestProject.dll" adapterTypeName="executor://nunit3testexecutor/" className="NUnitTestProject.CurrencyHelperTests" name="FormatToStringTest1000(38614.292320713066d,&quot;38614.29 zł&quot;)" />
    </UnitTest>
    <UnitTest name="FormatToStringTest1000(31340.79231238914d,&quot;31340.79 zł&quot;)" storage="c:\projekty\nunittestproject\bin\debug\netcoreapp3.1\nunittestproject.dll" id="513b5d8b-983e-b793-a988-3659c0ad4956">
      <Execution id="69594272-82d2-49cb-aed8-902d9189248e" />
      <TestMethod codeBase="C:\Projekty\NUnitTestProject\bin\Debug\netcoreapp3.1\NUnitTestProject.dll" adapterTypeName="executor://nunit3testexecutor/" className="NUnitTestProject.CurrencyHelperTests" name="FormatToStringTest1000(31340.79231238914d,&quot;31340.79 zł&quot;)" />
    </UnitTest>
    <UnitTest name="FormatToStringTest1000(13453.429998117233d,&quot;13453.43 zł&quot;)" storage="c:\projekty\nunittestproject\bin\debug\netcoreapp3.1\nunittestproject.dll" id="a3a785ff-5f15-1809-0327-13b742192f57">
      <Execution id="da6f8d55-5d74-4529-b2e2-a92c8ea85a79" />
      <TestMethod codeBase="C:\Projekty\NUnitTestProject\bin\Debug\netcoreapp3.1\NUnitTestProject.dll" adapterTypeName="executor://nunit3testexecutor/" className="NUnitTestProject.CurrencyHelperTests" name="FormatToStringTest1000(13453.429998117233d,&quot;13453.43 zł&quot;)" />
    </UnitTest>
    <UnitTest name="FormatToStringTest1000(21961.272673999552d,&quot;21961.27 zł&quot;)" storage="c:\projekty\nunittestproject\bin\debug\netcoreapp3.1\nunittestproject.dll" id="7265e4fd-f7ba-8572-e525-8b365c7360c6">
      <Execution id="2884d584-9541-4303-9258-6395e38d3129" />
      <TestMethod codeBase="C:\Projekty\NUnitTestProject\bin\Debug\netcoreapp3.1\NUnitTestProject.dll" adapterTypeName="executor://nunit3testexecutor/" className="NUnitTestProject.CurrencyHelperTests" name="FormatToStringTest1000(21961.272673999552d,&quot;21961.27 zł&quot;)" />
    </UnitTest>
    <UnitTest name="FormatToStringTest1000(27852.532163303127d,&quot;27852.53 zł&quot;)" storage="c:\projekty\nunittestproject\bin\debug\netcoreapp3.1\nunittestproject.dll" id="32711e52-56ae-2f9f-7aac-180402232486">
      <Execution id="37101ecf-7792-4357-abb8-445703ff6a90" />
      <TestMethod codeBase="C:\Projekty\NUnitTestProject\bin\Debug\netcoreapp3.1\NUnitTestProject.dll" adapterTypeName="executor://nunit3testexecutor/" className="NUnitTestProject.CurrencyHelperTests" name="FormatToStringTest1000(27852.532163303127d,&quot;27852.53 zł&quot;)" />
    </UnitTest>
    <UnitTest name="FormatToStringTest1000(29845.02749849345d,&quot;29845.03 zł&quot;)" storage="c:\projekty\nunittestproject\bin\debug\netcoreapp3.1\nunittestproject.dll" id="ddcae2eb-b1a6-813a-a49c-5333a490205e">
      <Execution id="fa1342d2-9db1-45b9-add0-40ee31e97060" />
      <TestMethod codeBase="C:\Projekty\NUnitTestProject\bin\Debug\netcoreapp3.1\NUnitTestProject.dll" adapterTypeName="executor://nunit3testexecutor/" className="NUnitTestProject.CurrencyHelperTests" name="FormatToStringTest1000(29845.02749849345d,&quot;29845.03 zł&quot;)" />
    </UnitTest>
    <UnitTest name="FormatToStringTest1000(73151.83675918348d,&quot;73151.84 zł&quot;)" storage="c:\projekty\nunittestproject\bin\debug\netcoreapp3.1\nunittestproject.dll" id="3ec04580-c747-9bc8-6ea0-e87ec6ca04ad">
      <Execution id="d527f803-291d-48ed-90cf-ec9364f89ffc" />
      <TestMethod codeBase="C:\Projekty\NUnitTestProject\bin\Debug\netcoreapp3.1\NUnitTestProject.dll" adapterTypeName="executor://nunit3testexecutor/" className="NUnitTestProject.CurrencyHelperTests" name="FormatToStringTest1000(73151.83675918348d,&quot;73151.84 zł&quot;)" />
    </UnitTest>
    <UnitTest name="FormatToStringTest1000(6820.105136090938d,&quot;6820.11 zł&quot;)" storage="c:\projekty\nunittestproject\bin\debug\netcoreapp3.1\nunittestproject.dll" id="c799afbc-d101-a624-f73a-4e94981b0f2a">
      <Execution id="f698fdb3-7ade-4132-a25b-d61e097fb81e" />
      <TestMethod codeBase="C:\Projekty\NUnitTestProject\bin\Debug\netcoreapp3.1\NUnitTestProject.dll" adapterTypeName="executor://nunit3testexecutor/" className="NUnitTestProject.CurrencyHelperTests" name="FormatToStringTest1000(6820.105136090938d,&quot;6820.11 zł&quot;)" />
    </UnitTest>
    <UnitTest name="FormatToStringTest1000(52888.48934243642d,&quot;52888.49 zł&quot;)" storage="c:\projekty\nunittestproject\bin\debug\netcoreapp3.1\nunittestproject.dll" id="b8d38453-fb40-0cfb-4e20-39c788746328">
      <Execution id="6602f923-ac7e-4df6-a975-bec3abcf087e" />
      <TestMethod codeBase="C:\Projekty\NUnitTestProject\bin\Debug\netcoreapp3.1\NUnitTestProject.dll" adapterTypeName="executor://nunit3testexecutor/" className="NUnitTestProject.CurrencyHelperTests" name="FormatToStringTest1000(52888.48934243642d,&quot;52888.49 zł&quot;)" />
    </UnitTest>
    <UnitTest name="FormatToStringTest1000(66541.05112730109d,&quot;66541.05 zł&quot;)" storage="c:\projekty\nunittestproject\bin\debug\netcoreapp3.1\nunittestproject.dll" id="a1148d07-bacb-7b60-5bda-bc014fb00c20">
      <Execution id="445a4383-c550-43b7-8682-e7330fd9a768" />
      <TestMethod codeBase="C:\Projekty\NUnitTestProject\bin\Debug\netcoreapp3.1\NUnitTestProject.dll" adapterTypeName="executor://nunit3testexecutor/" className="NUnitTestProject.CurrencyHelperTests" name="FormatToStringTest1000(66541.05112730109d,&quot;66541.05 zł&quot;)" />
    </UnitTest>
    <UnitTest name="FormatToStringTest1000(54275.73209373408d,&quot;54275.73 zł&quot;)" storage="c:\projekty\nunittestproject\bin\debug\netcoreapp3.1\nunittestproject.dll" id="4cc9a860-8c52-40a5-a7c1-0a80270c71a6">
      <Execution id="e7f28341-f50d-4b4c-8149-6a390ddd19c7" />
      <TestMethod codeBase="C:\Projekty\NUnitTestProject\bin\Debug\netcoreapp3.1\NUnitTestProject.dll" adapterTypeName="executor://nunit3testexecutor/" className="NUnitTestProject.CurrencyHelperTests" name="FormatToStringTest1000(54275.73209373408d,&quot;54275.73 zł&quot;)" />
    </UnitTest>
    <UnitTest name="FormatToStringTest1000(28192.949128067565d,&quot;28192.95 zł&quot;)" storage="c:\projekty\nunittestproject\bin\debug\netcoreapp3.1\nunittestproject.dll" id="4b09d9c5-8012-6286-2d8c-2f6f560e7a3d">
      <Execution id="187c74cb-9140-48ac-825c-4da39d7d5cc9" />
      <TestMethod codeBase="C:\Projekty\NUnitTestProject\bin\Debug\netcoreapp3.1\NUnitTestProject.dll" adapterTypeName="executor://nunit3testexecutor/" className="NUnitTestProject.CurrencyHelperTests" name="FormatToStringTest1000(28192.949128067565d,&quot;28192.95 zł&quot;)" />
    </UnitTest>
    <UnitTest name="FormatToStringTest1000(24570.65594858893d,&quot;24570.66 zł&quot;)" storage="c:\projekty\nunittestproject\bin\debug\netcoreapp3.1\nunittestproject.dll" id="a2988576-488b-e6d4-a498-af48b96efbdb">
      <Execution id="e082913a-2be5-4401-b9e9-f66ded80ae27" />
      <TestMethod codeBase="C:\Projekty\NUnitTestProject\bin\Debug\netcoreapp3.1\NUnitTestProject.dll" adapterTypeName="executor://nunit3testexecutor/" className="NUnitTestProject.CurrencyHelperTests" name="FormatToStringTest1000(24570.65594858893d,&quot;24570.66 zł&quot;)" />
    </UnitTest>
    <UnitTest name="FormatToStringTest1000(14218.204344010543d,&quot;14218.20 zł&quot;)" storage="c:\projekty\nunittestproject\bin\debug\netcoreapp3.1\nunittestproject.dll" id="6e94a57e-5259-7bdc-f138-c47a49ede1a1">
      <Execution id="d0b6c4ce-9283-4f91-a0d4-fd99f568a1ea" />
      <TestMethod codeBase="C:\Projekty\NUnitTestProject\bin\Debug\netcoreapp3.1\NUnitTestProject.dll" adapterTypeName="executor://nunit3testexecutor/" className="NUnitTestProject.CurrencyHelperTests" name="FormatToStringTest1000(14218.204344010543d,&quot;14218.20 zł&quot;)" />
    </UnitTest>
    <UnitTest name="FormatToStringTest1000(35145.379208063416d,&quot;35145.38 zł&quot;)" storage="c:\projekty\nunittestproject\bin\debug\netcoreapp3.1\nunittestproject.dll" id="216fae5e-208d-f8b3-f0d1-bbf3d8af265f">
      <Execution id="22f2785b-9820-4583-bf32-33b3c872946c" />
      <TestMethod codeBase="C:\Projekty\NUnitTestProject\bin\Debug\netcoreapp3.1\NUnitTestProject.dll" adapterTypeName="executor://nunit3testexecutor/" className="NUnitTestProject.CurrencyHelperTests" name="FormatToStringTest1000(35145.379208063416d,&quot;35145.38 zł&quot;)" />
    </UnitTest>
    <UnitTest name="FormatToStringTest1000(4636.500544966897d,&quot;4636.50 zł&quot;)" storage="c:\projekty\nunittestproject\bin\debug\netcoreapp3.1\nunittestproject.dll" id="3a61649c-91c3-4f1a-8a11-3480d7ff1651">
      <Execution id="6939f08c-6c15-4cb0-a8f9-ed4f3954788c" />
      <TestMethod codeBase="C:\Projekty\NUnitTestProject\bin\Debug\netcoreapp3.1\NUnitTestProject.dll" adapterTypeName="executor://nunit3testexecutor/" className="NUnitTestProject.CurrencyHelperTests" name="FormatToStringTest1000(4636.500544966897d,&quot;4636.50 zł&quot;)" />
    </UnitTest>
    <UnitTest name="FormatToStringTest1000(55782.67998761762d,&quot;55782.68 zł&quot;)" storage="c:\projekty\nunittestproject\bin\debug\netcoreapp3.1\nunittestproject.dll" id="255f4f6e-1bfc-cdd8-fb29-a1f4f034b89a">
      <Execution id="e3bdc94f-6925-4bea-bb42-ae66e3869fc6" />
      <TestMethod codeBase="C:\Projekty\NUnitTestProject\bin\Debug\netcoreapp3.1\NUnitTestProject.dll" adapterTypeName="executor://nunit3testexecutor/" className="NUnitTestProject.CurrencyHelperTests" name="FormatToStringTest1000(55782.67998761762d,&quot;55782.68 zł&quot;)" />
    </UnitTest>
    <UnitTest name="FormatToStringTest1000(9897.705953436767d,&quot;9897.71 zł&quot;)" storage="c:\projekty\nunittestproject\bin\debug\netcoreapp3.1\nunittestproject.dll" id="db065917-a97a-fe61-77a4-bb6c5d5457d5">
      <Execution id="dde58443-1c01-41fb-a695-1fcc40a0af4f" />
      <TestMethod codeBase="C:\Projekty\NUnitTestProject\bin\Debug\netcoreapp3.1\NUnitTestProject.dll" adapterTypeName="executor://nunit3testexecutor/" className="NUnitTestProject.CurrencyHelperTests" name="FormatToStringTest1000(9897.705953436767d,&quot;9897.71 zł&quot;)" />
    </UnitTest>
    <UnitTest name="FormatToStringTest1000(11157.981051815665d,&quot;11157.98 zł&quot;)" storage="c:\projekty\nunittestproject\bin\debug\netcoreapp3.1\nunittestproject.dll" id="b972bb3a-6c4e-4339-3ada-7c478c5f6ecf">
      <Execution id="04fa83bb-2e9a-4ae2-8a58-25e7a7dec43d" />
      <TestMethod codeBase="C:\Projekty\NUnitTestProject\bin\Debug\netcoreapp3.1\NUnitTestProject.dll" adapterTypeName="executor://nunit3testexecutor/" className="NUnitTestProject.CurrencyHelperTests" name="FormatToStringTest1000(11157.981051815665d,&quot;11157.98 zł&quot;)" />
    </UnitTest>
    <UnitTest name="FormatToStringTest1000(30071.004434484523d,&quot;30071.00 zł&quot;)" storage="c:\projekty\nunittestproject\bin\debug\netcoreapp3.1\nunittestproject.dll" id="afd0d33f-f4d8-2831-3613-5b41efd13c3b">
      <Execution id="bc95be33-e9ce-4755-bd58-6624965294b0" />
      <TestMethod codeBase="C:\Projekty\NUnitTestProject\bin\Debug\netcoreapp3.1\NUnitTestProject.dll" adapterTypeName="executor://nunit3testexecutor/" className="NUnitTestProject.CurrencyHelperTests" name="FormatToStringTest1000(30071.004434484523d,&quot;30071.00 zł&quot;)" />
    </UnitTest>
    <UnitTest name="FormatToStringTest1000(6809.40195803037d,&quot;6809.40 zł&quot;)" storage="c:\projekty\nunittestproject\bin\debug\netcoreapp3.1\nunittestproject.dll" id="e88588cc-8ef9-e4ad-51dd-2a16e11570f5">
      <Execution id="35e92c01-fd30-40c5-a6b8-44b823035436" />
      <TestMethod codeBase="C:\Projekty\NUnitTestProject\bin\Debug\netcoreapp3.1\NUnitTestProject.dll" adapterTypeName="executor://nunit3testexecutor/" className="NUnitTestProject.CurrencyHelperTests" name="FormatToStringTest1000(6809.40195803037d,&quot;6809.40 zł&quot;)" />
    </UnitTest>
    <UnitTest name="FormatToStringTest1000(45035.160883881224d,&quot;45035.16 zł&quot;)" storage="c:\projekty\nunittestproject\bin\debug\netcoreapp3.1\nunittestproject.dll" id="cf776b29-1018-5167-38d5-0aac7593edc5">
      <Execution id="179859ad-8e87-40ee-bf13-ed0911a17800" />
      <TestMethod codeBase="C:\Projekty\NUnitTestProject\bin\Debug\netcoreapp3.1\NUnitTestProject.dll" adapterTypeName="executor://nunit3testexecutor/" className="NUnitTestProject.CurrencyHelperTests" name="FormatToStringTest1000(45035.160883881224d,&quot;45035.16 zł&quot;)" />
    </UnitTest>
    <UnitTest name="FormatToStringTest1000(21221.884746198488d,&quot;21221.88 zł&quot;)" storage="c:\projekty\nunittestproject\bin\debug\netcoreapp3.1\nunittestproject.dll" id="78845691-c87f-d12e-20f9-3035745796be">
      <Execution id="67f877bc-692b-44a6-b870-7a0d7c5b09d5" />
      <TestMethod codeBase="C:\Projekty\NUnitTestProject\bin\Debug\netcoreapp3.1\NUnitTestProject.dll" adapterTypeName="executor://nunit3testexecutor/" className="NUnitTestProject.CurrencyHelperTests" name="FormatToStringTest1000(21221.884746198488d,&quot;21221.88 zł&quot;)" />
    </UnitTest>
    <UnitTest name="FormatToStringTest1000(28298.945361683585d,&quot;28298.95 zł&quot;)" storage="c:\projekty\nunittestproject\bin\debug\netcoreapp3.1\nunittestproject.dll" id="bb7e4fc8-2bb1-dbaf-8cdd-5d93ef915f61">
      <Execution id="b5fd7ba6-07f8-4bc7-be49-9682dce81014" />
      <TestMethod codeBase="C:\Projekty\NUnitTestProject\bin\Debug\netcoreapp3.1\NUnitTestProject.dll" adapterTypeName="executor://nunit3testexecutor/" className="NUnitTestProject.CurrencyHelperTests" name="FormatToStringTest1000(28298.945361683585d,&quot;28298.95 zł&quot;)" />
    </UnitTest>
    <UnitTest name="FormatToStringTest1000(19603.69286519321d,&quot;19603.69 zł&quot;)" storage="c:\projekty\nunittestproject\bin\debug\netcoreapp3.1\nunittestproject.dll" id="d80dabd7-8e57-8764-d48e-5c692bf0e881">
      <Execution id="db9b6ae8-66b0-49a7-8eea-a22b571e777e" />
      <TestMethod codeBase="C:\Projekty\NUnitTestProject\bin\Debug\netcoreapp3.1\NUnitTestProject.dll" adapterTypeName="executor://nunit3testexecutor/" className="NUnitTestProject.CurrencyHelperTests" name="FormatToStringTest1000(19603.69286519321d,&quot;19603.69 zł&quot;)" />
    </UnitTest>
    <UnitTest name="FormatToStringTest1000(16957.4523676757d,&quot;16957.45 zł&quot;)" storage="c:\projekty\nunittestproject\bin\debug\netcoreapp3.1\nunittestproject.dll" id="6429e0d9-dcee-fed4-29f3-6b39686056fc">
      <Execution id="73f1e966-7c93-4d46-b5d7-c91a635ebe4c" />
      <TestMethod codeBase="C:\Projekty\NUnitTestProject\bin\Debug\netcoreapp3.1\NUnitTestProject.dll" adapterTypeName="executor://nunit3testexecutor/" className="NUnitTestProject.CurrencyHelperTests" name="FormatToStringTest1000(16957.4523676757d,&quot;16957.45 zł&quot;)" />
    </UnitTest>
    <UnitTest name="FormatToStringTest1000(2963.24443391815d,&quot;2963.24 zł&quot;)" storage="c:\projekty\nunittestproject\bin\debug\netcoreapp3.1\nunittestproject.dll" id="a50649ef-585c-8158-fd90-9ac54f51f860">
      <Execution id="1e0ace76-78a5-4403-b6f9-d401893fd1f6" />
      <TestMethod codeBase="C:\Projekty\NUnitTestProject\bin\Debug\netcoreapp3.1\NUnitTestProject.dll" adapterTypeName="executor://nunit3testexecutor/" className="NUnitTestProject.CurrencyHelperTests" name="FormatToStringTest1000(2963.24443391815d,&quot;2963.24 zł&quot;)" />
    </UnitTest>
    <UnitTest name="FormatToStringTest1000(964.9678631783313d,&quot;964.97 zł&quot;)" storage="c:\projekty\nunittestproject\bin\debug\netcoreapp3.1\nunittestproject.dll" id="1640b6a1-03c2-f3db-49e3-38921c8dee24">
      <Execution id="b9a714a7-4eca-4973-80b9-607a6a291846" />
      <TestMethod codeBase="C:\Projekty\NUnitTestProject\bin\Debug\netcoreapp3.1\NUnitTestProject.dll" adapterTypeName="executor://nunit3testexecutor/" className="NUnitTestProject.CurrencyHelperTests" name="FormatToStringTest1000(964.9678631783313d,&quot;964.97 zł&quot;)" />
    </UnitTest>
    <UnitTest name="FormatToStringTest1000(19609.759296997803d,&quot;19609.76 zł&quot;)" storage="c:\projekty\nunittestproject\bin\debug\netcoreapp3.1\nunittestproject.dll" id="eb2e7461-d939-c702-00f6-a6f4037fdc3f">
      <Execution id="749060fb-65a2-4d36-abcb-88afb4eb3df3" />
      <TestMethod codeBase="C:\Projekty\NUnitTestProject\bin\Debug\netcoreapp3.1\NUnitTestProject.dll" adapterTypeName="executor://nunit3testexecutor/" className="NUnitTestProject.CurrencyHelperTests" name="FormatToStringTest1000(19609.759296997803d,&quot;19609.76 zł&quot;)" />
    </UnitTest>
    <UnitTest name="FormatToStringTest1000(11494.27761332238d,&quot;11494.28 zł&quot;)" storage="c:\projekty\nunittestproject\bin\debug\netcoreapp3.1\nunittestproject.dll" id="7ae5fdac-2c37-dafa-ea81-102d467ed88a">
      <Execution id="42ba277f-8e6a-4194-b7c4-14f420e0f953" />
      <TestMethod codeBase="C:\Projekty\NUnitTestProject\bin\Debug\netcoreapp3.1\NUnitTestProject.dll" adapterTypeName="executor://nunit3testexecutor/" className="NUnitTestProject.CurrencyHelperTests" name="FormatToStringTest1000(11494.27761332238d,&quot;11494.28 zł&quot;)" />
    </UnitTest>
    <UnitTest name="FormatToStringTest1000(3649.9254912836127d,&quot;3649.93 zł&quot;)" storage="c:\projekty\nunittestproject\bin\debug\netcoreapp3.1\nunittestproject.dll" id="d8dcd89f-df1d-9e50-f8f8-844883603fea">
      <Execution id="a78badb0-d264-4828-ac76-d6f704b39f70" />
      <TestMethod codeBase="C:\Projekty\NUnitTestProject\bin\Debug\netcoreapp3.1\NUnitTestProject.dll" adapterTypeName="executor://nunit3testexecutor/" className="NUnitTestProject.CurrencyHelperTests" name="FormatToStringTest1000(3649.9254912836127d,&quot;3649.93 zł&quot;)" />
    </UnitTest>
    <UnitTest name="FormatToStringTest1000(38640.62766693003d,&quot;38640.63 zł&quot;)" storage="c:\projekty\nunittestproject\bin\debug\netcoreapp3.1\nunittestproject.dll" id="f574d6b5-d94c-508a-c127-7bce3d4f82e8">
      <Execution id="2f3f2b1d-33d5-4f24-a8ae-9b889ec04138" />
      <TestMethod codeBase="C:\Projekty\NUnitTestProject\bin\Debug\netcoreapp3.1\NUnitTestProject.dll" adapterTypeName="executor://nunit3testexecutor/" className="NUnitTestProject.CurrencyHelperTests" name="FormatToStringTest1000(38640.62766693003d,&quot;38640.63 zł&quot;)" />
    </UnitTest>
    <UnitTest name="FormatToStringTest1000(10370.0107542784d,&quot;10370.01 zł&quot;)" storage="c:\projekty\nunittestproject\bin\debug\netcoreapp3.1\nunittestproject.dll" id="5217a55b-523e-bb6a-47cc-7fbf0bc01c96">
      <Execution id="53c3f598-965e-4240-be13-552ae3edbadc" />
      <TestMethod codeBase="C:\Projekty\NUnitTestProject\bin\Debug\netcoreapp3.1\NUnitTestProject.dll" adapterTypeName="executor://nunit3testexecutor/" className="NUnitTestProject.CurrencyHelperTests" name="FormatToStringTest1000(10370.0107542784d,&quot;10370.01 zł&quot;)" />
    </UnitTest>
    <UnitTest name="FormatToStringTest1000(29926.595417457444d,&quot;29926.60 zł&quot;)" storage="c:\projekty\nunittestproject\bin\debug\netcoreapp3.1\nunittestproject.dll" id="60e1884b-abd9-92c1-f58c-08f7b4b4de40">
      <Execution id="a5139f3b-9263-42b4-b1bf-c3f9cfae36fe" />
      <TestMethod codeBase="C:\Projekty\NUnitTestProject\bin\Debug\netcoreapp3.1\NUnitTestProject.dll" adapterTypeName="executor://nunit3testexecutor/" className="NUnitTestProject.CurrencyHelperTests" name="FormatToStringTest1000(29926.595417457444d,&quot;29926.60 zł&quot;)" />
    </UnitTest>
    <UnitTest name="FormatToStringTest1000(50664.01951024869d,&quot;50664.02 zł&quot;)" storage="c:\projekty\nunittestproject\bin\debug\netcoreapp3.1\nunittestproject.dll" id="c57a980e-ffcc-5e16-6a31-18fd8b909caa">
      <Execution id="95c7a2a1-8468-4ac2-8eaa-8e51c1d76ef1" />
      <TestMethod codeBase="C:\Projekty\NUnitTestProject\bin\Debug\netcoreapp3.1\NUnitTestProject.dll" adapterTypeName="executor://nunit3testexecutor/" className="NUnitTestProject.CurrencyHelperTests" name="FormatToStringTest1000(50664.01951024869d,&quot;50664.02 zł&quot;)" />
    </UnitTest>
    <UnitTest name="FormatToStringTest1000(1751.1734380625066d,&quot;1751.17 zł&quot;)" storage="c:\projekty\nunittestproject\bin\debug\netcoreapp3.1\nunittestproject.dll" id="774aeb04-879b-a97c-c411-6c8ce34f4ab0">
      <Execution id="3f787923-dd7b-4379-a4d6-5f400ef999df" />
      <TestMethod codeBase="C:\Projekty\NUnitTestProject\bin\Debug\netcoreapp3.1\NUnitTestProject.dll" adapterTypeName="executor://nunit3testexecutor/" className="NUnitTestProject.CurrencyHelperTests" name="FormatToStringTest1000(1751.1734380625066d,&quot;1751.17 zł&quot;)" />
    </UnitTest>
    <UnitTest name="FormatToStringTest1000(17875.613377604455d,&quot;17875.61 zł&quot;)" storage="c:\projekty\nunittestproject\bin\debug\netcoreapp3.1\nunittestproject.dll" id="0f966d17-36c6-657f-5b98-8b83226f1489">
      <Execution id="01f2ffce-2740-4aba-971f-188c5e383c2c" />
      <TestMethod codeBase="C:\Projekty\NUnitTestProject\bin\Debug\netcoreapp3.1\NUnitTestProject.dll" adapterTypeName="executor://nunit3testexecutor/" className="NUnitTestProject.CurrencyHelperTests" name="FormatToStringTest1000(17875.613377604455d,&quot;17875.61 zł&quot;)" />
    </UnitTest>
    <UnitTest name="FormatToStringTest1000(28033.439084134738d,&quot;28033.44 zł&quot;)" storage="c:\projekty\nunittestproject\bin\debug\netcoreapp3.1\nunittestproject.dll" id="e77ca75b-19ba-059d-05cd-1ebb08034f74">
      <Execution id="9b3073cc-eca4-4d40-9317-3b85a26ac323" />
      <TestMethod codeBase="C:\Projekty\NUnitTestProject\bin\Debug\netcoreapp3.1\NUnitTestProject.dll" adapterTypeName="executor://nunit3testexecutor/" className="NUnitTestProject.CurrencyHelperTests" name="FormatToStringTest1000(28033.439084134738d,&quot;28033.44 zł&quot;)" />
    </UnitTest>
    <UnitTest name="FormatToStringTest1000(50991.22189691114d,&quot;50991.22 zł&quot;)" storage="c:\projekty\nunittestproject\bin\debug\netcoreapp3.1\nunittestproject.dll" id="dfaddf73-e2fe-692a-95cb-e0210649fd35">
      <Execution id="33261314-771d-43e3-80c4-14730ababda5" />
      <TestMethod codeBase="C:\Projekty\NUnitTestProject\bin\Debug\netcoreapp3.1\NUnitTestProject.dll" adapterTypeName="executor://nunit3testexecutor/" className="NUnitTestProject.CurrencyHelperTests" name="FormatToStringTest1000(50991.22189691114d,&quot;50991.22 zł&quot;)" />
    </UnitTest>
    <UnitTest name="FormatToStringTest1000(43727.735558145556d,&quot;43727.74 zł&quot;)" storage="c:\projekty\nunittestproject\bin\debug\netcoreapp3.1\nunittestproject.dll" id="12383f93-d6c8-4041-5607-6e0714b305f6">
      <Execution id="49ebb1a2-c3c5-49cb-a8ef-8a40ed09b51b" />
      <TestMethod codeBase="C:\Projekty\NUnitTestProject\bin\Debug\netcoreapp3.1\NUnitTestProject.dll" adapterTypeName="executor://nunit3testexecutor/" className="NUnitTestProject.CurrencyHelperTests" name="FormatToStringTest1000(43727.735558145556d,&quot;43727.74 zł&quot;)" />
    </UnitTest>
    <UnitTest name="FormatToStringTest1000(9196.579612724754d,&quot;9196.58 zł&quot;)" storage="c:\projekty\nunittestproject\bin\debug\netcoreapp3.1\nunittestproject.dll" id="ba5b40c3-7100-1940-87d5-9af986ffebd2">
      <Execution id="b1747a8d-4f49-4f1a-be91-0ea2edd92ba3" />
      <TestMethod codeBase="C:\Projekty\NUnitTestProject\bin\Debug\netcoreapp3.1\NUnitTestProject.dll" adapterTypeName="executor://nunit3testexecutor/" className="NUnitTestProject.CurrencyHelperTests" name="FormatToStringTest1000(9196.579612724754d,&quot;9196.58 zł&quot;)" />
    </UnitTest>
    <UnitTest name="FormatToStringTest1000(31163.834562352316d,&quot;31163.83 zł&quot;)" storage="c:\projekty\nunittestproject\bin\debug\netcoreapp3.1\nunittestproject.dll" id="53f90dbe-f7ad-b0e7-04ef-fba16a107a6f">
      <Execution id="b0aee339-48df-4e7e-bb30-4d0e641c3c22" />
      <TestMethod codeBase="C:\Projekty\NUnitTestProject\bin\Debug\netcoreapp3.1\NUnitTestProject.dll" adapterTypeName="executor://nunit3testexecutor/" className="NUnitTestProject.CurrencyHelperTests" name="FormatToStringTest1000(31163.834562352316d,&quot;31163.83 zł&quot;)" />
    </UnitTest>
    <UnitTest name="FormatToStringTest1000(31799.68317462815d,&quot;31799.68 zł&quot;)" storage="c:\projekty\nunittestproject\bin\debug\netcoreapp3.1\nunittestproject.dll" id="ebee2a3c-e88d-7c65-2391-8d47991a3a48">
      <Execution id="7d4bfed6-b302-4113-9fbf-d67abfba7a1b" />
      <TestMethod codeBase="C:\Projekty\NUnitTestProject\bin\Debug\netcoreapp3.1\NUnitTestProject.dll" adapterTypeName="executor://nunit3testexecutor/" className="NUnitTestProject.CurrencyHelperTests" name="FormatToStringTest1000(31799.68317462815d,&quot;31799.68 zł&quot;)" />
    </UnitTest>
    <UnitTest name="FormatToStringTest1000(9928.477822322622d,&quot;9928.48 zł&quot;)" storage="c:\projekty\nunittestproject\bin\debug\netcoreapp3.1\nunittestproject.dll" id="dafbe950-e143-41f5-1a50-ea362a5aa5d4">
      <Execution id="15c34c08-d806-4ca5-9c11-0df42d899d23" />
      <TestMethod codeBase="C:\Projekty\NUnitTestProject\bin\Debug\netcoreapp3.1\NUnitTestProject.dll" adapterTypeName="executor://nunit3testexecutor/" className="NUnitTestProject.CurrencyHelperTests" name="FormatToStringTest1000(9928.477822322622d,&quot;9928.48 zł&quot;)" />
    </UnitTest>
    <UnitTest name="FormatToStringTest1000(10914.360814625099d,&quot;10914.36 zł&quot;)" storage="c:\projekty\nunittestproject\bin\debug\netcoreapp3.1\nunittestproject.dll" id="28ae16d9-787d-277c-8346-a2bcbe4da144">
      <Execution id="bd028b4f-353b-400e-be7c-b8d547b09b86" />
      <TestMethod codeBase="C:\Projekty\NUnitTestProject\bin\Debug\netcoreapp3.1\NUnitTestProject.dll" adapterTypeName="executor://nunit3testexecutor/" className="NUnitTestProject.CurrencyHelperTests" name="FormatToStringTest1000(10914.360814625099d,&quot;10914.36 zł&quot;)" />
    </UnitTest>
    <UnitTest name="FormatToStringTest1000(96.75594581512546d,&quot;96.76 zł&quot;)" storage="c:\projekty\nunittestproject\bin\debug\netcoreapp3.1\nunittestproject.dll" id="f557024d-69b9-3152-827e-4e57b8d0868d">
      <Execution id="2a89f46d-6329-4fbf-89ad-0c72efe9c87c" />
      <TestMethod codeBase="C:\Projekty\NUnitTestProject\bin\Debug\netcoreapp3.1\NUnitTestProject.dll" adapterTypeName="executor://nunit3testexecutor/" className="NUnitTestProject.CurrencyHelperTests" name="FormatToStringTest1000(96.75594581512546d,&quot;96.76 zł&quot;)" />
    </UnitTest>
    <UnitTest name="FormatToStringTest1000(14475.498583194567d,&quot;14475.50 zł&quot;)" storage="c:\projekty\nunittestproject\bin\debug\netcoreapp3.1\nunittestproject.dll" id="cd871e9d-7935-e907-4a89-0e7db877a7c7">
      <Execution id="45ab4f42-9138-4e96-96cb-cd9a811f4451" />
      <TestMethod codeBase="C:\Projekty\NUnitTestProject\bin\Debug\netcoreapp3.1\NUnitTestProject.dll" adapterTypeName="executor://nunit3testexecutor/" className="NUnitTestProject.CurrencyHelperTests" name="FormatToStringTest1000(14475.498583194567d,&quot;14475.50 zł&quot;)" />
    </UnitTest>
    <UnitTest name="FormatToStringTest1000(4105.490993980081d,&quot;4105.49 zł&quot;)" storage="c:\projekty\nunittestproject\bin\debug\netcoreapp3.1\nunittestproject.dll" id="c51581ef-f81a-dd7d-4cbf-75770d6a883f">
      <Execution id="17436753-bb4a-4d3c-9eb1-6ca50f352719" />
      <TestMethod codeBase="C:\Projekty\NUnitTestProject\bin\Debug\netcoreapp3.1\NUnitTestProject.dll" adapterTypeName="executor://nunit3testexecutor/" className="NUnitTestProject.CurrencyHelperTests" name="FormatToStringTest1000(4105.490993980081d,&quot;4105.49 zł&quot;)" />
    </UnitTest>
    <UnitTest name="FormatToStringTest1000(57671.67669738675d,&quot;57671.68 zł&quot;)" storage="c:\projekty\nunittestproject\bin\debug\netcoreapp3.1\nunittestproject.dll" id="04967881-3d44-4f25-5839-6dd3eae8bd89">
      <Execution id="c64f2f90-db54-48ba-a41e-a323f299fae8" />
      <TestMethod codeBase="C:\Projekty\NUnitTestProject\bin\Debug\netcoreapp3.1\NUnitTestProject.dll" adapterTypeName="executor://nunit3testexecutor/" className="NUnitTestProject.CurrencyHelperTests" name="FormatToStringTest1000(57671.67669738675d,&quot;57671.68 zł&quot;)" />
    </UnitTest>
    <UnitTest name="FormatToStringTest1000(9624.06628225188d,&quot;9624.07 zł&quot;)" storage="c:\projekty\nunittestproject\bin\debug\netcoreapp3.1\nunittestproject.dll" id="31ed7871-edfd-2633-6788-723019e7f3e1">
      <Execution id="a4f649b1-8645-4415-a764-b08ea2edca51" />
      <TestMethod codeBase="C:\Projekty\NUnitTestProject\bin\Debug\netcoreapp3.1\NUnitTestProject.dll" adapterTypeName="executor://nunit3testexecutor/" className="NUnitTestProject.CurrencyHelperTests" name="FormatToStringTest1000(9624.06628225188d,&quot;9624.07 zł&quot;)" />
    </UnitTest>
    <UnitTest name="FormatToStringTest1000(18786.954468002055d,&quot;18786.95 zł&quot;)" storage="c:\projekty\nunittestproject\bin\debug\netcoreapp3.1\nunittestproject.dll" id="527d41f4-ee35-aeed-39d2-777e78659af8">
      <Execution id="55a252cc-5c2b-4435-9d71-59de4a13b798" />
      <TestMethod codeBase="C:\Projekty\NUnitTestProject\bin\Debug\netcoreapp3.1\NUnitTestProject.dll" adapterTypeName="executor://nunit3testexecutor/" className="NUnitTestProject.CurrencyHelperTests" name="FormatToStringTest1000(18786.954468002055d,&quot;18786.95 zł&quot;)" />
    </UnitTest>
    <UnitTest name="FormatToStringTest1000(31300.40752580967d,&quot;31300.41 zł&quot;)" storage="c:\projekty\nunittestproject\bin\debug\netcoreapp3.1\nunittestproject.dll" id="03343bcc-4f24-4c8a-3ccc-51481d1ee303">
      <Execution id="a23d907b-ec2b-4ebe-820e-91bfc1cc408f" />
      <TestMethod codeBase="C:\Projekty\NUnitTestProject\bin\Debug\netcoreapp3.1\NUnitTestProject.dll" adapterTypeName="executor://nunit3testexecutor/" className="NUnitTestProject.CurrencyHelperTests" name="FormatToStringTest1000(31300.40752580967d,&quot;31300.41 zł&quot;)" />
    </UnitTest>
    <UnitTest name="FormatToStringTest1000(57181.240528605056d,&quot;57181.24 zł&quot;)" storage="c:\projekty\nunittestproject\bin\debug\netcoreapp3.1\nunittestproject.dll" id="20032a0f-2ee3-8893-1563-317bcc5ab61c">
      <Execution id="da158433-1e33-4e50-8d5d-2a18d584bee9" />
      <TestMethod codeBase="C:\Projekty\NUnitTestProject\bin\Debug\netcoreapp3.1\NUnitTestProject.dll" adapterTypeName="executor://nunit3testexecutor/" className="NUnitTestProject.CurrencyHelperTests" name="FormatToStringTest1000(57181.240528605056d,&quot;57181.24 zł&quot;)" />
    </UnitTest>
    <UnitTest name="FormatToStringTest1000(8499.121443388574d,&quot;8499.12 zł&quot;)" storage="c:\projekty\nunittestproject\bin\debug\netcoreapp3.1\nunittestproject.dll" id="114d6aa2-3c70-c374-d5cb-1675b6f9d5e6">
      <Execution id="5d6b6f9e-90f9-4090-9e9a-bd6a451c1403" />
      <TestMethod codeBase="C:\Projekty\NUnitTestProject\bin\Debug\netcoreapp3.1\NUnitTestProject.dll" adapterTypeName="executor://nunit3testexecutor/" className="NUnitTestProject.CurrencyHelperTests" name="FormatToStringTest1000(8499.121443388574d,&quot;8499.12 zł&quot;)" />
    </UnitTest>
    <UnitTest name="FormatToStringTest1000(27027.327683509946d,&quot;27027.33 zł&quot;)" storage="c:\projekty\nunittestproject\bin\debug\netcoreapp3.1\nunittestproject.dll" id="d3675fd4-77f8-268f-8735-9b5ad5bc915b">
      <Execution id="bb7b2e20-f4b6-43bb-bd45-4166983994ec" />
      <TestMethod codeBase="C:\Projekty\NUnitTestProject\bin\Debug\netcoreapp3.1\NUnitTestProject.dll" adapterTypeName="executor://nunit3testexecutor/" className="NUnitTestProject.CurrencyHelperTests" name="FormatToStringTest1000(27027.327683509946d,&quot;27027.33 zł&quot;)" />
    </UnitTest>
    <UnitTest name="FormatToStringTest1000(11118.620997698335d,&quot;11118.62 zł&quot;)" storage="c:\projekty\nunittestproject\bin\debug\netcoreapp3.1\nunittestproject.dll" id="7875ceff-fafb-ef65-16f6-def9c021cbb8">
      <Execution id="7076e851-4539-4dac-8d11-f2e8a7c386b7" />
      <TestMethod codeBase="C:\Projekty\NUnitTestProject\bin\Debug\netcoreapp3.1\NUnitTestProject.dll" adapterTypeName="executor://nunit3testexecutor/" className="NUnitTestProject.CurrencyHelperTests" name="FormatToStringTest1000(11118.620997698335d,&quot;11118.62 zł&quot;)" />
    </UnitTest>
    <UnitTest name="FormatToStringTest1000(95071.15957335343d,&quot;95071.16 zł&quot;)" storage="c:\projekty\nunittestproject\bin\debug\netcoreapp3.1\nunittestproject.dll" id="257cee71-ac96-77a9-908c-68bd8420739c">
      <Execution id="2adb7f58-eb8f-438e-ba07-9fe0ef644d19" />
      <TestMethod codeBase="C:\Projekty\NUnitTestProject\bin\Debug\netcoreapp3.1\NUnitTestProject.dll" adapterTypeName="executor://nunit3testexecutor/" className="NUnitTestProject.CurrencyHelperTests" name="FormatToStringTest1000(95071.15957335343d,&quot;95071.16 zł&quot;)" />
    </UnitTest>
    <UnitTest name="FormatToStringTest1000(35905.47425787219d,&quot;35905.47 zł&quot;)" storage="c:\projekty\nunittestproject\bin\debug\netcoreapp3.1\nunittestproject.dll" id="5c165fdb-5b2a-6ca5-1c7a-4f504d003e95">
      <Execution id="a04a6499-3dda-4998-abfe-07c5e7a04e10" />
      <TestMethod codeBase="C:\Projekty\NUnitTestProject\bin\Debug\netcoreapp3.1\NUnitTestProject.dll" adapterTypeName="executor://nunit3testexecutor/" className="NUnitTestProject.CurrencyHelperTests" name="FormatToStringTest1000(35905.47425787219d,&quot;35905.47 zł&quot;)" />
    </UnitTest>
    <UnitTest name="FormatToStringTest1000(45603.90324273142d,&quot;45603.90 zł&quot;)" storage="c:\projekty\nunittestproject\bin\debug\netcoreapp3.1\nunittestproject.dll" id="c09eca31-2a58-b146-7d55-b556b7020c68">
      <Execution id="9b896389-415a-4242-942c-ff8b963ce5dc" />
      <TestMethod codeBase="C:\Projekty\NUnitTestProject\bin\Debug\netcoreapp3.1\NUnitTestProject.dll" adapterTypeName="executor://nunit3testexecutor/" className="NUnitTestProject.CurrencyHelperTests" name="FormatToStringTest1000(45603.90324273142d,&quot;45603.90 zł&quot;)" />
    </UnitTest>
    <UnitTest name="FormatToStringTest1000(19392.945535027862d,&quot;19392.95 zł&quot;)" storage="c:\projekty\nunittestproject\bin\debug\netcoreapp3.1\nunittestproject.dll" id="610377d7-39b0-f1e5-075a-04c0ff0b06a2">
      <Execution id="e9874f1d-a0d7-455c-87ba-4975acd6ebc5" />
      <TestMethod codeBase="C:\Projekty\NUnitTestProject\bin\Debug\netcoreapp3.1\NUnitTestProject.dll" adapterTypeName="executor://nunit3testexecutor/" className="NUnitTestProject.CurrencyHelperTests" name="FormatToStringTest1000(19392.945535027862d,&quot;19392.95 zł&quot;)" />
    </UnitTest>
    <UnitTest name="FormatToStringTest1000(27893.312729890138d,&quot;27893.31 zł&quot;)" storage="c:\projekty\nunittestproject\bin\debug\netcoreapp3.1\nunittestproject.dll" id="7490fb46-9b1e-86c6-a053-c9324b70ce91">
      <Execution id="00edf2ae-0b82-47c8-98eb-2bce6f77c745" />
      <TestMethod codeBase="C:\Projekty\NUnitTestProject\bin\Debug\netcoreapp3.1\NUnitTestProject.dll" adapterTypeName="executor://nunit3testexecutor/" className="NUnitTestProject.CurrencyHelperTests" name="FormatToStringTest1000(27893.312729890138d,&quot;27893.31 zł&quot;)" />
    </UnitTest>
    <UnitTest name="FormatToStringTest1000(13402.882692040355d,&quot;13402.88 zł&quot;)" storage="c:\projekty\nunittestproject\bin\debug\netcoreapp3.1\nunittestproject.dll" id="6320276e-3624-3a1c-7afd-537de60f89db">
      <Execution id="6f0fa3f2-80ca-474c-9b8f-c9e49ace3c52" />
      <TestMethod codeBase="C:\Projekty\NUnitTestProject\bin\Debug\netcoreapp3.1\NUnitTestProject.dll" adapterTypeName="executor://nunit3testexecutor/" className="NUnitTestProject.CurrencyHelperTests" name="FormatToStringTest1000(13402.882692040355d,&quot;13402.88 zł&quot;)" />
    </UnitTest>
    <UnitTest name="FormatToStringTest1000(8697.074631143862d,&quot;8697.07 zł&quot;)" storage="c:\projekty\nunittestproject\bin\debug\netcoreapp3.1\nunittestproject.dll" id="943e674e-9656-f2f6-06a7-f12c38d1347c">
      <Execution id="b7e262ca-2fa0-44f6-bad9-2950e0445fe9" />
      <TestMethod codeBase="C:\Projekty\NUnitTestProject\bin\Debug\netcoreapp3.1\NUnitTestProject.dll" adapterTypeName="executor://nunit3testexecutor/" className="NUnitTestProject.CurrencyHelperTests" name="FormatToStringTest1000(8697.074631143862d,&quot;8697.07 zł&quot;)" />
    </UnitTest>
    <UnitTest name="FormatToStringTest1000(26515.80237687929d,&quot;26515.80 zł&quot;)" storage="c:\projekty\nunittestproject\bin\debug\netcoreapp3.1\nunittestproject.dll" id="d97cfe1a-5414-3b7f-eeae-c71aa9b34634">
      <Execution id="ea77c84f-e7b4-4d35-ab8b-7bc11fe3f481" />
      <TestMethod codeBase="C:\Projekty\NUnitTestProject\bin\Debug\netcoreapp3.1\NUnitTestProject.dll" adapterTypeName="executor://nunit3testexecutor/" className="NUnitTestProject.CurrencyHelperTests" name="FormatToStringTest1000(26515.80237687929d,&quot;26515.80 zł&quot;)" />
    </UnitTest>
    <UnitTest name="FormatToStringTest1000(9190.067404299076d,&quot;9190.07 zł&quot;)" storage="c:\projekty\nunittestproject\bin\debug\netcoreapp3.1\nunittestproject.dll" id="752c0495-686a-2709-5240-916b7eb02d3a">
      <Execution id="f545f6f6-9b13-43de-a475-3b1b26d25490" />
      <TestMethod codeBase="C:\Projekty\NUnitTestProject\bin\Debug\netcoreapp3.1\NUnitTestProject.dll" adapterTypeName="executor://nunit3testexecutor/" className="NUnitTestProject.CurrencyHelperTests" name="FormatToStringTest1000(9190.067404299076d,&quot;9190.07 zł&quot;)" />
    </UnitTest>
    <UnitTest name="FormatToStringTest1000(2505.286326204094d,&quot;2505.29 zł&quot;)" storage="c:\projekty\nunittestproject\bin\debug\netcoreapp3.1\nunittestproject.dll" id="d24e4d75-af83-eba3-bdf8-ba8e65054856">
      <Execution id="c19750c2-9211-47ae-a83a-9be5bdd6cc87" />
      <TestMethod codeBase="C:\Projekty\NUnitTestProject\bin\Debug\netcoreapp3.1\NUnitTestProject.dll" adapterTypeName="executor://nunit3testexecutor/" className="NUnitTestProject.CurrencyHelperTests" name="FormatToStringTest1000(2505.286326204094d,&quot;2505.29 zł&quot;)" />
    </UnitTest>
    <UnitTest name="FormatToStringTest1000(21753.84773194969d,&quot;21753.85 zł&quot;)" storage="c:\projekty\nunittestproject\bin\debug\netcoreapp3.1\nunittestproject.dll" id="f7364d60-2df0-c5fc-137c-b9b46fcd6fe9">
      <Execution id="8d7778a9-c816-46db-87b7-2484762ff14e" />
      <TestMethod codeBase="C:\Projekty\NUnitTestProject\bin\Debug\netcoreapp3.1\NUnitTestProject.dll" adapterTypeName="executor://nunit3testexecutor/" className="NUnitTestProject.CurrencyHelperTests" name="FormatToStringTest1000(21753.84773194969d,&quot;21753.85 zł&quot;)" />
    </UnitTest>
    <UnitTest name="FormatToStringTest1000(22459.530444447664d,&quot;22459.53 zł&quot;)" storage="c:\projekty\nunittestproject\bin\debug\netcoreapp3.1\nunittestproject.dll" id="580ab2d5-6b28-ec61-9de4-466295a56551">
      <Execution id="a34fe854-179f-4102-8a2a-b40450ea8b2d" />
      <TestMethod codeBase="C:\Projekty\NUnitTestProject\bin\Debug\netcoreapp3.1\NUnitTestProject.dll" adapterTypeName="executor://nunit3testexecutor/" className="NUnitTestProject.CurrencyHelperTests" name="FormatToStringTest1000(22459.530444447664d,&quot;22459.53 zł&quot;)" />
    </UnitTest>
    <UnitTest name="FormatToStringTest1000(6946.333318357977d,&quot;6946.33 zł&quot;)" storage="c:\projekty\nunittestproject\bin\debug\netcoreapp3.1\nunittestproject.dll" id="d7f71e56-89f1-ca12-7436-85c71867f730">
      <Execution id="d8325797-c103-4071-9507-2d9712733d11" />
      <TestMethod codeBase="C:\Projekty\NUnitTestProject\bin\Debug\netcoreapp3.1\NUnitTestProject.dll" adapterTypeName="executor://nunit3testexecutor/" className="NUnitTestProject.CurrencyHelperTests" name="FormatToStringTest1000(6946.333318357977d,&quot;6946.33 zł&quot;)" />
    </UnitTest>
    <UnitTest name="FormatToStringTest1000(464.74397441965715d,&quot;464.74 zł&quot;)" storage="c:\projekty\nunittestproject\bin\debug\netcoreapp3.1\nunittestproject.dll" id="f0cd9acd-b821-1b3b-6a4a-691c6f1f639a">
      <Execution id="784aad91-fb29-4ffc-95c2-f3e6aa48e486" />
      <TestMethod codeBase="C:\Projekty\NUnitTestProject\bin\Debug\netcoreapp3.1\NUnitTestProject.dll" adapterTypeName="executor://nunit3testexecutor/" className="NUnitTestProject.CurrencyHelperTests" name="FormatToStringTest1000(464.74397441965715d,&quot;464.74 zł&quot;)" />
    </UnitTest>
    <UnitTest name="FormatToStringTest1000(4411.456718280659d,&quot;4411.46 zł&quot;)" storage="c:\projekty\nunittestproject\bin\debug\netcoreapp3.1\nunittestproject.dll" id="6fe47bce-1f86-6cf6-afbe-6725ac8bf44c">
      <Execution id="236348ea-f68e-428c-8873-6467d2ac5277" />
      <TestMethod codeBase="C:\Projekty\NUnitTestProject\bin\Debug\netcoreapp3.1\NUnitTestProject.dll" adapterTypeName="executor://nunit3testexecutor/" className="NUnitTestProject.CurrencyHelperTests" name="FormatToStringTest1000(4411.456718280659d,&quot;4411.46 zł&quot;)" />
    </UnitTest>
    <UnitTest name="FormatToStringTest1000(726.8087564975995d,&quot;726.81 zł&quot;)" storage="c:\projekty\nunittestproject\bin\debug\netcoreapp3.1\nunittestproject.dll" id="df3985f6-a310-5cd4-8528-b305d96c9c87">
      <Execution id="2325315d-2f05-4e6e-b509-d5669742dc03" />
      <TestMethod codeBase="C:\Projekty\NUnitTestProject\bin\Debug\netcoreapp3.1\NUnitTestProject.dll" adapterTypeName="executor://nunit3testexecutor/" className="NUnitTestProject.CurrencyHelperTests" name="FormatToStringTest1000(726.8087564975995d,&quot;726.81 zł&quot;)" />
    </UnitTest>
    <UnitTest name="FormatToStringTest1000(14920.620598662934d,&quot;14920.62 zł&quot;)" storage="c:\projekty\nunittestproject\bin\debug\netcoreapp3.1\nunittestproject.dll" id="c989053d-c573-450d-6001-a75cbe93e089">
      <Execution id="547b112a-c175-4ce7-a3ec-2550ceb5b6d2" />
      <TestMethod codeBase="C:\Projekty\NUnitTestProject\bin\Debug\netcoreapp3.1\NUnitTestProject.dll" adapterTypeName="executor://nunit3testexecutor/" className="NUnitTestProject.CurrencyHelperTests" name="FormatToStringTest1000(14920.620598662934d,&quot;14920.62 zł&quot;)" />
    </UnitTest>
    <UnitTest name="FormatToStringTest1000(23789.556920184546d,&quot;23789.56 zł&quot;)" storage="c:\projekty\nunittestproject\bin\debug\netcoreapp3.1\nunittestproject.dll" id="b58070c8-bc7f-712e-31bb-2a11be9cfc18">
      <Execution id="c61f3eea-1389-4f42-a925-11aa9ff6be58" />
      <TestMethod codeBase="C:\Projekty\NUnitTestProject\bin\Debug\netcoreapp3.1\NUnitTestProject.dll" adapterTypeName="executor://nunit3testexecutor/" className="NUnitTestProject.CurrencyHelperTests" name="FormatToStringTest1000(23789.556920184546d,&quot;23789.56 zł&quot;)" />
    </UnitTest>
    <UnitTest name="FormatToStringTest1000(85407.13428016152d,&quot;85407.13 zł&quot;)" storage="c:\projekty\nunittestproject\bin\debug\netcoreapp3.1\nunittestproject.dll" id="37376bb5-e384-3c51-d1d8-3ba613fa9182">
      <Execution id="ac82374f-64cf-4dea-813c-b1078feb872c" />
      <TestMethod codeBase="C:\Projekty\NUnitTestProject\bin\Debug\netcoreapp3.1\NUnitTestProject.dll" adapterTypeName="executor://nunit3testexecutor/" className="NUnitTestProject.CurrencyHelperTests" name="FormatToStringTest1000(85407.13428016152d,&quot;85407.13 zł&quot;)" />
    </UnitTest>
    <UnitTest name="FormatToStringTest1000(68174.53068551492d,&quot;68174.53 zł&quot;)" storage="c:\projekty\nunittestproject\bin\debug\netcoreapp3.1\nunittestproject.dll" id="ea848b43-279a-f1bb-ab29-b5a8e2e2c8af">
      <Execution id="359b0d2c-1393-46da-98cf-f638f5e102b1" />
      <TestMethod codeBase="C:\Projekty\NUnitTestProject\bin\Debug\netcoreapp3.1\NUnitTestProject.dll" adapterTypeName="executor://nunit3testexecutor/" className="NUnitTestProject.CurrencyHelperTests" name="FormatToStringTest1000(68174.53068551492d,&quot;68174.53 zł&quot;)" />
    </UnitTest>
    <UnitTest name="FormatToStringTest1000(1614.2516601789982d,&quot;1614.25 zł&quot;)" storage="c:\projekty\nunittestproject\bin\debug\netcoreapp3.1\nunittestproject.dll" id="e0a6ca51-6257-18e2-3ed9-4bb78f34d6d7">
      <Execution id="abfaa2cf-fb44-437a-86a0-18432d19d04c" />
      <TestMethod codeBase="C:\Projekty\NUnitTestProject\bin\Debug\netcoreapp3.1\NUnitTestProject.dll" adapterTypeName="executor://nunit3testexecutor/" className="NUnitTestProject.CurrencyHelperTests" name="FormatToStringTest1000(1614.2516601789982d,&quot;1614.25 zł&quot;)" />
    </UnitTest>
    <UnitTest name="FormatToStringTest1000(50550.645020282194d,&quot;50550.65 zł&quot;)" storage="c:\projekty\nunittestproject\bin\debug\netcoreapp3.1\nunittestproject.dll" id="c6bf636f-3c18-b5d6-1346-58450e782d22">
      <Execution id="e09a8183-d0f3-42b9-82d2-10ed116a7480" />
      <TestMethod codeBase="C:\Projekty\NUnitTestProject\bin\Debug\netcoreapp3.1\NUnitTestProject.dll" adapterTypeName="executor://nunit3testexecutor/" className="NUnitTestProject.CurrencyHelperTests" name="FormatToStringTest1000(50550.645020282194d,&quot;50550.65 zł&quot;)" />
    </UnitTest>
    <UnitTest name="FormatToStringTest1000(40913.016669489916d,&quot;40913.02 zł&quot;)" storage="c:\projekty\nunittestproject\bin\debug\netcoreapp3.1\nunittestproject.dll" id="faf63bba-5452-3836-a95e-2474023d45ad">
      <Execution id="f62185c7-c558-4c75-9cac-6639e8f90f0c" />
      <TestMethod codeBase="C:\Projekty\NUnitTestProject\bin\Debug\netcoreapp3.1\NUnitTestProject.dll" adapterTypeName="executor://nunit3testexecutor/" className="NUnitTestProject.CurrencyHelperTests" name="FormatToStringTest1000(40913.016669489916d,&quot;40913.02 zł&quot;)" />
    </UnitTest>
    <UnitTest name="FormatToStringTest1000(15414.175096961751d,&quot;15414.18 zł&quot;)" storage="c:\projekty\nunittestproject\bin\debug\netcoreapp3.1\nunittestproject.dll" id="43e0f701-5f55-5e32-84f3-972dc14c0c0b">
      <Execution id="d171b876-6cdf-4b25-8a26-2b95096a861e" />
      <TestMethod codeBase="C:\Projekty\NUnitTestProject\bin\Debug\netcoreapp3.1\NUnitTestProject.dll" adapterTypeName="executor://nunit3testexecutor/" className="NUnitTestProject.CurrencyHelperTests" name="FormatToStringTest1000(15414.175096961751d,&quot;15414.18 zł&quot;)" />
    </UnitTest>
    <UnitTest name="FormatToStringTest1000(3274.481392617096d,&quot;3274.48 zł&quot;)" storage="c:\projekty\nunittestproject\bin\debug\netcoreapp3.1\nunittestproject.dll" id="e84b36e7-4f40-fa31-8ed6-b8aea0f7b95d">
      <Execution id="d2b699ba-3f21-4d57-9caa-8ac442cf716e" />
      <TestMethod codeBase="C:\Projekty\NUnitTestProject\bin\Debug\netcoreapp3.1\NUnitTestProject.dll" adapterTypeName="executor://nunit3testexecutor/" className="NUnitTestProject.CurrencyHelperTests" name="FormatToStringTest1000(3274.481392617096d,&quot;3274.48 zł&quot;)" />
    </UnitTest>
    <UnitTest name="FormatToStringTest1000(20244.692955315437d,&quot;20244.69 zł&quot;)" storage="c:\projekty\nunittestproject\bin\debug\netcoreapp3.1\nunittestproject.dll" id="c813b080-ad5f-d9e2-c675-1e1394f00010">
      <Execution id="8d68a289-754a-4a4c-8026-0a9661cc29d1" />
      <TestMethod codeBase="C:\Projekty\NUnitTestProject\bin\Debug\netcoreapp3.1\NUnitTestProject.dll" adapterTypeName="executor://nunit3testexecutor/" className="NUnitTestProject.CurrencyHelperTests" name="FormatToStringTest1000(20244.692955315437d,&quot;20244.69 zł&quot;)" />
    </UnitTest>
    <UnitTest name="FormatToStringTest1000(30385.72086375613d,&quot;30385.72 zł&quot;)" storage="c:\projekty\nunittestproject\bin\debug\netcoreapp3.1\nunittestproject.dll" id="ba3d44ab-713b-26da-eeee-600e16cfe130">
      <Execution id="f46b27d4-1d93-4eca-bd49-bb87df05c141" />
      <TestMethod codeBase="C:\Projekty\NUnitTestProject\bin\Debug\netcoreapp3.1\NUnitTestProject.dll" adapterTypeName="executor://nunit3testexecutor/" className="NUnitTestProject.CurrencyHelperTests" name="FormatToStringTest1000(30385.72086375613d,&quot;30385.72 zł&quot;)" />
    </UnitTest>
    <UnitTest name="FormatToStringTest1000(49256.47455728635d,&quot;49256.47 zł&quot;)" storage="c:\projekty\nunittestproject\bin\debug\netcoreapp3.1\nunittestproject.dll" id="8184eede-89c1-758f-6b98-b1536f1bc7e0">
      <Execution id="b9756913-5f60-46ae-9b5e-606dbc629048" />
      <TestMethod codeBase="C:\Projekty\NUnitTestProject\bin\Debug\netcoreapp3.1\NUnitTestProject.dll" adapterTypeName="executor://nunit3testexecutor/" className="NUnitTestProject.CurrencyHelperTests" name="FormatToStringTest1000(49256.47455728635d,&quot;49256.47 zł&quot;)" />
    </UnitTest>
    <UnitTest name="FormatToStringTest1000(18032.4720825476d,&quot;18032.47 zł&quot;)" storage="c:\projekty\nunittestproject\bin\debug\netcoreapp3.1\nunittestproject.dll" id="99b9ef43-ae03-d550-aafb-7b6a0ec7c1ee">
      <Execution id="d5177ff7-9b48-4a72-865f-b2af1016dffe" />
      <TestMethod codeBase="C:\Projekty\NUnitTestProject\bin\Debug\netcoreapp3.1\NUnitTestProject.dll" adapterTypeName="executor://nunit3testexecutor/" className="NUnitTestProject.CurrencyHelperTests" name="FormatToStringTest1000(18032.4720825476d,&quot;18032.47 zł&quot;)" />
    </UnitTest>
    <UnitTest name="FormatToStringTest1000(27629.79121039193d,&quot;27629.79 zł&quot;)" storage="c:\projekty\nunittestproject\bin\debug\netcoreapp3.1\nunittestproject.dll" id="a6621eb8-15a7-fc8e-d862-31d4f5bc69d0">
      <Execution id="b0514560-fb11-4c90-8791-c925146b7cc3" />
      <TestMethod codeBase="C:\Projekty\NUnitTestProject\bin\Debug\netcoreapp3.1\NUnitTestProject.dll" adapterTypeName="executor://nunit3testexecutor/" className="NUnitTestProject.CurrencyHelperTests" name="FormatToStringTest1000(27629.79121039193d,&quot;27629.79 zł&quot;)" />
    </UnitTest>
    <UnitTest name="FormatToStringTest1000(7726.0074454499445d,&quot;7726.01 zł&quot;)" storage="c:\projekty\nunittestproject\bin\debug\netcoreapp3.1\nunittestproject.dll" id="20eba454-047b-5e64-79ba-74e9397a20a4">
      <Execution id="fe416135-20bb-42ed-bf61-c0ad8dc4537b" />
      <TestMethod codeBase="C:\Projekty\NUnitTestProject\bin\Debug\netcoreapp3.1\NUnitTestProject.dll" adapterTypeName="executor://nunit3testexecutor/" className="NUnitTestProject.CurrencyHelperTests" name="FormatToStringTest1000(7726.0074454499445d,&quot;7726.01 zł&quot;)" />
    </UnitTest>
    <UnitTest name="FormatToStringTest1000(26529.10838037036d,&quot;26529.11 zł&quot;)" storage="c:\projekty\nunittestproject\bin\debug\netcoreapp3.1\nunittestproject.dll" id="193f831d-c7c9-ac41-bc1b-9798c85535ca">
      <Execution id="0ec9ff31-e2c3-416d-a982-3817080d255b" />
      <TestMethod codeBase="C:\Projekty\NUnitTestProject\bin\Debug\netcoreapp3.1\NUnitTestProject.dll" adapterTypeName="executor://nunit3testexecutor/" className="NUnitTestProject.CurrencyHelperTests" name="FormatToStringTest1000(26529.10838037036d,&quot;26529.11 zł&quot;)" />
    </UnitTest>
    <UnitTest name="FormatToStringTest1000(19208.676036795914d,&quot;19208.68 zł&quot;)" storage="c:\projekty\nunittestproject\bin\debug\netcoreapp3.1\nunittestproject.dll" id="0bcee855-d67d-6b06-b494-da6df454ba12">
      <Execution id="b04e52c4-e1b5-4d76-9991-c124ab1e9fad" />
      <TestMethod codeBase="C:\Projekty\NUnitTestProject\bin\Debug\netcoreapp3.1\NUnitTestProject.dll" adapterTypeName="executor://nunit3testexecutor/" className="NUnitTestProject.CurrencyHelperTests" name="FormatToStringTest1000(19208.676036795914d,&quot;19208.68 zł&quot;)" />
    </UnitTest>
    <UnitTest name="FormatToStringTest1000(41368.29672956015d,&quot;41368.30 zł&quot;)" storage="c:\projekty\nunittestproject\bin\debug\netcoreapp3.1\nunittestproject.dll" id="0ffbfc26-0b88-0610-8454-a3e10982707b">
      <Execution id="333c2958-d869-4c29-b3e9-f3fe182a76ea" />
      <TestMethod codeBase="C:\Projekty\NUnitTestProject\bin\Debug\netcoreapp3.1\NUnitTestProject.dll" adapterTypeName="executor://nunit3testexecutor/" className="NUnitTestProject.CurrencyHelperTests" name="FormatToStringTest1000(41368.29672956015d,&quot;41368.30 zł&quot;)" />
    </UnitTest>
    <UnitTest name="FormatToStringTest1000(47672.66266041652d,&quot;47672.66 zł&quot;)" storage="c:\projekty\nunittestproject\bin\debug\netcoreapp3.1\nunittestproject.dll" id="90524d2a-adb4-bd7e-769a-526d502faf2e">
      <Execution id="15076dfa-8df0-4102-bc57-d881395d156b" />
      <TestMethod codeBase="C:\Projekty\NUnitTestProject\bin\Debug\netcoreapp3.1\NUnitTestProject.dll" adapterTypeName="executor://nunit3testexecutor/" className="NUnitTestProject.CurrencyHelperTests" name="FormatToStringTest1000(47672.66266041652d,&quot;47672.66 zł&quot;)" />
    </UnitTest>
    <UnitTest name="FormatToStringTest1000(2121.0917325211185d,&quot;2121.09 zł&quot;)" storage="c:\projekty\nunittestproject\bin\debug\netcoreapp3.1\nunittestproject.dll" id="f0585ec3-ae76-b5af-6830-899496ff1fd9">
      <Execution id="f1dde911-c33d-4e7b-b895-01966a607c0a" />
      <TestMethod codeBase="C:\Projekty\NUnitTestProject\bin\Debug\netcoreapp3.1\NUnitTestProject.dll" adapterTypeName="executor://nunit3testexecutor/" className="NUnitTestProject.CurrencyHelperTests" name="FormatToStringTest1000(2121.0917325211185d,&quot;2121.09 zł&quot;)" />
    </UnitTest>
    <UnitTest name="FormatToStringTest1000(31347.468987404587d,&quot;31347.47 zł&quot;)" storage="c:\projekty\nunittestproject\bin\debug\netcoreapp3.1\nunittestproject.dll" id="9cef29cf-98fb-f211-5054-ae4d42774e1f">
      <Execution id="30a7b1de-23f5-4958-bd6a-3091ece0bc35" />
      <TestMethod codeBase="C:\Projekty\NUnitTestProject\bin\Debug\netcoreapp3.1\NUnitTestProject.dll" adapterTypeName="executor://nunit3testexecutor/" className="NUnitTestProject.CurrencyHelperTests" name="FormatToStringTest1000(31347.468987404587d,&quot;31347.47 zł&quot;)" />
    </UnitTest>
    <UnitTest name="FormatToStringTest1000(1676.7913981754293d,&quot;1676.79 zł&quot;)" storage="c:\projekty\nunittestproject\bin\debug\netcoreapp3.1\nunittestproject.dll" id="0ebe3939-f18c-dec0-703f-01349ca5c1ad">
      <Execution id="dd4ffbb4-ca88-4689-aa93-9416eafb265c" />
      <TestMethod codeBase="C:\Projekty\NUnitTestProject\bin\Debug\netcoreapp3.1\NUnitTestProject.dll" adapterTypeName="executor://nunit3testexecutor/" className="NUnitTestProject.CurrencyHelperTests" name="FormatToStringTest1000(1676.7913981754293d,&quot;1676.79 zł&quot;)" />
    </UnitTest>
    <UnitTest name="FormatToStringTest1000(31971.185406704986d,&quot;31971.19 zł&quot;)" storage="c:\projekty\nunittestproject\bin\debug\netcoreapp3.1\nunittestproject.dll" id="a32b1b99-bbfe-b0ef-93c7-d7c83b53becf">
      <Execution id="3d2eb0ae-4246-4b9a-9288-f92ff9eb762a" />
      <TestMethod codeBase="C:\Projekty\NUnitTestProject\bin\Debug\netcoreapp3.1\NUnitTestProject.dll" adapterTypeName="executor://nunit3testexecutor/" className="NUnitTestProject.CurrencyHelperTests" name="FormatToStringTest1000(31971.185406704986d,&quot;31971.19 zł&quot;)" />
    </UnitTest>
    <UnitTest name="FormatToStringTest1000(867.5236648356187d,&quot;867.52 zł&quot;)" storage="c:\projekty\nunittestproject\bin\debug\netcoreapp3.1\nunittestproject.dll" id="8d6414e5-4d2d-73e7-c36d-d9cbbb203e5f">
      <Execution id="4c3108aa-af98-4f70-8fe6-ecea9a67c275" />
      <TestMethod codeBase="C:\Projekty\NUnitTestProject\bin\Debug\netcoreapp3.1\NUnitTestProject.dll" adapterTypeName="executor://nunit3testexecutor/" className="NUnitTestProject.CurrencyHelperTests" name="FormatToStringTest1000(867.5236648356187d,&quot;867.52 zł&quot;)" />
    </UnitTest>
    <UnitTest name="FormatToStringTest1000(16597.22844427788d,&quot;16597.23 zł&quot;)" storage="c:\projekty\nunittestproject\bin\debug\netcoreapp3.1\nunittestproject.dll" id="12c8d806-dc76-730d-d276-1d289133c533">
      <Execution id="45887510-331c-46d9-8f4e-b01dbeec57eb" />
      <TestMethod codeBase="C:\Projekty\NUnitTestProject\bin\Debug\netcoreapp3.1\NUnitTestProject.dll" adapterTypeName="executor://nunit3testexecutor/" className="NUnitTestProject.CurrencyHelperTests" name="FormatToStringTest1000(16597.22844427788d,&quot;16597.23 zł&quot;)" />
    </UnitTest>
    <UnitTest name="FormatToStringTest1000(7715.904444139406d,&quot;7715.90 zł&quot;)" storage="c:\projekty\nunittestproject\bin\debug\netcoreapp3.1\nunittestproject.dll" id="3436028f-e5c2-d0e3-5f92-c1e23c8a73cc">
      <Execution id="09e8e555-238b-493f-9c75-eda8e4022a6b" />
      <TestMethod codeBase="C:\Projekty\NUnitTestProject\bin\Debug\netcoreapp3.1\NUnitTestProject.dll" adapterTypeName="executor://nunit3testexecutor/" className="NUnitTestProject.CurrencyHelperTests" name="FormatToStringTest1000(7715.904444139406d,&quot;7715.90 zł&quot;)" />
    </UnitTest>
    <UnitTest name="FormatToStringTest1000(3700.029953029021d,&quot;3700.03 zł&quot;)" storage="c:\projekty\nunittestproject\bin\debug\netcoreapp3.1\nunittestproject.dll" id="5da451a5-54a7-b58b-ab8b-8b1b8384fd01">
      <Execution id="1a71d2da-1e7f-415e-b817-76dc77985652" />
      <TestMethod codeBase="C:\Projekty\NUnitTestProject\bin\Debug\netcoreapp3.1\NUnitTestProject.dll" adapterTypeName="executor://nunit3testexecutor/" className="NUnitTestProject.CurrencyHelperTests" name="FormatToStringTest1000(3700.029953029021d,&quot;3700.03 zł&quot;)" />
    </UnitTest>
    <UnitTest name="FormatToStringTest1000(485.6735566554933d,&quot;485.67 zł&quot;)" storage="c:\projekty\nunittestproject\bin\debug\netcoreapp3.1\nunittestproject.dll" id="7ad4f46a-05fc-7c4a-853e-228ce39d4426">
      <Execution id="23368eaa-db7b-4bf2-a1de-6efac81c0831" />
      <TestMethod codeBase="C:\Projekty\NUnitTestProject\bin\Debug\netcoreapp3.1\NUnitTestProject.dll" adapterTypeName="executor://nunit3testexecutor/" className="NUnitTestProject.CurrencyHelperTests" name="FormatToStringTest1000(485.6735566554933d,&quot;485.67 zł&quot;)" />
    </UnitTest>
    <UnitTest name="FormatToStringTest1000(14712.754747761765d,&quot;14712.75 zł&quot;)" storage="c:\projekty\nunittestproject\bin\debug\netcoreapp3.1\nunittestproject.dll" id="a888e7ea-dbd1-07c6-66f1-9d366fb67e32">
      <Execution id="567c6e27-1454-4189-acf1-4596e6e488a5" />
      <TestMethod codeBase="C:\Projekty\NUnitTestProject\bin\Debug\netcoreapp3.1\NUnitTestProject.dll" adapterTypeName="executor://nunit3testexecutor/" className="NUnitTestProject.CurrencyHelperTests" name="FormatToStringTest1000(14712.754747761765d,&quot;14712.75 zł&quot;)" />
    </UnitTest>
    <UnitTest name="FormatToStringTest1000(32218.080508120394d,&quot;32218.08 zł&quot;)" storage="c:\projekty\nunittestproject\bin\debug\netcoreapp3.1\nunittestproject.dll" id="f20c73fc-7f07-e8ef-25e3-d34c7ca18877">
      <Execution id="9309bcaa-213f-4411-836a-7458e2ea7fcc" />
      <TestMethod codeBase="C:\Projekty\NUnitTestProject\bin\Debug\netcoreapp3.1\NUnitTestProject.dll" adapterTypeName="executor://nunit3testexecutor/" className="NUnitTestProject.CurrencyHelperTests" name="FormatToStringTest1000(32218.080508120394d,&quot;32218.08 zł&quot;)" />
    </UnitTest>
    <UnitTest name="FormatToStringTest1000(64210.358316209335d,&quot;64210.36 zł&quot;)" storage="c:\projekty\nunittestproject\bin\debug\netcoreapp3.1\nunittestproject.dll" id="8a2b6295-c6f7-0626-b29d-201c71fd67a5">
      <Execution id="ca270fa9-3004-4c02-bd4b-8506c16516f5" />
      <TestMethod codeBase="C:\Projekty\NUnitTestProject\bin\Debug\netcoreapp3.1\NUnitTestProject.dll" adapterTypeName="executor://nunit3testexecutor/" className="NUnitTestProject.CurrencyHelperTests" name="FormatToStringTest1000(64210.358316209335d,&quot;64210.36 zł&quot;)" />
    </UnitTest>
    <UnitTest name="FormatToStringTest1000(47256.065730817645d,&quot;47256.07 zł&quot;)" storage="c:\projekty\nunittestproject\bin\debug\netcoreapp3.1\nunittestproject.dll" id="29503cc7-b010-6825-6d29-1db7cb95143d">
      <Execution id="b3f6094c-995d-4b87-96e2-6c1cba4dd157" />
      <TestMethod codeBase="C:\Projekty\NUnitTestProject\bin\Debug\netcoreapp3.1\NUnitTestProject.dll" adapterTypeName="executor://nunit3testexecutor/" className="NUnitTestProject.CurrencyHelperTests" name="FormatToStringTest1000(47256.065730817645d,&quot;47256.07 zł&quot;)" />
    </UnitTest>
    <UnitTest name="FormatToStringTest1000(79973.08417819678d,&quot;79973.08 zł&quot;)" storage="c:\projekty\nunittestproject\bin\debug\netcoreapp3.1\nunittestproject.dll" id="3de5845a-c4ac-d187-6027-553f442e3ad2">
      <Execution id="889bd183-2f94-4008-b04e-c5354f3251dd" />
      <TestMethod codeBase="C:\Projekty\NUnitTestProject\bin\Debug\netcoreapp3.1\NUnitTestProject.dll" adapterTypeName="executor://nunit3testexecutor/" className="NUnitTestProject.CurrencyHelperTests" name="FormatToStringTest1000(79973.08417819678d,&quot;79973.08 zł&quot;)" />
    </UnitTest>
    <UnitTest name="FormatToStringTest1000(30626.373939456127d,&quot;30626.37 zł&quot;)" storage="c:\projekty\nunittestproject\bin\debug\netcoreapp3.1\nunittestproject.dll" id="ae5c211a-4af1-929a-38fa-5c9b4f30973f">
      <Execution id="50b8b6ac-1059-4237-98a0-56efb31cc0c3" />
      <TestMethod codeBase="C:\Projekty\NUnitTestProject\bin\Debug\netcoreapp3.1\NUnitTestProject.dll" adapterTypeName="executor://nunit3testexecutor/" className="NUnitTestProject.CurrencyHelperTests" name="FormatToStringTest1000(30626.373939456127d,&quot;30626.37 zł&quot;)" />
    </UnitTest>
    <UnitTest name="FormatToStringTest1000(6544.213759255695d,&quot;6544.21 zł&quot;)" storage="c:\projekty\nunittestproject\bin\debug\netcoreapp3.1\nunittestproject.dll" id="942bc263-e8dd-056d-20fc-b03fc0f2fe09">
      <Execution id="9d077656-fd02-4891-81e4-18272c718882" />
      <TestMethod codeBase="C:\Projekty\NUnitTestProject\bin\Debug\netcoreapp3.1\NUnitTestProject.dll" adapterTypeName="executor://nunit3testexecutor/" className="NUnitTestProject.CurrencyHelperTests" name="FormatToStringTest1000(6544.213759255695d,&quot;6544.21 zł&quot;)" />
    </UnitTest>
    <UnitTest name="FormatToStringTest1000(57436.33241095409d,&quot;57436.33 zł&quot;)" storage="c:\projekty\nunittestproject\bin\debug\netcoreapp3.1\nunittestproject.dll" id="88670780-e590-ffb1-3bdf-7b575a4d5fc5">
      <Execution id="9fab5599-74c0-4547-8d20-6d62223e4877" />
      <TestMethod codeBase="C:\Projekty\NUnitTestProject\bin\Debug\netcoreapp3.1\NUnitTestProject.dll" adapterTypeName="executor://nunit3testexecutor/" className="NUnitTestProject.CurrencyHelperTests" name="FormatToStringTest1000(57436.33241095409d,&quot;57436.33 zł&quot;)" />
    </UnitTest>
    <UnitTest name="FormatToStringTest1000(4121.116360678857d,&quot;4121.12 zł&quot;)" storage="c:\projekty\nunittestproject\bin\debug\netcoreapp3.1\nunittestproject.dll" id="a6e465ee-f568-61da-4158-e730cb849679">
      <Execution id="7f8d07b3-eff5-48fe-b9bc-9c82433639c2" />
      <TestMethod codeBase="C:\Projekty\NUnitTestProject\bin\Debug\netcoreapp3.1\NUnitTestProject.dll" adapterTypeName="executor://nunit3testexecutor/" className="NUnitTestProject.CurrencyHelperTests" name="FormatToStringTest1000(4121.116360678857d,&quot;4121.12 zł&quot;)" />
    </UnitTest>
    <UnitTest name="FormatToStringTest1000(40556.73452524362d,&quot;40556.73 zł&quot;)" storage="c:\projekty\nunittestproject\bin\debug\netcoreapp3.1\nunittestproject.dll" id="b286589b-6f00-2211-0fe0-b6cf97d63d0a">
      <Execution id="58f73741-b316-4969-829d-a1b173738ecb" />
      <TestMethod codeBase="C:\Projekty\NUnitTestProject\bin\Debug\netcoreapp3.1\NUnitTestProject.dll" adapterTypeName="executor://nunit3testexecutor/" className="NUnitTestProject.CurrencyHelperTests" name="FormatToStringTest1000(40556.73452524362d,&quot;40556.73 zł&quot;)" />
    </UnitTest>
    <UnitTest name="FormatToStringTest1000(44930.92203801075d,&quot;44930.92 zł&quot;)" storage="c:\projekty\nunittestproject\bin\debug\netcoreapp3.1\nunittestproject.dll" id="49c672b6-6d9d-50cd-ab6b-d47ad2b2d00c">
      <Execution id="dd75679e-2b40-4b8e-a7b5-7cc0127983bf" />
      <TestMethod codeBase="C:\Projekty\NUnitTestProject\bin\Debug\netcoreapp3.1\NUnitTestProject.dll" adapterTypeName="executor://nunit3testexecutor/" className="NUnitTestProject.CurrencyHelperTests" name="FormatToStringTest1000(44930.92203801075d,&quot;44930.92 zł&quot;)" />
    </UnitTest>
    <UnitTest name="FormatToStringTest1000(25908.345463821825d,&quot;25908.35 zł&quot;)" storage="c:\projekty\nunittestproject\bin\debug\netcoreapp3.1\nunittestproject.dll" id="49538287-c6a8-9cce-5150-35176d68e7fe">
      <Execution id="c301c6dd-dbb3-4655-b7af-e79cd2b71244" />
      <TestMethod codeBase="C:\Projekty\NUnitTestProject\bin\Debug\netcoreapp3.1\NUnitTestProject.dll" adapterTypeName="executor://nunit3testexecutor/" className="NUnitTestProject.CurrencyHelperTests" name="FormatToStringTest1000(25908.345463821825d,&quot;25908.35 zł&quot;)" />
    </UnitTest>
    <UnitTest name="FormatToStringTest1000(59919.71489415491d,&quot;59919.71 zł&quot;)" storage="c:\projekty\nunittestproject\bin\debug\netcoreapp3.1\nunittestproject.dll" id="eef249b6-8ce5-ce2e-1d6e-3786477a589e">
      <Execution id="2e40d586-a589-4329-9888-5ce0729376e7" />
      <TestMethod codeBase="C:\Projekty\NUnitTestProject\bin\Debug\netcoreapp3.1\NUnitTestProject.dll" adapterTypeName="executor://nunit3testexecutor/" className="NUnitTestProject.CurrencyHelperTests" name="FormatToStringTest1000(59919.71489415491d,&quot;59919.71 zł&quot;)" />
    </UnitTest>
    <UnitTest name="FormatToStringTest1000(37114.901517336206d,&quot;37114.90 zł&quot;)" storage="c:\projekty\nunittestproject\bin\debug\netcoreapp3.1\nunittestproject.dll" id="becea41b-b5f7-1be9-14b7-7b47b08d6269">
      <Execution id="ad6f90bb-025f-4e78-819d-fd401b6eeea2" />
      <TestMethod codeBase="C:\Projekty\NUnitTestProject\bin\Debug\netcoreapp3.1\NUnitTestProject.dll" adapterTypeName="executor://nunit3testexecutor/" className="NUnitTestProject.CurrencyHelperTests" name="FormatToStringTest1000(37114.901517336206d,&quot;37114.90 zł&quot;)" />
    </UnitTest>
    <UnitTest name="FormatToStringTest1000(5287.3103648714305d,&quot;5287.31 zł&quot;)" storage="c:\projekty\nunittestproject\bin\debug\netcoreapp3.1\nunittestproject.dll" id="279ea0a2-a194-3b23-c2df-f3b9caefacb9">
      <Execution id="81f6cad3-3897-4465-ae7a-caeab201edcb" />
      <TestMethod codeBase="C:\Projekty\NUnitTestProject\bin\Debug\netcoreapp3.1\NUnitTestProject.dll" adapterTypeName="executor://nunit3testexecutor/" className="NUnitTestProject.CurrencyHelperTests" name="FormatToStringTest1000(5287.3103648714305d,&quot;5287.31 zł&quot;)" />
    </UnitTest>
    <UnitTest name="FormatToStringTest1000(28306.369434126827d,&quot;28306.37 zł&quot;)" storage="c:\projekty\nunittestproject\bin\debug\netcoreapp3.1\nunittestproject.dll" id="1e0703fd-8132-d66f-f52d-f2f5d027c1d8">
      <Execution id="d5fa13af-1888-4e97-ba10-ec2e9992468b" />
      <TestMethod codeBase="C:\Projekty\NUnitTestProject\bin\Debug\netcoreapp3.1\NUnitTestProject.dll" adapterTypeName="executor://nunit3testexecutor/" className="NUnitTestProject.CurrencyHelperTests" name="FormatToStringTest1000(28306.369434126827d,&quot;28306.37 zł&quot;)" />
    </UnitTest>
    <UnitTest name="FormatToStringTest1000(25272.05048361283d,&quot;25272.05 zł&quot;)" storage="c:\projekty\nunittestproject\bin\debug\netcoreapp3.1\nunittestproject.dll" id="fd4f7d41-f937-f359-41b7-f6b589c2bdd7">
      <Execution id="fa97adcc-e04b-456e-8a00-7eeb1f48bc2c" />
      <TestMethod codeBase="C:\Projekty\NUnitTestProject\bin\Debug\netcoreapp3.1\NUnitTestProject.dll" adapterTypeName="executor://nunit3testexecutor/" className="NUnitTestProject.CurrencyHelperTests" name="FormatToStringTest1000(25272.05048361283d,&quot;25272.05 zł&quot;)" />
    </UnitTest>
    <UnitTest name="FormatToStringTest1000(34242.181005260056d,&quot;34242.18 zł&quot;)" storage="c:\projekty\nunittestproject\bin\debug\netcoreapp3.1\nunittestproject.dll" id="32010eb0-88b3-7f9e-a459-fb524fc932d7">
      <Execution id="ee1c90ae-0668-4f3b-b208-f0a4be63b215" />
      <TestMethod codeBase="C:\Projekty\NUnitTestProject\bin\Debug\netcoreapp3.1\NUnitTestProject.dll" adapterTypeName="executor://nunit3testexecutor/" className="NUnitTestProject.CurrencyHelperTests" name="FormatToStringTest1000(34242.181005260056d,&quot;34242.18 zł&quot;)" />
    </UnitTest>
    <UnitTest name="FormatToStringTest1000(66723.3293191657d,&quot;66723.33 zł&quot;)" storage="c:\projekty\nunittestproject\bin\debug\netcoreapp3.1\nunittestproject.dll" id="7e68fea7-1e52-0c32-44b4-1e38c3c836bc">
      <Execution id="63d0380c-5d7b-465a-84b5-7010d198ae8b" />
      <TestMethod codeBase="C:\Projekty\NUnitTestProject\bin\Debug\netcoreapp3.1\NUnitTestProject.dll" adapterTypeName="executor://nunit3testexecutor/" className="NUnitTestProject.CurrencyHelperTests" name="FormatToStringTest1000(66723.3293191657d,&quot;66723.33 zł&quot;)" />
    </UnitTest>
    <UnitTest name="FormatToStringTest1000(9097.395563790293d,&quot;9097.40 zł&quot;)" storage="c:\projekty\nunittestproject\bin\debug\netcoreapp3.1\nunittestproject.dll" id="cbe18909-6635-9aa1-a38f-17a524fe9aa1">
      <Execution id="8f527ca3-e12d-4018-82b6-0e7a6d96380c" />
      <TestMethod codeBase="C:\Projekty\NUnitTestProject\bin\Debug\netcoreapp3.1\NUnitTestProject.dll" adapterTypeName="executor://nunit3testexecutor/" className="NUnitTestProject.CurrencyHelperTests" name="FormatToStringTest1000(9097.395563790293d,&quot;9097.40 zł&quot;)" />
    </UnitTest>
    <UnitTest name="FormatToStringTest1000(10268.547802396373d,&quot;10268.55 zł&quot;)" storage="c:\projekty\nunittestproject\bin\debug\netcoreapp3.1\nunittestproject.dll" id="8b6f3338-cce8-0079-b821-3f92e6c60eee">
      <Execution id="c76f5371-86c6-4418-83c9-4f626f77485e" />
      <TestMethod codeBase="C:\Projekty\NUnitTestProject\bin\Debug\netcoreapp3.1\NUnitTestProject.dll" adapterTypeName="executor://nunit3testexecutor/" className="NUnitTestProject.CurrencyHelperTests" name="FormatToStringTest1000(10268.547802396373d,&quot;10268.55 zł&quot;)" />
    </UnitTest>
    <UnitTest name="FormatToStringTest1000(30138.55109863102d,&quot;30138.55 zł&quot;)" storage="c:\projekty\nunittestproject\bin\debug\netcoreapp3.1\nunittestproject.dll" id="979c090f-8c86-d264-67f3-13520744166b">
      <Execution id="6f533120-890f-49ef-ab5c-5f75678d8813" />
      <TestMethod codeBase="C:\Projekty\NUnitTestProject\bin\Debug\netcoreapp3.1\NUnitTestProject.dll" adapterTypeName="executor://nunit3testexecutor/" className="NUnitTestProject.CurrencyHelperTests" name="FormatToStringTest1000(30138.55109863102d,&quot;30138.55 zł&quot;)" />
    </UnitTest>
    <UnitTest name="FormatToStringTest1000(17988.455793307843d,&quot;17988.46 zł&quot;)" storage="c:\projekty\nunittestproject\bin\debug\netcoreapp3.1\nunittestproject.dll" id="28c068cc-4f93-bf31-670a-7f0717946001">
      <Execution id="2b8474d6-246e-43b9-abf6-9012e30821be" />
      <TestMethod codeBase="C:\Projekty\NUnitTestProject\bin\Debug\netcoreapp3.1\NUnitTestProject.dll" adapterTypeName="executor://nunit3testexecutor/" className="NUnitTestProject.CurrencyHelperTests" name="FormatToStringTest1000(17988.455793307843d,&quot;17988.46 zł&quot;)" />
    </UnitTest>
    <UnitTest name="FormatToStringTest1000(5810.695934967462d,&quot;5810.70 zł&quot;)" storage="c:\projekty\nunittestproject\bin\debug\netcoreapp3.1\nunittestproject.dll" id="21fecb6a-616e-e0ca-06e2-949826e6d9fe">
      <Execution id="7807a9d3-d792-40c5-b393-4813549dcc9c" />
      <TestMethod codeBase="C:\Projekty\NUnitTestProject\bin\Debug\netcoreapp3.1\NUnitTestProject.dll" adapterTypeName="executor://nunit3testexecutor/" className="NUnitTestProject.CurrencyHelperTests" name="FormatToStringTest1000(5810.695934967462d,&quot;5810.70 zł&quot;)" />
    </UnitTest>
    <UnitTest name="FormatToStringTest1000(5317.9582678023535d,&quot;5317.96 zł&quot;)" storage="c:\projekty\nunittestproject\bin\debug\netcoreapp3.1\nunittestproject.dll" id="b7c8b8f4-3f53-7b79-a3fb-65f51c557883">
      <Execution id="9759d3d0-a285-4c34-b4fd-2f8af5abaae7" />
      <TestMethod codeBase="C:\Projekty\NUnitTestProject\bin\Debug\netcoreapp3.1\NUnitTestProject.dll" adapterTypeName="executor://nunit3testexecutor/" className="NUnitTestProject.CurrencyHelperTests" name="FormatToStringTest1000(5317.9582678023535d,&quot;5317.96 zł&quot;)" />
    </UnitTest>
    <UnitTest name="FormatToStringTest1000(1568.615240217473d,&quot;1568.62 zł&quot;)" storage="c:\projekty\nunittestproject\bin\debug\netcoreapp3.1\nunittestproject.dll" id="85799221-0b36-0e4a-ef29-ad83f50e6bbd">
      <Execution id="0b09c443-8524-427b-9348-79f6aacafba2" />
      <TestMethod codeBase="C:\Projekty\NUnitTestProject\bin\Debug\netcoreapp3.1\NUnitTestProject.dll" adapterTypeName="executor://nunit3testexecutor/" className="NUnitTestProject.CurrencyHelperTests" name="FormatToStringTest1000(1568.615240217473d,&quot;1568.62 zł&quot;)" />
    </UnitTest>
    <UnitTest name="FormatToStringTest1000(31622.81414407809d,&quot;31622.81 zł&quot;)" storage="c:\projekty\nunittestproject\bin\debug\netcoreapp3.1\nunittestproject.dll" id="837f3b30-3aeb-50a8-d532-f419df9834ba">
      <Execution id="01a622b2-8fac-44c9-83d9-68f93e226683" />
      <TestMethod codeBase="C:\Projekty\NUnitTestProject\bin\Debug\netcoreapp3.1\NUnitTestProject.dll" adapterTypeName="executor://nunit3testexecutor/" className="NUnitTestProject.CurrencyHelperTests" name="FormatToStringTest1000(31622.81414407809d,&quot;31622.81 zł&quot;)" />
    </UnitTest>
    <UnitTest name="FormatToStringTest1000(88584.97010041306d,&quot;88584.97 zł&quot;)" storage="c:\projekty\nunittestproject\bin\debug\netcoreapp3.1\nunittestproject.dll" id="acc05f4a-9abc-39e3-e875-400f69bcea41">
      <Execution id="8a5b25c5-0c86-46eb-8353-89fb54260dbf" />
      <TestMethod codeBase="C:\Projekty\NUnitTestProject\bin\Debug\netcoreapp3.1\NUnitTestProject.dll" adapterTypeName="executor://nunit3testexecutor/" className="NUnitTestProject.CurrencyHelperTests" name="FormatToStringTest1000(88584.97010041306d,&quot;88584.97 zł&quot;)" />
    </UnitTest>
    <UnitTest name="FormatToStringTest1000(7951.322730072458d,&quot;7951.32 zł&quot;)" storage="c:\projekty\nunittestproject\bin\debug\netcoreapp3.1\nunittestproject.dll" id="92fd78dd-20f7-b708-0603-1911a96c9737">
      <Execution id="1e0ada3d-328f-4e0b-ba75-38ede7587b69" />
      <TestMethod codeBase="C:\Projekty\NUnitTestProject\bin\Debug\netcoreapp3.1\NUnitTestProject.dll" adapterTypeName="executor://nunit3testexecutor/" className="NUnitTestProject.CurrencyHelperTests" name="FormatToStringTest1000(7951.322730072458d,&quot;7951.32 zł&quot;)" />
    </UnitTest>
    <UnitTest name="FormatToStringTest1000(69864.17463991146d,&quot;69864.17 zł&quot;)" storage="c:\projekty\nunittestproject\bin\debug\netcoreapp3.1\nunittestproject.dll" id="f7f48920-cf43-fd74-5fcd-5b275d41553a">
      <Execution id="16befeef-5fc3-4718-8ecd-1d4bafd0b9af" />
      <TestMethod codeBase="C:\Projekty\NUnitTestProject\bin\Debug\netcoreapp3.1\NUnitTestProject.dll" adapterTypeName="executor://nunit3testexecutor/" className="NUnitTestProject.CurrencyHelperTests" name="FormatToStringTest1000(69864.17463991146d,&quot;69864.17 zł&quot;)" />
    </UnitTest>
    <UnitTest name="FormatToStringTest1000(3092.9215945624383d,&quot;3092.92 zł&quot;)" storage="c:\projekty\nunittestproject\bin\debug\netcoreapp3.1\nunittestproject.dll" id="45d434bd-96d2-7ca0-c594-4cf5e3f89416">
      <Execution id="6062f98f-7a4a-481a-a9e6-33f6fd274f73" />
      <TestMethod codeBase="C:\Projekty\NUnitTestProject\bin\Debug\netcoreapp3.1\NUnitTestProject.dll" adapterTypeName="executor://nunit3testexecutor/" className="NUnitTestProject.CurrencyHelperTests" name="FormatToStringTest1000(3092.9215945624383d,&quot;3092.92 zł&quot;)" />
    </UnitTest>
    <UnitTest name="FormatToStringTest1000(30020.248557890412d,&quot;30020.25 zł&quot;)" storage="c:\projekty\nunittestproject\bin\debug\netcoreapp3.1\nunittestproject.dll" id="94726e39-ff6c-190e-418c-075986e08585">
      <Execution id="dcc9089d-762e-47b7-b505-0267c9914638" />
      <TestMethod codeBase="C:\Projekty\NUnitTestProject\bin\Debug\netcoreapp3.1\NUnitTestProject.dll" adapterTypeName="executor://nunit3testexecutor/" className="NUnitTestProject.CurrencyHelperTests" name="FormatToStringTest1000(30020.248557890412d,&quot;30020.25 zł&quot;)" />
    </UnitTest>
    <UnitTest name="FormatToStringTest1000(5507.360659962688d,&quot;5507.36 zł&quot;)" storage="c:\projekty\nunittestproject\bin\debug\netcoreapp3.1\nunittestproject.dll" id="08b0137c-0bdc-e87f-be30-d8edbdf991c1">
      <Execution id="8cf756e8-321a-4ddb-be63-7338ac7ab696" />
      <TestMethod codeBase="C:\Projekty\NUnitTestProject\bin\Debug\netcoreapp3.1\NUnitTestProject.dll" adapterTypeName="executor://nunit3testexecutor/" className="NUnitTestProject.CurrencyHelperTests" name="FormatToStringTest1000(5507.360659962688d,&quot;5507.36 zł&quot;)" />
    </UnitTest>
    <UnitTest name="FormatToStringTest1000(7621.507806692509d,&quot;7621.51 zł&quot;)" storage="c:\projekty\nunittestproject\bin\debug\netcoreapp3.1\nunittestproject.dll" id="1ead85ed-9e84-e345-248b-37b2bb2fd57c">
      <Execution id="4333058e-6c83-40bb-8494-b68e84f03cf0" />
      <TestMethod codeBase="C:\Projekty\NUnitTestProject\bin\Debug\netcoreapp3.1\NUnitTestProject.dll" adapterTypeName="executor://nunit3testexecutor/" className="NUnitTestProject.CurrencyHelperTests" name="FormatToStringTest1000(7621.507806692509d,&quot;7621.51 zł&quot;)" />
    </UnitTest>
    <UnitTest name="FormatToStringTest1000(3477.860963622509d,&quot;3477.86 zł&quot;)" storage="c:\projekty\nunittestproject\bin\debug\netcoreapp3.1\nunittestproject.dll" id="bbce4fa8-10c7-16ce-b8b0-bbab48797f43">
      <Execution id="a7151e0e-5d02-404c-aa10-16b3a473c40e" />
      <TestMethod codeBase="C:\Projekty\NUnitTestProject\bin\Debug\netcoreapp3.1\NUnitTestProject.dll" adapterTypeName="executor://nunit3testexecutor/" className="NUnitTestProject.CurrencyHelperTests" name="FormatToStringTest1000(3477.860963622509d,&quot;3477.86 zł&quot;)" />
    </UnitTest>
    <UnitTest name="FormatToStringTest1000(1739.5853778997368d,&quot;1739.59 zł&quot;)" storage="c:\projekty\nunittestproject\bin\debug\netcoreapp3.1\nunittestproject.dll" id="4b28edc9-10aa-dd25-05d6-efbec430bd7a">
      <Execution id="abc89b1d-5349-49af-b598-c7d833d8e1e0" />
      <TestMethod codeBase="C:\Projekty\NUnitTestProject\bin\Debug\netcoreapp3.1\NUnitTestProject.dll" adapterTypeName="executor://nunit3testexecutor/" className="NUnitTestProject.CurrencyHelperTests" name="FormatToStringTest1000(1739.5853778997368d,&quot;1739.59 zł&quot;)" />
    </UnitTest>
    <UnitTest name="FormatToStringTest1000(4419.750844657306d,&quot;4419.75 zł&quot;)" storage="c:\projekty\nunittestproject\bin\debug\netcoreapp3.1\nunittestproject.dll" id="d2fc2ae7-e3b1-dc92-6628-90e5bb16c5d2">
      <Execution id="0da13f99-63df-465e-890e-6280527ab674" />
      <TestMethod codeBase="C:\Projekty\NUnitTestProject\bin\Debug\netcoreapp3.1\NUnitTestProject.dll" adapterTypeName="executor://nunit3testexecutor/" className="NUnitTestProject.CurrencyHelperTests" name="FormatToStringTest1000(4419.750844657306d,&quot;4419.75 zł&quot;)" />
    </UnitTest>
    <UnitTest name="FormatToStringTest1000(181.3640542483721d,&quot;181.36 zł&quot;)" storage="c:\projekty\nunittestproject\bin\debug\netcoreapp3.1\nunittestproject.dll" id="b27808d6-4355-5292-3153-64fb93821ea0">
      <Execution id="ef5385f2-690e-4231-ae4b-61ba4f7bf31e" />
      <TestMethod codeBase="C:\Projekty\NUnitTestProject\bin\Debug\netcoreapp3.1\NUnitTestProject.dll" adapterTypeName="executor://nunit3testexecutor/" className="NUnitTestProject.CurrencyHelperTests" name="FormatToStringTest1000(181.3640542483721d,&quot;181.36 zł&quot;)" />
    </UnitTest>
    <UnitTest name="FormatToStringTest1000(272.5621069118204d,&quot;272.56 zł&quot;)" storage="c:\projekty\nunittestproject\bin\debug\netcoreapp3.1\nunittestproject.dll" id="04969f67-b379-916a-3275-e53bd0718ea4">
      <Execution id="41a75768-516b-4856-b435-49cab5cedbde" />
      <TestMethod codeBase="C:\Projekty\NUnitTestProject\bin\Debug\netcoreapp3.1\NUnitTestProject.dll" adapterTypeName="executor://nunit3testexecutor/" className="NUnitTestProject.CurrencyHelperTests" name="FormatToStringTest1000(272.5621069118204d,&quot;272.56 zł&quot;)" />
    </UnitTest>
    <UnitTest name="FormatToStringTest1000(30533.30031120838d,&quot;30533.30 zł&quot;)" storage="c:\projekty\nunittestproject\bin\debug\netcoreapp3.1\nunittestproject.dll" id="c6aaa130-65a2-a877-78a2-df837cd09244">
      <Execution id="48a47a7a-9915-4de8-b9fb-328edfd9a95d" />
      <TestMethod codeBase="C:\Projekty\NUnitTestProject\bin\Debug\netcoreapp3.1\NUnitTestProject.dll" adapterTypeName="executor://nunit3testexecutor/" className="NUnitTestProject.CurrencyHelperTests" name="FormatToStringTest1000(30533.30031120838d,&quot;30533.30 zł&quot;)" />
    </UnitTest>
    <UnitTest name="FormatToStringTest1000(317.9090540706688d,&quot;317.91 zł&quot;)" storage="c:\projekty\nunittestproject\bin\debug\netcoreapp3.1\nunittestproject.dll" id="a4b13a66-9eee-466b-b0fc-fbf88e46d5b1">
      <Execution id="5cf7a9f3-d945-492c-907d-5500d1cd890c" />
      <TestMethod codeBase="C:\Projekty\NUnitTestProject\bin\Debug\netcoreapp3.1\NUnitTestProject.dll" adapterTypeName="executor://nunit3testexecutor/" className="NUnitTestProject.CurrencyHelperTests" name="FormatToStringTest1000(317.9090540706688d,&quot;317.91 zł&quot;)" />
    </UnitTest>
    <UnitTest name="FormatToStringTest1000(63291.50274994015d,&quot;63291.50 zł&quot;)" storage="c:\projekty\nunittestproject\bin\debug\netcoreapp3.1\nunittestproject.dll" id="491de118-700b-88eb-ac68-d71ffdabe000">
      <Execution id="56df9838-0c77-476c-9492-dcf2112cb1b9" />
      <TestMethod codeBase="C:\Projekty\NUnitTestProject\bin\Debug\netcoreapp3.1\NUnitTestProject.dll" adapterTypeName="executor://nunit3testexecutor/" className="NUnitTestProject.CurrencyHelperTests" name="FormatToStringTest1000(63291.50274994015d,&quot;63291.50 zł&quot;)" />
    </UnitTest>
    <UnitTest name="FormatToStringTest1000(2346.9964869427477d,&quot;2347.00 zł&quot;)" storage="c:\projekty\nunittestproject\bin\debug\netcoreapp3.1\nunittestproject.dll" id="c54c0d26-3d52-7638-d0ec-e651814ad808">
      <Execution id="caeb9964-4ca8-4dad-9934-b26100ed0514" />
      <TestMethod codeBase="C:\Projekty\NUnitTestProject\bin\Debug\netcoreapp3.1\NUnitTestProject.dll" adapterTypeName="executor://nunit3testexecutor/" className="NUnitTestProject.CurrencyHelperTests" name="FormatToStringTest1000(2346.9964869427477d,&quot;2347.00 zł&quot;)" />
    </UnitTest>
    <UnitTest name="FormatToStringTest1000(66053.95451852398d,&quot;66053.95 zł&quot;)" storage="c:\projekty\nunittestproject\bin\debug\netcoreapp3.1\nunittestproject.dll" id="451dabd5-e4bb-ea9d-054e-87b0f58becfa">
      <Execution id="89bf001e-e0ec-4dc9-a7fd-5677d6442a22" />
      <TestMethod codeBase="C:\Projekty\NUnitTestProject\bin\Debug\netcoreapp3.1\NUnitTestProject.dll" adapterTypeName="executor://nunit3testexecutor/" className="NUnitTestProject.CurrencyHelperTests" name="FormatToStringTest1000(66053.95451852398d,&quot;66053.95 zł&quot;)" />
    </UnitTest>
    <UnitTest name="FormatToStringTest1000(748.6264857065987d,&quot;748.63 zł&quot;)" storage="c:\projekty\nunittestproject\bin\debug\netcoreapp3.1\nunittestproject.dll" id="1ea77442-f3cd-edae-4255-8405196cf08f">
      <Execution id="c81c51eb-7059-4242-8eb3-fdd197364665" />
      <TestMethod codeBase="C:\Projekty\NUnitTestProject\bin\Debug\netcoreapp3.1\NUnitTestProject.dll" adapterTypeName="executor://nunit3testexecutor/" className="NUnitTestProject.CurrencyHelperTests" name="FormatToStringTest1000(748.6264857065987d,&quot;748.63 zł&quot;)" />
    </UnitTest>
    <UnitTest name="FormatToStringTest1000(29796.909338079815d,&quot;29796.91 zł&quot;)" storage="c:\projekty\nunittestproject\bin\debug\netcoreapp3.1\nunittestproject.dll" id="45e81eff-7762-2319-5d11-e20e90ac1295">
      <Execution id="039b314f-412e-40f4-87fb-dd55260e84bf" />
      <TestMethod codeBase="C:\Projekty\NUnitTestProject\bin\Debug\netcoreapp3.1\NUnitTestProject.dll" adapterTypeName="executor://nunit3testexecutor/" className="NUnitTestProject.CurrencyHelperTests" name="FormatToStringTest1000(29796.909338079815d,&quot;29796.91 zł&quot;)" />
    </UnitTest>
    <UnitTest name="FormatToStringTest1000(20445.11280083149d,&quot;20445.11 zł&quot;)" storage="c:\projekty\nunittestproject\bin\debug\netcoreapp3.1\nunittestproject.dll" id="58ed8150-ee65-8df8-a854-bba06457b4da">
      <Execution id="a433968c-3039-4b91-9eec-c92c4acb240b" />
      <TestMethod codeBase="C:\Projekty\NUnitTestProject\bin\Debug\netcoreapp3.1\NUnitTestProject.dll" adapterTypeName="executor://nunit3testexecutor/" className="NUnitTestProject.CurrencyHelperTests" name="FormatToStringTest1000(20445.11280083149d,&quot;20445.11 zł&quot;)" />
    </UnitTest>
    <UnitTest name="FormatToStringTest1000(33601.357302459124d,&quot;33601.36 zł&quot;)" storage="c:\projekty\nunittestproject\bin\debug\netcoreapp3.1\nunittestproject.dll" id="4981a909-3e1a-e6df-4bdc-c1e8e4928845">
      <Execution id="74251a38-9756-4720-899f-47334a3d4b5b" />
      <TestMethod codeBase="C:\Projekty\NUnitTestProject\bin\Debug\netcoreapp3.1\NUnitTestProject.dll" adapterTypeName="executor://nunit3testexecutor/" className="NUnitTestProject.CurrencyHelperTests" name="FormatToStringTest1000(33601.357302459124d,&quot;33601.36 zł&quot;)" />
    </UnitTest>
    <UnitTest name="FormatToStringTest1000(17098.491445727876d,&quot;17098.49 zł&quot;)" storage="c:\projekty\nunittestproject\bin\debug\netcoreapp3.1\nunittestproject.dll" id="a3cd1e56-7e87-cbfe-4696-2cfc61bd79f6">
      <Execution id="d772a00b-1daa-419a-baca-c7c2daff1ab3" />
      <TestMethod codeBase="C:\Projekty\NUnitTestProject\bin\Debug\netcoreapp3.1\NUnitTestProject.dll" adapterTypeName="executor://nunit3testexecutor/" className="NUnitTestProject.CurrencyHelperTests" name="FormatToStringTest1000(17098.491445727876d,&quot;17098.49 zł&quot;)" />
    </UnitTest>
    <UnitTest name="FormatToStringTest1000(4669.392596858271d,&quot;4669.39 zł&quot;)" storage="c:\projekty\nunittestproject\bin\debug\netcoreapp3.1\nunittestproject.dll" id="deeaa6b3-3ff5-0109-60b8-733b4bfcf2d5">
      <Execution id="f8165835-77f2-4b4c-ab03-f3530fc1e3f4" />
      <TestMethod codeBase="C:\Projekty\NUnitTestProject\bin\Debug\netcoreapp3.1\NUnitTestProject.dll" adapterTypeName="executor://nunit3testexecutor/" className="NUnitTestProject.CurrencyHelperTests" name="FormatToStringTest1000(4669.392596858271d,&quot;4669.39 zł&quot;)" />
    </UnitTest>
    <UnitTest name="FormatToStringTest1000(29474.095826699442d,&quot;29474.10 zł&quot;)" storage="c:\projekty\nunittestproject\bin\debug\netcoreapp3.1\nunittestproject.dll" id="8d93f248-c3e9-e97f-b3e2-6491b331020f">
      <Execution id="54521822-b6a5-416f-9432-e115a50a2b06" />
      <TestMethod codeBase="C:\Projekty\NUnitTestProject\bin\Debug\netcoreapp3.1\NUnitTestProject.dll" adapterTypeName="executor://nunit3testexecutor/" className="NUnitTestProject.CurrencyHelperTests" name="FormatToStringTest1000(29474.095826699442d,&quot;29474.10 zł&quot;)" />
    </UnitTest>
    <UnitTest name="FormatToStringTest1000(658.7555888573431d,&quot;658.76 zł&quot;)" storage="c:\projekty\nunittestproject\bin\debug\netcoreapp3.1\nunittestproject.dll" id="ddd788b7-fa29-d0c9-c87b-c6974b37dc7d">
      <Execution id="96d29632-0671-4848-b0c4-fb7cadfbce1c" />
      <TestMethod codeBase="C:\Projekty\NUnitTestProject\bin\Debug\netcoreapp3.1\NUnitTestProject.dll" adapterTypeName="executor://nunit3testexecutor/" className="NUnitTestProject.CurrencyHelperTests" name="FormatToStringTest1000(658.7555888573431d,&quot;658.76 zł&quot;)" />
    </UnitTest>
    <UnitTest name="FormatToStringTest1000(12641.700665183225d,&quot;12641.70 zł&quot;)" storage="c:\projekty\nunittestproject\bin\debug\netcoreapp3.1\nunittestproject.dll" id="942f2440-35ec-8291-0e34-266a90087e97">
      <Execution id="ec4b6e1d-f293-4de5-9ad8-1518f3766beb" />
      <TestMethod codeBase="C:\Projekty\NUnitTestProject\bin\Debug\netcoreapp3.1\NUnitTestProject.dll" adapterTypeName="executor://nunit3testexecutor/" className="NUnitTestProject.CurrencyHelperTests" name="FormatToStringTest1000(12641.700665183225d,&quot;12641.70 zł&quot;)" />
    </UnitTest>
    <UnitTest name="FormatToStringTest1000(11584.045280779732d,&quot;11584.05 zł&quot;)" storage="c:\projekty\nunittestproject\bin\debug\netcoreapp3.1\nunittestproject.dll" id="b8f799c6-5cbe-3da8-b8f8-1ee56d7fcf02">
      <Execution id="b3b8cf49-f35c-42e1-b5ee-5e5df7570544" />
      <TestMethod codeBase="C:\Projekty\NUnitTestProject\bin\Debug\netcoreapp3.1\NUnitTestProject.dll" adapterTypeName="executor://nunit3testexecutor/" className="NUnitTestProject.CurrencyHelperTests" name="FormatToStringTest1000(11584.045280779732d,&quot;11584.05 zł&quot;)" />
    </UnitTest>
    <UnitTest name="FormatToStringTest1000(48084.94422955389d,&quot;48084.94 zł&quot;)" storage="c:\projekty\nunittestproject\bin\debug\netcoreapp3.1\nunittestproject.dll" id="91285e79-b6fd-7585-384e-bbf4da4c2bcd">
      <Execution id="64d850f6-80ed-4f17-ae7a-e718d12e82aa" />
      <TestMethod codeBase="C:\Projekty\NUnitTestProject\bin\Debug\netcoreapp3.1\NUnitTestProject.dll" adapterTypeName="executor://nunit3testexecutor/" className="NUnitTestProject.CurrencyHelperTests" name="FormatToStringTest1000(48084.94422955389d,&quot;48084.94 zł&quot;)" />
    </UnitTest>
    <UnitTest name="FormatToStringTest1000(38253.101637909705d,&quot;38253.10 zł&quot;)" storage="c:\projekty\nunittestproject\bin\debug\netcoreapp3.1\nunittestproject.dll" id="e38d99c7-c0fe-6520-2d4e-c3d7dce714b0">
      <Execution id="e45122e1-c8b5-4cba-b69a-319fcfb6c6b6" />
      <TestMethod codeBase="C:\Projekty\NUnitTestProject\bin\Debug\netcoreapp3.1\NUnitTestProject.dll" adapterTypeName="executor://nunit3testexecutor/" className="NUnitTestProject.CurrencyHelperTests" name="FormatToStringTest1000(38253.101637909705d,&quot;38253.10 zł&quot;)" />
    </UnitTest>
    <UnitTest name="FormatToStringTest1000(17315.72309779363d,&quot;17315.72 zł&quot;)" storage="c:\projekty\nunittestproject\bin\debug\netcoreapp3.1\nunittestproject.dll" id="3303c520-a64a-555f-afb5-ac27a0847525">
      <Execution id="8c5c3dd2-e07b-45a1-bf94-683cb5257e7b" />
      <TestMethod codeBase="C:\Projekty\NUnitTestProject\bin\Debug\netcoreapp3.1\NUnitTestProject.dll" adapterTypeName="executor://nunit3testexecutor/" className="NUnitTestProject.CurrencyHelperTests" name="FormatToStringTest1000(17315.72309779363d,&quot;17315.72 zł&quot;)" />
    </UnitTest>
    <UnitTest name="FormatToStringTest1000(77904.0088552246d,&quot;77904.01 zł&quot;)" storage="c:\projekty\nunittestproject\bin\debug\netcoreapp3.1\nunittestproject.dll" id="333dd064-5f53-dea9-59e8-b7071262f9e7">
      <Execution id="309e8abc-634c-4d69-bc29-8424f33565fc" />
      <TestMethod codeBase="C:\Projekty\NUnitTestProject\bin\Debug\netcoreapp3.1\NUnitTestProject.dll" adapterTypeName="executor://nunit3testexecutor/" className="NUnitTestProject.CurrencyHelperTests" name="FormatToStringTest1000(77904.0088552246d,&quot;77904.01 zł&quot;)" />
    </UnitTest>
    <UnitTest name="FormatToStringTest1000(15080.274618567097d,&quot;15080.27 zł&quot;)" storage="c:\projekty\nunittestproject\bin\debug\netcoreapp3.1\nunittestproject.dll" id="45b47e45-8abc-9102-029a-0eb6ca1d5e58">
      <Execution id="0940824c-f22d-45b9-88f2-431cbc181841" />
      <TestMethod codeBase="C:\Projekty\NUnitTestProject\bin\Debug\netcoreapp3.1\NUnitTestProject.dll" adapterTypeName="executor://nunit3testexecutor/" className="NUnitTestProject.CurrencyHelperTests" name="FormatToStringTest1000(15080.274618567097d,&quot;15080.27 zł&quot;)" />
    </UnitTest>
    <UnitTest name="FormatToStringTest1000(6417.5922460628635d,&quot;6417.59 zł&quot;)" storage="c:\projekty\nunittestproject\bin\debug\netcoreapp3.1\nunittestproject.dll" id="8237afc1-9210-54d8-45bd-84bf26e08f89">
      <Execution id="a0f59a8d-849d-478e-b0ae-f01ec4aee4c3" />
      <TestMethod codeBase="C:\Projekty\NUnitTestProject\bin\Debug\netcoreapp3.1\NUnitTestProject.dll" adapterTypeName="executor://nunit3testexecutor/" className="NUnitTestProject.CurrencyHelperTests" name="FormatToStringTest1000(6417.5922460628635d,&quot;6417.59 zł&quot;)" />
    </UnitTest>
    <UnitTest name="FormatToStringTest1000(75915.01943546813d,&quot;75915.02 zł&quot;)" storage="c:\projekty\nunittestproject\bin\debug\netcoreapp3.1\nunittestproject.dll" id="37887ca9-f36b-5081-1e8a-5e4e1fff4e53">
      <Execution id="bc8f01fb-0782-4130-af9f-283a89e7c928" />
      <TestMethod codeBase="C:\Projekty\NUnitTestProject\bin\Debug\netcoreapp3.1\NUnitTestProject.dll" adapterTypeName="executor://nunit3testexecutor/" className="NUnitTestProject.CurrencyHelperTests" name="FormatToStringTest1000(75915.01943546813d,&quot;75915.02 zł&quot;)" />
    </UnitTest>
    <UnitTest name="FormatToStringTest1000(1613.6903705837626d,&quot;1613.69 zł&quot;)" storage="c:\projekty\nunittestproject\bin\debug\netcoreapp3.1\nunittestproject.dll" id="fecd618d-f97f-f547-1637-5166bd092d76">
      <Execution id="5adaafc4-78d8-4751-995e-e4b050c08a34" />
      <TestMethod codeBase="C:\Projekty\NUnitTestProject\bin\Debug\netcoreapp3.1\NUnitTestProject.dll" adapterTypeName="executor://nunit3testexecutor/" className="NUnitTestProject.CurrencyHelperTests" name="FormatToStringTest1000(1613.6903705837626d,&quot;1613.69 zł&quot;)" />
    </UnitTest>
    <UnitTest name="FormatToStringTest1000(52810.91713865516d,&quot;52810.92 zł&quot;)" storage="c:\projekty\nunittestproject\bin\debug\netcoreapp3.1\nunittestproject.dll" id="b34ac9b1-7b20-291d-6caf-28aeffc4e30f">
      <Execution id="8b13dd7c-9eb5-4bd2-bc41-3543d62be5ba" />
      <TestMethod codeBase="C:\Projekty\NUnitTestProject\bin\Debug\netcoreapp3.1\NUnitTestProject.dll" adapterTypeName="executor://nunit3testexecutor/" className="NUnitTestProject.CurrencyHelperTests" name="FormatToStringTest1000(52810.91713865516d,&quot;52810.92 zł&quot;)" />
    </UnitTest>
    <UnitTest name="FormatToStringTest1000(34458.5406463512d,&quot;34458.54 zł&quot;)" storage="c:\projekty\nunittestproject\bin\debug\netcoreapp3.1\nunittestproject.dll" id="a35c67b3-dcd5-5426-949a-a2a9a2f95735">
      <Execution id="56788ab8-06b0-4712-868d-cf7fdf7d7a0d" />
      <TestMethod codeBase="C:\Projekty\NUnitTestProject\bin\Debug\netcoreapp3.1\NUnitTestProject.dll" adapterTypeName="executor://nunit3testexecutor/" className="NUnitTestProject.CurrencyHelperTests" name="FormatToStringTest1000(34458.5406463512d,&quot;34458.54 zł&quot;)" />
    </UnitTest>
    <UnitTest name="FormatToStringTest1000(823.2747994560166d,&quot;823.27 zł&quot;)" storage="c:\projekty\nunittestproject\bin\debug\netcoreapp3.1\nunittestproject.dll" id="a6878771-c471-f5b9-95dc-467df24cdd5b">
      <Execution id="8807e0d2-0c7f-4304-a7ed-2ac9abfe36b9" />
      <TestMethod codeBase="C:\Projekty\NUnitTestProject\bin\Debug\netcoreapp3.1\NUnitTestProject.dll" adapterTypeName="executor://nunit3testexecutor/" className="NUnitTestProject.CurrencyHelperTests" name="FormatToStringTest1000(823.2747994560166d,&quot;823.27 zł&quot;)" />
    </UnitTest>
    <UnitTest name="FormatToStringTest1000(42383.08993972982d,&quot;42383.09 zł&quot;)" storage="c:\projekty\nunittestproject\bin\debug\netcoreapp3.1\nunittestproject.dll" id="6b78f8da-fc12-62dc-9f88-c5e10a98f007">
      <Execution id="4a9623bd-2092-4b94-a66c-279ea176fa92" />
      <TestMethod codeBase="C:\Projekty\NUnitTestProject\bin\Debug\netcoreapp3.1\NUnitTestProject.dll" adapterTypeName="executor://nunit3testexecutor/" className="NUnitTestProject.CurrencyHelperTests" name="FormatToStringTest1000(42383.08993972982d,&quot;42383.09 zł&quot;)" />
    </UnitTest>
    <UnitTest name="FormatToStringTest1000(7890.044272348771d,&quot;7890.04 zł&quot;)" storage="c:\projekty\nunittestproject\bin\debug\netcoreapp3.1\nunittestproject.dll" id="fd8f048e-524e-5d70-1d66-0ffeb121313b">
      <Execution id="7776f477-b13f-4a49-b2ad-09bb22fc6afe" />
      <TestMethod codeBase="C:\Projekty\NUnitTestProject\bin\Debug\netcoreapp3.1\NUnitTestProject.dll" adapterTypeName="executor://nunit3testexecutor/" className="NUnitTestProject.CurrencyHelperTests" name="FormatToStringTest1000(7890.044272348771d,&quot;7890.04 zł&quot;)" />
    </UnitTest>
  </TestDefinitions>
  <TestEntries>
    <TestEntry testId="57f0eaa3-633d-272b-64dc-58e0ae797fbb" executionId="bb01dc74-bea0-41b1-9c86-f8cd1f098177" testListId="8c84fa94-04c1-424b-9868-57a2d4851a1d" />
    <TestEntry testId="c8d9f475-0d2c-01ff-49f8-896beab958d5" executionId="6a8d5508-4c65-4dcf-8fca-1ff0c81e29fc" testListId="8c84fa94-04c1-424b-9868-57a2d4851a1d" />
    <TestEntry testId="72c240ff-79c5-ef41-5967-e3c497b7b2c0" executionId="78e7359b-e6f6-46b5-b4a9-7bfae47486d0" testListId="8c84fa94-04c1-424b-9868-57a2d4851a1d" />
    <TestEntry testId="0af23d0c-f1f0-deb1-181c-c50389a37384" executionId="0e16f94c-0d22-4fc7-8c3e-ca855ed17df3" testListId="8c84fa94-04c1-424b-9868-57a2d4851a1d" />
    <TestEntry testId="cdb063aa-c8f9-b0b9-d5b0-6f880917f1b4" executionId="174bc38a-0f4c-4e07-83f4-c2b48638d9ec" testListId="8c84fa94-04c1-424b-9868-57a2d4851a1d" />
    <TestEntry testId="d61c5a24-3052-33c6-809a-bcd51f433ccc" executionId="fbd8ee5a-fb7e-457f-a61d-32bafb99e7e4" testListId="8c84fa94-04c1-424b-9868-57a2d4851a1d" />
    <TestEntry testId="a6621eb8-15a7-fc8e-d862-31d4f5bc69d0" executionId="b0514560-fb11-4c90-8791-c925146b7cc3" testListId="8c84fa94-04c1-424b-9868-57a2d4851a1d" />
    <TestEntry testId="ea15b94d-4a9c-5bee-a95c-770e518c855b" executionId="ab173025-dd19-4da0-a0e2-a29f101d8e0f" testListId="8c84fa94-04c1-424b-9868-57a2d4851a1d" />
    <TestEntry testId="333dd064-5f53-dea9-59e8-b7071262f9e7" executionId="309e8abc-634c-4d69-bc29-8424f33565fc" testListId="8c84fa94-04c1-424b-9868-57a2d4851a1d" />
    <TestEntry testId="ccf96e16-5dc0-3f30-2892-511f78cf3dfc" executionId="69547c60-b616-4577-b932-3673a4e12e0f" testListId="8c84fa94-04c1-424b-9868-57a2d4851a1d" />
    <TestEntry testId="aa52f83a-fd01-4271-59b5-322ecc9f9333" executionId="9da751d4-94a0-46a9-8e5f-bbec6c3da69a" testListId="8c84fa94-04c1-424b-9868-57a2d4851a1d" />
    <TestEntry testId="7b7d00bb-4c5b-d8fb-b3ca-8abd900cc00f" executionId="1976d549-e5df-46da-94df-4f9cd1424df8" testListId="8c84fa94-04c1-424b-9868-57a2d4851a1d" />
    <TestEntry testId="6700c77f-a72c-833c-b2d9-a0d02a9534be" executionId="c44561cd-0c3a-40f6-96f5-a7433ba0f61f" testListId="8c84fa94-04c1-424b-9868-57a2d4851a1d" />
    <TestEntry testId="853ab17c-1011-8c0b-9611-6a309f52ffd7" executionId="6b0f749c-aca5-4cb8-8080-62c6fcd81907" testListId="8c84fa94-04c1-424b-9868-57a2d4851a1d" />
    <TestEntry testId="d7323b46-e742-10c6-7291-609e242e6eac" executionId="5318e9cc-a9fa-4f8a-9390-bac94132ce74" testListId="8c84fa94-04c1-424b-9868-57a2d4851a1d" />
    <TestEntry testId="a9bdfcdb-7bc0-3167-07a5-dafa13fc5389" executionId="1eeee530-c0db-475f-b042-afb4f15abdbb" testListId="8c84fa94-04c1-424b-9868-57a2d4851a1d" />
    <TestEntry testId="bf8e531c-343c-5c0a-d3e5-66c9023885a3" executionId="09ca64e7-ef8a-41fa-b202-309d0b7c714c" testListId="8c84fa94-04c1-424b-9868-57a2d4851a1d" />
    <TestEntry testId="4b09d9c5-8012-6286-2d8c-2f6f560e7a3d" executionId="187c74cb-9140-48ac-825c-4da39d7d5cc9" testListId="8c84fa94-04c1-424b-9868-57a2d4851a1d" />
    <TestEntry testId="7476f680-f31f-6c35-e7e5-6a1da5d08bf1" executionId="d20754e1-8a60-4541-8bf0-3bad625aa062" testListId="8c84fa94-04c1-424b-9868-57a2d4851a1d" />
    <TestEntry testId="19f5bc79-d564-bb1a-c016-f7779e568c5d" executionId="053b62dc-6226-4b92-8ddb-e89b2b9856bc" testListId="8c84fa94-04c1-424b-9868-57a2d4851a1d" />
    <TestEntry testId="958c8c55-b3b0-31c1-8935-1d44afe5a8c0" executionId="024550e7-9ded-4f25-a1bb-ce2f343b55e7" testListId="8c84fa94-04c1-424b-9868-57a2d4851a1d" />
    <TestEntry testId="764dde41-f2ed-c432-64e0-910368db710d" executionId="a36547aa-0563-40df-a2f7-f929208d3d10" testListId="8c84fa94-04c1-424b-9868-57a2d4851a1d" />
    <TestEntry testId="c799afbc-d101-a624-f73a-4e94981b0f2a" executionId="f698fdb3-7ade-4132-a25b-d61e097fb81e" testListId="8c84fa94-04c1-424b-9868-57a2d4851a1d" />
    <TestEntry testId="8119f190-7ed2-77b1-76a6-83f33e4cf393" executionId="2bb38fad-b48e-453d-9dc9-c88c2b0fc805" testListId="8c84fa94-04c1-424b-9868-57a2d4851a1d" />
    <TestEntry testId="81df71bb-e962-4121-4d15-80e255b37b1f" executionId="9bcf9790-229d-4fcd-81f4-ee472ef5eeaf" testListId="8c84fa94-04c1-424b-9868-57a2d4851a1d" />
    <TestEntry testId="4981a909-3e1a-e6df-4bdc-c1e8e4928845" executionId="74251a38-9756-4720-899f-47334a3d4b5b" testListId="8c84fa94-04c1-424b-9868-57a2d4851a1d" />
    <TestEntry testId="f0159238-5dbe-94b2-dc06-cbfbca0e38a0" executionId="6671a5cc-339a-4200-83b2-2da11e36933f" testListId="8c84fa94-04c1-424b-9868-57a2d4851a1d" />
    <TestEntry testId="0107bc98-e88d-a137-c4d8-ff01a11c4723" executionId="bb97179b-991c-478e-8c91-852a5224c139" testListId="8c84fa94-04c1-424b-9868-57a2d4851a1d" />
    <TestEntry testId="d6353a5c-aebf-48c3-7e68-77f3a0ea8301" executionId="ce2db7e0-be8d-48e8-aec3-d5bdd21a49fc" testListId="8c84fa94-04c1-424b-9868-57a2d4851a1d" />
    <TestEntry testId="50412f91-cd15-dc69-c1d6-5d9dbd95d4af" executionId="18107572-b5ad-49c5-a665-533d8b536830" testListId="8c84fa94-04c1-424b-9868-57a2d4851a1d" />
    <TestEntry testId="2e664e3e-5b40-d901-9f2b-e816fa56a993" executionId="05f40abd-0070-425f-b030-a3e84ea120bd" testListId="8c84fa94-04c1-424b-9868-57a2d4851a1d" />
    <TestEntry testId="fb12626f-6bd8-49ed-e189-ad76e4b7496b" executionId="a93f38ef-d96b-49c9-b3f8-b1e03c2ce757" testListId="8c84fa94-04c1-424b-9868-57a2d4851a1d" />
    <TestEntry testId="70fae426-3482-001e-3d7c-925da7888589" executionId="33e9633c-e0df-4e72-b0fa-9c8b802c530f" testListId="8c84fa94-04c1-424b-9868-57a2d4851a1d" />
    <TestEntry testId="165a8b6f-de27-26f0-6a14-cdb34a40f4c2" executionId="d34d02c9-0f76-43f6-b69b-e9b7c7685304" testListId="8c84fa94-04c1-424b-9868-57a2d4851a1d" />
    <TestEntry testId="71b5ba87-68b9-157d-6948-87a1827119b3" executionId="d6a40c62-0882-43f1-bc39-612214f43fba" testListId="8c84fa94-04c1-424b-9868-57a2d4851a1d" />
    <TestEntry testId="a5617ce6-af44-3da3-775d-82bd0343fcd9" executionId="7a10f0c7-9ad8-461c-8359-4f380161946c" testListId="8c84fa94-04c1-424b-9868-57a2d4851a1d" />
    <TestEntry testId="86ff0f06-37e1-737e-28e1-e4da0cef4001" executionId="aad69072-a91a-4ed1-898a-01a3365ec2cb" testListId="8c84fa94-04c1-424b-9868-57a2d4851a1d" />
    <TestEntry testId="03e5974c-7aa0-7aa6-bbeb-a5715ea0d1d7" executionId="b89820fb-2f28-40e4-9c98-199ad92e58c6" testListId="8c84fa94-04c1-424b-9868-57a2d4851a1d" />
    <TestEntry testId="f113347a-114d-883f-0643-fe2e125f5daa" executionId="1b7389e1-bcd9-463b-8872-bce52dd2cbbb" testListId="8c84fa94-04c1-424b-9868-57a2d4851a1d" />
    <TestEntry testId="97c96922-5169-8a4b-ec79-8c51fbb945f4" executionId="0beb905c-dc0f-4212-b4cc-8c27c916fc6e" testListId="8c84fa94-04c1-424b-9868-57a2d4851a1d" />
    <TestEntry testId="a1098879-b96c-d9e8-87b7-d514474f9769" executionId="058bd744-17d4-4cb8-9c8d-8d10f8c808a4" testListId="8c84fa94-04c1-424b-9868-57a2d4851a1d" />
    <TestEntry testId="12c8d806-dc76-730d-d276-1d289133c533" executionId="45887510-331c-46d9-8f4e-b01dbeec57eb" testListId="8c84fa94-04c1-424b-9868-57a2d4851a1d" />
    <TestEntry testId="6d4f36db-ef1e-952d-7dfb-29f4be4b6ca7" executionId="34ab0428-e03b-46be-97c6-d559366ae246" testListId="8c84fa94-04c1-424b-9868-57a2d4851a1d" />
    <TestEntry testId="369d8b6d-6b5f-c2d1-d938-37474ed850e0" executionId="1882f062-5786-4660-8068-2ad74733af25" testListId="8c84fa94-04c1-424b-9868-57a2d4851a1d" />
    <TestEntry testId="f2ce681e-8a28-41b9-4a1e-04b76b54add8" executionId="ec1ab61a-c1a7-4b33-976b-9c9ab68c0749" testListId="8c84fa94-04c1-424b-9868-57a2d4851a1d" />
    <TestEntry testId="f4a21ccd-5b4f-d613-e7b9-440db30d38e4" executionId="0c2be9e4-1bb2-48c9-ad2e-33a9ca04fc55" testListId="8c84fa94-04c1-424b-9868-57a2d4851a1d" />
    <TestEntry testId="2b003fb3-b141-e2a9-bad9-fff43705ee9e" executionId="7fe2d914-e703-402c-9daf-d4cfd0316c66" testListId="8c84fa94-04c1-424b-9868-57a2d4851a1d" />
    <TestEntry testId="c2833739-846c-dde5-0033-1a2de8fc4d5a" executionId="62dda1b0-fd10-4021-8b9b-08559600ac42" testListId="8c84fa94-04c1-424b-9868-57a2d4851a1d" />
    <TestEntry testId="eb2e7461-d939-c702-00f6-a6f4037fdc3f" executionId="749060fb-65a2-4d36-abcb-88afb4eb3df3" testListId="8c84fa94-04c1-424b-9868-57a2d4851a1d" />
    <TestEntry testId="942bc263-e8dd-056d-20fc-b03fc0f2fe09" executionId="9d077656-fd02-4891-81e4-18272c718882" testListId="8c84fa94-04c1-424b-9868-57a2d4851a1d" />
    <TestEntry testId="c19bcdf9-7163-0762-fc75-0cd4559b2da8" executionId="ce84c8c0-4b57-4e09-9d9b-60d5cee30f5d" testListId="8c84fa94-04c1-424b-9868-57a2d4851a1d" />
    <TestEntry testId="2a24dcb9-e2e0-3650-3ac7-5ec77389adc1" executionId="1151fafa-0a72-4d2d-b5b6-37cbadf14020" testListId="8c84fa94-04c1-424b-9868-57a2d4851a1d" />
    <TestEntry testId="20901353-a2d3-ecac-3452-4c8d3e93293d" executionId="8e42dbda-f4c0-4f27-98a2-49253689ca5c" testListId="8c84fa94-04c1-424b-9868-57a2d4851a1d" />
    <TestEntry testId="386a6353-f26d-0503-41f2-052972dc214e" executionId="eafff3da-e856-441e-a0f6-2fb44e155d8a" testListId="8c84fa94-04c1-424b-9868-57a2d4851a1d" />
    <TestEntry testId="a461dd4d-6d71-3e10-f8bf-9d15ad34f5c8" executionId="d2e58e44-54a0-4a8d-961b-d5e96bc46f28" testListId="8c84fa94-04c1-424b-9868-57a2d4851a1d" />
    <TestEntry testId="0abb1a8e-0900-a5c7-bfcc-230b4aaefe42" executionId="05ebb982-d49a-4fbe-8757-e7ceadb7b7e1" testListId="8c84fa94-04c1-424b-9868-57a2d4851a1d" />
    <TestEntry testId="d1d03651-a1e2-f6be-a8df-45190d2d89f8" executionId="cc1508ea-3fa0-41e6-b3fa-321963adfe53" testListId="8c84fa94-04c1-424b-9868-57a2d4851a1d" />
    <TestEntry testId="72f5bdbc-e270-3979-eb1f-93befbe9f9d0" executionId="095d9c82-0fad-487b-89de-637c79b1b0ff" testListId="8c84fa94-04c1-424b-9868-57a2d4851a1d" />
    <TestEntry testId="c769eba8-ab90-c528-a852-a01f625e896b" executionId="554b80cb-a237-4983-b20b-2cf5fcd36dd7" testListId="8c84fa94-04c1-424b-9868-57a2d4851a1d" />
    <TestEntry testId="5eb51ac6-bd9f-5d8a-8a44-d83118d83beb" executionId="618c2392-6bdd-4ffb-a9f4-7d1a84a758de" testListId="8c84fa94-04c1-424b-9868-57a2d4851a1d" />
    <TestEntry testId="7ae5fdac-2c37-dafa-ea81-102d467ed88a" executionId="42ba277f-8e6a-4194-b7c4-14f420e0f953" testListId="8c84fa94-04c1-424b-9868-57a2d4851a1d" />
    <TestEntry testId="bb5a2e9a-5cdb-f48d-dc56-2c3c111c851a" executionId="1ee8290a-ba69-42f8-bc0f-03e514d252d1" testListId="8c84fa94-04c1-424b-9868-57a2d4851a1d" />
    <TestEntry testId="20032a0f-2ee3-8893-1563-317bcc5ab61c" executionId="da158433-1e33-4e50-8d5d-2a18d584bee9" testListId="8c84fa94-04c1-424b-9868-57a2d4851a1d" />
    <TestEntry testId="3e4e2f06-1967-c539-7ba8-6e0f44663842" executionId="6084093d-cbb7-4d34-8a25-6520846f0b4c" testListId="8c84fa94-04c1-424b-9868-57a2d4851a1d" />
    <TestEntry testId="e24a4a8b-d823-3179-90dd-34c590157361" executionId="19d5f344-8641-44f4-9772-73feb3b01385" testListId="8c84fa94-04c1-424b-9868-57a2d4851a1d" />
    <TestEntry testId="ac23e196-8a79-cb67-41ad-c8975a08f154" executionId="d0161e13-4def-464b-bfdf-1e5218d9269d" testListId="8c84fa94-04c1-424b-9868-57a2d4851a1d" />
    <TestEntry testId="a791af51-cffc-4361-1fd8-8baf48da92e6" executionId="733cd10b-10b7-4f8a-a921-56ba21ea1bd9" testListId="8c84fa94-04c1-424b-9868-57a2d4851a1d" />
    <TestEntry testId="3e825b25-6db1-d72d-ab5d-475a3a46b642" executionId="cac22fad-eb7b-4274-b00e-db88754c5de2" testListId="8c84fa94-04c1-424b-9868-57a2d4851a1d" />
    <TestEntry testId="0d37f434-250b-5238-45a8-c128f2ef42ef" executionId="84bd413e-d5a4-4384-83a8-a4055d10837b" testListId="8c84fa94-04c1-424b-9868-57a2d4851a1d" />
    <TestEntry testId="4593d3e0-40c6-d633-5fcd-f61df33025dc" executionId="e75af51d-9bbf-4d1e-a85c-69d564d271fc" testListId="8c84fa94-04c1-424b-9868-57a2d4851a1d" />
    <TestEntry testId="ed2b1e2d-f079-ec9f-030f-6c4deaa52702" executionId="8df9fa9d-74c7-40a4-8fbc-4d9cd3349fc0" testListId="8c84fa94-04c1-424b-9868-57a2d4851a1d" />
    <TestEntry testId="3c694193-6244-2822-1520-285efe4d3761" executionId="f8d799df-5bf4-422d-a79f-a26602f7eb92" testListId="8c84fa94-04c1-424b-9868-57a2d4851a1d" />
    <TestEntry testId="02f82b15-1853-9f05-8754-8f243db3e9b1" executionId="ca854372-44a5-4e07-b55c-fc6355e2325f" testListId="8c84fa94-04c1-424b-9868-57a2d4851a1d" />
    <TestEntry testId="85867aba-850c-5842-e811-a641ca5889cf" executionId="bf030dbc-ef81-4ac4-8328-c2ef5688a2b8" testListId="8c84fa94-04c1-424b-9868-57a2d4851a1d" />
    <TestEntry testId="47e7ec55-4391-8546-d1c3-fb5db01a41e8" executionId="b80c2524-3420-481a-b0ca-e0a53257deeb" testListId="8c84fa94-04c1-424b-9868-57a2d4851a1d" />
    <TestEntry testId="6a41f5f3-49f1-a289-ed1a-edcf9c86dd3e" executionId="9fd135d6-a657-407c-8ee4-5c42feefe198" testListId="8c84fa94-04c1-424b-9868-57a2d4851a1d" />
    <TestEntry testId="a1148d07-bacb-7b60-5bda-bc014fb00c20" executionId="445a4383-c550-43b7-8682-e7330fd9a768" testListId="8c84fa94-04c1-424b-9868-57a2d4851a1d" />
    <TestEntry testId="d84ea56f-1773-91fe-6056-1fcd6ce44e0e" executionId="703f6ebd-6beb-42fb-9514-0455425978a2" testListId="8c84fa94-04c1-424b-9868-57a2d4851a1d" />
    <TestEntry testId="eb4b3a2e-3867-f16d-1f8c-063517acc541" executionId="251fb082-a9ee-4f26-9c15-be8c4c4d69ee" testListId="8c84fa94-04c1-424b-9868-57a2d4851a1d" />
    <TestEntry testId="bb69a9ef-0ed6-4747-9681-639ad78f5540" executionId="c79e1574-6223-47d3-b526-b747144e18e6" testListId="8c84fa94-04c1-424b-9868-57a2d4851a1d" />
    <TestEntry testId="5326d1dc-d18e-0528-8ffb-d0be584509e9" executionId="f1ba3caf-28bd-4e40-a586-cdda44eb9fa8" testListId="8c84fa94-04c1-424b-9868-57a2d4851a1d" />
    <TestEntry testId="5196bde9-6c75-174a-8f79-d717861ecd56" executionId="757161ec-1cab-4e4c-b32e-dc52db9b9906" testListId="8c84fa94-04c1-424b-9868-57a2d4851a1d" />
    <TestEntry testId="199abf60-5b5b-94b6-b04f-a3e4d911fd34" executionId="0fe25ab8-9065-49c3-842c-229113718784" testListId="8c84fa94-04c1-424b-9868-57a2d4851a1d" />
    <TestEntry testId="4c3c57ae-2e5c-e5eb-314a-7aa532a2bb5e" executionId="37b8441a-f5fc-4649-80c5-864bbc4d86c0" testListId="8c84fa94-04c1-424b-9868-57a2d4851a1d" />
    <TestEntry testId="1ae81526-c34e-30fb-a453-ec950aa3ef1c" executionId="71b8bd26-78ef-4b20-a36d-d55be2ea2216" testListId="8c84fa94-04c1-424b-9868-57a2d4851a1d" />
    <TestEntry testId="af79a348-5fb3-03eb-c3ed-5bb2185640a5" executionId="41bd9379-9c3a-4080-a374-da15d08732a1" testListId="8c84fa94-04c1-424b-9868-57a2d4851a1d" />
    <TestEntry testId="5189465c-94b9-c0c3-eb6c-9e0dd907b71f" executionId="921bce24-117c-4462-a698-0eebdddff85c" testListId="8c84fa94-04c1-424b-9868-57a2d4851a1d" />
    <TestEntry testId="ea9a1ed5-0813-906f-0ed6-0a192bf899e6" executionId="ff942d00-9c34-4075-b211-27ad7b2c5f1d" testListId="8c84fa94-04c1-424b-9868-57a2d4851a1d" />
    <TestEntry testId="56b49f4b-49b4-988e-f563-d6c88928143d" executionId="ef365018-3a6c-424b-802d-8b890d22eb76" testListId="8c84fa94-04c1-424b-9868-57a2d4851a1d" />
    <TestEntry testId="546fc2ea-9df5-50bd-d263-31b0a2faf8aa" executionId="b47bd972-d248-4dc0-911a-9d3e145116d0" testListId="8c84fa94-04c1-424b-9868-57a2d4851a1d" />
    <TestEntry testId="fa43237f-8d58-c9ec-b71e-9d381e3b47f2" executionId="9f8a4cac-6030-46c4-a82f-a1164cc8f46e" testListId="8c84fa94-04c1-424b-9868-57a2d4851a1d" />
    <TestEntry testId="4f1f0a63-e0be-64e6-2c9f-87d58c623ce7" executionId="5ad975dc-68d6-43f2-b672-e637d29112cd" testListId="8c84fa94-04c1-424b-9868-57a2d4851a1d" />
    <TestEntry testId="513b5d8b-983e-b793-a988-3659c0ad4956" executionId="69594272-82d2-49cb-aed8-902d9189248e" testListId="8c84fa94-04c1-424b-9868-57a2d4851a1d" />
    <TestEntry testId="ebfb6fa8-ee3c-3dd3-7dbb-2004376b7edb" executionId="a280a273-a1da-470a-8bc2-fba08110e5cd" testListId="8c84fa94-04c1-424b-9868-57a2d4851a1d" />
    <TestEntry testId="c54c0d26-3d52-7638-d0ec-e651814ad808" executionId="caeb9964-4ca8-4dad-9934-b26100ed0514" testListId="8c84fa94-04c1-424b-9868-57a2d4851a1d" />
    <TestEntry testId="62b70b12-663c-a906-288d-6817a450e2b9" executionId="4f53c24e-5671-413d-8565-2cbb1a4577fc" testListId="8c84fa94-04c1-424b-9868-57a2d4851a1d" />
    <TestEntry testId="b8e35215-9c02-c225-ebde-5cb2a4f46f94" executionId="de11ea99-092d-435b-b8d7-8106cb65ca8b" testListId="8c84fa94-04c1-424b-9868-57a2d4851a1d" />
    <TestEntry testId="785b55cc-be99-2e92-e97b-e8c0390c5420" executionId="8b8564bf-5ba9-466c-9eaa-06d44a27c114" testListId="8c84fa94-04c1-424b-9868-57a2d4851a1d" />
    <TestEntry testId="08821b59-1fc3-bfdb-c64b-6b9d4d7418fb" executionId="d33964e2-4ab4-4cd6-8b93-446488c37eab" testListId="8c84fa94-04c1-424b-9868-57a2d4851a1d" />
    <TestEntry testId="a4b13a66-9eee-466b-b0fc-fbf88e46d5b1" executionId="5cf7a9f3-d945-492c-907d-5500d1cd890c" testListId="8c84fa94-04c1-424b-9868-57a2d4851a1d" />
    <TestEntry testId="04eed3c3-572e-20dc-ebe7-5f007fb379ab" executionId="9c029942-5265-4bbd-8c56-5378a2ca2843" testListId="8c84fa94-04c1-424b-9868-57a2d4851a1d" />
    <TestEntry testId="0fc86efa-aeca-dada-030f-e8045241eaae" executionId="94da599d-6224-4bfd-8104-6b95a992ece0" testListId="8c84fa94-04c1-424b-9868-57a2d4851a1d" />
    <TestEntry testId="74c0130b-d063-4d59-6d84-18416c8beb4f" executionId="c676532f-22fd-4fae-b390-0ae276d53c06" testListId="8c84fa94-04c1-424b-9868-57a2d4851a1d" />
    <TestEntry testId="9abe82c5-80fa-2d6a-e76f-8b42c308f2c5" executionId="14d6cb24-6cb7-4666-8899-36335f1cc168" testListId="8c84fa94-04c1-424b-9868-57a2d4851a1d" />
    <TestEntry testId="f9588db6-8045-6ceb-1c29-858ccdaab727" executionId="a9d0aaf0-443d-434f-a900-2918bf4998a8" testListId="8c84fa94-04c1-424b-9868-57a2d4851a1d" />
    <TestEntry testId="0ed9cd8c-6283-5489-0e2e-ce31df1b16b4" executionId="3dfdf0e7-5644-4939-97fe-2b66ad33cebe" testListId="8c84fa94-04c1-424b-9868-57a2d4851a1d" />
    <TestEntry testId="979cd04b-5e93-d632-87b5-a20161444816" executionId="fe0c912c-6f6b-46ed-9e13-b8b44271fc73" testListId="8c84fa94-04c1-424b-9868-57a2d4851a1d" />
    <TestEntry testId="0bb6c333-e41f-4877-c81e-d24ff9ead53d" executionId="4fe2dd5f-6c26-467c-90ed-b81ce2880d88" testListId="8c84fa94-04c1-424b-9868-57a2d4851a1d" />
    <TestEntry testId="c2c62cce-7606-0af4-5c6b-a30ffe30b4ea" executionId="2424cb68-dc59-4543-8094-7797c6a900c3" testListId="8c84fa94-04c1-424b-9868-57a2d4851a1d" />
    <TestEntry testId="ba3d44ab-713b-26da-eeee-600e16cfe130" executionId="f46b27d4-1d93-4eca-bd49-bb87df05c141" testListId="8c84fa94-04c1-424b-9868-57a2d4851a1d" />
    <TestEntry testId="b4887e38-5397-4610-6733-1d86030ec9ea" executionId="93212945-6db7-4601-b824-d74399ab2c34" testListId="8c84fa94-04c1-424b-9868-57a2d4851a1d" />
    <TestEntry testId="2bc42f5a-e565-5018-fa3b-64bf63c4c2f5" executionId="5c25b7fa-1f8c-428c-96ff-6b4d1536dedb" testListId="8c84fa94-04c1-424b-9868-57a2d4851a1d" />
    <TestEntry testId="c1905b94-6245-64ed-8028-a7655f8970eb" executionId="25776a90-bcb2-4b13-b1bf-705fc13a1279" testListId="8c84fa94-04c1-424b-9868-57a2d4851a1d" />
    <TestEntry testId="03f880df-4361-699a-9da6-4d3bc3d9d5a7" executionId="e93f2108-c051-4daa-a3b8-7c637425f146" testListId="8c84fa94-04c1-424b-9868-57a2d4851a1d" />
    <TestEntry testId="a488094a-b6b5-d178-8919-9dcf3be59209" executionId="4ce777db-d14d-47a8-8757-fe53af3a8db2" testListId="8c84fa94-04c1-424b-9868-57a2d4851a1d" />
    <TestEntry testId="40488d75-026c-550a-6026-e97b07265e5b" executionId="d04381ab-c276-4b3b-89ea-7e4afba34118" testListId="8c84fa94-04c1-424b-9868-57a2d4851a1d" />
    <TestEntry testId="615860d1-0b9e-6fa5-7fc7-61ac89388548" executionId="5b479968-3ba1-427c-988a-c6d4967f6c15" testListId="8c84fa94-04c1-424b-9868-57a2d4851a1d" />
    <TestEntry testId="ba5b40c3-7100-1940-87d5-9af986ffebd2" executionId="b1747a8d-4f49-4f1a-be91-0ea2edd92ba3" testListId="8c84fa94-04c1-424b-9868-57a2d4851a1d" />
    <TestEntry testId="94072497-fa43-aca0-8f05-792ac28d0627" executionId="09249028-2403-494e-87f2-0c408597c2ab" testListId="8c84fa94-04c1-424b-9868-57a2d4851a1d" />
    <TestEntry testId="d8dcd89f-df1d-9e50-f8f8-844883603fea" executionId="a78badb0-d264-4828-ac76-d6f704b39f70" testListId="8c84fa94-04c1-424b-9868-57a2d4851a1d" />
    <TestEntry testId="910d4b99-463d-e8f2-2603-a8f7093fc7cf" executionId="54b3fe53-5e2d-47d1-8eaf-1dd3e7aa81a2" testListId="8c84fa94-04c1-424b-9868-57a2d4851a1d" />
    <TestEntry testId="7a151ddf-b76f-a627-8d14-57dc244734db" executionId="2e0b6648-eca5-4a82-a2f0-7a08c1799f9f" testListId="8c84fa94-04c1-424b-9868-57a2d4851a1d" />
    <TestEntry testId="7e773498-17b4-9b46-23f5-2783933d2759" executionId="6b89fd99-4d33-4dd6-891a-ace956ce2765" testListId="8c84fa94-04c1-424b-9868-57a2d4851a1d" />
    <TestEntry testId="a01314ec-fbb5-964d-0d33-e4eebe884133" executionId="5564cd0c-d395-4f72-802a-929b18863c95" testListId="8c84fa94-04c1-424b-9868-57a2d4851a1d" />
    <TestEntry testId="acc05f4a-9abc-39e3-e875-400f69bcea41" executionId="8a5b25c5-0c86-46eb-8353-89fb54260dbf" testListId="8c84fa94-04c1-424b-9868-57a2d4851a1d" />
    <TestEntry testId="1d1eb73d-8b0c-7513-b3af-aa35ad258fdb" executionId="37d5d5f6-1a02-47e5-a377-990c98604e58" testListId="8c84fa94-04c1-424b-9868-57a2d4851a1d" />
    <TestEntry testId="0f966d17-36c6-657f-5b98-8b83226f1489" executionId="01f2ffce-2740-4aba-971f-188c5e383c2c" testListId="8c84fa94-04c1-424b-9868-57a2d4851a1d" />
    <TestEntry testId="fb1c3a36-60dc-8fcd-b623-36588091afcb" executionId="64365665-6164-4550-b1a1-f6f36612ca71" testListId="8c84fa94-04c1-424b-9868-57a2d4851a1d" />
    <TestEntry testId="5e7725a9-9983-9545-b4e7-12fe284e2a95" executionId="89cbcfb3-b814-4e11-b555-8101c5e17d7a" testListId="8c84fa94-04c1-424b-9868-57a2d4851a1d" />
    <TestEntry testId="e6b1d0c3-adf4-f12b-3a3a-a088a5d2227c" executionId="a581f80c-7640-4f93-b10d-ee8854648f57" testListId="8c84fa94-04c1-424b-9868-57a2d4851a1d" />
    <TestEntry testId="6b324d3b-5796-c056-8636-0eb49b18ead5" executionId="c0f37009-57d3-40d4-97e6-770deaa7cf9a" testListId="8c84fa94-04c1-424b-9868-57a2d4851a1d" />
    <TestEntry testId="bf1576c7-03bd-feeb-bbbd-0a36863eaddc" executionId="8ef204fb-a7ff-4a92-9c47-901d483d29c6" testListId="8c84fa94-04c1-424b-9868-57a2d4851a1d" />
    <TestEntry testId="0cd42206-2d45-5b61-2055-2525f417141b" executionId="ecea6ffb-3a17-40af-891c-5abc13469038" testListId="8c84fa94-04c1-424b-9868-57a2d4851a1d" />
    <TestEntry testId="004cf38c-62a9-5d39-4e66-385c7c495389" executionId="33238b48-675b-40d1-baab-9dba3981e4fd" testListId="8c84fa94-04c1-424b-9868-57a2d4851a1d" />
    <TestEntry testId="21bcc043-da28-367a-c1fb-9490833f1b89" executionId="57ddbf5c-5a46-4af5-a0e0-023242d4e811" testListId="8c84fa94-04c1-424b-9868-57a2d4851a1d" />
    <TestEntry testId="a6da1f0c-9d53-8f1b-60d6-c520ee89e7a7" executionId="6bff7f63-423c-431c-82b4-13ed0dd1f15d" testListId="8c84fa94-04c1-424b-9868-57a2d4851a1d" />
    <TestEntry testId="e4cccfe6-fb6d-a0d6-3337-e528b068adae" executionId="290ea1b0-ab64-44cd-8966-0bee971648c0" testListId="8c84fa94-04c1-424b-9868-57a2d4851a1d" />
    <TestEntry testId="8d4b1df1-395e-a801-f732-9563464d225f" executionId="8361c66e-dd2a-4a7e-8f6e-7edbf06b9e7c" testListId="8c84fa94-04c1-424b-9868-57a2d4851a1d" />
    <TestEntry testId="46c08f6b-08d4-7992-5df4-ed97e4b42fc1" executionId="6152a544-1fb1-4a21-ae56-2d9bcf902fe7" testListId="8c84fa94-04c1-424b-9868-57a2d4851a1d" />
    <TestEntry testId="0edcab43-1e4a-6ea7-7c7b-b02803f7c8b9" executionId="4c928956-a507-4186-a883-d2aebcedf952" testListId="8c84fa94-04c1-424b-9868-57a2d4851a1d" />
    <TestEntry testId="ecefef35-6686-837e-5061-bcb9badf51b3" executionId="561c3251-54a6-46ac-b5b5-d24ddd7feb77" testListId="8c84fa94-04c1-424b-9868-57a2d4851a1d" />
    <TestEntry testId="b1d26b6f-e2ab-c7af-55d4-4d9f04f43eca" executionId="0cf7dc59-377b-4da1-b423-676fa9df4b8b" testListId="8c84fa94-04c1-424b-9868-57a2d4851a1d" />
    <TestEntry testId="3c248867-d354-cc7e-803e-cd6ef02be22e" executionId="8358f92a-7ee0-4b94-8a55-24a49e13bad9" testListId="8c84fa94-04c1-424b-9868-57a2d4851a1d" />
    <TestEntry testId="7496f6c0-e383-6fbb-5d3f-fa615fc5ab22" executionId="52b90488-1d5d-4449-a2aa-07e6779e1b36" testListId="8c84fa94-04c1-424b-9868-57a2d4851a1d" />
    <TestEntry testId="4e59f6e9-d495-6f3f-64b9-ac28a5eaac72" executionId="7b45b429-8158-4026-8df7-0e45a3be6ea9" testListId="8c84fa94-04c1-424b-9868-57a2d4851a1d" />
    <TestEntry testId="b972bb3a-6c4e-4339-3ada-7c478c5f6ecf" executionId="04fa83bb-2e9a-4ae2-8a58-25e7a7dec43d" testListId="8c84fa94-04c1-424b-9868-57a2d4851a1d" />
    <TestEntry testId="d70b3095-42f0-132e-cf11-a2a412d875fc" executionId="09b47b36-7177-4e39-895f-0a07bf0c6e7e" testListId="8c84fa94-04c1-424b-9868-57a2d4851a1d" />
    <TestEntry testId="78845691-c87f-d12e-20f9-3035745796be" executionId="67f877bc-692b-44a6-b870-7a0d7c5b09d5" testListId="8c84fa94-04c1-424b-9868-57a2d4851a1d" />
    <TestEntry testId="2cb249c3-2f01-c9f4-7658-4d0e9af8d192" executionId="4a6c4309-171b-423b-bf14-63b300ad8489" testListId="8c84fa94-04c1-424b-9868-57a2d4851a1d" />
    <TestEntry testId="bed158c1-cdea-cb2e-72de-fac3c7fdb2c8" executionId="29c8fb77-e9d7-47b9-a92c-89c63d6ebf83" testListId="8c84fa94-04c1-424b-9868-57a2d4851a1d" />
    <TestEntry testId="4860ad68-0544-30ce-66fd-690992dae18e" executionId="392e39e0-760e-4ad1-b417-4cfdcb240ec4" testListId="8c84fa94-04c1-424b-9868-57a2d4851a1d" />
    <TestEntry testId="f06d92cb-e236-f7f9-e645-0971359a129a" executionId="ea67f774-0ee1-4a74-9e94-62ccad8a0737" testListId="8c84fa94-04c1-424b-9868-57a2d4851a1d" />
    <TestEntry testId="5e0fc3f1-0f67-2b00-c924-a966afea65df" executionId="c55f5c75-e793-469b-97a2-c133c296edf4" testListId="8c84fa94-04c1-424b-9868-57a2d4851a1d" />
    <TestEntry testId="57f59a31-3f22-a5b8-69d7-45e7719f3ea1" executionId="2f67806f-1e0f-4aba-bb11-8f1280bd3ae5" testListId="8c84fa94-04c1-424b-9868-57a2d4851a1d" />
    <TestEntry testId="3a61649c-91c3-4f1a-8a11-3480d7ff1651" executionId="6939f08c-6c15-4cb0-a8f9-ed4f3954788c" testListId="8c84fa94-04c1-424b-9868-57a2d4851a1d" />
    <TestEntry testId="64432d28-23cd-4cf2-4daf-935cfc9905b7" executionId="1d31d8cb-8712-4cbb-8d6a-a31cac290f2b" testListId="8c84fa94-04c1-424b-9868-57a2d4851a1d" />
    <TestEntry testId="9302047d-d400-9bf9-4ba4-2e05b31dc9ec" executionId="967e1e1e-f0c6-4a46-aa6d-50a7531069f9" testListId="8c84fa94-04c1-424b-9868-57a2d4851a1d" />
    <TestEntry testId="daebc394-ed43-a172-b3fd-00de92d9d60e" executionId="9a6983fe-a44d-4d16-9247-8ccaed8536eb" testListId="8c84fa94-04c1-424b-9868-57a2d4851a1d" />
    <TestEntry testId="e616a89e-e9f6-0465-592f-c052811c9fe2" executionId="3730d84f-ea89-42b2-8121-276a028f8fa6" testListId="8c84fa94-04c1-424b-9868-57a2d4851a1d" />
    <TestEntry testId="c7f52afa-564d-8d59-88a3-ea1bc3790407" executionId="70a37548-47fd-4055-8a32-27bf270b2344" testListId="8c84fa94-04c1-424b-9868-57a2d4851a1d" />
    <TestEntry testId="39c7a244-b75e-9f86-9d15-adfafecd21ca" executionId="40c7597e-5221-4df8-a021-99548092a73a" testListId="8c84fa94-04c1-424b-9868-57a2d4851a1d" />
    <TestEntry testId="71fdf905-97fb-1d5b-9602-e52da179cf3f" executionId="c0842897-d8f8-4515-8b44-009fd203f9f5" testListId="8c84fa94-04c1-424b-9868-57a2d4851a1d" />
    <TestEntry testId="a72152f5-7a61-c574-c2ee-c9a3ca6ccab7" executionId="fa9722fa-8179-4678-aa50-5e70155fed97" testListId="8c84fa94-04c1-424b-9868-57a2d4851a1d" />
    <TestEntry testId="4dcd9f65-678f-d51c-9e07-bf80dcaf54a4" executionId="2afa5946-fdc4-40ea-b2cd-bf3fd0dbcf96" testListId="8c84fa94-04c1-424b-9868-57a2d4851a1d" />
    <TestEntry testId="4b66c56d-0547-dbc0-4364-ccf548a1bb40" executionId="d4634861-f3c9-4f76-8722-0d72d36aad4b" testListId="8c84fa94-04c1-424b-9868-57a2d4851a1d" />
    <TestEntry testId="4936d87a-883b-6212-fe10-ba7602a69db8" executionId="611c47e5-041b-45af-90b0-f797e89d074c" testListId="8c84fa94-04c1-424b-9868-57a2d4851a1d" />
    <TestEntry testId="30b3b577-2061-3db5-edc3-bfd98a1a499f" executionId="174cfc3c-2781-40cd-84c0-4fc95e756a0b" testListId="8c84fa94-04c1-424b-9868-57a2d4851a1d" />
    <TestEntry testId="f7b6c5f3-1f58-e9ae-14c8-31eb58d1211b" executionId="3abe8e8e-8019-4965-b76c-5db2dd369084" testListId="8c84fa94-04c1-424b-9868-57a2d4851a1d" />
    <TestEntry testId="69c4777a-51de-9c54-0ee3-eb6af65c109e" executionId="76acdd42-66d6-479a-b1a8-9dbded359cc8" testListId="8c84fa94-04c1-424b-9868-57a2d4851a1d" />
    <TestEntry testId="db065917-a97a-fe61-77a4-bb6c5d5457d5" executionId="dde58443-1c01-41fb-a695-1fcc40a0af4f" testListId="8c84fa94-04c1-424b-9868-57a2d4851a1d" />
    <TestEntry testId="8d6414e5-4d2d-73e7-c36d-d9cbbb203e5f" executionId="4c3108aa-af98-4f70-8fe6-ecea9a67c275" testListId="8c84fa94-04c1-424b-9868-57a2d4851a1d" />
    <TestEntry testId="1e0703fd-8132-d66f-f52d-f2f5d027c1d8" executionId="d5fa13af-1888-4e97-ba10-ec2e9992468b" testListId="8c84fa94-04c1-424b-9868-57a2d4851a1d" />
    <TestEntry testId="b079a5c8-df38-5909-534e-204d0d33ecf8" executionId="82cb3dec-b5d4-4fde-bb58-86a2353e54c4" testListId="8c84fa94-04c1-424b-9868-57a2d4851a1d" />
    <TestEntry testId="93356272-81f1-2ca0-6a2b-a94c51c52201" executionId="40a57789-277a-427d-9938-be2082ab43e5" testListId="8c84fa94-04c1-424b-9868-57a2d4851a1d" />
    <TestEntry testId="edd8698a-89a8-0a11-5f44-5d3f526abc13" executionId="7807ef85-d37a-4f0d-874c-ef0569b9225c" testListId="8c84fa94-04c1-424b-9868-57a2d4851a1d" />
    <TestEntry testId="a6927394-4cdf-6861-5383-48d3191f12fe" executionId="c39b77c6-904a-4733-aeec-3ef26c66d494" testListId="8c84fa94-04c1-424b-9868-57a2d4851a1d" />
    <TestEntry testId="f574d6b5-d94c-508a-c127-7bce3d4f82e8" executionId="2f3f2b1d-33d5-4f24-a8ae-9b889ec04138" testListId="8c84fa94-04c1-424b-9868-57a2d4851a1d" />
    <TestEntry testId="6dee8c76-3355-7dcc-c0a6-02e4a5ed7dc2" executionId="a6b4dd72-ca67-448c-8bcd-f55c6296d647" testListId="8c84fa94-04c1-424b-9868-57a2d4851a1d" />
    <TestEntry testId="8ba4f73b-ec87-c89b-2641-8f6e59861d2d" executionId="839b55fc-20ca-41d9-8e30-0e57c6a02b21" testListId="8c84fa94-04c1-424b-9868-57a2d4851a1d" />
    <TestEntry testId="f96ea468-2b60-097d-c220-3c5f104473af" executionId="40f34b0e-5590-4623-90e0-b45e7c134c37" testListId="8c84fa94-04c1-424b-9868-57a2d4851a1d" />
    <TestEntry testId="2553ac6b-8c4b-c989-c2b1-742cbb8f417e" executionId="af875864-b850-43e6-b53f-d0430eef08ac" testListId="8c84fa94-04c1-424b-9868-57a2d4851a1d" />
    <TestEntry testId="b58070c8-bc7f-712e-31bb-2a11be9cfc18" executionId="c61f3eea-1389-4f42-a925-11aa9ff6be58" testListId="8c84fa94-04c1-424b-9868-57a2d4851a1d" />
    <TestEntry testId="cee29849-c944-ee97-87d2-c62444a8a328" executionId="cc3d09bd-e616-4ee2-9581-22cac44647eb" testListId="8c84fa94-04c1-424b-9868-57a2d4851a1d" />
    <TestEntry testId="bbb038e9-9a9b-9724-0ae6-d339784c9041" executionId="264432af-3f9d-4bd6-98ba-8ba0b3c04050" testListId="8c84fa94-04c1-424b-9868-57a2d4851a1d" />
    <TestEntry testId="cb9006f5-cf8f-a741-60da-88003562c888" executionId="71dd6dfd-3c6a-4dea-a5a8-d204f05353c5" testListId="8c84fa94-04c1-424b-9868-57a2d4851a1d" />
    <TestEntry testId="7b7e9341-cf8b-f510-483a-d874dccbbbca" executionId="771e81f2-100e-42ef-9606-7a03681b255e" testListId="8c84fa94-04c1-424b-9868-57a2d4851a1d" />
    <TestEntry testId="f995d454-4ebf-d775-1609-24b3016af07c" executionId="735f6419-c5f0-449d-a685-1689ccedbfef" testListId="8c84fa94-04c1-424b-9868-57a2d4851a1d" />
    <TestEntry testId="bc811ad8-c7b9-9df7-0d3d-56b12c4539e2" executionId="94a89e6e-dc21-4432-b205-72e354940d64" testListId="8c84fa94-04c1-424b-9868-57a2d4851a1d" />
    <TestEntry testId="47a34375-592d-8cb5-ab77-ab4cd5ff1ae6" executionId="7f5b57c4-d485-4370-b704-f9d3690ef5ac" testListId="8c84fa94-04c1-424b-9868-57a2d4851a1d" />
    <TestEntry testId="b639588e-b414-82b2-fe24-5fe49a4a3ad3" executionId="7ba23ad0-0abd-44c8-a42a-c20fde9fa603" testListId="8c84fa94-04c1-424b-9868-57a2d4851a1d" />
    <TestEntry testId="0ffbfc26-0b88-0610-8454-a3e10982707b" executionId="333c2958-d869-4c29-b3e9-f3fe182a76ea" testListId="8c84fa94-04c1-424b-9868-57a2d4851a1d" />
    <TestEntry testId="1476985a-ce79-252c-fc82-6cfb05e64152" executionId="7a574949-ce70-40aa-acc6-8febca94596f" testListId="8c84fa94-04c1-424b-9868-57a2d4851a1d" />
    <TestEntry testId="7ad4f46a-05fc-7c4a-853e-228ce39d4426" executionId="23368eaa-db7b-4bf2-a1de-6efac81c0831" testListId="8c84fa94-04c1-424b-9868-57a2d4851a1d" />
    <TestEntry testId="80343684-0ab4-f75e-30e6-62b08568fe03" executionId="054dd602-aaea-4112-98ad-f136aee24f52" testListId="8c84fa94-04c1-424b-9868-57a2d4851a1d" />
    <TestEntry testId="27b9fbe0-03f5-4d47-663b-0785c7f9ec49" executionId="c8f1a9a7-4b37-4c09-be8c-593197176adb" testListId="8c84fa94-04c1-424b-9868-57a2d4851a1d" />
    <TestEntry testId="860765f6-59d4-c798-166f-19857f828734" executionId="3f3de8c8-c7e3-4e6e-9c5d-f3eeafcad3b4" testListId="8c84fa94-04c1-424b-9868-57a2d4851a1d" />
    <TestEntry testId="0a21bad2-cce1-7c33-3af3-a6f4c4389e98" executionId="48a7a81f-fb01-42fe-b215-1cf8f332c34a" testListId="8c84fa94-04c1-424b-9868-57a2d4851a1d" />
    <TestEntry testId="1772b5c8-17fc-7339-7078-7951ac9723dd" executionId="8827b026-0e97-4ffd-ac84-4eaea3d7d827" testListId="8c84fa94-04c1-424b-9868-57a2d4851a1d" />
    <TestEntry testId="a8b1a1f3-a70e-7194-337a-f959c6974971" executionId="6b5dafb1-7ba6-4c32-be15-ed66d0d0eda9" testListId="8c84fa94-04c1-424b-9868-57a2d4851a1d" />
    <TestEntry testId="298a4d26-abe3-d2f6-50a3-14e473e9fa24" executionId="88c38e30-4c7d-4daf-b093-e2f108784470" testListId="8c84fa94-04c1-424b-9868-57a2d4851a1d" />
    <TestEntry testId="705f4fef-5f3d-03f1-6410-c3ee16921998" executionId="0db857f1-aa06-44b2-a72e-39874635e8df" testListId="8c84fa94-04c1-424b-9868-57a2d4851a1d" />
    <TestEntry testId="a64a893d-a7c9-f50c-de3c-debed5fa79b5" executionId="832ae2b8-c0a5-4bb4-afbb-a487ce483936" testListId="8c84fa94-04c1-424b-9868-57a2d4851a1d" />
    <TestEntry testId="1eb4d4f7-74ca-78cd-f76d-cc295b6f3916" executionId="ccc6dcee-8bde-43e4-95b4-bf17784d49c6" testListId="8c84fa94-04c1-424b-9868-57a2d4851a1d" />
    <TestEntry testId="e919c93b-2878-e388-877b-68a9f48cc9b1" executionId="1d12d72e-26c0-495e-9c12-8f0ffbfa6b6e" testListId="8c84fa94-04c1-424b-9868-57a2d4851a1d" />
    <TestEntry testId="f49abb46-6157-b05f-1fad-c8a20a256f62" executionId="d4ebf3c6-4ca7-4f6f-851a-44dbb5bf43ea" testListId="8c84fa94-04c1-424b-9868-57a2d4851a1d" />
    <TestEntry testId="a127d37b-b919-a5a8-4175-7c8816584689" executionId="dc7681d1-2e94-4e8e-9155-7a3cf9d4e05d" testListId="8c84fa94-04c1-424b-9868-57a2d4851a1d" />
    <TestEntry testId="02239eb7-c4a2-34a6-024f-aeb38f7bff3d" executionId="20bc2837-60b0-40b1-9e69-4e4635087d2c" testListId="8c84fa94-04c1-424b-9868-57a2d4851a1d" />
    <TestEntry testId="8237afc1-9210-54d8-45bd-84bf26e08f89" executionId="a0f59a8d-849d-478e-b0ae-f01ec4aee4c3" testListId="8c84fa94-04c1-424b-9868-57a2d4851a1d" />
    <TestEntry testId="4e103de3-4b59-b5f0-90dd-0864019a3e44" executionId="e3f4cdad-77b0-4c55-9148-b5996f1c6757" testListId="8c84fa94-04c1-424b-9868-57a2d4851a1d" />
    <TestEntry testId="95bbb276-fcbd-d5d6-e9a9-e6e9fe02935a" executionId="c1fd6c90-a33a-4fb9-bce9-865f98271168" testListId="8c84fa94-04c1-424b-9868-57a2d4851a1d" />
    <TestEntry testId="0d3aed88-2598-0caa-458e-53fd2f6dc4e2" executionId="61a77941-0a4a-4878-850d-0ed4753f6850" testListId="8c84fa94-04c1-424b-9868-57a2d4851a1d" />
    <TestEntry testId="346c5a09-add8-018f-c767-f4690b937dfb" executionId="8fc10f93-8e7e-443c-8c05-53d418785090" testListId="8c84fa94-04c1-424b-9868-57a2d4851a1d" />
    <TestEntry testId="e16968dc-e551-2d79-073b-6318cfa896ba" executionId="41aa86d3-3c1b-4fd2-bdcc-10caae7d214f" testListId="8c84fa94-04c1-424b-9868-57a2d4851a1d" />
    <TestEntry testId="37376bb5-e384-3c51-d1d8-3ba613fa9182" executionId="ac82374f-64cf-4dea-813c-b1078feb872c" testListId="8c84fa94-04c1-424b-9868-57a2d4851a1d" />
    <TestEntry testId="dc6fc325-7591-5ff6-3e13-ef3b13583bb4" executionId="058ec50b-fbb9-4d28-964c-1845b2f88559" testListId="8c84fa94-04c1-424b-9868-57a2d4851a1d" />
    <TestEntry testId="752c0495-686a-2709-5240-916b7eb02d3a" executionId="f545f6f6-9b13-43de-a475-3b1b26d25490" testListId="8c84fa94-04c1-424b-9868-57a2d4851a1d" />
    <TestEntry testId="0183c416-9787-c59d-18ce-d5b3fc43ac57" executionId="d0cac625-0d95-4694-af6b-131efe90ceb9" testListId="8c84fa94-04c1-424b-9868-57a2d4851a1d" />
    <TestEntry testId="3d8d8c47-dc22-599d-26af-f64601981b29" executionId="a3fe0d1a-aaeb-4c14-bd25-a24e51bd2dc0" testListId="8c84fa94-04c1-424b-9868-57a2d4851a1d" />
    <TestEntry testId="9c7df8f2-0bef-5347-a48a-3dbf0cbe5e21" executionId="e49b83ed-82e8-4cb6-9207-d3215ac9c6d2" testListId="8c84fa94-04c1-424b-9868-57a2d4851a1d" />
    <TestEntry testId="b09e548c-5a83-3ac9-fa3f-e5118e38e1d9" executionId="a3d354c6-4563-44ce-bece-0b061a9d643c" testListId="8c84fa94-04c1-424b-9868-57a2d4851a1d" />
    <TestEntry testId="5372d0c3-7454-6ed0-3140-c46dbf17af10" executionId="5b7e180c-4a07-403d-86f7-e594f42d5c2f" testListId="8c84fa94-04c1-424b-9868-57a2d4851a1d" />
    <TestEntry testId="b1699ce8-743c-1964-eb7b-2aa310ecbb21" executionId="5d8dbe85-6898-4b00-87ee-f88233e691fe" testListId="8c84fa94-04c1-424b-9868-57a2d4851a1d" />
    <TestEntry testId="2ae061eb-7306-c193-04ca-269456b3b20b" executionId="d53f2021-cd33-4d08-bdd2-558805a99239" testListId="8c84fa94-04c1-424b-9868-57a2d4851a1d" />
    <TestEntry testId="c93cdb71-2111-93a4-4cd8-a7548cb72ed0" executionId="80918498-8308-4283-90c8-9e85a27205cc" testListId="8c84fa94-04c1-424b-9868-57a2d4851a1d" />
    <TestEntry testId="31037d5d-343e-e648-8e6e-7f15567dfff2" executionId="0a58c6e1-64f3-40ed-8d67-f81a2172d5d1" testListId="8c84fa94-04c1-424b-9868-57a2d4851a1d" />
    <TestEntry testId="c3298b2d-9863-1896-98e3-77805a105e1c" executionId="1d2990e8-b59d-4dbc-8059-14a0b00aab0e" testListId="8c84fa94-04c1-424b-9868-57a2d4851a1d" />
    <TestEntry testId="d9e3c39e-a746-2b8a-5354-8ea82331bcd9" executionId="08799c73-7e89-4b7a-8ece-4a2bbfb178ae" testListId="8c84fa94-04c1-424b-9868-57a2d4851a1d" />
    <TestEntry testId="c813b080-ad5f-d9e2-c675-1e1394f00010" executionId="8d68a289-754a-4a4c-8026-0a9661cc29d1" testListId="8c84fa94-04c1-424b-9868-57a2d4851a1d" />
    <TestEntry testId="314b7968-8280-3c06-cc8d-95ee97af36dd" executionId="783fc84c-eb32-422d-97a8-fe1966c3d237" testListId="8c84fa94-04c1-424b-9868-57a2d4851a1d" />
    <TestEntry testId="097d9f12-a8b0-74cc-8829-12842d451447" executionId="e130f8cf-1a45-4359-9aaf-5b7170afec64" testListId="8c84fa94-04c1-424b-9868-57a2d4851a1d" />
    <TestEntry testId="b8f799c6-5cbe-3da8-b8f8-1ee56d7fcf02" executionId="b3b8cf49-f35c-42e1-b5ee-5e5df7570544" testListId="8c84fa94-04c1-424b-9868-57a2d4851a1d" />
    <TestEntry testId="f0622268-a7b0-73db-dcaa-b07ea595271b" executionId="139bf2ae-d990-4a5a-85a7-055bdd652d79" testListId="8c84fa94-04c1-424b-9868-57a2d4851a1d" />
    <TestEntry testId="1172006b-9d72-b3a7-ee7d-07862438f160" executionId="c58be713-7a19-49c5-af80-800d394abb78" testListId="8c84fa94-04c1-424b-9868-57a2d4851a1d" />
    <TestEntry testId="f057999f-37d3-2f7d-8c71-29439544f997" executionId="39f57ab8-10d9-45c3-9bfa-4c505accdbfc" testListId="8c84fa94-04c1-424b-9868-57a2d4851a1d" />
    <TestEntry testId="bc3f5322-761c-1784-32c8-0807bc806b0a" executionId="d8411c7e-b0bf-42e1-b85d-948610ed9aa2" testListId="8c84fa94-04c1-424b-9868-57a2d4851a1d" />
    <TestEntry testId="4f980f14-0ada-dd56-93fe-12a559a27314" executionId="f722983a-3dad-47c4-bf62-2b2079a4d79e" testListId="8c84fa94-04c1-424b-9868-57a2d4851a1d" />
    <TestEntry testId="345abed9-9ef3-e2b8-4bc1-ad4b7b82dd26" executionId="7299d0ed-0436-4edf-ab1d-82c5a155251d" testListId="8c84fa94-04c1-424b-9868-57a2d4851a1d" />
    <TestEntry testId="9bae3763-5b44-6392-7f85-b5a14c7eae3f" executionId="e7adfe62-bc55-43be-8488-6e1105f4e357" testListId="8c84fa94-04c1-424b-9868-57a2d4851a1d" />
    <TestEntry testId="20eba454-047b-5e64-79ba-74e9397a20a4" executionId="fe416135-20bb-42ed-bf61-c0ad8dc4537b" testListId="8c84fa94-04c1-424b-9868-57a2d4851a1d" />
    <TestEntry testId="de399ac2-0e9a-031b-1b43-49701fcdb8f0" executionId="d892e7a9-2fad-4a20-afe0-de64bf1b1a4e" testListId="8c84fa94-04c1-424b-9868-57a2d4851a1d" />
    <TestEntry testId="511f69f7-a0fb-1d5f-80a7-db38c945bbc4" executionId="5b2eaeff-165c-4e20-b12b-bf05f6f17ca5" testListId="8c84fa94-04c1-424b-9868-57a2d4851a1d" />
    <TestEntry testId="d0b4fe44-6c66-e0d0-90f7-7f93ef97fe01" executionId="8d7ede4d-2053-487a-be3c-7a7ae47c3cf3" testListId="8c84fa94-04c1-424b-9868-57a2d4851a1d" />
    <TestEntry testId="dadc7847-4729-edf6-eb4b-78006f9ee153" executionId="c0b1dff5-645c-47d9-b3c2-3a8c8e2a6e51" testListId="8c84fa94-04c1-424b-9868-57a2d4851a1d" />
    <TestEntry testId="e3333616-70b0-385e-063b-ec83b99dd0ba" executionId="bc6f5f9e-7dec-4377-8fb5-b58b044ad09d" testListId="8c84fa94-04c1-424b-9868-57a2d4851a1d" />
    <TestEntry testId="f1b541d5-278d-f2a3-2128-f16382bfc74f" executionId="17426ae5-851f-4b0a-98e5-6ed07efa6839" testListId="8c84fa94-04c1-424b-9868-57a2d4851a1d" />
    <TestEntry testId="56c6c75f-613a-6a82-f7f1-a767d952b57c" executionId="0c97355c-70de-460a-9235-f59cd49ad126" testListId="8c84fa94-04c1-424b-9868-57a2d4851a1d" />
    <TestEntry testId="386c80c9-6738-6119-052a-4c505d8f4e31" executionId="96257559-468c-44cc-a032-c88d24d413c3" testListId="8c84fa94-04c1-424b-9868-57a2d4851a1d" />
    <TestEntry testId="e77ca75b-19ba-059d-05cd-1ebb08034f74" executionId="9b3073cc-eca4-4d40-9317-3b85a26ac323" testListId="8c84fa94-04c1-424b-9868-57a2d4851a1d" />
    <TestEntry testId="026ac8cf-e708-7f65-282f-a4f25298f17b" executionId="fe8a5537-c9c0-4918-af85-bb5d5e822043" testListId="8c84fa94-04c1-424b-9868-57a2d4851a1d" />
    <TestEntry testId="e2a03079-8dae-3d38-3cf5-f27f7a4202a4" executionId="85ef1a88-7c67-4bbc-bd77-57d8b8b249e6" testListId="8c84fa94-04c1-424b-9868-57a2d4851a1d" />
    <TestEntry testId="e84b36e7-4f40-fa31-8ed6-b8aea0f7b95d" executionId="d2b699ba-3f21-4d57-9caa-8ac442cf716e" testListId="8c84fa94-04c1-424b-9868-57a2d4851a1d" />
    <TestEntry testId="decab755-c41c-98a8-9dd2-05d18e8ecb05" executionId="522107b6-0513-439d-84ff-e5ffe173c63f" testListId="8c84fa94-04c1-424b-9868-57a2d4851a1d" />
    <TestEntry testId="774aeb04-879b-a97c-c411-6c8ce34f4ab0" executionId="3f787923-dd7b-4379-a4d6-5f400ef999df" testListId="8c84fa94-04c1-424b-9868-57a2d4851a1d" />
    <TestEntry testId="619c3bdd-52f6-f473-bd0e-a552a532adf7" executionId="47bd13af-66dc-4eb6-a2d8-90cdcba56aeb" testListId="8c84fa94-04c1-424b-9868-57a2d4851a1d" />
    <TestEntry testId="637dad56-8638-805e-9abd-b089900557c0" executionId="e055ced2-be6e-449b-9cb3-646dc5bf8574" testListId="8c84fa94-04c1-424b-9868-57a2d4851a1d" />
    <TestEntry testId="a4acc92f-0c67-48bb-4524-7ef3c007ffb4" executionId="38607526-a0a0-495f-8be5-f367c9b283d1" testListId="8c84fa94-04c1-424b-9868-57a2d4851a1d" />
    <TestEntry testId="f3633ae5-6adc-21ee-2aa1-0609fba8547c" executionId="648d2279-78c9-4e51-afcc-c6105960c799" testListId="8c84fa94-04c1-424b-9868-57a2d4851a1d" />
    <TestEntry testId="f20c73fc-7f07-e8ef-25e3-d34c7ca18877" executionId="9309bcaa-213f-4411-836a-7458e2ea7fcc" testListId="8c84fa94-04c1-424b-9868-57a2d4851a1d" />
    <TestEntry testId="217115b6-0d47-12a1-e34e-67f742ff910b" executionId="713686ba-3867-431b-ab14-4cd4bb0ce1ba" testListId="8c84fa94-04c1-424b-9868-57a2d4851a1d" />
    <TestEntry testId="13e85df1-3456-393c-8dca-d481490ed075" executionId="ac6da197-0b8a-431c-8ee5-556d359138cf" testListId="8c84fa94-04c1-424b-9868-57a2d4851a1d" />
    <TestEntry testId="9fc60cd8-d419-6ed6-ac2e-164788256e59" executionId="4f45861c-642a-469a-9981-b6d2fed3fbb8" testListId="8c84fa94-04c1-424b-9868-57a2d4851a1d" />
    <TestEntry testId="255f4f6e-1bfc-cdd8-fb29-a1f4f034b89a" executionId="e3bdc94f-6925-4bea-bb42-ae66e3869fc6" testListId="8c84fa94-04c1-424b-9868-57a2d4851a1d" />
    <TestEntry testId="c57a980e-ffcc-5e16-6a31-18fd8b909caa" executionId="95c7a2a1-8468-4ac2-8eaa-8e51c1d76ef1" testListId="8c84fa94-04c1-424b-9868-57a2d4851a1d" />
    <TestEntry testId="35de634f-b340-f79b-b6a0-46426bd56e47" executionId="0df1ee3c-1170-48ad-a1a9-be72da0b0383" testListId="8c84fa94-04c1-424b-9868-57a2d4851a1d" />
    <TestEntry testId="79aa3047-78e8-7f3b-b717-0010e3a4cd51" executionId="a39920a6-fc51-4f37-95a8-2dc292ea5e03" testListId="8c84fa94-04c1-424b-9868-57a2d4851a1d" />
    <TestEntry testId="d29aa2a9-a943-d583-f9f3-c1d6c5281005" executionId="b665bc61-76c2-4bb4-8628-ecf52eb9024c" testListId="8c84fa94-04c1-424b-9868-57a2d4851a1d" />
    <TestEntry testId="eb615c68-e5d1-28d7-b038-0571a7587ad1" executionId="0d87e36e-81cd-4e71-aa9c-f31b8130f584" testListId="8c84fa94-04c1-424b-9868-57a2d4851a1d" />
    <TestEntry testId="fecd618d-f97f-f547-1637-5166bd092d76" executionId="5adaafc4-78d8-4751-995e-e4b050c08a34" testListId="8c84fa94-04c1-424b-9868-57a2d4851a1d" />
    <TestEntry testId="036a6ec9-ae68-934b-9f02-a81dae974d18" executionId="2570536b-0790-480d-b38e-d5fd09d24940" testListId="8c84fa94-04c1-424b-9868-57a2d4851a1d" />
    <TestEntry testId="d8fff351-64d1-1a21-4739-3e89df4d873b" executionId="1583aa65-23d5-4cdb-b3d9-4da22765b2e2" testListId="8c84fa94-04c1-424b-9868-57a2d4851a1d" />
    <TestEntry testId="2067c239-a69d-2f34-aeac-53cb55316cbb" executionId="eb537111-ffba-4e60-8ca3-69c07ebbdc04" testListId="8c84fa94-04c1-424b-9868-57a2d4851a1d" />
    <TestEntry testId="a1a0ba31-d02b-8245-607c-82258ff29354" executionId="97776b8c-a6d2-415b-8c79-69275eac35c1" testListId="8c84fa94-04c1-424b-9868-57a2d4851a1d" />
    <TestEntry testId="03ea9dd2-de50-ef82-5a92-98d7b2ff607a" executionId="67306cf4-886a-4cd0-a895-a724d1e40706" testListId="8c84fa94-04c1-424b-9868-57a2d4851a1d" />
    <TestEntry testId="f9ec4424-0f09-8ce8-d044-ac97ec1d16a8" executionId="784593d4-7b65-42df-80a2-9ac905b7e872" testListId="8c84fa94-04c1-424b-9868-57a2d4851a1d" />
    <TestEntry testId="0ad74e44-881e-9461-7e6f-381a5cc80df0" executionId="63288a9e-261b-484a-ab21-c0e9ce59efa8" testListId="8c84fa94-04c1-424b-9868-57a2d4851a1d" />
    <TestEntry testId="d3675fd4-77f8-268f-8735-9b5ad5bc915b" executionId="bb7b2e20-f4b6-43bb-bd45-4166983994ec" testListId="8c84fa94-04c1-424b-9868-57a2d4851a1d" />
    <TestEntry testId="d15cb58b-9b62-cb4e-439e-72757eabb197" executionId="a1a37fe3-ea77-4e34-89a1-9427cd0bf9c8" testListId="8c84fa94-04c1-424b-9868-57a2d4851a1d" />
    <TestEntry testId="c9b5631d-418b-047b-d15f-f39906c7e08b" executionId="597a39e8-3316-4589-a19e-4c3c1483f743" testListId="8c84fa94-04c1-424b-9868-57a2d4851a1d" />
    <TestEntry testId="6c111a58-0dcb-5d69-cab0-6f7362899525" executionId="aa3e563d-3e28-4a34-a250-7e09035d659c" testListId="8c84fa94-04c1-424b-9868-57a2d4851a1d" />
    <TestEntry testId="b168b1f7-674c-8775-2a66-cf7d7f806851" executionId="dd8825b4-efde-4549-9b6a-7b1746e6892d" testListId="8c84fa94-04c1-424b-9868-57a2d4851a1d" />
    <TestEntry testId="6429e0d9-dcee-fed4-29f3-6b39686056fc" executionId="73f1e966-7c93-4d46-b5d7-c91a635ebe4c" testListId="8c84fa94-04c1-424b-9868-57a2d4851a1d" />
    <TestEntry testId="84106c87-4ea7-9a5a-a250-230c7c8ac9ba" executionId="3c3cca40-ec50-4964-bd48-f298c0f1ca03" testListId="8c84fa94-04c1-424b-9868-57a2d4851a1d" />
    <TestEntry testId="1382f86b-6464-d2a1-e722-0841d0b65336" executionId="3d7e30f1-02d6-4263-b27e-9fd6a486bf61" testListId="8c84fa94-04c1-424b-9868-57a2d4851a1d" />
    <TestEntry testId="632ea7a5-ff19-c828-ab06-71f1c1ae0c57" executionId="c4758880-5bdf-4585-b4d0-32cdf8b4c4d2" testListId="8c84fa94-04c1-424b-9868-57a2d4851a1d" />
    <TestEntry testId="7d53e131-e454-48a3-7f61-9c807826acb2" executionId="e26bf2fe-1b3a-431a-8b40-fd033157ee72" testListId="8c84fa94-04c1-424b-9868-57a2d4851a1d" />
    <TestEntry testId="bebef051-0a10-725f-3ff5-e30e4f9dd420" executionId="236e192e-fbc8-413a-b247-93cc38216a2e" testListId="8c84fa94-04c1-424b-9868-57a2d4851a1d" />
    <TestEntry testId="74db41bd-054e-abff-59c5-f7d3ecdafbd4" executionId="2a64b6c8-d3a1-44dc-9369-48c1034da3c6" testListId="8c84fa94-04c1-424b-9868-57a2d4851a1d" />
    <TestEntry testId="5ad0e86b-2487-b287-bce1-03b910ce35db" executionId="31e21ce6-3889-490c-98c4-d938cd7cb647" testListId="8c84fa94-04c1-424b-9868-57a2d4851a1d" />
    <TestEntry testId="ddd788b7-fa29-d0c9-c87b-c6974b37dc7d" executionId="96d29632-0671-4848-b0c4-fb7cadfbce1c" testListId="8c84fa94-04c1-424b-9868-57a2d4851a1d" />
    <TestEntry testId="032648fc-0fdc-1a5c-ef88-d85403381c03" executionId="461e9df4-0844-4b3b-8383-88a8d66402d8" testListId="8c84fa94-04c1-424b-9868-57a2d4851a1d" />
    <TestEntry testId="f0cd9acd-b821-1b3b-6a4a-691c6f1f639a" executionId="784aad91-fb29-4ffc-95c2-f3e6aa48e486" testListId="8c84fa94-04c1-424b-9868-57a2d4851a1d" />
    <TestEntry testId="5fffab77-5cc8-a871-bcdb-d0b800ab8840" executionId="010a9e0c-9b06-406f-8744-3324375c57c0" testListId="8c84fa94-04c1-424b-9868-57a2d4851a1d" />
    <TestEntry testId="2ed0b312-2f27-0f0b-487a-dea260d635a9" executionId="70d5be53-7a81-49c0-bc0a-816a7b4cc770" testListId="8c84fa94-04c1-424b-9868-57a2d4851a1d" />
    <TestEntry testId="2adcf87c-7078-5286-2ca1-778b501cd9f7" executionId="ccb91507-8a57-4c18-b8fe-8adced9290cb" testListId="8c84fa94-04c1-424b-9868-57a2d4851a1d" />
    <TestEntry testId="74b92fed-1c7d-84ea-101d-b4ba0f959527" executionId="9e36447f-2bc6-4ce9-84a1-a32f4ec75369" testListId="8c84fa94-04c1-424b-9868-57a2d4851a1d" />
    <TestEntry testId="7e68fea7-1e52-0c32-44b4-1e38c3c836bc" executionId="63d0380c-5d7b-465a-84b5-7010d198ae8b" testListId="8c84fa94-04c1-424b-9868-57a2d4851a1d" />
    <TestEntry testId="380eb0c8-d6f7-276e-b9b6-a564a8f6129e" executionId="322397fa-1d74-4e2c-b52a-fbf528b1f37c" testListId="8c84fa94-04c1-424b-9868-57a2d4851a1d" />
    <TestEntry testId="1a9a0ddf-514c-baf9-413c-22119b976aa4" executionId="4c91e884-bcfa-48f1-991c-b1b50db11635" testListId="8c84fa94-04c1-424b-9868-57a2d4851a1d" />
    <TestEntry testId="803aabd0-814c-fa5a-ba0b-84820a2be95d" executionId="72ed4048-0f84-4d1f-b32f-381809528e20" testListId="8c84fa94-04c1-424b-9868-57a2d4851a1d" />
    <TestEntry testId="9006b827-71f8-1e68-78c8-d64e06e75b19" executionId="1ed943bc-51da-49d5-95e7-c3f97c3ad584" testListId="8c84fa94-04c1-424b-9868-57a2d4851a1d" />
    <TestEntry testId="07033e2b-ce19-3c9a-f51d-d9b702d310a1" executionId="736c3356-0897-476a-b17c-4e0332a82586" testListId="8c84fa94-04c1-424b-9868-57a2d4851a1d" />
    <TestEntry testId="fc250b23-71a0-c4eb-52eb-8cd889ac9f85" executionId="6257bc13-82e1-4d1b-b9d9-c818a987209d" testListId="8c84fa94-04c1-424b-9868-57a2d4851a1d" />
    <TestEntry testId="d45e0a24-dbfe-46a9-68b0-8da0a6094838" executionId="efff1f06-a672-446d-be77-fef2df1acc2f" testListId="8c84fa94-04c1-424b-9868-57a2d4851a1d" />
    <TestEntry testId="d685c2c4-f219-af53-1ba4-f062b4ec12ac" executionId="26c1591a-da35-4cea-a4c1-3b55f221bcc3" testListId="8c84fa94-04c1-424b-9868-57a2d4851a1d" />
    <TestEntry testId="64a6b4e0-a8e1-9595-14c6-66f8a8c8f576" executionId="e30be455-d4a1-46fb-87a1-a8923aa1e16a" testListId="8c84fa94-04c1-424b-9868-57a2d4851a1d" />
    <TestEntry testId="112e422e-04b2-3ba3-ad56-a1e5d3cfbd79" executionId="54d3c3dc-d175-41a4-9819-c404118d31b8" testListId="8c84fa94-04c1-424b-9868-57a2d4851a1d" />
    <TestEntry testId="9dc75585-8b30-1a60-5f46-ba30d03b7635" executionId="9cc98d25-d0fc-41b5-b24f-04d139d1bd3c" testListId="8c84fa94-04c1-424b-9868-57a2d4851a1d" />
    <TestEntry testId="ea848b43-279a-f1bb-ab29-b5a8e2e2c8af" executionId="359b0d2c-1393-46da-98cf-f638f5e102b1" testListId="8c84fa94-04c1-424b-9868-57a2d4851a1d" />
    <TestEntry testId="0204302a-a6b4-6e62-a63e-362dc9379d6c" executionId="b46dda7d-6d49-4298-a842-d4965b69865f" testListId="8c84fa94-04c1-424b-9868-57a2d4851a1d" />
    <TestEntry testId="b643553f-2706-197d-9fb1-e9b050657f08" executionId="36a990e2-fb79-4859-abbe-6352c4a890c6" testListId="8c84fa94-04c1-424b-9868-57a2d4851a1d" />
    <TestEntry testId="e0f11812-ae84-56fe-380e-aa4471665fb8" executionId="48e85908-d163-4c81-b973-cf0a6e4443ff" testListId="8c84fa94-04c1-424b-9868-57a2d4851a1d" />
    <TestEntry testId="eefaa447-aa0c-7b07-9a84-3d4387fce640" executionId="d5c71490-aca1-4b74-a783-9e399311b07a" testListId="8c84fa94-04c1-424b-9868-57a2d4851a1d" />
    <TestEntry testId="0dc215f9-ced3-1d40-e986-2ebe86240f13" executionId="4d43e84e-4b96-4619-8438-cb7aeeb47a13" testListId="8c84fa94-04c1-424b-9868-57a2d4851a1d" />
    <TestEntry testId="d80dabd7-8e57-8764-d48e-5c692bf0e881" executionId="db9b6ae8-66b0-49a7-8eea-a22b571e777e" testListId="8c84fa94-04c1-424b-9868-57a2d4851a1d" />
    <TestEntry testId="719fd87e-be7b-b92c-8926-a4bddcef0244" executionId="0332c5d8-d3a5-4d32-83e1-d88d3f0045b2" testListId="8c84fa94-04c1-424b-9868-57a2d4851a1d" />
    <TestEntry testId="39997ae6-4a52-e491-d8ae-8d3f689efcd5" executionId="ee016f28-5f8b-4d6c-af4b-18323230d3aa" testListId="8c84fa94-04c1-424b-9868-57a2d4851a1d" />
    <TestEntry testId="fbe41254-a5bc-bdde-4d71-8c5eb07a0fb3" executionId="3fb4aafc-ba4d-424f-9d5c-ff0ddfd07c4f" testListId="8c84fa94-04c1-424b-9868-57a2d4851a1d" />
    <TestEntry testId="a1315833-0fe6-4fc5-8939-3c4f1b31db5e" executionId="9dc5bfd0-b442-4527-b163-841d864efd34" testListId="8c84fa94-04c1-424b-9868-57a2d4851a1d" />
    <TestEntry testId="6df8a807-c182-b8aa-45a8-8ae3c76a3ec5" executionId="08e26f92-f49f-4111-b607-027e532453f9" testListId="8c84fa94-04c1-424b-9868-57a2d4851a1d" />
    <TestEntry testId="041696c1-18d1-f2dd-9a5d-5cb1c9e853ff" executionId="dd85b420-81b9-4793-94a9-8d4af226840b" testListId="8c84fa94-04c1-424b-9868-57a2d4851a1d" />
    <TestEntry testId="a92ca949-d664-bb06-21ee-ed111f1dab55" executionId="747bbcce-9603-4e27-89a3-d712c9f8def0" testListId="8c84fa94-04c1-424b-9868-57a2d4851a1d" />
    <TestEntry testId="6b63c191-3bae-08f6-ef80-e9550ed318c7" executionId="30fc3707-18de-446f-af38-bce2f18eb0e0" testListId="8c84fa94-04c1-424b-9868-57a2d4851a1d" />
    <TestEntry testId="92fd78dd-20f7-b708-0603-1911a96c9737" executionId="1e0ada3d-328f-4e0b-ba75-38ede7587b69" testListId="8c84fa94-04c1-424b-9868-57a2d4851a1d" />
    <TestEntry testId="6d2fa905-65f5-7d76-6130-8eb8fe67de75" executionId="72440349-dbfb-4060-a766-d442c012c48d" testListId="8c84fa94-04c1-424b-9868-57a2d4851a1d" />
    <TestEntry testId="e2ca2857-33e4-4daa-d2e9-09d09dfdba1f" executionId="9910c081-49df-479f-9bcf-60a0e8a117b6" testListId="8c84fa94-04c1-424b-9868-57a2d4851a1d" />
    <TestEntry testId="2fcbb4d5-0c22-d47d-9ea9-6260fb047a7e" executionId="374c95ce-6dbb-4bf5-9c3c-9a4240dbf458" testListId="8c84fa94-04c1-424b-9868-57a2d4851a1d" />
    <TestEntry testId="0fa0c864-c433-31dc-ea26-995fbf849a90" executionId="66691bdb-feb9-449b-bc76-1cbf2a52ff3b" testListId="8c84fa94-04c1-424b-9868-57a2d4851a1d" />
    <TestEntry testId="ddcae2eb-b1a6-813a-a49c-5333a490205e" executionId="fa1342d2-9db1-45b9-add0-40ee31e97060" testListId="8c84fa94-04c1-424b-9868-57a2d4851a1d" />
    <TestEntry testId="a2f90830-dfa6-05f0-71fa-365928f71cdd" executionId="4b2b6f06-f8f9-4b2f-9440-4aa74e179017" testListId="8c84fa94-04c1-424b-9868-57a2d4851a1d" />
    <TestEntry testId="d2b12152-aa29-786c-7dfa-f4b6b5aa2a7e" executionId="e71c1295-700a-4f73-a21e-21c1b8dae3ae" testListId="8c84fa94-04c1-424b-9868-57a2d4851a1d" />
    <TestEntry testId="28ae16d9-787d-277c-8346-a2bcbe4da144" executionId="bd028b4f-353b-400e-be7c-b8d547b09b86" testListId="8c84fa94-04c1-424b-9868-57a2d4851a1d" />
    <TestEntry testId="1f8c3026-17e4-68c3-c899-dd2458b787d5" executionId="d90e4493-a3b0-435e-889b-cddeceae8fa6" testListId="8c84fa94-04c1-424b-9868-57a2d4851a1d" />
    <TestEntry testId="04b5ae4a-9995-af19-61fb-019921680928" executionId="90e05331-8ecb-46c4-b05b-7ad21d9fc9c8" testListId="8c84fa94-04c1-424b-9868-57a2d4851a1d" />
    <TestEntry testId="1d93089d-e24f-f1cb-f4e6-3e9e0cc249d4" executionId="80f9f7aa-3835-4670-adcf-b836fa7e2c6d" testListId="8c84fa94-04c1-424b-9868-57a2d4851a1d" />
    <TestEntry testId="deeaa6b3-3ff5-0109-60b8-733b4bfcf2d5" executionId="f8165835-77f2-4b4c-ab03-f3530fc1e3f4" testListId="8c84fa94-04c1-424b-9868-57a2d4851a1d" />
    <TestEntry testId="4ae6f156-51db-bc15-8975-b99fe55a99a8" executionId="5a6494b2-7771-45d4-8e18-e10d6e418d95" testListId="8c84fa94-04c1-424b-9868-57a2d4851a1d" />
    <TestEntry testId="13d2b3bb-af6c-2786-7b3d-1db93b9fedf2" executionId="fb5bc917-0728-48da-b603-5179cfed8b31" testListId="8c84fa94-04c1-424b-9868-57a2d4851a1d" />
    <TestEntry testId="ea53113d-e645-3e3d-8dda-f0c57f3d1f3e" executionId="c467803a-96dd-49c8-bb36-157a1e620324" testListId="8c84fa94-04c1-424b-9868-57a2d4851a1d" />
    <TestEntry testId="527d41f4-ee35-aeed-39d2-777e78659af8" executionId="55a252cc-5c2b-4435-9d71-59de4a13b798" testListId="8c84fa94-04c1-424b-9868-57a2d4851a1d" />
    <TestEntry testId="ea6215af-9f7a-dfd2-1e42-d16863c438d5" executionId="94111b2e-7906-4f9a-9d47-f6ce697a18b3" testListId="8c84fa94-04c1-424b-9868-57a2d4851a1d" />
    <TestEntry testId="99b9ef43-ae03-d550-aafb-7b6a0ec7c1ee" executionId="d5177ff7-9b48-4a72-865f-b2af1016dffe" testListId="8c84fa94-04c1-424b-9868-57a2d4851a1d" />
    <TestEntry testId="1b5e4bdd-94b8-c181-30ec-747619ebfce8" executionId="9e96e57a-1971-4d4f-8df0-f3f70505f1ba" testListId="8c84fa94-04c1-424b-9868-57a2d4851a1d" />
    <TestEntry testId="67cd7cf5-f472-f19a-a725-58400de88452" executionId="f95f2cf0-d872-40ff-8248-b4fb80be4bc1" testListId="8c84fa94-04c1-424b-9868-57a2d4851a1d" />
    <TestEntry testId="e384d116-33c4-57e3-344d-6dd941c8a721" executionId="34790751-5f64-4131-9d5f-eb092e0dcdb9" testListId="8c84fa94-04c1-424b-9868-57a2d4851a1d" />
    <TestEntry testId="9a124f11-40ca-d2aa-a849-6941897e0c0b" executionId="c6237a1b-2869-4e7f-a5f5-5d685d949ee2" testListId="8c84fa94-04c1-424b-9868-57a2d4851a1d" />
    <TestEntry testId="67f8d8e0-1fb7-7817-1ba6-6557149ef676" executionId="089ed6f5-cdaf-4530-a702-d6f41df3ec00" testListId="8c84fa94-04c1-424b-9868-57a2d4851a1d" />
    <TestEntry testId="a6a973e9-da68-b082-10c2-5aa132fd4e6b" executionId="40f3b980-c5cf-4245-871d-335ad5d05617" testListId="8c84fa94-04c1-424b-9868-57a2d4851a1d" />
    <TestEntry testId="1d439d51-4271-ce67-e4e0-d0b84f8d1caf" executionId="e01a7e59-5acd-4336-a090-b96b0fb20ccb" testListId="8c84fa94-04c1-424b-9868-57a2d4851a1d" />
    <TestEntry testId="491de118-700b-88eb-ac68-d71ffdabe000" executionId="56df9838-0c77-476c-9492-dcf2112cb1b9" testListId="8c84fa94-04c1-424b-9868-57a2d4851a1d" />
    <TestEntry testId="e2350845-1f3f-6907-3805-d81b5dce3aed" executionId="c1bd6418-4929-483a-935f-f7530c3d237d" testListId="8c84fa94-04c1-424b-9868-57a2d4851a1d" />
    <TestEntry testId="6b78f8da-fc12-62dc-9f88-c5e10a98f007" executionId="4a9623bd-2092-4b94-a66c-279ea176fa92" testListId="8c84fa94-04c1-424b-9868-57a2d4851a1d" />
    <TestEntry testId="7b53b99d-252e-844e-10ce-3552b8f6980f" executionId="f5f98129-4d51-43d9-b6fe-ec4d6ef91027" testListId="8c84fa94-04c1-424b-9868-57a2d4851a1d" />
    <TestEntry testId="90ee7706-be86-d0d9-20c4-74ab6a1f60b7" executionId="d44fd896-8901-4978-8730-5b591d06a370" testListId="8c84fa94-04c1-424b-9868-57a2d4851a1d" />
    <TestEntry testId="86a3d4f1-4730-e078-7812-a2cb42758d4b" executionId="89e5f319-e90f-45bd-9b9b-75743eadcc0e" testListId="8c84fa94-04c1-424b-9868-57a2d4851a1d" />
    <TestEntry testId="b5f26849-7f95-8deb-3e82-07db33467afb" executionId="05a09006-72e5-4945-a664-5f723b01326c" testListId="8c84fa94-04c1-424b-9868-57a2d4851a1d" />
    <TestEntry testId="6348b4b0-49f7-9204-9791-fbfe727cb8b8" executionId="d037ee0d-4b9b-4d1a-a848-bdc7bd272859" testListId="8c84fa94-04c1-424b-9868-57a2d4851a1d" />
    <TestEntry testId="0f34bf53-f1cd-8615-6e75-51f26224ccf1" executionId="dac3106d-f217-4683-abda-add9a981a58d" testListId="8c84fa94-04c1-424b-9868-57a2d4851a1d" />
    <TestEntry testId="fea06ea0-1747-ca17-2548-261210975e57" executionId="79e102d3-72ff-4547-a503-1cb9bf3b213e" testListId="8c84fa94-04c1-424b-9868-57a2d4851a1d" />
    <TestEntry testId="d147ccf7-2e90-d95d-62de-1759c3690066" executionId="e44c607d-2df6-4016-aa4f-6030373afc8a" testListId="8c84fa94-04c1-424b-9868-57a2d4851a1d" />
    <TestEntry testId="37d70f53-ca13-79ab-c67c-fecd55be0876" executionId="0c390b5f-0676-4276-bc51-e123298437f7" testListId="8c84fa94-04c1-424b-9868-57a2d4851a1d" />
    <TestEntry testId="afd0d33f-f4d8-2831-3613-5b41efd13c3b" executionId="bc95be33-e9ce-4755-bd58-6624965294b0" testListId="8c84fa94-04c1-424b-9868-57a2d4851a1d" />
    <TestEntry testId="61eb0848-4e9b-4d1d-2e7a-801bcb7d8307" executionId="cdae2d87-a6ba-4f26-a2b5-282fd2f2de6f" testListId="8c84fa94-04c1-424b-9868-57a2d4851a1d" />
    <TestEntry testId="80a01599-be59-3356-d51c-3d8e6f327fd1" executionId="95a07146-897a-44ea-8ec3-b95cd2708b15" testListId="8c84fa94-04c1-424b-9868-57a2d4851a1d" />
    <TestEntry testId="71678dc5-b379-afbc-5607-17cbf413146c" executionId="ecf26e3a-e540-4280-9193-f3142c026e66" testListId="8c84fa94-04c1-424b-9868-57a2d4851a1d" />
    <TestEntry testId="3d581e6e-ac62-d984-1637-f1fef62a5597" executionId="f8670bf5-e6c0-4151-a4d5-d89454fadd3f" testListId="8c84fa94-04c1-424b-9868-57a2d4851a1d" />
    <TestEntry testId="a01cdd42-8e33-6253-38cb-1cb271d958f4" executionId="63a54f7c-9d4e-4bb7-9d39-2f3b388f3c97" testListId="8c84fa94-04c1-424b-9868-57a2d4851a1d" />
    <TestEntry testId="024506f9-eb28-1802-65f5-4eafd9fc8776" executionId="eb76e259-3819-4aac-8e5d-b22434fa48ff" testListId="8c84fa94-04c1-424b-9868-57a2d4851a1d" />
    <TestEntry testId="21c3231d-e912-0f46-5fbf-421ff3f2435e" executionId="d6c2bbf7-a89d-4581-8e64-0c62194653a5" testListId="8c84fa94-04c1-424b-9868-57a2d4851a1d" />
    <TestEntry testId="19b8d5ef-b980-1d42-3f3f-c869dee34ac6" executionId="061eaa2a-bf56-4240-80c7-539b4314b488" testListId="8c84fa94-04c1-424b-9868-57a2d4851a1d" />
    <TestEntry testId="c185c27a-3451-102c-d3c1-98ea6c73d73c" executionId="cb13024e-cfa8-4a46-8506-5afaf774d0eb" testListId="8c84fa94-04c1-424b-9868-57a2d4851a1d" />
    <TestEntry testId="2d12ad1b-0cfb-a7f2-de41-7d109965ff4a" executionId="41b2997d-a673-42fd-89da-ccec3fc00182" testListId="8c84fa94-04c1-424b-9868-57a2d4851a1d" />
    <TestEntry testId="6a02a9a9-45fc-e93c-144a-ec579f6fd7df" executionId="5486bfc7-1272-4742-af3e-20c2295478de" testListId="8c84fa94-04c1-424b-9868-57a2d4851a1d" />
    <TestEntry testId="29116375-ac95-4d53-91ed-53d27bf037c6" executionId="520cf268-3eb7-494f-aa06-ed76be86d0ee" testListId="8c84fa94-04c1-424b-9868-57a2d4851a1d" />
    <TestEntry testId="521fa3b6-9e37-72bc-d9e9-42020df0aa26" executionId="3f452ff2-1fef-45a3-a815-97caacddb93a" testListId="8c84fa94-04c1-424b-9868-57a2d4851a1d" />
    <TestEntry testId="610f0902-3657-5dff-20ec-353a29cbd7c4" executionId="5e3ee9a3-91f9-4ff9-bfc6-50907a2f16c7" testListId="8c84fa94-04c1-424b-9868-57a2d4851a1d" />
    <TestEntry testId="a8348a06-7119-4e51-65fc-4cd73de7f6cb" executionId="420f406c-7a71-41e0-ab6c-86038a90dc70" testListId="8c84fa94-04c1-424b-9868-57a2d4851a1d" />
    <TestEntry testId="d26e5e0e-e63b-6a1f-1d40-d2dc8692bbaf" executionId="0b59e709-9dcb-427e-b382-38b3e7258616" testListId="8c84fa94-04c1-424b-9868-57a2d4851a1d" />
    <TestEntry testId="ebee2a3c-e88d-7c65-2391-8d47991a3a48" executionId="7d4bfed6-b302-4113-9fbf-d67abfba7a1b" testListId="8c84fa94-04c1-424b-9868-57a2d4851a1d" />
    <TestEntry testId="8f24487f-448e-3b5a-351c-88c069a107d6" executionId="fa43aaa9-00cf-49fd-a5fd-c6099608eb45" testListId="8c84fa94-04c1-424b-9868-57a2d4851a1d" />
    <TestEntry testId="762e5ce4-0443-8529-2419-b15e6b3af056" executionId="3e13defe-9d51-4de0-8a84-1bad52c6dddf" testListId="8c84fa94-04c1-424b-9868-57a2d4851a1d" />
    <TestEntry testId="55be0839-9d5f-302a-bfcf-f7926cef9841" executionId="f9925c9e-aa34-4c20-972d-c7489b266a39" testListId="8c84fa94-04c1-424b-9868-57a2d4851a1d" />
    <TestEntry testId="4a4334b0-5451-8696-5200-0bdb59e2a710" executionId="5b391f69-c1ce-42f7-ba6a-19897c667fbd" testListId="8c84fa94-04c1-424b-9868-57a2d4851a1d" />
    <TestEntry testId="752f584a-0205-5811-1575-29e94681480b" executionId="d30699b1-efc8-454c-9129-eacda43e9baa" testListId="8c84fa94-04c1-424b-9868-57a2d4851a1d" />
    <TestEntry testId="257cee71-ac96-77a9-908c-68bd8420739c" executionId="2adb7f58-eb8f-438e-ba07-9fe0ef644d19" testListId="8c84fa94-04c1-424b-9868-57a2d4851a1d" />
    <TestEntry testId="ceb7f684-931d-5c6c-b7df-e9079ac9afdf" executionId="b0a7cfa1-71a4-49e2-9b26-3b00e0c76edc" testListId="8c84fa94-04c1-424b-9868-57a2d4851a1d" />
    <TestEntry testId="1440a184-8a0a-3d08-19bf-ac2d32351c96" executionId="b2b60bfc-e44f-4898-acb6-6513524b977b" testListId="8c84fa94-04c1-424b-9868-57a2d4851a1d" />
    <TestEntry testId="0ea957ac-53f2-c077-4d23-d56d0a5f77c4" executionId="4ec42fa1-a932-4bf7-b63f-1f3a11b60efe" testListId="8c84fa94-04c1-424b-9868-57a2d4851a1d" />
    <TestEntry testId="f28b795b-c425-f0b1-e6d2-05ca8e559551" executionId="ccdaabec-a2d6-4f70-bbec-81da8ecb6401" testListId="8c84fa94-04c1-424b-9868-57a2d4851a1d" />
    <TestEntry testId="23adbcea-fc51-4a16-9d4b-141d8a8f1fb7" executionId="c56ecac8-6b47-4925-9f5e-c3fa8c4a30f5" testListId="8c84fa94-04c1-424b-9868-57a2d4851a1d" />
    <TestEntry testId="fad10d32-e0c1-4a39-6168-5252fb0f8392" executionId="682b08a1-2fe4-49ef-8e97-962b196ef4a8" testListId="8c84fa94-04c1-424b-9868-57a2d4851a1d" />
    <TestEntry testId="0bdd31cf-560a-74a8-9cb0-f50b134f6e55" executionId="24e42c75-e2e3-4d8f-9bbf-24660602c905" testListId="8c84fa94-04c1-424b-9868-57a2d4851a1d" />
    <TestEntry testId="adc5ef62-1184-5cc3-ec81-b0b338d88e48" executionId="cf28f206-c8dc-42d0-828a-0754c899fc7a" testListId="8c84fa94-04c1-424b-9868-57a2d4851a1d" />
    <TestEntry testId="5bc31484-16d9-023b-e244-308f6e26f09a" executionId="990e2392-b6cf-4097-942c-c767f01b52c9" testListId="8c84fa94-04c1-424b-9868-57a2d4851a1d" />
    <TestEntry testId="a888e7ea-dbd1-07c6-66f1-9d366fb67e32" executionId="567c6e27-1454-4189-acf1-4596e6e488a5" testListId="8c84fa94-04c1-424b-9868-57a2d4851a1d" />
    <TestEntry testId="a7c76906-c1d7-0c9c-096c-a6235194b8e7" executionId="dc820ccc-1065-4de6-982a-59eec78cd165" testListId="8c84fa94-04c1-424b-9868-57a2d4851a1d" />
    <TestEntry testId="b074171d-4bb2-388e-f619-96efeb179b06" executionId="fa1f4653-0478-441c-a179-9b8109cb10e4" testListId="8c84fa94-04c1-424b-9868-57a2d4851a1d" />
    <TestEntry testId="5c5be749-8fc1-a0d2-2b32-3e2f32d1a7a1" executionId="2c2d9de3-1630-40e3-b95e-8b9880b1d86b" testListId="8c84fa94-04c1-424b-9868-57a2d4851a1d" />
    <TestEntry testId="7904b819-04ff-ce91-7814-899d505d8f94" executionId="243a4359-3bf4-43a0-9f7c-0a9f5f88e4e5" testListId="8c84fa94-04c1-424b-9868-57a2d4851a1d" />
    <TestEntry testId="279ea0a2-a194-3b23-c2df-f3b9caefacb9" executionId="81f6cad3-3897-4465-ae7a-caeab201edcb" testListId="8c84fa94-04c1-424b-9868-57a2d4851a1d" />
    <TestEntry testId="be4aa60a-fec3-fdce-8c70-46ec82a2fec7" executionId="611de138-38dc-4b2a-a46c-406fb14f5425" testListId="8c84fa94-04c1-424b-9868-57a2d4851a1d" />
    <TestEntry testId="cb302138-e270-3017-57fb-1fe538b37f25" executionId="ed917d00-2330-4eac-a50d-66bc594877aa" testListId="8c84fa94-04c1-424b-9868-57a2d4851a1d" />
    <TestEntry testId="07f796cc-f35b-a2f3-f99a-0213c6c6aa02" executionId="fae4dece-a841-492b-8799-89875b8903f1" testListId="8c84fa94-04c1-424b-9868-57a2d4851a1d" />
    <TestEntry testId="8591161e-1b40-e9f6-332c-2e1b43b81682" executionId="b05c2dfa-1153-4790-b02c-e775ccd7405f" testListId="8c84fa94-04c1-424b-9868-57a2d4851a1d" />
    <TestEntry testId="cbe18909-6635-9aa1-a38f-17a524fe9aa1" executionId="8f527ca3-e12d-4018-82b6-0e7a6d96380c" testListId="8c84fa94-04c1-424b-9868-57a2d4851a1d" />
    <TestEntry testId="55977c6e-f784-84a1-391e-15480b7266b6" executionId="988ea550-0b68-4556-8e54-3c6d7e62aa8d" testListId="8c84fa94-04c1-424b-9868-57a2d4851a1d" />
    <TestEntry testId="be59208d-36e7-073c-919d-21490848351c" executionId="21cdaef2-02ce-43a6-8c12-d2cd11e8dc31" testListId="8c84fa94-04c1-424b-9868-57a2d4851a1d" />
    <TestEntry testId="da69ab52-f883-eabf-8235-9cb66a514e58" executionId="6d6ed95c-501f-4d76-8332-fe6db75b83ee" testListId="8c84fa94-04c1-424b-9868-57a2d4851a1d" />
    <TestEntry testId="b8d38453-fb40-0cfb-4e20-39c788746328" executionId="6602f923-ac7e-4df6-a975-bec3abcf087e" testListId="8c84fa94-04c1-424b-9868-57a2d4851a1d" />
    <TestEntry testId="9277cfc2-3adf-cf52-f9f5-a84d42e6305c" executionId="1a851c4e-481e-49fc-8f24-9b64b02364e9" testListId="8c84fa94-04c1-424b-9868-57a2d4851a1d" />
    <TestEntry testId="11067e87-9b88-327c-9a0f-dda26b0288cb" executionId="0e153b9a-6e63-4123-a50a-b17028f5716b" testListId="8c84fa94-04c1-424b-9868-57a2d4851a1d" />
    <TestEntry testId="34a0ec2a-ee87-5c68-071f-7bf4fe21828e" executionId="b2f932e0-ff98-4147-aa52-992e20425fd1" testListId="8c84fa94-04c1-424b-9868-57a2d4851a1d" />
    <TestEntry testId="2035ba59-2ee2-badb-15b9-a8ffa8fcf57c" executionId="edf9a341-5353-4780-812a-8b7c13146a24" testListId="8c84fa94-04c1-424b-9868-57a2d4851a1d" />
    <TestEntry testId="8d9adc97-9f99-5fc5-0cdb-932a51aaf028" executionId="c80f606f-0cc1-4886-83b8-c68b0784f7ea" testListId="8c84fa94-04c1-424b-9868-57a2d4851a1d" />
    <TestEntry testId="f0aad1e7-1486-b29a-7a82-84f2693dfbe3" executionId="9e8de171-0aa1-423f-b4df-a8488b994ed0" testListId="8c84fa94-04c1-424b-9868-57a2d4851a1d" />
    <TestEntry testId="8537861e-52bb-f63c-38f8-3f1d41ff88e5" executionId="38fb0e12-77ff-419e-95ab-311b02d02dd3" testListId="8c84fa94-04c1-424b-9868-57a2d4851a1d" />
    <TestEntry testId="7e4135b8-b66c-77ce-172b-34d352f16888" executionId="bb52fabc-0396-47c1-a421-b6dc1d7b8fd9" testListId="8c84fa94-04c1-424b-9868-57a2d4851a1d" />
    <TestEntry testId="3c275536-ffe1-8830-c363-8f6f56aca6a1" executionId="0212d91a-9238-4459-ba1a-32acd7158a11" testListId="8c84fa94-04c1-424b-9868-57a2d4851a1d" />
    <TestEntry testId="b34ac9b1-7b20-291d-6caf-28aeffc4e30f" executionId="8b13dd7c-9eb5-4bd2-bc41-3543d62be5ba" testListId="8c84fa94-04c1-424b-9868-57a2d4851a1d" />
    <TestEntry testId="ecf86b56-1ec1-9984-97f9-65e2b8a0e550" executionId="cbbf0338-b1d5-4869-ae8f-db432bedd034" testListId="8c84fa94-04c1-424b-9868-57a2d4851a1d" />
    <TestEntry testId="b54d2807-218d-96e0-fe0e-06e67796eaa7" executionId="90c42fe5-99cb-4a97-96de-077fb441a4fb" testListId="8c84fa94-04c1-424b-9868-57a2d4851a1d" />
    <TestEntry testId="35e23acf-2036-4d69-e77b-27d58a55d61b" executionId="eb698104-be75-4c2a-8ba0-4640947b2344" testListId="8c84fa94-04c1-424b-9868-57a2d4851a1d" />
    <TestEntry testId="7d115265-369e-6487-e000-47e2ac4ab46b" executionId="cfb535e1-1893-4445-a788-79f7e0227771" testListId="8c84fa94-04c1-424b-9868-57a2d4851a1d" />
    <TestEntry testId="1658bad2-8c99-0b77-1530-2e9ba32823bd" executionId="0bcfa23d-eacd-4101-b951-65b450cbc0d3" testListId="8c84fa94-04c1-424b-9868-57a2d4851a1d" />
    <TestEntry testId="d377bd87-4eea-3f7f-c041-91df35d9ea10" executionId="6fd20ed7-e040-41a1-92a0-d93aca659869" testListId="8c84fa94-04c1-424b-9868-57a2d4851a1d" />
    <TestEntry testId="cbe7ad88-c615-fcac-7be4-3d317fe5861e" executionId="fd4c0413-ff49-40cd-9982-c521489050a2" testListId="8c84fa94-04c1-424b-9868-57a2d4851a1d" />
    <TestEntry testId="6a5dc4fe-eaa1-ef57-2e33-6170c4a0ea22" executionId="f6e5fed4-b6d4-478b-859a-a350dd185495" testListId="8c84fa94-04c1-424b-9868-57a2d4851a1d" />
    <TestEntry testId="311588b6-1eda-5995-3667-7c2c732d3f34" executionId="4a94d864-5487-491c-89da-5939d2bda6a4" testListId="8c84fa94-04c1-424b-9868-57a2d4851a1d" />
    <TestEntry testId="e6e7fdd0-b12d-1312-3dc2-3384a5e7d999" executionId="be01c88b-584c-4e6e-a815-96080acc875f" testListId="8c84fa94-04c1-424b-9868-57a2d4851a1d" />
    <TestEntry testId="0667d290-5479-f00f-a7a0-ba550069f4d6" executionId="a22cac74-2476-4cba-84b1-b363770ee693" testListId="8c84fa94-04c1-424b-9868-57a2d4851a1d" />
    <TestEntry testId="0978a2bb-d483-0479-bb70-260f687971c0" executionId="0af3bd42-f641-41ae-a76c-63bf963306da" testListId="8c84fa94-04c1-424b-9868-57a2d4851a1d" />
    <TestEntry testId="ea8471c3-2743-4dfb-2fac-6cae304dff99" executionId="ba778b1d-e59d-427a-a59d-a9105a0cc08b" testListId="8c84fa94-04c1-424b-9868-57a2d4851a1d" />
    <TestEntry testId="580ab2d5-6b28-ec61-9de4-466295a56551" executionId="a34fe854-179f-4102-8a2a-b40450ea8b2d" testListId="8c84fa94-04c1-424b-9868-57a2d4851a1d" />
    <TestEntry testId="25c75db4-22d0-52b7-8169-fe8bfa7112f2" executionId="61444719-e9af-4529-accc-0def5e6acef6" testListId="8c84fa94-04c1-424b-9868-57a2d4851a1d" />
    <TestEntry testId="fa8e579d-d6a8-b37b-9cf1-3c38331f528e" executionId="1b99f8a7-056f-48f1-ad7f-206838cc9e96" testListId="8c84fa94-04c1-424b-9868-57a2d4851a1d" />
    <TestEntry testId="3303c520-a64a-555f-afb5-ac27a0847525" executionId="8c5c3dd2-e07b-45a1-bf94-683cb5257e7b" testListId="8c84fa94-04c1-424b-9868-57a2d4851a1d" />
    <TestEntry testId="7ba81b36-e120-9974-bbd1-63dae796d45c" executionId="c9b065a8-1a38-464c-ba8a-927d615266ca" testListId="8c84fa94-04c1-424b-9868-57a2d4851a1d" />
    <TestEntry testId="57ff7061-f165-0166-a6d9-95fdfc400dea" executionId="9734d554-574d-44d0-ad83-419335f26995" testListId="8c84fa94-04c1-424b-9868-57a2d4851a1d" />
    <TestEntry testId="a08c8488-fa9f-7deb-e37e-0124bdaf71c9" executionId="bf21b70f-b86b-40ba-bd57-8af8e241d91a" testListId="8c84fa94-04c1-424b-9868-57a2d4851a1d" />
    <TestEntry testId="05be2e04-a7a4-ec81-8b2e-19e4e2cd04d0" executionId="eb78d1b6-3546-485b-9c93-05ee0f518db2" testListId="8c84fa94-04c1-424b-9868-57a2d4851a1d" />
    <TestEntry testId="05a32b6d-38a3-d790-fab1-ef7fcb38fd6c" executionId="0c043bea-de3a-41ae-ba57-240d2c246cb2" testListId="8c84fa94-04c1-424b-9868-57a2d4851a1d" />
    <TestEntry testId="00c173aa-365e-0279-47ce-e69aab924076" executionId="3d7023ba-d1c6-4450-bfa4-5c04683db9a2" testListId="8c84fa94-04c1-424b-9868-57a2d4851a1d" />
    <TestEntry testId="bc8b0527-de00-05c5-8ddf-e463dace5bf0" executionId="6b3f5fe9-d3c3-4186-a1eb-28276b3ceb0e" testListId="8c84fa94-04c1-424b-9868-57a2d4851a1d" />
    <TestEntry testId="b2708039-2d5c-fb09-5f56-062d0cb9067a" executionId="6148b8df-937f-405a-a7bd-e573365f72e3" testListId="8c84fa94-04c1-424b-9868-57a2d4851a1d" />
    <TestEntry testId="f3eb9765-0045-7d49-5de3-054bd621a41f" executionId="13457f9d-6732-4d2f-a8e0-0b802617a833" testListId="8c84fa94-04c1-424b-9868-57a2d4851a1d" />
    <TestEntry testId="c6bf636f-3c18-b5d6-1346-58450e782d22" executionId="e09a8183-d0f3-42b9-82d2-10ed116a7480" testListId="8c84fa94-04c1-424b-9868-57a2d4851a1d" />
    <TestEntry testId="615fa398-9de6-a6b9-2dab-60666d0931f7" executionId="d95ad879-e604-432a-8549-e5458abf196f" testListId="8c84fa94-04c1-424b-9868-57a2d4851a1d" />
    <TestEntry testId="df3985f6-a310-5cd4-8528-b305d96c9c87" executionId="2325315d-2f05-4e6e-b509-d5669742dc03" testListId="8c84fa94-04c1-424b-9868-57a2d4851a1d" />
    <TestEntry testId="b5cd9d3c-6e7d-bae4-881c-4092ac2390ce" executionId="fa89a641-8736-4a12-9164-0b213e3dee32" testListId="8c84fa94-04c1-424b-9868-57a2d4851a1d" />
    <TestEntry testId="8184eede-89c1-758f-6b98-b1536f1bc7e0" executionId="b9756913-5f60-46ae-9b5e-606dbc629048" testListId="8c84fa94-04c1-424b-9868-57a2d4851a1d" />
    <TestEntry testId="e679eaee-e3a9-8b8a-d185-7c73afee0b2f" executionId="eadbba8d-d0a4-4f5b-a3a0-94098a53e80c" testListId="8c84fa94-04c1-424b-9868-57a2d4851a1d" />
    <TestEntry testId="a35c67b3-dcd5-5426-949a-a2a9a2f95735" executionId="56788ab8-06b0-4712-868d-cf7fdf7d7a0d" testListId="8c84fa94-04c1-424b-9868-57a2d4851a1d" />
    <TestEntry testId="4662df59-28c1-5a49-3a88-d0d7d9c3969d" executionId="b6728f86-44f7-4281-8020-4ff3285faf64" testListId="8c84fa94-04c1-424b-9868-57a2d4851a1d" />
    <TestEntry testId="7422afbf-8dc8-2993-87d6-1f702a4bc862" executionId="abcf046f-aac5-42bc-ac31-44212512ea7c" testListId="8c84fa94-04c1-424b-9868-57a2d4851a1d" />
    <TestEntry testId="a50649ef-585c-8158-fd90-9ac54f51f860" executionId="1e0ace76-78a5-4403-b6f9-d401893fd1f6" testListId="8c84fa94-04c1-424b-9868-57a2d4851a1d" />
    <TestEntry testId="f4854fd4-587a-5d07-271a-654c42d2751c" executionId="f65d659d-7bc9-42d0-a54e-163df5ea62aa" testListId="8c84fa94-04c1-424b-9868-57a2d4851a1d" />
    <TestEntry testId="31ed7871-edfd-2633-6788-723019e7f3e1" executionId="a4f649b1-8645-4415-a764-b08ea2edca51" testListId="8c84fa94-04c1-424b-9868-57a2d4851a1d" />
    <TestEntry testId="379018c4-3439-ea28-2c36-3039f4766b8e" executionId="3e4cd323-bf4e-40f6-8520-7dfe6b21ef43" testListId="8c84fa94-04c1-424b-9868-57a2d4851a1d" />
    <TestEntry testId="5234899e-b699-a182-8741-15341fb350c8" executionId="fa9d33d6-bf88-415e-9bd7-cd92cd04fe62" testListId="8c84fa94-04c1-424b-9868-57a2d4851a1d" />
    <TestEntry testId="28c068cc-4f93-bf31-670a-7f0717946001" executionId="2b8474d6-246e-43b9-abf6-9012e30821be" testListId="8c84fa94-04c1-424b-9868-57a2d4851a1d" />
    <TestEntry testId="299c3fd4-a01d-2a60-05c1-ad11698aa276" executionId="fe3f5cdc-1108-4d96-ace3-b4f188b94645" testListId="8c84fa94-04c1-424b-9868-57a2d4851a1d" />
    <TestEntry testId="6ce0d4c6-4820-8d4a-179e-2d433a32b3e2" executionId="869135c8-ecc4-426a-b5cf-a14cac5b760c" testListId="8c84fa94-04c1-424b-9868-57a2d4851a1d" />
    <TestEntry testId="712c2678-6c5e-0050-868a-1155d0b4fa06" executionId="95792da2-e9a6-4d9f-ade6-0e24db25c84c" testListId="8c84fa94-04c1-424b-9868-57a2d4851a1d" />
    <TestEntry testId="b286589b-6f00-2211-0fe0-b6cf97d63d0a" executionId="58f73741-b316-4969-829d-a1b173738ecb" testListId="8c84fa94-04c1-424b-9868-57a2d4851a1d" />
    <TestEntry testId="6c604da3-7f27-8f64-ea2d-ce727d182abb" executionId="7b0cb8d8-7ad2-4c2b-931f-af7d28c5ea7f" testListId="8c84fa94-04c1-424b-9868-57a2d4851a1d" />
    <TestEntry testId="03343bcc-4f24-4c8a-3ccc-51481d1ee303" executionId="a23d907b-ec2b-4ebe-820e-91bfc1cc408f" testListId="8c84fa94-04c1-424b-9868-57a2d4851a1d" />
    <TestEntry testId="19309037-483b-d4c8-73ea-f8f351cef324" executionId="090dd40d-b81d-49c4-9d29-cc07817b643a" testListId="8c84fa94-04c1-424b-9868-57a2d4851a1d" />
    <TestEntry testId="28a678d1-0284-2779-ed67-e16002278e6b" executionId="42faf909-794e-42fc-8025-7de4f75b575e" testListId="8c84fa94-04c1-424b-9868-57a2d4851a1d" />
    <TestEntry testId="9ee728ab-0056-dd90-bcfe-6425ccab758e" executionId="8913e434-d2e9-45e6-870a-76a8c991387b" testListId="8c84fa94-04c1-424b-9868-57a2d4851a1d" />
    <TestEntry testId="01cb383a-3e5a-acd0-bce9-5df29c661a7c" executionId="385719c5-9172-406a-aebf-75b80229e8b5" testListId="8c84fa94-04c1-424b-9868-57a2d4851a1d" />
    <TestEntry testId="942f2440-35ec-8291-0e34-266a90087e97" executionId="ec4b6e1d-f293-4de5-9ad8-1518f3766beb" testListId="8c84fa94-04c1-424b-9868-57a2d4851a1d" />
    <TestEntry testId="cfb2439a-56a0-7de3-f9a2-8d326d2ccf14" executionId="19aeaae7-dc41-4d55-b449-46501ba169a7" testListId="8c84fa94-04c1-424b-9868-57a2d4851a1d" />
    <TestEntry testId="5717b261-73d9-ccff-48ad-cb5028daecbf" executionId="b654f5bd-d7fa-41a6-8f20-7befd86576fa" testListId="8c84fa94-04c1-424b-9868-57a2d4851a1d" />
    <TestEntry testId="9629fd85-821b-932c-4f6c-d14c57ed62b0" executionId="1b1236f3-561b-4030-ac9f-3ca3e949503a" testListId="8c84fa94-04c1-424b-9868-57a2d4851a1d" />
    <TestEntry testId="f0585ec3-ae76-b5af-6830-899496ff1fd9" executionId="f1dde911-c33d-4e7b-b895-01966a607c0a" testListId="8c84fa94-04c1-424b-9868-57a2d4851a1d" />
    <TestEntry testId="c39afc72-aad4-5709-e4a1-73293872a305" executionId="8a5380c8-c55c-40d2-ade4-506a9e1a163b" testListId="8c84fa94-04c1-424b-9868-57a2d4851a1d" />
    <TestEntry testId="45b47e45-8abc-9102-029a-0eb6ca1d5e58" executionId="0940824c-f22d-45b9-88f2-431cbc181841" testListId="8c84fa94-04c1-424b-9868-57a2d4851a1d" />
    <TestEntry testId="bce75dbd-45ca-03c5-19ba-bad21cb2572e" executionId="4c8e9a9b-013a-4aae-b31d-cb98da578411" testListId="8c84fa94-04c1-424b-9868-57a2d4851a1d" />
    <TestEntry testId="82e7d70c-1a42-9215-0f5f-33fe3e6fa346" executionId="00155e5c-1d2b-4aeb-be8d-32ac38e1acda" testListId="8c84fa94-04c1-424b-9868-57a2d4851a1d" />
    <TestEntry testId="c2208323-1f95-b32c-0530-4ad682605720" executionId="babf8e39-0f7d-4075-85e6-a3d387d39960" testListId="8c84fa94-04c1-424b-9868-57a2d4851a1d" />
    <TestEntry testId="4f19bfe4-12a5-e7df-9799-ba1ffdd56260" executionId="9ab01e99-1c5a-4a90-97c3-a8190be8ffb2" testListId="8c84fa94-04c1-424b-9868-57a2d4851a1d" />
    <TestEntry testId="7df385e8-e01d-d2ef-2361-abb8175fc7ae" executionId="97f9890a-1cbc-41df-916c-f2f2982e8ea5" testListId="8c84fa94-04c1-424b-9868-57a2d4851a1d" />
    <TestEntry testId="3b6adeb2-dcf4-fb95-f3e8-26dcad169d8e" executionId="468f7a6c-ad3a-48c6-bcb4-9069fc4d515c" testListId="8c84fa94-04c1-424b-9868-57a2d4851a1d" />
    <TestEntry testId="b7c8b8f4-3f53-7b79-a3fb-65f51c557883" executionId="9759d3d0-a285-4c34-b4fd-2f8af5abaae7" testListId="8c84fa94-04c1-424b-9868-57a2d4851a1d" />
    <TestEntry testId="9cef29cf-98fb-f211-5054-ae4d42774e1f" executionId="30a7b1de-23f5-4958-bd6a-3091ece0bc35" testListId="8c84fa94-04c1-424b-9868-57a2d4851a1d" />
    <TestEntry testId="eae9a8da-630f-ea44-decf-a8ef3a38d81d" executionId="b8548cc0-4463-475e-9ccf-a4da73b47d9b" testListId="8c84fa94-04c1-424b-9868-57a2d4851a1d" />
    <TestEntry testId="114d6aa2-3c70-c374-d5cb-1675b6f9d5e6" executionId="5d6b6f9e-90f9-4090-9e9a-bd6a451c1403" testListId="8c84fa94-04c1-424b-9868-57a2d4851a1d" />
    <TestEntry testId="a2324ec9-fe68-9e74-cace-8efe295e824d" executionId="0fbcae40-3afa-4356-980b-91d92e3cbc42" testListId="8c84fa94-04c1-424b-9868-57a2d4851a1d" />
    <TestEntry testId="e39abc6e-a339-e385-747c-5c151d68fdc6" executionId="5bf8cdbb-cd46-4f8f-93fa-e2b114d01a28" testListId="8c84fa94-04c1-424b-9868-57a2d4851a1d" />
    <TestEntry testId="086ce182-cb7e-9e8c-a794-52547670ad62" executionId="8f1fd7f6-30a9-452e-b4a6-c1880748a74d" testListId="8c84fa94-04c1-424b-9868-57a2d4851a1d" />
    <TestEntry testId="bf7aea95-4edb-be07-7de0-fdb7b0e337d5" executionId="08c8702f-15bb-4e44-9fbb-c08dfba7bd16" testListId="8c84fa94-04c1-424b-9868-57a2d4851a1d" />
    <TestEntry testId="a4d82a7a-0101-77be-aadf-7ad891442135" executionId="9d16a810-0522-4fe1-8baf-63c97ce09169" testListId="8c84fa94-04c1-424b-9868-57a2d4851a1d" />
    <TestEntry testId="cab5d10f-8cae-8dfd-3b1b-219e11cb76ab" executionId="84afd242-5288-4dbf-8c25-57f924b1c39a" testListId="8c84fa94-04c1-424b-9868-57a2d4851a1d" />
    <TestEntry testId="b9c69082-a036-d41e-d5a0-c1cde2a1d040" executionId="50ba396b-711b-4751-ac29-3a6ab3684146" testListId="8c84fa94-04c1-424b-9868-57a2d4851a1d" />
    <TestEntry testId="17734bbb-2d3a-adb5-e319-0683f12164eb" executionId="b6fb3c21-b8c2-4565-823c-e791bfa0f3fc" testListId="8c84fa94-04c1-424b-9868-57a2d4851a1d" />
    <TestEntry testId="49538287-c6a8-9cce-5150-35176d68e7fe" executionId="c301c6dd-dbb3-4655-b7af-e79cd2b71244" testListId="8c84fa94-04c1-424b-9868-57a2d4851a1d" />
    <TestEntry testId="3f6f5d68-0845-7e29-25ea-1750d0b3ad97" executionId="c3cf6ff9-bf08-482c-bd56-3aa2c680ea2f" testListId="8c84fa94-04c1-424b-9868-57a2d4851a1d" />
    <TestEntry testId="3ff03a46-b206-b458-f53e-9c5468df465e" executionId="f2f0eb4b-8ae6-488a-b321-fee2a74cef0e" testListId="8c84fa94-04c1-424b-9868-57a2d4851a1d" />
    <TestEntry testId="726ca756-5ddd-cb5f-72a7-3e3a70b8c971" executionId="bd918935-b157-457b-acfb-d18f7e27e37a" testListId="8c84fa94-04c1-424b-9868-57a2d4851a1d" />
    <TestEntry testId="c32a55d2-5cd9-4241-ed27-6ec6eee4b3b0" executionId="d1f4ffa5-da4c-4096-8607-c331cdd87fa1" testListId="8c84fa94-04c1-424b-9868-57a2d4851a1d" />
    <TestEntry testId="bcaccf95-48bd-f1b0-c691-d2f1e6a4e3bd" executionId="d8f298e5-d3f1-4752-9e73-ac10d567168e" testListId="8c84fa94-04c1-424b-9868-57a2d4851a1d" />
    <TestEntry testId="de7a0ae7-aa58-be18-206b-2d44f2e86ead" executionId="b472799a-e9a5-44f3-8f7b-a9d857a961ec" testListId="8c84fa94-04c1-424b-9868-57a2d4851a1d" />
    <TestEntry testId="979c090f-8c86-d264-67f3-13520744166b" executionId="6f533120-890f-49ef-ab5c-5f75678d8813" testListId="8c84fa94-04c1-424b-9868-57a2d4851a1d" />
    <TestEntry testId="c7b07fde-ab61-697a-6040-f2f4c1529d34" executionId="8c2cdf90-2684-4863-9958-3cb1a691bb66" testListId="8c84fa94-04c1-424b-9868-57a2d4851a1d" />
    <TestEntry testId="58932f19-d7b6-d69f-2dae-d6e75aa0e55e" executionId="f83cb5e8-1de4-4fe7-90a6-a74e67216505" testListId="8c84fa94-04c1-424b-9868-57a2d4851a1d" />
    <TestEntry testId="7b5400c4-5377-7ac8-dd1c-7b695cb4115f" executionId="071f1acf-1e82-4011-b0ee-913cb061ae71" testListId="8c84fa94-04c1-424b-9868-57a2d4851a1d" />
    <TestEntry testId="21347641-7dc3-6035-5dfd-bb1ac2ae1b73" executionId="7acb448b-e677-4805-b0c2-c88ab43aef4a" testListId="8c84fa94-04c1-424b-9868-57a2d4851a1d" />
    <TestEntry testId="e073dcb9-6292-6a4c-9a77-75ed0e912310" executionId="b6b3e70e-91a9-4156-8820-98be7f6b3f74" testListId="8c84fa94-04c1-424b-9868-57a2d4851a1d" />
    <TestEntry testId="f3dbad6e-a998-4f0d-7c83-23b7bc70f023" executionId="7d64e8f9-9348-4197-bff0-0716ff2c69ab" testListId="8c84fa94-04c1-424b-9868-57a2d4851a1d" />
    <TestEntry testId="7c3fcb5f-2001-b092-5026-72ef7da49275" executionId="ef49f33f-1e36-418f-90b1-2c6dafa71a66" testListId="8c84fa94-04c1-424b-9868-57a2d4851a1d" />
    <TestEntry testId="acd7d1ab-8336-79e5-b078-d5eb4c962b29" executionId="5ffcebc7-58f2-47d6-a479-c9e4f0e3669a" testListId="8c84fa94-04c1-424b-9868-57a2d4851a1d" />
    <TestEntry testId="8951be4f-c5d7-21a4-85c8-2fc370bed815" executionId="7d7d3730-790f-4710-99e5-0867c569de5d" testListId="8c84fa94-04c1-424b-9868-57a2d4851a1d" />
    <TestEntry testId="53f90dbe-f7ad-b0e7-04ef-fba16a107a6f" executionId="b0aee339-48df-4e7e-bb30-4d0e641c3c22" testListId="8c84fa94-04c1-424b-9868-57a2d4851a1d" />
    <TestEntry testId="29406890-f674-40b1-2efb-3ed40d66af1f" executionId="f523fbc9-709c-4b5c-8e37-3267b6f8482d" testListId="8c84fa94-04c1-424b-9868-57a2d4851a1d" />
    <TestEntry testId="f9126a5c-91ab-1e44-30e6-13ca198640cb" executionId="e65a266a-70d6-4c5d-b60a-98deceea2237" testListId="8c84fa94-04c1-424b-9868-57a2d4851a1d" />
    <TestEntry testId="1ea79024-ef1b-d483-be8e-220bc24bf693" executionId="5d2c0cc0-03e1-408a-86fb-de38c8be1096" testListId="8c84fa94-04c1-424b-9868-57a2d4851a1d" />
    <TestEntry testId="c09eca31-2a58-b146-7d55-b556b7020c68" executionId="9b896389-415a-4242-942c-ff8b963ce5dc" testListId="8c84fa94-04c1-424b-9868-57a2d4851a1d" />
    <TestEntry testId="8f06716c-c7ff-1247-d243-6eeb705848f7" executionId="2fbe69e3-ba15-4653-af85-1f8ba8effe20" testListId="8c84fa94-04c1-424b-9868-57a2d4851a1d" />
    <TestEntry testId="84912826-9a40-9d59-76ff-2b9288e04c5b" executionId="6c52a3d6-3f54-4a92-b906-7212f1eaf967" testListId="8c84fa94-04c1-424b-9868-57a2d4851a1d" />
    <TestEntry testId="7c29140c-1ee9-b980-7778-18b11231f8a3" executionId="b5ce7381-85d5-430d-bf2b-f5d1c0b51140" testListId="8c84fa94-04c1-424b-9868-57a2d4851a1d" />
    <TestEntry testId="848d2a90-a6ed-8153-c519-d66b9a7193d9" executionId="d84bf476-a664-4661-a8c4-bddf7892d1f6" testListId="8c84fa94-04c1-424b-9868-57a2d4851a1d" />
    <TestEntry testId="58d53652-da34-09db-a06d-1fae2bb18f28" executionId="3ffb37ce-e273-4e12-86fa-778a6c03b9d6" testListId="8c84fa94-04c1-424b-9868-57a2d4851a1d" />
    <TestEntry testId="29658493-3081-01dd-eb7c-6d0a97eef1f2" executionId="24411663-7136-4880-8215-903dea7c11c8" testListId="8c84fa94-04c1-424b-9868-57a2d4851a1d" />
    <TestEntry testId="b9452443-27e0-9ab0-1723-70a405c1b43f" executionId="490ef982-e09e-4519-9ead-abcb08e64dc9" testListId="8c84fa94-04c1-424b-9868-57a2d4851a1d" />
    <TestEntry testId="94726e39-ff6c-190e-418c-075986e08585" executionId="dcc9089d-762e-47b7-b505-0267c9914638" testListId="8c84fa94-04c1-424b-9868-57a2d4851a1d" />
    <TestEntry testId="37887ca9-f36b-5081-1e8a-5e4e1fff4e53" executionId="bc8f01fb-0782-4130-af9f-283a89e7c928" testListId="8c84fa94-04c1-424b-9868-57a2d4851a1d" />
    <TestEntry testId="94cff85e-e7bb-c94b-e20b-765eb3997f75" executionId="3c884a3b-6c5c-4631-8bd7-d22e837a0fe1" testListId="8c84fa94-04c1-424b-9868-57a2d4851a1d" />
    <TestEntry testId="d24e4d75-af83-eba3-bdf8-ba8e65054856" executionId="c19750c2-9211-47ae-a83a-9be5bdd6cc87" testListId="8c84fa94-04c1-424b-9868-57a2d4851a1d" />
    <TestEntry testId="395d9b70-68ea-107f-3853-872b2d76bcc2" executionId="ef23dbd5-4bd7-4ec1-bb9c-468d74fb1d26" testListId="8c84fa94-04c1-424b-9868-57a2d4851a1d" />
    <TestEntry testId="0e73995d-338f-84a3-7662-4ba2ece68a21" executionId="7faf409a-a441-44d2-9a07-794c00a51ad1" testListId="8c84fa94-04c1-424b-9868-57a2d4851a1d" />
    <TestEntry testId="17ffc344-aceb-1f84-f3bf-8205c38e1b46" executionId="ab05d075-2182-4c22-9116-9daf8c364f6e" testListId="8c84fa94-04c1-424b-9868-57a2d4851a1d" />
    <TestEntry testId="9db1e6a2-c9ab-3468-9419-59249149bc04" executionId="44085e9b-7d61-4611-953d-23094e440645" testListId="8c84fa94-04c1-424b-9868-57a2d4851a1d" />
    <TestEntry testId="6aa37256-4a27-aaf0-2d68-1faeac68f58c" executionId="f4bd5401-de81-40d5-b0a2-0298c74c6887" testListId="8c84fa94-04c1-424b-9868-57a2d4851a1d" />
    <TestEntry testId="a9f22fa3-b7d2-f6d4-3197-1e8215934f1f" executionId="48b6a1a5-4d27-4513-bf6f-ccfa82c9a255" testListId="8c84fa94-04c1-424b-9868-57a2d4851a1d" />
    <TestEntry testId="628515ca-7a61-a487-4f7e-7b39d713c401" executionId="574db156-badd-4f37-9d1b-478f7553c6ab" testListId="8c84fa94-04c1-424b-9868-57a2d4851a1d" />
    <TestEntry testId="da1a6990-7ab2-9cdb-3d5d-e5366899dffb" executionId="596dd15e-f602-45e4-a79f-9d2bc26b702e" testListId="8c84fa94-04c1-424b-9868-57a2d4851a1d" />
    <TestEntry testId="30678609-1c69-68ef-6a0d-4b6cf4e5979d" executionId="4b295589-87f5-474e-aaf1-afb6190064b1" testListId="8c84fa94-04c1-424b-9868-57a2d4851a1d" />
    <TestEntry testId="c1a27935-5451-ecaa-f0f8-7b140e2bc422" executionId="06159006-6c2a-4c31-a49e-d0576a6064af" testListId="8c84fa94-04c1-424b-9868-57a2d4851a1d" />
    <TestEntry testId="3de5845a-c4ac-d187-6027-553f442e3ad2" executionId="889bd183-2f94-4008-b04e-c5354f3251dd" testListId="8c84fa94-04c1-424b-9868-57a2d4851a1d" />
    <TestEntry testId="0cdea9b8-a5e3-2983-1ccb-d986de17659d" executionId="b89cdde0-fda0-42d4-8b4f-94d5dd09c99b" testListId="8c84fa94-04c1-424b-9868-57a2d4851a1d" />
    <TestEntry testId="4195877a-ded9-22b8-62f7-465d0dab0554" executionId="92148a20-aba4-4904-a63e-6988456a00c5" testListId="8c84fa94-04c1-424b-9868-57a2d4851a1d" />
    <TestEntry testId="c2593dce-156b-2236-a515-633fd14dda79" executionId="9ecdcde0-2ccd-43ed-99f2-d883aa319fe4" testListId="8c84fa94-04c1-424b-9868-57a2d4851a1d" />
    <TestEntry testId="891c0d76-e64c-f414-ec6a-1381d76267bf" executionId="ba0385d9-7e89-4080-8d2f-2d26e3830198" testListId="8c84fa94-04c1-424b-9868-57a2d4851a1d" />
    <TestEntry testId="35a2b898-28ef-3d54-ad66-b8bbc7ede2a3" executionId="404e6f37-c244-4ddc-a22c-b2a2a46eee23" testListId="8c84fa94-04c1-424b-9868-57a2d4851a1d" />
    <TestEntry testId="b266e530-9059-cc9e-a2de-5a104736c757" executionId="aa72a38e-fb78-42ab-8f45-02fbd959e5d8" testListId="8c84fa94-04c1-424b-9868-57a2d4851a1d" />
    <TestEntry testId="8a34d143-fbd5-8061-22f1-4fab44554570" executionId="b36b288c-bc9e-4355-aee5-f25a3974906f" testListId="8c84fa94-04c1-424b-9868-57a2d4851a1d" />
    <TestEntry testId="f2fa6d2d-1c35-dcc0-50da-39045d7858e4" executionId="cb183a1d-ea1c-4507-a73c-837663c038fb" testListId="8c84fa94-04c1-424b-9868-57a2d4851a1d" />
    <TestEntry testId="85025e54-3d28-2e1a-ba9d-a38988743c83" executionId="d7057178-7faf-4df6-98c9-9b362dd03ef4" testListId="8c84fa94-04c1-424b-9868-57a2d4851a1d" />
    <TestEntry testId="7280bcd5-2dc4-a3f6-24fd-df56e5b00deb" executionId="0b545354-a187-48e2-a4a1-2665d7bb2546" testListId="8c84fa94-04c1-424b-9868-57a2d4851a1d" />
    <TestEntry testId="552b07f7-5957-56bd-9f6c-bbb880d05499" executionId="61ada307-e3e4-45d5-a83a-77649d0ccbe9" testListId="8c84fa94-04c1-424b-9868-57a2d4851a1d" />
    <TestEntry testId="8456fa24-5ecf-826b-4b12-9156253c47fe" executionId="4721432d-3170-449f-b1c7-8bc4e0a35c7c" testListId="8c84fa94-04c1-424b-9868-57a2d4851a1d" />
    <TestEntry testId="fb944051-8a30-bb84-bc2a-dc4270028415" executionId="80cea3f3-f3bc-4c1c-a475-e83e55f2c56a" testListId="8c84fa94-04c1-424b-9868-57a2d4851a1d" />
    <TestEntry testId="b1be5e34-279b-4416-5a52-95321e0442b4" executionId="11f15129-0996-4f19-a19c-cbfa04a33ca6" testListId="8c84fa94-04c1-424b-9868-57a2d4851a1d" />
    <TestEntry testId="a3cd1e56-7e87-cbfe-4696-2cfc61bd79f6" executionId="d772a00b-1daa-419a-baca-c7c2daff1ab3" testListId="8c84fa94-04c1-424b-9868-57a2d4851a1d" />
    <TestEntry testId="e00200eb-3a34-f266-bd48-fa5530d514f6" executionId="c59bc15c-2132-4a32-96c4-810d2a48ccb3" testListId="8c84fa94-04c1-424b-9868-57a2d4851a1d" />
    <TestEntry testId="184b236a-96f5-5ef7-81e9-55fd01a96b10" executionId="3c54e71b-5f9e-4a2c-8182-60d2481de968" testListId="8c84fa94-04c1-424b-9868-57a2d4851a1d" />
    <TestEntry testId="f5d3f3a5-bbac-e5c0-6089-8d38dd4249c8" executionId="04b64070-c3b1-42ae-8bdc-b2fa44753f77" testListId="8c84fa94-04c1-424b-9868-57a2d4851a1d" />
    <TestEntry testId="f6e6ea6a-a253-8185-3a92-d6751c76c436" executionId="088fc83c-c72c-4f98-ae1b-73aa92935853" testListId="8c84fa94-04c1-424b-9868-57a2d4851a1d" />
    <TestEntry testId="f1dc036c-9edd-e200-4e53-f62b2f9452ea" executionId="1ee23f8d-21bf-4b92-b830-ce0279c29bc8" testListId="8c84fa94-04c1-424b-9868-57a2d4851a1d" />
    <TestEntry testId="41ef5fd9-da1d-a61b-4faa-45b077dd05bc" executionId="d9062577-42ca-4932-a4ef-d504890ef3de" testListId="8c84fa94-04c1-424b-9868-57a2d4851a1d" />
    <TestEntry testId="d5a3e949-dba8-8515-82f0-b4d3600a13aa" executionId="2fe4ff2b-cfd9-43ac-8d4a-8e410bffa5b9" testListId="8c84fa94-04c1-424b-9868-57a2d4851a1d" />
    <TestEntry testId="cba33adf-d8e4-1800-afdf-f1e10b328694" executionId="deca7c2d-07ce-4897-97d8-f8d8fb9ecfb5" testListId="8c84fa94-04c1-424b-9868-57a2d4851a1d" />
    <TestEntry testId="7d9a319c-0aa5-831a-d202-712bedb1b15a" executionId="f84bc1c9-5c43-4877-93f5-667d842d89d1" testListId="8c84fa94-04c1-424b-9868-57a2d4851a1d" />
    <TestEntry testId="96b3d30f-d6cb-f987-10e4-934fbe7403b3" executionId="e41ae44a-dd93-4aa1-8371-b266758dc102" testListId="8c84fa94-04c1-424b-9868-57a2d4851a1d" />
    <TestEntry testId="a847ffac-041e-82ae-b13a-0b82098799e8" executionId="4ad48125-d634-4a92-be16-be6eb033136e" testListId="8c84fa94-04c1-424b-9868-57a2d4851a1d" />
    <TestEntry testId="cf776b29-1018-5167-38d5-0aac7593edc5" executionId="179859ad-8e87-40ee-bf13-ed0911a17800" testListId="8c84fa94-04c1-424b-9868-57a2d4851a1d" />
    <TestEntry testId="97caedcb-d6ae-5556-8168-c745e877090a" executionId="d6c595e8-5783-4736-87f0-87190bb9c5d3" testListId="8c84fa94-04c1-424b-9868-57a2d4851a1d" />
    <TestEntry testId="9a9fb753-7e29-0228-3909-087838ec3002" executionId="2f80be29-7e7a-4b85-a5f1-2d6a3d5de83f" testListId="8c84fa94-04c1-424b-9868-57a2d4851a1d" />
    <TestEntry testId="becea41b-b5f7-1be9-14b7-7b47b08d6269" executionId="ad6f90bb-025f-4e78-819d-fd401b6eeea2" testListId="8c84fa94-04c1-424b-9868-57a2d4851a1d" />
    <TestEntry testId="3f7d9e9c-5ad3-f161-b9fe-a5f6a9ab40b4" executionId="f95a6419-7fe3-4f4f-b9be-065c22df498b" testListId="8c84fa94-04c1-424b-9868-57a2d4851a1d" />
    <TestEntry testId="c2c1dbbf-76df-e4ac-1f6c-4bf02108e7b1" executionId="443b32f6-ac9a-4b91-9100-dea17d9c15c7" testListId="8c84fa94-04c1-424b-9868-57a2d4851a1d" />
    <TestEntry testId="71b16f9b-dbb0-7a23-533d-802c9512270b" executionId="36299eab-ebfc-48b2-afd0-89464a52bbbb" testListId="8c84fa94-04c1-424b-9868-57a2d4851a1d" />
    <TestEntry testId="6abd158c-e0bd-4354-9fac-ab6a832540d0" executionId="cb0bd7d2-f8b9-4363-bffe-d3982ea96ca9" testListId="8c84fa94-04c1-424b-9868-57a2d4851a1d" />
    <TestEntry testId="2287085c-f0e1-b4ec-fa14-c4512658a9fe" executionId="732e8b01-6f39-4592-8c71-50a3391b986e" testListId="8c84fa94-04c1-424b-9868-57a2d4851a1d" />
    <TestEntry testId="1a501163-ddde-3471-133e-1552ff82f851" executionId="737e0114-cbfe-4513-bc68-6cc581d61f1a" testListId="8c84fa94-04c1-424b-9868-57a2d4851a1d" />
    <TestEntry testId="32711e52-56ae-2f9f-7aac-180402232486" executionId="37101ecf-7792-4357-abb8-445703ff6a90" testListId="8c84fa94-04c1-424b-9868-57a2d4851a1d" />
    <TestEntry testId="510aaf45-0379-a668-36c0-4b4e838744ca" executionId="23105094-d1fd-4df9-9437-a38a1370a16a" testListId="8c84fa94-04c1-424b-9868-57a2d4851a1d" />
    <TestEntry testId="95a4da2d-eeda-4697-a7af-1236c580bef1" executionId="974dc9b2-2490-4979-a749-7f2bdc9c4303" testListId="8c84fa94-04c1-424b-9868-57a2d4851a1d" />
    <TestEntry testId="92e23589-82d8-4d27-764e-fa018e45b747" executionId="3a2c9c1d-896b-4600-9654-b248455522ee" testListId="8c84fa94-04c1-424b-9868-57a2d4851a1d" />
    <TestEntry testId="f454394e-283b-6832-24e4-e862ec140984" executionId="a98dc331-f923-48cc-974f-35b56dd32cba" testListId="8c84fa94-04c1-424b-9868-57a2d4851a1d" />
    <TestEntry testId="8b6f3338-cce8-0079-b821-3f92e6c60eee" executionId="c76f5371-86c6-4418-83c9-4f626f77485e" testListId="8c84fa94-04c1-424b-9868-57a2d4851a1d" />
    <TestEntry testId="e704684d-9f7f-da08-58cf-d52651e9dd96" executionId="42d89082-e847-46de-96c2-9b955a2755fb" testListId="8c84fa94-04c1-424b-9868-57a2d4851a1d" />
    <TestEntry testId="837f3b30-3aeb-50a8-d532-f419df9834ba" executionId="01a622b2-8fac-44c9-83d9-68f93e226683" testListId="8c84fa94-04c1-424b-9868-57a2d4851a1d" />
    <TestEntry testId="58ed8150-ee65-8df8-a854-bba06457b4da" executionId="a433968c-3039-4b91-9eec-c92c4acb240b" testListId="8c84fa94-04c1-424b-9868-57a2d4851a1d" />
    <TestEntry testId="454ead38-c2a8-9597-7b1c-dc862a589e0e" executionId="ffa31f19-12ed-4957-a079-bf1b497361e7" testListId="8c84fa94-04c1-424b-9868-57a2d4851a1d" />
    <TestEntry testId="7490fb46-9b1e-86c6-a053-c9324b70ce91" executionId="00edf2ae-0b82-47c8-98eb-2bce6f77c745" testListId="8c84fa94-04c1-424b-9868-57a2d4851a1d" />
    <TestEntry testId="b83433ff-1f44-78cf-aaee-d87286ab6972" executionId="81a0425f-a529-455d-93da-bc8abb610296" testListId="8c84fa94-04c1-424b-9868-57a2d4851a1d" />
    <TestEntry testId="4cc9a860-8c52-40a5-a7c1-0a80270c71a6" executionId="e7f28341-f50d-4b4c-8149-6a390ddd19c7" testListId="8c84fa94-04c1-424b-9868-57a2d4851a1d" />
    <TestEntry testId="e0081990-e732-207e-ce35-b6f9f879e1b0" executionId="4bea9e6c-8d63-4ff7-a37c-b9ae7f90c6a2" testListId="8c84fa94-04c1-424b-9868-57a2d4851a1d" />
    <TestEntry testId="2f906df4-9555-6f9b-9ae5-24f39050321b" executionId="1595c954-8e04-43b8-811f-bf2448503432" testListId="8c84fa94-04c1-424b-9868-57a2d4851a1d" />
    <TestEntry testId="0e06d825-6ba9-71ac-24ec-c9336680dd03" executionId="1baec1f0-e348-4540-8935-2742b5b3fb38" testListId="8c84fa94-04c1-424b-9868-57a2d4851a1d" />
    <TestEntry testId="40bf488b-c6ae-b189-e7b5-8aa7dd656fea" executionId="b9c3d437-81f8-4fad-9017-9524000a6f6a" testListId="8c84fa94-04c1-424b-9868-57a2d4851a1d" />
    <TestEntry testId="34f38fc8-ae53-5e82-0417-57e4237764fa" executionId="6f98cbf7-fde5-47c2-9f88-1548b82ebb15" testListId="8c84fa94-04c1-424b-9868-57a2d4851a1d" />
    <TestEntry testId="7f9e3406-835c-5c12-68cf-08b73690e2b2" executionId="3d18f727-e876-4bc5-aa7a-1416554fc48e" testListId="8c84fa94-04c1-424b-9868-57a2d4851a1d" />
    <TestEntry testId="f5fd9e95-4d91-8f7f-4648-e5bd7c8cc931" executionId="741ffcc7-d760-407a-8925-a33c986843b2" testListId="8c84fa94-04c1-424b-9868-57a2d4851a1d" />
    <TestEntry testId="ef8e2842-4b56-3143-8747-c2adcd3e7a1d" executionId="9678c714-a612-4327-a007-b33eaba8126a" testListId="8c84fa94-04c1-424b-9868-57a2d4851a1d" />
    <TestEntry testId="a0b62237-e6b4-ed13-bf88-ac0909d8c7c4" executionId="d85923e3-10cb-4eea-aba1-41b824f3bd9e" testListId="8c84fa94-04c1-424b-9868-57a2d4851a1d" />
    <TestEntry testId="7a70b4a3-dd05-b389-f6ee-af27102364f5" executionId="7f121707-3959-4d1d-92cd-9c1e2a596c6c" testListId="8c84fa94-04c1-424b-9868-57a2d4851a1d" />
    <TestEntry testId="d61bc42f-9488-4952-fc35-4acf2d69a35a" executionId="9e4c9499-1aa9-45a9-8530-6e7d78cabba5" testListId="8c84fa94-04c1-424b-9868-57a2d4851a1d" />
    <TestEntry testId="bf09f141-5d04-1546-3599-f58a7debd81e" executionId="2598adec-40ae-4b92-887d-1c4b9f625a43" testListId="8c84fa94-04c1-424b-9868-57a2d4851a1d" />
    <TestEntry testId="90524d2a-adb4-bd7e-769a-526d502faf2e" executionId="15076dfa-8df0-4102-bc57-d881395d156b" testListId="8c84fa94-04c1-424b-9868-57a2d4851a1d" />
    <TestEntry testId="fe527e8d-5e3e-18c1-ed37-cc075512021b" executionId="d45868b0-1f62-43a9-b796-58fbb86923ba" testListId="8c84fa94-04c1-424b-9868-57a2d4851a1d" />
    <TestEntry testId="ff64b042-e70f-6e34-60aa-4c59131392ce" executionId="8932af61-7c46-4c3f-8150-a27fee36885b" testListId="8c84fa94-04c1-424b-9868-57a2d4851a1d" />
    <TestEntry testId="c6ae4b68-49e1-d669-439e-3d0b7ef0cea4" executionId="5c684b78-aa98-4c97-88a2-7e1fab7dcfae" testListId="8c84fa94-04c1-424b-9868-57a2d4851a1d" />
    <TestEntry testId="9a621664-b485-1b19-02d4-7ca92799a60b" executionId="403401c1-7847-425f-a745-91022ec39159" testListId="8c84fa94-04c1-424b-9868-57a2d4851a1d" />
    <TestEntry testId="209edf4d-3b12-5a43-fec0-fca0d1a4ea6d" executionId="5e8900bb-35c6-413a-83ca-b46d675a2a2f" testListId="8c84fa94-04c1-424b-9868-57a2d4851a1d" />
    <TestEntry testId="4df235b9-e889-4809-39c8-ff3e09688830" executionId="ce681823-7ecb-4d03-a877-0c2aa508cbf8" testListId="8c84fa94-04c1-424b-9868-57a2d4851a1d" />
    <TestEntry testId="a71dfd40-e5c3-4b5b-03e3-172683e7a4a4" executionId="c2adebc7-1f52-47ff-bf48-911329d1e2a1" testListId="8c84fa94-04c1-424b-9868-57a2d4851a1d" />
    <TestEntry testId="90740d7b-70ce-f3ca-de0f-889615c99e7a" executionId="d47e7939-cce2-428a-9fed-c94baf3cdab9" testListId="8c84fa94-04c1-424b-9868-57a2d4851a1d" />
    <TestEntry testId="8afbc81b-c940-0dce-6ef9-318ffda0f1ea" executionId="eb4bac9f-4442-4226-9da2-1b944bec1962" testListId="8c84fa94-04c1-424b-9868-57a2d4851a1d" />
    <TestEntry testId="9c14da41-934e-02e1-653f-9f7dc91a12aa" executionId="3dee0d4d-2139-4fc0-be4a-5c33dba181dd" testListId="8c84fa94-04c1-424b-9868-57a2d4851a1d" />
    <TestEntry testId="b27808d6-4355-5292-3153-64fb93821ea0" executionId="ef5385f2-690e-4231-ae4b-61ba4f7bf31e" testListId="8c84fa94-04c1-424b-9868-57a2d4851a1d" />
    <TestEntry testId="b039aca6-d089-bcbd-2727-394bcd0025e0" executionId="23003f72-2a51-42cd-951e-162415276f31" testListId="8c84fa94-04c1-424b-9868-57a2d4851a1d" />
    <TestEntry testId="b700fa6d-df15-3228-9006-81a0fe0edb31" executionId="02de40d1-5eab-4689-9682-baefbfea42f1" testListId="8c84fa94-04c1-424b-9868-57a2d4851a1d" />
    <TestEntry testId="419ecc87-d9c8-28c4-00c0-ef118e7ae268" executionId="60f61980-a5bc-4738-8fa5-8e5d2ebad9b0" testListId="8c84fa94-04c1-424b-9868-57a2d4851a1d" />
    <TestEntry testId="38306153-a308-b729-5fc5-ac18787be15f" executionId="6d1dafb4-22df-429d-ac8f-6cffb88233ff" testListId="8c84fa94-04c1-424b-9868-57a2d4851a1d" />
    <TestEntry testId="1445b267-8883-4711-c51b-1a1ff5eca2f9" executionId="fd8ecd95-d039-4306-bd05-b95716df7be9" testListId="8c84fa94-04c1-424b-9868-57a2d4851a1d" />
    <TestEntry testId="72246d42-3df4-5454-c0c9-cf24737deb1a" executionId="f190a29b-2595-400c-b2f9-08cf0a3c6c50" testListId="8c84fa94-04c1-424b-9868-57a2d4851a1d" />
    <TestEntry testId="13221fa5-3685-19e4-e13a-81cefe081d4d" executionId="57f9c7f2-65f8-4f29-a926-0a181e09c538" testListId="8c84fa94-04c1-424b-9868-57a2d4851a1d" />
    <TestEntry testId="25e8173f-164f-a6d3-7781-f064566ee4cd" executionId="b454bef2-b8af-4d34-a30f-485f0a879cda" testListId="8c84fa94-04c1-424b-9868-57a2d4851a1d" />
    <TestEntry testId="fb9b5d5a-ec48-a3ed-07db-cf85d51b9faa" executionId="41fb9995-9901-472b-bece-dc69d4b5a2c4" testListId="8c84fa94-04c1-424b-9868-57a2d4851a1d" />
    <TestEntry testId="49c672b6-6d9d-50cd-ab6b-d47ad2b2d00c" executionId="dd75679e-2b40-4b8e-a7b5-7cc0127983bf" testListId="8c84fa94-04c1-424b-9868-57a2d4851a1d" />
    <TestEntry testId="d7f71e56-89f1-ca12-7436-85c71867f730" executionId="d8325797-c103-4071-9507-2d9712733d11" testListId="8c84fa94-04c1-424b-9868-57a2d4851a1d" />
    <TestEntry testId="ffb7284d-9149-6f2f-e2cd-12399f61de50" executionId="0781f8f0-0d7f-401d-8d6b-efb7f3cfa8aa" testListId="8c84fa94-04c1-424b-9868-57a2d4851a1d" />
    <TestEntry testId="0f4e158a-5f55-34ac-2195-c457e3f3f9e2" executionId="47332a3f-dfa4-4c8f-bd0e-88f7c501e6d7" testListId="8c84fa94-04c1-424b-9868-57a2d4851a1d" />
    <TestEntry testId="274e5ca5-6e22-8c94-c538-bc2ca6c5742f" executionId="610be5df-76d7-457d-a7b1-975617e6d474" testListId="8c84fa94-04c1-424b-9868-57a2d4851a1d" />
    <TestEntry testId="4b65b228-f0fd-3e1d-e2c9-95f312b6aeb7" executionId="ed6378ad-c8e3-4f87-96e3-bb645827417c" testListId="8c84fa94-04c1-424b-9868-57a2d4851a1d" />
    <TestEntry testId="b56338b4-aae6-cbe0-3487-2e781b98c188" executionId="dea7cffb-2814-41f5-8089-674c88e2fb70" testListId="8c84fa94-04c1-424b-9868-57a2d4851a1d" />
    <TestEntry testId="379512c8-8994-594d-a3c0-6d675c1d8949" executionId="d9b9cdb8-f0a1-48bd-bb89-51e2ee35a430" testListId="8c84fa94-04c1-424b-9868-57a2d4851a1d" />
    <TestEntry testId="04708542-086d-f6f2-88c4-fe541ab1cd55" executionId="d0f41669-2168-4c79-b631-8fad271e5773" testListId="8c84fa94-04c1-424b-9868-57a2d4851a1d" />
    <TestEntry testId="0f39fcee-dd2f-44a0-e35a-8e74fa0a37f5" executionId="7ee420c8-a2c0-4d0a-a93c-a207f5aff026" testListId="8c84fa94-04c1-424b-9868-57a2d4851a1d" />
    <TestEntry testId="1ab663c2-4cb9-e883-e113-e7c904041e47" executionId="2a5bd379-cd99-4a17-9b42-ba887842a56c" testListId="8c84fa94-04c1-424b-9868-57a2d4851a1d" />
    <TestEntry testId="39003167-8a78-92df-7e4f-41dcd0888168" executionId="f8c2da62-7a3c-46dc-a0fe-a94ac8f14e03" testListId="8c84fa94-04c1-424b-9868-57a2d4851a1d" />
    <TestEntry testId="3222b798-5ed7-0031-3bc4-2349d5773662" executionId="175ab013-e9a0-4902-a859-19b717dcb5b1" testListId="8c84fa94-04c1-424b-9868-57a2d4851a1d" />
    <TestEntry testId="7265e4fd-f7ba-8572-e525-8b365c7360c6" executionId="2884d584-9541-4303-9258-6395e38d3129" testListId="8c84fa94-04c1-424b-9868-57a2d4851a1d" />
    <TestEntry testId="2e2f38c6-5756-eb9b-9fbb-652c777b6247" executionId="7a201965-228e-4fa1-9b28-286efbafcdcb" testListId="8c84fa94-04c1-424b-9868-57a2d4851a1d" />
    <TestEntry testId="fb0ce41f-cede-9ac7-f047-8c3573f30f7e" executionId="e356064d-70ff-4b57-8223-73d1b37067fb" testListId="8c84fa94-04c1-424b-9868-57a2d4851a1d" />
    <TestEntry testId="2f0cf2d4-3a28-6b74-1791-705b9f0277be" executionId="83cb66e8-34ec-4c89-9132-808edb8d1431" testListId="8c84fa94-04c1-424b-9868-57a2d4851a1d" />
    <TestEntry testId="3cf165e2-4de9-3079-4fb7-1ca2dade8ab8" executionId="606268d3-6e5c-4865-9a1a-7bb9519d6fea" testListId="8c84fa94-04c1-424b-9868-57a2d4851a1d" />
    <TestEntry testId="e4a60893-7e5b-dc4d-fd91-d28f1c9b83a3" executionId="ae0417a4-f9ed-4029-b6fc-93170b546c21" testListId="8c84fa94-04c1-424b-9868-57a2d4851a1d" />
    <TestEntry testId="b41bb231-beda-2963-85d3-5ce48fa4ac9e" executionId="4e2ea416-05a8-4bfc-8b28-432646b1d2fe" testListId="8c84fa94-04c1-424b-9868-57a2d4851a1d" />
    <TestEntry testId="fde9a5ec-e687-8abc-b728-b7fb0bfbd8d4" executionId="b4501ee7-dd1f-482c-abe2-9407ccbdaefb" testListId="8c84fa94-04c1-424b-9868-57a2d4851a1d" />
    <TestEntry testId="6c172272-73ee-1f81-5332-f3180f21fb30" executionId="df499b07-5c6c-467c-9628-8b5b5f68547c" testListId="8c84fa94-04c1-424b-9868-57a2d4851a1d" />
    <TestEntry testId="a6878771-c471-f5b9-95dc-467df24cdd5b" executionId="8807e0d2-0c7f-4304-a7ed-2ac9abfe36b9" testListId="8c84fa94-04c1-424b-9868-57a2d4851a1d" />
    <TestEntry testId="b5a90a67-8ab0-67af-7979-e040eeab7b97" executionId="778be284-ab04-466a-aaff-cf3e81b110f1" testListId="8c84fa94-04c1-424b-9868-57a2d4851a1d" />
    <TestEntry testId="5e8a64ef-fabe-5bbf-4739-e9cf8ccf2ee0" executionId="e29a8c2f-5fd5-44bb-b65d-31d94771b83b" testListId="8c84fa94-04c1-424b-9868-57a2d4851a1d" />
    <TestEntry testId="8444e906-7a92-9021-9b3f-57eb7bbd8067" executionId="23d0e968-cb46-4fdd-9c12-f767331c75fe" testListId="8c84fa94-04c1-424b-9868-57a2d4851a1d" />
    <TestEntry testId="b6ca1995-becc-76ce-0b28-eebf3dd3e464" executionId="0ab202ac-d578-4700-b3cc-e2cb9e590fd5" testListId="8c84fa94-04c1-424b-9868-57a2d4851a1d" />
    <TestEntry testId="92867c0e-facc-7f59-b4bc-04e39d2ba464" executionId="bd98bc13-ec26-459e-8406-78c6427d2a33" testListId="8c84fa94-04c1-424b-9868-57a2d4851a1d" />
    <TestEntry testId="04967881-3d44-4f25-5839-6dd3eae8bd89" executionId="c64f2f90-db54-48ba-a41e-a323f299fae8" testListId="8c84fa94-04c1-424b-9868-57a2d4851a1d" />
    <TestEntry testId="f6401660-be6e-6eb8-4af7-4a88425589c4" executionId="c6f85eb6-c9c1-42dc-9f04-c8cd881a6d1f" testListId="8c84fa94-04c1-424b-9868-57a2d4851a1d" />
    <TestEntry testId="e6f60af7-eaed-5b55-816d-6d2a50c98932" executionId="70a0fcce-27a1-4c84-84e6-e1b3cbe5c99d" testListId="8c84fa94-04c1-424b-9868-57a2d4851a1d" />
    <TestEntry testId="b923c1df-de90-30ce-6175-be67d41806a2" executionId="0c6d40c0-ce5f-436c-807e-82126448655e" testListId="8c84fa94-04c1-424b-9868-57a2d4851a1d" />
    <TestEntry testId="c1189369-93b0-2acc-f712-00eac1c7b884" executionId="62bfaac7-bcb7-4a67-a075-3ba2844df8e6" testListId="8c84fa94-04c1-424b-9868-57a2d4851a1d" />
    <TestEntry testId="52456efe-2b4c-e54c-a102-5bc9bc1cc7f8" executionId="a2024dd5-8ff8-470a-a827-0bc5fd8e57c7" testListId="8c84fa94-04c1-424b-9868-57a2d4851a1d" />
    <TestEntry testId="610377d7-39b0-f1e5-075a-04c0ff0b06a2" executionId="e9874f1d-a0d7-455c-87ba-4975acd6ebc5" testListId="8c84fa94-04c1-424b-9868-57a2d4851a1d" />
    <TestEntry testId="35113593-4524-9172-cef8-1a1f5c1dfb29" executionId="a5b8f919-ff63-4940-8f93-85206602bcdc" testListId="8c84fa94-04c1-424b-9868-57a2d4851a1d" />
    <TestEntry testId="9e7bb479-43f6-3e5b-9858-d1abf76cc2e6" executionId="0686f39d-c780-4a5f-a2de-f510814ebc6c" testListId="8c84fa94-04c1-424b-9868-57a2d4851a1d" />
    <TestEntry testId="069167da-f488-ff65-4a0d-a2797b191242" executionId="c686bd65-33b6-4dd0-b9cb-a8adab563a04" testListId="8c84fa94-04c1-424b-9868-57a2d4851a1d" />
    <TestEntry testId="ff7d5d75-8704-2f07-483c-d76f3a2523cc" executionId="eac100f2-6c1c-48c3-b2a5-a5e75fe7dfa8" testListId="8c84fa94-04c1-424b-9868-57a2d4851a1d" />
    <TestEntry testId="e0a6ca51-6257-18e2-3ed9-4bb78f34d6d7" executionId="abfaa2cf-fb44-437a-86a0-18432d19d04c" testListId="8c84fa94-04c1-424b-9868-57a2d4851a1d" />
    <TestEntry testId="0a65341a-9de3-344f-781f-a38c0f56cbef" executionId="81dde32b-5364-4908-8f21-dc18ce716b43" testListId="8c84fa94-04c1-424b-9868-57a2d4851a1d" />
    <TestEntry testId="c5316b43-7086-7b8f-266a-feedd9573c48" executionId="3a041b4f-ecc1-4b82-8fe0-dbca4106ee99" testListId="8c84fa94-04c1-424b-9868-57a2d4851a1d" />
    <TestEntry testId="6fa66cd3-3174-5023-d80b-ce9981bfadfc" executionId="8e9f29fb-3c56-41ef-baa9-08e8c47551b9" testListId="8c84fa94-04c1-424b-9868-57a2d4851a1d" />
    <TestEntry testId="dd5c672a-615a-d2df-e240-966d42055469" executionId="8d261c3b-0bfa-439b-8f2c-38c3ae55d982" testListId="8c84fa94-04c1-424b-9868-57a2d4851a1d" />
    <TestEntry testId="62970bd3-0fb8-814d-a0a1-ab9e8aeaae79" executionId="fcf9d26e-90b7-4afd-8a54-02fca520f30a" testListId="8c84fa94-04c1-424b-9868-57a2d4851a1d" />
    <TestEntry testId="c994fcbd-cf70-f011-3e5f-4e6d74bb71af" executionId="d81e525e-1ff3-4a1b-84c5-ad533761c83e" testListId="8c84fa94-04c1-424b-9868-57a2d4851a1d" />
    <TestEntry testId="45d434bd-96d2-7ca0-c594-4cf5e3f89416" executionId="6062f98f-7a4a-481a-a9e6-33f6fd274f73" testListId="8c84fa94-04c1-424b-9868-57a2d4851a1d" />
    <TestEntry testId="826ac225-455e-4413-4415-8bc54c5b4d09" executionId="ce0df422-24d0-4c06-bf58-7eb932003eac" testListId="8c84fa94-04c1-424b-9868-57a2d4851a1d" />
    <TestEntry testId="87ae11a5-ff33-3fef-0507-0ee3bd82054e" executionId="a525aa44-5bc1-46f7-bb36-0d5952fa2bb2" testListId="8c84fa94-04c1-424b-9868-57a2d4851a1d" />
    <TestEntry testId="32740214-c33e-96ad-e5a0-01c821ac0c2a" executionId="5eaaa891-8867-4c41-aeca-69591c0cc296" testListId="8c84fa94-04c1-424b-9868-57a2d4851a1d" />
    <TestEntry testId="65ccfc2f-2358-a64f-fe6f-c264d332c519" executionId="981cc414-197e-4948-80b1-343779721f55" testListId="8c84fa94-04c1-424b-9868-57a2d4851a1d" />
    <TestEntry testId="21fecb6a-616e-e0ca-06e2-949826e6d9fe" executionId="7807a9d3-d792-40c5-b393-4813549dcc9c" testListId="8c84fa94-04c1-424b-9868-57a2d4851a1d" />
    <TestEntry testId="451fafcd-e358-2a2a-0150-6d7bc1153f41" executionId="a9d8f640-214c-46ac-810c-bd38cf20e43c" testListId="8c84fa94-04c1-424b-9868-57a2d4851a1d" />
    <TestEntry testId="85799221-0b36-0e4a-ef29-ad83f50e6bbd" executionId="0b09c443-8524-427b-9348-79f6aacafba2" testListId="8c84fa94-04c1-424b-9868-57a2d4851a1d" />
    <TestEntry testId="99a10c59-9aed-054b-9f26-15805af85148" executionId="031f686d-f991-42a8-9fce-837120aa98de" testListId="8c84fa94-04c1-424b-9868-57a2d4851a1d" />
    <TestEntry testId="43552c47-f44b-17a4-1647-f8068fe18052" executionId="ccaa12d8-71c4-4fe6-9e0f-7426d1e47a6d" testListId="8c84fa94-04c1-424b-9868-57a2d4851a1d" />
    <TestEntry testId="21f5ba92-f354-bb76-94e2-2214000ea5b9" executionId="65e84129-d596-4fa4-bfac-44fca27e65c5" testListId="8c84fa94-04c1-424b-9868-57a2d4851a1d" />
    <TestEntry testId="e0c95d42-cf00-fbc7-42ac-a320fc125b1e" executionId="c9928fa4-f9ed-4bdc-95fc-7e8b4f1c7b64" testListId="8c84fa94-04c1-424b-9868-57a2d4851a1d" />
    <TestEntry testId="c989053d-c573-450d-6001-a75cbe93e089" executionId="547b112a-c175-4ce7-a3ec-2550ceb5b6d2" testListId="8c84fa94-04c1-424b-9868-57a2d4851a1d" />
    <TestEntry testId="bd80c668-2405-22c1-740d-ec63dfd58306" executionId="8ed93738-03ca-41a3-8793-3a599f96800c" testListId="8c84fa94-04c1-424b-9868-57a2d4851a1d" />
    <TestEntry testId="ce8c4658-51b9-647a-8bb3-9c2995dd5a3c" executionId="a1e8008b-3d9f-422e-ae66-56589fdd12ee" testListId="8c84fa94-04c1-424b-9868-57a2d4851a1d" />
    <TestEntry testId="a6e465ee-f568-61da-4158-e730cb849679" executionId="7f8d07b3-eff5-48fe-b9bc-9c82433639c2" testListId="8c84fa94-04c1-424b-9868-57a2d4851a1d" />
    <TestEntry testId="88670780-e590-ffb1-3bdf-7b575a4d5fc5" executionId="9fab5599-74c0-4547-8d20-6d62223e4877" testListId="8c84fa94-04c1-424b-9868-57a2d4851a1d" />
    <TestEntry testId="a52cde15-d4da-6fd7-917d-2f5d406fbd21" executionId="b07e8ad9-e6b1-4723-a6fd-6a4a64f2dcff" testListId="8c84fa94-04c1-424b-9868-57a2d4851a1d" />
    <TestEntry testId="6236d5e6-b13b-501c-48e0-102f9eda59d6" executionId="97762760-9ea6-4359-894a-d5695ecdfc55" testListId="8c84fa94-04c1-424b-9868-57a2d4851a1d" />
    <TestEntry testId="5da451a5-54a7-b58b-ab8b-8b1b8384fd01" executionId="1a71d2da-1e7f-415e-b817-76dc77985652" testListId="8c84fa94-04c1-424b-9868-57a2d4851a1d" />
    <TestEntry testId="11ead46a-3fc2-e54b-9ee7-6572b1ea2616" executionId="55ef0012-d33b-4e67-bae1-384a3bdd11d6" testListId="8c84fa94-04c1-424b-9868-57a2d4851a1d" />
    <TestEntry testId="c08489ce-87ea-9273-1e82-87dd20c6c729" executionId="aad5b5f2-ae31-40ee-b1da-81fc6f0ab254" testListId="8c84fa94-04c1-424b-9868-57a2d4851a1d" />
    <TestEntry testId="4b28edc9-10aa-dd25-05d6-efbec430bd7a" executionId="abc89b1d-5349-49af-b598-c7d833d8e1e0" testListId="8c84fa94-04c1-424b-9868-57a2d4851a1d" />
    <TestEntry testId="506d41c9-bfc8-bf08-1307-c55fbf29a8e5" executionId="2f8387b1-6809-4da1-b8fa-b8ff55f5379c" testListId="8c84fa94-04c1-424b-9868-57a2d4851a1d" />
    <TestEntry testId="29503cc7-b010-6825-6d29-1db7cb95143d" executionId="b3f6094c-995d-4b87-96e2-6c1cba4dd157" testListId="8c84fa94-04c1-424b-9868-57a2d4851a1d" />
    <TestEntry testId="95fed375-7969-3fff-ac7b-e41adca485dd" executionId="296f5383-e92b-4211-9ac0-e734b46ca66d" testListId="8c84fa94-04c1-424b-9868-57a2d4851a1d" />
    <TestEntry testId="aef8a2f1-8212-2e61-b82d-81a49d106670" executionId="33a0ec78-e9f3-45a2-8f1b-0662cbf68054" testListId="8c84fa94-04c1-424b-9868-57a2d4851a1d" />
    <TestEntry testId="87886007-6727-2dc4-be03-09aefa74e875" executionId="6e377064-7197-43c1-84a8-207a9d5687ac" testListId="8c84fa94-04c1-424b-9868-57a2d4851a1d" />
    <TestEntry testId="af3111d5-b888-5828-d92f-ad0d56c13b83" executionId="f5ea7df5-bc84-4701-a6ab-53f5d4e906a7" testListId="8c84fa94-04c1-424b-9868-57a2d4851a1d" />
    <TestEntry testId="a9bc5968-881f-208e-3a3a-e085883b32c4" executionId="de02c42c-9805-4bab-8541-bc94f74df7d5" testListId="8c84fa94-04c1-424b-9868-57a2d4851a1d" />
    <TestEntry testId="62f72a9e-2ef3-be6d-f944-7dcdbad45b8b" executionId="e2316ae5-38f8-487d-803f-6793153e4ad5" testListId="8c84fa94-04c1-424b-9868-57a2d4851a1d" />
    <TestEntry testId="39df2f5c-e533-7912-e8a8-0244d814b70f" executionId="9b79a342-138e-4114-ad8b-469f533aef48" testListId="8c84fa94-04c1-424b-9868-57a2d4851a1d" />
    <TestEntry testId="5ec8d008-0362-0f87-55a5-ff4397c5ceeb" executionId="5fecc845-5376-4a5e-ba8d-6df143cdb9b1" testListId="8c84fa94-04c1-424b-9868-57a2d4851a1d" />
    <TestEntry testId="bbce4fa8-10c7-16ce-b8b0-bbab48797f43" executionId="a7151e0e-5d02-404c-aa10-16b3a473c40e" testListId="8c84fa94-04c1-424b-9868-57a2d4851a1d" />
    <TestEntry testId="29ce62dc-57a0-98b0-2349-436efa39dc09" executionId="711a8164-03f1-46c3-8c56-d89a1eec10ca" testListId="8c84fa94-04c1-424b-9868-57a2d4851a1d" />
    <TestEntry testId="3fdf9576-9d1e-7734-64c7-98030c7feb4a" executionId="dbb09d1b-f689-41b4-831e-6381ad573b3a" testListId="8c84fa94-04c1-424b-9868-57a2d4851a1d" />
    <TestEntry testId="8abfbe45-c0d6-8f72-7af8-564a66d7cb48" executionId="8d73973b-d6de-4ec9-9b25-c8f7908035fa" testListId="8c84fa94-04c1-424b-9868-57a2d4851a1d" />
    <TestEntry testId="c350fedf-0a65-57f7-f133-063ae7c0e4c8" executionId="a893098b-e297-49c6-9e23-08d2dd9d0fb9" testListId="8c84fa94-04c1-424b-9868-57a2d4851a1d" />
    <TestEntry testId="d2fc2ae7-e3b1-dc92-6628-90e5bb16c5d2" executionId="0da13f99-63df-465e-890e-6280527ab674" testListId="8c84fa94-04c1-424b-9868-57a2d4851a1d" />
    <TestEntry testId="94c8a06e-3f46-89b8-1521-4663bd871343" executionId="a097b187-e55a-444d-966c-d3f77bda4589" testListId="8c84fa94-04c1-424b-9868-57a2d4851a1d" />
    <TestEntry testId="0186510a-61e4-d437-2bd3-30738b03ed56" executionId="6b9dbea5-e615-4cfb-8d78-daa97139ab65" testListId="8c84fa94-04c1-424b-9868-57a2d4851a1d" />
    <TestEntry testId="859e7823-e1a7-1174-301f-2aa38167af9b" executionId="4ff6eebf-2ee4-42bb-99a9-53cae303bcec" testListId="8c84fa94-04c1-424b-9868-57a2d4851a1d" />
    <TestEntry testId="96aa3d29-1365-f48b-4ac9-cdc761ea41b1" executionId="af31fc81-c8a4-4854-b8df-e3798788d49a" testListId="8c84fa94-04c1-424b-9868-57a2d4851a1d" />
    <TestEntry testId="5fd56893-4697-a123-e3df-f5a8329247bd" executionId="8db550f4-f653-4817-8320-f1c300b8f534" testListId="8c84fa94-04c1-424b-9868-57a2d4851a1d" />
    <TestEntry testId="d53ebf9d-a1b0-7eb1-4b91-4ab174a99cc7" executionId="9385bbd5-f31d-4a88-8a1c-a0be0deb7f79" testListId="8c84fa94-04c1-424b-9868-57a2d4851a1d" />
    <TestEntry testId="0bcee855-d67d-6b06-b494-da6df454ba12" executionId="b04e52c4-e1b5-4d76-9991-c124ab1e9fad" testListId="8c84fa94-04c1-424b-9868-57a2d4851a1d" />
    <TestEntry testId="a32b1b99-bbfe-b0ef-93c7-d7c83b53becf" executionId="3d2eb0ae-4246-4b9a-9288-f92ff9eb762a" testListId="8c84fa94-04c1-424b-9868-57a2d4851a1d" />
    <TestEntry testId="c51581ef-f81a-dd7d-4cbf-75770d6a883f" executionId="17436753-bb4a-4d3c-9eb1-6ca50f352719" testListId="8c84fa94-04c1-424b-9868-57a2d4851a1d" />
    <TestEntry testId="f2281ab7-ffb9-3d10-c3a8-1aa0cd2fcbfc" executionId="aa95ab1e-6117-417b-94a6-2c7d3a70dbd6" testListId="8c84fa94-04c1-424b-9868-57a2d4851a1d" />
    <TestEntry testId="ee6fca60-0e04-b997-dc4d-b3e46cbf895c" executionId="18df2c0f-b476-4f1b-8457-86ee3b1ffc66" testListId="8c84fa94-04c1-424b-9868-57a2d4851a1d" />
    <TestEntry testId="cb85c450-02e3-5db9-b93c-f905351c1d09" executionId="ccde5dbb-79b2-449a-87ab-8a35cb425695" testListId="8c84fa94-04c1-424b-9868-57a2d4851a1d" />
    <TestEntry testId="9b2f9530-d092-f9c3-dae1-2f483cfeb52d" executionId="c75ac01f-1ed4-411b-81c8-c32667992727" testListId="8c84fa94-04c1-424b-9868-57a2d4851a1d" />
    <TestEntry testId="d6efedb1-9c49-9ed3-fbe1-de90224308a3" executionId="0ce7bb1d-2850-4397-b69a-90ebb5bce064" testListId="8c84fa94-04c1-424b-9868-57a2d4851a1d" />
    <TestEntry testId="ba2e227c-c79f-6137-d335-88fa098146b3" executionId="5661d59f-8818-48d0-920c-acaf271501d2" testListId="8c84fa94-04c1-424b-9868-57a2d4851a1d" />
    <TestEntry testId="46b6b18f-a15f-ce32-4811-dbc67f87e551" executionId="f23d4ca0-7f42-48cc-a0b7-d965ffddd527" testListId="8c84fa94-04c1-424b-9868-57a2d4851a1d" />
    <TestEntry testId="d54410c1-a007-adf6-a1dc-8caa96e947a3" executionId="20fce4c9-bdf3-4116-bccc-c756ae24cff0" testListId="8c84fa94-04c1-424b-9868-57a2d4851a1d" />
    <TestEntry testId="ed9a5b1b-624c-3396-5757-abd8e668541b" executionId="6035d404-0310-4c25-a77e-a757286d7bae" testListId="8c84fa94-04c1-424b-9868-57a2d4851a1d" />
    <TestEntry testId="71a2762b-d8da-32e7-80e0-7c170fef2ac7" executionId="c8469782-b68d-4a7c-bf15-f74e5f01053f" testListId="8c84fa94-04c1-424b-9868-57a2d4851a1d" />
    <TestEntry testId="f7f48920-cf43-fd74-5fcd-5b275d41553a" executionId="16befeef-5fc3-4718-8ecd-1d4bafd0b9af" testListId="8c84fa94-04c1-424b-9868-57a2d4851a1d" />
    <TestEntry testId="6b24d61a-9019-1031-1c97-d03508d4eb29" executionId="7da735e1-3bea-46c5-85ac-6ae9a4a32f30" testListId="8c84fa94-04c1-424b-9868-57a2d4851a1d" />
    <TestEntry testId="0ebe3939-f18c-dec0-703f-01349ca5c1ad" executionId="dd4ffbb4-ca88-4689-aa93-9416eafb265c" testListId="8c84fa94-04c1-424b-9868-57a2d4851a1d" />
    <TestEntry testId="10d9efba-c25c-4837-b4ca-c51dd97ac398" executionId="1b1ece03-226b-4cd2-ae7b-1e9d4f5b4c03" testListId="8c84fa94-04c1-424b-9868-57a2d4851a1d" />
    <TestEntry testId="d8dd6fae-802b-a606-14b3-f77add91cde3" executionId="59e0f245-ce43-40e7-b5f7-485790ae2338" testListId="8c84fa94-04c1-424b-9868-57a2d4851a1d" />
    <TestEntry testId="7e45dd7d-e48e-5c57-3fb0-37befdf85fdc" executionId="449824ba-4d8d-4dbf-97be-db169da89afe" testListId="8c84fa94-04c1-424b-9868-57a2d4851a1d" />
    <TestEntry testId="c0986095-fb5a-1e8a-a8d8-e6dfbaed61c5" executionId="48883ced-31b4-4291-99a0-02b9f566688c" testListId="8c84fa94-04c1-424b-9868-57a2d4851a1d" />
    <TestEntry testId="216fae5e-208d-f8b3-f0d1-bbf3d8af265f" executionId="22f2785b-9820-4583-bf32-33b3c872946c" testListId="8c84fa94-04c1-424b-9868-57a2d4851a1d" />
    <TestEntry testId="45e81eff-7762-2319-5d11-e20e90ac1295" executionId="039b314f-412e-40f4-87fb-dd55260e84bf" testListId="8c84fa94-04c1-424b-9868-57a2d4851a1d" />
    <TestEntry testId="9a937ae8-d764-8210-812b-522cffbf8c6f" executionId="bff05759-b75d-497a-86ca-ded305d5b696" testListId="8c84fa94-04c1-424b-9868-57a2d4851a1d" />
    <TestEntry testId="47ec5c64-268b-824f-d637-17f43470b17c" executionId="4f35c458-8e19-4697-bcae-4578c47ed79e" testListId="8c84fa94-04c1-424b-9868-57a2d4851a1d" />
    <TestEntry testId="bb7e4fc8-2bb1-dbaf-8cdd-5d93ef915f61" executionId="b5fd7ba6-07f8-4bc7-be49-9682dce81014" testListId="8c84fa94-04c1-424b-9868-57a2d4851a1d" />
    <TestEntry testId="dbb1fa1a-a5ee-99ca-9749-48d31eb98113" executionId="c3e6205d-41bf-4fbe-a813-f94814402356" testListId="8c84fa94-04c1-424b-9868-57a2d4851a1d" />
    <TestEntry testId="f33cb892-3679-fe31-40d8-b78f43a0c80f" executionId="95d1a041-e45a-4baa-ae1a-934aff828083" testListId="8c84fa94-04c1-424b-9868-57a2d4851a1d" />
    <TestEntry testId="1e5c078d-f94d-c926-473c-575e7ad77b95" executionId="edbcf9ea-be32-4a2f-8ad9-d799c9ed3886" testListId="8c84fa94-04c1-424b-9868-57a2d4851a1d" />
    <TestEntry testId="1b0d351a-508f-0807-0c94-56d657ae1623" executionId="0eb44ecd-e017-484f-bea2-a00b156f7a9f" testListId="8c84fa94-04c1-424b-9868-57a2d4851a1d" />
    <TestEntry testId="ef53e72d-a746-f7fd-4dfa-41ab2ce4fb60" executionId="cb5a6ef3-2fe7-4d9c-8b38-b66a629facab" testListId="8c84fa94-04c1-424b-9868-57a2d4851a1d" />
    <TestEntry testId="c565182f-b75e-4a8b-1a2d-674dce2fa509" executionId="e422f89f-fa39-4c62-9549-51d2db419633" testListId="8c84fa94-04c1-424b-9868-57a2d4851a1d" />
    <TestEntry testId="be961a03-49b0-93a8-a575-29626617f5f3" executionId="d7030062-4688-4658-8ce4-32ae9df0d849" testListId="8c84fa94-04c1-424b-9868-57a2d4851a1d" />
    <TestEntry testId="193f831d-c7c9-ac41-bc1b-9798c85535ca" executionId="0ec9ff31-e2c3-416d-a982-3817080d255b" testListId="8c84fa94-04c1-424b-9868-57a2d4851a1d" />
    <TestEntry testId="605c2bc0-4496-0f02-aeff-a229323c4be4" executionId="8fcc762d-4e5e-452f-ac8b-ba56d14b247e" testListId="8c84fa94-04c1-424b-9868-57a2d4851a1d" />
    <TestEntry testId="7a0cd811-1188-4526-31f2-d266b41de2aa" executionId="0cf20b0e-6a94-4059-812c-c1d970e9c622" testListId="8c84fa94-04c1-424b-9868-57a2d4851a1d" />
    <TestEntry testId="7a0e454f-7db2-d7d6-0df6-561708317bba" executionId="ac45e246-3cfe-4f8a-8afb-5a883941ceef" testListId="8c84fa94-04c1-424b-9868-57a2d4851a1d" />
    <TestEntry testId="a2988576-488b-e6d4-a498-af48b96efbdb" executionId="e082913a-2be5-4401-b9e9-f66ded80ae27" testListId="8c84fa94-04c1-424b-9868-57a2d4851a1d" />
    <TestEntry testId="617c3175-15cb-3321-36a3-871fc366b75b" executionId="69da989b-d78e-45de-ba54-2f97ed2e57bd" testListId="8c84fa94-04c1-424b-9868-57a2d4851a1d" />
    <TestEntry testId="b707b6dd-6efb-76f3-be89-5a3ace5192c9" executionId="af73b848-2f49-4de0-96b1-3f044213e366" testListId="8c84fa94-04c1-424b-9868-57a2d4851a1d" />
    <TestEntry testId="6320276e-3624-3a1c-7afd-537de60f89db" executionId="6f0fa3f2-80ca-474c-9b8f-c9e49ace3c52" testListId="8c84fa94-04c1-424b-9868-57a2d4851a1d" />
    <TestEntry testId="66fdc644-297b-3f5c-4f4a-cb900d8c28d6" executionId="c247a137-4182-4d02-a65d-b6c93bce2792" testListId="8c84fa94-04c1-424b-9868-57a2d4851a1d" />
    <TestEntry testId="aeefe3bf-b956-1766-ab65-91503c288180" executionId="cc9e6614-55e4-4c40-b17d-d5673e434e58" testListId="8c84fa94-04c1-424b-9868-57a2d4851a1d" />
    <TestEntry testId="1e6f2372-9d34-e630-93c8-967c7d09f6b9" executionId="c0da51a1-8e70-41c8-acab-8ff0e4db2d7e" testListId="8c84fa94-04c1-424b-9868-57a2d4851a1d" />
    <TestEntry testId="d33250cc-856d-72f0-98a8-7c84be2f792c" executionId="881a9ed7-119c-4d24-9b46-cf22f5eb28e4" testListId="8c84fa94-04c1-424b-9868-57a2d4851a1d" />
    <TestEntry testId="a66db8ec-8bb4-14b5-d72b-619fdbf967a5" executionId="b19608e6-dd64-43f9-8ca6-4c7b179a9b7a" testListId="8c84fa94-04c1-424b-9868-57a2d4851a1d" />
    <TestEntry testId="2b18aff2-35ed-39eb-0869-97e8dcc5f3f1" executionId="da5d2b7d-b4ed-4e92-883c-0a20fb7b61f2" testListId="8c84fa94-04c1-424b-9868-57a2d4851a1d" />
    <TestEntry testId="e88588cc-8ef9-e4ad-51dd-2a16e11570f5" executionId="35e92c01-fd30-40c5-a6b8-44b823035436" testListId="8c84fa94-04c1-424b-9868-57a2d4851a1d" />
    <TestEntry testId="5d21865c-ab0e-9a36-1301-7cb3ba2d4618" executionId="71987f8c-d35e-436a-8b69-f15b3034be81" testListId="8c84fa94-04c1-424b-9868-57a2d4851a1d" />
    <TestEntry testId="39e2492b-a588-79ac-add5-4d0176982180" executionId="25184298-6a87-492b-bd94-00667a197cb9" testListId="8c84fa94-04c1-424b-9868-57a2d4851a1d" />
    <TestEntry testId="70f1979c-5fec-f41c-4467-96ed1c16b145" executionId="81397456-e99a-40e5-855f-349a1016fe2e" testListId="8c84fa94-04c1-424b-9868-57a2d4851a1d" />
    <TestEntry testId="ea0b7c7a-ce24-46f7-0862-63029307593e" executionId="1ff09085-a160-4973-9e84-9a206aa3bb31" testListId="8c84fa94-04c1-424b-9868-57a2d4851a1d" />
    <TestEntry testId="66cfeda0-e2cf-f1fc-0d88-eef5b227e59f" executionId="09668a87-dad3-42a5-a8cd-55b7a698789e" testListId="8c84fa94-04c1-424b-9868-57a2d4851a1d" />
    <TestEntry testId="96997772-f691-ce37-8af7-583f0500af76" executionId="cc834125-a474-4c54-943c-e67879fd8fd1" testListId="8c84fa94-04c1-424b-9868-57a2d4851a1d" />
    <TestEntry testId="333aaef5-a204-ff89-a246-bb5035b09f90" executionId="5a880605-20e6-4ece-86bb-7c74a456e0fe" testListId="8c84fa94-04c1-424b-9868-57a2d4851a1d" />
    <TestEntry testId="7ac2c24b-6445-4ff2-9faa-1ce73a74728d" executionId="e264d56b-c270-42ac-ad86-fe6b675827e2" testListId="8c84fa94-04c1-424b-9868-57a2d4851a1d" />
    <TestEntry testId="ae5c211a-4af1-929a-38fa-5c9b4f30973f" executionId="50b8b6ac-1059-4237-98a0-56efb31cc0c3" testListId="8c84fa94-04c1-424b-9868-57a2d4851a1d" />
    <TestEntry testId="d38b1856-f9a8-d9e7-be29-662b96640b5b" executionId="8342ce9b-833d-4cef-ab24-f4f0a0b7ae75" testListId="8c84fa94-04c1-424b-9868-57a2d4851a1d" />
    <TestEntry testId="b2a12e1f-5796-ca8b-404b-61553a46fbc5" executionId="fb1ca6c2-b9e3-4b2b-9b84-cee46f1db5e3" testListId="8c84fa94-04c1-424b-9868-57a2d4851a1d" />
    <TestEntry testId="32010eb0-88b3-7f9e-a459-fb524fc932d7" executionId="ee1c90ae-0668-4f3b-b208-f0a4be63b215" testListId="8c84fa94-04c1-424b-9868-57a2d4851a1d" />
    <TestEntry testId="0be37416-8f8e-24dd-296a-86593af9af2f" executionId="36f980de-7658-4341-8a92-c14bb63134aa" testListId="8c84fa94-04c1-424b-9868-57a2d4851a1d" />
    <TestEntry testId="75afa51d-4efe-ca98-69aa-dcba7171c9c1" executionId="2ee43312-124f-4f4c-99ee-4ce2092331a7" testListId="8c84fa94-04c1-424b-9868-57a2d4851a1d" />
    <TestEntry testId="c11f5a85-86bf-cab1-9d9a-33069c6ff139" executionId="b7edcd9c-2450-4e4b-88bb-aa97b918e8ea" testListId="8c84fa94-04c1-424b-9868-57a2d4851a1d" />
    <TestEntry testId="d010d6f6-5302-e7a6-bd9d-f255dac3cdb8" executionId="0e8720f4-eaa3-47e6-a3f0-041f0acc36d7" testListId="8c84fa94-04c1-424b-9868-57a2d4851a1d" />
    <TestEntry testId="fd8f048e-524e-5d70-1d66-0ffeb121313b" executionId="7776f477-b13f-4a49-b2ad-09bb22fc6afe" testListId="8c84fa94-04c1-424b-9868-57a2d4851a1d" />
    <TestEntry testId="9ac323b2-f4ee-1c5b-c335-774c81e0e08d" executionId="fe48fc7b-c380-4e8c-8523-332bec623893" testListId="8c84fa94-04c1-424b-9868-57a2d4851a1d" />
    <TestEntry testId="9c484d5b-265a-2c6e-537b-f37cd91a7473" executionId="4784d3eb-f026-4f93-9eef-c6634e39dbf4" testListId="8c84fa94-04c1-424b-9868-57a2d4851a1d" />
    <TestEntry testId="3490543a-9aad-4d93-690a-aa8da10d1845" executionId="8256e1ab-19d7-4360-9b94-a694b5416b7d" testListId="8c84fa94-04c1-424b-9868-57a2d4851a1d" />
    <TestEntry testId="5c165fdb-5b2a-6ca5-1c7a-4f504d003e95" executionId="a04a6499-3dda-4998-abfe-07c5e7a04e10" testListId="8c84fa94-04c1-424b-9868-57a2d4851a1d" />
    <TestEntry testId="cfa8282b-c910-23c2-f0df-2ed624c5a3c7" executionId="5a4984d9-16ac-4084-9bdf-58c15010afa5" testListId="8c84fa94-04c1-424b-9868-57a2d4851a1d" />
    <TestEntry testId="13cdf8fd-2721-e597-055e-a54097abf685" executionId="74dcf080-60f5-4659-a33d-f344e7882811" testListId="8c84fa94-04c1-424b-9868-57a2d4851a1d" />
    <TestEntry testId="8a2b6295-c6f7-0626-b29d-201c71fd67a5" executionId="ca270fa9-3004-4c02-bd4b-8506c16516f5" testListId="8c84fa94-04c1-424b-9868-57a2d4851a1d" />
    <TestEntry testId="c7fd498b-03da-468c-aa24-ce275275bb84" executionId="1f05da0c-ce18-42af-8c28-81ceea41e934" testListId="8c84fa94-04c1-424b-9868-57a2d4851a1d" />
    <TestEntry testId="83a97307-8552-7789-5b14-74a21c8cbcd2" executionId="94026a2b-0266-4aff-b589-04026a9c13ba" testListId="8c84fa94-04c1-424b-9868-57a2d4851a1d" />
    <TestEntry testId="712f5c64-914a-8747-dac9-aeb72d33838f" executionId="12c83796-646a-4937-b33f-f29d9b5e2f48" testListId="8c84fa94-04c1-424b-9868-57a2d4851a1d" />
    <TestEntry testId="c2d4c482-09cf-e240-a7e7-520d6f5ce617" executionId="5f32209a-961b-4f34-95dc-eb63d237134d" testListId="8c84fa94-04c1-424b-9868-57a2d4851a1d" />
    <TestEntry testId="f9c4ace8-7c88-3dcb-8c8b-9f280e8b25b8" executionId="d8c8407d-b016-4d4d-a604-8fd427f15a68" testListId="8c84fa94-04c1-424b-9868-57a2d4851a1d" />
    <TestEntry testId="d569c283-c0e4-d992-53ea-520d9219d214" executionId="d8036fcb-9340-448d-9050-01225e41e9df" testListId="8c84fa94-04c1-424b-9868-57a2d4851a1d" />
    <TestEntry testId="faf63bba-5452-3836-a95e-2474023d45ad" executionId="f62185c7-c558-4c75-9cac-6639e8f90f0c" testListId="8c84fa94-04c1-424b-9868-57a2d4851a1d" />
    <TestEntry testId="3c1aaa80-1e63-d980-5967-7f705ee7de1e" executionId="2f12ed74-169f-4d46-a54a-2b23ceb00c5c" testListId="8c84fa94-04c1-424b-9868-57a2d4851a1d" />
    <TestEntry testId="6f7345f6-07c1-aba6-fba8-22e9ed357a49" executionId="b9c4fe6e-9c84-4fd9-8401-0a571d06b712" testListId="8c84fa94-04c1-424b-9868-57a2d4851a1d" />
    <TestEntry testId="bb7f2094-2f9e-97a8-2260-536683d65f82" executionId="bf4cf41f-8e72-4554-b253-26f963caa305" testListId="8c84fa94-04c1-424b-9868-57a2d4851a1d" />
    <TestEntry testId="4b337c41-7f92-2137-58f8-ec4a04af8e6b" executionId="5ee6acf9-6218-409b-a09e-786f24809694" testListId="8c84fa94-04c1-424b-9868-57a2d4851a1d" />
    <TestEntry testId="43c3749f-0376-2035-bd94-4df92053dab3" executionId="66f284de-dee1-4daa-9001-a1d15335df97" testListId="8c84fa94-04c1-424b-9868-57a2d4851a1d" />
    <TestEntry testId="f40cda09-c7b2-157d-533a-1e4833860e01" executionId="bb05275a-13f2-4f9b-8a69-cdc5b0a0c242" testListId="8c84fa94-04c1-424b-9868-57a2d4851a1d" />
    <TestEntry testId="aff0dd6a-515d-d68f-384c-79614af1fe73" executionId="025ab06b-a919-4e8f-9619-4d701d6b4a1c" testListId="8c84fa94-04c1-424b-9868-57a2d4851a1d" />
    <TestEntry testId="dfaddf73-e2fe-692a-95cb-e0210649fd35" executionId="33261314-771d-43e3-80c4-14730ababda5" testListId="8c84fa94-04c1-424b-9868-57a2d4851a1d" />
    <TestEntry testId="7724a5ae-1858-243b-d346-491db16f98e9" executionId="785f8bab-b105-4701-9246-fb56fe16a3fb" testListId="8c84fa94-04c1-424b-9868-57a2d4851a1d" />
    <TestEntry testId="274eee3c-fa31-a55c-1941-d2fdb1077d83" executionId="609a2162-fb6c-44f7-96ff-50f44f199c67" testListId="8c84fa94-04c1-424b-9868-57a2d4851a1d" />
    <TestEntry testId="092813bc-e54e-6f29-9d2b-192db0d76045" executionId="673142a2-bc0a-4244-a16d-62d3ee53589d" testListId="8c84fa94-04c1-424b-9868-57a2d4851a1d" />
    <TestEntry testId="fd4f7d41-f937-f359-41b7-f6b589c2bdd7" executionId="fa97adcc-e04b-456e-8a00-7eeb1f48bc2c" testListId="8c84fa94-04c1-424b-9868-57a2d4851a1d" />
    <TestEntry testId="5fdca359-14d7-98c9-3f79-03e22f946141" executionId="716c7f50-8db4-469b-90ea-27e4ae2e2f34" testListId="8c84fa94-04c1-424b-9868-57a2d4851a1d" />
    <TestEntry testId="adedbc1e-8d02-07f8-2158-2d31b0c1df72" executionId="b74d74a0-d484-4843-af9d-c64720e22e8a" testListId="8c84fa94-04c1-424b-9868-57a2d4851a1d" />
    <TestEntry testId="5bdb1fb9-c083-a878-8185-d4ef40939b65" executionId="033485f3-5386-451c-a491-e625c141429b" testListId="8c84fa94-04c1-424b-9868-57a2d4851a1d" />
    <TestEntry testId="c74c54e8-6590-d76d-eaee-baa60a589aef" executionId="e0d28380-7bdd-4bb4-9962-7d14a7f23860" testListId="8c84fa94-04c1-424b-9868-57a2d4851a1d" />
    <TestEntry testId="a99bf545-84e2-fafd-ee3f-5153803c3541" executionId="79b75d40-a114-4b31-ae88-02b66e3655be" testListId="8c84fa94-04c1-424b-9868-57a2d4851a1d" />
    <TestEntry testId="a95ff0ae-d4c3-2673-b0e9-9a7af3b33aba" executionId="e413191a-4e42-4378-aba4-a20702dd8e7b" testListId="8c84fa94-04c1-424b-9868-57a2d4851a1d" />
    <TestEntry testId="af9ae316-c7c6-6ac6-11c1-298dd9b256df" executionId="6fd5e87c-833a-473d-bfb9-d8278e9e01a0" testListId="8c84fa94-04c1-424b-9868-57a2d4851a1d" />
    <TestEntry testId="9a4a7396-bc43-f3a9-c62c-07975736bde6" executionId="a5967d65-0d33-4cce-8322-f66732916674" testListId="8c84fa94-04c1-424b-9868-57a2d4851a1d" />
    <TestEntry testId="c9bdc46f-9c2d-d658-e774-72448865739f" executionId="3ad1bfc2-53e7-4fbc-a8dc-0e521740fd99" testListId="8c84fa94-04c1-424b-9868-57a2d4851a1d" />
    <TestEntry testId="19843874-c731-8a36-a21a-27e85d4f5a57" executionId="11b02c75-457e-41ed-8ece-c8b116ec935d" testListId="8c84fa94-04c1-424b-9868-57a2d4851a1d" />
    <TestEntry testId="d5f63a3d-0bec-c5aa-6fdf-b4d0492c062a" executionId="4b0a6b73-fa5a-488b-ab62-2372532fd38e" testListId="8c84fa94-04c1-424b-9868-57a2d4851a1d" />
    <TestEntry testId="e6fa545c-dab4-f63e-4e3b-21ea6de7572d" executionId="5a1aa821-278e-4dd0-b876-e60d7250efb8" testListId="8c84fa94-04c1-424b-9868-57a2d4851a1d" />
    <TestEntry testId="64584126-c6a0-fbd7-9fe1-1a9b0d36c2b6" executionId="4ba9de76-5205-49ea-a659-6d873f00ee15" testListId="8c84fa94-04c1-424b-9868-57a2d4851a1d" />
    <TestEntry testId="12383f93-d6c8-4041-5607-6e0714b305f6" executionId="49ebb1a2-c3c5-49cb-a8ef-8a40ed09b51b" testListId="8c84fa94-04c1-424b-9868-57a2d4851a1d" />
    <TestEntry testId="2782a3f6-bb08-acfe-bfab-49ee7d2fdbfa" executionId="ee89932f-c40f-4953-a76a-91cd310b89d9" testListId="8c84fa94-04c1-424b-9868-57a2d4851a1d" />
    <TestEntry testId="aadeeabc-272f-9cbf-16ad-69443e81df6f" executionId="bba1ad06-05ba-4a20-87ea-87de50b283a1" testListId="8c84fa94-04c1-424b-9868-57a2d4851a1d" />
    <TestEntry testId="8abb9da4-977b-effb-b6fc-988ee16d7ff4" executionId="b0de0529-05cd-4de3-8b0b-13b15d6902bd" testListId="8c84fa94-04c1-424b-9868-57a2d4851a1d" />
    <TestEntry testId="1640b6a1-03c2-f3db-49e3-38921c8dee24" executionId="b9a714a7-4eca-4973-80b9-607a6a291846" testListId="8c84fa94-04c1-424b-9868-57a2d4851a1d" />
    <TestEntry testId="ec19b07c-d465-faec-475d-a8dee6e4e934" executionId="ee47fbf7-2e57-45a0-a643-efb1e55b2cc4" testListId="8c84fa94-04c1-424b-9868-57a2d4851a1d" />
    <TestEntry testId="943e674e-9656-f2f6-06a7-f12c38d1347c" executionId="b7e262ca-2fa0-44f6-bad9-2950e0445fe9" testListId="8c84fa94-04c1-424b-9868-57a2d4851a1d" />
    <TestEntry testId="5012f64d-f81c-363a-9c3b-b389d7a1051b" executionId="736d44df-c46c-4ac6-b37d-40bb7d087c8a" testListId="8c84fa94-04c1-424b-9868-57a2d4851a1d" />
    <TestEntry testId="6db05940-47de-0c9c-5b92-fcba99ecc227" executionId="513f3258-b855-464e-9e1a-7b6719c48268" testListId="8c84fa94-04c1-424b-9868-57a2d4851a1d" />
    <TestEntry testId="b781e920-c895-0d1c-5363-71c65713c53a" executionId="c8b511a3-31bf-46cc-a335-51fc894a2d40" testListId="8c84fa94-04c1-424b-9868-57a2d4851a1d" />
    <TestEntry testId="8d3460f1-a4b4-e4c2-2d2b-85718b89d128" executionId="0f968ff9-442e-47f9-96c7-242d49b6c4ee" testListId="8c84fa94-04c1-424b-9868-57a2d4851a1d" />
    <TestEntry testId="1bf3b326-0db3-88e9-a1ae-c5de32b68479" executionId="df1e69d3-19c9-413e-b555-8d9c93323cf8" testListId="8c84fa94-04c1-424b-9868-57a2d4851a1d" />
    <TestEntry testId="d97cfe1a-5414-3b7f-eeae-c71aa9b34634" executionId="ea77c84f-e7b4-4d35-ab8b-7bc11fe3f481" testListId="8c84fa94-04c1-424b-9868-57a2d4851a1d" />
    <TestEntry testId="41200b0a-b89d-be5b-7447-22f852721d92" executionId="65f3b8cf-9dfb-4c12-806e-2e7644ff47a8" testListId="8c84fa94-04c1-424b-9868-57a2d4851a1d" />
    <TestEntry testId="32b6919d-1fc0-c669-26d4-2a969f5a55fe" executionId="bb9665d7-ef35-493f-b3fc-9eb88f89f12f" testListId="8c84fa94-04c1-424b-9868-57a2d4851a1d" />
    <TestEntry testId="a73c4b3c-3d13-f62c-d2e5-567ad0be5c42" executionId="f31d8f82-b9d0-4d0e-9c16-b549fcd68a4b" testListId="8c84fa94-04c1-424b-9868-57a2d4851a1d" />
    <TestEntry testId="149b451f-18ff-71da-64d2-d4ad70318933" executionId="b01dd20e-f214-43b2-8992-02c74b6cc6c8" testListId="8c84fa94-04c1-424b-9868-57a2d4851a1d" />
    <TestEntry testId="40f4c03f-760c-5f9a-0d6d-791657138d6a" executionId="c10d8a72-0c87-4838-837c-510e423364d6" testListId="8c84fa94-04c1-424b-9868-57a2d4851a1d" />
    <TestEntry testId="1fa0b0ac-82b7-821b-a6bd-11883f4b16c1" executionId="7e74d669-c61e-462f-b871-800840a38317" testListId="8c84fa94-04c1-424b-9868-57a2d4851a1d" />
    <TestEntry testId="69564ef2-123d-d3db-baf6-6a27b0eb9c23" executionId="be007579-ed7e-4bb3-9804-50dd25cc704c" testListId="8c84fa94-04c1-424b-9868-57a2d4851a1d" />
    <TestEntry testId="7bf7f3ca-374b-b9a9-53c4-47a8ad354e7e" executionId="f651430d-b059-4a9c-8968-a764ea655723" testListId="8c84fa94-04c1-424b-9868-57a2d4851a1d" />
    <TestEntry testId="95fa357e-9359-c839-8ff3-f046c9e30487" executionId="50162d92-dbba-493d-9691-0b31b05d921e" testListId="8c84fa94-04c1-424b-9868-57a2d4851a1d" />
    <TestEntry testId="03d957f5-33ed-c0eb-c948-6ece846430f3" executionId="56a6e8e5-fccf-4077-9156-6c51bb2fd0d7" testListId="8c84fa94-04c1-424b-9868-57a2d4851a1d" />
    <TestEntry testId="d39fbf53-bbf3-020f-e6d4-44b45bc00b41" executionId="b6f22c6d-be95-4358-8615-190dce81a074" testListId="8c84fa94-04c1-424b-9868-57a2d4851a1d" />
    <TestEntry testId="74f41b57-bac2-c2b8-f1dc-9469402fc8fa" executionId="c4319cd3-13d1-4314-a15c-f14c2a497066" testListId="8c84fa94-04c1-424b-9868-57a2d4851a1d" />
    <TestEntry testId="5217a55b-523e-bb6a-47cc-7fbf0bc01c96" executionId="53c3f598-965e-4240-be13-552ae3edbadc" testListId="8c84fa94-04c1-424b-9868-57a2d4851a1d" />
    <TestEntry testId="99d674fc-9d36-ee84-15f3-75180d0ffbf0" executionId="aa093fba-e0c5-4cca-8725-f57748faea9e" testListId="8c84fa94-04c1-424b-9868-57a2d4851a1d" />
    <TestEntry testId="7e94e694-684d-fa09-70c8-651a86e03ea4" executionId="bc79014b-6d96-4881-9433-802a91004658" testListId="8c84fa94-04c1-424b-9868-57a2d4851a1d" />
    <TestEntry testId="8d93f248-c3e9-e97f-b3e2-6491b331020f" executionId="54521822-b6a5-416f-9432-e115a50a2b06" testListId="8c84fa94-04c1-424b-9868-57a2d4851a1d" />
    <TestEntry testId="4c344495-4967-8a3c-49bd-83047e73dd58" executionId="34eadaad-ce5f-412c-a54f-da4a58cb8a02" testListId="8c84fa94-04c1-424b-9868-57a2d4851a1d" />
    <TestEntry testId="63800d30-d6ac-f352-9000-d5ae21ee34db" executionId="afcc801c-d644-4132-8195-2247433f665e" testListId="8c84fa94-04c1-424b-9868-57a2d4851a1d" />
    <TestEntry testId="c02eb5c0-31bb-eec0-3d85-1a1ef8849db8" executionId="441f0569-3b55-41d9-8626-fc914b6fe9cc" testListId="8c84fa94-04c1-424b-9868-57a2d4851a1d" />
    <TestEntry testId="0736f335-702e-d9c8-77f1-e0501c90e917" executionId="13b0009f-aa15-4cce-8be5-adf6a07fb03b" testListId="8c84fa94-04c1-424b-9868-57a2d4851a1d" />
    <TestEntry testId="3ec04580-c747-9bc8-6ea0-e87ec6ca04ad" executionId="d527f803-291d-48ed-90cf-ec9364f89ffc" testListId="8c84fa94-04c1-424b-9868-57a2d4851a1d" />
    <TestEntry testId="9cea378d-92c3-1f1c-ce51-cbbf77aae662" executionId="d38ffc22-ef83-4e03-bf3d-21a4a8962923" testListId="8c84fa94-04c1-424b-9868-57a2d4851a1d" />
    <TestEntry testId="b8049e3c-9c33-aae7-ee13-10324d7813cb" executionId="f4a596a1-b031-43b8-a933-6075f175106c" testListId="8c84fa94-04c1-424b-9868-57a2d4851a1d" />
    <TestEntry testId="e8dae4f6-1eb2-866f-8693-bdd69c27bed8" executionId="9bdcdfae-c070-406d-ba63-ce55e4fb589f" testListId="8c84fa94-04c1-424b-9868-57a2d4851a1d" />
    <TestEntry testId="bfb43a18-8b27-64cf-f833-254fc2466b22" executionId="daef2807-2b87-4d14-840e-56c2a39ccbcd" testListId="8c84fa94-04c1-424b-9868-57a2d4851a1d" />
    <TestEntry testId="005bc1cf-7a4e-92d9-5bd8-b2bbb383cd58" executionId="ee2e050f-0f5f-48b9-8edd-c14998a37107" testListId="8c84fa94-04c1-424b-9868-57a2d4851a1d" />
    <TestEntry testId="ce58807f-4456-2f1b-abea-6bcc9dcfe2eb" executionId="9da03c8d-ec21-4d29-9a99-2340c574112f" testListId="8c84fa94-04c1-424b-9868-57a2d4851a1d" />
    <TestEntry testId="098a6c08-89e3-c4e2-de2b-7f783c0ba1b5" executionId="2f9a60af-bfde-4594-b10c-ddb9e90f8b6e" testListId="8c84fa94-04c1-424b-9868-57a2d4851a1d" />
    <TestEntry testId="bd91fcf5-5262-be00-7dbb-b8c3fec0f109" executionId="4223afd3-cc48-4d89-8109-8e67ff3160c0" testListId="8c84fa94-04c1-424b-9868-57a2d4851a1d" />
    <TestEntry testId="8762588b-d7fc-ca07-7e83-51f41467a9eb" executionId="b446e2ba-2aea-4a10-85fa-a55bd05e6dac" testListId="8c84fa94-04c1-424b-9868-57a2d4851a1d" />
    <TestEntry testId="23390089-a1b0-0859-3cf4-aeec4a54a63a" executionId="f01d84fe-d797-4be1-bb1c-ddbdac293765" testListId="8c84fa94-04c1-424b-9868-57a2d4851a1d" />
    <TestEntry testId="ad74bc79-5a2e-0559-0112-48492a8006d2" executionId="1ccca771-dba3-4b1a-a9cd-60f3c4d9e905" testListId="8c84fa94-04c1-424b-9868-57a2d4851a1d" />
    <TestEntry testId="eef249b6-8ce5-ce2e-1d6e-3786477a589e" executionId="2e40d586-a589-4329-9888-5ce0729376e7" testListId="8c84fa94-04c1-424b-9868-57a2d4851a1d" />
    <TestEntry testId="cd871e9d-7935-e907-4a89-0e7db877a7c7" executionId="45ab4f42-9138-4e96-96cb-cd9a811f4451" testListId="8c84fa94-04c1-424b-9868-57a2d4851a1d" />
    <TestEntry testId="b7ec82f7-3497-4dc6-bb74-fbcde89b4ab4" executionId="c588eca5-d2e0-4e44-98a6-64f378cf3071" testListId="8c84fa94-04c1-424b-9868-57a2d4851a1d" />
    <TestEntry testId="43e0f701-5f55-5e32-84f3-972dc14c0c0b" executionId="d171b876-6cdf-4b25-8a26-2b95096a861e" testListId="8c84fa94-04c1-424b-9868-57a2d4851a1d" />
    <TestEntry testId="5220db90-feed-daf9-71ce-ce8aa9bc9232" executionId="4354ad19-cb09-4acb-8884-ebb70ab41dcf" testListId="8c84fa94-04c1-424b-9868-57a2d4851a1d" />
    <TestEntry testId="2be600d2-247c-9e20-d84c-921afba648ed" executionId="4764d2e6-b617-4aee-b245-ebf308f88757" testListId="8c84fa94-04c1-424b-9868-57a2d4851a1d" />
    <TestEntry testId="9e338ff4-5402-3f35-08f3-bafb7669b187" executionId="5f7be59a-40ef-46cd-836c-c971571b56ca" testListId="8c84fa94-04c1-424b-9868-57a2d4851a1d" />
    <TestEntry testId="9f2dc98f-6aa2-694c-8819-9ccfd93e4fc8" executionId="a7c87934-b39b-4737-9e28-7906d253fdb5" testListId="8c84fa94-04c1-424b-9868-57a2d4851a1d" />
    <TestEntry testId="7be4f16e-73d9-91a8-2b92-68f269673cb9" executionId="b84e4b75-535f-4ca9-aae6-ae17f9aab3b5" testListId="8c84fa94-04c1-424b-9868-57a2d4851a1d" />
    <TestEntry testId="e8d6ba9d-db50-0e05-06db-5789675388b8" executionId="7ff85339-05de-4828-807c-1dd7b48387cf" testListId="8c84fa94-04c1-424b-9868-57a2d4851a1d" />
    <TestEntry testId="e38d99c7-c0fe-6520-2d4e-c3d7dce714b0" executionId="e45122e1-c8b5-4cba-b69a-319fcfb6c6b6" testListId="8c84fa94-04c1-424b-9868-57a2d4851a1d" />
    <TestEntry testId="bc954cfc-79b1-8687-e8d1-aab98a75fd1a" executionId="6ac16090-2364-4447-a4f8-c84bdb51d52d" testListId="8c84fa94-04c1-424b-9868-57a2d4851a1d" />
    <TestEntry testId="0741a97b-fe60-742a-1f50-b38d8a9cae33" executionId="cdab2ab6-14da-423a-b027-41245e142bfc" testListId="8c84fa94-04c1-424b-9868-57a2d4851a1d" />
    <TestEntry testId="60e1884b-abd9-92c1-f58c-08f7b4b4de40" executionId="a5139f3b-9263-42b4-b1bf-c3f9cfae36fe" testListId="8c84fa94-04c1-424b-9868-57a2d4851a1d" />
    <TestEntry testId="9aef4d88-299a-c26b-3a27-57af3cba67d3" executionId="6e0f4350-fd80-4753-8528-2804f4f75d6d" testListId="8c84fa94-04c1-424b-9868-57a2d4851a1d" />
    <TestEntry testId="1ea77442-f3cd-edae-4255-8405196cf08f" executionId="c81c51eb-7059-4242-8eb3-fdd197364665" testListId="8c84fa94-04c1-424b-9868-57a2d4851a1d" />
    <TestEntry testId="42689aba-eefd-f694-336d-6d6d7296f289" executionId="dce8fc9e-ffa5-4b6e-a292-4da1123f8e85" testListId="8c84fa94-04c1-424b-9868-57a2d4851a1d" />
    <TestEntry testId="5793f365-d163-be21-ca1f-4a66a13f32b3" executionId="a1cb8ed0-005f-4bb5-8afb-48b9eec2bd90" testListId="8c84fa94-04c1-424b-9868-57a2d4851a1d" />
    <TestEntry testId="17d839f5-53e2-230c-5fc7-a871a7838f84" executionId="91d15d73-529e-476f-ad13-4d919f5560b2" testListId="8c84fa94-04c1-424b-9868-57a2d4851a1d" />
    <TestEntry testId="d2a2118e-f836-73de-010f-9e6a0f9038b3" executionId="7f806201-1b16-4c13-be6c-a5de1446ca4c" testListId="8c84fa94-04c1-424b-9868-57a2d4851a1d" />
    <TestEntry testId="ae7cb376-4ef2-2742-75ce-61ea6adcde54" executionId="7d3fab46-951f-4d44-bdf7-ddf5fbf2d6b3" testListId="8c84fa94-04c1-424b-9868-57a2d4851a1d" />
    <TestEntry testId="3c433d09-bfc8-05ae-376b-cff8f69161af" executionId="d9f59efc-1ec6-40ca-9fa4-b2d0994f5b99" testListId="8c84fa94-04c1-424b-9868-57a2d4851a1d" />
    <TestEntry testId="7875ceff-fafb-ef65-16f6-def9c021cbb8" executionId="7076e851-4539-4dac-8d11-f2e8a7c386b7" testListId="8c84fa94-04c1-424b-9868-57a2d4851a1d" />
    <TestEntry testId="eaf85606-7f0d-3e94-fb5d-ed88b536baa0" executionId="410c5ef1-d10f-4437-a969-95c790b7f113" testListId="8c84fa94-04c1-424b-9868-57a2d4851a1d" />
    <TestEntry testId="3436028f-e5c2-d0e3-5f92-c1e23c8a73cc" executionId="09e8e555-238b-493f-9c75-eda8e4022a6b" testListId="8c84fa94-04c1-424b-9868-57a2d4851a1d" />
    <TestEntry testId="897eda60-aa9c-bf46-7037-9c91ac01a451" executionId="947ab504-35c6-4864-97e2-5ae4c53d7527" testListId="8c84fa94-04c1-424b-9868-57a2d4851a1d" />
    <TestEntry testId="5fa0a4c4-15f2-a193-6e7e-18d36636da1f" executionId="611c23fc-11f6-4117-b236-0d203b99e5f3" testListId="8c84fa94-04c1-424b-9868-57a2d4851a1d" />
    <TestEntry testId="3c732fdd-347f-bf9b-4cee-87347d32525f" executionId="8461ac9a-900d-446f-91f7-5bab6cbda7a8" testListId="8c84fa94-04c1-424b-9868-57a2d4851a1d" />
    <TestEntry testId="7af319c8-84cb-197c-29fc-ea5e77c2f3be" executionId="6805329c-4e31-4123-9e89-7dbf0f3febd4" testListId="8c84fa94-04c1-424b-9868-57a2d4851a1d" />
    <TestEntry testId="832e2e19-99a8-b743-8cd7-c0180c963ece" executionId="117bd8e4-14ad-4d1a-aa4d-8b9ecfc05d23" testListId="8c84fa94-04c1-424b-9868-57a2d4851a1d" />
    <TestEntry testId="a05c6c11-7f69-6883-58ae-614dcfca1729" executionId="0f85962a-213f-4405-b845-9dfb63e09dd1" testListId="8c84fa94-04c1-424b-9868-57a2d4851a1d" />
    <TestEntry testId="4951aa5a-960f-b892-8f82-3d3748c1e3da" executionId="c77c9994-03a2-42fb-8591-b22ffa44e65d" testListId="8c84fa94-04c1-424b-9868-57a2d4851a1d" />
    <TestEntry testId="e238789f-1332-cb64-de78-1a020fa88304" executionId="3d1a17dd-40a6-45b9-a9cc-35e095c96bf8" testListId="8c84fa94-04c1-424b-9868-57a2d4851a1d" />
    <TestEntry testId="9bd1c538-5b49-0158-94f6-e9be1859d678" executionId="abed2648-27d0-4bf0-80a1-1bc4cd2410f1" testListId="8c84fa94-04c1-424b-9868-57a2d4851a1d" />
    <TestEntry testId="7806c973-d637-45cf-930a-0b315d29c540" executionId="93b14d9f-c892-4519-b67a-b055835e3fc8" testListId="8c84fa94-04c1-424b-9868-57a2d4851a1d" />
    <TestEntry testId="e34fd7ec-376b-5cd9-f43c-324b72764f5f" executionId="bb732298-7106-49b5-8fb4-619bf978c389" testListId="8c84fa94-04c1-424b-9868-57a2d4851a1d" />
    <TestEntry testId="cee9a7d1-ec49-f6f1-a300-399ccd3bc1b7" executionId="d485716b-884d-49d5-8ea0-ce4ce51cfc4e" testListId="8c84fa94-04c1-424b-9868-57a2d4851a1d" />
    <TestEntry testId="837c6681-7a11-fda1-e2c1-66903c24de53" executionId="d9440a86-8a54-4fad-be55-d6f321ff8dd6" testListId="8c84fa94-04c1-424b-9868-57a2d4851a1d" />
    <TestEntry testId="b7b5c3d9-6be3-63ed-4bf9-77972c7bde14" executionId="88d0cc74-0266-4e49-8b5a-db6f91a88b06" testListId="8c84fa94-04c1-424b-9868-57a2d4851a1d" />
    <TestEntry testId="09dc5d9b-3822-771d-84ba-e650ae497aa7" executionId="5352a757-9c68-456c-a6e2-564c3a20dba1" testListId="8c84fa94-04c1-424b-9868-57a2d4851a1d" />
    <TestEntry testId="9ef22620-233d-af50-c838-ed1dcd20ddc6" executionId="edcdbdc5-2170-4826-a496-04bbc8662190" testListId="8c84fa94-04c1-424b-9868-57a2d4851a1d" />
    <TestEntry testId="f557024d-69b9-3152-827e-4e57b8d0868d" executionId="2a89f46d-6329-4fbf-89ad-0c72efe9c87c" testListId="8c84fa94-04c1-424b-9868-57a2d4851a1d" />
    <TestEntry testId="44562592-e269-1796-e138-85487f7a2be9" executionId="280eed7c-1b86-4ddc-a2c8-68fcf3a6cd5b" testListId="8c84fa94-04c1-424b-9868-57a2d4851a1d" />
    <TestEntry testId="685e65c6-c415-f45e-d0fc-3f95f4859375" executionId="6b0c9476-013d-46c7-a50b-e46e0af7b4c8" testListId="8c84fa94-04c1-424b-9868-57a2d4851a1d" />
    <TestEntry testId="abb79c21-cbdf-18a9-eb27-48d7cd452ee8" executionId="ef3a2c2d-35f4-4780-a148-ea33504951ad" testListId="8c84fa94-04c1-424b-9868-57a2d4851a1d" />
    <TestEntry testId="4d74b8de-5123-86ec-ab4f-2d4ce6434a23" executionId="72d45fba-7760-4a3e-b320-45e17cc5e6ac" testListId="8c84fa94-04c1-424b-9868-57a2d4851a1d" />
    <TestEntry testId="6e94a57e-5259-7bdc-f138-c47a49ede1a1" executionId="d0b6c4ce-9283-4f91-a0d4-fd99f568a1ea" testListId="8c84fa94-04c1-424b-9868-57a2d4851a1d" />
    <TestEntry testId="e6917a9a-a471-dbed-84cc-6e63cf19f9df" executionId="6ed8ff61-51b6-4789-9c36-94cb56bdd856" testListId="8c84fa94-04c1-424b-9868-57a2d4851a1d" />
    <TestEntry testId="796d7949-31f4-bb9f-3f5b-ffa9238af688" executionId="49fc7e51-e138-4de7-a9b2-f8de72154a1b" testListId="8c84fa94-04c1-424b-9868-57a2d4851a1d" />
    <TestEntry testId="bc2dc8fc-01b0-0065-79fa-2e41ef829892" executionId="2cd724e1-c80a-49c4-9ace-7d4a8019f9ad" testListId="8c84fa94-04c1-424b-9868-57a2d4851a1d" />
    <TestEntry testId="5eec1dec-2d00-5deb-f000-c17eea3526a6" executionId="043d1442-c14f-4b79-afd3-5aa45dfc210a" testListId="8c84fa94-04c1-424b-9868-57a2d4851a1d" />
    <TestEntry testId="8257a4bf-ab18-2761-6e92-b21983b2b798" executionId="cbca0dcd-8a40-4714-b89e-8e9e67205bf6" testListId="8c84fa94-04c1-424b-9868-57a2d4851a1d" />
    <TestEntry testId="e8132b4a-b72b-7d8e-d5ad-2056ee804391" executionId="f67ee7a8-7650-44ee-878b-1591babfd0ad" testListId="8c84fa94-04c1-424b-9868-57a2d4851a1d" />
    <TestEntry testId="c2a86a28-0c33-4ec7-8c21-c750433881c4" executionId="f6deb788-1e0b-4a12-83c9-a4fe79e8ea39" testListId="8c84fa94-04c1-424b-9868-57a2d4851a1d" />
    <TestEntry testId="662f9f8e-b212-7223-452e-c301bb4c0b8d" executionId="768c056b-dc3e-4e19-a26c-fd984d0a19a9" testListId="8c84fa94-04c1-424b-9868-57a2d4851a1d" />
    <TestEntry testId="5667c806-5b5f-868c-360c-740b6f484339" executionId="ea26fb9e-0f3a-46eb-ac1d-072bf88d8375" testListId="8c84fa94-04c1-424b-9868-57a2d4851a1d" />
    <TestEntry testId="e46dbe14-100d-b571-9fb5-196347dd96ac" executionId="22526085-9721-48e1-a6f4-bbf89bc48c12" testListId="8c84fa94-04c1-424b-9868-57a2d4851a1d" />
    <TestEntry testId="c4623a0a-608f-dd08-41f5-750ffba5ed05" executionId="eae19cf7-7981-45d0-9dbe-cdb0941d5a75" testListId="8c84fa94-04c1-424b-9868-57a2d4851a1d" />
    <TestEntry testId="efc2a789-ae09-4bb7-d172-5f2d0e3cbf23" executionId="d2723cf0-2e90-49e5-bf66-70ee779d8776" testListId="8c84fa94-04c1-424b-9868-57a2d4851a1d" />
    <TestEntry testId="0718464f-7428-3c2c-d7c1-1af84b0bb5ee" executionId="17319d3c-c4d8-430d-a50f-6b0e93a47314" testListId="8c84fa94-04c1-424b-9868-57a2d4851a1d" />
    <TestEntry testId="80ed38c5-93c8-ab9c-2988-31b35fec47a3" executionId="a880a6e9-a47d-4eb0-ac48-faf47d55d929" testListId="8c84fa94-04c1-424b-9868-57a2d4851a1d" />
    <TestEntry testId="9e567b4f-5898-461c-b4e9-b51ec60ad377" executionId="fcc25064-e9a5-476b-8d85-c91276a41b59" testListId="8c84fa94-04c1-424b-9868-57a2d4851a1d" />
    <TestEntry testId="bde33f3c-8432-543f-ee46-b13606db09db" executionId="26e99c46-5ca7-41f5-96b6-33edc575d782" testListId="8c84fa94-04c1-424b-9868-57a2d4851a1d" />
    <TestEntry testId="2fd4fb21-86aa-48b4-d55c-838ac3bda4eb" executionId="d32a9689-3b6e-468f-84ec-5da4c712a46c" testListId="8c84fa94-04c1-424b-9868-57a2d4851a1d" />
    <TestEntry testId="862cc562-9bfe-8861-cf4e-b4582450cbaa" executionId="34f43473-d386-4937-bd46-9a8e6f43bd62" testListId="8c84fa94-04c1-424b-9868-57a2d4851a1d" />
    <TestEntry testId="4d3ac1b1-3fbf-8e2e-a5b3-6011afbd1d48" executionId="92fbbf57-46c7-41e4-8e85-30fe5cdecacb" testListId="8c84fa94-04c1-424b-9868-57a2d4851a1d" />
    <TestEntry testId="91285e79-b6fd-7585-384e-bbf4da4c2bcd" executionId="64d850f6-80ed-4f17-ae7a-e718d12e82aa" testListId="8c84fa94-04c1-424b-9868-57a2d4851a1d" />
    <TestEntry testId="6fd1af1d-c0d4-5f1e-0bd0-26896040487e" executionId="13831c86-b5a6-4eee-9161-d99683e3931a" testListId="8c84fa94-04c1-424b-9868-57a2d4851a1d" />
    <TestEntry testId="092c2603-fe15-2655-d7c6-015786763712" executionId="be302923-8264-4c0c-9e24-dacc2a415abc" testListId="8c84fa94-04c1-424b-9868-57a2d4851a1d" />
    <TestEntry testId="e7e966d4-e5d2-6514-5e34-60687297029b" executionId="d91eb423-cd3a-4bb8-b6d8-4bac22a46343" testListId="8c84fa94-04c1-424b-9868-57a2d4851a1d" />
    <TestEntry testId="60069e17-108f-01fb-2153-e152b9205025" executionId="ea9dc370-c053-4528-9495-af01838795a5" testListId="8c84fa94-04c1-424b-9868-57a2d4851a1d" />
    <TestEntry testId="11c041e5-c464-6527-9aa5-15185ee7ed3b" executionId="e948a045-1e8b-4542-8b47-01a877fc4701" testListId="8c84fa94-04c1-424b-9868-57a2d4851a1d" />
    <TestEntry testId="d00dfd16-6967-b6b7-0f2f-9403bdf758f6" executionId="729fdc3b-0d80-4930-b015-d21ea0900427" testListId="8c84fa94-04c1-424b-9868-57a2d4851a1d" />
    <TestEntry testId="70548cff-07c6-a6ca-3719-5ff4c0013c06" executionId="918d9aa8-76b9-4d5f-966c-2487d947d8d5" testListId="8c84fa94-04c1-424b-9868-57a2d4851a1d" />
    <TestEntry testId="8ea3fac0-98e6-cacb-3107-71ef474d1509" executionId="d8706664-d2f1-423e-a92d-11edfadd9b41" testListId="8c84fa94-04c1-424b-9868-57a2d4851a1d" />
    <TestEntry testId="cdeb3be1-fe32-ff89-e068-e42e39c27a73" executionId="a2956938-f54f-4e47-94fa-ceba91c5de04" testListId="8c84fa94-04c1-424b-9868-57a2d4851a1d" />
    <TestEntry testId="b6307f6f-0923-1f5a-926e-f404ac915b20" executionId="bec19f3b-655d-49c5-8590-f19ed766b865" testListId="8c84fa94-04c1-424b-9868-57a2d4851a1d" />
    <TestEntry testId="dafbe950-e143-41f5-1a50-ea362a5aa5d4" executionId="15c34c08-d806-4ca5-9c11-0df42d899d23" testListId="8c84fa94-04c1-424b-9868-57a2d4851a1d" />
    <TestEntry testId="ef7b8988-d111-e493-786c-6d198480cf20" executionId="c9065144-85e4-4b78-81a7-8efedc895e71" testListId="8c84fa94-04c1-424b-9868-57a2d4851a1d" />
    <TestEntry testId="ae67d523-2929-36b8-f281-40940e5c29bb" executionId="89eeb4ad-4ac3-4d0d-bd49-92034cc7cc29" testListId="8c84fa94-04c1-424b-9868-57a2d4851a1d" />
    <TestEntry testId="0c4c15ff-4158-9c17-cd9b-2647420fd170" executionId="7f22f3af-5d24-460d-abcd-12d374118d63" testListId="8c84fa94-04c1-424b-9868-57a2d4851a1d" />
    <TestEntry testId="5f61ffa8-be4c-5cf6-d406-18781222cb59" executionId="0f3a9c61-b38b-446c-93bc-7c530c1f4adb" testListId="8c84fa94-04c1-424b-9868-57a2d4851a1d" />
    <TestEntry testId="451dabd5-e4bb-ea9d-054e-87b0f58becfa" executionId="89bf001e-e0ec-4dc9-a7fd-5677d6442a22" testListId="8c84fa94-04c1-424b-9868-57a2d4851a1d" />
    <TestEntry testId="600c9577-9456-49fc-a1f1-839a5e62cae7" executionId="edb0f32d-b0f1-421f-8024-2d7c4692e497" testListId="8c84fa94-04c1-424b-9868-57a2d4851a1d" />
    <TestEntry testId="99e6fef3-9023-2c5a-5c8b-926a855c5d84" executionId="a0729be2-e8ea-4448-8b41-207a5d0ee9f5" testListId="8c84fa94-04c1-424b-9868-57a2d4851a1d" />
    <TestEntry testId="b3d20388-ddfe-493d-dfad-f423fc621b48" executionId="103f34ba-a365-4a66-b491-9ef64b3c3c15" testListId="8c84fa94-04c1-424b-9868-57a2d4851a1d" />
    <TestEntry testId="8879b9b8-0100-f390-31c6-fdcbdf8a4f83" executionId="4fb389ba-4956-473a-994c-b878f54bf380" testListId="8c84fa94-04c1-424b-9868-57a2d4851a1d" />
    <TestEntry testId="9a5250b7-62e0-de5b-0bd3-c2b7c7798ce7" executionId="3141de73-b6ee-47ab-9d7c-2dfbfa0550ef" testListId="8c84fa94-04c1-424b-9868-57a2d4851a1d" />
    <TestEntry testId="dd25fada-bd11-6a30-c38c-abafcc1ac188" executionId="9d6ed60f-44d2-4093-826d-9a387fdbb10a" testListId="8c84fa94-04c1-424b-9868-57a2d4851a1d" />
    <TestEntry testId="e02db9a4-a283-da5d-8967-1cec80ef7e92" executionId="f649e0d4-6990-481a-9d2d-fe536bf54a57" testListId="8c84fa94-04c1-424b-9868-57a2d4851a1d" />
    <TestEntry testId="a3a785ff-5f15-1809-0327-13b742192f57" executionId="da6f8d55-5d74-4529-b2e2-a92c8ea85a79" testListId="8c84fa94-04c1-424b-9868-57a2d4851a1d" />
    <TestEntry testId="b150e6ad-1fac-a9d1-a2ab-0f7879e84a36" executionId="6b80a29a-fe33-47e0-8db9-79e5c5c20962" testListId="8c84fa94-04c1-424b-9868-57a2d4851a1d" />
    <TestEntry testId="e0769b45-8199-18f4-5d81-d7fe740ba2db" executionId="7900dd30-65d7-461d-9a82-4aa3b4fcf512" testListId="8c84fa94-04c1-424b-9868-57a2d4851a1d" />
    <TestEntry testId="f2da4add-4324-6352-9afd-0fe37f754b21" executionId="81dccd60-7377-42e0-8006-e86ff2dcaf5c" testListId="8c84fa94-04c1-424b-9868-57a2d4851a1d" />
    <TestEntry testId="04969f67-b379-916a-3275-e53bd0718ea4" executionId="41a75768-516b-4856-b435-49cab5cedbde" testListId="8c84fa94-04c1-424b-9868-57a2d4851a1d" />
    <TestEntry testId="05474d60-4c0c-5e35-b4fc-2df26a361c4d" executionId="b026b151-75c1-41e9-8eb1-09e6b2627b3f" testListId="8c84fa94-04c1-424b-9868-57a2d4851a1d" />
    <TestEntry testId="244a126b-865c-f129-c9cf-f22a9a00e343" executionId="02da9e94-8d28-4967-8856-c2b7efe046bb" testListId="8c84fa94-04c1-424b-9868-57a2d4851a1d" />
    <TestEntry testId="2de1f6d1-4fbc-d3f7-5b38-8fabe0afe62f" executionId="fca40622-b1aa-4e56-8dae-653cd7e01a0f" testListId="8c84fa94-04c1-424b-9868-57a2d4851a1d" />
    <TestEntry testId="5d8a1a0c-8ac0-09f0-e7c5-3249de62e9a9" executionId="7c51f4f7-5a4c-4a71-8f52-fe02fe2dfa68" testListId="8c84fa94-04c1-424b-9868-57a2d4851a1d" />
    <TestEntry testId="9c48ba54-1163-2299-84d2-c7df2b4c3889" executionId="60afdee3-bae2-4b23-a599-162e72d0cab1" testListId="8c84fa94-04c1-424b-9868-57a2d4851a1d" />
    <TestEntry testId="2f443958-bb91-68f7-90b6-2eae1e3219b3" executionId="c8e4f6f2-ef21-4d50-b693-3f6d3c2b59cd" testListId="8c84fa94-04c1-424b-9868-57a2d4851a1d" />
    <TestEntry testId="c6aaa130-65a2-a877-78a2-df837cd09244" executionId="48a47a7a-9915-4de8-b9fb-328edfd9a95d" testListId="8c84fa94-04c1-424b-9868-57a2d4851a1d" />
    <TestEntry testId="73a1abc1-28a4-b23c-9ff3-4e27cf222dab" executionId="d0871028-4176-49d0-9b82-6cce4d570710" testListId="8c84fa94-04c1-424b-9868-57a2d4851a1d" />
    <TestEntry testId="c1b72bec-54e9-d72c-529e-b6b9932bdb7f" executionId="531f4562-3017-4e3b-835e-c20c454009aa" testListId="8c84fa94-04c1-424b-9868-57a2d4851a1d" />
    <TestEntry testId="7d45d5f5-3a25-9a87-e687-4dc975c05da1" executionId="788fad13-bfdf-4e2f-82dd-e1121167c169" testListId="8c84fa94-04c1-424b-9868-57a2d4851a1d" />
    <TestEntry testId="d9e9b57c-4387-840e-e497-cce329a0c03e" executionId="6a2e850d-4861-4105-a19b-a0f4648c72d2" testListId="8c84fa94-04c1-424b-9868-57a2d4851a1d" />
    <TestEntry testId="6fe47bce-1f86-6cf6-afbe-6725ac8bf44c" executionId="236348ea-f68e-428c-8873-6467d2ac5277" testListId="8c84fa94-04c1-424b-9868-57a2d4851a1d" />
    <TestEntry testId="f2705aac-0fab-25bd-44fc-31cfea9f5c9a" executionId="9f031a73-49e9-41c7-9d91-719b5b790de5" testListId="8c84fa94-04c1-424b-9868-57a2d4851a1d" />
    <TestEntry testId="a3e3ac67-b44c-d535-60e6-335f6ba0310c" executionId="27f60bc5-bd03-418b-a74d-1f2904957cf1" testListId="8c84fa94-04c1-424b-9868-57a2d4851a1d" />
    <TestEntry testId="0229b587-f980-d1c2-d94e-8ed98bc221a6" executionId="10e9b4ae-131e-4a65-ad88-331fef4d9af0" testListId="8c84fa94-04c1-424b-9868-57a2d4851a1d" />
    <TestEntry testId="f7364d60-2df0-c5fc-137c-b9b46fcd6fe9" executionId="8d7778a9-c816-46db-87b7-2484762ff14e" testListId="8c84fa94-04c1-424b-9868-57a2d4851a1d" />
    <TestEntry testId="08b0137c-0bdc-e87f-be30-d8edbdf991c1" executionId="8cf756e8-321a-4ddb-be63-7338ac7ab696" testListId="8c84fa94-04c1-424b-9868-57a2d4851a1d" />
    <TestEntry testId="c2736500-86f5-c7ae-a0e1-fceb61e5a5d4" executionId="23d80a26-e869-45e9-a6dc-011379e6f8d0" testListId="8c84fa94-04c1-424b-9868-57a2d4851a1d" />
    <TestEntry testId="eda712ea-15dc-6cac-535c-79a64a40aa02" executionId="c2b8eeea-f423-438c-a32f-b8a02ae517d0" testListId="8c84fa94-04c1-424b-9868-57a2d4851a1d" />
    <TestEntry testId="4191e320-5572-4ed4-213f-949531d6a246" executionId="84baa685-7b12-4914-b2a1-9c8410facade" testListId="8c84fa94-04c1-424b-9868-57a2d4851a1d" />
    <TestEntry testId="24a1bb0d-d69a-de21-49e4-5bbbeaac5021" executionId="600a56ff-ca0e-487b-9511-1ccd43fa4817" testListId="8c84fa94-04c1-424b-9868-57a2d4851a1d" />
    <TestEntry testId="4ce6cb72-dabd-e3eb-6074-df75f0abcb26" executionId="aa0e7e37-f68a-49ae-b4e4-1dd1aaa08ff2" testListId="8c84fa94-04c1-424b-9868-57a2d4851a1d" />
    <TestEntry testId="0351f469-7ff9-52d3-3d77-92c2f3051f1e" executionId="90151e04-def4-40a1-877a-eb9c80967518" testListId="8c84fa94-04c1-424b-9868-57a2d4851a1d" />
    <TestEntry testId="a4a7e920-6be7-0270-88f5-4a528c0a4ff3" executionId="d149848c-f84e-436a-b97c-475c2d7088db" testListId="8c84fa94-04c1-424b-9868-57a2d4851a1d" />
    <TestEntry testId="4d634782-9db9-e8af-a18d-f1e4c45e4686" executionId="58a72c6f-4b11-4740-bc00-adac7b50a3a0" testListId="8c84fa94-04c1-424b-9868-57a2d4851a1d" />
    <TestEntry testId="f3af6a34-22dc-525a-ddbc-41c7a3c42ddc" executionId="efd32070-bdd4-4773-81f2-100593b748ae" testListId="8c84fa94-04c1-424b-9868-57a2d4851a1d" />
    <TestEntry testId="d187567e-7ba7-c49e-1e54-13fd327095e9" executionId="987618fd-e3fb-4011-b414-4d83a1b91d73" testListId="8c84fa94-04c1-424b-9868-57a2d4851a1d" />
    <TestEntry testId="6f51818b-8dfe-7cd4-c8ae-d1150bb85ebd" executionId="ddc096ed-1538-4d65-8bd0-67d92467f148" testListId="8c84fa94-04c1-424b-9868-57a2d4851a1d" />
    <TestEntry testId="faa22825-903a-641b-03f7-ccff8cccfbb2" executionId="1af9620a-ca1e-4cb3-9982-a23493caad67" testListId="8c84fa94-04c1-424b-9868-57a2d4851a1d" />
    <TestEntry testId="b7f6b02b-7701-48a7-6ef3-dc8df7e50575" executionId="c90a3d58-96c9-4c79-8bec-bc844b692361" testListId="8c84fa94-04c1-424b-9868-57a2d4851a1d" />
    <TestEntry testId="91b3bd83-c5b8-4706-180f-6fac0dae10f8" executionId="a9ea7d3d-2209-47a4-a7c6-9c451471eff9" testListId="8c84fa94-04c1-424b-9868-57a2d4851a1d" />
    <TestEntry testId="cd1fce0e-40f1-2613-4ea2-fe4efaae7320" executionId="46ac6617-d5f9-471c-ac5e-b96fa099ea66" testListId="8c84fa94-04c1-424b-9868-57a2d4851a1d" />
    <TestEntry testId="9c16a4f2-9784-74bb-775d-5911328260bf" executionId="71bc2496-1988-41b4-8ea2-ec26e23a1ea9" testListId="8c84fa94-04c1-424b-9868-57a2d4851a1d" />
    <TestEntry testId="aa4e492c-9871-e494-8afc-2e1c32042c9f" executionId="98517c42-53a3-46c1-8965-b4265b391988" testListId="8c84fa94-04c1-424b-9868-57a2d4851a1d" />
    <TestEntry testId="e72aca21-1347-9775-f65f-ee1c6d7b63bd" executionId="c2ea5535-c318-44db-80e9-724142ecabfb" testListId="8c84fa94-04c1-424b-9868-57a2d4851a1d" />
    <TestEntry testId="9bb26f6e-1e2c-da60-973e-eeca518679d1" executionId="6dbb4be4-793d-4bc6-aa49-5477e227d377" testListId="8c84fa94-04c1-424b-9868-57a2d4851a1d" />
    <TestEntry testId="4aa2fb53-f9e4-f471-3a9f-14715f467049" executionId="f61a7f66-f8c8-4eb3-b17a-799b61b43d0d" testListId="8c84fa94-04c1-424b-9868-57a2d4851a1d" />
    <TestEntry testId="1ead85ed-9e84-e345-248b-37b2bb2fd57c" executionId="4333058e-6c83-40bb-8494-b68e84f03cf0" testListId="8c84fa94-04c1-424b-9868-57a2d4851a1d" />
    <TestEntry testId="7f23cd21-ad85-3cc7-38be-9ece9bfed213" executionId="b17a8a08-a565-4b21-95f7-ce141fa15841" testListId="8c84fa94-04c1-424b-9868-57a2d4851a1d" />
    <TestEntry testId="d39d28ad-b64c-afa2-9212-cb9bbbf192c4" executionId="27f9e014-9edd-40ae-8ca4-e77dfd010b54" testListId="8c84fa94-04c1-424b-9868-57a2d4851a1d" />
    <TestEntry testId="7146296d-c8e1-b13f-44e4-16f25fa9af9d" executionId="5f965c7a-0365-4aaf-8205-ee17c7d56754" testListId="8c84fa94-04c1-424b-9868-57a2d4851a1d" />
    <TestEntry testId="84185e06-3828-77a5-d8c9-c2b462b8ff8c" executionId="38efa80d-7b90-40a0-957d-0402d3083edd" testListId="8c84fa94-04c1-424b-9868-57a2d4851a1d" />
    <TestEntry testId="341610ea-9bd8-25a4-90fc-740a57823f92" executionId="b94b3b1a-e9f0-4fa1-9ae3-76026f76ff1d" testListId="8c84fa94-04c1-424b-9868-57a2d4851a1d" />
    <TestEntry testId="113c211f-ff70-231a-7b9d-03413cd134d7" executionId="921fba77-d514-4f34-a389-8b4d3a08b061" testListId="8c84fa94-04c1-424b-9868-57a2d4851a1d" />
    <TestEntry testId="f86161bd-f5ff-e739-8561-c83ff6f0d4a9" executionId="c83b933d-f225-41d9-9624-2a3ab76ae637" testListId="8c84fa94-04c1-424b-9868-57a2d4851a1d" />
    <TestEntry testId="7c3bd97a-a125-9200-b1f2-a28a2e7a05fe" executionId="7c1db05c-1fc6-4efd-841f-20fb92f85ab5" testListId="8c84fa94-04c1-424b-9868-57a2d4851a1d" />
  </TestEntries>
  <TestLists>
    <TestList name="Results Not in a List" id="8c84fa94-04c1-424b-9868-57a2d4851a1d" />
    <TestList name="All Loaded Results" id="19431567-8539-422a-85d7-44ee4e166bda" />
  </TestLists>
  <ResultSummary outcome="Completed">
    <Counters total="1000" executed="1000" passed="1000" failed="0" error="0" timeout="0" aborted="0" inconclusive="0" passedButRunAborted="0" notRunnable="0" notExecuted="0" disconnected="0" warning="0" completed="0" inProgress="0" pending="0" />
    <Output>
      <StdOut>NUnit Adapter 4.2.0.0: Test execution started&#xD;
Running selected tests in C:\Projekty\NUnitTestProject\bin\Debug\netcoreapp3.1\NUnitTestProject.dll&#xD;
   NUnit3TestExecutor discovered 1000 of 1000 NUnit test cases using Current Discovery mode, Non-Explicit run&#xD;
NUnit Adapter 4.2.0.0: Test execution complete&#xD;
</StdOut>
    </Output>
  </ResultSummary>
</TestRun>