<?xml version="1.0" encoding="utf-8"?>
<TestRun id="59deda1f-76b0-4bd2-b2d9-30d643c6bded" name="Dominik@DESKTOP-5URQ9PB 2022-06-13 21:12:51" runUser="DESKTOP-5URQ9PB\Dominik" xmlns="http://microsoft.com/schemas/VisualStudio/TeamTest/2010">
  <Times creation="2022-06-13T21:12:51.4174477+02:00" queuing="2022-06-13T21:12:51.4174479+02:00" start="2022-06-13T21:12:49.3111978+02:00" finish="2022-06-13T21:12:51.8956481+02:00" />
  <TestSettings name="default" id="f7e414bc-f9d5-4fce-8e1b-29c31247624b">
    <Deployment runDeploymentRoot="Dominik_DESKTOP-5URQ9PB_2022-06-13_21_12_51" />
  </TestSettings>
  <Results>
    <UnitTestResult executionId="2e85f8c7-3bf4-4932-88d3-09acffe26419" testId="c6aaa130-65a2-a877-78a2-df837cd09244" testName="FormatToStringTest1000(30533.30031120838d,&quot;30533.30 zł&quot;)" computerName="DESKTOP-5URQ9PB" duration="00:00:00.0000190" startTime="2022-06-13T21:12:51.3237085+02:00" endTime="2022-06-13T21:12:51.3237271+02:00" testType="13cdc9d9-ddb5-4fa4-a97d-d965ccfc6d4b" outcome="Passed" testListId="8c84fa94-04c1-424b-9868-57a2d4851a1d" relativeResultsDirectory="2e85f8c7-3bf4-4932-88d3-09acffe26419" />
    <UnitTestResult executionId="539b68cf-9fac-4ea3-a4a5-e19972100073" testId="3436028f-e5c2-d0e3-5f92-c1e23c8a73cc" testName="FormatToStringTest1000(7715.904444139406d,&quot;7715.90 zł&quot;)" computerName="DESKTOP-5URQ9PB" duration="00:00:00.0000180" startTime="2022-06-13T21:12:51.3223617+02:00" endTime="2022-06-13T21:12:51.3223798+02:00" testType="13cdc9d9-ddb5-4fa4-a97d-d965ccfc6d4b" outcome="Passed" testListId="8c84fa94-04c1-424b-9868-57a2d4851a1d" relativeResultsDirectory="539b68cf-9fac-4ea3-a4a5-e19972100073" />
    <UnitTestResult executionId="a298d333-1108-460c-8c9a-0e68d70349cb" testId="c32a55d2-5cd9-4241-ed27-6ec6eee4b3b0" testName="FormatToStringTest1000(24646.322657574587d,&quot;24646.32 zł&quot;)" computerName="DESKTOP-5URQ9PB" duration="00:00:00.0000190" startTime="2022-06-13T21:12:51.3198525+02:00" endTime="2022-06-13T21:12:51.3198714+02:00" testType="13cdc9d9-ddb5-4fa4-a97d-d965ccfc6d4b" outcome="Passed" testListId="8c84fa94-04c1-424b-9868-57a2d4851a1d" relativeResultsDirectory="a298d333-1108-460c-8c9a-0e68d70349cb" />
    <UnitTestResult executionId="57ae1fc6-498a-40dc-b5b7-068f640a5acb" testId="3b6adeb2-dcf4-fb95-f3e8-26dcad169d8e" testName="FormatToStringTest1000(71554.9786298829d,&quot;71554.98 zł&quot;)" computerName="DESKTOP-5URQ9PB" duration="00:00:00.0000190" startTime="2022-06-13T21:12:51.3285194+02:00" endTime="2022-06-13T21:12:51.3285384+02:00" testType="13cdc9d9-ddb5-4fa4-a97d-d965ccfc6d4b" outcome="Passed" testListId="8c84fa94-04c1-424b-9868-57a2d4851a1d" relativeResultsDirectory="57ae1fc6-498a-40dc-b5b7-068f640a5acb" />
    <UnitTestResult executionId="ce1136ae-0104-4e87-8814-3ead0d8437b3" testId="092c2603-fe15-2655-d7c6-015786763712" testName="FormatToStringTest1000(7182.939759099362d,&quot;7182.94 zł&quot;)" computerName="DESKTOP-5URQ9PB" duration="00:00:00.0000190" startTime="2022-06-13T21:12:51.3175275+02:00" endTime="2022-06-13T21:12:51.3175460+02:00" testType="13cdc9d9-ddb5-4fa4-a97d-d965ccfc6d4b" outcome="Passed" testListId="8c84fa94-04c1-424b-9868-57a2d4851a1d" relativeResultsDirectory="ce1136ae-0104-4e87-8814-3ead0d8437b3" />
    <UnitTestResult executionId="c8440ae6-86ec-4e19-a25a-083ba4ca3e6a" testId="66cfeda0-e2cf-f1fc-0d88-eef5b227e59f" testName="FormatToStringTest1000(23612.114499758984d,&quot;23612.11 zł&quot;)" computerName="DESKTOP-5URQ9PB" duration="00:00:00.0000180" startTime="2022-06-13T21:12:51.3174778+02:00" endTime="2022-06-13T21:12:51.3174960+02:00" testType="13cdc9d9-ddb5-4fa4-a97d-d965ccfc6d4b" outcome="Passed" testListId="8c84fa94-04c1-424b-9868-57a2d4851a1d" relativeResultsDirectory="c8440ae6-86ec-4e19-a25a-083ba4ca3e6a" />
    <UnitTestResult executionId="f0c5b6d0-f49f-4a7c-a325-d8aa9d962661" testId="2b003fb3-b141-e2a9-bad9-fff43705ee9e" testName="FormatToStringTest1000(72703.4365723503d,&quot;72703.44 zł&quot;)" computerName="DESKTOP-5URQ9PB" duration="00:00:00.0000190" startTime="2022-06-13T21:12:51.3193795+02:00" endTime="2022-06-13T21:12:51.3193979+02:00" testType="13cdc9d9-ddb5-4fa4-a97d-d965ccfc6d4b" outcome="Passed" testListId="8c84fa94-04c1-424b-9868-57a2d4851a1d" relativeResultsDirectory="f0c5b6d0-f49f-4a7c-a325-d8aa9d962661" />
    <UnitTestResult executionId="bfcfcc68-a4cf-4c2c-acb9-3c5c7f50a597" testId="c1189369-93b0-2acc-f712-00eac1c7b884" testName="FormatToStringTest1000(9843.625240445894d,&quot;9843.63 zł&quot;)" computerName="DESKTOP-5URQ9PB" duration="00:00:00.0000190" startTime="2022-06-13T21:12:51.3343262+02:00" endTime="2022-06-13T21:12:51.3343450+02:00" testType="13cdc9d9-ddb5-4fa4-a97d-d965ccfc6d4b" outcome="Passed" testListId="8c84fa94-04c1-424b-9868-57a2d4851a1d" relativeResultsDirectory="bfcfcc68-a4cf-4c2c-acb9-3c5c7f50a597" />
    <UnitTestResult executionId="33ccf56d-1545-4df9-a9a8-5ad6a7af9555" testId="4191e320-5572-4ed4-213f-949531d6a246" testName="FormatToStringTest1000(20237.28532723723d,&quot;20237.29 zł&quot;)" computerName="DESKTOP-5URQ9PB" duration="00:00:00.0000190" startTime="2022-06-13T21:12:51.3222625+02:00" endTime="2022-06-13T21:12:51.3222813+02:00" testType="13cdc9d9-ddb5-4fa4-a97d-d965ccfc6d4b" outcome="Passed" testListId="8c84fa94-04c1-424b-9868-57a2d4851a1d" relativeResultsDirectory="33ccf56d-1545-4df9-a9a8-5ad6a7af9555" />
    <UnitTestResult executionId="3a70f33e-155c-40f7-85b8-b9a9b5fab4f4" testId="274eee3c-fa31-a55c-1941-d2fdb1077d83" testName="FormatToStringTest1000(26468.346804109562d,&quot;26468.35 zł&quot;)" computerName="DESKTOP-5URQ9PB" duration="00:00:00.0000190" startTime="2022-06-13T21:12:51.3178256+02:00" endTime="2022-06-13T21:12:51.3178441+02:00" testType="13cdc9d9-ddb5-4fa4-a97d-d965ccfc6d4b" outcome="Passed" testListId="8c84fa94-04c1-424b-9868-57a2d4851a1d" relativeResultsDirectory="3a70f33e-155c-40f7-85b8-b9a9b5fab4f4" />
    <UnitTestResult executionId="a7532e23-31a7-46f9-a760-78899cc7b458" testId="fe527e8d-5e3e-18c1-ed37-cc075512021b" testName="FormatToStringTest1000(26858.35647848731d,&quot;26858.36 zł&quot;)" computerName="DESKTOP-5URQ9PB" duration="00:00:00.0000180" startTime="2022-06-13T21:12:51.3264814+02:00" endTime="2022-06-13T21:12:51.3264992+02:00" testType="13cdc9d9-ddb5-4fa4-a97d-d965ccfc6d4b" outcome="Passed" testListId="8c84fa94-04c1-424b-9868-57a2d4851a1d" relativeResultsDirectory="a7532e23-31a7-46f9-a760-78899cc7b458" />
    <UnitTestResult executionId="7711ebf7-3b79-445a-a3d7-a0507c95be6b" testId="b6ca1995-becc-76ce-0b28-eebf3dd3e464" testName="FormatToStringTest1000(22197.731451777618d,&quot;22197.73 zł&quot;)" computerName="DESKTOP-5URQ9PB" duration="00:00:00.0000190" startTime="2022-06-13T21:12:51.3229865+02:00" endTime="2022-06-13T21:12:51.3230051+02:00" testType="13cdc9d9-ddb5-4fa4-a97d-d965ccfc6d4b" outcome="Passed" testListId="8c84fa94-04c1-424b-9868-57a2d4851a1d" relativeResultsDirectory="7711ebf7-3b79-445a-a3d7-a0507c95be6b" />
    <UnitTestResult executionId="290c27ca-1960-4c5f-bf64-eb8489bf8273" testId="ea8471c3-2743-4dfb-2fac-6cae304dff99" testName="FormatToStringTest1000(36047.83545033672d,&quot;36047.84 zł&quot;)" computerName="DESKTOP-5URQ9PB" duration="00:00:00.0000190" startTime="2022-06-13T21:12:51.3281910+02:00" endTime="2022-06-13T21:12:51.3282094+02:00" testType="13cdc9d9-ddb5-4fa4-a97d-d965ccfc6d4b" outcome="Passed" testListId="8c84fa94-04c1-424b-9868-57a2d4851a1d" relativeResultsDirectory="290c27ca-1960-4c5f-bf64-eb8489bf8273" />
    <UnitTestResult executionId="725dc402-10d1-473e-97c3-d88f3d8d3bae" testId="19309037-483b-d4c8-73ea-f8f351cef324" testName="FormatToStringTest1000(16388.556189478633d,&quot;16388.56 zł&quot;)" computerName="DESKTOP-5URQ9PB" duration="00:00:00.0000190" startTime="2022-06-13T21:12:51.3300070+02:00" endTime="2022-06-13T21:12:51.3300257+02:00" testType="13cdc9d9-ddb5-4fa4-a97d-d965ccfc6d4b" outcome="Passed" testListId="8c84fa94-04c1-424b-9868-57a2d4851a1d" relativeResultsDirectory="725dc402-10d1-473e-97c3-d88f3d8d3bae" />
    <UnitTestResult executionId="a1ddc2b7-3bc1-40f9-87c9-83e0d26027e8" testId="7e45dd7d-e48e-5c57-3fb0-37befdf85fdc" testName="FormatToStringTest1000(8492.904747505161d,&quot;8492.90 zł&quot;)" computerName="DESKTOP-5URQ9PB" duration="00:00:00.0000190" startTime="2022-06-13T21:12:51.3289626+02:00" endTime="2022-06-13T21:12:51.3289810+02:00" testType="13cdc9d9-ddb5-4fa4-a97d-d965ccfc6d4b" outcome="Passed" testListId="8c84fa94-04c1-424b-9868-57a2d4851a1d" relativeResultsDirectory="a1ddc2b7-3bc1-40f9-87c9-83e0d26027e8" />
    <UnitTestResult executionId="f01b8669-edaa-4c84-9f63-d50b90df9fee" testId="30678609-1c69-68ef-6a0d-4b6cf4e5979d" testName="FormatToStringTest1000(2975.6892256134606d,&quot;2975.69 zł&quot;)" computerName="DESKTOP-5URQ9PB" duration="00:00:00.0000180" startTime="2022-06-13T21:12:51.3218211+02:00" endTime="2022-06-13T21:12:51.3218393+02:00" testType="13cdc9d9-ddb5-4fa4-a97d-d965ccfc6d4b" outcome="Passed" testListId="8c84fa94-04c1-424b-9868-57a2d4851a1d" relativeResultsDirectory="f01b8669-edaa-4c84-9f63-d50b90df9fee" />
    <UnitTestResult executionId="e7f0394d-bf31-427c-9b5b-3c30d54faafd" testId="d7323b46-e742-10c6-7291-609e242e6eac" testName="FormatToStringTest1000(36969.98585167247d,&quot;36969.99 zł&quot;)" computerName="DESKTOP-5URQ9PB" duration="00:00:00.0000230" startTime="2022-06-13T21:12:51.3154066+02:00" endTime="2022-06-13T21:12:51.3154291+02:00" testType="13cdc9d9-ddb5-4fa4-a97d-d965ccfc6d4b" outcome="Passed" testListId="8c84fa94-04c1-424b-9868-57a2d4851a1d" relativeResultsDirectory="e7f0394d-bf31-427c-9b5b-3c30d54faafd" />
    <UnitTestResult executionId="20da2b8b-5920-4001-9ffa-ecceb6e5e77c" testId="b150e6ad-1fac-a9d1-a2ab-0f7879e84a36" testName="FormatToStringTest1000(64887.45559046951d,&quot;64887.46 zł&quot;)" computerName="DESKTOP-5URQ9PB" duration="00:00:00.0000180" startTime="2022-06-13T21:12:51.3203466+02:00" endTime="2022-06-13T21:12:51.3203647+02:00" testType="13cdc9d9-ddb5-4fa4-a97d-d965ccfc6d4b" outcome="Passed" testListId="8c84fa94-04c1-424b-9868-57a2d4851a1d" relativeResultsDirectory="20da2b8b-5920-4001-9ffa-ecceb6e5e77c" />
    <UnitTestResult executionId="bb3fda94-3f61-4743-ba3e-b685137053ef" testId="aa52f83a-fd01-4271-59b5-322ecc9f9333" testName="FormatToStringTest1000(4252.4012513842445d,&quot;4252.40 zł&quot;)" computerName="DESKTOP-5URQ9PB" duration="00:00:00.0000190" startTime="2022-06-13T21:12:51.3295141+02:00" endTime="2022-06-13T21:12:51.3295332+02:00" testType="13cdc9d9-ddb5-4fa4-a97d-d965ccfc6d4b" outcome="Passed" testListId="8c84fa94-04c1-424b-9868-57a2d4851a1d" relativeResultsDirectory="bb3fda94-3f61-4743-ba3e-b685137053ef" />
    <UnitTestResult executionId="69ba09e3-cc4e-4288-87ff-4d94d61a3337" testId="12383f93-d6c8-4041-5607-6e0714b305f6" testName="FormatToStringTest1000(43727.735558145556d,&quot;43727.74 zł&quot;)" computerName="DESKTOP-5URQ9PB" duration="00:00:00.0000180" startTime="2022-06-13T21:12:51.3193064+02:00" endTime="2022-06-13T21:12:51.3193244+02:00" testType="13cdc9d9-ddb5-4fa4-a97d-d965ccfc6d4b" outcome="Passed" testListId="8c84fa94-04c1-424b-9868-57a2d4851a1d" relativeResultsDirectory="69ba09e3-cc4e-4288-87ff-4d94d61a3337" />
    <UnitTestResult executionId="b1e3720e-b9fe-4d9e-ba3a-8ca94c036b63" testId="fb1c3a36-60dc-8fcd-b623-36588091afcb" testName="FormatToStringTest1000(25039.088753207627d,&quot;25039.09 zł&quot;)" computerName="DESKTOP-5URQ9PB" duration="00:00:00.0000180" startTime="2022-06-13T21:12:51.3247287+02:00" endTime="2022-06-13T21:12:51.3247466+02:00" testType="13cdc9d9-ddb5-4fa4-a97d-d965ccfc6d4b" outcome="Passed" testListId="8c84fa94-04c1-424b-9868-57a2d4851a1d" relativeResultsDirectory="b1e3720e-b9fe-4d9e-ba3a-8ca94c036b63" />
    <UnitTestResult executionId="c74f97a9-d09b-4cf4-82b5-605fd69fb4fb" testId="ff64b042-e70f-6e34-60aa-4c59131392ce" testName="FormatToStringTest1000(30031.89550569323d,&quot;30031.90 zł&quot;)" computerName="DESKTOP-5URQ9PB" duration="00:00:00.0000180" startTime="2022-06-13T21:12:51.3205836+02:00" endTime="2022-06-13T21:12:51.3206019+02:00" testType="13cdc9d9-ddb5-4fa4-a97d-d965ccfc6d4b" outcome="Passed" testListId="8c84fa94-04c1-424b-9868-57a2d4851a1d" relativeResultsDirectory="c74f97a9-d09b-4cf4-82b5-605fd69fb4fb" />
    <UnitTestResult executionId="efe088f0-85f6-4f03-a1dd-1092bfc3d663" testId="71a2762b-d8da-32e7-80e0-7c170fef2ac7" testName="FormatToStringTest1000(54724.71040318008d,&quot;54724.71 zł&quot;)" computerName="DESKTOP-5URQ9PB" duration="00:00:00.0000190" startTime="2022-06-13T21:12:51.3155891+02:00" endTime="2022-06-13T21:12:51.3156080+02:00" testType="13cdc9d9-ddb5-4fa4-a97d-d965ccfc6d4b" outcome="Passed" testListId="8c84fa94-04c1-424b-9868-57a2d4851a1d" relativeResultsDirectory="efe088f0-85f6-4f03-a1dd-1092bfc3d663" />
    <UnitTestResult executionId="5e716d06-d21f-4a0e-bacd-5805978ad5ea" testId="580ab2d5-6b28-ec61-9de4-466295a56551" testName="FormatToStringTest1000(22459.530444447664d,&quot;22459.53 zł&quot;)" computerName="DESKTOP-5URQ9PB" duration="00:00:00.0000180" startTime="2022-06-13T21:12:51.3222875+02:00" endTime="2022-06-13T21:12:51.3223057+02:00" testType="13cdc9d9-ddb5-4fa4-a97d-d965ccfc6d4b" outcome="Passed" testListId="8c84fa94-04c1-424b-9868-57a2d4851a1d" relativeResultsDirectory="5e716d06-d21f-4a0e-bacd-5805978ad5ea" />
    <UnitTestResult executionId="3b23588a-e15f-48e7-90fa-328f2c7eb4f4" testId="eb2e7461-d939-c702-00f6-a6f4037fdc3f" testName="FormatToStringTest1000(19609.759296997803d,&quot;19609.76 zł&quot;)" computerName="DESKTOP-5URQ9PB" duration="00:00:00.0000180" startTime="2022-06-13T21:12:51.3210005+02:00" endTime="2022-06-13T21:12:51.3210186+02:00" testType="13cdc9d9-ddb5-4fa4-a97d-d965ccfc6d4b" outcome="Passed" testListId="8c84fa94-04c1-424b-9868-57a2d4851a1d" relativeResultsDirectory="3b23588a-e15f-48e7-90fa-328f2c7eb4f4" />
    <UnitTestResult executionId="3e03442c-9576-433b-a99d-72fb1d1f5f1f" testId="5793f365-d163-be21-ca1f-4a66a13f32b3" testName="FormatToStringTest1000(60701.5177499319d,&quot;60701.52 zł&quot;)" computerName="DESKTOP-5URQ9PB" duration="00:00:00.0000180" startTime="2022-06-13T21:12:51.3268728+02:00" endTime="2022-06-13T21:12:51.3268906+02:00" testType="13cdc9d9-ddb5-4fa4-a97d-d965ccfc6d4b" outcome="Passed" testListId="8c84fa94-04c1-424b-9868-57a2d4851a1d" relativeResultsDirectory="3e03442c-9576-433b-a99d-72fb1d1f5f1f" />
    <UnitTestResult executionId="f22c0a7e-6750-454e-ad0a-dba6b87ba768" testId="29406890-f674-40b1-2efb-3ed40d66af1f" testName="FormatToStringTest1000(2292.8331871111104d,&quot;2292.83 zł&quot;)" computerName="DESKTOP-5URQ9PB" duration="00:00:00.0000190" startTime="2022-06-13T21:12:51.3126693+02:00" endTime="2022-06-13T21:12:51.3126876+02:00" testType="13cdc9d9-ddb5-4fa4-a97d-d965ccfc6d4b" outcome="Passed" testListId="8c84fa94-04c1-424b-9868-57a2d4851a1d" relativeResultsDirectory="f22c0a7e-6750-454e-ad0a-dba6b87ba768" />
    <UnitTestResult executionId="b0a9f35a-21b8-4e38-959a-44ecf363ac60" testId="64a6b4e0-a8e1-9595-14c6-66f8a8c8f576" testName="FormatToStringTest1000(12221.10494323592d,&quot;12221.10 zł&quot;)" computerName="DESKTOP-5URQ9PB" duration="00:00:00.0000180" startTime="2022-06-13T21:12:51.3135093+02:00" endTime="2022-06-13T21:12:51.3135270+02:00" testType="13cdc9d9-ddb5-4fa4-a97d-d965ccfc6d4b" outcome="Passed" testListId="8c84fa94-04c1-424b-9868-57a2d4851a1d" relativeResultsDirectory="b0a9f35a-21b8-4e38-959a-44ecf363ac60" />
    <UnitTestResult executionId="ba31e73c-9161-4354-80bb-5c068c56ad29" testId="c6bf636f-3c18-b5d6-1346-58450e782d22" testName="FormatToStringTest1000(50550.645020282194d,&quot;50550.65 zł&quot;)" computerName="DESKTOP-5URQ9PB" duration="00:00:00.0000190" startTime="2022-06-13T21:12:51.3246299+02:00" endTime="2022-06-13T21:12:51.3246486+02:00" testType="13cdc9d9-ddb5-4fa4-a97d-d965ccfc6d4b" outcome="Passed" testListId="8c84fa94-04c1-424b-9868-57a2d4851a1d" relativeResultsDirectory="ba31e73c-9161-4354-80bb-5c068c56ad29" />
    <UnitTestResult executionId="1eacc784-65d3-4308-8caf-99e2b03f885b" testId="b700fa6d-df15-3228-9006-81a0fe0edb31" testName="FormatToStringTest1000(6864.093052674129d,&quot;6864.09 zł&quot;)" computerName="DESKTOP-5URQ9PB" duration="00:00:00.0000180" startTime="2022-06-13T21:12:51.3130428+02:00" endTime="2022-06-13T21:12:51.3130608+02:00" testType="13cdc9d9-ddb5-4fa4-a97d-d965ccfc6d4b" outcome="Passed" testListId="8c84fa94-04c1-424b-9868-57a2d4851a1d" relativeResultsDirectory="1eacc784-65d3-4308-8caf-99e2b03f885b" />
    <UnitTestResult executionId="ba47bcef-3388-46e7-b2d9-930108c62c45" testId="3ff03a46-b206-b458-f53e-9c5468df465e" testName="FormatToStringTest1000(25116.590135570892d,&quot;25116.59 zł&quot;)" computerName="DESKTOP-5URQ9PB" duration="00:00:00.0000180" startTime="2022-06-13T21:12:51.3192577+02:00" endTime="2022-06-13T21:12:51.3192761+02:00" testType="13cdc9d9-ddb5-4fa4-a97d-d965ccfc6d4b" outcome="Passed" testListId="8c84fa94-04c1-424b-9868-57a2d4851a1d" relativeResultsDirectory="ba47bcef-3388-46e7-b2d9-930108c62c45" />
    <UnitTestResult executionId="1a191d80-4a24-4762-a1c0-a32fc8738d82" testId="daebc394-ed43-a172-b3fd-00de92d9d60e" testName="FormatToStringTest1000(3521.3657738167635d,&quot;3521.37 zł&quot;)" computerName="DESKTOP-5URQ9PB" duration="00:00:00.0000190" startTime="2022-06-13T21:12:51.3122927+02:00" endTime="2022-06-13T21:12:51.3123113+02:00" testType="13cdc9d9-ddb5-4fa4-a97d-d965ccfc6d4b" outcome="Passed" testListId="8c84fa94-04c1-424b-9868-57a2d4851a1d" relativeResultsDirectory="1a191d80-4a24-4762-a1c0-a32fc8738d82" />
    <UnitTestResult executionId="a32882d0-1f88-4eab-96d8-7dbff844dd91" testId="4936d87a-883b-6212-fe10-ba7602a69db8" testName="FormatToStringTest1000(26885.71162707904d,&quot;26885.71 zł&quot;)" computerName="DESKTOP-5URQ9PB" duration="00:00:00.0000190" startTime="2022-06-13T21:12:51.3133777+02:00" endTime="2022-06-13T21:12:51.3133961+02:00" testType="13cdc9d9-ddb5-4fa4-a97d-d965ccfc6d4b" outcome="Passed" testListId="8c84fa94-04c1-424b-9868-57a2d4851a1d" relativeResultsDirectory="a32882d0-1f88-4eab-96d8-7dbff844dd91" />
    <UnitTestResult executionId="443e8fdb-7400-4221-a8eb-490b52baa62b" testId="1a501163-ddde-3471-133e-1552ff82f851" testName="FormatToStringTest1000(29417.800422138444d,&quot;29417.80 zł&quot;)" computerName="DESKTOP-5URQ9PB" duration="00:00:00.0000190" startTime="2022-06-13T21:12:51.3166601+02:00" endTime="2022-06-13T21:12:51.3166791+02:00" testType="13cdc9d9-ddb5-4fa4-a97d-d965ccfc6d4b" outcome="Passed" testListId="8c84fa94-04c1-424b-9868-57a2d4851a1d" relativeResultsDirectory="443e8fdb-7400-4221-a8eb-490b52baa62b" />
    <UnitTestResult executionId="041bea78-aca1-4f87-a3ea-03e1ac22a2a4" testId="862cc562-9bfe-8861-cf4e-b4582450cbaa" testName="FormatToStringTest1000(5628.028273674672d,&quot;5628.03 zł&quot;)" computerName="DESKTOP-5URQ9PB" duration="00:00:00.0000200" startTime="2022-06-13T21:12:51.3106516+02:00" endTime="2022-06-13T21:12:51.3106713+02:00" testType="13cdc9d9-ddb5-4fa4-a97d-d965ccfc6d4b" outcome="Passed" testListId="8c84fa94-04c1-424b-9868-57a2d4851a1d" relativeResultsDirectory="041bea78-aca1-4f87-a3ea-03e1ac22a2a4" />
    <UnitTestResult executionId="88297273-3860-4d7e-9a03-f886193cbaa3" testId="72f5bdbc-e270-3979-eb1f-93befbe9f9d0" testName="FormatToStringTest1000(19519.4298413505d,&quot;19519.43 zł&quot;)" computerName="DESKTOP-5URQ9PB" duration="00:00:00.0000300" startTime="2022-06-13T21:12:51.3320921+02:00" endTime="2022-06-13T21:12:51.3321215+02:00" testType="13cdc9d9-ddb5-4fa4-a97d-d965ccfc6d4b" outcome="Passed" testListId="8c84fa94-04c1-424b-9868-57a2d4851a1d" relativeResultsDirectory="88297273-3860-4d7e-9a03-f886193cbaa3" />
    <UnitTestResult executionId="64dc4ef1-04bd-4487-938b-717fc3cae7ad" testId="9bd1c538-5b49-0158-94f6-e9be1859d678" testName="FormatToStringTest1000(5876.112133716285d,&quot;5876.11 zł&quot;)" computerName="DESKTOP-5URQ9PB" duration="00:00:00.0000180" startTime="2022-06-13T21:12:51.3308310+02:00" endTime="2022-06-13T21:12:51.3308491+02:00" testType="13cdc9d9-ddb5-4fa4-a97d-d965ccfc6d4b" outcome="Passed" testListId="8c84fa94-04c1-424b-9868-57a2d4851a1d" relativeResultsDirectory="64dc4ef1-04bd-4487-938b-717fc3cae7ad" />
    <UnitTestResult executionId="44967410-61d7-4422-8810-61424ece08b9" testId="0e73995d-338f-84a3-7662-4ba2ece68a21" testName="FormatToStringTest1000(13027.93935961739d,&quot;13027.94 zł&quot;)" computerName="DESKTOP-5URQ9PB" duration="00:00:00.0000190" startTime="2022-06-13T21:12:51.3226644+02:00" endTime="2022-06-13T21:12:51.3226830+02:00" testType="13cdc9d9-ddb5-4fa4-a97d-d965ccfc6d4b" outcome="Passed" testListId="8c84fa94-04c1-424b-9868-57a2d4851a1d" relativeResultsDirectory="44967410-61d7-4422-8810-61424ece08b9" />
    <UnitTestResult executionId="c685e785-e91f-4c2d-9494-d7291b505beb" testId="c0986095-fb5a-1e8a-a8d8-e6dfbaed61c5" testName="FormatToStringTest1000(15742.409864349947d,&quot;15742.41 zł&quot;)" computerName="DESKTOP-5URQ9PB" duration="00:00:00.0000180" startTime="2022-06-13T21:12:51.3247775+02:00" endTime="2022-06-13T21:12:51.3247954+02:00" testType="13cdc9d9-ddb5-4fa4-a97d-d965ccfc6d4b" outcome="Passed" testListId="8c84fa94-04c1-424b-9868-57a2d4851a1d" relativeResultsDirectory="c685e785-e91f-4c2d-9494-d7291b505beb" />
    <UnitTestResult executionId="aaea5598-9afe-4eea-baeb-b27ee674c6c7" testId="897eda60-aa9c-bf46-7037-9c91ac01a451" testName="FormatToStringTest1000(14237.13226245955d,&quot;14237.13 zł&quot;)" computerName="DESKTOP-5URQ9PB" duration="00:00:00.0000210" startTime="2022-06-13T21:12:51.3110603+02:00" endTime="2022-06-13T21:12:51.3110813+02:00" testType="13cdc9d9-ddb5-4fa4-a97d-d965ccfc6d4b" outcome="Passed" testListId="8c84fa94-04c1-424b-9868-57a2d4851a1d" relativeResultsDirectory="aaea5598-9afe-4eea-baeb-b27ee674c6c7" />
    <UnitTestResult executionId="928ea94c-68a9-4a87-b60e-28221882349c" testId="28ae16d9-787d-277c-8346-a2bcbe4da144" testName="FormatToStringTest1000(10914.360814625099d,&quot;10914.36 zł&quot;)" computerName="DESKTOP-5URQ9PB" duration="00:00:00.0000190" startTime="2022-06-13T21:12:51.3106779+02:00" endTime="2022-06-13T21:12:51.3106968+02:00" testType="13cdc9d9-ddb5-4fa4-a97d-d965ccfc6d4b" outcome="Passed" testListId="8c84fa94-04c1-424b-9868-57a2d4851a1d" relativeResultsDirectory="928ea94c-68a9-4a87-b60e-28221882349c" />
    <UnitTestResult executionId="2898b3bb-447e-4e9d-8c6c-9e765387ba39" testId="0a21bad2-cce1-7c33-3af3-a6f4c4389e98" testName="FormatToStringTest1000(79339.95632144621d,&quot;79339.96 zł&quot;)" computerName="DESKTOP-5URQ9PB" duration="00:00:00.0000190" startTime="2022-06-13T21:12:51.3348690+02:00" endTime="2022-06-13T21:12:51.3348874+02:00" testType="13cdc9d9-ddb5-4fa4-a97d-d965ccfc6d4b" outcome="Passed" testListId="8c84fa94-04c1-424b-9868-57a2d4851a1d" relativeResultsDirectory="2898b3bb-447e-4e9d-8c6c-9e765387ba39" />
    <UnitTestResult executionId="a50c1bf8-d799-4dae-84d4-34b6b63da0cf" testId="6fe47bce-1f86-6cf6-afbe-6725ac8bf44c" testName="FormatToStringTest1000(4411.456718280659d,&quot;4411.46 zł&quot;)" computerName="DESKTOP-5URQ9PB" duration="00:00:00.0000180" startTime="2022-06-13T21:12:51.3255432+02:00" endTime="2022-06-13T21:12:51.3255612+02:00" testType="13cdc9d9-ddb5-4fa4-a97d-d965ccfc6d4b" outcome="Passed" testListId="8c84fa94-04c1-424b-9868-57a2d4851a1d" relativeResultsDirectory="a50c1bf8-d799-4dae-84d4-34b6b63da0cf" />
    <UnitTestResult executionId="94a79bae-0579-4ac4-9e2c-b9aad5585f9d" testId="ef8e2842-4b56-3143-8747-c2adcd3e7a1d" testName="FormatToStringTest1000(3907.8681317963024d,&quot;3907.87 zł&quot;)" computerName="DESKTOP-5URQ9PB" duration="00:00:00.0000180" startTime="2022-06-13T21:12:51.3133053+02:00" endTime="2022-06-13T21:12:51.3133230+02:00" testType="13cdc9d9-ddb5-4fa4-a97d-d965ccfc6d4b" outcome="Passed" testListId="8c84fa94-04c1-424b-9868-57a2d4851a1d" relativeResultsDirectory="94a79bae-0579-4ac4-9e2c-b9aad5585f9d" />
    <UnitTestResult executionId="4efc3e51-ad6e-4106-947c-2b8497650bd7" testId="be59208d-36e7-073c-919d-21490848351c" testName="FormatToStringTest1000(6035.818653228608d,&quot;6035.82 zł&quot;)" computerName="DESKTOP-5URQ9PB" duration="00:00:00.0000190" startTime="2022-06-13T21:12:51.3187909+02:00" endTime="2022-06-13T21:12:51.3188093+02:00" testType="13cdc9d9-ddb5-4fa4-a97d-d965ccfc6d4b" outcome="Passed" testListId="8c84fa94-04c1-424b-9868-57a2d4851a1d" relativeResultsDirectory="4efc3e51-ad6e-4106-947c-2b8497650bd7" />
    <UnitTestResult executionId="ae6b6f25-22de-472f-874e-17926ea4e9dc" testId="832e2e19-99a8-b743-8cd7-c0180c963ece" testName="FormatToStringTest1000(5140.16338917155d,&quot;5140.16 zł&quot;)" computerName="DESKTOP-5URQ9PB" duration="00:00:00.0000180" startTime="2022-06-13T21:12:51.3262302+02:00" endTime="2022-06-13T21:12:51.3262482+02:00" testType="13cdc9d9-ddb5-4fa4-a97d-d965ccfc6d4b" outcome="Passed" testListId="8c84fa94-04c1-424b-9868-57a2d4851a1d" relativeResultsDirectory="ae6b6f25-22de-472f-874e-17926ea4e9dc" />
    <UnitTestResult executionId="f472f1fa-e412-4bad-a496-262e3d7638ee" testId="b8e35215-9c02-c225-ebde-5cb2a4f46f94" testName="FormatToStringTest1000(4025.728369236797d,&quot;4025.73 zł&quot;)" computerName="DESKTOP-5URQ9PB" duration="00:00:00.0000180" startTime="2022-06-13T21:12:51.3209513+02:00" endTime="2022-06-13T21:12:51.3209691+02:00" testType="13cdc9d9-ddb5-4fa4-a97d-d965ccfc6d4b" outcome="Passed" testListId="8c84fa94-04c1-424b-9868-57a2d4851a1d" relativeResultsDirectory="f472f1fa-e412-4bad-a496-262e3d7638ee" />
    <UnitTestResult executionId="300db0f1-0af4-49a8-893c-e8b22e1a03b9" testId="c4623a0a-608f-dd08-41f5-750ffba5ed05" testName="FormatToStringTest1000(24695.917440203913d,&quot;24695.92 zł&quot;)" computerName="DESKTOP-5URQ9PB" duration="00:00:00.0000180" startTime="2022-06-13T21:12:51.3245553+02:00" endTime="2022-06-13T21:12:51.3245732+02:00" testType="13cdc9d9-ddb5-4fa4-a97d-d965ccfc6d4b" outcome="Passed" testListId="8c84fa94-04c1-424b-9868-57a2d4851a1d" relativeResultsDirectory="300db0f1-0af4-49a8-893c-e8b22e1a03b9" />
    <UnitTestResult executionId="e24cae0b-3868-452f-8a89-cbb9bfa525a7" testId="bbb038e9-9a9b-9724-0ae6-d339784c9041" testName="FormatToStringTest1000(8644.187977380207d,&quot;8644.19 zł&quot;)" computerName="DESKTOP-5URQ9PB" duration="00:00:00.0000190" startTime="2022-06-13T21:12:51.3301062+02:00" endTime="2022-06-13T21:12:51.3301250+02:00" testType="13cdc9d9-ddb5-4fa4-a97d-d965ccfc6d4b" outcome="Passed" testListId="8c84fa94-04c1-424b-9868-57a2d4851a1d" relativeResultsDirectory="e24cae0b-3868-452f-8a89-cbb9bfa525a7" />
    <UnitTestResult executionId="af922933-f469-4a2b-82ed-485322be0c6c" testId="cee9a7d1-ec49-f6f1-a300-399ccd3bc1b7" testName="FormatToStringTest1000(66019.32414194118d,&quot;66019.32 zł&quot;)" computerName="DESKTOP-5URQ9PB" duration="00:00:00.0000210" startTime="2022-06-13T21:12:51.3112649+02:00" endTime="2022-06-13T21:12:51.3112861+02:00" testType="13cdc9d9-ddb5-4fa4-a97d-d965ccfc6d4b" outcome="Passed" testListId="8c84fa94-04c1-424b-9868-57a2d4851a1d" relativeResultsDirectory="af922933-f469-4a2b-82ed-485322be0c6c" />
    <UnitTestResult executionId="c1dd6917-535b-4cfc-a72c-0f6ab6fa89ae" testId="02239eb7-c4a2-34a6-024f-aeb38f7bff3d" testName="FormatToStringTest1000(22153.282278674324d,&quot;22153.28 zł&quot;)" computerName="DESKTOP-5URQ9PB" duration="00:00:00.0000180" startTime="2022-06-13T21:12:51.3196539+02:00" endTime="2022-06-13T21:12:51.3196718+02:00" testType="13cdc9d9-ddb5-4fa4-a97d-d965ccfc6d4b" outcome="Passed" testListId="8c84fa94-04c1-424b-9868-57a2d4851a1d" relativeResultsDirectory="c1dd6917-535b-4cfc-a72c-0f6ab6fa89ae" />
    <UnitTestResult executionId="04fb8811-8ed1-4641-9bfa-dcad9f7fb2dd" testId="f0585ec3-ae76-b5af-6830-899496ff1fd9" testName="FormatToStringTest1000(2121.0917325211185d,&quot;2121.09 zł&quot;)" computerName="DESKTOP-5URQ9PB" duration="00:00:00.0000190" startTime="2022-06-13T21:12:51.3252195+02:00" endTime="2022-06-13T21:12:51.3252380+02:00" testType="13cdc9d9-ddb5-4fa4-a97d-d965ccfc6d4b" outcome="Passed" testListId="8c84fa94-04c1-424b-9868-57a2d4851a1d" relativeResultsDirectory="04fb8811-8ed1-4641-9bfa-dcad9f7fb2dd" />
    <UnitTestResult executionId="f789563f-f0fa-4d70-b692-e50bae2cc4a6" testId="7e68fea7-1e52-0c32-44b4-1e38c3c836bc" testName="FormatToStringTest1000(66723.3293191657d,&quot;66723.33 zł&quot;)" computerName="DESKTOP-5URQ9PB" duration="00:00:00.0000190" startTime="2022-06-13T21:12:51.3159350+02:00" endTime="2022-06-13T21:12:51.3159539+02:00" testType="13cdc9d9-ddb5-4fa4-a97d-d965ccfc6d4b" outcome="Passed" testListId="8c84fa94-04c1-424b-9868-57a2d4851a1d" relativeResultsDirectory="f789563f-f0fa-4d70-b692-e50bae2cc4a6" />
    <UnitTestResult executionId="9f1bda1a-7b0b-49af-99f1-2e0d8a693c0f" testId="a127d37b-b919-a5a8-4175-7c8816584689" testName="FormatToStringTest1000(61422.228144277455d,&quot;61422.23 zł&quot;)" computerName="DESKTOP-5URQ9PB" duration="00:00:00.0000180" startTime="2022-06-13T21:12:51.3272428+02:00" endTime="2022-06-13T21:12:51.3272606+02:00" testType="13cdc9d9-ddb5-4fa4-a97d-d965ccfc6d4b" outcome="Passed" testListId="8c84fa94-04c1-424b-9868-57a2d4851a1d" relativeResultsDirectory="9f1bda1a-7b0b-49af-99f1-2e0d8a693c0f" />
    <UnitTestResult executionId="ee1a0f59-3ac4-4d8b-bb1c-3bde6b0319a7" testId="acd7d1ab-8336-79e5-b078-d5eb4c962b29" testName="FormatToStringTest1000(16819.974312979717d,&quot;16819.97 zł&quot;)" computerName="DESKTOP-5URQ9PB" duration="00:00:00.0000190" startTime="2022-06-13T21:12:51.3201986+02:00" endTime="2022-06-13T21:12:51.3202175+02:00" testType="13cdc9d9-ddb5-4fa4-a97d-d965ccfc6d4b" outcome="Passed" testListId="8c84fa94-04c1-424b-9868-57a2d4851a1d" relativeResultsDirectory="ee1a0f59-3ac4-4d8b-bb1c-3bde6b0319a7" />
    <UnitTestResult executionId="1b341b1f-2dee-4204-abf6-1aa3c104309c" testId="5c165fdb-5b2a-6ca5-1c7a-4f504d003e95" testName="FormatToStringTest1000(35905.47425787219d,&quot;35905.47 zł&quot;)" computerName="DESKTOP-5URQ9PB" duration="00:00:00.0000180" startTime="2022-06-13T21:12:51.3345298+02:00" endTime="2022-06-13T21:12:51.3345474+02:00" testType="13cdc9d9-ddb5-4fa4-a97d-d965ccfc6d4b" outcome="Passed" testListId="8c84fa94-04c1-424b-9868-57a2d4851a1d" relativeResultsDirectory="1b341b1f-2dee-4204-abf6-1aa3c104309c" />
    <UnitTestResult executionId="66eebdbc-84af-434e-9852-b1b0e0c7faf8" testId="451dabd5-e4bb-ea9d-054e-87b0f58becfa" testName="FormatToStringTest1000(66053.95451852398d,&quot;66053.95 zł&quot;)" computerName="DESKTOP-5URQ9PB" duration="00:00:00.0000180" startTime="2022-06-13T21:12:51.3221157+02:00" endTime="2022-06-13T21:12:51.3221339+02:00" testType="13cdc9d9-ddb5-4fa4-a97d-d965ccfc6d4b" outcome="Passed" testListId="8c84fa94-04c1-424b-9868-57a2d4851a1d" relativeResultsDirectory="66eebdbc-84af-434e-9852-b1b0e0c7faf8" />
    <UnitTestResult executionId="a324538e-7779-46f9-98be-cded0908239d" testId="29503cc7-b010-6825-6d29-1db7cb95143d" testName="FormatToStringTest1000(47256.065730817645d,&quot;47256.07 zł&quot;)" computerName="DESKTOP-5URQ9PB" duration="00:00:00.0000180" startTime="2022-06-13T21:12:51.3161333+02:00" endTime="2022-06-13T21:12:51.3161513+02:00" testType="13cdc9d9-ddb5-4fa4-a97d-d965ccfc6d4b" outcome="Passed" testListId="8c84fa94-04c1-424b-9868-57a2d4851a1d" relativeResultsDirectory="a324538e-7779-46f9-98be-cded0908239d" />
    <UnitTestResult executionId="ff234eea-c836-4382-9f1d-d3fc741461cd" testId="e88588cc-8ef9-e4ad-51dd-2a16e11570f5" testName="FormatToStringTest1000(6809.40195803037d,&quot;6809.40 zł&quot;)" computerName="DESKTOP-5URQ9PB" duration="00:00:00.0001620" startTime="2022-06-13T21:12:51.3104078+02:00" endTime="2022-06-13T21:12:51.3105671+02:00" testType="13cdc9d9-ddb5-4fa4-a97d-d965ccfc6d4b" outcome="Passed" testListId="8c84fa94-04c1-424b-9868-57a2d4851a1d" relativeResultsDirectory="ff234eea-c836-4382-9f1d-d3fc741461cd" />
    <UnitTestResult executionId="d8654b86-7098-40ac-8166-2a43fb247475" testId="a92ca949-d664-bb06-21ee-ed111f1dab55" testName="FormatToStringTest1000(9079.930405251649d,&quot;9079.93 zł&quot;)" computerName="DESKTOP-5URQ9PB" duration="00:00:00.0000180" startTime="2022-06-13T21:12:51.3202977+02:00" endTime="2022-06-13T21:12:51.3203155+02:00" testType="13cdc9d9-ddb5-4fa4-a97d-d965ccfc6d4b" outcome="Passed" testListId="8c84fa94-04c1-424b-9868-57a2d4851a1d" relativeResultsDirectory="d8654b86-7098-40ac-8166-2a43fb247475" />
    <UnitTestResult executionId="c13342a6-c31f-4fa7-abc0-d858d0c3b462" testId="40488d75-026c-550a-6026-e97b07265e5b" testName="FormatToStringTest1000(8802.811382028653d,&quot;8802.81 zł&quot;)" computerName="DESKTOP-5URQ9PB" duration="00:00:00.0000200" startTime="2022-06-13T21:12:51.3163307+02:00" endTime="2022-06-13T21:12:51.3163500+02:00" testType="13cdc9d9-ddb5-4fa4-a97d-d965ccfc6d4b" outcome="Passed" testListId="8c84fa94-04c1-424b-9868-57a2d4851a1d" relativeResultsDirectory="c13342a6-c31f-4fa7-abc0-d858d0c3b462" />
    <UnitTestResult executionId="6f6c21a6-192a-4c78-bb2b-e39c85f92e4e" testId="95bbb276-fcbd-d5d6-e9a9-e6e9fe02935a" testName="FormatToStringTest1000(58191.92113629585d,&quot;58191.92 zł&quot;)" computerName="DESKTOP-5URQ9PB" duration="00:00:00.0000190" startTime="2022-06-13T21:12:51.3266280+02:00" endTime="2022-06-13T21:12:51.3266468+02:00" testType="13cdc9d9-ddb5-4fa4-a97d-d965ccfc6d4b" outcome="Passed" testListId="8c84fa94-04c1-424b-9868-57a2d4851a1d" relativeResultsDirectory="6f6c21a6-192a-4c78-bb2b-e39c85f92e4e" />
    <UnitTestResult executionId="e0bedb4f-3e6a-4d79-b71c-ae6b46be4b5c" testId="4e103de3-4b59-b5f0-90dd-0864019a3e44" testName="FormatToStringTest1000(47163.337736466594d,&quot;47163.34 zł&quot;)" computerName="DESKTOP-5URQ9PB" duration="00:00:00.0000180" startTime="2022-06-13T21:12:51.3337863+02:00" endTime="2022-06-13T21:12:51.3338041+02:00" testType="13cdc9d9-ddb5-4fa4-a97d-d965ccfc6d4b" outcome="Passed" testListId="8c84fa94-04c1-424b-9868-57a2d4851a1d" relativeResultsDirectory="e0bedb4f-3e6a-4d79-b71c-ae6b46be4b5c" />
    <UnitTestResult executionId="c4452b02-7f45-4246-bf9f-b19b7321ccc1" testId="a888e7ea-dbd1-07c6-66f1-9d366fb67e32" testName="FormatToStringTest1000(14712.754747761765d,&quot;14712.75 zł&quot;)" computerName="DESKTOP-5URQ9PB" duration="00:00:00.0000190" startTime="2022-06-13T21:12:51.3303779+02:00" endTime="2022-06-13T21:12:51.3303962+02:00" testType="13cdc9d9-ddb5-4fa4-a97d-d965ccfc6d4b" outcome="Passed" testListId="8c84fa94-04c1-424b-9868-57a2d4851a1d" relativeResultsDirectory="c4452b02-7f45-4246-bf9f-b19b7321ccc1" />
    <UnitTestResult executionId="4b819161-3a64-4e53-940c-638c12e3e0df" testId="0229b587-f980-d1c2-d94e-8ed98bc221a6" testName="FormatToStringTest1000(10775.728533390784d,&quot;10775.73 zł&quot;)" computerName="DESKTOP-5URQ9PB" duration="00:00:00.0000180" startTime="2022-06-13T21:12:51.3223120+02:00" endTime="2022-06-13T21:12:51.3223302+02:00" testType="13cdc9d9-ddb5-4fa4-a97d-d965ccfc6d4b" outcome="Passed" testListId="8c84fa94-04c1-424b-9868-57a2d4851a1d" relativeResultsDirectory="4b819161-3a64-4e53-940c-638c12e3e0df" />
    <UnitTestResult executionId="8f308655-cd67-42b6-9347-089a2e97b5d4" testId="005bc1cf-7a4e-92d9-5bd8-b2bbb383cd58" testName="FormatToStringTest1000(60323.066780431225d,&quot;60323.07 zł&quot;)" computerName="DESKTOP-5URQ9PB" duration="00:00:00.0000190" startTime="2022-06-13T21:12:51.3161815+02:00" endTime="2022-06-13T21:12:51.3162004+02:00" testType="13cdc9d9-ddb5-4fa4-a97d-d965ccfc6d4b" outcome="Passed" testListId="8c84fa94-04c1-424b-9868-57a2d4851a1d" relativeResultsDirectory="8f308655-cd67-42b6-9347-089a2e97b5d4" />
    <UnitTestResult executionId="7b3bb133-9b9f-4544-bc7f-191de3dce192" testId="9e567b4f-5898-461c-b4e9-b51ec60ad377" testName="FormatToStringTest1000(22743.19734205827d,&quot;22743.20 zł&quot;)" computerName="DESKTOP-5URQ9PB" duration="00:00:00.0000180" startTime="2022-06-13T21:12:51.3187178+02:00" endTime="2022-06-13T21:12:51.3187356+02:00" testType="13cdc9d9-ddb5-4fa4-a97d-d965ccfc6d4b" outcome="Passed" testListId="8c84fa94-04c1-424b-9868-57a2d4851a1d" relativeResultsDirectory="7b3bb133-9b9f-4544-bc7f-191de3dce192" />
    <UnitTestResult executionId="18eeacae-fd55-4f78-8cc5-e642417c0e1a" testId="8ea3fac0-98e6-cacb-3107-71ef474d1509" testName="FormatToStringTest1000(675.4589376107133d,&quot;675.46 zł&quot;)" computerName="DESKTOP-5URQ9PB" duration="00:00:00.0000180" startTime="2022-06-13T21:12:51.3328016+02:00" endTime="2022-06-13T21:12:51.3328192+02:00" testType="13cdc9d9-ddb5-4fa4-a97d-d965ccfc6d4b" outcome="Passed" testListId="8c84fa94-04c1-424b-9868-57a2d4851a1d" relativeResultsDirectory="18eeacae-fd55-4f78-8cc5-e642417c0e1a" />
    <UnitTestResult executionId="8ca1de50-701c-45ea-bb9a-4b2e68d1b44d" testId="2a24dcb9-e2e0-3650-3ac7-5ec77389adc1" testName="FormatToStringTest1000(5835.26176155557d,&quot;5835.26 zł&quot;)" computerName="DESKTOP-5URQ9PB" duration="00:00:00.0000180" startTime="2022-06-13T21:12:51.3253182+02:00" endTime="2022-06-13T21:12:51.3253359+02:00" testType="13cdc9d9-ddb5-4fa4-a97d-d965ccfc6d4b" outcome="Passed" testListId="8c84fa94-04c1-424b-9868-57a2d4851a1d" relativeResultsDirectory="8ca1de50-701c-45ea-bb9a-4b2e68d1b44d" />
    <UnitTestResult executionId="553aa99f-36be-4096-b5f4-4c7c84b1cbc6" testId="61eb0848-4e9b-4d1d-2e7a-801bcb7d8307" testName="FormatToStringTest1000(25882.451101077d,&quot;25882.45 zł&quot;)" computerName="DESKTOP-5URQ9PB" duration="00:00:00.0000190" startTime="2022-06-13T21:12:51.3238567+02:00" endTime="2022-06-13T21:12:51.3238752+02:00" testType="13cdc9d9-ddb5-4fa4-a97d-d965ccfc6d4b" outcome="Passed" testListId="8c84fa94-04c1-424b-9868-57a2d4851a1d" relativeResultsDirectory="553aa99f-36be-4096-b5f4-4c7c84b1cbc6" />
    <UnitTestResult executionId="9a9c250c-1a1e-4b71-b8c3-fc9706a4735d" testId="4195877a-ded9-22b8-62f7-465d0dab0554" testName="FormatToStringTest1000(26843.15785584932d,&quot;26843.16 zł&quot;)" computerName="DESKTOP-5URQ9PB" duration="00:00:00.0000190" startTime="2022-06-13T21:12:51.3354853+02:00" endTime="2022-06-13T21:12:51.3355043+02:00" testType="13cdc9d9-ddb5-4fa4-a97d-d965ccfc6d4b" outcome="Passed" testListId="8c84fa94-04c1-424b-9868-57a2d4851a1d" relativeResultsDirectory="9a9c250c-1a1e-4b71-b8c3-fc9706a4735d" />
    <UnitTestResult executionId="b419764d-116d-4ed3-b487-438911fdf163" testId="05be2e04-a7a4-ec81-8b2e-19e4e2cd04d0" testName="FormatToStringTest1000(18490.912787030877d,&quot;18490.91 zł&quot;)" computerName="DESKTOP-5URQ9PB" duration="00:00:00.0000190" startTime="2022-06-13T21:12:51.3288638+02:00" endTime="2022-06-13T21:12:51.3288830+02:00" testType="13cdc9d9-ddb5-4fa4-a97d-d965ccfc6d4b" outcome="Passed" testListId="8c84fa94-04c1-424b-9868-57a2d4851a1d" relativeResultsDirectory="b419764d-116d-4ed3-b487-438911fdf163" />
    <UnitTestResult executionId="e40e2d4d-cf36-40fc-add6-7a672971b092" testId="552b07f7-5957-56bd-9f6c-bbb880d05499" testName="FormatToStringTest1000(27506.397047390416d,&quot;27506.40 zł&quot;)" computerName="DESKTOP-5URQ9PB" duration="00:00:00.0000180" startTime="2022-06-13T21:12:51.3152590+02:00" endTime="2022-06-13T21:12:51.3152771+02:00" testType="13cdc9d9-ddb5-4fa4-a97d-d965ccfc6d4b" outcome="Passed" testListId="8c84fa94-04c1-424b-9868-57a2d4851a1d" relativeResultsDirectory="e40e2d4d-cf36-40fc-add6-7a672971b092" />
    <UnitTestResult executionId="12f21144-ab2c-451f-bf9d-93ff819c878a" testId="49c672b6-6d9d-50cd-ab6b-d47ad2b2d00c" testName="FormatToStringTest1000(44930.92203801075d,&quot;44930.92 zł&quot;)" computerName="DESKTOP-5URQ9PB" duration="00:00:00.0000180" startTime="2022-06-13T21:12:51.3355106+02:00" endTime="2022-06-13T21:12:51.3355284+02:00" testType="13cdc9d9-ddb5-4fa4-a97d-d965ccfc6d4b" outcome="Passed" testListId="8c84fa94-04c1-424b-9868-57a2d4851a1d" relativeResultsDirectory="12f21144-ab2c-451f-bf9d-93ff819c878a" />
    <UnitTestResult executionId="9548e108-1410-49fb-8b5f-aa72e81a7709" testId="a8348a06-7119-4e51-65fc-4cd73de7f6cb" testName="FormatToStringTest1000(48684.26840475959d,&quot;48684.27 zł&quot;)" computerName="DESKTOP-5URQ9PB" duration="00:00:00.0000180" startTime="2022-06-13T21:12:51.3266531+02:00" endTime="2022-06-13T21:12:51.3266710+02:00" testType="13cdc9d9-ddb5-4fa4-a97d-d965ccfc6d4b" outcome="Passed" testListId="8c84fa94-04c1-424b-9868-57a2d4851a1d" relativeResultsDirectory="9548e108-1410-49fb-8b5f-aa72e81a7709" />
    <UnitTestResult executionId="b7298eae-9d8a-4229-a56f-77ea6d39fa32" testId="62b70b12-663c-a906-288d-6817a450e2b9" testName="FormatToStringTest1000(6654.099431086378d,&quot;6654.10 zł&quot;)" computerName="DESKTOP-5URQ9PB" duration="00:00:00.0000190" startTime="2022-06-13T21:12:51.3193305+02:00" endTime="2022-06-13T21:12:51.3193492+02:00" testType="13cdc9d9-ddb5-4fa4-a97d-d965ccfc6d4b" outcome="Passed" testListId="8c84fa94-04c1-424b-9868-57a2d4851a1d" relativeResultsDirectory="b7298eae-9d8a-4229-a56f-77ea6d39fa32" />
    <UnitTestResult executionId="b29561b0-1907-411d-8da8-33abc8ce9da7" testId="cbe7ad88-c615-fcac-7be4-3d317fe5861e" testName="FormatToStringTest1000(41972.39431566763d,&quot;41972.39 zł&quot;)" computerName="DESKTOP-5URQ9PB" duration="00:00:00.0000180" startTime="2022-06-13T21:12:51.3220664+02:00" endTime="2022-06-13T21:12:51.3220843+02:00" testType="13cdc9d9-ddb5-4fa4-a97d-d965ccfc6d4b" outcome="Passed" testListId="8c84fa94-04c1-424b-9868-57a2d4851a1d" relativeResultsDirectory="b29561b0-1907-411d-8da8-33abc8ce9da7" />
    <UnitTestResult executionId="7c85129e-d03e-49a6-893e-9bd1ddd1283c" testId="9ef22620-233d-af50-c838-ed1dcd20ddc6" testName="FormatToStringTest1000(30410.68214617003d,&quot;30410.68 zł&quot;)" computerName="DESKTOP-5URQ9PB" duration="00:00:00.0000190" startTime="2022-06-13T21:12:51.3228639+02:00" endTime="2022-06-13T21:12:51.3228829+02:00" testType="13cdc9d9-ddb5-4fa4-a97d-d965ccfc6d4b" outcome="Passed" testListId="8c84fa94-04c1-424b-9868-57a2d4851a1d" relativeResultsDirectory="7c85129e-d03e-49a6-893e-9bd1ddd1283c" />
    <UnitTestResult executionId="c8786351-f51e-4b2c-8b5b-936a1a967134" testId="03e5974c-7aa0-7aa6-bbeb-a5715ea0d1d7" testName="FormatToStringTest1000(13541.45472935096d,&quot;13541.45 zł&quot;)" computerName="DESKTOP-5URQ9PB" duration="00:00:00.0000190" startTime="2022-06-13T21:12:51.3264556+02:00" endTime="2022-06-13T21:12:51.3264748+02:00" testType="13cdc9d9-ddb5-4fa4-a97d-d965ccfc6d4b" outcome="Passed" testListId="8c84fa94-04c1-424b-9868-57a2d4851a1d" relativeResultsDirectory="c8786351-f51e-4b2c-8b5b-936a1a967134" />
    <UnitTestResult executionId="de778ed0-d7cb-4c38-998a-db75206ab109" testId="be961a03-49b0-93a8-a575-29626617f5f3" testName="FormatToStringTest1000(23023.74724929768d,&quot;23023.75 zł&quot;)" computerName="DESKTOP-5URQ9PB" duration="00:00:00.0000180" startTime="2022-06-13T21:12:51.3249486+02:00" endTime="2022-06-13T21:12:51.3249667+02:00" testType="13cdc9d9-ddb5-4fa4-a97d-d965ccfc6d4b" outcome="Passed" testListId="8c84fa94-04c1-424b-9868-57a2d4851a1d" relativeResultsDirectory="de778ed0-d7cb-4c38-998a-db75206ab109" />
    <UnitTestResult executionId="e0801c6c-4a69-4e5f-afa7-5c71998705cf" testId="f3633ae5-6adc-21ee-2aa1-0609fba8547c" testName="FormatToStringTest1000(37160.85331540269d,&quot;37160.85 zł&quot;)" computerName="DESKTOP-5URQ9PB" duration="00:00:00.0000190" startTime="2022-06-13T21:12:51.3144471+02:00" endTime="2022-06-13T21:12:51.3144654+02:00" testType="13cdc9d9-ddb5-4fa4-a97d-d965ccfc6d4b" outcome="Passed" testListId="8c84fa94-04c1-424b-9868-57a2d4851a1d" relativeResultsDirectory="e0801c6c-4a69-4e5f-afa7-5c71998705cf" />
    <UnitTestResult executionId="d21c99e9-1324-40e2-b99c-07f7f5e4bb9d" testId="2fd4fb21-86aa-48b4-d55c-838ac3bda4eb" testName="FormatToStringTest1000(28579.14698705503d,&quot;28579.15 zł&quot;)" computerName="DESKTOP-5URQ9PB" duration="00:00:00.0000180" startTime="2022-06-13T21:12:51.3268968+02:00" endTime="2022-06-13T21:12:51.3269143+02:00" testType="13cdc9d9-ddb5-4fa4-a97d-d965ccfc6d4b" outcome="Passed" testListId="8c84fa94-04c1-424b-9868-57a2d4851a1d" relativeResultsDirectory="d21c99e9-1324-40e2-b99c-07f7f5e4bb9d" />
    <UnitTestResult executionId="aecbde13-6035-489d-8c29-3565d52d3217" testId="d2a2118e-f836-73de-010f-9e6a0f9038b3" testName="FormatToStringTest1000(16161.963229990548d,&quot;16161.96 zł&quot;)" computerName="DESKTOP-5URQ9PB" duration="00:00:00.0000190" startTime="2022-06-13T21:12:51.3278914+02:00" endTime="2022-06-13T21:12:51.3279098+02:00" testType="13cdc9d9-ddb5-4fa4-a97d-d965ccfc6d4b" outcome="Passed" testListId="8c84fa94-04c1-424b-9868-57a2d4851a1d" relativeResultsDirectory="aecbde13-6035-489d-8c29-3565d52d3217" />
    <UnitTestResult executionId="883fc9a7-85d8-461a-b96d-5eebc9d93c1f" testId="fd8f048e-524e-5d70-1d66-0ffeb121313b" testName="FormatToStringTest1000(7890.044272348771d,&quot;7890.04 zł&quot;)" computerName="DESKTOP-5URQ9PB" duration="00:00:00.0000190" startTime="2022-06-13T21:12:51.3235605+02:00" endTime="2022-06-13T21:12:51.3235791+02:00" testType="13cdc9d9-ddb5-4fa4-a97d-d965ccfc6d4b" outcome="Passed" testListId="8c84fa94-04c1-424b-9868-57a2d4851a1d" relativeResultsDirectory="883fc9a7-85d8-461a-b96d-5eebc9d93c1f" />
    <UnitTestResult executionId="99fa4b56-070f-4fd8-9018-f9db9a238e0d" testId="d8dcd89f-df1d-9e50-f8f8-844883603fea" testName="FormatToStringTest1000(3649.9254912836127d,&quot;3649.93 zł&quot;)" computerName="DESKTOP-5URQ9PB" duration="00:00:00.0000180" startTime="2022-06-13T21:12:51.3351472+02:00" endTime="2022-06-13T21:12:51.3351649+02:00" testType="13cdc9d9-ddb5-4fa4-a97d-d965ccfc6d4b" outcome="Passed" testListId="8c84fa94-04c1-424b-9868-57a2d4851a1d" relativeResultsDirectory="99fa4b56-070f-4fd8-9018-f9db9a238e0d" />
    <UnitTestResult executionId="51deae23-fa5f-469a-a77e-2dad12033fdf" testId="860765f6-59d4-c798-166f-19857f828734" testName="FormatToStringTest1000(53192.79032742269d,&quot;53192.79 zł&quot;)" computerName="DESKTOP-5URQ9PB" duration="00:00:00.0000180" startTime="2022-06-13T21:12:51.3353698+02:00" endTime="2022-06-13T21:12:51.3353876+02:00" testType="13cdc9d9-ddb5-4fa4-a97d-d965ccfc6d4b" outcome="Passed" testListId="8c84fa94-04c1-424b-9868-57a2d4851a1d" relativeResultsDirectory="51deae23-fa5f-469a-a77e-2dad12033fdf" />
    <UnitTestResult executionId="eba764e7-543d-4a62-b926-f68ab68f638a" testId="086ce182-cb7e-9e8c-a794-52547670ad62" testName="FormatToStringTest1000(25084.19182667238d,&quot;25084.19 zł&quot;)" computerName="DESKTOP-5URQ9PB" duration="00:00:00.0000320" startTime="2022-06-13T21:12:51.3321748+02:00" endTime="2022-06-13T21:12:51.3322063+02:00" testType="13cdc9d9-ddb5-4fa4-a97d-d965ccfc6d4b" outcome="Passed" testListId="8c84fa94-04c1-424b-9868-57a2d4851a1d" relativeResultsDirectory="eba764e7-543d-4a62-b926-f68ab68f638a" />
    <UnitTestResult executionId="889ea0dd-45fd-440a-894d-c1a59e285ff6" testId="346c5a09-add8-018f-c767-f4690b937dfb" testName="FormatToStringTest1000(77919.64716867341d,&quot;77919.65 zł&quot;)" computerName="DESKTOP-5URQ9PB" duration="00:00:00.0000180" startTime="2022-06-13T21:12:51.3171282+02:00" endTime="2022-06-13T21:12:51.3171462+02:00" testType="13cdc9d9-ddb5-4fa4-a97d-d965ccfc6d4b" outcome="Passed" testListId="8c84fa94-04c1-424b-9868-57a2d4851a1d" relativeResultsDirectory="889ea0dd-45fd-440a-894d-c1a59e285ff6" />
    <UnitTestResult executionId="240f3912-7354-4424-ae6d-5a24fa7618f6" testId="1ae81526-c34e-30fb-a453-ec950aa3ef1c" testName="FormatToStringTest1000(12903.541202012237d,&quot;12903.54 zł&quot;)" computerName="DESKTOP-5URQ9PB" duration="00:00:00.0000180" startTime="2022-06-13T21:12:51.3177262+02:00" endTime="2022-06-13T21:12:51.3177441+02:00" testType="13cdc9d9-ddb5-4fa4-a97d-d965ccfc6d4b" outcome="Passed" testListId="8c84fa94-04c1-424b-9868-57a2d4851a1d" relativeResultsDirectory="240f3912-7354-4424-ae6d-5a24fa7618f6" />
    <UnitTestResult executionId="9d59441b-5f89-4294-991a-13819da02a52" testId="c2593dce-156b-2236-a515-633fd14dda79" testName="FormatToStringTest1000(16902.50568789314d,&quot;16902.51 zł&quot;)" computerName="DESKTOP-5URQ9PB" duration="00:00:00.0000190" startTime="2022-06-13T21:12:51.3217470+02:00" endTime="2022-06-13T21:12:51.3217655+02:00" testType="13cdc9d9-ddb5-4fa4-a97d-d965ccfc6d4b" outcome="Passed" testListId="8c84fa94-04c1-424b-9868-57a2d4851a1d" relativeResultsDirectory="9d59441b-5f89-4294-991a-13819da02a52" />
    <UnitTestResult executionId="5cc624ee-666d-4da6-861b-1f794e6d520c" testId="b168b1f7-674c-8775-2a66-cf7d7f806851" testName="FormatToStringTest1000(8095.485677032492d,&quot;8095.49 zł&quot;)" computerName="DESKTOP-5URQ9PB" duration="00:00:00.0000180" startTime="2022-06-13T21:12:51.3257147+02:00" endTime="2022-06-13T21:12:51.3257325+02:00" testType="13cdc9d9-ddb5-4fa4-a97d-d965ccfc6d4b" outcome="Passed" testListId="8c84fa94-04c1-424b-9868-57a2d4851a1d" relativeResultsDirectory="5cc624ee-666d-4da6-861b-1f794e6d520c" />
    <UnitTestResult executionId="acc7bcdb-29ab-447e-93ce-62f41d28aa4d" testId="7280bcd5-2dc4-a3f6-24fd-df56e5b00deb" testName="FormatToStringTest1000(22592.465903659566d,&quot;22592.47 zł&quot;)" computerName="DESKTOP-5URQ9PB" duration="00:00:00.0000180" startTime="2022-06-13T21:12:51.3148415+02:00" endTime="2022-06-13T21:12:51.3148593+02:00" testType="13cdc9d9-ddb5-4fa4-a97d-d965ccfc6d4b" outcome="Passed" testListId="8c84fa94-04c1-424b-9868-57a2d4851a1d" relativeResultsDirectory="acc7bcdb-29ab-447e-93ce-62f41d28aa4d" />
    <UnitTestResult executionId="a82d9a97-87c2-46a9-a1c3-5425a32c695e" testId="0cdea9b8-a5e3-2983-1ccb-d986de17659d" testName="FormatToStringTest1000(38904.87092920806d,&quot;38904.87 zł&quot;)" computerName="DESKTOP-5URQ9PB" duration="00:00:00.0000180" startTime="2022-06-13T21:12:51.3251220+02:00" endTime="2022-06-13T21:12:51.3251397+02:00" testType="13cdc9d9-ddb5-4fa4-a97d-d965ccfc6d4b" outcome="Passed" testListId="8c84fa94-04c1-424b-9868-57a2d4851a1d" relativeResultsDirectory="a82d9a97-87c2-46a9-a1c3-5425a32c695e" />
    <UnitTestResult executionId="61fd5d38-152e-41f8-ab3d-80aed3d486a6" testId="87ae11a5-ff33-3fef-0507-0ee3bd82054e" testName="FormatToStringTest1000(7569.605888796322d,&quot;7569.61 zł&quot;)" computerName="DESKTOP-5URQ9PB" duration="00:00:00.0000180" startTime="2022-06-13T21:12:51.3287906+02:00" endTime="2022-06-13T21:12:51.3288083+02:00" testType="13cdc9d9-ddb5-4fa4-a97d-d965ccfc6d4b" outcome="Passed" testListId="8c84fa94-04c1-424b-9868-57a2d4851a1d" relativeResultsDirectory="61fd5d38-152e-41f8-ab3d-80aed3d486a6" />
    <UnitTestResult executionId="bb9fd849-eebd-41d6-ba9c-dab25c29cd51" testId="3c433d09-bfc8-05ae-376b-cff8f69161af" testName="FormatToStringTest1000(63946.51014057478d,&quot;63946.51 zł&quot;)" computerName="DESKTOP-5URQ9PB" duration="00:00:00.0000190" startTime="2022-06-13T21:12:51.3256900+02:00" endTime="2022-06-13T21:12:51.3257084+02:00" testType="13cdc9d9-ddb5-4fa4-a97d-d965ccfc6d4b" outcome="Passed" testListId="8c84fa94-04c1-424b-9868-57a2d4851a1d" relativeResultsDirectory="bb9fd849-eebd-41d6-ba9c-dab25c29cd51" />
    <UnitTestResult executionId="2fe4bb10-eb69-468d-bebe-fcc049aa5a9d" testId="31037d5d-343e-e648-8e6e-7f15567dfff2" testName="FormatToStringTest1000(1662.8482664818168d,&quot;1662.85 zł&quot;)" computerName="DESKTOP-5URQ9PB" duration="00:00:00.0000180" startTime="2022-06-13T21:12:51.3265300+02:00" endTime="2022-06-13T21:12:51.3265479+02:00" testType="13cdc9d9-ddb5-4fa4-a97d-d965ccfc6d4b" outcome="Passed" testListId="8c84fa94-04c1-424b-9868-57a2d4851a1d" relativeResultsDirectory="2fe4bb10-eb69-468d-bebe-fcc049aa5a9d" />
    <UnitTestResult executionId="822a0cd3-6fc6-4b11-a0bd-6495f8c20a80" testId="5d8a1a0c-8ac0-09f0-e7c5-3249de62e9a9" testName="FormatToStringTest1000(23649.104642116046d,&quot;23649.10 zł&quot;)" computerName="DESKTOP-5URQ9PB" duration="00:00:00.0000190" startTime="2022-06-13T21:12:51.3210501+02:00" endTime="2022-06-13T21:12:51.3210684+02:00" testType="13cdc9d9-ddb5-4fa4-a97d-d965ccfc6d4b" outcome="Passed" testListId="8c84fa94-04c1-424b-9868-57a2d4851a1d" relativeResultsDirectory="822a0cd3-6fc6-4b11-a0bd-6495f8c20a80" />
    <UnitTestResult executionId="fb5364f3-f002-4fb7-9142-5b2075816999" testId="e6e7fdd0-b12d-1312-3dc2-3384a5e7d999" testName="FormatToStringTest1000(29539.32303995328d,&quot;29539.32 zł&quot;)" computerName="DESKTOP-5URQ9PB" duration="00:00:00.0000190" startTime="2022-06-13T21:12:51.3216976+02:00" endTime="2022-06-13T21:12:51.3217166+02:00" testType="13cdc9d9-ddb5-4fa4-a97d-d965ccfc6d4b" outcome="Passed" testListId="8c84fa94-04c1-424b-9868-57a2d4851a1d" relativeResultsDirectory="fb5364f3-f002-4fb7-9142-5b2075816999" />
    <UnitTestResult executionId="91f76efd-e3fe-49e4-beca-9984b7a9a0c7" testId="9cea378d-92c3-1f1c-ce51-cbbf77aae662" testName="FormatToStringTest1000(9765.54450809748d,&quot;9765.54 zł&quot;)" computerName="DESKTOP-5URQ9PB" duration="00:00:00.0000190" startTime="2022-06-13T21:12:51.3160088+02:00" endTime="2022-06-13T21:12:51.3160276+02:00" testType="13cdc9d9-ddb5-4fa4-a97d-d965ccfc6d4b" outcome="Passed" testListId="8c84fa94-04c1-424b-9868-57a2d4851a1d" relativeResultsDirectory="91f76efd-e3fe-49e4-beca-9984b7a9a0c7" />
    <UnitTestResult executionId="51ecaa69-8040-4191-9c2c-d23922aaf82d" testId="ddd788b7-fa29-d0c9-c87b-c6974b37dc7d" testName="FormatToStringTest1000(658.7555888573431d,&quot;658.76 zł&quot;)" computerName="DESKTOP-5URQ9PB" duration="00:00:00.0000180" startTime="2022-06-13T21:12:51.3215012+02:00" endTime="2022-06-13T21:12:51.3215191+02:00" testType="13cdc9d9-ddb5-4fa4-a97d-d965ccfc6d4b" outcome="Passed" testListId="8c84fa94-04c1-424b-9868-57a2d4851a1d" relativeResultsDirectory="51ecaa69-8040-4191-9c2c-d23922aaf82d" />
    <UnitTestResult executionId="b7bf93cd-a3bc-40b9-bf44-af1c79ed1d73" testId="5189465c-94b9-c0c3-eb6c-9e0dd907b71f" testName="FormatToStringTest1000(1952.6955147062872d,&quot;1952.70 zł&quot;)" computerName="DESKTOP-5URQ9PB" duration="00:00:00.0000180" startTime="2022-06-13T21:12:51.3206082+02:00" endTime="2022-06-13T21:12:51.3206260+02:00" testType="13cdc9d9-ddb5-4fa4-a97d-d965ccfc6d4b" outcome="Passed" testListId="8c84fa94-04c1-424b-9868-57a2d4851a1d" relativeResultsDirectory="b7bf93cd-a3bc-40b9-bf44-af1c79ed1d73" />
    <UnitTestResult executionId="7caeaf03-1155-435a-a599-75039d3e8a71" testId="84912826-9a40-9d59-76ff-2b9288e04c5b" testName="FormatToStringTest1000(15313.083673952653d,&quot;15313.08 zł&quot;)" computerName="DESKTOP-5URQ9PB" duration="00:00:00.0000180" startTime="2022-06-13T21:12:51.3196048+02:00" endTime="2022-06-13T21:12:51.3196228+02:00" testType="13cdc9d9-ddb5-4fa4-a97d-d965ccfc6d4b" outcome="Passed" testListId="8c84fa94-04c1-424b-9868-57a2d4851a1d" relativeResultsDirectory="7caeaf03-1155-435a-a599-75039d3e8a71" />
    <UnitTestResult executionId="3cd3dbe6-77b1-4277-afac-5b5b9af4938d" testId="e704684d-9f7f-da08-58cf-d52651e9dd96" testName="FormatToStringTest1000(75024.79122970243d,&quot;75024.79 zł&quot;)" computerName="DESKTOP-5URQ9PB" duration="00:00:00.0000190" startTime="2022-06-13T21:12:51.3176016+02:00" endTime="2022-06-13T21:12:51.3176203+02:00" testType="13cdc9d9-ddb5-4fa4-a97d-d965ccfc6d4b" outcome="Passed" testListId="8c84fa94-04c1-424b-9868-57a2d4851a1d" relativeResultsDirectory="3cd3dbe6-77b1-4277-afac-5b5b9af4938d" />
    <UnitTestResult executionId="3915904c-9d90-401a-8eac-ca533a1012e5" testId="a4b13a66-9eee-466b-b0fc-fbf88e46d5b1" testName="FormatToStringTest1000(317.9090540706688d,&quot;317.91 zł&quot;)" computerName="DESKTOP-5URQ9PB" duration="00:00:00.0000190" startTime="2022-06-13T21:12:51.3126194+02:00" endTime="2022-06-13T21:12:51.3126380+02:00" testType="13cdc9d9-ddb5-4fa4-a97d-d965ccfc6d4b" outcome="Passed" testListId="8c84fa94-04c1-424b-9868-57a2d4851a1d" relativeResultsDirectory="3915904c-9d90-401a-8eac-ca533a1012e5" />
    <UnitTestResult executionId="be790547-39e0-4a7c-8527-073e6882514f" testId="b074171d-4bb2-388e-f619-96efeb179b06" testName="FormatToStringTest1000(51632.87002968503d,&quot;51632.87 zł&quot;)" computerName="DESKTOP-5URQ9PB" duration="00:00:00.0000190" startTime="2022-06-13T21:12:51.3170301+02:00" endTime="2022-06-13T21:12:51.3170487+02:00" testType="13cdc9d9-ddb5-4fa4-a97d-d965ccfc6d4b" outcome="Passed" testListId="8c84fa94-04c1-424b-9868-57a2d4851a1d" relativeResultsDirectory="be790547-39e0-4a7c-8527-073e6882514f" />
    <UnitTestResult executionId="bf920157-9305-4694-9330-31ef5871f431" testId="333dd064-5f53-dea9-59e8-b7071262f9e7" testName="FormatToStringTest1000(77904.0088552246d,&quot;77904.01 zł&quot;)" computerName="DESKTOP-5URQ9PB" duration="00:00:00.0000190" startTime="2022-06-13T21:12:51.3129172+02:00" endTime="2022-06-13T21:12:51.3129360+02:00" testType="13cdc9d9-ddb5-4fa4-a97d-d965ccfc6d4b" outcome="Passed" testListId="8c84fa94-04c1-424b-9868-57a2d4851a1d" relativeResultsDirectory="bf920157-9305-4694-9330-31ef5871f431" />
    <UnitTestResult executionId="fea98a67-772a-4863-a1c7-62259bf7a6e4" testId="19b8d5ef-b980-1d42-3f3f-c869dee34ac6" testName="FormatToStringTest1000(73301.91270130403d,&quot;73301.91 zł&quot;)" computerName="DESKTOP-5URQ9PB" duration="00:00:00.0000230" startTime="2022-06-13T21:12:51.3304025+02:00" endTime="2022-06-13T21:12:51.3304250+02:00" testType="13cdc9d9-ddb5-4fa4-a97d-d965ccfc6d4b" outcome="Passed" testListId="8c84fa94-04c1-424b-9868-57a2d4851a1d" relativeResultsDirectory="fea98a67-772a-4863-a1c7-62259bf7a6e4" />
    <UnitTestResult executionId="637b4f33-95a0-4b42-92b2-3860c8783e01" testId="314b7968-8280-3c06-cc8d-95ee97af36dd" testName="FormatToStringTest1000(1898.24149096489d,&quot;1898.24 zł&quot;)" computerName="DESKTOP-5URQ9PB" duration="00:00:00.0000190" startTime="2022-06-13T21:12:51.3289134+02:00" endTime="2022-06-13T21:12:51.3289317+02:00" testType="13cdc9d9-ddb5-4fa4-a97d-d965ccfc6d4b" outcome="Passed" testListId="8c84fa94-04c1-424b-9868-57a2d4851a1d" relativeResultsDirectory="637b4f33-95a0-4b42-92b2-3860c8783e01" />
    <UnitTestResult executionId="c7c68a53-5ac9-4e7d-9005-42b4d155ae71" testId="f113347a-114d-883f-0643-fe2e125f5daa" testName="FormatToStringTest1000(16402.16316587206d,&quot;16402.16 zł&quot;)" computerName="DESKTOP-5URQ9PB" duration="00:00:00.0000180" startTime="2022-06-13T21:12:51.3221401+02:00" endTime="2022-06-13T21:12:51.3221581+02:00" testType="13cdc9d9-ddb5-4fa4-a97d-d965ccfc6d4b" outcome="Passed" testListId="8c84fa94-04c1-424b-9868-57a2d4851a1d" relativeResultsDirectory="c7c68a53-5ac9-4e7d-9005-42b4d155ae71" />
    <UnitTestResult executionId="04573013-bea2-4714-918a-b65e639cdf49" testId="47ec5c64-268b-824f-d637-17f43470b17c" testName="FormatToStringTest1000(12283.48626129026d,&quot;12283.49 zł&quot;)" computerName="DESKTOP-5URQ9PB" duration="00:00:00.0000190" startTime="2022-06-13T21:12:51.3195067+02:00" endTime="2022-06-13T21:12:51.3195251+02:00" testType="13cdc9d9-ddb5-4fa4-a97d-d965ccfc6d4b" outcome="Passed" testListId="8c84fa94-04c1-424b-9868-57a2d4851a1d" relativeResultsDirectory="04573013-bea2-4714-918a-b65e639cdf49" />
    <UnitTestResult executionId="493ba8a7-4071-4054-9ddb-b30d8c8b57f1" testId="0bcee855-d67d-6b06-b494-da6df454ba12" testName="FormatToStringTest1000(19208.676036795914d,&quot;19208.68 zł&quot;)" computerName="DESKTOP-5URQ9PB" duration="00:00:00.0000180" startTime="2022-06-13T21:12:51.3274687+02:00" endTime="2022-06-13T21:12:51.3274869+02:00" testType="13cdc9d9-ddb5-4fa4-a97d-d965ccfc6d4b" outcome="Passed" testListId="8c84fa94-04c1-424b-9868-57a2d4851a1d" relativeResultsDirectory="493ba8a7-4071-4054-9ddb-b30d8c8b57f1" />
    <UnitTestResult executionId="755e7061-cbc1-43d4-b253-3120eded5602" testId="7422afbf-8dc8-2993-87d6-1f702a4bc862" testName="FormatToStringTest1000(6027.66019266828d,&quot;6027.66 zł&quot;)" computerName="DESKTOP-5URQ9PB" duration="00:00:00.0000190" startTime="2022-06-13T21:12:51.3312787+02:00" endTime="2022-06-13T21:12:51.3312976+02:00" testType="13cdc9d9-ddb5-4fa4-a97d-d965ccfc6d4b" outcome="Passed" testListId="8c84fa94-04c1-424b-9868-57a2d4851a1d" relativeResultsDirectory="755e7061-cbc1-43d4-b253-3120eded5602" />
    <UnitTestResult executionId="3fa575f2-8d8c-4c8a-8fba-facfa6a7a4eb" testId="0978a2bb-d483-0479-bb70-260f687971c0" testName="FormatToStringTest1000(17031.365705376662d,&quot;17031.37 zł&quot;)" computerName="DESKTOP-5URQ9PB" duration="00:00:00.0000180" startTime="2022-06-13T21:12:51.3216495+02:00" endTime="2022-06-13T21:12:51.3216672+02:00" testType="13cdc9d9-ddb5-4fa4-a97d-d965ccfc6d4b" outcome="Passed" testListId="8c84fa94-04c1-424b-9868-57a2d4851a1d" relativeResultsDirectory="3fa575f2-8d8c-4c8a-8fba-facfa6a7a4eb" />
    <UnitTestResult executionId="9b633663-5dfa-49ce-8402-42dd21801b9f" testId="979cd04b-5e93-d632-87b5-a20161444816" testName="FormatToStringTest1000(14035.12972514477d,&quot;14035.13 zł&quot;)" computerName="DESKTOP-5URQ9PB" duration="00:00:00.0000180" startTime="2022-06-13T21:12:51.3147429+02:00" endTime="2022-06-13T21:12:51.3147608+02:00" testType="13cdc9d9-ddb5-4fa4-a97d-d965ccfc6d4b" outcome="Passed" testListId="8c84fa94-04c1-424b-9868-57a2d4851a1d" relativeResultsDirectory="9b633663-5dfa-49ce-8402-42dd21801b9f" />
    <UnitTestResult executionId="168afe30-23b9-46aa-8c31-658bf1a51d14" testId="decab755-c41c-98a8-9dd2-05d18e8ecb05" testName="FormatToStringTest1000(397.6461894566408d,&quot;397.65 zł&quot;)" computerName="DESKTOP-5URQ9PB" duration="00:00:00.0000190" startTime="2022-06-13T21:12:51.3312039+02:00" endTime="2022-06-13T21:12:51.3312224+02:00" testType="13cdc9d9-ddb5-4fa4-a97d-d965ccfc6d4b" outcome="Passed" testListId="8c84fa94-04c1-424b-9868-57a2d4851a1d" relativeResultsDirectory="168afe30-23b9-46aa-8c31-658bf1a51d14" />
    <UnitTestResult executionId="1123f554-bc78-4ab6-940d-29a5a8cc9dc0" testId="e0f11812-ae84-56fe-380e-aa4471665fb8" testName="FormatToStringTest1000(16511.26921423537d,&quot;16511.27 zł&quot;)" computerName="DESKTOP-5URQ9PB" duration="00:00:00.0000180" startTime="2022-06-13T21:12:51.3336152+02:00" endTime="2022-06-13T21:12:51.3336328+02:00" testType="13cdc9d9-ddb5-4fa4-a97d-d965ccfc6d4b" outcome="Passed" testListId="8c84fa94-04c1-424b-9868-57a2d4851a1d" relativeResultsDirectory="1123f554-bc78-4ab6-940d-29a5a8cc9dc0" />
    <UnitTestResult executionId="7bf24f22-372e-45a6-87fb-7c85a1c25e65" testId="3222b798-5ed7-0031-3bc4-2349d5773662" testName="FormatToStringTest1000(19933.78650940945d,&quot;19933.79 zł&quot;)" computerName="DESKTOP-5URQ9PB" duration="00:00:00.0000180" startTime="2022-06-13T21:12:51.3330716+02:00" endTime="2022-06-13T21:12:51.3330895+02:00" testType="13cdc9d9-ddb5-4fa4-a97d-d965ccfc6d4b" outcome="Passed" testListId="8c84fa94-04c1-424b-9868-57a2d4851a1d" relativeResultsDirectory="7bf24f22-372e-45a6-87fb-7c85a1c25e65" />
    <UnitTestResult executionId="e21bc3b6-657a-4991-81e1-2b8ebda4bc1f" testId="2ae061eb-7306-c193-04ca-269456b3b20b" testName="FormatToStringTest1000(12871.381729632794d,&quot;12871.38 zł&quot;)" computerName="DESKTOP-5URQ9PB" duration="00:00:00.0000200" startTime="2022-06-13T21:12:51.3164358+02:00" endTime="2022-06-13T21:12:51.3164554+02:00" testType="13cdc9d9-ddb5-4fa4-a97d-d965ccfc6d4b" outcome="Passed" testListId="8c84fa94-04c1-424b-9868-57a2d4851a1d" relativeResultsDirectory="e21bc3b6-657a-4991-81e1-2b8ebda4bc1f" />
    <UnitTestResult executionId="b8a8b64a-b8a0-470a-982a-b5fb65d36f0c" testId="3fdf9576-9d1e-7734-64c7-98030c7feb4a" testName="FormatToStringTest1000(10461.455048841171d,&quot;10461.46 zł&quot;)" computerName="DESKTOP-5URQ9PB" duration="00:00:00.0000190" startTime="2022-06-13T21:12:51.3196781+02:00" endTime="2022-06-13T21:12:51.3196971+02:00" testType="13cdc9d9-ddb5-4fa4-a97d-d965ccfc6d4b" outcome="Passed" testListId="8c84fa94-04c1-424b-9868-57a2d4851a1d" relativeResultsDirectory="b8a8b64a-b8a0-470a-982a-b5fb65d36f0c" />
    <UnitTestResult executionId="5b778679-3bcc-4116-bf68-43bf2548c9a0" testId="a9f22fa3-b7d2-f6d4-3197-1e8215934f1f" testName="FormatToStringTest1000(65947.64520381515d,&quot;65947.65 zł&quot;)" computerName="DESKTOP-5URQ9PB" duration="00:00:00.0000190" startTime="2022-06-13T21:12:51.3235359+02:00" endTime="2022-06-13T21:12:51.3235542+02:00" testType="13cdc9d9-ddb5-4fa4-a97d-d965ccfc6d4b" outcome="Passed" testListId="8c84fa94-04c1-424b-9868-57a2d4851a1d" relativeResultsDirectory="5b778679-3bcc-4116-bf68-43bf2548c9a0" />
    <UnitTestResult executionId="5dcd38c1-e05d-4675-8eef-16bdc8269ccb" testId="a01cdd42-8e33-6253-38cb-1cb271d958f4" testName="FormatToStringTest1000(34084.19497795599d,&quot;34084.19 zł&quot;)" computerName="DESKTOP-5URQ9PB" duration="00:00:00.0000220" startTime="2022-06-13T21:12:51.3350939+02:00" endTime="2022-06-13T21:12:51.3351159+02:00" testType="13cdc9d9-ddb5-4fa4-a97d-d965ccfc6d4b" outcome="Passed" testListId="8c84fa94-04c1-424b-9868-57a2d4851a1d" relativeResultsDirectory="5dcd38c1-e05d-4675-8eef-16bdc8269ccb" />
    <UnitTestResult executionId="60b831db-85d6-4c4f-af65-e394280f722b" testId="24a1bb0d-d69a-de21-49e4-5bbbeaac5021" testName="FormatToStringTest1000(19882.647973500494d,&quot;19882.65 zł&quot;)" computerName="DESKTOP-5URQ9PB" duration="00:00:00.0000180" startTime="2022-06-13T21:12:51.3272915+02:00" endTime="2022-06-13T21:12:51.3273094+02:00" testType="13cdc9d9-ddb5-4fa4-a97d-d965ccfc6d4b" outcome="Passed" testListId="8c84fa94-04c1-424b-9868-57a2d4851a1d" relativeResultsDirectory="60b831db-85d6-4c4f-af65-e394280f722b" />
    <UnitTestResult executionId="0372a078-80a9-4260-974b-d6b29204ca28" testId="5f61ffa8-be4c-5cf6-d406-18781222cb59" testName="FormatToStringTest1000(7975.276658828965d,&quot;7975.28 zł&quot;)" computerName="DESKTOP-5URQ9PB" duration="00:00:00.0000190" startTime="2022-06-13T21:12:51.3234359+02:00" endTime="2022-06-13T21:12:51.3234543+02:00" testType="13cdc9d9-ddb5-4fa4-a97d-d965ccfc6d4b" outcome="Passed" testListId="8c84fa94-04c1-424b-9868-57a2d4851a1d" relativeResultsDirectory="0372a078-80a9-4260-974b-d6b29204ca28" />
    <UnitTestResult executionId="15174dcc-3a63-410d-9680-48c2daa44ee6" testId="e0c95d42-cf00-fbc7-42ac-a320fc125b1e" testName="FormatToStringTest1000(35784.54232617307d,&quot;35784.54 zł&quot;)" computerName="DESKTOP-5URQ9PB" duration="00:00:00.0000180" startTime="2022-06-13T21:12:51.3113690+02:00" endTime="2022-06-13T21:12:51.3113873+02:00" testType="13cdc9d9-ddb5-4fa4-a97d-d965ccfc6d4b" outcome="Passed" testListId="8c84fa94-04c1-424b-9868-57a2d4851a1d" relativeResultsDirectory="15174dcc-3a63-410d-9680-48c2daa44ee6" />
    <UnitTestResult executionId="c5e44ec5-30a5-4c02-ba5d-0062bcd7ca35" testId="cfb2439a-56a0-7de3-f9a2-8d326d2ccf14" testName="FormatToStringTest1000(50585.83664522778d,&quot;50585.84 zł&quot;)" computerName="DESKTOP-5URQ9PB" duration="00:00:00.0000190" startTime="2022-06-13T21:12:51.3225636+02:00" endTime="2022-06-13T21:12:51.3225824+02:00" testType="13cdc9d9-ddb5-4fa4-a97d-d965ccfc6d4b" outcome="Passed" testListId="8c84fa94-04c1-424b-9868-57a2d4851a1d" relativeResultsDirectory="c5e44ec5-30a5-4c02-ba5d-0062bcd7ca35" />
    <UnitTestResult executionId="fbeb7cee-223b-4d37-b34f-111d6aaa171f" testId="cd871e9d-7935-e907-4a89-0e7db877a7c7" testName="FormatToStringTest1000(14475.498583194567d,&quot;14475.50 zł&quot;)" computerName="DESKTOP-5URQ9PB" duration="00:00:00.0000190" startTime="2022-06-13T21:12:51.3332908+02:00" endTime="2022-06-13T21:12:51.3333092+02:00" testType="13cdc9d9-ddb5-4fa4-a97d-d965ccfc6d4b" outcome="Passed" testListId="8c84fa94-04c1-424b-9868-57a2d4851a1d" relativeResultsDirectory="fbeb7cee-223b-4d37-b34f-111d6aaa171f" />
    <UnitTestResult executionId="487623c0-9124-455f-b195-f30d81dea7c4" testId="aa4e492c-9871-e494-8afc-2e1c32042c9f" testName="FormatToStringTest1000(16129.507288814293d,&quot;16129.51 zł&quot;)" computerName="DESKTOP-5URQ9PB" duration="00:00:00.0000180" startTime="2022-06-13T21:12:51.3213728+02:00" endTime="2022-06-13T21:12:51.3213909+02:00" testType="13cdc9d9-ddb5-4fa4-a97d-d965ccfc6d4b" outcome="Passed" testListId="8c84fa94-04c1-424b-9868-57a2d4851a1d" relativeResultsDirectory="487623c0-9124-455f-b195-f30d81dea7c4" />
    <UnitTestResult executionId="95f55277-59db-4585-9aae-2bf302870318" testId="0351f469-7ff9-52d3-3d77-92c2f3051f1e" testName="FormatToStringTest1000(46590.9609819562d,&quot;46590.96 zł&quot;)" computerName="DESKTOP-5URQ9PB" duration="00:00:00.0000180" startTime="2022-06-13T21:12:51.3166096+02:00" endTime="2022-06-13T21:12:51.3166276+02:00" testType="13cdc9d9-ddb5-4fa4-a97d-d965ccfc6d4b" outcome="Passed" testListId="8c84fa94-04c1-424b-9868-57a2d4851a1d" relativeResultsDirectory="95f55277-59db-4585-9aae-2bf302870318" />
    <UnitTestResult executionId="40d064cd-e6c5-4b41-a262-a31ed5ae7fca" testId="8d4b1df1-395e-a801-f732-9563464d225f" testName="FormatToStringTest1000(70581.91150977784d,&quot;70581.91 zł&quot;)" computerName="DESKTOP-5URQ9PB" duration="00:00:00.0000190" startTime="2022-06-13T21:12:51.3245306+02:00" endTime="2022-06-13T21:12:51.3245490+02:00" testType="13cdc9d9-ddb5-4fa4-a97d-d965ccfc6d4b" outcome="Passed" testListId="8c84fa94-04c1-424b-9868-57a2d4851a1d" relativeResultsDirectory="40d064cd-e6c5-4b41-a262-a31ed5ae7fca" />
    <UnitTestResult executionId="e1f346e7-893e-432c-ac3e-8945c2d5c236" testId="1ea79024-ef1b-d483-be8e-220bc24bf693" testName="FormatToStringTest1000(835.1578487740633d,&quot;835.16 zł&quot;)" computerName="DESKTOP-5URQ9PB" duration="00:00:00.0000190" startTime="2022-06-13T21:12:51.3245055+02:00" endTime="2022-06-13T21:12:51.3245242+02:00" testType="13cdc9d9-ddb5-4fa4-a97d-d965ccfc6d4b" outcome="Passed" testListId="8c84fa94-04c1-424b-9868-57a2d4851a1d" relativeResultsDirectory="e1f346e7-893e-432c-ac3e-8945c2d5c236" />
    <UnitTestResult executionId="55b3542d-fc90-48d8-9a34-718089b978ea" testId="74b92fed-1c7d-84ea-101d-b4ba0f959527" testName="FormatToStringTest1000(1814.7218118955948d,&quot;1814.72 zł&quot;)" computerName="DESKTOP-5URQ9PB" duration="00:00:00.0000180" startTime="2022-06-13T21:12:51.3343021+02:00" endTime="2022-06-13T21:12:51.3343198+02:00" testType="13cdc9d9-ddb5-4fa4-a97d-d965ccfc6d4b" outcome="Passed" testListId="8c84fa94-04c1-424b-9868-57a2d4851a1d" relativeResultsDirectory="55b3542d-fc90-48d8-9a34-718089b978ea" />
    <UnitTestResult executionId="73120c0f-aa5d-42b5-8684-6aa31fc7a662" testId="b34ac9b1-7b20-291d-6caf-28aeffc4e30f" testName="FormatToStringTest1000(52810.91713865516d,&quot;52810.92 zł&quot;)" computerName="DESKTOP-5URQ9PB" duration="00:00:00.0000190" startTime="2022-06-13T21:12:51.3107287+02:00" endTime="2022-06-13T21:12:51.3107476+02:00" testType="13cdc9d9-ddb5-4fa4-a97d-d965ccfc6d4b" outcome="Passed" testListId="8c84fa94-04c1-424b-9868-57a2d4851a1d" relativeResultsDirectory="73120c0f-aa5d-42b5-8684-6aa31fc7a662" />
    <UnitTestResult executionId="1168e5fb-8d4d-4b54-a15f-1e21ea40000e" testId="454ead38-c2a8-9597-7b1c-dc862a589e0e" testName="FormatToStringTest1000(6665.405372488035d,&quot;6665.41 zł&quot;)" computerName="DESKTOP-5URQ9PB" duration="00:00:00.0000230" startTime="2022-06-13T21:12:51.3213973+02:00" endTime="2022-06-13T21:12:51.3214199+02:00" testType="13cdc9d9-ddb5-4fa4-a97d-d965ccfc6d4b" outcome="Passed" testListId="8c84fa94-04c1-424b-9868-57a2d4851a1d" relativeResultsDirectory="1168e5fb-8d4d-4b54-a15f-1e21ea40000e" />
    <UnitTestResult executionId="97c67004-fea2-4918-9aa4-21f3abff4c6b" testId="47a34375-592d-8cb5-ab77-ab4cd5ff1ae6" testName="FormatToStringTest1000(22330.217605518745d,&quot;22330.22 zł&quot;)" computerName="DESKTOP-5URQ9PB" duration="00:00:00.0000180" startTime="2022-06-13T21:12:51.3348209+02:00" endTime="2022-06-13T21:12:51.3348386+02:00" testType="13cdc9d9-ddb5-4fa4-a97d-d965ccfc6d4b" outcome="Passed" testListId="8c84fa94-04c1-424b-9868-57a2d4851a1d" relativeResultsDirectory="97c67004-fea2-4918-9aa4-21f3abff4c6b" />
    <UnitTestResult executionId="223fb7cb-6cea-4277-a0ab-115aa056cc38" testId="c1b72bec-54e9-d72c-529e-b6b9932bdb7f" testName="FormatToStringTest1000(30360.993128030557d,&quot;30360.99 zł&quot;)" computerName="DESKTOP-5URQ9PB" duration="00:00:00.0000180" startTime="2022-06-13T21:12:51.3353938+02:00" endTime="2022-06-13T21:12:51.3354121+02:00" testType="13cdc9d9-ddb5-4fa4-a97d-d965ccfc6d4b" outcome="Passed" testListId="8c84fa94-04c1-424b-9868-57a2d4851a1d" relativeResultsDirectory="223fb7cb-6cea-4277-a0ab-115aa056cc38" />
    <UnitTestResult executionId="13810ec7-9ad4-46cf-b225-4a5ffeeacb8c" testId="9aef4d88-299a-c26b-3a27-57af3cba67d3" testName="FormatToStringTest1000(10527.083945901639d,&quot;10527.08 zł&quot;)" computerName="DESKTOP-5URQ9PB" duration="00:00:00.0000180" startTime="2022-06-13T21:12:51.3297125+02:00" endTime="2022-06-13T21:12:51.3297305+02:00" testType="13cdc9d9-ddb5-4fa4-a97d-d965ccfc6d4b" outcome="Passed" testListId="8c84fa94-04c1-424b-9868-57a2d4851a1d" relativeResultsDirectory="13810ec7-9ad4-46cf-b225-4a5ffeeacb8c" />
    <UnitTestResult executionId="f8e0976b-0b4f-4a76-824e-496411912687" testId="eb615c68-e5d1-28d7-b038-0571a7587ad1" testName="FormatToStringTest1000(7396.940188290057d,&quot;7396.94 zł&quot;)" computerName="DESKTOP-5URQ9PB" duration="00:00:00.0000180" startTime="2022-06-13T21:12:51.3341802+02:00" endTime="2022-06-13T21:12:51.3341984+02:00" testType="13cdc9d9-ddb5-4fa4-a97d-d965ccfc6d4b" outcome="Passed" testListId="8c84fa94-04c1-424b-9868-57a2d4851a1d" relativeResultsDirectory="f8e0976b-0b4f-4a76-824e-496411912687" />
    <UnitTestResult executionId="a555a110-2a2f-460b-b90c-f5c7f78a8326" testId="21f5ba92-f354-bb76-94e2-2214000ea5b9" testName="FormatToStringTest1000(7592.950837113406d,&quot;7592.95 zł&quot;)" computerName="DESKTOP-5URQ9PB" duration="00:00:00.0000210" startTime="2022-06-13T21:12:51.3131176+02:00" endTime="2022-06-13T21:12:51.3131387+02:00" testType="13cdc9d9-ddb5-4fa4-a97d-d965ccfc6d4b" outcome="Passed" testListId="8c84fa94-04c1-424b-9868-57a2d4851a1d" relativeResultsDirectory="a555a110-2a2f-460b-b90c-f5c7f78a8326" />
    <UnitTestResult executionId="a634730a-3fab-4176-9663-aa24cbd2b7e2" testId="cbe18909-6635-9aa1-a38f-17a524fe9aa1" testName="FormatToStringTest1000(9097.395563790293d,&quot;9097.40 zł&quot;)" computerName="DESKTOP-5URQ9PB" duration="00:00:00.0000180" startTime="2022-06-13T21:12:51.3306810+02:00" endTime="2022-06-13T21:12:51.3306990+02:00" testType="13cdc9d9-ddb5-4fa4-a97d-d965ccfc6d4b" outcome="Passed" testListId="8c84fa94-04c1-424b-9868-57a2d4851a1d" relativeResultsDirectory="a634730a-3fab-4176-9663-aa24cbd2b7e2" />
    <UnitTestResult executionId="87004832-c328-4e0c-985a-f709bfaf229d" testId="88670780-e590-ffb1-3bdf-7b575a4d5fc5" testName="FormatToStringTest1000(57436.33241095409d,&quot;57436.33 zł&quot;)" computerName="DESKTOP-5URQ9PB" duration="00:00:00.0000180" startTime="2022-06-13T21:12:51.3184962+02:00" endTime="2022-06-13T21:12:51.3185143+02:00" testType="13cdc9d9-ddb5-4fa4-a97d-d965ccfc6d4b" outcome="Passed" testListId="8c84fa94-04c1-424b-9868-57a2d4851a1d" relativeResultsDirectory="87004832-c328-4e0c-985a-f709bfaf229d" />
    <UnitTestResult executionId="2621b43d-49bc-4c7c-ba8d-2e559e4a3470" testId="3d8d8c47-dc22-599d-26af-f64601981b29" testName="FormatToStringTest1000(27751.474436297303d,&quot;27751.47 zł&quot;)" computerName="DESKTOP-5URQ9PB" duration="00:00:00.0000180" startTime="2022-06-13T21:12:51.3286190+02:00" endTime="2022-06-13T21:12:51.3286370+02:00" testType="13cdc9d9-ddb5-4fa4-a97d-d965ccfc6d4b" outcome="Passed" testListId="8c84fa94-04c1-424b-9868-57a2d4851a1d" relativeResultsDirectory="2621b43d-49bc-4c7c-ba8d-2e559e4a3470" />
    <UnitTestResult executionId="687b33a9-1730-4f0a-ac31-af22e0199bdf" testId="c11f5a85-86bf-cab1-9d9a-33069c6ff139" testName="FormatToStringTest1000(6550.421588937948d,&quot;6550.42 zł&quot;)" computerName="DESKTOP-5URQ9PB" duration="00:00:00.0000190" startTime="2022-06-13T21:12:51.3309298+02:00" endTime="2022-06-13T21:12:51.3309484+02:00" testType="13cdc9d9-ddb5-4fa4-a97d-d965ccfc6d4b" outcome="Passed" testListId="8c84fa94-04c1-424b-9868-57a2d4851a1d" relativeResultsDirectory="687b33a9-1730-4f0a-ac31-af22e0199bdf" />
    <UnitTestResult executionId="b3930d37-95cb-4bed-bc20-2719686bb596" testId="0dc215f9-ced3-1d40-e986-2ebe86240f13" testName="FormatToStringTest1000(44869.327020554025d,&quot;44869.33 zł&quot;)" computerName="DESKTOP-5URQ9PB" duration="00:00:00.0000180" startTime="2022-06-13T21:12:51.3138768+02:00" endTime="2022-06-13T21:12:51.3138943+02:00" testType="13cdc9d9-ddb5-4fa4-a97d-d965ccfc6d4b" outcome="Passed" testListId="8c84fa94-04c1-424b-9868-57a2d4851a1d" relativeResultsDirectory="b3930d37-95cb-4bed-bc20-2719686bb596" />
    <UnitTestResult executionId="18ccb881-365f-400c-a4dd-8f82777efab5" testId="52456efe-2b4c-e54c-a102-5bc9bc1cc7f8" testName="FormatToStringTest1000(73372.53853826903d,&quot;73372.54 zł&quot;)" computerName="DESKTOP-5URQ9PB" duration="00:00:00.0000180" startTime="2022-06-13T21:12:51.3171040+02:00" endTime="2022-06-13T21:12:51.3171220+02:00" testType="13cdc9d9-ddb5-4fa4-a97d-d965ccfc6d4b" outcome="Passed" testListId="8c84fa94-04c1-424b-9868-57a2d4851a1d" relativeResultsDirectory="18ccb881-365f-400c-a4dd-8f82777efab5" />
    <UnitTestResult executionId="a81ad1fd-cbb6-47d3-8cf7-8735e48bd1d3" testId="f4a21ccd-5b4f-d613-e7b9-440db30d38e4" testName="FormatToStringTest1000(48449.85582609189d,&quot;48449.86 zł&quot;)" computerName="DESKTOP-5URQ9PB" duration="00:00:00.0000180" startTime="2022-06-13T21:12:51.3254944+02:00" endTime="2022-06-13T21:12:51.3255121+02:00" testType="13cdc9d9-ddb5-4fa4-a97d-d965ccfc6d4b" outcome="Passed" testListId="8c84fa94-04c1-424b-9868-57a2d4851a1d" relativeResultsDirectory="a81ad1fd-cbb6-47d3-8cf7-8735e48bd1d3" />
    <UnitTestResult executionId="70ed51d5-57a7-48c7-8863-5cc01335007f" testId="3f7d9e9c-5ad3-f161-b9fe-a5f6a9ab40b4" testName="FormatToStringTest1000(18208.8422650126d,&quot;18208.84 zł&quot;)" computerName="DESKTOP-5URQ9PB" duration="00:00:00.0000180" startTime="2022-06-13T21:12:51.3170060+02:00" endTime="2022-06-13T21:12:51.3170238+02:00" testType="13cdc9d9-ddb5-4fa4-a97d-d965ccfc6d4b" outcome="Passed" testListId="8c84fa94-04c1-424b-9868-57a2d4851a1d" relativeResultsDirectory="70ed51d5-57a7-48c7-8863-5cc01335007f" />
    <UnitTestResult executionId="e1f5c70c-e24f-4df8-9b52-c02b6156ae62" testId="7bf7f3ca-374b-b9a9-53c4-47a8ad354e7e" testName="FormatToStringTest1000(6220.182014914314d,&quot;6220.18 zł&quot;)" computerName="DESKTOP-5URQ9PB" duration="00:00:00.0000180" startTime="2022-06-13T21:12:51.3268236+02:00" endTime="2022-06-13T21:12:51.3268414+02:00" testType="13cdc9d9-ddb5-4fa4-a97d-d965ccfc6d4b" outcome="Passed" testListId="8c84fa94-04c1-424b-9868-57a2d4851a1d" relativeResultsDirectory="e1f5c70c-e24f-4df8-9b52-c02b6156ae62" />
    <UnitTestResult executionId="efad6580-7f23-4f2e-bc2a-6497f0026d0e" testId="7be4f16e-73d9-91a8-2b92-68f269673cb9" testName="FormatToStringTest1000(19463.08761954917d,&quot;19463.09 zł&quot;)" computerName="DESKTOP-5URQ9PB" duration="00:00:00.0000180" startTime="2022-06-13T21:12:51.3240054+02:00" endTime="2022-06-13T21:12:51.3240235+02:00" testType="13cdc9d9-ddb5-4fa4-a97d-d965ccfc6d4b" outcome="Passed" testListId="8c84fa94-04c1-424b-9868-57a2d4851a1d" relativeResultsDirectory="efad6580-7f23-4f2e-bc2a-6497f0026d0e" />
    <UnitTestResult executionId="304148fd-4515-41c3-a518-b3935fdf65c3" testId="d3675fd4-77f8-268f-8735-9b5ad5bc915b" testName="FormatToStringTest1000(27027.327683509946d,&quot;27027.33 zł&quot;)" computerName="DESKTOP-5URQ9PB" duration="00:00:00.0000190" startTime="2022-06-13T21:12:51.3150124+02:00" endTime="2022-06-13T21:12:51.3150307+02:00" testType="13cdc9d9-ddb5-4fa4-a97d-d965ccfc6d4b" outcome="Passed" testListId="8c84fa94-04c1-424b-9868-57a2d4851a1d" relativeResultsDirectory="304148fd-4515-41c3-a518-b3935fdf65c3" />
    <UnitTestResult executionId="93a3f65a-2e22-42ac-82e9-a0092c52c9e8" testId="e39abc6e-a339-e385-747c-5c151d68fdc6" testName="FormatToStringTest1000(15591.4117417221d,&quot;15591.41 zł&quot;)" computerName="DESKTOP-5URQ9PB" duration="00:00:00.0000190" startTime="2022-06-13T21:12:51.3335178+02:00" endTime="2022-06-13T21:12:51.3335362+02:00" testType="13cdc9d9-ddb5-4fa4-a97d-d965ccfc6d4b" outcome="Passed" testListId="8c84fa94-04c1-424b-9868-57a2d4851a1d" relativeResultsDirectory="93a3f65a-2e22-42ac-82e9-a0092c52c9e8" />
    <UnitTestResult executionId="03174729-98da-43ab-95b3-c4cbeb7e7da4" testId="c57a980e-ffcc-5e16-6a31-18fd8b909caa" testName="FormatToStringTest1000(50664.01951024869d,&quot;50664.02 zł&quot;)" computerName="DESKTOP-5URQ9PB" duration="00:00:00.0000180" startTime="2022-06-13T21:12:51.3267018+02:00" endTime="2022-06-13T21:12:51.3267198+02:00" testType="13cdc9d9-ddb5-4fa4-a97d-d965ccfc6d4b" outcome="Passed" testListId="8c84fa94-04c1-424b-9868-57a2d4851a1d" relativeResultsDirectory="03174729-98da-43ab-95b3-c4cbeb7e7da4" />
    <UnitTestResult executionId="dd53fd4c-c56a-49a7-b5e3-45fd0b233427" testId="99a10c59-9aed-054b-9f26-15805af85148" testName="FormatToStringTest1000(5504.094303639184d,&quot;5504.09 zł&quot;)" computerName="DESKTOP-5URQ9PB" duration="00:00:00.0000180" startTime="2022-06-13T21:12:51.3194583+02:00" endTime="2022-06-13T21:12:51.3194765+02:00" testType="13cdc9d9-ddb5-4fa4-a97d-d965ccfc6d4b" outcome="Passed" testListId="8c84fa94-04c1-424b-9868-57a2d4851a1d" relativeResultsDirectory="dd53fd4c-c56a-49a7-b5e3-45fd0b233427" />
    <UnitTestResult executionId="4f93e345-1d72-4392-bcd0-793295dfd315" testId="eef249b6-8ce5-ce2e-1d6e-3786477a589e" testName="FormatToStringTest1000(59919.71489415491d,&quot;59919.71 zł&quot;)" computerName="DESKTOP-5URQ9PB" duration="00:00:00.0000190" startTime="2022-06-13T21:12:51.3254194+02:00" endTime="2022-06-13T21:12:51.3254385+02:00" testType="13cdc9d9-ddb5-4fa4-a97d-d965ccfc6d4b" outcome="Passed" testListId="8c84fa94-04c1-424b-9868-57a2d4851a1d" relativeResultsDirectory="4f93e345-1d72-4392-bcd0-793295dfd315" />
    <UnitTestResult executionId="563c08b9-3620-4836-af0b-70366cf70abe" testId="21347641-7dc3-6035-5dfd-bb1ac2ae1b73" testName="FormatToStringTest1000(28992.38363400166d,&quot;28992.38 zł&quot;)" computerName="DESKTOP-5URQ9PB" duration="00:00:00.0000190" startTime="2022-06-13T21:12:51.3284948+02:00" endTime="2022-06-13T21:12:51.3285131+02:00" testType="13cdc9d9-ddb5-4fa4-a97d-d965ccfc6d4b" outcome="Passed" testListId="8c84fa94-04c1-424b-9868-57a2d4851a1d" relativeResultsDirectory="563c08b9-3620-4836-af0b-70366cf70abe" />
    <UnitTestResult executionId="9b8e7bbb-e2f6-4f62-8be8-62222f68f0d2" testId="a73c4b3c-3d13-f62c-d2e5-567ad0be5c42" testName="FormatToStringTest1000(10857.521742201186d,&quot;10857.52 zł&quot;)" computerName="DESKTOP-5URQ9PB" duration="00:00:00.0000190" startTime="2022-06-13T21:12:51.3299821+02:00" endTime="2022-06-13T21:12:51.3300007+02:00" testType="13cdc9d9-ddb5-4fa4-a97d-d965ccfc6d4b" outcome="Passed" testListId="8c84fa94-04c1-424b-9868-57a2d4851a1d" relativeResultsDirectory="9b8e7bbb-e2f6-4f62-8be8-62222f68f0d2" />
    <UnitTestResult executionId="cb161f8a-3fb8-499f-b2eb-941a7ecbae9a" testId="94072497-fa43-aca0-8f05-792ac28d0627" testName="FormatToStringTest1000(76536.95853396178d,&quot;76536.96 zł&quot;)" computerName="DESKTOP-5URQ9PB" duration="00:00:00.0000190" startTime="2022-06-13T21:12:51.3240296+02:00" endTime="2022-06-13T21:12:51.3240480+02:00" testType="13cdc9d9-ddb5-4fa4-a97d-d965ccfc6d4b" outcome="Passed" testListId="8c84fa94-04c1-424b-9868-57a2d4851a1d" relativeResultsDirectory="cb161f8a-3fb8-499f-b2eb-941a7ecbae9a" />
    <UnitTestResult executionId="a1c64a0d-5963-45c8-8b20-b475d35e092d" testId="2de1f6d1-4fbc-d3f7-5b38-8fabe0afe62f" testName="FormatToStringTest1000(35065.40267025652d,&quot;35065.40 zł&quot;)" computerName="DESKTOP-5URQ9PB" duration="00:00:00.0000190" startTime="2022-06-13T21:12:51.3282157+02:00" endTime="2022-06-13T21:12:51.3282348+02:00" testType="13cdc9d9-ddb5-4fa4-a97d-d965ccfc6d4b" outcome="Passed" testListId="8c84fa94-04c1-424b-9868-57a2d4851a1d" relativeResultsDirectory="a1c64a0d-5963-45c8-8b20-b475d35e092d" />
    <UnitTestResult executionId="f926ad43-8c45-4795-b82c-c326c3ce497c" testId="aef8a2f1-8212-2e61-b82d-81a49d106670" testName="FormatToStringTest1000(47437.74370917619d,&quot;47437.74 zł&quot;)" computerName="DESKTOP-5URQ9PB" duration="00:00:00.0000220" startTime="2022-06-13T21:12:51.3341036+02:00" endTime="2022-06-13T21:12:51.3341251+02:00" testType="13cdc9d9-ddb5-4fa4-a97d-d965ccfc6d4b" outcome="Passed" testListId="8c84fa94-04c1-424b-9868-57a2d4851a1d" relativeResultsDirectory="f926ad43-8c45-4795-b82c-c326c3ce497c" />
    <UnitTestResult executionId="f94e1352-58e0-4889-9bad-33856fb38c4e" testId="b3d20388-ddfe-493d-dfad-f423fc621b48" testName="FormatToStringTest1000(58111.21259843521d,&quot;58111.21 zł&quot;)" computerName="DESKTOP-5URQ9PB" duration="00:00:00.0000190" startTime="2022-06-13T21:12:51.3156387+02:00" endTime="2022-06-13T21:12:51.3156574+02:00" testType="13cdc9d9-ddb5-4fa4-a97d-d965ccfc6d4b" outcome="Passed" testListId="8c84fa94-04c1-424b-9868-57a2d4851a1d" relativeResultsDirectory="f94e1352-58e0-4889-9bad-33856fb38c4e" />
    <UnitTestResult executionId="a1a84dea-aa54-4fb3-9d09-f603794a8f31" testId="e238789f-1332-cb64-de78-1a020fa88304" testName="FormatToStringTest1000(28861.97337596769d,&quot;28861.97 zł&quot;)" computerName="DESKTOP-5URQ9PB" duration="00:00:00.0000190" startTime="2022-06-13T21:12:51.3199024+02:00" endTime="2022-06-13T21:12:51.3199209+02:00" testType="13cdc9d9-ddb5-4fa4-a97d-d965ccfc6d4b" outcome="Passed" testListId="8c84fa94-04c1-424b-9868-57a2d4851a1d" relativeResultsDirectory="a1a84dea-aa54-4fb3-9d09-f603794a8f31" />
    <UnitTestResult executionId="308fa778-c70b-4908-83aa-5aebac6e8156" testId="d38b1856-f9a8-d9e7-be29-662b96640b5b" testName="FormatToStringTest1000(20497.107923553376d,&quot;20497.11 zł&quot;)" computerName="DESKTOP-5URQ9PB" duration="00:00:00.0000180" startTime="2022-06-13T21:12:51.3330958+02:00" endTime="2022-06-13T21:12:51.3331137+02:00" testType="13cdc9d9-ddb5-4fa4-a97d-d965ccfc6d4b" outcome="Passed" testListId="8c84fa94-04c1-424b-9868-57a2d4851a1d" relativeResultsDirectory="308fa778-c70b-4908-83aa-5aebac6e8156" />
    <UnitTestResult executionId="8727c1ab-f7b0-4544-84ff-3e829fc4ee89" testId="63800d30-d6ac-f352-9000-d5ae21ee34db" testName="FormatToStringTest1000(30111.54342534372d,&quot;30111.54 zł&quot;)" computerName="DESKTOP-5URQ9PB" duration="00:00:00.0000190" startTime="2022-06-13T21:12:51.3339808+02:00" endTime="2022-06-13T21:12:51.3339992+02:00" testType="13cdc9d9-ddb5-4fa4-a97d-d965ccfc6d4b" outcome="Passed" testListId="8c84fa94-04c1-424b-9868-57a2d4851a1d" relativeResultsDirectory="8727c1ab-f7b0-4544-84ff-3e829fc4ee89" />
    <UnitTestResult executionId="d6fe7778-1059-4d07-ac60-185516dc5121" testId="05a32b6d-38a3-d790-fab1-ef7fcb38fd6c" testName="FormatToStringTest1000(743.047944508981d,&quot;743.05 zł&quot;)" computerName="DESKTOP-5URQ9PB" duration="00:00:00.0000180" startTime="2022-06-13T21:12:51.3246795+02:00" endTime="2022-06-13T21:12:51.3246975+02:00" testType="13cdc9d9-ddb5-4fa4-a97d-d965ccfc6d4b" outcome="Passed" testListId="8c84fa94-04c1-424b-9868-57a2d4851a1d" relativeResultsDirectory="d6fe7778-1059-4d07-ac60-185516dc5121" />
    <UnitTestResult executionId="89916471-a56a-4cc7-beb9-966de44bffc7" testId="4f19bfe4-12a5-e7df-9799-ba1ffdd56260" testName="FormatToStringTest1000(54678.59301593089d,&quot;54678.59 zł&quot;)" computerName="DESKTOP-5URQ9PB" duration="00:00:00.0000190" startTime="2022-06-13T21:12:51.3289380+02:00" endTime="2022-06-13T21:12:51.3289564+02:00" testType="13cdc9d9-ddb5-4fa4-a97d-d965ccfc6d4b" outcome="Passed" testListId="8c84fa94-04c1-424b-9868-57a2d4851a1d" relativeResultsDirectory="89916471-a56a-4cc7-beb9-966de44bffc7" />
    <UnitTestResult executionId="0a3610ce-5efd-4178-acae-fc8bad8c7c64" testId="7c29140c-1ee9-b980-7778-18b11231f8a3" testName="FormatToStringTest1000(40400.9734049295d,&quot;40400.97 zł&quot;)" computerName="DESKTOP-5URQ9PB" duration="00:00:00.0000180" startTime="2022-06-13T21:12:51.3179978+02:00" endTime="2022-06-13T21:12:51.3180156+02:00" testType="13cdc9d9-ddb5-4fa4-a97d-d965ccfc6d4b" outcome="Passed" testListId="8c84fa94-04c1-424b-9868-57a2d4851a1d" relativeResultsDirectory="0a3610ce-5efd-4178-acae-fc8bad8c7c64" />
    <UnitTestResult executionId="87dbd0e5-e8d0-48dc-8dd0-807c8c0c92c0" testId="46b6b18f-a15f-ce32-4811-dbc67f87e551" testName="FormatToStringTest1000(9634.398811461124d,&quot;9634.40 zł&quot;)" computerName="DESKTOP-5URQ9PB" duration="00:00:00.0000190" startTime="2022-06-13T21:12:51.3302792+02:00" endTime="2022-06-13T21:12:51.3302983+02:00" testType="13cdc9d9-ddb5-4fa4-a97d-d965ccfc6d4b" outcome="Passed" testListId="8c84fa94-04c1-424b-9868-57a2d4851a1d" relativeResultsDirectory="87dbd0e5-e8d0-48dc-8dd0-807c8c0c92c0" />
    <UnitTestResult executionId="3fa8d9ac-be67-4817-8d53-dc3126f8bdba" testId="379512c8-8994-594d-a3c0-6d675c1d8949" testName="FormatToStringTest1000(577.6071367564645d,&quot;577.61 zł&quot;)" computerName="DESKTOP-5URQ9PB" duration="00:00:00.0000180" startTime="2022-06-13T21:12:51.3331209+02:00" endTime="2022-06-13T21:12:51.3331385+02:00" testType="13cdc9d9-ddb5-4fa4-a97d-d965ccfc6d4b" outcome="Passed" testListId="8c84fa94-04c1-424b-9868-57a2d4851a1d" relativeResultsDirectory="3fa8d9ac-be67-4817-8d53-dc3126f8bdba" />
    <UnitTestResult executionId="72073dd2-22c5-4018-bba0-3f1067bd39fc" testId="8d6414e5-4d2d-73e7-c36d-d9cbbb203e5f" testName="FormatToStringTest1000(867.5236648356187d,&quot;867.52 zł&quot;)" computerName="DESKTOP-5URQ9PB" duration="00:00:00.0000190" startTime="2022-06-13T21:12:51.3311030+02:00" endTime="2022-06-13T21:12:51.3311219+02:00" testType="13cdc9d9-ddb5-4fa4-a97d-d965ccfc6d4b" outcome="Passed" testListId="8c84fa94-04c1-424b-9868-57a2d4851a1d" relativeResultsDirectory="72073dd2-22c5-4018-bba0-3f1067bd39fc" />
    <UnitTestResult executionId="dcd1a32e-657f-460e-afca-084b6bd7f442" testId="d569c283-c0e4-d992-53ea-520d9219d214" testName="FormatToStringTest1000(19103.831635461574d,&quot;19103.83 zł&quot;)" computerName="DESKTOP-5URQ9PB" duration="00:00:00.0000230" startTime="2022-06-13T21:12:51.3234066+02:00" endTime="2022-06-13T21:12:51.3234292+02:00" testType="13cdc9d9-ddb5-4fa4-a97d-d965ccfc6d4b" outcome="Passed" testListId="8c84fa94-04c1-424b-9868-57a2d4851a1d" relativeResultsDirectory="dcd1a32e-657f-460e-afca-084b6bd7f442" />
    <UnitTestResult executionId="11d33962-a536-4e13-b2a3-815495bc52bc" testId="bb5a2e9a-5cdb-f48d-dc56-2c3c111c851a" testName="FormatToStringTest1000(60017.857676936714d,&quot;60017.86 zł&quot;)" computerName="DESKTOP-5URQ9PB" duration="00:00:00.0000180" startTime="2022-06-13T21:12:51.3347720+02:00" endTime="2022-06-13T21:12:51.3347895+02:00" testType="13cdc9d9-ddb5-4fa4-a97d-d965ccfc6d4b" outcome="Passed" testListId="8c84fa94-04c1-424b-9868-57a2d4851a1d" relativeResultsDirectory="11d33962-a536-4e13-b2a3-815495bc52bc" />
    <UnitTestResult executionId="53bd3a6c-c19e-45ab-a381-aa37fe613138" testId="0d3aed88-2598-0caa-458e-53fd2f6dc4e2" testName="FormatToStringTest1000(7004.710832051798d,&quot;7004.71 zł&quot;)" computerName="DESKTOP-5URQ9PB" duration="00:00:00.0000180" startTime="2022-06-13T21:12:51.3327283+02:00" endTime="2022-06-13T21:12:51.3327464+02:00" testType="13cdc9d9-ddb5-4fa4-a97d-d965ccfc6d4b" outcome="Passed" testListId="8c84fa94-04c1-424b-9868-57a2d4851a1d" relativeResultsDirectory="53bd3a6c-c19e-45ab-a381-aa37fe613138" />
    <UnitTestResult executionId="76864e77-af53-4dbf-8ed3-afc986045f0e" testId="ae67d523-2929-36b8-f281-40940e5c29bb" testName="FormatToStringTest1000(2390.7596313784643d,&quot;2390.76 zł&quot;)" computerName="DESKTOP-5URQ9PB" duration="00:00:00.0000180" startTime="2022-06-13T21:12:51.3258364+02:00" endTime="2022-06-13T21:12:51.3258538+02:00" testType="13cdc9d9-ddb5-4fa4-a97d-d965ccfc6d4b" outcome="Passed" testListId="8c84fa94-04c1-424b-9868-57a2d4851a1d" relativeResultsDirectory="76864e77-af53-4dbf-8ed3-afc986045f0e" />
    <UnitTestResult executionId="d3465544-80e0-4960-abc7-f47572a03992" testId="0be37416-8f8e-24dd-296a-86593af9af2f" testName="FormatToStringTest1000(36211.11038300866d,&quot;36211.11 zł&quot;)" computerName="DESKTOP-5URQ9PB" duration="00:00:00.0000180" startTime="2022-06-13T21:12:51.3295397+02:00" endTime="2022-06-13T21:12:51.3295574+02:00" testType="13cdc9d9-ddb5-4fa4-a97d-d965ccfc6d4b" outcome="Passed" testListId="8c84fa94-04c1-424b-9868-57a2d4851a1d" relativeResultsDirectory="d3465544-80e0-4960-abc7-f47572a03992" />
    <UnitTestResult executionId="7f4ba8fa-a005-4e88-9c4d-354d3283cd4e" testId="a6da1f0c-9d53-8f1b-60d6-c520ee89e7a7" testName="FormatToStringTest1000(9603.199987620208d,&quot;9603.20 zł&quot;)" computerName="DESKTOP-5URQ9PB" duration="00:00:00.0000190" startTime="2022-06-13T21:12:51.3350446+02:00" endTime="2022-06-13T21:12:51.3350632+02:00" testType="13cdc9d9-ddb5-4fa4-a97d-d965ccfc6d4b" outcome="Passed" testListId="8c84fa94-04c1-424b-9868-57a2d4851a1d" relativeResultsDirectory="7f4ba8fa-a005-4e88-9c4d-354d3283cd4e" />
    <UnitTestResult executionId="58e1646a-2fc6-4b45-a1b1-421de4e12241" testId="f7f48920-cf43-fd74-5fcd-5b275d41553a" testName="FormatToStringTest1000(69864.17463991146d,&quot;69864.17 zł&quot;)" computerName="DESKTOP-5URQ9PB" duration="00:00:00.0000190" startTime="2022-06-13T21:12:51.3127930+02:00" endTime="2022-06-13T21:12:51.3128118+02:00" testType="13cdc9d9-ddb5-4fa4-a97d-d965ccfc6d4b" outcome="Passed" testListId="8c84fa94-04c1-424b-9868-57a2d4851a1d" relativeResultsDirectory="58e1646a-2fc6-4b45-a1b1-421de4e12241" />
    <UnitTestResult executionId="5efddb1d-9fb2-42b5-93b2-8030ea873e4b" testId="b5cd9d3c-6e7d-bae4-881c-4092ac2390ce" testName="FormatToStringTest1000(3270.286035661719d,&quot;3270.29 zł&quot;)" computerName="DESKTOP-5URQ9PB" duration="00:00:00.0000190" startTime="2022-06-13T21:12:51.3240542+02:00" endTime="2022-06-13T21:12:51.3240729+02:00" testType="13cdc9d9-ddb5-4fa4-a97d-d965ccfc6d4b" outcome="Passed" testListId="8c84fa94-04c1-424b-9868-57a2d4851a1d" relativeResultsDirectory="5efddb1d-9fb2-42b5-93b2-8030ea873e4b" />
    <UnitTestResult executionId="decdbb97-8e28-46b2-80bd-31c92cf0964a" testId="8184eede-89c1-758f-6b98-b1536f1bc7e0" testName="FormatToStringTest1000(49256.47455728635d,&quot;49256.47 zł&quot;)" computerName="DESKTOP-5URQ9PB" duration="00:00:00.0000180" startTime="2022-06-13T21:12:51.3349667+02:00" endTime="2022-06-13T21:12:51.3349843+02:00" testType="13cdc9d9-ddb5-4fa4-a97d-d965ccfc6d4b" outcome="Passed" testListId="8c84fa94-04c1-424b-9868-57a2d4851a1d" relativeResultsDirectory="decdbb97-8e28-46b2-80bd-31c92cf0964a" />
    <UnitTestResult executionId="9eeea214-13f0-42f7-aa4a-df687a89db8d" testId="94726e39-ff6c-190e-418c-075986e08585" testName="FormatToStringTest1000(30020.248557890412d,&quot;30020.25 zł&quot;)" computerName="DESKTOP-5URQ9PB" duration="00:00:00.0000190" startTime="2022-06-13T21:12:51.3261560+02:00" endTime="2022-06-13T21:12:51.3261746+02:00" testType="13cdc9d9-ddb5-4fa4-a97d-d965ccfc6d4b" outcome="Passed" testListId="8c84fa94-04c1-424b-9868-57a2d4851a1d" relativeResultsDirectory="9eeea214-13f0-42f7-aa4a-df687a89db8d" />
    <UnitTestResult executionId="841809ff-1fae-4f7c-8cad-7b1a657b4453" testId="cab5d10f-8cae-8dfd-3b1b-219e11cb76ab" testName="FormatToStringTest1000(15337.485230751097d,&quot;15337.49 zł&quot;)" computerName="DESKTOP-5URQ9PB" duration="00:00:00.0000190" startTime="2022-06-13T21:12:51.3199279+02:00" endTime="2022-06-13T21:12:51.3199465+02:00" testType="13cdc9d9-ddb5-4fa4-a97d-d965ccfc6d4b" outcome="Passed" testListId="8c84fa94-04c1-424b-9868-57a2d4851a1d" relativeResultsDirectory="841809ff-1fae-4f7c-8cad-7b1a657b4453" />
    <UnitTestResult executionId="3ac87293-053c-4847-bcfb-1d5455c1e559" testId="069167da-f488-ff65-4a0d-a2797b191242" testName="FormatToStringTest1000(395.45790295882983d,&quot;395.46 zł&quot;)" computerName="DESKTOP-5URQ9PB" duration="00:00:00.0000180" startTime="2022-06-13T21:12:51.3206572+02:00" endTime="2022-06-13T21:12:51.3206748+02:00" testType="13cdc9d9-ddb5-4fa4-a97d-d965ccfc6d4b" outcome="Passed" testListId="8c84fa94-04c1-424b-9868-57a2d4851a1d" relativeResultsDirectory="3ac87293-053c-4847-bcfb-1d5455c1e559" />
    <UnitTestResult executionId="613e50e6-fb7b-4ff2-bb10-7ad857ef9b2b" testId="d53ebf9d-a1b0-7eb1-4b91-4ab174a99cc7" testName="FormatToStringTest1000(35.34471716840971d,&quot;35.34 zł&quot;)" computerName="DESKTOP-5URQ9PB" duration="00:00:00.0000190" startTime="2022-06-13T21:12:51.3268478+02:00" endTime="2022-06-13T21:12:51.3268664+02:00" testType="13cdc9d9-ddb5-4fa4-a97d-d965ccfc6d4b" outcome="Passed" testListId="8c84fa94-04c1-424b-9868-57a2d4851a1d" relativeResultsDirectory="613e50e6-fb7b-4ff2-bb10-7ad857ef9b2b" />
    <UnitTestResult executionId="9e4e7de7-9ca4-4b6c-8170-e20ceae7e936" testId="a95ff0ae-d4c3-2673-b0e9-9a7af3b33aba" testName="FormatToStringTest1000(653.4647999170537d,&quot;653.46 zł&quot;)" computerName="DESKTOP-5URQ9PB" duration="00:00:00.0000180" startTime="2022-06-13T21:12:51.3178996+02:00" endTime="2022-06-13T21:12:51.3179173+02:00" testType="13cdc9d9-ddb5-4fa4-a97d-d965ccfc6d4b" outcome="Passed" testListId="8c84fa94-04c1-424b-9868-57a2d4851a1d" relativeResultsDirectory="9e4e7de7-9ca4-4b6c-8170-e20ceae7e936" />
    <UnitTestResult executionId="df36eb95-ea7e-4ae7-9641-b795d3262fae" testId="891c0d76-e64c-f414-ec6a-1381d76267bf" testName="FormatToStringTest1000(67380.07704875062d,&quot;67380.08 zł&quot;)" computerName="DESKTOP-5URQ9PB" duration="00:00:00.0000200" startTime="2022-06-13T21:12:51.3184203+02:00" endTime="2022-06-13T21:12:51.3184397+02:00" testType="13cdc9d9-ddb5-4fa4-a97d-d965ccfc6d4b" outcome="Passed" testListId="8c84fa94-04c1-424b-9868-57a2d4851a1d" relativeResultsDirectory="df36eb95-ea7e-4ae7-9641-b795d3262fae" />
    <UnitTestResult executionId="23815ccd-841b-4e0f-91ec-1ff22b32aa87" testId="9a5250b7-62e0-de5b-0bd3-c2b7c7798ce7" testName="FormatToStringTest1000(270.1894008262033d,&quot;270.19 zł&quot;)" computerName="DESKTOP-5URQ9PB" duration="00:00:00.0000180" startTime="2022-06-13T21:12:51.3203959+02:00" endTime="2022-06-13T21:12:51.3204138+02:00" testType="13cdc9d9-ddb5-4fa4-a97d-d965ccfc6d4b" outcome="Passed" testListId="8c84fa94-04c1-424b-9868-57a2d4851a1d" relativeResultsDirectory="23815ccd-841b-4e0f-91ec-1ff22b32aa87" />
    <UnitTestResult executionId="781f26d0-2a52-4904-ad58-7ec560ac46b2" testId="0ea957ac-53f2-c077-4d23-d56d0a5f77c4" testName="FormatToStringTest1000(37561.969571757116d,&quot;37561.97 zł&quot;)" computerName="DESKTOP-5URQ9PB" duration="00:00:00.0000190" startTime="2022-06-13T21:12:51.3200258+02:00" endTime="2022-06-13T21:12:51.3200445+02:00" testType="13cdc9d9-ddb5-4fa4-a97d-d965ccfc6d4b" outcome="Passed" testListId="8c84fa94-04c1-424b-9868-57a2d4851a1d" relativeResultsDirectory="781f26d0-2a52-4904-ad58-7ec560ac46b2" />
    <UnitTestResult executionId="112a3168-b91e-4d43-8184-4fbbdc275add" testId="4b28edc9-10aa-dd25-05d6-efbec430bd7a" testName="FormatToStringTest1000(1739.5853778997368d,&quot;1739.59 zł&quot;)" computerName="DESKTOP-5URQ9PB" duration="00:00:00.0000190" startTime="2022-06-13T21:12:51.3144718+02:00" endTime="2022-06-13T21:12:51.3144904+02:00" testType="13cdc9d9-ddb5-4fa4-a97d-d965ccfc6d4b" outcome="Passed" testListId="8c84fa94-04c1-424b-9868-57a2d4851a1d" relativeResultsDirectory="112a3168-b91e-4d43-8184-4fbbdc275add" />
    <UnitTestResult executionId="de44d2ab-29dd-412d-999f-b451a9beb148" testId="4ae6f156-51db-bc15-8975-b99fe55a99a8" testName="FormatToStringTest1000(47393.54939526671d,&quot;47393.55 zł&quot;)" computerName="DESKTOP-5URQ9PB" duration="00:00:00.0000180" startTime="2022-06-13T21:12:51.3207299+02:00" endTime="2022-06-13T21:12:51.3207475+02:00" testType="13cdc9d9-ddb5-4fa4-a97d-d965ccfc6d4b" outcome="Passed" testListId="8c84fa94-04c1-424b-9868-57a2d4851a1d" relativeResultsDirectory="de44d2ab-29dd-412d-999f-b451a9beb148" />
    <UnitTestResult executionId="2da9d9ab-a804-4163-a93c-718c36b2ffac" testId="f2fa6d2d-1c35-dcc0-50da-39045d7858e4" testName="FormatToStringTest1000(7458.609645228652d,&quot;7458.61 zł&quot;)" computerName="DESKTOP-5URQ9PB" duration="00:00:00.0000190" startTime="2022-06-13T21:12:51.3118512+02:00" endTime="2022-06-13T21:12:51.3118697+02:00" testType="13cdc9d9-ddb5-4fa4-a97d-d965ccfc6d4b" outcome="Passed" testListId="8c84fa94-04c1-424b-9868-57a2d4851a1d" relativeResultsDirectory="2da9d9ab-a804-4163-a93c-718c36b2ffac" />
    <UnitTestResult executionId="c2fe220f-18fa-48db-8ccb-1f460b0271ee" testId="04708542-086d-f6f2-88c4-fe541ab1cd55" testName="FormatToStringTest1000(3506.8456124108498d,&quot;3506.85 zł&quot;)" computerName="DESKTOP-5URQ9PB" duration="00:00:00.0000200" startTime="2022-06-13T21:12:51.3144204+02:00" endTime="2022-06-13T21:12:51.3144404+02:00" testType="13cdc9d9-ddb5-4fa4-a97d-d965ccfc6d4b" outcome="Passed" testListId="8c84fa94-04c1-424b-9868-57a2d4851a1d" relativeResultsDirectory="c2fe220f-18fa-48db-8ccb-1f460b0271ee" />
    <UnitTestResult executionId="1f66a52a-8338-4c09-a80a-efbbbbe6d719" testId="0fa0c864-c433-31dc-ea26-995fbf849a90" testName="FormatToStringTest1000(236.20263638589657d,&quot;236.20 zł&quot;)" computerName="DESKTOP-5URQ9PB" duration="00:00:00.0000180" startTime="2022-06-13T21:12:51.3262548+02:00" endTime="2022-06-13T21:12:51.3262726+02:00" testType="13cdc9d9-ddb5-4fa4-a97d-d965ccfc6d4b" outcome="Passed" testListId="8c84fa94-04c1-424b-9868-57a2d4851a1d" relativeResultsDirectory="1f66a52a-8338-4c09-a80a-efbbbbe6d719" />
    <UnitTestResult executionId="e86ad56d-01c0-41bd-b380-de1a92fb0f83" testId="2be600d2-247c-9e20-d84c-921afba648ed" testName="FormatToStringTest1000(36651.05802063414d,&quot;36651.06 zł&quot;)" computerName="DESKTOP-5URQ9PB" duration="00:00:00.0000190" startTime="2022-06-13T21:12:51.3131806+02:00" endTime="2022-06-13T21:12:51.3131989+02:00" testType="13cdc9d9-ddb5-4fa4-a97d-d965ccfc6d4b" outcome="Passed" testListId="8c84fa94-04c1-424b-9868-57a2d4851a1d" relativeResultsDirectory="e86ad56d-01c0-41bd-b380-de1a92fb0f83" />
    <UnitTestResult executionId="3b46fbc8-fef4-419a-a17b-27450b1b62d6" testId="244a126b-865c-f129-c9cf-f22a9a00e343" testName="FormatToStringTest1000(9628.688698104437d,&quot;9628.69 zł&quot;)" computerName="DESKTOP-5URQ9PB" duration="00:00:00.0000190" startTime="2022-06-13T21:12:51.3324551+02:00" endTime="2022-06-13T21:12:51.3324737+02:00" testType="13cdc9d9-ddb5-4fa4-a97d-d965ccfc6d4b" outcome="Passed" testListId="8c84fa94-04c1-424b-9868-57a2d4851a1d" relativeResultsDirectory="3b46fbc8-fef4-419a-a17b-27450b1b62d6" />
    <UnitTestResult executionId="5692184a-9cec-40ec-8658-2c684d912577" testId="c5316b43-7086-7b8f-266a-feedd9573c48" testName="FormatToStringTest1000(19363.881840787773d,&quot;19363.88 zł&quot;)" computerName="DESKTOP-5URQ9PB" duration="00:00:00.0000190" startTime="2022-06-13T21:12:51.3276681+02:00" endTime="2022-06-13T21:12:51.3276866+02:00" testType="13cdc9d9-ddb5-4fa4-a97d-d965ccfc6d4b" outcome="Passed" testListId="8c84fa94-04c1-424b-9868-57a2d4851a1d" relativeResultsDirectory="5692184a-9cec-40ec-8658-2c684d912577" />
    <UnitTestResult executionId="9e16382a-e7f3-48cb-9e79-c25b5c8c975f" testId="b1699ce8-743c-1964-eb7b-2aa310ecbb21" testName="FormatToStringTest1000(27164.0272410419d,&quot;27164.03 zł&quot;)" computerName="DESKTOP-5URQ9PB" duration="00:00:00.0000180" startTime="2022-06-13T21:12:51.3182945+02:00" endTime="2022-06-13T21:12:51.3183123+02:00" testType="13cdc9d9-ddb5-4fa4-a97d-d965ccfc6d4b" outcome="Passed" testListId="8c84fa94-04c1-424b-9868-57a2d4851a1d" relativeResultsDirectory="9e16382a-e7f3-48cb-9e79-c25b5c8c975f" />
    <UnitTestResult executionId="e978d6a3-4f6c-4bcd-b6e3-79f21e52bd3c" testId="f2281ab7-ffb9-3d10-c3a8-1aa0cd2fcbfc" testName="FormatToStringTest1000(1821.7083499085663d,&quot;1821.71 zł&quot;)" computerName="DESKTOP-5URQ9PB" duration="00:00:00.0000190" startTime="2022-06-13T21:12:51.3310044+02:00" endTime="2022-06-13T21:12:51.3310232+02:00" testType="13cdc9d9-ddb5-4fa4-a97d-d965ccfc6d4b" outcome="Passed" testListId="8c84fa94-04c1-424b-9868-57a2d4851a1d" relativeResultsDirectory="e978d6a3-4f6c-4bcd-b6e3-79f21e52bd3c" />
    <UnitTestResult executionId="fa4cab07-4d8d-4d58-8f37-7345dc78e2a6" testId="f2ce681e-8a28-41b9-4a1e-04b76b54add8" testName="FormatToStringTest1000(1799.2562459103092d,&quot;1799.26 zł&quot;)" computerName="DESKTOP-5URQ9PB" duration="00:00:00.0000180" startTime="2022-06-13T21:12:51.3221651+02:00" endTime="2022-06-13T21:12:51.3221830+02:00" testType="13cdc9d9-ddb5-4fa4-a97d-d965ccfc6d4b" outcome="Passed" testListId="8c84fa94-04c1-424b-9868-57a2d4851a1d" relativeResultsDirectory="fa4cab07-4d8d-4d58-8f37-7345dc78e2a6" />
    <UnitTestResult executionId="6b2f53f0-77e5-4511-b9d1-8faf058bc0a2" testId="e84b36e7-4f40-fa31-8ed6-b8aea0f7b95d" testName="FormatToStringTest1000(3274.481392617096d,&quot;3274.48 zł&quot;)" computerName="DESKTOP-5URQ9PB" duration="00:00:00.0000180" startTime="2022-06-13T21:12:51.3263035+02:00" endTime="2022-06-13T21:12:51.3263214+02:00" testType="13cdc9d9-ddb5-4fa4-a97d-d965ccfc6d4b" outcome="Passed" testListId="8c84fa94-04c1-424b-9868-57a2d4851a1d" relativeResultsDirectory="6b2f53f0-77e5-4511-b9d1-8faf058bc0a2" />
    <UnitTestResult executionId="32fbe32c-e25a-4dfe-adb4-d3fa2483ac66" testId="3490543a-9aad-4d93-690a-aa8da10d1845" testName="FormatToStringTest1000(6170.939441211959d,&quot;6170.94 zł&quot;)" computerName="DESKTOP-5URQ9PB" duration="00:00:00.0000190" startTime="2022-06-13T21:12:51.3208764+02:00" endTime="2022-06-13T21:12:51.3208951+02:00" testType="13cdc9d9-ddb5-4fa4-a97d-d965ccfc6d4b" outcome="Passed" testListId="8c84fa94-04c1-424b-9868-57a2d4851a1d" relativeResultsDirectory="32fbe32c-e25a-4dfe-adb4-d3fa2483ac66" />
    <UnitTestResult executionId="67144bc1-91f6-431a-8022-671b6bafd7b4" testId="fa8e579d-d6a8-b37b-9cf1-3c38331f528e" testName="FormatToStringTest1000(16037.01783290087d,&quot;16037.02 zł&quot;)" computerName="DESKTOP-5URQ9PB" duration="00:00:00.0000180" startTime="2022-06-13T21:12:51.3347233+02:00" endTime="2022-06-13T21:12:51.3347409+02:00" testType="13cdc9d9-ddb5-4fa4-a97d-d965ccfc6d4b" outcome="Passed" testListId="8c84fa94-04c1-424b-9868-57a2d4851a1d" relativeResultsDirectory="67144bc1-91f6-431a-8022-671b6bafd7b4" />
    <UnitTestResult executionId="b79377e0-f8bd-40b8-ba5f-abc3d0530f86" testId="9a4a7396-bc43-f3a9-c62c-07975736bde6" testName="FormatToStringTest1000(1325.1625259114255d,&quot;1325.16 zł&quot;)" computerName="DESKTOP-5URQ9PB" duration="00:00:00.0000180" startTime="2022-06-13T21:12:51.3259584+02:00" endTime="2022-06-13T21:12:51.3259760+02:00" testType="13cdc9d9-ddb5-4fa4-a97d-d965ccfc6d4b" outcome="Passed" testListId="8c84fa94-04c1-424b-9868-57a2d4851a1d" relativeResultsDirectory="b79377e0-f8bd-40b8-ba5f-abc3d0530f86" />
    <UnitTestResult executionId="29755f71-5d44-4a4f-ade0-1c12c6abff5f" testId="ad74bc79-5a2e-0559-0112-48492a8006d2" testName="FormatToStringTest1000(52481.07276821932d,&quot;52481.07 zł&quot;)" computerName="DESKTOP-5URQ9PB" duration="00:00:00.0000180" startTime="2022-06-13T21:12:51.3281169+02:00" endTime="2022-06-13T21:12:51.3281351+02:00" testType="13cdc9d9-ddb5-4fa4-a97d-d965ccfc6d4b" outcome="Passed" testListId="8c84fa94-04c1-424b-9868-57a2d4851a1d" relativeResultsDirectory="29755f71-5d44-4a4f-ade0-1c12c6abff5f" />
    <UnitTestResult executionId="99ca03b0-b463-4787-a445-002b343ab2a9" testId="712c2678-6c5e-0050-868a-1155d0b4fa06" testName="FormatToStringTest1000(32216.686763396807d,&quot;32216.69 zł&quot;)" computerName="DESKTOP-5URQ9PB" duration="00:00:00.0000280" startTime="2022-06-13T21:12:51.3105907+02:00" endTime="2022-06-13T21:12:51.3106183+02:00" testType="13cdc9d9-ddb5-4fa4-a97d-d965ccfc6d4b" outcome="Passed" testListId="8c84fa94-04c1-424b-9868-57a2d4851a1d" relativeResultsDirectory="99ca03b0-b463-4787-a445-002b343ab2a9" />
    <UnitTestResult executionId="a48e4039-8998-4833-a4e4-9a4347ba70c0" testId="8762588b-d7fc-ca07-7e83-51f41467a9eb" testName="FormatToStringTest1000(12610.563163818122d,&quot;12610.56 zł&quot;)" computerName="DESKTOP-5URQ9PB" duration="00:00:00.0000190" startTime="2022-06-13T21:12:51.3325296+02:00" endTime="2022-06-13T21:12:51.3325487+02:00" testType="13cdc9d9-ddb5-4fa4-a97d-d965ccfc6d4b" outcome="Passed" testListId="8c84fa94-04c1-424b-9868-57a2d4851a1d" relativeResultsDirectory="a48e4039-8998-4833-a4e4-9a4347ba70c0" />
    <UnitTestResult executionId="698ab2d1-5ff4-4e78-81b8-4b208c858083" testId="8257a4bf-ab18-2761-6e92-b21983b2b798" testName="FormatToStringTest1000(15129.433864736666d,&quot;15129.43 zł&quot;)" computerName="DESKTOP-5URQ9PB" duration="00:00:00.0000180" startTime="2022-06-13T21:12:51.3309549+02:00" endTime="2022-06-13T21:12:51.3309729+02:00" testType="13cdc9d9-ddb5-4fa4-a97d-d965ccfc6d4b" outcome="Passed" testListId="8c84fa94-04c1-424b-9868-57a2d4851a1d" relativeResultsDirectory="698ab2d1-5ff4-4e78-81b8-4b208c858083" />
    <UnitTestResult executionId="4a47505f-7cc8-482e-b803-318dd13eb59a" testId="5326d1dc-d18e-0528-8ffb-d0be584509e9" testName="FormatToStringTest1000(16673.5121774904d,&quot;16673.51 zł&quot;)" computerName="DESKTOP-5URQ9PB" duration="00:00:00.0000180" startTime="2022-06-13T21:12:51.3205585+02:00" endTime="2022-06-13T21:12:51.3205766+02:00" testType="13cdc9d9-ddb5-4fa4-a97d-d965ccfc6d4b" outcome="Passed" testListId="8c84fa94-04c1-424b-9868-57a2d4851a1d" relativeResultsDirectory="4a47505f-7cc8-482e-b803-318dd13eb59a" />
    <UnitTestResult executionId="57b6b18f-235c-466c-a592-4a8fe0cdb81a" testId="8f06716c-c7ff-1247-d243-6eeb705848f7" testName="FormatToStringTest1000(11904.111251175456d,&quot;11904.11 zł&quot;)" computerName="DESKTOP-5URQ9PB" duration="00:00:00.0000180" startTime="2022-06-13T21:12:51.3159109+02:00" endTime="2022-06-13T21:12:51.3159287+02:00" testType="13cdc9d9-ddb5-4fa4-a97d-d965ccfc6d4b" outcome="Passed" testListId="8c84fa94-04c1-424b-9868-57a2d4851a1d" relativeResultsDirectory="57b6b18f-235c-466c-a592-4a8fe0cdb81a" />
    <UnitTestResult executionId="cc5947eb-bfde-488c-9e1b-1b7b80868bbc" testId="0e06d825-6ba9-71ac-24ec-c9336680dd03" testName="FormatToStringTest1000(48654.65723134794d,&quot;48654.66 zł&quot;)" computerName="DESKTOP-5URQ9PB" duration="00:00:00.0000190" startTime="2022-06-13T21:12:51.3187418+02:00" endTime="2022-06-13T21:12:51.3187603+02:00" testType="13cdc9d9-ddb5-4fa4-a97d-d965ccfc6d4b" outcome="Passed" testListId="8c84fa94-04c1-424b-9868-57a2d4851a1d" relativeResultsDirectory="cc5947eb-bfde-488c-9e1b-1b7b80868bbc" />
    <UnitTestResult executionId="4b78433c-67a6-4c75-bddf-85c22b146e6b" testId="95fa357e-9359-c839-8ff3-f046c9e30487" testName="FormatToStringTest1000(15520.346099893259d,&quot;15520.35 zł&quot;)" computerName="DESKTOP-5URQ9PB" duration="00:00:00.0000190" startTime="2022-06-13T21:12:51.3266772+02:00" endTime="2022-06-13T21:12:51.3266955+02:00" testType="13cdc9d9-ddb5-4fa4-a97d-d965ccfc6d4b" outcome="Passed" testListId="8c84fa94-04c1-424b-9868-57a2d4851a1d" relativeResultsDirectory="4b78433c-67a6-4c75-bddf-85c22b146e6b" />
    <UnitTestResult executionId="e1e8f5c8-7127-44be-a7f8-ee6c5263ac52" testId="e0081990-e732-207e-ce35-b6f9f879e1b0" testName="FormatToStringTest1000(12370.243090209198d,&quot;12370.24 zł&quot;)" computerName="DESKTOP-5URQ9PB" duration="00:00:00.0000190" startTime="2022-06-13T21:12:51.3220909+02:00" endTime="2022-06-13T21:12:51.3221094+02:00" testType="13cdc9d9-ddb5-4fa4-a97d-d965ccfc6d4b" outcome="Passed" testListId="8c84fa94-04c1-424b-9868-57a2d4851a1d" relativeResultsDirectory="e1e8f5c8-7127-44be-a7f8-ee6c5263ac52" />
    <UnitTestResult executionId="bd3fb405-f285-44b2-82a5-143b7fedd930" testId="c74c54e8-6590-d76d-eaee-baa60a589aef" testName="FormatToStringTest1000(15509.637406484986d,&quot;15509.64 zł&quot;)" computerName="DESKTOP-5URQ9PB" duration="00:00:00.0000180" startTime="2022-06-13T21:12:51.3140249+02:00" endTime="2022-06-13T21:12:51.3140429+02:00" testType="13cdc9d9-ddb5-4fa4-a97d-d965ccfc6d4b" outcome="Passed" testListId="8c84fa94-04c1-424b-9868-57a2d4851a1d" relativeResultsDirectory="bd3fb405-f285-44b2-82a5-143b7fedd930" />
    <UnitTestResult executionId="78322965-febc-46bb-8df0-ec662d74b1a9" testId="7c3bd97a-a125-9200-b1f2-a28a2e7a05fe" testName="FormatToStringTest1000(56802.303118930344d,&quot;56802.30 zł&quot;)" computerName="DESKTOP-5URQ9PB" duration="00:00:00.0000180" startTime="2022-06-13T21:12:51.3258852+02:00" endTime="2022-06-13T21:12:51.3259031+02:00" testType="13cdc9d9-ddb5-4fa4-a97d-d965ccfc6d4b" outcome="Passed" testListId="8c84fa94-04c1-424b-9868-57a2d4851a1d" relativeResultsDirectory="78322965-febc-46bb-8df0-ec662d74b1a9" />
    <UnitTestResult executionId="c3afa2d3-f275-4001-9f34-7b3075c78bc2" testId="7496f6c0-e383-6fbb-5d3f-fa615fc5ab22" testName="FormatToStringTest1000(19435.417227184127d,&quot;19435.42 zł&quot;)" computerName="DESKTOP-5URQ9PB" duration="00:00:00.0000180" startTime="2022-06-13T21:12:51.3227147+02:00" endTime="2022-06-13T21:12:51.3227327+02:00" testType="13cdc9d9-ddb5-4fa4-a97d-d965ccfc6d4b" outcome="Passed" testListId="8c84fa94-04c1-424b-9868-57a2d4851a1d" relativeResultsDirectory="c3afa2d3-f275-4001-9f34-7b3075c78bc2" />
    <UnitTestResult executionId="adde856f-83c7-4099-ab58-ecf51d606e72" testId="b266e530-9059-cc9e-a2de-5a104736c757" testName="FormatToStringTest1000(14003.84591249742d,&quot;14003.85 zł&quot;)" computerName="DESKTOP-5URQ9PB" duration="00:00:00.0000190" startTime="2022-06-13T21:12:51.3251709+02:00" endTime="2022-06-13T21:12:51.3251894+02:00" testType="13cdc9d9-ddb5-4fa4-a97d-d965ccfc6d4b" outcome="Passed" testListId="8c84fa94-04c1-424b-9868-57a2d4851a1d" relativeResultsDirectory="adde856f-83c7-4099-ab58-ecf51d606e72" />
    <UnitTestResult executionId="d59bacfb-ffc8-49aa-b08b-715ebcd61e11" testId="86ff0f06-37e1-737e-28e1-e4da0cef4001" testName="FormatToStringTest1000(3303.1902076747224d,&quot;3303.19 zł&quot;)" computerName="DESKTOP-5URQ9PB" duration="00:00:00.0000190" startTime="2022-06-13T21:12:51.3226892+02:00" endTime="2022-06-13T21:12:51.3227085+02:00" testType="13cdc9d9-ddb5-4fa4-a97d-d965ccfc6d4b" outcome="Passed" testListId="8c84fa94-04c1-424b-9868-57a2d4851a1d" relativeResultsDirectory="d59bacfb-ffc8-49aa-b08b-715ebcd61e11" />
    <UnitTestResult executionId="b0434938-33f3-4e88-8927-13732c9d7881" testId="cdeb3be1-fe32-ff89-e068-e42e39c27a73" testName="FormatToStringTest1000(13844.577623300524d,&quot;13844.58 zł&quot;)" computerName="DESKTOP-5URQ9PB" duration="00:00:00.0000190" startTime="2022-06-13T21:12:51.3165107+02:00" endTime="2022-06-13T21:12:51.3165294+02:00" testType="13cdc9d9-ddb5-4fa4-a97d-d965ccfc6d4b" outcome="Passed" testListId="8c84fa94-04c1-424b-9868-57a2d4851a1d" relativeResultsDirectory="b0434938-33f3-4e88-8927-13732c9d7881" />
    <UnitTestResult executionId="dd27268c-2065-4295-a516-3eee5e178d1c" testId="7b7d00bb-4c5b-d8fb-b3ca-8abd900cc00f" testName="FormatToStringTest1000(30499.08272379734d,&quot;30499.08 zł&quot;)" computerName="DESKTOP-5URQ9PB" duration="00:00:00.0000180" startTime="2022-06-13T21:12:51.3292858+02:00" endTime="2022-06-13T21:12:51.3293036+02:00" testType="13cdc9d9-ddb5-4fa4-a97d-d965ccfc6d4b" outcome="Passed" testListId="8c84fa94-04c1-424b-9868-57a2d4851a1d" relativeResultsDirectory="dd27268c-2065-4295-a516-3eee5e178d1c" />
    <UnitTestResult executionId="8662cad6-ac64-488e-bdd2-5b8baec4a87e" testId="02f82b15-1853-9f05-8754-8f243db3e9b1" testName="FormatToStringTest1000(4898.699005344277d,&quot;4898.70 zł&quot;)" computerName="DESKTOP-5URQ9PB" duration="00:00:00.0000180" startTime="2022-06-13T21:12:51.3181710+02:00" endTime="2022-06-13T21:12:51.3181889+02:00" testType="13cdc9d9-ddb5-4fa4-a97d-d965ccfc6d4b" outcome="Passed" testListId="8c84fa94-04c1-424b-9868-57a2d4851a1d" relativeResultsDirectory="8662cad6-ac64-488e-bdd2-5b8baec4a87e" />
    <UnitTestResult executionId="b5d9e531-13c4-425c-b53a-53471c632b05" testId="b2a12e1f-5796-ca8b-404b-61553a46fbc5" testName="FormatToStringTest1000(1187.8237780126854d,&quot;1187.82 zł&quot;)" computerName="DESKTOP-5URQ9PB" duration="00:00:00.0000190" startTime="2022-06-13T21:12:51.3303283+02:00" endTime="2022-06-13T21:12:51.3303468+02:00" testType="13cdc9d9-ddb5-4fa4-a97d-d965ccfc6d4b" outcome="Passed" testListId="8c84fa94-04c1-424b-9868-57a2d4851a1d" relativeResultsDirectory="b5d9e531-13c4-425c-b53a-53471c632b05" />
    <UnitTestResult executionId="8cb2a582-1256-4228-bc03-b78d71870125" testId="b5f26849-7f95-8deb-3e82-07db33467afb" testName="FormatToStringTest1000(61324.33752458279d,&quot;61324.34 zł&quot;)" computerName="DESKTOP-5URQ9PB" duration="00:00:00.0000180" startTime="2022-06-13T21:12:51.3202483+02:00" endTime="2022-06-13T21:12:51.3202664+02:00" testType="13cdc9d9-ddb5-4fa4-a97d-d965ccfc6d4b" outcome="Passed" testListId="8c84fa94-04c1-424b-9868-57a2d4851a1d" relativeResultsDirectory="8cb2a582-1256-4228-bc03-b78d71870125" />
    <UnitTestResult executionId="575b82fe-3f83-4715-91a6-8dec409fbefe" testId="7875ceff-fafb-ef65-16f6-def9c021cbb8" testName="FormatToStringTest1000(11118.620997698335d,&quot;11118.62 zł&quot;)" computerName="DESKTOP-5URQ9PB" duration="00:00:00.0000190" startTime="2022-06-13T21:12:51.3211487+02:00" endTime="2022-06-13T21:12:51.3211674+02:00" testType="13cdc9d9-ddb5-4fa4-a97d-d965ccfc6d4b" outcome="Passed" testListId="8c84fa94-04c1-424b-9868-57a2d4851a1d" relativeResultsDirectory="575b82fe-3f83-4715-91a6-8dec409fbefe" />
    <UnitTestResult executionId="00b7c627-6712-411c-98e8-4f723e3b4bc0" testId="32010eb0-88b3-7f9e-a459-fb524fc932d7" testName="FormatToStringTest1000(34242.181005260056d,&quot;34242.18 zł&quot;)" computerName="DESKTOP-5URQ9PB" duration="00:00:00.0000190" startTime="2022-06-13T21:12:51.3263765+02:00" endTime="2022-06-13T21:12:51.3263951+02:00" testType="13cdc9d9-ddb5-4fa4-a97d-d965ccfc6d4b" outcome="Passed" testListId="8c84fa94-04c1-424b-9868-57a2d4851a1d" relativeResultsDirectory="00b7c627-6712-411c-98e8-4f723e3b4bc0" />
    <UnitTestResult executionId="a048c4c2-8857-44de-a34d-93b5d619a2ac" testId="527d41f4-ee35-aeed-39d2-777e78659af8" testName="FormatToStringTest1000(18786.954468002055d,&quot;18786.95 zł&quot;)" computerName="DESKTOP-5URQ9PB" duration="00:00:00.0000200" startTime="2022-06-13T21:12:51.3234605+02:00" endTime="2022-06-13T21:12:51.3234799+02:00" testType="13cdc9d9-ddb5-4fa4-a97d-d965ccfc6d4b" outcome="Passed" testListId="8c84fa94-04c1-424b-9868-57a2d4851a1d" relativeResultsDirectory="a048c4c2-8857-44de-a34d-93b5d619a2ac" />
    <UnitTestResult executionId="0a82491b-569b-4483-8bbc-c29d1dcad209" testId="bf09f141-5d04-1546-3599-f58a7debd81e" testName="FormatToStringTest1000(19783.413847500186d,&quot;19783.41 zł&quot;)" computerName="DESKTOP-5URQ9PB" duration="00:00:00.0000190" startTime="2022-06-13T21:12:51.3330465+02:00" endTime="2022-06-13T21:12:51.3330653+02:00" testType="13cdc9d9-ddb5-4fa4-a97d-d965ccfc6d4b" outcome="Passed" testListId="8c84fa94-04c1-424b-9868-57a2d4851a1d" relativeResultsDirectory="0a82491b-569b-4483-8bbc-c29d1dcad209" />
    <UnitTestResult executionId="7bc37ed4-88a5-4160-9fab-6e10c3d96c7a" testId="b4887e38-5397-4610-6733-1d86030ec9ea" testName="FormatToStringTest1000(24566.50251371856d,&quot;24566.50 zł&quot;)" computerName="DESKTOP-5URQ9PB" duration="00:00:00.0000190" startTime="2022-06-13T21:12:51.3238818+02:00" endTime="2022-06-13T21:12:51.3239002+02:00" testType="13cdc9d9-ddb5-4fa4-a97d-d965ccfc6d4b" outcome="Passed" testListId="8c84fa94-04c1-424b-9868-57a2d4851a1d" relativeResultsDirectory="7bc37ed4-88a5-4160-9fab-6e10c3d96c7a" />
    <UnitTestResult executionId="c9c2c177-1c02-4bee-8d96-4243662123e0" testId="f49abb46-6157-b05f-1fad-c8a20a256f62" testName="FormatToStringTest1000(1687.6029180025694d,&quot;1687.60 zł&quot;)" computerName="DESKTOP-5URQ9PB" duration="00:00:00.0000190" startTime="2022-06-13T21:12:51.3174270+02:00" endTime="2022-06-13T21:12:51.3174460+02:00" testType="13cdc9d9-ddb5-4fa4-a97d-d965ccfc6d4b" outcome="Passed" testListId="8c84fa94-04c1-424b-9868-57a2d4851a1d" relativeResultsDirectory="c9c2c177-1c02-4bee-8d96-4243662123e0" />
    <UnitTestResult executionId="0a5b4013-f25a-4ab0-bbc7-f41ddacb9d39" testId="ddcae2eb-b1a6-813a-a49c-5333a490205e" testName="FormatToStringTest1000(29845.02749849345d,&quot;29845.03 zł&quot;)" computerName="DESKTOP-5URQ9PB" duration="00:00:00.0000180" startTime="2022-06-13T21:12:51.3173491+02:00" endTime="2022-06-13T21:12:51.3173668+02:00" testType="13cdc9d9-ddb5-4fa4-a97d-d965ccfc6d4b" outcome="Passed" testListId="8c84fa94-04c1-424b-9868-57a2d4851a1d" relativeResultsDirectory="0a5b4013-f25a-4ab0-bbc7-f41ddacb9d39" />
    <UnitTestResult executionId="b398cb37-fd1a-4fb7-b509-f250eb314c1f" testId="1445b267-8883-4711-c51b-1a1ff5eca2f9" testName="FormatToStringTest1000(47630.39193684067d,&quot;47630.39 zł&quot;)" computerName="DESKTOP-5URQ9PB" duration="00:00:00.0000190" startTime="2022-06-13T21:12:51.3138278+02:00" endTime="2022-06-13T21:12:51.3138464+02:00" testType="13cdc9d9-ddb5-4fa4-a97d-d965ccfc6d4b" outcome="Passed" testListId="8c84fa94-04c1-424b-9868-57a2d4851a1d" relativeResultsDirectory="b398cb37-fd1a-4fb7-b509-f250eb314c1f" />
    <UnitTestResult executionId="fbc5f42c-8056-4f8b-8d78-aa06ffd27682" testId="7d45d5f5-3a25-9a87-e687-4dc975c05da1" testName="FormatToStringTest1000(41873.517751020154d,&quot;41873.52 zł&quot;)" computerName="DESKTOP-5URQ9PB" duration="00:00:00.0000190" startTime="2022-06-13T21:12:51.3381847+02:00" endTime="2022-06-13T21:12:51.3382033+02:00" testType="13cdc9d9-ddb5-4fa4-a97d-d965ccfc6d4b" outcome="Passed" testListId="8c84fa94-04c1-424b-9868-57a2d4851a1d" relativeResultsDirectory="fbc5f42c-8056-4f8b-8d78-aa06ffd27682" />
    <UnitTestResult executionId="27ae684f-7b33-4df4-a821-77a31af41727" testId="0fc86efa-aeca-dada-030f-e8045241eaae" testName="FormatToStringTest1000(13508.811787825922d,&quot;13508.81 zł&quot;)" computerName="DESKTOP-5URQ9PB" duration="00:00:00.0000250" startTime="2022-06-13T21:12:51.3315049+02:00" endTime="2022-06-13T21:12:51.3315299+02:00" testType="13cdc9d9-ddb5-4fa4-a97d-d965ccfc6d4b" outcome="Passed" testListId="8c84fa94-04c1-424b-9868-57a2d4851a1d" relativeResultsDirectory="27ae684f-7b33-4df4-a821-77a31af41727" />
    <UnitTestResult executionId="8e68bca6-c7d0-47e4-b85f-19baa3d55ec0" testId="11c041e5-c464-6527-9aa5-15185ee7ed3b" testName="FormatToStringTest1000(45340.017357165d,&quot;45340.02 zł&quot;)" computerName="DESKTOP-5URQ9PB" duration="00:00:00.0000180" startTime="2022-06-13T21:12:51.3225395+02:00" endTime="2022-06-13T21:12:51.3225573+02:00" testType="13cdc9d9-ddb5-4fa4-a97d-d965ccfc6d4b" outcome="Passed" testListId="8c84fa94-04c1-424b-9868-57a2d4851a1d" relativeResultsDirectory="8e68bca6-c7d0-47e4-b85f-19baa3d55ec0" />
    <UnitTestResult executionId="b6fbaea0-724a-490d-8e68-586a16bc1282" testId="785b55cc-be99-2e92-e97b-e8c0390c5420" testName="FormatToStringTest1000(17990.38119827089d,&quot;17990.38 zł&quot;)" computerName="DESKTOP-5URQ9PB" duration="00:00:00.0000190" startTime="2022-06-13T21:12:51.3186192+02:00" endTime="2022-06-13T21:12:51.3186385+02:00" testType="13cdc9d9-ddb5-4fa4-a97d-d965ccfc6d4b" outcome="Passed" testListId="8c84fa94-04c1-424b-9868-57a2d4851a1d" relativeResultsDirectory="b6fbaea0-724a-490d-8e68-586a16bc1282" />
    <UnitTestResult executionId="637a7a10-05a4-4eec-8efe-fd81b4aeb754" testId="f057999f-37d3-2f7d-8c71-29439544f997" testName="FormatToStringTest1000(2115.5076919884923d,&quot;2115.51 zł&quot;)" computerName="DESKTOP-5URQ9PB" duration="00:00:00.0000190" startTime="2022-06-13T21:12:51.3333396+02:00" endTime="2022-06-13T21:12:51.3333581+02:00" testType="13cdc9d9-ddb5-4fa4-a97d-d965ccfc6d4b" outcome="Passed" testListId="8c84fa94-04c1-424b-9868-57a2d4851a1d" relativeResultsDirectory="637a7a10-05a4-4eec-8efe-fd81b4aeb754" />
    <UnitTestResult executionId="ad397ce8-d34e-4a20-acdb-b892075ccbe6" testId="a99bf545-84e2-fafd-ee3f-5153803c3541" testName="FormatToStringTest1000(1011.9989482094529d,&quot;1012.00 zł&quot;)" computerName="DESKTOP-5URQ9PB" duration="00:00:00.0000190" startTime="2022-06-13T21:12:51.3260576+02:00" endTime="2022-06-13T21:12:51.3260762+02:00" testType="13cdc9d9-ddb5-4fa4-a97d-d965ccfc6d4b" outcome="Passed" testListId="8c84fa94-04c1-424b-9868-57a2d4851a1d" relativeResultsDirectory="ad397ce8-d34e-4a20-acdb-b892075ccbe6" />
    <UnitTestResult executionId="fbaa9c79-0eac-40ad-89ca-c036d2fe5ec3" testId="74f41b57-bac2-c2b8-f1dc-9469402fc8fa" testName="FormatToStringTest1000(635.3263313632116d,&quot;635.33 zł&quot;)" computerName="DESKTOP-5URQ9PB" duration="00:00:00.0000180" startTime="2022-06-13T21:12:51.3342530+02:00" endTime="2022-06-13T21:12:51.3342710+02:00" testType="13cdc9d9-ddb5-4fa4-a97d-d965ccfc6d4b" outcome="Passed" testListId="8c84fa94-04c1-424b-9868-57a2d4851a1d" relativeResultsDirectory="fbaa9c79-0eac-40ad-89ca-c036d2fe5ec3" />
    <UnitTestResult executionId="2f6f6ad9-7a7d-45ad-a315-0ffa9c20b843" testId="87886007-6727-2dc4-be03-09aefa74e875" testName="FormatToStringTest1000(29508.077101491428d,&quot;29508.08 zł&quot;)" computerName="DESKTOP-5URQ9PB" duration="00:00:00.0000230" startTime="2022-06-13T21:12:51.3134033+02:00" endTime="2022-06-13T21:12:51.3134257+02:00" testType="13cdc9d9-ddb5-4fa4-a97d-d965ccfc6d4b" outcome="Passed" testListId="8c84fa94-04c1-424b-9868-57a2d4851a1d" relativeResultsDirectory="2f6f6ad9-7a7d-45ad-a315-0ffa9c20b843" />
    <UnitTestResult executionId="5b591c5f-1b15-43d9-8c5d-54597c71bf8d" testId="7e4135b8-b66c-77ce-172b-34d352f16888" testName="FormatToStringTest1000(9068.70019550468d,&quot;9068.70 zł&quot;)" computerName="DESKTOP-5URQ9PB" duration="00:00:00.0000190" startTime="2022-06-13T21:12:51.3190849+02:00" endTime="2022-06-13T21:12:51.3191037+02:00" testType="13cdc9d9-ddb5-4fa4-a97d-d965ccfc6d4b" outcome="Passed" testListId="8c84fa94-04c1-424b-9868-57a2d4851a1d" relativeResultsDirectory="5b591c5f-1b15-43d9-8c5d-54597c71bf8d" />
    <UnitTestResult executionId="b7d59ad7-2864-4902-9da2-b19aa6ad544a" testId="1d1eb73d-8b0c-7513-b3af-aa35ad258fdb" testName="FormatToStringTest1000(26686.08488193065d,&quot;26686.08 zł&quot;)" computerName="DESKTOP-5URQ9PB" duration="00:00:00.0000190" startTime="2022-06-13T21:12:51.3247528+02:00" endTime="2022-06-13T21:12:51.3247714+02:00" testType="13cdc9d9-ddb5-4fa4-a97d-d965ccfc6d4b" outcome="Passed" testListId="8c84fa94-04c1-424b-9868-57a2d4851a1d" relativeResultsDirectory="b7d59ad7-2864-4902-9da2-b19aa6ad544a" />
    <UnitTestResult executionId="5ebf3e5e-950a-4b86-9b80-5759f6b77706" testId="efc2a789-ae09-4bb7-d172-5f2d0e3cbf23" testName="FormatToStringTest1000(82228.32322510486d,&quot;82228.32 zł&quot;)" computerName="DESKTOP-5URQ9PB" duration="00:00:00.0000180" startTime="2022-06-13T21:12:51.3243524+02:00" endTime="2022-06-13T21:12:51.3243704+02:00" testType="13cdc9d9-ddb5-4fa4-a97d-d965ccfc6d4b" outcome="Passed" testListId="8c84fa94-04c1-424b-9868-57a2d4851a1d" relativeResultsDirectory="5ebf3e5e-950a-4b86-9b80-5759f6b77706" />
    <UnitTestResult executionId="f85f92d7-b432-4ea7-9026-b0d4d0c4e167" testId="6d2fa905-65f5-7d76-6130-8eb8fe67de75" testName="FormatToStringTest1000(740.3213011405064d,&quot;740.32 zł&quot;)" computerName="DESKTOP-5URQ9PB" duration="00:00:00.0000220" startTime="2022-06-13T21:12:51.3114284+02:00" endTime="2022-06-13T21:12:51.3114496+02:00" testType="13cdc9d9-ddb5-4fa4-a97d-d965ccfc6d4b" outcome="Passed" testListId="8c84fa94-04c1-424b-9868-57a2d4851a1d" relativeResultsDirectory="f85f92d7-b432-4ea7-9026-b0d4d0c4e167" />
    <UnitTestResult executionId="1a840eb7-0eba-4315-a475-e716237a65cf" testId="0bdd31cf-560a-74a8-9cb0-f50b134f6e55" testName="FormatToStringTest1000(50339.31259969497d,&quot;50339.31 zł&quot;)" computerName="DESKTOP-5URQ9PB" duration="00:00:00.0000200" startTime="2022-06-13T21:12:51.3124200+02:00" endTime="2022-06-13T21:12:51.3124402+02:00" testType="13cdc9d9-ddb5-4fa4-a97d-d965ccfc6d4b" outcome="Passed" testListId="8c84fa94-04c1-424b-9868-57a2d4851a1d" relativeResultsDirectory="1a840eb7-0eba-4315-a475-e716237a65cf" />
    <UnitTestResult executionId="b1886a64-4474-4a5f-8285-ba70e08d1bf8" testId="092813bc-e54e-6f29-9d2b-192db0d76045" testName="FormatToStringTest1000(765.778932784581d,&quot;765.78 zł&quot;)" computerName="DESKTOP-5URQ9PB" duration="00:00:00.0000200" startTime="2022-06-13T21:12:51.3204582+02:00" endTime="2022-06-13T21:12:51.3204785+02:00" testType="13cdc9d9-ddb5-4fa4-a97d-d965ccfc6d4b" outcome="Passed" testListId="8c84fa94-04c1-424b-9868-57a2d4851a1d" relativeResultsDirectory="b1886a64-4474-4a5f-8285-ba70e08d1bf8" />
    <UnitTestResult executionId="41edbf78-3459-4229-a766-e43e0648eb2c" testId="3a61649c-91c3-4f1a-8a11-3480d7ff1651" testName="FormatToStringTest1000(4636.500544966897d,&quot;4636.50 zł&quot;)" computerName="DESKTOP-5URQ9PB" duration="00:00:00.0000200" startTime="2022-06-13T21:12:51.3280411+02:00" endTime="2022-06-13T21:12:51.3280607+02:00" testType="13cdc9d9-ddb5-4fa4-a97d-d965ccfc6d4b" outcome="Passed" testListId="8c84fa94-04c1-424b-9868-57a2d4851a1d" relativeResultsDirectory="41edbf78-3459-4229-a766-e43e0648eb2c" />
    <UnitTestResult executionId="fd082ccd-915d-422b-8b11-439351813888" testId="f6401660-be6e-6eb8-4af7-4a88425589c4" testName="FormatToStringTest1000(20454.142628653506d,&quot;20454.14 zł&quot;)" computerName="DESKTOP-5URQ9PB" duration="00:00:00.0000190" startTime="2022-06-13T21:12:51.3185452+02:00" endTime="2022-06-13T21:12:51.3185636+02:00" testType="13cdc9d9-ddb5-4fa4-a97d-d965ccfc6d4b" outcome="Passed" testListId="8c84fa94-04c1-424b-9868-57a2d4851a1d" relativeResultsDirectory="fd082ccd-915d-422b-8b11-439351813888" />
    <UnitTestResult executionId="1d4157e6-cf49-4f5d-9889-e20deef86a7d" testId="e6917a9a-a471-dbed-84cc-6e63cf19f9df" testName="FormatToStringTest1000(28583.827618148098d,&quot;28583.83 zł&quot;)" computerName="DESKTOP-5URQ9PB" duration="00:00:00.0000180" startTime="2022-06-13T21:12:51.3141716+02:00" endTime="2022-06-13T21:12:51.3141891+02:00" testType="13cdc9d9-ddb5-4fa4-a97d-d965ccfc6d4b" outcome="Passed" testListId="8c84fa94-04c1-424b-9868-57a2d4851a1d" relativeResultsDirectory="1d4157e6-cf49-4f5d-9889-e20deef86a7d" />
    <UnitTestResult executionId="57f833eb-b23e-4be3-88c4-4d92e12cd1e1" testId="ba5b40c3-7100-1940-87d5-9af986ffebd2" testName="FormatToStringTest1000(9196.579612724754d,&quot;9196.58 zł&quot;)" computerName="DESKTOP-5URQ9PB" duration="00:00:00.0000180" startTime="2022-06-13T21:12:51.3242535+02:00" endTime="2022-06-13T21:12:51.3242714+02:00" testType="13cdc9d9-ddb5-4fa4-a97d-d965ccfc6d4b" outcome="Passed" testListId="8c84fa94-04c1-424b-9868-57a2d4851a1d" relativeResultsDirectory="57f833eb-b23e-4be3-88c4-4d92e12cd1e1" />
    <UnitTestResult executionId="cc14444d-0abd-4cef-91d8-e044c3327507" testId="848d2a90-a6ed-8153-c519-d66b9a7193d9" testName="FormatToStringTest1000(1963.0091662979728d,&quot;1963.01 zł&quot;)" computerName="DESKTOP-5URQ9PB" duration="00:00:00.0000190" startTime="2022-06-13T21:12:51.3301555+02:00" endTime="2022-06-13T21:12:51.3301741+02:00" testType="13cdc9d9-ddb5-4fa4-a97d-d965ccfc6d4b" outcome="Passed" testListId="8c84fa94-04c1-424b-9868-57a2d4851a1d" relativeResultsDirectory="cc14444d-0abd-4cef-91d8-e044c3327507" />
    <UnitTestResult executionId="4efd53df-0d34-4654-af97-bd5a544c789d" testId="80343684-0ab4-f75e-30e6-62b08568fe03" testName="FormatToStringTest1000(31290.71396233687d,&quot;31290.71 zł&quot;)" computerName="DESKTOP-5URQ9PB" duration="00:00:00.0000180" startTime="2022-06-13T21:12:51.3122433+02:00" endTime="2022-06-13T21:12:51.3122613+02:00" testType="13cdc9d9-ddb5-4fa4-a97d-d965ccfc6d4b" outcome="Passed" testListId="8c84fa94-04c1-424b-9868-57a2d4851a1d" relativeResultsDirectory="4efd53df-0d34-4654-af97-bd5a544c789d" />
    <UnitTestResult executionId="46c266c5-23f2-4b27-ba7c-01bdbdebf455" testId="fd4f7d41-f937-f359-41b7-f6b589c2bdd7" testName="FormatToStringTest1000(25272.05048361283d,&quot;25272.05 zł&quot;)" computerName="DESKTOP-5URQ9PB" duration="00:00:00.0000190" startTime="2022-06-13T21:12:51.3328748+02:00" endTime="2022-06-13T21:12:51.3328934+02:00" testType="13cdc9d9-ddb5-4fa4-a97d-d965ccfc6d4b" outcome="Passed" testListId="8c84fa94-04c1-424b-9868-57a2d4851a1d" relativeResultsDirectory="46c266c5-23f2-4b27-ba7c-01bdbdebf455" />
    <UnitTestResult executionId="b7e5fbcc-6fed-4877-be8d-7327355ef343" testId="345abed9-9ef3-e2b8-4bc1-ad4b7b82dd26" testName="FormatToStringTest1000(10994.251866986162d,&quot;10994.25 zł&quot;)" computerName="DESKTOP-5URQ9PB" duration="00:00:00.0000230" startTime="2022-06-13T21:12:51.3244012+02:00" endTime="2022-06-13T21:12:51.3244237+02:00" testType="13cdc9d9-ddb5-4fa4-a97d-d965ccfc6d4b" outcome="Passed" testListId="8c84fa94-04c1-424b-9868-57a2d4851a1d" relativeResultsDirectory="b7e5fbcc-6fed-4877-be8d-7327355ef343" />
    <UnitTestResult executionId="cee04afc-1d53-4053-8525-3f55c913a707" testId="617c3175-15cb-3321-36a3-871fc366b75b" testName="FormatToStringTest1000(14137.400697779563d,&quot;14137.40 zł&quot;)" computerName="DESKTOP-5URQ9PB" duration="00:00:00.0000270" startTime="2022-06-13T21:12:51.3354220+02:00" endTime="2022-06-13T21:12:51.3354484+02:00" testType="13cdc9d9-ddb5-4fa4-a97d-d965ccfc6d4b" outcome="Passed" testListId="8c84fa94-04c1-424b-9868-57a2d4851a1d" relativeResultsDirectory="cee04afc-1d53-4053-8525-3f55c913a707" />
    <UnitTestResult executionId="5a6b39ae-7ab3-41d1-88f3-c4c50046e60e" testId="6df8a807-c182-b8aa-45a8-8ae3c76a3ec5" testName="FormatToStringTest1000(68698.01923441609d,&quot;68698.02 zł&quot;)" computerName="DESKTOP-5URQ9PB" duration="00:00:00.0000190" startTime="2022-06-13T21:12:51.3342283+02:00" endTime="2022-06-13T21:12:51.3342467+02:00" testType="13cdc9d9-ddb5-4fa4-a97d-d965ccfc6d4b" outcome="Passed" testListId="8c84fa94-04c1-424b-9868-57a2d4851a1d" relativeResultsDirectory="5a6b39ae-7ab3-41d1-88f3-c4c50046e60e" />
    <UnitTestResult executionId="7888c46e-eb83-49ac-aaf2-f548cbd39fa4" testId="e72aca21-1347-9775-f65f-ee1c6d7b63bd" testName="FormatToStringTest1000(50507.0104155615d,&quot;50507.01 zł&quot;)" computerName="DESKTOP-5URQ9PB" duration="00:00:00.0000180" startTime="2022-06-13T21:12:51.3335912+02:00" endTime="2022-06-13T21:12:51.3336088+02:00" testType="13cdc9d9-ddb5-4fa4-a97d-d965ccfc6d4b" outcome="Passed" testListId="8c84fa94-04c1-424b-9868-57a2d4851a1d" relativeResultsDirectory="7888c46e-eb83-49ac-aaf2-f548cbd39fa4" />
    <UnitTestResult executionId="5e3ef2f9-352f-47ae-a20d-ced142570b9d" testId="fad10d32-e0c1-4a39-6168-5252fb0f8392" testName="FormatToStringTest1000(13337.80490493486d,&quot;13337.80 zł&quot;)" computerName="DESKTOP-5URQ9PB" duration="00:00:00.0000190" startTime="2022-06-13T21:12:51.3347958+02:00" endTime="2022-06-13T21:12:51.3348142+02:00" testType="13cdc9d9-ddb5-4fa4-a97d-d965ccfc6d4b" outcome="Passed" testListId="8c84fa94-04c1-424b-9868-57a2d4851a1d" relativeResultsDirectory="5e3ef2f9-352f-47ae-a20d-ced142570b9d" />
    <UnitTestResult executionId="0ac84ec5-9beb-44da-b89a-c2a9abc5967c" testId="97caedcb-d6ae-5556-8168-c745e877090a" testName="FormatToStringTest1000(13478.157112043891d,&quot;13478.16 zł&quot;)" computerName="DESKTOP-5URQ9PB" duration="00:00:00.0000180" startTime="2022-06-13T21:12:51.3247045+02:00" endTime="2022-06-13T21:12:51.3247225+02:00" testType="13cdc9d9-ddb5-4fa4-a97d-d965ccfc6d4b" outcome="Passed" testListId="8c84fa94-04c1-424b-9868-57a2d4851a1d" relativeResultsDirectory="0ac84ec5-9beb-44da-b89a-c2a9abc5967c" />
    <UnitTestResult executionId="3d3f71d5-def1-4e06-8cc9-f6f9337f6457" testId="af9ae316-c7c6-6ac6-11c1-298dd9b256df" testName="FormatToStringTest1000(62975.496334776515d,&quot;62975.50 zł&quot;)" computerName="DESKTOP-5URQ9PB" duration="00:00:00.0000190" startTime="2022-06-13T21:12:51.3127685+02:00" endTime="2022-06-13T21:12:51.3127868+02:00" testType="13cdc9d9-ddb5-4fa4-a97d-d965ccfc6d4b" outcome="Passed" testListId="8c84fa94-04c1-424b-9868-57a2d4851a1d" relativeResultsDirectory="3d3f71d5-def1-4e06-8cc9-f6f9337f6457" />
    <UnitTestResult executionId="8a6b6b9a-d338-44b5-9ea9-654d118eb856" testId="82e7d70c-1a42-9215-0f5f-33fe3e6fa346" testName="FormatToStringTest1000(23174.85693288448d,&quot;23174.86 zł&quot;)" computerName="DESKTOP-5URQ9PB" duration="00:00:00.0000190" startTime="2022-06-13T21:12:51.3213227+02:00" endTime="2022-06-13T21:12:51.3213418+02:00" testType="13cdc9d9-ddb5-4fa4-a97d-d965ccfc6d4b" outcome="Passed" testListId="8c84fa94-04c1-424b-9868-57a2d4851a1d" relativeResultsDirectory="8a6b6b9a-d338-44b5-9ea9-654d118eb856" />
    <UnitTestResult executionId="328c8f50-31db-4f23-882d-4b36d6e20cf7" testId="7f23cd21-ad85-3cc7-38be-9ece9bfed213" testName="FormatToStringTest1000(19541.10539777116d,&quot;19541.11 zł&quot;)" computerName="DESKTOP-5URQ9PB" duration="00:00:00.0000180" startTime="2022-06-13T21:12:51.3115558+02:00" endTime="2022-06-13T21:12:51.3115740+02:00" testType="13cdc9d9-ddb5-4fa4-a97d-d965ccfc6d4b" outcome="Passed" testListId="8c84fa94-04c1-424b-9868-57a2d4851a1d" relativeResultsDirectory="328c8f50-31db-4f23-882d-4b36d6e20cf7" />
    <UnitTestResult executionId="154c396a-ac6e-4d55-90a8-d4c4ae9d4c7e" testId="1772b5c8-17fc-7339-7078-7951ac9723dd" testName="FormatToStringTest1000(6323.24079469882d,&quot;6323.24 zł&quot;)" computerName="DESKTOP-5URQ9PB" duration="00:00:00.0000180" startTime="2022-06-13T21:12:51.3170551+02:00" endTime="2022-06-13T21:12:51.3170731+02:00" testType="13cdc9d9-ddb5-4fa4-a97d-d965ccfc6d4b" outcome="Passed" testListId="8c84fa94-04c1-424b-9868-57a2d4851a1d" relativeResultsDirectory="154c396a-ac6e-4d55-90a8-d4c4ae9d4c7e" />
    <UnitTestResult executionId="d25df48c-4d6d-409e-a8ce-e112b6eea336" testId="e34fd7ec-376b-5cd9-f43c-324b72764f5f" testName="FormatToStringTest1000(3694.480496819355d,&quot;3694.48 zł&quot;)" computerName="DESKTOP-5URQ9PB" duration="00:00:00.0000180" startTime="2022-06-13T21:12:51.3158617+02:00" endTime="2022-06-13T21:12:51.3158796+02:00" testType="13cdc9d9-ddb5-4fa4-a97d-d965ccfc6d4b" outcome="Passed" testListId="8c84fa94-04c1-424b-9868-57a2d4851a1d" relativeResultsDirectory="d25df48c-4d6d-409e-a8ce-e112b6eea336" />
    <UnitTestResult executionId="72e56aa7-2332-4725-a986-a5a2807cf74c" testId="e6b1d0c3-adf4-f12b-3a3a-a088a5d2227c" testName="FormatToStringTest1000(5749.124990274722d,&quot;5749.12 zł&quot;)" computerName="DESKTOP-5URQ9PB" duration="00:00:00.0000180" startTime="2022-06-13T21:12:51.3303045+02:00" endTime="2022-06-13T21:12:51.3303221+02:00" testType="13cdc9d9-ddb5-4fa4-a97d-d965ccfc6d4b" outcome="Passed" testListId="8c84fa94-04c1-424b-9868-57a2d4851a1d" relativeResultsDirectory="72e56aa7-2332-4725-a986-a5a2807cf74c" />
    <UnitTestResult executionId="ad6dcf5b-adb0-4e0a-9acf-13ae8ef84acb" testId="7b53b99d-252e-844e-10ce-3552b8f6980f" testName="FormatToStringTest1000(28072.424637532058d,&quot;28072.42 zł&quot;)" computerName="DESKTOP-5URQ9PB" duration="00:00:00.0000190" startTime="2022-06-13T21:12:51.3113936+02:00" endTime="2022-06-13T21:12:51.3114122+02:00" testType="13cdc9d9-ddb5-4fa4-a97d-d965ccfc6d4b" outcome="Passed" testListId="8c84fa94-04c1-424b-9868-57a2d4851a1d" relativeResultsDirectory="ad6dcf5b-adb0-4e0a-9acf-13ae8ef84acb" />
    <UnitTestResult executionId="c1cd612f-9b15-4e7b-b57c-3416704eae2c" testId="cee29849-c944-ee97-87d2-c62444a8a328" testName="FormatToStringTest1000(34062.88803158276d,&quot;34062.89 zł&quot;)" computerName="DESKTOP-5URQ9PB" duration="00:00:00.0000180" startTime="2022-06-13T21:12:51.3329730+02:00" endTime="2022-06-13T21:12:51.3329912+02:00" testType="13cdc9d9-ddb5-4fa4-a97d-d965ccfc6d4b" outcome="Passed" testListId="8c84fa94-04c1-424b-9868-57a2d4851a1d" relativeResultsDirectory="c1cd612f-9b15-4e7b-b57c-3416704eae2c" />
    <UnitTestResult executionId="79aa400f-eb97-4fad-9254-490c7bc4ae0c" testId="af79a348-5fb3-03eb-c3ed-5bb2185640a5" testName="FormatToStringTest1000(3195.202943510936d,&quot;3195.20 zł&quot;)" computerName="DESKTOP-5URQ9PB" duration="00:00:00.0000190" startTime="2022-06-13T21:12:51.3183917+02:00" endTime="2022-06-13T21:12:51.3184105+02:00" testType="13cdc9d9-ddb5-4fa4-a97d-d965ccfc6d4b" outcome="Passed" testListId="8c84fa94-04c1-424b-9868-57a2d4851a1d" relativeResultsDirectory="79aa400f-eb97-4fad-9254-490c7bc4ae0c" />
    <UnitTestResult executionId="e618a4a4-eb00-4f78-a1af-c7d8de25ec36" testId="04b5ae4a-9995-af19-61fb-019921680928" testName="FormatToStringTest1000(26162.532683261918d,&quot;26162.53 zł&quot;)" computerName="DESKTOP-5URQ9PB" duration="00:00:00.0000190" startTime="2022-06-13T21:12:51.3311283+02:00" endTime="2022-06-13T21:12:51.3311469+02:00" testType="13cdc9d9-ddb5-4fa4-a97d-d965ccfc6d4b" outcome="Passed" testListId="8c84fa94-04c1-424b-9868-57a2d4851a1d" relativeResultsDirectory="e618a4a4-eb00-4f78-a1af-c7d8de25ec36" />
    <UnitTestResult executionId="3fb9734c-f352-4178-a61f-defbece30d1e" testId="04969f67-b379-916a-3275-e53bd0718ea4" testName="FormatToStringTest1000(272.5621069118204d,&quot;272.56 zł&quot;)" computerName="DESKTOP-5URQ9PB" duration="00:00:00.0000180" startTime="2022-06-13T21:12:51.3237334+02:00" endTime="2022-06-13T21:12:51.3237510+02:00" testType="13cdc9d9-ddb5-4fa4-a97d-d965ccfc6d4b" outcome="Passed" testListId="8c84fa94-04c1-424b-9868-57a2d4851a1d" relativeResultsDirectory="3fb9734c-f352-4178-a61f-defbece30d1e" />
    <UnitTestResult executionId="eccd6e3a-f5e5-49b6-87c4-43baf3cdaecf" testId="c8d9f475-0d2c-01ff-49f8-896beab958d5" testName="FormatToStringTest1000(4525.609305084501d,&quot;4525.61 zł&quot;)" computerName="DESKTOP-5URQ9PB" duration="00:00:00.0000190" startTime="2022-06-13T21:12:51.3265054+02:00" endTime="2022-06-13T21:12:51.3265238+02:00" testType="13cdc9d9-ddb5-4fa4-a97d-d965ccfc6d4b" outcome="Passed" testListId="8c84fa94-04c1-424b-9868-57a2d4851a1d" relativeResultsDirectory="eccd6e3a-f5e5-49b6-87c4-43baf3cdaecf" />
    <UnitTestResult executionId="1f199dd5-b97d-4f14-a930-e7150e05e365" testId="bf1576c7-03bd-feeb-bbbd-0a36863eaddc" testName="FormatToStringTest1000(28502.61128259758d,&quot;28502.61 zł&quot;)" computerName="DESKTOP-5URQ9PB" duration="00:00:00.0000190" startTime="2022-06-13T21:12:51.3119737+02:00" endTime="2022-06-13T21:12:51.3119921+02:00" testType="13cdc9d9-ddb5-4fa4-a97d-d965ccfc6d4b" outcome="Passed" testListId="8c84fa94-04c1-424b-9868-57a2d4851a1d" relativeResultsDirectory="1f199dd5-b97d-4f14-a930-e7150e05e365" />
    <UnitTestResult executionId="ce4d82d4-137b-4e6f-a09d-a3b2f5faebed" testId="369d8b6d-6b5f-c2d1-d938-37474ed850e0" testName="FormatToStringTest1000(32632.105531036905d,&quot;32632.11 zł&quot;)" computerName="DESKTOP-5URQ9PB" duration="00:00:00.0000190" startTime="2022-06-13T21:12:51.3108051+02:00" endTime="2022-06-13T21:12:51.3108239+02:00" testType="13cdc9d9-ddb5-4fa4-a97d-d965ccfc6d4b" outcome="Passed" testListId="8c84fa94-04c1-424b-9868-57a2d4851a1d" relativeResultsDirectory="ce4d82d4-137b-4e6f-a09d-a3b2f5faebed" />
    <UnitTestResult executionId="a6a6f08d-9b24-449e-a14d-58f1edbd1588" testId="79aa3047-78e8-7f3b-b717-0010e3a4cd51" testName="FormatToStringTest1000(32821.05661472215d,&quot;32821.06 zł&quot;)" computerName="DESKTOP-5URQ9PB" duration="00:00:00.0000180" startTime="2022-06-13T21:12:51.3271176+02:00" endTime="2022-06-13T21:12:51.3271360+02:00" testType="13cdc9d9-ddb5-4fa4-a97d-d965ccfc6d4b" outcome="Passed" testListId="8c84fa94-04c1-424b-9868-57a2d4851a1d" relativeResultsDirectory="a6a6f08d-9b24-449e-a14d-58f1edbd1588" />
    <UnitTestResult executionId="7eb66ef9-1bfb-47e4-b3ee-4bb91ca3a368" testId="13e85df1-3456-393c-8dca-d481490ed075" testName="FormatToStringTest1000(4094.6752323977066d,&quot;4094.68 zł&quot;)" computerName="DESKTOP-5URQ9PB" duration="00:00:00.0000190" startTime="2022-06-13T21:12:51.3381358+02:00" endTime="2022-06-13T21:12:51.3381541+02:00" testType="13cdc9d9-ddb5-4fa4-a97d-d965ccfc6d4b" outcome="Passed" testListId="8c84fa94-04c1-424b-9868-57a2d4851a1d" relativeResultsDirectory="7eb66ef9-1bfb-47e4-b3ee-4bb91ca3a368" />
    <UnitTestResult executionId="dee57ff0-225b-4979-ac2c-e20262c55272" testId="dd5c672a-615a-d2df-e240-966d42055469" testName="FormatToStringTest1000(13455.521105358153d,&quot;13455.52 zł&quot;)" computerName="DESKTOP-5URQ9PB" duration="00:00:00.0000190" startTime="2022-06-13T21:12:51.3304319+02:00" endTime="2022-06-13T21:12:51.3304511+02:00" testType="13cdc9d9-ddb5-4fa4-a97d-d965ccfc6d4b" outcome="Passed" testListId="8c84fa94-04c1-424b-9868-57a2d4851a1d" relativeResultsDirectory="dee57ff0-225b-4979-ac2c-e20262c55272" />
    <UnitTestResult executionId="a714adf6-9aa9-4e8f-bf81-9501bbb8fdd8" testId="041696c1-18d1-f2dd-9a5d-5cb1c9e853ff" testName="FormatToStringTest1000(22533.17694295811d,&quot;22533.18 zł&quot;)" computerName="DESKTOP-5URQ9PB" duration="00:00:00.0000180" startTime="2022-06-13T21:12:51.3344557+02:00" endTime="2022-06-13T21:12:51.3344739+02:00" testType="13cdc9d9-ddb5-4fa4-a97d-d965ccfc6d4b" outcome="Passed" testListId="8c84fa94-04c1-424b-9868-57a2d4851a1d" relativeResultsDirectory="a714adf6-9aa9-4e8f-bf81-9501bbb8fdd8" />
    <UnitTestResult executionId="943c5fb9-4e02-4553-a51c-8ca386528e84" testId="e384d116-33c4-57e3-344d-6dd941c8a721" testName="FormatToStringTest1000(30199.386730006612d,&quot;30199.39 zł&quot;)" computerName="DESKTOP-5URQ9PB" duration="00:00:00.0000190" startTime="2022-06-13T21:12:51.3327525+02:00" endTime="2022-06-13T21:12:51.3327711+02:00" testType="13cdc9d9-ddb5-4fa4-a97d-d965ccfc6d4b" outcome="Passed" testListId="8c84fa94-04c1-424b-9868-57a2d4851a1d" relativeResultsDirectory="943c5fb9-4e02-4553-a51c-8ca386528e84" />
    <UnitTestResult executionId="9d291fb5-4cd9-48a9-abc3-3364ed3cdbff" testId="db065917-a97a-fe61-77a4-bb6c5d5457d5" testName="FormatToStringTest1000(9897.705953436767d,&quot;9897.71 zł&quot;)" computerName="DESKTOP-5URQ9PB" duration="00:00:00.0000190" startTime="2022-06-13T21:12:51.3239309+02:00" endTime="2022-06-13T21:12:51.3239495+02:00" testType="13cdc9d9-ddb5-4fa4-a97d-d965ccfc6d4b" outcome="Passed" testListId="8c84fa94-04c1-424b-9868-57a2d4851a1d" relativeResultsDirectory="9d291fb5-4cd9-48a9-abc3-3364ed3cdbff" />
    <UnitTestResult executionId="510bec4f-343f-482c-848f-065324f6275b" testId="a3cd1e56-7e87-cbfe-4696-2cfc61bd79f6" testName="FormatToStringTest1000(17098.491445727876d,&quot;17098.49 zł&quot;)" computerName="DESKTOP-5URQ9PB" duration="00:00:00.0000180" startTime="2022-06-13T21:12:51.3248754+02:00" endTime="2022-06-13T21:12:51.3248935+02:00" testType="13cdc9d9-ddb5-4fa4-a97d-d965ccfc6d4b" outcome="Passed" testListId="8c84fa94-04c1-424b-9868-57a2d4851a1d" relativeResultsDirectory="510bec4f-343f-482c-848f-065324f6275b" />
    <UnitTestResult executionId="33b2c7aa-02f7-4407-a607-46a18ce893ec" testId="a64a893d-a7c9-f50c-de3c-debed5fa79b5" testName="FormatToStringTest1000(15841.26419853478d,&quot;15841.26 zł&quot;)" computerName="DESKTOP-5URQ9PB" duration="00:00:00.0000180" startTime="2022-06-13T21:12:51.3327775+02:00" endTime="2022-06-13T21:12:51.3327953+02:00" testType="13cdc9d9-ddb5-4fa4-a97d-d965ccfc6d4b" outcome="Passed" testListId="8c84fa94-04c1-424b-9868-57a2d4851a1d" relativeResultsDirectory="33b2c7aa-02f7-4407-a607-46a18ce893ec" />
    <UnitTestResult executionId="e9d5beab-280e-46e7-9668-bb49ff2cbac3" testId="04eed3c3-572e-20dc-ebe7-5f007fb379ab" testName="FormatToStringTest1000(65204.90483536055d,&quot;65204.90 zł&quot;)" computerName="DESKTOP-5URQ9PB" duration="00:00:00.0000180" startTime="2022-06-13T21:12:51.3338104+02:00" endTime="2022-06-13T21:12:51.3338283+02:00" testType="13cdc9d9-ddb5-4fa4-a97d-d965ccfc6d4b" outcome="Passed" testListId="8c84fa94-04c1-424b-9868-57a2d4851a1d" relativeResultsDirectory="e9d5beab-280e-46e7-9668-bb49ff2cbac3" />
    <UnitTestResult executionId="20b3fafc-2686-4417-9725-dafe055a9693" testId="8a34d143-fbd5-8061-22f1-4fab44554570" testName="FormatToStringTest1000(75162.39407669863d,&quot;75162.39 zł&quot;)" computerName="DESKTOP-5URQ9PB" duration="00:00:00.0000190" startTime="2022-06-13T21:12:51.3158859+02:00" endTime="2022-06-13T21:12:51.3159045+02:00" testType="13cdc9d9-ddb5-4fa4-a97d-d965ccfc6d4b" outcome="Passed" testListId="8c84fa94-04c1-424b-9868-57a2d4851a1d" relativeResultsDirectory="20b3fafc-2686-4417-9725-dafe055a9693" />
    <UnitTestResult executionId="e4a76f7c-a3bf-4994-aba4-950f418f284f" testId="35113593-4524-9172-cef8-1a1f5c1dfb29" testName="FormatToStringTest1000(134.1514758393874d,&quot;134.15 zł&quot;)" computerName="DESKTOP-5URQ9PB" duration="00:00:00.0000190" startTime="2022-06-13T21:12:51.3275683+02:00" endTime="2022-06-13T21:12:51.3275870+02:00" testType="13cdc9d9-ddb5-4fa4-a97d-d965ccfc6d4b" outcome="Passed" testListId="8c84fa94-04c1-424b-9868-57a2d4851a1d" relativeResultsDirectory="e4a76f7c-a3bf-4994-aba4-950f418f284f" />
    <UnitTestResult executionId="03855939-f3cc-44fe-999e-60f0f2d7322b" testId="a6927394-4cdf-6861-5383-48d3191f12fe" testName="FormatToStringTest1000(11958.422287871792d,&quot;11958.42 zł&quot;)" computerName="DESKTOP-5URQ9PB" duration="00:00:00.0000180" startTime="2022-06-13T21:12:51.3201745+02:00" endTime="2022-06-13T21:12:51.3201925+02:00" testType="13cdc9d9-ddb5-4fa4-a97d-d965ccfc6d4b" outcome="Passed" testListId="8c84fa94-04c1-424b-9868-57a2d4851a1d" relativeResultsDirectory="03855939-f3cc-44fe-999e-60f0f2d7322b" />
    <UnitTestResult executionId="0654e321-7ef4-4dc5-9868-ed55d250ba1f" testId="ac23e196-8a79-cb67-41ad-c8975a08f154" testName="FormatToStringTest1000(5566.818038455592d,&quot;5566.82 zł&quot;)" computerName="DESKTOP-5URQ9PB" duration="00:00:00.0000190" startTime="2022-06-13T21:12:51.3283401+02:00" endTime="2022-06-13T21:12:51.3283587+02:00" testType="13cdc9d9-ddb5-4fa4-a97d-d965ccfc6d4b" outcome="Passed" testListId="8c84fa94-04c1-424b-9868-57a2d4851a1d" relativeResultsDirectory="0654e321-7ef4-4dc5-9868-ed55d250ba1f" />
    <UnitTestResult executionId="873d7bc8-94ba-4ad3-af91-0be828adf1f6" testId="298a4d26-abe3-d2f6-50a3-14e473e9fa24" testName="FormatToStringTest1000(5840.747097845071d,&quot;5840.75 zł&quot;)" computerName="DESKTOP-5URQ9PB" duration="00:00:00.0000180" startTime="2022-06-13T21:12:51.3300821+02:00" endTime="2022-06-13T21:12:51.3300999+02:00" testType="13cdc9d9-ddb5-4fa4-a97d-d965ccfc6d4b" outcome="Passed" testListId="8c84fa94-04c1-424b-9868-57a2d4851a1d" relativeResultsDirectory="873d7bc8-94ba-4ad3-af91-0be828adf1f6" />
    <UnitTestResult executionId="560554e9-d2ca-4a13-9c3d-7649d369da8d" testId="b41bb231-beda-2963-85d3-5ce48fa4ac9e" testName="FormatToStringTest1000(6146.91236741278d,&quot;6146.91 zł&quot;)" computerName="DESKTOP-5URQ9PB" duration="00:00:00.0000180" startTime="2022-06-13T21:12:51.3341317+02:00" endTime="2022-06-13T21:12:51.3341492+02:00" testType="13cdc9d9-ddb5-4fa4-a97d-d965ccfc6d4b" outcome="Passed" testListId="8c84fa94-04c1-424b-9868-57a2d4851a1d" relativeResultsDirectory="560554e9-d2ca-4a13-9c3d-7649d369da8d" />
    <UnitTestResult executionId="83c92f22-4867-48fa-9f12-20b9ee0da04b" testId="de399ac2-0e9a-031b-1b43-49701fcdb8f0" testName="FormatToStringTest1000(10174.652801423637d,&quot;10174.65 zł&quot;)" computerName="DESKTOP-5URQ9PB" duration="00:00:00.0000190" startTime="2022-06-13T21:12:51.3254453+02:00" endTime="2022-06-13T21:12:51.3254638+02:00" testType="13cdc9d9-ddb5-4fa4-a97d-d965ccfc6d4b" outcome="Passed" testListId="8c84fa94-04c1-424b-9868-57a2d4851a1d" relativeResultsDirectory="83c92f22-4867-48fa-9f12-20b9ee0da04b" />
    <UnitTestResult executionId="77bcf92b-c54c-4a6e-a6ec-93eefb42fa02" testId="20eba454-047b-5e64-79ba-74e9397a20a4" testName="FormatToStringTest1000(7726.0074454499445d,&quot;7726.01 zł&quot;)" computerName="DESKTOP-5URQ9PB" duration="00:00:00.0000190" startTime="2022-06-13T21:12:51.3178004+02:00" endTime="2022-06-13T21:12:51.3178191+02:00" testType="13cdc9d9-ddb5-4fa4-a97d-d965ccfc6d4b" outcome="Passed" testListId="8c84fa94-04c1-424b-9868-57a2d4851a1d" relativeResultsDirectory="77bcf92b-c54c-4a6e-a6ec-93eefb42fa02" />
    <UnitTestResult executionId="a6f9ec08-d20f-484a-8f07-00a1c799b73a" testId="dc6fc325-7591-5ff6-3e13-ef3b13583bb4" testName="FormatToStringTest1000(54304.07738935393d,&quot;54304.08 zł&quot;)" computerName="DESKTOP-5URQ9PB" duration="00:00:00.0000180" startTime="2022-06-13T21:12:51.3352973+02:00" endTime="2022-06-13T21:12:51.3353148+02:00" testType="13cdc9d9-ddb5-4fa4-a97d-d965ccfc6d4b" outcome="Passed" testListId="8c84fa94-04c1-424b-9868-57a2d4851a1d" relativeResultsDirectory="a6f9ec08-d20f-484a-8f07-00a1c799b73a" />
    <UnitTestResult executionId="4e849208-e605-491a-81c2-e2c4cc0218fa" testId="ffb7284d-9149-6f2f-e2cd-12399f61de50" testName="FormatToStringTest1000(21893.78889296939d,&quot;21893.79 zł&quot;)" computerName="DESKTOP-5URQ9PB" duration="00:00:00.0000180" startTime="2022-06-13T21:12:51.3339567+02:00" endTime="2022-06-13T21:12:51.3339745+02:00" testType="13cdc9d9-ddb5-4fa4-a97d-d965ccfc6d4b" outcome="Passed" testListId="8c84fa94-04c1-424b-9868-57a2d4851a1d" relativeResultsDirectory="4e849208-e605-491a-81c2-e2c4cc0218fa" />
    <UnitTestResult executionId="6a3446c7-8530-48b0-8084-d06c24d39e52" testId="4593d3e0-40c6-d633-5fcd-f61df33025dc" testName="FormatToStringTest1000(12187.551827252633d,&quot;12187.55 zł&quot;)" computerName="DESKTOP-5URQ9PB" duration="00:00:00.0000180" startTime="2022-06-13T21:12:51.3162823+02:00" endTime="2022-06-13T21:12:51.3163003+02:00" testType="13cdc9d9-ddb5-4fa4-a97d-d965ccfc6d4b" outcome="Passed" testListId="8c84fa94-04c1-424b-9868-57a2d4851a1d" relativeResultsDirectory="6a3446c7-8530-48b0-8084-d06c24d39e52" />
    <UnitTestResult executionId="8458da17-d128-425a-9d7d-1f39661030fb" testId="37887ca9-f36b-5081-1e8a-5e4e1fff4e53" testName="FormatToStringTest1000(75915.01943546813d,&quot;75915.02 zł&quot;)" computerName="DESKTOP-5URQ9PB" duration="00:00:00.0000180" startTime="2022-06-13T21:12:51.3194828+02:00" endTime="2022-06-13T21:12:51.3195005+02:00" testType="13cdc9d9-ddb5-4fa4-a97d-d965ccfc6d4b" outcome="Passed" testListId="8c84fa94-04c1-424b-9868-57a2d4851a1d" relativeResultsDirectory="8458da17-d128-425a-9d7d-1f39661030fb" />
    <UnitTestResult executionId="a5d2d618-e959-444b-8c4f-fa5c3fa3b447" testId="faf63bba-5452-3836-a95e-2474023d45ad" testName="FormatToStringTest1000(40913.016669489916d,&quot;40913.02 zł&quot;)" computerName="DESKTOP-5URQ9PB" duration="00:00:00.0000180" startTime="2022-06-13T21:12:51.3325552+02:00" endTime="2022-06-13T21:12:51.3325730+02:00" testType="13cdc9d9-ddb5-4fa4-a97d-d965ccfc6d4b" outcome="Passed" testListId="8c84fa94-04c1-424b-9868-57a2d4851a1d" relativeResultsDirectory="a5d2d618-e959-444b-8c4f-fa5c3fa3b447" />
    <UnitTestResult executionId="7b29d337-896c-458c-b665-5473c6bc6610" testId="4f1f0a63-e0be-64e6-2c9f-87d58c623ce7" testName="FormatToStringTest1000(9750.134289915735d,&quot;9750.13 zł&quot;)" computerName="DESKTOP-5URQ9PB" duration="00:00:00.0000230" startTime="2022-06-13T21:12:51.3284150+02:00" endTime="2022-06-13T21:12:51.3284377+02:00" testType="13cdc9d9-ddb5-4fa4-a97d-d965ccfc6d4b" outcome="Passed" testListId="8c84fa94-04c1-424b-9868-57a2d4851a1d" relativeResultsDirectory="7b29d337-896c-458c-b665-5473c6bc6610" />
    <UnitTestResult executionId="4a546500-4b6d-4cee-97c5-885f293892a6" testId="cdb063aa-c8f9-b0b9-d5b0-6f880917f1b4" testName="FormatToStringTest1000(28155.26504817664d,&quot;28155.27 zł&quot;)" computerName="DESKTOP-5URQ9PB" duration="00:00:00.0000180" startTime="2022-06-13T21:12:51.3202238+02:00" endTime="2022-06-13T21:12:51.3202420+02:00" testType="13cdc9d9-ddb5-4fa4-a97d-d965ccfc6d4b" outcome="Passed" testListId="8c84fa94-04c1-424b-9868-57a2d4851a1d" relativeResultsDirectory="4a546500-4b6d-4cee-97c5-885f293892a6" />
    <UnitTestResult executionId="6af7bedd-640a-4d66-a617-58c98574da1c" testId="610377d7-39b0-f1e5-075a-04c0ff0b06a2" testName="FormatToStringTest1000(19392.945535027862d,&quot;19392.95 zł&quot;)" computerName="DESKTOP-5URQ9PB" duration="00:00:00.0000180" startTime="2022-06-13T21:12:51.3187665+02:00" endTime="2022-06-13T21:12:51.3187846+02:00" testType="13cdc9d9-ddb5-4fa4-a97d-d965ccfc6d4b" outcome="Passed" testListId="8c84fa94-04c1-424b-9868-57a2d4851a1d" relativeResultsDirectory="6af7bedd-640a-4d66-a617-58c98574da1c" />
    <UnitTestResult executionId="789071b7-af49-4ed9-a39f-465a9bb68975" testId="1640b6a1-03c2-f3db-49e3-38921c8dee24" testName="FormatToStringTest1000(964.9678631783313d,&quot;964.97 zł&quot;)" computerName="DESKTOP-5URQ9PB" duration="00:00:00.0000180" startTime="2022-06-13T21:12:51.3175773+02:00" endTime="2022-06-13T21:12:51.3175954+02:00" testType="13cdc9d9-ddb5-4fa4-a97d-d965ccfc6d4b" outcome="Passed" testListId="8c84fa94-04c1-424b-9868-57a2d4851a1d" relativeResultsDirectory="789071b7-af49-4ed9-a39f-465a9bb68975" />
    <UnitTestResult executionId="007ef390-c5ec-4e0b-a933-e094d2f41a2c" testId="11ead46a-3fc2-e54b-9ee7-6572b1ea2616" testName="FormatToStringTest1000(8768.816937361293d,&quot;8768.82 zł&quot;)" computerName="DESKTOP-5URQ9PB" duration="00:00:00.0000190" startTime="2022-06-13T21:12:51.3117030+02:00" endTime="2022-06-13T21:12:51.3117217+02:00" testType="13cdc9d9-ddb5-4fa4-a97d-d965ccfc6d4b" outcome="Passed" testListId="8c84fa94-04c1-424b-9868-57a2d4851a1d" relativeResultsDirectory="007ef390-c5ec-4e0b-a933-e094d2f41a2c" />
    <UnitTestResult executionId="158c252c-7679-4da7-b0c2-7f16fd4dfcc4" testId="03343bcc-4f24-4c8a-3ccc-51481d1ee303" testName="FormatToStringTest1000(31300.40752580967d,&quot;31300.41 zł&quot;)" computerName="DESKTOP-5URQ9PB" duration="00:00:00.0000190" startTime="2022-06-13T21:12:51.3122183+02:00" endTime="2022-06-13T21:12:51.3122371+02:00" testType="13cdc9d9-ddb5-4fa4-a97d-d965ccfc6d4b" outcome="Passed" testListId="8c84fa94-04c1-424b-9868-57a2d4851a1d" relativeResultsDirectory="158c252c-7679-4da7-b0c2-7f16fd4dfcc4" />
    <UnitTestResult executionId="99bc0970-e2d3-45a8-8af3-ffd2dd0ef70b" testId="217115b6-0d47-12a1-e34e-67f742ff910b" testName="FormatToStringTest1000(26945.125386551546d,&quot;26945.13 zł&quot;)" computerName="DESKTOP-5URQ9PB" duration="00:00:00.0000180" startTime="2022-06-13T21:12:51.3139255+02:00" endTime="2022-06-13T21:12:51.3139433+02:00" testType="13cdc9d9-ddb5-4fa4-a97d-d965ccfc6d4b" outcome="Passed" testListId="8c84fa94-04c1-424b-9868-57a2d4851a1d" relativeResultsDirectory="99bc0970-e2d3-45a8-8af3-ffd2dd0ef70b" />
    <UnitTestResult executionId="39706d0b-ab87-4d38-9e23-da08f5c2a6a8" testId="d8fff351-64d1-1a21-4739-3e89df4d873b" testName="FormatToStringTest1000(2929.267390865026d,&quot;2929.27 zł&quot;)" computerName="DESKTOP-5URQ9PB" duration="00:00:00.0000190" startTime="2022-06-13T21:12:51.3327034+02:00" endTime="2022-06-13T21:12:51.3327218+02:00" testType="13cdc9d9-ddb5-4fa4-a97d-d965ccfc6d4b" outcome="Passed" testListId="8c84fa94-04c1-424b-9868-57a2d4851a1d" relativeResultsDirectory="39706d0b-ab87-4d38-9e23-da08f5c2a6a8" />
    <UnitTestResult executionId="3c188d87-dc61-45a0-a7ba-bbb77635cad3" testId="a08c8488-fa9f-7deb-e37e-0124bdaf71c9" testName="FormatToStringTest1000(70771.4436677524d,&quot;70771.44 zł&quot;)" computerName="DESKTOP-5URQ9PB" duration="00:00:00.0000190" startTime="2022-06-13T21:12:51.3130177+02:00" endTime="2022-06-13T21:12:51.3130365+02:00" testType="13cdc9d9-ddb5-4fa4-a97d-d965ccfc6d4b" outcome="Passed" testListId="8c84fa94-04c1-424b-9868-57a2d4851a1d" relativeResultsDirectory="3c188d87-dc61-45a0-a7ba-bbb77635cad3" />
    <UnitTestResult executionId="79aacf69-f9eb-4128-9059-1d5372f620c2" testId="7d9a319c-0aa5-831a-d202-712bedb1b15a" testName="FormatToStringTest1000(39178.05988345298d,&quot;39178.06 zł&quot;)" computerName="DESKTOP-5URQ9PB" duration="00:00:00.0000190" startTime="2022-06-13T21:12:51.3124471+02:00" endTime="2022-06-13T21:12:51.3124660+02:00" testType="13cdc9d9-ddb5-4fa4-a97d-d965ccfc6d4b" outcome="Passed" testListId="8c84fa94-04c1-424b-9868-57a2d4851a1d" relativeResultsDirectory="79aacf69-f9eb-4128-9059-1d5372f620c2" />
    <UnitTestResult executionId="08d6c512-b4b0-42f1-a54c-d5f8085ea145" testId="5fdca359-14d7-98c9-3f79-03e22f946141" testName="FormatToStringTest1000(12429.698213906819d,&quot;12429.70 zł&quot;)" computerName="DESKTOP-5URQ9PB" duration="00:00:00.0000180" startTime="2022-06-13T21:12:51.3205343+02:00" endTime="2022-06-13T21:12:51.3205524+02:00" testType="13cdc9d9-ddb5-4fa4-a97d-d965ccfc6d4b" outcome="Passed" testListId="8c84fa94-04c1-424b-9868-57a2d4851a1d" relativeResultsDirectory="08d6c512-b4b0-42f1-a54c-d5f8085ea145" />
    <UnitTestResult executionId="6918f5ef-0a87-4793-a8c7-a114d7758a0b" testId="a6e465ee-f568-61da-4158-e730cb849679" testName="FormatToStringTest1000(4121.116360678857d,&quot;4121.12 zł&quot;)" computerName="DESKTOP-5URQ9PB" duration="00:00:00.0000180" startTime="2022-06-13T21:12:51.3217720+02:00" endTime="2022-06-13T21:12:51.3217898+02:00" testType="13cdc9d9-ddb5-4fa4-a97d-d965ccfc6d4b" outcome="Passed" testListId="8c84fa94-04c1-424b-9868-57a2d4851a1d" relativeResultsDirectory="6918f5ef-0a87-4793-a8c7-a114d7758a0b" />
    <UnitTestResult executionId="2dc5ee04-cdfe-4df7-a473-b035156478bc" testId="71fdf905-97fb-1d5b-9602-e52da179cf3f" testName="FormatToStringTest1000(6915.421130504656d,&quot;6915.42 zł&quot;)" computerName="DESKTOP-5URQ9PB" duration="00:00:00.0000180" startTime="2022-06-13T21:12:51.3230635+02:00" endTime="2022-06-13T21:12:51.3230817+02:00" testType="13cdc9d9-ddb5-4fa4-a97d-d965ccfc6d4b" outcome="Passed" testListId="8c84fa94-04c1-424b-9868-57a2d4851a1d" relativeResultsDirectory="2dc5ee04-cdfe-4df7-a473-b035156478bc" />
    <UnitTestResult executionId="3b746235-f769-45d9-9019-4380f23509da" testId="8444e906-7a92-9021-9b3f-57eb7bbd8067" testName="FormatToStringTest1000(2883.637133003975d,&quot;2883.64 zł&quot;)" computerName="DESKTOP-5URQ9PB" duration="00:00:00.0000190" startTime="2022-06-13T21:12:51.3299335+02:00" endTime="2022-06-13T21:12:51.3299519+02:00" testType="13cdc9d9-ddb5-4fa4-a97d-d965ccfc6d4b" outcome="Passed" testListId="8c84fa94-04c1-424b-9868-57a2d4851a1d" relativeResultsDirectory="3b746235-f769-45d9-9019-4380f23509da" />
    <UnitTestResult executionId="5b1d25ac-1f15-4eae-bf8b-869911ae012a" testId="6aa37256-4a27-aaf0-2d68-1faeac68f58c" testName="FormatToStringTest1000(67230.86250807665d,&quot;67230.86 zł&quot;)" computerName="DESKTOP-5URQ9PB" duration="00:00:00.0000190" startTime="2022-06-13T21:12:51.3137537+02:00" endTime="2022-06-13T21:12:51.3137720+02:00" testType="13cdc9d9-ddb5-4fa4-a97d-d965ccfc6d4b" outcome="Passed" testListId="8c84fa94-04c1-424b-9868-57a2d4851a1d" relativeResultsDirectory="5b1d25ac-1f15-4eae-bf8b-869911ae012a" />
    <UnitTestResult executionId="688ef727-5772-41d3-bbf7-e29b7e7429d0" testId="2f443958-bb91-68f7-90b6-2eae1e3219b3" testName="FormatToStringTest1000(26207.03715363659d,&quot;26207.04 zł&quot;)" computerName="DESKTOP-5URQ9PB" duration="00:00:00.0000190" startTime="2022-06-13T21:12:51.3153578+02:00" endTime="2022-06-13T21:12:51.3153762+02:00" testType="13cdc9d9-ddb5-4fa4-a97d-d965ccfc6d4b" outcome="Passed" testListId="8c84fa94-04c1-424b-9868-57a2d4851a1d" relativeResultsDirectory="688ef727-5772-41d3-bbf7-e29b7e7429d0" />
    <UnitTestResult executionId="ece31b81-08ad-46ae-aa8c-2f751850cb0e" testId="1172006b-9d72-b3a7-ee7d-07862438f160" testName="FormatToStringTest1000(11944.74385168531d,&quot;11944.74 zł&quot;)" computerName="DESKTOP-5URQ9PB" duration="00:00:00.0000180" startTime="2022-06-13T21:12:51.3345536+02:00" endTime="2022-06-13T21:12:51.3345712+02:00" testType="13cdc9d9-ddb5-4fa4-a97d-d965ccfc6d4b" outcome="Passed" testListId="8c84fa94-04c1-424b-9868-57a2d4851a1d" relativeResultsDirectory="ece31b81-08ad-46ae-aa8c-2f751850cb0e" />
    <UnitTestResult executionId="b6e70fd8-5d56-40ff-8083-c4dd77f6cae0" testId="4b66c56d-0547-dbc0-4364-ccf548a1bb40" testName="FormatToStringTest1000(22281.48592587257d,&quot;22281.49 zł&quot;)" computerName="DESKTOP-5URQ9PB" duration="00:00:00.0000190" startTime="2022-06-13T21:12:51.3180476+02:00" endTime="2022-06-13T21:12:51.3180660+02:00" testType="13cdc9d9-ddb5-4fa4-a97d-d965ccfc6d4b" outcome="Passed" testListId="8c84fa94-04c1-424b-9868-57a2d4851a1d" relativeResultsDirectory="b6e70fd8-5d56-40ff-8083-c4dd77f6cae0" />
    <UnitTestResult executionId="21bdb7bb-ce29-496e-b3ba-a9355811dd8b" testId="149b451f-18ff-71da-64d2-d4ad70318933" testName="FormatToStringTest1000(28080.92507087669d,&quot;28080.93 zł&quot;)" computerName="DESKTOP-5URQ9PB" duration="00:00:00.0000180" startTime="2022-06-13T21:12:51.3330224+02:00" endTime="2022-06-13T21:12:51.3330403+02:00" testType="13cdc9d9-ddb5-4fa4-a97d-d965ccfc6d4b" outcome="Passed" testListId="8c84fa94-04c1-424b-9868-57a2d4851a1d" relativeResultsDirectory="21bdb7bb-ce29-496e-b3ba-a9355811dd8b" />
    <UnitTestResult executionId="ed7641a6-3b02-465d-8034-599b11060d4b" testId="9277cfc2-3adf-cf52-f9f5-a84d42e6305c" testName="FormatToStringTest1000(24768.25771770359d,&quot;24768.26 zł&quot;)" computerName="DESKTOP-5URQ9PB" duration="00:00:00.0000180" startTime="2022-06-13T21:12:51.3186688+02:00" endTime="2022-06-13T21:12:51.3186867+02:00" testType="13cdc9d9-ddb5-4fa4-a97d-d965ccfc6d4b" outcome="Passed" testListId="8c84fa94-04c1-424b-9868-57a2d4851a1d" relativeResultsDirectory="ed7641a6-3b02-465d-8034-599b11060d4b" />
    <UnitTestResult executionId="8442e8ab-0895-4c1a-a360-b910f63a3428" testId="34a0ec2a-ee87-5c68-071f-7bf4fe21828e" testName="FormatToStringTest1000(18596.12661189033d,&quot;18596.13 zł&quot;)" computerName="DESKTOP-5URQ9PB" duration="00:00:00.0000190" startTime="2022-06-13T21:12:51.3250470+02:00" endTime="2022-06-13T21:12:51.3250658+02:00" testType="13cdc9d9-ddb5-4fa4-a97d-d965ccfc6d4b" outcome="Passed" testListId="8c84fa94-04c1-424b-9868-57a2d4851a1d" relativeResultsDirectory="8442e8ab-0895-4c1a-a360-b910f63a3428" />
    <UnitTestResult executionId="81219a1f-8a02-4230-8661-fec0c676bd58" testId="4df235b9-e889-4809-39c8-ff3e09688830" testName="FormatToStringTest1000(11922.837782177532d,&quot;11922.84 zł&quot;)" computerName="DESKTOP-5URQ9PB" duration="00:00:00.0000190" startTime="2022-06-13T21:12:51.3190359+02:00" endTime="2022-06-13T21:12:51.3190548+02:00" testType="13cdc9d9-ddb5-4fa4-a97d-d965ccfc6d4b" outcome="Passed" testListId="8c84fa94-04c1-424b-9868-57a2d4851a1d" relativeResultsDirectory="81219a1f-8a02-4230-8661-fec0c676bd58" />
    <UnitTestResult executionId="e02017c2-bd4a-4dda-a5e8-9f5b3f9c39a6" testId="75afa51d-4efe-ca98-69aa-dcba7171c9c1" testName="FormatToStringTest1000(6313.543884690639d,&quot;6313.54 zł&quot;)" computerName="DESKTOP-5URQ9PB" duration="00:00:00.0000190" startTime="2022-06-13T21:12:51.3212737+02:00" endTime="2022-06-13T21:12:51.3212924+02:00" testType="13cdc9d9-ddb5-4fa4-a97d-d965ccfc6d4b" outcome="Passed" testListId="8c84fa94-04c1-424b-9868-57a2d4851a1d" relativeResultsDirectory="e02017c2-bd4a-4dda-a5e8-9f5b3f9c39a6" />
    <UnitTestResult executionId="b8f60744-9898-4641-b081-93fbe2fbb187" testId="513b5d8b-983e-b793-a988-3659c0ad4956" testName="FormatToStringTest1000(31340.79231238914d,&quot;31340.79 zł&quot;)" computerName="DESKTOP-5URQ9PB" duration="00:00:00.0000190" startTime="2022-06-13T21:12:51.3157382+02:00" endTime="2022-06-13T21:12:51.3157566+02:00" testType="13cdc9d9-ddb5-4fa4-a97d-d965ccfc6d4b" outcome="Passed" testListId="8c84fa94-04c1-424b-9868-57a2d4851a1d" relativeResultsDirectory="b8f60744-9898-4641-b081-93fbe2fbb187" />
    <UnitTestResult executionId="5c38fac1-d993-4efd-bd63-97ef38cf6a06" testId="c2a86a28-0c33-4ec7-8c21-c750433881c4" testName="FormatToStringTest1000(468.83385119346616d,&quot;468.83 zł&quot;)" computerName="DESKTOP-5URQ9PB" duration="00:00:00.0000190" startTime="2022-06-13T21:12:51.3115060+02:00" endTime="2022-06-13T21:12:51.3115244+02:00" testType="13cdc9d9-ddb5-4fa4-a97d-d965ccfc6d4b" outcome="Passed" testListId="8c84fa94-04c1-424b-9868-57a2d4851a1d" relativeResultsDirectory="5c38fac1-d993-4efd-bd63-97ef38cf6a06" />
    <UnitTestResult executionId="386491d8-b6b4-4698-bbf9-63267e4030ef" testId="521fa3b6-9e37-72bc-d9e9-42020df0aa26" testName="FormatToStringTest1000(6205.946199725357d,&quot;6205.95 zł&quot;)" computerName="DESKTOP-5URQ9PB" duration="00:00:00.0000220" startTime="2022-06-13T21:12:51.3194040+02:00" endTime="2022-06-13T21:12:51.3194255+02:00" testType="13cdc9d9-ddb5-4fa4-a97d-d965ccfc6d4b" outcome="Passed" testListId="8c84fa94-04c1-424b-9868-57a2d4851a1d" relativeResultsDirectory="386491d8-b6b4-4698-bbf9-63267e4030ef" />
    <UnitTestResult executionId="e759133d-a4a5-4c4a-b733-75138108d5a2" testId="d97cfe1a-5414-3b7f-eeae-c71aa9b34634" testName="FormatToStringTest1000(26515.80237687929d,&quot;26515.80 zł&quot;)" computerName="DESKTOP-5URQ9PB" duration="00:00:00.0000200" startTime="2022-06-13T21:12:51.3109587+02:00" endTime="2022-06-13T21:12:51.3109781+02:00" testType="13cdc9d9-ddb5-4fa4-a97d-d965ccfc6d4b" outcome="Passed" testListId="8c84fa94-04c1-424b-9868-57a2d4851a1d" relativeResultsDirectory="e759133d-a4a5-4c4a-b733-75138108d5a2" />
    <UnitTestResult executionId="3771dcd9-acd5-44c7-8127-6ac675e48e45" testId="a0b62237-e6b4-ed13-bf88-ac0909d8c7c4" testName="FormatToStringTest1000(11871.427211910219d,&quot;11871.43 zł&quot;)" computerName="DESKTOP-5URQ9PB" duration="00:00:00.0000190" startTime="2022-06-13T21:12:51.3236839+02:00" endTime="2022-06-13T21:12:51.3237024+02:00" testType="13cdc9d9-ddb5-4fa4-a97d-d965ccfc6d4b" outcome="Passed" testListId="8c84fa94-04c1-424b-9868-57a2d4851a1d" relativeResultsDirectory="3771dcd9-acd5-44c7-8127-6ac675e48e45" />
    <UnitTestResult executionId="979b54ba-7ee2-4c9b-9cda-2ac681c147a2" testId="0736f335-702e-d9c8-77f1-e0501c90e917" testName="FormatToStringTest1000(19873.59831658453d,&quot;19873.60 zł&quot;)" computerName="DESKTOP-5URQ9PB" duration="00:00:00.0000180" startTime="2022-06-13T21:12:51.3294897+02:00" endTime="2022-06-13T21:12:51.3295077+02:00" testType="13cdc9d9-ddb5-4fa4-a97d-d965ccfc6d4b" outcome="Passed" testListId="8c84fa94-04c1-424b-9868-57a2d4851a1d" relativeResultsDirectory="979b54ba-7ee2-4c9b-9cda-2ac681c147a2" />
    <UnitTestResult executionId="9f35de69-a2dd-415f-a824-69f323d011a4" testId="e2350845-1f3f-6907-3805-d81b5dce3aed" testName="FormatToStringTest1000(32908.76696502639d,&quot;32908.77 zł&quot;)" computerName="DESKTOP-5URQ9PB" duration="00:00:00.0000180" startTime="2022-06-13T21:12:51.3163064+02:00" endTime="2022-06-13T21:12:51.3163244+02:00" testType="13cdc9d9-ddb5-4fa4-a97d-d965ccfc6d4b" outcome="Passed" testListId="8c84fa94-04c1-424b-9868-57a2d4851a1d" relativeResultsDirectory="9f35de69-a2dd-415f-a824-69f323d011a4" />
    <UnitTestResult executionId="1c43cfa4-b449-4a2c-84c4-9ca51b160782" testId="764dde41-f2ed-c432-64e0-910368db710d" testName="FormatToStringTest1000(750.5106571719566d,&quot;750.51 zł&quot;)" computerName="DESKTOP-5URQ9PB" duration="00:00:00.0000180" startTime="2022-06-13T21:12:51.3334942+02:00" endTime="2022-06-13T21:12:51.3335116+02:00" testType="13cdc9d9-ddb5-4fa4-a97d-d965ccfc6d4b" outcome="Passed" testListId="8c84fa94-04c1-424b-9868-57a2d4851a1d" relativeResultsDirectory="1c43cfa4-b449-4a2c-84c4-9ca51b160782" />
    <UnitTestResult executionId="f6ee90c7-e69e-4c2a-91d4-7fca53f3dfe9" testId="a9bc5968-881f-208e-3a3a-e085883b32c4" testName="FormatToStringTest1000(31391.358864880804d,&quot;31391.36 zł&quot;)" computerName="DESKTOP-5URQ9PB" duration="00:00:00.0000310" startTime="2022-06-13T21:12:51.3318875+02:00" endTime="2022-06-13T21:12:51.3319182+02:00" testType="13cdc9d9-ddb5-4fa4-a97d-d965ccfc6d4b" outcome="Passed" testListId="8c84fa94-04c1-424b-9868-57a2d4851a1d" relativeResultsDirectory="f6ee90c7-e69e-4c2a-91d4-7fca53f3dfe9" />
    <UnitTestResult executionId="46b53661-dc41-482a-8b1a-912556e6cf6f" testId="386c80c9-6738-6119-052a-4c505d8f4e31" testName="FormatToStringTest1000(9867.823212210007d,&quot;9867.82 zł&quot;)" computerName="DESKTOP-5URQ9PB" duration="00:00:00.0000190" startTime="2022-06-13T21:12:51.3127433+02:00" endTime="2022-06-13T21:12:51.3127621+02:00" testType="13cdc9d9-ddb5-4fa4-a97d-d965ccfc6d4b" outcome="Passed" testListId="8c84fa94-04c1-424b-9868-57a2d4851a1d" relativeResultsDirectory="46b53661-dc41-482a-8b1a-912556e6cf6f" />
    <UnitTestResult executionId="f81034b5-c3a9-4d9e-a1ef-640b28469279" testId="49538287-c6a8-9cce-5150-35176d68e7fe" testName="FormatToStringTest1000(25908.345463821825d,&quot;25908.35 zł&quot;)" computerName="DESKTOP-5URQ9PB" duration="00:00:00.0000180" startTime="2022-06-13T21:12:51.3273648+02:00" endTime="2022-06-13T21:12:51.3273826+02:00" testType="13cdc9d9-ddb5-4fa4-a97d-d965ccfc6d4b" outcome="Passed" testListId="8c84fa94-04c1-424b-9868-57a2d4851a1d" relativeResultsDirectory="f81034b5-c3a9-4d9e-a1ef-640b28469279" />
    <UnitTestResult executionId="84485596-0482-41ac-86d5-fa7a7a6fa29c" testId="f3eb9765-0045-7d49-5de3-054bd621a41f" testName="FormatToStringTest1000(21996.80326662576d,&quot;21996.80 zł&quot;)" computerName="DESKTOP-5URQ9PB" duration="00:00:00.0000190" startTime="2022-06-13T21:12:51.3352237+02:00" endTime="2022-06-13T21:12:51.3352422+02:00" testType="13cdc9d9-ddb5-4fa4-a97d-d965ccfc6d4b" outcome="Passed" testListId="8c84fa94-04c1-424b-9868-57a2d4851a1d" relativeResultsDirectory="84485596-0482-41ac-86d5-fa7a7a6fa29c" />
    <UnitTestResult executionId="154abf79-fb4a-4568-8c56-0ccf3d3fb31c" testId="0c4c15ff-4158-9c17-cd9b-2647420fd170" testName="FormatToStringTest1000(7119.076353227755d,&quot;7119.08 zł&quot;)" computerName="DESKTOP-5URQ9PB" duration="00:00:00.0000180" startTime="2022-06-13T21:12:51.3251956+02:00" endTime="2022-06-13T21:12:51.3252134+02:00" testType="13cdc9d9-ddb5-4fa4-a97d-d965ccfc6d4b" outcome="Passed" testListId="8c84fa94-04c1-424b-9868-57a2d4851a1d" relativeResultsDirectory="154abf79-fb4a-4568-8c56-0ccf3d3fb31c" />
    <UnitTestResult executionId="955d8338-b68a-41fb-b0b5-aca759b646bc" testId="8951be4f-c5d7-21a4-85c8-2fc370bed815" testName="FormatToStringTest1000(13681.607566007231d,&quot;13681.61 zł&quot;)" computerName="DESKTOP-5URQ9PB" duration="00:00:00.0000190" startTime="2022-06-13T21:12:51.3242034+02:00" endTime="2022-06-13T21:12:51.3242218+02:00" testType="13cdc9d9-ddb5-4fa4-a97d-d965ccfc6d4b" outcome="Passed" testListId="8c84fa94-04c1-424b-9868-57a2d4851a1d" relativeResultsDirectory="955d8338-b68a-41fb-b0b5-aca759b646bc" />
    <UnitTestResult executionId="1dad8257-fa57-4bfc-8066-777f1049c135" testId="a7c76906-c1d7-0c9c-096c-a6235194b8e7" testName="FormatToStringTest1000(1896.1704506483723d,&quot;1896.17 zł&quot;)" computerName="DESKTOP-5URQ9PB" duration="00:00:00.0000180" startTime="2022-06-13T21:12:51.3177759+02:00" endTime="2022-06-13T21:12:51.3177941+02:00" testType="13cdc9d9-ddb5-4fa4-a97d-d965ccfc6d4b" outcome="Passed" testListId="8c84fa94-04c1-424b-9868-57a2d4851a1d" relativeResultsDirectory="1dad8257-fa57-4bfc-8066-777f1049c135" />
    <UnitTestResult executionId="0080ee36-134a-40d9-aef7-6d98bfef0be3" testId="70fae426-3482-001e-3d7c-925da7888589" testName="FormatToStringTest1000(21693.340115174808d,&quot;21693.34 zł&quot;)" computerName="DESKTOP-5URQ9PB" duration="00:00:00.0000190" startTime="2022-06-13T21:12:51.3230879+02:00" endTime="2022-06-13T21:12:51.3231065+02:00" testType="13cdc9d9-ddb5-4fa4-a97d-d965ccfc6d4b" outcome="Passed" testListId="8c84fa94-04c1-424b-9868-57a2d4851a1d" relativeResultsDirectory="0080ee36-134a-40d9-aef7-6d98bfef0be3" />
    <UnitTestResult executionId="8ed99dd3-2787-40c8-b372-1ae1a23874f7" testId="1e6f2372-9d34-e630-93c8-967c7d09f6b9" testName="FormatToStringTest1000(93775.33090185716d,&quot;93775.33 zł&quot;)" computerName="DESKTOP-5URQ9PB" duration="00:00:00.0000180" startTime="2022-06-13T21:12:51.3267260+02:00" endTime="2022-06-13T21:12:51.3267438+02:00" testType="13cdc9d9-ddb5-4fa4-a97d-d965ccfc6d4b" outcome="Passed" testListId="8c84fa94-04c1-424b-9868-57a2d4851a1d" relativeResultsDirectory="8ed99dd3-2787-40c8-b372-1ae1a23874f7" />
    <UnitTestResult executionId="0a6fd52d-4b05-4734-8929-c6c96b8dac80" testId="a3e3ac67-b44c-d535-60e6-335f6ba0310c" testName="FormatToStringTest1000(7891.960478953067d,&quot;7891.96 zł&quot;)" computerName="DESKTOP-5URQ9PB" duration="00:00:00.0000190" startTime="2022-06-13T21:12:51.3206810+02:00" endTime="2022-06-13T21:12:51.3206997+02:00" testType="13cdc9d9-ddb5-4fa4-a97d-d965ccfc6d4b" outcome="Passed" testListId="8c84fa94-04c1-424b-9868-57a2d4851a1d" relativeResultsDirectory="0a6fd52d-4b05-4734-8929-c6c96b8dac80" />
    <UnitTestResult executionId="208dd0f0-3e70-4cae-8e3f-e0d68dcf51b2" testId="380eb0c8-d6f7-276e-b9b6-a564a8f6129e" testName="FormatToStringTest1000(8582.709131852587d,&quot;8582.71 zł&quot;)" computerName="DESKTOP-5URQ9PB" duration="00:00:00.0000180" startTime="2022-06-13T21:12:51.3287177+02:00" endTime="2022-06-13T21:12:51.3287354+02:00" testType="13cdc9d9-ddb5-4fa4-a97d-d965ccfc6d4b" outcome="Passed" testListId="8c84fa94-04c1-424b-9868-57a2d4851a1d" relativeResultsDirectory="208dd0f0-3e70-4cae-8e3f-e0d68dcf51b2" />
    <UnitTestResult executionId="48f1908a-1c50-4363-b545-7f6222de09c2" testId="b643553f-2706-197d-9fb1-e9b050657f08" testName="FormatToStringTest1000(76106.57198894516d,&quot;76106.57 zł&quot;)" computerName="DESKTOP-5URQ9PB" duration="00:00:00.0000190" startTime="2022-06-13T21:12:51.3353452+02:00" endTime="2022-06-13T21:12:51.3353635+02:00" testType="13cdc9d9-ddb5-4fa4-a97d-d965ccfc6d4b" outcome="Passed" testListId="8c84fa94-04c1-424b-9868-57a2d4851a1d" relativeResultsDirectory="48f1908a-1c50-4363-b545-7f6222de09c2" />
    <UnitTestResult executionId="a6c55440-66ea-4115-bf2e-5a29e80de0e2" testId="cb302138-e270-3017-57fb-1fe538b37f25" testName="FormatToStringTest1000(14910.573044539697d,&quot;14910.57 zł&quot;)" computerName="DESKTOP-5URQ9PB" duration="00:00:00.0000180" startTime="2022-06-13T21:12:51.3380859+02:00" endTime="2022-06-13T21:12:51.3381041+02:00" testType="13cdc9d9-ddb5-4fa4-a97d-d965ccfc6d4b" outcome="Passed" testListId="8c84fa94-04c1-424b-9868-57a2d4851a1d" relativeResultsDirectory="a6c55440-66ea-4115-bf2e-5a29e80de0e2" />
    <UnitTestResult executionId="4cd71b0c-5be6-4a3c-a4a6-784d54121489" testId="42689aba-eefd-f694-336d-6d6d7296f289" testName="FormatToStringTest1000(41876.979471482795d,&quot;41876.98 zł&quot;)" computerName="DESKTOP-5URQ9PB" duration="00:00:00.0000180" startTime="2022-06-13T21:12:51.3128928+02:00" endTime="2022-06-13T21:12:51.3129108+02:00" testType="13cdc9d9-ddb5-4fa4-a97d-d965ccfc6d4b" outcome="Passed" testListId="8c84fa94-04c1-424b-9868-57a2d4851a1d" relativeResultsDirectory="4cd71b0c-5be6-4a3c-a4a6-784d54121489" />
    <UnitTestResult executionId="931cf67e-2737-407c-b350-8648c5cf7111" testId="eb4b3a2e-3867-f16d-1f8c-063517acc541" testName="FormatToStringTest1000(50413.517583300134d,&quot;50413.52 zł&quot;)" computerName="DESKTOP-5URQ9PB" duration="00:00:00.0000190" startTime="2022-06-13T21:12:51.3269207+02:00" endTime="2022-06-13T21:12:51.3269391+02:00" testType="13cdc9d9-ddb5-4fa4-a97d-d965ccfc6d4b" outcome="Passed" testListId="8c84fa94-04c1-424b-9868-57a2d4851a1d" relativeResultsDirectory="931cf67e-2737-407c-b350-8648c5cf7111" />
    <UnitTestResult executionId="b2a29e44-10e8-41da-8a9e-d013a10a4edb" testId="5ad0e86b-2487-b287-bce1-03b910ce35db" testName="FormatToStringTest1000(20527.270339210645d,&quot;20527.27 zł&quot;)" computerName="DESKTOP-5URQ9PB" duration="00:00:00.0000180" startTime="2022-06-13T21:12:51.3340550+02:00" endTime="2022-06-13T21:12:51.3340731+02:00" testType="13cdc9d9-ddb5-4fa4-a97d-d965ccfc6d4b" outcome="Passed" testListId="8c84fa94-04c1-424b-9868-57a2d4851a1d" relativeResultsDirectory="b2a29e44-10e8-41da-8a9e-d013a10a4edb" />
    <UnitTestResult executionId="bd9a368c-03a1-48cf-b126-2017091b2e8e" testId="8119f190-7ed2-77b1-76a6-83f33e4cf393" testName="FormatToStringTest1000(52858.048916166204d,&quot;52858.05 zł&quot;)" computerName="DESKTOP-5URQ9PB" duration="00:00:00.0000190" startTime="2022-06-13T21:12:51.3128676+02:00" endTime="2022-06-13T21:12:51.3128865+02:00" testType="13cdc9d9-ddb5-4fa4-a97d-d965ccfc6d4b" outcome="Passed" testListId="8c84fa94-04c1-424b-9868-57a2d4851a1d" relativeResultsDirectory="bd9a368c-03a1-48cf-b126-2017091b2e8e" />
    <UnitTestResult executionId="ca0e06c9-f9ae-479a-852e-843e8044dcc6" testId="f2705aac-0fab-25bd-44fc-31cfea9f5c9a" testName="FormatToStringTest1000(79388.929555234d,&quot;79388.93 zł&quot;)" computerName="DESKTOP-5URQ9PB" duration="00:00:00.0000180" startTime="2022-06-13T21:12:51.3307060+02:00" endTime="2022-06-13T21:12:51.3307241+02:00" testType="13cdc9d9-ddb5-4fa4-a97d-d965ccfc6d4b" outcome="Passed" testListId="8c84fa94-04c1-424b-9868-57a2d4851a1d" relativeResultsDirectory="ca0e06c9-f9ae-479a-852e-843e8044dcc6" />
    <UnitTestResult executionId="829fb9aa-2af1-4f12-8439-4bdf7949b899" testId="d61bc42f-9488-4952-fc35-4acf2d69a35a" testName="FormatToStringTest1000(7671.0039663785155d,&quot;7671.00 zł&quot;)" computerName="DESKTOP-5URQ9PB" duration="00:00:00.0000180" startTime="2022-06-13T21:12:51.3298853+02:00" endTime="2022-06-13T21:12:51.3299034+02:00" testType="13cdc9d9-ddb5-4fa4-a97d-d965ccfc6d4b" outcome="Passed" testListId="8c84fa94-04c1-424b-9868-57a2d4851a1d" relativeResultsDirectory="829fb9aa-2af1-4f12-8439-4bdf7949b899" />
    <UnitTestResult executionId="96634a68-438e-4c8b-8034-ca8059071737" testId="4b65b228-f0fd-3e1d-e2c9-95f312b6aeb7" testName="FormatToStringTest1000(25376.6225052097d,&quot;25376.62 zł&quot;)" computerName="DESKTOP-5URQ9PB" duration="00:00:00.0000190" startTime="2022-06-13T21:12:51.3238071+02:00" endTime="2022-06-13T21:12:51.3238260+02:00" testType="13cdc9d9-ddb5-4fa4-a97d-d965ccfc6d4b" outcome="Passed" testListId="8c84fa94-04c1-424b-9868-57a2d4851a1d" relativeResultsDirectory="96634a68-438e-4c8b-8034-ca8059071737" />
    <UnitTestResult executionId="7d1f35a4-7021-429a-bb81-8cedb3dd0d33" testId="bf8e531c-343c-5c0a-d3e5-66c9023885a3" testName="FormatToStringTest1000(100.45267071130345d,&quot;100.45 zł&quot;)" computerName="DESKTOP-5URQ9PB" duration="00:00:00.0000180" startTime="2022-06-13T21:12:51.3159601+02:00" endTime="2022-06-13T21:12:51.3159782+02:00" testType="13cdc9d9-ddb5-4fa4-a97d-d965ccfc6d4b" outcome="Passed" testListId="8c84fa94-04c1-424b-9868-57a2d4851a1d" relativeResultsDirectory="7d1f35a4-7021-429a-bb81-8cedb3dd0d33" />
    <UnitTestResult executionId="0cfe612e-e03a-4f6f-b577-f9997fedad6b" testId="3c694193-6244-2822-1520-285efe4d3761" testName="FormatToStringTest1000(782.6578288817116d,&quot;782.66 zł&quot;)" computerName="DESKTOP-5URQ9PB" duration="00:00:00.0000240" startTime="2022-06-13T21:12:51.3164054+02:00" endTime="2022-06-13T21:12:51.3164288+02:00" testType="13cdc9d9-ddb5-4fa4-a97d-d965ccfc6d4b" outcome="Passed" testListId="8c84fa94-04c1-424b-9868-57a2d4851a1d" relativeResultsDirectory="0cfe612e-e03a-4f6f-b577-f9997fedad6b" />
    <UnitTestResult executionId="264c501c-8435-4c57-855f-4016e72ab81a" testId="d70b3095-42f0-132e-cf11-a2a412d875fc" testName="FormatToStringTest1000(37614.50159416278d,&quot;37614.50 zł&quot;)" computerName="DESKTOP-5URQ9PB" duration="00:00:00.0000200" startTime="2022-06-13T21:12:51.3344298+02:00" endTime="2022-06-13T21:12:51.3344493+02:00" testType="13cdc9d9-ddb5-4fa4-a97d-d965ccfc6d4b" outcome="Passed" testListId="8c84fa94-04c1-424b-9868-57a2d4851a1d" relativeResultsDirectory="264c501c-8435-4c57-855f-4016e72ab81a" />
    <UnitTestResult executionId="98658147-4066-4224-8e88-1e54917e6bf8" testId="9629fd85-821b-932c-4f6c-d14c57ed62b0" testName="FormatToStringTest1000(22494.46807976834d,&quot;22494.47 zł&quot;)" computerName="DESKTOP-5URQ9PB" duration="00:00:00.0000190" startTime="2022-06-13T21:12:51.3285692+02:00" endTime="2022-06-13T21:12:51.3285881+02:00" testType="13cdc9d9-ddb5-4fa4-a97d-d965ccfc6d4b" outcome="Passed" testListId="8c84fa94-04c1-424b-9868-57a2d4851a1d" relativeResultsDirectory="98658147-4066-4224-8e88-1e54917e6bf8" />
    <UnitTestResult executionId="94f48472-a5b1-404a-aec7-3918716d7cd4" testId="6f51818b-8dfe-7cd4-c8ae-d1150bb85ebd" testName="FormatToStringTest1000(19085.023282992664d,&quot;19085.02 zł&quot;)" computerName="DESKTOP-5URQ9PB" duration="00:00:00.0000190" startTime="2022-06-13T21:12:51.3252935+02:00" endTime="2022-06-13T21:12:51.3253119+02:00" testType="13cdc9d9-ddb5-4fa4-a97d-d965ccfc6d4b" outcome="Passed" testListId="8c84fa94-04c1-424b-9868-57a2d4851a1d" relativeResultsDirectory="94f48472-a5b1-404a-aec7-3918716d7cd4" />
    <UnitTestResult executionId="131941ea-4d89-488e-9e30-75f4bc485dbf" testId="55977c6e-f784-84a1-391e-15480b7266b6" testName="FormatToStringTest1000(6266.232005888704d,&quot;6266.23 zł&quot;)" computerName="DESKTOP-5URQ9PB" duration="00:00:00.0000180" startTime="2022-06-13T21:12:51.3259340+02:00" endTime="2022-06-13T21:12:51.3259520+02:00" testType="13cdc9d9-ddb5-4fa4-a97d-d965ccfc6d4b" outcome="Passed" testListId="8c84fa94-04c1-424b-9868-57a2d4851a1d" relativeResultsDirectory="131941ea-4d89-488e-9e30-75f4bc485dbf" />
    <UnitTestResult executionId="b4dd9ec3-8af8-459a-931f-9378169346fe" testId="fde9a5ec-e687-8abc-b728-b7fb0bfbd8d4" testName="FormatToStringTest1000(78796.90433980194d,&quot;78796.90 zł&quot;)" computerName="DESKTOP-5URQ9PB" duration="00:00:00.0000190" startTime="2022-06-13T21:12:51.3150611+02:00" endTime="2022-06-13T21:12:51.3150795+02:00" testType="13cdc9d9-ddb5-4fa4-a97d-d965ccfc6d4b" outcome="Passed" testListId="8c84fa94-04c1-424b-9868-57a2d4851a1d" relativeResultsDirectory="b4dd9ec3-8af8-459a-931f-9378169346fe" />
    <UnitTestResult executionId="ee59802b-a83c-4367-8bd6-107ddfd79667" testId="9ee728ab-0056-dd90-bcfe-6425ccab758e" testName="FormatToStringTest1000(67898.54481444067d,&quot;67898.54 zł&quot;)" computerName="DESKTOP-5URQ9PB" duration="00:00:00.0000190" startTime="2022-06-13T21:12:51.3152340+02:00" endTime="2022-06-13T21:12:51.3152526+02:00" testType="13cdc9d9-ddb5-4fa4-a97d-d965ccfc6d4b" outcome="Passed" testListId="8c84fa94-04c1-424b-9868-57a2d4851a1d" relativeResultsDirectory="ee59802b-a83c-4367-8bd6-107ddfd79667" />
    <UnitTestResult executionId="843064ab-fa19-4acc-b813-7f817ead0394" testId="9fc60cd8-d419-6ed6-ac2e-164788256e59" testName="FormatToStringTest1000(15600.245951180927d,&quot;15600.25 zł&quot;)" computerName="DESKTOP-5URQ9PB" duration="00:00:00.0000190" startTime="2022-06-13T21:12:51.3222133+02:00" endTime="2022-06-13T21:12:51.3222321+02:00" testType="13cdc9d9-ddb5-4fa4-a97d-d965ccfc6d4b" outcome="Passed" testListId="8c84fa94-04c1-424b-9868-57a2d4851a1d" relativeResultsDirectory="843064ab-fa19-4acc-b813-7f817ead0394" />
    <UnitTestResult executionId="c5f9e96f-6a0e-4a78-8193-c40c7016d91b" testId="7c3fcb5f-2001-b092-5026-72ef7da49275" testName="FormatToStringTest1000(8885.065440211942d,&quot;8885.07 zł&quot;)" computerName="DESKTOP-5URQ9PB" duration="00:00:00.0000180" startTime="2022-06-13T21:12:51.3220172+02:00" endTime="2022-06-13T21:12:51.3220349+02:00" testType="13cdc9d9-ddb5-4fa4-a97d-d965ccfc6d4b" outcome="Passed" testListId="8c84fa94-04c1-424b-9868-57a2d4851a1d" relativeResultsDirectory="c5f9e96f-6a0e-4a78-8193-c40c7016d91b" />
    <UnitTestResult executionId="5b9c635c-d844-40e6-a9ef-05582a70dc68" testId="a1098879-b96c-d9e8-87b7-d514474f9769" testName="FormatToStringTest1000(17455.15807988595d,&quot;17455.16 zł&quot;)" computerName="DESKTOP-5URQ9PB" duration="00:00:00.0000180" startTime="2022-06-13T21:12:51.3306067+02:00" endTime="2022-06-13T21:12:51.3306247+02:00" testType="13cdc9d9-ddb5-4fa4-a97d-d965ccfc6d4b" outcome="Passed" testListId="8c84fa94-04c1-424b-9868-57a2d4851a1d" relativeResultsDirectory="5b9c635c-d844-40e6-a9ef-05582a70dc68" />
    <UnitTestResult executionId="a2849759-96e4-4abe-874b-939df55d600f" testId="0f966d17-36c6-657f-5b98-8b83226f1489" testName="FormatToStringTest1000(17875.613377604455d,&quot;17875.61 zł&quot;)" computerName="DESKTOP-5URQ9PB" duration="00:00:00.0000180" startTime="2022-06-13T21:12:51.3153089+02:00" endTime="2022-06-13T21:12:51.3153270+02:00" testType="13cdc9d9-ddb5-4fa4-a97d-d965ccfc6d4b" outcome="Passed" testListId="8c84fa94-04c1-424b-9868-57a2d4851a1d" relativeResultsDirectory="a2849759-96e4-4abe-874b-939df55d600f" />
    <UnitTestResult executionId="0243c5e4-6b05-4344-ab09-46a318d40917" testId="f4854fd4-587a-5d07-271a-654c42d2751c" testName="FormatToStringTest1000(22248.263319677797d,&quot;22248.26 zł&quot;)" computerName="DESKTOP-5URQ9PB" duration="00:00:00.0000180" startTime="2022-06-13T21:12:51.3219187+02:00" endTime="2022-06-13T21:12:51.3219370+02:00" testType="13cdc9d9-ddb5-4fa4-a97d-d965ccfc6d4b" outcome="Passed" testListId="8c84fa94-04c1-424b-9868-57a2d4851a1d" relativeResultsDirectory="0243c5e4-6b05-4344-ab09-46a318d40917" />
    <UnitTestResult executionId="f489a8a2-ba00-4d0f-8a81-4667a37a105e" testId="0186510a-61e4-d437-2bd3-30738b03ed56" testName="FormatToStringTest1000(7716.571614765363d,&quot;7716.57 zł&quot;)" computerName="DESKTOP-5URQ9PB" duration="00:00:00.0000320" startTime="2022-06-13T21:12:51.3317651+02:00" endTime="2022-06-13T21:12:51.3317964+02:00" testType="13cdc9d9-ddb5-4fa4-a97d-d965ccfc6d4b" outcome="Passed" testListId="8c84fa94-04c1-424b-9868-57a2d4851a1d" relativeResultsDirectory="f489a8a2-ba00-4d0f-8a81-4667a37a105e" />
    <UnitTestResult executionId="9e93aba0-8fc0-49e3-b2a4-8367a89e9e74" testId="3c248867-d354-cc7e-803e-cd6ef02be22e" testName="FormatToStringTest1000(55303.17220895699d,&quot;55303.17 zł&quot;)" computerName="DESKTOP-5URQ9PB" duration="00:00:00.0000180" startTime="2022-06-13T21:12:51.3143928+02:00" endTime="2022-06-13T21:12:51.3144105+02:00" testType="13cdc9d9-ddb5-4fa4-a97d-d965ccfc6d4b" outcome="Passed" testListId="8c84fa94-04c1-424b-9868-57a2d4851a1d" relativeResultsDirectory="9e93aba0-8fc0-49e3-b2a4-8367a89e9e74" />
    <UnitTestResult executionId="9821efa7-a6f3-44ca-a4fc-5afb5973aa37" testId="5fffab77-5cc8-a871-bcdb-d0b800ab8840" testName="FormatToStringTest1000(2901.9683054191846d,&quot;2901.97 zł&quot;)" computerName="DESKTOP-5URQ9PB" duration="00:00:00.0000180" startTime="2022-06-13T21:12:51.3169568+02:00" endTime="2022-06-13T21:12:51.3169749+02:00" testType="13cdc9d9-ddb5-4fa4-a97d-d965ccfc6d4b" outcome="Passed" testListId="8c84fa94-04c1-424b-9868-57a2d4851a1d" relativeResultsDirectory="9821efa7-a6f3-44ca-a4fc-5afb5973aa37" />
    <UnitTestResult executionId="ec15f673-aec8-4e6b-9c5a-e33fd6284360" testId="d33250cc-856d-72f0-98a8-7c84be2f792c" testName="FormatToStringTest1000(24024.14691439557d,&quot;24024.15 zł&quot;)" computerName="DESKTOP-5URQ9PB" duration="00:00:00.0000180" startTime="2022-06-13T21:12:51.3177020+02:00" endTime="2022-06-13T21:12:51.3177200+02:00" testType="13cdc9d9-ddb5-4fa4-a97d-d965ccfc6d4b" outcome="Passed" testListId="8c84fa94-04c1-424b-9868-57a2d4851a1d" relativeResultsDirectory="ec15f673-aec8-4e6b-9c5a-e33fd6284360" />
    <UnitTestResult executionId="716cd29a-4867-4338-8ac1-6f1dae61c310" testId="c2c62cce-7606-0af4-5c6b-a30ffe30b4ea" testName="FormatToStringTest1000(46898.00219497783d,&quot;46898.00 zł&quot;)" computerName="DESKTOP-5URQ9PB" duration="00:00:00.0000190" startTime="2022-06-13T21:12:51.3126443+02:00" endTime="2022-06-13T21:12:51.3126629+02:00" testType="13cdc9d9-ddb5-4fa4-a97d-d965ccfc6d4b" outcome="Passed" testListId="8c84fa94-04c1-424b-9868-57a2d4851a1d" relativeResultsDirectory="716cd29a-4867-4338-8ac1-6f1dae61c310" />
    <UnitTestResult executionId="3dd4a253-0d9c-424e-8236-31ee73029cd2" testId="7b5400c4-5377-7ac8-dd1c-7b695cb4115f" testName="FormatToStringTest1000(7813.027778348433d,&quot;7813.03 zł&quot;)" computerName="DESKTOP-5URQ9PB" duration="00:00:00.0000190" startTime="2022-06-13T21:12:51.3271925+02:00" endTime="2022-06-13T21:12:51.3272109+02:00" testType="13cdc9d9-ddb5-4fa4-a97d-d965ccfc6d4b" outcome="Passed" testListId="8c84fa94-04c1-424b-9868-57a2d4851a1d" relativeResultsDirectory="3dd4a253-0d9c-424e-8236-31ee73029cd2" />
    <UnitTestResult executionId="df92282c-b079-4031-ab4a-f5103733a803" testId="c08489ce-87ea-9273-1e82-87dd20c6c729" testName="FormatToStringTest1000(15907.394871033446d,&quot;15907.39 zł&quot;)" computerName="DESKTOP-5URQ9PB" duration="00:00:00.0000190" startTime="2022-06-13T21:12:51.3255673+02:00" endTime="2022-06-13T21:12:51.3255860+02:00" testType="13cdc9d9-ddb5-4fa4-a97d-d965ccfc6d4b" outcome="Passed" testListId="8c84fa94-04c1-424b-9868-57a2d4851a1d" relativeResultsDirectory="df92282c-b079-4031-ab4a-f5103733a803" />
    <UnitTestResult executionId="fc2bd475-ba28-47cf-ba49-2fe98a8d5255" testId="64432d28-23cd-4cf2-4daf-935cfc9905b7" testName="FormatToStringTest1000(21728.91641959963d,&quot;21728.92 zł&quot;)" computerName="DESKTOP-5URQ9PB" duration="00:00:00.0000200" startTime="2022-06-13T21:12:51.3380598+02:00" endTime="2022-06-13T21:12:51.3380793+02:00" testType="13cdc9d9-ddb5-4fa4-a97d-d965ccfc6d4b" outcome="Passed" testListId="8c84fa94-04c1-424b-9868-57a2d4851a1d" relativeResultsDirectory="fc2bd475-ba28-47cf-ba49-2fe98a8d5255" />
    <UnitTestResult executionId="624b57d7-7a2b-4933-96a1-c01b2798720e" testId="37376bb5-e384-3c51-d1d8-3ba613fa9182" testName="FormatToStringTest1000(85407.13428016152d,&quot;85407.13 zł&quot;)" computerName="DESKTOP-5URQ9PB" duration="00:00:00.0000180" startTime="2022-06-13T21:12:51.3381605+02:00" endTime="2022-06-13T21:12:51.3381785+02:00" testType="13cdc9d9-ddb5-4fa4-a97d-d965ccfc6d4b" outcome="Passed" testListId="8c84fa94-04c1-424b-9868-57a2d4851a1d" relativeResultsDirectory="624b57d7-7a2b-4933-96a1-c01b2798720e" />
    <UnitTestResult executionId="30c3dac0-46b9-46f9-b927-ddf61fb5d655" testId="1b5e4bdd-94b8-c181-30ec-747619ebfce8" testName="FormatToStringTest1000(12577.642620996872d,&quot;12577.64 zł&quot;)" computerName="DESKTOP-5URQ9PB" duration="00:00:00.0000180" startTime="2022-06-13T21:12:51.3146933+02:00" endTime="2022-06-13T21:12:51.3147113+02:00" testType="13cdc9d9-ddb5-4fa4-a97d-d965ccfc6d4b" outcome="Passed" testListId="8c84fa94-04c1-424b-9868-57a2d4851a1d" relativeResultsDirectory="30c3dac0-46b9-46f9-b927-ddf61fb5d655" />
    <UnitTestResult executionId="1c06cb60-b27f-4d03-b9b9-d7ab021e85ba" testId="f40cda09-c7b2-157d-533a-1e4833860e01" testName="FormatToStringTest1000(8347.417790138823d,&quot;8347.42 zł&quot;)" computerName="DESKTOP-5URQ9PB" duration="00:00:00.0000180" startTime="2022-06-13T21:12:51.3284704+02:00" endTime="2022-06-13T21:12:51.3284885+02:00" testType="13cdc9d9-ddb5-4fa4-a97d-d965ccfc6d4b" outcome="Passed" testListId="8c84fa94-04c1-424b-9868-57a2d4851a1d" relativeResultsDirectory="1c06cb60-b27f-4d03-b9b9-d7ab021e85ba" />
    <UnitTestResult executionId="8dcd6044-d4fd-4092-aa6a-02f87ab550ec" testId="04967881-3d44-4f25-5839-6dd3eae8bd89" testName="FormatToStringTest1000(57671.67669738675d,&quot;57671.68 zł&quot;)" computerName="DESKTOP-5URQ9PB" duration="00:00:00.0000190" startTime="2022-06-13T21:12:51.3331689+02:00" endTime="2022-06-13T21:12:51.3331872+02:00" testType="13cdc9d9-ddb5-4fa4-a97d-d965ccfc6d4b" outcome="Passed" testListId="8c84fa94-04c1-424b-9868-57a2d4851a1d" relativeResultsDirectory="8dcd6044-d4fd-4092-aa6a-02f87ab550ec" />
    <UnitTestResult executionId="a11a88fe-1a56-4023-a7bd-14b27eae23da" testId="d5a3e949-dba8-8515-82f0-b4d3600a13aa" testName="FormatToStringTest1000(7050.437505805137d,&quot;7050.44 zł&quot;)" computerName="DESKTOP-5URQ9PB" duration="00:00:00.0000190" startTime="2022-06-13T21:12:51.3145939+02:00" endTime="2022-06-13T21:12:51.3146128+02:00" testType="13cdc9d9-ddb5-4fa4-a97d-d965ccfc6d4b" outcome="Passed" testListId="8c84fa94-04c1-424b-9868-57a2d4851a1d" relativeResultsDirectory="a11a88fe-1a56-4023-a7bd-14b27eae23da" />
    <UnitTestResult executionId="3651ec93-bfe5-45ca-9207-0b0088932e4c" testId="0bb6c333-e41f-4877-c81e-d24ff9ead53d" testName="FormatToStringTest1000(60299.23738666309d,&quot;60299.24 zł&quot;)" computerName="DESKTOP-5URQ9PB" duration="00:00:00.0000190" startTime="2022-06-13T21:12:51.3227892+02:00" endTime="2022-06-13T21:12:51.3228077+02:00" testType="13cdc9d9-ddb5-4fa4-a97d-d965ccfc6d4b" outcome="Passed" testListId="8c84fa94-04c1-424b-9868-57a2d4851a1d" relativeResultsDirectory="3651ec93-bfe5-45ca-9207-0b0088932e4c" />
    <UnitTestResult executionId="5b7220bb-a307-4d05-9d4b-ea5dcf29d61f" testId="b1d26b6f-e2ab-c7af-55d4-4d9f04f43eca" testName="FormatToStringTest1000(49416.285282306504d,&quot;49416.29 zł&quot;)" computerName="DESKTOP-5URQ9PB" duration="00:00:00.0000190" startTime="2022-06-13T21:12:51.3312540+02:00" endTime="2022-06-13T21:12:51.3312723+02:00" testType="13cdc9d9-ddb5-4fa4-a97d-d965ccfc6d4b" outcome="Passed" testListId="8c84fa94-04c1-424b-9868-57a2d4851a1d" relativeResultsDirectory="5b7220bb-a307-4d05-9d4b-ea5dcf29d61f" />
    <UnitTestResult executionId="623c4a34-cf97-4fb4-864b-6f7f892e2a77" testId="752f584a-0205-5811-1575-29e94681480b" testName="FormatToStringTest1000(46391.661094229516d,&quot;46391.66 zł&quot;)" computerName="DESKTOP-5URQ9PB" duration="00:00:00.0000180" startTime="2022-06-13T21:12:51.3307303+02:00" endTime="2022-06-13T21:12:51.3307481+02:00" testType="13cdc9d9-ddb5-4fa4-a97d-d965ccfc6d4b" outcome="Passed" testListId="8c84fa94-04c1-424b-9868-57a2d4851a1d" relativeResultsDirectory="623c4a34-cf97-4fb4-864b-6f7f892e2a77" />
    <UnitTestResult executionId="6d45bc8c-4ffc-4150-a4e7-b95a42f7c884" testId="b8049e3c-9c33-aae7-ee13-10324d7813cb" testName="FormatToStringTest1000(19397.344749736294d,&quot;19397.34 zł&quot;)" computerName="DESKTOP-5URQ9PB" duration="00:00:00.0000180" startTime="2022-06-13T21:12:51.3333156+02:00" endTime="2022-06-13T21:12:51.3333333+02:00" testType="13cdc9d9-ddb5-4fa4-a97d-d965ccfc6d4b" outcome="Passed" testListId="8c84fa94-04c1-424b-9868-57a2d4851a1d" relativeResultsDirectory="6d45bc8c-4ffc-4150-a4e7-b95a42f7c884" />
    <UnitTestResult executionId="27cca390-6641-4ef2-92f0-163686a470f3" testId="deeaa6b3-3ff5-0109-60b8-733b4bfcf2d5" testName="FormatToStringTest1000(4669.392596858271d,&quot;4669.39 zł&quot;)" computerName="DESKTOP-5URQ9PB" duration="00:00:00.0000190" startTime="2022-06-13T21:12:51.3165603+02:00" endTime="2022-06-13T21:12:51.3165786+02:00" testType="13cdc9d9-ddb5-4fa4-a97d-d965ccfc6d4b" outcome="Passed" testListId="8c84fa94-04c1-424b-9868-57a2d4851a1d" relativeResultsDirectory="27cca390-6641-4ef2-92f0-163686a470f3" />
    <UnitTestResult executionId="0dd1a2e6-4410-43a0-9c70-c74746da9536" testId="1a9a0ddf-514c-baf9-413c-22119b976aa4" testName="FormatToStringTest1000(81326.3340147521d,&quot;81326.33 zł&quot;)" computerName="DESKTOP-5URQ9PB" duration="00:00:00.0000230" startTime="2022-06-13T21:12:51.3314036+02:00" endTime="2022-06-13T21:12:51.3314267+02:00" testType="13cdc9d9-ddb5-4fa4-a97d-d965ccfc6d4b" outcome="Passed" testListId="8c84fa94-04c1-424b-9868-57a2d4851a1d" relativeResultsDirectory="0dd1a2e6-4410-43a0-9c70-c74746da9536" />
    <UnitTestResult executionId="cdc0516a-6e1c-42dd-acce-5d14c2051135" testId="f454394e-283b-6832-24e4-e862ec140984" testName="FormatToStringTest1000(15624.452361264477d,&quot;15624.45 zł&quot;)" computerName="DESKTOP-5URQ9PB" duration="00:00:00.0000180" startTime="2022-06-13T21:12:51.3231866+02:00" endTime="2022-06-13T21:12:51.3232047+02:00" testType="13cdc9d9-ddb5-4fa4-a97d-d965ccfc6d4b" outcome="Passed" testListId="8c84fa94-04c1-424b-9868-57a2d4851a1d" relativeResultsDirectory="cdc0516a-6e1c-42dd-acce-5d14c2051135" />
    <UnitTestResult executionId="757e36b3-d22e-4c02-b929-5afc893a7c39" testId="45d434bd-96d2-7ca0-c594-4cf5e3f89416" testName="FormatToStringTest1000(3092.9215945624383d,&quot;3092.92 zł&quot;)" computerName="DESKTOP-5URQ9PB" duration="00:00:00.0000180" startTime="2022-06-13T21:12:51.3248998+02:00" endTime="2022-06-13T21:12:51.3249177+02:00" testType="13cdc9d9-ddb5-4fa4-a97d-d965ccfc6d4b" outcome="Passed" testListId="8c84fa94-04c1-424b-9868-57a2d4851a1d" relativeResultsDirectory="757e36b3-d22e-4c02-b929-5afc893a7c39" />
    <UnitTestResult executionId="444d4f61-7de9-4b45-8627-9fcf9c10b26b" testId="165a8b6f-de27-26f0-6a14-cdb34a40f4c2" testName="FormatToStringTest1000(30807.823896702295d,&quot;30807.82 zł&quot;)" computerName="DESKTOP-5URQ9PB" duration="00:00:00.0000190" startTime="2022-06-13T21:12:51.3290637+02:00" endTime="2022-06-13T21:12:51.3290822+02:00" testType="13cdc9d9-ddb5-4fa4-a97d-d965ccfc6d4b" outcome="Passed" testListId="8c84fa94-04c1-424b-9868-57a2d4851a1d" relativeResultsDirectory="444d4f61-7de9-4b45-8627-9fcf9c10b26b" />
    <UnitTestResult executionId="f31858c1-ab5f-4f5a-a63a-6b225415fdee" testId="1e0703fd-8132-d66f-f52d-f2f5d027c1d8" testName="FormatToStringTest1000(28306.369434126827d,&quot;28306.37 zł&quot;)" computerName="DESKTOP-5URQ9PB" duration="00:00:00.0000180" startTime="2022-06-13T21:12:51.3338348+02:00" endTime="2022-06-13T21:12:51.3338524+02:00" testType="13cdc9d9-ddb5-4fa4-a97d-d965ccfc6d4b" outcome="Passed" testListId="8c84fa94-04c1-424b-9868-57a2d4851a1d" relativeResultsDirectory="f31858c1-ab5f-4f5a-a63a-6b225415fdee" />
    <UnitTestResult executionId="069efc76-888f-4984-9f22-8dcbd9ce291b" testId="bebef051-0a10-725f-3ff5-e30e4f9dd420" testName="FormatToStringTest1000(39641.61351217451d,&quot;39641.61 zł&quot;)" computerName="DESKTOP-5URQ9PB" duration="00:00:00.0000190" startTime="2022-06-13T21:12:51.3228393+02:00" endTime="2022-06-13T21:12:51.3228576+02:00" testType="13cdc9d9-ddb5-4fa4-a97d-d965ccfc6d4b" outcome="Passed" testListId="8c84fa94-04c1-424b-9868-57a2d4851a1d" relativeResultsDirectory="069efc76-888f-4984-9f22-8dcbd9ce291b" />
    <UnitTestResult executionId="caccdc68-8223-464f-82ad-a679be91349f" testId="0741a97b-fe60-742a-1f50-b38d8a9cae33" testName="FormatToStringTest1000(6466.872242818062d,&quot;6466.87 zł&quot;)" computerName="DESKTOP-5URQ9PB" duration="00:00:00.0000180" startTime="2022-06-13T21:12:51.3271678+02:00" endTime="2022-06-13T21:12:51.3271861+02:00" testType="13cdc9d9-ddb5-4fa4-a97d-d965ccfc6d4b" outcome="Passed" testListId="8c84fa94-04c1-424b-9868-57a2d4851a1d" relativeResultsDirectory="caccdc68-8223-464f-82ad-a679be91349f" />
    <UnitTestResult executionId="90d7f68f-1102-442b-a0dd-0c82459e57a2" testId="aeefe3bf-b956-1766-ab65-91503c288180" testName="FormatToStringTest1000(16986.338876065027d,&quot;16986.34 zł&quot;)" computerName="DESKTOP-5URQ9PB" duration="00:00:00.0000180" startTime="2022-06-13T21:12:51.3118018+02:00" endTime="2022-06-13T21:12:51.3118195+02:00" testType="13cdc9d9-ddb5-4fa4-a97d-d965ccfc6d4b" outcome="Passed" testListId="8c84fa94-04c1-424b-9868-57a2d4851a1d" relativeResultsDirectory="90d7f68f-1102-442b-a0dd-0c82459e57a2" />
    <UnitTestResult executionId="e3b24936-1261-449e-9135-cc8292343a4d" testId="2782a3f6-bb08-acfe-bfab-49ee7d2fdbfa" testName="FormatToStringTest1000(27187.549022783314d,&quot;27187.55 zł&quot;)" computerName="DESKTOP-5URQ9PB" duration="00:00:00.0000180" startTime="2022-06-13T21:12:51.3225888+02:00" endTime="2022-06-13T21:12:51.3226068+02:00" testType="13cdc9d9-ddb5-4fa4-a97d-d965ccfc6d4b" outcome="Passed" testListId="8c84fa94-04c1-424b-9868-57a2d4851a1d" relativeResultsDirectory="e3b24936-1261-449e-9135-cc8292343a4d" />
    <UnitTestResult executionId="b71f023e-da23-4f85-9710-b24f255fc88f" testId="bc811ad8-c7b9-9df7-0d3d-56b12c4539e2" testName="FormatToStringTest1000(2897.9775426620513d,&quot;2897.98 zł&quot;)" computerName="DESKTOP-5URQ9PB" duration="00:00:00.0000180" startTime="2022-06-13T21:12:51.3288151+02:00" endTime="2022-06-13T21:12:51.3288332+02:00" testType="13cdc9d9-ddb5-4fa4-a97d-d965ccfc6d4b" outcome="Passed" testListId="8c84fa94-04c1-424b-9868-57a2d4851a1d" relativeResultsDirectory="b71f023e-da23-4f85-9710-b24f255fc88f" />
    <UnitTestResult executionId="11652e20-f756-422c-aad4-523844fab73d" testId="6d4f36db-ef1e-952d-7dfb-29f4be4b6ca7" testName="FormatToStringTest1000(46166.38051381259d,&quot;46166.38 zł&quot;)" computerName="DESKTOP-5URQ9PB" duration="00:00:00.0000180" startTime="2022-06-13T21:12:51.3185211+02:00" endTime="2022-06-13T21:12:51.3185391+02:00" testType="13cdc9d9-ddb5-4fa4-a97d-d965ccfc6d4b" outcome="Passed" testListId="8c84fa94-04c1-424b-9868-57a2d4851a1d" relativeResultsDirectory="11652e20-f756-422c-aad4-523844fab73d" />
    <UnitTestResult executionId="e23d6bad-7d00-4515-b64b-61e50a0623df" testId="bf7aea95-4edb-be07-7de0-fdb7b0e337d5" testName="FormatToStringTest1000(40241.790964380736d,&quot;40241.79 zł&quot;)" computerName="DESKTOP-5URQ9PB" duration="00:00:00.0000180" startTime="2022-06-13T21:12:51.3328999+02:00" endTime="2022-06-13T21:12:51.3329175+02:00" testType="13cdc9d9-ddb5-4fa4-a97d-d965ccfc6d4b" outcome="Passed" testListId="8c84fa94-04c1-424b-9868-57a2d4851a1d" relativeResultsDirectory="e23d6bad-7d00-4515-b64b-61e50a0623df" />
    <UnitTestResult executionId="e96f507d-50e2-4114-9bae-1b5e4aa82f12" testId="70f1979c-5fec-f41c-4467-96ed1c16b145" testName="FormatToStringTest1000(12831.146874380833d,&quot;12831.15 zł&quot;)" computerName="DESKTOP-5URQ9PB" duration="00:00:00.0000180" startTime="2022-06-13T21:12:51.3212495+02:00" endTime="2022-06-13T21:12:51.3212674+02:00" testType="13cdc9d9-ddb5-4fa4-a97d-d965ccfc6d4b" outcome="Passed" testListId="8c84fa94-04c1-424b-9868-57a2d4851a1d" relativeResultsDirectory="e96f507d-50e2-4114-9bae-1b5e4aa82f12" />
    <UnitTestResult executionId="915a7ba4-a0f8-4d27-a394-47443cebaf55" testId="f06d92cb-e236-f7f9-e645-0971359a129a" testName="FormatToStringTest1000(22678.643495744862d,&quot;22678.64 zł&quot;)" computerName="DESKTOP-5URQ9PB" duration="00:00:00.0000190" startTime="2022-06-13T21:12:51.3279663+02:00" endTime="2022-06-13T21:12:51.3279853+02:00" testType="13cdc9d9-ddb5-4fa4-a97d-d965ccfc6d4b" outcome="Passed" testListId="8c84fa94-04c1-424b-9868-57a2d4851a1d" relativeResultsDirectory="915a7ba4-a0f8-4d27-a394-47443cebaf55" />
    <UnitTestResult executionId="594fa751-417e-4793-bee2-1b4a4078b2e4" testId="a66db8ec-8bb4-14b5-d72b-619fdbf967a5" testName="FormatToStringTest1000(75350.77330865282d,&quot;75350.77 zł&quot;)" computerName="DESKTOP-5URQ9PB" duration="00:00:00.0000180" startTime="2022-06-13T21:12:51.3128183+02:00" endTime="2022-06-13T21:12:51.3128363+02:00" testType="13cdc9d9-ddb5-4fa4-a97d-d965ccfc6d4b" outcome="Passed" testListId="8c84fa94-04c1-424b-9868-57a2d4851a1d" relativeResultsDirectory="594fa751-417e-4793-bee2-1b4a4078b2e4" />
    <UnitTestResult executionId="04bd8f5d-d670-4433-8fac-8950757dd152" testId="27b9fbe0-03f5-4d47-663b-0785c7f9ec49" testName="FormatToStringTest1000(20441.330495004695d,&quot;20441.33 zł&quot;)" computerName="DESKTOP-5URQ9PB" duration="00:00:00.0000180" startTime="2022-06-13T21:12:51.3141473+02:00" endTime="2022-06-13T21:12:51.3141653+02:00" testType="13cdc9d9-ddb5-4fa4-a97d-d965ccfc6d4b" outcome="Passed" testListId="8c84fa94-04c1-424b-9868-57a2d4851a1d" relativeResultsDirectory="04bd8f5d-d670-4433-8fac-8950757dd152" />
    <UnitTestResult executionId="58fde637-ab7d-46a6-8f50-a94bf953d68c" testId="3f6f5d68-0845-7e29-25ea-1750d0b3ad97" testName="FormatToStringTest1000(88489.14069749469d,&quot;88489.14 zł&quot;)" computerName="DESKTOP-5URQ9PB" duration="00:00:00.0000190" startTime="2022-06-13T21:12:51.3346982+02:00" endTime="2022-06-13T21:12:51.3347169+02:00" testType="13cdc9d9-ddb5-4fa4-a97d-d965ccfc6d4b" outcome="Passed" testListId="8c84fa94-04c1-424b-9868-57a2d4851a1d" relativeResultsDirectory="58fde637-ab7d-46a6-8f50-a94bf953d68c" />
    <UnitTestResult executionId="3f53dd1d-d11b-4af6-9fdb-ffc7344211b5" testId="c09eca31-2a58-b146-7d55-b556b7020c68" testName="FormatToStringTest1000(45603.90324273142d,&quot;45603.90 zł&quot;)" computerName="DESKTOP-5URQ9PB" duration="00:00:00.0000220" startTime="2022-06-13T21:12:51.3109306+02:00" endTime="2022-06-13T21:12:51.3109522+02:00" testType="13cdc9d9-ddb5-4fa4-a97d-d965ccfc6d4b" outcome="Passed" testListId="8c84fa94-04c1-424b-9868-57a2d4851a1d" relativeResultsDirectory="3f53dd1d-d11b-4af6-9fdb-ffc7344211b5" />
    <UnitTestResult executionId="2c6aefa9-b9a7-4e9d-bdce-a9fc844e029f" testId="96aa3d29-1365-f48b-4ac9-cdc761ea41b1" testName="FormatToStringTest1000(6057.842750804426d,&quot;6057.84 zł&quot;)" computerName="DESKTOP-5URQ9PB" duration="00:00:00.0000180" startTime="2022-06-13T21:12:51.3139011+02:00" endTime="2022-06-13T21:12:51.3139191+02:00" testType="13cdc9d9-ddb5-4fa4-a97d-d965ccfc6d4b" outcome="Passed" testListId="8c84fa94-04c1-424b-9868-57a2d4851a1d" relativeResultsDirectory="2c6aefa9-b9a7-4e9d-bdce-a9fc844e029f" />
    <UnitTestResult executionId="99bb18c6-8a83-475d-886f-f74af065b2b8" testId="bc954cfc-79b1-8687-e8d1-aab98a75fd1a" testName="FormatToStringTest1000(25990.318498101697d,&quot;25990.32 zł&quot;)" computerName="DESKTOP-5URQ9PB" duration="00:00:00.0000180" startTime="2022-06-13T21:12:51.3120223+02:00" endTime="2022-06-13T21:12:51.3120399+02:00" testType="13cdc9d9-ddb5-4fa4-a97d-d965ccfc6d4b" outcome="Passed" testListId="8c84fa94-04c1-424b-9868-57a2d4851a1d" relativeResultsDirectory="99bb18c6-8a83-475d-886f-f74af065b2b8" />
    <UnitTestResult executionId="7c254d2a-0925-4e5a-9a5c-ea1caade2ba8" testId="c7b07fde-ab61-697a-6040-f2f4c1529d34" testName="FormatToStringTest1000(736.7398243680316d,&quot;736.74 zł&quot;)" computerName="DESKTOP-5URQ9PB" duration="00:00:00.0000180" startTime="2022-06-13T21:12:51.3118269+02:00" endTime="2022-06-13T21:12:51.3118448+02:00" testType="13cdc9d9-ddb5-4fa4-a97d-d965ccfc6d4b" outcome="Passed" testListId="8c84fa94-04c1-424b-9868-57a2d4851a1d" relativeResultsDirectory="7c254d2a-0925-4e5a-9a5c-ea1caade2ba8" />
    <UnitTestResult executionId="aa6131c5-5337-4415-9c1f-f592157f56b7" testId="eda712ea-15dc-6cac-535c-79a64a40aa02" testName="FormatToStringTest1000(6676.5680544784145d,&quot;6676.57 zł&quot;)" computerName="DESKTOP-5URQ9PB" duration="00:00:00.0023340" startTime="2022-06-13T21:12:51.3355836+02:00" endTime="2022-06-13T21:12:51.3379163+02:00" testType="13cdc9d9-ddb5-4fa4-a97d-d965ccfc6d4b" outcome="Passed" testListId="8c84fa94-04c1-424b-9868-57a2d4851a1d" relativeResultsDirectory="aa6131c5-5337-4415-9c1f-f592157f56b7" />
    <UnitTestResult executionId="a79abb7a-7cc9-484b-a324-8b520b304121" testId="0edcab43-1e4a-6ea7-7c7b-b02803f7c8b9" testName="FormatToStringTest1000(7124.979180760672d,&quot;7124.98 zł&quot;)" computerName="DESKTOP-5URQ9PB" duration="00:00:00.0000220" startTime="2022-06-13T21:12:51.3112371+02:00" endTime="2022-06-13T21:12:51.3112584+02:00" testType="13cdc9d9-ddb5-4fa4-a97d-d965ccfc6d4b" outcome="Passed" testListId="8c84fa94-04c1-424b-9868-57a2d4851a1d" relativeResultsDirectory="a79abb7a-7cc9-484b-a324-8b520b304121" />
    <UnitTestResult executionId="8803e53c-32c0-4e22-be79-701f9dfff699" testId="e616a89e-e9f6-0465-592f-c052811c9fe2" testName="FormatToStringTest1000(70432.00656616595d,&quot;70432.01 zł&quot;)" computerName="DESKTOP-5URQ9PB" duration="00:00:00.0000190" startTime="2022-06-13T21:12:51.3323729+02:00" endTime="2022-06-13T21:12:51.3323914+02:00" testType="13cdc9d9-ddb5-4fa4-a97d-d965ccfc6d4b" outcome="Passed" testListId="8c84fa94-04c1-424b-9868-57a2d4851a1d" relativeResultsDirectory="8803e53c-32c0-4e22-be79-701f9dfff699" />
    <UnitTestResult executionId="983a5925-cc1a-4156-a030-03ce92997c15" testId="d6efedb1-9c49-9ed3-fbe1-de90224308a3" testName="FormatToStringTest1000(4139.032615562451d,&quot;4139.03 zł&quot;)" computerName="DESKTOP-5URQ9PB" duration="00:00:00.0000180" startTime="2022-06-13T21:12:51.3288398+02:00" endTime="2022-06-13T21:12:51.3288576+02:00" testType="13cdc9d9-ddb5-4fa4-a97d-d965ccfc6d4b" outcome="Passed" testListId="8c84fa94-04c1-424b-9868-57a2d4851a1d" relativeResultsDirectory="983a5925-cc1a-4156-a030-03ce92997c15" />
    <UnitTestResult executionId="7c5fb2f7-2560-482f-a1e1-b7d8faa32c25" testId="fbe41254-a5bc-bdde-4d71-8c5eb07a0fb3" testName="FormatToStringTest1000(13197.65136269417d,&quot;13197.65 zł&quot;)" computerName="DESKTOP-5URQ9PB" duration="00:00:00.0000180" startTime="2022-06-13T21:12:51.3218949+02:00" endTime="2022-06-13T21:12:51.3219126+02:00" testType="13cdc9d9-ddb5-4fa4-a97d-d965ccfc6d4b" outcome="Passed" testListId="8c84fa94-04c1-424b-9868-57a2d4851a1d" relativeResultsDirectory="7c5fb2f7-2560-482f-a1e1-b7d8faa32c25" />
    <UnitTestResult executionId="068ecdd1-0223-42e2-b207-04e8c4192e21" testId="d45e0a24-dbfe-46a9-68b0-8da0a6094838" testName="FormatToStringTest1000(20321.03715103913d,&quot;20321.04 zł&quot;)" computerName="DESKTOP-5URQ9PB" duration="00:00:00.0000180" startTime="2022-06-13T21:12:51.3197033+02:00" endTime="2022-06-13T21:12:51.3197215+02:00" testType="13cdc9d9-ddb5-4fa4-a97d-d965ccfc6d4b" outcome="Passed" testListId="8c84fa94-04c1-424b-9868-57a2d4851a1d" relativeResultsDirectory="068ecdd1-0223-42e2-b207-04e8c4192e21" />
    <UnitTestResult executionId="c040b3df-c4f3-43dc-aa9c-046a0285578a" testId="8537861e-52bb-f63c-38f8-3f1d41ff88e5" testName="FormatToStringTest1000(10534.184353995222d,&quot;10534.18 zł&quot;)" computerName="DESKTOP-5URQ9PB" duration="00:00:00.0000200" startTime="2022-06-13T21:12:51.3134339+02:00" endTime="2022-06-13T21:12:51.3134534+02:00" testType="13cdc9d9-ddb5-4fa4-a97d-d965ccfc6d4b" outcome="Passed" testListId="8c84fa94-04c1-424b-9868-57a2d4851a1d" relativeResultsDirectory="c040b3df-c4f3-43dc-aa9c-046a0285578a" />
    <UnitTestResult executionId="67d86d56-cbdc-4e6c-8624-64b8a63e12da" testId="ce58807f-4456-2f1b-abea-6bcc9dcfe2eb" testName="FormatToStringTest1000(5398.2412667191775d,&quot;5398.24 zł&quot;)" computerName="DESKTOP-5URQ9PB" duration="00:00:00.0000180" startTime="2022-06-13T21:12:51.3332430+02:00" endTime="2022-06-13T21:12:51.3332606+02:00" testType="13cdc9d9-ddb5-4fa4-a97d-d965ccfc6d4b" outcome="Passed" testListId="8c84fa94-04c1-424b-9868-57a2d4851a1d" relativeResultsDirectory="67d86d56-cbdc-4e6c-8624-64b8a63e12da" />
    <UnitTestResult executionId="51ace0a9-1741-4884-a86e-a89975d079be" testId="5eb51ac6-bd9f-5d8a-8a44-d83118d83beb" testName="FormatToStringTest1000(11175.438820935526d,&quot;11175.44 zł&quot;)" computerName="DESKTOP-5URQ9PB" duration="00:00:00.0000180" startTime="2022-06-13T21:12:51.3156144+02:00" endTime="2022-06-13T21:12:51.3156325+02:00" testType="13cdc9d9-ddb5-4fa4-a97d-d965ccfc6d4b" outcome="Passed" testListId="8c84fa94-04c1-424b-9868-57a2d4851a1d" relativeResultsDirectory="51ace0a9-1741-4884-a86e-a89975d079be" />
    <UnitTestResult executionId="6f6819d6-6db1-4029-912b-034261db12ca" testId="5eec1dec-2d00-5deb-f000-c17eea3526a6" testName="FormatToStringTest1000(1073.195098933389d,&quot;1073.20 zł&quot;)" computerName="DESKTOP-5URQ9PB" duration="00:00:00.0000180" startTime="2022-06-13T21:12:51.3261077+02:00" endTime="2022-06-13T21:12:51.3261257+02:00" testType="13cdc9d9-ddb5-4fa4-a97d-d965ccfc6d4b" outcome="Passed" testListId="8c84fa94-04c1-424b-9868-57a2d4851a1d" relativeResultsDirectory="6f6819d6-6db1-4029-912b-034261db12ca" />
    <UnitTestResult executionId="05422e37-6889-4f98-b096-2fa2f20c601f" testId="8d3460f1-a4b4-e4c2-2d2b-85718b89d128" testName="FormatToStringTest1000(19840.47672110632d,&quot;19840.48 zł&quot;)" computerName="DESKTOP-5URQ9PB" duration="00:00:00.0000190" startTime="2022-06-13T21:12:51.3161078+02:00" endTime="2022-06-13T21:12:51.3161267+02:00" testType="13cdc9d9-ddb5-4fa4-a97d-d965ccfc6d4b" outcome="Passed" testListId="8c84fa94-04c1-424b-9868-57a2d4851a1d" relativeResultsDirectory="05422e37-6889-4f98-b096-2fa2f20c601f" />
    <UnitTestResult executionId="a28b2cec-a7f5-4c2f-ab36-cdd66f944a58" testId="9c7df8f2-0bef-5347-a48a-3dbf0cbe5e21" testName="FormatToStringTest1000(20978.860218282258d,&quot;20978.86 zł&quot;)" computerName="DESKTOP-5URQ9PB" duration="00:00:00.0000190" startTime="2022-06-13T21:12:51.3171525+02:00" endTime="2022-06-13T21:12:51.3171711+02:00" testType="13cdc9d9-ddb5-4fa4-a97d-d965ccfc6d4b" outcome="Passed" testListId="8c84fa94-04c1-424b-9868-57a2d4851a1d" relativeResultsDirectory="a28b2cec-a7f5-4c2f-ab36-cdd66f944a58" />
    <UnitTestResult executionId="90d64517-0a72-4eb2-9c4b-7af827da0e8d" testId="762e5ce4-0443-8529-2419-b15e6b3af056" testName="FormatToStringTest1000(43222.47958431695d,&quot;43222.48 zł&quot;)" computerName="DESKTOP-5URQ9PB" duration="00:00:00.0000180" startTime="2022-06-13T21:12:51.3135826+02:00" endTime="2022-06-13T21:12:51.3136003+02:00" testType="13cdc9d9-ddb5-4fa4-a97d-d965ccfc6d4b" outcome="Passed" testListId="8c84fa94-04c1-424b-9868-57a2d4851a1d" relativeResultsDirectory="90d64517-0a72-4eb2-9c4b-7af827da0e8d" />
    <UnitTestResult executionId="26a79534-2596-4ca9-badb-a5a184897231" testId="90524d2a-adb4-bd7e-769a-526d502faf2e" testName="FormatToStringTest1000(47672.66266041652d,&quot;47672.66 zł&quot;)" computerName="DESKTOP-5URQ9PB" duration="00:00:00.0000180" startTime="2022-06-13T21:12:51.3346260+02:00" endTime="2022-06-13T21:12:51.3346443+02:00" testType="13cdc9d9-ddb5-4fa4-a97d-d965ccfc6d4b" outcome="Passed" testListId="8c84fa94-04c1-424b-9868-57a2d4851a1d" relativeResultsDirectory="26a79534-2596-4ca9-badb-a5a184897231" />
    <UnitTestResult executionId="64930bb3-7430-4293-a6c2-d6f3041fcaac" testId="dbb1fa1a-a5ee-99ca-9749-48d31eb98113" testName="FormatToStringTest1000(25720.27551496321d,&quot;25720.28 zł&quot;)" computerName="DESKTOP-5URQ9PB" duration="00:00:00.0000190" startTime="2022-06-13T21:12:51.3166855+02:00" endTime="2022-06-13T21:12:51.3167041+02:00" testType="13cdc9d9-ddb5-4fa4-a97d-d965ccfc6d4b" outcome="Passed" testListId="8c84fa94-04c1-424b-9868-57a2d4851a1d" relativeResultsDirectory="64930bb3-7430-4293-a6c2-d6f3041fcaac" />
    <UnitTestResult executionId="925af5b6-f7e7-4d0e-8c7a-0dae6e355454" testId="af3111d5-b888-5828-d92f-ad0d56c13b83" testName="FormatToStringTest1000(32051.900532446758d,&quot;32051.90 zł&quot;)" computerName="DESKTOP-5URQ9PB" duration="00:00:00.0000190" startTime="2022-06-13T21:12:51.3146435+02:00" endTime="2022-06-13T21:12:51.3146621+02:00" testType="13cdc9d9-ddb5-4fa4-a97d-d965ccfc6d4b" outcome="Passed" testListId="8c84fa94-04c1-424b-9868-57a2d4851a1d" relativeResultsDirectory="925af5b6-f7e7-4d0e-8c7a-0dae6e355454" />
    <UnitTestResult executionId="7620051b-095c-477b-9fa3-18a5e4445769" testId="9a937ae8-d764-8210-812b-522cffbf8c6f" testName="FormatToStringTest1000(45739.569854490255d,&quot;45739.57 zł&quot;)" computerName="DESKTOP-5URQ9PB" duration="00:00:00.0000180" startTime="2022-06-13T21:12:51.3310788+02:00" endTime="2022-06-13T21:12:51.3310967+02:00" testType="13cdc9d9-ddb5-4fa4-a97d-d965ccfc6d4b" outcome="Passed" testListId="8c84fa94-04c1-424b-9868-57a2d4851a1d" relativeResultsDirectory="7620051b-095c-477b-9fa3-18a5e4445769" />
    <UnitTestResult executionId="2373289a-d734-436d-9668-4a03c76d882e" testId="837f3b30-3aeb-50a8-d532-f419df9834ba" testName="FormatToStringTest1000(31622.81414407809d,&quot;31622.81 zł&quot;)" computerName="DESKTOP-5URQ9PB" duration="00:00:00.0000180" startTime="2022-06-13T21:12:51.3337374+02:00" endTime="2022-06-13T21:12:51.3337554+02:00" testType="13cdc9d9-ddb5-4fa4-a97d-d965ccfc6d4b" outcome="Passed" testListId="8c84fa94-04c1-424b-9868-57a2d4851a1d" relativeResultsDirectory="2373289a-d734-436d-9668-4a03c76d882e" />
    <UnitTestResult executionId="764b9de7-c82b-41dc-bd87-6c02138c461c" testId="1476985a-ce79-252c-fc82-6cfb05e64152" testName="FormatToStringTest1000(6890.028458985514d,&quot;6890.03 zł&quot;)" computerName="DESKTOP-5URQ9PB" duration="00:00:00.0000190" startTime="2022-06-13T21:12:51.3115803+02:00" endTime="2022-06-13T21:12:51.3115989+02:00" testType="13cdc9d9-ddb5-4fa4-a97d-d965ccfc6d4b" outcome="Passed" testListId="8c84fa94-04c1-424b-9868-57a2d4851a1d" relativeResultsDirectory="764b9de7-c82b-41dc-bd87-6c02138c461c" />
    <UnitTestResult executionId="ab5a31e7-05c5-440b-a07a-8a9dd69ef48b" testId="69564ef2-123d-d3db-baf6-6a27b0eb9c23" testName="FormatToStringTest1000(643.3550376181281d,&quot;643.36 zł&quot;)" computerName="DESKTOP-5URQ9PB" duration="00:00:00.0000180" startTime="2022-06-13T21:12:51.3280670+02:00" endTime="2022-06-13T21:12:51.3280849+02:00" testType="13cdc9d9-ddb5-4fa4-a97d-d965ccfc6d4b" outcome="Passed" testListId="8c84fa94-04c1-424b-9868-57a2d4851a1d" relativeResultsDirectory="ab5a31e7-05c5-440b-a07a-8a9dd69ef48b" />
    <UnitTestResult executionId="07a9ed0b-d03d-4c5c-a45e-6b115859990e" testId="71b16f9b-dbb0-7a23-533d-802c9512270b" testName="FormatToStringTest1000(11181.228339251702d,&quot;11181.23 zł&quot;)" computerName="DESKTOP-5URQ9PB" duration="00:00:00.0000200" startTime="2022-06-13T21:12:51.3354559+02:00" endTime="2022-06-13T21:12:51.3354755+02:00" testType="13cdc9d9-ddb5-4fa4-a97d-d965ccfc6d4b" outcome="Passed" testListId="8c84fa94-04c1-424b-9868-57a2d4851a1d" relativeResultsDirectory="07a9ed0b-d03d-4c5c-a45e-6b115859990e" />
    <UnitTestResult executionId="04ff2121-227d-4138-b09f-c3849fc638a2" testId="b781e920-c895-0d1c-5363-71c65713c53a" testName="FormatToStringTest1000(238.1379397484185d,&quot;238.14 zł&quot;)" computerName="DESKTOP-5URQ9PB" duration="00:00:00.0000220" startTime="2022-06-13T21:12:51.3173982+02:00" endTime="2022-06-13T21:12:51.3174201+02:00" testType="13cdc9d9-ddb5-4fa4-a97d-d965ccfc6d4b" outcome="Passed" testListId="8c84fa94-04c1-424b-9868-57a2d4851a1d" relativeResultsDirectory="04ff2121-227d-4138-b09f-c3849fc638a2" />
    <UnitTestResult executionId="dd68b68f-55bb-4ae2-8adc-0080a38808af" testId="bce75dbd-45ca-03c5-19ba-bad21cb2572e" testName="FormatToStringTest1000(18990.72499258012d,&quot;18990.72 zł&quot;)" computerName="DESKTOP-5URQ9PB" duration="00:00:00.0000180" startTime="2022-06-13T21:12:51.3127192+02:00" endTime="2022-06-13T21:12:51.3127370+02:00" testType="13cdc9d9-ddb5-4fa4-a97d-d965ccfc6d4b" outcome="Passed" testListId="8c84fa94-04c1-424b-9868-57a2d4851a1d" relativeResultsDirectory="dd68b68f-55bb-4ae2-8adc-0080a38808af" />
    <UnitTestResult executionId="b6c809ff-0c86-4c03-977b-e806c4045439" testId="2b18aff2-35ed-39eb-0869-97e8dcc5f3f1" testName="FormatToStringTest1000(2216.881526520886d,&quot;2216.88 zł&quot;)" computerName="DESKTOP-5URQ9PB" duration="00:00:00.0000190" startTime="2022-06-13T21:12:51.3278417+02:00" endTime="2022-06-13T21:12:51.3278602+02:00" testType="13cdc9d9-ddb5-4fa4-a97d-d965ccfc6d4b" outcome="Passed" testListId="8c84fa94-04c1-424b-9868-57a2d4851a1d" relativeResultsDirectory="b6c809ff-0c86-4c03-977b-e806c4045439" />
    <UnitTestResult executionId="2bb76c50-1cd0-4c9c-a730-90b13f5879c7" testId="7b7e9341-cf8b-f510-483a-d874dccbbbca" testName="FormatToStringTest1000(9503.466049463705d,&quot;9503.47 zł&quot;)" computerName="DESKTOP-5URQ9PB" duration="00:00:00.0000190" startTime="2022-06-13T21:12:51.3248017+02:00" endTime="2022-06-13T21:12:51.3248204+02:00" testType="13cdc9d9-ddb5-4fa4-a97d-d965ccfc6d4b" outcome="Passed" testListId="8c84fa94-04c1-424b-9868-57a2d4851a1d" relativeResultsDirectory="2bb76c50-1cd0-4c9c-a730-90b13f5879c7" />
    <UnitTestResult executionId="8acc6c83-6137-47a9-a273-b5d63d5cdcee" testId="859e7823-e1a7-1174-301f-2aa38167af9b" testName="FormatToStringTest1000(74851.91547305691d,&quot;74851.92 zł&quot;)" computerName="DESKTOP-5URQ9PB" duration="00:00:00.0000180" startTime="2022-06-13T21:12:51.3326049+02:00" endTime="2022-06-13T21:12:51.3326229+02:00" testType="13cdc9d9-ddb5-4fa4-a97d-d965ccfc6d4b" outcome="Passed" testListId="8c84fa94-04c1-424b-9868-57a2d4851a1d" relativeResultsDirectory="8acc6c83-6137-47a9-a273-b5d63d5cdcee" />
    <UnitTestResult executionId="160bf98b-bcaf-4736-837f-7afc21ef02b5" testId="34f38fc8-ae53-5e82-0417-57e4237764fa" testName="FormatToStringTest1000(151.50737175275916d,&quot;151.51 zł&quot;)" computerName="DESKTOP-5URQ9PB" duration="00:00:00.0000180" startTime="2022-06-13T21:12:51.3346744+02:00" endTime="2022-06-13T21:12:51.3346920+02:00" testType="13cdc9d9-ddb5-4fa4-a97d-d965ccfc6d4b" outcome="Passed" testListId="8c84fa94-04c1-424b-9868-57a2d4851a1d" relativeResultsDirectory="160bf98b-bcaf-4736-837f-7afc21ef02b5" />
    <UnitTestResult executionId="8d8565ee-526b-4afd-8860-9b3b8128c9ea" testId="bde33f3c-8432-543f-ee46-b13606db09db" testName="FormatToStringTest1000(4539.210371735137d,&quot;4539.21 zł&quot;)" computerName="DESKTOP-5URQ9PB" duration="00:00:00.0000190" startTime="2022-06-13T21:12:51.3311787+02:00" endTime="2022-06-13T21:12:51.3311974+02:00" testType="13cdc9d9-ddb5-4fa4-a97d-d965ccfc6d4b" outcome="Passed" testListId="8c84fa94-04c1-424b-9868-57a2d4851a1d" relativeResultsDirectory="8d8565ee-526b-4afd-8860-9b3b8128c9ea" />
    <UnitTestResult executionId="28e3f65c-8ca4-4b9d-aa9d-b14990aaff1a" testId="4ce6cb72-dabd-e3eb-6074-df75f0abcb26" testName="FormatToStringTest1000(76751.79413498091d,&quot;76751.79 zł&quot;)" computerName="DESKTOP-5URQ9PB" duration="00:00:00.0000180" startTime="2022-06-13T21:12:51.3228892+02:00" endTime="2022-06-13T21:12:51.3229072+02:00" testType="13cdc9d9-ddb5-4fa4-a97d-d965ccfc6d4b" outcome="Passed" testListId="8c84fa94-04c1-424b-9868-57a2d4851a1d" relativeResultsDirectory="28e3f65c-8ca4-4b9d-aa9d-b14990aaff1a" />
    <UnitTestResult executionId="f86d017e-65ce-4551-b388-3b27ff422381" testId="a50649ef-585c-8158-fd90-9ac54f51f860" testName="FormatToStringTest1000(2963.24443391815d,&quot;2963.24 zł&quot;)" computerName="DESKTOP-5URQ9PB" duration="00:00:00.0000190" startTime="2022-06-13T21:12:51.3236345+02:00" endTime="2022-06-13T21:12:51.3236534+02:00" testType="13cdc9d9-ddb5-4fa4-a97d-d965ccfc6d4b" outcome="Passed" testListId="8c84fa94-04c1-424b-9868-57a2d4851a1d" relativeResultsDirectory="f86d017e-65ce-4551-b388-3b27ff422381" />
    <UnitTestResult executionId="60b47aaa-fe4c-4459-982a-71a30bf3e600" testId="610f0902-3657-5dff-20ec-353a29cbd7c4" testName="FormatToStringTest1000(13206.129467931636d,&quot;13206.13 zł&quot;)" computerName="DESKTOP-5URQ9PB" duration="00:00:00.0000190" startTime="2022-06-13T21:12:51.3263278+02:00" endTime="2022-06-13T21:12:51.3263462+02:00" testType="13cdc9d9-ddb5-4fa4-a97d-d965ccfc6d4b" outcome="Passed" testListId="8c84fa94-04c1-424b-9868-57a2d4851a1d" relativeResultsDirectory="60b47aaa-fe4c-4459-982a-71a30bf3e600" />
    <UnitTestResult executionId="8e224055-56cb-4ff5-8b9d-85bf52011a25" testId="796d7949-31f4-bb9f-3f5b-ffa9238af688" testName="FormatToStringTest1000(75214.75000876503d,&quot;75214.75 zł&quot;)" computerName="DESKTOP-5URQ9PB" duration="00:00:00.0000190" startTime="2022-06-13T21:12:51.3211737+02:00" endTime="2022-06-13T21:12:51.3211925+02:00" testType="13cdc9d9-ddb5-4fa4-a97d-d965ccfc6d4b" outcome="Passed" testListId="8c84fa94-04c1-424b-9868-57a2d4851a1d" relativeResultsDirectory="8e224055-56cb-4ff5-8b9d-85bf52011a25" />
    <UnitTestResult executionId="a056dca2-61c6-43d6-9cef-34316cd890f5" testId="705f4fef-5f3d-03f1-6410-c3ee16921998" testName="FormatToStringTest1000(11100.829211263372d,&quot;11100.83 zł&quot;)" computerName="DESKTOP-5URQ9PB" duration="00:00:00.0000190" startTime="2022-06-13T21:12:51.3111623+02:00" endTime="2022-06-13T21:12:51.3111809+02:00" testType="13cdc9d9-ddb5-4fa4-a97d-d965ccfc6d4b" outcome="Passed" testListId="8c84fa94-04c1-424b-9868-57a2d4851a1d" relativeResultsDirectory="a056dca2-61c6-43d6-9cef-34316cd890f5" />
    <UnitTestResult executionId="18613c3b-7812-42ab-8487-928e1195e8af" testId="72246d42-3df4-5454-c0c9-cf24737deb1a" testName="FormatToStringTest1000(32732.81915128502d,&quot;32732.82 zł&quot;)" computerName="DESKTOP-5URQ9PB" duration="00:00:00.0000180" startTime="2022-06-13T21:12:51.3231129+02:00" endTime="2022-06-13T21:12:51.3231311+02:00" testType="13cdc9d9-ddb5-4fa4-a97d-d965ccfc6d4b" outcome="Passed" testListId="8c84fa94-04c1-424b-9868-57a2d4851a1d" relativeResultsDirectory="18613c3b-7812-42ab-8487-928e1195e8af" />
    <UnitTestResult executionId="a965480a-f0fb-4ca2-aa32-84f0314f5c5f" testId="5fa0a4c4-15f2-a193-6e7e-18d36636da1f" testName="FormatToStringTest1000(38845.74924104323d,&quot;38845.75 zł&quot;)" computerName="DESKTOP-5URQ9PB" duration="00:00:00.0000310" startTime="2022-06-13T21:12:51.3322591+02:00" endTime="2022-06-13T21:12:51.3322898+02:00" testType="13cdc9d9-ddb5-4fa4-a97d-d965ccfc6d4b" outcome="Passed" testListId="8c84fa94-04c1-424b-9868-57a2d4851a1d" relativeResultsDirectory="a965480a-f0fb-4ca2-aa32-84f0314f5c5f" />
    <UnitTestResult executionId="c6781a3e-7c1c-408a-83b2-6fcd64e08e56" testId="9a124f11-40ca-d2aa-a849-6941897e0c0b" testName="FormatToStringTest1000(7076.829971250534d,&quot;7076.83 zł&quot;)" computerName="DESKTOP-5URQ9PB" duration="00:00:00.0000310" startTime="2022-06-13T21:12:51.3319282+02:00" endTime="2022-06-13T21:12:51.3319590+02:00" testType="13cdc9d9-ddb5-4fa4-a97d-d965ccfc6d4b" outcome="Passed" testListId="8c84fa94-04c1-424b-9868-57a2d4851a1d" relativeResultsDirectory="c6781a3e-7c1c-408a-83b2-6fcd64e08e56" />
    <UnitTestResult executionId="12e4cc02-2706-4882-8668-6629dd0c5fb9" testId="fea06ea0-1747-ca17-2548-261210975e57" testName="FormatToStringTest1000(44065.726815678056d,&quot;44065.73 zł&quot;)" computerName="DESKTOP-5URQ9PB" duration="00:00:00.0000200" startTime="2022-06-13T21:12:51.3174523+02:00" endTime="2022-06-13T21:12:51.3174716+02:00" testType="13cdc9d9-ddb5-4fa4-a97d-d965ccfc6d4b" outcome="Passed" testListId="8c84fa94-04c1-424b-9868-57a2d4851a1d" relativeResultsDirectory="12e4cc02-2706-4882-8668-6629dd0c5fb9" />
    <UnitTestResult executionId="cda96e0a-07f6-4354-b33e-9ba928472685" testId="94cff85e-e7bb-c94b-e20b-765eb3997f75" testName="FormatToStringTest1000(286.92120604539343d,&quot;286.92 zł&quot;)" computerName="DESKTOP-5URQ9PB" duration="00:00:00.0000200" startTime="2022-06-13T21:12:51.3108303+02:00" endTime="2022-06-13T21:12:51.3108497+02:00" testType="13cdc9d9-ddb5-4fa4-a97d-d965ccfc6d4b" outcome="Passed" testListId="8c84fa94-04c1-424b-9868-57a2d4851a1d" relativeResultsDirectory="cda96e0a-07f6-4354-b33e-9ba928472685" />
    <UnitTestResult executionId="db643348-3674-47f4-9875-8cd75a61bfce" testId="9c14da41-934e-02e1-653f-9f7dc91a12aa" testName="FormatToStringTest1000(8901.937138443784d,&quot;8901.94 zł&quot;)" computerName="DESKTOP-5URQ9PB" duration="00:00:00.0000180" startTime="2022-06-13T21:12:51.3237582+02:00" endTime="2022-06-13T21:12:51.3237761+02:00" testType="13cdc9d9-ddb5-4fa4-a97d-d965ccfc6d4b" outcome="Passed" testListId="8c84fa94-04c1-424b-9868-57a2d4851a1d" relativeResultsDirectory="db643348-3674-47f4-9875-8cd75a61bfce" />
    <UnitTestResult executionId="c4006608-b894-4f93-bcbf-7b0c9027748e" testId="32b6919d-1fc0-c669-26d4-2a969f5a55fe" testName="FormatToStringTest1000(14198.39903067723d,&quot;14198.40 zł&quot;)" computerName="DESKTOP-5URQ9PB" duration="00:00:00.0000190" startTime="2022-06-13T21:12:51.3342773+02:00" endTime="2022-06-13T21:12:51.3342958+02:00" testType="13cdc9d9-ddb5-4fa4-a97d-d965ccfc6d4b" outcome="Passed" testListId="8c84fa94-04c1-424b-9868-57a2d4851a1d" relativeResultsDirectory="c4006608-b894-4f93-bcbf-7b0c9027748e" />
    <UnitTestResult executionId="0ec4da37-9fc2-4f85-85e9-f09456e5c845" testId="da69ab52-f883-eabf-8235-9cb66a514e58" testName="FormatToStringTest1000(19006.315459580772d,&quot;19006.32 zł&quot;)" computerName="DESKTOP-5URQ9PB" duration="00:00:00.0000180" startTime="2022-06-13T21:12:51.3215262+02:00" endTime="2022-06-13T21:12:51.3215444+02:00" testType="13cdc9d9-ddb5-4fa4-a97d-d965ccfc6d4b" outcome="Passed" testListId="8c84fa94-04c1-424b-9868-57a2d4851a1d" relativeResultsDirectory="0ec4da37-9fc2-4f85-85e9-f09456e5c845" />
    <UnitTestResult executionId="efcbd2a2-19fb-4bdd-8cfe-c714ebf8aa82" testId="ba2e227c-c79f-6137-d335-88fa098146b3" testName="FormatToStringTest1000(4555.538255205163d,&quot;4555.54 zł&quot;)" computerName="DESKTOP-5URQ9PB" duration="00:00:00.0000190" startTime="2022-06-13T21:12:51.3191593+02:00" endTime="2022-06-13T21:12:51.3191778+02:00" testType="13cdc9d9-ddb5-4fa4-a97d-d965ccfc6d4b" outcome="Passed" testListId="8c84fa94-04c1-424b-9868-57a2d4851a1d" relativeResultsDirectory="efcbd2a2-19fb-4bdd-8cfe-c714ebf8aa82" />
    <UnitTestResult executionId="824a73a9-e4df-4e79-b0a9-38c8dbc57fe1" testId="eaf85606-7f0d-3e94-fb5d-ed88b536baa0" testName="FormatToStringTest1000(41008.28505327194d,&quot;41008.29 zł&quot;)" computerName="DESKTOP-5URQ9PB" duration="00:00:00.0000190" startTime="2022-06-13T21:12:51.3293344+02:00" endTime="2022-06-13T21:12:51.3293533+02:00" testType="13cdc9d9-ddb5-4fa4-a97d-d965ccfc6d4b" outcome="Passed" testListId="8c84fa94-04c1-424b-9868-57a2d4851a1d" relativeResultsDirectory="824a73a9-e4df-4e79-b0a9-38c8dbc57fe1" />
    <UnitTestResult executionId="2b0eb3de-d2a0-482b-9072-f247282b2f55" testId="5372d0c3-7454-6ed0-3140-c46dbf17af10" testName="FormatToStringTest1000(1649.0127968480872d,&quot;1649.01 zł&quot;)" computerName="DESKTOP-5URQ9PB" duration="00:00:00.0000190" startTime="2022-06-13T21:12:51.3122676+02:00" endTime="2022-06-13T21:12:51.3122863+02:00" testType="13cdc9d9-ddb5-4fa4-a97d-d965ccfc6d4b" outcome="Passed" testListId="8c84fa94-04c1-424b-9868-57a2d4851a1d" relativeResultsDirectory="2b0eb3de-d2a0-482b-9072-f247282b2f55" />
    <UnitTestResult executionId="6c1acb66-1e32-4fbb-b0ac-3b7f063ef32e" testId="1e5c078d-f94d-c926-473c-575e7ad77b95" testName="FormatToStringTest1000(2409.393997763001d,&quot;2409.39 zł&quot;)" computerName="DESKTOP-5URQ9PB" duration="00:00:00.0000180" startTime="2022-06-13T21:12:51.3140491+02:00" endTime="2022-06-13T21:12:51.3140669+02:00" testType="13cdc9d9-ddb5-4fa4-a97d-d965ccfc6d4b" outcome="Passed" testListId="8c84fa94-04c1-424b-9868-57a2d4851a1d" relativeResultsDirectory="6c1acb66-1e32-4fbb-b0ac-3b7f063ef32e" />
    <UnitTestResult executionId="bf6ab2cc-2350-4448-a73e-7d67066bed13" testId="1ead85ed-9e84-e345-248b-37b2bb2fd57c" testName="FormatToStringTest1000(7621.507806692509d,&quot;7621.51 zł&quot;)" computerName="DESKTOP-5URQ9PB" duration="00:00:00.0000200" startTime="2022-06-13T21:12:51.3212235+02:00" endTime="2022-06-13T21:12:51.3212432+02:00" testType="13cdc9d9-ddb5-4fa4-a97d-d965ccfc6d4b" outcome="Passed" testListId="8c84fa94-04c1-424b-9868-57a2d4851a1d" relativeResultsDirectory="bf6ab2cc-2350-4448-a73e-7d67066bed13" />
    <UnitTestResult executionId="b81e245b-0b40-4dfd-96aa-f9da3ec2c462" testId="0d37f434-250b-5238-45a8-c128f2ef42ef" testName="FormatToStringTest1000(46790.41011887715d,&quot;46790.41 zł&quot;)" computerName="DESKTOP-5URQ9PB" duration="00:00:00.0000180" startTime="2022-06-13T21:12:51.3229382+02:00" endTime="2022-06-13T21:12:51.3229562+02:00" testType="13cdc9d9-ddb5-4fa4-a97d-d965ccfc6d4b" outcome="Passed" testListId="8c84fa94-04c1-424b-9868-57a2d4851a1d" relativeResultsDirectory="b81e245b-0b40-4dfd-96aa-f9da3ec2c462" />
    <UnitTestResult executionId="a3bc6f5f-78a3-47ef-8e71-d6d30d84809a" testId="d54410c1-a007-adf6-a1dc-8caa96e947a3" testName="FormatToStringTest1000(49037.8109120586d,&quot;49037.81 zł&quot;)" computerName="DESKTOP-5URQ9PB" duration="00:00:00.0000180" startTime="2022-06-13T21:12:51.3329236+02:00" endTime="2022-06-13T21:12:51.3329416+02:00" testType="13cdc9d9-ddb5-4fa4-a97d-d965ccfc6d4b" outcome="Passed" testListId="8c84fa94-04c1-424b-9868-57a2d4851a1d" relativeResultsDirectory="a3bc6f5f-78a3-47ef-8e71-d6d30d84809a" />
    <UnitTestResult executionId="5e372cb9-c9f2-4caf-90e5-511a62db54b4" testId="4c3c57ae-2e5c-e5eb-314a-7aa532a2bb5e" testName="FormatToStringTest1000(73504.44700518598d,&quot;73504.45 zł&quot;)" computerName="DESKTOP-5URQ9PB" duration="00:00:00.0000200" startTime="2022-06-13T21:12:51.3380059+02:00" endTime="2022-06-13T21:12:51.3380253+02:00" testType="13cdc9d9-ddb5-4fa4-a97d-d965ccfc6d4b" outcome="Passed" testListId="8c84fa94-04c1-424b-9868-57a2d4851a1d" relativeResultsDirectory="5e372cb9-c9f2-4caf-90e5-511a62db54b4" />
    <UnitTestResult executionId="a8be17cb-384a-4d60-aa01-18809e35247c" testId="b9452443-27e0-9ab0-1723-70a405c1b43f" testName="FormatToStringTest1000(1741.3334432818617d,&quot;1741.33 zł&quot;)" computerName="DESKTOP-5URQ9PB" duration="00:00:00.0000180" startTime="2022-06-13T21:12:51.3120470+02:00" endTime="2022-06-13T21:12:51.3120652+02:00" testType="13cdc9d9-ddb5-4fa4-a97d-d965ccfc6d4b" outcome="Passed" testListId="8c84fa94-04c1-424b-9868-57a2d4851a1d" relativeResultsDirectory="a8be17cb-384a-4d60-aa01-18809e35247c" />
    <UnitTestResult executionId="b6040c6f-c7f6-4c6d-9af4-fbdb87e65ac0" testId="ef7b8988-d111-e493-786c-6d198480cf20" testName="FormatToStringTest1000(21602.417596116393d,&quot;21602.42 zł&quot;)" computerName="DESKTOP-5URQ9PB" duration="00:00:00.0000190" startTime="2022-06-13T21:12:51.3147670+02:00" endTime="2022-06-13T21:12:51.3147855+02:00" testType="13cdc9d9-ddb5-4fa4-a97d-d965ccfc6d4b" outcome="Passed" testListId="8c84fa94-04c1-424b-9868-57a2d4851a1d" relativeResultsDirectory="b6040c6f-c7f6-4c6d-9af4-fbdb87e65ac0" />
    <UnitTestResult executionId="14db9a88-91bf-4d1a-9a91-d56f68fa345f" testId="afd0d33f-f4d8-2831-3613-5b41efd13c3b" testName="FormatToStringTest1000(30071.004434484523d,&quot;30071.00 zł&quot;)" computerName="DESKTOP-5URQ9PB" duration="00:00:00.0000180" startTime="2022-06-13T21:12:51.3148162+02:00" endTime="2022-06-13T21:12:51.3148345+02:00" testType="13cdc9d9-ddb5-4fa4-a97d-d965ccfc6d4b" outcome="Passed" testListId="8c84fa94-04c1-424b-9868-57a2d4851a1d" relativeResultsDirectory="14db9a88-91bf-4d1a-9a91-d56f68fa345f" />
    <UnitTestResult executionId="a58986b8-197d-4e9a-8be2-726f9456a42c" testId="67f8d8e0-1fb7-7817-1ba6-6557149ef676" testName="FormatToStringTest1000(2444.4726240530017d,&quot;2444.47 zł&quot;)" computerName="DESKTOP-5URQ9PB" duration="00:00:00.0000180" startTime="2022-06-13T21:12:51.3332670+02:00" endTime="2022-06-13T21:12:51.3332846+02:00" testType="13cdc9d9-ddb5-4fa4-a97d-d965ccfc6d4b" outcome="Passed" testListId="8c84fa94-04c1-424b-9868-57a2d4851a1d" relativeResultsDirectory="a58986b8-197d-4e9a-8be2-726f9456a42c" />
    <UnitTestResult executionId="cfa7fd6b-8148-44a6-87f4-bd80919ef203" testId="a2324ec9-fe68-9e74-cace-8efe295e824d" testName="FormatToStringTest1000(43424.45140075332d,&quot;43424.45 zł&quot;)" computerName="DESKTOP-5URQ9PB" duration="00:00:00.0000230" startTime="2022-06-13T21:12:51.3224110+02:00" endTime="2022-06-13T21:12:51.3224336+02:00" testType="13cdc9d9-ddb5-4fa4-a97d-d965ccfc6d4b" outcome="Passed" testListId="8c84fa94-04c1-424b-9868-57a2d4851a1d" relativeResultsDirectory="cfa7fd6b-8148-44a6-87f4-bd80919ef203" />
    <UnitTestResult executionId="c1c7aa2e-c477-46cf-b987-e0cdb3664831" testId="4b337c41-7f92-2137-58f8-ec4a04af8e6b" testName="FormatToStringTest1000(1514.6266382441981d,&quot;1514.63 zł&quot;)" computerName="DESKTOP-5URQ9PB" duration="00:00:00.0000190" startTime="2022-06-13T21:12:51.3198777+02:00" endTime="2022-06-13T21:12:51.3198962+02:00" testType="13cdc9d9-ddb5-4fa4-a97d-d965ccfc6d4b" outcome="Passed" testListId="8c84fa94-04c1-424b-9868-57a2d4851a1d" relativeResultsDirectory="c1c7aa2e-c477-46cf-b987-e0cdb3664831" />
    <UnitTestResult executionId="76a69cef-049c-4bd5-872b-d33721786d43" testId="faa22825-903a-641b-03f7-ccff8cccfbb2" testName="FormatToStringTest1000(10762.501695533518d,&quot;10762.50 zł&quot;)" computerName="DESKTOP-5URQ9PB" duration="00:00:00.0000200" startTime="2022-06-13T21:12:51.3270919+02:00" endTime="2022-06-13T21:12:51.3271112+02:00" testType="13cdc9d9-ddb5-4fa4-a97d-d965ccfc6d4b" outcome="Passed" testListId="8c84fa94-04c1-424b-9868-57a2d4851a1d" relativeResultsDirectory="76a69cef-049c-4bd5-872b-d33721786d43" />
    <UnitTestResult executionId="eacdab53-170f-4d99-b134-0c0d75e3518a" testId="dafbe950-e143-41f5-1a50-ea362a5aa5d4" testName="FormatToStringTest1000(9928.477822322622d,&quot;9928.48 zł&quot;)" computerName="DESKTOP-5URQ9PB" duration="00:00:00.0000180" startTime="2022-06-13T21:12:51.3262797+02:00" endTime="2022-06-13T21:12:51.3262974+02:00" testType="13cdc9d9-ddb5-4fa4-a97d-d965ccfc6d4b" outcome="Passed" testListId="8c84fa94-04c1-424b-9868-57a2d4851a1d" relativeResultsDirectory="eacdab53-170f-4d99-b134-0c0d75e3518a" />
    <UnitTestResult executionId="cb46e32f-0e7f-4cd0-a8c4-e09fd6b532ae" testId="fb944051-8a30-bb84-bc2a-dc4270028415" testName="FormatToStringTest1000(68011.49219071423d,&quot;68011.49 zł&quot;)" computerName="DESKTOP-5URQ9PB" duration="00:00:00.0000180" startTime="2022-06-13T21:12:51.3266036+02:00" endTime="2022-06-13T21:12:51.3266218+02:00" testType="13cdc9d9-ddb5-4fa4-a97d-d965ccfc6d4b" outcome="Passed" testListId="8c84fa94-04c1-424b-9868-57a2d4851a1d" relativeResultsDirectory="cb46e32f-0e7f-4cd0-a8c4-e09fd6b532ae" />
    <UnitTestResult executionId="8bcda0ff-a1c0-4efe-8abd-5f5d6324252e" testId="25c75db4-22d0-52b7-8169-fe8bfa7112f2" testName="FormatToStringTest1000(90187.4082624374d,&quot;90187.41 zł&quot;)" computerName="DESKTOP-5URQ9PB" duration="00:00:00.0000180" startTime="2022-06-13T21:12:51.3350697+02:00" endTime="2022-06-13T21:12:51.3350875+02:00" testType="13cdc9d9-ddb5-4fa4-a97d-d965ccfc6d4b" outcome="Passed" testListId="8c84fa94-04c1-424b-9868-57a2d4851a1d" relativeResultsDirectory="8bcda0ff-a1c0-4efe-8abd-5f5d6324252e" />
    <UnitTestResult executionId="dc9285da-02ff-4aeb-9e23-900f597f1a3e" testId="255f4f6e-1bfc-cdd8-fb29-a1f4f034b89a" testName="FormatToStringTest1000(55782.67998761762d,&quot;55782.68 zł&quot;)" computerName="DESKTOP-5URQ9PB" duration="00:00:00.0000180" startTime="2022-06-13T21:12:51.3144968+02:00" endTime="2022-06-13T21:12:51.3145149+02:00" testType="13cdc9d9-ddb5-4fa4-a97d-d965ccfc6d4b" outcome="Passed" testListId="8c84fa94-04c1-424b-9868-57a2d4851a1d" relativeResultsDirectory="dc9285da-02ff-4aeb-9e23-900f597f1a3e" />
    <UnitTestResult executionId="96e1e5e7-df91-479a-80f4-caef571a7f14" testId="cf776b29-1018-5167-38d5-0aac7593edc5" testName="FormatToStringTest1000(45035.160883881224d,&quot;45035.16 zł&quot;)" computerName="DESKTOP-5URQ9PB" duration="00:00:00.0000180" startTime="2022-06-13T21:12:51.3117777+02:00" endTime="2022-06-13T21:12:51.3117956+02:00" testType="13cdc9d9-ddb5-4fa4-a97d-d965ccfc6d4b" outcome="Passed" testListId="8c84fa94-04c1-424b-9868-57a2d4851a1d" relativeResultsDirectory="96e1e5e7-df91-479a-80f4-caef571a7f14" />
    <UnitTestResult executionId="05bfa23d-a6a2-4dc8-ab1a-c610198cdf6e" testId="546fc2ea-9df5-50bd-d263-31b0a2faf8aa" testName="FormatToStringTest1000(72905.64834432845d,&quot;72905.65 zł&quot;)" computerName="DESKTOP-5URQ9PB" duration="00:00:00.0000190" startTime="2022-06-13T21:12:51.3289874+02:00" endTime="2022-06-13T21:12:51.3290065+02:00" testType="13cdc9d9-ddb5-4fa4-a97d-d965ccfc6d4b" outcome="Passed" testListId="8c84fa94-04c1-424b-9868-57a2d4851a1d" relativeResultsDirectory="05bfa23d-a6a2-4dc8-ab1a-c610198cdf6e" />
    <UnitTestResult executionId="d89d1d4c-d98b-443c-a881-df248a0bc667" testId="615860d1-0b9e-6fa5-7fc7-61ac89388548" testName="FormatToStringTest1000(73477.18206926118d,&quot;73477.18 zł&quot;)" computerName="DESKTOP-5URQ9PB" duration="00:00:00.0000180" startTime="2022-06-13T21:12:51.3210249+02:00" endTime="2022-06-13T21:12:51.3210429+02:00" testType="13cdc9d9-ddb5-4fa4-a97d-d965ccfc6d4b" outcome="Passed" testListId="8c84fa94-04c1-424b-9868-57a2d4851a1d" relativeResultsDirectory="d89d1d4c-d98b-443c-a881-df248a0bc667" />
    <UnitTestResult executionId="04c7196a-3da7-4674-b5d9-f7b487593a79" testId="a71dfd40-e5c3-4b5b-03e3-172683e7a4a4" testName="FormatToStringTest1000(6276.389386365838d,&quot;6276.39 zł&quot;)" computerName="DESKTOP-5URQ9PB" duration="00:00:00.0000190" startTime="2022-06-13T21:12:51.3206322+02:00" endTime="2022-06-13T21:12:51.3206510+02:00" testType="13cdc9d9-ddb5-4fa4-a97d-d965ccfc6d4b" outcome="Passed" testListId="8c84fa94-04c1-424b-9868-57a2d4851a1d" relativeResultsDirectory="04c7196a-3da7-4674-b5d9-f7b487593a79" />
    <UnitTestResult executionId="91760563-e794-4b21-b69a-035072174367" testId="71678dc5-b379-afbc-5607-17cbf413146c" testName="FormatToStringTest1000(37.631227987646696d,&quot;37.63 zł&quot;)" computerName="DESKTOP-5URQ9PB" duration="00:00:00.0000180" startTime="2022-06-13T21:12:51.3326793+02:00" endTime="2022-06-13T21:12:51.3326971+02:00" testType="13cdc9d9-ddb5-4fa4-a97d-d965ccfc6d4b" outcome="Passed" testListId="8c84fa94-04c1-424b-9868-57a2d4851a1d" relativeResultsDirectory="91760563-e794-4b21-b69a-035072174367" />
    <UnitTestResult executionId="fcfc0b31-6c05-4b39-b372-9c5596c20de4" testId="c9bdc46f-9c2d-d658-e774-72448865739f" testName="FormatToStringTest1000(5957.42161879941d,&quot;5957.42 zł&quot;)" computerName="DESKTOP-5URQ9PB" duration="00:00:00.0000180" startTime="2022-06-13T21:12:51.3270437+02:00" endTime="2022-06-13T21:12:51.3270615+02:00" testType="13cdc9d9-ddb5-4fa4-a97d-d965ccfc6d4b" outcome="Passed" testListId="8c84fa94-04c1-424b-9868-57a2d4851a1d" relativeResultsDirectory="fcfc0b31-6c05-4b39-b372-9c5596c20de4" />
    <UnitTestResult executionId="ba64a24f-52ae-4e7e-9cf3-dc649afa4eda" testId="3d581e6e-ac62-d984-1637-f1fef62a5597" testName="FormatToStringTest1000(57525.72988993569d,&quot;57525.73 zł&quot;)" computerName="DESKTOP-5URQ9PB" duration="00:00:00.0000190" startTime="2022-06-13T21:12:51.3244555+02:00" endTime="2022-06-13T21:12:51.3244743+02:00" testType="13cdc9d9-ddb5-4fa4-a97d-d965ccfc6d4b" outcome="Passed" testListId="8c84fa94-04c1-424b-9868-57a2d4851a1d" relativeResultsDirectory="ba64a24f-52ae-4e7e-9cf3-dc649afa4eda" />
    <UnitTestResult executionId="8c11f84e-2422-4418-bde9-148c9e581902" testId="c350fedf-0a65-57f7-f133-063ae7c0e4c8" testName="FormatToStringTest1000(96261.84883437205d,&quot;96261.85 zł&quot;)" computerName="DESKTOP-5URQ9PB" duration="00:00:00.0000180" startTime="2022-06-13T21:12:51.3331936+02:00" endTime="2022-06-13T21:12:51.3332117+02:00" testType="13cdc9d9-ddb5-4fa4-a97d-d965ccfc6d4b" outcome="Passed" testListId="8c84fa94-04c1-424b-9868-57a2d4851a1d" relativeResultsDirectory="8c11f84e-2422-4418-bde9-148c9e581902" />
    <UnitTestResult executionId="8ad945a6-17fc-47b0-8936-3c3f6d1a10ea" testId="333aaef5-a204-ff89-a246-bb5035b09f90" testName="FormatToStringTest1000(8013.1229931903645d,&quot;8013.12 zł&quot;)" computerName="DESKTOP-5URQ9PB" duration="00:00:00.0000260" startTime="2022-06-13T21:12:51.3323397+02:00" endTime="2022-06-13T21:12:51.3323659+02:00" testType="13cdc9d9-ddb5-4fa4-a97d-d965ccfc6d4b" outcome="Passed" testListId="8c84fa94-04c1-424b-9868-57a2d4851a1d" relativeResultsDirectory="8ad945a6-17fc-47b0-8936-3c3f6d1a10ea" />
    <UnitTestResult executionId="05482e9f-17e7-459a-a7f4-354cd49ba027" testId="943e674e-9656-f2f6-06a7-f12c38d1347c" testName="FormatToStringTest1000(8697.074631143862d,&quot;8697.07 zł&quot;)" computerName="DESKTOP-5URQ9PB" duration="00:00:00.0000190" startTime="2022-06-13T21:12:51.3198280+02:00" endTime="2022-06-13T21:12:51.3198464+02:00" testType="13cdc9d9-ddb5-4fa4-a97d-d965ccfc6d4b" outcome="Passed" testListId="8c84fa94-04c1-424b-9868-57a2d4851a1d" relativeResultsDirectory="05482e9f-17e7-459a-a7f4-354cd49ba027" />
    <UnitTestResult executionId="7b3aaa85-5839-40ef-883f-26ebc9fb52d6" testId="9e338ff4-5402-3f35-08f3-bafb7669b187" testName="FormatToStringTest1000(13092.45389243609d,&quot;13092.45 zł&quot;)" computerName="DESKTOP-5URQ9PB" duration="00:00:00.0000180" startTime="2022-06-13T21:12:51.3324811+02:00" endTime="2022-06-13T21:12:51.3324994+02:00" testType="13cdc9d9-ddb5-4fa4-a97d-d965ccfc6d4b" outcome="Passed" testListId="8c84fa94-04c1-424b-9868-57a2d4851a1d" relativeResultsDirectory="7b3aaa85-5839-40ef-883f-26ebc9fb52d6" />
    <UnitTestResult executionId="6adf5489-753b-4e00-9c75-f71bccf73b42" testId="58ed8150-ee65-8df8-a854-bba06457b4da" testName="FormatToStringTest1000(20445.11280083149d,&quot;20445.11 zł&quot;)" computerName="DESKTOP-5URQ9PB" duration="00:00:00.0000180" startTime="2022-06-13T21:12:51.3301804+02:00" endTime="2022-06-13T21:12:51.3301983+02:00" testType="13cdc9d9-ddb5-4fa4-a97d-d965ccfc6d4b" outcome="Passed" testListId="8c84fa94-04c1-424b-9868-57a2d4851a1d" relativeResultsDirectory="6adf5489-753b-4e00-9c75-f71bccf73b42" />
    <UnitTestResult executionId="10f70bb0-7a46-4c0b-9f01-368a26eb5a6a" testId="2adcf87c-7078-5286-2ca1-778b501cd9f7" testName="FormatToStringTest1000(18794.859523484418d,&quot;18794.86 zł&quot;)" computerName="DESKTOP-5URQ9PB" duration="00:00:00.0000190" startTime="2022-06-13T21:12:51.3192085+02:00" endTime="2022-06-13T21:12:51.3192275+02:00" testType="13cdc9d9-ddb5-4fa4-a97d-d965ccfc6d4b" outcome="Passed" testListId="8c84fa94-04c1-424b-9868-57a2d4851a1d" relativeResultsDirectory="10f70bb0-7a46-4c0b-9f01-368a26eb5a6a" />
    <UnitTestResult executionId="b71ff4e7-4560-4f65-bac7-fedd6fa3d2ff" testId="024506f9-eb28-1802-65f5-4eafd9fc8776" testName="FormatToStringTest1000(6105.007054037418d,&quot;6105.01 zł&quot;)" computerName="DESKTOP-5URQ9PB" duration="00:00:00.0000190" startTime="2022-06-13T21:12:51.3262052+02:00" endTime="2022-06-13T21:12:51.3262238+02:00" testType="13cdc9d9-ddb5-4fa4-a97d-d965ccfc6d4b" outcome="Passed" testListId="8c84fa94-04c1-424b-9868-57a2d4851a1d" relativeResultsDirectory="b71ff4e7-4560-4f65-bac7-fedd6fa3d2ff" />
    <UnitTestResult executionId="f43e62c3-3301-44e8-a03f-f529ccdf21f6" testId="1ea77442-f3cd-edae-4255-8405196cf08f" testName="FormatToStringTest1000(748.6264857065987d,&quot;748.63 zł&quot;)" computerName="DESKTOP-5URQ9PB" duration="00:00:00.0000180" startTime="2022-06-13T21:12:51.3222386+02:00" endTime="2022-06-13T21:12:51.3222562+02:00" testType="13cdc9d9-ddb5-4fa4-a97d-d965ccfc6d4b" outcome="Passed" testListId="8c84fa94-04c1-424b-9868-57a2d4851a1d" relativeResultsDirectory="f43e62c3-3301-44e8-a03f-f529ccdf21f6" />
    <UnitTestResult executionId="750dca2b-95fc-4a61-9076-c7e87aa86e5b" testId="40bf488b-c6ae-b189-e7b5-8aa7dd656fea" testName="FormatToStringTest1000(22367.991005544547d,&quot;22367.99 zł&quot;)" computerName="DESKTOP-5URQ9PB" duration="00:00:00.0000200" startTime="2022-06-13T21:12:51.3264298+02:00" endTime="2022-06-13T21:12:51.3264492+02:00" testType="13cdc9d9-ddb5-4fa4-a97d-d965ccfc6d4b" outcome="Passed" testListId="8c84fa94-04c1-424b-9868-57a2d4851a1d" relativeResultsDirectory="750dca2b-95fc-4a61-9076-c7e87aa86e5b" />
    <UnitTestResult executionId="baeb3fd0-8bf8-4a07-9396-9c40134781cf" testId="0f34bf53-f1cd-8615-6e75-51f26224ccf1" testName="FormatToStringTest1000(37387.37521261972d,&quot;37387.38 zł&quot;)" computerName="DESKTOP-5URQ9PB" duration="00:00:00.0000200" startTime="2022-06-13T21:12:51.3280912+02:00" endTime="2022-06-13T21:12:51.3281105+02:00" testType="13cdc9d9-ddb5-4fa4-a97d-d965ccfc6d4b" outcome="Passed" testListId="8c84fa94-04c1-424b-9868-57a2d4851a1d" relativeResultsDirectory="baeb3fd0-8bf8-4a07-9396-9c40134781cf" />
    <UnitTestResult executionId="01dbb45e-e2c3-42be-856c-157064a8e5e1" testId="21c3231d-e912-0f46-5fbf-421ff3f2435e" testName="FormatToStringTest1000(34096.337879508894d,&quot;34096.34 zł&quot;)" computerName="DESKTOP-5URQ9PB" duration="00:00:00.0000180" startTime="2022-06-13T21:12:51.3119003+02:00" endTime="2022-06-13T21:12:51.3119182+02:00" testType="13cdc9d9-ddb5-4fa4-a97d-d965ccfc6d4b" outcome="Passed" testListId="8c84fa94-04c1-424b-9868-57a2d4851a1d" relativeResultsDirectory="01dbb45e-e2c3-42be-856c-157064a8e5e1" />
    <UnitTestResult executionId="7fbf4666-3707-4da3-a4f9-6e4fe8995bf1" testId="f2da4add-4324-6352-9afd-0fe37f754b21" testName="FormatToStringTest1000(57237.252356975456d,&quot;57237.25 zł&quot;)" computerName="DESKTOP-5URQ9PB" duration="00:00:00.0000180" startTime="2022-06-13T21:12:51.3342047+02:00" endTime="2022-06-13T21:12:51.3342222+02:00" testType="13cdc9d9-ddb5-4fa4-a97d-d965ccfc6d4b" outcome="Passed" testListId="8c84fa94-04c1-424b-9868-57a2d4851a1d" relativeResultsDirectory="7fbf4666-3707-4da3-a4f9-6e4fe8995bf1" />
    <UnitTestResult executionId="689770ad-9b15-4505-be01-c7465a581586" testId="ce8c4658-51b9-647a-8bb3-9c2995dd5a3c" testName="FormatToStringTest1000(45070.5442499493d,&quot;45070.54 zł&quot;)" computerName="DESKTOP-5URQ9PB" duration="00:00:00.0000190" startTime="2022-06-13T21:12:51.3295889+02:00" endTime="2022-06-13T21:12:51.3296071+02:00" testType="13cdc9d9-ddb5-4fa4-a97d-d965ccfc6d4b" outcome="Passed" testListId="8c84fa94-04c1-424b-9868-57a2d4851a1d" relativeResultsDirectory="689770ad-9b15-4505-be01-c7465a581586" />
    <UnitTestResult executionId="785f00b5-28c4-4978-bbba-ef1a778215e7" testId="d6353a5c-aebf-48c3-7e68-77f3a0ea8301" testName="FormatToStringTest1000(58902.704109088845d,&quot;58902.70 zł&quot;)" computerName="DESKTOP-5URQ9PB" duration="00:00:00.0000180" startTime="2022-06-13T21:12:51.3328503+02:00" endTime="2022-06-13T21:12:51.3328684+02:00" testType="13cdc9d9-ddb5-4fa4-a97d-d965ccfc6d4b" outcome="Passed" testListId="8c84fa94-04c1-424b-9868-57a2d4851a1d" relativeResultsDirectory="785f00b5-28c4-4978-bbba-ef1a778215e7" />
    <UnitTestResult executionId="e5dc41ee-61ec-472a-8ecf-5c9667b83a56" testId="01cb383a-3e5a-acd0-bce9-5df29c661a7c" testName="FormatToStringTest1000(26133.133789601336d,&quot;26133.13 zł&quot;)" computerName="DESKTOP-5URQ9PB" duration="00:00:00.0000190" startTime="2022-06-13T21:12:51.3132309+02:00" endTime="2022-06-13T21:12:51.3132492+02:00" testType="13cdc9d9-ddb5-4fa4-a97d-d965ccfc6d4b" outcome="Passed" testListId="8c84fa94-04c1-424b-9868-57a2d4851a1d" relativeResultsDirectory="e5dc41ee-61ec-472a-8ecf-5c9667b83a56" />
    <UnitTestResult executionId="85483604-e1b1-4819-9f43-f6f79add55c6" testId="74db41bd-054e-abff-59c5-f7d3ecdafbd4" testName="FormatToStringTest1000(10397.404523554447d,&quot;10397.40 zł&quot;)" computerName="DESKTOP-5URQ9PB" duration="00:00:00.0000180" startTime="2022-06-13T21:12:51.3269943+02:00" endTime="2022-06-13T21:12:51.3270124+02:00" testType="13cdc9d9-ddb5-4fa4-a97d-d965ccfc6d4b" outcome="Passed" testListId="8c84fa94-04c1-424b-9868-57a2d4851a1d" relativeResultsDirectory="85483604-e1b1-4819-9f43-f6f79add55c6" />
    <UnitTestResult executionId="b8480df6-0121-442b-b7b9-860710f5fd3e" testId="f0aad1e7-1486-b29a-7a82-84f2693dfbe3" testName="FormatToStringTest1000(50956.25028206606d,&quot;50956.25 zł&quot;)" computerName="DESKTOP-5URQ9PB" duration="00:00:00.0000400" startTime="2022-06-13T21:12:51.3154784+02:00" endTime="2022-06-13T21:12:51.3155185+02:00" testType="13cdc9d9-ddb5-4fa4-a97d-d965ccfc6d4b" outcome="Passed" testListId="8c84fa94-04c1-424b-9868-57a2d4851a1d" relativeResultsDirectory="b8480df6-0121-442b-b7b9-860710f5fd3e" />
    <UnitTestResult executionId="41b8dc2e-0398-4f3b-b2ca-751ae32fe69f" testId="60e1884b-abd9-92c1-f58c-08f7b4b4de40" testName="FormatToStringTest1000(29926.595417457444d,&quot;29926.60 zł&quot;)" computerName="DESKTOP-5URQ9PB" duration="00:00:00.0000180" startTime="2022-06-13T21:12:51.3288894+02:00" endTime="2022-06-13T21:12:51.3289072+02:00" testType="13cdc9d9-ddb5-4fa4-a97d-d965ccfc6d4b" outcome="Passed" testListId="8c84fa94-04c1-424b-9868-57a2d4851a1d" relativeResultsDirectory="41b8dc2e-0398-4f3b-b2ca-751ae32fe69f" />
    <UnitTestResult executionId="92416270-e02b-4119-b5ef-5713cfeac651" testId="ecefef35-6686-837e-5061-bcb9badf51b3" testName="FormatToStringTest1000(20344.185360967265d,&quot;20344.19 zł&quot;)" computerName="DESKTOP-5URQ9PB" duration="00:00:00.0000190" startTime="2022-06-13T21:12:51.3291389+02:00" endTime="2022-06-13T21:12:51.3291571+02:00" testType="13cdc9d9-ddb5-4fa4-a97d-d965ccfc6d4b" outcome="Passed" testListId="8c84fa94-04c1-424b-9868-57a2d4851a1d" relativeResultsDirectory="92416270-e02b-4119-b5ef-5713cfeac651" />
    <UnitTestResult executionId="059e1e72-e19a-40f1-932d-1c47c64fda38" testId="c7f52afa-564d-8d59-88a3-ea1bc3790407" testName="FormatToStringTest1000(16383.352881839199d,&quot;16383.35 zł&quot;)" computerName="DESKTOP-5URQ9PB" duration="00:00:00.0000180" startTime="2022-06-13T21:12:51.3121939+02:00" endTime="2022-06-13T21:12:51.3122119+02:00" testType="13cdc9d9-ddb5-4fa4-a97d-d965ccfc6d4b" outcome="Passed" testListId="8c84fa94-04c1-424b-9868-57a2d4851a1d" relativeResultsDirectory="059e1e72-e19a-40f1-932d-1c47c64fda38" />
    <UnitTestResult executionId="68b6132f-6046-4210-b9a2-c82e71abb9a5" testId="2ed0b312-2f27-0f0b-487a-dea260d635a9" testName="FormatToStringTest1000(52020.805412759444d,&quot;52020.81 zł&quot;)" computerName="DESKTOP-5URQ9PB" duration="00:00:00.0000190" startTime="2022-06-13T21:12:51.3123175+02:00" endTime="2022-06-13T21:12:51.3123358+02:00" testType="13cdc9d9-ddb5-4fa4-a97d-d965ccfc6d4b" outcome="Passed" testListId="8c84fa94-04c1-424b-9868-57a2d4851a1d" relativeResultsDirectory="68b6132f-6046-4210-b9a2-c82e71abb9a5" />
    <UnitTestResult executionId="0ceed0bf-1128-4de3-b039-345f8bc0caef" testId="e4cccfe6-fb6d-a0d6-3337-e528b068adae" testName="FormatToStringTest1000(918.1842976688334d,&quot;918.18 zł&quot;)" computerName="DESKTOP-5URQ9PB" duration="00:00:00.0000190" startTime="2022-06-13T21:12:51.3120954+02:00" endTime="2022-06-13T21:12:51.3121143+02:00" testType="13cdc9d9-ddb5-4fa4-a97d-d965ccfc6d4b" outcome="Passed" testListId="8c84fa94-04c1-424b-9868-57a2d4851a1d" relativeResultsDirectory="0ceed0bf-1128-4de3-b039-345f8bc0caef" />
    <UnitTestResult executionId="fae23734-a8e8-438c-b6bd-607ef95e723a" testId="20032a0f-2ee3-8893-1563-317bcc5ab61c" testName="FormatToStringTest1000(57181.240528605056d,&quot;57181.24 zł&quot;)" computerName="DESKTOP-5URQ9PB" duration="00:00:00.0000190" startTime="2022-06-13T21:12:51.3183184+02:00" endTime="2022-06-13T21:12:51.3183369+02:00" testType="13cdc9d9-ddb5-4fa4-a97d-d965ccfc6d4b" outcome="Passed" testListId="8c84fa94-04c1-424b-9868-57a2d4851a1d" relativeResultsDirectory="fae23734-a8e8-438c-b6bd-607ef95e723a" />
    <UnitTestResult executionId="243396df-bf8e-46c0-8873-61a1f049bfc8" testId="942bc263-e8dd-056d-20fc-b03fc0f2fe09" testName="FormatToStringTest1000(6544.213759255695d,&quot;6544.21 zł&quot;)" computerName="DESKTOP-5URQ9PB" duration="00:00:00.0000290" startTime="2022-06-13T21:12:51.3318064+02:00" endTime="2022-06-13T21:12:51.3318354+02:00" testType="13cdc9d9-ddb5-4fa4-a97d-d965ccfc6d4b" outcome="Passed" testListId="8c84fa94-04c1-424b-9868-57a2d4851a1d" relativeResultsDirectory="243396df-bf8e-46c0-8873-61a1f049bfc8" />
    <UnitTestResult executionId="a4a0aaf6-71b9-448b-845f-2f3a00f09729" testId="c7fd498b-03da-468c-aa24-ce275275bb84" testName="FormatToStringTest1000(32812.53695512634d,&quot;32812.54 zł&quot;)" computerName="DESKTOP-5URQ9PB" duration="00:00:00.0000190" startTime="2022-06-13T21:12:51.3189380+02:00" endTime="2022-06-13T21:12:51.3189565+02:00" testType="13cdc9d9-ddb5-4fa4-a97d-d965ccfc6d4b" outcome="Passed" testListId="8c84fa94-04c1-424b-9868-57a2d4851a1d" relativeResultsDirectory="a4a0aaf6-71b9-448b-845f-2f3a00f09729" />
    <UnitTestResult executionId="10236ddd-3d46-4f26-9db7-71123a149f6d" testId="9dc75585-8b30-1a60-5f46-ba30d03b7635" testName="FormatToStringTest1000(6352.983758103561d,&quot;6352.98 zł&quot;)" computerName="DESKTOP-5URQ9PB" duration="00:00:00.0000270" startTime="2022-06-13T21:12:51.3314696+02:00" endTime="2022-06-13T21:12:51.3314965+02:00" testType="13cdc9d9-ddb5-4fa4-a97d-d965ccfc6d4b" outcome="Passed" testListId="8c84fa94-04c1-424b-9868-57a2d4851a1d" relativeResultsDirectory="10236ddd-3d46-4f26-9db7-71123a149f6d" />
    <UnitTestResult executionId="83d19bef-f48d-4e0c-83c4-fd0de15cf579" testId="9cef29cf-98fb-f211-5054-ae4d42774e1f" testName="FormatToStringTest1000(31347.468987404587d,&quot;31347.47 zł&quot;)" computerName="DESKTOP-5URQ9PB" duration="00:00:00.0000180" startTime="2022-06-13T21:12:51.3335425+02:00" endTime="2022-06-13T21:12:51.3335602+02:00" testType="13cdc9d9-ddb5-4fa4-a97d-d965ccfc6d4b" outcome="Passed" testListId="8c84fa94-04c1-424b-9868-57a2d4851a1d" relativeResultsDirectory="83d19bef-f48d-4e0c-83c4-fd0de15cf579" />
    <UnitTestResult executionId="8eb396e5-50fb-4912-b6e5-ef471d2b2ab9" testId="d010d6f6-5302-e7a6-bd9d-f255dac3cdb8" testName="FormatToStringTest1000(2718.1767171650085d,&quot;2718.18 zł&quot;)" computerName="DESKTOP-5URQ9PB" duration="00:00:00.0000190" startTime="2022-06-13T21:12:51.3177511+02:00" endTime="2022-06-13T21:12:51.3177696+02:00" testType="13cdc9d9-ddb5-4fa4-a97d-d965ccfc6d4b" outcome="Passed" testListId="8c84fa94-04c1-424b-9868-57a2d4851a1d" relativeResultsDirectory="8eb396e5-50fb-4912-b6e5-ef471d2b2ab9" />
    <UnitTestResult executionId="1bb65617-f52e-4b00-a40e-83a4f131931f" testId="35a2b898-28ef-3d54-ad66-b8bbc7ede2a3" testName="FormatToStringTest1000(19796.212103914568d,&quot;19796.21 zł&quot;)" computerName="DESKTOP-5URQ9PB" duration="00:00:00.0000190" startTime="2022-06-13T21:12:51.3223859+02:00" endTime="2022-06-13T21:12:51.3224047+02:00" testType="13cdc9d9-ddb5-4fa4-a97d-d965ccfc6d4b" outcome="Passed" testListId="8c84fa94-04c1-424b-9868-57a2d4851a1d" relativeResultsDirectory="1bb65617-f52e-4b00-a40e-83a4f131931f" />
    <UnitTestResult executionId="9f62caf0-331c-44dc-bbcd-3eb0a4ef92d9" testId="b079a5c8-df38-5909-534e-204d0d33ecf8" testName="FormatToStringTest1000(23684.695462791573d,&quot;23684.70 zł&quot;)" computerName="DESKTOP-5URQ9PB" duration="00:00:00.0000190" startTime="2022-06-13T21:12:51.3272667+02:00" endTime="2022-06-13T21:12:51.3272852+02:00" testType="13cdc9d9-ddb5-4fa4-a97d-d965ccfc6d4b" outcome="Passed" testListId="8c84fa94-04c1-424b-9868-57a2d4851a1d" relativeResultsDirectory="9f62caf0-331c-44dc-bbcd-3eb0a4ef92d9" />
    <UnitTestResult executionId="a9e64690-3f97-4c72-aa6b-448b3a20ca6e" testId="0ebe3939-f18c-dec0-703f-01349ca5c1ad" testName="FormatToStringTest1000(1676.7913981754293d,&quot;1676.79 zł&quot;)" computerName="DESKTOP-5URQ9PB" duration="00:00:00.0000180" startTime="2022-06-13T21:12:51.3248507+02:00" endTime="2022-06-13T21:12:51.3248683+02:00" testType="13cdc9d9-ddb5-4fa4-a97d-d965ccfc6d4b" outcome="Passed" testListId="8c84fa94-04c1-424b-9868-57a2d4851a1d" relativeResultsDirectory="a9e64690-3f97-4c72-aa6b-448b3a20ca6e" />
    <UnitTestResult executionId="cd1be5ec-7c48-491e-b292-44c185617bda" testId="f9c4ace8-7c88-3dcb-8c8b-9f280e8b25b8" testName="FormatToStringTest1000(5870.791169434223d,&quot;5870.79 zł&quot;)" computerName="DESKTOP-5URQ9PB" duration="00:00:00.0000180" startTime="2022-06-13T21:12:51.3204849+02:00" endTime="2022-06-13T21:12:51.3205031+02:00" testType="13cdc9d9-ddb5-4fa4-a97d-d965ccfc6d4b" outcome="Passed" testListId="8c84fa94-04c1-424b-9868-57a2d4851a1d" relativeResultsDirectory="cd1be5ec-7c48-491e-b292-44c185617bda" />
    <UnitTestResult executionId="5b06c1df-20de-41a8-871f-815b791d0890" testId="7a151ddf-b76f-a627-8d14-57dc244734db" testName="FormatToStringTest1000(17798.633951516185d,&quot;17798.63 zł&quot;)" computerName="DESKTOP-5URQ9PB" duration="00:00:00.0000190" startTime="2022-06-13T21:12:51.3233323+02:00" endTime="2022-06-13T21:12:51.3233512+02:00" testType="13cdc9d9-ddb5-4fa4-a97d-d965ccfc6d4b" outcome="Passed" testListId="8c84fa94-04c1-424b-9868-57a2d4851a1d" relativeResultsDirectory="5b06c1df-20de-41a8-871f-815b791d0890" />
    <UnitTestResult executionId="72701e3e-775e-45ce-acc2-896e983a6075" testId="29ce62dc-57a0-98b0-2349-436efa39dc09" testName="FormatToStringTest1000(64568.131500027666d,&quot;64568.13 zł&quot;)" computerName="DESKTOP-5URQ9PB" duration="00:00:00.0000190" startTime="2022-06-13T21:12:51.3293839+02:00" endTime="2022-06-13T21:12:51.3294027+02:00" testType="13cdc9d9-ddb5-4fa4-a97d-d965ccfc6d4b" outcome="Passed" testListId="8c84fa94-04c1-424b-9868-57a2d4851a1d" relativeResultsDirectory="72701e3e-775e-45ce-acc2-896e983a6075" />
    <UnitTestResult executionId="3a022f54-e7ad-4863-aa38-f139c4473197" testId="209edf4d-3b12-5a43-fec0-fca0d1a4ea6d" testName="FormatToStringTest1000(30383.303633991305d,&quot;30383.30 zł&quot;)" computerName="DESKTOP-5URQ9PB" duration="00:00:00.0000190" startTime="2022-06-13T21:12:51.3332180+02:00" endTime="2022-06-13T21:12:51.3332367+02:00" testType="13cdc9d9-ddb5-4fa4-a97d-d965ccfc6d4b" outcome="Passed" testListId="8c84fa94-04c1-424b-9868-57a2d4851a1d" relativeResultsDirectory="3a022f54-e7ad-4863-aa38-f139c4473197" />
    <UnitTestResult executionId="16e87292-142e-4ab6-a581-c07da249d6d3" testId="0a65341a-9de3-344f-781f-a38c0f56cbef" testName="FormatToStringTest1000(40545.70748620001d,&quot;40545.71 zł&quot;)" computerName="DESKTOP-5URQ9PB" duration="00:00:00.0000290" startTime="2022-06-13T21:12:51.3319692+02:00" endTime="2022-06-13T21:12:51.3319985+02:00" testType="13cdc9d9-ddb5-4fa4-a97d-d965ccfc6d4b" outcome="Passed" testListId="8c84fa94-04c1-424b-9868-57a2d4851a1d" relativeResultsDirectory="16e87292-142e-4ab6-a581-c07da249d6d3" />
    <UnitTestResult executionId="0e9061e8-25ba-44d8-9974-11c43ec36c90" testId="c6ae4b68-49e1-d669-439e-3d0b7ef0cea4" testName="FormatToStringTest1000(21328.29026726507d,&quot;21328.29 zł&quot;)" computerName="DESKTOP-5URQ9PB" duration="00:00:00.0000190" startTime="2022-06-13T21:12:51.3333887+02:00" endTime="2022-06-13T21:12:51.3334072+02:00" testType="13cdc9d9-ddb5-4fa4-a97d-d965ccfc6d4b" outcome="Passed" testListId="8c84fa94-04c1-424b-9868-57a2d4851a1d" relativeResultsDirectory="0e9061e8-25ba-44d8-9974-11c43ec36c90" />
    <UnitTestResult executionId="7faf84ca-46b4-4621-afb8-e9c9b5fc7537" testId="7e773498-17b4-9b46-23f5-2783933d2759" testName="FormatToStringTest1000(37889.10086727193d,&quot;37889.10 zł&quot;)" computerName="DESKTOP-5URQ9PB" duration="00:00:00.0000190" startTime="2022-06-13T21:12:51.3132796+02:00" endTime="2022-06-13T21:12:51.3132987+02:00" testType="13cdc9d9-ddb5-4fa4-a97d-d965ccfc6d4b" outcome="Passed" testListId="8c84fa94-04c1-424b-9868-57a2d4851a1d" relativeResultsDirectory="7faf84ca-46b4-4621-afb8-e9c9b5fc7537" />
    <UnitTestResult executionId="0c5f4c9c-5214-40a7-97e4-0d2b0a6cf320" testId="4d74b8de-5123-86ec-ab4f-2d4ce6434a23" testName="FormatToStringTest1000(23120.169499649743d,&quot;23120.17 zł&quot;)" computerName="DESKTOP-5URQ9PB" duration="00:00:00.0000270" startTime="2022-06-13T21:12:51.3316089+02:00" endTime="2022-06-13T21:12:51.3316358+02:00" testType="13cdc9d9-ddb5-4fa4-a97d-d965ccfc6d4b" outcome="Passed" testListId="8c84fa94-04c1-424b-9868-57a2d4851a1d" relativeResultsDirectory="0c5f4c9c-5214-40a7-97e4-0d2b0a6cf320" />
    <UnitTestResult executionId="273241ef-45ad-4962-90eb-fc2e1bf26751" testId="38306153-a308-b729-5fc5-ac18787be15f" testName="FormatToStringTest1000(17579.823312525088d,&quot;17579.82 zł&quot;)" computerName="DESKTOP-5URQ9PB" duration="00:00:00.0000190" startTime="2022-06-13T21:12:51.3276179+02:00" endTime="2022-06-13T21:12:51.3276368+02:00" testType="13cdc9d9-ddb5-4fa4-a97d-d965ccfc6d4b" outcome="Passed" testListId="8c84fa94-04c1-424b-9868-57a2d4851a1d" relativeResultsDirectory="273241ef-45ad-4962-90eb-fc2e1bf26751" />
    <UnitTestResult executionId="e8550532-1fe5-4d0d-b366-9e8f5f8a416f" testId="8afbc81b-c940-0dce-6ef9-318ffda0f1ea" testName="FormatToStringTest1000(57564.498126061866d,&quot;57564.50 zł&quot;)" computerName="DESKTOP-5URQ9PB" duration="00:00:00.0000180" startTime="2022-06-13T21:12:51.3143440+02:00" endTime="2022-06-13T21:12:51.3143615+02:00" testType="13cdc9d9-ddb5-4fa4-a97d-d965ccfc6d4b" outcome="Passed" testListId="8c84fa94-04c1-424b-9868-57a2d4851a1d" relativeResultsDirectory="e8550532-1fe5-4d0d-b366-9e8f5f8a416f" />
    <UnitTestResult executionId="00cf50ef-4ade-452d-8267-edd369d1a3d2" testId="40f4c03f-760c-5f9a-0d6d-791657138d6a" testName="FormatToStringTest1000(36760.171806480816d,&quot;36760.17 zł&quot;)" computerName="DESKTOP-5URQ9PB" duration="00:00:00.0000180" startTime="2022-06-13T21:12:51.3292612+02:00" endTime="2022-06-13T21:12:51.3292789+02:00" testType="13cdc9d9-ddb5-4fa4-a97d-d965ccfc6d4b" outcome="Passed" testListId="8c84fa94-04c1-424b-9868-57a2d4851a1d" relativeResultsDirectory="00cf50ef-4ade-452d-8267-edd369d1a3d2" />
    <UnitTestResult executionId="10d10f31-acf2-4de4-8965-cfb50ae18743" testId="41200b0a-b89d-be5b-7447-22f852721d92" testName="FormatToStringTest1000(15396.537902579894d,&quot;15396.54 zł&quot;)" computerName="DESKTOP-5URQ9PB" duration="00:00:00.0000180" startTime="2022-06-13T21:12:51.3270677+02:00" endTime="2022-06-13T21:12:51.3270856+02:00" testType="13cdc9d9-ddb5-4fa4-a97d-d965ccfc6d4b" outcome="Passed" testListId="8c84fa94-04c1-424b-9868-57a2d4851a1d" relativeResultsDirectory="10d10f31-acf2-4de4-8965-cfb50ae18743" />
    <UnitTestResult executionId="e4f5df39-7137-4efa-b50f-3775bb2fc45c" testId="25e8173f-164f-a6d3-7781-f064566ee4cd" testName="FormatToStringTest1000(806.960597043373d,&quot;806.96 zł&quot;)" computerName="DESKTOP-5URQ9PB" duration="00:00:00.0000200" startTime="2022-06-13T21:12:51.3277423+02:00" endTime="2022-06-13T21:12:51.3277618+02:00" testType="13cdc9d9-ddb5-4fa4-a97d-d965ccfc6d4b" outcome="Passed" testListId="8c84fa94-04c1-424b-9868-57a2d4851a1d" relativeResultsDirectory="e4f5df39-7137-4efa-b50f-3775bb2fc45c" />
    <UnitTestResult executionId="dcb33a36-e1b5-4c4d-9eb3-b2f47e5e369d" testId="4662df59-28c1-5a49-3a88-d0d7d9c3969d" testName="FormatToStringTest1000(87505.85936583664d,&quot;87505.86 zł&quot;)" computerName="DESKTOP-5URQ9PB" duration="00:00:00.0000180" startTime="2022-06-13T21:12:51.3232595+02:00" endTime="2022-06-13T21:12:51.3232774+02:00" testType="13cdc9d9-ddb5-4fa4-a97d-d965ccfc6d4b" outcome="Passed" testListId="8c84fa94-04c1-424b-9868-57a2d4851a1d" relativeResultsDirectory="dcb33a36-e1b5-4c4d-9eb3-b2f47e5e369d" />
    <UnitTestResult executionId="0ad69b49-a454-468f-a20a-a8ecc98eaefa" testId="c813b080-ad5f-d9e2-c675-1e1394f00010" testName="FormatToStringTest1000(20244.692955315437d,&quot;20244.69 zł&quot;)" computerName="DESKTOP-5URQ9PB" duration="00:00:00.0000190" startTime="2022-06-13T21:12:51.3121447+02:00" endTime="2022-06-13T21:12:51.3121635+02:00" testType="13cdc9d9-ddb5-4fa4-a97d-d965ccfc6d4b" outcome="Passed" testListId="8c84fa94-04c1-424b-9868-57a2d4851a1d" relativeResultsDirectory="0ad69b49-a454-468f-a20a-a8ecc98eaefa" />
    <UnitTestResult executionId="15104af6-4306-48cb-bf2e-fd0001c64759" testId="ba3d44ab-713b-26da-eeee-600e16cfe130" testName="FormatToStringTest1000(30385.72086375613d,&quot;30385.72 zł&quot;)" computerName="DESKTOP-5URQ9PB" duration="00:00:00.0000310" startTime="2022-06-13T21:12:51.3320502+02:00" endTime="2022-06-13T21:12:51.3320815+02:00" testType="13cdc9d9-ddb5-4fa4-a97d-d965ccfc6d4b" outcome="Passed" testListId="8c84fa94-04c1-424b-9868-57a2d4851a1d" relativeResultsDirectory="15104af6-4306-48cb-bf2e-fd0001c64759" />
    <UnitTestResult executionId="0f57f902-b652-428d-ae28-da8574152934" testId="6700c77f-a72c-833c-b2d9-a0d02a9534be" testName="FormatToStringTest1000(17953.338243749615d,&quot;17953.34 zł&quot;)" computerName="DESKTOP-5URQ9PB" duration="00:00:00.0000180" startTime="2022-06-13T21:12:51.3125213+02:00" endTime="2022-06-13T21:12:51.3125391+02:00" testType="13cdc9d9-ddb5-4fa4-a97d-d965ccfc6d4b" outcome="Passed" testListId="8c84fa94-04c1-424b-9868-57a2d4851a1d" relativeResultsDirectory="0f57f902-b652-428d-ae28-da8574152934" />
    <UnitTestResult executionId="51b0e8d3-87f3-49ce-af82-6e9736136c73" testId="f7364d60-2df0-c5fc-137c-b9b46fcd6fe9" testName="FormatToStringTest1000(21753.84773194969d,&quot;21753.85 zł&quot;)" computerName="DESKTOP-5URQ9PB" duration="00:00:00.0000190" startTime="2022-06-13T21:12:51.3140731+02:00" endTime="2022-06-13T21:12:51.3140919+02:00" testType="13cdc9d9-ddb5-4fa4-a97d-d965ccfc6d4b" outcome="Passed" testListId="8c84fa94-04c1-424b-9868-57a2d4851a1d" relativeResultsDirectory="51b0e8d3-87f3-49ce-af82-6e9736136c73" />
    <UnitTestResult executionId="9446bc60-b4c6-4c9e-b1ef-1cd5b3eaceab" testId="81df71bb-e962-4121-4d15-80e255b37b1f" testName="FormatToStringTest1000(13745.115971449817d,&quot;13745.12 zł&quot;)" computerName="DESKTOP-5URQ9PB" duration="00:00:00.0000190" startTime="2022-06-13T21:12:51.3150858+02:00" endTime="2022-06-13T21:12:51.3151046+02:00" testType="13cdc9d9-ddb5-4fa4-a97d-d965ccfc6d4b" outcome="Passed" testListId="8c84fa94-04c1-424b-9868-57a2d4851a1d" relativeResultsDirectory="9446bc60-b4c6-4c9e-b1ef-1cd5b3eaceab" />
    <UnitTestResult executionId="9842d473-04ba-4a8c-8f3c-4e406b88e95a" testId="7d53e131-e454-48a3-7f61-9c807826acb2" testName="FormatToStringTest1000(13503.943645929892d,&quot;13503.94 zł&quot;)" computerName="DESKTOP-5URQ9PB" duration="00:00:00.0000250" startTime="2022-06-13T21:12:51.3131482+02:00" endTime="2022-06-13T21:12:51.3131733+02:00" testType="13cdc9d9-ddb5-4fa4-a97d-d965ccfc6d4b" outcome="Passed" testListId="8c84fa94-04c1-424b-9868-57a2d4851a1d" relativeResultsDirectory="9842d473-04ba-4a8c-8f3c-4e406b88e95a" />
    <UnitTestResult executionId="e4a5c558-0599-43a6-ab1d-1708310fc805" testId="df3985f6-a310-5cd4-8528-b305d96c9c87" testName="FormatToStringTest1000(726.8087564975995d,&quot;726.81 zł&quot;)" computerName="DESKTOP-5URQ9PB" duration="00:00:00.0000200" startTime="2022-06-13T21:12:51.3106255+02:00" endTime="2022-06-13T21:12:51.3106450+02:00" testType="13cdc9d9-ddb5-4fa4-a97d-d965ccfc6d4b" outcome="Passed" testListId="8c84fa94-04c1-424b-9868-57a2d4851a1d" relativeResultsDirectory="e4a5c558-0599-43a6-ab1d-1708310fc805" />
    <UnitTestResult executionId="92cd0733-78b6-4b8d-9a08-6d6c14662636" testId="632ea7a5-ff19-c828-ab06-71f1c1ae0c57" testName="FormatToStringTest1000(15861.139287455073d,&quot;15861.14 zł&quot;)" computerName="DESKTOP-5URQ9PB" duration="00:00:00.0000190" startTime="2022-06-13T21:12:51.3180218+02:00" endTime="2022-06-13T21:12:51.3180403+02:00" testType="13cdc9d9-ddb5-4fa4-a97d-d965ccfc6d4b" outcome="Passed" testListId="8c84fa94-04c1-424b-9868-57a2d4851a1d" relativeResultsDirectory="92cd0733-78b6-4b8d-9a08-6d6c14662636" />
    <UnitTestResult executionId="cc8ce1cf-1b8e-47da-bb68-2fbdf18e5666" testId="7df385e8-e01d-d2ef-2361-abb8175fc7ae" testName="FormatToStringTest1000(2298.0331723829886d,&quot;2298.03 zł&quot;)" computerName="DESKTOP-5URQ9PB" duration="00:00:00.0000180" startTime="2022-06-13T21:12:51.3241295+02:00" endTime="2022-06-13T21:12:51.3241474+02:00" testType="13cdc9d9-ddb5-4fa4-a97d-d965ccfc6d4b" outcome="Passed" testListId="8c84fa94-04c1-424b-9868-57a2d4851a1d" relativeResultsDirectory="cc8ce1cf-1b8e-47da-bb68-2fbdf18e5666" />
    <UnitTestResult executionId="c8bcd20f-4fea-4ce6-b36c-59784d6f343c" testId="9e7bb479-43f6-3e5b-9858-d1abf76cc2e6" testName="FormatToStringTest1000(19189.813662191766d,&quot;19189.81 zł&quot;)" computerName="DESKTOP-5URQ9PB" duration="00:00:00.0000190" startTime="2022-06-13T21:12:51.3200508+02:00" endTime="2022-06-13T21:12:51.3200692+02:00" testType="13cdc9d9-ddb5-4fa4-a97d-d965ccfc6d4b" outcome="Passed" testListId="8c84fa94-04c1-424b-9868-57a2d4851a1d" relativeResultsDirectory="c8bcd20f-4fea-4ce6-b36c-59784d6f343c" />
    <UnitTestResult executionId="d16e6d8b-743a-4167-9eb3-f32bb82a262f" testId="6fa66cd3-3174-5023-d80b-ce9981bfadfc" testName="FormatToStringTest1000(69373.32129976773d,&quot;69373.32 zł&quot;)" computerName="DESKTOP-5URQ9PB" duration="00:00:00.0000190" startTime="2022-06-13T21:12:51.3224404+02:00" endTime="2022-06-13T21:12:51.3224593+02:00" testType="13cdc9d9-ddb5-4fa4-a97d-d965ccfc6d4b" outcome="Passed" testListId="8c84fa94-04c1-424b-9868-57a2d4851a1d" relativeResultsDirectory="d16e6d8b-743a-4167-9eb3-f32bb82a262f" />
    <UnitTestResult executionId="4ae7756d-43dd-4147-8164-7d0ef73da7f3" testId="5220db90-feed-daf9-71ce-ce8aa9bc9232" testName="FormatToStringTest1000(1108.7197928823157d,&quot;1108.72 zł&quot;)" computerName="DESKTOP-5URQ9PB" duration="00:00:00.0000180" startTime="2022-06-13T21:12:51.3116295+02:00" endTime="2022-06-13T21:12:51.3116474+02:00" testType="13cdc9d9-ddb5-4fa4-a97d-d965ccfc6d4b" outcome="Passed" testListId="8c84fa94-04c1-424b-9868-57a2d4851a1d" relativeResultsDirectory="4ae7756d-43dd-4147-8164-7d0ef73da7f3" />
    <UnitTestResult executionId="0b68cf79-5c16-4fc8-be8e-8bc46cd13c85" testId="c19bcdf9-7163-0762-fc75-0cd4559b2da8" testName="FormatToStringTest1000(22799.991836491965d,&quot;22799.99 zł&quot;)" computerName="DESKTOP-5URQ9PB" duration="00:00:00.0000180" startTime="2022-06-13T21:12:51.3207060+02:00" endTime="2022-06-13T21:12:51.3207237+02:00" testType="13cdc9d9-ddb5-4fa4-a97d-d965ccfc6d4b" outcome="Passed" testListId="8c84fa94-04c1-424b-9868-57a2d4851a1d" relativeResultsDirectory="0b68cf79-5c16-4fc8-be8e-8bc46cd13c85" />
    <UnitTestResult executionId="3310ef39-362f-4ac1-9c68-f8de6e11ab60" testId="7ad4f46a-05fc-7c4a-853e-228ce39d4426" testName="FormatToStringTest1000(485.6735566554933d,&quot;485.67 zł&quot;)" computerName="DESKTOP-5URQ9PB" duration="00:00:00.0000190" startTime="2022-06-13T21:12:51.3149636+02:00" endTime="2022-06-13T21:12:51.3149821+02:00" testType="13cdc9d9-ddb5-4fa4-a97d-d965ccfc6d4b" outcome="Passed" testListId="8c84fa94-04c1-424b-9868-57a2d4851a1d" relativeResultsDirectory="3310ef39-362f-4ac1-9c68-f8de6e11ab60" />
    <UnitTestResult executionId="7c13086b-5e2c-4147-a1ca-9babe7b7195a" testId="43552c47-f44b-17a4-1647-f8068fe18052" testName="FormatToStringTest1000(40857.08543233996d,&quot;40857.09 zł&quot;)" computerName="DESKTOP-5URQ9PB" duration="00:00:00.0000180" startTime="2022-06-13T21:12:51.3121700+02:00" endTime="2022-06-13T21:12:51.3121878+02:00" testType="13cdc9d9-ddb5-4fa4-a97d-d965ccfc6d4b" outcome="Passed" testListId="8c84fa94-04c1-424b-9868-57a2d4851a1d" relativeResultsDirectory="7c13086b-5e2c-4147-a1ca-9babe7b7195a" />
    <UnitTestResult executionId="200fe9db-c2d9-489d-8ba8-736a78059cee" testId="6a41f5f3-49f1-a289-ed1a-edcf9c86dd3e" testName="FormatToStringTest1000(95353.10327693219d,&quot;95353.10 zł&quot;)" computerName="DESKTOP-5URQ9PB" duration="00:00:00.0000180" startTime="2022-06-13T21:12:51.3151110+02:00" endTime="2022-06-13T21:12:51.3151291+02:00" testType="13cdc9d9-ddb5-4fa4-a97d-d965ccfc6d4b" outcome="Passed" testListId="8c84fa94-04c1-424b-9868-57a2d4851a1d" relativeResultsDirectory="200fe9db-c2d9-489d-8ba8-736a78059cee" />
    <UnitTestResult executionId="117b039d-c0a4-4f25-a3b9-42a1d28cd549" testId="a461dd4d-6d71-3e10-f8bf-9d15ad34f5c8" testName="FormatToStringTest1000(36978.61073549213d,&quot;36978.61 zł&quot;)" computerName="DESKTOP-5URQ9PB" duration="00:00:00.0000230" startTime="2022-06-13T21:12:51.3294090+02:00" endTime="2022-06-13T21:12:51.3294317+02:00" testType="13cdc9d9-ddb5-4fa4-a97d-d965ccfc6d4b" outcome="Passed" testListId="8c84fa94-04c1-424b-9868-57a2d4851a1d" relativeResultsDirectory="117b039d-c0a4-4f25-a3b9-42a1d28cd549" />
    <UnitTestResult executionId="a34a3b02-d6fe-4e0e-988c-8758d2629790" testId="a4acc92f-0c67-48bb-4524-7ef3c007ffb4" testName="FormatToStringTest1000(1474.699818629166d,&quot;1474.70 zł&quot;)" computerName="DESKTOP-5URQ9PB" duration="00:00:00.0000190" startTime="2022-06-13T21:12:51.3329480+02:00" endTime="2022-06-13T21:12:51.3329663+02:00" testType="13cdc9d9-ddb5-4fa4-a97d-d965ccfc6d4b" outcome="Passed" testListId="8c84fa94-04c1-424b-9868-57a2d4851a1d" relativeResultsDirectory="a34a3b02-d6fe-4e0e-988c-8758d2629790" />
    <UnitTestResult executionId="48e1b14c-2599-49a2-aa11-1288c0387109" testId="d15cb58b-9b62-cb4e-439e-72757eabb197" testName="FormatToStringTest1000(7753.724411372898d,&quot;7753.72 zł&quot;)" computerName="DESKTOP-5URQ9PB" duration="00:00:00.0000180" startTime="2022-06-13T21:12:51.3136313+02:00" endTime="2022-06-13T21:12:51.3136490+02:00" testType="13cdc9d9-ddb5-4fa4-a97d-d965ccfc6d4b" outcome="Passed" testListId="8c84fa94-04c1-424b-9868-57a2d4851a1d" relativeResultsDirectory="48e1b14c-2599-49a2-aa11-1288c0387109" />
    <UnitTestResult executionId="e60cc9f6-ea31-4714-8a7b-11c32f8595d6" testId="eefaa447-aa0c-7b07-9a84-3d4387fce640" testName="FormatToStringTest1000(5254.6338787505565d,&quot;5254.63 zł&quot;)" computerName="DESKTOP-5URQ9PB" duration="00:00:00.0000190" startTime="2022-06-13T21:12:51.3296378+02:00" endTime="2022-06-13T21:12:51.3296568+02:00" testType="13cdc9d9-ddb5-4fa4-a97d-d965ccfc6d4b" outcome="Passed" testListId="8c84fa94-04c1-424b-9868-57a2d4851a1d" relativeResultsDirectory="e60cc9f6-ea31-4714-8a7b-11c32f8595d6" />
    <UnitTestResult executionId="08ae88e9-e967-4f16-af7d-15359e77bf25" testId="2e2f38c6-5756-eb9b-9fbb-652c777b6247" testName="FormatToStringTest1000(8851.904041135638d,&quot;8851.90 zł&quot;)" computerName="DESKTOP-5URQ9PB" duration="00:00:00.0000190" startTime="2022-06-13T21:12:51.3235855+02:00" endTime="2022-06-13T21:12:51.3236039+02:00" testType="13cdc9d9-ddb5-4fa4-a97d-d965ccfc6d4b" outcome="Passed" testListId="8c84fa94-04c1-424b-9868-57a2d4851a1d" relativeResultsDirectory="08ae88e9-e967-4f16-af7d-15359e77bf25" />
    <UnitTestResult executionId="c44eb307-015f-4265-85a1-3d30c651da35" testId="78845691-c87f-d12e-20f9-3035745796be" testName="FormatToStringTest1000(21221.884746198488d,&quot;21221.88 zł&quot;)" computerName="DESKTOP-5URQ9PB" duration="00:00:00.0000180" startTime="2022-06-13T21:12:51.3267750+02:00" endTime="2022-06-13T21:12:51.3267926+02:00" testType="13cdc9d9-ddb5-4fa4-a97d-d965ccfc6d4b" outcome="Passed" testListId="8c84fa94-04c1-424b-9868-57a2d4851a1d" relativeResultsDirectory="c44eb307-015f-4265-85a1-3d30c651da35" />
    <UnitTestResult executionId="6e179345-e9f5-4a67-b48c-30f7ae36f16d" testId="b8f799c6-5cbe-3da8-b8f8-1ee56d7fcf02" testName="FormatToStringTest1000(11584.045280779732d,&quot;11584.05 zł&quot;)" computerName="DESKTOP-5URQ9PB" duration="00:00:00.0000180" startTime="2022-06-13T21:12:51.3299582+02:00" endTime="2022-06-13T21:12:51.3299759+02:00" testType="13cdc9d9-ddb5-4fa4-a97d-d965ccfc6d4b" outcome="Passed" testListId="8c84fa94-04c1-424b-9868-57a2d4851a1d" relativeResultsDirectory="6e179345-e9f5-4a67-b48c-30f7ae36f16d" />
    <UnitTestResult executionId="20933d80-0997-4bfa-a41f-dbd3b5b0b80c" testId="e0769b45-8199-18f4-5d81-d7fe740ba2db" testName="FormatToStringTest1000(16571.355536101553d,&quot;16571.36 zł&quot;)" computerName="DESKTOP-5URQ9PB" duration="00:00:00.0000180" startTime="2022-06-13T21:12:51.3143686+02:00" endTime="2022-06-13T21:12:51.3143866+02:00" testType="13cdc9d9-ddb5-4fa4-a97d-d965ccfc6d4b" outcome="Passed" testListId="8c84fa94-04c1-424b-9868-57a2d4851a1d" relativeResultsDirectory="20933d80-0997-4bfa-a41f-dbd3b5b0b80c" />
    <UnitTestResult executionId="a4787211-2460-41af-8e10-a43218305600" testId="cfa8282b-c910-23c2-f0df-2ed624c5a3c7" testName="FormatToStringTest1000(20737.251994218328d,&quot;20737.25 zł&quot;)" computerName="DESKTOP-5URQ9PB" duration="00:00:00.0000180" startTime="2022-06-13T21:12:51.3140983+02:00" endTime="2022-06-13T21:12:51.3141160+02:00" testType="13cdc9d9-ddb5-4fa4-a97d-d965ccfc6d4b" outcome="Passed" testListId="8c84fa94-04c1-424b-9868-57a2d4851a1d" relativeResultsDirectory="a4787211-2460-41af-8e10-a43218305600" />
    <UnitTestResult executionId="5d3eb22a-f3de-4a5c-9853-91c31446f2c7" testId="8879b9b8-0100-f390-31c6-fdcbdf8a4f83" testName="FormatToStringTest1000(10965.74607995746d,&quot;10965.75 zł&quot;)" computerName="DESKTOP-5URQ9PB" duration="00:00:00.0000190" startTime="2022-06-13T21:12:51.3137784+02:00" endTime="2022-06-13T21:12:51.3137974+02:00" testType="13cdc9d9-ddb5-4fa4-a97d-d965ccfc6d4b" outcome="Passed" testListId="8c84fa94-04c1-424b-9868-57a2d4851a1d" relativeResultsDirectory="5d3eb22a-f3de-4a5c-9853-91c31446f2c7" />
    <UnitTestResult executionId="4dad0412-2eb8-4b3e-8134-2795a57a1a26" testId="f9588db6-8045-6ceb-1c29-858ccdaab727" testName="FormatToStringTest1000(32213.734885384205d,&quot;32213.73 zł&quot;)" computerName="DESKTOP-5URQ9PB" duration="00:00:00.0000190" startTime="2022-06-13T21:12:51.3281415+02:00" endTime="2022-06-13T21:12:51.3281599+02:00" testType="13cdc9d9-ddb5-4fa4-a97d-d965ccfc6d4b" outcome="Passed" testListId="8c84fa94-04c1-424b-9868-57a2d4851a1d" relativeResultsDirectory="4dad0412-2eb8-4b3e-8134-2795a57a1a26" />
    <UnitTestResult executionId="324628f4-4eb2-4d5c-b9f4-034ea5beb0e6" testId="94c8a06e-3f46-89b8-1521-4663bd871343" testName="FormatToStringTest1000(51408.294679657694d,&quot;51408.29 zł&quot;)" computerName="DESKTOP-5URQ9PB" duration="00:00:00.0000180" startTime="2022-06-13T21:12:51.3160339+02:00" endTime="2022-06-13T21:12:51.3160520+02:00" testType="13cdc9d9-ddb5-4fa4-a97d-d965ccfc6d4b" outcome="Passed" testListId="8c84fa94-04c1-424b-9868-57a2d4851a1d" relativeResultsDirectory="324628f4-4eb2-4d5c-b9f4-034ea5beb0e6" />
    <UnitTestResult executionId="38ff418e-2ff3-401c-969e-6a43db1def88" testId="b286589b-6f00-2211-0fe0-b6cf97d63d0a" testName="FormatToStringTest1000(40556.73452524362d,&quot;40556.73 zł&quot;)" computerName="DESKTOP-5URQ9PB" duration="00:00:00.0000180" startTime="2022-06-13T21:12:51.3209014+02:00" endTime="2022-06-13T21:12:51.3209192+02:00" testType="13cdc9d9-ddb5-4fa4-a97d-d965ccfc6d4b" outcome="Passed" testListId="8c84fa94-04c1-424b-9868-57a2d4851a1d" relativeResultsDirectory="38ff418e-2ff3-401c-969e-6a43db1def88" />
    <UnitTestResult executionId="58a40b1b-8941-4527-a5ec-99bfdfe8481c" testId="f33cb892-3679-fe31-40d8-b78f43a0c80f" testName="FormatToStringTest1000(4554.73912809777d,&quot;4554.74 zł&quot;)" computerName="DESKTOP-5URQ9PB" duration="00:00:00.0000180" startTime="2022-06-13T21:12:51.3248268+02:00" endTime="2022-06-13T21:12:51.3248444+02:00" testType="13cdc9d9-ddb5-4fa4-a97d-d965ccfc6d4b" outcome="Passed" testListId="8c84fa94-04c1-424b-9868-57a2d4851a1d" relativeResultsDirectory="58a40b1b-8941-4527-a5ec-99bfdfe8481c" />
    <UnitTestResult executionId="8db33b96-78b8-4efb-88b2-5974ed470fd4" testId="60069e17-108f-01fb-2153-e152b9205025" testName="FormatToStringTest1000(18340.8953197882d,&quot;18340.90 zł&quot;)" computerName="DESKTOP-5URQ9PB" duration="00:00:00.0000180" startTime="2022-06-13T21:12:51.3331449+02:00" endTime="2022-06-13T21:12:51.3331626+02:00" testType="13cdc9d9-ddb5-4fa4-a97d-d965ccfc6d4b" outcome="Passed" testListId="8c84fa94-04c1-424b-9868-57a2d4851a1d" relativeResultsDirectory="8db33b96-78b8-4efb-88b2-5974ed470fd4" />
    <UnitTestResult executionId="2f3adf1e-bbe9-4c17-8436-26f5be8358d7" testId="c989053d-c573-450d-6001-a75cbe93e089" testName="FormatToStringTest1000(14920.620598662934d,&quot;14920.62 zł&quot;)" computerName="DESKTOP-5URQ9PB" duration="00:00:00.0000180" startTime="2022-06-13T21:12:51.3157883+02:00" endTime="2022-06-13T21:12:51.3158062+02:00" testType="13cdc9d9-ddb5-4fa4-a97d-d965ccfc6d4b" outcome="Passed" testListId="8c84fa94-04c1-424b-9868-57a2d4851a1d" relativeResultsDirectory="2f3adf1e-bbe9-4c17-8436-26f5be8358d7" />
    <UnitTestResult executionId="27cabe9a-18a8-4a9b-a8f3-bcced67f6530" testId="f96ea468-2b60-097d-c220-3c5f104473af" testName="FormatToStringTest1000(13574.683315038068d,&quot;13574.68 zł&quot;)" computerName="DESKTOP-5URQ9PB" duration="00:00:00.0000190" startTime="2022-06-13T21:12:51.3156639+02:00" endTime="2022-06-13T21:12:51.3156823+02:00" testType="13cdc9d9-ddb5-4fa4-a97d-d965ccfc6d4b" outcome="Passed" testListId="8c84fa94-04c1-424b-9868-57a2d4851a1d" relativeResultsDirectory="27cabe9a-18a8-4a9b-a8f3-bcced67f6530" />
    <UnitTestResult executionId="aec04dcb-91af-4892-af15-2c7be7db1d0e" testId="dfaddf73-e2fe-692a-95cb-e0210649fd35" testName="FormatToStringTest1000(50991.22189691114d,&quot;50991.22 zł&quot;)" computerName="DESKTOP-5URQ9PB" duration="00:00:00.0000180" startTime="2022-06-13T21:12:51.3124966+02:00" endTime="2022-06-13T21:12:51.3125144+02:00" testType="13cdc9d9-ddb5-4fa4-a97d-d965ccfc6d4b" outcome="Passed" testListId="8c84fa94-04c1-424b-9868-57a2d4851a1d" relativeResultsDirectory="aec04dcb-91af-4892-af15-2c7be7db1d0e" />
    <UnitTestResult executionId="e1a847d1-3ae7-4d0f-a0e0-5a849f8223cd" testId="cd1fce0e-40f1-2613-4ea2-fe4efaae7320" testName="FormatToStringTest1000(16030.852371789913d,&quot;16030.85 zł&quot;)" computerName="DESKTOP-5URQ9PB" duration="00:00:00.0000190" startTime="2022-06-13T21:12:51.3135332+02:00" endTime="2022-06-13T21:12:51.3135518+02:00" testType="13cdc9d9-ddb5-4fa4-a97d-d965ccfc6d4b" outcome="Passed" testListId="8c84fa94-04c1-424b-9868-57a2d4851a1d" relativeResultsDirectory="e1a847d1-3ae7-4d0f-a0e0-5a849f8223cd" />
    <UnitTestResult executionId="ff24cc9c-f854-43de-b2f0-705b68fa0dcd" testId="712f5c64-914a-8747-dac9-aeb72d33838f" testName="FormatToStringTest1000(66945.02904917022d,&quot;66945.03 zł&quot;)" computerName="DESKTOP-5URQ9PB" duration="00:00:00.0000330" startTime="2022-06-13T21:12:51.3321321+02:00" endTime="2022-06-13T21:12:51.3321647+02:00" testType="13cdc9d9-ddb5-4fa4-a97d-d965ccfc6d4b" outcome="Passed" testListId="8c84fa94-04c1-424b-9868-57a2d4851a1d" relativeResultsDirectory="ff24cc9c-f854-43de-b2f0-705b68fa0dcd" />
    <UnitTestResult executionId="33460845-fd3f-4b4f-84d6-d5021ad9563d" testId="e8132b4a-b72b-7d8e-d5ad-2056ee804391" testName="FormatToStringTest1000(10066.059180456241d,&quot;10066.06 zł&quot;)" computerName="DESKTOP-5URQ9PB" duration="00:00:00.0000320" startTime="2022-06-13T21:12:51.3318453+02:00" endTime="2022-06-13T21:12:51.3318773+02:00" testType="13cdc9d9-ddb5-4fa4-a97d-d965ccfc6d4b" outcome="Passed" testListId="8c84fa94-04c1-424b-9868-57a2d4851a1d" relativeResultsDirectory="33460845-fd3f-4b4f-84d6-d5021ad9563d" />
    <UnitTestResult executionId="1a10347e-18b5-496d-9767-4922162b29f2" testId="9c48ba54-1163-2299-84d2-c7df2b4c3889" testName="FormatToStringTest1000(10227.532692039169d,&quot;10227.53 zł&quot;)" computerName="DESKTOP-5URQ9PB" duration="00:00:00.0000180" startTime="2022-06-13T21:12:51.3147919+02:00" endTime="2022-06-13T21:12:51.3148098+02:00" testType="13cdc9d9-ddb5-4fa4-a97d-d965ccfc6d4b" outcome="Passed" testListId="8c84fa94-04c1-424b-9868-57a2d4851a1d" relativeResultsDirectory="1a10347e-18b5-496d-9767-4922162b29f2" />
    <UnitTestResult executionId="cc8c6e99-e981-4c55-ac7c-4133dcd80ea4" testId="ea15b94d-4a9c-5bee-a95c-770e518c855b" testName="FormatToStringTest1000(24528.124092612474d,&quot;24528.12 zł&quot;)" computerName="DESKTOP-5URQ9PB" duration="00:00:00.0000190" startTime="2022-06-13T21:12:51.3184464+02:00" endTime="2022-06-13T21:12:51.3184651+02:00" testType="13cdc9d9-ddb5-4fa4-a97d-d965ccfc6d4b" outcome="Passed" testListId="8c84fa94-04c1-424b-9868-57a2d4851a1d" relativeResultsDirectory="cc8c6e99-e981-4c55-ac7c-4133dcd80ea4" />
    <UnitTestResult executionId="d6eaa162-aab8-4956-952e-bb511f9eab5e" testId="d187567e-7ba7-c49e-1e54-13fd327095e9" testName="FormatToStringTest1000(1562.3173604776698d,&quot;1562.32 zł&quot;)" computerName="DESKTOP-5URQ9PB" duration="00:00:00.0000190" startTime="2022-06-13T21:12:51.3181458+02:00" endTime="2022-06-13T21:12:51.3181646+02:00" testType="13cdc9d9-ddb5-4fa4-a97d-d965ccfc6d4b" outcome="Passed" testListId="8c84fa94-04c1-424b-9868-57a2d4851a1d" relativeResultsDirectory="d6eaa162-aab8-4956-952e-bb511f9eab5e" />
    <UnitTestResult executionId="1374538c-4d57-4177-8e19-8704a1b6b4c2" testId="4b09d9c5-8012-6286-2d8c-2f6f560e7a3d" testName="FormatToStringTest1000(28192.949128067565d,&quot;28192.95 zł&quot;)" computerName="DESKTOP-5URQ9PB" duration="00:00:00.0000190" startTime="2022-06-13T21:12:51.3115306+02:00" endTime="2022-06-13T21:12:51.3115495+02:00" testType="13cdc9d9-ddb5-4fa4-a97d-d965ccfc6d4b" outcome="Passed" testListId="8c84fa94-04c1-424b-9868-57a2d4851a1d" relativeResultsDirectory="1374538c-4d57-4177-8e19-8704a1b6b4c2" />
    <UnitTestResult executionId="64809c37-97c8-4c2e-a92a-b2982e194b52" testId="19843874-c731-8a36-a21a-27e85d4f5a57" testName="FormatToStringTest1000(20012.898273490322d,&quot;20012.90 zł&quot;)" computerName="DESKTOP-5URQ9PB" duration="00:00:00.0000190" startTime="2022-06-13T21:12:51.3173731+02:00" endTime="2022-06-13T21:12:51.3173919+02:00" testType="13cdc9d9-ddb5-4fa4-a97d-d965ccfc6d4b" outcome="Passed" testListId="8c84fa94-04c1-424b-9868-57a2d4851a1d" relativeResultsDirectory="64809c37-97c8-4c2e-a92a-b2982e194b52" />
    <UnitTestResult executionId="80029a08-7fc6-4dc2-b0c6-9875d107707e" testId="3de5845a-c4ac-d187-6027-553f442e3ad2" testName="FormatToStringTest1000(79973.08417819678d,&quot;79973.08 zł&quot;)" computerName="DESKTOP-5URQ9PB" duration="00:00:00.0000190" startTime="2022-06-13T21:12:51.3107036+02:00" endTime="2022-06-13T21:12:51.3107221+02:00" testType="13cdc9d9-ddb5-4fa4-a97d-d965ccfc6d4b" outcome="Passed" testListId="8c84fa94-04c1-424b-9868-57a2d4851a1d" relativeResultsDirectory="80029a08-7fc6-4dc2-b0c6-9875d107707e" />
    <UnitTestResult executionId="af69450a-946e-455c-b430-382212c2ff79" testId="5ec8d008-0362-0f87-55a5-ff4397c5ceeb" testName="FormatToStringTest1000(7370.518277515898d,&quot;7370.52 zł&quot;)" computerName="DESKTOP-5URQ9PB" duration="00:00:00.0000180" startTime="2022-06-13T21:12:51.3181219+02:00" endTime="2022-06-13T21:12:51.3181397+02:00" testType="13cdc9d9-ddb5-4fa4-a97d-d965ccfc6d4b" outcome="Passed" testListId="8c84fa94-04c1-424b-9868-57a2d4851a1d" relativeResultsDirectory="af69450a-946e-455c-b430-382212c2ff79" />
    <UnitTestResult executionId="eb182367-7caf-448e-9da8-d82c6a13b267" testId="39997ae6-4a52-e491-d8ae-8d3f689efcd5" testName="FormatToStringTest1000(30126.012320622805d,&quot;30126.01 zł&quot;)" computerName="DESKTOP-5URQ9PB" duration="00:00:00.0000180" startTime="2022-06-13T21:12:51.3138037+02:00" endTime="2022-06-13T21:12:51.3138216+02:00" testType="13cdc9d9-ddb5-4fa4-a97d-d965ccfc6d4b" outcome="Passed" testListId="8c84fa94-04c1-424b-9868-57a2d4851a1d" relativeResultsDirectory="eb182367-7caf-448e-9da8-d82c6a13b267" />
    <UnitTestResult executionId="3d4eadcd-7269-4bb2-9478-c3dbdac23521" testId="65ccfc2f-2358-a64f-fe6f-c264d332c519" testName="FormatToStringTest1000(22791.735381432685d,&quot;22791.74 zł&quot;)" computerName="DESKTOP-5URQ9PB" duration="00:00:00.0000180" startTime="2022-06-13T21:12:51.3167840+02:00" endTime="2022-06-13T21:12:51.3168019+02:00" testType="13cdc9d9-ddb5-4fa4-a97d-d965ccfc6d4b" outcome="Passed" testListId="8c84fa94-04c1-424b-9868-57a2d4851a1d" relativeResultsDirectory="3d4eadcd-7269-4bb2-9478-c3dbdac23521" />
    <UnitTestResult executionId="8b004a8d-1f06-49af-9e3e-18eb08f77c7c" testId="752c0495-686a-2709-5240-916b7eb02d3a" testName="FormatToStringTest1000(9190.067404299076d,&quot;9190.07 zł&quot;)" computerName="DESKTOP-5URQ9PB" duration="00:00:00.0000190" startTime="2022-06-13T21:12:51.3326291+02:00" endTime="2022-06-13T21:12:51.3326474+02:00" testType="13cdc9d9-ddb5-4fa4-a97d-d965ccfc6d4b" outcome="Passed" testListId="8c84fa94-04c1-424b-9868-57a2d4851a1d" relativeResultsDirectory="8b004a8d-1f06-49af-9e3e-18eb08f77c7c" />
    <UnitTestResult executionId="8fb6607f-39d4-4620-9281-d9f072e47aa3" testId="5717b261-73d9-ccff-48ad-cb5028daecbf" testName="FormatToStringTest1000(3341.8351759444154d,&quot;3341.84 zł&quot;)" computerName="DESKTOP-5URQ9PB" duration="00:00:00.0000190" startTime="2022-06-13T21:12:51.3215751+02:00" endTime="2022-06-13T21:12:51.3215940+02:00" testType="13cdc9d9-ddb5-4fa4-a97d-d965ccfc6d4b" outcome="Passed" testListId="8c84fa94-04c1-424b-9868-57a2d4851a1d" relativeResultsDirectory="8fb6607f-39d4-4620-9281-d9f072e47aa3" />
    <UnitTestResult executionId="f56f03f2-0a47-48fc-b243-96064615fc6b" testId="17d839f5-53e2-230c-5fc7-a871a7838f84" testName="FormatToStringTest1000(31315.40354898544d,&quot;31315.40 zł&quot;)" computerName="DESKTOP-5URQ9PB" duration="00:00:00.0000180" startTime="2022-06-13T21:12:51.3275935+02:00" endTime="2022-06-13T21:12:51.3276117+02:00" testType="13cdc9d9-ddb5-4fa4-a97d-d965ccfc6d4b" outcome="Passed" testListId="8c84fa94-04c1-424b-9868-57a2d4851a1d" relativeResultsDirectory="f56f03f2-0a47-48fc-b243-96064615fc6b" />
    <UnitTestResult executionId="06fbd8c4-b594-4233-8fa7-22d4658b9dd4" testId="32711e52-56ae-2f9f-7aac-180402232486" testName="FormatToStringTest1000(27852.532163303127d,&quot;27852.53 zł&quot;)" computerName="DESKTOP-5URQ9PB" duration="00:00:00.0000190" startTime="2022-06-13T21:12:51.3249729+02:00" endTime="2022-06-13T21:12:51.3249915+02:00" testType="13cdc9d9-ddb5-4fa4-a97d-d965ccfc6d4b" outcome="Passed" testListId="8c84fa94-04c1-424b-9868-57a2d4851a1d" relativeResultsDirectory="06fbd8c4-b594-4233-8fa7-22d4658b9dd4" />
    <UnitTestResult executionId="c9c38f2b-875e-4535-8164-305b528889b8" testId="7ba81b36-e120-9974-bbd1-63dae796d45c" testName="FormatToStringTest1000(40035.54711080787d,&quot;40035.55 zł&quot;)" computerName="DESKTOP-5URQ9PB" duration="00:00:00.0000180" startTime="2022-06-13T21:12:51.3165357+02:00" endTime="2022-06-13T21:12:51.3165538+02:00" testType="13cdc9d9-ddb5-4fa4-a97d-d965ccfc6d4b" outcome="Passed" testListId="8c84fa94-04c1-424b-9868-57a2d4851a1d" relativeResultsDirectory="c9c38f2b-875e-4535-8164-305b528889b8" />
    <UnitTestResult executionId="f2553abb-2167-4bd0-a871-43e9201a01a8" testId="46c08f6b-08d4-7992-5df4-ed97e4b42fc1" testName="FormatToStringTest1000(78822.37212685234d,&quot;78822.37 zł&quot;)" computerName="DESKTOP-5URQ9PB" duration="00:00:00.0000180" startTime="2022-06-13T21:12:51.3121208+02:00" endTime="2022-06-13T21:12:51.3121386+02:00" testType="13cdc9d9-ddb5-4fa4-a97d-d965ccfc6d4b" outcome="Passed" testListId="8c84fa94-04c1-424b-9868-57a2d4851a1d" relativeResultsDirectory="f2553abb-2167-4bd0-a871-43e9201a01a8" />
    <UnitTestResult executionId="a2bae37f-ac60-4ccd-a7d9-00a33f4ab0c6" testId="2f906df4-9555-6f9b-9ae5-24f39050321b" testName="FormatToStringTest1000(13323.876109275909d,&quot;13323.88 zł&quot;)" computerName="DESKTOP-5URQ9PB" duration="00:00:00.0000300" startTime="2022-06-13T21:12:51.3323001+02:00" endTime="2022-06-13T21:12:51.3323297+02:00" testType="13cdc9d9-ddb5-4fa4-a97d-d965ccfc6d4b" outcome="Passed" testListId="8c84fa94-04c1-424b-9868-57a2d4851a1d" relativeResultsDirectory="a2bae37f-ac60-4ccd-a7d9-00a33f4ab0c6" />
    <UnitTestResult executionId="a40a0e92-f57a-466f-b04e-0776b2d5e997" testId="c565182f-b75e-4a8b-1a2d-674dce2fa509" testName="FormatToStringTest1000(386.358918903097d,&quot;386.36 zł&quot;)" computerName="DESKTOP-5URQ9PB" duration="00:00:00.0000180" startTime="2022-06-13T21:12:51.3180723+02:00" endTime="2022-06-13T21:12:51.3180905+02:00" testType="13cdc9d9-ddb5-4fa4-a97d-d965ccfc6d4b" outcome="Passed" testListId="8c84fa94-04c1-424b-9868-57a2d4851a1d" relativeResultsDirectory="a40a0e92-f57a-466f-b04e-0776b2d5e997" />
    <UnitTestResult executionId="8d64730d-9760-4827-95dd-eef076004744" testId="5e0fc3f1-0f67-2b00-c924-a966afea65df" testName="FormatToStringTest1000(16416.109736457518d,&quot;16416.11 zł&quot;)" computerName="DESKTOP-5URQ9PB" duration="00:00:00.0000190" startTime="2022-06-13T21:12:51.3242287+02:00" endTime="2022-06-13T21:12:51.3242471+02:00" testType="13cdc9d9-ddb5-4fa4-a97d-d965ccfc6d4b" outcome="Passed" testListId="8c84fa94-04c1-424b-9868-57a2d4851a1d" relativeResultsDirectory="8d64730d-9760-4827-95dd-eef076004744" />
    <UnitTestResult executionId="d4043ca2-2826-45a5-810c-50feffc77872" testId="dadc7847-4729-edf6-eb4b-78006f9ee153" testName="FormatToStringTest1000(59283.7670322637d,&quot;59283.77 zł&quot;)" computerName="DESKTOP-5URQ9PB" duration="00:00:00.0000190" startTime="2022-06-13T21:12:51.3381103+02:00" endTime="2022-06-13T21:12:51.3381294+02:00" testType="13cdc9d9-ddb5-4fa4-a97d-d965ccfc6d4b" outcome="Passed" testListId="8c84fa94-04c1-424b-9868-57a2d4851a1d" relativeResultsDirectory="d4043ca2-2826-45a5-810c-50feffc77872" />
    <UnitTestResult executionId="7a773e92-e755-411e-95d9-7be3ddf7c0e8" testId="23390089-a1b0-0859-3cf4-aeec4a54a63a" testName="FormatToStringTest1000(45887.58415794167d,&quot;45887.58 zł&quot;)" computerName="DESKTOP-5URQ9PB" duration="00:00:00.0000190" startTime="2022-06-13T21:12:51.3257389+02:00" endTime="2022-06-13T21:12:51.3257573+02:00" testType="13cdc9d9-ddb5-4fa4-a97d-d965ccfc6d4b" outcome="Passed" testListId="8c84fa94-04c1-424b-9868-57a2d4851a1d" relativeResultsDirectory="7a773e92-e755-411e-95d9-7be3ddf7c0e8" />
    <UnitTestResult executionId="955481d8-cc79-4650-a7c0-3cea116ba47d" testId="b972bb3a-6c4e-4339-3ada-7c478c5f6ecf" testName="FormatToStringTest1000(11157.981051815665d,&quot;11157.98 zł&quot;)" computerName="DESKTOP-5URQ9PB" duration="00:00:00.0000180" startTime="2022-06-13T21:12:51.3207787+02:00" endTime="2022-06-13T21:12:51.3207965+02:00" testType="13cdc9d9-ddb5-4fa4-a97d-d965ccfc6d4b" outcome="Passed" testListId="8c84fa94-04c1-424b-9868-57a2d4851a1d" relativeResultsDirectory="955481d8-cc79-4650-a7c0-3cea116ba47d" />
    <UnitTestResult executionId="1a92848b-87fd-45a6-a053-546a038bcf0b" testId="216fae5e-208d-f8b3-f0d1-bbf3d8af265f" testName="FormatToStringTest1000(35145.379208063416d,&quot;35145.38 zł&quot;)" computerName="DESKTOP-5URQ9PB" duration="00:00:00.0000190" startTime="2022-06-13T21:12:51.3126939+02:00" endTime="2022-06-13T21:12:51.3127129+02:00" testType="13cdc9d9-ddb5-4fa4-a97d-d965ccfc6d4b" outcome="Passed" testListId="8c84fa94-04c1-424b-9868-57a2d4851a1d" relativeResultsDirectory="1a92848b-87fd-45a6-a053-546a038bcf0b" />
    <UnitTestResult executionId="538734c5-a4fa-4776-8d9a-d57821505bc1" testId="ff7d5d75-8704-2f07-483c-d76f3a2523cc" testName="FormatToStringTest1000(2835.0728237931958d,&quot;2835.07 zł&quot;)" computerName="DESKTOP-5URQ9PB" duration="00:00:00.0000180" startTime="2022-06-13T21:12:51.3255923+02:00" endTime="2022-06-13T21:12:51.3256101+02:00" testType="13cdc9d9-ddb5-4fa4-a97d-d965ccfc6d4b" outcome="Passed" testListId="8c84fa94-04c1-424b-9868-57a2d4851a1d" relativeResultsDirectory="538734c5-a4fa-4776-8d9a-d57821505bc1" />
    <UnitTestResult executionId="a4611172-34a1-449e-8311-537f25fca13f" testId="d39d28ad-b64c-afa2-9212-cb9bbbf192c4" testName="FormatToStringTest1000(5611.05334835176d,&quot;5611.05 zł&quot;)" computerName="DESKTOP-5URQ9PB" duration="00:00:00.0000180" startTime="2022-06-13T21:12:51.3215507+02:00" endTime="2022-06-13T21:12:51.3215689+02:00" testType="13cdc9d9-ddb5-4fa4-a97d-d965ccfc6d4b" outcome="Passed" testListId="8c84fa94-04c1-424b-9868-57a2d4851a1d" relativeResultsDirectory="a4611172-34a1-449e-8311-537f25fca13f" />
    <UnitTestResult executionId="919b3372-dabc-449f-9d1b-e870c5ed8b49" testId="e073dcb9-6292-6a4c-9a77-75ed0e912310" testName="FormatToStringTest1000(42555.01416107594d,&quot;42555.01 zł&quot;)" computerName="DESKTOP-5URQ9PB" duration="00:00:00.0000180" startTime="2022-06-13T21:12:51.3252443+02:00" endTime="2022-06-13T21:12:51.3252623+02:00" testType="13cdc9d9-ddb5-4fa4-a97d-d965ccfc6d4b" outcome="Passed" testListId="8c84fa94-04c1-424b-9868-57a2d4851a1d" relativeResultsDirectory="919b3372-dabc-449f-9d1b-e870c5ed8b49" />
    <UnitTestResult executionId="182630c9-e4d2-4daa-8123-a2637b92812c" testId="1382f86b-6464-d2a1-e722-0841d0b65336" testName="FormatToStringTest1000(17090.629587323234d,&quot;17090.63 zł&quot;)" computerName="DESKTOP-5URQ9PB" duration="00:00:00.0000190" startTime="2022-06-13T21:12:51.3184714+02:00" endTime="2022-06-13T21:12:51.3184899+02:00" testType="13cdc9d9-ddb5-4fa4-a97d-d965ccfc6d4b" outcome="Passed" testListId="8c84fa94-04c1-424b-9868-57a2d4851a1d" relativeResultsDirectory="182630c9-e4d2-4daa-8123-a2637b92812c" />
    <UnitTestResult executionId="6531049e-1826-4537-a8d9-1800e80c9fa1" testId="bcaccf95-48bd-f1b0-c691-d2f1e6a4e3bd" testName="FormatToStringTest1000(17252.06220983903d,&quot;17252.06 zł&quot;)" computerName="DESKTOP-5URQ9PB" duration="00:00:00.0000180" startTime="2022-06-13T21:12:51.3123423+02:00" endTime="2022-06-13T21:12:51.3123603+02:00" testType="13cdc9d9-ddb5-4fa4-a97d-d965ccfc6d4b" outcome="Passed" testListId="8c84fa94-04c1-424b-9868-57a2d4851a1d" relativeResultsDirectory="6531049e-1826-4537-a8d9-1800e80c9fa1" />
    <UnitTestResult executionId="590d86c2-aab6-459e-8956-233645877dc9" testId="2d12ad1b-0cfb-a7f2-de41-7d109965ff4a" testName="FormatToStringTest1000(35384.637112688106d,&quot;35384.64 zł&quot;)" computerName="DESKTOP-5URQ9PB" duration="00:00:00.0000180" startTime="2022-06-13T21:12:51.3291884+02:00" endTime="2022-06-13T21:12:51.3292060+02:00" testType="13cdc9d9-ddb5-4fa4-a97d-d965ccfc6d4b" outcome="Passed" testListId="8c84fa94-04c1-424b-9868-57a2d4851a1d" relativeResultsDirectory="590d86c2-aab6-459e-8956-233645877dc9" />
    <UnitTestResult executionId="a50f7aeb-f80c-46d5-baa0-562bc2d4c8db" testId="7a0cd811-1188-4526-31f2-d266b41de2aa" testName="FormatToStringTest1000(10495.622655484185d,&quot;10495.62 zł&quot;)" computerName="DESKTOP-5URQ9PB" duration="00:00:00.0000190" startTime="2022-06-13T21:12:51.3267988+02:00" endTime="2022-06-13T21:12:51.3268172+02:00" testType="13cdc9d9-ddb5-4fa4-a97d-d965ccfc6d4b" outcome="Passed" testListId="8c84fa94-04c1-424b-9868-57a2d4851a1d" relativeResultsDirectory="a50f7aeb-f80c-46d5-baa0-562bc2d4c8db" />
    <UnitTestResult executionId="9d2af24f-9dcd-4893-96d0-e6d4f1fff4b4" testId="299c3fd4-a01d-2a60-05c1-ad11698aa276" testName="FormatToStringTest1000(16825.83099003268d,&quot;16825.83 zł&quot;)" computerName="DESKTOP-5URQ9PB" duration="00:00:00.0000180" startTime="2022-06-13T21:12:51.3277685+02:00" endTime="2022-06-13T21:12:51.3277866+02:00" testType="13cdc9d9-ddb5-4fa4-a97d-d965ccfc6d4b" outcome="Passed" testListId="8c84fa94-04c1-424b-9868-57a2d4851a1d" relativeResultsDirectory="9d2af24f-9dcd-4893-96d0-e6d4f1fff4b4" />
    <UnitTestResult executionId="b516f3e5-145f-42a5-bef9-bbea5f6993c6" testId="91b3bd83-c5b8-4706-180f-6fac0dae10f8" testName="FormatToStringTest1000(25135.10315489727d,&quot;25135.10 zł&quot;)" computerName="DESKTOP-5URQ9PB" duration="00:00:00.0000190" startTime="2022-06-13T21:12:51.3291139+02:00" endTime="2022-06-13T21:12:51.3291324+02:00" testType="13cdc9d9-ddb5-4fa4-a97d-d965ccfc6d4b" outcome="Passed" testListId="8c84fa94-04c1-424b-9868-57a2d4851a1d" relativeResultsDirectory="b516f3e5-145f-42a5-bef9-bbea5f6993c6" />
    <UnitTestResult executionId="909527e0-4e80-488b-b140-7d89be90067f" testId="2f0cf2d4-3a28-6b74-1791-705b9f0277be" testName="FormatToStringTest1000(3131.5022711732904d,&quot;3131.50 zł&quot;)" computerName="DESKTOP-5URQ9PB" duration="00:00:00.0000180" startTime="2022-06-13T21:12:51.3217230+02:00" endTime="2022-06-13T21:12:51.3217408+02:00" testType="13cdc9d9-ddb5-4fa4-a97d-d965ccfc6d4b" outcome="Passed" testListId="8c84fa94-04c1-424b-9868-57a2d4851a1d" relativeResultsDirectory="909527e0-4e80-488b-b140-7d89be90067f" />
    <UnitTestResult executionId="db1ec508-2b6b-4672-a149-766161612ee6" testId="257cee71-ac96-77a9-908c-68bd8420739c" testName="FormatToStringTest1000(95071.15957335343d,&quot;95071.16 zł&quot;)" computerName="DESKTOP-5URQ9PB" duration="00:00:00.0000190" startTime="2022-06-13T21:12:51.3269692+02:00" endTime="2022-06-13T21:12:51.3269879+02:00" testType="13cdc9d9-ddb5-4fa4-a97d-d965ccfc6d4b" outcome="Passed" testListId="8c84fa94-04c1-424b-9868-57a2d4851a1d" relativeResultsDirectory="db1ec508-2b6b-4672-a149-766161612ee6" />
    <UnitTestResult executionId="8df7c36d-ac4f-4ed9-9211-4736af20add8" testId="f28b795b-c425-f0b1-e6d2-05ca8e559551" testName="FormatToStringTest1000(3646.857719214101d,&quot;3646.86 zł&quot;)" computerName="DESKTOP-5URQ9PB" duration="00:00:00.0000190" startTime="2022-06-13T21:12:51.3220411+02:00" endTime="2022-06-13T21:12:51.3220600+02:00" testType="13cdc9d9-ddb5-4fa4-a97d-d965ccfc6d4b" outcome="Passed" testListId="8c84fa94-04c1-424b-9868-57a2d4851a1d" relativeResultsDirectory="8df7c36d-ac4f-4ed9-9211-4736af20add8" />
    <UnitTestResult executionId="19ca7576-4062-41b9-a6ce-9ca62bf258ef" testId="9c16a4f2-9784-74bb-775d-5911328260bf" testName="FormatToStringTest1000(13568.230982493717d,&quot;13568.23 zł&quot;)" computerName="DESKTOP-5URQ9PB" duration="00:00:00.0000190" startTime="2022-06-13T21:12:51.3244805+02:00" endTime="2022-06-13T21:12:51.3244990+02:00" testType="13cdc9d9-ddb5-4fa4-a97d-d965ccfc6d4b" outcome="Passed" testListId="8c84fa94-04c1-424b-9868-57a2d4851a1d" relativeResultsDirectory="19ca7576-4062-41b9-a6ce-9ca62bf258ef" />
    <UnitTestResult executionId="ccb0660a-bb21-4531-b20a-c4d48c0bf45d" testId="d377bd87-4eea-3f7f-c041-91df35d9ea10" testName="FormatToStringTest1000(6173.0243155793405d,&quot;6173.02 zł&quot;)" computerName="DESKTOP-5URQ9PB" duration="00:00:00.0000180" startTime="2022-06-13T21:12:51.3261810+02:00" endTime="2022-06-13T21:12:51.3261989+02:00" testType="13cdc9d9-ddb5-4fa4-a97d-d965ccfc6d4b" outcome="Passed" testListId="8c84fa94-04c1-424b-9868-57a2d4851a1d" relativeResultsDirectory="ccb0660a-bb21-4531-b20a-c4d48c0bf45d" />
    <UnitTestResult executionId="494b596b-2c0b-41e0-9125-1eeafaf1e2bc" testId="69c4777a-51de-9c54-0ee3-eb6af65c109e" testName="FormatToStringTest1000(158.49784791027093d,&quot;158.50 zł&quot;)" computerName="DESKTOP-5URQ9PB" duration="00:00:00.0000180" startTime="2022-06-13T21:12:51.3149884+02:00" endTime="2022-06-13T21:12:51.3150062+02:00" testType="13cdc9d9-ddb5-4fa4-a97d-d965ccfc6d4b" outcome="Passed" testListId="8c84fa94-04c1-424b-9868-57a2d4851a1d" relativeResultsDirectory="494b596b-2c0b-41e0-9125-1eeafaf1e2bc" />
    <UnitTestResult executionId="e7cc3b94-c859-45f7-b064-fc9fc9be0b40" testId="8237afc1-9210-54d8-45bd-84bf26e08f89" testName="FormatToStringTest1000(6417.5922460628635d,&quot;6417.59 zł&quot;)" computerName="DESKTOP-5URQ9PB" duration="00:00:00.0000180" startTime="2022-06-13T21:12:51.3219434+02:00" endTime="2022-06-13T21:12:51.3219614+02:00" testType="13cdc9d9-ddb5-4fa4-a97d-d965ccfc6d4b" outcome="Passed" testListId="8c84fa94-04c1-424b-9868-57a2d4851a1d" relativeResultsDirectory="e7cc3b94-c859-45f7-b064-fc9fc9be0b40" />
    <UnitTestResult executionId="9a0e79e7-4154-4791-ab83-1a8649425ae3" testId="9f2dc98f-6aa2-694c-8819-9ccfd93e4fc8" testName="FormatToStringTest1000(1669.555150571072d,&quot;1669.56 zł&quot;)" computerName="DESKTOP-5URQ9PB" duration="00:00:00.0000190" startTime="2022-06-13T21:12:51.3340057+02:00" endTime="2022-06-13T21:12:51.3340240+02:00" testType="13cdc9d9-ddb5-4fa4-a97d-d965ccfc6d4b" outcome="Passed" testListId="8c84fa94-04c1-424b-9868-57a2d4851a1d" relativeResultsDirectory="9a0e79e7-4154-4791-ab83-1a8649425ae3" />
    <UnitTestResult executionId="93805c26-0dba-4a5f-9815-94a65557c339" testId="bc3f5322-761c-1784-32c8-0807bc806b0a" testName="FormatToStringTest1000(4652.407073443945d,&quot;4652.41 zł&quot;)" computerName="DESKTOP-5URQ9PB" duration="00:00:00.0000190" startTime="2022-06-13T21:12:51.3218696+02:00" endTime="2022-06-13T21:12:51.3218886+02:00" testType="13cdc9d9-ddb5-4fa4-a97d-d965ccfc6d4b" outcome="Passed" testListId="8c84fa94-04c1-424b-9868-57a2d4851a1d" relativeResultsDirectory="93805c26-0dba-4a5f-9815-94a65557c339" />
    <UnitTestResult executionId="d4412335-fed1-429d-827e-bc099704604d" testId="605c2bc0-4496-0f02-aeff-a229323c4be4" testName="FormatToStringTest1000(54578.37303904275d,&quot;54578.37 zł&quot;)" computerName="DESKTOP-5URQ9PB" duration="00:00:00.0000190" startTime="2022-06-13T21:12:51.3179235+02:00" endTime="2022-06-13T21:12:51.3179425+02:00" testType="13cdc9d9-ddb5-4fa4-a97d-d965ccfc6d4b" outcome="Passed" testListId="8c84fa94-04c1-424b-9868-57a2d4851a1d" relativeResultsDirectory="d4412335-fed1-429d-827e-bc099704604d" />
    <UnitTestResult executionId="aa8e78fe-3593-492b-847a-cbaaf2eb31b2" testId="f557024d-69b9-3152-827e-4e57b8d0868d" testName="FormatToStringTest1000(96.75594581512546d,&quot;96.76 zł&quot;)" computerName="DESKTOP-5URQ9PB" duration="00:00:00.0000180" startTime="2022-06-13T21:12:51.3119984+02:00" endTime="2022-06-13T21:12:51.3120161+02:00" testType="13cdc9d9-ddb5-4fa4-a97d-d965ccfc6d4b" outcome="Passed" testListId="8c84fa94-04c1-424b-9868-57a2d4851a1d" relativeResultsDirectory="aa8e78fe-3593-492b-847a-cbaaf2eb31b2" />
    <UnitTestResult executionId="000861d7-f790-4a06-94da-eda4574546f0" testId="3c732fdd-347f-bf9b-4cee-87347d32525f" testName="FormatToStringTest1000(626.135364110179d,&quot;626.14 zł&quot;)" computerName="DESKTOP-5URQ9PB" duration="00:00:00.0000190" startTime="2022-06-13T21:12:51.3157628+02:00" endTime="2022-06-13T21:12:51.3157819+02:00" testType="13cdc9d9-ddb5-4fa4-a97d-d965ccfc6d4b" outcome="Passed" testListId="8c84fa94-04c1-424b-9868-57a2d4851a1d" relativeResultsDirectory="000861d7-f790-4a06-94da-eda4574546f0" />
    <UnitTestResult executionId="680d61af-d7bf-40f6-bc7f-8da1195b684d" testId="a05c6c11-7f69-6883-58ae-614dcfca1729" testName="FormatToStringTest1000(22291.653251342315d,&quot;22291.65 zł&quot;)" computerName="DESKTOP-5URQ9PB" duration="00:00:00.0000200" startTime="2022-06-13T21:12:51.3110344+02:00" endTime="2022-06-13T21:12:51.3110538+02:00" testType="13cdc9d9-ddb5-4fa4-a97d-d965ccfc6d4b" outcome="Passed" testListId="8c84fa94-04c1-424b-9868-57a2d4851a1d" relativeResultsDirectory="680d61af-d7bf-40f6-bc7f-8da1195b684d" />
    <UnitTestResult executionId="b5043c24-a3fb-4345-b1fe-2694911d47a9" testId="a8b1a1f3-a70e-7194-337a-f959c6974971" testName="FormatToStringTest1000(17418.31302247863d,&quot;17418.31 zł&quot;)" computerName="DESKTOP-5URQ9PB" duration="00:00:00.0000180" startTime="2022-06-13T21:12:51.3183431+02:00" endTime="2022-06-13T21:12:51.3183611+02:00" testType="13cdc9d9-ddb5-4fa4-a97d-d965ccfc6d4b" outcome="Passed" testListId="8c84fa94-04c1-424b-9868-57a2d4851a1d" relativeResultsDirectory="b5043c24-a3fb-4345-b1fe-2694911d47a9" />
    <UnitTestResult executionId="9a70780c-4b50-4bba-845f-bdc31d69c6fd" testId="c3298b2d-9863-1896-98e3-77805a105e1c" testName="FormatToStringTest1000(59283.48311990662d,&quot;59283.48 zł&quot;)" computerName="DESKTOP-5URQ9PB" duration="00:00:00.0000190" startTime="2022-06-13T21:12:51.3175023+02:00" endTime="2022-06-13T21:12:51.3175213+02:00" testType="13cdc9d9-ddb5-4fa4-a97d-d965ccfc6d4b" outcome="Passed" testListId="8c84fa94-04c1-424b-9868-57a2d4851a1d" relativeResultsDirectory="9a70780c-4b50-4bba-845f-bdc31d69c6fd" />
    <UnitTestResult executionId="b416b8d5-5dec-446d-ba87-98e0da046704" testId="2cb249c3-2f01-c9f4-7658-4d0e9af8d192" testName="FormatToStringTest1000(972.1468308629221d,&quot;972.15 zł&quot;)" computerName="DESKTOP-5URQ9PB" duration="00:00:00.0000190" startTime="2022-06-13T21:12:51.3253913+02:00" endTime="2022-06-13T21:12:51.3254098+02:00" testType="13cdc9d9-ddb5-4fa4-a97d-d965ccfc6d4b" outcome="Passed" testListId="8c84fa94-04c1-424b-9868-57a2d4851a1d" relativeResultsDirectory="b416b8d5-5dec-446d-ba87-98e0da046704" />
    <UnitTestResult executionId="7d4ec546-feb2-4bde-a88b-e9779a32c520" testId="726ca756-5ddd-cb5f-72a7-3e3a70b8c971" testName="FormatToStringTest1000(1208.1827589441941d,&quot;1208.18 zł&quot;)" computerName="DESKTOP-5URQ9PB" duration="00:00:00.0000180" startTime="2022-06-13T21:12:51.3119495+02:00" endTime="2022-06-13T21:12:51.3119675+02:00" testType="13cdc9d9-ddb5-4fa4-a97d-d965ccfc6d4b" outcome="Passed" testListId="8c84fa94-04c1-424b-9868-57a2d4851a1d" relativeResultsDirectory="7d4ec546-feb2-4bde-a88b-e9779a32c520" />
    <UnitTestResult executionId="f71217b7-65a7-4b65-886a-5a5fd5529c18" testId="56b49f4b-49b4-988e-f563-d6c88928143d" testName="FormatToStringTest1000(78519.41691976106d,&quot;78519.42 zł&quot;)" computerName="DESKTOP-5URQ9PB" duration="00:00:00.0000190" startTime="2022-06-13T21:12:51.3273889+02:00" endTime="2022-06-13T21:12:51.3274078+02:00" testType="13cdc9d9-ddb5-4fa4-a97d-d965ccfc6d4b" outcome="Passed" testListId="8c84fa94-04c1-424b-9868-57a2d4851a1d" relativeResultsDirectory="f71217b7-65a7-4b65-886a-5a5fd5529c18" />
    <UnitTestResult executionId="8f03c796-07b0-4345-a80c-2c43de3dfe48" testId="d61c5a24-3052-33c6-809a-bcd51f433ccc" testName="FormatToStringTest1000(45930.2386782068d,&quot;45930.24 zł&quot;)" computerName="DESKTOP-5URQ9PB" duration="00:00:00.0000190" startTime="2022-06-13T21:12:51.3132054+02:00" endTime="2022-06-13T21:12:51.3132244+02:00" testType="13cdc9d9-ddb5-4fa4-a97d-d965ccfc6d4b" outcome="Passed" testListId="8c84fa94-04c1-424b-9868-57a2d4851a1d" relativeResultsDirectory="8f03c796-07b0-4345-a80c-2c43de3dfe48" />
    <UnitTestResult executionId="43e06350-d68a-4a91-b81c-9ba437a6da55" testId="2bc42f5a-e565-5018-fa3b-64bf63c4c2f5" testName="FormatToStringTest1000(14017.699524653006d,&quot;14017.70 zł&quot;)" computerName="DESKTOP-5URQ9PB" duration="00:00:00.0000180" startTime="2022-06-13T21:12:51.3346507+02:00" endTime="2022-06-13T21:12:51.3346682+02:00" testType="13cdc9d9-ddb5-4fa4-a97d-d965ccfc6d4b" outcome="Passed" testListId="8c84fa94-04c1-424b-9868-57a2d4851a1d" relativeResultsDirectory="43e06350-d68a-4a91-b81c-9ba437a6da55" />
    <UnitTestResult executionId="a97e18f8-e536-430e-a5df-f75001f3fdad" testId="c2d4c482-09cf-e240-a7e7-520d6f5ce617" testName="FormatToStringTest1000(18340.935049000167d,&quot;18340.94 zł&quot;)" computerName="DESKTOP-5URQ9PB" duration="00:00:00.0000190" startTime="2022-06-13T21:12:51.3152835+02:00" endTime="2022-06-13T21:12:51.3153018+02:00" testType="13cdc9d9-ddb5-4fa4-a97d-d965ccfc6d4b" outcome="Passed" testListId="8c84fa94-04c1-424b-9868-57a2d4851a1d" relativeResultsDirectory="a97e18f8-e536-430e-a5df-f75001f3fdad" />
    <UnitTestResult executionId="183bcdff-1365-448d-940e-36546e60b102" testId="e00200eb-3a34-f266-bd48-fa5530d514f6" testName="FormatToStringTest1000(21573.45329517613d,&quot;21573.45 zł&quot;)" computerName="DESKTOP-5URQ9PB" duration="00:00:00.0000180" startTime="2022-06-13T21:12:51.3353210+02:00" endTime="2022-06-13T21:12:51.3353389+02:00" testType="13cdc9d9-ddb5-4fa4-a97d-d965ccfc6d4b" outcome="Passed" testListId="8c84fa94-04c1-424b-9868-57a2d4851a1d" relativeResultsDirectory="183bcdff-1365-448d-940e-36546e60b102" />
    <UnitTestResult executionId="2e4179b6-ff88-4800-a8b5-1e4bdc0f7f83" testId="85799221-0b36-0e4a-ef29-ad83f50e6bbd" testName="FormatToStringTest1000(1568.615240217473d,&quot;1568.62 zł&quot;)" computerName="DESKTOP-5URQ9PB" duration="00:00:00.0000190" startTime="2022-06-13T21:12:51.3304825+02:00" endTime="2022-06-13T21:12:51.3305008+02:00" testType="13cdc9d9-ddb5-4fa4-a97d-d965ccfc6d4b" outcome="Passed" testListId="8c84fa94-04c1-424b-9868-57a2d4851a1d" relativeResultsDirectory="2e4179b6-ff88-4800-a8b5-1e4bdc0f7f83" />
    <UnitTestResult executionId="0ac4a226-a5e1-44aa-94f8-03d9dd9d70e7" testId="112e422e-04b2-3ba3-ad56-a1e5d3cfbd79" testName="FormatToStringTest1000(5247.779940802501d,&quot;5247.78 zł&quot;)" computerName="DESKTOP-5URQ9PB" duration="00:00:00.0000190" startTime="2022-06-13T21:12:51.3380349+02:00" endTime="2022-06-13T21:12:51.3380533+02:00" testType="13cdc9d9-ddb5-4fa4-a97d-d965ccfc6d4b" outcome="Passed" testListId="8c84fa94-04c1-424b-9868-57a2d4851a1d" relativeResultsDirectory="0ac4a226-a5e1-44aa-94f8-03d9dd9d70e7" />
    <UnitTestResult executionId="0584a77f-dfb6-4018-a35a-3285e4c29b89" testId="113c211f-ff70-231a-7b9d-03413cd134d7" testName="FormatToStringTest1000(19500.031951036784d,&quot;19500.03 zł&quot;)" computerName="DESKTOP-5URQ9PB" duration="00:00:00.0000180" startTime="2022-06-13T21:12:51.3145698+02:00" endTime="2022-06-13T21:12:51.3145876+02:00" testType="13cdc9d9-ddb5-4fa4-a97d-d965ccfc6d4b" outcome="Passed" testListId="8c84fa94-04c1-424b-9868-57a2d4851a1d" relativeResultsDirectory="0584a77f-dfb6-4018-a35a-3285e4c29b89" />
    <UnitTestResult executionId="fe68d871-97a8-4448-bff3-da619964342b" testId="6e94a57e-5259-7bdc-f138-c47a49ede1a1" testName="FormatToStringTest1000(14218.204344010543d,&quot;14218.20 zł&quot;)" computerName="DESKTOP-5URQ9PB" duration="00:00:00.0000190" startTime="2022-06-13T21:12:51.3313285+02:00" endTime="2022-06-13T21:12:51.3313469+02:00" testType="13cdc9d9-ddb5-4fa4-a97d-d965ccfc6d4b" outcome="Passed" testListId="8c84fa94-04c1-424b-9868-57a2d4851a1d" relativeResultsDirectory="fe68d871-97a8-4448-bff3-da619964342b" />
    <UnitTestResult executionId="a6761fff-6ed5-48f4-9352-f1cdab96d237" testId="e8dae4f6-1eb2-866f-8693-bdd69c27bed8" testName="FormatToStringTest1000(1884.4923513031063d,&quot;1884.49 zł&quot;)" computerName="DESKTOP-5URQ9PB" duration="00:00:00.0000190" startTime="2022-06-13T21:12:51.3242777+02:00" endTime="2022-06-13T21:12:51.3242965+02:00" testType="13cdc9d9-ddb5-4fa4-a97d-d965ccfc6d4b" outcome="Passed" testListId="8c84fa94-04c1-424b-9868-57a2d4851a1d" relativeResultsDirectory="a6761fff-6ed5-48f4-9352-f1cdab96d237" />
    <UnitTestResult executionId="5819c08d-fe68-4560-99c1-dd9459d93974" testId="a2f90830-dfa6-05f0-71fa-365928f71cdd" testName="FormatToStringTest1000(20752.33758466334d,&quot;20752.34 zł&quot;)" computerName="DESKTOP-5URQ9PB" duration="00:00:00.0000180" startTime="2022-06-13T21:12:51.3189875+02:00" endTime="2022-06-13T21:12:51.3190052+02:00" testType="13cdc9d9-ddb5-4fa4-a97d-d965ccfc6d4b" outcome="Passed" testListId="8c84fa94-04c1-424b-9868-57a2d4851a1d" relativeResultsDirectory="5819c08d-fe68-4560-99c1-dd9459d93974" />
    <UnitTestResult executionId="b51aba56-e5af-4c19-ba1d-44ec30b8ac6c" testId="6f7345f6-07c1-aba6-fba8-22e9ed357a49" testName="FormatToStringTest1000(19189.32381924117d,&quot;19189.32 zł&quot;)" computerName="DESKTOP-5URQ9PB" duration="00:00:00.0000180" startTime="2022-06-13T21:12:51.3167105+02:00" endTime="2022-06-13T21:12:51.3167284+02:00" testType="13cdc9d9-ddb5-4fa4-a97d-d965ccfc6d4b" outcome="Passed" testListId="8c84fa94-04c1-424b-9868-57a2d4851a1d" relativeResultsDirectory="b51aba56-e5af-4c19-ba1d-44ec30b8ac6c" />
    <UnitTestResult executionId="baa02843-3aab-4b31-99de-78c5cb5af0d1" testId="097d9f12-a8b0-74cc-8829-12842d451447" testName="FormatToStringTest1000(59247.898931587064d,&quot;59247.90 zł&quot;)" computerName="DESKTOP-5URQ9PB" duration="00:00:00.0000190" startTime="2022-06-13T21:12:51.3256412+02:00" endTime="2022-06-13T21:12:51.3256599+02:00" testType="13cdc9d9-ddb5-4fa4-a97d-d965ccfc6d4b" outcome="Passed" testListId="8c84fa94-04c1-424b-9868-57a2d4851a1d" relativeResultsDirectory="baa02843-3aab-4b31-99de-78c5cb5af0d1" />
    <UnitTestResult executionId="6ad7ad58-0b52-4488-b72f-14a012755b57" testId="00c173aa-365e-0279-47ce-e69aab924076" testName="FormatToStringTest1000(10511.7304983189d,&quot;10511.73 zł&quot;)" computerName="DESKTOP-5URQ9PB" duration="00:00:00.0000180" startTime="2022-06-13T21:12:51.3199528+02:00" endTime="2022-06-13T21:12:51.3199706+02:00" testType="13cdc9d9-ddb5-4fa4-a97d-d965ccfc6d4b" outcome="Passed" testListId="8c84fa94-04c1-424b-9868-57a2d4851a1d" relativeResultsDirectory="6ad7ad58-0b52-4488-b72f-14a012755b57" />
    <UnitTestResult executionId="764fae78-1cf7-4b6f-906a-f828d01fd8bd" testId="5012f64d-f81c-363a-9c3b-b389d7a1051b" testName="FormatToStringTest1000(25440.18371476614d,&quot;25440.18 zł&quot;)" computerName="DESKTOP-5URQ9PB" duration="00:00:00.0000190" startTime="2022-06-13T21:12:51.3162308+02:00" endTime="2022-06-13T21:12:51.3162496+02:00" testType="13cdc9d9-ddb5-4fa4-a97d-d965ccfc6d4b" outcome="Passed" testListId="8c84fa94-04c1-424b-9868-57a2d4851a1d" relativeResultsDirectory="764fae78-1cf7-4b6f-906a-f828d01fd8bd" />
    <UnitTestResult executionId="851861de-15ec-43cd-8817-a9b9f0a17bd5" testId="b56338b4-aae6-cbe0-3487-2e781b98c188" testName="FormatToStringTest1000(2937.138486199611d,&quot;2937.14 zł&quot;)" computerName="DESKTOP-5URQ9PB" duration="00:00:00.0000180" startTime="2022-06-13T21:12:51.3123670+02:00" endTime="2022-06-13T21:12:51.3123849+02:00" testType="13cdc9d9-ddb5-4fa4-a97d-d965ccfc6d4b" outcome="Passed" testListId="8c84fa94-04c1-424b-9868-57a2d4851a1d" relativeResultsDirectory="851861de-15ec-43cd-8817-a9b9f0a17bd5" />
    <UnitTestResult executionId="2ea6d5ae-a1a6-441a-ac0c-b85c977b7bf6" testId="1eb4d4f7-74ca-78cd-f76d-cc295b6f3916" testName="FormatToStringTest1000(4116.417580192638d,&quot;4116.42 zł&quot;)" computerName="DESKTOP-5URQ9PB" duration="00:00:00.0000190" startTime="2022-06-13T21:12:51.3232110+02:00" endTime="2022-06-13T21:12:51.3232294+02:00" testType="13cdc9d9-ddb5-4fa4-a97d-d965ccfc6d4b" outcome="Passed" testListId="8c84fa94-04c1-424b-9868-57a2d4851a1d" relativeResultsDirectory="2ea6d5ae-a1a6-441a-ac0c-b85c977b7bf6" />
    <UnitTestResult executionId="15a9dd6f-947f-4b6e-8aff-f0dfc14d6bc9" testId="b7ec82f7-3497-4dc6-bb74-fbcde89b4ab4" testName="FormatToStringTest1000(1181.5773122979222d,&quot;1181.58 zł&quot;)" computerName="DESKTOP-5URQ9PB" duration="00:00:00.0000190" startTime="2022-06-13T21:12:51.3217961+02:00" endTime="2022-06-13T21:12:51.3218148+02:00" testType="13cdc9d9-ddb5-4fa4-a97d-d965ccfc6d4b" outcome="Passed" testListId="8c84fa94-04c1-424b-9868-57a2d4851a1d" relativeResultsDirectory="15a9dd6f-947f-4b6e-8aff-f0dfc14d6bc9" />
    <UnitTestResult executionId="835a429e-f7d5-4160-8609-e741488706de" testId="93356272-81f1-2ca0-6a2b-a94c51c52201" testName="FormatToStringTest1000(5396.620088554277d,&quot;5396.62 zł&quot;)" computerName="DESKTOP-5URQ9PB" duration="00:00:00.0000240" startTime="2022-06-13T21:12:51.3110032+02:00" endTime="2022-06-13T21:12:51.3110269+02:00" testType="13cdc9d9-ddb5-4fa4-a97d-d965ccfc6d4b" outcome="Passed" testListId="8c84fa94-04c1-424b-9868-57a2d4851a1d" relativeResultsDirectory="835a429e-f7d5-4160-8609-e741488706de" />
    <UnitTestResult executionId="a31c0fb2-3392-4424-af9f-76474300c9c8" testId="e0a6ca51-6257-18e2-3ed9-4bb78f34d6d7" testName="FormatToStringTest1000(1614.2516601789982d,&quot;1614.25 zł&quot;)" computerName="DESKTOP-5URQ9PB" duration="00:00:00.0000180" startTime="2022-06-13T21:12:51.3116788+02:00" endTime="2022-06-13T21:12:51.3116966+02:00" testType="13cdc9d9-ddb5-4fa4-a97d-d965ccfc6d4b" outcome="Passed" testListId="8c84fa94-04c1-424b-9868-57a2d4851a1d" relativeResultsDirectory="a31c0fb2-3392-4424-af9f-76474300c9c8" />
    <UnitTestResult executionId="a1b0f806-b226-43d9-ba50-b849727ecf5b" testId="5bdb1fb9-c083-a878-8185-d4ef40939b65" testName="FormatToStringTest1000(1130.8119115372242d,&quot;1130.81 zł&quot;)" computerName="DESKTOP-5URQ9PB" duration="00:00:00.0000180" startTime="2022-06-13T21:12:51.3348449+02:00" endTime="2022-06-13T21:12:51.3348626+02:00" testType="13cdc9d9-ddb5-4fa4-a97d-d965ccfc6d4b" outcome="Passed" testListId="8c84fa94-04c1-424b-9868-57a2d4851a1d" relativeResultsDirectory="a1b0f806-b226-43d9-ba50-b849727ecf5b" />
    <UnitTestResult executionId="d60f65f0-5dc4-4b67-80f8-c05c2aeeaec4" testId="ec19b07c-d465-faec-475d-a8dee6e4e934" testName="FormatToStringTest1000(19071.681252896637d,&quot;19071.68 zł&quot;)" computerName="DESKTOP-5URQ9PB" duration="00:00:00.0000190" startTime="2022-06-13T21:12:51.3272180+02:00" endTime="2022-06-13T21:12:51.3272364+02:00" testType="13cdc9d9-ddb5-4fa4-a97d-d965ccfc6d4b" outcome="Passed" testListId="8c84fa94-04c1-424b-9868-57a2d4851a1d" relativeResultsDirectory="d60f65f0-5dc4-4b67-80f8-c05c2aeeaec4" />
    <UnitTestResult executionId="e8175715-6681-4824-9038-4249f50b07a9" testId="d9e9b57c-4387-840e-e497-cce329a0c03e" testName="FormatToStringTest1000(39146.635743126564d,&quot;39146.64 zł&quot;)" computerName="DESKTOP-5URQ9PB" duration="00:00:00.0000180" startTime="2022-06-13T21:12:51.3141966+02:00" endTime="2022-06-13T21:12:51.3142149+02:00" testType="13cdc9d9-ddb5-4fa4-a97d-d965ccfc6d4b" outcome="Passed" testListId="8c84fa94-04c1-424b-9868-57a2d4851a1d" relativeResultsDirectory="e8175715-6681-4824-9038-4249f50b07a9" />
    <UnitTestResult executionId="8e94e339-cefa-4708-88a5-44a7d395e2a8" testId="99b9ef43-ae03-d550-aafb-7b6a0ec7c1ee" testName="FormatToStringTest1000(18032.4720825476d,&quot;18032.47 zł&quot;)" computerName="DESKTOP-5URQ9PB" duration="00:00:00.0000180" startTime="2022-06-13T21:12:51.3337133+02:00" endTime="2022-06-13T21:12:51.3337310+02:00" testType="13cdc9d9-ddb5-4fa4-a97d-d965ccfc6d4b" outcome="Passed" testListId="8c84fa94-04c1-424b-9868-57a2d4851a1d" relativeResultsDirectory="8e94e339-cefa-4708-88a5-44a7d395e2a8" />
    <UnitTestResult executionId="0e5eb47e-6b98-49fd-a82b-07e686694a20" testId="d84ea56f-1773-91fe-6056-1fcd6ce44e0e" testName="FormatToStringTest1000(23662.291816162084d,&quot;23662.29 zł&quot;)" computerName="DESKTOP-5URQ9PB" duration="00:00:00.0000200" startTime="2022-06-13T21:12:51.3324289+02:00" endTime="2022-06-13T21:12:51.3324484+02:00" testType="13cdc9d9-ddb5-4fa4-a97d-d965ccfc6d4b" outcome="Passed" testListId="8c84fa94-04c1-424b-9868-57a2d4851a1d" relativeResultsDirectory="0e5eb47e-6b98-49fd-a82b-07e686694a20" />
    <UnitTestResult executionId="243bc077-3628-4076-b2e2-e2c61b5ef4a8" testId="c93cdb71-2111-93a4-4cd8-a7548cb72ed0" testName="FormatToStringTest1000(9774.341362926803d,&quot;9774.34 zł&quot;)" computerName="DESKTOP-5URQ9PB" duration="00:00:00.0000180" startTime="2022-06-13T21:12:51.3143197+02:00" endTime="2022-06-13T21:12:51.3143377+02:00" testType="13cdc9d9-ddb5-4fa4-a97d-d965ccfc6d4b" outcome="Passed" testListId="8c84fa94-04c1-424b-9868-57a2d4851a1d" relativeResultsDirectory="243bc077-3628-4076-b2e2-e2c61b5ef4a8" />
    <UnitTestResult executionId="285d9fb4-3c99-4510-9dbb-55cb16fabce4" testId="e46dbe14-100d-b571-9fb5-196347dd96ac" testName="FormatToStringTest1000(64490.52771614982d,&quot;64490.53 zł&quot;)" computerName="DESKTOP-5URQ9PB" duration="00:00:00.0000190" startTime="2022-06-13T21:12:51.3210990+02:00" endTime="2022-06-13T21:12:51.3211177+02:00" testType="13cdc9d9-ddb5-4fa4-a97d-d965ccfc6d4b" outcome="Passed" testListId="8c84fa94-04c1-424b-9868-57a2d4851a1d" relativeResultsDirectory="285d9fb4-3c99-4510-9dbb-55cb16fabce4" />
    <UnitTestResult executionId="b3af3158-66c2-499e-a3d4-0d83d6e93ff6" testId="bc2dc8fc-01b0-0065-79fa-2e41ef829892" testName="FormatToStringTest1000(37528.70144368368d,&quot;37528.70 zł&quot;)" computerName="DESKTOP-5URQ9PB" duration="00:00:00.0000180" startTime="2022-06-13T21:12:51.3138528+02:00" endTime="2022-06-13T21:12:51.3138705+02:00" testType="13cdc9d9-ddb5-4fa4-a97d-d965ccfc6d4b" outcome="Passed" testListId="8c84fa94-04c1-424b-9868-57a2d4851a1d" relativeResultsDirectory="b3af3158-66c2-499e-a3d4-0d83d6e93ff6" />
    <UnitTestResult executionId="c1ac2915-6644-46bc-990f-169ae3e8e161" testId="0af23d0c-f1f0-deb1-181c-c50389a37384" testName="FormatToStringTest1000(19216.446905020366d,&quot;19216.45 zł&quot;)" computerName="DESKTOP-5URQ9PB" duration="00:00:00.0000190" startTime="2022-06-13T21:12:51.3136551+02:00" endTime="2022-06-13T21:12:51.3136741+02:00" testType="13cdc9d9-ddb5-4fa4-a97d-d965ccfc6d4b" outcome="Passed" testListId="8c84fa94-04c1-424b-9868-57a2d4851a1d" relativeResultsDirectory="c1ac2915-6644-46bc-990f-169ae3e8e161" />
    <UnitTestResult executionId="a32fa11a-b41c-4ff9-ac0d-3f1213cf77ff" testId="e77ca75b-19ba-059d-05cd-1ebb08034f74" testName="FormatToStringTest1000(28033.439084134738d,&quot;28033.44 zł&quot;)" computerName="DESKTOP-5URQ9PB" duration="00:00:00.0000180" startTime="2022-06-13T21:12:51.3231374+02:00" endTime="2022-06-13T21:12:51.3231553+02:00" testType="13cdc9d9-ddb5-4fa4-a97d-d965ccfc6d4b" outcome="Passed" testListId="8c84fa94-04c1-424b-9868-57a2d4851a1d" relativeResultsDirectory="a32fa11a-b41c-4ff9-ac0d-3f1213cf77ff" />
    <UnitTestResult executionId="00ad76c1-6e93-4825-b138-7377fe4427d9" testId="3c1aaa80-1e63-d980-5967-7f705ee7de1e" testName="FormatToStringTest1000(10784.438152511344d,&quot;10784.44 zł&quot;)" computerName="DESKTOP-5URQ9PB" duration="00:00:00.0000180" startTime="2022-06-13T21:12:51.3130670+02:00" endTime="2022-06-13T21:12:51.3130852+02:00" testType="13cdc9d9-ddb5-4fa4-a97d-d965ccfc6d4b" outcome="Passed" testListId="8c84fa94-04c1-424b-9868-57a2d4851a1d" relativeResultsDirectory="00ad76c1-6e93-4825-b138-7377fe4427d9" />
    <UnitTestResult executionId="d9d9e3df-8f85-4af3-8cdc-0f1eeef99960" testId="d2b12152-aa29-786c-7dfa-f4b6b5aa2a7e" testName="FormatToStringTest1000(3503.9809179231434d,&quot;3503.98 zł&quot;)" computerName="DESKTOP-5URQ9PB" duration="00:00:00.0000190" startTime="2022-06-13T21:12:51.3226150+02:00" endTime="2022-06-13T21:12:51.3226333+02:00" testType="13cdc9d9-ddb5-4fa4-a97d-d965ccfc6d4b" outcome="Passed" testListId="8c84fa94-04c1-424b-9868-57a2d4851a1d" relativeResultsDirectory="d9d9e3df-8f85-4af3-8cdc-0f1eeef99960" />
    <UnitTestResult executionId="e252b5d8-cc40-49b1-8f09-b7d51502f403" testId="7ac2c24b-6445-4ff2-9faa-1ce73a74728d" testName="FormatToStringTest1000(14635.510547500808d,&quot;14635.51 zł&quot;)" computerName="DESKTOP-5URQ9PB" duration="00:00:00.0000180" startTime="2022-06-13T21:12:51.3265793+02:00" endTime="2022-06-13T21:12:51.3265974+02:00" testType="13cdc9d9-ddb5-4fa4-a97d-d965ccfc6d4b" outcome="Passed" testListId="8c84fa94-04c1-424b-9868-57a2d4851a1d" relativeResultsDirectory="e252b5d8-cc40-49b1-8f09-b7d51502f403" />
    <UnitTestResult executionId="7a564ede-2964-4b66-b8eb-b1eaa80e2e4a" testId="1658bad2-8c99-0b77-1530-2e9ba32823bd" testName="FormatToStringTest1000(33245.44763357819d,&quot;33245.45 zł&quot;)" computerName="DESKTOP-5URQ9PB" duration="00:00:00.0000180" startTime="2022-06-13T21:12:51.3201254+02:00" endTime="2022-06-13T21:12:51.3201432+02:00" testType="13cdc9d9-ddb5-4fa4-a97d-d965ccfc6d4b" outcome="Passed" testListId="8c84fa94-04c1-424b-9868-57a2d4851a1d" relativeResultsDirectory="7a564ede-2964-4b66-b8eb-b1eaa80e2e4a" />
    <UnitTestResult executionId="e560fba1-0e6c-4e0d-8ba5-c4cea3ba398a" testId="e2ca2857-33e4-4daa-d2e9-09d09dfdba1f" testName="FormatToStringTest1000(18023.78504577455d,&quot;18023.79 zł&quot;)" computerName="DESKTOP-5URQ9PB" duration="00:00:00.0000180" startTime="2022-06-13T21:12:51.3166345+02:00" endTime="2022-06-13T21:12:51.3166525+02:00" testType="13cdc9d9-ddb5-4fa4-a97d-d965ccfc6d4b" outcome="Passed" testListId="8c84fa94-04c1-424b-9868-57a2d4851a1d" relativeResultsDirectory="e560fba1-0e6c-4e0d-8ba5-c4cea3ba398a" />
    <UnitTestResult executionId="43c16e39-4745-4330-bb38-c419788ff538" testId="8abfbe45-c0d6-8f72-7af8-564a66d7cb48" testName="FormatToStringTest1000(1549.6599114973376d,&quot;1549.66 zł&quot;)" computerName="DESKTOP-5URQ9PB" duration="00:00:00.0000190" startTime="2022-06-13T21:12:51.3347472+02:00" endTime="2022-06-13T21:12:51.3347656+02:00" testType="13cdc9d9-ddb5-4fa4-a97d-d965ccfc6d4b" outcome="Passed" testListId="8c84fa94-04c1-424b-9868-57a2d4851a1d" relativeResultsDirectory="43c16e39-4745-4330-bb38-c419788ff538" />
    <UnitTestResult executionId="bdd2a56d-5267-441b-b4ad-518bbd26d385" testId="84106c87-4ea7-9a5a-a250-230c7c8ac9ba" testName="FormatToStringTest1000(5279.315995182524d,&quot;5279.32 zł&quot;)" computerName="DESKTOP-5URQ9PB" duration="00:00:00.0000180" startTime="2022-06-13T21:12:51.3240794+02:00" endTime="2022-06-13T21:12:51.3240975+02:00" testType="13cdc9d9-ddb5-4fa4-a97d-d965ccfc6d4b" outcome="Passed" testListId="8c84fa94-04c1-424b-9868-57a2d4851a1d" relativeResultsDirectory="bdd2a56d-5267-441b-b4ad-518bbd26d385" />
    <UnitTestResult executionId="d46e518d-0ab0-4359-a111-1c7d6b080dab" testId="d80dabd7-8e57-8764-d48e-5c692bf0e881" testName="FormatToStringTest1000(19603.69286519321d,&quot;19603.69 zł&quot;)" computerName="DESKTOP-5URQ9PB" duration="00:00:00.0000180" startTime="2022-06-13T21:12:51.3351226+02:00" endTime="2022-06-13T21:12:51.3351406+02:00" testType="13cdc9d9-ddb5-4fa4-a97d-d965ccfc6d4b" outcome="Passed" testListId="8c84fa94-04c1-424b-9868-57a2d4851a1d" relativeResultsDirectory="d46e518d-0ab0-4359-a111-1c7d6b080dab" />
    <UnitTestResult executionId="33b59217-1f92-43ef-9ffc-5f6bf9c8cfe4" testId="4dcd9f65-678f-d51c-9e07-bf80dcaf54a4" testName="FormatToStringTest1000(5591.2222540617095d,&quot;5591.22 zł&quot;)" computerName="DESKTOP-5URQ9PB" duration="00:00:00.0000180" startTime="2022-06-13T21:12:51.3238324+02:00" endTime="2022-06-13T21:12:51.3238504+02:00" testType="13cdc9d9-ddb5-4fa4-a97d-d965ccfc6d4b" outcome="Passed" testListId="8c84fa94-04c1-424b-9868-57a2d4851a1d" relativeResultsDirectory="33b59217-1f92-43ef-9ffc-5f6bf9c8cfe4" />
    <UnitTestResult executionId="f6ef9b79-eb96-408c-a502-3b6230679d09" testId="edd8698a-89a8-0a11-5f44-5d3f526abc13" testName="FormatToStringTest1000(3043.6828298227315d,&quot;3043.68 zł&quot;)" computerName="DESKTOP-5URQ9PB" duration="00:00:00.0000420" startTime="2022-06-13T21:12:51.3379292+02:00" endTime="2022-06-13T21:12:51.3379710+02:00" testType="13cdc9d9-ddb5-4fa4-a97d-d965ccfc6d4b" outcome="Passed" testListId="8c84fa94-04c1-424b-9868-57a2d4851a1d" relativeResultsDirectory="f6ef9b79-eb96-408c-a502-3b6230679d09" />
    <UnitTestResult executionId="2d5f4c67-f4f3-4ebe-8902-3fc7d5470d49" testId="7f9e3406-835c-5c12-68cf-08b73690e2b2" testName="FormatToStringTest1000(35248.53555717996d,&quot;35248.54 zł&quot;)" computerName="DESKTOP-5URQ9PB" duration="00:00:00.0000190" startTime="2022-06-13T21:12:51.3355346+02:00" endTime="2022-06-13T21:12:51.3355531+02:00" testType="13cdc9d9-ddb5-4fa4-a97d-d965ccfc6d4b" outcome="Passed" testListId="8c84fa94-04c1-424b-9868-57a2d4851a1d" relativeResultsDirectory="2d5f4c67-f4f3-4ebe-8902-3fc7d5470d49" />
    <UnitTestResult executionId="380bf99a-c56b-4117-beeb-fcd2eae5af9c" testId="ea0b7c7a-ce24-46f7-0862-63029307593e" testName="FormatToStringTest1000(2339.5873176472205d,&quot;2339.59 zł&quot;)" computerName="DESKTOP-5URQ9PB" duration="00:00:00.0000180" startTime="2022-06-13T21:12:51.3221892+02:00" endTime="2022-06-13T21:12:51.3222070+02:00" testType="13cdc9d9-ddb5-4fa4-a97d-d965ccfc6d4b" outcome="Passed" testListId="8c84fa94-04c1-424b-9868-57a2d4851a1d" relativeResultsDirectory="380bf99a-c56b-4117-beeb-fcd2eae5af9c" />
    <UnitTestResult executionId="727f1a04-02c3-4bfe-bd06-f8b73c321c70" testId="2067c239-a69d-2f34-aeac-53cb55316cbb" testName="FormatToStringTest1000(2423.6182769712145d,&quot;2423.62 zł&quot;)" computerName="DESKTOP-5URQ9PB" duration="00:00:00.0000190" startTime="2022-06-13T21:12:51.3258600+02:00" endTime="2022-06-13T21:12:51.3258790+02:00" testType="13cdc9d9-ddb5-4fa4-a97d-d965ccfc6d4b" outcome="Passed" testListId="8c84fa94-04c1-424b-9868-57a2d4851a1d" relativeResultsDirectory="727f1a04-02c3-4bfe-bd06-f8b73c321c70" />
    <UnitTestResult executionId="51ba405a-5abd-4bce-8111-3997f4237a0a" testId="ae7cb376-4ef2-2742-75ce-61ea6adcde54" testName="FormatToStringTest1000(30578.687538491416d,&quot;30578.69 zł&quot;)" computerName="DESKTOP-5URQ9PB" duration="00:00:00.0000190" startTime="2022-06-13T21:12:51.3178504+02:00" endTime="2022-06-13T21:12:51.3178692+02:00" testType="13cdc9d9-ddb5-4fa4-a97d-d965ccfc6d4b" outcome="Passed" testListId="8c84fa94-04c1-424b-9868-57a2d4851a1d" relativeResultsDirectory="51ba405a-5abd-4bce-8111-3997f4237a0a" />
    <UnitTestResult executionId="6615784c-3a5b-4c3b-bab3-2556acb79aa2" testId="7af319c8-84cb-197c-29fc-ea5e77c2f3be" testName="FormatToStringTest1000(33413.381276228174d,&quot;33413.38 zł&quot;)" computerName="DESKTOP-5URQ9PB" duration="00:00:00.0000190" startTime="2022-06-13T21:12:51.3202727+02:00" endTime="2022-06-13T21:12:51.3202914+02:00" testType="13cdc9d9-ddb5-4fa4-a97d-d965ccfc6d4b" outcome="Passed" testListId="8c84fa94-04c1-424b-9868-57a2d4851a1d" relativeResultsDirectory="6615784c-3a5b-4c3b-bab3-2556acb79aa2" />
    <UnitTestResult executionId="f619680a-cd0e-4a4e-875e-ca58b44b4401" testId="511f69f7-a0fb-1d5f-80a7-db38c945bbc4" testName="FormatToStringTest1000(67338.80028760935d,&quot;67338.80 zł&quot;)" computerName="DESKTOP-5URQ9PB" duration="00:00:00.0000190" startTime="2022-06-13T21:12:51.3113192+02:00" endTime="2022-06-13T21:12:51.3113377+02:00" testType="13cdc9d9-ddb5-4fa4-a97d-d965ccfc6d4b" outcome="Passed" testListId="8c84fa94-04c1-424b-9868-57a2d4851a1d" relativeResultsDirectory="f619680a-cd0e-4a4e-875e-ca58b44b4401" />
    <UnitTestResult executionId="f3acdcd1-6002-4f58-b0d0-8a15955571be" testId="f0cd9acd-b821-1b3b-6a4a-691c6f1f639a" testName="FormatToStringTest1000(464.74397441965715d,&quot;464.74 zł&quot;)" computerName="DESKTOP-5URQ9PB" duration="00:00:00.0000190" startTime="2022-06-13T21:12:51.3230138+02:00" endTime="2022-06-13T21:12:51.3230320+02:00" testType="13cdc9d9-ddb5-4fa4-a97d-d965ccfc6d4b" outcome="Passed" testListId="8c84fa94-04c1-424b-9868-57a2d4851a1d" relativeResultsDirectory="f3acdcd1-6002-4f58-b0d0-8a15955571be" />
    <UnitTestResult executionId="abc1be92-85d6-4c60-851b-ccb2e84e7367" testId="615fa398-9de6-a6b9-2dab-60666d0931f7" testName="FormatToStringTest1000(17845.255864087147d,&quot;17845.26 zł&quot;)" computerName="DESKTOP-5URQ9PB" duration="00:00:00.0000180" startTime="2022-06-13T21:12:51.3152099+02:00" endTime="2022-06-13T21:12:51.3152276+02:00" testType="13cdc9d9-ddb5-4fa4-a97d-d965ccfc6d4b" outcome="Passed" testListId="8c84fa94-04c1-424b-9868-57a2d4851a1d" relativeResultsDirectory="abc1be92-85d6-4c60-851b-ccb2e84e7367" />
    <UnitTestResult executionId="bf400fbd-52fc-4d90-ae51-ee26e02a1747" testId="4c344495-4967-8a3c-49bd-83047e73dd58" testName="FormatToStringTest1000(159.83786031922224d,&quot;159.84 zł&quot;)" computerName="DESKTOP-5URQ9PB" duration="00:00:00.0000180" startTime="2022-06-13T21:12:51.3114819+02:00" endTime="2022-06-13T21:12:51.3114998+02:00" testType="13cdc9d9-ddb5-4fa4-a97d-d965ccfc6d4b" outcome="Passed" testListId="8c84fa94-04c1-424b-9868-57a2d4851a1d" relativeResultsDirectory="bf400fbd-52fc-4d90-ae51-ee26e02a1747" />
    <UnitTestResult executionId="244afc0c-9017-4671-a9e9-6786704c8013" testId="08b0137c-0bdc-e87f-be30-d8edbdf991c1" testName="FormatToStringTest1000(5507.360659962688d,&quot;5507.36 zł&quot;)" computerName="DESKTOP-5URQ9PB" duration="00:00:00.0000180" startTime="2022-06-13T21:12:51.3338835+02:00" endTime="2022-06-13T21:12:51.3339013+02:00" testType="13cdc9d9-ddb5-4fa4-a97d-d965ccfc6d4b" outcome="Passed" testListId="8c84fa94-04c1-424b-9868-57a2d4851a1d" relativeResultsDirectory="244afc0c-9017-4671-a9e9-6786704c8013" />
    <UnitTestResult executionId="1a071fd0-8be1-4af9-97af-ce6c4d650d88" testId="adc5ef62-1184-5cc3-ec81-b0b338d88e48" testName="FormatToStringTest1000(3799.9216302064815d,&quot;3799.92 zł&quot;)" computerName="DESKTOP-5URQ9PB" duration="00:00:00.0000180" startTime="2022-06-13T21:12:51.3191348+02:00" endTime="2022-06-13T21:12:51.3191524+02:00" testType="13cdc9d9-ddb5-4fa4-a97d-d965ccfc6d4b" outcome="Passed" testListId="8c84fa94-04c1-424b-9868-57a2d4851a1d" relativeResultsDirectory="1a071fd0-8be1-4af9-97af-ce6c4d650d88" />
    <UnitTestResult executionId="c09d08ae-7e34-4d18-91a5-4248eab36db0" testId="29116375-ac95-4d53-91ed-53d27bf037c6" testName="FormatToStringTest1000(33251.41907856028d,&quot;33251.42 zł&quot;)" computerName="DESKTOP-5URQ9PB" duration="00:00:00.0000190" startTime="2022-06-13T21:12:51.3139499+02:00" endTime="2022-06-13T21:12:51.3139691+02:00" testType="13cdc9d9-ddb5-4fa4-a97d-d965ccfc6d4b" outcome="Passed" testListId="8c84fa94-04c1-424b-9868-57a2d4851a1d" relativeResultsDirectory="c09d08ae-7e34-4d18-91a5-4248eab36db0" />
    <UnitTestResult executionId="fd274353-157b-45da-a8a9-a2a564393924" testId="83a97307-8552-7789-5b14-74a21c8cbcd2" testName="FormatToStringTest1000(45455.14554704127d,&quot;45455.15 zł&quot;)" computerName="DESKTOP-5URQ9PB" duration="00:00:00.0000180" startTime="2022-06-13T21:12:51.3203710+02:00" endTime="2022-06-13T21:12:51.3203888+02:00" testType="13cdc9d9-ddb5-4fa4-a97d-d965ccfc6d4b" outcome="Passed" testListId="8c84fa94-04c1-424b-9868-57a2d4851a1d" relativeResultsDirectory="fd274353-157b-45da-a8a9-a2a564393924" />
    <UnitTestResult executionId="3c189bba-8485-46e0-9e27-7aeb5a676c4d" testId="7265e4fd-f7ba-8572-e525-8b365c7360c6" testName="FormatToStringTest1000(21961.272673999552d,&quot;21961.27 zł&quot;)" computerName="DESKTOP-5URQ9PB" duration="00:00:00.0000180" startTime="2022-06-13T21:12:51.3124724+02:00" endTime="2022-06-13T21:12:51.3124903+02:00" testType="13cdc9d9-ddb5-4fa4-a97d-d965ccfc6d4b" outcome="Passed" testListId="8c84fa94-04c1-424b-9868-57a2d4851a1d" relativeResultsDirectory="3c189bba-8485-46e0-9e27-7aeb5a676c4d" />
    <UnitTestResult executionId="60bd5f2e-44b7-4e20-ae70-d103b97f714f" testId="de7a0ae7-aa58-be18-206b-2d44f2e86ead" testName="FormatToStringTest1000(20552.966022956633d,&quot;20552.97 zł&quot;)" computerName="DESKTOP-5URQ9PB" duration="00:00:00.0000180" startTime="2022-06-13T21:12:51.3250721+02:00" endTime="2022-06-13T21:12:51.3250900+02:00" testType="13cdc9d9-ddb5-4fa4-a97d-d965ccfc6d4b" outcome="Passed" testListId="8c84fa94-04c1-424b-9868-57a2d4851a1d" relativeResultsDirectory="60bd5f2e-44b7-4e20-ae70-d103b97f714f" />
    <UnitTestResult executionId="284f1c05-7112-4c2f-a4e6-bec11fcaae1c" testId="aadeeabc-272f-9cbf-16ad-69443e81df6f" testName="FormatToStringTest1000(3846.644792262765d,&quot;3846.64 zł&quot;)" computerName="DESKTOP-5URQ9PB" duration="00:00:00.0000190" startTime="2022-06-13T21:12:51.3163804+02:00" endTime="2022-06-13T21:12:51.3163991+02:00" testType="13cdc9d9-ddb5-4fa4-a97d-d965ccfc6d4b" outcome="Passed" testListId="8c84fa94-04c1-424b-9868-57a2d4851a1d" relativeResultsDirectory="284f1c05-7112-4c2f-a4e6-bec11fcaae1c" />
    <UnitTestResult executionId="52293dd2-e23e-4009-ade8-6b1a884476f0" testId="a1315833-0fe6-4fc5-8939-3c4f1b31db5e" testName="FormatToStringTest1000(26223.99769144412d,&quot;26224.00 zł&quot;)" computerName="DESKTOP-5URQ9PB" duration="00:00:00.0000180" startTime="2022-06-13T21:12:51.3139755+02:00" endTime="2022-06-13T21:12:51.3139934+02:00" testType="13cdc9d9-ddb5-4fa4-a97d-d965ccfc6d4b" outcome="Passed" testListId="8c84fa94-04c1-424b-9868-57a2d4851a1d" relativeResultsDirectory="52293dd2-e23e-4009-ade8-6b1a884476f0" />
    <UnitTestResult executionId="15f0d928-624b-4902-8b5b-694b5a3e79ca" testId="ecf86b56-1ec1-9984-97f9-65e2b8a0e550" testName="FormatToStringTest1000(24957.469502810607d,&quot;24957.47 zł&quot;)" computerName="DESKTOP-5URQ9PB" duration="00:00:00.0000180" startTime="2022-06-13T21:12:51.3111134+02:00" endTime="2022-06-13T21:12:51.3111313+02:00" testType="13cdc9d9-ddb5-4fa4-a97d-d965ccfc6d4b" outcome="Passed" testListId="8c84fa94-04c1-424b-9868-57a2d4851a1d" relativeResultsDirectory="15f0d928-624b-4902-8b5b-694b5a3e79ca" />
    <UnitTestResult executionId="536dcfe7-80c7-4ba2-bc22-7258c4441771" testId="4e59f6e9-d495-6f3f-64b9-ac28a5eaac72" testName="FormatToStringTest1000(8242.419043611d,&quot;8242.42 zł&quot;)" computerName="DESKTOP-5URQ9PB" duration="00:00:00.0000190" startTime="2022-06-13T21:12:51.3305813+02:00" endTime="2022-06-13T21:12:51.3306001+02:00" testType="13cdc9d9-ddb5-4fa4-a97d-d965ccfc6d4b" outcome="Passed" testListId="8c84fa94-04c1-424b-9868-57a2d4851a1d" relativeResultsDirectory="536dcfe7-80c7-4ba2-bc22-7258c4441771" />
    <UnitTestResult executionId="17dfee7e-0f92-405f-afa0-7f50cbaa9f12" testId="b707b6dd-6efb-76f3-be89-5a3ace5192c9" testName="FormatToStringTest1000(8599.45217413616d,&quot;8599.45 zł&quot;)" computerName="DESKTOP-5URQ9PB" duration="00:00:00.0000190" startTime="2022-06-13T21:12:51.3146684+02:00" endTime="2022-06-13T21:12:51.3146870+02:00" testType="13cdc9d9-ddb5-4fa4-a97d-d965ccfc6d4b" outcome="Passed" testListId="8c84fa94-04c1-424b-9868-57a2d4851a1d" relativeResultsDirectory="17dfee7e-0f92-405f-afa0-7f50cbaa9f12" />
    <UnitTestResult executionId="1e330dee-ea82-47e2-9a63-479208249e6d" testId="d0b4fe44-6c66-e0d0-90f7-7f93ef97fe01" testName="FormatToStringTest1000(14172.682747822573d,&quot;14172.68 zł&quot;)" computerName="DESKTOP-5URQ9PB" duration="00:00:00.0000200" startTime="2022-06-13T21:12:51.3112927+02:00" endTime="2022-06-13T21:12:51.3113127+02:00" testType="13cdc9d9-ddb5-4fa4-a97d-d965ccfc6d4b" outcome="Passed" testListId="8c84fa94-04c1-424b-9868-57a2d4851a1d" relativeResultsDirectory="1e330dee-ea82-47e2-9a63-479208249e6d" />
    <UnitTestResult executionId="bd4c798e-8f63-425b-95ea-4fe2654fac02" testId="341610ea-9bd8-25a4-90fc-740a57823f92" testName="FormatToStringTest1000(4648.492795337221d,&quot;4648.49 zł&quot;)" computerName="DESKTOP-5URQ9PB" duration="00:00:00.0000190" startTime="2022-06-13T21:12:51.3203219+02:00" endTime="2022-06-13T21:12:51.3203403+02:00" testType="13cdc9d9-ddb5-4fa4-a97d-d965ccfc6d4b" outcome="Passed" testListId="8c84fa94-04c1-424b-9868-57a2d4851a1d" relativeResultsDirectory="bd4c798e-8f63-425b-95ea-4fe2654fac02" />
    <UnitTestResult executionId="a6295d35-4213-43bf-a2db-a20ca248ca4d" testId="8f24487f-448e-3b5a-351c-88c069a107d6" testName="FormatToStringTest1000(56286.70397975702d,&quot;56286.70 zł&quot;)" computerName="DESKTOP-5URQ9PB" duration="00:00:00.0000180" startTime="2022-06-13T21:12:51.3276434+02:00" endTime="2022-06-13T21:12:51.3276617+02:00" testType="13cdc9d9-ddb5-4fa4-a97d-d965ccfc6d4b" outcome="Passed" testListId="8c84fa94-04c1-424b-9868-57a2d4851a1d" relativeResultsDirectory="a6295d35-4213-43bf-a2db-a20ca248ca4d" />
    <UnitTestResult executionId="1bdba21f-9303-433e-a020-228e90b028ca" testId="41ef5fd9-da1d-a61b-4faa-45b077dd05bc" testName="FormatToStringTest1000(80609.94377465078d,&quot;80609.94 zł&quot;)" computerName="DESKTOP-5URQ9PB" duration="00:00:00.0000190" startTime="2022-06-13T21:12:51.3111377+02:00" endTime="2022-06-13T21:12:51.3111560+02:00" testType="13cdc9d9-ddb5-4fa4-a97d-d965ccfc6d4b" outcome="Passed" testListId="8c84fa94-04c1-424b-9868-57a2d4851a1d" relativeResultsDirectory="1bdba21f-9303-433e-a020-228e90b028ca" />
    <UnitTestResult executionId="3e0dc7d1-e636-4498-bace-1cd4e9925723" testId="a6878771-c471-f5b9-95dc-467df24cdd5b" testName="FormatToStringTest1000(823.2747994560166d,&quot;823.27 zł&quot;)" computerName="DESKTOP-5URQ9PB" duration="00:00:00.0000190" startTime="2022-06-13T21:12:51.3296875+02:00" endTime="2022-06-13T21:12:51.3297063+02:00" testType="13cdc9d9-ddb5-4fa4-a97d-d965ccfc6d4b" outcome="Passed" testListId="8c84fa94-04c1-424b-9868-57a2d4851a1d" relativeResultsDirectory="3e0dc7d1-e636-4498-bace-1cd4e9925723" />
    <UnitTestResult executionId="83f3d7fd-9b99-47cb-93aa-ae92ed118d0e" testId="193f831d-c7c9-ac41-bc1b-9798c85535ca" testName="FormatToStringTest1000(26529.10838037036d,&quot;26529.11 zł&quot;)" computerName="DESKTOP-5URQ9PB" duration="00:00:00.0000180" startTime="2022-06-13T21:12:51.3340795+02:00" endTime="2022-06-13T21:12:51.3340973+02:00" testType="13cdc9d9-ddb5-4fa4-a97d-d965ccfc6d4b" outcome="Passed" testListId="8c84fa94-04c1-424b-9868-57a2d4851a1d" relativeResultsDirectory="83f3d7fd-9b99-47cb-93aa-ae92ed118d0e" />
    <UnitTestResult executionId="e77924ba-2301-4e1f-8b54-5ef394c43806" testId="5667c806-5b5f-868c-360c-740b6f484339" testName="FormatToStringTest1000(22604.838218828587d,&quot;22604.84 zł&quot;)" computerName="DESKTOP-5URQ9PB" duration="00:00:00.0000190" startTime="2022-06-13T21:12:51.3114564+02:00" endTime="2022-06-13T21:12:51.3114755+02:00" testType="13cdc9d9-ddb5-4fa4-a97d-d965ccfc6d4b" outcome="Passed" testListId="8c84fa94-04c1-424b-9868-57a2d4851a1d" relativeResultsDirectory="e77924ba-2301-4e1f-8b54-5ef394c43806" />
    <UnitTestResult executionId="ec83f29d-923d-4f8d-8b18-c1d2c9b17bf6" testId="637dad56-8638-805e-9abd-b089900557c0" testName="FormatToStringTest1000(598.1279707877561d,&quot;598.13 zł&quot;)" computerName="DESKTOP-5URQ9PB" duration="00:00:00.0000180" startTime="2022-06-13T21:12:51.3269453+02:00" endTime="2022-06-13T21:12:51.3269628+02:00" testType="13cdc9d9-ddb5-4fa4-a97d-d965ccfc6d4b" outcome="Passed" testListId="8c84fa94-04c1-424b-9868-57a2d4851a1d" relativeResultsDirectory="ec83f29d-923d-4f8d-8b18-c1d2c9b17bf6" />
    <UnitTestResult executionId="d65566c8-9c6f-409a-9459-fe3374f15985" testId="958c8c55-b3b0-31c1-8935-1d44afe5a8c0" testName="FormatToStringTest1000(9754.291367935619d,&quot;9754.29 zł&quot;)" computerName="DESKTOP-5URQ9PB" duration="00:00:00.0000210" startTime="2022-06-13T21:12:51.3379785+02:00" endTime="2022-06-13T21:12:51.3379990+02:00" testType="13cdc9d9-ddb5-4fa4-a97d-d965ccfc6d4b" outcome="Passed" testListId="8c84fa94-04c1-424b-9868-57a2d4851a1d" relativeResultsDirectory="d65566c8-9c6f-409a-9459-fe3374f15985" />
    <UnitTestResult executionId="07b5c41f-604e-408e-8342-79a5aab15dfe" testId="91285e79-b6fd-7585-384e-bbf4da4c2bcd" testName="FormatToStringTest1000(48084.94422955389d,&quot;48084.94 zł&quot;)" computerName="DESKTOP-5URQ9PB" duration="00:00:00.0000190" startTime="2022-06-13T21:12:51.3197780+02:00" endTime="2022-06-13T21:12:51.3197964+02:00" testType="13cdc9d9-ddb5-4fa4-a97d-d965ccfc6d4b" outcome="Passed" testListId="8c84fa94-04c1-424b-9868-57a2d4851a1d" relativeResultsDirectory="07b5c41f-604e-408e-8342-79a5aab15dfe" />
    <UnitTestResult executionId="78280f52-12ba-46bc-b7a1-2905a4c33179" testId="72c240ff-79c5-ef41-5967-e3c497b7b2c0" testName="FormatToStringTest1000(12125.090155628086d,&quot;12125.09 zł&quot;)" computerName="DESKTOP-5URQ9PB" duration="00:00:00.0000190" startTime="2022-06-13T21:12:51.3182688+02:00" endTime="2022-06-13T21:12:51.3182879+02:00" testType="13cdc9d9-ddb5-4fa4-a97d-d965ccfc6d4b" outcome="Passed" testListId="8c84fa94-04c1-424b-9868-57a2d4851a1d" relativeResultsDirectory="78280f52-12ba-46bc-b7a1-2905a4c33179" />
    <UnitTestResult executionId="a87fa9b6-77cc-46f4-96d9-5d4ac95a4f18" testId="99e6fef3-9023-2c5a-5c8b-926a855c5d84" testName="FormatToStringTest1000(3431.864349926759d,&quot;3431.86 zł&quot;)" computerName="DESKTOP-5URQ9PB" duration="00:00:00.0000190" startTime="2022-06-13T21:12:51.3292123+02:00" endTime="2022-06-13T21:12:51.3292309+02:00" testType="13cdc9d9-ddb5-4fa4-a97d-d965ccfc6d4b" outcome="Passed" testListId="8c84fa94-04c1-424b-9868-57a2d4851a1d" relativeResultsDirectory="a87fa9b6-77cc-46f4-96d9-5d4ac95a4f18" />
    <UnitTestResult executionId="a16f9b46-7be9-4ad4-b729-dc8b46fe4708" testId="184b236a-96f5-5ef7-81e9-55fd01a96b10" testName="FormatToStringTest1000(5855.75080885354d,&quot;5855.75 zł&quot;)" computerName="DESKTOP-5URQ9PB" duration="00:00:00.0000180" startTime="2022-06-13T21:12:51.3282911+02:00" endTime="2022-06-13T21:12:51.3283090+02:00" testType="13cdc9d9-ddb5-4fa4-a97d-d965ccfc6d4b" outcome="Passed" testListId="8c84fa94-04c1-424b-9868-57a2d4851a1d" relativeResultsDirectory="a16f9b46-7be9-4ad4-b729-dc8b46fe4708" />
    <UnitTestResult executionId="ce6caa5c-a350-4c1b-b7c8-18631e0d944f" testId="e7e966d4-e5d2-6514-5e34-60687297029b" testName="FormatToStringTest1000(22189.78731674132d,&quot;22189.79 zł&quot;)" computerName="DESKTOP-5URQ9PB" duration="00:00:00.0000180" startTime="2022-06-13T21:12:51.3243027+02:00" endTime="2022-06-13T21:12:51.3243206+02:00" testType="13cdc9d9-ddb5-4fa4-a97d-d965ccfc6d4b" outcome="Passed" testListId="8c84fa94-04c1-424b-9868-57a2d4851a1d" relativeResultsDirectory="ce6caa5c-a350-4c1b-b7c8-18631e0d944f" />
    <UnitTestResult executionId="b9ed8551-28c2-452a-b22e-88f89ad458bc" testId="c1a27935-5451-ecaa-f0f8-7b140e2bc422" testName="FormatToStringTest1000(27794.8671353957d,&quot;27794.87 zł&quot;)" computerName="DESKTOP-5URQ9PB" duration="00:00:00.0000190" startTime="2022-06-13T21:12:51.3283152+02:00" endTime="2022-06-13T21:12:51.3283338+02:00" testType="13cdc9d9-ddb5-4fa4-a97d-d965ccfc6d4b" outcome="Passed" testListId="8c84fa94-04c1-424b-9868-57a2d4851a1d" relativeResultsDirectory="b9ed8551-28c2-452a-b22e-88f89ad458bc" />
    <UnitTestResult executionId="d8d4cf79-aed5-4fb7-a947-0138c0e38a8b" testId="ebee2a3c-e88d-7c65-2391-8d47991a3a48" testName="FormatToStringTest1000(31799.68317462815d,&quot;31799.68 zł&quot;)" computerName="DESKTOP-5URQ9PB" duration="00:00:00.0000180" startTime="2022-06-13T21:12:51.3246052+02:00" endTime="2022-06-13T21:12:51.3246234+02:00" testType="13cdc9d9-ddb5-4fa4-a97d-d965ccfc6d4b" outcome="Passed" testListId="8c84fa94-04c1-424b-9868-57a2d4851a1d" relativeResultsDirectory="d8d4cf79-aed5-4fb7-a947-0138c0e38a8b" />
    <UnitTestResult executionId="50cc3018-8a8c-41d4-a2b5-2dc28e5b90fd" testId="a72152f5-7a61-c574-c2ee-c9a3ca6ccab7" testName="FormatToStringTest1000(22831.975917587977d,&quot;22831.98 zł&quot;)" computerName="DESKTOP-5URQ9PB" duration="00:00:00.0000180" startTime="2022-06-13T21:12:51.3236102+02:00" endTime="2022-06-13T21:12:51.3236280+02:00" testType="13cdc9d9-ddb5-4fa4-a97d-d965ccfc6d4b" outcome="Passed" testListId="8c84fa94-04c1-424b-9868-57a2d4851a1d" relativeResultsDirectory="50cc3018-8a8c-41d4-a2b5-2dc28e5b90fd" />
    <UnitTestResult executionId="363ff14b-30b4-4f93-bafc-ed07891493a2" testId="d147ccf7-2e90-d95d-62de-1759c3690066" testName="FormatToStringTest1000(74152.7503934562d,&quot;74152.75 zł&quot;)" computerName="DESKTOP-5URQ9PB" duration="00:00:00.0000190" startTime="2022-06-13T21:12:51.3201494+02:00" endTime="2022-06-13T21:12:51.3201682+02:00" testType="13cdc9d9-ddb5-4fa4-a97d-d965ccfc6d4b" outcome="Passed" testListId="8c84fa94-04c1-424b-9868-57a2d4851a1d" relativeResultsDirectory="363ff14b-30b4-4f93-bafc-ed07891493a2" />
    <UnitTestResult executionId="fb61345a-52cd-4a40-be4e-c5bfcc5ca9da" testId="99d674fc-9d36-ee84-15f3-75180d0ffbf0" testName="FormatToStringTest1000(9818.257405763146d,&quot;9818.26 zł&quot;)" computerName="DESKTOP-5URQ9PB" duration="00:00:00.0000180" startTime="2022-06-13T21:12:51.3283651+02:00" endTime="2022-06-13T21:12:51.3283834+02:00" testType="13cdc9d9-ddb5-4fa4-a97d-d965ccfc6d4b" outcome="Passed" testListId="8c84fa94-04c1-424b-9868-57a2d4851a1d" relativeResultsDirectory="fb61345a-52cd-4a40-be4e-c5bfcc5ca9da" />
    <UnitTestResult executionId="70267f2d-f18c-4616-aa16-85ad6c9d0092" testId="2287085c-f0e1-b4ec-fa14-c4512658a9fe" testName="FormatToStringTest1000(6262.373413993219d,&quot;6262.37 zł&quot;)" computerName="DESKTOP-5URQ9PB" duration="00:00:00.0000180" startTime="2022-06-13T21:12:51.3186448+02:00" endTime="2022-06-13T21:12:51.3186627+02:00" testType="13cdc9d9-ddb5-4fa4-a97d-d965ccfc6d4b" outcome="Passed" testListId="8c84fa94-04c1-424b-9868-57a2d4851a1d" relativeResultsDirectory="70267f2d-f18c-4616-aa16-85ad6c9d0092" />
    <UnitTestResult executionId="2ac44179-4bb2-476f-90e2-1e78455e78ac" testId="419ecc87-d9c8-28c4-00c0-ef118e7ae268" testName="FormatToStringTest1000(24729.333280806586d,&quot;24729.33 zł&quot;)" computerName="DESKTOP-5URQ9PB" duration="00:00:00.0000190" startTime="2022-06-13T21:12:51.3255183+02:00" endTime="2022-06-13T21:12:51.3255368+02:00" testType="13cdc9d9-ddb5-4fa4-a97d-d965ccfc6d4b" outcome="Passed" testListId="8c84fa94-04c1-424b-9868-57a2d4851a1d" relativeResultsDirectory="2ac44179-4bb2-476f-90e2-1e78455e78ac" />
    <UnitTestResult executionId="3f0dbf36-b791-4717-99f1-87dd37dd1d63" testId="600c9577-9456-49fc-a1f1-839a5e62cae7" testName="FormatToStringTest1000(47964.941885361884d,&quot;47964.94 zł&quot;)" computerName="DESKTOP-5URQ9PB" duration="00:00:00.0000190" startTime="2022-06-13T21:12:51.3139996+02:00" endTime="2022-06-13T21:12:51.3140186+02:00" testType="13cdc9d9-ddb5-4fa4-a97d-d965ccfc6d4b" outcome="Passed" testListId="8c84fa94-04c1-424b-9868-57a2d4851a1d" relativeResultsDirectory="3f0dbf36-b791-4717-99f1-87dd37dd1d63" />
    <UnitTestResult executionId="e01229df-67bb-44ca-90a4-f52028ee1526" testId="4860ad68-0544-30ce-66fd-690992dae18e" testName="FormatToStringTest1000(49256.65708813195d,&quot;49256.66 zł&quot;)" computerName="DESKTOP-5URQ9PB" duration="00:00:00.0000190" startTime="2022-06-13T21:12:51.3274933+02:00" endTime="2022-06-13T21:12:51.3275125+02:00" testType="13cdc9d9-ddb5-4fa4-a97d-d965ccfc6d4b" outcome="Passed" testListId="8c84fa94-04c1-424b-9868-57a2d4851a1d" relativeResultsDirectory="e01229df-67bb-44ca-90a4-f52028ee1526" />
    <UnitTestResult executionId="830fb6ac-6b3a-4dea-8a1a-cdc9b031c57e" testId="d00dfd16-6967-b6b7-0f2f-9403bdf758f6" testName="FormatToStringTest1000(86.89546322771136d,&quot;86.90 zł&quot;)" computerName="DESKTOP-5URQ9PB" duration="00:00:00.0000190" startTime="2022-06-13T21:12:51.3113439+02:00" endTime="2022-06-13T21:12:51.3113627+02:00" testType="13cdc9d9-ddb5-4fa4-a97d-d965ccfc6d4b" outcome="Passed" testListId="8c84fa94-04c1-424b-9868-57a2d4851a1d" relativeResultsDirectory="830fb6ac-6b3a-4dea-8a1a-cdc9b031c57e" />
    <UnitTestResult executionId="4c5d019f-188e-47e5-bec2-207061998fb2" testId="395d9b70-68ea-107f-3853-872b2d76bcc2" testName="FormatToStringTest1000(17000.070169619317d,&quot;17000.07 zł&quot;)" computerName="DESKTOP-5URQ9PB" duration="00:00:00.0000180" startTime="2022-06-13T21:12:51.3345775+02:00" endTime="2022-06-13T21:12:51.3345958+02:00" testType="13cdc9d9-ddb5-4fa4-a97d-d965ccfc6d4b" outcome="Passed" testListId="8c84fa94-04c1-424b-9868-57a2d4851a1d" relativeResultsDirectory="4c5d019f-188e-47e5-bec2-207061998fb2" />
    <UnitTestResult executionId="17ae4d26-5c2e-4db6-8bdd-1dac7ffd9de6" testId="23adbcea-fc51-4a16-9d4b-141d8a8f1fb7" testName="FormatToStringTest1000(32359.431438434138d,&quot;32359.43 zł&quot;)" computerName="DESKTOP-5URQ9PB" duration="00:00:00.0000190" startTime="2022-06-13T21:12:51.3302297+02:00" endTime="2022-06-13T21:12:51.3302482+02:00" testType="13cdc9d9-ddb5-4fa4-a97d-d965ccfc6d4b" outcome="Passed" testListId="8c84fa94-04c1-424b-9868-57a2d4851a1d" relativeResultsDirectory="17ae4d26-5c2e-4db6-8bdd-1dac7ffd9de6" />
    <UnitTestResult executionId="5d883c47-cdd1-4357-a59a-cb06af46c57f" testId="6ce0d4c6-4820-8d4a-179e-2d433a32b3e2" testName="FormatToStringTest1000(7202.052143613367d,&quot;7202.05 zł&quot;)" computerName="DESKTOP-5URQ9PB" duration="00:00:00.0000180" startTime="2022-06-13T21:12:51.3296135+02:00" endTime="2022-06-13T21:12:51.3296315+02:00" testType="13cdc9d9-ddb5-4fa4-a97d-d965ccfc6d4b" outcome="Passed" testListId="8c84fa94-04c1-424b-9868-57a2d4851a1d" relativeResultsDirectory="5d883c47-cdd1-4357-a59a-cb06af46c57f" />
    <UnitTestResult executionId="8fc03f81-bc46-4acb-873c-19c5be82b094" testId="0ffbfc26-0b88-0610-8454-a3e10982707b" testName="FormatToStringTest1000(41368.29672956015d,&quot;41368.30 zł&quot;)" computerName="DESKTOP-5URQ9PB" duration="00:00:00.0000180" startTime="2022-06-13T21:12:51.3163563+02:00" endTime="2022-06-13T21:12:51.3163741+02:00" testType="13cdc9d9-ddb5-4fa4-a97d-d965ccfc6d4b" outcome="Passed" testListId="8c84fa94-04c1-424b-9868-57a2d4851a1d" relativeResultsDirectory="8fc03f81-bc46-4acb-873c-19c5be82b094" />
    <UnitTestResult executionId="1b9618a2-7f65-4c36-a4d5-b69f361bc8f6" testId="6c604da3-7f27-8f64-ea2d-ce727d182abb" testName="FormatToStringTest1000(4823.904478896365d,&quot;4823.90 zł&quot;)" computerName="DESKTOP-5URQ9PB" duration="00:00:00.0000190" startTime="2022-06-13T21:12:51.3274436+02:00" endTime="2022-06-13T21:12:51.3274625+02:00" testType="13cdc9d9-ddb5-4fa4-a97d-d965ccfc6d4b" outcome="Passed" testListId="8c84fa94-04c1-424b-9868-57a2d4851a1d" relativeResultsDirectory="1b9618a2-7f65-4c36-a4d5-b69f361bc8f6" />
    <UnitTestResult executionId="51c25f88-431c-464e-9d11-5a1ed046506c" testId="aff0dd6a-515d-d68f-384c-79614af1fe73" testName="FormatToStringTest1000(14063.90676654871d,&quot;14063.91 zł&quot;)" computerName="DESKTOP-5URQ9PB" duration="00:00:00.0000180" startTime="2022-06-13T21:12:51.3275438+02:00" endTime="2022-06-13T21:12:51.3275618+02:00" testType="13cdc9d9-ddb5-4fa4-a97d-d965ccfc6d4b" outcome="Passed" testListId="8c84fa94-04c1-424b-9868-57a2d4851a1d" relativeResultsDirectory="51c25f88-431c-464e-9d11-5a1ed046506c" />
    <UnitTestResult executionId="5f7fd290-8fd7-4867-99ca-9079700e97b9" testId="7806c973-d637-45cf-930a-0b315d29c540" testName="FormatToStringTest1000(15822.278766386342d,&quot;15822.28 zł&quot;)" computerName="DESKTOP-5URQ9PB" duration="00:00:00.0000180" startTime="2022-06-13T21:12:51.3188156+02:00" endTime="2022-06-13T21:12:51.3188336+02:00" testType="13cdc9d9-ddb5-4fa4-a97d-d965ccfc6d4b" outcome="Passed" testListId="8c84fa94-04c1-424b-9868-57a2d4851a1d" relativeResultsDirectory="5f7fd290-8fd7-4867-99ca-9079700e97b9" />
    <UnitTestResult executionId="49581145-bfa4-4f19-809c-463a076f07dd" testId="dd25fada-bd11-6a30-c38c-abafcc1ac188" testName="FormatToStringTest1000(44499.288016808816d,&quot;44499.29 zł&quot;)" computerName="DESKTOP-5URQ9PB" duration="00:00:00.0000180" startTime="2022-06-13T21:12:51.3216003+02:00" endTime="2022-06-13T21:12:51.3216183+02:00" testType="13cdc9d9-ddb5-4fa4-a97d-d965ccfc6d4b" outcome="Passed" testListId="8c84fa94-04c1-424b-9868-57a2d4851a1d" relativeResultsDirectory="49581145-bfa4-4f19-809c-463a076f07dd" />
    <UnitTestResult executionId="dfd9a145-ed98-49ab-8f50-9dd39bf25558" testId="c769eba8-ab90-c528-a852-a01f625e896b" testName="FormatToStringTest1000(4919.073526169674d,&quot;4919.07 zł&quot;)" computerName="DESKTOP-5URQ9PB" duration="00:00:00.0000190" startTime="2022-06-13T21:12:51.3168579+02:00" endTime="2022-06-13T21:12:51.3168766+02:00" testType="13cdc9d9-ddb5-4fa4-a97d-d965ccfc6d4b" outcome="Passed" testListId="8c84fa94-04c1-424b-9868-57a2d4851a1d" relativeResultsDirectory="dfd9a145-ed98-49ab-8f50-9dd39bf25558" />
    <UnitTestResult executionId="bfa5b7ac-0995-4ef9-a060-ce2c1261e86e" testId="7724a5ae-1858-243b-d346-491db16f98e9" testName="FormatToStringTest1000(79764.77845563217d,&quot;79764.78 zł&quot;)" computerName="DESKTOP-5URQ9PB" duration="00:00:00.0000180" startTime="2022-06-13T21:12:51.3171774+02:00" endTime="2022-06-13T21:12:51.3171953+02:00" testType="13cdc9d9-ddb5-4fa4-a97d-d965ccfc6d4b" outcome="Passed" testListId="8c84fa94-04c1-424b-9868-57a2d4851a1d" relativeResultsDirectory="bfa5b7ac-0995-4ef9-a060-ce2c1261e86e" />
    <UnitTestResult executionId="81c6a72f-1a3c-4d21-b277-f2c6b360dc26" testId="9c484d5b-265a-2c6e-537b-f37cd91a7473" testName="FormatToStringTest1000(56373.35086238494d,&quot;56373.35 zł&quot;)" computerName="DESKTOP-5URQ9PB" duration="00:00:00.0000180" startTime="2022-06-13T21:12:51.3192336+02:00" endTime="2022-06-13T21:12:51.3192516+02:00" testType="13cdc9d9-ddb5-4fa4-a97d-d965ccfc6d4b" outcome="Passed" testListId="8c84fa94-04c1-424b-9868-57a2d4851a1d" relativeResultsDirectory="81c6a72f-1a3c-4d21-b277-f2c6b360dc26" />
    <UnitTestResult executionId="8dca8d72-eb90-4b90-8577-5be33a535f89" testId="5e7725a9-9983-9545-b4e7-12fe284e2a95" testName="FormatToStringTest1000(89093.57120939044d,&quot;89093.57 zł&quot;)" computerName="DESKTOP-5URQ9PB" duration="00:00:00.0000190" startTime="2022-06-13T21:12:51.3297368+02:00" endTime="2022-06-13T21:12:51.3297551+02:00" testType="13cdc9d9-ddb5-4fa4-a97d-d965ccfc6d4b" outcome="Passed" testListId="8c84fa94-04c1-424b-9868-57a2d4851a1d" relativeResultsDirectory="8dca8d72-eb90-4b90-8577-5be33a535f89" />
    <UnitTestResult executionId="fd961b93-6834-4057-96ea-110547eba602" testId="57ff7061-f165-0166-a6d9-95fdfc400dea" testName="FormatToStringTest1000(10324.538670147089d,&quot;10324.54 zł&quot;)" computerName="DESKTOP-5URQ9PB" duration="00:00:00.0000180" startTime="2022-06-13T21:12:51.3257635+02:00" endTime="2022-06-13T21:12:51.3257816+02:00" testType="13cdc9d9-ddb5-4fa4-a97d-d965ccfc6d4b" outcome="Passed" testListId="8c84fa94-04c1-424b-9868-57a2d4851a1d" relativeResultsDirectory="fd961b93-6834-4057-96ea-110547eba602" />
    <UnitTestResult executionId="47f9e4bd-8f63-4fee-a04b-091a380d7d42" testId="b7b5c3d9-6be3-63ed-4bf9-77972c7bde14" testName="FormatToStringTest1000(1745.490603896552d,&quot;1745.49 zł&quot;)" computerName="DESKTOP-5URQ9PB" duration="00:00:00.0000190" startTime="2022-06-13T21:12:51.3158370+02:00" endTime="2022-06-13T21:12:51.3158555+02:00" testType="13cdc9d9-ddb5-4fa4-a97d-d965ccfc6d4b" outcome="Passed" testListId="8c84fa94-04c1-424b-9868-57a2d4851a1d" relativeResultsDirectory="47f9e4bd-8f63-4fee-a04b-091a380d7d42" />
    <UnitTestResult executionId="e148f4fd-3129-4b15-9115-3193094b736c" testId="826ac225-455e-4413-4415-8bc54c5b4d09" testName="FormatToStringTest1000(10501.127379151585d,&quot;10501.13 zł&quot;)" computerName="DESKTOP-5URQ9PB" duration="00:00:00.0000190" startTime="2022-06-13T21:12:51.3199768+02:00" endTime="2022-06-13T21:12:51.3199955+02:00" testType="13cdc9d9-ddb5-4fa4-a97d-d965ccfc6d4b" outcome="Passed" testListId="8c84fa94-04c1-424b-9868-57a2d4851a1d" relativeResultsDirectory="e148f4fd-3129-4b15-9115-3193094b736c" />
    <UnitTestResult executionId="f4083ad8-49a4-4133-baf5-0ccb9d63fc22" testId="a791af51-cffc-4361-1fd8-8baf48da92e6" testName="FormatToStringTest1000(15639.704937780603d,&quot;15639.70 zł&quot;)" computerName="DESKTOP-5URQ9PB" duration="00:00:00.0000190" startTime="2022-06-13T21:12:51.3117522+02:00" endTime="2022-06-13T21:12:51.3117714+02:00" testType="13cdc9d9-ddb5-4fa4-a97d-d965ccfc6d4b" outcome="Passed" testListId="8c84fa94-04c1-424b-9868-57a2d4851a1d" relativeResultsDirectory="f4083ad8-49a4-4133-baf5-0ccb9d63fc22" />
    <UnitTestResult executionId="f8109acf-0ee1-4fca-9e96-689ba928832c" testId="cb9006f5-cf8f-a741-60da-88003562c888" testName="FormatToStringTest1000(12308.022158465357d,&quot;12308.02 zł&quot;)" computerName="DESKTOP-5URQ9PB" duration="00:00:00.0000280" startTime="2022-06-13T21:12:51.3204238+02:00" endTime="2022-06-13T21:12:51.3204512+02:00" testType="13cdc9d9-ddb5-4fa4-a97d-d965ccfc6d4b" outcome="Passed" testListId="8c84fa94-04c1-424b-9868-57a2d4851a1d" relativeResultsDirectory="f8109acf-0ee1-4fca-9e96-689ba928832c" />
    <UnitTestResult executionId="717086e5-f32a-4b85-abde-ac87825341e7" testId="96997772-f691-ce37-8af7-583f0500af76" testName="FormatToStringTest1000(6429.44273095552d,&quot;6429.44 zł&quot;)" computerName="DESKTOP-5URQ9PB" duration="00:00:00.0000190" startTime="2022-06-13T21:12:51.3211241+02:00" endTime="2022-06-13T21:12:51.3211424+02:00" testType="13cdc9d9-ddb5-4fa4-a97d-d965ccfc6d4b" outcome="Passed" testListId="8c84fa94-04c1-424b-9868-57a2d4851a1d" relativeResultsDirectory="717086e5-f32a-4b85-abde-ac87825341e7" />
    <UnitTestResult executionId="3ac84daa-2e61-44ae-8925-2a52aafeeb64" testId="279ea0a2-a194-3b23-c2df-f3b9caefacb9" testName="FormatToStringTest1000(5287.3103648714305d,&quot;5287.31 zł&quot;)" computerName="DESKTOP-5URQ9PB" duration="00:00:00.0000190" startTime="2022-06-13T21:12:51.3157134+02:00" endTime="2022-06-13T21:12:51.3157319+02:00" testType="13cdc9d9-ddb5-4fa4-a97d-d965ccfc6d4b" outcome="Passed" testListId="8c84fa94-04c1-424b-9868-57a2d4851a1d" relativeResultsDirectory="3ac84daa-2e61-44ae-8925-2a52aafeeb64" />
    <UnitTestResult executionId="61f0bb85-d96a-4892-b454-b3e19e9e27be" testId="3c275536-ffe1-8830-c363-8f6f56aca6a1" testName="FormatToStringTest1000(22666.13578912995d,&quot;22666.14 zł&quot;)" computerName="DESKTOP-5URQ9PB" duration="00:00:00.0000200" startTime="2022-06-13T21:12:51.3112114+02:00" endTime="2022-06-13T21:12:51.3112306+02:00" testType="13cdc9d9-ddb5-4fa4-a97d-d965ccfc6d4b" outcome="Passed" testListId="8c84fa94-04c1-424b-9868-57a2d4851a1d" relativeResultsDirectory="61f0bb85-d96a-4892-b454-b3e19e9e27be" />
    <UnitTestResult executionId="cebc665d-82cc-440a-ae55-95a35af4a71c" testId="09dc5d9b-3822-771d-84ba-e650ae497aa7" testName="FormatToStringTest1000(22678.795878462864d,&quot;22678.80 zł&quot;)" computerName="DESKTOP-5URQ9PB" duration="00:00:00.0000190" startTime="2022-06-13T21:12:51.3294386+02:00" endTime="2022-06-13T21:12:51.3294577+02:00" testType="13cdc9d9-ddb5-4fa4-a97d-d965ccfc6d4b" outcome="Passed" testListId="8c84fa94-04c1-424b-9868-57a2d4851a1d" relativeResultsDirectory="cebc665d-82cc-440a-ae55-95a35af4a71c" />
    <UnitTestResult executionId="7c2371d8-a8e6-4f25-be53-f00385135303" testId="0f4e158a-5f55-34ac-2195-c457e3f3f9e2" testName="FormatToStringTest1000(52032.65082931176d,&quot;52032.65 zł&quot;)" computerName="DESKTOP-5URQ9PB" duration="00:00:00.0000180" startTime="2022-06-13T21:12:51.3352487+02:00" endTime="2022-06-13T21:12:51.3352664+02:00" testType="13cdc9d9-ddb5-4fa4-a97d-d965ccfc6d4b" outcome="Passed" testListId="8c84fa94-04c1-424b-9868-57a2d4851a1d" relativeResultsDirectory="7c2371d8-a8e6-4f25-be53-f00385135303" />
    <UnitTestResult executionId="9329e43a-b989-40b1-b0d8-aeb1ff4b9e0c" testId="bd91fcf5-5262-be00-7dbb-b8c3fec0f109" testName="FormatToStringTest1000(68507.83928906724d,&quot;68507.84 zł&quot;)" computerName="DESKTOP-5URQ9PB" duration="00:00:00.0000310" startTime="2022-06-13T21:12:51.3322166+02:00" endTime="2022-06-13T21:12:51.3322474+02:00" testType="13cdc9d9-ddb5-4fa4-a97d-d965ccfc6d4b" outcome="Passed" testListId="8c84fa94-04c1-424b-9868-57a2d4851a1d" relativeResultsDirectory="9329e43a-b989-40b1-b0d8-aeb1ff4b9e0c" />
    <UnitTestResult executionId="0d964596-7a7e-4806-b5ca-ace2a4054156" testId="1fa0b0ac-82b7-821b-a6bd-11883f4b16c1" testName="FormatToStringTest1000(30034.922435005625d,&quot;30034.92 zł&quot;)" computerName="DESKTOP-5URQ9PB" duration="00:00:00.0000190" startTime="2022-06-13T21:12:51.3329974+02:00" endTime="2022-06-13T21:12:51.3330160+02:00" testType="13cdc9d9-ddb5-4fa4-a97d-d965ccfc6d4b" outcome="Passed" testListId="8c84fa94-04c1-424b-9868-57a2d4851a1d" relativeResultsDirectory="0d964596-7a7e-4806-b5ca-ace2a4054156" />
    <UnitTestResult executionId="13e3e300-b53b-4dbb-a88b-5464140cf63f" testId="491de118-700b-88eb-ac68-d71ffdabe000" testName="FormatToStringTest1000(63291.50274994015d,&quot;63291.50 zł&quot;)" computerName="DESKTOP-5URQ9PB" duration="00:00:00.0000180" startTime="2022-06-13T21:12:51.3219676+02:00" endTime="2022-06-13T21:12:51.3219856+02:00" testType="13cdc9d9-ddb5-4fa4-a97d-d965ccfc6d4b" outcome="Passed" testListId="8c84fa94-04c1-424b-9868-57a2d4851a1d" relativeResultsDirectory="13e3e300-b53b-4dbb-a88b-5464140cf63f" />
    <UnitTestResult executionId="0ee6f6e8-59ee-47db-afbf-175945bd184e" testId="c2208323-1f95-b32c-0530-4ad682605720" testName="FormatToStringTest1000(96022.24851977557d,&quot;96022.25 zł&quot;)" computerName="DESKTOP-5URQ9PB" duration="00:00:00.0000190" startTime="2022-06-13T21:12:51.3286439+02:00" endTime="2022-06-13T21:12:51.3286622+02:00" testType="13cdc9d9-ddb5-4fa4-a97d-d965ccfc6d4b" outcome="Passed" testListId="8c84fa94-04c1-424b-9868-57a2d4851a1d" relativeResultsDirectory="0ee6f6e8-59ee-47db-afbf-175945bd184e" />
    <UnitTestResult executionId="b35c274e-e428-45a6-acce-478260d765d9" testId="ea9a1ed5-0813-906f-0ed6-0a192bf899e6" testName="FormatToStringTest1000(45299.778512198376d,&quot;45299.78 zł&quot;)" computerName="DESKTOP-5URQ9PB" duration="00:00:00.0000190" startTime="2022-06-13T21:12:51.3280165+02:00" endTime="2022-06-13T21:12:51.3280349+02:00" testType="13cdc9d9-ddb5-4fa4-a97d-d965ccfc6d4b" outcome="Passed" testListId="8c84fa94-04c1-424b-9868-57a2d4851a1d" relativeResultsDirectory="b35c274e-e428-45a6-acce-478260d765d9" />
    <UnitTestResult executionId="0d25477c-27a5-47db-98a7-6616af37d19b" testId="506d41c9-bfc8-bf08-1307-c55fbf29a8e5" testName="FormatToStringTest1000(15566.957545477411d,&quot;15566.96 zł&quot;)" computerName="DESKTOP-5URQ9PB" duration="00:00:00.0000190" startTime="2022-06-13T21:12:51.3125699+02:00" endTime="2022-06-13T21:12:51.3125887+02:00" testType="13cdc9d9-ddb5-4fa4-a97d-d965ccfc6d4b" outcome="Passed" testListId="8c84fa94-04c1-424b-9868-57a2d4851a1d" relativeResultsDirectory="0d25477c-27a5-47db-98a7-6616af37d19b" />
    <UnitTestResult executionId="e47e36ab-8042-4407-8ceb-20e9e56be4b3" testId="92fd78dd-20f7-b708-0603-1911a96c9737" testName="FormatToStringTest1000(7951.322730072458d,&quot;7951.32 zł&quot;)" computerName="DESKTOP-5URQ9PB" duration="00:00:00.0000210" startTime="2022-06-13T21:12:51.3155605+02:00" endTime="2022-06-13T21:12:51.3155813+02:00" testType="13cdc9d9-ddb5-4fa4-a97d-d965ccfc6d4b" outcome="Passed" testListId="8c84fa94-04c1-424b-9868-57a2d4851a1d" relativeResultsDirectory="e47e36ab-8042-4407-8ceb-20e9e56be4b3" />
    <UnitTestResult executionId="61436afa-640c-48eb-b799-124b646f8ff9" testId="f86161bd-f5ff-e739-8561-c83ff6f0d4a9" testName="FormatToStringTest1000(13046.352146307172d,&quot;13046.35 zł&quot;)" computerName="DESKTOP-5URQ9PB" duration="00:00:00.0000180" startTime="2022-06-13T21:12:51.3336644+02:00" endTime="2022-06-13T21:12:51.3336823+02:00" testType="13cdc9d9-ddb5-4fa4-a97d-d965ccfc6d4b" outcome="Passed" testListId="8c84fa94-04c1-424b-9868-57a2d4851a1d" relativeResultsDirectory="61436afa-640c-48eb-b799-124b646f8ff9" />
    <UnitTestResult executionId="dfa17814-c664-4fb2-a309-7f24ac86c4a6" testId="58932f19-d7b6-d69f-2dae-d6e75aa0e55e" testName="FormatToStringTest1000(12949.590713378317d,&quot;12949.59 zł&quot;)" computerName="DESKTOP-5URQ9PB" duration="00:00:00.0000180" startTime="2022-06-13T21:12:51.3108811+02:00" endTime="2022-06-13T21:12:51.3108990+02:00" testType="13cdc9d9-ddb5-4fa4-a97d-d965ccfc6d4b" outcome="Passed" testListId="8c84fa94-04c1-424b-9868-57a2d4851a1d" relativeResultsDirectory="dfa17814-c664-4fb2-a309-7f24ac86c4a6" />
    <UnitTestResult executionId="2a01f3aa-cb20-4483-b9ed-43a243f23f61" testId="311588b6-1eda-5995-3667-7c2c732d3f34" testName="FormatToStringTest1000(12528.413830086782d,&quot;12528.41 zł&quot;)" computerName="DESKTOP-5URQ9PB" duration="00:00:00.0000180" startTime="2022-06-13T21:12:51.3224657+02:00" endTime="2022-06-13T21:12:51.3224837+02:00" testType="13cdc9d9-ddb5-4fa4-a97d-d965ccfc6d4b" outcome="Passed" testListId="8c84fa94-04c1-424b-9868-57a2d4851a1d" relativeResultsDirectory="2a01f3aa-cb20-4483-b9ed-43a243f23f61" />
    <UnitTestResult executionId="4306cd32-cec8-4691-8c6f-494fac4569ee" testId="0667d290-5479-f00f-a7a0-ba550069f4d6" testName="FormatToStringTest1000(64124.274503948756d,&quot;64124.27 zł&quot;)" computerName="DESKTOP-5URQ9PB" duration="00:00:00.0000180" startTime="2022-06-13T21:12:51.3190610+02:00" endTime="2022-06-13T21:12:51.3190787+02:00" testType="13cdc9d9-ddb5-4fa4-a97d-d965ccfc6d4b" outcome="Passed" testListId="8c84fa94-04c1-424b-9868-57a2d4851a1d" relativeResultsDirectory="4306cd32-cec8-4691-8c6f-494fac4569ee" />
    <UnitTestResult executionId="083e0623-1e20-4eca-b47a-9bc1dd74cce3" testId="5196bde9-6c75-174a-8f79-d717861ecd56" testName="FormatToStringTest1000(1687.5965557361937d,&quot;1687.60 zł&quot;)" computerName="DESKTOP-5URQ9PB" duration="00:00:00.0000190" startTime="2022-06-13T21:12:51.3225146+02:00" endTime="2022-06-13T21:12:51.3225333+02:00" testType="13cdc9d9-ddb5-4fa4-a97d-d965ccfc6d4b" outcome="Passed" testListId="8c84fa94-04c1-424b-9868-57a2d4851a1d" relativeResultsDirectory="083e0623-1e20-4eca-b47a-9bc1dd74cce3" />
    <UnitTestResult executionId="23e59131-67e7-4d74-a86f-289453820bdd" testId="9abe82c5-80fa-2d6a-e76f-8b42c308f2c5" testName="FormatToStringTest1000(10641.263377953444d,&quot;10641.26 zł&quot;)" computerName="DESKTOP-5URQ9PB" duration="00:00:00.0000190" startTime="2022-06-13T21:12:51.3182199+02:00" endTime="2022-06-13T21:12:51.3182383+02:00" testType="13cdc9d9-ddb5-4fa4-a97d-d965ccfc6d4b" outcome="Passed" testListId="8c84fa94-04c1-424b-9868-57a2d4851a1d" relativeResultsDirectory="23e59131-67e7-4d74-a86f-289453820bdd" />
    <UnitTestResult executionId="af862966-d467-44e1-8135-2f5c76def53a" testId="19f5bc79-d564-bb1a-c016-f7779e568c5d" testName="FormatToStringTest1000(24251.68593564848d,&quot;24251.69 zł&quot;)" computerName="DESKTOP-5URQ9PB" duration="00:00:00.0000190" startTime="2022-06-13T21:12:51.3231616+02:00" endTime="2022-06-13T21:12:51.3231805+02:00" testType="13cdc9d9-ddb5-4fa4-a97d-d965ccfc6d4b" outcome="Passed" testListId="8c84fa94-04c1-424b-9868-57a2d4851a1d" relativeResultsDirectory="af862966-d467-44e1-8135-2f5c76def53a" />
    <UnitTestResult executionId="a606aa6d-1bb4-4272-97be-4cc0a6327c48" testId="da1a6990-7ab2-9cdb-3d5d-e5366899dffb" testName="FormatToStringTest1000(4614.673205890541d,&quot;4614.67 zł&quot;)" computerName="DESKTOP-5URQ9PB" duration="00:00:00.0000190" startTime="2022-06-13T21:12:51.3136065+02:00" endTime="2022-06-13T21:12:51.3136250+02:00" testType="13cdc9d9-ddb5-4fa4-a97d-d965ccfc6d4b" outcome="Passed" testListId="8c84fa94-04c1-424b-9868-57a2d4851a1d" relativeResultsDirectory="a606aa6d-1bb4-4272-97be-4cc0a6327c48" />
    <UnitTestResult executionId="8875d391-330d-4329-862b-5321bfa4ffef" testId="4951aa5a-960f-b892-8f82-3d3748c1e3da" testName="FormatToStringTest1000(17232.486162219426d,&quot;17232.49 zł&quot;)" computerName="DESKTOP-5URQ9PB" duration="00:00:00.0000180" startTime="2022-06-13T21:12:51.3178754+02:00" endTime="2022-06-13T21:12:51.3178932+02:00" testType="13cdc9d9-ddb5-4fa4-a97d-d965ccfc6d4b" outcome="Passed" testListId="8c84fa94-04c1-424b-9868-57a2d4851a1d" relativeResultsDirectory="8875d391-330d-4329-862b-5321bfa4ffef" />
    <UnitTestResult executionId="439b1aaa-0bd4-4cee-b628-203caaae3f4d" testId="05474d60-4c0c-5e35-b4fc-2df26a361c4d" testName="FormatToStringTest1000(480.2082316857801d,&quot;480.21 zł&quot;)" computerName="DESKTOP-5URQ9PB" duration="00:00:00.0000180" startTime="2022-06-13T21:12:51.3134599+02:00" endTime="2022-06-13T21:12:51.3134778+02:00" testType="13cdc9d9-ddb5-4fa4-a97d-d965ccfc6d4b" outcome="Passed" testListId="8c84fa94-04c1-424b-9868-57a2d4851a1d" relativeResultsDirectory="439b1aaa-0bd4-4cee-b628-203caaae3f4d" />
    <UnitTestResult executionId="de5820cd-bcb7-4828-ae49-5bb5b9a7f42a" testId="b8d38453-fb40-0cfb-4e20-39c788746328" testName="FormatToStringTest1000(52888.48934243642d,&quot;52888.49 zł&quot;)" computerName="DESKTOP-5URQ9PB" duration="00:00:00.0000180" startTime="2022-06-13T21:12:51.3216734+02:00" endTime="2022-06-13T21:12:51.3216914+02:00" testType="13cdc9d9-ddb5-4fa4-a97d-d965ccfc6d4b" outcome="Passed" testListId="8c84fa94-04c1-424b-9868-57a2d4851a1d" relativeResultsDirectory="de5820cd-bcb7-4828-ae49-5bb5b9a7f42a" />
    <UnitTestResult executionId="e4ee6b54-dee6-49f0-9a62-c56e1e47cbe7" testId="1ab663c2-4cb9-e883-e113-e7c904041e47" testName="FormatToStringTest1000(47025.6224095177d,&quot;47025.62 zł&quot;)" computerName="DESKTOP-5URQ9PB" duration="00:00:00.0000180" startTime="2022-06-13T21:12:51.3168830+02:00" endTime="2022-06-13T21:12:51.3169011+02:00" testType="13cdc9d9-ddb5-4fa4-a97d-d965ccfc6d4b" outcome="Passed" testListId="8c84fa94-04c1-424b-9868-57a2d4851a1d" relativeResultsDirectory="e4ee6b54-dee6-49f0-9a62-c56e1e47cbe7" />
    <UnitTestResult executionId="85dfc2d2-9964-4302-abc0-85fbed3c2618" testId="bed158c1-cdea-cb2e-72de-fac3c7fdb2c8" testName="FormatToStringTest1000(14867.726341984107d,&quot;14867.73 zł&quot;)" computerName="DESKTOP-5URQ9PB" duration="00:00:00.0000180" startTime="2022-06-13T21:12:51.3256661+02:00" endTime="2022-06-13T21:12:51.3256838+02:00" testType="13cdc9d9-ddb5-4fa4-a97d-d965ccfc6d4b" outcome="Passed" testListId="8c84fa94-04c1-424b-9868-57a2d4851a1d" relativeResultsDirectory="85dfc2d2-9964-4302-abc0-85fbed3c2618" />
    <UnitTestResult executionId="2956c797-34b9-4457-9542-348063301673" testId="2e664e3e-5b40-d901-9f2b-e816fa56a993" testName="FormatToStringTest1000(6752.510462437062d,&quot;6752.51 zł&quot;)" computerName="DESKTOP-5URQ9PB" duration="00:00:00.0000180" startTime="2022-06-13T21:12:51.3137048+02:00" endTime="2022-06-13T21:12:51.3137224+02:00" testType="13cdc9d9-ddb5-4fa4-a97d-d965ccfc6d4b" outcome="Passed" testListId="8c84fa94-04c1-424b-9868-57a2d4851a1d" relativeResultsDirectory="2956c797-34b9-4457-9542-348063301673" />
    <UnitTestResult executionId="e97d8a3f-19ec-4fba-adee-189332fd1f4a" testId="9db1e6a2-c9ab-3468-9419-59249149bc04" testName="FormatToStringTest1000(6710.131197082871d,&quot;6710.13 zł&quot;)" computerName="DESKTOP-5URQ9PB" duration="00:00:00.0000180" startTime="2022-06-13T21:12:51.3337617+02:00" endTime="2022-06-13T21:12:51.3337798+02:00" testType="13cdc9d9-ddb5-4fa4-a97d-d965ccfc6d4b" outcome="Passed" testListId="8c84fa94-04c1-424b-9868-57a2d4851a1d" relativeResultsDirectory="e97d8a3f-19ec-4fba-adee-189332fd1f4a" />
    <UnitTestResult executionId="c13d036b-bfe0-45e4-ab57-b8e5a0cfd979" testId="21bcc043-da28-367a-c1fb-9490833f1b89" testName="FormatToStringTest1000(13855.30239352505d,&quot;13855.30 zł&quot;)" computerName="DESKTOP-5URQ9PB" duration="00:00:00.0000190" startTime="2022-06-13T21:12:51.3167345+02:00" endTime="2022-06-13T21:12:51.3167535+02:00" testType="13cdc9d9-ddb5-4fa4-a97d-d965ccfc6d4b" outcome="Passed" testListId="8c84fa94-04c1-424b-9868-57a2d4851a1d" relativeResultsDirectory="c13d036b-bfe0-45e4-ab57-b8e5a0cfd979" />
    <UnitTestResult executionId="20dd2e7c-895d-4393-9ac2-a5248b1efea8" testId="90740d7b-70ce-f3ca-de0f-889615c99e7a" testName="FormatToStringTest1000(7669.3855620214645d,&quot;7669.39 zł&quot;)" computerName="DESKTOP-5URQ9PB" duration="00:00:00.0000180" startTime="2022-06-13T21:12:51.3164865+02:00" endTime="2022-06-13T21:12:51.3165044+02:00" testType="13cdc9d9-ddb5-4fa4-a97d-d965ccfc6d4b" outcome="Passed" testListId="8c84fa94-04c1-424b-9868-57a2d4851a1d" relativeResultsDirectory="20dd2e7c-895d-4393-9ac2-a5248b1efea8" />
    <UnitTestResult executionId="bd273c46-3c53-4cc8-8711-9ac631136c59" testId="6c172272-73ee-1f81-5332-f3180f21fb30" testName="FormatToStringTest1000(20623.53139885493d,&quot;20623.53 zł&quot;)" computerName="DESKTOP-5URQ9PB" duration="00:00:00.0000190" startTime="2022-06-13T21:12:51.3149389+02:00" endTime="2022-06-13T21:12:51.3149572+02:00" testType="13cdc9d9-ddb5-4fa4-a97d-d965ccfc6d4b" outcome="Passed" testListId="8c84fa94-04c1-424b-9868-57a2d4851a1d" relativeResultsDirectory="bd273c46-3c53-4cc8-8711-9ac631136c59" />
    <UnitTestResult executionId="173c719f-56e1-4927-a7f0-86b8a99c1ef6" testId="13cdf8fd-2721-e597-055e-a54097abf685" testName="FormatToStringTest1000(48428.38681602682d,&quot;48428.39 zł&quot;)" computerName="DESKTOP-5URQ9PB" duration="00:00:00.0000190" startTime="2022-06-13T21:12:51.3180967+02:00" endTime="2022-06-13T21:12:51.3181154+02:00" testType="13cdc9d9-ddb5-4fa4-a97d-d965ccfc6d4b" outcome="Passed" testListId="8c84fa94-04c1-424b-9868-57a2d4851a1d" relativeResultsDirectory="173c719f-56e1-4927-a7f0-86b8a99c1ef6" />
    <UnitTestResult executionId="1ab5e1fe-0a23-4d2a-9321-498f8ea387df" testId="f9126a5c-91ab-1e44-30e6-13ca198640cb" testName="FormatToStringTest1000(12379.347974640013d,&quot;12379.35 zł&quot;)" computerName="DESKTOP-5URQ9PB" duration="00:00:00.0000180" startTime="2022-06-13T21:12:51.3340302+02:00" endTime="2022-06-13T21:12:51.3340479+02:00" testType="13cdc9d9-ddb5-4fa4-a97d-d965ccfc6d4b" outcome="Passed" testListId="8c84fa94-04c1-424b-9868-57a2d4851a1d" relativeResultsDirectory="1ab5e1fe-0a23-4d2a-9321-498f8ea387df" />
    <UnitTestResult executionId="5b4d5231-722d-4e7b-b5b5-62cc3299e13f" testId="2035ba59-2ee2-badb-15b9-a8ffa8fcf57c" testName="FormatToStringTest1000(36893.66238331593d,&quot;36893.66 zł&quot;)" computerName="DESKTOP-5URQ9PB" duration="00:00:00.0000190" startTime="2022-06-13T21:12:51.3303531+02:00" endTime="2022-06-13T21:12:51.3303717+02:00" testType="13cdc9d9-ddb5-4fa4-a97d-d965ccfc6d4b" outcome="Passed" testListId="8c84fa94-04c1-424b-9868-57a2d4851a1d" relativeResultsDirectory="5b4d5231-722d-4e7b-b5b5-62cc3299e13f" />
    <UnitTestResult executionId="9dc4a153-1c0d-4e46-91ff-20caace8aede" testId="66fdc644-297b-3f5c-4f4a-cb900d8c28d6" testName="FormatToStringTest1000(13375.96341587415d,&quot;13375.96 zł&quot;)" computerName="DESKTOP-5URQ9PB" duration="00:00:00.0000180" startTime="2022-06-13T21:12:51.3298362+02:00" endTime="2022-06-13T21:12:51.3298541+02:00" testType="13cdc9d9-ddb5-4fa4-a97d-d965ccfc6d4b" outcome="Passed" testListId="8c84fa94-04c1-424b-9868-57a2d4851a1d" relativeResultsDirectory="9dc4a153-1c0d-4e46-91ff-20caace8aede" />
    <UnitTestResult executionId="dc9a439c-46e6-4ab6-ae7f-c7c971cd7ae3" testId="2fcbb4d5-0c22-d47d-9ea9-6260fb047a7e" testName="FormatToStringTest1000(7013.601812260971d,&quot;7013.60 zł&quot;)" computerName="DESKTOP-5URQ9PB" duration="00:00:00.0000180" startTime="2022-06-13T21:12:51.3343761+02:00" endTime="2022-06-13T21:12:51.3343941+02:00" testType="13cdc9d9-ddb5-4fa4-a97d-d965ccfc6d4b" outcome="Passed" testListId="8c84fa94-04c1-424b-9868-57a2d4851a1d" relativeResultsDirectory="dc9a439c-46e6-4ab6-ae7f-c7c971cd7ae3" />
    <UnitTestResult executionId="a196ce4f-8487-4f28-ba27-30e5210956dc" testId="ed9a5b1b-624c-3396-5757-abd8e668541b" testName="FormatToStringTest1000(2435.1995505835857d,&quot;2435.20 zł&quot;)" computerName="DESKTOP-5URQ9PB" duration="00:00:00.0000180" startTime="2022-06-13T21:12:51.3150369+02:00" endTime="2022-06-13T21:12:51.3150549+02:00" testType="13cdc9d9-ddb5-4fa4-a97d-d965ccfc6d4b" outcome="Passed" testListId="8c84fa94-04c1-424b-9868-57a2d4851a1d" relativeResultsDirectory="a196ce4f-8487-4f28-ba27-30e5210956dc" />
    <UnitTestResult executionId="a4259ffb-e861-4185-8729-563c14fb93d0" testId="45b47e45-8abc-9102-029a-0eb6ca1d5e58" testName="FormatToStringTest1000(15080.274618567097d,&quot;15080.27 zł&quot;)" computerName="DESKTOP-5URQ9PB" duration="00:00:00.0000180" startTime="2022-06-13T21:12:51.3218455+02:00" endTime="2022-06-13T21:12:51.3218634+02:00" testType="13cdc9d9-ddb5-4fa4-a97d-d965ccfc6d4b" outcome="Passed" testListId="8c84fa94-04c1-424b-9868-57a2d4851a1d" relativeResultsDirectory="a4259ffb-e861-4185-8729-563c14fb93d0" />
    <UnitTestResult executionId="70bddf3f-7945-4b20-9df3-2bae719d9575" testId="4aa2fb53-f9e4-f471-3a9f-14715f467049" testName="FormatToStringTest1000(44361.82678515177d,&quot;44361.83 zł&quot;)" computerName="DESKTOP-5URQ9PB" duration="00:00:00.0000180" startTime="2022-06-13T21:12:51.3336887+02:00" endTime="2022-06-13T21:12:51.3337068+02:00" testType="13cdc9d9-ddb5-4fa4-a97d-d965ccfc6d4b" outcome="Passed" testListId="8c84fa94-04c1-424b-9868-57a2d4851a1d" relativeResultsDirectory="70bddf3f-7945-4b20-9df3-2bae719d9575" />
    <UnitTestResult executionId="e429b517-a45a-4224-a0de-f43c91b9e361" testId="80ed38c5-93c8-ab9c-2988-31b35fec47a3" testName="FormatToStringTest1000(22557.09603308099d,&quot;22557.10 zł&quot;)" computerName="DESKTOP-5URQ9PB" duration="00:00:00.0000190" startTime="2022-06-13T21:12:51.3185699+02:00" endTime="2022-06-13T21:12:51.3185890+02:00" testType="13cdc9d9-ddb5-4fa4-a97d-d965ccfc6d4b" outcome="Passed" testListId="8c84fa94-04c1-424b-9868-57a2d4851a1d" relativeResultsDirectory="e429b517-a45a-4224-a0de-f43c91b9e361" />
    <UnitTestResult executionId="074f1e6e-8dec-4fae-9f6a-07a31001ab52" testId="ccf96e16-5dc0-3f30-2892-511f78cf3dfc" testName="FormatToStringTest1000(14100.01255469211d,&quot;14100.01 zł&quot;)" computerName="DESKTOP-5URQ9PB" duration="00:00:00.0000190" startTime="2022-06-13T21:12:51.3151354+02:00" endTime="2022-06-13T21:12:51.3151539+02:00" testType="13cdc9d9-ddb5-4fa4-a97d-d965ccfc6d4b" outcome="Passed" testListId="8c84fa94-04c1-424b-9868-57a2d4851a1d" relativeResultsDirectory="074f1e6e-8dec-4fae-9f6a-07a31001ab52" />
    <UnitTestResult executionId="23fbe7ff-7206-4c1d-97ec-6b60ecf05b95" testId="6fd1af1d-c0d4-5f1e-0bd0-26896040487e" testName="FormatToStringTest1000(31805.23430354532d,&quot;31805.23 zł&quot;)" computerName="DESKTOP-5URQ9PB" duration="00:00:00.0000190" startTime="2022-06-13T21:12:51.3287415+02:00" endTime="2022-06-13T21:12:51.3287598+02:00" testType="13cdc9d9-ddb5-4fa4-a97d-d965ccfc6d4b" outcome="Passed" testListId="8c84fa94-04c1-424b-9868-57a2d4851a1d" relativeResultsDirectory="23fbe7ff-7206-4c1d-97ec-6b60ecf05b95" />
    <UnitTestResult executionId="a08f0bc8-0653-4c8b-bf21-1d5805358417" testId="0183c416-9787-c59d-18ce-d5b3fc43ac57" testName="FormatToStringTest1000(43858.624379632354d,&quot;43858.62 zł&quot;)" computerName="DESKTOP-5URQ9PB" duration="00:00:00.0000180" startTime="2022-06-13T21:12:51.3293596+02:00" endTime="2022-06-13T21:12:51.3293776+02:00" testType="13cdc9d9-ddb5-4fa4-a97d-d965ccfc6d4b" outcome="Passed" testListId="8c84fa94-04c1-424b-9868-57a2d4851a1d" relativeResultsDirectory="a08f0bc8-0653-4c8b-bf21-1d5805358417" />
    <UnitTestResult executionId="925a4197-b1b6-4f67-948b-97c6d5c2b63f" testId="ee6fca60-0e04-b997-dc4d-b3e46cbf895c" testName="FormatToStringTest1000(13582.47117894258d,&quot;13582.47 zł&quot;)" computerName="DESKTOP-5URQ9PB" duration="00:00:00.0000180" startTime="2022-06-13T21:12:51.3146192+02:00" endTime="2022-06-13T21:12:51.3146373+02:00" testType="13cdc9d9-ddb5-4fa4-a97d-d965ccfc6d4b" outcome="Passed" testListId="8c84fa94-04c1-424b-9868-57a2d4851a1d" relativeResultsDirectory="925a4197-b1b6-4f67-948b-97c6d5c2b63f" />
    <UnitTestResult executionId="eb888c66-2637-43bc-8254-cf6e7538d19d" testId="a2988576-488b-e6d4-a498-af48b96efbdb" testName="FormatToStringTest1000(24570.65594858893d,&quot;24570.66 zł&quot;)" computerName="DESKTOP-5URQ9PB" duration="00:00:00.0000180" startTime="2022-06-13T21:12:51.3162066+02:00" endTime="2022-06-13T21:12:51.3162245+02:00" testType="13cdc9d9-ddb5-4fa4-a97d-d965ccfc6d4b" outcome="Passed" testListId="8c84fa94-04c1-424b-9868-57a2d4851a1d" relativeResultsDirectory="eb888c66-2637-43bc-8254-cf6e7538d19d" />
    <UnitTestResult executionId="9dc40ffc-7022-4b01-b147-c804de53ede8" testId="c994fcbd-cf70-f011-3e5f-4e6d74bb71af" testName="FormatToStringTest1000(30722.846572104303d,&quot;30722.85 zł&quot;)" computerName="DESKTOP-5URQ9PB" duration="00:00:00.0000180" startTime="2022-06-13T21:12:51.3263525+02:00" endTime="2022-06-13T21:12:51.3263703+02:00" testType="13cdc9d9-ddb5-4fa4-a97d-d965ccfc6d4b" outcome="Passed" testListId="8c84fa94-04c1-424b-9868-57a2d4851a1d" relativeResultsDirectory="9dc40ffc-7022-4b01-b147-c804de53ede8" />
    <UnitTestResult executionId="f59fff12-d524-40f2-a5c6-d607f7592662" testId="56c6c75f-613a-6a82-f7f1-a767d952b57c" testName="FormatToStringTest1000(11430.666613002619d,&quot;11430.67 zł&quot;)" computerName="DESKTOP-5URQ9PB" duration="00:00:00.0000180" startTime="2022-06-13T21:12:51.3153825+02:00" endTime="2022-06-13T21:12:51.3154003+02:00" testType="13cdc9d9-ddb5-4fa4-a97d-d965ccfc6d4b" outcome="Passed" testListId="8c84fa94-04c1-424b-9868-57a2d4851a1d" relativeResultsDirectory="f59fff12-d524-40f2-a5c6-d607f7592662" />
    <UnitTestResult executionId="233f8043-2f0e-4164-b275-c75311ff292b" testId="13d2b3bb-af6c-2786-7b3d-1db93b9fedf2" testName="FormatToStringTest1000(8514.837538072763d,&quot;8514.84 zł&quot;)" computerName="DESKTOP-5URQ9PB" duration="00:00:00.0000220" startTime="2022-06-13T21:12:51.3350161+02:00" endTime="2022-06-13T21:12:51.3350379+02:00" testType="13cdc9d9-ddb5-4fa4-a97d-d965ccfc6d4b" outcome="Passed" testListId="8c84fa94-04c1-424b-9868-57a2d4851a1d" relativeResultsDirectory="233f8043-2f0e-4164-b275-c75311ff292b" />
    <UnitTestResult executionId="d043a28d-2986-4650-8c40-ac1ad5c74457" testId="35e23acf-2036-4d69-e77b-27d58a55d61b" testName="FormatToStringTest1000(10457.593086045978d,&quot;10457.59 zł&quot;)" computerName="DESKTOP-5URQ9PB" duration="00:00:00.0000190" startTime="2022-06-13T21:12:51.3227388+02:00" endTime="2022-06-13T21:12:51.3227580+02:00" testType="13cdc9d9-ddb5-4fa4-a97d-d965ccfc6d4b" outcome="Passed" testListId="8c84fa94-04c1-424b-9868-57a2d4851a1d" relativeResultsDirectory="d043a28d-2986-4650-8c40-ac1ad5c74457" />
    <UnitTestResult executionId="ae8cc460-11b5-4a35-a9d8-18f8f9ecfad4" testId="30b3b577-2061-3db5-edc3-bfd98a1a499f" testName="FormatToStringTest1000(5978.1197194131655d,&quot;5978.12 zł&quot;)" computerName="DESKTOP-5URQ9PB" duration="00:00:00.0000190" startTime="2022-06-13T21:12:51.3343514+02:00" endTime="2022-06-13T21:12:51.3343699+02:00" testType="13cdc9d9-ddb5-4fa4-a97d-d965ccfc6d4b" outcome="Passed" testListId="8c84fa94-04c1-424b-9868-57a2d4851a1d" relativeResultsDirectory="ae8cc460-11b5-4a35-a9d8-18f8f9ecfad4" />
    <UnitTestResult executionId="26b72630-5ff3-47d9-b1c3-09f08623430f" testId="ea6215af-9f7a-dfd2-1e42-d16863c438d5" testName="FormatToStringTest1000(7377.5644264340235d,&quot;7377.56 zł&quot;)" computerName="DESKTOP-5URQ9PB" duration="00:00:00.0000190" startTime="2022-06-13T21:12:51.3325794+02:00" endTime="2022-06-13T21:12:51.3325985+02:00" testType="13cdc9d9-ddb5-4fa4-a97d-d965ccfc6d4b" outcome="Passed" testListId="8c84fa94-04c1-424b-9868-57a2d4851a1d" relativeResultsDirectory="26b72630-5ff3-47d9-b1c3-09f08623430f" />
    <UnitTestResult executionId="35cebc3f-79d0-46c5-8505-ef440dd78e99" testId="5da451a5-54a7-b58b-ab8b-8b1b8384fd01" testName="FormatToStringTest1000(3700.029953029021d,&quot;3700.03 zł&quot;)" computerName="DESKTOP-5URQ9PB" duration="00:00:00.0000180" startTime="2022-06-13T21:12:51.3168335+02:00" endTime="2022-06-13T21:12:51.3168516+02:00" testType="13cdc9d9-ddb5-4fa4-a97d-d965ccfc6d4b" outcome="Passed" testListId="8c84fa94-04c1-424b-9868-57a2d4851a1d" relativeResultsDirectory="35cebc3f-79d0-46c5-8505-ef440dd78e99" />
    <UnitTestResult executionId="bef9bd38-6529-4af3-b119-c8156fe8d3cf" testId="5217a55b-523e-bb6a-47cc-7fbf0bc01c96" testName="FormatToStringTest1000(10370.0107542784d,&quot;10370.01 zł&quot;)" computerName="DESKTOP-5URQ9PB" duration="00:00:00.0000180" startTime="2022-06-13T21:12:51.3229624+02:00" endTime="2022-06-13T21:12:51.3229803+02:00" testType="13cdc9d9-ddb5-4fa4-a97d-d965ccfc6d4b" outcome="Passed" testListId="8c84fa94-04c1-424b-9868-57a2d4851a1d" relativeResultsDirectory="bef9bd38-6529-4af3-b119-c8156fe8d3cf" />
    <UnitTestResult executionId="fe0fa9e7-97b4-4a27-ac45-40c733c724c1" testId="6dee8c76-3355-7dcc-c0a6-02e4a5ed7dc2" testName="FormatToStringTest1000(16637.074429372828d,&quot;16637.07 zł&quot;)" computerName="DESKTOP-5URQ9PB" duration="00:00:00.0000180" startTime="2022-06-13T21:12:51.3167597+02:00" endTime="2022-06-13T21:12:51.3167777+02:00" testType="13cdc9d9-ddb5-4fa4-a97d-d965ccfc6d4b" outcome="Passed" testListId="8c84fa94-04c1-424b-9868-57a2d4851a1d" relativeResultsDirectory="fe0fa9e7-97b4-4a27-ac45-40c733c724c1" />
    <UnitTestResult executionId="2d21ceb1-4b35-475b-ab49-72f0d5b2f959" testId="f5fd9e95-4d91-8f7f-4648-e5bd7c8cc931" testName="FormatToStringTest1000(4002.4180488374172d,&quot;4002.42 zł&quot;)" computerName="DESKTOP-5URQ9PB" duration="00:00:00.0000190" startTime="2022-06-13T21:12:51.3328253+02:00" endTime="2022-06-13T21:12:51.3328435+02:00" testType="13cdc9d9-ddb5-4fa4-a97d-d965ccfc6d4b" outcome="Passed" testListId="8c84fa94-04c1-424b-9868-57a2d4851a1d" relativeResultsDirectory="2d21ceb1-4b35-475b-ab49-72f0d5b2f959" />
    <UnitTestResult executionId="0fa9ab0d-84f8-4ca5-8f7c-fbcd71934080" testId="910d4b99-463d-e8f2-2603-a8f7093fc7cf" testName="FormatToStringTest1000(4592.278577496428d,&quot;4592.28 zł&quot;)" computerName="DESKTOP-5URQ9PB" duration="00:00:00.0000180" startTime="2022-06-13T21:12:51.3292373+02:00" endTime="2022-06-13T21:12:51.3292550+02:00" testType="13cdc9d9-ddb5-4fa4-a97d-d965ccfc6d4b" outcome="Passed" testListId="8c84fa94-04c1-424b-9868-57a2d4851a1d" relativeResultsDirectory="0fa9ab0d-84f8-4ca5-8f7c-fbcd71934080" />
    <UnitTestResult executionId="3a365fba-8c1a-4ed8-a712-d8e20d77db3c" testId="1d93089d-e24f-f1cb-f4e6-3e9e0cc249d4" testName="FormatToStringTest1000(33699.13042082038d,&quot;33699.13 zł&quot;)" computerName="DESKTOP-5URQ9PB" duration="00:00:00.0000180" startTime="2022-06-13T21:12:51.3267509+02:00" endTime="2022-06-13T21:12:51.3267688+02:00" testType="13cdc9d9-ddb5-4fa4-a97d-d965ccfc6d4b" outcome="Passed" testListId="8c84fa94-04c1-424b-9868-57a2d4851a1d" relativeResultsDirectory="3a365fba-8c1a-4ed8-a712-d8e20d77db3c" />
    <UnitTestResult executionId="bfb6b290-bd63-49d4-a1f3-8c53a69945f7" testId="73a1abc1-28a4-b23c-9ff3-4e27cf222dab" testName="FormatToStringTest1000(68479.93492677805d,&quot;68479.93 zł&quot;)" computerName="DESKTOP-5URQ9PB" duration="00:00:00.0000190" startTime="2022-06-13T21:12:51.3334693+02:00" endTime="2022-06-13T21:12:51.3334878+02:00" testType="13cdc9d9-ddb5-4fa4-a97d-d965ccfc6d4b" outcome="Passed" testListId="8c84fa94-04c1-424b-9868-57a2d4851a1d" relativeResultsDirectory="bfb6b290-bd63-49d4-a1f3-8c53a69945f7" />
    <UnitTestResult executionId="bca610c5-7298-47e7-b050-9cabc18b931a" testId="f574d6b5-d94c-508a-c127-7bce3d4f82e8" testName="FormatToStringTest1000(38640.62766693003d,&quot;38640.63 zł&quot;)" computerName="DESKTOP-5URQ9PB" duration="00:00:00.0000190" startTime="2022-06-13T21:12:51.3110879+02:00" endTime="2022-06-13T21:12:51.3111063+02:00" testType="13cdc9d9-ddb5-4fa4-a97d-d965ccfc6d4b" outcome="Passed" testListId="8c84fa94-04c1-424b-9868-57a2d4851a1d" relativeResultsDirectory="bca610c5-7298-47e7-b050-9cabc18b931a" />
    <UnitTestResult executionId="887a555a-8ff5-4bfa-be04-042fabc034a1" testId="b58070c8-bc7f-712e-31bb-2a11be9cfc18" testName="FormatToStringTest1000(23789.556920184546d,&quot;23789.56 zł&quot;)" computerName="DESKTOP-5URQ9PB" duration="00:00:00.0000180" startTime="2022-06-13T21:12:51.3341558+02:00" endTime="2022-06-13T21:12:51.3341738+02:00" testType="13cdc9d9-ddb5-4fa4-a97d-d965ccfc6d4b" outcome="Passed" testListId="8c84fa94-04c1-424b-9868-57a2d4851a1d" relativeResultsDirectory="887a555a-8ff5-4bfa-be04-042fabc034a1" />
    <UnitTestResult executionId="f0e11ab5-d0f1-4e31-b424-18724e43ff3c" testId="b1be5e34-279b-4416-5a52-95321e0442b4" testName="FormatToStringTest1000(33206.73122987837d,&quot;33206.73 zł&quot;)" computerName="DESKTOP-5URQ9PB" duration="00:00:00.0000180" startTime="2022-06-13T21:12:51.3120715+02:00" endTime="2022-06-13T21:12:51.3120892+02:00" testType="13cdc9d9-ddb5-4fa4-a97d-d965ccfc6d4b" outcome="Passed" testListId="8c84fa94-04c1-424b-9868-57a2d4851a1d" relativeResultsDirectory="f0e11ab5-d0f1-4e31-b424-18724e43ff3c" />
    <UnitTestResult executionId="0dc538db-2a5e-484c-81be-4ba3d224929e" testId="1d439d51-4271-ce67-e4e0-d0b84f8d1caf" testName="FormatToStringTest1000(66284.43763489948d,&quot;66284.44 zł&quot;)" computerName="DESKTOP-5URQ9PB" duration="00:00:00.0000220" startTime="2022-06-13T21:12:51.3264013+02:00" endTime="2022-06-13T21:12:51.3264231+02:00" testType="13cdc9d9-ddb5-4fa4-a97d-d965ccfc6d4b" outcome="Passed" testListId="8c84fa94-04c1-424b-9868-57a2d4851a1d" relativeResultsDirectory="0dc538db-2a5e-484c-81be-4ba3d224929e" />
    <UnitTestResult executionId="68090653-202c-4479-824e-af518aca0880" testId="5bc31484-16d9-023b-e244-308f6e26f09a" testName="FormatToStringTest1000(30320.450517486992d,&quot;30320.45 zł&quot;)" computerName="DESKTOP-5URQ9PB" duration="00:00:00.0000190" startTime="2022-06-13T21:12:51.3223364+02:00" endTime="2022-06-13T21:12:51.3223554+02:00" testType="13cdc9d9-ddb5-4fa4-a97d-d965ccfc6d4b" outcome="Passed" testListId="8c84fa94-04c1-424b-9868-57a2d4851a1d" relativeResultsDirectory="68090653-202c-4479-824e-af518aca0880" />
    <UnitTestResult executionId="d5b4475f-f108-463c-ba90-0c6b14bde854" testId="a6a973e9-da68-b082-10c2-5aa132fd4e6b" testName="FormatToStringTest1000(36320.770035296104d,&quot;36320.77 zł&quot;)" computerName="DESKTOP-5URQ9PB" duration="00:00:00.0000180" startTime="2022-06-13T21:12:51.3325056+02:00" endTime="2022-06-13T21:12:51.3325234+02:00" testType="13cdc9d9-ddb5-4fa4-a97d-d965ccfc6d4b" outcome="Passed" testListId="8c84fa94-04c1-424b-9868-57a2d4851a1d" relativeResultsDirectory="d5b4475f-f108-463c-ba90-0c6b14bde854" />
    <UnitTestResult executionId="e97690d5-e3cf-4769-a040-45479f21a4c9" testId="43c3749f-0376-2035-bd94-4df92053dab3" testName="FormatToStringTest1000(18627.604896394354d,&quot;18627.60 zł&quot;)" computerName="DESKTOP-5URQ9PB" duration="00:00:00.0000180" startTime="2022-06-13T21:12:51.3257879+02:00" endTime="2022-06-13T21:12:51.3258054+02:00" testType="13cdc9d9-ddb5-4fa4-a97d-d965ccfc6d4b" outcome="Passed" testListId="8c84fa94-04c1-424b-9868-57a2d4851a1d" relativeResultsDirectory="e97690d5-e3cf-4769-a040-45479f21a4c9" />
    <UnitTestResult executionId="75f6f329-2c99-41a2-ba66-bf27da57b0ff" testId="acc05f4a-9abc-39e3-e875-400f69bcea41" testName="FormatToStringTest1000(88584.97010041306d,&quot;88584.97 zł&quot;)" computerName="DESKTOP-5URQ9PB" duration="00:00:00.0000180" startTime="2022-06-13T21:12:51.3208276+02:00" endTime="2022-06-13T21:12:51.3208457+02:00" testType="13cdc9d9-ddb5-4fa4-a97d-d965ccfc6d4b" outcome="Passed" testListId="8c84fa94-04c1-424b-9868-57a2d4851a1d" relativeResultsDirectory="75f6f329-2c99-41a2-ba66-bf27da57b0ff" />
    <UnitTestResult executionId="52e29a00-3209-425c-97b3-18b6753b5ba9" testId="10d9efba-c25c-4837-b4ca-c51dd97ac398" testName="FormatToStringTest1000(24308.26523149212d,&quot;24308.27 zł&quot;)" computerName="DESKTOP-5URQ9PB" duration="00:00:00.0000180" startTime="2022-06-13T21:12:51.3333646+02:00" endTime="2022-06-13T21:12:51.3333824+02:00" testType="13cdc9d9-ddb5-4fa4-a97d-d965ccfc6d4b" outcome="Passed" testListId="8c84fa94-04c1-424b-9868-57a2d4851a1d" relativeResultsDirectory="52e29a00-3209-425c-97b3-18b6753b5ba9" />
    <UnitTestResult executionId="fd1d3e6d-546d-47c6-b08f-6ffb13adfec4" testId="d685c2c4-f219-af53-1ba4-f062b4ec12ac" testName="FormatToStringTest1000(9657.360676611475d,&quot;9657.36 zł&quot;)" computerName="DESKTOP-5URQ9PB" duration="00:00:00.0000180" startTime="2022-06-13T21:12:51.3214769+02:00" endTime="2022-06-13T21:12:51.3214950+02:00" testType="13cdc9d9-ddb5-4fa4-a97d-d965ccfc6d4b" outcome="Passed" testListId="8c84fa94-04c1-424b-9868-57a2d4851a1d" relativeResultsDirectory="fd1d3e6d-546d-47c6-b08f-6ffb13adfec4" />
    <UnitTestResult executionId="23d26b94-f1f9-40fa-b407-9eb0724e698b" testId="c2833739-846c-dde5-0033-1a2de8fc4d5a" testName="FormatToStringTest1000(74514.06270644537d,&quot;74514.06 zł&quot;)" computerName="DESKTOP-5URQ9PB" duration="00:00:00.0000190" startTime="2022-06-13T21:12:51.3128429+02:00" endTime="2022-06-13T21:12:51.3128612+02:00" testType="13cdc9d9-ddb5-4fa4-a97d-d965ccfc6d4b" outcome="Passed" testListId="8c84fa94-04c1-424b-9868-57a2d4851a1d" relativeResultsDirectory="23d26b94-f1f9-40fa-b407-9eb0724e698b" />
    <UnitTestResult executionId="202be77e-b4bc-4724-811c-45956f6dccd6" testId="d1d03651-a1e2-f6be-a8df-45190d2d89f8" testName="FormatToStringTest1000(16427.591943671738d,&quot;16427.59 zł&quot;)" computerName="DESKTOP-5URQ9PB" duration="00:00:00.0000190" startTime="2022-06-13T21:12:51.3224899+02:00" endTime="2022-06-13T21:12:51.3225084+02:00" testType="13cdc9d9-ddb5-4fa4-a97d-d965ccfc6d4b" outcome="Passed" testListId="8c84fa94-04c1-424b-9868-57a2d4851a1d" relativeResultsDirectory="202be77e-b4bc-4724-811c-45956f6dccd6" />
    <UnitTestResult executionId="a23d95ae-79f3-4094-b748-c90faa4da626" testId="6a5dc4fe-eaa1-ef57-2e33-6170c4a0ea22" testName="FormatToStringTest1000(801.5720517614726d,&quot;801.57 zł&quot;)" computerName="DESKTOP-5URQ9PB" duration="00:00:00.0000190" startTime="2022-06-13T21:12:51.3205095+02:00" endTime="2022-06-13T21:12:51.3205281+02:00" testType="13cdc9d9-ddb5-4fa4-a97d-d965ccfc6d4b" outcome="Passed" testListId="8c84fa94-04c1-424b-9868-57a2d4851a1d" relativeResultsDirectory="a23d95ae-79f3-4094-b748-c90faa4da626" />
    <UnitTestResult executionId="f5b161a5-fdce-42f7-90fa-2cbb12ef3c71" testId="35de634f-b340-f79b-b6a0-46426bd56e47" testName="FormatToStringTest1000(24137.016609529506d,&quot;24137.02 zł&quot;)" computerName="DESKTOP-5URQ9PB" duration="00:00:00.0000190" startTime="2022-06-13T21:12:51.3307545+02:00" endTime="2022-06-13T21:12:51.3307731+02:00" testType="13cdc9d9-ddb5-4fa4-a97d-d965ccfc6d4b" outcome="Passed" testListId="8c84fa94-04c1-424b-9868-57a2d4851a1d" relativeResultsDirectory="f5b161a5-fdce-42f7-90fa-2cbb12ef3c71" />
    <UnitTestResult executionId="c8d58fbb-753c-4ecb-9c68-ac8bfdc8c046" testId="5234899e-b699-a182-8741-15341fb350c8" testName="FormatToStringTest1000(16901.497392274203d,&quot;16901.50 zł&quot;)" computerName="DESKTOP-5URQ9PB" duration="00:00:00.0000180" startTime="2022-06-13T21:12:51.3258124+02:00" endTime="2022-06-13T21:12:51.3258302+02:00" testType="13cdc9d9-ddb5-4fa4-a97d-d965ccfc6d4b" outcome="Passed" testListId="8c84fa94-04c1-424b-9868-57a2d4851a1d" relativeResultsDirectory="c8d58fbb-753c-4ecb-9c68-ac8bfdc8c046" />
    <UnitTestResult executionId="610b120a-4835-4a40-a363-0be50a65f8f5" testId="e6fa545c-dab4-f63e-4e3b-21ea6de7572d" testName="FormatToStringTest1000(9994.9471861026d,&quot;9994.95 zł&quot;)" computerName="DESKTOP-5URQ9PB" duration="00:00:00.0000180" startTime="2022-06-13T21:12:51.3172270+02:00" endTime="2022-06-13T21:12:51.3172450+02:00" testType="13cdc9d9-ddb5-4fa4-a97d-d965ccfc6d4b" outcome="Passed" testListId="8c84fa94-04c1-424b-9868-57a2d4851a1d" relativeResultsDirectory="610b120a-4835-4a40-a363-0be50a65f8f5" />
    <UnitTestResult executionId="0023d7ea-d42a-4694-827b-391a941ee109" testId="62970bd3-0fb8-814d-a0a1-ab9e8aeaae79" testName="FormatToStringTest1000(28068.20530246394d,&quot;28068.21 zł&quot;)" computerName="DESKTOP-5URQ9PB" duration="00:00:00.0000190" startTime="2022-06-13T21:12:51.3213482+02:00" endTime="2022-06-13T21:12:51.3213667+02:00" testType="13cdc9d9-ddb5-4fa4-a97d-d965ccfc6d4b" outcome="Passed" testListId="8c84fa94-04c1-424b-9868-57a2d4851a1d" relativeResultsDirectory="0023d7ea-d42a-4694-827b-391a941ee109" />
    <UnitTestResult executionId="4a4bf423-034b-4487-a3ec-5b8ec19163a6" testId="bfb43a18-8b27-64cf-f833-254fc2466b22" testName="FormatToStringTest1000(759.247198292635d,&quot;759.25 zł&quot;)" computerName="DESKTOP-5URQ9PB" duration="00:00:00.0000180" startTime="2022-06-13T21:12:51.3176520+02:00" endTime="2022-06-13T21:12:51.3176703+02:00" testType="13cdc9d9-ddb5-4fa4-a97d-d965ccfc6d4b" outcome="Passed" testListId="8c84fa94-04c1-424b-9868-57a2d4851a1d" relativeResultsDirectory="4a4bf423-034b-4487-a3ec-5b8ec19163a6" />
    <UnitTestResult executionId="b8f7a7a8-bf63-41d3-87a4-89db0d4110dc" testId="fc250b23-71a0-c4eb-52eb-8cd889ac9f85" testName="FormatToStringTest1000(14480.387652530982d,&quot;14480.39 zł&quot;)" computerName="DESKTOP-5URQ9PB" duration="00:00:00.0000190" startTime="2022-06-13T21:12:51.3168088+02:00" endTime="2022-06-13T21:12:51.3168272+02:00" testType="13cdc9d9-ddb5-4fa4-a97d-d965ccfc6d4b" outcome="Passed" testListId="8c84fa94-04c1-424b-9868-57a2d4851a1d" relativeResultsDirectory="b8f7a7a8-bf63-41d3-87a4-89db0d4110dc" />
    <UnitTestResult executionId="15137605-1930-4a5b-b1a6-e2f47f024aca" testId="1440a184-8a0a-3d08-19bf-ac2d32351c96" testName="FormatToStringTest1000(5108.217389855635d,&quot;5108.22 zł&quot;)" computerName="DESKTOP-5URQ9PB" duration="00:00:00.0000180" startTime="2022-06-13T21:12:51.3193556+02:00" endTime="2022-06-13T21:12:51.3193733+02:00" testType="13cdc9d9-ddb5-4fa4-a97d-d965ccfc6d4b" outcome="Passed" testListId="8c84fa94-04c1-424b-9868-57a2d4851a1d" relativeResultsDirectory="15137605-1930-4a5b-b1a6-e2f47f024aca" />
    <UnitTestResult executionId="dc68d717-e1ae-458c-be5b-08f3a5896b67" testId="2553ac6b-8c4b-c989-c2b1-742cbb8f417e" testName="FormatToStringTest1000(20249.56614074277d,&quot;20249.57 zł&quot;)" computerName="DESKTOP-5URQ9PB" duration="00:00:00.0000180" startTime="2022-06-13T21:12:51.3142214+02:00" endTime="2022-06-13T21:12:51.3142391+02:00" testType="13cdc9d9-ddb5-4fa4-a97d-d965ccfc6d4b" outcome="Passed" testListId="8c84fa94-04c1-424b-9868-57a2d4851a1d" relativeResultsDirectory="dc68d717-e1ae-458c-be5b-08f3a5896b67" />
    <UnitTestResult executionId="e1574eec-9504-43d2-8cb2-8517d561e9d7" testId="6b24d61a-9019-1031-1c97-d03508d4eb29" testName="FormatToStringTest1000(5759.256266560991d,&quot;5759.26 zł&quot;)" computerName="DESKTOP-5URQ9PB" duration="00:00:00.0000180" startTime="2022-06-13T21:12:51.3236598+02:00" endTime="2022-06-13T21:12:51.3236778+02:00" testType="13cdc9d9-ddb5-4fa4-a97d-d965ccfc6d4b" outcome="Passed" testListId="8c84fa94-04c1-424b-9868-57a2d4851a1d" relativeResultsDirectory="e1574eec-9504-43d2-8cb2-8517d561e9d7" />
    <UnitTestResult executionId="2a34b877-a3d4-4664-84ce-7688159a7f56" testId="c02eb5c0-31bb-eec0-3d85-1a1ef8849db8" testName="FormatToStringTest1000(37954.34384365396d,&quot;37954.34 zł&quot;)" computerName="DESKTOP-5URQ9PB" duration="00:00:00.0000180" startTime="2022-06-13T21:12:51.3307794+02:00" endTime="2022-06-13T21:12:51.3307976+02:00" testType="13cdc9d9-ddb5-4fa4-a97d-d965ccfc6d4b" outcome="Passed" testListId="8c84fa94-04c1-424b-9868-57a2d4851a1d" relativeResultsDirectory="2a34b877-a3d4-4664-84ce-7688159a7f56" />
    <UnitTestResult executionId="e1d77f3b-1d33-4b39-8bc2-04f0dc828e27" testId="b27808d6-4355-5292-3153-64fb93821ea0" testName="FormatToStringTest1000(181.3640542483721d,&quot;181.36 zł&quot;)" computerName="DESKTOP-5URQ9PB" duration="00:00:00.0000190" startTime="2022-06-13T21:12:51.3306564+02:00" endTime="2022-06-13T21:12:51.3306746+02:00" testType="13cdc9d9-ddb5-4fa4-a97d-d965ccfc6d4b" outcome="Passed" testListId="8c84fa94-04c1-424b-9868-57a2d4851a1d" relativeResultsDirectory="e1d77f3b-1d33-4b39-8bc2-04f0dc828e27" />
    <UnitTestResult executionId="25303d93-2434-49b2-aacb-cc39a4f1c5e4" testId="9bae3763-5b44-6392-7f85-b5a14c7eae3f" testName="FormatToStringTest1000(1328.353302088265d,&quot;1328.35 zł&quot;)" computerName="DESKTOP-5URQ9PB" duration="00:00:00.0000180" startTime="2022-06-13T21:12:51.3212986+02:00" endTime="2022-06-13T21:12:51.3213165+02:00" testType="13cdc9d9-ddb5-4fa4-a97d-d965ccfc6d4b" outcome="Passed" testListId="8c84fa94-04c1-424b-9868-57a2d4851a1d" relativeResultsDirectory="25303d93-2434-49b2-aacb-cc39a4f1c5e4" />
    <UnitTestResult executionId="c601117f-c17c-404c-9501-583e76cd3cdb" testId="274e5ca5-6e22-8c94-c538-bc2ca6c5742f" testName="FormatToStringTest1000(19210.519530370144d,&quot;19210.52 zł&quot;)" computerName="DESKTOP-5URQ9PB" duration="00:00:00.0000190" startTime="2022-06-13T21:12:51.3256164+02:00" endTime="2022-06-13T21:12:51.3256349+02:00" testType="13cdc9d9-ddb5-4fa4-a97d-d965ccfc6d4b" outcome="Passed" testListId="8c84fa94-04c1-424b-9868-57a2d4851a1d" relativeResultsDirectory="c601117f-c17c-404c-9501-583e76cd3cdb" />
    <UnitTestResult executionId="19910c74-f55e-4ba5-a9c5-92bff5c4feae" testId="adedbc1e-8d02-07f8-2158-2d31b0c1df72" testName="FormatToStringTest1000(55457.96873490278d,&quot;55457.97 zł&quot;)" computerName="DESKTOP-5URQ9PB" duration="00:00:00.0000180" startTime="2022-06-13T21:12:51.3277181+02:00" endTime="2022-06-13T21:12:51.3277360+02:00" testType="13cdc9d9-ddb5-4fa4-a97d-d965ccfc6d4b" outcome="Passed" testListId="8c84fa94-04c1-424b-9868-57a2d4851a1d" relativeResultsDirectory="19910c74-f55e-4ba5-a9c5-92bff5c4feae" />
    <UnitTestResult executionId="1e0a6d9a-9b96-4443-a27b-eed45c5573ba" testId="f0622268-a7b0-73db-dcaa-b07ea595271b" testName="FormatToStringTest1000(4812.162927013898d,&quot;4812.16 zł&quot;)" computerName="DESKTOP-5URQ9PB" duration="00:00:00.0000190" startTime="2022-06-13T21:12:51.3176266+02:00" endTime="2022-06-13T21:12:51.3176457+02:00" testType="13cdc9d9-ddb5-4fa4-a97d-d965ccfc6d4b" outcome="Passed" testListId="8c84fa94-04c1-424b-9868-57a2d4851a1d" relativeResultsDirectory="1e0a6d9a-9b96-4443-a27b-eed45c5573ba" />
    <UnitTestResult executionId="754c541f-0275-4b5f-a0b1-61a5b25e051c" testId="199abf60-5b5b-94b6-b04f-a3e4d911fd34" testName="FormatToStringTest1000(38614.292320713066d,&quot;38614.29 zł&quot;)" computerName="DESKTOP-5URQ9PB" duration="00:00:00.0000180" startTime="2022-06-13T21:12:51.3136805+02:00" endTime="2022-06-13T21:12:51.3136984+02:00" testType="13cdc9d9-ddb5-4fa4-a97d-d965ccfc6d4b" outcome="Passed" testListId="8c84fa94-04c1-424b-9868-57a2d4851a1d" relativeResultsDirectory="754c541f-0275-4b5f-a0b1-61a5b25e051c" />
    <UnitTestResult executionId="b5c2b3c9-665d-4f66-9a4b-3cba8825fc9c" testId="1f8c3026-17e4-68c3-c899-dd2458b787d5" testName="FormatToStringTest1000(72659.37876478041d,&quot;72659.38 zł&quot;)" computerName="DESKTOP-5URQ9PB" duration="00:00:00.0000190" startTime="2022-06-13T21:12:51.3278665+02:00" endTime="2022-06-13T21:12:51.3278851+02:00" testType="13cdc9d9-ddb5-4fa4-a97d-d965ccfc6d4b" outcome="Passed" testListId="8c84fa94-04c1-424b-9868-57a2d4851a1d" relativeResultsDirectory="b5c2b3c9-665d-4f66-9a4b-3cba8825fc9c" />
    <UnitTestResult executionId="5cb22e0b-2907-48dc-a40f-7c69075b7de8" testId="6236d5e6-b13b-501c-48e0-102f9eda59d6" testName="FormatToStringTest1000(49672.98901987402d,&quot;49672.99 zł&quot;)" computerName="DESKTOP-5URQ9PB" duration="00:00:00.0000190" startTime="2022-06-13T21:12:51.3208026+02:00" endTime="2022-06-13T21:12:51.3208212+02:00" testType="13cdc9d9-ddb5-4fa4-a97d-d965ccfc6d4b" outcome="Passed" testListId="8c84fa94-04c1-424b-9868-57a2d4851a1d" relativeResultsDirectory="5cb22e0b-2907-48dc-a40f-7c69075b7de8" />
    <UnitTestResult executionId="aa21c170-aa4e-42df-808a-bd7a1b61b9b1" testId="9bb26f6e-1e2c-da60-973e-eeca518679d1" testName="FormatToStringTest1000(27050.586848031067d,&quot;27050.59 zł&quot;)" computerName="DESKTOP-5URQ9PB" duration="00:00:00.0000190" startTime="2022-06-13T21:12:51.3109054+02:00" endTime="2022-06-13T21:12:51.3109242+02:00" testType="13cdc9d9-ddb5-4fa4-a97d-d965ccfc6d4b" outcome="Passed" testListId="8c84fa94-04c1-424b-9868-57a2d4851a1d" relativeResultsDirectory="aa21c170-aa4e-42df-808a-bd7a1b61b9b1" />
    <UnitTestResult executionId="95beb9f4-017a-4d41-ac57-909e310bb5ad" testId="9006b827-71f8-1e68-78c8-d64e06e75b19" testName="FormatToStringTest1000(50644.690874327294d,&quot;50644.69 zł&quot;)" computerName="DESKTOP-5URQ9PB" duration="00:00:00.0000190" startTime="2022-06-13T21:12:51.3305071+02:00" endTime="2022-06-13T21:12:51.3305259+02:00" testType="13cdc9d9-ddb5-4fa4-a97d-d965ccfc6d4b" outcome="Passed" testListId="8c84fa94-04c1-424b-9868-57a2d4851a1d" relativeResultsDirectory="95beb9f4-017a-4d41-ac57-909e310bb5ad" />
    <UnitTestResult executionId="4f34a6c9-cb82-4f2f-a951-ddd8fb8b7107" testId="114d6aa2-3c70-c374-d5cb-1675b6f9d5e6" testName="FormatToStringTest1000(8499.121443388574d,&quot;8499.12 zł&quot;)" computerName="DESKTOP-5URQ9PB" duration="00:00:00.0000190" startTime="2022-06-13T21:12:51.3119244+02:00" endTime="2022-06-13T21:12:51.3119432+02:00" testType="13cdc9d9-ddb5-4fa4-a97d-d965ccfc6d4b" outcome="Passed" testListId="8c84fa94-04c1-424b-9868-57a2d4851a1d" relativeResultsDirectory="4f34a6c9-cb82-4f2f-a951-ddd8fb8b7107" />
    <UnitTestResult executionId="c9f4a51e-c9ee-41f1-a52e-8b244a80ae88" testId="f9ec4424-0f09-8ce8-d044-ac97ec1d16a8" testName="FormatToStringTest1000(72802.68569213277d,&quot;72802.69 zł&quot;)" computerName="DESKTOP-5URQ9PB" duration="00:00:00.0000190" startTime="2022-06-13T21:12:51.3313532+02:00" endTime="2022-06-13T21:12:51.3313719+02:00" testType="13cdc9d9-ddb5-4fa4-a97d-d965ccfc6d4b" outcome="Passed" testListId="8c84fa94-04c1-424b-9868-57a2d4851a1d" relativeResultsDirectory="c9f4a51e-c9ee-41f1-a52e-8b244a80ae88" />
    <UnitTestResult executionId="93318d8f-ea09-4808-b9a6-1c7025a8450f" testId="a4a7e920-6be7-0270-88f5-4a528c0a4ff3" testName="FormatToStringTest1000(3030.9461949132133d,&quot;3030.95 zł&quot;)" computerName="DESKTOP-5URQ9PB" duration="00:00:00.0000190" startTime="2022-06-13T21:12:51.3207536+02:00" endTime="2022-06-13T21:12:51.3207724+02:00" testType="13cdc9d9-ddb5-4fa4-a97d-d965ccfc6d4b" outcome="Passed" testListId="8c84fa94-04c1-424b-9868-57a2d4851a1d" relativeResultsDirectory="93318d8f-ea09-4808-b9a6-1c7025a8450f" />
    <UnitTestResult executionId="3189d2ac-af5d-405a-9945-2e290fba9a62" testId="837c6681-7a11-fda1-e2c1-66903c24de53" testName="FormatToStringTest1000(11989.099505855282d,&quot;11989.10 zł&quot;)" computerName="DESKTOP-5URQ9PB" duration="00:00:00.0000180" startTime="2022-06-13T21:12:51.3351992+02:00" endTime="2022-06-13T21:12:51.3352171+02:00" testType="13cdc9d9-ddb5-4fa4-a97d-d965ccfc6d4b" outcome="Passed" testListId="8c84fa94-04c1-424b-9868-57a2d4851a1d" relativeResultsDirectory="3189d2ac-af5d-405a-9945-2e290fba9a62" />
    <UnitTestResult executionId="bfd9bc9e-cd89-4723-8cee-a2bd47dab89e" testId="03f880df-4361-699a-9da6-4d3bc3d9d5a7" testName="FormatToStringTest1000(9558.453124931293d,&quot;9558.45 zł&quot;)" computerName="DESKTOP-5URQ9PB" duration="00:00:00.0000180" startTime="2022-06-13T21:12:51.3170793+02:00" endTime="2022-06-13T21:12:51.3170971+02:00" testType="13cdc9d9-ddb5-4fa4-a97d-d965ccfc6d4b" outcome="Passed" testListId="8c84fa94-04c1-424b-9868-57a2d4851a1d" relativeResultsDirectory="bfd9bc9e-cd89-4723-8cee-a2bd47dab89e" />
    <UnitTestResult executionId="6f2f47ab-55cd-4774-b137-6760eb30d067" testId="28a678d1-0284-2779-ed67-e16002278e6b" testName="FormatToStringTest1000(6145.531235831571d,&quot;6145.53 zł&quot;)" computerName="DESKTOP-5URQ9PB" duration="00:00:00.0000180" startTime="2022-06-13T21:12:51.3188892+02:00" endTime="2022-06-13T21:12:51.3189070+02:00" testType="13cdc9d9-ddb5-4fa4-a97d-d965ccfc6d4b" outcome="Passed" testListId="8c84fa94-04c1-424b-9868-57a2d4851a1d" relativeResultsDirectory="6f2f47ab-55cd-4774-b137-6760eb30d067" />
    <UnitTestResult executionId="75ce669e-29f3-46d6-8138-a4c4b9e00c71" testId="45e81eff-7762-2319-5d11-e20e90ac1295" testName="FormatToStringTest1000(29796.909338079815d,&quot;29796.91 zł&quot;)" computerName="DESKTOP-5URQ9PB" duration="00:00:00.0000180" startTime="2022-06-13T21:12:51.3349180+02:00" endTime="2022-06-13T21:12:51.3349361+02:00" testType="13cdc9d9-ddb5-4fa4-a97d-d965ccfc6d4b" outcome="Passed" testListId="8c84fa94-04c1-424b-9868-57a2d4851a1d" relativeResultsDirectory="75ce669e-29f3-46d6-8138-a4c4b9e00c71" />
    <UnitTestResult executionId="4f2d6a09-1f5a-4847-818b-a6b62d054e45" testId="b923c1df-de90-30ce-6175-be67d41806a2" testName="FormatToStringTest1000(58459.03113649601d,&quot;58459.03 zł&quot;)" computerName="DESKTOP-5URQ9PB" duration="00:00:00.0000180" startTime="2022-06-13T21:12:51.3261319+02:00" endTime="2022-06-13T21:12:51.3261498+02:00" testType="13cdc9d9-ddb5-4fa4-a97d-d965ccfc6d4b" outcome="Passed" testListId="8c84fa94-04c1-424b-9868-57a2d4851a1d" relativeResultsDirectory="4f2d6a09-1f5a-4847-818b-a6b62d054e45" />
    <UnitTestResult executionId="5150b372-b81f-4c45-ad69-7e303f555ca7" testId="c1905b94-6245-64ed-8028-a7655f8970eb" testName="FormatToStringTest1000(5961.755129208674d,&quot;5961.76 zł&quot;)" computerName="DESKTOP-5URQ9PB" duration="00:00:00.0000180" startTime="2022-06-13T21:12:51.3200757+02:00" endTime="2022-06-13T21:12:51.3200937+02:00" testType="13cdc9d9-ddb5-4fa4-a97d-d965ccfc6d4b" outcome="Passed" testListId="8c84fa94-04c1-424b-9868-57a2d4851a1d" relativeResultsDirectory="5150b372-b81f-4c45-ad69-7e303f555ca7" />
    <UnitTestResult executionId="ae914e12-79a8-4b55-b2e8-0ee596fe3b90" testId="f0159238-5dbe-94b2-dc06-cbfbca0e38a0" testName="FormatToStringTest1000(55010.474927814896d,&quot;55010.47 zł&quot;)" computerName="DESKTOP-5URQ9PB" duration="00:00:00.0000190" startTime="2022-06-13T21:12:51.3279162+02:00" endTime="2022-06-13T21:12:51.3279353+02:00" testType="13cdc9d9-ddb5-4fa4-a97d-d965ccfc6d4b" outcome="Passed" testListId="8c84fa94-04c1-424b-9868-57a2d4851a1d" relativeResultsDirectory="ae914e12-79a8-4b55-b2e8-0ee596fe3b90" />
    <UnitTestResult executionId="53482f99-add9-47a8-b88e-bb5ededa2ad2" testId="fb12626f-6bd8-49ed-e189-ad76e4b7496b" testName="FormatToStringTest1000(38402.8293406753d,&quot;38402.83 zł&quot;)" computerName="DESKTOP-5URQ9PB" duration="00:00:00.0000190" startTime="2022-06-13T21:12:51.3286684+02:00" endTime="2022-06-13T21:12:51.3286867+02:00" testType="13cdc9d9-ddb5-4fa4-a97d-d965ccfc6d4b" outcome="Passed" testListId="8c84fa94-04c1-424b-9868-57a2d4851a1d" relativeResultsDirectory="53482f99-add9-47a8-b88e-bb5ededa2ad2" />
    <UnitTestResult executionId="17bea07b-8a32-4971-92e1-a563bc36ebe4" testId="4981a909-3e1a-e6df-4bdc-c1e8e4928845" testName="FormatToStringTest1000(33601.357302459124d,&quot;33601.36 zł&quot;)" computerName="DESKTOP-5URQ9PB" duration="00:00:00.0000190" startTime="2022-06-13T21:12:51.3339318+02:00" endTime="2022-06-13T21:12:51.3339504+02:00" testType="13cdc9d9-ddb5-4fa4-a97d-d965ccfc6d4b" outcome="Passed" testListId="8c84fa94-04c1-424b-9868-57a2d4851a1d" relativeResultsDirectory="17bea07b-8a32-4971-92e1-a563bc36ebe4" />
    <UnitTestResult executionId="e48edd00-def7-4798-a4db-3c95df47afd4" testId="a847ffac-041e-82ae-b13a-0b82098799e8" testName="FormatToStringTest1000(59768.02667973611d,&quot;59768.03 zł&quot;)" computerName="DESKTOP-5URQ9PB" duration="00:00:00.0000190" startTime="2022-06-13T21:12:51.3230385+02:00" endTime="2022-06-13T21:12:51.3230572+02:00" testType="13cdc9d9-ddb5-4fa4-a97d-d965ccfc6d4b" outcome="Passed" testListId="8c84fa94-04c1-424b-9868-57a2d4851a1d" relativeResultsDirectory="e48edd00-def7-4798-a4db-3c95df47afd4" />
    <UnitTestResult executionId="eedd71e3-edf0-4406-8fec-92af2a4e38db" testId="71b5ba87-68b9-157d-6948-87a1827119b3" testName="FormatToStringTest1000(32566.30279101259d,&quot;32566.30 zł&quot;)" computerName="DESKTOP-5URQ9PB" duration="00:00:00.0000190" startTime="2022-06-13T21:12:51.3133292+02:00" endTime="2022-06-13T21:12:51.3133476+02:00" testType="13cdc9d9-ddb5-4fa4-a97d-d965ccfc6d4b" outcome="Passed" testListId="8c84fa94-04c1-424b-9868-57a2d4851a1d" relativeResultsDirectory="eedd71e3-edf0-4406-8fec-92af2a4e38db" />
    <UnitTestResult executionId="ba3e58f2-d0f1-41c1-a998-c6ce634d0292" testId="1bf3b326-0db3-88e9-a1ae-c5de32b68479" testName="FormatToStringTest1000(8211.920994553679d,&quot;8211.92 zł&quot;)" computerName="DESKTOP-5URQ9PB" duration="00:00:00.0000190" startTime="2022-06-13T21:12:51.3189132+02:00" endTime="2022-06-13T21:12:51.3189318+02:00" testType="13cdc9d9-ddb5-4fa4-a97d-d965ccfc6d4b" outcome="Passed" testListId="8c84fa94-04c1-424b-9868-57a2d4851a1d" relativeResultsDirectory="ba3e58f2-d0f1-41c1-a998-c6ce634d0292" />
    <UnitTestResult executionId="0652f3cf-31af-4feb-9070-10260f64608c" testId="c2736500-86f5-c7ae-a0e1-fceb61e5a5d4" testName="FormatToStringTest1000(46607.970025941715d,&quot;46607.97 zł&quot;)" computerName="DESKTOP-5URQ9PB" duration="00:00:00.0000180" startTime="2022-06-13T21:12:51.3210747+02:00" endTime="2022-06-13T21:12:51.3210928+02:00" testType="13cdc9d9-ddb5-4fa4-a97d-d965ccfc6d4b" outcome="Passed" testListId="8c84fa94-04c1-424b-9868-57a2d4851a1d" relativeResultsDirectory="0652f3cf-31af-4feb-9070-10260f64608c" />
    <UnitTestResult executionId="6d1a212e-0591-4934-8873-8be58b4ca788" testId="8d93f248-c3e9-e97f-b3e2-6491b331020f" testName="FormatToStringTest1000(29474.095826699442d,&quot;29474.10 zł&quot;)" computerName="DESKTOP-5URQ9PB" duration="00:00:00.0000180" startTime="2022-06-13T21:12:51.3345042+02:00" endTime="2022-06-13T21:12:51.3345223+02:00" testType="13cdc9d9-ddb5-4fa4-a97d-d965ccfc6d4b" outcome="Passed" testListId="8c84fa94-04c1-424b-9868-57a2d4851a1d" relativeResultsDirectory="6d1a212e-0591-4934-8873-8be58b4ca788" />
    <UnitTestResult executionId="eb3a70bd-4e95-4389-b5ee-78b5d9a8e73e" testId="39c7a244-b75e-9f86-9d15-adfafecd21ca" testName="FormatToStringTest1000(5548.360986085777d,&quot;5548.36 zł&quot;)" computerName="DESKTOP-5URQ9PB" duration="00:00:00.0000190" startTime="2022-06-13T21:12:51.3259092+02:00" endTime="2022-06-13T21:12:51.3259276+02:00" testType="13cdc9d9-ddb5-4fa4-a97d-d965ccfc6d4b" outcome="Passed" testListId="8c84fa94-04c1-424b-9868-57a2d4851a1d" relativeResultsDirectory="eb3a70bd-4e95-4389-b5ee-78b5d9a8e73e" />
    <UnitTestResult executionId="e5284ef7-501e-4d6a-8415-d1dc1a4ee62e" testId="b7f6b02b-7701-48a7-6ef3-dc8df7e50575" testName="FormatToStringTest1000(40889.35187774214d,&quot;40889.35 zł&quot;)" computerName="DESKTOP-5URQ9PB" duration="00:00:00.0000180" startTime="2022-06-13T21:12:51.3301315+02:00" endTime="2022-06-13T21:12:51.3301491+02:00" testType="13cdc9d9-ddb5-4fa4-a97d-d965ccfc6d4b" outcome="Passed" testListId="8c84fa94-04c1-424b-9868-57a2d4851a1d" relativeResultsDirectory="e5284ef7-501e-4d6a-8415-d1dc1a4ee62e" />
    <UnitTestResult executionId="01cdb710-4f31-4799-bdc2-7e5732c04d85" testId="7ae5fdac-2c37-dafa-ea81-102d467ed88a" testName="FormatToStringTest1000(11494.27761332238d,&quot;11494.28 zł&quot;)" computerName="DESKTOP-5URQ9PB" duration="00:00:00.0000190" startTime="2022-06-13T21:12:51.3172020+02:00" endTime="2022-06-13T21:12:51.3172209+02:00" testType="13cdc9d9-ddb5-4fa4-a97d-d965ccfc6d4b" outcome="Passed" testListId="8c84fa94-04c1-424b-9868-57a2d4851a1d" relativeResultsDirectory="01cdb710-4f31-4799-bdc2-7e5732c04d85" />
    <UnitTestResult executionId="3db0d8d4-179b-461f-ad6e-f41cbf3bba0c" testId="0107bc98-e88d-a137-c4d8-ff01a11c4723" testName="FormatToStringTest1000(16208.076866391615d,&quot;16208.08 zł&quot;)" computerName="DESKTOP-5URQ9PB" duration="00:00:00.0000180" startTime="2022-06-13T21:12:51.3344803+02:00" endTime="2022-06-13T21:12:51.3344978+02:00" testType="13cdc9d9-ddb5-4fa4-a97d-d965ccfc6d4b" outcome="Passed" testListId="8c84fa94-04c1-424b-9868-57a2d4851a1d" relativeResultsDirectory="3db0d8d4-179b-461f-ad6e-f41cbf3bba0c" />
    <UnitTestResult executionId="05a08c5d-40b9-4a50-b1e9-56d4d3bc596d" testId="bc8b0527-de00-05c5-8ddf-e463dace5bf0" testName="FormatToStringTest1000(42728.35751444258d,&quot;42728.36 zł&quot;)" computerName="DESKTOP-5URQ9PB" duration="00:00:00.0000180" startTime="2022-06-13T21:12:51.3308554+02:00" endTime="2022-06-13T21:12:51.3308735+02:00" testType="13cdc9d9-ddb5-4fa4-a97d-d965ccfc6d4b" outcome="Passed" testListId="8c84fa94-04c1-424b-9868-57a2d4851a1d" relativeResultsDirectory="05a08c5d-40b9-4a50-b1e9-56d4d3bc596d" />
    <UnitTestResult executionId="ebf5dc4f-2539-4864-93fb-3bdacfe4ca33" testId="6429e0d9-dcee-fed4-29f3-6b39686056fc" testName="FormatToStringTest1000(16957.4523676757d,&quot;16957.45 zł&quot;)" computerName="DESKTOP-5URQ9PB" duration="00:00:00.0000190" startTime="2022-06-13T21:12:51.3235106+02:00" endTime="2022-06-13T21:12:51.3235295+02:00" testType="13cdc9d9-ddb5-4fa4-a97d-d965ccfc6d4b" outcome="Passed" testListId="8c84fa94-04c1-424b-9868-57a2d4851a1d" relativeResultsDirectory="ebf5dc4f-2539-4864-93fb-3bdacfe4ca33" />
    <UnitTestResult executionId="ea586e63-7036-43e6-854e-8c947afdf290" testId="e6f60af7-eaed-5b55-816d-6d2a50c98932" testName="FormatToStringTest1000(29975.4018974022d,&quot;29975.40 zł&quot;)" computerName="DESKTOP-5URQ9PB" duration="00:00:00.0000190" startTime="2022-06-13T21:12:51.3298604+02:00" endTime="2022-06-13T21:12:51.3298789+02:00" testType="13cdc9d9-ddb5-4fa4-a97d-d965ccfc6d4b" outcome="Passed" testListId="8c84fa94-04c1-424b-9868-57a2d4851a1d" relativeResultsDirectory="ea586e63-7036-43e6-854e-8c947afdf290" />
    <UnitTestResult executionId="d5d53916-7008-4e9d-8e05-36c95cb5e76f" testId="0718464f-7428-3c2c-d7c1-1af84b0bb5ee" testName="FormatToStringTest1000(4030.673117592313d,&quot;4030.67 zł&quot;)" computerName="DESKTOP-5URQ9PB" duration="00:00:00.0000180" startTime="2022-06-13T21:12:51.3188399+02:00" endTime="2022-06-13T21:12:51.3188580+02:00" testType="13cdc9d9-ddb5-4fa4-a97d-d965ccfc6d4b" outcome="Passed" testListId="8c84fa94-04c1-424b-9868-57a2d4851a1d" relativeResultsDirectory="d5d53916-7008-4e9d-8e05-36c95cb5e76f" />
    <UnitTestResult executionId="e057a882-b9c5-4fe6-9e5d-7903b8b97cfb" testId="ae5c211a-4af1-929a-38fa-5c9b4f30973f" testName="FormatToStringTest1000(30626.373939456127d,&quot;30626.37 zł&quot;)" computerName="DESKTOP-5URQ9PB" duration="00:00:00.0000180" startTime="2022-06-13T21:12:51.3132555+02:00" endTime="2022-06-13T21:12:51.3132733+02:00" testType="13cdc9d9-ddb5-4fa4-a97d-d965ccfc6d4b" outcome="Passed" testListId="8c84fa94-04c1-424b-9868-57a2d4851a1d" relativeResultsDirectory="e057a882-b9c5-4fe6-9e5d-7903b8b97cfb" />
    <UnitTestResult executionId="d44d61b0-74d3-4f97-add6-57547c12ef90" testId="a35c67b3-dcd5-5426-949a-a2a9a2f95735" testName="FormatToStringTest1000(34458.5406463512d,&quot;34458.54 zł&quot;)" computerName="DESKTOP-5URQ9PB" duration="00:00:00.0000190" startTime="2022-06-13T21:12:51.3250224+02:00" endTime="2022-06-13T21:12:51.3250407+02:00" testType="13cdc9d9-ddb5-4fa4-a97d-d965ccfc6d4b" outcome="Passed" testListId="8c84fa94-04c1-424b-9868-57a2d4851a1d" relativeResultsDirectory="d44d61b0-74d3-4f97-add6-57547c12ef90" />
    <UnitTestResult executionId="d81f751d-4397-4e45-9707-fe2de84b6c6c" testId="bb69a9ef-0ed6-4747-9681-639ad78f5540" testName="FormatToStringTest1000(34145.534199603615d,&quot;34145.53 zł&quot;)" computerName="DESKTOP-5URQ9PB" duration="00:00:00.0000180" startTime="2022-06-13T21:12:51.3276937+02:00" endTime="2022-06-13T21:12:51.3277118+02:00" testType="13cdc9d9-ddb5-4fa4-a97d-d965ccfc6d4b" outcome="Passed" testListId="8c84fa94-04c1-424b-9868-57a2d4851a1d" relativeResultsDirectory="d81f751d-4397-4e45-9707-fe2de84b6c6c" />
    <UnitTestResult executionId="9efc647e-5ddb-4912-9e8d-e07c2f1fc2ce" testId="67cd7cf5-f472-f19a-a725-58400de88452" testName="FormatToStringTest1000(1994.0983933439006d,&quot;1994.10 zł&quot;)" computerName="DESKTOP-5URQ9PB" duration="00:00:00.0000180" startTime="2022-06-13T21:12:51.3339075+02:00" endTime="2022-06-13T21:12:51.3339254+02:00" testType="13cdc9d9-ddb5-4fa4-a97d-d965ccfc6d4b" outcome="Passed" testListId="8c84fa94-04c1-424b-9868-57a2d4851a1d" relativeResultsDirectory="9efc647e-5ddb-4912-9e8d-e07c2f1fc2ce" />
    <UnitTestResult executionId="aa62c635-1c75-47e5-8052-e6370b72e682" testId="9b2f9530-d092-f9c3-dae1-2f483cfeb52d" testName="FormatToStringTest1000(16282.687804925576d,&quot;16282.69 zł&quot;)" computerName="DESKTOP-5URQ9PB" duration="00:00:00.0000170" startTime="2022-06-13T21:12:51.3145212+02:00" endTime="2022-06-13T21:12:51.3145385+02:00" testType="13cdc9d9-ddb5-4fa4-a97d-d965ccfc6d4b" outcome="Passed" testListId="8c84fa94-04c1-424b-9868-57a2d4851a1d" relativeResultsDirectory="aa62c635-1c75-47e5-8052-e6370b72e682" />
    <UnitTestResult executionId="55433783-5a2c-4eb4-b8f8-a1bd56c9fdc2" testId="32740214-c33e-96ad-e5a0-01c821ac0c2a" testName="FormatToStringTest1000(34951.47290410077d,&quot;34951.47 zł&quot;)" computerName="DESKTOP-5URQ9PB" duration="00:00:00.0000200" startTime="2022-06-13T21:12:51.3209254+02:00" endTime="2022-06-13T21:12:51.3209450+02:00" testType="13cdc9d9-ddb5-4fa4-a97d-d965ccfc6d4b" outcome="Passed" testListId="8c84fa94-04c1-424b-9868-57a2d4851a1d" relativeResultsDirectory="55433783-5a2c-4eb4-b8f8-a1bd56c9fdc2" />
    <UnitTestResult executionId="556b8633-7ca2-415a-8b3a-fca4910f354e" testId="8abb9da4-977b-effb-b6fc-988ee16d7ff4" testName="FormatToStringTest1000(28455.229970996843d,&quot;28455.23 zł&quot;)" computerName="DESKTOP-5URQ9PB" duration="00:00:00.0000180" startTime="2022-06-13T21:12:51.3302545+02:00" endTime="2022-06-13T21:12:51.3302726+02:00" testType="13cdc9d9-ddb5-4fa4-a97d-d965ccfc6d4b" outcome="Passed" testListId="8c84fa94-04c1-424b-9868-57a2d4851a1d" relativeResultsDirectory="556b8633-7ca2-415a-8b3a-fca4910f354e" />
    <UnitTestResult executionId="2b853718-b59c-43ee-ad1f-6c288ed815a1" testId="c51581ef-f81a-dd7d-4cbf-75770d6a883f" testName="FormatToStringTest1000(4105.490993980081d,&quot;4105.49 zł&quot;)" computerName="DESKTOP-5URQ9PB" duration="00:00:00.0000190" startTime="2022-06-13T21:12:51.3169810+02:00" endTime="2022-06-13T21:12:51.3169997+02:00" testType="13cdc9d9-ddb5-4fa4-a97d-d965ccfc6d4b" outcome="Passed" testListId="8c84fa94-04c1-424b-9868-57a2d4851a1d" relativeResultsDirectory="2b853718-b59c-43ee-ad1f-6c288ed815a1" />
    <UnitTestResult executionId="8e9d8035-de31-4c39-b1f0-c8603defdf79" testId="3ec04580-c747-9bc8-6ea0-e87ec6ca04ad" testName="FormatToStringTest1000(73151.83675918348d,&quot;73151.84 zł&quot;)" computerName="DESKTOP-5URQ9PB" duration="00:00:00.0000240" startTime="2022-06-13T21:12:51.3334136+02:00" endTime="2022-06-13T21:12:51.3334377+02:00" testType="13cdc9d9-ddb5-4fa4-a97d-d965ccfc6d4b" outcome="Passed" testListId="8c84fa94-04c1-424b-9868-57a2d4851a1d" relativeResultsDirectory="8e9d8035-de31-4c39-b1f0-c8603defdf79" />
    <UnitTestResult executionId="6d79a562-4700-49cf-afae-d21c155f190e" testId="032648fc-0fdc-1a5c-ef88-d85403381c03" testName="FormatToStringTest1000(38803.03958246253d,&quot;38803.04 zł&quot;)" computerName="DESKTOP-5URQ9PB" duration="00:00:00.0000190" startTime="2022-06-13T21:12:51.3160582+02:00" endTime="2022-06-13T21:12:51.3160771+02:00" testType="13cdc9d9-ddb5-4fa4-a97d-d965ccfc6d4b" outcome="Passed" testListId="8c84fa94-04c1-424b-9868-57a2d4851a1d" relativeResultsDirectory="6d79a562-4700-49cf-afae-d21c155f190e" />
    <UnitTestResult executionId="3db94c3d-c2ca-4744-af4e-e4a00627cb47" testId="0204302a-a6b4-6e62-a63e-362dc9379d6c" testName="FormatToStringTest1000(50009.23881716898d,&quot;50009.24 zł&quot;)" computerName="DESKTOP-5URQ9PB" duration="00:00:00.0000190" startTime="2022-06-13T21:12:51.3243268+02:00" endTime="2022-06-13T21:12:51.3243457+02:00" testType="13cdc9d9-ddb5-4fa4-a97d-d965ccfc6d4b" outcome="Passed" testListId="8c84fa94-04c1-424b-9868-57a2d4851a1d" relativeResultsDirectory="3db94c3d-c2ca-4744-af4e-e4a00627cb47" />
    <UnitTestResult executionId="a28415ea-17e8-4b8f-bb18-f542ee1a1b02" testId="6b324d3b-5796-c056-8636-0eb49b18ead5" testName="FormatToStringTest1000(8542.520616738833d,&quot;8542.52 zł&quot;)" computerName="DESKTOP-5URQ9PB" duration="00:00:00.0000180" startTime="2022-06-13T21:12:51.3285947+02:00" endTime="2022-06-13T21:12:51.3286127+02:00" testType="13cdc9d9-ddb5-4fa4-a97d-d965ccfc6d4b" outcome="Passed" testListId="8c84fa94-04c1-424b-9868-57a2d4851a1d" relativeResultsDirectory="a28415ea-17e8-4b8f-bb18-f542ee1a1b02" />
    <UnitTestResult executionId="e4540084-2dbf-475f-9164-4495e6c197e6" testId="7476f680-f31f-6c35-e7e5-6a1da5d08bf1" testName="FormatToStringTest1000(10661.19584154207d,&quot;10661.20 zł&quot;)" computerName="DESKTOP-5URQ9PB" duration="00:00:00.0000190" startTime="2022-06-13T21:12:51.3277928+02:00" endTime="2022-06-13T21:12:51.3278114+02:00" testType="13cdc9d9-ddb5-4fa4-a97d-d965ccfc6d4b" outcome="Passed" testListId="8c84fa94-04c1-424b-9868-57a2d4851a1d" relativeResultsDirectory="e4540084-2dbf-475f-9164-4495e6c197e6" />
    <UnitTestResult executionId="b9dafb3d-ec80-4e30-9735-8c6cb3a9644a" testId="a32b1b99-bbfe-b0ef-93c7-d7c83b53becf" testName="FormatToStringTest1000(31971.185406704986d,&quot;31971.19 zł&quot;)" computerName="DESKTOP-5URQ9PB" duration="00:00:00.0000180" startTime="2022-06-13T21:12:51.3234862+02:00" endTime="2022-06-13T21:12:51.3235042+02:00" testType="13cdc9d9-ddb5-4fa4-a97d-d965ccfc6d4b" outcome="Passed" testListId="8c84fa94-04c1-424b-9868-57a2d4851a1d" relativeResultsDirectory="b9dafb3d-ec80-4e30-9735-8c6cb3a9644a" />
    <UnitTestResult executionId="3afac260-74bc-4108-a804-9de4b583290c" testId="b09e548c-5a83-3ac9-fa3f-e5118e38e1d9" testName="FormatToStringTest1000(2166.4103293970275d,&quot;2166.41 zł&quot;)" computerName="DESKTOP-5URQ9PB" duration="00:00:00.0000180" startTime="2022-06-13T21:12:51.3233085+02:00" endTime="2022-06-13T21:12:51.3233261+02:00" testType="13cdc9d9-ddb5-4fa4-a97d-d965ccfc6d4b" outcome="Passed" testListId="8c84fa94-04c1-424b-9868-57a2d4851a1d" relativeResultsDirectory="3afac260-74bc-4108-a804-9de4b583290c" />
    <UnitTestResult executionId="755a732c-7a28-4b04-a607-e3f3972a3823" testId="7e94e694-684d-fa09-70c8-651a86e03ea4" testName="FormatToStringTest1000(15669.698889610218d,&quot;15669.70 zł&quot;)" computerName="DESKTOP-5URQ9PB" duration="00:00:00.0000180" startTime="2022-06-13T21:12:51.3305567+02:00" endTime="2022-06-13T21:12:51.3305750+02:00" testType="13cdc9d9-ddb5-4fa4-a97d-d965ccfc6d4b" outcome="Passed" testListId="8c84fa94-04c1-424b-9868-57a2d4851a1d" relativeResultsDirectory="755a732c-7a28-4b04-a607-e3f3972a3823" />
    <UnitTestResult executionId="47afff53-1e5f-473e-9a63-a54fe13572ed" testId="6b78f8da-fc12-62dc-9f88-c5e10a98f007" testName="FormatToStringTest1000(42383.08993972982d,&quot;42383.09 zł&quot;)" computerName="DESKTOP-5URQ9PB" duration="00:00:00.0000190" startTime="2022-06-13T21:12:51.3244304+02:00" endTime="2022-06-13T21:12:51.3244492+02:00" testType="13cdc9d9-ddb5-4fa4-a97d-d965ccfc6d4b" outcome="Passed" testListId="8c84fa94-04c1-424b-9868-57a2d4851a1d" relativeResultsDirectory="47afff53-1e5f-473e-9a63-a54fe13572ed" />
    <UnitTestResult executionId="5bb2ab66-a8b6-4206-b7bc-e4445ba4f5d9" testId="d7f71e56-89f1-ca12-7436-85c71867f730" testName="FormatToStringTest1000(6946.333318357977d,&quot;6946.33 zł&quot;)" computerName="DESKTOP-5URQ9PB" duration="00:00:00.0000180" startTime="2022-06-13T21:12:51.3189628+02:00" endTime="2022-06-13T21:12:51.3189806+02:00" testType="13cdc9d9-ddb5-4fa4-a97d-d965ccfc6d4b" outcome="Passed" testListId="8c84fa94-04c1-424b-9868-57a2d4851a1d" relativeResultsDirectory="5bb2ab66-a8b6-4206-b7bc-e4445ba4f5d9" />
    <UnitTestResult executionId="bb3dda6c-6865-4b32-af9f-277ab7eaa760" testId="685e65c6-c415-f45e-d0fc-3f95f4859375" testName="FormatToStringTest1000(2992.6161168593057d,&quot;2992.62 zł&quot;)" computerName="DESKTOP-5URQ9PB" duration="00:00:00.0000190" startTime="2022-06-13T21:12:51.3306310+02:00" endTime="2022-06-13T21:12:51.3306500+02:00" testType="13cdc9d9-ddb5-4fa4-a97d-d965ccfc6d4b" outcome="Passed" testListId="8c84fa94-04c1-424b-9868-57a2d4851a1d" relativeResultsDirectory="bb3dda6c-6865-4b32-af9f-277ab7eaa760" />
    <UnitTestResult executionId="59be35d0-11b5-4a56-a62a-137ce5c819ce" testId="57f59a31-3f22-a5b8-69d7-45e7719f3ea1" testName="FormatToStringTest1000(7191.024921368353d,&quot;7191.02 zł&quot;)" computerName="DESKTOP-5URQ9PB" duration="00:00:00.0000180" startTime="2022-06-13T21:12:51.3285447+02:00" endTime="2022-06-13T21:12:51.3285629+02:00" testType="13cdc9d9-ddb5-4fa4-a97d-d965ccfc6d4b" outcome="Passed" testListId="8c84fa94-04c1-424b-9868-57a2d4851a1d" relativeResultsDirectory="59be35d0-11b5-4a56-a62a-137ce5c819ce" />
    <UnitTestResult executionId="2340fe71-0f79-4ba3-9eb2-ac8b7512d8f4" testId="9a9fb753-7e29-0228-3909-087838ec3002" testName="FormatToStringTest1000(33851.35523524618d,&quot;33851.36 zł&quot;)" computerName="DESKTOP-5URQ9PB" duration="00:00:00.0000190" startTime="2022-06-13T21:12:51.3233575+02:00" endTime="2022-06-13T21:12:51.3233759+02:00" testType="13cdc9d9-ddb5-4fa4-a97d-d965ccfc6d4b" outcome="Passed" testListId="8c84fa94-04c1-424b-9868-57a2d4851a1d" relativeResultsDirectory="2340fe71-0f79-4ba3-9eb2-ac8b7512d8f4" />
    <UnitTestResult executionId="68846bcb-2fcb-446c-b2c9-f876a0559a3e" testId="f6e6ea6a-a253-8185-3a92-d6751c76c436" testName="FormatToStringTest1000(45445.182098106096d,&quot;45445.18 zł&quot;)" computerName="DESKTOP-5URQ9PB" duration="00:00:00.0000180" startTime="2022-06-13T21:12:51.3185952+02:00" endTime="2022-06-13T21:12:51.3186129+02:00" testType="13cdc9d9-ddb5-4fa4-a97d-d965ccfc6d4b" outcome="Passed" testListId="8c84fa94-04c1-424b-9868-57a2d4851a1d" relativeResultsDirectory="68846bcb-2fcb-446c-b2c9-f876a0559a3e" />
    <UnitTestResult executionId="25e13281-db7a-4e0e-a210-ad6ff4854e30" testId="3e825b25-6db1-d72d-ab5d-475a3a46b642" testName="FormatToStringTest1000(38076.55319665165d,&quot;38076.55 zł&quot;)" computerName="DESKTOP-5URQ9PB" duration="00:00:00.0000190" startTime="2022-06-13T21:12:51.3134839+02:00" endTime="2022-06-13T21:12:51.3135029+02:00" testType="13cdc9d9-ddb5-4fa4-a97d-d965ccfc6d4b" outcome="Passed" testListId="8c84fa94-04c1-424b-9868-57a2d4851a1d" relativeResultsDirectory="25e13281-db7a-4e0e-a210-ad6ff4854e30" />
    <UnitTestResult executionId="6ab5aceb-f71a-4247-8714-945f6208d002" testId="8a2b6295-c6f7-0626-b29d-201c71fd67a5" testName="FormatToStringTest1000(64210.358316209335d,&quot;64210.36 zł&quot;)" computerName="DESKTOP-5URQ9PB" duration="00:00:00.0000190" startTime="2022-06-13T21:12:51.3129669+02:00" endTime="2022-06-13T21:12:51.3129853+02:00" testType="13cdc9d9-ddb5-4fa4-a97d-d965ccfc6d4b" outcome="Passed" testListId="8c84fa94-04c1-424b-9868-57a2d4851a1d" relativeResultsDirectory="6ab5aceb-f71a-4247-8714-945f6208d002" />
    <UnitTestResult executionId="17b1c412-8f43-400b-bc2c-86efafa30b96" testId="7d115265-369e-6487-e000-47e2ac4ab46b" testName="FormatToStringTest1000(61633.2671179945d,&quot;61633.27 zł&quot;)" computerName="DESKTOP-5URQ9PB" duration="00:00:00.0000190" startTime="2022-06-13T21:12:51.3211988+02:00" endTime="2022-06-13T21:12:51.3212172+02:00" testType="13cdc9d9-ddb5-4fa4-a97d-d965ccfc6d4b" outcome="Passed" testListId="8c84fa94-04c1-424b-9868-57a2d4851a1d" relativeResultsDirectory="17b1c412-8f43-400b-bc2c-86efafa30b96" />
    <UnitTestResult executionId="78aa297b-d729-4c57-bc50-fcd05bf8b423" testId="6abd158c-e0bd-4354-9fac-ab6a832540d0" testName="FormatToStringTest1000(68770.73008707525d,&quot;68770.73 zł&quot;)" computerName="DESKTOP-5URQ9PB" duration="00:00:00.0000190" startTime="2022-06-13T21:12:51.3191099+02:00" endTime="2022-06-13T21:12:51.3191284+02:00" testType="13cdc9d9-ddb5-4fa4-a97d-d965ccfc6d4b" outcome="Passed" testListId="8c84fa94-04c1-424b-9868-57a2d4851a1d" relativeResultsDirectory="78aa297b-d729-4c57-bc50-fcd05bf8b423" />
    <UnitTestResult executionId="aa7b777f-b2aa-4c45-9c0d-f94c8c43ebf8" testId="5e8a64ef-fabe-5bbf-4739-e9cf8ccf2ee0" testName="FormatToStringTest1000(65809.35218338219d,&quot;65809.35 zł&quot;)" computerName="DESKTOP-5URQ9PB" duration="00:00:00.0000190" startTime="2022-06-13T21:12:51.3338587+02:00" endTime="2022-06-13T21:12:51.3338771+02:00" testType="13cdc9d9-ddb5-4fa4-a97d-d965ccfc6d4b" outcome="Passed" testListId="8c84fa94-04c1-424b-9868-57a2d4851a1d" relativeResultsDirectory="aa7b777f-b2aa-4c45-9c0d-f94c8c43ebf8" />
    <UnitTestResult executionId="1bfa5c9d-1f44-4e6e-b479-9e8d580704d0" testId="e919c93b-2878-e388-877b-68a9f48cc9b1" testName="FormatToStringTest1000(14719.97001409762d,&quot;14719.97 zł&quot;)" computerName="DESKTOP-5URQ9PB" duration="00:00:00.0000190" startTime="2022-06-13T21:12:51.3151851+02:00" endTime="2022-06-13T21:12:51.3152035+02:00" testType="13cdc9d9-ddb5-4fa4-a97d-d965ccfc6d4b" outcome="Passed" testListId="8c84fa94-04c1-424b-9868-57a2d4851a1d" relativeResultsDirectory="1bfa5c9d-1f44-4e6e-b479-9e8d580704d0" />
    <UnitTestResult executionId="8afcff46-becb-4f11-b9d0-75889c1de4c5" testId="39e2492b-a588-79ac-add5-4d0176982180" testName="FormatToStringTest1000(32863.31705269558d,&quot;32863.32 zł&quot;)" computerName="DESKTOP-5URQ9PB" duration="00:00:00.0000190" startTime="2022-06-13T21:12:51.3298109+02:00" endTime="2022-06-13T21:12:51.3298297+02:00" testType="13cdc9d9-ddb5-4fa4-a97d-d965ccfc6d4b" outcome="Passed" testListId="8c84fa94-04c1-424b-9868-57a2d4851a1d" relativeResultsDirectory="8afcff46-becb-4f11-b9d0-75889c1de4c5" />
    <UnitTestResult executionId="f281e78a-7258-4688-86b8-cb2338204637" testId="62f72a9e-2ef3-be6d-f944-7dcdbad45b8b" testName="FormatToStringTest1000(23980.12943509646d,&quot;23980.13 zł&quot;)" computerName="DESKTOP-5URQ9PB" duration="00:00:00.0000180" startTime="2022-06-13T21:12:51.3142706+02:00" endTime="2022-06-13T21:12:51.3142884+02:00" testType="13cdc9d9-ddb5-4fa4-a97d-d965ccfc6d4b" outcome="Passed" testListId="8c84fa94-04c1-424b-9868-57a2d4851a1d" relativeResultsDirectory="f281e78a-7258-4688-86b8-cb2338204637" />
    <UnitTestResult executionId="fe48230c-8f30-41c5-8672-777f229a4b65" testId="3cf165e2-4de9-3079-4fb7-1ca2dade8ab8" testName="FormatToStringTest1000(51300.77891898145d,&quot;51300.78 zł&quot;)" computerName="DESKTOP-5URQ9PB" duration="00:00:00.0000200" startTime="2022-06-13T21:12:51.3250962+02:00" endTime="2022-06-13T21:12:51.3251159+02:00" testType="13cdc9d9-ddb5-4fa4-a97d-d965ccfc6d4b" outcome="Passed" testListId="8c84fa94-04c1-424b-9868-57a2d4851a1d" relativeResultsDirectory="fe48230c-8f30-41c5-8672-777f229a4b65" />
    <UnitTestResult executionId="be41e0ba-5bfc-4339-826d-30252d0c90af" testId="cb85c450-02e3-5db9-b93c-f905351c1d09" testName="FormatToStringTest1000(16688.70569393677d,&quot;16688.71 zł&quot;)" computerName="DESKTOP-5URQ9PB" duration="00:00:00.0000190" startTime="2022-06-13T21:12:51.3197534+02:00" endTime="2022-06-13T21:12:51.3197718+02:00" testType="13cdc9d9-ddb5-4fa4-a97d-d965ccfc6d4b" outcome="Passed" testListId="8c84fa94-04c1-424b-9868-57a2d4851a1d" relativeResultsDirectory="be41e0ba-5bfc-4339-826d-30252d0c90af" />
    <UnitTestResult executionId="ae6bef68-3a9a-4c69-b064-6eea34fff814" testId="b6307f6f-0923-1f5a-926e-f404ac915b20" testName="FormatToStringTest1000(26174.290999793586d,&quot;26174.29 zł&quot;)" computerName="DESKTOP-5URQ9PB" duration="00:00:00.0000190" startTime="2022-06-13T21:12:51.3311534+02:00" endTime="2022-06-13T21:12:51.3311716+02:00" testType="13cdc9d9-ddb5-4fa4-a97d-d965ccfc6d4b" outcome="Passed" testListId="8c84fa94-04c1-424b-9868-57a2d4851a1d" relativeResultsDirectory="ae6bef68-3a9a-4c69-b064-6eea34fff814" />
    <UnitTestResult executionId="c2b7d3f0-e17c-40d3-8116-8e4ce733bf33" testId="9302047d-d400-9bf9-4ba4-2e05b31dc9ec" testName="FormatToStringTest1000(18424.864078561244d,&quot;18424.86 zł&quot;)" computerName="DESKTOP-5URQ9PB" duration="00:00:00.0000180" startTime="2022-06-13T21:12:51.3173001+02:00" endTime="2022-06-13T21:12:51.3173179+02:00" testType="13cdc9d9-ddb5-4fa4-a97d-d965ccfc6d4b" outcome="Passed" testListId="8c84fa94-04c1-424b-9868-57a2d4851a1d" relativeResultsDirectory="c2b7d3f0-e17c-40d3-8116-8e4ce733bf33" />
    <UnitTestResult executionId="5c7a1231-a724-4577-a249-1f79f3b8ae4f" testId="ebfb6fa8-ee3c-3dd3-7dbb-2004376b7edb" testName="FormatToStringTest1000(66764.31690498316d,&quot;66764.32 zł&quot;)" computerName="DESKTOP-5URQ9PB" duration="00:00:00.0000190" startTime="2022-06-13T21:12:51.3209753+02:00" endTime="2022-06-13T21:12:51.3209942+02:00" testType="13cdc9d9-ddb5-4fa4-a97d-d965ccfc6d4b" outcome="Passed" testListId="8c84fa94-04c1-424b-9868-57a2d4851a1d" relativeResultsDirectory="5c7a1231-a724-4577-a249-1f79f3b8ae4f" />
    <UnitTestResult executionId="13a9e0f7-0c6d-410d-b3e2-c5bfbca77c13" testId="d29aa2a9-a943-d583-f9f3-c1d6c5281005" testName="FormatToStringTest1000(57713.01647853712d,&quot;57713.02 zł&quot;)" computerName="DESKTOP-5URQ9PB" duration="00:00:00.0000190" startTime="2022-06-13T21:12:51.3241535+02:00" endTime="2022-06-13T21:12:51.3241720+02:00" testType="13cdc9d9-ddb5-4fa4-a97d-d965ccfc6d4b" outcome="Passed" testListId="8c84fa94-04c1-424b-9868-57a2d4851a1d" relativeResultsDirectory="13a9e0f7-0c6d-410d-b3e2-c5bfbca77c13" />
    <UnitTestResult executionId="1310e963-1358-4b0e-bff9-7ea89e28d0ea" testId="74c0130b-d063-4d59-6d84-18416c8beb4f" testName="FormatToStringTest1000(32262.93788198984d,&quot;32262.94 zł&quot;)" computerName="DESKTOP-5URQ9PB" duration="00:00:00.0000180" startTime="2022-06-13T21:12:51.3246549+02:00" endTime="2022-06-13T21:12:51.3246730+02:00" testType="13cdc9d9-ddb5-4fa4-a97d-d965ccfc6d4b" outcome="Passed" testListId="8c84fa94-04c1-424b-9868-57a2d4851a1d" relativeResultsDirectory="1310e963-1358-4b0e-bff9-7ea89e28d0ea" />
    <UnitTestResult executionId="973fac87-e667-4069-82cf-e23cd096b29a" testId="d24e4d75-af83-eba3-bdf8-ba8e65054856" testName="FormatToStringTest1000(2505.286326204094d,&quot;2505.29 zł&quot;)" computerName="DESKTOP-5URQ9PB" duration="00:00:00.0000190" startTime="2022-06-13T21:12:51.3233821+02:00" endTime="2022-06-13T21:12:51.3234005+02:00" testType="13cdc9d9-ddb5-4fa4-a97d-d965ccfc6d4b" outcome="Passed" testListId="8c84fa94-04c1-424b-9868-57a2d4851a1d" relativeResultsDirectory="973fac87-e667-4069-82cf-e23cd096b29a" />
    <UnitTestResult executionId="14cbd330-d51b-4b90-ba9b-bd81238db58e" testId="17ffc344-aceb-1f84-f3bf-8205c38e1b46" testName="FormatToStringTest1000(22017.250119325356d,&quot;22017.25 zł&quot;)" computerName="DESKTOP-5URQ9PB" duration="00:00:00.0000180" startTime="2022-06-13T21:12:51.3135581+02:00" endTime="2022-06-13T21:12:51.3135760+02:00" testType="13cdc9d9-ddb5-4fa4-a97d-d965ccfc6d4b" outcome="Passed" testListId="8c84fa94-04c1-424b-9868-57a2d4851a1d" relativeResultsDirectory="14cbd330-d51b-4b90-ba9b-bd81238db58e" />
    <UnitTestResult executionId="05358efa-031d-40b2-8f3e-8465cd5f44f2" testId="a01314ec-fbb5-964d-0d33-e4eebe884133" testName="FormatToStringTest1000(20640.678251201603d,&quot;20640.68 zł&quot;)" computerName="DESKTOP-5URQ9PB" duration="00:00:00.0000180" startTime="2022-06-13T21:12:51.3232845+02:00" endTime="2022-06-13T21:12:51.3233023+02:00" testType="13cdc9d9-ddb5-4fa4-a97d-d965ccfc6d4b" outcome="Passed" testListId="8c84fa94-04c1-424b-9868-57a2d4851a1d" relativeResultsDirectory="05358efa-031d-40b2-8f3e-8465cd5f44f2" />
    <UnitTestResult executionId="4c7bb03b-b00d-49df-b638-087d381f9135" testId="004cf38c-62a9-5d39-4e66-385c7c495389" testName="FormatToStringTest1000(20068.867046961965d,&quot;20068.87 zł&quot;)" computerName="DESKTOP-5URQ9PB" duration="00:00:00.0000190" startTime="2022-06-13T21:12:51.3270186+02:00" endTime="2022-06-13T21:12:51.3270372+02:00" testType="13cdc9d9-ddb5-4fa4-a97d-d965ccfc6d4b" outcome="Passed" testListId="8c84fa94-04c1-424b-9868-57a2d4851a1d" relativeResultsDirectory="4c7bb03b-b00d-49df-b638-087d381f9135" />
    <UnitTestResult executionId="6907ac20-1947-4db6-ac89-6132df814030" testId="628515ca-7a61-a487-4f7e-7b39d713c401" testName="FormatToStringTest1000(29917.15005391145d,&quot;29917.15 zł&quot;)" computerName="DESKTOP-5URQ9PB" duration="00:00:00.0000190" startTime="2022-06-13T21:12:51.3279416+02:00" endTime="2022-06-13T21:12:51.3279600+02:00" testType="13cdc9d9-ddb5-4fa4-a97d-d965ccfc6d4b" outcome="Passed" testListId="8c84fa94-04c1-424b-9868-57a2d4851a1d" relativeResultsDirectory="6907ac20-1947-4db6-ac89-6132df814030" />
    <UnitTestResult executionId="be54caaf-5c06-40df-a8de-a5b68e6b3e82" testId="662f9f8e-b212-7223-452e-c301bb4c0b8d" testName="FormatToStringTest1000(3588.260979617136d,&quot;3588.26 zł&quot;)" computerName="DESKTOP-5URQ9PB" duration="00:00:00.0000180" startTime="2022-06-13T21:12:51.3313040+02:00" endTime="2022-06-13T21:12:51.3313222+02:00" testType="13cdc9d9-ddb5-4fa4-a97d-d965ccfc6d4b" outcome="Passed" testListId="8c84fa94-04c1-424b-9868-57a2d4851a1d" relativeResultsDirectory="be54caaf-5c06-40df-a8de-a5b68e6b3e82" />
    <UnitTestResult executionId="e6927d43-9acd-462f-9697-fcfe42e59b8e" testId="d26e5e0e-e63b-6a1f-1d40-d2dc8692bbaf" testName="FormatToStringTest1000(63507.32603545455d,&quot;63507.33 zł&quot;)" computerName="DESKTOP-5URQ9PB" duration="00:00:00.0000180" startTime="2022-06-13T21:12:51.3125952+02:00" endTime="2022-06-13T21:12:51.3126132+02:00" testType="13cdc9d9-ddb5-4fa4-a97d-d965ccfc6d4b" outcome="Passed" testListId="8c84fa94-04c1-424b-9868-57a2d4851a1d" relativeResultsDirectory="e6927d43-9acd-462f-9697-fcfe42e59b8e" />
    <UnitTestResult executionId="44143e39-2030-4052-a435-450bb436cf6c" testId="92867c0e-facc-7f59-b4bc-04e39d2ba464" testName="FormatToStringTest1000(657.5396922647672d,&quot;657.54 zł&quot;)" computerName="DESKTOP-5URQ9PB" duration="00:00:00.0000190" startTime="2022-06-13T21:12:51.3198026+02:00" endTime="2022-06-13T21:12:51.3198217+02:00" testType="13cdc9d9-ddb5-4fa4-a97d-d965ccfc6d4b" outcome="Passed" testListId="8c84fa94-04c1-424b-9868-57a2d4851a1d" relativeResultsDirectory="44143e39-2030-4052-a435-450bb436cf6c" />
    <UnitTestResult executionId="f54a03cc-8b23-461e-b552-50c2226e3bdc" testId="96b3d30f-d6cb-f987-10e4-934fbe7403b3" testName="FormatToStringTest1000(6958.393354767186d,&quot;6958.39 zł&quot;)" computerName="DESKTOP-5URQ9PB" duration="00:00:00.0000190" startTime="2022-06-13T21:12:51.3107541+02:00" endTime="2022-06-13T21:12:51.3107730+02:00" testType="13cdc9d9-ddb5-4fa4-a97d-d965ccfc6d4b" outcome="Passed" testListId="8c84fa94-04c1-424b-9868-57a2d4851a1d" relativeResultsDirectory="f54a03cc-8b23-461e-b552-50c2226e3bdc" />
    <UnitTestResult executionId="380fc8a6-e501-45ff-9380-a1c2f5fd4608" testId="c54c0d26-3d52-7638-d0ec-e651814ad808" testName="FormatToStringTest1000(2346.9964869427477d,&quot;2347.00 zł&quot;)" computerName="DESKTOP-5URQ9PB" duration="00:00:00.0000200" startTime="2022-06-13T21:12:51.3197277+02:00" endTime="2022-06-13T21:12:51.3197469+02:00" testType="13cdc9d9-ddb5-4fa4-a97d-d965ccfc6d4b" outcome="Passed" testListId="8c84fa94-04c1-424b-9868-57a2d4851a1d" relativeResultsDirectory="380fc8a6-e501-45ff-9380-a1c2f5fd4608" />
    <UnitTestResult executionId="d290b408-cfc5-4a2f-a630-3dd1c8ce2375" testId="ed2b1e2d-f079-ec9f-030f-6c4deaa52702" testName="FormatToStringTest1000(19462.729986486367d,&quot;19462.73 zł&quot;)" computerName="DESKTOP-5URQ9PB" duration="00:00:00.0000230" startTime="2022-06-13T21:12:51.3274141+02:00" endTime="2022-06-13T21:12:51.3274367+02:00" testType="13cdc9d9-ddb5-4fa4-a97d-d965ccfc6d4b" outcome="Passed" testListId="8c84fa94-04c1-424b-9868-57a2d4851a1d" relativeResultsDirectory="d290b408-cfc5-4a2f-a630-3dd1c8ce2375" />
    <UnitTestResult executionId="ebc3daa3-3f2a-4e82-a6d1-00c3815b360f" testId="47e7ec55-4391-8546-d1c3-fb5db01a41e8" testName="FormatToStringTest1000(6213.265206352466d,&quot;6213.27 zł&quot;)" computerName="DESKTOP-5URQ9PB" duration="00:00:00.0000180" startTime="2022-06-13T21:12:51.3191842+02:00" endTime="2022-06-13T21:12:51.3192024+02:00" testType="13cdc9d9-ddb5-4fa4-a97d-d965ccfc6d4b" outcome="Passed" testListId="8c84fa94-04c1-424b-9868-57a2d4851a1d" relativeResultsDirectory="ebc3daa3-3f2a-4e82-a6d1-00c3815b360f" />
    <UnitTestResult executionId="09ff7c19-4db4-47bb-87b2-0ab330481fda" testId="bb7f2094-2f9e-97a8-2260-536683d65f82" testName="FormatToStringTest1000(57809.74722876295d,&quot;57809.75 zł&quot;)" computerName="DESKTOP-5URQ9PB" duration="00:00:00.0000190" startTime="2022-06-13T21:12:51.3227644+02:00" endTime="2022-06-13T21:12:51.3227829+02:00" testType="13cdc9d9-ddb5-4fa4-a97d-d965ccfc6d4b" outcome="Passed" testListId="8c84fa94-04c1-424b-9868-57a2d4851a1d" relativeResultsDirectory="09ff7c19-4db4-47bb-87b2-0ab330481fda" />
    <UnitTestResult executionId="999a8966-9073-4c5a-b50f-d2fbf9f93930" testId="21fecb6a-616e-e0ca-06e2-949826e6d9fe" testName="FormatToStringTest1000(5810.695934967462d,&quot;5810.70 zł&quot;)" computerName="DESKTOP-5URQ9PB" duration="00:00:00.0000210" startTime="2022-06-13T21:12:51.3351714+02:00" endTime="2022-06-13T21:12:51.3351923+02:00" testType="13cdc9d9-ddb5-4fa4-a97d-d965ccfc6d4b" outcome="Passed" testListId="8c84fa94-04c1-424b-9868-57a2d4851a1d" relativeResultsDirectory="999a8966-9073-4c5a-b50f-d2fbf9f93930" />
    <UnitTestResult executionId="c63beaeb-5509-49d0-8ed7-edba190ba8b7" testId="a488094a-b6b5-d178-8919-9dcf3be59209" testName="FormatToStringTest1000(4857.211933034105d,&quot;4857.21 zł&quot;)" computerName="DESKTOP-5URQ9PB" duration="00:00:00.0000180" startTime="2022-06-13T21:12:51.3349424+02:00" endTime="2022-06-13T21:12:51.3349604+02:00" testType="13cdc9d9-ddb5-4fa4-a97d-d965ccfc6d4b" outcome="Passed" testListId="8c84fa94-04c1-424b-9868-57a2d4851a1d" relativeResultsDirectory="c63beaeb-5509-49d0-8ed7-edba190ba8b7" />
    <UnitTestResult executionId="816fcc79-9011-4544-90aa-3989d4130940" testId="3303c520-a64a-555f-afb5-ac27a0847525" testName="FormatToStringTest1000(17315.72309779363d,&quot;17315.72 zł&quot;)" computerName="DESKTOP-5URQ9PB" duration="00:00:00.0000180" startTime="2022-06-13T21:12:51.3190114+02:00" endTime="2022-06-13T21:12:51.3190298+02:00" testType="13cdc9d9-ddb5-4fa4-a97d-d965ccfc6d4b" outcome="Passed" testListId="8c84fa94-04c1-424b-9868-57a2d4851a1d" relativeResultsDirectory="816fcc79-9011-4544-90aa-3989d4130940" />
    <UnitTestResult executionId="10f5a48a-640b-46bb-97d0-159ccb7af9dc" testId="80a01599-be59-3356-d51c-3d8e6f327fd1" testName="FormatToStringTest1000(88616.03808168416d,&quot;88616.04 zł&quot;)" computerName="DESKTOP-5URQ9PB" duration="00:00:00.0000250" startTime="2022-06-13T21:12:51.3315392+02:00" endTime="2022-06-13T21:12:51.3315639+02:00" testType="13cdc9d9-ddb5-4fa4-a97d-d965ccfc6d4b" outcome="Passed" testListId="8c84fa94-04c1-424b-9868-57a2d4851a1d" relativeResultsDirectory="10f5a48a-640b-46bb-97d0-159ccb7af9dc" />
    <UnitTestResult executionId="06f092f6-0aba-45a2-950e-cec5ccd04121" testId="85867aba-850c-5842-e811-a641ca5889cf" testName="FormatToStringTest1000(25288.32036814574d,&quot;25288.32 zł&quot;)" computerName="DESKTOP-5URQ9PB" duration="00:00:00.0000190" startTime="2022-06-13T21:12:51.3260825+02:00" endTime="2022-06-13T21:12:51.3261011+02:00" testType="13cdc9d9-ddb5-4fa4-a97d-d965ccfc6d4b" outcome="Passed" testListId="8c84fa94-04c1-424b-9868-57a2d4851a1d" relativeResultsDirectory="06f092f6-0aba-45a2-950e-cec5ccd04121" />
    <UnitTestResult executionId="f6326bac-7503-4371-bdae-f2bf85a996d5" testId="d39fbf53-bbf3-020f-e6d4-44b45bc00b41" testName="FormatToStringTest1000(16210.791556035536d,&quot;16210.79 zł&quot;)" computerName="DESKTOP-5URQ9PB" duration="00:00:00.0000180" startTime="2022-06-13T21:12:51.3293100+02:00" endTime="2022-06-13T21:12:51.3293282+02:00" testType="13cdc9d9-ddb5-4fa4-a97d-d965ccfc6d4b" outcome="Passed" testListId="8c84fa94-04c1-424b-9868-57a2d4851a1d" relativeResultsDirectory="f6326bac-7503-4371-bdae-f2bf85a996d5" />
    <UnitTestResult executionId="f13f8f61-c452-4b2d-bfba-29d3f7d9f999" testId="ceb7f684-931d-5c6c-b7df-e9079ac9afdf" testName="FormatToStringTest1000(84686.32148464039d,&quot;84686.32 zł&quot;)" computerName="DESKTOP-5URQ9PB" duration="00:00:00.0000180" startTime="2022-06-13T21:12:51.3219927+02:00" endTime="2022-06-13T21:12:51.3220109+02:00" testType="13cdc9d9-ddb5-4fa4-a97d-d965ccfc6d4b" outcome="Passed" testListId="8c84fa94-04c1-424b-9868-57a2d4851a1d" relativeResultsDirectory="f13f8f61-c452-4b2d-bfba-29d3f7d9f999" />
    <UnitTestResult executionId="b0a1d1da-c736-4a32-aa0f-efe3d1d16f46" testId="b54d2807-218d-96e0-fe0e-06e67796eaa7" testName="FormatToStringTest1000(26220.382477706476d,&quot;26220.38 zł&quot;)" computerName="DESKTOP-5URQ9PB" duration="00:00:00.0000190" startTime="2022-06-13T21:12:51.3313787+02:00" endTime="2022-06-13T21:12:51.3313973+02:00" testType="13cdc9d9-ddb5-4fa4-a97d-d965ccfc6d4b" outcome="Passed" testListId="8c84fa94-04c1-424b-9868-57a2d4851a1d" relativeResultsDirectory="b0a1d1da-c736-4a32-aa0f-efe3d1d16f46" />
    <UnitTestResult executionId="76f06441-f098-4600-9817-8f48c88f869b" testId="39003167-8a78-92df-7e4f-41dcd0888168" testName="FormatToStringTest1000(37589.670531794276d,&quot;37589.67 zł&quot;)" computerName="DESKTOP-5URQ9PB" duration="00:00:00.0000180" startTime="2022-06-13T21:12:51.3111873+02:00" endTime="2022-06-13T21:12:51.3112052+02:00" testType="13cdc9d9-ddb5-4fa4-a97d-d965ccfc6d4b" outcome="Passed" testListId="8c84fa94-04c1-424b-9868-57a2d4851a1d" relativeResultsDirectory="76f06441-f098-4600-9817-8f48c88f869b" />
    <UnitTestResult executionId="204c3072-a0af-4b47-a0f0-39f08f5c468d" testId="853ab17c-1011-8c0b-9611-6a309f52ffd7" testName="FormatToStringTest1000(39146.892120180135d,&quot;39146.89 zł&quot;)" computerName="DESKTOP-5URQ9PB" duration="00:00:00.0000230" startTime="2022-06-13T21:12:51.3344004+02:00" endTime="2022-06-13T21:12:51.3344230+02:00" testType="13cdc9d9-ddb5-4fa4-a97d-d965ccfc6d4b" outcome="Passed" testListId="8c84fa94-04c1-424b-9868-57a2d4851a1d" relativeResultsDirectory="204c3072-a0af-4b47-a0f0-39f08f5c468d" />
    <UnitTestResult executionId="32fbb700-d143-4a1a-ae65-62e60cd98b94" testId="70548cff-07c6-a6ca-3719-5ff4c0013c06" testName="FormatToStringTest1000(5022.470719070859d,&quot;5022.47 zł&quot;)" computerName="DESKTOP-5URQ9PB" duration="00:00:00.0000180" startTime="2022-06-13T21:12:51.3181950+02:00" endTime="2022-06-13T21:12:51.3182128+02:00" testType="13cdc9d9-ddb5-4fa4-a97d-d965ccfc6d4b" outcome="Passed" testListId="8c84fa94-04c1-424b-9868-57a2d4851a1d" relativeResultsDirectory="32fbb700-d143-4a1a-ae65-62e60cd98b94" />
    <UnitTestResult executionId="15790fac-875a-4b42-a19e-3d5c83ceff81" testId="e3333616-70b0-385e-063b-ec83b99dd0ba" testName="FormatToStringTest1000(35714.78133482243d,&quot;35714.78 zł&quot;)" computerName="DESKTOP-5URQ9PB" duration="00:00:00.0000180" startTime="2022-06-13T21:12:51.3195806+02:00" endTime="2022-06-13T21:12:51.3195986+02:00" testType="13cdc9d9-ddb5-4fa4-a97d-d965ccfc6d4b" outcome="Passed" testListId="8c84fa94-04c1-424b-9868-57a2d4851a1d" relativeResultsDirectory="15790fac-875a-4b42-a19e-3d5c83ceff81" />
    <UnitTestResult executionId="10eaa3bd-a925-4ed5-b2d4-6916bf2c788b" testId="5d21865c-ab0e-9a36-1301-7cb3ba2d4618" testName="FormatToStringTest1000(26215.613055301183d,&quot;26215.61 zł&quot;)" computerName="DESKTOP-5URQ9PB" duration="00:00:00.0000180" startTime="2022-06-13T21:12:51.3254701+02:00" endTime="2022-06-13T21:12:51.3254880+02:00" testType="13cdc9d9-ddb5-4fa4-a97d-d965ccfc6d4b" outcome="Passed" testListId="8c84fa94-04c1-424b-9868-57a2d4851a1d" relativeResultsDirectory="10eaa3bd-a925-4ed5-b2d4-6916bf2c788b" />
    <UnitTestResult executionId="d4b13b78-084f-4149-ad0c-a476cac21f07" testId="098a6c08-89e3-c4e2-de2b-7f783c0ba1b5" testName="FormatToStringTest1000(6102.4120417453405d,&quot;6102.41 zł&quot;)" computerName="DESKTOP-5URQ9PB" duration="00:00:00.0000180" startTime="2022-06-13T21:12:51.3346020+02:00" endTime="2022-06-13T21:12:51.3346197+02:00" testType="13cdc9d9-ddb5-4fa4-a97d-d965ccfc6d4b" outcome="Passed" testListId="8c84fa94-04c1-424b-9868-57a2d4851a1d" relativeResultsDirectory="d4b13b78-084f-4149-ad0c-a476cac21f07" />
    <UnitTestResult executionId="98b6fa22-0bc3-4878-b084-7d07af807283" testId="17734bbb-2d3a-adb5-e319-0683f12164eb" testName="FormatToStringTest1000(9816.961298880615d,&quot;9816.96 zł&quot;)" computerName="DESKTOP-5URQ9PB" duration="00:00:00.0000190" startTime="2022-06-13T21:12:51.3108561+02:00" endTime="2022-06-13T21:12:51.3108747+02:00" testType="13cdc9d9-ddb5-4fa4-a97d-d965ccfc6d4b" outcome="Passed" testListId="8c84fa94-04c1-424b-9868-57a2d4851a1d" relativeResultsDirectory="98b6fa22-0bc3-4878-b084-7d07af807283" />
    <UnitTestResult executionId="7e15c9ad-13e2-4c16-8343-551aa675904b" testId="510aaf45-0379-a668-36c0-4b4e838744ca" testName="FormatToStringTest1000(115.26302841131717d,&quot;115.26 zł&quot;)" computerName="DESKTOP-5URQ9PB" duration="00:00:00.0000260" startTime="2022-06-13T21:12:51.3154370+02:00" endTime="2022-06-13T21:12:51.3154629+02:00" testType="13cdc9d9-ddb5-4fa4-a97d-d965ccfc6d4b" outcome="Passed" testListId="8c84fa94-04c1-424b-9868-57a2d4851a1d" relativeResultsDirectory="7e15c9ad-13e2-4c16-8343-551aa675904b" />
    <UnitTestResult executionId="4aa0df71-e558-4cf7-bbe6-ae44f041b4d6" testId="7a0e454f-7db2-d7d6-0df6-561708317bba" testName="FormatToStringTest1000(20116.958341299072d,&quot;20116.96 zł&quot;)" computerName="DESKTOP-5URQ9PB" duration="00:00:00.0000180" startTime="2022-06-13T21:12:51.3275193+02:00" endTime="2022-06-13T21:12:51.3275375+02:00" testType="13cdc9d9-ddb5-4fa4-a97d-d965ccfc6d4b" outcome="Passed" testListId="8c84fa94-04c1-424b-9868-57a2d4851a1d" relativeResultsDirectory="4aa0df71-e558-4cf7-bbe6-ae44f041b4d6" />
    <UnitTestResult executionId="095a5d91-5a90-42f7-bb98-b289559f1661" testId="55be0839-9d5f-302a-bfcf-f7926cef9841" testName="FormatToStringTest1000(4715.320654313695d,&quot;4715.32 zł&quot;)" computerName="DESKTOP-5URQ9PB" duration="00:00:00.0000180" startTime="2022-06-13T21:12:51.3251459+02:00" endTime="2022-06-13T21:12:51.3251637+02:00" testType="13cdc9d9-ddb5-4fa4-a97d-d965ccfc6d4b" outcome="Passed" testListId="8c84fa94-04c1-424b-9868-57a2d4851a1d" relativeResultsDirectory="095a5d91-5a90-42f7-bb98-b289559f1661" />
    <UnitTestResult executionId="d81c2742-4dfd-49bb-9f89-240e011d59cc" testId="6348b4b0-49f7-9204-9791-fbfe727cb8b8" testName="FormatToStringTest1000(31424.298858482067d,&quot;31424.30 zł&quot;)" computerName="DESKTOP-5URQ9PB" duration="00:00:00.0000190" startTime="2022-06-13T21:12:51.3243767+02:00" endTime="2022-06-13T21:12:51.3243951+02:00" testType="13cdc9d9-ddb5-4fa4-a97d-d965ccfc6d4b" outcome="Passed" testListId="8c84fa94-04c1-424b-9868-57a2d4851a1d" relativeResultsDirectory="d81c2742-4dfd-49bb-9f89-240e011d59cc" />
    <UnitTestResult executionId="72c4a34e-57ed-4e8f-85fd-e63cecb163a0" testId="6a02a9a9-45fc-e93c-144a-ec579f6fd7df" testName="FormatToStringTest1000(14459.57059750686d,&quot;14459.57 zł&quot;)" computerName="DESKTOP-5URQ9PB" duration="00:00:00.0000190" startTime="2022-06-13T21:12:51.3176766+02:00" endTime="2022-06-13T21:12:51.3176955+02:00" testType="13cdc9d9-ddb5-4fa4-a97d-d965ccfc6d4b" outcome="Passed" testListId="8c84fa94-04c1-424b-9868-57a2d4851a1d" relativeResultsDirectory="72c4a34e-57ed-4e8f-85fd-e63cecb163a0" />
    <UnitTestResult executionId="88354765-68be-4e8c-a79c-a6cc1f7c9231" testId="7904b819-04ff-ce91-7814-899d505d8f94" testName="FormatToStringTest1000(11.555284778846096d,&quot;11.56 zł&quot;)" computerName="DESKTOP-5URQ9PB" duration="00:00:00.0000270" startTime="2022-06-13T21:12:51.3314343+02:00" endTime="2022-06-13T21:12:51.3314605+02:00" testType="13cdc9d9-ddb5-4fa4-a97d-d965ccfc6d4b" outcome="Passed" testListId="8c84fa94-04c1-424b-9868-57a2d4851a1d" relativeResultsDirectory="88354765-68be-4e8c-a79c-a6cc1f7c9231" />
    <UnitTestResult executionId="2e4a9cf8-fa6b-4e92-a01d-769010a26631" testId="6c111a58-0dcb-5d69-cab0-6f7362899525" testName="FormatToStringTest1000(9517.514896326473d,&quot;9517.51 zł&quot;)" computerName="DESKTOP-5URQ9PB" duration="00:00:00.0000190" startTime="2022-06-13T21:12:51.3260324+02:00" endTime="2022-06-13T21:12:51.3260513+02:00" testType="13cdc9d9-ddb5-4fa4-a97d-d965ccfc6d4b" outcome="Passed" testListId="8c84fa94-04c1-424b-9868-57a2d4851a1d" relativeResultsDirectory="2e4a9cf8-fa6b-4e92-a01d-769010a26631" />
    <UnitTestResult executionId="17244062-5049-48d6-8c32-d9183ffb36e2" testId="0f39fcee-dd2f-44a0-e35a-8e74fa0a37f5" testName="FormatToStringTest1000(47431.868885526375d,&quot;47431.87 zł&quot;)" computerName="DESKTOP-5URQ9PB" duration="00:00:00.0000200" startTime="2022-06-13T21:12:51.3241037+02:00" endTime="2022-06-13T21:12:51.3241232+02:00" testType="13cdc9d9-ddb5-4fa4-a97d-d965ccfc6d4b" outcome="Passed" testListId="8c84fa94-04c1-424b-9868-57a2d4851a1d" relativeResultsDirectory="17244062-5049-48d6-8c32-d9183ffb36e2" />
    <UnitTestResult executionId="275b79cd-d933-4328-bd98-11c2a7277953" testId="b9c69082-a036-d41e-d5a0-c1cde2a1d040" testName="FormatToStringTest1000(9661.966055578536d,&quot;9661.97 zł&quot;)" computerName="DESKTOP-5URQ9PB" duration="00:00:00.0000180" startTime="2022-06-13T21:12:51.3196297+02:00" endTime="2022-06-13T21:12:51.3196477+02:00" testType="13cdc9d9-ddb5-4fa4-a97d-d965ccfc6d4b" outcome="Passed" testListId="8c84fa94-04c1-424b-9868-57a2d4851a1d" relativeResultsDirectory="275b79cd-d933-4328-bd98-11c2a7277953" />
    <UnitTestResult executionId="39da1f8a-0c2f-4a62-989c-79f5a3f57105" testId="e2a03079-8dae-3d38-3cf5-f27f7a4202a4" testName="FormatToStringTest1000(4612.32080757633d,&quot;4612.32 zł&quot;)" computerName="DESKTOP-5URQ9PB" duration="00:00:00.0000190" startTime="2022-06-13T21:12:51.3323977+02:00" endTime="2022-06-13T21:12:51.3324169+02:00" testType="13cdc9d9-ddb5-4fa4-a97d-d965ccfc6d4b" outcome="Passed" testListId="8c84fa94-04c1-424b-9868-57a2d4851a1d" relativeResultsDirectory="39da1f8a-0c2f-4a62-989c-79f5a3f57105" />
    <UnitTestResult executionId="16aa1969-95db-4c2d-a71d-95a80ea5509e" testId="4d634782-9db9-e8af-a18d-f1e4c45e4686" testName="FormatToStringTest1000(941.429400278921d,&quot;941.43 zł&quot;)" computerName="DESKTOP-5URQ9PB" duration="00:00:00.0000180" startTime="2022-06-13T21:12:51.3192821+02:00" endTime="2022-06-13T21:12:51.3193001+02:00" testType="13cdc9d9-ddb5-4fa4-a97d-d965ccfc6d4b" outcome="Passed" testListId="8c84fa94-04c1-424b-9868-57a2d4851a1d" relativeResultsDirectory="16aa1969-95db-4c2d-a71d-95a80ea5509e" />
    <UnitTestResult executionId="076f8f12-ca2c-4e9c-9c88-cf20250d21ec" testId="d9e3c39e-a746-2b8a-5354-8ea82331bcd9" testName="FormatToStringTest1000(9151.103070427245d,&quot;9151.10 zł&quot;)" computerName="DESKTOP-5URQ9PB" duration="00:00:00.0000180" startTime="2022-06-13T21:12:51.3348939+02:00" endTime="2022-06-13T21:12:51.3349115+02:00" testType="13cdc9d9-ddb5-4fa4-a97d-d965ccfc6d4b" outcome="Passed" testListId="8c84fa94-04c1-424b-9868-57a2d4851a1d" relativeResultsDirectory="076f8f12-ca2c-4e9c-9c88-cf20250d21ec" />
    <UnitTestResult executionId="bfdad5b0-8216-4fed-81d2-6f71ef4bcf00" testId="0ad74e44-881e-9461-7e6f-381a5cc80df0" testName="FormatToStringTest1000(51503.82905738234d,&quot;51503.83 zł&quot;)" computerName="DESKTOP-5URQ9PB" duration="00:00:00.0000180" startTime="2022-06-13T21:12:51.3156890+02:00" endTime="2022-06-13T21:12:51.3157071+02:00" testType="13cdc9d9-ddb5-4fa4-a97d-d965ccfc6d4b" outcome="Passed" testListId="8c84fa94-04c1-424b-9868-57a2d4851a1d" relativeResultsDirectory="bfdad5b0-8216-4fed-81d2-6f71ef4bcf00" />
    <UnitTestResult executionId="c607fd21-ebcd-441d-9bc1-a586a69a5879" testId="f1dc036c-9edd-e200-4e53-f62b2f9452ea" testName="FormatToStringTest1000(803.2448148733214d,&quot;803.24 zł&quot;)" computerName="DESKTOP-5URQ9PB" duration="00:00:00.0000180" startTime="2022-06-13T21:12:51.3334446+02:00" endTime="2022-06-13T21:12:51.3334628+02:00" testType="13cdc9d9-ddb5-4fa4-a97d-d965ccfc6d4b" outcome="Passed" testListId="8c84fa94-04c1-424b-9868-57a2d4851a1d" relativeResultsDirectory="c607fd21-ebcd-441d-9bc1-a586a69a5879" />
    <UnitTestResult executionId="43b172f0-48d9-4e10-9738-4f61e637fc5c" testId="b83433ff-1f44-78cf-aaee-d87286ab6972" testName="FormatToStringTest1000(24476.442216712254d,&quot;24476.44 zł&quot;)" computerName="DESKTOP-5URQ9PB" duration="00:00:00.0000190" startTime="2022-06-13T21:12:51.3239800+02:00" endTime="2022-06-13T21:12:51.3239993+02:00" testType="13cdc9d9-ddb5-4fa4-a97d-d965ccfc6d4b" outcome="Passed" testListId="8c84fa94-04c1-424b-9868-57a2d4851a1d" relativeResultsDirectory="43b172f0-48d9-4e10-9738-4f61e637fc5c" />
    <UnitTestResult executionId="a2c7cec7-278c-42cd-97a0-67dc3155ab1f" testId="6db05940-47de-0c9c-5b92-fcba99ecc227" testName="FormatToStringTest1000(13414.3551766441d,&quot;13414.36 zł&quot;)" computerName="DESKTOP-5URQ9PB" duration="00:00:00.0000180" startTime="2022-06-13T21:12:51.3186936+02:00" endTime="2022-06-13T21:12:51.3187116+02:00" testType="13cdc9d9-ddb5-4fa4-a97d-d965ccfc6d4b" outcome="Passed" testListId="8c84fa94-04c1-424b-9868-57a2d4851a1d" relativeResultsDirectory="a2c7cec7-278c-42cd-97a0-67dc3155ab1f" />
    <UnitTestResult executionId="7ba1f0f9-1fb8-4be0-a6cb-e8bc32e87a06" testId="31ed7871-edfd-2633-6788-723019e7f3e1" testName="FormatToStringTest1000(9624.06628225188d,&quot;9624.07 zł&quot;)" computerName="DESKTOP-5URQ9PB" duration="00:00:00.0000190" startTime="2022-06-13T21:12:51.3295638+02:00" endTime="2022-06-13T21:12:51.3295824+02:00" testType="13cdc9d9-ddb5-4fa4-a97d-d965ccfc6d4b" outcome="Passed" testListId="8c84fa94-04c1-424b-9868-57a2d4851a1d" relativeResultsDirectory="7ba1f0f9-1fb8-4be0-a6cb-e8bc32e87a06" />
    <UnitTestResult executionId="7e9112ec-8013-42e6-a790-2d8a5e95361b" testId="12c8d806-dc76-730d-d276-1d289133c533" testName="FormatToStringTest1000(16597.22844427788d,&quot;16597.23 zł&quot;)" computerName="DESKTOP-5URQ9PB" duration="00:00:00.0000190" startTime="2022-06-13T21:12:51.3148899+02:00" endTime="2022-06-13T21:12:51.3149084+02:00" testType="13cdc9d9-ddb5-4fa4-a97d-d965ccfc6d4b" outcome="Passed" testListId="8c84fa94-04c1-424b-9868-57a2d4851a1d" relativeResultsDirectory="7e9112ec-8013-42e6-a790-2d8a5e95361b" />
    <UnitTestResult executionId="07c23a29-0840-47cb-97ea-a6ee3cf15cca" testId="e4a60893-7e5b-dc4d-fd91-d28f1c9b83a3" testName="FormatToStringTest1000(38961.459057294516d,&quot;38961.46 zł&quot;)" computerName="DESKTOP-5URQ9PB" duration="00:00:00.0000180" startTime="2022-06-13T21:12:51.3201010+02:00" endTime="2022-06-13T21:12:51.3201191+02:00" testType="13cdc9d9-ddb5-4fa4-a97d-d965ccfc6d4b" outcome="Passed" testListId="8c84fa94-04c1-424b-9868-57a2d4851a1d" relativeResultsDirectory="07c23a29-0840-47cb-97ea-a6ee3cf15cca" />
    <UnitTestResult executionId="7f9143c0-c41d-4831-8ba7-aafe9a34aa5f" testId="7146296d-c8e1-b13f-44e4-16f25fa9af9d" testName="FormatToStringTest1000(591.2110872302256d,&quot;591.21 zł&quot;)" computerName="DESKTOP-5URQ9PB" duration="00:00:00.0000180" startTime="2022-06-13T21:12:51.3116544+02:00" endTime="2022-06-13T21:12:51.3116724+02:00" testType="13cdc9d9-ddb5-4fa4-a97d-d965ccfc6d4b" outcome="Passed" testListId="8c84fa94-04c1-424b-9868-57a2d4851a1d" relativeResultsDirectory="7f9143c0-c41d-4831-8ba7-aafe9a34aa5f" />
    <UnitTestResult executionId="2018173b-6132-471a-9ac9-93bda0e3627e" testId="719fd87e-be7b-b92c-8926-a4bddcef0244" testName="FormatToStringTest1000(7407.385606687696d,&quot;7407.39 zł&quot;)" computerName="DESKTOP-5URQ9PB" duration="00:00:00.0000190" startTime="2022-06-13T21:12:51.3249237+02:00" endTime="2022-06-13T21:12:51.3249421+02:00" testType="13cdc9d9-ddb5-4fa4-a97d-d965ccfc6d4b" outcome="Passed" testListId="8c84fa94-04c1-424b-9868-57a2d4851a1d" relativeResultsDirectory="2018173b-6132-471a-9ac9-93bda0e3627e" />
    <UnitTestResult executionId="a49aef50-0502-4d1f-8fbe-2babecfbc31a" testId="5c5be749-8fc1-a0d2-2b32-3e2f32d1a7a1" testName="FormatToStringTest1000(29362.005930638876d,&quot;29362.01 zł&quot;)" computerName="DESKTOP-5URQ9PB" duration="00:00:00.0000180" startTime="2022-06-13T21:12:51.3169325+02:00" endTime="2022-06-13T21:12:51.3169506+02:00" testType="13cdc9d9-ddb5-4fa4-a97d-d965ccfc6d4b" outcome="Passed" testListId="8c84fa94-04c1-424b-9868-57a2d4851a1d" relativeResultsDirectory="a49aef50-0502-4d1f-8fbe-2babecfbc31a" />
    <UnitTestResult executionId="0d48eba2-94e6-494c-b142-4cc5abd24487" testId="8ba4f73b-ec87-c89b-2641-8f6e59861d2d" testName="FormatToStringTest1000(11829.625994884234d,&quot;11829.63 zł&quot;)" computerName="DESKTOP-5URQ9PB" duration="00:00:00.0000190" startTime="2022-06-13T21:12:51.3216245+02:00" endTime="2022-06-13T21:12:51.3216431+02:00" testType="13cdc9d9-ddb5-4fa4-a97d-d965ccfc6d4b" outcome="Passed" testListId="8c84fa94-04c1-424b-9868-57a2d4851a1d" relativeResultsDirectory="0d48eba2-94e6-494c-b142-4cc5abd24487" />
    <UnitTestResult executionId="64fbb1d3-5a67-4f23-94e5-4a30426d7f71" testId="379018c4-3439-ea28-2c36-3039f4766b8e" testName="FormatToStringTest1000(37866.43836050967d,&quot;37866.44 zł&quot;)" computerName="DESKTOP-5URQ9PB" duration="00:00:00.0000190" startTime="2022-06-13T21:12:51.3188643+02:00" endTime="2022-06-13T21:12:51.3188829+02:00" testType="13cdc9d9-ddb5-4fa4-a97d-d965ccfc6d4b" outcome="Passed" testListId="8c84fa94-04c1-424b-9868-57a2d4851a1d" relativeResultsDirectory="64fbb1d3-5a67-4f23-94e5-4a30426d7f71" />
    <UnitTestResult executionId="337e6abb-2843-4703-994c-14d35bea8a18" testId="a5617ce6-af44-3da3-775d-82bd0343fcd9" testName="FormatToStringTest1000(42767.96883676898d,&quot;42767.97 zł&quot;)" computerName="DESKTOP-5URQ9PB" duration="00:00:00.0000180" startTime="2022-06-13T21:12:51.3297868+02:00" endTime="2022-06-13T21:12:51.3298046+02:00" testType="13cdc9d9-ddb5-4fa4-a97d-d965ccfc6d4b" outcome="Passed" testListId="8c84fa94-04c1-424b-9868-57a2d4851a1d" relativeResultsDirectory="337e6abb-2843-4703-994c-14d35bea8a18" />
    <UnitTestResult executionId="c50b2f6d-209f-4e61-9883-1c8cc8216d3f" testId="8591161e-1b40-e9f6-332c-2e1b43b81682" testName="FormatToStringTest1000(47575.6421269959d,&quot;47575.64 zł&quot;)" computerName="DESKTOP-5URQ9PB" duration="00:00:00.0000190" startTime="2022-06-13T21:12:51.3273157+02:00" endTime="2022-06-13T21:12:51.3273342+02:00" testType="13cdc9d9-ddb5-4fa4-a97d-d965ccfc6d4b" outcome="Passed" testListId="8c84fa94-04c1-424b-9868-57a2d4851a1d" relativeResultsDirectory="c50b2f6d-209f-4e61-9883-1c8cc8216d3f" />
    <UnitTestResult executionId="5c1a5c63-f4d9-430a-b7ef-1d61d074ac94" testId="e24a4a8b-d823-3179-90dd-34c590157361" testName="FormatToStringTest1000(2039.440966411699d,&quot;2039.44 zł&quot;)" computerName="DESKTOP-5URQ9PB" duration="00:00:00.0000180" startTime="2022-06-13T21:12:51.3160837+02:00" endTime="2022-06-13T21:12:51.3161016+02:00" testType="13cdc9d9-ddb5-4fa4-a97d-d965ccfc6d4b" outcome="Passed" testListId="8c84fa94-04c1-424b-9868-57a2d4851a1d" relativeResultsDirectory="5c1a5c63-f4d9-430a-b7ef-1d61d074ac94" />
    <UnitTestResult executionId="abb497a3-2c09-4647-abdc-a04b4a97f071" testId="a1a0ba31-d02b-8245-607c-82258ff29354" testName="FormatToStringTest1000(34136.0993783046d,&quot;34136.10 zł&quot;)" computerName="DESKTOP-5URQ9PB" duration="00:00:00.0000180" startTime="2022-06-13T21:12:51.3161576+02:00" endTime="2022-06-13T21:12:51.3161753+02:00" testType="13cdc9d9-ddb5-4fa4-a97d-d965ccfc6d4b" outcome="Passed" testListId="8c84fa94-04c1-424b-9868-57a2d4851a1d" relativeResultsDirectory="abb497a3-2c09-4647-abdc-a04b4a97f071" />
    <UnitTestResult executionId="04b56dbb-d719-4003-92f5-bd4b33aa9c52" testId="803aabd0-814c-fa5a-ba0b-84820a2be95d" testName="FormatToStringTest1000(11796.576829059317d,&quot;11796.58 zł&quot;)" computerName="DESKTOP-5URQ9PB" duration="00:00:00.0000180" startTime="2022-06-13T21:12:51.3310295+02:00" endTime="2022-06-13T21:12:51.3310471+02:00" testType="13cdc9d9-ddb5-4fa4-a97d-d965ccfc6d4b" outcome="Passed" testListId="8c84fa94-04c1-424b-9868-57a2d4851a1d" relativeResultsDirectory="04b56dbb-d719-4003-92f5-bd4b33aa9c52" />
    <UnitTestResult executionId="37ab77dc-9fab-4817-95fe-4e39e131f709" testId="4d3ac1b1-3fbf-8e2e-a5b3-6011afbd1d48" testName="FormatToStringTest1000(1751.7703038522834d,&quot;1751.77 zł&quot;)" computerName="DESKTOP-5URQ9PB" duration="00:00:00.0000180" startTime="2022-06-13T21:12:51.3226403+02:00" endTime="2022-06-13T21:12:51.3226582+02:00" testType="13cdc9d9-ddb5-4fa4-a97d-d965ccfc6d4b" outcome="Passed" testListId="8c84fa94-04c1-424b-9868-57a2d4851a1d" relativeResultsDirectory="37ab77dc-9fab-4817-95fe-4e39e131f709" />
    <UnitTestResult executionId="ea1aade5-33b0-4f78-86a0-1b13305c1deb" testId="07f796cc-f35b-a2f3-f99a-0213c6c6aa02" testName="FormatToStringTest1000(1860.3356292016504d,&quot;1860.34 zł&quot;)" computerName="DESKTOP-5URQ9PB" duration="00:00:00.0000190" startTime="2022-06-13T21:12:51.3228147+02:00" endTime="2022-06-13T21:12:51.3228330+02:00" testType="13cdc9d9-ddb5-4fa4-a97d-d965ccfc6d4b" outcome="Passed" testListId="8c84fa94-04c1-424b-9868-57a2d4851a1d" relativeResultsDirectory="ea1aade5-33b0-4f78-86a0-1b13305c1deb" />
    <UnitTestResult executionId="64c1ff7d-f541-43bc-b170-c298fa03f9c6" testId="e679eaee-e3a9-8b8a-d185-7c73afee0b2f" testName="FormatToStringTest1000(17835.54606576988d,&quot;17835.55 zł&quot;)" computerName="DESKTOP-5URQ9PB" duration="00:00:00.0000180" startTime="2022-06-13T21:12:51.3133538+02:00" endTime="2022-06-13T21:12:51.3133716+02:00" testType="13cdc9d9-ddb5-4fa4-a97d-d965ccfc6d4b" outcome="Passed" testListId="8c84fa94-04c1-424b-9868-57a2d4851a1d" relativeResultsDirectory="64c1ff7d-f541-43bc-b170-c298fa03f9c6" />
    <UnitTestResult executionId="ff6c5b2f-1d7e-4146-b022-46810812d240" testId="97c96922-5169-8a4b-ec79-8c51fbb945f4" testName="FormatToStringTest1000(39314.52353688401d,&quot;39314.52 zł&quot;)" computerName="DESKTOP-5URQ9PB" duration="00:00:00.0000180" startTime="2022-06-13T21:12:51.3282411+02:00" endTime="2022-06-13T21:12:51.3282588+02:00" testType="13cdc9d9-ddb5-4fa4-a97d-d965ccfc6d4b" outcome="Passed" testListId="8c84fa94-04c1-424b-9868-57a2d4851a1d" relativeResultsDirectory="ff6c5b2f-1d7e-4146-b022-46810812d240" />
    <UnitTestResult executionId="2ee89668-f942-42a6-950f-b97c26e7c409" testId="942f2440-35ec-8291-0e34-266a90087e97" testName="FormatToStringTest1000(12641.700665183225d,&quot;12641.70 zł&quot;)" computerName="DESKTOP-5URQ9PB" duration="00:00:00.0000180" startTime="2022-06-13T21:12:51.3172511+02:00" endTime="2022-06-13T21:12:51.3172690+02:00" testType="13cdc9d9-ddb5-4fa4-a97d-d965ccfc6d4b" outcome="Passed" testListId="8c84fa94-04c1-424b-9868-57a2d4851a1d" relativeResultsDirectory="2ee89668-f942-42a6-950f-b97c26e7c409" />
    <UnitTestResult executionId="0bd757fd-e1c6-4fdc-b4d3-33708838a485" testId="b2708039-2d5c-fb09-5f56-062d0cb9067a" testName="FormatToStringTest1000(7594.279030504766d,&quot;7594.28 zł&quot;)" computerName="DESKTOP-5URQ9PB" duration="00:00:00.0000180" startTime="2022-06-13T21:12:51.3116053+02:00" endTime="2022-06-13T21:12:51.3116233+02:00" testType="13cdc9d9-ddb5-4fa4-a97d-d965ccfc6d4b" outcome="Passed" testListId="8c84fa94-04c1-424b-9868-57a2d4851a1d" relativeResultsDirectory="0bd757fd-e1c6-4fdc-b4d3-33708838a485" />
    <UnitTestResult executionId="084694c4-36c0-4315-8d71-3f20258c0fd0" testId="5fd56893-4697-a123-e3df-f5a8329247bd" testName="FormatToStringTest1000(21785.42157155528d,&quot;21785.42 zł&quot;)" computerName="DESKTOP-5URQ9PB" duration="00:00:00.0000180" startTime="2022-06-13T21:12:51.3309052+02:00" endTime="2022-06-13T21:12:51.3309231+02:00" testType="13cdc9d9-ddb5-4fa4-a97d-d965ccfc6d4b" outcome="Passed" testListId="8c84fa94-04c1-424b-9868-57a2d4851a1d" relativeResultsDirectory="084694c4-36c0-4315-8d71-3f20258c0fd0" />
    <UnitTestResult executionId="13aa2528-1759-42c2-bedd-19e965eb12ee" testId="7490fb46-9b1e-86c6-a053-c9324b70ce91" testName="FormatToStringTest1000(27893.312729890138d,&quot;27893.31 zł&quot;)" computerName="DESKTOP-5URQ9PB" duration="00:00:00.0000180" startTime="2022-06-13T21:12:51.3118761+02:00" endTime="2022-06-13T21:12:51.3118939+02:00" testType="13cdc9d9-ddb5-4fa4-a97d-d965ccfc6d4b" outcome="Passed" testListId="8c84fa94-04c1-424b-9868-57a2d4851a1d" relativeResultsDirectory="13aa2528-1759-42c2-bedd-19e965eb12ee" />
    <UnitTestResult executionId="f5e0f848-ec76-40c3-9a9b-d4bff20ffae5" testId="e16968dc-e551-2d79-073b-6318cfa896ba" testName="FormatToStringTest1000(7193.552206002898d,&quot;7193.55 zł&quot;)" computerName="DESKTOP-5URQ9PB" duration="00:00:00.0000180" startTime="2022-06-13T21:12:51.3305321+02:00" endTime="2022-06-13T21:12:51.3305504+02:00" testType="13cdc9d9-ddb5-4fa4-a97d-d965ccfc6d4b" outcome="Passed" testListId="8c84fa94-04c1-424b-9868-57a2d4851a1d" relativeResultsDirectory="f5e0f848-ec76-40c3-9a9b-d4bff20ffae5" />
    <UnitTestResult executionId="4c5c9fa4-6ab5-4569-91b0-9e2cc6fe9d1d" testId="c2c1dbbf-76df-e4ac-1f6c-4bf02108e7b1" testName="FormatToStringTest1000(65963.39932440939d,&quot;65963.40 zł&quot;)" computerName="DESKTOP-5URQ9PB" duration="00:00:00.0000190" startTime="2022-06-13T21:12:51.3336390+02:00" endTime="2022-06-13T21:12:51.3336579+02:00" testType="13cdc9d9-ddb5-4fa4-a97d-d965ccfc6d4b" outcome="Passed" testListId="8c84fa94-04c1-424b-9868-57a2d4851a1d" relativeResultsDirectory="4c5c9fa4-6ab5-4569-91b0-9e2cc6fe9d1d" />
    <UnitTestResult executionId="9008fa7f-562e-461b-9ad4-db0091f79b78" testId="f20c73fc-7f07-e8ef-25e3-d34c7ca18877" testName="FormatToStringTest1000(32218.080508120394d,&quot;32218.08 zł&quot;)" computerName="DESKTOP-5URQ9PB" duration="00:00:00.0000190" startTime="2022-06-13T21:12:51.3129926+02:00" endTime="2022-06-13T21:12:51.3130109+02:00" testType="13cdc9d9-ddb5-4fa4-a97d-d965ccfc6d4b" outcome="Passed" testListId="8c84fa94-04c1-424b-9868-57a2d4851a1d" relativeResultsDirectory="9008fa7f-562e-461b-9ad4-db0091f79b78" />
    <UnitTestResult executionId="cdafb726-1d8a-470a-bd20-0ec86dea9e62" testId="619c3bdd-52f6-f473-bd0e-a552a532adf7" testName="FormatToStringTest1000(41915.7945284563d,&quot;41915.79 zł&quot;)" computerName="DESKTOP-5URQ9PB" duration="00:00:00.0000190" startTime="2022-06-13T21:12:51.3291634+02:00" endTime="2022-06-13T21:12:51.3291823+02:00" testType="13cdc9d9-ddb5-4fa4-a97d-d965ccfc6d4b" outcome="Passed" testListId="8c84fa94-04c1-424b-9868-57a2d4851a1d" relativeResultsDirectory="cdafb726-1d8a-470a-bd20-0ec86dea9e62" />
    <UnitTestResult executionId="3aad2fe2-8344-4417-831b-af7e3beb9584" testId="f3dbad6e-a998-4f0d-7c83-23b7bc70f023" testName="FormatToStringTest1000(46803.36433423374d,&quot;46803.36 zł&quot;)" computerName="DESKTOP-5URQ9PB" duration="00:00:00.0000180" startTime="2022-06-13T21:12:51.3179489+02:00" endTime="2022-06-13T21:12:51.3179668+02:00" testType="13cdc9d9-ddb5-4fa4-a97d-d965ccfc6d4b" outcome="Passed" testListId="8c84fa94-04c1-424b-9868-57a2d4851a1d" relativeResultsDirectory="3aad2fe2-8344-4417-831b-af7e3beb9584" />
    <UnitTestResult executionId="b929a614-14ae-46d8-9564-3c95d2971b4d" testId="d2fc2ae7-e3b1-dc92-6628-90e5bb16c5d2" testName="FormatToStringTest1000(4419.750844657306d,&quot;4419.75 zł&quot;)" computerName="DESKTOP-5URQ9PB" duration="00:00:00.0000180" startTime="2022-06-13T21:12:51.3296632+02:00" endTime="2022-06-13T21:12:51.3296810+02:00" testType="13cdc9d9-ddb5-4fa4-a97d-d965ccfc6d4b" outcome="Passed" testListId="8c84fa94-04c1-424b-9868-57a2d4851a1d" relativeResultsDirectory="b929a614-14ae-46d8-9564-3c95d2971b4d" />
    <UnitTestResult executionId="94ee8a1f-6dfc-43a4-9719-f96eb18b1b43" testId="979c090f-8c86-d264-67f3-13520744166b" testName="FormatToStringTest1000(30138.55109863102d,&quot;30138.55 zł&quot;)" computerName="DESKTOP-5URQ9PB" duration="00:00:00.0000190" startTime="2022-06-13T21:12:51.3265541+02:00" endTime="2022-06-13T21:12:51.3265731+02:00" testType="13cdc9d9-ddb5-4fa4-a97d-d965ccfc6d4b" outcome="Passed" testListId="8c84fa94-04c1-424b-9868-57a2d4851a1d" relativeResultsDirectory="94ee8a1f-6dfc-43a4-9719-f96eb18b1b43" />
    <UnitTestResult executionId="14d52336-2eda-4c43-a5b4-ae034f842a12" testId="57f0eaa3-633d-272b-64dc-58e0ae797fbb" testName="FormatToStringTest1000(12759.925747307914d,&quot;12759.93 zł&quot;)" computerName="DESKTOP-5URQ9PB" duration="00:00:00.0000180" startTime="2022-06-13T21:12:51.3299096+02:00" endTime="2022-06-13T21:12:51.3299272+02:00" testType="13cdc9d9-ddb5-4fa4-a97d-d965ccfc6d4b" outcome="Passed" testListId="8c84fa94-04c1-424b-9868-57a2d4851a1d" relativeResultsDirectory="14d52336-2eda-4c43-a5b4-ae034f842a12" />
    <UnitTestResult executionId="d77920a3-34e2-4af7-9f8c-fbf45909df44" testId="50412f91-cd15-dc69-c1d6-5d9dbd95d4af" testName="FormatToStringTest1000(20482.32969107308d,&quot;20482.33 zł&quot;)" computerName="DESKTOP-5URQ9PB" duration="00:00:00.0000190" startTime="2022-06-13T21:12:51.3147177+02:00" endTime="2022-06-13T21:12:51.3147364+02:00" testType="13cdc9d9-ddb5-4fa4-a97d-d965ccfc6d4b" outcome="Passed" testListId="8c84fa94-04c1-424b-9868-57a2d4851a1d" relativeResultsDirectory="d77920a3-34e2-4af7-9f8c-fbf45909df44" />
    <UnitTestResult executionId="5595beb0-d1a0-4e7f-93cb-e1e747296425" testId="cba33adf-d8e4-1800-afdf-f1e10b328694" testName="FormatToStringTest1000(39531.95190033268d,&quot;39531.95 zł&quot;)" computerName="DESKTOP-5URQ9PB" duration="00:00:00.0000180" startTime="2022-06-13T21:12:51.3278176+02:00" endTime="2022-06-13T21:12:51.3278355+02:00" testType="13cdc9d9-ddb5-4fa4-a97d-d965ccfc6d4b" outcome="Passed" testListId="8c84fa94-04c1-424b-9868-57a2d4851a1d" relativeResultsDirectory="5595beb0-d1a0-4e7f-93cb-e1e747296425" />
    <UnitTestResult executionId="e8bb9895-97f9-4d1b-bb90-b06334d7392d" testId="3e4e2f06-1967-c539-7ba8-6e0f44663842" testName="FormatToStringTest1000(56378.261944644735d,&quot;56378.26 zł&quot;)" computerName="DESKTOP-5URQ9PB" duration="00:00:00.0000180" startTime="2022-06-13T21:12:51.3183672+02:00" endTime="2022-06-13T21:12:51.3183854+02:00" testType="13cdc9d9-ddb5-4fa4-a97d-d965ccfc6d4b" outcome="Passed" testListId="8c84fa94-04c1-424b-9868-57a2d4851a1d" relativeResultsDirectory="e8bb9895-97f9-4d1b-bb90-b06334d7392d" />
    <UnitTestResult executionId="6d174b52-b3ef-4bc8-bbda-86c9a34c4723" testId="becea41b-b5f7-1be9-14b7-7b47b08d6269" testName="FormatToStringTest1000(37114.901517336206d,&quot;37114.90 zł&quot;)" computerName="DESKTOP-5URQ9PB" duration="00:00:00.0000190" startTime="2022-06-13T21:12:51.3310534+02:00" endTime="2022-06-13T21:12:51.3310726+02:00" testType="13cdc9d9-ddb5-4fa4-a97d-d965ccfc6d4b" outcome="Passed" testListId="8c84fa94-04c1-424b-9868-57a2d4851a1d" relativeResultsDirectory="6d174b52-b3ef-4bc8-bbda-86c9a34c4723" />
    <UnitTestResult executionId="8ea2d802-9d0b-4d65-be69-ca9ad4142947" testId="b639588e-b414-82b2-fe24-5fe49a4a3ad3" testName="FormatToStringTest1000(545.7016866634142d,&quot;545.70 zł&quot;)" computerName="DESKTOP-5URQ9PB" duration="00:00:00.0000180" startTime="2022-06-13T21:12:51.3239065+02:00" endTime="2022-06-13T21:12:51.3239246+02:00" testType="13cdc9d9-ddb5-4fa4-a97d-d965ccfc6d4b" outcome="Passed" testListId="8c84fa94-04c1-424b-9868-57a2d4851a1d" relativeResultsDirectory="8ea2d802-9d0b-4d65-be69-ca9ad4142947" />
    <UnitTestResult executionId="efc85ebe-5ced-42ff-9936-c9a5d9b3d689" testId="fb9b5d5a-ec48-a3ed-07db-cf85d51b9faa" testName="FormatToStringTest1000(27942.393876474067d,&quot;27942.39 zł&quot;)" computerName="DESKTOP-5URQ9PB" duration="00:00:00.0000180" startTime="2022-06-13T21:12:51.3253672+02:00" endTime="2022-06-13T21:12:51.3253850+02:00" testType="13cdc9d9-ddb5-4fa4-a97d-d965ccfc6d4b" outcome="Passed" testListId="8c84fa94-04c1-424b-9868-57a2d4851a1d" relativeResultsDirectory="efc85ebe-5ced-42ff-9936-c9a5d9b3d689" />
    <UnitTestResult executionId="0474c099-9af3-40fc-97a0-ff64a99bd32b" testId="6b63c191-3bae-08f6-ef80-e9550ed318c7" testName="FormatToStringTest1000(48544.390887578666d,&quot;48544.39 zł&quot;)" computerName="DESKTOP-5URQ9PB" duration="00:00:00.0000200" startTime="2022-06-13T21:12:51.3245795+02:00" endTime="2022-06-13T21:12:51.3245989+02:00" testType="13cdc9d9-ddb5-4fa4-a97d-d965ccfc6d4b" outcome="Passed" testListId="8c84fa94-04c1-424b-9868-57a2d4851a1d" relativeResultsDirectory="0474c099-9af3-40fc-97a0-ff64a99bd32b" />
    <UnitTestResult executionId="d60c54d6-5eb8-45b6-8611-2c8cc6c6a4e4" testId="95fed375-7969-3fff-ac7b-e41adca485dd" testName="FormatToStringTest1000(1482.3501845832682d,&quot;1482.35 zł&quot;)" computerName="DESKTOP-5URQ9PB" duration="00:00:00.0000190" startTime="2022-06-13T21:12:51.3309792+02:00" endTime="2022-06-13T21:12:51.3309977+02:00" testType="13cdc9d9-ddb5-4fa4-a97d-d965ccfc6d4b" outcome="Passed" testListId="8c84fa94-04c1-424b-9868-57a2d4851a1d" relativeResultsDirectory="d60c54d6-5eb8-45b6-8611-2c8cc6c6a4e4" />
    <UnitTestResult executionId="598e752b-83de-468f-8035-6cf9b478c7ed" testId="451fafcd-e358-2a2a-0150-6d7bc1153f41" testName="FormatToStringTest1000(45955.903045959254d,&quot;45955.90 zł&quot;)" computerName="DESKTOP-5URQ9PB" duration="00:00:00.0000190" startTime="2022-06-13T21:12:51.3282652+02:00" endTime="2022-06-13T21:12:51.3282843+02:00" testType="13cdc9d9-ddb5-4fa4-a97d-d965ccfc6d4b" outcome="Passed" testListId="8c84fa94-04c1-424b-9868-57a2d4851a1d" relativeResultsDirectory="598e752b-83de-468f-8035-6cf9b478c7ed" />
    <UnitTestResult executionId="10f9863c-4b83-4064-97ff-5b6405174f5f" testId="58d53652-da34-09db-a06d-1fae2bb18f28" testName="FormatToStringTest1000(33970.38965150639d,&quot;33970.39 zł&quot;)" computerName="DESKTOP-5URQ9PB" duration="00:00:00.0000190" startTime="2022-06-13T21:12:51.3297621+02:00" endTime="2022-06-13T21:12:51.3297805+02:00" testType="13cdc9d9-ddb5-4fa4-a97d-d965ccfc6d4b" outcome="Passed" testListId="8c84fa94-04c1-424b-9868-57a2d4851a1d" relativeResultsDirectory="10f9863c-4b83-4064-97ff-5b6405174f5f" />
    <UnitTestResult executionId="e73f061b-939f-4026-bd1b-440bd4c4dc3f" testId="28c068cc-4f93-bf31-670a-7f0717946001" testName="FormatToStringTest1000(17988.455793307843d,&quot;17988.46 zł&quot;)" computerName="DESKTOP-5URQ9PB" duration="00:00:00.0000190" startTime="2022-06-13T21:12:51.3142948+02:00" endTime="2022-06-13T21:12:51.3143134+02:00" testType="13cdc9d9-ddb5-4fa4-a97d-d965ccfc6d4b" outcome="Passed" testListId="8c84fa94-04c1-424b-9868-57a2d4851a1d" relativeResultsDirectory="e73f061b-939f-4026-bd1b-440bd4c4dc3f" />
    <UnitTestResult executionId="b794e9f5-4b0b-42fd-b12b-6659c5cf5ae1" testId="11067e87-9b88-327c-9a0f-dda26b0288cb" testName="FormatToStringTest1000(1228.101744225296d,&quot;1228.10 zł&quot;)" computerName="DESKTOP-5URQ9PB" duration="00:00:00.0000180" startTime="2022-06-13T21:12:51.3273405+02:00" endTime="2022-06-13T21:12:51.3273585+02:00" testType="13cdc9d9-ddb5-4fa4-a97d-d965ccfc6d4b" outcome="Passed" testListId="8c84fa94-04c1-424b-9868-57a2d4851a1d" relativeResultsDirectory="b794e9f5-4b0b-42fd-b12b-6659c5cf5ae1" />
    <UnitTestResult executionId="500be487-2c4c-43da-979c-3a3c68645780" testId="03ea9dd2-de50-ef82-5a92-98d7b2ff607a" testName="FormatToStringTest1000(19352.183340702755d,&quot;19352.18 zł&quot;)" computerName="DESKTOP-5URQ9PB" duration="00:00:00.0000190" startTime="2022-06-13T21:12:51.3145447+02:00" endTime="2022-06-13T21:12:51.3145635+02:00" testType="13cdc9d9-ddb5-4fa4-a97d-d965ccfc6d4b" outcome="Passed" testListId="8c84fa94-04c1-424b-9868-57a2d4851a1d" relativeResultsDirectory="500be487-2c4c-43da-979c-3a3c68645780" />
    <UnitTestResult executionId="b262b55d-60c8-474d-ba10-b16b1b5ea7d8" testId="90ee7706-be86-d0d9-20c4-74ab6a1f60b7" testName="FormatToStringTest1000(67109.22110940759d,&quot;67109.22 zł&quot;)" computerName="DESKTOP-5URQ9PB" duration="00:00:00.0000190" startTime="2022-06-13T21:12:51.3312287+02:00" endTime="2022-06-13T21:12:51.3312474+02:00" testType="13cdc9d9-ddb5-4fa4-a97d-d965ccfc6d4b" outcome="Passed" testListId="8c84fa94-04c1-424b-9868-57a2d4851a1d" relativeResultsDirectory="b262b55d-60c8-474d-ba10-b16b1b5ea7d8" />
    <UnitTestResult executionId="a135614d-10fe-4f56-9557-21243c6c10fa" testId="64584126-c6a0-fbd7-9fe1-1a9b0d36c2b6" testName="FormatToStringTest1000(25794.833624416417d,&quot;25794.83 zł&quot;)" computerName="DESKTOP-5URQ9PB" duration="00:00:00.0000180" startTime="2022-06-13T21:12:51.3281669+02:00" endTime="2022-06-13T21:12:51.3281848+02:00" testType="13cdc9d9-ddb5-4fa4-a97d-d965ccfc6d4b" outcome="Passed" testListId="8c84fa94-04c1-424b-9868-57a2d4851a1d" relativeResultsDirectory="a135614d-10fe-4f56-9557-21243c6c10fa" />
    <UnitTestResult executionId="f20f7890-41e9-420a-a33b-450f81efb88b" testId="ea53113d-e645-3e3d-8dda-f0c57f3d1f3e" testName="FormatToStringTest1000(16190.113943164757d,&quot;16190.11 zł&quot;)" computerName="DESKTOP-5URQ9PB" duration="00:00:00.0000190" startTime="2022-06-13T21:12:51.3214267+02:00" endTime="2022-06-13T21:12:51.3214457+02:00" testType="13cdc9d9-ddb5-4fa4-a97d-d965ccfc6d4b" outcome="Passed" testListId="8c84fa94-04c1-424b-9868-57a2d4851a1d" relativeResultsDirectory="f20f7890-41e9-420a-a33b-450f81efb88b" />
    <UnitTestResult executionId="f0ea5ff9-2598-47e2-9616-526a051ac71b" testId="1b0d351a-508f-0807-0c94-56d657ae1623" testName="FormatToStringTest1000(43799.04472166535d,&quot;43799.04 zł&quot;)" computerName="DESKTOP-5URQ9PB" duration="00:00:00.0000180" startTime="2022-06-13T21:12:51.3208519+02:00" endTime="2022-06-13T21:12:51.3208694+02:00" testType="13cdc9d9-ddb5-4fa4-a97d-d965ccfc6d4b" outcome="Passed" testListId="8c84fa94-04c1-424b-9868-57a2d4851a1d" relativeResultsDirectory="f0ea5ff9-2598-47e2-9616-526a051ac71b" />
    <UnitTestResult executionId="c7c25d0c-4772-4099-ad6a-1140b25ebbfb" testId="07033e2b-ce19-3c9a-f51d-d9b702d310a1" testName="FormatToStringTest1000(21281.64584727662d,&quot;21281.65 zł&quot;)" computerName="DESKTOP-5URQ9PB" duration="00:00:00.0000190" startTime="2022-06-13T21:12:51.3162573+02:00" endTime="2022-06-13T21:12:51.3162761+02:00" testType="13cdc9d9-ddb5-4fa4-a97d-d965ccfc6d4b" outcome="Passed" testListId="8c84fa94-04c1-424b-9868-57a2d4851a1d" relativeResultsDirectory="c7c25d0c-4772-4099-ad6a-1140b25ebbfb" />
    <UnitTestResult executionId="6e0bebf6-5f61-4a67-842b-4ed5df319170" testId="13221fa5-3685-19e4-e13a-81cefe081d4d" testName="FormatToStringTest1000(63115.864864394935d,&quot;63115.86 zł&quot;)" computerName="DESKTOP-5URQ9PB" duration="00:00:00.0000180" startTime="2022-06-13T21:12:51.3137295+02:00" endTime="2022-06-13T21:12:51.3137476+02:00" testType="13cdc9d9-ddb5-4fa4-a97d-d965ccfc6d4b" outcome="Passed" testListId="8c84fa94-04c1-424b-9868-57a2d4851a1d" relativeResultsDirectory="6e0bebf6-5f61-4a67-842b-4ed5df319170" />
    <UnitTestResult executionId="1189a600-5af1-4391-a3c0-5529494e405d" testId="d5f63a3d-0bec-c5aa-6fdf-b4d0492c062a" testName="FormatToStringTest1000(11022.594234092438d,&quot;11022.59 zł&quot;)" computerName="DESKTOP-5URQ9PB" duration="00:00:00.0000190" startTime="2022-06-13T21:12:51.3195557+02:00" endTime="2022-06-13T21:12:51.3195743+02:00" testType="13cdc9d9-ddb5-4fa4-a97d-d965ccfc6d4b" outcome="Passed" testListId="8c84fa94-04c1-424b-9868-57a2d4851a1d" relativeResultsDirectory="1189a600-5af1-4391-a3c0-5529494e405d" />
    <UnitTestResult executionId="95446c81-dd86-4fea-a809-f487cbb56d99" testId="774aeb04-879b-a97c-c411-6c8ce34f4ab0" testName="FormatToStringTest1000(1751.1734380625066d,&quot;1751.17 zł&quot;)" computerName="DESKTOP-5URQ9PB" duration="00:00:00.0000190" startTime="2022-06-13T21:12:51.3290381+02:00" endTime="2022-06-13T21:12:51.3290573+02:00" testType="13cdc9d9-ddb5-4fa4-a97d-d965ccfc6d4b" outcome="Passed" testListId="8c84fa94-04c1-424b-9868-57a2d4851a1d" relativeResultsDirectory="95446c81-dd86-4fea-a809-f487cbb56d99" />
    <UnitTestResult executionId="dd09251c-aa50-4fdd-8838-514555fa55c9" testId="9a621664-b485-1b19-02d4-7ca92799a60b" testName="FormatToStringTest1000(13286.856387228174d,&quot;13286.86 zł&quot;)" computerName="DESKTOP-5URQ9PB" duration="00:00:00.0000190" startTime="2022-06-13T21:12:51.3300321+02:00" endTime="2022-06-13T21:12:51.3300509+02:00" testType="13cdc9d9-ddb5-4fa4-a97d-d965ccfc6d4b" outcome="Passed" testListId="8c84fa94-04c1-424b-9868-57a2d4851a1d" relativeResultsDirectory="dd09251c-aa50-4fdd-8838-514555fa55c9" />
    <UnitTestResult executionId="2cf6dd0a-5d7c-48e9-a2a9-1d45f667da1b" testId="95a4da2d-eeda-4697-a7af-1236c580bef1" testName="FormatToStringTest1000(79.6815319544084d,&quot;79.68 zł&quot;)" computerName="DESKTOP-5URQ9PB" duration="00:00:00.0000190" startTime="2022-06-13T21:12:51.3107794+02:00" endTime="2022-06-13T21:12:51.3107987+02:00" testType="13cdc9d9-ddb5-4fa4-a97d-d965ccfc6d4b" outcome="Passed" testListId="8c84fa94-04c1-424b-9868-57a2d4851a1d" relativeResultsDirectory="2cf6dd0a-5d7c-48e9-a2a9-1d45f667da1b" />
    <UnitTestResult executionId="6ee5a4e3-0ac4-4e02-bd89-47f201524139" testId="f995d454-4ebf-d775-1609-24b3016af07c" testName="FormatToStringTest1000(7348.947429818543d,&quot;7348.95 zł&quot;)" computerName="DESKTOP-5URQ9PB" duration="00:00:00.0000190" startTime="2022-06-13T21:12:51.3173241+02:00" endTime="2022-06-13T21:12:51.3173427+02:00" testType="13cdc9d9-ddb5-4fa4-a97d-d965ccfc6d4b" outcome="Passed" testListId="8c84fa94-04c1-424b-9868-57a2d4851a1d" relativeResultsDirectory="6ee5a4e3-0ac4-4e02-bd89-47f201524139" />
    <UnitTestResult executionId="871e71be-774e-4232-8175-b3420da27e91" testId="a1148d07-bacb-7b60-5bda-bc014fb00c20" testName="FormatToStringTest1000(66541.05112730109d,&quot;66541.05 zł&quot;)" computerName="DESKTOP-5URQ9PB" duration="00:00:00.0000180" startTime="2022-06-13T21:12:51.3352727+02:00" endTime="2022-06-13T21:12:51.3352909+02:00" testType="13cdc9d9-ddb5-4fa4-a97d-d965ccfc6d4b" outcome="Passed" testListId="8c84fa94-04c1-424b-9868-57a2d4851a1d" relativeResultsDirectory="871e71be-774e-4232-8175-b3420da27e91" />
    <UnitTestResult executionId="69edddd9-e9a6-484f-858e-d457d063e9e6" testId="c9b5631d-418b-047b-d15f-f39906c7e08b" testName="FormatToStringTest1000(34060.48467268724d,&quot;34060.48 zł&quot;)" computerName="DESKTOP-5URQ9PB" duration="00:00:00.0000180" startTime="2022-06-13T21:12:51.3287663+02:00" endTime="2022-06-13T21:12:51.3287843+02:00" testType="13cdc9d9-ddb5-4fa4-a97d-d965ccfc6d4b" outcome="Passed" testListId="8c84fa94-04c1-424b-9868-57a2d4851a1d" relativeResultsDirectory="69edddd9-e9a6-484f-858e-d457d063e9e6" />
    <UnitTestResult executionId="31736cae-6acb-41da-be46-790f2fb1c211" testId="ea848b43-279a-f1bb-ab29-b5a8e2e2c8af" testName="FormatToStringTest1000(68174.53068551492d,&quot;68174.53 zł&quot;)" computerName="DESKTOP-5URQ9PB" duration="00:00:00.0000280" startTime="2022-06-13T21:12:51.3315724+02:00" endTime="2022-06-13T21:12:51.3315999+02:00" testType="13cdc9d9-ddb5-4fa4-a97d-d965ccfc6d4b" outcome="Passed" testListId="8c84fa94-04c1-424b-9868-57a2d4851a1d" relativeResultsDirectory="31736cae-6acb-41da-be46-790f2fb1c211" />
    <UnitTestResult executionId="b8ddc098-7c2f-4a1f-858c-0d8414faab37" testId="e02db9a4-a283-da5d-8967-1cec80ef7e92" testName="FormatToStringTest1000(9431.144757136304d,&quot;9431.14 zł&quot;)" computerName="DESKTOP-5URQ9PB" duration="00:00:00.0000190" startTime="2022-06-13T21:12:51.3141222+02:00" endTime="2022-06-13T21:12:51.3141411+02:00" testType="13cdc9d9-ddb5-4fa4-a97d-d965ccfc6d4b" outcome="Passed" testListId="8c84fa94-04c1-424b-9868-57a2d4851a1d" relativeResultsDirectory="b8ddc098-7c2f-4a1f-858c-0d8414faab37" />
    <UnitTestResult executionId="c0444632-2d24-4b7f-a8f0-899af5dc9553" testId="b7c8b8f4-3f53-7b79-a3fb-65f51c557883" testName="FormatToStringTest1000(5317.9582678023535d,&quot;5317.96 zł&quot;)" computerName="DESKTOP-5URQ9PB" duration="00:00:00.0000190" startTime="2022-06-13T21:12:51.3252685+02:00" endTime="2022-06-13T21:12:51.3252870+02:00" testType="13cdc9d9-ddb5-4fa4-a97d-d965ccfc6d4b" outcome="Passed" testListId="8c84fa94-04c1-424b-9868-57a2d4851a1d" relativeResultsDirectory="c0444632-2d24-4b7f-a8f0-899af5dc9553" />
    <UnitTestResult executionId="29ebc2c0-0520-4b79-9d58-6de2652935f5" testId="39df2f5c-e533-7912-e8a8-0244d814b70f" testName="FormatToStringTest1000(24030.724859085738d,&quot;24030.72 zł&quot;)" computerName="DESKTOP-5URQ9PB" duration="00:00:00.0000190" startTime="2022-06-13T21:12:51.3326545+02:00" endTime="2022-06-13T21:12:51.3326730+02:00" testType="13cdc9d9-ddb5-4fa4-a97d-d965ccfc6d4b" outcome="Passed" testListId="8c84fa94-04c1-424b-9868-57a2d4851a1d" relativeResultsDirectory="29ebc2c0-0520-4b79-9d58-6de2652935f5" />
    <UnitTestResult executionId="c0687b53-8754-4d0b-9a6b-766b36c5f970" testId="7a70b4a3-dd05-b389-f6ee-af27102364f5" testName="FormatToStringTest1000(7789.7136237517525d,&quot;7789.71 zł&quot;)" computerName="DESKTOP-5URQ9PB" duration="00:00:00.0000180" startTime="2022-06-13T21:12:51.3117280+02:00" endTime="2022-06-13T21:12:51.3117459+02:00" testType="13cdc9d9-ddb5-4fa4-a97d-d965ccfc6d4b" outcome="Passed" testListId="8c84fa94-04c1-424b-9868-57a2d4851a1d" relativeResultsDirectory="c0687b53-8754-4d0b-9a6b-766b36c5f970" />
    <UnitTestResult executionId="6edf7c18-a8ec-486f-b792-17e89e0523e4" testId="53f90dbe-f7ad-b0e7-04ef-fba16a107a6f" testName="FormatToStringTest1000(31163.834562352316d,&quot;31163.83 zł&quot;)" computerName="DESKTOP-5URQ9PB" duration="00:00:00.0000200" startTime="2022-06-13T21:12:51.3294640+02:00" endTime="2022-06-13T21:12:51.3294834+02:00" testType="13cdc9d9-ddb5-4fa4-a97d-d965ccfc6d4b" outcome="Passed" testListId="8c84fa94-04c1-424b-9868-57a2d4851a1d" relativeResultsDirectory="6edf7c18-a8ec-486f-b792-17e89e0523e4" />
    <UnitTestResult executionId="0bd34588-ded0-452d-8218-00e1d754d10d" testId="abb79c21-cbdf-18a9-eb27-48d7cd452ee8" testName="FormatToStringTest1000(28972.23604401212d,&quot;28972.24 zł&quot;)" computerName="DESKTOP-5URQ9PB" duration="00:00:00.0000190" startTime="2022-06-13T21:12:51.3260076+02:00" endTime="2022-06-13T21:12:51.3260260+02:00" testType="13cdc9d9-ddb5-4fa4-a97d-d965ccfc6d4b" outcome="Passed" testListId="8c84fa94-04c1-424b-9868-57a2d4851a1d" relativeResultsDirectory="0bd34588-ded0-452d-8218-00e1d754d10d" />
    <UnitTestResult executionId="8c4ce7ed-4436-4b4a-8c37-c7af6affafa2" testId="e38d99c7-c0fe-6520-2d4e-c3d7dce714b0" testName="FormatToStringTest1000(38253.101637909705d,&quot;38253.10 zł&quot;)" computerName="DESKTOP-5URQ9PB" duration="00:00:00.0000190" startTime="2022-06-13T21:12:51.3271423+02:00" endTime="2022-06-13T21:12:51.3271613+02:00" testType="13cdc9d9-ddb5-4fa4-a97d-d965ccfc6d4b" outcome="Passed" testListId="8c84fa94-04c1-424b-9868-57a2d4851a1d" relativeResultsDirectory="8c4ce7ed-4436-4b4a-8c37-c7af6affafa2" />
    <UnitTestResult executionId="dbe72934-0657-4535-8d22-46468c619a62" testId="bb7e4fc8-2bb1-dbaf-8cdd-5d93ef915f61" testName="FormatToStringTest1000(28298.945361683585d,&quot;28298.95 zł&quot;)" computerName="DESKTOP-5URQ9PB" duration="00:00:00.0000180" startTime="2022-06-13T21:12:51.3232357+02:00" endTime="2022-06-13T21:12:51.3232533+02:00" testType="13cdc9d9-ddb5-4fa4-a97d-d965ccfc6d4b" outcome="Passed" testListId="8c84fa94-04c1-424b-9868-57a2d4851a1d" relativeResultsDirectory="dbe72934-0657-4535-8d22-46468c619a62" />
    <UnitTestResult executionId="b378eeca-79ce-4e2b-8231-9d653fe8cccb" testId="a52cde15-d4da-6fd7-917d-2f5d406fbd21" testName="FormatToStringTest1000(904.351189922705d,&quot;904.35 zł&quot;)" computerName="DESKTOP-5URQ9PB" duration="00:00:00.0000290" startTime="2022-06-13T21:12:51.3316854+02:00" endTime="2022-06-13T21:12:51.3317139+02:00" testType="13cdc9d9-ddb5-4fa4-a97d-d965ccfc6d4b" outcome="Passed" testListId="8c84fa94-04c1-424b-9868-57a2d4851a1d" relativeResultsDirectory="b378eeca-79ce-4e2b-8231-9d653fe8cccb" />
    <UnitTestResult executionId="73ba7a6a-24e0-46f9-8e7d-c71c52b1e5a8" testId="b039aca6-d089-bcbd-2727-394bcd0025e0" testName="FormatToStringTest1000(20643.69044446465d,&quot;20643.69 zł&quot;)" computerName="DESKTOP-5URQ9PB" duration="00:00:00.0000200" startTime="2022-06-13T21:12:51.3284445+02:00" endTime="2022-06-13T21:12:51.3284638+02:00" testType="13cdc9d9-ddb5-4fa4-a97d-d965ccfc6d4b" outcome="Passed" testListId="8c84fa94-04c1-424b-9868-57a2d4851a1d" relativeResultsDirectory="73ba7a6a-24e0-46f9-8e7d-c71c52b1e5a8" />
    <UnitTestResult executionId="88c99f07-721f-4f25-9b9a-8cf5141ee6e8" testId="f3af6a34-22dc-525a-ddbc-41c7a3c42ddc" testName="FormatToStringTest1000(70149.17842025738d,&quot;70149.18 zł&quot;)" computerName="DESKTOP-5URQ9PB" duration="00:00:00.0000180" startTime="2022-06-13T21:12:51.3239558+02:00" endTime="2022-06-13T21:12:51.3239738+02:00" testType="13cdc9d9-ddb5-4fa4-a97d-d965ccfc6d4b" outcome="Passed" testListId="8c84fa94-04c1-424b-9868-57a2d4851a1d" relativeResultsDirectory="88c99f07-721f-4f25-9b9a-8cf5141ee6e8" />
    <UnitTestResult executionId="5e67a0a3-60cb-4209-baef-4bddd41b5ef4" testId="0cd42206-2d45-5b61-2055-2525f417141b" testName="FormatToStringTest1000(23282.56178903047d,&quot;23282.56 zł&quot;)" computerName="DESKTOP-5URQ9PB" duration="00:00:00.0000190" startTime="2022-06-13T21:12:51.3165849+02:00" endTime="2022-06-13T21:12:51.3166032+02:00" testType="13cdc9d9-ddb5-4fa4-a97d-d965ccfc6d4b" outcome="Passed" testListId="8c84fa94-04c1-424b-9868-57a2d4851a1d" relativeResultsDirectory="5e67a0a3-60cb-4209-baef-4bddd41b5ef4" />
    <UnitTestResult executionId="277defec-54c8-455c-92e8-0be360b02e5b" testId="8456fa24-5ecf-826b-4b12-9156253c47fe" testName="FormatToStringTest1000(11624.834848273003d,&quot;11624.83 zł&quot;)" computerName="DESKTOP-5URQ9PB" duration="00:00:00.0000180" startTime="2022-06-13T21:12:51.3253429+02:00" endTime="2022-06-13T21:12:51.3253609+02:00" testType="13cdc9d9-ddb5-4fa4-a97d-d965ccfc6d4b" outcome="Passed" testListId="8c84fa94-04c1-424b-9868-57a2d4851a1d" relativeResultsDirectory="277defec-54c8-455c-92e8-0be360b02e5b" />
    <UnitTestResult executionId="aca2bb89-6764-4993-9b38-bbcc3dc8ba62" testId="c39afc72-aad4-5709-e4a1-73293872a305" testName="FormatToStringTest1000(51529.79033960206d,&quot;51529.79 zł&quot;)" computerName="DESKTOP-5URQ9PB" duration="00:00:00.0000180" startTime="2022-06-13T21:12:51.3335664+02:00" endTime="2022-06-13T21:12:51.3335841+02:00" testType="13cdc9d9-ddb5-4fa4-a97d-d965ccfc6d4b" outcome="Passed" testListId="8c84fa94-04c1-424b-9868-57a2d4851a1d" relativeResultsDirectory="aca2bb89-6764-4993-9b38-bbcc3dc8ba62" />
    <UnitTestResult executionId="17e1de33-8140-4821-875b-7f7a6e6944c3" testId="f7b6c5f3-1f58-e9ae-14c8-31eb58d1211b" testName="FormatToStringTest1000(97129.75160633575d,&quot;97129.75 zł&quot;)" computerName="DESKTOP-5URQ9PB" duration="00:00:00.0000180" startTime="2022-06-13T21:12:51.3182444+02:00" endTime="2022-06-13T21:12:51.3182625+02:00" testType="13cdc9d9-ddb5-4fa4-a97d-d965ccfc6d4b" outcome="Passed" testListId="8c84fa94-04c1-424b-9868-57a2d4851a1d" relativeResultsDirectory="17e1de33-8140-4821-875b-7f7a6e6944c3" />
    <UnitTestResult executionId="852d45e0-55bd-4d7d-b260-07d455286c7a" testId="a4d82a7a-0101-77be-aadf-7ad891442135" testName="FormatToStringTest1000(35967.54466809684d,&quot;35967.54 zł&quot;)" computerName="DESKTOP-5URQ9PB" duration="00:00:00.0000190" startTime="2022-06-13T21:12:51.3283896+02:00" endTime="2022-06-13T21:12:51.3284086+02:00" testType="13cdc9d9-ddb5-4fa4-a97d-d965ccfc6d4b" outcome="Passed" testListId="8c84fa94-04c1-424b-9868-57a2d4851a1d" relativeResultsDirectory="852d45e0-55bd-4d7d-b260-07d455286c7a" />
    <UnitTestResult executionId="af6f0421-2042-4746-86a9-23cb329a60d9" testId="eae9a8da-630f-ea44-decf-a8ef3a38d81d" testName="FormatToStringTest1000(55030.929183896136d,&quot;55030.93 zł&quot;)" computerName="DESKTOP-5URQ9PB" duration="00:00:00.0000180" startTime="2022-06-13T21:12:51.3148655+02:00" endTime="2022-06-13T21:12:51.3148837+02:00" testType="13cdc9d9-ddb5-4fa4-a97d-d965ccfc6d4b" outcome="Passed" testListId="8c84fa94-04c1-424b-9868-57a2d4851a1d" relativeResultsDirectory="af6f0421-2042-4746-86a9-23cb329a60d9" />
    <UnitTestResult executionId="5d0aaada-12e8-4394-9755-06edd8c67dee" testId="c799afbc-d101-a624-f73a-4e94981b0f2a" testName="FormatToStringTest1000(6820.105136090938d,&quot;6820.11 zł&quot;)" computerName="DESKTOP-5URQ9PB" duration="00:00:00.0000190" startTime="2022-06-13T21:12:51.3308802+02:00" endTime="2022-06-13T21:12:51.3308988+02:00" testType="13cdc9d9-ddb5-4fa4-a97d-d965ccfc6d4b" outcome="Passed" testListId="8c84fa94-04c1-424b-9868-57a2d4851a1d" relativeResultsDirectory="5d0aaada-12e8-4394-9755-06edd8c67dee" />
    <UnitTestResult executionId="335a4254-6a3b-44de-a43a-b96f2aa3dd7d" testId="84185e06-3828-77a5-d8c9-c2b462b8ff8c" testName="FormatToStringTest1000(2751.3751475258614d,&quot;2751.38 zł&quot;)" computerName="DESKTOP-5URQ9PB" duration="00:00:00.0000320" startTime="2022-06-13T21:12:51.3320086+02:00" endTime="2022-06-13T21:12:51.3320399+02:00" testType="13cdc9d9-ddb5-4fa4-a97d-d965ccfc6d4b" outcome="Passed" testListId="8c84fa94-04c1-424b-9868-57a2d4851a1d" relativeResultsDirectory="335a4254-6a3b-44de-a43a-b96f2aa3dd7d" />
    <UnitTestResult executionId="a940c5c8-9070-4623-8acf-e6e10ac1b7da" testId="86a3d4f1-4730-e078-7812-a2cb42758d4b" testName="FormatToStringTest1000(58848.60825001477d,&quot;58848.61 zł&quot;)" computerName="DESKTOP-5URQ9PB" duration="00:00:00.0000190" startTime="2022-06-13T21:12:51.3123914+02:00" endTime="2022-06-13T21:12:51.3124102+02:00" testType="13cdc9d9-ddb5-4fa4-a97d-d965ccfc6d4b" outcome="Passed" testListId="8c84fa94-04c1-424b-9868-57a2d4851a1d" relativeResultsDirectory="a940c5c8-9070-4623-8acf-e6e10ac1b7da" />
    <UnitTestResult executionId="94ad96ab-6c4e-40b0-88c8-587e6bd3ef41" testId="0ed9cd8c-6283-5489-0e2e-ce31df1b16b4" testName="FormatToStringTest1000(40268.121943438484d,&quot;40268.12 zł&quot;)" computerName="DESKTOP-5URQ9PB" duration="00:00:00.0000190" startTime="2022-06-13T21:12:51.3179731+02:00" endTime="2022-06-13T21:12:51.3179915+02:00" testType="13cdc9d9-ddb5-4fa4-a97d-d965ccfc6d4b" outcome="Passed" testListId="8c84fa94-04c1-424b-9868-57a2d4851a1d" relativeResultsDirectory="94ad96ab-6c4e-40b0-88c8-587e6bd3ef41" />
    <UnitTestResult executionId="d8358d4e-f2d2-4209-82ba-f13f3af291a9" testId="29658493-3081-01dd-eb7c-6d0a97eef1f2" testName="FormatToStringTest1000(63427.55325689332d,&quot;63427.55 zł&quot;)" computerName="DESKTOP-5URQ9PB" duration="00:00:00.0000180" startTime="2022-06-13T21:12:51.3237828+02:00" endTime="2022-06-13T21:12:51.3238008+02:00" testType="13cdc9d9-ddb5-4fa4-a97d-d965ccfc6d4b" outcome="Passed" testListId="8c84fa94-04c1-424b-9868-57a2d4851a1d" relativeResultsDirectory="d8358d4e-f2d2-4209-82ba-f13f3af291a9" />
    <UnitTestResult executionId="da75e25a-0d8c-488a-ad1a-173f81c74e10" testId="a6621eb8-15a7-fc8e-d862-31d4f5bc69d0" testName="FormatToStringTest1000(27629.79121039193d,&quot;27629.79 zł&quot;)" computerName="DESKTOP-5URQ9PB" duration="00:00:00.0000190" startTime="2022-06-13T21:12:51.3194322+02:00" endTime="2022-06-13T21:12:51.3194511+02:00" testType="13cdc9d9-ddb5-4fa4-a97d-d965ccfc6d4b" outcome="Passed" testListId="8c84fa94-04c1-424b-9868-57a2d4851a1d" relativeResultsDirectory="da75e25a-0d8c-488a-ad1a-173f81c74e10" />
    <UnitTestResult executionId="9e88da19-154e-4259-b491-4c9f70957077" testId="44562592-e269-1796-e138-85487f7a2be9" testName="FormatToStringTest1000(12118.31777677048d,&quot;12118.32 zł&quot;)" computerName="DESKTOP-5URQ9PB" duration="00:00:00.0000180" startTime="2022-06-13T21:12:51.3300576+02:00" endTime="2022-06-13T21:12:51.3300758+02:00" testType="13cdc9d9-ddb5-4fa4-a97d-d965ccfc6d4b" outcome="Passed" testListId="8c84fa94-04c1-424b-9868-57a2d4851a1d" relativeResultsDirectory="9e88da19-154e-4259-b491-4c9f70957077" />
    <UnitTestResult executionId="ace610c7-12b5-47af-b8de-6dd278603d12" testId="a3a785ff-5f15-1809-0327-13b742192f57" testName="FormatToStringTest1000(13453.429998117233d,&quot;13453.43 zł&quot;)" computerName="DESKTOP-5URQ9PB" duration="00:00:00.0000190" startTime="2022-06-13T21:12:51.3279918+02:00" endTime="2022-06-13T21:12:51.3280102+02:00" testType="13cdc9d9-ddb5-4fa4-a97d-d965ccfc6d4b" outcome="Passed" testListId="8c84fa94-04c1-424b-9868-57a2d4851a1d" relativeResultsDirectory="ace610c7-12b5-47af-b8de-6dd278603d12" />
    <UnitTestResult executionId="4da50393-70f3-4d40-acf4-775b26b27fd4" testId="0abb1a8e-0900-a5c7-bfcc-230b4aaefe42" testName="FormatToStringTest1000(6838.422316571894d,&quot;6838.42 zł&quot;)" computerName="DESKTOP-5URQ9PB" duration="00:00:00.0000180" startTime="2022-06-13T21:12:51.3149149+02:00" endTime="2022-06-13T21:12:51.3149326+02:00" testType="13cdc9d9-ddb5-4fa4-a97d-d965ccfc6d4b" outcome="Passed" testListId="8c84fa94-04c1-424b-9868-57a2d4851a1d" relativeResultsDirectory="4da50393-70f3-4d40-acf4-775b26b27fd4" />
    <UnitTestResult executionId="d07b8928-338f-45ab-8f1f-0fe4905f8a15" testId="f1b541d5-278d-f2a3-2128-f16382bfc74f" testName="FormatToStringTest1000(75514.58914517732d,&quot;75514.59 zł&quot;)" computerName="DESKTOP-5URQ9PB" duration="00:00:00.0000180" startTime="2022-06-13T21:12:51.3200018+02:00" endTime="2022-06-13T21:12:51.3200197+02:00" testType="13cdc9d9-ddb5-4fa4-a97d-d965ccfc6d4b" outcome="Passed" testListId="8c84fa94-04c1-424b-9868-57a2d4851a1d" relativeResultsDirectory="d07b8928-338f-45ab-8f1f-0fe4905f8a15" />
    <UnitTestResult executionId="6b1bcac4-9ff9-4e6a-b80b-2cf2a2aca484" testId="b5a90a67-8ab0-67af-7979-e040eeab7b97" testName="FormatToStringTest1000(20146.183073329827d,&quot;20146.18 zł&quot;)" computerName="DESKTOP-5URQ9PB" duration="00:00:00.0000250" startTime="2022-06-13T21:12:51.3155283+02:00" endTime="2022-06-13T21:12:51.3155536+02:00" testType="13cdc9d9-ddb5-4fa4-a97d-d965ccfc6d4b" outcome="Passed" testListId="8c84fa94-04c1-424b-9868-57a2d4851a1d" relativeResultsDirectory="6b1bcac4-9ff9-4e6a-b80b-2cf2a2aca484" />
    <UnitTestResult executionId="98568ac1-d4ec-425b-a1f2-49837578129f" testId="9ac323b2-f4ee-1c5b-c335-774c81e0e08d" testName="FormatToStringTest1000(1313.0279238368514d,&quot;1313.03 zł&quot;)" computerName="DESKTOP-5URQ9PB" duration="00:00:00.0000190" startTime="2022-06-13T21:12:51.3286931+02:00" endTime="2022-06-13T21:12:51.3287115+02:00" testType="13cdc9d9-ddb5-4fa4-a97d-d965ccfc6d4b" outcome="Passed" testListId="8c84fa94-04c1-424b-9868-57a2d4851a1d" relativeResultsDirectory="98568ac1-d4ec-425b-a1f2-49837578129f" />
    <UnitTestResult executionId="8bb5dafa-f0ab-4dd5-84eb-1973a5098abd" testId="03d957f5-33ed-c0eb-c948-6ece846430f3" testName="FormatToStringTest1000(24825.207513729205d,&quot;24825.21 zł&quot;)" computerName="DESKTOP-5URQ9PB" duration="00:00:00.0000190" startTime="2022-06-13T21:12:51.3241783+02:00" endTime="2022-06-13T21:12:51.3241970+02:00" testType="13cdc9d9-ddb5-4fa4-a97d-d965ccfc6d4b" outcome="Passed" testListId="8c84fa94-04c1-424b-9868-57a2d4851a1d" relativeResultsDirectory="8bb5dafa-f0ab-4dd5-84eb-1973a5098abd" />
    <UnitTestResult executionId="d0e9e0a6-22e4-4cd4-9fae-bb38021164a9" testId="fa43237f-8d58-c9ec-b71e-9d381e3b47f2" testName="FormatToStringTest1000(12091.219941106729d,&quot;12091.22 zł&quot;)" computerName="DESKTOP-5URQ9PB" duration="00:00:00.0000180" startTime="2022-06-13T21:12:51.3164620+02:00" endTime="2022-06-13T21:12:51.3164801+02:00" testType="13cdc9d9-ddb5-4fa4-a97d-d965ccfc6d4b" outcome="Passed" testListId="8c84fa94-04c1-424b-9868-57a2d4851a1d" relativeResultsDirectory="d0e9e0a6-22e4-4cd4-9fae-bb38021164a9" />
    <UnitTestResult executionId="e53d6fed-7b93-4d85-aa00-8ead3da43a49" testId="e8d6ba9d-db50-0e05-06db-5789675388b8" testName="FormatToStringTest1000(34021.1384072961d,&quot;34021.14 zł&quot;)" computerName="DESKTOP-5URQ9PB" duration="00:00:00.0000180" startTime="2022-06-13T21:12:51.3355594+02:00" endTime="2022-06-13T21:12:51.3355773+02:00" testType="13cdc9d9-ddb5-4fa4-a97d-d965ccfc6d4b" outcome="Passed" testListId="8c84fa94-04c1-424b-9868-57a2d4851a1d" relativeResultsDirectory="e53d6fed-7b93-4d85-aa00-8ead3da43a49" />
    <UnitTestResult executionId="da08a3c5-52a6-4e8c-85e1-8cf8c4d0eee2" testId="37d70f53-ca13-79ab-c67c-fecd55be0876" testName="FormatToStringTest1000(29678.921519093645d,&quot;29678.92 zł&quot;)" computerName="DESKTOP-5URQ9PB" duration="00:00:00.0000180" startTime="2022-06-13T21:12:51.3249978+02:00" endTime="2022-06-13T21:12:51.3250161+02:00" testType="13cdc9d9-ddb5-4fa4-a97d-d965ccfc6d4b" outcome="Passed" testListId="8c84fa94-04c1-424b-9868-57a2d4851a1d" relativeResultsDirectory="da08a3c5-52a6-4e8c-85e1-8cf8c4d0eee2" />
    <UnitTestResult executionId="cb273e20-d359-48aa-a4fa-e034f43afb15" testId="d8dd6fae-802b-a606-14b3-f77add91cde3" testName="FormatToStringTest1000(1300.9430775404642d,&quot;1300.94 zł&quot;)" computerName="DESKTOP-5URQ9PB" duration="00:00:00.0456240" startTime="2022-06-13T21:12:51.2631753+02:00" endTime="2022-06-13T21:12:51.3087091+02:00" testType="13cdc9d9-ddb5-4fa4-a97d-d965ccfc6d4b" outcome="Passed" testListId="8c84fa94-04c1-424b-9868-57a2d4851a1d" relativeResultsDirectory="cb273e20-d359-48aa-a4fa-e034f43afb15" />
    <UnitTestResult executionId="b9136ba9-b610-4507-b6ec-d310b3b3d23b" testId="4a4334b0-5451-8696-5200-0bdb59e2a710" testName="FormatToStringTest1000(15411.371650797022d,&quot;15411.37 zł&quot;)" computerName="DESKTOP-5URQ9PB" duration="00:00:00.0000190" startTime="2022-06-13T21:12:51.3151603+02:00" endTime="2022-06-13T21:12:51.3151789+02:00" testType="13cdc9d9-ddb5-4fa4-a97d-d965ccfc6d4b" outcome="Passed" testListId="8c84fa94-04c1-424b-9868-57a2d4851a1d" relativeResultsDirectory="b9136ba9-b610-4507-b6ec-d310b3b3d23b" />
    <UnitTestResult executionId="a364fc77-ce58-4367-8a06-5bb04d5b1724" testId="92e23589-82d8-4d27-764e-fa018e45b747" testName="FormatToStringTest1000(2951.2722077329045d,&quot;2951.27 zł&quot;)" computerName="DESKTOP-5URQ9PB" duration="00:00:00.0000180" startTime="2022-06-13T21:12:51.3159847+02:00" endTime="2022-06-13T21:12:51.3160025+02:00" testType="13cdc9d9-ddb5-4fa4-a97d-d965ccfc6d4b" outcome="Passed" testListId="8c84fa94-04c1-424b-9868-57a2d4851a1d" relativeResultsDirectory="a364fc77-ce58-4367-8a06-5bb04d5b1724" />
    <UnitTestResult executionId="d9dd1ac2-388c-4231-9ed3-8775172cd2a2" testId="20901353-a2d3-ecac-3452-4c8d3e93293d" testName="FormatToStringTest1000(3270.482477338743d,&quot;3270.48 zł&quot;)" computerName="DESKTOP-5URQ9PB" duration="00:00:00.0000190" startTime="2022-06-13T21:12:51.3290129+02:00" endTime="2022-06-13T21:12:51.3290317+02:00" testType="13cdc9d9-ddb5-4fa4-a97d-d965ccfc6d4b" outcome="Passed" testListId="8c84fa94-04c1-424b-9868-57a2d4851a1d" relativeResultsDirectory="d9dd1ac2-388c-4231-9ed3-8775172cd2a2" />
    <UnitTestResult executionId="1492efc0-760a-400d-bb6c-b7b1bf1f2b38" testId="8d9adc97-9f99-5fc5-0cdb-932a51aaf028" testName="FormatToStringTest1000(26015.8311952552d,&quot;26015.83 zł&quot;)" computerName="DESKTOP-5URQ9PB" duration="00:00:00.0000180" startTime="2022-06-13T21:12:51.3175522+02:00" endTime="2022-06-13T21:12:51.3175702+02:00" testType="13cdc9d9-ddb5-4fa4-a97d-d965ccfc6d4b" outcome="Passed" testListId="8c84fa94-04c1-424b-9868-57a2d4851a1d" relativeResultsDirectory="1492efc0-760a-400d-bb6c-b7b1bf1f2b38" />
    <UnitTestResult executionId="34d83fcc-5364-418b-abbc-cd50b014a9ad" testId="8b6f3338-cce8-0079-b821-3f92e6c60eee" testName="FormatToStringTest1000(10268.547802396373d,&quot;10268.55 zł&quot;)" computerName="DESKTOP-5URQ9PB" duration="00:00:00.0000180" startTime="2022-06-13T21:12:51.3125456+02:00" endTime="2022-06-13T21:12:51.3125635+02:00" testType="13cdc9d9-ddb5-4fa4-a97d-d965ccfc6d4b" outcome="Passed" testListId="8c84fa94-04c1-424b-9868-57a2d4851a1d" relativeResultsDirectory="34d83fcc-5364-418b-abbc-cd50b014a9ad" />
    <UnitTestResult executionId="a58ab4df-54d8-4d05-be6f-3149f1f53f8d" testId="386a6353-f26d-0503-41f2-052972dc214e" testName="FormatToStringTest1000(12202.860111308684d,&quot;12202.86 zł&quot;)" computerName="DESKTOP-5URQ9PB" duration="00:00:00.0000190" startTime="2022-06-13T21:12:51.3214519+02:00" endTime="2022-06-13T21:12:51.3214706+02:00" testType="13cdc9d9-ddb5-4fa4-a97d-d965ccfc6d4b" outcome="Passed" testListId="8c84fa94-04c1-424b-9868-57a2d4851a1d" relativeResultsDirectory="a58ab4df-54d8-4d05-be6f-3149f1f53f8d" />
    <UnitTestResult executionId="b62552b3-1fce-4f64-b228-c847636354dc" testId="036a6ec9-ae68-934b-9f02-a81dae974d18" testName="FormatToStringTest1000(1664.7834932994022d,&quot;1664.78 zł&quot;)" computerName="DESKTOP-5URQ9PB" duration="00:00:00.0000180" startTime="2022-06-13T21:12:51.3349914+02:00" endTime="2022-06-13T21:12:51.3350093+02:00" testType="13cdc9d9-ddb5-4fa4-a97d-d965ccfc6d4b" outcome="Passed" testListId="8c84fa94-04c1-424b-9868-57a2d4851a1d" relativeResultsDirectory="b62552b3-1fce-4f64-b228-c847636354dc" />
    <UnitTestResult executionId="658e1a6a-0492-466e-b8ca-c7c72ddd1d93" testId="fecd618d-f97f-f547-1637-5166bd092d76" testName="FormatToStringTest1000(1613.6903705837626d,&quot;1613.69 zł&quot;)" computerName="DESKTOP-5URQ9PB" duration="00:00:00.0000190" startTime="2022-06-13T21:12:51.3229134+02:00" endTime="2022-06-13T21:12:51.3229320+02:00" testType="13cdc9d9-ddb5-4fa4-a97d-d965ccfc6d4b" outcome="Passed" testListId="8c84fa94-04c1-424b-9868-57a2d4851a1d" relativeResultsDirectory="658e1a6a-0492-466e-b8ca-c7c72ddd1d93" />
    <UnitTestResult executionId="9669d1bc-e453-4b29-a3a4-4cda19cc590f" testId="43e0f701-5f55-5e32-84f3-972dc14c0c0b" testName="FormatToStringTest1000(15414.175096961751d,&quot;15414.18 zł&quot;)" computerName="DESKTOP-5URQ9PB" duration="00:00:00.0000190" startTime="2022-06-13T21:12:51.3130926+02:00" endTime="2022-06-13T21:12:51.3131112+02:00" testType="13cdc9d9-ddb5-4fa4-a97d-d965ccfc6d4b" outcome="Passed" testListId="8c84fa94-04c1-424b-9868-57a2d4851a1d" relativeResultsDirectory="9669d1bc-e453-4b29-a3a4-4cda19cc590f" />
    <UnitTestResult executionId="32769f2b-34fd-4234-8b64-ac79e8b9fbd2" testId="ef53e72d-a746-f7fd-4dfa-41ab2ce4fb60" testName="FormatToStringTest1000(15190.097283723344d,&quot;15190.10 zł&quot;)" computerName="DESKTOP-5URQ9PB" duration="00:00:00.0000310" startTime="2022-06-13T21:12:51.3316451+02:00" endTime="2022-06-13T21:12:51.3316760+02:00" testType="13cdc9d9-ddb5-4fa4-a97d-d965ccfc6d4b" outcome="Passed" testListId="8c84fa94-04c1-424b-9868-57a2d4851a1d" relativeResultsDirectory="32769f2b-34fd-4234-8b64-ac79e8b9fbd2" />
    <UnitTestResult executionId="416a21b4-5fd8-492f-8214-1e5818fb5823" testId="08821b59-1fc3-bfdb-c64b-6b9d4d7418fb" testName="FormatToStringTest1000(23548.88067407016d,&quot;23548.88 zł&quot;)" computerName="DESKTOP-5URQ9PB" duration="00:00:00.0000180" startTime="2022-06-13T21:12:51.3172760+02:00" endTime="2022-06-13T21:12:51.3172938+02:00" testType="13cdc9d9-ddb5-4fa4-a97d-d965ccfc6d4b" outcome="Passed" testListId="8c84fa94-04c1-424b-9868-57a2d4851a1d" relativeResultsDirectory="416a21b4-5fd8-492f-8214-1e5818fb5823" />
    <UnitTestResult executionId="99ae6286-0212-42db-a8f7-17fd3b320b44" testId="be4aa60a-fec3-fdce-8c70-46ec82a2fec7" testName="FormatToStringTest1000(44677.61946778074d,&quot;44677.62 zł&quot;)" computerName="DESKTOP-5URQ9PB" duration="00:00:00.0000190" startTime="2022-06-13T21:12:51.3169073+02:00" endTime="2022-06-13T21:12:51.3169262+02:00" testType="13cdc9d9-ddb5-4fa4-a97d-d965ccfc6d4b" outcome="Passed" testListId="8c84fa94-04c1-424b-9868-57a2d4851a1d" relativeResultsDirectory="99ae6286-0212-42db-a8f7-17fd3b320b44" />
    <UnitTestResult executionId="21a657b4-c6b7-4fed-86ba-4c8e5b27de93" testId="6320276e-3624-3a1c-7afd-537de60f89db" testName="FormatToStringTest1000(13402.882692040355d,&quot;13402.88 zł&quot;)" computerName="DESKTOP-5URQ9PB" duration="00:00:00.0000190" startTime="2022-06-13T21:12:51.3308056+02:00" endTime="2022-06-13T21:12:51.3308247+02:00" testType="13cdc9d9-ddb5-4fa4-a97d-d965ccfc6d4b" outcome="Passed" testListId="8c84fa94-04c1-424b-9868-57a2d4851a1d" relativeResultsDirectory="21a657b4-c6b7-4fed-86ba-4c8e5b27de93" />
    <UnitTestResult executionId="090d579b-c1f9-4051-a0f2-fe38f63a410b" testId="fb0ce41f-cede-9ac7-f047-8c3573f30f7e" testName="FormatToStringTest1000(486.15309567942893d,&quot;486.15 zł&quot;)" computerName="DESKTOP-5URQ9PB" duration="00:00:00.0000180" startTime="2022-06-13T21:12:51.3195314+02:00" endTime="2022-06-13T21:12:51.3195494+02:00" testType="13cdc9d9-ddb5-4fa4-a97d-d965ccfc6d4b" outcome="Passed" testListId="8c84fa94-04c1-424b-9868-57a2d4851a1d" relativeResultsDirectory="090d579b-c1f9-4051-a0f2-fe38f63a410b" />
    <UnitTestResult executionId="383d65c4-6f93-43b0-8b05-32079cc317df" testId="4f980f14-0ada-dd56-93fe-12a559a27314" testName="FormatToStringTest1000(37826.846755123166d,&quot;37826.85 zł&quot;)" computerName="DESKTOP-5URQ9PB" duration="00:00:00.0000190" startTime="2022-06-13T21:12:51.3259823+02:00" endTime="2022-06-13T21:12:51.3260011+02:00" testType="13cdc9d9-ddb5-4fa4-a97d-d965ccfc6d4b" outcome="Passed" testListId="8c84fa94-04c1-424b-9868-57a2d4851a1d" relativeResultsDirectory="383d65c4-6f93-43b0-8b05-32079cc317df" />
    <UnitTestResult executionId="a9743b4c-954d-4aa9-904e-9e4344ca1080" testId="f5d3f3a5-bbac-e5c0-6089-8d38dd4249c8" testName="FormatToStringTest1000(11912.404131636213d,&quot;11912.40 zł&quot;)" computerName="DESKTOP-5URQ9PB" duration="00:00:00.0000180" startTime="2022-06-13T21:12:51.3129422+02:00" endTime="2022-06-13T21:12:51.3129602+02:00" testType="13cdc9d9-ddb5-4fa4-a97d-d965ccfc6d4b" outcome="Passed" testListId="8c84fa94-04c1-424b-9868-57a2d4851a1d" relativeResultsDirectory="a9743b4c-954d-4aa9-904e-9e4344ca1080" />
    <UnitTestResult executionId="71441c9e-14df-49e8-9d14-0f398866de86" testId="bd80c668-2405-22c1-740d-ec63dfd58306" testName="FormatToStringTest1000(28987.862854782896d,&quot;28987.86 zł&quot;)" computerName="DESKTOP-5URQ9PB" duration="00:00:00.0000180" startTime="2022-06-13T21:12:51.3302046+02:00" endTime="2022-06-13T21:12:51.3302225+02:00" testType="13cdc9d9-ddb5-4fa4-a97d-d965ccfc6d4b" outcome="Passed" testListId="8c84fa94-04c1-424b-9868-57a2d4851a1d" relativeResultsDirectory="71441c9e-14df-49e8-9d14-0f398866de86" />
    <UnitTestResult executionId="b3b76aa4-55fc-4b28-ba3e-b46d4fe8f530" testId="c185c27a-3451-102c-d3c1-98ea6c73d73c" testName="FormatToStringTest1000(25036.98767214035d,&quot;25036.99 zł&quot;)" computerName="DESKTOP-5URQ9PB" duration="00:00:00.0000180" startTime="2022-06-13T21:12:51.3158124+02:00" endTime="2022-06-13T21:12:51.3158301+02:00" testType="13cdc9d9-ddb5-4fa4-a97d-d965ccfc6d4b" outcome="Passed" testListId="8c84fa94-04c1-424b-9868-57a2d4851a1d" relativeResultsDirectory="b3b76aa4-55fc-4b28-ba3e-b46d4fe8f530" />
    <UnitTestResult executionId="023c8183-f2a3-4e68-b25c-bc4505b56d93" testId="a9bdfcdb-7bc0-3167-07a5-dafa13fc5389" testName="FormatToStringTest1000(8908.080586221107d,&quot;8908.08 zł&quot;)" computerName="DESKTOP-5URQ9PB" duration="00:00:00.0000180" startTime="2022-06-13T21:12:51.3153334+02:00" endTime="2022-06-13T21:12:51.3153516+02:00" testType="13cdc9d9-ddb5-4fa4-a97d-d965ccfc6d4b" outcome="Passed" testListId="8c84fa94-04c1-424b-9868-57a2d4851a1d" relativeResultsDirectory="023c8183-f2a3-4e68-b25c-bc4505b56d93" />
    <UnitTestResult executionId="d61c5a26-5809-4966-b970-a0ff1e7cf7f1" testId="026ac8cf-e708-7f65-282f-a4f25298f17b" testName="FormatToStringTest1000(54088.326214851964d,&quot;54088.33 zł&quot;)" computerName="DESKTOP-5URQ9PB" duration="00:00:00.0000190" startTime="2022-06-13T21:12:51.3142455+02:00" endTime="2022-06-13T21:12:51.3142641+02:00" testType="13cdc9d9-ddb5-4fa4-a97d-d965ccfc6d4b" outcome="Passed" testListId="8c84fa94-04c1-424b-9868-57a2d4851a1d" relativeResultsDirectory="d61c5a26-5809-4966-b970-a0ff1e7cf7f1" />
    <UnitTestResult executionId="1a0be45d-74e1-461b-b3c1-b45450176232" testId="85025e54-3d28-2e1a-ba9d-a38988743c83" testName="FormatToStringTest1000(75987.03378503352d,&quot;75987.03 zł&quot;)" computerName="DESKTOP-5URQ9PB" duration="00:00:00.0000180" startTime="2022-06-13T21:12:51.3290885+02:00" endTime="2022-06-13T21:12:51.3291064+02:00" testType="13cdc9d9-ddb5-4fa4-a97d-d965ccfc6d4b" outcome="Passed" testListId="8c84fa94-04c1-424b-9868-57a2d4851a1d" relativeResultsDirectory="1a0be45d-74e1-461b-b3c1-b45450176232" />
    <UnitTestResult executionId="d1257f2d-519d-4ead-9231-9a2691b750df" testId="bbce4fa8-10c7-16ce-b8b0-bbab48797f43" testName="FormatToStringTest1000(3477.860963622509d,&quot;3477.86 zł&quot;)" computerName="DESKTOP-5URQ9PB" duration="00:00:00.0000190" startTime="2022-06-13T21:12:51.3304574+02:00" endTime="2022-06-13T21:12:51.3304760+02:00" testType="13cdc9d9-ddb5-4fa4-a97d-d965ccfc6d4b" outcome="Passed" testListId="8c84fa94-04c1-424b-9868-57a2d4851a1d" relativeResultsDirectory="d1257f2d-519d-4ead-9231-9a2691b750df" />
    <UnitTestResult executionId="819c0f9c-fced-4447-a407-04bc5f521e00" testId="4cc9a860-8c52-40a5-a7c1-0a80270c71a6" testName="FormatToStringTest1000(54275.73209373408d,&quot;54275.73 zł&quot;)" computerName="DESKTOP-5URQ9PB" duration="00:00:00.0000290" startTime="2022-06-13T21:12:51.3317244+02:00" endTime="2022-06-13T21:12:51.3317537+02:00" testType="13cdc9d9-ddb5-4fa4-a97d-d965ccfc6d4b" outcome="Passed" testListId="8c84fa94-04c1-424b-9868-57a2d4851a1d" relativeResultsDirectory="819c0f9c-fced-4447-a407-04bc5f521e00" />
  </Results>
  <TestDefinitions>
    <UnitTest name="FormatToStringTest1000(3503.9809179231434d,&quot;3503.98 zł&quot;)" storage="c:\projekty\nunittestproject\bin\debug\netcoreapp3.1\nunittestproject.dll" id="d2b12152-aa29-786c-7dfa-f4b6b5aa2a7e">
      <Execution id="d9d9e3df-8f85-4af3-8cdc-0f1eeef99960" />
      <TestMethod codeBase="C:\Projekty\NUnitTestProject\bin\Debug\netcoreapp3.1\NUnitTestProject.dll" adapterTypeName="executor://nunit3testexecutor/" className="NUnitTestProject.CurrencyHelperTests" name="FormatToStringTest1000(3503.9809179231434d,&quot;3503.98 zł&quot;)" />
    </UnitTest>
    <UnitTest name="FormatToStringTest1000(86.89546322771136d,&quot;86.90 zł&quot;)" storage="c:\projekty\nunittestproject\bin\debug\netcoreapp3.1\nunittestproject.dll" id="d00dfd16-6967-b6b7-0f2f-9403bdf758f6">
      <Execution id="830fb6ac-6b3a-4dea-8a1a-cdc9b031c57e" />
      <TestMethod codeBase="C:\Projekty\NUnitTestProject\bin\Debug\netcoreapp3.1\NUnitTestProject.dll" adapterTypeName="executor://nunit3testexecutor/" className="NUnitTestProject.CurrencyHelperTests" name="FormatToStringTest1000(86.89546322771136d,&quot;86.90 zł&quot;)" />
    </UnitTest>
    <UnitTest name="FormatToStringTest1000(28972.23604401212d,&quot;28972.24 zł&quot;)" storage="c:\projekty\nunittestproject\bin\debug\netcoreapp3.1\nunittestproject.dll" id="abb79c21-cbdf-18a9-eb27-48d7cd452ee8">
      <Execution id="0bd34588-ded0-452d-8218-00e1d754d10d" />
      <TestMethod codeBase="C:\Projekty\NUnitTestProject\bin\Debug\netcoreapp3.1\NUnitTestProject.dll" adapterTypeName="executor://nunit3testexecutor/" className="NUnitTestProject.CurrencyHelperTests" name="FormatToStringTest1000(28972.23604401212d,&quot;28972.24 zł&quot;)" />
    </UnitTest>
    <UnitTest name="FormatToStringTest1000(10457.593086045978d,&quot;10457.59 zł&quot;)" storage="c:\projekty\nunittestproject\bin\debug\netcoreapp3.1\nunittestproject.dll" id="35e23acf-2036-4d69-e77b-27d58a55d61b">
      <Execution id="d043a28d-2986-4650-8c40-ac1ad5c74457" />
      <TestMethod codeBase="C:\Projekty\NUnitTestProject\bin\Debug\netcoreapp3.1\NUnitTestProject.dll" adapterTypeName="executor://nunit3testexecutor/" className="NUnitTestProject.CurrencyHelperTests" name="FormatToStringTest1000(10457.593086045978d,&quot;10457.59 zł&quot;)" />
    </UnitTest>
    <UnitTest name="FormatToStringTest1000(1751.7703038522834d,&quot;1751.77 zł&quot;)" storage="c:\projekty\nunittestproject\bin\debug\netcoreapp3.1\nunittestproject.dll" id="4d3ac1b1-3fbf-8e2e-a5b3-6011afbd1d48">
      <Execution id="37ab77dc-9fab-4817-95fe-4e39e131f709" />
      <TestMethod codeBase="C:\Projekty\NUnitTestProject\bin\Debug\netcoreapp3.1\NUnitTestProject.dll" adapterTypeName="executor://nunit3testexecutor/" className="NUnitTestProject.CurrencyHelperTests" name="FormatToStringTest1000(1751.7703038522834d,&quot;1751.77 zł&quot;)" />
    </UnitTest>
    <UnitTest name="FormatToStringTest1000(6915.421130504656d,&quot;6915.42 zł&quot;)" storage="c:\projekty\nunittestproject\bin\debug\netcoreapp3.1\nunittestproject.dll" id="71fdf905-97fb-1d5b-9602-e52da179cf3f">
      <Execution id="2dc5ee04-cdfe-4df7-a473-b035156478bc" />
      <TestMethod codeBase="C:\Projekty\NUnitTestProject\bin\Debug\netcoreapp3.1\NUnitTestProject.dll" adapterTypeName="executor://nunit3testexecutor/" className="NUnitTestProject.CurrencyHelperTests" name="FormatToStringTest1000(6915.421130504656d,&quot;6915.42 zł&quot;)" />
    </UnitTest>
    <UnitTest name="FormatToStringTest1000(47025.6224095177d,&quot;47025.62 zł&quot;)" storage="c:\projekty\nunittestproject\bin\debug\netcoreapp3.1\nunittestproject.dll" id="1ab663c2-4cb9-e883-e113-e7c904041e47">
      <Execution id="e4ee6b54-dee6-49f0-9a62-c56e1e47cbe7" />
      <TestMethod codeBase="C:\Projekty\NUnitTestProject\bin\Debug\netcoreapp3.1\NUnitTestProject.dll" adapterTypeName="executor://nunit3testexecutor/" className="NUnitTestProject.CurrencyHelperTests" name="FormatToStringTest1000(47025.6224095177d,&quot;47025.62 zł&quot;)" />
    </UnitTest>
    <UnitTest name="FormatToStringTest1000(37866.43836050967d,&quot;37866.44 zł&quot;)" storage="c:\projekty\nunittestproject\bin\debug\netcoreapp3.1\nunittestproject.dll" id="379018c4-3439-ea28-2c36-3039f4766b8e">
      <Execution id="64fbb1d3-5a67-4f23-94e5-4a30426d7f71" />
      <TestMethod codeBase="C:\Projekty\NUnitTestProject\bin\Debug\netcoreapp3.1\NUnitTestProject.dll" adapterTypeName="executor://nunit3testexecutor/" className="NUnitTestProject.CurrencyHelperTests" name="FormatToStringTest1000(37866.43836050967d,&quot;37866.44 zł&quot;)" />
    </UnitTest>
    <UnitTest name="FormatToStringTest1000(45445.182098106096d,&quot;45445.18 zł&quot;)" storage="c:\projekty\nunittestproject\bin\debug\netcoreapp3.1\nunittestproject.dll" id="f6e6ea6a-a253-8185-3a92-d6751c76c436">
      <Execution id="68846bcb-2fcb-446c-b2c9-f876a0559a3e" />
      <TestMethod codeBase="C:\Projekty\NUnitTestProject\bin\Debug\netcoreapp3.1\NUnitTestProject.dll" adapterTypeName="executor://nunit3testexecutor/" className="NUnitTestProject.CurrencyHelperTests" name="FormatToStringTest1000(45445.182098106096d,&quot;45445.18 zł&quot;)" />
    </UnitTest>
    <UnitTest name="FormatToStringTest1000(657.5396922647672d,&quot;657.54 zł&quot;)" storage="c:\projekty\nunittestproject\bin\debug\netcoreapp3.1\nunittestproject.dll" id="92867c0e-facc-7f59-b4bc-04e39d2ba464">
      <Execution id="44143e39-2030-4052-a435-450bb436cf6c" />
      <TestMethod codeBase="C:\Projekty\NUnitTestProject\bin\Debug\netcoreapp3.1\NUnitTestProject.dll" adapterTypeName="executor://nunit3testexecutor/" className="NUnitTestProject.CurrencyHelperTests" name="FormatToStringTest1000(657.5396922647672d,&quot;657.54 zł&quot;)" />
    </UnitTest>
    <UnitTest name="FormatToStringTest1000(2423.6182769712145d,&quot;2423.62 zł&quot;)" storage="c:\projekty\nunittestproject\bin\debug\netcoreapp3.1\nunittestproject.dll" id="2067c239-a69d-2f34-aeac-53cb55316cbb">
      <Execution id="727f1a04-02c3-4bfe-bd06-f8b73c321c70" />
      <TestMethod codeBase="C:\Projekty\NUnitTestProject\bin\Debug\netcoreapp3.1\NUnitTestProject.dll" adapterTypeName="executor://nunit3testexecutor/" className="NUnitTestProject.CurrencyHelperTests" name="FormatToStringTest1000(2423.6182769712145d,&quot;2423.62 zł&quot;)" />
    </UnitTest>
    <UnitTest name="FormatToStringTest1000(30410.68214617003d,&quot;30410.68 zł&quot;)" storage="c:\projekty\nunittestproject\bin\debug\netcoreapp3.1\nunittestproject.dll" id="9ef22620-233d-af50-c838-ed1dcd20ddc6">
      <Execution id="7c85129e-d03e-49a6-893e-9bd1ddd1283c" />
      <TestMethod codeBase="C:\Projekty\NUnitTestProject\bin\Debug\netcoreapp3.1\NUnitTestProject.dll" adapterTypeName="executor://nunit3testexecutor/" className="NUnitTestProject.CurrencyHelperTests" name="FormatToStringTest1000(30410.68214617003d,&quot;30410.68 zł&quot;)" />
    </UnitTest>
    <UnitTest name="FormatToStringTest1000(2409.393997763001d,&quot;2409.39 zł&quot;)" storage="c:\projekty\nunittestproject\bin\debug\netcoreapp3.1\nunittestproject.dll" id="1e5c078d-f94d-c926-473c-575e7ad77b95">
      <Execution id="6c1acb66-1e32-4fbb-b0ac-3b7f063ef32e" />
      <TestMethod codeBase="C:\Projekty\NUnitTestProject\bin\Debug\netcoreapp3.1\NUnitTestProject.dll" adapterTypeName="executor://nunit3testexecutor/" className="NUnitTestProject.CurrencyHelperTests" name="FormatToStringTest1000(2409.393997763001d,&quot;2409.39 zł&quot;)" />
    </UnitTest>
    <UnitTest name="FormatToStringTest1000(12221.10494323592d,&quot;12221.10 zł&quot;)" storage="c:\projekty\nunittestproject\bin\debug\netcoreapp3.1\nunittestproject.dll" id="64a6b4e0-a8e1-9595-14c6-66f8a8c8f576">
      <Execution id="b0a9f35a-21b8-4e38-959a-44ecf363ac60" />
      <TestMethod codeBase="C:\Projekty\NUnitTestProject\bin\Debug\netcoreapp3.1\NUnitTestProject.dll" adapterTypeName="executor://nunit3testexecutor/" className="NUnitTestProject.CurrencyHelperTests" name="FormatToStringTest1000(12221.10494323592d,&quot;12221.10 zł&quot;)" />
    </UnitTest>
    <UnitTest name="FormatToStringTest1000(5876.112133716285d,&quot;5876.11 zł&quot;)" storage="c:\projekty\nunittestproject\bin\debug\netcoreapp3.1\nunittestproject.dll" id="9bd1c538-5b49-0158-94f6-e9be1859d678">
      <Execution id="64dc4ef1-04bd-4487-938b-717fc3cae7ad" />
      <TestMethod codeBase="C:\Projekty\NUnitTestProject\bin\Debug\netcoreapp3.1\NUnitTestProject.dll" adapterTypeName="executor://nunit3testexecutor/" className="NUnitTestProject.CurrencyHelperTests" name="FormatToStringTest1000(5876.112133716285d,&quot;5876.11 zł&quot;)" />
    </UnitTest>
    <UnitTest name="FormatToStringTest1000(10534.184353995222d,&quot;10534.18 zł&quot;)" storage="c:\projekty\nunittestproject\bin\debug\netcoreapp3.1\nunittestproject.dll" id="8537861e-52bb-f63c-38f8-3f1d41ff88e5">
      <Execution id="c040b3df-c4f3-43dc-aa9c-046a0285578a" />
      <TestMethod codeBase="C:\Projekty\NUnitTestProject\bin\Debug\netcoreapp3.1\NUnitTestProject.dll" adapterTypeName="executor://nunit3testexecutor/" className="NUnitTestProject.CurrencyHelperTests" name="FormatToStringTest1000(10534.184353995222d,&quot;10534.18 zł&quot;)" />
    </UnitTest>
    <UnitTest name="FormatToStringTest1000(19541.10539777116d,&quot;19541.11 zł&quot;)" storage="c:\projekty\nunittestproject\bin\debug\netcoreapp3.1\nunittestproject.dll" id="7f23cd21-ad85-3cc7-38be-9ece9bfed213">
      <Execution id="328c8f50-31db-4f23-882d-4b36d6e20cf7" />
      <TestMethod codeBase="C:\Projekty\NUnitTestProject\bin\Debug\netcoreapp3.1\NUnitTestProject.dll" adapterTypeName="executor://nunit3testexecutor/" className="NUnitTestProject.CurrencyHelperTests" name="FormatToStringTest1000(19541.10539777116d,&quot;19541.11 zł&quot;)" />
    </UnitTest>
    <UnitTest name="FormatToStringTest1000(480.2082316857801d,&quot;480.21 zł&quot;)" storage="c:\projekty\nunittestproject\bin\debug\netcoreapp3.1\nunittestproject.dll" id="05474d60-4c0c-5e35-b4fc-2df26a361c4d">
      <Execution id="439b1aaa-0bd4-4cee-b628-203caaae3f4d" />
      <TestMethod codeBase="C:\Projekty\NUnitTestProject\bin\Debug\netcoreapp3.1\NUnitTestProject.dll" adapterTypeName="executor://nunit3testexecutor/" className="NUnitTestProject.CurrencyHelperTests" name="FormatToStringTest1000(480.2082316857801d,&quot;480.21 zł&quot;)" />
    </UnitTest>
    <UnitTest name="FormatToStringTest1000(22678.795878462864d,&quot;22678.80 zł&quot;)" storage="c:\projekty\nunittestproject\bin\debug\netcoreapp3.1\nunittestproject.dll" id="09dc5d9b-3822-771d-84ba-e650ae497aa7">
      <Execution id="cebc665d-82cc-440a-ae55-95a35af4a71c" />
      <TestMethod codeBase="C:\Projekty\NUnitTestProject\bin\Debug\netcoreapp3.1\NUnitTestProject.dll" adapterTypeName="executor://nunit3testexecutor/" className="NUnitTestProject.CurrencyHelperTests" name="FormatToStringTest1000(22678.795878462864d,&quot;22678.80 zł&quot;)" />
    </UnitTest>
    <UnitTest name="FormatToStringTest1000(25376.6225052097d,&quot;25376.62 zł&quot;)" storage="c:\projekty\nunittestproject\bin\debug\netcoreapp3.1\nunittestproject.dll" id="4b65b228-f0fd-3e1d-e2c9-95f312b6aeb7">
      <Execution id="96634a68-438e-4c8b-8034-ca8059071737" />
      <TestMethod codeBase="C:\Projekty\NUnitTestProject\bin\Debug\netcoreapp3.1\NUnitTestProject.dll" adapterTypeName="executor://nunit3testexecutor/" className="NUnitTestProject.CurrencyHelperTests" name="FormatToStringTest1000(25376.6225052097d,&quot;25376.62 zł&quot;)" />
    </UnitTest>
    <UnitTest name="FormatToStringTest1000(2444.4726240530017d,&quot;2444.47 zł&quot;)" storage="c:\projekty\nunittestproject\bin\debug\netcoreapp3.1\nunittestproject.dll" id="67f8d8e0-1fb7-7817-1ba6-6557149ef676">
      <Execution id="a58986b8-197d-4e9a-8be2-726f9456a42c" />
      <TestMethod codeBase="C:\Projekty\NUnitTestProject\bin\Debug\netcoreapp3.1\NUnitTestProject.dll" adapterTypeName="executor://nunit3testexecutor/" className="NUnitTestProject.CurrencyHelperTests" name="FormatToStringTest1000(2444.4726240530017d,&quot;2444.47 zł&quot;)" />
    </UnitTest>
    <UnitTest name="FormatToStringTest1000(8851.904041135638d,&quot;8851.90 zł&quot;)" storage="c:\projekty\nunittestproject\bin\debug\netcoreapp3.1\nunittestproject.dll" id="2e2f38c6-5756-eb9b-9fbb-652c777b6247">
      <Execution id="08ae88e9-e967-4f16-af7d-15359e77bf25" />
      <TestMethod codeBase="C:\Projekty\NUnitTestProject\bin\Debug\netcoreapp3.1\NUnitTestProject.dll" adapterTypeName="executor://nunit3testexecutor/" className="NUnitTestProject.CurrencyHelperTests" name="FormatToStringTest1000(8851.904041135638d,&quot;8851.90 zł&quot;)" />
    </UnitTest>
    <UnitTest name="FormatToStringTest1000(43858.624379632354d,&quot;43858.62 zł&quot;)" storage="c:\projekty\nunittestproject\bin\debug\netcoreapp3.1\nunittestproject.dll" id="0183c416-9787-c59d-18ce-d5b3fc43ac57">
      <Execution id="a08f0bc8-0653-4c8b-bf21-1d5805358417" />
      <TestMethod codeBase="C:\Projekty\NUnitTestProject\bin\Debug\netcoreapp3.1\NUnitTestProject.dll" adapterTypeName="executor://nunit3testexecutor/" className="NUnitTestProject.CurrencyHelperTests" name="FormatToStringTest1000(43858.624379632354d,&quot;43858.62 zł&quot;)" />
    </UnitTest>
    <UnitTest name="FormatToStringTest1000(13455.521105358153d,&quot;13455.52 zł&quot;)" storage="c:\projekty\nunittestproject\bin\debug\netcoreapp3.1\nunittestproject.dll" id="dd5c672a-615a-d2df-e240-966d42055469">
      <Execution id="dee57ff0-225b-4979-ac2c-e20262c55272" />
      <TestMethod codeBase="C:\Projekty\NUnitTestProject\bin\Debug\netcoreapp3.1\NUnitTestProject.dll" adapterTypeName="executor://nunit3testexecutor/" className="NUnitTestProject.CurrencyHelperTests" name="FormatToStringTest1000(13455.521105358153d,&quot;13455.52 zł&quot;)" />
    </UnitTest>
    <UnitTest name="FormatToStringTest1000(386.358918903097d,&quot;386.36 zł&quot;)" storage="c:\projekty\nunittestproject\bin\debug\netcoreapp3.1\nunittestproject.dll" id="c565182f-b75e-4a8b-1a2d-674dce2fa509">
      <Execution id="a40a0e92-f57a-466f-b04e-0776b2d5e997" />
      <TestMethod codeBase="C:\Projekty\NUnitTestProject\bin\Debug\netcoreapp3.1\NUnitTestProject.dll" adapterTypeName="executor://nunit3testexecutor/" className="NUnitTestProject.CurrencyHelperTests" name="FormatToStringTest1000(386.358918903097d,&quot;386.36 zł&quot;)" />
    </UnitTest>
    <UnitTest name="FormatToStringTest1000(10066.059180456241d,&quot;10066.06 zł&quot;)" storage="c:\projekty\nunittestproject\bin\debug\netcoreapp3.1\nunittestproject.dll" id="e8132b4a-b72b-7d8e-d5ad-2056ee804391">
      <Execution id="33460845-fd3f-4b4f-84d6-d5021ad9563d" />
      <TestMethod codeBase="C:\Projekty\NUnitTestProject\bin\Debug\netcoreapp3.1\NUnitTestProject.dll" adapterTypeName="executor://nunit3testexecutor/" className="NUnitTestProject.CurrencyHelperTests" name="FormatToStringTest1000(10066.059180456241d,&quot;10066.06 zł&quot;)" />
    </UnitTest>
    <UnitTest name="FormatToStringTest1000(2883.637133003975d,&quot;2883.64 zł&quot;)" storage="c:\projekty\nunittestproject\bin\debug\netcoreapp3.1\nunittestproject.dll" id="8444e906-7a92-9021-9b3f-57eb7bbd8067">
      <Execution id="3b746235-f769-45d9-9019-4380f23509da" />
      <TestMethod codeBase="C:\Projekty\NUnitTestProject\bin\Debug\netcoreapp3.1\NUnitTestProject.dll" adapterTypeName="executor://nunit3testexecutor/" className="NUnitTestProject.CurrencyHelperTests" name="FormatToStringTest1000(2883.637133003975d,&quot;2883.64 zł&quot;)" />
    </UnitTest>
    <UnitTest name="FormatToStringTest1000(24030.724859085738d,&quot;24030.72 zł&quot;)" storage="c:\projekty\nunittestproject\bin\debug\netcoreapp3.1\nunittestproject.dll" id="39df2f5c-e533-7912-e8a8-0244d814b70f">
      <Execution id="29ebc2c0-0520-4b79-9d58-6de2652935f5" />
      <TestMethod codeBase="C:\Projekty\NUnitTestProject\bin\Debug\netcoreapp3.1\NUnitTestProject.dll" adapterTypeName="executor://nunit3testexecutor/" className="NUnitTestProject.CurrencyHelperTests" name="FormatToStringTest1000(24030.724859085738d,&quot;24030.72 zł&quot;)" />
    </UnitTest>
    <UnitTest name="FormatToStringTest1000(20116.958341299072d,&quot;20116.96 zł&quot;)" storage="c:\projekty\nunittestproject\bin\debug\netcoreapp3.1\nunittestproject.dll" id="7a0e454f-7db2-d7d6-0df6-561708317bba">
      <Execution id="4aa0df71-e558-4cf7-bbe6-ae44f041b4d6" />
      <TestMethod codeBase="C:\Projekty\NUnitTestProject\bin\Debug\netcoreapp3.1\NUnitTestProject.dll" adapterTypeName="executor://nunit3testexecutor/" className="NUnitTestProject.CurrencyHelperTests" name="FormatToStringTest1000(20116.958341299072d,&quot;20116.96 zł&quot;)" />
    </UnitTest>
    <UnitTest name="FormatToStringTest1000(58459.03113649601d,&quot;58459.03 zł&quot;)" storage="c:\projekty\nunittestproject\bin\debug\netcoreapp3.1\nunittestproject.dll" id="b923c1df-de90-30ce-6175-be67d41806a2">
      <Execution id="4f2d6a09-1f5a-4847-818b-a6b62d054e45" />
      <TestMethod codeBase="C:\Projekty\NUnitTestProject\bin\Debug\netcoreapp3.1\NUnitTestProject.dll" adapterTypeName="executor://nunit3testexecutor/" className="NUnitTestProject.CurrencyHelperTests" name="FormatToStringTest1000(58459.03113649601d,&quot;58459.03 zł&quot;)" />
    </UnitTest>
    <UnitTest name="FormatToStringTest1000(20643.69044446465d,&quot;20643.69 zł&quot;)" storage="c:\projekty\nunittestproject\bin\debug\netcoreapp3.1\nunittestproject.dll" id="b039aca6-d089-bcbd-2727-394bcd0025e0">
      <Execution id="73ba7a6a-24e0-46f9-8e7d-c71c52b1e5a8" />
      <TestMethod codeBase="C:\Projekty\NUnitTestProject\bin\Debug\netcoreapp3.1\NUnitTestProject.dll" adapterTypeName="executor://nunit3testexecutor/" className="NUnitTestProject.CurrencyHelperTests" name="FormatToStringTest1000(20643.69044446465d,&quot;20643.69 zł&quot;)" />
    </UnitTest>
    <UnitTest name="FormatToStringTest1000(151.50737175275916d,&quot;151.51 zł&quot;)" storage="c:\projekty\nunittestproject\bin\debug\netcoreapp3.1\nunittestproject.dll" id="34f38fc8-ae53-5e82-0417-57e4237764fa">
      <Execution id="160bf98b-bcaf-4736-837f-7afc21ef02b5" />
      <TestMethod codeBase="C:\Projekty\NUnitTestProject\bin\Debug\netcoreapp3.1\NUnitTestProject.dll" adapterTypeName="executor://nunit3testexecutor/" className="NUnitTestProject.CurrencyHelperTests" name="FormatToStringTest1000(151.50737175275916d,&quot;151.51 zł&quot;)" />
    </UnitTest>
    <UnitTest name="FormatToStringTest1000(39314.52353688401d,&quot;39314.52 zł&quot;)" storage="c:\projekty\nunittestproject\bin\debug\netcoreapp3.1\nunittestproject.dll" id="97c96922-5169-8a4b-ec79-8c51fbb945f4">
      <Execution id="ff6c5b2f-1d7e-4146-b022-46810812d240" />
      <TestMethod codeBase="C:\Projekty\NUnitTestProject\bin\Debug\netcoreapp3.1\NUnitTestProject.dll" adapterTypeName="executor://nunit3testexecutor/" className="NUnitTestProject.CurrencyHelperTests" name="FormatToStringTest1000(39314.52353688401d,&quot;39314.52 zł&quot;)" />
    </UnitTest>
    <UnitTest name="FormatToStringTest1000(70771.4436677524d,&quot;70771.44 zł&quot;)" storage="c:\projekty\nunittestproject\bin\debug\netcoreapp3.1\nunittestproject.dll" id="a08c8488-fa9f-7deb-e37e-0124bdaf71c9">
      <Execution id="3c188d87-dc61-45a0-a7ba-bbb77635cad3" />
      <TestMethod codeBase="C:\Projekty\NUnitTestProject\bin\Debug\netcoreapp3.1\NUnitTestProject.dll" adapterTypeName="executor://nunit3testexecutor/" className="NUnitTestProject.CurrencyHelperTests" name="FormatToStringTest1000(70771.4436677524d,&quot;70771.44 zł&quot;)" />
    </UnitTest>
    <UnitTest name="FormatToStringTest1000(24768.25771770359d,&quot;24768.26 zł&quot;)" storage="c:\projekty\nunittestproject\bin\debug\netcoreapp3.1\nunittestproject.dll" id="9277cfc2-3adf-cf52-f9f5-a84d42e6305c">
      <Execution id="ed7641a6-3b02-465d-8034-599b11060d4b" />
      <TestMethod codeBase="C:\Projekty\NUnitTestProject\bin\Debug\netcoreapp3.1\NUnitTestProject.dll" adapterTypeName="executor://nunit3testexecutor/" className="NUnitTestProject.CurrencyHelperTests" name="FormatToStringTest1000(24768.25771770359d,&quot;24768.26 zł&quot;)" />
    </UnitTest>
    <UnitTest name="FormatToStringTest1000(50644.690874327294d,&quot;50644.69 zł&quot;)" storage="c:\projekty\nunittestproject\bin\debug\netcoreapp3.1\nunittestproject.dll" id="9006b827-71f8-1e68-78c8-d64e06e75b19">
      <Execution id="95beb9f4-017a-4d41-ac57-909e310bb5ad" />
      <TestMethod codeBase="C:\Projekty\NUnitTestProject\bin\Debug\netcoreapp3.1\NUnitTestProject.dll" adapterTypeName="executor://nunit3testexecutor/" className="NUnitTestProject.CurrencyHelperTests" name="FormatToStringTest1000(50644.690874327294d,&quot;50644.69 zł&quot;)" />
    </UnitTest>
    <UnitTest name="FormatToStringTest1000(20146.183073329827d,&quot;20146.18 zł&quot;)" storage="c:\projekty\nunittestproject\bin\debug\netcoreapp3.1\nunittestproject.dll" id="b5a90a67-8ab0-67af-7979-e040eeab7b97">
      <Execution id="6b1bcac4-9ff9-4e6a-b80b-2cf2a2aca484" />
      <TestMethod codeBase="C:\Projekty\NUnitTestProject\bin\Debug\netcoreapp3.1\NUnitTestProject.dll" adapterTypeName="executor://nunit3testexecutor/" className="NUnitTestProject.CurrencyHelperTests" name="FormatToStringTest1000(20146.183073329827d,&quot;20146.18 zł&quot;)" />
    </UnitTest>
    <UnitTest name="FormatToStringTest1000(45340.017357165d,&quot;45340.02 zł&quot;)" storage="c:\projekty\nunittestproject\bin\debug\netcoreapp3.1\nunittestproject.dll" id="11c041e5-c464-6527-9aa5-15185ee7ed3b">
      <Execution id="8e68bca6-c7d0-47e4-b85f-19baa3d55ec0" />
      <TestMethod codeBase="C:\Projekty\NUnitTestProject\bin\Debug\netcoreapp3.1\NUnitTestProject.dll" adapterTypeName="executor://nunit3testexecutor/" className="NUnitTestProject.CurrencyHelperTests" name="FormatToStringTest1000(45340.017357165d,&quot;45340.02 zł&quot;)" />
    </UnitTest>
    <UnitTest name="FormatToStringTest1000(52032.65082931176d,&quot;52032.65 zł&quot;)" storage="c:\projekty\nunittestproject\bin\debug\netcoreapp3.1\nunittestproject.dll" id="0f4e158a-5f55-34ac-2195-c457e3f3f9e2">
      <Execution id="7c2371d8-a8e6-4f25-be53-f00385135303" />
      <TestMethod codeBase="C:\Projekty\NUnitTestProject\bin\Debug\netcoreapp3.1\NUnitTestProject.dll" adapterTypeName="executor://nunit3testexecutor/" className="NUnitTestProject.CurrencyHelperTests" name="FormatToStringTest1000(52032.65082931176d,&quot;52032.65 zł&quot;)" />
    </UnitTest>
    <UnitTest name="FormatToStringTest1000(36320.770035296104d,&quot;36320.77 zł&quot;)" storage="c:\projekty\nunittestproject\bin\debug\netcoreapp3.1\nunittestproject.dll" id="a6a973e9-da68-b082-10c2-5aa132fd4e6b">
      <Execution id="d5b4475f-f108-463c-ba90-0c6b14bde854" />
      <TestMethod codeBase="C:\Projekty\NUnitTestProject\bin\Debug\netcoreapp3.1\NUnitTestProject.dll" adapterTypeName="executor://nunit3testexecutor/" className="NUnitTestProject.CurrencyHelperTests" name="FormatToStringTest1000(36320.770035296104d,&quot;36320.77 zł&quot;)" />
    </UnitTest>
    <UnitTest name="FormatToStringTest1000(34096.337879508894d,&quot;34096.34 zł&quot;)" storage="c:\projekty\nunittestproject\bin\debug\netcoreapp3.1\nunittestproject.dll" id="21c3231d-e912-0f46-5fbf-421ff3f2435e">
      <Execution id="01dbb45e-e2c3-42be-856c-157064a8e5e1" />
      <TestMethod codeBase="C:\Projekty\NUnitTestProject\bin\Debug\netcoreapp3.1\NUnitTestProject.dll" adapterTypeName="executor://nunit3testexecutor/" className="NUnitTestProject.CurrencyHelperTests" name="FormatToStringTest1000(34096.337879508894d,&quot;34096.34 zł&quot;)" />
    </UnitTest>
    <UnitTest name="FormatToStringTest1000(37589.670531794276d,&quot;37589.67 zł&quot;)" storage="c:\projekty\nunittestproject\bin\debug\netcoreapp3.1\nunittestproject.dll" id="39003167-8a78-92df-7e4f-41dcd0888168">
      <Execution id="76f06441-f098-4600-9817-8f48c88f869b" />
      <TestMethod codeBase="C:\Projekty\NUnitTestProject\bin\Debug\netcoreapp3.1\NUnitTestProject.dll" adapterTypeName="executor://nunit3testexecutor/" className="NUnitTestProject.CurrencyHelperTests" name="FormatToStringTest1000(37589.670531794276d,&quot;37589.67 zł&quot;)" />
    </UnitTest>
    <UnitTest name="FormatToStringTest1000(15566.957545477411d,&quot;15566.96 zł&quot;)" storage="c:\projekty\nunittestproject\bin\debug\netcoreapp3.1\nunittestproject.dll" id="506d41c9-bfc8-bf08-1307-c55fbf29a8e5">
      <Execution id="0d25477c-27a5-47db-98a7-6616af37d19b" />
      <TestMethod codeBase="C:\Projekty\NUnitTestProject\bin\Debug\netcoreapp3.1\NUnitTestProject.dll" adapterTypeName="executor://nunit3testexecutor/" className="NUnitTestProject.CurrencyHelperTests" name="FormatToStringTest1000(15566.957545477411d,&quot;15566.96 zł&quot;)" />
    </UnitTest>
    <UnitTest name="FormatToStringTest1000(9661.966055578536d,&quot;9661.97 zł&quot;)" storage="c:\projekty\nunittestproject\bin\debug\netcoreapp3.1\nunittestproject.dll" id="b9c69082-a036-d41e-d5a0-c1cde2a1d040">
      <Execution id="275b79cd-d933-4328-bd98-11c2a7277953" />
      <TestMethod codeBase="C:\Projekty\NUnitTestProject\bin\Debug\netcoreapp3.1\NUnitTestProject.dll" adapterTypeName="executor://nunit3testexecutor/" className="NUnitTestProject.CurrencyHelperTests" name="FormatToStringTest1000(9661.966055578536d,&quot;9661.97 zł&quot;)" />
    </UnitTest>
    <UnitTest name="FormatToStringTest1000(653.4647999170537d,&quot;653.46 zł&quot;)" storage="c:\projekty\nunittestproject\bin\debug\netcoreapp3.1\nunittestproject.dll" id="a95ff0ae-d4c3-2673-b0e9-9a7af3b33aba">
      <Execution id="9e4e7de7-9ca4-4b6c-8170-e20ceae7e936" />
      <TestMethod codeBase="C:\Projekty\NUnitTestProject\bin\Debug\netcoreapp3.1\NUnitTestProject.dll" adapterTypeName="executor://nunit3testexecutor/" className="NUnitTestProject.CurrencyHelperTests" name="FormatToStringTest1000(653.4647999170537d,&quot;653.46 zł&quot;)" />
    </UnitTest>
    <UnitTest name="FormatToStringTest1000(63115.864864394935d,&quot;63115.86 zł&quot;)" storage="c:\projekty\nunittestproject\bin\debug\netcoreapp3.1\nunittestproject.dll" id="13221fa5-3685-19e4-e13a-81cefe081d4d">
      <Execution id="6e0bebf6-5f61-4a67-842b-4ed5df319170" />
      <TestMethod codeBase="C:\Projekty\NUnitTestProject\bin\Debug\netcoreapp3.1\NUnitTestProject.dll" adapterTypeName="executor://nunit3testexecutor/" className="NUnitTestProject.CurrencyHelperTests" name="FormatToStringTest1000(63115.864864394935d,&quot;63115.86 zł&quot;)" />
    </UnitTest>
    <UnitTest name="FormatToStringTest1000(9818.257405763146d,&quot;9818.26 zł&quot;)" storage="c:\projekty\nunittestproject\bin\debug\netcoreapp3.1\nunittestproject.dll" id="99d674fc-9d36-ee84-15f3-75180d0ffbf0">
      <Execution id="fb61345a-52cd-4a40-be4e-c5bfcc5ca9da" />
      <TestMethod codeBase="C:\Projekty\NUnitTestProject\bin\Debug\netcoreapp3.1\NUnitTestProject.dll" adapterTypeName="executor://nunit3testexecutor/" className="NUnitTestProject.CurrencyHelperTests" name="FormatToStringTest1000(9818.257405763146d,&quot;9818.26 zł&quot;)" />
    </UnitTest>
    <UnitTest name="FormatToStringTest1000(46607.970025941715d,&quot;46607.97 zł&quot;)" storage="c:\projekty\nunittestproject\bin\debug\netcoreapp3.1\nunittestproject.dll" id="c2736500-86f5-c7ae-a0e1-fceb61e5a5d4">
      <Execution id="0652f3cf-31af-4feb-9070-10260f64608c" />
      <TestMethod codeBase="C:\Projekty\NUnitTestProject\bin\Debug\netcoreapp3.1\NUnitTestProject.dll" adapterTypeName="executor://nunit3testexecutor/" className="NUnitTestProject.CurrencyHelperTests" name="FormatToStringTest1000(46607.970025941715d,&quot;46607.97 zł&quot;)" />
    </UnitTest>
    <UnitTest name="FormatToStringTest1000(11829.625994884234d,&quot;11829.63 zł&quot;)" storage="c:\projekty\nunittestproject\bin\debug\netcoreapp3.1\nunittestproject.dll" id="8ba4f73b-ec87-c89b-2641-8f6e59861d2d">
      <Execution id="0d48eba2-94e6-494c-b142-4cc5abd24487" />
      <TestMethod codeBase="C:\Projekty\NUnitTestProject\bin\Debug\netcoreapp3.1\NUnitTestProject.dll" adapterTypeName="executor://nunit3testexecutor/" className="NUnitTestProject.CurrencyHelperTests" name="FormatToStringTest1000(11829.625994884234d,&quot;11829.63 zł&quot;)" />
    </UnitTest>
    <UnitTest name="FormatToStringTest1000(55030.929183896136d,&quot;55030.93 zł&quot;)" storage="c:\projekty\nunittestproject\bin\debug\netcoreapp3.1\nunittestproject.dll" id="eae9a8da-630f-ea44-decf-a8ef3a38d81d">
      <Execution id="af6f0421-2042-4746-86a9-23cb329a60d9" />
      <TestMethod codeBase="C:\Projekty\NUnitTestProject\bin\Debug\netcoreapp3.1\NUnitTestProject.dll" adapterTypeName="executor://nunit3testexecutor/" className="NUnitTestProject.CurrencyHelperTests" name="FormatToStringTest1000(55030.929183896136d,&quot;55030.93 zł&quot;)" />
    </UnitTest>
    <UnitTest name="FormatToStringTest1000(5749.124990274722d,&quot;5749.12 zł&quot;)" storage="c:\projekty\nunittestproject\bin\debug\netcoreapp3.1\nunittestproject.dll" id="e6b1d0c3-adf4-f12b-3a3a-a088a5d2227c">
      <Execution id="72e56aa7-2332-4725-a986-a5a2807cf74c" />
      <TestMethod codeBase="C:\Projekty\NUnitTestProject\bin\Debug\netcoreapp3.1\NUnitTestProject.dll" adapterTypeName="executor://nunit3testexecutor/" className="NUnitTestProject.CurrencyHelperTests" name="FormatToStringTest1000(5749.124990274722d,&quot;5749.12 zł&quot;)" />
    </UnitTest>
    <UnitTest name="FormatToStringTest1000(22666.13578912995d,&quot;22666.14 zł&quot;)" storage="c:\projekty\nunittestproject\bin\debug\netcoreapp3.1\nunittestproject.dll" id="3c275536-ffe1-8830-c363-8f6f56aca6a1">
      <Execution id="61f0bb85-d96a-4892-b454-b3e19e9e27be" />
      <TestMethod codeBase="C:\Projekty\NUnitTestProject\bin\Debug\netcoreapp3.1\NUnitTestProject.dll" adapterTypeName="executor://nunit3testexecutor/" className="NUnitTestProject.CurrencyHelperTests" name="FormatToStringTest1000(22666.13578912995d,&quot;22666.14 zł&quot;)" />
    </UnitTest>
    <UnitTest name="FormatToStringTest1000(9765.54450809748d,&quot;9765.54 zł&quot;)" storage="c:\projekty\nunittestproject\bin\debug\netcoreapp3.1\nunittestproject.dll" id="9cea378d-92c3-1f1c-ce51-cbbf77aae662">
      <Execution id="91f76efd-e3fe-49e4-beca-9984b7a9a0c7" />
      <TestMethod codeBase="C:\Projekty\NUnitTestProject\bin\Debug\netcoreapp3.1\NUnitTestProject.dll" adapterTypeName="executor://nunit3testexecutor/" className="NUnitTestProject.CurrencyHelperTests" name="FormatToStringTest1000(9765.54450809748d,&quot;9765.54 zł&quot;)" />
    </UnitTest>
    <UnitTest name="FormatToStringTest1000(8802.811382028653d,&quot;8802.81 zł&quot;)" storage="c:\projekty\nunittestproject\bin\debug\netcoreapp3.1\nunittestproject.dll" id="40488d75-026c-550a-6026-e97b07265e5b">
      <Execution id="c13342a6-c31f-4fa7-abc0-d858d0c3b462" />
      <TestMethod codeBase="C:\Projekty\NUnitTestProject\bin\Debug\netcoreapp3.1\NUnitTestProject.dll" adapterTypeName="executor://nunit3testexecutor/" className="NUnitTestProject.CurrencyHelperTests" name="FormatToStringTest1000(8802.811382028653d,&quot;8802.81 zł&quot;)" />
    </UnitTest>
    <UnitTest name="FormatToStringTest1000(3588.260979617136d,&quot;3588.26 zł&quot;)" storage="c:\projekty\nunittestproject\bin\debug\netcoreapp3.1\nunittestproject.dll" id="662f9f8e-b212-7223-452e-c301bb4c0b8d">
      <Execution id="be54caaf-5c06-40df-a8de-a5b68e6b3e82" />
      <TestMethod codeBase="C:\Projekty\NUnitTestProject\bin\Debug\netcoreapp3.1\NUnitTestProject.dll" adapterTypeName="executor://nunit3testexecutor/" className="NUnitTestProject.CurrencyHelperTests" name="FormatToStringTest1000(3588.260979617136d,&quot;3588.26 zł&quot;)" />
    </UnitTest>
    <UnitTest name="FormatToStringTest1000(20454.142628653506d,&quot;20454.14 zł&quot;)" storage="c:\projekty\nunittestproject\bin\debug\netcoreapp3.1\nunittestproject.dll" id="f6401660-be6e-6eb8-4af7-4a88425589c4">
      <Execution id="fd082ccd-915d-422b-8b11-439351813888" />
      <TestMethod codeBase="C:\Projekty\NUnitTestProject\bin\Debug\netcoreapp3.1\NUnitTestProject.dll" adapterTypeName="executor://nunit3testexecutor/" className="NUnitTestProject.CurrencyHelperTests" name="FormatToStringTest1000(20454.142628653506d,&quot;20454.14 zł&quot;)" />
    </UnitTest>
    <UnitTest name="FormatToStringTest1000(22330.217605518745d,&quot;22330.22 zł&quot;)" storage="c:\projekty\nunittestproject\bin\debug\netcoreapp3.1\nunittestproject.dll" id="47a34375-592d-8cb5-ab77-ab4cd5ff1ae6">
      <Execution id="97c67004-fea2-4918-9aa4-21f3abff4c6b" />
      <TestMethod codeBase="C:\Projekty\NUnitTestProject\bin\Debug\netcoreapp3.1\NUnitTestProject.dll" adapterTypeName="executor://nunit3testexecutor/" className="NUnitTestProject.CurrencyHelperTests" name="FormatToStringTest1000(22330.217605518745d,&quot;22330.22 zł&quot;)" />
    </UnitTest>
    <UnitTest name="FormatToStringTest1000(31424.298858482067d,&quot;31424.30 zł&quot;)" storage="c:\projekty\nunittestproject\bin\debug\netcoreapp3.1\nunittestproject.dll" id="6348b4b0-49f7-9204-9791-fbfe727cb8b8">
      <Execution id="d81c2742-4dfd-49bb-9f89-240e011d59cc" />
      <TestMethod codeBase="C:\Projekty\NUnitTestProject\bin\Debug\netcoreapp3.1\NUnitTestProject.dll" adapterTypeName="executor://nunit3testexecutor/" className="NUnitTestProject.CurrencyHelperTests" name="FormatToStringTest1000(31424.298858482067d,&quot;31424.30 zł&quot;)" />
    </UnitTest>
    <UnitTest name="FormatToStringTest1000(9750.134289915735d,&quot;9750.13 zł&quot;)" storage="c:\projekty\nunittestproject\bin\debug\netcoreapp3.1\nunittestproject.dll" id="4f1f0a63-e0be-64e6-2c9f-87d58c623ce7">
      <Execution id="7b29d337-896c-458c-b665-5473c6bc6610" />
      <TestMethod codeBase="C:\Projekty\NUnitTestProject\bin\Debug\netcoreapp3.1\NUnitTestProject.dll" adapterTypeName="executor://nunit3testexecutor/" className="NUnitTestProject.CurrencyHelperTests" name="FormatToStringTest1000(9750.134289915735d,&quot;9750.13 zł&quot;)" />
    </UnitTest>
    <UnitTest name="FormatToStringTest1000(4648.492795337221d,&quot;4648.49 zł&quot;)" storage="c:\projekty\nunittestproject\bin\debug\netcoreapp3.1\nunittestproject.dll" id="341610ea-9bd8-25a4-90fc-740a57823f92">
      <Execution id="bd4c798e-8f63-425b-95ea-4fe2654fac02" />
      <TestMethod codeBase="C:\Projekty\NUnitTestProject\bin\Debug\netcoreapp3.1\NUnitTestProject.dll" adapterTypeName="executor://nunit3testexecutor/" className="NUnitTestProject.CurrencyHelperTests" name="FormatToStringTest1000(4648.492795337221d,&quot;4648.49 zł&quot;)" />
    </UnitTest>
    <UnitTest name="FormatToStringTest1000(20737.251994218328d,&quot;20737.25 zł&quot;)" storage="c:\projekty\nunittestproject\bin\debug\netcoreapp3.1\nunittestproject.dll" id="cfa8282b-c910-23c2-f0df-2ed624c5a3c7">
      <Execution id="a4787211-2460-41af-8e10-a43218305600" />
      <TestMethod codeBase="C:\Projekty\NUnitTestProject\bin\Debug\netcoreapp3.1\NUnitTestProject.dll" adapterTypeName="executor://nunit3testexecutor/" className="NUnitTestProject.CurrencyHelperTests" name="FormatToStringTest1000(20737.251994218328d,&quot;20737.25 zł&quot;)" />
    </UnitTest>
    <UnitTest name="FormatToStringTest1000(6220.182014914314d,&quot;6220.18 zł&quot;)" storage="c:\projekty\nunittestproject\bin\debug\netcoreapp3.1\nunittestproject.dll" id="7bf7f3ca-374b-b9a9-53c4-47a8ad354e7e">
      <Execution id="e1f5c70c-e24f-4df8-9b52-c02b6156ae62" />
      <TestMethod codeBase="C:\Projekty\NUnitTestProject\bin\Debug\netcoreapp3.1\NUnitTestProject.dll" adapterTypeName="executor://nunit3testexecutor/" className="NUnitTestProject.CurrencyHelperTests" name="FormatToStringTest1000(6220.182014914314d,&quot;6220.18 zł&quot;)" />
    </UnitTest>
    <UnitTest name="FormatToStringTest1000(44869.327020554025d,&quot;44869.33 zł&quot;)" storage="c:\projekty\nunittestproject\bin\debug\netcoreapp3.1\nunittestproject.dll" id="0dc215f9-ced3-1d40-e986-2ebe86240f13">
      <Execution id="b3930d37-95cb-4bed-bc20-2719686bb596" />
      <TestMethod codeBase="C:\Projekty\NUnitTestProject\bin\Debug\netcoreapp3.1\NUnitTestProject.dll" adapterTypeName="executor://nunit3testexecutor/" className="NUnitTestProject.CurrencyHelperTests" name="FormatToStringTest1000(44869.327020554025d,&quot;44869.33 zł&quot;)" />
    </UnitTest>
    <UnitTest name="FormatToStringTest1000(59283.7670322637d,&quot;59283.77 zł&quot;)" storage="c:\projekty\nunittestproject\bin\debug\netcoreapp3.1\nunittestproject.dll" id="dadc7847-4729-edf6-eb4b-78006f9ee153">
      <Execution id="d4043ca2-2826-45a5-810c-50feffc77872" />
      <TestMethod codeBase="C:\Projekty\NUnitTestProject\bin\Debug\netcoreapp3.1\NUnitTestProject.dll" adapterTypeName="executor://nunit3testexecutor/" className="NUnitTestProject.CurrencyHelperTests" name="FormatToStringTest1000(59283.7670322637d,&quot;59283.77 zł&quot;)" />
    </UnitTest>
    <UnitTest name="FormatToStringTest1000(27751.474436297303d,&quot;27751.47 zł&quot;)" storage="c:\projekty\nunittestproject\bin\debug\netcoreapp3.1\nunittestproject.dll" id="3d8d8c47-dc22-599d-26af-f64601981b29">
      <Execution id="2621b43d-49bc-4c7c-ba8d-2e559e4a3470" />
      <TestMethod codeBase="C:\Projekty\NUnitTestProject\bin\Debug\netcoreapp3.1\NUnitTestProject.dll" adapterTypeName="executor://nunit3testexecutor/" className="NUnitTestProject.CurrencyHelperTests" name="FormatToStringTest1000(27751.474436297303d,&quot;27751.47 zł&quot;)" />
    </UnitTest>
    <UnitTest name="FormatToStringTest1000(2751.3751475258614d,&quot;2751.38 zł&quot;)" storage="c:\projekty\nunittestproject\bin\debug\netcoreapp3.1\nunittestproject.dll" id="84185e06-3828-77a5-d8c9-c2b462b8ff8c">
      <Execution id="335a4254-6a3b-44de-a43a-b96f2aa3dd7d" />
      <TestMethod codeBase="C:\Projekty\NUnitTestProject\bin\Debug\netcoreapp3.1\NUnitTestProject.dll" adapterTypeName="executor://nunit3testexecutor/" className="NUnitTestProject.CurrencyHelperTests" name="FormatToStringTest1000(2751.3751475258614d,&quot;2751.38 zł&quot;)" />
    </UnitTest>
    <UnitTest name="FormatToStringTest1000(20237.28532723723d,&quot;20237.29 zł&quot;)" storage="c:\projekty\nunittestproject\bin\debug\netcoreapp3.1\nunittestproject.dll" id="4191e320-5572-4ed4-213f-949531d6a246">
      <Execution id="33ccf56d-1545-4df9-a9a8-5ad6a7af9555" />
      <TestMethod codeBase="C:\Projekty\NUnitTestProject\bin\Debug\netcoreapp3.1\NUnitTestProject.dll" adapterTypeName="executor://nunit3testexecutor/" className="NUnitTestProject.CurrencyHelperTests" name="FormatToStringTest1000(20237.28532723723d,&quot;20237.29 zł&quot;)" />
    </UnitTest>
    <UnitTest name="FormatToStringTest1000(30034.922435005625d,&quot;30034.92 zł&quot;)" storage="c:\projekty\nunittestproject\bin\debug\netcoreapp3.1\nunittestproject.dll" id="1fa0b0ac-82b7-821b-a6bd-11883f4b16c1">
      <Execution id="0d964596-7a7e-4806-b5ca-ace2a4054156" />
      <TestMethod codeBase="C:\Projekty\NUnitTestProject\bin\Debug\netcoreapp3.1\NUnitTestProject.dll" adapterTypeName="executor://nunit3testexecutor/" className="NUnitTestProject.CurrencyHelperTests" name="FormatToStringTest1000(30034.922435005625d,&quot;30034.92 zł&quot;)" />
    </UnitTest>
    <UnitTest name="FormatToStringTest1000(50009.23881716898d,&quot;50009.24 zł&quot;)" storage="c:\projekty\nunittestproject\bin\debug\netcoreapp3.1\nunittestproject.dll" id="0204302a-a6b4-6e62-a63e-362dc9379d6c">
      <Execution id="3db94c3d-c2ca-4744-af4e-e4a00627cb47" />
      <TestMethod codeBase="C:\Projekty\NUnitTestProject\bin\Debug\netcoreapp3.1\NUnitTestProject.dll" adapterTypeName="executor://nunit3testexecutor/" className="NUnitTestProject.CurrencyHelperTests" name="FormatToStringTest1000(50009.23881716898d,&quot;50009.24 zł&quot;)" />
    </UnitTest>
    <UnitTest name="FormatToStringTest1000(22592.465903659566d,&quot;22592.47 zł&quot;)" storage="c:\projekty\nunittestproject\bin\debug\netcoreapp3.1\nunittestproject.dll" id="7280bcd5-2dc4-a3f6-24fd-df56e5b00deb">
      <Execution id="acc7bcdb-29ab-447e-93ce-62f41d28aa4d" />
      <TestMethod codeBase="C:\Projekty\NUnitTestProject\bin\Debug\netcoreapp3.1\NUnitTestProject.dll" adapterTypeName="executor://nunit3testexecutor/" className="NUnitTestProject.CurrencyHelperTests" name="FormatToStringTest1000(22592.465903659566d,&quot;22592.47 zł&quot;)" />
    </UnitTest>
    <UnitTest name="FormatToStringTest1000(5870.791169434223d,&quot;5870.79 zł&quot;)" storage="c:\projekty\nunittestproject\bin\debug\netcoreapp3.1\nunittestproject.dll" id="f9c4ace8-7c88-3dcb-8c8b-9f280e8b25b8">
      <Execution id="cd1be5ec-7c48-491e-b292-44c185617bda" />
      <TestMethod codeBase="C:\Projekty\NUnitTestProject\bin\Debug\netcoreapp3.1\NUnitTestProject.dll" adapterTypeName="executor://nunit3testexecutor/" className="NUnitTestProject.CurrencyHelperTests" name="FormatToStringTest1000(5870.791169434223d,&quot;5870.79 zł&quot;)" />
    </UnitTest>
    <UnitTest name="FormatToStringTest1000(9816.961298880615d,&quot;9816.96 zł&quot;)" storage="c:\projekty\nunittestproject\bin\debug\netcoreapp3.1\nunittestproject.dll" id="17734bbb-2d3a-adb5-e319-0683f12164eb">
      <Execution id="98b6fa22-0bc3-4878-b084-7d07af807283" />
      <TestMethod codeBase="C:\Projekty\NUnitTestProject\bin\Debug\netcoreapp3.1\NUnitTestProject.dll" adapterTypeName="executor://nunit3testexecutor/" className="NUnitTestProject.CurrencyHelperTests" name="FormatToStringTest1000(9816.961298880615d,&quot;9816.96 zł&quot;)" />
    </UnitTest>
    <UnitTest name="FormatToStringTest1000(44499.288016808816d,&quot;44499.29 zł&quot;)" storage="c:\projekty\nunittestproject\bin\debug\netcoreapp3.1\nunittestproject.dll" id="dd25fada-bd11-6a30-c38c-abafcc1ac188">
      <Execution id="49581145-bfa4-4f19-809c-463a076f07dd" />
      <TestMethod codeBase="C:\Projekty\NUnitTestProject\bin\Debug\netcoreapp3.1\NUnitTestProject.dll" adapterTypeName="executor://nunit3testexecutor/" className="NUnitTestProject.CurrencyHelperTests" name="FormatToStringTest1000(44499.288016808816d,&quot;44499.29 zł&quot;)" />
    </UnitTest>
    <UnitTest name="FormatToStringTest1000(36969.98585167247d,&quot;36969.99 zł&quot;)" storage="c:\projekty\nunittestproject\bin\debug\netcoreapp3.1\nunittestproject.dll" id="d7323b46-e742-10c6-7291-609e242e6eac">
      <Execution id="e7f0394d-bf31-427c-9b5b-3c30d54faafd" />
      <TestMethod codeBase="C:\Projekty\NUnitTestProject\bin\Debug\netcoreapp3.1\NUnitTestProject.dll" adapterTypeName="executor://nunit3testexecutor/" className="NUnitTestProject.CurrencyHelperTests" name="FormatToStringTest1000(36969.98585167247d,&quot;36969.99 zł&quot;)" />
    </UnitTest>
    <UnitTest name="FormatToStringTest1000(13206.129467931636d,&quot;13206.13 zł&quot;)" storage="c:\projekty\nunittestproject\bin\debug\netcoreapp3.1\nunittestproject.dll" id="610f0902-3657-5dff-20ec-353a29cbd7c4">
      <Execution id="60b47aaa-fe4c-4459-982a-71a30bf3e600" />
      <TestMethod codeBase="C:\Projekty\NUnitTestProject\bin\Debug\netcoreapp3.1\NUnitTestProject.dll" adapterTypeName="executor://nunit3testexecutor/" className="NUnitTestProject.CurrencyHelperTests" name="FormatToStringTest1000(13206.129467931636d,&quot;13206.13 zł&quot;)" />
    </UnitTest>
    <UnitTest name="FormatToStringTest1000(6466.872242818062d,&quot;6466.87 zł&quot;)" storage="c:\projekty\nunittestproject\bin\debug\netcoreapp3.1\nunittestproject.dll" id="0741a97b-fe60-742a-1f50-b38d8a9cae33">
      <Execution id="caccdc68-8223-464f-82ad-a679be91349f" />
      <TestMethod codeBase="C:\Projekty\NUnitTestProject\bin\Debug\netcoreapp3.1\NUnitTestProject.dll" adapterTypeName="executor://nunit3testexecutor/" className="NUnitTestProject.CurrencyHelperTests" name="FormatToStringTest1000(6466.872242818062d,&quot;6466.87 zł&quot;)" />
    </UnitTest>
    <UnitTest name="FormatToStringTest1000(5840.747097845071d,&quot;5840.75 zł&quot;)" storage="c:\projekty\nunittestproject\bin\debug\netcoreapp3.1\nunittestproject.dll" id="298a4d26-abe3-d2f6-50a3-14e473e9fa24">
      <Execution id="873d7bc8-94ba-4ad3-af91-0be828adf1f6" />
      <TestMethod codeBase="C:\Projekty\NUnitTestProject\bin\Debug\netcoreapp3.1\NUnitTestProject.dll" adapterTypeName="executor://nunit3testexecutor/" className="NUnitTestProject.CurrencyHelperTests" name="FormatToStringTest1000(5840.747097845071d,&quot;5840.75 zł&quot;)" />
    </UnitTest>
    <UnitTest name="FormatToStringTest1000(7671.0039663785155d,&quot;7671.00 zł&quot;)" storage="c:\projekty\nunittestproject\bin\debug\netcoreapp3.1\nunittestproject.dll" id="d61bc42f-9488-4952-fc35-4acf2d69a35a">
      <Execution id="829fb9aa-2af1-4f12-8439-4bdf7949b899" />
      <TestMethod codeBase="C:\Projekty\NUnitTestProject\bin\Debug\netcoreapp3.1\NUnitTestProject.dll" adapterTypeName="executor://nunit3testexecutor/" className="NUnitTestProject.CurrencyHelperTests" name="FormatToStringTest1000(7671.0039663785155d,&quot;7671.00 zł&quot;)" />
    </UnitTest>
    <UnitTest name="FormatToStringTest1000(47964.941885361884d,&quot;47964.94 zł&quot;)" storage="c:\projekty\nunittestproject\bin\debug\netcoreapp3.1\nunittestproject.dll" id="600c9577-9456-49fc-a1f1-839a5e62cae7">
      <Execution id="3f0dbf36-b791-4717-99f1-87dd37dd1d63" />
      <TestMethod codeBase="C:\Projekty\NUnitTestProject\bin\Debug\netcoreapp3.1\NUnitTestProject.dll" adapterTypeName="executor://nunit3testexecutor/" className="NUnitTestProject.CurrencyHelperTests" name="FormatToStringTest1000(47964.941885361884d,&quot;47964.94 zł&quot;)" />
    </UnitTest>
    <UnitTest name="FormatToStringTest1000(16416.109736457518d,&quot;16416.11 zł&quot;)" storage="c:\projekty\nunittestproject\bin\debug\netcoreapp3.1\nunittestproject.dll" id="5e0fc3f1-0f67-2b00-c924-a966afea65df">
      <Execution id="8d64730d-9760-4827-95dd-eef076004744" />
      <TestMethod codeBase="C:\Projekty\NUnitTestProject\bin\Debug\netcoreapp3.1\NUnitTestProject.dll" adapterTypeName="executor://nunit3testexecutor/" className="NUnitTestProject.CurrencyHelperTests" name="FormatToStringTest1000(16416.109736457518d,&quot;16416.11 zł&quot;)" />
    </UnitTest>
    <UnitTest name="FormatToStringTest1000(16427.591943671738d,&quot;16427.59 zł&quot;)" storage="c:\projekty\nunittestproject\bin\debug\netcoreapp3.1\nunittestproject.dll" id="d1d03651-a1e2-f6be-a8df-45190d2d89f8">
      <Execution id="202be77e-b4bc-4724-811c-45956f6dccd6" />
      <TestMethod codeBase="C:\Projekty\NUnitTestProject\bin\Debug\netcoreapp3.1\NUnitTestProject.dll" adapterTypeName="executor://nunit3testexecutor/" className="NUnitTestProject.CurrencyHelperTests" name="FormatToStringTest1000(16427.591943671738d,&quot;16427.59 zł&quot;)" />
    </UnitTest>
    <UnitTest name="FormatToStringTest1000(7753.724411372898d,&quot;7753.72 zł&quot;)" storage="c:\projekty\nunittestproject\bin\debug\netcoreapp3.1\nunittestproject.dll" id="d15cb58b-9b62-cb4e-439e-72757eabb197">
      <Execution id="48e1b14c-2599-49a2-aa11-1288c0387109" />
      <TestMethod codeBase="C:\Projekty\NUnitTestProject\bin\Debug\netcoreapp3.1\NUnitTestProject.dll" adapterTypeName="executor://nunit3testexecutor/" className="NUnitTestProject.CurrencyHelperTests" name="FormatToStringTest1000(7753.724411372898d,&quot;7753.72 zł&quot;)" />
    </UnitTest>
    <UnitTest name="FormatToStringTest1000(13541.45472935096d,&quot;13541.45 zł&quot;)" storage="c:\projekty\nunittestproject\bin\debug\netcoreapp3.1\nunittestproject.dll" id="03e5974c-7aa0-7aa6-bbeb-a5715ea0d1d7">
      <Execution id="c8786351-f51e-4b2c-8b5b-936a1a967134" />
      <TestMethod codeBase="C:\Projekty\NUnitTestProject\bin\Debug\netcoreapp3.1\NUnitTestProject.dll" adapterTypeName="executor://nunit3testexecutor/" className="NUnitTestProject.CurrencyHelperTests" name="FormatToStringTest1000(13541.45472935096d,&quot;13541.45 zł&quot;)" />
    </UnitTest>
    <UnitTest name="FormatToStringTest1000(12610.563163818122d,&quot;12610.56 zł&quot;)" storage="c:\projekty\nunittestproject\bin\debug\netcoreapp3.1\nunittestproject.dll" id="8762588b-d7fc-ca07-7e83-51f41467a9eb">
      <Execution id="a48e4039-8998-4833-a4e4-9a4347ba70c0" />
      <TestMethod codeBase="C:\Projekty\NUnitTestProject\bin\Debug\netcoreapp3.1\NUnitTestProject.dll" adapterTypeName="executor://nunit3testexecutor/" className="NUnitTestProject.CurrencyHelperTests" name="FormatToStringTest1000(12610.563163818122d,&quot;12610.56 zł&quot;)" />
    </UnitTest>
    <UnitTest name="FormatToStringTest1000(20441.330495004695d,&quot;20441.33 zł&quot;)" storage="c:\projekty\nunittestproject\bin\debug\netcoreapp3.1\nunittestproject.dll" id="27b9fbe0-03f5-4d47-663b-0785c7f9ec49">
      <Execution id="04bd8f5d-d670-4433-8fac-8950757dd152" />
      <TestMethod codeBase="C:\Projekty\NUnitTestProject\bin\Debug\netcoreapp3.1\NUnitTestProject.dll" adapterTypeName="executor://nunit3testexecutor/" className="NUnitTestProject.CurrencyHelperTests" name="FormatToStringTest1000(20441.330495004695d,&quot;20441.33 zł&quot;)" />
    </UnitTest>
    <UnitTest name="FormatToStringTest1000(22743.19734205827d,&quot;22743.20 zł&quot;)" storage="c:\projekty\nunittestproject\bin\debug\netcoreapp3.1\nunittestproject.dll" id="9e567b4f-5898-461c-b4e9-b51ec60ad377">
      <Execution id="7b3bb133-9b9f-4544-bc7f-191de3dce192" />
      <TestMethod codeBase="C:\Projekty\NUnitTestProject\bin\Debug\netcoreapp3.1\NUnitTestProject.dll" adapterTypeName="executor://nunit3testexecutor/" className="NUnitTestProject.CurrencyHelperTests" name="FormatToStringTest1000(22743.19734205827d,&quot;22743.20 zł&quot;)" />
    </UnitTest>
    <UnitTest name="FormatToStringTest1000(15509.637406484986d,&quot;15509.64 zł&quot;)" storage="c:\projekty\nunittestproject\bin\debug\netcoreapp3.1\nunittestproject.dll" id="c74c54e8-6590-d76d-eaee-baa60a589aef">
      <Execution id="bd3fb405-f285-44b2-82a5-143b7fedd930" />
      <TestMethod codeBase="C:\Projekty\NUnitTestProject\bin\Debug\netcoreapp3.1\NUnitTestProject.dll" adapterTypeName="executor://nunit3testexecutor/" className="NUnitTestProject.CurrencyHelperTests" name="FormatToStringTest1000(15509.637406484986d,&quot;15509.64 zł&quot;)" />
    </UnitTest>
    <UnitTest name="FormatToStringTest1000(7202.052143613367d,&quot;7202.05 zł&quot;)" storage="c:\projekty\nunittestproject\bin\debug\netcoreapp3.1\nunittestproject.dll" id="6ce0d4c6-4820-8d4a-179e-2d433a32b3e2">
      <Execution id="5d883c47-cdd1-4357-a59a-cb06af46c57f" />
      <TestMethod codeBase="C:\Projekty\NUnitTestProject\bin\Debug\netcoreapp3.1\NUnitTestProject.dll" adapterTypeName="executor://nunit3testexecutor/" className="NUnitTestProject.CurrencyHelperTests" name="FormatToStringTest1000(7202.052143613367d,&quot;7202.05 zł&quot;)" />
    </UnitTest>
    <UnitTest name="FormatToStringTest1000(10994.251866986162d,&quot;10994.25 zł&quot;)" storage="c:\projekty\nunittestproject\bin\debug\netcoreapp3.1\nunittestproject.dll" id="345abed9-9ef3-e2b8-4bc1-ad4b7b82dd26">
      <Execution id="b7e5fbcc-6fed-4877-be8d-7327355ef343" />
      <TestMethod codeBase="C:\Projekty\NUnitTestProject\bin\Debug\netcoreapp3.1\NUnitTestProject.dll" adapterTypeName="executor://nunit3testexecutor/" className="NUnitTestProject.CurrencyHelperTests" name="FormatToStringTest1000(10994.251866986162d,&quot;10994.25 zł&quot;)" />
    </UnitTest>
    <UnitTest name="FormatToStringTest1000(20321.03715103913d,&quot;20321.04 zł&quot;)" storage="c:\projekty\nunittestproject\bin\debug\netcoreapp3.1\nunittestproject.dll" id="d45e0a24-dbfe-46a9-68b0-8da0a6094838">
      <Execution id="068ecdd1-0223-42e2-b207-04e8c4192e21" />
      <TestMethod codeBase="C:\Projekty\NUnitTestProject\bin\Debug\netcoreapp3.1\NUnitTestProject.dll" adapterTypeName="executor://nunit3testexecutor/" className="NUnitTestProject.CurrencyHelperTests" name="FormatToStringTest1000(20321.03715103913d,&quot;20321.04 zł&quot;)" />
    </UnitTest>
    <UnitTest name="FormatToStringTest1000(65947.64520381515d,&quot;65947.65 zł&quot;)" storage="c:\projekty\nunittestproject\bin\debug\netcoreapp3.1\nunittestproject.dll" id="a9f22fa3-b7d2-f6d4-3197-1e8215934f1f">
      <Execution id="5b778679-3bcc-4116-bf68-43bf2548c9a0" />
      <TestMethod codeBase="C:\Projekty\NUnitTestProject\bin\Debug\netcoreapp3.1\NUnitTestProject.dll" adapterTypeName="executor://nunit3testexecutor/" className="NUnitTestProject.CurrencyHelperTests" name="FormatToStringTest1000(65947.64520381515d,&quot;65947.65 zł&quot;)" />
    </UnitTest>
    <UnitTest name="FormatToStringTest1000(23662.291816162084d,&quot;23662.29 zł&quot;)" storage="c:\projekty\nunittestproject\bin\debug\netcoreapp3.1\nunittestproject.dll" id="d84ea56f-1773-91fe-6056-1fcd6ce44e0e">
      <Execution id="0e5eb47e-6b98-49fd-a82b-07e686694a20" />
      <TestMethod codeBase="C:\Projekty\NUnitTestProject\bin\Debug\netcoreapp3.1\NUnitTestProject.dll" adapterTypeName="executor://nunit3testexecutor/" className="NUnitTestProject.CurrencyHelperTests" name="FormatToStringTest1000(23662.291816162084d,&quot;23662.29 zł&quot;)" />
    </UnitTest>
    <UnitTest name="FormatToStringTest1000(48684.26840475959d,&quot;48684.27 zł&quot;)" storage="c:\projekty\nunittestproject\bin\debug\netcoreapp3.1\nunittestproject.dll" id="a8348a06-7119-4e51-65fc-4cd73de7f6cb">
      <Execution id="9548e108-1410-49fb-8b5f-aa72e81a7709" />
      <TestMethod codeBase="C:\Projekty\NUnitTestProject\bin\Debug\netcoreapp3.1\NUnitTestProject.dll" adapterTypeName="executor://nunit3testexecutor/" className="NUnitTestProject.CurrencyHelperTests" name="FormatToStringTest1000(48684.26840475959d,&quot;48684.27 zł&quot;)" />
    </UnitTest>
    <UnitTest name="FormatToStringTest1000(286.92120604539343d,&quot;286.92 zł&quot;)" storage="c:\projekty\nunittestproject\bin\debug\netcoreapp3.1\nunittestproject.dll" id="94cff85e-e7bb-c94b-e20b-765eb3997f75">
      <Execution id="cda96e0a-07f6-4354-b33e-9ba928472685" />
      <TestMethod codeBase="C:\Projekty\NUnitTestProject\bin\Debug\netcoreapp3.1\NUnitTestProject.dll" adapterTypeName="executor://nunit3testexecutor/" className="NUnitTestProject.CurrencyHelperTests" name="FormatToStringTest1000(286.92120604539343d,&quot;286.92 zł&quot;)" />
    </UnitTest>
    <UnitTest name="FormatToStringTest1000(34145.534199603615d,&quot;34145.53 zł&quot;)" storage="c:\projekty\nunittestproject\bin\debug\netcoreapp3.1\nunittestproject.dll" id="bb69a9ef-0ed6-4747-9681-639ad78f5540">
      <Execution id="d81f751d-4397-4e45-9707-fe2de84b6c6c" />
      <TestMethod codeBase="C:\Projekty\NUnitTestProject\bin\Debug\netcoreapp3.1\NUnitTestProject.dll" adapterTypeName="executor://nunit3testexecutor/" className="NUnitTestProject.CurrencyHelperTests" name="FormatToStringTest1000(34145.534199603615d,&quot;34145.53 zł&quot;)" />
    </UnitTest>
    <UnitTest name="FormatToStringTest1000(67230.86250807665d,&quot;67230.86 zł&quot;)" storage="c:\projekty\nunittestproject\bin\debug\netcoreapp3.1\nunittestproject.dll" id="6aa37256-4a27-aaf0-2d68-1faeac68f58c">
      <Execution id="5b1d25ac-1f15-4eae-bf8b-869911ae012a" />
      <TestMethod codeBase="C:\Projekty\NUnitTestProject\bin\Debug\netcoreapp3.1\NUnitTestProject.dll" adapterTypeName="executor://nunit3testexecutor/" className="NUnitTestProject.CurrencyHelperTests" name="FormatToStringTest1000(67230.86250807665d,&quot;67230.86 zł&quot;)" />
    </UnitTest>
    <UnitTest name="FormatToStringTest1000(1662.8482664818168d,&quot;1662.85 zł&quot;)" storage="c:\projekty\nunittestproject\bin\debug\netcoreapp3.1\nunittestproject.dll" id="31037d5d-343e-e648-8e6e-7f15567dfff2">
      <Execution id="2fe4bb10-eb69-468d-bebe-fcc049aa5a9d" />
      <TestMethod codeBase="C:\Projekty\NUnitTestProject\bin\Debug\netcoreapp3.1\NUnitTestProject.dll" adapterTypeName="executor://nunit3testexecutor/" className="NUnitTestProject.CurrencyHelperTests" name="FormatToStringTest1000(1662.8482664818168d,&quot;1662.85 zł&quot;)" />
    </UnitTest>
    <UnitTest name="FormatToStringTest1000(61324.33752458279d,&quot;61324.34 zł&quot;)" storage="c:\projekty\nunittestproject\bin\debug\netcoreapp3.1\nunittestproject.dll" id="b5f26849-7f95-8deb-3e82-07db33467afb">
      <Execution id="8cb2a582-1256-4228-bc03-b78d71870125" />
      <TestMethod codeBase="C:\Projekty\NUnitTestProject\bin\Debug\netcoreapp3.1\NUnitTestProject.dll" adapterTypeName="executor://nunit3testexecutor/" className="NUnitTestProject.CurrencyHelperTests" name="FormatToStringTest1000(61324.33752458279d,&quot;61324.34 zł&quot;)" />
    </UnitTest>
    <UnitTest name="FormatToStringTest1000(20344.185360967265d,&quot;20344.19 zł&quot;)" storage="c:\projekty\nunittestproject\bin\debug\netcoreapp3.1\nunittestproject.dll" id="ecefef35-6686-837e-5061-bcb9badf51b3">
      <Execution id="92416270-e02b-4119-b5ef-5713cfeac651" />
      <TestMethod codeBase="C:\Projekty\NUnitTestProject\bin\Debug\netcoreapp3.1\NUnitTestProject.dll" adapterTypeName="executor://nunit3testexecutor/" className="NUnitTestProject.CurrencyHelperTests" name="FormatToStringTest1000(20344.185360967265d,&quot;20344.19 zł&quot;)" />
    </UnitTest>
    <UnitTest name="FormatToStringTest1000(47630.39193684067d,&quot;47630.39 zł&quot;)" storage="c:\projekty\nunittestproject\bin\debug\netcoreapp3.1\nunittestproject.dll" id="1445b267-8883-4711-c51b-1a1ff5eca2f9">
      <Execution id="b398cb37-fd1a-4fb7-b509-f250eb314c1f" />
      <TestMethod codeBase="C:\Projekty\NUnitTestProject\bin\Debug\netcoreapp3.1\NUnitTestProject.dll" adapterTypeName="executor://nunit3testexecutor/" className="NUnitTestProject.CurrencyHelperTests" name="FormatToStringTest1000(47630.39193684067d,&quot;47630.39 zł&quot;)" />
    </UnitTest>
    <UnitTest name="FormatToStringTest1000(29539.32303995328d,&quot;29539.32 zł&quot;)" storage="c:\projekty\nunittestproject\bin\debug\netcoreapp3.1\nunittestproject.dll" id="e6e7fdd0-b12d-1312-3dc2-3384a5e7d999">
      <Execution id="fb5364f3-f002-4fb7-9142-5b2075816999" />
      <TestMethod codeBase="C:\Projekty\NUnitTestProject\bin\Debug\netcoreapp3.1\NUnitTestProject.dll" adapterTypeName="executor://nunit3testexecutor/" className="NUnitTestProject.CurrencyHelperTests" name="FormatToStringTest1000(29539.32303995328d,&quot;29539.32 zł&quot;)" />
    </UnitTest>
    <UnitTest name="FormatToStringTest1000(6676.5680544784145d,&quot;6676.57 zł&quot;)" storage="c:\projekty\nunittestproject\bin\debug\netcoreapp3.1\nunittestproject.dll" id="eda712ea-15dc-6cac-535c-79a64a40aa02">
      <Execution id="aa6131c5-5337-4415-9c1f-f592157f56b7" />
      <TestMethod codeBase="C:\Projekty\NUnitTestProject\bin\Debug\netcoreapp3.1\NUnitTestProject.dll" adapterTypeName="executor://nunit3testexecutor/" className="NUnitTestProject.CurrencyHelperTests" name="FormatToStringTest1000(6676.5680544784145d,&quot;6676.57 zł&quot;)" />
    </UnitTest>
    <UnitTest name="FormatToStringTest1000(5566.818038455592d,&quot;5566.82 zł&quot;)" storage="c:\projekty\nunittestproject\bin\debug\netcoreapp3.1\nunittestproject.dll" id="ac23e196-8a79-cb67-41ad-c8975a08f154">
      <Execution id="0654e321-7ef4-4dc5-9868-ed55d250ba1f" />
      <TestMethod codeBase="C:\Projekty\NUnitTestProject\bin\Debug\netcoreapp3.1\NUnitTestProject.dll" adapterTypeName="executor://nunit3testexecutor/" className="NUnitTestProject.CurrencyHelperTests" name="FormatToStringTest1000(5566.818038455592d,&quot;5566.82 zł&quot;)" />
    </UnitTest>
    <UnitTest name="FormatToStringTest1000(16383.352881839199d,&quot;16383.35 zł&quot;)" storage="c:\projekty\nunittestproject\bin\debug\netcoreapp3.1\nunittestproject.dll" id="c7f52afa-564d-8d59-88a3-ea1bc3790407">
      <Execution id="059e1e72-e19a-40f1-932d-1c47c64fda38" />
      <TestMethod codeBase="C:\Projekty\NUnitTestProject\bin\Debug\netcoreapp3.1\NUnitTestProject.dll" adapterTypeName="executor://nunit3testexecutor/" className="NUnitTestProject.CurrencyHelperTests" name="FormatToStringTest1000(16383.352881839199d,&quot;16383.35 zł&quot;)" />
    </UnitTest>
    <UnitTest name="FormatToStringTest1000(19352.183340702755d,&quot;19352.18 zł&quot;)" storage="c:\projekty\nunittestproject\bin\debug\netcoreapp3.1\nunittestproject.dll" id="03ea9dd2-de50-ef82-5a92-98d7b2ff607a">
      <Execution id="500be487-2c4c-43da-979c-3a3c68645780" />
      <TestMethod codeBase="C:\Projekty\NUnitTestProject\bin\Debug\netcoreapp3.1\NUnitTestProject.dll" adapterTypeName="executor://nunit3testexecutor/" className="NUnitTestProject.CurrencyHelperTests" name="FormatToStringTest1000(19352.183340702755d,&quot;19352.18 zł&quot;)" />
    </UnitTest>
    <UnitTest name="FormatToStringTest1000(34021.1384072961d,&quot;34021.14 zł&quot;)" storage="c:\projekty\nunittestproject\bin\debug\netcoreapp3.1\nunittestproject.dll" id="e8d6ba9d-db50-0e05-06db-5789675388b8">
      <Execution id="e53d6fed-7b93-4d85-aa00-8ead3da43a49" />
      <TestMethod codeBase="C:\Projekty\NUnitTestProject\bin\Debug\netcoreapp3.1\NUnitTestProject.dll" adapterTypeName="executor://nunit3testexecutor/" className="NUnitTestProject.CurrencyHelperTests" name="FormatToStringTest1000(34021.1384072961d,&quot;34021.14 zł&quot;)" />
    </UnitTest>
    <UnitTest name="FormatToStringTest1000(24695.917440203913d,&quot;24695.92 zł&quot;)" storage="c:\projekty\nunittestproject\bin\debug\netcoreapp3.1\nunittestproject.dll" id="c4623a0a-608f-dd08-41f5-750ffba5ed05">
      <Execution id="300db0f1-0af4-49a8-893c-e8b22e1a03b9" />
      <TestMethod codeBase="C:\Projekty\NUnitTestProject\bin\Debug\netcoreapp3.1\NUnitTestProject.dll" adapterTypeName="executor://nunit3testexecutor/" className="NUnitTestProject.CurrencyHelperTests" name="FormatToStringTest1000(24695.917440203913d,&quot;24695.92 zł&quot;)" />
    </UnitTest>
    <UnitTest name="FormatToStringTest1000(26162.532683261918d,&quot;26162.53 zł&quot;)" storage="c:\projekty\nunittestproject\bin\debug\netcoreapp3.1\nunittestproject.dll" id="04b5ae4a-9995-af19-61fb-019921680928">
      <Execution id="e618a4a4-eb00-4f78-a1af-c7d8de25ec36" />
      <TestMethod codeBase="C:\Projekty\NUnitTestProject\bin\Debug\netcoreapp3.1\NUnitTestProject.dll" adapterTypeName="executor://nunit3testexecutor/" className="NUnitTestProject.CurrencyHelperTests" name="FormatToStringTest1000(26162.532683261918d,&quot;26162.53 zł&quot;)" />
    </UnitTest>
    <UnitTest name="FormatToStringTest1000(14035.12972514477d,&quot;14035.13 zł&quot;)" storage="c:\projekty\nunittestproject\bin\debug\netcoreapp3.1\nunittestproject.dll" id="979cd04b-5e93-d632-87b5-a20161444816">
      <Execution id="9b633663-5dfa-49ce-8402-42dd21801b9f" />
      <TestMethod codeBase="C:\Projekty\NUnitTestProject\bin\Debug\netcoreapp3.1\NUnitTestProject.dll" adapterTypeName="executor://nunit3testexecutor/" className="NUnitTestProject.CurrencyHelperTests" name="FormatToStringTest1000(14035.12972514477d,&quot;14035.13 zł&quot;)" />
    </UnitTest>
    <UnitTest name="FormatToStringTest1000(43222.47958431695d,&quot;43222.48 zł&quot;)" storage="c:\projekty\nunittestproject\bin\debug\netcoreapp3.1\nunittestproject.dll" id="762e5ce4-0443-8529-2419-b15e6b3af056">
      <Execution id="90d64517-0a72-4eb2-9c4b-7af827da0e8d" />
      <TestMethod codeBase="C:\Projekty\NUnitTestProject\bin\Debug\netcoreapp3.1\NUnitTestProject.dll" adapterTypeName="executor://nunit3testexecutor/" className="NUnitTestProject.CurrencyHelperTests" name="FormatToStringTest1000(43222.47958431695d,&quot;43222.48 zł&quot;)" />
    </UnitTest>
    <UnitTest name="FormatToStringTest1000(54678.59301593089d,&quot;54678.59 zł&quot;)" storage="c:\projekty\nunittestproject\bin\debug\netcoreapp3.1\nunittestproject.dll" id="4f19bfe4-12a5-e7df-9799-ba1ffdd56260">
      <Execution id="89916471-a56a-4cc7-beb9-966de44bffc7" />
      <TestMethod codeBase="C:\Projekty\NUnitTestProject\bin\Debug\netcoreapp3.1\NUnitTestProject.dll" adapterTypeName="executor://nunit3testexecutor/" className="NUnitTestProject.CurrencyHelperTests" name="FormatToStringTest1000(54678.59301593089d,&quot;54678.59 zł&quot;)" />
    </UnitTest>
    <UnitTest name="FormatToStringTest1000(19435.417227184127d,&quot;19435.42 zł&quot;)" storage="c:\projekty\nunittestproject\bin\debug\netcoreapp3.1\nunittestproject.dll" id="7496f6c0-e383-6fbb-5d3f-fa615fc5ab22">
      <Execution id="c3afa2d3-f275-4001-9f34-7b3075c78bc2" />
      <TestMethod codeBase="C:\Projekty\NUnitTestProject\bin\Debug\netcoreapp3.1\NUnitTestProject.dll" adapterTypeName="executor://nunit3testexecutor/" className="NUnitTestProject.CurrencyHelperTests" name="FormatToStringTest1000(19435.417227184127d,&quot;19435.42 zł&quot;)" />
    </UnitTest>
    <UnitTest name="FormatToStringTest1000(33699.13042082038d,&quot;33699.13 zł&quot;)" storage="c:\projekty\nunittestproject\bin\debug\netcoreapp3.1\nunittestproject.dll" id="1d93089d-e24f-f1cb-f4e6-3e9e0cc249d4">
      <Execution id="3a365fba-8c1a-4ed8-a712-d8e20d77db3c" />
      <TestMethod codeBase="C:\Projekty\NUnitTestProject\bin\Debug\netcoreapp3.1\NUnitTestProject.dll" adapterTypeName="executor://nunit3testexecutor/" className="NUnitTestProject.CurrencyHelperTests" name="FormatToStringTest1000(33699.13042082038d,&quot;33699.13 zł&quot;)" />
    </UnitTest>
    <UnitTest name="FormatToStringTest1000(19796.212103914568d,&quot;19796.21 zł&quot;)" storage="c:\projekty\nunittestproject\bin\debug\netcoreapp3.1\nunittestproject.dll" id="35a2b898-28ef-3d54-ad66-b8bbc7ede2a3">
      <Execution id="1bb65617-f52e-4b00-a40e-83a4f131931f" />
      <TestMethod codeBase="C:\Projekty\NUnitTestProject\bin\Debug\netcoreapp3.1\NUnitTestProject.dll" adapterTypeName="executor://nunit3testexecutor/" className="NUnitTestProject.CurrencyHelperTests" name="FormatToStringTest1000(19796.212103914568d,&quot;19796.21 zł&quot;)" />
    </UnitTest>
    <UnitTest name="FormatToStringTest1000(1073.195098933389d,&quot;1073.20 zł&quot;)" storage="c:\projekty\nunittestproject\bin\debug\netcoreapp3.1\nunittestproject.dll" id="5eec1dec-2d00-5deb-f000-c17eea3526a6">
      <Execution id="6f6819d6-6db1-4029-912b-034261db12ca" />
      <TestMethod codeBase="C:\Projekty\NUnitTestProject\bin\Debug\netcoreapp3.1\NUnitTestProject.dll" adapterTypeName="executor://nunit3testexecutor/" className="NUnitTestProject.CurrencyHelperTests" name="FormatToStringTest1000(1073.195098933389d,&quot;1073.20 zł&quot;)" />
    </UnitTest>
    <UnitTest name="FormatToStringTest1000(2298.0331723829886d,&quot;2298.03 zł&quot;)" storage="c:\projekty\nunittestproject\bin\debug\netcoreapp3.1\nunittestproject.dll" id="7df385e8-e01d-d2ef-2361-abb8175fc7ae">
      <Execution id="cc8ce1cf-1b8e-47da-bb68-2fbdf18e5666" />
      <TestMethod codeBase="C:\Projekty\NUnitTestProject\bin\Debug\netcoreapp3.1\NUnitTestProject.dll" adapterTypeName="executor://nunit3testexecutor/" className="NUnitTestProject.CurrencyHelperTests" name="FormatToStringTest1000(2298.0331723829886d,&quot;2298.03 zł&quot;)" />
    </UnitTest>
    <UnitTest name="FormatToStringTest1000(15822.278766386342d,&quot;15822.28 zł&quot;)" storage="c:\projekty\nunittestproject\bin\debug\netcoreapp3.1\nunittestproject.dll" id="7806c973-d637-45cf-930a-0b315d29c540">
      <Execution id="5f7fd290-8fd7-4867-99ca-9079700e97b9" />
      <TestMethod codeBase="C:\Projekty\NUnitTestProject\bin\Debug\netcoreapp3.1\NUnitTestProject.dll" adapterTypeName="executor://nunit3testexecutor/" className="NUnitTestProject.CurrencyHelperTests" name="FormatToStringTest1000(15822.278766386342d,&quot;15822.28 zł&quot;)" />
    </UnitTest>
    <UnitTest name="FormatToStringTest1000(1745.490603896552d,&quot;1745.49 zł&quot;)" storage="c:\projekty\nunittestproject\bin\debug\netcoreapp3.1\nunittestproject.dll" id="b7b5c3d9-6be3-63ed-4bf9-77972c7bde14">
      <Execution id="47f9e4bd-8f63-4fee-a04b-091a380d7d42" />
      <TestMethod codeBase="C:\Projekty\NUnitTestProject\bin\Debug\netcoreapp3.1\NUnitTestProject.dll" adapterTypeName="executor://nunit3testexecutor/" className="NUnitTestProject.CurrencyHelperTests" name="FormatToStringTest1000(1745.490603896552d,&quot;1745.49 zł&quot;)" />
    </UnitTest>
    <UnitTest name="FormatToStringTest1000(73504.44700518598d,&quot;73504.45 zł&quot;)" storage="c:\projekty\nunittestproject\bin\debug\netcoreapp3.1\nunittestproject.dll" id="4c3c57ae-2e5c-e5eb-314a-7aa532a2bb5e">
      <Execution id="5e372cb9-c9f2-4caf-90e5-511a62db54b4" />
      <TestMethod codeBase="C:\Projekty\NUnitTestProject\bin\Debug\netcoreapp3.1\NUnitTestProject.dll" adapterTypeName="executor://nunit3testexecutor/" className="NUnitTestProject.CurrencyHelperTests" name="FormatToStringTest1000(73504.44700518598d,&quot;73504.45 zł&quot;)" />
    </UnitTest>
    <UnitTest name="FormatToStringTest1000(2115.5076919884923d,&quot;2115.51 zł&quot;)" storage="c:\projekty\nunittestproject\bin\debug\netcoreapp3.1\nunittestproject.dll" id="f057999f-37d3-2f7d-8c71-29439544f997">
      <Execution id="637a7a10-05a4-4eec-8efe-fd81b4aeb754" />
      <TestMethod codeBase="C:\Projekty\NUnitTestProject\bin\Debug\netcoreapp3.1\NUnitTestProject.dll" adapterTypeName="executor://nunit3testexecutor/" className="NUnitTestProject.CurrencyHelperTests" name="FormatToStringTest1000(2115.5076919884923d,&quot;2115.51 zł&quot;)" />
    </UnitTest>
    <UnitTest name="FormatToStringTest1000(5611.05334835176d,&quot;5611.05 zł&quot;)" storage="c:\projekty\nunittestproject\bin\debug\netcoreapp3.1\nunittestproject.dll" id="d39d28ad-b64c-afa2-9212-cb9bbbf192c4">
      <Execution id="a4611172-34a1-449e-8311-537f25fca13f" />
      <TestMethod codeBase="C:\Projekty\NUnitTestProject\bin\Debug\netcoreapp3.1\NUnitTestProject.dll" adapterTypeName="executor://nunit3testexecutor/" className="NUnitTestProject.CurrencyHelperTests" name="FormatToStringTest1000(5611.05334835176d,&quot;5611.05 zł&quot;)" />
    </UnitTest>
    <UnitTest name="FormatToStringTest1000(73372.53853826903d,&quot;73372.54 zł&quot;)" storage="c:\projekty\nunittestproject\bin\debug\netcoreapp3.1\nunittestproject.dll" id="52456efe-2b4c-e54c-a102-5bc9bc1cc7f8">
      <Execution id="18ccb881-365f-400c-a4dd-8f82777efab5" />
      <TestMethod codeBase="C:\Projekty\NUnitTestProject\bin\Debug\netcoreapp3.1\NUnitTestProject.dll" adapterTypeName="executor://nunit3testexecutor/" className="NUnitTestProject.CurrencyHelperTests" name="FormatToStringTest1000(73372.53853826903d,&quot;73372.54 zł&quot;)" />
    </UnitTest>
    <UnitTest name="FormatToStringTest1000(13323.876109275909d,&quot;13323.88 zł&quot;)" storage="c:\projekty\nunittestproject\bin\debug\netcoreapp3.1\nunittestproject.dll" id="2f906df4-9555-6f9b-9ae5-24f39050321b">
      <Execution id="a2bae37f-ac60-4ccd-a7d9-00a33f4ab0c6" />
      <TestMethod codeBase="C:\Projekty\NUnitTestProject\bin\Debug\netcoreapp3.1\NUnitTestProject.dll" adapterTypeName="executor://nunit3testexecutor/" className="NUnitTestProject.CurrencyHelperTests" name="FormatToStringTest1000(13323.876109275909d,&quot;13323.88 zł&quot;)" />
    </UnitTest>
    <UnitTest name="FormatToStringTest1000(50507.0104155615d,&quot;50507.01 zł&quot;)" storage="c:\projekty\nunittestproject\bin\debug\netcoreapp3.1\nunittestproject.dll" id="e72aca21-1347-9775-f65f-ee1c6d7b63bd">
      <Execution id="7888c46e-eb83-49ac-aaf2-f548cbd39fa4" />
      <TestMethod codeBase="C:\Projekty\NUnitTestProject\bin\Debug\netcoreapp3.1\NUnitTestProject.dll" adapterTypeName="executor://nunit3testexecutor/" className="NUnitTestProject.CurrencyHelperTests" name="FormatToStringTest1000(50507.0104155615d,&quot;50507.01 zł&quot;)" />
    </UnitTest>
    <UnitTest name="FormatToStringTest1000(236.20263638589657d,&quot;236.20 zł&quot;)" storage="c:\projekty\nunittestproject\bin\debug\netcoreapp3.1\nunittestproject.dll" id="0fa0c864-c433-31dc-ea26-995fbf849a90">
      <Execution id="1f66a52a-8338-4c09-a80a-efbbbbe6d719" />
      <TestMethod codeBase="C:\Projekty\NUnitTestProject\bin\Debug\netcoreapp3.1\NUnitTestProject.dll" adapterTypeName="executor://nunit3testexecutor/" className="NUnitTestProject.CurrencyHelperTests" name="FormatToStringTest1000(236.20263638589657d,&quot;236.20 zł&quot;)" />
    </UnitTest>
    <UnitTest name="FormatToStringTest1000(26885.71162707904d,&quot;26885.71 zł&quot;)" storage="c:\projekty\nunittestproject\bin\debug\netcoreapp3.1\nunittestproject.dll" id="4936d87a-883b-6212-fe10-ba7602a69db8">
      <Execution id="a32882d0-1f88-4eab-96d8-7dbff844dd91" />
      <TestMethod codeBase="C:\Projekty\NUnitTestProject\bin\Debug\netcoreapp3.1\NUnitTestProject.dll" adapterTypeName="executor://nunit3testexecutor/" className="NUnitTestProject.CurrencyHelperTests" name="FormatToStringTest1000(26885.71162707904d,&quot;26885.71 zł&quot;)" />
    </UnitTest>
    <UnitTest name="FormatToStringTest1000(19189.32381924117d,&quot;19189.32 zł&quot;)" storage="c:\projekty\nunittestproject\bin\debug\netcoreapp3.1\nunittestproject.dll" id="6f7345f6-07c1-aba6-fba8-22e9ed357a49">
      <Execution id="b51aba56-e5af-4c19-ba1d-44ec30b8ac6c" />
      <TestMethod codeBase="C:\Projekty\NUnitTestProject\bin\Debug\netcoreapp3.1\NUnitTestProject.dll" adapterTypeName="executor://nunit3testexecutor/" className="NUnitTestProject.CurrencyHelperTests" name="FormatToStringTest1000(19189.32381924117d,&quot;19189.32 zł&quot;)" />
    </UnitTest>
    <UnitTest name="FormatToStringTest1000(20552.966022956633d,&quot;20552.97 zł&quot;)" storage="c:\projekty\nunittestproject\bin\debug\netcoreapp3.1\nunittestproject.dll" id="de7a0ae7-aa58-be18-206b-2d44f2e86ead">
      <Execution id="60bd5f2e-44b7-4e20-ae70-d103b97f714f" />
      <TestMethod codeBase="C:\Projekty\NUnitTestProject\bin\Debug\netcoreapp3.1\NUnitTestProject.dll" adapterTypeName="executor://nunit3testexecutor/" className="NUnitTestProject.CurrencyHelperTests" name="FormatToStringTest1000(20552.966022956633d,&quot;20552.97 zł&quot;)" />
    </UnitTest>
    <UnitTest name="FormatToStringTest1000(2292.8331871111104d,&quot;2292.83 zł&quot;)" storage="c:\projekty\nunittestproject\bin\debug\netcoreapp3.1\nunittestproject.dll" id="29406890-f674-40b1-2efb-3ed40d66af1f">
      <Execution id="f22c0a7e-6750-454e-ad0a-dba6b87ba768" />
      <TestMethod codeBase="C:\Projekty\NUnitTestProject\bin\Debug\netcoreapp3.1\NUnitTestProject.dll" adapterTypeName="executor://nunit3testexecutor/" className="NUnitTestProject.CurrencyHelperTests" name="FormatToStringTest1000(2292.8331871111104d,&quot;2292.83 zł&quot;)" />
    </UnitTest>
    <UnitTest name="FormatToStringTest1000(23612.114499758984d,&quot;23612.11 zł&quot;)" storage="c:\projekty\nunittestproject\bin\debug\netcoreapp3.1\nunittestproject.dll" id="66cfeda0-e2cf-f1fc-0d88-eef5b227e59f">
      <Execution id="c8440ae6-86ec-4e19-a25a-083ba4ca3e6a" />
      <TestMethod codeBase="C:\Projekty\NUnitTestProject\bin\Debug\netcoreapp3.1\NUnitTestProject.dll" adapterTypeName="executor://nunit3testexecutor/" className="NUnitTestProject.CurrencyHelperTests" name="FormatToStringTest1000(23612.114499758984d,&quot;23612.11 zł&quot;)" />
    </UnitTest>
    <UnitTest name="FormatToStringTest1000(19085.023282992664d,&quot;19085.02 zł&quot;)" storage="c:\projekty\nunittestproject\bin\debug\netcoreapp3.1\nunittestproject.dll" id="6f51818b-8dfe-7cd4-c8ae-d1150bb85ebd">
      <Execution id="94f48472-a5b1-404a-aec7-3918716d7cd4" />
      <TestMethod codeBase="C:\Projekty\NUnitTestProject\bin\Debug\netcoreapp3.1\NUnitTestProject.dll" adapterTypeName="executor://nunit3testexecutor/" className="NUnitTestProject.CurrencyHelperTests" name="FormatToStringTest1000(19085.023282992664d,&quot;19085.02 zł&quot;)" />
    </UnitTest>
    <UnitTest name="FormatToStringTest1000(16129.507288814293d,&quot;16129.51 zł&quot;)" storage="c:\projekty\nunittestproject\bin\debug\netcoreapp3.1\nunittestproject.dll" id="aa4e492c-9871-e494-8afc-2e1c32042c9f">
      <Execution id="487623c0-9124-455f-b195-f30d81dea7c4" />
      <TestMethod codeBase="C:\Projekty\NUnitTestProject\bin\Debug\netcoreapp3.1\NUnitTestProject.dll" adapterTypeName="executor://nunit3testexecutor/" className="NUnitTestProject.CurrencyHelperTests" name="FormatToStringTest1000(16129.507288814293d,&quot;16129.51 zł&quot;)" />
    </UnitTest>
    <UnitTest name="FormatToStringTest1000(28080.92507087669d,&quot;28080.93 zł&quot;)" storage="c:\projekty\nunittestproject\bin\debug\netcoreapp3.1\nunittestproject.dll" id="149b451f-18ff-71da-64d2-d4ad70318933">
      <Execution id="21bdb7bb-ce29-496e-b3ba-a9355811dd8b" />
      <TestMethod codeBase="C:\Projekty\NUnitTestProject\bin\Debug\netcoreapp3.1\NUnitTestProject.dll" adapterTypeName="executor://nunit3testexecutor/" className="NUnitTestProject.CurrencyHelperTests" name="FormatToStringTest1000(28080.92507087669d,&quot;28080.93 zł&quot;)" />
    </UnitTest>
    <UnitTest name="FormatToStringTest1000(1664.7834932994022d,&quot;1664.78 zł&quot;)" storage="c:\projekty\nunittestproject\bin\debug\netcoreapp3.1\nunittestproject.dll" id="036a6ec9-ae68-934b-9f02-a81dae974d18">
      <Execution id="b62552b3-1fce-4f64-b228-c847636354dc" />
      <TestMethod codeBase="C:\Projekty\NUnitTestProject\bin\Debug\netcoreapp3.1\NUnitTestProject.dll" adapterTypeName="executor://nunit3testexecutor/" className="NUnitTestProject.CurrencyHelperTests" name="FormatToStringTest1000(1664.7834932994022d,&quot;1664.78 zł&quot;)" />
    </UnitTest>
    <UnitTest name="FormatToStringTest1000(1741.3334432818617d,&quot;1741.33 zł&quot;)" storage="c:\projekty\nunittestproject\bin\debug\netcoreapp3.1\nunittestproject.dll" id="b9452443-27e0-9ab0-1723-70a405c1b43f">
      <Execution id="a8be17cb-384a-4d60-aa01-18809e35247c" />
      <TestMethod codeBase="C:\Projekty\NUnitTestProject\bin\Debug\netcoreapp3.1\NUnitTestProject.dll" adapterTypeName="executor://nunit3testexecutor/" className="NUnitTestProject.CurrencyHelperTests" name="FormatToStringTest1000(1741.3334432818617d,&quot;1741.33 zł&quot;)" />
    </UnitTest>
    <UnitTest name="FormatToStringTest1000(13478.157112043891d,&quot;13478.16 zł&quot;)" storage="c:\projekty\nunittestproject\bin\debug\netcoreapp3.1\nunittestproject.dll" id="97caedcb-d6ae-5556-8168-c745e877090a">
      <Execution id="0ac84ec5-9beb-44da-b89a-c2a9abc5967c" />
      <TestMethod codeBase="C:\Projekty\NUnitTestProject\bin\Debug\netcoreapp3.1\NUnitTestProject.dll" adapterTypeName="executor://nunit3testexecutor/" className="NUnitTestProject.CurrencyHelperTests" name="FormatToStringTest1000(13478.157112043891d,&quot;13478.16 zł&quot;)" />
    </UnitTest>
    <UnitTest name="FormatToStringTest1000(64490.52771614982d,&quot;64490.53 zł&quot;)" storage="c:\projekty\nunittestproject\bin\debug\netcoreapp3.1\nunittestproject.dll" id="e46dbe14-100d-b571-9fb5-196347dd96ac">
      <Execution id="285d9fb4-3c99-4510-9dbb-55cb16fabce4" />
      <TestMethod codeBase="C:\Projekty\NUnitTestProject\bin\Debug\netcoreapp3.1\NUnitTestProject.dll" adapterTypeName="executor://nunit3testexecutor/" className="NUnitTestProject.CurrencyHelperTests" name="FormatToStringTest1000(64490.52771614982d,&quot;64490.53 zł&quot;)" />
    </UnitTest>
    <UnitTest name="FormatToStringTest1000(97129.75160633575d,&quot;97129.75 zł&quot;)" storage="c:\projekty\nunittestproject\bin\debug\netcoreapp3.1\nunittestproject.dll" id="f7b6c5f3-1f58-e9ae-14c8-31eb58d1211b">
      <Execution id="17e1de33-8140-4821-875b-7f7a6e6944c3" />
      <TestMethod codeBase="C:\Projekty\NUnitTestProject\bin\Debug\netcoreapp3.1\NUnitTestProject.dll" adapterTypeName="executor://nunit3testexecutor/" className="NUnitTestProject.CurrencyHelperTests" name="FormatToStringTest1000(97129.75160633575d,&quot;97129.75 zł&quot;)" />
    </UnitTest>
    <UnitTest name="FormatToStringTest1000(16030.852371789913d,&quot;16030.85 zł&quot;)" storage="c:\projekty\nunittestproject\bin\debug\netcoreapp3.1\nunittestproject.dll" id="cd1fce0e-40f1-2613-4ea2-fe4efaae7320">
      <Execution id="e1a847d1-3ae7-4d0f-a0e0-5a849f8223cd" />
      <TestMethod codeBase="C:\Projekty\NUnitTestProject\bin\Debug\netcoreapp3.1\NUnitTestProject.dll" adapterTypeName="executor://nunit3testexecutor/" className="NUnitTestProject.CurrencyHelperTests" name="FormatToStringTest1000(16030.852371789913d,&quot;16030.85 zł&quot;)" />
    </UnitTest>
    <UnitTest name="FormatToStringTest1000(26468.346804109562d,&quot;26468.35 zł&quot;)" storage="c:\projekty\nunittestproject\bin\debug\netcoreapp3.1\nunittestproject.dll" id="274eee3c-fa31-a55c-1941-d2fdb1077d83">
      <Execution id="3a70f33e-155c-40f7-85b8-b9a9b5fab4f4" />
      <TestMethod codeBase="C:\Projekty\NUnitTestProject\bin\Debug\netcoreapp3.1\NUnitTestProject.dll" adapterTypeName="executor://nunit3testexecutor/" className="NUnitTestProject.CurrencyHelperTests" name="FormatToStringTest1000(26468.346804109562d,&quot;26468.35 zł&quot;)" />
    </UnitTest>
    <UnitTest name="FormatToStringTest1000(73301.91270130403d,&quot;73301.91 zł&quot;)" storage="c:\projekty\nunittestproject\bin\debug\netcoreapp3.1\nunittestproject.dll" id="19b8d5ef-b980-1d42-3f3f-c869dee34ac6">
      <Execution id="fea98a67-772a-4863-a1c7-62259bf7a6e4" />
      <TestMethod codeBase="C:\Projekty\NUnitTestProject\bin\Debug\netcoreapp3.1\NUnitTestProject.dll" adapterTypeName="executor://nunit3testexecutor/" className="NUnitTestProject.CurrencyHelperTests" name="FormatToStringTest1000(73301.91270130403d,&quot;73301.91 zł&quot;)" />
    </UnitTest>
    <UnitTest name="FormatToStringTest1000(25039.088753207627d,&quot;25039.09 zł&quot;)" storage="c:\projekty\nunittestproject\bin\debug\netcoreapp3.1\nunittestproject.dll" id="fb1c3a36-60dc-8fcd-b623-36588091afcb">
      <Execution id="b1e3720e-b9fe-4d9e-ba3a-8ca94c036b63" />
      <TestMethod codeBase="C:\Projekty\NUnitTestProject\bin\Debug\netcoreapp3.1\NUnitTestProject.dll" adapterTypeName="executor://nunit3testexecutor/" className="NUnitTestProject.CurrencyHelperTests" name="FormatToStringTest1000(25039.088753207627d,&quot;25039.09 zł&quot;)" />
    </UnitTest>
    <UnitTest name="FormatToStringTest1000(765.778932784581d,&quot;765.78 zł&quot;)" storage="c:\projekty\nunittestproject\bin\debug\netcoreapp3.1\nunittestproject.dll" id="092813bc-e54e-6f29-9d2b-192db0d76045">
      <Execution id="b1886a64-4474-4a5f-8285-ba70e08d1bf8" />
      <TestMethod codeBase="C:\Projekty\NUnitTestProject\bin\Debug\netcoreapp3.1\NUnitTestProject.dll" adapterTypeName="executor://nunit3testexecutor/" className="NUnitTestProject.CurrencyHelperTests" name="FormatToStringTest1000(765.778932784581d,&quot;765.78 zł&quot;)" />
    </UnitTest>
    <UnitTest name="FormatToStringTest1000(60017.857676936714d,&quot;60017.86 zł&quot;)" storage="c:\projekty\nunittestproject\bin\debug\netcoreapp3.1\nunittestproject.dll" id="bb5a2e9a-5cdb-f48d-dc56-2c3c111c851a">
      <Execution id="11d33962-a536-4e13-b2a3-815495bc52bc" />
      <TestMethod codeBase="C:\Projekty\NUnitTestProject\bin\Debug\netcoreapp3.1\NUnitTestProject.dll" adapterTypeName="executor://nunit3testexecutor/" className="NUnitTestProject.CurrencyHelperTests" name="FormatToStringTest1000(60017.857676936714d,&quot;60017.86 zł&quot;)" />
    </UnitTest>
    <UnitTest name="FormatToStringTest1000(759.247198292635d,&quot;759.25 zł&quot;)" storage="c:\projekty\nunittestproject\bin\debug\netcoreapp3.1\nunittestproject.dll" id="bfb43a18-8b27-64cf-f833-254fc2466b22">
      <Execution id="4a4bf423-034b-4487-a3ec-5b8ec19163a6" />
      <TestMethod codeBase="C:\Projekty\NUnitTestProject\bin\Debug\netcoreapp3.1\NUnitTestProject.dll" adapterTypeName="executor://nunit3testexecutor/" className="NUnitTestProject.CurrencyHelperTests" name="FormatToStringTest1000(759.247198292635d,&quot;759.25 zł&quot;)" />
    </UnitTest>
    <UnitTest name="FormatToStringTest1000(14635.510547500808d,&quot;14635.51 zł&quot;)" storage="c:\projekty\nunittestproject\bin\debug\netcoreapp3.1\nunittestproject.dll" id="7ac2c24b-6445-4ff2-9faa-1ce73a74728d">
      <Execution id="e252b5d8-cc40-49b1-8f09-b7d51502f403" />
      <TestMethod codeBase="C:\Projekty\NUnitTestProject\bin\Debug\netcoreapp3.1\NUnitTestProject.dll" adapterTypeName="executor://nunit3testexecutor/" className="NUnitTestProject.CurrencyHelperTests" name="FormatToStringTest1000(14635.510547500808d,&quot;14635.51 zł&quot;)" />
    </UnitTest>
    <UnitTest name="FormatToStringTest1000(16208.076866391615d,&quot;16208.08 zł&quot;)" storage="c:\projekty\nunittestproject\bin\debug\netcoreapp3.1\nunittestproject.dll" id="0107bc98-e88d-a137-c4d8-ff01a11c4723">
      <Execution id="3db0d8d4-179b-461f-ad6e-f41cbf3bba0c" />
      <TestMethod codeBase="C:\Projekty\NUnitTestProject\bin\Debug\netcoreapp3.1\NUnitTestProject.dll" adapterTypeName="executor://nunit3testexecutor/" className="NUnitTestProject.CurrencyHelperTests" name="FormatToStringTest1000(16208.076866391615d,&quot;16208.08 zł&quot;)" />
    </UnitTest>
    <UnitTest name="FormatToStringTest1000(61633.2671179945d,&quot;61633.27 zł&quot;)" storage="c:\projekty\nunittestproject\bin\debug\netcoreapp3.1\nunittestproject.dll" id="7d115265-369e-6487-e000-47e2ac4ab46b">
      <Execution id="17b1c412-8f43-400b-bc2c-86efafa30b96" />
      <TestMethod codeBase="C:\Projekty\NUnitTestProject\bin\Debug\netcoreapp3.1\NUnitTestProject.dll" adapterTypeName="executor://nunit3testexecutor/" className="NUnitTestProject.CurrencyHelperTests" name="FormatToStringTest1000(61633.2671179945d,&quot;61633.27 zł&quot;)" />
    </UnitTest>
    <UnitTest name="FormatToStringTest1000(40268.121943438484d,&quot;40268.12 zł&quot;)" storage="c:\projekty\nunittestproject\bin\debug\netcoreapp3.1\nunittestproject.dll" id="0ed9cd8c-6283-5489-0e2e-ce31df1b16b4">
      <Execution id="94ad96ab-6c4e-40b0-88c8-587e6bd3ef41" />
      <TestMethod codeBase="C:\Projekty\NUnitTestProject\bin\Debug\netcoreapp3.1\NUnitTestProject.dll" adapterTypeName="executor://nunit3testexecutor/" className="NUnitTestProject.CurrencyHelperTests" name="FormatToStringTest1000(40268.121943438484d,&quot;40268.12 zł&quot;)" />
    </UnitTest>
    <UnitTest name="FormatToStringTest1000(57809.74722876295d,&quot;57809.75 zł&quot;)" storage="c:\projekty\nunittestproject\bin\debug\netcoreapp3.1\nunittestproject.dll" id="bb7f2094-2f9e-97a8-2260-536683d65f82">
      <Execution id="09ff7c19-4db4-47bb-87b2-0ab330481fda" />
      <TestMethod codeBase="C:\Projekty\NUnitTestProject\bin\Debug\netcoreapp3.1\NUnitTestProject.dll" adapterTypeName="executor://nunit3testexecutor/" className="NUnitTestProject.CurrencyHelperTests" name="FormatToStringTest1000(57809.74722876295d,&quot;57809.75 zł&quot;)" />
    </UnitTest>
    <UnitTest name="FormatToStringTest1000(7377.5644264340235d,&quot;7377.56 zł&quot;)" storage="c:\projekty\nunittestproject\bin\debug\netcoreapp3.1\nunittestproject.dll" id="ea6215af-9f7a-dfd2-1e42-d16863c438d5">
      <Execution id="26b72630-5ff3-47d9-b1c3-09f08623430f" />
      <TestMethod codeBase="C:\Projekty\NUnitTestProject\bin\Debug\netcoreapp3.1\NUnitTestProject.dll" adapterTypeName="executor://nunit3testexecutor/" className="NUnitTestProject.CurrencyHelperTests" name="FormatToStringTest1000(7377.5644264340235d,&quot;7377.56 zł&quot;)" />
    </UnitTest>
    <UnitTest name="FormatToStringTest1000(15742.409864349947d,&quot;15742.41 zł&quot;)" storage="c:\projekty\nunittestproject\bin\debug\netcoreapp3.1\nunittestproject.dll" id="c0986095-fb5a-1e8a-a8d8-e6dfbaed61c5">
      <Execution id="c685e785-e91f-4c2d-9494-d7291b505beb" />
      <TestMethod codeBase="C:\Projekty\NUnitTestProject\bin\Debug\netcoreapp3.1\NUnitTestProject.dll" adapterTypeName="executor://nunit3testexecutor/" className="NUnitTestProject.CurrencyHelperTests" name="FormatToStringTest1000(15742.409864349947d,&quot;15742.41 zł&quot;)" />
    </UnitTest>
    <UnitTest name="FormatToStringTest1000(13508.811787825922d,&quot;13508.81 zł&quot;)" storage="c:\projekty\nunittestproject\bin\debug\netcoreapp3.1\nunittestproject.dll" id="0fc86efa-aeca-dada-030f-e8045241eaae">
      <Execution id="27ae684f-7b33-4df4-a821-77a31af41727" />
      <TestMethod codeBase="C:\Projekty\NUnitTestProject\bin\Debug\netcoreapp3.1\NUnitTestProject.dll" adapterTypeName="executor://nunit3testexecutor/" className="NUnitTestProject.CurrencyHelperTests" name="FormatToStringTest1000(13508.811787825922d,&quot;13508.81 zł&quot;)" />
    </UnitTest>
    <UnitTest name="FormatToStringTest1000(44361.82678515177d,&quot;44361.83 zł&quot;)" storage="c:\projekty\nunittestproject\bin\debug\netcoreapp3.1\nunittestproject.dll" id="4aa2fb53-f9e4-f471-3a9f-14715f467049">
      <Execution id="70bddf3f-7945-4b20-9df3-2bae719d9575" />
      <TestMethod codeBase="C:\Projekty\NUnitTestProject\bin\Debug\netcoreapp3.1\NUnitTestProject.dll" adapterTypeName="executor://nunit3testexecutor/" className="NUnitTestProject.CurrencyHelperTests" name="FormatToStringTest1000(44361.82678515177d,&quot;44361.83 zł&quot;)" />
    </UnitTest>
    <UnitTest name="FormatToStringTest1000(19216.446905020366d,&quot;19216.45 zł&quot;)" storage="c:\projekty\nunittestproject\bin\debug\netcoreapp3.1\nunittestproject.dll" id="0af23d0c-f1f0-deb1-181c-c50389a37384">
      <Execution id="c1ac2915-6644-46bc-990f-169ae3e8e161" />
      <TestMethod codeBase="C:\Projekty\NUnitTestProject\bin\Debug\netcoreapp3.1\NUnitTestProject.dll" adapterTypeName="executor://nunit3testexecutor/" className="NUnitTestProject.CurrencyHelperTests" name="FormatToStringTest1000(19216.446905020366d,&quot;19216.45 zł&quot;)" />
    </UnitTest>
    <UnitTest name="FormatToStringTest1000(36047.83545033672d,&quot;36047.84 zł&quot;)" storage="c:\projekty\nunittestproject\bin\debug\netcoreapp3.1\nunittestproject.dll" id="ea8471c3-2743-4dfb-2fac-6cae304dff99">
      <Execution id="290c27ca-1960-4c5f-bf64-eb8489bf8273" />
      <TestMethod codeBase="C:\Projekty\NUnitTestProject\bin\Debug\netcoreapp3.1\NUnitTestProject.dll" adapterTypeName="executor://nunit3testexecutor/" className="NUnitTestProject.CurrencyHelperTests" name="FormatToStringTest1000(36047.83545033672d,&quot;36047.84 zł&quot;)" />
    </UnitTest>
    <UnitTest name="FormatToStringTest1000(29975.4018974022d,&quot;29975.40 zł&quot;)" storage="c:\projekty\nunittestproject\bin\debug\netcoreapp3.1\nunittestproject.dll" id="e6f60af7-eaed-5b55-816d-6d2a50c98932">
      <Execution id="ea586e63-7036-43e6-854e-8c947afdf290" />
      <TestMethod codeBase="C:\Projekty\NUnitTestProject\bin\Debug\netcoreapp3.1\NUnitTestProject.dll" adapterTypeName="executor://nunit3testexecutor/" className="NUnitTestProject.CurrencyHelperTests" name="FormatToStringTest1000(29975.4018974022d,&quot;29975.40 zł&quot;)" />
    </UnitTest>
    <UnitTest name="FormatToStringTest1000(43799.04472166535d,&quot;43799.04 zł&quot;)" storage="c:\projekty\nunittestproject\bin\debug\netcoreapp3.1\nunittestproject.dll" id="1b0d351a-508f-0807-0c94-56d657ae1623">
      <Execution id="f0ea5ff9-2598-47e2-9616-526a051ac71b" />
      <TestMethod codeBase="C:\Projekty\NUnitTestProject\bin\Debug\netcoreapp3.1\NUnitTestProject.dll" adapterTypeName="executor://nunit3testexecutor/" className="NUnitTestProject.CurrencyHelperTests" name="FormatToStringTest1000(43799.04472166535d,&quot;43799.04 zł&quot;)" />
    </UnitTest>
    <UnitTest name="FormatToStringTest1000(5548.360986085777d,&quot;5548.36 zł&quot;)" storage="c:\projekty\nunittestproject\bin\debug\netcoreapp3.1\nunittestproject.dll" id="39c7a244-b75e-9f86-9d15-adfafecd21ca">
      <Execution id="eb3a70bd-4e95-4389-b5ee-78b5d9a8e73e" />
      <TestMethod codeBase="C:\Projekty\NUnitTestProject\bin\Debug\netcoreapp3.1\NUnitTestProject.dll" adapterTypeName="executor://nunit3testexecutor/" className="NUnitTestProject.CurrencyHelperTests" name="FormatToStringTest1000(5548.360986085777d,&quot;5548.36 zł&quot;)" />
    </UnitTest>
    <UnitTest name="FormatToStringTest1000(12091.219941106729d,&quot;12091.22 zł&quot;)" storage="c:\projekty\nunittestproject\bin\debug\netcoreapp3.1\nunittestproject.dll" id="fa43237f-8d58-c9ec-b71e-9d381e3b47f2">
      <Execution id="d0e9e0a6-22e4-4cd4-9fae-bb38021164a9" />
      <TestMethod codeBase="C:\Projekty\NUnitTestProject\bin\Debug\netcoreapp3.1\NUnitTestProject.dll" adapterTypeName="executor://nunit3testexecutor/" className="NUnitTestProject.CurrencyHelperTests" name="FormatToStringTest1000(12091.219941106729d,&quot;12091.22 zł&quot;)" />
    </UnitTest>
    <UnitTest name="FormatToStringTest1000(25990.318498101697d,&quot;25990.32 zł&quot;)" storage="c:\projekty\nunittestproject\bin\debug\netcoreapp3.1\nunittestproject.dll" id="bc954cfc-79b1-8687-e8d1-aab98a75fd1a">
      <Execution id="99bb18c6-8a83-475d-886f-f74af065b2b8" />
      <TestMethod codeBase="C:\Projekty\NUnitTestProject\bin\Debug\netcoreapp3.1\NUnitTestProject.dll" adapterTypeName="executor://nunit3testexecutor/" className="NUnitTestProject.CurrencyHelperTests" name="FormatToStringTest1000(25990.318498101697d,&quot;25990.32 zł&quot;)" />
    </UnitTest>
    <UnitTest name="FormatToStringTest1000(1325.1625259114255d,&quot;1325.16 zł&quot;)" storage="c:\projekty\nunittestproject\bin\debug\netcoreapp3.1\nunittestproject.dll" id="9a4a7396-bc43-f3a9-c62c-07975736bde6">
      <Execution id="b79377e0-f8bd-40b8-ba5f-abc3d0530f86" />
      <TestMethod codeBase="C:\Projekty\NUnitTestProject\bin\Debug\netcoreapp3.1\NUnitTestProject.dll" adapterTypeName="executor://nunit3testexecutor/" className="NUnitTestProject.CurrencyHelperTests" name="FormatToStringTest1000(1325.1625259114255d,&quot;1325.16 zł&quot;)" />
    </UnitTest>
    <UnitTest name="FormatToStringTest1000(19189.813662191766d,&quot;19189.81 zł&quot;)" storage="c:\projekty\nunittestproject\bin\debug\netcoreapp3.1\nunittestproject.dll" id="9e7bb479-43f6-3e5b-9858-d1abf76cc2e6">
      <Execution id="c8bcd20f-4fea-4ce6-b36c-59784d6f343c" />
      <TestMethod codeBase="C:\Projekty\NUnitTestProject\bin\Debug\netcoreapp3.1\NUnitTestProject.dll" adapterTypeName="executor://nunit3testexecutor/" className="NUnitTestProject.CurrencyHelperTests" name="FormatToStringTest1000(19189.813662191766d,&quot;19189.81 zł&quot;)" />
    </UnitTest>
    <UnitTest name="FormatToStringTest1000(75514.58914517732d,&quot;75514.59 zł&quot;)" storage="c:\projekty\nunittestproject\bin\debug\netcoreapp3.1\nunittestproject.dll" id="f1b541d5-278d-f2a3-2128-f16382bfc74f">
      <Execution id="d07b8928-338f-45ab-8f1f-0fe4905f8a15" />
      <TestMethod codeBase="C:\Projekty\NUnitTestProject\bin\Debug\netcoreapp3.1\NUnitTestProject.dll" adapterTypeName="executor://nunit3testexecutor/" className="NUnitTestProject.CurrencyHelperTests" name="FormatToStringTest1000(75514.58914517732d,&quot;75514.59 zł&quot;)" />
    </UnitTest>
    <UnitTest name="FormatToStringTest1000(3506.8456124108498d,&quot;3506.85 zł&quot;)" storage="c:\projekty\nunittestproject\bin\debug\netcoreapp3.1\nunittestproject.dll" id="04708542-086d-f6f2-88c4-fe541ab1cd55">
      <Execution id="c2fe220f-18fa-48db-8ccb-1f460b0271ee" />
      <TestMethod codeBase="C:\Projekty\NUnitTestProject\bin\Debug\netcoreapp3.1\NUnitTestProject.dll" adapterTypeName="executor://nunit3testexecutor/" className="NUnitTestProject.CurrencyHelperTests" name="FormatToStringTest1000(3506.8456124108498d,&quot;3506.85 zł&quot;)" />
    </UnitTest>
    <UnitTest name="FormatToStringTest1000(11922.837782177532d,&quot;11922.84 zł&quot;)" storage="c:\projekty\nunittestproject\bin\debug\netcoreapp3.1\nunittestproject.dll" id="4df235b9-e889-4809-39c8-ff3e09688830">
      <Execution id="81219a1f-8a02-4230-8661-fec0c676bd58" />
      <TestMethod codeBase="C:\Projekty\NUnitTestProject\bin\Debug\netcoreapp3.1\NUnitTestProject.dll" adapterTypeName="executor://nunit3testexecutor/" className="NUnitTestProject.CurrencyHelperTests" name="FormatToStringTest1000(11922.837782177532d,&quot;11922.84 zł&quot;)" />
    </UnitTest>
    <UnitTest name="FormatToStringTest1000(1687.6029180025694d,&quot;1687.60 zł&quot;)" storage="c:\projekty\nunittestproject\bin\debug\netcoreapp3.1\nunittestproject.dll" id="f49abb46-6157-b05f-1fad-c8a20a256f62">
      <Execution id="c9c2c177-1c02-4bee-8d96-4243662123e0" />
      <TestMethod codeBase="C:\Projekty\NUnitTestProject\bin\Debug\netcoreapp3.1\NUnitTestProject.dll" adapterTypeName="executor://nunit3testexecutor/" className="NUnitTestProject.CurrencyHelperTests" name="FormatToStringTest1000(1687.6029180025694d,&quot;1687.60 zł&quot;)" />
    </UnitTest>
    <UnitTest name="FormatToStringTest1000(12831.146874380833d,&quot;12831.15 zł&quot;)" storage="c:\projekty\nunittestproject\bin\debug\netcoreapp3.1\nunittestproject.dll" id="70f1979c-5fec-f41c-4467-96ed1c16b145">
      <Execution id="e96f507d-50e2-4114-9bae-1b5e4aa82f12" />
      <TestMethod codeBase="C:\Projekty\NUnitTestProject\bin\Debug\netcoreapp3.1\NUnitTestProject.dll" adapterTypeName="executor://nunit3testexecutor/" className="NUnitTestProject.CurrencyHelperTests" name="FormatToStringTest1000(12831.146874380833d,&quot;12831.15 zł&quot;)" />
    </UnitTest>
    <UnitTest name="FormatToStringTest1000(1482.3501845832682d,&quot;1482.35 zł&quot;)" storage="c:\projekty\nunittestproject\bin\debug\netcoreapp3.1\nunittestproject.dll" id="95fed375-7969-3fff-ac7b-e41adca485dd">
      <Execution id="d60c54d6-5eb8-45b6-8611-2c8cc6c6a4e4" />
      <TestMethod codeBase="C:\Projekty\NUnitTestProject\bin\Debug\netcoreapp3.1\NUnitTestProject.dll" adapterTypeName="executor://nunit3testexecutor/" className="NUnitTestProject.CurrencyHelperTests" name="FormatToStringTest1000(1482.3501845832682d,&quot;1482.35 zł&quot;)" />
    </UnitTest>
    <UnitTest name="FormatToStringTest1000(21996.80326662576d,&quot;21996.80 zł&quot;)" storage="c:\projekty\nunittestproject\bin\debug\netcoreapp3.1\nunittestproject.dll" id="f3eb9765-0045-7d49-5de3-054bd621a41f">
      <Execution id="84485596-0482-41ac-86d5-fa7a7a6fa29c" />
      <TestMethod codeBase="C:\Projekty\NUnitTestProject\bin\Debug\netcoreapp3.1\NUnitTestProject.dll" adapterTypeName="executor://nunit3testexecutor/" className="NUnitTestProject.CurrencyHelperTests" name="FormatToStringTest1000(21996.80326662576d,&quot;21996.80 zł&quot;)" />
    </UnitTest>
    <UnitTest name="FormatToStringTest1000(27942.393876474067d,&quot;27942.39 zł&quot;)" storage="c:\projekty\nunittestproject\bin\debug\netcoreapp3.1\nunittestproject.dll" id="fb9b5d5a-ec48-a3ed-07db-cf85d51b9faa">
      <Execution id="efc85ebe-5ced-42ff-9936-c9a5d9b3d689" />
      <TestMethod codeBase="C:\Projekty\NUnitTestProject\bin\Debug\netcoreapp3.1\NUnitTestProject.dll" adapterTypeName="executor://nunit3testexecutor/" className="NUnitTestProject.CurrencyHelperTests" name="FormatToStringTest1000(27942.393876474067d,&quot;27942.39 zł&quot;)" />
    </UnitTest>
    <UnitTest name="FormatToStringTest1000(7076.829971250534d,&quot;7076.83 zł&quot;)" storage="c:\projekty\nunittestproject\bin\debug\netcoreapp3.1\nunittestproject.dll" id="9a124f11-40ca-d2aa-a849-6941897e0c0b">
      <Execution id="c6781a3e-7c1c-408a-83b2-6fcd64e08e56" />
      <TestMethod codeBase="C:\Projekty\NUnitTestProject\bin\Debug\netcoreapp3.1\NUnitTestProject.dll" adapterTypeName="executor://nunit3testexecutor/" className="NUnitTestProject.CurrencyHelperTests" name="FormatToStringTest1000(7076.829971250534d,&quot;7076.83 zł&quot;)" />
    </UnitTest>
    <UnitTest name="FormatToStringTest1000(15337.485230751097d,&quot;15337.49 zł&quot;)" storage="c:\projekty\nunittestproject\bin\debug\netcoreapp3.1\nunittestproject.dll" id="cab5d10f-8cae-8dfd-3b1b-219e11cb76ab">
      <Execution id="841809ff-1fae-4f7c-8cad-7b1a657b4453" />
      <TestMethod codeBase="C:\Projekty\NUnitTestProject\bin\Debug\netcoreapp3.1\NUnitTestProject.dll" adapterTypeName="executor://nunit3testexecutor/" className="NUnitTestProject.CurrencyHelperTests" name="FormatToStringTest1000(15337.485230751097d,&quot;15337.49 zł&quot;)" />
    </UnitTest>
    <UnitTest name="FormatToStringTest1000(2216.881526520886d,&quot;2216.88 zł&quot;)" storage="c:\projekty\nunittestproject\bin\debug\netcoreapp3.1\nunittestproject.dll" id="2b18aff2-35ed-39eb-0869-97e8dcc5f3f1">
      <Execution id="b6c809ff-0c86-4c03-977b-e806c4045439" />
      <TestMethod codeBase="C:\Projekty\NUnitTestProject\bin\Debug\netcoreapp3.1\NUnitTestProject.dll" adapterTypeName="executor://nunit3testexecutor/" className="NUnitTestProject.CurrencyHelperTests" name="FormatToStringTest1000(2216.881526520886d,&quot;2216.88 zł&quot;)" />
    </UnitTest>
    <UnitTest name="FormatToStringTest1000(52020.805412759444d,&quot;52020.81 zł&quot;)" storage="c:\projekty\nunittestproject\bin\debug\netcoreapp3.1\nunittestproject.dll" id="2ed0b312-2f27-0f0b-487a-dea260d635a9">
      <Execution id="68b6132f-6046-4210-b9a2-c82e71abb9a5" />
      <TestMethod codeBase="C:\Projekty\NUnitTestProject\bin\Debug\netcoreapp3.1\NUnitTestProject.dll" adapterTypeName="executor://nunit3testexecutor/" className="NUnitTestProject.CurrencyHelperTests" name="FormatToStringTest1000(52020.805412759444d,&quot;52020.81 zł&quot;)" />
    </UnitTest>
    <UnitTest name="FormatToStringTest1000(17090.629587323234d,&quot;17090.63 zł&quot;)" storage="c:\projekty\nunittestproject\bin\debug\netcoreapp3.1\nunittestproject.dll" id="1382f86b-6464-d2a1-e722-0841d0b65336">
      <Execution id="182630c9-e4d2-4daa-8123-a2637b92812c" />
      <TestMethod codeBase="C:\Projekty\NUnitTestProject\bin\Debug\netcoreapp3.1\NUnitTestProject.dll" adapterTypeName="executor://nunit3testexecutor/" className="NUnitTestProject.CurrencyHelperTests" name="FormatToStringTest1000(17090.629587323234d,&quot;17090.63 zł&quot;)" />
    </UnitTest>
    <UnitTest name="FormatToStringTest1000(23282.56178903047d,&quot;23282.56 zł&quot;)" storage="c:\projekty\nunittestproject\bin\debug\netcoreapp3.1\nunittestproject.dll" id="0cd42206-2d45-5b61-2055-2525f417141b">
      <Execution id="5e67a0a3-60cb-4209-baef-4bddd41b5ef4" />
      <TestMethod codeBase="C:\Projekty\NUnitTestProject\bin\Debug\netcoreapp3.1\NUnitTestProject.dll" adapterTypeName="executor://nunit3testexecutor/" className="NUnitTestProject.CurrencyHelperTests" name="FormatToStringTest1000(23282.56178903047d,&quot;23282.56 zł&quot;)" />
    </UnitTest>
    <UnitTest name="FormatToStringTest1000(7407.385606687696d,&quot;7407.39 zł&quot;)" storage="c:\projekty\nunittestproject\bin\debug\netcoreapp3.1\nunittestproject.dll" id="719fd87e-be7b-b92c-8926-a4bddcef0244">
      <Execution id="2018173b-6132-471a-9ac9-93bda0e3627e" />
      <TestMethod codeBase="C:\Projekty\NUnitTestProject\bin\Debug\netcoreapp3.1\NUnitTestProject.dll" adapterTypeName="executor://nunit3testexecutor/" className="NUnitTestProject.CurrencyHelperTests" name="FormatToStringTest1000(7407.385606687696d,&quot;7407.39 zł&quot;)" />
    </UnitTest>
    <UnitTest name="FormatToStringTest1000(2929.267390865026d,&quot;2929.27 zł&quot;)" storage="c:\projekty\nunittestproject\bin\debug\netcoreapp3.1\nunittestproject.dll" id="d8fff351-64d1-1a21-4739-3e89df4d873b">
      <Execution id="39706d0b-ab87-4d38-9e23-da08f5c2a6a8" />
      <TestMethod codeBase="C:\Projekty\NUnitTestProject\bin\Debug\netcoreapp3.1\NUnitTestProject.dll" adapterTypeName="executor://nunit3testexecutor/" className="NUnitTestProject.CurrencyHelperTests" name="FormatToStringTest1000(2929.267390865026d,&quot;2929.27 zł&quot;)" />
    </UnitTest>
    <UnitTest name="FormatToStringTest1000(3694.480496819355d,&quot;3694.48 zł&quot;)" storage="c:\projekty\nunittestproject\bin\debug\netcoreapp3.1\nunittestproject.dll" id="e34fd7ec-376b-5cd9-f43c-324b72764f5f">
      <Execution id="d25df48c-4d6d-409e-a8ce-e112b6eea336" />
      <TestMethod codeBase="C:\Projekty\NUnitTestProject\bin\Debug\netcoreapp3.1\NUnitTestProject.dll" adapterTypeName="executor://nunit3testexecutor/" className="NUnitTestProject.CurrencyHelperTests" name="FormatToStringTest1000(3694.480496819355d,&quot;3694.48 zł&quot;)" />
    </UnitTest>
    <UnitTest name="FormatToStringTest1000(84686.32148464039d,&quot;84686.32 zł&quot;)" storage="c:\projekty\nunittestproject\bin\debug\netcoreapp3.1\nunittestproject.dll" id="ceb7f684-931d-5c6c-b7df-e9079ac9afdf">
      <Execution id="f13f8f61-c452-4b2d-bfba-29d3f7d9f999" />
      <TestMethod codeBase="C:\Projekty\NUnitTestProject\bin\Debug\netcoreapp3.1\NUnitTestProject.dll" adapterTypeName="executor://nunit3testexecutor/" className="NUnitTestProject.CurrencyHelperTests" name="FormatToStringTest1000(84686.32148464039d,&quot;84686.32 zł&quot;)" />
    </UnitTest>
    <UnitTest name="FormatToStringTest1000(4823.904478896365d,&quot;4823.90 zł&quot;)" storage="c:\projekty\nunittestproject\bin\debug\netcoreapp3.1\nunittestproject.dll" id="6c604da3-7f27-8f64-ea2d-ce727d182abb">
      <Execution id="1b9618a2-7f65-4c36-a4d5-b69f361bc8f6" />
      <TestMethod codeBase="C:\Projekty\NUnitTestProject\bin\Debug\netcoreapp3.1\NUnitTestProject.dll" adapterTypeName="executor://nunit3testexecutor/" className="NUnitTestProject.CurrencyHelperTests" name="FormatToStringTest1000(4823.904478896365d,&quot;4823.90 zł&quot;)" />
    </UnitTest>
    <UnitTest name="FormatToStringTest1000(17845.255864087147d,&quot;17845.26 zł&quot;)" storage="c:\projekty\nunittestproject\bin\debug\netcoreapp3.1\nunittestproject.dll" id="615fa398-9de6-a6b9-2dab-60666d0931f7">
      <Execution id="abc1be92-85d6-4c60-851b-ccb2e84e7367" />
      <TestMethod codeBase="C:\Projekty\NUnitTestProject\bin\Debug\netcoreapp3.1\NUnitTestProject.dll" adapterTypeName="executor://nunit3testexecutor/" className="NUnitTestProject.CurrencyHelperTests" name="FormatToStringTest1000(17845.255864087147d,&quot;17845.26 zł&quot;)" />
    </UnitTest>
    <UnitTest name="FormatToStringTest1000(75214.75000876503d,&quot;75214.75 zł&quot;)" storage="c:\projekty\nunittestproject\bin\debug\netcoreapp3.1\nunittestproject.dll" id="796d7949-31f4-bb9f-3f5b-ffa9238af688">
      <Execution id="8e224055-56cb-4ff5-8b9d-85bf52011a25" />
      <TestMethod codeBase="C:\Projekty\NUnitTestProject\bin\Debug\netcoreapp3.1\NUnitTestProject.dll" adapterTypeName="executor://nunit3testexecutor/" className="NUnitTestProject.CurrencyHelperTests" name="FormatToStringTest1000(75214.75000876503d,&quot;75214.75 zł&quot;)" />
    </UnitTest>
    <UnitTest name="FormatToStringTest1000(2937.138486199611d,&quot;2937.14 zł&quot;)" storage="c:\projekty\nunittestproject\bin\debug\netcoreapp3.1\nunittestproject.dll" id="b56338b4-aae6-cbe0-3487-2e781b98c188">
      <Execution id="851861de-15ec-43cd-8817-a9b9f0a17bd5" />
      <TestMethod codeBase="C:\Projekty\NUnitTestProject\bin\Debug\netcoreapp3.1\NUnitTestProject.dll" adapterTypeName="executor://nunit3testexecutor/" className="NUnitTestProject.CurrencyHelperTests" name="FormatToStringTest1000(2937.138486199611d,&quot;2937.14 zł&quot;)" />
    </UnitTest>
    <UnitTest name="FormatToStringTest1000(16190.113943164757d,&quot;16190.11 zł&quot;)" storage="c:\projekty\nunittestproject\bin\debug\netcoreapp3.1\nunittestproject.dll" id="ea53113d-e645-3e3d-8dda-f0c57f3d1f3e">
      <Execution id="f20f7890-41e9-420a-a33b-450f81efb88b" />
      <TestMethod codeBase="C:\Projekty\NUnitTestProject\bin\Debug\netcoreapp3.1\NUnitTestProject.dll" adapterTypeName="executor://nunit3testexecutor/" className="NUnitTestProject.CurrencyHelperTests" name="FormatToStringTest1000(16190.113943164757d,&quot;16190.11 zł&quot;)" />
    </UnitTest>
    <UnitTest name="FormatToStringTest1000(5022.470719070859d,&quot;5022.47 zł&quot;)" storage="c:\projekty\nunittestproject\bin\debug\netcoreapp3.1\nunittestproject.dll" id="70548cff-07c6-a6ca-3719-5ff4c0013c06">
      <Execution id="32fbb700-d143-4a1a-ae65-62e60cd98b94" />
      <TestMethod codeBase="C:\Projekty\NUnitTestProject\bin\Debug\netcoreapp3.1\NUnitTestProject.dll" adapterTypeName="executor://nunit3testexecutor/" className="NUnitTestProject.CurrencyHelperTests" name="FormatToStringTest1000(5022.470719070859d,&quot;5022.47 zł&quot;)" />
    </UnitTest>
    <UnitTest name="FormatToStringTest1000(12202.860111308684d,&quot;12202.86 zł&quot;)" storage="c:\projekty\nunittestproject\bin\debug\netcoreapp3.1\nunittestproject.dll" id="386a6353-f26d-0503-41f2-052972dc214e">
      <Execution id="a58ab4df-54d8-4d05-be6f-3149f1f53f8d" />
      <TestMethod codeBase="C:\Projekty\NUnitTestProject\bin\Debug\netcoreapp3.1\NUnitTestProject.dll" adapterTypeName="executor://nunit3testexecutor/" className="NUnitTestProject.CurrencyHelperTests" name="FormatToStringTest1000(12202.860111308684d,&quot;12202.86 zł&quot;)" />
    </UnitTest>
    <UnitTest name="FormatToStringTest1000(7370.518277515898d,&quot;7370.52 zł&quot;)" storage="c:\projekty\nunittestproject\bin\debug\netcoreapp3.1\nunittestproject.dll" id="5ec8d008-0362-0f87-55a5-ff4397c5ceeb">
      <Execution id="af69450a-946e-455c-b430-382212c2ff79" />
      <TestMethod codeBase="C:\Projekty\NUnitTestProject\bin\Debug\netcoreapp3.1\NUnitTestProject.dll" adapterTypeName="executor://nunit3testexecutor/" className="NUnitTestProject.CurrencyHelperTests" name="FormatToStringTest1000(7370.518277515898d,&quot;7370.52 zł&quot;)" />
    </UnitTest>
    <UnitTest name="FormatToStringTest1000(20497.107923553376d,&quot;20497.11 zł&quot;)" storage="c:\projekty\nunittestproject\bin\debug\netcoreapp3.1\nunittestproject.dll" id="d38b1856-f9a8-d9e7-be29-662b96640b5b">
      <Execution id="308fa778-c70b-4908-83aa-5aebac6e8156" />
      <TestMethod codeBase="C:\Projekty\NUnitTestProject\bin\Debug\netcoreapp3.1\NUnitTestProject.dll" adapterTypeName="executor://nunit3testexecutor/" className="NUnitTestProject.CurrencyHelperTests" name="FormatToStringTest1000(20497.107923553376d,&quot;20497.11 zł&quot;)" />
    </UnitTest>
    <UnitTest name="FormatToStringTest1000(3030.9461949132133d,&quot;3030.95 zł&quot;)" storage="c:\projekty\nunittestproject\bin\debug\netcoreapp3.1\nunittestproject.dll" id="a4a7e920-6be7-0270-88f5-4a528c0a4ff3">
      <Execution id="93318d8f-ea09-4808-b9a6-1c7025a8450f" />
      <TestMethod codeBase="C:\Projekty\NUnitTestProject\bin\Debug\netcoreapp3.1\NUnitTestProject.dll" adapterTypeName="executor://nunit3testexecutor/" className="NUnitTestProject.CurrencyHelperTests" name="FormatToStringTest1000(3030.9461949132133d,&quot;3030.95 zł&quot;)" />
    </UnitTest>
    <UnitTest name="FormatToStringTest1000(11871.427211910219d,&quot;11871.43 zł&quot;)" storage="c:\projekty\nunittestproject\bin\debug\netcoreapp3.1\nunittestproject.dll" id="a0b62237-e6b4-ed13-bf88-ac0909d8c7c4">
      <Execution id="3771dcd9-acd5-44c7-8127-6ac675e48e45" />
      <TestMethod codeBase="C:\Projekty\NUnitTestProject\bin\Debug\netcoreapp3.1\NUnitTestProject.dll" adapterTypeName="executor://nunit3testexecutor/" className="NUnitTestProject.CurrencyHelperTests" name="FormatToStringTest1000(11871.427211910219d,&quot;11871.43 zł&quot;)" />
    </UnitTest>
    <UnitTest name="FormatToStringTest1000(47575.6421269959d,&quot;47575.64 zł&quot;)" storage="c:\projekty\nunittestproject\bin\debug\netcoreapp3.1\nunittestproject.dll" id="8591161e-1b40-e9f6-332c-2e1b43b81682">
      <Execution id="c50b2f6d-209f-4e61-9883-1c8cc8216d3f" />
      <TestMethod codeBase="C:\Projekty\NUnitTestProject\bin\Debug\netcoreapp3.1\NUnitTestProject.dll" adapterTypeName="executor://nunit3testexecutor/" className="NUnitTestProject.CurrencyHelperTests" name="FormatToStringTest1000(47575.6421269959d,&quot;47575.64 zł&quot;)" />
    </UnitTest>
    <UnitTest name="FormatToStringTest1000(19519.4298413505d,&quot;19519.43 zł&quot;)" storage="c:\projekty\nunittestproject\bin\debug\netcoreapp3.1\nunittestproject.dll" id="72f5bdbc-e270-3979-eb1f-93befbe9f9d0">
      <Execution id="88297273-3860-4d7e-9a03-f886193cbaa3" />
      <TestMethod codeBase="C:\Projekty\NUnitTestProject\bin\Debug\netcoreapp3.1\NUnitTestProject.dll" adapterTypeName="executor://nunit3testexecutor/" className="NUnitTestProject.CurrencyHelperTests" name="FormatToStringTest1000(19519.4298413505d,&quot;19519.43 zł&quot;)" />
    </UnitTest>
    <UnitTest name="FormatToStringTest1000(13574.683315038068d,&quot;13574.68 zł&quot;)" storage="c:\projekty\nunittestproject\bin\debug\netcoreapp3.1\nunittestproject.dll" id="f96ea468-2b60-097d-c220-3c5f104473af">
      <Execution id="27cabe9a-18a8-4a9b-a8f3-bcced67f6530" />
      <TestMethod codeBase="C:\Projekty\NUnitTestProject\bin\Debug\netcoreapp3.1\NUnitTestProject.dll" adapterTypeName="executor://nunit3testexecutor/" className="NUnitTestProject.CurrencyHelperTests" name="FormatToStringTest1000(13574.683315038068d,&quot;13574.68 zł&quot;)" />
    </UnitTest>
    <UnitTest name="FormatToStringTest1000(16637.074429372828d,&quot;16637.07 zł&quot;)" storage="c:\projekty\nunittestproject\bin\debug\netcoreapp3.1\nunittestproject.dll" id="6dee8c76-3355-7dcc-c0a6-02e4a5ed7dc2">
      <Execution id="fe0fa9e7-97b4-4a27-ac45-40c733c724c1" />
      <TestMethod codeBase="C:\Projekty\NUnitTestProject\bin\Debug\netcoreapp3.1\NUnitTestProject.dll" adapterTypeName="executor://nunit3testexecutor/" className="NUnitTestProject.CurrencyHelperTests" name="FormatToStringTest1000(16637.074429372828d,&quot;16637.07 zł&quot;)" />
    </UnitTest>
    <UnitTest name="FormatToStringTest1000(47163.337736466594d,&quot;47163.34 zł&quot;)" storage="c:\projekty\nunittestproject\bin\debug\netcoreapp3.1\nunittestproject.dll" id="4e103de3-4b59-b5f0-90dd-0864019a3e44">
      <Execution id="e0bedb4f-3e6a-4d79-b71c-ae6b46be4b5c" />
      <TestMethod codeBase="C:\Projekty\NUnitTestProject\bin\Debug\netcoreapp3.1\NUnitTestProject.dll" adapterTypeName="executor://nunit3testexecutor/" className="NUnitTestProject.CurrencyHelperTests" name="FormatToStringTest1000(47163.337736466594d,&quot;47163.34 zł&quot;)" />
    </UnitTest>
    <UnitTest name="FormatToStringTest1000(6266.232005888704d,&quot;6266.23 zł&quot;)" storage="c:\projekty\nunittestproject\bin\debug\netcoreapp3.1\nunittestproject.dll" id="55977c6e-f784-84a1-391e-15480b7266b6">
      <Execution id="131941ea-4d89-488e-9e30-75f4bc485dbf" />
      <TestMethod codeBase="C:\Projekty\NUnitTestProject\bin\Debug\netcoreapp3.1\NUnitTestProject.dll" adapterTypeName="executor://nunit3testexecutor/" className="NUnitTestProject.CurrencyHelperTests" name="FormatToStringTest1000(6266.232005888704d,&quot;6266.23 zł&quot;)" />
    </UnitTest>
    <UnitTest name="FormatToStringTest1000(42728.35751444258d,&quot;42728.36 zł&quot;)" storage="c:\projekty\nunittestproject\bin\debug\netcoreapp3.1\nunittestproject.dll" id="bc8b0527-de00-05c5-8ddf-e463dace5bf0">
      <Execution id="05a08c5d-40b9-4a50-b1e9-56d4d3bc596d" />
      <TestMethod codeBase="C:\Projekty\NUnitTestProject\bin\Debug\netcoreapp3.1\NUnitTestProject.dll" adapterTypeName="executor://nunit3testexecutor/" className="NUnitTestProject.CurrencyHelperTests" name="FormatToStringTest1000(42728.35751444258d,&quot;42728.36 zł&quot;)" />
    </UnitTest>
    <UnitTest name="FormatToStringTest1000(34060.48467268724d,&quot;34060.48 zł&quot;)" storage="c:\projekty\nunittestproject\bin\debug\netcoreapp3.1\nunittestproject.dll" id="c9b5631d-418b-047b-d15f-f39906c7e08b">
      <Execution id="69edddd9-e9a6-484f-858e-d457d063e9e6" />
      <TestMethod codeBase="C:\Projekty\NUnitTestProject\bin\Debug\netcoreapp3.1\NUnitTestProject.dll" adapterTypeName="executor://nunit3testexecutor/" className="NUnitTestProject.CurrencyHelperTests" name="FormatToStringTest1000(34060.48467268724d,&quot;34060.48 zł&quot;)" />
    </UnitTest>
    <UnitTest name="FormatToStringTest1000(22189.78731674132d,&quot;22189.79 zł&quot;)" storage="c:\projekty\nunittestproject\bin\debug\netcoreapp3.1\nunittestproject.dll" id="e7e966d4-e5d2-6514-5e34-60687297029b">
      <Execution id="ce6caa5c-a350-4c1b-b7c8-18631e0d944f" />
      <TestMethod codeBase="C:\Projekty\NUnitTestProject\bin\Debug\netcoreapp3.1\NUnitTestProject.dll" adapterTypeName="executor://nunit3testexecutor/" className="NUnitTestProject.CurrencyHelperTests" name="FormatToStringTest1000(22189.78731674132d,&quot;22189.79 zł&quot;)" />
    </UnitTest>
    <UnitTest name="FormatToStringTest1000(60323.066780431225d,&quot;60323.07 zł&quot;)" storage="c:\projekty\nunittestproject\bin\debug\netcoreapp3.1\nunittestproject.dll" id="005bc1cf-7a4e-92d9-5bd8-b2bbb383cd58">
      <Execution id="8f308655-cd67-42b6-9347-089a2e97b5d4" />
      <TestMethod codeBase="C:\Projekty\NUnitTestProject\bin\Debug\netcoreapp3.1\NUnitTestProject.dll" adapterTypeName="executor://nunit3testexecutor/" className="NUnitTestProject.CurrencyHelperTests" name="FormatToStringTest1000(60323.066780431225d,&quot;60323.07 zł&quot;)" />
    </UnitTest>
    <UnitTest name="FormatToStringTest1000(32821.05661472215d,&quot;32821.06 zł&quot;)" storage="c:\projekty\nunittestproject\bin\debug\netcoreapp3.1\nunittestproject.dll" id="79aa3047-78e8-7f3b-b717-0010e3a4cd51">
      <Execution id="a6a6f08d-9b24-449e-a14d-58f1edbd1588" />
      <TestMethod codeBase="C:\Projekty\NUnitTestProject\bin\Debug\netcoreapp3.1\NUnitTestProject.dll" adapterTypeName="executor://nunit3testexecutor/" className="NUnitTestProject.CurrencyHelperTests" name="FormatToStringTest1000(32821.05661472215d,&quot;32821.06 zł&quot;)" />
    </UnitTest>
    <UnitTest name="FormatToStringTest1000(52858.048916166204d,&quot;52858.05 zł&quot;)" storage="c:\projekty\nunittestproject\bin\debug\netcoreapp3.1\nunittestproject.dll" id="8119f190-7ed2-77b1-76a6-83f33e4cf393">
      <Execution id="bd9a368c-03a1-48cf-b126-2017091b2e8e" />
      <TestMethod codeBase="C:\Projekty\NUnitTestProject\bin\Debug\netcoreapp3.1\NUnitTestProject.dll" adapterTypeName="executor://nunit3testexecutor/" className="NUnitTestProject.CurrencyHelperTests" name="FormatToStringTest1000(52858.048916166204d,&quot;52858.05 zł&quot;)" />
    </UnitTest>
    <UnitTest name="FormatToStringTest1000(51300.77891898145d,&quot;51300.78 zł&quot;)" storage="c:\projekty\nunittestproject\bin\debug\netcoreapp3.1\nunittestproject.dll" id="3cf165e2-4de9-3079-4fb7-1ca2dade8ab8">
      <Execution id="fe48230c-8f30-41c5-8672-777f229a4b65" />
      <TestMethod codeBase="C:\Projekty\NUnitTestProject\bin\Debug\netcoreapp3.1\NUnitTestProject.dll" adapterTypeName="executor://nunit3testexecutor/" className="NUnitTestProject.CurrencyHelperTests" name="FormatToStringTest1000(51300.77891898145d,&quot;51300.78 zł&quot;)" />
    </UnitTest>
    <UnitTest name="FormatToStringTest1000(22791.735381432685d,&quot;22791.74 zł&quot;)" storage="c:\projekty\nunittestproject\bin\debug\netcoreapp3.1\nunittestproject.dll" id="65ccfc2f-2358-a64f-fe6f-c264d332c519">
      <Execution id="3d4eadcd-7269-4bb2-9478-c3dbdac23521" />
      <TestMethod codeBase="C:\Projekty\NUnitTestProject\bin\Debug\netcoreapp3.1\NUnitTestProject.dll" adapterTypeName="executor://nunit3testexecutor/" className="NUnitTestProject.CurrencyHelperTests" name="FormatToStringTest1000(22791.735381432685d,&quot;22791.74 zł&quot;)" />
    </UnitTest>
    <UnitTest name="FormatToStringTest1000(39178.05988345298d,&quot;39178.06 zł&quot;)" storage="c:\projekty\nunittestproject\bin\debug\netcoreapp3.1\nunittestproject.dll" id="7d9a319c-0aa5-831a-d202-712bedb1b15a">
      <Execution id="79aacf69-f9eb-4128-9059-1d5372f620c2" />
      <TestMethod codeBase="C:\Projekty\NUnitTestProject\bin\Debug\netcoreapp3.1\NUnitTestProject.dll" adapterTypeName="executor://nunit3testexecutor/" className="NUnitTestProject.CurrencyHelperTests" name="FormatToStringTest1000(39178.05988345298d,&quot;39178.06 zł&quot;)" />
    </UnitTest>
    <UnitTest name="FormatToStringTest1000(58848.60825001477d,&quot;58848.61 zł&quot;)" storage="c:\projekty\nunittestproject\bin\debug\netcoreapp3.1\nunittestproject.dll" id="86a3d4f1-4730-e078-7812-a2cb42758d4b">
      <Execution id="a940c5c8-9070-4623-8acf-e6e10ac1b7da" />
      <TestMethod codeBase="C:\Projekty\NUnitTestProject\bin\Debug\netcoreapp3.1\NUnitTestProject.dll" adapterTypeName="executor://nunit3testexecutor/" className="NUnitTestProject.CurrencyHelperTests" name="FormatToStringTest1000(58848.60825001477d,&quot;58848.61 zł&quot;)" />
    </UnitTest>
    <UnitTest name="FormatToStringTest1000(75350.77330865282d,&quot;75350.77 zł&quot;)" storage="c:\projekty\nunittestproject\bin\debug\netcoreapp3.1\nunittestproject.dll" id="a66db8ec-8bb4-14b5-d72b-619fdbf967a5">
      <Execution id="594fa751-417e-4793-bee2-1b4a4078b2e4" />
      <TestMethod codeBase="C:\Projekty\NUnitTestProject\bin\Debug\netcoreapp3.1\NUnitTestProject.dll" adapterTypeName="executor://nunit3testexecutor/" className="NUnitTestProject.CurrencyHelperTests" name="FormatToStringTest1000(75350.77330865282d,&quot;75350.77 zł&quot;)" />
    </UnitTest>
    <UnitTest name="FormatToStringTest1000(41008.28505327194d,&quot;41008.29 zł&quot;)" storage="c:\projekty\nunittestproject\bin\debug\netcoreapp3.1\nunittestproject.dll" id="eaf85606-7f0d-3e94-fb5d-ed88b536baa0">
      <Execution id="824a73a9-e4df-4e79-b0a9-38c8dbc57fe1" />
      <TestMethod codeBase="C:\Projekty\NUnitTestProject\bin\Debug\netcoreapp3.1\NUnitTestProject.dll" adapterTypeName="executor://nunit3testexecutor/" className="NUnitTestProject.CurrencyHelperTests" name="FormatToStringTest1000(41008.28505327194d,&quot;41008.29 zł&quot;)" />
    </UnitTest>
    <UnitTest name="FormatToStringTest1000(82228.32322510486d,&quot;82228.32 zł&quot;)" storage="c:\projekty\nunittestproject\bin\debug\netcoreapp3.1\nunittestproject.dll" id="efc2a789-ae09-4bb7-d172-5f2d0e3cbf23">
      <Execution id="5ebf3e5e-950a-4b86-9b80-5759f6b77706" />
      <TestMethod codeBase="C:\Projekty\NUnitTestProject\bin\Debug\netcoreapp3.1\NUnitTestProject.dll" adapterTypeName="executor://nunit3testexecutor/" className="NUnitTestProject.CurrencyHelperTests" name="FormatToStringTest1000(82228.32322510486d,&quot;82228.32 zł&quot;)" />
    </UnitTest>
    <UnitTest name="FormatToStringTest1000(60299.23738666309d,&quot;60299.24 zł&quot;)" storage="c:\projekty\nunittestproject\bin\debug\netcoreapp3.1\nunittestproject.dll" id="0bb6c333-e41f-4877-c81e-d24ff9ead53d">
      <Execution id="3651ec93-bfe5-45ca-9207-0b0088932e4c" />
      <TestMethod codeBase="C:\Projekty\NUnitTestProject\bin\Debug\netcoreapp3.1\NUnitTestProject.dll" adapterTypeName="executor://nunit3testexecutor/" className="NUnitTestProject.CurrencyHelperTests" name="FormatToStringTest1000(60299.23738666309d,&quot;60299.24 zł&quot;)" />
    </UnitTest>
    <UnitTest name="FormatToStringTest1000(11022.594234092438d,&quot;11022.59 zł&quot;)" storage="c:\projekty\nunittestproject\bin\debug\netcoreapp3.1\nunittestproject.dll" id="d5f63a3d-0bec-c5aa-6fdf-b4d0492c062a">
      <Execution id="1189a600-5af1-4391-a3c0-5529494e405d" />
      <TestMethod codeBase="C:\Projekty\NUnitTestProject\bin\Debug\netcoreapp3.1\NUnitTestProject.dll" adapterTypeName="executor://nunit3testexecutor/" className="NUnitTestProject.CurrencyHelperTests" name="FormatToStringTest1000(11022.594234092438d,&quot;11022.59 zł&quot;)" />
    </UnitTest>
    <UnitTest name="FormatToStringTest1000(19103.831635461574d,&quot;19103.83 zł&quot;)" storage="c:\projekty\nunittestproject\bin\debug\netcoreapp3.1\nunittestproject.dll" id="d569c283-c0e4-d992-53ea-520d9219d214">
      <Execution id="dcd1a32e-657f-460e-afca-084b6bd7f442" />
      <TestMethod codeBase="C:\Projekty\NUnitTestProject\bin\Debug\netcoreapp3.1\NUnitTestProject.dll" adapterTypeName="executor://nunit3testexecutor/" className="NUnitTestProject.CurrencyHelperTests" name="FormatToStringTest1000(19103.831635461574d,&quot;19103.83 zł&quot;)" />
    </UnitTest>
    <UnitTest name="FormatToStringTest1000(13855.30239352505d,&quot;13855.30 zł&quot;)" storage="c:\projekty\nunittestproject\bin\debug\netcoreapp3.1\nunittestproject.dll" id="21bcc043-da28-367a-c1fb-9490833f1b89">
      <Execution id="c13d036b-bfe0-45e4-ab57-b8e5a0cfd979" />
      <TestMethod codeBase="C:\Projekty\NUnitTestProject\bin\Debug\netcoreapp3.1\NUnitTestProject.dll" adapterTypeName="executor://nunit3testexecutor/" className="NUnitTestProject.CurrencyHelperTests" name="FormatToStringTest1000(13855.30239352505d,&quot;13855.30 zł&quot;)" />
    </UnitTest>
    <UnitTest name="FormatToStringTest1000(16901.497392274203d,&quot;16901.50 zł&quot;)" storage="c:\projekty\nunittestproject\bin\debug\netcoreapp3.1\nunittestproject.dll" id="5234899e-b699-a182-8741-15341fb350c8">
      <Execution id="c8d58fbb-753c-4ecb-9c68-ac8bfdc8c046" />
      <TestMethod codeBase="C:\Projekty\NUnitTestProject\bin\Debug\netcoreapp3.1\NUnitTestProject.dll" adapterTypeName="executor://nunit3testexecutor/" className="NUnitTestProject.CurrencyHelperTests" name="FormatToStringTest1000(16901.497392274203d,&quot;16901.50 zł&quot;)" />
    </UnitTest>
    <UnitTest name="FormatToStringTest1000(27187.549022783314d,&quot;27187.55 zł&quot;)" storage="c:\projekty\nunittestproject\bin\debug\netcoreapp3.1\nunittestproject.dll" id="2782a3f6-bb08-acfe-bfab-49ee7d2fdbfa">
      <Execution id="e3b24936-1261-449e-9135-cc8292343a4d" />
      <TestMethod codeBase="C:\Projekty\NUnitTestProject\bin\Debug\netcoreapp3.1\NUnitTestProject.dll" adapterTypeName="executor://nunit3testexecutor/" className="NUnitTestProject.CurrencyHelperTests" name="FormatToStringTest1000(27187.549022783314d,&quot;27187.55 zł&quot;)" />
    </UnitTest>
    <UnitTest name="FormatToStringTest1000(20623.53139885493d,&quot;20623.53 zł&quot;)" storage="c:\projekty\nunittestproject\bin\debug\netcoreapp3.1\nunittestproject.dll" id="6c172272-73ee-1f81-5332-f3180f21fb30">
      <Execution id="bd273c46-3c53-4cc8-8711-9ac631136c59" />
      <TestMethod codeBase="C:\Projekty\NUnitTestProject\bin\Debug\netcoreapp3.1\NUnitTestProject.dll" adapterTypeName="executor://nunit3testexecutor/" className="NUnitTestProject.CurrencyHelperTests" name="FormatToStringTest1000(20623.53139885493d,&quot;20623.53 zł&quot;)" />
    </UnitTest>
    <UnitTest name="FormatToStringTest1000(57564.498126061866d,&quot;57564.50 zł&quot;)" storage="c:\projekty\nunittestproject\bin\debug\netcoreapp3.1\nunittestproject.dll" id="8afbc81b-c940-0dce-6ef9-318ffda0f1ea">
      <Execution id="e8550532-1fe5-4d0d-b366-9e8f5f8a416f" />
      <TestMethod codeBase="C:\Projekty\NUnitTestProject\bin\Debug\netcoreapp3.1\NUnitTestProject.dll" adapterTypeName="executor://nunit3testexecutor/" className="NUnitTestProject.CurrencyHelperTests" name="FormatToStringTest1000(57564.498126061866d,&quot;57564.50 zł&quot;)" />
    </UnitTest>
    <UnitTest name="FormatToStringTest1000(68507.83928906724d,&quot;68507.84 zł&quot;)" storage="c:\projekty\nunittestproject\bin\debug\netcoreapp3.1\nunittestproject.dll" id="bd91fcf5-5262-be00-7dbb-b8c3fec0f109">
      <Execution id="9329e43a-b989-40b1-b0d8-aeb1ff4b9e0c" />
      <TestMethod codeBase="C:\Projekty\NUnitTestProject\bin\Debug\netcoreapp3.1\NUnitTestProject.dll" adapterTypeName="executor://nunit3testexecutor/" className="NUnitTestProject.CurrencyHelperTests" name="FormatToStringTest1000(68507.83928906724d,&quot;68507.84 zł&quot;)" />
    </UnitTest>
    <UnitTest name="FormatToStringTest1000(45739.569854490255d,&quot;45739.57 zł&quot;)" storage="c:\projekty\nunittestproject\bin\debug\netcoreapp3.1\nunittestproject.dll" id="9a937ae8-d764-8210-812b-522cffbf8c6f">
      <Execution id="7620051b-095c-477b-9fa3-18a5e4445769" />
      <TestMethod codeBase="C:\Projekty\NUnitTestProject\bin\Debug\netcoreapp3.1\NUnitTestProject.dll" adapterTypeName="executor://nunit3testexecutor/" className="NUnitTestProject.CurrencyHelperTests" name="FormatToStringTest1000(45739.569854490255d,&quot;45739.57 zł&quot;)" />
    </UnitTest>
    <UnitTest name="FormatToStringTest1000(23174.85693288448d,&quot;23174.86 zł&quot;)" storage="c:\projekty\nunittestproject\bin\debug\netcoreapp3.1\nunittestproject.dll" id="82e7d70c-1a42-9215-0f5f-33fe3e6fa346">
      <Execution id="8a6b6b9a-d338-44b5-9ea9-654d118eb856" />
      <TestMethod codeBase="C:\Projekty\NUnitTestProject\bin\Debug\netcoreapp3.1\NUnitTestProject.dll" adapterTypeName="executor://nunit3testexecutor/" className="NUnitTestProject.CurrencyHelperTests" name="FormatToStringTest1000(23174.85693288448d,&quot;23174.86 zł&quot;)" />
    </UnitTest>
    <UnitTest name="FormatToStringTest1000(63946.51014057478d,&quot;63946.51 zł&quot;)" storage="c:\projekty\nunittestproject\bin\debug\netcoreapp3.1\nunittestproject.dll" id="3c433d09-bfc8-05ae-376b-cff8f69161af">
      <Execution id="bb9fd849-eebd-41d6-ba9c-dab25c29cd51" />
      <TestMethod codeBase="C:\Projekty\NUnitTestProject\bin\Debug\netcoreapp3.1\NUnitTestProject.dll" adapterTypeName="executor://nunit3testexecutor/" className="NUnitTestProject.CurrencyHelperTests" name="FormatToStringTest1000(63946.51014057478d,&quot;63946.51 zł&quot;)" />
    </UnitTest>
    <UnitTest name="FormatToStringTest1000(3303.1902076747224d,&quot;3303.19 zł&quot;)" storage="c:\projekty\nunittestproject\bin\debug\netcoreapp3.1\nunittestproject.dll" id="86ff0f06-37e1-737e-28e1-e4da0cef4001">
      <Execution id="d59bacfb-ffc8-49aa-b08b-715ebcd61e11" />
      <TestMethod codeBase="C:\Projekty\NUnitTestProject\bin\Debug\netcoreapp3.1\NUnitTestProject.dll" adapterTypeName="executor://nunit3testexecutor/" className="NUnitTestProject.CurrencyHelperTests" name="FormatToStringTest1000(3303.1902076747224d,&quot;3303.19 zł&quot;)" />
    </UnitTest>
    <UnitTest name="FormatToStringTest1000(15841.26419853478d,&quot;15841.26 zł&quot;)" storage="c:\projekty\nunittestproject\bin\debug\netcoreapp3.1\nunittestproject.dll" id="a64a893d-a7c9-f50c-de3c-debed5fa79b5">
      <Execution id="33b2c7aa-02f7-4407-a607-46a18ce893ec" />
      <TestMethod codeBase="C:\Projekty\NUnitTestProject\bin\Debug\netcoreapp3.1\NUnitTestProject.dll" adapterTypeName="executor://nunit3testexecutor/" className="NUnitTestProject.CurrencyHelperTests" name="FormatToStringTest1000(15841.26419853478d,&quot;15841.26 zł&quot;)" />
    </UnitTest>
    <UnitTest name="FormatToStringTest1000(22494.46807976834d,&quot;22494.47 zł&quot;)" storage="c:\projekty\nunittestproject\bin\debug\netcoreapp3.1\nunittestproject.dll" id="9629fd85-821b-932c-4f6c-d14c57ed62b0">
      <Execution id="98658147-4066-4224-8e88-1e54917e6bf8" />
      <TestMethod codeBase="C:\Projekty\NUnitTestProject\bin\Debug\netcoreapp3.1\NUnitTestProject.dll" adapterTypeName="executor://nunit3testexecutor/" className="NUnitTestProject.CurrencyHelperTests" name="FormatToStringTest1000(22494.46807976834d,&quot;22494.47 zł&quot;)" />
    </UnitTest>
    <UnitTest name="FormatToStringTest1000(72703.4365723503d,&quot;72703.44 zł&quot;)" storage="c:\projekty\nunittestproject\bin\debug\netcoreapp3.1\nunittestproject.dll" id="2b003fb3-b141-e2a9-bad9-fff43705ee9e">
      <Execution id="f0c5b6d0-f49f-4a7c-a325-d8aa9d962661" />
      <TestMethod codeBase="C:\Projekty\NUnitTestProject\bin\Debug\netcoreapp3.1\NUnitTestProject.dll" adapterTypeName="executor://nunit3testexecutor/" className="NUnitTestProject.CurrencyHelperTests" name="FormatToStringTest1000(72703.4365723503d,&quot;72703.44 zł&quot;)" />
    </UnitTest>
    <UnitTest name="FormatToStringTest1000(14237.13226245955d,&quot;14237.13 zł&quot;)" storage="c:\projekty\nunittestproject\bin\debug\netcoreapp3.1\nunittestproject.dll" id="897eda60-aa9c-bf46-7037-9c91ac01a451">
      <Execution id="aaea5598-9afe-4eea-baeb-b27ee674c6c7" />
      <TestMethod codeBase="C:\Projekty\NUnitTestProject\bin\Debug\netcoreapp3.1\NUnitTestProject.dll" adapterTypeName="executor://nunit3testexecutor/" className="NUnitTestProject.CurrencyHelperTests" name="FormatToStringTest1000(14237.13226245955d,&quot;14237.13 zł&quot;)" />
    </UnitTest>
    <UnitTest name="FormatToStringTest1000(18424.864078561244d,&quot;18424.86 zł&quot;)" storage="c:\projekty\nunittestproject\bin\debug\netcoreapp3.1\nunittestproject.dll" id="9302047d-d400-9bf9-4ba4-2e05b31dc9ec">
      <Execution id="c2b7d3f0-e17c-40d3-8116-8e4ce733bf33" />
      <TestMethod codeBase="C:\Projekty\NUnitTestProject\bin\Debug\netcoreapp3.1\NUnitTestProject.dll" adapterTypeName="executor://nunit3testexecutor/" className="NUnitTestProject.CurrencyHelperTests" name="FormatToStringTest1000(18424.864078561244d,&quot;18424.86 zł&quot;)" />
    </UnitTest>
    <UnitTest name="FormatToStringTest1000(15396.537902579894d,&quot;15396.54 zł&quot;)" storage="c:\projekty\nunittestproject\bin\debug\netcoreapp3.1\nunittestproject.dll" id="41200b0a-b89d-be5b-7447-22f852721d92">
      <Execution id="10d10f31-acf2-4de4-8965-cfb50ae18743" />
      <TestMethod codeBase="C:\Projekty\NUnitTestProject\bin\Debug\netcoreapp3.1\NUnitTestProject.dll" adapterTypeName="executor://nunit3testexecutor/" className="NUnitTestProject.CurrencyHelperTests" name="FormatToStringTest1000(15396.537902579894d,&quot;15396.54 zł&quot;)" />
    </UnitTest>
    <UnitTest name="FormatToStringTest1000(64887.45559046951d,&quot;64887.46 zł&quot;)" storage="c:\projekty\nunittestproject\bin\debug\netcoreapp3.1\nunittestproject.dll" id="b150e6ad-1fac-a9d1-a2ab-0f7879e84a36">
      <Execution id="20da2b8b-5920-4001-9ffa-ecceb6e5e77c" />
      <TestMethod codeBase="C:\Projekty\NUnitTestProject\bin\Debug\netcoreapp3.1\NUnitTestProject.dll" adapterTypeName="executor://nunit3testexecutor/" className="NUnitTestProject.CurrencyHelperTests" name="FormatToStringTest1000(64887.45559046951d,&quot;64887.46 zł&quot;)" />
    </UnitTest>
    <UnitTest name="FormatToStringTest1000(23649.104642116046d,&quot;23649.10 zł&quot;)" storage="c:\projekty\nunittestproject\bin\debug\netcoreapp3.1\nunittestproject.dll" id="5d8a1a0c-8ac0-09f0-e7c5-3249de62e9a9">
      <Execution id="822a0cd3-6fc6-4b11-a0bd-6495f8c20a80" />
      <TestMethod codeBase="C:\Projekty\NUnitTestProject\bin\Debug\netcoreapp3.1\NUnitTestProject.dll" adapterTypeName="executor://nunit3testexecutor/" className="NUnitTestProject.CurrencyHelperTests" name="FormatToStringTest1000(23649.104642116046d,&quot;23649.10 zł&quot;)" />
    </UnitTest>
    <UnitTest name="FormatToStringTest1000(13582.47117894258d,&quot;13582.47 zł&quot;)" storage="c:\projekty\nunittestproject\bin\debug\netcoreapp3.1\nunittestproject.dll" id="ee6fca60-0e04-b997-dc4d-b3e46cbf895c">
      <Execution id="925a4197-b1b6-4f67-948b-97c6d5c2b63f" />
      <TestMethod codeBase="C:\Projekty\NUnitTestProject\bin\Debug\netcoreapp3.1\NUnitTestProject.dll" adapterTypeName="executor://nunit3testexecutor/" className="NUnitTestProject.CurrencyHelperTests" name="FormatToStringTest1000(13582.47117894258d,&quot;13582.47 zł&quot;)" />
    </UnitTest>
    <UnitTest name="FormatToStringTest1000(4030.673117592313d,&quot;4030.67 zł&quot;)" storage="c:\projekty\nunittestproject\bin\debug\netcoreapp3.1\nunittestproject.dll" id="0718464f-7428-3c2c-d7c1-1af84b0bb5ee">
      <Execution id="d5d53916-7008-4e9d-8e05-36c95cb5e76f" />
      <TestMethod codeBase="C:\Projekty\NUnitTestProject\bin\Debug\netcoreapp3.1\NUnitTestProject.dll" adapterTypeName="executor://nunit3testexecutor/" className="NUnitTestProject.CurrencyHelperTests" name="FormatToStringTest1000(4030.673117592313d,&quot;4030.67 zł&quot;)" />
    </UnitTest>
    <UnitTest name="FormatToStringTest1000(13844.577623300524d,&quot;13844.58 zł&quot;)" storage="c:\projekty\nunittestproject\bin\debug\netcoreapp3.1\nunittestproject.dll" id="cdeb3be1-fe32-ff89-e068-e42e39c27a73">
      <Execution id="b0434938-33f3-4e88-8927-13732c9d7881" />
      <TestMethod codeBase="C:\Projekty\NUnitTestProject\bin\Debug\netcoreapp3.1\NUnitTestProject.dll" adapterTypeName="executor://nunit3testexecutor/" className="NUnitTestProject.CurrencyHelperTests" name="FormatToStringTest1000(13844.577623300524d,&quot;13844.58 zł&quot;)" />
    </UnitTest>
    <UnitTest name="FormatToStringTest1000(1300.9430775404642d,&quot;1300.94 zł&quot;)" storage="c:\projekty\nunittestproject\bin\debug\netcoreapp3.1\nunittestproject.dll" id="d8dd6fae-802b-a606-14b3-f77add91cde3">
      <Execution id="cb273e20-d359-48aa-a4fa-e034f43afb15" />
      <TestMethod codeBase="C:\Projekty\NUnitTestProject\bin\Debug\netcoreapp3.1\NUnitTestProject.dll" adapterTypeName="executor://nunit3testexecutor/" className="NUnitTestProject.CurrencyHelperTests" name="FormatToStringTest1000(1300.9430775404642d,&quot;1300.94 zł&quot;)" />
    </UnitTest>
    <UnitTest name="FormatToStringTest1000(1108.7197928823157d,&quot;1108.72 zł&quot;)" storage="c:\projekty\nunittestproject\bin\debug\netcoreapp3.1\nunittestproject.dll" id="5220db90-feed-daf9-71ce-ce8aa9bc9232">
      <Execution id="4ae7756d-43dd-4147-8164-7d0ef73da7f3" />
      <TestMethod codeBase="C:\Projekty\NUnitTestProject\bin\Debug\netcoreapp3.1\NUnitTestProject.dll" adapterTypeName="executor://nunit3testexecutor/" className="NUnitTestProject.CurrencyHelperTests" name="FormatToStringTest1000(1108.7197928823157d,&quot;1108.72 zł&quot;)" />
    </UnitTest>
    <UnitTest name="FormatToStringTest1000(8908.080586221107d,&quot;8908.08 zł&quot;)" storage="c:\projekty\nunittestproject\bin\debug\netcoreapp3.1\nunittestproject.dll" id="a9bdfcdb-7bc0-3167-07a5-dafa13fc5389">
      <Execution id="023c8183-f2a3-4e68-b25c-bc4505b56d93" />
      <TestMethod codeBase="C:\Projekty\NUnitTestProject\bin\Debug\netcoreapp3.1\NUnitTestProject.dll" adapterTypeName="executor://nunit3testexecutor/" className="NUnitTestProject.CurrencyHelperTests" name="FormatToStringTest1000(8908.080586221107d,&quot;8908.08 zł&quot;)" />
    </UnitTest>
    <UnitTest name="FormatToStringTest1000(37160.85331540269d,&quot;37160.85 zł&quot;)" storage="c:\projekty\nunittestproject\bin\debug\netcoreapp3.1\nunittestproject.dll" id="f3633ae5-6adc-21ee-2aa1-0609fba8547c">
      <Execution id="e0801c6c-4a69-4e5f-afa7-5c71998705cf" />
      <TestMethod codeBase="C:\Projekty\NUnitTestProject\bin\Debug\netcoreapp3.1\NUnitTestProject.dll" adapterTypeName="executor://nunit3testexecutor/" className="NUnitTestProject.CurrencyHelperTests" name="FormatToStringTest1000(37160.85331540269d,&quot;37160.85 zł&quot;)" />
    </UnitTest>
    <UnitTest name="FormatToStringTest1000(70149.17842025738d,&quot;70149.18 zł&quot;)" storage="c:\projekty\nunittestproject\bin\debug\netcoreapp3.1\nunittestproject.dll" id="f3af6a34-22dc-525a-ddbc-41c7a3c42ddc">
      <Execution id="88c99f07-721f-4f25-9b9a-8cf5141ee6e8" />
      <TestMethod codeBase="C:\Projekty\NUnitTestProject\bin\Debug\netcoreapp3.1\NUnitTestProject.dll" adapterTypeName="executor://nunit3testexecutor/" className="NUnitTestProject.CurrencyHelperTests" name="FormatToStringTest1000(70149.17842025738d,&quot;70149.18 zł&quot;)" />
    </UnitTest>
    <UnitTest name="FormatToStringTest1000(75024.79122970243d,&quot;75024.79 zł&quot;)" storage="c:\projekty\nunittestproject\bin\debug\netcoreapp3.1\nunittestproject.dll" id="e704684d-9f7f-da08-58cf-d52651e9dd96">
      <Execution id="3cd3dbe6-77b1-4277-afac-5b5b9af4938d" />
      <TestMethod codeBase="C:\Projekty\NUnitTestProject\bin\Debug\netcoreapp3.1\NUnitTestProject.dll" adapterTypeName="executor://nunit3testexecutor/" className="NUnitTestProject.CurrencyHelperTests" name="FormatToStringTest1000(75024.79122970243d,&quot;75024.79 zł&quot;)" />
    </UnitTest>
    <UnitTest name="FormatToStringTest1000(65809.35218338219d,&quot;65809.35 zł&quot;)" storage="c:\projekty\nunittestproject\bin\debug\netcoreapp3.1\nunittestproject.dll" id="5e8a64ef-fabe-5bbf-4739-e9cf8ccf2ee0">
      <Execution id="aa7b777f-b2aa-4c45-9c0d-f94c8c43ebf8" />
      <TestMethod codeBase="C:\Projekty\NUnitTestProject\bin\Debug\netcoreapp3.1\NUnitTestProject.dll" adapterTypeName="executor://nunit3testexecutor/" className="NUnitTestProject.CurrencyHelperTests" name="FormatToStringTest1000(65809.35218338219d,&quot;65809.35 zł&quot;)" />
    </UnitTest>
    <UnitTest name="FormatToStringTest1000(12125.090155628086d,&quot;12125.09 zł&quot;)" storage="c:\projekty\nunittestproject\bin\debug\netcoreapp3.1\nunittestproject.dll" id="72c240ff-79c5-ef41-5967-e3c497b7b2c0">
      <Execution id="78280f52-12ba-46bc-b7a1-2905a4c33179" />
      <TestMethod codeBase="C:\Projekty\NUnitTestProject\bin\Debug\netcoreapp3.1\NUnitTestProject.dll" adapterTypeName="executor://nunit3testexecutor/" className="NUnitTestProject.CurrencyHelperTests" name="FormatToStringTest1000(12125.090155628086d,&quot;12125.09 zł&quot;)" />
    </UnitTest>
    <UnitTest name="FormatToStringTest1000(7569.605888796322d,&quot;7569.61 zł&quot;)" storage="c:\projekty\nunittestproject\bin\debug\netcoreapp3.1\nunittestproject.dll" id="87ae11a5-ff33-3fef-0507-0ee3bd82054e">
      <Execution id="61fd5d38-152e-41f8-ab3d-80aed3d486a6" />
      <TestMethod codeBase="C:\Projekty\NUnitTestProject\bin\Debug\netcoreapp3.1\NUnitTestProject.dll" adapterTypeName="executor://nunit3testexecutor/" className="NUnitTestProject.CurrencyHelperTests" name="FormatToStringTest1000(7569.605888796322d,&quot;7569.61 zł&quot;)" />
    </UnitTest>
    <UnitTest name="FormatToStringTest1000(736.7398243680316d,&quot;736.74 zł&quot;)" storage="c:\projekty\nunittestproject\bin\debug\netcoreapp3.1\nunittestproject.dll" id="c7b07fde-ab61-697a-6040-f2f4c1529d34">
      <Execution id="7c254d2a-0925-4e5a-9a5c-ea1caade2ba8" />
      <TestMethod codeBase="C:\Projekty\NUnitTestProject\bin\Debug\netcoreapp3.1\NUnitTestProject.dll" adapterTypeName="executor://nunit3testexecutor/" className="NUnitTestProject.CurrencyHelperTests" name="FormatToStringTest1000(736.7398243680316d,&quot;736.74 zł&quot;)" />
    </UnitTest>
    <UnitTest name="FormatToStringTest1000(41873.517751020154d,&quot;41873.52 zł&quot;)" storage="c:\projekty\nunittestproject\bin\debug\netcoreapp3.1\nunittestproject.dll" id="7d45d5f5-3a25-9a87-e687-4dc975c05da1">
      <Execution id="fbc5f42c-8056-4f8b-8d78-aa06ffd27682" />
      <TestMethod codeBase="C:\Projekty\NUnitTestProject\bin\Debug\netcoreapp3.1\NUnitTestProject.dll" adapterTypeName="executor://nunit3testexecutor/" className="NUnitTestProject.CurrencyHelperTests" name="FormatToStringTest1000(41873.517751020154d,&quot;41873.52 zł&quot;)" />
    </UnitTest>
    <UnitTest name="FormatToStringTest1000(41876.979471482795d,&quot;41876.98 zł&quot;)" storage="c:\projekty\nunittestproject\bin\debug\netcoreapp3.1\nunittestproject.dll" id="42689aba-eefd-f694-336d-6d6d7296f289">
      <Execution id="4cd71b0c-5be6-4a3c-a4a6-784d54121489" />
      <TestMethod codeBase="C:\Projekty\NUnitTestProject\bin\Debug\netcoreapp3.1\NUnitTestProject.dll" adapterTypeName="executor://nunit3testexecutor/" className="NUnitTestProject.CurrencyHelperTests" name="FormatToStringTest1000(41876.979471482795d,&quot;41876.98 zł&quot;)" />
    </UnitTest>
    <UnitTest name="FormatToStringTest1000(9517.514896326473d,&quot;9517.51 zł&quot;)" storage="c:\projekty\nunittestproject\bin\debug\netcoreapp3.1\nunittestproject.dll" id="6c111a58-0dcb-5d69-cab0-6f7362899525">
      <Execution id="2e4a9cf8-fa6b-4e92-a01d-769010a26631" />
      <TestMethod codeBase="C:\Projekty\NUnitTestProject\bin\Debug\netcoreapp3.1\NUnitTestProject.dll" adapterTypeName="executor://nunit3testexecutor/" className="NUnitTestProject.CurrencyHelperTests" name="FormatToStringTest1000(9517.514896326473d,&quot;9517.51 zł&quot;)" />
    </UnitTest>
    <UnitTest name="FormatToStringTest1000(740.3213011405064d,&quot;740.32 zł&quot;)" storage="c:\projekty\nunittestproject\bin\debug\netcoreapp3.1\nunittestproject.dll" id="6d2fa905-65f5-7d76-6130-8eb8fe67de75">
      <Execution id="f85f92d7-b432-4ea7-9026-b0d4d0c4e167" />
      <TestMethod codeBase="C:\Projekty\NUnitTestProject\bin\Debug\netcoreapp3.1\NUnitTestProject.dll" adapterTypeName="executor://nunit3testexecutor/" className="NUnitTestProject.CurrencyHelperTests" name="FormatToStringTest1000(740.3213011405064d,&quot;740.32 zł&quot;)" />
    </UnitTest>
    <UnitTest name="FormatToStringTest1000(46803.36433423374d,&quot;46803.36 zł&quot;)" storage="c:\projekty\nunittestproject\bin\debug\netcoreapp3.1\nunittestproject.dll" id="f3dbad6e-a998-4f0d-7c83-23b7bc70f023">
      <Execution id="3aad2fe2-8344-4417-831b-af7e3beb9584" />
      <TestMethod codeBase="C:\Projekty\NUnitTestProject\bin\Debug\netcoreapp3.1\NUnitTestProject.dll" adapterTypeName="executor://nunit3testexecutor/" className="NUnitTestProject.CurrencyHelperTests" name="FormatToStringTest1000(46803.36433423374d,&quot;46803.36 zł&quot;)" />
    </UnitTest>
    <UnitTest name="FormatToStringTest1000(10397.404523554447d,&quot;10397.40 zł&quot;)" storage="c:\projekty\nunittestproject\bin\debug\netcoreapp3.1\nunittestproject.dll" id="74db41bd-054e-abff-59c5-f7d3ecdafbd4">
      <Execution id="85483604-e1b1-4819-9f43-f6f79add55c6" />
      <TestMethod codeBase="C:\Projekty\NUnitTestProject\bin\Debug\netcoreapp3.1\NUnitTestProject.dll" adapterTypeName="executor://nunit3testexecutor/" className="NUnitTestProject.CurrencyHelperTests" name="FormatToStringTest1000(10397.404523554447d,&quot;10397.40 zł&quot;)" />
    </UnitTest>
    <UnitTest name="FormatToStringTest1000(6890.028458985514d,&quot;6890.03 zł&quot;)" storage="c:\projekty\nunittestproject\bin\debug\netcoreapp3.1\nunittestproject.dll" id="1476985a-ce79-252c-fc82-6cfb05e64152">
      <Execution id="764b9de7-c82b-41dc-bd87-6c02138c461c" />
      <TestMethod codeBase="C:\Projekty\NUnitTestProject\bin\Debug\netcoreapp3.1\NUnitTestProject.dll" adapterTypeName="executor://nunit3testexecutor/" className="NUnitTestProject.CurrencyHelperTests" name="FormatToStringTest1000(6890.028458985514d,&quot;6890.03 zł&quot;)" />
    </UnitTest>
    <UnitTest name="FormatToStringTest1000(65204.90483536055d,&quot;65204.90 zł&quot;)" storage="c:\projekty\nunittestproject\bin\debug\netcoreapp3.1\nunittestproject.dll" id="04eed3c3-572e-20dc-ebe7-5f007fb379ab">
      <Execution id="e9d5beab-280e-46e7-9668-bb49ff2cbac3" />
      <TestMethod codeBase="C:\Projekty\NUnitTestProject\bin\Debug\netcoreapp3.1\NUnitTestProject.dll" adapterTypeName="executor://nunit3testexecutor/" className="NUnitTestProject.CurrencyHelperTests" name="FormatToStringTest1000(65204.90483536055d,&quot;65204.90 zł&quot;)" />
    </UnitTest>
    <UnitTest name="FormatToStringTest1000(14910.573044539697d,&quot;14910.57 zł&quot;)" storage="c:\projekty\nunittestproject\bin\debug\netcoreapp3.1\nunittestproject.dll" id="cb302138-e270-3017-57fb-1fe538b37f25">
      <Execution id="a6c55440-66ea-4115-bf2e-5a29e80de0e2" />
      <TestMethod codeBase="C:\Projekty\NUnitTestProject\bin\Debug\netcoreapp3.1\NUnitTestProject.dll" adapterTypeName="executor://nunit3testexecutor/" className="NUnitTestProject.CurrencyHelperTests" name="FormatToStringTest1000(14910.573044539697d,&quot;14910.57 zł&quot;)" />
    </UnitTest>
    <UnitTest name="FormatToStringTest1000(17953.338243749615d,&quot;17953.34 zł&quot;)" storage="c:\projekty\nunittestproject\bin\debug\netcoreapp3.1\nunittestproject.dll" id="6700c77f-a72c-833c-b2d9-a0d02a9534be">
      <Execution id="0f57f902-b652-428d-ae28-da8574152934" />
      <TestMethod codeBase="C:\Projekty\NUnitTestProject\bin\Debug\netcoreapp3.1\NUnitTestProject.dll" adapterTypeName="executor://nunit3testexecutor/" className="NUnitTestProject.CurrencyHelperTests" name="FormatToStringTest1000(17953.338243749615d,&quot;17953.34 zł&quot;)" />
    </UnitTest>
    <UnitTest name="FormatToStringTest1000(35714.78133482243d,&quot;35714.78 zł&quot;)" storage="c:\projekty\nunittestproject\bin\debug\netcoreapp3.1\nunittestproject.dll" id="e3333616-70b0-385e-063b-ec83b99dd0ba">
      <Execution id="15790fac-875a-4b42-a19e-3d5c83ceff81" />
      <TestMethod codeBase="C:\Projekty\NUnitTestProject\bin\Debug\netcoreapp3.1\NUnitTestProject.dll" adapterTypeName="executor://nunit3testexecutor/" className="NUnitTestProject.CurrencyHelperTests" name="FormatToStringTest1000(35714.78133482243d,&quot;35714.78 zł&quot;)" />
    </UnitTest>
    <UnitTest name="FormatToStringTest1000(38845.74924104323d,&quot;38845.75 zł&quot;)" storage="c:\projekty\nunittestproject\bin\debug\netcoreapp3.1\nunittestproject.dll" id="5fa0a4c4-15f2-a193-6e7e-18d36636da1f">
      <Execution id="a965480a-f0fb-4ca2-aa32-84f0314f5c5f" />
      <TestMethod codeBase="C:\Projekty\NUnitTestProject\bin\Debug\netcoreapp3.1\NUnitTestProject.dll" adapterTypeName="executor://nunit3testexecutor/" className="NUnitTestProject.CurrencyHelperTests" name="FormatToStringTest1000(38845.74924104323d,&quot;38845.75 zł&quot;)" />
    </UnitTest>
    <UnitTest name="FormatToStringTest1000(10775.728533390784d,&quot;10775.73 zł&quot;)" storage="c:\projekty\nunittestproject\bin\debug\netcoreapp3.1\nunittestproject.dll" id="0229b587-f980-d1c2-d94e-8ed98bc221a6">
      <Execution id="4b819161-3a64-4e53-940c-638c12e3e0df" />
      <TestMethod codeBase="C:\Projekty\NUnitTestProject\bin\Debug\netcoreapp3.1\NUnitTestProject.dll" adapterTypeName="executor://nunit3testexecutor/" className="NUnitTestProject.CurrencyHelperTests" name="FormatToStringTest1000(10775.728533390784d,&quot;10775.73 zł&quot;)" />
    </UnitTest>
    <UnitTest name="FormatToStringTest1000(18023.78504577455d,&quot;18023.79 zł&quot;)" storage="c:\projekty\nunittestproject\bin\debug\netcoreapp3.1\nunittestproject.dll" id="e2ca2857-33e4-4daa-d2e9-09d09dfdba1f">
      <Execution id="e560fba1-0e6c-4e0d-8ba5-c4cea3ba398a" />
      <TestMethod codeBase="C:\Projekty\NUnitTestProject\bin\Debug\netcoreapp3.1\NUnitTestProject.dll" adapterTypeName="executor://nunit3testexecutor/" className="NUnitTestProject.CurrencyHelperTests" name="FormatToStringTest1000(18023.78504577455d,&quot;18023.79 zł&quot;)" />
    </UnitTest>
    <UnitTest name="FormatToStringTest1000(35967.54466809684d,&quot;35967.54 zł&quot;)" storage="c:\projekty\nunittestproject\bin\debug\netcoreapp3.1\nunittestproject.dll" id="a4d82a7a-0101-77be-aadf-7ad891442135">
      <Execution id="852d45e0-55bd-4d7d-b260-07d455286c7a" />
      <TestMethod codeBase="C:\Projekty\NUnitTestProject\bin\Debug\netcoreapp3.1\NUnitTestProject.dll" adapterTypeName="executor://nunit3testexecutor/" className="NUnitTestProject.CurrencyHelperTests" name="FormatToStringTest1000(35967.54466809684d,&quot;35967.54 zł&quot;)" />
    </UnitTest>
    <UnitTest name="FormatToStringTest1000(35784.54232617307d,&quot;35784.54 zł&quot;)" storage="c:\projekty\nunittestproject\bin\debug\netcoreapp3.1\nunittestproject.dll" id="e0c95d42-cf00-fbc7-42ac-a320fc125b1e">
      <Execution id="15174dcc-3a63-410d-9680-48c2daa44ee6" />
      <TestMethod codeBase="C:\Projekty\NUnitTestProject\bin\Debug\netcoreapp3.1\NUnitTestProject.dll" adapterTypeName="executor://nunit3testexecutor/" className="NUnitTestProject.CurrencyHelperTests" name="FormatToStringTest1000(35784.54232617307d,&quot;35784.54 zł&quot;)" />
    </UnitTest>
    <UnitTest name="FormatToStringTest1000(14198.39903067723d,&quot;14198.40 zł&quot;)" storage="c:\projekty\nunittestproject\bin\debug\netcoreapp3.1\nunittestproject.dll" id="32b6919d-1fc0-c669-26d4-2a969f5a55fe">
      <Execution id="c4006608-b894-4f93-bcbf-7b0c9027748e" />
      <TestMethod codeBase="C:\Projekty\NUnitTestProject\bin\Debug\netcoreapp3.1\NUnitTestProject.dll" adapterTypeName="executor://nunit3testexecutor/" className="NUnitTestProject.CurrencyHelperTests" name="FormatToStringTest1000(14198.39903067723d,&quot;14198.40 zł&quot;)" />
    </UnitTest>
    <UnitTest name="FormatToStringTest1000(64568.131500027666d,&quot;64568.13 zł&quot;)" storage="c:\projekty\nunittestproject\bin\debug\netcoreapp3.1\nunittestproject.dll" id="29ce62dc-57a0-98b0-2349-436efa39dc09">
      <Execution id="72701e3e-775e-45ce-acc2-896e983a6075" />
      <TestMethod codeBase="C:\Projekty\NUnitTestProject\bin\Debug\netcoreapp3.1\NUnitTestProject.dll" adapterTypeName="executor://nunit3testexecutor/" className="NUnitTestProject.CurrencyHelperTests" name="FormatToStringTest1000(64568.131500027666d,&quot;64568.13 zł&quot;)" />
    </UnitTest>
    <UnitTest name="FormatToStringTest1000(37387.37521261972d,&quot;37387.38 zł&quot;)" storage="c:\projekty\nunittestproject\bin\debug\netcoreapp3.1\nunittestproject.dll" id="0f34bf53-f1cd-8615-6e75-51f26224ccf1">
      <Execution id="baeb3fd0-8bf8-4a07-9396-9c40134781cf" />
      <TestMethod codeBase="C:\Projekty\NUnitTestProject\bin\Debug\netcoreapp3.1\NUnitTestProject.dll" adapterTypeName="executor://nunit3testexecutor/" className="NUnitTestProject.CurrencyHelperTests" name="FormatToStringTest1000(37387.37521261972d,&quot;37387.38 zł&quot;)" />
    </UnitTest>
    <UnitTest name="FormatToStringTest1000(72905.64834432845d,&quot;72905.65 zł&quot;)" storage="c:\projekty\nunittestproject\bin\debug\netcoreapp3.1\nunittestproject.dll" id="546fc2ea-9df5-50bd-d263-31b0a2faf8aa">
      <Execution id="05bfa23d-a6a2-4dc8-ab1a-c610198cdf6e" />
      <TestMethod codeBase="C:\Projekty\NUnitTestProject\bin\Debug\netcoreapp3.1\NUnitTestProject.dll" adapterTypeName="executor://nunit3testexecutor/" className="NUnitTestProject.CurrencyHelperTests" name="FormatToStringTest1000(72905.64834432845d,&quot;72905.65 zł&quot;)" />
    </UnitTest>
    <UnitTest name="FormatToStringTest1000(7191.024921368353d,&quot;7191.02 zł&quot;)" storage="c:\projekty\nunittestproject\bin\debug\netcoreapp3.1\nunittestproject.dll" id="57f59a31-3f22-a5b8-69d7-45e7719f3ea1">
      <Execution id="59be35d0-11b5-4a56-a62a-137ce5c819ce" />
      <TestMethod codeBase="C:\Projekty\NUnitTestProject\bin\Debug\netcoreapp3.1\NUnitTestProject.dll" adapterTypeName="executor://nunit3testexecutor/" className="NUnitTestProject.CurrencyHelperTests" name="FormatToStringTest1000(7191.024921368353d,&quot;7191.02 zł&quot;)" />
    </UnitTest>
    <UnitTest name="FormatToStringTest1000(6262.373413993219d,&quot;6262.37 zł&quot;)" storage="c:\projekty\nunittestproject\bin\debug\netcoreapp3.1\nunittestproject.dll" id="2287085c-f0e1-b4ec-fa14-c4512658a9fe">
      <Execution id="70267f2d-f18c-4616-aa16-85ad6c9d0092" />
      <TestMethod codeBase="C:\Projekty\NUnitTestProject\bin\Debug\netcoreapp3.1\NUnitTestProject.dll" adapterTypeName="executor://nunit3testexecutor/" className="NUnitTestProject.CurrencyHelperTests" name="FormatToStringTest1000(6262.373413993219d,&quot;6262.37 zł&quot;)" />
    </UnitTest>
    <UnitTest name="FormatToStringTest1000(5591.2222540617095d,&quot;5591.22 zł&quot;)" storage="c:\projekty\nunittestproject\bin\debug\netcoreapp3.1\nunittestproject.dll" id="4dcd9f65-678f-d51c-9e07-bf80dcaf54a4">
      <Execution id="33b59217-1f92-43ef-9ffc-5f6bf9c8cfe4" />
      <TestMethod codeBase="C:\Projekty\NUnitTestProject\bin\Debug\netcoreapp3.1\NUnitTestProject.dll" adapterTypeName="executor://nunit3testexecutor/" className="NUnitTestProject.CurrencyHelperTests" name="FormatToStringTest1000(5591.2222540617095d,&quot;5591.22 zł&quot;)" />
    </UnitTest>
    <UnitTest name="FormatToStringTest1000(31290.71396233687d,&quot;31290.71 zł&quot;)" storage="c:\projekty\nunittestproject\bin\debug\netcoreapp3.1\nunittestproject.dll" id="80343684-0ab4-f75e-30e6-62b08568fe03">
      <Execution id="4efd53df-0d34-4654-af97-bd5a544c789d" />
      <TestMethod codeBase="C:\Projekty\NUnitTestProject\bin\Debug\netcoreapp3.1\NUnitTestProject.dll" adapterTypeName="executor://nunit3testexecutor/" className="NUnitTestProject.CurrencyHelperTests" name="FormatToStringTest1000(31290.71396233687d,&quot;31290.71 zł&quot;)" />
    </UnitTest>
    <UnitTest name="FormatToStringTest1000(76536.95853396178d,&quot;76536.96 zł&quot;)" storage="c:\projekty\nunittestproject\bin\debug\netcoreapp3.1\nunittestproject.dll" id="94072497-fa43-aca0-8f05-792ac28d0627">
      <Execution id="cb161f8a-3fb8-499f-b2eb-941a7ecbae9a" />
      <TestMethod codeBase="C:\Projekty\NUnitTestProject\bin\Debug\netcoreapp3.1\NUnitTestProject.dll" adapterTypeName="executor://nunit3testexecutor/" className="NUnitTestProject.CurrencyHelperTests" name="FormatToStringTest1000(76536.95853396178d,&quot;76536.96 zł&quot;)" />
    </UnitTest>
    <UnitTest name="FormatToStringTest1000(801.5720517614726d,&quot;801.57 zł&quot;)" storage="c:\projekty\nunittestproject\bin\debug\netcoreapp3.1\nunittestproject.dll" id="6a5dc4fe-eaa1-ef57-2e33-6170c4a0ea22">
      <Execution id="a23d95ae-79f3-4094-b748-c90faa4da626" />
      <TestMethod codeBase="C:\Projekty\NUnitTestProject\bin\Debug\netcoreapp3.1\NUnitTestProject.dll" adapterTypeName="executor://nunit3testexecutor/" className="NUnitTestProject.CurrencyHelperTests" name="FormatToStringTest1000(801.5720517614726d,&quot;801.57 zł&quot;)" />
    </UnitTest>
    <UnitTest name="FormatToStringTest1000(53192.79032742269d,&quot;53192.79 zł&quot;)" storage="c:\projekty\nunittestproject\bin\debug\netcoreapp3.1\nunittestproject.dll" id="860765f6-59d4-c798-166f-19857f828734">
      <Execution id="51deae23-fa5f-469a-a77e-2dad12033fdf" />
      <TestMethod codeBase="C:\Projekty\NUnitTestProject\bin\Debug\netcoreapp3.1\NUnitTestProject.dll" adapterTypeName="executor://nunit3testexecutor/" className="NUnitTestProject.CurrencyHelperTests" name="FormatToStringTest1000(53192.79032742269d,&quot;53192.79 zł&quot;)" />
    </UnitTest>
    <UnitTest name="FormatToStringTest1000(5759.256266560991d,&quot;5759.26 zł&quot;)" storage="c:\projekty\nunittestproject\bin\debug\netcoreapp3.1\nunittestproject.dll" id="6b24d61a-9019-1031-1c97-d03508d4eb29">
      <Execution id="e1574eec-9504-43d2-8cb2-8517d561e9d7" />
      <TestMethod codeBase="C:\Projekty\NUnitTestProject\bin\Debug\netcoreapp3.1\NUnitTestProject.dll" adapterTypeName="executor://nunit3testexecutor/" className="NUnitTestProject.CurrencyHelperTests" name="FormatToStringTest1000(5759.256266560991d,&quot;5759.26 zł&quot;)" />
    </UnitTest>
    <UnitTest name="FormatToStringTest1000(8644.187977380207d,&quot;8644.19 zł&quot;)" storage="c:\projekty\nunittestproject\bin\debug\netcoreapp3.1\nunittestproject.dll" id="bbb038e9-9a9b-9724-0ae6-d339784c9041">
      <Execution id="e24cae0b-3868-452f-8a89-cbb9bfa525a7" />
      <TestMethod codeBase="C:\Projekty\NUnitTestProject\bin\Debug\netcoreapp3.1\NUnitTestProject.dll" adapterTypeName="executor://nunit3testexecutor/" className="NUnitTestProject.CurrencyHelperTests" name="FormatToStringTest1000(8644.187977380207d,&quot;8644.19 zł&quot;)" />
    </UnitTest>
    <UnitTest name="FormatToStringTest1000(4592.278577496428d,&quot;4592.28 zł&quot;)" storage="c:\projekty\nunittestproject\bin\debug\netcoreapp3.1\nunittestproject.dll" id="910d4b99-463d-e8f2-2603-a8f7093fc7cf">
      <Execution id="0fa9ab0d-84f8-4ca5-8f7c-fbcd71934080" />
      <TestMethod codeBase="C:\Projekty\NUnitTestProject\bin\Debug\netcoreapp3.1\NUnitTestProject.dll" adapterTypeName="executor://nunit3testexecutor/" className="NUnitTestProject.CurrencyHelperTests" name="FormatToStringTest1000(4592.278577496428d,&quot;4592.28 zł&quot;)" />
    </UnitTest>
    <UnitTest name="FormatToStringTest1000(39146.635743126564d,&quot;39146.64 zł&quot;)" storage="c:\projekty\nunittestproject\bin\debug\netcoreapp3.1\nunittestproject.dll" id="d9e9b57c-4387-840e-e497-cce329a0c03e">
      <Execution id="e8175715-6681-4824-9038-4249f50b07a9" />
      <TestMethod codeBase="C:\Projekty\NUnitTestProject\bin\Debug\netcoreapp3.1\NUnitTestProject.dll" adapterTypeName="executor://nunit3testexecutor/" className="NUnitTestProject.CurrencyHelperTests" name="FormatToStringTest1000(39146.635743126564d,&quot;39146.64 zł&quot;)" />
    </UnitTest>
    <UnitTest name="FormatToStringTest1000(45955.903045959254d,&quot;45955.90 zł&quot;)" storage="c:\projekty\nunittestproject\bin\debug\netcoreapp3.1\nunittestproject.dll" id="451fafcd-e358-2a2a-0150-6d7bc1153f41">
      <Execution id="598e752b-83de-468f-8035-6cf9b478c7ed" />
      <TestMethod codeBase="C:\Projekty\NUnitTestProject\bin\Debug\netcoreapp3.1\NUnitTestProject.dll" adapterTypeName="executor://nunit3testexecutor/" className="NUnitTestProject.CurrencyHelperTests" name="FormatToStringTest1000(45955.903045959254d,&quot;45955.90 zł&quot;)" />
    </UnitTest>
    <UnitTest name="FormatToStringTest1000(22678.643495744862d,&quot;22678.64 zł&quot;)" storage="c:\projekty\nunittestproject\bin\debug\netcoreapp3.1\nunittestproject.dll" id="f06d92cb-e236-f7f9-e645-0971359a129a">
      <Execution id="915a7ba4-a0f8-4d27-a394-47443cebaf55" />
      <TestMethod codeBase="C:\Projekty\NUnitTestProject\bin\Debug\netcoreapp3.1\NUnitTestProject.dll" adapterTypeName="executor://nunit3testexecutor/" className="NUnitTestProject.CurrencyHelperTests" name="FormatToStringTest1000(22678.643495744862d,&quot;22678.64 zł&quot;)" />
    </UnitTest>
    <UnitTest name="FormatToStringTest1000(37954.34384365396d,&quot;37954.34 zł&quot;)" storage="c:\projekty\nunittestproject\bin\debug\netcoreapp3.1\nunittestproject.dll" id="c02eb5c0-31bb-eec0-3d85-1a1ef8849db8">
      <Execution id="2a34b877-a3d4-4664-84ce-7688159a7f56" />
      <TestMethod codeBase="C:\Projekty\NUnitTestProject\bin\Debug\netcoreapp3.1\NUnitTestProject.dll" adapterTypeName="executor://nunit3testexecutor/" className="NUnitTestProject.CurrencyHelperTests" name="FormatToStringTest1000(37954.34384365396d,&quot;37954.34 zł&quot;)" />
    </UnitTest>
    <UnitTest name="FormatToStringTest1000(44677.61946778074d,&quot;44677.62 zł&quot;)" storage="c:\projekty\nunittestproject\bin\debug\netcoreapp3.1\nunittestproject.dll" id="be4aa60a-fec3-fdce-8c70-46ec82a2fec7">
      <Execution id="99ae6286-0212-42db-a8f7-17fd3b320b44" />
      <TestMethod codeBase="C:\Projekty\NUnitTestProject\bin\Debug\netcoreapp3.1\NUnitTestProject.dll" adapterTypeName="executor://nunit3testexecutor/" className="NUnitTestProject.CurrencyHelperTests" name="FormatToStringTest1000(44677.61946778074d,&quot;44677.62 zł&quot;)" />
    </UnitTest>
    <UnitTest name="FormatToStringTest1000(18340.8953197882d,&quot;18340.90 zł&quot;)" storage="c:\projekty\nunittestproject\bin\debug\netcoreapp3.1\nunittestproject.dll" id="60069e17-108f-01fb-2153-e152b9205025">
      <Execution id="8db33b96-78b8-4efb-88b2-5974ed470fd4" />
      <TestMethod codeBase="C:\Projekty\NUnitTestProject\bin\Debug\netcoreapp3.1\NUnitTestProject.dll" adapterTypeName="executor://nunit3testexecutor/" className="NUnitTestProject.CurrencyHelperTests" name="FormatToStringTest1000(18340.8953197882d,&quot;18340.90 zł&quot;)" />
    </UnitTest>
    <UnitTest name="FormatToStringTest1000(62975.496334776515d,&quot;62975.50 zł&quot;)" storage="c:\projekty\nunittestproject\bin\debug\netcoreapp3.1\nunittestproject.dll" id="af9ae316-c7c6-6ac6-11c1-298dd9b256df">
      <Execution id="3d3f71d5-def1-4e06-8cc9-f6f9337f6457" />
      <TestMethod codeBase="C:\Projekty\NUnitTestProject\bin\Debug\netcoreapp3.1\NUnitTestProject.dll" adapterTypeName="executor://nunit3testexecutor/" className="NUnitTestProject.CurrencyHelperTests" name="FormatToStringTest1000(62975.496334776515d,&quot;62975.50 zł&quot;)" />
    </UnitTest>
    <UnitTest name="FormatToStringTest1000(16688.70569393677d,&quot;16688.71 zł&quot;)" storage="c:\projekty\nunittestproject\bin\debug\netcoreapp3.1\nunittestproject.dll" id="cb85c450-02e3-5db9-b93c-f905351c1d09">
      <Execution id="be41e0ba-5bfc-4339-826d-30252d0c90af" />
      <TestMethod codeBase="C:\Projekty\NUnitTestProject\bin\Debug\netcoreapp3.1\NUnitTestProject.dll" adapterTypeName="executor://nunit3testexecutor/" className="NUnitTestProject.CurrencyHelperTests" name="FormatToStringTest1000(16688.70569393677d,&quot;16688.71 zł&quot;)" />
    </UnitTest>
    <UnitTest name="FormatToStringTest1000(75987.03378503352d,&quot;75987.03 zł&quot;)" storage="c:\projekty\nunittestproject\bin\debug\netcoreapp3.1\nunittestproject.dll" id="85025e54-3d28-2e1a-ba9d-a38988743c83">
      <Execution id="1a0be45d-74e1-461b-b3c1-b45450176232" />
      <TestMethod codeBase="C:\Projekty\NUnitTestProject\bin\Debug\netcoreapp3.1\NUnitTestProject.dll" adapterTypeName="executor://nunit3testexecutor/" className="NUnitTestProject.CurrencyHelperTests" name="FormatToStringTest1000(75987.03378503352d,&quot;75987.03 zł&quot;)" />
    </UnitTest>
    <UnitTest name="FormatToStringTest1000(7182.939759099362d,&quot;7182.94 zł&quot;)" storage="c:\projekty\nunittestproject\bin\debug\netcoreapp3.1\nunittestproject.dll" id="092c2603-fe15-2655-d7c6-015786763712">
      <Execution id="ce1136ae-0104-4e87-8814-3ead0d8437b3" />
      <TestMethod codeBase="C:\Projekty\NUnitTestProject\bin\Debug\netcoreapp3.1\NUnitTestProject.dll" adapterTypeName="executor://nunit3testexecutor/" className="NUnitTestProject.CurrencyHelperTests" name="FormatToStringTest1000(7182.939759099362d,&quot;7182.94 zł&quot;)" />
    </UnitTest>
    <UnitTest name="FormatToStringTest1000(12283.48626129026d,&quot;12283.49 zł&quot;)" storage="c:\projekty\nunittestproject\bin\debug\netcoreapp3.1\nunittestproject.dll" id="47ec5c64-268b-824f-d637-17f43470b17c">
      <Execution id="04573013-bea2-4714-918a-b65e639cdf49" />
      <TestMethod codeBase="C:\Projekty\NUnitTestProject\bin\Debug\netcoreapp3.1\NUnitTestProject.dll" adapterTypeName="executor://nunit3testexecutor/" className="NUnitTestProject.CurrencyHelperTests" name="FormatToStringTest1000(12283.48626129026d,&quot;12283.49 zł&quot;)" />
    </UnitTest>
    <UnitTest name="FormatToStringTest1000(58902.704109088845d,&quot;58902.70 zł&quot;)" storage="c:\projekty\nunittestproject\bin\debug\netcoreapp3.1\nunittestproject.dll" id="d6353a5c-aebf-48c3-7e68-77f3a0ea8301">
      <Execution id="785f00b5-28c4-4978-bbba-ef1a778215e7" />
      <TestMethod codeBase="C:\Projekty\NUnitTestProject\bin\Debug\netcoreapp3.1\NUnitTestProject.dll" adapterTypeName="executor://nunit3testexecutor/" className="NUnitTestProject.CurrencyHelperTests" name="FormatToStringTest1000(58902.704109088845d,&quot;58902.70 zł&quot;)" />
    </UnitTest>
    <UnitTest name="FormatToStringTest1000(13197.65136269417d,&quot;13197.65 zł&quot;)" storage="c:\projekty\nunittestproject\bin\debug\netcoreapp3.1\nunittestproject.dll" id="fbe41254-a5bc-bdde-4d71-8c5eb07a0fb3">
      <Execution id="7c5fb2f7-2560-482f-a1e1-b7d8faa32c25" />
      <TestMethod codeBase="C:\Projekty\NUnitTestProject\bin\Debug\netcoreapp3.1\NUnitTestProject.dll" adapterTypeName="executor://nunit3testexecutor/" className="NUnitTestProject.CurrencyHelperTests" name="FormatToStringTest1000(13197.65136269417d,&quot;13197.65 zł&quot;)" />
    </UnitTest>
    <UnitTest name="FormatToStringTest1000(26220.382477706476d,&quot;26220.38 zł&quot;)" storage="c:\projekty\nunittestproject\bin\debug\netcoreapp3.1\nunittestproject.dll" id="b54d2807-218d-96e0-fe0e-06e67796eaa7">
      <Execution id="b0a1d1da-c736-4a32-aa0f-efe3d1d16f46" />
      <TestMethod codeBase="C:\Projekty\NUnitTestProject\bin\Debug\netcoreapp3.1\NUnitTestProject.dll" adapterTypeName="executor://nunit3testexecutor/" className="NUnitTestProject.CurrencyHelperTests" name="FormatToStringTest1000(26220.382477706476d,&quot;26220.38 zł&quot;)" />
    </UnitTest>
    <UnitTest name="FormatToStringTest1000(7592.950837113406d,&quot;7592.95 zł&quot;)" storage="c:\projekty\nunittestproject\bin\debug\netcoreapp3.1\nunittestproject.dll" id="21f5ba92-f354-bb76-94e2-2214000ea5b9">
      <Execution id="a555a110-2a2f-460b-b90c-f5c7f78a8326" />
      <TestMethod codeBase="C:\Projekty\NUnitTestProject\bin\Debug\netcoreapp3.1\NUnitTestProject.dll" adapterTypeName="executor://nunit3testexecutor/" className="NUnitTestProject.CurrencyHelperTests" name="FormatToStringTest1000(7592.950837113406d,&quot;7592.95 zł&quot;)" />
    </UnitTest>
    <UnitTest name="FormatToStringTest1000(46391.661094229516d,&quot;46391.66 zł&quot;)" storage="c:\projekty\nunittestproject\bin\debug\netcoreapp3.1\nunittestproject.dll" id="752f584a-0205-5811-1575-29e94681480b">
      <Execution id="623c4a34-cf97-4fb4-864b-6f7f892e2a77" />
      <TestMethod codeBase="C:\Projekty\NUnitTestProject\bin\Debug\netcoreapp3.1\NUnitTestProject.dll" adapterTypeName="executor://nunit3testexecutor/" className="NUnitTestProject.CurrencyHelperTests" name="FormatToStringTest1000(46391.661094229516d,&quot;46391.66 zł&quot;)" />
    </UnitTest>
    <UnitTest name="FormatToStringTest1000(38961.459057294516d,&quot;38961.46 zł&quot;)" storage="c:\projekty\nunittestproject\bin\debug\netcoreapp3.1\nunittestproject.dll" id="e4a60893-7e5b-dc4d-fd91-d28f1c9b83a3">
      <Execution id="07c23a29-0840-47cb-97ea-a6ee3cf15cca" />
      <TestMethod codeBase="C:\Projekty\NUnitTestProject\bin\Debug\netcoreapp3.1\NUnitTestProject.dll" adapterTypeName="executor://nunit3testexecutor/" className="NUnitTestProject.CurrencyHelperTests" name="FormatToStringTest1000(38961.459057294516d,&quot;38961.46 zł&quot;)" />
    </UnitTest>
    <UnitTest name="FormatToStringTest1000(56373.35086238494d,&quot;56373.35 zł&quot;)" storage="c:\projekty\nunittestproject\bin\debug\netcoreapp3.1\nunittestproject.dll" id="9c484d5b-265a-2c6e-537b-f37cd91a7473">
      <Execution id="81c6a72f-1a3c-4d21-b277-f2c6b360dc26" />
      <TestMethod codeBase="C:\Projekty\NUnitTestProject\bin\Debug\netcoreapp3.1\NUnitTestProject.dll" adapterTypeName="executor://nunit3testexecutor/" className="NUnitTestProject.CurrencyHelperTests" name="FormatToStringTest1000(56373.35086238494d,&quot;56373.35 zł&quot;)" />
    </UnitTest>
    <UnitTest name="FormatToStringTest1000(70581.91150977784d,&quot;70581.91 zł&quot;)" storage="c:\projekty\nunittestproject\bin\debug\netcoreapp3.1\nunittestproject.dll" id="8d4b1df1-395e-a801-f732-9563464d225f">
      <Execution id="40d064cd-e6c5-4b41-a262-a31ed5ae7fca" />
      <TestMethod codeBase="C:\Projekty\NUnitTestProject\bin\Debug\netcoreapp3.1\NUnitTestProject.dll" adapterTypeName="executor://nunit3testexecutor/" className="NUnitTestProject.CurrencyHelperTests" name="FormatToStringTest1000(70581.91150977784d,&quot;70581.91 zł&quot;)" />
    </UnitTest>
    <UnitTest name="FormatToStringTest1000(13027.93935961739d,&quot;13027.94 zł&quot;)" storage="c:\projekty\nunittestproject\bin\debug\netcoreapp3.1\nunittestproject.dll" id="0e73995d-338f-84a3-7662-4ba2ece68a21">
      <Execution id="44967410-61d7-4422-8810-61424ece08b9" />
      <TestMethod codeBase="C:\Projekty\NUnitTestProject\bin\Debug\netcoreapp3.1\NUnitTestProject.dll" adapterTypeName="executor://nunit3testexecutor/" className="NUnitTestProject.CurrencyHelperTests" name="FormatToStringTest1000(13027.93935961739d,&quot;13027.94 zł&quot;)" />
    </UnitTest>
    <UnitTest name="FormatToStringTest1000(63427.55325689332d,&quot;63427.55 zł&quot;)" storage="c:\projekty\nunittestproject\bin\debug\netcoreapp3.1\nunittestproject.dll" id="29658493-3081-01dd-eb7c-6d0a97eef1f2">
      <Execution id="d8358d4e-f2d2-4209-82ba-f13f3af291a9" />
      <TestMethod codeBase="C:\Projekty\NUnitTestProject\bin\Debug\netcoreapp3.1\NUnitTestProject.dll" adapterTypeName="executor://nunit3testexecutor/" className="NUnitTestProject.CurrencyHelperTests" name="FormatToStringTest1000(63427.55325689332d,&quot;63427.55 zł&quot;)" />
    </UnitTest>
    <UnitTest name="FormatToStringTest1000(26015.8311952552d,&quot;26015.83 zł&quot;)" storage="c:\projekty\nunittestproject\bin\debug\netcoreapp3.1\nunittestproject.dll" id="8d9adc97-9f99-5fc5-0cdb-932a51aaf028">
      <Execution id="1492efc0-760a-400d-bb6c-b7b1bf1f2b38" />
      <TestMethod codeBase="C:\Projekty\NUnitTestProject\bin\Debug\netcoreapp3.1\NUnitTestProject.dll" adapterTypeName="executor://nunit3testexecutor/" className="NUnitTestProject.CurrencyHelperTests" name="FormatToStringTest1000(26015.8311952552d,&quot;26015.83 zł&quot;)" />
    </UnitTest>
    <UnitTest name="FormatToStringTest1000(11904.111251175456d,&quot;11904.11 zł&quot;)" storage="c:\projekty\nunittestproject\bin\debug\netcoreapp3.1\nunittestproject.dll" id="8f06716c-c7ff-1247-d243-6eeb705848f7">
      <Execution id="57b6b18f-235c-466c-a592-4a8fe0cdb81a" />
      <TestMethod codeBase="C:\Projekty\NUnitTestProject\bin\Debug\netcoreapp3.1\NUnitTestProject.dll" adapterTypeName="executor://nunit3testexecutor/" className="NUnitTestProject.CurrencyHelperTests" name="FormatToStringTest1000(11904.111251175456d,&quot;11904.11 zł&quot;)" />
    </UnitTest>
    <UnitTest name="FormatToStringTest1000(8542.520616738833d,&quot;8542.52 zł&quot;)" storage="c:\projekty\nunittestproject\bin\debug\netcoreapp3.1\nunittestproject.dll" id="6b324d3b-5796-c056-8636-0eb49b18ead5">
      <Execution id="a28415ea-17e8-4b8f-bb18-f542ee1a1b02" />
      <TestMethod codeBase="C:\Projekty\NUnitTestProject\bin\Debug\netcoreapp3.1\NUnitTestProject.dll" adapterTypeName="executor://nunit3testexecutor/" className="NUnitTestProject.CurrencyHelperTests" name="FormatToStringTest1000(8542.520616738833d,&quot;8542.52 zł&quot;)" />
    </UnitTest>
    <UnitTest name="FormatToStringTest1000(782.6578288817116d,&quot;782.66 zł&quot;)" storage="c:\projekty\nunittestproject\bin\debug\netcoreapp3.1\nunittestproject.dll" id="3c694193-6244-2822-1520-285efe4d3761">
      <Execution id="0cfe612e-e03a-4f6f-b577-f9997fedad6b" />
      <TestMethod codeBase="C:\Projekty\NUnitTestProject\bin\Debug\netcoreapp3.1\NUnitTestProject.dll" adapterTypeName="executor://nunit3testexecutor/" className="NUnitTestProject.CurrencyHelperTests" name="FormatToStringTest1000(782.6578288817116d,&quot;782.66 zł&quot;)" />
    </UnitTest>
    <UnitTest name="FormatToStringTest1000(7124.979180760672d,&quot;7124.98 zł&quot;)" storage="c:\projekty\nunittestproject\bin\debug\netcoreapp3.1\nunittestproject.dll" id="0edcab43-1e4a-6ea7-7c7b-b02803f7c8b9">
      <Execution id="a79abb7a-7cc9-484b-a324-8b520b304121" />
      <TestMethod codeBase="C:\Projekty\NUnitTestProject\bin\Debug\netcoreapp3.1\NUnitTestProject.dll" adapterTypeName="executor://nunit3testexecutor/" className="NUnitTestProject.CurrencyHelperTests" name="FormatToStringTest1000(7124.979180760672d,&quot;7124.98 zł&quot;)" />
    </UnitTest>
    <UnitTest name="FormatToStringTest1000(13286.856387228174d,&quot;13286.86 zł&quot;)" storage="c:\projekty\nunittestproject\bin\debug\netcoreapp3.1\nunittestproject.dll" id="9a621664-b485-1b19-02d4-7ca92799a60b">
      <Execution id="dd09251c-aa50-4fdd-8838-514555fa55c9" />
      <TestMethod codeBase="C:\Projekty\NUnitTestProject\bin\Debug\netcoreapp3.1\NUnitTestProject.dll" adapterTypeName="executor://nunit3testexecutor/" className="NUnitTestProject.CurrencyHelperTests" name="FormatToStringTest1000(13286.856387228174d,&quot;13286.86 zł&quot;)" />
    </UnitTest>
    <UnitTest name="FormatToStringTest1000(37614.50159416278d,&quot;37614.50 zł&quot;)" storage="c:\projekty\nunittestproject\bin\debug\netcoreapp3.1\nunittestproject.dll" id="d70b3095-42f0-132e-cf11-a2a412d875fc">
      <Execution id="264c501c-8435-4c57-855f-4016e72ab81a" />
      <TestMethod codeBase="C:\Projekty\NUnitTestProject\bin\Debug\netcoreapp3.1\NUnitTestProject.dll" adapterTypeName="executor://nunit3testexecutor/" className="NUnitTestProject.CurrencyHelperTests" name="FormatToStringTest1000(37614.50159416278d,&quot;37614.50 zł&quot;)" />
    </UnitTest>
    <UnitTest name="FormatToStringTest1000(9603.199987620208d,&quot;9603.20 zł&quot;)" storage="c:\projekty\nunittestproject\bin\debug\netcoreapp3.1\nunittestproject.dll" id="a6da1f0c-9d53-8f1b-60d6-c520ee89e7a7">
      <Execution id="7f4ba8fa-a005-4e88-9c4d-354d3283cd4e" />
      <TestMethod codeBase="C:\Projekty\NUnitTestProject\bin\Debug\netcoreapp3.1\NUnitTestProject.dll" adapterTypeName="executor://nunit3testexecutor/" className="NUnitTestProject.CurrencyHelperTests" name="FormatToStringTest1000(9603.199987620208d,&quot;9603.20 zł&quot;)" />
    </UnitTest>
    <UnitTest name="FormatToStringTest1000(1669.555150571072d,&quot;1669.56 zł&quot;)" storage="c:\projekty\nunittestproject\bin\debug\netcoreapp3.1\nunittestproject.dll" id="9f2dc98f-6aa2-694c-8819-9ccfd93e4fc8">
      <Execution id="9a0e79e7-4154-4791-ab83-1a8649425ae3" />
      <TestMethod codeBase="C:\Projekty\NUnitTestProject\bin\Debug\netcoreapp3.1\NUnitTestProject.dll" adapterTypeName="executor://nunit3testexecutor/" className="NUnitTestProject.CurrencyHelperTests" name="FormatToStringTest1000(1669.555150571072d,&quot;1669.56 zł&quot;)" />
    </UnitTest>
    <UnitTest name="FormatToStringTest1000(78519.41691976106d,&quot;78519.42 zł&quot;)" storage="c:\projekty\nunittestproject\bin\debug\netcoreapp3.1\nunittestproject.dll" id="56b49f4b-49b4-988e-f563-d6c88928143d">
      <Execution id="f71217b7-65a7-4b65-886a-5a5fd5529c18" />
      <TestMethod codeBase="C:\Projekty\NUnitTestProject\bin\Debug\netcoreapp3.1\NUnitTestProject.dll" adapterTypeName="executor://nunit3testexecutor/" className="NUnitTestProject.CurrencyHelperTests" name="FormatToStringTest1000(78519.41691976106d,&quot;78519.42 zł&quot;)" />
    </UnitTest>
    <UnitTest name="FormatToStringTest1000(95353.10327693219d,&quot;95353.10 zł&quot;)" storage="c:\projekty\nunittestproject\bin\debug\netcoreapp3.1\nunittestproject.dll" id="6a41f5f3-49f1-a289-ed1a-edcf9c86dd3e">
      <Execution id="200fe9db-c2d9-489d-8ba8-736a78059cee" />
      <TestMethod codeBase="C:\Projekty\NUnitTestProject\bin\Debug\netcoreapp3.1\NUnitTestProject.dll" adapterTypeName="executor://nunit3testexecutor/" className="NUnitTestProject.CurrencyHelperTests" name="FormatToStringTest1000(95353.10327693219d,&quot;95353.10 zł&quot;)" />
    </UnitTest>
    <UnitTest name="FormatToStringTest1000(12370.243090209198d,&quot;12370.24 zł&quot;)" storage="c:\projekty\nunittestproject\bin\debug\netcoreapp3.1\nunittestproject.dll" id="e0081990-e732-207e-ce35-b6f9f879e1b0">
      <Execution id="e1e8f5c8-7127-44be-a7f8-ee6c5263ac52" />
      <TestMethod codeBase="C:\Projekty\NUnitTestProject\bin\Debug\netcoreapp3.1\NUnitTestProject.dll" adapterTypeName="executor://nunit3testexecutor/" className="NUnitTestProject.CurrencyHelperTests" name="FormatToStringTest1000(12370.243090209198d,&quot;12370.24 zł&quot;)" />
    </UnitTest>
    <UnitTest name="FormatToStringTest1000(45455.14554704127d,&quot;45455.15 zł&quot;)" storage="c:\projekty\nunittestproject\bin\debug\netcoreapp3.1\nunittestproject.dll" id="83a97307-8552-7789-5b14-74a21c8cbcd2">
      <Execution id="fd274353-157b-45da-a8a9-a2a564393924" />
      <TestMethod codeBase="C:\Projekty\NUnitTestProject\bin\Debug\netcoreapp3.1\NUnitTestProject.dll" adapterTypeName="executor://nunit3testexecutor/" className="NUnitTestProject.CurrencyHelperTests" name="FormatToStringTest1000(45455.14554704127d,&quot;45455.15 zł&quot;)" />
    </UnitTest>
    <UnitTest name="FormatToStringTest1000(13503.943645929892d,&quot;13503.94 zł&quot;)" storage="c:\projekty\nunittestproject\bin\debug\netcoreapp3.1\nunittestproject.dll" id="7d53e131-e454-48a3-7f61-9c807826acb2">
      <Execution id="9842d473-04ba-4a8c-8f3c-4e406b88e95a" />
      <TestMethod codeBase="C:\Projekty\NUnitTestProject\bin\Debug\netcoreapp3.1\NUnitTestProject.dll" adapterTypeName="executor://nunit3testexecutor/" className="NUnitTestProject.CurrencyHelperTests" name="FormatToStringTest1000(13503.943645929892d,&quot;13503.94 zł&quot;)" />
    </UnitTest>
    <UnitTest name="FormatToStringTest1000(17252.06220983903d,&quot;17252.06 zł&quot;)" storage="c:\projekty\nunittestproject\bin\debug\netcoreapp3.1\nunittestproject.dll" id="bcaccf95-48bd-f1b0-c691-d2f1e6a4e3bd">
      <Execution id="6531049e-1826-4537-a8d9-1800e80c9fa1" />
      <TestMethod codeBase="C:\Projekty\NUnitTestProject\bin\Debug\netcoreapp3.1\NUnitTestProject.dll" adapterTypeName="executor://nunit3testexecutor/" className="NUnitTestProject.CurrencyHelperTests" name="FormatToStringTest1000(17252.06220983903d,&quot;17252.06 zł&quot;)" />
    </UnitTest>
    <UnitTest name="FormatToStringTest1000(1649.0127968480872d,&quot;1649.01 zł&quot;)" storage="c:\projekty\nunittestproject\bin\debug\netcoreapp3.1\nunittestproject.dll" id="5372d0c3-7454-6ed0-3140-c46dbf17af10">
      <Execution id="2b0eb3de-d2a0-482b-9072-f247282b2f55" />
      <TestMethod codeBase="C:\Projekty\NUnitTestProject\bin\Debug\netcoreapp3.1\NUnitTestProject.dll" adapterTypeName="executor://nunit3testexecutor/" className="NUnitTestProject.CurrencyHelperTests" name="FormatToStringTest1000(1649.0127968480872d,&quot;1649.01 zł&quot;)" />
    </UnitTest>
    <UnitTest name="FormatToStringTest1000(22557.09603308099d,&quot;22557.10 zł&quot;)" storage="c:\projekty\nunittestproject\bin\debug\netcoreapp3.1\nunittestproject.dll" id="80ed38c5-93c8-ab9c-2988-31b35fec47a3">
      <Execution id="e429b517-a45a-4224-a0de-f43c91b9e361" />
      <TestMethod codeBase="C:\Projekty\NUnitTestProject\bin\Debug\netcoreapp3.1\NUnitTestProject.dll" adapterTypeName="executor://nunit3testexecutor/" className="NUnitTestProject.CurrencyHelperTests" name="FormatToStringTest1000(22557.09603308099d,&quot;22557.10 zł&quot;)" />
    </UnitTest>
    <UnitTest name="FormatToStringTest1000(1952.6955147062872d,&quot;1952.70 zł&quot;)" storage="c:\projekty\nunittestproject\bin\debug\netcoreapp3.1\nunittestproject.dll" id="5189465c-94b9-c0c3-eb6c-9e0dd907b71f">
      <Execution id="b7bf93cd-a3bc-40b9-bf44-af1c79ed1d73" />
      <TestMethod codeBase="C:\Projekty\NUnitTestProject\bin\Debug\netcoreapp3.1\NUnitTestProject.dll" adapterTypeName="executor://nunit3testexecutor/" className="NUnitTestProject.CurrencyHelperTests" name="FormatToStringTest1000(1952.6955147062872d,&quot;1952.70 zł&quot;)" />
    </UnitTest>
    <UnitTest name="FormatToStringTest1000(32908.76696502639d,&quot;32908.77 zł&quot;)" storage="c:\projekty\nunittestproject\bin\debug\netcoreapp3.1\nunittestproject.dll" id="e2350845-1f3f-6907-3805-d81b5dce3aed">
      <Execution id="9f35de69-a2dd-415f-a824-69f323d011a4" />
      <TestMethod codeBase="C:\Projekty\NUnitTestProject\bin\Debug\netcoreapp3.1\NUnitTestProject.dll" adapterTypeName="executor://nunit3testexecutor/" className="NUnitTestProject.CurrencyHelperTests" name="FormatToStringTest1000(32908.76696502639d,&quot;32908.77 zł&quot;)" />
    </UnitTest>
    <UnitTest name="FormatToStringTest1000(6550.421588937948d,&quot;6550.42 zł&quot;)" storage="c:\projekty\nunittestproject\bin\debug\netcoreapp3.1\nunittestproject.dll" id="c11f5a85-86bf-cab1-9d9a-33069c6ff139">
      <Execution id="687b33a9-1730-4f0a-ac31-af22e0199bdf" />
      <TestMethod codeBase="C:\Projekty\NUnitTestProject\bin\Debug\netcoreapp3.1\NUnitTestProject.dll" adapterTypeName="executor://nunit3testexecutor/" className="NUnitTestProject.CurrencyHelperTests" name="FormatToStringTest1000(6550.421588937948d,&quot;6550.42 zł&quot;)" />
    </UnitTest>
    <UnitTest name="FormatToStringTest1000(6105.007054037418d,&quot;6105.01 zł&quot;)" storage="c:\projekty\nunittestproject\bin\debug\netcoreapp3.1\nunittestproject.dll" id="024506f9-eb28-1802-65f5-4eafd9fc8776">
      <Execution id="b71ff4e7-4560-4f65-bac7-fedd6fa3d2ff" />
      <TestMethod codeBase="C:\Projekty\NUnitTestProject\bin\Debug\netcoreapp3.1\NUnitTestProject.dll" adapterTypeName="executor://nunit3testexecutor/" className="NUnitTestProject.CurrencyHelperTests" name="FormatToStringTest1000(6105.007054037418d,&quot;6105.01 zł&quot;)" />
    </UnitTest>
    <UnitTest name="FormatToStringTest1000(35384.637112688106d,&quot;35384.64 zł&quot;)" storage="c:\projekty\nunittestproject\bin\debug\netcoreapp3.1\nunittestproject.dll" id="2d12ad1b-0cfb-a7f2-de41-7d109965ff4a">
      <Execution id="590d86c2-aab6-459e-8956-233645877dc9" />
      <TestMethod codeBase="C:\Projekty\NUnitTestProject\bin\Debug\netcoreapp3.1\NUnitTestProject.dll" adapterTypeName="executor://nunit3testexecutor/" className="NUnitTestProject.CurrencyHelperTests" name="FormatToStringTest1000(35384.637112688106d,&quot;35384.64 zł&quot;)" />
    </UnitTest>
    <UnitTest name="FormatToStringTest1000(15591.4117417221d,&quot;15591.41 zł&quot;)" storage="c:\projekty\nunittestproject\bin\debug\netcoreapp3.1\nunittestproject.dll" id="e39abc6e-a339-e385-747c-5c151d68fdc6">
      <Execution id="93a3f65a-2e22-42ac-82e9-a0092c52c9e8" />
      <TestMethod codeBase="C:\Projekty\NUnitTestProject\bin\Debug\netcoreapp3.1\NUnitTestProject.dll" adapterTypeName="executor://nunit3testexecutor/" className="NUnitTestProject.CurrencyHelperTests" name="FormatToStringTest1000(15591.4117417221d,&quot;15591.41 zł&quot;)" />
    </UnitTest>
    <UnitTest name="FormatToStringTest1000(6035.818653228608d,&quot;6035.82 zł&quot;)" storage="c:\projekty\nunittestproject\bin\debug\netcoreapp3.1\nunittestproject.dll" id="be59208d-36e7-073c-919d-21490848351c">
      <Execution id="4efc3e51-ad6e-4106-947c-2b8497650bd7" />
      <TestMethod codeBase="C:\Projekty\NUnitTestProject\bin\Debug\netcoreapp3.1\NUnitTestProject.dll" adapterTypeName="executor://nunit3testexecutor/" className="NUnitTestProject.CurrencyHelperTests" name="FormatToStringTest1000(6035.818653228608d,&quot;6035.82 zł&quot;)" />
    </UnitTest>
    <UnitTest name="FormatToStringTest1000(3043.6828298227315d,&quot;3043.68 zł&quot;)" storage="c:\projekty\nunittestproject\bin\debug\netcoreapp3.1\nunittestproject.dll" id="edd8698a-89a8-0a11-5f44-5d3f526abc13">
      <Execution id="f6ef9b79-eb96-408c-a502-3b6230679d09" />
      <TestMethod codeBase="C:\Projekty\NUnitTestProject\bin\Debug\netcoreapp3.1\NUnitTestProject.dll" adapterTypeName="executor://nunit3testexecutor/" className="NUnitTestProject.CurrencyHelperTests" name="FormatToStringTest1000(3043.6828298227315d,&quot;3043.68 zł&quot;)" />
    </UnitTest>
    <UnitTest name="FormatToStringTest1000(69373.32129976773d,&quot;69373.32 zł&quot;)" storage="c:\projekty\nunittestproject\bin\debug\netcoreapp3.1\nunittestproject.dll" id="6fa66cd3-3174-5023-d80b-ce9981bfadfc">
      <Execution id="d16e6d8b-743a-4167-9eb3-f32bb82a262f" />
      <TestMethod codeBase="C:\Projekty\NUnitTestProject\bin\Debug\netcoreapp3.1\NUnitTestProject.dll" adapterTypeName="executor://nunit3testexecutor/" className="NUnitTestProject.CurrencyHelperTests" name="FormatToStringTest1000(69373.32129976773d,&quot;69373.32 zł&quot;)" />
    </UnitTest>
    <UnitTest name="FormatToStringTest1000(21328.29026726507d,&quot;21328.29 zł&quot;)" storage="c:\projekty\nunittestproject\bin\debug\netcoreapp3.1\nunittestproject.dll" id="c6ae4b68-49e1-d669-439e-3d0b7ef0cea4">
      <Execution id="0e9061e8-25ba-44d8-9974-11c43ec36c90" />
      <TestMethod codeBase="C:\Projekty\NUnitTestProject\bin\Debug\netcoreapp3.1\NUnitTestProject.dll" adapterTypeName="executor://nunit3testexecutor/" className="NUnitTestProject.CurrencyHelperTests" name="FormatToStringTest1000(21328.29026726507d,&quot;21328.29 zł&quot;)" />
    </UnitTest>
    <UnitTest name="FormatToStringTest1000(1884.4923513031063d,&quot;1884.49 zł&quot;)" storage="c:\projekty\nunittestproject\bin\debug\netcoreapp3.1\nunittestproject.dll" id="e8dae4f6-1eb2-866f-8693-bdd69c27bed8">
      <Execution id="a6761fff-6ed5-48f4-9352-f1cdab96d237" />
      <TestMethod codeBase="C:\Projekty\NUnitTestProject\bin\Debug\netcoreapp3.1\NUnitTestProject.dll" adapterTypeName="executor://nunit3testexecutor/" className="NUnitTestProject.CurrencyHelperTests" name="FormatToStringTest1000(1884.4923513031063d,&quot;1884.49 zł&quot;)" />
    </UnitTest>
    <UnitTest name="FormatToStringTest1000(7013.601812260971d,&quot;7013.60 zł&quot;)" storage="c:\projekty\nunittestproject\bin\debug\netcoreapp3.1\nunittestproject.dll" id="2fcbb4d5-0c22-d47d-9ea9-6260fb047a7e">
      <Execution id="dc9a439c-46e6-4ab6-ae7f-c7c971cd7ae3" />
      <TestMethod codeBase="C:\Projekty\NUnitTestProject\bin\Debug\netcoreapp3.1\NUnitTestProject.dll" adapterTypeName="executor://nunit3testexecutor/" className="NUnitTestProject.CurrencyHelperTests" name="FormatToStringTest1000(7013.601812260971d,&quot;7013.60 zł&quot;)" />
    </UnitTest>
    <UnitTest name="FormatToStringTest1000(28583.827618148098d,&quot;28583.83 zł&quot;)" storage="c:\projekty\nunittestproject\bin\debug\netcoreapp3.1\nunittestproject.dll" id="e6917a9a-a471-dbed-84cc-6e63cf19f9df">
      <Execution id="1d4157e6-cf49-4f5d-9889-e20deef86a7d" />
      <TestMethod codeBase="C:\Projekty\NUnitTestProject\bin\Debug\netcoreapp3.1\NUnitTestProject.dll" adapterTypeName="executor://nunit3testexecutor/" className="NUnitTestProject.CurrencyHelperTests" name="FormatToStringTest1000(28583.827618148098d,&quot;28583.83 zł&quot;)" />
    </UnitTest>
    <UnitTest name="FormatToStringTest1000(1187.8237780126854d,&quot;1187.82 zł&quot;)" storage="c:\projekty\nunittestproject\bin\debug\netcoreapp3.1\nunittestproject.dll" id="b2a12e1f-5796-ca8b-404b-61553a46fbc5">
      <Execution id="b5d9e531-13c4-425c-b53a-53471c632b05" />
      <TestMethod codeBase="C:\Projekty\NUnitTestProject\bin\Debug\netcoreapp3.1\NUnitTestProject.dll" adapterTypeName="executor://nunit3testexecutor/" className="NUnitTestProject.CurrencyHelperTests" name="FormatToStringTest1000(1187.8237780126854d,&quot;1187.82 zł&quot;)" />
    </UnitTest>
    <UnitTest name="FormatToStringTest1000(54578.37303904275d,&quot;54578.37 zł&quot;)" storage="c:\projekty\nunittestproject\bin\debug\netcoreapp3.1\nunittestproject.dll" id="605c2bc0-4496-0f02-aeff-a229323c4be4">
      <Execution id="d4412335-fed1-429d-827e-bc099704604d" />
      <TestMethod codeBase="C:\Projekty\NUnitTestProject\bin\Debug\netcoreapp3.1\NUnitTestProject.dll" adapterTypeName="executor://nunit3testexecutor/" className="NUnitTestProject.CurrencyHelperTests" name="FormatToStringTest1000(54578.37303904275d,&quot;54578.37 zł&quot;)" />
    </UnitTest>
    <UnitTest name="FormatToStringTest1000(159.83786031922224d,&quot;159.84 zł&quot;)" storage="c:\projekty\nunittestproject\bin\debug\netcoreapp3.1\nunittestproject.dll" id="4c344495-4967-8a3c-49bd-83047e73dd58">
      <Execution id="bf400fbd-52fc-4d90-ae51-ee26e02a1747" />
      <TestMethod codeBase="C:\Projekty\NUnitTestProject\bin\Debug\netcoreapp3.1\NUnitTestProject.dll" adapterTypeName="executor://nunit3testexecutor/" className="NUnitTestProject.CurrencyHelperTests" name="FormatToStringTest1000(159.83786031922224d,&quot;159.84 zł&quot;)" />
    </UnitTest>
    <UnitTest name="FormatToStringTest1000(79388.929555234d,&quot;79388.93 zł&quot;)" storage="c:\projekty\nunittestproject\bin\debug\netcoreapp3.1\nunittestproject.dll" id="f2705aac-0fab-25bd-44fc-31cfea9f5c9a">
      <Execution id="ca0e06c9-f9ae-479a-852e-843e8044dcc6" />
      <TestMethod codeBase="C:\Projekty\NUnitTestProject\bin\Debug\netcoreapp3.1\NUnitTestProject.dll" adapterTypeName="executor://nunit3testexecutor/" className="NUnitTestProject.CurrencyHelperTests" name="FormatToStringTest1000(79388.929555234d,&quot;79388.93 zł&quot;)" />
    </UnitTest>
    <UnitTest name="FormatToStringTest1000(40241.790964380736d,&quot;40241.79 zł&quot;)" storage="c:\projekty\nunittestproject\bin\debug\netcoreapp3.1\nunittestproject.dll" id="bf7aea95-4edb-be07-7de0-fdb7b0e337d5">
      <Execution id="e23d6bad-7d00-4515-b64b-61e50a0623df" />
      <TestMethod codeBase="C:\Projekty\NUnitTestProject\bin\Debug\netcoreapp3.1\NUnitTestProject.dll" adapterTypeName="executor://nunit3testexecutor/" className="NUnitTestProject.CurrencyHelperTests" name="FormatToStringTest1000(40241.790964380736d,&quot;40241.79 zł&quot;)" />
    </UnitTest>
    <UnitTest name="FormatToStringTest1000(37528.70144368368d,&quot;37528.70 zł&quot;)" storage="c:\projekty\nunittestproject\bin\debug\netcoreapp3.1\nunittestproject.dll" id="bc2dc8fc-01b0-0065-79fa-2e41ef829892">
      <Execution id="b3af3158-66c2-499e-a3d4-0d83d6e93ff6" />
      <TestMethod codeBase="C:\Projekty\NUnitTestProject\bin\Debug\netcoreapp3.1\NUnitTestProject.dll" adapterTypeName="executor://nunit3testexecutor/" className="NUnitTestProject.CurrencyHelperTests" name="FormatToStringTest1000(37528.70144368368d,&quot;37528.70 zł&quot;)" />
    </UnitTest>
    <UnitTest name="FormatToStringTest1000(51503.82905738234d,&quot;51503.83 zł&quot;)" storage="c:\projekty\nunittestproject\bin\debug\netcoreapp3.1\nunittestproject.dll" id="0ad74e44-881e-9461-7e6f-381a5cc80df0">
      <Execution id="bfdad5b0-8216-4fed-81d2-6f71ef4bcf00" />
      <TestMethod codeBase="C:\Projekty\NUnitTestProject\bin\Debug\netcoreapp3.1\NUnitTestProject.dll" adapterTypeName="executor://nunit3testexecutor/" className="NUnitTestProject.CurrencyHelperTests" name="FormatToStringTest1000(51503.82905738234d,&quot;51503.83 zł&quot;)" />
    </UnitTest>
    <UnitTest name="FormatToStringTest1000(395.45790295882983d,&quot;395.46 zł&quot;)" storage="c:\projekty\nunittestproject\bin\debug\netcoreapp3.1\nunittestproject.dll" id="069167da-f488-ff65-4a0d-a2797b191242">
      <Execution id="3ac87293-053c-4847-bcfb-1d5455c1e559" />
      <TestMethod codeBase="C:\Projekty\NUnitTestProject\bin\Debug\netcoreapp3.1\NUnitTestProject.dll" adapterTypeName="executor://nunit3testexecutor/" className="NUnitTestProject.CurrencyHelperTests" name="FormatToStringTest1000(395.45790295882983d,&quot;395.46 zł&quot;)" />
    </UnitTest>
    <UnitTest name="FormatToStringTest1000(28502.61128259758d,&quot;28502.61 zł&quot;)" storage="c:\projekty\nunittestproject\bin\debug\netcoreapp3.1\nunittestproject.dll" id="bf1576c7-03bd-feeb-bbbd-0a36863eaddc">
      <Execution id="1f199dd5-b97d-4f14-a930-e7150e05e365" />
      <TestMethod codeBase="C:\Projekty\NUnitTestProject\bin\Debug\netcoreapp3.1\NUnitTestProject.dll" adapterTypeName="executor://nunit3testexecutor/" className="NUnitTestProject.CurrencyHelperTests" name="FormatToStringTest1000(28502.61128259758d,&quot;28502.61 zł&quot;)" />
    </UnitTest>
    <UnitTest name="FormatToStringTest1000(29678.921519093645d,&quot;29678.92 zł&quot;)" storage="c:\projekty\nunittestproject\bin\debug\netcoreapp3.1\nunittestproject.dll" id="37d70f53-ca13-79ab-c67c-fecd55be0876">
      <Execution id="da08a3c5-52a6-4e8c-85e1-8cf8c4d0eee2" />
      <TestMethod codeBase="C:\Projekty\NUnitTestProject\bin\Debug\netcoreapp3.1\NUnitTestProject.dll" adapterTypeName="executor://nunit3testexecutor/" className="NUnitTestProject.CurrencyHelperTests" name="FormatToStringTest1000(29678.921519093645d,&quot;29678.92 zł&quot;)" />
    </UnitTest>
    <UnitTest name="FormatToStringTest1000(30578.687538491416d,&quot;30578.69 zł&quot;)" storage="c:\projekty\nunittestproject\bin\debug\netcoreapp3.1\nunittestproject.dll" id="ae7cb376-4ef2-2742-75ce-61ea6adcde54">
      <Execution id="51ba405a-5abd-4bce-8111-3997f4237a0a" />
      <TestMethod codeBase="C:\Projekty\NUnitTestProject\bin\Debug\netcoreapp3.1\NUnitTestProject.dll" adapterTypeName="executor://nunit3testexecutor/" className="NUnitTestProject.CurrencyHelperTests" name="FormatToStringTest1000(30578.687538491416d,&quot;30578.69 zł&quot;)" />
    </UnitTest>
    <UnitTest name="FormatToStringTest1000(18596.12661189033d,&quot;18596.13 zł&quot;)" storage="c:\projekty\nunittestproject\bin\debug\netcoreapp3.1\nunittestproject.dll" id="34a0ec2a-ee87-5c68-071f-7bf4fe21828e">
      <Execution id="8442e8ab-0895-4c1a-a360-b910f63a3428" />
      <TestMethod codeBase="C:\Projekty\NUnitTestProject\bin\Debug\netcoreapp3.1\NUnitTestProject.dll" adapterTypeName="executor://nunit3testexecutor/" className="NUnitTestProject.CurrencyHelperTests" name="FormatToStringTest1000(18596.12661189033d,&quot;18596.13 zł&quot;)" />
    </UnitTest>
    <UnitTest name="FormatToStringTest1000(21893.78889296939d,&quot;21893.79 zł&quot;)" storage="c:\projekty\nunittestproject\bin\debug\netcoreapp3.1\nunittestproject.dll" id="ffb7284d-9149-6f2f-e2cd-12399f61de50">
      <Execution id="4e849208-e605-491a-81c2-e2c4cc0218fa" />
      <TestMethod codeBase="C:\Projekty\NUnitTestProject\bin\Debug\netcoreapp3.1\NUnitTestProject.dll" adapterTypeName="executor://nunit3testexecutor/" className="NUnitTestProject.CurrencyHelperTests" name="FormatToStringTest1000(21893.78889296939d,&quot;21893.79 zł&quot;)" />
    </UnitTest>
    <UnitTest name="FormatToStringTest1000(46166.38051381259d,&quot;46166.38 zł&quot;)" storage="c:\projekty\nunittestproject\bin\debug\netcoreapp3.1\nunittestproject.dll" id="6d4f36db-ef1e-952d-7dfb-29f4be4b6ca7">
      <Execution id="11652e20-f756-422c-aad4-523844fab73d" />
      <TestMethod codeBase="C:\Projekty\NUnitTestProject\bin\Debug\netcoreapp3.1\NUnitTestProject.dll" adapterTypeName="executor://nunit3testexecutor/" className="NUnitTestProject.CurrencyHelperTests" name="FormatToStringTest1000(46166.38051381259d,&quot;46166.38 zł&quot;)" />
    </UnitTest>
    <UnitTest name="FormatToStringTest1000(5978.1197194131655d,&quot;5978.12 zł&quot;)" storage="c:\projekty\nunittestproject\bin\debug\netcoreapp3.1\nunittestproject.dll" id="30b3b577-2061-3db5-edc3-bfd98a1a499f">
      <Execution id="ae8cc460-11b5-4a35-a9d8-18f8f9ecfad4" />
      <TestMethod codeBase="C:\Projekty\NUnitTestProject\bin\Debug\netcoreapp3.1\NUnitTestProject.dll" adapterTypeName="executor://nunit3testexecutor/" className="NUnitTestProject.CurrencyHelperTests" name="FormatToStringTest1000(5978.1197194131655d,&quot;5978.12 zł&quot;)" />
    </UnitTest>
    <UnitTest name="FormatToStringTest1000(66284.43763489948d,&quot;66284.44 zł&quot;)" storage="c:\projekty\nunittestproject\bin\debug\netcoreapp3.1\nunittestproject.dll" id="1d439d51-4271-ce67-e4e0-d0b84f8d1caf">
      <Execution id="0dc538db-2a5e-484c-81be-4ba3d224929e" />
      <TestMethod codeBase="C:\Projekty\NUnitTestProject\bin\Debug\netcoreapp3.1\NUnitTestProject.dll" adapterTypeName="executor://nunit3testexecutor/" className="NUnitTestProject.CurrencyHelperTests" name="FormatToStringTest1000(66284.43763489948d,&quot;66284.44 zł&quot;)" />
    </UnitTest>
    <UnitTest name="FormatToStringTest1000(34062.88803158276d,&quot;34062.89 zł&quot;)" storage="c:\projekty\nunittestproject\bin\debug\netcoreapp3.1\nunittestproject.dll" id="cee29849-c944-ee97-87d2-c62444a8a328">
      <Execution id="c1cd612f-9b15-4e7b-b57c-3416704eae2c" />
      <TestMethod codeBase="C:\Projekty\NUnitTestProject\bin\Debug\netcoreapp3.1\NUnitTestProject.dll" adapterTypeName="executor://nunit3testexecutor/" className="NUnitTestProject.CurrencyHelperTests" name="FormatToStringTest1000(34062.88803158276d,&quot;34062.89 zł&quot;)" />
    </UnitTest>
    <UnitTest name="FormatToStringTest1000(8347.417790138823d,&quot;8347.42 zł&quot;)" storage="c:\projekty\nunittestproject\bin\debug\netcoreapp3.1\nunittestproject.dll" id="f40cda09-c7b2-157d-533a-1e4833860e01">
      <Execution id="1c06cb60-b27f-4d03-b9b9-d7ab021e85ba" />
      <TestMethod codeBase="C:\Projekty\NUnitTestProject\bin\Debug\netcoreapp3.1\NUnitTestProject.dll" adapterTypeName="executor://nunit3testexecutor/" className="NUnitTestProject.CurrencyHelperTests" name="FormatToStringTest1000(8347.417790138823d,&quot;8347.42 zł&quot;)" />
    </UnitTest>
    <UnitTest name="FormatToStringTest1000(19071.681252896637d,&quot;19071.68 zł&quot;)" storage="c:\projekty\nunittestproject\bin\debug\netcoreapp3.1\nunittestproject.dll" id="ec19b07c-d465-faec-475d-a8dee6e4e934">
      <Execution id="d60f65f0-5dc4-4b67-80f8-c05c2aeeaec4" />
      <TestMethod codeBase="C:\Projekty\NUnitTestProject\bin\Debug\netcoreapp3.1\NUnitTestProject.dll" adapterTypeName="executor://nunit3testexecutor/" className="NUnitTestProject.CurrencyHelperTests" name="FormatToStringTest1000(19071.681252896637d,&quot;19071.68 zł&quot;)" />
    </UnitTest>
    <UnitTest name="FormatToStringTest1000(26174.290999793586d,&quot;26174.29 zł&quot;)" storage="c:\projekty\nunittestproject\bin\debug\netcoreapp3.1\nunittestproject.dll" id="b6307f6f-0923-1f5a-926e-f404ac915b20">
      <Execution id="ae6bef68-3a9a-4c69-b064-6eea34fff814" />
      <TestMethod codeBase="C:\Projekty\NUnitTestProject\bin\Debug\netcoreapp3.1\NUnitTestProject.dll" adapterTypeName="executor://nunit3testexecutor/" className="NUnitTestProject.CurrencyHelperTests" name="FormatToStringTest1000(26174.290999793586d,&quot;26174.29 zł&quot;)" />
    </UnitTest>
    <UnitTest name="FormatToStringTest1000(65963.39932440939d,&quot;65963.40 zł&quot;)" storage="c:\projekty\nunittestproject\bin\debug\netcoreapp3.1\nunittestproject.dll" id="c2c1dbbf-76df-e4ac-1f6c-4bf02108e7b1">
      <Execution id="4c5c9fa4-6ab5-4569-91b0-9e2cc6fe9d1d" />
      <TestMethod codeBase="C:\Projekty\NUnitTestProject\bin\Debug\netcoreapp3.1\NUnitTestProject.dll" adapterTypeName="executor://nunit3testexecutor/" className="NUnitTestProject.CurrencyHelperTests" name="FormatToStringTest1000(65963.39932440939d,&quot;65963.40 zł&quot;)" />
    </UnitTest>
    <UnitTest name="FormatToStringTest1000(93775.33090185716d,&quot;93775.33 zł&quot;)" storage="c:\projekty\nunittestproject\bin\debug\netcoreapp3.1\nunittestproject.dll" id="1e6f2372-9d34-e630-93c8-967c7d09f6b9">
      <Execution id="8ed99dd3-2787-40c8-b372-1ae1a23874f7" />
      <TestMethod codeBase="C:\Projekty\NUnitTestProject\bin\Debug\netcoreapp3.1\NUnitTestProject.dll" adapterTypeName="executor://nunit3testexecutor/" className="NUnitTestProject.CurrencyHelperTests" name="FormatToStringTest1000(93775.33090185716d,&quot;93775.33 zł&quot;)" />
    </UnitTest>
    <UnitTest name="FormatToStringTest1000(24528.124092612474d,&quot;24528.12 zł&quot;)" storage="c:\projekty\nunittestproject\bin\debug\netcoreapp3.1\nunittestproject.dll" id="ea15b94d-4a9c-5bee-a95c-770e518c855b">
      <Execution id="cc8c6e99-e981-4c55-ac7c-4133dcd80ea4" />
      <TestMethod codeBase="C:\Projekty\NUnitTestProject\bin\Debug\netcoreapp3.1\NUnitTestProject.dll" adapterTypeName="executor://nunit3testexecutor/" className="NUnitTestProject.CurrencyHelperTests" name="FormatToStringTest1000(24528.124092612474d,&quot;24528.12 zł&quot;)" />
    </UnitTest>
    <UnitTest name="FormatToStringTest1000(30499.08272379734d,&quot;30499.08 zł&quot;)" storage="c:\projekty\nunittestproject\bin\debug\netcoreapp3.1\nunittestproject.dll" id="7b7d00bb-4c5b-d8fb-b3ca-8abd900cc00f">
      <Execution id="dd27268c-2065-4295-a516-3eee5e178d1c" />
      <TestMethod codeBase="C:\Projekty\NUnitTestProject\bin\Debug\netcoreapp3.1\NUnitTestProject.dll" adapterTypeName="executor://nunit3testexecutor/" className="NUnitTestProject.CurrencyHelperTests" name="FormatToStringTest1000(30499.08272379734d,&quot;30499.08 zł&quot;)" />
    </UnitTest>
    <UnitTest name="FormatToStringTest1000(1860.3356292016504d,&quot;1860.34 zł&quot;)" storage="c:\projekty\nunittestproject\bin\debug\netcoreapp3.1\nunittestproject.dll" id="07f796cc-f35b-a2f3-f99a-0213c6c6aa02">
      <Execution id="ea1aade5-33b0-4f78-86a0-1b13305c1deb" />
      <TestMethod codeBase="C:\Projekty\NUnitTestProject\bin\Debug\netcoreapp3.1\NUnitTestProject.dll" adapterTypeName="executor://nunit3testexecutor/" className="NUnitTestProject.CurrencyHelperTests" name="FormatToStringTest1000(1860.3356292016504d,&quot;1860.34 zł&quot;)" />
    </UnitTest>
    <UnitTest name="FormatToStringTest1000(24729.333280806586d,&quot;24729.33 zł&quot;)" storage="c:\projekty\nunittestproject\bin\debug\netcoreapp3.1\nunittestproject.dll" id="419ecc87-d9c8-28c4-00c0-ef118e7ae268">
      <Execution id="2ac44179-4bb2-476f-90e2-1e78455e78ac" />
      <TestMethod codeBase="C:\Projekty\NUnitTestProject\bin\Debug\netcoreapp3.1\NUnitTestProject.dll" adapterTypeName="executor://nunit3testexecutor/" className="NUnitTestProject.CurrencyHelperTests" name="FormatToStringTest1000(24729.333280806586d,&quot;24729.33 zł&quot;)" />
    </UnitTest>
    <UnitTest name="FormatToStringTest1000(51529.79033960206d,&quot;51529.79 zł&quot;)" storage="c:\projekty\nunittestproject\bin\debug\netcoreapp3.1\nunittestproject.dll" id="c39afc72-aad4-5709-e4a1-73293872a305">
      <Execution id="aca2bb89-6764-4993-9b38-bbcc3dc8ba62" />
      <TestMethod codeBase="C:\Projekty\NUnitTestProject\bin\Debug\netcoreapp3.1\NUnitTestProject.dll" adapterTypeName="executor://nunit3testexecutor/" className="NUnitTestProject.CurrencyHelperTests" name="FormatToStringTest1000(51529.79033960206d,&quot;51529.79 zł&quot;)" />
    </UnitTest>
    <UnitTest name="FormatToStringTest1000(64124.274503948756d,&quot;64124.27 zł&quot;)" storage="c:\projekty\nunittestproject\bin\debug\netcoreapp3.1\nunittestproject.dll" id="0667d290-5479-f00f-a7a0-ba550069f4d6">
      <Execution id="4306cd32-cec8-4691-8c6f-494fac4569ee" />
      <TestMethod codeBase="C:\Projekty\NUnitTestProject\bin\Debug\netcoreapp3.1\NUnitTestProject.dll" adapterTypeName="executor://nunit3testexecutor/" className="NUnitTestProject.CurrencyHelperTests" name="FormatToStringTest1000(64124.274503948756d,&quot;64124.27 zł&quot;)" />
    </UnitTest>
    <UnitTest name="FormatToStringTest1000(397.6461894566408d,&quot;397.65 zł&quot;)" storage="c:\projekty\nunittestproject\bin\debug\netcoreapp3.1\nunittestproject.dll" id="decab755-c41c-98a8-9dd2-05d18e8ecb05">
      <Execution id="168afe30-23b9-46aa-8c31-658bf1a51d14" />
      <TestMethod codeBase="C:\Projekty\NUnitTestProject\bin\Debug\netcoreapp3.1\NUnitTestProject.dll" adapterTypeName="executor://nunit3testexecutor/" className="NUnitTestProject.CurrencyHelperTests" name="FormatToStringTest1000(397.6461894566408d,&quot;397.65 zł&quot;)" />
    </UnitTest>
    <UnitTest name="FormatToStringTest1000(36211.11038300866d,&quot;36211.11 zł&quot;)" storage="c:\projekty\nunittestproject\bin\debug\netcoreapp3.1\nunittestproject.dll" id="0be37416-8f8e-24dd-296a-86593af9af2f">
      <Execution id="d3465544-80e0-4960-abc7-f47572a03992" />
      <TestMethod codeBase="C:\Projekty\NUnitTestProject\bin\Debug\netcoreapp3.1\NUnitTestProject.dll" adapterTypeName="executor://nunit3testexecutor/" className="NUnitTestProject.CurrencyHelperTests" name="FormatToStringTest1000(36211.11038300866d,&quot;36211.11 zł&quot;)" />
    </UnitTest>
    <UnitTest name="FormatToStringTest1000(25084.19182667238d,&quot;25084.19 zł&quot;)" storage="c:\projekty\nunittestproject\bin\debug\netcoreapp3.1\nunittestproject.dll" id="086ce182-cb7e-9e8c-a794-52547670ad62">
      <Execution id="eba764e7-543d-4a62-b926-f68ab68f638a" />
      <TestMethod codeBase="C:\Projekty\NUnitTestProject\bin\Debug\netcoreapp3.1\NUnitTestProject.dll" adapterTypeName="executor://nunit3testexecutor/" className="NUnitTestProject.CurrencyHelperTests" name="FormatToStringTest1000(25084.19182667238d,&quot;25084.19 zł&quot;)" />
    </UnitTest>
    <UnitTest name="FormatToStringTest1000(80609.94377465078d,&quot;80609.94 zł&quot;)" storage="c:\projekty\nunittestproject\bin\debug\netcoreapp3.1\nunittestproject.dll" id="41ef5fd9-da1d-a61b-4faa-45b077dd05bc">
      <Execution id="1bdba21f-9303-433e-a020-228e90b028ca" />
      <TestMethod codeBase="C:\Projekty\NUnitTestProject\bin\Debug\netcoreapp3.1\NUnitTestProject.dll" adapterTypeName="executor://nunit3testexecutor/" className="NUnitTestProject.CurrencyHelperTests" name="FormatToStringTest1000(80609.94377465078d,&quot;80609.94 zł&quot;)" />
    </UnitTest>
    <UnitTest name="FormatToStringTest1000(941.429400278921d,&quot;941.43 zł&quot;)" storage="c:\projekty\nunittestproject\bin\debug\netcoreapp3.1\nunittestproject.dll" id="4d634782-9db9-e8af-a18d-f1e4c45e4686">
      <Execution id="16aa1969-95db-4c2d-a71d-95a80ea5509e" />
      <TestMethod codeBase="C:\Projekty\NUnitTestProject\bin\Debug\netcoreapp3.1\NUnitTestProject.dll" adapterTypeName="executor://nunit3testexecutor/" className="NUnitTestProject.CurrencyHelperTests" name="FormatToStringTest1000(941.429400278921d,&quot;941.43 zł&quot;)" />
    </UnitTest>
    <UnitTest name="FormatToStringTest1000(75162.39407669863d,&quot;75162.39 zł&quot;)" storage="c:\projekty\nunittestproject\bin\debug\netcoreapp3.1\nunittestproject.dll" id="8a34d143-fbd5-8061-22f1-4fab44554570">
      <Execution id="20b3fafc-2686-4417-9725-dafe055a9693" />
      <TestMethod codeBase="C:\Projekty\NUnitTestProject\bin\Debug\netcoreapp3.1\NUnitTestProject.dll" adapterTypeName="executor://nunit3testexecutor/" className="NUnitTestProject.CurrencyHelperTests" name="FormatToStringTest1000(75162.39407669863d,&quot;75162.39 zł&quot;)" />
    </UnitTest>
    <UnitTest name="FormatToStringTest1000(16037.01783290087d,&quot;16037.02 zł&quot;)" storage="c:\projekty\nunittestproject\bin\debug\netcoreapp3.1\nunittestproject.dll" id="fa8e579d-d6a8-b37b-9cf1-3c38331f528e">
      <Execution id="67144bc1-91f6-431a-8022-671b6bafd7b4" />
      <TestMethod codeBase="C:\Projekty\NUnitTestProject\bin\Debug\netcoreapp3.1\NUnitTestProject.dll" adapterTypeName="executor://nunit3testexecutor/" className="NUnitTestProject.CurrencyHelperTests" name="FormatToStringTest1000(16037.01783290087d,&quot;16037.02 zł&quot;)" />
    </UnitTest>
    <UnitTest name="FormatToStringTest1000(40545.70748620001d,&quot;40545.71 zł&quot;)" storage="c:\projekty\nunittestproject\bin\debug\netcoreapp3.1\nunittestproject.dll" id="0a65341a-9de3-344f-781f-a38c0f56cbef">
      <Execution id="16e87292-142e-4ab6-a581-c07da249d6d3" />
      <TestMethod codeBase="C:\Projekty\NUnitTestProject\bin\Debug\netcoreapp3.1\NUnitTestProject.dll" adapterTypeName="executor://nunit3testexecutor/" className="NUnitTestProject.CurrencyHelperTests" name="FormatToStringTest1000(40545.70748620001d,&quot;40545.71 zł&quot;)" />
    </UnitTest>
    <UnitTest name="FormatToStringTest1000(4116.417580192638d,&quot;4116.42 zł&quot;)" storage="c:\projekty\nunittestproject\bin\debug\netcoreapp3.1\nunittestproject.dll" id="1eb4d4f7-74ca-78cd-f76d-cc295b6f3916">
      <Execution id="2ea6d5ae-a1a6-441a-ac0c-b85c977b7bf6" />
      <TestMethod codeBase="C:\Projekty\NUnitTestProject\bin\Debug\netcoreapp3.1\NUnitTestProject.dll" adapterTypeName="executor://nunit3testexecutor/" className="NUnitTestProject.CurrencyHelperTests" name="FormatToStringTest1000(4116.417580192638d,&quot;4116.42 zł&quot;)" />
    </UnitTest>
    <UnitTest name="FormatToStringTest1000(134.1514758393874d,&quot;134.15 zł&quot;)" storage="c:\projekty\nunittestproject\bin\debug\netcoreapp3.1\nunittestproject.dll" id="35113593-4524-9172-cef8-1a1f5c1dfb29">
      <Execution id="e4a76f7c-a3bf-4994-aba4-950f418f284f" />
      <TestMethod codeBase="C:\Projekty\NUnitTestProject\bin\Debug\netcoreapp3.1\NUnitTestProject.dll" adapterTypeName="executor://nunit3testexecutor/" className="NUnitTestProject.CurrencyHelperTests" name="FormatToStringTest1000(134.1514758393874d,&quot;134.15 zł&quot;)" />
    </UnitTest>
    <UnitTest name="FormatToStringTest1000(28072.424637532058d,&quot;28072.42 zł&quot;)" storage="c:\projekty\nunittestproject\bin\debug\netcoreapp3.1\nunittestproject.dll" id="7b53b99d-252e-844e-10ce-3552b8f6980f">
      <Execution id="ad6dcf5b-adb0-4e0a-9acf-13ae8ef84acb" />
      <TestMethod codeBase="C:\Projekty\NUnitTestProject\bin\Debug\netcoreapp3.1\NUnitTestProject.dll" adapterTypeName="executor://nunit3testexecutor/" className="NUnitTestProject.CurrencyHelperTests" name="FormatToStringTest1000(28072.424637532058d,&quot;28072.42 zł&quot;)" />
    </UnitTest>
    <UnitTest name="FormatToStringTest1000(1011.9989482094529d,&quot;1012.00 zł&quot;)" storage="c:\projekty\nunittestproject\bin\debug\netcoreapp3.1\nunittestproject.dll" id="a99bf545-84e2-fafd-ee3f-5153803c3541">
      <Execution id="ad397ce8-d34e-4a20-acdb-b892075ccbe6" />
      <TestMethod codeBase="C:\Projekty\NUnitTestProject\bin\Debug\netcoreapp3.1\NUnitTestProject.dll" adapterTypeName="executor://nunit3testexecutor/" className="NUnitTestProject.CurrencyHelperTests" name="FormatToStringTest1000(1011.9989482094529d,&quot;1012.00 zł&quot;)" />
    </UnitTest>
    <UnitTest name="FormatToStringTest1000(5628.028273674672d,&quot;5628.03 zł&quot;)" storage="c:\projekty\nunittestproject\bin\debug\netcoreapp3.1\nunittestproject.dll" id="862cc562-9bfe-8861-cf4e-b4582450cbaa">
      <Execution id="041bea78-aca1-4f87-a3ea-03e1ac22a2a4" />
      <TestMethod codeBase="C:\Projekty\NUnitTestProject\bin\Debug\netcoreapp3.1\NUnitTestProject.dll" adapterTypeName="executor://nunit3testexecutor/" className="NUnitTestProject.CurrencyHelperTests" name="FormatToStringTest1000(5628.028273674672d,&quot;5628.03 zł&quot;)" />
    </UnitTest>
    <UnitTest name="FormatToStringTest1000(88489.14069749469d,&quot;88489.14 zł&quot;)" storage="c:\projekty\nunittestproject\bin\debug\netcoreapp3.1\nunittestproject.dll" id="3f6f5d68-0845-7e29-25ea-1750d0b3ad97">
      <Execution id="58fde637-ab7d-46a6-8f50-a94bf953d68c" />
      <TestMethod codeBase="C:\Projekty\NUnitTestProject\bin\Debug\netcoreapp3.1\NUnitTestProject.dll" adapterTypeName="executor://nunit3testexecutor/" className="NUnitTestProject.CurrencyHelperTests" name="FormatToStringTest1000(88489.14069749469d,&quot;88489.14 zł&quot;)" />
    </UnitTest>
    <UnitTest name="FormatToStringTest1000(2718.1767171650085d,&quot;2718.18 zł&quot;)" storage="c:\projekty\nunittestproject\bin\debug\netcoreapp3.1\nunittestproject.dll" id="d010d6f6-5302-e7a6-bd9d-f255dac3cdb8">
      <Execution id="8eb396e5-50fb-4912-b6e5-ef471d2b2ab9" />
      <TestMethod codeBase="C:\Projekty\NUnitTestProject\bin\Debug\netcoreapp3.1\NUnitTestProject.dll" adapterTypeName="executor://nunit3testexecutor/" className="NUnitTestProject.CurrencyHelperTests" name="FormatToStringTest1000(2718.1767171650085d,&quot;2718.18 zł&quot;)" />
    </UnitTest>
    <UnitTest name="FormatToStringTest1000(14480.387652530982d,&quot;14480.39 zł&quot;)" storage="c:\projekty\nunittestproject\bin\debug\netcoreapp3.1\nunittestproject.dll" id="fc250b23-71a0-c4eb-52eb-8cd889ac9f85">
      <Execution id="b8f7a7a8-bf63-41d3-87a4-89db0d4110dc" />
      <TestMethod codeBase="C:\Projekty\NUnitTestProject\bin\Debug\netcoreapp3.1\NUnitTestProject.dll" adapterTypeName="executor://nunit3testexecutor/" className="NUnitTestProject.CurrencyHelperTests" name="FormatToStringTest1000(14480.387652530982d,&quot;14480.39 zł&quot;)" />
    </UnitTest>
    <UnitTest name="FormatToStringTest1000(32566.30279101259d,&quot;32566.30 zł&quot;)" storage="c:\projekty\nunittestproject\bin\debug\netcoreapp3.1\nunittestproject.dll" id="71b5ba87-68b9-157d-6948-87a1827119b3">
      <Execution id="eedd71e3-edf0-4406-8fec-92af2a4e38db" />
      <TestMethod codeBase="C:\Projekty\NUnitTestProject\bin\Debug\netcoreapp3.1\NUnitTestProject.dll" adapterTypeName="executor://nunit3testexecutor/" className="NUnitTestProject.CurrencyHelperTests" name="FormatToStringTest1000(32566.30279101259d,&quot;32566.30 zł&quot;)" />
    </UnitTest>
    <UnitTest name="FormatToStringTest1000(18627.604896394354d,&quot;18627.60 zł&quot;)" storage="c:\projekty\nunittestproject\bin\debug\netcoreapp3.1\nunittestproject.dll" id="43c3749f-0376-2035-bd94-4df92053dab3">
      <Execution id="e97690d5-e3cf-4769-a040-45479f21a4c9" />
      <TestMethod codeBase="C:\Projekty\NUnitTestProject\bin\Debug\netcoreapp3.1\NUnitTestProject.dll" adapterTypeName="executor://nunit3testexecutor/" className="NUnitTestProject.CurrencyHelperTests" name="FormatToStringTest1000(18627.604896394354d,&quot;18627.60 zł&quot;)" />
    </UnitTest>
    <UnitTest name="FormatToStringTest1000(24137.016609529506d,&quot;24137.02 zł&quot;)" storage="c:\projekty\nunittestproject\bin\debug\netcoreapp3.1\nunittestproject.dll" id="35de634f-b340-f79b-b6a0-46426bd56e47">
      <Execution id="f5b161a5-fdce-42f7-90fa-2cbb12ef3c71" />
      <TestMethod codeBase="C:\Projekty\NUnitTestProject\bin\Debug\netcoreapp3.1\NUnitTestProject.dll" adapterTypeName="executor://nunit3testexecutor/" className="NUnitTestProject.CurrencyHelperTests" name="FormatToStringTest1000(24137.016609529506d,&quot;24137.02 zł&quot;)" />
    </UnitTest>
    <UnitTest name="FormatToStringTest1000(46790.41011887715d,&quot;46790.41 zł&quot;)" storage="c:\projekty\nunittestproject\bin\debug\netcoreapp3.1\nunittestproject.dll" id="0d37f434-250b-5238-45a8-c128f2ef42ef">
      <Execution id="b81e245b-0b40-4dfd-96aa-f9da3ec2c462" />
      <TestMethod codeBase="C:\Projekty\NUnitTestProject\bin\Debug\netcoreapp3.1\NUnitTestProject.dll" adapterTypeName="executor://nunit3testexecutor/" className="NUnitTestProject.CurrencyHelperTests" name="FormatToStringTest1000(46790.41011887715d,&quot;46790.41 zł&quot;)" />
    </UnitTest>
    <UnitTest name="FormatToStringTest1000(56378.261944644735d,&quot;56378.26 zł&quot;)" storage="c:\projekty\nunittestproject\bin\debug\netcoreapp3.1\nunittestproject.dll" id="3e4e2f06-1967-c539-7ba8-6e0f44663842">
      <Execution id="e8bb9895-97f9-4d1b-bb90-b06334d7392d" />
      <TestMethod codeBase="C:\Projekty\NUnitTestProject\bin\Debug\netcoreapp3.1\NUnitTestProject.dll" adapterTypeName="executor://nunit3testexecutor/" className="NUnitTestProject.CurrencyHelperTests" name="FormatToStringTest1000(56378.261944644735d,&quot;56378.26 zł&quot;)" />
    </UnitTest>
    <UnitTest name="FormatToStringTest1000(12118.31777677048d,&quot;12118.32 zł&quot;)" storage="c:\projekty\nunittestproject\bin\debug\netcoreapp3.1\nunittestproject.dll" id="44562592-e269-1796-e138-85487f7a2be9">
      <Execution id="9e88da19-154e-4259-b491-4c9f70957077" />
      <TestMethod codeBase="C:\Projekty\NUnitTestProject\bin\Debug\netcoreapp3.1\NUnitTestProject.dll" adapterTypeName="executor://nunit3testexecutor/" className="NUnitTestProject.CurrencyHelperTests" name="FormatToStringTest1000(12118.31777677048d,&quot;12118.32 zł&quot;)" />
    </UnitTest>
    <UnitTest name="FormatToStringTest1000(20527.270339210645d,&quot;20527.27 zł&quot;)" storage="c:\projekty\nunittestproject\bin\debug\netcoreapp3.1\nunittestproject.dll" id="5ad0e86b-2487-b287-bce1-03b910ce35db">
      <Execution id="b2a29e44-10e8-41da-8a9e-d013a10a4edb" />
      <TestMethod codeBase="C:\Projekty\NUnitTestProject\bin\Debug\netcoreapp3.1\NUnitTestProject.dll" adapterTypeName="executor://nunit3testexecutor/" className="NUnitTestProject.CurrencyHelperTests" name="FormatToStringTest1000(20527.270339210645d,&quot;20527.27 zł&quot;)" />
    </UnitTest>
    <UnitTest name="FormatToStringTest1000(11958.422287871792d,&quot;11958.42 zł&quot;)" storage="c:\projekty\nunittestproject\bin\debug\netcoreapp3.1\nunittestproject.dll" id="a6927394-4cdf-6861-5383-48d3191f12fe">
      <Execution id="03855939-f3cc-44fe-999e-60f0f2d7322b" />
      <TestMethod codeBase="C:\Projekty\NUnitTestProject\bin\Debug\netcoreapp3.1\NUnitTestProject.dll" adapterTypeName="executor://nunit3testexecutor/" className="NUnitTestProject.CurrencyHelperTests" name="FormatToStringTest1000(11958.422287871792d,&quot;11958.42 zł&quot;)" />
    </UnitTest>
    <UnitTest name="FormatToStringTest1000(33245.44763357819d,&quot;33245.45 zł&quot;)" storage="c:\projekty\nunittestproject\bin\debug\netcoreapp3.1\nunittestproject.dll" id="1658bad2-8c99-0b77-1530-2e9ba32823bd">
      <Execution id="7a564ede-2964-4b66-b8eb-b1eaa80e2e4a" />
      <TestMethod codeBase="C:\Projekty\NUnitTestProject\bin\Debug\netcoreapp3.1\NUnitTestProject.dll" adapterTypeName="executor://nunit3testexecutor/" className="NUnitTestProject.CurrencyHelperTests" name="FormatToStringTest1000(33245.44763357819d,&quot;33245.45 zł&quot;)" />
    </UnitTest>
    <UnitTest name="FormatToStringTest1000(22281.48592587257d,&quot;22281.49 zł&quot;)" storage="c:\projekty\nunittestproject\bin\debug\netcoreapp3.1\nunittestproject.dll" id="4b66c56d-0547-dbc0-4364-ccf548a1bb40">
      <Execution id="b6e70fd8-5d56-40ff-8083-c4dd77f6cae0" />
      <TestMethod codeBase="C:\Projekty\NUnitTestProject\bin\Debug\netcoreapp3.1\NUnitTestProject.dll" adapterTypeName="executor://nunit3testexecutor/" className="NUnitTestProject.CurrencyHelperTests" name="FormatToStringTest1000(22281.48592587257d,&quot;22281.49 zł&quot;)" />
    </UnitTest>
    <UnitTest name="FormatToStringTest1000(70432.00656616595d,&quot;70432.01 zł&quot;)" storage="c:\projekty\nunittestproject\bin\debug\netcoreapp3.1\nunittestproject.dll" id="e616a89e-e9f6-0465-592f-c052811c9fe2">
      <Execution id="8803e53c-32c0-4e22-be79-701f9dfff699" />
      <TestMethod codeBase="C:\Projekty\NUnitTestProject\bin\Debug\netcoreapp3.1\NUnitTestProject.dll" adapterTypeName="executor://nunit3testexecutor/" className="NUnitTestProject.CurrencyHelperTests" name="FormatToStringTest1000(70432.00656616595d,&quot;70432.01 zł&quot;)" />
    </UnitTest>
    <UnitTest name="FormatToStringTest1000(11181.228339251702d,&quot;11181.23 zł&quot;)" storage="c:\projekty\nunittestproject\bin\debug\netcoreapp3.1\nunittestproject.dll" id="71b16f9b-dbb0-7a23-533d-802c9512270b">
      <Execution id="07a9ed0b-d03d-4c5c-a45e-6b115859990e" />
      <TestMethod codeBase="C:\Projekty\NUnitTestProject\bin\Debug\netcoreapp3.1\NUnitTestProject.dll" adapterTypeName="executor://nunit3testexecutor/" className="NUnitTestProject.CurrencyHelperTests" name="FormatToStringTest1000(11181.228339251702d,&quot;11181.23 zł&quot;)" />
    </UnitTest>
    <UnitTest name="FormatToStringTest1000(9079.930405251649d,&quot;9079.93 zł&quot;)" storage="c:\projekty\nunittestproject\bin\debug\netcoreapp3.1\nunittestproject.dll" id="a92ca949-d664-bb06-21ee-ed111f1dab55">
      <Execution id="d8654b86-7098-40ac-8166-2a43fb247475" />
      <TestMethod codeBase="C:\Projekty\NUnitTestProject\bin\Debug\netcoreapp3.1\NUnitTestProject.dll" adapterTypeName="executor://nunit3testexecutor/" className="NUnitTestProject.CurrencyHelperTests" name="FormatToStringTest1000(9079.930405251649d,&quot;9079.93 zł&quot;)" />
    </UnitTest>
    <UnitTest name="FormatToStringTest1000(7891.960478953067d,&quot;7891.96 zł&quot;)" storage="c:\projekty\nunittestproject\bin\debug\netcoreapp3.1\nunittestproject.dll" id="a3e3ac67-b44c-d535-60e6-335f6ba0310c">
      <Execution id="0a6fd52d-4b05-4734-8929-c6c96b8dac80" />
      <TestMethod codeBase="C:\Projekty\NUnitTestProject\bin\Debug\netcoreapp3.1\NUnitTestProject.dll" adapterTypeName="executor://nunit3testexecutor/" className="NUnitTestProject.CurrencyHelperTests" name="FormatToStringTest1000(7891.960478953067d,&quot;7891.96 zł&quot;)" />
    </UnitTest>
    <UnitTest name="FormatToStringTest1000(28861.97337596769d,&quot;28861.97 zł&quot;)" storage="c:\projekty\nunittestproject\bin\debug\netcoreapp3.1\nunittestproject.dll" id="e238789f-1332-cb64-de78-1a020fa88304">
      <Execution id="a1a84dea-aa54-4fb3-9d09-f603794a8f31" />
      <TestMethod codeBase="C:\Projekty\NUnitTestProject\bin\Debug\netcoreapp3.1\NUnitTestProject.dll" adapterTypeName="executor://nunit3testexecutor/" className="NUnitTestProject.CurrencyHelperTests" name="FormatToStringTest1000(28861.97337596769d,&quot;28861.97 zł&quot;)" />
    </UnitTest>
    <UnitTest name="FormatToStringTest1000(6173.0243155793405d,&quot;6173.02 zł&quot;)" storage="c:\projekty\nunittestproject\bin\debug\netcoreapp3.1\nunittestproject.dll" id="d377bd87-4eea-3f7f-c041-91df35d9ea10">
      <Execution id="ccb0660a-bb21-4531-b20a-c4d48c0bf45d" />
      <TestMethod codeBase="C:\Projekty\NUnitTestProject\bin\Debug\netcoreapp3.1\NUnitTestProject.dll" adapterTypeName="executor://nunit3testexecutor/" className="NUnitTestProject.CurrencyHelperTests" name="FormatToStringTest1000(6173.0243155793405d,&quot;6173.02 zł&quot;)" />
    </UnitTest>
    <UnitTest name="FormatToStringTest1000(24646.322657574587d,&quot;24646.32 zł&quot;)" storage="c:\projekty\nunittestproject\bin\debug\netcoreapp3.1\nunittestproject.dll" id="c32a55d2-5cd9-4241-ed27-6ec6eee4b3b0">
      <Execution id="a298d333-1108-460c-8c9a-0e68d70349cb" />
      <TestMethod codeBase="C:\Projekty\NUnitTestProject\bin\Debug\netcoreapp3.1\NUnitTestProject.dll" adapterTypeName="executor://nunit3testexecutor/" className="NUnitTestProject.CurrencyHelperTests" name="FormatToStringTest1000(24646.322657574587d,&quot;24646.32 zł&quot;)" />
    </UnitTest>
    <UnitTest name="FormatToStringTest1000(14459.57059750686d,&quot;14459.57 zł&quot;)" storage="c:\projekty\nunittestproject\bin\debug\netcoreapp3.1\nunittestproject.dll" id="6a02a9a9-45fc-e93c-144a-ec579f6fd7df">
      <Execution id="72c4a34e-57ed-4e8f-85fd-e63cecb163a0" />
      <TestMethod codeBase="C:\Projekty\NUnitTestProject\bin\Debug\netcoreapp3.1\NUnitTestProject.dll" adapterTypeName="executor://nunit3testexecutor/" className="NUnitTestProject.CurrencyHelperTests" name="FormatToStringTest1000(14459.57059750686d,&quot;14459.57 zł&quot;)" />
    </UnitTest>
    <UnitTest name="FormatToStringTest1000(15907.394871033446d,&quot;15907.39 zł&quot;)" storage="c:\projekty\nunittestproject\bin\debug\netcoreapp3.1\nunittestproject.dll" id="c08489ce-87ea-9273-1e82-87dd20c6c729">
      <Execution id="df92282c-b079-4031-ab4a-f5103733a803" />
      <TestMethod codeBase="C:\Projekty\NUnitTestProject\bin\Debug\netcoreapp3.1\NUnitTestProject.dll" adapterTypeName="executor://nunit3testexecutor/" className="NUnitTestProject.CurrencyHelperTests" name="FormatToStringTest1000(15907.394871033446d,&quot;15907.39 zł&quot;)" />
    </UnitTest>
    <UnitTest name="FormatToStringTest1000(19463.08761954917d,&quot;19463.09 zł&quot;)" storage="c:\projekty\nunittestproject\bin\debug\netcoreapp3.1\nunittestproject.dll" id="7be4f16e-73d9-91a8-2b92-68f269673cb9">
      <Execution id="efad6580-7f23-4f2e-bc2a-6497f0026d0e" />
      <TestMethod codeBase="C:\Projekty\NUnitTestProject\bin\Debug\netcoreapp3.1\NUnitTestProject.dll" adapterTypeName="executor://nunit3testexecutor/" className="NUnitTestProject.CurrencyHelperTests" name="FormatToStringTest1000(19463.08761954917d,&quot;19463.09 zł&quot;)" />
    </UnitTest>
    <UnitTest name="FormatToStringTest1000(67109.22110940759d,&quot;67109.22 zł&quot;)" storage="c:\projekty\nunittestproject\bin\debug\netcoreapp3.1\nunittestproject.dll" id="90ee7706-be86-d0d9-20c4-74ab6a1f60b7">
      <Execution id="b262b55d-60c8-474d-ba10-b16b1b5ea7d8" />
      <TestMethod codeBase="C:\Projekty\NUnitTestProject\bin\Debug\netcoreapp3.1\NUnitTestProject.dll" adapterTypeName="executor://nunit3testexecutor/" className="NUnitTestProject.CurrencyHelperTests" name="FormatToStringTest1000(67109.22110940759d,&quot;67109.22 zł&quot;)" />
    </UnitTest>
    <UnitTest name="FormatToStringTest1000(16902.50568789314d,&quot;16902.51 zł&quot;)" storage="c:\projekty\nunittestproject\bin\debug\netcoreapp3.1\nunittestproject.dll" id="c2593dce-156b-2236-a515-633fd14dda79">
      <Execution id="9d59441b-5f89-4294-991a-13819da02a52" />
      <TestMethod codeBase="C:\Projekty\NUnitTestProject\bin\Debug\netcoreapp3.1\NUnitTestProject.dll" adapterTypeName="executor://nunit3testexecutor/" className="NUnitTestProject.CurrencyHelperTests" name="FormatToStringTest1000(16902.50568789314d,&quot;16902.51 zł&quot;)" />
    </UnitTest>
    <UnitTest name="FormatToStringTest1000(22799.991836491965d,&quot;22799.99 zł&quot;)" storage="c:\projekty\nunittestproject\bin\debug\netcoreapp3.1\nunittestproject.dll" id="c19bcdf9-7163-0762-fc75-0cd4559b2da8">
      <Execution id="0b68cf79-5c16-4fc8-be8e-8bc46cd13c85" />
      <TestMethod codeBase="C:\Projekty\NUnitTestProject\bin\Debug\netcoreapp3.1\NUnitTestProject.dll" adapterTypeName="executor://nunit3testexecutor/" className="NUnitTestProject.CurrencyHelperTests" name="FormatToStringTest1000(22799.991836491965d,&quot;22799.99 zł&quot;)" />
    </UnitTest>
    <UnitTest name="FormatToStringTest1000(11.555284778846096d,&quot;11.56 zł&quot;)" storage="c:\projekty\nunittestproject\bin\debug\netcoreapp3.1\nunittestproject.dll" id="7904b819-04ff-ce91-7814-899d505d8f94">
      <Execution id="88354765-68be-4e8c-a79c-a6cc1f7c9231" />
      <TestMethod codeBase="C:\Projekty\NUnitTestProject\bin\Debug\netcoreapp3.1\NUnitTestProject.dll" adapterTypeName="executor://nunit3testexecutor/" className="NUnitTestProject.CurrencyHelperTests" name="FormatToStringTest1000(11.555284778846096d,&quot;11.56 zł&quot;)" />
    </UnitTest>
    <UnitTest name="FormatToStringTest1000(29917.15005391145d,&quot;29917.15 zł&quot;)" storage="c:\projekty\nunittestproject\bin\debug\netcoreapp3.1\nunittestproject.dll" id="628515ca-7a61-a487-4f7e-7b39d713c401">
      <Execution id="6907ac20-1947-4db6-ac89-6132df814030" />
      <TestMethod codeBase="C:\Projekty\NUnitTestProject\bin\Debug\netcoreapp3.1\NUnitTestProject.dll" adapterTypeName="executor://nunit3testexecutor/" className="NUnitTestProject.CurrencyHelperTests" name="FormatToStringTest1000(29917.15005391145d,&quot;29917.15 zł&quot;)" />
    </UnitTest>
    <UnitTest name="FormatToStringTest1000(10527.083945901639d,&quot;10527.08 zł&quot;)" storage="c:\projekty\nunittestproject\bin\debug\netcoreapp3.1\nunittestproject.dll" id="9aef4d88-299a-c26b-3a27-57af3cba67d3">
      <Execution id="13810ec7-9ad4-46cf-b225-4a5ffeeacb8c" />
      <TestMethod codeBase="C:\Projekty\NUnitTestProject\bin\Debug\netcoreapp3.1\NUnitTestProject.dll" adapterTypeName="executor://nunit3testexecutor/" className="NUnitTestProject.CurrencyHelperTests" name="FormatToStringTest1000(10527.083945901639d,&quot;10527.08 zł&quot;)" />
    </UnitTest>
    <UnitTest name="FormatToStringTest1000(8514.837538072763d,&quot;8514.84 zł&quot;)" storage="c:\projekty\nunittestproject\bin\debug\netcoreapp3.1\nunittestproject.dll" id="13d2b3bb-af6c-2786-7b3d-1db93b9fedf2">
      <Execution id="233f8043-2f0e-4164-b275-c75311ff292b" />
      <TestMethod codeBase="C:\Projekty\NUnitTestProject\bin\Debug\netcoreapp3.1\NUnitTestProject.dll" adapterTypeName="executor://nunit3testexecutor/" className="NUnitTestProject.CurrencyHelperTests" name="FormatToStringTest1000(8514.837538072763d,&quot;8514.84 zł&quot;)" />
    </UnitTest>
    <UnitTest name="FormatToStringTest1000(6145.531235831571d,&quot;6145.53 zł&quot;)" storage="c:\projekty\nunittestproject\bin\debug\netcoreapp3.1\nunittestproject.dll" id="28a678d1-0284-2779-ed67-e16002278e6b">
      <Execution id="6f2f47ab-55cd-4774-b137-6760eb30d067" />
      <TestMethod codeBase="C:\Projekty\NUnitTestProject\bin\Debug\netcoreapp3.1\NUnitTestProject.dll" adapterTypeName="executor://nunit3testexecutor/" className="NUnitTestProject.CurrencyHelperTests" name="FormatToStringTest1000(6145.531235831571d,&quot;6145.53 zł&quot;)" />
    </UnitTest>
    <UnitTest name="FormatToStringTest1000(26133.133789601336d,&quot;26133.13 zł&quot;)" storage="c:\projekty\nunittestproject\bin\debug\netcoreapp3.1\nunittestproject.dll" id="01cb383a-3e5a-acd0-bce9-5df29c661a7c">
      <Execution id="e5dc41ee-61ec-472a-8ecf-5c9667b83a56" />
      <TestMethod codeBase="C:\Projekty\NUnitTestProject\bin\Debug\netcoreapp3.1\NUnitTestProject.dll" adapterTypeName="executor://nunit3testexecutor/" className="NUnitTestProject.CurrencyHelperTests" name="FormatToStringTest1000(26133.133789601336d,&quot;26133.13 zł&quot;)" />
    </UnitTest>
    <UnitTest name="FormatToStringTest1000(57525.72988993569d,&quot;57525.73 zł&quot;)" storage="c:\projekty\nunittestproject\bin\debug\netcoreapp3.1\nunittestproject.dll" id="3d581e6e-ac62-d984-1637-f1fef62a5597">
      <Execution id="ba64a24f-52ae-4e7e-9cf3-dc649afa4eda" />
      <TestMethod codeBase="C:\Projekty\NUnitTestProject\bin\Debug\netcoreapp3.1\NUnitTestProject.dll" adapterTypeName="executor://nunit3testexecutor/" className="NUnitTestProject.CurrencyHelperTests" name="FormatToStringTest1000(57525.72988993569d,&quot;57525.73 zł&quot;)" />
    </UnitTest>
    <UnitTest name="FormatToStringTest1000(23120.169499649743d,&quot;23120.17 zł&quot;)" storage="c:\projekty\nunittestproject\bin\debug\netcoreapp3.1\nunittestproject.dll" id="4d74b8de-5123-86ec-ab4f-2d4ce6434a23">
      <Execution id="0c5f4c9c-5214-40a7-97e4-0d2b0a6cf320" />
      <TestMethod codeBase="C:\Projekty\NUnitTestProject\bin\Debug\netcoreapp3.1\NUnitTestProject.dll" adapterTypeName="executor://nunit3testexecutor/" className="NUnitTestProject.CurrencyHelperTests" name="FormatToStringTest1000(23120.169499649743d,&quot;23120.17 zł&quot;)" />
    </UnitTest>
    <UnitTest name="FormatToStringTest1000(1474.699818629166d,&quot;1474.70 zł&quot;)" storage="c:\projekty\nunittestproject\bin\debug\netcoreapp3.1\nunittestproject.dll" id="a4acc92f-0c67-48bb-4524-7ef3c007ffb4">
      <Execution id="a34a3b02-d6fe-4e0e-988c-8758d2629790" />
      <TestMethod codeBase="C:\Projekty\NUnitTestProject\bin\Debug\netcoreapp3.1\NUnitTestProject.dll" adapterTypeName="executor://nunit3testexecutor/" className="NUnitTestProject.CurrencyHelperTests" name="FormatToStringTest1000(1474.699818629166d,&quot;1474.70 zł&quot;)" />
    </UnitTest>
    <UnitTest name="FormatToStringTest1000(90187.4082624374d,&quot;90187.41 zł&quot;)" storage="c:\projekty\nunittestproject\bin\debug\netcoreapp3.1\nunittestproject.dll" id="25c75db4-22d0-52b7-8169-fe8bfa7112f2">
      <Execution id="8bcda0ff-a1c0-4efe-8abd-5f5d6324252e" />
      <TestMethod codeBase="C:\Projekty\NUnitTestProject\bin\Debug\netcoreapp3.1\NUnitTestProject.dll" adapterTypeName="executor://nunit3testexecutor/" className="NUnitTestProject.CurrencyHelperTests" name="FormatToStringTest1000(90187.4082624374d,&quot;90187.41 zł&quot;)" />
    </UnitTest>
    <UnitTest name="FormatToStringTest1000(30722.846572104303d,&quot;30722.85 zł&quot;)" storage="c:\projekty\nunittestproject\bin\debug\netcoreapp3.1\nunittestproject.dll" id="c994fcbd-cf70-f011-3e5f-4e6d74bb71af">
      <Execution id="9dc40ffc-7022-4b01-b147-c804de53ede8" />
      <TestMethod codeBase="C:\Projekty\NUnitTestProject\bin\Debug\netcoreapp3.1\NUnitTestProject.dll" adapterTypeName="executor://nunit3testexecutor/" className="NUnitTestProject.CurrencyHelperTests" name="FormatToStringTest1000(30722.846572104303d,&quot;30722.85 zł&quot;)" />
    </UnitTest>
    <UnitTest name="FormatToStringTest1000(17031.365705376662d,&quot;17031.37 zł&quot;)" storage="c:\projekty\nunittestproject\bin\debug\netcoreapp3.1\nunittestproject.dll" id="0978a2bb-d483-0479-bb70-260f687971c0">
      <Execution id="3fa575f2-8d8c-4c8a-8fba-facfa6a7a4eb" />
      <TestMethod codeBase="C:\Projekty\NUnitTestProject\bin\Debug\netcoreapp3.1\NUnitTestProject.dll" adapterTypeName="executor://nunit3testexecutor/" className="NUnitTestProject.CurrencyHelperTests" name="FormatToStringTest1000(17031.365705376662d,&quot;17031.37 zł&quot;)" />
    </UnitTest>
    <UnitTest name="FormatToStringTest1000(89093.57120939044d,&quot;89093.57 zł&quot;)" storage="c:\projekty\nunittestproject\bin\debug\netcoreapp3.1\nunittestproject.dll" id="5e7725a9-9983-9545-b4e7-12fe284e2a95">
      <Execution id="8dca8d72-eb90-4b90-8577-5be33a535f89" />
      <TestMethod codeBase="C:\Projekty\NUnitTestProject\bin\Debug\netcoreapp3.1\NUnitTestProject.dll" adapterTypeName="executor://nunit3testexecutor/" className="NUnitTestProject.CurrencyHelperTests" name="FormatToStringTest1000(89093.57120939044d,&quot;89093.57 zł&quot;)" />
    </UnitTest>
    <UnitTest name="FormatToStringTest1000(5108.217389855635d,&quot;5108.22 zł&quot;)" storage="c:\projekty\nunittestproject\bin\debug\netcoreapp3.1\nunittestproject.dll" id="1440a184-8a0a-3d08-19bf-ac2d32351c96">
      <Execution id="15137605-1930-4a5b-b1a6-e2f47f024aca" />
      <TestMethod codeBase="C:\Projekty\NUnitTestProject\bin\Debug\netcoreapp3.1\NUnitTestProject.dll" adapterTypeName="executor://nunit3testexecutor/" className="NUnitTestProject.CurrencyHelperTests" name="FormatToStringTest1000(5108.217389855635d,&quot;5108.22 zł&quot;)" />
    </UnitTest>
    <UnitTest name="FormatToStringTest1000(24566.50251371856d,&quot;24566.50 zł&quot;)" storage="c:\projekty\nunittestproject\bin\debug\netcoreapp3.1\nunittestproject.dll" id="b4887e38-5397-4610-6733-1d86030ec9ea">
      <Execution id="7bc37ed4-88a5-4160-9fab-6e10c3d96c7a" />
      <TestMethod codeBase="C:\Projekty\NUnitTestProject\bin\Debug\netcoreapp3.1\NUnitTestProject.dll" adapterTypeName="executor://nunit3testexecutor/" className="NUnitTestProject.CurrencyHelperTests" name="FormatToStringTest1000(24566.50251371856d,&quot;24566.50 zł&quot;)" />
    </UnitTest>
    <UnitTest name="FormatToStringTest1000(806.960597043373d,&quot;806.96 zł&quot;)" storage="c:\projekty\nunittestproject\bin\debug\netcoreapp3.1\nunittestproject.dll" id="25e8173f-164f-a6d3-7781-f064566ee4cd">
      <Execution id="e4f5df39-7137-4efa-b50f-3775bb2fc45c" />
      <TestMethod codeBase="C:\Projekty\NUnitTestProject\bin\Debug\netcoreapp3.1\NUnitTestProject.dll" adapterTypeName="executor://nunit3testexecutor/" className="NUnitTestProject.CurrencyHelperTests" name="FormatToStringTest1000(806.960597043373d,&quot;806.96 zł&quot;)" />
    </UnitTest>
    <UnitTest name="FormatToStringTest1000(58191.92113629585d,&quot;58191.92 zł&quot;)" storage="c:\projekty\nunittestproject\bin\debug\netcoreapp3.1\nunittestproject.dll" id="95bbb276-fcbd-d5d6-e9a9-e6e9fe02935a">
      <Execution id="6f6c21a6-192a-4c78-bb2b-e39c85f92e4e" />
      <TestMethod codeBase="C:\Projekty\NUnitTestProject\bin\Debug\netcoreapp3.1\NUnitTestProject.dll" adapterTypeName="executor://nunit3testexecutor/" className="NUnitTestProject.CurrencyHelperTests" name="FormatToStringTest1000(58191.92113629585d,&quot;58191.92 zł&quot;)" />
    </UnitTest>
    <UnitTest name="FormatToStringTest1000(58111.21259843521d,&quot;58111.21 zł&quot;)" storage="c:\projekty\nunittestproject\bin\debug\netcoreapp3.1\nunittestproject.dll" id="b3d20388-ddfe-493d-dfad-f423fc621b48">
      <Execution id="f94e1352-58e0-4889-9bad-33856fb38c4e" />
      <TestMethod codeBase="C:\Projekty\NUnitTestProject\bin\Debug\netcoreapp3.1\NUnitTestProject.dll" adapterTypeName="executor://nunit3testexecutor/" className="NUnitTestProject.CurrencyHelperTests" name="FormatToStringTest1000(58111.21259843521d,&quot;58111.21 zł&quot;)" />
    </UnitTest>
    <UnitTest name="FormatToStringTest1000(14100.01255469211d,&quot;14100.01 zł&quot;)" storage="c:\projekty\nunittestproject\bin\debug\netcoreapp3.1\nunittestproject.dll" id="ccf96e16-5dc0-3f30-2892-511f78cf3dfc">
      <Execution id="074f1e6e-8dec-4fae-9f6a-07a31001ab52" />
      <TestMethod codeBase="C:\Projekty\NUnitTestProject\bin\Debug\netcoreapp3.1\NUnitTestProject.dll" adapterTypeName="executor://nunit3testexecutor/" className="NUnitTestProject.CurrencyHelperTests" name="FormatToStringTest1000(14100.01255469211d,&quot;14100.01 zł&quot;)" />
    </UnitTest>
    <UnitTest name="FormatToStringTest1000(10511.7304983189d,&quot;10511.73 zł&quot;)" storage="c:\projekty\nunittestproject\bin\debug\netcoreapp3.1\nunittestproject.dll" id="00c173aa-365e-0279-47ce-e69aab924076">
      <Execution id="6ad7ad58-0b52-4488-b72f-14a012755b57" />
      <TestMethod codeBase="C:\Projekty\NUnitTestProject\bin\Debug\netcoreapp3.1\NUnitTestProject.dll" adapterTypeName="executor://nunit3testexecutor/" className="NUnitTestProject.CurrencyHelperTests" name="FormatToStringTest1000(10511.7304983189d,&quot;10511.73 zł&quot;)" />
    </UnitTest>
    <UnitTest name="FormatToStringTest1000(13681.607566007231d,&quot;13681.61 zł&quot;)" storage="c:\projekty\nunittestproject\bin\debug\netcoreapp3.1\nunittestproject.dll" id="8951be4f-c5d7-21a4-85c8-2fc370bed815">
      <Execution id="955d8338-b68a-41fb-b0b5-aca759b646bc" />
      <TestMethod codeBase="C:\Projekty\NUnitTestProject\bin\Debug\netcoreapp3.1\NUnitTestProject.dll" adapterTypeName="executor://nunit3testexecutor/" className="NUnitTestProject.CurrencyHelperTests" name="FormatToStringTest1000(13681.607566007231d,&quot;13681.61 zł&quot;)" />
    </UnitTest>
    <UnitTest name="FormatToStringTest1000(23684.695462791573d,&quot;23684.70 zł&quot;)" storage="c:\projekty\nunittestproject\bin\debug\netcoreapp3.1\nunittestproject.dll" id="b079a5c8-df38-5909-534e-204d0d33ecf8">
      <Execution id="9f62caf0-331c-44dc-bbcd-3eb0a4ef92d9" />
      <TestMethod codeBase="C:\Projekty\NUnitTestProject\bin\Debug\netcoreapp3.1\NUnitTestProject.dll" adapterTypeName="executor://nunit3testexecutor/" className="NUnitTestProject.CurrencyHelperTests" name="FormatToStringTest1000(23684.695462791573d,&quot;23684.70 zł&quot;)" />
    </UnitTest>
    <UnitTest name="FormatToStringTest1000(2951.2722077329045d,&quot;2951.27 zł&quot;)" storage="c:\projekty\nunittestproject\bin\debug\netcoreapp3.1\nunittestproject.dll" id="92e23589-82d8-4d27-764e-fa018e45b747">
      <Execution id="a364fc77-ce58-4367-8a06-5bb04d5b1724" />
      <TestMethod codeBase="C:\Projekty\NUnitTestProject\bin\Debug\netcoreapp3.1\NUnitTestProject.dll" adapterTypeName="executor://nunit3testexecutor/" className="NUnitTestProject.CurrencyHelperTests" name="FormatToStringTest1000(2951.2722077329045d,&quot;2951.27 zł&quot;)" />
    </UnitTest>
    <UnitTest name="FormatToStringTest1000(63507.32603545455d,&quot;63507.33 zł&quot;)" storage="c:\projekty\nunittestproject\bin\debug\netcoreapp3.1\nunittestproject.dll" id="d26e5e0e-e63b-6a1f-1d40-d2dc8692bbaf">
      <Execution id="e6927d43-9acd-462f-9697-fcfe42e59b8e" />
      <TestMethod codeBase="C:\Projekty\NUnitTestProject\bin\Debug\netcoreapp3.1\NUnitTestProject.dll" adapterTypeName="executor://nunit3testexecutor/" className="NUnitTestProject.CurrencyHelperTests" name="FormatToStringTest1000(63507.32603545455d,&quot;63507.33 zł&quot;)" />
    </UnitTest>
    <UnitTest name="FormatToStringTest1000(5961.755129208674d,&quot;5961.76 zł&quot;)" storage="c:\projekty\nunittestproject\bin\debug\netcoreapp3.1\nunittestproject.dll" id="c1905b94-6245-64ed-8028-a7655f8970eb">
      <Execution id="5150b372-b81f-4c45-ad69-7e303f555ca7" />
      <TestMethod codeBase="C:\Projekty\NUnitTestProject\bin\Debug\netcoreapp3.1\NUnitTestProject.dll" adapterTypeName="executor://nunit3testexecutor/" className="NUnitTestProject.CurrencyHelperTests" name="FormatToStringTest1000(5961.755129208674d,&quot;5961.76 zł&quot;)" />
    </UnitTest>
    <UnitTest name="FormatToStringTest1000(36978.61073549213d,&quot;36978.61 zł&quot;)" storage="c:\projekty\nunittestproject\bin\debug\netcoreapp3.1\nunittestproject.dll" id="a461dd4d-6d71-3e10-f8bf-9d15ad34f5c8">
      <Execution id="117b039d-c0a4-4f25-a3b9-42a1d28cd549" />
      <TestMethod codeBase="C:\Projekty\NUnitTestProject\bin\Debug\netcoreapp3.1\NUnitTestProject.dll" adapterTypeName="executor://nunit3testexecutor/" className="NUnitTestProject.CurrencyHelperTests" name="FormatToStringTest1000(36978.61073549213d,&quot;36978.61 zł&quot;)" />
    </UnitTest>
    <UnitTest name="FormatToStringTest1000(4025.728369236797d,&quot;4025.73 zł&quot;)" storage="c:\projekty\nunittestproject\bin\debug\netcoreapp3.1\nunittestproject.dll" id="b8e35215-9c02-c225-ebde-5cb2a4f46f94">
      <Execution id="f472f1fa-e412-4bad-a496-262e3d7638ee" />
      <TestMethod codeBase="C:\Projekty\NUnitTestProject\bin\Debug\netcoreapp3.1\NUnitTestProject.dll" adapterTypeName="executor://nunit3testexecutor/" className="NUnitTestProject.CurrencyHelperTests" name="FormatToStringTest1000(4025.728369236797d,&quot;4025.73 zł&quot;)" />
    </UnitTest>
    <UnitTest name="FormatToStringTest1000(6213.265206352466d,&quot;6213.27 zł&quot;)" storage="c:\projekty\nunittestproject\bin\debug\netcoreapp3.1\nunittestproject.dll" id="47e7ec55-4391-8546-d1c3-fb5db01a41e8">
      <Execution id="ebc3daa3-3f2a-4e82-a6d1-00c3815b360f" />
      <TestMethod codeBase="C:\Projekty\NUnitTestProject\bin\Debug\netcoreapp3.1\NUnitTestProject.dll" adapterTypeName="executor://nunit3testexecutor/" className="NUnitTestProject.CurrencyHelperTests" name="FormatToStringTest1000(6213.265206352466d,&quot;6213.27 zł&quot;)" />
    </UnitTest>
    <UnitTest name="FormatToStringTest1000(57713.01647853712d,&quot;57713.02 zł&quot;)" storage="c:\projekty\nunittestproject\bin\debug\netcoreapp3.1\nunittestproject.dll" id="d29aa2a9-a943-d583-f9f3-c1d6c5281005">
      <Execution id="13a9e0f7-0c6d-410d-b3e2-c5bfbca77c13" />
      <TestMethod codeBase="C:\Projekty\NUnitTestProject\bin\Debug\netcoreapp3.1\NUnitTestProject.dll" adapterTypeName="executor://nunit3testexecutor/" className="NUnitTestProject.CurrencyHelperTests" name="FormatToStringTest1000(57713.01647853712d,&quot;57713.02 zł&quot;)" />
    </UnitTest>
    <UnitTest name="FormatToStringTest1000(35065.40267025652d,&quot;35065.40 zł&quot;)" storage="c:\projekty\nunittestproject\bin\debug\netcoreapp3.1\nunittestproject.dll" id="2de1f6d1-4fbc-d3f7-5b38-8fabe0afe62f">
      <Execution id="a1c64a0d-5963-45c8-8b20-b475d35e092d" />
      <TestMethod codeBase="C:\Projekty\NUnitTestProject\bin\Debug\netcoreapp3.1\NUnitTestProject.dll" adapterTypeName="executor://nunit3testexecutor/" className="NUnitTestProject.CurrencyHelperTests" name="FormatToStringTest1000(35065.40267025652d,&quot;35065.40 zł&quot;)" />
    </UnitTest>
    <UnitTest name="FormatToStringTest1000(3846.644792262765d,&quot;3846.64 zł&quot;)" storage="c:\projekty\nunittestproject\bin\debug\netcoreapp3.1\nunittestproject.dll" id="aadeeabc-272f-9cbf-16ad-69443e81df6f">
      <Execution id="284f1c05-7112-4c2f-a4e6-bec11fcaae1c" />
      <TestMethod codeBase="C:\Projekty\NUnitTestProject\bin\Debug\netcoreapp3.1\NUnitTestProject.dll" adapterTypeName="executor://nunit3testexecutor/" className="NUnitTestProject.CurrencyHelperTests" name="FormatToStringTest1000(3846.644792262765d,&quot;3846.64 zł&quot;)" />
    </UnitTest>
    <UnitTest name="FormatToStringTest1000(37889.10086727193d,&quot;37889.10 zł&quot;)" storage="c:\projekty\nunittestproject\bin\debug\netcoreapp3.1\nunittestproject.dll" id="7e773498-17b4-9b46-23f5-2783933d2759">
      <Execution id="7faf84ca-46b4-4621-afb8-e9c9b5fc7537" />
      <TestMethod codeBase="C:\Projekty\NUnitTestProject\bin\Debug\netcoreapp3.1\NUnitTestProject.dll" adapterTypeName="executor://nunit3testexecutor/" className="NUnitTestProject.CurrencyHelperTests" name="FormatToStringTest1000(37889.10086727193d,&quot;37889.10 zł&quot;)" />
    </UnitTest>
    <UnitTest name="FormatToStringTest1000(7458.609645228652d,&quot;7458.61 zł&quot;)" storage="c:\projekty\nunittestproject\bin\debug\netcoreapp3.1\nunittestproject.dll" id="f2fa6d2d-1c35-dcc0-50da-39045d7858e4">
      <Execution id="2da9d9ab-a804-4163-a93c-718c36b2ffac" />
      <TestMethod codeBase="C:\Projekty\NUnitTestProject\bin\Debug\netcoreapp3.1\NUnitTestProject.dll" adapterTypeName="executor://nunit3testexecutor/" className="NUnitTestProject.CurrencyHelperTests" name="FormatToStringTest1000(7458.609645228652d,&quot;7458.61 zł&quot;)" />
    </UnitTest>
    <UnitTest name="FormatToStringTest1000(4614.673205890541d,&quot;4614.67 zł&quot;)" storage="c:\projekty\nunittestproject\bin\debug\netcoreapp3.1\nunittestproject.dll" id="da1a6990-7ab2-9cdb-3d5d-e5366899dffb">
      <Execution id="a606aa6d-1bb4-4272-97be-4cc0a6327c48" />
      <TestMethod codeBase="C:\Projekty\NUnitTestProject\bin\Debug\netcoreapp3.1\NUnitTestProject.dll" adapterTypeName="executor://nunit3testexecutor/" className="NUnitTestProject.CurrencyHelperTests" name="FormatToStringTest1000(4614.673205890541d,&quot;4614.67 zł&quot;)" />
    </UnitTest>
    <UnitTest name="FormatToStringTest1000(6102.4120417453405d,&quot;6102.41 zł&quot;)" storage="c:\projekty\nunittestproject\bin\debug\netcoreapp3.1\nunittestproject.dll" id="098a6c08-89e3-c4e2-de2b-7f783c0ba1b5">
      <Execution id="d4b13b78-084f-4149-ad0c-a476cac21f07" />
      <TestMethod codeBase="C:\Projekty\NUnitTestProject\bin\Debug\netcoreapp3.1\NUnitTestProject.dll" adapterTypeName="executor://nunit3testexecutor/" className="NUnitTestProject.CurrencyHelperTests" name="FormatToStringTest1000(6102.4120417453405d,&quot;6102.41 zł&quot;)" />
    </UnitTest>
    <UnitTest name="FormatToStringTest1000(18490.912787030877d,&quot;18490.91 zł&quot;)" storage="c:\projekty\nunittestproject\bin\debug\netcoreapp3.1\nunittestproject.dll" id="05be2e04-a7a4-ec81-8b2e-19e4e2cd04d0">
      <Execution id="b419764d-116d-4ed3-b487-438911fdf163" />
      <TestMethod codeBase="C:\Projekty\NUnitTestProject\bin\Debug\netcoreapp3.1\NUnitTestProject.dll" adapterTypeName="executor://nunit3testexecutor/" className="NUnitTestProject.CurrencyHelperTests" name="FormatToStringTest1000(18490.912787030877d,&quot;18490.91 zł&quot;)" />
    </UnitTest>
    <UnitTest name="FormatToStringTest1000(25135.10315489727d,&quot;25135.10 zł&quot;)" storage="c:\projekty\nunittestproject\bin\debug\netcoreapp3.1\nunittestproject.dll" id="91b3bd83-c5b8-4706-180f-6fac0dae10f8">
      <Execution id="b516f3e5-145f-42a5-bef9-bbea5f6993c6" />
      <TestMethod codeBase="C:\Projekty\NUnitTestProject\bin\Debug\netcoreapp3.1\NUnitTestProject.dll" adapterTypeName="executor://nunit3testexecutor/" className="NUnitTestProject.CurrencyHelperTests" name="FormatToStringTest1000(25135.10315489727d,&quot;25135.10 zł&quot;)" />
    </UnitTest>
    <UnitTest name="FormatToStringTest1000(19873.59831658453d,&quot;19873.60 zł&quot;)" storage="c:\projekty\nunittestproject\bin\debug\netcoreapp3.1\nunittestproject.dll" id="0736f335-702e-d9c8-77f1-e0501c90e917">
      <Execution id="979b54ba-7ee2-4c9b-9cda-2ac681c147a2" />
      <TestMethod codeBase="C:\Projekty\NUnitTestProject\bin\Debug\netcoreapp3.1\NUnitTestProject.dll" adapterTypeName="executor://nunit3testexecutor/" className="NUnitTestProject.CurrencyHelperTests" name="FormatToStringTest1000(19873.59831658453d,&quot;19873.60 zł&quot;)" />
    </UnitTest>
    <UnitTest name="FormatToStringTest1000(16282.687804925576d,&quot;16282.69 zł&quot;)" storage="c:\projekty\nunittestproject\bin\debug\netcoreapp3.1\nunittestproject.dll" id="9b2f9530-d092-f9c3-dae1-2f483cfeb52d">
      <Execution id="aa62c635-1c75-47e5-8052-e6370b72e682" />
      <TestMethod codeBase="C:\Projekty\NUnitTestProject\bin\Debug\netcoreapp3.1\NUnitTestProject.dll" adapterTypeName="executor://nunit3testexecutor/" className="NUnitTestProject.CurrencyHelperTests" name="FormatToStringTest1000(16282.687804925576d,&quot;16282.69 zł&quot;)" />
    </UnitTest>
    <UnitTest name="FormatToStringTest1000(32216.686763396807d,&quot;32216.69 zł&quot;)" storage="c:\projekty\nunittestproject\bin\debug\netcoreapp3.1\nunittestproject.dll" id="712c2678-6c5e-0050-868a-1155d0b4fa06">
      <Execution id="99ca03b0-b463-4787-a445-002b343ab2a9" />
      <TestMethod codeBase="C:\Projekty\NUnitTestProject\bin\Debug\netcoreapp3.1\NUnitTestProject.dll" adapterTypeName="executor://nunit3testexecutor/" className="NUnitTestProject.CurrencyHelperTests" name="FormatToStringTest1000(32216.686763396807d,&quot;32216.69 zł&quot;)" />
    </UnitTest>
    <UnitTest name="FormatToStringTest1000(577.6071367564645d,&quot;577.61 zł&quot;)" storage="c:\projekty\nunittestproject\bin\debug\netcoreapp3.1\nunittestproject.dll" id="379512c8-8994-594d-a3c0-6d675c1d8949">
      <Execution id="3fa8d9ac-be67-4817-8d53-dc3126f8bdba" />
      <TestMethod codeBase="C:\Projekty\NUnitTestProject\bin\Debug\netcoreapp3.1\NUnitTestProject.dll" adapterTypeName="executor://nunit3testexecutor/" className="NUnitTestProject.CurrencyHelperTests" name="FormatToStringTest1000(577.6071367564645d,&quot;577.61 zł&quot;)" />
    </UnitTest>
    <UnitTest name="FormatToStringTest1000(5855.75080885354d,&quot;5855.75 zł&quot;)" storage="c:\projekty\nunittestproject\bin\debug\netcoreapp3.1\nunittestproject.dll" id="184b236a-96f5-5ef7-81e9-55fd01a96b10">
      <Execution id="a16f9b46-7be9-4ad4-b729-dc8b46fe4708" />
      <TestMethod codeBase="C:\Projekty\NUnitTestProject\bin\Debug\netcoreapp3.1\NUnitTestProject.dll" adapterTypeName="executor://nunit3testexecutor/" className="NUnitTestProject.CurrencyHelperTests" name="FormatToStringTest1000(5855.75080885354d,&quot;5855.75 zł&quot;)" />
    </UnitTest>
    <UnitTest name="FormatToStringTest1000(22017.250119325356d,&quot;22017.25 zł&quot;)" storage="c:\projekty\nunittestproject\bin\debug\netcoreapp3.1\nunittestproject.dll" id="17ffc344-aceb-1f84-f3bf-8205c38e1b46">
      <Execution id="14cbd330-d51b-4b90-ba9b-bd81238db58e" />
      <TestMethod codeBase="C:\Projekty\NUnitTestProject\bin\Debug\netcoreapp3.1\NUnitTestProject.dll" adapterTypeName="executor://nunit3testexecutor/" className="NUnitTestProject.CurrencyHelperTests" name="FormatToStringTest1000(22017.250119325356d,&quot;22017.25 zł&quot;)" />
    </UnitTest>
    <UnitTest name="FormatToStringTest1000(30807.823896702295d,&quot;30807.82 zł&quot;)" storage="c:\projekty\nunittestproject\bin\debug\netcoreapp3.1\nunittestproject.dll" id="165a8b6f-de27-26f0-6a14-cdb34a40f4c2">
      <Execution id="444d4f61-7de9-4b45-8627-9fcf9c10b26b" />
      <TestMethod codeBase="C:\Projekty\NUnitTestProject\bin\Debug\netcoreapp3.1\NUnitTestProject.dll" adapterTypeName="executor://nunit3testexecutor/" className="NUnitTestProject.CurrencyHelperTests" name="FormatToStringTest1000(30807.823896702295d,&quot;30807.82 zł&quot;)" />
    </UnitTest>
    <UnitTest name="FormatToStringTest1000(7716.571614765363d,&quot;7716.57 zł&quot;)" storage="c:\projekty\nunittestproject\bin\debug\netcoreapp3.1\nunittestproject.dll" id="0186510a-61e4-d437-2bd3-30738b03ed56">
      <Execution id="f489a8a2-ba00-4d0f-8a81-4667a37a105e" />
      <TestMethod codeBase="C:\Projekty\NUnitTestProject\bin\Debug\netcoreapp3.1\NUnitTestProject.dll" adapterTypeName="executor://nunit3testexecutor/" className="NUnitTestProject.CurrencyHelperTests" name="FormatToStringTest1000(7716.571614765363d,&quot;7716.57 zł&quot;)" />
    </UnitTest>
    <UnitTest name="FormatToStringTest1000(49416.285282306504d,&quot;49416.29 zł&quot;)" storage="c:\projekty\nunittestproject\bin\debug\netcoreapp3.1\nunittestproject.dll" id="b1d26b6f-e2ab-c7af-55d4-4d9f04f43eca">
      <Execution id="5b7220bb-a307-4d05-9d4b-ea5dcf29d61f" />
      <TestMethod codeBase="C:\Projekty\NUnitTestProject\bin\Debug\netcoreapp3.1\NUnitTestProject.dll" adapterTypeName="executor://nunit3testexecutor/" className="NUnitTestProject.CurrencyHelperTests" name="FormatToStringTest1000(49416.285282306504d,&quot;49416.29 zł&quot;)" />
    </UnitTest>
    <UnitTest name="FormatToStringTest1000(9994.9471861026d,&quot;9994.95 zł&quot;)" storage="c:\projekty\nunittestproject\bin\debug\netcoreapp3.1\nunittestproject.dll" id="e6fa545c-dab4-f63e-4e3b-21ea6de7572d">
      <Execution id="610b120a-4835-4a40-a363-0be50a65f8f5" />
      <TestMethod codeBase="C:\Projekty\NUnitTestProject\bin\Debug\netcoreapp3.1\NUnitTestProject.dll" adapterTypeName="executor://nunit3testexecutor/" className="NUnitTestProject.CurrencyHelperTests" name="FormatToStringTest1000(9994.9471861026d,&quot;9994.95 zł&quot;)" />
    </UnitTest>
    <UnitTest name="FormatToStringTest1000(24251.68593564848d,&quot;24251.69 zł&quot;)" storage="c:\projekty\nunittestproject\bin\debug\netcoreapp3.1\nunittestproject.dll" id="19f5bc79-d564-bb1a-c016-f7779e568c5d">
      <Execution id="af862966-d467-44e1-8135-2f5c76def53a" />
      <TestMethod codeBase="C:\Projekty\NUnitTestProject\bin\Debug\netcoreapp3.1\NUnitTestProject.dll" adapterTypeName="executor://nunit3testexecutor/" className="NUnitTestProject.CurrencyHelperTests" name="FormatToStringTest1000(24251.68593564848d,&quot;24251.69 zł&quot;)" />
    </UnitTest>
    <UnitTest name="FormatToStringTest1000(8582.709131852587d,&quot;8582.71 zł&quot;)" storage="c:\projekty\nunittestproject\bin\debug\netcoreapp3.1\nunittestproject.dll" id="380eb0c8-d6f7-276e-b9b6-a564a8f6129e">
      <Execution id="208dd0f0-3e70-4cae-8e3f-e0d68dcf51b2" />
      <TestMethod codeBase="C:\Projekty\NUnitTestProject\bin\Debug\netcoreapp3.1\NUnitTestProject.dll" adapterTypeName="executor://nunit3testexecutor/" className="NUnitTestProject.CurrencyHelperTests" name="FormatToStringTest1000(8582.709131852587d,&quot;8582.71 zł&quot;)" />
    </UnitTest>
    <UnitTest name="FormatToStringTest1000(26843.15785584932d,&quot;26843.16 zł&quot;)" storage="c:\projekty\nunittestproject\bin\debug\netcoreapp3.1\nunittestproject.dll" id="4195877a-ded9-22b8-62f7-465d0dab0554">
      <Execution id="9a9c250c-1a1e-4b71-b8c3-fc9706a4735d" />
      <TestMethod codeBase="C:\Projekty\NUnitTestProject\bin\Debug\netcoreapp3.1\NUnitTestProject.dll" adapterTypeName="executor://nunit3testexecutor/" className="NUnitTestProject.CurrencyHelperTests" name="FormatToStringTest1000(26843.15785584932d,&quot;26843.16 zł&quot;)" />
    </UnitTest>
    <UnitTest name="FormatToStringTest1000(25882.451101077d,&quot;25882.45 zł&quot;)" storage="c:\projekty\nunittestproject\bin\debug\netcoreapp3.1\nunittestproject.dll" id="61eb0848-4e9b-4d1d-2e7a-801bcb7d8307">
      <Execution id="553aa99f-36be-4096-b5f4-4c7c84b1cbc6" />
      <TestMethod codeBase="C:\Projekty\NUnitTestProject\bin\Debug\netcoreapp3.1\NUnitTestProject.dll" adapterTypeName="executor://nunit3testexecutor/" className="NUnitTestProject.CurrencyHelperTests" name="FormatToStringTest1000(25882.451101077d,&quot;25882.45 zł&quot;)" />
    </UnitTest>
    <UnitTest name="FormatToStringTest1000(52481.07276821932d,&quot;52481.07 zł&quot;)" storage="c:\projekty\nunittestproject\bin\debug\netcoreapp3.1\nunittestproject.dll" id="ad74bc79-5a2e-0559-0112-48492a8006d2">
      <Execution id="29755f71-5d44-4a4f-ade0-1c12c6abff5f" />
      <TestMethod codeBase="C:\Projekty\NUnitTestProject\bin\Debug\netcoreapp3.1\NUnitTestProject.dll" adapterTypeName="executor://nunit3testexecutor/" className="NUnitTestProject.CurrencyHelperTests" name="FormatToStringTest1000(52481.07276821932d,&quot;52481.07 zł&quot;)" />
    </UnitTest>
    <UnitTest name="FormatToStringTest1000(8768.816937361293d,&quot;8768.82 zł&quot;)" storage="c:\projekty\nunittestproject\bin\debug\netcoreapp3.1\nunittestproject.dll" id="11ead46a-3fc2-e54b-9ee7-6572b1ea2616">
      <Execution id="007ef390-c5ec-4e0b-a933-e094d2f41a2c" />
      <TestMethod codeBase="C:\Projekty\NUnitTestProject\bin\Debug\netcoreapp3.1\NUnitTestProject.dll" adapterTypeName="executor://nunit3testexecutor/" className="NUnitTestProject.CurrencyHelperTests" name="FormatToStringTest1000(8768.816937361293d,&quot;8768.82 zł&quot;)" />
    </UnitTest>
    <UnitTest name="FormatToStringTest1000(8492.904747505161d,&quot;8492.90 zł&quot;)" storage="c:\projekty\nunittestproject\bin\debug\netcoreapp3.1\nunittestproject.dll" id="7e45dd7d-e48e-5c57-3fb0-37befdf85fdc">
      <Execution id="a1ddc2b7-3bc1-40f9-87c9-83e0d26027e8" />
      <TestMethod codeBase="C:\Projekty\NUnitTestProject\bin\Debug\netcoreapp3.1\NUnitTestProject.dll" adapterTypeName="executor://nunit3testexecutor/" className="NUnitTestProject.CurrencyHelperTests" name="FormatToStringTest1000(8492.904747505161d,&quot;8492.90 zł&quot;)" />
    </UnitTest>
    <UnitTest name="FormatToStringTest1000(14063.90676654871d,&quot;14063.91 zł&quot;)" storage="c:\projekty\nunittestproject\bin\debug\netcoreapp3.1\nunittestproject.dll" id="aff0dd6a-515d-d68f-384c-79614af1fe73">
      <Execution id="51c25f88-431c-464e-9d11-5a1ed046506c" />
      <TestMethod codeBase="C:\Projekty\NUnitTestProject\bin\Debug\netcoreapp3.1\NUnitTestProject.dll" adapterTypeName="executor://nunit3testexecutor/" className="NUnitTestProject.CurrencyHelperTests" name="FormatToStringTest1000(14063.90676654871d,&quot;14063.91 zł&quot;)" />
    </UnitTest>
    <UnitTest name="FormatToStringTest1000(18990.72499258012d,&quot;18990.72 zł&quot;)" storage="c:\projekty\nunittestproject\bin\debug\netcoreapp3.1\nunittestproject.dll" id="bce75dbd-45ca-03c5-19ba-bad21cb2572e">
      <Execution id="dd68b68f-55bb-4ae2-8adc-0080a38808af" />
      <TestMethod codeBase="C:\Projekty\NUnitTestProject\bin\Debug\netcoreapp3.1\NUnitTestProject.dll" adapterTypeName="executor://nunit3testexecutor/" className="NUnitTestProject.CurrencyHelperTests" name="FormatToStringTest1000(18990.72499258012d,&quot;18990.72 zł&quot;)" />
    </UnitTest>
    <UnitTest name="FormatToStringTest1000(68479.93492677805d,&quot;68479.93 zł&quot;)" storage="c:\projekty\nunittestproject\bin\debug\netcoreapp3.1\nunittestproject.dll" id="73a1abc1-28a4-b23c-9ff3-4e27cf222dab">
      <Execution id="bfb6b290-bd63-49d4-a1f3-8c53a69945f7" />
      <TestMethod codeBase="C:\Projekty\NUnitTestProject\bin\Debug\netcoreapp3.1\NUnitTestProject.dll" adapterTypeName="executor://nunit3testexecutor/" className="NUnitTestProject.CurrencyHelperTests" name="FormatToStringTest1000(68479.93492677805d,&quot;68479.93 zł&quot;)" />
    </UnitTest>
    <UnitTest name="FormatToStringTest1000(9774.341362926803d,&quot;9774.34 zł&quot;)" storage="c:\projekty\nunittestproject\bin\debug\netcoreapp3.1\nunittestproject.dll" id="c93cdb71-2111-93a4-4cd8-a7548cb72ed0">
      <Execution id="243bc077-3628-4076-b2e2-e2c61b5ef4a8" />
      <TestMethod codeBase="C:\Projekty\NUnitTestProject\bin\Debug\netcoreapp3.1\NUnitTestProject.dll" adapterTypeName="executor://nunit3testexecutor/" className="NUnitTestProject.CurrencyHelperTests" name="FormatToStringTest1000(9774.341362926803d,&quot;9774.34 zł&quot;)" />
    </UnitTest>
    <UnitTest name="FormatToStringTest1000(41972.39431566763d,&quot;41972.39 zł&quot;)" storage="c:\projekty\nunittestproject\bin\debug\netcoreapp3.1\nunittestproject.dll" id="cbe7ad88-c615-fcac-7be4-3d317fe5861e">
      <Execution id="b29561b0-1907-411d-8da8-33abc8ce9da7" />
      <TestMethod codeBase="C:\Projekty\NUnitTestProject\bin\Debug\netcoreapp3.1\NUnitTestProject.dll" adapterTypeName="executor://nunit3testexecutor/" className="NUnitTestProject.CurrencyHelperTests" name="FormatToStringTest1000(41972.39431566763d,&quot;41972.39 zł&quot;)" />
    </UnitTest>
    <UnitTest name="FormatToStringTest1000(22533.17694295811d,&quot;22533.18 zł&quot;)" storage="c:\projekty\nunittestproject\bin\debug\netcoreapp3.1\nunittestproject.dll" id="041696c1-18d1-f2dd-9a5d-5cb1c9e853ff">
      <Execution id="a714adf6-9aa9-4e8f-bf81-9501bbb8fdd8" />
      <TestMethod codeBase="C:\Projekty\NUnitTestProject\bin\Debug\netcoreapp3.1\NUnitTestProject.dll" adapterTypeName="executor://nunit3testexecutor/" className="NUnitTestProject.CurrencyHelperTests" name="FormatToStringTest1000(22533.17694295811d,&quot;22533.18 zł&quot;)" />
    </UnitTest>
    <UnitTest name="FormatToStringTest1000(30383.303633991305d,&quot;30383.30 zł&quot;)" storage="c:\projekty\nunittestproject\bin\debug\netcoreapp3.1\nunittestproject.dll" id="209edf4d-3b12-5a43-fec0-fca0d1a4ea6d">
      <Execution id="3a022f54-e7ad-4863-aa38-f139c4473197" />
      <TestMethod codeBase="C:\Projekty\NUnitTestProject\bin\Debug\netcoreapp3.1\NUnitTestProject.dll" adapterTypeName="executor://nunit3testexecutor/" className="NUnitTestProject.CurrencyHelperTests" name="FormatToStringTest1000(30383.303633991305d,&quot;30383.30 zł&quot;)" />
    </UnitTest>
    <UnitTest name="FormatToStringTest1000(1130.8119115372242d,&quot;1130.81 zł&quot;)" storage="c:\projekty\nunittestproject\bin\debug\netcoreapp3.1\nunittestproject.dll" id="5bdb1fb9-c083-a878-8185-d4ef40939b65">
      <Execution id="a1b0f806-b226-43d9-ba50-b849727ecf5b" />
      <TestMethod codeBase="C:\Projekty\NUnitTestProject\bin\Debug\netcoreapp3.1\NUnitTestProject.dll" adapterTypeName="executor://nunit3testexecutor/" className="NUnitTestProject.CurrencyHelperTests" name="FormatToStringTest1000(1130.8119115372242d,&quot;1130.81 zł&quot;)" />
    </UnitTest>
    <UnitTest name="FormatToStringTest1000(5396.620088554277d,&quot;5396.62 zł&quot;)" storage="c:\projekty\nunittestproject\bin\debug\netcoreapp3.1\nunittestproject.dll" id="93356272-81f1-2ca0-6a2b-a94c51c52201">
      <Execution id="835a429e-f7d5-4160-8609-e741488706de" />
      <TestMethod codeBase="C:\Projekty\NUnitTestProject\bin\Debug\netcoreapp3.1\NUnitTestProject.dll" adapterTypeName="executor://nunit3testexecutor/" className="NUnitTestProject.CurrencyHelperTests" name="FormatToStringTest1000(5396.620088554277d,&quot;5396.62 zł&quot;)" />
    </UnitTest>
    <UnitTest name="FormatToStringTest1000(15669.698889610218d,&quot;15669.70 zł&quot;)" storage="c:\projekty\nunittestproject\bin\debug\netcoreapp3.1\nunittestproject.dll" id="7e94e694-684d-fa09-70c8-651a86e03ea4">
      <Execution id="755a732c-7a28-4b04-a607-e3f3972a3823" />
      <TestMethod codeBase="C:\Projekty\NUnitTestProject\bin\Debug\netcoreapp3.1\NUnitTestProject.dll" adapterTypeName="executor://nunit3testexecutor/" className="NUnitTestProject.CurrencyHelperTests" name="FormatToStringTest1000(15669.698889610218d,&quot;15669.70 zł&quot;)" />
    </UnitTest>
    <UnitTest name="FormatToStringTest1000(67338.80028760935d,&quot;67338.80 zł&quot;)" storage="c:\projekty\nunittestproject\bin\debug\netcoreapp3.1\nunittestproject.dll" id="511f69f7-a0fb-1d5f-80a7-db38c945bbc4">
      <Execution id="f619680a-cd0e-4a4e-875e-ca58b44b4401" />
      <TestMethod codeBase="C:\Projekty\NUnitTestProject\bin\Debug\netcoreapp3.1\NUnitTestProject.dll" adapterTypeName="executor://nunit3testexecutor/" className="NUnitTestProject.CurrencyHelperTests" name="FormatToStringTest1000(67338.80028760935d,&quot;67338.80 zł&quot;)" />
    </UnitTest>
    <UnitTest name="FormatToStringTest1000(12187.551827252633d,&quot;12187.55 zł&quot;)" storage="c:\projekty\nunittestproject\bin\debug\netcoreapp3.1\nunittestproject.dll" id="4593d3e0-40c6-d633-5fcd-f61df33025dc">
      <Execution id="6a3446c7-8530-48b0-8084-d06c24d39e52" />
      <TestMethod codeBase="C:\Projekty\NUnitTestProject\bin\Debug\netcoreapp3.1\NUnitTestProject.dll" adapterTypeName="executor://nunit3testexecutor/" className="NUnitTestProject.CurrencyHelperTests" name="FormatToStringTest1000(12187.551827252633d,&quot;12187.55 zł&quot;)" />
    </UnitTest>
    <UnitTest name="FormatToStringTest1000(4857.211933034105d,&quot;4857.21 zł&quot;)" storage="c:\projekty\nunittestproject\bin\debug\netcoreapp3.1\nunittestproject.dll" id="a488094a-b6b5-d178-8919-9dcf3be59209">
      <Execution id="c63beaeb-5509-49d0-8ed7-edba190ba8b7" />
      <TestMethod codeBase="C:\Projekty\NUnitTestProject\bin\Debug\netcoreapp3.1\NUnitTestProject.dll" adapterTypeName="executor://nunit3testexecutor/" className="NUnitTestProject.CurrencyHelperTests" name="FormatToStringTest1000(4857.211933034105d,&quot;4857.21 zł&quot;)" />
    </UnitTest>
    <UnitTest name="FormatToStringTest1000(74514.06270644537d,&quot;74514.06 zł&quot;)" storage="c:\projekty\nunittestproject\bin\debug\netcoreapp3.1\nunittestproject.dll" id="c2833739-846c-dde5-0033-1a2de8fc4d5a">
      <Execution id="23d26b94-f1f9-40fa-b407-9eb0724e698b" />
      <TestMethod codeBase="C:\Projekty\NUnitTestProject\bin\Debug\netcoreapp3.1\NUnitTestProject.dll" adapterTypeName="executor://nunit3testexecutor/" className="NUnitTestProject.CurrencyHelperTests" name="FormatToStringTest1000(74514.06270644537d,&quot;74514.06 zł&quot;)" />
    </UnitTest>
    <UnitTest name="FormatToStringTest1000(35248.53555717996d,&quot;35248.54 zł&quot;)" storage="c:\projekty\nunittestproject\bin\debug\netcoreapp3.1\nunittestproject.dll" id="7f9e3406-835c-5c12-68cf-08b73690e2b2">
      <Execution id="2d5f4c67-f4f3-4ebe-8902-3fc7d5470d49" />
      <TestMethod codeBase="C:\Projekty\NUnitTestProject\bin\Debug\netcoreapp3.1\NUnitTestProject.dll" adapterTypeName="executor://nunit3testexecutor/" className="NUnitTestProject.CurrencyHelperTests" name="FormatToStringTest1000(35248.53555717996d,&quot;35248.54 zł&quot;)" />
    </UnitTest>
    <UnitTest name="FormatToStringTest1000(5247.779940802501d,&quot;5247.78 zł&quot;)" storage="c:\projekty\nunittestproject\bin\debug\netcoreapp3.1\nunittestproject.dll" id="112e422e-04b2-3ba3-ad56-a1e5d3cfbd79">
      <Execution id="0ac4a226-a5e1-44aa-94f8-03d9dd9d70e7" />
      <TestMethod codeBase="C:\Projekty\NUnitTestProject\bin\Debug\netcoreapp3.1\NUnitTestProject.dll" adapterTypeName="executor://nunit3testexecutor/" className="NUnitTestProject.CurrencyHelperTests" name="FormatToStringTest1000(5247.779940802501d,&quot;5247.78 zł&quot;)" />
    </UnitTest>
    <UnitTest name="FormatToStringTest1000(39146.892120180135d,&quot;39146.89 zł&quot;)" storage="c:\projekty\nunittestproject\bin\debug\netcoreapp3.1\nunittestproject.dll" id="853ab17c-1011-8c0b-9611-6a309f52ffd7">
      <Execution id="204c3072-a0af-4b47-a0f0-39f08f5c468d" />
      <TestMethod codeBase="C:\Projekty\NUnitTestProject\bin\Debug\netcoreapp3.1\NUnitTestProject.dll" adapterTypeName="executor://nunit3testexecutor/" className="NUnitTestProject.CurrencyHelperTests" name="FormatToStringTest1000(39146.892120180135d,&quot;39146.89 zł&quot;)" />
    </UnitTest>
    <UnitTest name="FormatToStringTest1000(17579.823312525088d,&quot;17579.82 zł&quot;)" storage="c:\projekty\nunittestproject\bin\debug\netcoreapp3.1\nunittestproject.dll" id="38306153-a308-b729-5fc5-ac18787be15f">
      <Execution id="273241ef-45ad-4962-90eb-fc2e1bf26751" />
      <TestMethod codeBase="C:\Projekty\NUnitTestProject\bin\Debug\netcoreapp3.1\NUnitTestProject.dll" adapterTypeName="executor://nunit3testexecutor/" className="NUnitTestProject.CurrencyHelperTests" name="FormatToStringTest1000(17579.823312525088d,&quot;17579.82 zł&quot;)" />
    </UnitTest>
    <UnitTest name="FormatToStringTest1000(30320.450517486992d,&quot;30320.45 zł&quot;)" storage="c:\projekty\nunittestproject\bin\debug\netcoreapp3.1\nunittestproject.dll" id="5bc31484-16d9-023b-e244-308f6e26f09a">
      <Execution id="68090653-202c-4479-824e-af518aca0880" />
      <TestMethod codeBase="C:\Projekty\NUnitTestProject\bin\Debug\netcoreapp3.1\NUnitTestProject.dll" adapterTypeName="executor://nunit3testexecutor/" className="NUnitTestProject.CurrencyHelperTests" name="FormatToStringTest1000(30320.450517486992d,&quot;30320.45 zł&quot;)" />
    </UnitTest>
    <UnitTest name="FormatToStringTest1000(25116.590135570892d,&quot;25116.59 zł&quot;)" storage="c:\projekty\nunittestproject\bin\debug\netcoreapp3.1\nunittestproject.dll" id="3ff03a46-b206-b458-f53e-9c5468df465e">
      <Execution id="ba47bcef-3388-46e7-b2d9-930108c62c45" />
      <TestMethod codeBase="C:\Projekty\NUnitTestProject\bin\Debug\netcoreapp3.1\NUnitTestProject.dll" adapterTypeName="executor://nunit3testexecutor/" className="NUnitTestProject.CurrencyHelperTests" name="FormatToStringTest1000(25116.590135570892d,&quot;25116.59 zł&quot;)" />
    </UnitTest>
    <UnitTest name="FormatToStringTest1000(81326.3340147521d,&quot;81326.33 zł&quot;)" storage="c:\projekty\nunittestproject\bin\debug\netcoreapp3.1\nunittestproject.dll" id="1a9a0ddf-514c-baf9-413c-22119b976aa4">
      <Execution id="0dd1a2e6-4410-43a0-9c70-c74746da9536" />
      <TestMethod codeBase="C:\Projekty\NUnitTestProject\bin\Debug\netcoreapp3.1\NUnitTestProject.dll" adapterTypeName="executor://nunit3testexecutor/" className="NUnitTestProject.CurrencyHelperTests" name="FormatToStringTest1000(81326.3340147521d,&quot;81326.33 zł&quot;)" />
    </UnitTest>
    <UnitTest name="FormatToStringTest1000(100.45267071130345d,&quot;100.45 zł&quot;)" storage="c:\projekty\nunittestproject\bin\debug\netcoreapp3.1\nunittestproject.dll" id="bf8e531c-343c-5c0a-d3e5-66c9023885a3">
      <Execution id="7d1f35a4-7021-429a-bb81-8cedb3dd0d33" />
      <TestMethod codeBase="C:\Projekty\NUnitTestProject\bin\Debug\netcoreapp3.1\NUnitTestProject.dll" adapterTypeName="executor://nunit3testexecutor/" className="NUnitTestProject.CurrencyHelperTests" name="FormatToStringTest1000(100.45267071130345d,&quot;100.45 zł&quot;)" />
    </UnitTest>
    <UnitTest name="FormatToStringTest1000(4812.162927013898d,&quot;4812.16 zł&quot;)" storage="c:\projekty\nunittestproject\bin\debug\netcoreapp3.1\nunittestproject.dll" id="f0622268-a7b0-73db-dcaa-b07ea595271b">
      <Execution id="1e0a6d9a-9b96-4443-a27b-eed45c5573ba" />
      <TestMethod codeBase="C:\Projekty\NUnitTestProject\bin\Debug\netcoreapp3.1\NUnitTestProject.dll" adapterTypeName="executor://nunit3testexecutor/" className="NUnitTestProject.CurrencyHelperTests" name="FormatToStringTest1000(4812.162927013898d,&quot;4812.16 zł&quot;)" />
    </UnitTest>
    <UnitTest name="FormatToStringTest1000(2166.4103293970275d,&quot;2166.41 zł&quot;)" storage="c:\projekty\nunittestproject\bin\debug\netcoreapp3.1\nunittestproject.dll" id="b09e548c-5a83-3ac9-fa3f-e5118e38e1d9">
      <Execution id="3afac260-74bc-4108-a804-9de4b583290c" />
      <TestMethod codeBase="C:\Projekty\NUnitTestProject\bin\Debug\netcoreapp3.1\NUnitTestProject.dll" adapterTypeName="executor://nunit3testexecutor/" className="NUnitTestProject.CurrencyHelperTests" name="FormatToStringTest1000(2166.4103293970275d,&quot;2166.41 zł&quot;)" />
    </UnitTest>
    <UnitTest name="FormatToStringTest1000(1562.3173604776698d,&quot;1562.32 zł&quot;)" storage="c:\projekty\nunittestproject\bin\debug\netcoreapp3.1\nunittestproject.dll" id="d187567e-7ba7-c49e-1e54-13fd327095e9">
      <Execution id="d6eaa162-aab8-4956-952e-bb511f9eab5e" />
      <TestMethod codeBase="C:\Projekty\NUnitTestProject\bin\Debug\netcoreapp3.1\NUnitTestProject.dll" adapterTypeName="executor://nunit3testexecutor/" className="NUnitTestProject.CurrencyHelperTests" name="FormatToStringTest1000(1562.3173604776698d,&quot;1562.32 zł&quot;)" />
    </UnitTest>
    <UnitTest name="FormatToStringTest1000(22604.838218828587d,&quot;22604.84 zł&quot;)" storage="c:\projekty\nunittestproject\bin\debug\netcoreapp3.1\nunittestproject.dll" id="5667c806-5b5f-868c-360c-740b6f484339">
      <Execution id="e77924ba-2301-4e1f-8b54-5ef394c43806" />
      <TestMethod codeBase="C:\Projekty\NUnitTestProject\bin\Debug\netcoreapp3.1\NUnitTestProject.dll" adapterTypeName="executor://nunit3testexecutor/" className="NUnitTestProject.CurrencyHelperTests" name="FormatToStringTest1000(22604.838218828587d,&quot;22604.84 zł&quot;)" />
    </UnitTest>
    <UnitTest name="FormatToStringTest1000(12903.541202012237d,&quot;12903.54 zł&quot;)" storage="c:\projekty\nunittestproject\bin\debug\netcoreapp3.1\nunittestproject.dll" id="1ae81526-c34e-30fb-a453-ec950aa3ef1c">
      <Execution id="240f3912-7354-4424-ae6d-5a24fa7618f6" />
      <TestMethod codeBase="C:\Projekty\NUnitTestProject\bin\Debug\netcoreapp3.1\NUnitTestProject.dll" adapterTypeName="executor://nunit3testexecutor/" className="NUnitTestProject.CurrencyHelperTests" name="FormatToStringTest1000(12903.541202012237d,&quot;12903.54 zł&quot;)" />
    </UnitTest>
    <UnitTest name="FormatToStringTest1000(4652.407073443945d,&quot;4652.41 zł&quot;)" storage="c:\projekty\nunittestproject\bin\debug\netcoreapp3.1\nunittestproject.dll" id="bc3f5322-761c-1784-32c8-0807bc806b0a">
      <Execution id="93805c26-0dba-4a5f-9815-94a65557c339" />
      <TestMethod codeBase="C:\Projekty\NUnitTestProject\bin\Debug\netcoreapp3.1\NUnitTestProject.dll" adapterTypeName="executor://nunit3testexecutor/" className="NUnitTestProject.CurrencyHelperTests" name="FormatToStringTest1000(4652.407073443945d,&quot;4652.41 zł&quot;)" />
    </UnitTest>
    <UnitTest name="FormatToStringTest1000(29362.005930638876d,&quot;29362.01 zł&quot;)" storage="c:\projekty\nunittestproject\bin\debug\netcoreapp3.1\nunittestproject.dll" id="5c5be749-8fc1-a0d2-2b32-3e2f32d1a7a1">
      <Execution id="a49aef50-0502-4d1f-8fbe-2babecfbc31a" />
      <TestMethod codeBase="C:\Projekty\NUnitTestProject\bin\Debug\netcoreapp3.1\NUnitTestProject.dll" adapterTypeName="executor://nunit3testexecutor/" className="NUnitTestProject.CurrencyHelperTests" name="FormatToStringTest1000(29362.005930638876d,&quot;29362.01 zł&quot;)" />
    </UnitTest>
    <UnitTest name="FormatToStringTest1000(158.49784791027093d,&quot;158.50 zł&quot;)" storage="c:\projekty\nunittestproject\bin\debug\netcoreapp3.1\nunittestproject.dll" id="69c4777a-51de-9c54-0ee3-eb6af65c109e">
      <Execution id="494b596b-2c0b-41e0-9125-1eeafaf1e2bc" />
      <TestMethod codeBase="C:\Projekty\NUnitTestProject\bin\Debug\netcoreapp3.1\NUnitTestProject.dll" adapterTypeName="executor://nunit3testexecutor/" className="NUnitTestProject.CurrencyHelperTests" name="FormatToStringTest1000(158.49784791027093d,&quot;158.50 zł&quot;)" />
    </UnitTest>
    <UnitTest name="FormatToStringTest1000(40035.54711080787d,&quot;40035.55 zł&quot;)" storage="c:\projekty\nunittestproject\bin\debug\netcoreapp3.1\nunittestproject.dll" id="7ba81b36-e120-9974-bbd1-63dae796d45c">
      <Execution id="c9c38f2b-875e-4535-8164-305b528889b8" />
      <TestMethod codeBase="C:\Projekty\NUnitTestProject\bin\Debug\netcoreapp3.1\NUnitTestProject.dll" adapterTypeName="executor://nunit3testexecutor/" className="NUnitTestProject.CurrencyHelperTests" name="FormatToStringTest1000(40035.54711080787d,&quot;40035.55 zł&quot;)" />
    </UnitTest>
    <UnitTest name="FormatToStringTest1000(238.1379397484185d,&quot;238.14 zł&quot;)" storage="c:\projekty\nunittestproject\bin\debug\netcoreapp3.1\nunittestproject.dll" id="b781e920-c895-0d1c-5363-71c65713c53a">
      <Execution id="04ff2121-227d-4138-b09f-c3849fc638a2" />
      <TestMethod codeBase="C:\Projekty\NUnitTestProject\bin\Debug\netcoreapp3.1\NUnitTestProject.dll" adapterTypeName="executor://nunit3testexecutor/" className="NUnitTestProject.CurrencyHelperTests" name="FormatToStringTest1000(238.1379397484185d,&quot;238.14 zł&quot;)" />
    </UnitTest>
    <UnitTest name="FormatToStringTest1000(16986.338876065027d,&quot;16986.34 zł&quot;)" storage="c:\projekty\nunittestproject\bin\debug\netcoreapp3.1\nunittestproject.dll" id="aeefe3bf-b956-1766-ab65-91503c288180">
      <Execution id="90d7f68f-1102-442b-a0dd-0c82459e57a2" />
      <TestMethod codeBase="C:\Projekty\NUnitTestProject\bin\Debug\netcoreapp3.1\NUnitTestProject.dll" adapterTypeName="executor://nunit3testexecutor/" className="NUnitTestProject.CurrencyHelperTests" name="FormatToStringTest1000(16986.338876065027d,&quot;16986.34 zł&quot;)" />
    </UnitTest>
    <UnitTest name="FormatToStringTest1000(6170.939441211959d,&quot;6170.94 zł&quot;)" storage="c:\projekty\nunittestproject\bin\debug\netcoreapp3.1\nunittestproject.dll" id="3490543a-9aad-4d93-690a-aa8da10d1845">
      <Execution id="32fbe32c-e25a-4dfe-adb4-d3fa2483ac66" />
      <TestMethod codeBase="C:\Projekty\NUnitTestProject\bin\Debug\netcoreapp3.1\NUnitTestProject.dll" adapterTypeName="executor://nunit3testexecutor/" className="NUnitTestProject.CurrencyHelperTests" name="FormatToStringTest1000(6170.939441211959d,&quot;6170.94 zł&quot;)" />
    </UnitTest>
    <UnitTest name="FormatToStringTest1000(66019.32414194118d,&quot;66019.32 zł&quot;)" storage="c:\projekty\nunittestproject\bin\debug\netcoreapp3.1\nunittestproject.dll" id="cee9a7d1-ec49-f6f1-a300-399ccd3bc1b7">
      <Execution id="af922933-f469-4a2b-82ed-485322be0c6c" />
      <TestMethod codeBase="C:\Projekty\NUnitTestProject\bin\Debug\netcoreapp3.1\NUnitTestProject.dll" adapterTypeName="executor://nunit3testexecutor/" className="NUnitTestProject.CurrencyHelperTests" name="FormatToStringTest1000(66019.32414194118d,&quot;66019.32 zł&quot;)" />
    </UnitTest>
    <UnitTest name="FormatToStringTest1000(22248.263319677797d,&quot;22248.26 zł&quot;)" storage="c:\projekty\nunittestproject\bin\debug\netcoreapp3.1\nunittestproject.dll" id="f4854fd4-587a-5d07-271a-654c42d2751c">
      <Execution id="0243c5e4-6b05-4344-ab09-46a318d40917" />
      <TestMethod codeBase="C:\Projekty\NUnitTestProject\bin\Debug\netcoreapp3.1\NUnitTestProject.dll" adapterTypeName="executor://nunit3testexecutor/" className="NUnitTestProject.CurrencyHelperTests" name="FormatToStringTest1000(22248.263319677797d,&quot;22248.26 zł&quot;)" />
    </UnitTest>
    <UnitTest name="FormatToStringTest1000(9867.823212210007d,&quot;9867.82 zł&quot;)" storage="c:\projekty\nunittestproject\bin\debug\netcoreapp3.1\nunittestproject.dll" id="386c80c9-6738-6119-052a-4c505d8f4e31">
      <Execution id="46b53661-dc41-482a-8b1a-912556e6cf6f" />
      <TestMethod codeBase="C:\Projekty\NUnitTestProject\bin\Debug\netcoreapp3.1\NUnitTestProject.dll" adapterTypeName="executor://nunit3testexecutor/" className="NUnitTestProject.CurrencyHelperTests" name="FormatToStringTest1000(9867.823212210007d,&quot;9867.82 zł&quot;)" />
    </UnitTest>
    <UnitTest name="FormatToStringTest1000(8599.45217413616d,&quot;8599.45 zł&quot;)" storage="c:\projekty\nunittestproject\bin\debug\netcoreapp3.1\nunittestproject.dll" id="b707b6dd-6efb-76f3-be89-5a3ace5192c9">
      <Execution id="17dfee7e-0f92-405f-afa0-7f50cbaa9f12" />
      <TestMethod codeBase="C:\Projekty\NUnitTestProject\bin\Debug\netcoreapp3.1\NUnitTestProject.dll" adapterTypeName="executor://nunit3testexecutor/" className="NUnitTestProject.CurrencyHelperTests" name="FormatToStringTest1000(8599.45217413616d,&quot;8599.45 zł&quot;)" />
    </UnitTest>
    <UnitTest name="FormatToStringTest1000(51632.87002968503d,&quot;51632.87 zł&quot;)" storage="c:\projekty\nunittestproject\bin\debug\netcoreapp3.1\nunittestproject.dll" id="b074171d-4bb2-388e-f619-96efeb179b06">
      <Execution id="be790547-39e0-4a7c-8527-073e6882514f" />
      <TestMethod codeBase="C:\Projekty\NUnitTestProject\bin\Debug\netcoreapp3.1\NUnitTestProject.dll" adapterTypeName="executor://nunit3testexecutor/" className="NUnitTestProject.CurrencyHelperTests" name="FormatToStringTest1000(51632.87002968503d,&quot;51632.87 zł&quot;)" />
    </UnitTest>
    <UnitTest name="FormatToStringTest1000(74152.7503934562d,&quot;74152.75 zł&quot;)" storage="c:\projekty\nunittestproject\bin\debug\netcoreapp3.1\nunittestproject.dll" id="d147ccf7-2e90-d95d-62de-1759c3690066">
      <Execution id="363ff14b-30b4-4f93-bafc-ed07891493a2" />
      <TestMethod codeBase="C:\Projekty\NUnitTestProject\bin\Debug\netcoreapp3.1\NUnitTestProject.dll" adapterTypeName="executor://nunit3testexecutor/" className="NUnitTestProject.CurrencyHelperTests" name="FormatToStringTest1000(74152.7503934562d,&quot;74152.75 zł&quot;)" />
    </UnitTest>
    <UnitTest name="FormatToStringTest1000(38803.03958246253d,&quot;38803.04 zł&quot;)" storage="c:\projekty\nunittestproject\bin\debug\netcoreapp3.1\nunittestproject.dll" id="032648fc-0fdc-1a5c-ef88-d85403381c03">
      <Execution id="6d79a562-4700-49cf-afae-d21c155f190e" />
      <TestMethod codeBase="C:\Projekty\NUnitTestProject\bin\Debug\netcoreapp3.1\NUnitTestProject.dll" adapterTypeName="executor://nunit3testexecutor/" className="NUnitTestProject.CurrencyHelperTests" name="FormatToStringTest1000(38803.03958246253d,&quot;38803.04 zł&quot;)" />
    </UnitTest>
    <UnitTest name="FormatToStringTest1000(750.5106571719566d,&quot;750.51 zł&quot;)" storage="c:\projekty\nunittestproject\bin\debug\netcoreapp3.1\nunittestproject.dll" id="764dde41-f2ed-c432-64e0-910368db710d">
      <Execution id="1c43cfa4-b449-4a2c-84c4-9ca51b160782" />
      <TestMethod codeBase="C:\Projekty\NUnitTestProject\bin\Debug\netcoreapp3.1\NUnitTestProject.dll" adapterTypeName="executor://nunit3testexecutor/" className="NUnitTestProject.CurrencyHelperTests" name="FormatToStringTest1000(750.5106571719566d,&quot;750.51 zł&quot;)" />
    </UnitTest>
    <UnitTest name="FormatToStringTest1000(60701.5177499319d,&quot;60701.52 zł&quot;)" storage="c:\projekty\nunittestproject\bin\debug\netcoreapp3.1\nunittestproject.dll" id="5793f365-d163-be21-ca1f-4a66a13f32b3">
      <Execution id="3e03442c-9576-433b-a99d-72fb1d1f5f1f" />
      <TestMethod codeBase="C:\Projekty\NUnitTestProject\bin\Debug\netcoreapp3.1\NUnitTestProject.dll" adapterTypeName="executor://nunit3testexecutor/" className="NUnitTestProject.CurrencyHelperTests" name="FormatToStringTest1000(60701.5177499319d,&quot;60701.52 zł&quot;)" />
    </UnitTest>
    <UnitTest name="FormatToStringTest1000(3521.3657738167635d,&quot;3521.37 zł&quot;)" storage="c:\projekty\nunittestproject\bin\debug\netcoreapp3.1\nunittestproject.dll" id="daebc394-ed43-a172-b3fd-00de92d9d60e">
      <Execution id="1a191d80-4a24-4762-a1c0-a32fc8738d82" />
      <TestMethod codeBase="C:\Projekty\NUnitTestProject\bin\Debug\netcoreapp3.1\NUnitTestProject.dll" adapterTypeName="executor://nunit3testexecutor/" className="NUnitTestProject.CurrencyHelperTests" name="FormatToStringTest1000(3521.3657738167635d,&quot;3521.37 zł&quot;)" />
    </UnitTest>
    <UnitTest name="FormatToStringTest1000(15129.433864736666d,&quot;15129.43 zł&quot;)" storage="c:\projekty\nunittestproject\bin\debug\netcoreapp3.1\nunittestproject.dll" id="8257a4bf-ab18-2761-6e92-b21983b2b798">
      <Execution id="698ab2d1-5ff4-4e78-81b8-4b208c858083" />
      <TestMethod codeBase="C:\Projekty\NUnitTestProject\bin\Debug\netcoreapp3.1\NUnitTestProject.dll" adapterTypeName="executor://nunit3testexecutor/" className="NUnitTestProject.CurrencyHelperTests" name="FormatToStringTest1000(15129.433864736666d,&quot;15129.43 zł&quot;)" />
    </UnitTest>
    <UnitTest name="FormatToStringTest1000(6752.510462437062d,&quot;6752.51 zł&quot;)" storage="c:\projekty\nunittestproject\bin\debug\netcoreapp3.1\nunittestproject.dll" id="2e664e3e-5b40-d901-9f2b-e816fa56a993">
      <Execution id="2956c797-34b9-4457-9542-348063301673" />
      <TestMethod codeBase="C:\Projekty\NUnitTestProject\bin\Debug\netcoreapp3.1\NUnitTestProject.dll" adapterTypeName="executor://nunit3testexecutor/" className="NUnitTestProject.CurrencyHelperTests" name="FormatToStringTest1000(6752.510462437062d,&quot;6752.51 zł&quot;)" />
    </UnitTest>
    <UnitTest name="FormatToStringTest1000(18794.859523484418d,&quot;18794.86 zł&quot;)" storage="c:\projekty\nunittestproject\bin\debug\netcoreapp3.1\nunittestproject.dll" id="2adcf87c-7078-5286-2ca1-778b501cd9f7">
      <Execution id="10f70bb0-7a46-4c0b-9f01-368a26eb5a6a" />
      <TestMethod codeBase="C:\Projekty\NUnitTestProject\bin\Debug\netcoreapp3.1\NUnitTestProject.dll" adapterTypeName="executor://nunit3testexecutor/" className="NUnitTestProject.CurrencyHelperTests" name="FormatToStringTest1000(18794.859523484418d,&quot;18794.86 zł&quot;)" />
    </UnitTest>
    <UnitTest name="FormatToStringTest1000(4898.699005344277d,&quot;4898.70 zł&quot;)" storage="c:\projekty\nunittestproject\bin\debug\netcoreapp3.1\nunittestproject.dll" id="02f82b15-1853-9f05-8754-8f243db3e9b1">
      <Execution id="8662cad6-ac64-488e-bdd2-5b8baec4a87e" />
      <TestMethod codeBase="C:\Projekty\NUnitTestProject\bin\Debug\netcoreapp3.1\NUnitTestProject.dll" adapterTypeName="executor://nunit3testexecutor/" className="NUnitTestProject.CurrencyHelperTests" name="FormatToStringTest1000(4898.699005344277d,&quot;4898.70 zł&quot;)" />
    </UnitTest>
    <UnitTest name="FormatToStringTest1000(45930.2386782068d,&quot;45930.24 zł&quot;)" storage="c:\projekty\nunittestproject\bin\debug\netcoreapp3.1\nunittestproject.dll" id="d61c5a24-3052-33c6-809a-bcd51f433ccc">
      <Execution id="8f03c796-07b0-4345-a80c-2c43de3dfe48" />
      <TestMethod codeBase="C:\Projekty\NUnitTestProject\bin\Debug\netcoreapp3.1\NUnitTestProject.dll" adapterTypeName="executor://nunit3testexecutor/" className="NUnitTestProject.CurrencyHelperTests" name="FormatToStringTest1000(45930.2386782068d,&quot;45930.24 zł&quot;)" />
    </UnitTest>
    <UnitTest name="FormatToStringTest1000(12429.698213906819d,&quot;12429.70 zł&quot;)" storage="c:\projekty\nunittestproject\bin\debug\netcoreapp3.1\nunittestproject.dll" id="5fdca359-14d7-98c9-3f79-03e22f946141">
      <Execution id="08d6c512-b4b0-42f1-a54c-d5f8085ea145" />
      <TestMethod codeBase="C:\Projekty\NUnitTestProject\bin\Debug\netcoreapp3.1\NUnitTestProject.dll" adapterTypeName="executor://nunit3testexecutor/" className="NUnitTestProject.CurrencyHelperTests" name="FormatToStringTest1000(12429.698213906819d,&quot;12429.70 zł&quot;)" />
    </UnitTest>
    <UnitTest name="FormatToStringTest1000(10461.455048841171d,&quot;10461.46 zł&quot;)" storage="c:\projekty\nunittestproject\bin\debug\netcoreapp3.1\nunittestproject.dll" id="3fdf9576-9d1e-7734-64c7-98030c7feb4a">
      <Execution id="b8a8b64a-b8a0-470a-982a-b5fb65d36f0c" />
      <TestMethod codeBase="C:\Projekty\NUnitTestProject\bin\Debug\netcoreapp3.1\NUnitTestProject.dll" adapterTypeName="executor://nunit3testexecutor/" className="NUnitTestProject.CurrencyHelperTests" name="FormatToStringTest1000(10461.455048841171d,&quot;10461.46 zł&quot;)" />
    </UnitTest>
    <UnitTest name="FormatToStringTest1000(3131.5022711732904d,&quot;3131.50 zł&quot;)" storage="c:\projekty\nunittestproject\bin\debug\netcoreapp3.1\nunittestproject.dll" id="2f0cf2d4-3a28-6b74-1791-705b9f0277be">
      <Execution id="909527e0-4e80-488b-b140-7d89be90067f" />
      <TestMethod codeBase="C:\Projekty\NUnitTestProject\bin\Debug\netcoreapp3.1\NUnitTestProject.dll" adapterTypeName="executor://nunit3testexecutor/" className="NUnitTestProject.CurrencyHelperTests" name="FormatToStringTest1000(3131.5022711732904d,&quot;3131.50 zł&quot;)" />
    </UnitTest>
    <UnitTest name="FormatToStringTest1000(6958.393354767186d,&quot;6958.39 zł&quot;)" storage="c:\projekty\nunittestproject\bin\debug\netcoreapp3.1\nunittestproject.dll" id="96b3d30f-d6cb-f987-10e4-934fbe7403b3">
      <Execution id="f54a03cc-8b23-461e-b552-50c2226e3bdc" />
      <TestMethod codeBase="C:\Projekty\NUnitTestProject\bin\Debug\netcoreapp3.1\NUnitTestProject.dll" adapterTypeName="executor://nunit3testexecutor/" className="NUnitTestProject.CurrencyHelperTests" name="FormatToStringTest1000(6958.393354767186d,&quot;6958.39 zł&quot;)" />
    </UnitTest>
    <UnitTest name="FormatToStringTest1000(270.1894008262033d,&quot;270.19 zł&quot;)" storage="c:\projekty\nunittestproject\bin\debug\netcoreapp3.1\nunittestproject.dll" id="9a5250b7-62e0-de5b-0bd3-c2b7c7798ce7">
      <Execution id="23815ccd-841b-4e0f-91ec-1ff22b32aa87" />
      <TestMethod codeBase="C:\Projekty\NUnitTestProject\bin\Debug\netcoreapp3.1\NUnitTestProject.dll" adapterTypeName="executor://nunit3testexecutor/" className="NUnitTestProject.CurrencyHelperTests" name="FormatToStringTest1000(270.1894008262033d,&quot;270.19 zł&quot;)" />
    </UnitTest>
    <UnitTest name="FormatToStringTest1000(904.351189922705d,&quot;904.35 zł&quot;)" storage="c:\projekty\nunittestproject\bin\debug\netcoreapp3.1\nunittestproject.dll" id="a52cde15-d4da-6fd7-917d-2f5d406fbd21">
      <Execution id="b378eeca-79ce-4e2b-8231-9d653fe8cccb" />
      <TestMethod codeBase="C:\Projekty\NUnitTestProject\bin\Debug\netcoreapp3.1\NUnitTestProject.dll" adapterTypeName="executor://nunit3testexecutor/" className="NUnitTestProject.CurrencyHelperTests" name="FormatToStringTest1000(904.351189922705d,&quot;904.35 zł&quot;)" />
    </UnitTest>
    <UnitTest name="FormatToStringTest1000(4252.4012513842445d,&quot;4252.40 zł&quot;)" storage="c:\projekty\nunittestproject\bin\debug\netcoreapp3.1\nunittestproject.dll" id="aa52f83a-fd01-4271-59b5-322ecc9f9333">
      <Execution id="bb3fda94-3f61-4743-ba3e-b685137053ef" />
      <TestMethod codeBase="C:\Projekty\NUnitTestProject\bin\Debug\netcoreapp3.1\NUnitTestProject.dll" adapterTypeName="executor://nunit3testexecutor/" className="NUnitTestProject.CurrencyHelperTests" name="FormatToStringTest1000(4252.4012513842445d,&quot;4252.40 zł&quot;)" />
    </UnitTest>
    <UnitTest name="FormatToStringTest1000(42555.01416107594d,&quot;42555.01 zł&quot;)" storage="c:\projekty\nunittestproject\bin\debug\netcoreapp3.1\nunittestproject.dll" id="e073dcb9-6292-6a4c-9a77-75ed0e912310">
      <Execution id="919b3372-dabc-449f-9d1b-e870c5ed8b49" />
      <TestMethod codeBase="C:\Projekty\NUnitTestProject\bin\Debug\netcoreapp3.1\NUnitTestProject.dll" adapterTypeName="executor://nunit3testexecutor/" className="NUnitTestProject.CurrencyHelperTests" name="FormatToStringTest1000(42555.01416107594d,&quot;42555.01 zł&quot;)" />
    </UnitTest>
    <UnitTest name="FormatToStringTest1000(66945.02904917022d,&quot;66945.03 zł&quot;)" storage="c:\projekty\nunittestproject\bin\debug\netcoreapp3.1\nunittestproject.dll" id="712f5c64-914a-8747-dac9-aeb72d33838f">
      <Execution id="ff24cc9c-f854-43de-b2f0-705b68fa0dcd" />
      <TestMethod codeBase="C:\Projekty\NUnitTestProject\bin\Debug\netcoreapp3.1\NUnitTestProject.dll" adapterTypeName="executor://nunit3testexecutor/" className="NUnitTestProject.CurrencyHelperTests" name="FormatToStringTest1000(66945.02904917022d,&quot;66945.03 zł&quot;)" />
    </UnitTest>
    <UnitTest name="FormatToStringTest1000(7193.552206002898d,&quot;7193.55 zł&quot;)" storage="c:\projekty\nunittestproject\bin\debug\netcoreapp3.1\nunittestproject.dll" id="e16968dc-e551-2d79-073b-6318cfa896ba">
      <Execution id="f5e0f848-ec76-40c3-9a9b-d4bff20ffae5" />
      <TestMethod codeBase="C:\Projekty\NUnitTestProject\bin\Debug\netcoreapp3.1\NUnitTestProject.dll" adapterTypeName="executor://nunit3testexecutor/" className="NUnitTestProject.CurrencyHelperTests" name="FormatToStringTest1000(7193.552206002898d,&quot;7193.55 zł&quot;)" />
    </UnitTest>
    <UnitTest name="FormatToStringTest1000(2835.0728237931958d,&quot;2835.07 zł&quot;)" storage="c:\projekty\nunittestproject\bin\debug\netcoreapp3.1\nunittestproject.dll" id="ff7d5d75-8704-2f07-483c-d76f3a2523cc">
      <Execution id="538734c5-a4fa-4776-8d9a-d57821505bc1" />
      <TestMethod codeBase="C:\Projekty\NUnitTestProject\bin\Debug\netcoreapp3.1\NUnitTestProject.dll" adapterTypeName="executor://nunit3testexecutor/" className="NUnitTestProject.CurrencyHelperTests" name="FormatToStringTest1000(2835.0728237931958d,&quot;2835.07 zł&quot;)" />
    </UnitTest>
    <UnitTest name="FormatToStringTest1000(67380.07704875062d,&quot;67380.08 zł&quot;)" storage="c:\projekty\nunittestproject\bin\debug\netcoreapp3.1\nunittestproject.dll" id="891c0d76-e64c-f414-ec6a-1381d76267bf">
      <Execution id="df36eb95-ea7e-4ae7-9641-b795d3262fae" />
      <TestMethod codeBase="C:\Projekty\NUnitTestProject\bin\Debug\netcoreapp3.1\NUnitTestProject.dll" adapterTypeName="executor://nunit3testexecutor/" className="NUnitTestProject.CurrencyHelperTests" name="FormatToStringTest1000(67380.07704875062d,&quot;67380.08 zł&quot;)" />
    </UnitTest>
    <UnitTest name="FormatToStringTest1000(19783.413847500186d,&quot;19783.41 zł&quot;)" storage="c:\projekty\nunittestproject\bin\debug\netcoreapp3.1\nunittestproject.dll" id="bf09f141-5d04-1546-3599-f58a7debd81e">
      <Execution id="0a82491b-569b-4483-8bbc-c29d1dcad209" />
      <TestMethod codeBase="C:\Projekty\NUnitTestProject\bin\Debug\netcoreapp3.1\NUnitTestProject.dll" adapterTypeName="executor://nunit3testexecutor/" className="NUnitTestProject.CurrencyHelperTests" name="FormatToStringTest1000(19783.413847500186d,&quot;19783.41 zł&quot;)" />
    </UnitTest>
    <UnitTest name="FormatToStringTest1000(12528.413830086782d,&quot;12528.41 zł&quot;)" storage="c:\projekty\nunittestproject\bin\debug\netcoreapp3.1\nunittestproject.dll" id="311588b6-1eda-5995-3667-7c2c732d3f34">
      <Execution id="2a01f3aa-cb20-4483-b9ed-43a243f23f61" />
      <TestMethod codeBase="C:\Projekty\NUnitTestProject\bin\Debug\netcoreapp3.1\NUnitTestProject.dll" adapterTypeName="executor://nunit3testexecutor/" className="NUnitTestProject.CurrencyHelperTests" name="FormatToStringTest1000(12528.413830086782d,&quot;12528.41 zł&quot;)" />
    </UnitTest>
    <UnitTest name="FormatToStringTest1000(47431.868885526375d,&quot;47431.87 zł&quot;)" storage="c:\projekty\nunittestproject\bin\debug\netcoreapp3.1\nunittestproject.dll" id="0f39fcee-dd2f-44a0-e35a-8e74fa0a37f5">
      <Execution id="17244062-5049-48d6-8c32-d9183ffb36e2" />
      <TestMethod codeBase="C:\Projekty\NUnitTestProject\bin\Debug\netcoreapp3.1\NUnitTestProject.dll" adapterTypeName="executor://nunit3testexecutor/" className="NUnitTestProject.CurrencyHelperTests" name="FormatToStringTest1000(47431.868885526375d,&quot;47431.87 zł&quot;)" />
    </UnitTest>
    <UnitTest name="FormatToStringTest1000(9843.625240445894d,&quot;9843.63 zł&quot;)" storage="c:\projekty\nunittestproject\bin\debug\netcoreapp3.1\nunittestproject.dll" id="c1189369-93b0-2acc-f712-00eac1c7b884">
      <Execution id="bfcfcc68-a4cf-4c2c-acb9-3c5c7f50a597" />
      <TestMethod codeBase="C:\Projekty\NUnitTestProject\bin\Debug\netcoreapp3.1\NUnitTestProject.dll" adapterTypeName="executor://nunit3testexecutor/" className="NUnitTestProject.CurrencyHelperTests" name="FormatToStringTest1000(9843.625240445894d,&quot;9843.63 zł&quot;)" />
    </UnitTest>
    <UnitTest name="FormatToStringTest1000(49256.65708813195d,&quot;49256.66 zł&quot;)" storage="c:\projekty\nunittestproject\bin\debug\netcoreapp3.1\nunittestproject.dll" id="4860ad68-0544-30ce-66fd-690992dae18e">
      <Execution id="e01229df-67bb-44ca-90a4-f52028ee1526" />
      <TestMethod codeBase="C:\Projekty\NUnitTestProject\bin\Debug\netcoreapp3.1\NUnitTestProject.dll" adapterTypeName="executor://nunit3testexecutor/" className="NUnitTestProject.CurrencyHelperTests" name="FormatToStringTest1000(49256.65708813195d,&quot;49256.66 zł&quot;)" />
    </UnitTest>
    <UnitTest name="FormatToStringTest1000(16210.791556035536d,&quot;16210.79 zł&quot;)" storage="c:\projekty\nunittestproject\bin\debug\netcoreapp3.1\nunittestproject.dll" id="d39fbf53-bbf3-020f-e6d4-44b45bc00b41">
      <Execution id="f6326bac-7503-4371-bdae-f2bf85a996d5" />
      <TestMethod codeBase="C:\Projekty\NUnitTestProject\bin\Debug\netcoreapp3.1\NUnitTestProject.dll" adapterTypeName="executor://nunit3testexecutor/" className="NUnitTestProject.CurrencyHelperTests" name="FormatToStringTest1000(16210.791556035536d,&quot;16210.79 zł&quot;)" />
    </UnitTest>
    <UnitTest name="FormatToStringTest1000(1963.0091662979728d,&quot;1963.01 zł&quot;)" storage="c:\projekty\nunittestproject\bin\debug\netcoreapp3.1\nunittestproject.dll" id="848d2a90-a6ed-8153-c519-d66b9a7193d9">
      <Execution id="cc14444d-0abd-4cef-91d8-e044c3327507" />
      <TestMethod codeBase="C:\Projekty\NUnitTestProject\bin\Debug\netcoreapp3.1\NUnitTestProject.dll" adapterTypeName="executor://nunit3testexecutor/" className="NUnitTestProject.CurrencyHelperTests" name="FormatToStringTest1000(1963.0091662979728d,&quot;1963.01 zł&quot;)" />
    </UnitTest>
    <UnitTest name="FormatToStringTest1000(59247.898931587064d,&quot;59247.90 zł&quot;)" storage="c:\projekty\nunittestproject\bin\debug\netcoreapp3.1\nunittestproject.dll" id="097d9f12-a8b0-74cc-8829-12842d451447">
      <Execution id="baa02843-3aab-4b31-99de-78c5cb5af0d1" />
      <TestMethod codeBase="C:\Projekty\NUnitTestProject\bin\Debug\netcoreapp3.1\NUnitTestProject.dll" adapterTypeName="executor://nunit3testexecutor/" className="NUnitTestProject.CurrencyHelperTests" name="FormatToStringTest1000(59247.898931587064d,&quot;59247.90 zł&quot;)" />
    </UnitTest>
    <UnitTest name="FormatToStringTest1000(14719.97001409762d,&quot;14719.97 zł&quot;)" storage="c:\projekty\nunittestproject\bin\debug\netcoreapp3.1\nunittestproject.dll" id="e919c93b-2878-e388-877b-68a9f48cc9b1">
      <Execution id="1bfa5c9d-1f44-4e6e-b479-9e8d580704d0" />
      <TestMethod codeBase="C:\Projekty\NUnitTestProject\bin\Debug\netcoreapp3.1\NUnitTestProject.dll" adapterTypeName="executor://nunit3testexecutor/" className="NUnitTestProject.CurrencyHelperTests" name="FormatToStringTest1000(14719.97001409762d,&quot;14719.97 zł&quot;)" />
    </UnitTest>
    <UnitTest name="FormatToStringTest1000(76751.79413498091d,&quot;76751.79 zł&quot;)" storage="c:\projekty\nunittestproject\bin\debug\netcoreapp3.1\nunittestproject.dll" id="4ce6cb72-dabd-e3eb-6074-df75f0abcb26">
      <Execution id="28e3f65c-8ca4-4b9d-aa9d-b14990aaff1a" />
      <TestMethod codeBase="C:\Projekty\NUnitTestProject\bin\Debug\netcoreapp3.1\NUnitTestProject.dll" adapterTypeName="executor://nunit3testexecutor/" className="NUnitTestProject.CurrencyHelperTests" name="FormatToStringTest1000(76751.79413498091d,&quot;76751.79 zł&quot;)" />
    </UnitTest>
    <UnitTest name="FormatToStringTest1000(88616.03808168416d,&quot;88616.04 zł&quot;)" storage="c:\projekty\nunittestproject\bin\debug\netcoreapp3.1\nunittestproject.dll" id="80a01599-be59-3356-d51c-3d8e6f327fd1">
      <Execution id="10f5a48a-640b-46bb-97d0-159ccb7af9dc" />
      <TestMethod codeBase="C:\Projekty\NUnitTestProject\bin\Debug\netcoreapp3.1\NUnitTestProject.dll" adapterTypeName="executor://nunit3testexecutor/" className="NUnitTestProject.CurrencyHelperTests" name="FormatToStringTest1000(88616.03808168416d,&quot;88616.04 zł&quot;)" />
    </UnitTest>
    <UnitTest name="FormatToStringTest1000(19882.647973500494d,&quot;19882.65 zł&quot;)" storage="c:\projekty\nunittestproject\bin\debug\netcoreapp3.1\nunittestproject.dll" id="24a1bb0d-d69a-de21-49e4-5bbbeaac5021">
      <Execution id="60b831db-85d6-4c4f-af65-e394280f722b" />
      <TestMethod codeBase="C:\Projekty\NUnitTestProject\bin\Debug\netcoreapp3.1\NUnitTestProject.dll" adapterTypeName="executor://nunit3testexecutor/" className="NUnitTestProject.CurrencyHelperTests" name="FormatToStringTest1000(19882.647973500494d,&quot;19882.65 zł&quot;)" />
    </UnitTest>
    <UnitTest name="FormatToStringTest1000(76106.57198894516d,&quot;76106.57 zł&quot;)" storage="c:\projekty\nunittestproject\bin\debug\netcoreapp3.1\nunittestproject.dll" id="b643553f-2706-197d-9fb1-e9b050657f08">
      <Execution id="48f1908a-1c50-4363-b545-7f6222de09c2" />
      <TestMethod codeBase="C:\Projekty\NUnitTestProject\bin\Debug\netcoreapp3.1\NUnitTestProject.dll" adapterTypeName="executor://nunit3testexecutor/" className="NUnitTestProject.CurrencyHelperTests" name="FormatToStringTest1000(76106.57198894516d,&quot;76106.57 zł&quot;)" />
    </UnitTest>
    <UnitTest name="FormatToStringTest1000(25794.833624416417d,&quot;25794.83 zł&quot;)" storage="c:\projekty\nunittestproject\bin\debug\netcoreapp3.1\nunittestproject.dll" id="64584126-c6a0-fbd7-9fe1-1a9b0d36c2b6">
      <Execution id="a135614d-10fe-4f56-9557-21243c6c10fa" />
      <TestMethod codeBase="C:\Projekty\NUnitTestProject\bin\Debug\netcoreapp3.1\NUnitTestProject.dll" adapterTypeName="executor://nunit3testexecutor/" className="NUnitTestProject.CurrencyHelperTests" name="FormatToStringTest1000(25794.833624416417d,&quot;25794.83 zł&quot;)" />
    </UnitTest>
    <UnitTest name="FormatToStringTest1000(33206.73122987837d,&quot;33206.73 zł&quot;)" storage="c:\projekty\nunittestproject\bin\debug\netcoreapp3.1\nunittestproject.dll" id="b1be5e34-279b-4416-5a52-95321e0442b4">
      <Execution id="f0e11ab5-d0f1-4e31-b424-18724e43ff3c" />
      <TestMethod codeBase="C:\Projekty\NUnitTestProject\bin\Debug\netcoreapp3.1\NUnitTestProject.dll" adapterTypeName="executor://nunit3testexecutor/" className="NUnitTestProject.CurrencyHelperTests" name="FormatToStringTest1000(33206.73122987837d,&quot;33206.73 zł&quot;)" />
    </UnitTest>
    <UnitTest name="FormatToStringTest1000(32812.53695512634d,&quot;32812.54 zł&quot;)" storage="c:\projekty\nunittestproject\bin\debug\netcoreapp3.1\nunittestproject.dll" id="c7fd498b-03da-468c-aa24-ce275275bb84">
      <Execution id="a4a0aaf6-71b9-448b-845f-2f3a00f09729" />
      <TestMethod codeBase="C:\Projekty\NUnitTestProject\bin\Debug\netcoreapp3.1\NUnitTestProject.dll" adapterTypeName="executor://nunit3testexecutor/" className="NUnitTestProject.CurrencyHelperTests" name="FormatToStringTest1000(32812.53695512634d,&quot;32812.54 zł&quot;)" />
    </UnitTest>
    <UnitTest name="FormatToStringTest1000(3799.9216302064815d,&quot;3799.92 zł&quot;)" storage="c:\projekty\nunittestproject\bin\debug\netcoreapp3.1\nunittestproject.dll" id="adc5ef62-1184-5cc3-ec81-b0b338d88e48">
      <Execution id="1a071fd0-8be1-4af9-97af-ce6c4d650d88" />
      <TestMethod codeBase="C:\Projekty\NUnitTestProject\bin\Debug\netcoreapp3.1\NUnitTestProject.dll" adapterTypeName="executor://nunit3testexecutor/" className="NUnitTestProject.CurrencyHelperTests" name="FormatToStringTest1000(3799.9216302064815d,&quot;3799.92 zł&quot;)" />
    </UnitTest>
    <UnitTest name="FormatToStringTest1000(20482.32969107308d,&quot;20482.33 zł&quot;)" storage="c:\projekty\nunittestproject\bin\debug\netcoreapp3.1\nunittestproject.dll" id="50412f91-cd15-dc69-c1d6-5d9dbd95d4af">
      <Execution id="d77920a3-34e2-4af7-9f8c-fbf45909df44" />
      <TestMethod codeBase="C:\Projekty\NUnitTestProject\bin\Debug\netcoreapp3.1\NUnitTestProject.dll" adapterTypeName="executor://nunit3testexecutor/" className="NUnitTestProject.CurrencyHelperTests" name="FormatToStringTest1000(20482.32969107308d,&quot;20482.33 zł&quot;)" />
    </UnitTest>
    <UnitTest name="FormatToStringTest1000(45070.5442499493d,&quot;45070.54 zł&quot;)" storage="c:\projekty\nunittestproject\bin\debug\netcoreapp3.1\nunittestproject.dll" id="ce8c4658-51b9-647a-8bb3-9c2995dd5a3c">
      <Execution id="689770ad-9b15-4505-be01-c7465a581586" />
      <TestMethod codeBase="C:\Projekty\NUnitTestProject\bin\Debug\netcoreapp3.1\NUnitTestProject.dll" adapterTypeName="executor://nunit3testexecutor/" className="NUnitTestProject.CurrencyHelperTests" name="FormatToStringTest1000(45070.5442499493d,&quot;45070.54 zł&quot;)" />
    </UnitTest>
    <UnitTest name="FormatToStringTest1000(30126.012320622805d,&quot;30126.01 zł&quot;)" storage="c:\projekty\nunittestproject\bin\debug\netcoreapp3.1\nunittestproject.dll" id="39997ae6-4a52-e491-d8ae-8d3f689efcd5">
      <Execution id="eb182367-7caf-448e-9da8-d82c6a13b267" />
      <TestMethod codeBase="C:\Projekty\NUnitTestProject\bin\Debug\netcoreapp3.1\NUnitTestProject.dll" adapterTypeName="executor://nunit3testexecutor/" className="NUnitTestProject.CurrencyHelperTests" name="FormatToStringTest1000(30126.012320622805d,&quot;30126.01 zł&quot;)" />
    </UnitTest>
    <UnitTest name="FormatToStringTest1000(1799.2562459103092d,&quot;1799.26 zł&quot;)" storage="c:\projekty\nunittestproject\bin\debug\netcoreapp3.1\nunittestproject.dll" id="f2ce681e-8a28-41b9-4a1e-04b76b54add8">
      <Execution id="fa4cab07-4d8d-4d58-8f37-7345dc78e2a6" />
      <TestMethod codeBase="C:\Projekty\NUnitTestProject\bin\Debug\netcoreapp3.1\NUnitTestProject.dll" adapterTypeName="executor://nunit3testexecutor/" className="NUnitTestProject.CurrencyHelperTests" name="FormatToStringTest1000(1799.2562459103092d,&quot;1799.26 zł&quot;)" />
    </UnitTest>
    <UnitTest name="FormatToStringTest1000(7119.076353227755d,&quot;7119.08 zł&quot;)" storage="c:\projekty\nunittestproject\bin\debug\netcoreapp3.1\nunittestproject.dll" id="0c4c15ff-4158-9c17-cd9b-2647420fd170">
      <Execution id="154abf79-fb4a-4568-8c56-0ccf3d3fb31c" />
      <TestMethod codeBase="C:\Projekty\NUnitTestProject\bin\Debug\netcoreapp3.1\NUnitTestProject.dll" adapterTypeName="executor://nunit3testexecutor/" className="NUnitTestProject.CurrencyHelperTests" name="FormatToStringTest1000(7119.076353227755d,&quot;7119.08 zł&quot;)" />
    </UnitTest>
    <UnitTest name="FormatToStringTest1000(20012.898273490322d,&quot;20012.90 zł&quot;)" storage="c:\projekty\nunittestproject\bin\debug\netcoreapp3.1\nunittestproject.dll" id="19843874-c731-8a36-a21a-27e85d4f5a57">
      <Execution id="64809c37-97c8-4c2e-a92a-b2982e194b52" />
      <TestMethod codeBase="C:\Projekty\NUnitTestProject\bin\Debug\netcoreapp3.1\NUnitTestProject.dll" adapterTypeName="executor://nunit3testexecutor/" className="NUnitTestProject.CurrencyHelperTests" name="FormatToStringTest1000(20012.898273490322d,&quot;20012.90 zł&quot;)" />
    </UnitTest>
    <UnitTest name="FormatToStringTest1000(15190.097283723344d,&quot;15190.10 zł&quot;)" storage="c:\projekty\nunittestproject\bin\debug\netcoreapp3.1\nunittestproject.dll" id="ef53e72d-a746-f7fd-4dfa-41ab2ce4fb60">
      <Execution id="32769f2b-34fd-4234-8b64-ac79e8b9fbd2" />
      <TestMethod codeBase="C:\Projekty\NUnitTestProject\bin\Debug\netcoreapp3.1\NUnitTestProject.dll" adapterTypeName="executor://nunit3testexecutor/" className="NUnitTestProject.CurrencyHelperTests" name="FormatToStringTest1000(15190.097283723344d,&quot;15190.10 zł&quot;)" />
    </UnitTest>
    <UnitTest name="FormatToStringTest1000(9503.466049463705d,&quot;9503.47 zł&quot;)" storage="c:\projekty\nunittestproject\bin\debug\netcoreapp3.1\nunittestproject.dll" id="7b7e9341-cf8b-f510-483a-d874dccbbbca">
      <Execution id="2bb76c50-1cd0-4c9c-a730-90b13f5879c7" />
      <TestMethod codeBase="C:\Projekty\NUnitTestProject\bin\Debug\netcoreapp3.1\NUnitTestProject.dll" adapterTypeName="executor://nunit3testexecutor/" className="NUnitTestProject.CurrencyHelperTests" name="FormatToStringTest1000(9503.466049463705d,&quot;9503.47 zł&quot;)" />
    </UnitTest>
    <UnitTest name="FormatToStringTest1000(3431.864349926759d,&quot;3431.86 zł&quot;)" storage="c:\projekty\nunittestproject\bin\debug\netcoreapp3.1\nunittestproject.dll" id="99e6fef3-9023-2c5a-5c8b-926a855c5d84">
      <Execution id="a87fa9b6-77cc-46f4-96d9-5d4ac95a4f18" />
      <TestMethod codeBase="C:\Projekty\NUnitTestProject\bin\Debug\netcoreapp3.1\NUnitTestProject.dll" adapterTypeName="executor://nunit3testexecutor/" className="NUnitTestProject.CurrencyHelperTests" name="FormatToStringTest1000(3431.864349926759d,&quot;3431.86 zł&quot;)" />
    </UnitTest>
    <UnitTest name="FormatToStringTest1000(8095.485677032492d,&quot;8095.49 zł&quot;)" storage="c:\projekty\nunittestproject\bin\debug\netcoreapp3.1\nunittestproject.dll" id="b168b1f7-674c-8775-2a66-cf7d7f806851">
      <Execution id="5cc624ee-666d-4da6-861b-1f794e6d520c" />
      <TestMethod codeBase="C:\Projekty\NUnitTestProject\bin\Debug\netcoreapp3.1\NUnitTestProject.dll" adapterTypeName="executor://nunit3testexecutor/" className="NUnitTestProject.CurrencyHelperTests" name="FormatToStringTest1000(8095.485677032492d,&quot;8095.49 zł&quot;)" />
    </UnitTest>
    <UnitTest name="FormatToStringTest1000(79.6815319544084d,&quot;79.68 zł&quot;)" storage="c:\projekty\nunittestproject\bin\debug\netcoreapp3.1\nunittestproject.dll" id="95a4da2d-eeda-4697-a7af-1236c580bef1">
      <Execution id="2cf6dd0a-5d7c-48e9-a2a9-1d45f667da1b" />
      <TestMethod codeBase="C:\Projekty\NUnitTestProject\bin\Debug\netcoreapp3.1\NUnitTestProject.dll" adapterTypeName="executor://nunit3testexecutor/" className="NUnitTestProject.CurrencyHelperTests" name="FormatToStringTest1000(79.6815319544084d,&quot;79.68 zł&quot;)" />
    </UnitTest>
    <UnitTest name="FormatToStringTest1000(11100.829211263372d,&quot;11100.83 zł&quot;)" storage="c:\projekty\nunittestproject\bin\debug\netcoreapp3.1\nunittestproject.dll" id="705f4fef-5f3d-03f1-6410-c3ee16921998">
      <Execution id="a056dca2-61c6-43d6-9cef-34316cd890f5" />
      <TestMethod codeBase="C:\Projekty\NUnitTestProject\bin\Debug\netcoreapp3.1\NUnitTestProject.dll" adapterTypeName="executor://nunit3testexecutor/" className="NUnitTestProject.CurrencyHelperTests" name="FormatToStringTest1000(11100.829211263372d,&quot;11100.83 zł&quot;)" />
    </UnitTest>
    <UnitTest name="FormatToStringTest1000(11944.74385168531d,&quot;11944.74 zł&quot;)" storage="c:\projekty\nunittestproject\bin\debug\netcoreapp3.1\nunittestproject.dll" id="1172006b-9d72-b3a7-ee7d-07862438f160">
      <Execution id="ece31b81-08ad-46ae-aa8c-2f751850cb0e" />
      <TestMethod codeBase="C:\Projekty\NUnitTestProject\bin\Debug\netcoreapp3.1\NUnitTestProject.dll" adapterTypeName="executor://nunit3testexecutor/" className="NUnitTestProject.CurrencyHelperTests" name="FormatToStringTest1000(11944.74385168531d,&quot;11944.74 zł&quot;)" />
    </UnitTest>
    <UnitTest name="FormatToStringTest1000(6313.543884690639d,&quot;6313.54 zł&quot;)" storage="c:\projekty\nunittestproject\bin\debug\netcoreapp3.1\nunittestproject.dll" id="75afa51d-4efe-ca98-69aa-dcba7171c9c1">
      <Execution id="e02017c2-bd4a-4dda-a5e8-9f5b3f9c39a6" />
      <TestMethod codeBase="C:\Projekty\NUnitTestProject\bin\Debug\netcoreapp3.1\NUnitTestProject.dll" adapterTypeName="executor://nunit3testexecutor/" className="NUnitTestProject.CurrencyHelperTests" name="FormatToStringTest1000(6313.543884690639d,&quot;6313.54 zł&quot;)" />
    </UnitTest>
    <UnitTest name="FormatToStringTest1000(1181.5773122979222d,&quot;1181.58 zł&quot;)" storage="c:\projekty\nunittestproject\bin\debug\netcoreapp3.1\nunittestproject.dll" id="b7ec82f7-3497-4dc6-bb74-fbcde89b4ab4">
      <Execution id="15a9dd6f-947f-4b6e-8aff-f0dfc14d6bc9" />
      <TestMethod codeBase="C:\Projekty\NUnitTestProject\bin\Debug\netcoreapp3.1\NUnitTestProject.dll" adapterTypeName="executor://nunit3testexecutor/" className="NUnitTestProject.CurrencyHelperTests" name="FormatToStringTest1000(1181.5773122979222d,&quot;1181.58 zł&quot;)" />
    </UnitTest>
    <UnitTest name="FormatToStringTest1000(20978.860218282258d,&quot;20978.86 zł&quot;)" storage="c:\projekty\nunittestproject\bin\debug\netcoreapp3.1\nunittestproject.dll" id="9c7df8f2-0bef-5347-a48a-3dbf0cbe5e21">
      <Execution id="a28b2cec-a7f5-4c2f-ab36-cdd66f944a58" />
      <TestMethod codeBase="C:\Projekty\NUnitTestProject\bin\Debug\netcoreapp3.1\NUnitTestProject.dll" adapterTypeName="executor://nunit3testexecutor/" className="NUnitTestProject.CurrencyHelperTests" name="FormatToStringTest1000(20978.860218282258d,&quot;20978.86 zł&quot;)" />
    </UnitTest>
    <UnitTest name="FormatToStringTest1000(6027.66019266828d,&quot;6027.66 zł&quot;)" storage="c:\projekty\nunittestproject\bin\debug\netcoreapp3.1\nunittestproject.dll" id="7422afbf-8dc8-2993-87d6-1f702a4bc862">
      <Execution id="755e7061-cbc1-43d4-b253-3120eded5602" />
      <TestMethod codeBase="C:\Projekty\NUnitTestProject\bin\Debug\netcoreapp3.1\NUnitTestProject.dll" adapterTypeName="executor://nunit3testexecutor/" className="NUnitTestProject.CurrencyHelperTests" name="FormatToStringTest1000(6027.66019266828d,&quot;6027.66 zł&quot;)" />
    </UnitTest>
    <UnitTest name="FormatToStringTest1000(10641.263377953444d,&quot;10641.26 zł&quot;)" storage="c:\projekty\nunittestproject\bin\debug\netcoreapp3.1\nunittestproject.dll" id="9abe82c5-80fa-2d6a-e76f-8b42c308f2c5">
      <Execution id="23e59131-67e7-4d74-a86f-289453820bdd" />
      <TestMethod codeBase="C:\Projekty\NUnitTestProject\bin\Debug\netcoreapp3.1\NUnitTestProject.dll" adapterTypeName="executor://nunit3testexecutor/" className="NUnitTestProject.CurrencyHelperTests" name="FormatToStringTest1000(10641.263377953444d,&quot;10641.26 zł&quot;)" />
    </UnitTest>
    <UnitTest name="FormatToStringTest1000(6654.099431086378d,&quot;6654.10 zł&quot;)" storage="c:\projekty\nunittestproject\bin\debug\netcoreapp3.1\nunittestproject.dll" id="62b70b12-663c-a906-288d-6817a450e2b9">
      <Execution id="b7298eae-9d8a-4229-a56f-77ea6d39fa32" />
      <TestMethod codeBase="C:\Projekty\NUnitTestProject\bin\Debug\netcoreapp3.1\NUnitTestProject.dll" adapterTypeName="executor://nunit3testexecutor/" className="NUnitTestProject.CurrencyHelperTests" name="FormatToStringTest1000(6654.099431086378d,&quot;6654.10 zł&quot;)" />
    </UnitTest>
    <UnitTest name="FormatToStringTest1000(7669.3855620214645d,&quot;7669.39 zł&quot;)" storage="c:\projekty\nunittestproject\bin\debug\netcoreapp3.1\nunittestproject.dll" id="90740d7b-70ce-f3ca-de0f-889615c99e7a">
      <Execution id="20dd2e7c-895d-4393-9ac2-a5248b1efea8" />
      <TestMethod codeBase="C:\Projekty\NUnitTestProject\bin\Debug\netcoreapp3.1\NUnitTestProject.dll" adapterTypeName="executor://nunit3testexecutor/" className="NUnitTestProject.CurrencyHelperTests" name="FormatToStringTest1000(7669.3855620214645d,&quot;7669.39 zł&quot;)" />
    </UnitTest>
    <UnitTest name="FormatToStringTest1000(12379.347974640013d,&quot;12379.35 zł&quot;)" storage="c:\projekty\nunittestproject\bin\debug\netcoreapp3.1\nunittestproject.dll" id="f9126a5c-91ab-1e44-30e6-13ca198640cb">
      <Execution id="1ab5e1fe-0a23-4d2a-9321-498f8ea387df" />
      <TestMethod codeBase="C:\Projekty\NUnitTestProject\bin\Debug\netcoreapp3.1\NUnitTestProject.dll" adapterTypeName="executor://nunit3testexecutor/" className="NUnitTestProject.CurrencyHelperTests" name="FormatToStringTest1000(12379.347974640013d,&quot;12379.35 zł&quot;)" />
    </UnitTest>
    <UnitTest name="FormatToStringTest1000(40400.9734049295d,&quot;40400.97 zł&quot;)" storage="c:\projekty\nunittestproject\bin\debug\netcoreapp3.1\nunittestproject.dll" id="7c29140c-1ee9-b980-7778-18b11231f8a3">
      <Execution id="0a3610ce-5efd-4178-acae-fc8bad8c7c64" />
      <TestMethod codeBase="C:\Projekty\NUnitTestProject\bin\Debug\netcoreapp3.1\NUnitTestProject.dll" adapterTypeName="executor://nunit3testexecutor/" className="NUnitTestProject.CurrencyHelperTests" name="FormatToStringTest1000(40400.9734049295d,&quot;40400.97 zł&quot;)" />
    </UnitTest>
    <UnitTest name="FormatToStringTest1000(16388.556189478633d,&quot;16388.56 zł&quot;)" storage="c:\projekty\nunittestproject\bin\debug\netcoreapp3.1\nunittestproject.dll" id="19309037-483b-d4c8-73ea-f8f351cef324">
      <Execution id="725dc402-10d1-473e-97c3-d88f3d8d3bae" />
      <TestMethod codeBase="C:\Projekty\NUnitTestProject\bin\Debug\netcoreapp3.1\NUnitTestProject.dll" adapterTypeName="executor://nunit3testexecutor/" className="NUnitTestProject.CurrencyHelperTests" name="FormatToStringTest1000(16388.556189478633d,&quot;16388.56 zł&quot;)" />
    </UnitTest>
    <UnitTest name="FormatToStringTest1000(42767.96883676898d,&quot;42767.97 zł&quot;)" storage="c:\projekty\nunittestproject\bin\debug\netcoreapp3.1\nunittestproject.dll" id="a5617ce6-af44-3da3-775d-82bd0343fcd9">
      <Execution id="337e6abb-2843-4703-994c-14d35bea8a18" />
      <TestMethod codeBase="C:\Projekty\NUnitTestProject\bin\Debug\netcoreapp3.1\NUnitTestProject.dll" adapterTypeName="executor://nunit3testexecutor/" className="NUnitTestProject.CurrencyHelperTests" name="FormatToStringTest1000(42767.96883676898d,&quot;42767.97 zł&quot;)" />
    </UnitTest>
    <UnitTest name="FormatToStringTest1000(48654.65723134794d,&quot;48654.66 zł&quot;)" storage="c:\projekty\nunittestproject\bin\debug\netcoreapp3.1\nunittestproject.dll" id="0e06d825-6ba9-71ac-24ec-c9336680dd03">
      <Execution id="cc5947eb-bfde-488c-9e1b-1b7b80868bbc" />
      <TestMethod codeBase="C:\Projekty\NUnitTestProject\bin\Debug\netcoreapp3.1\NUnitTestProject.dll" adapterTypeName="executor://nunit3testexecutor/" className="NUnitTestProject.CurrencyHelperTests" name="FormatToStringTest1000(48654.65723134794d,&quot;48654.66 zł&quot;)" />
    </UnitTest>
    <UnitTest name="FormatToStringTest1000(5279.315995182524d,&quot;5279.32 zł&quot;)" storage="c:\projekty\nunittestproject\bin\debug\netcoreapp3.1\nunittestproject.dll" id="84106c87-4ea7-9a5a-a250-230c7c8ac9ba">
      <Execution id="bdd2a56d-5267-441b-b4ad-518bbd26d385" />
      <TestMethod codeBase="C:\Projekty\NUnitTestProject\bin\Debug\netcoreapp3.1\NUnitTestProject.dll" adapterTypeName="executor://nunit3testexecutor/" className="NUnitTestProject.CurrencyHelperTests" name="FormatToStringTest1000(5279.315995182524d,&quot;5279.32 zł&quot;)" />
    </UnitTest>
    <UnitTest name="FormatToStringTest1000(44065.726815678056d,&quot;44065.73 zł&quot;)" storage="c:\projekty\nunittestproject\bin\debug\netcoreapp3.1\nunittestproject.dll" id="fea06ea0-1747-ca17-2548-261210975e57">
      <Execution id="12e4cc02-2706-4882-8668-6629dd0c5fb9" />
      <TestMethod codeBase="C:\Projekty\NUnitTestProject\bin\Debug\netcoreapp3.1\NUnitTestProject.dll" adapterTypeName="executor://nunit3testexecutor/" className="NUnitTestProject.CurrencyHelperTests" name="FormatToStringTest1000(44065.726815678056d,&quot;44065.73 zł&quot;)" />
    </UnitTest>
    <UnitTest name="FormatToStringTest1000(19210.519530370144d,&quot;19210.52 zł&quot;)" storage="c:\projekty\nunittestproject\bin\debug\netcoreapp3.1\nunittestproject.dll" id="274e5ca5-6e22-8c94-c538-bc2ca6c5742f">
      <Execution id="c601117f-c17c-404c-9501-583e76cd3cdb" />
      <TestMethod codeBase="C:\Projekty\NUnitTestProject\bin\Debug\netcoreapp3.1\NUnitTestProject.dll" adapterTypeName="executor://nunit3testexecutor/" className="NUnitTestProject.CurrencyHelperTests" name="FormatToStringTest1000(19210.519530370144d,&quot;19210.52 zł&quot;)" />
    </UnitTest>
    <UnitTest name="FormatToStringTest1000(9068.70019550468d,&quot;9068.70 zł&quot;)" storage="c:\projekty\nunittestproject\bin\debug\netcoreapp3.1\nunittestproject.dll" id="7e4135b8-b66c-77ce-172b-34d352f16888">
      <Execution id="5b591c5f-1b15-43d9-8c5d-54597c71bf8d" />
      <TestMethod codeBase="C:\Projekty\NUnitTestProject\bin\Debug\netcoreapp3.1\NUnitTestProject.dll" adapterTypeName="executor://nunit3testexecutor/" className="NUnitTestProject.CurrencyHelperTests" name="FormatToStringTest1000(9068.70019550468d,&quot;9068.70 zł&quot;)" />
    </UnitTest>
    <UnitTest name="FormatToStringTest1000(32359.431438434138d,&quot;32359.43 zł&quot;)" storage="c:\projekty\nunittestproject\bin\debug\netcoreapp3.1\nunittestproject.dll" id="23adbcea-fc51-4a16-9d4b-141d8a8f1fb7">
      <Execution id="17ae4d26-5c2e-4db6-8bdd-1dac7ffd9de6" />
      <TestMethod codeBase="C:\Projekty\NUnitTestProject\bin\Debug\netcoreapp3.1\NUnitTestProject.dll" adapterTypeName="executor://nunit3testexecutor/" className="NUnitTestProject.CurrencyHelperTests" name="FormatToStringTest1000(32359.431438434138d,&quot;32359.43 zł&quot;)" />
    </UnitTest>
    <UnitTest name="FormatToStringTest1000(39531.95190033268d,&quot;39531.95 zł&quot;)" storage="c:\projekty\nunittestproject\bin\debug\netcoreapp3.1\nunittestproject.dll" id="cba33adf-d8e4-1800-afdf-f1e10b328694">
      <Execution id="5595beb0-d1a0-4e7f-93cb-e1e747296425" />
      <TestMethod codeBase="C:\Projekty\NUnitTestProject\bin\Debug\netcoreapp3.1\NUnitTestProject.dll" adapterTypeName="executor://nunit3testexecutor/" className="NUnitTestProject.CurrencyHelperTests" name="FormatToStringTest1000(39531.95190033268d,&quot;39531.95 zł&quot;)" />
    </UnitTest>
    <UnitTest name="FormatToStringTest1000(37.631227987646696d,&quot;37.63 zł&quot;)" storage="c:\projekty\nunittestproject\bin\debug\netcoreapp3.1\nunittestproject.dll" id="71678dc5-b379-afbc-5607-17cbf413146c">
      <Execution id="91760563-e794-4b21-b69a-035072174367" />
      <TestMethod codeBase="C:\Projekty\NUnitTestProject\bin\Debug\netcoreapp3.1\NUnitTestProject.dll" adapterTypeName="executor://nunit3testexecutor/" className="NUnitTestProject.CurrencyHelperTests" name="FormatToStringTest1000(37.631227987646696d,&quot;37.63 zł&quot;)" />
    </UnitTest>
    <UnitTest name="FormatToStringTest1000(16673.5121774904d,&quot;16673.51 zł&quot;)" storage="c:\projekty\nunittestproject\bin\debug\netcoreapp3.1\nunittestproject.dll" id="5326d1dc-d18e-0528-8ffb-d0be584509e9">
      <Execution id="4a47505f-7cc8-482e-b803-318dd13eb59a" />
      <TestMethod codeBase="C:\Projekty\NUnitTestProject\bin\Debug\netcoreapp3.1\NUnitTestProject.dll" adapterTypeName="executor://nunit3testexecutor/" className="NUnitTestProject.CurrencyHelperTests" name="FormatToStringTest1000(16673.5121774904d,&quot;16673.51 zł&quot;)" />
    </UnitTest>
    <UnitTest name="FormatToStringTest1000(30199.386730006612d,&quot;30199.39 zł&quot;)" storage="c:\projekty\nunittestproject\bin\debug\netcoreapp3.1\nunittestproject.dll" id="e384d116-33c4-57e3-344d-6dd941c8a721">
      <Execution id="943c5fb9-4e02-4553-a51c-8ca386528e84" />
      <TestMethod codeBase="C:\Projekty\NUnitTestProject\bin\Debug\netcoreapp3.1\NUnitTestProject.dll" adapterTypeName="executor://nunit3testexecutor/" className="NUnitTestProject.CurrencyHelperTests" name="FormatToStringTest1000(30199.386730006612d,&quot;30199.39 zł&quot;)" />
    </UnitTest>
    <UnitTest name="FormatToStringTest1000(24024.14691439557d,&quot;24024.15 zł&quot;)" storage="c:\projekty\nunittestproject\bin\debug\netcoreapp3.1\nunittestproject.dll" id="d33250cc-856d-72f0-98a8-7c84be2f792c">
      <Execution id="ec15f673-aec8-4e6b-9c5a-e33fd6284360" />
      <TestMethod codeBase="C:\Projekty\NUnitTestProject\bin\Debug\netcoreapp3.1\NUnitTestProject.dll" adapterTypeName="executor://nunit3testexecutor/" className="NUnitTestProject.CurrencyHelperTests" name="FormatToStringTest1000(24024.14691439557d,&quot;24024.15 zł&quot;)" />
    </UnitTest>
    <UnitTest name="FormatToStringTest1000(68698.01923441609d,&quot;68698.02 zł&quot;)" storage="c:\projekty\nunittestproject\bin\debug\netcoreapp3.1\nunittestproject.dll" id="6df8a807-c182-b8aa-45a8-8ae3c76a3ec5">
      <Execution id="5a6b39ae-7ab3-41d1-88f3-c4c50046e60e" />
      <TestMethod codeBase="C:\Projekty\NUnitTestProject\bin\Debug\netcoreapp3.1\NUnitTestProject.dll" adapterTypeName="executor://nunit3testexecutor/" className="NUnitTestProject.CurrencyHelperTests" name="FormatToStringTest1000(68698.01923441609d,&quot;68698.02 zł&quot;)" />
    </UnitTest>
    <UnitTest name="FormatToStringTest1000(4139.032615562451d,&quot;4139.03 zł&quot;)" storage="c:\projekty\nunittestproject\bin\debug\netcoreapp3.1\nunittestproject.dll" id="d6efedb1-9c49-9ed3-fbe1-de90224308a3">
      <Execution id="983a5925-cc1a-4156-a030-03ce92997c15" />
      <TestMethod codeBase="C:\Projekty\NUnitTestProject\bin\Debug\netcoreapp3.1\NUnitTestProject.dll" adapterTypeName="executor://nunit3testexecutor/" className="NUnitTestProject.CurrencyHelperTests" name="FormatToStringTest1000(4139.032615562451d,&quot;4139.03 zł&quot;)" />
    </UnitTest>
    <UnitTest name="FormatToStringTest1000(38402.8293406753d,&quot;38402.83 zł&quot;)" storage="c:\projekty\nunittestproject\bin\debug\netcoreapp3.1\nunittestproject.dll" id="fb12626f-6bd8-49ed-e189-ad76e4b7496b">
      <Execution id="53482f99-add9-47a8-b88e-bb5ededa2ad2" />
      <TestMethod codeBase="C:\Projekty\NUnitTestProject\bin\Debug\netcoreapp3.1\NUnitTestProject.dll" adapterTypeName="executor://nunit3testexecutor/" className="NUnitTestProject.CurrencyHelperTests" name="FormatToStringTest1000(38402.8293406753d,&quot;38402.83 zł&quot;)" />
    </UnitTest>
    <UnitTest name="FormatToStringTest1000(10324.538670147089d,&quot;10324.54 zł&quot;)" storage="c:\projekty\nunittestproject\bin\debug\netcoreapp3.1\nunittestproject.dll" id="57ff7061-f165-0166-a6d9-95fdfc400dea">
      <Execution id="fd961b93-6834-4057-96ea-110547eba602" />
      <TestMethod codeBase="C:\Projekty\NUnitTestProject\bin\Debug\netcoreapp3.1\NUnitTestProject.dll" adapterTypeName="executor://nunit3testexecutor/" className="NUnitTestProject.CurrencyHelperTests" name="FormatToStringTest1000(10324.538670147089d,&quot;10324.54 zł&quot;)" />
    </UnitTest>
    <UnitTest name="FormatToStringTest1000(54088.326214851964d,&quot;54088.33 zł&quot;)" storage="c:\projekty\nunittestproject\bin\debug\netcoreapp3.1\nunittestproject.dll" id="026ac8cf-e708-7f65-282f-a4f25298f17b">
      <Execution id="d61c5a26-5809-4966-b970-a0ff1e7cf7f1" />
      <TestMethod codeBase="C:\Projekty\NUnitTestProject\bin\Debug\netcoreapp3.1\NUnitTestProject.dll" adapterTypeName="executor://nunit3testexecutor/" className="NUnitTestProject.CurrencyHelperTests" name="FormatToStringTest1000(54088.326214851964d,&quot;54088.33 zł&quot;)" />
    </UnitTest>
    <UnitTest name="FormatToStringTest1000(10762.501695533518d,&quot;10762.50 zł&quot;)" storage="c:\projekty\nunittestproject\bin\debug\netcoreapp3.1\nunittestproject.dll" id="faa22825-903a-641b-03f7-ccff8cccfbb2">
      <Execution id="76a69cef-049c-4bd5-872b-d33721786d43" />
      <TestMethod codeBase="C:\Projekty\NUnitTestProject\bin\Debug\netcoreapp3.1\NUnitTestProject.dll" adapterTypeName="executor://nunit3testexecutor/" className="NUnitTestProject.CurrencyHelperTests" name="FormatToStringTest1000(10762.501695533518d,&quot;10762.50 zł&quot;)" />
    </UnitTest>
    <UnitTest name="FormatToStringTest1000(46590.9609819562d,&quot;46590.96 zł&quot;)" storage="c:\projekty\nunittestproject\bin\debug\netcoreapp3.1\nunittestproject.dll" id="0351f469-7ff9-52d3-3d77-92c2f3051f1e">
      <Execution id="95f55277-59db-4585-9aae-2bf302870318" />
      <TestMethod codeBase="C:\Projekty\NUnitTestProject\bin\Debug\netcoreapp3.1\NUnitTestProject.dll" adapterTypeName="executor://nunit3testexecutor/" className="NUnitTestProject.CurrencyHelperTests" name="FormatToStringTest1000(46590.9609819562d,&quot;46590.96 zł&quot;)" />
    </UnitTest>
    <UnitTest name="FormatToStringTest1000(598.1279707877561d,&quot;598.13 zł&quot;)" storage="c:\projekty\nunittestproject\bin\debug\netcoreapp3.1\nunittestproject.dll" id="637dad56-8638-805e-9abd-b089900557c0">
      <Execution id="ec83f29d-923d-4f8d-8b18-c1d2c9b17bf6" />
      <TestMethod codeBase="C:\Projekty\NUnitTestProject\bin\Debug\netcoreapp3.1\NUnitTestProject.dll" adapterTypeName="executor://nunit3testexecutor/" className="NUnitTestProject.CurrencyHelperTests" name="FormatToStringTest1000(598.1279707877561d,&quot;598.13 zł&quot;)" />
    </UnitTest>
    <UnitTest name="FormatToStringTest1000(17000.070169619317d,&quot;17000.07 zł&quot;)" storage="c:\projekty\nunittestproject\bin\debug\netcoreapp3.1\nunittestproject.dll" id="395d9b70-68ea-107f-3853-872b2d76bcc2">
      <Execution id="4c5d019f-188e-47e5-bec2-207061998fb2" />
      <TestMethod codeBase="C:\Projekty\NUnitTestProject\bin\Debug\netcoreapp3.1\NUnitTestProject.dll" adapterTypeName="executor://nunit3testexecutor/" className="NUnitTestProject.CurrencyHelperTests" name="FormatToStringTest1000(17000.070169619317d,&quot;17000.07 zł&quot;)" />
    </UnitTest>
    <UnitTest name="FormatToStringTest1000(5254.6338787505565d,&quot;5254.63 zł&quot;)" storage="c:\projekty\nunittestproject\bin\debug\netcoreapp3.1\nunittestproject.dll" id="eefaa447-aa0c-7b07-9a84-3d4387fce640">
      <Execution id="e60cc9f6-ea31-4714-8a7b-11c32f8595d6" />
      <TestMethod codeBase="C:\Projekty\NUnitTestProject\bin\Debug\netcoreapp3.1\NUnitTestProject.dll" adapterTypeName="executor://nunit3testexecutor/" className="NUnitTestProject.CurrencyHelperTests" name="FormatToStringTest1000(5254.6338787505565d,&quot;5254.63 zł&quot;)" />
    </UnitTest>
    <UnitTest name="FormatToStringTest1000(28068.20530246394d,&quot;28068.21 zł&quot;)" storage="c:\projekty\nunittestproject\bin\debug\netcoreapp3.1\nunittestproject.dll" id="62970bd3-0fb8-814d-a0a1-ab9e8aeaae79">
      <Execution id="0023d7ea-d42a-4694-827b-391a941ee109" />
      <TestMethod codeBase="C:\Projekty\NUnitTestProject\bin\Debug\netcoreapp3.1\NUnitTestProject.dll" adapterTypeName="executor://nunit3testexecutor/" className="NUnitTestProject.CurrencyHelperTests" name="FormatToStringTest1000(28068.20530246394d,&quot;28068.21 zł&quot;)" />
    </UnitTest>
    <UnitTest name="FormatToStringTest1000(9754.291367935619d,&quot;9754.29 zł&quot;)" storage="c:\projekty\nunittestproject\bin\debug\netcoreapp3.1\nunittestproject.dll" id="958c8c55-b3b0-31c1-8935-1d44afe5a8c0">
      <Execution id="d65566c8-9c6f-409a-9459-fe3374f15985" />
      <TestMethod codeBase="C:\Projekty\NUnitTestProject\bin\Debug\netcoreapp3.1\NUnitTestProject.dll" adapterTypeName="executor://nunit3testexecutor/" className="NUnitTestProject.CurrencyHelperTests" name="FormatToStringTest1000(9754.291367935619d,&quot;9754.29 zł&quot;)" />
    </UnitTest>
    <UnitTest name="FormatToStringTest1000(10784.438152511344d,&quot;10784.44 zł&quot;)" storage="c:\projekty\nunittestproject\bin\debug\netcoreapp3.1\nunittestproject.dll" id="3c1aaa80-1e63-d980-5967-7f705ee7de1e">
      <Execution id="00ad76c1-6e93-4825-b138-7377fe4427d9" />
      <TestMethod codeBase="C:\Projekty\NUnitTestProject\bin\Debug\netcoreapp3.1\NUnitTestProject.dll" adapterTypeName="executor://nunit3testexecutor/" className="NUnitTestProject.CurrencyHelperTests" name="FormatToStringTest1000(10784.438152511344d,&quot;10784.44 zł&quot;)" />
    </UnitTest>
    <UnitTest name="FormatToStringTest1000(9634.398811461124d,&quot;9634.40 zł&quot;)" storage="c:\projekty\nunittestproject\bin\debug\netcoreapp3.1\nunittestproject.dll" id="46b6b18f-a15f-ce32-4811-dbc67f87e551">
      <Execution id="87dbd0e5-e8d0-48dc-8dd0-807c8c0c92c0" />
      <TestMethod codeBase="C:\Projekty\NUnitTestProject\bin\Debug\netcoreapp3.1\NUnitTestProject.dll" adapterTypeName="executor://nunit3testexecutor/" className="NUnitTestProject.CurrencyHelperTests" name="FormatToStringTest1000(9634.398811461124d,&quot;9634.40 zł&quot;)" />
    </UnitTest>
    <UnitTest name="FormatToStringTest1000(31315.40354898544d,&quot;31315.40 zł&quot;)" storage="c:\projekty\nunittestproject\bin\debug\netcoreapp3.1\nunittestproject.dll" id="17d839f5-53e2-230c-5fc7-a871a7838f84">
      <Execution id="f56f03f2-0a47-48fc-b243-96064615fc6b" />
      <TestMethod codeBase="C:\Projekty\NUnitTestProject\bin\Debug\netcoreapp3.1\NUnitTestProject.dll" adapterTypeName="executor://nunit3testexecutor/" className="NUnitTestProject.CurrencyHelperTests" name="FormatToStringTest1000(31315.40354898544d,&quot;31315.40 zł&quot;)" />
    </UnitTest>
    <UnitTest name="FormatToStringTest1000(26858.35647848731d,&quot;26858.36 zł&quot;)" storage="c:\projekty\nunittestproject\bin\debug\netcoreapp3.1\nunittestproject.dll" id="fe527e8d-5e3e-18c1-ed37-cc075512021b">
      <Execution id="a7532e23-31a7-46f9-a760-78899cc7b458" />
      <TestMethod codeBase="C:\Projekty\NUnitTestProject\bin\Debug\netcoreapp3.1\NUnitTestProject.dll" adapterTypeName="executor://nunit3testexecutor/" className="NUnitTestProject.CurrencyHelperTests" name="FormatToStringTest1000(26858.35647848731d,&quot;26858.36 zł&quot;)" />
    </UnitTest>
    <UnitTest name="FormatToStringTest1000(591.2110872302256d,&quot;591.21 zł&quot;)" storage="c:\projekty\nunittestproject\bin\debug\netcoreapp3.1\nunittestproject.dll" id="7146296d-c8e1-b13f-44e4-16f25fa9af9d">
      <Execution id="7f9143c0-c41d-4831-8ba7-aafe9a34aa5f" />
      <TestMethod codeBase="C:\Projekty\NUnitTestProject\bin\Debug\netcoreapp3.1\NUnitTestProject.dll" adapterTypeName="executor://nunit3testexecutor/" className="NUnitTestProject.CurrencyHelperTests" name="FormatToStringTest1000(591.2110872302256d,&quot;591.21 zł&quot;)" />
    </UnitTest>
    <UnitTest name="FormatToStringTest1000(635.3263313632116d,&quot;635.33 zł&quot;)" storage="c:\projekty\nunittestproject\bin\debug\netcoreapp3.1\nunittestproject.dll" id="74f41b57-bac2-c2b8-f1dc-9469402fc8fa">
      <Execution id="fbaa9c79-0eac-40ad-89ca-c036d2fe5ec3" />
      <TestMethod codeBase="C:\Projekty\NUnitTestProject\bin\Debug\netcoreapp3.1\NUnitTestProject.dll" adapterTypeName="executor://nunit3testexecutor/" className="NUnitTestProject.CurrencyHelperTests" name="FormatToStringTest1000(635.3263313632116d,&quot;635.33 zł&quot;)" />
    </UnitTest>
    <UnitTest name="FormatToStringTest1000(18208.8422650126d,&quot;18208.84 zł&quot;)" storage="c:\projekty\nunittestproject\bin\debug\netcoreapp3.1\nunittestproject.dll" id="3f7d9e9c-5ad3-f161-b9fe-a5f6a9ab40b4">
      <Execution id="70ed51d5-57a7-48c7-8863-5cc01335007f" />
      <TestMethod codeBase="C:\Projekty\NUnitTestProject\bin\Debug\netcoreapp3.1\NUnitTestProject.dll" adapterTypeName="executor://nunit3testexecutor/" className="NUnitTestProject.CurrencyHelperTests" name="FormatToStringTest1000(18208.8422650126d,&quot;18208.84 zł&quot;)" />
    </UnitTest>
    <UnitTest name="FormatToStringTest1000(33851.35523524618d,&quot;33851.36 zł&quot;)" storage="c:\projekty\nunittestproject\bin\debug\netcoreapp3.1\nunittestproject.dll" id="9a9fb753-7e29-0228-3909-087838ec3002">
      <Execution id="2340fe71-0f79-4ba3-9eb2-ac8b7512d8f4" />
      <TestMethod codeBase="C:\Projekty\NUnitTestProject\bin\Debug\netcoreapp3.1\NUnitTestProject.dll" adapterTypeName="executor://nunit3testexecutor/" className="NUnitTestProject.CurrencyHelperTests" name="FormatToStringTest1000(33851.35523524618d,&quot;33851.36 zł&quot;)" />
    </UnitTest>
    <UnitTest name="FormatToStringTest1000(49672.98901987402d,&quot;49672.99 zł&quot;)" storage="c:\projekty\nunittestproject\bin\debug\netcoreapp3.1\nunittestproject.dll" id="6236d5e6-b13b-501c-48e0-102f9eda59d6">
      <Execution id="5cb22e0b-2907-48dc-a40f-7c69075b7de8" />
      <TestMethod codeBase="C:\Projekty\NUnitTestProject\bin\Debug\netcoreapp3.1\NUnitTestProject.dll" adapterTypeName="executor://nunit3testexecutor/" className="NUnitTestProject.CurrencyHelperTests" name="FormatToStringTest1000(49672.98901987402d,&quot;49672.99 zł&quot;)" />
    </UnitTest>
    <UnitTest name="FormatToStringTest1000(78796.90433980194d,&quot;78796.90 zł&quot;)" storage="c:\projekty\nunittestproject\bin\debug\netcoreapp3.1\nunittestproject.dll" id="fde9a5ec-e687-8abc-b728-b7fb0bfbd8d4">
      <Execution id="b4dd9ec3-8af8-459a-931f-9378169346fe" />
      <TestMethod codeBase="C:\Projekty\NUnitTestProject\bin\Debug\netcoreapp3.1\NUnitTestProject.dll" adapterTypeName="executor://nunit3testexecutor/" className="NUnitTestProject.CurrencyHelperTests" name="FormatToStringTest1000(78796.90433980194d,&quot;78796.90 zł&quot;)" />
    </UnitTest>
    <UnitTest name="FormatToStringTest1000(67898.54481444067d,&quot;67898.54 zł&quot;)" storage="c:\projekty\nunittestproject\bin\debug\netcoreapp3.1\nunittestproject.dll" id="9ee728ab-0056-dd90-bcfe-6425ccab758e">
      <Execution id="ee59802b-a83c-4367-8bd6-107ddfd79667" />
      <TestMethod codeBase="C:\Projekty\NUnitTestProject\bin\Debug\netcoreapp3.1\NUnitTestProject.dll" adapterTypeName="executor://nunit3testexecutor/" className="NUnitTestProject.CurrencyHelperTests" name="FormatToStringTest1000(67898.54481444067d,&quot;67898.54 zł&quot;)" />
    </UnitTest>
    <UnitTest name="FormatToStringTest1000(10661.19584154207d,&quot;10661.20 zł&quot;)" storage="c:\projekty\nunittestproject\bin\debug\netcoreapp3.1\nunittestproject.dll" id="7476f680-f31f-6c35-e7e5-6a1da5d08bf1">
      <Execution id="e4540084-2dbf-475f-9164-4495e6c197e6" />
      <TestMethod codeBase="C:\Projekty\NUnitTestProject\bin\Debug\netcoreapp3.1\NUnitTestProject.dll" adapterTypeName="executor://nunit3testexecutor/" className="NUnitTestProject.CurrencyHelperTests" name="FormatToStringTest1000(10661.19584154207d,&quot;10661.20 zł&quot;)" />
    </UnitTest>
    <UnitTest name="FormatToStringTest1000(7975.276658828965d,&quot;7975.28 zł&quot;)" storage="c:\projekty\nunittestproject\bin\debug\netcoreapp3.1\nunittestproject.dll" id="5f61ffa8-be4c-5cf6-d406-18781222cb59">
      <Execution id="0372a078-80a9-4260-974b-d6b29204ca28" />
      <TestMethod codeBase="C:\Projekty\NUnitTestProject\bin\Debug\netcoreapp3.1\NUnitTestProject.dll" adapterTypeName="executor://nunit3testexecutor/" className="NUnitTestProject.CurrencyHelperTests" name="FormatToStringTest1000(7975.276658828965d,&quot;7975.28 zł&quot;)" />
    </UnitTest>
    <UnitTest name="FormatToStringTest1000(34136.0993783046d,&quot;34136.10 zł&quot;)" storage="c:\projekty\nunittestproject\bin\debug\netcoreapp3.1\nunittestproject.dll" id="a1a0ba31-d02b-8245-607c-82258ff29354">
      <Execution id="abb497a3-2c09-4647-abdc-a04b4a97f071" />
      <TestMethod codeBase="C:\Projekty\NUnitTestProject\bin\Debug\netcoreapp3.1\NUnitTestProject.dll" adapterTypeName="executor://nunit3testexecutor/" className="NUnitTestProject.CurrencyHelperTests" name="FormatToStringTest1000(34136.0993783046d,&quot;34136.10 zł&quot;)" />
    </UnitTest>
    <UnitTest name="FormatToStringTest1000(50956.25028206606d,&quot;50956.25 zł&quot;)" storage="c:\projekty\nunittestproject\bin\debug\netcoreapp3.1\nunittestproject.dll" id="f0aad1e7-1486-b29a-7a82-84f2693dfbe3">
      <Execution id="b8480df6-0121-442b-b7b9-860710f5fd3e" />
      <TestMethod codeBase="C:\Projekty\NUnitTestProject\bin\Debug\netcoreapp3.1\NUnitTestProject.dll" adapterTypeName="executor://nunit3testexecutor/" className="NUnitTestProject.CurrencyHelperTests" name="FormatToStringTest1000(50956.25028206606d,&quot;50956.25 zł&quot;)" />
    </UnitTest>
    <UnitTest name="FormatToStringTest1000(26215.613055301183d,&quot;26215.61 zł&quot;)" storage="c:\projekty\nunittestproject\bin\debug\netcoreapp3.1\nunittestproject.dll" id="5d21865c-ab0e-9a36-1301-7cb3ba2d4618">
      <Execution id="10eaa3bd-a925-4ed5-b2d4-6916bf2c788b" />
      <TestMethod codeBase="C:\Projekty\NUnitTestProject\bin\Debug\netcoreapp3.1\NUnitTestProject.dll" adapterTypeName="executor://nunit3testexecutor/" className="NUnitTestProject.CurrencyHelperTests" name="FormatToStringTest1000(26215.613055301183d,&quot;26215.61 zł&quot;)" />
    </UnitTest>
    <UnitTest name="FormatToStringTest1000(33413.381276228174d,&quot;33413.38 zł&quot;)" storage="c:\projekty\nunittestproject\bin\debug\netcoreapp3.1\nunittestproject.dll" id="7af319c8-84cb-197c-29fc-ea5e77c2f3be">
      <Execution id="6615784c-3a5b-4c3b-bab3-2556acb79aa2" />
      <TestMethod codeBase="C:\Projekty\NUnitTestProject\bin\Debug\netcoreapp3.1\NUnitTestProject.dll" adapterTypeName="executor://nunit3testexecutor/" className="NUnitTestProject.CurrencyHelperTests" name="FormatToStringTest1000(33413.381276228174d,&quot;33413.38 zł&quot;)" />
    </UnitTest>
    <UnitTest name="FormatToStringTest1000(5835.26176155557d,&quot;5835.26 zł&quot;)" storage="c:\projekty\nunittestproject\bin\debug\netcoreapp3.1\nunittestproject.dll" id="2a24dcb9-e2e0-3650-3ac7-5ec77389adc1">
      <Execution id="8ca1de50-701c-45ea-bb9a-4b2e68d1b44d" />
      <TestMethod codeBase="C:\Projekty\NUnitTestProject\bin\Debug\netcoreapp3.1\NUnitTestProject.dll" adapterTypeName="executor://nunit3testexecutor/" className="NUnitTestProject.CurrencyHelperTests" name="FormatToStringTest1000(5835.26176155557d,&quot;5835.26 zł&quot;)" />
    </UnitTest>
    <UnitTest name="FormatToStringTest1000(19933.78650940945d,&quot;19933.79 zł&quot;)" storage="c:\projekty\nunittestproject\bin\debug\netcoreapp3.1\nunittestproject.dll" id="3222b798-5ed7-0031-3bc4-2349d5773662">
      <Execution id="7bf24f22-372e-45a6-87fb-7c85a1c25e65" />
      <TestMethod codeBase="C:\Projekty\NUnitTestProject\bin\Debug\netcoreapp3.1\NUnitTestProject.dll" adapterTypeName="executor://nunit3testexecutor/" className="NUnitTestProject.CurrencyHelperTests" name="FormatToStringTest1000(19933.78650940945d,&quot;19933.79 zł&quot;)" />
    </UnitTest>
    <UnitTest name="FormatToStringTest1000(835.1578487740633d,&quot;835.16 zł&quot;)" storage="c:\projekty\nunittestproject\bin\debug\netcoreapp3.1\nunittestproject.dll" id="1ea79024-ef1b-d483-be8e-220bc24bf693">
      <Execution id="e1f346e7-893e-432c-ac3e-8945c2d5c236" />
      <TestMethod codeBase="C:\Projekty\NUnitTestProject\bin\Debug\netcoreapp3.1\NUnitTestProject.dll" adapterTypeName="executor://nunit3testexecutor/" className="NUnitTestProject.CurrencyHelperTests" name="FormatToStringTest1000(835.1578487740633d,&quot;835.16 zł&quot;)" />
    </UnitTest>
    <UnitTest name="FormatToStringTest1000(56802.303118930344d,&quot;56802.30 zł&quot;)" storage="c:\projekty\nunittestproject\bin\debug\netcoreapp3.1\nunittestproject.dll" id="7c3bd97a-a125-9200-b1f2-a28a2e7a05fe">
      <Execution id="78322965-febc-46bb-8df0-ec662d74b1a9" />
      <TestMethod codeBase="C:\Projekty\NUnitTestProject\bin\Debug\netcoreapp3.1\NUnitTestProject.dll" adapterTypeName="executor://nunit3testexecutor/" className="NUnitTestProject.CurrencyHelperTests" name="FormatToStringTest1000(56802.303118930344d,&quot;56802.30 zł&quot;)" />
    </UnitTest>
    <UnitTest name="FormatToStringTest1000(77919.64716867341d,&quot;77919.65 zł&quot;)" storage="c:\projekty\nunittestproject\bin\debug\netcoreapp3.1\nunittestproject.dll" id="346c5a09-add8-018f-c767-f4690b937dfb">
      <Execution id="889ea0dd-45fd-440a-894d-c1a59e285ff6" />
      <TestMethod codeBase="C:\Projekty\NUnitTestProject\bin\Debug\netcoreapp3.1\NUnitTestProject.dll" adapterTypeName="executor://nunit3testexecutor/" className="NUnitTestProject.CurrencyHelperTests" name="FormatToStringTest1000(77919.64716867341d,&quot;77919.65 zł&quot;)" />
    </UnitTest>
    <UnitTest name="FormatToStringTest1000(675.4589376107133d,&quot;675.46 zł&quot;)" storage="c:\projekty\nunittestproject\bin\debug\netcoreapp3.1\nunittestproject.dll" id="8ea3fac0-98e6-cacb-3107-71ef474d1509">
      <Execution id="18eeacae-fd55-4f78-8cc5-e642417c0e1a" />
      <TestMethod codeBase="C:\Projekty\NUnitTestProject\bin\Debug\netcoreapp3.1\NUnitTestProject.dll" adapterTypeName="executor://nunit3testexecutor/" className="NUnitTestProject.CurrencyHelperTests" name="FormatToStringTest1000(675.4589376107133d,&quot;675.46 zł&quot;)" />
    </UnitTest>
    <UnitTest name="FormatToStringTest1000(16571.355536101553d,&quot;16571.36 zł&quot;)" storage="c:\projekty\nunittestproject\bin\debug\netcoreapp3.1\nunittestproject.dll" id="e0769b45-8199-18f4-5d81-d7fe740ba2db">
      <Execution id="20933d80-0997-4bfa-a41f-dbd3b5b0b80c" />
      <TestMethod codeBase="C:\Projekty\NUnitTestProject\bin\Debug\netcoreapp3.1\NUnitTestProject.dll" adapterTypeName="executor://nunit3testexecutor/" className="NUnitTestProject.CurrencyHelperTests" name="FormatToStringTest1000(16571.355536101553d,&quot;16571.36 zł&quot;)" />
    </UnitTest>
    <UnitTest name="FormatToStringTest1000(10174.652801423637d,&quot;10174.65 zł&quot;)" storage="c:\projekty\nunittestproject\bin\debug\netcoreapp3.1\nunittestproject.dll" id="de399ac2-0e9a-031b-1b43-49701fcdb8f0">
      <Execution id="83c92f22-4867-48fa-9f12-20b9ee0da04b" />
      <TestMethod codeBase="C:\Projekty\NUnitTestProject\bin\Debug\netcoreapp3.1\NUnitTestProject.dll" adapterTypeName="executor://nunit3testexecutor/" className="NUnitTestProject.CurrencyHelperTests" name="FormatToStringTest1000(10174.652801423637d,&quot;10174.65 zł&quot;)" />
    </UnitTest>
    <UnitTest name="FormatToStringTest1000(6323.24079469882d,&quot;6323.24 zł&quot;)" storage="c:\projekty\nunittestproject\bin\debug\netcoreapp3.1\nunittestproject.dll" id="1772b5c8-17fc-7339-7078-7951ac9723dd">
      <Execution id="154c396a-ac6e-4d55-90a8-d4c4ae9d4c7e" />
      <TestMethod codeBase="C:\Projekty\NUnitTestProject\bin\Debug\netcoreapp3.1\NUnitTestProject.dll" adapterTypeName="executor://nunit3testexecutor/" className="NUnitTestProject.CurrencyHelperTests" name="FormatToStringTest1000(6323.24079469882d,&quot;6323.24 zł&quot;)" />
    </UnitTest>
    <UnitTest name="FormatToStringTest1000(19397.344749736294d,&quot;19397.34 zł&quot;)" storage="c:\projekty\nunittestproject\bin\debug\netcoreapp3.1\nunittestproject.dll" id="b8049e3c-9c33-aae7-ee13-10324d7813cb">
      <Execution id="6d45bc8c-4ffc-4150-a4e7-b95a42f7c884" />
      <TestMethod codeBase="C:\Projekty\NUnitTestProject\bin\Debug\netcoreapp3.1\NUnitTestProject.dll" adapterTypeName="executor://nunit3testexecutor/" className="NUnitTestProject.CurrencyHelperTests" name="FormatToStringTest1000(19397.344749736294d,&quot;19397.34 zł&quot;)" />
    </UnitTest>
    <UnitTest name="FormatToStringTest1000(6276.389386365838d,&quot;6276.39 zł&quot;)" storage="c:\projekty\nunittestproject\bin\debug\netcoreapp3.1\nunittestproject.dll" id="a71dfd40-e5c3-4b5b-03e3-172683e7a4a4">
      <Execution id="04c7196a-3da7-4674-b5d9-f7b487593a79" />
      <TestMethod codeBase="C:\Projekty\NUnitTestProject\bin\Debug\netcoreapp3.1\NUnitTestProject.dll" adapterTypeName="executor://nunit3testexecutor/" className="NUnitTestProject.CurrencyHelperTests" name="FormatToStringTest1000(6276.389386365838d,&quot;6276.39 zł&quot;)" />
    </UnitTest>
    <UnitTest name="FormatToStringTest1000(73477.18206926118d,&quot;73477.18 zł&quot;)" storage="c:\projekty\nunittestproject\bin\debug\netcoreapp3.1\nunittestproject.dll" id="615860d1-0b9e-6fa5-7fc7-61ac89388548">
      <Execution id="d89d1d4c-d98b-443c-a881-df248a0bc667" />
      <TestMethod codeBase="C:\Projekty\NUnitTestProject\bin\Debug\netcoreapp3.1\NUnitTestProject.dll" adapterTypeName="executor://nunit3testexecutor/" className="NUnitTestProject.CurrencyHelperTests" name="FormatToStringTest1000(73477.18206926118d,&quot;73477.18 zł&quot;)" />
    </UnitTest>
    <UnitTest name="FormatToStringTest1000(27506.397047390416d,&quot;27506.40 zł&quot;)" storage="c:\projekty\nunittestproject\bin\debug\netcoreapp3.1\nunittestproject.dll" id="552b07f7-5957-56bd-9f6c-bbb880d05499">
      <Execution id="e40e2d4d-cf36-40fc-add6-7a672971b092" />
      <TestMethod codeBase="C:\Projekty\NUnitTestProject\bin\Debug\netcoreapp3.1\NUnitTestProject.dll" adapterTypeName="executor://nunit3testexecutor/" className="NUnitTestProject.CurrencyHelperTests" name="FormatToStringTest1000(27506.397047390416d,&quot;27506.40 zł&quot;)" />
    </UnitTest>
    <UnitTest name="FormatToStringTest1000(6710.131197082871d,&quot;6710.13 zł&quot;)" storage="c:\projekty\nunittestproject\bin\debug\netcoreapp3.1\nunittestproject.dll" id="9db1e6a2-c9ab-3468-9419-59249149bc04">
      <Execution id="e97d8a3f-19ec-4fba-adee-189332fd1f4a" />
      <TestMethod codeBase="C:\Projekty\NUnitTestProject\bin\Debug\netcoreapp3.1\NUnitTestProject.dll" adapterTypeName="executor://nunit3testexecutor/" className="NUnitTestProject.CurrencyHelperTests" name="FormatToStringTest1000(6710.131197082871d,&quot;6710.13 zł&quot;)" />
    </UnitTest>
    <UnitTest name="FormatToStringTest1000(74851.91547305691d,&quot;74851.92 zł&quot;)" storage="c:\projekty\nunittestproject\bin\debug\netcoreapp3.1\nunittestproject.dll" id="859e7823-e1a7-1174-301f-2aa38167af9b">
      <Execution id="8acc6c83-6137-47a9-a273-b5d63d5cdcee" />
      <TestMethod codeBase="C:\Projekty\NUnitTestProject\bin\Debug\netcoreapp3.1\NUnitTestProject.dll" adapterTypeName="executor://nunit3testexecutor/" className="NUnitTestProject.CurrencyHelperTests" name="FormatToStringTest1000(74851.91547305691d,&quot;74851.92 zł&quot;)" />
    </UnitTest>
    <UnitTest name="FormatToStringTest1000(8211.920994553679d,&quot;8211.92 zł&quot;)" storage="c:\projekty\nunittestproject\bin\debug\netcoreapp3.1\nunittestproject.dll" id="1bf3b326-0db3-88e9-a1ae-c5de32b68479">
      <Execution id="ba3e58f2-d0f1-41c1-a998-c6ce634d0292" />
      <TestMethod codeBase="C:\Projekty\NUnitTestProject\bin\Debug\netcoreapp3.1\NUnitTestProject.dll" adapterTypeName="executor://nunit3testexecutor/" className="NUnitTestProject.CurrencyHelperTests" name="FormatToStringTest1000(8211.920994553679d,&quot;8211.92 zł&quot;)" />
    </UnitTest>
    <UnitTest name="FormatToStringTest1000(1994.0983933439006d,&quot;1994.10 zł&quot;)" storage="c:\projekty\nunittestproject\bin\debug\netcoreapp3.1\nunittestproject.dll" id="67cd7cf5-f472-f19a-a725-58400de88452">
      <Execution id="9efc647e-5ddb-4912-9e8d-e07c2f1fc2ce" />
      <TestMethod codeBase="C:\Projekty\NUnitTestProject\bin\Debug\netcoreapp3.1\NUnitTestProject.dll" adapterTypeName="executor://nunit3testexecutor/" className="NUnitTestProject.CurrencyHelperTests" name="FormatToStringTest1000(1994.0983933439006d,&quot;1994.10 zł&quot;)" />
    </UnitTest>
    <UnitTest name="FormatToStringTest1000(22291.653251342315d,&quot;22291.65 zł&quot;)" storage="c:\projekty\nunittestproject\bin\debug\netcoreapp3.1\nunittestproject.dll" id="a05c6c11-7f69-6883-58ae-614dcfca1729">
      <Execution id="680d61af-d7bf-40f6-bc7f-8da1195b684d" />
      <TestMethod codeBase="C:\Projekty\NUnitTestProject\bin\Debug\netcoreapp3.1\NUnitTestProject.dll" adapterTypeName="executor://nunit3testexecutor/" className="NUnitTestProject.CurrencyHelperTests" name="FormatToStringTest1000(22291.653251342315d,&quot;22291.65 zł&quot;)" />
    </UnitTest>
    <UnitTest name="FormatToStringTest1000(9657.360676611475d,&quot;9657.36 zł&quot;)" storage="c:\projekty\nunittestproject\bin\debug\netcoreapp3.1\nunittestproject.dll" id="d685c2c4-f219-af53-1ba4-f062b4ec12ac">
      <Execution id="fd1d3e6d-546d-47c6-b08f-6ffb13adfec4" />
      <TestMethod codeBase="C:\Projekty\NUnitTestProject\bin\Debug\netcoreapp3.1\NUnitTestProject.dll" adapterTypeName="executor://nunit3testexecutor/" className="NUnitTestProject.CurrencyHelperTests" name="FormatToStringTest1000(9657.360676611475d,&quot;9657.36 zł&quot;)" />
    </UnitTest>
    <UnitTest name="FormatToStringTest1000(50339.31259969497d,&quot;50339.31 zł&quot;)" storage="c:\projekty\nunittestproject\bin\debug\netcoreapp3.1\nunittestproject.dll" id="0bdd31cf-560a-74a8-9cb0-f50b134f6e55">
      <Execution id="1a840eb7-0eba-4315-a475-e716237a65cf" />
      <TestMethod codeBase="C:\Projekty\NUnitTestProject\bin\Debug\netcoreapp3.1\NUnitTestProject.dll" adapterTypeName="executor://nunit3testexecutor/" className="NUnitTestProject.CurrencyHelperTests" name="FormatToStringTest1000(50339.31259969497d,&quot;50339.31 zł&quot;)" />
    </UnitTest>
    <UnitTest name="FormatToStringTest1000(22153.282278674324d,&quot;22153.28 zł&quot;)" storage="c:\projekty\nunittestproject\bin\debug\netcoreapp3.1\nunittestproject.dll" id="02239eb7-c4a2-34a6-024f-aeb38f7bff3d">
      <Execution id="c1dd6917-535b-4cfc-a72c-0f6ab6fa89ae" />
      <TestMethod codeBase="C:\Projekty\NUnitTestProject\bin\Debug\netcoreapp3.1\NUnitTestProject.dll" adapterTypeName="executor://nunit3testexecutor/" className="NUnitTestProject.CurrencyHelperTests" name="FormatToStringTest1000(22153.282278674324d,&quot;22153.28 zł&quot;)" />
    </UnitTest>
    <UnitTest name="FormatToStringTest1000(8885.065440211942d,&quot;8885.07 zł&quot;)" storage="c:\projekty\nunittestproject\bin\debug\netcoreapp3.1\nunittestproject.dll" id="7c3fcb5f-2001-b092-5026-72ef7da49275">
      <Execution id="c5f9e96f-6a0e-4a78-8193-c40c7016d91b" />
      <TestMethod codeBase="C:\Projekty\NUnitTestProject\bin\Debug\netcoreapp3.1\NUnitTestProject.dll" adapterTypeName="executor://nunit3testexecutor/" className="NUnitTestProject.CurrencyHelperTests" name="FormatToStringTest1000(8885.065440211942d,&quot;8885.07 zł&quot;)" />
    </UnitTest>
    <UnitTest name="FormatToStringTest1000(12759.925747307914d,&quot;12759.93 zł&quot;)" storage="c:\projekty\nunittestproject\bin\debug\netcoreapp3.1\nunittestproject.dll" id="57f0eaa3-633d-272b-64dc-58e0ae797fbb">
      <Execution id="14d52336-2eda-4c43-a5b4-ae034f842a12" />
      <TestMethod codeBase="C:\Projekty\NUnitTestProject\bin\Debug\netcoreapp3.1\NUnitTestProject.dll" adapterTypeName="executor://nunit3testexecutor/" className="NUnitTestProject.CurrencyHelperTests" name="FormatToStringTest1000(12759.925747307914d,&quot;12759.93 zł&quot;)" />
    </UnitTest>
    <UnitTest name="FormatToStringTest1000(26223.99769144412d,&quot;26224.00 zł&quot;)" storage="c:\projekty\nunittestproject\bin\debug\netcoreapp3.1\nunittestproject.dll" id="a1315833-0fe6-4fc5-8939-3c4f1b31db5e">
      <Execution id="52293dd2-e23e-4009-ade8-6b1a884476f0" />
      <TestMethod codeBase="C:\Projekty\NUnitTestProject\bin\Debug\netcoreapp3.1\NUnitTestProject.dll" adapterTypeName="executor://nunit3testexecutor/" className="NUnitTestProject.CurrencyHelperTests" name="FormatToStringTest1000(26223.99769144412d,&quot;26224.00 zł&quot;)" />
    </UnitTest>
    <UnitTest name="FormatToStringTest1000(25288.32036814574d,&quot;25288.32 zł&quot;)" storage="c:\projekty\nunittestproject\bin\debug\netcoreapp3.1\nunittestproject.dll" id="85867aba-850c-5842-e811-a641ca5889cf">
      <Execution id="06f092f6-0aba-45a2-950e-cec5ccd04121" />
      <TestMethod codeBase="C:\Projekty\NUnitTestProject\bin\Debug\netcoreapp3.1\NUnitTestProject.dll" adapterTypeName="executor://nunit3testexecutor/" className="NUnitTestProject.CurrencyHelperTests" name="FormatToStringTest1000(25288.32036814574d,&quot;25288.32 zł&quot;)" />
    </UnitTest>
    <UnitTest name="FormatToStringTest1000(13745.115971449817d,&quot;13745.12 zł&quot;)" storage="c:\projekty\nunittestproject\bin\debug\netcoreapp3.1\nunittestproject.dll" id="81df71bb-e962-4121-4d15-80e255b37b1f">
      <Execution id="9446bc60-b4c6-4c9e-b1ef-1cd5b3eaceab" />
      <TestMethod codeBase="C:\Projekty\NUnitTestProject\bin\Debug\netcoreapp3.1\NUnitTestProject.dll" adapterTypeName="executor://nunit3testexecutor/" className="NUnitTestProject.CurrencyHelperTests" name="FormatToStringTest1000(13745.115971449817d,&quot;13745.12 zł&quot;)" />
    </UnitTest>
    <UnitTest name="FormatToStringTest1000(9558.453124931293d,&quot;9558.45 zł&quot;)" storage="c:\projekty\nunittestproject\bin\debug\netcoreapp3.1\nunittestproject.dll" id="03f880df-4361-699a-9da6-4d3bc3d9d5a7">
      <Execution id="bfd9bc9e-cd89-4723-8cee-a2bd47dab89e" />
      <TestMethod codeBase="C:\Projekty\NUnitTestProject\bin\Debug\netcoreapp3.1\NUnitTestProject.dll" adapterTypeName="executor://nunit3testexecutor/" className="NUnitTestProject.CurrencyHelperTests" name="FormatToStringTest1000(9558.453124931293d,&quot;9558.45 zł&quot;)" />
    </UnitTest>
    <UnitTest name="FormatToStringTest1000(30111.54342534372d,&quot;30111.54 zł&quot;)" storage="c:\projekty\nunittestproject\bin\debug\netcoreapp3.1\nunittestproject.dll" id="63800d30-d6ac-f352-9000-d5ae21ee34db">
      <Execution id="8727c1ab-f7b0-4544-84ff-3e829fc4ee89" />
      <TestMethod codeBase="C:\Projekty\NUnitTestProject\bin\Debug\netcoreapp3.1\NUnitTestProject.dll" adapterTypeName="executor://nunit3testexecutor/" className="NUnitTestProject.CurrencyHelperTests" name="FormatToStringTest1000(30111.54342534372d,&quot;30111.54 zł&quot;)" />
    </UnitTest>
    <UnitTest name="FormatToStringTest1000(1821.7083499085663d,&quot;1821.71 zł&quot;)" storage="c:\projekty\nunittestproject\bin\debug\netcoreapp3.1\nunittestproject.dll" id="f2281ab7-ffb9-3d10-c3a8-1aa0cd2fcbfc">
      <Execution id="e978d6a3-4f6c-4bcd-b6e3-79f21e52bd3c" />
      <TestMethod codeBase="C:\Projekty\NUnitTestProject\bin\Debug\netcoreapp3.1\NUnitTestProject.dll" adapterTypeName="executor://nunit3testexecutor/" className="NUnitTestProject.CurrencyHelperTests" name="FormatToStringTest1000(1821.7083499085663d,&quot;1821.71 zł&quot;)" />
    </UnitTest>
    <UnitTest name="FormatToStringTest1000(24476.442216712254d,&quot;24476.44 zł&quot;)" storage="c:\projekty\nunittestproject\bin\debug\netcoreapp3.1\nunittestproject.dll" id="b83433ff-1f44-78cf-aaee-d87286ab6972">
      <Execution id="43b172f0-48d9-4e10-9738-4f61e637fc5c" />
      <TestMethod codeBase="C:\Projekty\NUnitTestProject\bin\Debug\netcoreapp3.1\NUnitTestProject.dll" adapterTypeName="executor://nunit3testexecutor/" className="NUnitTestProject.CurrencyHelperTests" name="FormatToStringTest1000(24476.442216712254d,&quot;24476.44 zł&quot;)" />
    </UnitTest>
    <UnitTest name="FormatToStringTest1000(35.34471716840971d,&quot;35.34 zł&quot;)" storage="c:\projekty\nunittestproject\bin\debug\netcoreapp3.1\nunittestproject.dll" id="d53ebf9d-a1b0-7eb1-4b91-4ab174a99cc7">
      <Execution id="613e50e6-fb7b-4ff2-bb10-7ad857ef9b2b" />
      <TestMethod codeBase="C:\Projekty\NUnitTestProject\bin\Debug\netcoreapp3.1\NUnitTestProject.dll" adapterTypeName="executor://nunit3testexecutor/" className="NUnitTestProject.CurrencyHelperTests" name="FormatToStringTest1000(35.34471716840971d,&quot;35.34 zł&quot;)" />
    </UnitTest>
    <UnitTest name="FormatToStringTest1000(37826.846755123166d,&quot;37826.85 zł&quot;)" storage="c:\projekty\nunittestproject\bin\debug\netcoreapp3.1\nunittestproject.dll" id="4f980f14-0ada-dd56-93fe-12a559a27314">
      <Execution id="383d65c4-6f93-43b0-8b05-32079cc317df" />
      <TestMethod codeBase="C:\Projekty\NUnitTestProject\bin\Debug\netcoreapp3.1\NUnitTestProject.dll" adapterTypeName="executor://nunit3testexecutor/" className="NUnitTestProject.CurrencyHelperTests" name="FormatToStringTest1000(37826.846755123166d,&quot;37826.85 zł&quot;)" />
    </UnitTest>
    <UnitTest name="FormatToStringTest1000(14003.84591249742d,&quot;14003.85 zł&quot;)" storage="c:\projekty\nunittestproject\bin\debug\netcoreapp3.1\nunittestproject.dll" id="b266e530-9059-cc9e-a2de-5a104736c757">
      <Execution id="adde856f-83c7-4099-ab58-ecf51d606e72" />
      <TestMethod codeBase="C:\Projekty\NUnitTestProject\bin\Debug\netcoreapp3.1\NUnitTestProject.dll" adapterTypeName="executor://nunit3testexecutor/" className="NUnitTestProject.CurrencyHelperTests" name="FormatToStringTest1000(14003.84591249742d,&quot;14003.85 zł&quot;)" />
    </UnitTest>
    <UnitTest name="FormatToStringTest1000(12949.590713378317d,&quot;12949.59 zł&quot;)" storage="c:\projekty\nunittestproject\bin\debug\netcoreapp3.1\nunittestproject.dll" id="58932f19-d7b6-d69f-2dae-d6e75aa0e55e">
      <Execution id="dfa17814-c664-4fb2-a309-7f24ac86c4a6" />
      <TestMethod codeBase="C:\Projekty\NUnitTestProject\bin\Debug\netcoreapp3.1\NUnitTestProject.dll" adapterTypeName="executor://nunit3testexecutor/" className="NUnitTestProject.CurrencyHelperTests" name="FormatToStringTest1000(12949.590713378317d,&quot;12949.59 zł&quot;)" />
    </UnitTest>
    <UnitTest name="FormatToStringTest1000(28455.229970996843d,&quot;28455.23 zł&quot;)" storage="c:\projekty\nunittestproject\bin\debug\netcoreapp3.1\nunittestproject.dll" id="8abb9da4-977b-effb-b6fc-988ee16d7ff4">
      <Execution id="556b8633-7ca2-415a-8b3a-fca4910f354e" />
      <TestMethod codeBase="C:\Projekty\NUnitTestProject\bin\Debug\netcoreapp3.1\NUnitTestProject.dll" adapterTypeName="executor://nunit3testexecutor/" className="NUnitTestProject.CurrencyHelperTests" name="FormatToStringTest1000(28455.229970996843d,&quot;28455.23 zł&quot;)" />
    </UnitTest>
    <UnitTest name="FormatToStringTest1000(4554.73912809777d,&quot;4554.74 zł&quot;)" storage="c:\projekty\nunittestproject\bin\debug\netcoreapp3.1\nunittestproject.dll" id="f33cb892-3679-fe31-40d8-b78f43a0c80f">
      <Execution id="58a40b1b-8941-4527-a5ec-99bfdfe8481c" />
      <TestMethod codeBase="C:\Projekty\NUnitTestProject\bin\Debug\netcoreapp3.1\NUnitTestProject.dll" adapterTypeName="executor://nunit3testexecutor/" className="NUnitTestProject.CurrencyHelperTests" name="FormatToStringTest1000(4554.73912809777d,&quot;4554.74 zł&quot;)" />
    </UnitTest>
    <UnitTest name="FormatToStringTest1000(19840.47672110632d,&quot;19840.48 zł&quot;)" storage="c:\projekty\nunittestproject\bin\debug\netcoreapp3.1\nunittestproject.dll" id="8d3460f1-a4b4-e4c2-2d2b-85718b89d128">
      <Execution id="05422e37-6889-4f98-b096-2fa2f20c601f" />
      <TestMethod codeBase="C:\Projekty\NUnitTestProject\bin\Debug\netcoreapp3.1\NUnitTestProject.dll" adapterTypeName="executor://nunit3testexecutor/" className="NUnitTestProject.CurrencyHelperTests" name="FormatToStringTest1000(19840.47672110632d,&quot;19840.48 zł&quot;)" />
    </UnitTest>
    <UnitTest name="FormatToStringTest1000(15520.346099893259d,&quot;15520.35 zł&quot;)" storage="c:\projekty\nunittestproject\bin\debug\netcoreapp3.1\nunittestproject.dll" id="95fa357e-9359-c839-8ff3-f046c9e30487">
      <Execution id="4b78433c-67a6-4c75-bddf-85c22b146e6b" />
      <TestMethod codeBase="C:\Projekty\NUnitTestProject\bin\Debug\netcoreapp3.1\NUnitTestProject.dll" adapterTypeName="executor://nunit3testexecutor/" className="NUnitTestProject.CurrencyHelperTests" name="FormatToStringTest1000(15520.346099893259d,&quot;15520.35 zł&quot;)" />
    </UnitTest>
    <UnitTest name="FormatToStringTest1000(13375.96341587415d,&quot;13375.96 zł&quot;)" storage="c:\projekty\nunittestproject\bin\debug\netcoreapp3.1\nunittestproject.dll" id="66fdc644-297b-3f5c-4f4a-cb900d8c28d6">
      <Execution id="9dc4a153-1c0d-4e46-91ff-20caace8aede" />
      <TestMethod codeBase="C:\Projekty\NUnitTestProject\bin\Debug\netcoreapp3.1\NUnitTestProject.dll" adapterTypeName="executor://nunit3testexecutor/" className="NUnitTestProject.CurrencyHelperTests" name="FormatToStringTest1000(13375.96341587415d,&quot;13375.96 zł&quot;)" />
    </UnitTest>
    <UnitTest name="FormatToStringTest1000(4002.4180488374172d,&quot;4002.42 zł&quot;)" storage="c:\projekty\nunittestproject\bin\debug\netcoreapp3.1\nunittestproject.dll" id="f5fd9e95-4d91-8f7f-4648-e5bd7c8cc931">
      <Execution id="2d21ceb1-4b35-475b-ab49-72f0d5b2f959" />
      <TestMethod codeBase="C:\Projekty\NUnitTestProject\bin\Debug\netcoreapp3.1\NUnitTestProject.dll" adapterTypeName="executor://nunit3testexecutor/" className="NUnitTestProject.CurrencyHelperTests" name="FormatToStringTest1000(4002.4180488374172d,&quot;4002.42 zł&quot;)" />
    </UnitTest>
    <UnitTest name="FormatToStringTest1000(59768.02667973611d,&quot;59768.03 zł&quot;)" storage="c:\projekty\nunittestproject\bin\debug\netcoreapp3.1\nunittestproject.dll" id="a847ffac-041e-82ae-b13a-0b82098799e8">
      <Execution id="e48edd00-def7-4798-a4db-3c95df47afd4" />
      <TestMethod codeBase="C:\Projekty\NUnitTestProject\bin\Debug\netcoreapp3.1\NUnitTestProject.dll" adapterTypeName="executor://nunit3testexecutor/" className="NUnitTestProject.CurrencyHelperTests" name="FormatToStringTest1000(59768.02667973611d,&quot;59768.03 zł&quot;)" />
    </UnitTest>
    <UnitTest name="FormatToStringTest1000(17835.54606576988d,&quot;17835.55 zł&quot;)" storage="c:\projekty\nunittestproject\bin\debug\netcoreapp3.1\nunittestproject.dll" id="e679eaee-e3a9-8b8a-d185-7c73afee0b2f">
      <Execution id="64c1ff7d-f541-43bc-b170-c298fa03f9c6" />
      <TestMethod codeBase="C:\Projekty\NUnitTestProject\bin\Debug\netcoreapp3.1\NUnitTestProject.dll" adapterTypeName="executor://nunit3testexecutor/" className="NUnitTestProject.CurrencyHelperTests" name="FormatToStringTest1000(17835.54606576988d,&quot;17835.55 zł&quot;)" />
    </UnitTest>
    <UnitTest name="FormatToStringTest1000(12308.022158465357d,&quot;12308.02 zł&quot;)" storage="c:\projekty\nunittestproject\bin\debug\netcoreapp3.1\nunittestproject.dll" id="cb9006f5-cf8f-a741-60da-88003562c888">
      <Execution id="f8109acf-0ee1-4fca-9e96-689ba928832c" />
      <TestMethod codeBase="C:\Projekty\NUnitTestProject\bin\Debug\netcoreapp3.1\NUnitTestProject.dll" adapterTypeName="executor://nunit3testexecutor/" className="NUnitTestProject.CurrencyHelperTests" name="FormatToStringTest1000(12308.022158465357d,&quot;12308.02 zł&quot;)" />
    </UnitTest>
    <UnitTest name="FormatToStringTest1000(13568.230982493717d,&quot;13568.23 zł&quot;)" storage="c:\projekty\nunittestproject\bin\debug\netcoreapp3.1\nunittestproject.dll" id="9c16a4f2-9784-74bb-775d-5911328260bf">
      <Execution id="19ca7576-4062-41b9-a6ce-9ca62bf258ef" />
      <TestMethod codeBase="C:\Projekty\NUnitTestProject\bin\Debug\netcoreapp3.1\NUnitTestProject.dll" adapterTypeName="executor://nunit3testexecutor/" className="NUnitTestProject.CurrencyHelperTests" name="FormatToStringTest1000(13568.230982493717d,&quot;13568.23 zł&quot;)" />
    </UnitTest>
    <UnitTest name="FormatToStringTest1000(20068.867046961965d,&quot;20068.87 zł&quot;)" storage="c:\projekty\nunittestproject\bin\debug\netcoreapp3.1\nunittestproject.dll" id="004cf38c-62a9-5d39-4e66-385c7c495389">
      <Execution id="4c7bb03b-b00d-49df-b638-087d381f9135" />
      <TestMethod codeBase="C:\Projekty\NUnitTestProject\bin\Debug\netcoreapp3.1\NUnitTestProject.dll" adapterTypeName="executor://nunit3testexecutor/" className="NUnitTestProject.CurrencyHelperTests" name="FormatToStringTest1000(20068.867046961965d,&quot;20068.87 zł&quot;)" />
    </UnitTest>
    <UnitTest name="FormatToStringTest1000(26945.125386551546d,&quot;26945.13 zł&quot;)" storage="c:\projekty\nunittestproject\bin\debug\netcoreapp3.1\nunittestproject.dll" id="217115b6-0d47-12a1-e34e-67f742ff910b">
      <Execution id="99bc0970-e2d3-45a8-8af3-ffd2dd0ef70b" />
      <TestMethod codeBase="C:\Projekty\NUnitTestProject\bin\Debug\netcoreapp3.1\NUnitTestProject.dll" adapterTypeName="executor://nunit3testexecutor/" className="NUnitTestProject.CurrencyHelperTests" name="FormatToStringTest1000(26945.125386551546d,&quot;26945.13 zł&quot;)" />
    </UnitTest>
    <UnitTest name="FormatToStringTest1000(6205.946199725357d,&quot;6205.95 zł&quot;)" storage="c:\projekty\nunittestproject\bin\debug\netcoreapp3.1\nunittestproject.dll" id="521fa3b6-9e37-72bc-d9e9-42020df0aa26">
      <Execution id="386491d8-b6b4-4698-bbf9-63267e4030ef" />
      <TestMethod codeBase="C:\Projekty\NUnitTestProject\bin\Debug\netcoreapp3.1\NUnitTestProject.dll" adapterTypeName="executor://nunit3testexecutor/" className="NUnitTestProject.CurrencyHelperTests" name="FormatToStringTest1000(6205.946199725357d,&quot;6205.95 zł&quot;)" />
    </UnitTest>
    <UnitTest name="FormatToStringTest1000(54724.71040318008d,&quot;54724.71 zł&quot;)" storage="c:\projekty\nunittestproject\bin\debug\netcoreapp3.1\nunittestproject.dll" id="71a2762b-d8da-32e7-80e0-7c170fef2ac7">
      <Execution id="efe088f0-85f6-4f03-a1dd-1092bfc3d663" />
      <TestMethod codeBase="C:\Projekty\NUnitTestProject\bin\Debug\netcoreapp3.1\NUnitTestProject.dll" adapterTypeName="executor://nunit3testexecutor/" className="NUnitTestProject.CurrencyHelperTests" name="FormatToStringTest1000(54724.71040318008d,&quot;54724.71 zł&quot;)" />
    </UnitTest>
    <UnitTest name="FormatToStringTest1000(56286.70397975702d,&quot;56286.70 zł&quot;)" storage="c:\projekty\nunittestproject\bin\debug\netcoreapp3.1\nunittestproject.dll" id="8f24487f-448e-3b5a-351c-88c069a107d6">
      <Execution id="a6295d35-4213-43bf-a2db-a20ca248ca4d" />
      <TestMethod codeBase="C:\Projekty\NUnitTestProject\bin\Debug\netcoreapp3.1\NUnitTestProject.dll" adapterTypeName="executor://nunit3testexecutor/" className="NUnitTestProject.CurrencyHelperTests" name="FormatToStringTest1000(56286.70397975702d,&quot;56286.70 zł&quot;)" />
    </UnitTest>
    <UnitTest name="FormatToStringTest1000(36651.05802063414d,&quot;36651.06 zł&quot;)" storage="c:\projekty\nunittestproject\bin\debug\netcoreapp3.1\nunittestproject.dll" id="2be600d2-247c-9e20-d84c-921afba648ed">
      <Execution id="e86ad56d-01c0-41bd-b380-de1a92fb0f83" />
      <TestMethod codeBase="C:\Projekty\NUnitTestProject\bin\Debug\netcoreapp3.1\NUnitTestProject.dll" adapterTypeName="executor://nunit3testexecutor/" className="NUnitTestProject.CurrencyHelperTests" name="FormatToStringTest1000(36651.05802063414d,&quot;36651.06 zł&quot;)" />
    </UnitTest>
    <UnitTest name="FormatToStringTest1000(1898.24149096489d,&quot;1898.24 zł&quot;)" storage="c:\projekty\nunittestproject\bin\debug\netcoreapp3.1\nunittestproject.dll" id="314b7968-8280-3c06-cc8d-95ee97af36dd">
      <Execution id="637b4f33-95a0-4b42-92b2-3860c8783e01" />
      <TestMethod codeBase="C:\Projekty\NUnitTestProject\bin\Debug\netcoreapp3.1\NUnitTestProject.dll" adapterTypeName="executor://nunit3testexecutor/" className="NUnitTestProject.CurrencyHelperTests" name="FormatToStringTest1000(1898.24149096489d,&quot;1898.24 zł&quot;)" />
    </UnitTest>
    <UnitTest name="FormatToStringTest1000(468.83385119346616d,&quot;468.83 zł&quot;)" storage="c:\projekty\nunittestproject\bin\debug\netcoreapp3.1\nunittestproject.dll" id="c2a86a28-0c33-4ec7-8c21-c750433881c4">
      <Execution id="5c38fac1-d993-4efd-bd63-97ef38cf6a06" />
      <TestMethod codeBase="C:\Projekty\NUnitTestProject\bin\Debug\netcoreapp3.1\NUnitTestProject.dll" adapterTypeName="executor://nunit3testexecutor/" className="NUnitTestProject.CurrencyHelperTests" name="FormatToStringTest1000(468.83385119346616d,&quot;468.83 zł&quot;)" />
    </UnitTest>
    <UnitTest name="FormatToStringTest1000(14867.726341984107d,&quot;14867.73 zł&quot;)" storage="c:\projekty\nunittestproject\bin\debug\netcoreapp3.1\nunittestproject.dll" id="bed158c1-cdea-cb2e-72de-fac3c7fdb2c8">
      <Execution id="85dfc2d2-9964-4302-abc0-85fbed3c2618" />
      <TestMethod codeBase="C:\Projekty\NUnitTestProject\bin\Debug\netcoreapp3.1\NUnitTestProject.dll" adapterTypeName="executor://nunit3testexecutor/" className="NUnitTestProject.CurrencyHelperTests" name="FormatToStringTest1000(14867.726341984107d,&quot;14867.73 zł&quot;)" />
    </UnitTest>
    <UnitTest name="FormatToStringTest1000(28155.26504817664d,&quot;28155.27 zł&quot;)" storage="c:\projekty\nunittestproject\bin\debug\netcoreapp3.1\nunittestproject.dll" id="cdb063aa-c8f9-b0b9-d5b0-6f880917f1b4">
      <Execution id="4a546500-4b6d-4cee-97c5-885f293892a6" />
      <TestMethod codeBase="C:\Projekty\NUnitTestProject\bin\Debug\netcoreapp3.1\NUnitTestProject.dll" adapterTypeName="executor://nunit3testexecutor/" className="NUnitTestProject.CurrencyHelperTests" name="FormatToStringTest1000(28155.26504817664d,&quot;28155.27 zł&quot;)" />
    </UnitTest>
    <UnitTest name="FormatToStringTest1000(22831.975917587977d,&quot;22831.98 zł&quot;)" storage="c:\projekty\nunittestproject\bin\debug\netcoreapp3.1\nunittestproject.dll" id="a72152f5-7a61-c574-c2ee-c9a3ca6ccab7">
      <Execution id="50cc3018-8a8c-41d4-a2b5-2dc28e5b90fd" />
      <TestMethod codeBase="C:\Projekty\NUnitTestProject\bin\Debug\netcoreapp3.1\NUnitTestProject.dll" adapterTypeName="executor://nunit3testexecutor/" className="NUnitTestProject.CurrencyHelperTests" name="FormatToStringTest1000(22831.975917587977d,&quot;22831.98 zł&quot;)" />
    </UnitTest>
    <UnitTest name="FormatToStringTest1000(27164.0272410419d,&quot;27164.03 zł&quot;)" storage="c:\projekty\nunittestproject\bin\debug\netcoreapp3.1\nunittestproject.dll" id="b1699ce8-743c-1964-eb7b-2aa310ecbb21">
      <Execution id="9e16382a-e7f3-48cb-9e79-c25b5c8c975f" />
      <TestMethod codeBase="C:\Projekty\NUnitTestProject\bin\Debug\netcoreapp3.1\NUnitTestProject.dll" adapterTypeName="executor://nunit3testexecutor/" className="NUnitTestProject.CurrencyHelperTests" name="FormatToStringTest1000(27164.0272410419d,&quot;27164.03 zł&quot;)" />
    </UnitTest>
    <UnitTest name="FormatToStringTest1000(32632.105531036905d,&quot;32632.11 zł&quot;)" storage="c:\projekty\nunittestproject\bin\debug\netcoreapp3.1\nunittestproject.dll" id="369d8b6d-6b5f-c2d1-d938-37474ed850e0">
      <Execution id="ce4d82d4-137b-4e6f-a09d-a3b2f5faebed" />
      <TestMethod codeBase="C:\Projekty\NUnitTestProject\bin\Debug\netcoreapp3.1\NUnitTestProject.dll" adapterTypeName="executor://nunit3testexecutor/" className="NUnitTestProject.CurrencyHelperTests" name="FormatToStringTest1000(32632.105531036905d,&quot;32632.11 zł&quot;)" />
    </UnitTest>
    <UnitTest name="FormatToStringTest1000(626.135364110179d,&quot;626.14 zł&quot;)" storage="c:\projekty\nunittestproject\bin\debug\netcoreapp3.1\nunittestproject.dll" id="3c732fdd-347f-bf9b-4cee-87347d32525f">
      <Execution id="000861d7-f790-4a06-94da-eda4574546f0" />
      <TestMethod codeBase="C:\Projekty\NUnitTestProject\bin\Debug\netcoreapp3.1\NUnitTestProject.dll" adapterTypeName="executor://nunit3testexecutor/" className="NUnitTestProject.CurrencyHelperTests" name="FormatToStringTest1000(626.135364110179d,&quot;626.14 zł&quot;)" />
    </UnitTest>
    <UnitTest name="FormatToStringTest1000(28987.862854782896d,&quot;28987.86 zł&quot;)" storage="c:\projekty\nunittestproject\bin\debug\netcoreapp3.1\nunittestproject.dll" id="bd80c668-2405-22c1-740d-ec63dfd58306">
      <Execution id="71441c9e-14df-49e8-9d14-0f398866de86" />
      <TestMethod codeBase="C:\Projekty\NUnitTestProject\bin\Debug\netcoreapp3.1\NUnitTestProject.dll" adapterTypeName="executor://nunit3testexecutor/" className="NUnitTestProject.CurrencyHelperTests" name="FormatToStringTest1000(28987.862854782896d,&quot;28987.86 zł&quot;)" />
    </UnitTest>
    <UnitTest name="FormatToStringTest1000(16825.83099003268d,&quot;16825.83 zł&quot;)" storage="c:\projekty\nunittestproject\bin\debug\netcoreapp3.1\nunittestproject.dll" id="299c3fd4-a01d-2a60-05c1-ad11698aa276">
      <Execution id="9d2af24f-9dcd-4893-96d0-e6d4f1fff4b4" />
      <TestMethod codeBase="C:\Projekty\NUnitTestProject\bin\Debug\netcoreapp3.1\NUnitTestProject.dll" adapterTypeName="executor://nunit3testexecutor/" className="NUnitTestProject.CurrencyHelperTests" name="FormatToStringTest1000(16825.83099003268d,&quot;16825.83 zł&quot;)" />
    </UnitTest>
    <UnitTest name="FormatToStringTest1000(2039.440966411699d,&quot;2039.44 zł&quot;)" storage="c:\projekty\nunittestproject\bin\debug\netcoreapp3.1\nunittestproject.dll" id="e24a4a8b-d823-3179-90dd-34c590157361">
      <Execution id="5c1a5c63-f4d9-430a-b7ef-1d61d074ac94" />
      <TestMethod codeBase="C:\Projekty\NUnitTestProject\bin\Debug\netcoreapp3.1\NUnitTestProject.dll" adapterTypeName="executor://nunit3testexecutor/" className="NUnitTestProject.CurrencyHelperTests" name="FormatToStringTest1000(2039.440966411699d,&quot;2039.44 zł&quot;)" />
    </UnitTest>
    <UnitTest name="FormatToStringTest1000(9628.688698104437d,&quot;9628.69 zł&quot;)" storage="c:\projekty\nunittestproject\bin\debug\netcoreapp3.1\nunittestproject.dll" id="244a126b-865c-f129-c9cf-f22a9a00e343">
      <Execution id="3b46fbc8-fef4-419a-a17b-27450b1b62d6" />
      <TestMethod codeBase="C:\Projekty\NUnitTestProject\bin\Debug\netcoreapp3.1\NUnitTestProject.dll" adapterTypeName="executor://nunit3testexecutor/" className="NUnitTestProject.CurrencyHelperTests" name="FormatToStringTest1000(9628.688698104437d,&quot;9628.69 zł&quot;)" />
    </UnitTest>
    <UnitTest name="FormatToStringTest1000(32262.93788198984d,&quot;32262.94 zł&quot;)" storage="c:\projekty\nunittestproject\bin\debug\netcoreapp3.1\nunittestproject.dll" id="74c0130b-d063-4d59-6d84-18416c8beb4f">
      <Execution id="1310e963-1358-4b0e-bff9-7ea89e28d0ea" />
      <TestMethod codeBase="C:\Projekty\NUnitTestProject\bin\Debug\netcoreapp3.1\NUnitTestProject.dll" adapterTypeName="executor://nunit3testexecutor/" className="NUnitTestProject.CurrencyHelperTests" name="FormatToStringTest1000(32262.93788198984d,&quot;32262.94 zł&quot;)" />
    </UnitTest>
    <UnitTest name="FormatToStringTest1000(21573.45329517613d,&quot;21573.45 zł&quot;)" storage="c:\projekty\nunittestproject\bin\debug\netcoreapp3.1\nunittestproject.dll" id="e00200eb-3a34-f266-bd48-fa5530d514f6">
      <Execution id="183bcdff-1365-448d-940e-36546e60b102" />
      <TestMethod codeBase="C:\Projekty\NUnitTestProject\bin\Debug\netcoreapp3.1\NUnitTestProject.dll" adapterTypeName="executor://nunit3testexecutor/" className="NUnitTestProject.CurrencyHelperTests" name="FormatToStringTest1000(21573.45329517613d,&quot;21573.45 zł&quot;)" />
    </UnitTest>
    <UnitTest name="FormatToStringTest1000(7050.437505805137d,&quot;7050.44 zł&quot;)" storage="c:\projekty\nunittestproject\bin\debug\netcoreapp3.1\nunittestproject.dll" id="d5a3e949-dba8-8515-82f0-b4d3600a13aa">
      <Execution id="a11a88fe-1a56-4023-a7bd-14b27eae23da" />
      <TestMethod codeBase="C:\Projekty\NUnitTestProject\bin\Debug\netcoreapp3.1\NUnitTestProject.dll" adapterTypeName="executor://nunit3testexecutor/" className="NUnitTestProject.CurrencyHelperTests" name="FormatToStringTest1000(7050.437505805137d,&quot;7050.44 zł&quot;)" />
    </UnitTest>
    <UnitTest name="FormatToStringTest1000(20640.678251201603d,&quot;20640.68 zł&quot;)" storage="c:\projekty\nunittestproject\bin\debug\netcoreapp3.1\nunittestproject.dll" id="a01314ec-fbb5-964d-0d33-e4eebe884133">
      <Execution id="05358efa-031d-40b2-8f3e-8465cd5f44f2" />
      <TestMethod codeBase="C:\Projekty\NUnitTestProject\bin\Debug\netcoreapp3.1\NUnitTestProject.dll" adapterTypeName="executor://nunit3testexecutor/" className="NUnitTestProject.CurrencyHelperTests" name="FormatToStringTest1000(20640.678251201603d,&quot;20640.68 zł&quot;)" />
    </UnitTest>
    <UnitTest name="FormatToStringTest1000(22197.731451777618d,&quot;22197.73 zł&quot;)" storage="c:\projekty\nunittestproject\bin\debug\netcoreapp3.1\nunittestproject.dll" id="b6ca1995-becc-76ce-0b28-eebf3dd3e464">
      <Execution id="7711ebf7-3b79-445a-a3d7-a0507c95be6b" />
      <TestMethod codeBase="C:\Projekty\NUnitTestProject\bin\Debug\netcoreapp3.1\NUnitTestProject.dll" adapterTypeName="executor://nunit3testexecutor/" className="NUnitTestProject.CurrencyHelperTests" name="FormatToStringTest1000(22197.731451777618d,&quot;22197.73 zł&quot;)" />
    </UnitTest>
    <UnitTest name="FormatToStringTest1000(68770.73008707525d,&quot;68770.73 zł&quot;)" storage="c:\projekty\nunittestproject\bin\debug\netcoreapp3.1\nunittestproject.dll" id="6abd158c-e0bd-4354-9fac-ab6a832540d0">
      <Execution id="78aa297b-d729-4c57-bc50-fcd05bf8b423" />
      <TestMethod codeBase="C:\Projekty\NUnitTestProject\bin\Debug\netcoreapp3.1\NUnitTestProject.dll" adapterTypeName="executor://nunit3testexecutor/" className="NUnitTestProject.CurrencyHelperTests" name="FormatToStringTest1000(68770.73008707525d,&quot;68770.73 zł&quot;)" />
    </UnitTest>
    <UnitTest name="FormatToStringTest1000(32051.900532446758d,&quot;32051.90 zł&quot;)" storage="c:\projekty\nunittestproject\bin\debug\netcoreapp3.1\nunittestproject.dll" id="af3111d5-b888-5828-d92f-ad0d56c13b83">
      <Execution id="925af5b6-f7e7-4d0e-8c7a-0dae6e355454" />
      <TestMethod codeBase="C:\Projekty\NUnitTestProject\bin\Debug\netcoreapp3.1\NUnitTestProject.dll" adapterTypeName="executor://nunit3testexecutor/" className="NUnitTestProject.CurrencyHelperTests" name="FormatToStringTest1000(32051.900532446758d,&quot;32051.90 zł&quot;)" />
    </UnitTest>
    <UnitTest name="FormatToStringTest1000(11624.834848273003d,&quot;11624.83 zł&quot;)" storage="c:\projekty\nunittestproject\bin\debug\netcoreapp3.1\nunittestproject.dll" id="8456fa24-5ecf-826b-4b12-9156253c47fe">
      <Execution id="277defec-54c8-455c-92e8-0be360b02e5b" />
      <TestMethod codeBase="C:\Projekty\NUnitTestProject\bin\Debug\netcoreapp3.1\NUnitTestProject.dll" adapterTypeName="executor://nunit3testexecutor/" className="NUnitTestProject.CurrencyHelperTests" name="FormatToStringTest1000(11624.834848273003d,&quot;11624.83 zł&quot;)" />
    </UnitTest>
    <UnitTest name="FormatToStringTest1000(7004.710832051798d,&quot;7004.71 zł&quot;)" storage="c:\projekty\nunittestproject\bin\debug\netcoreapp3.1\nunittestproject.dll" id="0d3aed88-2598-0caa-458e-53fd2f6dc4e2">
      <Execution id="53bd3a6c-c19e-45ab-a381-aa37fe613138" />
      <TestMethod codeBase="C:\Projekty\NUnitTestProject\bin\Debug\netcoreapp3.1\NUnitTestProject.dll" adapterTypeName="executor://nunit3testexecutor/" className="NUnitTestProject.CurrencyHelperTests" name="FormatToStringTest1000(7004.710832051798d,&quot;7004.71 zł&quot;)" />
    </UnitTest>
    <UnitTest name="FormatToStringTest1000(2390.7596313784643d,&quot;2390.76 zł&quot;)" storage="c:\projekty\nunittestproject\bin\debug\netcoreapp3.1\nunittestproject.dll" id="ae67d523-2929-36b8-f281-40940e5c29bb">
      <Execution id="76864e77-af53-4dbf-8ed3-afc986045f0e" />
      <TestMethod codeBase="C:\Projekty\NUnitTestProject\bin\Debug\netcoreapp3.1\NUnitTestProject.dll" adapterTypeName="executor://nunit3testexecutor/" className="NUnitTestProject.CurrencyHelperTests" name="FormatToStringTest1000(2390.7596313784643d,&quot;2390.76 zł&quot;)" />
    </UnitTest>
    <UnitTest name="FormatToStringTest1000(45887.58415794167d,&quot;45887.58 zł&quot;)" storage="c:\projekty\nunittestproject\bin\debug\netcoreapp3.1\nunittestproject.dll" id="23390089-a1b0-0859-3cf4-aeec4a54a63a">
      <Execution id="7a773e92-e755-411e-95d9-7be3ddf7c0e8" />
      <TestMethod codeBase="C:\Projekty\NUnitTestProject\bin\Debug\netcoreapp3.1\NUnitTestProject.dll" adapterTypeName="executor://nunit3testexecutor/" className="NUnitTestProject.CurrencyHelperTests" name="FormatToStringTest1000(45887.58415794167d,&quot;45887.58 zł&quot;)" />
    </UnitTest>
    <UnitTest name="FormatToStringTest1000(48544.390887578666d,&quot;48544.39 zł&quot;)" storage="c:\projekty\nunittestproject\bin\debug\netcoreapp3.1\nunittestproject.dll" id="6b63c191-3bae-08f6-ef80-e9550ed318c7">
      <Execution id="0474c099-9af3-40fc-97a0-ff64a99bd32b" />
      <TestMethod codeBase="C:\Projekty\NUnitTestProject\bin\Debug\netcoreapp3.1\NUnitTestProject.dll" adapterTypeName="executor://nunit3testexecutor/" className="NUnitTestProject.CurrencyHelperTests" name="FormatToStringTest1000(48544.390887578666d,&quot;48544.39 zł&quot;)" />
    </UnitTest>
    <UnitTest name="FormatToStringTest1000(918.1842976688334d,&quot;918.18 zł&quot;)" storage="c:\projekty\nunittestproject\bin\debug\netcoreapp3.1\nunittestproject.dll" id="e4cccfe6-fb6d-a0d6-3337-e528b068adae">
      <Execution id="0ceed0bf-1128-4de3-b039-345f8bc0caef" />
      <TestMethod codeBase="C:\Projekty\NUnitTestProject\bin\Debug\netcoreapp3.1\NUnitTestProject.dll" adapterTypeName="executor://nunit3testexecutor/" className="NUnitTestProject.CurrencyHelperTests" name="FormatToStringTest1000(918.1842976688334d,&quot;918.18 zł&quot;)" />
    </UnitTest>
    <UnitTest name="FormatToStringTest1000(37561.969571757116d,&quot;37561.97 zł&quot;)" storage="c:\projekty\nunittestproject\bin\debug\netcoreapp3.1\nunittestproject.dll" id="0ea957ac-53f2-c077-4d23-d56d0a5f77c4">
      <Execution id="781f26d0-2a52-4904-ad58-7ec560ac46b2" />
      <TestMethod codeBase="C:\Projekty\NUnitTestProject\bin\Debug\netcoreapp3.1\NUnitTestProject.dll" adapterTypeName="executor://nunit3testexecutor/" className="NUnitTestProject.CurrencyHelperTests" name="FormatToStringTest1000(37561.969571757116d,&quot;37561.97 zł&quot;)" />
    </UnitTest>
    <UnitTest name="FormatToStringTest1000(68011.49219071423d,&quot;68011.49 zł&quot;)" storage="c:\projekty\nunittestproject\bin\debug\netcoreapp3.1\nunittestproject.dll" id="fb944051-8a30-bb84-bc2a-dc4270028415">
      <Execution id="cb46e32f-0e7f-4cd0-a8c4-e09fd6b532ae" />
      <TestMethod codeBase="C:\Projekty\NUnitTestProject\bin\Debug\netcoreapp3.1\NUnitTestProject.dll" adapterTypeName="executor://nunit3testexecutor/" className="NUnitTestProject.CurrencyHelperTests" name="FormatToStringTest1000(68011.49219071423d,&quot;68011.49 zł&quot;)" />
    </UnitTest>
    <UnitTest name="FormatToStringTest1000(10857.521742201186d,&quot;10857.52 zł&quot;)" storage="c:\projekty\nunittestproject\bin\debug\netcoreapp3.1\nunittestproject.dll" id="a73c4b3c-3d13-f62c-d2e5-567ad0be5c42">
      <Execution id="9b8e7bbb-e2f6-4f62-8be8-62222f68f0d2" />
      <TestMethod codeBase="C:\Projekty\NUnitTestProject\bin\Debug\netcoreapp3.1\NUnitTestProject.dll" adapterTypeName="executor://nunit3testexecutor/" className="NUnitTestProject.CurrencyHelperTests" name="FormatToStringTest1000(10857.521742201186d,&quot;10857.52 zł&quot;)" />
    </UnitTest>
    <UnitTest name="FormatToStringTest1000(17232.486162219426d,&quot;17232.49 zł&quot;)" storage="c:\projekty\nunittestproject\bin\debug\netcoreapp3.1\nunittestproject.dll" id="4951aa5a-960f-b892-8f82-3d3748c1e3da">
      <Execution id="8875d391-330d-4329-862b-5321bfa4ffef" />
      <TestMethod codeBase="C:\Projekty\NUnitTestProject\bin\Debug\netcoreapp3.1\NUnitTestProject.dll" adapterTypeName="executor://nunit3testexecutor/" className="NUnitTestProject.CurrencyHelperTests" name="FormatToStringTest1000(17232.486162219426d,&quot;17232.49 zł&quot;)" />
    </UnitTest>
    <UnitTest name="FormatToStringTest1000(10965.74607995746d,&quot;10965.75 zł&quot;)" storage="c:\projekty\nunittestproject\bin\debug\netcoreapp3.1\nunittestproject.dll" id="8879b9b8-0100-f390-31c6-fdcbdf8a4f83">
      <Execution id="5d3eb22a-f3de-4a5c-9853-91c31446f2c7" />
      <TestMethod codeBase="C:\Projekty\NUnitTestProject\bin\Debug\netcoreapp3.1\NUnitTestProject.dll" adapterTypeName="executor://nunit3testexecutor/" className="NUnitTestProject.CurrencyHelperTests" name="FormatToStringTest1000(10965.74607995746d,&quot;10965.75 zł&quot;)" />
    </UnitTest>
    <UnitTest name="FormatToStringTest1000(17418.31302247863d,&quot;17418.31 zł&quot;)" storage="c:\projekty\nunittestproject\bin\debug\netcoreapp3.1\nunittestproject.dll" id="a8b1a1f3-a70e-7194-337a-f959c6974971">
      <Execution id="b5043c24-a3fb-4345-b1fe-2694911d47a9" />
      <TestMethod codeBase="C:\Projekty\NUnitTestProject\bin\Debug\netcoreapp3.1\NUnitTestProject.dll" adapterTypeName="executor://nunit3testexecutor/" className="NUnitTestProject.CurrencyHelperTests" name="FormatToStringTest1000(17418.31302247863d,&quot;17418.31 zł&quot;)" />
    </UnitTest>
    <UnitTest name="FormatToStringTest1000(3646.857719214101d,&quot;3646.86 zł&quot;)" storage="c:\projekty\nunittestproject\bin\debug\netcoreapp3.1\nunittestproject.dll" id="f28b795b-c425-f0b1-e6d2-05ca8e559551">
      <Execution id="8df7c36d-ac4f-4ed9-9211-4736af20add8" />
      <TestMethod codeBase="C:\Projekty\NUnitTestProject\bin\Debug\netcoreapp3.1\NUnitTestProject.dll" adapterTypeName="executor://nunit3testexecutor/" className="NUnitTestProject.CurrencyHelperTests" name="FormatToStringTest1000(3646.857719214101d,&quot;3646.86 zł&quot;)" />
    </UnitTest>
    <UnitTest name="FormatToStringTest1000(41915.7945284563d,&quot;41915.79 zł&quot;)" storage="c:\projekty\nunittestproject\bin\debug\netcoreapp3.1\nunittestproject.dll" id="619c3bdd-52f6-f473-bd0e-a552a532adf7">
      <Execution id="cdafb726-1d8a-470a-bd20-0ec86dea9e62" />
      <TestMethod codeBase="C:\Projekty\NUnitTestProject\bin\Debug\netcoreapp3.1\NUnitTestProject.dll" adapterTypeName="executor://nunit3testexecutor/" className="NUnitTestProject.CurrencyHelperTests" name="FormatToStringTest1000(41915.7945284563d,&quot;41915.79 zł&quot;)" />
    </UnitTest>
    <UnitTest name="FormatToStringTest1000(43424.45140075332d,&quot;43424.45 zł&quot;)" storage="c:\projekty\nunittestproject\bin\debug\netcoreapp3.1\nunittestproject.dll" id="a2324ec9-fe68-9e74-cace-8efe295e824d">
      <Execution id="cfa7fd6b-8148-44a6-87f4-bd80919ef203" />
      <TestMethod codeBase="C:\Projekty\NUnitTestProject\bin\Debug\netcoreapp3.1\NUnitTestProject.dll" adapterTypeName="executor://nunit3testexecutor/" className="NUnitTestProject.CurrencyHelperTests" name="FormatToStringTest1000(43424.45140075332d,&quot;43424.45 zł&quot;)" />
    </UnitTest>
    <UnitTest name="FormatToStringTest1000(31391.358864880804d,&quot;31391.36 zł&quot;)" storage="c:\projekty\nunittestproject\bin\debug\netcoreapp3.1\nunittestproject.dll" id="a9bc5968-881f-208e-3a3a-e085883b32c4">
      <Execution id="f6ee90c7-e69e-4c2a-91d4-7fca53f3dfe9" />
      <TestMethod codeBase="C:\Projekty\NUnitTestProject\bin\Debug\netcoreapp3.1\NUnitTestProject.dll" adapterTypeName="executor://nunit3testexecutor/" className="NUnitTestProject.CurrencyHelperTests" name="FormatToStringTest1000(31391.358864880804d,&quot;31391.36 zł&quot;)" />
    </UnitTest>
    <UnitTest name="FormatToStringTest1000(4525.609305084501d,&quot;4525.61 zł&quot;)" storage="c:\projekty\nunittestproject\bin\debug\netcoreapp3.1\nunittestproject.dll" id="c8d9f475-0d2c-01ff-49f8-896beab958d5">
      <Execution id="eccd6e3a-f5e5-49b6-87c4-43baf3cdaecf" />
      <TestMethod codeBase="C:\Projekty\NUnitTestProject\bin\Debug\netcoreapp3.1\NUnitTestProject.dll" adapterTypeName="executor://nunit3testexecutor/" className="NUnitTestProject.CurrencyHelperTests" name="FormatToStringTest1000(4525.609305084501d,&quot;4525.61 zł&quot;)" />
    </UnitTest>
    <UnitTest name="FormatToStringTest1000(72802.68569213277d,&quot;72802.69 zł&quot;)" storage="c:\projekty\nunittestproject\bin\debug\netcoreapp3.1\nunittestproject.dll" id="f9ec4424-0f09-8ce8-d044-ac97ec1d16a8">
      <Execution id="c9f4a51e-c9ee-41f1-a52e-8b244a80ae88" />
      <TestMethod codeBase="C:\Projekty\NUnitTestProject\bin\Debug\netcoreapp3.1\NUnitTestProject.dll" adapterTypeName="executor://nunit3testexecutor/" className="NUnitTestProject.CurrencyHelperTests" name="FormatToStringTest1000(72802.68569213277d,&quot;72802.69 zł&quot;)" />
    </UnitTest>
    <UnitTest name="FormatToStringTest1000(6057.842750804426d,&quot;6057.84 zł&quot;)" storage="c:\projekty\nunittestproject\bin\debug\netcoreapp3.1\nunittestproject.dll" id="96aa3d29-1365-f48b-4ac9-cdc761ea41b1">
      <Execution id="2c6aefa9-b9a7-4e9d-bdce-a9fc844e029f" />
      <TestMethod codeBase="C:\Projekty\NUnitTestProject\bin\Debug\netcoreapp3.1\NUnitTestProject.dll" adapterTypeName="executor://nunit3testexecutor/" className="NUnitTestProject.CurrencyHelperTests" name="FormatToStringTest1000(6057.842750804426d,&quot;6057.84 zł&quot;)" />
    </UnitTest>
    <UnitTest name="FormatToStringTest1000(5140.16338917155d,&quot;5140.16 zł&quot;)" storage="c:\projekty\nunittestproject\bin\debug\netcoreapp3.1\nunittestproject.dll" id="832e2e19-99a8-b743-8cd7-c0180c963ece">
      <Execution id="ae6b6f25-22de-472f-874e-17926ea4e9dc" />
      <TestMethod codeBase="C:\Projekty\NUnitTestProject\bin\Debug\netcoreapp3.1\NUnitTestProject.dll" adapterTypeName="executor://nunit3testexecutor/" className="NUnitTestProject.CurrencyHelperTests" name="FormatToStringTest1000(5140.16338917155d,&quot;5140.16 zł&quot;)" />
    </UnitTest>
    <UnitTest name="FormatToStringTest1000(59283.48311990662d,&quot;59283.48 zł&quot;)" storage="c:\projekty\nunittestproject\bin\debug\netcoreapp3.1\nunittestproject.dll" id="c3298b2d-9863-1896-98e3-77805a105e1c">
      <Execution id="9a70780c-4b50-4bba-845f-bdc31d69c6fd" />
      <TestMethod codeBase="C:\Projekty\NUnitTestProject\bin\Debug\netcoreapp3.1\NUnitTestProject.dll" adapterTypeName="executor://nunit3testexecutor/" className="NUnitTestProject.CurrencyHelperTests" name="FormatToStringTest1000(59283.48311990662d,&quot;59283.48 zł&quot;)" />
    </UnitTest>
    <UnitTest name="FormatToStringTest1000(79339.95632144621d,&quot;79339.96 zł&quot;)" storage="c:\projekty\nunittestproject\bin\debug\netcoreapp3.1\nunittestproject.dll" id="0a21bad2-cce1-7c33-3af3-a6f4c4389e98">
      <Execution id="2898b3bb-447e-4e9d-8c6c-9e765387ba39" />
      <TestMethod codeBase="C:\Projekty\NUnitTestProject\bin\Debug\netcoreapp3.1\NUnitTestProject.dll" adapterTypeName="executor://nunit3testexecutor/" className="NUnitTestProject.CurrencyHelperTests" name="FormatToStringTest1000(79339.95632144621d,&quot;79339.96 zł&quot;)" />
    </UnitTest>
    <UnitTest name="FormatToStringTest1000(1228.101744225296d,&quot;1228.10 zł&quot;)" storage="c:\projekty\nunittestproject\bin\debug\netcoreapp3.1\nunittestproject.dll" id="11067e87-9b88-327c-9a0f-dda26b0288cb">
      <Execution id="b794e9f5-4b0b-42fd-b12b-6659c5cf5ae1" />
      <TestMethod codeBase="C:\Projekty\NUnitTestProject\bin\Debug\netcoreapp3.1\NUnitTestProject.dll" adapterTypeName="executor://nunit3testexecutor/" className="NUnitTestProject.CurrencyHelperTests" name="FormatToStringTest1000(1228.101744225296d,&quot;1228.10 zł&quot;)" />
    </UnitTest>
    <UnitTest name="FormatToStringTest1000(34084.19497795599d,&quot;34084.19 zł&quot;)" storage="c:\projekty\nunittestproject\bin\debug\netcoreapp3.1\nunittestproject.dll" id="a01cdd42-8e33-6253-38cb-1cb271d958f4">
      <Execution id="5dcd38c1-e05d-4675-8eef-16bdc8269ccb" />
      <TestMethod codeBase="C:\Projekty\NUnitTestProject\bin\Debug\netcoreapp3.1\NUnitTestProject.dll" adapterTypeName="executor://nunit3testexecutor/" className="NUnitTestProject.CurrencyHelperTests" name="FormatToStringTest1000(34084.19497795599d,&quot;34084.19 zł&quot;)" />
    </UnitTest>
    <UnitTest name="FormatToStringTest1000(1814.7218118955948d,&quot;1814.72 zł&quot;)" storage="c:\projekty\nunittestproject\bin\debug\netcoreapp3.1\nunittestproject.dll" id="74b92fed-1c7d-84ea-101d-b4ba0f959527">
      <Execution id="55b3542d-fc90-48d8-9a34-718089b978ea" />
      <TestMethod codeBase="C:\Projekty\NUnitTestProject\bin\Debug\netcoreapp3.1\NUnitTestProject.dll" adapterTypeName="executor://nunit3testexecutor/" className="NUnitTestProject.CurrencyHelperTests" name="FormatToStringTest1000(1814.7218118955948d,&quot;1814.72 zł&quot;)" />
    </UnitTest>
    <UnitTest name="FormatToStringTest1000(20752.33758466334d,&quot;20752.34 zł&quot;)" storage="c:\projekty\nunittestproject\bin\debug\netcoreapp3.1\nunittestproject.dll" id="a2f90830-dfa6-05f0-71fa-365928f71cdd">
      <Execution id="5819c08d-fe68-4560-99c1-dd9459d93974" />
      <TestMethod codeBase="C:\Projekty\NUnitTestProject\bin\Debug\netcoreapp3.1\NUnitTestProject.dll" adapterTypeName="executor://nunit3testexecutor/" className="NUnitTestProject.CurrencyHelperTests" name="FormatToStringTest1000(20752.33758466334d,&quot;20752.34 zł&quot;)" />
    </UnitTest>
    <UnitTest name="FormatToStringTest1000(10501.127379151585d,&quot;10501.13 zł&quot;)" storage="c:\projekty\nunittestproject\bin\debug\netcoreapp3.1\nunittestproject.dll" id="826ac225-455e-4413-4415-8bc54c5b4d09">
      <Execution id="e148f4fd-3129-4b15-9115-3193094b736c" />
      <TestMethod codeBase="C:\Projekty\NUnitTestProject\bin\Debug\netcoreapp3.1\NUnitTestProject.dll" adapterTypeName="executor://nunit3testexecutor/" className="NUnitTestProject.CurrencyHelperTests" name="FormatToStringTest1000(10501.127379151585d,&quot;10501.13 zł&quot;)" />
    </UnitTest>
    <UnitTest name="FormatToStringTest1000(1896.1704506483723d,&quot;1896.17 zł&quot;)" storage="c:\projekty\nunittestproject\bin\debug\netcoreapp3.1\nunittestproject.dll" id="a7c76906-c1d7-0c9c-096c-a6235194b8e7">
      <Execution id="1dad8257-fa57-4bfc-8066-777f1049c135" />
      <TestMethod codeBase="C:\Projekty\NUnitTestProject\bin\Debug\netcoreapp3.1\NUnitTestProject.dll" adapterTypeName="executor://nunit3testexecutor/" className="NUnitTestProject.CurrencyHelperTests" name="FormatToStringTest1000(1896.1704506483723d,&quot;1896.17 zł&quot;)" />
    </UnitTest>
    <UnitTest name="FormatToStringTest1000(21693.340115174808d,&quot;21693.34 zł&quot;)" storage="c:\projekty\nunittestproject\bin\debug\netcoreapp3.1\nunittestproject.dll" id="70fae426-3482-001e-3d7c-925da7888589">
      <Execution id="0080ee36-134a-40d9-aef7-6d98bfef0be3" />
      <TestMethod codeBase="C:\Projekty\NUnitTestProject\bin\Debug\netcoreapp3.1\NUnitTestProject.dll" adapterTypeName="executor://nunit3testexecutor/" className="NUnitTestProject.CurrencyHelperTests" name="FormatToStringTest1000(21693.340115174808d,&quot;21693.34 zł&quot;)" />
    </UnitTest>
    <UnitTest name="FormatToStringTest1000(71554.9786298829d,&quot;71554.98 zł&quot;)" storage="c:\projekty\nunittestproject\bin\debug\netcoreapp3.1\nunittestproject.dll" id="3b6adeb2-dcf4-fb95-f3e8-26dcad169d8e">
      <Execution id="57ae1fc6-498a-40dc-b5b7-068f640a5acb" />
      <TestMethod codeBase="C:\Projekty\NUnitTestProject\bin\Debug\netcoreapp3.1\NUnitTestProject.dll" adapterTypeName="executor://nunit3testexecutor/" className="NUnitTestProject.CurrencyHelperTests" name="FormatToStringTest1000(71554.9786298829d,&quot;71554.98 zł&quot;)" />
    </UnitTest>
    <UnitTest name="FormatToStringTest1000(2901.9683054191846d,&quot;2901.97 zł&quot;)" storage="c:\projekty\nunittestproject\bin\debug\netcoreapp3.1\nunittestproject.dll" id="5fffab77-5cc8-a871-bcdb-d0b800ab8840">
      <Execution id="9821efa7-a6f3-44ca-a4fc-5afb5973aa37" />
      <TestMethod codeBase="C:\Projekty\NUnitTestProject\bin\Debug\netcoreapp3.1\NUnitTestProject.dll" adapterTypeName="executor://nunit3testexecutor/" className="NUnitTestProject.CurrencyHelperTests" name="FormatToStringTest1000(2901.9683054191846d,&quot;2901.97 zł&quot;)" />
    </UnitTest>
    <UnitTest name="FormatToStringTest1000(13092.45389243609d,&quot;13092.45 zł&quot;)" storage="c:\projekty\nunittestproject\bin\debug\netcoreapp3.1\nunittestproject.dll" id="9e338ff4-5402-3f35-08f3-bafb7669b187">
      <Execution id="7b3aaa85-5839-40ef-883f-26ebc9fb52d6" />
      <TestMethod codeBase="C:\Projekty\NUnitTestProject\bin\Debug\netcoreapp3.1\NUnitTestProject.dll" adapterTypeName="executor://nunit3testexecutor/" className="NUnitTestProject.CurrencyHelperTests" name="FormatToStringTest1000(13092.45389243609d,&quot;13092.45 zł&quot;)" />
    </UnitTest>
    <UnitTest name="FormatToStringTest1000(14172.682747822573d,&quot;14172.68 zł&quot;)" storage="c:\projekty\nunittestproject\bin\debug\netcoreapp3.1\nunittestproject.dll" id="d0b4fe44-6c66-e0d0-90f7-7f93ef97fe01">
      <Execution id="1e330dee-ea82-47e2-9a63-479208249e6d" />
      <TestMethod codeBase="C:\Projekty\NUnitTestProject\bin\Debug\netcoreapp3.1\NUnitTestProject.dll" adapterTypeName="executor://nunit3testexecutor/" className="NUnitTestProject.CurrencyHelperTests" name="FormatToStringTest1000(14172.682747822573d,&quot;14172.68 zł&quot;)" />
    </UnitTest>
    <UnitTest name="FormatToStringTest1000(4612.32080757633d,&quot;4612.32 zł&quot;)" storage="c:\projekty\nunittestproject\bin\debug\netcoreapp3.1\nunittestproject.dll" id="e2a03079-8dae-3d38-3cf5-f27f7a4202a4">
      <Execution id="39da1f8a-0c2f-4a62-989c-79f5a3f57105" />
      <TestMethod codeBase="C:\Projekty\NUnitTestProject\bin\Debug\netcoreapp3.1\NUnitTestProject.dll" adapterTypeName="executor://nunit3testexecutor/" className="NUnitTestProject.CurrencyHelperTests" name="FormatToStringTest1000(4612.32080757633d,&quot;4612.32 zł&quot;)" />
    </UnitTest>
    <UnitTest name="FormatToStringTest1000(21785.42157155528d,&quot;21785.42 zł&quot;)" storage="c:\projekty\nunittestproject\bin\debug\netcoreapp3.1\nunittestproject.dll" id="5fd56893-4697-a123-e3df-f5a8329247bd">
      <Execution id="084694c4-36c0-4315-8d71-3f20258c0fd0" />
      <TestMethod codeBase="C:\Projekty\NUnitTestProject\bin\Debug\netcoreapp3.1\NUnitTestProject.dll" adapterTypeName="executor://nunit3testexecutor/" className="NUnitTestProject.CurrencyHelperTests" name="FormatToStringTest1000(21785.42157155528d,&quot;21785.42 zł&quot;)" />
    </UnitTest>
    <UnitTest name="FormatToStringTest1000(16511.26921423537d,&quot;16511.27 zł&quot;)" storage="c:\projekty\nunittestproject\bin\debug\netcoreapp3.1\nunittestproject.dll" id="e0f11812-ae84-56fe-380e-aa4471665fb8">
      <Execution id="1123f554-bc78-4ab6-940d-29a5a8cc9dc0" />
      <TestMethod codeBase="C:\Projekty\NUnitTestProject\bin\Debug\netcoreapp3.1\NUnitTestProject.dll" adapterTypeName="executor://nunit3testexecutor/" className="NUnitTestProject.CurrencyHelperTests" name="FormatToStringTest1000(16511.26921423537d,&quot;16511.27 zł&quot;)" />
    </UnitTest>
    <UnitTest name="FormatToStringTest1000(9151.103070427245d,&quot;9151.10 zł&quot;)" storage="c:\projekty\nunittestproject\bin\debug\netcoreapp3.1\nunittestproject.dll" id="d9e3c39e-a746-2b8a-5354-8ea82331bcd9">
      <Execution id="076f8f12-ca2c-4e9c-9c88-cf20250d21ec" />
      <TestMethod codeBase="C:\Projekty\NUnitTestProject\bin\Debug\netcoreapp3.1\NUnitTestProject.dll" adapterTypeName="executor://nunit3testexecutor/" className="NUnitTestProject.CurrencyHelperTests" name="FormatToStringTest1000(9151.103070427245d,&quot;9151.10 zł&quot;)" />
    </UnitTest>
    <UnitTest name="FormatToStringTest1000(545.7016866634142d,&quot;545.70 zł&quot;)" storage="c:\projekty\nunittestproject\bin\debug\netcoreapp3.1\nunittestproject.dll" id="b639588e-b414-82b2-fe24-5fe49a4a3ad3">
      <Execution id="8ea2d802-9d0b-4d65-be69-ca9ad4142947" />
      <TestMethod codeBase="C:\Projekty\NUnitTestProject\bin\Debug\netcoreapp3.1\NUnitTestProject.dll" adapterTypeName="executor://nunit3testexecutor/" className="NUnitTestProject.CurrencyHelperTests" name="FormatToStringTest1000(545.7016866634142d,&quot;545.70 zł&quot;)" />
    </UnitTest>
    <UnitTest name="FormatToStringTest1000(11912.404131636213d,&quot;11912.40 zł&quot;)" storage="c:\projekty\nunittestproject\bin\debug\netcoreapp3.1\nunittestproject.dll" id="f5d3f3a5-bbac-e5c0-6089-8d38dd4249c8">
      <Execution id="a9743b4c-954d-4aa9-904e-9e4344ca1080" />
      <TestMethod codeBase="C:\Projekty\NUnitTestProject\bin\Debug\netcoreapp3.1\NUnitTestProject.dll" adapterTypeName="executor://nunit3testexecutor/" className="NUnitTestProject.CurrencyHelperTests" name="FormatToStringTest1000(11912.404131636213d,&quot;11912.40 zł&quot;)" />
    </UnitTest>
    <UnitTest name="FormatToStringTest1000(15411.371650797022d,&quot;15411.37 zł&quot;)" storage="c:\projekty\nunittestproject\bin\debug\netcoreapp3.1\nunittestproject.dll" id="4a4334b0-5451-8696-5200-0bdb59e2a710">
      <Execution id="b9136ba9-b610-4507-b6ec-d310b3b3d23b" />
      <TestMethod codeBase="C:\Projekty\NUnitTestProject\bin\Debug\netcoreapp3.1\NUnitTestProject.dll" adapterTypeName="executor://nunit3testexecutor/" className="NUnitTestProject.CurrencyHelperTests" name="FormatToStringTest1000(15411.371650797022d,&quot;15411.37 zł&quot;)" />
    </UnitTest>
    <UnitTest name="FormatToStringTest1000(40857.08543233996d,&quot;40857.09 zł&quot;)" storage="c:\projekty\nunittestproject\bin\debug\netcoreapp3.1\nunittestproject.dll" id="43552c47-f44b-17a4-1647-f8068fe18052">
      <Execution id="7c13086b-5e2c-4147-a1ca-9babe7b7195a" />
      <TestMethod codeBase="C:\Projekty\NUnitTestProject\bin\Debug\netcoreapp3.1\NUnitTestProject.dll" adapterTypeName="executor://nunit3testexecutor/" className="NUnitTestProject.CurrencyHelperTests" name="FormatToStringTest1000(40857.08543233996d,&quot;40857.09 zł&quot;)" />
    </UnitTest>
    <UnitTest name="FormatToStringTest1000(38076.55319665165d,&quot;38076.55 zł&quot;)" storage="c:\projekty\nunittestproject\bin\debug\netcoreapp3.1\nunittestproject.dll" id="3e825b25-6db1-d72d-ab5d-475a3a46b642">
      <Execution id="25e13281-db7a-4e0e-a210-ad6ff4854e30" />
      <TestMethod codeBase="C:\Projekty\NUnitTestProject\bin\Debug\netcoreapp3.1\NUnitTestProject.dll" adapterTypeName="executor://nunit3testexecutor/" className="NUnitTestProject.CurrencyHelperTests" name="FormatToStringTest1000(38076.55319665165d,&quot;38076.55 zł&quot;)" />
    </UnitTest>
    <UnitTest name="FormatToStringTest1000(1549.6599114973376d,&quot;1549.66 zł&quot;)" storage="c:\projekty\nunittestproject\bin\debug\netcoreapp3.1\nunittestproject.dll" id="8abfbe45-c0d6-8f72-7af8-564a66d7cb48">
      <Execution id="43c16e39-4745-4330-bb38-c419788ff538" />
      <TestMethod codeBase="C:\Projekty\NUnitTestProject\bin\Debug\netcoreapp3.1\NUnitTestProject.dll" adapterTypeName="executor://nunit3testexecutor/" className="NUnitTestProject.CurrencyHelperTests" name="FormatToStringTest1000(1549.6599114973376d,&quot;1549.66 zł&quot;)" />
    </UnitTest>
    <UnitTest name="FormatToStringTest1000(19500.031951036784d,&quot;19500.03 zł&quot;)" storage="c:\projekty\nunittestproject\bin\debug\netcoreapp3.1\nunittestproject.dll" id="113c211f-ff70-231a-7b9d-03413cd134d7">
      <Execution id="0584a77f-dfb6-4018-a35a-3285e4c29b89" />
      <TestMethod codeBase="C:\Projekty\NUnitTestProject\bin\Debug\netcoreapp3.1\NUnitTestProject.dll" adapterTypeName="executor://nunit3testexecutor/" className="NUnitTestProject.CurrencyHelperTests" name="FormatToStringTest1000(19500.031951036784d,&quot;19500.03 zł&quot;)" />
    </UnitTest>
    <UnitTest name="FormatToStringTest1000(47393.54939526671d,&quot;47393.55 zł&quot;)" storage="c:\projekty\nunittestproject\bin\debug\netcoreapp3.1\nunittestproject.dll" id="4ae6f156-51db-bc15-8975-b99fe55a99a8">
      <Execution id="de44d2ab-29dd-412d-999f-b451a9beb148" />
      <TestMethod codeBase="C:\Projekty\NUnitTestProject\bin\Debug\netcoreapp3.1\NUnitTestProject.dll" adapterTypeName="executor://nunit3testexecutor/" className="NUnitTestProject.CurrencyHelperTests" name="FormatToStringTest1000(47393.54939526671d,&quot;47393.55 zł&quot;)" />
    </UnitTest>
    <UnitTest name="FormatToStringTest1000(15639.704937780603d,&quot;15639.70 zł&quot;)" storage="c:\projekty\nunittestproject\bin\debug\netcoreapp3.1\nunittestproject.dll" id="a791af51-cffc-4361-1fd8-8baf48da92e6">
      <Execution id="f4083ad8-49a4-4133-baf5-0ccb9d63fc22" />
      <TestMethod codeBase="C:\Projekty\NUnitTestProject\bin\Debug\netcoreapp3.1\NUnitTestProject.dll" adapterTypeName="executor://nunit3testexecutor/" className="NUnitTestProject.CurrencyHelperTests" name="FormatToStringTest1000(15639.704937780603d,&quot;15639.70 zł&quot;)" />
    </UnitTest>
    <UnitTest name="FormatToStringTest1000(27050.586848031067d,&quot;27050.59 zł&quot;)" storage="c:\projekty\nunittestproject\bin\debug\netcoreapp3.1\nunittestproject.dll" id="9bb26f6e-1e2c-da60-973e-eeca518679d1">
      <Execution id="aa21c170-aa4e-42df-808a-bd7a1b61b9b1" />
      <TestMethod codeBase="C:\Projekty\NUnitTestProject\bin\Debug\netcoreapp3.1\NUnitTestProject.dll" adapterTypeName="executor://nunit3testexecutor/" className="NUnitTestProject.CurrencyHelperTests" name="FormatToStringTest1000(27050.586848031067d,&quot;27050.59 zł&quot;)" />
    </UnitTest>
    <UnitTest name="FormatToStringTest1000(24825.207513729205d,&quot;24825.21 zł&quot;)" storage="c:\projekty\nunittestproject\bin\debug\netcoreapp3.1\nunittestproject.dll" id="03d957f5-33ed-c0eb-c948-6ece846430f3">
      <Execution id="8bb5dafa-f0ab-4dd5-84eb-1973a5098abd" />
      <TestMethod codeBase="C:\Projekty\NUnitTestProject\bin\Debug\netcoreapp3.1\NUnitTestProject.dll" adapterTypeName="executor://nunit3testexecutor/" className="NUnitTestProject.CurrencyHelperTests" name="FormatToStringTest1000(24825.207513729205d,&quot;24825.21 zł&quot;)" />
    </UnitTest>
    <UnitTest name="FormatToStringTest1000(96261.84883437205d,&quot;96261.85 zł&quot;)" storage="c:\projekty\nunittestproject\bin\debug\netcoreapp3.1\nunittestproject.dll" id="c350fedf-0a65-57f7-f133-063ae7c0e4c8">
      <Execution id="8c11f84e-2422-4418-bde9-148c9e581902" />
      <TestMethod codeBase="C:\Projekty\NUnitTestProject\bin\Debug\netcoreapp3.1\NUnitTestProject.dll" adapterTypeName="executor://nunit3testexecutor/" className="NUnitTestProject.CurrencyHelperTests" name="FormatToStringTest1000(96261.84883437205d,&quot;96261.85 zł&quot;)" />
    </UnitTest>
    <UnitTest name="FormatToStringTest1000(743.047944508981d,&quot;743.05 zł&quot;)" storage="c:\projekty\nunittestproject\bin\debug\netcoreapp3.1\nunittestproject.dll" id="05a32b6d-38a3-d790-fab1-ef7fcb38fd6c">
      <Execution id="d6fe7778-1059-4d07-ac60-185516dc5121" />
      <TestMethod codeBase="C:\Projekty\NUnitTestProject\bin\Debug\netcoreapp3.1\NUnitTestProject.dll" adapterTypeName="executor://nunit3testexecutor/" className="NUnitTestProject.CurrencyHelperTests" name="FormatToStringTest1000(743.047944508981d,&quot;743.05 zł&quot;)" />
    </UnitTest>
    <UnitTest name="FormatToStringTest1000(7813.027778348433d,&quot;7813.03 zł&quot;)" storage="c:\projekty\nunittestproject\bin\debug\netcoreapp3.1\nunittestproject.dll" id="7b5400c4-5377-7ac8-dd1c-7b695cb4115f">
      <Execution id="3dd4a253-0d9c-424e-8236-31ee73029cd2" />
      <TestMethod codeBase="C:\Projekty\NUnitTestProject\bin\Debug\netcoreapp3.1\NUnitTestProject.dll" adapterTypeName="executor://nunit3testexecutor/" className="NUnitTestProject.CurrencyHelperTests" name="FormatToStringTest1000(7813.027778348433d,&quot;7813.03 zł&quot;)" />
    </UnitTest>
    <UnitTest name="FormatToStringTest1000(7396.940188290057d,&quot;7396.94 zł&quot;)" storage="c:\projekty\nunittestproject\bin\debug\netcoreapp3.1\nunittestproject.dll" id="eb615c68-e5d1-28d7-b038-0571a7587ad1">
      <Execution id="f8e0976b-0b4f-4a76-824e-496411912687" />
      <TestMethod codeBase="C:\Projekty\NUnitTestProject\bin\Debug\netcoreapp3.1\NUnitTestProject.dll" adapterTypeName="executor://nunit3testexecutor/" className="NUnitTestProject.CurrencyHelperTests" name="FormatToStringTest1000(7396.940188290057d,&quot;7396.94 zł&quot;)" />
    </UnitTest>
    <UnitTest name="FormatToStringTest1000(14017.699524653006d,&quot;14017.70 zł&quot;)" storage="c:\projekty\nunittestproject\bin\debug\netcoreapp3.1\nunittestproject.dll" id="2bc42f5a-e565-5018-fa3b-64bf63c4c2f5">
      <Execution id="43e06350-d68a-4a91-b81c-9ba437a6da55" />
      <TestMethod codeBase="C:\Projekty\NUnitTestProject\bin\Debug\netcoreapp3.1\NUnitTestProject.dll" adapterTypeName="executor://nunit3testexecutor/" className="NUnitTestProject.CurrencyHelperTests" name="FormatToStringTest1000(14017.699524653006d,&quot;14017.70 zł&quot;)" />
    </UnitTest>
    <UnitTest name="FormatToStringTest1000(2897.9775426620513d,&quot;2897.98 zł&quot;)" storage="c:\projekty\nunittestproject\bin\debug\netcoreapp3.1\nunittestproject.dll" id="bc811ad8-c7b9-9df7-0d3d-56b12c4539e2">
      <Execution id="b71f023e-da23-4f85-9710-b24f255fc88f" />
      <TestMethod codeBase="C:\Projekty\NUnitTestProject\bin\Debug\netcoreapp3.1\NUnitTestProject.dll" adapterTypeName="executor://nunit3testexecutor/" className="NUnitTestProject.CurrencyHelperTests" name="FormatToStringTest1000(2897.9775426620513d,&quot;2897.98 zł&quot;)" />
    </UnitTest>
    <UnitTest name="FormatToStringTest1000(25036.98767214035d,&quot;25036.99 zł&quot;)" storage="c:\projekty\nunittestproject\bin\debug\netcoreapp3.1\nunittestproject.dll" id="c185c27a-3451-102c-d3c1-98ea6c73d73c">
      <Execution id="b3b76aa4-55fc-4b28-ba3e-b46d4fe8f530" />
      <TestMethod codeBase="C:\Projekty\NUnitTestProject\bin\Debug\netcoreapp3.1\NUnitTestProject.dll" adapterTypeName="executor://nunit3testexecutor/" className="NUnitTestProject.CurrencyHelperTests" name="FormatToStringTest1000(25036.98767214035d,&quot;25036.99 zł&quot;)" />
    </UnitTest>
    <UnitTest name="FormatToStringTest1000(17455.15807988595d,&quot;17455.16 zł&quot;)" storage="c:\projekty\nunittestproject\bin\debug\netcoreapp3.1\nunittestproject.dll" id="a1098879-b96c-d9e8-87b7-d514474f9769">
      <Execution id="5b9c635c-d844-40e6-a9ef-05582a70dc68" />
      <TestMethod codeBase="C:\Projekty\NUnitTestProject\bin\Debug\netcoreapp3.1\NUnitTestProject.dll" adapterTypeName="executor://nunit3testexecutor/" className="NUnitTestProject.CurrencyHelperTests" name="FormatToStringTest1000(17455.15807988595d,&quot;17455.16 zł&quot;)" />
    </UnitTest>
    <UnitTest name="FormatToStringTest1000(32863.31705269558d,&quot;32863.32 zł&quot;)" storage="c:\projekty\nunittestproject\bin\debug\netcoreapp3.1\nunittestproject.dll" id="39e2492b-a588-79ac-add5-4d0176982180">
      <Execution id="8afcff46-becb-4f11-b9d0-75889c1de4c5" />
      <TestMethod codeBase="C:\Projekty\NUnitTestProject\bin\Debug\netcoreapp3.1\NUnitTestProject.dll" adapterTypeName="executor://nunit3testexecutor/" className="NUnitTestProject.CurrencyHelperTests" name="FormatToStringTest1000(32863.31705269558d,&quot;32863.32 zł&quot;)" />
    </UnitTest>
    <UnitTest name="FormatToStringTest1000(31805.23430354532d,&quot;31805.23 zł&quot;)" storage="c:\projekty\nunittestproject\bin\debug\netcoreapp3.1\nunittestproject.dll" id="6fd1af1d-c0d4-5f1e-0bd0-26896040487e">
      <Execution id="23fbe7ff-7206-4c1d-97ec-6b60ecf05b95" />
      <TestMethod codeBase="C:\Projekty\NUnitTestProject\bin\Debug\netcoreapp3.1\NUnitTestProject.dll" adapterTypeName="executor://nunit3testexecutor/" className="NUnitTestProject.CurrencyHelperTests" name="FormatToStringTest1000(31805.23430354532d,&quot;31805.23 zł&quot;)" />
    </UnitTest>
    <UnitTest name="FormatToStringTest1000(72659.37876478041d,&quot;72659.38 zł&quot;)" storage="c:\projekty\nunittestproject\bin\debug\netcoreapp3.1\nunittestproject.dll" id="1f8c3026-17e4-68c3-c899-dd2458b787d5">
      <Execution id="b5c2b3c9-665d-4f66-9a4b-3cba8825fc9c" />
      <TestMethod codeBase="C:\Projekty\NUnitTestProject\bin\Debug\netcoreapp3.1\NUnitTestProject.dll" adapterTypeName="executor://nunit3testexecutor/" className="NUnitTestProject.CurrencyHelperTests" name="FormatToStringTest1000(72659.37876478041d,&quot;72659.38 zł&quot;)" />
    </UnitTest>
    <UnitTest name="FormatToStringTest1000(36760.171806480816d,&quot;36760.17 zł&quot;)" storage="c:\projekty\nunittestproject\bin\debug\netcoreapp3.1\nunittestproject.dll" id="40f4c03f-760c-5f9a-0d6d-791657138d6a">
      <Execution id="00cf50ef-4ade-452d-8267-edd369d1a3d2" />
      <TestMethod codeBase="C:\Projekty\NUnitTestProject\bin\Debug\netcoreapp3.1\NUnitTestProject.dll" adapterTypeName="executor://nunit3testexecutor/" className="NUnitTestProject.CurrencyHelperTests" name="FormatToStringTest1000(36760.171806480816d,&quot;36760.17 zł&quot;)" />
    </UnitTest>
    <UnitTest name="FormatToStringTest1000(29417.800422138444d,&quot;29417.80 zł&quot;)" storage="c:\projekty\nunittestproject\bin\debug\netcoreapp3.1\nunittestproject.dll" id="1a501163-ddde-3471-133e-1552ff82f851">
      <Execution id="443e8fdb-7400-4221-a8eb-490b52baa62b" />
      <TestMethod codeBase="C:\Projekty\NUnitTestProject\bin\Debug\netcoreapp3.1\NUnitTestProject.dll" adapterTypeName="executor://nunit3testexecutor/" className="NUnitTestProject.CurrencyHelperTests" name="FormatToStringTest1000(29417.800422138444d,&quot;29417.80 zł&quot;)" />
    </UnitTest>
    <UnitTest name="FormatToStringTest1000(12577.642620996872d,&quot;12577.64 zł&quot;)" storage="c:\projekty\nunittestproject\bin\debug\netcoreapp3.1\nunittestproject.dll" id="1b5e4bdd-94b8-c181-30ec-747619ebfce8">
      <Execution id="30c3dac0-46b9-46f9-b927-ddf61fb5d655" />
      <TestMethod codeBase="C:\Projekty\NUnitTestProject\bin\Debug\netcoreapp3.1\NUnitTestProject.dll" adapterTypeName="executor://nunit3testexecutor/" className="NUnitTestProject.CurrencyHelperTests" name="FormatToStringTest1000(12577.642620996872d,&quot;12577.64 zł&quot;)" />
    </UnitTest>
    <UnitTest name="FormatToStringTest1000(25440.18371476614d,&quot;25440.18 zł&quot;)" storage="c:\projekty\nunittestproject\bin\debug\netcoreapp3.1\nunittestproject.dll" id="5012f64d-f81c-363a-9c3b-b389d7a1051b">
      <Execution id="764fae78-1cf7-4b6f-906a-f828d01fd8bd" />
      <TestMethod codeBase="C:\Projekty\NUnitTestProject\bin\Debug\netcoreapp3.1\NUnitTestProject.dll" adapterTypeName="executor://nunit3testexecutor/" className="NUnitTestProject.CurrencyHelperTests" name="FormatToStringTest1000(25440.18371476614d,&quot;25440.18 zł&quot;)" />
    </UnitTest>
    <UnitTest name="FormatToStringTest1000(9431.144757136304d,&quot;9431.14 zł&quot;)" storage="c:\projekty\nunittestproject\bin\debug\netcoreapp3.1\nunittestproject.dll" id="e02db9a4-a283-da5d-8967-1cec80ef7e92">
      <Execution id="b8ddc098-7c2f-4a1f-858c-0d8414faab37" />
      <TestMethod codeBase="C:\Projekty\NUnitTestProject\bin\Debug\netcoreapp3.1\NUnitTestProject.dll" adapterTypeName="executor://nunit3testexecutor/" className="NUnitTestProject.CurrencyHelperTests" name="FormatToStringTest1000(9431.144757136304d,&quot;9431.14 zł&quot;)" />
    </UnitTest>
    <UnitTest name="FormatToStringTest1000(5398.2412667191775d,&quot;5398.24 zł&quot;)" storage="c:\projekty\nunittestproject\bin\debug\netcoreapp3.1\nunittestproject.dll" id="ce58807f-4456-2f1b-abea-6bcc9dcfe2eb">
      <Execution id="67d86d56-cbdc-4e6c-8624-64b8a63e12da" />
      <TestMethod codeBase="C:\Projekty\NUnitTestProject\bin\Debug\netcoreapp3.1\NUnitTestProject.dll" adapterTypeName="executor://nunit3testexecutor/" className="NUnitTestProject.CurrencyHelperTests" name="FormatToStringTest1000(5398.2412667191775d,&quot;5398.24 zł&quot;)" />
    </UnitTest>
    <UnitTest name="FormatToStringTest1000(45299.778512198376d,&quot;45299.78 zł&quot;)" storage="c:\projekty\nunittestproject\bin\debug\netcoreapp3.1\nunittestproject.dll" id="ea9a1ed5-0813-906f-0ed6-0a192bf899e6">
      <Execution id="b35c274e-e428-45a6-acce-478260d765d9" />
      <TestMethod codeBase="C:\Projekty\NUnitTestProject\bin\Debug\netcoreapp3.1\NUnitTestProject.dll" adapterTypeName="executor://nunit3testexecutor/" className="NUnitTestProject.CurrencyHelperTests" name="FormatToStringTest1000(45299.778512198376d,&quot;45299.78 zł&quot;)" />
    </UnitTest>
    <UnitTest name="FormatToStringTest1000(6838.422316571894d,&quot;6838.42 zł&quot;)" storage="c:\projekty\nunittestproject\bin\debug\netcoreapp3.1\nunittestproject.dll" id="0abb1a8e-0900-a5c7-bfcc-230b4aaefe42">
      <Execution id="4da50393-70f3-4d40-acf4-775b26b27fd4" />
      <TestMethod codeBase="C:\Projekty\NUnitTestProject\bin\Debug\netcoreapp3.1\NUnitTestProject.dll" adapterTypeName="executor://nunit3testexecutor/" className="NUnitTestProject.CurrencyHelperTests" name="FormatToStringTest1000(6838.422316571894d,&quot;6838.42 zł&quot;)" />
    </UnitTest>
    <UnitTest name="FormatToStringTest1000(6352.983758103561d,&quot;6352.98 zł&quot;)" storage="c:\projekty\nunittestproject\bin\debug\netcoreapp3.1\nunittestproject.dll" id="9dc75585-8b30-1a60-5f46-ba30d03b7635">
      <Execution id="10236ddd-3d46-4f26-9db7-71123a149f6d" />
      <TestMethod codeBase="C:\Projekty\NUnitTestProject\bin\Debug\netcoreapp3.1\NUnitTestProject.dll" adapterTypeName="executor://nunit3testexecutor/" className="NUnitTestProject.CurrencyHelperTests" name="FormatToStringTest1000(6352.983758103561d,&quot;6352.98 zł&quot;)" />
    </UnitTest>
    <UnitTest name="FormatToStringTest1000(33251.41907856028d,&quot;33251.42 zł&quot;)" storage="c:\projekty\nunittestproject\bin\debug\netcoreapp3.1\nunittestproject.dll" id="29116375-ac95-4d53-91ed-53d27bf037c6">
      <Execution id="c09d08ae-7e34-4d18-91a5-4248eab36db0" />
      <TestMethod codeBase="C:\Projekty\NUnitTestProject\bin\Debug\netcoreapp3.1\NUnitTestProject.dll" adapterTypeName="executor://nunit3testexecutor/" className="NUnitTestProject.CurrencyHelperTests" name="FormatToStringTest1000(33251.41907856028d,&quot;33251.42 zł&quot;)" />
    </UnitTest>
    <UnitTest name="FormatToStringTest1000(21281.64584727662d,&quot;21281.65 zł&quot;)" storage="c:\projekty\nunittestproject\bin\debug\netcoreapp3.1\nunittestproject.dll" id="07033e2b-ce19-3c9a-f51d-d9b702d310a1">
      <Execution id="c7c25d0c-4772-4099-ad6a-1140b25ebbfb" />
      <TestMethod codeBase="C:\Projekty\NUnitTestProject\bin\Debug\netcoreapp3.1\NUnitTestProject.dll" adapterTypeName="executor://nunit3testexecutor/" className="NUnitTestProject.CurrencyHelperTests" name="FormatToStringTest1000(21281.64584727662d,&quot;21281.65 zł&quot;)" />
    </UnitTest>
    <UnitTest name="FormatToStringTest1000(11430.666613002619d,&quot;11430.67 zł&quot;)" storage="c:\projekty\nunittestproject\bin\debug\netcoreapp3.1\nunittestproject.dll" id="56c6c75f-613a-6a82-f7f1-a767d952b57c">
      <Execution id="f59fff12-d524-40f2-a5c6-d607f7592662" />
      <TestMethod codeBase="C:\Projekty\NUnitTestProject\bin\Debug\netcoreapp3.1\NUnitTestProject.dll" adapterTypeName="executor://nunit3testexecutor/" className="NUnitTestProject.CurrencyHelperTests" name="FormatToStringTest1000(11430.666613002619d,&quot;11430.67 zł&quot;)" />
    </UnitTest>
    <UnitTest name="FormatToStringTest1000(1514.6266382441981d,&quot;1514.63 zł&quot;)" storage="c:\projekty\nunittestproject\bin\debug\netcoreapp3.1\nunittestproject.dll" id="4b337c41-7f92-2137-58f8-ec4a04af8e6b">
      <Execution id="c1c7aa2e-c477-46cf-b987-e0cdb3664831" />
      <TestMethod codeBase="C:\Projekty\NUnitTestProject\bin\Debug\netcoreapp3.1\NUnitTestProject.dll" adapterTypeName="executor://nunit3testexecutor/" className="NUnitTestProject.CurrencyHelperTests" name="FormatToStringTest1000(1514.6266382441981d,&quot;1514.63 zł&quot;)" />
    </UnitTest>
    <UnitTest name="FormatToStringTest1000(55010.474927814896d,&quot;55010.47 zł&quot;)" storage="c:\projekty\nunittestproject\bin\debug\netcoreapp3.1\nunittestproject.dll" id="f0159238-5dbe-94b2-dc06-cbfbca0e38a0">
      <Execution id="ae914e12-79a8-4b55-b2e8-0ee596fe3b90" />
      <TestMethod codeBase="C:\Projekty\NUnitTestProject\bin\Debug\netcoreapp3.1\NUnitTestProject.dll" adapterTypeName="executor://nunit3testexecutor/" className="NUnitTestProject.CurrencyHelperTests" name="FormatToStringTest1000(55010.474927814896d,&quot;55010.47 zł&quot;)" />
    </UnitTest>
    <UnitTest name="FormatToStringTest1000(47437.74370917619d,&quot;47437.74 zł&quot;)" storage="c:\projekty\nunittestproject\bin\debug\netcoreapp3.1\nunittestproject.dll" id="aef8a2f1-8212-2e61-b82d-81a49d106670">
      <Execution id="f926ad43-8c45-4795-b82c-c326c3ce497c" />
      <TestMethod codeBase="C:\Projekty\NUnitTestProject\bin\Debug\netcoreapp3.1\NUnitTestProject.dll" adapterTypeName="executor://nunit3testexecutor/" className="NUnitTestProject.CurrencyHelperTests" name="FormatToStringTest1000(47437.74370917619d,&quot;47437.74 zł&quot;)" />
    </UnitTest>
    <UnitTest name="FormatToStringTest1000(96022.24851977557d,&quot;96022.25 zł&quot;)" storage="c:\projekty\nunittestproject\bin\debug\netcoreapp3.1\nunittestproject.dll" id="c2208323-1f95-b32c-0530-4ad682605720">
      <Execution id="0ee6f6e8-59ee-47db-afbf-175945bd184e" />
      <TestMethod codeBase="C:\Projekty\NUnitTestProject\bin\Debug\netcoreapp3.1\NUnitTestProject.dll" adapterTypeName="executor://nunit3testexecutor/" className="NUnitTestProject.CurrencyHelperTests" name="FormatToStringTest1000(96022.24851977557d,&quot;96022.25 zł&quot;)" />
    </UnitTest>
    <UnitTest name="FormatToStringTest1000(26686.08488193065d,&quot;26686.08 zł&quot;)" storage="c:\projekty\nunittestproject\bin\debug\netcoreapp3.1\nunittestproject.dll" id="1d1eb73d-8b0c-7513-b3af-aa35ad258fdb">
      <Execution id="b7d59ad7-2864-4902-9da2-b19aa6ad544a" />
      <TestMethod codeBase="C:\Projekty\NUnitTestProject\bin\Debug\netcoreapp3.1\NUnitTestProject.dll" adapterTypeName="executor://nunit3testexecutor/" className="NUnitTestProject.CurrencyHelperTests" name="FormatToStringTest1000(26686.08488193065d,&quot;26686.08 zł&quot;)" />
    </UnitTest>
    <UnitTest name="FormatToStringTest1000(39641.61351217451d,&quot;39641.61 zł&quot;)" storage="c:\projekty\nunittestproject\bin\debug\netcoreapp3.1\nunittestproject.dll" id="bebef051-0a10-725f-3ff5-e30e4f9dd420">
      <Execution id="069efc76-888f-4984-9f22-8dcbd9ce291b" />
      <TestMethod codeBase="C:\Projekty\NUnitTestProject\bin\Debug\netcoreapp3.1\NUnitTestProject.dll" adapterTypeName="executor://nunit3testexecutor/" className="NUnitTestProject.CurrencyHelperTests" name="FormatToStringTest1000(39641.61351217451d,&quot;39641.61 zł&quot;)" />
    </UnitTest>
    <UnitTest name="FormatToStringTest1000(10227.532692039169d,&quot;10227.53 zł&quot;)" storage="c:\projekty\nunittestproject\bin\debug\netcoreapp3.1\nunittestproject.dll" id="9c48ba54-1163-2299-84d2-c7df2b4c3889">
      <Execution id="1a10347e-18b5-496d-9767-4922162b29f2" />
      <TestMethod codeBase="C:\Projekty\NUnitTestProject\bin\Debug\netcoreapp3.1\NUnitTestProject.dll" adapterTypeName="executor://nunit3testexecutor/" className="NUnitTestProject.CurrencyHelperTests" name="FormatToStringTest1000(10227.532692039169d,&quot;10227.53 zł&quot;)" />
    </UnitTest>
    <UnitTest name="FormatToStringTest1000(8242.419043611d,&quot;8242.42 zł&quot;)" storage="c:\projekty\nunittestproject\bin\debug\netcoreapp3.1\nunittestproject.dll" id="4e59f6e9-d495-6f3f-64b9-ac28a5eaac72">
      <Execution id="536dcfe7-80c7-4ba2-bc22-7258c4441771" />
      <TestMethod codeBase="C:\Projekty\NUnitTestProject\bin\Debug\netcoreapp3.1\NUnitTestProject.dll" adapterTypeName="executor://nunit3testexecutor/" className="NUnitTestProject.CurrencyHelperTests" name="FormatToStringTest1000(8242.419043611d,&quot;8242.42 zł&quot;)" />
    </UnitTest>
    <UnitTest name="FormatToStringTest1000(61422.228144277455d,&quot;61422.23 zł&quot;)" storage="c:\projekty\nunittestproject\bin\debug\netcoreapp3.1\nunittestproject.dll" id="a127d37b-b919-a5a8-4175-7c8816584689">
      <Execution id="9f1bda1a-7b0b-49af-99f1-2e0d8a693c0f" />
      <TestMethod codeBase="C:\Projekty\NUnitTestProject\bin\Debug\netcoreapp3.1\NUnitTestProject.dll" adapterTypeName="executor://nunit3testexecutor/" className="NUnitTestProject.CurrencyHelperTests" name="FormatToStringTest1000(61422.228144277455d,&quot;61422.23 zł&quot;)" />
    </UnitTest>
    <UnitTest name="FormatToStringTest1000(6665.405372488035d,&quot;6665.41 zł&quot;)" storage="c:\projekty\nunittestproject\bin\debug\netcoreapp3.1\nunittestproject.dll" id="454ead38-c2a8-9597-7b1c-dc862a589e0e">
      <Execution id="1168e5fb-8d4d-4b54-a15f-1e21ea40000e" />
      <TestMethod codeBase="C:\Projekty\NUnitTestProject\bin\Debug\netcoreapp3.1\NUnitTestProject.dll" adapterTypeName="executor://nunit3testexecutor/" className="NUnitTestProject.CurrencyHelperTests" name="FormatToStringTest1000(6665.405372488035d,&quot;6665.41 zł&quot;)" />
    </UnitTest>
    <UnitTest name="FormatToStringTest1000(22367.991005544547d,&quot;22367.99 zł&quot;)" storage="c:\projekty\nunittestproject\bin\debug\netcoreapp3.1\nunittestproject.dll" id="40bf488b-c6ae-b189-e7b5-8aa7dd656fea">
      <Execution id="750dca2b-95fc-4a61-9076-c7e87aa86e5b" />
      <TestMethod codeBase="C:\Projekty\NUnitTestProject\bin\Debug\netcoreapp3.1\NUnitTestProject.dll" adapterTypeName="executor://nunit3testexecutor/" className="NUnitTestProject.CurrencyHelperTests" name="FormatToStringTest1000(22367.991005544547d,&quot;22367.99 zł&quot;)" />
    </UnitTest>
    <UnitTest name="FormatToStringTest1000(4715.320654313695d,&quot;4715.32 zł&quot;)" storage="c:\projekty\nunittestproject\bin\debug\netcoreapp3.1\nunittestproject.dll" id="55be0839-9d5f-302a-bfcf-f7926cef9841">
      <Execution id="095a5d91-5a90-42f7-bb98-b289559f1661" />
      <TestMethod codeBase="C:\Projekty\NUnitTestProject\bin\Debug\netcoreapp3.1\NUnitTestProject.dll" adapterTypeName="executor://nunit3testexecutor/" className="NUnitTestProject.CurrencyHelperTests" name="FormatToStringTest1000(4715.320654313695d,&quot;4715.32 zł&quot;)" />
    </UnitTest>
    <UnitTest name="FormatToStringTest1000(55303.17220895699d,&quot;55303.17 zł&quot;)" storage="c:\projekty\nunittestproject\bin\debug\netcoreapp3.1\nunittestproject.dll" id="3c248867-d354-cc7e-803e-cd6ef02be22e">
      <Execution id="9e93aba0-8fc0-49e3-b2a4-8367a89e9e74" />
      <TestMethod codeBase="C:\Projekty\NUnitTestProject\bin\Debug\netcoreapp3.1\NUnitTestProject.dll" adapterTypeName="executor://nunit3testexecutor/" className="NUnitTestProject.CurrencyHelperTests" name="FormatToStringTest1000(55303.17220895699d,&quot;55303.17 zł&quot;)" />
    </UnitTest>
    <UnitTest name="FormatToStringTest1000(54304.07738935393d,&quot;54304.08 zł&quot;)" storage="c:\projekty\nunittestproject\bin\debug\netcoreapp3.1\nunittestproject.dll" id="dc6fc325-7591-5ff6-3e13-ef3b13583bb4">
      <Execution id="a6f9ec08-d20f-484a-8f07-00a1c799b73a" />
      <TestMethod codeBase="C:\Projekty\NUnitTestProject\bin\Debug\netcoreapp3.1\NUnitTestProject.dll" adapterTypeName="executor://nunit3testexecutor/" className="NUnitTestProject.CurrencyHelperTests" name="FormatToStringTest1000(54304.07738935393d,&quot;54304.08 zł&quot;)" />
    </UnitTest>
    <UnitTest name="FormatToStringTest1000(23980.12943509646d,&quot;23980.13 zł&quot;)" storage="c:\projekty\nunittestproject\bin\debug\netcoreapp3.1\nunittestproject.dll" id="62f72a9e-2ef3-be6d-f944-7dcdbad45b8b">
      <Execution id="f281e78a-7258-4688-86b8-cb2338204637" />
      <TestMethod codeBase="C:\Projekty\NUnitTestProject\bin\Debug\netcoreapp3.1\NUnitTestProject.dll" adapterTypeName="executor://nunit3testexecutor/" className="NUnitTestProject.CurrencyHelperTests" name="FormatToStringTest1000(23980.12943509646d,&quot;23980.13 zł&quot;)" />
    </UnitTest>
    <UnitTest name="FormatToStringTest1000(7594.279030504766d,&quot;7594.28 zł&quot;)" storage="c:\projekty\nunittestproject\bin\debug\netcoreapp3.1\nunittestproject.dll" id="b2708039-2d5c-fb09-5f56-062d0cb9067a">
      <Execution id="0bd757fd-e1c6-4fdc-b4d3-33708838a485" />
      <TestMethod codeBase="C:\Projekty\NUnitTestProject\bin\Debug\netcoreapp3.1\NUnitTestProject.dll" adapterTypeName="executor://nunit3testexecutor/" className="NUnitTestProject.CurrencyHelperTests" name="FormatToStringTest1000(7594.279030504766d,&quot;7594.28 zł&quot;)" />
    </UnitTest>
    <UnitTest name="FormatToStringTest1000(21602.417596116393d,&quot;21602.42 zł&quot;)" storage="c:\projekty\nunittestproject\bin\debug\netcoreapp3.1\nunittestproject.dll" id="ef7b8988-d111-e493-786c-6d198480cf20">
      <Execution id="b6040c6f-c7f6-4c6d-9af4-fbdb87e65ac0" />
      <TestMethod codeBase="C:\Projekty\NUnitTestProject\bin\Debug\netcoreapp3.1\NUnitTestProject.dll" adapterTypeName="executor://nunit3testexecutor/" className="NUnitTestProject.CurrencyHelperTests" name="FormatToStringTest1000(21602.417596116393d,&quot;21602.42 zł&quot;)" />
    </UnitTest>
    <UnitTest name="FormatToStringTest1000(10495.622655484185d,&quot;10495.62 zł&quot;)" storage="c:\projekty\nunittestproject\bin\debug\netcoreapp3.1\nunittestproject.dll" id="7a0cd811-1188-4526-31f2-d266b41de2aa">
      <Execution id="a50f7aeb-f80c-46d5-baa0-562bc2d4c8db" />
      <TestMethod codeBase="C:\Projekty\NUnitTestProject\bin\Debug\netcoreapp3.1\NUnitTestProject.dll" adapterTypeName="executor://nunit3testexecutor/" className="NUnitTestProject.CurrencyHelperTests" name="FormatToStringTest1000(10495.622655484185d,&quot;10495.62 zł&quot;)" />
    </UnitTest>
    <UnitTest name="FormatToStringTest1000(50585.83664522778d,&quot;50585.84 zł&quot;)" storage="c:\projekty\nunittestproject\bin\debug\netcoreapp3.1\nunittestproject.dll" id="cfb2439a-56a0-7de3-f9a2-8d326d2ccf14">
      <Execution id="c5e44ec5-30a5-4c02-ba5d-0062bcd7ca35" />
      <TestMethod codeBase="C:\Projekty\NUnitTestProject\bin\Debug\netcoreapp3.1\NUnitTestProject.dll" adapterTypeName="executor://nunit3testexecutor/" className="NUnitTestProject.CurrencyHelperTests" name="FormatToStringTest1000(50585.83664522778d,&quot;50585.84 zł&quot;)" />
    </UnitTest>
    <UnitTest name="FormatToStringTest1000(21728.91641959963d,&quot;21728.92 zł&quot;)" storage="c:\projekty\nunittestproject\bin\debug\netcoreapp3.1\nunittestproject.dll" id="64432d28-23cd-4cf2-4daf-935cfc9905b7">
      <Execution id="fc2bd475-ba28-47cf-ba49-2fe98a8d5255" />
      <TestMethod codeBase="C:\Projekty\NUnitTestProject\bin\Debug\netcoreapp3.1\NUnitTestProject.dll" adapterTypeName="executor://nunit3testexecutor/" className="NUnitTestProject.CurrencyHelperTests" name="FormatToStringTest1000(21728.91641959963d,&quot;21728.92 zł&quot;)" />
    </UnitTest>
    <UnitTest name="FormatToStringTest1000(16819.974312979717d,&quot;16819.97 zł&quot;)" storage="c:\projekty\nunittestproject\bin\debug\netcoreapp3.1\nunittestproject.dll" id="acd7d1ab-8336-79e5-b078-d5eb4c962b29">
      <Execution id="ee1a0f59-3ac4-4d8b-bb1c-3bde6b0319a7" />
      <TestMethod codeBase="C:\Projekty\NUnitTestProject\bin\Debug\netcoreapp3.1\NUnitTestProject.dll" adapterTypeName="executor://nunit3testexecutor/" className="NUnitTestProject.CurrencyHelperTests" name="FormatToStringTest1000(16819.974312979717d,&quot;16819.97 zł&quot;)" />
    </UnitTest>
    <UnitTest name="FormatToStringTest1000(29508.077101491428d,&quot;29508.08 zł&quot;)" storage="c:\projekty\nunittestproject\bin\debug\netcoreapp3.1\nunittestproject.dll" id="87886007-6727-2dc4-be03-09aefa74e875">
      <Execution id="2f6f6ad9-7a7d-45ad-a315-0ffa9c20b843" />
      <TestMethod codeBase="C:\Projekty\NUnitTestProject\bin\Debug\netcoreapp3.1\NUnitTestProject.dll" adapterTypeName="executor://nunit3testexecutor/" className="NUnitTestProject.CurrencyHelperTests" name="FormatToStringTest1000(29508.077101491428d,&quot;29508.08 zł&quot;)" />
    </UnitTest>
    <UnitTest name="FormatToStringTest1000(17798.633951516185d,&quot;17798.63 zł&quot;)" storage="c:\projekty\nunittestproject\bin\debug\netcoreapp3.1\nunittestproject.dll" id="7a151ddf-b76f-a627-8d14-57dc244734db">
      <Execution id="5b06c1df-20de-41a8-871f-815b791d0890" />
      <TestMethod codeBase="C:\Projekty\NUnitTestProject\bin\Debug\netcoreapp3.1\NUnitTestProject.dll" adapterTypeName="executor://nunit3testexecutor/" className="NUnitTestProject.CurrencyHelperTests" name="FormatToStringTest1000(17798.633951516185d,&quot;17798.63 zł&quot;)" />
    </UnitTest>
    <UnitTest name="FormatToStringTest1000(23548.88067407016d,&quot;23548.88 zł&quot;)" storage="c:\projekty\nunittestproject\bin\debug\netcoreapp3.1\nunittestproject.dll" id="08821b59-1fc3-bfdb-c64b-6b9d4d7418fb">
      <Execution id="416a21b4-5fd8-492f-8214-1e5818fb5823" />
      <TestMethod codeBase="C:\Projekty\NUnitTestProject\bin\Debug\netcoreapp3.1\NUnitTestProject.dll" adapterTypeName="executor://nunit3testexecutor/" className="NUnitTestProject.CurrencyHelperTests" name="FormatToStringTest1000(23548.88067407016d,&quot;23548.88 zł&quot;)" />
    </UnitTest>
    <UnitTest name="FormatToStringTest1000(24957.469502810607d,&quot;24957.47 zł&quot;)" storage="c:\projekty\nunittestproject\bin\debug\netcoreapp3.1\nunittestproject.dll" id="ecf86b56-1ec1-9984-97f9-65e2b8a0e550">
      <Execution id="15f0d928-624b-4902-8b5b-694b5a3e79ca" />
      <TestMethod codeBase="C:\Projekty\NUnitTestProject\bin\Debug\netcoreapp3.1\NUnitTestProject.dll" adapterTypeName="executor://nunit3testexecutor/" className="NUnitTestProject.CurrencyHelperTests" name="FormatToStringTest1000(24957.469502810607d,&quot;24957.47 zł&quot;)" />
    </UnitTest>
    <UnitTest name="FormatToStringTest1000(2992.6161168593057d,&quot;2992.62 zł&quot;)" storage="c:\projekty\nunittestproject\bin\debug\netcoreapp3.1\nunittestproject.dll" id="685e65c6-c415-f45e-d0fc-3f95f4859375">
      <Execution id="bb3dda6c-6865-4b32-af9f-277ab7eaa760" />
      <TestMethod codeBase="C:\Projekty\NUnitTestProject\bin\Debug\netcoreapp3.1\NUnitTestProject.dll" adapterTypeName="executor://nunit3testexecutor/" className="NUnitTestProject.CurrencyHelperTests" name="FormatToStringTest1000(2992.6161168593057d,&quot;2992.62 zł&quot;)" />
    </UnitTest>
    <UnitTest name="FormatToStringTest1000(32213.734885384205d,&quot;32213.73 zł&quot;)" storage="c:\projekty\nunittestproject\bin\debug\netcoreapp3.1\nunittestproject.dll" id="f9588db6-8045-6ceb-1c29-858ccdaab727">
      <Execution id="4dad0412-2eb8-4b3e-8134-2795a57a1a26" />
      <TestMethod codeBase="C:\Projekty\NUnitTestProject\bin\Debug\netcoreapp3.1\NUnitTestProject.dll" adapterTypeName="executor://nunit3testexecutor/" className="NUnitTestProject.CurrencyHelperTests" name="FormatToStringTest1000(32213.734885384205d,&quot;32213.73 zł&quot;)" />
    </UnitTest>
    <UnitTest name="FormatToStringTest1000(8901.937138443784d,&quot;8901.94 zł&quot;)" storage="c:\projekty\nunittestproject\bin\debug\netcoreapp3.1\nunittestproject.dll" id="9c14da41-934e-02e1-653f-9f7dc91a12aa">
      <Execution id="db643348-3674-47f4-9875-8cd75a61bfce" />
      <TestMethod codeBase="C:\Projekty\NUnitTestProject\bin\Debug\netcoreapp3.1\NUnitTestProject.dll" adapterTypeName="executor://nunit3testexecutor/" className="NUnitTestProject.CurrencyHelperTests" name="FormatToStringTest1000(8901.937138443784d,&quot;8901.94 zł&quot;)" />
    </UnitTest>
    <UnitTest name="FormatToStringTest1000(25720.27551496321d,&quot;25720.28 zł&quot;)" storage="c:\projekty\nunittestproject\bin\debug\netcoreapp3.1\nunittestproject.dll" id="dbb1fa1a-a5ee-99ca-9749-48d31eb98113">
      <Execution id="64930bb3-7430-4293-a6c2-d6f3041fcaac" />
      <TestMethod codeBase="C:\Projekty\NUnitTestProject\bin\Debug\netcoreapp3.1\NUnitTestProject.dll" adapterTypeName="executor://nunit3testexecutor/" className="NUnitTestProject.CurrencyHelperTests" name="FormatToStringTest1000(25720.27551496321d,&quot;25720.28 zł&quot;)" />
    </UnitTest>
    <UnitTest name="FormatToStringTest1000(3341.8351759444154d,&quot;3341.84 zł&quot;)" storage="c:\projekty\nunittestproject\bin\debug\netcoreapp3.1\nunittestproject.dll" id="5717b261-73d9-ccff-48ad-cb5028daecbf">
      <Execution id="8fb6607f-39d4-4620-9281-d9f072e47aa3" />
      <TestMethod codeBase="C:\Projekty\NUnitTestProject\bin\Debug\netcoreapp3.1\NUnitTestProject.dll" adapterTypeName="executor://nunit3testexecutor/" className="NUnitTestProject.CurrencyHelperTests" name="FormatToStringTest1000(3341.8351759444154d,&quot;3341.84 zł&quot;)" />
    </UnitTest>
    <UnitTest name="FormatToStringTest1000(7789.7136237517525d,&quot;7789.71 zł&quot;)" storage="c:\projekty\nunittestproject\bin\debug\netcoreapp3.1\nunittestproject.dll" id="7a70b4a3-dd05-b389-f6ee-af27102364f5">
      <Execution id="c0687b53-8754-4d0b-9a6b-766b36c5f970" />
      <TestMethod codeBase="C:\Projekty\NUnitTestProject\bin\Debug\netcoreapp3.1\NUnitTestProject.dll" adapterTypeName="executor://nunit3testexecutor/" className="NUnitTestProject.CurrencyHelperTests" name="FormatToStringTest1000(7789.7136237517525d,&quot;7789.71 zł&quot;)" />
    </UnitTest>
    <UnitTest name="FormatToStringTest1000(2339.5873176472205d,&quot;2339.59 zł&quot;)" storage="c:\projekty\nunittestproject\bin\debug\netcoreapp3.1\nunittestproject.dll" id="ea0b7c7a-ce24-46f7-0862-63029307593e">
      <Execution id="380bf99a-c56b-4117-beeb-fcd2eae5af9c" />
      <TestMethod codeBase="C:\Projekty\NUnitTestProject\bin\Debug\netcoreapp3.1\NUnitTestProject.dll" adapterTypeName="executor://nunit3testexecutor/" className="NUnitTestProject.CurrencyHelperTests" name="FormatToStringTest1000(2339.5873176472205d,&quot;2339.59 zł&quot;)" />
    </UnitTest>
    <UnitTest name="FormatToStringTest1000(24308.26523149212d,&quot;24308.27 zł&quot;)" storage="c:\projekty\nunittestproject\bin\debug\netcoreapp3.1\nunittestproject.dll" id="10d9efba-c25c-4837-b4ca-c51dd97ac398">
      <Execution id="52e29a00-3209-425c-97b3-18b6753b5ba9" />
      <TestMethod codeBase="C:\Projekty\NUnitTestProject\bin\Debug\netcoreapp3.1\NUnitTestProject.dll" adapterTypeName="executor://nunit3testexecutor/" className="NUnitTestProject.CurrencyHelperTests" name="FormatToStringTest1000(24308.26523149212d,&quot;24308.27 zł&quot;)" />
    </UnitTest>
    <UnitTest name="FormatToStringTest1000(51408.294679657694d,&quot;51408.29 zł&quot;)" storage="c:\projekty\nunittestproject\bin\debug\netcoreapp3.1\nunittestproject.dll" id="94c8a06e-3f46-89b8-1521-4663bd871343">
      <Execution id="324628f4-4eb2-4d5c-b9f4-034ea5beb0e6" />
      <TestMethod codeBase="C:\Projekty\NUnitTestProject\bin\Debug\netcoreapp3.1\NUnitTestProject.dll" adapterTypeName="executor://nunit3testexecutor/" className="NUnitTestProject.CurrencyHelperTests" name="FormatToStringTest1000(51408.294679657694d,&quot;51408.29 zł&quot;)" />
    </UnitTest>
    <UnitTest name="FormatToStringTest1000(1328.353302088265d,&quot;1328.35 zł&quot;)" storage="c:\projekty\nunittestproject\bin\debug\netcoreapp3.1\nunittestproject.dll" id="9bae3763-5b44-6392-7f85-b5a14c7eae3f">
      <Execution id="25303d93-2434-49b2-aacb-cc39a4f1c5e4" />
      <TestMethod codeBase="C:\Projekty\NUnitTestProject\bin\Debug\netcoreapp3.1\NUnitTestProject.dll" adapterTypeName="executor://nunit3testexecutor/" className="NUnitTestProject.CurrencyHelperTests" name="FormatToStringTest1000(1328.353302088265d,&quot;1328.35 zł&quot;)" />
    </UnitTest>
    <UnitTest name="FormatToStringTest1000(50413.517583300134d,&quot;50413.52 zł&quot;)" storage="c:\projekty\nunittestproject\bin\debug\netcoreapp3.1\nunittestproject.dll" id="eb4b3a2e-3867-f16d-1f8c-063517acc541">
      <Execution id="931cf67e-2737-407c-b350-8648c5cf7111" />
      <TestMethod codeBase="C:\Projekty\NUnitTestProject\bin\Debug\netcoreapp3.1\NUnitTestProject.dll" adapterTypeName="executor://nunit3testexecutor/" className="NUnitTestProject.CurrencyHelperTests" name="FormatToStringTest1000(50413.517583300134d,&quot;50413.52 zł&quot;)" />
    </UnitTest>
    <UnitTest name="FormatToStringTest1000(13046.352146307172d,&quot;13046.35 zł&quot;)" storage="c:\projekty\nunittestproject\bin\debug\netcoreapp3.1\nunittestproject.dll" id="f86161bd-f5ff-e739-8561-c83ff6f0d4a9">
      <Execution id="61436afa-640c-48eb-b799-124b646f8ff9" />
      <TestMethod codeBase="C:\Projekty\NUnitTestProject\bin\Debug\netcoreapp3.1\NUnitTestProject.dll" adapterTypeName="executor://nunit3testexecutor/" className="NUnitTestProject.CurrencyHelperTests" name="FormatToStringTest1000(13046.352146307172d,&quot;13046.35 zł&quot;)" />
    </UnitTest>
    <UnitTest name="FormatToStringTest1000(16402.16316587206d,&quot;16402.16 zł&quot;)" storage="c:\projekty\nunittestproject\bin\debug\netcoreapp3.1\nunittestproject.dll" id="f113347a-114d-883f-0643-fe2e125f5daa">
      <Execution id="c7c68a53-5ac9-4e7d-9005-42b4d155ae71" />
      <TestMethod codeBase="C:\Projekty\NUnitTestProject\bin\Debug\netcoreapp3.1\NUnitTestProject.dll" adapterTypeName="executor://nunit3testexecutor/" className="NUnitTestProject.CurrencyHelperTests" name="FormatToStringTest1000(16402.16316587206d,&quot;16402.16 zł&quot;)" />
    </UnitTest>
    <UnitTest name="FormatToStringTest1000(4539.210371735137d,&quot;4539.21 zł&quot;)" storage="c:\projekty\nunittestproject\bin\debug\netcoreapp3.1\nunittestproject.dll" id="bde33f3c-8432-543f-ee46-b13606db09db">
      <Execution id="8d8565ee-526b-4afd-8860-9b3b8128c9ea" />
      <TestMethod codeBase="C:\Projekty\NUnitTestProject\bin\Debug\netcoreapp3.1\NUnitTestProject.dll" adapterTypeName="executor://nunit3testexecutor/" className="NUnitTestProject.CurrencyHelperTests" name="FormatToStringTest1000(4539.210371735137d,&quot;4539.21 zł&quot;)" />
    </UnitTest>
    <UnitTest name="FormatToStringTest1000(17990.38119827089d,&quot;17990.38 zł&quot;)" storage="c:\projekty\nunittestproject\bin\debug\netcoreapp3.1\nunittestproject.dll" id="785b55cc-be99-2e92-e97b-e8c0390c5420">
      <Execution id="b6fbaea0-724a-490d-8e68-586a16bc1282" />
      <TestMethod codeBase="C:\Projekty\NUnitTestProject\bin\Debug\netcoreapp3.1\NUnitTestProject.dll" adapterTypeName="executor://nunit3testexecutor/" className="NUnitTestProject.CurrencyHelperTests" name="FormatToStringTest1000(17990.38119827089d,&quot;17990.38 zł&quot;)" />
    </UnitTest>
    <UnitTest name="FormatToStringTest1000(4555.538255205163d,&quot;4555.54 zł&quot;)" storage="c:\projekty\nunittestproject\bin\debug\netcoreapp3.1\nunittestproject.dll" id="ba2e227c-c79f-6137-d335-88fa098146b3">
      <Execution id="efcbd2a2-19fb-4bdd-8cfe-c714ebf8aa82" />
      <TestMethod codeBase="C:\Projekty\NUnitTestProject\bin\Debug\netcoreapp3.1\NUnitTestProject.dll" adapterTypeName="executor://nunit3testexecutor/" className="NUnitTestProject.CurrencyHelperTests" name="FormatToStringTest1000(4555.538255205163d,&quot;4555.54 zł&quot;)" />
    </UnitTest>
    <UnitTest name="FormatToStringTest1000(13337.80490493486d,&quot;13337.80 zł&quot;)" storage="c:\projekty\nunittestproject\bin\debug\netcoreapp3.1\nunittestproject.dll" id="fad10d32-e0c1-4a39-6168-5252fb0f8392">
      <Execution id="5e3ef2f9-352f-47ae-a20d-ced142570b9d" />
      <TestMethod codeBase="C:\Projekty\NUnitTestProject\bin\Debug\netcoreapp3.1\NUnitTestProject.dll" adapterTypeName="executor://nunit3testexecutor/" className="NUnitTestProject.CurrencyHelperTests" name="FormatToStringTest1000(13337.80490493486d,&quot;13337.80 zł&quot;)" />
    </UnitTest>
    <UnitTest name="FormatToStringTest1000(23023.74724929768d,&quot;23023.75 zł&quot;)" storage="c:\projekty\nunittestproject\bin\debug\netcoreapp3.1\nunittestproject.dll" id="be961a03-49b0-93a8-a575-29626617f5f3">
      <Execution id="de778ed0-d7cb-4c38-998a-db75206ab109" />
      <TestMethod codeBase="C:\Projekty\NUnitTestProject\bin\Debug\netcoreapp3.1\NUnitTestProject.dll" adapterTypeName="executor://nunit3testexecutor/" className="NUnitTestProject.CurrencyHelperTests" name="FormatToStringTest1000(23023.74724929768d,&quot;23023.75 zł&quot;)" />
    </UnitTest>
    <UnitTest name="FormatToStringTest1000(26207.03715363659d,&quot;26207.04 zł&quot;)" storage="c:\projekty\nunittestproject\bin\debug\netcoreapp3.1\nunittestproject.dll" id="2f443958-bb91-68f7-90b6-2eae1e3219b3">
      <Execution id="688ef727-5772-41d3-bbf7-e29b7e7429d0" />
      <TestMethod codeBase="C:\Projekty\NUnitTestProject\bin\Debug\netcoreapp3.1\NUnitTestProject.dll" adapterTypeName="executor://nunit3testexecutor/" className="NUnitTestProject.CurrencyHelperTests" name="FormatToStringTest1000(26207.03715363659d,&quot;26207.04 zł&quot;)" />
    </UnitTest>
    <UnitTest name="FormatToStringTest1000(3195.202943510936d,&quot;3195.20 zł&quot;)" storage="c:\projekty\nunittestproject\bin\debug\netcoreapp3.1\nunittestproject.dll" id="af79a348-5fb3-03eb-c3ed-5bb2185640a5">
      <Execution id="79aa400f-eb97-4fad-9254-490c7bc4ae0c" />
      <TestMethod codeBase="C:\Projekty\NUnitTestProject\bin\Debug\netcoreapp3.1\NUnitTestProject.dll" adapterTypeName="executor://nunit3testexecutor/" className="NUnitTestProject.CurrencyHelperTests" name="FormatToStringTest1000(3195.202943510936d,&quot;3195.20 zł&quot;)" />
    </UnitTest>
    <UnitTest name="FormatToStringTest1000(33970.38965150639d,&quot;33970.39 zł&quot;)" storage="c:\projekty\nunittestproject\bin\debug\netcoreapp3.1\nunittestproject.dll" id="58d53652-da34-09db-a06d-1fae2bb18f28">
      <Execution id="10f9863c-4b83-4064-97ff-5b6405174f5f" />
      <TestMethod codeBase="C:\Projekty\NUnitTestProject\bin\Debug\netcoreapp3.1\NUnitTestProject.dll" adapterTypeName="executor://nunit3testexecutor/" className="NUnitTestProject.CurrencyHelperTests" name="FormatToStringTest1000(33970.38965150639d,&quot;33970.39 zł&quot;)" />
    </UnitTest>
    <UnitTest name="FormatToStringTest1000(4094.6752323977066d,&quot;4094.68 zł&quot;)" storage="c:\projekty\nunittestproject\bin\debug\netcoreapp3.1\nunittestproject.dll" id="13e85df1-3456-393c-8dca-d481490ed075">
      <Execution id="7eb66ef9-1bfb-47e4-b3ee-4bb91ca3a368" />
      <TestMethod codeBase="C:\Projekty\NUnitTestProject\bin\Debug\netcoreapp3.1\NUnitTestProject.dll" adapterTypeName="executor://nunit3testexecutor/" className="NUnitTestProject.CurrencyHelperTests" name="FormatToStringTest1000(4094.6752323977066d,&quot;4094.68 zł&quot;)" />
    </UnitTest>
    <UnitTest name="FormatToStringTest1000(79764.77845563217d,&quot;79764.78 zł&quot;)" storage="c:\projekty\nunittestproject\bin\debug\netcoreapp3.1\nunittestproject.dll" id="7724a5ae-1858-243b-d346-491db16f98e9">
      <Execution id="bfa5b7ac-0995-4ef9-a060-ce2c1261e86e" />
      <TestMethod codeBase="C:\Projekty\NUnitTestProject\bin\Debug\netcoreapp3.1\NUnitTestProject.dll" adapterTypeName="executor://nunit3testexecutor/" className="NUnitTestProject.CurrencyHelperTests" name="FormatToStringTest1000(79764.77845563217d,&quot;79764.78 zł&quot;)" />
    </UnitTest>
    <UnitTest name="FormatToStringTest1000(28992.38363400166d,&quot;28992.38 zł&quot;)" storage="c:\projekty\nunittestproject\bin\debug\netcoreapp3.1\nunittestproject.dll" id="21347641-7dc3-6035-5dfd-bb1ac2ae1b73">
      <Execution id="563c08b9-3620-4836-af0b-70366cf70abe" />
      <TestMethod codeBase="C:\Projekty\NUnitTestProject\bin\Debug\netcoreapp3.1\NUnitTestProject.dll" adapterTypeName="executor://nunit3testexecutor/" className="NUnitTestProject.CurrencyHelperTests" name="FormatToStringTest1000(28992.38363400166d,&quot;28992.38 zł&quot;)" />
    </UnitTest>
    <UnitTest name="FormatToStringTest1000(19462.729986486367d,&quot;19462.73 zł&quot;)" storage="c:\projekty\nunittestproject\bin\debug\netcoreapp3.1\nunittestproject.dll" id="ed2b1e2d-f079-ec9f-030f-6c4deaa52702">
      <Execution id="d290b408-cfc5-4a2f-a630-3dd1c8ce2375" />
      <TestMethod codeBase="C:\Projekty\NUnitTestProject\bin\Debug\netcoreapp3.1\NUnitTestProject.dll" adapterTypeName="executor://nunit3testexecutor/" className="NUnitTestProject.CurrencyHelperTests" name="FormatToStringTest1000(19462.729986486367d,&quot;19462.73 zł&quot;)" />
    </UnitTest>
    <UnitTest name="FormatToStringTest1000(972.1468308629221d,&quot;972.15 zł&quot;)" storage="c:\projekty\nunittestproject\bin\debug\netcoreapp3.1\nunittestproject.dll" id="2cb249c3-2f01-c9f4-7658-4d0e9af8d192">
      <Execution id="b416b8d5-5dec-446d-ba87-98e0da046704" />
      <TestMethod codeBase="C:\Projekty\NUnitTestProject\bin\Debug\netcoreapp3.1\NUnitTestProject.dll" adapterTypeName="executor://nunit3testexecutor/" className="NUnitTestProject.CurrencyHelperTests" name="FormatToStringTest1000(972.1468308629221d,&quot;972.15 zł&quot;)" />
    </UnitTest>
    <UnitTest name="FormatToStringTest1000(46898.00219497783d,&quot;46898.00 zł&quot;)" storage="c:\projekty\nunittestproject\bin\debug\netcoreapp3.1\nunittestproject.dll" id="c2c62cce-7606-0af4-5c6b-a30ffe30b4ea">
      <Execution id="716cd29a-4867-4338-8ac1-6f1dae61c310" />
      <TestMethod codeBase="C:\Projekty\NUnitTestProject\bin\Debug\netcoreapp3.1\NUnitTestProject.dll" adapterTypeName="executor://nunit3testexecutor/" className="NUnitTestProject.CurrencyHelperTests" name="FormatToStringTest1000(46898.00219497783d,&quot;46898.00 zł&quot;)" />
    </UnitTest>
    <UnitTest name="FormatToStringTest1000(30360.993128030557d,&quot;30360.99 zł&quot;)" storage="c:\projekty\nunittestproject\bin\debug\netcoreapp3.1\nunittestproject.dll" id="c1b72bec-54e9-d72c-529e-b6b9932bdb7f">
      <Execution id="223fb7cb-6cea-4277-a0ab-115aa056cc38" />
      <TestMethod codeBase="C:\Projekty\NUnitTestProject\bin\Debug\netcoreapp3.1\NUnitTestProject.dll" adapterTypeName="executor://nunit3testexecutor/" className="NUnitTestProject.CurrencyHelperTests" name="FormatToStringTest1000(30360.993128030557d,&quot;30360.99 zł&quot;)" />
    </UnitTest>
    <UnitTest name="FormatToStringTest1000(34951.47290410077d,&quot;34951.47 zł&quot;)" storage="c:\projekty\nunittestproject\bin\debug\netcoreapp3.1\nunittestproject.dll" id="32740214-c33e-96ad-e5a0-01c821ac0c2a">
      <Execution id="55433783-5a2c-4eb4-b8f8-a1bd56c9fdc2" />
      <TestMethod codeBase="C:\Projekty\NUnitTestProject\bin\Debug\netcoreapp3.1\NUnitTestProject.dll" adapterTypeName="executor://nunit3testexecutor/" className="NUnitTestProject.CurrencyHelperTests" name="FormatToStringTest1000(34951.47290410077d,&quot;34951.47 zł&quot;)" />
    </UnitTest>
    <UnitTest name="FormatToStringTest1000(48428.38681602682d,&quot;48428.39 zł&quot;)" storage="c:\projekty\nunittestproject\bin\debug\netcoreapp3.1\nunittestproject.dll" id="13cdf8fd-2721-e597-055e-a54097abf685">
      <Execution id="173c719f-56e1-4927-a7f0-86b8a99c1ef6" />
      <TestMethod codeBase="C:\Projekty\NUnitTestProject\bin\Debug\netcoreapp3.1\NUnitTestProject.dll" adapterTypeName="executor://nunit3testexecutor/" className="NUnitTestProject.CurrencyHelperTests" name="FormatToStringTest1000(48428.38681602682d,&quot;48428.39 zł&quot;)" />
    </UnitTest>
    <UnitTest name="FormatToStringTest1000(40889.35187774214d,&quot;40889.35 zł&quot;)" storage="c:\projekty\nunittestproject\bin\debug\netcoreapp3.1\nunittestproject.dll" id="b7f6b02b-7701-48a7-6ef3-dc8df7e50575">
      <Execution id="e5284ef7-501e-4d6a-8415-d1dc1a4ee62e" />
      <TestMethod codeBase="C:\Projekty\NUnitTestProject\bin\Debug\netcoreapp3.1\NUnitTestProject.dll" adapterTypeName="executor://nunit3testexecutor/" className="NUnitTestProject.CurrencyHelperTests" name="FormatToStringTest1000(40889.35187774214d,&quot;40889.35 zł&quot;)" />
    </UnitTest>
    <UnitTest name="FormatToStringTest1000(15313.083673952653d,&quot;15313.08 zł&quot;)" storage="c:\projekty\nunittestproject\bin\debug\netcoreapp3.1\nunittestproject.dll" id="84912826-9a40-9d59-76ff-2b9288e04c5b">
      <Execution id="7caeaf03-1155-435a-a599-75039d3e8a71" />
      <TestMethod codeBase="C:\Projekty\NUnitTestProject\bin\Debug\netcoreapp3.1\NUnitTestProject.dll" adapterTypeName="executor://nunit3testexecutor/" className="NUnitTestProject.CurrencyHelperTests" name="FormatToStringTest1000(15313.083673952653d,&quot;15313.08 zł&quot;)" />
    </UnitTest>
    <UnitTest name="FormatToStringTest1000(15600.245951180927d,&quot;15600.25 zł&quot;)" storage="c:\projekty\nunittestproject\bin\debug\netcoreapp3.1\nunittestproject.dll" id="9fc60cd8-d419-6ed6-ac2e-164788256e59">
      <Execution id="843064ab-fa19-4acc-b813-7f817ead0394" />
      <TestMethod codeBase="C:\Projekty\NUnitTestProject\bin\Debug\netcoreapp3.1\NUnitTestProject.dll" adapterTypeName="executor://nunit3testexecutor/" className="NUnitTestProject.CurrencyHelperTests" name="FormatToStringTest1000(15600.245951180927d,&quot;15600.25 zł&quot;)" />
    </UnitTest>
    <UnitTest name="FormatToStringTest1000(12871.381729632794d,&quot;12871.38 zł&quot;)" storage="c:\projekty\nunittestproject\bin\debug\netcoreapp3.1\nunittestproject.dll" id="2ae061eb-7306-c193-04ca-269456b3b20b">
      <Execution id="e21bc3b6-657a-4991-81e1-2b8ebda4bc1f" />
      <TestMethod codeBase="C:\Projekty\NUnitTestProject\bin\Debug\netcoreapp3.1\NUnitTestProject.dll" adapterTypeName="executor://nunit3testexecutor/" className="NUnitTestProject.CurrencyHelperTests" name="FormatToStringTest1000(12871.381729632794d,&quot;12871.38 zł&quot;)" />
    </UnitTest>
    <UnitTest name="FormatToStringTest1000(19006.315459580772d,&quot;19006.32 zł&quot;)" storage="c:\projekty\nunittestproject\bin\debug\netcoreapp3.1\nunittestproject.dll" id="da69ab52-f883-eabf-8235-9cb66a514e58">
      <Execution id="0ec4da37-9fc2-4f85-85e9-f09456e5c845" />
      <TestMethod codeBase="C:\Projekty\NUnitTestProject\bin\Debug\netcoreapp3.1\NUnitTestProject.dll" adapterTypeName="executor://nunit3testexecutor/" className="NUnitTestProject.CurrencyHelperTests" name="FormatToStringTest1000(19006.315459580772d,&quot;19006.32 zł&quot;)" />
    </UnitTest>
    <UnitTest name="FormatToStringTest1000(13414.3551766441d,&quot;13414.36 zł&quot;)" storage="c:\projekty\nunittestproject\bin\debug\netcoreapp3.1\nunittestproject.dll" id="6db05940-47de-0c9c-5b92-fcba99ecc227">
      <Execution id="a2c7cec7-278c-42cd-97a0-67dc3155ab1f" />
      <TestMethod codeBase="C:\Projekty\NUnitTestProject\bin\Debug\netcoreapp3.1\NUnitTestProject.dll" adapterTypeName="executor://nunit3testexecutor/" className="NUnitTestProject.CurrencyHelperTests" name="FormatToStringTest1000(13414.3551766441d,&quot;13414.36 zł&quot;)" />
    </UnitTest>
    <UnitTest name="FormatToStringTest1000(115.26302841131717d,&quot;115.26 zł&quot;)" storage="c:\projekty\nunittestproject\bin\debug\netcoreapp3.1\nunittestproject.dll" id="510aaf45-0379-a668-36c0-4b4e838744ca">
      <Execution id="7e15c9ad-13e2-4c16-8343-551aa675904b" />
      <TestMethod codeBase="C:\Projekty\NUnitTestProject\bin\Debug\netcoreapp3.1\NUnitTestProject.dll" adapterTypeName="executor://nunit3testexecutor/" className="NUnitTestProject.CurrencyHelperTests" name="FormatToStringTest1000(115.26302841131717d,&quot;115.26 zł&quot;)" />
    </UnitTest>
    <UnitTest name="FormatToStringTest1000(803.2448148733214d,&quot;803.24 zł&quot;)" storage="c:\projekty\nunittestproject\bin\debug\netcoreapp3.1\nunittestproject.dll" id="f1dc036c-9edd-e200-4e53-f62b2f9452ea">
      <Execution id="c607fd21-ebcd-441d-9bc1-a586a69a5879" />
      <TestMethod codeBase="C:\Projekty\NUnitTestProject\bin\Debug\netcoreapp3.1\NUnitTestProject.dll" adapterTypeName="executor://nunit3testexecutor/" className="NUnitTestProject.CurrencyHelperTests" name="FormatToStringTest1000(803.2448148733214d,&quot;803.24 zł&quot;)" />
    </UnitTest>
    <UnitTest name="FormatToStringTest1000(57237.252356975456d,&quot;57237.25 zł&quot;)" storage="c:\projekty\nunittestproject\bin\debug\netcoreapp3.1\nunittestproject.dll" id="f2da4add-4324-6352-9afd-0fe37f754b21">
      <Execution id="7fbf4666-3707-4da3-a4f9-6e4fe8995bf1" />
      <TestMethod codeBase="C:\Projekty\NUnitTestProject\bin\Debug\netcoreapp3.1\NUnitTestProject.dll" adapterTypeName="executor://nunit3testexecutor/" className="NUnitTestProject.CurrencyHelperTests" name="FormatToStringTest1000(57237.252356975456d,&quot;57237.25 zł&quot;)" />
    </UnitTest>
    <UnitTest name="FormatToStringTest1000(1313.0279238368514d,&quot;1313.03 zł&quot;)" storage="c:\projekty\nunittestproject\bin\debug\netcoreapp3.1\nunittestproject.dll" id="9ac323b2-f4ee-1c5b-c335-774c81e0e08d">
      <Execution id="98568ac1-d4ec-425b-a1f2-49837578129f" />
      <TestMethod codeBase="C:\Projekty\NUnitTestProject\bin\Debug\netcoreapp3.1\NUnitTestProject.dll" adapterTypeName="executor://nunit3testexecutor/" className="NUnitTestProject.CurrencyHelperTests" name="FormatToStringTest1000(1313.0279238368514d,&quot;1313.03 zł&quot;)" />
    </UnitTest>
    <UnitTest name="FormatToStringTest1000(18340.935049000167d,&quot;18340.94 zł&quot;)" storage="c:\projekty\nunittestproject\bin\debug\netcoreapp3.1\nunittestproject.dll" id="c2d4c482-09cf-e240-a7e7-520d6f5ce617">
      <Execution id="a97e18f8-e536-430e-a5df-f75001f3fdad" />
      <TestMethod codeBase="C:\Projekty\NUnitTestProject\bin\Debug\netcoreapp3.1\NUnitTestProject.dll" adapterTypeName="executor://nunit3testexecutor/" className="NUnitTestProject.CurrencyHelperTests" name="FormatToStringTest1000(18340.935049000167d,&quot;18340.94 zł&quot;)" />
    </UnitTest>
    <UnitTest name="FormatToStringTest1000(6146.91236741278d,&quot;6146.91 zł&quot;)" storage="c:\projekty\nunittestproject\bin\debug\netcoreapp3.1\nunittestproject.dll" id="b41bb231-beda-2963-85d3-5ce48fa4ac9e">
      <Execution id="560554e9-d2ca-4a13-9c3d-7649d369da8d" />
      <TestMethod codeBase="C:\Projekty\NUnitTestProject\bin\Debug\netcoreapp3.1\NUnitTestProject.dll" adapterTypeName="executor://nunit3testexecutor/" className="NUnitTestProject.CurrencyHelperTests" name="FormatToStringTest1000(6146.91236741278d,&quot;6146.91 zł&quot;)" />
    </UnitTest>
    <UnitTest name="FormatToStringTest1000(15624.452361264477d,&quot;15624.45 zł&quot;)" storage="c:\projekty\nunittestproject\bin\debug\netcoreapp3.1\nunittestproject.dll" id="f454394e-283b-6832-24e4-e862ec140984">
      <Execution id="cdc0516a-6e1c-42dd-acce-5d14c2051135" />
      <TestMethod codeBase="C:\Projekty\NUnitTestProject\bin\Debug\netcoreapp3.1\NUnitTestProject.dll" adapterTypeName="executor://nunit3testexecutor/" className="NUnitTestProject.CurrencyHelperTests" name="FormatToStringTest1000(15624.452361264477d,&quot;15624.45 zł&quot;)" />
    </UnitTest>
    <UnitTest name="FormatToStringTest1000(49037.8109120586d,&quot;49037.81 zł&quot;)" storage="c:\projekty\nunittestproject\bin\debug\netcoreapp3.1\nunittestproject.dll" id="d54410c1-a007-adf6-a1dc-8caa96e947a3">
      <Execution id="a3bc6f5f-78a3-47ef-8e71-d6d30d84809a" />
      <TestMethod codeBase="C:\Projekty\NUnitTestProject\bin\Debug\netcoreapp3.1\NUnitTestProject.dll" adapterTypeName="executor://nunit3testexecutor/" className="NUnitTestProject.CurrencyHelperTests" name="FormatToStringTest1000(49037.8109120586d,&quot;49037.81 zł&quot;)" />
    </UnitTest>
    <UnitTest name="FormatToStringTest1000(5957.42161879941d,&quot;5957.42 zł&quot;)" storage="c:\projekty\nunittestproject\bin\debug\netcoreapp3.1\nunittestproject.dll" id="c9bdc46f-9c2d-d658-e774-72448865739f">
      <Execution id="fcfc0b31-6c05-4b39-b372-9c5596c20de4" />
      <TestMethod codeBase="C:\Projekty\NUnitTestProject\bin\Debug\netcoreapp3.1\NUnitTestProject.dll" adapterTypeName="executor://nunit3testexecutor/" className="NUnitTestProject.CurrencyHelperTests" name="FormatToStringTest1000(5957.42161879941d,&quot;5957.42 zł&quot;)" />
    </UnitTest>
    <UnitTest name="FormatToStringTest1000(19363.881840787773d,&quot;19363.88 zł&quot;)" storage="c:\projekty\nunittestproject\bin\debug\netcoreapp3.1\nunittestproject.dll" id="c5316b43-7086-7b8f-266a-feedd9573c48">
      <Execution id="5692184a-9cec-40ec-8658-2c684d912577" />
      <TestMethod codeBase="C:\Projekty\NUnitTestProject\bin\Debug\netcoreapp3.1\NUnitTestProject.dll" adapterTypeName="executor://nunit3testexecutor/" className="NUnitTestProject.CurrencyHelperTests" name="FormatToStringTest1000(19363.881840787773d,&quot;19363.88 zł&quot;)" />
    </UnitTest>
    <UnitTest name="FormatToStringTest1000(1208.1827589441941d,&quot;1208.18 zł&quot;)" storage="c:\projekty\nunittestproject\bin\debug\netcoreapp3.1\nunittestproject.dll" id="726ca756-5ddd-cb5f-72a7-3e3a70b8c971">
      <Execution id="7d4ec546-feb2-4bde-a88b-e9779a32c520" />
      <TestMethod codeBase="C:\Projekty\NUnitTestProject\bin\Debug\netcoreapp3.1\NUnitTestProject.dll" adapterTypeName="executor://nunit3testexecutor/" className="NUnitTestProject.CurrencyHelperTests" name="FormatToStringTest1000(1208.1827589441941d,&quot;1208.18 zł&quot;)" />
    </UnitTest>
    <UnitTest name="FormatToStringTest1000(14137.400697779563d,&quot;14137.40 zł&quot;)" storage="c:\projekty\nunittestproject\bin\debug\netcoreapp3.1\nunittestproject.dll" id="617c3175-15cb-3321-36a3-871fc366b75b">
      <Execution id="cee04afc-1d53-4053-8525-3f55c913a707" />
      <TestMethod codeBase="C:\Projekty\NUnitTestProject\bin\Debug\netcoreapp3.1\NUnitTestProject.dll" adapterTypeName="executor://nunit3testexecutor/" className="NUnitTestProject.CurrencyHelperTests" name="FormatToStringTest1000(14137.400697779563d,&quot;14137.40 zł&quot;)" />
    </UnitTest>
    <UnitTest name="FormatToStringTest1000(643.3550376181281d,&quot;643.36 zł&quot;)" storage="c:\projekty\nunittestproject\bin\debug\netcoreapp3.1\nunittestproject.dll" id="69564ef2-123d-d3db-baf6-6a27b0eb9c23">
      <Execution id="ab5a31e7-05c5-440b-a07a-8a9dd69ef48b" />
      <TestMethod codeBase="C:\Projekty\NUnitTestProject\bin\Debug\netcoreapp3.1\NUnitTestProject.dll" adapterTypeName="executor://nunit3testexecutor/" className="NUnitTestProject.CurrencyHelperTests" name="FormatToStringTest1000(643.3550376181281d,&quot;643.36 zł&quot;)" />
    </UnitTest>
    <UnitTest name="FormatToStringTest1000(4919.073526169674d,&quot;4919.07 zł&quot;)" storage="c:\projekty\nunittestproject\bin\debug\netcoreapp3.1\nunittestproject.dll" id="c769eba8-ab90-c528-a852-a01f625e896b">
      <Execution id="dfd9a145-ed98-49ab-8f50-9dd39bf25558" />
      <TestMethod codeBase="C:\Projekty\NUnitTestProject\bin\Debug\netcoreapp3.1\NUnitTestProject.dll" adapterTypeName="executor://nunit3testexecutor/" className="NUnitTestProject.CurrencyHelperTests" name="FormatToStringTest1000(4919.073526169674d,&quot;4919.07 zł&quot;)" />
    </UnitTest>
    <UnitTest name="FormatToStringTest1000(6429.44273095552d,&quot;6429.44 zł&quot;)" storage="c:\projekty\nunittestproject\bin\debug\netcoreapp3.1\nunittestproject.dll" id="96997772-f691-ce37-8af7-583f0500af76">
      <Execution id="717086e5-f32a-4b85-abde-ac87825341e7" />
      <TestMethod codeBase="C:\Projekty\NUnitTestProject\bin\Debug\netcoreapp3.1\NUnitTestProject.dll" adapterTypeName="executor://nunit3testexecutor/" className="NUnitTestProject.CurrencyHelperTests" name="FormatToStringTest1000(6429.44273095552d,&quot;6429.44 zł&quot;)" />
    </UnitTest>
    <UnitTest name="FormatToStringTest1000(3270.482477338743d,&quot;3270.48 zł&quot;)" storage="c:\projekty\nunittestproject\bin\debug\netcoreapp3.1\nunittestproject.dll" id="20901353-a2d3-ecac-3452-4c8d3e93293d">
      <Execution id="d9dd1ac2-388c-4231-9ed3-8775172cd2a2" />
      <TestMethod codeBase="C:\Projekty\NUnitTestProject\bin\Debug\netcoreapp3.1\NUnitTestProject.dll" adapterTypeName="executor://nunit3testexecutor/" className="NUnitTestProject.CurrencyHelperTests" name="FormatToStringTest1000(3270.482477338743d,&quot;3270.48 zł&quot;)" />
    </UnitTest>
    <UnitTest name="FormatToStringTest1000(11796.576829059317d,&quot;11796.58 zł&quot;)" storage="c:\projekty\nunittestproject\bin\debug\netcoreapp3.1\nunittestproject.dll" id="803aabd0-814c-fa5a-ba0b-84820a2be95d">
      <Execution id="04b56dbb-d719-4003-92f5-bd4b33aa9c52" />
      <TestMethod codeBase="C:\Projekty\NUnitTestProject\bin\Debug\netcoreapp3.1\NUnitTestProject.dll" adapterTypeName="executor://nunit3testexecutor/" className="NUnitTestProject.CurrencyHelperTests" name="FormatToStringTest1000(11796.576829059317d,&quot;11796.58 zł&quot;)" />
    </UnitTest>
    <UnitTest name="FormatToStringTest1000(78822.37212685234d,&quot;78822.37 zł&quot;)" storage="c:\projekty\nunittestproject\bin\debug\netcoreapp3.1\nunittestproject.dll" id="46c08f6b-08d4-7992-5df4-ed97e4b42fc1">
      <Execution id="f2553abb-2167-4bd0-a871-43e9201a01a8" />
      <TestMethod codeBase="C:\Projekty\NUnitTestProject\bin\Debug\netcoreapp3.1\NUnitTestProject.dll" adapterTypeName="executor://nunit3testexecutor/" className="NUnitTestProject.CurrencyHelperTests" name="FormatToStringTest1000(78822.37212685234d,&quot;78822.37 zł&quot;)" />
    </UnitTest>
    <UnitTest name="FormatToStringTest1000(8013.1229931903645d,&quot;8013.12 zł&quot;)" storage="c:\projekty\nunittestproject\bin\debug\netcoreapp3.1\nunittestproject.dll" id="333aaef5-a204-ff89-a246-bb5035b09f90">
      <Execution id="8ad945a6-17fc-47b0-8936-3c3f6d1a10ea" />
      <TestMethod codeBase="C:\Projekty\NUnitTestProject\bin\Debug\netcoreapp3.1\NUnitTestProject.dll" adapterTypeName="executor://nunit3testexecutor/" className="NUnitTestProject.CurrencyHelperTests" name="FormatToStringTest1000(8013.1229931903645d,&quot;8013.12 zł&quot;)" />
    </UnitTest>
    <UnitTest name="FormatToStringTest1000(15861.139287455073d,&quot;15861.14 zł&quot;)" storage="c:\projekty\nunittestproject\bin\debug\netcoreapp3.1\nunittestproject.dll" id="632ea7a5-ff19-c828-ab06-71f1c1ae0c57">
      <Execution id="92cd0733-78b6-4b8d-9a08-6d6c14662636" />
      <TestMethod codeBase="C:\Projekty\NUnitTestProject\bin\Debug\netcoreapp3.1\NUnitTestProject.dll" adapterTypeName="executor://nunit3testexecutor/" className="NUnitTestProject.CurrencyHelperTests" name="FormatToStringTest1000(15861.139287455073d,&quot;15861.14 zł&quot;)" />
    </UnitTest>
    <UnitTest name="FormatToStringTest1000(16161.963229990548d,&quot;16161.96 zł&quot;)" storage="c:\projekty\nunittestproject\bin\debug\netcoreapp3.1\nunittestproject.dll" id="d2a2118e-f836-73de-010f-9e6a0f9038b3">
      <Execution id="aecbde13-6035-489d-8c29-3565d52d3217" />
      <TestMethod codeBase="C:\Projekty\NUnitTestProject\bin\Debug\netcoreapp3.1\NUnitTestProject.dll" adapterTypeName="executor://nunit3testexecutor/" className="NUnitTestProject.CurrencyHelperTests" name="FormatToStringTest1000(16161.963229990548d,&quot;16161.96 zł&quot;)" />
    </UnitTest>
    <UnitTest name="FormatToStringTest1000(87505.85936583664d,&quot;87505.86 zł&quot;)" storage="c:\projekty\nunittestproject\bin\debug\netcoreapp3.1\nunittestproject.dll" id="4662df59-28c1-5a49-3a88-d0d7d9c3969d">
      <Execution id="dcb33a36-e1b5-4c4d-9eb3-b2f47e5e369d" />
      <TestMethod codeBase="C:\Projekty\NUnitTestProject\bin\Debug\netcoreapp3.1\NUnitTestProject.dll" adapterTypeName="executor://nunit3testexecutor/" className="NUnitTestProject.CurrencyHelperTests" name="FormatToStringTest1000(87505.85936583664d,&quot;87505.86 zł&quot;)" />
    </UnitTest>
    <UnitTest name="FormatToStringTest1000(1687.5965557361937d,&quot;1687.60 zł&quot;)" storage="c:\projekty\nunittestproject\bin\debug\netcoreapp3.1\nunittestproject.dll" id="5196bde9-6c75-174a-8f79-d717861ecd56">
      <Execution id="083e0623-1e20-4eca-b47a-9bc1dd74cce3" />
      <TestMethod codeBase="C:\Projekty\NUnitTestProject\bin\Debug\netcoreapp3.1\NUnitTestProject.dll" adapterTypeName="executor://nunit3testexecutor/" className="NUnitTestProject.CurrencyHelperTests" name="FormatToStringTest1000(1687.5965557361937d,&quot;1687.60 zł&quot;)" />
    </UnitTest>
    <UnitTest name="FormatToStringTest1000(3907.8681317963024d,&quot;3907.87 zł&quot;)" storage="c:\projekty\nunittestproject\bin\debug\netcoreapp3.1\nunittestproject.dll" id="ef8e2842-4b56-3143-8747-c2adcd3e7a1d">
      <Execution id="94a79bae-0579-4ac4-9e2c-b9aad5585f9d" />
      <TestMethod codeBase="C:\Projekty\NUnitTestProject\bin\Debug\netcoreapp3.1\NUnitTestProject.dll" adapterTypeName="executor://nunit3testexecutor/" className="NUnitTestProject.CurrencyHelperTests" name="FormatToStringTest1000(3907.8681317963024d,&quot;3907.87 zł&quot;)" />
    </UnitTest>
    <UnitTest name="FormatToStringTest1000(2435.1995505835857d,&quot;2435.20 zł&quot;)" storage="c:\projekty\nunittestproject\bin\debug\netcoreapp3.1\nunittestproject.dll" id="ed9a5b1b-624c-3396-5757-abd8e668541b">
      <Execution id="a196ce4f-8487-4f28-ba27-30e5210956dc" />
      <TestMethod codeBase="C:\Projekty\NUnitTestProject\bin\Debug\netcoreapp3.1\NUnitTestProject.dll" adapterTypeName="executor://nunit3testexecutor/" className="NUnitTestProject.CurrencyHelperTests" name="FormatToStringTest1000(2435.1995505835857d,&quot;2435.20 zł&quot;)" />
    </UnitTest>
    <UnitTest name="FormatToStringTest1000(2975.6892256134606d,&quot;2975.69 zł&quot;)" storage="c:\projekty\nunittestproject\bin\debug\netcoreapp3.1\nunittestproject.dll" id="30678609-1c69-68ef-6a0d-4b6cf4e5979d">
      <Execution id="f01b8669-edaa-4c84-9f63-d50b90df9fee" />
      <TestMethod codeBase="C:\Projekty\NUnitTestProject\bin\Debug\netcoreapp3.1\NUnitTestProject.dll" adapterTypeName="executor://nunit3testexecutor/" className="NUnitTestProject.CurrencyHelperTests" name="FormatToStringTest1000(2975.6892256134606d,&quot;2975.69 zł&quot;)" />
    </UnitTest>
    <UnitTest name="FormatToStringTest1000(486.15309567942893d,&quot;486.15 zł&quot;)" storage="c:\projekty\nunittestproject\bin\debug\netcoreapp3.1\nunittestproject.dll" id="fb0ce41f-cede-9ac7-f047-8c3573f30f7e">
      <Execution id="090d579b-c1f9-4051-a0f2-fe38f63a410b" />
      <TestMethod codeBase="C:\Projekty\NUnitTestProject\bin\Debug\netcoreapp3.1\NUnitTestProject.dll" adapterTypeName="executor://nunit3testexecutor/" className="NUnitTestProject.CurrencyHelperTests" name="FormatToStringTest1000(486.15309567942893d,&quot;486.15 zł&quot;)" />
    </UnitTest>
    <UnitTest name="FormatToStringTest1000(11175.438820935526d,&quot;11175.44 zł&quot;)" storage="c:\projekty\nunittestproject\bin\debug\netcoreapp3.1\nunittestproject.dll" id="5eb51ac6-bd9f-5d8a-8a44-d83118d83beb">
      <Execution id="51ace0a9-1741-4884-a86e-a89975d079be" />
      <TestMethod codeBase="C:\Projekty\NUnitTestProject\bin\Debug\netcoreapp3.1\NUnitTestProject.dll" adapterTypeName="executor://nunit3testexecutor/" className="NUnitTestProject.CurrencyHelperTests" name="FormatToStringTest1000(11175.438820935526d,&quot;11175.44 zł&quot;)" />
    </UnitTest>
    <UnitTest name="FormatToStringTest1000(3270.286035661719d,&quot;3270.29 zł&quot;)" storage="c:\projekty\nunittestproject\bin\debug\netcoreapp3.1\nunittestproject.dll" id="b5cd9d3c-6e7d-bae4-881c-4092ac2390ce">
      <Execution id="5efddb1d-9fb2-42b5-93b2-8030ea873e4b" />
      <TestMethod codeBase="C:\Projekty\NUnitTestProject\bin\Debug\netcoreapp3.1\NUnitTestProject.dll" adapterTypeName="executor://nunit3testexecutor/" className="NUnitTestProject.CurrencyHelperTests" name="FormatToStringTest1000(3270.286035661719d,&quot;3270.29 zł&quot;)" />
    </UnitTest>
    <UnitTest name="FormatToStringTest1000(5504.094303639184d,&quot;5504.09 zł&quot;)" storage="c:\projekty\nunittestproject\bin\debug\netcoreapp3.1\nunittestproject.dll" id="99a10c59-9aed-054b-9f26-15805af85148">
      <Execution id="dd53fd4c-c56a-49a7-b5e3-45fd0b233427" />
      <TestMethod codeBase="C:\Projekty\NUnitTestProject\bin\Debug\netcoreapp3.1\NUnitTestProject.dll" adapterTypeName="executor://nunit3testexecutor/" className="NUnitTestProject.CurrencyHelperTests" name="FormatToStringTest1000(5504.094303639184d,&quot;5504.09 zł&quot;)" />
    </UnitTest>
    <UnitTest name="FormatToStringTest1000(20249.56614074277d,&quot;20249.57 zł&quot;)" storage="c:\projekty\nunittestproject\bin\debug\netcoreapp3.1\nunittestproject.dll" id="2553ac6b-8c4b-c989-c2b1-742cbb8f417e">
      <Execution id="dc68d717-e1ae-458c-be5b-08f3a5896b67" />
      <TestMethod codeBase="C:\Projekty\NUnitTestProject\bin\Debug\netcoreapp3.1\NUnitTestProject.dll" adapterTypeName="executor://nunit3testexecutor/" className="NUnitTestProject.CurrencyHelperTests" name="FormatToStringTest1000(20249.56614074277d,&quot;20249.57 zł&quot;)" />
    </UnitTest>
    <UnitTest name="FormatToStringTest1000(36893.66238331593d,&quot;36893.66 zł&quot;)" storage="c:\projekty\nunittestproject\bin\debug\netcoreapp3.1\nunittestproject.dll" id="2035ba59-2ee2-badb-15b9-a8ffa8fcf57c">
      <Execution id="5b4d5231-722d-4e7b-b5b5-62cc3299e13f" />
      <TestMethod codeBase="C:\Projekty\NUnitTestProject\bin\Debug\netcoreapp3.1\NUnitTestProject.dll" adapterTypeName="executor://nunit3testexecutor/" className="NUnitTestProject.CurrencyHelperTests" name="FormatToStringTest1000(36893.66238331593d,&quot;36893.66 zł&quot;)" />
    </UnitTest>
    <UnitTest name="FormatToStringTest1000(30031.89550569323d,&quot;30031.90 zł&quot;)" storage="c:\projekty\nunittestproject\bin\debug\netcoreapp3.1\nunittestproject.dll" id="ff64b042-e70f-6e34-60aa-4c59131392ce">
      <Execution id="c74f97a9-d09b-4cf4-82b5-605fd69fb4fb" />
      <TestMethod codeBase="C:\Projekty\NUnitTestProject\bin\Debug\netcoreapp3.1\NUnitTestProject.dll" adapterTypeName="executor://nunit3testexecutor/" className="NUnitTestProject.CurrencyHelperTests" name="FormatToStringTest1000(30031.89550569323d,&quot;30031.90 zł&quot;)" />
    </UnitTest>
    <UnitTest name="FormatToStringTest1000(11989.099505855282d,&quot;11989.10 zł&quot;)" storage="c:\projekty\nunittestproject\bin\debug\netcoreapp3.1\nunittestproject.dll" id="837c6681-7a11-fda1-e2c1-66903c24de53">
      <Execution id="3189d2ac-af5d-405a-9945-2e290fba9a62" />
      <TestMethod codeBase="C:\Projekty\NUnitTestProject\bin\Debug\netcoreapp3.1\NUnitTestProject.dll" adapterTypeName="executor://nunit3testexecutor/" className="NUnitTestProject.CurrencyHelperTests" name="FormatToStringTest1000(11989.099505855282d,&quot;11989.10 zł&quot;)" />
    </UnitTest>
    <UnitTest name="FormatToStringTest1000(27794.8671353957d,&quot;27794.87 zł&quot;)" storage="c:\projekty\nunittestproject\bin\debug\netcoreapp3.1\nunittestproject.dll" id="c1a27935-5451-ecaa-f0f8-7b140e2bc422">
      <Execution id="b9ed8551-28c2-452a-b22e-88f89ad458bc" />
      <TestMethod codeBase="C:\Projekty\NUnitTestProject\bin\Debug\netcoreapp3.1\NUnitTestProject.dll" adapterTypeName="executor://nunit3testexecutor/" className="NUnitTestProject.CurrencyHelperTests" name="FormatToStringTest1000(27794.8671353957d,&quot;27794.87 zł&quot;)" />
    </UnitTest>
    <UnitTest name="FormatToStringTest1000(28579.14698705503d,&quot;28579.15 zł&quot;)" storage="c:\projekty\nunittestproject\bin\debug\netcoreapp3.1\nunittestproject.dll" id="2fd4fb21-86aa-48b4-d55c-838ac3bda4eb">
      <Execution id="d21c99e9-1324-40e2-b99c-07f7f5e4bb9d" />
      <TestMethod codeBase="C:\Projekty\NUnitTestProject\bin\Debug\netcoreapp3.1\NUnitTestProject.dll" adapterTypeName="executor://nunit3testexecutor/" className="NUnitTestProject.CurrencyHelperTests" name="FormatToStringTest1000(28579.14698705503d,&quot;28579.15 zł&quot;)" />
    </UnitTest>
    <UnitTest name="FormatToStringTest1000(66764.31690498316d,&quot;66764.32 zł&quot;)" storage="c:\projekty\nunittestproject\bin\debug\netcoreapp3.1\nunittestproject.dll" id="ebfb6fa8-ee3c-3dd3-7dbb-2004376b7edb">
      <Execution id="5c7a1231-a724-4577-a249-1f79f3b8ae4f" />
      <TestMethod codeBase="C:\Projekty\NUnitTestProject\bin\Debug\netcoreapp3.1\NUnitTestProject.dll" adapterTypeName="executor://nunit3testexecutor/" className="NUnitTestProject.CurrencyHelperTests" name="FormatToStringTest1000(66764.31690498316d,&quot;66764.32 zł&quot;)" />
    </UnitTest>
    <UnitTest name="FormatToStringTest1000(48449.85582609189d,&quot;48449.86 zł&quot;)" storage="c:\projekty\nunittestproject\bin\debug\netcoreapp3.1\nunittestproject.dll" id="f4a21ccd-5b4f-d613-e7b9-440db30d38e4">
      <Execution id="a81ad1fd-cbb6-47d3-8cf7-8735e48bd1d3" />
      <TestMethod codeBase="C:\Projekty\NUnitTestProject\bin\Debug\netcoreapp3.1\NUnitTestProject.dll" adapterTypeName="executor://nunit3testexecutor/" className="NUnitTestProject.CurrencyHelperTests" name="FormatToStringTest1000(48449.85582609189d,&quot;48449.86 zł&quot;)" />
    </UnitTest>
    <UnitTest name="FormatToStringTest1000(7348.947429818543d,&quot;7348.95 zł&quot;)" storage="c:\projekty\nunittestproject\bin\debug\netcoreapp3.1\nunittestproject.dll" id="f995d454-4ebf-d775-1609-24b3016af07c">
      <Execution id="6ee5a4e3-0ac4-4e02-bd89-47f201524139" />
      <TestMethod codeBase="C:\Projekty\NUnitTestProject\bin\Debug\netcoreapp3.1\NUnitTestProject.dll" adapterTypeName="executor://nunit3testexecutor/" className="NUnitTestProject.CurrencyHelperTests" name="FormatToStringTest1000(7348.947429818543d,&quot;7348.95 zł&quot;)" />
    </UnitTest>
    <UnitTest name="FormatToStringTest1000(6864.093052674129d,&quot;6864.09 zł&quot;)" storage="c:\projekty\nunittestproject\bin\debug\netcoreapp3.1\nunittestproject.dll" id="b700fa6d-df15-3228-9006-81a0fe0edb31">
      <Execution id="1eacc784-65d3-4308-8caf-99e2b03f885b" />
      <TestMethod codeBase="C:\Projekty\NUnitTestProject\bin\Debug\netcoreapp3.1\NUnitTestProject.dll" adapterTypeName="executor://nunit3testexecutor/" className="NUnitTestProject.CurrencyHelperTests" name="FormatToStringTest1000(6864.093052674129d,&quot;6864.09 zł&quot;)" />
    </UnitTest>
    <UnitTest name="FormatToStringTest1000(55457.96873490278d,&quot;55457.97 zł&quot;)" storage="c:\projekty\nunittestproject\bin\debug\netcoreapp3.1\nunittestproject.dll" id="adedbc1e-8d02-07f8-2158-2d31b0c1df72">
      <Execution id="19910c74-f55e-4ba5-a9c5-92bff5c4feae" />
      <TestMethod codeBase="C:\Projekty\NUnitTestProject\bin\Debug\netcoreapp3.1\NUnitTestProject.dll" adapterTypeName="executor://nunit3testexecutor/" className="NUnitTestProject.CurrencyHelperTests" name="FormatToStringTest1000(55457.96873490278d,&quot;55457.97 zł&quot;)" />
    </UnitTest>
    <UnitTest name="FormatToStringTest1000(32732.81915128502d,&quot;32732.82 zł&quot;)" storage="c:\projekty\nunittestproject\bin\debug\netcoreapp3.1\nunittestproject.dll" id="72246d42-3df4-5454-c0c9-cf24737deb1a">
      <Execution id="18613c3b-7812-42ab-8487-928e1195e8af" />
      <TestMethod codeBase="C:\Projekty\NUnitTestProject\bin\Debug\netcoreapp3.1\NUnitTestProject.dll" adapterTypeName="executor://nunit3testexecutor/" className="NUnitTestProject.CurrencyHelperTests" name="FormatToStringTest1000(32732.81915128502d,&quot;32732.82 zł&quot;)" />
    </UnitTest>
    <UnitTest name="FormatToStringTest1000(38904.87092920806d,&quot;38904.87 zł&quot;)" storage="c:\projekty\nunittestproject\bin\debug\netcoreapp3.1\nunittestproject.dll" id="0cdea9b8-a5e3-2983-1ccb-d986de17659d">
      <Execution id="a82d9a97-87c2-46a9-a1c3-5425a32c695e" />
      <TestMethod codeBase="C:\Projekty\NUnitTestProject\bin\Debug\netcoreapp3.1\NUnitTestProject.dll" adapterTypeName="executor://nunit3testexecutor/" className="NUnitTestProject.CurrencyHelperTests" name="FormatToStringTest1000(38904.87092920806d,&quot;38904.87 zł&quot;)" />
    </UnitTest>
    <UnitTest name="FormatToStringTest1000(38614.292320713066d,&quot;38614.29 zł&quot;)" storage="c:\projekty\nunittestproject\bin\debug\netcoreapp3.1\nunittestproject.dll" id="199abf60-5b5b-94b6-b04f-a3e4d911fd34">
      <Execution id="754c541f-0275-4b5f-a0b1-61a5b25e051c" />
      <TestMethod codeBase="C:\Projekty\NUnitTestProject\bin\Debug\netcoreapp3.1\NUnitTestProject.dll" adapterTypeName="executor://nunit3testexecutor/" className="NUnitTestProject.CurrencyHelperTests" name="FormatToStringTest1000(38614.292320713066d,&quot;38614.29 zł&quot;)" />
    </UnitTest>
    <UnitTest name="FormatToStringTest1000(31340.79231238914d,&quot;31340.79 zł&quot;)" storage="c:\projekty\nunittestproject\bin\debug\netcoreapp3.1\nunittestproject.dll" id="513b5d8b-983e-b793-a988-3659c0ad4956">
      <Execution id="b8f60744-9898-4641-b081-93fbe2fbb187" />
      <TestMethod codeBase="C:\Projekty\NUnitTestProject\bin\Debug\netcoreapp3.1\NUnitTestProject.dll" adapterTypeName="executor://nunit3testexecutor/" className="NUnitTestProject.CurrencyHelperTests" name="FormatToStringTest1000(31340.79231238914d,&quot;31340.79 zł&quot;)" />
    </UnitTest>
    <UnitTest name="FormatToStringTest1000(13453.429998117233d,&quot;13453.43 zł&quot;)" storage="c:\projekty\nunittestproject\bin\debug\netcoreapp3.1\nunittestproject.dll" id="a3a785ff-5f15-1809-0327-13b742192f57">
      <Execution id="ace610c7-12b5-47af-b8de-6dd278603d12" />
      <TestMethod codeBase="C:\Projekty\NUnitTestProject\bin\Debug\netcoreapp3.1\NUnitTestProject.dll" adapterTypeName="executor://nunit3testexecutor/" className="NUnitTestProject.CurrencyHelperTests" name="FormatToStringTest1000(13453.429998117233d,&quot;13453.43 zł&quot;)" />
    </UnitTest>
    <UnitTest name="FormatToStringTest1000(21961.272673999552d,&quot;21961.27 zł&quot;)" storage="c:\projekty\nunittestproject\bin\debug\netcoreapp3.1\nunittestproject.dll" id="7265e4fd-f7ba-8572-e525-8b365c7360c6">
      <Execution id="3c189bba-8485-46e0-9e27-7aeb5a676c4d" />
      <TestMethod codeBase="C:\Projekty\NUnitTestProject\bin\Debug\netcoreapp3.1\NUnitTestProject.dll" adapterTypeName="executor://nunit3testexecutor/" className="NUnitTestProject.CurrencyHelperTests" name="FormatToStringTest1000(21961.272673999552d,&quot;21961.27 zł&quot;)" />
    </UnitTest>
    <UnitTest name="FormatToStringTest1000(27852.532163303127d,&quot;27852.53 zł&quot;)" storage="c:\projekty\nunittestproject\bin\debug\netcoreapp3.1\nunittestproject.dll" id="32711e52-56ae-2f9f-7aac-180402232486">
      <Execution id="06fbd8c4-b594-4233-8fa7-22d4658b9dd4" />
      <TestMethod codeBase="C:\Projekty\NUnitTestProject\bin\Debug\netcoreapp3.1\NUnitTestProject.dll" adapterTypeName="executor://nunit3testexecutor/" className="NUnitTestProject.CurrencyHelperTests" name="FormatToStringTest1000(27852.532163303127d,&quot;27852.53 zł&quot;)" />
    </UnitTest>
    <UnitTest name="FormatToStringTest1000(29845.02749849345d,&quot;29845.03 zł&quot;)" storage="c:\projekty\nunittestproject\bin\debug\netcoreapp3.1\nunittestproject.dll" id="ddcae2eb-b1a6-813a-a49c-5333a490205e">
      <Execution id="0a5b4013-f25a-4ab0-bbc7-f41ddacb9d39" />
      <TestMethod codeBase="C:\Projekty\NUnitTestProject\bin\Debug\netcoreapp3.1\NUnitTestProject.dll" adapterTypeName="executor://nunit3testexecutor/" className="NUnitTestProject.CurrencyHelperTests" name="FormatToStringTest1000(29845.02749849345d,&quot;29845.03 zł&quot;)" />
    </UnitTest>
    <UnitTest name="FormatToStringTest1000(73151.83675918348d,&quot;73151.84 zł&quot;)" storage="c:\projekty\nunittestproject\bin\debug\netcoreapp3.1\nunittestproject.dll" id="3ec04580-c747-9bc8-6ea0-e87ec6ca04ad">
      <Execution id="8e9d8035-de31-4c39-b1f0-c8603defdf79" />
      <TestMethod codeBase="C:\Projekty\NUnitTestProject\bin\Debug\netcoreapp3.1\NUnitTestProject.dll" adapterTypeName="executor://nunit3testexecutor/" className="NUnitTestProject.CurrencyHelperTests" name="FormatToStringTest1000(73151.83675918348d,&quot;73151.84 zł&quot;)" />
    </UnitTest>
    <UnitTest name="FormatToStringTest1000(6820.105136090938d,&quot;6820.11 zł&quot;)" storage="c:\projekty\nunittestproject\bin\debug\netcoreapp3.1\nunittestproject.dll" id="c799afbc-d101-a624-f73a-4e94981b0f2a">
      <Execution id="5d0aaada-12e8-4394-9755-06edd8c67dee" />
      <TestMethod codeBase="C:\Projekty\NUnitTestProject\bin\Debug\netcoreapp3.1\NUnitTestProject.dll" adapterTypeName="executor://nunit3testexecutor/" className="NUnitTestProject.CurrencyHelperTests" name="FormatToStringTest1000(6820.105136090938d,&quot;6820.11 zł&quot;)" />
    </UnitTest>
    <UnitTest name="FormatToStringTest1000(52888.48934243642d,&quot;52888.49 zł&quot;)" storage="c:\projekty\nunittestproject\bin\debug\netcoreapp3.1\nunittestproject.dll" id="b8d38453-fb40-0cfb-4e20-39c788746328">
      <Execution id="de5820cd-bcb7-4828-ae49-5bb5b9a7f42a" />
      <TestMethod codeBase="C:\Projekty\NUnitTestProject\bin\Debug\netcoreapp3.1\NUnitTestProject.dll" adapterTypeName="executor://nunit3testexecutor/" className="NUnitTestProject.CurrencyHelperTests" name="FormatToStringTest1000(52888.48934243642d,&quot;52888.49 zł&quot;)" />
    </UnitTest>
    <UnitTest name="FormatToStringTest1000(66541.05112730109d,&quot;66541.05 zł&quot;)" storage="c:\projekty\nunittestproject\bin\debug\netcoreapp3.1\nunittestproject.dll" id="a1148d07-bacb-7b60-5bda-bc014fb00c20">
      <Execution id="871e71be-774e-4232-8175-b3420da27e91" />
      <TestMethod codeBase="C:\Projekty\NUnitTestProject\bin\Debug\netcoreapp3.1\NUnitTestProject.dll" adapterTypeName="executor://nunit3testexecutor/" className="NUnitTestProject.CurrencyHelperTests" name="FormatToStringTest1000(66541.05112730109d,&quot;66541.05 zł&quot;)" />
    </UnitTest>
    <UnitTest name="FormatToStringTest1000(54275.73209373408d,&quot;54275.73 zł&quot;)" storage="c:\projekty\nunittestproject\bin\debug\netcoreapp3.1\nunittestproject.dll" id="4cc9a860-8c52-40a5-a7c1-0a80270c71a6">
      <Execution id="819c0f9c-fced-4447-a407-04bc5f521e00" />
      <TestMethod codeBase="C:\Projekty\NUnitTestProject\bin\Debug\netcoreapp3.1\NUnitTestProject.dll" adapterTypeName="executor://nunit3testexecutor/" className="NUnitTestProject.CurrencyHelperTests" name="FormatToStringTest1000(54275.73209373408d,&quot;54275.73 zł&quot;)" />
    </UnitTest>
    <UnitTest name="FormatToStringTest1000(28192.949128067565d,&quot;28192.95 zł&quot;)" storage="c:\projekty\nunittestproject\bin\debug\netcoreapp3.1\nunittestproject.dll" id="4b09d9c5-8012-6286-2d8c-2f6f560e7a3d">
      <Execution id="1374538c-4d57-4177-8e19-8704a1b6b4c2" />
      <TestMethod codeBase="C:\Projekty\NUnitTestProject\bin\Debug\netcoreapp3.1\NUnitTestProject.dll" adapterTypeName="executor://nunit3testexecutor/" className="NUnitTestProject.CurrencyHelperTests" name="FormatToStringTest1000(28192.949128067565d,&quot;28192.95 zł&quot;)" />
    </UnitTest>
    <UnitTest name="FormatToStringTest1000(24570.65594858893d,&quot;24570.66 zł&quot;)" storage="c:\projekty\nunittestproject\bin\debug\netcoreapp3.1\nunittestproject.dll" id="a2988576-488b-e6d4-a498-af48b96efbdb">
      <Execution id="eb888c66-2637-43bc-8254-cf6e7538d19d" />
      <TestMethod codeBase="C:\Projekty\NUnitTestProject\bin\Debug\netcoreapp3.1\NUnitTestProject.dll" adapterTypeName="executor://nunit3testexecutor/" className="NUnitTestProject.CurrencyHelperTests" name="FormatToStringTest1000(24570.65594858893d,&quot;24570.66 zł&quot;)" />
    </UnitTest>
    <UnitTest name="FormatToStringTest1000(14218.204344010543d,&quot;14218.20 zł&quot;)" storage="c:\projekty\nunittestproject\bin\debug\netcoreapp3.1\nunittestproject.dll" id="6e94a57e-5259-7bdc-f138-c47a49ede1a1">
      <Execution id="fe68d871-97a8-4448-bff3-da619964342b" />
      <TestMethod codeBase="C:\Projekty\NUnitTestProject\bin\Debug\netcoreapp3.1\NUnitTestProject.dll" adapterTypeName="executor://nunit3testexecutor/" className="NUnitTestProject.CurrencyHelperTests" name="FormatToStringTest1000(14218.204344010543d,&quot;14218.20 zł&quot;)" />
    </UnitTest>
    <UnitTest name="FormatToStringTest1000(35145.379208063416d,&quot;35145.38 zł&quot;)" storage="c:\projekty\nunittestproject\bin\debug\netcoreapp3.1\nunittestproject.dll" id="216fae5e-208d-f8b3-f0d1-bbf3d8af265f">
      <Execution id="1a92848b-87fd-45a6-a053-546a038bcf0b" />
      <TestMethod codeBase="C:\Projekty\NUnitTestProject\bin\Debug\netcoreapp3.1\NUnitTestProject.dll" adapterTypeName="executor://nunit3testexecutor/" className="NUnitTestProject.CurrencyHelperTests" name="FormatToStringTest1000(35145.379208063416d,&quot;35145.38 zł&quot;)" />
    </UnitTest>
    <UnitTest name="FormatToStringTest1000(4636.500544966897d,&quot;4636.50 zł&quot;)" storage="c:\projekty\nunittestproject\bin\debug\netcoreapp3.1\nunittestproject.dll" id="3a61649c-91c3-4f1a-8a11-3480d7ff1651">
      <Execution id="41edbf78-3459-4229-a766-e43e0648eb2c" />
      <TestMethod codeBase="C:\Projekty\NUnitTestProject\bin\Debug\netcoreapp3.1\NUnitTestProject.dll" adapterTypeName="executor://nunit3testexecutor/" className="NUnitTestProject.CurrencyHelperTests" name="FormatToStringTest1000(4636.500544966897d,&quot;4636.50 zł&quot;)" />
    </UnitTest>
    <UnitTest name="FormatToStringTest1000(55782.67998761762d,&quot;55782.68 zł&quot;)" storage="c:\projekty\nunittestproject\bin\debug\netcoreapp3.1\nunittestproject.dll" id="255f4f6e-1bfc-cdd8-fb29-a1f4f034b89a">
      <Execution id="dc9285da-02ff-4aeb-9e23-900f597f1a3e" />
      <TestMethod codeBase="C:\Projekty\NUnitTestProject\bin\Debug\netcoreapp3.1\NUnitTestProject.dll" adapterTypeName="executor://nunit3testexecutor/" className="NUnitTestProject.CurrencyHelperTests" name="FormatToStringTest1000(55782.67998761762d,&quot;55782.68 zł&quot;)" />
    </UnitTest>
    <UnitTest name="FormatToStringTest1000(9897.705953436767d,&quot;9897.71 zł&quot;)" storage="c:\projekty\nunittestproject\bin\debug\netcoreapp3.1\nunittestproject.dll" id="db065917-a97a-fe61-77a4-bb6c5d5457d5">
      <Execution id="9d291fb5-4cd9-48a9-abc3-3364ed3cdbff" />
      <TestMethod codeBase="C:\Projekty\NUnitTestProject\bin\Debug\netcoreapp3.1\NUnitTestProject.dll" adapterTypeName="executor://nunit3testexecutor/" className="NUnitTestProject.CurrencyHelperTests" name="FormatToStringTest1000(9897.705953436767d,&quot;9897.71 zł&quot;)" />
    </UnitTest>
    <UnitTest name="FormatToStringTest1000(11157.981051815665d,&quot;11157.98 zł&quot;)" storage="c:\projekty\nunittestproject\bin\debug\netcoreapp3.1\nunittestproject.dll" id="b972bb3a-6c4e-4339-3ada-7c478c5f6ecf">
      <Execution id="955481d8-cc79-4650-a7c0-3cea116ba47d" />
      <TestMethod codeBase="C:\Projekty\NUnitTestProject\bin\Debug\netcoreapp3.1\NUnitTestProject.dll" adapterTypeName="executor://nunit3testexecutor/" className="NUnitTestProject.CurrencyHelperTests" name="FormatToStringTest1000(11157.981051815665d,&quot;11157.98 zł&quot;)" />
    </UnitTest>
    <UnitTest name="FormatToStringTest1000(30071.004434484523d,&quot;30071.00 zł&quot;)" storage="c:\projekty\nunittestproject\bin\debug\netcoreapp3.1\nunittestproject.dll" id="afd0d33f-f4d8-2831-3613-5b41efd13c3b">
      <Execution id="14db9a88-91bf-4d1a-9a91-d56f68fa345f" />
      <TestMethod codeBase="C:\Projekty\NUnitTestProject\bin\Debug\netcoreapp3.1\NUnitTestProject.dll" adapterTypeName="executor://nunit3testexecutor/" className="NUnitTestProject.CurrencyHelperTests" name="FormatToStringTest1000(30071.004434484523d,&quot;30071.00 zł&quot;)" />
    </UnitTest>
    <UnitTest name="FormatToStringTest1000(6809.40195803037d,&quot;6809.40 zł&quot;)" storage="c:\projekty\nunittestproject\bin\debug\netcoreapp3.1\nunittestproject.dll" id="e88588cc-8ef9-e4ad-51dd-2a16e11570f5">
      <Execution id="ff234eea-c836-4382-9f1d-d3fc741461cd" />
      <TestMethod codeBase="C:\Projekty\NUnitTestProject\bin\Debug\netcoreapp3.1\NUnitTestProject.dll" adapterTypeName="executor://nunit3testexecutor/" className="NUnitTestProject.CurrencyHelperTests" name="FormatToStringTest1000(6809.40195803037d,&quot;6809.40 zł&quot;)" />
    </UnitTest>
    <UnitTest name="FormatToStringTest1000(45035.160883881224d,&quot;45035.16 zł&quot;)" storage="c:\projekty\nunittestproject\bin\debug\netcoreapp3.1\nunittestproject.dll" id="cf776b29-1018-5167-38d5-0aac7593edc5">
      <Execution id="96e1e5e7-df91-479a-80f4-caef571a7f14" />
      <TestMethod codeBase="C:\Projekty\NUnitTestProject\bin\Debug\netcoreapp3.1\NUnitTestProject.dll" adapterTypeName="executor://nunit3testexecutor/" className="NUnitTestProject.CurrencyHelperTests" name="FormatToStringTest1000(45035.160883881224d,&quot;45035.16 zł&quot;)" />
    </UnitTest>
    <UnitTest name="FormatToStringTest1000(21221.884746198488d,&quot;21221.88 zł&quot;)" storage="c:\projekty\nunittestproject\bin\debug\netcoreapp3.1\nunittestproject.dll" id="78845691-c87f-d12e-20f9-3035745796be">
      <Execution id="c44eb307-015f-4265-85a1-3d30c651da35" />
      <TestMethod codeBase="C:\Projekty\NUnitTestProject\bin\Debug\netcoreapp3.1\NUnitTestProject.dll" adapterTypeName="executor://nunit3testexecutor/" className="NUnitTestProject.CurrencyHelperTests" name="FormatToStringTest1000(21221.884746198488d,&quot;21221.88 zł&quot;)" />
    </UnitTest>
    <UnitTest name="FormatToStringTest1000(28298.945361683585d,&quot;28298.95 zł&quot;)" storage="c:\projekty\nunittestproject\bin\debug\netcoreapp3.1\nunittestproject.dll" id="bb7e4fc8-2bb1-dbaf-8cdd-5d93ef915f61">
      <Execution id="dbe72934-0657-4535-8d22-46468c619a62" />
      <TestMethod codeBase="C:\Projekty\NUnitTestProject\bin\Debug\netcoreapp3.1\NUnitTestProject.dll" adapterTypeName="executor://nunit3testexecutor/" className="NUnitTestProject.CurrencyHelperTests" name="FormatToStringTest1000(28298.945361683585d,&quot;28298.95 zł&quot;)" />
    </UnitTest>
    <UnitTest name="FormatToStringTest1000(19603.69286519321d,&quot;19603.69 zł&quot;)" storage="c:\projekty\nunittestproject\bin\debug\netcoreapp3.1\nunittestproject.dll" id="d80dabd7-8e57-8764-d48e-5c692bf0e881">
      <Execution id="d46e518d-0ab0-4359-a111-1c7d6b080dab" />
      <TestMethod codeBase="C:\Projekty\NUnitTestProject\bin\Debug\netcoreapp3.1\NUnitTestProject.dll" adapterTypeName="executor://nunit3testexecutor/" className="NUnitTestProject.CurrencyHelperTests" name="FormatToStringTest1000(19603.69286519321d,&quot;19603.69 zł&quot;)" />
    </UnitTest>
    <UnitTest name="FormatToStringTest1000(16957.4523676757d,&quot;16957.45 zł&quot;)" storage="c:\projekty\nunittestproject\bin\debug\netcoreapp3.1\nunittestproject.dll" id="6429e0d9-dcee-fed4-29f3-6b39686056fc">
      <Execution id="ebf5dc4f-2539-4864-93fb-3bdacfe4ca33" />
      <TestMethod codeBase="C:\Projekty\NUnitTestProject\bin\Debug\netcoreapp3.1\NUnitTestProject.dll" adapterTypeName="executor://nunit3testexecutor/" className="NUnitTestProject.CurrencyHelperTests" name="FormatToStringTest1000(16957.4523676757d,&quot;16957.45 zł&quot;)" />
    </UnitTest>
    <UnitTest name="FormatToStringTest1000(2963.24443391815d,&quot;2963.24 zł&quot;)" storage="c:\projekty\nunittestproject\bin\debug\netcoreapp3.1\nunittestproject.dll" id="a50649ef-585c-8158-fd90-9ac54f51f860">
      <Execution id="f86d017e-65ce-4551-b388-3b27ff422381" />
      <TestMethod codeBase="C:\Projekty\NUnitTestProject\bin\Debug\netcoreapp3.1\NUnitTestProject.dll" adapterTypeName="executor://nunit3testexecutor/" className="NUnitTestProject.CurrencyHelperTests" name="FormatToStringTest1000(2963.24443391815d,&quot;2963.24 zł&quot;)" />
    </UnitTest>
    <UnitTest name="FormatToStringTest1000(964.9678631783313d,&quot;964.97 zł&quot;)" storage="c:\projekty\nunittestproject\bin\debug\netcoreapp3.1\nunittestproject.dll" id="1640b6a1-03c2-f3db-49e3-38921c8dee24">
      <Execution id="789071b7-af49-4ed9-a39f-465a9bb68975" />
      <TestMethod codeBase="C:\Projekty\NUnitTestProject\bin\Debug\netcoreapp3.1\NUnitTestProject.dll" adapterTypeName="executor://nunit3testexecutor/" className="NUnitTestProject.CurrencyHelperTests" name="FormatToStringTest1000(964.9678631783313d,&quot;964.97 zł&quot;)" />
    </UnitTest>
    <UnitTest name="FormatToStringTest1000(19609.759296997803d,&quot;19609.76 zł&quot;)" storage="c:\projekty\nunittestproject\bin\debug\netcoreapp3.1\nunittestproject.dll" id="eb2e7461-d939-c702-00f6-a6f4037fdc3f">
      <Execution id="3b23588a-e15f-48e7-90fa-328f2c7eb4f4" />
      <TestMethod codeBase="C:\Projekty\NUnitTestProject\bin\Debug\netcoreapp3.1\NUnitTestProject.dll" adapterTypeName="executor://nunit3testexecutor/" className="NUnitTestProject.CurrencyHelperTests" name="FormatToStringTest1000(19609.759296997803d,&quot;19609.76 zł&quot;)" />
    </UnitTest>
    <UnitTest name="FormatToStringTest1000(11494.27761332238d,&quot;11494.28 zł&quot;)" storage="c:\projekty\nunittestproject\bin\debug\netcoreapp3.1\nunittestproject.dll" id="7ae5fdac-2c37-dafa-ea81-102d467ed88a">
      <Execution id="01cdb710-4f31-4799-bdc2-7e5732c04d85" />
      <TestMethod codeBase="C:\Projekty\NUnitTestProject\bin\Debug\netcoreapp3.1\NUnitTestProject.dll" adapterTypeName="executor://nunit3testexecutor/" className="NUnitTestProject.CurrencyHelperTests" name="FormatToStringTest1000(11494.27761332238d,&quot;11494.28 zł&quot;)" />
    </UnitTest>
    <UnitTest name="FormatToStringTest1000(3649.9254912836127d,&quot;3649.93 zł&quot;)" storage="c:\projekty\nunittestproject\bin\debug\netcoreapp3.1\nunittestproject.dll" id="d8dcd89f-df1d-9e50-f8f8-844883603fea">
      <Execution id="99fa4b56-070f-4fd8-9018-f9db9a238e0d" />
      <TestMethod codeBase="C:\Projekty\NUnitTestProject\bin\Debug\netcoreapp3.1\NUnitTestProject.dll" adapterTypeName="executor://nunit3testexecutor/" className="NUnitTestProject.CurrencyHelperTests" name="FormatToStringTest1000(3649.9254912836127d,&quot;3649.93 zł&quot;)" />
    </UnitTest>
    <UnitTest name="FormatToStringTest1000(38640.62766693003d,&quot;38640.63 zł&quot;)" storage="c:\projekty\nunittestproject\bin\debug\netcoreapp3.1\nunittestproject.dll" id="f574d6b5-d94c-508a-c127-7bce3d4f82e8">
      <Execution id="bca610c5-7298-47e7-b050-9cabc18b931a" />
      <TestMethod codeBase="C:\Projekty\NUnitTestProject\bin\Debug\netcoreapp3.1\NUnitTestProject.dll" adapterTypeName="executor://nunit3testexecutor/" className="NUnitTestProject.CurrencyHelperTests" name="FormatToStringTest1000(38640.62766693003d,&quot;38640.63 zł&quot;)" />
    </UnitTest>
    <UnitTest name="FormatToStringTest1000(10370.0107542784d,&quot;10370.01 zł&quot;)" storage="c:\projekty\nunittestproject\bin\debug\netcoreapp3.1\nunittestproject.dll" id="5217a55b-523e-bb6a-47cc-7fbf0bc01c96">
      <Execution id="bef9bd38-6529-4af3-b119-c8156fe8d3cf" />
      <TestMethod codeBase="C:\Projekty\NUnitTestProject\bin\Debug\netcoreapp3.1\NUnitTestProject.dll" adapterTypeName="executor://nunit3testexecutor/" className="NUnitTestProject.CurrencyHelperTests" name="FormatToStringTest1000(10370.0107542784d,&quot;10370.01 zł&quot;)" />
    </UnitTest>
    <UnitTest name="FormatToStringTest1000(29926.595417457444d,&quot;29926.60 zł&quot;)" storage="c:\projekty\nunittestproject\bin\debug\netcoreapp3.1\nunittestproject.dll" id="60e1884b-abd9-92c1-f58c-08f7b4b4de40">
      <Execution id="41b8dc2e-0398-4f3b-b2ca-751ae32fe69f" />
      <TestMethod codeBase="C:\Projekty\NUnitTestProject\bin\Debug\netcoreapp3.1\NUnitTestProject.dll" adapterTypeName="executor://nunit3testexecutor/" className="NUnitTestProject.CurrencyHelperTests" name="FormatToStringTest1000(29926.595417457444d,&quot;29926.60 zł&quot;)" />
    </UnitTest>
    <UnitTest name="FormatToStringTest1000(50664.01951024869d,&quot;50664.02 zł&quot;)" storage="c:\projekty\nunittestproject\bin\debug\netcoreapp3.1\nunittestproject.dll" id="c57a980e-ffcc-5e16-6a31-18fd8b909caa">
      <Execution id="03174729-98da-43ab-95b3-c4cbeb7e7da4" />
      <TestMethod codeBase="C:\Projekty\NUnitTestProject\bin\Debug\netcoreapp3.1\NUnitTestProject.dll" adapterTypeName="executor://nunit3testexecutor/" className="NUnitTestProject.CurrencyHelperTests" name="FormatToStringTest1000(50664.01951024869d,&quot;50664.02 zł&quot;)" />
    </UnitTest>
    <UnitTest name="FormatToStringTest1000(1751.1734380625066d,&quot;1751.17 zł&quot;)" storage="c:\projekty\nunittestproject\bin\debug\netcoreapp3.1\nunittestproject.dll" id="774aeb04-879b-a97c-c411-6c8ce34f4ab0">
      <Execution id="95446c81-dd86-4fea-a809-f487cbb56d99" />
      <TestMethod codeBase="C:\Projekty\NUnitTestProject\bin\Debug\netcoreapp3.1\NUnitTestProject.dll" adapterTypeName="executor://nunit3testexecutor/" className="NUnitTestProject.CurrencyHelperTests" name="FormatToStringTest1000(1751.1734380625066d,&quot;1751.17 zł&quot;)" />
    </UnitTest>
    <UnitTest name="FormatToStringTest1000(17875.613377604455d,&quot;17875.61 zł&quot;)" storage="c:\projekty\nunittestproject\bin\debug\netcoreapp3.1\nunittestproject.dll" id="0f966d17-36c6-657f-5b98-8b83226f1489">
      <Execution id="a2849759-96e4-4abe-874b-939df55d600f" />
      <TestMethod codeBase="C:\Projekty\NUnitTestProject\bin\Debug\netcoreapp3.1\NUnitTestProject.dll" adapterTypeName="executor://nunit3testexecutor/" className="NUnitTestProject.CurrencyHelperTests" name="FormatToStringTest1000(17875.613377604455d,&quot;17875.61 zł&quot;)" />
    </UnitTest>
    <UnitTest name="FormatToStringTest1000(28033.439084134738d,&quot;28033.44 zł&quot;)" storage="c:\projekty\nunittestproject\bin\debug\netcoreapp3.1\nunittestproject.dll" id="e77ca75b-19ba-059d-05cd-1ebb08034f74">
      <Execution id="a32fa11a-b41c-4ff9-ac0d-3f1213cf77ff" />
      <TestMethod codeBase="C:\Projekty\NUnitTestProject\bin\Debug\netcoreapp3.1\NUnitTestProject.dll" adapterTypeName="executor://nunit3testexecutor/" className="NUnitTestProject.CurrencyHelperTests" name="FormatToStringTest1000(28033.439084134738d,&quot;28033.44 zł&quot;)" />
    </UnitTest>
    <UnitTest name="FormatToStringTest1000(50991.22189691114d,&quot;50991.22 zł&quot;)" storage="c:\projekty\nunittestproject\bin\debug\netcoreapp3.1\nunittestproject.dll" id="dfaddf73-e2fe-692a-95cb-e0210649fd35">
      <Execution id="aec04dcb-91af-4892-af15-2c7be7db1d0e" />
      <TestMethod codeBase="C:\Projekty\NUnitTestProject\bin\Debug\netcoreapp3.1\NUnitTestProject.dll" adapterTypeName="executor://nunit3testexecutor/" className="NUnitTestProject.CurrencyHelperTests" name="FormatToStringTest1000(50991.22189691114d,&quot;50991.22 zł&quot;)" />
    </UnitTest>
    <UnitTest name="FormatToStringTest1000(43727.735558145556d,&quot;43727.74 zł&quot;)" storage="c:\projekty\nunittestproject\bin\debug\netcoreapp3.1\nunittestproject.dll" id="12383f93-d6c8-4041-5607-6e0714b305f6">
      <Execution id="69ba09e3-cc4e-4288-87ff-4d94d61a3337" />
      <TestMethod codeBase="C:\Projekty\NUnitTestProject\bin\Debug\netcoreapp3.1\NUnitTestProject.dll" adapterTypeName="executor://nunit3testexecutor/" className="NUnitTestProject.CurrencyHelperTests" name="FormatToStringTest1000(43727.735558145556d,&quot;43727.74 zł&quot;)" />
    </UnitTest>
    <UnitTest name="FormatToStringTest1000(9196.579612724754d,&quot;9196.58 zł&quot;)" storage="c:\projekty\nunittestproject\bin\debug\netcoreapp3.1\nunittestproject.dll" id="ba5b40c3-7100-1940-87d5-9af986ffebd2">
      <Execution id="57f833eb-b23e-4be3-88c4-4d92e12cd1e1" />
      <TestMethod codeBase="C:\Projekty\NUnitTestProject\bin\Debug\netcoreapp3.1\NUnitTestProject.dll" adapterTypeName="executor://nunit3testexecutor/" className="NUnitTestProject.CurrencyHelperTests" name="FormatToStringTest1000(9196.579612724754d,&quot;9196.58 zł&quot;)" />
    </UnitTest>
    <UnitTest name="FormatToStringTest1000(31163.834562352316d,&quot;31163.83 zł&quot;)" storage="c:\projekty\nunittestproject\bin\debug\netcoreapp3.1\nunittestproject.dll" id="53f90dbe-f7ad-b0e7-04ef-fba16a107a6f">
      <Execution id="6edf7c18-a8ec-486f-b792-17e89e0523e4" />
      <TestMethod codeBase="C:\Projekty\NUnitTestProject\bin\Debug\netcoreapp3.1\NUnitTestProject.dll" adapterTypeName="executor://nunit3testexecutor/" className="NUnitTestProject.CurrencyHelperTests" name="FormatToStringTest1000(31163.834562352316d,&quot;31163.83 zł&quot;)" />
    </UnitTest>
    <UnitTest name="FormatToStringTest1000(31799.68317462815d,&quot;31799.68 zł&quot;)" storage="c:\projekty\nunittestproject\bin\debug\netcoreapp3.1\nunittestproject.dll" id="ebee2a3c-e88d-7c65-2391-8d47991a3a48">
      <Execution id="d8d4cf79-aed5-4fb7-a947-0138c0e38a8b" />
      <TestMethod codeBase="C:\Projekty\NUnitTestProject\bin\Debug\netcoreapp3.1\NUnitTestProject.dll" adapterTypeName="executor://nunit3testexecutor/" className="NUnitTestProject.CurrencyHelperTests" name="FormatToStringTest1000(31799.68317462815d,&quot;31799.68 zł&quot;)" />
    </UnitTest>
    <UnitTest name="FormatToStringTest1000(9928.477822322622d,&quot;9928.48 zł&quot;)" storage="c:\projekty\nunittestproject\bin\debug\netcoreapp3.1\nunittestproject.dll" id="dafbe950-e143-41f5-1a50-ea362a5aa5d4">
      <Execution id="eacdab53-170f-4d99-b134-0c0d75e3518a" />
      <TestMethod codeBase="C:\Projekty\NUnitTestProject\bin\Debug\netcoreapp3.1\NUnitTestProject.dll" adapterTypeName="executor://nunit3testexecutor/" className="NUnitTestProject.CurrencyHelperTests" name="FormatToStringTest1000(9928.477822322622d,&quot;9928.48 zł&quot;)" />
    </UnitTest>
    <UnitTest name="FormatToStringTest1000(10914.360814625099d,&quot;10914.36 zł&quot;)" storage="c:\projekty\nunittestproject\bin\debug\netcoreapp3.1\nunittestproject.dll" id="28ae16d9-787d-277c-8346-a2bcbe4da144">
      <Execution id="928ea94c-68a9-4a87-b60e-28221882349c" />
      <TestMethod codeBase="C:\Projekty\NUnitTestProject\bin\Debug\netcoreapp3.1\NUnitTestProject.dll" adapterTypeName="executor://nunit3testexecutor/" className="NUnitTestProject.CurrencyHelperTests" name="FormatToStringTest1000(10914.360814625099d,&quot;10914.36 zł&quot;)" />
    </UnitTest>
    <UnitTest name="FormatToStringTest1000(96.75594581512546d,&quot;96.76 zł&quot;)" storage="c:\projekty\nunittestproject\bin\debug\netcoreapp3.1\nunittestproject.dll" id="f557024d-69b9-3152-827e-4e57b8d0868d">
      <Execution id="aa8e78fe-3593-492b-847a-cbaaf2eb31b2" />
      <TestMethod codeBase="C:\Projekty\NUnitTestProject\bin\Debug\netcoreapp3.1\NUnitTestProject.dll" adapterTypeName="executor://nunit3testexecutor/" className="NUnitTestProject.CurrencyHelperTests" name="FormatToStringTest1000(96.75594581512546d,&quot;96.76 zł&quot;)" />
    </UnitTest>
    <UnitTest name="FormatToStringTest1000(14475.498583194567d,&quot;14475.50 zł&quot;)" storage="c:\projekty\nunittestproject\bin\debug\netcoreapp3.1\nunittestproject.dll" id="cd871e9d-7935-e907-4a89-0e7db877a7c7">
      <Execution id="fbeb7cee-223b-4d37-b34f-111d6aaa171f" />
      <TestMethod codeBase="C:\Projekty\NUnitTestProject\bin\Debug\netcoreapp3.1\NUnitTestProject.dll" adapterTypeName="executor://nunit3testexecutor/" className="NUnitTestProject.CurrencyHelperTests" name="FormatToStringTest1000(14475.498583194567d,&quot;14475.50 zł&quot;)" />
    </UnitTest>
    <UnitTest name="FormatToStringTest1000(4105.490993980081d,&quot;4105.49 zł&quot;)" storage="c:\projekty\nunittestproject\bin\debug\netcoreapp3.1\nunittestproject.dll" id="c51581ef-f81a-dd7d-4cbf-75770d6a883f">
      <Execution id="2b853718-b59c-43ee-ad1f-6c288ed815a1" />
      <TestMethod codeBase="C:\Projekty\NUnitTestProject\bin\Debug\netcoreapp3.1\NUnitTestProject.dll" adapterTypeName="executor://nunit3testexecutor/" className="NUnitTestProject.CurrencyHelperTests" name="FormatToStringTest1000(4105.490993980081d,&quot;4105.49 zł&quot;)" />
    </UnitTest>
    <UnitTest name="FormatToStringTest1000(57671.67669738675d,&quot;57671.68 zł&quot;)" storage="c:\projekty\nunittestproject\bin\debug\netcoreapp3.1\nunittestproject.dll" id="04967881-3d44-4f25-5839-6dd3eae8bd89">
      <Execution id="8dcd6044-d4fd-4092-aa6a-02f87ab550ec" />
      <TestMethod codeBase="C:\Projekty\NUnitTestProject\bin\Debug\netcoreapp3.1\NUnitTestProject.dll" adapterTypeName="executor://nunit3testexecutor/" className="NUnitTestProject.CurrencyHelperTests" name="FormatToStringTest1000(57671.67669738675d,&quot;57671.68 zł&quot;)" />
    </UnitTest>
    <UnitTest name="FormatToStringTest1000(9624.06628225188d,&quot;9624.07 zł&quot;)" storage="c:\projekty\nunittestproject\bin\debug\netcoreapp3.1\nunittestproject.dll" id="31ed7871-edfd-2633-6788-723019e7f3e1">
      <Execution id="7ba1f0f9-1fb8-4be0-a6cb-e8bc32e87a06" />
      <TestMethod codeBase="C:\Projekty\NUnitTestProject\bin\Debug\netcoreapp3.1\NUnitTestProject.dll" adapterTypeName="executor://nunit3testexecutor/" className="NUnitTestProject.CurrencyHelperTests" name="FormatToStringTest1000(9624.06628225188d,&quot;9624.07 zł&quot;)" />
    </UnitTest>
    <UnitTest name="FormatToStringTest1000(18786.954468002055d,&quot;18786.95 zł&quot;)" storage="c:\projekty\nunittestproject\bin\debug\netcoreapp3.1\nunittestproject.dll" id="527d41f4-ee35-aeed-39d2-777e78659af8">
      <Execution id="a048c4c2-8857-44de-a34d-93b5d619a2ac" />
      <TestMethod codeBase="C:\Projekty\NUnitTestProject\bin\Debug\netcoreapp3.1\NUnitTestProject.dll" adapterTypeName="executor://nunit3testexecutor/" className="NUnitTestProject.CurrencyHelperTests" name="FormatToStringTest1000(18786.954468002055d,&quot;18786.95 zł&quot;)" />
    </UnitTest>
    <UnitTest name="FormatToStringTest1000(31300.40752580967d,&quot;31300.41 zł&quot;)" storage="c:\projekty\nunittestproject\bin\debug\netcoreapp3.1\nunittestproject.dll" id="03343bcc-4f24-4c8a-3ccc-51481d1ee303">
      <Execution id="158c252c-7679-4da7-b0c2-7f16fd4dfcc4" />
      <TestMethod codeBase="C:\Projekty\NUnitTestProject\bin\Debug\netcoreapp3.1\NUnitTestProject.dll" adapterTypeName="executor://nunit3testexecutor/" className="NUnitTestProject.CurrencyHelperTests" name="FormatToStringTest1000(31300.40752580967d,&quot;31300.41 zł&quot;)" />
    </UnitTest>
    <UnitTest name="FormatToStringTest1000(57181.240528605056d,&quot;57181.24 zł&quot;)" storage="c:\projekty\nunittestproject\bin\debug\netcoreapp3.1\nunittestproject.dll" id="20032a0f-2ee3-8893-1563-317bcc5ab61c">
      <Execution id="fae23734-a8e8-438c-b6bd-607ef95e723a" />
      <TestMethod codeBase="C:\Projekty\NUnitTestProject\bin\Debug\netcoreapp3.1\NUnitTestProject.dll" adapterTypeName="executor://nunit3testexecutor/" className="NUnitTestProject.CurrencyHelperTests" name="FormatToStringTest1000(57181.240528605056d,&quot;57181.24 zł&quot;)" />
    </UnitTest>
    <UnitTest name="FormatToStringTest1000(8499.121443388574d,&quot;8499.12 zł&quot;)" storage="c:\projekty\nunittestproject\bin\debug\netcoreapp3.1\nunittestproject.dll" id="114d6aa2-3c70-c374-d5cb-1675b6f9d5e6">
      <Execution id="4f34a6c9-cb82-4f2f-a951-ddd8fb8b7107" />
      <TestMethod codeBase="C:\Projekty\NUnitTestProject\bin\Debug\netcoreapp3.1\NUnitTestProject.dll" adapterTypeName="executor://nunit3testexecutor/" className="NUnitTestProject.CurrencyHelperTests" name="FormatToStringTest1000(8499.121443388574d,&quot;8499.12 zł&quot;)" />
    </UnitTest>
    <UnitTest name="FormatToStringTest1000(27027.327683509946d,&quot;27027.33 zł&quot;)" storage="c:\projekty\nunittestproject\bin\debug\netcoreapp3.1\nunittestproject.dll" id="d3675fd4-77f8-268f-8735-9b5ad5bc915b">
      <Execution id="304148fd-4515-41c3-a518-b3935fdf65c3" />
      <TestMethod codeBase="C:\Projekty\NUnitTestProject\bin\Debug\netcoreapp3.1\NUnitTestProject.dll" adapterTypeName="executor://nunit3testexecutor/" className="NUnitTestProject.CurrencyHelperTests" name="FormatToStringTest1000(27027.327683509946d,&quot;27027.33 zł&quot;)" />
    </UnitTest>
    <UnitTest name="FormatToStringTest1000(11118.620997698335d,&quot;11118.62 zł&quot;)" storage="c:\projekty\nunittestproject\bin\debug\netcoreapp3.1\nunittestproject.dll" id="7875ceff-fafb-ef65-16f6-def9c021cbb8">
      <Execution id="575b82fe-3f83-4715-91a6-8dec409fbefe" />
      <TestMethod codeBase="C:\Projekty\NUnitTestProject\bin\Debug\netcoreapp3.1\NUnitTestProject.dll" adapterTypeName="executor://nunit3testexecutor/" className="NUnitTestProject.CurrencyHelperTests" name="FormatToStringTest1000(11118.620997698335d,&quot;11118.62 zł&quot;)" />
    </UnitTest>
    <UnitTest name="FormatToStringTest1000(95071.15957335343d,&quot;95071.16 zł&quot;)" storage="c:\projekty\nunittestproject\bin\debug\netcoreapp3.1\nunittestproject.dll" id="257cee71-ac96-77a9-908c-68bd8420739c">
      <Execution id="db1ec508-2b6b-4672-a149-766161612ee6" />
      <TestMethod codeBase="C:\Projekty\NUnitTestProject\bin\Debug\netcoreapp3.1\NUnitTestProject.dll" adapterTypeName="executor://nunit3testexecutor/" className="NUnitTestProject.CurrencyHelperTests" name="FormatToStringTest1000(95071.15957335343d,&quot;95071.16 zł&quot;)" />
    </UnitTest>
    <UnitTest name="FormatToStringTest1000(35905.47425787219d,&quot;35905.47 zł&quot;)" storage="c:\projekty\nunittestproject\bin\debug\netcoreapp3.1\nunittestproject.dll" id="5c165fdb-5b2a-6ca5-1c7a-4f504d003e95">
      <Execution id="1b341b1f-2dee-4204-abf6-1aa3c104309c" />
      <TestMethod codeBase="C:\Projekty\NUnitTestProject\bin\Debug\netcoreapp3.1\NUnitTestProject.dll" adapterTypeName="executor://nunit3testexecutor/" className="NUnitTestProject.CurrencyHelperTests" name="FormatToStringTest1000(35905.47425787219d,&quot;35905.47 zł&quot;)" />
    </UnitTest>
    <UnitTest name="FormatToStringTest1000(45603.90324273142d,&quot;45603.90 zł&quot;)" storage="c:\projekty\nunittestproject\bin\debug\netcoreapp3.1\nunittestproject.dll" id="c09eca31-2a58-b146-7d55-b556b7020c68">
      <Execution id="3f53dd1d-d11b-4af6-9fdb-ffc7344211b5" />
      <TestMethod codeBase="C:\Projekty\NUnitTestProject\bin\Debug\netcoreapp3.1\NUnitTestProject.dll" adapterTypeName="executor://nunit3testexecutor/" className="NUnitTestProject.CurrencyHelperTests" name="FormatToStringTest1000(45603.90324273142d,&quot;45603.90 zł&quot;)" />
    </UnitTest>
    <UnitTest name="FormatToStringTest1000(19392.945535027862d,&quot;19392.95 zł&quot;)" storage="c:\projekty\nunittestproject\bin\debug\netcoreapp3.1\nunittestproject.dll" id="610377d7-39b0-f1e5-075a-04c0ff0b06a2">
      <Execution id="6af7bedd-640a-4d66-a617-58c98574da1c" />
      <TestMethod codeBase="C:\Projekty\NUnitTestProject\bin\Debug\netcoreapp3.1\NUnitTestProject.dll" adapterTypeName="executor://nunit3testexecutor/" className="NUnitTestProject.CurrencyHelperTests" name="FormatToStringTest1000(19392.945535027862d,&quot;19392.95 zł&quot;)" />
    </UnitTest>
    <UnitTest name="FormatToStringTest1000(27893.312729890138d,&quot;27893.31 zł&quot;)" storage="c:\projekty\nunittestproject\bin\debug\netcoreapp3.1\nunittestproject.dll" id="7490fb46-9b1e-86c6-a053-c9324b70ce91">
      <Execution id="13aa2528-1759-42c2-bedd-19e965eb12ee" />
      <TestMethod codeBase="C:\Projekty\NUnitTestProject\bin\Debug\netcoreapp3.1\NUnitTestProject.dll" adapterTypeName="executor://nunit3testexecutor/" className="NUnitTestProject.CurrencyHelperTests" name="FormatToStringTest1000(27893.312729890138d,&quot;27893.31 zł&quot;)" />
    </UnitTest>
    <UnitTest name="FormatToStringTest1000(13402.882692040355d,&quot;13402.88 zł&quot;)" storage="c:\projekty\nunittestproject\bin\debug\netcoreapp3.1\nunittestproject.dll" id="6320276e-3624-3a1c-7afd-537de60f89db">
      <Execution id="21a657b4-c6b7-4fed-86ba-4c8e5b27de93" />
      <TestMethod codeBase="C:\Projekty\NUnitTestProject\bin\Debug\netcoreapp3.1\NUnitTestProject.dll" adapterTypeName="executor://nunit3testexecutor/" className="NUnitTestProject.CurrencyHelperTests" name="FormatToStringTest1000(13402.882692040355d,&quot;13402.88 zł&quot;)" />
    </UnitTest>
    <UnitTest name="FormatToStringTest1000(8697.074631143862d,&quot;8697.07 zł&quot;)" storage="c:\projekty\nunittestproject\bin\debug\netcoreapp3.1\nunittestproject.dll" id="943e674e-9656-f2f6-06a7-f12c38d1347c">
      <Execution id="05482e9f-17e7-459a-a7f4-354cd49ba027" />
      <TestMethod codeBase="C:\Projekty\NUnitTestProject\bin\Debug\netcoreapp3.1\NUnitTestProject.dll" adapterTypeName="executor://nunit3testexecutor/" className="NUnitTestProject.CurrencyHelperTests" name="FormatToStringTest1000(8697.074631143862d,&quot;8697.07 zł&quot;)" />
    </UnitTest>
    <UnitTest name="FormatToStringTest1000(26515.80237687929d,&quot;26515.80 zł&quot;)" storage="c:\projekty\nunittestproject\bin\debug\netcoreapp3.1\nunittestproject.dll" id="d97cfe1a-5414-3b7f-eeae-c71aa9b34634">
      <Execution id="e759133d-a4a5-4c4a-b733-75138108d5a2" />
      <TestMethod codeBase="C:\Projekty\NUnitTestProject\bin\Debug\netcoreapp3.1\NUnitTestProject.dll" adapterTypeName="executor://nunit3testexecutor/" className="NUnitTestProject.CurrencyHelperTests" name="FormatToStringTest1000(26515.80237687929d,&quot;26515.80 zł&quot;)" />
    </UnitTest>
    <UnitTest name="FormatToStringTest1000(9190.067404299076d,&quot;9190.07 zł&quot;)" storage="c:\projekty\nunittestproject\bin\debug\netcoreapp3.1\nunittestproject.dll" id="752c0495-686a-2709-5240-916b7eb02d3a">
      <Execution id="8b004a8d-1f06-49af-9e3e-18eb08f77c7c" />
      <TestMethod codeBase="C:\Projekty\NUnitTestProject\bin\Debug\netcoreapp3.1\NUnitTestProject.dll" adapterTypeName="executor://nunit3testexecutor/" className="NUnitTestProject.CurrencyHelperTests" name="FormatToStringTest1000(9190.067404299076d,&quot;9190.07 zł&quot;)" />
    </UnitTest>
    <UnitTest name="FormatToStringTest1000(2505.286326204094d,&quot;2505.29 zł&quot;)" storage="c:\projekty\nunittestproject\bin\debug\netcoreapp3.1\nunittestproject.dll" id="d24e4d75-af83-eba3-bdf8-ba8e65054856">
      <Execution id="973fac87-e667-4069-82cf-e23cd096b29a" />
      <TestMethod codeBase="C:\Projekty\NUnitTestProject\bin\Debug\netcoreapp3.1\NUnitTestProject.dll" adapterTypeName="executor://nunit3testexecutor/" className="NUnitTestProject.CurrencyHelperTests" name="FormatToStringTest1000(2505.286326204094d,&quot;2505.29 zł&quot;)" />
    </UnitTest>
    <UnitTest name="FormatToStringTest1000(21753.84773194969d,&quot;21753.85 zł&quot;)" storage="c:\projekty\nunittestproject\bin\debug\netcoreapp3.1\nunittestproject.dll" id="f7364d60-2df0-c5fc-137c-b9b46fcd6fe9">
      <Execution id="51b0e8d3-87f3-49ce-af82-6e9736136c73" />
      <TestMethod codeBase="C:\Projekty\NUnitTestProject\bin\Debug\netcoreapp3.1\NUnitTestProject.dll" adapterTypeName="executor://nunit3testexecutor/" className="NUnitTestProject.CurrencyHelperTests" name="FormatToStringTest1000(21753.84773194969d,&quot;21753.85 zł&quot;)" />
    </UnitTest>
    <UnitTest name="FormatToStringTest1000(22459.530444447664d,&quot;22459.53 zł&quot;)" storage="c:\projekty\nunittestproject\bin\debug\netcoreapp3.1\nunittestproject.dll" id="580ab2d5-6b28-ec61-9de4-466295a56551">
      <Execution id="5e716d06-d21f-4a0e-bacd-5805978ad5ea" />
      <TestMethod codeBase="C:\Projekty\NUnitTestProject\bin\Debug\netcoreapp3.1\NUnitTestProject.dll" adapterTypeName="executor://nunit3testexecutor/" className="NUnitTestProject.CurrencyHelperTests" name="FormatToStringTest1000(22459.530444447664d,&quot;22459.53 zł&quot;)" />
    </UnitTest>
    <UnitTest name="FormatToStringTest1000(6946.333318357977d,&quot;6946.33 zł&quot;)" storage="c:\projekty\nunittestproject\bin\debug\netcoreapp3.1\nunittestproject.dll" id="d7f71e56-89f1-ca12-7436-85c71867f730">
      <Execution id="5bb2ab66-a8b6-4206-b7bc-e4445ba4f5d9" />
      <TestMethod codeBase="C:\Projekty\NUnitTestProject\bin\Debug\netcoreapp3.1\NUnitTestProject.dll" adapterTypeName="executor://nunit3testexecutor/" className="NUnitTestProject.CurrencyHelperTests" name="FormatToStringTest1000(6946.333318357977d,&quot;6946.33 zł&quot;)" />
    </UnitTest>
    <UnitTest name="FormatToStringTest1000(464.74397441965715d,&quot;464.74 zł&quot;)" storage="c:\projekty\nunittestproject\bin\debug\netcoreapp3.1\nunittestproject.dll" id="f0cd9acd-b821-1b3b-6a4a-691c6f1f639a">
      <Execution id="f3acdcd1-6002-4f58-b0d0-8a15955571be" />
      <TestMethod codeBase="C:\Projekty\NUnitTestProject\bin\Debug\netcoreapp3.1\NUnitTestProject.dll" adapterTypeName="executor://nunit3testexecutor/" className="NUnitTestProject.CurrencyHelperTests" name="FormatToStringTest1000(464.74397441965715d,&quot;464.74 zł&quot;)" />
    </UnitTest>
    <UnitTest name="FormatToStringTest1000(4411.456718280659d,&quot;4411.46 zł&quot;)" storage="c:\projekty\nunittestproject\bin\debug\netcoreapp3.1\nunittestproject.dll" id="6fe47bce-1f86-6cf6-afbe-6725ac8bf44c">
      <Execution id="a50c1bf8-d799-4dae-84d4-34b6b63da0cf" />
      <TestMethod codeBase="C:\Projekty\NUnitTestProject\bin\Debug\netcoreapp3.1\NUnitTestProject.dll" adapterTypeName="executor://nunit3testexecutor/" className="NUnitTestProject.CurrencyHelperTests" name="FormatToStringTest1000(4411.456718280659d,&quot;4411.46 zł&quot;)" />
    </UnitTest>
    <UnitTest name="FormatToStringTest1000(726.8087564975995d,&quot;726.81 zł&quot;)" storage="c:\projekty\nunittestproject\bin\debug\netcoreapp3.1\nunittestproject.dll" id="df3985f6-a310-5cd4-8528-b305d96c9c87">
      <Execution id="e4a5c558-0599-43a6-ab1d-1708310fc805" />
      <TestMethod codeBase="C:\Projekty\NUnitTestProject\bin\Debug\netcoreapp3.1\NUnitTestProject.dll" adapterTypeName="executor://nunit3testexecutor/" className="NUnitTestProject.CurrencyHelperTests" name="FormatToStringTest1000(726.8087564975995d,&quot;726.81 zł&quot;)" />
    </UnitTest>
    <UnitTest name="FormatToStringTest1000(14920.620598662934d,&quot;14920.62 zł&quot;)" storage="c:\projekty\nunittestproject\bin\debug\netcoreapp3.1\nunittestproject.dll" id="c989053d-c573-450d-6001-a75cbe93e089">
      <Execution id="2f3adf1e-bbe9-4c17-8436-26f5be8358d7" />
      <TestMethod codeBase="C:\Projekty\NUnitTestProject\bin\Debug\netcoreapp3.1\NUnitTestProject.dll" adapterTypeName="executor://nunit3testexecutor/" className="NUnitTestProject.CurrencyHelperTests" name="FormatToStringTest1000(14920.620598662934d,&quot;14920.62 zł&quot;)" />
    </UnitTest>
    <UnitTest name="FormatToStringTest1000(23789.556920184546d,&quot;23789.56 zł&quot;)" storage="c:\projekty\nunittestproject\bin\debug\netcoreapp3.1\nunittestproject.dll" id="b58070c8-bc7f-712e-31bb-2a11be9cfc18">
      <Execution id="887a555a-8ff5-4bfa-be04-042fabc034a1" />
      <TestMethod codeBase="C:\Projekty\NUnitTestProject\bin\Debug\netcoreapp3.1\NUnitTestProject.dll" adapterTypeName="executor://nunit3testexecutor/" className="NUnitTestProject.CurrencyHelperTests" name="FormatToStringTest1000(23789.556920184546d,&quot;23789.56 zł&quot;)" />
    </UnitTest>
    <UnitTest name="FormatToStringTest1000(85407.13428016152d,&quot;85407.13 zł&quot;)" storage="c:\projekty\nunittestproject\bin\debug\netcoreapp3.1\nunittestproject.dll" id="37376bb5-e384-3c51-d1d8-3ba613fa9182">
      <Execution id="624b57d7-7a2b-4933-96a1-c01b2798720e" />
      <TestMethod codeBase="C:\Projekty\NUnitTestProject\bin\Debug\netcoreapp3.1\NUnitTestProject.dll" adapterTypeName="executor://nunit3testexecutor/" className="NUnitTestProject.CurrencyHelperTests" name="FormatToStringTest1000(85407.13428016152d,&quot;85407.13 zł&quot;)" />
    </UnitTest>
    <UnitTest name="FormatToStringTest1000(68174.53068551492d,&quot;68174.53 zł&quot;)" storage="c:\projekty\nunittestproject\bin\debug\netcoreapp3.1\nunittestproject.dll" id="ea848b43-279a-f1bb-ab29-b5a8e2e2c8af">
      <Execution id="31736cae-6acb-41da-be46-790f2fb1c211" />
      <TestMethod codeBase="C:\Projekty\NUnitTestProject\bin\Debug\netcoreapp3.1\NUnitTestProject.dll" adapterTypeName="executor://nunit3testexecutor/" className="NUnitTestProject.CurrencyHelperTests" name="FormatToStringTest1000(68174.53068551492d,&quot;68174.53 zł&quot;)" />
    </UnitTest>
    <UnitTest name="FormatToStringTest1000(1614.2516601789982d,&quot;1614.25 zł&quot;)" storage="c:\projekty\nunittestproject\bin\debug\netcoreapp3.1\nunittestproject.dll" id="e0a6ca51-6257-18e2-3ed9-4bb78f34d6d7">
      <Execution id="a31c0fb2-3392-4424-af9f-76474300c9c8" />
      <TestMethod codeBase="C:\Projekty\NUnitTestProject\bin\Debug\netcoreapp3.1\NUnitTestProject.dll" adapterTypeName="executor://nunit3testexecutor/" className="NUnitTestProject.CurrencyHelperTests" name="FormatToStringTest1000(1614.2516601789982d,&quot;1614.25 zł&quot;)" />
    </UnitTest>
    <UnitTest name="FormatToStringTest1000(50550.645020282194d,&quot;50550.65 zł&quot;)" storage="c:\projekty\nunittestproject\bin\debug\netcoreapp3.1\nunittestproject.dll" id="c6bf636f-3c18-b5d6-1346-58450e782d22">
      <Execution id="ba31e73c-9161-4354-80bb-5c068c56ad29" />
      <TestMethod codeBase="C:\Projekty\NUnitTestProject\bin\Debug\netcoreapp3.1\NUnitTestProject.dll" adapterTypeName="executor://nunit3testexecutor/" className="NUnitTestProject.CurrencyHelperTests" name="FormatToStringTest1000(50550.645020282194d,&quot;50550.65 zł&quot;)" />
    </UnitTest>
    <UnitTest name="FormatToStringTest1000(40913.016669489916d,&quot;40913.02 zł&quot;)" storage="c:\projekty\nunittestproject\bin\debug\netcoreapp3.1\nunittestproject.dll" id="faf63bba-5452-3836-a95e-2474023d45ad">
      <Execution id="a5d2d618-e959-444b-8c4f-fa5c3fa3b447" />
      <TestMethod codeBase="C:\Projekty\NUnitTestProject\bin\Debug\netcoreapp3.1\NUnitTestProject.dll" adapterTypeName="executor://nunit3testexecutor/" className="NUnitTestProject.CurrencyHelperTests" name="FormatToStringTest1000(40913.016669489916d,&quot;40913.02 zł&quot;)" />
    </UnitTest>
    <UnitTest name="FormatToStringTest1000(15414.175096961751d,&quot;15414.18 zł&quot;)" storage="c:\projekty\nunittestproject\bin\debug\netcoreapp3.1\nunittestproject.dll" id="43e0f701-5f55-5e32-84f3-972dc14c0c0b">
      <Execution id="9669d1bc-e453-4b29-a3a4-4cda19cc590f" />
      <TestMethod codeBase="C:\Projekty\NUnitTestProject\bin\Debug\netcoreapp3.1\NUnitTestProject.dll" adapterTypeName="executor://nunit3testexecutor/" className="NUnitTestProject.CurrencyHelperTests" name="FormatToStringTest1000(15414.175096961751d,&quot;15414.18 zł&quot;)" />
    </UnitTest>
    <UnitTest name="FormatToStringTest1000(3274.481392617096d,&quot;3274.48 zł&quot;)" storage="c:\projekty\nunittestproject\bin\debug\netcoreapp3.1\nunittestproject.dll" id="e84b36e7-4f40-fa31-8ed6-b8aea0f7b95d">
      <Execution id="6b2f53f0-77e5-4511-b9d1-8faf058bc0a2" />
      <TestMethod codeBase="C:\Projekty\NUnitTestProject\bin\Debug\netcoreapp3.1\NUnitTestProject.dll" adapterTypeName="executor://nunit3testexecutor/" className="NUnitTestProject.CurrencyHelperTests" name="FormatToStringTest1000(3274.481392617096d,&quot;3274.48 zł&quot;)" />
    </UnitTest>
    <UnitTest name="FormatToStringTest1000(20244.692955315437d,&quot;20244.69 zł&quot;)" storage="c:\projekty\nunittestproject\bin\debug\netcoreapp3.1\nunittestproject.dll" id="c813b080-ad5f-d9e2-c675-1e1394f00010">
      <Execution id="0ad69b49-a454-468f-a20a-a8ecc98eaefa" />
      <TestMethod codeBase="C:\Projekty\NUnitTestProject\bin\Debug\netcoreapp3.1\NUnitTestProject.dll" adapterTypeName="executor://nunit3testexecutor/" className="NUnitTestProject.CurrencyHelperTests" name="FormatToStringTest1000(20244.692955315437d,&quot;20244.69 zł&quot;)" />
    </UnitTest>
    <UnitTest name="FormatToStringTest1000(30385.72086375613d,&quot;30385.72 zł&quot;)" storage="c:\projekty\nunittestproject\bin\debug\netcoreapp3.1\nunittestproject.dll" id="ba3d44ab-713b-26da-eeee-600e16cfe130">
      <Execution id="15104af6-4306-48cb-bf2e-fd0001c64759" />
      <TestMethod codeBase="C:\Projekty\NUnitTestProject\bin\Debug\netcoreapp3.1\NUnitTestProject.dll" adapterTypeName="executor://nunit3testexecutor/" className="NUnitTestProject.CurrencyHelperTests" name="FormatToStringTest1000(30385.72086375613d,&quot;30385.72 zł&quot;)" />
    </UnitTest>
    <UnitTest name="FormatToStringTest1000(49256.47455728635d,&quot;49256.47 zł&quot;)" storage="c:\projekty\nunittestproject\bin\debug\netcoreapp3.1\nunittestproject.dll" id="8184eede-89c1-758f-6b98-b1536f1bc7e0">
      <Execution id="decdbb97-8e28-46b2-80bd-31c92cf0964a" />
      <TestMethod codeBase="C:\Projekty\NUnitTestProject\bin\Debug\netcoreapp3.1\NUnitTestProject.dll" adapterTypeName="executor://nunit3testexecutor/" className="NUnitTestProject.CurrencyHelperTests" name="FormatToStringTest1000(49256.47455728635d,&quot;49256.47 zł&quot;)" />
    </UnitTest>
    <UnitTest name="FormatToStringTest1000(18032.4720825476d,&quot;18032.47 zł&quot;)" storage="c:\projekty\nunittestproject\bin\debug\netcoreapp3.1\nunittestproject.dll" id="99b9ef43-ae03-d550-aafb-7b6a0ec7c1ee">
      <Execution id="8e94e339-cefa-4708-88a5-44a7d395e2a8" />
      <TestMethod codeBase="C:\Projekty\NUnitTestProject\bin\Debug\netcoreapp3.1\NUnitTestProject.dll" adapterTypeName="executor://nunit3testexecutor/" className="NUnitTestProject.CurrencyHelperTests" name="FormatToStringTest1000(18032.4720825476d,&quot;18032.47 zł&quot;)" />
    </UnitTest>
    <UnitTest name="FormatToStringTest1000(27629.79121039193d,&quot;27629.79 zł&quot;)" storage="c:\projekty\nunittestproject\bin\debug\netcoreapp3.1\nunittestproject.dll" id="a6621eb8-15a7-fc8e-d862-31d4f5bc69d0">
      <Execution id="da75e25a-0d8c-488a-ad1a-173f81c74e10" />
      <TestMethod codeBase="C:\Projekty\NUnitTestProject\bin\Debug\netcoreapp3.1\NUnitTestProject.dll" adapterTypeName="executor://nunit3testexecutor/" className="NUnitTestProject.CurrencyHelperTests" name="FormatToStringTest1000(27629.79121039193d,&quot;27629.79 zł&quot;)" />
    </UnitTest>
    <UnitTest name="FormatToStringTest1000(7726.0074454499445d,&quot;7726.01 zł&quot;)" storage="c:\projekty\nunittestproject\bin\debug\netcoreapp3.1\nunittestproject.dll" id="20eba454-047b-5e64-79ba-74e9397a20a4">
      <Execution id="77bcf92b-c54c-4a6e-a6ec-93eefb42fa02" />
      <TestMethod codeBase="C:\Projekty\NUnitTestProject\bin\Debug\netcoreapp3.1\NUnitTestProject.dll" adapterTypeName="executor://nunit3testexecutor/" className="NUnitTestProject.CurrencyHelperTests" name="FormatToStringTest1000(7726.0074454499445d,&quot;7726.01 zł&quot;)" />
    </UnitTest>
    <UnitTest name="FormatToStringTest1000(26529.10838037036d,&quot;26529.11 zł&quot;)" storage="c:\projekty\nunittestproject\bin\debug\netcoreapp3.1\nunittestproject.dll" id="193f831d-c7c9-ac41-bc1b-9798c85535ca">
      <Execution id="83f3d7fd-9b99-47cb-93aa-ae92ed118d0e" />
      <TestMethod codeBase="C:\Projekty\NUnitTestProject\bin\Debug\netcoreapp3.1\NUnitTestProject.dll" adapterTypeName="executor://nunit3testexecutor/" className="NUnitTestProject.CurrencyHelperTests" name="FormatToStringTest1000(26529.10838037036d,&quot;26529.11 zł&quot;)" />
    </UnitTest>
    <UnitTest name="FormatToStringTest1000(19208.676036795914d,&quot;19208.68 zł&quot;)" storage="c:\projekty\nunittestproject\bin\debug\netcoreapp3.1\nunittestproject.dll" id="0bcee855-d67d-6b06-b494-da6df454ba12">
      <Execution id="493ba8a7-4071-4054-9ddb-b30d8c8b57f1" />
      <TestMethod codeBase="C:\Projekty\NUnitTestProject\bin\Debug\netcoreapp3.1\NUnitTestProject.dll" adapterTypeName="executor://nunit3testexecutor/" className="NUnitTestProject.CurrencyHelperTests" name="FormatToStringTest1000(19208.676036795914d,&quot;19208.68 zł&quot;)" />
    </UnitTest>
    <UnitTest name="FormatToStringTest1000(41368.29672956015d,&quot;41368.30 zł&quot;)" storage="c:\projekty\nunittestproject\bin\debug\netcoreapp3.1\nunittestproject.dll" id="0ffbfc26-0b88-0610-8454-a3e10982707b">
      <Execution id="8fc03f81-bc46-4acb-873c-19c5be82b094" />
      <TestMethod codeBase="C:\Projekty\NUnitTestProject\bin\Debug\netcoreapp3.1\NUnitTestProject.dll" adapterTypeName="executor://nunit3testexecutor/" className="NUnitTestProject.CurrencyHelperTests" name="FormatToStringTest1000(41368.29672956015d,&quot;41368.30 zł&quot;)" />
    </UnitTest>
    <UnitTest name="FormatToStringTest1000(47672.66266041652d,&quot;47672.66 zł&quot;)" storage="c:\projekty\nunittestproject\bin\debug\netcoreapp3.1\nunittestproject.dll" id="90524d2a-adb4-bd7e-769a-526d502faf2e">
      <Execution id="26a79534-2596-4ca9-badb-a5a184897231" />
      <TestMethod codeBase="C:\Projekty\NUnitTestProject\bin\Debug\netcoreapp3.1\NUnitTestProject.dll" adapterTypeName="executor://nunit3testexecutor/" className="NUnitTestProject.CurrencyHelperTests" name="FormatToStringTest1000(47672.66266041652d,&quot;47672.66 zł&quot;)" />
    </UnitTest>
    <UnitTest name="FormatToStringTest1000(2121.0917325211185d,&quot;2121.09 zł&quot;)" storage="c:\projekty\nunittestproject\bin\debug\netcoreapp3.1\nunittestproject.dll" id="f0585ec3-ae76-b5af-6830-899496ff1fd9">
      <Execution id="04fb8811-8ed1-4641-9bfa-dcad9f7fb2dd" />
      <TestMethod codeBase="C:\Projekty\NUnitTestProject\bin\Debug\netcoreapp3.1\NUnitTestProject.dll" adapterTypeName="executor://nunit3testexecutor/" className="NUnitTestProject.CurrencyHelperTests" name="FormatToStringTest1000(2121.0917325211185d,&quot;2121.09 zł&quot;)" />
    </UnitTest>
    <UnitTest name="FormatToStringTest1000(31347.468987404587d,&quot;31347.47 zł&quot;)" storage="c:\projekty\nunittestproject\bin\debug\netcoreapp3.1\nunittestproject.dll" id="9cef29cf-98fb-f211-5054-ae4d42774e1f">
      <Execution id="83d19bef-f48d-4e0c-83c4-fd0de15cf579" />
      <TestMethod codeBase="C:\Projekty\NUnitTestProject\bin\Debug\netcoreapp3.1\NUnitTestProject.dll" adapterTypeName="executor://nunit3testexecutor/" className="NUnitTestProject.CurrencyHelperTests" name="FormatToStringTest1000(31347.468987404587d,&quot;31347.47 zł&quot;)" />
    </UnitTest>
    <UnitTest name="FormatToStringTest1000(1676.7913981754293d,&quot;1676.79 zł&quot;)" storage="c:\projekty\nunittestproject\bin\debug\netcoreapp3.1\nunittestproject.dll" id="0ebe3939-f18c-dec0-703f-01349ca5c1ad">
      <Execution id="a9e64690-3f97-4c72-aa6b-448b3a20ca6e" />
      <TestMethod codeBase="C:\Projekty\NUnitTestProject\bin\Debug\netcoreapp3.1\NUnitTestProject.dll" adapterTypeName="executor://nunit3testexecutor/" className="NUnitTestProject.CurrencyHelperTests" name="FormatToStringTest1000(1676.7913981754293d,&quot;1676.79 zł&quot;)" />
    </UnitTest>
    <UnitTest name="FormatToStringTest1000(31971.185406704986d,&quot;31971.19 zł&quot;)" storage="c:\projekty\nunittestproject\bin\debug\netcoreapp3.1\nunittestproject.dll" id="a32b1b99-bbfe-b0ef-93c7-d7c83b53becf">
      <Execution id="b9dafb3d-ec80-4e30-9735-8c6cb3a9644a" />
      <TestMethod codeBase="C:\Projekty\NUnitTestProject\bin\Debug\netcoreapp3.1\NUnitTestProject.dll" adapterTypeName="executor://nunit3testexecutor/" className="NUnitTestProject.CurrencyHelperTests" name="FormatToStringTest1000(31971.185406704986d,&quot;31971.19 zł&quot;)" />
    </UnitTest>
    <UnitTest name="FormatToStringTest1000(867.5236648356187d,&quot;867.52 zł&quot;)" storage="c:\projekty\nunittestproject\bin\debug\netcoreapp3.1\nunittestproject.dll" id="8d6414e5-4d2d-73e7-c36d-d9cbbb203e5f">
      <Execution id="72073dd2-22c5-4018-bba0-3f1067bd39fc" />
      <TestMethod codeBase="C:\Projekty\NUnitTestProject\bin\Debug\netcoreapp3.1\NUnitTestProject.dll" adapterTypeName="executor://nunit3testexecutor/" className="NUnitTestProject.CurrencyHelperTests" name="FormatToStringTest1000(867.5236648356187d,&quot;867.52 zł&quot;)" />
    </UnitTest>
    <UnitTest name="FormatToStringTest1000(16597.22844427788d,&quot;16597.23 zł&quot;)" storage="c:\projekty\nunittestproject\bin\debug\netcoreapp3.1\nunittestproject.dll" id="12c8d806-dc76-730d-d276-1d289133c533">
      <Execution id="7e9112ec-8013-42e6-a790-2d8a5e95361b" />
      <TestMethod codeBase="C:\Projekty\NUnitTestProject\bin\Debug\netcoreapp3.1\NUnitTestProject.dll" adapterTypeName="executor://nunit3testexecutor/" className="NUnitTestProject.CurrencyHelperTests" name="FormatToStringTest1000(16597.22844427788d,&quot;16597.23 zł&quot;)" />
    </UnitTest>
    <UnitTest name="FormatToStringTest1000(7715.904444139406d,&quot;7715.90 zł&quot;)" storage="c:\projekty\nunittestproject\bin\debug\netcoreapp3.1\nunittestproject.dll" id="3436028f-e5c2-d0e3-5f92-c1e23c8a73cc">
      <Execution id="539b68cf-9fac-4ea3-a4a5-e19972100073" />
      <TestMethod codeBase="C:\Projekty\NUnitTestProject\bin\Debug\netcoreapp3.1\NUnitTestProject.dll" adapterTypeName="executor://nunit3testexecutor/" className="NUnitTestProject.CurrencyHelperTests" name="FormatToStringTest1000(7715.904444139406d,&quot;7715.90 zł&quot;)" />
    </UnitTest>
    <UnitTest name="FormatToStringTest1000(3700.029953029021d,&quot;3700.03 zł&quot;)" storage="c:\projekty\nunittestproject\bin\debug\netcoreapp3.1\nunittestproject.dll" id="5da451a5-54a7-b58b-ab8b-8b1b8384fd01">
      <Execution id="35cebc3f-79d0-46c5-8505-ef440dd78e99" />
      <TestMethod codeBase="C:\Projekty\NUnitTestProject\bin\Debug\netcoreapp3.1\NUnitTestProject.dll" adapterTypeName="executor://nunit3testexecutor/" className="NUnitTestProject.CurrencyHelperTests" name="FormatToStringTest1000(3700.029953029021d,&quot;3700.03 zł&quot;)" />
    </UnitTest>
    <UnitTest name="FormatToStringTest1000(485.6735566554933d,&quot;485.67 zł&quot;)" storage="c:\projekty\nunittestproject\bin\debug\netcoreapp3.1\nunittestproject.dll" id="7ad4f46a-05fc-7c4a-853e-228ce39d4426">
      <Execution id="3310ef39-362f-4ac1-9c68-f8de6e11ab60" />
      <TestMethod codeBase="C:\Projekty\NUnitTestProject\bin\Debug\netcoreapp3.1\NUnitTestProject.dll" adapterTypeName="executor://nunit3testexecutor/" className="NUnitTestProject.CurrencyHelperTests" name="FormatToStringTest1000(485.6735566554933d,&quot;485.67 zł&quot;)" />
    </UnitTest>
    <UnitTest name="FormatToStringTest1000(14712.754747761765d,&quot;14712.75 zł&quot;)" storage="c:\projekty\nunittestproject\bin\debug\netcoreapp3.1\nunittestproject.dll" id="a888e7ea-dbd1-07c6-66f1-9d366fb67e32">
      <Execution id="c4452b02-7f45-4246-bf9f-b19b7321ccc1" />
      <TestMethod codeBase="C:\Projekty\NUnitTestProject\bin\Debug\netcoreapp3.1\NUnitTestProject.dll" adapterTypeName="executor://nunit3testexecutor/" className="NUnitTestProject.CurrencyHelperTests" name="FormatToStringTest1000(14712.754747761765d,&quot;14712.75 zł&quot;)" />
    </UnitTest>
    <UnitTest name="FormatToStringTest1000(32218.080508120394d,&quot;32218.08 zł&quot;)" storage="c:\projekty\nunittestproject\bin\debug\netcoreapp3.1\nunittestproject.dll" id="f20c73fc-7f07-e8ef-25e3-d34c7ca18877">
      <Execution id="9008fa7f-562e-461b-9ad4-db0091f79b78" />
      <TestMethod codeBase="C:\Projekty\NUnitTestProject\bin\Debug\netcoreapp3.1\NUnitTestProject.dll" adapterTypeName="executor://nunit3testexecutor/" className="NUnitTestProject.CurrencyHelperTests" name="FormatToStringTest1000(32218.080508120394d,&quot;32218.08 zł&quot;)" />
    </UnitTest>
    <UnitTest name="FormatToStringTest1000(64210.358316209335d,&quot;64210.36 zł&quot;)" storage="c:\projekty\nunittestproject\bin\debug\netcoreapp3.1\nunittestproject.dll" id="8a2b6295-c6f7-0626-b29d-201c71fd67a5">
      <Execution id="6ab5aceb-f71a-4247-8714-945f6208d002" />
      <TestMethod codeBase="C:\Projekty\NUnitTestProject\bin\Debug\netcoreapp3.1\NUnitTestProject.dll" adapterTypeName="executor://nunit3testexecutor/" className="NUnitTestProject.CurrencyHelperTests" name="FormatToStringTest1000(64210.358316209335d,&quot;64210.36 zł&quot;)" />
    </UnitTest>
    <UnitTest name="FormatToStringTest1000(47256.065730817645d,&quot;47256.07 zł&quot;)" storage="c:\projekty\nunittestproject\bin\debug\netcoreapp3.1\nunittestproject.dll" id="29503cc7-b010-6825-6d29-1db7cb95143d">
      <Execution id="a324538e-7779-46f9-98be-cded0908239d" />
      <TestMethod codeBase="C:\Projekty\NUnitTestProject\bin\Debug\netcoreapp3.1\NUnitTestProject.dll" adapterTypeName="executor://nunit3testexecutor/" className="NUnitTestProject.CurrencyHelperTests" name="FormatToStringTest1000(47256.065730817645d,&quot;47256.07 zł&quot;)" />
    </UnitTest>
    <UnitTest name="FormatToStringTest1000(79973.08417819678d,&quot;79973.08 zł&quot;)" storage="c:\projekty\nunittestproject\bin\debug\netcoreapp3.1\nunittestproject.dll" id="3de5845a-c4ac-d187-6027-553f442e3ad2">
      <Execution id="80029a08-7fc6-4dc2-b0c6-9875d107707e" />
      <TestMethod codeBase="C:\Projekty\NUnitTestProject\bin\Debug\netcoreapp3.1\NUnitTestProject.dll" adapterTypeName="executor://nunit3testexecutor/" className="NUnitTestProject.CurrencyHelperTests" name="FormatToStringTest1000(79973.08417819678d,&quot;79973.08 zł&quot;)" />
    </UnitTest>
    <UnitTest name="FormatToStringTest1000(30626.373939456127d,&quot;30626.37 zł&quot;)" storage="c:\projekty\nunittestproject\bin\debug\netcoreapp3.1\nunittestproject.dll" id="ae5c211a-4af1-929a-38fa-5c9b4f30973f">
      <Execution id="e057a882-b9c5-4fe6-9e5d-7903b8b97cfb" />
      <TestMethod codeBase="C:\Projekty\NUnitTestProject\bin\Debug\netcoreapp3.1\NUnitTestProject.dll" adapterTypeName="executor://nunit3testexecutor/" className="NUnitTestProject.CurrencyHelperTests" name="FormatToStringTest1000(30626.373939456127d,&quot;30626.37 zł&quot;)" />
    </UnitTest>
    <UnitTest name="FormatToStringTest1000(6544.213759255695d,&quot;6544.21 zł&quot;)" storage="c:\projekty\nunittestproject\bin\debug\netcoreapp3.1\nunittestproject.dll" id="942bc263-e8dd-056d-20fc-b03fc0f2fe09">
      <Execution id="243396df-bf8e-46c0-8873-61a1f049bfc8" />
      <TestMethod codeBase="C:\Projekty\NUnitTestProject\bin\Debug\netcoreapp3.1\NUnitTestProject.dll" adapterTypeName="executor://nunit3testexecutor/" className="NUnitTestProject.CurrencyHelperTests" name="FormatToStringTest1000(6544.213759255695d,&quot;6544.21 zł&quot;)" />
    </UnitTest>
    <UnitTest name="FormatToStringTest1000(57436.33241095409d,&quot;57436.33 zł&quot;)" storage="c:\projekty\nunittestproject\bin\debug\netcoreapp3.1\nunittestproject.dll" id="88670780-e590-ffb1-3bdf-7b575a4d5fc5">
      <Execution id="87004832-c328-4e0c-985a-f709bfaf229d" />
      <TestMethod codeBase="C:\Projekty\NUnitTestProject\bin\Debug\netcoreapp3.1\NUnitTestProject.dll" adapterTypeName="executor://nunit3testexecutor/" className="NUnitTestProject.CurrencyHelperTests" name="FormatToStringTest1000(57436.33241095409d,&quot;57436.33 zł&quot;)" />
    </UnitTest>
    <UnitTest name="FormatToStringTest1000(4121.116360678857d,&quot;4121.12 zł&quot;)" storage="c:\projekty\nunittestproject\bin\debug\netcoreapp3.1\nunittestproject.dll" id="a6e465ee-f568-61da-4158-e730cb849679">
      <Execution id="6918f5ef-0a87-4793-a8c7-a114d7758a0b" />
      <TestMethod codeBase="C:\Projekty\NUnitTestProject\bin\Debug\netcoreapp3.1\NUnitTestProject.dll" adapterTypeName="executor://nunit3testexecutor/" className="NUnitTestProject.CurrencyHelperTests" name="FormatToStringTest1000(4121.116360678857d,&quot;4121.12 zł&quot;)" />
    </UnitTest>
    <UnitTest name="FormatToStringTest1000(40556.73452524362d,&quot;40556.73 zł&quot;)" storage="c:\projekty\nunittestproject\bin\debug\netcoreapp3.1\nunittestproject.dll" id="b286589b-6f00-2211-0fe0-b6cf97d63d0a">
      <Execution id="38ff418e-2ff3-401c-969e-6a43db1def88" />
      <TestMethod codeBase="C:\Projekty\NUnitTestProject\bin\Debug\netcoreapp3.1\NUnitTestProject.dll" adapterTypeName="executor://nunit3testexecutor/" className="NUnitTestProject.CurrencyHelperTests" name="FormatToStringTest1000(40556.73452524362d,&quot;40556.73 zł&quot;)" />
    </UnitTest>
    <UnitTest name="FormatToStringTest1000(44930.92203801075d,&quot;44930.92 zł&quot;)" storage="c:\projekty\nunittestproject\bin\debug\netcoreapp3.1\nunittestproject.dll" id="49c672b6-6d9d-50cd-ab6b-d47ad2b2d00c">
      <Execution id="12f21144-ab2c-451f-bf9d-93ff819c878a" />
      <TestMethod codeBase="C:\Projekty\NUnitTestProject\bin\Debug\netcoreapp3.1\NUnitTestProject.dll" adapterTypeName="executor://nunit3testexecutor/" className="NUnitTestProject.CurrencyHelperTests" name="FormatToStringTest1000(44930.92203801075d,&quot;44930.92 zł&quot;)" />
    </UnitTest>
    <UnitTest name="FormatToStringTest1000(25908.345463821825d,&quot;25908.35 zł&quot;)" storage="c:\projekty\nunittestproject\bin\debug\netcoreapp3.1\nunittestproject.dll" id="49538287-c6a8-9cce-5150-35176d68e7fe">
      <Execution id="f81034b5-c3a9-4d9e-a1ef-640b28469279" />
      <TestMethod codeBase="C:\Projekty\NUnitTestProject\bin\Debug\netcoreapp3.1\NUnitTestProject.dll" adapterTypeName="executor://nunit3testexecutor/" className="NUnitTestProject.CurrencyHelperTests" name="FormatToStringTest1000(25908.345463821825d,&quot;25908.35 zł&quot;)" />
    </UnitTest>
    <UnitTest name="FormatToStringTest1000(59919.71489415491d,&quot;59919.71 zł&quot;)" storage="c:\projekty\nunittestproject\bin\debug\netcoreapp3.1\nunittestproject.dll" id="eef249b6-8ce5-ce2e-1d6e-3786477a589e">
      <Execution id="4f93e345-1d72-4392-bcd0-793295dfd315" />
      <TestMethod codeBase="C:\Projekty\NUnitTestProject\bin\Debug\netcoreapp3.1\NUnitTestProject.dll" adapterTypeName="executor://nunit3testexecutor/" className="NUnitTestProject.CurrencyHelperTests" name="FormatToStringTest1000(59919.71489415491d,&quot;59919.71 zł&quot;)" />
    </UnitTest>
    <UnitTest name="FormatToStringTest1000(37114.901517336206d,&quot;37114.90 zł&quot;)" storage="c:\projekty\nunittestproject\bin\debug\netcoreapp3.1\nunittestproject.dll" id="becea41b-b5f7-1be9-14b7-7b47b08d6269">
      <Execution id="6d174b52-b3ef-4bc8-bbda-86c9a34c4723" />
      <TestMethod codeBase="C:\Projekty\NUnitTestProject\bin\Debug\netcoreapp3.1\NUnitTestProject.dll" adapterTypeName="executor://nunit3testexecutor/" className="NUnitTestProject.CurrencyHelperTests" name="FormatToStringTest1000(37114.901517336206d,&quot;37114.90 zł&quot;)" />
    </UnitTest>
    <UnitTest name="FormatToStringTest1000(5287.3103648714305d,&quot;5287.31 zł&quot;)" storage="c:\projekty\nunittestproject\bin\debug\netcoreapp3.1\nunittestproject.dll" id="279ea0a2-a194-3b23-c2df-f3b9caefacb9">
      <Execution id="3ac84daa-2e61-44ae-8925-2a52aafeeb64" />
      <TestMethod codeBase="C:\Projekty\NUnitTestProject\bin\Debug\netcoreapp3.1\NUnitTestProject.dll" adapterTypeName="executor://nunit3testexecutor/" className="NUnitTestProject.CurrencyHelperTests" name="FormatToStringTest1000(5287.3103648714305d,&quot;5287.31 zł&quot;)" />
    </UnitTest>
    <UnitTest name="FormatToStringTest1000(28306.369434126827d,&quot;28306.37 zł&quot;)" storage="c:\projekty\nunittestproject\bin\debug\netcoreapp3.1\nunittestproject.dll" id="1e0703fd-8132-d66f-f52d-f2f5d027c1d8">
      <Execution id="f31858c1-ab5f-4f5a-a63a-6b225415fdee" />
      <TestMethod codeBase="C:\Projekty\NUnitTestProject\bin\Debug\netcoreapp3.1\NUnitTestProject.dll" adapterTypeName="executor://nunit3testexecutor/" className="NUnitTestProject.CurrencyHelperTests" name="FormatToStringTest1000(28306.369434126827d,&quot;28306.37 zł&quot;)" />
    </UnitTest>
    <UnitTest name="FormatToStringTest1000(25272.05048361283d,&quot;25272.05 zł&quot;)" storage="c:\projekty\nunittestproject\bin\debug\netcoreapp3.1\nunittestproject.dll" id="fd4f7d41-f937-f359-41b7-f6b589c2bdd7">
      <Execution id="46c266c5-23f2-4b27-ba7c-01bdbdebf455" />
      <TestMethod codeBase="C:\Projekty\NUnitTestProject\bin\Debug\netcoreapp3.1\NUnitTestProject.dll" adapterTypeName="executor://nunit3testexecutor/" className="NUnitTestProject.CurrencyHelperTests" name="FormatToStringTest1000(25272.05048361283d,&quot;25272.05 zł&quot;)" />
    </UnitTest>
    <UnitTest name="FormatToStringTest1000(34242.181005260056d,&quot;34242.18 zł&quot;)" storage="c:\projekty\nunittestproject\bin\debug\netcoreapp3.1\nunittestproject.dll" id="32010eb0-88b3-7f9e-a459-fb524fc932d7">
      <Execution id="00b7c627-6712-411c-98e8-4f723e3b4bc0" />
      <TestMethod codeBase="C:\Projekty\NUnitTestProject\bin\Debug\netcoreapp3.1\NUnitTestProject.dll" adapterTypeName="executor://nunit3testexecutor/" className="NUnitTestProject.CurrencyHelperTests" name="FormatToStringTest1000(34242.181005260056d,&quot;34242.18 zł&quot;)" />
    </UnitTest>
    <UnitTest name="FormatToStringTest1000(66723.3293191657d,&quot;66723.33 zł&quot;)" storage="c:\projekty\nunittestproject\bin\debug\netcoreapp3.1\nunittestproject.dll" id="7e68fea7-1e52-0c32-44b4-1e38c3c836bc">
      <Execution id="f789563f-f0fa-4d70-b692-e50bae2cc4a6" />
      <TestMethod codeBase="C:\Projekty\NUnitTestProject\bin\Debug\netcoreapp3.1\NUnitTestProject.dll" adapterTypeName="executor://nunit3testexecutor/" className="NUnitTestProject.CurrencyHelperTests" name="FormatToStringTest1000(66723.3293191657d,&quot;66723.33 zł&quot;)" />
    </UnitTest>
    <UnitTest name="FormatToStringTest1000(9097.395563790293d,&quot;9097.40 zł&quot;)" storage="c:\projekty\nunittestproject\bin\debug\netcoreapp3.1\nunittestproject.dll" id="cbe18909-6635-9aa1-a38f-17a524fe9aa1">
      <Execution id="a634730a-3fab-4176-9663-aa24cbd2b7e2" />
      <TestMethod codeBase="C:\Projekty\NUnitTestProject\bin\Debug\netcoreapp3.1\NUnitTestProject.dll" adapterTypeName="executor://nunit3testexecutor/" className="NUnitTestProject.CurrencyHelperTests" name="FormatToStringTest1000(9097.395563790293d,&quot;9097.40 zł&quot;)" />
    </UnitTest>
    <UnitTest name="FormatToStringTest1000(10268.547802396373d,&quot;10268.55 zł&quot;)" storage="c:\projekty\nunittestproject\bin\debug\netcoreapp3.1\nunittestproject.dll" id="8b6f3338-cce8-0079-b821-3f92e6c60eee">
      <Execution id="34d83fcc-5364-418b-abbc-cd50b014a9ad" />
      <TestMethod codeBase="C:\Projekty\NUnitTestProject\bin\Debug\netcoreapp3.1\NUnitTestProject.dll" adapterTypeName="executor://nunit3testexecutor/" className="NUnitTestProject.CurrencyHelperTests" name="FormatToStringTest1000(10268.547802396373d,&quot;10268.55 zł&quot;)" />
    </UnitTest>
    <UnitTest name="FormatToStringTest1000(30138.55109863102d,&quot;30138.55 zł&quot;)" storage="c:\projekty\nunittestproject\bin\debug\netcoreapp3.1\nunittestproject.dll" id="979c090f-8c86-d264-67f3-13520744166b">
      <Execution id="94ee8a1f-6dfc-43a4-9719-f96eb18b1b43" />
      <TestMethod codeBase="C:\Projekty\NUnitTestProject\bin\Debug\netcoreapp3.1\NUnitTestProject.dll" adapterTypeName="executor://nunit3testexecutor/" className="NUnitTestProject.CurrencyHelperTests" name="FormatToStringTest1000(30138.55109863102d,&quot;30138.55 zł&quot;)" />
    </UnitTest>
    <UnitTest name="FormatToStringTest1000(17988.455793307843d,&quot;17988.46 zł&quot;)" storage="c:\projekty\nunittestproject\bin\debug\netcoreapp3.1\nunittestproject.dll" id="28c068cc-4f93-bf31-670a-7f0717946001">
      <Execution id="e73f061b-939f-4026-bd1b-440bd4c4dc3f" />
      <TestMethod codeBase="C:\Projekty\NUnitTestProject\bin\Debug\netcoreapp3.1\NUnitTestProject.dll" adapterTypeName="executor://nunit3testexecutor/" className="NUnitTestProject.CurrencyHelperTests" name="FormatToStringTest1000(17988.455793307843d,&quot;17988.46 zł&quot;)" />
    </UnitTest>
    <UnitTest name="FormatToStringTest1000(5810.695934967462d,&quot;5810.70 zł&quot;)" storage="c:\projekty\nunittestproject\bin\debug\netcoreapp3.1\nunittestproject.dll" id="21fecb6a-616e-e0ca-06e2-949826e6d9fe">
      <Execution id="999a8966-9073-4c5a-b50f-d2fbf9f93930" />
      <TestMethod codeBase="C:\Projekty\NUnitTestProject\bin\Debug\netcoreapp3.1\NUnitTestProject.dll" adapterTypeName="executor://nunit3testexecutor/" className="NUnitTestProject.CurrencyHelperTests" name="FormatToStringTest1000(5810.695934967462d,&quot;5810.70 zł&quot;)" />
    </UnitTest>
    <UnitTest name="FormatToStringTest1000(5317.9582678023535d,&quot;5317.96 zł&quot;)" storage="c:\projekty\nunittestproject\bin\debug\netcoreapp3.1\nunittestproject.dll" id="b7c8b8f4-3f53-7b79-a3fb-65f51c557883">
      <Execution id="c0444632-2d24-4b7f-a8f0-899af5dc9553" />
      <TestMethod codeBase="C:\Projekty\NUnitTestProject\bin\Debug\netcoreapp3.1\NUnitTestProject.dll" adapterTypeName="executor://nunit3testexecutor/" className="NUnitTestProject.CurrencyHelperTests" name="FormatToStringTest1000(5317.9582678023535d,&quot;5317.96 zł&quot;)" />
    </UnitTest>
    <UnitTest name="FormatToStringTest1000(1568.615240217473d,&quot;1568.62 zł&quot;)" storage="c:\projekty\nunittestproject\bin\debug\netcoreapp3.1\nunittestproject.dll" id="85799221-0b36-0e4a-ef29-ad83f50e6bbd">
      <Execution id="2e4179b6-ff88-4800-a8b5-1e4bdc0f7f83" />
      <TestMethod codeBase="C:\Projekty\NUnitTestProject\bin\Debug\netcoreapp3.1\NUnitTestProject.dll" adapterTypeName="executor://nunit3testexecutor/" className="NUnitTestProject.CurrencyHelperTests" name="FormatToStringTest1000(1568.615240217473d,&quot;1568.62 zł&quot;)" />
    </UnitTest>
    <UnitTest name="FormatToStringTest1000(31622.81414407809d,&quot;31622.81 zł&quot;)" storage="c:\projekty\nunittestproject\bin\debug\netcoreapp3.1\nunittestproject.dll" id="837f3b30-3aeb-50a8-d532-f419df9834ba">
      <Execution id="2373289a-d734-436d-9668-4a03c76d882e" />
      <TestMethod codeBase="C:\Projekty\NUnitTestProject\bin\Debug\netcoreapp3.1\NUnitTestProject.dll" adapterTypeName="executor://nunit3testexecutor/" className="NUnitTestProject.CurrencyHelperTests" name="FormatToStringTest1000(31622.81414407809d,&quot;31622.81 zł&quot;)" />
    </UnitTest>
    <UnitTest name="FormatToStringTest1000(88584.97010041306d,&quot;88584.97 zł&quot;)" storage="c:\projekty\nunittestproject\bin\debug\netcoreapp3.1\nunittestproject.dll" id="acc05f4a-9abc-39e3-e875-400f69bcea41">
      <Execution id="75f6f329-2c99-41a2-ba66-bf27da57b0ff" />
      <TestMethod codeBase="C:\Projekty\NUnitTestProject\bin\Debug\netcoreapp3.1\NUnitTestProject.dll" adapterTypeName="executor://nunit3testexecutor/" className="NUnitTestProject.CurrencyHelperTests" name="FormatToStringTest1000(88584.97010041306d,&quot;88584.97 zł&quot;)" />
    </UnitTest>
    <UnitTest name="FormatToStringTest1000(7951.322730072458d,&quot;7951.32 zł&quot;)" storage="c:\projekty\nunittestproject\bin\debug\netcoreapp3.1\nunittestproject.dll" id="92fd78dd-20f7-b708-0603-1911a96c9737">
      <Execution id="e47e36ab-8042-4407-8ceb-20e9e56be4b3" />
      <TestMethod codeBase="C:\Projekty\NUnitTestProject\bin\Debug\netcoreapp3.1\NUnitTestProject.dll" adapterTypeName="executor://nunit3testexecutor/" className="NUnitTestProject.CurrencyHelperTests" name="FormatToStringTest1000(7951.322730072458d,&quot;7951.32 zł&quot;)" />
    </UnitTest>
    <UnitTest name="FormatToStringTest1000(69864.17463991146d,&quot;69864.17 zł&quot;)" storage="c:\projekty\nunittestproject\bin\debug\netcoreapp3.1\nunittestproject.dll" id="f7f48920-cf43-fd74-5fcd-5b275d41553a">
      <Execution id="58e1646a-2fc6-4b45-a1b1-421de4e12241" />
      <TestMethod codeBase="C:\Projekty\NUnitTestProject\bin\Debug\netcoreapp3.1\NUnitTestProject.dll" adapterTypeName="executor://nunit3testexecutor/" className="NUnitTestProject.CurrencyHelperTests" name="FormatToStringTest1000(69864.17463991146d,&quot;69864.17 zł&quot;)" />
    </UnitTest>
    <UnitTest name="FormatToStringTest1000(3092.9215945624383d,&quot;3092.92 zł&quot;)" storage="c:\projekty\nunittestproject\bin\debug\netcoreapp3.1\nunittestproject.dll" id="45d434bd-96d2-7ca0-c594-4cf5e3f89416">
      <Execution id="757e36b3-d22e-4c02-b929-5afc893a7c39" />
      <TestMethod codeBase="C:\Projekty\NUnitTestProject\bin\Debug\netcoreapp3.1\NUnitTestProject.dll" adapterTypeName="executor://nunit3testexecutor/" className="NUnitTestProject.CurrencyHelperTests" name="FormatToStringTest1000(3092.9215945624383d,&quot;3092.92 zł&quot;)" />
    </UnitTest>
    <UnitTest name="FormatToStringTest1000(30020.248557890412d,&quot;30020.25 zł&quot;)" storage="c:\projekty\nunittestproject\bin\debug\netcoreapp3.1\nunittestproject.dll" id="94726e39-ff6c-190e-418c-075986e08585">
      <Execution id="9eeea214-13f0-42f7-aa4a-df687a89db8d" />
      <TestMethod codeBase="C:\Projekty\NUnitTestProject\bin\Debug\netcoreapp3.1\NUnitTestProject.dll" adapterTypeName="executor://nunit3testexecutor/" className="NUnitTestProject.CurrencyHelperTests" name="FormatToStringTest1000(30020.248557890412d,&quot;30020.25 zł&quot;)" />
    </UnitTest>
    <UnitTest name="FormatToStringTest1000(5507.360659962688d,&quot;5507.36 zł&quot;)" storage="c:\projekty\nunittestproject\bin\debug\netcoreapp3.1\nunittestproject.dll" id="08b0137c-0bdc-e87f-be30-d8edbdf991c1">
      <Execution id="244afc0c-9017-4671-a9e9-6786704c8013" />
      <TestMethod codeBase="C:\Projekty\NUnitTestProject\bin\Debug\netcoreapp3.1\NUnitTestProject.dll" adapterTypeName="executor://nunit3testexecutor/" className="NUnitTestProject.CurrencyHelperTests" name="FormatToStringTest1000(5507.360659962688d,&quot;5507.36 zł&quot;)" />
    </UnitTest>
    <UnitTest name="FormatToStringTest1000(7621.507806692509d,&quot;7621.51 zł&quot;)" storage="c:\projekty\nunittestproject\bin\debug\netcoreapp3.1\nunittestproject.dll" id="1ead85ed-9e84-e345-248b-37b2bb2fd57c">
      <Execution id="bf6ab2cc-2350-4448-a73e-7d67066bed13" />
      <TestMethod codeBase="C:\Projekty\NUnitTestProject\bin\Debug\netcoreapp3.1\NUnitTestProject.dll" adapterTypeName="executor://nunit3testexecutor/" className="NUnitTestProject.CurrencyHelperTests" name="FormatToStringTest1000(7621.507806692509d,&quot;7621.51 zł&quot;)" />
    </UnitTest>
    <UnitTest name="FormatToStringTest1000(3477.860963622509d,&quot;3477.86 zł&quot;)" storage="c:\projekty\nunittestproject\bin\debug\netcoreapp3.1\nunittestproject.dll" id="bbce4fa8-10c7-16ce-b8b0-bbab48797f43">
      <Execution id="d1257f2d-519d-4ead-9231-9a2691b750df" />
      <TestMethod codeBase="C:\Projekty\NUnitTestProject\bin\Debug\netcoreapp3.1\NUnitTestProject.dll" adapterTypeName="executor://nunit3testexecutor/" className="NUnitTestProject.CurrencyHelperTests" name="FormatToStringTest1000(3477.860963622509d,&quot;3477.86 zł&quot;)" />
    </UnitTest>
    <UnitTest name="FormatToStringTest1000(1739.5853778997368d,&quot;1739.59 zł&quot;)" storage="c:\projekty\nunittestproject\bin\debug\netcoreapp3.1\nunittestproject.dll" id="4b28edc9-10aa-dd25-05d6-efbec430bd7a">
      <Execution id="112a3168-b91e-4d43-8184-4fbbdc275add" />
      <TestMethod codeBase="C:\Projekty\NUnitTestProject\bin\Debug\netcoreapp3.1\NUnitTestProject.dll" adapterTypeName="executor://nunit3testexecutor/" className="NUnitTestProject.CurrencyHelperTests" name="FormatToStringTest1000(1739.5853778997368d,&quot;1739.59 zł&quot;)" />
    </UnitTest>
    <UnitTest name="FormatToStringTest1000(4419.750844657306d,&quot;4419.75 zł&quot;)" storage="c:\projekty\nunittestproject\bin\debug\netcoreapp3.1\nunittestproject.dll" id="d2fc2ae7-e3b1-dc92-6628-90e5bb16c5d2">
      <Execution id="b929a614-14ae-46d8-9564-3c95d2971b4d" />
      <TestMethod codeBase="C:\Projekty\NUnitTestProject\bin\Debug\netcoreapp3.1\NUnitTestProject.dll" adapterTypeName="executor://nunit3testexecutor/" className="NUnitTestProject.CurrencyHelperTests" name="FormatToStringTest1000(4419.750844657306d,&quot;4419.75 zł&quot;)" />
    </UnitTest>
    <UnitTest name="FormatToStringTest1000(181.3640542483721d,&quot;181.36 zł&quot;)" storage="c:\projekty\nunittestproject\bin\debug\netcoreapp3.1\nunittestproject.dll" id="b27808d6-4355-5292-3153-64fb93821ea0">
      <Execution id="e1d77f3b-1d33-4b39-8bc2-04f0dc828e27" />
      <TestMethod codeBase="C:\Projekty\NUnitTestProject\bin\Debug\netcoreapp3.1\NUnitTestProject.dll" adapterTypeName="executor://nunit3testexecutor/" className="NUnitTestProject.CurrencyHelperTests" name="FormatToStringTest1000(181.3640542483721d,&quot;181.36 zł&quot;)" />
    </UnitTest>
    <UnitTest name="FormatToStringTest1000(272.5621069118204d,&quot;272.56 zł&quot;)" storage="c:\projekty\nunittestproject\bin\debug\netcoreapp3.1\nunittestproject.dll" id="04969f67-b379-916a-3275-e53bd0718ea4">
      <Execution id="3fb9734c-f352-4178-a61f-defbece30d1e" />
      <TestMethod codeBase="C:\Projekty\NUnitTestProject\bin\Debug\netcoreapp3.1\NUnitTestProject.dll" adapterTypeName="executor://nunit3testexecutor/" className="NUnitTestProject.CurrencyHelperTests" name="FormatToStringTest1000(272.5621069118204d,&quot;272.56 zł&quot;)" />
    </UnitTest>
    <UnitTest name="FormatToStringTest1000(30533.30031120838d,&quot;30533.30 zł&quot;)" storage="c:\projekty\nunittestproject\bin\debug\netcoreapp3.1\nunittestproject.dll" id="c6aaa130-65a2-a877-78a2-df837cd09244">
      <Execution id="2e85f8c7-3bf4-4932-88d3-09acffe26419" />
      <TestMethod codeBase="C:\Projekty\NUnitTestProject\bin\Debug\netcoreapp3.1\NUnitTestProject.dll" adapterTypeName="executor://nunit3testexecutor/" className="NUnitTestProject.CurrencyHelperTests" name="FormatToStringTest1000(30533.30031120838d,&quot;30533.30 zł&quot;)" />
    </UnitTest>
    <UnitTest name="FormatToStringTest1000(317.9090540706688d,&quot;317.91 zł&quot;)" storage="c:\projekty\nunittestproject\bin\debug\netcoreapp3.1\nunittestproject.dll" id="a4b13a66-9eee-466b-b0fc-fbf88e46d5b1">
      <Execution id="3915904c-9d90-401a-8eac-ca533a1012e5" />
      <TestMethod codeBase="C:\Projekty\NUnitTestProject\bin\Debug\netcoreapp3.1\NUnitTestProject.dll" adapterTypeName="executor://nunit3testexecutor/" className="NUnitTestProject.CurrencyHelperTests" name="FormatToStringTest1000(317.9090540706688d,&quot;317.91 zł&quot;)" />
    </UnitTest>
    <UnitTest name="FormatToStringTest1000(63291.50274994015d,&quot;63291.50 zł&quot;)" storage="c:\projekty\nunittestproject\bin\debug\netcoreapp3.1\nunittestproject.dll" id="491de118-700b-88eb-ac68-d71ffdabe000">
      <Execution id="13e3e300-b53b-4dbb-a88b-5464140cf63f" />
      <TestMethod codeBase="C:\Projekty\NUnitTestProject\bin\Debug\netcoreapp3.1\NUnitTestProject.dll" adapterTypeName="executor://nunit3testexecutor/" className="NUnitTestProject.CurrencyHelperTests" name="FormatToStringTest1000(63291.50274994015d,&quot;63291.50 zł&quot;)" />
    </UnitTest>
    <UnitTest name="FormatToStringTest1000(2346.9964869427477d,&quot;2347.00 zł&quot;)" storage="c:\projekty\nunittestproject\bin\debug\netcoreapp3.1\nunittestproject.dll" id="c54c0d26-3d52-7638-d0ec-e651814ad808">
      <Execution id="380fc8a6-e501-45ff-9380-a1c2f5fd4608" />
      <TestMethod codeBase="C:\Projekty\NUnitTestProject\bin\Debug\netcoreapp3.1\NUnitTestProject.dll" adapterTypeName="executor://nunit3testexecutor/" className="NUnitTestProject.CurrencyHelperTests" name="FormatToStringTest1000(2346.9964869427477d,&quot;2347.00 zł&quot;)" />
    </UnitTest>
    <UnitTest name="FormatToStringTest1000(66053.95451852398d,&quot;66053.95 zł&quot;)" storage="c:\projekty\nunittestproject\bin\debug\netcoreapp3.1\nunittestproject.dll" id="451dabd5-e4bb-ea9d-054e-87b0f58becfa">
      <Execution id="66eebdbc-84af-434e-9852-b1b0e0c7faf8" />
      <TestMethod codeBase="C:\Projekty\NUnitTestProject\bin\Debug\netcoreapp3.1\NUnitTestProject.dll" adapterTypeName="executor://nunit3testexecutor/" className="NUnitTestProject.CurrencyHelperTests" name="FormatToStringTest1000(66053.95451852398d,&quot;66053.95 zł&quot;)" />
    </UnitTest>
    <UnitTest name="FormatToStringTest1000(748.6264857065987d,&quot;748.63 zł&quot;)" storage="c:\projekty\nunittestproject\bin\debug\netcoreapp3.1\nunittestproject.dll" id="1ea77442-f3cd-edae-4255-8405196cf08f">
      <Execution id="f43e62c3-3301-44e8-a03f-f529ccdf21f6" />
      <TestMethod codeBase="C:\Projekty\NUnitTestProject\bin\Debug\netcoreapp3.1\NUnitTestProject.dll" adapterTypeName="executor://nunit3testexecutor/" className="NUnitTestProject.CurrencyHelperTests" name="FormatToStringTest1000(748.6264857065987d,&quot;748.63 zł&quot;)" />
    </UnitTest>
    <UnitTest name="FormatToStringTest1000(29796.909338079815d,&quot;29796.91 zł&quot;)" storage="c:\projekty\nunittestproject\bin\debug\netcoreapp3.1\nunittestproject.dll" id="45e81eff-7762-2319-5d11-e20e90ac1295">
      <Execution id="75ce669e-29f3-46d6-8138-a4c4b9e00c71" />
      <TestMethod codeBase="C:\Projekty\NUnitTestProject\bin\Debug\netcoreapp3.1\NUnitTestProject.dll" adapterTypeName="executor://nunit3testexecutor/" className="NUnitTestProject.CurrencyHelperTests" name="FormatToStringTest1000(29796.909338079815d,&quot;29796.91 zł&quot;)" />
    </UnitTest>
    <UnitTest name="FormatToStringTest1000(20445.11280083149d,&quot;20445.11 zł&quot;)" storage="c:\projekty\nunittestproject\bin\debug\netcoreapp3.1\nunittestproject.dll" id="58ed8150-ee65-8df8-a854-bba06457b4da">
      <Execution id="6adf5489-753b-4e00-9c75-f71bccf73b42" />
      <TestMethod codeBase="C:\Projekty\NUnitTestProject\bin\Debug\netcoreapp3.1\NUnitTestProject.dll" adapterTypeName="executor://nunit3testexecutor/" className="NUnitTestProject.CurrencyHelperTests" name="FormatToStringTest1000(20445.11280083149d,&quot;20445.11 zł&quot;)" />
    </UnitTest>
    <UnitTest name="FormatToStringTest1000(33601.357302459124d,&quot;33601.36 zł&quot;)" storage="c:\projekty\nunittestproject\bin\debug\netcoreapp3.1\nunittestproject.dll" id="4981a909-3e1a-e6df-4bdc-c1e8e4928845">
      <Execution id="17bea07b-8a32-4971-92e1-a563bc36ebe4" />
      <TestMethod codeBase="C:\Projekty\NUnitTestProject\bin\Debug\netcoreapp3.1\NUnitTestProject.dll" adapterTypeName="executor://nunit3testexecutor/" className="NUnitTestProject.CurrencyHelperTests" name="FormatToStringTest1000(33601.357302459124d,&quot;33601.36 zł&quot;)" />
    </UnitTest>
    <UnitTest name="FormatToStringTest1000(17098.491445727876d,&quot;17098.49 zł&quot;)" storage="c:\projekty\nunittestproject\bin\debug\netcoreapp3.1\nunittestproject.dll" id="a3cd1e56-7e87-cbfe-4696-2cfc61bd79f6">
      <Execution id="510bec4f-343f-482c-848f-065324f6275b" />
      <TestMethod codeBase="C:\Projekty\NUnitTestProject\bin\Debug\netcoreapp3.1\NUnitTestProject.dll" adapterTypeName="executor://nunit3testexecutor/" className="NUnitTestProject.CurrencyHelperTests" name="FormatToStringTest1000(17098.491445727876d,&quot;17098.49 zł&quot;)" />
    </UnitTest>
    <UnitTest name="FormatToStringTest1000(4669.392596858271d,&quot;4669.39 zł&quot;)" storage="c:\projekty\nunittestproject\bin\debug\netcoreapp3.1\nunittestproject.dll" id="deeaa6b3-3ff5-0109-60b8-733b4bfcf2d5">
      <Execution id="27cca390-6641-4ef2-92f0-163686a470f3" />
      <TestMethod codeBase="C:\Projekty\NUnitTestProject\bin\Debug\netcoreapp3.1\NUnitTestProject.dll" adapterTypeName="executor://nunit3testexecutor/" className="NUnitTestProject.CurrencyHelperTests" name="FormatToStringTest1000(4669.392596858271d,&quot;4669.39 zł&quot;)" />
    </UnitTest>
    <UnitTest name="FormatToStringTest1000(29474.095826699442d,&quot;29474.10 zł&quot;)" storage="c:\projekty\nunittestproject\bin\debug\netcoreapp3.1\nunittestproject.dll" id="8d93f248-c3e9-e97f-b3e2-6491b331020f">
      <Execution id="6d1a212e-0591-4934-8873-8be58b4ca788" />
      <TestMethod codeBase="C:\Projekty\NUnitTestProject\bin\Debug\netcoreapp3.1\NUnitTestProject.dll" adapterTypeName="executor://nunit3testexecutor/" className="NUnitTestProject.CurrencyHelperTests" name="FormatToStringTest1000(29474.095826699442d,&quot;29474.10 zł&quot;)" />
    </UnitTest>
    <UnitTest name="FormatToStringTest1000(658.7555888573431d,&quot;658.76 zł&quot;)" storage="c:\projekty\nunittestproject\bin\debug\netcoreapp3.1\nunittestproject.dll" id="ddd788b7-fa29-d0c9-c87b-c6974b37dc7d">
      <Execution id="51ecaa69-8040-4191-9c2c-d23922aaf82d" />
      <TestMethod codeBase="C:\Projekty\NUnitTestProject\bin\Debug\netcoreapp3.1\NUnitTestProject.dll" adapterTypeName="executor://nunit3testexecutor/" className="NUnitTestProject.CurrencyHelperTests" name="FormatToStringTest1000(658.7555888573431d,&quot;658.76 zł&quot;)" />
    </UnitTest>
    <UnitTest name="FormatToStringTest1000(12641.700665183225d,&quot;12641.70 zł&quot;)" storage="c:\projekty\nunittestproject\bin\debug\netcoreapp3.1\nunittestproject.dll" id="942f2440-35ec-8291-0e34-266a90087e97">
      <Execution id="2ee89668-f942-42a6-950f-b97c26e7c409" />
      <TestMethod codeBase="C:\Projekty\NUnitTestProject\bin\Debug\netcoreapp3.1\NUnitTestProject.dll" adapterTypeName="executor://nunit3testexecutor/" className="NUnitTestProject.CurrencyHelperTests" name="FormatToStringTest1000(12641.700665183225d,&quot;12641.70 zł&quot;)" />
    </UnitTest>
    <UnitTest name="FormatToStringTest1000(11584.045280779732d,&quot;11584.05 zł&quot;)" storage="c:\projekty\nunittestproject\bin\debug\netcoreapp3.1\nunittestproject.dll" id="b8f799c6-5cbe-3da8-b8f8-1ee56d7fcf02">
      <Execution id="6e179345-e9f5-4a67-b48c-30f7ae36f16d" />
      <TestMethod codeBase="C:\Projekty\NUnitTestProject\bin\Debug\netcoreapp3.1\NUnitTestProject.dll" adapterTypeName="executor://nunit3testexecutor/" className="NUnitTestProject.CurrencyHelperTests" name="FormatToStringTest1000(11584.045280779732d,&quot;11584.05 zł&quot;)" />
    </UnitTest>
    <UnitTest name="FormatToStringTest1000(48084.94422955389d,&quot;48084.94 zł&quot;)" storage="c:\projekty\nunittestproject\bin\debug\netcoreapp3.1\nunittestproject.dll" id="91285e79-b6fd-7585-384e-bbf4da4c2bcd">
      <Execution id="07b5c41f-604e-408e-8342-79a5aab15dfe" />
      <TestMethod codeBase="C:\Projekty\NUnitTestProject\bin\Debug\netcoreapp3.1\NUnitTestProject.dll" adapterTypeName="executor://nunit3testexecutor/" className="NUnitTestProject.CurrencyHelperTests" name="FormatToStringTest1000(48084.94422955389d,&quot;48084.94 zł&quot;)" />
    </UnitTest>
    <UnitTest name="FormatToStringTest1000(38253.101637909705d,&quot;38253.10 zł&quot;)" storage="c:\projekty\nunittestproject\bin\debug\netcoreapp3.1\nunittestproject.dll" id="e38d99c7-c0fe-6520-2d4e-c3d7dce714b0">
      <Execution id="8c4ce7ed-4436-4b4a-8c37-c7af6affafa2" />
      <TestMethod codeBase="C:\Projekty\NUnitTestProject\bin\Debug\netcoreapp3.1\NUnitTestProject.dll" adapterTypeName="executor://nunit3testexecutor/" className="NUnitTestProject.CurrencyHelperTests" name="FormatToStringTest1000(38253.101637909705d,&quot;38253.10 zł&quot;)" />
    </UnitTest>
    <UnitTest name="FormatToStringTest1000(17315.72309779363d,&quot;17315.72 zł&quot;)" storage="c:\projekty\nunittestproject\bin\debug\netcoreapp3.1\nunittestproject.dll" id="3303c520-a64a-555f-afb5-ac27a0847525">
      <Execution id="816fcc79-9011-4544-90aa-3989d4130940" />
      <TestMethod codeBase="C:\Projekty\NUnitTestProject\bin\Debug\netcoreapp3.1\NUnitTestProject.dll" adapterTypeName="executor://nunit3testexecutor/" className="NUnitTestProject.CurrencyHelperTests" name="FormatToStringTest1000(17315.72309779363d,&quot;17315.72 zł&quot;)" />
    </UnitTest>
    <UnitTest name="FormatToStringTest1000(77904.0088552246d,&quot;77904.01 zł&quot;)" storage="c:\projekty\nunittestproject\bin\debug\netcoreapp3.1\nunittestproject.dll" id="333dd064-5f53-dea9-59e8-b7071262f9e7">
      <Execution id="bf920157-9305-4694-9330-31ef5871f431" />
      <TestMethod codeBase="C:\Projekty\NUnitTestProject\bin\Debug\netcoreapp3.1\NUnitTestProject.dll" adapterTypeName="executor://nunit3testexecutor/" className="NUnitTestProject.CurrencyHelperTests" name="FormatToStringTest1000(77904.0088552246d,&quot;77904.01 zł&quot;)" />
    </UnitTest>
    <UnitTest name="FormatToStringTest1000(15080.274618567097d,&quot;15080.27 zł&quot;)" storage="c:\projekty\nunittestproject\bin\debug\netcoreapp3.1\nunittestproject.dll" id="45b47e45-8abc-9102-029a-0eb6ca1d5e58">
      <Execution id="a4259ffb-e861-4185-8729-563c14fb93d0" />
      <TestMethod codeBase="C:\Projekty\NUnitTestProject\bin\Debug\netcoreapp3.1\NUnitTestProject.dll" adapterTypeName="executor://nunit3testexecutor/" className="NUnitTestProject.CurrencyHelperTests" name="FormatToStringTest1000(15080.274618567097d,&quot;15080.27 zł&quot;)" />
    </UnitTest>
    <UnitTest name="FormatToStringTest1000(6417.5922460628635d,&quot;6417.59 zł&quot;)" storage="c:\projekty\nunittestproject\bin\debug\netcoreapp3.1\nunittestproject.dll" id="8237afc1-9210-54d8-45bd-84bf26e08f89">
      <Execution id="e7cc3b94-c859-45f7-b064-fc9fc9be0b40" />
      <TestMethod codeBase="C:\Projekty\NUnitTestProject\bin\Debug\netcoreapp3.1\NUnitTestProject.dll" adapterTypeName="executor://nunit3testexecutor/" className="NUnitTestProject.CurrencyHelperTests" name="FormatToStringTest1000(6417.5922460628635d,&quot;6417.59 zł&quot;)" />
    </UnitTest>
    <UnitTest name="FormatToStringTest1000(75915.01943546813d,&quot;75915.02 zł&quot;)" storage="c:\projekty\nunittestproject\bin\debug\netcoreapp3.1\nunittestproject.dll" id="37887ca9-f36b-5081-1e8a-5e4e1fff4e53">
      <Execution id="8458da17-d128-425a-9d7d-1f39661030fb" />
      <TestMethod codeBase="C:\Projekty\NUnitTestProject\bin\Debug\netcoreapp3.1\NUnitTestProject.dll" adapterTypeName="executor://nunit3testexecutor/" className="NUnitTestProject.CurrencyHelperTests" name="FormatToStringTest1000(75915.01943546813d,&quot;75915.02 zł&quot;)" />
    </UnitTest>
    <UnitTest name="FormatToStringTest1000(1613.6903705837626d,&quot;1613.69 zł&quot;)" storage="c:\projekty\nunittestproject\bin\debug\netcoreapp3.1\nunittestproject.dll" id="fecd618d-f97f-f547-1637-5166bd092d76">
      <Execution id="658e1a6a-0492-466e-b8ca-c7c72ddd1d93" />
      <TestMethod codeBase="C:\Projekty\NUnitTestProject\bin\Debug\netcoreapp3.1\NUnitTestProject.dll" adapterTypeName="executor://nunit3testexecutor/" className="NUnitTestProject.CurrencyHelperTests" name="FormatToStringTest1000(1613.6903705837626d,&quot;1613.69 zł&quot;)" />
    </UnitTest>
    <UnitTest name="FormatToStringTest1000(52810.91713865516d,&quot;52810.92 zł&quot;)" storage="c:\projekty\nunittestproject\bin\debug\netcoreapp3.1\nunittestproject.dll" id="b34ac9b1-7b20-291d-6caf-28aeffc4e30f">
      <Execution id="73120c0f-aa5d-42b5-8684-6aa31fc7a662" />
      <TestMethod codeBase="C:\Projekty\NUnitTestProject\bin\Debug\netcoreapp3.1\NUnitTestProject.dll" adapterTypeName="executor://nunit3testexecutor/" className="NUnitTestProject.CurrencyHelperTests" name="FormatToStringTest1000(52810.91713865516d,&quot;52810.92 zł&quot;)" />
    </UnitTest>
    <UnitTest name="FormatToStringTest1000(34458.5406463512d,&quot;34458.54 zł&quot;)" storage="c:\projekty\nunittestproject\bin\debug\netcoreapp3.1\nunittestproject.dll" id="a35c67b3-dcd5-5426-949a-a2a9a2f95735">
      <Execution id="d44d61b0-74d3-4f97-add6-57547c12ef90" />
      <TestMethod codeBase="C:\Projekty\NUnitTestProject\bin\Debug\netcoreapp3.1\NUnitTestProject.dll" adapterTypeName="executor://nunit3testexecutor/" className="NUnitTestProject.CurrencyHelperTests" name="FormatToStringTest1000(34458.5406463512d,&quot;34458.54 zł&quot;)" />
    </UnitTest>
    <UnitTest name="FormatToStringTest1000(823.2747994560166d,&quot;823.27 zł&quot;)" storage="c:\projekty\nunittestproject\bin\debug\netcoreapp3.1\nunittestproject.dll" id="a6878771-c471-f5b9-95dc-467df24cdd5b">
      <Execution id="3e0dc7d1-e636-4498-bace-1cd4e9925723" />
      <TestMethod codeBase="C:\Projekty\NUnitTestProject\bin\Debug\netcoreapp3.1\NUnitTestProject.dll" adapterTypeName="executor://nunit3testexecutor/" className="NUnitTestProject.CurrencyHelperTests" name="FormatToStringTest1000(823.2747994560166d,&quot;823.27 zł&quot;)" />
    </UnitTest>
    <UnitTest name="FormatToStringTest1000(42383.08993972982d,&quot;42383.09 zł&quot;)" storage="c:\projekty\nunittestproject\bin\debug\netcoreapp3.1\nunittestproject.dll" id="6b78f8da-fc12-62dc-9f88-c5e10a98f007">
      <Execution id="47afff53-1e5f-473e-9a63-a54fe13572ed" />
      <TestMethod codeBase="C:\Projekty\NUnitTestProject\bin\Debug\netcoreapp3.1\NUnitTestProject.dll" adapterTypeName="executor://nunit3testexecutor/" className="NUnitTestProject.CurrencyHelperTests" name="FormatToStringTest1000(42383.08993972982d,&quot;42383.09 zł&quot;)" />
    </UnitTest>
    <UnitTest name="FormatToStringTest1000(7890.044272348771d,&quot;7890.04 zł&quot;)" storage="c:\projekty\nunittestproject\bin\debug\netcoreapp3.1\nunittestproject.dll" id="fd8f048e-524e-5d70-1d66-0ffeb121313b">
      <Execution id="883fc9a7-85d8-461a-b96d-5eebc9d93c1f" />
      <TestMethod codeBase="C:\Projekty\NUnitTestProject\bin\Debug\netcoreapp3.1\NUnitTestProject.dll" adapterTypeName="executor://nunit3testexecutor/" className="NUnitTestProject.CurrencyHelperTests" name="FormatToStringTest1000(7890.044272348771d,&quot;7890.04 zł&quot;)" />
    </UnitTest>
  </TestDefinitions>
  <TestEntries>
    <TestEntry testId="c6aaa130-65a2-a877-78a2-df837cd09244" executionId="2e85f8c7-3bf4-4932-88d3-09acffe26419" testListId="8c84fa94-04c1-424b-9868-57a2d4851a1d" />
    <TestEntry testId="3436028f-e5c2-d0e3-5f92-c1e23c8a73cc" executionId="539b68cf-9fac-4ea3-a4a5-e19972100073" testListId="8c84fa94-04c1-424b-9868-57a2d4851a1d" />
    <TestEntry testId="c32a55d2-5cd9-4241-ed27-6ec6eee4b3b0" executionId="a298d333-1108-460c-8c9a-0e68d70349cb" testListId="8c84fa94-04c1-424b-9868-57a2d4851a1d" />
    <TestEntry testId="3b6adeb2-dcf4-fb95-f3e8-26dcad169d8e" executionId="57ae1fc6-498a-40dc-b5b7-068f640a5acb" testListId="8c84fa94-04c1-424b-9868-57a2d4851a1d" />
    <TestEntry testId="092c2603-fe15-2655-d7c6-015786763712" executionId="ce1136ae-0104-4e87-8814-3ead0d8437b3" testListId="8c84fa94-04c1-424b-9868-57a2d4851a1d" />
    <TestEntry testId="66cfeda0-e2cf-f1fc-0d88-eef5b227e59f" executionId="c8440ae6-86ec-4e19-a25a-083ba4ca3e6a" testListId="8c84fa94-04c1-424b-9868-57a2d4851a1d" />
    <TestEntry testId="2b003fb3-b141-e2a9-bad9-fff43705ee9e" executionId="f0c5b6d0-f49f-4a7c-a325-d8aa9d962661" testListId="8c84fa94-04c1-424b-9868-57a2d4851a1d" />
    <TestEntry testId="c1189369-93b0-2acc-f712-00eac1c7b884" executionId="bfcfcc68-a4cf-4c2c-acb9-3c5c7f50a597" testListId="8c84fa94-04c1-424b-9868-57a2d4851a1d" />
    <TestEntry testId="4191e320-5572-4ed4-213f-949531d6a246" executionId="33ccf56d-1545-4df9-a9a8-5ad6a7af9555" testListId="8c84fa94-04c1-424b-9868-57a2d4851a1d" />
    <TestEntry testId="274eee3c-fa31-a55c-1941-d2fdb1077d83" executionId="3a70f33e-155c-40f7-85b8-b9a9b5fab4f4" testListId="8c84fa94-04c1-424b-9868-57a2d4851a1d" />
    <TestEntry testId="fe527e8d-5e3e-18c1-ed37-cc075512021b" executionId="a7532e23-31a7-46f9-a760-78899cc7b458" testListId="8c84fa94-04c1-424b-9868-57a2d4851a1d" />
    <TestEntry testId="b6ca1995-becc-76ce-0b28-eebf3dd3e464" executionId="7711ebf7-3b79-445a-a3d7-a0507c95be6b" testListId="8c84fa94-04c1-424b-9868-57a2d4851a1d" />
    <TestEntry testId="ea8471c3-2743-4dfb-2fac-6cae304dff99" executionId="290c27ca-1960-4c5f-bf64-eb8489bf8273" testListId="8c84fa94-04c1-424b-9868-57a2d4851a1d" />
    <TestEntry testId="19309037-483b-d4c8-73ea-f8f351cef324" executionId="725dc402-10d1-473e-97c3-d88f3d8d3bae" testListId="8c84fa94-04c1-424b-9868-57a2d4851a1d" />
    <TestEntry testId="7e45dd7d-e48e-5c57-3fb0-37befdf85fdc" executionId="a1ddc2b7-3bc1-40f9-87c9-83e0d26027e8" testListId="8c84fa94-04c1-424b-9868-57a2d4851a1d" />
    <TestEntry testId="30678609-1c69-68ef-6a0d-4b6cf4e5979d" executionId="f01b8669-edaa-4c84-9f63-d50b90df9fee" testListId="8c84fa94-04c1-424b-9868-57a2d4851a1d" />
    <TestEntry testId="d7323b46-e742-10c6-7291-609e242e6eac" executionId="e7f0394d-bf31-427c-9b5b-3c30d54faafd" testListId="8c84fa94-04c1-424b-9868-57a2d4851a1d" />
    <TestEntry testId="b150e6ad-1fac-a9d1-a2ab-0f7879e84a36" executionId="20da2b8b-5920-4001-9ffa-ecceb6e5e77c" testListId="8c84fa94-04c1-424b-9868-57a2d4851a1d" />
    <TestEntry testId="aa52f83a-fd01-4271-59b5-322ecc9f9333" executionId="bb3fda94-3f61-4743-ba3e-b685137053ef" testListId="8c84fa94-04c1-424b-9868-57a2d4851a1d" />
    <TestEntry testId="12383f93-d6c8-4041-5607-6e0714b305f6" executionId="69ba09e3-cc4e-4288-87ff-4d94d61a3337" testListId="8c84fa94-04c1-424b-9868-57a2d4851a1d" />
    <TestEntry testId="fb1c3a36-60dc-8fcd-b623-36588091afcb" executionId="b1e3720e-b9fe-4d9e-ba3a-8ca94c036b63" testListId="8c84fa94-04c1-424b-9868-57a2d4851a1d" />
    <TestEntry testId="ff64b042-e70f-6e34-60aa-4c59131392ce" executionId="c74f97a9-d09b-4cf4-82b5-605fd69fb4fb" testListId="8c84fa94-04c1-424b-9868-57a2d4851a1d" />
    <TestEntry testId="71a2762b-d8da-32e7-80e0-7c170fef2ac7" executionId="efe088f0-85f6-4f03-a1dd-1092bfc3d663" testListId="8c84fa94-04c1-424b-9868-57a2d4851a1d" />
    <TestEntry testId="580ab2d5-6b28-ec61-9de4-466295a56551" executionId="5e716d06-d21f-4a0e-bacd-5805978ad5ea" testListId="8c84fa94-04c1-424b-9868-57a2d4851a1d" />
    <TestEntry testId="eb2e7461-d939-c702-00f6-a6f4037fdc3f" executionId="3b23588a-e15f-48e7-90fa-328f2c7eb4f4" testListId="8c84fa94-04c1-424b-9868-57a2d4851a1d" />
    <TestEntry testId="5793f365-d163-be21-ca1f-4a66a13f32b3" executionId="3e03442c-9576-433b-a99d-72fb1d1f5f1f" testListId="8c84fa94-04c1-424b-9868-57a2d4851a1d" />
    <TestEntry testId="29406890-f674-40b1-2efb-3ed40d66af1f" executionId="f22c0a7e-6750-454e-ad0a-dba6b87ba768" testListId="8c84fa94-04c1-424b-9868-57a2d4851a1d" />
    <TestEntry testId="64a6b4e0-a8e1-9595-14c6-66f8a8c8f576" executionId="b0a9f35a-21b8-4e38-959a-44ecf363ac60" testListId="8c84fa94-04c1-424b-9868-57a2d4851a1d" />
    <TestEntry testId="c6bf636f-3c18-b5d6-1346-58450e782d22" executionId="ba31e73c-9161-4354-80bb-5c068c56ad29" testListId="8c84fa94-04c1-424b-9868-57a2d4851a1d" />
    <TestEntry testId="b700fa6d-df15-3228-9006-81a0fe0edb31" executionId="1eacc784-65d3-4308-8caf-99e2b03f885b" testListId="8c84fa94-04c1-424b-9868-57a2d4851a1d" />
    <TestEntry testId="3ff03a46-b206-b458-f53e-9c5468df465e" executionId="ba47bcef-3388-46e7-b2d9-930108c62c45" testListId="8c84fa94-04c1-424b-9868-57a2d4851a1d" />
    <TestEntry testId="daebc394-ed43-a172-b3fd-00de92d9d60e" executionId="1a191d80-4a24-4762-a1c0-a32fc8738d82" testListId="8c84fa94-04c1-424b-9868-57a2d4851a1d" />
    <TestEntry testId="4936d87a-883b-6212-fe10-ba7602a69db8" executionId="a32882d0-1f88-4eab-96d8-7dbff844dd91" testListId="8c84fa94-04c1-424b-9868-57a2d4851a1d" />
    <TestEntry testId="1a501163-ddde-3471-133e-1552ff82f851" executionId="443e8fdb-7400-4221-a8eb-490b52baa62b" testListId="8c84fa94-04c1-424b-9868-57a2d4851a1d" />
    <TestEntry testId="862cc562-9bfe-8861-cf4e-b4582450cbaa" executionId="041bea78-aca1-4f87-a3ea-03e1ac22a2a4" testListId="8c84fa94-04c1-424b-9868-57a2d4851a1d" />
    <TestEntry testId="72f5bdbc-e270-3979-eb1f-93befbe9f9d0" executionId="88297273-3860-4d7e-9a03-f886193cbaa3" testListId="8c84fa94-04c1-424b-9868-57a2d4851a1d" />
    <TestEntry testId="9bd1c538-5b49-0158-94f6-e9be1859d678" executionId="64dc4ef1-04bd-4487-938b-717fc3cae7ad" testListId="8c84fa94-04c1-424b-9868-57a2d4851a1d" />
    <TestEntry testId="0e73995d-338f-84a3-7662-4ba2ece68a21" executionId="44967410-61d7-4422-8810-61424ece08b9" testListId="8c84fa94-04c1-424b-9868-57a2d4851a1d" />
    <TestEntry testId="c0986095-fb5a-1e8a-a8d8-e6dfbaed61c5" executionId="c685e785-e91f-4c2d-9494-d7291b505beb" testListId="8c84fa94-04c1-424b-9868-57a2d4851a1d" />
    <TestEntry testId="897eda60-aa9c-bf46-7037-9c91ac01a451" executionId="aaea5598-9afe-4eea-baeb-b27ee674c6c7" testListId="8c84fa94-04c1-424b-9868-57a2d4851a1d" />
    <TestEntry testId="28ae16d9-787d-277c-8346-a2bcbe4da144" executionId="928ea94c-68a9-4a87-b60e-28221882349c" testListId="8c84fa94-04c1-424b-9868-57a2d4851a1d" />
    <TestEntry testId="0a21bad2-cce1-7c33-3af3-a6f4c4389e98" executionId="2898b3bb-447e-4e9d-8c6c-9e765387ba39" testListId="8c84fa94-04c1-424b-9868-57a2d4851a1d" />
    <TestEntry testId="6fe47bce-1f86-6cf6-afbe-6725ac8bf44c" executionId="a50c1bf8-d799-4dae-84d4-34b6b63da0cf" testListId="8c84fa94-04c1-424b-9868-57a2d4851a1d" />
    <TestEntry testId="ef8e2842-4b56-3143-8747-c2adcd3e7a1d" executionId="94a79bae-0579-4ac4-9e2c-b9aad5585f9d" testListId="8c84fa94-04c1-424b-9868-57a2d4851a1d" />
    <TestEntry testId="be59208d-36e7-073c-919d-21490848351c" executionId="4efc3e51-ad6e-4106-947c-2b8497650bd7" testListId="8c84fa94-04c1-424b-9868-57a2d4851a1d" />
    <TestEntry testId="832e2e19-99a8-b743-8cd7-c0180c963ece" executionId="ae6b6f25-22de-472f-874e-17926ea4e9dc" testListId="8c84fa94-04c1-424b-9868-57a2d4851a1d" />
    <TestEntry testId="b8e35215-9c02-c225-ebde-5cb2a4f46f94" executionId="f472f1fa-e412-4bad-a496-262e3d7638ee" testListId="8c84fa94-04c1-424b-9868-57a2d4851a1d" />
    <TestEntry testId="c4623a0a-608f-dd08-41f5-750ffba5ed05" executionId="300db0f1-0af4-49a8-893c-e8b22e1a03b9" testListId="8c84fa94-04c1-424b-9868-57a2d4851a1d" />
    <TestEntry testId="bbb038e9-9a9b-9724-0ae6-d339784c9041" executionId="e24cae0b-3868-452f-8a89-cbb9bfa525a7" testListId="8c84fa94-04c1-424b-9868-57a2d4851a1d" />
    <TestEntry testId="cee9a7d1-ec49-f6f1-a300-399ccd3bc1b7" executionId="af922933-f469-4a2b-82ed-485322be0c6c" testListId="8c84fa94-04c1-424b-9868-57a2d4851a1d" />
    <TestEntry testId="02239eb7-c4a2-34a6-024f-aeb38f7bff3d" executionId="c1dd6917-535b-4cfc-a72c-0f6ab6fa89ae" testListId="8c84fa94-04c1-424b-9868-57a2d4851a1d" />
    <TestEntry testId="f0585ec3-ae76-b5af-6830-899496ff1fd9" executionId="04fb8811-8ed1-4641-9bfa-dcad9f7fb2dd" testListId="8c84fa94-04c1-424b-9868-57a2d4851a1d" />
    <TestEntry testId="7e68fea7-1e52-0c32-44b4-1e38c3c836bc" executionId="f789563f-f0fa-4d70-b692-e50bae2cc4a6" testListId="8c84fa94-04c1-424b-9868-57a2d4851a1d" />
    <TestEntry testId="a127d37b-b919-a5a8-4175-7c8816584689" executionId="9f1bda1a-7b0b-49af-99f1-2e0d8a693c0f" testListId="8c84fa94-04c1-424b-9868-57a2d4851a1d" />
    <TestEntry testId="acd7d1ab-8336-79e5-b078-d5eb4c962b29" executionId="ee1a0f59-3ac4-4d8b-bb1c-3bde6b0319a7" testListId="8c84fa94-04c1-424b-9868-57a2d4851a1d" />
    <TestEntry testId="5c165fdb-5b2a-6ca5-1c7a-4f504d003e95" executionId="1b341b1f-2dee-4204-abf6-1aa3c104309c" testListId="8c84fa94-04c1-424b-9868-57a2d4851a1d" />
    <TestEntry testId="451dabd5-e4bb-ea9d-054e-87b0f58becfa" executionId="66eebdbc-84af-434e-9852-b1b0e0c7faf8" testListId="8c84fa94-04c1-424b-9868-57a2d4851a1d" />
    <TestEntry testId="29503cc7-b010-6825-6d29-1db7cb95143d" executionId="a324538e-7779-46f9-98be-cded0908239d" testListId="8c84fa94-04c1-424b-9868-57a2d4851a1d" />
    <TestEntry testId="e88588cc-8ef9-e4ad-51dd-2a16e11570f5" executionId="ff234eea-c836-4382-9f1d-d3fc741461cd" testListId="8c84fa94-04c1-424b-9868-57a2d4851a1d" />
    <TestEntry testId="a92ca949-d664-bb06-21ee-ed111f1dab55" executionId="d8654b86-7098-40ac-8166-2a43fb247475" testListId="8c84fa94-04c1-424b-9868-57a2d4851a1d" />
    <TestEntry testId="40488d75-026c-550a-6026-e97b07265e5b" executionId="c13342a6-c31f-4fa7-abc0-d858d0c3b462" testListId="8c84fa94-04c1-424b-9868-57a2d4851a1d" />
    <TestEntry testId="95bbb276-fcbd-d5d6-e9a9-e6e9fe02935a" executionId="6f6c21a6-192a-4c78-bb2b-e39c85f92e4e" testListId="8c84fa94-04c1-424b-9868-57a2d4851a1d" />
    <TestEntry testId="4e103de3-4b59-b5f0-90dd-0864019a3e44" executionId="e0bedb4f-3e6a-4d79-b71c-ae6b46be4b5c" testListId="8c84fa94-04c1-424b-9868-57a2d4851a1d" />
    <TestEntry testId="a888e7ea-dbd1-07c6-66f1-9d366fb67e32" executionId="c4452b02-7f45-4246-bf9f-b19b7321ccc1" testListId="8c84fa94-04c1-424b-9868-57a2d4851a1d" />
    <TestEntry testId="0229b587-f980-d1c2-d94e-8ed98bc221a6" executionId="4b819161-3a64-4e53-940c-638c12e3e0df" testListId="8c84fa94-04c1-424b-9868-57a2d4851a1d" />
    <TestEntry testId="005bc1cf-7a4e-92d9-5bd8-b2bbb383cd58" executionId="8f308655-cd67-42b6-9347-089a2e97b5d4" testListId="8c84fa94-04c1-424b-9868-57a2d4851a1d" />
    <TestEntry testId="9e567b4f-5898-461c-b4e9-b51ec60ad377" executionId="7b3bb133-9b9f-4544-bc7f-191de3dce192" testListId="8c84fa94-04c1-424b-9868-57a2d4851a1d" />
    <TestEntry testId="8ea3fac0-98e6-cacb-3107-71ef474d1509" executionId="18eeacae-fd55-4f78-8cc5-e642417c0e1a" testListId="8c84fa94-04c1-424b-9868-57a2d4851a1d" />
    <TestEntry testId="2a24dcb9-e2e0-3650-3ac7-5ec77389adc1" executionId="8ca1de50-701c-45ea-bb9a-4b2e68d1b44d" testListId="8c84fa94-04c1-424b-9868-57a2d4851a1d" />
    <TestEntry testId="61eb0848-4e9b-4d1d-2e7a-801bcb7d8307" executionId="553aa99f-36be-4096-b5f4-4c7c84b1cbc6" testListId="8c84fa94-04c1-424b-9868-57a2d4851a1d" />
    <TestEntry testId="4195877a-ded9-22b8-62f7-465d0dab0554" executionId="9a9c250c-1a1e-4b71-b8c3-fc9706a4735d" testListId="8c84fa94-04c1-424b-9868-57a2d4851a1d" />
    <TestEntry testId="05be2e04-a7a4-ec81-8b2e-19e4e2cd04d0" executionId="b419764d-116d-4ed3-b487-438911fdf163" testListId="8c84fa94-04c1-424b-9868-57a2d4851a1d" />
    <TestEntry testId="552b07f7-5957-56bd-9f6c-bbb880d05499" executionId="e40e2d4d-cf36-40fc-add6-7a672971b092" testListId="8c84fa94-04c1-424b-9868-57a2d4851a1d" />
    <TestEntry testId="49c672b6-6d9d-50cd-ab6b-d47ad2b2d00c" executionId="12f21144-ab2c-451f-bf9d-93ff819c878a" testListId="8c84fa94-04c1-424b-9868-57a2d4851a1d" />
    <TestEntry testId="a8348a06-7119-4e51-65fc-4cd73de7f6cb" executionId="9548e108-1410-49fb-8b5f-aa72e81a7709" testListId="8c84fa94-04c1-424b-9868-57a2d4851a1d" />
    <TestEntry testId="62b70b12-663c-a906-288d-6817a450e2b9" executionId="b7298eae-9d8a-4229-a56f-77ea6d39fa32" testListId="8c84fa94-04c1-424b-9868-57a2d4851a1d" />
    <TestEntry testId="cbe7ad88-c615-fcac-7be4-3d317fe5861e" executionId="b29561b0-1907-411d-8da8-33abc8ce9da7" testListId="8c84fa94-04c1-424b-9868-57a2d4851a1d" />
    <TestEntry testId="9ef22620-233d-af50-c838-ed1dcd20ddc6" executionId="7c85129e-d03e-49a6-893e-9bd1ddd1283c" testListId="8c84fa94-04c1-424b-9868-57a2d4851a1d" />
    <TestEntry testId="03e5974c-7aa0-7aa6-bbeb-a5715ea0d1d7" executionId="c8786351-f51e-4b2c-8b5b-936a1a967134" testListId="8c84fa94-04c1-424b-9868-57a2d4851a1d" />
    <TestEntry testId="be961a03-49b0-93a8-a575-29626617f5f3" executionId="de778ed0-d7cb-4c38-998a-db75206ab109" testListId="8c84fa94-04c1-424b-9868-57a2d4851a1d" />
    <TestEntry testId="f3633ae5-6adc-21ee-2aa1-0609fba8547c" executionId="e0801c6c-4a69-4e5f-afa7-5c71998705cf" testListId="8c84fa94-04c1-424b-9868-57a2d4851a1d" />
    <TestEntry testId="2fd4fb21-86aa-48b4-d55c-838ac3bda4eb" executionId="d21c99e9-1324-40e2-b99c-07f7f5e4bb9d" testListId="8c84fa94-04c1-424b-9868-57a2d4851a1d" />
    <TestEntry testId="d2a2118e-f836-73de-010f-9e6a0f9038b3" executionId="aecbde13-6035-489d-8c29-3565d52d3217" testListId="8c84fa94-04c1-424b-9868-57a2d4851a1d" />
    <TestEntry testId="fd8f048e-524e-5d70-1d66-0ffeb121313b" executionId="883fc9a7-85d8-461a-b96d-5eebc9d93c1f" testListId="8c84fa94-04c1-424b-9868-57a2d4851a1d" />
    <TestEntry testId="d8dcd89f-df1d-9e50-f8f8-844883603fea" executionId="99fa4b56-070f-4fd8-9018-f9db9a238e0d" testListId="8c84fa94-04c1-424b-9868-57a2d4851a1d" />
    <TestEntry testId="860765f6-59d4-c798-166f-19857f828734" executionId="51deae23-fa5f-469a-a77e-2dad12033fdf" testListId="8c84fa94-04c1-424b-9868-57a2d4851a1d" />
    <TestEntry testId="086ce182-cb7e-9e8c-a794-52547670ad62" executionId="eba764e7-543d-4a62-b926-f68ab68f638a" testListId="8c84fa94-04c1-424b-9868-57a2d4851a1d" />
    <TestEntry testId="346c5a09-add8-018f-c767-f4690b937dfb" executionId="889ea0dd-45fd-440a-894d-c1a59e285ff6" testListId="8c84fa94-04c1-424b-9868-57a2d4851a1d" />
    <TestEntry testId="1ae81526-c34e-30fb-a453-ec950aa3ef1c" executionId="240f3912-7354-4424-ae6d-5a24fa7618f6" testListId="8c84fa94-04c1-424b-9868-57a2d4851a1d" />
    <TestEntry testId="c2593dce-156b-2236-a515-633fd14dda79" executionId="9d59441b-5f89-4294-991a-13819da02a52" testListId="8c84fa94-04c1-424b-9868-57a2d4851a1d" />
    <TestEntry testId="b168b1f7-674c-8775-2a66-cf7d7f806851" executionId="5cc624ee-666d-4da6-861b-1f794e6d520c" testListId="8c84fa94-04c1-424b-9868-57a2d4851a1d" />
    <TestEntry testId="7280bcd5-2dc4-a3f6-24fd-df56e5b00deb" executionId="acc7bcdb-29ab-447e-93ce-62f41d28aa4d" testListId="8c84fa94-04c1-424b-9868-57a2d4851a1d" />
    <TestEntry testId="0cdea9b8-a5e3-2983-1ccb-d986de17659d" executionId="a82d9a97-87c2-46a9-a1c3-5425a32c695e" testListId="8c84fa94-04c1-424b-9868-57a2d4851a1d" />
    <TestEntry testId="87ae11a5-ff33-3fef-0507-0ee3bd82054e" executionId="61fd5d38-152e-41f8-ab3d-80aed3d486a6" testListId="8c84fa94-04c1-424b-9868-57a2d4851a1d" />
    <TestEntry testId="3c433d09-bfc8-05ae-376b-cff8f69161af" executionId="bb9fd849-eebd-41d6-ba9c-dab25c29cd51" testListId="8c84fa94-04c1-424b-9868-57a2d4851a1d" />
    <TestEntry testId="31037d5d-343e-e648-8e6e-7f15567dfff2" executionId="2fe4bb10-eb69-468d-bebe-fcc049aa5a9d" testListId="8c84fa94-04c1-424b-9868-57a2d4851a1d" />
    <TestEntry testId="5d8a1a0c-8ac0-09f0-e7c5-3249de62e9a9" executionId="822a0cd3-6fc6-4b11-a0bd-6495f8c20a80" testListId="8c84fa94-04c1-424b-9868-57a2d4851a1d" />
    <TestEntry testId="e6e7fdd0-b12d-1312-3dc2-3384a5e7d999" executionId="fb5364f3-f002-4fb7-9142-5b2075816999" testListId="8c84fa94-04c1-424b-9868-57a2d4851a1d" />
    <TestEntry testId="9cea378d-92c3-1f1c-ce51-cbbf77aae662" executionId="91f76efd-e3fe-49e4-beca-9984b7a9a0c7" testListId="8c84fa94-04c1-424b-9868-57a2d4851a1d" />
    <TestEntry testId="ddd788b7-fa29-d0c9-c87b-c6974b37dc7d" executionId="51ecaa69-8040-4191-9c2c-d23922aaf82d" testListId="8c84fa94-04c1-424b-9868-57a2d4851a1d" />
    <TestEntry testId="5189465c-94b9-c0c3-eb6c-9e0dd907b71f" executionId="b7bf93cd-a3bc-40b9-bf44-af1c79ed1d73" testListId="8c84fa94-04c1-424b-9868-57a2d4851a1d" />
    <TestEntry testId="84912826-9a40-9d59-76ff-2b9288e04c5b" executionId="7caeaf03-1155-435a-a599-75039d3e8a71" testListId="8c84fa94-04c1-424b-9868-57a2d4851a1d" />
    <TestEntry testId="e704684d-9f7f-da08-58cf-d52651e9dd96" executionId="3cd3dbe6-77b1-4277-afac-5b5b9af4938d" testListId="8c84fa94-04c1-424b-9868-57a2d4851a1d" />
    <TestEntry testId="a4b13a66-9eee-466b-b0fc-fbf88e46d5b1" executionId="3915904c-9d90-401a-8eac-ca533a1012e5" testListId="8c84fa94-04c1-424b-9868-57a2d4851a1d" />
    <TestEntry testId="b074171d-4bb2-388e-f619-96efeb179b06" executionId="be790547-39e0-4a7c-8527-073e6882514f" testListId="8c84fa94-04c1-424b-9868-57a2d4851a1d" />
    <TestEntry testId="333dd064-5f53-dea9-59e8-b7071262f9e7" executionId="bf920157-9305-4694-9330-31ef5871f431" testListId="8c84fa94-04c1-424b-9868-57a2d4851a1d" />
    <TestEntry testId="19b8d5ef-b980-1d42-3f3f-c869dee34ac6" executionId="fea98a67-772a-4863-a1c7-62259bf7a6e4" testListId="8c84fa94-04c1-424b-9868-57a2d4851a1d" />
    <TestEntry testId="314b7968-8280-3c06-cc8d-95ee97af36dd" executionId="637b4f33-95a0-4b42-92b2-3860c8783e01" testListId="8c84fa94-04c1-424b-9868-57a2d4851a1d" />
    <TestEntry testId="f113347a-114d-883f-0643-fe2e125f5daa" executionId="c7c68a53-5ac9-4e7d-9005-42b4d155ae71" testListId="8c84fa94-04c1-424b-9868-57a2d4851a1d" />
    <TestEntry testId="47ec5c64-268b-824f-d637-17f43470b17c" executionId="04573013-bea2-4714-918a-b65e639cdf49" testListId="8c84fa94-04c1-424b-9868-57a2d4851a1d" />
    <TestEntry testId="0bcee855-d67d-6b06-b494-da6df454ba12" executionId="493ba8a7-4071-4054-9ddb-b30d8c8b57f1" testListId="8c84fa94-04c1-424b-9868-57a2d4851a1d" />
    <TestEntry testId="7422afbf-8dc8-2993-87d6-1f702a4bc862" executionId="755e7061-cbc1-43d4-b253-3120eded5602" testListId="8c84fa94-04c1-424b-9868-57a2d4851a1d" />
    <TestEntry testId="0978a2bb-d483-0479-bb70-260f687971c0" executionId="3fa575f2-8d8c-4c8a-8fba-facfa6a7a4eb" testListId="8c84fa94-04c1-424b-9868-57a2d4851a1d" />
    <TestEntry testId="979cd04b-5e93-d632-87b5-a20161444816" executionId="9b633663-5dfa-49ce-8402-42dd21801b9f" testListId="8c84fa94-04c1-424b-9868-57a2d4851a1d" />
    <TestEntry testId="decab755-c41c-98a8-9dd2-05d18e8ecb05" executionId="168afe30-23b9-46aa-8c31-658bf1a51d14" testListId="8c84fa94-04c1-424b-9868-57a2d4851a1d" />
    <TestEntry testId="e0f11812-ae84-56fe-380e-aa4471665fb8" executionId="1123f554-bc78-4ab6-940d-29a5a8cc9dc0" testListId="8c84fa94-04c1-424b-9868-57a2d4851a1d" />
    <TestEntry testId="3222b798-5ed7-0031-3bc4-2349d5773662" executionId="7bf24f22-372e-45a6-87fb-7c85a1c25e65" testListId="8c84fa94-04c1-424b-9868-57a2d4851a1d" />
    <TestEntry testId="2ae061eb-7306-c193-04ca-269456b3b20b" executionId="e21bc3b6-657a-4991-81e1-2b8ebda4bc1f" testListId="8c84fa94-04c1-424b-9868-57a2d4851a1d" />
    <TestEntry testId="3fdf9576-9d1e-7734-64c7-98030c7feb4a" executionId="b8a8b64a-b8a0-470a-982a-b5fb65d36f0c" testListId="8c84fa94-04c1-424b-9868-57a2d4851a1d" />
    <TestEntry testId="a9f22fa3-b7d2-f6d4-3197-1e8215934f1f" executionId="5b778679-3bcc-4116-bf68-43bf2548c9a0" testListId="8c84fa94-04c1-424b-9868-57a2d4851a1d" />
    <TestEntry testId="a01cdd42-8e33-6253-38cb-1cb271d958f4" executionId="5dcd38c1-e05d-4675-8eef-16bdc8269ccb" testListId="8c84fa94-04c1-424b-9868-57a2d4851a1d" />
    <TestEntry testId="24a1bb0d-d69a-de21-49e4-5bbbeaac5021" executionId="60b831db-85d6-4c4f-af65-e394280f722b" testListId="8c84fa94-04c1-424b-9868-57a2d4851a1d" />
    <TestEntry testId="5f61ffa8-be4c-5cf6-d406-18781222cb59" executionId="0372a078-80a9-4260-974b-d6b29204ca28" testListId="8c84fa94-04c1-424b-9868-57a2d4851a1d" />
    <TestEntry testId="e0c95d42-cf00-fbc7-42ac-a320fc125b1e" executionId="15174dcc-3a63-410d-9680-48c2daa44ee6" testListId="8c84fa94-04c1-424b-9868-57a2d4851a1d" />
    <TestEntry testId="cfb2439a-56a0-7de3-f9a2-8d326d2ccf14" executionId="c5e44ec5-30a5-4c02-ba5d-0062bcd7ca35" testListId="8c84fa94-04c1-424b-9868-57a2d4851a1d" />
    <TestEntry testId="cd871e9d-7935-e907-4a89-0e7db877a7c7" executionId="fbeb7cee-223b-4d37-b34f-111d6aaa171f" testListId="8c84fa94-04c1-424b-9868-57a2d4851a1d" />
    <TestEntry testId="aa4e492c-9871-e494-8afc-2e1c32042c9f" executionId="487623c0-9124-455f-b195-f30d81dea7c4" testListId="8c84fa94-04c1-424b-9868-57a2d4851a1d" />
    <TestEntry testId="0351f469-7ff9-52d3-3d77-92c2f3051f1e" executionId="95f55277-59db-4585-9aae-2bf302870318" testListId="8c84fa94-04c1-424b-9868-57a2d4851a1d" />
    <TestEntry testId="8d4b1df1-395e-a801-f732-9563464d225f" executionId="40d064cd-e6c5-4b41-a262-a31ed5ae7fca" testListId="8c84fa94-04c1-424b-9868-57a2d4851a1d" />
    <TestEntry testId="1ea79024-ef1b-d483-be8e-220bc24bf693" executionId="e1f346e7-893e-432c-ac3e-8945c2d5c236" testListId="8c84fa94-04c1-424b-9868-57a2d4851a1d" />
    <TestEntry testId="74b92fed-1c7d-84ea-101d-b4ba0f959527" executionId="55b3542d-fc90-48d8-9a34-718089b978ea" testListId="8c84fa94-04c1-424b-9868-57a2d4851a1d" />
    <TestEntry testId="b34ac9b1-7b20-291d-6caf-28aeffc4e30f" executionId="73120c0f-aa5d-42b5-8684-6aa31fc7a662" testListId="8c84fa94-04c1-424b-9868-57a2d4851a1d" />
    <TestEntry testId="454ead38-c2a8-9597-7b1c-dc862a589e0e" executionId="1168e5fb-8d4d-4b54-a15f-1e21ea40000e" testListId="8c84fa94-04c1-424b-9868-57a2d4851a1d" />
    <TestEntry testId="47a34375-592d-8cb5-ab77-ab4cd5ff1ae6" executionId="97c67004-fea2-4918-9aa4-21f3abff4c6b" testListId="8c84fa94-04c1-424b-9868-57a2d4851a1d" />
    <TestEntry testId="c1b72bec-54e9-d72c-529e-b6b9932bdb7f" executionId="223fb7cb-6cea-4277-a0ab-115aa056cc38" testListId="8c84fa94-04c1-424b-9868-57a2d4851a1d" />
    <TestEntry testId="9aef4d88-299a-c26b-3a27-57af3cba67d3" executionId="13810ec7-9ad4-46cf-b225-4a5ffeeacb8c" testListId="8c84fa94-04c1-424b-9868-57a2d4851a1d" />
    <TestEntry testId="eb615c68-e5d1-28d7-b038-0571a7587ad1" executionId="f8e0976b-0b4f-4a76-824e-496411912687" testListId="8c84fa94-04c1-424b-9868-57a2d4851a1d" />
    <TestEntry testId="21f5ba92-f354-bb76-94e2-2214000ea5b9" executionId="a555a110-2a2f-460b-b90c-f5c7f78a8326" testListId="8c84fa94-04c1-424b-9868-57a2d4851a1d" />
    <TestEntry testId="cbe18909-6635-9aa1-a38f-17a524fe9aa1" executionId="a634730a-3fab-4176-9663-aa24cbd2b7e2" testListId="8c84fa94-04c1-424b-9868-57a2d4851a1d" />
    <TestEntry testId="88670780-e590-ffb1-3bdf-7b575a4d5fc5" executionId="87004832-c328-4e0c-985a-f709bfaf229d" testListId="8c84fa94-04c1-424b-9868-57a2d4851a1d" />
    <TestEntry testId="3d8d8c47-dc22-599d-26af-f64601981b29" executionId="2621b43d-49bc-4c7c-ba8d-2e559e4a3470" testListId="8c84fa94-04c1-424b-9868-57a2d4851a1d" />
    <TestEntry testId="c11f5a85-86bf-cab1-9d9a-33069c6ff139" executionId="687b33a9-1730-4f0a-ac31-af22e0199bdf" testListId="8c84fa94-04c1-424b-9868-57a2d4851a1d" />
    <TestEntry testId="0dc215f9-ced3-1d40-e986-2ebe86240f13" executionId="b3930d37-95cb-4bed-bc20-2719686bb596" testListId="8c84fa94-04c1-424b-9868-57a2d4851a1d" />
    <TestEntry testId="52456efe-2b4c-e54c-a102-5bc9bc1cc7f8" executionId="18ccb881-365f-400c-a4dd-8f82777efab5" testListId="8c84fa94-04c1-424b-9868-57a2d4851a1d" />
    <TestEntry testId="f4a21ccd-5b4f-d613-e7b9-440db30d38e4" executionId="a81ad1fd-cbb6-47d3-8cf7-8735e48bd1d3" testListId="8c84fa94-04c1-424b-9868-57a2d4851a1d" />
    <TestEntry testId="3f7d9e9c-5ad3-f161-b9fe-a5f6a9ab40b4" executionId="70ed51d5-57a7-48c7-8863-5cc01335007f" testListId="8c84fa94-04c1-424b-9868-57a2d4851a1d" />
    <TestEntry testId="7bf7f3ca-374b-b9a9-53c4-47a8ad354e7e" executionId="e1f5c70c-e24f-4df8-9b52-c02b6156ae62" testListId="8c84fa94-04c1-424b-9868-57a2d4851a1d" />
    <TestEntry testId="7be4f16e-73d9-91a8-2b92-68f269673cb9" executionId="efad6580-7f23-4f2e-bc2a-6497f0026d0e" testListId="8c84fa94-04c1-424b-9868-57a2d4851a1d" />
    <TestEntry testId="d3675fd4-77f8-268f-8735-9b5ad5bc915b" executionId="304148fd-4515-41c3-a518-b3935fdf65c3" testListId="8c84fa94-04c1-424b-9868-57a2d4851a1d" />
    <TestEntry testId="e39abc6e-a339-e385-747c-5c151d68fdc6" executionId="93a3f65a-2e22-42ac-82e9-a0092c52c9e8" testListId="8c84fa94-04c1-424b-9868-57a2d4851a1d" />
    <TestEntry testId="c57a980e-ffcc-5e16-6a31-18fd8b909caa" executionId="03174729-98da-43ab-95b3-c4cbeb7e7da4" testListId="8c84fa94-04c1-424b-9868-57a2d4851a1d" />
    <TestEntry testId="99a10c59-9aed-054b-9f26-15805af85148" executionId="dd53fd4c-c56a-49a7-b5e3-45fd0b233427" testListId="8c84fa94-04c1-424b-9868-57a2d4851a1d" />
    <TestEntry testId="eef249b6-8ce5-ce2e-1d6e-3786477a589e" executionId="4f93e345-1d72-4392-bcd0-793295dfd315" testListId="8c84fa94-04c1-424b-9868-57a2d4851a1d" />
    <TestEntry testId="21347641-7dc3-6035-5dfd-bb1ac2ae1b73" executionId="563c08b9-3620-4836-af0b-70366cf70abe" testListId="8c84fa94-04c1-424b-9868-57a2d4851a1d" />
    <TestEntry testId="a73c4b3c-3d13-f62c-d2e5-567ad0be5c42" executionId="9b8e7bbb-e2f6-4f62-8be8-62222f68f0d2" testListId="8c84fa94-04c1-424b-9868-57a2d4851a1d" />
    <TestEntry testId="94072497-fa43-aca0-8f05-792ac28d0627" executionId="cb161f8a-3fb8-499f-b2eb-941a7ecbae9a" testListId="8c84fa94-04c1-424b-9868-57a2d4851a1d" />
    <TestEntry testId="2de1f6d1-4fbc-d3f7-5b38-8fabe0afe62f" executionId="a1c64a0d-5963-45c8-8b20-b475d35e092d" testListId="8c84fa94-04c1-424b-9868-57a2d4851a1d" />
    <TestEntry testId="aef8a2f1-8212-2e61-b82d-81a49d106670" executionId="f926ad43-8c45-4795-b82c-c326c3ce497c" testListId="8c84fa94-04c1-424b-9868-57a2d4851a1d" />
    <TestEntry testId="b3d20388-ddfe-493d-dfad-f423fc621b48" executionId="f94e1352-58e0-4889-9bad-33856fb38c4e" testListId="8c84fa94-04c1-424b-9868-57a2d4851a1d" />
    <TestEntry testId="e238789f-1332-cb64-de78-1a020fa88304" executionId="a1a84dea-aa54-4fb3-9d09-f603794a8f31" testListId="8c84fa94-04c1-424b-9868-57a2d4851a1d" />
    <TestEntry testId="d38b1856-f9a8-d9e7-be29-662b96640b5b" executionId="308fa778-c70b-4908-83aa-5aebac6e8156" testListId="8c84fa94-04c1-424b-9868-57a2d4851a1d" />
    <TestEntry testId="63800d30-d6ac-f352-9000-d5ae21ee34db" executionId="8727c1ab-f7b0-4544-84ff-3e829fc4ee89" testListId="8c84fa94-04c1-424b-9868-57a2d4851a1d" />
    <TestEntry testId="05a32b6d-38a3-d790-fab1-ef7fcb38fd6c" executionId="d6fe7778-1059-4d07-ac60-185516dc5121" testListId="8c84fa94-04c1-424b-9868-57a2d4851a1d" />
    <TestEntry testId="4f19bfe4-12a5-e7df-9799-ba1ffdd56260" executionId="89916471-a56a-4cc7-beb9-966de44bffc7" testListId="8c84fa94-04c1-424b-9868-57a2d4851a1d" />
    <TestEntry testId="7c29140c-1ee9-b980-7778-18b11231f8a3" executionId="0a3610ce-5efd-4178-acae-fc8bad8c7c64" testListId="8c84fa94-04c1-424b-9868-57a2d4851a1d" />
    <TestEntry testId="46b6b18f-a15f-ce32-4811-dbc67f87e551" executionId="87dbd0e5-e8d0-48dc-8dd0-807c8c0c92c0" testListId="8c84fa94-04c1-424b-9868-57a2d4851a1d" />
    <TestEntry testId="379512c8-8994-594d-a3c0-6d675c1d8949" executionId="3fa8d9ac-be67-4817-8d53-dc3126f8bdba" testListId="8c84fa94-04c1-424b-9868-57a2d4851a1d" />
    <TestEntry testId="8d6414e5-4d2d-73e7-c36d-d9cbbb203e5f" executionId="72073dd2-22c5-4018-bba0-3f1067bd39fc" testListId="8c84fa94-04c1-424b-9868-57a2d4851a1d" />
    <TestEntry testId="d569c283-c0e4-d992-53ea-520d9219d214" executionId="dcd1a32e-657f-460e-afca-084b6bd7f442" testListId="8c84fa94-04c1-424b-9868-57a2d4851a1d" />
    <TestEntry testId="bb5a2e9a-5cdb-f48d-dc56-2c3c111c851a" executionId="11d33962-a536-4e13-b2a3-815495bc52bc" testListId="8c84fa94-04c1-424b-9868-57a2d4851a1d" />
    <TestEntry testId="0d3aed88-2598-0caa-458e-53fd2f6dc4e2" executionId="53bd3a6c-c19e-45ab-a381-aa37fe613138" testListId="8c84fa94-04c1-424b-9868-57a2d4851a1d" />
    <TestEntry testId="ae67d523-2929-36b8-f281-40940e5c29bb" executionId="76864e77-af53-4dbf-8ed3-afc986045f0e" testListId="8c84fa94-04c1-424b-9868-57a2d4851a1d" />
    <TestEntry testId="0be37416-8f8e-24dd-296a-86593af9af2f" executionId="d3465544-80e0-4960-abc7-f47572a03992" testListId="8c84fa94-04c1-424b-9868-57a2d4851a1d" />
    <TestEntry testId="a6da1f0c-9d53-8f1b-60d6-c520ee89e7a7" executionId="7f4ba8fa-a005-4e88-9c4d-354d3283cd4e" testListId="8c84fa94-04c1-424b-9868-57a2d4851a1d" />
    <TestEntry testId="f7f48920-cf43-fd74-5fcd-5b275d41553a" executionId="58e1646a-2fc6-4b45-a1b1-421de4e12241" testListId="8c84fa94-04c1-424b-9868-57a2d4851a1d" />
    <TestEntry testId="b5cd9d3c-6e7d-bae4-881c-4092ac2390ce" executionId="5efddb1d-9fb2-42b5-93b2-8030ea873e4b" testListId="8c84fa94-04c1-424b-9868-57a2d4851a1d" />
    <TestEntry testId="8184eede-89c1-758f-6b98-b1536f1bc7e0" executionId="decdbb97-8e28-46b2-80bd-31c92cf0964a" testListId="8c84fa94-04c1-424b-9868-57a2d4851a1d" />
    <TestEntry testId="94726e39-ff6c-190e-418c-075986e08585" executionId="9eeea214-13f0-42f7-aa4a-df687a89db8d" testListId="8c84fa94-04c1-424b-9868-57a2d4851a1d" />
    <TestEntry testId="cab5d10f-8cae-8dfd-3b1b-219e11cb76ab" executionId="841809ff-1fae-4f7c-8cad-7b1a657b4453" testListId="8c84fa94-04c1-424b-9868-57a2d4851a1d" />
    <TestEntry testId="069167da-f488-ff65-4a0d-a2797b191242" executionId="3ac87293-053c-4847-bcfb-1d5455c1e559" testListId="8c84fa94-04c1-424b-9868-57a2d4851a1d" />
    <TestEntry testId="d53ebf9d-a1b0-7eb1-4b91-4ab174a99cc7" executionId="613e50e6-fb7b-4ff2-bb10-7ad857ef9b2b" testListId="8c84fa94-04c1-424b-9868-57a2d4851a1d" />
    <TestEntry testId="a95ff0ae-d4c3-2673-b0e9-9a7af3b33aba" executionId="9e4e7de7-9ca4-4b6c-8170-e20ceae7e936" testListId="8c84fa94-04c1-424b-9868-57a2d4851a1d" />
    <TestEntry testId="891c0d76-e64c-f414-ec6a-1381d76267bf" executionId="df36eb95-ea7e-4ae7-9641-b795d3262fae" testListId="8c84fa94-04c1-424b-9868-57a2d4851a1d" />
    <TestEntry testId="9a5250b7-62e0-de5b-0bd3-c2b7c7798ce7" executionId="23815ccd-841b-4e0f-91ec-1ff22b32aa87" testListId="8c84fa94-04c1-424b-9868-57a2d4851a1d" />
    <TestEntry testId="0ea957ac-53f2-c077-4d23-d56d0a5f77c4" executionId="781f26d0-2a52-4904-ad58-7ec560ac46b2" testListId="8c84fa94-04c1-424b-9868-57a2d4851a1d" />
    <TestEntry testId="4b28edc9-10aa-dd25-05d6-efbec430bd7a" executionId="112a3168-b91e-4d43-8184-4fbbdc275add" testListId="8c84fa94-04c1-424b-9868-57a2d4851a1d" />
    <TestEntry testId="4ae6f156-51db-bc15-8975-b99fe55a99a8" executionId="de44d2ab-29dd-412d-999f-b451a9beb148" testListId="8c84fa94-04c1-424b-9868-57a2d4851a1d" />
    <TestEntry testId="f2fa6d2d-1c35-dcc0-50da-39045d7858e4" executionId="2da9d9ab-a804-4163-a93c-718c36b2ffac" testListId="8c84fa94-04c1-424b-9868-57a2d4851a1d" />
    <TestEntry testId="04708542-086d-f6f2-88c4-fe541ab1cd55" executionId="c2fe220f-18fa-48db-8ccb-1f460b0271ee" testListId="8c84fa94-04c1-424b-9868-57a2d4851a1d" />
    <TestEntry testId="0fa0c864-c433-31dc-ea26-995fbf849a90" executionId="1f66a52a-8338-4c09-a80a-efbbbbe6d719" testListId="8c84fa94-04c1-424b-9868-57a2d4851a1d" />
    <TestEntry testId="2be600d2-247c-9e20-d84c-921afba648ed" executionId="e86ad56d-01c0-41bd-b380-de1a92fb0f83" testListId="8c84fa94-04c1-424b-9868-57a2d4851a1d" />
    <TestEntry testId="244a126b-865c-f129-c9cf-f22a9a00e343" executionId="3b46fbc8-fef4-419a-a17b-27450b1b62d6" testListId="8c84fa94-04c1-424b-9868-57a2d4851a1d" />
    <TestEntry testId="c5316b43-7086-7b8f-266a-feedd9573c48" executionId="5692184a-9cec-40ec-8658-2c684d912577" testListId="8c84fa94-04c1-424b-9868-57a2d4851a1d" />
    <TestEntry testId="b1699ce8-743c-1964-eb7b-2aa310ecbb21" executionId="9e16382a-e7f3-48cb-9e79-c25b5c8c975f" testListId="8c84fa94-04c1-424b-9868-57a2d4851a1d" />
    <TestEntry testId="f2281ab7-ffb9-3d10-c3a8-1aa0cd2fcbfc" executionId="e978d6a3-4f6c-4bcd-b6e3-79f21e52bd3c" testListId="8c84fa94-04c1-424b-9868-57a2d4851a1d" />
    <TestEntry testId="f2ce681e-8a28-41b9-4a1e-04b76b54add8" executionId="fa4cab07-4d8d-4d58-8f37-7345dc78e2a6" testListId="8c84fa94-04c1-424b-9868-57a2d4851a1d" />
    <TestEntry testId="e84b36e7-4f40-fa31-8ed6-b8aea0f7b95d" executionId="6b2f53f0-77e5-4511-b9d1-8faf058bc0a2" testListId="8c84fa94-04c1-424b-9868-57a2d4851a1d" />
    <TestEntry testId="3490543a-9aad-4d93-690a-aa8da10d1845" executionId="32fbe32c-e25a-4dfe-adb4-d3fa2483ac66" testListId="8c84fa94-04c1-424b-9868-57a2d4851a1d" />
    <TestEntry testId="fa8e579d-d6a8-b37b-9cf1-3c38331f528e" executionId="67144bc1-91f6-431a-8022-671b6bafd7b4" testListId="8c84fa94-04c1-424b-9868-57a2d4851a1d" />
    <TestEntry testId="9a4a7396-bc43-f3a9-c62c-07975736bde6" executionId="b79377e0-f8bd-40b8-ba5f-abc3d0530f86" testListId="8c84fa94-04c1-424b-9868-57a2d4851a1d" />
    <TestEntry testId="ad74bc79-5a2e-0559-0112-48492a8006d2" executionId="29755f71-5d44-4a4f-ade0-1c12c6abff5f" testListId="8c84fa94-04c1-424b-9868-57a2d4851a1d" />
    <TestEntry testId="712c2678-6c5e-0050-868a-1155d0b4fa06" executionId="99ca03b0-b463-4787-a445-002b343ab2a9" testListId="8c84fa94-04c1-424b-9868-57a2d4851a1d" />
    <TestEntry testId="8762588b-d7fc-ca07-7e83-51f41467a9eb" executionId="a48e4039-8998-4833-a4e4-9a4347ba70c0" testListId="8c84fa94-04c1-424b-9868-57a2d4851a1d" />
    <TestEntry testId="8257a4bf-ab18-2761-6e92-b21983b2b798" executionId="698ab2d1-5ff4-4e78-81b8-4b208c858083" testListId="8c84fa94-04c1-424b-9868-57a2d4851a1d" />
    <TestEntry testId="5326d1dc-d18e-0528-8ffb-d0be584509e9" executionId="4a47505f-7cc8-482e-b803-318dd13eb59a" testListId="8c84fa94-04c1-424b-9868-57a2d4851a1d" />
    <TestEntry testId="8f06716c-c7ff-1247-d243-6eeb705848f7" executionId="57b6b18f-235c-466c-a592-4a8fe0cdb81a" testListId="8c84fa94-04c1-424b-9868-57a2d4851a1d" />
    <TestEntry testId="0e06d825-6ba9-71ac-24ec-c9336680dd03" executionId="cc5947eb-bfde-488c-9e1b-1b7b80868bbc" testListId="8c84fa94-04c1-424b-9868-57a2d4851a1d" />
    <TestEntry testId="95fa357e-9359-c839-8ff3-f046c9e30487" executionId="4b78433c-67a6-4c75-bddf-85c22b146e6b" testListId="8c84fa94-04c1-424b-9868-57a2d4851a1d" />
    <TestEntry testId="e0081990-e732-207e-ce35-b6f9f879e1b0" executionId="e1e8f5c8-7127-44be-a7f8-ee6c5263ac52" testListId="8c84fa94-04c1-424b-9868-57a2d4851a1d" />
    <TestEntry testId="c74c54e8-6590-d76d-eaee-baa60a589aef" executionId="bd3fb405-f285-44b2-82a5-143b7fedd930" testListId="8c84fa94-04c1-424b-9868-57a2d4851a1d" />
    <TestEntry testId="7c3bd97a-a125-9200-b1f2-a28a2e7a05fe" executionId="78322965-febc-46bb-8df0-ec662d74b1a9" testListId="8c84fa94-04c1-424b-9868-57a2d4851a1d" />
    <TestEntry testId="7496f6c0-e383-6fbb-5d3f-fa615fc5ab22" executionId="c3afa2d3-f275-4001-9f34-7b3075c78bc2" testListId="8c84fa94-04c1-424b-9868-57a2d4851a1d" />
    <TestEntry testId="b266e530-9059-cc9e-a2de-5a104736c757" executionId="adde856f-83c7-4099-ab58-ecf51d606e72" testListId="8c84fa94-04c1-424b-9868-57a2d4851a1d" />
    <TestEntry testId="86ff0f06-37e1-737e-28e1-e4da0cef4001" executionId="d59bacfb-ffc8-49aa-b08b-715ebcd61e11" testListId="8c84fa94-04c1-424b-9868-57a2d4851a1d" />
    <TestEntry testId="cdeb3be1-fe32-ff89-e068-e42e39c27a73" executionId="b0434938-33f3-4e88-8927-13732c9d7881" testListId="8c84fa94-04c1-424b-9868-57a2d4851a1d" />
    <TestEntry testId="7b7d00bb-4c5b-d8fb-b3ca-8abd900cc00f" executionId="dd27268c-2065-4295-a516-3eee5e178d1c" testListId="8c84fa94-04c1-424b-9868-57a2d4851a1d" />
    <TestEntry testId="02f82b15-1853-9f05-8754-8f243db3e9b1" executionId="8662cad6-ac64-488e-bdd2-5b8baec4a87e" testListId="8c84fa94-04c1-424b-9868-57a2d4851a1d" />
    <TestEntry testId="b2a12e1f-5796-ca8b-404b-61553a46fbc5" executionId="b5d9e531-13c4-425c-b53a-53471c632b05" testListId="8c84fa94-04c1-424b-9868-57a2d4851a1d" />
    <TestEntry testId="b5f26849-7f95-8deb-3e82-07db33467afb" executionId="8cb2a582-1256-4228-bc03-b78d71870125" testListId="8c84fa94-04c1-424b-9868-57a2d4851a1d" />
    <TestEntry testId="7875ceff-fafb-ef65-16f6-def9c021cbb8" executionId="575b82fe-3f83-4715-91a6-8dec409fbefe" testListId="8c84fa94-04c1-424b-9868-57a2d4851a1d" />
    <TestEntry testId="32010eb0-88b3-7f9e-a459-fb524fc932d7" executionId="00b7c627-6712-411c-98e8-4f723e3b4bc0" testListId="8c84fa94-04c1-424b-9868-57a2d4851a1d" />
    <TestEntry testId="527d41f4-ee35-aeed-39d2-777e78659af8" executionId="a048c4c2-8857-44de-a34d-93b5d619a2ac" testListId="8c84fa94-04c1-424b-9868-57a2d4851a1d" />
    <TestEntry testId="bf09f141-5d04-1546-3599-f58a7debd81e" executionId="0a82491b-569b-4483-8bbc-c29d1dcad209" testListId="8c84fa94-04c1-424b-9868-57a2d4851a1d" />
    <TestEntry testId="b4887e38-5397-4610-6733-1d86030ec9ea" executionId="7bc37ed4-88a5-4160-9fab-6e10c3d96c7a" testListId="8c84fa94-04c1-424b-9868-57a2d4851a1d" />
    <TestEntry testId="f49abb46-6157-b05f-1fad-c8a20a256f62" executionId="c9c2c177-1c02-4bee-8d96-4243662123e0" testListId="8c84fa94-04c1-424b-9868-57a2d4851a1d" />
    <TestEntry testId="ddcae2eb-b1a6-813a-a49c-5333a490205e" executionId="0a5b4013-f25a-4ab0-bbc7-f41ddacb9d39" testListId="8c84fa94-04c1-424b-9868-57a2d4851a1d" />
    <TestEntry testId="1445b267-8883-4711-c51b-1a1ff5eca2f9" executionId="b398cb37-fd1a-4fb7-b509-f250eb314c1f" testListId="8c84fa94-04c1-424b-9868-57a2d4851a1d" />
    <TestEntry testId="7d45d5f5-3a25-9a87-e687-4dc975c05da1" executionId="fbc5f42c-8056-4f8b-8d78-aa06ffd27682" testListId="8c84fa94-04c1-424b-9868-57a2d4851a1d" />
    <TestEntry testId="0fc86efa-aeca-dada-030f-e8045241eaae" executionId="27ae684f-7b33-4df4-a821-77a31af41727" testListId="8c84fa94-04c1-424b-9868-57a2d4851a1d" />
    <TestEntry testId="11c041e5-c464-6527-9aa5-15185ee7ed3b" executionId="8e68bca6-c7d0-47e4-b85f-19baa3d55ec0" testListId="8c84fa94-04c1-424b-9868-57a2d4851a1d" />
    <TestEntry testId="785b55cc-be99-2e92-e97b-e8c0390c5420" executionId="b6fbaea0-724a-490d-8e68-586a16bc1282" testListId="8c84fa94-04c1-424b-9868-57a2d4851a1d" />
    <TestEntry testId="f057999f-37d3-2f7d-8c71-29439544f997" executionId="637a7a10-05a4-4eec-8efe-fd81b4aeb754" testListId="8c84fa94-04c1-424b-9868-57a2d4851a1d" />
    <TestEntry testId="a99bf545-84e2-fafd-ee3f-5153803c3541" executionId="ad397ce8-d34e-4a20-acdb-b892075ccbe6" testListId="8c84fa94-04c1-424b-9868-57a2d4851a1d" />
    <TestEntry testId="74f41b57-bac2-c2b8-f1dc-9469402fc8fa" executionId="fbaa9c79-0eac-40ad-89ca-c036d2fe5ec3" testListId="8c84fa94-04c1-424b-9868-57a2d4851a1d" />
    <TestEntry testId="87886007-6727-2dc4-be03-09aefa74e875" executionId="2f6f6ad9-7a7d-45ad-a315-0ffa9c20b843" testListId="8c84fa94-04c1-424b-9868-57a2d4851a1d" />
    <TestEntry testId="7e4135b8-b66c-77ce-172b-34d352f16888" executionId="5b591c5f-1b15-43d9-8c5d-54597c71bf8d" testListId="8c84fa94-04c1-424b-9868-57a2d4851a1d" />
    <TestEntry testId="1d1eb73d-8b0c-7513-b3af-aa35ad258fdb" executionId="b7d59ad7-2864-4902-9da2-b19aa6ad544a" testListId="8c84fa94-04c1-424b-9868-57a2d4851a1d" />
    <TestEntry testId="efc2a789-ae09-4bb7-d172-5f2d0e3cbf23" executionId="5ebf3e5e-950a-4b86-9b80-5759f6b77706" testListId="8c84fa94-04c1-424b-9868-57a2d4851a1d" />
    <TestEntry testId="6d2fa905-65f5-7d76-6130-8eb8fe67de75" executionId="f85f92d7-b432-4ea7-9026-b0d4d0c4e167" testListId="8c84fa94-04c1-424b-9868-57a2d4851a1d" />
    <TestEntry testId="0bdd31cf-560a-74a8-9cb0-f50b134f6e55" executionId="1a840eb7-0eba-4315-a475-e716237a65cf" testListId="8c84fa94-04c1-424b-9868-57a2d4851a1d" />
    <TestEntry testId="092813bc-e54e-6f29-9d2b-192db0d76045" executionId="b1886a64-4474-4a5f-8285-ba70e08d1bf8" testListId="8c84fa94-04c1-424b-9868-57a2d4851a1d" />
    <TestEntry testId="3a61649c-91c3-4f1a-8a11-3480d7ff1651" executionId="41edbf78-3459-4229-a766-e43e0648eb2c" testListId="8c84fa94-04c1-424b-9868-57a2d4851a1d" />
    <TestEntry testId="f6401660-be6e-6eb8-4af7-4a88425589c4" executionId="fd082ccd-915d-422b-8b11-439351813888" testListId="8c84fa94-04c1-424b-9868-57a2d4851a1d" />
    <TestEntry testId="e6917a9a-a471-dbed-84cc-6e63cf19f9df" executionId="1d4157e6-cf49-4f5d-9889-e20deef86a7d" testListId="8c84fa94-04c1-424b-9868-57a2d4851a1d" />
    <TestEntry testId="ba5b40c3-7100-1940-87d5-9af986ffebd2" executionId="57f833eb-b23e-4be3-88c4-4d92e12cd1e1" testListId="8c84fa94-04c1-424b-9868-57a2d4851a1d" />
    <TestEntry testId="848d2a90-a6ed-8153-c519-d66b9a7193d9" executionId="cc14444d-0abd-4cef-91d8-e044c3327507" testListId="8c84fa94-04c1-424b-9868-57a2d4851a1d" />
    <TestEntry testId="80343684-0ab4-f75e-30e6-62b08568fe03" executionId="4efd53df-0d34-4654-af97-bd5a544c789d" testListId="8c84fa94-04c1-424b-9868-57a2d4851a1d" />
    <TestEntry testId="fd4f7d41-f937-f359-41b7-f6b589c2bdd7" executionId="46c266c5-23f2-4b27-ba7c-01bdbdebf455" testListId="8c84fa94-04c1-424b-9868-57a2d4851a1d" />
    <TestEntry testId="345abed9-9ef3-e2b8-4bc1-ad4b7b82dd26" executionId="b7e5fbcc-6fed-4877-be8d-7327355ef343" testListId="8c84fa94-04c1-424b-9868-57a2d4851a1d" />
    <TestEntry testId="617c3175-15cb-3321-36a3-871fc366b75b" executionId="cee04afc-1d53-4053-8525-3f55c913a707" testListId="8c84fa94-04c1-424b-9868-57a2d4851a1d" />
    <TestEntry testId="6df8a807-c182-b8aa-45a8-8ae3c76a3ec5" executionId="5a6b39ae-7ab3-41d1-88f3-c4c50046e60e" testListId="8c84fa94-04c1-424b-9868-57a2d4851a1d" />
    <TestEntry testId="e72aca21-1347-9775-f65f-ee1c6d7b63bd" executionId="7888c46e-eb83-49ac-aaf2-f548cbd39fa4" testListId="8c84fa94-04c1-424b-9868-57a2d4851a1d" />
    <TestEntry testId="fad10d32-e0c1-4a39-6168-5252fb0f8392" executionId="5e3ef2f9-352f-47ae-a20d-ced142570b9d" testListId="8c84fa94-04c1-424b-9868-57a2d4851a1d" />
    <TestEntry testId="97caedcb-d6ae-5556-8168-c745e877090a" executionId="0ac84ec5-9beb-44da-b89a-c2a9abc5967c" testListId="8c84fa94-04c1-424b-9868-57a2d4851a1d" />
    <TestEntry testId="af9ae316-c7c6-6ac6-11c1-298dd9b256df" executionId="3d3f71d5-def1-4e06-8cc9-f6f9337f6457" testListId="8c84fa94-04c1-424b-9868-57a2d4851a1d" />
    <TestEntry testId="82e7d70c-1a42-9215-0f5f-33fe3e6fa346" executionId="8a6b6b9a-d338-44b5-9ea9-654d118eb856" testListId="8c84fa94-04c1-424b-9868-57a2d4851a1d" />
    <TestEntry testId="7f23cd21-ad85-3cc7-38be-9ece9bfed213" executionId="328c8f50-31db-4f23-882d-4b36d6e20cf7" testListId="8c84fa94-04c1-424b-9868-57a2d4851a1d" />
    <TestEntry testId="1772b5c8-17fc-7339-7078-7951ac9723dd" executionId="154c396a-ac6e-4d55-90a8-d4c4ae9d4c7e" testListId="8c84fa94-04c1-424b-9868-57a2d4851a1d" />
    <TestEntry testId="e34fd7ec-376b-5cd9-f43c-324b72764f5f" executionId="d25df48c-4d6d-409e-a8ce-e112b6eea336" testListId="8c84fa94-04c1-424b-9868-57a2d4851a1d" />
    <TestEntry testId="e6b1d0c3-adf4-f12b-3a3a-a088a5d2227c" executionId="72e56aa7-2332-4725-a986-a5a2807cf74c" testListId="8c84fa94-04c1-424b-9868-57a2d4851a1d" />
    <TestEntry testId="7b53b99d-252e-844e-10ce-3552b8f6980f" executionId="ad6dcf5b-adb0-4e0a-9acf-13ae8ef84acb" testListId="8c84fa94-04c1-424b-9868-57a2d4851a1d" />
    <TestEntry testId="cee29849-c944-ee97-87d2-c62444a8a328" executionId="c1cd612f-9b15-4e7b-b57c-3416704eae2c" testListId="8c84fa94-04c1-424b-9868-57a2d4851a1d" />
    <TestEntry testId="af79a348-5fb3-03eb-c3ed-5bb2185640a5" executionId="79aa400f-eb97-4fad-9254-490c7bc4ae0c" testListId="8c84fa94-04c1-424b-9868-57a2d4851a1d" />
    <TestEntry testId="04b5ae4a-9995-af19-61fb-019921680928" executionId="e618a4a4-eb00-4f78-a1af-c7d8de25ec36" testListId="8c84fa94-04c1-424b-9868-57a2d4851a1d" />
    <TestEntry testId="04969f67-b379-916a-3275-e53bd0718ea4" executionId="3fb9734c-f352-4178-a61f-defbece30d1e" testListId="8c84fa94-04c1-424b-9868-57a2d4851a1d" />
    <TestEntry testId="c8d9f475-0d2c-01ff-49f8-896beab958d5" executionId="eccd6e3a-f5e5-49b6-87c4-43baf3cdaecf" testListId="8c84fa94-04c1-424b-9868-57a2d4851a1d" />
    <TestEntry testId="bf1576c7-03bd-feeb-bbbd-0a36863eaddc" executionId="1f199dd5-b97d-4f14-a930-e7150e05e365" testListId="8c84fa94-04c1-424b-9868-57a2d4851a1d" />
    <TestEntry testId="369d8b6d-6b5f-c2d1-d938-37474ed850e0" executionId="ce4d82d4-137b-4e6f-a09d-a3b2f5faebed" testListId="8c84fa94-04c1-424b-9868-57a2d4851a1d" />
    <TestEntry testId="79aa3047-78e8-7f3b-b717-0010e3a4cd51" executionId="a6a6f08d-9b24-449e-a14d-58f1edbd1588" testListId="8c84fa94-04c1-424b-9868-57a2d4851a1d" />
    <TestEntry testId="13e85df1-3456-393c-8dca-d481490ed075" executionId="7eb66ef9-1bfb-47e4-b3ee-4bb91ca3a368" testListId="8c84fa94-04c1-424b-9868-57a2d4851a1d" />
    <TestEntry testId="dd5c672a-615a-d2df-e240-966d42055469" executionId="dee57ff0-225b-4979-ac2c-e20262c55272" testListId="8c84fa94-04c1-424b-9868-57a2d4851a1d" />
    <TestEntry testId="041696c1-18d1-f2dd-9a5d-5cb1c9e853ff" executionId="a714adf6-9aa9-4e8f-bf81-9501bbb8fdd8" testListId="8c84fa94-04c1-424b-9868-57a2d4851a1d" />
    <TestEntry testId="e384d116-33c4-57e3-344d-6dd941c8a721" executionId="943c5fb9-4e02-4553-a51c-8ca386528e84" testListId="8c84fa94-04c1-424b-9868-57a2d4851a1d" />
    <TestEntry testId="db065917-a97a-fe61-77a4-bb6c5d5457d5" executionId="9d291fb5-4cd9-48a9-abc3-3364ed3cdbff" testListId="8c84fa94-04c1-424b-9868-57a2d4851a1d" />
    <TestEntry testId="a3cd1e56-7e87-cbfe-4696-2cfc61bd79f6" executionId="510bec4f-343f-482c-848f-065324f6275b" testListId="8c84fa94-04c1-424b-9868-57a2d4851a1d" />
    <TestEntry testId="a64a893d-a7c9-f50c-de3c-debed5fa79b5" executionId="33b2c7aa-02f7-4407-a607-46a18ce893ec" testListId="8c84fa94-04c1-424b-9868-57a2d4851a1d" />
    <TestEntry testId="04eed3c3-572e-20dc-ebe7-5f007fb379ab" executionId="e9d5beab-280e-46e7-9668-bb49ff2cbac3" testListId="8c84fa94-04c1-424b-9868-57a2d4851a1d" />
    <TestEntry testId="8a34d143-fbd5-8061-22f1-4fab44554570" executionId="20b3fafc-2686-4417-9725-dafe055a9693" testListId="8c84fa94-04c1-424b-9868-57a2d4851a1d" />
    <TestEntry testId="35113593-4524-9172-cef8-1a1f5c1dfb29" executionId="e4a76f7c-a3bf-4994-aba4-950f418f284f" testListId="8c84fa94-04c1-424b-9868-57a2d4851a1d" />
    <TestEntry testId="a6927394-4cdf-6861-5383-48d3191f12fe" executionId="03855939-f3cc-44fe-999e-60f0f2d7322b" testListId="8c84fa94-04c1-424b-9868-57a2d4851a1d" />
    <TestEntry testId="ac23e196-8a79-cb67-41ad-c8975a08f154" executionId="0654e321-7ef4-4dc5-9868-ed55d250ba1f" testListId="8c84fa94-04c1-424b-9868-57a2d4851a1d" />
    <TestEntry testId="298a4d26-abe3-d2f6-50a3-14e473e9fa24" executionId="873d7bc8-94ba-4ad3-af91-0be828adf1f6" testListId="8c84fa94-04c1-424b-9868-57a2d4851a1d" />
    <TestEntry testId="b41bb231-beda-2963-85d3-5ce48fa4ac9e" executionId="560554e9-d2ca-4a13-9c3d-7649d369da8d" testListId="8c84fa94-04c1-424b-9868-57a2d4851a1d" />
    <TestEntry testId="de399ac2-0e9a-031b-1b43-49701fcdb8f0" executionId="83c92f22-4867-48fa-9f12-20b9ee0da04b" testListId="8c84fa94-04c1-424b-9868-57a2d4851a1d" />
    <TestEntry testId="20eba454-047b-5e64-79ba-74e9397a20a4" executionId="77bcf92b-c54c-4a6e-a6ec-93eefb42fa02" testListId="8c84fa94-04c1-424b-9868-57a2d4851a1d" />
    <TestEntry testId="dc6fc325-7591-5ff6-3e13-ef3b13583bb4" executionId="a6f9ec08-d20f-484a-8f07-00a1c799b73a" testListId="8c84fa94-04c1-424b-9868-57a2d4851a1d" />
    <TestEntry testId="ffb7284d-9149-6f2f-e2cd-12399f61de50" executionId="4e849208-e605-491a-81c2-e2c4cc0218fa" testListId="8c84fa94-04c1-424b-9868-57a2d4851a1d" />
    <TestEntry testId="4593d3e0-40c6-d633-5fcd-f61df33025dc" executionId="6a3446c7-8530-48b0-8084-d06c24d39e52" testListId="8c84fa94-04c1-424b-9868-57a2d4851a1d" />
    <TestEntry testId="37887ca9-f36b-5081-1e8a-5e4e1fff4e53" executionId="8458da17-d128-425a-9d7d-1f39661030fb" testListId="8c84fa94-04c1-424b-9868-57a2d4851a1d" />
    <TestEntry testId="faf63bba-5452-3836-a95e-2474023d45ad" executionId="a5d2d618-e959-444b-8c4f-fa5c3fa3b447" testListId="8c84fa94-04c1-424b-9868-57a2d4851a1d" />
    <TestEntry testId="4f1f0a63-e0be-64e6-2c9f-87d58c623ce7" executionId="7b29d337-896c-458c-b665-5473c6bc6610" testListId="8c84fa94-04c1-424b-9868-57a2d4851a1d" />
    <TestEntry testId="cdb063aa-c8f9-b0b9-d5b0-6f880917f1b4" executionId="4a546500-4b6d-4cee-97c5-885f293892a6" testListId="8c84fa94-04c1-424b-9868-57a2d4851a1d" />
    <TestEntry testId="610377d7-39b0-f1e5-075a-04c0ff0b06a2" executionId="6af7bedd-640a-4d66-a617-58c98574da1c" testListId="8c84fa94-04c1-424b-9868-57a2d4851a1d" />
    <TestEntry testId="1640b6a1-03c2-f3db-49e3-38921c8dee24" executionId="789071b7-af49-4ed9-a39f-465a9bb68975" testListId="8c84fa94-04c1-424b-9868-57a2d4851a1d" />
    <TestEntry testId="11ead46a-3fc2-e54b-9ee7-6572b1ea2616" executionId="007ef390-c5ec-4e0b-a933-e094d2f41a2c" testListId="8c84fa94-04c1-424b-9868-57a2d4851a1d" />
    <TestEntry testId="03343bcc-4f24-4c8a-3ccc-51481d1ee303" executionId="158c252c-7679-4da7-b0c2-7f16fd4dfcc4" testListId="8c84fa94-04c1-424b-9868-57a2d4851a1d" />
    <TestEntry testId="217115b6-0d47-12a1-e34e-67f742ff910b" executionId="99bc0970-e2d3-45a8-8af3-ffd2dd0ef70b" testListId="8c84fa94-04c1-424b-9868-57a2d4851a1d" />
    <TestEntry testId="d8fff351-64d1-1a21-4739-3e89df4d873b" executionId="39706d0b-ab87-4d38-9e23-da08f5c2a6a8" testListId="8c84fa94-04c1-424b-9868-57a2d4851a1d" />
    <TestEntry testId="a08c8488-fa9f-7deb-e37e-0124bdaf71c9" executionId="3c188d87-dc61-45a0-a7ba-bbb77635cad3" testListId="8c84fa94-04c1-424b-9868-57a2d4851a1d" />
    <TestEntry testId="7d9a319c-0aa5-831a-d202-712bedb1b15a" executionId="79aacf69-f9eb-4128-9059-1d5372f620c2" testListId="8c84fa94-04c1-424b-9868-57a2d4851a1d" />
    <TestEntry testId="5fdca359-14d7-98c9-3f79-03e22f946141" executionId="08d6c512-b4b0-42f1-a54c-d5f8085ea145" testListId="8c84fa94-04c1-424b-9868-57a2d4851a1d" />
    <TestEntry testId="a6e465ee-f568-61da-4158-e730cb849679" executionId="6918f5ef-0a87-4793-a8c7-a114d7758a0b" testListId="8c84fa94-04c1-424b-9868-57a2d4851a1d" />
    <TestEntry testId="71fdf905-97fb-1d5b-9602-e52da179cf3f" executionId="2dc5ee04-cdfe-4df7-a473-b035156478bc" testListId="8c84fa94-04c1-424b-9868-57a2d4851a1d" />
    <TestEntry testId="8444e906-7a92-9021-9b3f-57eb7bbd8067" executionId="3b746235-f769-45d9-9019-4380f23509da" testListId="8c84fa94-04c1-424b-9868-57a2d4851a1d" />
    <TestEntry testId="6aa37256-4a27-aaf0-2d68-1faeac68f58c" executionId="5b1d25ac-1f15-4eae-bf8b-869911ae012a" testListId="8c84fa94-04c1-424b-9868-57a2d4851a1d" />
    <TestEntry testId="2f443958-bb91-68f7-90b6-2eae1e3219b3" executionId="688ef727-5772-41d3-bbf7-e29b7e7429d0" testListId="8c84fa94-04c1-424b-9868-57a2d4851a1d" />
    <TestEntry testId="1172006b-9d72-b3a7-ee7d-07862438f160" executionId="ece31b81-08ad-46ae-aa8c-2f751850cb0e" testListId="8c84fa94-04c1-424b-9868-57a2d4851a1d" />
    <TestEntry testId="4b66c56d-0547-dbc0-4364-ccf548a1bb40" executionId="b6e70fd8-5d56-40ff-8083-c4dd77f6cae0" testListId="8c84fa94-04c1-424b-9868-57a2d4851a1d" />
    <TestEntry testId="149b451f-18ff-71da-64d2-d4ad70318933" executionId="21bdb7bb-ce29-496e-b3ba-a9355811dd8b" testListId="8c84fa94-04c1-424b-9868-57a2d4851a1d" />
    <TestEntry testId="9277cfc2-3adf-cf52-f9f5-a84d42e6305c" executionId="ed7641a6-3b02-465d-8034-599b11060d4b" testListId="8c84fa94-04c1-424b-9868-57a2d4851a1d" />
    <TestEntry testId="34a0ec2a-ee87-5c68-071f-7bf4fe21828e" executionId="8442e8ab-0895-4c1a-a360-b910f63a3428" testListId="8c84fa94-04c1-424b-9868-57a2d4851a1d" />
    <TestEntry testId="4df235b9-e889-4809-39c8-ff3e09688830" executionId="81219a1f-8a02-4230-8661-fec0c676bd58" testListId="8c84fa94-04c1-424b-9868-57a2d4851a1d" />
    <TestEntry testId="75afa51d-4efe-ca98-69aa-dcba7171c9c1" executionId="e02017c2-bd4a-4dda-a5e8-9f5b3f9c39a6" testListId="8c84fa94-04c1-424b-9868-57a2d4851a1d" />
    <TestEntry testId="513b5d8b-983e-b793-a988-3659c0ad4956" executionId="b8f60744-9898-4641-b081-93fbe2fbb187" testListId="8c84fa94-04c1-424b-9868-57a2d4851a1d" />
    <TestEntry testId="c2a86a28-0c33-4ec7-8c21-c750433881c4" executionId="5c38fac1-d993-4efd-bd63-97ef38cf6a06" testListId="8c84fa94-04c1-424b-9868-57a2d4851a1d" />
    <TestEntry testId="521fa3b6-9e37-72bc-d9e9-42020df0aa26" executionId="386491d8-b6b4-4698-bbf9-63267e4030ef" testListId="8c84fa94-04c1-424b-9868-57a2d4851a1d" />
    <TestEntry testId="d97cfe1a-5414-3b7f-eeae-c71aa9b34634" executionId="e759133d-a4a5-4c4a-b733-75138108d5a2" testListId="8c84fa94-04c1-424b-9868-57a2d4851a1d" />
    <TestEntry testId="a0b62237-e6b4-ed13-bf88-ac0909d8c7c4" executionId="3771dcd9-acd5-44c7-8127-6ac675e48e45" testListId="8c84fa94-04c1-424b-9868-57a2d4851a1d" />
    <TestEntry testId="0736f335-702e-d9c8-77f1-e0501c90e917" executionId="979b54ba-7ee2-4c9b-9cda-2ac681c147a2" testListId="8c84fa94-04c1-424b-9868-57a2d4851a1d" />
    <TestEntry testId="e2350845-1f3f-6907-3805-d81b5dce3aed" executionId="9f35de69-a2dd-415f-a824-69f323d011a4" testListId="8c84fa94-04c1-424b-9868-57a2d4851a1d" />
    <TestEntry testId="764dde41-f2ed-c432-64e0-910368db710d" executionId="1c43cfa4-b449-4a2c-84c4-9ca51b160782" testListId="8c84fa94-04c1-424b-9868-57a2d4851a1d" />
    <TestEntry testId="a9bc5968-881f-208e-3a3a-e085883b32c4" executionId="f6ee90c7-e69e-4c2a-91d4-7fca53f3dfe9" testListId="8c84fa94-04c1-424b-9868-57a2d4851a1d" />
    <TestEntry testId="386c80c9-6738-6119-052a-4c505d8f4e31" executionId="46b53661-dc41-482a-8b1a-912556e6cf6f" testListId="8c84fa94-04c1-424b-9868-57a2d4851a1d" />
    <TestEntry testId="49538287-c6a8-9cce-5150-35176d68e7fe" executionId="f81034b5-c3a9-4d9e-a1ef-640b28469279" testListId="8c84fa94-04c1-424b-9868-57a2d4851a1d" />
    <TestEntry testId="f3eb9765-0045-7d49-5de3-054bd621a41f" executionId="84485596-0482-41ac-86d5-fa7a7a6fa29c" testListId="8c84fa94-04c1-424b-9868-57a2d4851a1d" />
    <TestEntry testId="0c4c15ff-4158-9c17-cd9b-2647420fd170" executionId="154abf79-fb4a-4568-8c56-0ccf3d3fb31c" testListId="8c84fa94-04c1-424b-9868-57a2d4851a1d" />
    <TestEntry testId="8951be4f-c5d7-21a4-85c8-2fc370bed815" executionId="955d8338-b68a-41fb-b0b5-aca759b646bc" testListId="8c84fa94-04c1-424b-9868-57a2d4851a1d" />
    <TestEntry testId="a7c76906-c1d7-0c9c-096c-a6235194b8e7" executionId="1dad8257-fa57-4bfc-8066-777f1049c135" testListId="8c84fa94-04c1-424b-9868-57a2d4851a1d" />
    <TestEntry testId="70fae426-3482-001e-3d7c-925da7888589" executionId="0080ee36-134a-40d9-aef7-6d98bfef0be3" testListId="8c84fa94-04c1-424b-9868-57a2d4851a1d" />
    <TestEntry testId="1e6f2372-9d34-e630-93c8-967c7d09f6b9" executionId="8ed99dd3-2787-40c8-b372-1ae1a23874f7" testListId="8c84fa94-04c1-424b-9868-57a2d4851a1d" />
    <TestEntry testId="a3e3ac67-b44c-d535-60e6-335f6ba0310c" executionId="0a6fd52d-4b05-4734-8929-c6c96b8dac80" testListId="8c84fa94-04c1-424b-9868-57a2d4851a1d" />
    <TestEntry testId="380eb0c8-d6f7-276e-b9b6-a564a8f6129e" executionId="208dd0f0-3e70-4cae-8e3f-e0d68dcf51b2" testListId="8c84fa94-04c1-424b-9868-57a2d4851a1d" />
    <TestEntry testId="b643553f-2706-197d-9fb1-e9b050657f08" executionId="48f1908a-1c50-4363-b545-7f6222de09c2" testListId="8c84fa94-04c1-424b-9868-57a2d4851a1d" />
    <TestEntry testId="cb302138-e270-3017-57fb-1fe538b37f25" executionId="a6c55440-66ea-4115-bf2e-5a29e80de0e2" testListId="8c84fa94-04c1-424b-9868-57a2d4851a1d" />
    <TestEntry testId="42689aba-eefd-f694-336d-6d6d7296f289" executionId="4cd71b0c-5be6-4a3c-a4a6-784d54121489" testListId="8c84fa94-04c1-424b-9868-57a2d4851a1d" />
    <TestEntry testId="eb4b3a2e-3867-f16d-1f8c-063517acc541" executionId="931cf67e-2737-407c-b350-8648c5cf7111" testListId="8c84fa94-04c1-424b-9868-57a2d4851a1d" />
    <TestEntry testId="5ad0e86b-2487-b287-bce1-03b910ce35db" executionId="b2a29e44-10e8-41da-8a9e-d013a10a4edb" testListId="8c84fa94-04c1-424b-9868-57a2d4851a1d" />
    <TestEntry testId="8119f190-7ed2-77b1-76a6-83f33e4cf393" executionId="bd9a368c-03a1-48cf-b126-2017091b2e8e" testListId="8c84fa94-04c1-424b-9868-57a2d4851a1d" />
    <TestEntry testId="f2705aac-0fab-25bd-44fc-31cfea9f5c9a" executionId="ca0e06c9-f9ae-479a-852e-843e8044dcc6" testListId="8c84fa94-04c1-424b-9868-57a2d4851a1d" />
    <TestEntry testId="d61bc42f-9488-4952-fc35-4acf2d69a35a" executionId="829fb9aa-2af1-4f12-8439-4bdf7949b899" testListId="8c84fa94-04c1-424b-9868-57a2d4851a1d" />
    <TestEntry testId="4b65b228-f0fd-3e1d-e2c9-95f312b6aeb7" executionId="96634a68-438e-4c8b-8034-ca8059071737" testListId="8c84fa94-04c1-424b-9868-57a2d4851a1d" />
    <TestEntry testId="bf8e531c-343c-5c0a-d3e5-66c9023885a3" executionId="7d1f35a4-7021-429a-bb81-8cedb3dd0d33" testListId="8c84fa94-04c1-424b-9868-57a2d4851a1d" />
    <TestEntry testId="3c694193-6244-2822-1520-285efe4d3761" executionId="0cfe612e-e03a-4f6f-b577-f9997fedad6b" testListId="8c84fa94-04c1-424b-9868-57a2d4851a1d" />
    <TestEntry testId="d70b3095-42f0-132e-cf11-a2a412d875fc" executionId="264c501c-8435-4c57-855f-4016e72ab81a" testListId="8c84fa94-04c1-424b-9868-57a2d4851a1d" />
    <TestEntry testId="9629fd85-821b-932c-4f6c-d14c57ed62b0" executionId="98658147-4066-4224-8e88-1e54917e6bf8" testListId="8c84fa94-04c1-424b-9868-57a2d4851a1d" />
    <TestEntry testId="6f51818b-8dfe-7cd4-c8ae-d1150bb85ebd" executionId="94f48472-a5b1-404a-aec7-3918716d7cd4" testListId="8c84fa94-04c1-424b-9868-57a2d4851a1d" />
    <TestEntry testId="55977c6e-f784-84a1-391e-15480b7266b6" executionId="131941ea-4d89-488e-9e30-75f4bc485dbf" testListId="8c84fa94-04c1-424b-9868-57a2d4851a1d" />
    <TestEntry testId="fde9a5ec-e687-8abc-b728-b7fb0bfbd8d4" executionId="b4dd9ec3-8af8-459a-931f-9378169346fe" testListId="8c84fa94-04c1-424b-9868-57a2d4851a1d" />
    <TestEntry testId="9ee728ab-0056-dd90-bcfe-6425ccab758e" executionId="ee59802b-a83c-4367-8bd6-107ddfd79667" testListId="8c84fa94-04c1-424b-9868-57a2d4851a1d" />
    <TestEntry testId="9fc60cd8-d419-6ed6-ac2e-164788256e59" executionId="843064ab-fa19-4acc-b813-7f817ead0394" testListId="8c84fa94-04c1-424b-9868-57a2d4851a1d" />
    <TestEntry testId="7c3fcb5f-2001-b092-5026-72ef7da49275" executionId="c5f9e96f-6a0e-4a78-8193-c40c7016d91b" testListId="8c84fa94-04c1-424b-9868-57a2d4851a1d" />
    <TestEntry testId="a1098879-b96c-d9e8-87b7-d514474f9769" executionId="5b9c635c-d844-40e6-a9ef-05582a70dc68" testListId="8c84fa94-04c1-424b-9868-57a2d4851a1d" />
    <TestEntry testId="0f966d17-36c6-657f-5b98-8b83226f1489" executionId="a2849759-96e4-4abe-874b-939df55d600f" testListId="8c84fa94-04c1-424b-9868-57a2d4851a1d" />
    <TestEntry testId="f4854fd4-587a-5d07-271a-654c42d2751c" executionId="0243c5e4-6b05-4344-ab09-46a318d40917" testListId="8c84fa94-04c1-424b-9868-57a2d4851a1d" />
    <TestEntry testId="0186510a-61e4-d437-2bd3-30738b03ed56" executionId="f489a8a2-ba00-4d0f-8a81-4667a37a105e" testListId="8c84fa94-04c1-424b-9868-57a2d4851a1d" />
    <TestEntry testId="3c248867-d354-cc7e-803e-cd6ef02be22e" executionId="9e93aba0-8fc0-49e3-b2a4-8367a89e9e74" testListId="8c84fa94-04c1-424b-9868-57a2d4851a1d" />
    <TestEntry testId="5fffab77-5cc8-a871-bcdb-d0b800ab8840" executionId="9821efa7-a6f3-44ca-a4fc-5afb5973aa37" testListId="8c84fa94-04c1-424b-9868-57a2d4851a1d" />
    <TestEntry testId="d33250cc-856d-72f0-98a8-7c84be2f792c" executionId="ec15f673-aec8-4e6b-9c5a-e33fd6284360" testListId="8c84fa94-04c1-424b-9868-57a2d4851a1d" />
    <TestEntry testId="c2c62cce-7606-0af4-5c6b-a30ffe30b4ea" executionId="716cd29a-4867-4338-8ac1-6f1dae61c310" testListId="8c84fa94-04c1-424b-9868-57a2d4851a1d" />
    <TestEntry testId="7b5400c4-5377-7ac8-dd1c-7b695cb4115f" executionId="3dd4a253-0d9c-424e-8236-31ee73029cd2" testListId="8c84fa94-04c1-424b-9868-57a2d4851a1d" />
    <TestEntry testId="c08489ce-87ea-9273-1e82-87dd20c6c729" executionId="df92282c-b079-4031-ab4a-f5103733a803" testListId="8c84fa94-04c1-424b-9868-57a2d4851a1d" />
    <TestEntry testId="64432d28-23cd-4cf2-4daf-935cfc9905b7" executionId="fc2bd475-ba28-47cf-ba49-2fe98a8d5255" testListId="8c84fa94-04c1-424b-9868-57a2d4851a1d" />
    <TestEntry testId="37376bb5-e384-3c51-d1d8-3ba613fa9182" executionId="624b57d7-7a2b-4933-96a1-c01b2798720e" testListId="8c84fa94-04c1-424b-9868-57a2d4851a1d" />
    <TestEntry testId="1b5e4bdd-94b8-c181-30ec-747619ebfce8" executionId="30c3dac0-46b9-46f9-b927-ddf61fb5d655" testListId="8c84fa94-04c1-424b-9868-57a2d4851a1d" />
    <TestEntry testId="f40cda09-c7b2-157d-533a-1e4833860e01" executionId="1c06cb60-b27f-4d03-b9b9-d7ab021e85ba" testListId="8c84fa94-04c1-424b-9868-57a2d4851a1d" />
    <TestEntry testId="04967881-3d44-4f25-5839-6dd3eae8bd89" executionId="8dcd6044-d4fd-4092-aa6a-02f87ab550ec" testListId="8c84fa94-04c1-424b-9868-57a2d4851a1d" />
    <TestEntry testId="d5a3e949-dba8-8515-82f0-b4d3600a13aa" executionId="a11a88fe-1a56-4023-a7bd-14b27eae23da" testListId="8c84fa94-04c1-424b-9868-57a2d4851a1d" />
    <TestEntry testId="0bb6c333-e41f-4877-c81e-d24ff9ead53d" executionId="3651ec93-bfe5-45ca-9207-0b0088932e4c" testListId="8c84fa94-04c1-424b-9868-57a2d4851a1d" />
    <TestEntry testId="b1d26b6f-e2ab-c7af-55d4-4d9f04f43eca" executionId="5b7220bb-a307-4d05-9d4b-ea5dcf29d61f" testListId="8c84fa94-04c1-424b-9868-57a2d4851a1d" />
    <TestEntry testId="752f584a-0205-5811-1575-29e94681480b" executionId="623c4a34-cf97-4fb4-864b-6f7f892e2a77" testListId="8c84fa94-04c1-424b-9868-57a2d4851a1d" />
    <TestEntry testId="b8049e3c-9c33-aae7-ee13-10324d7813cb" executionId="6d45bc8c-4ffc-4150-a4e7-b95a42f7c884" testListId="8c84fa94-04c1-424b-9868-57a2d4851a1d" />
    <TestEntry testId="deeaa6b3-3ff5-0109-60b8-733b4bfcf2d5" executionId="27cca390-6641-4ef2-92f0-163686a470f3" testListId="8c84fa94-04c1-424b-9868-57a2d4851a1d" />
    <TestEntry testId="1a9a0ddf-514c-baf9-413c-22119b976aa4" executionId="0dd1a2e6-4410-43a0-9c70-c74746da9536" testListId="8c84fa94-04c1-424b-9868-57a2d4851a1d" />
    <TestEntry testId="f454394e-283b-6832-24e4-e862ec140984" executionId="cdc0516a-6e1c-42dd-acce-5d14c2051135" testListId="8c84fa94-04c1-424b-9868-57a2d4851a1d" />
    <TestEntry testId="45d434bd-96d2-7ca0-c594-4cf5e3f89416" executionId="757e36b3-d22e-4c02-b929-5afc893a7c39" testListId="8c84fa94-04c1-424b-9868-57a2d4851a1d" />
    <TestEntry testId="165a8b6f-de27-26f0-6a14-cdb34a40f4c2" executionId="444d4f61-7de9-4b45-8627-9fcf9c10b26b" testListId="8c84fa94-04c1-424b-9868-57a2d4851a1d" />
    <TestEntry testId="1e0703fd-8132-d66f-f52d-f2f5d027c1d8" executionId="f31858c1-ab5f-4f5a-a63a-6b225415fdee" testListId="8c84fa94-04c1-424b-9868-57a2d4851a1d" />
    <TestEntry testId="bebef051-0a10-725f-3ff5-e30e4f9dd420" executionId="069efc76-888f-4984-9f22-8dcbd9ce291b" testListId="8c84fa94-04c1-424b-9868-57a2d4851a1d" />
    <TestEntry testId="0741a97b-fe60-742a-1f50-b38d8a9cae33" executionId="caccdc68-8223-464f-82ad-a679be91349f" testListId="8c84fa94-04c1-424b-9868-57a2d4851a1d" />
    <TestEntry testId="aeefe3bf-b956-1766-ab65-91503c288180" executionId="90d7f68f-1102-442b-a0dd-0c82459e57a2" testListId="8c84fa94-04c1-424b-9868-57a2d4851a1d" />
    <TestEntry testId="2782a3f6-bb08-acfe-bfab-49ee7d2fdbfa" executionId="e3b24936-1261-449e-9135-cc8292343a4d" testListId="8c84fa94-04c1-424b-9868-57a2d4851a1d" />
    <TestEntry testId="bc811ad8-c7b9-9df7-0d3d-56b12c4539e2" executionId="b71f023e-da23-4f85-9710-b24f255fc88f" testListId="8c84fa94-04c1-424b-9868-57a2d4851a1d" />
    <TestEntry testId="6d4f36db-ef1e-952d-7dfb-29f4be4b6ca7" executionId="11652e20-f756-422c-aad4-523844fab73d" testListId="8c84fa94-04c1-424b-9868-57a2d4851a1d" />
    <TestEntry testId="bf7aea95-4edb-be07-7de0-fdb7b0e337d5" executionId="e23d6bad-7d00-4515-b64b-61e50a0623df" testListId="8c84fa94-04c1-424b-9868-57a2d4851a1d" />
    <TestEntry testId="70f1979c-5fec-f41c-4467-96ed1c16b145" executionId="e96f507d-50e2-4114-9bae-1b5e4aa82f12" testListId="8c84fa94-04c1-424b-9868-57a2d4851a1d" />
    <TestEntry testId="f06d92cb-e236-f7f9-e645-0971359a129a" executionId="915a7ba4-a0f8-4d27-a394-47443cebaf55" testListId="8c84fa94-04c1-424b-9868-57a2d4851a1d" />
    <TestEntry testId="a66db8ec-8bb4-14b5-d72b-619fdbf967a5" executionId="594fa751-417e-4793-bee2-1b4a4078b2e4" testListId="8c84fa94-04c1-424b-9868-57a2d4851a1d" />
    <TestEntry testId="27b9fbe0-03f5-4d47-663b-0785c7f9ec49" executionId="04bd8f5d-d670-4433-8fac-8950757dd152" testListId="8c84fa94-04c1-424b-9868-57a2d4851a1d" />
    <TestEntry testId="3f6f5d68-0845-7e29-25ea-1750d0b3ad97" executionId="58fde637-ab7d-46a6-8f50-a94bf953d68c" testListId="8c84fa94-04c1-424b-9868-57a2d4851a1d" />
    <TestEntry testId="c09eca31-2a58-b146-7d55-b556b7020c68" executionId="3f53dd1d-d11b-4af6-9fdb-ffc7344211b5" testListId="8c84fa94-04c1-424b-9868-57a2d4851a1d" />
    <TestEntry testId="96aa3d29-1365-f48b-4ac9-cdc761ea41b1" executionId="2c6aefa9-b9a7-4e9d-bdce-a9fc844e029f" testListId="8c84fa94-04c1-424b-9868-57a2d4851a1d" />
    <TestEntry testId="bc954cfc-79b1-8687-e8d1-aab98a75fd1a" executionId="99bb18c6-8a83-475d-886f-f74af065b2b8" testListId="8c84fa94-04c1-424b-9868-57a2d4851a1d" />
    <TestEntry testId="c7b07fde-ab61-697a-6040-f2f4c1529d34" executionId="7c254d2a-0925-4e5a-9a5c-ea1caade2ba8" testListId="8c84fa94-04c1-424b-9868-57a2d4851a1d" />
    <TestEntry testId="eda712ea-15dc-6cac-535c-79a64a40aa02" executionId="aa6131c5-5337-4415-9c1f-f592157f56b7" testListId="8c84fa94-04c1-424b-9868-57a2d4851a1d" />
    <TestEntry testId="0edcab43-1e4a-6ea7-7c7b-b02803f7c8b9" executionId="a79abb7a-7cc9-484b-a324-8b520b304121" testListId="8c84fa94-04c1-424b-9868-57a2d4851a1d" />
    <TestEntry testId="e616a89e-e9f6-0465-592f-c052811c9fe2" executionId="8803e53c-32c0-4e22-be79-701f9dfff699" testListId="8c84fa94-04c1-424b-9868-57a2d4851a1d" />
    <TestEntry testId="d6efedb1-9c49-9ed3-fbe1-de90224308a3" executionId="983a5925-cc1a-4156-a030-03ce92997c15" testListId="8c84fa94-04c1-424b-9868-57a2d4851a1d" />
    <TestEntry testId="fbe41254-a5bc-bdde-4d71-8c5eb07a0fb3" executionId="7c5fb2f7-2560-482f-a1e1-b7d8faa32c25" testListId="8c84fa94-04c1-424b-9868-57a2d4851a1d" />
    <TestEntry testId="d45e0a24-dbfe-46a9-68b0-8da0a6094838" executionId="068ecdd1-0223-42e2-b207-04e8c4192e21" testListId="8c84fa94-04c1-424b-9868-57a2d4851a1d" />
    <TestEntry testId="8537861e-52bb-f63c-38f8-3f1d41ff88e5" executionId="c040b3df-c4f3-43dc-aa9c-046a0285578a" testListId="8c84fa94-04c1-424b-9868-57a2d4851a1d" />
    <TestEntry testId="ce58807f-4456-2f1b-abea-6bcc9dcfe2eb" executionId="67d86d56-cbdc-4e6c-8624-64b8a63e12da" testListId="8c84fa94-04c1-424b-9868-57a2d4851a1d" />
    <TestEntry testId="5eb51ac6-bd9f-5d8a-8a44-d83118d83beb" executionId="51ace0a9-1741-4884-a86e-a89975d079be" testListId="8c84fa94-04c1-424b-9868-57a2d4851a1d" />
    <TestEntry testId="5eec1dec-2d00-5deb-f000-c17eea3526a6" executionId="6f6819d6-6db1-4029-912b-034261db12ca" testListId="8c84fa94-04c1-424b-9868-57a2d4851a1d" />
    <TestEntry testId="8d3460f1-a4b4-e4c2-2d2b-85718b89d128" executionId="05422e37-6889-4f98-b096-2fa2f20c601f" testListId="8c84fa94-04c1-424b-9868-57a2d4851a1d" />
    <TestEntry testId="9c7df8f2-0bef-5347-a48a-3dbf0cbe5e21" executionId="a28b2cec-a7f5-4c2f-ab36-cdd66f944a58" testListId="8c84fa94-04c1-424b-9868-57a2d4851a1d" />
    <TestEntry testId="762e5ce4-0443-8529-2419-b15e6b3af056" executionId="90d64517-0a72-4eb2-9c4b-7af827da0e8d" testListId="8c84fa94-04c1-424b-9868-57a2d4851a1d" />
    <TestEntry testId="90524d2a-adb4-bd7e-769a-526d502faf2e" executionId="26a79534-2596-4ca9-badb-a5a184897231" testListId="8c84fa94-04c1-424b-9868-57a2d4851a1d" />
    <TestEntry testId="dbb1fa1a-a5ee-99ca-9749-48d31eb98113" executionId="64930bb3-7430-4293-a6c2-d6f3041fcaac" testListId="8c84fa94-04c1-424b-9868-57a2d4851a1d" />
    <TestEntry testId="af3111d5-b888-5828-d92f-ad0d56c13b83" executionId="925af5b6-f7e7-4d0e-8c7a-0dae6e355454" testListId="8c84fa94-04c1-424b-9868-57a2d4851a1d" />
    <TestEntry testId="9a937ae8-d764-8210-812b-522cffbf8c6f" executionId="7620051b-095c-477b-9fa3-18a5e4445769" testListId="8c84fa94-04c1-424b-9868-57a2d4851a1d" />
    <TestEntry testId="837f3b30-3aeb-50a8-d532-f419df9834ba" executionId="2373289a-d734-436d-9668-4a03c76d882e" testListId="8c84fa94-04c1-424b-9868-57a2d4851a1d" />
    <TestEntry testId="1476985a-ce79-252c-fc82-6cfb05e64152" executionId="764b9de7-c82b-41dc-bd87-6c02138c461c" testListId="8c84fa94-04c1-424b-9868-57a2d4851a1d" />
    <TestEntry testId="69564ef2-123d-d3db-baf6-6a27b0eb9c23" executionId="ab5a31e7-05c5-440b-a07a-8a9dd69ef48b" testListId="8c84fa94-04c1-424b-9868-57a2d4851a1d" />
    <TestEntry testId="71b16f9b-dbb0-7a23-533d-802c9512270b" executionId="07a9ed0b-d03d-4c5c-a45e-6b115859990e" testListId="8c84fa94-04c1-424b-9868-57a2d4851a1d" />
    <TestEntry testId="b781e920-c895-0d1c-5363-71c65713c53a" executionId="04ff2121-227d-4138-b09f-c3849fc638a2" testListId="8c84fa94-04c1-424b-9868-57a2d4851a1d" />
    <TestEntry testId="bce75dbd-45ca-03c5-19ba-bad21cb2572e" executionId="dd68b68f-55bb-4ae2-8adc-0080a38808af" testListId="8c84fa94-04c1-424b-9868-57a2d4851a1d" />
    <TestEntry testId="2b18aff2-35ed-39eb-0869-97e8dcc5f3f1" executionId="b6c809ff-0c86-4c03-977b-e806c4045439" testListId="8c84fa94-04c1-424b-9868-57a2d4851a1d" />
    <TestEntry testId="7b7e9341-cf8b-f510-483a-d874dccbbbca" executionId="2bb76c50-1cd0-4c9c-a730-90b13f5879c7" testListId="8c84fa94-04c1-424b-9868-57a2d4851a1d" />
    <TestEntry testId="859e7823-e1a7-1174-301f-2aa38167af9b" executionId="8acc6c83-6137-47a9-a273-b5d63d5cdcee" testListId="8c84fa94-04c1-424b-9868-57a2d4851a1d" />
    <TestEntry testId="34f38fc8-ae53-5e82-0417-57e4237764fa" executionId="160bf98b-bcaf-4736-837f-7afc21ef02b5" testListId="8c84fa94-04c1-424b-9868-57a2d4851a1d" />
    <TestEntry testId="bde33f3c-8432-543f-ee46-b13606db09db" executionId="8d8565ee-526b-4afd-8860-9b3b8128c9ea" testListId="8c84fa94-04c1-424b-9868-57a2d4851a1d" />
    <TestEntry testId="4ce6cb72-dabd-e3eb-6074-df75f0abcb26" executionId="28e3f65c-8ca4-4b9d-aa9d-b14990aaff1a" testListId="8c84fa94-04c1-424b-9868-57a2d4851a1d" />
    <TestEntry testId="a50649ef-585c-8158-fd90-9ac54f51f860" executionId="f86d017e-65ce-4551-b388-3b27ff422381" testListId="8c84fa94-04c1-424b-9868-57a2d4851a1d" />
    <TestEntry testId="610f0902-3657-5dff-20ec-353a29cbd7c4" executionId="60b47aaa-fe4c-4459-982a-71a30bf3e600" testListId="8c84fa94-04c1-424b-9868-57a2d4851a1d" />
    <TestEntry testId="796d7949-31f4-bb9f-3f5b-ffa9238af688" executionId="8e224055-56cb-4ff5-8b9d-85bf52011a25" testListId="8c84fa94-04c1-424b-9868-57a2d4851a1d" />
    <TestEntry testId="705f4fef-5f3d-03f1-6410-c3ee16921998" executionId="a056dca2-61c6-43d6-9cef-34316cd890f5" testListId="8c84fa94-04c1-424b-9868-57a2d4851a1d" />
    <TestEntry testId="72246d42-3df4-5454-c0c9-cf24737deb1a" executionId="18613c3b-7812-42ab-8487-928e1195e8af" testListId="8c84fa94-04c1-424b-9868-57a2d4851a1d" />
    <TestEntry testId="5fa0a4c4-15f2-a193-6e7e-18d36636da1f" executionId="a965480a-f0fb-4ca2-aa32-84f0314f5c5f" testListId="8c84fa94-04c1-424b-9868-57a2d4851a1d" />
    <TestEntry testId="9a124f11-40ca-d2aa-a849-6941897e0c0b" executionId="c6781a3e-7c1c-408a-83b2-6fcd64e08e56" testListId="8c84fa94-04c1-424b-9868-57a2d4851a1d" />
    <TestEntry testId="fea06ea0-1747-ca17-2548-261210975e57" executionId="12e4cc02-2706-4882-8668-6629dd0c5fb9" testListId="8c84fa94-04c1-424b-9868-57a2d4851a1d" />
    <TestEntry testId="94cff85e-e7bb-c94b-e20b-765eb3997f75" executionId="cda96e0a-07f6-4354-b33e-9ba928472685" testListId="8c84fa94-04c1-424b-9868-57a2d4851a1d" />
    <TestEntry testId="9c14da41-934e-02e1-653f-9f7dc91a12aa" executionId="db643348-3674-47f4-9875-8cd75a61bfce" testListId="8c84fa94-04c1-424b-9868-57a2d4851a1d" />
    <TestEntry testId="32b6919d-1fc0-c669-26d4-2a969f5a55fe" executionId="c4006608-b894-4f93-bcbf-7b0c9027748e" testListId="8c84fa94-04c1-424b-9868-57a2d4851a1d" />
    <TestEntry testId="da69ab52-f883-eabf-8235-9cb66a514e58" executionId="0ec4da37-9fc2-4f85-85e9-f09456e5c845" testListId="8c84fa94-04c1-424b-9868-57a2d4851a1d" />
    <TestEntry testId="ba2e227c-c79f-6137-d335-88fa098146b3" executionId="efcbd2a2-19fb-4bdd-8cfe-c714ebf8aa82" testListId="8c84fa94-04c1-424b-9868-57a2d4851a1d" />
    <TestEntry testId="eaf85606-7f0d-3e94-fb5d-ed88b536baa0" executionId="824a73a9-e4df-4e79-b0a9-38c8dbc57fe1" testListId="8c84fa94-04c1-424b-9868-57a2d4851a1d" />
    <TestEntry testId="5372d0c3-7454-6ed0-3140-c46dbf17af10" executionId="2b0eb3de-d2a0-482b-9072-f247282b2f55" testListId="8c84fa94-04c1-424b-9868-57a2d4851a1d" />
    <TestEntry testId="1e5c078d-f94d-c926-473c-575e7ad77b95" executionId="6c1acb66-1e32-4fbb-b0ac-3b7f063ef32e" testListId="8c84fa94-04c1-424b-9868-57a2d4851a1d" />
    <TestEntry testId="1ead85ed-9e84-e345-248b-37b2bb2fd57c" executionId="bf6ab2cc-2350-4448-a73e-7d67066bed13" testListId="8c84fa94-04c1-424b-9868-57a2d4851a1d" />
    <TestEntry testId="0d37f434-250b-5238-45a8-c128f2ef42ef" executionId="b81e245b-0b40-4dfd-96aa-f9da3ec2c462" testListId="8c84fa94-04c1-424b-9868-57a2d4851a1d" />
    <TestEntry testId="d54410c1-a007-adf6-a1dc-8caa96e947a3" executionId="a3bc6f5f-78a3-47ef-8e71-d6d30d84809a" testListId="8c84fa94-04c1-424b-9868-57a2d4851a1d" />
    <TestEntry testId="4c3c57ae-2e5c-e5eb-314a-7aa532a2bb5e" executionId="5e372cb9-c9f2-4caf-90e5-511a62db54b4" testListId="8c84fa94-04c1-424b-9868-57a2d4851a1d" />
    <TestEntry testId="b9452443-27e0-9ab0-1723-70a405c1b43f" executionId="a8be17cb-384a-4d60-aa01-18809e35247c" testListId="8c84fa94-04c1-424b-9868-57a2d4851a1d" />
    <TestEntry testId="ef7b8988-d111-e493-786c-6d198480cf20" executionId="b6040c6f-c7f6-4c6d-9af4-fbdb87e65ac0" testListId="8c84fa94-04c1-424b-9868-57a2d4851a1d" />
    <TestEntry testId="afd0d33f-f4d8-2831-3613-5b41efd13c3b" executionId="14db9a88-91bf-4d1a-9a91-d56f68fa345f" testListId="8c84fa94-04c1-424b-9868-57a2d4851a1d" />
    <TestEntry testId="67f8d8e0-1fb7-7817-1ba6-6557149ef676" executionId="a58986b8-197d-4e9a-8be2-726f9456a42c" testListId="8c84fa94-04c1-424b-9868-57a2d4851a1d" />
    <TestEntry testId="a2324ec9-fe68-9e74-cace-8efe295e824d" executionId="cfa7fd6b-8148-44a6-87f4-bd80919ef203" testListId="8c84fa94-04c1-424b-9868-57a2d4851a1d" />
    <TestEntry testId="4b337c41-7f92-2137-58f8-ec4a04af8e6b" executionId="c1c7aa2e-c477-46cf-b987-e0cdb3664831" testListId="8c84fa94-04c1-424b-9868-57a2d4851a1d" />
    <TestEntry testId="faa22825-903a-641b-03f7-ccff8cccfbb2" executionId="76a69cef-049c-4bd5-872b-d33721786d43" testListId="8c84fa94-04c1-424b-9868-57a2d4851a1d" />
    <TestEntry testId="dafbe950-e143-41f5-1a50-ea362a5aa5d4" executionId="eacdab53-170f-4d99-b134-0c0d75e3518a" testListId="8c84fa94-04c1-424b-9868-57a2d4851a1d" />
    <TestEntry testId="fb944051-8a30-bb84-bc2a-dc4270028415" executionId="cb46e32f-0e7f-4cd0-a8c4-e09fd6b532ae" testListId="8c84fa94-04c1-424b-9868-57a2d4851a1d" />
    <TestEntry testId="25c75db4-22d0-52b7-8169-fe8bfa7112f2" executionId="8bcda0ff-a1c0-4efe-8abd-5f5d6324252e" testListId="8c84fa94-04c1-424b-9868-57a2d4851a1d" />
    <TestEntry testId="255f4f6e-1bfc-cdd8-fb29-a1f4f034b89a" executionId="dc9285da-02ff-4aeb-9e23-900f597f1a3e" testListId="8c84fa94-04c1-424b-9868-57a2d4851a1d" />
    <TestEntry testId="cf776b29-1018-5167-38d5-0aac7593edc5" executionId="96e1e5e7-df91-479a-80f4-caef571a7f14" testListId="8c84fa94-04c1-424b-9868-57a2d4851a1d" />
    <TestEntry testId="546fc2ea-9df5-50bd-d263-31b0a2faf8aa" executionId="05bfa23d-a6a2-4dc8-ab1a-c610198cdf6e" testListId="8c84fa94-04c1-424b-9868-57a2d4851a1d" />
    <TestEntry testId="615860d1-0b9e-6fa5-7fc7-61ac89388548" executionId="d89d1d4c-d98b-443c-a881-df248a0bc667" testListId="8c84fa94-04c1-424b-9868-57a2d4851a1d" />
    <TestEntry testId="a71dfd40-e5c3-4b5b-03e3-172683e7a4a4" executionId="04c7196a-3da7-4674-b5d9-f7b487593a79" testListId="8c84fa94-04c1-424b-9868-57a2d4851a1d" />
    <TestEntry testId="71678dc5-b379-afbc-5607-17cbf413146c" executionId="91760563-e794-4b21-b69a-035072174367" testListId="8c84fa94-04c1-424b-9868-57a2d4851a1d" />
    <TestEntry testId="c9bdc46f-9c2d-d658-e774-72448865739f" executionId="fcfc0b31-6c05-4b39-b372-9c5596c20de4" testListId="8c84fa94-04c1-424b-9868-57a2d4851a1d" />
    <TestEntry testId="3d581e6e-ac62-d984-1637-f1fef62a5597" executionId="ba64a24f-52ae-4e7e-9cf3-dc649afa4eda" testListId="8c84fa94-04c1-424b-9868-57a2d4851a1d" />
    <TestEntry testId="c350fedf-0a65-57f7-f133-063ae7c0e4c8" executionId="8c11f84e-2422-4418-bde9-148c9e581902" testListId="8c84fa94-04c1-424b-9868-57a2d4851a1d" />
    <TestEntry testId="333aaef5-a204-ff89-a246-bb5035b09f90" executionId="8ad945a6-17fc-47b0-8936-3c3f6d1a10ea" testListId="8c84fa94-04c1-424b-9868-57a2d4851a1d" />
    <TestEntry testId="943e674e-9656-f2f6-06a7-f12c38d1347c" executionId="05482e9f-17e7-459a-a7f4-354cd49ba027" testListId="8c84fa94-04c1-424b-9868-57a2d4851a1d" />
    <TestEntry testId="9e338ff4-5402-3f35-08f3-bafb7669b187" executionId="7b3aaa85-5839-40ef-883f-26ebc9fb52d6" testListId="8c84fa94-04c1-424b-9868-57a2d4851a1d" />
    <TestEntry testId="58ed8150-ee65-8df8-a854-bba06457b4da" executionId="6adf5489-753b-4e00-9c75-f71bccf73b42" testListId="8c84fa94-04c1-424b-9868-57a2d4851a1d" />
    <TestEntry testId="2adcf87c-7078-5286-2ca1-778b501cd9f7" executionId="10f70bb0-7a46-4c0b-9f01-368a26eb5a6a" testListId="8c84fa94-04c1-424b-9868-57a2d4851a1d" />
    <TestEntry testId="024506f9-eb28-1802-65f5-4eafd9fc8776" executionId="b71ff4e7-4560-4f65-bac7-fedd6fa3d2ff" testListId="8c84fa94-04c1-424b-9868-57a2d4851a1d" />
    <TestEntry testId="1ea77442-f3cd-edae-4255-8405196cf08f" executionId="f43e62c3-3301-44e8-a03f-f529ccdf21f6" testListId="8c84fa94-04c1-424b-9868-57a2d4851a1d" />
    <TestEntry testId="40bf488b-c6ae-b189-e7b5-8aa7dd656fea" executionId="750dca2b-95fc-4a61-9076-c7e87aa86e5b" testListId="8c84fa94-04c1-424b-9868-57a2d4851a1d" />
    <TestEntry testId="0f34bf53-f1cd-8615-6e75-51f26224ccf1" executionId="baeb3fd0-8bf8-4a07-9396-9c40134781cf" testListId="8c84fa94-04c1-424b-9868-57a2d4851a1d" />
    <TestEntry testId="21c3231d-e912-0f46-5fbf-421ff3f2435e" executionId="01dbb45e-e2c3-42be-856c-157064a8e5e1" testListId="8c84fa94-04c1-424b-9868-57a2d4851a1d" />
    <TestEntry testId="f2da4add-4324-6352-9afd-0fe37f754b21" executionId="7fbf4666-3707-4da3-a4f9-6e4fe8995bf1" testListId="8c84fa94-04c1-424b-9868-57a2d4851a1d" />
    <TestEntry testId="ce8c4658-51b9-647a-8bb3-9c2995dd5a3c" executionId="689770ad-9b15-4505-be01-c7465a581586" testListId="8c84fa94-04c1-424b-9868-57a2d4851a1d" />
    <TestEntry testId="d6353a5c-aebf-48c3-7e68-77f3a0ea8301" executionId="785f00b5-28c4-4978-bbba-ef1a778215e7" testListId="8c84fa94-04c1-424b-9868-57a2d4851a1d" />
    <TestEntry testId="01cb383a-3e5a-acd0-bce9-5df29c661a7c" executionId="e5dc41ee-61ec-472a-8ecf-5c9667b83a56" testListId="8c84fa94-04c1-424b-9868-57a2d4851a1d" />
    <TestEntry testId="74db41bd-054e-abff-59c5-f7d3ecdafbd4" executionId="85483604-e1b1-4819-9f43-f6f79add55c6" testListId="8c84fa94-04c1-424b-9868-57a2d4851a1d" />
    <TestEntry testId="f0aad1e7-1486-b29a-7a82-84f2693dfbe3" executionId="b8480df6-0121-442b-b7b9-860710f5fd3e" testListId="8c84fa94-04c1-424b-9868-57a2d4851a1d" />
    <TestEntry testId="60e1884b-abd9-92c1-f58c-08f7b4b4de40" executionId="41b8dc2e-0398-4f3b-b2ca-751ae32fe69f" testListId="8c84fa94-04c1-424b-9868-57a2d4851a1d" />
    <TestEntry testId="ecefef35-6686-837e-5061-bcb9badf51b3" executionId="92416270-e02b-4119-b5ef-5713cfeac651" testListId="8c84fa94-04c1-424b-9868-57a2d4851a1d" />
    <TestEntry testId="c7f52afa-564d-8d59-88a3-ea1bc3790407" executionId="059e1e72-e19a-40f1-932d-1c47c64fda38" testListId="8c84fa94-04c1-424b-9868-57a2d4851a1d" />
    <TestEntry testId="2ed0b312-2f27-0f0b-487a-dea260d635a9" executionId="68b6132f-6046-4210-b9a2-c82e71abb9a5" testListId="8c84fa94-04c1-424b-9868-57a2d4851a1d" />
    <TestEntry testId="e4cccfe6-fb6d-a0d6-3337-e528b068adae" executionId="0ceed0bf-1128-4de3-b039-345f8bc0caef" testListId="8c84fa94-04c1-424b-9868-57a2d4851a1d" />
    <TestEntry testId="20032a0f-2ee3-8893-1563-317bcc5ab61c" executionId="fae23734-a8e8-438c-b6bd-607ef95e723a" testListId="8c84fa94-04c1-424b-9868-57a2d4851a1d" />
    <TestEntry testId="942bc263-e8dd-056d-20fc-b03fc0f2fe09" executionId="243396df-bf8e-46c0-8873-61a1f049bfc8" testListId="8c84fa94-04c1-424b-9868-57a2d4851a1d" />
    <TestEntry testId="c7fd498b-03da-468c-aa24-ce275275bb84" executionId="a4a0aaf6-71b9-448b-845f-2f3a00f09729" testListId="8c84fa94-04c1-424b-9868-57a2d4851a1d" />
    <TestEntry testId="9dc75585-8b30-1a60-5f46-ba30d03b7635" executionId="10236ddd-3d46-4f26-9db7-71123a149f6d" testListId="8c84fa94-04c1-424b-9868-57a2d4851a1d" />
    <TestEntry testId="9cef29cf-98fb-f211-5054-ae4d42774e1f" executionId="83d19bef-f48d-4e0c-83c4-fd0de15cf579" testListId="8c84fa94-04c1-424b-9868-57a2d4851a1d" />
    <TestEntry testId="d010d6f6-5302-e7a6-bd9d-f255dac3cdb8" executionId="8eb396e5-50fb-4912-b6e5-ef471d2b2ab9" testListId="8c84fa94-04c1-424b-9868-57a2d4851a1d" />
    <TestEntry testId="35a2b898-28ef-3d54-ad66-b8bbc7ede2a3" executionId="1bb65617-f52e-4b00-a40e-83a4f131931f" testListId="8c84fa94-04c1-424b-9868-57a2d4851a1d" />
    <TestEntry testId="b079a5c8-df38-5909-534e-204d0d33ecf8" executionId="9f62caf0-331c-44dc-bbcd-3eb0a4ef92d9" testListId="8c84fa94-04c1-424b-9868-57a2d4851a1d" />
    <TestEntry testId="0ebe3939-f18c-dec0-703f-01349ca5c1ad" executionId="a9e64690-3f97-4c72-aa6b-448b3a20ca6e" testListId="8c84fa94-04c1-424b-9868-57a2d4851a1d" />
    <TestEntry testId="f9c4ace8-7c88-3dcb-8c8b-9f280e8b25b8" executionId="cd1be5ec-7c48-491e-b292-44c185617bda" testListId="8c84fa94-04c1-424b-9868-57a2d4851a1d" />
    <TestEntry testId="7a151ddf-b76f-a627-8d14-57dc244734db" executionId="5b06c1df-20de-41a8-871f-815b791d0890" testListId="8c84fa94-04c1-424b-9868-57a2d4851a1d" />
    <TestEntry testId="29ce62dc-57a0-98b0-2349-436efa39dc09" executionId="72701e3e-775e-45ce-acc2-896e983a6075" testListId="8c84fa94-04c1-424b-9868-57a2d4851a1d" />
    <TestEntry testId="209edf4d-3b12-5a43-fec0-fca0d1a4ea6d" executionId="3a022f54-e7ad-4863-aa38-f139c4473197" testListId="8c84fa94-04c1-424b-9868-57a2d4851a1d" />
    <TestEntry testId="0a65341a-9de3-344f-781f-a38c0f56cbef" executionId="16e87292-142e-4ab6-a581-c07da249d6d3" testListId="8c84fa94-04c1-424b-9868-57a2d4851a1d" />
    <TestEntry testId="c6ae4b68-49e1-d669-439e-3d0b7ef0cea4" executionId="0e9061e8-25ba-44d8-9974-11c43ec36c90" testListId="8c84fa94-04c1-424b-9868-57a2d4851a1d" />
    <TestEntry testId="7e773498-17b4-9b46-23f5-2783933d2759" executionId="7faf84ca-46b4-4621-afb8-e9c9b5fc7537" testListId="8c84fa94-04c1-424b-9868-57a2d4851a1d" />
    <TestEntry testId="4d74b8de-5123-86ec-ab4f-2d4ce6434a23" executionId="0c5f4c9c-5214-40a7-97e4-0d2b0a6cf320" testListId="8c84fa94-04c1-424b-9868-57a2d4851a1d" />
    <TestEntry testId="38306153-a308-b729-5fc5-ac18787be15f" executionId="273241ef-45ad-4962-90eb-fc2e1bf26751" testListId="8c84fa94-04c1-424b-9868-57a2d4851a1d" />
    <TestEntry testId="8afbc81b-c940-0dce-6ef9-318ffda0f1ea" executionId="e8550532-1fe5-4d0d-b366-9e8f5f8a416f" testListId="8c84fa94-04c1-424b-9868-57a2d4851a1d" />
    <TestEntry testId="40f4c03f-760c-5f9a-0d6d-791657138d6a" executionId="00cf50ef-4ade-452d-8267-edd369d1a3d2" testListId="8c84fa94-04c1-424b-9868-57a2d4851a1d" />
    <TestEntry testId="41200b0a-b89d-be5b-7447-22f852721d92" executionId="10d10f31-acf2-4de4-8965-cfb50ae18743" testListId="8c84fa94-04c1-424b-9868-57a2d4851a1d" />
    <TestEntry testId="25e8173f-164f-a6d3-7781-f064566ee4cd" executionId="e4f5df39-7137-4efa-b50f-3775bb2fc45c" testListId="8c84fa94-04c1-424b-9868-57a2d4851a1d" />
    <TestEntry testId="4662df59-28c1-5a49-3a88-d0d7d9c3969d" executionId="dcb33a36-e1b5-4c4d-9eb3-b2f47e5e369d" testListId="8c84fa94-04c1-424b-9868-57a2d4851a1d" />
    <TestEntry testId="c813b080-ad5f-d9e2-c675-1e1394f00010" executionId="0ad69b49-a454-468f-a20a-a8ecc98eaefa" testListId="8c84fa94-04c1-424b-9868-57a2d4851a1d" />
    <TestEntry testId="ba3d44ab-713b-26da-eeee-600e16cfe130" executionId="15104af6-4306-48cb-bf2e-fd0001c64759" testListId="8c84fa94-04c1-424b-9868-57a2d4851a1d" />
    <TestEntry testId="6700c77f-a72c-833c-b2d9-a0d02a9534be" executionId="0f57f902-b652-428d-ae28-da8574152934" testListId="8c84fa94-04c1-424b-9868-57a2d4851a1d" />
    <TestEntry testId="f7364d60-2df0-c5fc-137c-b9b46fcd6fe9" executionId="51b0e8d3-87f3-49ce-af82-6e9736136c73" testListId="8c84fa94-04c1-424b-9868-57a2d4851a1d" />
    <TestEntry testId="81df71bb-e962-4121-4d15-80e255b37b1f" executionId="9446bc60-b4c6-4c9e-b1ef-1cd5b3eaceab" testListId="8c84fa94-04c1-424b-9868-57a2d4851a1d" />
    <TestEntry testId="7d53e131-e454-48a3-7f61-9c807826acb2" executionId="9842d473-04ba-4a8c-8f3c-4e406b88e95a" testListId="8c84fa94-04c1-424b-9868-57a2d4851a1d" />
    <TestEntry testId="df3985f6-a310-5cd4-8528-b305d96c9c87" executionId="e4a5c558-0599-43a6-ab1d-1708310fc805" testListId="8c84fa94-04c1-424b-9868-57a2d4851a1d" />
    <TestEntry testId="632ea7a5-ff19-c828-ab06-71f1c1ae0c57" executionId="92cd0733-78b6-4b8d-9a08-6d6c14662636" testListId="8c84fa94-04c1-424b-9868-57a2d4851a1d" />
    <TestEntry testId="7df385e8-e01d-d2ef-2361-abb8175fc7ae" executionId="cc8ce1cf-1b8e-47da-bb68-2fbdf18e5666" testListId="8c84fa94-04c1-424b-9868-57a2d4851a1d" />
    <TestEntry testId="9e7bb479-43f6-3e5b-9858-d1abf76cc2e6" executionId="c8bcd20f-4fea-4ce6-b36c-59784d6f343c" testListId="8c84fa94-04c1-424b-9868-57a2d4851a1d" />
    <TestEntry testId="6fa66cd3-3174-5023-d80b-ce9981bfadfc" executionId="d16e6d8b-743a-4167-9eb3-f32bb82a262f" testListId="8c84fa94-04c1-424b-9868-57a2d4851a1d" />
    <TestEntry testId="5220db90-feed-daf9-71ce-ce8aa9bc9232" executionId="4ae7756d-43dd-4147-8164-7d0ef73da7f3" testListId="8c84fa94-04c1-424b-9868-57a2d4851a1d" />
    <TestEntry testId="c19bcdf9-7163-0762-fc75-0cd4559b2da8" executionId="0b68cf79-5c16-4fc8-be8e-8bc46cd13c85" testListId="8c84fa94-04c1-424b-9868-57a2d4851a1d" />
    <TestEntry testId="7ad4f46a-05fc-7c4a-853e-228ce39d4426" executionId="3310ef39-362f-4ac1-9c68-f8de6e11ab60" testListId="8c84fa94-04c1-424b-9868-57a2d4851a1d" />
    <TestEntry testId="43552c47-f44b-17a4-1647-f8068fe18052" executionId="7c13086b-5e2c-4147-a1ca-9babe7b7195a" testListId="8c84fa94-04c1-424b-9868-57a2d4851a1d" />
    <TestEntry testId="6a41f5f3-49f1-a289-ed1a-edcf9c86dd3e" executionId="200fe9db-c2d9-489d-8ba8-736a78059cee" testListId="8c84fa94-04c1-424b-9868-57a2d4851a1d" />
    <TestEntry testId="a461dd4d-6d71-3e10-f8bf-9d15ad34f5c8" executionId="117b039d-c0a4-4f25-a3b9-42a1d28cd549" testListId="8c84fa94-04c1-424b-9868-57a2d4851a1d" />
    <TestEntry testId="a4acc92f-0c67-48bb-4524-7ef3c007ffb4" executionId="a34a3b02-d6fe-4e0e-988c-8758d2629790" testListId="8c84fa94-04c1-424b-9868-57a2d4851a1d" />
    <TestEntry testId="d15cb58b-9b62-cb4e-439e-72757eabb197" executionId="48e1b14c-2599-49a2-aa11-1288c0387109" testListId="8c84fa94-04c1-424b-9868-57a2d4851a1d" />
    <TestEntry testId="eefaa447-aa0c-7b07-9a84-3d4387fce640" executionId="e60cc9f6-ea31-4714-8a7b-11c32f8595d6" testListId="8c84fa94-04c1-424b-9868-57a2d4851a1d" />
    <TestEntry testId="2e2f38c6-5756-eb9b-9fbb-652c777b6247" executionId="08ae88e9-e967-4f16-af7d-15359e77bf25" testListId="8c84fa94-04c1-424b-9868-57a2d4851a1d" />
    <TestEntry testId="78845691-c87f-d12e-20f9-3035745796be" executionId="c44eb307-015f-4265-85a1-3d30c651da35" testListId="8c84fa94-04c1-424b-9868-57a2d4851a1d" />
    <TestEntry testId="b8f799c6-5cbe-3da8-b8f8-1ee56d7fcf02" executionId="6e179345-e9f5-4a67-b48c-30f7ae36f16d" testListId="8c84fa94-04c1-424b-9868-57a2d4851a1d" />
    <TestEntry testId="e0769b45-8199-18f4-5d81-d7fe740ba2db" executionId="20933d80-0997-4bfa-a41f-dbd3b5b0b80c" testListId="8c84fa94-04c1-424b-9868-57a2d4851a1d" />
    <TestEntry testId="cfa8282b-c910-23c2-f0df-2ed624c5a3c7" executionId="a4787211-2460-41af-8e10-a43218305600" testListId="8c84fa94-04c1-424b-9868-57a2d4851a1d" />
    <TestEntry testId="8879b9b8-0100-f390-31c6-fdcbdf8a4f83" executionId="5d3eb22a-f3de-4a5c-9853-91c31446f2c7" testListId="8c84fa94-04c1-424b-9868-57a2d4851a1d" />
    <TestEntry testId="f9588db6-8045-6ceb-1c29-858ccdaab727" executionId="4dad0412-2eb8-4b3e-8134-2795a57a1a26" testListId="8c84fa94-04c1-424b-9868-57a2d4851a1d" />
    <TestEntry testId="94c8a06e-3f46-89b8-1521-4663bd871343" executionId="324628f4-4eb2-4d5c-b9f4-034ea5beb0e6" testListId="8c84fa94-04c1-424b-9868-57a2d4851a1d" />
    <TestEntry testId="b286589b-6f00-2211-0fe0-b6cf97d63d0a" executionId="38ff418e-2ff3-401c-969e-6a43db1def88" testListId="8c84fa94-04c1-424b-9868-57a2d4851a1d" />
    <TestEntry testId="f33cb892-3679-fe31-40d8-b78f43a0c80f" executionId="58a40b1b-8941-4527-a5ec-99bfdfe8481c" testListId="8c84fa94-04c1-424b-9868-57a2d4851a1d" />
    <TestEntry testId="60069e17-108f-01fb-2153-e152b9205025" executionId="8db33b96-78b8-4efb-88b2-5974ed470fd4" testListId="8c84fa94-04c1-424b-9868-57a2d4851a1d" />
    <TestEntry testId="c989053d-c573-450d-6001-a75cbe93e089" executionId="2f3adf1e-bbe9-4c17-8436-26f5be8358d7" testListId="8c84fa94-04c1-424b-9868-57a2d4851a1d" />
    <TestEntry testId="f96ea468-2b60-097d-c220-3c5f104473af" executionId="27cabe9a-18a8-4a9b-a8f3-bcced67f6530" testListId="8c84fa94-04c1-424b-9868-57a2d4851a1d" />
    <TestEntry testId="dfaddf73-e2fe-692a-95cb-e0210649fd35" executionId="aec04dcb-91af-4892-af15-2c7be7db1d0e" testListId="8c84fa94-04c1-424b-9868-57a2d4851a1d" />
    <TestEntry testId="cd1fce0e-40f1-2613-4ea2-fe4efaae7320" executionId="e1a847d1-3ae7-4d0f-a0e0-5a849f8223cd" testListId="8c84fa94-04c1-424b-9868-57a2d4851a1d" />
    <TestEntry testId="712f5c64-914a-8747-dac9-aeb72d33838f" executionId="ff24cc9c-f854-43de-b2f0-705b68fa0dcd" testListId="8c84fa94-04c1-424b-9868-57a2d4851a1d" />
    <TestEntry testId="e8132b4a-b72b-7d8e-d5ad-2056ee804391" executionId="33460845-fd3f-4b4f-84d6-d5021ad9563d" testListId="8c84fa94-04c1-424b-9868-57a2d4851a1d" />
    <TestEntry testId="9c48ba54-1163-2299-84d2-c7df2b4c3889" executionId="1a10347e-18b5-496d-9767-4922162b29f2" testListId="8c84fa94-04c1-424b-9868-57a2d4851a1d" />
    <TestEntry testId="ea15b94d-4a9c-5bee-a95c-770e518c855b" executionId="cc8c6e99-e981-4c55-ac7c-4133dcd80ea4" testListId="8c84fa94-04c1-424b-9868-57a2d4851a1d" />
    <TestEntry testId="d187567e-7ba7-c49e-1e54-13fd327095e9" executionId="d6eaa162-aab8-4956-952e-bb511f9eab5e" testListId="8c84fa94-04c1-424b-9868-57a2d4851a1d" />
    <TestEntry testId="4b09d9c5-8012-6286-2d8c-2f6f560e7a3d" executionId="1374538c-4d57-4177-8e19-8704a1b6b4c2" testListId="8c84fa94-04c1-424b-9868-57a2d4851a1d" />
    <TestEntry testId="19843874-c731-8a36-a21a-27e85d4f5a57" executionId="64809c37-97c8-4c2e-a92a-b2982e194b52" testListId="8c84fa94-04c1-424b-9868-57a2d4851a1d" />
    <TestEntry testId="3de5845a-c4ac-d187-6027-553f442e3ad2" executionId="80029a08-7fc6-4dc2-b0c6-9875d107707e" testListId="8c84fa94-04c1-424b-9868-57a2d4851a1d" />
    <TestEntry testId="5ec8d008-0362-0f87-55a5-ff4397c5ceeb" executionId="af69450a-946e-455c-b430-382212c2ff79" testListId="8c84fa94-04c1-424b-9868-57a2d4851a1d" />
    <TestEntry testId="39997ae6-4a52-e491-d8ae-8d3f689efcd5" executionId="eb182367-7caf-448e-9da8-d82c6a13b267" testListId="8c84fa94-04c1-424b-9868-57a2d4851a1d" />
    <TestEntry testId="65ccfc2f-2358-a64f-fe6f-c264d332c519" executionId="3d4eadcd-7269-4bb2-9478-c3dbdac23521" testListId="8c84fa94-04c1-424b-9868-57a2d4851a1d" />
    <TestEntry testId="752c0495-686a-2709-5240-916b7eb02d3a" executionId="8b004a8d-1f06-49af-9e3e-18eb08f77c7c" testListId="8c84fa94-04c1-424b-9868-57a2d4851a1d" />
    <TestEntry testId="5717b261-73d9-ccff-48ad-cb5028daecbf" executionId="8fb6607f-39d4-4620-9281-d9f072e47aa3" testListId="8c84fa94-04c1-424b-9868-57a2d4851a1d" />
    <TestEntry testId="17d839f5-53e2-230c-5fc7-a871a7838f84" executionId="f56f03f2-0a47-48fc-b243-96064615fc6b" testListId="8c84fa94-04c1-424b-9868-57a2d4851a1d" />
    <TestEntry testId="32711e52-56ae-2f9f-7aac-180402232486" executionId="06fbd8c4-b594-4233-8fa7-22d4658b9dd4" testListId="8c84fa94-04c1-424b-9868-57a2d4851a1d" />
    <TestEntry testId="7ba81b36-e120-9974-bbd1-63dae796d45c" executionId="c9c38f2b-875e-4535-8164-305b528889b8" testListId="8c84fa94-04c1-424b-9868-57a2d4851a1d" />
    <TestEntry testId="46c08f6b-08d4-7992-5df4-ed97e4b42fc1" executionId="f2553abb-2167-4bd0-a871-43e9201a01a8" testListId="8c84fa94-04c1-424b-9868-57a2d4851a1d" />
    <TestEntry testId="2f906df4-9555-6f9b-9ae5-24f39050321b" executionId="a2bae37f-ac60-4ccd-a7d9-00a33f4ab0c6" testListId="8c84fa94-04c1-424b-9868-57a2d4851a1d" />
    <TestEntry testId="c565182f-b75e-4a8b-1a2d-674dce2fa509" executionId="a40a0e92-f57a-466f-b04e-0776b2d5e997" testListId="8c84fa94-04c1-424b-9868-57a2d4851a1d" />
    <TestEntry testId="5e0fc3f1-0f67-2b00-c924-a966afea65df" executionId="8d64730d-9760-4827-95dd-eef076004744" testListId="8c84fa94-04c1-424b-9868-57a2d4851a1d" />
    <TestEntry testId="dadc7847-4729-edf6-eb4b-78006f9ee153" executionId="d4043ca2-2826-45a5-810c-50feffc77872" testListId="8c84fa94-04c1-424b-9868-57a2d4851a1d" />
    <TestEntry testId="23390089-a1b0-0859-3cf4-aeec4a54a63a" executionId="7a773e92-e755-411e-95d9-7be3ddf7c0e8" testListId="8c84fa94-04c1-424b-9868-57a2d4851a1d" />
    <TestEntry testId="b972bb3a-6c4e-4339-3ada-7c478c5f6ecf" executionId="955481d8-cc79-4650-a7c0-3cea116ba47d" testListId="8c84fa94-04c1-424b-9868-57a2d4851a1d" />
    <TestEntry testId="216fae5e-208d-f8b3-f0d1-bbf3d8af265f" executionId="1a92848b-87fd-45a6-a053-546a038bcf0b" testListId="8c84fa94-04c1-424b-9868-57a2d4851a1d" />
    <TestEntry testId="ff7d5d75-8704-2f07-483c-d76f3a2523cc" executionId="538734c5-a4fa-4776-8d9a-d57821505bc1" testListId="8c84fa94-04c1-424b-9868-57a2d4851a1d" />
    <TestEntry testId="d39d28ad-b64c-afa2-9212-cb9bbbf192c4" executionId="a4611172-34a1-449e-8311-537f25fca13f" testListId="8c84fa94-04c1-424b-9868-57a2d4851a1d" />
    <TestEntry testId="e073dcb9-6292-6a4c-9a77-75ed0e912310" executionId="919b3372-dabc-449f-9d1b-e870c5ed8b49" testListId="8c84fa94-04c1-424b-9868-57a2d4851a1d" />
    <TestEntry testId="1382f86b-6464-d2a1-e722-0841d0b65336" executionId="182630c9-e4d2-4daa-8123-a2637b92812c" testListId="8c84fa94-04c1-424b-9868-57a2d4851a1d" />
    <TestEntry testId="bcaccf95-48bd-f1b0-c691-d2f1e6a4e3bd" executionId="6531049e-1826-4537-a8d9-1800e80c9fa1" testListId="8c84fa94-04c1-424b-9868-57a2d4851a1d" />
    <TestEntry testId="2d12ad1b-0cfb-a7f2-de41-7d109965ff4a" executionId="590d86c2-aab6-459e-8956-233645877dc9" testListId="8c84fa94-04c1-424b-9868-57a2d4851a1d" />
    <TestEntry testId="7a0cd811-1188-4526-31f2-d266b41de2aa" executionId="a50f7aeb-f80c-46d5-baa0-562bc2d4c8db" testListId="8c84fa94-04c1-424b-9868-57a2d4851a1d" />
    <TestEntry testId="299c3fd4-a01d-2a60-05c1-ad11698aa276" executionId="9d2af24f-9dcd-4893-96d0-e6d4f1fff4b4" testListId="8c84fa94-04c1-424b-9868-57a2d4851a1d" />
    <TestEntry testId="91b3bd83-c5b8-4706-180f-6fac0dae10f8" executionId="b516f3e5-145f-42a5-bef9-bbea5f6993c6" testListId="8c84fa94-04c1-424b-9868-57a2d4851a1d" />
    <TestEntry testId="2f0cf2d4-3a28-6b74-1791-705b9f0277be" executionId="909527e0-4e80-488b-b140-7d89be90067f" testListId="8c84fa94-04c1-424b-9868-57a2d4851a1d" />
    <TestEntry testId="257cee71-ac96-77a9-908c-68bd8420739c" executionId="db1ec508-2b6b-4672-a149-766161612ee6" testListId="8c84fa94-04c1-424b-9868-57a2d4851a1d" />
    <TestEntry testId="f28b795b-c425-f0b1-e6d2-05ca8e559551" executionId="8df7c36d-ac4f-4ed9-9211-4736af20add8" testListId="8c84fa94-04c1-424b-9868-57a2d4851a1d" />
    <TestEntry testId="9c16a4f2-9784-74bb-775d-5911328260bf" executionId="19ca7576-4062-41b9-a6ce-9ca62bf258ef" testListId="8c84fa94-04c1-424b-9868-57a2d4851a1d" />
    <TestEntry testId="d377bd87-4eea-3f7f-c041-91df35d9ea10" executionId="ccb0660a-bb21-4531-b20a-c4d48c0bf45d" testListId="8c84fa94-04c1-424b-9868-57a2d4851a1d" />
    <TestEntry testId="69c4777a-51de-9c54-0ee3-eb6af65c109e" executionId="494b596b-2c0b-41e0-9125-1eeafaf1e2bc" testListId="8c84fa94-04c1-424b-9868-57a2d4851a1d" />
    <TestEntry testId="8237afc1-9210-54d8-45bd-84bf26e08f89" executionId="e7cc3b94-c859-45f7-b064-fc9fc9be0b40" testListId="8c84fa94-04c1-424b-9868-57a2d4851a1d" />
    <TestEntry testId="9f2dc98f-6aa2-694c-8819-9ccfd93e4fc8" executionId="9a0e79e7-4154-4791-ab83-1a8649425ae3" testListId="8c84fa94-04c1-424b-9868-57a2d4851a1d" />
    <TestEntry testId="bc3f5322-761c-1784-32c8-0807bc806b0a" executionId="93805c26-0dba-4a5f-9815-94a65557c339" testListId="8c84fa94-04c1-424b-9868-57a2d4851a1d" />
    <TestEntry testId="605c2bc0-4496-0f02-aeff-a229323c4be4" executionId="d4412335-fed1-429d-827e-bc099704604d" testListId="8c84fa94-04c1-424b-9868-57a2d4851a1d" />
    <TestEntry testId="f557024d-69b9-3152-827e-4e57b8d0868d" executionId="aa8e78fe-3593-492b-847a-cbaaf2eb31b2" testListId="8c84fa94-04c1-424b-9868-57a2d4851a1d" />
    <TestEntry testId="3c732fdd-347f-bf9b-4cee-87347d32525f" executionId="000861d7-f790-4a06-94da-eda4574546f0" testListId="8c84fa94-04c1-424b-9868-57a2d4851a1d" />
    <TestEntry testId="a05c6c11-7f69-6883-58ae-614dcfca1729" executionId="680d61af-d7bf-40f6-bc7f-8da1195b684d" testListId="8c84fa94-04c1-424b-9868-57a2d4851a1d" />
    <TestEntry testId="a8b1a1f3-a70e-7194-337a-f959c6974971" executionId="b5043c24-a3fb-4345-b1fe-2694911d47a9" testListId="8c84fa94-04c1-424b-9868-57a2d4851a1d" />
    <TestEntry testId="c3298b2d-9863-1896-98e3-77805a105e1c" executionId="9a70780c-4b50-4bba-845f-bdc31d69c6fd" testListId="8c84fa94-04c1-424b-9868-57a2d4851a1d" />
    <TestEntry testId="2cb249c3-2f01-c9f4-7658-4d0e9af8d192" executionId="b416b8d5-5dec-446d-ba87-98e0da046704" testListId="8c84fa94-04c1-424b-9868-57a2d4851a1d" />
    <TestEntry testId="726ca756-5ddd-cb5f-72a7-3e3a70b8c971" executionId="7d4ec546-feb2-4bde-a88b-e9779a32c520" testListId="8c84fa94-04c1-424b-9868-57a2d4851a1d" />
    <TestEntry testId="56b49f4b-49b4-988e-f563-d6c88928143d" executionId="f71217b7-65a7-4b65-886a-5a5fd5529c18" testListId="8c84fa94-04c1-424b-9868-57a2d4851a1d" />
    <TestEntry testId="d61c5a24-3052-33c6-809a-bcd51f433ccc" executionId="8f03c796-07b0-4345-a80c-2c43de3dfe48" testListId="8c84fa94-04c1-424b-9868-57a2d4851a1d" />
    <TestEntry testId="2bc42f5a-e565-5018-fa3b-64bf63c4c2f5" executionId="43e06350-d68a-4a91-b81c-9ba437a6da55" testListId="8c84fa94-04c1-424b-9868-57a2d4851a1d" />
    <TestEntry testId="c2d4c482-09cf-e240-a7e7-520d6f5ce617" executionId="a97e18f8-e536-430e-a5df-f75001f3fdad" testListId="8c84fa94-04c1-424b-9868-57a2d4851a1d" />
    <TestEntry testId="e00200eb-3a34-f266-bd48-fa5530d514f6" executionId="183bcdff-1365-448d-940e-36546e60b102" testListId="8c84fa94-04c1-424b-9868-57a2d4851a1d" />
    <TestEntry testId="85799221-0b36-0e4a-ef29-ad83f50e6bbd" executionId="2e4179b6-ff88-4800-a8b5-1e4bdc0f7f83" testListId="8c84fa94-04c1-424b-9868-57a2d4851a1d" />
    <TestEntry testId="112e422e-04b2-3ba3-ad56-a1e5d3cfbd79" executionId="0ac4a226-a5e1-44aa-94f8-03d9dd9d70e7" testListId="8c84fa94-04c1-424b-9868-57a2d4851a1d" />
    <TestEntry testId="113c211f-ff70-231a-7b9d-03413cd134d7" executionId="0584a77f-dfb6-4018-a35a-3285e4c29b89" testListId="8c84fa94-04c1-424b-9868-57a2d4851a1d" />
    <TestEntry testId="6e94a57e-5259-7bdc-f138-c47a49ede1a1" executionId="fe68d871-97a8-4448-bff3-da619964342b" testListId="8c84fa94-04c1-424b-9868-57a2d4851a1d" />
    <TestEntry testId="e8dae4f6-1eb2-866f-8693-bdd69c27bed8" executionId="a6761fff-6ed5-48f4-9352-f1cdab96d237" testListId="8c84fa94-04c1-424b-9868-57a2d4851a1d" />
    <TestEntry testId="a2f90830-dfa6-05f0-71fa-365928f71cdd" executionId="5819c08d-fe68-4560-99c1-dd9459d93974" testListId="8c84fa94-04c1-424b-9868-57a2d4851a1d" />
    <TestEntry testId="6f7345f6-07c1-aba6-fba8-22e9ed357a49" executionId="b51aba56-e5af-4c19-ba1d-44ec30b8ac6c" testListId="8c84fa94-04c1-424b-9868-57a2d4851a1d" />
    <TestEntry testId="097d9f12-a8b0-74cc-8829-12842d451447" executionId="baa02843-3aab-4b31-99de-78c5cb5af0d1" testListId="8c84fa94-04c1-424b-9868-57a2d4851a1d" />
    <TestEntry testId="00c173aa-365e-0279-47ce-e69aab924076" executionId="6ad7ad58-0b52-4488-b72f-14a012755b57" testListId="8c84fa94-04c1-424b-9868-57a2d4851a1d" />
    <TestEntry testId="5012f64d-f81c-363a-9c3b-b389d7a1051b" executionId="764fae78-1cf7-4b6f-906a-f828d01fd8bd" testListId="8c84fa94-04c1-424b-9868-57a2d4851a1d" />
    <TestEntry testId="b56338b4-aae6-cbe0-3487-2e781b98c188" executionId="851861de-15ec-43cd-8817-a9b9f0a17bd5" testListId="8c84fa94-04c1-424b-9868-57a2d4851a1d" />
    <TestEntry testId="1eb4d4f7-74ca-78cd-f76d-cc295b6f3916" executionId="2ea6d5ae-a1a6-441a-ac0c-b85c977b7bf6" testListId="8c84fa94-04c1-424b-9868-57a2d4851a1d" />
    <TestEntry testId="b7ec82f7-3497-4dc6-bb74-fbcde89b4ab4" executionId="15a9dd6f-947f-4b6e-8aff-f0dfc14d6bc9" testListId="8c84fa94-04c1-424b-9868-57a2d4851a1d" />
    <TestEntry testId="93356272-81f1-2ca0-6a2b-a94c51c52201" executionId="835a429e-f7d5-4160-8609-e741488706de" testListId="8c84fa94-04c1-424b-9868-57a2d4851a1d" />
    <TestEntry testId="e0a6ca51-6257-18e2-3ed9-4bb78f34d6d7" executionId="a31c0fb2-3392-4424-af9f-76474300c9c8" testListId="8c84fa94-04c1-424b-9868-57a2d4851a1d" />
    <TestEntry testId="5bdb1fb9-c083-a878-8185-d4ef40939b65" executionId="a1b0f806-b226-43d9-ba50-b849727ecf5b" testListId="8c84fa94-04c1-424b-9868-57a2d4851a1d" />
    <TestEntry testId="ec19b07c-d465-faec-475d-a8dee6e4e934" executionId="d60f65f0-5dc4-4b67-80f8-c05c2aeeaec4" testListId="8c84fa94-04c1-424b-9868-57a2d4851a1d" />
    <TestEntry testId="d9e9b57c-4387-840e-e497-cce329a0c03e" executionId="e8175715-6681-4824-9038-4249f50b07a9" testListId="8c84fa94-04c1-424b-9868-57a2d4851a1d" />
    <TestEntry testId="99b9ef43-ae03-d550-aafb-7b6a0ec7c1ee" executionId="8e94e339-cefa-4708-88a5-44a7d395e2a8" testListId="8c84fa94-04c1-424b-9868-57a2d4851a1d" />
    <TestEntry testId="d84ea56f-1773-91fe-6056-1fcd6ce44e0e" executionId="0e5eb47e-6b98-49fd-a82b-07e686694a20" testListId="8c84fa94-04c1-424b-9868-57a2d4851a1d" />
    <TestEntry testId="c93cdb71-2111-93a4-4cd8-a7548cb72ed0" executionId="243bc077-3628-4076-b2e2-e2c61b5ef4a8" testListId="8c84fa94-04c1-424b-9868-57a2d4851a1d" />
    <TestEntry testId="e46dbe14-100d-b571-9fb5-196347dd96ac" executionId="285d9fb4-3c99-4510-9dbb-55cb16fabce4" testListId="8c84fa94-04c1-424b-9868-57a2d4851a1d" />
    <TestEntry testId="bc2dc8fc-01b0-0065-79fa-2e41ef829892" executionId="b3af3158-66c2-499e-a3d4-0d83d6e93ff6" testListId="8c84fa94-04c1-424b-9868-57a2d4851a1d" />
    <TestEntry testId="0af23d0c-f1f0-deb1-181c-c50389a37384" executionId="c1ac2915-6644-46bc-990f-169ae3e8e161" testListId="8c84fa94-04c1-424b-9868-57a2d4851a1d" />
    <TestEntry testId="e77ca75b-19ba-059d-05cd-1ebb08034f74" executionId="a32fa11a-b41c-4ff9-ac0d-3f1213cf77ff" testListId="8c84fa94-04c1-424b-9868-57a2d4851a1d" />
    <TestEntry testId="3c1aaa80-1e63-d980-5967-7f705ee7de1e" executionId="00ad76c1-6e93-4825-b138-7377fe4427d9" testListId="8c84fa94-04c1-424b-9868-57a2d4851a1d" />
    <TestEntry testId="d2b12152-aa29-786c-7dfa-f4b6b5aa2a7e" executionId="d9d9e3df-8f85-4af3-8cdc-0f1eeef99960" testListId="8c84fa94-04c1-424b-9868-57a2d4851a1d" />
    <TestEntry testId="7ac2c24b-6445-4ff2-9faa-1ce73a74728d" executionId="e252b5d8-cc40-49b1-8f09-b7d51502f403" testListId="8c84fa94-04c1-424b-9868-57a2d4851a1d" />
    <TestEntry testId="1658bad2-8c99-0b77-1530-2e9ba32823bd" executionId="7a564ede-2964-4b66-b8eb-b1eaa80e2e4a" testListId="8c84fa94-04c1-424b-9868-57a2d4851a1d" />
    <TestEntry testId="e2ca2857-33e4-4daa-d2e9-09d09dfdba1f" executionId="e560fba1-0e6c-4e0d-8ba5-c4cea3ba398a" testListId="8c84fa94-04c1-424b-9868-57a2d4851a1d" />
    <TestEntry testId="8abfbe45-c0d6-8f72-7af8-564a66d7cb48" executionId="43c16e39-4745-4330-bb38-c419788ff538" testListId="8c84fa94-04c1-424b-9868-57a2d4851a1d" />
    <TestEntry testId="84106c87-4ea7-9a5a-a250-230c7c8ac9ba" executionId="bdd2a56d-5267-441b-b4ad-518bbd26d385" testListId="8c84fa94-04c1-424b-9868-57a2d4851a1d" />
    <TestEntry testId="d80dabd7-8e57-8764-d48e-5c692bf0e881" executionId="d46e518d-0ab0-4359-a111-1c7d6b080dab" testListId="8c84fa94-04c1-424b-9868-57a2d4851a1d" />
    <TestEntry testId="4dcd9f65-678f-d51c-9e07-bf80dcaf54a4" executionId="33b59217-1f92-43ef-9ffc-5f6bf9c8cfe4" testListId="8c84fa94-04c1-424b-9868-57a2d4851a1d" />
    <TestEntry testId="edd8698a-89a8-0a11-5f44-5d3f526abc13" executionId="f6ef9b79-eb96-408c-a502-3b6230679d09" testListId="8c84fa94-04c1-424b-9868-57a2d4851a1d" />
    <TestEntry testId="7f9e3406-835c-5c12-68cf-08b73690e2b2" executionId="2d5f4c67-f4f3-4ebe-8902-3fc7d5470d49" testListId="8c84fa94-04c1-424b-9868-57a2d4851a1d" />
    <TestEntry testId="ea0b7c7a-ce24-46f7-0862-63029307593e" executionId="380bf99a-c56b-4117-beeb-fcd2eae5af9c" testListId="8c84fa94-04c1-424b-9868-57a2d4851a1d" />
    <TestEntry testId="2067c239-a69d-2f34-aeac-53cb55316cbb" executionId="727f1a04-02c3-4bfe-bd06-f8b73c321c70" testListId="8c84fa94-04c1-424b-9868-57a2d4851a1d" />
    <TestEntry testId="ae7cb376-4ef2-2742-75ce-61ea6adcde54" executionId="51ba405a-5abd-4bce-8111-3997f4237a0a" testListId="8c84fa94-04c1-424b-9868-57a2d4851a1d" />
    <TestEntry testId="7af319c8-84cb-197c-29fc-ea5e77c2f3be" executionId="6615784c-3a5b-4c3b-bab3-2556acb79aa2" testListId="8c84fa94-04c1-424b-9868-57a2d4851a1d" />
    <TestEntry testId="511f69f7-a0fb-1d5f-80a7-db38c945bbc4" executionId="f619680a-cd0e-4a4e-875e-ca58b44b4401" testListId="8c84fa94-04c1-424b-9868-57a2d4851a1d" />
    <TestEntry testId="f0cd9acd-b821-1b3b-6a4a-691c6f1f639a" executionId="f3acdcd1-6002-4f58-b0d0-8a15955571be" testListId="8c84fa94-04c1-424b-9868-57a2d4851a1d" />
    <TestEntry testId="615fa398-9de6-a6b9-2dab-60666d0931f7" executionId="abc1be92-85d6-4c60-851b-ccb2e84e7367" testListId="8c84fa94-04c1-424b-9868-57a2d4851a1d" />
    <TestEntry testId="4c344495-4967-8a3c-49bd-83047e73dd58" executionId="bf400fbd-52fc-4d90-ae51-ee26e02a1747" testListId="8c84fa94-04c1-424b-9868-57a2d4851a1d" />
    <TestEntry testId="08b0137c-0bdc-e87f-be30-d8edbdf991c1" executionId="244afc0c-9017-4671-a9e9-6786704c8013" testListId="8c84fa94-04c1-424b-9868-57a2d4851a1d" />
    <TestEntry testId="adc5ef62-1184-5cc3-ec81-b0b338d88e48" executionId="1a071fd0-8be1-4af9-97af-ce6c4d650d88" testListId="8c84fa94-04c1-424b-9868-57a2d4851a1d" />
    <TestEntry testId="29116375-ac95-4d53-91ed-53d27bf037c6" executionId="c09d08ae-7e34-4d18-91a5-4248eab36db0" testListId="8c84fa94-04c1-424b-9868-57a2d4851a1d" />
    <TestEntry testId="83a97307-8552-7789-5b14-74a21c8cbcd2" executionId="fd274353-157b-45da-a8a9-a2a564393924" testListId="8c84fa94-04c1-424b-9868-57a2d4851a1d" />
    <TestEntry testId="7265e4fd-f7ba-8572-e525-8b365c7360c6" executionId="3c189bba-8485-46e0-9e27-7aeb5a676c4d" testListId="8c84fa94-04c1-424b-9868-57a2d4851a1d" />
    <TestEntry testId="de7a0ae7-aa58-be18-206b-2d44f2e86ead" executionId="60bd5f2e-44b7-4e20-ae70-d103b97f714f" testListId="8c84fa94-04c1-424b-9868-57a2d4851a1d" />
    <TestEntry testId="aadeeabc-272f-9cbf-16ad-69443e81df6f" executionId="284f1c05-7112-4c2f-a4e6-bec11fcaae1c" testListId="8c84fa94-04c1-424b-9868-57a2d4851a1d" />
    <TestEntry testId="a1315833-0fe6-4fc5-8939-3c4f1b31db5e" executionId="52293dd2-e23e-4009-ade8-6b1a884476f0" testListId="8c84fa94-04c1-424b-9868-57a2d4851a1d" />
    <TestEntry testId="ecf86b56-1ec1-9984-97f9-65e2b8a0e550" executionId="15f0d928-624b-4902-8b5b-694b5a3e79ca" testListId="8c84fa94-04c1-424b-9868-57a2d4851a1d" />
    <TestEntry testId="4e59f6e9-d495-6f3f-64b9-ac28a5eaac72" executionId="536dcfe7-80c7-4ba2-bc22-7258c4441771" testListId="8c84fa94-04c1-424b-9868-57a2d4851a1d" />
    <TestEntry testId="b707b6dd-6efb-76f3-be89-5a3ace5192c9" executionId="17dfee7e-0f92-405f-afa0-7f50cbaa9f12" testListId="8c84fa94-04c1-424b-9868-57a2d4851a1d" />
    <TestEntry testId="d0b4fe44-6c66-e0d0-90f7-7f93ef97fe01" executionId="1e330dee-ea82-47e2-9a63-479208249e6d" testListId="8c84fa94-04c1-424b-9868-57a2d4851a1d" />
    <TestEntry testId="341610ea-9bd8-25a4-90fc-740a57823f92" executionId="bd4c798e-8f63-425b-95ea-4fe2654fac02" testListId="8c84fa94-04c1-424b-9868-57a2d4851a1d" />
    <TestEntry testId="8f24487f-448e-3b5a-351c-88c069a107d6" executionId="a6295d35-4213-43bf-a2db-a20ca248ca4d" testListId="8c84fa94-04c1-424b-9868-57a2d4851a1d" />
    <TestEntry testId="41ef5fd9-da1d-a61b-4faa-45b077dd05bc" executionId="1bdba21f-9303-433e-a020-228e90b028ca" testListId="8c84fa94-04c1-424b-9868-57a2d4851a1d" />
    <TestEntry testId="a6878771-c471-f5b9-95dc-467df24cdd5b" executionId="3e0dc7d1-e636-4498-bace-1cd4e9925723" testListId="8c84fa94-04c1-424b-9868-57a2d4851a1d" />
    <TestEntry testId="193f831d-c7c9-ac41-bc1b-9798c85535ca" executionId="83f3d7fd-9b99-47cb-93aa-ae92ed118d0e" testListId="8c84fa94-04c1-424b-9868-57a2d4851a1d" />
    <TestEntry testId="5667c806-5b5f-868c-360c-740b6f484339" executionId="e77924ba-2301-4e1f-8b54-5ef394c43806" testListId="8c84fa94-04c1-424b-9868-57a2d4851a1d" />
    <TestEntry testId="637dad56-8638-805e-9abd-b089900557c0" executionId="ec83f29d-923d-4f8d-8b18-c1d2c9b17bf6" testListId="8c84fa94-04c1-424b-9868-57a2d4851a1d" />
    <TestEntry testId="958c8c55-b3b0-31c1-8935-1d44afe5a8c0" executionId="d65566c8-9c6f-409a-9459-fe3374f15985" testListId="8c84fa94-04c1-424b-9868-57a2d4851a1d" />
    <TestEntry testId="91285e79-b6fd-7585-384e-bbf4da4c2bcd" executionId="07b5c41f-604e-408e-8342-79a5aab15dfe" testListId="8c84fa94-04c1-424b-9868-57a2d4851a1d" />
    <TestEntry testId="72c240ff-79c5-ef41-5967-e3c497b7b2c0" executionId="78280f52-12ba-46bc-b7a1-2905a4c33179" testListId="8c84fa94-04c1-424b-9868-57a2d4851a1d" />
    <TestEntry testId="99e6fef3-9023-2c5a-5c8b-926a855c5d84" executionId="a87fa9b6-77cc-46f4-96d9-5d4ac95a4f18" testListId="8c84fa94-04c1-424b-9868-57a2d4851a1d" />
    <TestEntry testId="184b236a-96f5-5ef7-81e9-55fd01a96b10" executionId="a16f9b46-7be9-4ad4-b729-dc8b46fe4708" testListId="8c84fa94-04c1-424b-9868-57a2d4851a1d" />
    <TestEntry testId="e7e966d4-e5d2-6514-5e34-60687297029b" executionId="ce6caa5c-a350-4c1b-b7c8-18631e0d944f" testListId="8c84fa94-04c1-424b-9868-57a2d4851a1d" />
    <TestEntry testId="c1a27935-5451-ecaa-f0f8-7b140e2bc422" executionId="b9ed8551-28c2-452a-b22e-88f89ad458bc" testListId="8c84fa94-04c1-424b-9868-57a2d4851a1d" />
    <TestEntry testId="ebee2a3c-e88d-7c65-2391-8d47991a3a48" executionId="d8d4cf79-aed5-4fb7-a947-0138c0e38a8b" testListId="8c84fa94-04c1-424b-9868-57a2d4851a1d" />
    <TestEntry testId="a72152f5-7a61-c574-c2ee-c9a3ca6ccab7" executionId="50cc3018-8a8c-41d4-a2b5-2dc28e5b90fd" testListId="8c84fa94-04c1-424b-9868-57a2d4851a1d" />
    <TestEntry testId="d147ccf7-2e90-d95d-62de-1759c3690066" executionId="363ff14b-30b4-4f93-bafc-ed07891493a2" testListId="8c84fa94-04c1-424b-9868-57a2d4851a1d" />
    <TestEntry testId="99d674fc-9d36-ee84-15f3-75180d0ffbf0" executionId="fb61345a-52cd-4a40-be4e-c5bfcc5ca9da" testListId="8c84fa94-04c1-424b-9868-57a2d4851a1d" />
    <TestEntry testId="2287085c-f0e1-b4ec-fa14-c4512658a9fe" executionId="70267f2d-f18c-4616-aa16-85ad6c9d0092" testListId="8c84fa94-04c1-424b-9868-57a2d4851a1d" />
    <TestEntry testId="419ecc87-d9c8-28c4-00c0-ef118e7ae268" executionId="2ac44179-4bb2-476f-90e2-1e78455e78ac" testListId="8c84fa94-04c1-424b-9868-57a2d4851a1d" />
    <TestEntry testId="600c9577-9456-49fc-a1f1-839a5e62cae7" executionId="3f0dbf36-b791-4717-99f1-87dd37dd1d63" testListId="8c84fa94-04c1-424b-9868-57a2d4851a1d" />
    <TestEntry testId="4860ad68-0544-30ce-66fd-690992dae18e" executionId="e01229df-67bb-44ca-90a4-f52028ee1526" testListId="8c84fa94-04c1-424b-9868-57a2d4851a1d" />
    <TestEntry testId="d00dfd16-6967-b6b7-0f2f-9403bdf758f6" executionId="830fb6ac-6b3a-4dea-8a1a-cdc9b031c57e" testListId="8c84fa94-04c1-424b-9868-57a2d4851a1d" />
    <TestEntry testId="395d9b70-68ea-107f-3853-872b2d76bcc2" executionId="4c5d019f-188e-47e5-bec2-207061998fb2" testListId="8c84fa94-04c1-424b-9868-57a2d4851a1d" />
    <TestEntry testId="23adbcea-fc51-4a16-9d4b-141d8a8f1fb7" executionId="17ae4d26-5c2e-4db6-8bdd-1dac7ffd9de6" testListId="8c84fa94-04c1-424b-9868-57a2d4851a1d" />
    <TestEntry testId="6ce0d4c6-4820-8d4a-179e-2d433a32b3e2" executionId="5d883c47-cdd1-4357-a59a-cb06af46c57f" testListId="8c84fa94-04c1-424b-9868-57a2d4851a1d" />
    <TestEntry testId="0ffbfc26-0b88-0610-8454-a3e10982707b" executionId="8fc03f81-bc46-4acb-873c-19c5be82b094" testListId="8c84fa94-04c1-424b-9868-57a2d4851a1d" />
    <TestEntry testId="6c604da3-7f27-8f64-ea2d-ce727d182abb" executionId="1b9618a2-7f65-4c36-a4d5-b69f361bc8f6" testListId="8c84fa94-04c1-424b-9868-57a2d4851a1d" />
    <TestEntry testId="aff0dd6a-515d-d68f-384c-79614af1fe73" executionId="51c25f88-431c-464e-9d11-5a1ed046506c" testListId="8c84fa94-04c1-424b-9868-57a2d4851a1d" />
    <TestEntry testId="7806c973-d637-45cf-930a-0b315d29c540" executionId="5f7fd290-8fd7-4867-99ca-9079700e97b9" testListId="8c84fa94-04c1-424b-9868-57a2d4851a1d" />
    <TestEntry testId="dd25fada-bd11-6a30-c38c-abafcc1ac188" executionId="49581145-bfa4-4f19-809c-463a076f07dd" testListId="8c84fa94-04c1-424b-9868-57a2d4851a1d" />
    <TestEntry testId="c769eba8-ab90-c528-a852-a01f625e896b" executionId="dfd9a145-ed98-49ab-8f50-9dd39bf25558" testListId="8c84fa94-04c1-424b-9868-57a2d4851a1d" />
    <TestEntry testId="7724a5ae-1858-243b-d346-491db16f98e9" executionId="bfa5b7ac-0995-4ef9-a060-ce2c1261e86e" testListId="8c84fa94-04c1-424b-9868-57a2d4851a1d" />
    <TestEntry testId="9c484d5b-265a-2c6e-537b-f37cd91a7473" executionId="81c6a72f-1a3c-4d21-b277-f2c6b360dc26" testListId="8c84fa94-04c1-424b-9868-57a2d4851a1d" />
    <TestEntry testId="5e7725a9-9983-9545-b4e7-12fe284e2a95" executionId="8dca8d72-eb90-4b90-8577-5be33a535f89" testListId="8c84fa94-04c1-424b-9868-57a2d4851a1d" />
    <TestEntry testId="57ff7061-f165-0166-a6d9-95fdfc400dea" executionId="fd961b93-6834-4057-96ea-110547eba602" testListId="8c84fa94-04c1-424b-9868-57a2d4851a1d" />
    <TestEntry testId="b7b5c3d9-6be3-63ed-4bf9-77972c7bde14" executionId="47f9e4bd-8f63-4fee-a04b-091a380d7d42" testListId="8c84fa94-04c1-424b-9868-57a2d4851a1d" />
    <TestEntry testId="826ac225-455e-4413-4415-8bc54c5b4d09" executionId="e148f4fd-3129-4b15-9115-3193094b736c" testListId="8c84fa94-04c1-424b-9868-57a2d4851a1d" />
    <TestEntry testId="a791af51-cffc-4361-1fd8-8baf48da92e6" executionId="f4083ad8-49a4-4133-baf5-0ccb9d63fc22" testListId="8c84fa94-04c1-424b-9868-57a2d4851a1d" />
    <TestEntry testId="cb9006f5-cf8f-a741-60da-88003562c888" executionId="f8109acf-0ee1-4fca-9e96-689ba928832c" testListId="8c84fa94-04c1-424b-9868-57a2d4851a1d" />
    <TestEntry testId="96997772-f691-ce37-8af7-583f0500af76" executionId="717086e5-f32a-4b85-abde-ac87825341e7" testListId="8c84fa94-04c1-424b-9868-57a2d4851a1d" />
    <TestEntry testId="279ea0a2-a194-3b23-c2df-f3b9caefacb9" executionId="3ac84daa-2e61-44ae-8925-2a52aafeeb64" testListId="8c84fa94-04c1-424b-9868-57a2d4851a1d" />
    <TestEntry testId="3c275536-ffe1-8830-c363-8f6f56aca6a1" executionId="61f0bb85-d96a-4892-b454-b3e19e9e27be" testListId="8c84fa94-04c1-424b-9868-57a2d4851a1d" />
    <TestEntry testId="09dc5d9b-3822-771d-84ba-e650ae497aa7" executionId="cebc665d-82cc-440a-ae55-95a35af4a71c" testListId="8c84fa94-04c1-424b-9868-57a2d4851a1d" />
    <TestEntry testId="0f4e158a-5f55-34ac-2195-c457e3f3f9e2" executionId="7c2371d8-a8e6-4f25-be53-f00385135303" testListId="8c84fa94-04c1-424b-9868-57a2d4851a1d" />
    <TestEntry testId="bd91fcf5-5262-be00-7dbb-b8c3fec0f109" executionId="9329e43a-b989-40b1-b0d8-aeb1ff4b9e0c" testListId="8c84fa94-04c1-424b-9868-57a2d4851a1d" />
    <TestEntry testId="1fa0b0ac-82b7-821b-a6bd-11883f4b16c1" executionId="0d964596-7a7e-4806-b5ca-ace2a4054156" testListId="8c84fa94-04c1-424b-9868-57a2d4851a1d" />
    <TestEntry testId="491de118-700b-88eb-ac68-d71ffdabe000" executionId="13e3e300-b53b-4dbb-a88b-5464140cf63f" testListId="8c84fa94-04c1-424b-9868-57a2d4851a1d" />
    <TestEntry testId="c2208323-1f95-b32c-0530-4ad682605720" executionId="0ee6f6e8-59ee-47db-afbf-175945bd184e" testListId="8c84fa94-04c1-424b-9868-57a2d4851a1d" />
    <TestEntry testId="ea9a1ed5-0813-906f-0ed6-0a192bf899e6" executionId="b35c274e-e428-45a6-acce-478260d765d9" testListId="8c84fa94-04c1-424b-9868-57a2d4851a1d" />
    <TestEntry testId="506d41c9-bfc8-bf08-1307-c55fbf29a8e5" executionId="0d25477c-27a5-47db-98a7-6616af37d19b" testListId="8c84fa94-04c1-424b-9868-57a2d4851a1d" />
    <TestEntry testId="92fd78dd-20f7-b708-0603-1911a96c9737" executionId="e47e36ab-8042-4407-8ceb-20e9e56be4b3" testListId="8c84fa94-04c1-424b-9868-57a2d4851a1d" />
    <TestEntry testId="f86161bd-f5ff-e739-8561-c83ff6f0d4a9" executionId="61436afa-640c-48eb-b799-124b646f8ff9" testListId="8c84fa94-04c1-424b-9868-57a2d4851a1d" />
    <TestEntry testId="58932f19-d7b6-d69f-2dae-d6e75aa0e55e" executionId="dfa17814-c664-4fb2-a309-7f24ac86c4a6" testListId="8c84fa94-04c1-424b-9868-57a2d4851a1d" />
    <TestEntry testId="311588b6-1eda-5995-3667-7c2c732d3f34" executionId="2a01f3aa-cb20-4483-b9ed-43a243f23f61" testListId="8c84fa94-04c1-424b-9868-57a2d4851a1d" />
    <TestEntry testId="0667d290-5479-f00f-a7a0-ba550069f4d6" executionId="4306cd32-cec8-4691-8c6f-494fac4569ee" testListId="8c84fa94-04c1-424b-9868-57a2d4851a1d" />
    <TestEntry testId="5196bde9-6c75-174a-8f79-d717861ecd56" executionId="083e0623-1e20-4eca-b47a-9bc1dd74cce3" testListId="8c84fa94-04c1-424b-9868-57a2d4851a1d" />
    <TestEntry testId="9abe82c5-80fa-2d6a-e76f-8b42c308f2c5" executionId="23e59131-67e7-4d74-a86f-289453820bdd" testListId="8c84fa94-04c1-424b-9868-57a2d4851a1d" />
    <TestEntry testId="19f5bc79-d564-bb1a-c016-f7779e568c5d" executionId="af862966-d467-44e1-8135-2f5c76def53a" testListId="8c84fa94-04c1-424b-9868-57a2d4851a1d" />
    <TestEntry testId="da1a6990-7ab2-9cdb-3d5d-e5366899dffb" executionId="a606aa6d-1bb4-4272-97be-4cc0a6327c48" testListId="8c84fa94-04c1-424b-9868-57a2d4851a1d" />
    <TestEntry testId="4951aa5a-960f-b892-8f82-3d3748c1e3da" executionId="8875d391-330d-4329-862b-5321bfa4ffef" testListId="8c84fa94-04c1-424b-9868-57a2d4851a1d" />
    <TestEntry testId="05474d60-4c0c-5e35-b4fc-2df26a361c4d" executionId="439b1aaa-0bd4-4cee-b628-203caaae3f4d" testListId="8c84fa94-04c1-424b-9868-57a2d4851a1d" />
    <TestEntry testId="b8d38453-fb40-0cfb-4e20-39c788746328" executionId="de5820cd-bcb7-4828-ae49-5bb5b9a7f42a" testListId="8c84fa94-04c1-424b-9868-57a2d4851a1d" />
    <TestEntry testId="1ab663c2-4cb9-e883-e113-e7c904041e47" executionId="e4ee6b54-dee6-49f0-9a62-c56e1e47cbe7" testListId="8c84fa94-04c1-424b-9868-57a2d4851a1d" />
    <TestEntry testId="bed158c1-cdea-cb2e-72de-fac3c7fdb2c8" executionId="85dfc2d2-9964-4302-abc0-85fbed3c2618" testListId="8c84fa94-04c1-424b-9868-57a2d4851a1d" />
    <TestEntry testId="2e664e3e-5b40-d901-9f2b-e816fa56a993" executionId="2956c797-34b9-4457-9542-348063301673" testListId="8c84fa94-04c1-424b-9868-57a2d4851a1d" />
    <TestEntry testId="9db1e6a2-c9ab-3468-9419-59249149bc04" executionId="e97d8a3f-19ec-4fba-adee-189332fd1f4a" testListId="8c84fa94-04c1-424b-9868-57a2d4851a1d" />
    <TestEntry testId="21bcc043-da28-367a-c1fb-9490833f1b89" executionId="c13d036b-bfe0-45e4-ab57-b8e5a0cfd979" testListId="8c84fa94-04c1-424b-9868-57a2d4851a1d" />
    <TestEntry testId="90740d7b-70ce-f3ca-de0f-889615c99e7a" executionId="20dd2e7c-895d-4393-9ac2-a5248b1efea8" testListId="8c84fa94-04c1-424b-9868-57a2d4851a1d" />
    <TestEntry testId="6c172272-73ee-1f81-5332-f3180f21fb30" executionId="bd273c46-3c53-4cc8-8711-9ac631136c59" testListId="8c84fa94-04c1-424b-9868-57a2d4851a1d" />
    <TestEntry testId="13cdf8fd-2721-e597-055e-a54097abf685" executionId="173c719f-56e1-4927-a7f0-86b8a99c1ef6" testListId="8c84fa94-04c1-424b-9868-57a2d4851a1d" />
    <TestEntry testId="f9126a5c-91ab-1e44-30e6-13ca198640cb" executionId="1ab5e1fe-0a23-4d2a-9321-498f8ea387df" testListId="8c84fa94-04c1-424b-9868-57a2d4851a1d" />
    <TestEntry testId="2035ba59-2ee2-badb-15b9-a8ffa8fcf57c" executionId="5b4d5231-722d-4e7b-b5b5-62cc3299e13f" testListId="8c84fa94-04c1-424b-9868-57a2d4851a1d" />
    <TestEntry testId="66fdc644-297b-3f5c-4f4a-cb900d8c28d6" executionId="9dc4a153-1c0d-4e46-91ff-20caace8aede" testListId="8c84fa94-04c1-424b-9868-57a2d4851a1d" />
    <TestEntry testId="2fcbb4d5-0c22-d47d-9ea9-6260fb047a7e" executionId="dc9a439c-46e6-4ab6-ae7f-c7c971cd7ae3" testListId="8c84fa94-04c1-424b-9868-57a2d4851a1d" />
    <TestEntry testId="ed9a5b1b-624c-3396-5757-abd8e668541b" executionId="a196ce4f-8487-4f28-ba27-30e5210956dc" testListId="8c84fa94-04c1-424b-9868-57a2d4851a1d" />
    <TestEntry testId="45b47e45-8abc-9102-029a-0eb6ca1d5e58" executionId="a4259ffb-e861-4185-8729-563c14fb93d0" testListId="8c84fa94-04c1-424b-9868-57a2d4851a1d" />
    <TestEntry testId="4aa2fb53-f9e4-f471-3a9f-14715f467049" executionId="70bddf3f-7945-4b20-9df3-2bae719d9575" testListId="8c84fa94-04c1-424b-9868-57a2d4851a1d" />
    <TestEntry testId="80ed38c5-93c8-ab9c-2988-31b35fec47a3" executionId="e429b517-a45a-4224-a0de-f43c91b9e361" testListId="8c84fa94-04c1-424b-9868-57a2d4851a1d" />
    <TestEntry testId="ccf96e16-5dc0-3f30-2892-511f78cf3dfc" executionId="074f1e6e-8dec-4fae-9f6a-07a31001ab52" testListId="8c84fa94-04c1-424b-9868-57a2d4851a1d" />
    <TestEntry testId="6fd1af1d-c0d4-5f1e-0bd0-26896040487e" executionId="23fbe7ff-7206-4c1d-97ec-6b60ecf05b95" testListId="8c84fa94-04c1-424b-9868-57a2d4851a1d" />
    <TestEntry testId="0183c416-9787-c59d-18ce-d5b3fc43ac57" executionId="a08f0bc8-0653-4c8b-bf21-1d5805358417" testListId="8c84fa94-04c1-424b-9868-57a2d4851a1d" />
    <TestEntry testId="ee6fca60-0e04-b997-dc4d-b3e46cbf895c" executionId="925a4197-b1b6-4f67-948b-97c6d5c2b63f" testListId="8c84fa94-04c1-424b-9868-57a2d4851a1d" />
    <TestEntry testId="a2988576-488b-e6d4-a498-af48b96efbdb" executionId="eb888c66-2637-43bc-8254-cf6e7538d19d" testListId="8c84fa94-04c1-424b-9868-57a2d4851a1d" />
    <TestEntry testId="c994fcbd-cf70-f011-3e5f-4e6d74bb71af" executionId="9dc40ffc-7022-4b01-b147-c804de53ede8" testListId="8c84fa94-04c1-424b-9868-57a2d4851a1d" />
    <TestEntry testId="56c6c75f-613a-6a82-f7f1-a767d952b57c" executionId="f59fff12-d524-40f2-a5c6-d607f7592662" testListId="8c84fa94-04c1-424b-9868-57a2d4851a1d" />
    <TestEntry testId="13d2b3bb-af6c-2786-7b3d-1db93b9fedf2" executionId="233f8043-2f0e-4164-b275-c75311ff292b" testListId="8c84fa94-04c1-424b-9868-57a2d4851a1d" />
    <TestEntry testId="35e23acf-2036-4d69-e77b-27d58a55d61b" executionId="d043a28d-2986-4650-8c40-ac1ad5c74457" testListId="8c84fa94-04c1-424b-9868-57a2d4851a1d" />
    <TestEntry testId="30b3b577-2061-3db5-edc3-bfd98a1a499f" executionId="ae8cc460-11b5-4a35-a9d8-18f8f9ecfad4" testListId="8c84fa94-04c1-424b-9868-57a2d4851a1d" />
    <TestEntry testId="ea6215af-9f7a-dfd2-1e42-d16863c438d5" executionId="26b72630-5ff3-47d9-b1c3-09f08623430f" testListId="8c84fa94-04c1-424b-9868-57a2d4851a1d" />
    <TestEntry testId="5da451a5-54a7-b58b-ab8b-8b1b8384fd01" executionId="35cebc3f-79d0-46c5-8505-ef440dd78e99" testListId="8c84fa94-04c1-424b-9868-57a2d4851a1d" />
    <TestEntry testId="5217a55b-523e-bb6a-47cc-7fbf0bc01c96" executionId="bef9bd38-6529-4af3-b119-c8156fe8d3cf" testListId="8c84fa94-04c1-424b-9868-57a2d4851a1d" />
    <TestEntry testId="6dee8c76-3355-7dcc-c0a6-02e4a5ed7dc2" executionId="fe0fa9e7-97b4-4a27-ac45-40c733c724c1" testListId="8c84fa94-04c1-424b-9868-57a2d4851a1d" />
    <TestEntry testId="f5fd9e95-4d91-8f7f-4648-e5bd7c8cc931" executionId="2d21ceb1-4b35-475b-ab49-72f0d5b2f959" testListId="8c84fa94-04c1-424b-9868-57a2d4851a1d" />
    <TestEntry testId="910d4b99-463d-e8f2-2603-a8f7093fc7cf" executionId="0fa9ab0d-84f8-4ca5-8f7c-fbcd71934080" testListId="8c84fa94-04c1-424b-9868-57a2d4851a1d" />
    <TestEntry testId="1d93089d-e24f-f1cb-f4e6-3e9e0cc249d4" executionId="3a365fba-8c1a-4ed8-a712-d8e20d77db3c" testListId="8c84fa94-04c1-424b-9868-57a2d4851a1d" />
    <TestEntry testId="73a1abc1-28a4-b23c-9ff3-4e27cf222dab" executionId="bfb6b290-bd63-49d4-a1f3-8c53a69945f7" testListId="8c84fa94-04c1-424b-9868-57a2d4851a1d" />
    <TestEntry testId="f574d6b5-d94c-508a-c127-7bce3d4f82e8" executionId="bca610c5-7298-47e7-b050-9cabc18b931a" testListId="8c84fa94-04c1-424b-9868-57a2d4851a1d" />
    <TestEntry testId="b58070c8-bc7f-712e-31bb-2a11be9cfc18" executionId="887a555a-8ff5-4bfa-be04-042fabc034a1" testListId="8c84fa94-04c1-424b-9868-57a2d4851a1d" />
    <TestEntry testId="b1be5e34-279b-4416-5a52-95321e0442b4" executionId="f0e11ab5-d0f1-4e31-b424-18724e43ff3c" testListId="8c84fa94-04c1-424b-9868-57a2d4851a1d" />
    <TestEntry testId="1d439d51-4271-ce67-e4e0-d0b84f8d1caf" executionId="0dc538db-2a5e-484c-81be-4ba3d224929e" testListId="8c84fa94-04c1-424b-9868-57a2d4851a1d" />
    <TestEntry testId="5bc31484-16d9-023b-e244-308f6e26f09a" executionId="68090653-202c-4479-824e-af518aca0880" testListId="8c84fa94-04c1-424b-9868-57a2d4851a1d" />
    <TestEntry testId="a6a973e9-da68-b082-10c2-5aa132fd4e6b" executionId="d5b4475f-f108-463c-ba90-0c6b14bde854" testListId="8c84fa94-04c1-424b-9868-57a2d4851a1d" />
    <TestEntry testId="43c3749f-0376-2035-bd94-4df92053dab3" executionId="e97690d5-e3cf-4769-a040-45479f21a4c9" testListId="8c84fa94-04c1-424b-9868-57a2d4851a1d" />
    <TestEntry testId="acc05f4a-9abc-39e3-e875-400f69bcea41" executionId="75f6f329-2c99-41a2-ba66-bf27da57b0ff" testListId="8c84fa94-04c1-424b-9868-57a2d4851a1d" />
    <TestEntry testId="10d9efba-c25c-4837-b4ca-c51dd97ac398" executionId="52e29a00-3209-425c-97b3-18b6753b5ba9" testListId="8c84fa94-04c1-424b-9868-57a2d4851a1d" />
    <TestEntry testId="d685c2c4-f219-af53-1ba4-f062b4ec12ac" executionId="fd1d3e6d-546d-47c6-b08f-6ffb13adfec4" testListId="8c84fa94-04c1-424b-9868-57a2d4851a1d" />
    <TestEntry testId="c2833739-846c-dde5-0033-1a2de8fc4d5a" executionId="23d26b94-f1f9-40fa-b407-9eb0724e698b" testListId="8c84fa94-04c1-424b-9868-57a2d4851a1d" />
    <TestEntry testId="d1d03651-a1e2-f6be-a8df-45190d2d89f8" executionId="202be77e-b4bc-4724-811c-45956f6dccd6" testListId="8c84fa94-04c1-424b-9868-57a2d4851a1d" />
    <TestEntry testId="6a5dc4fe-eaa1-ef57-2e33-6170c4a0ea22" executionId="a23d95ae-79f3-4094-b748-c90faa4da626" testListId="8c84fa94-04c1-424b-9868-57a2d4851a1d" />
    <TestEntry testId="35de634f-b340-f79b-b6a0-46426bd56e47" executionId="f5b161a5-fdce-42f7-90fa-2cbb12ef3c71" testListId="8c84fa94-04c1-424b-9868-57a2d4851a1d" />
    <TestEntry testId="5234899e-b699-a182-8741-15341fb350c8" executionId="c8d58fbb-753c-4ecb-9c68-ac8bfdc8c046" testListId="8c84fa94-04c1-424b-9868-57a2d4851a1d" />
    <TestEntry testId="e6fa545c-dab4-f63e-4e3b-21ea6de7572d" executionId="610b120a-4835-4a40-a363-0be50a65f8f5" testListId="8c84fa94-04c1-424b-9868-57a2d4851a1d" />
    <TestEntry testId="62970bd3-0fb8-814d-a0a1-ab9e8aeaae79" executionId="0023d7ea-d42a-4694-827b-391a941ee109" testListId="8c84fa94-04c1-424b-9868-57a2d4851a1d" />
    <TestEntry testId="bfb43a18-8b27-64cf-f833-254fc2466b22" executionId="4a4bf423-034b-4487-a3ec-5b8ec19163a6" testListId="8c84fa94-04c1-424b-9868-57a2d4851a1d" />
    <TestEntry testId="fc250b23-71a0-c4eb-52eb-8cd889ac9f85" executionId="b8f7a7a8-bf63-41d3-87a4-89db0d4110dc" testListId="8c84fa94-04c1-424b-9868-57a2d4851a1d" />
    <TestEntry testId="1440a184-8a0a-3d08-19bf-ac2d32351c96" executionId="15137605-1930-4a5b-b1a6-e2f47f024aca" testListId="8c84fa94-04c1-424b-9868-57a2d4851a1d" />
    <TestEntry testId="2553ac6b-8c4b-c989-c2b1-742cbb8f417e" executionId="dc68d717-e1ae-458c-be5b-08f3a5896b67" testListId="8c84fa94-04c1-424b-9868-57a2d4851a1d" />
    <TestEntry testId="6b24d61a-9019-1031-1c97-d03508d4eb29" executionId="e1574eec-9504-43d2-8cb2-8517d561e9d7" testListId="8c84fa94-04c1-424b-9868-57a2d4851a1d" />
    <TestEntry testId="c02eb5c0-31bb-eec0-3d85-1a1ef8849db8" executionId="2a34b877-a3d4-4664-84ce-7688159a7f56" testListId="8c84fa94-04c1-424b-9868-57a2d4851a1d" />
    <TestEntry testId="b27808d6-4355-5292-3153-64fb93821ea0" executionId="e1d77f3b-1d33-4b39-8bc2-04f0dc828e27" testListId="8c84fa94-04c1-424b-9868-57a2d4851a1d" />
    <TestEntry testId="9bae3763-5b44-6392-7f85-b5a14c7eae3f" executionId="25303d93-2434-49b2-aacb-cc39a4f1c5e4" testListId="8c84fa94-04c1-424b-9868-57a2d4851a1d" />
    <TestEntry testId="274e5ca5-6e22-8c94-c538-bc2ca6c5742f" executionId="c601117f-c17c-404c-9501-583e76cd3cdb" testListId="8c84fa94-04c1-424b-9868-57a2d4851a1d" />
    <TestEntry testId="adedbc1e-8d02-07f8-2158-2d31b0c1df72" executionId="19910c74-f55e-4ba5-a9c5-92bff5c4feae" testListId="8c84fa94-04c1-424b-9868-57a2d4851a1d" />
    <TestEntry testId="f0622268-a7b0-73db-dcaa-b07ea595271b" executionId="1e0a6d9a-9b96-4443-a27b-eed45c5573ba" testListId="8c84fa94-04c1-424b-9868-57a2d4851a1d" />
    <TestEntry testId="199abf60-5b5b-94b6-b04f-a3e4d911fd34" executionId="754c541f-0275-4b5f-a0b1-61a5b25e051c" testListId="8c84fa94-04c1-424b-9868-57a2d4851a1d" />
    <TestEntry testId="1f8c3026-17e4-68c3-c899-dd2458b787d5" executionId="b5c2b3c9-665d-4f66-9a4b-3cba8825fc9c" testListId="8c84fa94-04c1-424b-9868-57a2d4851a1d" />
    <TestEntry testId="6236d5e6-b13b-501c-48e0-102f9eda59d6" executionId="5cb22e0b-2907-48dc-a40f-7c69075b7de8" testListId="8c84fa94-04c1-424b-9868-57a2d4851a1d" />
    <TestEntry testId="9bb26f6e-1e2c-da60-973e-eeca518679d1" executionId="aa21c170-aa4e-42df-808a-bd7a1b61b9b1" testListId="8c84fa94-04c1-424b-9868-57a2d4851a1d" />
    <TestEntry testId="9006b827-71f8-1e68-78c8-d64e06e75b19" executionId="95beb9f4-017a-4d41-ac57-909e310bb5ad" testListId="8c84fa94-04c1-424b-9868-57a2d4851a1d" />
    <TestEntry testId="114d6aa2-3c70-c374-d5cb-1675b6f9d5e6" executionId="4f34a6c9-cb82-4f2f-a951-ddd8fb8b7107" testListId="8c84fa94-04c1-424b-9868-57a2d4851a1d" />
    <TestEntry testId="f9ec4424-0f09-8ce8-d044-ac97ec1d16a8" executionId="c9f4a51e-c9ee-41f1-a52e-8b244a80ae88" testListId="8c84fa94-04c1-424b-9868-57a2d4851a1d" />
    <TestEntry testId="a4a7e920-6be7-0270-88f5-4a528c0a4ff3" executionId="93318d8f-ea09-4808-b9a6-1c7025a8450f" testListId="8c84fa94-04c1-424b-9868-57a2d4851a1d" />
    <TestEntry testId="837c6681-7a11-fda1-e2c1-66903c24de53" executionId="3189d2ac-af5d-405a-9945-2e290fba9a62" testListId="8c84fa94-04c1-424b-9868-57a2d4851a1d" />
    <TestEntry testId="03f880df-4361-699a-9da6-4d3bc3d9d5a7" executionId="bfd9bc9e-cd89-4723-8cee-a2bd47dab89e" testListId="8c84fa94-04c1-424b-9868-57a2d4851a1d" />
    <TestEntry testId="28a678d1-0284-2779-ed67-e16002278e6b" executionId="6f2f47ab-55cd-4774-b137-6760eb30d067" testListId="8c84fa94-04c1-424b-9868-57a2d4851a1d" />
    <TestEntry testId="45e81eff-7762-2319-5d11-e20e90ac1295" executionId="75ce669e-29f3-46d6-8138-a4c4b9e00c71" testListId="8c84fa94-04c1-424b-9868-57a2d4851a1d" />
    <TestEntry testId="b923c1df-de90-30ce-6175-be67d41806a2" executionId="4f2d6a09-1f5a-4847-818b-a6b62d054e45" testListId="8c84fa94-04c1-424b-9868-57a2d4851a1d" />
    <TestEntry testId="c1905b94-6245-64ed-8028-a7655f8970eb" executionId="5150b372-b81f-4c45-ad69-7e303f555ca7" testListId="8c84fa94-04c1-424b-9868-57a2d4851a1d" />
    <TestEntry testId="f0159238-5dbe-94b2-dc06-cbfbca0e38a0" executionId="ae914e12-79a8-4b55-b2e8-0ee596fe3b90" testListId="8c84fa94-04c1-424b-9868-57a2d4851a1d" />
    <TestEntry testId="fb12626f-6bd8-49ed-e189-ad76e4b7496b" executionId="53482f99-add9-47a8-b88e-bb5ededa2ad2" testListId="8c84fa94-04c1-424b-9868-57a2d4851a1d" />
    <TestEntry testId="4981a909-3e1a-e6df-4bdc-c1e8e4928845" executionId="17bea07b-8a32-4971-92e1-a563bc36ebe4" testListId="8c84fa94-04c1-424b-9868-57a2d4851a1d" />
    <TestEntry testId="a847ffac-041e-82ae-b13a-0b82098799e8" executionId="e48edd00-def7-4798-a4db-3c95df47afd4" testListId="8c84fa94-04c1-424b-9868-57a2d4851a1d" />
    <TestEntry testId="71b5ba87-68b9-157d-6948-87a1827119b3" executionId="eedd71e3-edf0-4406-8fec-92af2a4e38db" testListId="8c84fa94-04c1-424b-9868-57a2d4851a1d" />
    <TestEntry testId="1bf3b326-0db3-88e9-a1ae-c5de32b68479" executionId="ba3e58f2-d0f1-41c1-a998-c6ce634d0292" testListId="8c84fa94-04c1-424b-9868-57a2d4851a1d" />
    <TestEntry testId="c2736500-86f5-c7ae-a0e1-fceb61e5a5d4" executionId="0652f3cf-31af-4feb-9070-10260f64608c" testListId="8c84fa94-04c1-424b-9868-57a2d4851a1d" />
    <TestEntry testId="8d93f248-c3e9-e97f-b3e2-6491b331020f" executionId="6d1a212e-0591-4934-8873-8be58b4ca788" testListId="8c84fa94-04c1-424b-9868-57a2d4851a1d" />
    <TestEntry testId="39c7a244-b75e-9f86-9d15-adfafecd21ca" executionId="eb3a70bd-4e95-4389-b5ee-78b5d9a8e73e" testListId="8c84fa94-04c1-424b-9868-57a2d4851a1d" />
    <TestEntry testId="b7f6b02b-7701-48a7-6ef3-dc8df7e50575" executionId="e5284ef7-501e-4d6a-8415-d1dc1a4ee62e" testListId="8c84fa94-04c1-424b-9868-57a2d4851a1d" />
    <TestEntry testId="7ae5fdac-2c37-dafa-ea81-102d467ed88a" executionId="01cdb710-4f31-4799-bdc2-7e5732c04d85" testListId="8c84fa94-04c1-424b-9868-57a2d4851a1d" />
    <TestEntry testId="0107bc98-e88d-a137-c4d8-ff01a11c4723" executionId="3db0d8d4-179b-461f-ad6e-f41cbf3bba0c" testListId="8c84fa94-04c1-424b-9868-57a2d4851a1d" />
    <TestEntry testId="bc8b0527-de00-05c5-8ddf-e463dace5bf0" executionId="05a08c5d-40b9-4a50-b1e9-56d4d3bc596d" testListId="8c84fa94-04c1-424b-9868-57a2d4851a1d" />
    <TestEntry testId="6429e0d9-dcee-fed4-29f3-6b39686056fc" executionId="ebf5dc4f-2539-4864-93fb-3bdacfe4ca33" testListId="8c84fa94-04c1-424b-9868-57a2d4851a1d" />
    <TestEntry testId="e6f60af7-eaed-5b55-816d-6d2a50c98932" executionId="ea586e63-7036-43e6-854e-8c947afdf290" testListId="8c84fa94-04c1-424b-9868-57a2d4851a1d" />
    <TestEntry testId="0718464f-7428-3c2c-d7c1-1af84b0bb5ee" executionId="d5d53916-7008-4e9d-8e05-36c95cb5e76f" testListId="8c84fa94-04c1-424b-9868-57a2d4851a1d" />
    <TestEntry testId="ae5c211a-4af1-929a-38fa-5c9b4f30973f" executionId="e057a882-b9c5-4fe6-9e5d-7903b8b97cfb" testListId="8c84fa94-04c1-424b-9868-57a2d4851a1d" />
    <TestEntry testId="a35c67b3-dcd5-5426-949a-a2a9a2f95735" executionId="d44d61b0-74d3-4f97-add6-57547c12ef90" testListId="8c84fa94-04c1-424b-9868-57a2d4851a1d" />
    <TestEntry testId="bb69a9ef-0ed6-4747-9681-639ad78f5540" executionId="d81f751d-4397-4e45-9707-fe2de84b6c6c" testListId="8c84fa94-04c1-424b-9868-57a2d4851a1d" />
    <TestEntry testId="67cd7cf5-f472-f19a-a725-58400de88452" executionId="9efc647e-5ddb-4912-9e8d-e07c2f1fc2ce" testListId="8c84fa94-04c1-424b-9868-57a2d4851a1d" />
    <TestEntry testId="9b2f9530-d092-f9c3-dae1-2f483cfeb52d" executionId="aa62c635-1c75-47e5-8052-e6370b72e682" testListId="8c84fa94-04c1-424b-9868-57a2d4851a1d" />
    <TestEntry testId="32740214-c33e-96ad-e5a0-01c821ac0c2a" executionId="55433783-5a2c-4eb4-b8f8-a1bd56c9fdc2" testListId="8c84fa94-04c1-424b-9868-57a2d4851a1d" />
    <TestEntry testId="8abb9da4-977b-effb-b6fc-988ee16d7ff4" executionId="556b8633-7ca2-415a-8b3a-fca4910f354e" testListId="8c84fa94-04c1-424b-9868-57a2d4851a1d" />
    <TestEntry testId="c51581ef-f81a-dd7d-4cbf-75770d6a883f" executionId="2b853718-b59c-43ee-ad1f-6c288ed815a1" testListId="8c84fa94-04c1-424b-9868-57a2d4851a1d" />
    <TestEntry testId="3ec04580-c747-9bc8-6ea0-e87ec6ca04ad" executionId="8e9d8035-de31-4c39-b1f0-c8603defdf79" testListId="8c84fa94-04c1-424b-9868-57a2d4851a1d" />
    <TestEntry testId="032648fc-0fdc-1a5c-ef88-d85403381c03" executionId="6d79a562-4700-49cf-afae-d21c155f190e" testListId="8c84fa94-04c1-424b-9868-57a2d4851a1d" />
    <TestEntry testId="0204302a-a6b4-6e62-a63e-362dc9379d6c" executionId="3db94c3d-c2ca-4744-af4e-e4a00627cb47" testListId="8c84fa94-04c1-424b-9868-57a2d4851a1d" />
    <TestEntry testId="6b324d3b-5796-c056-8636-0eb49b18ead5" executionId="a28415ea-17e8-4b8f-bb18-f542ee1a1b02" testListId="8c84fa94-04c1-424b-9868-57a2d4851a1d" />
    <TestEntry testId="7476f680-f31f-6c35-e7e5-6a1da5d08bf1" executionId="e4540084-2dbf-475f-9164-4495e6c197e6" testListId="8c84fa94-04c1-424b-9868-57a2d4851a1d" />
    <TestEntry testId="a32b1b99-bbfe-b0ef-93c7-d7c83b53becf" executionId="b9dafb3d-ec80-4e30-9735-8c6cb3a9644a" testListId="8c84fa94-04c1-424b-9868-57a2d4851a1d" />
    <TestEntry testId="b09e548c-5a83-3ac9-fa3f-e5118e38e1d9" executionId="3afac260-74bc-4108-a804-9de4b583290c" testListId="8c84fa94-04c1-424b-9868-57a2d4851a1d" />
    <TestEntry testId="7e94e694-684d-fa09-70c8-651a86e03ea4" executionId="755a732c-7a28-4b04-a607-e3f3972a3823" testListId="8c84fa94-04c1-424b-9868-57a2d4851a1d" />
    <TestEntry testId="6b78f8da-fc12-62dc-9f88-c5e10a98f007" executionId="47afff53-1e5f-473e-9a63-a54fe13572ed" testListId="8c84fa94-04c1-424b-9868-57a2d4851a1d" />
    <TestEntry testId="d7f71e56-89f1-ca12-7436-85c71867f730" executionId="5bb2ab66-a8b6-4206-b7bc-e4445ba4f5d9" testListId="8c84fa94-04c1-424b-9868-57a2d4851a1d" />
    <TestEntry testId="685e65c6-c415-f45e-d0fc-3f95f4859375" executionId="bb3dda6c-6865-4b32-af9f-277ab7eaa760" testListId="8c84fa94-04c1-424b-9868-57a2d4851a1d" />
    <TestEntry testId="57f59a31-3f22-a5b8-69d7-45e7719f3ea1" executionId="59be35d0-11b5-4a56-a62a-137ce5c819ce" testListId="8c84fa94-04c1-424b-9868-57a2d4851a1d" />
    <TestEntry testId="9a9fb753-7e29-0228-3909-087838ec3002" executionId="2340fe71-0f79-4ba3-9eb2-ac8b7512d8f4" testListId="8c84fa94-04c1-424b-9868-57a2d4851a1d" />
    <TestEntry testId="f6e6ea6a-a253-8185-3a92-d6751c76c436" executionId="68846bcb-2fcb-446c-b2c9-f876a0559a3e" testListId="8c84fa94-04c1-424b-9868-57a2d4851a1d" />
    <TestEntry testId="3e825b25-6db1-d72d-ab5d-475a3a46b642" executionId="25e13281-db7a-4e0e-a210-ad6ff4854e30" testListId="8c84fa94-04c1-424b-9868-57a2d4851a1d" />
    <TestEntry testId="8a2b6295-c6f7-0626-b29d-201c71fd67a5" executionId="6ab5aceb-f71a-4247-8714-945f6208d002" testListId="8c84fa94-04c1-424b-9868-57a2d4851a1d" />
    <TestEntry testId="7d115265-369e-6487-e000-47e2ac4ab46b" executionId="17b1c412-8f43-400b-bc2c-86efafa30b96" testListId="8c84fa94-04c1-424b-9868-57a2d4851a1d" />
    <TestEntry testId="6abd158c-e0bd-4354-9fac-ab6a832540d0" executionId="78aa297b-d729-4c57-bc50-fcd05bf8b423" testListId="8c84fa94-04c1-424b-9868-57a2d4851a1d" />
    <TestEntry testId="5e8a64ef-fabe-5bbf-4739-e9cf8ccf2ee0" executionId="aa7b777f-b2aa-4c45-9c0d-f94c8c43ebf8" testListId="8c84fa94-04c1-424b-9868-57a2d4851a1d" />
    <TestEntry testId="e919c93b-2878-e388-877b-68a9f48cc9b1" executionId="1bfa5c9d-1f44-4e6e-b479-9e8d580704d0" testListId="8c84fa94-04c1-424b-9868-57a2d4851a1d" />
    <TestEntry testId="39e2492b-a588-79ac-add5-4d0176982180" executionId="8afcff46-becb-4f11-b9d0-75889c1de4c5" testListId="8c84fa94-04c1-424b-9868-57a2d4851a1d" />
    <TestEntry testId="62f72a9e-2ef3-be6d-f944-7dcdbad45b8b" executionId="f281e78a-7258-4688-86b8-cb2338204637" testListId="8c84fa94-04c1-424b-9868-57a2d4851a1d" />
    <TestEntry testId="3cf165e2-4de9-3079-4fb7-1ca2dade8ab8" executionId="fe48230c-8f30-41c5-8672-777f229a4b65" testListId="8c84fa94-04c1-424b-9868-57a2d4851a1d" />
    <TestEntry testId="cb85c450-02e3-5db9-b93c-f905351c1d09" executionId="be41e0ba-5bfc-4339-826d-30252d0c90af" testListId="8c84fa94-04c1-424b-9868-57a2d4851a1d" />
    <TestEntry testId="b6307f6f-0923-1f5a-926e-f404ac915b20" executionId="ae6bef68-3a9a-4c69-b064-6eea34fff814" testListId="8c84fa94-04c1-424b-9868-57a2d4851a1d" />
    <TestEntry testId="9302047d-d400-9bf9-4ba4-2e05b31dc9ec" executionId="c2b7d3f0-e17c-40d3-8116-8e4ce733bf33" testListId="8c84fa94-04c1-424b-9868-57a2d4851a1d" />
    <TestEntry testId="ebfb6fa8-ee3c-3dd3-7dbb-2004376b7edb" executionId="5c7a1231-a724-4577-a249-1f79f3b8ae4f" testListId="8c84fa94-04c1-424b-9868-57a2d4851a1d" />
    <TestEntry testId="d29aa2a9-a943-d583-f9f3-c1d6c5281005" executionId="13a9e0f7-0c6d-410d-b3e2-c5bfbca77c13" testListId="8c84fa94-04c1-424b-9868-57a2d4851a1d" />
    <TestEntry testId="74c0130b-d063-4d59-6d84-18416c8beb4f" executionId="1310e963-1358-4b0e-bff9-7ea89e28d0ea" testListId="8c84fa94-04c1-424b-9868-57a2d4851a1d" />
    <TestEntry testId="d24e4d75-af83-eba3-bdf8-ba8e65054856" executionId="973fac87-e667-4069-82cf-e23cd096b29a" testListId="8c84fa94-04c1-424b-9868-57a2d4851a1d" />
    <TestEntry testId="17ffc344-aceb-1f84-f3bf-8205c38e1b46" executionId="14cbd330-d51b-4b90-ba9b-bd81238db58e" testListId="8c84fa94-04c1-424b-9868-57a2d4851a1d" />
    <TestEntry testId="a01314ec-fbb5-964d-0d33-e4eebe884133" executionId="05358efa-031d-40b2-8f3e-8465cd5f44f2" testListId="8c84fa94-04c1-424b-9868-57a2d4851a1d" />
    <TestEntry testId="004cf38c-62a9-5d39-4e66-385c7c495389" executionId="4c7bb03b-b00d-49df-b638-087d381f9135" testListId="8c84fa94-04c1-424b-9868-57a2d4851a1d" />
    <TestEntry testId="628515ca-7a61-a487-4f7e-7b39d713c401" executionId="6907ac20-1947-4db6-ac89-6132df814030" testListId="8c84fa94-04c1-424b-9868-57a2d4851a1d" />
    <TestEntry testId="662f9f8e-b212-7223-452e-c301bb4c0b8d" executionId="be54caaf-5c06-40df-a8de-a5b68e6b3e82" testListId="8c84fa94-04c1-424b-9868-57a2d4851a1d" />
    <TestEntry testId="d26e5e0e-e63b-6a1f-1d40-d2dc8692bbaf" executionId="e6927d43-9acd-462f-9697-fcfe42e59b8e" testListId="8c84fa94-04c1-424b-9868-57a2d4851a1d" />
    <TestEntry testId="92867c0e-facc-7f59-b4bc-04e39d2ba464" executionId="44143e39-2030-4052-a435-450bb436cf6c" testListId="8c84fa94-04c1-424b-9868-57a2d4851a1d" />
    <TestEntry testId="96b3d30f-d6cb-f987-10e4-934fbe7403b3" executionId="f54a03cc-8b23-461e-b552-50c2226e3bdc" testListId="8c84fa94-04c1-424b-9868-57a2d4851a1d" />
    <TestEntry testId="c54c0d26-3d52-7638-d0ec-e651814ad808" executionId="380fc8a6-e501-45ff-9380-a1c2f5fd4608" testListId="8c84fa94-04c1-424b-9868-57a2d4851a1d" />
    <TestEntry testId="ed2b1e2d-f079-ec9f-030f-6c4deaa52702" executionId="d290b408-cfc5-4a2f-a630-3dd1c8ce2375" testListId="8c84fa94-04c1-424b-9868-57a2d4851a1d" />
    <TestEntry testId="47e7ec55-4391-8546-d1c3-fb5db01a41e8" executionId="ebc3daa3-3f2a-4e82-a6d1-00c3815b360f" testListId="8c84fa94-04c1-424b-9868-57a2d4851a1d" />
    <TestEntry testId="bb7f2094-2f9e-97a8-2260-536683d65f82" executionId="09ff7c19-4db4-47bb-87b2-0ab330481fda" testListId="8c84fa94-04c1-424b-9868-57a2d4851a1d" />
    <TestEntry testId="21fecb6a-616e-e0ca-06e2-949826e6d9fe" executionId="999a8966-9073-4c5a-b50f-d2fbf9f93930" testListId="8c84fa94-04c1-424b-9868-57a2d4851a1d" />
    <TestEntry testId="a488094a-b6b5-d178-8919-9dcf3be59209" executionId="c63beaeb-5509-49d0-8ed7-edba190ba8b7" testListId="8c84fa94-04c1-424b-9868-57a2d4851a1d" />
    <TestEntry testId="3303c520-a64a-555f-afb5-ac27a0847525" executionId="816fcc79-9011-4544-90aa-3989d4130940" testListId="8c84fa94-04c1-424b-9868-57a2d4851a1d" />
    <TestEntry testId="80a01599-be59-3356-d51c-3d8e6f327fd1" executionId="10f5a48a-640b-46bb-97d0-159ccb7af9dc" testListId="8c84fa94-04c1-424b-9868-57a2d4851a1d" />
    <TestEntry testId="85867aba-850c-5842-e811-a641ca5889cf" executionId="06f092f6-0aba-45a2-950e-cec5ccd04121" testListId="8c84fa94-04c1-424b-9868-57a2d4851a1d" />
    <TestEntry testId="d39fbf53-bbf3-020f-e6d4-44b45bc00b41" executionId="f6326bac-7503-4371-bdae-f2bf85a996d5" testListId="8c84fa94-04c1-424b-9868-57a2d4851a1d" />
    <TestEntry testId="ceb7f684-931d-5c6c-b7df-e9079ac9afdf" executionId="f13f8f61-c452-4b2d-bfba-29d3f7d9f999" testListId="8c84fa94-04c1-424b-9868-57a2d4851a1d" />
    <TestEntry testId="b54d2807-218d-96e0-fe0e-06e67796eaa7" executionId="b0a1d1da-c736-4a32-aa0f-efe3d1d16f46" testListId="8c84fa94-04c1-424b-9868-57a2d4851a1d" />
    <TestEntry testId="39003167-8a78-92df-7e4f-41dcd0888168" executionId="76f06441-f098-4600-9817-8f48c88f869b" testListId="8c84fa94-04c1-424b-9868-57a2d4851a1d" />
    <TestEntry testId="853ab17c-1011-8c0b-9611-6a309f52ffd7" executionId="204c3072-a0af-4b47-a0f0-39f08f5c468d" testListId="8c84fa94-04c1-424b-9868-57a2d4851a1d" />
    <TestEntry testId="70548cff-07c6-a6ca-3719-5ff4c0013c06" executionId="32fbb700-d143-4a1a-ae65-62e60cd98b94" testListId="8c84fa94-04c1-424b-9868-57a2d4851a1d" />
    <TestEntry testId="e3333616-70b0-385e-063b-ec83b99dd0ba" executionId="15790fac-875a-4b42-a19e-3d5c83ceff81" testListId="8c84fa94-04c1-424b-9868-57a2d4851a1d" />
    <TestEntry testId="5d21865c-ab0e-9a36-1301-7cb3ba2d4618" executionId="10eaa3bd-a925-4ed5-b2d4-6916bf2c788b" testListId="8c84fa94-04c1-424b-9868-57a2d4851a1d" />
    <TestEntry testId="098a6c08-89e3-c4e2-de2b-7f783c0ba1b5" executionId="d4b13b78-084f-4149-ad0c-a476cac21f07" testListId="8c84fa94-04c1-424b-9868-57a2d4851a1d" />
    <TestEntry testId="17734bbb-2d3a-adb5-e319-0683f12164eb" executionId="98b6fa22-0bc3-4878-b084-7d07af807283" testListId="8c84fa94-04c1-424b-9868-57a2d4851a1d" />
    <TestEntry testId="510aaf45-0379-a668-36c0-4b4e838744ca" executionId="7e15c9ad-13e2-4c16-8343-551aa675904b" testListId="8c84fa94-04c1-424b-9868-57a2d4851a1d" />
    <TestEntry testId="7a0e454f-7db2-d7d6-0df6-561708317bba" executionId="4aa0df71-e558-4cf7-bbe6-ae44f041b4d6" testListId="8c84fa94-04c1-424b-9868-57a2d4851a1d" />
    <TestEntry testId="55be0839-9d5f-302a-bfcf-f7926cef9841" executionId="095a5d91-5a90-42f7-bb98-b289559f1661" testListId="8c84fa94-04c1-424b-9868-57a2d4851a1d" />
    <TestEntry testId="6348b4b0-49f7-9204-9791-fbfe727cb8b8" executionId="d81c2742-4dfd-49bb-9f89-240e011d59cc" testListId="8c84fa94-04c1-424b-9868-57a2d4851a1d" />
    <TestEntry testId="6a02a9a9-45fc-e93c-144a-ec579f6fd7df" executionId="72c4a34e-57ed-4e8f-85fd-e63cecb163a0" testListId="8c84fa94-04c1-424b-9868-57a2d4851a1d" />
    <TestEntry testId="7904b819-04ff-ce91-7814-899d505d8f94" executionId="88354765-68be-4e8c-a79c-a6cc1f7c9231" testListId="8c84fa94-04c1-424b-9868-57a2d4851a1d" />
    <TestEntry testId="6c111a58-0dcb-5d69-cab0-6f7362899525" executionId="2e4a9cf8-fa6b-4e92-a01d-769010a26631" testListId="8c84fa94-04c1-424b-9868-57a2d4851a1d" />
    <TestEntry testId="0f39fcee-dd2f-44a0-e35a-8e74fa0a37f5" executionId="17244062-5049-48d6-8c32-d9183ffb36e2" testListId="8c84fa94-04c1-424b-9868-57a2d4851a1d" />
    <TestEntry testId="b9c69082-a036-d41e-d5a0-c1cde2a1d040" executionId="275b79cd-d933-4328-bd98-11c2a7277953" testListId="8c84fa94-04c1-424b-9868-57a2d4851a1d" />
    <TestEntry testId="e2a03079-8dae-3d38-3cf5-f27f7a4202a4" executionId="39da1f8a-0c2f-4a62-989c-79f5a3f57105" testListId="8c84fa94-04c1-424b-9868-57a2d4851a1d" />
    <TestEntry testId="4d634782-9db9-e8af-a18d-f1e4c45e4686" executionId="16aa1969-95db-4c2d-a71d-95a80ea5509e" testListId="8c84fa94-04c1-424b-9868-57a2d4851a1d" />
    <TestEntry testId="d9e3c39e-a746-2b8a-5354-8ea82331bcd9" executionId="076f8f12-ca2c-4e9c-9c88-cf20250d21ec" testListId="8c84fa94-04c1-424b-9868-57a2d4851a1d" />
    <TestEntry testId="0ad74e44-881e-9461-7e6f-381a5cc80df0" executionId="bfdad5b0-8216-4fed-81d2-6f71ef4bcf00" testListId="8c84fa94-04c1-424b-9868-57a2d4851a1d" />
    <TestEntry testId="f1dc036c-9edd-e200-4e53-f62b2f9452ea" executionId="c607fd21-ebcd-441d-9bc1-a586a69a5879" testListId="8c84fa94-04c1-424b-9868-57a2d4851a1d" />
    <TestEntry testId="b83433ff-1f44-78cf-aaee-d87286ab6972" executionId="43b172f0-48d9-4e10-9738-4f61e637fc5c" testListId="8c84fa94-04c1-424b-9868-57a2d4851a1d" />
    <TestEntry testId="6db05940-47de-0c9c-5b92-fcba99ecc227" executionId="a2c7cec7-278c-42cd-97a0-67dc3155ab1f" testListId="8c84fa94-04c1-424b-9868-57a2d4851a1d" />
    <TestEntry testId="31ed7871-edfd-2633-6788-723019e7f3e1" executionId="7ba1f0f9-1fb8-4be0-a6cb-e8bc32e87a06" testListId="8c84fa94-04c1-424b-9868-57a2d4851a1d" />
    <TestEntry testId="12c8d806-dc76-730d-d276-1d289133c533" executionId="7e9112ec-8013-42e6-a790-2d8a5e95361b" testListId="8c84fa94-04c1-424b-9868-57a2d4851a1d" />
    <TestEntry testId="e4a60893-7e5b-dc4d-fd91-d28f1c9b83a3" executionId="07c23a29-0840-47cb-97ea-a6ee3cf15cca" testListId="8c84fa94-04c1-424b-9868-57a2d4851a1d" />
    <TestEntry testId="7146296d-c8e1-b13f-44e4-16f25fa9af9d" executionId="7f9143c0-c41d-4831-8ba7-aafe9a34aa5f" testListId="8c84fa94-04c1-424b-9868-57a2d4851a1d" />
    <TestEntry testId="719fd87e-be7b-b92c-8926-a4bddcef0244" executionId="2018173b-6132-471a-9ac9-93bda0e3627e" testListId="8c84fa94-04c1-424b-9868-57a2d4851a1d" />
    <TestEntry testId="5c5be749-8fc1-a0d2-2b32-3e2f32d1a7a1" executionId="a49aef50-0502-4d1f-8fbe-2babecfbc31a" testListId="8c84fa94-04c1-424b-9868-57a2d4851a1d" />
    <TestEntry testId="8ba4f73b-ec87-c89b-2641-8f6e59861d2d" executionId="0d48eba2-94e6-494c-b142-4cc5abd24487" testListId="8c84fa94-04c1-424b-9868-57a2d4851a1d" />
    <TestEntry testId="379018c4-3439-ea28-2c36-3039f4766b8e" executionId="64fbb1d3-5a67-4f23-94e5-4a30426d7f71" testListId="8c84fa94-04c1-424b-9868-57a2d4851a1d" />
    <TestEntry testId="a5617ce6-af44-3da3-775d-82bd0343fcd9" executionId="337e6abb-2843-4703-994c-14d35bea8a18" testListId="8c84fa94-04c1-424b-9868-57a2d4851a1d" />
    <TestEntry testId="8591161e-1b40-e9f6-332c-2e1b43b81682" executionId="c50b2f6d-209f-4e61-9883-1c8cc8216d3f" testListId="8c84fa94-04c1-424b-9868-57a2d4851a1d" />
    <TestEntry testId="e24a4a8b-d823-3179-90dd-34c590157361" executionId="5c1a5c63-f4d9-430a-b7ef-1d61d074ac94" testListId="8c84fa94-04c1-424b-9868-57a2d4851a1d" />
    <TestEntry testId="a1a0ba31-d02b-8245-607c-82258ff29354" executionId="abb497a3-2c09-4647-abdc-a04b4a97f071" testListId="8c84fa94-04c1-424b-9868-57a2d4851a1d" />
    <TestEntry testId="803aabd0-814c-fa5a-ba0b-84820a2be95d" executionId="04b56dbb-d719-4003-92f5-bd4b33aa9c52" testListId="8c84fa94-04c1-424b-9868-57a2d4851a1d" />
    <TestEntry testId="4d3ac1b1-3fbf-8e2e-a5b3-6011afbd1d48" executionId="37ab77dc-9fab-4817-95fe-4e39e131f709" testListId="8c84fa94-04c1-424b-9868-57a2d4851a1d" />
    <TestEntry testId="07f796cc-f35b-a2f3-f99a-0213c6c6aa02" executionId="ea1aade5-33b0-4f78-86a0-1b13305c1deb" testListId="8c84fa94-04c1-424b-9868-57a2d4851a1d" />
    <TestEntry testId="e679eaee-e3a9-8b8a-d185-7c73afee0b2f" executionId="64c1ff7d-f541-43bc-b170-c298fa03f9c6" testListId="8c84fa94-04c1-424b-9868-57a2d4851a1d" />
    <TestEntry testId="97c96922-5169-8a4b-ec79-8c51fbb945f4" executionId="ff6c5b2f-1d7e-4146-b022-46810812d240" testListId="8c84fa94-04c1-424b-9868-57a2d4851a1d" />
    <TestEntry testId="942f2440-35ec-8291-0e34-266a90087e97" executionId="2ee89668-f942-42a6-950f-b97c26e7c409" testListId="8c84fa94-04c1-424b-9868-57a2d4851a1d" />
    <TestEntry testId="b2708039-2d5c-fb09-5f56-062d0cb9067a" executionId="0bd757fd-e1c6-4fdc-b4d3-33708838a485" testListId="8c84fa94-04c1-424b-9868-57a2d4851a1d" />
    <TestEntry testId="5fd56893-4697-a123-e3df-f5a8329247bd" executionId="084694c4-36c0-4315-8d71-3f20258c0fd0" testListId="8c84fa94-04c1-424b-9868-57a2d4851a1d" />
    <TestEntry testId="7490fb46-9b1e-86c6-a053-c9324b70ce91" executionId="13aa2528-1759-42c2-bedd-19e965eb12ee" testListId="8c84fa94-04c1-424b-9868-57a2d4851a1d" />
    <TestEntry testId="e16968dc-e551-2d79-073b-6318cfa896ba" executionId="f5e0f848-ec76-40c3-9a9b-d4bff20ffae5" testListId="8c84fa94-04c1-424b-9868-57a2d4851a1d" />
    <TestEntry testId="c2c1dbbf-76df-e4ac-1f6c-4bf02108e7b1" executionId="4c5c9fa4-6ab5-4569-91b0-9e2cc6fe9d1d" testListId="8c84fa94-04c1-424b-9868-57a2d4851a1d" />
    <TestEntry testId="f20c73fc-7f07-e8ef-25e3-d34c7ca18877" executionId="9008fa7f-562e-461b-9ad4-db0091f79b78" testListId="8c84fa94-04c1-424b-9868-57a2d4851a1d" />
    <TestEntry testId="619c3bdd-52f6-f473-bd0e-a552a532adf7" executionId="cdafb726-1d8a-470a-bd20-0ec86dea9e62" testListId="8c84fa94-04c1-424b-9868-57a2d4851a1d" />
    <TestEntry testId="f3dbad6e-a998-4f0d-7c83-23b7bc70f023" executionId="3aad2fe2-8344-4417-831b-af7e3beb9584" testListId="8c84fa94-04c1-424b-9868-57a2d4851a1d" />
    <TestEntry testId="d2fc2ae7-e3b1-dc92-6628-90e5bb16c5d2" executionId="b929a614-14ae-46d8-9564-3c95d2971b4d" testListId="8c84fa94-04c1-424b-9868-57a2d4851a1d" />
    <TestEntry testId="979c090f-8c86-d264-67f3-13520744166b" executionId="94ee8a1f-6dfc-43a4-9719-f96eb18b1b43" testListId="8c84fa94-04c1-424b-9868-57a2d4851a1d" />
    <TestEntry testId="57f0eaa3-633d-272b-64dc-58e0ae797fbb" executionId="14d52336-2eda-4c43-a5b4-ae034f842a12" testListId="8c84fa94-04c1-424b-9868-57a2d4851a1d" />
    <TestEntry testId="50412f91-cd15-dc69-c1d6-5d9dbd95d4af" executionId="d77920a3-34e2-4af7-9f8c-fbf45909df44" testListId="8c84fa94-04c1-424b-9868-57a2d4851a1d" />
    <TestEntry testId="cba33adf-d8e4-1800-afdf-f1e10b328694" executionId="5595beb0-d1a0-4e7f-93cb-e1e747296425" testListId="8c84fa94-04c1-424b-9868-57a2d4851a1d" />
    <TestEntry testId="3e4e2f06-1967-c539-7ba8-6e0f44663842" executionId="e8bb9895-97f9-4d1b-bb90-b06334d7392d" testListId="8c84fa94-04c1-424b-9868-57a2d4851a1d" />
    <TestEntry testId="becea41b-b5f7-1be9-14b7-7b47b08d6269" executionId="6d174b52-b3ef-4bc8-bbda-86c9a34c4723" testListId="8c84fa94-04c1-424b-9868-57a2d4851a1d" />
    <TestEntry testId="b639588e-b414-82b2-fe24-5fe49a4a3ad3" executionId="8ea2d802-9d0b-4d65-be69-ca9ad4142947" testListId="8c84fa94-04c1-424b-9868-57a2d4851a1d" />
    <TestEntry testId="fb9b5d5a-ec48-a3ed-07db-cf85d51b9faa" executionId="efc85ebe-5ced-42ff-9936-c9a5d9b3d689" testListId="8c84fa94-04c1-424b-9868-57a2d4851a1d" />
    <TestEntry testId="6b63c191-3bae-08f6-ef80-e9550ed318c7" executionId="0474c099-9af3-40fc-97a0-ff64a99bd32b" testListId="8c84fa94-04c1-424b-9868-57a2d4851a1d" />
    <TestEntry testId="95fed375-7969-3fff-ac7b-e41adca485dd" executionId="d60c54d6-5eb8-45b6-8611-2c8cc6c6a4e4" testListId="8c84fa94-04c1-424b-9868-57a2d4851a1d" />
    <TestEntry testId="451fafcd-e358-2a2a-0150-6d7bc1153f41" executionId="598e752b-83de-468f-8035-6cf9b478c7ed" testListId="8c84fa94-04c1-424b-9868-57a2d4851a1d" />
    <TestEntry testId="58d53652-da34-09db-a06d-1fae2bb18f28" executionId="10f9863c-4b83-4064-97ff-5b6405174f5f" testListId="8c84fa94-04c1-424b-9868-57a2d4851a1d" />
    <TestEntry testId="28c068cc-4f93-bf31-670a-7f0717946001" executionId="e73f061b-939f-4026-bd1b-440bd4c4dc3f" testListId="8c84fa94-04c1-424b-9868-57a2d4851a1d" />
    <TestEntry testId="11067e87-9b88-327c-9a0f-dda26b0288cb" executionId="b794e9f5-4b0b-42fd-b12b-6659c5cf5ae1" testListId="8c84fa94-04c1-424b-9868-57a2d4851a1d" />
    <TestEntry testId="03ea9dd2-de50-ef82-5a92-98d7b2ff607a" executionId="500be487-2c4c-43da-979c-3a3c68645780" testListId="8c84fa94-04c1-424b-9868-57a2d4851a1d" />
    <TestEntry testId="90ee7706-be86-d0d9-20c4-74ab6a1f60b7" executionId="b262b55d-60c8-474d-ba10-b16b1b5ea7d8" testListId="8c84fa94-04c1-424b-9868-57a2d4851a1d" />
    <TestEntry testId="64584126-c6a0-fbd7-9fe1-1a9b0d36c2b6" executionId="a135614d-10fe-4f56-9557-21243c6c10fa" testListId="8c84fa94-04c1-424b-9868-57a2d4851a1d" />
    <TestEntry testId="ea53113d-e645-3e3d-8dda-f0c57f3d1f3e" executionId="f20f7890-41e9-420a-a33b-450f81efb88b" testListId="8c84fa94-04c1-424b-9868-57a2d4851a1d" />
    <TestEntry testId="1b0d351a-508f-0807-0c94-56d657ae1623" executionId="f0ea5ff9-2598-47e2-9616-526a051ac71b" testListId="8c84fa94-04c1-424b-9868-57a2d4851a1d" />
    <TestEntry testId="07033e2b-ce19-3c9a-f51d-d9b702d310a1" executionId="c7c25d0c-4772-4099-ad6a-1140b25ebbfb" testListId="8c84fa94-04c1-424b-9868-57a2d4851a1d" />
    <TestEntry testId="13221fa5-3685-19e4-e13a-81cefe081d4d" executionId="6e0bebf6-5f61-4a67-842b-4ed5df319170" testListId="8c84fa94-04c1-424b-9868-57a2d4851a1d" />
    <TestEntry testId="d5f63a3d-0bec-c5aa-6fdf-b4d0492c062a" executionId="1189a600-5af1-4391-a3c0-5529494e405d" testListId="8c84fa94-04c1-424b-9868-57a2d4851a1d" />
    <TestEntry testId="774aeb04-879b-a97c-c411-6c8ce34f4ab0" executionId="95446c81-dd86-4fea-a809-f487cbb56d99" testListId="8c84fa94-04c1-424b-9868-57a2d4851a1d" />
    <TestEntry testId="9a621664-b485-1b19-02d4-7ca92799a60b" executionId="dd09251c-aa50-4fdd-8838-514555fa55c9" testListId="8c84fa94-04c1-424b-9868-57a2d4851a1d" />
    <TestEntry testId="95a4da2d-eeda-4697-a7af-1236c580bef1" executionId="2cf6dd0a-5d7c-48e9-a2a9-1d45f667da1b" testListId="8c84fa94-04c1-424b-9868-57a2d4851a1d" />
    <TestEntry testId="f995d454-4ebf-d775-1609-24b3016af07c" executionId="6ee5a4e3-0ac4-4e02-bd89-47f201524139" testListId="8c84fa94-04c1-424b-9868-57a2d4851a1d" />
    <TestEntry testId="a1148d07-bacb-7b60-5bda-bc014fb00c20" executionId="871e71be-774e-4232-8175-b3420da27e91" testListId="8c84fa94-04c1-424b-9868-57a2d4851a1d" />
    <TestEntry testId="c9b5631d-418b-047b-d15f-f39906c7e08b" executionId="69edddd9-e9a6-484f-858e-d457d063e9e6" testListId="8c84fa94-04c1-424b-9868-57a2d4851a1d" />
    <TestEntry testId="ea848b43-279a-f1bb-ab29-b5a8e2e2c8af" executionId="31736cae-6acb-41da-be46-790f2fb1c211" testListId="8c84fa94-04c1-424b-9868-57a2d4851a1d" />
    <TestEntry testId="e02db9a4-a283-da5d-8967-1cec80ef7e92" executionId="b8ddc098-7c2f-4a1f-858c-0d8414faab37" testListId="8c84fa94-04c1-424b-9868-57a2d4851a1d" />
    <TestEntry testId="b7c8b8f4-3f53-7b79-a3fb-65f51c557883" executionId="c0444632-2d24-4b7f-a8f0-899af5dc9553" testListId="8c84fa94-04c1-424b-9868-57a2d4851a1d" />
    <TestEntry testId="39df2f5c-e533-7912-e8a8-0244d814b70f" executionId="29ebc2c0-0520-4b79-9d58-6de2652935f5" testListId="8c84fa94-04c1-424b-9868-57a2d4851a1d" />
    <TestEntry testId="7a70b4a3-dd05-b389-f6ee-af27102364f5" executionId="c0687b53-8754-4d0b-9a6b-766b36c5f970" testListId="8c84fa94-04c1-424b-9868-57a2d4851a1d" />
    <TestEntry testId="53f90dbe-f7ad-b0e7-04ef-fba16a107a6f" executionId="6edf7c18-a8ec-486f-b792-17e89e0523e4" testListId="8c84fa94-04c1-424b-9868-57a2d4851a1d" />
    <TestEntry testId="abb79c21-cbdf-18a9-eb27-48d7cd452ee8" executionId="0bd34588-ded0-452d-8218-00e1d754d10d" testListId="8c84fa94-04c1-424b-9868-57a2d4851a1d" />
    <TestEntry testId="e38d99c7-c0fe-6520-2d4e-c3d7dce714b0" executionId="8c4ce7ed-4436-4b4a-8c37-c7af6affafa2" testListId="8c84fa94-04c1-424b-9868-57a2d4851a1d" />
    <TestEntry testId="bb7e4fc8-2bb1-dbaf-8cdd-5d93ef915f61" executionId="dbe72934-0657-4535-8d22-46468c619a62" testListId="8c84fa94-04c1-424b-9868-57a2d4851a1d" />
    <TestEntry testId="a52cde15-d4da-6fd7-917d-2f5d406fbd21" executionId="b378eeca-79ce-4e2b-8231-9d653fe8cccb" testListId="8c84fa94-04c1-424b-9868-57a2d4851a1d" />
    <TestEntry testId="b039aca6-d089-bcbd-2727-394bcd0025e0" executionId="73ba7a6a-24e0-46f9-8e7d-c71c52b1e5a8" testListId="8c84fa94-04c1-424b-9868-57a2d4851a1d" />
    <TestEntry testId="f3af6a34-22dc-525a-ddbc-41c7a3c42ddc" executionId="88c99f07-721f-4f25-9b9a-8cf5141ee6e8" testListId="8c84fa94-04c1-424b-9868-57a2d4851a1d" />
    <TestEntry testId="0cd42206-2d45-5b61-2055-2525f417141b" executionId="5e67a0a3-60cb-4209-baef-4bddd41b5ef4" testListId="8c84fa94-04c1-424b-9868-57a2d4851a1d" />
    <TestEntry testId="8456fa24-5ecf-826b-4b12-9156253c47fe" executionId="277defec-54c8-455c-92e8-0be360b02e5b" testListId="8c84fa94-04c1-424b-9868-57a2d4851a1d" />
    <TestEntry testId="c39afc72-aad4-5709-e4a1-73293872a305" executionId="aca2bb89-6764-4993-9b38-bbcc3dc8ba62" testListId="8c84fa94-04c1-424b-9868-57a2d4851a1d" />
    <TestEntry testId="f7b6c5f3-1f58-e9ae-14c8-31eb58d1211b" executionId="17e1de33-8140-4821-875b-7f7a6e6944c3" testListId="8c84fa94-04c1-424b-9868-57a2d4851a1d" />
    <TestEntry testId="a4d82a7a-0101-77be-aadf-7ad891442135" executionId="852d45e0-55bd-4d7d-b260-07d455286c7a" testListId="8c84fa94-04c1-424b-9868-57a2d4851a1d" />
    <TestEntry testId="eae9a8da-630f-ea44-decf-a8ef3a38d81d" executionId="af6f0421-2042-4746-86a9-23cb329a60d9" testListId="8c84fa94-04c1-424b-9868-57a2d4851a1d" />
    <TestEntry testId="c799afbc-d101-a624-f73a-4e94981b0f2a" executionId="5d0aaada-12e8-4394-9755-06edd8c67dee" testListId="8c84fa94-04c1-424b-9868-57a2d4851a1d" />
    <TestEntry testId="84185e06-3828-77a5-d8c9-c2b462b8ff8c" executionId="335a4254-6a3b-44de-a43a-b96f2aa3dd7d" testListId="8c84fa94-04c1-424b-9868-57a2d4851a1d" />
    <TestEntry testId="86a3d4f1-4730-e078-7812-a2cb42758d4b" executionId="a940c5c8-9070-4623-8acf-e6e10ac1b7da" testListId="8c84fa94-04c1-424b-9868-57a2d4851a1d" />
    <TestEntry testId="0ed9cd8c-6283-5489-0e2e-ce31df1b16b4" executionId="94ad96ab-6c4e-40b0-88c8-587e6bd3ef41" testListId="8c84fa94-04c1-424b-9868-57a2d4851a1d" />
    <TestEntry testId="29658493-3081-01dd-eb7c-6d0a97eef1f2" executionId="d8358d4e-f2d2-4209-82ba-f13f3af291a9" testListId="8c84fa94-04c1-424b-9868-57a2d4851a1d" />
    <TestEntry testId="a6621eb8-15a7-fc8e-d862-31d4f5bc69d0" executionId="da75e25a-0d8c-488a-ad1a-173f81c74e10" testListId="8c84fa94-04c1-424b-9868-57a2d4851a1d" />
    <TestEntry testId="44562592-e269-1796-e138-85487f7a2be9" executionId="9e88da19-154e-4259-b491-4c9f70957077" testListId="8c84fa94-04c1-424b-9868-57a2d4851a1d" />
    <TestEntry testId="a3a785ff-5f15-1809-0327-13b742192f57" executionId="ace610c7-12b5-47af-b8de-6dd278603d12" testListId="8c84fa94-04c1-424b-9868-57a2d4851a1d" />
    <TestEntry testId="0abb1a8e-0900-a5c7-bfcc-230b4aaefe42" executionId="4da50393-70f3-4d40-acf4-775b26b27fd4" testListId="8c84fa94-04c1-424b-9868-57a2d4851a1d" />
    <TestEntry testId="f1b541d5-278d-f2a3-2128-f16382bfc74f" executionId="d07b8928-338f-45ab-8f1f-0fe4905f8a15" testListId="8c84fa94-04c1-424b-9868-57a2d4851a1d" />
    <TestEntry testId="b5a90a67-8ab0-67af-7979-e040eeab7b97" executionId="6b1bcac4-9ff9-4e6a-b80b-2cf2a2aca484" testListId="8c84fa94-04c1-424b-9868-57a2d4851a1d" />
    <TestEntry testId="9ac323b2-f4ee-1c5b-c335-774c81e0e08d" executionId="98568ac1-d4ec-425b-a1f2-49837578129f" testListId="8c84fa94-04c1-424b-9868-57a2d4851a1d" />
    <TestEntry testId="03d957f5-33ed-c0eb-c948-6ece846430f3" executionId="8bb5dafa-f0ab-4dd5-84eb-1973a5098abd" testListId="8c84fa94-04c1-424b-9868-57a2d4851a1d" />
    <TestEntry testId="fa43237f-8d58-c9ec-b71e-9d381e3b47f2" executionId="d0e9e0a6-22e4-4cd4-9fae-bb38021164a9" testListId="8c84fa94-04c1-424b-9868-57a2d4851a1d" />
    <TestEntry testId="e8d6ba9d-db50-0e05-06db-5789675388b8" executionId="e53d6fed-7b93-4d85-aa00-8ead3da43a49" testListId="8c84fa94-04c1-424b-9868-57a2d4851a1d" />
    <TestEntry testId="37d70f53-ca13-79ab-c67c-fecd55be0876" executionId="da08a3c5-52a6-4e8c-85e1-8cf8c4d0eee2" testListId="8c84fa94-04c1-424b-9868-57a2d4851a1d" />
    <TestEntry testId="d8dd6fae-802b-a606-14b3-f77add91cde3" executionId="cb273e20-d359-48aa-a4fa-e034f43afb15" testListId="8c84fa94-04c1-424b-9868-57a2d4851a1d" />
    <TestEntry testId="4a4334b0-5451-8696-5200-0bdb59e2a710" executionId="b9136ba9-b610-4507-b6ec-d310b3b3d23b" testListId="8c84fa94-04c1-424b-9868-57a2d4851a1d" />
    <TestEntry testId="92e23589-82d8-4d27-764e-fa018e45b747" executionId="a364fc77-ce58-4367-8a06-5bb04d5b1724" testListId="8c84fa94-04c1-424b-9868-57a2d4851a1d" />
    <TestEntry testId="20901353-a2d3-ecac-3452-4c8d3e93293d" executionId="d9dd1ac2-388c-4231-9ed3-8775172cd2a2" testListId="8c84fa94-04c1-424b-9868-57a2d4851a1d" />
    <TestEntry testId="8d9adc97-9f99-5fc5-0cdb-932a51aaf028" executionId="1492efc0-760a-400d-bb6c-b7b1bf1f2b38" testListId="8c84fa94-04c1-424b-9868-57a2d4851a1d" />
    <TestEntry testId="8b6f3338-cce8-0079-b821-3f92e6c60eee" executionId="34d83fcc-5364-418b-abbc-cd50b014a9ad" testListId="8c84fa94-04c1-424b-9868-57a2d4851a1d" />
    <TestEntry testId="386a6353-f26d-0503-41f2-052972dc214e" executionId="a58ab4df-54d8-4d05-be6f-3149f1f53f8d" testListId="8c84fa94-04c1-424b-9868-57a2d4851a1d" />
    <TestEntry testId="036a6ec9-ae68-934b-9f02-a81dae974d18" executionId="b62552b3-1fce-4f64-b228-c847636354dc" testListId="8c84fa94-04c1-424b-9868-57a2d4851a1d" />
    <TestEntry testId="fecd618d-f97f-f547-1637-5166bd092d76" executionId="658e1a6a-0492-466e-b8ca-c7c72ddd1d93" testListId="8c84fa94-04c1-424b-9868-57a2d4851a1d" />
    <TestEntry testId="43e0f701-5f55-5e32-84f3-972dc14c0c0b" executionId="9669d1bc-e453-4b29-a3a4-4cda19cc590f" testListId="8c84fa94-04c1-424b-9868-57a2d4851a1d" />
    <TestEntry testId="ef53e72d-a746-f7fd-4dfa-41ab2ce4fb60" executionId="32769f2b-34fd-4234-8b64-ac79e8b9fbd2" testListId="8c84fa94-04c1-424b-9868-57a2d4851a1d" />
    <TestEntry testId="08821b59-1fc3-bfdb-c64b-6b9d4d7418fb" executionId="416a21b4-5fd8-492f-8214-1e5818fb5823" testListId="8c84fa94-04c1-424b-9868-57a2d4851a1d" />
    <TestEntry testId="be4aa60a-fec3-fdce-8c70-46ec82a2fec7" executionId="99ae6286-0212-42db-a8f7-17fd3b320b44" testListId="8c84fa94-04c1-424b-9868-57a2d4851a1d" />
    <TestEntry testId="6320276e-3624-3a1c-7afd-537de60f89db" executionId="21a657b4-c6b7-4fed-86ba-4c8e5b27de93" testListId="8c84fa94-04c1-424b-9868-57a2d4851a1d" />
    <TestEntry testId="fb0ce41f-cede-9ac7-f047-8c3573f30f7e" executionId="090d579b-c1f9-4051-a0f2-fe38f63a410b" testListId="8c84fa94-04c1-424b-9868-57a2d4851a1d" />
    <TestEntry testId="4f980f14-0ada-dd56-93fe-12a559a27314" executionId="383d65c4-6f93-43b0-8b05-32079cc317df" testListId="8c84fa94-04c1-424b-9868-57a2d4851a1d" />
    <TestEntry testId="f5d3f3a5-bbac-e5c0-6089-8d38dd4249c8" executionId="a9743b4c-954d-4aa9-904e-9e4344ca1080" testListId="8c84fa94-04c1-424b-9868-57a2d4851a1d" />
    <TestEntry testId="bd80c668-2405-22c1-740d-ec63dfd58306" executionId="71441c9e-14df-49e8-9d14-0f398866de86" testListId="8c84fa94-04c1-424b-9868-57a2d4851a1d" />
    <TestEntry testId="c185c27a-3451-102c-d3c1-98ea6c73d73c" executionId="b3b76aa4-55fc-4b28-ba3e-b46d4fe8f530" testListId="8c84fa94-04c1-424b-9868-57a2d4851a1d" />
    <TestEntry testId="a9bdfcdb-7bc0-3167-07a5-dafa13fc5389" executionId="023c8183-f2a3-4e68-b25c-bc4505b56d93" testListId="8c84fa94-04c1-424b-9868-57a2d4851a1d" />
    <TestEntry testId="026ac8cf-e708-7f65-282f-a4f25298f17b" executionId="d61c5a26-5809-4966-b970-a0ff1e7cf7f1" testListId="8c84fa94-04c1-424b-9868-57a2d4851a1d" />
    <TestEntry testId="85025e54-3d28-2e1a-ba9d-a38988743c83" executionId="1a0be45d-74e1-461b-b3c1-b45450176232" testListId="8c84fa94-04c1-424b-9868-57a2d4851a1d" />
    <TestEntry testId="bbce4fa8-10c7-16ce-b8b0-bbab48797f43" executionId="d1257f2d-519d-4ead-9231-9a2691b750df" testListId="8c84fa94-04c1-424b-9868-57a2d4851a1d" />
    <TestEntry testId="4cc9a860-8c52-40a5-a7c1-0a80270c71a6" executionId="819c0f9c-fced-4447-a407-04bc5f521e00" testListId="8c84fa94-04c1-424b-9868-57a2d4851a1d" />
  </TestEntries>
  <TestLists>
    <TestList name="Results Not in a List" id="8c84fa94-04c1-424b-9868-57a2d4851a1d" />
    <TestList name="All Loaded Results" id="19431567-8539-422a-85d7-44ee4e166bda" />
  </TestLists>
  <ResultSummary outcome="Completed">
    <Counters total="1000" executed="1000" passed="1000" failed="0" error="0" timeout="0" aborted="0" inconclusive="0" passedButRunAborted="0" notRunnable="0" notExecuted="0" disconnected="0" warning="0" completed="0" inProgress="0" pending="0" />
    <Output>
      <StdOut>NUnit Adapter 4.2.0.0: Test execution started&#xD;
Running selected tests in C:\Projekty\NUnitTestProject\bin\Debug\netcoreapp3.1\NUnitTestProject.dll&#xD;
   NUnit3TestExecutor discovered 1000 of 1000 NUnit test cases using Current Discovery mode, Non-Explicit run&#xD;
NUnit Adapter 4.2.0.0: Test execution complete&#xD;
</StdOut>
    </Output>
  </ResultSummary>
</TestRun>