<?xml version="1.0" encoding="utf-8"?>
<TestRun id="29cc504f-e743-4bea-b368-92e034067deb" name="Dominik@DESKTOP-5URQ9PB 2022-06-13 21:13:45" runUser="DESKTOP-5URQ9PB\Dominik" xmlns="http://microsoft.com/schemas/VisualStudio/TeamTest/2010">
  <Times creation="2022-06-13T21:13:45.0300694+02:00" queuing="2022-06-13T21:13:45.0300695+02:00" start="2022-06-13T21:13:43.0204624+02:00" finish="2022-06-13T21:13:45.4857106+02:00" />
  <TestSettings name="default" id="fa486bf3-68c7-4458-bb8b-101692f2d611">
    <Deployment runDeploymentRoot="Dominik_DESKTOP-5URQ9PB_2022-06-13_21_13_45" />
  </TestSettings>
  <Results>
    <UnitTestResult executionId="37c65c30-c232-4e5c-8c62-4bd4c28cf7fc" testId="afd0d33f-f4d8-2831-3613-5b41efd13c3b" testName="FormatToStringTest1000(30071.004434484523d,&quot;30071.00 zł&quot;)" computerName="DESKTOP-5URQ9PB" duration="00:00:00.0000190" startTime="2022-06-13T21:13:44.9231194+02:00" endTime="2022-06-13T21:13:44.9231379+02:00" testType="13cdc9d9-ddb5-4fa4-a97d-d965ccfc6d4b" outcome="Passed" testListId="8c84fa94-04c1-424b-9868-57a2d4851a1d" relativeResultsDirectory="37c65c30-c232-4e5c-8c62-4bd4c28cf7fc" />
    <UnitTestResult executionId="41620427-652e-4b22-88dc-f14fec22bad7" testId="f454394e-283b-6832-24e4-e862ec140984" testName="FormatToStringTest1000(15624.452361264477d,&quot;15624.45 zł&quot;)" computerName="DESKTOP-5URQ9PB" duration="00:00:00.0000200" startTime="2022-06-13T21:13:44.9316136+02:00" endTime="2022-06-13T21:13:44.9316330+02:00" testType="13cdc9d9-ddb5-4fa4-a97d-d965ccfc6d4b" outcome="Passed" testListId="8c84fa94-04c1-424b-9868-57a2d4851a1d" relativeResultsDirectory="41620427-652e-4b22-88dc-f14fec22bad7" />
    <UnitTestResult executionId="c9d44cc6-b577-4e41-85c3-d109b7d38863" testId="0fc86efa-aeca-dada-030f-e8045241eaae" testName="FormatToStringTest1000(13508.811787825922d,&quot;13508.81 zł&quot;)" computerName="DESKTOP-5URQ9PB" duration="00:00:00.0000190" startTime="2022-06-13T21:13:44.9400301+02:00" endTime="2022-06-13T21:13:44.9400493+02:00" testType="13cdc9d9-ddb5-4fa4-a97d-d965ccfc6d4b" outcome="Passed" testListId="8c84fa94-04c1-424b-9868-57a2d4851a1d" relativeResultsDirectory="c9d44cc6-b577-4e41-85c3-d109b7d38863" />
    <UnitTestResult executionId="d5a9c2c0-261e-4efc-a9dc-76d3f24a3d3a" testId="f0aad1e7-1486-b29a-7a82-84f2693dfbe3" testName="FormatToStringTest1000(50956.25028206606d,&quot;50956.25 zł&quot;)" computerName="DESKTOP-5URQ9PB" duration="00:00:00.0000190" startTime="2022-06-13T21:13:44.9237731+02:00" endTime="2022-06-13T21:13:44.9237915+02:00" testType="13cdc9d9-ddb5-4fa4-a97d-d965ccfc6d4b" outcome="Passed" testListId="8c84fa94-04c1-424b-9868-57a2d4851a1d" relativeResultsDirectory="d5a9c2c0-261e-4efc-a9dc-76d3f24a3d3a" />
    <UnitTestResult executionId="806f5e84-5944-441c-a1df-50f83404a56b" testId="dc6fc325-7591-5ff6-3e13-ef3b13583bb4" testName="FormatToStringTest1000(54304.07738935393d,&quot;54304.08 zł&quot;)" computerName="DESKTOP-5URQ9PB" duration="00:00:00.0000190" startTime="2022-06-13T21:13:44.9435610+02:00" endTime="2022-06-13T21:13:44.9435799+02:00" testType="13cdc9d9-ddb5-4fa4-a97d-d965ccfc6d4b" outcome="Passed" testListId="8c84fa94-04c1-424b-9868-57a2d4851a1d" relativeResultsDirectory="806f5e84-5944-441c-a1df-50f83404a56b" />
    <UnitTestResult executionId="b59e030e-7912-45fd-b2a8-93ac922ce660" testId="862cc562-9bfe-8861-cf4e-b4582450cbaa" testName="FormatToStringTest1000(5628.028273674672d,&quot;5628.03 zł&quot;)" computerName="DESKTOP-5URQ9PB" duration="00:00:00.0000210" startTime="2022-06-13T21:13:44.9189292+02:00" endTime="2022-06-13T21:13:44.9189502+02:00" testType="13cdc9d9-ddb5-4fa4-a97d-d965ccfc6d4b" outcome="Passed" testListId="8c84fa94-04c1-424b-9868-57a2d4851a1d" relativeResultsDirectory="b59e030e-7912-45fd-b2a8-93ac922ce660" />
    <UnitTestResult executionId="3df8d5bb-825b-4da2-b870-b3a9fc469427" testId="90524d2a-adb4-bd7e-769a-526d502faf2e" testName="FormatToStringTest1000(47672.66266041652d,&quot;47672.66 zł&quot;)" computerName="DESKTOP-5URQ9PB" duration="00:00:00.0000190" startTime="2022-06-13T21:13:44.9428801+02:00" endTime="2022-06-13T21:13:44.9428986+02:00" testType="13cdc9d9-ddb5-4fa4-a97d-d965ccfc6d4b" outcome="Passed" testListId="8c84fa94-04c1-424b-9868-57a2d4851a1d" relativeResultsDirectory="3df8d5bb-825b-4da2-b870-b3a9fc469427" />
    <UnitTestResult executionId="e77ca9fc-600b-4640-89d7-5b173029a910" testId="c11f5a85-86bf-cab1-9d9a-33069c6ff139" testName="FormatToStringTest1000(6550.421588937948d,&quot;6550.42 zł&quot;)" computerName="DESKTOP-5URQ9PB" duration="00:00:00.0000180" startTime="2022-06-13T21:13:44.9394724+02:00" endTime="2022-06-13T21:13:44.9394907+02:00" testType="13cdc9d9-ddb5-4fa4-a97d-d965ccfc6d4b" outcome="Passed" testListId="8c84fa94-04c1-424b-9868-57a2d4851a1d" relativeResultsDirectory="e77ca9fc-600b-4640-89d7-5b173029a910" />
    <UnitTestResult executionId="25b18d23-4b9b-4e88-9b78-c036bc97e12f" testId="9b2f9530-d092-f9c3-dae1-2f483cfeb52d" testName="FormatToStringTest1000(16282.687804925576d,&quot;16282.69 zł&quot;)" computerName="DESKTOP-5URQ9PB" duration="00:00:00.0000190" startTime="2022-06-13T21:13:44.9228217+02:00" endTime="2022-06-13T21:13:44.9228402+02:00" testType="13cdc9d9-ddb5-4fa4-a97d-d965ccfc6d4b" outcome="Passed" testListId="8c84fa94-04c1-424b-9868-57a2d4851a1d" relativeResultsDirectory="25b18d23-4b9b-4e88-9b78-c036bc97e12f" />
    <UnitTestResult executionId="7c84aefe-baed-41e1-87e8-03baa2282550" testId="9a4a7396-bc43-f3a9-c62c-07975736bde6" testName="FormatToStringTest1000(1325.1625259114255d,&quot;1325.16 zł&quot;)" computerName="DESKTOP-5URQ9PB" duration="00:00:00.0000180" startTime="2022-06-13T21:13:44.9344235+02:00" endTime="2022-06-13T21:13:44.9344416+02:00" testType="13cdc9d9-ddb5-4fa4-a97d-d965ccfc6d4b" outcome="Passed" testListId="8c84fa94-04c1-424b-9868-57a2d4851a1d" relativeResultsDirectory="7c84aefe-baed-41e1-87e8-03baa2282550" />
    <UnitTestResult executionId="8cd03517-b046-4b20-abc3-1a3dfd0c5ac6" testId="19b8d5ef-b980-1d42-3f3f-c869dee34ac6" testName="FormatToStringTest1000(73301.91270130403d,&quot;73301.91 zł&quot;)" computerName="DESKTOP-5URQ9PB" duration="00:00:00.0000190" startTime="2022-06-13T21:13:44.9389441+02:00" endTime="2022-06-13T21:13:44.9389633+02:00" testType="13cdc9d9-ddb5-4fa4-a97d-d965ccfc6d4b" outcome="Passed" testListId="8c84fa94-04c1-424b-9868-57a2d4851a1d" relativeResultsDirectory="8cd03517-b046-4b20-abc3-1a3dfd0c5ac6" />
    <UnitTestResult executionId="27b20ffd-0517-435d-b262-bcfee49c41bd" testId="5189465c-94b9-c0c3-eb6c-9e0dd907b71f" testName="FormatToStringTest1000(1952.6955147062872d,&quot;1952.70 zł&quot;)" computerName="DESKTOP-5URQ9PB" duration="00:00:00.0000190" startTime="2022-06-13T21:13:44.9289375+02:00" endTime="2022-06-13T21:13:44.9289561+02:00" testType="13cdc9d9-ddb5-4fa4-a97d-d965ccfc6d4b" outcome="Passed" testListId="8c84fa94-04c1-424b-9868-57a2d4851a1d" relativeResultsDirectory="27b20ffd-0517-435d-b262-bcfee49c41bd" />
    <UnitTestResult executionId="72706264-94c5-4362-9a35-96441b19ccc5" testId="ea848b43-279a-f1bb-ab29-b5a8e2e2c8af" testName="FormatToStringTest1000(68174.53068551492d,&quot;68174.53 zł&quot;)" computerName="DESKTOP-5URQ9PB" duration="00:00:00.0000190" startTime="2022-06-13T21:13:44.9400801+02:00" endTime="2022-06-13T21:13:44.9400985+02:00" testType="13cdc9d9-ddb5-4fa4-a97d-d965ccfc6d4b" outcome="Passed" testListId="8c84fa94-04c1-424b-9868-57a2d4851a1d" relativeResultsDirectory="72706264-94c5-4362-9a35-96441b19ccc5" />
    <UnitTestResult executionId="27f6bdfe-ff67-4cd6-982d-cba664f59639" testId="cbe7ad88-c615-fcac-7be4-3d317fe5861e" testName="FormatToStringTest1000(41972.39431566763d,&quot;41972.39 zł&quot;)" computerName="DESKTOP-5URQ9PB" duration="00:00:00.0000190" startTime="2022-06-13T21:13:44.9304183+02:00" endTime="2022-06-13T21:13:44.9304372+02:00" testType="13cdc9d9-ddb5-4fa4-a97d-d965ccfc6d4b" outcome="Passed" testListId="8c84fa94-04c1-424b-9868-57a2d4851a1d" relativeResultsDirectory="27f6bdfe-ff67-4cd6-982d-cba664f59639" />
    <UnitTestResult executionId="dba71dc8-1590-4e96-bef0-a18efb1e80c6" testId="9a9fb753-7e29-0228-3909-087838ec3002" testName="FormatToStringTest1000(33851.35523524618d,&quot;33851.36 zł&quot;)" computerName="DESKTOP-5URQ9PB" duration="00:00:00.0000190" startTime="2022-06-13T21:13:44.9317949+02:00" endTime="2022-06-13T21:13:44.9318137+02:00" testType="13cdc9d9-ddb5-4fa4-a97d-d965ccfc6d4b" outcome="Passed" testListId="8c84fa94-04c1-424b-9868-57a2d4851a1d" relativeResultsDirectory="dba71dc8-1590-4e96-bef0-a18efb1e80c6" />
    <UnitTestResult executionId="9ecac897-e284-40a2-8c13-c22fe7f0b7ad" testId="d39fbf53-bbf3-020f-e6d4-44b45bc00b41" testName="FormatToStringTest1000(16210.791556035536d,&quot;16210.79 zł&quot;)" computerName="DESKTOP-5URQ9PB" duration="00:00:00.0000190" startTime="2022-06-13T21:13:44.9378360+02:00" endTime="2022-06-13T21:13:44.9378549+02:00" testType="13cdc9d9-ddb5-4fa4-a97d-d965ccfc6d4b" outcome="Passed" testListId="8c84fa94-04c1-424b-9868-57a2d4851a1d" relativeResultsDirectory="9ecac897-e284-40a2-8c13-c22fe7f0b7ad" />
    <UnitTestResult executionId="0feacdde-7033-43c2-9f57-33ef815834b3" testId="99e6fef3-9023-2c5a-5c8b-926a855c5d84" testName="FormatToStringTest1000(3431.864349926759d,&quot;3431.86 zł&quot;)" computerName="DESKTOP-5URQ9PB" duration="00:00:00.0000200" startTime="2022-06-13T21:13:44.9377301+02:00" endTime="2022-06-13T21:13:44.9377501+02:00" testType="13cdc9d9-ddb5-4fa4-a97d-d965ccfc6d4b" outcome="Passed" testListId="8c84fa94-04c1-424b-9868-57a2d4851a1d" relativeResultsDirectory="0feacdde-7033-43c2-9f57-33ef815834b3" />
    <UnitTestResult executionId="b6f43ea6-6427-44a0-af49-0cc96a686deb" testId="0ed9cd8c-6283-5489-0e2e-ce31df1b16b4" testName="FormatToStringTest1000(40268.121943438484d,&quot;40268.12 zł&quot;)" computerName="DESKTOP-5URQ9PB" duration="00:00:00.0000190" startTime="2022-06-13T21:13:44.9262599+02:00" endTime="2022-06-13T21:13:44.9262789+02:00" testType="13cdc9d9-ddb5-4fa4-a97d-d965ccfc6d4b" outcome="Passed" testListId="8c84fa94-04c1-424b-9868-57a2d4851a1d" relativeResultsDirectory="b6f43ea6-6427-44a0-af49-0cc96a686deb" />
    <UnitTestResult executionId="67721f18-6148-432a-856e-16507006059a" testId="24a1bb0d-d69a-de21-49e4-5bbbeaac5021" testName="FormatToStringTest1000(19882.647973500494d,&quot;19882.65 zł&quot;)" computerName="DESKTOP-5URQ9PB" duration="00:00:00.0000200" startTime="2022-06-13T21:13:44.9358009+02:00" endTime="2022-06-13T21:13:44.9358202+02:00" testType="13cdc9d9-ddb5-4fa4-a97d-d965ccfc6d4b" outcome="Passed" testListId="8c84fa94-04c1-424b-9868-57a2d4851a1d" relativeResultsDirectory="67721f18-6148-432a-856e-16507006059a" />
    <UnitTestResult executionId="17b4df7b-de26-45d7-969c-a9225a3d7011" testId="cdb063aa-c8f9-b0b9-d5b0-6f880917f1b4" testName="FormatToStringTest1000(28155.26504817664d,&quot;28155.27 zł&quot;)" computerName="DESKTOP-5URQ9PB" duration="00:00:00.0000180" startTime="2022-06-13T21:13:44.9285529+02:00" endTime="2022-06-13T21:13:44.9285712+02:00" testType="13cdc9d9-ddb5-4fa4-a97d-d965ccfc6d4b" outcome="Passed" testListId="8c84fa94-04c1-424b-9868-57a2d4851a1d" relativeResultsDirectory="17b4df7b-de26-45d7-969c-a9225a3d7011" />
    <UnitTestResult executionId="bc0c55b1-19e2-4ee3-855d-d8d88c6bf49d" testId="4cc9a860-8c52-40a5-a7c1-0a80270c71a6" testName="FormatToStringTest1000(54275.73209373408d,&quot;54275.73 zł&quot;)" computerName="DESKTOP-5URQ9PB" duration="00:00:00.0000190" startTime="2022-06-13T21:13:44.9401803+02:00" endTime="2022-06-13T21:13:44.9401991+02:00" testType="13cdc9d9-ddb5-4fa4-a97d-d965ccfc6d4b" outcome="Passed" testListId="8c84fa94-04c1-424b-9868-57a2d4851a1d" relativeResultsDirectory="bc0c55b1-19e2-4ee3-855d-d8d88c6bf49d" />
    <UnitTestResult executionId="f319d8fb-c9a4-442a-a1f6-873bd5956d34" testId="57f0eaa3-633d-272b-64dc-58e0ae797fbb" testName="FormatToStringTest1000(12759.925747307914d,&quot;12759.93 zł&quot;)" computerName="DESKTOP-5URQ9PB" duration="00:00:00.0000180" startTime="2022-06-13T21:13:44.9384408+02:00" endTime="2022-06-13T21:13:44.9384590+02:00" testType="13cdc9d9-ddb5-4fa4-a97d-d965ccfc6d4b" outcome="Passed" testListId="8c84fa94-04c1-424b-9868-57a2d4851a1d" relativeResultsDirectory="f319d8fb-c9a4-442a-a1f6-873bd5956d34" />
    <UnitTestResult executionId="b59ab98f-5485-4f2d-94ee-13fd107d496e" testId="02f82b15-1853-9f05-8754-8f243db3e9b1" testName="FormatToStringTest1000(4898.699005344277d,&quot;4898.70 zł&quot;)" computerName="DESKTOP-5URQ9PB" duration="00:00:00.0000190" startTime="2022-06-13T21:13:44.9264602+02:00" endTime="2022-06-13T21:13:44.9264786+02:00" testType="13cdc9d9-ddb5-4fa4-a97d-d965ccfc6d4b" outcome="Passed" testListId="8c84fa94-04c1-424b-9868-57a2d4851a1d" relativeResultsDirectory="b59ab98f-5485-4f2d-94ee-13fd107d496e" />
    <UnitTestResult executionId="98139ce2-9537-4c2e-ba68-85013233edc6" testId="57f59a31-3f22-a5b8-69d7-45e7719f3ea1" testName="FormatToStringTest1000(7191.024921368353d,&quot;7191.02 zł&quot;)" computerName="DESKTOP-5URQ9PB" duration="00:00:00.0000190" startTime="2022-06-13T21:13:44.9370488+02:00" endTime="2022-06-13T21:13:44.9370677+02:00" testType="13cdc9d9-ddb5-4fa4-a97d-d965ccfc6d4b" outcome="Passed" testListId="8c84fa94-04c1-424b-9868-57a2d4851a1d" relativeResultsDirectory="98139ce2-9537-4c2e-ba68-85013233edc6" />
    <UnitTestResult executionId="e9130005-573f-49a0-bbd5-6680e7e0bf53" testId="aeefe3bf-b956-1766-ab65-91503c288180" testName="FormatToStringTest1000(16986.338876065027d,&quot;16986.34 zł&quot;)" computerName="DESKTOP-5URQ9PB" duration="00:00:00.0000180" startTime="2022-06-13T21:13:44.9200879+02:00" endTime="2022-06-13T21:13:44.9201060+02:00" testType="13cdc9d9-ddb5-4fa4-a97d-d965ccfc6d4b" outcome="Passed" testListId="8c84fa94-04c1-424b-9868-57a2d4851a1d" relativeResultsDirectory="e9130005-573f-49a0-bbd5-6680e7e0bf53" />
    <UnitTestResult executionId="d3044bcc-f124-406c-8d5a-10c862629842" testId="a35c67b3-dcd5-5426-949a-a2a9a2f95735" testName="FormatToStringTest1000(34458.5406463512d,&quot;34458.54 zł&quot;)" computerName="DESKTOP-5URQ9PB" duration="00:00:00.0000190" startTime="2022-06-13T21:13:44.9334678+02:00" endTime="2022-06-13T21:13:44.9334862+02:00" testType="13cdc9d9-ddb5-4fa4-a97d-d965ccfc6d4b" outcome="Passed" testListId="8c84fa94-04c1-424b-9868-57a2d4851a1d" relativeResultsDirectory="d3044bcc-f124-406c-8d5a-10c862629842" />
    <UnitTestResult executionId="82e24af1-fdc5-4802-84dc-a65a93807eb3" testId="1eb4d4f7-74ca-78cd-f76d-cc295b6f3916" testName="FormatToStringTest1000(4116.417580192638d,&quot;4116.42 zł&quot;)" computerName="DESKTOP-5URQ9PB" duration="00:00:00.0000180" startTime="2022-06-13T21:13:44.9316394+02:00" endTime="2022-06-13T21:13:44.9316577+02:00" testType="13cdc9d9-ddb5-4fa4-a97d-d965ccfc6d4b" outcome="Passed" testListId="8c84fa94-04c1-424b-9868-57a2d4851a1d" relativeResultsDirectory="82e24af1-fdc5-4802-84dc-a65a93807eb3" />
    <UnitTestResult executionId="8c3113c3-c7d9-4378-9265-e3dad819878e" testId="7d45d5f5-3a25-9a87-e687-4dc975c05da1" testName="FormatToStringTest1000(41873.517751020154d,&quot;41873.52 zł&quot;)" computerName="DESKTOP-5URQ9PB" duration="00:00:00.0000190" startTime="2022-06-13T21:13:44.9464342+02:00" endTime="2022-06-13T21:13:44.9464525+02:00" testType="13cdc9d9-ddb5-4fa4-a97d-d965ccfc6d4b" outcome="Passed" testListId="8c84fa94-04c1-424b-9868-57a2d4851a1d" relativeResultsDirectory="8c3113c3-c7d9-4378-9265-e3dad819878e" />
    <UnitTestResult executionId="9767f72c-4e46-4c5a-8bd8-db0945d9c162" testId="5c5be749-8fc1-a0d2-2b32-3e2f32d1a7a1" testName="FormatToStringTest1000(29362.005930638876d,&quot;29362.01 zł&quot;)" computerName="DESKTOP-5URQ9PB" duration="00:00:00.0000180" startTime="2022-06-13T21:13:44.9252049+02:00" endTime="2022-06-13T21:13:44.9252230+02:00" testType="13cdc9d9-ddb5-4fa4-a97d-d965ccfc6d4b" outcome="Passed" testListId="8c84fa94-04c1-424b-9868-57a2d4851a1d" relativeResultsDirectory="9767f72c-4e46-4c5a-8bd8-db0945d9c162" />
    <UnitTestResult executionId="2774e912-1086-4ff9-a034-2ee2c5a137db" testId="6fd1af1d-c0d4-5f1e-0bd0-26896040487e" testName="FormatToStringTest1000(31805.23430354532d,&quot;31805.23 zł&quot;)" computerName="DESKTOP-5URQ9PB" duration="00:00:00.0000180" startTime="2022-06-13T21:13:44.9372478+02:00" endTime="2022-06-13T21:13:44.9372661+02:00" testType="13cdc9d9-ddb5-4fa4-a97d-d965ccfc6d4b" outcome="Passed" testListId="8c84fa94-04c1-424b-9868-57a2d4851a1d" relativeResultsDirectory="2774e912-1086-4ff9-a034-2ee2c5a137db" />
    <UnitTestResult executionId="2d851d66-775f-4bfa-bd17-a4ee85244d20" testId="b54d2807-218d-96e0-fe0e-06e67796eaa7" testName="FormatToStringTest1000(26220.382477706476d,&quot;26220.38 zł&quot;)" computerName="DESKTOP-5URQ9PB" duration="00:00:00.0000190" startTime="2022-06-13T21:13:44.9399307+02:00" endTime="2022-06-13T21:13:44.9399495+02:00" testType="13cdc9d9-ddb5-4fa4-a97d-d965ccfc6d4b" outcome="Passed" testListId="8c84fa94-04c1-424b-9868-57a2d4851a1d" relativeResultsDirectory="2d851d66-775f-4bfa-bd17-a4ee85244d20" />
    <UnitTestResult executionId="bbbfe2b5-7ba5-461f-979e-8685b4c23905" testId="b707b6dd-6efb-76f3-be89-5a3ace5192c9" testName="FormatToStringTest1000(8599.45217413616d,&quot;8599.45 zł&quot;)" computerName="DESKTOP-5URQ9PB" duration="00:00:00.0000190" startTime="2022-06-13T21:13:44.9229709+02:00" endTime="2022-06-13T21:13:44.9229894+02:00" testType="13cdc9d9-ddb5-4fa4-a97d-d965ccfc6d4b" outcome="Passed" testListId="8c84fa94-04c1-424b-9868-57a2d4851a1d" relativeResultsDirectory="bbbfe2b5-7ba5-461f-979e-8685b4c23905" />
    <UnitTestResult executionId="b7036432-ad1d-47e8-9a20-d6f1adf12b32" testId="43552c47-f44b-17a4-1647-f8068fe18052" testName="FormatToStringTest1000(40857.08543233996d,&quot;40857.09 zł&quot;)" computerName="DESKTOP-5URQ9PB" duration="00:00:00.0000190" startTime="2022-06-13T21:13:44.9204604+02:00" endTime="2022-06-13T21:13:44.9204788+02:00" testType="13cdc9d9-ddb5-4fa4-a97d-d965ccfc6d4b" outcome="Passed" testListId="8c84fa94-04c1-424b-9868-57a2d4851a1d" relativeResultsDirectory="b7036432-ad1d-47e8-9a20-d6f1adf12b32" />
    <UnitTestResult executionId="eec96fe7-0daf-4d5e-bbfc-dc5b93cd2d57" testId="f3633ae5-6adc-21ee-2aa1-0609fba8547c" testName="FormatToStringTest1000(37160.85331540269d,&quot;37160.85 zł&quot;)" computerName="DESKTOP-5URQ9PB" duration="00:00:00.0000190" startTime="2022-06-13T21:13:44.9227462+02:00" endTime="2022-06-13T21:13:44.9227655+02:00" testType="13cdc9d9-ddb5-4fa4-a97d-d965ccfc6d4b" outcome="Passed" testListId="8c84fa94-04c1-424b-9868-57a2d4851a1d" relativeResultsDirectory="eec96fe7-0daf-4d5e-bbfc-dc5b93cd2d57" />
    <UnitTestResult executionId="780dc04c-b02d-4aaf-8a87-b8c88d81bf7e" testId="b150e6ad-1fac-a9d1-a2ab-0f7879e84a36" testName="FormatToStringTest1000(64887.45559046951d,&quot;64887.46 zł&quot;)" computerName="DESKTOP-5URQ9PB" duration="00:00:00.0000190" startTime="2022-06-13T21:13:44.9286797+02:00" endTime="2022-06-13T21:13:44.9286981+02:00" testType="13cdc9d9-ddb5-4fa4-a97d-d965ccfc6d4b" outcome="Passed" testListId="8c84fa94-04c1-424b-9868-57a2d4851a1d" relativeResultsDirectory="780dc04c-b02d-4aaf-8a87-b8c88d81bf7e" />
    <UnitTestResult executionId="4fa64223-46f5-4584-a23a-204c871c54d3" testId="f5d3f3a5-bbac-e5c0-6089-8d38dd4249c8" testName="FormatToStringTest1000(11912.404131636213d,&quot;11912.40 zł&quot;)" computerName="DESKTOP-5URQ9PB" duration="00:00:00.0000190" startTime="2022-06-13T21:13:44.9212394+02:00" endTime="2022-06-13T21:13:44.9212578+02:00" testType="13cdc9d9-ddb5-4fa4-a97d-d965ccfc6d4b" outcome="Passed" testListId="8c84fa94-04c1-424b-9868-57a2d4851a1d" relativeResultsDirectory="4fa64223-46f5-4584-a23a-204c871c54d3" />
    <UnitTestResult executionId="a17e57c4-d8af-42a4-b412-0446d5ab8f53" testId="726ca756-5ddd-cb5f-72a7-3e3a70b8c971" testName="FormatToStringTest1000(1208.1827589441941d,&quot;1208.18 zł&quot;)" computerName="DESKTOP-5URQ9PB" duration="00:00:00.0000180" startTime="2022-06-13T21:13:44.9202375+02:00" endTime="2022-06-13T21:13:44.9202558+02:00" testType="13cdc9d9-ddb5-4fa4-a97d-d965ccfc6d4b" outcome="Passed" testListId="8c84fa94-04c1-424b-9868-57a2d4851a1d" relativeResultsDirectory="a17e57c4-d8af-42a4-b412-0446d5ab8f53" />
    <UnitTestResult executionId="3ebb4861-eb4e-4100-9c73-93394ed51171" testId="b074171d-4bb2-388e-f619-96efeb179b06" testName="FormatToStringTest1000(51632.87002968503d,&quot;51632.87 zł&quot;)" computerName="DESKTOP-5URQ9PB" duration="00:00:00.0000190" startTime="2022-06-13T21:13:44.9253037+02:00" endTime="2022-06-13T21:13:44.9253227+02:00" testType="13cdc9d9-ddb5-4fa4-a97d-d965ccfc6d4b" outcome="Passed" testListId="8c84fa94-04c1-424b-9868-57a2d4851a1d" relativeResultsDirectory="3ebb4861-eb4e-4100-9c73-93394ed51171" />
    <UnitTestResult executionId="4cf87966-a189-41ff-925c-acfc11f77c59" testId="3e4e2f06-1967-c539-7ba8-6e0f44663842" testName="FormatToStringTest1000(56378.261944644735d,&quot;56378.26 zł&quot;)" computerName="DESKTOP-5URQ9PB" duration="00:00:00.0000190" startTime="2022-06-13T21:13:44.9266611+02:00" endTime="2022-06-13T21:13:44.9266797+02:00" testType="13cdc9d9-ddb5-4fa4-a97d-d965ccfc6d4b" outcome="Passed" testListId="8c84fa94-04c1-424b-9868-57a2d4851a1d" relativeResultsDirectory="4cf87966-a189-41ff-925c-acfc11f77c59" />
    <UnitTestResult executionId="a4e70369-304c-40f0-8f28-7c1f4b3d851c" testId="0351f469-7ff9-52d3-3d77-92c2f3051f1e" testName="FormatToStringTest1000(46590.9609819562d,&quot;46590.96 zł&quot;)" computerName="DESKTOP-5URQ9PB" duration="00:00:00.0000180" startTime="2022-06-13T21:13:44.9248797+02:00" endTime="2022-06-13T21:13:44.9248977+02:00" testType="13cdc9d9-ddb5-4fa4-a97d-d965ccfc6d4b" outcome="Passed" testListId="8c84fa94-04c1-424b-9868-57a2d4851a1d" relativeResultsDirectory="a4e70369-304c-40f0-8f28-7c1f4b3d851c" />
    <UnitTestResult executionId="d011789d-0234-4106-b3fa-b74ce760f6de" testId="3cf165e2-4de9-3079-4fb7-1ca2dade8ab8" testName="FormatToStringTest1000(51300.77891898145d,&quot;51300.78 zł&quot;)" computerName="DESKTOP-5URQ9PB" duration="00:00:00.0000190" startTime="2022-06-13T21:13:44.9335429+02:00" endTime="2022-06-13T21:13:44.9335612+02:00" testType="13cdc9d9-ddb5-4fa4-a97d-d965ccfc6d4b" outcome="Passed" testListId="8c84fa94-04c1-424b-9868-57a2d4851a1d" relativeResultsDirectory="d011789d-0234-4106-b3fa-b74ce760f6de" />
    <UnitTestResult executionId="ec921ff8-f837-41ef-a8d4-ffed1bf60b18" testId="d54410c1-a007-adf6-a1dc-8caa96e947a3" testName="FormatToStringTest1000(49037.8109120586d,&quot;49037.81 zł&quot;)" computerName="DESKTOP-5URQ9PB" duration="00:00:00.0000190" startTime="2022-06-13T21:13:44.9411350+02:00" endTime="2022-06-13T21:13:44.9411534+02:00" testType="13cdc9d9-ddb5-4fa4-a97d-d965ccfc6d4b" outcome="Passed" testListId="8c84fa94-04c1-424b-9868-57a2d4851a1d" relativeResultsDirectory="ec921ff8-f837-41ef-a8d4-ffed1bf60b18" />
    <UnitTestResult executionId="32cfb947-b814-4e47-a45b-bd19db67a088" testId="7a0cd811-1188-4526-31f2-d266b41de2aa" testName="FormatToStringTest1000(10495.622655484185d,&quot;10495.62 zł&quot;)" computerName="DESKTOP-5URQ9PB" duration="00:00:00.0000200" startTime="2022-06-13T21:13:44.9352918+02:00" endTime="2022-06-13T21:13:44.9353111+02:00" testType="13cdc9d9-ddb5-4fa4-a97d-d965ccfc6d4b" outcome="Passed" testListId="8c84fa94-04c1-424b-9868-57a2d4851a1d" relativeResultsDirectory="32cfb947-b814-4e47-a45b-bd19db67a088" />
    <UnitTestResult executionId="5e19d8b8-40e6-4581-a11e-9a78baec55d1" testId="c8d9f475-0d2c-01ff-49f8-896beab958d5" testName="FormatToStringTest1000(4525.609305084501d,&quot;4525.61 zł&quot;)" computerName="DESKTOP-5URQ9PB" duration="00:00:00.0000190" startTime="2022-06-13T21:13:44.9349920+02:00" endTime="2022-06-13T21:13:44.9350103+02:00" testType="13cdc9d9-ddb5-4fa4-a97d-d965ccfc6d4b" outcome="Passed" testListId="8c84fa94-04c1-424b-9868-57a2d4851a1d" relativeResultsDirectory="5e19d8b8-40e6-4581-a11e-9a78baec55d1" />
    <UnitTestResult executionId="59f9c964-ac43-4c3e-9709-be1710f152b2" testId="41200b0a-b89d-be5b-7447-22f852721d92" testName="FormatToStringTest1000(15396.537902579894d,&quot;15396.54 zł&quot;)" computerName="DESKTOP-5URQ9PB" duration="00:00:00.0000190" startTime="2022-06-13T21:13:44.9355694+02:00" endTime="2022-06-13T21:13:44.9355877+02:00" testType="13cdc9d9-ddb5-4fa4-a97d-d965ccfc6d4b" outcome="Passed" testListId="8c84fa94-04c1-424b-9868-57a2d4851a1d" relativeResultsDirectory="59f9c964-ac43-4c3e-9709-be1710f152b2" />
    <UnitTestResult executionId="6df59ba4-0bd5-47bd-b088-77942a66cf84" testId="74b92fed-1c7d-84ea-101d-b4ba0f959527" testName="FormatToStringTest1000(1814.7218118955948d,&quot;1814.72 zł&quot;)" computerName="DESKTOP-5URQ9PB" duration="00:00:00.0000200" startTime="2022-06-13T21:13:44.9425482+02:00" endTime="2022-06-13T21:13:44.9425676+02:00" testType="13cdc9d9-ddb5-4fa4-a97d-d965ccfc6d4b" outcome="Passed" testListId="8c84fa94-04c1-424b-9868-57a2d4851a1d" relativeResultsDirectory="6df59ba4-0bd5-47bd-b088-77942a66cf84" />
    <UnitTestResult executionId="ba07ec09-7299-4834-bff6-e303d128bd7c" testId="3c732fdd-347f-bf9b-4cee-87347d32525f" testName="FormatToStringTest1000(626.135364110179d,&quot;626.14 zł&quot;)" computerName="DESKTOP-5URQ9PB" duration="00:00:00.0000190" startTime="2022-06-13T21:13:44.9240236+02:00" endTime="2022-06-13T21:13:44.9240427+02:00" testType="13cdc9d9-ddb5-4fa4-a97d-d965ccfc6d4b" outcome="Passed" testListId="8c84fa94-04c1-424b-9868-57a2d4851a1d" relativeResultsDirectory="ba07ec09-7299-4834-bff6-e303d128bd7c" />
    <UnitTestResult executionId="56847f0c-dd58-4dde-954f-a32ccf7ec433" testId="8237afc1-9210-54d8-45bd-84bf26e08f89" testName="FormatToStringTest1000(6417.5922460628635d,&quot;6417.59 zł&quot;)" computerName="DESKTOP-5URQ9PB" duration="00:00:00.0000190" startTime="2022-06-13T21:13:44.9302923+02:00" endTime="2022-06-13T21:13:44.9303110+02:00" testType="13cdc9d9-ddb5-4fa4-a97d-d965ccfc6d4b" outcome="Passed" testListId="8c84fa94-04c1-424b-9868-57a2d4851a1d" relativeResultsDirectory="56847f0c-dd58-4dde-954f-a32ccf7ec433" />
    <UnitTestResult executionId="e22a4a56-3b68-45bd-84f3-c68081afeadf" testId="21bcc043-da28-367a-c1fb-9490833f1b89" testName="FormatToStringTest1000(13855.30239352505d,&quot;13855.30 zł&quot;)" computerName="DESKTOP-5URQ9PB" duration="00:00:00.0000200" startTime="2022-06-13T21:13:44.9250055+02:00" endTime="2022-06-13T21:13:44.9250248+02:00" testType="13cdc9d9-ddb5-4fa4-a97d-d965ccfc6d4b" outcome="Passed" testListId="8c84fa94-04c1-424b-9868-57a2d4851a1d" relativeResultsDirectory="e22a4a56-3b68-45bd-84f3-c68081afeadf" />
    <UnitTestResult executionId="4e0567b1-165e-45d6-b8ee-e38fb6b83873" testId="848d2a90-a6ed-8153-c519-d66b9a7193d9" testName="FormatToStringTest1000(1963.0091662979728d,&quot;1963.01 zł&quot;)" computerName="DESKTOP-5URQ9PB" duration="00:00:00.0000190" startTime="2022-06-13T21:13:44.9386894+02:00" endTime="2022-06-13T21:13:44.9387077+02:00" testType="13cdc9d9-ddb5-4fa4-a97d-d965ccfc6d4b" outcome="Passed" testListId="8c84fa94-04c1-424b-9868-57a2d4851a1d" relativeResultsDirectory="4e0567b1-165e-45d6-b8ee-e38fb6b83873" />
    <UnitTestResult executionId="83e80e46-327f-4e32-ab5b-abf1f7b7f100" testId="4b66c56d-0547-dbc0-4364-ccf548a1bb40" testName="FormatToStringTest1000(22281.48592587257d,&quot;22281.49 zł&quot;)" computerName="DESKTOP-5URQ9PB" duration="00:00:00.0000190" startTime="2022-06-13T21:13:44.9263346+02:00" endTime="2022-06-13T21:13:44.9263531+02:00" testType="13cdc9d9-ddb5-4fa4-a97d-d965ccfc6d4b" outcome="Passed" testListId="8c84fa94-04c1-424b-9868-57a2d4851a1d" relativeResultsDirectory="83e80e46-327f-4e32-ab5b-abf1f7b7f100" />
    <UnitTestResult executionId="7388de96-9aae-4037-ba4f-9866916f96f3" testId="ce8c4658-51b9-647a-8bb3-9c2995dd5a3c" testName="FormatToStringTest1000(45070.5442499493d,&quot;45070.54 zł&quot;)" computerName="DESKTOP-5URQ9PB" duration="00:00:00.0000190" startTime="2022-06-13T21:13:44.9381140+02:00" endTime="2022-06-13T21:13:44.9381330+02:00" testType="13cdc9d9-ddb5-4fa4-a97d-d965ccfc6d4b" outcome="Passed" testListId="8c84fa94-04c1-424b-9868-57a2d4851a1d" relativeResultsDirectory="7388de96-9aae-4037-ba4f-9866916f96f3" />
    <UnitTestResult executionId="6866eb5d-7335-4ea6-9a63-87e3c9460226" testId="c6bf636f-3c18-b5d6-1346-58450e782d22" testName="FormatToStringTest1000(50550.645020282194d,&quot;50550.65 zł&quot;)" computerName="DESKTOP-5URQ9PB" duration="00:00:00.0000190" startTime="2022-06-13T21:13:44.9330701+02:00" endTime="2022-06-13T21:13:44.9330885+02:00" testType="13cdc9d9-ddb5-4fa4-a97d-d965ccfc6d4b" outcome="Passed" testListId="8c84fa94-04c1-424b-9868-57a2d4851a1d" relativeResultsDirectory="6866eb5d-7335-4ea6-9a63-87e3c9460226" />
    <UnitTestResult executionId="0c9313b7-fec3-48b7-8c87-626a99c79d88" testId="419ecc87-d9c8-28c4-00c0-ef118e7ae268" testName="FormatToStringTest1000(24729.333280806586d,&quot;24729.33 zł&quot;)" computerName="DESKTOP-5URQ9PB" duration="00:00:00.0000180" startTime="2022-06-13T21:13:44.9339749+02:00" endTime="2022-06-13T21:13:44.9339930+02:00" testType="13cdc9d9-ddb5-4fa4-a97d-d965ccfc6d4b" outcome="Passed" testListId="8c84fa94-04c1-424b-9868-57a2d4851a1d" relativeResultsDirectory="0c9313b7-fec3-48b7-8c87-626a99c79d88" />
    <UnitTestResult executionId="bd667f5c-345e-4bf8-b439-ea3bc9963847" testId="7a151ddf-b76f-a627-8d14-57dc244734db" testName="FormatToStringTest1000(17798.633951516185d,&quot;17798.63 zł&quot;)" computerName="DESKTOP-5URQ9PB" duration="00:00:00.0000190" startTime="2022-06-13T21:13:44.9317704+02:00" endTime="2022-06-13T21:13:44.9317889+02:00" testType="13cdc9d9-ddb5-4fa4-a97d-d965ccfc6d4b" outcome="Passed" testListId="8c84fa94-04c1-424b-9868-57a2d4851a1d" relativeResultsDirectory="bd667f5c-345e-4bf8-b439-ea3bc9963847" />
    <UnitTestResult executionId="1dfd66e2-07f1-421b-bfe1-ed7439688f05" testId="4d74b8de-5123-86ec-ab4f-2d4ce6434a23" testName="FormatToStringTest1000(23120.169499649743d,&quot;23120.17 zł&quot;)" computerName="DESKTOP-5URQ9PB" duration="00:00:00.0000200" startTime="2022-06-13T21:13:44.9401047+02:00" endTime="2022-06-13T21:13:44.9401240+02:00" testType="13cdc9d9-ddb5-4fa4-a97d-d965ccfc6d4b" outcome="Passed" testListId="8c84fa94-04c1-424b-9868-57a2d4851a1d" relativeResultsDirectory="1dfd66e2-07f1-421b-bfe1-ed7439688f05" />
    <UnitTestResult executionId="006f43a1-21c0-4fa9-a3db-88839405b34a" testId="0fa0c864-c433-31dc-ea26-995fbf849a90" testName="FormatToStringTest1000(236.20263638589657d,&quot;236.20 zł&quot;)" computerName="DESKTOP-5URQ9PB" duration="00:00:00.0000200" startTime="2022-06-13T21:13:44.9347283+02:00" endTime="2022-06-13T21:13:44.9347481+02:00" testType="13cdc9d9-ddb5-4fa4-a97d-d965ccfc6d4b" outcome="Passed" testListId="8c84fa94-04c1-424b-9868-57a2d4851a1d" relativeResultsDirectory="006f43a1-21c0-4fa9-a3db-88839405b34a" />
    <UnitTestResult executionId="c090b208-9a76-413e-90e4-5b28889e3664" testId="7f23cd21-ad85-3cc7-38be-9ece9bfed213" testName="FormatToStringTest1000(19541.10539777116d,&quot;19541.11 zł&quot;)" computerName="DESKTOP-5URQ9PB" duration="00:00:00.0000190" startTime="2022-06-13T21:13:44.9198389+02:00" endTime="2022-06-13T21:13:44.9198571+02:00" testType="13cdc9d9-ddb5-4fa4-a97d-d965ccfc6d4b" outcome="Passed" testListId="8c84fa94-04c1-424b-9868-57a2d4851a1d" relativeResultsDirectory="c090b208-9a76-413e-90e4-5b28889e3664" />
    <UnitTestResult executionId="aea3b321-5dd9-4d71-b69d-7283d0d0e0d3" testId="e16968dc-e551-2d79-073b-6318cfa896ba" testName="FormatToStringTest1000(7193.552206002898d,&quot;7193.55 zł&quot;)" computerName="DESKTOP-5URQ9PB" duration="00:00:00.0000190" startTime="2022-06-13T21:13:44.9390707+02:00" endTime="2022-06-13T21:13:44.9390896+02:00" testType="13cdc9d9-ddb5-4fa4-a97d-d965ccfc6d4b" outcome="Passed" testListId="8c84fa94-04c1-424b-9868-57a2d4851a1d" relativeResultsDirectory="aea3b321-5dd9-4d71-b69d-7283d0d0e0d3" />
    <UnitTestResult executionId="730172a3-ec1a-4229-a092-7a4a4e0ec4f5" testId="efc2a789-ae09-4bb7-d172-5f2d0e3cbf23" testName="FormatToStringTest1000(82228.32322510486d,&quot;82228.32 zł&quot;)" computerName="DESKTOP-5URQ9PB" duration="00:00:00.0000190" startTime="2022-06-13T21:13:44.9327966+02:00" endTime="2022-06-13T21:13:44.9328155+02:00" testType="13cdc9d9-ddb5-4fa4-a97d-d965ccfc6d4b" outcome="Passed" testListId="8c84fa94-04c1-424b-9868-57a2d4851a1d" relativeResultsDirectory="730172a3-ec1a-4229-a092-7a4a4e0ec4f5" />
    <UnitTestResult executionId="d870dc44-c6d6-4716-a600-0f00a05349a3" testId="c7fd498b-03da-468c-aa24-ce275275bb84" testName="FormatToStringTest1000(32812.53695512634d,&quot;32812.54 zł&quot;)" computerName="DESKTOP-5URQ9PB" duration="00:00:00.0000190" startTime="2022-06-13T21:13:44.9272432+02:00" endTime="2022-06-13T21:13:44.9272616+02:00" testType="13cdc9d9-ddb5-4fa4-a97d-d965ccfc6d4b" outcome="Passed" testListId="8c84fa94-04c1-424b-9868-57a2d4851a1d" relativeResultsDirectory="d870dc44-c6d6-4716-a600-0f00a05349a3" />
    <UnitTestResult executionId="04e4d213-8d4c-4ba3-b5b3-5d07ab87e177" testId="04708542-086d-f6f2-88c4-fe541ab1cd55" testName="FormatToStringTest1000(3506.8456124108498d,&quot;3506.85 zł&quot;)" computerName="DESKTOP-5URQ9PB" duration="00:00:00.0000240" startTime="2022-06-13T21:13:44.9227158+02:00" endTime="2022-06-13T21:13:44.9227395+02:00" testType="13cdc9d9-ddb5-4fa4-a97d-d965ccfc6d4b" outcome="Passed" testListId="8c84fa94-04c1-424b-9868-57a2d4851a1d" relativeResultsDirectory="04e4d213-8d4c-4ba3-b5b3-5d07ab87e177" />
    <UnitTestResult executionId="b7faaa99-d434-44a7-87e4-dbfdbddcaed1" testId="e6b1d0c3-adf4-f12b-3a3a-a088a5d2227c" testName="FormatToStringTest1000(5749.124990274722d,&quot;5749.12 zł&quot;)" computerName="DESKTOP-5URQ9PB" duration="00:00:00.0000190" startTime="2022-06-13T21:13:44.9388438+02:00" endTime="2022-06-13T21:13:44.9388629+02:00" testType="13cdc9d9-ddb5-4fa4-a97d-d965ccfc6d4b" outcome="Passed" testListId="8c84fa94-04c1-424b-9868-57a2d4851a1d" relativeResultsDirectory="b7faaa99-d434-44a7-87e4-dbfdbddcaed1" />
    <UnitTestResult executionId="de58ef0f-7e9f-429c-ac68-95a4bea2529d" testId="be59208d-36e7-073c-919d-21490848351c" testName="FormatToStringTest1000(6035.818653228608d,&quot;6035.82 zł&quot;)" computerName="DESKTOP-5URQ9PB" duration="00:00:00.0000200" startTime="2022-06-13T21:13:44.9270925+02:00" endTime="2022-06-13T21:13:44.9271118+02:00" testType="13cdc9d9-ddb5-4fa4-a97d-d965ccfc6d4b" outcome="Passed" testListId="8c84fa94-04c1-424b-9868-57a2d4851a1d" relativeResultsDirectory="de58ef0f-7e9f-429c-ac68-95a4bea2529d" />
    <UnitTestResult executionId="6a11edd2-4ede-403f-94ae-1c3e8783e0b8" testId="1d439d51-4271-ce67-e4e0-d0b84f8d1caf" testName="FormatToStringTest1000(66284.43763489948d,&quot;66284.44 zł&quot;)" computerName="DESKTOP-5URQ9PB" duration="00:00:00.0000190" startTime="2022-06-13T21:13:44.9348925+02:00" endTime="2022-06-13T21:13:44.9349113+02:00" testType="13cdc9d9-ddb5-4fa4-a97d-d965ccfc6d4b" outcome="Passed" testListId="8c84fa94-04c1-424b-9868-57a2d4851a1d" relativeResultsDirectory="6a11edd2-4ede-403f-94ae-1c3e8783e0b8" />
    <UnitTestResult executionId="c78beb81-dafe-463b-b9ea-d1f9c0e92b7f" testId="5eec1dec-2d00-5deb-f000-c17eea3526a6" testName="FormatToStringTest1000(1073.195098933389d,&quot;1073.20 zł&quot;)" computerName="DESKTOP-5URQ9PB" duration="00:00:00.0000200" startTime="2022-06-13T21:13:44.9345734+02:00" endTime="2022-06-13T21:13:44.9345928+02:00" testType="13cdc9d9-ddb5-4fa4-a97d-d965ccfc6d4b" outcome="Passed" testListId="8c84fa94-04c1-424b-9868-57a2d4851a1d" relativeResultsDirectory="c78beb81-dafe-463b-b9ea-d1f9c0e92b7f" />
    <UnitTestResult executionId="26b61f7e-99ea-45f9-972b-57c1b22dc9fa" testId="df3985f6-a310-5cd4-8528-b305d96c9c87" testName="FormatToStringTest1000(726.8087564975995d,&quot;726.81 zł&quot;)" computerName="DESKTOP-5URQ9PB" duration="00:00:00.0000210" startTime="2022-06-13T21:13:44.9189020+02:00" endTime="2022-06-13T21:13:44.9189227+02:00" testType="13cdc9d9-ddb5-4fa4-a97d-d965ccfc6d4b" outcome="Passed" testListId="8c84fa94-04c1-424b-9868-57a2d4851a1d" relativeResultsDirectory="26b61f7e-99ea-45f9-972b-57c1b22dc9fa" />
    <UnitTestResult executionId="428793b6-06fa-4165-886b-e80b408a2bae" testId="3436028f-e5c2-d0e3-5f92-c1e23c8a73cc" testName="FormatToStringTest1000(7715.904444139406d,&quot;7715.90 zł&quot;)" computerName="DESKTOP-5URQ9PB" duration="00:00:00.0000260" startTime="2022-06-13T21:13:44.9307211+02:00" endTime="2022-06-13T21:13:44.9307470+02:00" testType="13cdc9d9-ddb5-4fa4-a97d-d965ccfc6d4b" outcome="Passed" testListId="8c84fa94-04c1-424b-9868-57a2d4851a1d" relativeResultsDirectory="428793b6-06fa-4165-886b-e80b408a2bae" />
    <UnitTestResult executionId="35f0a03b-30c3-472b-98f2-151f4ed41550" testId="d70b3095-42f0-132e-cf11-a2a412d875fc" testName="FormatToStringTest1000(37614.50159416278d,&quot;37614.50 zł&quot;)" computerName="DESKTOP-5URQ9PB" duration="00:00:00.0000190" startTime="2022-06-13T21:13:44.9426732+02:00" endTime="2022-06-13T21:13:44.9426922+02:00" testType="13cdc9d9-ddb5-4fa4-a97d-d965ccfc6d4b" outcome="Passed" testListId="8c84fa94-04c1-424b-9868-57a2d4851a1d" relativeResultsDirectory="35f0a03b-30c3-472b-98f2-151f4ed41550" />
    <UnitTestResult executionId="bce766d5-af13-4ae1-bd1b-b457c8724563" testId="4b09d9c5-8012-6286-2d8c-2f6f560e7a3d" testName="FormatToStringTest1000(28192.949128067565d,&quot;28192.95 zł&quot;)" computerName="DESKTOP-5URQ9PB" duration="00:00:00.0000200" startTime="2022-06-13T21:13:44.9198130+02:00" endTime="2022-06-13T21:13:44.9198327+02:00" testType="13cdc9d9-ddb5-4fa4-a97d-d965ccfc6d4b" outcome="Passed" testListId="8c84fa94-04c1-424b-9868-57a2d4851a1d" relativeResultsDirectory="bce766d5-af13-4ae1-bd1b-b457c8724563" />
    <UnitTestResult executionId="a59efff8-7079-490c-836b-36318af75709" testId="e00200eb-3a34-f266-bd48-fa5530d514f6" testName="FormatToStringTest1000(21573.45329517613d,&quot;21573.45 zł&quot;)" computerName="DESKTOP-5URQ9PB" duration="00:00:00.0000180" startTime="2022-06-13T21:13:44.9435866+02:00" endTime="2022-06-13T21:13:44.9436048+02:00" testType="13cdc9d9-ddb5-4fa4-a97d-d965ccfc6d4b" outcome="Passed" testListId="8c84fa94-04c1-424b-9868-57a2d4851a1d" relativeResultsDirectory="a59efff8-7079-490c-836b-36318af75709" />
    <UnitTestResult executionId="d36d4b81-d6da-4db6-9a29-15b50f59d65f" testId="a488094a-b6b5-d178-8919-9dcf3be59209" testName="FormatToStringTest1000(4857.211933034105d,&quot;4857.21 zł&quot;)" computerName="DESKTOP-5URQ9PB" duration="00:00:00.0000190" startTime="2022-06-13T21:13:44.9432048+02:00" endTime="2022-06-13T21:13:44.9432240+02:00" testType="13cdc9d9-ddb5-4fa4-a97d-d965ccfc6d4b" outcome="Passed" testListId="8c84fa94-04c1-424b-9868-57a2d4851a1d" relativeResultsDirectory="d36d4b81-d6da-4db6-9a29-15b50f59d65f" />
    <UnitTestResult executionId="39a328bc-98cd-4d02-bd89-e62fe98263af" testId="bb7e4fc8-2bb1-dbaf-8cdd-5d93ef915f61" testName="FormatToStringTest1000(28298.945361683585d,&quot;28298.95 zł&quot;)" computerName="DESKTOP-5URQ9PB" duration="00:00:00.0000190" startTime="2022-06-13T21:13:44.9316639+02:00" endTime="2022-06-13T21:13:44.9316831+02:00" testType="13cdc9d9-ddb5-4fa4-a97d-d965ccfc6d4b" outcome="Passed" testListId="8c84fa94-04c1-424b-9868-57a2d4851a1d" relativeResultsDirectory="39a328bc-98cd-4d02-bd89-e62fe98263af" />
    <UnitTestResult executionId="c04e4213-f06b-4017-beaf-23c7e83bb601" testId="311588b6-1eda-5995-3667-7c2c732d3f34" testName="FormatToStringTest1000(12528.413830086782d,&quot;12528.41 zł&quot;)" computerName="DESKTOP-5URQ9PB" duration="00:00:00.0000190" startTime="2022-06-13T21:13:44.9308560+02:00" endTime="2022-06-13T21:13:44.9308746+02:00" testType="13cdc9d9-ddb5-4fa4-a97d-d965ccfc6d4b" outcome="Passed" testListId="8c84fa94-04c1-424b-9868-57a2d4851a1d" relativeResultsDirectory="c04e4213-f06b-4017-beaf-23c7e83bb601" />
    <UnitTestResult executionId="ba80e1ee-c94d-4ec8-af1c-8576d5ecae96" testId="d010d6f6-5302-e7a6-bd9d-f255dac3cdb8" testName="FormatToStringTest1000(2718.1767171650085d,&quot;2718.18 zł&quot;)" computerName="DESKTOP-5URQ9PB" duration="00:00:00.0000190" startTime="2022-06-13T21:13:44.9260355+02:00" endTime="2022-06-13T21:13:44.9260543+02:00" testType="13cdc9d9-ddb5-4fa4-a97d-d965ccfc6d4b" outcome="Passed" testListId="8c84fa94-04c1-424b-9868-57a2d4851a1d" relativeResultsDirectory="ba80e1ee-c94d-4ec8-af1c-8576d5ecae96" />
    <UnitTestResult executionId="7fcc32fd-698e-4ae7-ad63-02231b107822" testId="e2ca2857-33e4-4daa-d2e9-09d09dfdba1f" testName="FormatToStringTest1000(18023.78504577455d,&quot;18023.79 zł&quot;)" computerName="DESKTOP-5URQ9PB" duration="00:00:00.0000190" startTime="2022-06-13T21:13:44.9249047+02:00" endTime="2022-06-13T21:13:44.9249231+02:00" testType="13cdc9d9-ddb5-4fa4-a97d-d965ccfc6d4b" outcome="Passed" testListId="8c84fa94-04c1-424b-9868-57a2d4851a1d" relativeResultsDirectory="7fcc32fd-698e-4ae7-ad63-02231b107822" />
    <UnitTestResult executionId="3e85a747-4418-4356-809d-30795fcc1fe8" testId="c5316b43-7086-7b8f-266a-feedd9573c48" testName="FormatToStringTest1000(19363.881840787773d,&quot;19363.88 zł&quot;)" computerName="DESKTOP-5URQ9PB" duration="00:00:00.0000180" startTime="2022-06-13T21:13:44.9361733+02:00" endTime="2022-06-13T21:13:44.9361917+02:00" testType="13cdc9d9-ddb5-4fa4-a97d-d965ccfc6d4b" outcome="Passed" testListId="8c84fa94-04c1-424b-9868-57a2d4851a1d" relativeResultsDirectory="3e85a747-4418-4356-809d-30795fcc1fe8" />
    <UnitTestResult executionId="a83f02ca-75d4-492e-bf3f-e95f31b1e10d" testId="0741a97b-fe60-742a-1f50-b38d8a9cae33" testName="FormatToStringTest1000(6466.872242818062d,&quot;6466.87 zł&quot;)" computerName="DESKTOP-5URQ9PB" duration="00:00:00.0000200" startTime="2022-06-13T21:13:44.9356685+02:00" endTime="2022-06-13T21:13:44.9356879+02:00" testType="13cdc9d9-ddb5-4fa4-a97d-d965ccfc6d4b" outcome="Passed" testListId="8c84fa94-04c1-424b-9868-57a2d4851a1d" relativeResultsDirectory="a83f02ca-75d4-492e-bf3f-e95f31b1e10d" />
    <UnitTestResult executionId="6bded00c-da99-499d-8005-5fe0e4c8722f" testId="62b70b12-663c-a906-288d-6817a450e2b9" testName="FormatToStringTest1000(6654.099431086378d,&quot;6654.10 zł&quot;)" computerName="DESKTOP-5URQ9PB" duration="00:00:00.0000200" startTime="2022-06-13T21:13:44.9276423+02:00" endTime="2022-06-13T21:13:44.9276619+02:00" testType="13cdc9d9-ddb5-4fa4-a97d-d965ccfc6d4b" outcome="Passed" testListId="8c84fa94-04c1-424b-9868-57a2d4851a1d" relativeResultsDirectory="6bded00c-da99-499d-8005-5fe0e4c8722f" />
    <UnitTestResult executionId="6924c0c1-e914-4c7c-99d3-c8e77a343a20" testId="4d634782-9db9-e8af-a18d-f1e4c45e4686" testName="FormatToStringTest1000(941.429400278921d,&quot;941.43 zł&quot;)" computerName="DESKTOP-5URQ9PB" duration="00:00:00.0000180" startTime="2022-06-13T21:13:44.9275941+02:00" endTime="2022-06-13T21:13:44.9276123+02:00" testType="13cdc9d9-ddb5-4fa4-a97d-d965ccfc6d4b" outcome="Passed" testListId="8c84fa94-04c1-424b-9868-57a2d4851a1d" relativeResultsDirectory="6924c0c1-e914-4c7c-99d3-c8e77a343a20" />
    <UnitTestResult executionId="320aa981-3d4f-4061-b88f-2328393156e4" testId="719fd87e-be7b-b92c-8926-a4bddcef0244" testName="FormatToStringTest1000(7407.385606687696d,&quot;7407.39 zł&quot;)" computerName="DESKTOP-5URQ9PB" duration="00:00:00.0000180" startTime="2022-06-13T21:13:44.9333690+02:00" endTime="2022-06-13T21:13:44.9333872+02:00" testType="13cdc9d9-ddb5-4fa4-a97d-d965ccfc6d4b" outcome="Passed" testListId="8c84fa94-04c1-424b-9868-57a2d4851a1d" relativeResultsDirectory="320aa981-3d4f-4061-b88f-2328393156e4" />
    <UnitTestResult executionId="9d5f046d-0db5-4440-8f74-2990822c0154" testId="d39d28ad-b64c-afa2-9212-cb9bbbf192c4" testName="FormatToStringTest1000(5611.05334835176d,&quot;5611.05 zł&quot;)" computerName="DESKTOP-5URQ9PB" duration="00:00:00.0000190" startTime="2022-06-13T21:13:44.9298941+02:00" endTime="2022-06-13T21:13:44.9299128+02:00" testType="13cdc9d9-ddb5-4fa4-a97d-d965ccfc6d4b" outcome="Passed" testListId="8c84fa94-04c1-424b-9868-57a2d4851a1d" relativeResultsDirectory="9d5f046d-0db5-4440-8f74-2990822c0154" />
    <UnitTestResult executionId="dd442b6f-f8ea-458b-a187-ce402f3e1928" testId="4b65b228-f0fd-3e1d-e2c9-95f312b6aeb7" testName="FormatToStringTest1000(25376.6225052097d,&quot;25376.62 zł&quot;)" computerName="DESKTOP-5URQ9PB" duration="00:00:00.0000190" startTime="2022-06-13T21:13:44.9322458+02:00" endTime="2022-06-13T21:13:44.9322643+02:00" testType="13cdc9d9-ddb5-4fa4-a97d-d965ccfc6d4b" outcome="Passed" testListId="8c84fa94-04c1-424b-9868-57a2d4851a1d" relativeResultsDirectory="dd442b6f-f8ea-458b-a187-ce402f3e1928" />
    <UnitTestResult executionId="b015f1b9-225c-4aba-9916-3625a58d8115" testId="b639588e-b414-82b2-fe24-5fe49a4a3ad3" testName="FormatToStringTest1000(545.7016866634142d,&quot;545.70 zł&quot;)" computerName="DESKTOP-5URQ9PB" duration="00:00:00.0000190" startTime="2022-06-13T21:13:44.9323458+02:00" endTime="2022-06-13T21:13:44.9323641+02:00" testType="13cdc9d9-ddb5-4fa4-a97d-d965ccfc6d4b" outcome="Passed" testListId="8c84fa94-04c1-424b-9868-57a2d4851a1d" relativeResultsDirectory="b015f1b9-225c-4aba-9916-3625a58d8115" />
    <UnitTestResult executionId="c6f48a96-c4a6-45d5-8047-dee6f3b288b6" testId="56b49f4b-49b4-988e-f563-d6c88928143d" testName="FormatToStringTest1000(78519.41691976106d,&quot;78519.42 zł&quot;)" computerName="DESKTOP-5URQ9PB" duration="00:00:00.0000180" startTime="2022-06-13T21:13:44.9359002+02:00" endTime="2022-06-13T21:13:44.9359184+02:00" testType="13cdc9d9-ddb5-4fa4-a97d-d965ccfc6d4b" outcome="Passed" testListId="8c84fa94-04c1-424b-9868-57a2d4851a1d" relativeResultsDirectory="c6f48a96-c4a6-45d5-8047-dee6f3b288b6" />
    <UnitTestResult executionId="4f13ab9f-6cbf-40de-8ddc-1354355368d6" testId="70548cff-07c6-a6ca-3719-5ff4c0013c06" testName="FormatToStringTest1000(5022.470719070859d,&quot;5022.47 zł&quot;)" computerName="DESKTOP-5URQ9PB" duration="00:00:00.0000180" startTime="2022-06-13T21:13:44.9264848+02:00" endTime="2022-06-13T21:13:44.9265030+02:00" testType="13cdc9d9-ddb5-4fa4-a97d-d965ccfc6d4b" outcome="Passed" testListId="8c84fa94-04c1-424b-9868-57a2d4851a1d" relativeResultsDirectory="4f13ab9f-6cbf-40de-8ddc-1354355368d6" />
    <UnitTestResult executionId="2a24b2b2-7a2f-4b0b-a338-e01a56c6c14f" testId="bc2dc8fc-01b0-0065-79fa-2e41ef829892" testName="FormatToStringTest1000(37528.70144368368d,&quot;37528.70 zł&quot;)" computerName="DESKTOP-5URQ9PB" duration="00:00:00.0000190" startTime="2022-06-13T21:13:44.9221444+02:00" endTime="2022-06-13T21:13:44.9221628+02:00" testType="13cdc9d9-ddb5-4fa4-a97d-d965ccfc6d4b" outcome="Passed" testListId="8c84fa94-04c1-424b-9868-57a2d4851a1d" relativeResultsDirectory="2a24b2b2-7a2f-4b0b-a338-e01a56c6c14f" />
    <UnitTestResult executionId="9de1d37f-d911-4a09-bf37-3b020dd62ab2" testId="43e0f701-5f55-5e32-84f3-972dc14c0c0b" testName="FormatToStringTest1000(15414.175096961751d,&quot;15414.18 zł&quot;)" computerName="DESKTOP-5URQ9PB" duration="00:00:00.0000190" startTime="2022-06-13T21:13:44.9213907+02:00" endTime="2022-06-13T21:13:44.9214096+02:00" testType="13cdc9d9-ddb5-4fa4-a97d-d965ccfc6d4b" outcome="Passed" testListId="8c84fa94-04c1-424b-9868-57a2d4851a1d" relativeResultsDirectory="9de1d37f-d911-4a09-bf37-3b020dd62ab2" />
    <UnitTestResult executionId="33e826fa-2fff-48ff-91db-38a661512c55" testId="e4cccfe6-fb6d-a0d6-3337-e528b068adae" testName="FormatToStringTest1000(918.1842976688334d,&quot;918.18 zł&quot;)" computerName="DESKTOP-5URQ9PB" duration="00:00:00.0000190" startTime="2022-06-13T21:13:44.9203852+02:00" endTime="2022-06-13T21:13:44.9204042+02:00" testType="13cdc9d9-ddb5-4fa4-a97d-d965ccfc6d4b" outcome="Passed" testListId="8c84fa94-04c1-424b-9868-57a2d4851a1d" relativeResultsDirectory="33e826fa-2fff-48ff-91db-38a661512c55" />
    <UnitTestResult executionId="5d9d1c6b-d68e-4fd5-b78c-db183957cb25" testId="5793f365-d163-be21-ca1f-4a66a13f32b3" testName="FormatToStringTest1000(60701.5177499319d,&quot;60701.52 zł&quot;)" computerName="DESKTOP-5URQ9PB" duration="00:00:00.0000200" startTime="2022-06-13T21:13:44.9353673+02:00" endTime="2022-06-13T21:13:44.9353866+02:00" testType="13cdc9d9-ddb5-4fa4-a97d-d965ccfc6d4b" outcome="Passed" testListId="8c84fa94-04c1-424b-9868-57a2d4851a1d" relativeResultsDirectory="5d9d1c6b-d68e-4fd5-b78c-db183957cb25" />
    <UnitTestResult executionId="c3d420e3-1bf6-4efd-95aa-a0348ae7008f" testId="8951be4f-c5d7-21a4-85c8-2fc370bed815" testName="FormatToStringTest1000(13681.607566007231d,&quot;13681.61 zł&quot;)" computerName="DESKTOP-5URQ9PB" duration="00:00:00.0000180" startTime="2022-06-13T21:13:44.9326432+02:00" endTime="2022-06-13T21:13:44.9326615+02:00" testType="13cdc9d9-ddb5-4fa4-a97d-d965ccfc6d4b" outcome="Passed" testListId="8c84fa94-04c1-424b-9868-57a2d4851a1d" relativeResultsDirectory="c3d420e3-1bf6-4efd-95aa-a0348ae7008f" />
    <UnitTestResult executionId="0b5eae91-b016-4182-bc37-34da629c4dee" testId="b8d38453-fb40-0cfb-4e20-39c788746328" testName="FormatToStringTest1000(52888.48934243642d,&quot;52888.49 zł&quot;)" computerName="DESKTOP-5URQ9PB" duration="00:00:00.0000180" startTime="2022-06-13T21:13:44.9300187+02:00" endTime="2022-06-13T21:13:44.9300368+02:00" testType="13cdc9d9-ddb5-4fa4-a97d-d965ccfc6d4b" outcome="Passed" testListId="8c84fa94-04c1-424b-9868-57a2d4851a1d" relativeResultsDirectory="0b5eae91-b016-4182-bc37-34da629c4dee" />
    <UnitTestResult executionId="dd7ab9fd-855a-4f21-9807-3aeec19e9d44" testId="f4854fd4-587a-5d07-271a-654c42d2751c" testName="FormatToStringTest1000(22248.263319677797d,&quot;22248.26 zł&quot;)" computerName="DESKTOP-5URQ9PB" duration="00:00:00.0000190" startTime="2022-06-13T21:13:44.9302670+02:00" endTime="2022-06-13T21:13:44.9302861+02:00" testType="13cdc9d9-ddb5-4fa4-a97d-d965ccfc6d4b" outcome="Passed" testListId="8c84fa94-04c1-424b-9868-57a2d4851a1d" relativeResultsDirectory="dd7ab9fd-855a-4f21-9807-3aeec19e9d44" />
    <UnitTestResult executionId="447f0a10-2b6d-40b2-b2c3-81c4fad6477d" testId="0186510a-61e4-d437-2bd3-30738b03ed56" testName="FormatToStringTest1000(7716.571614765363d,&quot;7716.57 zł&quot;)" computerName="DESKTOP-5URQ9PB" duration="00:00:00.0000190" startTime="2022-06-13T21:13:44.9402054+02:00" endTime="2022-06-13T21:13:44.9402244+02:00" testType="13cdc9d9-ddb5-4fa4-a97d-d965ccfc6d4b" outcome="Passed" testListId="8c84fa94-04c1-424b-9868-57a2d4851a1d" relativeResultsDirectory="447f0a10-2b6d-40b2-b2c3-81c4fad6477d" />
    <UnitTestResult executionId="0a54fb6b-f19e-4973-83b5-a3faf1458c38" testId="11ead46a-3fc2-e54b-9ee7-6572b1ea2616" testName="FormatToStringTest1000(8768.816937361293d,&quot;8768.82 zł&quot;)" computerName="DESKTOP-5URQ9PB" duration="00:00:00.0000190" startTime="2022-06-13T21:13:44.9199887+02:00" endTime="2022-06-13T21:13:44.9200078+02:00" testType="13cdc9d9-ddb5-4fa4-a97d-d965ccfc6d4b" outcome="Passed" testListId="8c84fa94-04c1-424b-9868-57a2d4851a1d" relativeResultsDirectory="0a54fb6b-f19e-4973-83b5-a3faf1458c38" />
    <UnitTestResult executionId="dc4c169f-8332-4746-86ab-534347faea57" testId="7904b819-04ff-ce91-7814-899d505d8f94" testName="FormatToStringTest1000(11.555284778846096d,&quot;11.56 zł&quot;)" computerName="DESKTOP-5URQ9PB" duration="00:00:00.0000190" startTime="2022-06-13T21:13:44.9399803+02:00" endTime="2022-06-13T21:13:44.9399993+02:00" testType="13cdc9d9-ddb5-4fa4-a97d-d965ccfc6d4b" outcome="Passed" testListId="8c84fa94-04c1-424b-9868-57a2d4851a1d" relativeResultsDirectory="dc4c169f-8332-4746-86ab-534347faea57" />
    <UnitTestResult executionId="a2991871-5473-42f2-af0a-b9c3a6104f40" testId="0abb1a8e-0900-a5c7-bfcc-230b4aaefe42" testName="FormatToStringTest1000(6838.422316571894d,&quot;6838.42 zł&quot;)" computerName="DESKTOP-5URQ9PB" duration="00:00:00.0000190" startTime="2022-06-13T21:13:44.9232193+02:00" endTime="2022-06-13T21:13:44.9232376+02:00" testType="13cdc9d9-ddb5-4fa4-a97d-d965ccfc6d4b" outcome="Passed" testListId="8c84fa94-04c1-424b-9868-57a2d4851a1d" relativeResultsDirectory="a2991871-5473-42f2-af0a-b9c3a6104f40" />
    <UnitTestResult executionId="01338597-450a-4a16-a5c6-6986d5e18802" testId="5326d1dc-d18e-0528-8ffb-d0be584509e9" testName="FormatToStringTest1000(16673.5121774904d,&quot;16673.51 zł&quot;)" computerName="DESKTOP-5URQ9PB" duration="00:00:00.0000190" startTime="2022-06-13T21:13:44.9288862+02:00" endTime="2022-06-13T21:13:44.9289052+02:00" testType="13cdc9d9-ddb5-4fa4-a97d-d965ccfc6d4b" outcome="Passed" testListId="8c84fa94-04c1-424b-9868-57a2d4851a1d" relativeResultsDirectory="01338597-450a-4a16-a5c6-6986d5e18802" />
    <UnitTestResult executionId="d17ea5b1-c8e9-46f1-819b-9c7c711b8ba4" testId="785b55cc-be99-2e92-e97b-e8c0390c5420" testName="FormatToStringTest1000(17990.38119827089d,&quot;17990.38 zł&quot;)" computerName="DESKTOP-5URQ9PB" duration="00:00:00.0000190" startTime="2022-06-13T21:13:44.9269168+02:00" endTime="2022-06-13T21:13:44.9269358+02:00" testType="13cdc9d9-ddb5-4fa4-a97d-d965ccfc6d4b" outcome="Passed" testListId="8c84fa94-04c1-424b-9868-57a2d4851a1d" relativeResultsDirectory="d17ea5b1-c8e9-46f1-819b-9c7c711b8ba4" />
    <UnitTestResult executionId="fcd9b261-ecec-41c1-811e-0eb00aa8e7df" testId="fa8e579d-d6a8-b37b-9cf1-3c38331f528e" testName="FormatToStringTest1000(16037.01783290087d,&quot;16037.02 zł&quot;)" computerName="DESKTOP-5URQ9PB" duration="00:00:00.0000190" startTime="2022-06-13T21:13:44.9429796+02:00" endTime="2022-06-13T21:13:44.9429979+02:00" testType="13cdc9d9-ddb5-4fa4-a97d-d965ccfc6d4b" outcome="Passed" testListId="8c84fa94-04c1-424b-9868-57a2d4851a1d" relativeResultsDirectory="fcd9b261-ecec-41c1-811e-0eb00aa8e7df" />
    <UnitTestResult executionId="e2e7fde8-0182-4a03-b781-7487555a2112" testId="71fdf905-97fb-1d5b-9602-e52da179cf3f" testName="FormatToStringTest1000(6915.421130504656d,&quot;6915.42 zł&quot;)" computerName="DESKTOP-5URQ9PB" duration="00:00:00.0000200" startTime="2022-06-13T21:13:44.9314901+02:00" endTime="2022-06-13T21:13:44.9315094+02:00" testType="13cdc9d9-ddb5-4fa4-a97d-d965ccfc6d4b" outcome="Passed" testListId="8c84fa94-04c1-424b-9868-57a2d4851a1d" relativeResultsDirectory="e2e7fde8-0182-4a03-b781-7487555a2112" />
    <UnitTestResult executionId="384012a8-6297-4235-bec6-1ebcc670eb88" testId="386a6353-f26d-0503-41f2-052972dc214e" testName="FormatToStringTest1000(12202.860111308684d,&quot;12202.86 zł&quot;)" computerName="DESKTOP-5URQ9PB" duration="00:00:00.0000190" startTime="2022-06-13T21:13:44.9297934+02:00" endTime="2022-06-13T21:13:44.9298127+02:00" testType="13cdc9d9-ddb5-4fa4-a97d-d965ccfc6d4b" outcome="Passed" testListId="8c84fa94-04c1-424b-9868-57a2d4851a1d" relativeResultsDirectory="384012a8-6297-4235-bec6-1ebcc670eb88" />
    <UnitTestResult executionId="bda4bbe2-29ae-42d2-9fe2-89e34ab94653" testId="628515ca-7a61-a487-4f7e-7b39d713c401" testName="FormatToStringTest1000(29917.15005391145d,&quot;29917.15 zł&quot;)" computerName="DESKTOP-5URQ9PB" duration="00:00:00.0000190" startTime="2022-06-13T21:13:44.9364463+02:00" endTime="2022-06-13T21:13:44.9364652+02:00" testType="13cdc9d9-ddb5-4fa4-a97d-d965ccfc6d4b" outcome="Passed" testListId="8c84fa94-04c1-424b-9868-57a2d4851a1d" relativeResultsDirectory="bda4bbe2-29ae-42d2-9fe2-89e34ab94653" />
    <UnitTestResult executionId="a578572e-48a0-4930-90be-8f5fb6cca04b" testId="65ccfc2f-2358-a64f-fe6f-c264d332c519" testName="FormatToStringTest1000(22791.735381432685d,&quot;22791.74 zł&quot;)" computerName="DESKTOP-5URQ9PB" duration="00:00:00.0000190" startTime="2022-06-13T21:13:44.9250556+02:00" endTime="2022-06-13T21:13:44.9250740+02:00" testType="13cdc9d9-ddb5-4fa4-a97d-d965ccfc6d4b" outcome="Passed" testListId="8c84fa94-04c1-424b-9868-57a2d4851a1d" relativeResultsDirectory="a578572e-48a0-4930-90be-8f5fb6cca04b" />
    <UnitTestResult executionId="b5c42453-1d88-44ce-acaf-59a416bcb489" testId="c565182f-b75e-4a8b-1a2d-674dce2fa509" testName="FormatToStringTest1000(386.358918903097d,&quot;386.36 zł&quot;)" computerName="DESKTOP-5URQ9PB" duration="00:00:00.0000190" startTime="2022-06-13T21:13:44.9263591+02:00" endTime="2022-06-13T21:13:44.9263784+02:00" testType="13cdc9d9-ddb5-4fa4-a97d-d965ccfc6d4b" outcome="Passed" testListId="8c84fa94-04c1-424b-9868-57a2d4851a1d" relativeResultsDirectory="b5c42453-1d88-44ce-acaf-59a416bcb489" />
    <UnitTestResult executionId="b0d8d179-4f8b-4008-b7cd-1c99c64ba311" testId="8abb9da4-977b-effb-b6fc-988ee16d7ff4" testName="FormatToStringTest1000(28455.229970996843d,&quot;28455.23 zł&quot;)" computerName="DESKTOP-5URQ9PB" duration="00:00:00.0000180" startTime="2022-06-13T21:13:44.9387950+02:00" endTime="2022-06-13T21:13:44.9388132+02:00" testType="13cdc9d9-ddb5-4fa4-a97d-d965ccfc6d4b" outcome="Passed" testListId="8c84fa94-04c1-424b-9868-57a2d4851a1d" relativeResultsDirectory="b0d8d179-4f8b-4008-b7cd-1c99c64ba311" />
    <UnitTestResult executionId="9d844b3e-5f28-4621-b2c6-464fc8f11447" testId="7df385e8-e01d-d2ef-2361-abb8175fc7ae" testName="FormatToStringTest1000(2298.0331723829886d,&quot;2298.03 zł&quot;)" computerName="DESKTOP-5URQ9PB" duration="00:00:00.0000190" startTime="2022-06-13T21:13:44.9325687+02:00" endTime="2022-06-13T21:13:44.9325877+02:00" testType="13cdc9d9-ddb5-4fa4-a97d-d965ccfc6d4b" outcome="Passed" testListId="8c84fa94-04c1-424b-9868-57a2d4851a1d" relativeResultsDirectory="9d844b3e-5f28-4621-b2c6-464fc8f11447" />
    <UnitTestResult executionId="2d21b689-2c71-45b7-b38e-82f48682d1a4" testId="f3af6a34-22dc-525a-ddbc-41c7a3c42ddc" testName="FormatToStringTest1000(70149.17842025738d,&quot;70149.18 zł&quot;)" computerName="DESKTOP-5URQ9PB" duration="00:00:00.0000180" startTime="2022-06-13T21:13:44.9323957+02:00" endTime="2022-06-13T21:13:44.9324139+02:00" testType="13cdc9d9-ddb5-4fa4-a97d-d965ccfc6d4b" outcome="Passed" testListId="8c84fa94-04c1-424b-9868-57a2d4851a1d" relativeResultsDirectory="2d21b689-2c71-45b7-b38e-82f48682d1a4" />
    <UnitTestResult executionId="1c53f430-51f7-4c38-aca3-0c7e55802297" testId="4aa2fb53-f9e4-f471-3a9f-14715f467049" testName="FormatToStringTest1000(44361.82678515177d,&quot;44361.83 zł&quot;)" computerName="DESKTOP-5URQ9PB" duration="00:00:00.0000190" startTime="2022-06-13T21:13:44.9419201+02:00" endTime="2022-06-13T21:13:44.9419385+02:00" testType="13cdc9d9-ddb5-4fa4-a97d-d965ccfc6d4b" outcome="Passed" testListId="8c84fa94-04c1-424b-9868-57a2d4851a1d" relativeResultsDirectory="1c53f430-51f7-4c38-aca3-0c7e55802297" />
    <UnitTestResult executionId="cdbbb4df-267e-4de1-bb1a-7e0128751eef" testId="64432d28-23cd-4cf2-4daf-935cfc9905b7" testName="FormatToStringTest1000(21728.91641959963d,&quot;21728.92 zł&quot;)" computerName="DESKTOP-5URQ9PB" duration="00:00:00.0000190" startTime="2022-06-13T21:13:44.9463093+02:00" endTime="2022-06-13T21:13:44.9463278+02:00" testType="13cdc9d9-ddb5-4fa4-a97d-d965ccfc6d4b" outcome="Passed" testListId="8c84fa94-04c1-424b-9868-57a2d4851a1d" relativeResultsDirectory="cdbbb4df-267e-4de1-bb1a-7e0128751eef" />
    <UnitTestResult executionId="61f969ae-d060-443f-b446-0554f2ab7758" testId="02239eb7-c4a2-34a6-024f-aeb38f7bff3d" testName="FormatToStringTest1000(22153.282278674324d,&quot;22153.28 zł&quot;)" computerName="DESKTOP-5URQ9PB" duration="00:00:00.0000190" startTime="2022-06-13T21:13:44.9279768+02:00" endTime="2022-06-13T21:13:44.9279954+02:00" testType="13cdc9d9-ddb5-4fa4-a97d-d965ccfc6d4b" outcome="Passed" testListId="8c84fa94-04c1-424b-9868-57a2d4851a1d" relativeResultsDirectory="61f969ae-d060-443f-b446-0554f2ab7758" />
    <UnitTestResult executionId="773b14fe-aa4c-434b-8422-d8f8abd3ef89" testId="eae9a8da-630f-ea44-decf-a8ef3a38d81d" testName="FormatToStringTest1000(55030.929183896136d,&quot;55030.93 zł&quot;)" computerName="DESKTOP-5URQ9PB" duration="00:00:00.0000190" startTime="2022-06-13T21:13:44.9231697+02:00" endTime="2022-06-13T21:13:44.9231880+02:00" testType="13cdc9d9-ddb5-4fa4-a97d-d965ccfc6d4b" outcome="Passed" testListId="8c84fa94-04c1-424b-9868-57a2d4851a1d" relativeResultsDirectory="773b14fe-aa4c-434b-8422-d8f8abd3ef89" />
    <UnitTestResult executionId="648640b5-0aad-4abb-8152-fce337198050" testId="0ebe3939-f18c-dec0-703f-01349ca5c1ad" testName="FormatToStringTest1000(1676.7913981754293d,&quot;1676.79 zł&quot;)" computerName="DESKTOP-5URQ9PB" duration="00:00:00.0000180" startTime="2022-06-13T21:13:44.9332950+02:00" endTime="2022-06-13T21:13:44.9333132+02:00" testType="13cdc9d9-ddb5-4fa4-a97d-d965ccfc6d4b" outcome="Passed" testListId="8c84fa94-04c1-424b-9868-57a2d4851a1d" relativeResultsDirectory="648640b5-0aad-4abb-8152-fce337198050" />
    <UnitTestResult executionId="23797dd1-03e4-4993-a9d4-e9ff7baf228b" testId="1e6f2372-9d34-e630-93c8-967c7d09f6b9" testName="FormatToStringTest1000(93775.33090185716d,&quot;93775.33 zł&quot;)" computerName="DESKTOP-5URQ9PB" duration="00:00:00.0000190" startTime="2022-06-13T21:13:44.9352167+02:00" endTime="2022-06-13T21:13:44.9352354+02:00" testType="13cdc9d9-ddb5-4fa4-a97d-d965ccfc6d4b" outcome="Passed" testListId="8c84fa94-04c1-424b-9868-57a2d4851a1d" relativeResultsDirectory="23797dd1-03e4-4993-a9d4-e9ff7baf228b" />
    <UnitTestResult executionId="ce52b34f-041f-444d-8549-98dc3416ab48" testId="6fe47bce-1f86-6cf6-afbe-6725ac8bf44c" testName="FormatToStringTest1000(4411.456718280659d,&quot;4411.46 zł&quot;)" computerName="DESKTOP-5URQ9PB" duration="00:00:00.0000190" startTime="2022-06-13T21:13:44.9339993+02:00" endTime="2022-06-13T21:13:44.9340182+02:00" testType="13cdc9d9-ddb5-4fa4-a97d-d965ccfc6d4b" outcome="Passed" testListId="8c84fa94-04c1-424b-9868-57a2d4851a1d" relativeResultsDirectory="ce52b34f-041f-444d-8549-98dc3416ab48" />
    <UnitTestResult executionId="8e4a381e-b1d4-4a7b-ba07-931921f7f500" testId="859e7823-e1a7-1174-301f-2aa38167af9b" testName="FormatToStringTest1000(74851.91547305691d,&quot;74851.92 zł&quot;)" computerName="DESKTOP-5URQ9PB" duration="00:00:00.0000190" startTime="2022-06-13T21:13:44.9408113+02:00" endTime="2022-06-13T21:13:44.9408304+02:00" testType="13cdc9d9-ddb5-4fa4-a97d-d965ccfc6d4b" outcome="Passed" testListId="8c84fa94-04c1-424b-9868-57a2d4851a1d" relativeResultsDirectory="8e4a381e-b1d4-4a7b-ba07-931921f7f500" />
    <UnitTestResult executionId="2c1e5dde-b949-414a-adff-d0934fa27da5" testId="a92ca949-d664-bb06-21ee-ed111f1dab55" testName="FormatToStringTest1000(9079.930405251649d,&quot;9079.93 zł&quot;)" computerName="DESKTOP-5URQ9PB" duration="00:00:00.0000190" startTime="2022-06-13T21:13:44.9286297+02:00" endTime="2022-06-13T21:13:44.9286484+02:00" testType="13cdc9d9-ddb5-4fa4-a97d-d965ccfc6d4b" outcome="Passed" testListId="8c84fa94-04c1-424b-9868-57a2d4851a1d" relativeResultsDirectory="2c1e5dde-b949-414a-adff-d0934fa27da5" />
    <UnitTestResult executionId="2a57da9d-8f4f-4c0e-b195-2c991593d06f" testId="a73c4b3c-3d13-f62c-d2e5-567ad0be5c42" testName="FormatToStringTest1000(10857.521742201186d,&quot;10857.52 zł&quot;)" computerName="DESKTOP-5URQ9PB" duration="00:00:00.0000190" startTime="2022-06-13T21:13:44.9385151+02:00" endTime="2022-06-13T21:13:44.9385335+02:00" testType="13cdc9d9-ddb5-4fa4-a97d-d965ccfc6d4b" outcome="Passed" testListId="8c84fa94-04c1-424b-9868-57a2d4851a1d" relativeResultsDirectory="2a57da9d-8f4f-4c0e-b195-2c991593d06f" />
    <UnitTestResult executionId="7272aa8f-39d3-4e36-a347-580d7a7c1103" testId="eda712ea-15dc-6cac-535c-79a64a40aa02" testName="FormatToStringTest1000(6676.5680544784145d,&quot;6676.57 zł&quot;)" computerName="DESKTOP-5URQ9PB" duration="00:00:00.0000200" startTime="2022-06-13T21:13:44.9438414+02:00" endTime="2022-06-13T21:13:44.9438611+02:00" testType="13cdc9d9-ddb5-4fa4-a97d-d965ccfc6d4b" outcome="Passed" testListId="8c84fa94-04c1-424b-9868-57a2d4851a1d" relativeResultsDirectory="7272aa8f-39d3-4e36-a347-580d7a7c1103" />
    <UnitTestResult executionId="1546cd85-8fbf-4e5b-97f7-010512eb91eb" testId="45b47e45-8abc-9102-029a-0eb6ca1d5e58" testName="FormatToStringTest1000(15080.274618567097d,&quot;15080.27 zł&quot;)" computerName="DESKTOP-5URQ9PB" duration="00:00:00.0000180" startTime="2022-06-13T21:13:44.9301921+02:00" endTime="2022-06-13T21:13:44.9302105+02:00" testType="13cdc9d9-ddb5-4fa4-a97d-d965ccfc6d4b" outcome="Passed" testListId="8c84fa94-04c1-424b-9868-57a2d4851a1d" relativeResultsDirectory="1546cd85-8fbf-4e5b-97f7-010512eb91eb" />
    <UnitTestResult executionId="cbba7341-10f6-47b6-90fc-1d225adfcc2b" testId="f4a21ccd-5b4f-d613-e7b9-440db30d38e4" testName="FormatToStringTest1000(48449.85582609189d,&quot;48449.86 zł&quot;)" computerName="DESKTOP-5URQ9PB" duration="00:00:00.0000190" startTime="2022-06-13T21:13:44.9339503+02:00" endTime="2022-06-13T21:13:44.9339687+02:00" testType="13cdc9d9-ddb5-4fa4-a97d-d965ccfc6d4b" outcome="Passed" testListId="8c84fa94-04c1-424b-9868-57a2d4851a1d" relativeResultsDirectory="cbba7341-10f6-47b6-90fc-1d225adfcc2b" />
    <UnitTestResult executionId="d334087a-b075-43e6-b5f4-f7bcc1e3e313" testId="79aa3047-78e8-7f3b-b717-0010e3a4cd51" testName="FormatToStringTest1000(32821.05661472215d,&quot;32821.06 zł&quot;)" computerName="DESKTOP-5URQ9PB" duration="00:00:00.0000190" startTime="2022-06-13T21:13:44.9356185+02:00" endTime="2022-06-13T21:13:44.9356378+02:00" testType="13cdc9d9-ddb5-4fa4-a97d-d965ccfc6d4b" outcome="Passed" testListId="8c84fa94-04c1-424b-9868-57a2d4851a1d" relativeResultsDirectory="d334087a-b075-43e6-b5f4-f7bcc1e3e313" />
    <UnitTestResult executionId="a85ed80c-a715-4e52-a1f2-3a7b4a9ad5a0" testId="bd80c668-2405-22c1-740d-ec63dfd58306" testName="FormatToStringTest1000(28987.862854782896d,&quot;28987.86 zł&quot;)" computerName="DESKTOP-5URQ9PB" duration="00:00:00.0000190" startTime="2022-06-13T21:13:44.9387442+02:00" endTime="2022-06-13T21:13:44.9387634+02:00" testType="13cdc9d9-ddb5-4fa4-a97d-d965ccfc6d4b" outcome="Passed" testListId="8c84fa94-04c1-424b-9868-57a2d4851a1d" relativeResultsDirectory="a85ed80c-a715-4e52-a1f2-3a7b4a9ad5a0" />
    <UnitTestResult executionId="def308ad-e862-45c0-800b-fa74e45457d8" testId="6b78f8da-fc12-62dc-9f88-c5e10a98f007" testName="FormatToStringTest1000(42383.08993972982d,&quot;42383.09 zł&quot;)" computerName="DESKTOP-5URQ9PB" duration="00:00:00.0000190" startTime="2022-06-13T21:13:44.9328724+02:00" endTime="2022-06-13T21:13:44.9328909+02:00" testType="13cdc9d9-ddb5-4fa4-a97d-d965ccfc6d4b" outcome="Passed" testListId="8c84fa94-04c1-424b-9868-57a2d4851a1d" relativeResultsDirectory="def308ad-e862-45c0-800b-fa74e45457d8" />
    <UnitTestResult executionId="536c3ec0-e27c-4737-9925-4eb120c32395" testId="451dabd5-e4bb-ea9d-054e-87b0f58becfa" testName="FormatToStringTest1000(66053.95451852398d,&quot;66053.95 zł&quot;)" computerName="DESKTOP-5URQ9PB" duration="00:00:00.0000190" startTime="2022-06-13T21:13:44.9304688+02:00" endTime="2022-06-13T21:13:44.9304873+02:00" testType="13cdc9d9-ddb5-4fa4-a97d-d965ccfc6d4b" outcome="Passed" testListId="8c84fa94-04c1-424b-9868-57a2d4851a1d" relativeResultsDirectory="536c3ec0-e27c-4737-9925-4eb120c32395" />
    <UnitTestResult executionId="25f4a145-6e82-4ff8-986b-e5be36ecb743" testId="ad74bc79-5a2e-0559-0112-48492a8006d2" testName="FormatToStringTest1000(52481.07276821932d,&quot;52481.07 zł&quot;)" computerName="DESKTOP-5URQ9PB" duration="00:00:00.0000190" startTime="2022-06-13T21:13:44.9366195+02:00" endTime="2022-06-13T21:13:44.9366385+02:00" testType="13cdc9d9-ddb5-4fa4-a97d-d965ccfc6d4b" outcome="Passed" testListId="8c84fa94-04c1-424b-9868-57a2d4851a1d" relativeResultsDirectory="25f4a145-6e82-4ff8-986b-e5be36ecb743" />
    <UnitTestResult executionId="0634a421-3633-4b9f-a2b5-4fc6759de04d" testId="4ae6f156-51db-bc15-8975-b99fe55a99a8" testName="FormatToStringTest1000(47393.54939526671d,&quot;47393.55 zł&quot;)" computerName="DESKTOP-5URQ9PB" duration="00:00:00.0000190" startTime="2022-06-13T21:13:44.9290630+02:00" endTime="2022-06-13T21:13:44.9290819+02:00" testType="13cdc9d9-ddb5-4fa4-a97d-d965ccfc6d4b" outcome="Passed" testListId="8c84fa94-04c1-424b-9868-57a2d4851a1d" relativeResultsDirectory="0634a421-3633-4b9f-a2b5-4fc6759de04d" />
    <UnitTestResult executionId="e41975aa-4cc8-4eb0-93aa-f7f819445b06" testId="29406890-f674-40b1-2efb-3ed40d66af1f" testName="FormatToStringTest1000(2292.8331871111104d,&quot;2292.83 zł&quot;)" computerName="DESKTOP-5URQ9PB" duration="00:00:00.0000190" startTime="2022-06-13T21:13:44.9209655+02:00" endTime="2022-06-13T21:13:44.9209841+02:00" testType="13cdc9d9-ddb5-4fa4-a97d-d965ccfc6d4b" outcome="Passed" testListId="8c84fa94-04c1-424b-9868-57a2d4851a1d" relativeResultsDirectory="e41975aa-4cc8-4eb0-93aa-f7f819445b06" />
    <UnitTestResult executionId="aa7f8d4e-97b2-4476-bf8e-ee41084e7b71" testId="35113593-4524-9172-cef8-1a1f5c1dfb29" testName="FormatToStringTest1000(134.1514758393874d,&quot;134.15 zł&quot;)" computerName="DESKTOP-5URQ9PB" duration="00:00:00.0000190" startTime="2022-06-13T21:13:44.9360740+02:00" endTime="2022-06-13T21:13:44.9360925+02:00" testType="13cdc9d9-ddb5-4fa4-a97d-d965ccfc6d4b" outcome="Passed" testListId="8c84fa94-04c1-424b-9868-57a2d4851a1d" relativeResultsDirectory="aa7f8d4e-97b2-4476-bf8e-ee41084e7b71" />
    <UnitTestResult executionId="ea335045-da51-4ebc-8af6-923eeb989f18" testId="58d53652-da34-09db-a06d-1fae2bb18f28" testName="FormatToStringTest1000(33970.38965150639d,&quot;33970.39 zł&quot;)" computerName="DESKTOP-5URQ9PB" duration="00:00:00.0000190" startTime="2022-06-13T21:13:44.9382891+02:00" endTime="2022-06-13T21:13:44.9383078+02:00" testType="13cdc9d9-ddb5-4fa4-a97d-d965ccfc6d4b" outcome="Passed" testListId="8c84fa94-04c1-424b-9868-57a2d4851a1d" relativeResultsDirectory="ea335045-da51-4ebc-8af6-923eeb989f18" />
    <UnitTestResult executionId="fc0311b2-ad7f-4d68-b938-d710e581bedd" testId="83a97307-8552-7789-5b14-74a21c8cbcd2" testName="FormatToStringTest1000(45455.14554704127d,&quot;45455.15 zł&quot;)" computerName="DESKTOP-5URQ9PB" duration="00:00:00.0000180" startTime="2022-06-13T21:13:44.9287043+02:00" endTime="2022-06-13T21:13:44.9287225+02:00" testType="13cdc9d9-ddb5-4fa4-a97d-d965ccfc6d4b" outcome="Passed" testListId="8c84fa94-04c1-424b-9868-57a2d4851a1d" relativeResultsDirectory="fc0311b2-ad7f-4d68-b938-d710e581bedd" />
    <UnitTestResult executionId="2659d9c6-edd4-449e-914d-9f99b1484584" testId="43c3749f-0376-2035-bd94-4df92053dab3" testName="FormatToStringTest1000(18627.604896394354d,&quot;18627.60 zł&quot;)" computerName="DESKTOP-5URQ9PB" duration="00:00:00.0000190" startTime="2022-06-13T21:13:44.9342496+02:00" endTime="2022-06-13T21:13:44.9342680+02:00" testType="13cdc9d9-ddb5-4fa4-a97d-d965ccfc6d4b" outcome="Passed" testListId="8c84fa94-04c1-424b-9868-57a2d4851a1d" relativeResultsDirectory="2659d9c6-edd4-449e-914d-9f99b1484584" />
    <UnitTestResult executionId="65a03eb9-b949-4682-9dc6-fea0223ba7ce" testId="fb9b5d5a-ec48-a3ed-07db-cf85d51b9faa" testName="FormatToStringTest1000(27942.393876474067d,&quot;27942.39 zł&quot;)" computerName="DESKTOP-5URQ9PB" duration="00:00:00.0000190" startTime="2022-06-13T21:13:44.9338249+02:00" endTime="2022-06-13T21:13:44.9338436+02:00" testType="13cdc9d9-ddb5-4fa4-a97d-d965ccfc6d4b" outcome="Passed" testListId="8c84fa94-04c1-424b-9868-57a2d4851a1d" relativeResultsDirectory="65a03eb9-b949-4682-9dc6-fea0223ba7ce" />
    <UnitTestResult executionId="91256ee4-7302-4aaf-ab59-1e6598e76f4c" testId="e8d6ba9d-db50-0e05-06db-5789675388b8" testName="FormatToStringTest1000(34021.1384072961d,&quot;34021.14 zł&quot;)" computerName="DESKTOP-5URQ9PB" duration="00:00:00.0000200" startTime="2022-06-13T21:13:44.9438154+02:00" endTime="2022-06-13T21:13:44.9438352+02:00" testType="13cdc9d9-ddb5-4fa4-a97d-d965ccfc6d4b" outcome="Passed" testListId="8c84fa94-04c1-424b-9868-57a2d4851a1d" relativeResultsDirectory="91256ee4-7302-4aaf-ab59-1e6598e76f4c" />
    <UnitTestResult executionId="657fcbae-eee0-4620-a5dd-129f443cfdfd" testId="eb615c68-e5d1-28d7-b038-0571a7587ad1" testName="FormatToStringTest1000(7396.940188290057d,&quot;7396.94 zł&quot;)" computerName="DESKTOP-5URQ9PB" duration="00:00:00.0000190" startTime="2022-06-13T21:13:44.9424226+02:00" endTime="2022-06-13T21:13:44.9424417+02:00" testType="13cdc9d9-ddb5-4fa4-a97d-d965ccfc6d4b" outcome="Passed" testListId="8c84fa94-04c1-424b-9868-57a2d4851a1d" relativeResultsDirectory="657fcbae-eee0-4620-a5dd-129f443cfdfd" />
    <UnitTestResult executionId="a3575afa-9029-4163-883c-b391ad3fc00a" testId="c2a86a28-0c33-4ec7-8c21-c750433881c4" testName="FormatToStringTest1000(468.83385119346616d,&quot;468.83 zł&quot;)" computerName="DESKTOP-5URQ9PB" duration="00:00:00.0000180" startTime="2022-06-13T21:13:44.9197889+02:00" endTime="2022-06-13T21:13:44.9198069+02:00" testType="13cdc9d9-ddb5-4fa4-a97d-d965ccfc6d4b" outcome="Passed" testListId="8c84fa94-04c1-424b-9868-57a2d4851a1d" relativeResultsDirectory="a3575afa-9029-4163-883c-b391ad3fc00a" />
    <UnitTestResult executionId="da27bfb6-ba24-4053-8d1c-085ecf2c75d2" testId="69c4777a-51de-9c54-0ee3-eb6af65c109e" testName="FormatToStringTest1000(158.49784791027093d,&quot;158.50 zł&quot;)" computerName="DESKTOP-5URQ9PB" duration="00:00:00.0000180" startTime="2022-06-13T21:13:44.9232938+02:00" endTime="2022-06-13T21:13:44.9233120+02:00" testType="13cdc9d9-ddb5-4fa4-a97d-d965ccfc6d4b" outcome="Passed" testListId="8c84fa94-04c1-424b-9868-57a2d4851a1d" relativeResultsDirectory="da27bfb6-ba24-4053-8d1c-085ecf2c75d2" />
    <UnitTestResult executionId="2be29477-05f9-44ce-8424-f52e50f3fa0a" testId="58ed8150-ee65-8df8-a854-bba06457b4da" testName="FormatToStringTest1000(20445.11280083149d,&quot;20445.11 zł&quot;)" computerName="DESKTOP-5URQ9PB" duration="00:00:00.0000240" startTime="2022-06-13T21:13:44.9387140+02:00" endTime="2022-06-13T21:13:44.9387375+02:00" testType="13cdc9d9-ddb5-4fa4-a97d-d965ccfc6d4b" outcome="Passed" testListId="8c84fa94-04c1-424b-9868-57a2d4851a1d" relativeResultsDirectory="2be29477-05f9-44ce-8424-f52e50f3fa0a" />
    <UnitTestResult executionId="98c0650b-6153-4183-bcee-8447cc53a52f" testId="7c3fcb5f-2001-b092-5026-72ef7da49275" testName="FormatToStringTest1000(8885.065440211942d,&quot;8885.07 zł&quot;)" computerName="DESKTOP-5URQ9PB" duration="00:00:00.0000180" startTime="2022-06-13T21:13:44.9303679+02:00" endTime="2022-06-13T21:13:44.9303862+02:00" testType="13cdc9d9-ddb5-4fa4-a97d-d965ccfc6d4b" outcome="Passed" testListId="8c84fa94-04c1-424b-9868-57a2d4851a1d" relativeResultsDirectory="98c0650b-6153-4183-bcee-8447cc53a52f" />
    <UnitTestResult executionId="cc4c1e1e-36ca-4432-8ba2-506b3c9f5530" testId="a6927394-4cdf-6861-5383-48d3191f12fe" testName="FormatToStringTest1000(11958.422287871792d,&quot;11958.42 zł&quot;)" computerName="DESKTOP-5URQ9PB" duration="00:00:00.0000190" startTime="2022-06-13T21:13:44.9285026+02:00" endTime="2022-06-13T21:13:44.9285211+02:00" testType="13cdc9d9-ddb5-4fa4-a97d-d965ccfc6d4b" outcome="Passed" testListId="8c84fa94-04c1-424b-9868-57a2d4851a1d" relativeResultsDirectory="cc4c1e1e-36ca-4432-8ba2-506b3c9f5530" />
    <UnitTestResult executionId="9ab271db-ecd8-4bdd-b4d1-aca49b65d19d" testId="860765f6-59d4-c798-166f-19857f828734" testName="FormatToStringTest1000(53192.79032742269d,&quot;53192.79 zł&quot;)" computerName="DESKTOP-5URQ9PB" duration="00:00:00.0000200" startTime="2022-06-13T21:13:44.9436355+02:00" endTime="2022-06-13T21:13:44.9436549+02:00" testType="13cdc9d9-ddb5-4fa4-a97d-d965ccfc6d4b" outcome="Passed" testListId="8c84fa94-04c1-424b-9868-57a2d4851a1d" relativeResultsDirectory="9ab271db-ecd8-4bdd-b4d1-aca49b65d19d" />
    <UnitTestResult executionId="579988c3-3a9a-4e95-a1ae-8e8349db9669" testId="71b16f9b-dbb0-7a23-533d-802c9512270b" testName="FormatToStringTest1000(11181.228339251702d,&quot;11181.23 zł&quot;)" computerName="DESKTOP-5URQ9PB" duration="00:00:00.0000230" startTime="2022-06-13T21:13:44.9437109+02:00" endTime="2022-06-13T21:13:44.9437334+02:00" testType="13cdc9d9-ddb5-4fa4-a97d-d965ccfc6d4b" outcome="Passed" testListId="8c84fa94-04c1-424b-9868-57a2d4851a1d" relativeResultsDirectory="579988c3-3a9a-4e95-a1ae-8e8349db9669" />
    <UnitTestResult executionId="53a22224-f33c-46c0-b283-bd5a6097cf02" testId="40488d75-026c-550a-6026-e97b07265e5b" testName="FormatToStringTest1000(8802.811382028653d,&quot;8802.81 zł&quot;)" computerName="DESKTOP-5URQ9PB" duration="00:00:00.0000190" startTime="2022-06-13T21:13:44.9245991+02:00" endTime="2022-06-13T21:13:44.9246182+02:00" testType="13cdc9d9-ddb5-4fa4-a97d-d965ccfc6d4b" outcome="Passed" testListId="8c84fa94-04c1-424b-9868-57a2d4851a1d" relativeResultsDirectory="53a22224-f33c-46c0-b283-bd5a6097cf02" />
    <UnitTestResult executionId="64c13c39-11df-4a07-8450-6027a33a992a" testId="fd4f7d41-f937-f359-41b7-f6b589c2bdd7" testName="FormatToStringTest1000(25272.05048361283d,&quot;25272.05 zł&quot;)" computerName="DESKTOP-5URQ9PB" duration="00:00:00.0000190" startTime="2022-06-13T21:13:44.9410851+02:00" endTime="2022-06-13T21:13:44.9411035+02:00" testType="13cdc9d9-ddb5-4fa4-a97d-d965ccfc6d4b" outcome="Passed" testListId="8c84fa94-04c1-424b-9868-57a2d4851a1d" relativeResultsDirectory="64c13c39-11df-4a07-8450-6027a33a992a" />
    <UnitTestResult executionId="b3445366-6a6a-439a-9114-61c133de7a04" testId="5fa0a4c4-15f2-a193-6e7e-18d36636da1f" testName="FormatToStringTest1000(38845.74924104323d,&quot;38845.75 zł&quot;)" computerName="DESKTOP-5URQ9PB" duration="00:00:00.0000190" startTime="2022-06-13T21:13:44.9405038+02:00" endTime="2022-06-13T21:13:44.9405230+02:00" testType="13cdc9d9-ddb5-4fa4-a97d-d965ccfc6d4b" outcome="Passed" testListId="8c84fa94-04c1-424b-9868-57a2d4851a1d" relativeResultsDirectory="b3445366-6a6a-439a-9114-61c133de7a04" />
    <UnitTestResult executionId="c18035de-4937-483d-9158-46d88e03c9cf" testId="4191e320-5572-4ed4-213f-949531d6a246" testName="FormatToStringTest1000(20237.28532723723d,&quot;20237.29 zł&quot;)" computerName="DESKTOP-5URQ9PB" duration="00:00:00.0000200" startTime="2022-06-13T21:13:44.9306195+02:00" endTime="2022-06-13T21:13:44.9306389+02:00" testType="13cdc9d9-ddb5-4fa4-a97d-d965ccfc6d4b" outcome="Passed" testListId="8c84fa94-04c1-424b-9868-57a2d4851a1d" relativeResultsDirectory="c18035de-4937-483d-9158-46d88e03c9cf" />
    <UnitTestResult executionId="b8e53d82-8517-43ad-bbb7-26f01bfd1960" testId="daebc394-ed43-a172-b3fd-00de92d9d60e" testName="FormatToStringTest1000(3521.3657738167635d,&quot;3521.37 zł&quot;)" computerName="DESKTOP-5URQ9PB" duration="00:00:00.0000190" startTime="2022-06-13T21:13:44.9205859+02:00" endTime="2022-06-13T21:13:44.9206042+02:00" testType="13cdc9d9-ddb5-4fa4-a97d-d965ccfc6d4b" outcome="Passed" testListId="8c84fa94-04c1-424b-9868-57a2d4851a1d" relativeResultsDirectory="b8e53d82-8517-43ad-bbb7-26f01bfd1960" />
    <UnitTestResult executionId="1b4e03f3-9b24-4164-8e05-9c1704c72771" testId="9302047d-d400-9bf9-4ba4-2e05b31dc9ec" testName="FormatToStringTest1000(18424.864078561244d,&quot;18424.86 zł&quot;)" computerName="DESKTOP-5URQ9PB" duration="00:00:00.0000190" startTime="2022-06-13T21:13:44.9255798+02:00" endTime="2022-06-13T21:13:44.9255986+02:00" testType="13cdc9d9-ddb5-4fa4-a97d-d965ccfc6d4b" outcome="Passed" testListId="8c84fa94-04c1-424b-9868-57a2d4851a1d" relativeResultsDirectory="1b4e03f3-9b24-4164-8e05-9c1704c72771" />
    <UnitTestResult executionId="9c232e9f-f5ed-40da-9f0e-88f588832649" testId="600c9577-9456-49fc-a1f1-839a5e62cae7" testName="FormatToStringTest1000(47964.941885361884d,&quot;47964.94 zł&quot;)" computerName="DESKTOP-5URQ9PB" duration="00:00:00.0000190" startTime="2022-06-13T21:13:44.9222926+02:00" endTime="2022-06-13T21:13:44.9223115+02:00" testType="13cdc9d9-ddb5-4fa4-a97d-d965ccfc6d4b" outcome="Passed" testListId="8c84fa94-04c1-424b-9868-57a2d4851a1d" relativeResultsDirectory="9c232e9f-f5ed-40da-9f0e-88f588832649" />
    <UnitTestResult executionId="02793d2b-ed72-4090-837e-1e8733b8ae20" testId="21c3231d-e912-0f46-5fbf-421ff3f2435e" testName="FormatToStringTest1000(34096.337879508894d,&quot;34096.34 zł&quot;)" computerName="DESKTOP-5URQ9PB" duration="00:00:00.0000180" startTime="2022-06-13T21:13:44.9201878+02:00" endTime="2022-06-13T21:13:44.9202061+02:00" testType="13cdc9d9-ddb5-4fa4-a97d-d965ccfc6d4b" outcome="Passed" testListId="8c84fa94-04c1-424b-9868-57a2d4851a1d" relativeResultsDirectory="02793d2b-ed72-4090-837e-1e8733b8ae20" />
    <UnitTestResult executionId="ac097f1c-c1ae-4f49-89b0-0eb8bea36f43" testId="6df8a807-c182-b8aa-45a8-8ae3c76a3ec5" testName="FormatToStringTest1000(68698.01923441609d,&quot;68698.02 zł&quot;)" computerName="DESKTOP-5URQ9PB" duration="00:00:00.0000190" startTime="2022-06-13T21:13:44.9424730+02:00" endTime="2022-06-13T21:13:44.9424916+02:00" testType="13cdc9d9-ddb5-4fa4-a97d-d965ccfc6d4b" outcome="Passed" testListId="8c84fa94-04c1-424b-9868-57a2d4851a1d" relativeResultsDirectory="ac097f1c-c1ae-4f49-89b0-0eb8bea36f43" />
    <UnitTestResult executionId="c5aa0d12-ac5d-4b45-abd4-51608bd5d6f7" testId="004cf38c-62a9-5d39-4e66-385c7c495389" testName="FormatToStringTest1000(20068.867046961965d,&quot;20068.87 zł&quot;)" computerName="DESKTOP-5URQ9PB" duration="00:00:00.0000190" startTime="2022-06-13T21:13:44.9355188+02:00" endTime="2022-06-13T21:13:44.9355376+02:00" testType="13cdc9d9-ddb5-4fa4-a97d-d965ccfc6d4b" outcome="Passed" testListId="8c84fa94-04c1-424b-9868-57a2d4851a1d" relativeResultsDirectory="c5aa0d12-ac5d-4b45-abd4-51608bd5d6f7" />
    <UnitTestResult executionId="0d4a7473-7266-4c9b-9abd-e5990b38d7e0" testId="aff0dd6a-515d-d68f-384c-79614af1fe73" testName="FormatToStringTest1000(14063.90676654871d,&quot;14063.91 zł&quot;)" computerName="DESKTOP-5URQ9PB" duration="00:00:00.0000190" startTime="2022-06-13T21:13:44.9360493+02:00" endTime="2022-06-13T21:13:44.9360677+02:00" testType="13cdc9d9-ddb5-4fa4-a97d-d965ccfc6d4b" outcome="Passed" testListId="8c84fa94-04c1-424b-9868-57a2d4851a1d" relativeResultsDirectory="0d4a7473-7266-4c9b-9abd-e5990b38d7e0" />
    <UnitTestResult executionId="c64ce059-11c6-47b5-be3b-dd59c2dd09b0" testId="e4a60893-7e5b-dc4d-fd91-d28f1c9b83a3" testName="FormatToStringTest1000(38961.459057294516d,&quot;38961.46 zł&quot;)" computerName="DESKTOP-5URQ9PB" duration="00:00:00.0000190" startTime="2022-06-13T21:13:44.9284283+02:00" endTime="2022-06-13T21:13:44.9284468+02:00" testType="13cdc9d9-ddb5-4fa4-a97d-d965ccfc6d4b" outcome="Passed" testListId="8c84fa94-04c1-424b-9868-57a2d4851a1d" relativeResultsDirectory="c64ce059-11c6-47b5-be3b-dd59c2dd09b0" />
    <UnitTestResult executionId="dd383244-5c7c-40e5-804d-d29487d1b734" testId="c2c62cce-7606-0af4-5c6b-a30ffe30b4ea" testName="FormatToStringTest1000(46898.00219497783d,&quot;46898.00 zł&quot;)" computerName="DESKTOP-5URQ9PB" duration="00:00:00.0000190" startTime="2022-06-13T21:13:44.9209407+02:00" endTime="2022-06-13T21:13:44.9209594+02:00" testType="13cdc9d9-ddb5-4fa4-a97d-d965ccfc6d4b" outcome="Passed" testListId="8c84fa94-04c1-424b-9868-57a2d4851a1d" relativeResultsDirectory="dd383244-5c7c-40e5-804d-d29487d1b734" />
    <UnitTestResult executionId="2bd5176a-978e-4e28-8352-674504799186" testId="0bcee855-d67d-6b06-b494-da6df454ba12" testName="FormatToStringTest1000(19208.676036795914d,&quot;19208.68 zł&quot;)" computerName="DESKTOP-5URQ9PB" duration="00:00:00.0000190" startTime="2022-06-13T21:13:44.9359748+02:00" endTime="2022-06-13T21:13:44.9359938+02:00" testType="13cdc9d9-ddb5-4fa4-a97d-d965ccfc6d4b" outcome="Passed" testListId="8c84fa94-04c1-424b-9868-57a2d4851a1d" relativeResultsDirectory="2bd5176a-978e-4e28-8352-674504799186" />
    <UnitTestResult executionId="baf27c27-9e67-4fc0-9197-b5b374f21f22" testId="3a61649c-91c3-4f1a-8a11-3480d7ff1651" testName="FormatToStringTest1000(4636.500544966897d,&quot;4636.50 zł&quot;)" computerName="DESKTOP-5URQ9PB" duration="00:00:00.0000190" startTime="2022-06-13T21:13:44.9365453+02:00" endTime="2022-06-13T21:13:44.9365636+02:00" testType="13cdc9d9-ddb5-4fa4-a97d-d965ccfc6d4b" outcome="Passed" testListId="8c84fa94-04c1-424b-9868-57a2d4851a1d" relativeResultsDirectory="baf27c27-9e67-4fc0-9197-b5b374f21f22" />
    <UnitTestResult executionId="5d98a68a-c297-431f-8ea2-518618f6777c" testId="b7ec82f7-3497-4dc6-bb74-fbcde89b4ab4" testName="FormatToStringTest1000(1181.5773122979222d,&quot;1181.58 zł&quot;)" computerName="DESKTOP-5URQ9PB" duration="00:00:00.0000190" startTime="2022-06-13T21:13:44.9301424+02:00" endTime="2022-06-13T21:13:44.9301609+02:00" testType="13cdc9d9-ddb5-4fa4-a97d-d965ccfc6d4b" outcome="Passed" testListId="8c84fa94-04c1-424b-9868-57a2d4851a1d" relativeResultsDirectory="5d98a68a-c297-431f-8ea2-518618f6777c" />
    <UnitTestResult executionId="9c073675-ffc0-43ca-b917-91adc006a0f9" testId="17734bbb-2d3a-adb5-e319-0683f12164eb" testName="FormatToStringTest1000(9816.961298880615d,&quot;9816.96 zł&quot;)" computerName="DESKTOP-5URQ9PB" duration="00:00:00.0000190" startTime="2022-06-13T21:13:44.9191344+02:00" endTime="2022-06-13T21:13:44.9191533+02:00" testType="13cdc9d9-ddb5-4fa4-a97d-d965ccfc6d4b" outcome="Passed" testListId="8c84fa94-04c1-424b-9868-57a2d4851a1d" relativeResultsDirectory="9c073675-ffc0-43ca-b917-91adc006a0f9" />
    <UnitTestResult executionId="c912a469-968f-4af9-a6b1-d1278bdf42fb" testId="abb79c21-cbdf-18a9-eb27-48d7cd452ee8" testName="FormatToStringTest1000(28972.23604401212d,&quot;28972.24 zł&quot;)" computerName="DESKTOP-5URQ9PB" duration="00:00:00.0000190" startTime="2022-06-13T21:13:44.9344724+02:00" endTime="2022-06-13T21:13:44.9344916+02:00" testType="13cdc9d9-ddb5-4fa4-a97d-d965ccfc6d4b" outcome="Passed" testListId="8c84fa94-04c1-424b-9868-57a2d4851a1d" relativeResultsDirectory="c912a469-968f-4af9-a6b1-d1278bdf42fb" />
    <UnitTestResult executionId="2b22f254-743f-40c0-8342-9ad6c6f1be13" testId="03e5974c-7aa0-7aa6-bbeb-a5715ea0d1d7" testName="FormatToStringTest1000(13541.45472935096d,&quot;13541.45 zł&quot;)" computerName="DESKTOP-5URQ9PB" duration="00:00:00.0000190" startTime="2022-06-13T21:13:44.9349419+02:00" endTime="2022-06-13T21:13:44.9349602+02:00" testType="13cdc9d9-ddb5-4fa4-a97d-d965ccfc6d4b" outcome="Passed" testListId="8c84fa94-04c1-424b-9868-57a2d4851a1d" relativeResultsDirectory="2b22f254-743f-40c0-8342-9ad6c6f1be13" />
    <UnitTestResult executionId="919a70f2-7855-4385-aa76-5e612921a441" testId="024506f9-eb28-1802-65f5-4eafd9fc8776" testName="FormatToStringTest1000(6105.007054037418d,&quot;6105.01 zł&quot;)" computerName="DESKTOP-5URQ9PB" duration="00:00:00.0000180" startTime="2022-06-13T21:13:44.9346749+02:00" endTime="2022-06-13T21:13:44.9346931+02:00" testType="13cdc9d9-ddb5-4fa4-a97d-d965ccfc6d4b" outcome="Passed" testListId="8c84fa94-04c1-424b-9868-57a2d4851a1d" relativeResultsDirectory="919a70f2-7855-4385-aa76-5e612921a441" />
    <UnitTestResult executionId="57db2ee7-1dba-4dfd-88f9-d8540e4439bd" testId="d0b4fe44-6c66-e0d0-90f7-7f93ef97fe01" testName="FormatToStringTest1000(14172.682747822573d,&quot;14172.68 zł&quot;)" computerName="DESKTOP-5URQ9PB" duration="00:00:00.0000200" startTime="2022-06-13T21:13:44.9195730+02:00" endTime="2022-06-13T21:13:44.9195929+02:00" testType="13cdc9d9-ddb5-4fa4-a97d-d965ccfc6d4b" outcome="Passed" testListId="8c84fa94-04c1-424b-9868-57a2d4851a1d" relativeResultsDirectory="57db2ee7-1dba-4dfd-88f9-d8540e4439bd" />
    <UnitTestResult executionId="5fb8a874-0ce4-4538-9f44-55048b5845ee" testId="a4d82a7a-0101-77be-aadf-7ad891442135" testName="FormatToStringTest1000(35967.54466809684d,&quot;35967.54 zł&quot;)" computerName="DESKTOP-5URQ9PB" duration="00:00:00.0000190" startTime="2022-06-13T21:13:44.9368980+02:00" endTime="2022-06-13T21:13:44.9369171+02:00" testType="13cdc9d9-ddb5-4fa4-a97d-d965ccfc6d4b" outcome="Passed" testListId="8c84fa94-04c1-424b-9868-57a2d4851a1d" relativeResultsDirectory="5fb8a874-0ce4-4538-9f44-55048b5845ee" />
    <UnitTestResult executionId="652a71f0-84e7-4710-863d-0795b50f9ec4" testId="ebee2a3c-e88d-7c65-2391-8d47991a3a48" testName="FormatToStringTest1000(31799.68317462815d,&quot;31799.68 zł&quot;)" computerName="DESKTOP-5URQ9PB" duration="00:00:00.0000190" startTime="2022-06-13T21:13:44.9330450+02:00" endTime="2022-06-13T21:13:44.9330639+02:00" testType="13cdc9d9-ddb5-4fa4-a97d-d965ccfc6d4b" outcome="Passed" testListId="8c84fa94-04c1-424b-9868-57a2d4851a1d" relativeResultsDirectory="652a71f0-84e7-4710-863d-0795b50f9ec4" />
    <UnitTestResult executionId="76cbc5b3-e304-40e2-9dcf-f06c3ee105b5" testId="e46dbe14-100d-b571-9fb5-196347dd96ac" testName="FormatToStringTest1000(64490.52771614982d,&quot;64490.53 zł&quot;)" computerName="DESKTOP-5URQ9PB" duration="00:00:00.0000200" startTime="2022-06-13T21:13:44.9294379+02:00" endTime="2022-06-13T21:13:44.9294572+02:00" testType="13cdc9d9-ddb5-4fa4-a97d-d965ccfc6d4b" outcome="Passed" testListId="8c84fa94-04c1-424b-9868-57a2d4851a1d" relativeResultsDirectory="76cbc5b3-e304-40e2-9dcf-f06c3ee105b5" />
    <UnitTestResult executionId="b6f63c38-3c37-4090-aaf3-32e2ffcfed9c" testId="c02eb5c0-31bb-eec0-3d85-1a1ef8849db8" testName="FormatToStringTest1000(37954.34384365396d,&quot;37954.34 zł&quot;)" computerName="DESKTOP-5URQ9PB" duration="00:00:00.0000190" startTime="2022-06-13T21:13:44.9393201+02:00" endTime="2022-06-13T21:13:44.9393392+02:00" testType="13cdc9d9-ddb5-4fa4-a97d-d965ccfc6d4b" outcome="Passed" testListId="8c84fa94-04c1-424b-9868-57a2d4851a1d" relativeResultsDirectory="b6f63c38-3c37-4090-aaf3-32e2ffcfed9c" />
    <UnitTestResult executionId="7b1f391d-cb7d-4f6b-8371-b5aafe01d85f" testId="45e81eff-7762-2319-5d11-e20e90ac1295" testName="FormatToStringTest1000(29796.909338079815d,&quot;29796.91 zł&quot;)" computerName="DESKTOP-5URQ9PB" duration="00:00:00.0000190" startTime="2022-06-13T21:13:44.9431802+02:00" endTime="2022-06-13T21:13:44.9431987+02:00" testType="13cdc9d9-ddb5-4fa4-a97d-d965ccfc6d4b" outcome="Passed" testListId="8c84fa94-04c1-424b-9868-57a2d4851a1d" relativeResultsDirectory="7b1f391d-cb7d-4f6b-8371-b5aafe01d85f" />
    <UnitTestResult executionId="881f1ea0-d5ab-4fc6-8980-fdbf162188eb" testId="35e23acf-2036-4d69-e77b-27d58a55d61b" testName="FormatToStringTest1000(10457.593086045978d,&quot;10457.59 zł&quot;)" computerName="DESKTOP-5URQ9PB" duration="00:00:00.0000190" startTime="2022-06-13T21:13:44.9311351+02:00" endTime="2022-06-13T21:13:44.9311536+02:00" testType="13cdc9d9-ddb5-4fa4-a97d-d965ccfc6d4b" outcome="Passed" testListId="8c84fa94-04c1-424b-9868-57a2d4851a1d" relativeResultsDirectory="881f1ea0-d5ab-4fc6-8980-fdbf162188eb" />
    <UnitTestResult executionId="0548be22-0d0c-43b2-bb33-e01daef2f711" testId="96b3d30f-d6cb-f987-10e4-934fbe7403b3" testName="FormatToStringTest1000(6958.393354767186d,&quot;6958.39 zł&quot;)" computerName="DESKTOP-5URQ9PB" duration="00:00:00.0000190" startTime="2022-06-13T21:13:44.9190332+02:00" endTime="2022-06-13T21:13:44.9190520+02:00" testType="13cdc9d9-ddb5-4fa4-a97d-d965ccfc6d4b" outcome="Passed" testListId="8c84fa94-04c1-424b-9868-57a2d4851a1d" relativeResultsDirectory="0548be22-0d0c-43b2-bb33-e01daef2f711" />
    <UnitTestResult executionId="8fc9675a-2130-4f76-8132-dc9bd8121e27" testId="b7b5c3d9-6be3-63ed-4bf9-77972c7bde14" testName="FormatToStringTest1000(1745.490603896552d,&quot;1745.49 zł&quot;)" computerName="DESKTOP-5URQ9PB" duration="00:00:00.0000180" startTime="2022-06-13T21:13:44.9240991+02:00" endTime="2022-06-13T21:13:44.9241173+02:00" testType="13cdc9d9-ddb5-4fa4-a97d-d965ccfc6d4b" outcome="Passed" testListId="8c84fa94-04c1-424b-9868-57a2d4851a1d" relativeResultsDirectory="8fc9675a-2130-4f76-8132-dc9bd8121e27" />
    <UnitTestResult executionId="3593bc17-6269-4846-85cd-fca01f81771c" testId="113c211f-ff70-231a-7b9d-03413cd134d7" testName="FormatToStringTest1000(19500.031951036784d,&quot;19500.03 zł&quot;)" computerName="DESKTOP-5URQ9PB" duration="00:00:00.0000190" startTime="2022-06-13T21:13:44.9228715+02:00" endTime="2022-06-13T21:13:44.9228897+02:00" testType="13cdc9d9-ddb5-4fa4-a97d-d965ccfc6d4b" outcome="Passed" testListId="8c84fa94-04c1-424b-9868-57a2d4851a1d" relativeResultsDirectory="3593bc17-6269-4846-85cd-fca01f81771c" />
    <UnitTestResult executionId="95d17e92-a177-4f29-af9f-e94eb8997105" testId="a66db8ec-8bb4-14b5-d72b-619fdbf967a5" testName="FormatToStringTest1000(75350.77330865282d,&quot;75350.77 zł&quot;)" computerName="DESKTOP-5URQ9PB" duration="00:00:00.0000180" startTime="2022-06-13T21:13:44.9211148+02:00" endTime="2022-06-13T21:13:44.9211331+02:00" testType="13cdc9d9-ddb5-4fa4-a97d-d965ccfc6d4b" outcome="Passed" testListId="8c84fa94-04c1-424b-9868-57a2d4851a1d" relativeResultsDirectory="95d17e92-a177-4f29-af9f-e94eb8997105" />
    <UnitTestResult executionId="55890814-42ff-4267-8643-9a400be4ad10" testId="9aef4d88-299a-c26b-3a27-57af3cba67d3" testName="FormatToStringTest1000(10527.083945901639d,&quot;10527.08 zł&quot;)" computerName="DESKTOP-5URQ9PB" duration="00:00:00.0000200" startTime="2022-06-13T21:13:44.9382391+02:00" endTime="2022-06-13T21:13:44.9382587+02:00" testType="13cdc9d9-ddb5-4fa4-a97d-d965ccfc6d4b" outcome="Passed" testListId="8c84fa94-04c1-424b-9868-57a2d4851a1d" relativeResultsDirectory="55890814-42ff-4267-8643-9a400be4ad10" />
    <UnitTestResult executionId="7a1b20b5-6fe0-4c7c-bc84-2c948e94e874" testId="ba3d44ab-713b-26da-eeee-600e16cfe130" testName="FormatToStringTest1000(30385.72086375613d,&quot;30385.72 zł&quot;)" computerName="DESKTOP-5URQ9PB" duration="00:00:00.0000180" startTime="2022-06-13T21:13:44.9403788+02:00" endTime="2022-06-13T21:13:44.9403970+02:00" testType="13cdc9d9-ddb5-4fa4-a97d-d965ccfc6d4b" outcome="Passed" testListId="8c84fa94-04c1-424b-9868-57a2d4851a1d" relativeResultsDirectory="7a1b20b5-6fe0-4c7c-bc84-2c948e94e874" />
    <UnitTestResult executionId="5bd4f927-8078-40df-ba0a-8cdfe71bc39a" testId="c799afbc-d101-a624-f73a-4e94981b0f2a" testName="FormatToStringTest1000(6820.105136090938d,&quot;6820.11 zł&quot;)" computerName="DESKTOP-5URQ9PB" duration="00:00:00.0000180" startTime="2022-06-13T21:13:44.9394225+02:00" endTime="2022-06-13T21:13:44.9394408+02:00" testType="13cdc9d9-ddb5-4fa4-a97d-d965ccfc6d4b" outcome="Passed" testListId="8c84fa94-04c1-424b-9868-57a2d4851a1d" relativeResultsDirectory="5bd4f927-8078-40df-ba0a-8cdfe71bc39a" />
    <UnitTestResult executionId="d0157ec3-ea95-487e-b399-b4db2024e787" testId="e2350845-1f3f-6907-3805-d81b5dce3aed" testName="FormatToStringTest1000(32908.76696502639d,&quot;32908.77 zł&quot;)" computerName="DESKTOP-5URQ9PB" duration="00:00:00.0000180" startTime="2022-06-13T21:13:44.9245748+02:00" endTime="2022-06-13T21:13:44.9245930+02:00" testType="13cdc9d9-ddb5-4fa4-a97d-d965ccfc6d4b" outcome="Passed" testListId="8c84fa94-04c1-424b-9868-57a2d4851a1d" relativeResultsDirectory="d0157ec3-ea95-487e-b399-b4db2024e787" />
    <UnitTestResult executionId="9fbb2e8c-08e6-4572-87b6-5391390122bf" testId="4951aa5a-960f-b892-8f82-3d3748c1e3da" testName="FormatToStringTest1000(17232.486162219426d,&quot;17232.49 zł&quot;)" computerName="DESKTOP-5URQ9PB" duration="00:00:00.0000190" startTime="2022-06-13T21:13:44.9261603+02:00" endTime="2022-06-13T21:13:44.9261790+02:00" testType="13cdc9d9-ddb5-4fa4-a97d-d965ccfc6d4b" outcome="Passed" testListId="8c84fa94-04c1-424b-9868-57a2d4851a1d" relativeResultsDirectory="9fbb2e8c-08e6-4572-87b6-5391390122bf" />
    <UnitTestResult executionId="dc45af51-7625-406d-897e-0914e8d7dbe5" testId="546fc2ea-9df5-50bd-d263-31b0a2faf8aa" testName="FormatToStringTest1000(72905.64834432845d,&quot;72905.65 zł&quot;)" computerName="DESKTOP-5URQ9PB" duration="00:00:00.0000190" startTime="2022-06-13T21:13:44.9375000+02:00" endTime="2022-06-13T21:13:44.9375188+02:00" testType="13cdc9d9-ddb5-4fa4-a97d-d965ccfc6d4b" outcome="Passed" testListId="8c84fa94-04c1-424b-9868-57a2d4851a1d" relativeResultsDirectory="dc45af51-7625-406d-897e-0914e8d7dbe5" />
    <UnitTestResult executionId="2c911eaf-681f-4f91-9755-da0332414019" testId="32b6919d-1fc0-c669-26d4-2a969f5a55fe" testName="FormatToStringTest1000(14198.39903067723d,&quot;14198.40 zł&quot;)" computerName="DESKTOP-5URQ9PB" duration="00:00:00.0000190" startTime="2022-06-13T21:13:44.9425237+02:00" endTime="2022-06-13T21:13:44.9425420+02:00" testType="13cdc9d9-ddb5-4fa4-a97d-d965ccfc6d4b" outcome="Passed" testListId="8c84fa94-04c1-424b-9868-57a2d4851a1d" relativeResultsDirectory="2c911eaf-681f-4f91-9755-da0332414019" />
    <UnitTestResult executionId="606de3ac-7491-4980-8236-ea8eb2dc8563" testId="0978a2bb-d483-0479-bb70-260f687971c0" testName="FormatToStringTest1000(17031.365705376662d,&quot;17031.37 zł&quot;)" computerName="DESKTOP-5URQ9PB" duration="00:00:00.0000190" startTime="2022-06-13T21:13:44.9299941+02:00" endTime="2022-06-13T21:13:44.9300125+02:00" testType="13cdc9d9-ddb5-4fa4-a97d-d965ccfc6d4b" outcome="Passed" testListId="8c84fa94-04c1-424b-9868-57a2d4851a1d" relativeResultsDirectory="606de3ac-7491-4980-8236-ea8eb2dc8563" />
    <UnitTestResult executionId="5d0a2f79-2add-442d-a73b-9938f3e87409" testId="257cee71-ac96-77a9-908c-68bd8420739c" testName="FormatToStringTest1000(95071.15957335343d,&quot;95071.16 zł&quot;)" computerName="DESKTOP-5URQ9PB" duration="00:00:00.0000190" startTime="2022-06-13T21:13:44.9354687+02:00" endTime="2022-06-13T21:13:44.9354872+02:00" testType="13cdc9d9-ddb5-4fa4-a97d-d965ccfc6d4b" outcome="Passed" testListId="8c84fa94-04c1-424b-9868-57a2d4851a1d" relativeResultsDirectory="5d0a2f79-2add-442d-a73b-9938f3e87409" />
    <UnitTestResult executionId="50f9548c-6b2e-4959-8e8e-7876df489ccb" testId="4d3ac1b1-3fbf-8e2e-a5b3-6011afbd1d48" testName="FormatToStringTest1000(1751.7703038522834d,&quot;1751.77 zł&quot;)" computerName="DESKTOP-5URQ9PB" duration="00:00:00.0000180" startTime="2022-06-13T21:13:44.9310346+02:00" endTime="2022-06-13T21:13:44.9310527+02:00" testType="13cdc9d9-ddb5-4fa4-a97d-d965ccfc6d4b" outcome="Passed" testListId="8c84fa94-04c1-424b-9868-57a2d4851a1d" relativeResultsDirectory="50f9548c-6b2e-4959-8e8e-7876df489ccb" />
    <UnitTestResult executionId="b58ac13e-1c2b-46a1-a513-84158cd15e70" testId="ea15b94d-4a9c-5bee-a95c-770e518c855b" testName="FormatToStringTest1000(24528.124092612474d,&quot;24528.12 zł&quot;)" computerName="DESKTOP-5URQ9PB" duration="00:00:00.0000200" startTime="2022-06-13T21:13:44.9267411+02:00" endTime="2022-06-13T21:13:44.9267614+02:00" testType="13cdc9d9-ddb5-4fa4-a97d-d965ccfc6d4b" outcome="Passed" testListId="8c84fa94-04c1-424b-9868-57a2d4851a1d" relativeResultsDirectory="b58ac13e-1c2b-46a1-a513-84158cd15e70" />
    <UnitTestResult executionId="7fcb8789-4e36-4942-a71c-c79a205ad36d" testId="5234899e-b699-a182-8741-15341fb350c8" testName="FormatToStringTest1000(16901.497392274203d,&quot;16901.50 zł&quot;)" computerName="DESKTOP-5URQ9PB" duration="00:00:00.0000190" startTime="2022-06-13T21:13:44.9342741+02:00" endTime="2022-06-13T21:13:44.9342924+02:00" testType="13cdc9d9-ddb5-4fa4-a97d-d965ccfc6d4b" outcome="Passed" testListId="8c84fa94-04c1-424b-9868-57a2d4851a1d" relativeResultsDirectory="7fcb8789-4e36-4942-a71c-c79a205ad36d" />
    <UnitTestResult executionId="53876a71-4993-4021-8338-e79fb3d4ab76" testId="40f4c03f-760c-5f9a-0d6d-791657138d6a" testName="FormatToStringTest1000(36760.171806480816d,&quot;36760.17 zł&quot;)" computerName="DESKTOP-5URQ9PB" duration="00:00:00.0000190" startTime="2022-06-13T21:13:44.9377850+02:00" endTime="2022-06-13T21:13:44.9378041+02:00" testType="13cdc9d9-ddb5-4fa4-a97d-d965ccfc6d4b" outcome="Passed" testListId="8c84fa94-04c1-424b-9868-57a2d4851a1d" relativeResultsDirectory="53876a71-4993-4021-8338-e79fb3d4ab76" />
    <UnitTestResult executionId="2b41f1bf-1b9e-44a9-864b-6037440562ac" testId="d8dcd89f-df1d-9e50-f8f8-844883603fea" testName="FormatToStringTest1000(3649.9254912836127d,&quot;3649.93 zł&quot;)" computerName="DESKTOP-5URQ9PB" duration="00:00:00.0000190" startTime="2022-06-13T21:13:44.9434055+02:00" endTime="2022-06-13T21:13:44.9434246+02:00" testType="13cdc9d9-ddb5-4fa4-a97d-d965ccfc6d4b" outcome="Passed" testListId="8c84fa94-04c1-424b-9868-57a2d4851a1d" relativeResultsDirectory="2b41f1bf-1b9e-44a9-864b-6037440562ac" />
    <UnitTestResult executionId="e329ecff-fe15-4dea-8dc8-e923c800aa5f" testId="c3298b2d-9863-1896-98e3-77805a105e1c" testName="FormatToStringTest1000(59283.48311990662d,&quot;59283.48 zł&quot;)" computerName="DESKTOP-5URQ9PB" duration="00:00:00.0000190" startTime="2022-06-13T21:13:44.9257869+02:00" endTime="2022-06-13T21:13:44.9258058+02:00" testType="13cdc9d9-ddb5-4fa4-a97d-d965ccfc6d4b" outcome="Passed" testListId="8c84fa94-04c1-424b-9868-57a2d4851a1d" relativeResultsDirectory="e329ecff-fe15-4dea-8dc8-e923c800aa5f" />
    <UnitTestResult executionId="71b56375-a43e-49d9-ba86-1469bd3545f8" testId="a2f90830-dfa6-05f0-71fa-365928f71cdd" testName="FormatToStringTest1000(20752.33758466334d,&quot;20752.34 zł&quot;)" computerName="DESKTOP-5URQ9PB" duration="00:00:00.0000190" startTime="2022-06-13T21:13:44.9272932+02:00" endTime="2022-06-13T21:13:44.9273119+02:00" testType="13cdc9d9-ddb5-4fa4-a97d-d965ccfc6d4b" outcome="Passed" testListId="8c84fa94-04c1-424b-9868-57a2d4851a1d" relativeResultsDirectory="71b56375-a43e-49d9-ba86-1469bd3545f8" />
    <UnitTestResult executionId="d55565e3-afa4-4ee8-88a0-4fe8c2bbf8be" testId="a461dd4d-6d71-3e10-f8bf-9d15ad34f5c8" testName="FormatToStringTest1000(36978.61073549213d,&quot;36978.61 zł&quot;)" computerName="DESKTOP-5URQ9PB" duration="00:00:00.0000200" startTime="2022-06-13T21:13:44.9379371+02:00" endTime="2022-06-13T21:13:44.9379570+02:00" testType="13cdc9d9-ddb5-4fa4-a97d-d965ccfc6d4b" outcome="Passed" testListId="8c84fa94-04c1-424b-9868-57a2d4851a1d" relativeResultsDirectory="d55565e3-afa4-4ee8-88a0-4fe8c2bbf8be" />
    <UnitTestResult executionId="9eb14562-7ffa-4cf9-afc1-23f11efb0c38" testId="64584126-c6a0-fbd7-9fe1-1a9b0d36c2b6" testName="FormatToStringTest1000(25794.833624416417d,&quot;25794.83 zł&quot;)" computerName="DESKTOP-5URQ9PB" duration="00:00:00.0000180" startTime="2022-06-13T21:13:44.9366694+02:00" endTime="2022-06-13T21:13:44.9366876+02:00" testType="13cdc9d9-ddb5-4fa4-a97d-d965ccfc6d4b" outcome="Passed" testListId="8c84fa94-04c1-424b-9868-57a2d4851a1d" relativeResultsDirectory="9eb14562-7ffa-4cf9-afc1-23f11efb0c38" />
    <UnitTestResult executionId="e34d0768-b0d5-4db5-af59-99d470f0d6a7" testId="9c48ba54-1163-2299-84d2-c7df2b4c3889" testName="FormatToStringTest1000(10227.532692039169d,&quot;10227.53 zł&quot;)" computerName="DESKTOP-5URQ9PB" duration="00:00:00.0000190" startTime="2022-06-13T21:13:44.9230948+02:00" endTime="2022-06-13T21:13:44.9231131+02:00" testType="13cdc9d9-ddb5-4fa4-a97d-d965ccfc6d4b" outcome="Passed" testListId="8c84fa94-04c1-424b-9868-57a2d4851a1d" relativeResultsDirectory="e34d0768-b0d5-4db5-af59-99d470f0d6a7" />
    <UnitTestResult executionId="2cb87a44-7e8f-46e6-aba1-882fa1706f73" testId="f057999f-37d3-2f7d-8c71-29439544f997" testName="FormatToStringTest1000(2115.5076919884923d,&quot;2115.51 zł&quot;)" computerName="DESKTOP-5URQ9PB" duration="00:00:00.0000190" startTime="2022-06-13T21:13:44.9415617+02:00" endTime="2022-06-13T21:13:44.9415801+02:00" testType="13cdc9d9-ddb5-4fa4-a97d-d965ccfc6d4b" outcome="Passed" testListId="8c84fa94-04c1-424b-9868-57a2d4851a1d" relativeResultsDirectory="2cb87a44-7e8f-46e6-aba1-882fa1706f73" />
    <UnitTestResult executionId="c36fe1ee-5f63-4387-925c-c88e31abe485" testId="764dde41-f2ed-c432-64e0-910368db710d" testName="FormatToStringTest1000(750.5106571719566d,&quot;750.51 zł&quot;)" computerName="DESKTOP-5URQ9PB" duration="00:00:00.0000250" startTime="2022-06-13T21:13:44.9417119+02:00" endTime="2022-06-13T21:13:44.9417364+02:00" testType="13cdc9d9-ddb5-4fa4-a97d-d965ccfc6d4b" outcome="Passed" testListId="8c84fa94-04c1-424b-9868-57a2d4851a1d" relativeResultsDirectory="c36fe1ee-5f63-4387-925c-c88e31abe485" />
    <UnitTestResult executionId="62d60b66-0ca7-4cc3-9471-925124c57c26" testId="5196bde9-6c75-174a-8f79-d717861ecd56" testName="FormatToStringTest1000(1687.5965557361937d,&quot;1687.60 zł&quot;)" computerName="DESKTOP-5URQ9PB" duration="00:00:00.0000200" startTime="2022-06-13T21:13:44.9309059+02:00" endTime="2022-06-13T21:13:44.9309254+02:00" testType="13cdc9d9-ddb5-4fa4-a97d-d965ccfc6d4b" outcome="Passed" testListId="8c84fa94-04c1-424b-9868-57a2d4851a1d" relativeResultsDirectory="62d60b66-0ca7-4cc3-9471-925124c57c26" />
    <UnitTestResult executionId="dc4b61c9-66fe-4287-9ce7-908949c5c11e" testId="a4a7e920-6be7-0270-88f5-4a528c0a4ff3" testName="FormatToStringTest1000(3030.9461949132133d,&quot;3030.95 zł&quot;)" computerName="DESKTOP-5URQ9PB" duration="00:00:00.0000190" startTime="2022-06-13T21:13:44.9290882+02:00" endTime="2022-06-13T21:13:44.9291074+02:00" testType="13cdc9d9-ddb5-4fa4-a97d-d965ccfc6d4b" outcome="Passed" testListId="8c84fa94-04c1-424b-9868-57a2d4851a1d" relativeResultsDirectory="dc4b61c9-66fe-4287-9ce7-908949c5c11e" />
    <UnitTestResult executionId="393fc951-36fe-4d36-90ef-ed00c69fb1e0" testId="97c96922-5169-8a4b-ec79-8c51fbb945f4" testName="FormatToStringTest1000(39314.52353688401d,&quot;39314.52 zł&quot;)" computerName="DESKTOP-5URQ9PB" duration="00:00:00.0000200" startTime="2022-06-13T21:13:44.9367481+02:00" endTime="2022-06-13T21:13:44.9367677+02:00" testType="13cdc9d9-ddb5-4fa4-a97d-d965ccfc6d4b" outcome="Passed" testListId="8c84fa94-04c1-424b-9868-57a2d4851a1d" relativeResultsDirectory="393fc951-36fe-4d36-90ef-ed00c69fb1e0" />
    <UnitTestResult executionId="1f8abdf2-3d27-49ba-8778-673531f97afb" testId="dbb1fa1a-a5ee-99ca-9749-48d31eb98113" testName="FormatToStringTest1000(25720.27551496321d,&quot;25720.28 zł&quot;)" computerName="DESKTOP-5URQ9PB" duration="00:00:00.0000190" startTime="2022-06-13T21:13:44.9249559+02:00" endTime="2022-06-13T21:13:44.9249750+02:00" testType="13cdc9d9-ddb5-4fa4-a97d-d965ccfc6d4b" outcome="Passed" testListId="8c84fa94-04c1-424b-9868-57a2d4851a1d" relativeResultsDirectory="1f8abdf2-3d27-49ba-8778-673531f97afb" />
    <UnitTestResult executionId="8f230e02-e32c-4c5c-b10b-41584fddf086" testId="80ed38c5-93c8-ab9c-2988-31b35fec47a3" testName="FormatToStringTest1000(22557.09603308099d,&quot;22557.10 zł&quot;)" computerName="DESKTOP-5URQ9PB" duration="00:00:00.0000190" startTime="2022-06-13T21:13:44.9268671+02:00" endTime="2022-06-13T21:13:44.9268859+02:00" testType="13cdc9d9-ddb5-4fa4-a97d-d965ccfc6d4b" outcome="Passed" testListId="8c84fa94-04c1-424b-9868-57a2d4851a1d" relativeResultsDirectory="8f230e02-e32c-4c5c-b10b-41584fddf086" />
    <UnitTestResult executionId="2c5e1dbb-3c93-4021-bd57-6ebc05530af3" testId="28ae16d9-787d-277c-8346-a2bcbe4da144" testName="FormatToStringTest1000(10914.360814625099d,&quot;10914.36 zł&quot;)" computerName="DESKTOP-5URQ9PB" duration="00:00:00.0000190" startTime="2022-06-13T21:13:44.9189567+02:00" endTime="2022-06-13T21:13:44.9189758+02:00" testType="13cdc9d9-ddb5-4fa4-a97d-d965ccfc6d4b" outcome="Passed" testListId="8c84fa94-04c1-424b-9868-57a2d4851a1d" relativeResultsDirectory="2c5e1dbb-3c93-4021-bd57-6ebc05530af3" />
    <UnitTestResult executionId="1cee05fa-27a7-41a0-a880-f05cb33de51b" testId="832e2e19-99a8-b743-8cd7-c0180c963ece" testName="FormatToStringTest1000(5140.16338917155d,&quot;5140.16 zł&quot;)" computerName="DESKTOP-5URQ9PB" duration="00:00:00.0000200" startTime="2022-06-13T21:13:44.9346991+02:00" endTime="2022-06-13T21:13:44.9347185+02:00" testType="13cdc9d9-ddb5-4fa4-a97d-d965ccfc6d4b" outcome="Passed" testListId="8c84fa94-04c1-424b-9868-57a2d4851a1d" relativeResultsDirectory="1cee05fa-27a7-41a0-a880-f05cb33de51b" />
    <UnitTestResult executionId="d46e0760-7ba9-4fc2-9ef5-abad34762408" testId="99d674fc-9d36-ee84-15f3-75180d0ffbf0" testName="FormatToStringTest1000(9818.257405763146d,&quot;9818.26 zł&quot;)" computerName="DESKTOP-5URQ9PB" duration="00:00:00.0000190" startTime="2022-06-13T21:13:44.9368727+02:00" endTime="2022-06-13T21:13:44.9368917+02:00" testType="13cdc9d9-ddb5-4fa4-a97d-d965ccfc6d4b" outcome="Passed" testListId="8c84fa94-04c1-424b-9868-57a2d4851a1d" relativeResultsDirectory="d46e0760-7ba9-4fc2-9ef5-abad34762408" />
    <UnitTestResult executionId="742f0f0e-70aa-493e-bd58-e52c92cf99b7" testId="7e773498-17b4-9b46-23f5-2783933d2759" testName="FormatToStringTest1000(37889.10086727193d,&quot;37889.10 zł&quot;)" computerName="DESKTOP-5URQ9PB" duration="00:00:00.0000190" startTime="2022-06-13T21:13:44.9215644+02:00" endTime="2022-06-13T21:13:44.9215837+02:00" testType="13cdc9d9-ddb5-4fa4-a97d-d965ccfc6d4b" outcome="Passed" testListId="8c84fa94-04c1-424b-9868-57a2d4851a1d" relativeResultsDirectory="742f0f0e-70aa-493e-bd58-e52c92cf99b7" />
    <UnitTestResult executionId="f697c5ec-31db-4138-bc1c-51753816185b" testId="bbb038e9-9a9b-9724-0ae6-d339784c9041" testName="FormatToStringTest1000(8644.187977380207d,&quot;8644.19 zł&quot;)" computerName="DESKTOP-5URQ9PB" duration="00:00:00.0000180" startTime="2022-06-13T21:13:44.9386391+02:00" endTime="2022-06-13T21:13:44.9386573+02:00" testType="13cdc9d9-ddb5-4fa4-a97d-d965ccfc6d4b" outcome="Passed" testListId="8c84fa94-04c1-424b-9868-57a2d4851a1d" relativeResultsDirectory="f697c5ec-31db-4138-bc1c-51753816185b" />
    <UnitTestResult executionId="6baed3ef-5ed4-4245-ab7c-ac55cfe8a6e9" testId="a8348a06-7119-4e51-65fc-4cd73de7f6cb" testName="FormatToStringTest1000(48684.26840475959d,&quot;48684.27 zł&quot;)" computerName="DESKTOP-5URQ9PB" duration="00:00:00.0000190" startTime="2022-06-13T21:13:44.9351413+02:00" endTime="2022-06-13T21:13:44.9351603+02:00" testType="13cdc9d9-ddb5-4fa4-a97d-d965ccfc6d4b" outcome="Passed" testListId="8c84fa94-04c1-424b-9868-57a2d4851a1d" relativeResultsDirectory="6baed3ef-5ed4-4245-ab7c-ac55cfe8a6e9" />
    <UnitTestResult executionId="cfee389b-9d09-4492-b6a9-248a115e23b0" testId="b5a90a67-8ab0-67af-7979-e040eeab7b97" testName="FormatToStringTest1000(20146.183073329827d,&quot;20146.18 zł&quot;)" computerName="DESKTOP-5URQ9PB" duration="00:00:00.0000200" startTime="2022-06-13T21:13:44.9237977+02:00" endTime="2022-06-13T21:13:44.9238172+02:00" testType="13cdc9d9-ddb5-4fa4-a97d-d965ccfc6d4b" outcome="Passed" testListId="8c84fa94-04c1-424b-9868-57a2d4851a1d" relativeResultsDirectory="cfee389b-9d09-4492-b6a9-248a115e23b0" />
    <UnitTestResult executionId="48ae7877-c0a1-4208-baf4-8750a4a7830b" testId="96aa3d29-1365-f48b-4ac9-cdc761ea41b1" testName="FormatToStringTest1000(6057.842750804426d,&quot;6057.84 zł&quot;)" computerName="DESKTOP-5URQ9PB" duration="00:00:00.0000190" startTime="2022-06-13T21:13:44.9221945+02:00" endTime="2022-06-13T21:13:44.9222129+02:00" testType="13cdc9d9-ddb5-4fa4-a97d-d965ccfc6d4b" outcome="Passed" testListId="8c84fa94-04c1-424b-9868-57a2d4851a1d" relativeResultsDirectory="48ae7877-c0a1-4208-baf4-8750a4a7830b" />
    <UnitTestResult executionId="2f2d19ed-59f6-488c-a86c-42a5b00c3077" testId="e6f60af7-eaed-5b55-816d-6d2a50c98932" testName="FormatToStringTest1000(29975.4018974022d,&quot;29975.40 zł&quot;)" computerName="DESKTOP-5URQ9PB" duration="00:00:00.0000190" startTime="2022-06-13T21:13:44.9383905+02:00" endTime="2022-06-13T21:13:44.9384088+02:00" testType="13cdc9d9-ddb5-4fa4-a97d-d965ccfc6d4b" outcome="Passed" testListId="8c84fa94-04c1-424b-9868-57a2d4851a1d" relativeResultsDirectory="2f2d19ed-59f6-488c-a86c-42a5b00c3077" />
    <UnitTestResult executionId="28b6b9f7-f571-4dbe-b896-bcd598242082" testId="9a124f11-40ca-d2aa-a849-6941897e0c0b" testName="FormatToStringTest1000(7076.829971250534d,&quot;7076.83 zł&quot;)" computerName="DESKTOP-5URQ9PB" duration="00:00:00.0000180" startTime="2022-06-13T21:13:44.9403054+02:00" endTime="2022-06-13T21:13:44.9403236+02:00" testType="13cdc9d9-ddb5-4fa4-a97d-d965ccfc6d4b" outcome="Passed" testListId="8c84fa94-04c1-424b-9868-57a2d4851a1d" relativeResultsDirectory="28b6b9f7-f571-4dbe-b896-bcd598242082" />
    <UnitTestResult executionId="b001f506-1b08-40cd-a038-5b26228160d0" testId="e384d116-33c4-57e3-344d-6dd941c8a721" testName="FormatToStringTest1000(30199.386730006612d,&quot;30199.39 zł&quot;)" computerName="DESKTOP-5URQ9PB" duration="00:00:00.0000190" startTime="2022-06-13T21:13:44.9409604+02:00" endTime="2022-06-13T21:13:44.9409789+02:00" testType="13cdc9d9-ddb5-4fa4-a97d-d965ccfc6d4b" outcome="Passed" testListId="8c84fa94-04c1-424b-9868-57a2d4851a1d" relativeResultsDirectory="b001f506-1b08-40cd-a038-5b26228160d0" />
    <UnitTestResult executionId="e8ca7fe0-c94b-43c9-8cd8-6323974fdc1b" testId="5220db90-feed-daf9-71ce-ce8aa9bc9232" testName="FormatToStringTest1000(1108.7197928823157d,&quot;1108.72 zł&quot;)" computerName="DESKTOP-5URQ9PB" duration="00:00:00.0000190" startTime="2022-06-13T21:13:44.9199134+02:00" endTime="2022-06-13T21:13:44.9199317+02:00" testType="13cdc9d9-ddb5-4fa4-a97d-d965ccfc6d4b" outcome="Passed" testListId="8c84fa94-04c1-424b-9868-57a2d4851a1d" relativeResultsDirectory="e8ca7fe0-c94b-43c9-8cd8-6323974fdc1b" />
    <UnitTestResult executionId="172689c7-def4-4041-a71c-dc994fcd2734" testId="bf09f141-5d04-1546-3599-f58a7debd81e" testName="FormatToStringTest1000(19783.413847500186d,&quot;19783.41 zł&quot;)" computerName="DESKTOP-5URQ9PB" duration="00:00:00.0000190" startTime="2022-06-13T21:13:44.9412605+02:00" endTime="2022-06-13T21:13:44.9412793+02:00" testType="13cdc9d9-ddb5-4fa4-a97d-d965ccfc6d4b" outcome="Passed" testListId="8c84fa94-04c1-424b-9868-57a2d4851a1d" relativeResultsDirectory="172689c7-def4-4041-a71c-dc994fcd2734" />
    <UnitTestResult executionId="5230beac-3ed0-427c-8ca2-e36cbd4e143a" testId="e073dcb9-6292-6a4c-9a77-75ed0e912310" testName="FormatToStringTest1000(42555.01416107594d,&quot;42555.01 zł&quot;)" computerName="DESKTOP-5URQ9PB" duration="00:00:00.0000200" startTime="2022-06-13T21:13:44.9336925+02:00" endTime="2022-06-13T21:13:44.9337118+02:00" testType="13cdc9d9-ddb5-4fa4-a97d-d965ccfc6d4b" outcome="Passed" testListId="8c84fa94-04c1-424b-9868-57a2d4851a1d" relativeResultsDirectory="5230beac-3ed0-427c-8ca2-e36cbd4e143a" />
    <UnitTestResult executionId="09b788d2-b986-4ee5-9cd6-4789aa608b83" testId="7bf7f3ca-374b-b9a9-53c4-47a8ad354e7e" testName="FormatToStringTest1000(6220.182014914314d,&quot;6220.18 zł&quot;)" computerName="DESKTOP-5URQ9PB" duration="00:00:00.0000190" startTime="2022-06-13T21:13:44.9353174+02:00" endTime="2022-06-13T21:13:44.9353366+02:00" testType="13cdc9d9-ddb5-4fa4-a97d-d965ccfc6d4b" outcome="Passed" testListId="8c84fa94-04c1-424b-9868-57a2d4851a1d" relativeResultsDirectory="09b788d2-b986-4ee5-9cd6-4789aa608b83" />
    <UnitTestResult executionId="6988fb27-2743-49e4-a74f-5ed90f15a9c3" testId="94726e39-ff6c-190e-418c-075986e08585" testName="FormatToStringTest1000(30020.248557890412d,&quot;30020.25 zł&quot;)" computerName="DESKTOP-5URQ9PB" duration="00:00:00.0000190" startTime="2022-06-13T21:13:44.9346248+02:00" endTime="2022-06-13T21:13:44.9346434+02:00" testType="13cdc9d9-ddb5-4fa4-a97d-d965ccfc6d4b" outcome="Passed" testListId="8c84fa94-04c1-424b-9868-57a2d4851a1d" relativeResultsDirectory="6988fb27-2743-49e4-a74f-5ed90f15a9c3" />
    <UnitTestResult executionId="c5c03e75-8c74-404f-a404-73a1a15ad2fe" testId="d377bd87-4eea-3f7f-c041-91df35d9ea10" testName="FormatToStringTest1000(6173.0243155793405d,&quot;6173.02 zł&quot;)" computerName="DESKTOP-5URQ9PB" duration="00:00:00.0000190" startTime="2022-06-13T21:13:44.9346496+02:00" endTime="2022-06-13T21:13:44.9346686+02:00" testType="13cdc9d9-ddb5-4fa4-a97d-d965ccfc6d4b" outcome="Passed" testListId="8c84fa94-04c1-424b-9868-57a2d4851a1d" relativeResultsDirectory="c5c03e75-8c74-404f-a404-73a1a15ad2fe" />
    <UnitTestResult executionId="10b26a52-7942-4846-bfd8-5a7931324129" testId="ed2b1e2d-f079-ec9f-030f-6c4deaa52702" testName="FormatToStringTest1000(19462.729986486367d,&quot;19462.73 zł&quot;)" computerName="DESKTOP-5URQ9PB" duration="00:00:00.0000190" startTime="2022-06-13T21:13:44.9359252+02:00" endTime="2022-06-13T21:13:44.9359436+02:00" testType="13cdc9d9-ddb5-4fa4-a97d-d965ccfc6d4b" outcome="Passed" testListId="8c84fa94-04c1-424b-9868-57a2d4851a1d" relativeResultsDirectory="10b26a52-7942-4846-bfd8-5a7931324129" />
    <UnitTestResult executionId="2e0b53f3-2869-49d2-b1b6-494bf5af4585" testId="04b5ae4a-9995-af19-61fb-019921680928" testName="FormatToStringTest1000(26162.532683261918d,&quot;26162.53 zł&quot;)" computerName="DESKTOP-5URQ9PB" duration="00:00:00.0000190" startTime="2022-06-13T21:13:44.9396710+02:00" endTime="2022-06-13T21:13:44.9396900+02:00" testType="13cdc9d9-ddb5-4fa4-a97d-d965ccfc6d4b" outcome="Passed" testListId="8c84fa94-04c1-424b-9868-57a2d4851a1d" relativeResultsDirectory="2e0b53f3-2869-49d2-b1b6-494bf5af4585" />
    <UnitTestResult executionId="e065f352-8aba-4f7d-ba74-e3545e1df77a" testId="b923c1df-de90-30ce-6175-be67d41806a2" testName="FormatToStringTest1000(58459.03113649601d,&quot;58459.03 zł&quot;)" computerName="DESKTOP-5URQ9PB" duration="00:00:00.0000200" startTime="2022-06-13T21:13:44.9345990+02:00" endTime="2022-06-13T21:13:44.9346185+02:00" testType="13cdc9d9-ddb5-4fa4-a97d-d965ccfc6d4b" outcome="Passed" testListId="8c84fa94-04c1-424b-9868-57a2d4851a1d" relativeResultsDirectory="e065f352-8aba-4f7d-ba74-e3545e1df77a" />
    <UnitTestResult executionId="14c36701-b751-44ab-8312-ce90d4299e8e" testId="1b5e4bdd-94b8-c181-30ec-747619ebfce8" testName="FormatToStringTest1000(12577.642620996872d,&quot;12577.64 zł&quot;)" computerName="DESKTOP-5URQ9PB" duration="00:00:00.0000180" startTime="2022-06-13T21:13:44.9229955+02:00" endTime="2022-06-13T21:13:44.9230137+02:00" testType="13cdc9d9-ddb5-4fa4-a97d-d965ccfc6d4b" outcome="Passed" testListId="8c84fa94-04c1-424b-9868-57a2d4851a1d" relativeResultsDirectory="14c36701-b751-44ab-8312-ce90d4299e8e" />
    <UnitTestResult executionId="f7bd0fbd-7e56-487d-a871-a65365a38a76" testId="fbe41254-a5bc-bdde-4d71-8c5eb07a0fb3" testName="FormatToStringTest1000(13197.65136269417d,&quot;13197.65 zł&quot;)" computerName="DESKTOP-5URQ9PB" duration="00:00:00.0000190" startTime="2022-06-13T21:13:44.9302421+02:00" endTime="2022-06-13T21:13:44.9302605+02:00" testType="13cdc9d9-ddb5-4fa4-a97d-d965ccfc6d4b" outcome="Passed" testListId="8c84fa94-04c1-424b-9868-57a2d4851a1d" relativeResultsDirectory="f7bd0fbd-7e56-487d-a871-a65365a38a76" />
    <UnitTestResult executionId="d094572e-2dd9-487d-95ae-c5c6e1eac184" testId="2f443958-bb91-68f7-90b6-2eae1e3219b3" testName="FormatToStringTest1000(26207.03715363659d,&quot;26207.04 zł&quot;)" computerName="DESKTOP-5URQ9PB" duration="00:00:00.0000190" startTime="2022-06-13T21:13:44.9236680+02:00" endTime="2022-06-13T21:13:44.9236868+02:00" testType="13cdc9d9-ddb5-4fa4-a97d-d965ccfc6d4b" outcome="Passed" testListId="8c84fa94-04c1-424b-9868-57a2d4851a1d" relativeResultsDirectory="d094572e-2dd9-487d-95ae-c5c6e1eac184" />
    <UnitTestResult executionId="22969151-3ef1-4a18-8cac-b7939ebe3b4d" testId="bf1576c7-03bd-feeb-bbbd-0a36863eaddc" testName="FormatToStringTest1000(28502.61128259758d,&quot;28502.61 zł&quot;)" computerName="DESKTOP-5URQ9PB" duration="00:00:00.0000190" startTime="2022-06-13T21:13:44.9202618+02:00" endTime="2022-06-13T21:13:44.9202808+02:00" testType="13cdc9d9-ddb5-4fa4-a97d-d965ccfc6d4b" outcome="Passed" testListId="8c84fa94-04c1-424b-9868-57a2d4851a1d" relativeResultsDirectory="22969151-3ef1-4a18-8cac-b7939ebe3b4d" />
    <UnitTestResult executionId="8e489351-fece-4ca3-a293-4bb09bc029f5" testId="632ea7a5-ff19-c828-ab06-71f1c1ae0c57" testName="FormatToStringTest1000(15861.139287455073d,&quot;15861.14 zł&quot;)" computerName="DESKTOP-5URQ9PB" duration="00:00:00.0000180" startTime="2022-06-13T21:13:44.9263094+02:00" endTime="2022-06-13T21:13:44.9263278+02:00" testType="13cdc9d9-ddb5-4fa4-a97d-d965ccfc6d4b" outcome="Passed" testListId="8c84fa94-04c1-424b-9868-57a2d4851a1d" relativeResultsDirectory="8e489351-fece-4ca3-a293-4bb09bc029f5" />
    <UnitTestResult executionId="7c335408-d0ac-4ac8-bd5e-eff5b39c18bf" testId="2a24dcb9-e2e0-3650-3ac7-5ec77389adc1" testName="FormatToStringTest1000(5835.26176155557d,&quot;5835.26 zł&quot;)" computerName="DESKTOP-5URQ9PB" duration="00:00:00.0000190" startTime="2022-06-13T21:13:44.9337744+02:00" endTime="2022-06-13T21:13:44.9337932+02:00" testType="13cdc9d9-ddb5-4fa4-a97d-d965ccfc6d4b" outcome="Passed" testListId="8c84fa94-04c1-424b-9868-57a2d4851a1d" relativeResultsDirectory="7c335408-d0ac-4ac8-bd5e-eff5b39c18bf" />
    <UnitTestResult executionId="60bab3a8-f771-4c71-9925-eea444628586" testId="209edf4d-3b12-5a43-fec0-fca0d1a4ea6d" testName="FormatToStringTest1000(30383.303633991305d,&quot;30383.30 zł&quot;)" computerName="DESKTOP-5URQ9PB" duration="00:00:00.0000190" startTime="2022-06-13T21:13:44.9414357+02:00" endTime="2022-06-13T21:13:44.9414543+02:00" testType="13cdc9d9-ddb5-4fa4-a97d-d965ccfc6d4b" outcome="Passed" testListId="8c84fa94-04c1-424b-9868-57a2d4851a1d" relativeResultsDirectory="60bab3a8-f771-4c71-9925-eea444628586" />
    <UnitTestResult executionId="304c34a6-5840-495b-bdd2-e4a39a6b9772" testId="b972bb3a-6c4e-4339-3ada-7c478c5f6ecf" testName="FormatToStringTest1000(11157.981051815665d,&quot;11157.98 zł&quot;)" computerName="DESKTOP-5URQ9PB" duration="00:00:00.0000190" startTime="2022-06-13T21:13:44.9291136+02:00" endTime="2022-06-13T21:13:44.9291319+02:00" testType="13cdc9d9-ddb5-4fa4-a97d-d965ccfc6d4b" outcome="Passed" testListId="8c84fa94-04c1-424b-9868-57a2d4851a1d" relativeResultsDirectory="304c34a6-5840-495b-bdd2-e4a39a6b9772" />
    <UnitTestResult executionId="20573c94-405a-488c-a550-721376d59cb2" testId="5eb51ac6-bd9f-5d8a-8a44-d83118d83beb" testName="FormatToStringTest1000(11175.438820935526d,&quot;11175.44 zł&quot;)" computerName="DESKTOP-5URQ9PB" duration="00:00:00.0000190" startTime="2022-06-13T21:13:44.9238738+02:00" endTime="2022-06-13T21:13:44.9238925+02:00" testType="13cdc9d9-ddb5-4fa4-a97d-d965ccfc6d4b" outcome="Passed" testListId="8c84fa94-04c1-424b-9868-57a2d4851a1d" relativeResultsDirectory="20573c94-405a-488c-a550-721376d59cb2" />
    <UnitTestResult executionId="23b9b674-cb72-48ba-8698-d88f56ee3230" testId="a8b1a1f3-a70e-7194-337a-f959c6974971" testName="FormatToStringTest1000(17418.31302247863d,&quot;17418.31 zł&quot;)" computerName="DESKTOP-5URQ9PB" duration="00:00:00.0000190" startTime="2022-06-13T21:13:44.9266363+02:00" endTime="2022-06-13T21:13:44.9266549+02:00" testType="13cdc9d9-ddb5-4fa4-a97d-d965ccfc6d4b" outcome="Passed" testListId="8c84fa94-04c1-424b-9868-57a2d4851a1d" relativeResultsDirectory="23b9b674-cb72-48ba-8698-d88f56ee3230" />
    <UnitTestResult executionId="58666e8f-d97e-4ac2-9ad5-937a77278a0f" testId="39c7a244-b75e-9f86-9d15-adfafecd21ca" testName="FormatToStringTest1000(5548.360986085777d,&quot;5548.36 zł&quot;)" computerName="DESKTOP-5URQ9PB" duration="00:00:00.0000180" startTime="2022-06-13T21:13:44.9343738+02:00" endTime="2022-06-13T21:13:44.9343920+02:00" testType="13cdc9d9-ddb5-4fa4-a97d-d965ccfc6d4b" outcome="Passed" testListId="8c84fa94-04c1-424b-9868-57a2d4851a1d" relativeResultsDirectory="58666e8f-d97e-4ac2-9ad5-937a77278a0f" />
    <UnitTestResult executionId="86f2d519-d49b-49a9-89c0-23f4e552e477" testId="a888e7ea-dbd1-07c6-66f1-9d366fb67e32" testName="FormatToStringTest1000(14712.754747761765d,&quot;14712.75 zł&quot;)" computerName="DESKTOP-5URQ9PB" duration="00:00:00.0000190" startTime="2022-06-13T21:13:44.9389194+02:00" endTime="2022-06-13T21:13:44.9389379+02:00" testType="13cdc9d9-ddb5-4fa4-a97d-d965ccfc6d4b" outcome="Passed" testListId="8c84fa94-04c1-424b-9868-57a2d4851a1d" relativeResultsDirectory="86f2d519-d49b-49a9-89c0-23f4e552e477" />
    <UnitTestResult executionId="689b3c62-a7a2-4a2c-9ada-5ee89ba8f304" testId="2f906df4-9555-6f9b-9ae5-24f39050321b" testName="FormatToStringTest1000(13323.876109275909d,&quot;13323.88 zł&quot;)" computerName="DESKTOP-5URQ9PB" duration="00:00:00.0000190" startTime="2022-06-13T21:13:44.9405294+02:00" endTime="2022-06-13T21:13:44.9405479+02:00" testType="13cdc9d9-ddb5-4fa4-a97d-d965ccfc6d4b" outcome="Passed" testListId="8c84fa94-04c1-424b-9868-57a2d4851a1d" relativeResultsDirectory="689b3c62-a7a2-4a2c-9ada-5ee89ba8f304" />
    <UnitTestResult executionId="ea57f83a-35a4-4e68-bd0a-4f239ed0cc60" testId="6e94a57e-5259-7bdc-f138-c47a49ede1a1" testName="FormatToStringTest1000(14218.204344010543d,&quot;14218.20 zł&quot;)" computerName="DESKTOP-5URQ9PB" duration="00:00:00.0000190" startTime="2022-06-13T21:13:44.9398791+02:00" endTime="2022-06-13T21:13:44.9398982+02:00" testType="13cdc9d9-ddb5-4fa4-a97d-d965ccfc6d4b" outcome="Passed" testListId="8c84fa94-04c1-424b-9868-57a2d4851a1d" relativeResultsDirectory="ea57f83a-35a4-4e68-bd0a-4f239ed0cc60" />
    <UnitTestResult executionId="ce41f460-5054-4ecb-b60c-14bfe2b5562a" testId="e88588cc-8ef9-e4ad-51dd-2a16e11570f5" testName="FormatToStringTest1000(6809.40195803037d,&quot;6809.40 zł&quot;)" computerName="DESKTOP-5URQ9PB" duration="00:00:00.0001590" startTime="2022-06-13T21:13:44.9186878+02:00" endTime="2022-06-13T21:13:44.9188462+02:00" testType="13cdc9d9-ddb5-4fa4-a97d-d965ccfc6d4b" outcome="Passed" testListId="8c84fa94-04c1-424b-9868-57a2d4851a1d" relativeResultsDirectory="ce41f460-5054-4ecb-b60c-14bfe2b5562a" />
    <UnitTestResult executionId="60834ca6-5f33-4d48-b0ac-061ffbbe0390" testId="c74c54e8-6590-d76d-eaee-baa60a589aef" testName="FormatToStringTest1000(15509.637406484986d,&quot;15509.64 zł&quot;)" computerName="DESKTOP-5URQ9PB" duration="00:00:00.0000190" startTime="2022-06-13T21:13:44.9223178+02:00" endTime="2022-06-13T21:13:44.9223361+02:00" testType="13cdc9d9-ddb5-4fa4-a97d-d965ccfc6d4b" outcome="Passed" testListId="8c84fa94-04c1-424b-9868-57a2d4851a1d" relativeResultsDirectory="60834ca6-5f33-4d48-b0ac-061ffbbe0390" />
    <UnitTestResult executionId="b402de35-b8a3-41e3-ae66-f38302c7e8c2" testId="62f72a9e-2ef3-be6d-f944-7dcdbad45b8b" testName="FormatToStringTest1000(23980.12943509646d,&quot;23980.13 zł&quot;)" computerName="DESKTOP-5URQ9PB" duration="00:00:00.0000190" startTime="2022-06-13T21:13:44.9225668+02:00" endTime="2022-06-13T21:13:44.9225856+02:00" testType="13cdc9d9-ddb5-4fa4-a97d-d965ccfc6d4b" outcome="Passed" testListId="8c84fa94-04c1-424b-9868-57a2d4851a1d" relativeResultsDirectory="b402de35-b8a3-41e3-ae66-f38302c7e8c2" />
    <UnitTestResult executionId="2193f3dc-13cd-49a7-9d2f-0c8c1a1888de" testId="c7b07fde-ab61-697a-6040-f2f4c1529d34" testName="FormatToStringTest1000(736.7398243680316d,&quot;736.74 zł&quot;)" computerName="DESKTOP-5URQ9PB" duration="00:00:00.0000190" startTime="2022-06-13T21:13:44.9201135+02:00" endTime="2022-06-13T21:13:44.9201319+02:00" testType="13cdc9d9-ddb5-4fa4-a97d-d965ccfc6d4b" outcome="Passed" testListId="8c84fa94-04c1-424b-9868-57a2d4851a1d" relativeResultsDirectory="2193f3dc-13cd-49a7-9d2f-0c8c1a1888de" />
    <UnitTestResult executionId="05619ae6-2f49-4f45-bfe2-64875db7ac31" testId="d45e0a24-dbfe-46a9-68b0-8da0a6094838" testName="FormatToStringTest1000(20321.03715103913d,&quot;20321.04 zł&quot;)" computerName="DESKTOP-5URQ9PB" duration="00:00:00.0000190" startTime="2022-06-13T21:13:44.9280268+02:00" endTime="2022-06-13T21:13:44.9280451+02:00" testType="13cdc9d9-ddb5-4fa4-a97d-d965ccfc6d4b" outcome="Passed" testListId="8c84fa94-04c1-424b-9868-57a2d4851a1d" relativeResultsDirectory="05619ae6-2f49-4f45-bfe2-64875db7ac31" />
    <UnitTestResult executionId="ae751665-c6bb-4105-beef-16dd2d059350" testId="7875ceff-fafb-ef65-16f6-def9c021cbb8" testName="FormatToStringTest1000(11118.620997698335d,&quot;11118.62 zł&quot;)" computerName="DESKTOP-5URQ9PB" duration="00:00:00.0000190" startTime="2022-06-13T21:13:44.9294882+02:00" endTime="2022-06-13T21:13:44.9295073+02:00" testType="13cdc9d9-ddb5-4fa4-a97d-d965ccfc6d4b" outcome="Passed" testListId="8c84fa94-04c1-424b-9868-57a2d4851a1d" relativeResultsDirectory="ae751665-c6bb-4105-beef-16dd2d059350" />
    <UnitTestResult executionId="c043aa29-9298-434a-b9de-59bd601af79f" testId="4662df59-28c1-5a49-3a88-d0d7d9c3969d" testName="FormatToStringTest1000(87505.85936583664d,&quot;87505.86 zł&quot;)" computerName="DESKTOP-5URQ9PB" duration="00:00:00.0000190" startTime="2022-06-13T21:13:44.9316892+02:00" endTime="2022-06-13T21:13:44.9317077+02:00" testType="13cdc9d9-ddb5-4fa4-a97d-d965ccfc6d4b" outcome="Passed" testListId="8c84fa94-04c1-424b-9868-57a2d4851a1d" relativeResultsDirectory="c043aa29-9298-434a-b9de-59bd601af79f" />
    <UnitTestResult executionId="b52c239a-68c6-4fb3-bfe8-d0baa4ed9ab5" testId="84185e06-3828-77a5-d8c9-c2b462b8ff8c" testName="FormatToStringTest1000(2751.3751475258614d,&quot;2751.38 zł&quot;)" computerName="DESKTOP-5URQ9PB" duration="00:00:00.0000190" startTime="2022-06-13T21:13:44.9403544+02:00" endTime="2022-06-13T21:13:44.9403728+02:00" testType="13cdc9d9-ddb5-4fa4-a97d-d965ccfc6d4b" outcome="Passed" testListId="8c84fa94-04c1-424b-9868-57a2d4851a1d" relativeResultsDirectory="b52c239a-68c6-4fb3-bfe8-d0baa4ed9ab5" />
    <UnitTestResult executionId="a5d38858-4f4e-4e09-abcf-ca50ab9dbe07" testId="032648fc-0fdc-1a5c-ef88-d85403381c03" testName="FormatToStringTest1000(38803.03958246253d,&quot;38803.04 zł&quot;)" computerName="DESKTOP-5URQ9PB" duration="00:00:00.0000200" startTime="2022-06-13T21:13:44.9243227+02:00" endTime="2022-06-13T21:13:44.9243420+02:00" testType="13cdc9d9-ddb5-4fa4-a97d-d965ccfc6d4b" outcome="Passed" testListId="8c84fa94-04c1-424b-9868-57a2d4851a1d" relativeResultsDirectory="a5d38858-4f4e-4e09-abcf-ca50ab9dbe07" />
    <UnitTestResult executionId="e1a98398-763f-4f6a-96aa-5ce2d25e5500" testId="b643553f-2706-197d-9fb1-e9b050657f08" testName="FormatToStringTest1000(76106.57198894516d,&quot;76106.57 zł&quot;)" computerName="DESKTOP-5URQ9PB" duration="00:00:00.0000190" startTime="2022-06-13T21:13:44.9436109+02:00" endTime="2022-06-13T21:13:44.9436294+02:00" testType="13cdc9d9-ddb5-4fa4-a97d-d965ccfc6d4b" outcome="Passed" testListId="8c84fa94-04c1-424b-9868-57a2d4851a1d" relativeResultsDirectory="e1a98398-763f-4f6a-96aa-5ce2d25e5500" />
    <UnitTestResult executionId="492672a2-f190-49eb-bb15-2a25f46c2192" testId="e238789f-1332-cb64-de78-1a020fa88304" testName="FormatToStringTest1000(28861.97337596769d,&quot;28861.97 zł&quot;)" computerName="DESKTOP-5URQ9PB" duration="00:00:00.0000190" startTime="2022-06-13T21:13:44.9282273+02:00" endTime="2022-06-13T21:13:44.9282462+02:00" testType="13cdc9d9-ddb5-4fa4-a97d-d965ccfc6d4b" outcome="Passed" testListId="8c84fa94-04c1-424b-9868-57a2d4851a1d" relativeResultsDirectory="492672a2-f190-49eb-bb15-2a25f46c2192" />
    <UnitTestResult executionId="430131bc-48c2-4a31-807f-08606b4eab6a" testId="32711e52-56ae-2f9f-7aac-180402232486" testName="FormatToStringTest1000(27852.532163303127d,&quot;27852.53 zł&quot;)" computerName="DESKTOP-5URQ9PB" duration="00:00:00.0000180" startTime="2022-06-13T21:13:44.9334184+02:00" endTime="2022-06-13T21:13:44.9334366+02:00" testType="13cdc9d9-ddb5-4fa4-a97d-d965ccfc6d4b" outcome="Passed" testListId="8c84fa94-04c1-424b-9868-57a2d4851a1d" relativeResultsDirectory="430131bc-48c2-4a31-807f-08606b4eab6a" />
    <UnitTestResult executionId="f291e707-ea1d-44d9-9007-24cee76e0c3d" testId="f113347a-114d-883f-0643-fe2e125f5daa" testName="FormatToStringTest1000(16402.16316587206d,&quot;16402.16 zł&quot;)" computerName="DESKTOP-5URQ9PB" duration="00:00:00.0000190" startTime="2022-06-13T21:13:44.9304934+02:00" endTime="2022-06-13T21:13:44.9305118+02:00" testType="13cdc9d9-ddb5-4fa4-a97d-d965ccfc6d4b" outcome="Passed" testListId="8c84fa94-04c1-424b-9868-57a2d4851a1d" relativeResultsDirectory="f291e707-ea1d-44d9-9007-24cee76e0c3d" />
    <UnitTestResult executionId="3e9e5367-83ce-4977-a30b-a527ba3b3796" testId="eb4b3a2e-3867-f16d-1f8c-063517acc541" testName="FormatToStringTest1000(50413.517583300134d,&quot;50413.52 zł&quot;)" computerName="DESKTOP-5URQ9PB" duration="00:00:00.0000190" startTime="2022-06-13T21:13:44.9354178+02:00" endTime="2022-06-13T21:13:44.9354365+02:00" testType="13cdc9d9-ddb5-4fa4-a97d-d965ccfc6d4b" outcome="Passed" testListId="8c84fa94-04c1-424b-9868-57a2d4851a1d" relativeResultsDirectory="3e9e5367-83ce-4977-a30b-a527ba3b3796" />
    <UnitTestResult executionId="2604fa9b-a077-4bc0-b8e2-700cb547f77d" testId="85025e54-3d28-2e1a-ba9d-a38988743c83" testName="FormatToStringTest1000(75987.03378503352d,&quot;75987.03 zł&quot;)" computerName="DESKTOP-5URQ9PB" duration="00:00:00.0000190" startTime="2022-06-13T21:13:44.9376011+02:00" endTime="2022-06-13T21:13:44.9376202+02:00" testType="13cdc9d9-ddb5-4fa4-a97d-d965ccfc6d4b" outcome="Passed" testListId="8c84fa94-04c1-424b-9868-57a2d4851a1d" relativeResultsDirectory="2604fa9b-a077-4bc0-b8e2-700cb547f77d" />
    <UnitTestResult executionId="6a9fb094-a65d-4dd5-a46d-bf056d808859" testId="da69ab52-f883-eabf-8235-9cb66a514e58" testName="FormatToStringTest1000(19006.315459580772d,&quot;19006.32 zł&quot;)" computerName="DESKTOP-5URQ9PB" duration="00:00:00.0000180" startTime="2022-06-13T21:13:44.9298696+02:00" endTime="2022-06-13T21:13:44.9298880+02:00" testType="13cdc9d9-ddb5-4fa4-a97d-d965ccfc6d4b" outcome="Passed" testListId="8c84fa94-04c1-424b-9868-57a2d4851a1d" relativeResultsDirectory="6a9fb094-a65d-4dd5-a46d-bf056d808859" />
    <UnitTestResult executionId="6f992f93-5f56-4a32-980e-5602c2803fb5" testId="6348b4b0-49f7-9204-9791-fbfe727cb8b8" testName="FormatToStringTest1000(31424.298858482067d,&quot;31424.30 zł&quot;)" computerName="DESKTOP-5URQ9PB" duration="00:00:00.0000190" startTime="2022-06-13T21:13:44.9328217+02:00" endTime="2022-06-13T21:13:44.9328401+02:00" testType="13cdc9d9-ddb5-4fa4-a97d-d965ccfc6d4b" outcome="Passed" testListId="8c84fa94-04c1-424b-9868-57a2d4851a1d" relativeResultsDirectory="6f992f93-5f56-4a32-980e-5602c2803fb5" />
    <UnitTestResult executionId="34d4d995-4b7c-46f1-9a25-05e9cf854097" testId="341610ea-9bd8-25a4-90fc-740a57823f92" testName="FormatToStringTest1000(4648.492795337221d,&quot;4648.49 zł&quot;)" computerName="DESKTOP-5URQ9PB" duration="00:00:00.0000190" startTime="2022-06-13T21:13:44.9286546+02:00" endTime="2022-06-13T21:13:44.9286735+02:00" testType="13cdc9d9-ddb5-4fa4-a97d-d965ccfc6d4b" outcome="Passed" testListId="8c84fa94-04c1-424b-9868-57a2d4851a1d" relativeResultsDirectory="34d4d995-4b7c-46f1-9a25-05e9cf854097" />
    <UnitTestResult executionId="97177779-96e6-4fcb-be2d-5a87419ba65d" testId="1e5c078d-f94d-c926-473c-575e7ad77b95" testName="FormatToStringTest1000(2409.393997763001d,&quot;2409.39 zł&quot;)" computerName="DESKTOP-5URQ9PB" duration="00:00:00.0000190" startTime="2022-06-13T21:13:44.9223423+02:00" endTime="2022-06-13T21:13:44.9223611+02:00" testType="13cdc9d9-ddb5-4fa4-a97d-d965ccfc6d4b" outcome="Passed" testListId="8c84fa94-04c1-424b-9868-57a2d4851a1d" relativeResultsDirectory="97177779-96e6-4fcb-be2d-5a87419ba65d" />
    <UnitTestResult executionId="257c3548-52dc-4ef2-9e8c-d06c4478f77a" testId="fe527e8d-5e3e-18c1-ed37-cc075512021b" testName="FormatToStringTest1000(26858.35647848731d,&quot;26858.36 zł&quot;)" computerName="DESKTOP-5URQ9PB" duration="00:00:00.0000200" startTime="2022-06-13T21:13:44.9349664+02:00" endTime="2022-06-13T21:13:44.9349859+02:00" testType="13cdc9d9-ddb5-4fa4-a97d-d965ccfc6d4b" outcome="Passed" testListId="8c84fa94-04c1-424b-9868-57a2d4851a1d" relativeResultsDirectory="257c3548-52dc-4ef2-9e8c-d06c4478f77a" />
    <UnitTestResult executionId="2466b401-6d92-44d3-bdbd-e9db0e2f3c84" testId="ffb7284d-9149-6f2f-e2cd-12399f61de50" testName="FormatToStringTest1000(21893.78889296939d,&quot;21893.79 zł&quot;)" computerName="DESKTOP-5URQ9PB" duration="00:00:00.0000200" startTime="2022-06-13T21:13:44.9421973+02:00" endTime="2022-06-13T21:13:44.9422167+02:00" testType="13cdc9d9-ddb5-4fa4-a97d-d965ccfc6d4b" outcome="Passed" testListId="8c84fa94-04c1-424b-9868-57a2d4851a1d" relativeResultsDirectory="2466b401-6d92-44d3-bdbd-e9db0e2f3c84" />
    <UnitTestResult executionId="d7ef1e75-2250-4958-940b-19dc557d50ac" testId="d2a2118e-f836-73de-010f-9e6a0f9038b3" testName="FormatToStringTest1000(16161.963229990548d,&quot;16161.96 zł&quot;)" computerName="DESKTOP-5URQ9PB" duration="00:00:00.0000190" startTime="2022-06-13T21:13:44.9363975+02:00" endTime="2022-06-13T21:13:44.9364159+02:00" testType="13cdc9d9-ddb5-4fa4-a97d-d965ccfc6d4b" outcome="Passed" testListId="8c84fa94-04c1-424b-9868-57a2d4851a1d" relativeResultsDirectory="d7ef1e75-2250-4958-940b-19dc557d50ac" />
    <UnitTestResult executionId="5fda6b90-1b68-4f2b-94ce-06ed2911eff3" testId="4981a909-3e1a-e6df-4bdc-c1e8e4928845" testName="FormatToStringTest1000(33601.357302459124d,&quot;33601.36 zł&quot;)" computerName="DESKTOP-5URQ9PB" duration="00:00:00.0000190" startTime="2022-06-13T21:13:44.9421723+02:00" endTime="2022-06-13T21:13:44.9421912+02:00" testType="13cdc9d9-ddb5-4fa4-a97d-d965ccfc6d4b" outcome="Passed" testListId="8c84fa94-04c1-424b-9868-57a2d4851a1d" relativeResultsDirectory="5fda6b90-1b68-4f2b-94ce-06ed2911eff3" />
    <UnitTestResult executionId="08605f4e-57c1-4f70-b443-79dc77ae3440" testId="57ff7061-f165-0166-a6d9-95fdfc400dea" testName="FormatToStringTest1000(10324.538670147089d,&quot;10324.54 zł&quot;)" computerName="DESKTOP-5URQ9PB" duration="00:00:00.0000190" startTime="2022-06-13T21:13:44.9342243+02:00" endTime="2022-06-13T21:13:44.9342434+02:00" testType="13cdc9d9-ddb5-4fa4-a97d-d965ccfc6d4b" outcome="Passed" testListId="8c84fa94-04c1-424b-9868-57a2d4851a1d" relativeResultsDirectory="08605f4e-57c1-4f70-b443-79dc77ae3440" />
    <UnitTestResult executionId="8ab13b91-adfd-4e63-bfc9-ce583ebdc89b" testId="c9bdc46f-9c2d-d658-e774-72448865739f" testName="FormatToStringTest1000(5957.42161879941d,&quot;5957.42 zł&quot;)" computerName="DESKTOP-5URQ9PB" duration="00:00:00.0000190" startTime="2022-06-13T21:13:44.9355439+02:00" endTime="2022-06-13T21:13:44.9355632+02:00" testType="13cdc9d9-ddb5-4fa4-a97d-d965ccfc6d4b" outcome="Passed" testListId="8c84fa94-04c1-424b-9868-57a2d4851a1d" relativeResultsDirectory="8ab13b91-adfd-4e63-bfc9-ce583ebdc89b" />
    <UnitTestResult executionId="315df929-ae94-4902-8d48-59ac89a88c4f" testId="4f1f0a63-e0be-64e6-2c9f-87d58c623ce7" testName="FormatToStringTest1000(9750.134289915735d,&quot;9750.13 zł&quot;)" computerName="DESKTOP-5URQ9PB" duration="00:00:00.0000200" startTime="2022-06-13T21:13:44.9369234+02:00" endTime="2022-06-13T21:13:44.9369430+02:00" testType="13cdc9d9-ddb5-4fa4-a97d-d965ccfc6d4b" outcome="Passed" testListId="8c84fa94-04c1-424b-9868-57a2d4851a1d" relativeResultsDirectory="315df929-ae94-4902-8d48-59ac89a88c4f" />
    <UnitTestResult executionId="c1ebf2e3-8710-4cd0-811a-4c37dd0b4145" testId="0cd42206-2d45-5b61-2055-2525f417141b" testName="FormatToStringTest1000(23282.56178903047d,&quot;23282.56 zł&quot;)" computerName="DESKTOP-5URQ9PB" duration="00:00:00.0000190" startTime="2022-06-13T21:13:44.9248553+02:00" endTime="2022-06-13T21:13:44.9248736+02:00" testType="13cdc9d9-ddb5-4fa4-a97d-d965ccfc6d4b" outcome="Passed" testListId="8c84fa94-04c1-424b-9868-57a2d4851a1d" relativeResultsDirectory="c1ebf2e3-8710-4cd0-811a-4c37dd0b4145" />
    <UnitTestResult executionId="c8aca1c9-9753-4328-a007-bfc01065998f" testId="62970bd3-0fb8-814d-a0a1-ab9e8aeaae79" testName="FormatToStringTest1000(28068.20530246394d,&quot;28068.21 zł&quot;)" computerName="DESKTOP-5URQ9PB" duration="00:00:00.0000190" startTime="2022-06-13T21:13:44.9296884+02:00" endTime="2022-06-13T21:13:44.9297070+02:00" testType="13cdc9d9-ddb5-4fa4-a97d-d965ccfc6d4b" outcome="Passed" testListId="8c84fa94-04c1-424b-9868-57a2d4851a1d" relativeResultsDirectory="c8aca1c9-9753-4328-a007-bfc01065998f" />
    <UnitTestResult executionId="f2b2f698-6b0f-42f4-ad3e-558ca1b97a04" testId="d187567e-7ba7-c49e-1e54-13fd327095e9" testName="FormatToStringTest1000(1562.3173604776698d,&quot;1562.32 zł&quot;)" computerName="DESKTOP-5URQ9PB" duration="00:00:00.0000200" startTime="2022-06-13T21:13:44.9264346+02:00" endTime="2022-06-13T21:13:44.9264539+02:00" testType="13cdc9d9-ddb5-4fa4-a97d-d965ccfc6d4b" outcome="Passed" testListId="8c84fa94-04c1-424b-9868-57a2d4851a1d" relativeResultsDirectory="f2b2f698-6b0f-42f4-ad3e-558ca1b97a04" />
    <UnitTestResult executionId="9ea42cc6-27f7-4af3-ae8f-cc95708e1f49" testId="1a501163-ddde-3471-133e-1552ff82f851" testName="FormatToStringTest1000(29417.800422138444d,&quot;29417.80 zł&quot;)" computerName="DESKTOP-5URQ9PB" duration="00:00:00.0000190" startTime="2022-06-13T21:13:44.9249308+02:00" endTime="2022-06-13T21:13:44.9249496+02:00" testType="13cdc9d9-ddb5-4fa4-a97d-d965ccfc6d4b" outcome="Passed" testListId="8c84fa94-04c1-424b-9868-57a2d4851a1d" relativeResultsDirectory="9ea42cc6-27f7-4af3-ae8f-cc95708e1f49" />
    <UnitTestResult executionId="34399e4c-c86f-4491-967b-627e22de7abf" testId="49c672b6-6d9d-50cd-ab6b-d47ad2b2d00c" testName="FormatToStringTest1000(44930.92203801075d,&quot;44930.92 zł&quot;)" computerName="DESKTOP-5URQ9PB" duration="00:00:00.0000190" startTime="2022-06-13T21:13:44.9437664+02:00" endTime="2022-06-13T21:13:44.9437848+02:00" testType="13cdc9d9-ddb5-4fa4-a97d-d965ccfc6d4b" outcome="Passed" testListId="8c84fa94-04c1-424b-9868-57a2d4851a1d" relativeResultsDirectory="34399e4c-c86f-4491-967b-627e22de7abf" />
    <UnitTestResult executionId="1ea086de-ac43-48a4-8c7a-9be56e7e4eff" testId="decab755-c41c-98a8-9dd2-05d18e8ecb05" testName="FormatToStringTest1000(397.6461894566408d,&quot;397.65 zł&quot;)" computerName="DESKTOP-5URQ9PB" duration="00:00:00.0000190" startTime="2022-06-13T21:13:44.9397523+02:00" endTime="2022-06-13T21:13:44.9397714+02:00" testType="13cdc9d9-ddb5-4fa4-a97d-d965ccfc6d4b" outcome="Passed" testListId="8c84fa94-04c1-424b-9868-57a2d4851a1d" relativeResultsDirectory="1ea086de-ac43-48a4-8c7a-9be56e7e4eff" />
    <UnitTestResult executionId="6338c48d-38a2-424e-9a52-c4f7811ff7f0" testId="da1a6990-7ab2-9cdb-3d5d-e5366899dffb" testName="FormatToStringTest1000(4614.673205890541d,&quot;4614.67 zł&quot;)" computerName="DESKTOP-5URQ9PB" duration="00:00:00.0000190" startTime="2022-06-13T21:13:44.9218960+02:00" endTime="2022-06-13T21:13:44.9219150+02:00" testType="13cdc9d9-ddb5-4fa4-a97d-d965ccfc6d4b" outcome="Passed" testListId="8c84fa94-04c1-424b-9868-57a2d4851a1d" relativeResultsDirectory="6338c48d-38a2-424e-9a52-c4f7811ff7f0" />
    <UnitTestResult executionId="e709060d-2b51-4a20-826b-1a0159616828" testId="60069e17-108f-01fb-2153-e152b9205025" testName="FormatToStringTest1000(18340.8953197882d,&quot;18340.90 zł&quot;)" computerName="DESKTOP-5URQ9PB" duration="00:00:00.0000190" startTime="2022-06-13T21:13:44.9413609+02:00" endTime="2022-06-13T21:13:44.9413794+02:00" testType="13cdc9d9-ddb5-4fa4-a97d-d965ccfc6d4b" outcome="Passed" testListId="8c84fa94-04c1-424b-9868-57a2d4851a1d" relativeResultsDirectory="e709060d-2b51-4a20-826b-1a0159616828" />
    <UnitTestResult executionId="b864a85e-d76a-4dcf-9bfc-72f87943cdd2" testId="f2705aac-0fab-25bd-44fc-31cfea9f5c9a" testName="FormatToStringTest1000(79388.929555234d,&quot;79388.93 zł&quot;)" computerName="DESKTOP-5URQ9PB" duration="00:00:00.0000190" startTime="2022-06-13T21:13:44.9392457+02:00" endTime="2022-06-13T21:13:44.9392648+02:00" testType="13cdc9d9-ddb5-4fa4-a97d-d965ccfc6d4b" outcome="Passed" testListId="8c84fa94-04c1-424b-9868-57a2d4851a1d" relativeResultsDirectory="b864a85e-d76a-4dcf-9bfc-72f87943cdd2" />
    <UnitTestResult executionId="539f170d-089e-4c70-b4a5-8dbe378ba19a" testId="454ead38-c2a8-9597-7b1c-dc862a589e0e" testName="FormatToStringTest1000(6665.405372488035d,&quot;6665.41 zł&quot;)" computerName="DESKTOP-5URQ9PB" duration="00:00:00.0000200" startTime="2022-06-13T21:13:44.9297425+02:00" endTime="2022-06-13T21:13:44.9297626+02:00" testType="13cdc9d9-ddb5-4fa4-a97d-d965ccfc6d4b" outcome="Passed" testListId="8c84fa94-04c1-424b-9868-57a2d4851a1d" relativeResultsDirectory="539f170d-089e-4c70-b4a5-8dbe378ba19a" />
    <UnitTestResult executionId="b00b8f9c-2041-42ce-9a52-0a34267adec2" testId="097d9f12-a8b0-74cc-8829-12842d451447" testName="FormatToStringTest1000(59247.898931587064d,&quot;59247.90 zł&quot;)" computerName="DESKTOP-5URQ9PB" duration="00:00:00.0000190" startTime="2022-06-13T21:13:44.9340997+02:00" endTime="2022-06-13T21:13:44.9341187+02:00" testType="13cdc9d9-ddb5-4fa4-a97d-d965ccfc6d4b" outcome="Passed" testListId="8c84fa94-04c1-424b-9868-57a2d4851a1d" relativeResultsDirectory="b00b8f9c-2041-42ce-9a52-0a34267adec2" />
    <UnitTestResult executionId="318a39d8-4916-493e-a7da-c4322c411a83" testId="c2593dce-156b-2236-a515-633fd14dda79" testName="FormatToStringTest1000(16902.50568789314d,&quot;16902.51 zł&quot;)" computerName="DESKTOP-5URQ9PB" duration="00:00:00.0000190" startTime="2022-06-13T21:13:44.9300930+02:00" endTime="2022-06-13T21:13:44.9301120+02:00" testType="13cdc9d9-ddb5-4fa4-a97d-d965ccfc6d4b" outcome="Passed" testListId="8c84fa94-04c1-424b-9868-57a2d4851a1d" relativeResultsDirectory="318a39d8-4916-493e-a7da-c4322c411a83" />
    <UnitTestResult executionId="07ac4d4b-b755-4f70-9e1e-9c6819fc996a" testId="ef8e2842-4b56-3143-8747-c2adcd3e7a1d" testName="FormatToStringTest1000(3907.8681317963024d,&quot;3907.87 zł&quot;)" computerName="DESKTOP-5URQ9PB" duration="00:00:00.0000180" startTime="2022-06-13T21:13:44.9215898+02:00" endTime="2022-06-13T21:13:44.9216079+02:00" testType="13cdc9d9-ddb5-4fa4-a97d-d965ccfc6d4b" outcome="Passed" testListId="8c84fa94-04c1-424b-9868-57a2d4851a1d" relativeResultsDirectory="07ac4d4b-b755-4f70-9e1e-9c6819fc996a" />
    <UnitTestResult executionId="9baed2f7-3547-420a-8fa2-01214aba32e5" testId="774aeb04-879b-a97c-c411-6c8ce34f4ab0" testName="FormatToStringTest1000(1751.1734380625066d,&quot;1751.17 zł&quot;)" computerName="DESKTOP-5URQ9PB" duration="00:00:00.0000190" startTime="2022-06-13T21:13:44.9375509+02:00" endTime="2022-06-13T21:13:44.9375694+02:00" testType="13cdc9d9-ddb5-4fa4-a97d-d965ccfc6d4b" outcome="Passed" testListId="8c84fa94-04c1-424b-9868-57a2d4851a1d" relativeResultsDirectory="9baed2f7-3547-420a-8fa2-01214aba32e5" />
    <UnitTestResult executionId="4a0573e2-5ca6-4de1-85a0-fcdf125179ca" testId="bc8b0527-de00-05c5-8ddf-e463dace5bf0" testName="FormatToStringTest1000(42728.35751444258d,&quot;42728.36 zł&quot;)" computerName="DESKTOP-5URQ9PB" duration="00:00:00.0000190" startTime="2022-06-13T21:13:44.9393980+02:00" endTime="2022-06-13T21:13:44.9394164+02:00" testType="13cdc9d9-ddb5-4fa4-a97d-d965ccfc6d4b" outcome="Passed" testListId="8c84fa94-04c1-424b-9868-57a2d4851a1d" relativeResultsDirectory="4a0573e2-5ca6-4de1-85a0-fcdf125179ca" />
    <UnitTestResult executionId="68ec989e-3f4b-4c3f-922f-a2339f1e6053" testId="8b6f3338-cce8-0079-b821-3f92e6c60eee" testName="FormatToStringTest1000(10268.547802396373d,&quot;10268.55 zł&quot;)" computerName="DESKTOP-5URQ9PB" duration="00:00:00.0000180" startTime="2022-06-13T21:13:44.9208406+02:00" endTime="2022-06-13T21:13:44.9208589+02:00" testType="13cdc9d9-ddb5-4fa4-a97d-d965ccfc6d4b" outcome="Passed" testListId="8c84fa94-04c1-424b-9868-57a2d4851a1d" relativeResultsDirectory="68ec989e-3f4b-4c3f-922f-a2339f1e6053" />
    <UnitTestResult executionId="009ee788-866e-4f6c-be98-dfb8e18c9614" testId="9a937ae8-d764-8210-812b-522cffbf8c6f" testName="FormatToStringTest1000(45739.569854490255d,&quot;45739.57 zł&quot;)" computerName="DESKTOP-5URQ9PB" duration="00:00:00.0000200" startTime="2022-06-13T21:13:44.9396207+02:00" endTime="2022-06-13T21:13:44.9396405+02:00" testType="13cdc9d9-ddb5-4fa4-a97d-d965ccfc6d4b" outcome="Passed" testListId="8c84fa94-04c1-424b-9868-57a2d4851a1d" relativeResultsDirectory="009ee788-866e-4f6c-be98-dfb8e18c9614" />
    <UnitTestResult executionId="dc8015e8-9ff0-458e-af5c-14e227afafdb" testId="72c240ff-79c5-ef41-5967-e3c497b7b2c0" testName="FormatToStringTest1000(12125.090155628086d,&quot;12125.09 zł&quot;)" computerName="DESKTOP-5URQ9PB" duration="00:00:00.0000200" startTime="2022-06-13T21:13:44.9265603+02:00" endTime="2022-06-13T21:13:44.9265797+02:00" testType="13cdc9d9-ddb5-4fa4-a97d-d965ccfc6d4b" outcome="Passed" testListId="8c84fa94-04c1-424b-9868-57a2d4851a1d" relativeResultsDirectory="dc8015e8-9ff0-458e-af5c-14e227afafdb" />
    <UnitTestResult executionId="4bdee3e1-5798-49bc-bf28-a341956cfc70" testId="32010eb0-88b3-7f9e-a459-fb524fc932d7" testName="FormatToStringTest1000(34242.181005260056d,&quot;34242.18 zł&quot;)" computerName="DESKTOP-5URQ9PB" duration="00:00:00.0000180" startTime="2022-06-13T21:13:44.9348682+02:00" endTime="2022-06-13T21:13:44.9348863+02:00" testType="13cdc9d9-ddb5-4fa4-a97d-d965ccfc6d4b" outcome="Passed" testListId="8c84fa94-04c1-424b-9868-57a2d4851a1d" relativeResultsDirectory="4bdee3e1-5798-49bc-bf28-a341956cfc70" />
    <UnitTestResult executionId="168524b8-c7e5-42b9-b398-9ce00875c5b3" testId="2b003fb3-b141-e2a9-bad9-fff43705ee9e" testName="FormatToStringTest1000(72703.4365723503d,&quot;72703.44 zł&quot;)" computerName="DESKTOP-5URQ9PB" duration="00:00:00.0000190" startTime="2022-06-13T21:13:44.9276929+02:00" endTime="2022-06-13T21:13:44.9277121+02:00" testType="13cdc9d9-ddb5-4fa4-a97d-d965ccfc6d4b" outcome="Passed" testListId="8c84fa94-04c1-424b-9868-57a2d4851a1d" relativeResultsDirectory="168524b8-c7e5-42b9-b398-9ce00875c5b3" />
    <UnitTestResult executionId="17fb9ec4-95d2-4ca6-8ac3-330b9892a695" testId="e679eaee-e3a9-8b8a-d185-7c73afee0b2f" testName="FormatToStringTest1000(17835.54606576988d,&quot;17835.55 zł&quot;)" computerName="DESKTOP-5URQ9PB" duration="00:00:00.0000190" startTime="2022-06-13T21:13:44.9216392+02:00" endTime="2022-06-13T21:13:44.9216580+02:00" testType="13cdc9d9-ddb5-4fa4-a97d-d965ccfc6d4b" outcome="Passed" testListId="8c84fa94-04c1-424b-9868-57a2d4851a1d" relativeResultsDirectory="17fb9ec4-95d2-4ca6-8ac3-330b9892a695" />
    <UnitTestResult executionId="ca3a3c78-76cb-498f-b7d0-6b2fd31088dc" testId="94cff85e-e7bb-c94b-e20b-765eb3997f75" testName="FormatToStringTest1000(286.92120604539343d,&quot;286.92 zł&quot;)" computerName="DESKTOP-5URQ9PB" duration="00:00:00.0000200" startTime="2022-06-13T21:13:44.9191085+02:00" endTime="2022-06-13T21:13:44.9191281+02:00" testType="13cdc9d9-ddb5-4fa4-a97d-d965ccfc6d4b" outcome="Passed" testListId="8c84fa94-04c1-424b-9868-57a2d4851a1d" relativeResultsDirectory="ca3a3c78-76cb-498f-b7d0-6b2fd31088dc" />
    <UnitTestResult executionId="f3df73c0-e4d2-4254-b926-98a1724c5460" testId="cfb2439a-56a0-7de3-f9a2-8d326d2ccf14" testName="FormatToStringTest1000(50585.83664522778d,&quot;50585.84 zł&quot;)" computerName="DESKTOP-5URQ9PB" duration="00:00:00.0000200" startTime="2022-06-13T21:13:44.9309562+02:00" endTime="2022-06-13T21:13:44.9309759+02:00" testType="13cdc9d9-ddb5-4fa4-a97d-d965ccfc6d4b" outcome="Passed" testListId="8c84fa94-04c1-424b-9868-57a2d4851a1d" relativeResultsDirectory="f3df73c0-e4d2-4254-b926-98a1724c5460" />
    <UnitTestResult executionId="48e6707b-ad45-45c9-95d8-92c3e3ec2da1" testId="50412f91-cd15-dc69-c1d6-5d9dbd95d4af" testName="FormatToStringTest1000(20482.32969107308d,&quot;20482.33 zł&quot;)" computerName="DESKTOP-5URQ9PB" duration="00:00:00.0000190" startTime="2022-06-13T21:13:44.9230200+02:00" endTime="2022-06-13T21:13:44.9230388+02:00" testType="13cdc9d9-ddb5-4fa4-a97d-d965ccfc6d4b" outcome="Passed" testListId="8c84fa94-04c1-424b-9868-57a2d4851a1d" relativeResultsDirectory="48e6707b-ad45-45c9-95d8-92c3e3ec2da1" />
    <UnitTestResult executionId="fae5db2b-2171-4e59-800a-de9be338f55f" testId="25e8173f-164f-a6d3-7781-f064566ee4cd" testName="FormatToStringTest1000(806.960597043373d,&quot;806.96 zł&quot;)" computerName="DESKTOP-5URQ9PB" duration="00:00:00.0000180" startTime="2022-06-13T21:13:44.9362483+02:00" endTime="2022-06-13T21:13:44.9362665+02:00" testType="13cdc9d9-ddb5-4fa4-a97d-d965ccfc6d4b" outcome="Passed" testListId="8c84fa94-04c1-424b-9868-57a2d4851a1d" relativeResultsDirectory="fae5db2b-2171-4e59-800a-de9be338f55f" />
    <UnitTestResult executionId="c54e799a-8b6a-43e1-ba98-af3c6ed6fd8e" testId="0ad74e44-881e-9461-7e6f-381a5cc80df0" testName="FormatToStringTest1000(51503.82905738234d,&quot;51503.83 zł&quot;)" computerName="DESKTOP-5URQ9PB" duration="00:00:00.0000180" startTime="2022-06-13T21:13:44.9239491+02:00" endTime="2022-06-13T21:13:44.9239673+02:00" testType="13cdc9d9-ddb5-4fa4-a97d-d965ccfc6d4b" outcome="Passed" testListId="8c84fa94-04c1-424b-9868-57a2d4851a1d" relativeResultsDirectory="c54e799a-8b6a-43e1-ba98-af3c6ed6fd8e" />
    <UnitTestResult executionId="d2567742-8cbc-4216-bda3-304e482114a2" testId="fd8f048e-524e-5d70-1d66-0ffeb121313b" testName="FormatToStringTest1000(7890.044272348771d,&quot;7890.04 zł&quot;)" computerName="DESKTOP-5URQ9PB" duration="00:00:00.0000190" startTime="2022-06-13T21:13:44.9319949+02:00" endTime="2022-06-13T21:13:44.9320135+02:00" testType="13cdc9d9-ddb5-4fa4-a97d-d965ccfc6d4b" outcome="Passed" testListId="8c84fa94-04c1-424b-9868-57a2d4851a1d" relativeResultsDirectory="d2567742-8cbc-4216-bda3-304e482114a2" />
    <UnitTestResult executionId="42744c36-0d76-42c7-b8f5-75cd41c93875" testId="bcaccf95-48bd-f1b0-c691-d2f1e6a4e3bd" testName="FormatToStringTest1000(17252.06220983903d,&quot;17252.06 zł&quot;)" computerName="DESKTOP-5URQ9PB" duration="00:00:00.0000190" startTime="2022-06-13T21:13:44.9206359+02:00" endTime="2022-06-13T21:13:44.9206544+02:00" testType="13cdc9d9-ddb5-4fa4-a97d-d965ccfc6d4b" outcome="Passed" testListId="8c84fa94-04c1-424b-9868-57a2d4851a1d" relativeResultsDirectory="42744c36-0d76-42c7-b8f5-75cd41c93875" />
    <UnitTestResult executionId="9f3ee651-c7d8-4e66-992c-863f766f9ba3" testId="23adbcea-fc51-4a16-9d4b-141d8a8f1fb7" testName="FormatToStringTest1000(32359.431438434138d,&quot;32359.43 zł&quot;)" computerName="DESKTOP-5URQ9PB" duration="00:00:00.0000190" startTime="2022-06-13T21:13:44.9387697+02:00" endTime="2022-06-13T21:13:44.9387887+02:00" testType="13cdc9d9-ddb5-4fa4-a97d-d965ccfc6d4b" outcome="Passed" testListId="8c84fa94-04c1-424b-9868-57a2d4851a1d" relativeResultsDirectory="9f3ee651-c7d8-4e66-992c-863f766f9ba3" />
    <UnitTestResult executionId="91763ba2-9373-455d-9489-b7cac04bb907" testId="e77ca75b-19ba-059d-05cd-1ebb08034f74" testName="FormatToStringTest1000(28033.439084134738d,&quot;28033.44 zł&quot;)" computerName="DESKTOP-5URQ9PB" duration="00:00:00.0000180" startTime="2022-06-13T21:13:44.9315650+02:00" endTime="2022-06-13T21:13:44.9315830+02:00" testType="13cdc9d9-ddb5-4fa4-a97d-d965ccfc6d4b" outcome="Passed" testListId="8c84fa94-04c1-424b-9868-57a2d4851a1d" relativeResultsDirectory="91763ba2-9373-455d-9489-b7cac04bb907" />
    <UnitTestResult executionId="58931310-c863-43cd-8063-fbb0068cd9d0" testId="20901353-a2d3-ecac-3452-4c8d3e93293d" testName="FormatToStringTest1000(3270.482477338743d,&quot;3270.48 zł&quot;)" computerName="DESKTOP-5URQ9PB" duration="00:00:00.0000190" startTime="2022-06-13T21:13:44.9375253+02:00" endTime="2022-06-13T21:13:44.9375445+02:00" testType="13cdc9d9-ddb5-4fa4-a97d-d965ccfc6d4b" outcome="Passed" testListId="8c84fa94-04c1-424b-9868-57a2d4851a1d" relativeResultsDirectory="58931310-c863-43cd-8063-fbb0068cd9d0" />
    <UnitTestResult executionId="6c855eee-f571-4228-b3f9-8431e65046d1" testId="7280bcd5-2dc4-a3f6-24fd-df56e5b00deb" testName="FormatToStringTest1000(22592.465903659566d,&quot;22592.47 zł&quot;)" computerName="DESKTOP-5URQ9PB" duration="00:00:00.0000180" startTime="2022-06-13T21:13:44.9231450+02:00" endTime="2022-06-13T21:13:44.9231633+02:00" testType="13cdc9d9-ddb5-4fa4-a97d-d965ccfc6d4b" outcome="Passed" testListId="8c84fa94-04c1-424b-9868-57a2d4851a1d" relativeResultsDirectory="6c855eee-f571-4228-b3f9-8431e65046d1" />
    <UnitTestResult executionId="70bd053a-f6e3-4520-ab92-d9ffbe83dade" testId="ea9a1ed5-0813-906f-0ed6-0a192bf899e6" testName="FormatToStringTest1000(45299.778512198376d,&quot;45299.78 zł&quot;)" computerName="DESKTOP-5URQ9PB" duration="00:00:00.0000190" startTime="2022-06-13T21:13:44.9365210+02:00" endTime="2022-06-13T21:13:44.9365393+02:00" testType="13cdc9d9-ddb5-4fa4-a97d-d965ccfc6d4b" outcome="Passed" testListId="8c84fa94-04c1-424b-9868-57a2d4851a1d" relativeResultsDirectory="70bd053a-f6e3-4520-ab92-d9ffbe83dade" />
    <UnitTestResult executionId="202da5f7-18eb-4392-af5e-650491e288ec" testId="f7f48920-cf43-fd74-5fcd-5b275d41553a" testName="FormatToStringTest1000(69864.17463991146d,&quot;69864.17 zł&quot;)" computerName="DESKTOP-5URQ9PB" duration="00:00:00.0000190" startTime="2022-06-13T21:13:44.9210895+02:00" endTime="2022-06-13T21:13:44.9211085+02:00" testType="13cdc9d9-ddb5-4fa4-a97d-d965ccfc6d4b" outcome="Passed" testListId="8c84fa94-04c1-424b-9868-57a2d4851a1d" relativeResultsDirectory="202da5f7-18eb-4392-af5e-650491e288ec" />
    <UnitTestResult executionId="b8cf9067-8336-4f7a-ad19-9b4098e98e7e" testId="979cd04b-5e93-d632-87b5-a20161444816" testName="FormatToStringTest1000(14035.12972514477d,&quot;14035.13 zł&quot;)" computerName="DESKTOP-5URQ9PB" duration="00:00:00.0000190" startTime="2022-06-13T21:13:44.9230449+02:00" endTime="2022-06-13T21:13:44.9230634+02:00" testType="13cdc9d9-ddb5-4fa4-a97d-d965ccfc6d4b" outcome="Passed" testListId="8c84fa94-04c1-424b-9868-57a2d4851a1d" relativeResultsDirectory="b8cf9067-8336-4f7a-ad19-9b4098e98e7e" />
    <UnitTestResult executionId="b8c9fec1-a910-46bf-a898-4c24cd3b9e24" testId="d6353a5c-aebf-48c3-7e68-77f3a0ea8301" testName="FormatToStringTest1000(58902.704109088845d,&quot;58902.70 zł&quot;)" computerName="DESKTOP-5URQ9PB" duration="00:00:00.0000190" startTime="2022-06-13T21:13:44.9410598+02:00" endTime="2022-06-13T21:13:44.9410788+02:00" testType="13cdc9d9-ddb5-4fa4-a97d-d965ccfc6d4b" outcome="Passed" testListId="8c84fa94-04c1-424b-9868-57a2d4851a1d" relativeResultsDirectory="b8c9fec1-a910-46bf-a898-4c24cd3b9e24" />
    <UnitTestResult executionId="96faa0fd-fa41-41b3-aa32-b32fdad00d90" testId="0bdd31cf-560a-74a8-9cb0-f50b134f6e55" testName="FormatToStringTest1000(50339.31259969497d,&quot;50339.31 zł&quot;)" computerName="DESKTOP-5URQ9PB" duration="00:00:00.0000230" startTime="2022-06-13T21:13:44.9207100+02:00" endTime="2022-06-13T21:13:44.9207325+02:00" testType="13cdc9d9-ddb5-4fa4-a97d-d965ccfc6d4b" outcome="Passed" testListId="8c84fa94-04c1-424b-9868-57a2d4851a1d" relativeResultsDirectory="96faa0fd-fa41-41b3-aa32-b32fdad00d90" />
    <UnitTestResult executionId="2ac3e910-1931-41b9-b87b-05c370de8715" testId="9bae3763-5b44-6392-7f85-b5a14c7eae3f" testName="FormatToStringTest1000(1328.353302088265d,&quot;1328.35 zł&quot;)" computerName="DESKTOP-5URQ9PB" duration="00:00:00.0000190" startTime="2022-06-13T21:13:44.9296385+02:00" endTime="2022-06-13T21:13:44.9296570+02:00" testType="13cdc9d9-ddb5-4fa4-a97d-d965ccfc6d4b" outcome="Passed" testListId="8c84fa94-04c1-424b-9868-57a2d4851a1d" relativeResultsDirectory="2ac3e910-1931-41b9-b87b-05c370de8715" />
    <UnitTestResult executionId="84b53cae-337b-4a7e-9160-c5046ebe1c07" testId="c9b5631d-418b-047b-d15f-f39906c7e08b" testName="FormatToStringTest1000(34060.48467268724d,&quot;34060.48 zł&quot;)" computerName="DESKTOP-5URQ9PB" duration="00:00:00.0000190" startTime="2022-06-13T21:13:44.9372723+02:00" endTime="2022-06-13T21:13:44.9372915+02:00" testType="13cdc9d9-ddb5-4fa4-a97d-d965ccfc6d4b" outcome="Passed" testListId="8c84fa94-04c1-424b-9868-57a2d4851a1d" relativeResultsDirectory="84b53cae-337b-4a7e-9160-c5046ebe1c07" />
    <UnitTestResult executionId="18fddf55-565c-4472-b2c2-27d858eb72ac" testId="d15cb58b-9b62-cb4e-439e-72757eabb197" testName="FormatToStringTest1000(7753.724411372898d,&quot;7753.72 zł&quot;)" computerName="DESKTOP-5URQ9PB" duration="00:00:00.0000190" startTime="2022-06-13T21:13:44.9219213+02:00" endTime="2022-06-13T21:13:44.9219397+02:00" testType="13cdc9d9-ddb5-4fa4-a97d-d965ccfc6d4b" outcome="Passed" testListId="8c84fa94-04c1-424b-9868-57a2d4851a1d" relativeResultsDirectory="18fddf55-565c-4472-b2c2-27d858eb72ac" />
    <UnitTestResult executionId="4f50d0cb-240d-4f0c-b60c-2dde1cfee9f1" testId="03343bcc-4f24-4c8a-3ccc-51481d1ee303" testName="FormatToStringTest1000(31300.40752580967d,&quot;31300.41 zł&quot;)" computerName="DESKTOP-5URQ9PB" duration="00:00:00.0000200" startTime="2022-06-13T21:13:44.9205097+02:00" endTime="2022-06-13T21:13:44.9205291+02:00" testType="13cdc9d9-ddb5-4fa4-a97d-d965ccfc6d4b" outcome="Passed" testListId="8c84fa94-04c1-424b-9868-57a2d4851a1d" relativeResultsDirectory="4f50d0cb-240d-4f0c-b60c-2dde1cfee9f1" />
    <UnitTestResult executionId="a0514db0-8e1c-465f-9b45-f1821104fb35" testId="ddcae2eb-b1a6-813a-a49c-5333a490205e" testName="FormatToStringTest1000(29845.02749849345d,&quot;29845.03 zł&quot;)" computerName="DESKTOP-5URQ9PB" duration="00:00:00.0000190" startTime="2022-06-13T21:13:44.9256306+02:00" endTime="2022-06-13T21:13:44.9256494+02:00" testType="13cdc9d9-ddb5-4fa4-a97d-d965ccfc6d4b" outcome="Passed" testListId="8c84fa94-04c1-424b-9868-57a2d4851a1d" relativeResultsDirectory="a0514db0-8e1c-465f-9b45-f1821104fb35" />
    <UnitTestResult executionId="3bfbd5b8-26c6-4a7b-b7b7-d82cece470a3" testId="8a34d143-fbd5-8061-22f1-4fab44554570" testName="FormatToStringTest1000(75162.39407669863d,&quot;75162.39 zł&quot;)" computerName="DESKTOP-5URQ9PB" duration="00:00:00.0000190" startTime="2022-06-13T21:13:44.9241479+02:00" endTime="2022-06-13T21:13:44.9241669+02:00" testType="13cdc9d9-ddb5-4fa4-a97d-d965ccfc6d4b" outcome="Passed" testListId="8c84fa94-04c1-424b-9868-57a2d4851a1d" relativeResultsDirectory="3bfbd5b8-26c6-4a7b-b7b7-d82cece470a3" />
    <UnitTestResult executionId="0c416232-7ab5-42a5-b60a-f70ed8224928" testId="a6621eb8-15a7-fc8e-d862-31d4f5bc69d0" testName="FormatToStringTest1000(27629.79121039193d,&quot;27629.79 zł&quot;)" computerName="DESKTOP-5URQ9PB" duration="00:00:00.0000190" startTime="2022-06-13T21:13:44.9277501+02:00" endTime="2022-06-13T21:13:44.9277690+02:00" testType="13cdc9d9-ddb5-4fa4-a97d-d965ccfc6d4b" outcome="Passed" testListId="8c84fa94-04c1-424b-9868-57a2d4851a1d" relativeResultsDirectory="0c416232-7ab5-42a5-b60a-f70ed8224928" />
    <UnitTestResult executionId="87dcf098-0348-470f-aa76-e2dbda86949d" testId="7b7e9341-cf8b-f510-483a-d874dccbbbca" testName="FormatToStringTest1000(9503.466049463705d,&quot;9503.47 zł&quot;)" computerName="DESKTOP-5URQ9PB" duration="00:00:00.0000180" startTime="2022-06-13T21:13:44.9332446+02:00" endTime="2022-06-13T21:13:44.9332628+02:00" testType="13cdc9d9-ddb5-4fa4-a97d-d965ccfc6d4b" outcome="Passed" testListId="8c84fa94-04c1-424b-9868-57a2d4851a1d" relativeResultsDirectory="87dcf098-0348-470f-aa76-e2dbda86949d" />
    <UnitTestResult executionId="9e2de5cf-1a3a-46f9-908a-b48ee98b3f16" testId="2de1f6d1-4fbc-d3f7-5b38-8fabe0afe62f" testName="FormatToStringTest1000(35065.40267025652d,&quot;35065.40 zł&quot;)" computerName="DESKTOP-5URQ9PB" duration="00:00:00.0000230" startTime="2022-06-13T21:13:44.9367187+02:00" endTime="2022-06-13T21:13:44.9367416+02:00" testType="13cdc9d9-ddb5-4fa4-a97d-d965ccfc6d4b" outcome="Passed" testListId="8c84fa94-04c1-424b-9868-57a2d4851a1d" relativeResultsDirectory="9e2de5cf-1a3a-46f9-908a-b48ee98b3f16" />
    <UnitTestResult executionId="f2231320-7827-4541-88b4-de07e9431c30" testId="46b6b18f-a15f-ce32-4811-dbc67f87e551" testName="FormatToStringTest1000(9634.398811461124d,&quot;9634.40 zł&quot;)" computerName="DESKTOP-5URQ9PB" duration="00:00:00.0000190" startTime="2022-06-13T21:13:44.9388193+02:00" endTime="2022-06-13T21:13:44.9388377+02:00" testType="13cdc9d9-ddb5-4fa4-a97d-d965ccfc6d4b" outcome="Passed" testListId="8c84fa94-04c1-424b-9868-57a2d4851a1d" relativeResultsDirectory="f2231320-7827-4541-88b4-de07e9431c30" />
    <UnitTestResult executionId="9daaca95-fa9c-4d0e-ad37-0262f1045d74" testId="91b3bd83-c5b8-4706-180f-6fac0dae10f8" testName="FormatToStringTest1000(25135.10315489727d,&quot;25135.10 zł&quot;)" computerName="DESKTOP-5URQ9PB" duration="00:00:00.0000190" startTime="2022-06-13T21:13:44.9376263+02:00" endTime="2022-06-13T21:13:44.9376454+02:00" testType="13cdc9d9-ddb5-4fa4-a97d-d965ccfc6d4b" outcome="Passed" testListId="8c84fa94-04c1-424b-9868-57a2d4851a1d" relativeResultsDirectory="9daaca95-fa9c-4d0e-ad37-0262f1045d74" />
    <UnitTestResult executionId="a20c6b51-0b0c-4727-92b8-cf45d4307acd" testId="c6ae4b68-49e1-d669-439e-3d0b7ef0cea4" testName="FormatToStringTest1000(21328.29026726507d,&quot;21328.29 zł&quot;)" computerName="DESKTOP-5URQ9PB" duration="00:00:00.0000190" startTime="2022-06-13T21:13:44.9416116+02:00" endTime="2022-06-13T21:13:44.9416306+02:00" testType="13cdc9d9-ddb5-4fa4-a97d-d965ccfc6d4b" outcome="Passed" testListId="8c84fa94-04c1-424b-9868-57a2d4851a1d" relativeResultsDirectory="a20c6b51-0b0c-4727-92b8-cf45d4307acd" />
    <UnitTestResult executionId="452e921a-9e3f-4f4d-9ebe-0934136b944d" testId="7146296d-c8e1-b13f-44e4-16f25fa9af9d" testName="FormatToStringTest1000(591.2110872302256d,&quot;591.21 zł&quot;)" computerName="DESKTOP-5URQ9PB" duration="00:00:00.0000190" startTime="2022-06-13T21:13:44.9199387+02:00" endTime="2022-06-13T21:13:44.9199575+02:00" testType="13cdc9d9-ddb5-4fa4-a97d-d965ccfc6d4b" outcome="Passed" testListId="8c84fa94-04c1-424b-9868-57a2d4851a1d" relativeResultsDirectory="452e921a-9e3f-4f4d-9ebe-0934136b944d" />
    <UnitTestResult executionId="6d60405d-5406-4a39-8fb9-ba0a03baee91" testId="e02db9a4-a283-da5d-8967-1cec80ef7e92" testName="FormatToStringTest1000(9431.144757136304d,&quot;9431.14 zł&quot;)" computerName="DESKTOP-5URQ9PB" duration="00:00:00.0000190" startTime="2022-06-13T21:13:44.9224170+02:00" endTime="2022-06-13T21:13:44.9224358+02:00" testType="13cdc9d9-ddb5-4fa4-a97d-d965ccfc6d4b" outcome="Passed" testListId="8c84fa94-04c1-424b-9868-57a2d4851a1d" relativeResultsDirectory="6d60405d-5406-4a39-8fb9-ba0a03baee91" />
    <UnitTestResult executionId="10e085ee-6930-4e15-8b09-a4eb6cd0ff48" testId="69564ef2-123d-d3db-baf6-6a27b0eb9c23" testName="FormatToStringTest1000(643.3550376181281d,&quot;643.36 zł&quot;)" computerName="DESKTOP-5URQ9PB" duration="00:00:00.0000190" startTime="2022-06-13T21:13:44.9365697+02:00" endTime="2022-06-13T21:13:44.9365888+02:00" testType="13cdc9d9-ddb5-4fa4-a97d-d965ccfc6d4b" outcome="Passed" testListId="8c84fa94-04c1-424b-9868-57a2d4851a1d" relativeResultsDirectory="10e085ee-6930-4e15-8b09-a4eb6cd0ff48" />
    <UnitTestResult executionId="2dac57a6-f80b-4b3c-bbde-67b464f66d66" testId="38306153-a308-b729-5fc5-ac18787be15f" testName="FormatToStringTest1000(17579.823312525088d,&quot;17579.82 zł&quot;)" computerName="DESKTOP-5URQ9PB" duration="00:00:00.0000180" startTime="2022-06-13T21:13:44.9361237+02:00" endTime="2022-06-13T21:13:44.9361418+02:00" testType="13cdc9d9-ddb5-4fa4-a97d-d965ccfc6d4b" outcome="Passed" testListId="8c84fa94-04c1-424b-9868-57a2d4851a1d" relativeResultsDirectory="2dac57a6-f80b-4b3c-bbde-67b464f66d66" />
    <UnitTestResult executionId="e79474a7-f7d9-4e1b-af63-57a8d3caef7e" testId="f7b6c5f3-1f58-e9ae-14c8-31eb58d1211b" testName="FormatToStringTest1000(97129.75160633575d,&quot;97129.75 zł&quot;)" computerName="DESKTOP-5URQ9PB" duration="00:00:00.0000190" startTime="2022-06-13T21:13:44.9265351+02:00" endTime="2022-06-13T21:13:44.9265540+02:00" testType="13cdc9d9-ddb5-4fa4-a97d-d965ccfc6d4b" outcome="Passed" testListId="8c84fa94-04c1-424b-9868-57a2d4851a1d" relativeResultsDirectory="e79474a7-f7d9-4e1b-af63-57a8d3caef7e" />
    <UnitTestResult executionId="d27be29d-4561-4073-a00b-0b32cf8b60bc" testId="ac23e196-8a79-cb67-41ad-c8975a08f154" testName="FormatToStringTest1000(5566.818038455592d,&quot;5566.82 zł&quot;)" computerName="DESKTOP-5URQ9PB" duration="00:00:00.0000180" startTime="2022-06-13T21:13:44.9368474+02:00" endTime="2022-06-13T21:13:44.9368657+02:00" testType="13cdc9d9-ddb5-4fa4-a97d-d965ccfc6d4b" outcome="Passed" testListId="8c84fa94-04c1-424b-9868-57a2d4851a1d" relativeResultsDirectory="d27be29d-4561-4073-a00b-0b32cf8b60bc" />
    <UnitTestResult executionId="9c20a42e-2345-48c6-8475-bf8e21ea22ae" testId="7b7d00bb-4c5b-d8fb-b3ca-8abd900cc00f" testName="FormatToStringTest1000(30499.08272379734d,&quot;30499.08 zł&quot;)" computerName="DESKTOP-5URQ9PB" duration="00:00:00.0000190" startTime="2022-06-13T21:13:44.9378103+02:00" endTime="2022-06-13T21:13:44.9378291+02:00" testType="13cdc9d9-ddb5-4fa4-a97d-d965ccfc6d4b" outcome="Passed" testListId="8c84fa94-04c1-424b-9868-57a2d4851a1d" relativeResultsDirectory="9c20a42e-2345-48c6-8475-bf8e21ea22ae" />
    <UnitTestResult executionId="e33e046b-b534-4ada-94fe-d79d707d8b49" testId="03f880df-4361-699a-9da6-4d3bc3d9d5a7" testName="FormatToStringTest1000(9558.453124931293d,&quot;9558.45 zł&quot;)" computerName="DESKTOP-5URQ9PB" duration="00:00:00.0000180" startTime="2022-06-13T21:13:44.9253531+02:00" endTime="2022-06-13T21:13:44.9253713+02:00" testType="13cdc9d9-ddb5-4fa4-a97d-d965ccfc6d4b" outcome="Passed" testListId="8c84fa94-04c1-424b-9868-57a2d4851a1d" relativeResultsDirectory="e33e046b-b534-4ada-94fe-d79d707d8b49" />
    <UnitTestResult executionId="64790252-901c-43fb-8bd6-18d9dd968c87" testId="9bd1c538-5b49-0158-94f6-e9be1859d678" testName="FormatToStringTest1000(5876.112133716285d,&quot;5876.11 zł&quot;)" computerName="DESKTOP-5URQ9PB" duration="00:00:00.0000200" startTime="2022-06-13T21:13:44.9393720+02:00" endTime="2022-06-13T21:13:44.9393918+02:00" testType="13cdc9d9-ddb5-4fa4-a97d-d965ccfc6d4b" outcome="Passed" testListId="8c84fa94-04c1-424b-9868-57a2d4851a1d" relativeResultsDirectory="64790252-901c-43fb-8bd6-18d9dd968c87" />
    <UnitTestResult executionId="57f69167-ce87-4e16-9a94-6efaad42c7e1" testId="5667c806-5b5f-868c-360c-740b6f484339" testName="FormatToStringTest1000(22604.838218828587d,&quot;22604.84 zł&quot;)" computerName="DESKTOP-5URQ9PB" duration="00:00:00.0000210" startTime="2022-06-13T21:13:44.9197367+02:00" endTime="2022-06-13T21:13:44.9197578+02:00" testType="13cdc9d9-ddb5-4fa4-a97d-d965ccfc6d4b" outcome="Passed" testListId="8c84fa94-04c1-424b-9868-57a2d4851a1d" relativeResultsDirectory="57f69167-ce87-4e16-9a94-6efaad42c7e1" />
    <UnitTestResult executionId="815037e0-9036-4e09-a561-68396f24ff7d" testId="27b9fbe0-03f5-4d47-663b-0785c7f9ec49" testName="FormatToStringTest1000(20441.330495004695d,&quot;20441.33 zł&quot;)" computerName="DESKTOP-5URQ9PB" duration="00:00:00.0000190" startTime="2022-06-13T21:13:44.9224422+02:00" endTime="2022-06-13T21:13:44.9224607+02:00" testType="13cdc9d9-ddb5-4fa4-a97d-d965ccfc6d4b" outcome="Passed" testListId="8c84fa94-04c1-424b-9868-57a2d4851a1d" relativeResultsDirectory="815037e0-9036-4e09-a561-68396f24ff7d" />
    <UnitTestResult executionId="56087c6d-8bd0-4628-821e-a8fda5e7787e" testId="6f7345f6-07c1-aba6-fba8-22e9ed357a49" testName="FormatToStringTest1000(19189.32381924117d,&quot;19189.32 zł&quot;)" computerName="DESKTOP-5URQ9PB" duration="00:00:00.0000180" startTime="2022-06-13T21:13:44.9249813+02:00" endTime="2022-06-13T21:13:44.9249995+02:00" testType="13cdc9d9-ddb5-4fa4-a97d-d965ccfc6d4b" outcome="Passed" testListId="8c84fa94-04c1-424b-9868-57a2d4851a1d" relativeResultsDirectory="56087c6d-8bd0-4628-821e-a8fda5e7787e" />
    <UnitTestResult executionId="54d3f5fd-33b5-4225-aa42-4ac16132a467" testId="8d6414e5-4d2d-73e7-c36d-d9cbbb203e5f" testName="FormatToStringTest1000(867.5236648356187d,&quot;867.52 zł&quot;)" computerName="DESKTOP-5URQ9PB" duration="00:00:00.0000180" startTime="2022-06-13T21:13:44.9396467+02:00" endTime="2022-06-13T21:13:44.9396648+02:00" testType="13cdc9d9-ddb5-4fa4-a97d-d965ccfc6d4b" outcome="Passed" testListId="8c84fa94-04c1-424b-9868-57a2d4851a1d" relativeResultsDirectory="54d3f5fd-33b5-4225-aa42-4ac16132a467" />
    <UnitTestResult executionId="0153866a-ed99-4433-8fc2-5364a7dd6153" testId="a32b1b99-bbfe-b0ef-93c7-d7c83b53becf" testName="FormatToStringTest1000(31971.185406704986d,&quot;31971.19 zł&quot;)" computerName="DESKTOP-5URQ9PB" duration="00:00:00.0000180" startTime="2022-06-13T21:13:44.9319207+02:00" endTime="2022-06-13T21:13:44.9319389+02:00" testType="13cdc9d9-ddb5-4fa4-a97d-d965ccfc6d4b" outcome="Passed" testListId="8c84fa94-04c1-424b-9868-57a2d4851a1d" relativeResultsDirectory="0153866a-ed99-4433-8fc2-5364a7dd6153" />
    <UnitTestResult executionId="07fd6e76-447a-4214-b94a-1931ce7bf30c" testId="2e2f38c6-5756-eb9b-9fbb-652c777b6247" testName="FormatToStringTest1000(8851.904041135638d,&quot;8851.90 zł&quot;)" computerName="DESKTOP-5URQ9PB" duration="00:00:00.0000190" startTime="2022-06-13T21:13:44.9320197+02:00" endTime="2022-06-13T21:13:44.9320384+02:00" testType="13cdc9d9-ddb5-4fa4-a97d-d965ccfc6d4b" outcome="Passed" testListId="8c84fa94-04c1-424b-9868-57a2d4851a1d" relativeResultsDirectory="07fd6e76-447a-4214-b94a-1931ce7bf30c" />
    <UnitTestResult executionId="f56054ee-fae8-4459-ac7d-dbd1747b643a" testId="279ea0a2-a194-3b23-c2df-f3b9caefacb9" testName="FormatToStringTest1000(5287.3103648714305d,&quot;5287.31 zł&quot;)" computerName="DESKTOP-5URQ9PB" duration="00:00:00.0000190" startTime="2022-06-13T21:13:44.9239737+02:00" endTime="2022-06-13T21:13:44.9239929+02:00" testType="13cdc9d9-ddb5-4fa4-a97d-d965ccfc6d4b" outcome="Passed" testListId="8c84fa94-04c1-424b-9868-57a2d4851a1d" relativeResultsDirectory="f56054ee-fae8-4459-ac7d-dbd1747b643a" />
    <UnitTestResult executionId="6db8f7d3-6d39-454c-bddd-6f7cad9d031f" testId="395d9b70-68ea-107f-3853-872b2d76bcc2" testName="FormatToStringTest1000(17000.070169619317d,&quot;17000.07 zł&quot;)" computerName="DESKTOP-5URQ9PB" duration="00:00:00.0000190" startTime="2022-06-13T21:13:44.9428300+02:00" endTime="2022-06-13T21:13:44.9428485+02:00" testType="13cdc9d9-ddb5-4fa4-a97d-d965ccfc6d4b" outcome="Passed" testListId="8c84fa94-04c1-424b-9868-57a2d4851a1d" relativeResultsDirectory="6db8f7d3-6d39-454c-bddd-6f7cad9d031f" />
    <UnitTestResult executionId="8461d01a-1ae3-41b3-b3b0-29075ca1d9a3" testId="ff64b042-e70f-6e34-60aa-4c59131392ce" testName="FormatToStringTest1000(30031.89550569323d,&quot;30031.90 zł&quot;)" computerName="DESKTOP-5URQ9PB" duration="00:00:00.0000190" startTime="2022-06-13T21:13:44.9289122+02:00" endTime="2022-06-13T21:13:44.9289313+02:00" testType="13cdc9d9-ddb5-4fa4-a97d-d965ccfc6d4b" outcome="Passed" testListId="8c84fa94-04c1-424b-9868-57a2d4851a1d" relativeResultsDirectory="8461d01a-1ae3-41b3-b3b0-29075ca1d9a3" />
    <UnitTestResult executionId="6be1fb63-7e3e-44ae-9ec1-9f474f47b321" testId="ec19b07c-d465-faec-475d-a8dee6e4e934" testName="FormatToStringTest1000(19071.681252896637d,&quot;19071.68 zł&quot;)" computerName="DESKTOP-5URQ9PB" duration="00:00:00.0000240" startTime="2022-06-13T21:13:44.9357192+02:00" endTime="2022-06-13T21:13:44.9357428+02:00" testType="13cdc9d9-ddb5-4fa4-a97d-d965ccfc6d4b" outcome="Passed" testListId="8c84fa94-04c1-424b-9868-57a2d4851a1d" relativeResultsDirectory="6be1fb63-7e3e-44ae-9ec1-9f474f47b321" />
    <UnitTestResult executionId="8afe6cf1-cf09-4f18-81da-80e150c0fce8" testId="ef53e72d-a746-f7fd-4dfa-41ab2ce4fb60" testName="FormatToStringTest1000(15190.097283723344d,&quot;15190.10 zł&quot;)" computerName="DESKTOP-5URQ9PB" duration="00:00:00.0000190" startTime="2022-06-13T21:13:44.9401303+02:00" endTime="2022-06-13T21:13:44.9401487+02:00" testType="13cdc9d9-ddb5-4fa4-a97d-d965ccfc6d4b" outcome="Passed" testListId="8c84fa94-04c1-424b-9868-57a2d4851a1d" relativeResultsDirectory="8afe6cf1-cf09-4f18-81da-80e150c0fce8" />
    <UnitTestResult executionId="c4ce4d3a-d44f-460d-9943-2333223c7ddb" testId="511f69f7-a0fb-1d5f-80a7-db38c945bbc4" testName="FormatToStringTest1000(67338.80028760935d,&quot;67338.80 zł&quot;)" computerName="DESKTOP-5URQ9PB" duration="00:00:00.0000190" startTime="2022-06-13T21:13:44.9195993+02:00" endTime="2022-06-13T21:13:44.9196179+02:00" testType="13cdc9d9-ddb5-4fa4-a97d-d965ccfc6d4b" outcome="Passed" testListId="8c84fa94-04c1-424b-9868-57a2d4851a1d" relativeResultsDirectory="c4ce4d3a-d44f-460d-9943-2333223c7ddb" />
    <UnitTestResult executionId="93ca077d-978a-4d68-8fb0-527acbc3adc7" testId="149b451f-18ff-71da-64d2-d4ad70318933" testName="FormatToStringTest1000(28080.92507087669d,&quot;28080.93 zł&quot;)" computerName="DESKTOP-5URQ9PB" duration="00:00:00.0000200" startTime="2022-06-13T21:13:44.9412344+02:00" endTime="2022-06-13T21:13:44.9412543+02:00" testType="13cdc9d9-ddb5-4fa4-a97d-d965ccfc6d4b" outcome="Passed" testListId="8c84fa94-04c1-424b-9868-57a2d4851a1d" relativeResultsDirectory="93ca077d-978a-4d68-8fb0-527acbc3adc7" />
    <UnitTestResult executionId="238d4067-f6ed-494d-948a-93b61dce6956" testId="45d434bd-96d2-7ca0-c594-4cf5e3f89416" testName="FormatToStringTest1000(3092.9215945624383d,&quot;3092.92 zł&quot;)" computerName="DESKTOP-5URQ9PB" duration="00:00:00.0000190" startTime="2022-06-13T21:13:44.9333444+02:00" endTime="2022-06-13T21:13:44.9333628+02:00" testType="13cdc9d9-ddb5-4fa4-a97d-d965ccfc6d4b" outcome="Passed" testListId="8c84fa94-04c1-424b-9868-57a2d4851a1d" relativeResultsDirectory="238d4067-f6ed-494d-948a-93b61dce6956" />
    <UnitTestResult executionId="8c376cbf-a673-4af3-b491-f98c85296462" testId="942f2440-35ec-8291-0e34-266a90087e97" testName="FormatToStringTest1000(12641.700665183225d,&quot;12641.70 zł&quot;)" computerName="DESKTOP-5URQ9PB" duration="00:00:00.0000190" startTime="2022-06-13T21:13:44.9255298+02:00" endTime="2022-06-13T21:13:44.9255484+02:00" testType="13cdc9d9-ddb5-4fa4-a97d-d965ccfc6d4b" outcome="Passed" testListId="8c84fa94-04c1-424b-9868-57a2d4851a1d" relativeResultsDirectory="8c376cbf-a673-4af3-b491-f98c85296462" />
    <UnitTestResult executionId="71817636-97b1-49b0-8c23-a0fa160b3996" testId="b700fa6d-df15-3228-9006-81a0fe0edb31" testName="FormatToStringTest1000(6864.093052674129d,&quot;6864.09 zł&quot;)" computerName="DESKTOP-5URQ9PB" duration="00:00:00.0000190" startTime="2022-06-13T21:13:44.9213406+02:00" endTime="2022-06-13T21:13:44.9213592+02:00" testType="13cdc9d9-ddb5-4fa4-a97d-d965ccfc6d4b" outcome="Passed" testListId="8c84fa94-04c1-424b-9868-57a2d4851a1d" relativeResultsDirectory="71817636-97b1-49b0-8c23-a0fa160b3996" />
    <UnitTestResult executionId="bc0b0789-59d0-44de-8f36-2a1fbeb7a136" testId="0a21bad2-cce1-7c33-3af3-a6f4c4389e98" testName="FormatToStringTest1000(79339.95632144621d,&quot;79339.96 zł&quot;)" computerName="DESKTOP-5URQ9PB" duration="00:00:00.0000190" startTime="2022-06-13T21:13:44.9431294+02:00" endTime="2022-06-13T21:13:44.9431481+02:00" testType="13cdc9d9-ddb5-4fa4-a97d-d965ccfc6d4b" outcome="Passed" testListId="8c84fa94-04c1-424b-9868-57a2d4851a1d" relativeResultsDirectory="bc0b0789-59d0-44de-8f36-2a1fbeb7a136" />
    <UnitTestResult executionId="c9dbbf97-0c6f-458d-a69d-6da9aeb4e3ef" testId="dfaddf73-e2fe-692a-95cb-e0210649fd35" testName="FormatToStringTest1000(50991.22189691114d,&quot;50991.22 zł&quot;)" computerName="DESKTOP-5URQ9PB" duration="00:00:00.0000190" startTime="2022-06-13T21:13:44.9207902+02:00" endTime="2022-06-13T21:13:44.9208091+02:00" testType="13cdc9d9-ddb5-4fa4-a97d-d965ccfc6d4b" outcome="Passed" testListId="8c84fa94-04c1-424b-9868-57a2d4851a1d" relativeResultsDirectory="c9dbbf97-0c6f-458d-a69d-6da9aeb4e3ef" />
    <UnitTestResult executionId="40bb22f4-67ab-45ff-add3-dfe183aeeed8" testId="1772b5c8-17fc-7339-7078-7951ac9723dd" testName="FormatToStringTest1000(6323.24079469882d,&quot;6323.24 zł&quot;)" computerName="DESKTOP-5URQ9PB" duration="00:00:00.0000180" startTime="2022-06-13T21:13:44.9253289+02:00" endTime="2022-06-13T21:13:44.9253469+02:00" testType="13cdc9d9-ddb5-4fa4-a97d-d965ccfc6d4b" outcome="Passed" testListId="8c84fa94-04c1-424b-9868-57a2d4851a1d" relativeResultsDirectory="40bb22f4-67ab-45ff-add3-dfe183aeeed8" />
    <UnitTestResult executionId="b8e0aa02-3377-4795-b22c-2f487f5fd1da" testId="6abd158c-e0bd-4354-9fac-ab6a832540d0" testName="FormatToStringTest1000(68770.73008707525d,&quot;68770.73 zł&quot;)" computerName="DESKTOP-5URQ9PB" duration="00:00:00.0000190" startTime="2022-06-13T21:13:44.9274188+02:00" endTime="2022-06-13T21:13:44.9274373+02:00" testType="13cdc9d9-ddb5-4fa4-a97d-d965ccfc6d4b" outcome="Passed" testListId="8c84fa94-04c1-424b-9868-57a2d4851a1d" relativeResultsDirectory="b8e0aa02-3377-4795-b22c-2f487f5fd1da" />
    <UnitTestResult executionId="b407366e-e855-404d-92d0-d8e7239ed7b9" testId="ddd788b7-fa29-d0c9-c87b-c6974b37dc7d" testName="FormatToStringTest1000(658.7555888573431d,&quot;658.76 zł&quot;)" computerName="DESKTOP-5URQ9PB" duration="00:00:00.0000190" startTime="2022-06-13T21:13:44.9298436+02:00" endTime="2022-06-13T21:13:44.9298623+02:00" testType="13cdc9d9-ddb5-4fa4-a97d-d965ccfc6d4b" outcome="Passed" testListId="8c84fa94-04c1-424b-9868-57a2d4851a1d" relativeResultsDirectory="b407366e-e855-404d-92d0-d8e7239ed7b9" />
    <UnitTestResult executionId="057eeb0c-25d3-4504-81e8-bcc10c9774f4" testId="e0081990-e732-207e-ce35-b6f9f879e1b0" testName="FormatToStringTest1000(12370.243090209198d,&quot;12370.24 zł&quot;)" computerName="DESKTOP-5URQ9PB" duration="00:00:00.0000200" startTime="2022-06-13T21:13:44.9304434+02:00" endTime="2022-06-13T21:13:44.9304627+02:00" testType="13cdc9d9-ddb5-4fa4-a97d-d965ccfc6d4b" outcome="Passed" testListId="8c84fa94-04c1-424b-9868-57a2d4851a1d" relativeResultsDirectory="057eeb0c-25d3-4504-81e8-bcc10c9774f4" />
    <UnitTestResult executionId="61297e8a-d16d-48fe-846c-abf55631a769" testId="cb9006f5-cf8f-a741-60da-88003562c888" testName="FormatToStringTest1000(12308.022158465357d,&quot;12308.02 zł&quot;)" computerName="DESKTOP-5URQ9PB" duration="00:00:00.0000190" startTime="2022-06-13T21:13:44.9287601+02:00" endTime="2022-06-13T21:13:44.9287786+02:00" testType="13cdc9d9-ddb5-4fa4-a97d-d965ccfc6d4b" outcome="Passed" testListId="8c84fa94-04c1-424b-9868-57a2d4851a1d" relativeResultsDirectory="61297e8a-d16d-48fe-846c-abf55631a769" />
    <UnitTestResult executionId="b64cd2f6-00b9-4b4a-a336-ccd2215b0302" testId="7ac2c24b-6445-4ff2-9faa-1ce73a74728d" testName="FormatToStringTest1000(14635.510547500808d,&quot;14635.51 zł&quot;)" computerName="DESKTOP-5URQ9PB" duration="00:00:00.0000190" startTime="2022-06-13T21:13:44.9350667+02:00" endTime="2022-06-13T21:13:44.9350858+02:00" testType="13cdc9d9-ddb5-4fa4-a97d-d965ccfc6d4b" outcome="Passed" testListId="8c84fa94-04c1-424b-9868-57a2d4851a1d" relativeResultsDirectory="b64cd2f6-00b9-4b4a-a336-ccd2215b0302" />
    <UnitTestResult executionId="20a53586-1add-4cfe-a92a-c8d365a30379" testId="8f06716c-c7ff-1247-d243-6eeb705848f7" testName="FormatToStringTest1000(11904.111251175456d,&quot;11904.11 zł&quot;)" computerName="DESKTOP-5URQ9PB" duration="00:00:00.0000190" startTime="2022-06-13T21:13:44.9241730+02:00" endTime="2022-06-13T21:13:44.9241913+02:00" testType="13cdc9d9-ddb5-4fa4-a97d-d965ccfc6d4b" outcome="Passed" testListId="8c84fa94-04c1-424b-9868-57a2d4851a1d" relativeResultsDirectory="20a53586-1add-4cfe-a92a-c8d365a30379" />
    <UnitTestResult executionId="a4795bfd-ce3f-4198-afe4-756fd72efd39" testId="96997772-f691-ce37-8af7-583f0500af76" testName="FormatToStringTest1000(6429.44273095552d,&quot;6429.44 zł&quot;)" computerName="DESKTOP-5URQ9PB" duration="00:00:00.0000190" startTime="2022-06-13T21:13:44.9294636+02:00" endTime="2022-06-13T21:13:44.9294820+02:00" testType="13cdc9d9-ddb5-4fa4-a97d-d965ccfc6d4b" outcome="Passed" testListId="8c84fa94-04c1-424b-9868-57a2d4851a1d" relativeResultsDirectory="a4795bfd-ce3f-4198-afe4-756fd72efd39" />
    <UnitTestResult executionId="46e852b6-45af-4dac-8215-83708beb0489" testId="07033e2b-ce19-3c9a-f51d-d9b702d310a1" testName="FormatToStringTest1000(21281.64584727662d,&quot;21281.65 zł&quot;)" computerName="DESKTOP-5URQ9PB" duration="00:00:00.0000200" startTime="2022-06-13T21:13:44.9245238+02:00" endTime="2022-06-13T21:13:44.9245440+02:00" testType="13cdc9d9-ddb5-4fa4-a97d-d965ccfc6d4b" outcome="Passed" testListId="8c84fa94-04c1-424b-9868-57a2d4851a1d" relativeResultsDirectory="46e852b6-45af-4dac-8215-83708beb0489" />
    <UnitTestResult executionId="3cd4826a-f95c-4e73-b1e6-72d317ee1080" testId="f0cd9acd-b821-1b3b-6a4a-691c6f1f639a" testName="FormatToStringTest1000(464.74397441965715d,&quot;464.74 zł&quot;)" computerName="DESKTOP-5URQ9PB" duration="00:00:00.0000280" startTime="2022-06-13T21:13:44.9314290+02:00" endTime="2022-06-13T21:13:44.9314568+02:00" testType="13cdc9d9-ddb5-4fa4-a97d-d965ccfc6d4b" outcome="Passed" testListId="8c84fa94-04c1-424b-9868-57a2d4851a1d" relativeResultsDirectory="3cd4826a-f95c-4e73-b1e6-72d317ee1080" />
    <UnitTestResult executionId="35224f8f-aa45-45d3-a258-2116abab7469" testId="cba33adf-d8e4-1800-afdf-f1e10b328694" testName="FormatToStringTest1000(39531.95190033268d,&quot;39531.95 zł&quot;)" computerName="DESKTOP-5URQ9PB" duration="00:00:00.0000190" startTime="2022-06-13T21:13:44.9363229+02:00" endTime="2022-06-13T21:13:44.9363420+02:00" testType="13cdc9d9-ddb5-4fa4-a97d-d965ccfc6d4b" outcome="Passed" testListId="8c84fa94-04c1-424b-9868-57a2d4851a1d" relativeResultsDirectory="35224f8f-aa45-45d3-a258-2116abab7469" />
    <UnitTestResult executionId="f4a0d4b0-657f-402d-b6ac-a635b23cff3c" testId="d7323b46-e742-10c6-7291-609e242e6eac" testName="FormatToStringTest1000(36969.98585167247d,&quot;36969.99 zł&quot;)" computerName="DESKTOP-5URQ9PB" duration="00:00:00.0000240" startTime="2022-06-13T21:13:44.9237177+02:00" endTime="2022-06-13T21:13:44.9237413+02:00" testType="13cdc9d9-ddb5-4fa4-a97d-d965ccfc6d4b" outcome="Passed" testListId="8c84fa94-04c1-424b-9868-57a2d4851a1d" relativeResultsDirectory="f4a0d4b0-657f-402d-b6ac-a635b23cff3c" />
    <UnitTestResult executionId="2168f17c-795b-4564-b12c-a83c08eb04af" testId="e8132b4a-b72b-7d8e-d5ad-2056ee804391" testName="FormatToStringTest1000(10066.059180456241d,&quot;10066.06 zł&quot;)" computerName="DESKTOP-5URQ9PB" duration="00:00:00.0000190" startTime="2022-06-13T21:13:44.9402554+02:00" endTime="2022-06-13T21:13:44.9402738+02:00" testType="13cdc9d9-ddb5-4fa4-a97d-d965ccfc6d4b" outcome="Passed" testListId="8c84fa94-04c1-424b-9868-57a2d4851a1d" relativeResultsDirectory="2168f17c-795b-4564-b12c-a83c08eb04af" />
    <UnitTestResult executionId="6dc14be0-a3ba-43f7-8701-90b242212a1f" testId="eb2e7461-d939-c702-00f6-a6f4037fdc3f" testName="FormatToStringTest1000(19609.759296997803d,&quot;19609.76 zł&quot;)" computerName="DESKTOP-5URQ9PB" duration="00:00:00.0000190" startTime="2022-06-13T21:13:44.9293390+02:00" endTime="2022-06-13T21:13:44.9293573+02:00" testType="13cdc9d9-ddb5-4fa4-a97d-d965ccfc6d4b" outcome="Passed" testListId="8c84fa94-04c1-424b-9868-57a2d4851a1d" relativeResultsDirectory="6dc14be0-a3ba-43f7-8701-90b242212a1f" />
    <UnitTestResult executionId="96a40656-a24b-4c96-9115-5b4c0bd5854f" testId="6a41f5f3-49f1-a289-ed1a-edcf9c86dd3e" testName="FormatToStringTest1000(95353.10327693219d,&quot;95353.10 zł&quot;)" computerName="DESKTOP-5URQ9PB" duration="00:00:00.0000190" startTime="2022-06-13T21:13:44.9234187+02:00" endTime="2022-06-13T21:13:44.9234377+02:00" testType="13cdc9d9-ddb5-4fa4-a97d-d965ccfc6d4b" outcome="Passed" testListId="8c84fa94-04c1-424b-9868-57a2d4851a1d" relativeResultsDirectory="96a40656-a24b-4c96-9115-5b4c0bd5854f" />
    <UnitTestResult executionId="50273cae-d45d-46ec-a0d6-3f3f7184d9be" testId="9cea378d-92c3-1f1c-ce51-cbbf77aae662" testName="FormatToStringTest1000(9765.54450809748d,&quot;9765.54 zł&quot;)" computerName="DESKTOP-5URQ9PB" duration="00:00:00.0000200" startTime="2022-06-13T21:13:44.9242720+02:00" endTime="2022-06-13T21:13:44.9242917+02:00" testType="13cdc9d9-ddb5-4fa4-a97d-d965ccfc6d4b" outcome="Passed" testListId="8c84fa94-04c1-424b-9868-57a2d4851a1d" relativeResultsDirectory="50273cae-d45d-46ec-a0d6-3f3f7184d9be" />
    <UnitTestResult executionId="30d550bd-6d85-4efa-a0ce-b6c0814d8681" testId="9bb26f6e-1e2c-da60-973e-eeca518679d1" testName="FormatToStringTest1000(27050.586848031067d,&quot;27050.59 zł&quot;)" computerName="DESKTOP-5URQ9PB" duration="00:00:00.0000200" startTime="2022-06-13T21:13:44.9191849+02:00" endTime="2022-06-13T21:13:44.9192049+02:00" testType="13cdc9d9-ddb5-4fa4-a97d-d965ccfc6d4b" outcome="Passed" testListId="8c84fa94-04c1-424b-9868-57a2d4851a1d" relativeResultsDirectory="30d550bd-6d85-4efa-a0ce-b6c0814d8681" />
    <UnitTestResult executionId="e8735986-6dd4-47cf-b8cc-676caaae3e35" testId="1b0d351a-508f-0807-0c94-56d657ae1623" testName="FormatToStringTest1000(43799.04472166535d,&quot;43799.04 zł&quot;)" computerName="DESKTOP-5URQ9PB" duration="00:00:00.0000190" startTime="2022-06-13T21:13:44.9291881+02:00" endTime="2022-06-13T21:13:44.9292067+02:00" testType="13cdc9d9-ddb5-4fa4-a97d-d965ccfc6d4b" outcome="Passed" testListId="8c84fa94-04c1-424b-9868-57a2d4851a1d" relativeResultsDirectory="e8735986-6dd4-47cf-b8cc-676caaae3e35" />
    <UnitTestResult executionId="ffed8235-8535-4b30-ba6e-c0aee9703842" testId="c989053d-c573-450d-6001-a75cbe93e089" testName="FormatToStringTest1000(14920.620598662934d,&quot;14920.62 zł&quot;)" computerName="DESKTOP-5URQ9PB" duration="00:00:00.0000190" startTime="2022-06-13T21:13:44.9240490+02:00" endTime="2022-06-13T21:13:44.9240675+02:00" testType="13cdc9d9-ddb5-4fa4-a97d-d965ccfc6d4b" outcome="Passed" testListId="8c84fa94-04c1-424b-9868-57a2d4851a1d" relativeResultsDirectory="ffed8235-8535-4b30-ba6e-c0aee9703842" />
    <UnitTestResult executionId="b3029aa5-8b60-44ab-8030-acd1980bef01" testId="5da451a5-54a7-b58b-ab8b-8b1b8384fd01" testName="FormatToStringTest1000(3700.029953029021d,&quot;3700.03 zł&quot;)" computerName="DESKTOP-5URQ9PB" duration="00:00:00.0000180" startTime="2022-06-13T21:13:44.9251055+02:00" endTime="2022-06-13T21:13:44.9251238+02:00" testType="13cdc9d9-ddb5-4fa4-a97d-d965ccfc6d4b" outcome="Passed" testListId="8c84fa94-04c1-424b-9868-57a2d4851a1d" relativeResultsDirectory="b3029aa5-8b60-44ab-8030-acd1980bef01" />
    <UnitTestResult executionId="b4d5d685-acbf-45d6-9315-be948969ce7c" testId="75afa51d-4efe-ca98-69aa-dcba7171c9c1" testName="FormatToStringTest1000(6313.543884690639d,&quot;6313.54 zł&quot;)" computerName="DESKTOP-5URQ9PB" duration="00:00:00.0000190" startTime="2022-06-13T21:13:44.9296134+02:00" endTime="2022-06-13T21:13:44.9296324+02:00" testType="13cdc9d9-ddb5-4fa4-a97d-d965ccfc6d4b" outcome="Passed" testListId="8c84fa94-04c1-424b-9868-57a2d4851a1d" relativeResultsDirectory="b4d5d685-acbf-45d6-9315-be948969ce7c" />
    <UnitTestResult executionId="d0e00265-1530-4e2f-a64b-c4103f36dfa1" testId="72246d42-3df4-5454-c0c9-cf24737deb1a" testName="FormatToStringTest1000(32732.81915128502d,&quot;32732.82 zł&quot;)" computerName="DESKTOP-5URQ9PB" duration="00:00:00.0000190" startTime="2022-06-13T21:13:44.9315397+02:00" endTime="2022-06-13T21:13:44.9315590+02:00" testType="13cdc9d9-ddb5-4fa4-a97d-d965ccfc6d4b" outcome="Passed" testListId="8c84fa94-04c1-424b-9868-57a2d4851a1d" relativeResultsDirectory="d0e00265-1530-4e2f-a64b-c4103f36dfa1" />
    <UnitTestResult executionId="de3dc8aa-70ee-454c-af94-dc05e2e3a7c4" testId="5e7725a9-9983-9545-b4e7-12fe284e2a95" testName="FormatToStringTest1000(89093.57120939044d,&quot;89093.57 zł&quot;)" computerName="DESKTOP-5URQ9PB" duration="00:00:00.0000180" startTime="2022-06-13T21:13:44.9382648+02:00" endTime="2022-06-13T21:13:44.9382829+02:00" testType="13cdc9d9-ddb5-4fa4-a97d-d965ccfc6d4b" outcome="Passed" testListId="8c84fa94-04c1-424b-9868-57a2d4851a1d" relativeResultsDirectory="de3dc8aa-70ee-454c-af94-dc05e2e3a7c4" />
    <UnitTestResult executionId="c1e5f1e1-7825-4758-b2cf-43c9d7a822fb" testId="d7f71e56-89f1-ca12-7436-85c71867f730" testName="FormatToStringTest1000(6946.333318357977d,&quot;6946.33 zł&quot;)" computerName="DESKTOP-5URQ9PB" duration="00:00:00.0000190" startTime="2022-06-13T21:13:44.9272677+02:00" endTime="2022-06-13T21:13:44.9272862+02:00" testType="13cdc9d9-ddb5-4fa4-a97d-d965ccfc6d4b" outcome="Passed" testListId="8c84fa94-04c1-424b-9868-57a2d4851a1d" relativeResultsDirectory="c1e5f1e1-7825-4758-b2cf-43c9d7a822fb" />
    <UnitTestResult executionId="577bcfa1-1ded-4f19-abf3-6cd9d8b8227f" testId="c08489ce-87ea-9273-1e82-87dd20c6c729" testName="FormatToStringTest1000(15907.394871033446d,&quot;15907.39 zł&quot;)" computerName="DESKTOP-5URQ9PB" duration="00:00:00.0000190" startTime="2022-06-13T21:13:44.9340244+02:00" endTime="2022-06-13T21:13:44.9340429+02:00" testType="13cdc9d9-ddb5-4fa4-a97d-d965ccfc6d4b" outcome="Passed" testListId="8c84fa94-04c1-424b-9868-57a2d4851a1d" relativeResultsDirectory="577bcfa1-1ded-4f19-abf3-6cd9d8b8227f" />
    <UnitTestResult executionId="eba468f4-57cb-4245-8c43-0d5dbce6517f" testId="11c041e5-c464-6527-9aa5-15185ee7ed3b" testName="FormatToStringTest1000(45340.017357165d,&quot;45340.02 zł&quot;)" computerName="DESKTOP-5URQ9PB" duration="00:00:00.0000190" startTime="2022-06-13T21:13:44.9309315+02:00" endTime="2022-06-13T21:13:44.9309499+02:00" testType="13cdc9d9-ddb5-4fa4-a97d-d965ccfc6d4b" outcome="Passed" testListId="8c84fa94-04c1-424b-9868-57a2d4851a1d" relativeResultsDirectory="eba468f4-57cb-4245-8c43-0d5dbce6517f" />
    <UnitTestResult executionId="fe11ad34-29fc-4c60-bcd3-4dc5c838b9d4" testId="3f6f5d68-0845-7e29-25ea-1750d0b3ad97" testName="FormatToStringTest1000(88489.14069749469d,&quot;88489.14 zł&quot;)" computerName="DESKTOP-5URQ9PB" duration="00:00:00.0000190" startTime="2022-06-13T21:13:44.9429545+02:00" endTime="2022-06-13T21:13:44.9429728+02:00" testType="13cdc9d9-ddb5-4fa4-a97d-d965ccfc6d4b" outcome="Passed" testListId="8c84fa94-04c1-424b-9868-57a2d4851a1d" relativeResultsDirectory="fe11ad34-29fc-4c60-bcd3-4dc5c838b9d4" />
    <UnitTestResult executionId="3b57595a-0cc3-4362-ae76-b7da57e0cfcd" testId="53f90dbe-f7ad-b0e7-04ef-fba16a107a6f" testName="FormatToStringTest1000(31163.834562352316d,&quot;31163.83 zł&quot;)" computerName="DESKTOP-5URQ9PB" duration="00:00:00.0000190" startTime="2022-06-13T21:13:44.9379887+02:00" endTime="2022-06-13T21:13:44.9380073+02:00" testType="13cdc9d9-ddb5-4fa4-a97d-d965ccfc6d4b" outcome="Passed" testListId="8c84fa94-04c1-424b-9868-57a2d4851a1d" relativeResultsDirectory="3b57595a-0cc3-4362-ae76-b7da57e0cfcd" />
    <UnitTestResult executionId="3c957894-423d-449b-9b62-8bae8ee8dc47" testId="6c111a58-0dcb-5d69-cab0-6f7362899525" testName="FormatToStringTest1000(9517.514896326473d,&quot;9517.51 zł&quot;)" computerName="DESKTOP-5URQ9PB" duration="00:00:00.0000180" startTime="2022-06-13T21:13:44.9344978+02:00" endTime="2022-06-13T21:13:44.9345162+02:00" testType="13cdc9d9-ddb5-4fa4-a97d-d965ccfc6d4b" outcome="Passed" testListId="8c84fa94-04c1-424b-9868-57a2d4851a1d" relativeResultsDirectory="3c957894-423d-449b-9b62-8bae8ee8dc47" />
    <UnitTestResult executionId="48b37af7-565e-463d-8987-5c80ba8bf971" testId="0bb6c333-e41f-4877-c81e-d24ff9ead53d" testName="FormatToStringTest1000(60299.23738666309d,&quot;60299.24 zł&quot;)" computerName="DESKTOP-5URQ9PB" duration="00:00:00.0000190" startTime="2022-06-13T21:13:44.9311853+02:00" endTime="2022-06-13T21:13:44.9312039+02:00" testType="13cdc9d9-ddb5-4fa4-a97d-d965ccfc6d4b" outcome="Passed" testListId="8c84fa94-04c1-424b-9868-57a2d4851a1d" relativeResultsDirectory="48b37af7-565e-463d-8987-5c80ba8bf971" />
    <UnitTestResult executionId="f72749f4-94f5-4719-b1b0-b406721e8634" testId="f1b541d5-278d-f2a3-2128-f16382bfc74f" testName="FormatToStringTest1000(75514.58914517732d,&quot;75514.59 zł&quot;)" computerName="DESKTOP-5URQ9PB" duration="00:00:00.0000180" startTime="2022-06-13T21:13:44.9283283+02:00" endTime="2022-06-13T21:13:44.9283466+02:00" testType="13cdc9d9-ddb5-4fa4-a97d-d965ccfc6d4b" outcome="Passed" testListId="8c84fa94-04c1-424b-9868-57a2d4851a1d" relativeResultsDirectory="f72749f4-94f5-4719-b1b0-b406721e8634" />
    <UnitTestResult executionId="a8c69d80-27ba-4bab-b937-da5eaee88986" testId="0f39fcee-dd2f-44a0-e35a-8e74fa0a37f5" testName="FormatToStringTest1000(47431.868885526375d,&quot;47431.87 zł&quot;)" computerName="DESKTOP-5URQ9PB" duration="00:00:00.0000190" startTime="2022-06-13T21:13:44.9325440+02:00" endTime="2022-06-13T21:13:44.9325627+02:00" testType="13cdc9d9-ddb5-4fa4-a97d-d965ccfc6d4b" outcome="Passed" testListId="8c84fa94-04c1-424b-9868-57a2d4851a1d" relativeResultsDirectory="a8c69d80-27ba-4bab-b937-da5eaee88986" />
    <UnitTestResult executionId="58600f75-0b3a-4565-9c9b-cc5de45ac1d7" testId="6c172272-73ee-1f81-5332-f3180f21fb30" testName="FormatToStringTest1000(20623.53139885493d,&quot;20623.53 zł&quot;)" computerName="DESKTOP-5URQ9PB" duration="00:00:00.0000200" startTime="2022-06-13T21:13:44.9232438+02:00" endTime="2022-06-13T21:13:44.9232633+02:00" testType="13cdc9d9-ddb5-4fa4-a97d-d965ccfc6d4b" outcome="Passed" testListId="8c84fa94-04c1-424b-9868-57a2d4851a1d" relativeResultsDirectory="58600f75-0b3a-4565-9c9b-cc5de45ac1d7" />
    <UnitTestResult executionId="14e9e4c1-9825-44b7-8742-b4b4841389e2" testId="acd7d1ab-8336-79e5-b078-d5eb4c962b29" testName="FormatToStringTest1000(16819.974312979717d,&quot;16819.97 zł&quot;)" computerName="DESKTOP-5URQ9PB" duration="00:00:00.0000200" startTime="2022-06-13T21:13:44.9285274+02:00" endTime="2022-06-13T21:13:44.9285467+02:00" testType="13cdc9d9-ddb5-4fa4-a97d-d965ccfc6d4b" outcome="Passed" testListId="8c84fa94-04c1-424b-9868-57a2d4851a1d" relativeResultsDirectory="14e9e4c1-9825-44b7-8742-b4b4841389e2" />
    <UnitTestResult executionId="7fcb48fc-793a-4cec-8693-b42810ddada5" testId="6b24d61a-9019-1031-1c97-d03508d4eb29" testName="FormatToStringTest1000(5759.256266560991d,&quot;5759.26 zł&quot;)" computerName="DESKTOP-5URQ9PB" duration="00:00:00.0000200" startTime="2022-06-13T21:13:44.9320946+02:00" endTime="2022-06-13T21:13:44.9321141+02:00" testType="13cdc9d9-ddb5-4fa4-a97d-d965ccfc6d4b" outcome="Passed" testListId="8c84fa94-04c1-424b-9868-57a2d4851a1d" relativeResultsDirectory="7fcb48fc-793a-4cec-8693-b42810ddada5" />
    <UnitTestResult executionId="425f8c49-257e-4418-9ded-26f4238948e9" testId="a2324ec9-fe68-9e74-cace-8efe295e824d" testName="FormatToStringTest1000(43424.45140075332d,&quot;43424.45 zł&quot;)" computerName="DESKTOP-5URQ9PB" duration="00:00:00.0000210" startTime="2022-06-13T21:13:44.9308032+02:00" endTime="2022-06-13T21:13:44.9308242+02:00" testType="13cdc9d9-ddb5-4fa4-a97d-d965ccfc6d4b" outcome="Passed" testListId="8c84fa94-04c1-424b-9868-57a2d4851a1d" relativeResultsDirectory="425f8c49-257e-4418-9ded-26f4238948e9" />
    <UnitTestResult executionId="813101e5-46d4-4bea-8af1-0c85f9d7508c" testId="4e103de3-4b59-b5f0-90dd-0864019a3e44" testName="FormatToStringTest1000(47163.337736466594d,&quot;47163.34 zł&quot;)" computerName="DESKTOP-5URQ9PB" duration="00:00:00.0000200" startTime="2022-06-13T21:13:44.9420190+02:00" endTime="2022-06-13T21:13:44.9420387+02:00" testType="13cdc9d9-ddb5-4fa4-a97d-d965ccfc6d4b" outcome="Passed" testListId="8c84fa94-04c1-424b-9868-57a2d4851a1d" relativeResultsDirectory="813101e5-46d4-4bea-8af1-0c85f9d7508c" />
    <UnitTestResult executionId="6fe24fd9-ae44-4022-a39b-1f9251385578" testId="cd1fce0e-40f1-2613-4ea2-fe4efaae7320" testName="FormatToStringTest1000(16030.852371789913d,&quot;16030.85 zł&quot;)" computerName="DESKTOP-5URQ9PB" duration="00:00:00.0000190" startTime="2022-06-13T21:13:44.9218219+02:00" endTime="2022-06-13T21:13:44.9218408+02:00" testType="13cdc9d9-ddb5-4fa4-a97d-d965ccfc6d4b" outcome="Passed" testListId="8c84fa94-04c1-424b-9868-57a2d4851a1d" relativeResultsDirectory="6fe24fd9-ae44-4022-a39b-1f9251385578" />
    <UnitTestResult executionId="b5e4a982-8c95-4a84-ad51-8e550d67841a" testId="b6ca1995-becc-76ce-0b28-eebf3dd3e464" testName="FormatToStringTest1000(22197.731451777618d,&quot;22197.73 zł&quot;)" computerName="DESKTOP-5URQ9PB" duration="00:00:00.0000270" startTime="2022-06-13T21:13:44.9313860+02:00" endTime="2022-06-13T21:13:44.9314131+02:00" testType="13cdc9d9-ddb5-4fa4-a97d-d965ccfc6d4b" outcome="Passed" testListId="8c84fa94-04c1-424b-9868-57a2d4851a1d" relativeResultsDirectory="b5e4a982-8c95-4a84-ad51-8e550d67841a" />
    <UnitTestResult executionId="00133557-cc75-4274-824b-a0d45f4e0874" testId="fb1c3a36-60dc-8fcd-b623-36588091afcb" testName="FormatToStringTest1000(25039.088753207627d,&quot;25039.09 zł&quot;)" computerName="DESKTOP-5URQ9PB" duration="00:00:00.0000190" startTime="2022-06-13T21:13:44.9331698+02:00" endTime="2022-06-13T21:13:44.9331881+02:00" testType="13cdc9d9-ddb5-4fa4-a97d-d965ccfc6d4b" outcome="Passed" testListId="8c84fa94-04c1-424b-9868-57a2d4851a1d" relativeResultsDirectory="00133557-cc75-4274-824b-a0d45f4e0874" />
    <UnitTestResult executionId="5e3e596a-307c-44f8-a571-e825feedca15" testId="f3dbad6e-a998-4f0d-7c83-23b7bc70f023" testName="FormatToStringTest1000(46803.36433423374d,&quot;46803.36 zł&quot;)" computerName="DESKTOP-5URQ9PB" duration="00:00:00.0000190" startTime="2022-06-13T21:13:44.9262352+02:00" endTime="2022-06-13T21:13:44.9262538+02:00" testType="13cdc9d9-ddb5-4fa4-a97d-d965ccfc6d4b" outcome="Passed" testListId="8c84fa94-04c1-424b-9868-57a2d4851a1d" relativeResultsDirectory="5e3e596a-307c-44f8-a571-e825feedca15" />
    <UnitTestResult executionId="5a4df7e2-66be-4ddf-b753-30983cdc2eca" testId="f557024d-69b9-3152-827e-4e57b8d0868d" testName="FormatToStringTest1000(96.75594581512546d,&quot;96.76 zł&quot;)" computerName="DESKTOP-5URQ9PB" duration="00:00:00.0000190" startTime="2022-06-13T21:13:44.9202869+02:00" endTime="2022-06-13T21:13:44.9203052+02:00" testType="13cdc9d9-ddb5-4fa4-a97d-d965ccfc6d4b" outcome="Passed" testListId="8c84fa94-04c1-424b-9868-57a2d4851a1d" relativeResultsDirectory="5a4df7e2-66be-4ddf-b753-30983cdc2eca" />
    <UnitTestResult executionId="a6fc28a6-8bbe-4af2-b2de-1539b792c908" testId="92867c0e-facc-7f59-b4bc-04e39d2ba464" testName="FormatToStringTest1000(657.5396922647672d,&quot;657.54 zł&quot;)" computerName="DESKTOP-5URQ9PB" duration="00:00:00.0000200" startTime="2022-06-13T21:13:44.9281261+02:00" endTime="2022-06-13T21:13:44.9281459+02:00" testType="13cdc9d9-ddb5-4fa4-a97d-d965ccfc6d4b" outcome="Passed" testListId="8c84fa94-04c1-424b-9868-57a2d4851a1d" relativeResultsDirectory="a6fc28a6-8bbe-4af2-b2de-1539b792c908" />
    <UnitTestResult executionId="0a93f930-9671-426b-b665-ddab9aa5dc5a" testId="506d41c9-bfc8-bf08-1307-c55fbf29a8e5" testName="FormatToStringTest1000(15566.957545477411d,&quot;15566.96 zł&quot;)" computerName="DESKTOP-5URQ9PB" duration="00:00:00.0000190" startTime="2022-06-13T21:13:44.9208651+02:00" endTime="2022-06-13T21:13:44.9208843+02:00" testType="13cdc9d9-ddb5-4fa4-a97d-d965ccfc6d4b" outcome="Passed" testListId="8c84fa94-04c1-424b-9868-57a2d4851a1d" relativeResultsDirectory="0a93f930-9671-426b-b665-ddab9aa5dc5a" />
    <UnitTestResult executionId="a78610b1-2404-4c5d-8b17-55dc812cec92" testId="41ef5fd9-da1d-a61b-4faa-45b077dd05bc" testName="FormatToStringTest1000(80609.94377465078d,&quot;80609.94 zł&quot;)" computerName="DESKTOP-5URQ9PB" duration="00:00:00.0000190" startTime="2022-06-13T21:13:44.9194173+02:00" endTime="2022-06-13T21:13:44.9194355+02:00" testType="13cdc9d9-ddb5-4fa4-a97d-d965ccfc6d4b" outcome="Passed" testListId="8c84fa94-04c1-424b-9868-57a2d4851a1d" relativeResultsDirectory="a78610b1-2404-4c5d-8b17-55dc812cec92" />
    <UnitTestResult executionId="d85125cb-0e84-4bf2-8769-1b0ad3c51d15" testId="092c2603-fe15-2655-d7c6-015786763712" testName="FormatToStringTest1000(7182.939759099362d,&quot;7182.94 zł&quot;)" computerName="DESKTOP-5URQ9PB" duration="00:00:00.0000190" startTime="2022-06-13T21:13:44.9258122+02:00" endTime="2022-06-13T21:13:44.9258306+02:00" testType="13cdc9d9-ddb5-4fa4-a97d-d965ccfc6d4b" outcome="Passed" testListId="8c84fa94-04c1-424b-9868-57a2d4851a1d" relativeResultsDirectory="d85125cb-0e84-4bf2-8769-1b0ad3c51d15" />
    <UnitTestResult executionId="8aba9b1e-dbca-4561-9093-efcca5b4b7b9" testId="f2ce681e-8a28-41b9-4a1e-04b76b54add8" testName="FormatToStringTest1000(1799.2562459103092d,&quot;1799.26 zł&quot;)" computerName="DESKTOP-5URQ9PB" duration="00:00:00.0000200" startTime="2022-06-13T21:13:44.9305179+02:00" endTime="2022-06-13T21:13:44.9305373+02:00" testType="13cdc9d9-ddb5-4fa4-a97d-d965ccfc6d4b" outcome="Passed" testListId="8c84fa94-04c1-424b-9868-57a2d4851a1d" relativeResultsDirectory="8aba9b1e-dbca-4561-9093-efcca5b4b7b9" />
    <UnitTestResult executionId="aadcccc8-3d8b-4d94-b6a3-4cb2c46eda33" testId="6320276e-3624-3a1c-7afd-537de60f89db" testName="FormatToStringTest1000(13402.882692040355d,&quot;13402.88 zł&quot;)" computerName="DESKTOP-5URQ9PB" duration="00:00:00.0000210" startTime="2022-06-13T21:13:44.9393454+02:00" endTime="2022-06-13T21:13:44.9393657+02:00" testType="13cdc9d9-ddb5-4fa4-a97d-d965ccfc6d4b" outcome="Passed" testListId="8c84fa94-04c1-424b-9868-57a2d4851a1d" relativeResultsDirectory="aadcccc8-3d8b-4d94-b6a3-4cb2c46eda33" />
    <UnitTestResult executionId="dfa821a5-5488-4c62-be59-d74fc6587394" testId="e6fa545c-dab4-f63e-4e3b-21ea6de7572d" testName="FormatToStringTest1000(9994.9471861026d,&quot;9994.95 zł&quot;)" computerName="DESKTOP-5URQ9PB" duration="00:00:00.0000190" startTime="2022-06-13T21:13:44.9255044+02:00" endTime="2022-06-13T21:13:44.9255236+02:00" testType="13cdc9d9-ddb5-4fa4-a97d-d965ccfc6d4b" outcome="Passed" testListId="8c84fa94-04c1-424b-9868-57a2d4851a1d" relativeResultsDirectory="dfa821a5-5488-4c62-be59-d74fc6587394" />
    <UnitTestResult executionId="9d6a867d-589b-4cc9-ab98-eddfc92af9ce" testId="0af23d0c-f1f0-deb1-181c-c50389a37384" testName="FormatToStringTest1000(19216.446905020366d,&quot;19216.45 zł&quot;)" computerName="DESKTOP-5URQ9PB" duration="00:00:00.0000190" startTime="2022-06-13T21:13:44.9219459+02:00" endTime="2022-06-13T21:13:44.9219648+02:00" testType="13cdc9d9-ddb5-4fa4-a97d-d965ccfc6d4b" outcome="Passed" testListId="8c84fa94-04c1-424b-9868-57a2d4851a1d" relativeResultsDirectory="9d6a867d-589b-4cc9-ab98-eddfc92af9ce" />
    <UnitTestResult executionId="1f25e843-fa41-428e-a2cf-811afe1dc982" testId="796d7949-31f4-bb9f-3f5b-ffa9238af688" testName="FormatToStringTest1000(75214.75000876503d,&quot;75214.75 zł&quot;)" computerName="DESKTOP-5URQ9PB" duration="00:00:00.0000190" startTime="2022-06-13T21:13:44.9295135+02:00" endTime="2022-06-13T21:13:44.9295321+02:00" testType="13cdc9d9-ddb5-4fa4-a97d-d965ccfc6d4b" outcome="Passed" testListId="8c84fa94-04c1-424b-9868-57a2d4851a1d" relativeResultsDirectory="1f25e843-fa41-428e-a2cf-811afe1dc982" />
    <UnitTestResult executionId="4b8f282f-f566-41f6-8b15-8f326cf56059" testId="d29aa2a9-a943-d583-f9f3-c1d6c5281005" testName="FormatToStringTest1000(57713.01647853712d,&quot;57713.02 zł&quot;)" computerName="DESKTOP-5URQ9PB" duration="00:00:00.0000190" startTime="2022-06-13T21:13:44.9325938+02:00" endTime="2022-06-13T21:13:44.9326121+02:00" testType="13cdc9d9-ddb5-4fa4-a97d-d965ccfc6d4b" outcome="Passed" testListId="8c84fa94-04c1-424b-9868-57a2d4851a1d" relativeResultsDirectory="4b8f282f-f566-41f6-8b15-8f326cf56059" />
    <UnitTestResult executionId="f4d2cfd6-5ffc-4ce9-92b0-8a09a8743f35" testId="fa43237f-8d58-c9ec-b71e-9d381e3b47f2" testName="FormatToStringTest1000(12091.219941106729d,&quot;12091.22 zł&quot;)" computerName="DESKTOP-5URQ9PB" duration="00:00:00.0000240" startTime="2022-06-13T21:13:44.9247250+02:00" endTime="2022-06-13T21:13:44.9247491+02:00" testType="13cdc9d9-ddb5-4fa4-a97d-d965ccfc6d4b" outcome="Passed" testListId="8c84fa94-04c1-424b-9868-57a2d4851a1d" relativeResultsDirectory="f4d2cfd6-5ffc-4ce9-92b0-8a09a8743f35" />
    <UnitTestResult executionId="a184e0d0-d172-4177-8d28-4cb4615652c2" testId="35de634f-b340-f79b-b6a0-46426bd56e47" testName="FormatToStringTest1000(24137.016609529506d,&quot;24137.02 zł&quot;)" computerName="DESKTOP-5URQ9PB" duration="00:00:00.0000190" startTime="2022-06-13T21:13:44.9392956+02:00" endTime="2022-06-13T21:13:44.9393139+02:00" testType="13cdc9d9-ddb5-4fa4-a97d-d965ccfc6d4b" outcome="Passed" testListId="8c84fa94-04c1-424b-9868-57a2d4851a1d" relativeResultsDirectory="a184e0d0-d172-4177-8d28-4cb4615652c2" />
    <UnitTestResult executionId="11e0ea21-4f7c-4582-8cfa-26b104149274" testId="cdeb3be1-fe32-ff89-e068-e42e39c27a73" testName="FormatToStringTest1000(13844.577623300524d,&quot;13844.58 zł&quot;)" computerName="DESKTOP-5URQ9PB" duration="00:00:00.0000190" startTime="2022-06-13T21:13:44.9247803+02:00" endTime="2022-06-13T21:13:44.9247990+02:00" testType="13cdc9d9-ddb5-4fa4-a97d-d965ccfc6d4b" outcome="Passed" testListId="8c84fa94-04c1-424b-9868-57a2d4851a1d" relativeResultsDirectory="11e0ea21-4f7c-4582-8cfa-26b104149274" />
    <UnitTestResult executionId="368d6866-3e2d-4b7c-af23-38b460c5735f" testId="80343684-0ab4-f75e-30e6-62b08568fe03" testName="FormatToStringTest1000(31290.71396233687d,&quot;31290.71 zł&quot;)" computerName="DESKTOP-5URQ9PB" duration="00:00:00.0000190" startTime="2022-06-13T21:13:44.9205354+02:00" endTime="2022-06-13T21:13:44.9205543+02:00" testType="13cdc9d9-ddb5-4fa4-a97d-d965ccfc6d4b" outcome="Passed" testListId="8c84fa94-04c1-424b-9868-57a2d4851a1d" relativeResultsDirectory="368d6866-3e2d-4b7c-af23-38b460c5735f" />
    <UnitTestResult executionId="a7e93590-d16a-4053-a3db-5216b370babe" testId="e0c95d42-cf00-fbc7-42ac-a320fc125b1e" testName="FormatToStringTest1000(35784.54232617307d,&quot;35784.54 zł&quot;)" computerName="DESKTOP-5URQ9PB" duration="00:00:00.0000190" startTime="2022-06-13T21:13:44.9196502+02:00" endTime="2022-06-13T21:13:44.9196690+02:00" testType="13cdc9d9-ddb5-4fa4-a97d-d965ccfc6d4b" outcome="Passed" testListId="8c84fa94-04c1-424b-9868-57a2d4851a1d" relativeResultsDirectory="a7e93590-d16a-4053-a3db-5216b370babe" />
    <UnitTestResult executionId="a986bd6a-d9bb-4cce-b581-8464b10034c8" testId="9ac323b2-f4ee-1c5b-c335-774c81e0e08d" testName="FormatToStringTest1000(1313.0279238368514d,&quot;1313.03 zł&quot;)" computerName="DESKTOP-5URQ9PB" duration="00:00:00.0000180" startTime="2022-06-13T21:13:44.9371983+02:00" endTime="2022-06-13T21:13:44.9372165+02:00" testType="13cdc9d9-ddb5-4fa4-a97d-d965ccfc6d4b" outcome="Passed" testListId="8c84fa94-04c1-424b-9868-57a2d4851a1d" relativeResultsDirectory="a986bd6a-d9bb-4cce-b581-8464b10034c8" />
    <UnitTestResult executionId="8d099613-afdf-4b3f-836c-3cf91d689d56" testId="9e567b4f-5898-461c-b4e9-b51ec60ad377" testName="FormatToStringTest1000(22743.19734205827d,&quot;22743.20 zł&quot;)" computerName="DESKTOP-5URQ9PB" duration="00:00:00.0000190" startTime="2022-06-13T21:13:44.9270171+02:00" endTime="2022-06-13T21:13:44.9270360+02:00" testType="13cdc9d9-ddb5-4fa4-a97d-d965ccfc6d4b" outcome="Passed" testListId="8c84fa94-04c1-424b-9868-57a2d4851a1d" relativeResultsDirectory="8d099613-afdf-4b3f-836c-3cf91d689d56" />
    <UnitTestResult executionId="545980f8-513e-4ea7-8732-f0884d256c6b" testId="b8049e3c-9c33-aae7-ee13-10324d7813cb" testName="FormatToStringTest1000(19397.344749736294d,&quot;19397.34 zł&quot;)" computerName="DESKTOP-5URQ9PB" duration="00:00:00.0000200" startTime="2022-06-13T21:13:44.9415360+02:00" endTime="2022-06-13T21:13:44.9415556+02:00" testType="13cdc9d9-ddb5-4fa4-a97d-d965ccfc6d4b" outcome="Passed" testListId="8c84fa94-04c1-424b-9868-57a2d4851a1d" relativeResultsDirectory="545980f8-513e-4ea7-8732-f0884d256c6b" />
    <UnitTestResult executionId="e924ace2-4d07-4c36-b54f-3c7e306eead8" testId="becea41b-b5f7-1be9-14b7-7b47b08d6269" testName="FormatToStringTest1000(37114.901517336206d,&quot;37114.90 zł&quot;)" computerName="DESKTOP-5URQ9PB" duration="00:00:00.0000180" startTime="2022-06-13T21:13:44.9395965+02:00" endTime="2022-06-13T21:13:44.9396146+02:00" testType="13cdc9d9-ddb5-4fa4-a97d-d965ccfc6d4b" outcome="Passed" testListId="8c84fa94-04c1-424b-9868-57a2d4851a1d" relativeResultsDirectory="e924ace2-4d07-4c36-b54f-3c7e306eead8" />
    <UnitTestResult executionId="d4886f4e-55cf-44c6-ae3f-8e88b16e42cd" testId="5ec8d008-0362-0f87-55a5-ff4397c5ceeb" testName="FormatToStringTest1000(7370.518277515898d,&quot;7370.52 zł&quot;)" computerName="DESKTOP-5URQ9PB" duration="00:00:00.0000190" startTime="2022-06-13T21:13:44.9264094+02:00" endTime="2022-06-13T21:13:44.9264283+02:00" testType="13cdc9d9-ddb5-4fa4-a97d-d965ccfc6d4b" outcome="Passed" testListId="8c84fa94-04c1-424b-9868-57a2d4851a1d" relativeResultsDirectory="d4886f4e-55cf-44c6-ae3f-8e88b16e42cd" />
    <UnitTestResult executionId="5792b81c-e4e9-494b-8cdf-44c1e5a8ed0c" testId="f86161bd-f5ff-e739-8561-c83ff6f0d4a9" testName="FormatToStringTest1000(13046.352146307172d,&quot;13046.35 zł&quot;)" computerName="DESKTOP-5URQ9PB" duration="00:00:00.0000200" startTime="2022-06-13T21:13:44.9418945+02:00" endTime="2022-06-13T21:13:44.9419139+02:00" testType="13cdc9d9-ddb5-4fa4-a97d-d965ccfc6d4b" outcome="Passed" testListId="8c84fa94-04c1-424b-9868-57a2d4851a1d" relativeResultsDirectory="5792b81c-e4e9-494b-8cdf-44c1e5a8ed0c" />
    <UnitTestResult executionId="c6f64bca-46f8-4ffc-8946-6d8a61c6e4f4" testId="c93cdb71-2111-93a4-4cd8-a7548cb72ed0" testName="FormatToStringTest1000(9774.341362926803d,&quot;9774.34 zł&quot;)" computerName="DESKTOP-5URQ9PB" duration="00:00:00.0000190" startTime="2022-06-13T21:13:44.9226170+02:00" endTime="2022-06-13T21:13:44.9226356+02:00" testType="13cdc9d9-ddb5-4fa4-a97d-d965ccfc6d4b" outcome="Passed" testListId="8c84fa94-04c1-424b-9868-57a2d4851a1d" relativeResultsDirectory="c6f64bca-46f8-4ffc-8946-6d8a61c6e4f4" />
    <UnitTestResult executionId="d16cb4ef-7864-4fcb-b2d3-c351790ad72f" testId="036a6ec9-ae68-934b-9f02-a81dae974d18" testName="FormatToStringTest1000(1664.7834932994022d,&quot;1664.78 zł&quot;)" computerName="DESKTOP-5URQ9PB" duration="00:00:00.0000190" startTime="2022-06-13T21:13:44.9432550+02:00" endTime="2022-06-13T21:13:44.9432743+02:00" testType="13cdc9d9-ddb5-4fa4-a97d-d965ccfc6d4b" outcome="Passed" testListId="8c84fa94-04c1-424b-9868-57a2d4851a1d" relativeResultsDirectory="d16cb4ef-7864-4fcb-b2d3-c351790ad72f" />
    <UnitTestResult executionId="6fa71a44-0528-4acb-94bc-e0b74cbd17e8" testId="aadeeabc-272f-9cbf-16ad-69443e81df6f" testName="FormatToStringTest1000(3846.644792262765d,&quot;3846.64 zł&quot;)" computerName="DESKTOP-5URQ9PB" duration="00:00:00.0000200" startTime="2022-06-13T21:13:44.9246497+02:00" endTime="2022-06-13T21:13:44.9246691+02:00" testType="13cdc9d9-ddb5-4fa4-a97d-d965ccfc6d4b" outcome="Passed" testListId="8c84fa94-04c1-424b-9868-57a2d4851a1d" relativeResultsDirectory="6fa71a44-0528-4acb-94bc-e0b74cbd17e8" />
    <UnitTestResult executionId="c13902d8-924c-4306-8eca-e54cfb5be28f" testId="9a621664-b485-1b19-02d4-7ca92799a60b" testName="FormatToStringTest1000(13286.856387228174d,&quot;13286.86 zł&quot;)" computerName="DESKTOP-5URQ9PB" duration="00:00:00.0000180" startTime="2022-06-13T21:13:44.9385654+02:00" endTime="2022-06-13T21:13:44.9385835+02:00" testType="13cdc9d9-ddb5-4fa4-a97d-d965ccfc6d4b" outcome="Passed" testListId="8c84fa94-04c1-424b-9868-57a2d4851a1d" relativeResultsDirectory="c13902d8-924c-4306-8eca-e54cfb5be28f" />
    <UnitTestResult executionId="f11ccf4f-b94d-44da-920e-777837fe64f5" testId="e616a89e-e9f6-0465-592f-c052811c9fe2" testName="FormatToStringTest1000(70432.00656616595d,&quot;70432.01 zł&quot;)" computerName="DESKTOP-5URQ9PB" duration="00:00:00.0000200" startTime="2022-06-13T21:13:44.9405790+02:00" endTime="2022-06-13T21:13:44.9405984+02:00" testType="13cdc9d9-ddb5-4fa4-a97d-d965ccfc6d4b" outcome="Passed" testListId="8c84fa94-04c1-424b-9868-57a2d4851a1d" relativeResultsDirectory="f11ccf4f-b94d-44da-920e-777837fe64f5" />
    <UnitTestResult executionId="e076a115-b9fe-4cf7-897c-5b088305ebc6" testId="f2fa6d2d-1c35-dcc0-50da-39045d7858e4" testName="FormatToStringTest1000(7458.609645228652d,&quot;7458.61 zł&quot;)" computerName="DESKTOP-5URQ9PB" duration="00:00:00.0000190" startTime="2022-06-13T21:13:44.9201383+02:00" endTime="2022-06-13T21:13:44.9201574+02:00" testType="13cdc9d9-ddb5-4fa4-a97d-d965ccfc6d4b" outcome="Passed" testListId="8c84fa94-04c1-424b-9868-57a2d4851a1d" relativeResultsDirectory="e076a115-b9fe-4cf7-897c-5b088305ebc6" />
    <UnitTestResult executionId="9f9a6311-437a-49fd-accd-32ce3ac2dcda" testId="bfb43a18-8b27-64cf-f833-254fc2466b22" testName="FormatToStringTest1000(759.247198292635d,&quot;759.25 zł&quot;)" computerName="DESKTOP-5URQ9PB" duration="00:00:00.0000190" startTime="2022-06-13T21:13:44.9259364+02:00" endTime="2022-06-13T21:13:44.9259548+02:00" testType="13cdc9d9-ddb5-4fa4-a97d-d965ccfc6d4b" outcome="Passed" testListId="8c84fa94-04c1-424b-9868-57a2d4851a1d" relativeResultsDirectory="9f9a6311-437a-49fd-accd-32ce3ac2dcda" />
    <UnitTestResult executionId="b0914a64-7ea3-492a-ba7a-ddc7f1cd8497" testId="1a9a0ddf-514c-baf9-413c-22119b976aa4" testName="FormatToStringTest1000(81326.3340147521d,&quot;81326.33 zł&quot;)" computerName="DESKTOP-5URQ9PB" duration="00:00:00.0000190" startTime="2022-06-13T21:13:44.9399557+02:00" endTime="2022-06-13T21:13:44.9399742+02:00" testType="13cdc9d9-ddb5-4fa4-a97d-d965ccfc6d4b" outcome="Passed" testListId="8c84fa94-04c1-424b-9868-57a2d4851a1d" relativeResultsDirectory="b0914a64-7ea3-492a-ba7a-ddc7f1cd8497" />
    <UnitTestResult executionId="9f0d5172-9087-4113-9c95-2b83021b121f" testId="2287085c-f0e1-b4ec-fa14-c4512658a9fe" testName="FormatToStringTest1000(6262.373413993219d,&quot;6262.37 zł&quot;)" computerName="DESKTOP-5URQ9PB" duration="00:00:00.0000180" startTime="2022-06-13T21:13:44.9269420+02:00" endTime="2022-06-13T21:13:44.9269604+02:00" testType="13cdc9d9-ddb5-4fa4-a97d-d965ccfc6d4b" outcome="Passed" testListId="8c84fa94-04c1-424b-9868-57a2d4851a1d" relativeResultsDirectory="9f0d5172-9087-4113-9c95-2b83021b121f" />
    <UnitTestResult executionId="a79f7363-d61d-4461-8b4b-89002fd0e2dc" testId="db065917-a97a-fe61-77a4-bb6c5d5457d5" testName="FormatToStringTest1000(9897.705953436767d,&quot;9897.71 zł&quot;)" computerName="DESKTOP-5URQ9PB" duration="00:00:00.0000180" startTime="2022-06-13T21:13:44.9323702+02:00" endTime="2022-06-13T21:13:44.9323885+02:00" testType="13cdc9d9-ddb5-4fa4-a97d-d965ccfc6d4b" outcome="Passed" testListId="8c84fa94-04c1-424b-9868-57a2d4851a1d" relativeResultsDirectory="a79f7363-d61d-4461-8b4b-89002fd0e2dc" />
    <UnitTestResult executionId="f56c7ffe-8435-4591-aeba-ac0f58e91d0b" testId="4b28edc9-10aa-dd25-05d6-efbec430bd7a" testName="FormatToStringTest1000(1739.5853778997368d,&quot;1739.59 zł&quot;)" computerName="DESKTOP-5URQ9PB" duration="00:00:00.0000190" startTime="2022-06-13T21:13:44.9227718+02:00" endTime="2022-06-13T21:13:44.9227909+02:00" testType="13cdc9d9-ddb5-4fa4-a97d-d965ccfc6d4b" outcome="Passed" testListId="8c84fa94-04c1-424b-9868-57a2d4851a1d" relativeResultsDirectory="f56c7ffe-8435-4591-aeba-ac0f58e91d0b" />
    <UnitTestResult executionId="c0a5337a-dea1-46c8-a854-4cc7a71b70b5" testId="e6917a9a-a471-dbed-84cc-6e63cf19f9df" testName="FormatToStringTest1000(28583.827618148098d,&quot;28583.83 zł&quot;)" computerName="DESKTOP-5URQ9PB" duration="00:00:00.0000190" startTime="2022-06-13T21:13:44.9224669+02:00" endTime="2022-06-13T21:13:44.9224853+02:00" testType="13cdc9d9-ddb5-4fa4-a97d-d965ccfc6d4b" outcome="Passed" testListId="8c84fa94-04c1-424b-9868-57a2d4851a1d" relativeResultsDirectory="c0a5337a-dea1-46c8-a854-4cc7a71b70b5" />
    <UnitTestResult executionId="1bdac27c-d545-452a-a337-8b8c38c25595" testId="5e8a64ef-fabe-5bbf-4739-e9cf8ccf2ee0" testName="FormatToStringTest1000(65809.35218338219d,&quot;65809.35 zł&quot;)" computerName="DESKTOP-5URQ9PB" duration="00:00:00.0000190" startTime="2022-06-13T21:13:44.9420966+02:00" endTime="2022-06-13T21:13:44.9421155+02:00" testType="13cdc9d9-ddb5-4fa4-a97d-d965ccfc6d4b" outcome="Passed" testListId="8c84fa94-04c1-424b-9868-57a2d4851a1d" relativeResultsDirectory="1bdac27c-d545-452a-a337-8b8c38c25595" />
    <UnitTestResult executionId="a1d2ba95-641e-4a20-bc05-2420a51374a9" testId="4e59f6e9-d495-6f3f-64b9-ac28a5eaac72" testName="FormatToStringTest1000(8242.419043611d,&quot;8242.42 zł&quot;)" computerName="DESKTOP-5URQ9PB" duration="00:00:00.0000180" startTime="2022-06-13T21:13:44.9391205+02:00" endTime="2022-06-13T21:13:44.9391386+02:00" testType="13cdc9d9-ddb5-4fa4-a97d-d965ccfc6d4b" outcome="Passed" testListId="8c84fa94-04c1-424b-9868-57a2d4851a1d" relativeResultsDirectory="a1d2ba95-641e-4a20-bc05-2420a51374a9" />
    <UnitTestResult executionId="78457ae4-5e2f-44e0-8b2d-907bf9bac2a1" testId="7490fb46-9b1e-86c6-a053-c9324b70ce91" testName="FormatToStringTest1000(27893.312729890138d,&quot;27893.31 zł&quot;)" computerName="DESKTOP-5URQ9PB" duration="00:00:00.0000180" startTime="2022-06-13T21:13:44.9201636+02:00" endTime="2022-06-13T21:13:44.9201817+02:00" testType="13cdc9d9-ddb5-4fa4-a97d-d965ccfc6d4b" outcome="Passed" testListId="8c84fa94-04c1-424b-9868-57a2d4851a1d" relativeResultsDirectory="78457ae4-5e2f-44e0-8b2d-907bf9bac2a1" />
    <UnitTestResult executionId="a7a74b97-4615-4b18-9963-d5def892d25b" testId="fde9a5ec-e687-8abc-b728-b7fb0bfbd8d4" testName="FormatToStringTest1000(78796.90433980194d,&quot;78796.90 zł&quot;)" computerName="DESKTOP-5URQ9PB" duration="00:00:00.0000190" startTime="2022-06-13T21:13:44.9233688+02:00" endTime="2022-06-13T21:13:44.9233880+02:00" testType="13cdc9d9-ddb5-4fa4-a97d-d965ccfc6d4b" outcome="Passed" testListId="8c84fa94-04c1-424b-9868-57a2d4851a1d" relativeResultsDirectory="a7a74b97-4615-4b18-9963-d5def892d25b" />
    <UnitTestResult executionId="d70d3617-9fd6-42c2-a68c-07e0c18ecda6" testId="c185c27a-3451-102c-d3c1-98ea6c73d73c" testName="FormatToStringTest1000(25036.98767214035d,&quot;25036.99 zł&quot;)" computerName="DESKTOP-5URQ9PB" duration="00:00:00.0000180" startTime="2022-06-13T21:13:44.9240737+02:00" endTime="2022-06-13T21:13:44.9240920+02:00" testType="13cdc9d9-ddb5-4fa4-a97d-d965ccfc6d4b" outcome="Passed" testListId="8c84fa94-04c1-424b-9868-57a2d4851a1d" relativeResultsDirectory="d70d3617-9fd6-42c2-a68c-07e0c18ecda6" />
    <UnitTestResult executionId="44debdd4-1537-4174-8526-a2df565e0b8e" testId="7ae5fdac-2c37-dafa-ea81-102d467ed88a" testName="FormatToStringTest1000(11494.27761332238d,&quot;11494.28 zł&quot;)" computerName="DESKTOP-5URQ9PB" duration="00:00:00.0000200" startTime="2022-06-13T21:13:44.9254788+02:00" endTime="2022-06-13T21:13:44.9254981+02:00" testType="13cdc9d9-ddb5-4fa4-a97d-d965ccfc6d4b" outcome="Passed" testListId="8c84fa94-04c1-424b-9868-57a2d4851a1d" relativeResultsDirectory="44debdd4-1537-4174-8526-a2df565e0b8e" />
    <UnitTestResult executionId="4cfac928-d17b-4252-b1fa-d3f421b7d49f" testId="5217a55b-523e-bb6a-47cc-7fbf0bc01c96" testName="FormatToStringTest1000(10370.0107542784d,&quot;10370.01 zł&quot;)" computerName="DESKTOP-5URQ9PB" duration="00:00:00.0000200" startTime="2022-06-13T21:13:44.9313602+02:00" endTime="2022-06-13T21:13:44.9313797+02:00" testType="13cdc9d9-ddb5-4fa4-a97d-d965ccfc6d4b" outcome="Passed" testListId="8c84fa94-04c1-424b-9868-57a2d4851a1d" relativeResultsDirectory="4cfac928-d17b-4252-b1fa-d3f421b7d49f" />
    <UnitTestResult executionId="7f557f28-e7ce-433e-9bb2-e3e6684fa046" testId="bc3f5322-761c-1784-32c8-0807bc806b0a" testName="FormatToStringTest1000(4652.407073443945d,&quot;4652.41 zł&quot;)" computerName="DESKTOP-5URQ9PB" duration="00:00:00.0000190" startTime="2022-06-13T21:13:44.9302166+02:00" endTime="2022-06-13T21:13:44.9302358+02:00" testType="13cdc9d9-ddb5-4fa4-a97d-d965ccfc6d4b" outcome="Passed" testListId="8c84fa94-04c1-424b-9868-57a2d4851a1d" relativeResultsDirectory="7f557f28-e7ce-433e-9bb2-e3e6684fa046" />
    <UnitTestResult executionId="cebf0f4d-7bbd-4947-85ba-cc0dac98ad0c" testId="67f8d8e0-1fb7-7817-1ba6-6557149ef676" testName="FormatToStringTest1000(2444.4726240530017d,&quot;2444.47 zł&quot;)" computerName="DESKTOP-5URQ9PB" duration="00:00:00.0000190" startTime="2022-06-13T21:13:44.9414861+02:00" endTime="2022-06-13T21:13:44.9415046+02:00" testType="13cdc9d9-ddb5-4fa4-a97d-d965ccfc6d4b" outcome="Passed" testListId="8c84fa94-04c1-424b-9868-57a2d4851a1d" relativeResultsDirectory="cebf0f4d-7bbd-4947-85ba-cc0dac98ad0c" />
    <UnitTestResult executionId="547214bb-f606-47be-be73-4ace369b3dad" testId="2be600d2-247c-9e20-d84c-921afba648ed" testName="FormatToStringTest1000(36651.05802063414d,&quot;36651.06 zł&quot;)" computerName="DESKTOP-5URQ9PB" duration="00:00:00.0000180" startTime="2022-06-13T21:13:44.9214654+02:00" endTime="2022-06-13T21:13:44.9214838+02:00" testType="13cdc9d9-ddb5-4fa4-a97d-d965ccfc6d4b" outcome="Passed" testListId="8c84fa94-04c1-424b-9868-57a2d4851a1d" relativeResultsDirectory="547214bb-f606-47be-be73-4ace369b3dad" />
    <UnitTestResult executionId="ed10a0cb-2532-4ca8-8e37-28e2fceeaa94" testId="165a8b6f-de27-26f0-6a14-cdb34a40f4c2" testName="FormatToStringTest1000(30807.823896702295d,&quot;30807.82 zł&quot;)" computerName="DESKTOP-5URQ9PB" duration="00:00:00.0000200" startTime="2022-06-13T21:13:44.9375755+02:00" endTime="2022-06-13T21:13:44.9375948+02:00" testType="13cdc9d9-ddb5-4fa4-a97d-d965ccfc6d4b" outcome="Passed" testListId="8c84fa94-04c1-424b-9868-57a2d4851a1d" relativeResultsDirectory="ed10a0cb-2532-4ca8-8e37-28e2fceeaa94" />
    <UnitTestResult executionId="083605c4-d451-4b77-8f67-662bc2bc665f" testId="a9bdfcdb-7bc0-3167-07a5-dafa13fc5389" testName="FormatToStringTest1000(8908.080586221107d,&quot;8908.08 zł&quot;)" computerName="DESKTOP-5URQ9PB" duration="00:00:00.0000190" startTime="2022-06-13T21:13:44.9236429+02:00" endTime="2022-06-13T21:13:44.9236618+02:00" testType="13cdc9d9-ddb5-4fa4-a97d-d965ccfc6d4b" outcome="Passed" testListId="8c84fa94-04c1-424b-9868-57a2d4851a1d" relativeResultsDirectory="083605c4-d451-4b77-8f67-662bc2bc665f" />
    <UnitTestResult executionId="b1a58b84-32b2-4a18-aa80-fed4578b47f2" testId="0ea957ac-53f2-c077-4d23-d56d0a5f77c4" testName="FormatToStringTest1000(37561.969571757116d,&quot;37561.97 zł&quot;)" computerName="DESKTOP-5URQ9PB" duration="00:00:00.0000190" startTime="2022-06-13T21:13:44.9283527+02:00" endTime="2022-06-13T21:13:44.9283716+02:00" testType="13cdc9d9-ddb5-4fa4-a97d-d965ccfc6d4b" outcome="Passed" testListId="8c84fa94-04c1-424b-9868-57a2d4851a1d" relativeResultsDirectory="b1a58b84-32b2-4a18-aa80-fed4578b47f2" />
    <UnitTestResult executionId="2b363ad6-3ea3-4926-bfab-5bf7239169d5" testId="2b18aff2-35ed-39eb-0869-97e8dcc5f3f1" testName="FormatToStringTest1000(2216.881526520886d,&quot;2216.88 zł&quot;)" computerName="DESKTOP-5URQ9PB" duration="00:00:00.0000180" startTime="2022-06-13T21:13:44.9363481+02:00" endTime="2022-06-13T21:13:44.9363662+02:00" testType="13cdc9d9-ddb5-4fa4-a97d-d965ccfc6d4b" outcome="Passed" testListId="8c84fa94-04c1-424b-9868-57a2d4851a1d" relativeResultsDirectory="2b363ad6-3ea3-4926-bfab-5bf7239169d5" />
    <UnitTestResult executionId="4e39e7d7-125d-4d92-a1d6-ca5e19e3ba10" testId="52456efe-2b4c-e54c-a102-5bc9bc1cc7f8" testName="FormatToStringTest1000(73372.53853826903d,&quot;73372.54 zł&quot;)" computerName="DESKTOP-5URQ9PB" duration="00:00:00.0000190" startTime="2022-06-13T21:13:44.9253783+02:00" endTime="2022-06-13T21:13:44.9253972+02:00" testType="13cdc9d9-ddb5-4fa4-a97d-d965ccfc6d4b" outcome="Passed" testListId="8c84fa94-04c1-424b-9868-57a2d4851a1d" relativeResultsDirectory="4e39e7d7-125d-4d92-a1d6-ca5e19e3ba10" />
    <UnitTestResult executionId="8f4dfb7b-e812-49c1-9d9c-2dcdff2a78ed" testId="9ef22620-233d-af50-c838-ed1dcd20ddc6" testName="FormatToStringTest1000(30410.68214617003d,&quot;30410.68 zł&quot;)" computerName="DESKTOP-5URQ9PB" duration="00:00:00.0000190" startTime="2022-06-13T21:13:44.9312604+02:00" endTime="2022-06-13T21:13:44.9312788+02:00" testType="13cdc9d9-ddb5-4fa4-a97d-d965ccfc6d4b" outcome="Passed" testListId="8c84fa94-04c1-424b-9868-57a2d4851a1d" relativeResultsDirectory="8f4dfb7b-e812-49c1-9d9c-2dcdff2a78ed" />
    <UnitTestResult executionId="e9c681bc-90e6-4e97-a20d-64569721cbc0" testId="99b9ef43-ae03-d550-aafb-7b6a0ec7c1ee" testName="FormatToStringTest1000(18032.4720825476d,&quot;18032.47 zł&quot;)" computerName="DESKTOP-5URQ9PB" duration="00:00:00.0000190" startTime="2022-06-13T21:13:44.9419446+02:00" endTime="2022-06-13T21:13:44.9419637+02:00" testType="13cdc9d9-ddb5-4fa4-a97d-d965ccfc6d4b" outcome="Passed" testListId="8c84fa94-04c1-424b-9868-57a2d4851a1d" relativeResultsDirectory="e9c681bc-90e6-4e97-a20d-64569721cbc0" />
    <UnitTestResult executionId="cd82a285-dbff-4570-badb-70f20f218afc" testId="2d12ad1b-0cfb-a7f2-de41-7d109965ff4a" testName="FormatToStringTest1000(35384.637112688106d,&quot;35384.64 zł&quot;)" computerName="DESKTOP-5URQ9PB" duration="00:00:00.0000200" startTime="2022-06-13T21:13:44.9377006+02:00" endTime="2022-06-13T21:13:44.9377201+02:00" testType="13cdc9d9-ddb5-4fa4-a97d-d965ccfc6d4b" outcome="Passed" testListId="8c84fa94-04c1-424b-9868-57a2d4851a1d" relativeResultsDirectory="cd82a285-dbff-4570-badb-70f20f218afc" />
    <UnitTestResult executionId="126f2210-2b25-4c8c-9e4b-25cd5eaa2dd4" testId="f33cb892-3679-fe31-40d8-b78f43a0c80f" testName="FormatToStringTest1000(4554.73912809777d,&quot;4554.74 zł&quot;)" computerName="DESKTOP-5URQ9PB" duration="00:00:00.0000200" startTime="2022-06-13T21:13:44.9332692+02:00" endTime="2022-06-13T21:13:44.9332889+02:00" testType="13cdc9d9-ddb5-4fa4-a97d-d965ccfc6d4b" outcome="Passed" testListId="8c84fa94-04c1-424b-9868-57a2d4851a1d" relativeResultsDirectory="126f2210-2b25-4c8c-9e4b-25cd5eaa2dd4" />
    <UnitTestResult executionId="4ffb2878-dc72-4d2e-9905-f3070761d9df" testId="6700c77f-a72c-833c-b2d9-a0d02a9534be" testName="FormatToStringTest1000(17953.338243749615d,&quot;17953.34 zł&quot;)" computerName="DESKTOP-5URQ9PB" duration="00:00:00.0000190" startTime="2022-06-13T21:13:44.9208160+02:00" endTime="2022-06-13T21:13:44.9208345+02:00" testType="13cdc9d9-ddb5-4fa4-a97d-d965ccfc6d4b" outcome="Passed" testListId="8c84fa94-04c1-424b-9868-57a2d4851a1d" relativeResultsDirectory="4ffb2878-dc72-4d2e-9905-f3070761d9df" />
    <UnitTestResult executionId="6bcdaf1a-b0b1-47be-8c84-7166a6abd7d1" testId="4195877a-ded9-22b8-62f7-465d0dab0554" testName="FormatToStringTest1000(26843.15785584932d,&quot;26843.16 zł&quot;)" computerName="DESKTOP-5URQ9PB" duration="00:00:00.0000200" startTime="2022-06-13T21:13:44.9437401+02:00" endTime="2022-06-13T21:13:44.9437601+02:00" testType="13cdc9d9-ddb5-4fa4-a97d-d965ccfc6d4b" outcome="Passed" testListId="8c84fa94-04c1-424b-9868-57a2d4851a1d" relativeResultsDirectory="6bcdaf1a-b0b1-47be-8c84-7166a6abd7d1" />
    <UnitTestResult executionId="c8227b5e-fddb-4d20-99b2-d6fdacdb1856" testId="6a5dc4fe-eaa1-ef57-2e33-6170c4a0ea22" testName="FormatToStringTest1000(801.5720517614726d,&quot;801.57 zł&quot;)" computerName="DESKTOP-5URQ9PB" duration="00:00:00.0000200" startTime="2022-06-13T21:13:44.9288350+02:00" endTime="2022-06-13T21:13:44.9288546+02:00" testType="13cdc9d9-ddb5-4fa4-a97d-d965ccfc6d4b" outcome="Passed" testListId="8c84fa94-04c1-424b-9868-57a2d4851a1d" relativeResultsDirectory="c8227b5e-fddb-4d20-99b2-d6fdacdb1856" />
    <UnitTestResult executionId="36e335c3-e6ac-482d-bae7-23d24f54df8d" testId="39df2f5c-e533-7912-e8a8-0244d814b70f" testName="FormatToStringTest1000(24030.724859085738d,&quot;24030.72 zł&quot;)" computerName="DESKTOP-5URQ9PB" duration="00:00:00.0000190" startTime="2022-06-13T21:13:44.9408611+02:00" endTime="2022-06-13T21:13:44.9408796+02:00" testType="13cdc9d9-ddb5-4fa4-a97d-d965ccfc6d4b" outcome="Passed" testListId="8c84fa94-04c1-424b-9868-57a2d4851a1d" relativeResultsDirectory="36e335c3-e6ac-482d-bae7-23d24f54df8d" />
    <UnitTestResult executionId="7019c270-42cd-4dd3-a956-fd5240aa581f" testId="7476f680-f31f-6c35-e7e5-6a1da5d08bf1" testName="FormatToStringTest1000(10661.19584154207d,&quot;10661.20 zł&quot;)" computerName="DESKTOP-5URQ9PB" duration="00:00:00.0000190" startTime="2022-06-13T21:13:44.9362984+02:00" endTime="2022-06-13T21:13:44.9363168+02:00" testType="13cdc9d9-ddb5-4fa4-a97d-d965ccfc6d4b" outcome="Passed" testListId="8c84fa94-04c1-424b-9868-57a2d4851a1d" relativeResultsDirectory="7019c270-42cd-4dd3-a956-fd5240aa581f" />
    <UnitTestResult executionId="63c5e004-0691-4460-9abd-ba82c6e7398c" testId="8f24487f-448e-3b5a-351c-88c069a107d6" testName="FormatToStringTest1000(56286.70397975702d,&quot;56286.70 zł&quot;)" computerName="DESKTOP-5URQ9PB" duration="00:00:00.0000190" startTime="2022-06-13T21:13:44.9361480+02:00" endTime="2022-06-13T21:13:44.9361672+02:00" testType="13cdc9d9-ddb5-4fa4-a97d-d965ccfc6d4b" outcome="Passed" testListId="8c84fa94-04c1-424b-9868-57a2d4851a1d" relativeResultsDirectory="63c5e004-0691-4460-9abd-ba82c6e7398c" />
    <UnitTestResult executionId="21290e0e-c938-4df8-ac4f-34170a881645" testId="4c3c57ae-2e5c-e5eb-314a-7aa532a2bb5e" testName="FormatToStringTest1000(73504.44700518598d,&quot;73504.45 zł&quot;)" computerName="DESKTOP-5URQ9PB" duration="00:00:00.0000200" startTime="2022-06-13T21:13:44.9462523+02:00" endTime="2022-06-13T21:13:44.9462725+02:00" testType="13cdc9d9-ddb5-4fa4-a97d-d965ccfc6d4b" outcome="Passed" testListId="8c84fa94-04c1-424b-9868-57a2d4851a1d" relativeResultsDirectory="21290e0e-c938-4df8-ac4f-34170a881645" />
    <UnitTestResult executionId="7ad4a87e-b1fa-4feb-a841-c048f8f98cda" testId="a01cdd42-8e33-6253-38cb-1cb271d958f4" testName="FormatToStringTest1000(34084.19497795599d,&quot;34084.19 zł&quot;)" computerName="DESKTOP-5URQ9PB" duration="00:00:00.0000190" startTime="2022-06-13T21:13:44.9433553+02:00" endTime="2022-06-13T21:13:44.9433737+02:00" testType="13cdc9d9-ddb5-4fa4-a97d-d965ccfc6d4b" outcome="Passed" testListId="8c84fa94-04c1-424b-9868-57a2d4851a1d" relativeResultsDirectory="7ad4a87e-b1fa-4feb-a841-c048f8f98cda" />
    <UnitTestResult executionId="8b364e83-61e5-4cf1-8c88-09b46b2eaa00" testId="274e5ca5-6e22-8c94-c538-bc2ca6c5742f" testName="FormatToStringTest1000(19210.519530370144d,&quot;19210.52 zł&quot;)" computerName="DESKTOP-5URQ9PB" duration="00:00:00.0000190" startTime="2022-06-13T21:13:44.9340744+02:00" endTime="2022-06-13T21:13:44.9340935+02:00" testType="13cdc9d9-ddb5-4fa4-a97d-d965ccfc6d4b" outcome="Passed" testListId="8c84fa94-04c1-424b-9868-57a2d4851a1d" relativeResultsDirectory="8b364e83-61e5-4cf1-8c88-09b46b2eaa00" />
    <UnitTestResult executionId="2be639c9-a9bc-4427-a58d-c87061fc2d5e" testId="c19bcdf9-7163-0762-fc75-0cd4559b2da8" testName="FormatToStringTest1000(22799.991836491965d,&quot;22799.99 zł&quot;)" computerName="DESKTOP-5URQ9PB" duration="00:00:00.0000190" startTime="2022-06-13T21:13:44.9290378+02:00" endTime="2022-06-13T21:13:44.9290567+02:00" testType="13cdc9d9-ddb5-4fa4-a97d-d965ccfc6d4b" outcome="Passed" testListId="8c84fa94-04c1-424b-9868-57a2d4851a1d" relativeResultsDirectory="2be639c9-a9bc-4427-a58d-c87061fc2d5e" />
    <UnitTestResult executionId="3d0e4e80-ec2b-47f2-b0ce-840fa367b0f7" testId="9fc60cd8-d419-6ed6-ac2e-164788256e59" testName="FormatToStringTest1000(15600.245951180927d,&quot;15600.25 zł&quot;)" computerName="DESKTOP-5URQ9PB" duration="00:00:00.0000200" startTime="2022-06-13T21:13:44.9305687+02:00" endTime="2022-06-13T21:13:44.9305883+02:00" testType="13cdc9d9-ddb5-4fa4-a97d-d965ccfc6d4b" outcome="Passed" testListId="8c84fa94-04c1-424b-9868-57a2d4851a1d" relativeResultsDirectory="3d0e4e80-ec2b-47f2-b0ce-840fa367b0f7" />
    <UnitTestResult executionId="1a391b5f-b778-4a8b-8e8e-0cbcebd14b97" testId="2e664e3e-5b40-d901-9f2b-e816fa56a993" testName="FormatToStringTest1000(6752.510462437062d,&quot;6752.51 zł&quot;)" computerName="DESKTOP-5URQ9PB" duration="00:00:00.0000190" startTime="2022-06-13T21:13:44.9219955+02:00" endTime="2022-06-13T21:13:44.9220139+02:00" testType="13cdc9d9-ddb5-4fa4-a97d-d965ccfc6d4b" outcome="Passed" testListId="8c84fa94-04c1-424b-9868-57a2d4851a1d" relativeResultsDirectory="1a391b5f-b778-4a8b-8e8e-0cbcebd14b97" />
    <UnitTestResult executionId="b383956d-70cc-4946-8c32-0c4c1db1bb0c" testId="47ec5c64-268b-824f-d637-17f43470b17c" testName="FormatToStringTest1000(12283.48626129026d,&quot;12283.49 zł&quot;)" computerName="DESKTOP-5URQ9PB" duration="00:00:00.0000190" startTime="2022-06-13T21:13:44.9278273+02:00" endTime="2022-06-13T21:13:44.9278464+02:00" testType="13cdc9d9-ddb5-4fa4-a97d-d965ccfc6d4b" outcome="Passed" testListId="8c84fa94-04c1-424b-9868-57a2d4851a1d" relativeResultsDirectory="b383956d-70cc-4946-8c32-0c4c1db1bb0c" />
    <UnitTestResult executionId="359a0770-0edf-4439-bf88-17c916e90053" testId="346c5a09-add8-018f-c767-f4690b937dfb" testName="FormatToStringTest1000(77919.64716867341d,&quot;77919.65 zł&quot;)" computerName="DESKTOP-5URQ9PB" duration="00:00:00.0000190" startTime="2022-06-13T21:13:44.9254034+02:00" endTime="2022-06-13T21:13:44.9254220+02:00" testType="13cdc9d9-ddb5-4fa4-a97d-d965ccfc6d4b" outcome="Passed" testListId="8c84fa94-04c1-424b-9868-57a2d4851a1d" relativeResultsDirectory="359a0770-0edf-4439-bf88-17c916e90053" />
    <UnitTestResult executionId="9b72fba6-ac33-4464-afb2-b3166471aa56" testId="b7c8b8f4-3f53-7b79-a3fb-65f51c557883" testName="FormatToStringTest1000(5317.9582678023535d,&quot;5317.96 zł&quot;)" computerName="DESKTOP-5URQ9PB" duration="00:00:00.0000240" startTime="2022-06-13T21:13:44.9337180+02:00" endTime="2022-06-13T21:13:44.9337414+02:00" testType="13cdc9d9-ddb5-4fa4-a97d-d965ccfc6d4b" outcome="Passed" testListId="8c84fa94-04c1-424b-9868-57a2d4851a1d" relativeResultsDirectory="9b72fba6-ac33-4464-afb2-b3166471aa56" />
    <UnitTestResult executionId="7d1d97a9-7c2c-4fc8-9019-7e25df9b76ff" testId="6d4f36db-ef1e-952d-7dfb-29f4be4b6ca7" testName="FormatToStringTest1000(46166.38051381259d,&quot;46166.38 zł&quot;)" computerName="DESKTOP-5URQ9PB" duration="00:00:00.0000190" startTime="2022-06-13T21:13:44.9268183+02:00" endTime="2022-06-13T21:13:44.9268367+02:00" testType="13cdc9d9-ddb5-4fa4-a97d-d965ccfc6d4b" outcome="Passed" testListId="8c84fa94-04c1-424b-9868-57a2d4851a1d" relativeResultsDirectory="7d1d97a9-7c2c-4fc8-9019-7e25df9b76ff" />
    <UnitTestResult executionId="6ea40d8a-0b00-4990-b6c4-59f716587d48" testId="31037d5d-343e-e648-8e6e-7f15567dfff2" testName="FormatToStringTest1000(1662.8482664818168d,&quot;1662.85 zł&quot;)" computerName="DESKTOP-5URQ9PB" duration="00:00:00.0000200" startTime="2022-06-13T21:13:44.9350165+02:00" endTime="2022-06-13T21:13:44.9350361+02:00" testType="13cdc9d9-ddb5-4fa4-a97d-d965ccfc6d4b" outcome="Passed" testListId="8c84fa94-04c1-424b-9868-57a2d4851a1d" relativeResultsDirectory="6ea40d8a-0b00-4990-b6c4-59f716587d48" />
    <UnitTestResult executionId="939f1453-ac0f-41cb-a781-8fa4df7ea074" testId="9629fd85-821b-932c-4f6c-d14c57ed62b0" testName="FormatToStringTest1000(22494.46807976834d,&quot;22494.47 zł&quot;)" computerName="DESKTOP-5URQ9PB" duration="00:00:00.0000190" startTime="2022-06-13T21:13:44.9370741+02:00" endTime="2022-06-13T21:13:44.9370927+02:00" testType="13cdc9d9-ddb5-4fa4-a97d-d965ccfc6d4b" outcome="Passed" testListId="8c84fa94-04c1-424b-9868-57a2d4851a1d" relativeResultsDirectory="939f1453-ac0f-41cb-a781-8fa4df7ea074" />
    <UnitTestResult executionId="7cba4fd0-6dfc-4179-8275-5a49d9258ad3" testId="7a70b4a3-dd05-b389-f6ee-af27102364f5" testName="FormatToStringTest1000(7789.7136237517525d,&quot;7789.71 zł&quot;)" computerName="DESKTOP-5URQ9PB" duration="00:00:00.0000180" startTime="2022-06-13T21:13:44.9200140+02:00" endTime="2022-06-13T21:13:44.9200317+02:00" testType="13cdc9d9-ddb5-4fa4-a97d-d965ccfc6d4b" outcome="Passed" testListId="8c84fa94-04c1-424b-9868-57a2d4851a1d" relativeResultsDirectory="7cba4fd0-6dfc-4179-8275-5a49d9258ad3" />
    <UnitTestResult executionId="e26201ae-d678-4ee1-8478-fa39b5779709" testId="491de118-700b-88eb-ac68-d71ffdabe000" testName="FormatToStringTest1000(63291.50274994015d,&quot;63291.50 zł&quot;)" computerName="DESKTOP-5URQ9PB" duration="00:00:00.0000190" startTime="2022-06-13T21:13:44.9303172+02:00" endTime="2022-06-13T21:13:44.9303361+02:00" testType="13cdc9d9-ddb5-4fa4-a97d-d965ccfc6d4b" outcome="Passed" testListId="8c84fa94-04c1-424b-9868-57a2d4851a1d" relativeResultsDirectory="e26201ae-d678-4ee1-8478-fa39b5779709" />
    <UnitTestResult executionId="5c0de9db-869e-4aeb-b0d4-c3051f37e5a9" testId="3c433d09-bfc8-05ae-376b-cff8f69161af" testName="FormatToStringTest1000(63946.51014057478d,&quot;63946.51 zł&quot;)" computerName="DESKTOP-5URQ9PB" duration="00:00:00.0000190" startTime="2022-06-13T21:13:44.9341501+02:00" endTime="2022-06-13T21:13:44.9341684+02:00" testType="13cdc9d9-ddb5-4fa4-a97d-d965ccfc6d4b" outcome="Passed" testListId="8c84fa94-04c1-424b-9868-57a2d4851a1d" relativeResultsDirectory="5c0de9db-869e-4aeb-b0d4-c3051f37e5a9" />
    <UnitTestResult executionId="78b70d20-3b19-44bc-b75e-2cad8bc4c83b" testId="f3eb9765-0045-7d49-5de3-054bd621a41f" testName="FormatToStringTest1000(21996.80326662576d,&quot;21996.80 zł&quot;)" computerName="DESKTOP-5URQ9PB" duration="00:00:00.0000190" startTime="2022-06-13T21:13:44.9434861+02:00" endTime="2022-06-13T21:13:44.9435045+02:00" testType="13cdc9d9-ddb5-4fa4-a97d-d965ccfc6d4b" outcome="Passed" testListId="8c84fa94-04c1-424b-9868-57a2d4851a1d" relativeResultsDirectory="78b70d20-3b19-44bc-b75e-2cad8bc4c83b" />
    <UnitTestResult executionId="dbbc0ce6-4110-4296-a60d-74878bc0440a" testId="80a01599-be59-3356-d51c-3d8e6f327fd1" testName="FormatToStringTest1000(88616.03808168416d,&quot;88616.04 zł&quot;)" computerName="DESKTOP-5URQ9PB" duration="00:00:00.0000190" startTime="2022-06-13T21:13:44.9400555+02:00" endTime="2022-06-13T21:13:44.9400740+02:00" testType="13cdc9d9-ddb5-4fa4-a97d-d965ccfc6d4b" outcome="Passed" testListId="8c84fa94-04c1-424b-9868-57a2d4851a1d" relativeResultsDirectory="dbbc0ce6-4110-4296-a60d-74878bc0440a" />
    <UnitTestResult executionId="dbb98eff-4988-416c-aef6-bf58552d09f1" testId="a3a785ff-5f15-1809-0327-13b742192f57" testName="FormatToStringTest1000(13453.429998117233d,&quot;13453.43 zł&quot;)" computerName="DESKTOP-5URQ9PB" duration="00:00:00.0000190" startTime="2022-06-13T21:13:44.9364961+02:00" endTime="2022-06-13T21:13:44.9365146+02:00" testType="13cdc9d9-ddb5-4fa4-a97d-d965ccfc6d4b" outcome="Passed" testListId="8c84fa94-04c1-424b-9868-57a2d4851a1d" relativeResultsDirectory="dbb98eff-4988-416c-aef6-bf58552d09f1" />
    <UnitTestResult executionId="aa48abc7-b13a-4a61-b30c-02a837a2875e" testId="10d9efba-c25c-4837-b4ca-c51dd97ac398" testName="FormatToStringTest1000(24308.26523149212d,&quot;24308.27 zł&quot;)" computerName="DESKTOP-5URQ9PB" duration="00:00:00.0000190" startTime="2022-06-13T21:13:44.9415863+02:00" endTime="2022-06-13T21:13:44.9416055+02:00" testType="13cdc9d9-ddb5-4fa4-a97d-d965ccfc6d4b" outcome="Passed" testListId="8c84fa94-04c1-424b-9868-57a2d4851a1d" relativeResultsDirectory="aa48abc7-b13a-4a61-b30c-02a837a2875e" />
    <UnitTestResult executionId="981f9649-1411-4fdf-938f-09357f7d70f7" testId="d26e5e0e-e63b-6a1f-1d40-d2dc8692bbaf" testName="FormatToStringTest1000(63507.32603545455d,&quot;63507.33 zł&quot;)" computerName="DESKTOP-5URQ9PB" duration="00:00:00.0000180" startTime="2022-06-13T21:13:44.9208905+02:00" endTime="2022-06-13T21:13:44.9209086+02:00" testType="13cdc9d9-ddb5-4fa4-a97d-d965ccfc6d4b" outcome="Passed" testListId="8c84fa94-04c1-424b-9868-57a2d4851a1d" relativeResultsDirectory="981f9649-1411-4fdf-938f-09357f7d70f7" />
    <UnitTestResult executionId="e2a43552-ff7a-46b7-a800-9a099b6124cb" testId="04967881-3d44-4f25-5839-6dd3eae8bd89" testName="FormatToStringTest1000(57671.67669738675d,&quot;57671.68 zł&quot;)" computerName="DESKTOP-5URQ9PB" duration="00:00:00.0000190" startTime="2022-06-13T21:13:44.9413857+02:00" endTime="2022-06-13T21:13:44.9414042+02:00" testType="13cdc9d9-ddb5-4fa4-a97d-d965ccfc6d4b" outcome="Passed" testListId="8c84fa94-04c1-424b-9868-57a2d4851a1d" relativeResultsDirectory="e2a43552-ff7a-46b7-a800-9a099b6124cb" />
    <UnitTestResult executionId="e4ef3d8a-30ce-43e1-b3e3-e4cbbc001cea" testId="78845691-c87f-d12e-20f9-3035745796be" testName="FormatToStringTest1000(21221.884746198488d,&quot;21221.88 zł&quot;)" computerName="DESKTOP-5URQ9PB" duration="00:00:00.0000190" startTime="2022-06-13T21:13:44.9352671+02:00" endTime="2022-06-13T21:13:44.9352856+02:00" testType="13cdc9d9-ddb5-4fa4-a97d-d965ccfc6d4b" outcome="Passed" testListId="8c84fa94-04c1-424b-9868-57a2d4851a1d" relativeResultsDirectory="e4ef3d8a-30ce-43e1-b3e3-e4cbbc001cea" />
    <UnitTestResult executionId="aa50ea1d-f0ff-452a-a01a-f421a5bab800" testId="7c29140c-1ee9-b980-7778-18b11231f8a3" testName="FormatToStringTest1000(40400.9734049295d,&quot;40400.97 zł&quot;)" computerName="DESKTOP-5URQ9PB" duration="00:00:00.0000180" startTime="2022-06-13T21:13:44.9262851+02:00" endTime="2022-06-13T21:13:44.9263032+02:00" testType="13cdc9d9-ddb5-4fa4-a97d-d965ccfc6d4b" outcome="Passed" testListId="8c84fa94-04c1-424b-9868-57a2d4851a1d" relativeResultsDirectory="aa50ea1d-f0ff-452a-a01a-f421a5bab800" />
    <UnitTestResult executionId="a833cdd5-19c8-449d-b65d-c4849ed3906c" testId="5d21865c-ab0e-9a36-1301-7cb3ba2d4618" testName="FormatToStringTest1000(26215.613055301183d,&quot;26215.61 zł&quot;)" computerName="DESKTOP-5URQ9PB" duration="00:00:00.0000200" startTime="2022-06-13T21:13:44.9339245+02:00" endTime="2022-06-13T21:13:44.9339441+02:00" testType="13cdc9d9-ddb5-4fa4-a97d-d965ccfc6d4b" outcome="Passed" testListId="8c84fa94-04c1-424b-9868-57a2d4851a1d" relativeResultsDirectory="a833cdd5-19c8-449d-b65d-c4849ed3906c" />
    <UnitTestResult executionId="9f56e365-b9cc-48ae-acc0-39a1860fb6f2" testId="8119f190-7ed2-77b1-76a6-83f33e4cf393" testName="FormatToStringTest1000(52858.048916166204d,&quot;52858.05 zł&quot;)" computerName="DESKTOP-5URQ9PB" duration="00:00:00.0000190" startTime="2022-06-13T21:13:44.9211636+02:00" endTime="2022-06-13T21:13:44.9211827+02:00" testType="13cdc9d9-ddb5-4fa4-a97d-d965ccfc6d4b" outcome="Passed" testListId="8c84fa94-04c1-424b-9868-57a2d4851a1d" relativeResultsDirectory="9f56e365-b9cc-48ae-acc0-39a1860fb6f2" />
    <UnitTestResult executionId="7a8bfed3-080f-43db-aedb-cc646cb43179" testId="ea53113d-e645-3e3d-8dda-f0c57f3d1f3e" testName="FormatToStringTest1000(16190.113943164757d,&quot;16190.11 zł&quot;)" computerName="DESKTOP-5URQ9PB" duration="00:00:00.0000190" startTime="2022-06-13T21:13:44.9297688+02:00" endTime="2022-06-13T21:13:44.9297873+02:00" testType="13cdc9d9-ddb5-4fa4-a97d-d965ccfc6d4b" outcome="Passed" testListId="8c84fa94-04c1-424b-9868-57a2d4851a1d" relativeResultsDirectory="7a8bfed3-080f-43db-aedb-cc646cb43179" />
    <UnitTestResult executionId="7bf9b831-3deb-4c32-8cd1-e4534acbf587" testId="8591161e-1b40-e9f6-332c-2e1b43b81682" testName="FormatToStringTest1000(47575.6421269959d,&quot;47575.64 zł&quot;)" computerName="DESKTOP-5URQ9PB" duration="00:00:00.0000180" startTime="2022-06-13T21:13:44.9358263+02:00" endTime="2022-06-13T21:13:44.9358445+02:00" testType="13cdc9d9-ddb5-4fa4-a97d-d965ccfc6d4b" outcome="Passed" testListId="8c84fa94-04c1-424b-9868-57a2d4851a1d" relativeResultsDirectory="7bf9b831-3deb-4c32-8cd1-e4534acbf587" />
    <UnitTestResult executionId="530dbabe-b2cc-4841-82b2-936f72bfcada" testId="7265e4fd-f7ba-8572-e525-8b365c7360c6" testName="FormatToStringTest1000(21961.272673999552d,&quot;21961.27 zł&quot;)" computerName="DESKTOP-5URQ9PB" duration="00:00:00.0000190" startTime="2022-06-13T21:13:44.9207655+02:00" endTime="2022-06-13T21:13:44.9207841+02:00" testType="13cdc9d9-ddb5-4fa4-a97d-d965ccfc6d4b" outcome="Passed" testListId="8c84fa94-04c1-424b-9868-57a2d4851a1d" relativeResultsDirectory="530dbabe-b2cc-4841-82b2-936f72bfcada" />
    <UnitTestResult executionId="d428a415-ce3c-4bd6-8892-10a3b23d34f7" testId="ae67d523-2929-36b8-f281-40940e5c29bb" testName="FormatToStringTest1000(2390.7596313784643d,&quot;2390.76 zł&quot;)" computerName="DESKTOP-5URQ9PB" duration="00:00:00.0000190" startTime="2022-06-13T21:13:44.9342992+02:00" endTime="2022-06-13T21:13:44.9343175+02:00" testType="13cdc9d9-ddb5-4fa4-a97d-d965ccfc6d4b" outcome="Passed" testListId="8c84fa94-04c1-424b-9868-57a2d4851a1d" relativeResultsDirectory="d428a415-ce3c-4bd6-8892-10a3b23d34f7" />
    <UnitTestResult executionId="3fdfc99b-7a45-405d-8a18-28bbbfad3d82" testId="3ff03a46-b206-b458-f53e-9c5468df465e" testName="FormatToStringTest1000(25116.590135570892d,&quot;25116.59 zł&quot;)" computerName="DESKTOP-5URQ9PB" duration="00:00:00.0000200" startTime="2022-06-13T21:13:44.9275686+02:00" endTime="2022-06-13T21:13:44.9275879+02:00" testType="13cdc9d9-ddb5-4fa4-a97d-d965ccfc6d4b" outcome="Passed" testListId="8c84fa94-04c1-424b-9868-57a2d4851a1d" relativeResultsDirectory="3fdfc99b-7a45-405d-8a18-28bbbfad3d82" />
    <UnitTestResult executionId="f2793f44-0db1-475c-af82-7b3fba663dc8" testId="70f1979c-5fec-f41c-4467-96ed1c16b145" testName="FormatToStringTest1000(12831.146874380833d,&quot;12831.15 zł&quot;)" computerName="DESKTOP-5URQ9PB" duration="00:00:00.0000190" startTime="2022-06-13T21:13:44.9295884+02:00" endTime="2022-06-13T21:13:44.9296072+02:00" testType="13cdc9d9-ddb5-4fa4-a97d-d965ccfc6d4b" outcome="Passed" testListId="8c84fa94-04c1-424b-9868-57a2d4851a1d" relativeResultsDirectory="f2793f44-0db1-475c-af82-7b3fba663dc8" />
    <UnitTestResult executionId="e935fec4-4d63-4ac7-b937-ba3a0cfd4a03" testId="8abfbe45-c0d6-8f72-7af8-564a66d7cb48" testName="FormatToStringTest1000(1549.6599114973376d,&quot;1549.66 zł&quot;)" computerName="DESKTOP-5URQ9PB" duration="00:00:00.0000190" startTime="2022-06-13T21:13:44.9430039+02:00" endTime="2022-06-13T21:13:44.9430222+02:00" testType="13cdc9d9-ddb5-4fa4-a97d-d965ccfc6d4b" outcome="Passed" testListId="8c84fa94-04c1-424b-9868-57a2d4851a1d" relativeResultsDirectory="e935fec4-4d63-4ac7-b937-ba3a0cfd4a03" />
    <UnitTestResult executionId="c6b68394-cbfc-4b78-b641-a43c868ed4c6" testId="a127d37b-b919-a5a8-4175-7c8816584689" testName="FormatToStringTest1000(61422.228144277455d,&quot;61422.23 zł&quot;)" computerName="DESKTOP-5URQ9PB" duration="00:00:00.0000200" startTime="2022-06-13T21:13:44.9357500+02:00" endTime="2022-06-13T21:13:44.9357696+02:00" testType="13cdc9d9-ddb5-4fa4-a97d-d965ccfc6d4b" outcome="Passed" testListId="8c84fa94-04c1-424b-9868-57a2d4851a1d" relativeResultsDirectory="c6b68394-cbfc-4b78-b641-a43c868ed4c6" />
    <UnitTestResult executionId="08c2d1a6-60bf-4bb2-be5b-00895ddf2794" testId="4df235b9-e889-4809-39c8-ff3e09688830" testName="FormatToStringTest1000(11922.837782177532d,&quot;11922.84 zł&quot;)" computerName="DESKTOP-5URQ9PB" duration="00:00:00.0000190" startTime="2022-06-13T21:13:44.9273430+02:00" endTime="2022-06-13T21:13:44.9273622+02:00" testType="13cdc9d9-ddb5-4fa4-a97d-d965ccfc6d4b" outcome="Passed" testListId="8c84fa94-04c1-424b-9868-57a2d4851a1d" relativeResultsDirectory="08c2d1a6-60bf-4bb2-be5b-00895ddf2794" />
    <UnitTestResult executionId="dceba2df-06f5-45e0-9087-28826645841c" testId="cbe18909-6635-9aa1-a38f-17a524fe9aa1" testName="FormatToStringTest1000(9097.395563790293d,&quot;9097.40 zł&quot;)" computerName="DESKTOP-5URQ9PB" duration="00:00:00.0000190" startTime="2022-06-13T21:13:44.9392208+02:00" endTime="2022-06-13T21:13:44.9392395+02:00" testType="13cdc9d9-ddb5-4fa4-a97d-d965ccfc6d4b" outcome="Passed" testListId="8c84fa94-04c1-424b-9868-57a2d4851a1d" relativeResultsDirectory="dceba2df-06f5-45e0-9087-28826645841c" />
    <UnitTestResult executionId="43d4f82f-ebbc-486f-b82d-1c3ef6323ef1" testId="a7c76906-c1d7-0c9c-096c-a6235194b8e7" testName="FormatToStringTest1000(1896.1704506483723d,&quot;1896.17 zł&quot;)" computerName="DESKTOP-5URQ9PB" duration="00:00:00.0000180" startTime="2022-06-13T21:13:44.9260604+02:00" endTime="2022-06-13T21:13:44.9260785+02:00" testType="13cdc9d9-ddb5-4fa4-a97d-d965ccfc6d4b" outcome="Passed" testListId="8c84fa94-04c1-424b-9868-57a2d4851a1d" relativeResultsDirectory="43d4f82f-ebbc-486f-b82d-1c3ef6323ef1" />
    <UnitTestResult executionId="53629ab6-ba77-47dd-890a-00586de8b348" testId="6f51818b-8dfe-7cd4-c8ae-d1150bb85ebd" testName="FormatToStringTest1000(19085.023282992664d,&quot;19085.02 zł&quot;)" computerName="DESKTOP-5URQ9PB" duration="00:00:00.0000200" startTime="2022-06-13T21:13:44.9337479+02:00" endTime="2022-06-13T21:13:44.9337681+02:00" testType="13cdc9d9-ddb5-4fa4-a97d-d965ccfc6d4b" outcome="Passed" testListId="8c84fa94-04c1-424b-9868-57a2d4851a1d" relativeResultsDirectory="53629ab6-ba77-47dd-890a-00586de8b348" />
    <UnitTestResult executionId="620d56af-72dc-4f90-b985-d13e93724c77" testId="88670780-e590-ffb1-3bdf-7b575a4d5fc5" testName="FormatToStringTest1000(57436.33241095409d,&quot;57436.33 zł&quot;)" computerName="DESKTOP-5URQ9PB" duration="00:00:00.0000190" startTime="2022-06-13T21:13:44.9267925+02:00" endTime="2022-06-13T21:13:44.9268115+02:00" testType="13cdc9d9-ddb5-4fa4-a97d-d965ccfc6d4b" outcome="Passed" testListId="8c84fa94-04c1-424b-9868-57a2d4851a1d" relativeResultsDirectory="620d56af-72dc-4f90-b985-d13e93724c77" />
    <UnitTestResult executionId="dd77ede7-7eed-4b72-8154-e7794deae6b7" testId="31ed7871-edfd-2633-6788-723019e7f3e1" testName="FormatToStringTest1000(9624.06628225188d,&quot;9624.07 zł&quot;)" computerName="DESKTOP-5URQ9PB" duration="00:00:00.0000190" startTime="2022-06-13T21:13:44.9380888+02:00" endTime="2022-06-13T21:13:44.9381078+02:00" testType="13cdc9d9-ddb5-4fa4-a97d-d965ccfc6d4b" outcome="Passed" testListId="8c84fa94-04c1-424b-9868-57a2d4851a1d" relativeResultsDirectory="dd77ede7-7eed-4b72-8154-e7794deae6b7" />
    <UnitTestResult executionId="22d0e190-cf0e-4125-acd7-9590cbd0482b" testId="4dcd9f65-678f-d51c-9e07-bf80dcaf54a4" testName="FormatToStringTest1000(5591.2222540617095d,&quot;5591.22 zł&quot;)" computerName="DESKTOP-5URQ9PB" duration="00:00:00.0000200" startTime="2022-06-13T21:13:44.9322707+02:00" endTime="2022-06-13T21:13:44.9322902+02:00" testType="13cdc9d9-ddb5-4fa4-a97d-d965ccfc6d4b" outcome="Passed" testListId="8c84fa94-04c1-424b-9868-57a2d4851a1d" relativeResultsDirectory="22d0e190-cf0e-4125-acd7-9590cbd0482b" />
    <UnitTestResult executionId="920a60c1-f6f0-48e3-9a35-423cd7933bd7" testId="f20c73fc-7f07-e8ef-25e3-d34c7ca18877" testName="FormatToStringTest1000(32218.080508120394d,&quot;32218.08 zł&quot;)" computerName="DESKTOP-5URQ9PB" duration="00:00:00.0000190" startTime="2022-06-13T21:13:44.9212895+02:00" endTime="2022-06-13T21:13:44.9213078+02:00" testType="13cdc9d9-ddb5-4fa4-a97d-d965ccfc6d4b" outcome="Passed" testListId="8c84fa94-04c1-424b-9868-57a2d4851a1d" relativeResultsDirectory="920a60c1-f6f0-48e3-9a35-423cd7933bd7" />
    <UnitTestResult executionId="e593c3f0-6ecd-4530-b7a4-908507f8b12e" testId="cd871e9d-7935-e907-4a89-0e7db877a7c7" testName="FormatToStringTest1000(14475.498583194567d,&quot;14475.50 zł&quot;)" computerName="DESKTOP-5URQ9PB" duration="00:00:00.0000190" startTime="2022-06-13T21:13:44.9415108+02:00" endTime="2022-06-13T21:13:44.9415297+02:00" testType="13cdc9d9-ddb5-4fa4-a97d-d965ccfc6d4b" outcome="Passed" testListId="8c84fa94-04c1-424b-9868-57a2d4851a1d" relativeResultsDirectory="e593c3f0-6ecd-4530-b7a4-908507f8b12e" />
    <UnitTestResult executionId="36600dc0-1355-4ea9-b78c-94df0c5cc352" testId="d2b12152-aa29-786c-7dfa-f4b6b5aa2a7e" testName="FormatToStringTest1000(3503.9809179231434d,&quot;3503.98 zł&quot;)" computerName="DESKTOP-5URQ9PB" duration="00:00:00.0000190" startTime="2022-06-13T21:13:44.9310094+02:00" endTime="2022-06-13T21:13:44.9310282+02:00" testType="13cdc9d9-ddb5-4fa4-a97d-d965ccfc6d4b" outcome="Passed" testListId="8c84fa94-04c1-424b-9868-57a2d4851a1d" relativeResultsDirectory="36600dc0-1355-4ea9-b78c-94df0c5cc352" />
    <UnitTestResult executionId="d0f63dc3-6d20-445a-bc4d-d302b8e3d74b" testId="af3111d5-b888-5828-d92f-ad0d56c13b83" testName="FormatToStringTest1000(32051.900532446758d,&quot;32051.90 zł&quot;)" computerName="DESKTOP-5URQ9PB" duration="00:00:00.0000190" startTime="2022-06-13T21:13:44.9229455+02:00" endTime="2022-06-13T21:13:44.9229647+02:00" testType="13cdc9d9-ddb5-4fa4-a97d-d965ccfc6d4b" outcome="Passed" testListId="8c84fa94-04c1-424b-9868-57a2d4851a1d" relativeResultsDirectory="d0f63dc3-6d20-445a-bc4d-d302b8e3d74b" />
    <UnitTestResult executionId="4544e904-4dbc-4dd2-8239-b71f7cfa1ad1" testId="d61bc42f-9488-4952-fc35-4acf2d69a35a" testName="FormatToStringTest1000(7671.0039663785155d,&quot;7671.00 zł&quot;)" computerName="DESKTOP-5URQ9PB" duration="00:00:00.0000200" startTime="2022-06-13T21:13:44.9384149+02:00" endTime="2022-06-13T21:13:44.9384344+02:00" testType="13cdc9d9-ddb5-4fa4-a97d-d965ccfc6d4b" outcome="Passed" testListId="8c84fa94-04c1-424b-9868-57a2d4851a1d" relativeResultsDirectory="4544e904-4dbc-4dd2-8239-b71f7cfa1ad1" />
    <UnitTestResult executionId="767b32e4-93aa-420b-aee3-3a1b8824246c" testId="299c3fd4-a01d-2a60-05c1-ad11698aa276" testName="FormatToStringTest1000(16825.83099003268d,&quot;16825.83 zł&quot;)" computerName="DESKTOP-5URQ9PB" duration="00:00:00.0000200" startTime="2022-06-13T21:13:44.9362726+02:00" endTime="2022-06-13T21:13:44.9362923+02:00" testType="13cdc9d9-ddb5-4fa4-a97d-d965ccfc6d4b" outcome="Passed" testListId="8c84fa94-04c1-424b-9868-57a2d4851a1d" relativeResultsDirectory="767b32e4-93aa-420b-aee3-3a1b8824246c" />
    <UnitTestResult executionId="6ac6843f-06a8-4f02-a465-83b9c8a5d43c" testId="25c75db4-22d0-52b7-8169-fe8bfa7112f2" testName="FormatToStringTest1000(90187.4082624374d,&quot;90187.41 zł&quot;)" computerName="DESKTOP-5URQ9PB" duration="00:00:00.0000200" startTime="2022-06-13T21:13:44.9433298+02:00" endTime="2022-06-13T21:13:44.9433492+02:00" testType="13cdc9d9-ddb5-4fa4-a97d-d965ccfc6d4b" outcome="Passed" testListId="8c84fa94-04c1-424b-9868-57a2d4851a1d" relativeResultsDirectory="6ac6843f-06a8-4f02-a465-83b9c8a5d43c" />
    <UnitTestResult executionId="814150c5-bad4-4e37-a5ad-2a7bf529bf61" testId="c32a55d2-5cd9-4241-ed27-6ec6eee4b3b0" testName="FormatToStringTest1000(24646.322657574587d,&quot;24646.32 zł&quot;)" computerName="DESKTOP-5URQ9PB" duration="00:00:00.0000190" startTime="2022-06-13T21:13:44.9281774+02:00" endTime="2022-06-13T21:13:44.9281963+02:00" testType="13cdc9d9-ddb5-4fa4-a97d-d965ccfc6d4b" outcome="Passed" testListId="8c84fa94-04c1-424b-9868-57a2d4851a1d" relativeResultsDirectory="814150c5-bad4-4e37-a5ad-2a7bf529bf61" />
    <UnitTestResult executionId="36f6fbf6-8ba6-4a97-9794-72020197ad25" testId="752c0495-686a-2709-5240-916b7eb02d3a" testName="FormatToStringTest1000(9190.067404299076d,&quot;9190.07 zł&quot;)" computerName="DESKTOP-5URQ9PB" duration="00:00:00.0000180" startTime="2022-06-13T21:13:44.9408367+02:00" endTime="2022-06-13T21:13:44.9408550+02:00" testType="13cdc9d9-ddb5-4fa4-a97d-d965ccfc6d4b" outcome="Passed" testListId="8c84fa94-04c1-424b-9868-57a2d4851a1d" relativeResultsDirectory="36f6fbf6-8ba6-4a97-9794-72020197ad25" />
    <UnitTestResult executionId="0518a246-3e91-4fcf-b9a1-69fb46396412" testId="1440a184-8a0a-3d08-19bf-ac2d32351c96" testName="FormatToStringTest1000(5108.217389855635d,&quot;5108.22 zł&quot;)" computerName="DESKTOP-5URQ9PB" duration="00:00:00.0000190" startTime="2022-06-13T21:13:44.9276680+02:00" endTime="2022-06-13T21:13:44.9276868+02:00" testType="13cdc9d9-ddb5-4fa4-a97d-d965ccfc6d4b" outcome="Passed" testListId="8c84fa94-04c1-424b-9868-57a2d4851a1d" relativeResultsDirectory="0518a246-3e91-4fcf-b9a1-69fb46396412" />
    <UnitTestResult executionId="7c4152ea-0507-45db-9db2-1c019c439661" testId="d97cfe1a-5414-3b7f-eeae-c71aa9b34634" testName="FormatToStringTest1000(26515.80237687929d,&quot;26515.80 zł&quot;)" computerName="DESKTOP-5URQ9PB" duration="00:00:00.0000200" startTime="2022-06-13T21:13:44.9192392+02:00" endTime="2022-06-13T21:13:44.9192589+02:00" testType="13cdc9d9-ddb5-4fa4-a97d-d965ccfc6d4b" outcome="Passed" testListId="8c84fa94-04c1-424b-9868-57a2d4851a1d" relativeResultsDirectory="7c4152ea-0507-45db-9db2-1c019c439661" />
    <UnitTestResult executionId="679e5f5f-5b76-4e6c-80af-b07c074ab14e" testId="610377d7-39b0-f1e5-075a-04c0ff0b06a2" testName="FormatToStringTest1000(19392.945535027862d,&quot;19392.95 zł&quot;)" computerName="DESKTOP-5URQ9PB" duration="00:00:00.0000180" startTime="2022-06-13T21:13:44.9270682+02:00" endTime="2022-06-13T21:13:44.9270864+02:00" testType="13cdc9d9-ddb5-4fa4-a97d-d965ccfc6d4b" outcome="Passed" testListId="8c84fa94-04c1-424b-9868-57a2d4851a1d" relativeResultsDirectory="679e5f5f-5b76-4e6c-80af-b07c074ab14e" />
    <UnitTestResult executionId="8e9d55c3-e2cb-4010-abdf-db0fb53b1fc4" testId="92fd78dd-20f7-b708-0603-1911a96c9737" testName="FormatToStringTest1000(7951.322730072458d,&quot;7951.32 zł&quot;)" computerName="DESKTOP-5URQ9PB" duration="00:00:00.0000190" startTime="2022-06-13T21:13:44.9238234+02:00" endTime="2022-06-13T21:13:44.9238421+02:00" testType="13cdc9d9-ddb5-4fa4-a97d-d965ccfc6d4b" outcome="Passed" testListId="8c84fa94-04c1-424b-9868-57a2d4851a1d" relativeResultsDirectory="8e9d55c3-e2cb-4010-abdf-db0fb53b1fc4" />
    <UnitTestResult executionId="4b00008e-6c99-4dbe-94a8-93e6c6f791c7" testId="d33250cc-856d-72f0-98a8-7c84be2f792c" testName="FormatToStringTest1000(24024.14691439557d,&quot;24024.15 zł&quot;)" computerName="DESKTOP-5URQ9PB" duration="00:00:00.0000180" startTime="2022-06-13T21:13:44.9259860+02:00" endTime="2022-06-13T21:13:44.9260041+02:00" testType="13cdc9d9-ddb5-4fa4-a97d-d965ccfc6d4b" outcome="Passed" testListId="8c84fa94-04c1-424b-9868-57a2d4851a1d" relativeResultsDirectory="4b00008e-6c99-4dbe-94a8-93e6c6f791c7" />
    <UnitTestResult executionId="ea10d52f-c6e8-4dcb-91b0-a3ca64f5ab15" testId="5ad0e86b-2487-b287-bce1-03b910ce35db" testName="FormatToStringTest1000(20527.270339210645d,&quot;20527.27 zł&quot;)" computerName="DESKTOP-5URQ9PB" duration="00:00:00.0000180" startTime="2022-06-13T21:13:44.9422983+02:00" endTime="2022-06-13T21:13:44.9423166+02:00" testType="13cdc9d9-ddb5-4fa4-a97d-d965ccfc6d4b" outcome="Passed" testListId="8c84fa94-04c1-424b-9868-57a2d4851a1d" relativeResultsDirectory="ea10d52f-c6e8-4dcb-91b0-a3ca64f5ab15" />
    <UnitTestResult executionId="efca3e5b-f7d0-43f9-a943-596704b5f427" testId="99a10c59-9aed-054b-9f26-15805af85148" testName="FormatToStringTest1000(5504.094303639184d,&quot;5504.09 zł&quot;)" computerName="DESKTOP-5URQ9PB" duration="00:00:00.0000190" startTime="2022-06-13T21:13:44.9277758+02:00" endTime="2022-06-13T21:13:44.9277945+02:00" testType="13cdc9d9-ddb5-4fa4-a97d-d965ccfc6d4b" outcome="Passed" testListId="8c84fa94-04c1-424b-9868-57a2d4851a1d" relativeResultsDirectory="efca3e5b-f7d0-43f9-a943-596704b5f427" />
    <UnitTestResult executionId="8f8eee0b-c954-47ae-980e-100d6d920c93" testId="d8dd6fae-802b-a606-14b3-f77add91cde3" testName="FormatToStringTest1000(1300.9430775404642d,&quot;1300.94 zł&quot;)" computerName="DESKTOP-5URQ9PB" duration="00:00:00.0448340" startTime="2022-06-13T21:13:44.8722023+02:00" endTime="2022-06-13T21:13:44.9169449+02:00" testType="13cdc9d9-ddb5-4fa4-a97d-d965ccfc6d4b" outcome="Passed" testListId="8c84fa94-04c1-424b-9868-57a2d4851a1d" relativeResultsDirectory="8f8eee0b-c954-47ae-980e-100d6d920c93" />
    <UnitTestResult executionId="958fb9f1-07ca-4d58-a86c-f1e316bba603" testId="9c484d5b-265a-2c6e-537b-f37cd91a7473" testName="FormatToStringTest1000(56373.35086238494d,&quot;56373.35 zł&quot;)" computerName="DESKTOP-5URQ9PB" duration="00:00:00.0000190" startTime="2022-06-13T21:13:44.9275433+02:00" endTime="2022-06-13T21:13:44.9275623+02:00" testType="13cdc9d9-ddb5-4fa4-a97d-d965ccfc6d4b" outcome="Passed" testListId="8c84fa94-04c1-424b-9868-57a2d4851a1d" relativeResultsDirectory="958fb9f1-07ca-4d58-a86c-f1e316bba603" />
    <UnitTestResult executionId="87bb8c9e-d202-4c78-a4ac-b10e4609d7a9" testId="3303c520-a64a-555f-afb5-ac27a0847525" testName="FormatToStringTest1000(17315.72309779363d,&quot;17315.72 zł&quot;)" computerName="DESKTOP-5URQ9PB" duration="00:00:00.0000190" startTime="2022-06-13T21:13:44.9273183+02:00" endTime="2022-06-13T21:13:44.9273368+02:00" testType="13cdc9d9-ddb5-4fa4-a97d-d965ccfc6d4b" outcome="Passed" testListId="8c84fa94-04c1-424b-9868-57a2d4851a1d" relativeResultsDirectory="87bb8c9e-d202-4c78-a4ac-b10e4609d7a9" />
    <UnitTestResult executionId="e3a120ad-e8ab-4ae8-8b27-0fb5b7b40641" testId="f9126a5c-91ab-1e44-30e6-13ca198640cb" testName="FormatToStringTest1000(12379.347974640013d,&quot;12379.35 zł&quot;)" computerName="DESKTOP-5URQ9PB" duration="00:00:00.0000190" startTime="2022-06-13T21:13:44.9422733+02:00" endTime="2022-06-13T21:13:44.9422921+02:00" testType="13cdc9d9-ddb5-4fa4-a97d-d965ccfc6d4b" outcome="Passed" testListId="8c84fa94-04c1-424b-9868-57a2d4851a1d" relativeResultsDirectory="e3a120ad-e8ab-4ae8-8b27-0fb5b7b40641" />
    <UnitTestResult executionId="fc374bb9-3d3f-458d-aea5-5f1fde90bc5a" testId="f0622268-a7b0-73db-dcaa-b07ea595271b" testName="FormatToStringTest1000(4812.162927013898d,&quot;4812.16 zł&quot;)" computerName="DESKTOP-5URQ9PB" duration="00:00:00.0000190" startTime="2022-06-13T21:13:44.9259112+02:00" endTime="2022-06-13T21:13:44.9259301+02:00" testType="13cdc9d9-ddb5-4fa4-a97d-d965ccfc6d4b" outcome="Passed" testListId="8c84fa94-04c1-424b-9868-57a2d4851a1d" relativeResultsDirectory="fc374bb9-3d3f-458d-aea5-5f1fde90bc5a" />
    <UnitTestResult executionId="c87a0546-7718-4232-a83c-78c1d6ef78e6" testId="23390089-a1b0-0859-3cf4-aeec4a54a63a" testName="FormatToStringTest1000(45887.58415794167d,&quot;45887.58 zł&quot;)" computerName="DESKTOP-5URQ9PB" duration="00:00:00.0000190" startTime="2022-06-13T21:13:44.9341999+02:00" endTime="2022-06-13T21:13:44.9342183+02:00" testType="13cdc9d9-ddb5-4fa4-a97d-d965ccfc6d4b" outcome="Passed" testListId="8c84fa94-04c1-424b-9868-57a2d4851a1d" relativeResultsDirectory="c87a0546-7718-4232-a83c-78c1d6ef78e6" />
    <UnitTestResult executionId="f05f41d4-4867-4774-9860-d926b3fe0541" testId="a1a0ba31-d02b-8245-607c-82258ff29354" testName="FormatToStringTest1000(34136.0993783046d,&quot;34136.10 zł&quot;)" computerName="DESKTOP-5URQ9PB" duration="00:00:00.0000190" startTime="2022-06-13T21:13:44.9244221+02:00" endTime="2022-06-13T21:13:44.9244407+02:00" testType="13cdc9d9-ddb5-4fa4-a97d-d965ccfc6d4b" outcome="Passed" testListId="8c84fa94-04c1-424b-9868-57a2d4851a1d" relativeResultsDirectory="f05f41d4-4867-4774-9860-d926b3fe0541" />
    <UnitTestResult executionId="09e2e2c4-befd-40c1-a066-0cd3cfd30fc3" testId="5e0fc3f1-0f67-2b00-c924-a966afea65df" testName="FormatToStringTest1000(16416.109736457518d,&quot;16416.11 zł&quot;)" computerName="DESKTOP-5URQ9PB" duration="00:00:00.0000190" startTime="2022-06-13T21:13:44.9326678+02:00" endTime="2022-06-13T21:13:44.9326864+02:00" testType="13cdc9d9-ddb5-4fa4-a97d-d965ccfc6d4b" outcome="Passed" testListId="8c84fa94-04c1-424b-9868-57a2d4851a1d" relativeResultsDirectory="09e2e2c4-befd-40c1-a066-0cd3cfd30fc3" />
    <UnitTestResult executionId="95b769c9-c0e6-4fda-b3f5-f28e8c73c2b9" testId="b8f799c6-5cbe-3da8-b8f8-1ee56d7fcf02" testName="FormatToStringTest1000(11584.045280779732d,&quot;11584.05 zł&quot;)" computerName="DESKTOP-5URQ9PB" duration="00:00:00.0000180" startTime="2022-06-13T21:13:44.9384907+02:00" endTime="2022-06-13T21:13:44.9385089+02:00" testType="13cdc9d9-ddb5-4fa4-a97d-d965ccfc6d4b" outcome="Passed" testListId="8c84fa94-04c1-424b-9868-57a2d4851a1d" relativeResultsDirectory="95b769c9-c0e6-4fda-b3f5-f28e8c73c2b9" />
    <UnitTestResult executionId="2bf5feea-22a7-4501-99e7-032d9e42e67c" testId="837c6681-7a11-fda1-e2c1-66903c24de53" testName="FormatToStringTest1000(11989.099505855282d,&quot;11989.10 zł&quot;)" computerName="DESKTOP-5URQ9PB" duration="00:00:00.0000190" startTime="2022-06-13T21:13:44.9434612+02:00" endTime="2022-06-13T21:13:44.9434798+02:00" testType="13cdc9d9-ddb5-4fa4-a97d-d965ccfc6d4b" outcome="Passed" testListId="8c84fa94-04c1-424b-9868-57a2d4851a1d" relativeResultsDirectory="2bf5feea-22a7-4501-99e7-032d9e42e67c" />
    <UnitTestResult executionId="dd5621f7-3f32-496d-bfe0-f5a9afd06cc9" testId="0f966d17-36c6-657f-5b98-8b83226f1489" testName="FormatToStringTest1000(17875.613377604455d,&quot;17875.61 zł&quot;)" computerName="DESKTOP-5URQ9PB" duration="00:00:00.0000190" startTime="2022-06-13T21:13:44.9236183+02:00" endTime="2022-06-13T21:13:44.9236367+02:00" testType="13cdc9d9-ddb5-4fa4-a97d-d965ccfc6d4b" outcome="Passed" testListId="8c84fa94-04c1-424b-9868-57a2d4851a1d" relativeResultsDirectory="dd5621f7-3f32-496d-bfe0-f5a9afd06cc9" />
    <UnitTestResult executionId="756a4b58-eed5-4bde-a0a1-646ab78425fa" testId="67cd7cf5-f472-f19a-a725-58400de88452" testName="FormatToStringTest1000(1994.0983933439006d,&quot;1994.10 zł&quot;)" computerName="DESKTOP-5URQ9PB" duration="00:00:00.0000190" startTime="2022-06-13T21:13:44.9421473+02:00" endTime="2022-06-13T21:13:44.9421662+02:00" testType="13cdc9d9-ddb5-4fa4-a97d-d965ccfc6d4b" outcome="Passed" testListId="8c84fa94-04c1-424b-9868-57a2d4851a1d" relativeResultsDirectory="756a4b58-eed5-4bde-a0a1-646ab78425fa" />
    <UnitTestResult executionId="4e2b8b2b-6612-48ec-a5b5-70b4583ff473" testId="d5a3e949-dba8-8515-82f0-b4d3600a13aa" testName="FormatToStringTest1000(7050.437505805137d,&quot;7050.44 zł&quot;)" computerName="DESKTOP-5URQ9PB" duration="00:00:00.0000190" startTime="2022-06-13T21:13:44.9228960+02:00" endTime="2022-06-13T21:13:44.9229147+02:00" testType="13cdc9d9-ddb5-4fa4-a97d-d965ccfc6d4b" outcome="Passed" testListId="8c84fa94-04c1-424b-9868-57a2d4851a1d" relativeResultsDirectory="4e2b8b2b-6612-48ec-a5b5-70b4583ff473" />
    <UnitTestResult executionId="efccd697-8733-4d56-b61b-b02079bdbf23" testId="a9bc5968-881f-208e-3a3a-e085883b32c4" testName="FormatToStringTest1000(31391.358864880804d,&quot;31391.36 zł&quot;)" computerName="DESKTOP-5URQ9PB" duration="00:00:00.0000190" startTime="2022-06-13T21:13:44.9402801+02:00" endTime="2022-06-13T21:13:44.9402992+02:00" testType="13cdc9d9-ddb5-4fa4-a97d-d965ccfc6d4b" outcome="Passed" testListId="8c84fa94-04c1-424b-9868-57a2d4851a1d" relativeResultsDirectory="efccd697-8733-4d56-b61b-b02079bdbf23" />
    <UnitTestResult executionId="d9938a47-8130-430c-862d-07b425db8f33" testId="379018c4-3439-ea28-2c36-3039f4766b8e" testName="FormatToStringTest1000(37866.43836050967d,&quot;37866.44 zł&quot;)" computerName="DESKTOP-5URQ9PB" duration="00:00:00.0000190" startTime="2022-06-13T21:13:44.9271676+02:00" endTime="2022-06-13T21:13:44.9271864+02:00" testType="13cdc9d9-ddb5-4fa4-a97d-d965ccfc6d4b" outcome="Passed" testListId="8c84fa94-04c1-424b-9868-57a2d4851a1d" relativeResultsDirectory="d9938a47-8130-430c-862d-07b425db8f33" />
    <UnitTestResult executionId="1e93f5bd-aae2-4033-b8e9-82f7bf14f244" testId="8d4b1df1-395e-a801-f732-9563464d225f" testName="FormatToStringTest1000(70581.91150977784d,&quot;70581.91 zł&quot;)" computerName="DESKTOP-5URQ9PB" duration="00:00:00.0000190" startTime="2022-06-13T21:13:44.9329711+02:00" endTime="2022-06-13T21:13:44.9329901+02:00" testType="13cdc9d9-ddb5-4fa4-a97d-d965ccfc6d4b" outcome="Passed" testListId="8c84fa94-04c1-424b-9868-57a2d4851a1d" relativeResultsDirectory="1e93f5bd-aae2-4033-b8e9-82f7bf14f244" />
    <UnitTestResult executionId="0a09192f-8482-48f4-bb47-19102a2a1823" testId="184b236a-96f5-5ef7-81e9-55fd01a96b10" testName="FormatToStringTest1000(5855.75080885354d,&quot;5855.75 zł&quot;)" computerName="DESKTOP-5URQ9PB" duration="00:00:00.0000190" startTime="2022-06-13T21:13:44.9367981+02:00" endTime="2022-06-13T21:13:44.9368170+02:00" testType="13cdc9d9-ddb5-4fa4-a97d-d965ccfc6d4b" outcome="Passed" testListId="8c84fa94-04c1-424b-9868-57a2d4851a1d" relativeResultsDirectory="0a09192f-8482-48f4-bb47-19102a2a1823" />
    <UnitTestResult executionId="972ab5d5-6d1d-41b6-91ec-0a7dbd627935" testId="a5617ce6-af44-3da3-775d-82bd0343fcd9" testName="FormatToStringTest1000(42767.96883676898d,&quot;42767.97 zł&quot;)" computerName="DESKTOP-5URQ9PB" duration="00:00:00.0000190" startTime="2022-06-13T21:13:44.9383149+02:00" endTime="2022-06-13T21:13:44.9383333+02:00" testType="13cdc9d9-ddb5-4fa4-a97d-d965ccfc6d4b" outcome="Passed" testListId="8c84fa94-04c1-424b-9868-57a2d4851a1d" relativeResultsDirectory="972ab5d5-6d1d-41b6-91ec-0a7dbd627935" />
    <UnitTestResult executionId="e2ffba87-ae2c-4493-a6eb-a913f66a87fe" testId="86a3d4f1-4730-e078-7812-a2cb42758d4b" testName="FormatToStringTest1000(58848.60825001477d,&quot;58848.61 zł&quot;)" computerName="DESKTOP-5URQ9PB" duration="00:00:00.0000190" startTime="2022-06-13T21:13:44.9206850+02:00" endTime="2022-06-13T21:13:44.9207038+02:00" testType="13cdc9d9-ddb5-4fa4-a97d-d965ccfc6d4b" outcome="Passed" testListId="8c84fa94-04c1-424b-9868-57a2d4851a1d" relativeResultsDirectory="e2ffba87-ae2c-4493-a6eb-a913f66a87fe" />
    <UnitTestResult executionId="df00ddfa-8409-4726-8cae-66e0da99b2e3" testId="95fed375-7969-3fff-ac7b-e41adca485dd" testName="FormatToStringTest1000(1482.3501845832682d,&quot;1482.35 zł&quot;)" computerName="DESKTOP-5URQ9PB" duration="00:00:00.0000190" startTime="2022-06-13T21:13:44.9395216+02:00" endTime="2022-06-13T21:13:44.9395399+02:00" testType="13cdc9d9-ddb5-4fa4-a97d-d965ccfc6d4b" outcome="Passed" testListId="8c84fa94-04c1-424b-9868-57a2d4851a1d" relativeResultsDirectory="df00ddfa-8409-4726-8cae-66e0da99b2e3" />
    <UnitTestResult executionId="8e1d9f7b-b868-4fa3-a1db-58e6c01cb167" testId="7af319c8-84cb-197c-29fc-ea5e77c2f3be" testName="FormatToStringTest1000(33413.381276228174d,&quot;33413.38 zł&quot;)" computerName="DESKTOP-5URQ9PB" duration="00:00:00.0000200" startTime="2022-06-13T21:13:44.9286020+02:00" endTime="2022-06-13T21:13:44.9286218+02:00" testType="13cdc9d9-ddb5-4fa4-a97d-d965ccfc6d4b" outcome="Passed" testListId="8c84fa94-04c1-424b-9868-57a2d4851a1d" relativeResultsDirectory="8e1d9f7b-b868-4fa3-a1db-58e6c01cb167" />
    <UnitTestResult executionId="3bebf08d-55c1-4bb3-9e09-6288cabf29c6" testId="d569c283-c0e4-d992-53ea-520d9219d214" testName="FormatToStringTest1000(19103.831635461574d,&quot;19103.83 zł&quot;)" computerName="DESKTOP-5URQ9PB" duration="00:00:00.0000200" startTime="2022-06-13T21:13:44.9318439+02:00" endTime="2022-06-13T21:13:44.9318633+02:00" testType="13cdc9d9-ddb5-4fa4-a97d-d965ccfc6d4b" outcome="Passed" testListId="8c84fa94-04c1-424b-9868-57a2d4851a1d" relativeResultsDirectory="3bebf08d-55c1-4bb3-9e09-6288cabf29c6" />
    <UnitTestResult executionId="68e202e0-8e9d-48d2-8dc4-559f498db61b" testId="7422afbf-8dc8-2993-87d6-1f702a4bc862" testName="FormatToStringTest1000(6027.66019266828d,&quot;6027.66 zł&quot;)" computerName="DESKTOP-5URQ9PB" duration="00:00:00.0000190" startTime="2022-06-13T21:13:44.9398285+02:00" endTime="2022-06-13T21:13:44.9398474+02:00" testType="13cdc9d9-ddb5-4fa4-a97d-d965ccfc6d4b" outcome="Passed" testListId="8c84fa94-04c1-424b-9868-57a2d4851a1d" relativeResultsDirectory="68e202e0-8e9d-48d2-8dc4-559f498db61b" />
    <UnitTestResult executionId="1be17814-acef-4c61-b747-7068c4d3972c" testId="4936d87a-883b-6212-fe10-ba7602a69db8" testName="FormatToStringTest1000(26885.71162707904d,&quot;26885.71 zł&quot;)" computerName="DESKTOP-5URQ9PB" duration="00:00:00.0000190" startTime="2022-06-13T21:13:44.9216642+02:00" endTime="2022-06-13T21:13:44.9216830+02:00" testType="13cdc9d9-ddb5-4fa4-a97d-d965ccfc6d4b" outcome="Passed" testListId="8c84fa94-04c1-424b-9868-57a2d4851a1d" relativeResultsDirectory="1be17814-acef-4c61-b747-7068c4d3972c" />
    <UnitTestResult executionId="a8b6d8fa-8a07-477f-93ed-58d850f08a44" testId="f0159238-5dbe-94b2-dc06-cbfbca0e38a0" testName="FormatToStringTest1000(55010.474927814896d,&quot;55010.47 zł&quot;)" computerName="DESKTOP-5URQ9PB" duration="00:00:00.0000180" startTime="2022-06-13T21:13:44.9364221+02:00" endTime="2022-06-13T21:13:44.9364402+02:00" testType="13cdc9d9-ddb5-4fa4-a97d-d965ccfc6d4b" outcome="Passed" testListId="8c84fa94-04c1-424b-9868-57a2d4851a1d" relativeResultsDirectory="a8b6d8fa-8a07-477f-93ed-58d850f08a44" />
    <UnitTestResult executionId="891dd889-217c-4e4c-a548-e803a9bf00b8" testId="37887ca9-f36b-5081-1e8a-5e4e1fff4e53" testName="FormatToStringTest1000(75915.01943546813d,&quot;75915.02 zł&quot;)" computerName="DESKTOP-5URQ9PB" duration="00:00:00.0000200" startTime="2022-06-13T21:13:44.9278007+02:00" endTime="2022-06-13T21:13:44.9278204+02:00" testType="13cdc9d9-ddb5-4fa4-a97d-d965ccfc6d4b" outcome="Passed" testListId="8c84fa94-04c1-424b-9868-57a2d4851a1d" relativeResultsDirectory="891dd889-217c-4e4c-a548-e803a9bf00b8" />
    <UnitTestResult executionId="a0b469ad-4d27-4ed7-a75d-d4ec068bfe8b" testId="32740214-c33e-96ad-e5a0-01c821ac0c2a" testName="FormatToStringTest1000(34951.47290410077d,&quot;34951.47 zł&quot;)" computerName="DESKTOP-5URQ9PB" duration="00:00:00.0000200" startTime="2022-06-13T21:13:44.9292629+02:00" endTime="2022-06-13T21:13:44.9292827+02:00" testType="13cdc9d9-ddb5-4fa4-a97d-d965ccfc6d4b" outcome="Passed" testListId="8c84fa94-04c1-424b-9868-57a2d4851a1d" relativeResultsDirectory="a0b469ad-4d27-4ed7-a75d-d4ec068bfe8b" />
    <UnitTestResult executionId="3d478d5a-1bd1-422b-bae2-5a2fa68248e8" testId="b1699ce8-743c-1964-eb7b-2aa310ecbb21" testName="FormatToStringTest1000(27164.0272410419d,&quot;27164.03 zł&quot;)" computerName="DESKTOP-5URQ9PB" duration="00:00:00.0000190" startTime="2022-06-13T21:13:44.9265862+02:00" endTime="2022-06-13T21:13:44.9266051+02:00" testType="13cdc9d9-ddb5-4fa4-a97d-d965ccfc6d4b" outcome="Passed" testListId="8c84fa94-04c1-424b-9868-57a2d4851a1d" relativeResultsDirectory="3d478d5a-1bd1-422b-bae2-5a2fa68248e8" />
    <UnitTestResult executionId="40e0e502-c859-453e-9aed-b070774999ac" testId="3d8d8c47-dc22-599d-26af-f64601981b29" testName="FormatToStringTest1000(27751.474436297303d,&quot;27751.47 zł&quot;)" computerName="DESKTOP-5URQ9PB" duration="00:00:00.0000180" startTime="2022-06-13T21:13:44.9371239+02:00" endTime="2022-06-13T21:13:44.9371422+02:00" testType="13cdc9d9-ddb5-4fa4-a97d-d965ccfc6d4b" outcome="Passed" testListId="8c84fa94-04c1-424b-9868-57a2d4851a1d" relativeResultsDirectory="40e0e502-c859-453e-9aed-b070774999ac" />
    <UnitTestResult executionId="2af96b43-6d41-4bc1-8ff2-27a633c99a19" testId="21347641-7dc3-6035-5dfd-bb1ac2ae1b73" testName="FormatToStringTest1000(28992.38363400166d,&quot;28992.38 zł&quot;)" computerName="DESKTOP-5URQ9PB" duration="00:00:00.0000190" startTime="2022-06-13T21:13:44.9369999+02:00" endTime="2022-06-13T21:13:44.9370187+02:00" testType="13cdc9d9-ddb5-4fa4-a97d-d965ccfc6d4b" outcome="Passed" testListId="8c84fa94-04c1-424b-9868-57a2d4851a1d" relativeResultsDirectory="2af96b43-6d41-4bc1-8ff2-27a633c99a19" />
    <UnitTestResult executionId="6aa8bebf-5407-4904-aa16-44f1473bac67" testId="217115b6-0d47-12a1-e34e-67f742ff910b" testName="FormatToStringTest1000(26945.125386551546d,&quot;26945.13 zł&quot;)" computerName="DESKTOP-5URQ9PB" duration="00:00:00.0000180" startTime="2022-06-13T21:13:44.9222192+02:00" endTime="2022-06-13T21:13:44.9222371+02:00" testType="13cdc9d9-ddb5-4fa4-a97d-d965ccfc6d4b" outcome="Passed" testListId="8c84fa94-04c1-424b-9868-57a2d4851a1d" relativeResultsDirectory="6aa8bebf-5407-4904-aa16-44f1473bac67" />
    <UnitTestResult executionId="fbeb4e69-4632-4ad1-80cf-5d689084306f" testId="90ee7706-be86-d0d9-20c4-74ab6a1f60b7" testName="FormatToStringTest1000(67109.22110940759d,&quot;67109.22 zł&quot;)" computerName="DESKTOP-5URQ9PB" duration="00:00:00.0000190" startTime="2022-06-13T21:13:44.9397776+02:00" endTime="2022-06-13T21:13:44.9397966+02:00" testType="13cdc9d9-ddb5-4fa4-a97d-d965ccfc6d4b" outcome="Passed" testListId="8c84fa94-04c1-424b-9868-57a2d4851a1d" relativeResultsDirectory="fbeb4e69-4632-4ad1-80cf-5d689084306f" />
    <UnitTestResult executionId="1e695a15-832f-4b21-be64-e4acf3a22650" testId="ae5c211a-4af1-929a-38fa-5c9b4f30973f" testName="FormatToStringTest1000(30626.373939456127d,&quot;30626.37 zł&quot;)" computerName="DESKTOP-5URQ9PB" duration="00:00:00.0000190" startTime="2022-06-13T21:13:44.9215396+02:00" endTime="2022-06-13T21:13:44.9215583+02:00" testType="13cdc9d9-ddb5-4fa4-a97d-d965ccfc6d4b" outcome="Passed" testListId="8c84fa94-04c1-424b-9868-57a2d4851a1d" relativeResultsDirectory="1e695a15-832f-4b21-be64-e4acf3a22650" />
    <UnitTestResult executionId="73900069-7910-4c6b-abd6-4460871ae9a9" testId="74db41bd-054e-abff-59c5-f7d3ecdafbd4" testName="FormatToStringTest1000(10397.404523554447d,&quot;10397.40 zł&quot;)" computerName="DESKTOP-5URQ9PB" duration="00:00:00.0000190" startTime="2022-06-13T21:13:44.9354935+02:00" endTime="2022-06-13T21:13:44.9355126+02:00" testType="13cdc9d9-ddb5-4fa4-a97d-d965ccfc6d4b" outcome="Passed" testListId="8c84fa94-04c1-424b-9868-57a2d4851a1d" relativeResultsDirectory="73900069-7910-4c6b-abd6-4460871ae9a9" />
    <UnitTestResult executionId="077a28bd-1135-4d8f-b78a-6052e0c91e4a" testId="d38b1856-f9a8-d9e7-be29-662b96640b5b" testName="FormatToStringTest1000(20497.107923553376d,&quot;20497.11 zł&quot;)" computerName="DESKTOP-5URQ9PB" duration="00:00:00.0000190" startTime="2022-06-13T21:13:44.9413108+02:00" endTime="2022-06-13T21:13:44.9413297+02:00" testType="13cdc9d9-ddb5-4fa4-a97d-d965ccfc6d4b" outcome="Passed" testListId="8c84fa94-04c1-424b-9868-57a2d4851a1d" relativeResultsDirectory="077a28bd-1135-4d8f-b78a-6052e0c91e4a" />
    <UnitTestResult executionId="9e0afedf-cb86-4987-ae49-7275f087027f" testId="8d9adc97-9f99-5fc5-0cdb-932a51aaf028" testName="FormatToStringTest1000(26015.8311952552d,&quot;26015.83 zł&quot;)" computerName="DESKTOP-5URQ9PB" duration="00:00:00.0000180" startTime="2022-06-13T21:13:44.9258367+02:00" endTime="2022-06-13T21:13:44.9258548+02:00" testType="13cdc9d9-ddb5-4fa4-a97d-d965ccfc6d4b" outcome="Passed" testListId="8c84fa94-04c1-424b-9868-57a2d4851a1d" relativeResultsDirectory="9e0afedf-cb86-4987-ae49-7275f087027f" />
    <UnitTestResult executionId="501c9cb8-7e62-4ceb-b513-d9101e89b238" testId="345abed9-9ef3-e2b8-4bc1-ad4b7b82dd26" testName="FormatToStringTest1000(10994.251866986162d,&quot;10994.25 zł&quot;)" computerName="DESKTOP-5URQ9PB" duration="00:00:00.0000190" startTime="2022-06-13T21:13:44.9328464+02:00" endTime="2022-06-13T21:13:44.9328654+02:00" testType="13cdc9d9-ddb5-4fa4-a97d-d965ccfc6d4b" outcome="Passed" testListId="8c84fa94-04c1-424b-9868-57a2d4851a1d" relativeResultsDirectory="501c9cb8-7e62-4ceb-b513-d9101e89b238" />
    <UnitTestResult executionId="803eb1ab-e21c-40b1-89dc-cae1a56286b0" testId="958c8c55-b3b0-31c1-8935-1d44afe5a8c0" testName="FormatToStringTest1000(9754.291367935619d,&quot;9754.29 zł&quot;)" computerName="DESKTOP-5URQ9PB" duration="00:00:00.0000460" startTime="2022-06-13T21:13:44.9461992+02:00" endTime="2022-06-13T21:13:44.9462450+02:00" testType="13cdc9d9-ddb5-4fa4-a97d-d965ccfc6d4b" outcome="Passed" testListId="8c84fa94-04c1-424b-9868-57a2d4851a1d" relativeResultsDirectory="803eb1ab-e21c-40b1-89dc-cae1a56286b0" />
    <UnitTestResult executionId="a4bc4f47-e042-4695-9882-79cbcab61add" testId="8afbc81b-c940-0dce-6ef9-318ffda0f1ea" testName="FormatToStringTest1000(57564.498126061866d,&quot;57564.50 zł&quot;)" computerName="DESKTOP-5URQ9PB" duration="00:00:00.0000190" startTime="2022-06-13T21:13:44.9226417+02:00" endTime="2022-06-13T21:13:44.9226600+02:00" testType="13cdc9d9-ddb5-4fa4-a97d-d965ccfc6d4b" outcome="Passed" testListId="8c84fa94-04c1-424b-9868-57a2d4851a1d" relativeResultsDirectory="a4bc4f47-e042-4695-9882-79cbcab61add" />
    <UnitTestResult executionId="4f2a7e16-14f3-4a57-a983-69999502dbaa" testId="f1dc036c-9edd-e200-4e53-f62b2f9452ea" testName="FormatToStringTest1000(803.2448148733214d,&quot;803.24 zł&quot;)" computerName="DESKTOP-5URQ9PB" duration="00:00:00.0000190" startTime="2022-06-13T21:13:44.9416622+02:00" endTime="2022-06-13T21:13:44.9416806+02:00" testType="13cdc9d9-ddb5-4fa4-a97d-d965ccfc6d4b" outcome="Passed" testListId="8c84fa94-04c1-424b-9868-57a2d4851a1d" relativeResultsDirectory="4f2a7e16-14f3-4a57-a983-69999502dbaa" />
    <UnitTestResult executionId="c5b2848c-1c47-40ba-a949-e32ec4b26d95" testId="3222b798-5ed7-0031-3bc4-2349d5773662" testName="FormatToStringTest1000(19933.78650940945d,&quot;19933.79 zł&quot;)" computerName="DESKTOP-5URQ9PB" duration="00:00:00.0000190" startTime="2022-06-13T21:13:44.9412856+02:00" endTime="2022-06-13T21:13:44.9413047+02:00" testType="13cdc9d9-ddb5-4fa4-a97d-d965ccfc6d4b" outcome="Passed" testListId="8c84fa94-04c1-424b-9868-57a2d4851a1d" relativeResultsDirectory="c5b2848c-1c47-40ba-a949-e32ec4b26d95" />
    <UnitTestResult executionId="fcef047c-cc8d-4b59-b491-f5de217723d9" testId="3c275536-ffe1-8830-c363-8f6f56aca6a1" testName="FormatToStringTest1000(22666.13578912995d,&quot;22666.14 zł&quot;)" computerName="DESKTOP-5URQ9PB" duration="00:00:00.0000190" startTime="2022-06-13T21:13:44.9194921+02:00" endTime="2022-06-13T21:13:44.9195110+02:00" testType="13cdc9d9-ddb5-4fa4-a97d-d965ccfc6d4b" outcome="Passed" testListId="8c84fa94-04c1-424b-9868-57a2d4851a1d" relativeResultsDirectory="fcef047c-cc8d-4b59-b491-f5de217723d9" />
    <UnitTestResult executionId="ab8b976e-3784-4298-900e-10a95e3caf0a" testId="29ce62dc-57a0-98b0-2349-436efa39dc09" testName="FormatToStringTest1000(64568.131500027666d,&quot;64568.13 zł&quot;)" computerName="DESKTOP-5URQ9PB" duration="00:00:00.0000190" startTime="2022-06-13T21:13:44.9379119+02:00" endTime="2022-06-13T21:13:44.9379310+02:00" testType="13cdc9d9-ddb5-4fa4-a97d-d965ccfc6d4b" outcome="Passed" testListId="8c84fa94-04c1-424b-9868-57a2d4851a1d" relativeResultsDirectory="ab8b976e-3784-4298-900e-10a95e3caf0a" />
    <UnitTestResult executionId="5e66cd67-2052-4a4b-967b-4afe3cb2ee52" testId="f0585ec3-ae76-b5af-6830-899496ff1fd9" testName="FormatToStringTest1000(2121.0917325211185d,&quot;2121.09 zł&quot;)" computerName="DESKTOP-5URQ9PB" duration="00:00:00.0000190" startTime="2022-06-13T21:13:44.9336677+02:00" endTime="2022-06-13T21:13:44.9336863+02:00" testType="13cdc9d9-ddb5-4fa4-a97d-d965ccfc6d4b" outcome="Passed" testListId="8c84fa94-04c1-424b-9868-57a2d4851a1d" relativeResultsDirectory="5e66cd67-2052-4a4b-967b-4afe3cb2ee52" />
    <UnitTestResult executionId="2e6569d3-4c76-4a72-9e1e-7a3bc525ee24" testId="fb12626f-6bd8-49ed-e189-ad76e4b7496b" testName="FormatToStringTest1000(38402.8293406753d,&quot;38402.83 zł&quot;)" computerName="DESKTOP-5URQ9PB" duration="00:00:00.0000190" startTime="2022-06-13T21:13:44.9371737+02:00" endTime="2022-06-13T21:13:44.9371923+02:00" testType="13cdc9d9-ddb5-4fa4-a97d-d965ccfc6d4b" outcome="Passed" testListId="8c84fa94-04c1-424b-9868-57a2d4851a1d" relativeResultsDirectory="2e6569d3-4c76-4a72-9e1e-7a3bc525ee24" />
    <UnitTestResult executionId="5489b773-19a0-486d-be19-c9c58f25712d" testId="2bc42f5a-e565-5018-fa3b-64bf63c4c2f5" testName="FormatToStringTest1000(14017.699524653006d,&quot;14017.70 zł&quot;)" computerName="DESKTOP-5URQ9PB" duration="00:00:00.0000190" startTime="2022-06-13T21:13:44.9429047+02:00" endTime="2022-06-13T21:13:44.9429237+02:00" testType="13cdc9d9-ddb5-4fa4-a97d-d965ccfc6d4b" outcome="Passed" testListId="8c84fa94-04c1-424b-9868-57a2d4851a1d" relativeResultsDirectory="5489b773-19a0-486d-be19-c9c58f25712d" />
    <UnitTestResult executionId="0c3dde02-eae2-4c8b-b03d-16939976ecd7" testId="f40cda09-c7b2-157d-533a-1e4833860e01" testName="FormatToStringTest1000(8347.417790138823d,&quot;8347.42 zł&quot;)" computerName="DESKTOP-5URQ9PB" duration="00:00:00.0000200" startTime="2022-06-13T21:13:44.9369745+02:00" endTime="2022-06-13T21:13:44.9369938+02:00" testType="13cdc9d9-ddb5-4fa4-a97d-d965ccfc6d4b" outcome="Passed" testListId="8c84fa94-04c1-424b-9868-57a2d4851a1d" relativeResultsDirectory="0c3dde02-eae2-4c8b-b03d-16939976ecd7" />
    <UnitTestResult executionId="2d789b7e-0ee4-488f-9788-239ac48c03f1" testId="ae7cb376-4ef2-2742-75ce-61ea6adcde54" testName="FormatToStringTest1000(30578.687538491416d,&quot;30578.69 zł&quot;)" computerName="DESKTOP-5URQ9PB" duration="00:00:00.0000190" startTime="2022-06-13T21:13:44.9261351+02:00" endTime="2022-06-13T21:13:44.9261542+02:00" testType="13cdc9d9-ddb5-4fa4-a97d-d965ccfc6d4b" outcome="Passed" testListId="8c84fa94-04c1-424b-9868-57a2d4851a1d" relativeResultsDirectory="2d789b7e-0ee4-488f-9788-239ac48c03f1" />
    <UnitTestResult executionId="3ae0d80d-e025-4728-9a7b-4434480eec88" testId="a2988576-488b-e6d4-a498-af48b96efbdb" testName="FormatToStringTest1000(24570.65594858893d,&quot;24570.66 zł&quot;)" computerName="DESKTOP-5URQ9PB" duration="00:00:00.0000190" startTime="2022-06-13T21:13:44.9244722+02:00" endTime="2022-06-13T21:13:44.9244908+02:00" testType="13cdc9d9-ddb5-4fa4-a97d-d965ccfc6d4b" outcome="Passed" testListId="8c84fa94-04c1-424b-9868-57a2d4851a1d" relativeResultsDirectory="3ae0d80d-e025-4728-9a7b-4434480eec88" />
    <UnitTestResult executionId="8e6fdf28-cb9b-4eee-857e-90e0a364e944" testId="1ead85ed-9e84-e345-248b-37b2bb2fd57c" testName="FormatToStringTest1000(7621.507806692509d,&quot;7621.51 zł&quot;)" computerName="DESKTOP-5URQ9PB" duration="00:00:00.0000190" startTime="2022-06-13T21:13:44.9295630+02:00" endTime="2022-06-13T21:13:44.9295821+02:00" testType="13cdc9d9-ddb5-4fa4-a97d-d965ccfc6d4b" outcome="Passed" testListId="8c84fa94-04c1-424b-9868-57a2d4851a1d" relativeResultsDirectory="8e6fdf28-cb9b-4eee-857e-90e0a364e944" />
    <UnitTestResult executionId="8631c980-ee9e-41e6-b212-cf9b8382b27b" testId="bb7f2094-2f9e-97a8-2260-536683d65f82" testName="FormatToStringTest1000(57809.74722876295d,&quot;57809.75 zł&quot;)" computerName="DESKTOP-5URQ9PB" duration="00:00:00.0000190" startTime="2022-06-13T21:13:44.9311597+02:00" endTime="2022-06-13T21:13:44.9311782+02:00" testType="13cdc9d9-ddb5-4fa4-a97d-d965ccfc6d4b" outcome="Passed" testListId="8c84fa94-04c1-424b-9868-57a2d4851a1d" relativeResultsDirectory="8631c980-ee9e-41e6-b212-cf9b8382b27b" />
    <UnitTestResult executionId="a4a4420c-c59b-4437-937d-502ac9cff978" testId="de399ac2-0e9a-031b-1b43-49701fcdb8f0" testName="FormatToStringTest1000(10174.652801423637d,&quot;10174.65 zł&quot;)" computerName="DESKTOP-5URQ9PB" duration="00:00:00.0000190" startTime="2022-06-13T21:13:44.9338996+02:00" endTime="2022-06-13T21:13:44.9339180+02:00" testType="13cdc9d9-ddb5-4fa4-a97d-d965ccfc6d4b" outcome="Passed" testListId="8c84fa94-04c1-424b-9868-57a2d4851a1d" relativeResultsDirectory="a4a4420c-c59b-4437-937d-502ac9cff978" />
    <UnitTestResult executionId="939489ba-856d-47e7-9561-46f687fcb7a5" testId="a1315833-0fe6-4fc5-8939-3c4f1b31db5e" testName="FormatToStringTest1000(26223.99769144412d,&quot;26224.00 zł&quot;)" computerName="DESKTOP-5URQ9PB" duration="00:00:00.0000180" startTime="2022-06-13T21:13:44.9222688+02:00" endTime="2022-06-13T21:13:44.9222866+02:00" testType="13cdc9d9-ddb5-4fa4-a97d-d965ccfc6d4b" outcome="Passed" testListId="8c84fa94-04c1-424b-9868-57a2d4851a1d" relativeResultsDirectory="939489ba-856d-47e7-9561-46f687fcb7a5" />
    <UnitTestResult executionId="126cfcab-f318-459d-8cd6-299e9d0e47cd" testId="ef7b8988-d111-e493-786c-6d198480cf20" testName="FormatToStringTest1000(21602.417596116393d,&quot;21602.42 zł&quot;)" computerName="DESKTOP-5URQ9PB" duration="00:00:00.0000190" startTime="2022-06-13T21:13:44.9230695+02:00" endTime="2022-06-13T21:13:44.9230886+02:00" testType="13cdc9d9-ddb5-4fa4-a97d-d965ccfc6d4b" outcome="Passed" testListId="8c84fa94-04c1-424b-9868-57a2d4851a1d" relativeResultsDirectory="126cfcab-f318-459d-8cd6-299e9d0e47cd" />
    <UnitTestResult executionId="28a80455-cb7d-40f8-bcd0-991c7efc4151" testId="b1be5e34-279b-4416-5a52-95321e0442b4" testName="FormatToStringTest1000(33206.73122987837d,&quot;33206.73 zł&quot;)" computerName="DESKTOP-5URQ9PB" duration="00:00:00.0000180" startTime="2022-06-13T21:13:44.9203607+02:00" endTime="2022-06-13T21:13:44.9203790+02:00" testType="13cdc9d9-ddb5-4fa4-a97d-d965ccfc6d4b" outcome="Passed" testListId="8c84fa94-04c1-424b-9868-57a2d4851a1d" relativeResultsDirectory="28a80455-cb7d-40f8-bcd0-991c7efc4151" />
    <UnitTestResult executionId="6c3e9f69-866b-40a3-883f-e68415338298" testId="6fa66cd3-3174-5023-d80b-ce9981bfadfc" testName="FormatToStringTest1000(69373.32129976773d,&quot;69373.32 zł&quot;)" computerName="DESKTOP-5URQ9PB" duration="00:00:00.0000190" startTime="2022-06-13T21:13:44.9308305+02:00" endTime="2022-06-13T21:13:44.9308489+02:00" testType="13cdc9d9-ddb5-4fa4-a97d-d965ccfc6d4b" outcome="Passed" testListId="8c84fa94-04c1-424b-9868-57a2d4851a1d" relativeResultsDirectory="6c3e9f69-866b-40a3-883f-e68415338298" />
    <UnitTestResult executionId="ced3098c-5656-4e8b-bde5-58ae3d327faf" testId="85867aba-850c-5842-e811-a641ca5889cf" testName="FormatToStringTest1000(25288.32036814574d,&quot;25288.32 zł&quot;)" computerName="DESKTOP-5URQ9PB" duration="00:00:00.0000190" startTime="2022-06-13T21:13:44.9345483+02:00" endTime="2022-06-13T21:13:44.9345672+02:00" testType="13cdc9d9-ddb5-4fa4-a97d-d965ccfc6d4b" outcome="Passed" testListId="8c84fa94-04c1-424b-9868-57a2d4851a1d" relativeResultsDirectory="ced3098c-5656-4e8b-bde5-58ae3d327faf" />
    <UnitTestResult executionId="4425db1e-9cd8-4d2c-bbe0-0d91d338f1a3" testId="6b324d3b-5796-c056-8636-0eb49b18ead5" testName="FormatToStringTest1000(8542.520616738833d,&quot;8542.52 zł&quot;)" computerName="DESKTOP-5URQ9PB" duration="00:00:00.0000190" startTime="2022-06-13T21:13:44.9370988+02:00" endTime="2022-06-13T21:13:44.9371177+02:00" testType="13cdc9d9-ddb5-4fa4-a97d-d965ccfc6d4b" outcome="Passed" testListId="8c84fa94-04c1-424b-9868-57a2d4851a1d" relativeResultsDirectory="4425db1e-9cd8-4d2c-bbe0-0d91d338f1a3" />
    <UnitTestResult executionId="743a820d-dd01-4335-8ab8-cf2861ac98d4" testId="712c2678-6c5e-0050-868a-1155d0b4fa06" testName="FormatToStringTest1000(32216.686763396807d,&quot;32216.69 zł&quot;)" computerName="DESKTOP-5URQ9PB" duration="00:00:00.0000280" startTime="2022-06-13T21:13:44.9188671+02:00" endTime="2022-06-13T21:13:44.9188947+02:00" testType="13cdc9d9-ddb5-4fa4-a97d-d965ccfc6d4b" outcome="Passed" testListId="8c84fa94-04c1-424b-9868-57a2d4851a1d" relativeResultsDirectory="743a820d-dd01-4335-8ab8-cf2861ac98d4" />
    <UnitTestResult executionId="50fc6ca5-94ee-42e1-8523-775affd66a89" testId="a71dfd40-e5c3-4b5b-03e3-172683e7a4a4" testName="FormatToStringTest1000(6276.389386365838d,&quot;6276.39 zł&quot;)" computerName="DESKTOP-5URQ9PB" duration="00:00:00.0000190" startTime="2022-06-13T21:13:44.9289623+02:00" endTime="2022-06-13T21:13:44.9289814+02:00" testType="13cdc9d9-ddb5-4fa4-a97d-d965ccfc6d4b" outcome="Passed" testListId="8c84fa94-04c1-424b-9868-57a2d4851a1d" relativeResultsDirectory="50fc6ca5-94ee-42e1-8523-775affd66a89" />
    <UnitTestResult executionId="affebfef-c72e-4417-84fd-dab9abc9ad6c" testId="0f4e158a-5f55-34ac-2195-c457e3f3f9e2" testName="FormatToStringTest1000(52032.65082931176d,&quot;52032.65 zł&quot;)" computerName="DESKTOP-5URQ9PB" duration="00:00:00.0000200" startTime="2022-06-13T21:13:44.9435107+02:00" endTime="2022-06-13T21:13:44.9435303+02:00" testType="13cdc9d9-ddb5-4fa4-a97d-d965ccfc6d4b" outcome="Passed" testListId="8c84fa94-04c1-424b-9868-57a2d4851a1d" relativeResultsDirectory="affebfef-c72e-4417-84fd-dab9abc9ad6c" />
    <UnitTestResult executionId="1a91eb86-e9a5-48de-a5ae-aadc5c8afaec" testId="826ac225-455e-4413-4415-8bc54c5b4d09" testName="FormatToStringTest1000(10501.127379151585d,&quot;10501.13 zł&quot;)" computerName="DESKTOP-5URQ9PB" duration="00:00:00.0000190" startTime="2022-06-13T21:13:44.9283031+02:00" endTime="2022-06-13T21:13:44.9283221+02:00" testType="13cdc9d9-ddb5-4fa4-a97d-d965ccfc6d4b" outcome="Passed" testListId="8c84fa94-04c1-424b-9868-57a2d4851a1d" relativeResultsDirectory="1a91eb86-e9a5-48de-a5ae-aadc5c8afaec" />
    <UnitTestResult executionId="eedc5378-3f98-43b6-bb7b-7f4cbe798c39" testId="7be4f16e-73d9-91a8-2b92-68f269673cb9" testName="FormatToStringTest1000(19463.08761954917d,&quot;19463.09 zł&quot;)" computerName="DESKTOP-5URQ9PB" duration="00:00:00.0000190" startTime="2022-06-13T21:13:44.9324446+02:00" endTime="2022-06-13T21:13:44.9324634+02:00" testType="13cdc9d9-ddb5-4fa4-a97d-d965ccfc6d4b" outcome="Passed" testListId="8c84fa94-04c1-424b-9868-57a2d4851a1d" relativeResultsDirectory="eedc5378-3f98-43b6-bb7b-7f4cbe798c39" />
    <UnitTestResult executionId="fd614870-129b-443e-a1c6-36f1bc6f3494" testId="3e825b25-6db1-d72d-ab5d-475a3a46b642" testName="FormatToStringTest1000(38076.55319665165d,&quot;38076.55 zł&quot;)" computerName="DESKTOP-5URQ9PB" duration="00:00:00.0000200" startTime="2022-06-13T21:13:44.9217714+02:00" endTime="2022-06-13T21:13:44.9217909+02:00" testType="13cdc9d9-ddb5-4fa4-a97d-d965ccfc6d4b" outcome="Passed" testListId="8c84fa94-04c1-424b-9868-57a2d4851a1d" relativeResultsDirectory="fd614870-129b-443e-a1c6-36f1bc6f3494" />
    <UnitTestResult executionId="5ce89b28-0897-447f-98b8-aaf06867cbb2" testId="3c248867-d354-cc7e-803e-cd6ef02be22e" testName="FormatToStringTest1000(55303.17220895699d,&quot;55303.17 zł&quot;)" computerName="DESKTOP-5URQ9PB" duration="00:00:00.0000180" startTime="2022-06-13T21:13:44.9226915+02:00" endTime="2022-06-13T21:13:44.9227097+02:00" testType="13cdc9d9-ddb5-4fa4-a97d-d965ccfc6d4b" outcome="Passed" testListId="8c84fa94-04c1-424b-9868-57a2d4851a1d" relativeResultsDirectory="5ce89b28-0897-447f-98b8-aaf06867cbb2" />
    <UnitTestResult executionId="107451b2-cfda-4ec8-80a8-954fc71cb65c" testId="00c173aa-365e-0279-47ce-e69aab924076" testName="FormatToStringTest1000(10511.7304983189d,&quot;10511.73 zł&quot;)" computerName="DESKTOP-5URQ9PB" duration="00:00:00.0000190" startTime="2022-06-13T21:13:44.9282785+02:00" endTime="2022-06-13T21:13:44.9282970+02:00" testType="13cdc9d9-ddb5-4fa4-a97d-d965ccfc6d4b" outcome="Passed" testListId="8c84fa94-04c1-424b-9868-57a2d4851a1d" relativeResultsDirectory="107451b2-cfda-4ec8-80a8-954fc71cb65c" />
    <UnitTestResult executionId="944c9fda-a3f4-40e5-a9d4-1888bdffa803" testId="298a4d26-abe3-d2f6-50a3-14e473e9fa24" testName="FormatToStringTest1000(5840.747097845071d,&quot;5840.75 zł&quot;)" computerName="DESKTOP-5URQ9PB" duration="00:00:00.0000180" startTime="2022-06-13T21:13:44.9386148+02:00" endTime="2022-06-13T21:13:44.9386328+02:00" testType="13cdc9d9-ddb5-4fa4-a97d-d965ccfc6d4b" outcome="Passed" testListId="8c84fa94-04c1-424b-9868-57a2d4851a1d" relativeResultsDirectory="944c9fda-a3f4-40e5-a9d4-1888bdffa803" />
    <UnitTestResult executionId="903280ac-0ecf-434a-a6f0-0bad60e14e31" testId="21f5ba92-f354-bb76-94e2-2214000ea5b9" testName="FormatToStringTest1000(7592.950837113406d,&quot;7592.95 zł&quot;)" computerName="DESKTOP-5URQ9PB" duration="00:00:00.0000190" startTime="2022-06-13T21:13:44.9214159+02:00" endTime="2022-06-13T21:13:44.9214342+02:00" testType="13cdc9d9-ddb5-4fa4-a97d-d965ccfc6d4b" outcome="Passed" testListId="8c84fa94-04c1-424b-9868-57a2d4851a1d" relativeResultsDirectory="903280ac-0ecf-434a-a6f0-0bad60e14e31" />
    <UnitTestResult executionId="f2cd96fe-d82a-4acb-bf85-b7fb8e9ca70c" testId="5fdca359-14d7-98c9-3f79-03e22f946141" testName="FormatToStringTest1000(12429.698213906819d,&quot;12429.70 zł&quot;)" computerName="DESKTOP-5URQ9PB" duration="00:00:00.0000190" startTime="2022-06-13T21:13:44.9288608+02:00" endTime="2022-06-13T21:13:44.9288796+02:00" testType="13cdc9d9-ddb5-4fa4-a97d-d965ccfc6d4b" outcome="Passed" testListId="8c84fa94-04c1-424b-9868-57a2d4851a1d" relativeResultsDirectory="f2cd96fe-d82a-4acb-bf85-b7fb8e9ca70c" />
    <UnitTestResult executionId="1492afbd-448b-4ede-adbb-35c0d567f8ae" testId="3490543a-9aad-4d93-690a-aa8da10d1845" testName="FormatToStringTest1000(6170.939441211959d,&quot;6170.94 zł&quot;)" computerName="DESKTOP-5URQ9PB" duration="00:00:00.0000190" startTime="2022-06-13T21:13:44.9292136+02:00" endTime="2022-06-13T21:13:44.9292323+02:00" testType="13cdc9d9-ddb5-4fa4-a97d-d965ccfc6d4b" outcome="Passed" testListId="8c84fa94-04c1-424b-9868-57a2d4851a1d" relativeResultsDirectory="1492afbd-448b-4ede-adbb-35c0d567f8ae" />
    <UnitTestResult executionId="fcfaaef1-886a-479d-bd95-308b83f87441" testId="005bc1cf-7a4e-92d9-5bd8-b2bbb383cd58" testName="FormatToStringTest1000(60323.066780431225d,&quot;60323.07 zł&quot;)" computerName="DESKTOP-5URQ9PB" duration="00:00:00.0000190" startTime="2022-06-13T21:13:44.9244470+02:00" endTime="2022-06-13T21:13:44.9244660+02:00" testType="13cdc9d9-ddb5-4fa4-a97d-d965ccfc6d4b" outcome="Passed" testListId="8c84fa94-04c1-424b-9868-57a2d4851a1d" relativeResultsDirectory="fcfaaef1-886a-479d-bd95-308b83f87441" />
    <UnitTestResult executionId="7ea300bf-460a-40db-ba6a-7169e148788a" testId="c813b080-ad5f-d9e2-c675-1e1394f00010" testName="FormatToStringTest1000(20244.692955315437d,&quot;20244.69 zł&quot;)" computerName="DESKTOP-5URQ9PB" duration="00:00:00.0000190" startTime="2022-06-13T21:13:44.9204353+02:00" endTime="2022-06-13T21:13:44.9204544+02:00" testType="13cdc9d9-ddb5-4fa4-a97d-d965ccfc6d4b" outcome="Passed" testListId="8c84fa94-04c1-424b-9868-57a2d4851a1d" relativeResultsDirectory="7ea300bf-460a-40db-ba6a-7169e148788a" />
    <UnitTestResult executionId="708b0d37-5d4d-4fcb-a47e-d787ca90e85c" testId="0229b587-f980-d1c2-d94e-8ed98bc221a6" testName="FormatToStringTest1000(10775.728533390784d,&quot;10775.73 zł&quot;)" computerName="DESKTOP-5URQ9PB" duration="00:00:00.0000190" startTime="2022-06-13T21:13:44.9306699+02:00" endTime="2022-06-13T21:13:44.9306886+02:00" testType="13cdc9d9-ddb5-4fa4-a97d-d965ccfc6d4b" outcome="Passed" testListId="8c84fa94-04c1-424b-9868-57a2d4851a1d" relativeResultsDirectory="708b0d37-5d4d-4fcb-a47e-d787ca90e85c" />
    <UnitTestResult executionId="340b361e-f31b-47f8-93eb-99085c8510c8" testId="6d2fa905-65f5-7d76-6130-8eb8fe67de75" testName="FormatToStringTest1000(740.3213011405064d,&quot;740.32 zł&quot;)" computerName="DESKTOP-5URQ9PB" duration="00:00:00.0000210" startTime="2022-06-13T21:13:44.9197060+02:00" endTime="2022-06-13T21:13:44.9197263+02:00" testType="13cdc9d9-ddb5-4fa4-a97d-d965ccfc6d4b" outcome="Passed" testListId="8c84fa94-04c1-424b-9868-57a2d4851a1d" relativeResultsDirectory="340b361e-f31b-47f8-93eb-99085c8510c8" />
    <UnitTestResult executionId="c71882b7-a264-43b4-951e-9b862c14f85e" testId="9e338ff4-5402-3f35-08f3-bafb7669b187" testName="FormatToStringTest1000(13092.45389243609d,&quot;13092.45 zł&quot;)" computerName="DESKTOP-5URQ9PB" duration="00:00:00.0000200" startTime="2022-06-13T21:13:44.9406793+02:00" endTime="2022-06-13T21:13:44.9406988+02:00" testType="13cdc9d9-ddb5-4fa4-a97d-d965ccfc6d4b" outcome="Passed" testListId="8c84fa94-04c1-424b-9868-57a2d4851a1d" relativeResultsDirectory="c71882b7-a264-43b4-951e-9b862c14f85e" />
    <UnitTestResult executionId="24bbcc39-c2d3-4599-a554-825de533ff20" testId="cab5d10f-8cae-8dfd-3b1b-219e11cb76ab" testName="FormatToStringTest1000(15337.485230751097d,&quot;15337.49 zł&quot;)" computerName="DESKTOP-5URQ9PB" duration="00:00:00.0000190" startTime="2022-06-13T21:13:44.9282530+02:00" endTime="2022-06-13T21:13:44.9282721+02:00" testType="13cdc9d9-ddb5-4fa4-a97d-d965ccfc6d4b" outcome="Passed" testListId="8c84fa94-04c1-424b-9868-57a2d4851a1d" relativeResultsDirectory="24bbcc39-c2d3-4599-a554-825de533ff20" />
    <UnitTestResult executionId="08efaf84-0cdc-47bd-814b-d710641153de" testId="eef249b6-8ce5-ce2e-1d6e-3786477a589e" testName="FormatToStringTest1000(59919.71489415491d,&quot;59919.71 zł&quot;)" computerName="DESKTOP-5URQ9PB" duration="00:00:00.0000190" startTime="2022-06-13T21:13:44.9338742+02:00" endTime="2022-06-13T21:13:44.9338935+02:00" testType="13cdc9d9-ddb5-4fa4-a97d-d965ccfc6d4b" outcome="Passed" testListId="8c84fa94-04c1-424b-9868-57a2d4851a1d" relativeResultsDirectory="08efaf84-0cdc-47bd-814b-d710641153de" />
    <UnitTestResult executionId="bfca9687-d92e-4402-b408-e61cb764a6e3" testId="b7f6b02b-7701-48a7-6ef3-dc8df7e50575" testName="FormatToStringTest1000(40889.35187774214d,&quot;40889.35 zł&quot;)" computerName="DESKTOP-5URQ9PB" duration="00:00:00.0000200" startTime="2022-06-13T21:13:44.9386634+02:00" endTime="2022-06-13T21:13:44.9386830+02:00" testType="13cdc9d9-ddb5-4fa4-a97d-d965ccfc6d4b" outcome="Passed" testListId="8c84fa94-04c1-424b-9868-57a2d4851a1d" relativeResultsDirectory="bfca9687-d92e-4402-b408-e61cb764a6e3" />
    <UnitTestResult executionId="abfc77d3-a220-415e-b13b-7c0c86a82932" testId="aa52f83a-fd01-4271-59b5-322ecc9f9333" testName="FormatToStringTest1000(4252.4012513842445d,&quot;4252.40 zł&quot;)" computerName="DESKTOP-5URQ9PB" duration="00:00:00.0000190" startTime="2022-06-13T21:13:44.9380387+02:00" endTime="2022-06-13T21:13:44.9380571+02:00" testType="13cdc9d9-ddb5-4fa4-a97d-d965ccfc6d4b" outcome="Passed" testListId="8c84fa94-04c1-424b-9868-57a2d4851a1d" relativeResultsDirectory="abfc77d3-a220-415e-b13b-7c0c86a82932" />
    <UnitTestResult executionId="e40f8c76-529f-4d4c-8db3-666c99228156" testId="3c1aaa80-1e63-d980-5967-7f705ee7de1e" testName="FormatToStringTest1000(10784.438152511344d,&quot;10784.44 zł&quot;)" computerName="DESKTOP-5URQ9PB" duration="00:00:00.0000180" startTime="2022-06-13T21:13:44.9213656+02:00" endTime="2022-06-13T21:13:44.9213838+02:00" testType="13cdc9d9-ddb5-4fa4-a97d-d965ccfc6d4b" outcome="Passed" testListId="8c84fa94-04c1-424b-9868-57a2d4851a1d" relativeResultsDirectory="e40f8c76-529f-4d4c-8db3-666c99228156" />
    <UnitTestResult executionId="39516357-d220-4531-921e-db953960a732" testId="0183c416-9787-c59d-18ce-d5b3fc43ac57" testName="FormatToStringTest1000(43858.624379632354d,&quot;43858.62 zł&quot;)" computerName="DESKTOP-5URQ9PB" duration="00:00:00.0000200" startTime="2022-06-13T21:13:44.9378860+02:00" endTime="2022-06-13T21:13:44.9379057+02:00" testType="13cdc9d9-ddb5-4fa4-a97d-d965ccfc6d4b" outcome="Passed" testListId="8c84fa94-04c1-424b-9868-57a2d4851a1d" relativeResultsDirectory="39516357-d220-4531-921e-db953960a732" />
    <UnitTestResult executionId="b799d65d-2846-4b64-a023-f8f5137fdca7" testId="bce75dbd-45ca-03c5-19ba-bad21cb2572e" testName="FormatToStringTest1000(18990.72499258012d,&quot;18990.72 zł&quot;)" computerName="DESKTOP-5URQ9PB" duration="00:00:00.0000190" startTime="2022-06-13T21:13:44.9210155+02:00" endTime="2022-06-13T21:13:44.9210339+02:00" testType="13cdc9d9-ddb5-4fa4-a97d-d965ccfc6d4b" outcome="Passed" testListId="8c84fa94-04c1-424b-9868-57a2d4851a1d" relativeResultsDirectory="b799d65d-2846-4b64-a023-f8f5137fdca7" />
    <UnitTestResult executionId="35cc7c5a-804c-4532-8ad2-8cdb9d12bbef" testId="ecefef35-6686-837e-5061-bcb9badf51b3" testName="FormatToStringTest1000(20344.185360967265d,&quot;20344.19 zł&quot;)" computerName="DESKTOP-5URQ9PB" duration="00:00:00.0000190" startTime="2022-06-13T21:13:44.9376516+02:00" endTime="2022-06-13T21:13:44.9376700+02:00" testType="13cdc9d9-ddb5-4fa4-a97d-d965ccfc6d4b" outcome="Passed" testListId="8c84fa94-04c1-424b-9868-57a2d4851a1d" relativeResultsDirectory="35cc7c5a-804c-4532-8ad2-8cdb9d12bbef" />
    <UnitTestResult executionId="12414adc-cebf-4c72-8adf-c0ee8eb8938e" testId="333dd064-5f53-dea9-59e8-b7071262f9e7" testName="FormatToStringTest1000(77904.0088552246d,&quot;77904.01 zł&quot;)" computerName="DESKTOP-5URQ9PB" duration="00:00:00.0000200" startTime="2022-06-13T21:13:44.9212137+02:00" endTime="2022-06-13T21:13:44.9212331+02:00" testType="13cdc9d9-ddb5-4fa4-a97d-d965ccfc6d4b" outcome="Passed" testListId="8c84fa94-04c1-424b-9868-57a2d4851a1d" relativeResultsDirectory="12414adc-cebf-4c72-8adf-c0ee8eb8938e" />
    <UnitTestResult executionId="8561a4ba-1135-4d60-b0d9-a15ccfabfe91" testId="d8fff351-64d1-1a21-4739-3e89df4d873b" testName="FormatToStringTest1000(2929.267390865026d,&quot;2929.27 zł&quot;)" computerName="DESKTOP-5URQ9PB" duration="00:00:00.0000190" startTime="2022-06-13T21:13:44.9409109+02:00" endTime="2022-06-13T21:13:44.9409294+02:00" testType="13cdc9d9-ddb5-4fa4-a97d-d965ccfc6d4b" outcome="Passed" testListId="8c84fa94-04c1-424b-9868-57a2d4851a1d" relativeResultsDirectory="8561a4ba-1135-4d60-b0d9-a15ccfabfe91" />
    <UnitTestResult executionId="5fec02e5-6cee-46e2-8493-5ea1a2df39cd" testId="8444e906-7a92-9021-9b3f-57eb7bbd8067" testName="FormatToStringTest1000(2883.637133003975d,&quot;2883.64 zł&quot;)" computerName="DESKTOP-5URQ9PB" duration="00:00:00.0000180" startTime="2022-06-13T21:13:44.9384653+02:00" endTime="2022-06-13T21:13:44.9384835+02:00" testType="13cdc9d9-ddb5-4fa4-a97d-d965ccfc6d4b" outcome="Passed" testListId="8c84fa94-04c1-424b-9868-57a2d4851a1d" relativeResultsDirectory="5fec02e5-6cee-46e2-8493-5ea1a2df39cd" />
    <UnitTestResult executionId="76e17f8d-799b-4a74-b9a4-c5be68d4295a" testId="20eba454-047b-5e64-79ba-74e9397a20a4" testName="FormatToStringTest1000(7726.0074454499445d,&quot;7726.01 zł&quot;)" computerName="DESKTOP-5URQ9PB" duration="00:00:00.0000200" startTime="2022-06-13T21:13:44.9260847+02:00" endTime="2022-06-13T21:13:44.9261040+02:00" testType="13cdc9d9-ddb5-4fa4-a97d-d965ccfc6d4b" outcome="Passed" testListId="8c84fa94-04c1-424b-9868-57a2d4851a1d" relativeResultsDirectory="76e17f8d-799b-4a74-b9a4-c5be68d4295a" />
    <UnitTestResult executionId="d5593ef4-c665-47ee-b250-29359e9efa28" testId="386c80c9-6738-6119-052a-4c505d8f4e31" testName="FormatToStringTest1000(9867.823212210007d,&quot;9867.82 zł&quot;)" computerName="DESKTOP-5URQ9PB" duration="00:00:00.0000190" startTime="2022-06-13T21:13:44.9210400+02:00" endTime="2022-06-13T21:13:44.9210592+02:00" testType="13cdc9d9-ddb5-4fa4-a97d-d965ccfc6d4b" outcome="Passed" testListId="8c84fa94-04c1-424b-9868-57a2d4851a1d" relativeResultsDirectory="d5593ef4-c665-47ee-b250-29359e9efa28" />
    <UnitTestResult executionId="8355664e-7ab6-4547-9580-0e0ff1a11e2b" testId="01cb383a-3e5a-acd0-bce9-5df29c661a7c" testName="FormatToStringTest1000(26133.133789601336d,&quot;26133.13 zł&quot;)" computerName="DESKTOP-5URQ9PB" duration="00:00:00.0000180" startTime="2022-06-13T21:13:44.9215151+02:00" endTime="2022-06-13T21:13:44.9215334+02:00" testType="13cdc9d9-ddb5-4fa4-a97d-d965ccfc6d4b" outcome="Passed" testListId="8c84fa94-04c1-424b-9868-57a2d4851a1d" relativeResultsDirectory="8355664e-7ab6-4547-9580-0e0ff1a11e2b" />
    <UnitTestResult executionId="c1dfaccc-d599-435d-a4b0-d3c649459d1c" testId="eefaa447-aa0c-7b07-9a84-3d4387fce640" testName="FormatToStringTest1000(5254.6338787505565d,&quot;5254.63 zł&quot;)" computerName="DESKTOP-5URQ9PB" duration="00:00:00.0000180" startTime="2022-06-13T21:13:44.9381644+02:00" endTime="2022-06-13T21:13:44.9381824+02:00" testType="13cdc9d9-ddb5-4fa4-a97d-d965ccfc6d4b" outcome="Passed" testListId="8c84fa94-04c1-424b-9868-57a2d4851a1d" relativeResultsDirectory="c1dfaccc-d599-435d-a4b0-d3c649459d1c" />
    <UnitTestResult executionId="39ec818c-848a-4cd1-92fb-0ba5a45183a6" testId="1bf3b326-0db3-88e9-a1ae-c5de32b68479" testName="FormatToStringTest1000(8211.920994553679d,&quot;8211.92 zł&quot;)" computerName="DESKTOP-5URQ9PB" duration="00:00:00.0000200" startTime="2022-06-13T21:13:44.9272171+02:00" endTime="2022-06-13T21:13:44.9272369+02:00" testType="13cdc9d9-ddb5-4fa4-a97d-d965ccfc6d4b" outcome="Passed" testListId="8c84fa94-04c1-424b-9868-57a2d4851a1d" relativeResultsDirectory="39ec818c-848a-4cd1-92fb-0ba5a45183a6" />
    <UnitTestResult executionId="658eee68-7d04-4dbb-8498-fed837a1a906" testId="5372d0c3-7454-6ed0-3140-c46dbf17af10" testName="FormatToStringTest1000(1649.0127968480872d,&quot;1649.01 zł&quot;)" computerName="DESKTOP-5URQ9PB" duration="00:00:00.0000190" startTime="2022-06-13T21:13:44.9205604+02:00" endTime="2022-06-13T21:13:44.9205796+02:00" testType="13cdc9d9-ddb5-4fa4-a97d-d965ccfc6d4b" outcome="Passed" testListId="8c84fa94-04c1-424b-9868-57a2d4851a1d" relativeResultsDirectory="658eee68-7d04-4dbb-8498-fed837a1a906" />
    <UnitTestResult executionId="5c54c43a-395e-42d5-b51e-e3874e694329" testId="1d1eb73d-8b0c-7513-b3af-aa35ad258fdb" testName="FormatToStringTest1000(26686.08488193065d,&quot;26686.08 zł&quot;)" computerName="DESKTOP-5URQ9PB" duration="00:00:00.0000190" startTime="2022-06-13T21:13:44.9331942+02:00" endTime="2022-06-13T21:13:44.9332131+02:00" testType="13cdc9d9-ddb5-4fa4-a97d-d965ccfc6d4b" outcome="Passed" testListId="8c84fa94-04c1-424b-9868-57a2d4851a1d" relativeResultsDirectory="5c54c43a-395e-42d5-b51e-e3874e694329" />
    <UnitTestResult executionId="6e197555-0c06-408b-98d3-d543aa1ad8fa" testId="c1189369-93b0-2acc-f712-00eac1c7b884" testName="FormatToStringTest1000(9843.625240445894d,&quot;9843.63 zł&quot;)" computerName="DESKTOP-5URQ9PB" duration="00:00:00.0000190" startTime="2022-06-13T21:13:44.9425737+02:00" endTime="2022-06-13T21:13:44.9425921+02:00" testType="13cdc9d9-ddb5-4fa4-a97d-d965ccfc6d4b" outcome="Passed" testListId="8c84fa94-04c1-424b-9868-57a2d4851a1d" relativeResultsDirectory="6e197555-0c06-408b-98d3-d543aa1ad8fa" />
    <UnitTestResult executionId="ee410761-c5bc-43eb-9003-041f9c8d6edc" testId="fc250b23-71a0-c4eb-52eb-8cd889ac9f85" testName="FormatToStringTest1000(14480.387652530982d,&quot;14480.39 zł&quot;)" computerName="DESKTOP-5URQ9PB" duration="00:00:00.0000180" startTime="2022-06-13T21:13:44.9250812+02:00" endTime="2022-06-13T21:13:44.9250994+02:00" testType="13cdc9d9-ddb5-4fa4-a97d-d965ccfc6d4b" outcome="Passed" testListId="8c84fa94-04c1-424b-9868-57a2d4851a1d" relativeResultsDirectory="ee410761-c5bc-43eb-9003-041f9c8d6edc" />
    <UnitTestResult executionId="37f54986-589d-4ff9-b297-7ac7c8cfa5df" testId="451fafcd-e358-2a2a-0150-6d7bc1153f41" testName="FormatToStringTest1000(45955.903045959254d,&quot;45955.90 zł&quot;)" computerName="DESKTOP-5URQ9PB" duration="00:00:00.0000180" startTime="2022-06-13T21:13:44.9367739+02:00" endTime="2022-06-13T21:13:44.9367920+02:00" testType="13cdc9d9-ddb5-4fa4-a97d-d965ccfc6d4b" outcome="Passed" testListId="8c84fa94-04c1-424b-9868-57a2d4851a1d" relativeResultsDirectory="37f54986-589d-4ff9-b297-7ac7c8cfa5df" />
    <UnitTestResult executionId="dc770a5e-cdb8-46f6-a021-239856e82049" testId="fb0ce41f-cede-9ac7-f047-8c3573f30f7e" testName="FormatToStringTest1000(486.15309567942893d,&quot;486.15 zł&quot;)" computerName="DESKTOP-5URQ9PB" duration="00:00:00.0000190" startTime="2022-06-13T21:13:44.9278527+02:00" endTime="2022-06-13T21:13:44.9278710+02:00" testType="13cdc9d9-ddb5-4fa4-a97d-d965ccfc6d4b" outcome="Passed" testListId="8c84fa94-04c1-424b-9868-57a2d4851a1d" relativeResultsDirectory="dc770a5e-cdb8-46f6-a021-239856e82049" />
    <UnitTestResult executionId="90ce42c8-7d04-4b24-87c5-c6982a0d9e69" testId="b6307f6f-0923-1f5a-926e-f404ac915b20" testName="FormatToStringTest1000(26174.290999793586d,&quot;26174.29 zł&quot;)" computerName="DESKTOP-5URQ9PB" duration="00:00:00.0000190" startTime="2022-06-13T21:13:44.9396963+02:00" endTime="2022-06-13T21:13:44.9397149+02:00" testType="13cdc9d9-ddb5-4fa4-a97d-d965ccfc6d4b" outcome="Passed" testListId="8c84fa94-04c1-424b-9868-57a2d4851a1d" relativeResultsDirectory="90ce42c8-7d04-4b24-87c5-c6982a0d9e69" />
    <UnitTestResult executionId="ff66bc35-e403-4a96-b75b-9a4104bbde05" testId="29503cc7-b010-6825-6d29-1db7cb95143d" testName="FormatToStringTest1000(47256.065730817645d,&quot;47256.07 zł&quot;)" computerName="DESKTOP-5URQ9PB" duration="00:00:00.0000190" startTime="2022-06-13T21:13:44.9243977+02:00" endTime="2022-06-13T21:13:44.9244161+02:00" testType="13cdc9d9-ddb5-4fa4-a97d-d965ccfc6d4b" outcome="Passed" testListId="8c84fa94-04c1-424b-9868-57a2d4851a1d" relativeResultsDirectory="ff66bc35-e403-4a96-b75b-9a4104bbde05" />
    <UnitTestResult executionId="3157d29a-50be-4c16-a68b-21fe31738828" testId="f96ea468-2b60-097d-c220-3c5f104473af" testName="FormatToStringTest1000(13574.683315038068d,&quot;13574.68 zł&quot;)" computerName="DESKTOP-5URQ9PB" duration="00:00:00.0000190" startTime="2022-06-13T21:13:44.9239244+02:00" endTime="2022-06-13T21:13:44.9239428+02:00" testType="13cdc9d9-ddb5-4fa4-a97d-d965ccfc6d4b" outcome="Passed" testListId="8c84fa94-04c1-424b-9868-57a2d4851a1d" relativeResultsDirectory="3157d29a-50be-4c16-a68b-21fe31738828" />
    <UnitTestResult executionId="6ec76988-3d47-4eeb-98a5-fae25ba6f879" testId="c54c0d26-3d52-7638-d0ec-e651814ad808" testName="FormatToStringTest1000(2346.9964869427477d,&quot;2347.00 zł&quot;)" computerName="DESKTOP-5URQ9PB" duration="00:00:00.0000200" startTime="2022-06-13T21:13:44.9280514+02:00" endTime="2022-06-13T21:13:44.9280713+02:00" testType="13cdc9d9-ddb5-4fa4-a97d-d965ccfc6d4b" outcome="Passed" testListId="8c84fa94-04c1-424b-9868-57a2d4851a1d" relativeResultsDirectory="6ec76988-3d47-4eeb-98a5-fae25ba6f879" />
    <UnitTestResult executionId="3ff90a05-aeff-453f-91f9-eda84cf0daf1" testId="9abe82c5-80fa-2d6a-e76f-8b42c308f2c5" testName="FormatToStringTest1000(10641.263377953444d,&quot;10641.26 zł&quot;)" computerName="DESKTOP-5URQ9PB" duration="00:00:00.0000190" startTime="2022-06-13T21:13:44.9265098+02:00" endTime="2022-06-13T21:13:44.9265291+02:00" testType="13cdc9d9-ddb5-4fa4-a97d-d965ccfc6d4b" outcome="Passed" testListId="8c84fa94-04c1-424b-9868-57a2d4851a1d" relativeResultsDirectory="3ff90a05-aeff-453f-91f9-eda84cf0daf1" />
    <UnitTestResult executionId="83ae8172-e5ed-4241-9e06-bf946176e122" testId="0107bc98-e88d-a137-c4d8-ff01a11c4723" testName="FormatToStringTest1000(16208.076866391615d,&quot;16208.08 zł&quot;)" computerName="DESKTOP-5URQ9PB" duration="00:00:00.0000250" startTime="2022-06-13T21:13:44.9427232+02:00" endTime="2022-06-13T21:13:44.9427476+02:00" testType="13cdc9d9-ddb5-4fa4-a97d-d965ccfc6d4b" outcome="Passed" testListId="8c84fa94-04c1-424b-9868-57a2d4851a1d" relativeResultsDirectory="83ae8172-e5ed-4241-9e06-bf946176e122" />
    <UnitTestResult executionId="8543ac68-5c16-40dc-a180-40b0eed6d81b" testId="e7e966d4-e5d2-6514-5e34-60687297029b" testName="FormatToStringTest1000(22189.78731674132d,&quot;22189.79 zł&quot;)" computerName="DESKTOP-5URQ9PB" duration="00:00:00.0000200" startTime="2022-06-13T21:13:44.9327470+02:00" endTime="2022-06-13T21:13:44.9327663+02:00" testType="13cdc9d9-ddb5-4fa4-a97d-d965ccfc6d4b" outcome="Passed" testListId="8c84fa94-04c1-424b-9868-57a2d4851a1d" relativeResultsDirectory="8543ac68-5c16-40dc-a180-40b0eed6d81b" />
    <UnitTestResult executionId="a086a071-c92f-4705-88ed-217336388d12" testId="2553ac6b-8c4b-c989-c2b1-742cbb8f417e" testName="FormatToStringTest1000(20249.56614074277d,&quot;20249.57 zł&quot;)" computerName="DESKTOP-5URQ9PB" duration="00:00:00.0000190" startTime="2022-06-13T21:13:44.9225166+02:00" endTime="2022-06-13T21:13:44.9225350+02:00" testType="13cdc9d9-ddb5-4fa4-a97d-d965ccfc6d4b" outcome="Passed" testListId="8c84fa94-04c1-424b-9868-57a2d4851a1d" relativeResultsDirectory="a086a071-c92f-4705-88ed-217336388d12" />
    <UnitTestResult executionId="fc3f5100-d2b4-47dd-86c0-65416f84fa43" testId="ea8471c3-2743-4dfb-2fac-6cae304dff99" testName="FormatToStringTest1000(36047.83545033672d,&quot;36047.84 zł&quot;)" computerName="DESKTOP-5URQ9PB" duration="00:00:00.0000190" startTime="2022-06-13T21:13:44.9366944+02:00" endTime="2022-06-13T21:13:44.9367127+02:00" testType="13cdc9d9-ddb5-4fa4-a97d-d965ccfc6d4b" outcome="Passed" testListId="8c84fa94-04c1-424b-9868-57a2d4851a1d" relativeResultsDirectory="fc3f5100-d2b4-47dd-86c0-65416f84fa43" />
    <UnitTestResult executionId="e0d3ff80-b842-4c00-ab6e-0c37274cec20" testId="513b5d8b-983e-b793-a988-3659c0ad4956" testName="FormatToStringTest1000(31340.79231238914d,&quot;31340.79 zł&quot;)" computerName="DESKTOP-5URQ9PB" duration="00:00:00.0000180" startTime="2022-06-13T21:13:44.9239991+02:00" endTime="2022-06-13T21:13:44.9240173+02:00" testType="13cdc9d9-ddb5-4fa4-a97d-d965ccfc6d4b" outcome="Passed" testListId="8c84fa94-04c1-424b-9868-57a2d4851a1d" relativeResultsDirectory="e0d3ff80-b842-4c00-ab6e-0c37274cec20" />
    <UnitTestResult executionId="8d9ecd8f-5df4-47e1-b693-924b95d7fa26" testId="a52cde15-d4da-6fd7-917d-2f5d406fbd21" testName="FormatToStringTest1000(904.351189922705d,&quot;904.35 zł&quot;)" computerName="DESKTOP-5URQ9PB" duration="00:00:00.0000190" startTime="2022-06-13T21:13:44.9401549+02:00" endTime="2022-06-13T21:13:44.9401741+02:00" testType="13cdc9d9-ddb5-4fa4-a97d-d965ccfc6d4b" outcome="Passed" testListId="8c84fa94-04c1-424b-9868-57a2d4851a1d" relativeResultsDirectory="8d9ecd8f-5df4-47e1-b693-924b95d7fa26" />
    <UnitTestResult executionId="2831ec8e-4bea-4829-9555-7acc5f0ae8af" testId="c57a980e-ffcc-5e16-6a31-18fd8b909caa" testName="FormatToStringTest1000(50664.01951024869d,&quot;50664.02 zł&quot;)" computerName="DESKTOP-5URQ9PB" duration="00:00:00.0000190" startTime="2022-06-13T21:13:44.9351914+02:00" endTime="2022-06-13T21:13:44.9352104+02:00" testType="13cdc9d9-ddb5-4fa4-a97d-d965ccfc6d4b" outcome="Passed" testListId="8c84fa94-04c1-424b-9868-57a2d4851a1d" relativeResultsDirectory="2831ec8e-4bea-4829-9555-7acc5f0ae8af" />
    <UnitTestResult executionId="83f29eb8-9e75-4ff0-9f31-a4a0da158d22" testId="b34ac9b1-7b20-291d-6caf-28aeffc4e30f" testName="FormatToStringTest1000(52810.91713865516d,&quot;52810.92 zł&quot;)" computerName="DESKTOP-5URQ9PB" duration="00:00:00.0000200" startTime="2022-06-13T21:13:44.9190074+02:00" endTime="2022-06-13T21:13:44.9190268+02:00" testType="13cdc9d9-ddb5-4fa4-a97d-d965ccfc6d4b" outcome="Passed" testListId="8c84fa94-04c1-424b-9868-57a2d4851a1d" relativeResultsDirectory="83f29eb8-9e75-4ff0-9f31-a4a0da158d22" />
    <UnitTestResult executionId="6e312123-df2a-4973-8cf3-61becc81bcb4" testId="e34fd7ec-376b-5cd9-f43c-324b72764f5f" testName="FormatToStringTest1000(3694.480496819355d,&quot;3694.48 zł&quot;)" computerName="DESKTOP-5URQ9PB" duration="00:00:00.0000180" startTime="2022-06-13T21:13:44.9241235+02:00" endTime="2022-06-13T21:13:44.9241417+02:00" testType="13cdc9d9-ddb5-4fa4-a97d-d965ccfc6d4b" outcome="Passed" testListId="8c84fa94-04c1-424b-9868-57a2d4851a1d" relativeResultsDirectory="6e312123-df2a-4973-8cf3-61becc81bcb4" />
    <UnitTestResult executionId="6c6e89cf-9ace-4fa7-b1af-ec7caaa8cd6f" testId="f995d454-4ebf-d775-1609-24b3016af07c" testName="FormatToStringTest1000(7348.947429818543d,&quot;7348.95 zł&quot;)" computerName="DESKTOP-5URQ9PB" duration="00:00:00.0000200" startTime="2022-06-13T21:13:44.9256048+02:00" endTime="2022-06-13T21:13:44.9256243+02:00" testType="13cdc9d9-ddb5-4fa4-a97d-d965ccfc6d4b" outcome="Passed" testListId="8c84fa94-04c1-424b-9868-57a2d4851a1d" relativeResultsDirectory="6c6e89cf-9ace-4fa7-b1af-ec7caaa8cd6f" />
    <UnitTestResult executionId="2961c9fb-bbaa-40fd-9445-362af5ebcf21" testId="f28b795b-c425-f0b1-e6d2-05ca8e559551" testName="FormatToStringTest1000(3646.857719214101d,&quot;3646.86 zł&quot;)" computerName="DESKTOP-5URQ9PB" duration="00:00:00.0000200" startTime="2022-06-13T21:13:44.9303924+02:00" endTime="2022-06-13T21:13:44.9304120+02:00" testType="13cdc9d9-ddb5-4fa4-a97d-d965ccfc6d4b" outcome="Passed" testListId="8c84fa94-04c1-424b-9868-57a2d4851a1d" relativeResultsDirectory="2961c9fb-bbaa-40fd-9445-362af5ebcf21" />
    <UnitTestResult executionId="f6746754-0614-4d43-8df9-e26a3f4a1aaf" testId="eaf85606-7f0d-3e94-fb5d-ed88b536baa0" testName="FormatToStringTest1000(41008.28505327194d,&quot;41008.29 zł&quot;)" computerName="DESKTOP-5URQ9PB" duration="00:00:00.0000190" startTime="2022-06-13T21:13:44.9378611+02:00" endTime="2022-06-13T21:13:44.9378798+02:00" testType="13cdc9d9-ddb5-4fa4-a97d-d965ccfc6d4b" outcome="Passed" testListId="8c84fa94-04c1-424b-9868-57a2d4851a1d" relativeResultsDirectory="f6746754-0614-4d43-8df9-e26a3f4a1aaf" />
    <UnitTestResult executionId="1d55feb3-951c-4be3-b021-a35e38236a05" testId="d80dabd7-8e57-8764-d48e-5c692bf0e881" testName="FormatToStringTest1000(19603.69286519321d,&quot;19603.69 zł&quot;)" computerName="DESKTOP-5URQ9PB" duration="00:00:00.0000200" startTime="2022-06-13T21:13:44.9433799+02:00" endTime="2022-06-13T21:13:44.9433992+02:00" testType="13cdc9d9-ddb5-4fa4-a97d-d965ccfc6d4b" outcome="Passed" testListId="8c84fa94-04c1-424b-9868-57a2d4851a1d" relativeResultsDirectory="1d55feb3-951c-4be3-b021-a35e38236a05" />
    <UnitTestResult executionId="2be8260c-d084-4e1f-b2ed-9bcf807ccc72" testId="8456fa24-5ecf-826b-4b12-9156253c47fe" testName="FormatToStringTest1000(11624.834848273003d,&quot;11624.83 zł&quot;)" computerName="DESKTOP-5URQ9PB" duration="00:00:00.0000190" startTime="2022-06-13T21:13:44.9337995+02:00" endTime="2022-06-13T21:13:44.9338180+02:00" testType="13cdc9d9-ddb5-4fa4-a97d-d965ccfc6d4b" outcome="Passed" testListId="8c84fa94-04c1-424b-9868-57a2d4851a1d" relativeResultsDirectory="2be8260c-d084-4e1f-b2ed-9bcf807ccc72" />
    <UnitTestResult executionId="b3227c42-e825-4af8-a230-90091d8fc1ff" testId="098a6c08-89e3-c4e2-de2b-7f783c0ba1b5" testName="FormatToStringTest1000(6102.4120417453405d,&quot;6102.41 zł&quot;)" computerName="DESKTOP-5URQ9PB" duration="00:00:00.0000200" startTime="2022-06-13T21:13:44.9428546+02:00" endTime="2022-06-13T21:13:44.9428739+02:00" testType="13cdc9d9-ddb5-4fa4-a97d-d965ccfc6d4b" outcome="Passed" testListId="8c84fa94-04c1-424b-9868-57a2d4851a1d" relativeResultsDirectory="b3227c42-e825-4af8-a230-90091d8fc1ff" />
    <UnitTestResult executionId="f41780c8-9f21-4a49-b34c-6ee07ef70d60" testId="aa4e492c-9871-e494-8afc-2e1c32042c9f" testName="FormatToStringTest1000(16129.507288814293d,&quot;16129.51 zł&quot;)" computerName="DESKTOP-5URQ9PB" duration="00:00:00.0000230" startTime="2022-06-13T21:13:44.9297133+02:00" endTime="2022-06-13T21:13:44.9297359+02:00" testType="13cdc9d9-ddb5-4fa4-a97d-d965ccfc6d4b" outcome="Passed" testListId="8c84fa94-04c1-424b-9868-57a2d4851a1d" relativeResultsDirectory="f41780c8-9f21-4a49-b34c-6ee07ef70d60" />
    <UnitTestResult executionId="67dc6b7a-b5fd-47c8-aa52-bdae5fb1d8a6" testId="c2c1dbbf-76df-e4ac-1f6c-4bf02108e7b1" testName="FormatToStringTest1000(65963.39932440939d,&quot;65963.40 zł&quot;)" computerName="DESKTOP-5URQ9PB" duration="00:00:00.0000190" startTime="2022-06-13T21:13:44.9418701+02:00" endTime="2022-06-13T21:13:44.9418885+02:00" testType="13cdc9d9-ddb5-4fa4-a97d-d965ccfc6d4b" outcome="Passed" testListId="8c84fa94-04c1-424b-9868-57a2d4851a1d" relativeResultsDirectory="67dc6b7a-b5fd-47c8-aa52-bdae5fb1d8a6" />
    <UnitTestResult executionId="2c8d6581-dce6-42f6-9587-171404c6517b" testId="17d839f5-53e2-230c-5fc7-a871a7838f84" testName="FormatToStringTest1000(31315.40354898544d,&quot;31315.40 zł&quot;)" computerName="DESKTOP-5URQ9PB" duration="00:00:00.0000190" startTime="2022-06-13T21:13:44.9360985+02:00" endTime="2022-06-13T21:13:44.9361174+02:00" testType="13cdc9d9-ddb5-4fa4-a97d-d965ccfc6d4b" outcome="Passed" testListId="8c84fa94-04c1-424b-9868-57a2d4851a1d" relativeResultsDirectory="2c8d6581-dce6-42f6-9587-171404c6517b" />
    <UnitTestResult executionId="0597d2c2-a977-4ed8-8846-b6bef7009b76" testId="e0769b45-8199-18f4-5d81-d7fe740ba2db" testName="FormatToStringTest1000(16571.355536101553d,&quot;16571.36 zł&quot;)" computerName="DESKTOP-5URQ9PB" duration="00:00:00.0000180" startTime="2022-06-13T21:13:44.9226670+02:00" endTime="2022-06-13T21:13:44.9226853+02:00" testType="13cdc9d9-ddb5-4fa4-a97d-d965ccfc6d4b" outcome="Passed" testListId="8c84fa94-04c1-424b-9868-57a2d4851a1d" relativeResultsDirectory="0597d2c2-a977-4ed8-8846-b6bef7009b76" />
    <UnitTestResult executionId="c014fb71-da8c-44ed-8704-c4ca58bc5894" testId="2ae061eb-7306-c193-04ca-269456b3b20b" testName="FormatToStringTest1000(12871.381729632794d,&quot;12871.38 zł&quot;)" computerName="DESKTOP-5URQ9PB" duration="00:00:00.0000190" startTime="2022-06-13T21:13:44.9246998+02:00" endTime="2022-06-13T21:13:44.9247187+02:00" testType="13cdc9d9-ddb5-4fa4-a97d-d965ccfc6d4b" outcome="Passed" testListId="8c84fa94-04c1-424b-9868-57a2d4851a1d" relativeResultsDirectory="c014fb71-da8c-44ed-8704-c4ca58bc5894" />
    <UnitTestResult executionId="8405abf4-3645-4464-b195-7624106f1195" testId="e3333616-70b0-385e-063b-ec83b99dd0ba" testName="FormatToStringTest1000(35714.78133482243d,&quot;35714.78 zł&quot;)" computerName="DESKTOP-5URQ9PB" duration="00:00:00.0000190" startTime="2022-06-13T21:13:44.9279020+02:00" endTime="2022-06-13T21:13:44.9279206+02:00" testType="13cdc9d9-ddb5-4fa4-a97d-d965ccfc6d4b" outcome="Passed" testListId="8c84fa94-04c1-424b-9868-57a2d4851a1d" relativeResultsDirectory="8405abf4-3645-4464-b195-7624106f1195" />
    <UnitTestResult executionId="5a59396f-a565-4a2f-ba65-82f076abe45c" testId="a99bf545-84e2-fafd-ee3f-5153803c3541" testName="FormatToStringTest1000(1011.9989482094529d,&quot;1012.00 zł&quot;)" computerName="DESKTOP-5URQ9PB" duration="00:00:00.0000200" startTime="2022-06-13T21:13:44.9345223+02:00" endTime="2022-06-13T21:13:44.9345418+02:00" testType="13cdc9d9-ddb5-4fa4-a97d-d965ccfc6d4b" outcome="Passed" testListId="8c84fa94-04c1-424b-9868-57a2d4851a1d" relativeResultsDirectory="5a59396f-a565-4a2f-ba65-82f076abe45c" />
    <UnitTestResult executionId="e82a5055-ffd2-406c-9f47-b25d024f351b" testId="82e7d70c-1a42-9215-0f5f-33fe3e6fa346" testName="FormatToStringTest1000(23174.85693288448d,&quot;23174.86 zł&quot;)" computerName="DESKTOP-5URQ9PB" duration="00:00:00.0000190" startTime="2022-06-13T21:13:44.9296630+02:00" endTime="2022-06-13T21:13:44.9296814+02:00" testType="13cdc9d9-ddb5-4fa4-a97d-d965ccfc6d4b" outcome="Passed" testListId="8c84fa94-04c1-424b-9868-57a2d4851a1d" relativeResultsDirectory="e82a5055-ffd2-406c-9f47-b25d024f351b" />
    <UnitTestResult executionId="70a2e2c9-f5ff-443b-b4c3-547bcd3c78b3" testId="762e5ce4-0443-8529-2419-b15e6b3af056" testName="FormatToStringTest1000(43222.47958431695d,&quot;43222.48 zł&quot;)" computerName="DESKTOP-5URQ9PB" duration="00:00:00.0000180" startTime="2022-06-13T21:13:44.9218717+02:00" endTime="2022-06-13T21:13:44.9218899+02:00" testType="13cdc9d9-ddb5-4fa4-a97d-d965ccfc6d4b" outcome="Passed" testListId="8c84fa94-04c1-424b-9868-57a2d4851a1d" relativeResultsDirectory="70a2e2c9-f5ff-443b-b4c3-547bcd3c78b3" />
    <UnitTestResult executionId="73394ff1-35a4-4866-a47b-7107a905887f" testId="e704684d-9f7f-da08-58cf-d52651e9dd96" testName="FormatToStringTest1000(75024.79122970243d,&quot;75024.79 zł&quot;)" computerName="DESKTOP-5URQ9PB" duration="00:00:00.0000190" startTime="2022-06-13T21:13:44.9258863+02:00" endTime="2022-06-13T21:13:44.9259048+02:00" testType="13cdc9d9-ddb5-4fa4-a97d-d965ccfc6d4b" outcome="Passed" testListId="8c84fa94-04c1-424b-9868-57a2d4851a1d" relativeResultsDirectory="73394ff1-35a4-4866-a47b-7107a905887f" />
    <UnitTestResult executionId="09086c54-f4d2-438a-9528-c83c3ff2bf01" testId="b8e35215-9c02-c225-ebde-5cb2a4f46f94" testName="FormatToStringTest1000(4025.728369236797d,&quot;4025.73 zł&quot;)" computerName="DESKTOP-5URQ9PB" duration="00:00:00.0000190" startTime="2022-06-13T21:13:44.9292889+02:00" endTime="2022-06-13T21:13:44.9293077+02:00" testType="13cdc9d9-ddb5-4fa4-a97d-d965ccfc6d4b" outcome="Passed" testListId="8c84fa94-04c1-424b-9868-57a2d4851a1d" relativeResultsDirectory="09086c54-f4d2-438a-9528-c83c3ff2bf01" />
    <UnitTestResult executionId="c2a79e1c-e64d-40f7-8dff-e1af5990b6f6" testId="7496f6c0-e383-6fbb-5d3f-fa615fc5ab22" testName="FormatToStringTest1000(19435.417227184127d,&quot;19435.42 zł&quot;)" computerName="DESKTOP-5URQ9PB" duration="00:00:00.0000200" startTime="2022-06-13T21:13:44.9311093+02:00" endTime="2022-06-13T21:13:44.9311289+02:00" testType="13cdc9d9-ddb5-4fa4-a97d-d965ccfc6d4b" outcome="Passed" testListId="8c84fa94-04c1-424b-9868-57a2d4851a1d" relativeResultsDirectory="c2a79e1c-e64d-40f7-8dff-e1af5990b6f6" />
    <UnitTestResult executionId="e596d135-9380-4478-93c7-2e33c3c3a0ac" testId="8a2b6295-c6f7-0626-b29d-201c71fd67a5" testName="FormatToStringTest1000(64210.358316209335d,&quot;64210.36 zł&quot;)" computerName="DESKTOP-5URQ9PB" duration="00:00:00.0000190" startTime="2022-06-13T21:13:44.9212642+02:00" endTime="2022-06-13T21:13:44.9212825+02:00" testType="13cdc9d9-ddb5-4fa4-a97d-d965ccfc6d4b" outcome="Passed" testListId="8c84fa94-04c1-424b-9868-57a2d4851a1d" relativeResultsDirectory="e596d135-9380-4478-93c7-2e33c3c3a0ac" />
    <UnitTestResult executionId="f94cfcad-5e3b-4daf-815d-ddb0a0e0b85b" testId="369d8b6d-6b5f-c2d1-d938-37474ed850e0" testName="FormatToStringTest1000(32632.105531036905d,&quot;32632.11 zł&quot;)" computerName="DESKTOP-5URQ9PB" duration="00:00:00.0000190" startTime="2022-06-13T21:13:44.9190837+02:00" endTime="2022-06-13T21:13:44.9191024+02:00" testType="13cdc9d9-ddb5-4fa4-a97d-d965ccfc6d4b" outcome="Passed" testListId="8c84fa94-04c1-424b-9868-57a2d4851a1d" relativeResultsDirectory="f94cfcad-5e3b-4daf-815d-ddb0a0e0b85b" />
    <UnitTestResult executionId="4001a19b-48d9-4246-9a2b-471a60fbf03e" testId="95a4da2d-eeda-4697-a7af-1236c580bef1" testName="FormatToStringTest1000(79.6815319544084d,&quot;79.68 zł&quot;)" computerName="DESKTOP-5URQ9PB" duration="00:00:00.0000190" startTime="2022-06-13T21:13:44.9190583+02:00" endTime="2022-06-13T21:13:44.9190775+02:00" testType="13cdc9d9-ddb5-4fa4-a97d-d965ccfc6d4b" outcome="Passed" testListId="8c84fa94-04c1-424b-9868-57a2d4851a1d" relativeResultsDirectory="4001a19b-48d9-4246-9a2b-471a60fbf03e" />
    <UnitTestResult executionId="9dff8974-8557-4b9e-9ad1-3d99d4d7da00" testId="fad10d32-e0c1-4a39-6168-5252fb0f8392" testName="FormatToStringTest1000(13337.80490493486d,&quot;13337.80 zł&quot;)" computerName="DESKTOP-5URQ9PB" duration="00:00:00.0000190" startTime="2022-06-13T21:13:44.9430541+02:00" endTime="2022-06-13T21:13:44.9430730+02:00" testType="13cdc9d9-ddb5-4fa4-a97d-d965ccfc6d4b" outcome="Passed" testListId="8c84fa94-04c1-424b-9868-57a2d4851a1d" relativeResultsDirectory="9dff8974-8557-4b9e-9ad1-3d99d4d7da00" />
    <UnitTestResult executionId="1b3d92a2-1f4f-46b2-bcf0-5f22faa85516" testId="e72aca21-1347-9775-f65f-ee1c6d7b63bd" testName="FormatToStringTest1000(50507.0104155615d,&quot;50507.01 zł&quot;)" computerName="DESKTOP-5URQ9PB" duration="00:00:00.0000190" startTime="2022-06-13T21:13:44.9418202+02:00" endTime="2022-06-13T21:13:44.9418387+02:00" testType="13cdc9d9-ddb5-4fa4-a97d-d965ccfc6d4b" outcome="Passed" testListId="8c84fa94-04c1-424b-9868-57a2d4851a1d" relativeResultsDirectory="1b3d92a2-1f4f-46b2-bcf0-5f22faa85516" />
    <UnitTestResult executionId="a8df6cf0-be47-4c81-a328-8ea38dc8fb44" testId="66cfeda0-e2cf-f1fc-0d88-eef5b227e59f" testName="FormatToStringTest1000(23612.114499758984d,&quot;23612.11 zł&quot;)" computerName="DESKTOP-5URQ9PB" duration="00:00:00.0000190" startTime="2022-06-13T21:13:44.9257623+02:00" endTime="2022-06-13T21:13:44.9257808+02:00" testType="13cdc9d9-ddb5-4fa4-a97d-d965ccfc6d4b" outcome="Passed" testListId="8c84fa94-04c1-424b-9868-57a2d4851a1d" relativeResultsDirectory="a8df6cf0-be47-4c81-a328-8ea38dc8fb44" />
    <UnitTestResult executionId="5c90775d-0bb8-4118-82b2-8328fbaabb7d" testId="09dc5d9b-3822-771d-84ba-e650ae497aa7" testName="FormatToStringTest1000(22678.795878462864d,&quot;22678.80 zł&quot;)" computerName="DESKTOP-5URQ9PB" duration="00:00:00.0000190" startTime="2022-06-13T21:13:44.9379633+02:00" endTime="2022-06-13T21:13:44.9379825+02:00" testType="13cdc9d9-ddb5-4fa4-a97d-d965ccfc6d4b" outcome="Passed" testListId="8c84fa94-04c1-424b-9868-57a2d4851a1d" relativeResultsDirectory="5c90775d-0bb8-4118-82b2-8328fbaabb7d" />
    <UnitTestResult executionId="05e71891-ecd2-4fd0-85f2-d00e99dbf1e1" testId="5f61ffa8-be4c-5cf6-d406-18781222cb59" testName="FormatToStringTest1000(7975.276658828965d,&quot;7975.28 zł&quot;)" computerName="DESKTOP-5URQ9PB" duration="00:00:00.0000190" startTime="2022-06-13T21:13:44.9318695+02:00" endTime="2022-06-13T21:13:44.9318879+02:00" testType="13cdc9d9-ddb5-4fa4-a97d-d965ccfc6d4b" outcome="Passed" testListId="8c84fa94-04c1-424b-9868-57a2d4851a1d" relativeResultsDirectory="05e71891-ecd2-4fd0-85f2-d00e99dbf1e1" />
    <UnitTestResult executionId="032b999a-cb7e-4bfc-9047-c10af5e081a1" testId="9006b827-71f8-1e68-78c8-d64e06e75b19" testName="FormatToStringTest1000(50644.690874327294d,&quot;50644.69 zł&quot;)" computerName="DESKTOP-5URQ9PB" duration="00:00:00.0000190" startTime="2022-06-13T21:13:44.9390460+02:00" endTime="2022-06-13T21:13:44.9390647+02:00" testType="13cdc9d9-ddb5-4fa4-a97d-d965ccfc6d4b" outcome="Passed" testListId="8c84fa94-04c1-424b-9868-57a2d4851a1d" relativeResultsDirectory="032b999a-cb7e-4bfc-9047-c10af5e081a1" />
    <UnitTestResult executionId="38af08ec-0b9d-43b8-ac83-8f359da71aba" testId="f7364d60-2df0-c5fc-137c-b9b46fcd6fe9" testName="FormatToStringTest1000(21753.84773194969d,&quot;21753.85 zł&quot;)" computerName="DESKTOP-5URQ9PB" duration="00:00:00.0000190" startTime="2022-06-13T21:13:44.9223676+02:00" endTime="2022-06-13T21:13:44.9223865+02:00" testType="13cdc9d9-ddb5-4fa4-a97d-d965ccfc6d4b" outcome="Passed" testListId="8c84fa94-04c1-424b-9868-57a2d4851a1d" relativeResultsDirectory="38af08ec-0b9d-43b8-ac83-8f359da71aba" />
    <UnitTestResult executionId="5a994520-df65-474b-88a3-60c1f4edd184" testId="94c8a06e-3f46-89b8-1521-4663bd871343" testName="FormatToStringTest1000(51408.294679657694d,&quot;51408.29 zł&quot;)" computerName="DESKTOP-5URQ9PB" duration="00:00:00.0000190" startTime="2022-06-13T21:13:44.9242979+02:00" endTime="2022-06-13T21:13:44.9243163+02:00" testType="13cdc9d9-ddb5-4fa4-a97d-d965ccfc6d4b" outcome="Passed" testListId="8c84fa94-04c1-424b-9868-57a2d4851a1d" relativeResultsDirectory="5a994520-df65-474b-88a3-60c1f4edd184" />
    <UnitTestResult executionId="601acd09-f24d-4f63-9e15-738eb67e982e" testId="f2281ab7-ffb9-3d10-c3a8-1aa0cd2fcbfc" testName="FormatToStringTest1000(1821.7083499085663d,&quot;1821.71 zł&quot;)" computerName="DESKTOP-5URQ9PB" duration="00:00:00.0000200" startTime="2022-06-13T21:13:44.9395462+02:00" endTime="2022-06-13T21:13:44.9395658+02:00" testType="13cdc9d9-ddb5-4fa4-a97d-d965ccfc6d4b" outcome="Passed" testListId="8c84fa94-04c1-424b-9868-57a2d4851a1d" relativeResultsDirectory="601acd09-f24d-4f63-9e15-738eb67e982e" />
    <UnitTestResult executionId="24894a72-20c6-4ff4-9382-5e353468cc2d" testId="0667d290-5479-f00f-a7a0-ba550069f4d6" testName="FormatToStringTest1000(64124.274503948756d,&quot;64124.27 zł&quot;)" computerName="DESKTOP-5URQ9PB" duration="00:00:00.0000190" startTime="2022-06-13T21:13:44.9273686+02:00" endTime="2022-06-13T21:13:44.9273874+02:00" testType="13cdc9d9-ddb5-4fa4-a97d-d965ccfc6d4b" outcome="Passed" testListId="8c84fa94-04c1-424b-9868-57a2d4851a1d" relativeResultsDirectory="24894a72-20c6-4ff4-9382-5e353468cc2d" />
    <UnitTestResult executionId="a4b6e367-e0c2-47bc-ba43-574b154023c5" testId="333aaef5-a204-ff89-a246-bb5035b09f90" testName="FormatToStringTest1000(8013.1229931903645d,&quot;8013.12 zł&quot;)" computerName="DESKTOP-5URQ9PB" duration="00:00:00.0000190" startTime="2022-06-13T21:13:44.9405542+02:00" endTime="2022-06-13T21:13:44.9405729+02:00" testType="13cdc9d9-ddb5-4fa4-a97d-d965ccfc6d4b" outcome="Passed" testListId="8c84fa94-04c1-424b-9868-57a2d4851a1d" relativeResultsDirectory="a4b6e367-e0c2-47bc-ba43-574b154023c5" />
    <UnitTestResult executionId="e17a1e21-2d48-4357-b6c2-b2298ce86ff6" testId="19f5bc79-d564-bb1a-c016-f7779e568c5d" testName="FormatToStringTest1000(24251.68593564848d,&quot;24251.69 zł&quot;)" computerName="DESKTOP-5URQ9PB" duration="00:00:00.0000190" startTime="2022-06-13T21:13:44.9315891+02:00" endTime="2022-06-13T21:13:44.9316075+02:00" testType="13cdc9d9-ddb5-4fa4-a97d-d965ccfc6d4b" outcome="Passed" testListId="8c84fa94-04c1-424b-9868-57a2d4851a1d" relativeResultsDirectory="e17a1e21-2d48-4357-b6c2-b2298ce86ff6" />
    <UnitTestResult executionId="8fc2c9cb-e7a9-48c9-9522-765b754f3744" testId="7b53b99d-252e-844e-10ce-3552b8f6980f" testName="FormatToStringTest1000(28072.424637532058d,&quot;28072.42 zł&quot;)" computerName="DESKTOP-5URQ9PB" duration="00:00:00.0000190" startTime="2022-06-13T21:13:44.9196753+02:00" endTime="2022-06-13T21:13:44.9196943+02:00" testType="13cdc9d9-ddb5-4fa4-a97d-d965ccfc6d4b" outcome="Passed" testListId="8c84fa94-04c1-424b-9868-57a2d4851a1d" relativeResultsDirectory="8fc2c9cb-e7a9-48c9-9522-765b754f3744" />
    <UnitTestResult executionId="7abc2251-0e06-428b-863f-7d2ee9ce4def" testId="61eb0848-4e9b-4d1d-2e7a-801bcb7d8307" testName="FormatToStringTest1000(25882.451101077d,&quot;25882.45 zł&quot;)" computerName="DESKTOP-5URQ9PB" duration="00:00:00.0000190" startTime="2022-06-13T21:13:44.9322964+02:00" endTime="2022-06-13T21:13:44.9323146+02:00" testType="13cdc9d9-ddb5-4fa4-a97d-d965ccfc6d4b" outcome="Passed" testListId="8c84fa94-04c1-424b-9868-57a2d4851a1d" relativeResultsDirectory="7abc2251-0e06-428b-863f-7d2ee9ce4def" />
    <UnitTestResult executionId="c6da357c-8a63-4abb-aa88-9783786aa420" testId="e84b36e7-4f40-fa31-8ed6-b8aea0f7b95d" testName="FormatToStringTest1000(3274.481392617096d,&quot;3274.48 zł&quot;)" computerName="DESKTOP-5URQ9PB" duration="00:00:00.0000270" startTime="2022-06-13T21:13:44.9347828+02:00" endTime="2022-06-13T21:13:44.9348093+02:00" testType="13cdc9d9-ddb5-4fa4-a97d-d965ccfc6d4b" outcome="Passed" testListId="8c84fa94-04c1-424b-9868-57a2d4851a1d" relativeResultsDirectory="c6da357c-8a63-4abb-aa88-9783786aa420" />
    <UnitTestResult executionId="bb987f08-5d0b-4850-ad24-35aeebf408c2" testId="d1d03651-a1e2-f6be-a8df-45190d2d89f8" testName="FormatToStringTest1000(16427.591943671738d,&quot;16427.59 zł&quot;)" computerName="DESKTOP-5URQ9PB" duration="00:00:00.0000190" startTime="2022-06-13T21:13:44.9308809+02:00" endTime="2022-06-13T21:13:44.9308996+02:00" testType="13cdc9d9-ddb5-4fa4-a97d-d965ccfc6d4b" outcome="Passed" testListId="8c84fa94-04c1-424b-9868-57a2d4851a1d" relativeResultsDirectory="bb987f08-5d0b-4850-ad24-35aeebf408c2" />
    <UnitTestResult executionId="3ba52c1e-7f47-4e0f-a8a2-6454b25c8761" testId="b168b1f7-674c-8775-2a66-cf7d7f806851" testName="FormatToStringTest1000(8095.485677032492d,&quot;8095.49 zł&quot;)" computerName="DESKTOP-5URQ9PB" duration="00:00:00.0000190" startTime="2022-06-13T21:13:44.9341748+02:00" endTime="2022-06-13T21:13:44.9341939+02:00" testType="13cdc9d9-ddb5-4fa4-a97d-d965ccfc6d4b" outcome="Passed" testListId="8c84fa94-04c1-424b-9868-57a2d4851a1d" relativeResultsDirectory="3ba52c1e-7f47-4e0f-a8a2-6454b25c8761" />
    <UnitTestResult executionId="0afe9a56-9f50-4873-97da-95eb7604b799" testId="379512c8-8994-594d-a3c0-6d675c1d8949" testName="FormatToStringTest1000(577.6071367564645d,&quot;577.61 zł&quot;)" computerName="DESKTOP-5URQ9PB" duration="00:00:00.0000180" startTime="2022-06-13T21:13:44.9413359+02:00" endTime="2022-06-13T21:13:44.9413541+02:00" testType="13cdc9d9-ddb5-4fa4-a97d-d965ccfc6d4b" outcome="Passed" testListId="8c84fa94-04c1-424b-9868-57a2d4851a1d" relativeResultsDirectory="0afe9a56-9f50-4873-97da-95eb7604b799" />
    <UnitTestResult executionId="2557a77d-1de3-4937-93af-37e07ceadf9d" testId="66fdc644-297b-3f5c-4f4a-cb900d8c28d6" testName="FormatToStringTest1000(13375.96341587415d,&quot;13375.96 zł&quot;)" computerName="DESKTOP-5URQ9PB" duration="00:00:00.0000200" startTime="2022-06-13T21:13:44.9383642+02:00" endTime="2022-06-13T21:13:44.9383840+02:00" testType="13cdc9d9-ddb5-4fa4-a97d-d965ccfc6d4b" outcome="Passed" testListId="8c84fa94-04c1-424b-9868-57a2d4851a1d" relativeResultsDirectory="2557a77d-1de3-4937-93af-37e07ceadf9d" />
    <UnitTestResult executionId="edf6d0af-528f-407e-b4d8-a6635bf35718" testId="4a4334b0-5451-8696-5200-0bdb59e2a710" testName="FormatToStringTest1000(15411.371650797022d,&quot;15411.37 zł&quot;)" computerName="DESKTOP-5URQ9PB" duration="00:00:00.0000180" startTime="2022-06-13T21:13:44.9234685+02:00" endTime="2022-06-13T21:13:44.9234866+02:00" testType="13cdc9d9-ddb5-4fa4-a97d-d965ccfc6d4b" outcome="Passed" testListId="8c84fa94-04c1-424b-9868-57a2d4851a1d" relativeResultsDirectory="edf6d0af-528f-407e-b4d8-a6635bf35718" />
    <UnitTestResult executionId="73313157-4010-4e28-9fb7-292a8a85ef60" testId="2067c239-a69d-2f34-aeac-53cb55316cbb" testName="FormatToStringTest1000(2423.6182769712145d,&quot;2423.62 zł&quot;)" computerName="DESKTOP-5URQ9PB" duration="00:00:00.0000180" startTime="2022-06-13T21:13:44.9343237+02:00" endTime="2022-06-13T21:13:44.9343418+02:00" testType="13cdc9d9-ddb5-4fa4-a97d-d965ccfc6d4b" outcome="Passed" testListId="8c84fa94-04c1-424b-9868-57a2d4851a1d" relativeResultsDirectory="73313157-4010-4e28-9fb7-292a8a85ef60" />
    <UnitTestResult executionId="21316758-f8e5-41c0-8af6-036a54de6da8" testId="4f980f14-0ada-dd56-93fe-12a559a27314" testName="FormatToStringTest1000(37826.846755123166d,&quot;37826.85 zł&quot;)" computerName="DESKTOP-5URQ9PB" duration="00:00:00.0000190" startTime="2022-06-13T21:13:44.9344478+02:00" endTime="2022-06-13T21:13:44.9344662+02:00" testType="13cdc9d9-ddb5-4fa4-a97d-d965ccfc6d4b" outcome="Passed" testListId="8c84fa94-04c1-424b-9868-57a2d4851a1d" relativeResultsDirectory="21316758-f8e5-41c0-8af6-036a54de6da8" />
    <UnitTestResult executionId="5f35a6b4-69b7-4937-9968-00ed60b8cd0c" testId="9db1e6a2-c9ab-3468-9419-59249149bc04" testName="FormatToStringTest1000(6710.131197082871d,&quot;6710.13 zł&quot;)" computerName="DESKTOP-5URQ9PB" duration="00:00:00.0000190" startTime="2022-06-13T21:13:44.9419946+02:00" endTime="2022-06-13T21:13:44.9420129+02:00" testType="13cdc9d9-ddb5-4fa4-a97d-d965ccfc6d4b" outcome="Passed" testListId="8c84fa94-04c1-424b-9868-57a2d4851a1d" relativeResultsDirectory="5f35a6b4-69b7-4937-9968-00ed60b8cd0c" />
    <UnitTestResult executionId="24c413a9-2f8c-42a4-81a0-366506026d88" testId="d3675fd4-77f8-268f-8735-9b5ad5bc915b" testName="FormatToStringTest1000(27027.327683509946d,&quot;27027.33 zł&quot;)" computerName="DESKTOP-5URQ9PB" duration="00:00:00.0000200" startTime="2022-06-13T21:13:44.9233183+02:00" endTime="2022-06-13T21:13:44.9233380+02:00" testType="13cdc9d9-ddb5-4fa4-a97d-d965ccfc6d4b" outcome="Passed" testListId="8c84fa94-04c1-424b-9868-57a2d4851a1d" relativeResultsDirectory="24c413a9-2f8c-42a4-81a0-366506026d88" />
    <UnitTestResult executionId="080578c6-c66e-480a-a971-42a395576ff2" testId="619c3bdd-52f6-f473-bd0e-a552a532adf7" testName="FormatToStringTest1000(41915.7945284563d,&quot;41915.79 zł&quot;)" computerName="DESKTOP-5URQ9PB" duration="00:00:00.0000180" startTime="2022-06-13T21:13:44.9376760+02:00" endTime="2022-06-13T21:13:44.9376943+02:00" testType="13cdc9d9-ddb5-4fa4-a97d-d965ccfc6d4b" outcome="Passed" testListId="8c84fa94-04c1-424b-9868-57a2d4851a1d" relativeResultsDirectory="080578c6-c66e-480a-a971-42a395576ff2" />
    <UnitTestResult executionId="7deda99e-66a6-4af4-bc02-e7a64180fdaf" testId="521fa3b6-9e37-72bc-d9e9-42020df0aa26" testName="FormatToStringTest1000(6205.946199725357d,&quot;6205.95 zł&quot;)" computerName="DESKTOP-5URQ9PB" duration="00:00:00.0000250" startTime="2022-06-13T21:13:44.9277183+02:00" endTime="2022-06-13T21:13:44.9277433+02:00" testType="13cdc9d9-ddb5-4fa4-a97d-d965ccfc6d4b" outcome="Passed" testListId="8c84fa94-04c1-424b-9868-57a2d4851a1d" relativeResultsDirectory="7deda99e-66a6-4af4-bc02-e7a64180fdaf" />
    <UnitTestResult executionId="2dc6ed95-9354-4d83-b740-c2305156d73e" testId="03d957f5-33ed-c0eb-c948-6ece846430f3" testName="FormatToStringTest1000(24825.207513729205d,&quot;24825.21 zł&quot;)" computerName="DESKTOP-5URQ9PB" duration="00:00:00.0000190" startTime="2022-06-13T21:13:44.9326181+02:00" endTime="2022-06-13T21:13:44.9326371+02:00" testType="13cdc9d9-ddb5-4fa4-a97d-d965ccfc6d4b" outcome="Passed" testListId="8c84fa94-04c1-424b-9868-57a2d4851a1d" relativeResultsDirectory="2dc6ed95-9354-4d83-b740-c2305156d73e" />
    <UnitTestResult executionId="2d4283b9-1602-4ef9-923e-9e6717308fbf" testId="b2708039-2d5c-fb09-5f56-062d0cb9067a" testName="FormatToStringTest1000(7594.279030504766d,&quot;7594.28 zł&quot;)" computerName="DESKTOP-5URQ9PB" duration="00:00:00.0000190" startTime="2022-06-13T21:13:44.9198888+02:00" endTime="2022-06-13T21:13:44.9199073+02:00" testType="13cdc9d9-ddb5-4fa4-a97d-d965ccfc6d4b" outcome="Passed" testListId="8c84fa94-04c1-424b-9868-57a2d4851a1d" relativeResultsDirectory="2d4283b9-1602-4ef9-923e-9e6717308fbf" />
    <UnitTestResult executionId="f615b6d2-23f5-44e5-adc1-de736b31b05f" testId="0c4c15ff-4158-9c17-cd9b-2647420fd170" testName="FormatToStringTest1000(7119.076353227755d,&quot;7119.08 zł&quot;)" computerName="DESKTOP-5URQ9PB" duration="00:00:00.0000180" startTime="2022-06-13T21:13:44.9336434+02:00" endTime="2022-06-13T21:13:44.9336616+02:00" testType="13cdc9d9-ddb5-4fa4-a97d-d965ccfc6d4b" outcome="Passed" testListId="8c84fa94-04c1-424b-9868-57a2d4851a1d" relativeResultsDirectory="f615b6d2-23f5-44e5-adc1-de736b31b05f" />
    <UnitTestResult executionId="86d41bed-ce1c-41f6-a208-0d028ab16ca2" testId="9f2dc98f-6aa2-694c-8819-9ccfd93e4fc8" testName="FormatToStringTest1000(1669.555150571072d,&quot;1669.56 zł&quot;)" computerName="DESKTOP-5URQ9PB" duration="00:00:00.0000200" startTime="2022-06-13T21:13:44.9422478+02:00" endTime="2022-06-13T21:13:44.9422672+02:00" testType="13cdc9d9-ddb5-4fa4-a97d-d965ccfc6d4b" outcome="Passed" testListId="8c84fa94-04c1-424b-9868-57a2d4851a1d" relativeResultsDirectory="86d41bed-ce1c-41f6-a208-0d028ab16ca2" />
    <UnitTestResult executionId="ec86a419-f526-4034-b102-7452598a0d71" testId="a9f22fa3-b7d2-f6d4-3197-1e8215934f1f" testName="FormatToStringTest1000(65947.64520381515d,&quot;65947.65 zł&quot;)" computerName="DESKTOP-5URQ9PB" duration="00:00:00.0000190" startTime="2022-06-13T21:13:44.9319697+02:00" endTime="2022-06-13T21:13:44.9319888+02:00" testType="13cdc9d9-ddb5-4fa4-a97d-d965ccfc6d4b" outcome="Passed" testListId="8c84fa94-04c1-424b-9868-57a2d4851a1d" relativeResultsDirectory="ec86a419-f526-4034-b102-7452598a0d71" />
    <UnitTestResult executionId="1788d5c6-322a-4d91-9ad8-815d0693fadb" testId="9c14da41-934e-02e1-653f-9f7dc91a12aa" testName="FormatToStringTest1000(8901.937138443784d,&quot;8901.94 zł&quot;)" computerName="DESKTOP-5URQ9PB" duration="00:00:00.0000190" startTime="2022-06-13T21:13:44.9321951+02:00" endTime="2022-06-13T21:13:44.9322140+02:00" testType="13cdc9d9-ddb5-4fa4-a97d-d965ccfc6d4b" outcome="Passed" testListId="8c84fa94-04c1-424b-9868-57a2d4851a1d" relativeResultsDirectory="1788d5c6-322a-4d91-9ad8-815d0693fadb" />
    <UnitTestResult executionId="df67d866-62c6-4fd0-a030-be3013a9d78f" testId="2adcf87c-7078-5286-2ca1-778b501cd9f7" testName="FormatToStringTest1000(18794.859523484418d,&quot;18794.86 zł&quot;)" computerName="DESKTOP-5URQ9PB" duration="00:00:00.0000190" startTime="2022-06-13T21:13:44.9275184+02:00" endTime="2022-06-13T21:13:44.9275371+02:00" testType="13cdc9d9-ddb5-4fa4-a97d-d965ccfc6d4b" outcome="Passed" testListId="8c84fa94-04c1-424b-9868-57a2d4851a1d" relativeResultsDirectory="df67d866-62c6-4fd0-a030-be3013a9d78f" />
    <UnitTestResult executionId="88e999b4-a17b-4fc2-93f4-87f6bce1c291" testId="d147ccf7-2e90-d95d-62de-1759c3690066" testName="FormatToStringTest1000(74152.7503934562d,&quot;74152.75 zł&quot;)" computerName="DESKTOP-5URQ9PB" duration="00:00:00.0000190" startTime="2022-06-13T21:13:44.9284776+02:00" endTime="2022-06-13T21:13:44.9284964+02:00" testType="13cdc9d9-ddb5-4fa4-a97d-d965ccfc6d4b" outcome="Passed" testListId="8c84fa94-04c1-424b-9868-57a2d4851a1d" relativeResultsDirectory="88e999b4-a17b-4fc2-93f4-87f6bce1c291" />
    <UnitTestResult executionId="8e75a6a2-5b03-41f6-bc9c-50f93a044ad5" testId="e0a6ca51-6257-18e2-3ed9-4bb78f34d6d7" testName="FormatToStringTest1000(1614.2516601789982d,&quot;1614.25 zł&quot;)" computerName="DESKTOP-5URQ9PB" duration="00:00:00.0000190" startTime="2022-06-13T21:13:44.9199637+02:00" endTime="2022-06-13T21:13:44.9199822+02:00" testType="13cdc9d9-ddb5-4fa4-a97d-d965ccfc6d4b" outcome="Passed" testListId="8c84fa94-04c1-424b-9868-57a2d4851a1d" relativeResultsDirectory="8e75a6a2-5b03-41f6-bc9c-50f93a044ad5" />
    <UnitTestResult executionId="c1932b80-ca36-4986-b346-131629e7de66" testId="8762588b-d7fc-ca07-7e83-51f41467a9eb" testName="FormatToStringTest1000(12610.563163818122d,&quot;12610.56 zł&quot;)" computerName="DESKTOP-5URQ9PB" duration="00:00:00.0000210" startTime="2022-06-13T21:13:44.9407338+02:00" endTime="2022-06-13T21:13:44.9407543+02:00" testType="13cdc9d9-ddb5-4fa4-a97d-d965ccfc6d4b" outcome="Passed" testListId="8c84fa94-04c1-424b-9868-57a2d4851a1d" relativeResultsDirectory="c1932b80-ca36-4986-b346-131629e7de66" />
    <UnitTestResult executionId="afe93896-b40d-44d8-bab9-0db1d0b4afc5" testId="56c6c75f-613a-6a82-f7f1-a767d952b57c" testName="FormatToStringTest1000(11430.666613002619d,&quot;11430.67 zł&quot;)" computerName="DESKTOP-5URQ9PB" duration="00:00:00.0000190" startTime="2022-06-13T21:13:44.9236930+02:00" endTime="2022-06-13T21:13:44.9237114+02:00" testType="13cdc9d9-ddb5-4fa4-a97d-d965ccfc6d4b" outcome="Passed" testListId="8c84fa94-04c1-424b-9868-57a2d4851a1d" relativeResultsDirectory="afe93896-b40d-44d8-bab9-0db1d0b4afc5" />
    <UnitTestResult executionId="d2ae8891-5ed6-4320-85bc-f89c05eeafd5" testId="0d37f434-250b-5238-45a8-c128f2ef42ef" testName="FormatToStringTest1000(46790.41011887715d,&quot;46790.41 zł&quot;)" computerName="DESKTOP-5URQ9PB" duration="00:00:00.0000190" startTime="2022-06-13T21:13:44.9313356+02:00" endTime="2022-06-13T21:13:44.9313539+02:00" testType="13cdc9d9-ddb5-4fa4-a97d-d965ccfc6d4b" outcome="Passed" testListId="8c84fa94-04c1-424b-9868-57a2d4851a1d" relativeResultsDirectory="d2ae8891-5ed6-4320-85bc-f89c05eeafd5" />
    <UnitTestResult executionId="1ab68051-7bf9-48f0-8576-b0ff28ef28fc" testId="03ea9dd2-de50-ef82-5a92-98d7b2ff607a" testName="FormatToStringTest1000(19352.183340702755d,&quot;19352.18 zł&quot;)" computerName="DESKTOP-5URQ9PB" duration="00:00:00.0000190" startTime="2022-06-13T21:13:44.9228464+02:00" endTime="2022-06-13T21:13:44.9228653+02:00" testType="13cdc9d9-ddb5-4fa4-a97d-d965ccfc6d4b" outcome="Passed" testListId="8c84fa94-04c1-424b-9868-57a2d4851a1d" relativeResultsDirectory="1ab68051-7bf9-48f0-8576-b0ff28ef28fc" />
    <UnitTestResult executionId="917d8295-2ffb-4d97-999a-90d5715fdfe8" testId="9dc75585-8b30-1a60-5f46-ba30d03b7635" testName="FormatToStringTest1000(6352.983758103561d,&quot;6352.98 zł&quot;)" computerName="DESKTOP-5URQ9PB" duration="00:00:00.0000190" startTime="2022-06-13T21:13:44.9400055+02:00" endTime="2022-06-13T21:13:44.9400238+02:00" testType="13cdc9d9-ddb5-4fa4-a97d-d965ccfc6d4b" outcome="Passed" testListId="8c84fa94-04c1-424b-9868-57a2d4851a1d" relativeResultsDirectory="917d8295-2ffb-4d97-999a-90d5715fdfe8" />
    <UnitTestResult executionId="c7373016-6b30-4f30-883b-d7409672b3ea" testId="bd91fcf5-5262-be00-7dbb-b8c3fec0f109" testName="FormatToStringTest1000(68507.83928906724d,&quot;68507.84 zł&quot;)" computerName="DESKTOP-5URQ9PB" duration="00:00:00.0000190" startTime="2022-06-13T21:13:44.9404789+02:00" endTime="2022-06-13T21:13:44.9404977+02:00" testType="13cdc9d9-ddb5-4fa4-a97d-d965ccfc6d4b" outcome="Passed" testListId="8c84fa94-04c1-424b-9868-57a2d4851a1d" relativeResultsDirectory="c7373016-6b30-4f30-883b-d7409672b3ea" />
    <UnitTestResult executionId="aa1628d9-ab99-4f4f-b3b3-cd9cd0e87118" testId="13221fa5-3685-19e4-e13a-81cefe081d4d" testName="FormatToStringTest1000(63115.864864394935d,&quot;63115.86 zł&quot;)" computerName="DESKTOP-5URQ9PB" duration="00:00:00.0000180" startTime="2022-06-13T21:13:44.9220207+02:00" endTime="2022-06-13T21:13:44.9220389+02:00" testType="13cdc9d9-ddb5-4fa4-a97d-d965ccfc6d4b" outcome="Passed" testListId="8c84fa94-04c1-424b-9868-57a2d4851a1d" relativeResultsDirectory="aa1628d9-ab99-4f4f-b3b3-cd9cd0e87118" />
    <UnitTestResult executionId="abab8382-c909-4267-80fd-a8adee84cd9f" testId="552b07f7-5957-56bd-9f6c-bbb880d05499" testName="FormatToStringTest1000(27506.397047390416d,&quot;27506.40 zł&quot;)" computerName="DESKTOP-5URQ9PB" duration="00:00:00.0000190" startTime="2022-06-13T21:13:44.9235682+02:00" endTime="2022-06-13T21:13:44.9235869+02:00" testType="13cdc9d9-ddb5-4fa4-a97d-d965ccfc6d4b" outcome="Passed" testListId="8c84fa94-04c1-424b-9868-57a2d4851a1d" relativeResultsDirectory="abab8382-c909-4267-80fd-a8adee84cd9f" />
    <UnitTestResult executionId="f0ec2ab8-564b-4625-9cde-230aa2c86c0d" testId="37d70f53-ca13-79ab-c67c-fecd55be0876" testName="FormatToStringTest1000(29678.921519093645d,&quot;29678.92 zł&quot;)" computerName="DESKTOP-5URQ9PB" duration="00:00:00.0000190" startTime="2022-06-13T21:13:44.9334428+02:00" endTime="2022-06-13T21:13:44.9334616+02:00" testType="13cdc9d9-ddb5-4fa4-a97d-d965ccfc6d4b" outcome="Passed" testListId="8c84fa94-04c1-424b-9868-57a2d4851a1d" relativeResultsDirectory="f0ec2ab8-564b-4625-9cde-230aa2c86c0d" />
    <UnitTestResult executionId="62be8014-5fea-4450-a31a-4f4251ba200b" testId="a95ff0ae-d4c3-2673-b0e9-9a7af3b33aba" testName="FormatToStringTest1000(653.4647999170537d,&quot;653.46 zł&quot;)" computerName="DESKTOP-5URQ9PB" duration="00:00:00.0000180" startTime="2022-06-13T21:13:44.9261852+02:00" endTime="2022-06-13T21:13:44.9262035+02:00" testType="13cdc9d9-ddb5-4fa4-a97d-d965ccfc6d4b" outcome="Passed" testListId="8c84fa94-04c1-424b-9868-57a2d4851a1d" relativeResultsDirectory="62be8014-5fea-4450-a31a-4f4251ba200b" />
    <UnitTestResult executionId="1f01556d-cd64-4727-87c0-5a83176d3fa4" testId="a6da1f0c-9d53-8f1b-60d6-c520ee89e7a7" testName="FormatToStringTest1000(9603.199987620208d,&quot;9603.20 zł&quot;)" computerName="DESKTOP-5URQ9PB" duration="00:00:00.0000190" startTime="2022-06-13T21:13:44.9433051+02:00" endTime="2022-06-13T21:13:44.9433237+02:00" testType="13cdc9d9-ddb5-4fa4-a97d-d965ccfc6d4b" outcome="Passed" testListId="8c84fa94-04c1-424b-9868-57a2d4851a1d" relativeResultsDirectory="1f01556d-cd64-4727-87c0-5a83176d3fa4" />
    <UnitTestResult executionId="8aa5163d-e8ca-4c18-877e-4d63cd0d3abc" testId="6db05940-47de-0c9c-5b92-fcba99ecc227" testName="FormatToStringTest1000(13414.3551766441d,&quot;13414.36 zł&quot;)" computerName="DESKTOP-5URQ9PB" duration="00:00:00.0000190" startTime="2022-06-13T21:13:44.9269918+02:00" endTime="2022-06-13T21:13:44.9270109+02:00" testType="13cdc9d9-ddb5-4fa4-a97d-d965ccfc6d4b" outcome="Passed" testListId="8c84fa94-04c1-424b-9868-57a2d4851a1d" relativeResultsDirectory="8aa5163d-e8ca-4c18-877e-4d63cd0d3abc" />
    <UnitTestResult executionId="b423a81e-f14c-413c-b8b5-f36af8ecd2f7" testId="705f4fef-5f3d-03f1-6410-c3ee16921998" testName="FormatToStringTest1000(11100.829211263372d,&quot;11100.83 zł&quot;)" computerName="DESKTOP-5URQ9PB" duration="00:00:00.0000190" startTime="2022-06-13T21:13:44.9194418+02:00" endTime="2022-06-13T21:13:44.9194606+02:00" testType="13cdc9d9-ddb5-4fa4-a97d-d965ccfc6d4b" outcome="Passed" testListId="8c84fa94-04c1-424b-9868-57a2d4851a1d" relativeResultsDirectory="b423a81e-f14c-413c-b8b5-f36af8ecd2f7" />
    <UnitTestResult executionId="d064675f-6d13-494d-b9d1-30eba0733cea" testId="19309037-483b-d4c8-73ea-f8f351cef324" testName="FormatToStringTest1000(16388.556189478633d,&quot;16388.56 zł&quot;)" computerName="DESKTOP-5URQ9PB" duration="00:00:00.0000190" startTime="2022-06-13T21:13:44.9385396+02:00" endTime="2022-06-13T21:13:44.9385589+02:00" testType="13cdc9d9-ddb5-4fa4-a97d-d965ccfc6d4b" outcome="Passed" testListId="8c84fa94-04c1-424b-9868-57a2d4851a1d" relativeResultsDirectory="d064675f-6d13-494d-b9d1-30eba0733cea" />
    <UnitTestResult executionId="c4882b45-5e12-49eb-b05c-24ef4c7e7b09" testId="2ed0b312-2f27-0f0b-487a-dea260d635a9" testName="FormatToStringTest1000(52020.805412759444d,&quot;52020.81 zł&quot;)" computerName="DESKTOP-5URQ9PB" duration="00:00:00.0000190" startTime="2022-06-13T21:13:44.9206104+02:00" endTime="2022-06-13T21:13:44.9206296+02:00" testType="13cdc9d9-ddb5-4fa4-a97d-d965ccfc6d4b" outcome="Passed" testListId="8c84fa94-04c1-424b-9868-57a2d4851a1d" relativeResultsDirectory="c4882b45-5e12-49eb-b05c-24ef4c7e7b09" />
    <UnitTestResult executionId="54ea832f-5514-4431-8ba4-16616163e824" testId="1ab663c2-4cb9-e883-e113-e7c904041e47" testName="FormatToStringTest1000(47025.6224095177d,&quot;47025.62 zł&quot;)" computerName="DESKTOP-5URQ9PB" duration="00:00:00.0000180" startTime="2022-06-13T21:13:44.9251552+02:00" endTime="2022-06-13T21:13:44.9251731+02:00" testType="13cdc9d9-ddb5-4fa4-a97d-d965ccfc6d4b" outcome="Passed" testListId="8c84fa94-04c1-424b-9868-57a2d4851a1d" relativeResultsDirectory="54ea832f-5514-4431-8ba4-16616163e824" />
    <UnitTestResult executionId="83b48a0e-a14a-4e43-9ed8-d4f4d204a6b1" testId="8257a4bf-ab18-2761-6e92-b21983b2b798" testName="FormatToStringTest1000(15129.433864736666d,&quot;15129.43 zł&quot;)" computerName="DESKTOP-5URQ9PB" duration="00:00:00.0000190" startTime="2022-06-13T21:13:44.9394967+02:00" endTime="2022-06-13T21:13:44.9395155+02:00" testType="13cdc9d9-ddb5-4fa4-a97d-d965ccfc6d4b" outcome="Passed" testListId="8c84fa94-04c1-424b-9868-57a2d4851a1d" relativeResultsDirectory="83b48a0e-a14a-4e43-9ed8-d4f4d204a6b1" />
    <UnitTestResult executionId="5e7f437c-9073-4afc-94d5-e939b3b7d2f3" testId="95fa357e-9359-c839-8ff3-f046c9e30487" testName="FormatToStringTest1000(15520.346099893259d,&quot;15520.35 zł&quot;)" computerName="DESKTOP-5URQ9PB" duration="00:00:00.0000190" startTime="2022-06-13T21:13:44.9351664+02:00" endTime="2022-06-13T21:13:44.9351852+02:00" testType="13cdc9d9-ddb5-4fa4-a97d-d965ccfc6d4b" outcome="Passed" testListId="8c84fa94-04c1-424b-9868-57a2d4851a1d" relativeResultsDirectory="5e7f437c-9073-4afc-94d5-e939b3b7d2f3" />
    <UnitTestResult executionId="8a7e321a-14e2-4ca5-bb40-23dabd1c6093" testId="5d8a1a0c-8ac0-09f0-e7c5-3249de62e9a9" testName="FormatToStringTest1000(23649.104642116046d,&quot;23649.10 zł&quot;)" computerName="DESKTOP-5URQ9PB" duration="00:00:00.0000190" startTime="2022-06-13T21:13:44.9293885+02:00" endTime="2022-06-13T21:13:44.9294070+02:00" testType="13cdc9d9-ddb5-4fa4-a97d-d965ccfc6d4b" outcome="Passed" testListId="8c84fa94-04c1-424b-9868-57a2d4851a1d" relativeResultsDirectory="8a7e321a-14e2-4ca5-bb40-23dabd1c6093" />
    <UnitTestResult executionId="d2e72341-6de2-4aff-80ed-561610d2a547" testId="4c344495-4967-8a3c-49bd-83047e73dd58" testName="FormatToStringTest1000(159.83786031922224d,&quot;159.84 zł&quot;)" computerName="DESKTOP-5URQ9PB" duration="00:00:00.0000190" startTime="2022-06-13T21:13:44.9197642+02:00" endTime="2022-06-13T21:13:44.9197827+02:00" testType="13cdc9d9-ddb5-4fa4-a97d-d965ccfc6d4b" outcome="Passed" testListId="8c84fa94-04c1-424b-9868-57a2d4851a1d" relativeResultsDirectory="d2e72341-6de2-4aff-80ed-561610d2a547" />
    <UnitTestResult executionId="2e8d14c2-f4b2-40f1-8008-6227365e9c2f" testId="c1b72bec-54e9-d72c-529e-b6b9932bdb7f" testName="FormatToStringTest1000(30360.993128030557d,&quot;30360.99 zł&quot;)" computerName="DESKTOP-5URQ9PB" duration="00:00:00.0000180" startTime="2022-06-13T21:13:44.9436611+02:00" endTime="2022-06-13T21:13:44.9436794+02:00" testType="13cdc9d9-ddb5-4fa4-a97d-d965ccfc6d4b" outcome="Passed" testListId="8c84fa94-04c1-424b-9868-57a2d4851a1d" relativeResultsDirectory="2e8d14c2-f4b2-40f1-8008-6227365e9c2f" />
    <UnitTestResult executionId="62e22fae-caf0-4f19-89ae-df9da046bd9b" testId="b039aca6-d089-bcbd-2727-394bcd0025e0" testName="FormatToStringTest1000(20643.69044446465d,&quot;20643.69 zł&quot;)" computerName="DESKTOP-5URQ9PB" duration="00:00:00.0000190" startTime="2022-06-13T21:13:44.9369492+02:00" endTime="2022-06-13T21:13:44.9369683+02:00" testType="13cdc9d9-ddb5-4fa4-a97d-d965ccfc6d4b" outcome="Passed" testListId="8c84fa94-04c1-424b-9868-57a2d4851a1d" relativeResultsDirectory="62e22fae-caf0-4f19-89ae-df9da046bd9b" />
    <UnitTestResult executionId="af1b1041-67b6-446e-b31f-6c5000d506a8" testId="1ea79024-ef1b-d483-be8e-220bc24bf693" testName="FormatToStringTest1000(835.1578487740633d,&quot;835.16 zł&quot;)" computerName="DESKTOP-5URQ9PB" duration="00:00:00.0000180" startTime="2022-06-13T21:13:44.9329467+02:00" endTime="2022-06-13T21:13:44.9329649+02:00" testType="13cdc9d9-ddb5-4fa4-a97d-d965ccfc6d4b" outcome="Passed" testListId="8c84fa94-04c1-424b-9868-57a2d4851a1d" relativeResultsDirectory="af1b1041-67b6-446e-b31f-6c5000d506a8" />
    <UnitTestResult executionId="ee7603fe-bd29-4175-8783-cb0c1172c466" testId="11067e87-9b88-327c-9a0f-dda26b0288cb" testName="FormatToStringTest1000(1228.101744225296d,&quot;1228.10 zł&quot;)" computerName="DESKTOP-5URQ9PB" duration="00:00:00.0000190" startTime="2022-06-13T21:13:44.9358507+02:00" endTime="2022-06-13T21:13:44.9358695+02:00" testType="13cdc9d9-ddb5-4fa4-a97d-d965ccfc6d4b" outcome="Passed" testListId="8c84fa94-04c1-424b-9868-57a2d4851a1d" relativeResultsDirectory="ee7603fe-bd29-4175-8783-cb0c1172c466" />
    <UnitTestResult executionId="aa1045fd-172c-41b3-93b3-6a42306b3abb" testId="ee6fca60-0e04-b997-dc4d-b3e46cbf895c" testName="FormatToStringTest1000(13582.47117894258d,&quot;13582.47 zł&quot;)" computerName="DESKTOP-5URQ9PB" duration="00:00:00.0000190" startTime="2022-06-13T21:13:44.9229209+02:00" endTime="2022-06-13T21:13:44.9229393+02:00" testType="13cdc9d9-ddb5-4fa4-a97d-d965ccfc6d4b" outcome="Passed" testListId="8c84fa94-04c1-424b-9868-57a2d4851a1d" relativeResultsDirectory="aa1045fd-172c-41b3-93b3-6a42306b3abb" />
    <UnitTestResult executionId="53fcbbd1-dcad-4997-863f-837565657708" testId="93356272-81f1-2ca0-6a2b-a94c51c52201" testName="FormatToStringTest1000(5396.620088554277d,&quot;5396.62 zł&quot;)" computerName="DESKTOP-5URQ9PB" duration="00:00:00.0000230" startTime="2022-06-13T21:13:44.9192838+02:00" endTime="2022-06-13T21:13:44.9193070+02:00" testType="13cdc9d9-ddb5-4fa4-a97d-d965ccfc6d4b" outcome="Passed" testListId="8c84fa94-04c1-424b-9868-57a2d4851a1d" relativeResultsDirectory="53fcbbd1-dcad-4997-863f-837565657708" />
    <UnitTestResult executionId="d39e46ac-e827-413e-9c7b-417300bfcad8" testId="853ab17c-1011-8c0b-9611-6a309f52ffd7" testName="FormatToStringTest1000(39146.892120180135d,&quot;39146.89 zł&quot;)" computerName="DESKTOP-5URQ9PB" duration="00:00:00.0000190" startTime="2022-06-13T21:13:44.9426485+02:00" endTime="2022-06-13T21:13:44.9426671+02:00" testType="13cdc9d9-ddb5-4fa4-a97d-d965ccfc6d4b" outcome="Passed" testListId="8c84fa94-04c1-424b-9868-57a2d4851a1d" relativeResultsDirectory="d39e46ac-e827-413e-9c7b-417300bfcad8" />
    <UnitTestResult executionId="9392c393-3d67-4716-9564-f880db6f3c38" testId="91285e79-b6fd-7585-384e-bbf4da4c2bcd" testName="FormatToStringTest1000(48084.94422955389d,&quot;48084.94 zł&quot;)" computerName="DESKTOP-5URQ9PB" duration="00:00:00.0000180" startTime="2022-06-13T21:13:44.9281019+02:00" endTime="2022-06-13T21:13:44.9281200+02:00" testType="13cdc9d9-ddb5-4fa4-a97d-d965ccfc6d4b" outcome="Passed" testListId="8c84fa94-04c1-424b-9868-57a2d4851a1d" relativeResultsDirectory="9392c393-3d67-4716-9564-f880db6f3c38" />
    <UnitTestResult executionId="d4b85b4d-935e-49b9-a56f-da23815278ea" testId="c2833739-846c-dde5-0033-1a2de8fc4d5a" testName="FormatToStringTest1000(74514.06270644537d,&quot;74514.06 zł&quot;)" computerName="DESKTOP-5URQ9PB" duration="00:00:00.0000180" startTime="2022-06-13T21:13:44.9211392+02:00" endTime="2022-06-13T21:13:44.9211574+02:00" testType="13cdc9d9-ddb5-4fa4-a97d-d965ccfc6d4b" outcome="Passed" testListId="8c84fa94-04c1-424b-9868-57a2d4851a1d" relativeResultsDirectory="d4b85b4d-935e-49b9-a56f-da23815278ea" />
    <UnitTestResult executionId="be4bae24-b034-4f3a-9a43-3ebaf3b3495a" testId="21fecb6a-616e-e0ca-06e2-949826e6d9fe" testName="FormatToStringTest1000(5810.695934967462d,&quot;5810.70 zł&quot;)" computerName="DESKTOP-5URQ9PB" duration="00:00:00.0000220" startTime="2022-06-13T21:13:44.9434323+02:00" endTime="2022-06-13T21:13:44.9434541+02:00" testType="13cdc9d9-ddb5-4fa4-a97d-d965ccfc6d4b" outcome="Passed" testListId="8c84fa94-04c1-424b-9868-57a2d4851a1d" relativeResultsDirectory="be4bae24-b034-4f3a-9a43-3ebaf3b3495a" />
    <UnitTestResult executionId="189a10d4-ee02-40df-b55e-09cbb097ea10" testId="d53ebf9d-a1b0-7eb1-4b91-4ab174a99cc7" testName="FormatToStringTest1000(35.34471716840971d,&quot;35.34 zł&quot;)" computerName="DESKTOP-5URQ9PB" duration="00:00:00.0000190" startTime="2022-06-13T21:13:44.9353427+02:00" endTime="2022-06-13T21:13:44.9353610+02:00" testType="13cdc9d9-ddb5-4fa4-a97d-d965ccfc6d4b" outcome="Passed" testListId="8c84fa94-04c1-424b-9868-57a2d4851a1d" relativeResultsDirectory="189a10d4-ee02-40df-b55e-09cbb097ea10" />
    <UnitTestResult executionId="55ede947-0b0d-4b1b-8390-bcb196fea25d" testId="08821b59-1fc3-bfdb-c64b-6b9d4d7418fb" testName="FormatToStringTest1000(23548.88067407016d,&quot;23548.88 zł&quot;)" computerName="DESKTOP-5URQ9PB" duration="00:00:00.0000180" startTime="2022-06-13T21:13:44.9255556+02:00" endTime="2022-06-13T21:13:44.9255737+02:00" testType="13cdc9d9-ddb5-4fa4-a97d-d965ccfc6d4b" outcome="Passed" testListId="8c84fa94-04c1-424b-9868-57a2d4851a1d" relativeResultsDirectory="55ede947-0b0d-4b1b-8390-bcb196fea25d" />
    <UnitTestResult executionId="71a5d8c9-2fb9-4f4a-9a6e-d63a6359dc4b" testId="dd5c672a-615a-d2df-e240-966d42055469" testName="FormatToStringTest1000(13455.521105358153d,&quot;13455.52 zł&quot;)" computerName="DESKTOP-5URQ9PB" duration="00:00:00.0000190" startTime="2022-06-13T21:13:44.9389705+02:00" endTime="2022-06-13T21:13:44.9389894+02:00" testType="13cdc9d9-ddb5-4fa4-a97d-d965ccfc6d4b" outcome="Passed" testListId="8c84fa94-04c1-424b-9868-57a2d4851a1d" relativeResultsDirectory="71a5d8c9-2fb9-4f4a-9a6e-d63a6359dc4b" />
    <UnitTestResult executionId="6cc991ba-abb5-4924-8dc6-9c8a5f1f7e0c" testId="acc05f4a-9abc-39e3-e875-400f69bcea41" testName="FormatToStringTest1000(88584.97010041306d,&quot;88584.97 zł&quot;)" computerName="DESKTOP-5URQ9PB" duration="00:00:00.0000190" startTime="2022-06-13T21:13:44.9291633+02:00" endTime="2022-06-13T21:13:44.9291819+02:00" testType="13cdc9d9-ddb5-4fa4-a97d-d965ccfc6d4b" outcome="Passed" testListId="8c84fa94-04c1-424b-9868-57a2d4851a1d" relativeResultsDirectory="6cc991ba-abb5-4924-8dc6-9c8a5f1f7e0c" />
    <UnitTestResult executionId="3eca10fb-9024-45ad-9484-62cb54767ea2" testId="faf63bba-5452-3836-a95e-2474023d45ad" testName="FormatToStringTest1000(40913.016669489916d,&quot;40913.02 zł&quot;)" computerName="DESKTOP-5URQ9PB" duration="00:00:00.0000200" startTime="2022-06-13T21:13:44.9407606+02:00" endTime="2022-06-13T21:13:44.9407801+02:00" testType="13cdc9d9-ddb5-4fa4-a97d-d965ccfc6d4b" outcome="Passed" testListId="8c84fa94-04c1-424b-9868-57a2d4851a1d" relativeResultsDirectory="3eca10fb-9024-45ad-9484-62cb54767ea2" />
    <UnitTestResult executionId="b7a4802e-73de-435d-ba48-ed42fbde7b5a" testId="58932f19-d7b6-d69f-2dae-d6e75aa0e55e" testName="FormatToStringTest1000(12949.590713378317d,&quot;12949.59 zł&quot;)" computerName="DESKTOP-5URQ9PB" duration="00:00:00.0000190" startTime="2022-06-13T21:13:44.9191596+02:00" endTime="2022-06-13T21:13:44.9191786+02:00" testType="13cdc9d9-ddb5-4fa4-a97d-d965ccfc6d4b" outcome="Passed" testListId="8c84fa94-04c1-424b-9868-57a2d4851a1d" relativeResultsDirectory="b7a4802e-73de-435d-ba48-ed42fbde7b5a" />
    <UnitTestResult executionId="65fd1b8f-1b9d-44f4-a936-b3bdcd464381" testId="752f584a-0205-5811-1575-29e94681480b" testName="FormatToStringTest1000(46391.661094229516d,&quot;46391.66 zł&quot;)" computerName="DESKTOP-5URQ9PB" duration="00:00:00.0000190" startTime="2022-06-13T21:13:44.9392711+02:00" endTime="2022-06-13T21:13:44.9392895+02:00" testType="13cdc9d9-ddb5-4fa4-a97d-d965ccfc6d4b" outcome="Passed" testListId="8c84fa94-04c1-424b-9868-57a2d4851a1d" relativeResultsDirectory="65fd1b8f-1b9d-44f4-a936-b3bdcd464381" />
    <UnitTestResult executionId="277b9111-9ce4-4081-b2cd-58ba2cd966bc" testId="0718464f-7428-3c2c-d7c1-1af84b0bb5ee" testName="FormatToStringTest1000(4030.673117592313d,&quot;4030.67 zł&quot;)" computerName="DESKTOP-5URQ9PB" duration="00:00:00.0000190" startTime="2022-06-13T21:13:44.9271425+02:00" endTime="2022-06-13T21:13:44.9271613+02:00" testType="13cdc9d9-ddb5-4fa4-a97d-d965ccfc6d4b" outcome="Passed" testListId="8c84fa94-04c1-424b-9868-57a2d4851a1d" relativeResultsDirectory="277b9111-9ce4-4081-b2cd-58ba2cd966bc" />
    <UnitTestResult executionId="5177199f-efd0-4866-96f8-63b047bc0e04" testId="0e06d825-6ba9-71ac-24ec-c9336680dd03" testName="FormatToStringTest1000(48654.65723134794d,&quot;48654.66 zł&quot;)" computerName="DESKTOP-5URQ9PB" duration="00:00:00.0000200" startTime="2022-06-13T21:13:44.9270422+02:00" endTime="2022-06-13T21:13:44.9270620+02:00" testType="13cdc9d9-ddb5-4fa4-a97d-d965ccfc6d4b" outcome="Passed" testListId="8c84fa94-04c1-424b-9868-57a2d4851a1d" relativeResultsDirectory="5177199f-efd0-4866-96f8-63b047bc0e04" />
    <UnitTestResult executionId="2f35ec79-4d88-4897-9007-d18b955985ec" testId="3d581e6e-ac62-d984-1637-f1fef62a5597" testName="FormatToStringTest1000(57525.72988993569d,&quot;57525.73 zł&quot;)" computerName="DESKTOP-5URQ9PB" duration="00:00:00.0000190" startTime="2022-06-13T21:13:44.9328970+02:00" endTime="2022-06-13T21:13:44.9329154+02:00" testType="13cdc9d9-ddb5-4fa4-a97d-d965ccfc6d4b" outcome="Passed" testListId="8c84fa94-04c1-424b-9868-57a2d4851a1d" relativeResultsDirectory="2f35ec79-4d88-4897-9007-d18b955985ec" />
    <UnitTestResult executionId="9b0e99af-54a9-4629-a4bf-343edb5ea0b4" testId="3f7d9e9c-5ad3-f161-b9fe-a5f6a9ab40b4" testName="FormatToStringTest1000(18208.8422650126d,&quot;18208.84 zł&quot;)" computerName="DESKTOP-5URQ9PB" duration="00:00:00.0000190" startTime="2022-06-13T21:13:44.9252791+02:00" endTime="2022-06-13T21:13:44.9252975+02:00" testType="13cdc9d9-ddb5-4fa4-a97d-d965ccfc6d4b" outcome="Passed" testListId="8c84fa94-04c1-424b-9868-57a2d4851a1d" relativeResultsDirectory="9b0e99af-54a9-4629-a4bf-343edb5ea0b4" />
    <UnitTestResult executionId="1f145f7f-1fa6-4b87-8449-30b20231cae7" testId="0d3aed88-2598-0caa-458e-53fd2f6dc4e2" testName="FormatToStringTest1000(7004.710832051798d,&quot;7004.71 zł&quot;)" computerName="DESKTOP-5URQ9PB" duration="00:00:00.0000190" startTime="2022-06-13T21:13:44.9409357+02:00" endTime="2022-06-13T21:13:44.9409544+02:00" testType="13cdc9d9-ddb5-4fa4-a97d-d965ccfc6d4b" outcome="Passed" testListId="8c84fa94-04c1-424b-9868-57a2d4851a1d" relativeResultsDirectory="1f145f7f-1fa6-4b87-8449-30b20231cae7" />
    <UnitTestResult executionId="a4a1a7d8-bff6-4283-8091-acc35b63efe2" testId="7d9a319c-0aa5-831a-d202-712bedb1b15a" testName="FormatToStringTest1000(39178.05988345298d,&quot;39178.06 zł&quot;)" computerName="DESKTOP-5URQ9PB" duration="00:00:00.0000200" startTime="2022-06-13T21:13:44.9207390+02:00" endTime="2022-06-13T21:13:44.9207593+02:00" testType="13cdc9d9-ddb5-4fa4-a97d-d965ccfc6d4b" outcome="Passed" testListId="8c84fa94-04c1-424b-9868-57a2d4851a1d" relativeResultsDirectory="a4a1a7d8-bff6-4283-8091-acc35b63efe2" />
    <UnitTestResult executionId="9798cda2-6515-4572-81c9-372fd6233cd6" testId="3c694193-6244-2822-1520-285efe4d3761" testName="FormatToStringTest1000(782.6578288817116d,&quot;782.66 zł&quot;)" computerName="DESKTOP-5URQ9PB" duration="00:00:00.0000180" startTime="2022-06-13T21:13:44.9246754+02:00" endTime="2022-06-13T21:13:44.9246937+02:00" testType="13cdc9d9-ddb5-4fa4-a97d-d965ccfc6d4b" outcome="Passed" testListId="8c84fa94-04c1-424b-9868-57a2d4851a1d" relativeResultsDirectory="9798cda2-6515-4572-81c9-372fd6233cd6" />
    <UnitTestResult executionId="b15ca041-291f-4291-aad7-02502946fd05" testId="b5f26849-7f95-8deb-3e82-07db33467afb" testName="FormatToStringTest1000(61324.33752458279d,&quot;61324.34 zł&quot;)" computerName="DESKTOP-5URQ9PB" duration="00:00:00.0000190" startTime="2022-06-13T21:13:44.9285772+02:00" endTime="2022-06-13T21:13:44.9285958+02:00" testType="13cdc9d9-ddb5-4fa4-a97d-d965ccfc6d4b" outcome="Passed" testListId="8c84fa94-04c1-424b-9868-57a2d4851a1d" relativeResultsDirectory="b15ca041-291f-4291-aad7-02502946fd05" />
    <UnitTestResult executionId="2b51716d-9b20-4e10-a8b0-01f4c77aff71" testId="2fd4fb21-86aa-48b4-d55c-838ac3bda4eb" testName="FormatToStringTest1000(28579.14698705503d,&quot;28579.15 zł&quot;)" computerName="DESKTOP-5URQ9PB" duration="00:00:00.0000190" startTime="2022-06-13T21:13:44.9353932+02:00" endTime="2022-06-13T21:13:44.9354116+02:00" testType="13cdc9d9-ddb5-4fa4-a97d-d965ccfc6d4b" outcome="Passed" testListId="8c84fa94-04c1-424b-9868-57a2d4851a1d" relativeResultsDirectory="2b51716d-9b20-4e10-a8b0-01f4c77aff71" />
    <UnitTestResult executionId="0dbd16be-3a9d-4528-8538-79db4d84d649" testId="edd8698a-89a8-0a11-5f44-5d3f526abc13" testName="FormatToStringTest1000(3043.6828298227315d,&quot;3043.68 zł&quot;)" computerName="DESKTOP-5URQ9PB" duration="00:00:00.0023180" startTime="2022-06-13T21:13:44.9438674+02:00" endTime="2022-06-13T21:13:44.9461837+02:00" testType="13cdc9d9-ddb5-4fa4-a97d-d965ccfc6d4b" outcome="Passed" testListId="8c84fa94-04c1-424b-9868-57a2d4851a1d" relativeResultsDirectory="0dbd16be-3a9d-4528-8538-79db4d84d649" />
    <UnitTestResult executionId="ccb2cd93-881c-4b4b-8245-357a446252b1" testId="95bbb276-fcbd-d5d6-e9a9-e6e9fe02935a" testName="FormatToStringTest1000(58191.92113629585d,&quot;58191.92 zł&quot;)" computerName="DESKTOP-5URQ9PB" duration="00:00:00.0000190" startTime="2022-06-13T21:13:44.9351167+02:00" endTime="2022-06-13T21:13:44.9351351+02:00" testType="13cdc9d9-ddb5-4fa4-a97d-d965ccfc6d4b" outcome="Passed" testListId="8c84fa94-04c1-424b-9868-57a2d4851a1d" relativeResultsDirectory="ccb2cd93-881c-4b4b-8245-357a446252b1" />
    <UnitTestResult executionId="b5c057ed-9f96-4935-821e-85ba12a83300" testId="87ae11a5-ff33-3fef-0507-0ee3bd82054e" testName="FormatToStringTest1000(7569.605888796322d,&quot;7569.61 zł&quot;)" computerName="DESKTOP-5URQ9PB" duration="00:00:00.0000190" startTime="2022-06-13T21:13:44.9372977+02:00" endTime="2022-06-13T21:13:44.9373167+02:00" testType="13cdc9d9-ddb5-4fa4-a97d-d965ccfc6d4b" outcome="Passed" testListId="8c84fa94-04c1-424b-9868-57a2d4851a1d" relativeResultsDirectory="b5c057ed-9f96-4935-821e-85ba12a83300" />
    <UnitTestResult executionId="cac391b5-0e20-47d2-a736-8eff7a699077" testId="216fae5e-208d-f8b3-f0d1-bbf3d8af265f" testName="FormatToStringTest1000(35145.379208063416d,&quot;35145.38 zł&quot;)" computerName="DESKTOP-5URQ9PB" duration="00:00:00.0000190" startTime="2022-06-13T21:13:44.9209903+02:00" endTime="2022-06-13T21:13:44.9210093+02:00" testType="13cdc9d9-ddb5-4fa4-a97d-d965ccfc6d4b" outcome="Passed" testListId="8c84fa94-04c1-424b-9868-57a2d4851a1d" relativeResultsDirectory="cac391b5-0e20-47d2-a736-8eff7a699077" />
    <UnitTestResult executionId="d2d072e5-fc4e-4bdf-94d7-471126499d53" testId="c769eba8-ab90-c528-a852-a01f625e896b" testName="FormatToStringTest1000(4919.073526169674d,&quot;4919.07 zł&quot;)" computerName="DESKTOP-5URQ9PB" duration="00:00:00.0000190" startTime="2022-06-13T21:13:44.9251299+02:00" endTime="2022-06-13T21:13:44.9251491+02:00" testType="13cdc9d9-ddb5-4fa4-a97d-d965ccfc6d4b" outcome="Passed" testListId="8c84fa94-04c1-424b-9868-57a2d4851a1d" relativeResultsDirectory="d2d072e5-fc4e-4bdf-94d7-471126499d53" />
    <UnitTestResult executionId="3c73d2b7-d05e-4767-accc-cdad6f836324" testId="199abf60-5b5b-94b6-b04f-a3e4d911fd34" testName="FormatToStringTest1000(38614.292320713066d,&quot;38614.29 zł&quot;)" computerName="DESKTOP-5URQ9PB" duration="00:00:00.0000180" startTime="2022-06-13T21:13:44.9219711+02:00" endTime="2022-06-13T21:13:44.9219893+02:00" testType="13cdc9d9-ddb5-4fa4-a97d-d965ccfc6d4b" outcome="Passed" testListId="8c84fa94-04c1-424b-9868-57a2d4851a1d" relativeResultsDirectory="3c73d2b7-d05e-4767-accc-cdad6f836324" />
    <UnitTestResult executionId="58d700e8-5b5b-4fee-8fb1-df515b2170eb" testId="8537861e-52bb-f63c-38f8-3f1d41ff88e5" testName="FormatToStringTest1000(10534.184353995222d,&quot;10534.18 zł&quot;)" computerName="DESKTOP-5URQ9PB" duration="00:00:00.0000240" startTime="2022-06-13T21:13:44.9217160+02:00" endTime="2022-06-13T21:13:44.9217396+02:00" testType="13cdc9d9-ddb5-4fa4-a97d-d965ccfc6d4b" outcome="Passed" testListId="8c84fa94-04c1-424b-9868-57a2d4851a1d" relativeResultsDirectory="58d700e8-5b5b-4fee-8fb1-df515b2170eb" />
    <UnitTestResult executionId="62380c90-f233-4667-a501-535d545b3b9a" testId="943e674e-9656-f2f6-06a7-f12c38d1347c" testName="FormatToStringTest1000(8697.074631143862d,&quot;8697.07 zł&quot;)" computerName="DESKTOP-5URQ9PB" duration="00:00:00.0000190" startTime="2022-06-13T21:13:44.9281521+02:00" endTime="2022-06-13T21:13:44.9281711+02:00" testType="13cdc9d9-ddb5-4fa4-a97d-d965ccfc6d4b" outcome="Passed" testListId="8c84fa94-04c1-424b-9868-57a2d4851a1d" relativeResultsDirectory="62380c90-f233-4667-a501-535d545b3b9a" />
    <UnitTestResult executionId="f082ab0a-d6c4-4d58-9bd7-4146f1ee8c79" testId="0dc215f9-ced3-1d40-e986-2ebe86240f13" testName="FormatToStringTest1000(44869.327020554025d,&quot;44869.33 zł&quot;)" computerName="DESKTOP-5URQ9PB" duration="00:00:00.0000190" startTime="2022-06-13T21:13:44.9221690+02:00" endTime="2022-06-13T21:13:44.9221875+02:00" testType="13cdc9d9-ddb5-4fa4-a97d-d965ccfc6d4b" outcome="Passed" testListId="8c84fa94-04c1-424b-9868-57a2d4851a1d" relativeResultsDirectory="f082ab0a-d6c4-4d58-9bd7-4146f1ee8c79" />
    <UnitTestResult executionId="653ac5dc-a0ba-45be-b1c0-896a1dcb2b2b" testId="b266e530-9059-cc9e-a2de-5a104736c757" testName="FormatToStringTest1000(14003.84591249742d,&quot;14003.85 zł&quot;)" computerName="DESKTOP-5URQ9PB" duration="00:00:00.0000190" startTime="2022-06-13T21:13:44.9336177+02:00" endTime="2022-06-13T21:13:44.9336365+02:00" testType="13cdc9d9-ddb5-4fa4-a97d-d965ccfc6d4b" outcome="Passed" testListId="8c84fa94-04c1-424b-9868-57a2d4851a1d" relativeResultsDirectory="653ac5dc-a0ba-45be-b1c0-896a1dcb2b2b" />
    <UnitTestResult executionId="ee6d31c2-ef34-418b-9aee-e6bdd2c59244" testId="bed158c1-cdea-cb2e-72de-fac3c7fdb2c8" testName="FormatToStringTest1000(14867.726341984107d,&quot;14867.73 zł&quot;)" computerName="DESKTOP-5URQ9PB" duration="00:00:00.0000190" startTime="2022-06-13T21:13:44.9341249+02:00" endTime="2022-06-13T21:13:44.9341436+02:00" testType="13cdc9d9-ddb5-4fa4-a97d-d965ccfc6d4b" outcome="Passed" testListId="8c84fa94-04c1-424b-9868-57a2d4851a1d" relativeResultsDirectory="ee6d31c2-ef34-418b-9aee-e6bdd2c59244" />
    <UnitTestResult executionId="68cc3afc-5b11-4c0d-86b4-813a9499d417" testId="380eb0c8-d6f7-276e-b9b6-a564a8f6129e" testName="FormatToStringTest1000(8582.709131852587d,&quot;8582.71 zł&quot;)" computerName="DESKTOP-5URQ9PB" duration="00:00:00.0000190" startTime="2022-06-13T21:13:44.9372228+02:00" endTime="2022-06-13T21:13:44.9372416+02:00" testType="13cdc9d9-ddb5-4fa4-a97d-d965ccfc6d4b" outcome="Passed" testListId="8c84fa94-04c1-424b-9868-57a2d4851a1d" relativeResultsDirectory="68cc3afc-5b11-4c0d-86b4-813a9499d417" />
    <UnitTestResult executionId="62125037-66d5-4ec7-9e2c-602cbefc5c6c" testId="a6a973e9-da68-b082-10c2-5aa132fd4e6b" testName="FormatToStringTest1000(36320.770035296104d,&quot;36320.77 zł&quot;)" computerName="DESKTOP-5URQ9PB" duration="00:00:00.0000190" startTime="2022-06-13T21:13:44.9407049+02:00" endTime="2022-06-13T21:13:44.9407236+02:00" testType="13cdc9d9-ddb5-4fa4-a97d-d965ccfc6d4b" outcome="Passed" testListId="8c84fa94-04c1-424b-9868-57a2d4851a1d" relativeResultsDirectory="62125037-66d5-4ec7-9e2c-602cbefc5c6c" />
    <UnitTestResult executionId="98f6eba8-121b-4d53-8554-d03702637f7f" testId="8879b9b8-0100-f390-31c6-fdcbdf8a4f83" testName="FormatToStringTest1000(10965.74607995746d,&quot;10965.75 zł&quot;)" computerName="DESKTOP-5URQ9PB" duration="00:00:00.0000190" startTime="2022-06-13T21:13:44.9220696+02:00" endTime="2022-06-13T21:13:44.9220887+02:00" testType="13cdc9d9-ddb5-4fa4-a97d-d965ccfc6d4b" outcome="Passed" testListId="8c84fa94-04c1-424b-9868-57a2d4851a1d" relativeResultsDirectory="98f6eba8-121b-4d53-8554-d03702637f7f" />
    <UnitTestResult executionId="3c379f34-bb68-4dbe-b12b-929d1fc6ea9e" testId="c2208323-1f95-b32c-0530-4ad682605720" testName="FormatToStringTest1000(96022.24851977557d,&quot;96022.25 zł&quot;)" computerName="DESKTOP-5URQ9PB" duration="00:00:00.0000190" startTime="2022-06-13T21:13:44.9371482+02:00" endTime="2022-06-13T21:13:44.9371669+02:00" testType="13cdc9d9-ddb5-4fa4-a97d-d965ccfc6d4b" outcome="Passed" testListId="8c84fa94-04c1-424b-9868-57a2d4851a1d" relativeResultsDirectory="3c379f34-bb68-4dbe-b12b-929d1fc6ea9e" />
    <UnitTestResult executionId="e7dbd6f2-545a-4d59-bab6-19b21f96ee95" testId="87886007-6727-2dc4-be03-09aefa74e875" testName="FormatToStringTest1000(29508.077101491428d,&quot;29508.08 zł&quot;)" computerName="DESKTOP-5URQ9PB" duration="00:00:00.0000190" startTime="2022-06-13T21:13:44.9216899+02:00" endTime="2022-06-13T21:13:44.9217085+02:00" testType="13cdc9d9-ddb5-4fa4-a97d-d965ccfc6d4b" outcome="Passed" testListId="8c84fa94-04c1-424b-9868-57a2d4851a1d" relativeResultsDirectory="e7dbd6f2-545a-4d59-bab6-19b21f96ee95" />
    <UnitTestResult executionId="14f7d6e0-330c-40bd-80f9-4080fbec4f12" testId="c7f52afa-564d-8d59-88a3-ea1bc3790407" testName="FormatToStringTest1000(16383.352881839199d,&quot;16383.35 zł&quot;)" computerName="DESKTOP-5URQ9PB" duration="00:00:00.0000190" startTime="2022-06-13T21:13:44.9204849+02:00" endTime="2022-06-13T21:13:44.9205034+02:00" testType="13cdc9d9-ddb5-4fa4-a97d-d965ccfc6d4b" outcome="Passed" testListId="8c84fa94-04c1-424b-9868-57a2d4851a1d" relativeResultsDirectory="14f7d6e0-330c-40bd-80f9-4080fbec4f12" />
    <UnitTestResult executionId="ed51e4b2-ca32-4f55-bea7-9586d3d401f7" testId="f6401660-be6e-6eb8-4af7-4a88425589c4" testName="FormatToStringTest1000(20454.142628653506d,&quot;20454.14 zł&quot;)" computerName="DESKTOP-5URQ9PB" duration="00:00:00.0000180" startTime="2022-06-13T21:13:44.9268428+02:00" endTime="2022-06-13T21:13:44.9268611+02:00" testType="13cdc9d9-ddb5-4fa4-a97d-d965ccfc6d4b" outcome="Passed" testListId="8c84fa94-04c1-424b-9868-57a2d4851a1d" relativeResultsDirectory="ed51e4b2-ca32-4f55-bea7-9586d3d401f7" />
    <UnitTestResult executionId="16d2ca54-c872-451f-841e-ab1621bbdbcf" testId="0a65341a-9de3-344f-781f-a38c0f56cbef" testName="FormatToStringTest1000(40545.70748620001d,&quot;40545.71 zł&quot;)" computerName="DESKTOP-5URQ9PB" duration="00:00:00.0000190" startTime="2022-06-13T21:13:44.9403296+02:00" endTime="2022-06-13T21:13:44.9403482+02:00" testType="13cdc9d9-ddb5-4fa4-a97d-d965ccfc6d4b" outcome="Passed" testListId="8c84fa94-04c1-424b-9868-57a2d4851a1d" relativeResultsDirectory="16d2ca54-c872-451f-841e-ab1621bbdbcf" />
    <UnitTestResult executionId="96e189d2-7662-4875-8a1a-2c3d736e925c" testId="74f41b57-bac2-c2b8-f1dc-9469402fc8fa" testName="FormatToStringTest1000(635.3263313632116d,&quot;635.33 zł&quot;)" computerName="DESKTOP-5URQ9PB" duration="00:00:00.0000190" startTime="2022-06-13T21:13:44.9424985+02:00" endTime="2022-06-13T21:13:44.9425176+02:00" testType="13cdc9d9-ddb5-4fa4-a97d-d965ccfc6d4b" outcome="Passed" testListId="8c84fa94-04c1-424b-9868-57a2d4851a1d" relativeResultsDirectory="96e189d2-7662-4875-8a1a-2c3d736e925c" />
    <UnitTestResult executionId="bd1ce2c0-d323-4d23-b3df-19510aaabb4a" testId="39997ae6-4a52-e491-d8ae-8d3f689efcd5" testName="FormatToStringTest1000(30126.012320622805d,&quot;30126.01 zł&quot;)" computerName="DESKTOP-5URQ9PB" duration="00:00:00.0000190" startTime="2022-06-13T21:13:44.9220949+02:00" endTime="2022-06-13T21:13:44.9221132+02:00" testType="13cdc9d9-ddb5-4fa4-a97d-d965ccfc6d4b" outcome="Passed" testListId="8c84fa94-04c1-424b-9868-57a2d4851a1d" relativeResultsDirectory="bd1ce2c0-d323-4d23-b3df-19510aaabb4a" />
    <UnitTestResult executionId="2d27eced-680a-4cee-bd38-f9e797073276" testId="9c7df8f2-0bef-5347-a48a-3dbf0cbe5e21" testName="FormatToStringTest1000(20978.860218282258d,&quot;20978.86 zł&quot;)" computerName="DESKTOP-5URQ9PB" duration="00:00:00.0000190" startTime="2022-06-13T21:13:44.9254283+02:00" endTime="2022-06-13T21:13:44.9254476+02:00" testType="13cdc9d9-ddb5-4fa4-a97d-d965ccfc6d4b" outcome="Passed" testListId="8c84fa94-04c1-424b-9868-57a2d4851a1d" relativeResultsDirectory="2d27eced-680a-4cee-bd38-f9e797073276" />
    <UnitTestResult executionId="31cdef8f-99dd-457c-82f7-ee836baaa6a8" testId="71678dc5-b379-afbc-5607-17cbf413146c" testName="FormatToStringTest1000(37.631227987646696d,&quot;37.63 zł&quot;)" computerName="DESKTOP-5URQ9PB" duration="00:00:00.0000190" startTime="2022-06-13T21:13:44.9408865+02:00" endTime="2022-06-13T21:13:44.9409048+02:00" testType="13cdc9d9-ddb5-4fa4-a97d-d965ccfc6d4b" outcome="Passed" testListId="8c84fa94-04c1-424b-9868-57a2d4851a1d" relativeResultsDirectory="31cdef8f-99dd-457c-82f7-ee836baaa6a8" />
    <UnitTestResult executionId="0c4ec078-d972-4f51-bdc0-5def4194e8df" testId="274eee3c-fa31-a55c-1941-d2fdb1077d83" testName="FormatToStringTest1000(26468.346804109562d,&quot;26468.35 zł&quot;)" computerName="DESKTOP-5URQ9PB" duration="00:00:00.0000190" startTime="2022-06-13T21:13:44.9261103+02:00" endTime="2022-06-13T21:13:44.9261288+02:00" testType="13cdc9d9-ddb5-4fa4-a97d-d965ccfc6d4b" outcome="Passed" testListId="8c84fa94-04c1-424b-9868-57a2d4851a1d" relativeResultsDirectory="0c4ec078-d972-4f51-bdc0-5def4194e8df" />
    <UnitTestResult executionId="37a1f607-e59a-40a4-bde5-ef74b2309ba2" testId="34f38fc8-ae53-5e82-0417-57e4237764fa" testName="FormatToStringTest1000(151.50737175275916d,&quot;151.51 zł&quot;)" computerName="DESKTOP-5URQ9PB" duration="00:00:00.0000190" startTime="2022-06-13T21:13:44.9429299+02:00" endTime="2022-06-13T21:13:44.9429484+02:00" testType="13cdc9d9-ddb5-4fa4-a97d-d965ccfc6d4b" outcome="Passed" testListId="8c84fa94-04c1-424b-9868-57a2d4851a1d" relativeResultsDirectory="37a1f607-e59a-40a4-bde5-ef74b2309ba2" />
    <UnitTestResult executionId="988787c3-c6a3-4d94-856f-71c1b34029cc" testId="d24e4d75-af83-eba3-bdf8-ba8e65054856" testName="FormatToStringTest1000(2505.286326204094d,&quot;2505.29 zł&quot;)" computerName="DESKTOP-5URQ9PB" duration="00:00:00.0000180" startTime="2022-06-13T21:13:44.9318199+02:00" endTime="2022-06-13T21:13:44.9318378+02:00" testType="13cdc9d9-ddb5-4fa4-a97d-d965ccfc6d4b" outcome="Passed" testListId="8c84fa94-04c1-424b-9868-57a2d4851a1d" relativeResultsDirectory="988787c3-c6a3-4d94-856f-71c1b34029cc" />
    <UnitTestResult executionId="83d4528a-b8fa-405e-b39b-6e4214e24de5" testId="17ffc344-aceb-1f84-f3bf-8205c38e1b46" testName="FormatToStringTest1000(22017.250119325356d,&quot;22017.25 zł&quot;)" computerName="DESKTOP-5URQ9PB" duration="00:00:00.0000190" startTime="2022-06-13T21:13:44.9218470+02:00" endTime="2022-06-13T21:13:44.9218654+02:00" testType="13cdc9d9-ddb5-4fa4-a97d-d965ccfc6d4b" outcome="Passed" testListId="8c84fa94-04c1-424b-9868-57a2d4851a1d" relativeResultsDirectory="83d4528a-b8fa-405e-b39b-6e4214e24de5" />
    <UnitTestResult executionId="c0759899-2c79-478a-8100-a0fe32e6a01f" testId="64a6b4e0-a8e1-9595-14c6-66f8a8c8f576" testName="FormatToStringTest1000(12221.10494323592d,&quot;12221.10 zł&quot;)" computerName="DESKTOP-5URQ9PB" duration="00:00:00.0000190" startTime="2022-06-13T21:13:44.9217971+02:00" endTime="2022-06-13T21:13:44.9218156+02:00" testType="13cdc9d9-ddb5-4fa4-a97d-d965ccfc6d4b" outcome="Passed" testListId="8c84fa94-04c1-424b-9868-57a2d4851a1d" relativeResultsDirectory="c0759899-2c79-478a-8100-a0fe32e6a01f" />
    <UnitTestResult executionId="da9a0492-fffc-4c17-a04f-7c1d5682f865" testId="712f5c64-914a-8747-dac9-aeb72d33838f" testName="FormatToStringTest1000(66945.02904917022d,&quot;66945.03 zł&quot;)" computerName="DESKTOP-5URQ9PB" duration="00:00:00.0000190" startTime="2022-06-13T21:13:44.9404292+02:00" endTime="2022-06-13T21:13:44.9404478+02:00" testType="13cdc9d9-ddb5-4fa4-a97d-d965ccfc6d4b" outcome="Passed" testListId="8c84fa94-04c1-424b-9868-57a2d4851a1d" relativeResultsDirectory="da9a0492-fffc-4c17-a04f-7c1d5682f865" />
    <UnitTestResult executionId="02318abd-f612-43e3-a7e4-5b3ab473ae9a" testId="a3cd1e56-7e87-cbfe-4696-2cfc61bd79f6" testName="FormatToStringTest1000(17098.491445727876d,&quot;17098.49 zł&quot;)" computerName="DESKTOP-5URQ9PB" duration="00:00:00.0000180" startTime="2022-06-13T21:13:44.9333193+02:00" endTime="2022-06-13T21:13:44.9333376+02:00" testType="13cdc9d9-ddb5-4fa4-a97d-d965ccfc6d4b" outcome="Passed" testListId="8c84fa94-04c1-424b-9868-57a2d4851a1d" relativeResultsDirectory="02318abd-f612-43e3-a7e4-5b3ab473ae9a" />
    <UnitTestResult executionId="b761b371-6271-46e3-a990-97dad3be0140" testId="a01314ec-fbb5-964d-0d33-e4eebe884133" testName="FormatToStringTest1000(20640.678251201603d,&quot;20640.68 zł&quot;)" computerName="DESKTOP-5URQ9PB" duration="00:00:00.0000240" startTime="2022-06-13T21:13:44.9317139+02:00" endTime="2022-06-13T21:13:44.9317374+02:00" testType="13cdc9d9-ddb5-4fa4-a97d-d965ccfc6d4b" outcome="Passed" testListId="8c84fa94-04c1-424b-9868-57a2d4851a1d" relativeResultsDirectory="b761b371-6271-46e3-a990-97dad3be0140" />
    <UnitTestResult executionId="c71a0cce-019e-46bc-9276-0157d0d48254" testId="b5cd9d3c-6e7d-bae4-881c-4092ac2390ce" testName="FormatToStringTest1000(3270.286035661719d,&quot;3270.29 zł&quot;)" computerName="DESKTOP-5URQ9PB" duration="00:00:00.0000190" startTime="2022-06-13T21:13:44.9324939+02:00" endTime="2022-06-13T21:13:44.9325129+02:00" testType="13cdc9d9-ddb5-4fa4-a97d-d965ccfc6d4b" outcome="Passed" testListId="8c84fa94-04c1-424b-9868-57a2d4851a1d" relativeResultsDirectory="c71a0cce-019e-46bc-9276-0157d0d48254" />
    <UnitTestResult executionId="2d441680-fb04-4fab-89a5-e10b49dbd5b6" testId="8d3460f1-a4b4-e4c2-2d2b-85718b89d128" testName="FormatToStringTest1000(19840.47672110632d,&quot;19840.48 zł&quot;)" computerName="DESKTOP-5URQ9PB" duration="00:00:00.0000190" startTime="2022-06-13T21:13:44.9243726+02:00" endTime="2022-06-13T21:13:44.9243915+02:00" testType="13cdc9d9-ddb5-4fa4-a97d-d965ccfc6d4b" outcome="Passed" testListId="8c84fa94-04c1-424b-9868-57a2d4851a1d" relativeResultsDirectory="2d441680-fb04-4fab-89a5-e10b49dbd5b6" />
    <UnitTestResult executionId="22314d4c-413f-4f43-a56a-7cee53cbb7bc" testId="ce58807f-4456-2f1b-abea-6bcc9dcfe2eb" testName="FormatToStringTest1000(5398.2412667191775d,&quot;5398.24 zł&quot;)" computerName="DESKTOP-5URQ9PB" duration="00:00:00.0000200" startTime="2022-06-13T21:13:44.9414605+02:00" endTime="2022-06-13T21:13:44.9414799+02:00" testType="13cdc9d9-ddb5-4fa4-a97d-d965ccfc6d4b" outcome="Passed" testListId="8c84fa94-04c1-424b-9868-57a2d4851a1d" relativeResultsDirectory="22314d4c-413f-4f43-a56a-7cee53cbb7bc" />
    <UnitTestResult executionId="b299618a-0340-466f-9ff9-6ab76c280344" testId="d6efedb1-9c49-9ed3-fbe1-de90224308a3" testName="FormatToStringTest1000(4139.032615562451d,&quot;4139.03 zł&quot;)" computerName="DESKTOP-5URQ9PB" duration="00:00:00.0000190" startTime="2022-06-13T21:13:44.9373493+02:00" endTime="2022-06-13T21:13:44.9373685+02:00" testType="13cdc9d9-ddb5-4fa4-a97d-d965ccfc6d4b" outcome="Passed" testListId="8c84fa94-04c1-424b-9868-57a2d4851a1d" relativeResultsDirectory="b299618a-0340-466f-9ff9-6ab76c280344" />
    <UnitTestResult executionId="cc3fddc0-c61d-4865-a552-13c130497e8f" testId="112e422e-04b2-3ba3-ad56-a1e5d3cfbd79" testName="FormatToStringTest1000(5247.779940802501d,&quot;5247.78 zł&quot;)" computerName="DESKTOP-5URQ9PB" duration="00:00:00.0000200" startTime="2022-06-13T21:13:44.9462831+02:00" endTime="2022-06-13T21:13:44.9463029+02:00" testType="13cdc9d9-ddb5-4fa4-a97d-d965ccfc6d4b" outcome="Passed" testListId="8c84fa94-04c1-424b-9868-57a2d4851a1d" relativeResultsDirectory="cc3fddc0-c61d-4865-a552-13c130497e8f" />
    <UnitTestResult executionId="692120a3-a8c7-4a35-a092-1b04e71c6978" testId="42689aba-eefd-f694-336d-6d6d7296f289" testName="FormatToStringTest1000(41876.979471482795d,&quot;41876.98 zł&quot;)" computerName="DESKTOP-5URQ9PB" duration="00:00:00.0000190" startTime="2022-06-13T21:13:44.9211891+02:00" endTime="2022-06-13T21:13:44.9212077+02:00" testType="13cdc9d9-ddb5-4fa4-a97d-d965ccfc6d4b" outcome="Passed" testListId="8c84fa94-04c1-424b-9868-57a2d4851a1d" relativeResultsDirectory="692120a3-a8c7-4a35-a092-1b04e71c6978" />
    <UnitTestResult executionId="68241e49-03f2-4822-bc29-8779c4a9ec22" testId="92e23589-82d8-4d27-764e-fa018e45b747" testName="FormatToStringTest1000(2951.2722077329045d,&quot;2951.27 zł&quot;)" computerName="DESKTOP-5URQ9PB" duration="00:00:00.0000180" startTime="2022-06-13T21:13:44.9242478+02:00" endTime="2022-06-13T21:13:44.9242658+02:00" testType="13cdc9d9-ddb5-4fa4-a97d-d965ccfc6d4b" outcome="Passed" testListId="8c84fa94-04c1-424b-9868-57a2d4851a1d" relativeResultsDirectory="68241e49-03f2-4822-bc29-8779c4a9ec22" />
    <UnitTestResult executionId="ed4f4d98-9aa1-4be5-b12f-c735b2b819a8" testId="9ee728ab-0056-dd90-bcfe-6425ccab758e" testName="FormatToStringTest1000(67898.54481444067d,&quot;67898.54 zł&quot;)" computerName="DESKTOP-5URQ9PB" duration="00:00:00.0000190" startTime="2022-06-13T21:13:44.9235429+02:00" endTime="2022-06-13T21:13:44.9235621+02:00" testType="13cdc9d9-ddb5-4fa4-a97d-d965ccfc6d4b" outcome="Passed" testListId="8c84fa94-04c1-424b-9868-57a2d4851a1d" relativeResultsDirectory="ed4f4d98-9aa1-4be5-b12f-c735b2b819a8" />
    <UnitTestResult executionId="407e4a40-02af-4b33-978a-b29c81a1b981" testId="5bdb1fb9-c083-a878-8185-d4ef40939b65" testName="FormatToStringTest1000(1130.8119115372242d,&quot;1130.81 zł&quot;)" computerName="DESKTOP-5URQ9PB" duration="00:00:00.0000180" startTime="2022-06-13T21:13:44.9431046+02:00" endTime="2022-06-13T21:13:44.9431228+02:00" testType="13cdc9d9-ddb5-4fa4-a97d-d965ccfc6d4b" outcome="Passed" testListId="8c84fa94-04c1-424b-9868-57a2d4851a1d" relativeResultsDirectory="407e4a40-02af-4b33-978a-b29c81a1b981" />
    <UnitTestResult executionId="52a6af26-a644-40d6-b477-bcf60fce77a1" testId="1f8c3026-17e4-68c3-c899-dd2458b787d5" testName="FormatToStringTest1000(72659.37876478041d,&quot;72659.38 zł&quot;)" computerName="DESKTOP-5URQ9PB" duration="00:00:00.0000180" startTime="2022-06-13T21:13:44.9363725+02:00" endTime="2022-06-13T21:13:44.9363906+02:00" testType="13cdc9d9-ddb5-4fa4-a97d-d965ccfc6d4b" outcome="Passed" testListId="8c84fa94-04c1-424b-9868-57a2d4851a1d" relativeResultsDirectory="52a6af26-a644-40d6-b477-bcf60fce77a1" />
    <UnitTestResult executionId="56ce4625-503a-493b-84c4-b4b9adc875c9" testId="041696c1-18d1-f2dd-9a5d-5cb1c9e853ff" testName="FormatToStringTest1000(22533.17694295811d,&quot;22533.18 zł&quot;)" computerName="DESKTOP-5URQ9PB" duration="00:00:00.0000190" startTime="2022-06-13T21:13:44.9426983+02:00" endTime="2022-06-13T21:13:44.9427169+02:00" testType="13cdc9d9-ddb5-4fa4-a97d-d965ccfc6d4b" outcome="Passed" testListId="8c84fa94-04c1-424b-9868-57a2d4851a1d" relativeResultsDirectory="56ce4625-503a-493b-84c4-b4b9adc875c9" />
    <UnitTestResult executionId="a158b639-9c89-451d-ad12-0430fe109e31" testId="b41bb231-beda-2963-85d3-5ce48fa4ac9e" testName="FormatToStringTest1000(6146.91236741278d,&quot;6146.91 zł&quot;)" computerName="DESKTOP-5URQ9PB" duration="00:00:00.0000190" startTime="2022-06-13T21:13:44.9423727+02:00" endTime="2022-06-13T21:13:44.9423918+02:00" testType="13cdc9d9-ddb5-4fa4-a97d-d965ccfc6d4b" outcome="Passed" testListId="8c84fa94-04c1-424b-9868-57a2d4851a1d" relativeResultsDirectory="a158b639-9c89-451d-ad12-0430fe109e31" />
    <UnitTestResult executionId="05aa0dd5-1f98-46af-afd7-00fb60990625" testId="84106c87-4ea7-9a5a-a250-230c7c8ac9ba" testName="FormatToStringTest1000(5279.315995182524d,&quot;5279.32 zł&quot;)" computerName="DESKTOP-5URQ9PB" duration="00:00:00.0000190" startTime="2022-06-13T21:13:44.9325191+02:00" endTime="2022-06-13T21:13:44.9325377+02:00" testType="13cdc9d9-ddb5-4fa4-a97d-d965ccfc6d4b" outcome="Passed" testListId="8c84fa94-04c1-424b-9868-57a2d4851a1d" relativeResultsDirectory="05aa0dd5-1f98-46af-afd7-00fb60990625" />
    <UnitTestResult executionId="eebbf14e-41dc-4cae-a6e3-a607f1f334aa" testId="9a5250b7-62e0-de5b-0bd3-c2b7c7798ce7" testName="FormatToStringTest1000(270.1894008262033d,&quot;270.19 zł&quot;)" computerName="DESKTOP-5URQ9PB" duration="00:00:00.0000200" startTime="2022-06-13T21:13:44.9287337+02:00" endTime="2022-06-13T21:13:44.9287536+02:00" testType="13cdc9d9-ddb5-4fa4-a97d-d965ccfc6d4b" outcome="Passed" testListId="8c84fa94-04c1-424b-9868-57a2d4851a1d" relativeResultsDirectory="eebbf14e-41dc-4cae-a6e3-a607f1f334aa" />
    <UnitTestResult executionId="b508e07b-d59b-41d8-b489-88e730355cd4" testId="07f796cc-f35b-a2f3-f99a-0213c6c6aa02" testName="FormatToStringTest1000(1860.3356292016504d,&quot;1860.34 zł&quot;)" computerName="DESKTOP-5URQ9PB" duration="00:00:00.0000190" startTime="2022-06-13T21:13:44.9312101+02:00" endTime="2022-06-13T21:13:44.9312286+02:00" testType="13cdc9d9-ddb5-4fa4-a97d-d965ccfc6d4b" outcome="Passed" testListId="8c84fa94-04c1-424b-9868-57a2d4851a1d" relativeResultsDirectory="b508e07b-d59b-41d8-b489-88e730355cd4" />
    <UnitTestResult executionId="bab8ebc0-342b-4e90-b29a-5ce7e3748722" testId="b58070c8-bc7f-712e-31bb-2a11be9cfc18" testName="FormatToStringTest1000(23789.556920184546d,&quot;23789.56 zł&quot;)" computerName="DESKTOP-5URQ9PB" duration="00:00:00.0000190" startTime="2022-06-13T21:13:44.9423979+02:00" endTime="2022-06-13T21:13:44.9424166+02:00" testType="13cdc9d9-ddb5-4fa4-a97d-d965ccfc6d4b" outcome="Passed" testListId="8c84fa94-04c1-424b-9868-57a2d4851a1d" relativeResultsDirectory="bab8ebc0-342b-4e90-b29a-5ce7e3748722" />
    <UnitTestResult executionId="ce6d53c1-59e0-4961-9f0d-41847b9ad301" testId="637dad56-8638-805e-9abd-b089900557c0" testName="FormatToStringTest1000(598.1279707877561d,&quot;598.13 zł&quot;)" computerName="DESKTOP-5URQ9PB" duration="00:00:00.0000190" startTime="2022-06-13T21:13:44.9354435+02:00" endTime="2022-06-13T21:13:44.9354623+02:00" testType="13cdc9d9-ddb5-4fa4-a97d-d965ccfc6d4b" outcome="Passed" testListId="8c84fa94-04c1-424b-9868-57a2d4851a1d" relativeResultsDirectory="ce6d53c1-59e0-4961-9f0d-41847b9ad301" />
    <UnitTestResult executionId="18894ebb-09f4-4e4b-8318-f56a2866dcef" testId="29658493-3081-01dd-eb7c-6d0a97eef1f2" testName="FormatToStringTest1000(63427.55325689332d,&quot;63427.55 zł&quot;)" computerName="DESKTOP-5URQ9PB" duration="00:00:00.0000190" startTime="2022-06-13T21:13:44.9322208+02:00" endTime="2022-06-13T21:13:44.9322396+02:00" testType="13cdc9d9-ddb5-4fa4-a97d-d965ccfc6d4b" outcome="Passed" testListId="8c84fa94-04c1-424b-9868-57a2d4851a1d" relativeResultsDirectory="18894ebb-09f4-4e4b-8318-f56a2866dcef" />
    <UnitTestResult executionId="e6ea8ec2-7949-43b4-8651-60c8c1f89bbf" testId="b286589b-6f00-2211-0fe0-b6cf97d63d0a" testName="FormatToStringTest1000(40556.73452524362d,&quot;40556.73 zł&quot;)" computerName="DESKTOP-5URQ9PB" duration="00:00:00.0000190" startTime="2022-06-13T21:13:44.9292383+02:00" endTime="2022-06-13T21:13:44.9292568+02:00" testType="13cdc9d9-ddb5-4fa4-a97d-d965ccfc6d4b" outcome="Passed" testListId="8c84fa94-04c1-424b-9868-57a2d4851a1d" relativeResultsDirectory="e6ea8ec2-7949-43b4-8651-60c8c1f89bbf" />
    <UnitTestResult executionId="774185b2-8e89-4487-85f0-015f1e3b4aa3" testId="deeaa6b3-3ff5-0109-60b8-733b4bfcf2d5" testName="FormatToStringTest1000(4669.392596858271d,&quot;4669.39 zł&quot;)" computerName="DESKTOP-5URQ9PB" duration="00:00:00.0000190" startTime="2022-06-13T21:13:44.9248301+02:00" endTime="2022-06-13T21:13:44.9248490+02:00" testType="13cdc9d9-ddb5-4fa4-a97d-d965ccfc6d4b" outcome="Passed" testListId="8c84fa94-04c1-424b-9868-57a2d4851a1d" relativeResultsDirectory="774185b2-8e89-4487-85f0-015f1e3b4aa3" />
    <UnitTestResult executionId="2791ff9c-513f-4052-993f-bff9f28cb623" testId="086ce182-cb7e-9e8c-a794-52547670ad62" testName="FormatToStringTest1000(25084.19182667238d,&quot;25084.19 zł&quot;)" computerName="DESKTOP-5URQ9PB" duration="00:00:00.0000190" startTime="2022-06-13T21:13:44.9404540+02:00" endTime="2022-06-13T21:13:44.9404728+02:00" testType="13cdc9d9-ddb5-4fa4-a97d-d965ccfc6d4b" outcome="Passed" testListId="8c84fa94-04c1-424b-9868-57a2d4851a1d" relativeResultsDirectory="2791ff9c-513f-4052-993f-bff9f28cb623" />
    <UnitTestResult executionId="e79a0a4c-32c7-4463-b694-2798e2fa640f" testId="7f9e3406-835c-5c12-68cf-08b73690e2b2" testName="FormatToStringTest1000(35248.53555717996d,&quot;35248.54 zł&quot;)" computerName="DESKTOP-5URQ9PB" duration="00:00:00.0000190" startTime="2022-06-13T21:13:44.9437907+02:00" endTime="2022-06-13T21:13:44.9438092+02:00" testType="13cdc9d9-ddb5-4fa4-a97d-d965ccfc6d4b" outcome="Passed" testListId="8c84fa94-04c1-424b-9868-57a2d4851a1d" relativeResultsDirectory="e79a0a4c-32c7-4463-b694-2798e2fa640f" />
    <UnitTestResult executionId="0d315050-5e74-4a19-99b0-439d7db9a286" testId="6c604da3-7f27-8f64-ea2d-ce727d182abb" testName="FormatToStringTest1000(4823.904478896365d,&quot;4823.90 zł&quot;)" computerName="DESKTOP-5URQ9PB" duration="00:00:00.0000190" startTime="2022-06-13T21:13:44.9359497+02:00" endTime="2022-06-13T21:13:44.9359682+02:00" testType="13cdc9d9-ddb5-4fa4-a97d-d965ccfc6d4b" outcome="Passed" testListId="8c84fa94-04c1-424b-9868-57a2d4851a1d" relativeResultsDirectory="0d315050-5e74-4a19-99b0-439d7db9a286" />
    <UnitTestResult executionId="a3027ce5-698b-464f-bdc9-8a703f7d1578" testId="5fffab77-5cc8-a871-bcdb-d0b800ab8840" testName="FormatToStringTest1000(2901.9683054191846d,&quot;2901.97 zł&quot;)" computerName="DESKTOP-5URQ9PB" duration="00:00:00.0000190" startTime="2022-06-13T21:13:44.9252294+02:00" endTime="2022-06-13T21:13:44.9252478+02:00" testType="13cdc9d9-ddb5-4fa4-a97d-d965ccfc6d4b" outcome="Passed" testListId="8c84fa94-04c1-424b-9868-57a2d4851a1d" relativeResultsDirectory="a3027ce5-698b-464f-bdc9-8a703f7d1578" />
    <UnitTestResult executionId="8905bc95-b9a6-4b15-8c4c-1eada77722f3" testId="5fd56893-4697-a123-e3df-f5a8329247bd" testName="FormatToStringTest1000(21785.42157155528d,&quot;21785.42 zł&quot;)" computerName="DESKTOP-5URQ9PB" duration="00:00:00.0000190" startTime="2022-06-13T21:13:44.9394478+02:00" endTime="2022-06-13T21:13:44.9394662+02:00" testType="13cdc9d9-ddb5-4fa4-a97d-d965ccfc6d4b" outcome="Passed" testListId="8c84fa94-04c1-424b-9868-57a2d4851a1d" relativeResultsDirectory="8905bc95-b9a6-4b15-8c4c-1eada77722f3" />
    <UnitTestResult executionId="1f4539ea-22e9-45dc-b738-e51b5967eb92" testId="72f5bdbc-e270-3979-eb1f-93befbe9f9d0" testName="FormatToStringTest1000(19519.4298413505d,&quot;19519.43 zł&quot;)" computerName="DESKTOP-5URQ9PB" duration="00:00:00.0000190" startTime="2022-06-13T21:13:44.9404038+02:00" endTime="2022-06-13T21:13:44.9404229+02:00" testType="13cdc9d9-ddb5-4fa4-a97d-d965ccfc6d4b" outcome="Passed" testListId="8c84fa94-04c1-424b-9868-57a2d4851a1d" relativeResultsDirectory="1f4539ea-22e9-45dc-b738-e51b5967eb92" />
    <UnitTestResult executionId="d6362797-851d-4efa-b15f-89a1f1bc8012" testId="7c3bd97a-a125-9200-b1f2-a28a2e7a05fe" testName="FormatToStringTest1000(56802.303118930344d,&quot;56802.30 zł&quot;)" computerName="DESKTOP-5URQ9PB" duration="00:00:00.0000200" startTime="2022-06-13T21:13:44.9343480+02:00" endTime="2022-06-13T21:13:44.9343676+02:00" testType="13cdc9d9-ddb5-4fa4-a97d-d965ccfc6d4b" outcome="Passed" testListId="8c84fa94-04c1-424b-9868-57a2d4851a1d" relativeResultsDirectory="d6362797-851d-4efa-b15f-89a1f1bc8012" />
    <UnitTestResult executionId="d9c60edc-dfda-4da4-aca4-5c1abc4bce19" testId="a05c6c11-7f69-6883-58ae-614dcfca1729" testName="FormatToStringTest1000(22291.653251342315d,&quot;22291.65 zł&quot;)" computerName="DESKTOP-5URQ9PB" duration="00:00:00.0000200" startTime="2022-06-13T21:13:44.9193143+02:00" endTime="2022-06-13T21:13:44.9193340+02:00" testType="13cdc9d9-ddb5-4fa4-a97d-d965ccfc6d4b" outcome="Passed" testListId="8c84fa94-04c1-424b-9868-57a2d4851a1d" relativeResultsDirectory="d9c60edc-dfda-4da4-aca4-5c1abc4bce19" />
    <UnitTestResult executionId="a0d9cb63-fae6-48bc-bb6c-e4023df0e010" testId="7ba81b36-e120-9974-bbd1-63dae796d45c" testName="FormatToStringTest1000(40035.54711080787d,&quot;40035.55 zł&quot;)" computerName="DESKTOP-5URQ9PB" duration="00:00:00.0000190" startTime="2022-06-13T21:13:44.9248053+02:00" endTime="2022-06-13T21:13:44.9248238+02:00" testType="13cdc9d9-ddb5-4fa4-a97d-d965ccfc6d4b" outcome="Passed" testListId="8c84fa94-04c1-424b-9868-57a2d4851a1d" relativeResultsDirectory="a0d9cb63-fae6-48bc-bb6c-e4023df0e010" />
    <UnitTestResult executionId="25ef9e8f-25a6-44fa-8562-4447af1dd2c6" testId="70fae426-3482-001e-3d7c-925da7888589" testName="FormatToStringTest1000(21693.340115174808d,&quot;21693.34 zł&quot;)" computerName="DESKTOP-5URQ9PB" duration="00:00:00.0000180" startTime="2022-06-13T21:13:44.9315154+02:00" endTime="2022-06-13T21:13:44.9315337+02:00" testType="13cdc9d9-ddb5-4fa4-a97d-d965ccfc6d4b" outcome="Passed" testListId="8c84fa94-04c1-424b-9868-57a2d4851a1d" relativeResultsDirectory="25ef9e8f-25a6-44fa-8562-4447af1dd2c6" />
    <UnitTestResult executionId="fe7ff436-ca95-4387-9b16-3684e45fe4bb" testId="f2da4add-4324-6352-9afd-0fe37f754b21" testName="FormatToStringTest1000(57237.252356975456d,&quot;57237.25 zł&quot;)" computerName="DESKTOP-5URQ9PB" duration="00:00:00.0000190" startTime="2022-06-13T21:13:44.9424479+02:00" endTime="2022-06-13T21:13:44.9424668+02:00" testType="13cdc9d9-ddb5-4fa4-a97d-d965ccfc6d4b" outcome="Passed" testListId="8c84fa94-04c1-424b-9868-57a2d4851a1d" relativeResultsDirectory="fe7ff436-ca95-4387-9b16-3684e45fe4bb" />
    <UnitTestResult executionId="650e1a81-f704-4fb7-a0bb-65e2f295fe7b" testId="94072497-fa43-aca0-8f05-792ac28d0627" testName="FormatToStringTest1000(76536.95853396178d,&quot;76536.96 zł&quot;)" computerName="DESKTOP-5URQ9PB" duration="00:00:00.0000180" startTime="2022-06-13T21:13:44.9324696+02:00" endTime="2022-06-13T21:13:44.9324878+02:00" testType="13cdc9d9-ddb5-4fa4-a97d-d965ccfc6d4b" outcome="Passed" testListId="8c84fa94-04c1-424b-9868-57a2d4851a1d" relativeResultsDirectory="650e1a81-f704-4fb7-a0bb-65e2f295fe7b" />
    <UnitTestResult executionId="ada89722-8ae8-458a-9647-8084ea91c792" testId="a6e465ee-f568-61da-4158-e730cb849679" testName="FormatToStringTest1000(4121.116360678857d,&quot;4121.12 zł&quot;)" computerName="DESKTOP-5URQ9PB" duration="00:00:00.0000190" startTime="2022-06-13T21:13:44.9301179+02:00" endTime="2022-06-13T21:13:44.9301364+02:00" testType="13cdc9d9-ddb5-4fa4-a97d-d965ccfc6d4b" outcome="Passed" testListId="8c84fa94-04c1-424b-9868-57a2d4851a1d" relativeResultsDirectory="ada89722-8ae8-458a-9647-8084ea91c792" />
    <UnitTestResult executionId="b5069cf7-3eee-499a-ad3e-98601d4e67d4" testId="d84ea56f-1773-91fe-6056-1fcd6ce44e0e" testName="FormatToStringTest1000(23662.291816162084d,&quot;23662.29 zł&quot;)" computerName="DESKTOP-5URQ9PB" duration="00:00:00.0000200" startTime="2022-06-13T21:13:44.9406295+02:00" endTime="2022-06-13T21:13:44.9406488+02:00" testType="13cdc9d9-ddb5-4fa4-a97d-d965ccfc6d4b" outcome="Passed" testListId="8c84fa94-04c1-424b-9868-57a2d4851a1d" relativeResultsDirectory="b5069cf7-3eee-499a-ad3e-98601d4e67d4" />
    <UnitTestResult executionId="87eed4cb-a251-41d5-a2e8-51a4de840c44" testId="e24a4a8b-d823-3179-90dd-34c590157361" testName="FormatToStringTest1000(2039.440966411699d,&quot;2039.44 zł&quot;)" computerName="DESKTOP-5URQ9PB" duration="00:00:00.0000180" startTime="2022-06-13T21:13:44.9243483+02:00" endTime="2022-06-13T21:13:44.9243664+02:00" testType="13cdc9d9-ddb5-4fa4-a97d-d965ccfc6d4b" outcome="Passed" testListId="8c84fa94-04c1-424b-9868-57a2d4851a1d" relativeResultsDirectory="87eed4cb-a251-41d5-a2e8-51a4de840c44" />
    <UnitTestResult executionId="5b58f19d-046f-4d67-a034-78474b85feb3" testId="685e65c6-c415-f45e-d0fc-3f95f4859375" testName="FormatToStringTest1000(2992.6161168593057d,&quot;2992.62 zł&quot;)" computerName="DESKTOP-5URQ9PB" duration="00:00:00.0000190" startTime="2022-06-13T21:13:44.9391700+02:00" endTime="2022-06-13T21:13:44.9391886+02:00" testType="13cdc9d9-ddb5-4fa4-a97d-d965ccfc6d4b" outcome="Passed" testListId="8c84fa94-04c1-424b-9868-57a2d4851a1d" relativeResultsDirectory="5b58f19d-046f-4d67-a034-78474b85feb3" />
    <UnitTestResult executionId="da0b6b5c-8721-4ae1-a7cf-67849e63e14e" testId="0ffbfc26-0b88-0610-8454-a3e10982707b" testName="FormatToStringTest1000(41368.29672956015d,&quot;41368.30 zł&quot;)" computerName="DESKTOP-5URQ9PB" duration="00:00:00.0000190" startTime="2022-06-13T21:13:44.9246243+02:00" endTime="2022-06-13T21:13:44.9246433+02:00" testType="13cdc9d9-ddb5-4fa4-a97d-d965ccfc6d4b" outcome="Passed" testListId="8c84fa94-04c1-424b-9868-57a2d4851a1d" relativeResultsDirectory="da0b6b5c-8721-4ae1-a7cf-67849e63e14e" />
    <UnitTestResult executionId="e5a06de5-0bdc-44be-bf78-7b905e8779c9" testId="b2a12e1f-5796-ca8b-404b-61553a46fbc5" testName="FormatToStringTest1000(1187.8237780126854d,&quot;1187.82 zł&quot;)" computerName="DESKTOP-5URQ9PB" duration="00:00:00.0000190" startTime="2022-06-13T21:13:44.9388690+02:00" endTime="2022-06-13T21:13:44.9388873+02:00" testType="13cdc9d9-ddb5-4fa4-a97d-d965ccfc6d4b" outcome="Passed" testListId="8c84fa94-04c1-424b-9868-57a2d4851a1d" relativeResultsDirectory="e5a06de5-0bdc-44be-bf78-7b905e8779c9" />
    <UnitTestResult executionId="fcd92aba-5f99-4c20-8773-40e9da2f3397" testId="a72152f5-7a61-c574-c2ee-c9a3ca6ccab7" testName="FormatToStringTest1000(22831.975917587977d,&quot;22831.98 zł&quot;)" computerName="DESKTOP-5URQ9PB" duration="00:00:00.0000190" startTime="2022-06-13T21:13:44.9320446+02:00" endTime="2022-06-13T21:13:44.9320630+02:00" testType="13cdc9d9-ddb5-4fa4-a97d-d965ccfc6d4b" outcome="Passed" testListId="8c84fa94-04c1-424b-9868-57a2d4851a1d" relativeResultsDirectory="fcd92aba-5f99-4c20-8773-40e9da2f3397" />
    <UnitTestResult executionId="62a70879-8a8b-44e9-a81a-d905d4c1548c" testId="74c0130b-d063-4d59-6d84-18416c8beb4f" testName="FormatToStringTest1000(32262.93788198984d,&quot;32262.94 zł&quot;)" computerName="DESKTOP-5URQ9PB" duration="00:00:00.0000190" startTime="2022-06-13T21:13:44.9330946+02:00" endTime="2022-06-13T21:13:44.9331138+02:00" testType="13cdc9d9-ddb5-4fa4-a97d-d965ccfc6d4b" outcome="Passed" testListId="8c84fa94-04c1-424b-9868-57a2d4851a1d" relativeResultsDirectory="62a70879-8a8b-44e9-a81a-d905d4c1548c" />
    <UnitTestResult executionId="b06daf04-7481-4a15-ba8e-883b1bd33da7" testId="13d2b3bb-af6c-2786-7b3d-1db93b9fedf2" testName="FormatToStringTest1000(8514.837538072763d,&quot;8514.84 zł&quot;)" computerName="DESKTOP-5URQ9PB" duration="00:00:00.0000190" startTime="2022-06-13T21:13:44.9432805+02:00" endTime="2022-06-13T21:13:44.9432989+02:00" testType="13cdc9d9-ddb5-4fa4-a97d-d965ccfc6d4b" outcome="Passed" testListId="8c84fa94-04c1-424b-9868-57a2d4851a1d" relativeResultsDirectory="b06daf04-7481-4a15-ba8e-883b1bd33da7" />
    <UnitTestResult executionId="001e1dc5-8257-4f1f-98f3-d1d34d79df24" testId="5012f64d-f81c-363a-9c3b-b389d7a1051b" testName="FormatToStringTest1000(25440.18371476614d,&quot;25440.18 zł&quot;)" computerName="DESKTOP-5URQ9PB" duration="00:00:00.0000190" startTime="2022-06-13T21:13:44.9244970+02:00" endTime="2022-06-13T21:13:44.9245161+02:00" testType="13cdc9d9-ddb5-4fa4-a97d-d965ccfc6d4b" outcome="Passed" testListId="8c84fa94-04c1-424b-9868-57a2d4851a1d" relativeResultsDirectory="001e1dc5-8257-4f1f-98f3-d1d34d79df24" />
    <UnitTestResult executionId="86769374-77f6-4181-90b7-65b7e8d30b6e" testId="84912826-9a40-9d59-76ff-2b9288e04c5b" testName="FormatToStringTest1000(15313.083673952653d,&quot;15313.08 zł&quot;)" computerName="DESKTOP-5URQ9PB" duration="00:00:00.0000190" startTime="2022-06-13T21:13:44.9279269+02:00" endTime="2022-06-13T21:13:44.9279453+02:00" testType="13cdc9d9-ddb5-4fa4-a97d-d965ccfc6d4b" outcome="Passed" testListId="8c84fa94-04c1-424b-9868-57a2d4851a1d" relativeResultsDirectory="86769374-77f6-4181-90b7-65b7e8d30b6e" />
    <UnitTestResult executionId="11bbfb38-b8b8-46c1-85f3-c308bcbc9374" testId="39003167-8a78-92df-7e4f-41dcd0888168" testName="FormatToStringTest1000(37589.670531794276d,&quot;37589.67 zł&quot;)" computerName="DESKTOP-5URQ9PB" duration="00:00:00.0000190" startTime="2022-06-13T21:13:44.9194669+02:00" endTime="2022-06-13T21:13:44.9194858+02:00" testType="13cdc9d9-ddb5-4fa4-a97d-d965ccfc6d4b" outcome="Passed" testListId="8c84fa94-04c1-424b-9868-57a2d4851a1d" relativeResultsDirectory="11bbfb38-b8b8-46c1-85f3-c308bcbc9374" />
    <UnitTestResult executionId="353fb9f9-7b9d-4ba9-aa01-1d2f2586fc8a" testId="8d93f248-c3e9-e97f-b3e2-6491b331020f" testName="FormatToStringTest1000(29474.095826699442d,&quot;29474.10 zł&quot;)" computerName="DESKTOP-5URQ9PB" duration="00:00:00.0000190" startTime="2022-06-13T21:13:44.9427542+02:00" endTime="2022-06-13T21:13:44.9427728+02:00" testType="13cdc9d9-ddb5-4fa4-a97d-d965ccfc6d4b" outcome="Passed" testListId="8c84fa94-04c1-424b-9868-57a2d4851a1d" relativeResultsDirectory="353fb9f9-7b9d-4ba9-aa01-1d2f2586fc8a" />
    <UnitTestResult executionId="2aa23001-1969-485a-a985-e115f6ca9a6a" testId="891c0d76-e64c-f414-ec6a-1381d76267bf" testName="FormatToStringTest1000(67380.07704875062d,&quot;67380.08 zł&quot;)" computerName="DESKTOP-5URQ9PB" duration="00:00:00.0000240" startTime="2022-06-13T21:13:44.9267112+02:00" endTime="2022-06-13T21:13:44.9267345+02:00" testType="13cdc9d9-ddb5-4fa4-a97d-d965ccfc6d4b" outcome="Passed" testListId="8c84fa94-04c1-424b-9868-57a2d4851a1d" relativeResultsDirectory="2aa23001-1969-485a-a985-e115f6ca9a6a" />
    <UnitTestResult executionId="7a7d04ca-2c64-4142-8aa9-9e29b2eff061" testId="19843874-c731-8a36-a21a-27e85d4f5a57" testName="FormatToStringTest1000(20012.898273490322d,&quot;20012.90 zł&quot;)" computerName="DESKTOP-5URQ9PB" duration="00:00:00.0000200" startTime="2022-06-13T21:13:44.9256555+02:00" endTime="2022-06-13T21:13:44.9256750+02:00" testType="13cdc9d9-ddb5-4fa4-a97d-d965ccfc6d4b" outcome="Passed" testListId="8c84fa94-04c1-424b-9868-57a2d4851a1d" relativeResultsDirectory="7a7d04ca-2c64-4142-8aa9-9e29b2eff061" />
    <UnitTestResult executionId="19d8d72d-52d8-4ce5-b0bc-bf5cebde65f6" testId="026ac8cf-e708-7f65-282f-a4f25298f17b" testName="FormatToStringTest1000(54088.326214851964d,&quot;54088.33 zł&quot;)" computerName="DESKTOP-5URQ9PB" duration="00:00:00.0000200" startTime="2022-06-13T21:13:44.9225411+02:00" endTime="2022-06-13T21:13:44.9225605+02:00" testType="13cdc9d9-ddb5-4fa4-a97d-d965ccfc6d4b" outcome="Passed" testListId="8c84fa94-04c1-424b-9868-57a2d4851a1d" relativeResultsDirectory="19d8d72d-52d8-4ce5-b0bc-bf5cebde65f6" />
    <UnitTestResult executionId="c18382ac-9e39-4e77-9d66-dc994c5d3471" testId="615860d1-0b9e-6fa5-7fc7-61ac89388548" testName="FormatToStringTest1000(73477.18206926118d,&quot;73477.18 zł&quot;)" computerName="DESKTOP-5URQ9PB" duration="00:00:00.0000180" startTime="2022-06-13T21:13:44.9293634+02:00" endTime="2022-06-13T21:13:44.9293817+02:00" testType="13cdc9d9-ddb5-4fa4-a97d-d965ccfc6d4b" outcome="Passed" testListId="8c84fa94-04c1-424b-9868-57a2d4851a1d" relativeResultsDirectory="c18382ac-9e39-4e77-9d66-dc994c5d3471" />
    <UnitTestResult executionId="39f60d48-0590-4e0c-a4db-c7888c4b8f0b" testId="60e1884b-abd9-92c1-f58c-08f7b4b4de40" testName="FormatToStringTest1000(29926.595417457444d,&quot;29926.60 zł&quot;)" computerName="DESKTOP-5URQ9PB" duration="00:00:00.0000190" startTime="2022-06-13T21:13:44.9374001+02:00" endTime="2022-06-13T21:13:44.9374194+02:00" testType="13cdc9d9-ddb5-4fa4-a97d-d965ccfc6d4b" outcome="Passed" testListId="8c84fa94-04c1-424b-9868-57a2d4851a1d" relativeResultsDirectory="39f60d48-0590-4e0c-a4db-c7888c4b8f0b" />
    <UnitTestResult executionId="00aba0a3-83e3-4030-b03b-900c01ef7310" testId="f6e6ea6a-a253-8185-3a92-d6751c76c436" testName="FormatToStringTest1000(45445.182098106096d,&quot;45445.18 zł&quot;)" computerName="DESKTOP-5URQ9PB" duration="00:00:00.0000190" startTime="2022-06-13T21:13:44.9268920+02:00" endTime="2022-06-13T21:13:44.9269105+02:00" testType="13cdc9d9-ddb5-4fa4-a97d-d965ccfc6d4b" outcome="Passed" testListId="8c84fa94-04c1-424b-9868-57a2d4851a1d" relativeResultsDirectory="00aba0a3-83e3-4030-b03b-900c01ef7310" />
    <UnitTestResult executionId="e90d881e-1b5c-47f3-ade5-1436fdd67e48" testId="13cdf8fd-2721-e597-055e-a54097abf685" testName="FormatToStringTest1000(48428.38681602682d,&quot;48428.39 zł&quot;)" computerName="DESKTOP-5URQ9PB" duration="00:00:00.0000190" startTime="2022-06-13T21:13:44.9263844+02:00" endTime="2022-06-13T21:13:44.9264033+02:00" testType="13cdc9d9-ddb5-4fa4-a97d-d965ccfc6d4b" outcome="Passed" testListId="8c84fa94-04c1-424b-9868-57a2d4851a1d" relativeResultsDirectory="e90d881e-1b5c-47f3-ade5-1436fdd67e48" />
    <UnitTestResult executionId="0ab4b8cc-c574-445a-b84e-bfd2fc004425" testId="c39afc72-aad4-5709-e4a1-73293872a305" testName="FormatToStringTest1000(51529.79033960206d,&quot;51529.79 zł&quot;)" computerName="DESKTOP-5URQ9PB" duration="00:00:00.0000180" startTime="2022-06-13T21:13:44.9417958+02:00" endTime="2022-06-13T21:13:44.9418140+02:00" testType="13cdc9d9-ddb5-4fa4-a97d-d965ccfc6d4b" outcome="Passed" testListId="8c84fa94-04c1-424b-9868-57a2d4851a1d" relativeResultsDirectory="0ab4b8cc-c574-445a-b84e-bfd2fc004425" />
    <UnitTestResult executionId="8326249f-3832-4e79-9eba-218da82b5b53" testId="bb69a9ef-0ed6-4747-9681-639ad78f5540" testName="FormatToStringTest1000(34145.534199603615d,&quot;34145.53 zł&quot;)" computerName="DESKTOP-5URQ9PB" duration="00:00:00.0000190" startTime="2022-06-13T21:13:44.9361980+02:00" endTime="2022-06-13T21:13:44.9362163+02:00" testType="13cdc9d9-ddb5-4fa4-a97d-d965ccfc6d4b" outcome="Passed" testListId="8c84fa94-04c1-424b-9868-57a2d4851a1d" relativeResultsDirectory="8326249f-3832-4e79-9eba-218da82b5b53" />
    <UnitTestResult executionId="36262a24-0205-41ef-a6ce-9e72893f8188" testId="f49abb46-6157-b05f-1fad-c8a20a256f62" testName="FormatToStringTest1000(1687.6029180025694d,&quot;1687.60 zł&quot;)" computerName="DESKTOP-5URQ9PB" duration="00:00:00.0000190" startTime="2022-06-13T21:13:44.9257060+02:00" endTime="2022-06-13T21:13:44.9257244+02:00" testType="13cdc9d9-ddb5-4fa4-a97d-d965ccfc6d4b" outcome="Passed" testListId="8c84fa94-04c1-424b-9868-57a2d4851a1d" relativeResultsDirectory="36262a24-0205-41ef-a6ce-9e72893f8188" />
    <UnitTestResult executionId="c984f2f9-6741-4aed-89fb-bfce6d85b19c" testId="e919c93b-2878-e388-877b-68a9f48cc9b1" testName="FormatToStringTest1000(14719.97001409762d,&quot;14719.97 zł&quot;)" computerName="DESKTOP-5URQ9PB" duration="00:00:00.0000190" startTime="2022-06-13T21:13:44.9234927+02:00" endTime="2022-06-13T21:13:44.9235120+02:00" testType="13cdc9d9-ddb5-4fa4-a97d-d965ccfc6d4b" outcome="Passed" testListId="8c84fa94-04c1-424b-9868-57a2d4851a1d" relativeResultsDirectory="c984f2f9-6741-4aed-89fb-bfce6d85b19c" />
    <UnitTestResult executionId="d1826de0-bfe9-40c6-9e86-7306127005fb" testId="08b0137c-0bdc-e87f-be30-d8edbdf991c1" testName="FormatToStringTest1000(5507.360659962688d,&quot;5507.36 zł&quot;)" computerName="DESKTOP-5URQ9PB" duration="00:00:00.0000200" startTime="2022-06-13T21:13:44.9421216+02:00" endTime="2022-06-13T21:13:44.9421411+02:00" testType="13cdc9d9-ddb5-4fa4-a97d-d965ccfc6d4b" outcome="Passed" testListId="8c84fa94-04c1-424b-9868-57a2d4851a1d" relativeResultsDirectory="d1826de0-bfe9-40c6-9e86-7306127005fb" />
    <UnitTestResult executionId="9e160ede-6b28-4f87-be43-a029fdb837e4" testId="c0986095-fb5a-1e8a-a8d8-e6dfbaed61c5" testName="FormatToStringTest1000(15742.409864349947d,&quot;15742.41 zł&quot;)" computerName="DESKTOP-5URQ9PB" duration="00:00:00.0000190" startTime="2022-06-13T21:13:44.9332193+02:00" endTime="2022-06-13T21:13:44.9332384+02:00" testType="13cdc9d9-ddb5-4fa4-a97d-d965ccfc6d4b" outcome="Passed" testListId="8c84fa94-04c1-424b-9868-57a2d4851a1d" relativeResultsDirectory="9e160ede-6b28-4f87-be43-a029fdb837e4" />
    <UnitTestResult executionId="125b3550-ab50-4357-ab76-55d6d762a041" testId="aef8a2f1-8212-2e61-b82d-81a49d106670" testName="FormatToStringTest1000(47437.74370917619d,&quot;47437.74 zł&quot;)" computerName="DESKTOP-5URQ9PB" duration="00:00:00.0000190" startTime="2022-06-13T21:13:44.9423481+02:00" endTime="2022-06-13T21:13:44.9423666+02:00" testType="13cdc9d9-ddb5-4fa4-a97d-d965ccfc6d4b" outcome="Passed" testListId="8c84fa94-04c1-424b-9868-57a2d4851a1d" relativeResultsDirectory="125b3550-ab50-4357-ab76-55d6d762a041" />
    <UnitTestResult executionId="eed3dea8-7d5c-474d-977d-04d5641b0894" testId="55be0839-9d5f-302a-bfcf-f7926cef9841" testName="FormatToStringTest1000(4715.320654313695d,&quot;4715.32 zł&quot;)" computerName="DESKTOP-5URQ9PB" duration="00:00:00.0000190" startTime="2022-06-13T21:13:44.9335933+02:00" endTime="2022-06-13T21:13:44.9336116+02:00" testType="13cdc9d9-ddb5-4fa4-a97d-d965ccfc6d4b" outcome="Passed" testListId="8c84fa94-04c1-424b-9868-57a2d4851a1d" relativeResultsDirectory="eed3dea8-7d5c-474d-977d-04d5641b0894" />
    <UnitTestResult executionId="85f41ab4-df5c-4b6d-bdc9-8a8c7d1dd853" testId="7d53e131-e454-48a3-7f61-9c807826acb2" testName="FormatToStringTest1000(13503.943645929892d,&quot;13503.94 zł&quot;)" computerName="DESKTOP-5URQ9PB" duration="00:00:00.0000190" startTime="2022-06-13T21:13:44.9214403+02:00" endTime="2022-06-13T21:13:44.9214592+02:00" testType="13cdc9d9-ddb5-4fa4-a97d-d965ccfc6d4b" outcome="Passed" testListId="8c84fa94-04c1-424b-9868-57a2d4851a1d" relativeResultsDirectory="85f41ab4-df5c-4b6d-bdc9-8a8c7d1dd853" />
    <UnitTestResult executionId="1abbcf64-57bd-473a-b242-e4c1477fd2d4" testId="3fdf9576-9d1e-7734-64c7-98030c7feb4a" testName="FormatToStringTest1000(10461.455048841171d,&quot;10461.46 zł&quot;)" computerName="DESKTOP-5URQ9PB" duration="00:00:00.0000190" startTime="2022-06-13T21:13:44.9280015+02:00" endTime="2022-06-13T21:13:44.9280204+02:00" testType="13cdc9d9-ddb5-4fa4-a97d-d965ccfc6d4b" outcome="Passed" testListId="8c84fa94-04c1-424b-9868-57a2d4851a1d" relativeResultsDirectory="1abbcf64-57bd-473a-b242-e4c1477fd2d4" />
    <UnitTestResult executionId="e298ba0c-2742-48c4-a1d7-e5c641597aa5" testId="bde33f3c-8432-543f-ee46-b13606db09db" testName="FormatToStringTest1000(4539.210371735137d,&quot;4539.21 zł&quot;)" computerName="DESKTOP-5URQ9PB" duration="00:00:00.0000250" startTime="2022-06-13T21:13:44.9397212+02:00" endTime="2022-06-13T21:13:44.9397456+02:00" testType="13cdc9d9-ddb5-4fa4-a97d-d965ccfc6d4b" outcome="Passed" testListId="8c84fa94-04c1-424b-9868-57a2d4851a1d" relativeResultsDirectory="e298ba0c-2742-48c4-a1d7-e5c641597aa5" />
    <UnitTestResult executionId="e48cc5e6-910c-4f5b-8aaf-19bfb7fc3e11" testId="314b7968-8280-3c06-cc8d-95ee97af36dd" testName="FormatToStringTest1000(1898.24149096489d,&quot;1898.24 zł&quot;)" computerName="DESKTOP-5URQ9PB" duration="00:00:00.0000190" startTime="2022-06-13T21:13:44.9374256+02:00" endTime="2022-06-13T21:13:44.9374442+02:00" testType="13cdc9d9-ddb5-4fa4-a97d-d965ccfc6d4b" outcome="Passed" testListId="8c84fa94-04c1-424b-9868-57a2d4851a1d" relativeResultsDirectory="e48cc5e6-910c-4f5b-8aaf-19bfb7fc3e11" />
    <UnitTestResult executionId="6c292ad7-22d3-42b0-a52d-6e250ee27915" testId="910d4b99-463d-e8f2-2603-a8f7093fc7cf" testName="FormatToStringTest1000(4592.278577496428d,&quot;4592.28 zł&quot;)" computerName="DESKTOP-5URQ9PB" duration="00:00:00.0000200" startTime="2022-06-13T21:13:44.9377586+02:00" endTime="2022-06-13T21:13:44.9377787+02:00" testType="13cdc9d9-ddb5-4fa4-a97d-d965ccfc6d4b" outcome="Passed" testListId="8c84fa94-04c1-424b-9868-57a2d4851a1d" relativeResultsDirectory="6c292ad7-22d3-42b0-a52d-6e250ee27915" />
    <UnitTestResult executionId="c3df6fac-0764-494e-b7c3-dd2a172de49d" testId="f9c4ace8-7c88-3dcb-8c8b-9f280e8b25b8" testName="FormatToStringTest1000(5870.791169434223d,&quot;5870.79 zł&quot;)" computerName="DESKTOP-5URQ9PB" duration="00:00:00.0000180" startTime="2022-06-13T21:13:44.9288104+02:00" endTime="2022-06-13T21:13:44.9288287+02:00" testType="13cdc9d9-ddb5-4fa4-a97d-d965ccfc6d4b" outcome="Passed" testListId="8c84fa94-04c1-424b-9868-57a2d4851a1d" relativeResultsDirectory="c3df6fac-0764-494e-b7c3-dd2a172de49d" />
    <UnitTestResult executionId="990a9e2f-c6d7-438c-b5d7-fb770ff922c9" testId="d00dfd16-6967-b6b7-0f2f-9403bdf758f6" testName="FormatToStringTest1000(86.89546322771136d,&quot;86.90 zł&quot;)" computerName="DESKTOP-5URQ9PB" duration="00:00:00.0000200" startTime="2022-06-13T21:13:44.9196242+02:00" endTime="2022-06-13T21:13:44.9196438+02:00" testType="13cdc9d9-ddb5-4fa4-a97d-d965ccfc6d4b" outcome="Passed" testListId="8c84fa94-04c1-424b-9868-57a2d4851a1d" relativeResultsDirectory="990a9e2f-c6d7-438c-b5d7-fb770ff922c9" />
    <UnitTestResult executionId="40987fdb-ce90-4726-a9f3-e71dae219d8d" testId="bc811ad8-c7b9-9df7-0d3d-56b12c4539e2" testName="FormatToStringTest1000(2897.9775426620513d,&quot;2897.98 zł&quot;)" computerName="DESKTOP-5URQ9PB" duration="00:00:00.0000190" startTime="2022-06-13T21:13:44.9373230+02:00" endTime="2022-06-13T21:13:44.9373420+02:00" testType="13cdc9d9-ddb5-4fa4-a97d-d965ccfc6d4b" outcome="Passed" testListId="8c84fa94-04c1-424b-9868-57a2d4851a1d" relativeResultsDirectory="40987fdb-ce90-4726-a9f3-e71dae219d8d" />
    <UnitTestResult executionId="497f5b64-e736-4b26-982d-ef3de0864b17" testId="ceb7f684-931d-5c6c-b7df-e9079ac9afdf" testName="FormatToStringTest1000(84686.32148464039d,&quot;84686.32 zł&quot;)" computerName="DESKTOP-5URQ9PB" duration="00:00:00.0000190" startTime="2022-06-13T21:13:44.9303432+02:00" endTime="2022-06-13T21:13:44.9303617+02:00" testType="13cdc9d9-ddb5-4fa4-a97d-d965ccfc6d4b" outcome="Passed" testListId="8c84fa94-04c1-424b-9868-57a2d4851a1d" relativeResultsDirectory="497f5b64-e736-4b26-982d-ef3de0864b17" />
    <UnitTestResult executionId="31e0152d-c74c-4e10-bc86-c78d9c24f797" testId="ba5b40c3-7100-1940-87d5-9af986ffebd2" testName="FormatToStringTest1000(9196.579612724754d,&quot;9196.58 zł&quot;)" computerName="DESKTOP-5URQ9PB" duration="00:00:00.0000190" startTime="2022-06-13T21:13:44.9326933+02:00" endTime="2022-06-13T21:13:44.9327118+02:00" testType="13cdc9d9-ddb5-4fa4-a97d-d965ccfc6d4b" outcome="Passed" testListId="8c84fa94-04c1-424b-9868-57a2d4851a1d" relativeResultsDirectory="31e0152d-c74c-4e10-bc86-c78d9c24f797" />
    <UnitTestResult executionId="b0bab340-8f53-4016-95d9-19fe06c1ec7f" testId="b9452443-27e0-9ab0-1723-70a405c1b43f" testName="FormatToStringTest1000(1741.3334432818617d,&quot;1741.33 zł&quot;)" computerName="DESKTOP-5URQ9PB" duration="00:00:00.0000180" startTime="2022-06-13T21:13:44.9203364+02:00" endTime="2022-06-13T21:13:44.9203547+02:00" testType="13cdc9d9-ddb5-4fa4-a97d-d965ccfc6d4b" outcome="Passed" testListId="8c84fa94-04c1-424b-9868-57a2d4851a1d" relativeResultsDirectory="b0bab340-8f53-4016-95d9-19fe06c1ec7f" />
    <UnitTestResult executionId="eb05f875-59cb-481d-80cb-73165f9a63fc" testId="05474d60-4c0c-5e35-b4fc-2df26a361c4d" testName="FormatToStringTest1000(480.2082316857801d,&quot;480.21 zł&quot;)" computerName="DESKTOP-5URQ9PB" duration="00:00:00.0000190" startTime="2022-06-13T21:13:44.9217464+02:00" endTime="2022-06-13T21:13:44.9217653+02:00" testType="13cdc9d9-ddb5-4fa4-a97d-d965ccfc6d4b" outcome="Passed" testListId="8c84fa94-04c1-424b-9868-57a2d4851a1d" relativeResultsDirectory="eb05f875-59cb-481d-80cb-73165f9a63fc" />
    <UnitTestResult executionId="1e89c4b6-9619-432f-a01a-2b45b33b98bf" testId="0be37416-8f8e-24dd-296a-86593af9af2f" testName="FormatToStringTest1000(36211.11038300866d,&quot;36211.11 zł&quot;)" computerName="DESKTOP-5URQ9PB" duration="00:00:00.0000200" startTime="2022-06-13T21:13:44.9380634+02:00" endTime="2022-06-13T21:13:44.9380828+02:00" testType="13cdc9d9-ddb5-4fa4-a97d-d965ccfc6d4b" outcome="Passed" testListId="8c84fa94-04c1-424b-9868-57a2d4851a1d" relativeResultsDirectory="1e89c4b6-9619-432f-a01a-2b45b33b98bf" />
    <UnitTestResult executionId="4fce4e04-dc36-42e5-b449-6524445b3af3" testId="adc5ef62-1184-5cc3-ec81-b0b338d88e48" testName="FormatToStringTest1000(3799.9216302064815d,&quot;3799.92 zł&quot;)" computerName="DESKTOP-5URQ9PB" duration="00:00:00.0000190" startTime="2022-06-13T21:13:44.9274434+02:00" endTime="2022-06-13T21:13:44.9274619+02:00" testType="13cdc9d9-ddb5-4fa4-a97d-d965ccfc6d4b" outcome="Passed" testListId="8c84fa94-04c1-424b-9868-57a2d4851a1d" relativeResultsDirectory="4fce4e04-dc36-42e5-b449-6524445b3af3" />
    <UnitTestResult executionId="1a4a45a7-50d6-4e94-9639-cc3cf55bc82c" testId="ccf96e16-5dc0-3f30-2892-511f78cf3dfc" testName="FormatToStringTest1000(14100.01255469211d,&quot;14100.01 zł&quot;)" computerName="DESKTOP-5URQ9PB" duration="00:00:00.0000180" startTime="2022-06-13T21:13:44.9234441+02:00" endTime="2022-06-13T21:13:44.9234624+02:00" testType="13cdc9d9-ddb5-4fa4-a97d-d965ccfc6d4b" outcome="Passed" testListId="8c84fa94-04c1-424b-9868-57a2d4851a1d" relativeResultsDirectory="1a4a45a7-50d6-4e94-9639-cc3cf55bc82c" />
    <UnitTestResult executionId="95c5955f-21e8-4b1b-8037-8ca04d96b902" testId="cf776b29-1018-5167-38d5-0aac7593edc5" testName="FormatToStringTest1000(45035.160883881224d,&quot;45035.16 zł&quot;)" computerName="DESKTOP-5URQ9PB" duration="00:00:00.0000180" startTime="2022-06-13T21:13:44.9200635+02:00" endTime="2022-06-13T21:13:44.9200817+02:00" testType="13cdc9d9-ddb5-4fa4-a97d-d965ccfc6d4b" outcome="Passed" testListId="8c84fa94-04c1-424b-9868-57a2d4851a1d" relativeResultsDirectory="95c5955f-21e8-4b1b-8037-8ca04d96b902" />
    <UnitTestResult executionId="44cbc99d-87a0-4887-9685-b9076ce27fe3" testId="9c16a4f2-9784-74bb-775d-5911328260bf" testName="FormatToStringTest1000(13568.230982493717d,&quot;13568.23 zł&quot;)" computerName="DESKTOP-5URQ9PB" duration="00:00:00.0000190" startTime="2022-06-13T21:13:44.9329214+02:00" endTime="2022-06-13T21:13:44.9329405+02:00" testType="13cdc9d9-ddb5-4fa4-a97d-d965ccfc6d4b" outcome="Passed" testListId="8c84fa94-04c1-424b-9868-57a2d4851a1d" relativeResultsDirectory="44cbc99d-87a0-4887-9685-b9076ce27fe3" />
    <UnitTestResult executionId="fb817421-c602-43dc-8c5f-a90aa60495ce" testId="cb302138-e270-3017-57fb-1fe538b37f25" testName="FormatToStringTest1000(14910.573044539697d,&quot;14910.57 zł&quot;)" computerName="DESKTOP-5URQ9PB" duration="00:00:00.0000200" startTime="2022-06-13T21:13:44.9463339+02:00" endTime="2022-06-13T21:13:44.9463532+02:00" testType="13cdc9d9-ddb5-4fa4-a97d-d965ccfc6d4b" outcome="Passed" testListId="8c84fa94-04c1-424b-9868-57a2d4851a1d" relativeResultsDirectory="fb817421-c602-43dc-8c5f-a90aa60495ce" />
    <UnitTestResult executionId="0e0ef2cc-51c9-443f-9798-261ae775979a" testId="fecd618d-f97f-f547-1637-5166bd092d76" testName="FormatToStringTest1000(1613.6903705837626d,&quot;1613.69 zł&quot;)" computerName="DESKTOP-5URQ9PB" duration="00:00:00.0000190" startTime="2022-06-13T21:13:44.9313109+02:00" endTime="2022-06-13T21:13:44.9313294+02:00" testType="13cdc9d9-ddb5-4fa4-a97d-d965ccfc6d4b" outcome="Passed" testListId="8c84fa94-04c1-424b-9868-57a2d4851a1d" relativeResultsDirectory="0e0ef2cc-51c9-443f-9798-261ae775979a" />
    <UnitTestResult executionId="7fa7a53b-6e54-4ad7-a7f1-fff6fc08d1ec" testId="b079a5c8-df38-5909-534e-204d0d33ecf8" testName="FormatToStringTest1000(23684.695462791573d,&quot;23684.70 zł&quot;)" computerName="DESKTOP-5URQ9PB" duration="00:00:00.0000190" startTime="2022-06-13T21:13:44.9357758+02:00" endTime="2022-06-13T21:13:44.9357947+02:00" testType="13cdc9d9-ddb5-4fa4-a97d-d965ccfc6d4b" outcome="Passed" testListId="8c84fa94-04c1-424b-9868-57a2d4851a1d" relativeResultsDirectory="7fa7a53b-6e54-4ad7-a7f1-fff6fc08d1ec" />
    <UnitTestResult executionId="30ceebd1-f1b5-49f6-8ed1-591e55bc04ed" testId="d5f63a3d-0bec-c5aa-6fdf-b4d0492c062a" testName="FormatToStringTest1000(11022.594234092438d,&quot;11022.59 zł&quot;)" computerName="DESKTOP-5URQ9PB" duration="00:00:00.0000190" startTime="2022-06-13T21:13:44.9278771+02:00" endTime="2022-06-13T21:13:44.9278960+02:00" testType="13cdc9d9-ddb5-4fa4-a97d-d965ccfc6d4b" outcome="Passed" testListId="8c84fa94-04c1-424b-9868-57a2d4851a1d" relativeResultsDirectory="30ceebd1-f1b5-49f6-8ed1-591e55bc04ed" />
    <UnitTestResult executionId="4b656077-c5db-415c-bb8b-376045bfa395" testId="49538287-c6a8-9cce-5150-35176d68e7fe" testName="FormatToStringTest1000(25908.345463821825d,&quot;25908.35 zł&quot;)" computerName="DESKTOP-5URQ9PB" duration="00:00:00.0000190" startTime="2022-06-13T21:13:44.9358757+02:00" endTime="2022-06-13T21:13:44.9358941+02:00" testType="13cdc9d9-ddb5-4fa4-a97d-d965ccfc6d4b" outcome="Passed" testListId="8c84fa94-04c1-424b-9868-57a2d4851a1d" relativeResultsDirectory="4b656077-c5db-415c-bb8b-376045bfa395" />
    <UnitTestResult executionId="15acba2c-482f-45dc-9b5f-d85174710734" testId="7e68fea7-1e52-0c32-44b4-1e38c3c836bc" testName="FormatToStringTest1000(66723.3293191657d,&quot;66723.33 zł&quot;)" computerName="DESKTOP-5URQ9PB" duration="00:00:00.0000200" startTime="2022-06-13T21:13:44.9241974+02:00" endTime="2022-06-13T21:13:44.9242169+02:00" testType="13cdc9d9-ddb5-4fa4-a97d-d965ccfc6d4b" outcome="Passed" testListId="8c84fa94-04c1-424b-9868-57a2d4851a1d" relativeResultsDirectory="15acba2c-482f-45dc-9b5f-d85174710734" />
    <UnitTestResult executionId="ebef146a-8b8d-4f20-b387-4a7accd54197" testId="cee9a7d1-ec49-f6f1-a300-399ccd3bc1b7" testName="FormatToStringTest1000(66019.32414194118d,&quot;66019.32 zł&quot;)" computerName="DESKTOP-5URQ9PB" duration="00:00:00.0000210" startTime="2022-06-13T21:13:44.9195454+02:00" endTime="2022-06-13T21:13:44.9195664+02:00" testType="13cdc9d9-ddb5-4fa4-a97d-d965ccfc6d4b" outcome="Passed" testListId="8c84fa94-04c1-424b-9868-57a2d4851a1d" relativeResultsDirectory="ebef146a-8b8d-4f20-b387-4a7accd54197" />
    <UnitTestResult executionId="b383d089-ce76-4fd0-8960-6c61a1c3e432" testId="ea6215af-9f7a-dfd2-1e42-d16863c438d5" testName="FormatToStringTest1000(7377.5644264340235d,&quot;7377.56 zł&quot;)" computerName="DESKTOP-5URQ9PB" duration="00:00:00.0000190" startTime="2022-06-13T21:13:44.9407866+02:00" endTime="2022-06-13T21:13:44.9408052+02:00" testType="13cdc9d9-ddb5-4fa4-a97d-d965ccfc6d4b" outcome="Passed" testListId="8c84fa94-04c1-424b-9868-57a2d4851a1d" relativeResultsDirectory="b383d089-ce76-4fd0-8960-6c61a1c3e432" />
    <UnitTestResult executionId="48628272-bbd8-427d-b748-b267b2d04c24" testId="97caedcb-d6ae-5556-8168-c745e877090a" testName="FormatToStringTest1000(13478.157112043891d,&quot;13478.16 zł&quot;)" computerName="DESKTOP-5URQ9PB" duration="00:00:00.0000190" startTime="2022-06-13T21:13:44.9331445+02:00" endTime="2022-06-13T21:13:44.9331630+02:00" testType="13cdc9d9-ddb5-4fa4-a97d-d965ccfc6d4b" outcome="Passed" testListId="8c84fa94-04c1-424b-9868-57a2d4851a1d" relativeResultsDirectory="48628272-bbd8-427d-b748-b267b2d04c24" />
    <UnitTestResult executionId="cc2d2b3d-e80d-4a16-b2bd-96c6f13a2d2d" testId="f574d6b5-d94c-508a-c127-7bce3d4f82e8" testName="FormatToStringTest1000(38640.62766693003d,&quot;38640.63 zł&quot;)" computerName="DESKTOP-5URQ9PB" duration="00:00:00.0000190" startTime="2022-06-13T21:13:44.9193672+02:00" endTime="2022-06-13T21:13:44.9193859+02:00" testType="13cdc9d9-ddb5-4fa4-a97d-d965ccfc6d4b" outcome="Passed" testListId="8c84fa94-04c1-424b-9868-57a2d4851a1d" relativeResultsDirectory="cc2d2b3d-e80d-4a16-b2bd-96c6f13a2d2d" />
    <UnitTestResult executionId="24603c1d-123a-41ee-a2a1-5b6bbf5e8c61" testId="a1148d07-bacb-7b60-5bda-bc014fb00c20" testName="FormatToStringTest1000(66541.05112730109d,&quot;66541.05 zł&quot;)" computerName="DESKTOP-5URQ9PB" duration="00:00:00.0000180" startTime="2022-06-13T21:13:44.9435365+02:00" endTime="2022-06-13T21:13:44.9435547+02:00" testType="13cdc9d9-ddb5-4fa4-a97d-d965ccfc6d4b" outcome="Passed" testListId="8c84fa94-04c1-424b-9868-57a2d4851a1d" relativeResultsDirectory="24603c1d-123a-41ee-a2a1-5b6bbf5e8c61" />
    <UnitTestResult executionId="34179154-07f1-40a4-9938-c31e3c6ac38b" testId="8ea3fac0-98e6-cacb-3107-71ef474d1509" testName="FormatToStringTest1000(675.4589376107133d,&quot;675.46 zł&quot;)" computerName="DESKTOP-5URQ9PB" duration="00:00:00.0000190" startTime="2022-06-13T21:13:44.9410104+02:00" endTime="2022-06-13T21:13:44.9410289+02:00" testType="13cdc9d9-ddb5-4fa4-a97d-d965ccfc6d4b" outcome="Passed" testListId="8c84fa94-04c1-424b-9868-57a2d4851a1d" relativeResultsDirectory="34179154-07f1-40a4-9938-c31e3c6ac38b" />
    <UnitTestResult executionId="8b4ea4eb-1adb-4d5b-80d4-1744acaa900a" testId="bbce4fa8-10c7-16ce-b8b0-bbab48797f43" testName="FormatToStringTest1000(3477.860963622509d,&quot;3477.86 zł&quot;)" computerName="DESKTOP-5URQ9PB" duration="00:00:00.0000190" startTime="2022-06-13T21:13:44.9389956+02:00" endTime="2022-06-13T21:13:44.9390145+02:00" testType="13cdc9d9-ddb5-4fa4-a97d-d965ccfc6d4b" outcome="Passed" testListId="8c84fa94-04c1-424b-9868-57a2d4851a1d" relativeResultsDirectory="8b4ea4eb-1adb-4d5b-80d4-1744acaa900a" />
    <UnitTestResult executionId="3efa2117-337e-45be-88ff-8fe0062b4ba3" testId="bc954cfc-79b1-8687-e8d1-aab98a75fd1a" testName="FormatToStringTest1000(25990.318498101697d,&quot;25990.32 zł&quot;)" computerName="DESKTOP-5URQ9PB" duration="00:00:00.0000180" startTime="2022-06-13T21:13:44.9203114+02:00" endTime="2022-06-13T21:13:44.9203296+02:00" testType="13cdc9d9-ddb5-4fa4-a97d-d965ccfc6d4b" outcome="Passed" testListId="8c84fa94-04c1-424b-9868-57a2d4851a1d" relativeResultsDirectory="3efa2117-337e-45be-88ff-8fe0062b4ba3" />
    <UnitTestResult executionId="a6572cb3-3051-4ca7-b205-7e2a8c6b91b0" testId="c2736500-86f5-c7ae-a0e1-fceb61e5a5d4" testName="FormatToStringTest1000(46607.970025941715d,&quot;46607.97 zł&quot;)" computerName="DESKTOP-5URQ9PB" duration="00:00:00.0000190" startTime="2022-06-13T21:13:44.9294131+02:00" endTime="2022-06-13T21:13:44.9294318+02:00" testType="13cdc9d9-ddb5-4fa4-a97d-d965ccfc6d4b" outcome="Passed" testListId="8c84fa94-04c1-424b-9868-57a2d4851a1d" relativeResultsDirectory="a6572cb3-3051-4ca7-b205-7e2a8c6b91b0" />
    <UnitTestResult executionId="b77aaeac-ca86-4d77-b76c-5c235d402a4c" testId="55977c6e-f784-84a1-391e-15480b7266b6" testName="FormatToStringTest1000(6266.232005888704d,&quot;6266.23 zł&quot;)" computerName="DESKTOP-5URQ9PB" duration="00:00:00.0000190" startTime="2022-06-13T21:13:44.9343982+02:00" endTime="2022-06-13T21:13:44.9344173+02:00" testType="13cdc9d9-ddb5-4fa4-a97d-d965ccfc6d4b" outcome="Passed" testListId="8c84fa94-04c1-424b-9868-57a2d4851a1d" relativeResultsDirectory="b77aaeac-ca86-4d77-b76c-5c235d402a4c" />
    <UnitTestResult executionId="06eb677b-e7b1-4b92-ad07-20c96bcd5cfa" testId="1d93089d-e24f-f1cb-f4e6-3e9e0cc249d4" testName="FormatToStringTest1000(33699.13042082038d,&quot;33699.13 zł&quot;)" computerName="DESKTOP-5URQ9PB" duration="00:00:00.0000180" startTime="2022-06-13T21:13:44.9352419+02:00" endTime="2022-06-13T21:13:44.9352602+02:00" testType="13cdc9d9-ddb5-4fa4-a97d-d965ccfc6d4b" outcome="Passed" testListId="8c84fa94-04c1-424b-9868-57a2d4851a1d" relativeResultsDirectory="06eb677b-e7b1-4b92-ad07-20c96bcd5cfa" />
    <UnitTestResult executionId="cd92963e-47ae-48f6-8064-860faf8159fd" testId="5717b261-73d9-ccff-48ad-cb5028daecbf" testName="FormatToStringTest1000(3341.8351759444154d,&quot;3341.84 zł&quot;)" computerName="DESKTOP-5URQ9PB" duration="00:00:00.0000200" startTime="2022-06-13T21:13:44.9299189+02:00" endTime="2022-06-13T21:13:44.9299382+02:00" testType="13cdc9d9-ddb5-4fa4-a97d-d965ccfc6d4b" outcome="Passed" testListId="8c84fa94-04c1-424b-9868-57a2d4851a1d" relativeResultsDirectory="cd92963e-47ae-48f6-8064-860faf8159fd" />
    <UnitTestResult executionId="d7fffe07-3b5d-4b49-a0aa-72eb6b59af34" testId="a3e3ac67-b44c-d535-60e6-335f6ba0310c" testName="FormatToStringTest1000(7891.960478953067d,&quot;7891.96 zł&quot;)" computerName="DESKTOP-5URQ9PB" duration="00:00:00.0000190" startTime="2022-06-13T21:13:44.9290122+02:00" endTime="2022-06-13T21:13:44.9290314+02:00" testType="13cdc9d9-ddb5-4fa4-a97d-d965ccfc6d4b" outcome="Passed" testListId="8c84fa94-04c1-424b-9868-57a2d4851a1d" relativeResultsDirectory="d7fffe07-3b5d-4b49-a0aa-72eb6b59af34" />
    <UnitTestResult executionId="b8b214eb-80e6-43de-9e23-00fbb5d99487" testId="c1a27935-5451-ecaa-f0f8-7b140e2bc422" testName="FormatToStringTest1000(27794.8671353957d,&quot;27794.87 zł&quot;)" computerName="DESKTOP-5URQ9PB" duration="00:00:00.0000180" startTime="2022-06-13T21:13:44.9368231+02:00" endTime="2022-06-13T21:13:44.9368414+02:00" testType="13cdc9d9-ddb5-4fa4-a97d-d965ccfc6d4b" outcome="Passed" testListId="8c84fa94-04c1-424b-9868-57a2d4851a1d" relativeResultsDirectory="b8b214eb-80e6-43de-9e23-00fbb5d99487" />
    <UnitTestResult executionId="cbfaaccc-07f1-4840-b801-016797b30d19" testId="af9ae316-c7c6-6ac6-11c1-298dd9b256df" testName="FormatToStringTest1000(62975.496334776515d,&quot;62975.50 zł&quot;)" computerName="DESKTOP-5URQ9PB" duration="00:00:00.0000180" startTime="2022-06-13T21:13:44.9210653+02:00" endTime="2022-06-13T21:13:44.9210835+02:00" testType="13cdc9d9-ddb5-4fa4-a97d-d965ccfc6d4b" outcome="Passed" testListId="8c84fa94-04c1-424b-9868-57a2d4851a1d" relativeResultsDirectory="cbfaaccc-07f1-4840-b801-016797b30d19" />
    <UnitTestResult executionId="6bf718a3-cab9-42b2-90ec-8b3869dcab8e" testId="4f19bfe4-12a5-e7df-9799-ba1ffdd56260" testName="FormatToStringTest1000(54678.59301593089d,&quot;54678.59 zł&quot;)" computerName="DESKTOP-5URQ9PB" duration="00:00:00.0000190" startTime="2022-06-13T21:13:44.9374503+02:00" endTime="2022-06-13T21:13:44.9374695+02:00" testType="13cdc9d9-ddb5-4fa4-a97d-d965ccfc6d4b" outcome="Passed" testListId="8c84fa94-04c1-424b-9868-57a2d4851a1d" relativeResultsDirectory="6bf718a3-cab9-42b2-90ec-8b3869dcab8e" />
    <UnitTestResult executionId="fb3aefb8-1783-403a-b8b0-865caf9980d3" testId="615fa398-9de6-a6b9-2dab-60666d0931f7" testName="FormatToStringTest1000(17845.255864087147d,&quot;17845.26 zł&quot;)" computerName="DESKTOP-5URQ9PB" duration="00:00:00.0000190" startTime="2022-06-13T21:13:44.9235182+02:00" endTime="2022-06-13T21:13:44.9235368+02:00" testType="13cdc9d9-ddb5-4fa4-a97d-d965ccfc6d4b" outcome="Passed" testListId="8c84fa94-04c1-424b-9868-57a2d4851a1d" relativeResultsDirectory="fb3aefb8-1783-403a-b8b0-865caf9980d3" />
    <UnitTestResult executionId="a80a76ce-bd19-4e7e-b2fa-fdb1b48a59fa" testId="20032a0f-2ee3-8893-1563-317bcc5ab61c" testName="FormatToStringTest1000(57181.240528605056d,&quot;57181.24 zł&quot;)" computerName="DESKTOP-5URQ9PB" duration="00:00:00.0000190" startTime="2022-06-13T21:13:44.9266112+02:00" endTime="2022-06-13T21:13:44.9266302+02:00" testType="13cdc9d9-ddb5-4fa4-a97d-d965ccfc6d4b" outcome="Passed" testListId="8c84fa94-04c1-424b-9868-57a2d4851a1d" relativeResultsDirectory="a80a76ce-bd19-4e7e-b2fa-fdb1b48a59fa" />
    <UnitTestResult executionId="aa1dfe31-973f-460f-ad06-e3ee68d71bae" testId="1658bad2-8c99-0b77-1530-2e9ba32823bd" testName="FormatToStringTest1000(33245.44763357819d,&quot;33245.45 zł&quot;)" computerName="DESKTOP-5URQ9PB" duration="00:00:00.0000190" startTime="2022-06-13T21:13:44.9284530+02:00" endTime="2022-06-13T21:13:44.9284714+02:00" testType="13cdc9d9-ddb5-4fa4-a97d-d965ccfc6d4b" outcome="Passed" testListId="8c84fa94-04c1-424b-9868-57a2d4851a1d" relativeResultsDirectory="aa1dfe31-973f-460f-ad06-e3ee68d71bae" />
    <UnitTestResult executionId="c5a205f8-7b3b-4caa-8345-d23ca79f96c4" testId="0e73995d-338f-84a3-7662-4ba2ece68a21" testName="FormatToStringTest1000(13027.93935961739d,&quot;13027.94 zł&quot;)" computerName="DESKTOP-5URQ9PB" duration="00:00:00.0000200" startTime="2022-06-13T21:13:44.9310589+02:00" endTime="2022-06-13T21:13:44.9310785+02:00" testType="13cdc9d9-ddb5-4fa4-a97d-d965ccfc6d4b" outcome="Passed" testListId="8c84fa94-04c1-424b-9868-57a2d4851a1d" relativeResultsDirectory="c5a205f8-7b3b-4caa-8345-d23ca79f96c4" />
    <UnitTestResult executionId="b43da83a-ea9e-462f-8fca-4947148de50e" testId="2fcbb4d5-0c22-d47d-9ea9-6260fb047a7e" testName="FormatToStringTest1000(7013.601812260971d,&quot;7013.60 zł&quot;)" computerName="DESKTOP-5URQ9PB" duration="00:00:00.0000190" startTime="2022-06-13T21:13:44.9426239+02:00" endTime="2022-06-13T21:13:44.9426424+02:00" testType="13cdc9d9-ddb5-4fa4-a97d-d965ccfc6d4b" outcome="Passed" testListId="8c84fa94-04c1-424b-9868-57a2d4851a1d" relativeResultsDirectory="b43da83a-ea9e-462f-8fca-4947148de50e" />
    <UnitTestResult executionId="53fd868e-3009-4754-8011-711dd75bc080" testId="ba2e227c-c79f-6137-d335-88fa098146b3" testName="FormatToStringTest1000(4555.538255205163d,&quot;4555.54 zł&quot;)" computerName="DESKTOP-5URQ9PB" duration="00:00:00.0000190" startTime="2022-06-13T21:13:44.9274688+02:00" endTime="2022-06-13T21:13:44.9274877+02:00" testType="13cdc9d9-ddb5-4fa4-a97d-d965ccfc6d4b" outcome="Passed" testListId="8c84fa94-04c1-424b-9868-57a2d4851a1d" relativeResultsDirectory="53fd868e-3009-4754-8011-711dd75bc080" />
    <UnitTestResult executionId="4e9fa587-cd3e-42d7-a084-172c08b7d8ec" testId="ecf86b56-1ec1-9984-97f9-65e2b8a0e550" testName="FormatToStringTest1000(24957.469502810607d,&quot;24957.47 zł&quot;)" computerName="DESKTOP-5URQ9PB" duration="00:00:00.0000180" startTime="2022-06-13T21:13:44.9193929+02:00" endTime="2022-06-13T21:13:44.9194110+02:00" testType="13cdc9d9-ddb5-4fa4-a97d-d965ccfc6d4b" outcome="Passed" testListId="8c84fa94-04c1-424b-9868-57a2d4851a1d" relativeResultsDirectory="4e9fa587-cd3e-42d7-a084-172c08b7d8ec" />
    <UnitTestResult executionId="043a1b5b-e8c6-4209-94fb-0a08735cc8a4" testId="47a34375-592d-8cb5-ab77-ab4cd5ff1ae6" testName="FormatToStringTest1000(22330.217605518745d,&quot;22330.22 zł&quot;)" computerName="DESKTOP-5URQ9PB" duration="00:00:00.0000190" startTime="2022-06-13T21:13:44.9430794+02:00" endTime="2022-06-13T21:13:44.9430984+02:00" testType="13cdc9d9-ddb5-4fa4-a97d-d965ccfc6d4b" outcome="Passed" testListId="8c84fa94-04c1-424b-9868-57a2d4851a1d" relativeResultsDirectory="043a1b5b-e8c6-4209-94fb-0a08735cc8a4" />
    <UnitTestResult executionId="ad14b91d-c9a6-460d-97a1-443da6d525ab" testId="a1098879-b96c-d9e8-87b7-d514474f9769" testName="FormatToStringTest1000(17455.15807988595d,&quot;17455.16 zł&quot;)" computerName="DESKTOP-5URQ9PB" duration="00:00:00.0000190" startTime="2022-06-13T21:13:44.9391447+02:00" endTime="2022-06-13T21:13:44.9391638+02:00" testType="13cdc9d9-ddb5-4fa4-a97d-d965ccfc6d4b" outcome="Passed" testListId="8c84fa94-04c1-424b-9868-57a2d4851a1d" relativeResultsDirectory="ad14b91d-c9a6-460d-97a1-443da6d525ab" />
    <UnitTestResult executionId="8028adfc-f642-443a-b4ef-9ad2562246ff" testId="7806c973-d637-45cf-930a-0b315d29c540" testName="FormatToStringTest1000(15822.278766386342d,&quot;15822.28 zł&quot;)" computerName="DESKTOP-5URQ9PB" duration="00:00:00.0000180" startTime="2022-06-13T21:13:44.9271180+02:00" endTime="2022-06-13T21:13:44.9271362+02:00" testType="13cdc9d9-ddb5-4fa4-a97d-d965ccfc6d4b" outcome="Passed" testListId="8c84fa94-04c1-424b-9868-57a2d4851a1d" relativeResultsDirectory="8028adfc-f642-443a-b4ef-9ad2562246ff" />
    <UnitTestResult executionId="d1710d7f-e8a7-436b-9d2b-0e7aa6606592" testId="5c165fdb-5b2a-6ca5-1c7a-4f504d003e95" testName="FormatToStringTest1000(35905.47425787219d,&quot;35905.47 zł&quot;)" computerName="DESKTOP-5URQ9PB" duration="00:00:00.0000190" startTime="2022-06-13T21:13:44.9427789+02:00" endTime="2022-06-13T21:13:44.9427973+02:00" testType="13cdc9d9-ddb5-4fa4-a97d-d965ccfc6d4b" outcome="Passed" testListId="8c84fa94-04c1-424b-9868-57a2d4851a1d" relativeResultsDirectory="d1710d7f-e8a7-436b-9d2b-0e7aa6606592" />
    <UnitTestResult executionId="aca471f9-9bd1-4edf-b7e7-f750fae26b97" testId="e38d99c7-c0fe-6520-2d4e-c3d7dce714b0" testName="FormatToStringTest1000(38253.101637909705d,&quot;38253.10 zł&quot;)" computerName="DESKTOP-5URQ9PB" duration="00:00:00.0000190" startTime="2022-06-13T21:13:44.9356440+02:00" endTime="2022-06-13T21:13:44.9356624+02:00" testType="13cdc9d9-ddb5-4fa4-a97d-d965ccfc6d4b" outcome="Passed" testListId="8c84fa94-04c1-424b-9868-57a2d4851a1d" relativeResultsDirectory="aca471f9-9bd1-4edf-b7e7-f750fae26b97" />
    <UnitTestResult executionId="1b43fe63-a837-498d-9fe2-68fac70d3457" testId="942bc263-e8dd-056d-20fc-b03fc0f2fe09" testName="FormatToStringTest1000(6544.213759255695d,&quot;6544.21 zł&quot;)" computerName="DESKTOP-5URQ9PB" duration="00:00:00.0000190" startTime="2022-06-13T21:13:44.9402305+02:00" endTime="2022-06-13T21:13:44.9402492+02:00" testType="13cdc9d9-ddb5-4fa4-a97d-d965ccfc6d4b" outcome="Passed" testListId="8c84fa94-04c1-424b-9868-57a2d4851a1d" relativeResultsDirectory="1b43fe63-a837-498d-9fe2-68fac70d3457" />
    <UnitTestResult executionId="98f4ac64-5946-4710-970c-14d028933933" testId="39e2492b-a588-79ac-add5-4d0176982180" testName="FormatToStringTest1000(32863.31705269558d,&quot;32863.32 zł&quot;)" computerName="DESKTOP-5URQ9PB" duration="00:00:00.0000190" startTime="2022-06-13T21:13:44.9383395+02:00" endTime="2022-06-13T21:13:44.9383581+02:00" testType="13cdc9d9-ddb5-4fa4-a97d-d965ccfc6d4b" outcome="Passed" testListId="8c84fa94-04c1-424b-9868-57a2d4851a1d" relativeResultsDirectory="98f4ac64-5946-4710-970c-14d028933933" />
    <UnitTestResult executionId="fc79a16d-9d1d-467b-9cc6-49f6992751fc" testId="ebfb6fa8-ee3c-3dd3-7dbb-2004376b7edb" testName="FormatToStringTest1000(66764.31690498316d,&quot;66764.32 zł&quot;)" computerName="DESKTOP-5URQ9PB" duration="00:00:00.0000190" startTime="2022-06-13T21:13:44.9293139+02:00" endTime="2022-06-13T21:13:44.9293325+02:00" testType="13cdc9d9-ddb5-4fa4-a97d-d965ccfc6d4b" outcome="Passed" testListId="8c84fa94-04c1-424b-9868-57a2d4851a1d" relativeResultsDirectory="fc79a16d-9d1d-467b-9cc6-49f6992751fc" />
    <UnitTestResult executionId="72f67b0c-2d5c-4750-8f66-97d425fc0277" testId="b27808d6-4355-5292-3153-64fb93821ea0" testName="FormatToStringTest1000(181.3640542483721d,&quot;181.36 zł&quot;)" computerName="DESKTOP-5URQ9PB" duration="00:00:00.0000200" startTime="2022-06-13T21:13:44.9391948+02:00" endTime="2022-06-13T21:13:44.9392146+02:00" testType="13cdc9d9-ddb5-4fa4-a97d-d965ccfc6d4b" outcome="Passed" testListId="8c84fa94-04c1-424b-9868-57a2d4851a1d" relativeResultsDirectory="72f67b0c-2d5c-4750-8f66-97d425fc0277" />
    <UnitTestResult executionId="114af6f7-1ecc-4ff8-b548-c9d5f187c00c" testId="837f3b30-3aeb-50a8-d532-f419df9834ba" testName="FormatToStringTest1000(31622.81414407809d,&quot;31622.81 zł&quot;)" computerName="DESKTOP-5URQ9PB" duration="00:00:00.0000190" startTime="2022-06-13T21:13:44.9419698+02:00" endTime="2022-06-13T21:13:44.9419884+02:00" testType="13cdc9d9-ddb5-4fa4-a97d-d965ccfc6d4b" outcome="Passed" testListId="8c84fa94-04c1-424b-9868-57a2d4851a1d" relativeResultsDirectory="114af6f7-1ecc-4ff8-b548-c9d5f187c00c" />
    <UnitTestResult executionId="44c36180-ac96-4c85-8db6-b4d4b88ae9a3" testId="7b5400c4-5377-7ac8-dd1c-7b695cb4115f" testName="FormatToStringTest1000(7813.027778348433d,&quot;7813.03 zł&quot;)" computerName="DESKTOP-5URQ9PB" duration="00:00:00.0000190" startTime="2022-06-13T21:13:44.9356941+02:00" endTime="2022-06-13T21:13:44.9357129+02:00" testType="13cdc9d9-ddb5-4fa4-a97d-d965ccfc6d4b" outcome="Passed" testListId="8c84fa94-04c1-424b-9868-57a2d4851a1d" relativeResultsDirectory="44c36180-ac96-4c85-8db6-b4d4b88ae9a3" />
    <UnitTestResult executionId="5fd8df40-89e2-4bfa-9e14-629f8ab8ac38" testId="617c3175-15cb-3321-36a3-871fc366b75b" testName="FormatToStringTest1000(14137.400697779563d,&quot;14137.40 zł&quot;)" computerName="DESKTOP-5URQ9PB" duration="00:00:00.0000190" startTime="2022-06-13T21:13:44.9436855+02:00" endTime="2022-06-13T21:13:44.9437046+02:00" testType="13cdc9d9-ddb5-4fa4-a97d-d965ccfc6d4b" outcome="Passed" testListId="8c84fa94-04c1-424b-9868-57a2d4851a1d" relativeResultsDirectory="5fd8df40-89e2-4bfa-9e14-629f8ab8ac38" />
    <UnitTestResult executionId="f1c699db-c4b6-4614-a294-b4dc896052d3" testId="1e0703fd-8132-d66f-f52d-f2f5d027c1d8" testName="FormatToStringTest1000(28306.369434126827d,&quot;28306.37 zł&quot;)" computerName="DESKTOP-5URQ9PB" duration="00:00:00.0000200" startTime="2022-06-13T21:13:44.9420704+02:00" endTime="2022-06-13T21:13:44.9420902+02:00" testType="13cdc9d9-ddb5-4fa4-a97d-d965ccfc6d4b" outcome="Passed" testListId="8c84fa94-04c1-424b-9868-57a2d4851a1d" relativeResultsDirectory="f1c699db-c4b6-4614-a294-b4dc896052d3" />
    <UnitTestResult executionId="fc1d6085-0c37-40d7-926c-47538e8b672a" testId="04969f67-b379-916a-3275-e53bd0718ea4" testName="FormatToStringTest1000(272.5621069118204d,&quot;272.56 zł&quot;)" computerName="DESKTOP-5URQ9PB" duration="00:00:00.0000190" startTime="2022-06-13T21:13:44.9321702+02:00" endTime="2022-06-13T21:13:44.9321889+02:00" testType="13cdc9d9-ddb5-4fa4-a97d-d965ccfc6d4b" outcome="Passed" testListId="8c84fa94-04c1-424b-9868-57a2d4851a1d" relativeResultsDirectory="fc1d6085-0c37-40d7-926c-47538e8b672a" />
    <UnitTestResult executionId="2e4019f8-6478-4858-af89-2bc372c56ab4" testId="f9588db6-8045-6ceb-1c29-858ccdaab727" testName="FormatToStringTest1000(32213.734885384205d,&quot;32213.73 zł&quot;)" computerName="DESKTOP-5URQ9PB" duration="00:00:00.0000190" startTime="2022-06-13T21:13:44.9366448+02:00" endTime="2022-06-13T21:13:44.9366631+02:00" testType="13cdc9d9-ddb5-4fa4-a97d-d965ccfc6d4b" outcome="Passed" testListId="8c84fa94-04c1-424b-9868-57a2d4851a1d" relativeResultsDirectory="2e4019f8-6478-4858-af89-2bc372c56ab4" />
    <UnitTestResult executionId="3e9b7453-fc81-496a-aa97-b58e95d781ad" testId="7e94e694-684d-fa09-70c8-651a86e03ea4" testName="FormatToStringTest1000(15669.698889610218d,&quot;15669.70 zł&quot;)" computerName="DESKTOP-5URQ9PB" duration="00:00:00.0000190" startTime="2022-06-13T21:13:44.9390957+02:00" endTime="2022-06-13T21:13:44.9391144+02:00" testType="13cdc9d9-ddb5-4fa4-a97d-d965ccfc6d4b" outcome="Passed" testListId="8c84fa94-04c1-424b-9868-57a2d4851a1d" relativeResultsDirectory="3e9b7453-fc81-496a-aa97-b58e95d781ad" />
    <UnitTestResult executionId="bd43feb1-e454-46a2-9b4b-7bd3e85bebff" testId="b83433ff-1f44-78cf-aaee-d87286ab6972" testName="FormatToStringTest1000(24476.442216712254d,&quot;24476.44 zł&quot;)" computerName="DESKTOP-5URQ9PB" duration="00:00:00.0000190" startTime="2022-06-13T21:13:44.9324200+02:00" endTime="2022-06-13T21:13:44.9324385+02:00" testType="13cdc9d9-ddb5-4fa4-a97d-d965ccfc6d4b" outcome="Passed" testListId="8c84fa94-04c1-424b-9868-57a2d4851a1d" relativeResultsDirectory="bd43feb1-e454-46a2-9b4b-7bd3e85bebff" />
    <UnitTestResult executionId="c522417c-fbd9-4d8c-9d89-ea0cc6468fcc" testId="44562592-e269-1796-e138-85487f7a2be9" testName="FormatToStringTest1000(12118.31777677048d,&quot;12118.32 zł&quot;)" computerName="DESKTOP-5URQ9PB" duration="00:00:00.0000190" startTime="2022-06-13T21:13:44.9385896+02:00" endTime="2022-06-13T21:13:44.9386087+02:00" testType="13cdc9d9-ddb5-4fa4-a97d-d965ccfc6d4b" outcome="Passed" testListId="8c84fa94-04c1-424b-9868-57a2d4851a1d" relativeResultsDirectory="c522417c-fbd9-4d8c-9d89-ea0cc6468fcc" />
    <UnitTestResult executionId="ab60b6d7-2398-438f-86ee-0eb12c93429c" testId="cfa8282b-c910-23c2-f0df-2ed624c5a3c7" testName="FormatToStringTest1000(20737.251994218328d,&quot;20737.25 zł&quot;)" computerName="DESKTOP-5URQ9PB" duration="00:00:00.0000180" startTime="2022-06-13T21:13:44.9223928+02:00" endTime="2022-06-13T21:13:44.9224110+02:00" testType="13cdc9d9-ddb5-4fa4-a97d-d965ccfc6d4b" outcome="Passed" testListId="8c84fa94-04c1-424b-9868-57a2d4851a1d" relativeResultsDirectory="ab60b6d7-2398-438f-86ee-0eb12c93429c" />
    <UnitTestResult executionId="3fa70b22-9194-46d2-984d-5df0fee3fc2d" testId="dafbe950-e143-41f5-1a50-ea362a5aa5d4" testName="FormatToStringTest1000(9928.477822322622d,&quot;9928.48 zł&quot;)" computerName="DESKTOP-5URQ9PB" duration="00:00:00.0000190" startTime="2022-06-13T21:13:44.9347547+02:00" endTime="2022-06-13T21:13:44.9347734+02:00" testType="13cdc9d9-ddb5-4fa4-a97d-d965ccfc6d4b" outcome="Passed" testListId="8c84fa94-04c1-424b-9868-57a2d4851a1d" relativeResultsDirectory="3fa70b22-9194-46d2-984d-5df0fee3fc2d" />
    <UnitTestResult executionId="459b52c7-8752-43ad-aff8-9c1a9e2c728e" testId="85799221-0b36-0e4a-ef29-ad83f50e6bbd" testName="FormatToStringTest1000(1568.615240217473d,&quot;1568.62 zł&quot;)" computerName="DESKTOP-5URQ9PB" duration="00:00:00.0000190" startTime="2022-06-13T21:13:44.9390206+02:00" endTime="2022-06-13T21:13:44.9390398+02:00" testType="13cdc9d9-ddb5-4fa4-a97d-d965ccfc6d4b" outcome="Passed" testListId="8c84fa94-04c1-424b-9868-57a2d4851a1d" relativeResultsDirectory="459b52c7-8752-43ad-aff8-9c1a9e2c728e" />
    <UnitTestResult executionId="df9c2be9-2904-4756-bae9-d17bb2c6b202" testId="81df71bb-e962-4121-4d15-80e255b37b1f" testName="FormatToStringTest1000(13745.115971449817d,&quot;13745.12 zł&quot;)" computerName="DESKTOP-5URQ9PB" duration="00:00:00.0000180" startTime="2022-06-13T21:13:44.9233944+02:00" endTime="2022-06-13T21:13:44.9234125+02:00" testType="13cdc9d9-ddb5-4fa4-a97d-d965ccfc6d4b" outcome="Passed" testListId="8c84fa94-04c1-424b-9868-57a2d4851a1d" relativeResultsDirectory="df9c2be9-2904-4756-bae9-d17bb2c6b202" />
    <UnitTestResult executionId="63b51cf8-8e2c-4a8c-af96-17cb2f04275f" testId="b09e548c-5a83-3ac9-fa3f-e5118e38e1d9" testName="FormatToStringTest1000(2166.4103293970275d,&quot;2166.41 zł&quot;)" computerName="DESKTOP-5URQ9PB" duration="00:00:00.0000200" startTime="2022-06-13T21:13:44.9317447+02:00" endTime="2022-06-13T21:13:44.9317642+02:00" testType="13cdc9d9-ddb5-4fa4-a97d-d965ccfc6d4b" outcome="Passed" testListId="8c84fa94-04c1-424b-9868-57a2d4851a1d" relativeResultsDirectory="63b51cf8-8e2c-4a8c-af96-17cb2f04275f" />
    <UnitTestResult executionId="3b780417-997a-4524-9227-41c25e431d57" testId="9e7bb479-43f6-3e5b-9858-d1abf76cc2e6" testName="FormatToStringTest1000(19189.813662191766d,&quot;19189.81 zł&quot;)" computerName="DESKTOP-5URQ9PB" duration="00:00:00.0000190" startTime="2022-06-13T21:13:44.9283778+02:00" endTime="2022-06-13T21:13:44.9283963+02:00" testType="13cdc9d9-ddb5-4fa4-a97d-d965ccfc6d4b" outcome="Passed" testListId="8c84fa94-04c1-424b-9868-57a2d4851a1d" relativeResultsDirectory="3b780417-997a-4524-9227-41c25e431d57" />
    <UnitTestResult executionId="c4cf9ff7-be62-4ea0-ba2e-e3b6556bcd0f" testId="4ce6cb72-dabd-e3eb-6074-df75f0abcb26" testName="FormatToStringTest1000(76751.79413498091d,&quot;76751.79 zł&quot;)" computerName="DESKTOP-5URQ9PB" duration="00:00:00.0000200" startTime="2022-06-13T21:13:44.9312851+02:00" endTime="2022-06-13T21:13:44.9313047+02:00" testType="13cdc9d9-ddb5-4fa4-a97d-d965ccfc6d4b" outcome="Passed" testListId="8c84fa94-04c1-424b-9868-57a2d4851a1d" relativeResultsDirectory="c4cf9ff7-be62-4ea0-ba2e-e3b6556bcd0f" />
    <UnitTestResult executionId="2a43860f-965f-4d97-bbb9-c82811c27795" testId="1382f86b-6464-d2a1-e722-0841d0b65336" testName="FormatToStringTest1000(17090.629587323234d,&quot;17090.63 zł&quot;)" computerName="DESKTOP-5URQ9PB" duration="00:00:00.0000190" startTime="2022-06-13T21:13:44.9267678+02:00" endTime="2022-06-13T21:13:44.9267864+02:00" testType="13cdc9d9-ddb5-4fa4-a97d-d965ccfc6d4b" outcome="Passed" testListId="8c84fa94-04c1-424b-9868-57a2d4851a1d" relativeResultsDirectory="2a43860f-965f-4d97-bbb9-c82811c27795" />
    <UnitTestResult executionId="23a8a214-1b69-4359-b0d6-b0c2efeb3917" testId="f06d92cb-e236-f7f9-e645-0971359a129a" testName="FormatToStringTest1000(22678.643495744862d,&quot;22678.64 zł&quot;)" computerName="DESKTOP-5URQ9PB" duration="00:00:00.0000190" startTime="2022-06-13T21:13:44.9364715+02:00" endTime="2022-06-13T21:13:44.9364899+02:00" testType="13cdc9d9-ddb5-4fa4-a97d-d965ccfc6d4b" outcome="Passed" testListId="8c84fa94-04c1-424b-9868-57a2d4851a1d" relativeResultsDirectory="23a8a214-1b69-4359-b0d6-b0c2efeb3917" />
    <UnitTestResult executionId="5ad49099-f671-4146-819c-4d9beb9aa5f0" testId="2035ba59-2ee2-badb-15b9-a8ffa8fcf57c" testName="FormatToStringTest1000(36893.66238331593d,&quot;36893.66 zł&quot;)" computerName="DESKTOP-5URQ9PB" duration="00:00:00.0000200" startTime="2022-06-13T21:13:44.9388936+02:00" endTime="2022-06-13T21:13:44.9389131+02:00" testType="13cdc9d9-ddb5-4fa4-a97d-d965ccfc6d4b" outcome="Passed" testListId="8c84fa94-04c1-424b-9868-57a2d4851a1d" relativeResultsDirectory="5ad49099-f671-4146-819c-4d9beb9aa5f0" />
    <UnitTestResult executionId="5880b80c-8cc8-45de-aa21-71e2639cbb48" testId="b781e920-c895-0d1c-5363-71c65713c53a" testName="FormatToStringTest1000(238.1379397484185d,&quot;238.14 zł&quot;)" computerName="DESKTOP-5URQ9PB" duration="00:00:00.0000190" startTime="2022-06-13T21:13:44.9256811+02:00" endTime="2022-06-13T21:13:44.9256998+02:00" testType="13cdc9d9-ddb5-4fa4-a97d-d965ccfc6d4b" outcome="Passed" testListId="8c84fa94-04c1-424b-9868-57a2d4851a1d" relativeResultsDirectory="5880b80c-8cc8-45de-aa21-71e2639cbb48" />
    <UnitTestResult executionId="3f2221f4-5c9b-4e87-a963-9fe31ec15b8d" testId="0edcab43-1e4a-6ea7-7c7b-b02803f7c8b9" testName="FormatToStringTest1000(7124.979180760672d,&quot;7124.98 zł&quot;)" computerName="DESKTOP-5URQ9PB" duration="00:00:00.0000220" startTime="2022-06-13T21:13:44.9195174+02:00" endTime="2022-06-13T21:13:44.9195389+02:00" testType="13cdc9d9-ddb5-4fa4-a97d-d965ccfc6d4b" outcome="Passed" testListId="8c84fa94-04c1-424b-9868-57a2d4851a1d" relativeResultsDirectory="3f2221f4-5c9b-4e87-a963-9fe31ec15b8d" />
    <UnitTestResult executionId="35220459-a333-4240-9a54-6a4a09abe018" testId="605c2bc0-4496-0f02-aeff-a229323c4be4" testName="FormatToStringTest1000(54578.37303904275d,&quot;54578.37 zł&quot;)" computerName="DESKTOP-5URQ9PB" duration="00:00:00.0000190" startTime="2022-06-13T21:13:44.9262097+02:00" endTime="2022-06-13T21:13:44.9262290+02:00" testType="13cdc9d9-ddb5-4fa4-a97d-d965ccfc6d4b" outcome="Passed" testListId="8c84fa94-04c1-424b-9868-57a2d4851a1d" relativeResultsDirectory="35220459-a333-4240-9a54-6a4a09abe018" />
    <UnitTestResult executionId="ea115423-27d7-4667-b932-3768c6b77645" testId="cb85c450-02e3-5db9-b93c-f905351c1d09" testName="FormatToStringTest1000(16688.70569393677d,&quot;16688.71 zł&quot;)" computerName="DESKTOP-5URQ9PB" duration="00:00:00.0000190" startTime="2022-06-13T21:13:44.9280775+02:00" endTime="2022-06-13T21:13:44.9280958+02:00" testType="13cdc9d9-ddb5-4fa4-a97d-d965ccfc6d4b" outcome="Passed" testListId="8c84fa94-04c1-424b-9868-57a2d4851a1d" relativeResultsDirectory="ea115423-27d7-4667-b932-3768c6b77645" />
    <UnitTestResult executionId="b1a9f3d2-7af0-46ac-8952-bcae378b7f94" testId="6236d5e6-b13b-501c-48e0-102f9eda59d6" testName="FormatToStringTest1000(49672.98901987402d,&quot;49672.99 zł&quot;)" computerName="DESKTOP-5URQ9PB" duration="00:00:00.0000190" startTime="2022-06-13T21:13:44.9291381+02:00" endTime="2022-06-13T21:13:44.9291570+02:00" testType="13cdc9d9-ddb5-4fa4-a97d-d965ccfc6d4b" outcome="Passed" testListId="8c84fa94-04c1-424b-9868-57a2d4851a1d" relativeResultsDirectory="b1a9f3d2-7af0-46ac-8952-bcae378b7f94" />
    <UnitTestResult executionId="dc32f64d-0898-4891-8f37-8d4ae38e6d32" testId="6dee8c76-3355-7dcc-c0a6-02e4a5ed7dc2" testName="FormatToStringTest1000(16637.074429372828d,&quot;16637.07 zł&quot;)" computerName="DESKTOP-5URQ9PB" duration="00:00:00.0000190" startTime="2022-06-13T21:13:44.9250310+02:00" endTime="2022-06-13T21:13:44.9250495+02:00" testType="13cdc9d9-ddb5-4fa4-a97d-d965ccfc6d4b" outcome="Passed" testListId="8c84fa94-04c1-424b-9868-57a2d4851a1d" relativeResultsDirectory="dc32f64d-0898-4891-8f37-8d4ae38e6d32" />
    <UnitTestResult executionId="34bbbfe1-5f25-42e7-a734-de91f9b2a1ec" testId="897eda60-aa9c-bf46-7037-9c91ac01a451" testName="FormatToStringTest1000(14237.13226245955d,&quot;14237.13 zł&quot;)" computerName="DESKTOP-5URQ9PB" duration="00:00:00.0000210" startTime="2022-06-13T21:13:44.9193404+02:00" endTime="2022-06-13T21:13:44.9193608+02:00" testType="13cdc9d9-ddb5-4fa4-a97d-d965ccfc6d4b" outcome="Passed" testListId="8c84fa94-04c1-424b-9868-57a2d4851a1d" relativeResultsDirectory="34bbbfe1-5f25-42e7-a734-de91f9b2a1ec" />
    <UnitTestResult executionId="e9cc0e43-86c0-4fee-81ac-f93b2e95be9e" testId="092813bc-e54e-6f29-9d2b-192db0d76045" testName="FormatToStringTest1000(765.778932784581d,&quot;765.78 zł&quot;)" computerName="DESKTOP-5URQ9PB" duration="00:00:00.0000200" startTime="2022-06-13T21:13:44.9287848+02:00" endTime="2022-06-13T21:13:44.9288042+02:00" testType="13cdc9d9-ddb5-4fa4-a97d-d965ccfc6d4b" outcome="Passed" testListId="8c84fa94-04c1-424b-9868-57a2d4851a1d" relativeResultsDirectory="e9cc0e43-86c0-4fee-81ac-f93b2e95be9e" />
    <UnitTestResult executionId="08dd3663-aad5-449a-b17c-a6483a8bb7ea" testId="b9c69082-a036-d41e-d5a0-c1cde2a1d040" testName="FormatToStringTest1000(9661.966055578536d,&quot;9661.97 zł&quot;)" computerName="DESKTOP-5URQ9PB" duration="00:00:00.0000190" startTime="2022-06-13T21:13:44.9279521+02:00" endTime="2022-06-13T21:13:44.9279706+02:00" testType="13cdc9d9-ddb5-4fa4-a97d-d965ccfc6d4b" outcome="Passed" testListId="8c84fa94-04c1-424b-9868-57a2d4851a1d" relativeResultsDirectory="08dd3663-aad5-449a-b17c-a6483a8bb7ea" />
    <UnitTestResult executionId="d9d7814b-cd42-4651-88a2-08b795f670e8" testId="34a0ec2a-ee87-5c68-071f-7bf4fe21828e" testName="FormatToStringTest1000(18596.12661189033d,&quot;18596.13 zł&quot;)" computerName="DESKTOP-5URQ9PB" duration="00:00:00.0000190" startTime="2022-06-13T21:13:44.9334923+02:00" endTime="2022-06-13T21:13:44.9335108+02:00" testType="13cdc9d9-ddb5-4fa4-a97d-d965ccfc6d4b" outcome="Passed" testListId="8c84fa94-04c1-424b-9868-57a2d4851a1d" relativeResultsDirectory="d9d7814b-cd42-4651-88a2-08b795f670e8" />
    <UnitTestResult executionId="6c82b176-a7aa-4d9e-9d26-b0d132b3d5f5" testId="b3d20388-ddfe-493d-dfad-f423fc621b48" testName="FormatToStringTest1000(58111.21259843521d,&quot;58111.21 zł&quot;)" computerName="DESKTOP-5URQ9PB" duration="00:00:00.0000200" startTime="2022-06-13T21:13:44.9238988+02:00" endTime="2022-06-13T21:13:44.9239181+02:00" testType="13cdc9d9-ddb5-4fa4-a97d-d965ccfc6d4b" outcome="Passed" testListId="8c84fa94-04c1-424b-9868-57a2d4851a1d" relativeResultsDirectory="6c82b176-a7aa-4d9e-9d26-b0d132b3d5f5" />
    <UnitTestResult executionId="47fdb3eb-677a-41cc-8abc-d5538e62da2f" testId="255f4f6e-1bfc-cdd8-fb29-a1f4f034b89a" testName="FormatToStringTest1000(55782.67998761762d,&quot;55782.68 zł&quot;)" computerName="DESKTOP-5URQ9PB" duration="00:00:00.0000190" startTime="2022-06-13T21:13:44.9227971+02:00" endTime="2022-06-13T21:13:44.9228155+02:00" testType="13cdc9d9-ddb5-4fa4-a97d-d965ccfc6d4b" outcome="Passed" testListId="8c84fa94-04c1-424b-9868-57a2d4851a1d" relativeResultsDirectory="47fdb3eb-677a-41cc-8abc-d5538e62da2f" />
    <UnitTestResult executionId="fbf99469-0351-4fcc-915b-a867ef54daee" testId="2f0cf2d4-3a28-6b74-1791-705b9f0277be" testName="FormatToStringTest1000(3131.5022711732904d,&quot;3131.50 zł&quot;)" computerName="DESKTOP-5URQ9PB" duration="00:00:00.0000180" startTime="2022-06-13T21:13:44.9300688+02:00" endTime="2022-06-13T21:13:44.9300870+02:00" testType="13cdc9d9-ddb5-4fa4-a97d-d965ccfc6d4b" outcome="Passed" testListId="8c84fa94-04c1-424b-9868-57a2d4851a1d" relativeResultsDirectory="fbf99469-0351-4fcc-915b-a867ef54daee" />
    <UnitTestResult executionId="00b855b7-bc7c-4f65-a957-93f46dfd28b5" testId="73a1abc1-28a4-b23c-9ff3-4e27cf222dab" testName="FormatToStringTest1000(68479.93492677805d,&quot;68479.93 zł&quot;)" computerName="DESKTOP-5URQ9PB" duration="00:00:00.0000190" startTime="2022-06-13T21:13:44.9416869+02:00" endTime="2022-06-13T21:13:44.9417057+02:00" testType="13cdc9d9-ddb5-4fa4-a97d-d965ccfc6d4b" outcome="Passed" testListId="8c84fa94-04c1-424b-9868-57a2d4851a1d" relativeResultsDirectory="00b855b7-bc7c-4f65-a957-93f46dfd28b5" />
    <UnitTestResult executionId="76a1d5f4-7645-42a4-88a5-af5694f6e013" testId="30b3b577-2061-3db5-edc3-bfd98a1a499f" testName="FormatToStringTest1000(5978.1197194131655d,&quot;5978.12 zł&quot;)" computerName="DESKTOP-5URQ9PB" duration="00:00:00.0000200" startTime="2022-06-13T21:13:44.9425981+02:00" endTime="2022-06-13T21:13:44.9426177+02:00" testType="13cdc9d9-ddb5-4fa4-a97d-d965ccfc6d4b" outcome="Passed" testListId="8c84fa94-04c1-424b-9868-57a2d4851a1d" relativeResultsDirectory="76a1d5f4-7645-42a4-88a5-af5694f6e013" />
    <UnitTestResult executionId="ca03f728-9a3c-4a26-b2cb-30a2d9f400c0" testId="6a02a9a9-45fc-e93c-144a-ec579f6fd7df" testName="FormatToStringTest1000(14459.57059750686d,&quot;14459.57 zł&quot;)" computerName="DESKTOP-5URQ9PB" duration="00:00:00.0000190" startTime="2022-06-13T21:13:44.9259611+02:00" endTime="2022-06-13T21:13:44.9259799+02:00" testType="13cdc9d9-ddb5-4fa4-a97d-d965ccfc6d4b" outcome="Passed" testListId="8c84fa94-04c1-424b-9868-57a2d4851a1d" relativeResultsDirectory="ca03f728-9a3c-4a26-b2cb-30a2d9f400c0" />
    <UnitTestResult executionId="0c65b83f-c1dd-4544-99fa-91da1bcad34c" testId="662f9f8e-b212-7223-452e-c301bb4c0b8d" testName="FormatToStringTest1000(3588.260979617136d,&quot;3588.26 zł&quot;)" computerName="DESKTOP-5URQ9PB" duration="00:00:00.0000200" startTime="2022-06-13T21:13:44.9398535+02:00" endTime="2022-06-13T21:13:44.9398730+02:00" testType="13cdc9d9-ddb5-4fa4-a97d-d965ccfc6d4b" outcome="Passed" testListId="8c84fa94-04c1-424b-9868-57a2d4851a1d" relativeResultsDirectory="0c65b83f-c1dd-4544-99fa-91da1bcad34c" />
    <UnitTestResult executionId="a2f2f5d8-9ca2-4618-ac1a-6462b356432a" testId="90740d7b-70ce-f3ca-de0f-889615c99e7a" testName="FormatToStringTest1000(7669.3855620214645d,&quot;7669.39 zł&quot;)" computerName="DESKTOP-5URQ9PB" duration="00:00:00.0000190" startTime="2022-06-13T21:13:44.9247558+02:00" endTime="2022-06-13T21:13:44.9247742+02:00" testType="13cdc9d9-ddb5-4fa4-a97d-d965ccfc6d4b" outcome="Passed" testListId="8c84fa94-04c1-424b-9868-57a2d4851a1d" relativeResultsDirectory="a2f2f5d8-9ca2-4618-ac1a-6462b356432a" />
    <UnitTestResult executionId="17b22b7f-8544-438e-85dd-c5c26abc56ce" testId="a4acc92f-0c67-48bb-4524-7ef3c007ffb4" testName="FormatToStringTest1000(1474.699818629166d,&quot;1474.70 zł&quot;)" computerName="DESKTOP-5URQ9PB" duration="00:00:00.0000200" startTime="2022-06-13T21:13:44.9411595+02:00" endTime="2022-06-13T21:13:44.9411790+02:00" testType="13cdc9d9-ddb5-4fa4-a97d-d965ccfc6d4b" outcome="Passed" testListId="8c84fa94-04c1-424b-9868-57a2d4851a1d" relativeResultsDirectory="17b22b7f-8544-438e-85dd-c5c26abc56ce" />
    <UnitTestResult executionId="6ffba1d7-be7f-44d0-8cec-e09e46414c0b" testId="9cef29cf-98fb-f211-5054-ae4d42774e1f" testName="FormatToStringTest1000(31347.468987404587d,&quot;31347.47 zł&quot;)" computerName="DESKTOP-5URQ9PB" duration="00:00:00.0000200" startTime="2022-06-13T21:13:44.9417698+02:00" endTime="2022-06-13T21:13:44.9417895+02:00" testType="13cdc9d9-ddb5-4fa4-a97d-d965ccfc6d4b" outcome="Passed" testListId="8c84fa94-04c1-424b-9868-57a2d4851a1d" relativeResultsDirectory="6ffba1d7-be7f-44d0-8cec-e09e46414c0b" />
    <UnitTestResult executionId="2d1e129f-0cce-4662-820f-4b56b8ceb033" testId="d2fc2ae7-e3b1-dc92-6628-90e5bb16c5d2" testName="FormatToStringTest1000(4419.750844657306d,&quot;4419.75 zł&quot;)" computerName="DESKTOP-5URQ9PB" duration="00:00:00.0000200" startTime="2022-06-13T21:13:44.9381887+02:00" endTime="2022-06-13T21:13:44.9382083+02:00" testType="13cdc9d9-ddb5-4fa4-a97d-d965ccfc6d4b" outcome="Passed" testListId="8c84fa94-04c1-424b-9868-57a2d4851a1d" relativeResultsDirectory="2d1e129f-0cce-4662-820f-4b56b8ceb033" />
    <UnitTestResult executionId="e0a89e67-8eff-41f1-917b-31d9f3075be4" testId="a847ffac-041e-82ae-b13a-0b82098799e8" testName="FormatToStringTest1000(59768.02667973611d,&quot;59768.03 zł&quot;)" computerName="DESKTOP-5URQ9PB" duration="00:00:00.0000200" startTime="2022-06-13T21:13:44.9314641+02:00" endTime="2022-06-13T21:13:44.9314837+02:00" testType="13cdc9d9-ddb5-4fa4-a97d-d965ccfc6d4b" outcome="Passed" testListId="8c84fa94-04c1-424b-9868-57a2d4851a1d" relativeResultsDirectory="e0a89e67-8eff-41f1-917b-31d9f3075be4" />
    <UnitTestResult executionId="26703a95-b4af-4788-8ca9-ef3b4832f661" testId="05a32b6d-38a3-d790-fab1-ef7fcb38fd6c" testName="FormatToStringTest1000(743.047944508981d,&quot;743.05 zł&quot;)" computerName="DESKTOP-5URQ9PB" duration="00:00:00.0000190" startTime="2022-06-13T21:13:44.9331200+02:00" endTime="2022-06-13T21:13:44.9331383+02:00" testType="13cdc9d9-ddb5-4fa4-a97d-d965ccfc6d4b" outcome="Passed" testListId="8c84fa94-04c1-424b-9868-57a2d4851a1d" relativeResultsDirectory="26703a95-b4af-4788-8ca9-ef3b4832f661" />
    <UnitTestResult executionId="ac11a8d0-e339-40c0-8210-183a46a1b104" testId="f5fd9e95-4d91-8f7f-4648-e5bd7c8cc931" testName="FormatToStringTest1000(4002.4180488374172d,&quot;4002.42 zł&quot;)" computerName="DESKTOP-5URQ9PB" duration="00:00:00.0000180" startTime="2022-06-13T21:13:44.9410352+02:00" endTime="2022-06-13T21:13:44.9410534+02:00" testType="13cdc9d9-ddb5-4fa4-a97d-d965ccfc6d4b" outcome="Passed" testListId="8c84fa94-04c1-424b-9868-57a2d4851a1d" relativeResultsDirectory="ac11a8d0-e339-40c0-8210-183a46a1b104" />
    <UnitTestResult executionId="60435d9f-4846-41e5-8c4c-eb27f50adde5" testId="bebef051-0a10-725f-3ff5-e30e4f9dd420" testName="FormatToStringTest1000(39641.61351217451d,&quot;39641.61 zł&quot;)" computerName="DESKTOP-5URQ9PB" duration="00:00:00.0000200" startTime="2022-06-13T21:13:44.9312348+02:00" endTime="2022-06-13T21:13:44.9312542+02:00" testType="13cdc9d9-ddb5-4fa4-a97d-d965ccfc6d4b" outcome="Passed" testListId="8c84fa94-04c1-424b-9868-57a2d4851a1d" relativeResultsDirectory="60435d9f-4846-41e5-8c4c-eb27f50adde5" />
    <UnitTestResult executionId="39d38e73-0731-429e-9119-f2e847645072" testId="37376bb5-e384-3c51-d1d8-3ba613fa9182" testName="FormatToStringTest1000(85407.13428016152d,&quot;85407.13 zł&quot;)" computerName="DESKTOP-5URQ9PB" duration="00:00:00.0000190" startTime="2022-06-13T21:13:44.9464096+02:00" endTime="2022-06-13T21:13:44.9464279+02:00" testType="13cdc9d9-ddb5-4fa4-a97d-d965ccfc6d4b" outcome="Passed" testListId="8c84fa94-04c1-424b-9868-57a2d4851a1d" relativeResultsDirectory="39d38e73-0731-429e-9119-f2e847645072" />
    <UnitTestResult executionId="67d5441d-df9c-4236-a902-cee6e069197c" testId="6aa37256-4a27-aaf0-2d68-1faeac68f58c" testName="FormatToStringTest1000(67230.86250807665d,&quot;67230.86 zł&quot;)" computerName="DESKTOP-5URQ9PB" duration="00:00:00.0000190" startTime="2022-06-13T21:13:44.9220451+02:00" endTime="2022-06-13T21:13:44.9220635+02:00" testType="13cdc9d9-ddb5-4fa4-a97d-d965ccfc6d4b" outcome="Passed" testListId="8c84fa94-04c1-424b-9868-57a2d4851a1d" relativeResultsDirectory="67d5441d-df9c-4236-a902-cee6e069197c" />
    <UnitTestResult executionId="550b1c01-80b7-4bd6-b0af-0c42dbc90372" testId="7e4135b8-b66c-77ce-172b-34d352f16888" testName="FormatToStringTest1000(9068.70019550468d,&quot;9068.70 zł&quot;)" computerName="DESKTOP-5URQ9PB" duration="00:00:00.0000190" startTime="2022-06-13T21:13:44.9273936+02:00" endTime="2022-06-13T21:13:44.9274126+02:00" testType="13cdc9d9-ddb5-4fa4-a97d-d965ccfc6d4b" outcome="Passed" testListId="8c84fa94-04c1-424b-9868-57a2d4851a1d" relativeResultsDirectory="550b1c01-80b7-4bd6-b0af-0c42dbc90372" />
    <UnitTestResult executionId="eef91480-0571-4b42-8b77-4bd41d796e7b" testId="3ec04580-c747-9bc8-6ea0-e87ec6ca04ad" testName="FormatToStringTest1000(73151.83675918348d,&quot;73151.84 zł&quot;)" computerName="DESKTOP-5URQ9PB" duration="00:00:00.0000200" startTime="2022-06-13T21:13:44.9416366+02:00" endTime="2022-06-13T21:13:44.9416561+02:00" testType="13cdc9d9-ddb5-4fa4-a97d-d965ccfc6d4b" outcome="Passed" testListId="8c84fa94-04c1-424b-9868-57a2d4851a1d" relativeResultsDirectory="eef91480-0571-4b42-8b77-4bd41d796e7b" />
    <UnitTestResult executionId="570eeb21-8b77-4d50-9eb9-06b8589101eb" testId="a0b62237-e6b4-ed13-bf88-ac0909d8c7c4" testName="FormatToStringTest1000(11871.427211910219d,&quot;11871.43 zł&quot;)" computerName="DESKTOP-5URQ9PB" duration="00:00:00.0000190" startTime="2022-06-13T21:13:44.9321202+02:00" endTime="2022-06-13T21:13:44.9321389+02:00" testType="13cdc9d9-ddb5-4fa4-a97d-d965ccfc6d4b" outcome="Passed" testListId="8c84fa94-04c1-424b-9868-57a2d4851a1d" relativeResultsDirectory="570eeb21-8b77-4d50-9eb9-06b8589101eb" />
    <UnitTestResult executionId="4a147ae7-af03-4d6a-acf7-6d7ae15e83ce" testId="13e85df1-3456-393c-8dca-d481490ed075" testName="FormatToStringTest1000(4094.6752323977066d,&quot;4094.68 zł&quot;)" computerName="DESKTOP-5URQ9PB" duration="00:00:00.0000190" startTime="2022-06-13T21:13:44.9463842+02:00" endTime="2022-06-13T21:13:44.9464035+02:00" testType="13cdc9d9-ddb5-4fa4-a97d-d965ccfc6d4b" outcome="Passed" testListId="8c84fa94-04c1-424b-9868-57a2d4851a1d" relativeResultsDirectory="4a147ae7-af03-4d6a-acf7-6d7ae15e83ce" />
    <UnitTestResult executionId="f56897ae-2b2d-4dad-b777-571c1198fee8" testId="8ba4f73b-ec87-c89b-2641-8f6e59861d2d" testName="FormatToStringTest1000(11829.625994884234d,&quot;11829.63 zł&quot;)" computerName="DESKTOP-5URQ9PB" duration="00:00:00.0000190" startTime="2022-06-13T21:13:44.9299689+02:00" endTime="2022-06-13T21:13:44.9299879+02:00" testType="13cdc9d9-ddb5-4fa4-a97d-d965ccfc6d4b" outcome="Passed" testListId="8c84fa94-04c1-424b-9868-57a2d4851a1d" relativeResultsDirectory="f56897ae-2b2d-4dad-b777-571c1198fee8" />
    <UnitTestResult executionId="9f959007-a8fa-475e-84e0-90ac417d4012" testId="244a126b-865c-f129-c9cf-f22a9a00e343" testName="FormatToStringTest1000(9628.688698104437d,&quot;9628.69 zł&quot;)" computerName="DESKTOP-5URQ9PB" duration="00:00:00.0000180" startTime="2022-06-13T21:13:44.9406551+02:00" endTime="2022-06-13T21:13:44.9406732+02:00" testType="13cdc9d9-ddb5-4fa4-a97d-d965ccfc6d4b" outcome="Passed" testListId="8c84fa94-04c1-424b-9868-57a2d4851a1d" relativeResultsDirectory="9f959007-a8fa-475e-84e0-90ac417d4012" />
    <UnitTestResult executionId="bcfb33c1-fd79-4ae6-95b4-6856eb31a22c" testId="a50649ef-585c-8158-fd90-9ac54f51f860" testName="FormatToStringTest1000(2963.24443391815d,&quot;2963.24 zł&quot;)" computerName="DESKTOP-5URQ9PB" duration="00:00:00.0000190" startTime="2022-06-13T21:13:44.9320692+02:00" endTime="2022-06-13T21:13:44.9320882+02:00" testType="13cdc9d9-ddb5-4fa4-a97d-d965ccfc6d4b" outcome="Passed" testListId="8c84fa94-04c1-424b-9868-57a2d4851a1d" relativeResultsDirectory="bcfb33c1-fd79-4ae6-95b4-6856eb31a22c" />
    <UnitTestResult executionId="e5da7635-5cb8-40a3-b138-d4c4a9353ff0" testId="527d41f4-ee35-aeed-39d2-777e78659af8" testName="FormatToStringTest1000(18786.954468002055d,&quot;18786.95 zł&quot;)" computerName="DESKTOP-5URQ9PB" duration="00:00:00.0000190" startTime="2022-06-13T21:13:44.9318941+02:00" endTime="2022-06-13T21:13:44.9319132+02:00" testType="13cdc9d9-ddb5-4fa4-a97d-d965ccfc6d4b" outcome="Passed" testListId="8c84fa94-04c1-424b-9868-57a2d4851a1d" relativeResultsDirectory="e5da7635-5cb8-40a3-b138-d4c4a9353ff0" />
    <UnitTestResult executionId="b08b513d-2fd3-4821-9327-1cff5388f3c1" testId="c51581ef-f81a-dd7d-4cbf-75770d6a883f" testName="FormatToStringTest1000(4105.490993980081d,&quot;4105.49 zł&quot;)" computerName="DESKTOP-5URQ9PB" duration="00:00:00.0000190" startTime="2022-06-13T21:13:44.9252539+02:00" endTime="2022-06-13T21:13:44.9252729+02:00" testType="13cdc9d9-ddb5-4fa4-a97d-d965ccfc6d4b" outcome="Passed" testListId="8c84fa94-04c1-424b-9868-57a2d4851a1d" relativeResultsDirectory="b08b513d-2fd3-4821-9327-1cff5388f3c1" />
    <UnitTestResult executionId="088abbc6-31d6-4b25-94bf-17e12f70e381" testId="c09eca31-2a58-b146-7d55-b556b7020c68" testName="FormatToStringTest1000(45603.90324273142d,&quot;45603.90 zł&quot;)" computerName="DESKTOP-5URQ9PB" duration="00:00:00.0000220" startTime="2022-06-13T21:13:44.9192114+02:00" endTime="2022-06-13T21:13:44.9192329+02:00" testType="13cdc9d9-ddb5-4fa4-a97d-d965ccfc6d4b" outcome="Passed" testListId="8c84fa94-04c1-424b-9868-57a2d4851a1d" relativeResultsDirectory="088abbc6-31d6-4b25-94bf-17e12f70e381" />
    <UnitTestResult executionId="03881f7a-999f-4866-962b-8a9a3b073d9b" testId="7d115265-369e-6487-e000-47e2ac4ab46b" testName="FormatToStringTest1000(61633.2671179945d,&quot;61633.27 zł&quot;)" computerName="DESKTOP-5URQ9PB" duration="00:00:00.0000190" startTime="2022-06-13T21:13:44.9295383+02:00" endTime="2022-06-13T21:13:44.9295567+02:00" testType="13cdc9d9-ddb5-4fa4-a97d-d965ccfc6d4b" outcome="Passed" testListId="8c84fa94-04c1-424b-9868-57a2d4851a1d" relativeResultsDirectory="03881f7a-999f-4866-962b-8a9a3b073d9b" />
    <UnitTestResult executionId="918f9955-0ae3-4f15-b924-c270bf6a10d7" testId="04eed3c3-572e-20dc-ebe7-5f007fb379ab" testName="FormatToStringTest1000(65204.90483536055d,&quot;65204.90 zł&quot;)" computerName="DESKTOP-5URQ9PB" duration="00:00:00.0000200" startTime="2022-06-13T21:13:44.9420450+02:00" endTime="2022-06-13T21:13:44.9420643+02:00" testType="13cdc9d9-ddb5-4fa4-a97d-d965ccfc6d4b" outcome="Passed" testListId="8c84fa94-04c1-424b-9868-57a2d4851a1d" relativeResultsDirectory="918f9955-0ae3-4f15-b924-c270bf6a10d7" />
    <UnitTestResult executionId="9c770431-d362-4111-9e09-ff627161bd07" testId="b4887e38-5397-4610-6733-1d86030ec9ea" testName="FormatToStringTest1000(24566.50251371856d,&quot;24566.50 zł&quot;)" computerName="DESKTOP-5URQ9PB" duration="00:00:00.0000190" startTime="2022-06-13T21:13:44.9323208+02:00" endTime="2022-06-13T21:13:44.9323397+02:00" testType="13cdc9d9-ddb5-4fa4-a97d-d965ccfc6d4b" outcome="Passed" testListId="8c84fa94-04c1-424b-9868-57a2d4851a1d" relativeResultsDirectory="9c770431-d362-4111-9e09-ff627161bd07" />
    <UnitTestResult executionId="35a43ca4-af78-47c1-8cfa-1e101afda323" testId="7e45dd7d-e48e-5c57-3fb0-37befdf85fdc" testName="FormatToStringTest1000(8492.904747505161d,&quot;8492.90 zł&quot;)" computerName="DESKTOP-5URQ9PB" duration="00:00:00.0000180" startTime="2022-06-13T21:13:44.9374756+02:00" endTime="2022-06-13T21:13:44.9374938+02:00" testType="13cdc9d9-ddb5-4fa4-a97d-d965ccfc6d4b" outcome="Passed" testListId="8c84fa94-04c1-424b-9868-57a2d4851a1d" relativeResultsDirectory="35a43ca4-af78-47c1-8cfa-1e101afda323" />
    <UnitTestResult executionId="fb591bf9-a311-4a12-808c-593e0f16e7f3" testId="d9e9b57c-4387-840e-e497-cce329a0c03e" testName="FormatToStringTest1000(39146.635743126564d,&quot;39146.64 zł&quot;)" computerName="DESKTOP-5URQ9PB" duration="00:00:00.0000180" startTime="2022-06-13T21:13:44.9224921+02:00" endTime="2022-06-13T21:13:44.9225103+02:00" testType="13cdc9d9-ddb5-4fa4-a97d-d965ccfc6d4b" outcome="Passed" testListId="8c84fa94-04c1-424b-9868-57a2d4851a1d" relativeResultsDirectory="fb591bf9-a311-4a12-808c-593e0f16e7f3" />
    <UnitTestResult executionId="04626266-7e73-4c03-a64a-405419336946" testId="0cdea9b8-a5e3-2983-1ccb-d986de17659d" testName="FormatToStringTest1000(38904.87092920806d,&quot;38904.87 zł&quot;)" computerName="DESKTOP-5URQ9PB" duration="00:00:00.0000200" startTime="2022-06-13T21:13:44.9335673+02:00" endTime="2022-06-13T21:13:44.9335870+02:00" testType="13cdc9d9-ddb5-4fa4-a97d-d965ccfc6d4b" outcome="Passed" testListId="8c84fa94-04c1-424b-9868-57a2d4851a1d" relativeResultsDirectory="04626266-7e73-4c03-a64a-405419336946" />
    <UnitTestResult executionId="43608dd2-6b12-4629-8967-9aad248d65b2" testId="1172006b-9d72-b3a7-ee7d-07862438f160" testName="FormatToStringTest1000(11944.74385168531d,&quot;11944.74 zł&quot;)" computerName="DESKTOP-5URQ9PB" duration="00:00:00.0000200" startTime="2022-06-13T21:13:44.9428042+02:00" endTime="2022-06-13T21:13:44.9428237+02:00" testType="13cdc9d9-ddb5-4fa4-a97d-d965ccfc6d4b" outcome="Passed" testListId="8c84fa94-04c1-424b-9868-57a2d4851a1d" relativeResultsDirectory="43608dd2-6b12-4629-8967-9aad248d65b2" />
    <UnitTestResult executionId="e86b2c61-c990-4c2e-b80d-c240222fbfd5" testId="30678609-1c69-68ef-6a0d-4b6cf4e5979d" testName="FormatToStringTest1000(2975.6892256134606d,&quot;2975.69 zł&quot;)" computerName="DESKTOP-5URQ9PB" duration="00:00:00.0000190" startTime="2022-06-13T21:13:44.9301676+02:00" endTime="2022-06-13T21:13:44.9301862+02:00" testType="13cdc9d9-ddb5-4fa4-a97d-d965ccfc6d4b" outcome="Passed" testListId="8c84fa94-04c1-424b-9868-57a2d4851a1d" relativeResultsDirectory="e86b2c61-c990-4c2e-b80d-c240222fbfd5" />
    <UnitTestResult executionId="9c355138-2505-4582-95fa-eb758078f7cc" testId="bf7aea95-4edb-be07-7de0-fdb7b0e337d5" testName="FormatToStringTest1000(40241.790964380736d,&quot;40241.79 zł&quot;)" computerName="DESKTOP-5URQ9PB" duration="00:00:00.0000190" startTime="2022-06-13T21:13:44.9411097+02:00" endTime="2022-06-13T21:13:44.9411287+02:00" testType="13cdc9d9-ddb5-4fa4-a97d-d965ccfc6d4b" outcome="Passed" testListId="8c84fa94-04c1-424b-9868-57a2d4851a1d" relativeResultsDirectory="9c355138-2505-4582-95fa-eb758078f7cc" />
    <UnitTestResult executionId="6c53bcb6-25a7-4b80-b059-844fe6b04a49" testId="1445b267-8883-4711-c51b-1a1ff5eca2f9" testName="FormatToStringTest1000(47630.39193684067d,&quot;47630.39 zł&quot;)" computerName="DESKTOP-5URQ9PB" duration="00:00:00.0000190" startTime="2022-06-13T21:13:44.9221192+02:00" endTime="2022-06-13T21:13:44.9221383+02:00" testType="13cdc9d9-ddb5-4fa4-a97d-d965ccfc6d4b" outcome="Passed" testListId="8c84fa94-04c1-424b-9868-57a2d4851a1d" relativeResultsDirectory="6c53bcb6-25a7-4b80-b059-844fe6b04a49" />
    <UnitTestResult executionId="71dadddc-cceb-4b16-8fed-eb2c53857347" testId="4593d3e0-40c6-d633-5fcd-f61df33025dc" testName="FormatToStringTest1000(12187.551827252633d,&quot;12187.55 zł&quot;)" computerName="DESKTOP-5URQ9PB" duration="00:00:00.0000190" startTime="2022-06-13T21:13:44.9245502+02:00" endTime="2022-06-13T21:13:44.9245687+02:00" testType="13cdc9d9-ddb5-4fa4-a97d-d965ccfc6d4b" outcome="Passed" testListId="8c84fa94-04c1-424b-9868-57a2d4851a1d" relativeResultsDirectory="71dadddc-cceb-4b16-8fed-eb2c53857347" />
    <UnitTestResult executionId="2d4747b2-3a2b-4a7a-9997-9c6ab8617696" testId="e39abc6e-a339-e385-747c-5c151d68fdc6" testName="FormatToStringTest1000(15591.4117417221d,&quot;15591.41 zł&quot;)" computerName="DESKTOP-5URQ9PB" duration="00:00:00.0000200" startTime="2022-06-13T21:13:44.9417435+02:00" endTime="2022-06-13T21:13:44.9417637+02:00" testType="13cdc9d9-ddb5-4fa4-a97d-d965ccfc6d4b" outcome="Passed" testListId="8c84fa94-04c1-424b-9868-57a2d4851a1d" relativeResultsDirectory="2d4747b2-3a2b-4a7a-9997-9c6ab8617696" />
    <UnitTestResult executionId="2f512bc9-55e8-4e04-b846-72ff1caa0614" testId="c350fedf-0a65-57f7-f133-063ae7c0e4c8" testName="FormatToStringTest1000(96261.84883437205d,&quot;96261.85 zł&quot;)" computerName="DESKTOP-5URQ9PB" duration="00:00:00.0000190" startTime="2022-06-13T21:13:44.9414104+02:00" endTime="2022-06-13T21:13:44.9414296+02:00" testType="13cdc9d9-ddb5-4fa4-a97d-d965ccfc6d4b" outcome="Passed" testListId="8c84fa94-04c1-424b-9868-57a2d4851a1d" relativeResultsDirectory="2f512bc9-55e8-4e04-b846-72ff1caa0614" />
    <UnitTestResult executionId="c0f9ccb6-67b1-4299-bbdc-4d70411a9870" testId="0736f335-702e-d9c8-77f1-e0501c90e917" testName="FormatToStringTest1000(19873.59831658453d,&quot;19873.60 zł&quot;)" computerName="DESKTOP-5URQ9PB" duration="00:00:00.0000190" startTime="2022-06-13T21:13:44.9380133+02:00" endTime="2022-06-13T21:13:44.9380325+02:00" testType="13cdc9d9-ddb5-4fa4-a97d-d965ccfc6d4b" outcome="Passed" testListId="8c84fa94-04c1-424b-9868-57a2d4851a1d" relativeResultsDirectory="c0f9ccb6-67b1-4299-bbdc-4d70411a9870" />
    <UnitTestResult executionId="141b19da-7597-44f2-b75b-c8bf6a1d4d1d" testId="faa22825-903a-641b-03f7-ccff8cccfbb2" testName="FormatToStringTest1000(10762.501695533518d,&quot;10762.50 zł&quot;)" computerName="DESKTOP-5URQ9PB" duration="00:00:00.0000190" startTime="2022-06-13T21:13:44.9355940+02:00" endTime="2022-06-13T21:13:44.9356123+02:00" testType="13cdc9d9-ddb5-4fa4-a97d-d965ccfc6d4b" outcome="Passed" testListId="8c84fa94-04c1-424b-9868-57a2d4851a1d" relativeResultsDirectory="141b19da-7597-44f2-b75b-c8bf6a1d4d1d" />
    <UnitTestResult executionId="07a9131d-aa70-46d6-be92-529e76567f66" testId="fb944051-8a30-bb84-bc2a-dc4270028415" testName="FormatToStringTest1000(68011.49219071423d,&quot;68011.49 zł&quot;)" computerName="DESKTOP-5URQ9PB" duration="00:00:00.0000180" startTime="2022-06-13T21:13:44.9350920+02:00" endTime="2022-06-13T21:13:44.9351103+02:00" testType="13cdc9d9-ddb5-4fa4-a97d-d965ccfc6d4b" outcome="Passed" testListId="8c84fa94-04c1-424b-9868-57a2d4851a1d" relativeResultsDirectory="07a9131d-aa70-46d6-be92-529e76567f66" />
    <UnitTestResult executionId="28d1aa8c-edc1-4fe0-ac91-5accf416a40b" testId="46c08f6b-08d4-7992-5df4-ed97e4b42fc1" testName="FormatToStringTest1000(78822.37212685234d,&quot;78822.37 zł&quot;)" computerName="DESKTOP-5URQ9PB" duration="00:00:00.0000190" startTime="2022-06-13T21:13:44.9204104+02:00" endTime="2022-06-13T21:13:44.9204290+02:00" testType="13cdc9d9-ddb5-4fa4-a97d-d965ccfc6d4b" outcome="Passed" testListId="8c84fa94-04c1-424b-9868-57a2d4851a1d" relativeResultsDirectory="28d1aa8c-edc1-4fe0-ac91-5accf416a40b" />
    <UnitTestResult executionId="a0a58bb2-a0cb-4fd9-85ca-9c3b0319d40b" testId="b1d26b6f-e2ab-c7af-55d4-4d9f04f43eca" testName="FormatToStringTest1000(49416.285282306504d,&quot;49416.29 zł&quot;)" computerName="DESKTOP-5URQ9PB" duration="00:00:00.0000200" startTime="2022-06-13T21:13:44.9398028+02:00" endTime="2022-06-13T21:13:44.9398221+02:00" testType="13cdc9d9-ddb5-4fa4-a97d-d965ccfc6d4b" outcome="Passed" testListId="8c84fa94-04c1-424b-9868-57a2d4851a1d" relativeResultsDirectory="a0a58bb2-a0cb-4fd9-85ca-9c3b0319d40b" />
    <UnitTestResult executionId="e7a7bb19-9593-4003-a3e8-6c41a70cfa91" testId="bb5a2e9a-5cdb-f48d-dc56-2c3c111c851a" testName="FormatToStringTest1000(60017.857676936714d,&quot;60017.86 zł&quot;)" computerName="DESKTOP-5URQ9PB" duration="00:00:00.0000200" startTime="2022-06-13T21:13:44.9430284+02:00" endTime="2022-06-13T21:13:44.9430480+02:00" testType="13cdc9d9-ddb5-4fa4-a97d-d965ccfc6d4b" outcome="Passed" testListId="8c84fa94-04c1-424b-9868-57a2d4851a1d" relativeResultsDirectory="e7a7bb19-9593-4003-a3e8-6c41a70cfa91" />
    <UnitTestResult executionId="4c715689-46f3-4e5f-ab1c-cb04d1db72bd" testId="e6e7fdd0-b12d-1312-3dc2-3384a5e7d999" testName="FormatToStringTest1000(29539.32303995328d,&quot;29539.32 zł&quot;)" computerName="DESKTOP-5URQ9PB" duration="00:00:00.0000200" startTime="2022-06-13T21:13:44.9300429+02:00" endTime="2022-06-13T21:13:44.9300627+02:00" testType="13cdc9d9-ddb5-4fa4-a97d-d965ccfc6d4b" outcome="Passed" testListId="8c84fa94-04c1-424b-9868-57a2d4851a1d" relativeResultsDirectory="4c715689-46f3-4e5f-ab1c-cb04d1db72bd" />
    <UnitTestResult executionId="3f6faf88-1e16-438f-910b-fee3dd7db02d" testId="a791af51-cffc-4361-1fd8-8baf48da92e6" testName="FormatToStringTest1000(15639.704937780603d,&quot;15639.70 zł&quot;)" computerName="DESKTOP-5URQ9PB" duration="00:00:00.0000200" startTime="2022-06-13T21:13:44.9200379+02:00" endTime="2022-06-13T21:13:44.9200573+02:00" testType="13cdc9d9-ddb5-4fa4-a97d-d965ccfc6d4b" outcome="Passed" testListId="8c84fa94-04c1-424b-9868-57a2d4851a1d" relativeResultsDirectory="3f6faf88-1e16-438f-910b-fee3dd7db02d" />
    <UnitTestResult executionId="db60a4bb-d64e-4ec9-b6c9-46e838d158b6" testId="4b337c41-7f92-2137-58f8-ec4a04af8e6b" testName="FormatToStringTest1000(1514.6266382441981d,&quot;1514.63 zł&quot;)" computerName="DESKTOP-5URQ9PB" duration="00:00:00.0000190" startTime="2022-06-13T21:13:44.9282025+02:00" endTime="2022-06-13T21:13:44.9282212+02:00" testType="13cdc9d9-ddb5-4fa4-a97d-d965ccfc6d4b" outcome="Passed" testListId="8c84fa94-04c1-424b-9868-57a2d4851a1d" relativeResultsDirectory="db60a4bb-d64e-4ec9-b6c9-46e838d158b6" />
    <UnitTestResult executionId="b724fa3b-95d3-4665-8adb-e52677e5493b" testId="dd25fada-bd11-6a30-c38c-abafcc1ac188" testName="FormatToStringTest1000(44499.288016808816d,&quot;44499.29 zł&quot;)" computerName="DESKTOP-5URQ9PB" duration="00:00:00.0000190" startTime="2022-06-13T21:13:44.9299444+02:00" endTime="2022-06-13T21:13:44.9299628+02:00" testType="13cdc9d9-ddb5-4fa4-a97d-d965ccfc6d4b" outcome="Passed" testListId="8c84fa94-04c1-424b-9868-57a2d4851a1d" relativeResultsDirectory="b724fa3b-95d3-4665-8adb-e52677e5493b" />
    <UnitTestResult executionId="9b0bed11-05f9-4502-b5d0-73051832ed02" testId="af79a348-5fb3-03eb-c3ed-5bb2185640a5" testName="FormatToStringTest1000(3195.202943510936d,&quot;3195.20 zł&quot;)" computerName="DESKTOP-5URQ9PB" duration="00:00:00.0000190" startTime="2022-06-13T21:13:44.9266859+02:00" endTime="2022-06-13T21:13:44.9267050+02:00" testType="13cdc9d9-ddb5-4fa4-a97d-d965ccfc6d4b" outcome="Passed" testListId="8c84fa94-04c1-424b-9868-57a2d4851a1d" relativeResultsDirectory="9b0bed11-05f9-4502-b5d0-73051832ed02" />
    <UnitTestResult executionId="8e558cc9-ca85-4e82-9e40-368743e38036" testId="c994fcbd-cf70-f011-3e5f-4e6d74bb71af" testName="FormatToStringTest1000(30722.846572104303d,&quot;30722.85 zł&quot;)" computerName="DESKTOP-5URQ9PB" duration="00:00:00.0000190" startTime="2022-06-13T21:13:44.9348431+02:00" endTime="2022-06-13T21:13:44.9348620+02:00" testType="13cdc9d9-ddb5-4fa4-a97d-d965ccfc6d4b" outcome="Passed" testListId="8c84fa94-04c1-424b-9868-57a2d4851a1d" relativeResultsDirectory="8e558cc9-ca85-4e82-9e40-368743e38036" />
    <UnitTestResult executionId="c1a3e188-b3ec-4fc1-9c77-430ce72da5ce" testId="29116375-ac95-4d53-91ed-53d27bf037c6" testName="FormatToStringTest1000(33251.41907856028d,&quot;33251.42 zł&quot;)" computerName="DESKTOP-5URQ9PB" duration="00:00:00.0000200" startTime="2022-06-13T21:13:44.9222433+02:00" endTime="2022-06-13T21:13:44.9222626+02:00" testType="13cdc9d9-ddb5-4fa4-a97d-d965ccfc6d4b" outcome="Passed" testListId="8c84fa94-04c1-424b-9868-57a2d4851a1d" relativeResultsDirectory="c1a3e188-b3ec-4fc1-9c77-430ce72da5ce" />
    <UnitTestResult executionId="03addec9-80ee-49a9-9e62-4a7a1d6792e5" testId="12383f93-d6c8-4041-5607-6e0714b305f6" testName="FormatToStringTest1000(43727.735558145556d,&quot;43727.74 zł&quot;)" computerName="DESKTOP-5URQ9PB" duration="00:00:00.0000180" startTime="2022-06-13T21:13:44.9276184+02:00" endTime="2022-06-13T21:13:44.9276363+02:00" testType="13cdc9d9-ddb5-4fa4-a97d-d965ccfc6d4b" outcome="Passed" testListId="8c84fa94-04c1-424b-9868-57a2d4851a1d" relativeResultsDirectory="03addec9-80ee-49a9-9e62-4a7a1d6792e5" />
    <UnitTestResult executionId="be93d63a-3b5c-4738-910b-9b91779cdb88" testId="e2a03079-8dae-3d38-3cf5-f27f7a4202a4" testName="FormatToStringTest1000(4612.32080757633d,&quot;4612.32 zł&quot;)" computerName="DESKTOP-5URQ9PB" duration="00:00:00.0000190" startTime="2022-06-13T21:13:44.9406048+02:00" endTime="2022-06-13T21:13:44.9406233+02:00" testType="13cdc9d9-ddb5-4fa4-a97d-d965ccfc6d4b" outcome="Passed" testListId="8c84fa94-04c1-424b-9868-57a2d4851a1d" relativeResultsDirectory="be93d63a-3b5c-4738-910b-9b91779cdb88" />
    <UnitTestResult executionId="8c797c66-125d-44f3-a3bf-236fa69608e0" testId="35a2b898-28ef-3d54-ad66-b8bbc7ede2a3" testName="FormatToStringTest1000(19796.212103914568d,&quot;19796.21 zł&quot;)" computerName="DESKTOP-5URQ9PB" duration="00:00:00.0000380" startTime="2022-06-13T21:13:44.9307567+02:00" endTime="2022-06-13T21:13:44.9307944+02:00" testType="13cdc9d9-ddb5-4fa4-a97d-d965ccfc6d4b" outcome="Passed" testListId="8c84fa94-04c1-424b-9868-57a2d4851a1d" relativeResultsDirectory="8c797c66-125d-44f3-a3bf-236fa69608e0" />
    <UnitTestResult executionId="231d038c-59a0-4ec7-9df4-a2a5dfbe7e9b" testId="7a0e454f-7db2-d7d6-0df6-561708317bba" testName="FormatToStringTest1000(20116.958341299072d,&quot;20116.96 zł&quot;)" computerName="DESKTOP-5URQ9PB" duration="00:00:00.0000190" startTime="2022-06-13T21:13:44.9360245+02:00" endTime="2022-06-13T21:13:44.9360432+02:00" testType="13cdc9d9-ddb5-4fa4-a97d-d965ccfc6d4b" outcome="Passed" testListId="8c84fa94-04c1-424b-9868-57a2d4851a1d" relativeResultsDirectory="231d038c-59a0-4ec7-9df4-a2a5dfbe7e9b" />
    <UnitTestResult executionId="5e831d23-eda4-4999-ad70-87c608161481" testId="803aabd0-814c-fa5a-ba0b-84820a2be95d" testName="FormatToStringTest1000(11796.576829059317d,&quot;11796.58 zł&quot;)" computerName="DESKTOP-5URQ9PB" duration="00:00:00.0000180" startTime="2022-06-13T21:13:44.9395719+02:00" endTime="2022-06-13T21:13:44.9395903+02:00" testType="13cdc9d9-ddb5-4fa4-a97d-d965ccfc6d4b" outcome="Passed" testListId="8c84fa94-04c1-424b-9868-57a2d4851a1d" relativeResultsDirectory="5e831d23-eda4-4999-ad70-87c608161481" />
    <UnitTestResult executionId="54cf0737-bc7c-4c0e-947b-6795652e7680" testId="be961a03-49b0-93a8-a575-29626617f5f3" testName="FormatToStringTest1000(23023.74724929768d,&quot;23023.75 zł&quot;)" computerName="DESKTOP-5URQ9PB" duration="00:00:00.0000190" startTime="2022-06-13T21:13:44.9333933+02:00" endTime="2022-06-13T21:13:44.9334123+02:00" testType="13cdc9d9-ddb5-4fa4-a97d-d965ccfc6d4b" outcome="Passed" testListId="8c84fa94-04c1-424b-9868-57a2d4851a1d" relativeResultsDirectory="54cf0737-bc7c-4c0e-947b-6795652e7680" />
    <UnitTestResult executionId="16a28355-e012-4c57-b07f-b3a651767974" testId="4860ad68-0544-30ce-66fd-690992dae18e" testName="FormatToStringTest1000(49256.65708813195d,&quot;49256.66 zł&quot;)" computerName="DESKTOP-5URQ9PB" duration="00:00:00.0000190" startTime="2022-06-13T21:13:44.9360000+02:00" endTime="2022-06-13T21:13:44.9360184+02:00" testType="13cdc9d9-ddb5-4fa4-a97d-d965ccfc6d4b" outcome="Passed" testListId="8c84fa94-04c1-424b-9868-57a2d4851a1d" relativeResultsDirectory="16a28355-e012-4c57-b07f-b3a651767974" />
    <UnitTestResult executionId="ef068fb3-b055-407e-9983-818d40e290fa" testId="28a678d1-0284-2779-ed67-e16002278e6b" testName="FormatToStringTest1000(6145.531235831571d,&quot;6145.53 zł&quot;)" computerName="DESKTOP-5URQ9PB" duration="00:00:00.0000190" startTime="2022-06-13T21:13:44.9271926+02:00" endTime="2022-06-13T21:13:44.9272110+02:00" testType="13cdc9d9-ddb5-4fa4-a97d-d965ccfc6d4b" outcome="Passed" testListId="8c84fa94-04c1-424b-9868-57a2d4851a1d" relativeResultsDirectory="ef068fb3-b055-407e-9983-818d40e290fa" />
    <UnitTestResult executionId="0a1f81d4-7483-4b00-8c9a-1b5556d50cdd" testId="114d6aa2-3c70-c374-d5cb-1675b6f9d5e6" testName="FormatToStringTest1000(8499.121443388574d,&quot;8499.12 zł&quot;)" computerName="DESKTOP-5URQ9PB" duration="00:00:00.0000190" startTime="2022-06-13T21:13:44.9202124+02:00" endTime="2022-06-13T21:13:44.9202314+02:00" testType="13cdc9d9-ddb5-4fa4-a97d-d965ccfc6d4b" outcome="Passed" testListId="8c84fa94-04c1-424b-9868-57a2d4851a1d" relativeResultsDirectory="0a1f81d4-7483-4b00-8c9a-1b5556d50cdd" />
    <UnitTestResult executionId="33c8f4bc-aed6-4e63-9fb6-434df3d93513" testId="adedbc1e-8d02-07f8-2158-2d31b0c1df72" testName="FormatToStringTest1000(55457.96873490278d,&quot;55457.97 zł&quot;)" computerName="DESKTOP-5URQ9PB" duration="00:00:00.0000190" startTime="2022-06-13T21:13:44.9362233+02:00" endTime="2022-06-13T21:13:44.9362419+02:00" testType="13cdc9d9-ddb5-4fa4-a97d-d965ccfc6d4b" outcome="Passed" testListId="8c84fa94-04c1-424b-9868-57a2d4851a1d" relativeResultsDirectory="33c8f4bc-aed6-4e63-9fb6-434df3d93513" />
    <UnitTestResult executionId="a5f23415-e0ea-47c8-a986-9644976f6349" testId="d9e3c39e-a746-2b8a-5354-8ea82331bcd9" testName="FormatToStringTest1000(9151.103070427245d,&quot;9151.10 zł&quot;)" computerName="DESKTOP-5URQ9PB" duration="00:00:00.0000200" startTime="2022-06-13T21:13:44.9431543+02:00" endTime="2022-06-13T21:13:44.9431738+02:00" testType="13cdc9d9-ddb5-4fa4-a97d-d965ccfc6d4b" outcome="Passed" testListId="8c84fa94-04c1-424b-9868-57a2d4851a1d" relativeResultsDirectory="a5f23415-e0ea-47c8-a986-9644976f6349" />
    <UnitTestResult executionId="24b7f8ad-fa54-467f-ac75-048aef20434a" testId="1640b6a1-03c2-f3db-49e3-38921c8dee24" testName="FormatToStringTest1000(964.9678631783313d,&quot;964.97 zł&quot;)" computerName="DESKTOP-5URQ9PB" duration="00:00:00.0000190" startTime="2022-06-13T21:13:44.9258616+02:00" endTime="2022-06-13T21:13:44.9258800+02:00" testType="13cdc9d9-ddb5-4fa4-a97d-d965ccfc6d4b" outcome="Passed" testListId="8c84fa94-04c1-424b-9868-57a2d4851a1d" relativeResultsDirectory="24b7f8ad-fa54-467f-ac75-048aef20434a" />
    <UnitTestResult executionId="33a4cdc0-6fab-4fbb-ba21-6583ec5f4aa6" testId="1ea77442-f3cd-edae-4255-8405196cf08f" testName="FormatToStringTest1000(748.6264857065987d,&quot;748.63 zł&quot;)" computerName="DESKTOP-5URQ9PB" duration="00:00:00.0000190" startTime="2022-06-13T21:13:44.9305945+02:00" endTime="2022-06-13T21:13:44.9306135+02:00" testType="13cdc9d9-ddb5-4fa4-a97d-d965ccfc6d4b" outcome="Passed" testListId="8c84fa94-04c1-424b-9868-57a2d4851a1d" relativeResultsDirectory="33a4cdc0-6fab-4fbb-ba21-6583ec5f4aa6" />
    <UnitTestResult executionId="22a9c2c4-a4f8-46e8-84f7-48c85209597c" testId="2cb249c3-2f01-c9f4-7658-4d0e9af8d192" testName="FormatToStringTest1000(972.1468308629221d,&quot;972.15 zł&quot;)" computerName="DESKTOP-5URQ9PB" duration="00:00:00.0000190" startTime="2022-06-13T21:13:44.9338498+02:00" endTime="2022-06-13T21:13:44.9338682+02:00" testType="13cdc9d9-ddb5-4fa4-a97d-d965ccfc6d4b" outcome="Passed" testListId="8c84fa94-04c1-424b-9868-57a2d4851a1d" relativeResultsDirectory="22a9c2c4-a4f8-46e8-84f7-48c85209597c" />
    <UnitTestResult executionId="f0f40727-fa19-4e58-a6fa-8125621fce32" testId="3de5845a-c4ac-d187-6027-553f442e3ad2" testName="FormatToStringTest1000(79973.08417819678d,&quot;79973.08 zł&quot;)" computerName="DESKTOP-5URQ9PB" duration="00:00:00.0000190" startTime="2022-06-13T21:13:44.9189821+02:00" endTime="2022-06-13T21:13:44.9190010+02:00" testType="13cdc9d9-ddb5-4fa4-a97d-d965ccfc6d4b" outcome="Passed" testListId="8c84fa94-04c1-424b-9868-57a2d4851a1d" relativeResultsDirectory="f0f40727-fa19-4e58-a6fa-8125621fce32" />
    <UnitTestResult executionId="3c4179a3-0fbe-4597-a5f3-7fd3a522d55c" testId="71b5ba87-68b9-157d-6948-87a1827119b3" testName="FormatToStringTest1000(32566.30279101259d,&quot;32566.30 zł&quot;)" computerName="DESKTOP-5URQ9PB" duration="00:00:00.0000190" startTime="2022-06-13T21:13:44.9216141+02:00" endTime="2022-06-13T21:13:44.9216330+02:00" testType="13cdc9d9-ddb5-4fa4-a97d-d965ccfc6d4b" outcome="Passed" testListId="8c84fa94-04c1-424b-9868-57a2d4851a1d" relativeResultsDirectory="3c4179a3-0fbe-4597-a5f3-7fd3a522d55c" />
    <UnitTestResult executionId="42dc3ca1-2d0b-46e5-8bed-8d31556fdbb4" testId="cee29849-c944-ee97-87d2-c62444a8a328" testName="FormatToStringTest1000(34062.88803158276d,&quot;34062.89 zł&quot;)" computerName="DESKTOP-5URQ9PB" duration="00:00:00.0000190" startTime="2022-06-13T21:13:44.9411852+02:00" endTime="2022-06-13T21:13:44.9412037+02:00" testType="13cdc9d9-ddb5-4fa4-a97d-d965ccfc6d4b" outcome="Passed" testListId="8c84fa94-04c1-424b-9868-57a2d4851a1d" relativeResultsDirectory="42dc3ca1-2d0b-46e5-8bed-8d31556fdbb4" />
    <UnitTestResult executionId="3b43274e-ade4-487b-950a-a61ff608058f" testId="86ff0f06-37e1-737e-28e1-e4da0cef4001" testName="FormatToStringTest1000(3303.1902076747224d,&quot;3303.19 zł&quot;)" computerName="DESKTOP-5URQ9PB" duration="00:00:00.0000190" startTime="2022-06-13T21:13:44.9310848+02:00" endTime="2022-06-13T21:13:44.9311031+02:00" testType="13cdc9d9-ddb5-4fa4-a97d-d965ccfc6d4b" outcome="Passed" testListId="8c84fa94-04c1-424b-9868-57a2d4851a1d" relativeResultsDirectory="3b43274e-ade4-487b-950a-a61ff608058f" />
    <UnitTestResult executionId="145e880a-dbb9-4839-a6c8-6459bf7427b1" testId="610f0902-3657-5dff-20ec-353a29cbd7c4" testName="FormatToStringTest1000(13206.129467931636d,&quot;13206.13 zł&quot;)" computerName="DESKTOP-5URQ9PB" duration="00:00:00.0000200" startTime="2022-06-13T21:13:44.9348172+02:00" endTime="2022-06-13T21:13:44.9348369+02:00" testType="13cdc9d9-ddb5-4fa4-a97d-d965ccfc6d4b" outcome="Passed" testListId="8c84fa94-04c1-424b-9868-57a2d4851a1d" relativeResultsDirectory="145e880a-dbb9-4839-a6c8-6459bf7427b1" />
    <UnitTestResult executionId="9f4a0de3-588d-461b-aaa8-89d40c49cba9" testId="a64a893d-a7c9-f50c-de3c-debed5fa79b5" testName="FormatToStringTest1000(15841.26419853478d,&quot;15841.26 zł&quot;)" computerName="DESKTOP-5URQ9PB" duration="00:00:00.0000190" startTime="2022-06-13T21:13:44.9409850+02:00" endTime="2022-06-13T21:13:44.9410042+02:00" testType="13cdc9d9-ddb5-4fa4-a97d-d965ccfc6d4b" outcome="Passed" testListId="8c84fa94-04c1-424b-9868-57a2d4851a1d" relativeResultsDirectory="9f4a0de3-588d-461b-aaa8-89d40c49cba9" />
    <UnitTestResult executionId="3dcbe509-88ae-440e-885a-01204486392b" testId="d685c2c4-f219-af53-1ba4-f062b4ec12ac" testName="FormatToStringTest1000(9657.360676611475d,&quot;9657.36 zł&quot;)" computerName="DESKTOP-5URQ9PB" duration="00:00:00.0000190" startTime="2022-06-13T21:13:44.9298189+02:00" endTime="2022-06-13T21:13:44.9298375+02:00" testType="13cdc9d9-ddb5-4fa4-a97d-d965ccfc6d4b" outcome="Passed" testListId="8c84fa94-04c1-424b-9868-57a2d4851a1d" relativeResultsDirectory="3dcbe509-88ae-440e-885a-01204486392b" />
    <UnitTestResult executionId="fe081943-2752-4269-a818-7aba4fd713cd" testId="979c090f-8c86-d264-67f3-13520744166b" testName="FormatToStringTest1000(30138.55109863102d,&quot;30138.55 zł&quot;)" computerName="DESKTOP-5URQ9PB" duration="00:00:00.0000190" startTime="2022-06-13T21:13:44.9350423+02:00" endTime="2022-06-13T21:13:44.9350606+02:00" testType="13cdc9d9-ddb5-4fa4-a97d-d965ccfc6d4b" outcome="Passed" testListId="8c84fa94-04c1-424b-9868-57a2d4851a1d" relativeResultsDirectory="fe081943-2752-4269-a818-7aba4fd713cd" />
    <UnitTestResult executionId="83b425e2-67dd-41f1-91fb-b6b78944c2f2" testId="fea06ea0-1747-ca17-2548-261210975e57" testName="FormatToStringTest1000(44065.726815678056d,&quot;44065.73 zł&quot;)" computerName="DESKTOP-5URQ9PB" duration="00:00:00.0000210" startTime="2022-06-13T21:13:44.9257348+02:00" endTime="2022-06-13T21:13:44.9257558+02:00" testType="13cdc9d9-ddb5-4fa4-a97d-d965ccfc6d4b" outcome="Passed" testListId="8c84fa94-04c1-424b-9868-57a2d4851a1d" relativeResultsDirectory="83b425e2-67dd-41f1-91fb-b6b78944c2f2" />
    <UnitTestResult executionId="be6e7c1c-c436-4b4f-84a7-a3609c464c55" testId="63800d30-d6ac-f352-9000-d5ae21ee34db" testName="FormatToStringTest1000(30111.54342534372d,&quot;30111.54 zł&quot;)" computerName="DESKTOP-5URQ9PB" duration="00:00:00.0000190" startTime="2022-06-13T21:13:44.9422229+02:00" endTime="2022-06-13T21:13:44.9422418+02:00" testType="13cdc9d9-ddb5-4fa4-a97d-d965ccfc6d4b" outcome="Passed" testListId="8c84fa94-04c1-424b-9868-57a2d4851a1d" relativeResultsDirectory="be6e7c1c-c436-4b4f-84a7-a3609c464c55" />
    <UnitTestResult executionId="4ec690f9-0a1b-4aea-aa1d-eeedb911f844" testId="a08c8488-fa9f-7deb-e37e-0124bdaf71c9" testName="FormatToStringTest1000(70771.4436677524d,&quot;70771.44 zł&quot;)" computerName="DESKTOP-5URQ9PB" duration="00:00:00.0000200" startTime="2022-06-13T21:13:44.9213149+02:00" endTime="2022-06-13T21:13:44.9213343+02:00" testType="13cdc9d9-ddb5-4fa4-a97d-d965ccfc6d4b" outcome="Passed" testListId="8c84fa94-04c1-424b-9868-57a2d4851a1d" relativeResultsDirectory="4ec690f9-0a1b-4aea-aa1d-eeedb911f844" />
    <UnitTestResult executionId="e71e101d-cae1-4c8b-8643-315900742996" testId="8184eede-89c1-758f-6b98-b1536f1bc7e0" testName="FormatToStringTest1000(49256.47455728635d,&quot;49256.47 zł&quot;)" computerName="DESKTOP-5URQ9PB" duration="00:00:00.0000190" startTime="2022-06-13T21:13:44.9432302+02:00" endTime="2022-06-13T21:13:44.9432487+02:00" testType="13cdc9d9-ddb5-4fa4-a97d-d965ccfc6d4b" outcome="Passed" testListId="8c84fa94-04c1-424b-9868-57a2d4851a1d" relativeResultsDirectory="e71e101d-cae1-4c8b-8643-315900742996" />
    <UnitTestResult executionId="0470fa30-6491-4f68-8176-346dc6a45530" testId="069167da-f488-ff65-4a0d-a2797b191242" testName="FormatToStringTest1000(395.45790295882983d,&quot;395.46 zł&quot;)" computerName="DESKTOP-5URQ9PB" duration="00:00:00.0000190" startTime="2022-06-13T21:13:44.9289875+02:00" endTime="2022-06-13T21:13:44.9290060+02:00" testType="13cdc9d9-ddb5-4fa4-a97d-d965ccfc6d4b" outcome="Passed" testListId="8c84fa94-04c1-424b-9868-57a2d4851a1d" relativeResultsDirectory="0470fa30-6491-4f68-8176-346dc6a45530" />
    <UnitTestResult executionId="da466a9f-67f0-46a4-a9bb-0244ab0dd496" testId="5bc31484-16d9-023b-e244-308f6e26f09a" testName="FormatToStringTest1000(30320.450517486992d,&quot;30320.45 zł&quot;)" computerName="DESKTOP-5URQ9PB" duration="00:00:00.0000200" startTime="2022-06-13T21:13:44.9306952+02:00" endTime="2022-06-13T21:13:44.9307148+02:00" testType="13cdc9d9-ddb5-4fa4-a97d-d965ccfc6d4b" outcome="Passed" testListId="8c84fa94-04c1-424b-9868-57a2d4851a1d" relativeResultsDirectory="da466a9f-67f0-46a4-a9bb-0244ab0dd496" />
    <UnitTestResult executionId="ea5f2b7b-1c00-42a8-8367-bd3b02c34ef0" testId="bf8e531c-343c-5c0a-d3e5-66c9023885a3" testName="FormatToStringTest1000(100.45267071130345d,&quot;100.45 zł&quot;)" computerName="DESKTOP-5URQ9PB" duration="00:00:00.0000180" startTime="2022-06-13T21:13:44.9242235+02:00" endTime="2022-06-13T21:13:44.9242417+02:00" testType="13cdc9d9-ddb5-4fa4-a97d-d965ccfc6d4b" outcome="Passed" testListId="8c84fa94-04c1-424b-9868-57a2d4851a1d" relativeResultsDirectory="ea5f2b7b-1c00-42a8-8367-bd3b02c34ef0" />
    <UnitTestResult executionId="ac316f1c-4cc4-4cf9-946e-a551af4890f1" testId="c4623a0a-608f-dd08-41f5-750ffba5ed05" testName="FormatToStringTest1000(24695.917440203913d,&quot;24695.92 zł&quot;)" computerName="DESKTOP-5URQ9PB" duration="00:00:00.0000180" startTime="2022-06-13T21:13:44.9329963+02:00" endTime="2022-06-13T21:13:44.9330145+02:00" testType="13cdc9d9-ddb5-4fa4-a97d-d965ccfc6d4b" outcome="Passed" testListId="8c84fa94-04c1-424b-9868-57a2d4851a1d" relativeResultsDirectory="ac316f1c-4cc4-4cf9-946e-a551af4890f1" />
    <UnitTestResult executionId="2cb65d0e-4420-4f5a-b958-4c0b913b59c2" testId="b56338b4-aae6-cbe0-3487-2e781b98c188" testName="FormatToStringTest1000(2937.138486199611d,&quot;2937.14 zł&quot;)" computerName="DESKTOP-5URQ9PB" duration="00:00:00.0000180" startTime="2022-06-13T21:13:44.9206607+02:00" endTime="2022-06-13T21:13:44.9206789+02:00" testType="13cdc9d9-ddb5-4fa4-a97d-d965ccfc6d4b" outcome="Passed" testListId="8c84fa94-04c1-424b-9868-57a2d4851a1d" relativeResultsDirectory="2cb65d0e-4420-4f5a-b958-4c0b913b59c2" />
    <UnitTestResult executionId="ead1c763-28cf-4a30-bd16-06cfeaf72b1e" testId="1476985a-ce79-252c-fc82-6cfb05e64152" testName="FormatToStringTest1000(6890.028458985514d,&quot;6890.03 zł&quot;)" computerName="DESKTOP-5URQ9PB" duration="00:00:00.0000190" startTime="2022-06-13T21:13:44.9198636+02:00" endTime="2022-06-13T21:13:44.9198825+02:00" testType="13cdc9d9-ddb5-4fa4-a97d-d965ccfc6d4b" outcome="Passed" testListId="8c84fa94-04c1-424b-9868-57a2d4851a1d" relativeResultsDirectory="ead1c763-28cf-4a30-bd16-06cfeaf72b1e" />
    <UnitTestResult executionId="7000366e-9a4c-4d8b-8030-34b843371c7d" testId="47e7ec55-4391-8546-d1c3-fb5db01a41e8" testName="FormatToStringTest1000(6213.265206352466d,&quot;6213.27 zł&quot;)" computerName="DESKTOP-5URQ9PB" duration="00:00:00.0000190" startTime="2022-06-13T21:13:44.9274938+02:00" endTime="2022-06-13T21:13:44.9275122+02:00" testType="13cdc9d9-ddb5-4fa4-a97d-d965ccfc6d4b" outcome="Passed" testListId="8c84fa94-04c1-424b-9868-57a2d4851a1d" relativeResultsDirectory="7000366e-9a4c-4d8b-8030-34b843371c7d" />
    <UnitTestResult executionId="68710bae-cd1f-47af-9696-67c910649d90" testId="1ae81526-c34e-30fb-a453-ec950aa3ef1c" testName="FormatToStringTest1000(12903.541202012237d,&quot;12903.54 zł&quot;)" computerName="DESKTOP-5URQ9PB" duration="00:00:00.0000190" startTime="2022-06-13T21:13:44.9260103+02:00" endTime="2022-06-13T21:13:44.9260287+02:00" testType="13cdc9d9-ddb5-4fa4-a97d-d965ccfc6d4b" outcome="Passed" testListId="8c84fa94-04c1-424b-9868-57a2d4851a1d" relativeResultsDirectory="68710bae-cd1f-47af-9696-67c910649d90" />
    <UnitTestResult executionId="7ea15097-32f8-4d18-9006-27aaeb2fd0e8" testId="580ab2d5-6b28-ec61-9de4-466295a56551" testName="FormatToStringTest1000(22459.530444447664d,&quot;22459.53 zł&quot;)" computerName="DESKTOP-5URQ9PB" duration="00:00:00.0000190" startTime="2022-06-13T21:13:44.9306450+02:00" endTime="2022-06-13T21:13:44.9306638+02:00" testType="13cdc9d9-ddb5-4fa4-a97d-d965ccfc6d4b" outcome="Passed" testListId="8c84fa94-04c1-424b-9868-57a2d4851a1d" relativeResultsDirectory="7ea15097-32f8-4d18-9006-27aaeb2fd0e8" />
    <UnitTestResult executionId="c32a1daa-aa58-4661-9889-af9c80c49cd2" testId="dadc7847-4729-edf6-eb4b-78006f9ee153" testName="FormatToStringTest1000(59283.7670322637d,&quot;59283.77 zł&quot;)" computerName="DESKTOP-5URQ9PB" duration="00:00:00.0000180" startTime="2022-06-13T21:13:44.9463595+02:00" endTime="2022-06-13T21:13:44.9463779+02:00" testType="13cdc9d9-ddb5-4fa4-a97d-d965ccfc6d4b" outcome="Passed" testListId="8c84fa94-04c1-424b-9868-57a2d4851a1d" relativeResultsDirectory="c32a1daa-aa58-4661-9889-af9c80c49cd2" />
    <UnitTestResult executionId="6cc3190e-4bda-43a3-86c9-2a1b52e56ccd" testId="0f34bf53-f1cd-8615-6e75-51f26224ccf1" testName="FormatToStringTest1000(37387.37521261972d,&quot;37387.38 zł&quot;)" computerName="DESKTOP-5URQ9PB" duration="00:00:00.0000190" startTime="2022-06-13T21:13:44.9365949+02:00" endTime="2022-06-13T21:13:44.9366133+02:00" testType="13cdc9d9-ddb5-4fa4-a97d-d965ccfc6d4b" outcome="Passed" testListId="8c84fa94-04c1-424b-9868-57a2d4851a1d" relativeResultsDirectory="6cc3190e-4bda-43a3-86c9-2a1b52e56ccd" />
    <UnitTestResult executionId="6ea259d5-453c-4836-8297-fa1275d27e3f" testId="ed9a5b1b-624c-3396-5757-abd8e668541b" testName="FormatToStringTest1000(2435.1995505835857d,&quot;2435.20 zł&quot;)" computerName="DESKTOP-5URQ9PB" duration="00:00:00.0000190" startTime="2022-06-13T21:13:44.9233443+02:00" endTime="2022-06-13T21:13:44.9233627+02:00" testType="13cdc9d9-ddb5-4fa4-a97d-d965ccfc6d4b" outcome="Passed" testListId="8c84fa94-04c1-424b-9868-57a2d4851a1d" relativeResultsDirectory="6ea259d5-453c-4836-8297-fa1275d27e3f" />
    <UnitTestResult executionId="d4501023-fb8b-4d8d-a845-0355f2bd8e2e" testId="510aaf45-0379-a668-36c0-4b4e838744ca" testName="FormatToStringTest1000(115.26302841131717d,&quot;115.26 zł&quot;)" computerName="DESKTOP-5URQ9PB" duration="00:00:00.0000190" startTime="2022-06-13T21:13:44.9237479+02:00" endTime="2022-06-13T21:13:44.9237669+02:00" testType="13cdc9d9-ddb5-4fa4-a97d-d965ccfc6d4b" outcome="Passed" testListId="8c84fa94-04c1-424b-9868-57a2d4851a1d" relativeResultsDirectory="d4501023-fb8b-4d8d-a845-0355f2bd8e2e" />
    <UnitTestResult executionId="921bdc61-7400-4a9e-a76a-adeb85a2a2ac" testId="2782a3f6-bb08-acfe-bfab-49ee7d2fdbfa" testName="FormatToStringTest1000(27187.549022783314d,&quot;27187.55 zł&quot;)" computerName="DESKTOP-5URQ9PB" duration="00:00:00.0000190" startTime="2022-06-13T21:13:44.9309821+02:00" endTime="2022-06-13T21:13:44.9310004+02:00" testType="13cdc9d9-ddb5-4fa4-a97d-d965ccfc6d4b" outcome="Passed" testListId="8c84fa94-04c1-424b-9868-57a2d4851a1d" relativeResultsDirectory="921bdc61-7400-4a9e-a76a-adeb85a2a2ac" />
    <UnitTestResult executionId="b1ec2371-e506-49ca-a2cf-bdeda4fd4c98" testId="3b6adeb2-dcf4-fb95-f3e8-26dcad169d8e" testName="FormatToStringTest1000(71554.9786298829d,&quot;71554.98 zł&quot;)" computerName="DESKTOP-5URQ9PB" duration="00:00:00.0000180" startTime="2022-06-13T21:13:44.9370247+02:00" endTime="2022-06-13T21:13:44.9370428+02:00" testType="13cdc9d9-ddb5-4fa4-a97d-d965ccfc6d4b" outcome="Passed" testListId="8c84fa94-04c1-424b-9868-57a2d4851a1d" relativeResultsDirectory="b1ec2371-e506-49ca-a2cf-bdeda4fd4c98" />
    <UnitTestResult executionId="8f1eb829-e5b7-4f93-98f2-54ab4bb3d6ed" testId="ff7d5d75-8704-2f07-483c-d76f3a2523cc" testName="FormatToStringTest1000(2835.0728237931958d,&quot;2835.07 zł&quot;)" computerName="DESKTOP-5URQ9PB" duration="00:00:00.0000190" startTime="2022-06-13T21:13:44.9340491+02:00" endTime="2022-06-13T21:13:44.9340683+02:00" testType="13cdc9d9-ddb5-4fa4-a97d-d965ccfc6d4b" outcome="Passed" testListId="8c84fa94-04c1-424b-9868-57a2d4851a1d" relativeResultsDirectory="8f1eb829-e5b7-4f93-98f2-54ab4bb3d6ed" />
    <UnitTestResult executionId="ac5d435f-c4d8-4f4f-8468-ac2081cb0a54" testId="f9ec4424-0f09-8ce8-d044-ac97ec1d16a8" testName="FormatToStringTest1000(72802.68569213277d,&quot;72802.69 zł&quot;)" computerName="DESKTOP-5URQ9PB" duration="00:00:00.0000190" startTime="2022-06-13T21:13:44.9399045+02:00" endTime="2022-06-13T21:13:44.9399233+02:00" testType="13cdc9d9-ddb5-4fa4-a97d-d965ccfc6d4b" outcome="Passed" testListId="8c84fa94-04c1-424b-9868-57a2d4851a1d" relativeResultsDirectory="ac5d435f-c4d8-4f4f-8468-ac2081cb0a54" />
    <UnitTestResult executionId="4a4ec794-05c2-4975-a843-ba92044a9e0c" testId="7ad4f46a-05fc-7c4a-853e-228ce39d4426" testName="FormatToStringTest1000(485.6735566554933d,&quot;485.67 zł&quot;)" computerName="DESKTOP-5URQ9PB" duration="00:00:00.0000180" startTime="2022-06-13T21:13:44.9232695+02:00" endTime="2022-06-13T21:13:44.9232876+02:00" testType="13cdc9d9-ddb5-4fa4-a97d-d965ccfc6d4b" outcome="Passed" testListId="8c84fa94-04c1-424b-9868-57a2d4851a1d" relativeResultsDirectory="4a4ec794-05c2-4975-a843-ba92044a9e0c" />
    <UnitTestResult executionId="d3e678ba-8fd8-44b3-94f3-34a42e9e11bb" testId="e0f11812-ae84-56fe-380e-aa4471665fb8" testName="FormatToStringTest1000(16511.26921423537d,&quot;16511.27 zł&quot;)" computerName="DESKTOP-5URQ9PB" duration="00:00:00.0000180" startTime="2022-06-13T21:13:44.9418456+02:00" endTime="2022-06-13T21:13:44.9418639+02:00" testType="13cdc9d9-ddb5-4fa4-a97d-d965ccfc6d4b" outcome="Passed" testListId="8c84fa94-04c1-424b-9868-57a2d4851a1d" relativeResultsDirectory="d3e678ba-8fd8-44b3-94f3-34a42e9e11bb" />
    <UnitTestResult executionId="cbfe5f9c-7999-4611-970e-4d8ebda742d8" testId="6429e0d9-dcee-fed4-29f3-6b39686056fc" testName="FormatToStringTest1000(16957.4523676757d,&quot;16957.45 zł&quot;)" computerName="DESKTOP-5URQ9PB" duration="00:00:00.0000180" startTime="2022-06-13T21:13:44.9319451+02:00" endTime="2022-06-13T21:13:44.9319634+02:00" testType="13cdc9d9-ddb5-4fa4-a97d-d965ccfc6d4b" outcome="Passed" testListId="8c84fa94-04c1-424b-9868-57a2d4851a1d" relativeResultsDirectory="cbfe5f9c-7999-4611-970e-4d8ebda742d8" />
    <UnitTestResult executionId="cff0040a-2aef-4d32-93f2-f34fe48ea50c" testId="ea0b7c7a-ce24-46f7-0862-63029307593e" testName="FormatToStringTest1000(2339.5873176472205d,&quot;2339.59 zł&quot;)" computerName="DESKTOP-5URQ9PB" duration="00:00:00.0000190" startTime="2022-06-13T21:13:44.9305436+02:00" endTime="2022-06-13T21:13:44.9305625+02:00" testType="13cdc9d9-ddb5-4fa4-a97d-d965ccfc6d4b" outcome="Passed" testListId="8c84fa94-04c1-424b-9868-57a2d4851a1d" relativeResultsDirectory="cff0040a-2aef-4d32-93f2-f34fe48ea50c" />
    <UnitTestResult executionId="94025878-6dfc-4f41-8aab-a181470e2382" testId="40bf488b-c6ae-b189-e7b5-8aa7dd656fea" testName="FormatToStringTest1000(22367.991005544547d,&quot;22367.99 zł&quot;)" computerName="DESKTOP-5URQ9PB" duration="00:00:00.0000180" startTime="2022-06-13T21:13:44.9349176+02:00" endTime="2022-06-13T21:13:44.9349358+02:00" testType="13cdc9d9-ddb5-4fa4-a97d-d965ccfc6d4b" outcome="Passed" testListId="8c84fa94-04c1-424b-9868-57a2d4851a1d" relativeResultsDirectory="94025878-6dfc-4f41-8aab-a181470e2382" />
    <UnitTestResult executionId="c0a17d12-94fc-425c-acaf-1ef7b84fc54c" testId="6ce0d4c6-4820-8d4a-179e-2d433a32b3e2" testName="FormatToStringTest1000(7202.052143613367d,&quot;7202.05 zł&quot;)" computerName="DESKTOP-5URQ9PB" duration="00:00:00.0000190" startTime="2022-06-13T21:13:44.9381393+02:00" endTime="2022-06-13T21:13:44.9381582+02:00" testType="13cdc9d9-ddb5-4fa4-a97d-d965ccfc6d4b" outcome="Passed" testListId="8c84fa94-04c1-424b-9868-57a2d4851a1d" relativeResultsDirectory="c0a17d12-94fc-425c-acaf-1ef7b84fc54c" />
    <UnitTestResult executionId="3545116b-5aac-4689-9b92-2c374edf23eb" testId="9277cfc2-3adf-cf52-f9f5-a84d42e6305c" testName="FormatToStringTest1000(24768.25771770359d,&quot;24768.26 zł&quot;)" computerName="DESKTOP-5URQ9PB" duration="00:00:00.0000180" startTime="2022-06-13T21:13:44.9269666+02:00" endTime="2022-06-13T21:13:44.9269847+02:00" testType="13cdc9d9-ddb5-4fa4-a97d-d965ccfc6d4b" outcome="Passed" testListId="8c84fa94-04c1-424b-9868-57a2d4851a1d" relativeResultsDirectory="3545116b-5aac-4689-9b92-2c374edf23eb" />
    <UnitTestResult executionId="77bdb69f-9d9c-4e4c-bce8-af86b6319d03" testId="12c8d806-dc76-730d-d276-1d289133c533" testName="FormatToStringTest1000(16597.22844427788d,&quot;16597.23 zł&quot;)" computerName="DESKTOP-5URQ9PB" duration="00:00:00.0000190" startTime="2022-06-13T21:13:44.9231942+02:00" endTime="2022-06-13T21:13:44.9232130+02:00" testType="13cdc9d9-ddb5-4fa4-a97d-d965ccfc6d4b" outcome="Passed" testListId="8c84fa94-04c1-424b-9868-57a2d4851a1d" relativeResultsDirectory="77bdb69f-9d9c-4e4c-bce8-af86b6319d03" />
    <UnitTestResult executionId="7b5a88bc-2b88-43dc-9546-26b0297b83fd" testId="28c068cc-4f93-bf31-670a-7f0717946001" testName="FormatToStringTest1000(17988.455793307843d,&quot;17988.46 zł&quot;)" computerName="DESKTOP-5URQ9PB" duration="00:00:00.0000190" startTime="2022-06-13T21:13:44.9225919+02:00" endTime="2022-06-13T21:13:44.9226108+02:00" testType="13cdc9d9-ddb5-4fa4-a97d-d965ccfc6d4b" outcome="Passed" testListId="8c84fa94-04c1-424b-9868-57a2d4851a1d" relativeResultsDirectory="7b5a88bc-2b88-43dc-9546-26b0297b83fd" />
    <UnitTestResult executionId="aa97c395-221e-4777-b242-e6d1cdb0c3be" testId="0204302a-a6b4-6e62-a63e-362dc9379d6c" testName="FormatToStringTest1000(50009.23881716898d,&quot;50009.24 zł&quot;)" computerName="DESKTOP-5URQ9PB" duration="00:00:00.0000180" startTime="2022-06-13T21:13:44.9327723+02:00" endTime="2022-06-13T21:13:44.9327905+02:00" testType="13cdc9d9-ddb5-4fa4-a97d-d965ccfc6d4b" outcome="Passed" testListId="8c84fa94-04c1-424b-9868-57a2d4851a1d" relativeResultsDirectory="aa97c395-221e-4777-b242-e6d1cdb0c3be" />
    <UnitTestResult executionId="8a42b936-4517-4c26-a4c1-255255041888" testId="c2d4c482-09cf-e240-a7e7-520d6f5ce617" testName="FormatToStringTest1000(18340.935049000167d,&quot;18340.94 zł&quot;)" computerName="DESKTOP-5URQ9PB" duration="00:00:00.0000180" startTime="2022-06-13T21:13:44.9235932+02:00" endTime="2022-06-13T21:13:44.9236114+02:00" testType="13cdc9d9-ddb5-4fa4-a97d-d965ccfc6d4b" outcome="Passed" testListId="8c84fa94-04c1-424b-9868-57a2d4851a1d" relativeResultsDirectory="8a42b936-4517-4c26-a4c1-255255041888" />
    <UnitTestResult executionId="f1bcf1c3-990d-4780-985b-ce7c76462249" testId="193f831d-c7c9-ac41-bc1b-9798c85535ca" testName="FormatToStringTest1000(26529.10838037036d,&quot;26529.11 zł&quot;)" computerName="DESKTOP-5URQ9PB" duration="00:00:00.0000180" startTime="2022-06-13T21:13:44.9423235+02:00" endTime="2022-06-13T21:13:44.9423418+02:00" testType="13cdc9d9-ddb5-4fa4-a97d-d965ccfc6d4b" outcome="Passed" testListId="8c84fa94-04c1-424b-9868-57a2d4851a1d" relativeResultsDirectory="f1bcf1c3-990d-4780-985b-ce7c76462249" />
    <UnitTestResult executionId="8948fe74-8570-465d-a7cd-db46b4c0cdd8" testId="6b63c191-3bae-08f6-ef80-e9550ed318c7" testName="FormatToStringTest1000(48544.390887578666d,&quot;48544.39 zł&quot;)" computerName="DESKTOP-5URQ9PB" duration="00:00:00.0000190" startTime="2022-06-13T21:13:44.9330205+02:00" endTime="2022-06-13T21:13:44.9330388+02:00" testType="13cdc9d9-ddb5-4fa4-a97d-d965ccfc6d4b" outcome="Passed" testListId="8c84fa94-04c1-424b-9868-57a2d4851a1d" relativeResultsDirectory="8948fe74-8570-465d-a7cd-db46b4c0cdd8" />
    <UnitTestResult executionId="94573f3d-16fd-4757-a386-64d3ebcac952" testId="71a2762b-d8da-32e7-80e0-7c170fef2ac7" testName="FormatToStringTest1000(54724.71040318008d,&quot;54724.71 zł&quot;)" computerName="DESKTOP-5URQ9PB" duration="00:00:00.0000190" startTime="2022-06-13T21:13:44.9238484+02:00" endTime="2022-06-13T21:13:44.9238675+02:00" testType="13cdc9d9-ddb5-4fa4-a97d-d965ccfc6d4b" outcome="Passed" testListId="8c84fa94-04c1-424b-9868-57a2d4851a1d" relativeResultsDirectory="94573f3d-16fd-4757-a386-64d3ebcac952" />
    <UnitTestResult executionId="6c4990c2-b096-4848-a2e8-0cc0aea495d5" testId="1fa0b0ac-82b7-821b-a6bd-11883f4b16c1" testName="FormatToStringTest1000(30034.922435005625d,&quot;30034.92 zł&quot;)" computerName="DESKTOP-5URQ9PB" duration="00:00:00.0000190" startTime="2022-06-13T21:13:44.9412098+02:00" endTime="2022-06-13T21:13:44.9412283+02:00" testType="13cdc9d9-ddb5-4fa4-a97d-d965ccfc6d4b" outcome="Passed" testListId="8c84fa94-04c1-424b-9868-57a2d4851a1d" relativeResultsDirectory="6c4990c2-b096-4848-a2e8-0cc0aea495d5" />
    <UnitTestResult executionId="7db60a4d-4a22-472a-a331-86ef8cff9b56" testId="a6878771-c471-f5b9-95dc-467df24cdd5b" testName="FormatToStringTest1000(823.2747994560166d,&quot;823.27 zł&quot;)" computerName="DESKTOP-5URQ9PB" duration="00:00:00.0000190" startTime="2022-06-13T21:13:44.9382144+02:00" endTime="2022-06-13T21:13:44.9382329+02:00" testType="13cdc9d9-ddb5-4fa4-a97d-d965ccfc6d4b" outcome="Passed" testListId="8c84fa94-04c1-424b-9868-57a2d4851a1d" relativeResultsDirectory="7db60a4d-4a22-472a-a331-86ef8cff9b56" />
    <UnitTestResult executionId="ac76c7de-304d-41c6-9830-fdebeccb75ff" testId="d61c5a24-3052-33c6-809a-bcd51f433ccc" testName="FormatToStringTest1000(45930.2386782068d,&quot;45930.24 zł&quot;)" computerName="DESKTOP-5URQ9PB" duration="00:00:00.0000190" startTime="2022-06-13T21:13:44.9214899+02:00" endTime="2022-06-13T21:13:44.9215090+02:00" testType="13cdc9d9-ddb5-4fa4-a97d-d965ccfc6d4b" outcome="Passed" testListId="8c84fa94-04c1-424b-9868-57a2d4851a1d" relativeResultsDirectory="ac76c7de-304d-41c6-9830-fdebeccb75ff" />
    <UnitTestResult executionId="a52e37ea-2321-4944-b8a9-a88e3c1aca74" testId="c6aaa130-65a2-a877-78a2-df837cd09244" testName="FormatToStringTest1000(30533.30031120838d,&quot;30533.30 zł&quot;)" computerName="DESKTOP-5URQ9PB" duration="00:00:00.0000190" startTime="2022-06-13T21:13:44.9321451+02:00" endTime="2022-06-13T21:13:44.9321640+02:00" testType="13cdc9d9-ddb5-4fa4-a97d-d965ccfc6d4b" outcome="Passed" testListId="8c84fa94-04c1-424b-9868-57a2d4851a1d" relativeResultsDirectory="a52e37ea-2321-4944-b8a9-a88e3c1aca74" />
    <UnitTestResult executionId="7e3d9066-9cdb-4295-939d-47e59a983c54" testId="e8dae4f6-1eb2-866f-8693-bdd69c27bed8" testName="FormatToStringTest1000(1884.4923513031063d,&quot;1884.49 zł&quot;)" computerName="DESKTOP-5URQ9PB" duration="00:00:00.0000230" startTime="2022-06-13T21:13:44.9327179+02:00" endTime="2022-06-13T21:13:44.9327404+02:00" testType="13cdc9d9-ddb5-4fa4-a97d-d965ccfc6d4b" outcome="Passed" testListId="8c84fa94-04c1-424b-9868-57a2d4851a1d" relativeResultsDirectory="7e3d9066-9cdb-4295-939d-47e59a983c54" />
    <UnitTestResult executionId="a340cd18-95df-4c10-8b43-60c66bb2058d" testId="be4aa60a-fec3-fdce-8c70-46ec82a2fec7" testName="FormatToStringTest1000(44677.61946778074d,&quot;44677.62 zł&quot;)" computerName="DESKTOP-5URQ9PB" duration="00:00:00.0000190" startTime="2022-06-13T21:13:44.9251794+02:00" endTime="2022-06-13T21:13:44.9251985+02:00" testType="13cdc9d9-ddb5-4fa4-a97d-d965ccfc6d4b" outcome="Passed" testListId="8c84fa94-04c1-424b-9868-57a2d4851a1d" relativeResultsDirectory="a340cd18-95df-4c10-8b43-60c66bb2058d" />
    <UnitTestResult executionId="4d41d001-fc64-4fd6-b180-0af668339d39" testId="7724a5ae-1858-243b-d346-491db16f98e9" testName="FormatToStringTest1000(79764.77845563217d,&quot;79764.78 zł&quot;)" computerName="DESKTOP-5URQ9PB" duration="00:00:00.0000180" startTime="2022-06-13T21:13:44.9254540+02:00" endTime="2022-06-13T21:13:44.9254722+02:00" testType="13cdc9d9-ddb5-4fa4-a97d-d965ccfc6d4b" outcome="Passed" testListId="8c84fa94-04c1-424b-9868-57a2d4851a1d" relativeResultsDirectory="4d41d001-fc64-4fd6-b180-0af668339d39" />
    <UnitTestResult executionId="b988bbfb-cee0-4733-b8a7-e9afb70f8de0" testId="05be2e04-a7a4-ec81-8b2e-19e4e2cd04d0" testName="FormatToStringTest1000(18490.912787030877d,&quot;18490.91 zł&quot;)" computerName="DESKTOP-5URQ9PB" duration="00:00:00.0000190" startTime="2022-06-13T21:13:44.9373747+02:00" endTime="2022-06-13T21:13:44.9373938+02:00" testType="13cdc9d9-ddb5-4fa4-a97d-d965ccfc6d4b" outcome="Passed" testListId="8c84fa94-04c1-424b-9868-57a2d4851a1d" relativeResultsDirectory="b988bbfb-cee0-4733-b8a7-e9afb70f8de0" />
    <UnitTestResult executionId="35ac6e3c-1632-43b5-b2bf-60b36ba316a1" testId="c1905b94-6245-64ed-8028-a7655f8970eb" testName="FormatToStringTest1000(5961.755129208674d,&quot;5961.76 zł&quot;)" computerName="DESKTOP-5URQ9PB" duration="00:00:00.0000190" startTime="2022-06-13T21:13:44.9284027+02:00" endTime="2022-06-13T21:13:44.9284212+02:00" testType="13cdc9d9-ddb5-4fa4-a97d-d965ccfc6d4b" outcome="Passed" testListId="8c84fa94-04c1-424b-9868-57a2d4851a1d" relativeResultsDirectory="35ac6e3c-1632-43b5-b2bf-60b36ba316a1" />
    <UnitTestResult executionId="ac3f3f2e-41c3-4c17-854b-15aa3cc75c2c" testId="a4b13a66-9eee-466b-b0fc-fbf88e46d5b1" testName="FormatToStringTest1000(317.9090540706688d,&quot;317.91 zł&quot;)" computerName="DESKTOP-5URQ9PB" duration="00:00:00.0000200" startTime="2022-06-13T21:13:44.9209147+02:00" endTime="2022-06-13T21:13:44.9209343+02:00" testType="13cdc9d9-ddb5-4fa4-a97d-d965ccfc6d4b" outcome="Passed" testListId="8c84fa94-04c1-424b-9868-57a2d4851a1d" relativeResultsDirectory="ac3f3f2e-41c3-4c17-854b-15aa3cc75c2c" />
    <UnitTestResult executionId="585bfc83-5897-4ff9-923c-77a63dac98ef" testId="de7a0ae7-aa58-be18-206b-2d44f2e86ead" testName="FormatToStringTest1000(20552.966022956633d,&quot;20552.97 zł&quot;)" computerName="DESKTOP-5URQ9PB" duration="00:00:00.0000200" startTime="2022-06-13T21:13:44.9335170+02:00" endTime="2022-06-13T21:13:44.9335366+02:00" testType="13cdc9d9-ddb5-4fa4-a97d-d965ccfc6d4b" outcome="Passed" testListId="8c84fa94-04c1-424b-9868-57a2d4851a1d" relativeResultsDirectory="585bfc83-5897-4ff9-923c-77a63dac98ef" />
  </Results>
  <TestDefinitions>
    <UnitTest name="FormatToStringTest1000(3503.9809179231434d,&quot;3503.98 zł&quot;)" storage="c:\projekty\nunittestproject\bin\debug\netcoreapp3.1\nunittestproject.dll" id="d2b12152-aa29-786c-7dfa-f4b6b5aa2a7e">
      <Execution id="36600dc0-1355-4ea9-b78c-94df0c5cc352" />
      <TestMethod codeBase="C:\Projekty\NUnitTestProject\bin\Debug\netcoreapp3.1\NUnitTestProject.dll" adapterTypeName="executor://nunit3testexecutor/" className="NUnitTestProject.CurrencyHelperTests" name="FormatToStringTest1000(3503.9809179231434d,&quot;3503.98 zł&quot;)" />
    </UnitTest>
    <UnitTest name="FormatToStringTest1000(86.89546322771136d,&quot;86.90 zł&quot;)" storage="c:\projekty\nunittestproject\bin\debug\netcoreapp3.1\nunittestproject.dll" id="d00dfd16-6967-b6b7-0f2f-9403bdf758f6">
      <Execution id="990a9e2f-c6d7-438c-b5d7-fb770ff922c9" />
      <TestMethod codeBase="C:\Projekty\NUnitTestProject\bin\Debug\netcoreapp3.1\NUnitTestProject.dll" adapterTypeName="executor://nunit3testexecutor/" className="NUnitTestProject.CurrencyHelperTests" name="FormatToStringTest1000(86.89546322771136d,&quot;86.90 zł&quot;)" />
    </UnitTest>
    <UnitTest name="FormatToStringTest1000(28972.23604401212d,&quot;28972.24 zł&quot;)" storage="c:\projekty\nunittestproject\bin\debug\netcoreapp3.1\nunittestproject.dll" id="abb79c21-cbdf-18a9-eb27-48d7cd452ee8">
      <Execution id="c912a469-968f-4af9-a6b1-d1278bdf42fb" />
      <TestMethod codeBase="C:\Projekty\NUnitTestProject\bin\Debug\netcoreapp3.1\NUnitTestProject.dll" adapterTypeName="executor://nunit3testexecutor/" className="NUnitTestProject.CurrencyHelperTests" name="FormatToStringTest1000(28972.23604401212d,&quot;28972.24 zł&quot;)" />
    </UnitTest>
    <UnitTest name="FormatToStringTest1000(10457.593086045978d,&quot;10457.59 zł&quot;)" storage="c:\projekty\nunittestproject\bin\debug\netcoreapp3.1\nunittestproject.dll" id="35e23acf-2036-4d69-e77b-27d58a55d61b">
      <Execution id="881f1ea0-d5ab-4fc6-8980-fdbf162188eb" />
      <TestMethod codeBase="C:\Projekty\NUnitTestProject\bin\Debug\netcoreapp3.1\NUnitTestProject.dll" adapterTypeName="executor://nunit3testexecutor/" className="NUnitTestProject.CurrencyHelperTests" name="FormatToStringTest1000(10457.593086045978d,&quot;10457.59 zł&quot;)" />
    </UnitTest>
    <UnitTest name="FormatToStringTest1000(1751.7703038522834d,&quot;1751.77 zł&quot;)" storage="c:\projekty\nunittestproject\bin\debug\netcoreapp3.1\nunittestproject.dll" id="4d3ac1b1-3fbf-8e2e-a5b3-6011afbd1d48">
      <Execution id="50f9548c-6b2e-4959-8e8e-7876df489ccb" />
      <TestMethod codeBase="C:\Projekty\NUnitTestProject\bin\Debug\netcoreapp3.1\NUnitTestProject.dll" adapterTypeName="executor://nunit3testexecutor/" className="NUnitTestProject.CurrencyHelperTests" name="FormatToStringTest1000(1751.7703038522834d,&quot;1751.77 zł&quot;)" />
    </UnitTest>
    <UnitTest name="FormatToStringTest1000(6915.421130504656d,&quot;6915.42 zł&quot;)" storage="c:\projekty\nunittestproject\bin\debug\netcoreapp3.1\nunittestproject.dll" id="71fdf905-97fb-1d5b-9602-e52da179cf3f">
      <Execution id="e2e7fde8-0182-4a03-b781-7487555a2112" />
      <TestMethod codeBase="C:\Projekty\NUnitTestProject\bin\Debug\netcoreapp3.1\NUnitTestProject.dll" adapterTypeName="executor://nunit3testexecutor/" className="NUnitTestProject.CurrencyHelperTests" name="FormatToStringTest1000(6915.421130504656d,&quot;6915.42 zł&quot;)" />
    </UnitTest>
    <UnitTest name="FormatToStringTest1000(47025.6224095177d,&quot;47025.62 zł&quot;)" storage="c:\projekty\nunittestproject\bin\debug\netcoreapp3.1\nunittestproject.dll" id="1ab663c2-4cb9-e883-e113-e7c904041e47">
      <Execution id="54ea832f-5514-4431-8ba4-16616163e824" />
      <TestMethod codeBase="C:\Projekty\NUnitTestProject\bin\Debug\netcoreapp3.1\NUnitTestProject.dll" adapterTypeName="executor://nunit3testexecutor/" className="NUnitTestProject.CurrencyHelperTests" name="FormatToStringTest1000(47025.6224095177d,&quot;47025.62 zł&quot;)" />
    </UnitTest>
    <UnitTest name="FormatToStringTest1000(37866.43836050967d,&quot;37866.44 zł&quot;)" storage="c:\projekty\nunittestproject\bin\debug\netcoreapp3.1\nunittestproject.dll" id="379018c4-3439-ea28-2c36-3039f4766b8e">
      <Execution id="d9938a47-8130-430c-862d-07b425db8f33" />
      <TestMethod codeBase="C:\Projekty\NUnitTestProject\bin\Debug\netcoreapp3.1\NUnitTestProject.dll" adapterTypeName="executor://nunit3testexecutor/" className="NUnitTestProject.CurrencyHelperTests" name="FormatToStringTest1000(37866.43836050967d,&quot;37866.44 zł&quot;)" />
    </UnitTest>
    <UnitTest name="FormatToStringTest1000(45445.182098106096d,&quot;45445.18 zł&quot;)" storage="c:\projekty\nunittestproject\bin\debug\netcoreapp3.1\nunittestproject.dll" id="f6e6ea6a-a253-8185-3a92-d6751c76c436">
      <Execution id="00aba0a3-83e3-4030-b03b-900c01ef7310" />
      <TestMethod codeBase="C:\Projekty\NUnitTestProject\bin\Debug\netcoreapp3.1\NUnitTestProject.dll" adapterTypeName="executor://nunit3testexecutor/" className="NUnitTestProject.CurrencyHelperTests" name="FormatToStringTest1000(45445.182098106096d,&quot;45445.18 zł&quot;)" />
    </UnitTest>
    <UnitTest name="FormatToStringTest1000(657.5396922647672d,&quot;657.54 zł&quot;)" storage="c:\projekty\nunittestproject\bin\debug\netcoreapp3.1\nunittestproject.dll" id="92867c0e-facc-7f59-b4bc-04e39d2ba464">
      <Execution id="a6fc28a6-8bbe-4af2-b2de-1539b792c908" />
      <TestMethod codeBase="C:\Projekty\NUnitTestProject\bin\Debug\netcoreapp3.1\NUnitTestProject.dll" adapterTypeName="executor://nunit3testexecutor/" className="NUnitTestProject.CurrencyHelperTests" name="FormatToStringTest1000(657.5396922647672d,&quot;657.54 zł&quot;)" />
    </UnitTest>
    <UnitTest name="FormatToStringTest1000(2423.6182769712145d,&quot;2423.62 zł&quot;)" storage="c:\projekty\nunittestproject\bin\debug\netcoreapp3.1\nunittestproject.dll" id="2067c239-a69d-2f34-aeac-53cb55316cbb">
      <Execution id="73313157-4010-4e28-9fb7-292a8a85ef60" />
      <TestMethod codeBase="C:\Projekty\NUnitTestProject\bin\Debug\netcoreapp3.1\NUnitTestProject.dll" adapterTypeName="executor://nunit3testexecutor/" className="NUnitTestProject.CurrencyHelperTests" name="FormatToStringTest1000(2423.6182769712145d,&quot;2423.62 zł&quot;)" />
    </UnitTest>
    <UnitTest name="FormatToStringTest1000(30410.68214617003d,&quot;30410.68 zł&quot;)" storage="c:\projekty\nunittestproject\bin\debug\netcoreapp3.1\nunittestproject.dll" id="9ef22620-233d-af50-c838-ed1dcd20ddc6">
      <Execution id="8f4dfb7b-e812-49c1-9d9c-2dcdff2a78ed" />
      <TestMethod codeBase="C:\Projekty\NUnitTestProject\bin\Debug\netcoreapp3.1\NUnitTestProject.dll" adapterTypeName="executor://nunit3testexecutor/" className="NUnitTestProject.CurrencyHelperTests" name="FormatToStringTest1000(30410.68214617003d,&quot;30410.68 zł&quot;)" />
    </UnitTest>
    <UnitTest name="FormatToStringTest1000(2409.393997763001d,&quot;2409.39 zł&quot;)" storage="c:\projekty\nunittestproject\bin\debug\netcoreapp3.1\nunittestproject.dll" id="1e5c078d-f94d-c926-473c-575e7ad77b95">
      <Execution id="97177779-96e6-4fcb-be2d-5a87419ba65d" />
      <TestMethod codeBase="C:\Projekty\NUnitTestProject\bin\Debug\netcoreapp3.1\NUnitTestProject.dll" adapterTypeName="executor://nunit3testexecutor/" className="NUnitTestProject.CurrencyHelperTests" name="FormatToStringTest1000(2409.393997763001d,&quot;2409.39 zł&quot;)" />
    </UnitTest>
    <UnitTest name="FormatToStringTest1000(12221.10494323592d,&quot;12221.10 zł&quot;)" storage="c:\projekty\nunittestproject\bin\debug\netcoreapp3.1\nunittestproject.dll" id="64a6b4e0-a8e1-9595-14c6-66f8a8c8f576">
      <Execution id="c0759899-2c79-478a-8100-a0fe32e6a01f" />
      <TestMethod codeBase="C:\Projekty\NUnitTestProject\bin\Debug\netcoreapp3.1\NUnitTestProject.dll" adapterTypeName="executor://nunit3testexecutor/" className="NUnitTestProject.CurrencyHelperTests" name="FormatToStringTest1000(12221.10494323592d,&quot;12221.10 zł&quot;)" />
    </UnitTest>
    <UnitTest name="FormatToStringTest1000(5876.112133716285d,&quot;5876.11 zł&quot;)" storage="c:\projekty\nunittestproject\bin\debug\netcoreapp3.1\nunittestproject.dll" id="9bd1c538-5b49-0158-94f6-e9be1859d678">
      <Execution id="64790252-901c-43fb-8bd6-18d9dd968c87" />
      <TestMethod codeBase="C:\Projekty\NUnitTestProject\bin\Debug\netcoreapp3.1\NUnitTestProject.dll" adapterTypeName="executor://nunit3testexecutor/" className="NUnitTestProject.CurrencyHelperTests" name="FormatToStringTest1000(5876.112133716285d,&quot;5876.11 zł&quot;)" />
    </UnitTest>
    <UnitTest name="FormatToStringTest1000(10534.184353995222d,&quot;10534.18 zł&quot;)" storage="c:\projekty\nunittestproject\bin\debug\netcoreapp3.1\nunittestproject.dll" id="8537861e-52bb-f63c-38f8-3f1d41ff88e5">
      <Execution id="58d700e8-5b5b-4fee-8fb1-df515b2170eb" />
      <TestMethod codeBase="C:\Projekty\NUnitTestProject\bin\Debug\netcoreapp3.1\NUnitTestProject.dll" adapterTypeName="executor://nunit3testexecutor/" className="NUnitTestProject.CurrencyHelperTests" name="FormatToStringTest1000(10534.184353995222d,&quot;10534.18 zł&quot;)" />
    </UnitTest>
    <UnitTest name="FormatToStringTest1000(19541.10539777116d,&quot;19541.11 zł&quot;)" storage="c:\projekty\nunittestproject\bin\debug\netcoreapp3.1\nunittestproject.dll" id="7f23cd21-ad85-3cc7-38be-9ece9bfed213">
      <Execution id="c090b208-9a76-413e-90e4-5b28889e3664" />
      <TestMethod codeBase="C:\Projekty\NUnitTestProject\bin\Debug\netcoreapp3.1\NUnitTestProject.dll" adapterTypeName="executor://nunit3testexecutor/" className="NUnitTestProject.CurrencyHelperTests" name="FormatToStringTest1000(19541.10539777116d,&quot;19541.11 zł&quot;)" />
    </UnitTest>
    <UnitTest name="FormatToStringTest1000(480.2082316857801d,&quot;480.21 zł&quot;)" storage="c:\projekty\nunittestproject\bin\debug\netcoreapp3.1\nunittestproject.dll" id="05474d60-4c0c-5e35-b4fc-2df26a361c4d">
      <Execution id="eb05f875-59cb-481d-80cb-73165f9a63fc" />
      <TestMethod codeBase="C:\Projekty\NUnitTestProject\bin\Debug\netcoreapp3.1\NUnitTestProject.dll" adapterTypeName="executor://nunit3testexecutor/" className="NUnitTestProject.CurrencyHelperTests" name="FormatToStringTest1000(480.2082316857801d,&quot;480.21 zł&quot;)" />
    </UnitTest>
    <UnitTest name="FormatToStringTest1000(22678.795878462864d,&quot;22678.80 zł&quot;)" storage="c:\projekty\nunittestproject\bin\debug\netcoreapp3.1\nunittestproject.dll" id="09dc5d9b-3822-771d-84ba-e650ae497aa7">
      <Execution id="5c90775d-0bb8-4118-82b2-8328fbaabb7d" />
      <TestMethod codeBase="C:\Projekty\NUnitTestProject\bin\Debug\netcoreapp3.1\NUnitTestProject.dll" adapterTypeName="executor://nunit3testexecutor/" className="NUnitTestProject.CurrencyHelperTests" name="FormatToStringTest1000(22678.795878462864d,&quot;22678.80 zł&quot;)" />
    </UnitTest>
    <UnitTest name="FormatToStringTest1000(25376.6225052097d,&quot;25376.62 zł&quot;)" storage="c:\projekty\nunittestproject\bin\debug\netcoreapp3.1\nunittestproject.dll" id="4b65b228-f0fd-3e1d-e2c9-95f312b6aeb7">
      <Execution id="dd442b6f-f8ea-458b-a187-ce402f3e1928" />
      <TestMethod codeBase="C:\Projekty\NUnitTestProject\bin\Debug\netcoreapp3.1\NUnitTestProject.dll" adapterTypeName="executor://nunit3testexecutor/" className="NUnitTestProject.CurrencyHelperTests" name="FormatToStringTest1000(25376.6225052097d,&quot;25376.62 zł&quot;)" />
    </UnitTest>
    <UnitTest name="FormatToStringTest1000(2444.4726240530017d,&quot;2444.47 zł&quot;)" storage="c:\projekty\nunittestproject\bin\debug\netcoreapp3.1\nunittestproject.dll" id="67f8d8e0-1fb7-7817-1ba6-6557149ef676">
      <Execution id="cebf0f4d-7bbd-4947-85ba-cc0dac98ad0c" />
      <TestMethod codeBase="C:\Projekty\NUnitTestProject\bin\Debug\netcoreapp3.1\NUnitTestProject.dll" adapterTypeName="executor://nunit3testexecutor/" className="NUnitTestProject.CurrencyHelperTests" name="FormatToStringTest1000(2444.4726240530017d,&quot;2444.47 zł&quot;)" />
    </UnitTest>
    <UnitTest name="FormatToStringTest1000(8851.904041135638d,&quot;8851.90 zł&quot;)" storage="c:\projekty\nunittestproject\bin\debug\netcoreapp3.1\nunittestproject.dll" id="2e2f38c6-5756-eb9b-9fbb-652c777b6247">
      <Execution id="07fd6e76-447a-4214-b94a-1931ce7bf30c" />
      <TestMethod codeBase="C:\Projekty\NUnitTestProject\bin\Debug\netcoreapp3.1\NUnitTestProject.dll" adapterTypeName="executor://nunit3testexecutor/" className="NUnitTestProject.CurrencyHelperTests" name="FormatToStringTest1000(8851.904041135638d,&quot;8851.90 zł&quot;)" />
    </UnitTest>
    <UnitTest name="FormatToStringTest1000(43858.624379632354d,&quot;43858.62 zł&quot;)" storage="c:\projekty\nunittestproject\bin\debug\netcoreapp3.1\nunittestproject.dll" id="0183c416-9787-c59d-18ce-d5b3fc43ac57">
      <Execution id="39516357-d220-4531-921e-db953960a732" />
      <TestMethod codeBase="C:\Projekty\NUnitTestProject\bin\Debug\netcoreapp3.1\NUnitTestProject.dll" adapterTypeName="executor://nunit3testexecutor/" className="NUnitTestProject.CurrencyHelperTests" name="FormatToStringTest1000(43858.624379632354d,&quot;43858.62 zł&quot;)" />
    </UnitTest>
    <UnitTest name="FormatToStringTest1000(13455.521105358153d,&quot;13455.52 zł&quot;)" storage="c:\projekty\nunittestproject\bin\debug\netcoreapp3.1\nunittestproject.dll" id="dd5c672a-615a-d2df-e240-966d42055469">
      <Execution id="71a5d8c9-2fb9-4f4a-9a6e-d63a6359dc4b" />
      <TestMethod codeBase="C:\Projekty\NUnitTestProject\bin\Debug\netcoreapp3.1\NUnitTestProject.dll" adapterTypeName="executor://nunit3testexecutor/" className="NUnitTestProject.CurrencyHelperTests" name="FormatToStringTest1000(13455.521105358153d,&quot;13455.52 zł&quot;)" />
    </UnitTest>
    <UnitTest name="FormatToStringTest1000(386.358918903097d,&quot;386.36 zł&quot;)" storage="c:\projekty\nunittestproject\bin\debug\netcoreapp3.1\nunittestproject.dll" id="c565182f-b75e-4a8b-1a2d-674dce2fa509">
      <Execution id="b5c42453-1d88-44ce-acaf-59a416bcb489" />
      <TestMethod codeBase="C:\Projekty\NUnitTestProject\bin\Debug\netcoreapp3.1\NUnitTestProject.dll" adapterTypeName="executor://nunit3testexecutor/" className="NUnitTestProject.CurrencyHelperTests" name="FormatToStringTest1000(386.358918903097d,&quot;386.36 zł&quot;)" />
    </UnitTest>
    <UnitTest name="FormatToStringTest1000(10066.059180456241d,&quot;10066.06 zł&quot;)" storage="c:\projekty\nunittestproject\bin\debug\netcoreapp3.1\nunittestproject.dll" id="e8132b4a-b72b-7d8e-d5ad-2056ee804391">
      <Execution id="2168f17c-795b-4564-b12c-a83c08eb04af" />
      <TestMethod codeBase="C:\Projekty\NUnitTestProject\bin\Debug\netcoreapp3.1\NUnitTestProject.dll" adapterTypeName="executor://nunit3testexecutor/" className="NUnitTestProject.CurrencyHelperTests" name="FormatToStringTest1000(10066.059180456241d,&quot;10066.06 zł&quot;)" />
    </UnitTest>
    <UnitTest name="FormatToStringTest1000(2883.637133003975d,&quot;2883.64 zł&quot;)" storage="c:\projekty\nunittestproject\bin\debug\netcoreapp3.1\nunittestproject.dll" id="8444e906-7a92-9021-9b3f-57eb7bbd8067">
      <Execution id="5fec02e5-6cee-46e2-8493-5ea1a2df39cd" />
      <TestMethod codeBase="C:\Projekty\NUnitTestProject\bin\Debug\netcoreapp3.1\NUnitTestProject.dll" adapterTypeName="executor://nunit3testexecutor/" className="NUnitTestProject.CurrencyHelperTests" name="FormatToStringTest1000(2883.637133003975d,&quot;2883.64 zł&quot;)" />
    </UnitTest>
    <UnitTest name="FormatToStringTest1000(24030.724859085738d,&quot;24030.72 zł&quot;)" storage="c:\projekty\nunittestproject\bin\debug\netcoreapp3.1\nunittestproject.dll" id="39df2f5c-e533-7912-e8a8-0244d814b70f">
      <Execution id="36e335c3-e6ac-482d-bae7-23d24f54df8d" />
      <TestMethod codeBase="C:\Projekty\NUnitTestProject\bin\Debug\netcoreapp3.1\NUnitTestProject.dll" adapterTypeName="executor://nunit3testexecutor/" className="NUnitTestProject.CurrencyHelperTests" name="FormatToStringTest1000(24030.724859085738d,&quot;24030.72 zł&quot;)" />
    </UnitTest>
    <UnitTest name="FormatToStringTest1000(20116.958341299072d,&quot;20116.96 zł&quot;)" storage="c:\projekty\nunittestproject\bin\debug\netcoreapp3.1\nunittestproject.dll" id="7a0e454f-7db2-d7d6-0df6-561708317bba">
      <Execution id="231d038c-59a0-4ec7-9df4-a2a5dfbe7e9b" />
      <TestMethod codeBase="C:\Projekty\NUnitTestProject\bin\Debug\netcoreapp3.1\NUnitTestProject.dll" adapterTypeName="executor://nunit3testexecutor/" className="NUnitTestProject.CurrencyHelperTests" name="FormatToStringTest1000(20116.958341299072d,&quot;20116.96 zł&quot;)" />
    </UnitTest>
    <UnitTest name="FormatToStringTest1000(58459.03113649601d,&quot;58459.03 zł&quot;)" storage="c:\projekty\nunittestproject\bin\debug\netcoreapp3.1\nunittestproject.dll" id="b923c1df-de90-30ce-6175-be67d41806a2">
      <Execution id="e065f352-8aba-4f7d-ba74-e3545e1df77a" />
      <TestMethod codeBase="C:\Projekty\NUnitTestProject\bin\Debug\netcoreapp3.1\NUnitTestProject.dll" adapterTypeName="executor://nunit3testexecutor/" className="NUnitTestProject.CurrencyHelperTests" name="FormatToStringTest1000(58459.03113649601d,&quot;58459.03 zł&quot;)" />
    </UnitTest>
    <UnitTest name="FormatToStringTest1000(20643.69044446465d,&quot;20643.69 zł&quot;)" storage="c:\projekty\nunittestproject\bin\debug\netcoreapp3.1\nunittestproject.dll" id="b039aca6-d089-bcbd-2727-394bcd0025e0">
      <Execution id="62e22fae-caf0-4f19-89ae-df9da046bd9b" />
      <TestMethod codeBase="C:\Projekty\NUnitTestProject\bin\Debug\netcoreapp3.1\NUnitTestProject.dll" adapterTypeName="executor://nunit3testexecutor/" className="NUnitTestProject.CurrencyHelperTests" name="FormatToStringTest1000(20643.69044446465d,&quot;20643.69 zł&quot;)" />
    </UnitTest>
    <UnitTest name="FormatToStringTest1000(151.50737175275916d,&quot;151.51 zł&quot;)" storage="c:\projekty\nunittestproject\bin\debug\netcoreapp3.1\nunittestproject.dll" id="34f38fc8-ae53-5e82-0417-57e4237764fa">
      <Execution id="37a1f607-e59a-40a4-bde5-ef74b2309ba2" />
      <TestMethod codeBase="C:\Projekty\NUnitTestProject\bin\Debug\netcoreapp3.1\NUnitTestProject.dll" adapterTypeName="executor://nunit3testexecutor/" className="NUnitTestProject.CurrencyHelperTests" name="FormatToStringTest1000(151.50737175275916d,&quot;151.51 zł&quot;)" />
    </UnitTest>
    <UnitTest name="FormatToStringTest1000(39314.52353688401d,&quot;39314.52 zł&quot;)" storage="c:\projekty\nunittestproject\bin\debug\netcoreapp3.1\nunittestproject.dll" id="97c96922-5169-8a4b-ec79-8c51fbb945f4">
      <Execution id="393fc951-36fe-4d36-90ef-ed00c69fb1e0" />
      <TestMethod codeBase="C:\Projekty\NUnitTestProject\bin\Debug\netcoreapp3.1\NUnitTestProject.dll" adapterTypeName="executor://nunit3testexecutor/" className="NUnitTestProject.CurrencyHelperTests" name="FormatToStringTest1000(39314.52353688401d,&quot;39314.52 zł&quot;)" />
    </UnitTest>
    <UnitTest name="FormatToStringTest1000(70771.4436677524d,&quot;70771.44 zł&quot;)" storage="c:\projekty\nunittestproject\bin\debug\netcoreapp3.1\nunittestproject.dll" id="a08c8488-fa9f-7deb-e37e-0124bdaf71c9">
      <Execution id="4ec690f9-0a1b-4aea-aa1d-eeedb911f844" />
      <TestMethod codeBase="C:\Projekty\NUnitTestProject\bin\Debug\netcoreapp3.1\NUnitTestProject.dll" adapterTypeName="executor://nunit3testexecutor/" className="NUnitTestProject.CurrencyHelperTests" name="FormatToStringTest1000(70771.4436677524d,&quot;70771.44 zł&quot;)" />
    </UnitTest>
    <UnitTest name="FormatToStringTest1000(24768.25771770359d,&quot;24768.26 zł&quot;)" storage="c:\projekty\nunittestproject\bin\debug\netcoreapp3.1\nunittestproject.dll" id="9277cfc2-3adf-cf52-f9f5-a84d42e6305c">
      <Execution id="3545116b-5aac-4689-9b92-2c374edf23eb" />
      <TestMethod codeBase="C:\Projekty\NUnitTestProject\bin\Debug\netcoreapp3.1\NUnitTestProject.dll" adapterTypeName="executor://nunit3testexecutor/" className="NUnitTestProject.CurrencyHelperTests" name="FormatToStringTest1000(24768.25771770359d,&quot;24768.26 zł&quot;)" />
    </UnitTest>
    <UnitTest name="FormatToStringTest1000(50644.690874327294d,&quot;50644.69 zł&quot;)" storage="c:\projekty\nunittestproject\bin\debug\netcoreapp3.1\nunittestproject.dll" id="9006b827-71f8-1e68-78c8-d64e06e75b19">
      <Execution id="032b999a-cb7e-4bfc-9047-c10af5e081a1" />
      <TestMethod codeBase="C:\Projekty\NUnitTestProject\bin\Debug\netcoreapp3.1\NUnitTestProject.dll" adapterTypeName="executor://nunit3testexecutor/" className="NUnitTestProject.CurrencyHelperTests" name="FormatToStringTest1000(50644.690874327294d,&quot;50644.69 zł&quot;)" />
    </UnitTest>
    <UnitTest name="FormatToStringTest1000(20146.183073329827d,&quot;20146.18 zł&quot;)" storage="c:\projekty\nunittestproject\bin\debug\netcoreapp3.1\nunittestproject.dll" id="b5a90a67-8ab0-67af-7979-e040eeab7b97">
      <Execution id="cfee389b-9d09-4492-b6a9-248a115e23b0" />
      <TestMethod codeBase="C:\Projekty\NUnitTestProject\bin\Debug\netcoreapp3.1\NUnitTestProject.dll" adapterTypeName="executor://nunit3testexecutor/" className="NUnitTestProject.CurrencyHelperTests" name="FormatToStringTest1000(20146.183073329827d,&quot;20146.18 zł&quot;)" />
    </UnitTest>
    <UnitTest name="FormatToStringTest1000(45340.017357165d,&quot;45340.02 zł&quot;)" storage="c:\projekty\nunittestproject\bin\debug\netcoreapp3.1\nunittestproject.dll" id="11c041e5-c464-6527-9aa5-15185ee7ed3b">
      <Execution id="eba468f4-57cb-4245-8c43-0d5dbce6517f" />
      <TestMethod codeBase="C:\Projekty\NUnitTestProject\bin\Debug\netcoreapp3.1\NUnitTestProject.dll" adapterTypeName="executor://nunit3testexecutor/" className="NUnitTestProject.CurrencyHelperTests" name="FormatToStringTest1000(45340.017357165d,&quot;45340.02 zł&quot;)" />
    </UnitTest>
    <UnitTest name="FormatToStringTest1000(52032.65082931176d,&quot;52032.65 zł&quot;)" storage="c:\projekty\nunittestproject\bin\debug\netcoreapp3.1\nunittestproject.dll" id="0f4e158a-5f55-34ac-2195-c457e3f3f9e2">
      <Execution id="affebfef-c72e-4417-84fd-dab9abc9ad6c" />
      <TestMethod codeBase="C:\Projekty\NUnitTestProject\bin\Debug\netcoreapp3.1\NUnitTestProject.dll" adapterTypeName="executor://nunit3testexecutor/" className="NUnitTestProject.CurrencyHelperTests" name="FormatToStringTest1000(52032.65082931176d,&quot;52032.65 zł&quot;)" />
    </UnitTest>
    <UnitTest name="FormatToStringTest1000(36320.770035296104d,&quot;36320.77 zł&quot;)" storage="c:\projekty\nunittestproject\bin\debug\netcoreapp3.1\nunittestproject.dll" id="a6a973e9-da68-b082-10c2-5aa132fd4e6b">
      <Execution id="62125037-66d5-4ec7-9e2c-602cbefc5c6c" />
      <TestMethod codeBase="C:\Projekty\NUnitTestProject\bin\Debug\netcoreapp3.1\NUnitTestProject.dll" adapterTypeName="executor://nunit3testexecutor/" className="NUnitTestProject.CurrencyHelperTests" name="FormatToStringTest1000(36320.770035296104d,&quot;36320.77 zł&quot;)" />
    </UnitTest>
    <UnitTest name="FormatToStringTest1000(34096.337879508894d,&quot;34096.34 zł&quot;)" storage="c:\projekty\nunittestproject\bin\debug\netcoreapp3.1\nunittestproject.dll" id="21c3231d-e912-0f46-5fbf-421ff3f2435e">
      <Execution id="02793d2b-ed72-4090-837e-1e8733b8ae20" />
      <TestMethod codeBase="C:\Projekty\NUnitTestProject\bin\Debug\netcoreapp3.1\NUnitTestProject.dll" adapterTypeName="executor://nunit3testexecutor/" className="NUnitTestProject.CurrencyHelperTests" name="FormatToStringTest1000(34096.337879508894d,&quot;34096.34 zł&quot;)" />
    </UnitTest>
    <UnitTest name="FormatToStringTest1000(37589.670531794276d,&quot;37589.67 zł&quot;)" storage="c:\projekty\nunittestproject\bin\debug\netcoreapp3.1\nunittestproject.dll" id="39003167-8a78-92df-7e4f-41dcd0888168">
      <Execution id="11bbfb38-b8b8-46c1-85f3-c308bcbc9374" />
      <TestMethod codeBase="C:\Projekty\NUnitTestProject\bin\Debug\netcoreapp3.1\NUnitTestProject.dll" adapterTypeName="executor://nunit3testexecutor/" className="NUnitTestProject.CurrencyHelperTests" name="FormatToStringTest1000(37589.670531794276d,&quot;37589.67 zł&quot;)" />
    </UnitTest>
    <UnitTest name="FormatToStringTest1000(15566.957545477411d,&quot;15566.96 zł&quot;)" storage="c:\projekty\nunittestproject\bin\debug\netcoreapp3.1\nunittestproject.dll" id="506d41c9-bfc8-bf08-1307-c55fbf29a8e5">
      <Execution id="0a93f930-9671-426b-b665-ddab9aa5dc5a" />
      <TestMethod codeBase="C:\Projekty\NUnitTestProject\bin\Debug\netcoreapp3.1\NUnitTestProject.dll" adapterTypeName="executor://nunit3testexecutor/" className="NUnitTestProject.CurrencyHelperTests" name="FormatToStringTest1000(15566.957545477411d,&quot;15566.96 zł&quot;)" />
    </UnitTest>
    <UnitTest name="FormatToStringTest1000(9661.966055578536d,&quot;9661.97 zł&quot;)" storage="c:\projekty\nunittestproject\bin\debug\netcoreapp3.1\nunittestproject.dll" id="b9c69082-a036-d41e-d5a0-c1cde2a1d040">
      <Execution id="08dd3663-aad5-449a-b17c-a6483a8bb7ea" />
      <TestMethod codeBase="C:\Projekty\NUnitTestProject\bin\Debug\netcoreapp3.1\NUnitTestProject.dll" adapterTypeName="executor://nunit3testexecutor/" className="NUnitTestProject.CurrencyHelperTests" name="FormatToStringTest1000(9661.966055578536d,&quot;9661.97 zł&quot;)" />
    </UnitTest>
    <UnitTest name="FormatToStringTest1000(653.4647999170537d,&quot;653.46 zł&quot;)" storage="c:\projekty\nunittestproject\bin\debug\netcoreapp3.1\nunittestproject.dll" id="a95ff0ae-d4c3-2673-b0e9-9a7af3b33aba">
      <Execution id="62be8014-5fea-4450-a31a-4f4251ba200b" />
      <TestMethod codeBase="C:\Projekty\NUnitTestProject\bin\Debug\netcoreapp3.1\NUnitTestProject.dll" adapterTypeName="executor://nunit3testexecutor/" className="NUnitTestProject.CurrencyHelperTests" name="FormatToStringTest1000(653.4647999170537d,&quot;653.46 zł&quot;)" />
    </UnitTest>
    <UnitTest name="FormatToStringTest1000(63115.864864394935d,&quot;63115.86 zł&quot;)" storage="c:\projekty\nunittestproject\bin\debug\netcoreapp3.1\nunittestproject.dll" id="13221fa5-3685-19e4-e13a-81cefe081d4d">
      <Execution id="aa1628d9-ab99-4f4f-b3b3-cd9cd0e87118" />
      <TestMethod codeBase="C:\Projekty\NUnitTestProject\bin\Debug\netcoreapp3.1\NUnitTestProject.dll" adapterTypeName="executor://nunit3testexecutor/" className="NUnitTestProject.CurrencyHelperTests" name="FormatToStringTest1000(63115.864864394935d,&quot;63115.86 zł&quot;)" />
    </UnitTest>
    <UnitTest name="FormatToStringTest1000(9818.257405763146d,&quot;9818.26 zł&quot;)" storage="c:\projekty\nunittestproject\bin\debug\netcoreapp3.1\nunittestproject.dll" id="99d674fc-9d36-ee84-15f3-75180d0ffbf0">
      <Execution id="d46e0760-7ba9-4fc2-9ef5-abad34762408" />
      <TestMethod codeBase="C:\Projekty\NUnitTestProject\bin\Debug\netcoreapp3.1\NUnitTestProject.dll" adapterTypeName="executor://nunit3testexecutor/" className="NUnitTestProject.CurrencyHelperTests" name="FormatToStringTest1000(9818.257405763146d,&quot;9818.26 zł&quot;)" />
    </UnitTest>
    <UnitTest name="FormatToStringTest1000(46607.970025941715d,&quot;46607.97 zł&quot;)" storage="c:\projekty\nunittestproject\bin\debug\netcoreapp3.1\nunittestproject.dll" id="c2736500-86f5-c7ae-a0e1-fceb61e5a5d4">
      <Execution id="a6572cb3-3051-4ca7-b205-7e2a8c6b91b0" />
      <TestMethod codeBase="C:\Projekty\NUnitTestProject\bin\Debug\netcoreapp3.1\NUnitTestProject.dll" adapterTypeName="executor://nunit3testexecutor/" className="NUnitTestProject.CurrencyHelperTests" name="FormatToStringTest1000(46607.970025941715d,&quot;46607.97 zł&quot;)" />
    </UnitTest>
    <UnitTest name="FormatToStringTest1000(11829.625994884234d,&quot;11829.63 zł&quot;)" storage="c:\projekty\nunittestproject\bin\debug\netcoreapp3.1\nunittestproject.dll" id="8ba4f73b-ec87-c89b-2641-8f6e59861d2d">
      <Execution id="f56897ae-2b2d-4dad-b777-571c1198fee8" />
      <TestMethod codeBase="C:\Projekty\NUnitTestProject\bin\Debug\netcoreapp3.1\NUnitTestProject.dll" adapterTypeName="executor://nunit3testexecutor/" className="NUnitTestProject.CurrencyHelperTests" name="FormatToStringTest1000(11829.625994884234d,&quot;11829.63 zł&quot;)" />
    </UnitTest>
    <UnitTest name="FormatToStringTest1000(55030.929183896136d,&quot;55030.93 zł&quot;)" storage="c:\projekty\nunittestproject\bin\debug\netcoreapp3.1\nunittestproject.dll" id="eae9a8da-630f-ea44-decf-a8ef3a38d81d">
      <Execution id="773b14fe-aa4c-434b-8422-d8f8abd3ef89" />
      <TestMethod codeBase="C:\Projekty\NUnitTestProject\bin\Debug\netcoreapp3.1\NUnitTestProject.dll" adapterTypeName="executor://nunit3testexecutor/" className="NUnitTestProject.CurrencyHelperTests" name="FormatToStringTest1000(55030.929183896136d,&quot;55030.93 zł&quot;)" />
    </UnitTest>
    <UnitTest name="FormatToStringTest1000(5749.124990274722d,&quot;5749.12 zł&quot;)" storage="c:\projekty\nunittestproject\bin\debug\netcoreapp3.1\nunittestproject.dll" id="e6b1d0c3-adf4-f12b-3a3a-a088a5d2227c">
      <Execution id="b7faaa99-d434-44a7-87e4-dbfdbddcaed1" />
      <TestMethod codeBase="C:\Projekty\NUnitTestProject\bin\Debug\netcoreapp3.1\NUnitTestProject.dll" adapterTypeName="executor://nunit3testexecutor/" className="NUnitTestProject.CurrencyHelperTests" name="FormatToStringTest1000(5749.124990274722d,&quot;5749.12 zł&quot;)" />
    </UnitTest>
    <UnitTest name="FormatToStringTest1000(22666.13578912995d,&quot;22666.14 zł&quot;)" storage="c:\projekty\nunittestproject\bin\debug\netcoreapp3.1\nunittestproject.dll" id="3c275536-ffe1-8830-c363-8f6f56aca6a1">
      <Execution id="fcef047c-cc8d-4b59-b491-f5de217723d9" />
      <TestMethod codeBase="C:\Projekty\NUnitTestProject\bin\Debug\netcoreapp3.1\NUnitTestProject.dll" adapterTypeName="executor://nunit3testexecutor/" className="NUnitTestProject.CurrencyHelperTests" name="FormatToStringTest1000(22666.13578912995d,&quot;22666.14 zł&quot;)" />
    </UnitTest>
    <UnitTest name="FormatToStringTest1000(9765.54450809748d,&quot;9765.54 zł&quot;)" storage="c:\projekty\nunittestproject\bin\debug\netcoreapp3.1\nunittestproject.dll" id="9cea378d-92c3-1f1c-ce51-cbbf77aae662">
      <Execution id="50273cae-d45d-46ec-a0d6-3f3f7184d9be" />
      <TestMethod codeBase="C:\Projekty\NUnitTestProject\bin\Debug\netcoreapp3.1\NUnitTestProject.dll" adapterTypeName="executor://nunit3testexecutor/" className="NUnitTestProject.CurrencyHelperTests" name="FormatToStringTest1000(9765.54450809748d,&quot;9765.54 zł&quot;)" />
    </UnitTest>
    <UnitTest name="FormatToStringTest1000(8802.811382028653d,&quot;8802.81 zł&quot;)" storage="c:\projekty\nunittestproject\bin\debug\netcoreapp3.1\nunittestproject.dll" id="40488d75-026c-550a-6026-e97b07265e5b">
      <Execution id="53a22224-f33c-46c0-b283-bd5a6097cf02" />
      <TestMethod codeBase="C:\Projekty\NUnitTestProject\bin\Debug\netcoreapp3.1\NUnitTestProject.dll" adapterTypeName="executor://nunit3testexecutor/" className="NUnitTestProject.CurrencyHelperTests" name="FormatToStringTest1000(8802.811382028653d,&quot;8802.81 zł&quot;)" />
    </UnitTest>
    <UnitTest name="FormatToStringTest1000(3588.260979617136d,&quot;3588.26 zł&quot;)" storage="c:\projekty\nunittestproject\bin\debug\netcoreapp3.1\nunittestproject.dll" id="662f9f8e-b212-7223-452e-c301bb4c0b8d">
      <Execution id="0c65b83f-c1dd-4544-99fa-91da1bcad34c" />
      <TestMethod codeBase="C:\Projekty\NUnitTestProject\bin\Debug\netcoreapp3.1\NUnitTestProject.dll" adapterTypeName="executor://nunit3testexecutor/" className="NUnitTestProject.CurrencyHelperTests" name="FormatToStringTest1000(3588.260979617136d,&quot;3588.26 zł&quot;)" />
    </UnitTest>
    <UnitTest name="FormatToStringTest1000(20454.142628653506d,&quot;20454.14 zł&quot;)" storage="c:\projekty\nunittestproject\bin\debug\netcoreapp3.1\nunittestproject.dll" id="f6401660-be6e-6eb8-4af7-4a88425589c4">
      <Execution id="ed51e4b2-ca32-4f55-bea7-9586d3d401f7" />
      <TestMethod codeBase="C:\Projekty\NUnitTestProject\bin\Debug\netcoreapp3.1\NUnitTestProject.dll" adapterTypeName="executor://nunit3testexecutor/" className="NUnitTestProject.CurrencyHelperTests" name="FormatToStringTest1000(20454.142628653506d,&quot;20454.14 zł&quot;)" />
    </UnitTest>
    <UnitTest name="FormatToStringTest1000(22330.217605518745d,&quot;22330.22 zł&quot;)" storage="c:\projekty\nunittestproject\bin\debug\netcoreapp3.1\nunittestproject.dll" id="47a34375-592d-8cb5-ab77-ab4cd5ff1ae6">
      <Execution id="043a1b5b-e8c6-4209-94fb-0a08735cc8a4" />
      <TestMethod codeBase="C:\Projekty\NUnitTestProject\bin\Debug\netcoreapp3.1\NUnitTestProject.dll" adapterTypeName="executor://nunit3testexecutor/" className="NUnitTestProject.CurrencyHelperTests" name="FormatToStringTest1000(22330.217605518745d,&quot;22330.22 zł&quot;)" />
    </UnitTest>
    <UnitTest name="FormatToStringTest1000(31424.298858482067d,&quot;31424.30 zł&quot;)" storage="c:\projekty\nunittestproject\bin\debug\netcoreapp3.1\nunittestproject.dll" id="6348b4b0-49f7-9204-9791-fbfe727cb8b8">
      <Execution id="6f992f93-5f56-4a32-980e-5602c2803fb5" />
      <TestMethod codeBase="C:\Projekty\NUnitTestProject\bin\Debug\netcoreapp3.1\NUnitTestProject.dll" adapterTypeName="executor://nunit3testexecutor/" className="NUnitTestProject.CurrencyHelperTests" name="FormatToStringTest1000(31424.298858482067d,&quot;31424.30 zł&quot;)" />
    </UnitTest>
    <UnitTest name="FormatToStringTest1000(9750.134289915735d,&quot;9750.13 zł&quot;)" storage="c:\projekty\nunittestproject\bin\debug\netcoreapp3.1\nunittestproject.dll" id="4f1f0a63-e0be-64e6-2c9f-87d58c623ce7">
      <Execution id="315df929-ae94-4902-8d48-59ac89a88c4f" />
      <TestMethod codeBase="C:\Projekty\NUnitTestProject\bin\Debug\netcoreapp3.1\NUnitTestProject.dll" adapterTypeName="executor://nunit3testexecutor/" className="NUnitTestProject.CurrencyHelperTests" name="FormatToStringTest1000(9750.134289915735d,&quot;9750.13 zł&quot;)" />
    </UnitTest>
    <UnitTest name="FormatToStringTest1000(4648.492795337221d,&quot;4648.49 zł&quot;)" storage="c:\projekty\nunittestproject\bin\debug\netcoreapp3.1\nunittestproject.dll" id="341610ea-9bd8-25a4-90fc-740a57823f92">
      <Execution id="34d4d995-4b7c-46f1-9a25-05e9cf854097" />
      <TestMethod codeBase="C:\Projekty\NUnitTestProject\bin\Debug\netcoreapp3.1\NUnitTestProject.dll" adapterTypeName="executor://nunit3testexecutor/" className="NUnitTestProject.CurrencyHelperTests" name="FormatToStringTest1000(4648.492795337221d,&quot;4648.49 zł&quot;)" />
    </UnitTest>
    <UnitTest name="FormatToStringTest1000(20737.251994218328d,&quot;20737.25 zł&quot;)" storage="c:\projekty\nunittestproject\bin\debug\netcoreapp3.1\nunittestproject.dll" id="cfa8282b-c910-23c2-f0df-2ed624c5a3c7">
      <Execution id="ab60b6d7-2398-438f-86ee-0eb12c93429c" />
      <TestMethod codeBase="C:\Projekty\NUnitTestProject\bin\Debug\netcoreapp3.1\NUnitTestProject.dll" adapterTypeName="executor://nunit3testexecutor/" className="NUnitTestProject.CurrencyHelperTests" name="FormatToStringTest1000(20737.251994218328d,&quot;20737.25 zł&quot;)" />
    </UnitTest>
    <UnitTest name="FormatToStringTest1000(6220.182014914314d,&quot;6220.18 zł&quot;)" storage="c:\projekty\nunittestproject\bin\debug\netcoreapp3.1\nunittestproject.dll" id="7bf7f3ca-374b-b9a9-53c4-47a8ad354e7e">
      <Execution id="09b788d2-b986-4ee5-9cd6-4789aa608b83" />
      <TestMethod codeBase="C:\Projekty\NUnitTestProject\bin\Debug\netcoreapp3.1\NUnitTestProject.dll" adapterTypeName="executor://nunit3testexecutor/" className="NUnitTestProject.CurrencyHelperTests" name="FormatToStringTest1000(6220.182014914314d,&quot;6220.18 zł&quot;)" />
    </UnitTest>
    <UnitTest name="FormatToStringTest1000(44869.327020554025d,&quot;44869.33 zł&quot;)" storage="c:\projekty\nunittestproject\bin\debug\netcoreapp3.1\nunittestproject.dll" id="0dc215f9-ced3-1d40-e986-2ebe86240f13">
      <Execution id="f082ab0a-d6c4-4d58-9bd7-4146f1ee8c79" />
      <TestMethod codeBase="C:\Projekty\NUnitTestProject\bin\Debug\netcoreapp3.1\NUnitTestProject.dll" adapterTypeName="executor://nunit3testexecutor/" className="NUnitTestProject.CurrencyHelperTests" name="FormatToStringTest1000(44869.327020554025d,&quot;44869.33 zł&quot;)" />
    </UnitTest>
    <UnitTest name="FormatToStringTest1000(59283.7670322637d,&quot;59283.77 zł&quot;)" storage="c:\projekty\nunittestproject\bin\debug\netcoreapp3.1\nunittestproject.dll" id="dadc7847-4729-edf6-eb4b-78006f9ee153">
      <Execution id="c32a1daa-aa58-4661-9889-af9c80c49cd2" />
      <TestMethod codeBase="C:\Projekty\NUnitTestProject\bin\Debug\netcoreapp3.1\NUnitTestProject.dll" adapterTypeName="executor://nunit3testexecutor/" className="NUnitTestProject.CurrencyHelperTests" name="FormatToStringTest1000(59283.7670322637d,&quot;59283.77 zł&quot;)" />
    </UnitTest>
    <UnitTest name="FormatToStringTest1000(27751.474436297303d,&quot;27751.47 zł&quot;)" storage="c:\projekty\nunittestproject\bin\debug\netcoreapp3.1\nunittestproject.dll" id="3d8d8c47-dc22-599d-26af-f64601981b29">
      <Execution id="40e0e502-c859-453e-9aed-b070774999ac" />
      <TestMethod codeBase="C:\Projekty\NUnitTestProject\bin\Debug\netcoreapp3.1\NUnitTestProject.dll" adapterTypeName="executor://nunit3testexecutor/" className="NUnitTestProject.CurrencyHelperTests" name="FormatToStringTest1000(27751.474436297303d,&quot;27751.47 zł&quot;)" />
    </UnitTest>
    <UnitTest name="FormatToStringTest1000(2751.3751475258614d,&quot;2751.38 zł&quot;)" storage="c:\projekty\nunittestproject\bin\debug\netcoreapp3.1\nunittestproject.dll" id="84185e06-3828-77a5-d8c9-c2b462b8ff8c">
      <Execution id="b52c239a-68c6-4fb3-bfe8-d0baa4ed9ab5" />
      <TestMethod codeBase="C:\Projekty\NUnitTestProject\bin\Debug\netcoreapp3.1\NUnitTestProject.dll" adapterTypeName="executor://nunit3testexecutor/" className="NUnitTestProject.CurrencyHelperTests" name="FormatToStringTest1000(2751.3751475258614d,&quot;2751.38 zł&quot;)" />
    </UnitTest>
    <UnitTest name="FormatToStringTest1000(20237.28532723723d,&quot;20237.29 zł&quot;)" storage="c:\projekty\nunittestproject\bin\debug\netcoreapp3.1\nunittestproject.dll" id="4191e320-5572-4ed4-213f-949531d6a246">
      <Execution id="c18035de-4937-483d-9158-46d88e03c9cf" />
      <TestMethod codeBase="C:\Projekty\NUnitTestProject\bin\Debug\netcoreapp3.1\NUnitTestProject.dll" adapterTypeName="executor://nunit3testexecutor/" className="NUnitTestProject.CurrencyHelperTests" name="FormatToStringTest1000(20237.28532723723d,&quot;20237.29 zł&quot;)" />
    </UnitTest>
    <UnitTest name="FormatToStringTest1000(30034.922435005625d,&quot;30034.92 zł&quot;)" storage="c:\projekty\nunittestproject\bin\debug\netcoreapp3.1\nunittestproject.dll" id="1fa0b0ac-82b7-821b-a6bd-11883f4b16c1">
      <Execution id="6c4990c2-b096-4848-a2e8-0cc0aea495d5" />
      <TestMethod codeBase="C:\Projekty\NUnitTestProject\bin\Debug\netcoreapp3.1\NUnitTestProject.dll" adapterTypeName="executor://nunit3testexecutor/" className="NUnitTestProject.CurrencyHelperTests" name="FormatToStringTest1000(30034.922435005625d,&quot;30034.92 zł&quot;)" />
    </UnitTest>
    <UnitTest name="FormatToStringTest1000(50009.23881716898d,&quot;50009.24 zł&quot;)" storage="c:\projekty\nunittestproject\bin\debug\netcoreapp3.1\nunittestproject.dll" id="0204302a-a6b4-6e62-a63e-362dc9379d6c">
      <Execution id="aa97c395-221e-4777-b242-e6d1cdb0c3be" />
      <TestMethod codeBase="C:\Projekty\NUnitTestProject\bin\Debug\netcoreapp3.1\NUnitTestProject.dll" adapterTypeName="executor://nunit3testexecutor/" className="NUnitTestProject.CurrencyHelperTests" name="FormatToStringTest1000(50009.23881716898d,&quot;50009.24 zł&quot;)" />
    </UnitTest>
    <UnitTest name="FormatToStringTest1000(22592.465903659566d,&quot;22592.47 zł&quot;)" storage="c:\projekty\nunittestproject\bin\debug\netcoreapp3.1\nunittestproject.dll" id="7280bcd5-2dc4-a3f6-24fd-df56e5b00deb">
      <Execution id="6c855eee-f571-4228-b3f9-8431e65046d1" />
      <TestMethod codeBase="C:\Projekty\NUnitTestProject\bin\Debug\netcoreapp3.1\NUnitTestProject.dll" adapterTypeName="executor://nunit3testexecutor/" className="NUnitTestProject.CurrencyHelperTests" name="FormatToStringTest1000(22592.465903659566d,&quot;22592.47 zł&quot;)" />
    </UnitTest>
    <UnitTest name="FormatToStringTest1000(5870.791169434223d,&quot;5870.79 zł&quot;)" storage="c:\projekty\nunittestproject\bin\debug\netcoreapp3.1\nunittestproject.dll" id="f9c4ace8-7c88-3dcb-8c8b-9f280e8b25b8">
      <Execution id="c3df6fac-0764-494e-b7c3-dd2a172de49d" />
      <TestMethod codeBase="C:\Projekty\NUnitTestProject\bin\Debug\netcoreapp3.1\NUnitTestProject.dll" adapterTypeName="executor://nunit3testexecutor/" className="NUnitTestProject.CurrencyHelperTests" name="FormatToStringTest1000(5870.791169434223d,&quot;5870.79 zł&quot;)" />
    </UnitTest>
    <UnitTest name="FormatToStringTest1000(9816.961298880615d,&quot;9816.96 zł&quot;)" storage="c:\projekty\nunittestproject\bin\debug\netcoreapp3.1\nunittestproject.dll" id="17734bbb-2d3a-adb5-e319-0683f12164eb">
      <Execution id="9c073675-ffc0-43ca-b917-91adc006a0f9" />
      <TestMethod codeBase="C:\Projekty\NUnitTestProject\bin\Debug\netcoreapp3.1\NUnitTestProject.dll" adapterTypeName="executor://nunit3testexecutor/" className="NUnitTestProject.CurrencyHelperTests" name="FormatToStringTest1000(9816.961298880615d,&quot;9816.96 zł&quot;)" />
    </UnitTest>
    <UnitTest name="FormatToStringTest1000(44499.288016808816d,&quot;44499.29 zł&quot;)" storage="c:\projekty\nunittestproject\bin\debug\netcoreapp3.1\nunittestproject.dll" id="dd25fada-bd11-6a30-c38c-abafcc1ac188">
      <Execution id="b724fa3b-95d3-4665-8adb-e52677e5493b" />
      <TestMethod codeBase="C:\Projekty\NUnitTestProject\bin\Debug\netcoreapp3.1\NUnitTestProject.dll" adapterTypeName="executor://nunit3testexecutor/" className="NUnitTestProject.CurrencyHelperTests" name="FormatToStringTest1000(44499.288016808816d,&quot;44499.29 zł&quot;)" />
    </UnitTest>
    <UnitTest name="FormatToStringTest1000(36969.98585167247d,&quot;36969.99 zł&quot;)" storage="c:\projekty\nunittestproject\bin\debug\netcoreapp3.1\nunittestproject.dll" id="d7323b46-e742-10c6-7291-609e242e6eac">
      <Execution id="f4a0d4b0-657f-402d-b6ac-a635b23cff3c" />
      <TestMethod codeBase="C:\Projekty\NUnitTestProject\bin\Debug\netcoreapp3.1\NUnitTestProject.dll" adapterTypeName="executor://nunit3testexecutor/" className="NUnitTestProject.CurrencyHelperTests" name="FormatToStringTest1000(36969.98585167247d,&quot;36969.99 zł&quot;)" />
    </UnitTest>
    <UnitTest name="FormatToStringTest1000(13206.129467931636d,&quot;13206.13 zł&quot;)" storage="c:\projekty\nunittestproject\bin\debug\netcoreapp3.1\nunittestproject.dll" id="610f0902-3657-5dff-20ec-353a29cbd7c4">
      <Execution id="145e880a-dbb9-4839-a6c8-6459bf7427b1" />
      <TestMethod codeBase="C:\Projekty\NUnitTestProject\bin\Debug\netcoreapp3.1\NUnitTestProject.dll" adapterTypeName="executor://nunit3testexecutor/" className="NUnitTestProject.CurrencyHelperTests" name="FormatToStringTest1000(13206.129467931636d,&quot;13206.13 zł&quot;)" />
    </UnitTest>
    <UnitTest name="FormatToStringTest1000(6466.872242818062d,&quot;6466.87 zł&quot;)" storage="c:\projekty\nunittestproject\bin\debug\netcoreapp3.1\nunittestproject.dll" id="0741a97b-fe60-742a-1f50-b38d8a9cae33">
      <Execution id="a83f02ca-75d4-492e-bf3f-e95f31b1e10d" />
      <TestMethod codeBase="C:\Projekty\NUnitTestProject\bin\Debug\netcoreapp3.1\NUnitTestProject.dll" adapterTypeName="executor://nunit3testexecutor/" className="NUnitTestProject.CurrencyHelperTests" name="FormatToStringTest1000(6466.872242818062d,&quot;6466.87 zł&quot;)" />
    </UnitTest>
    <UnitTest name="FormatToStringTest1000(5840.747097845071d,&quot;5840.75 zł&quot;)" storage="c:\projekty\nunittestproject\bin\debug\netcoreapp3.1\nunittestproject.dll" id="298a4d26-abe3-d2f6-50a3-14e473e9fa24">
      <Execution id="944c9fda-a3f4-40e5-a9d4-1888bdffa803" />
      <TestMethod codeBase="C:\Projekty\NUnitTestProject\bin\Debug\netcoreapp3.1\NUnitTestProject.dll" adapterTypeName="executor://nunit3testexecutor/" className="NUnitTestProject.CurrencyHelperTests" name="FormatToStringTest1000(5840.747097845071d,&quot;5840.75 zł&quot;)" />
    </UnitTest>
    <UnitTest name="FormatToStringTest1000(7671.0039663785155d,&quot;7671.00 zł&quot;)" storage="c:\projekty\nunittestproject\bin\debug\netcoreapp3.1\nunittestproject.dll" id="d61bc42f-9488-4952-fc35-4acf2d69a35a">
      <Execution id="4544e904-4dbc-4dd2-8239-b71f7cfa1ad1" />
      <TestMethod codeBase="C:\Projekty\NUnitTestProject\bin\Debug\netcoreapp3.1\NUnitTestProject.dll" adapterTypeName="executor://nunit3testexecutor/" className="NUnitTestProject.CurrencyHelperTests" name="FormatToStringTest1000(7671.0039663785155d,&quot;7671.00 zł&quot;)" />
    </UnitTest>
    <UnitTest name="FormatToStringTest1000(47964.941885361884d,&quot;47964.94 zł&quot;)" storage="c:\projekty\nunittestproject\bin\debug\netcoreapp3.1\nunittestproject.dll" id="600c9577-9456-49fc-a1f1-839a5e62cae7">
      <Execution id="9c232e9f-f5ed-40da-9f0e-88f588832649" />
      <TestMethod codeBase="C:\Projekty\NUnitTestProject\bin\Debug\netcoreapp3.1\NUnitTestProject.dll" adapterTypeName="executor://nunit3testexecutor/" className="NUnitTestProject.CurrencyHelperTests" name="FormatToStringTest1000(47964.941885361884d,&quot;47964.94 zł&quot;)" />
    </UnitTest>
    <UnitTest name="FormatToStringTest1000(16416.109736457518d,&quot;16416.11 zł&quot;)" storage="c:\projekty\nunittestproject\bin\debug\netcoreapp3.1\nunittestproject.dll" id="5e0fc3f1-0f67-2b00-c924-a966afea65df">
      <Execution id="09e2e2c4-befd-40c1-a066-0cd3cfd30fc3" />
      <TestMethod codeBase="C:\Projekty\NUnitTestProject\bin\Debug\netcoreapp3.1\NUnitTestProject.dll" adapterTypeName="executor://nunit3testexecutor/" className="NUnitTestProject.CurrencyHelperTests" name="FormatToStringTest1000(16416.109736457518d,&quot;16416.11 zł&quot;)" />
    </UnitTest>
    <UnitTest name="FormatToStringTest1000(16427.591943671738d,&quot;16427.59 zł&quot;)" storage="c:\projekty\nunittestproject\bin\debug\netcoreapp3.1\nunittestproject.dll" id="d1d03651-a1e2-f6be-a8df-45190d2d89f8">
      <Execution id="bb987f08-5d0b-4850-ad24-35aeebf408c2" />
      <TestMethod codeBase="C:\Projekty\NUnitTestProject\bin\Debug\netcoreapp3.1\NUnitTestProject.dll" adapterTypeName="executor://nunit3testexecutor/" className="NUnitTestProject.CurrencyHelperTests" name="FormatToStringTest1000(16427.591943671738d,&quot;16427.59 zł&quot;)" />
    </UnitTest>
    <UnitTest name="FormatToStringTest1000(7753.724411372898d,&quot;7753.72 zł&quot;)" storage="c:\projekty\nunittestproject\bin\debug\netcoreapp3.1\nunittestproject.dll" id="d15cb58b-9b62-cb4e-439e-72757eabb197">
      <Execution id="18fddf55-565c-4472-b2c2-27d858eb72ac" />
      <TestMethod codeBase="C:\Projekty\NUnitTestProject\bin\Debug\netcoreapp3.1\NUnitTestProject.dll" adapterTypeName="executor://nunit3testexecutor/" className="NUnitTestProject.CurrencyHelperTests" name="FormatToStringTest1000(7753.724411372898d,&quot;7753.72 zł&quot;)" />
    </UnitTest>
    <UnitTest name="FormatToStringTest1000(13541.45472935096d,&quot;13541.45 zł&quot;)" storage="c:\projekty\nunittestproject\bin\debug\netcoreapp3.1\nunittestproject.dll" id="03e5974c-7aa0-7aa6-bbeb-a5715ea0d1d7">
      <Execution id="2b22f254-743f-40c0-8342-9ad6c6f1be13" />
      <TestMethod codeBase="C:\Projekty\NUnitTestProject\bin\Debug\netcoreapp3.1\NUnitTestProject.dll" adapterTypeName="executor://nunit3testexecutor/" className="NUnitTestProject.CurrencyHelperTests" name="FormatToStringTest1000(13541.45472935096d,&quot;13541.45 zł&quot;)" />
    </UnitTest>
    <UnitTest name="FormatToStringTest1000(12610.563163818122d,&quot;12610.56 zł&quot;)" storage="c:\projekty\nunittestproject\bin\debug\netcoreapp3.1\nunittestproject.dll" id="8762588b-d7fc-ca07-7e83-51f41467a9eb">
      <Execution id="c1932b80-ca36-4986-b346-131629e7de66" />
      <TestMethod codeBase="C:\Projekty\NUnitTestProject\bin\Debug\netcoreapp3.1\NUnitTestProject.dll" adapterTypeName="executor://nunit3testexecutor/" className="NUnitTestProject.CurrencyHelperTests" name="FormatToStringTest1000(12610.563163818122d,&quot;12610.56 zł&quot;)" />
    </UnitTest>
    <UnitTest name="FormatToStringTest1000(20441.330495004695d,&quot;20441.33 zł&quot;)" storage="c:\projekty\nunittestproject\bin\debug\netcoreapp3.1\nunittestproject.dll" id="27b9fbe0-03f5-4d47-663b-0785c7f9ec49">
      <Execution id="815037e0-9036-4e09-a561-68396f24ff7d" />
      <TestMethod codeBase="C:\Projekty\NUnitTestProject\bin\Debug\netcoreapp3.1\NUnitTestProject.dll" adapterTypeName="executor://nunit3testexecutor/" className="NUnitTestProject.CurrencyHelperTests" name="FormatToStringTest1000(20441.330495004695d,&quot;20441.33 zł&quot;)" />
    </UnitTest>
    <UnitTest name="FormatToStringTest1000(22743.19734205827d,&quot;22743.20 zł&quot;)" storage="c:\projekty\nunittestproject\bin\debug\netcoreapp3.1\nunittestproject.dll" id="9e567b4f-5898-461c-b4e9-b51ec60ad377">
      <Execution id="8d099613-afdf-4b3f-836c-3cf91d689d56" />
      <TestMethod codeBase="C:\Projekty\NUnitTestProject\bin\Debug\netcoreapp3.1\NUnitTestProject.dll" adapterTypeName="executor://nunit3testexecutor/" className="NUnitTestProject.CurrencyHelperTests" name="FormatToStringTest1000(22743.19734205827d,&quot;22743.20 zł&quot;)" />
    </UnitTest>
    <UnitTest name="FormatToStringTest1000(15509.637406484986d,&quot;15509.64 zł&quot;)" storage="c:\projekty\nunittestproject\bin\debug\netcoreapp3.1\nunittestproject.dll" id="c74c54e8-6590-d76d-eaee-baa60a589aef">
      <Execution id="60834ca6-5f33-4d48-b0ac-061ffbbe0390" />
      <TestMethod codeBase="C:\Projekty\NUnitTestProject\bin\Debug\netcoreapp3.1\NUnitTestProject.dll" adapterTypeName="executor://nunit3testexecutor/" className="NUnitTestProject.CurrencyHelperTests" name="FormatToStringTest1000(15509.637406484986d,&quot;15509.64 zł&quot;)" />
    </UnitTest>
    <UnitTest name="FormatToStringTest1000(7202.052143613367d,&quot;7202.05 zł&quot;)" storage="c:\projekty\nunittestproject\bin\debug\netcoreapp3.1\nunittestproject.dll" id="6ce0d4c6-4820-8d4a-179e-2d433a32b3e2">
      <Execution id="c0a17d12-94fc-425c-acaf-1ef7b84fc54c" />
      <TestMethod codeBase="C:\Projekty\NUnitTestProject\bin\Debug\netcoreapp3.1\NUnitTestProject.dll" adapterTypeName="executor://nunit3testexecutor/" className="NUnitTestProject.CurrencyHelperTests" name="FormatToStringTest1000(7202.052143613367d,&quot;7202.05 zł&quot;)" />
    </UnitTest>
    <UnitTest name="FormatToStringTest1000(10994.251866986162d,&quot;10994.25 zł&quot;)" storage="c:\projekty\nunittestproject\bin\debug\netcoreapp3.1\nunittestproject.dll" id="345abed9-9ef3-e2b8-4bc1-ad4b7b82dd26">
      <Execution id="501c9cb8-7e62-4ceb-b513-d9101e89b238" />
      <TestMethod codeBase="C:\Projekty\NUnitTestProject\bin\Debug\netcoreapp3.1\NUnitTestProject.dll" adapterTypeName="executor://nunit3testexecutor/" className="NUnitTestProject.CurrencyHelperTests" name="FormatToStringTest1000(10994.251866986162d,&quot;10994.25 zł&quot;)" />
    </UnitTest>
    <UnitTest name="FormatToStringTest1000(20321.03715103913d,&quot;20321.04 zł&quot;)" storage="c:\projekty\nunittestproject\bin\debug\netcoreapp3.1\nunittestproject.dll" id="d45e0a24-dbfe-46a9-68b0-8da0a6094838">
      <Execution id="05619ae6-2f49-4f45-bfe2-64875db7ac31" />
      <TestMethod codeBase="C:\Projekty\NUnitTestProject\bin\Debug\netcoreapp3.1\NUnitTestProject.dll" adapterTypeName="executor://nunit3testexecutor/" className="NUnitTestProject.CurrencyHelperTests" name="FormatToStringTest1000(20321.03715103913d,&quot;20321.04 zł&quot;)" />
    </UnitTest>
    <UnitTest name="FormatToStringTest1000(65947.64520381515d,&quot;65947.65 zł&quot;)" storage="c:\projekty\nunittestproject\bin\debug\netcoreapp3.1\nunittestproject.dll" id="a9f22fa3-b7d2-f6d4-3197-1e8215934f1f">
      <Execution id="ec86a419-f526-4034-b102-7452598a0d71" />
      <TestMethod codeBase="C:\Projekty\NUnitTestProject\bin\Debug\netcoreapp3.1\NUnitTestProject.dll" adapterTypeName="executor://nunit3testexecutor/" className="NUnitTestProject.CurrencyHelperTests" name="FormatToStringTest1000(65947.64520381515d,&quot;65947.65 zł&quot;)" />
    </UnitTest>
    <UnitTest name="FormatToStringTest1000(23662.291816162084d,&quot;23662.29 zł&quot;)" storage="c:\projekty\nunittestproject\bin\debug\netcoreapp3.1\nunittestproject.dll" id="d84ea56f-1773-91fe-6056-1fcd6ce44e0e">
      <Execution id="b5069cf7-3eee-499a-ad3e-98601d4e67d4" />
      <TestMethod codeBase="C:\Projekty\NUnitTestProject\bin\Debug\netcoreapp3.1\NUnitTestProject.dll" adapterTypeName="executor://nunit3testexecutor/" className="NUnitTestProject.CurrencyHelperTests" name="FormatToStringTest1000(23662.291816162084d,&quot;23662.29 zł&quot;)" />
    </UnitTest>
    <UnitTest name="FormatToStringTest1000(48684.26840475959d,&quot;48684.27 zł&quot;)" storage="c:\projekty\nunittestproject\bin\debug\netcoreapp3.1\nunittestproject.dll" id="a8348a06-7119-4e51-65fc-4cd73de7f6cb">
      <Execution id="6baed3ef-5ed4-4245-ab7c-ac55cfe8a6e9" />
      <TestMethod codeBase="C:\Projekty\NUnitTestProject\bin\Debug\netcoreapp3.1\NUnitTestProject.dll" adapterTypeName="executor://nunit3testexecutor/" className="NUnitTestProject.CurrencyHelperTests" name="FormatToStringTest1000(48684.26840475959d,&quot;48684.27 zł&quot;)" />
    </UnitTest>
    <UnitTest name="FormatToStringTest1000(286.92120604539343d,&quot;286.92 zł&quot;)" storage="c:\projekty\nunittestproject\bin\debug\netcoreapp3.1\nunittestproject.dll" id="94cff85e-e7bb-c94b-e20b-765eb3997f75">
      <Execution id="ca3a3c78-76cb-498f-b7d0-6b2fd31088dc" />
      <TestMethod codeBase="C:\Projekty\NUnitTestProject\bin\Debug\netcoreapp3.1\NUnitTestProject.dll" adapterTypeName="executor://nunit3testexecutor/" className="NUnitTestProject.CurrencyHelperTests" name="FormatToStringTest1000(286.92120604539343d,&quot;286.92 zł&quot;)" />
    </UnitTest>
    <UnitTest name="FormatToStringTest1000(34145.534199603615d,&quot;34145.53 zł&quot;)" storage="c:\projekty\nunittestproject\bin\debug\netcoreapp3.1\nunittestproject.dll" id="bb69a9ef-0ed6-4747-9681-639ad78f5540">
      <Execution id="8326249f-3832-4e79-9eba-218da82b5b53" />
      <TestMethod codeBase="C:\Projekty\NUnitTestProject\bin\Debug\netcoreapp3.1\NUnitTestProject.dll" adapterTypeName="executor://nunit3testexecutor/" className="NUnitTestProject.CurrencyHelperTests" name="FormatToStringTest1000(34145.534199603615d,&quot;34145.53 zł&quot;)" />
    </UnitTest>
    <UnitTest name="FormatToStringTest1000(67230.86250807665d,&quot;67230.86 zł&quot;)" storage="c:\projekty\nunittestproject\bin\debug\netcoreapp3.1\nunittestproject.dll" id="6aa37256-4a27-aaf0-2d68-1faeac68f58c">
      <Execution id="67d5441d-df9c-4236-a902-cee6e069197c" />
      <TestMethod codeBase="C:\Projekty\NUnitTestProject\bin\Debug\netcoreapp3.1\NUnitTestProject.dll" adapterTypeName="executor://nunit3testexecutor/" className="NUnitTestProject.CurrencyHelperTests" name="FormatToStringTest1000(67230.86250807665d,&quot;67230.86 zł&quot;)" />
    </UnitTest>
    <UnitTest name="FormatToStringTest1000(1662.8482664818168d,&quot;1662.85 zł&quot;)" storage="c:\projekty\nunittestproject\bin\debug\netcoreapp3.1\nunittestproject.dll" id="31037d5d-343e-e648-8e6e-7f15567dfff2">
      <Execution id="6ea40d8a-0b00-4990-b6c4-59f716587d48" />
      <TestMethod codeBase="C:\Projekty\NUnitTestProject\bin\Debug\netcoreapp3.1\NUnitTestProject.dll" adapterTypeName="executor://nunit3testexecutor/" className="NUnitTestProject.CurrencyHelperTests" name="FormatToStringTest1000(1662.8482664818168d,&quot;1662.85 zł&quot;)" />
    </UnitTest>
    <UnitTest name="FormatToStringTest1000(61324.33752458279d,&quot;61324.34 zł&quot;)" storage="c:\projekty\nunittestproject\bin\debug\netcoreapp3.1\nunittestproject.dll" id="b5f26849-7f95-8deb-3e82-07db33467afb">
      <Execution id="b15ca041-291f-4291-aad7-02502946fd05" />
      <TestMethod codeBase="C:\Projekty\NUnitTestProject\bin\Debug\netcoreapp3.1\NUnitTestProject.dll" adapterTypeName="executor://nunit3testexecutor/" className="NUnitTestProject.CurrencyHelperTests" name="FormatToStringTest1000(61324.33752458279d,&quot;61324.34 zł&quot;)" />
    </UnitTest>
    <UnitTest name="FormatToStringTest1000(20344.185360967265d,&quot;20344.19 zł&quot;)" storage="c:\projekty\nunittestproject\bin\debug\netcoreapp3.1\nunittestproject.dll" id="ecefef35-6686-837e-5061-bcb9badf51b3">
      <Execution id="35cc7c5a-804c-4532-8ad2-8cdb9d12bbef" />
      <TestMethod codeBase="C:\Projekty\NUnitTestProject\bin\Debug\netcoreapp3.1\NUnitTestProject.dll" adapterTypeName="executor://nunit3testexecutor/" className="NUnitTestProject.CurrencyHelperTests" name="FormatToStringTest1000(20344.185360967265d,&quot;20344.19 zł&quot;)" />
    </UnitTest>
    <UnitTest name="FormatToStringTest1000(47630.39193684067d,&quot;47630.39 zł&quot;)" storage="c:\projekty\nunittestproject\bin\debug\netcoreapp3.1\nunittestproject.dll" id="1445b267-8883-4711-c51b-1a1ff5eca2f9">
      <Execution id="6c53bcb6-25a7-4b80-b059-844fe6b04a49" />
      <TestMethod codeBase="C:\Projekty\NUnitTestProject\bin\Debug\netcoreapp3.1\NUnitTestProject.dll" adapterTypeName="executor://nunit3testexecutor/" className="NUnitTestProject.CurrencyHelperTests" name="FormatToStringTest1000(47630.39193684067d,&quot;47630.39 zł&quot;)" />
    </UnitTest>
    <UnitTest name="FormatToStringTest1000(29539.32303995328d,&quot;29539.32 zł&quot;)" storage="c:\projekty\nunittestproject\bin\debug\netcoreapp3.1\nunittestproject.dll" id="e6e7fdd0-b12d-1312-3dc2-3384a5e7d999">
      <Execution id="4c715689-46f3-4e5f-ab1c-cb04d1db72bd" />
      <TestMethod codeBase="C:\Projekty\NUnitTestProject\bin\Debug\netcoreapp3.1\NUnitTestProject.dll" adapterTypeName="executor://nunit3testexecutor/" className="NUnitTestProject.CurrencyHelperTests" name="FormatToStringTest1000(29539.32303995328d,&quot;29539.32 zł&quot;)" />
    </UnitTest>
    <UnitTest name="FormatToStringTest1000(6676.5680544784145d,&quot;6676.57 zł&quot;)" storage="c:\projekty\nunittestproject\bin\debug\netcoreapp3.1\nunittestproject.dll" id="eda712ea-15dc-6cac-535c-79a64a40aa02">
      <Execution id="7272aa8f-39d3-4e36-a347-580d7a7c1103" />
      <TestMethod codeBase="C:\Projekty\NUnitTestProject\bin\Debug\netcoreapp3.1\NUnitTestProject.dll" adapterTypeName="executor://nunit3testexecutor/" className="NUnitTestProject.CurrencyHelperTests" name="FormatToStringTest1000(6676.5680544784145d,&quot;6676.57 zł&quot;)" />
    </UnitTest>
    <UnitTest name="FormatToStringTest1000(5566.818038455592d,&quot;5566.82 zł&quot;)" storage="c:\projekty\nunittestproject\bin\debug\netcoreapp3.1\nunittestproject.dll" id="ac23e196-8a79-cb67-41ad-c8975a08f154">
      <Execution id="d27be29d-4561-4073-a00b-0b32cf8b60bc" />
      <TestMethod codeBase="C:\Projekty\NUnitTestProject\bin\Debug\netcoreapp3.1\NUnitTestProject.dll" adapterTypeName="executor://nunit3testexecutor/" className="NUnitTestProject.CurrencyHelperTests" name="FormatToStringTest1000(5566.818038455592d,&quot;5566.82 zł&quot;)" />
    </UnitTest>
    <UnitTest name="FormatToStringTest1000(16383.352881839199d,&quot;16383.35 zł&quot;)" storage="c:\projekty\nunittestproject\bin\debug\netcoreapp3.1\nunittestproject.dll" id="c7f52afa-564d-8d59-88a3-ea1bc3790407">
      <Execution id="14f7d6e0-330c-40bd-80f9-4080fbec4f12" />
      <TestMethod codeBase="C:\Projekty\NUnitTestProject\bin\Debug\netcoreapp3.1\NUnitTestProject.dll" adapterTypeName="executor://nunit3testexecutor/" className="NUnitTestProject.CurrencyHelperTests" name="FormatToStringTest1000(16383.352881839199d,&quot;16383.35 zł&quot;)" />
    </UnitTest>
    <UnitTest name="FormatToStringTest1000(19352.183340702755d,&quot;19352.18 zł&quot;)" storage="c:\projekty\nunittestproject\bin\debug\netcoreapp3.1\nunittestproject.dll" id="03ea9dd2-de50-ef82-5a92-98d7b2ff607a">
      <Execution id="1ab68051-7bf9-48f0-8576-b0ff28ef28fc" />
      <TestMethod codeBase="C:\Projekty\NUnitTestProject\bin\Debug\netcoreapp3.1\NUnitTestProject.dll" adapterTypeName="executor://nunit3testexecutor/" className="NUnitTestProject.CurrencyHelperTests" name="FormatToStringTest1000(19352.183340702755d,&quot;19352.18 zł&quot;)" />
    </UnitTest>
    <UnitTest name="FormatToStringTest1000(34021.1384072961d,&quot;34021.14 zł&quot;)" storage="c:\projekty\nunittestproject\bin\debug\netcoreapp3.1\nunittestproject.dll" id="e8d6ba9d-db50-0e05-06db-5789675388b8">
      <Execution id="91256ee4-7302-4aaf-ab59-1e6598e76f4c" />
      <TestMethod codeBase="C:\Projekty\NUnitTestProject\bin\Debug\netcoreapp3.1\NUnitTestProject.dll" adapterTypeName="executor://nunit3testexecutor/" className="NUnitTestProject.CurrencyHelperTests" name="FormatToStringTest1000(34021.1384072961d,&quot;34021.14 zł&quot;)" />
    </UnitTest>
    <UnitTest name="FormatToStringTest1000(24695.917440203913d,&quot;24695.92 zł&quot;)" storage="c:\projekty\nunittestproject\bin\debug\netcoreapp3.1\nunittestproject.dll" id="c4623a0a-608f-dd08-41f5-750ffba5ed05">
      <Execution id="ac316f1c-4cc4-4cf9-946e-a551af4890f1" />
      <TestMethod codeBase="C:\Projekty\NUnitTestProject\bin\Debug\netcoreapp3.1\NUnitTestProject.dll" adapterTypeName="executor://nunit3testexecutor/" className="NUnitTestProject.CurrencyHelperTests" name="FormatToStringTest1000(24695.917440203913d,&quot;24695.92 zł&quot;)" />
    </UnitTest>
    <UnitTest name="FormatToStringTest1000(26162.532683261918d,&quot;26162.53 zł&quot;)" storage="c:\projekty\nunittestproject\bin\debug\netcoreapp3.1\nunittestproject.dll" id="04b5ae4a-9995-af19-61fb-019921680928">
      <Execution id="2e0b53f3-2869-49d2-b1b6-494bf5af4585" />
      <TestMethod codeBase="C:\Projekty\NUnitTestProject\bin\Debug\netcoreapp3.1\NUnitTestProject.dll" adapterTypeName="executor://nunit3testexecutor/" className="NUnitTestProject.CurrencyHelperTests" name="FormatToStringTest1000(26162.532683261918d,&quot;26162.53 zł&quot;)" />
    </UnitTest>
    <UnitTest name="FormatToStringTest1000(14035.12972514477d,&quot;14035.13 zł&quot;)" storage="c:\projekty\nunittestproject\bin\debug\netcoreapp3.1\nunittestproject.dll" id="979cd04b-5e93-d632-87b5-a20161444816">
      <Execution id="b8cf9067-8336-4f7a-ad19-9b4098e98e7e" />
      <TestMethod codeBase="C:\Projekty\NUnitTestProject\bin\Debug\netcoreapp3.1\NUnitTestProject.dll" adapterTypeName="executor://nunit3testexecutor/" className="NUnitTestProject.CurrencyHelperTests" name="FormatToStringTest1000(14035.12972514477d,&quot;14035.13 zł&quot;)" />
    </UnitTest>
    <UnitTest name="FormatToStringTest1000(43222.47958431695d,&quot;43222.48 zł&quot;)" storage="c:\projekty\nunittestproject\bin\debug\netcoreapp3.1\nunittestproject.dll" id="762e5ce4-0443-8529-2419-b15e6b3af056">
      <Execution id="70a2e2c9-f5ff-443b-b4c3-547bcd3c78b3" />
      <TestMethod codeBase="C:\Projekty\NUnitTestProject\bin\Debug\netcoreapp3.1\NUnitTestProject.dll" adapterTypeName="executor://nunit3testexecutor/" className="NUnitTestProject.CurrencyHelperTests" name="FormatToStringTest1000(43222.47958431695d,&quot;43222.48 zł&quot;)" />
    </UnitTest>
    <UnitTest name="FormatToStringTest1000(54678.59301593089d,&quot;54678.59 zł&quot;)" storage="c:\projekty\nunittestproject\bin\debug\netcoreapp3.1\nunittestproject.dll" id="4f19bfe4-12a5-e7df-9799-ba1ffdd56260">
      <Execution id="6bf718a3-cab9-42b2-90ec-8b3869dcab8e" />
      <TestMethod codeBase="C:\Projekty\NUnitTestProject\bin\Debug\netcoreapp3.1\NUnitTestProject.dll" adapterTypeName="executor://nunit3testexecutor/" className="NUnitTestProject.CurrencyHelperTests" name="FormatToStringTest1000(54678.59301593089d,&quot;54678.59 zł&quot;)" />
    </UnitTest>
    <UnitTest name="FormatToStringTest1000(19435.417227184127d,&quot;19435.42 zł&quot;)" storage="c:\projekty\nunittestproject\bin\debug\netcoreapp3.1\nunittestproject.dll" id="7496f6c0-e383-6fbb-5d3f-fa615fc5ab22">
      <Execution id="c2a79e1c-e64d-40f7-8dff-e1af5990b6f6" />
      <TestMethod codeBase="C:\Projekty\NUnitTestProject\bin\Debug\netcoreapp3.1\NUnitTestProject.dll" adapterTypeName="executor://nunit3testexecutor/" className="NUnitTestProject.CurrencyHelperTests" name="FormatToStringTest1000(19435.417227184127d,&quot;19435.42 zł&quot;)" />
    </UnitTest>
    <UnitTest name="FormatToStringTest1000(33699.13042082038d,&quot;33699.13 zł&quot;)" storage="c:\projekty\nunittestproject\bin\debug\netcoreapp3.1\nunittestproject.dll" id="1d93089d-e24f-f1cb-f4e6-3e9e0cc249d4">
      <Execution id="06eb677b-e7b1-4b92-ad07-20c96bcd5cfa" />
      <TestMethod codeBase="C:\Projekty\NUnitTestProject\bin\Debug\netcoreapp3.1\NUnitTestProject.dll" adapterTypeName="executor://nunit3testexecutor/" className="NUnitTestProject.CurrencyHelperTests" name="FormatToStringTest1000(33699.13042082038d,&quot;33699.13 zł&quot;)" />
    </UnitTest>
    <UnitTest name="FormatToStringTest1000(19796.212103914568d,&quot;19796.21 zł&quot;)" storage="c:\projekty\nunittestproject\bin\debug\netcoreapp3.1\nunittestproject.dll" id="35a2b898-28ef-3d54-ad66-b8bbc7ede2a3">
      <Execution id="8c797c66-125d-44f3-a3bf-236fa69608e0" />
      <TestMethod codeBase="C:\Projekty\NUnitTestProject\bin\Debug\netcoreapp3.1\NUnitTestProject.dll" adapterTypeName="executor://nunit3testexecutor/" className="NUnitTestProject.CurrencyHelperTests" name="FormatToStringTest1000(19796.212103914568d,&quot;19796.21 zł&quot;)" />
    </UnitTest>
    <UnitTest name="FormatToStringTest1000(1073.195098933389d,&quot;1073.20 zł&quot;)" storage="c:\projekty\nunittestproject\bin\debug\netcoreapp3.1\nunittestproject.dll" id="5eec1dec-2d00-5deb-f000-c17eea3526a6">
      <Execution id="c78beb81-dafe-463b-b9ea-d1f9c0e92b7f" />
      <TestMethod codeBase="C:\Projekty\NUnitTestProject\bin\Debug\netcoreapp3.1\NUnitTestProject.dll" adapterTypeName="executor://nunit3testexecutor/" className="NUnitTestProject.CurrencyHelperTests" name="FormatToStringTest1000(1073.195098933389d,&quot;1073.20 zł&quot;)" />
    </UnitTest>
    <UnitTest name="FormatToStringTest1000(2298.0331723829886d,&quot;2298.03 zł&quot;)" storage="c:\projekty\nunittestproject\bin\debug\netcoreapp3.1\nunittestproject.dll" id="7df385e8-e01d-d2ef-2361-abb8175fc7ae">
      <Execution id="9d844b3e-5f28-4621-b2c6-464fc8f11447" />
      <TestMethod codeBase="C:\Projekty\NUnitTestProject\bin\Debug\netcoreapp3.1\NUnitTestProject.dll" adapterTypeName="executor://nunit3testexecutor/" className="NUnitTestProject.CurrencyHelperTests" name="FormatToStringTest1000(2298.0331723829886d,&quot;2298.03 zł&quot;)" />
    </UnitTest>
    <UnitTest name="FormatToStringTest1000(15822.278766386342d,&quot;15822.28 zł&quot;)" storage="c:\projekty\nunittestproject\bin\debug\netcoreapp3.1\nunittestproject.dll" id="7806c973-d637-45cf-930a-0b315d29c540">
      <Execution id="8028adfc-f642-443a-b4ef-9ad2562246ff" />
      <TestMethod codeBase="C:\Projekty\NUnitTestProject\bin\Debug\netcoreapp3.1\NUnitTestProject.dll" adapterTypeName="executor://nunit3testexecutor/" className="NUnitTestProject.CurrencyHelperTests" name="FormatToStringTest1000(15822.278766386342d,&quot;15822.28 zł&quot;)" />
    </UnitTest>
    <UnitTest name="FormatToStringTest1000(1745.490603896552d,&quot;1745.49 zł&quot;)" storage="c:\projekty\nunittestproject\bin\debug\netcoreapp3.1\nunittestproject.dll" id="b7b5c3d9-6be3-63ed-4bf9-77972c7bde14">
      <Execution id="8fc9675a-2130-4f76-8132-dc9bd8121e27" />
      <TestMethod codeBase="C:\Projekty\NUnitTestProject\bin\Debug\netcoreapp3.1\NUnitTestProject.dll" adapterTypeName="executor://nunit3testexecutor/" className="NUnitTestProject.CurrencyHelperTests" name="FormatToStringTest1000(1745.490603896552d,&quot;1745.49 zł&quot;)" />
    </UnitTest>
    <UnitTest name="FormatToStringTest1000(73504.44700518598d,&quot;73504.45 zł&quot;)" storage="c:\projekty\nunittestproject\bin\debug\netcoreapp3.1\nunittestproject.dll" id="4c3c57ae-2e5c-e5eb-314a-7aa532a2bb5e">
      <Execution id="21290e0e-c938-4df8-ac4f-34170a881645" />
      <TestMethod codeBase="C:\Projekty\NUnitTestProject\bin\Debug\netcoreapp3.1\NUnitTestProject.dll" adapterTypeName="executor://nunit3testexecutor/" className="NUnitTestProject.CurrencyHelperTests" name="FormatToStringTest1000(73504.44700518598d,&quot;73504.45 zł&quot;)" />
    </UnitTest>
    <UnitTest name="FormatToStringTest1000(2115.5076919884923d,&quot;2115.51 zł&quot;)" storage="c:\projekty\nunittestproject\bin\debug\netcoreapp3.1\nunittestproject.dll" id="f057999f-37d3-2f7d-8c71-29439544f997">
      <Execution id="2cb87a44-7e8f-46e6-aba1-882fa1706f73" />
      <TestMethod codeBase="C:\Projekty\NUnitTestProject\bin\Debug\netcoreapp3.1\NUnitTestProject.dll" adapterTypeName="executor://nunit3testexecutor/" className="NUnitTestProject.CurrencyHelperTests" name="FormatToStringTest1000(2115.5076919884923d,&quot;2115.51 zł&quot;)" />
    </UnitTest>
    <UnitTest name="FormatToStringTest1000(5611.05334835176d,&quot;5611.05 zł&quot;)" storage="c:\projekty\nunittestproject\bin\debug\netcoreapp3.1\nunittestproject.dll" id="d39d28ad-b64c-afa2-9212-cb9bbbf192c4">
      <Execution id="9d5f046d-0db5-4440-8f74-2990822c0154" />
      <TestMethod codeBase="C:\Projekty\NUnitTestProject\bin\Debug\netcoreapp3.1\NUnitTestProject.dll" adapterTypeName="executor://nunit3testexecutor/" className="NUnitTestProject.CurrencyHelperTests" name="FormatToStringTest1000(5611.05334835176d,&quot;5611.05 zł&quot;)" />
    </UnitTest>
    <UnitTest name="FormatToStringTest1000(73372.53853826903d,&quot;73372.54 zł&quot;)" storage="c:\projekty\nunittestproject\bin\debug\netcoreapp3.1\nunittestproject.dll" id="52456efe-2b4c-e54c-a102-5bc9bc1cc7f8">
      <Execution id="4e39e7d7-125d-4d92-a1d6-ca5e19e3ba10" />
      <TestMethod codeBase="C:\Projekty\NUnitTestProject\bin\Debug\netcoreapp3.1\NUnitTestProject.dll" adapterTypeName="executor://nunit3testexecutor/" className="NUnitTestProject.CurrencyHelperTests" name="FormatToStringTest1000(73372.53853826903d,&quot;73372.54 zł&quot;)" />
    </UnitTest>
    <UnitTest name="FormatToStringTest1000(13323.876109275909d,&quot;13323.88 zł&quot;)" storage="c:\projekty\nunittestproject\bin\debug\netcoreapp3.1\nunittestproject.dll" id="2f906df4-9555-6f9b-9ae5-24f39050321b">
      <Execution id="689b3c62-a7a2-4a2c-9ada-5ee89ba8f304" />
      <TestMethod codeBase="C:\Projekty\NUnitTestProject\bin\Debug\netcoreapp3.1\NUnitTestProject.dll" adapterTypeName="executor://nunit3testexecutor/" className="NUnitTestProject.CurrencyHelperTests" name="FormatToStringTest1000(13323.876109275909d,&quot;13323.88 zł&quot;)" />
    </UnitTest>
    <UnitTest name="FormatToStringTest1000(50507.0104155615d,&quot;50507.01 zł&quot;)" storage="c:\projekty\nunittestproject\bin\debug\netcoreapp3.1\nunittestproject.dll" id="e72aca21-1347-9775-f65f-ee1c6d7b63bd">
      <Execution id="1b3d92a2-1f4f-46b2-bcf0-5f22faa85516" />
      <TestMethod codeBase="C:\Projekty\NUnitTestProject\bin\Debug\netcoreapp3.1\NUnitTestProject.dll" adapterTypeName="executor://nunit3testexecutor/" className="NUnitTestProject.CurrencyHelperTests" name="FormatToStringTest1000(50507.0104155615d,&quot;50507.01 zł&quot;)" />
    </UnitTest>
    <UnitTest name="FormatToStringTest1000(236.20263638589657d,&quot;236.20 zł&quot;)" storage="c:\projekty\nunittestproject\bin\debug\netcoreapp3.1\nunittestproject.dll" id="0fa0c864-c433-31dc-ea26-995fbf849a90">
      <Execution id="006f43a1-21c0-4fa9-a3db-88839405b34a" />
      <TestMethod codeBase="C:\Projekty\NUnitTestProject\bin\Debug\netcoreapp3.1\NUnitTestProject.dll" adapterTypeName="executor://nunit3testexecutor/" className="NUnitTestProject.CurrencyHelperTests" name="FormatToStringTest1000(236.20263638589657d,&quot;236.20 zł&quot;)" />
    </UnitTest>
    <UnitTest name="FormatToStringTest1000(26885.71162707904d,&quot;26885.71 zł&quot;)" storage="c:\projekty\nunittestproject\bin\debug\netcoreapp3.1\nunittestproject.dll" id="4936d87a-883b-6212-fe10-ba7602a69db8">
      <Execution id="1be17814-acef-4c61-b747-7068c4d3972c" />
      <TestMethod codeBase="C:\Projekty\NUnitTestProject\bin\Debug\netcoreapp3.1\NUnitTestProject.dll" adapterTypeName="executor://nunit3testexecutor/" className="NUnitTestProject.CurrencyHelperTests" name="FormatToStringTest1000(26885.71162707904d,&quot;26885.71 zł&quot;)" />
    </UnitTest>
    <UnitTest name="FormatToStringTest1000(19189.32381924117d,&quot;19189.32 zł&quot;)" storage="c:\projekty\nunittestproject\bin\debug\netcoreapp3.1\nunittestproject.dll" id="6f7345f6-07c1-aba6-fba8-22e9ed357a49">
      <Execution id="56087c6d-8bd0-4628-821e-a8fda5e7787e" />
      <TestMethod codeBase="C:\Projekty\NUnitTestProject\bin\Debug\netcoreapp3.1\NUnitTestProject.dll" adapterTypeName="executor://nunit3testexecutor/" className="NUnitTestProject.CurrencyHelperTests" name="FormatToStringTest1000(19189.32381924117d,&quot;19189.32 zł&quot;)" />
    </UnitTest>
    <UnitTest name="FormatToStringTest1000(20552.966022956633d,&quot;20552.97 zł&quot;)" storage="c:\projekty\nunittestproject\bin\debug\netcoreapp3.1\nunittestproject.dll" id="de7a0ae7-aa58-be18-206b-2d44f2e86ead">
      <Execution id="585bfc83-5897-4ff9-923c-77a63dac98ef" />
      <TestMethod codeBase="C:\Projekty\NUnitTestProject\bin\Debug\netcoreapp3.1\NUnitTestProject.dll" adapterTypeName="executor://nunit3testexecutor/" className="NUnitTestProject.CurrencyHelperTests" name="FormatToStringTest1000(20552.966022956633d,&quot;20552.97 zł&quot;)" />
    </UnitTest>
    <UnitTest name="FormatToStringTest1000(2292.8331871111104d,&quot;2292.83 zł&quot;)" storage="c:\projekty\nunittestproject\bin\debug\netcoreapp3.1\nunittestproject.dll" id="29406890-f674-40b1-2efb-3ed40d66af1f">
      <Execution id="e41975aa-4cc8-4eb0-93aa-f7f819445b06" />
      <TestMethod codeBase="C:\Projekty\NUnitTestProject\bin\Debug\netcoreapp3.1\NUnitTestProject.dll" adapterTypeName="executor://nunit3testexecutor/" className="NUnitTestProject.CurrencyHelperTests" name="FormatToStringTest1000(2292.8331871111104d,&quot;2292.83 zł&quot;)" />
    </UnitTest>
    <UnitTest name="FormatToStringTest1000(23612.114499758984d,&quot;23612.11 zł&quot;)" storage="c:\projekty\nunittestproject\bin\debug\netcoreapp3.1\nunittestproject.dll" id="66cfeda0-e2cf-f1fc-0d88-eef5b227e59f">
      <Execution id="a8df6cf0-be47-4c81-a328-8ea38dc8fb44" />
      <TestMethod codeBase="C:\Projekty\NUnitTestProject\bin\Debug\netcoreapp3.1\NUnitTestProject.dll" adapterTypeName="executor://nunit3testexecutor/" className="NUnitTestProject.CurrencyHelperTests" name="FormatToStringTest1000(23612.114499758984d,&quot;23612.11 zł&quot;)" />
    </UnitTest>
    <UnitTest name="FormatToStringTest1000(19085.023282992664d,&quot;19085.02 zł&quot;)" storage="c:\projekty\nunittestproject\bin\debug\netcoreapp3.1\nunittestproject.dll" id="6f51818b-8dfe-7cd4-c8ae-d1150bb85ebd">
      <Execution id="53629ab6-ba77-47dd-890a-00586de8b348" />
      <TestMethod codeBase="C:\Projekty\NUnitTestProject\bin\Debug\netcoreapp3.1\NUnitTestProject.dll" adapterTypeName="executor://nunit3testexecutor/" className="NUnitTestProject.CurrencyHelperTests" name="FormatToStringTest1000(19085.023282992664d,&quot;19085.02 zł&quot;)" />
    </UnitTest>
    <UnitTest name="FormatToStringTest1000(16129.507288814293d,&quot;16129.51 zł&quot;)" storage="c:\projekty\nunittestproject\bin\debug\netcoreapp3.1\nunittestproject.dll" id="aa4e492c-9871-e494-8afc-2e1c32042c9f">
      <Execution id="f41780c8-9f21-4a49-b34c-6ee07ef70d60" />
      <TestMethod codeBase="C:\Projekty\NUnitTestProject\bin\Debug\netcoreapp3.1\NUnitTestProject.dll" adapterTypeName="executor://nunit3testexecutor/" className="NUnitTestProject.CurrencyHelperTests" name="FormatToStringTest1000(16129.507288814293d,&quot;16129.51 zł&quot;)" />
    </UnitTest>
    <UnitTest name="FormatToStringTest1000(28080.92507087669d,&quot;28080.93 zł&quot;)" storage="c:\projekty\nunittestproject\bin\debug\netcoreapp3.1\nunittestproject.dll" id="149b451f-18ff-71da-64d2-d4ad70318933">
      <Execution id="93ca077d-978a-4d68-8fb0-527acbc3adc7" />
      <TestMethod codeBase="C:\Projekty\NUnitTestProject\bin\Debug\netcoreapp3.1\NUnitTestProject.dll" adapterTypeName="executor://nunit3testexecutor/" className="NUnitTestProject.CurrencyHelperTests" name="FormatToStringTest1000(28080.92507087669d,&quot;28080.93 zł&quot;)" />
    </UnitTest>
    <UnitTest name="FormatToStringTest1000(1664.7834932994022d,&quot;1664.78 zł&quot;)" storage="c:\projekty\nunittestproject\bin\debug\netcoreapp3.1\nunittestproject.dll" id="036a6ec9-ae68-934b-9f02-a81dae974d18">
      <Execution id="d16cb4ef-7864-4fcb-b2d3-c351790ad72f" />
      <TestMethod codeBase="C:\Projekty\NUnitTestProject\bin\Debug\netcoreapp3.1\NUnitTestProject.dll" adapterTypeName="executor://nunit3testexecutor/" className="NUnitTestProject.CurrencyHelperTests" name="FormatToStringTest1000(1664.7834932994022d,&quot;1664.78 zł&quot;)" />
    </UnitTest>
    <UnitTest name="FormatToStringTest1000(1741.3334432818617d,&quot;1741.33 zł&quot;)" storage="c:\projekty\nunittestproject\bin\debug\netcoreapp3.1\nunittestproject.dll" id="b9452443-27e0-9ab0-1723-70a405c1b43f">
      <Execution id="b0bab340-8f53-4016-95d9-19fe06c1ec7f" />
      <TestMethod codeBase="C:\Projekty\NUnitTestProject\bin\Debug\netcoreapp3.1\NUnitTestProject.dll" adapterTypeName="executor://nunit3testexecutor/" className="NUnitTestProject.CurrencyHelperTests" name="FormatToStringTest1000(1741.3334432818617d,&quot;1741.33 zł&quot;)" />
    </UnitTest>
    <UnitTest name="FormatToStringTest1000(13478.157112043891d,&quot;13478.16 zł&quot;)" storage="c:\projekty\nunittestproject\bin\debug\netcoreapp3.1\nunittestproject.dll" id="97caedcb-d6ae-5556-8168-c745e877090a">
      <Execution id="48628272-bbd8-427d-b748-b267b2d04c24" />
      <TestMethod codeBase="C:\Projekty\NUnitTestProject\bin\Debug\netcoreapp3.1\NUnitTestProject.dll" adapterTypeName="executor://nunit3testexecutor/" className="NUnitTestProject.CurrencyHelperTests" name="FormatToStringTest1000(13478.157112043891d,&quot;13478.16 zł&quot;)" />
    </UnitTest>
    <UnitTest name="FormatToStringTest1000(64490.52771614982d,&quot;64490.53 zł&quot;)" storage="c:\projekty\nunittestproject\bin\debug\netcoreapp3.1\nunittestproject.dll" id="e46dbe14-100d-b571-9fb5-196347dd96ac">
      <Execution id="76cbc5b3-e304-40e2-9dcf-f06c3ee105b5" />
      <TestMethod codeBase="C:\Projekty\NUnitTestProject\bin\Debug\netcoreapp3.1\NUnitTestProject.dll" adapterTypeName="executor://nunit3testexecutor/" className="NUnitTestProject.CurrencyHelperTests" name="FormatToStringTest1000(64490.52771614982d,&quot;64490.53 zł&quot;)" />
    </UnitTest>
    <UnitTest name="FormatToStringTest1000(97129.75160633575d,&quot;97129.75 zł&quot;)" storage="c:\projekty\nunittestproject\bin\debug\netcoreapp3.1\nunittestproject.dll" id="f7b6c5f3-1f58-e9ae-14c8-31eb58d1211b">
      <Execution id="e79474a7-f7d9-4e1b-af63-57a8d3caef7e" />
      <TestMethod codeBase="C:\Projekty\NUnitTestProject\bin\Debug\netcoreapp3.1\NUnitTestProject.dll" adapterTypeName="executor://nunit3testexecutor/" className="NUnitTestProject.CurrencyHelperTests" name="FormatToStringTest1000(97129.75160633575d,&quot;97129.75 zł&quot;)" />
    </UnitTest>
    <UnitTest name="FormatToStringTest1000(16030.852371789913d,&quot;16030.85 zł&quot;)" storage="c:\projekty\nunittestproject\bin\debug\netcoreapp3.1\nunittestproject.dll" id="cd1fce0e-40f1-2613-4ea2-fe4efaae7320">
      <Execution id="6fe24fd9-ae44-4022-a39b-1f9251385578" />
      <TestMethod codeBase="C:\Projekty\NUnitTestProject\bin\Debug\netcoreapp3.1\NUnitTestProject.dll" adapterTypeName="executor://nunit3testexecutor/" className="NUnitTestProject.CurrencyHelperTests" name="FormatToStringTest1000(16030.852371789913d,&quot;16030.85 zł&quot;)" />
    </UnitTest>
    <UnitTest name="FormatToStringTest1000(26468.346804109562d,&quot;26468.35 zł&quot;)" storage="c:\projekty\nunittestproject\bin\debug\netcoreapp3.1\nunittestproject.dll" id="274eee3c-fa31-a55c-1941-d2fdb1077d83">
      <Execution id="0c4ec078-d972-4f51-bdc0-5def4194e8df" />
      <TestMethod codeBase="C:\Projekty\NUnitTestProject\bin\Debug\netcoreapp3.1\NUnitTestProject.dll" adapterTypeName="executor://nunit3testexecutor/" className="NUnitTestProject.CurrencyHelperTests" name="FormatToStringTest1000(26468.346804109562d,&quot;26468.35 zł&quot;)" />
    </UnitTest>
    <UnitTest name="FormatToStringTest1000(73301.91270130403d,&quot;73301.91 zł&quot;)" storage="c:\projekty\nunittestproject\bin\debug\netcoreapp3.1\nunittestproject.dll" id="19b8d5ef-b980-1d42-3f3f-c869dee34ac6">
      <Execution id="8cd03517-b046-4b20-abc3-1a3dfd0c5ac6" />
      <TestMethod codeBase="C:\Projekty\NUnitTestProject\bin\Debug\netcoreapp3.1\NUnitTestProject.dll" adapterTypeName="executor://nunit3testexecutor/" className="NUnitTestProject.CurrencyHelperTests" name="FormatToStringTest1000(73301.91270130403d,&quot;73301.91 zł&quot;)" />
    </UnitTest>
    <UnitTest name="FormatToStringTest1000(25039.088753207627d,&quot;25039.09 zł&quot;)" storage="c:\projekty\nunittestproject\bin\debug\netcoreapp3.1\nunittestproject.dll" id="fb1c3a36-60dc-8fcd-b623-36588091afcb">
      <Execution id="00133557-cc75-4274-824b-a0d45f4e0874" />
      <TestMethod codeBase="C:\Projekty\NUnitTestProject\bin\Debug\netcoreapp3.1\NUnitTestProject.dll" adapterTypeName="executor://nunit3testexecutor/" className="NUnitTestProject.CurrencyHelperTests" name="FormatToStringTest1000(25039.088753207627d,&quot;25039.09 zł&quot;)" />
    </UnitTest>
    <UnitTest name="FormatToStringTest1000(765.778932784581d,&quot;765.78 zł&quot;)" storage="c:\projekty\nunittestproject\bin\debug\netcoreapp3.1\nunittestproject.dll" id="092813bc-e54e-6f29-9d2b-192db0d76045">
      <Execution id="e9cc0e43-86c0-4fee-81ac-f93b2e95be9e" />
      <TestMethod codeBase="C:\Projekty\NUnitTestProject\bin\Debug\netcoreapp3.1\NUnitTestProject.dll" adapterTypeName="executor://nunit3testexecutor/" className="NUnitTestProject.CurrencyHelperTests" name="FormatToStringTest1000(765.778932784581d,&quot;765.78 zł&quot;)" />
    </UnitTest>
    <UnitTest name="FormatToStringTest1000(60017.857676936714d,&quot;60017.86 zł&quot;)" storage="c:\projekty\nunittestproject\bin\debug\netcoreapp3.1\nunittestproject.dll" id="bb5a2e9a-5cdb-f48d-dc56-2c3c111c851a">
      <Execution id="e7a7bb19-9593-4003-a3e8-6c41a70cfa91" />
      <TestMethod codeBase="C:\Projekty\NUnitTestProject\bin\Debug\netcoreapp3.1\NUnitTestProject.dll" adapterTypeName="executor://nunit3testexecutor/" className="NUnitTestProject.CurrencyHelperTests" name="FormatToStringTest1000(60017.857676936714d,&quot;60017.86 zł&quot;)" />
    </UnitTest>
    <UnitTest name="FormatToStringTest1000(759.247198292635d,&quot;759.25 zł&quot;)" storage="c:\projekty\nunittestproject\bin\debug\netcoreapp3.1\nunittestproject.dll" id="bfb43a18-8b27-64cf-f833-254fc2466b22">
      <Execution id="9f9a6311-437a-49fd-accd-32ce3ac2dcda" />
      <TestMethod codeBase="C:\Projekty\NUnitTestProject\bin\Debug\netcoreapp3.1\NUnitTestProject.dll" adapterTypeName="executor://nunit3testexecutor/" className="NUnitTestProject.CurrencyHelperTests" name="FormatToStringTest1000(759.247198292635d,&quot;759.25 zł&quot;)" />
    </UnitTest>
    <UnitTest name="FormatToStringTest1000(14635.510547500808d,&quot;14635.51 zł&quot;)" storage="c:\projekty\nunittestproject\bin\debug\netcoreapp3.1\nunittestproject.dll" id="7ac2c24b-6445-4ff2-9faa-1ce73a74728d">
      <Execution id="b64cd2f6-00b9-4b4a-a336-ccd2215b0302" />
      <TestMethod codeBase="C:\Projekty\NUnitTestProject\bin\Debug\netcoreapp3.1\NUnitTestProject.dll" adapterTypeName="executor://nunit3testexecutor/" className="NUnitTestProject.CurrencyHelperTests" name="FormatToStringTest1000(14635.510547500808d,&quot;14635.51 zł&quot;)" />
    </UnitTest>
    <UnitTest name="FormatToStringTest1000(16208.076866391615d,&quot;16208.08 zł&quot;)" storage="c:\projekty\nunittestproject\bin\debug\netcoreapp3.1\nunittestproject.dll" id="0107bc98-e88d-a137-c4d8-ff01a11c4723">
      <Execution id="83ae8172-e5ed-4241-9e06-bf946176e122" />
      <TestMethod codeBase="C:\Projekty\NUnitTestProject\bin\Debug\netcoreapp3.1\NUnitTestProject.dll" adapterTypeName="executor://nunit3testexecutor/" className="NUnitTestProject.CurrencyHelperTests" name="FormatToStringTest1000(16208.076866391615d,&quot;16208.08 zł&quot;)" />
    </UnitTest>
    <UnitTest name="FormatToStringTest1000(61633.2671179945d,&quot;61633.27 zł&quot;)" storage="c:\projekty\nunittestproject\bin\debug\netcoreapp3.1\nunittestproject.dll" id="7d115265-369e-6487-e000-47e2ac4ab46b">
      <Execution id="03881f7a-999f-4866-962b-8a9a3b073d9b" />
      <TestMethod codeBase="C:\Projekty\NUnitTestProject\bin\Debug\netcoreapp3.1\NUnitTestProject.dll" adapterTypeName="executor://nunit3testexecutor/" className="NUnitTestProject.CurrencyHelperTests" name="FormatToStringTest1000(61633.2671179945d,&quot;61633.27 zł&quot;)" />
    </UnitTest>
    <UnitTest name="FormatToStringTest1000(40268.121943438484d,&quot;40268.12 zł&quot;)" storage="c:\projekty\nunittestproject\bin\debug\netcoreapp3.1\nunittestproject.dll" id="0ed9cd8c-6283-5489-0e2e-ce31df1b16b4">
      <Execution id="b6f43ea6-6427-44a0-af49-0cc96a686deb" />
      <TestMethod codeBase="C:\Projekty\NUnitTestProject\bin\Debug\netcoreapp3.1\NUnitTestProject.dll" adapterTypeName="executor://nunit3testexecutor/" className="NUnitTestProject.CurrencyHelperTests" name="FormatToStringTest1000(40268.121943438484d,&quot;40268.12 zł&quot;)" />
    </UnitTest>
    <UnitTest name="FormatToStringTest1000(57809.74722876295d,&quot;57809.75 zł&quot;)" storage="c:\projekty\nunittestproject\bin\debug\netcoreapp3.1\nunittestproject.dll" id="bb7f2094-2f9e-97a8-2260-536683d65f82">
      <Execution id="8631c980-ee9e-41e6-b212-cf9b8382b27b" />
      <TestMethod codeBase="C:\Projekty\NUnitTestProject\bin\Debug\netcoreapp3.1\NUnitTestProject.dll" adapterTypeName="executor://nunit3testexecutor/" className="NUnitTestProject.CurrencyHelperTests" name="FormatToStringTest1000(57809.74722876295d,&quot;57809.75 zł&quot;)" />
    </UnitTest>
    <UnitTest name="FormatToStringTest1000(7377.5644264340235d,&quot;7377.56 zł&quot;)" storage="c:\projekty\nunittestproject\bin\debug\netcoreapp3.1\nunittestproject.dll" id="ea6215af-9f7a-dfd2-1e42-d16863c438d5">
      <Execution id="b383d089-ce76-4fd0-8960-6c61a1c3e432" />
      <TestMethod codeBase="C:\Projekty\NUnitTestProject\bin\Debug\netcoreapp3.1\NUnitTestProject.dll" adapterTypeName="executor://nunit3testexecutor/" className="NUnitTestProject.CurrencyHelperTests" name="FormatToStringTest1000(7377.5644264340235d,&quot;7377.56 zł&quot;)" />
    </UnitTest>
    <UnitTest name="FormatToStringTest1000(15742.409864349947d,&quot;15742.41 zł&quot;)" storage="c:\projekty\nunittestproject\bin\debug\netcoreapp3.1\nunittestproject.dll" id="c0986095-fb5a-1e8a-a8d8-e6dfbaed61c5">
      <Execution id="9e160ede-6b28-4f87-be43-a029fdb837e4" />
      <TestMethod codeBase="C:\Projekty\NUnitTestProject\bin\Debug\netcoreapp3.1\NUnitTestProject.dll" adapterTypeName="executor://nunit3testexecutor/" className="NUnitTestProject.CurrencyHelperTests" name="FormatToStringTest1000(15742.409864349947d,&quot;15742.41 zł&quot;)" />
    </UnitTest>
    <UnitTest name="FormatToStringTest1000(13508.811787825922d,&quot;13508.81 zł&quot;)" storage="c:\projekty\nunittestproject\bin\debug\netcoreapp3.1\nunittestproject.dll" id="0fc86efa-aeca-dada-030f-e8045241eaae">
      <Execution id="c9d44cc6-b577-4e41-85c3-d109b7d38863" />
      <TestMethod codeBase="C:\Projekty\NUnitTestProject\bin\Debug\netcoreapp3.1\NUnitTestProject.dll" adapterTypeName="executor://nunit3testexecutor/" className="NUnitTestProject.CurrencyHelperTests" name="FormatToStringTest1000(13508.811787825922d,&quot;13508.81 zł&quot;)" />
    </UnitTest>
    <UnitTest name="FormatToStringTest1000(44361.82678515177d,&quot;44361.83 zł&quot;)" storage="c:\projekty\nunittestproject\bin\debug\netcoreapp3.1\nunittestproject.dll" id="4aa2fb53-f9e4-f471-3a9f-14715f467049">
      <Execution id="1c53f430-51f7-4c38-aca3-0c7e55802297" />
      <TestMethod codeBase="C:\Projekty\NUnitTestProject\bin\Debug\netcoreapp3.1\NUnitTestProject.dll" adapterTypeName="executor://nunit3testexecutor/" className="NUnitTestProject.CurrencyHelperTests" name="FormatToStringTest1000(44361.82678515177d,&quot;44361.83 zł&quot;)" />
    </UnitTest>
    <UnitTest name="FormatToStringTest1000(19216.446905020366d,&quot;19216.45 zł&quot;)" storage="c:\projekty\nunittestproject\bin\debug\netcoreapp3.1\nunittestproject.dll" id="0af23d0c-f1f0-deb1-181c-c50389a37384">
      <Execution id="9d6a867d-589b-4cc9-ab98-eddfc92af9ce" />
      <TestMethod codeBase="C:\Projekty\NUnitTestProject\bin\Debug\netcoreapp3.1\NUnitTestProject.dll" adapterTypeName="executor://nunit3testexecutor/" className="NUnitTestProject.CurrencyHelperTests" name="FormatToStringTest1000(19216.446905020366d,&quot;19216.45 zł&quot;)" />
    </UnitTest>
    <UnitTest name="FormatToStringTest1000(36047.83545033672d,&quot;36047.84 zł&quot;)" storage="c:\projekty\nunittestproject\bin\debug\netcoreapp3.1\nunittestproject.dll" id="ea8471c3-2743-4dfb-2fac-6cae304dff99">
      <Execution id="fc3f5100-d2b4-47dd-86c0-65416f84fa43" />
      <TestMethod codeBase="C:\Projekty\NUnitTestProject\bin\Debug\netcoreapp3.1\NUnitTestProject.dll" adapterTypeName="executor://nunit3testexecutor/" className="NUnitTestProject.CurrencyHelperTests" name="FormatToStringTest1000(36047.83545033672d,&quot;36047.84 zł&quot;)" />
    </UnitTest>
    <UnitTest name="FormatToStringTest1000(29975.4018974022d,&quot;29975.40 zł&quot;)" storage="c:\projekty\nunittestproject\bin\debug\netcoreapp3.1\nunittestproject.dll" id="e6f60af7-eaed-5b55-816d-6d2a50c98932">
      <Execution id="2f2d19ed-59f6-488c-a86c-42a5b00c3077" />
      <TestMethod codeBase="C:\Projekty\NUnitTestProject\bin\Debug\netcoreapp3.1\NUnitTestProject.dll" adapterTypeName="executor://nunit3testexecutor/" className="NUnitTestProject.CurrencyHelperTests" name="FormatToStringTest1000(29975.4018974022d,&quot;29975.40 zł&quot;)" />
    </UnitTest>
    <UnitTest name="FormatToStringTest1000(43799.04472166535d,&quot;43799.04 zł&quot;)" storage="c:\projekty\nunittestproject\bin\debug\netcoreapp3.1\nunittestproject.dll" id="1b0d351a-508f-0807-0c94-56d657ae1623">
      <Execution id="e8735986-6dd4-47cf-b8cc-676caaae3e35" />
      <TestMethod codeBase="C:\Projekty\NUnitTestProject\bin\Debug\netcoreapp3.1\NUnitTestProject.dll" adapterTypeName="executor://nunit3testexecutor/" className="NUnitTestProject.CurrencyHelperTests" name="FormatToStringTest1000(43799.04472166535d,&quot;43799.04 zł&quot;)" />
    </UnitTest>
    <UnitTest name="FormatToStringTest1000(5548.360986085777d,&quot;5548.36 zł&quot;)" storage="c:\projekty\nunittestproject\bin\debug\netcoreapp3.1\nunittestproject.dll" id="39c7a244-b75e-9f86-9d15-adfafecd21ca">
      <Execution id="58666e8f-d97e-4ac2-9ad5-937a77278a0f" />
      <TestMethod codeBase="C:\Projekty\NUnitTestProject\bin\Debug\netcoreapp3.1\NUnitTestProject.dll" adapterTypeName="executor://nunit3testexecutor/" className="NUnitTestProject.CurrencyHelperTests" name="FormatToStringTest1000(5548.360986085777d,&quot;5548.36 zł&quot;)" />
    </UnitTest>
    <UnitTest name="FormatToStringTest1000(12091.219941106729d,&quot;12091.22 zł&quot;)" storage="c:\projekty\nunittestproject\bin\debug\netcoreapp3.1\nunittestproject.dll" id="fa43237f-8d58-c9ec-b71e-9d381e3b47f2">
      <Execution id="f4d2cfd6-5ffc-4ce9-92b0-8a09a8743f35" />
      <TestMethod codeBase="C:\Projekty\NUnitTestProject\bin\Debug\netcoreapp3.1\NUnitTestProject.dll" adapterTypeName="executor://nunit3testexecutor/" className="NUnitTestProject.CurrencyHelperTests" name="FormatToStringTest1000(12091.219941106729d,&quot;12091.22 zł&quot;)" />
    </UnitTest>
    <UnitTest name="FormatToStringTest1000(25990.318498101697d,&quot;25990.32 zł&quot;)" storage="c:\projekty\nunittestproject\bin\debug\netcoreapp3.1\nunittestproject.dll" id="bc954cfc-79b1-8687-e8d1-aab98a75fd1a">
      <Execution id="3efa2117-337e-45be-88ff-8fe0062b4ba3" />
      <TestMethod codeBase="C:\Projekty\NUnitTestProject\bin\Debug\netcoreapp3.1\NUnitTestProject.dll" adapterTypeName="executor://nunit3testexecutor/" className="NUnitTestProject.CurrencyHelperTests" name="FormatToStringTest1000(25990.318498101697d,&quot;25990.32 zł&quot;)" />
    </UnitTest>
    <UnitTest name="FormatToStringTest1000(1325.1625259114255d,&quot;1325.16 zł&quot;)" storage="c:\projekty\nunittestproject\bin\debug\netcoreapp3.1\nunittestproject.dll" id="9a4a7396-bc43-f3a9-c62c-07975736bde6">
      <Execution id="7c84aefe-baed-41e1-87e8-03baa2282550" />
      <TestMethod codeBase="C:\Projekty\NUnitTestProject\bin\Debug\netcoreapp3.1\NUnitTestProject.dll" adapterTypeName="executor://nunit3testexecutor/" className="NUnitTestProject.CurrencyHelperTests" name="FormatToStringTest1000(1325.1625259114255d,&quot;1325.16 zł&quot;)" />
    </UnitTest>
    <UnitTest name="FormatToStringTest1000(19189.813662191766d,&quot;19189.81 zł&quot;)" storage="c:\projekty\nunittestproject\bin\debug\netcoreapp3.1\nunittestproject.dll" id="9e7bb479-43f6-3e5b-9858-d1abf76cc2e6">
      <Execution id="3b780417-997a-4524-9227-41c25e431d57" />
      <TestMethod codeBase="C:\Projekty\NUnitTestProject\bin\Debug\netcoreapp3.1\NUnitTestProject.dll" adapterTypeName="executor://nunit3testexecutor/" className="NUnitTestProject.CurrencyHelperTests" name="FormatToStringTest1000(19189.813662191766d,&quot;19189.81 zł&quot;)" />
    </UnitTest>
    <UnitTest name="FormatToStringTest1000(75514.58914517732d,&quot;75514.59 zł&quot;)" storage="c:\projekty\nunittestproject\bin\debug\netcoreapp3.1\nunittestproject.dll" id="f1b541d5-278d-f2a3-2128-f16382bfc74f">
      <Execution id="f72749f4-94f5-4719-b1b0-b406721e8634" />
      <TestMethod codeBase="C:\Projekty\NUnitTestProject\bin\Debug\netcoreapp3.1\NUnitTestProject.dll" adapterTypeName="executor://nunit3testexecutor/" className="NUnitTestProject.CurrencyHelperTests" name="FormatToStringTest1000(75514.58914517732d,&quot;75514.59 zł&quot;)" />
    </UnitTest>
    <UnitTest name="FormatToStringTest1000(3506.8456124108498d,&quot;3506.85 zł&quot;)" storage="c:\projekty\nunittestproject\bin\debug\netcoreapp3.1\nunittestproject.dll" id="04708542-086d-f6f2-88c4-fe541ab1cd55">
      <Execution id="04e4d213-8d4c-4ba3-b5b3-5d07ab87e177" />
      <TestMethod codeBase="C:\Projekty\NUnitTestProject\bin\Debug\netcoreapp3.1\NUnitTestProject.dll" adapterTypeName="executor://nunit3testexecutor/" className="NUnitTestProject.CurrencyHelperTests" name="FormatToStringTest1000(3506.8456124108498d,&quot;3506.85 zł&quot;)" />
    </UnitTest>
    <UnitTest name="FormatToStringTest1000(11922.837782177532d,&quot;11922.84 zł&quot;)" storage="c:\projekty\nunittestproject\bin\debug\netcoreapp3.1\nunittestproject.dll" id="4df235b9-e889-4809-39c8-ff3e09688830">
      <Execution id="08c2d1a6-60bf-4bb2-be5b-00895ddf2794" />
      <TestMethod codeBase="C:\Projekty\NUnitTestProject\bin\Debug\netcoreapp3.1\NUnitTestProject.dll" adapterTypeName="executor://nunit3testexecutor/" className="NUnitTestProject.CurrencyHelperTests" name="FormatToStringTest1000(11922.837782177532d,&quot;11922.84 zł&quot;)" />
    </UnitTest>
    <UnitTest name="FormatToStringTest1000(1687.6029180025694d,&quot;1687.60 zł&quot;)" storage="c:\projekty\nunittestproject\bin\debug\netcoreapp3.1\nunittestproject.dll" id="f49abb46-6157-b05f-1fad-c8a20a256f62">
      <Execution id="36262a24-0205-41ef-a6ce-9e72893f8188" />
      <TestMethod codeBase="C:\Projekty\NUnitTestProject\bin\Debug\netcoreapp3.1\NUnitTestProject.dll" adapterTypeName="executor://nunit3testexecutor/" className="NUnitTestProject.CurrencyHelperTests" name="FormatToStringTest1000(1687.6029180025694d,&quot;1687.60 zł&quot;)" />
    </UnitTest>
    <UnitTest name="FormatToStringTest1000(12831.146874380833d,&quot;12831.15 zł&quot;)" storage="c:\projekty\nunittestproject\bin\debug\netcoreapp3.1\nunittestproject.dll" id="70f1979c-5fec-f41c-4467-96ed1c16b145">
      <Execution id="f2793f44-0db1-475c-af82-7b3fba663dc8" />
      <TestMethod codeBase="C:\Projekty\NUnitTestProject\bin\Debug\netcoreapp3.1\NUnitTestProject.dll" adapterTypeName="executor://nunit3testexecutor/" className="NUnitTestProject.CurrencyHelperTests" name="FormatToStringTest1000(12831.146874380833d,&quot;12831.15 zł&quot;)" />
    </UnitTest>
    <UnitTest name="FormatToStringTest1000(1482.3501845832682d,&quot;1482.35 zł&quot;)" storage="c:\projekty\nunittestproject\bin\debug\netcoreapp3.1\nunittestproject.dll" id="95fed375-7969-3fff-ac7b-e41adca485dd">
      <Execution id="df00ddfa-8409-4726-8cae-66e0da99b2e3" />
      <TestMethod codeBase="C:\Projekty\NUnitTestProject\bin\Debug\netcoreapp3.1\NUnitTestProject.dll" adapterTypeName="executor://nunit3testexecutor/" className="NUnitTestProject.CurrencyHelperTests" name="FormatToStringTest1000(1482.3501845832682d,&quot;1482.35 zł&quot;)" />
    </UnitTest>
    <UnitTest name="FormatToStringTest1000(21996.80326662576d,&quot;21996.80 zł&quot;)" storage="c:\projekty\nunittestproject\bin\debug\netcoreapp3.1\nunittestproject.dll" id="f3eb9765-0045-7d49-5de3-054bd621a41f">
      <Execution id="78b70d20-3b19-44bc-b75e-2cad8bc4c83b" />
      <TestMethod codeBase="C:\Projekty\NUnitTestProject\bin\Debug\netcoreapp3.1\NUnitTestProject.dll" adapterTypeName="executor://nunit3testexecutor/" className="NUnitTestProject.CurrencyHelperTests" name="FormatToStringTest1000(21996.80326662576d,&quot;21996.80 zł&quot;)" />
    </UnitTest>
    <UnitTest name="FormatToStringTest1000(27942.393876474067d,&quot;27942.39 zł&quot;)" storage="c:\projekty\nunittestproject\bin\debug\netcoreapp3.1\nunittestproject.dll" id="fb9b5d5a-ec48-a3ed-07db-cf85d51b9faa">
      <Execution id="65a03eb9-b949-4682-9dc6-fea0223ba7ce" />
      <TestMethod codeBase="C:\Projekty\NUnitTestProject\bin\Debug\netcoreapp3.1\NUnitTestProject.dll" adapterTypeName="executor://nunit3testexecutor/" className="NUnitTestProject.CurrencyHelperTests" name="FormatToStringTest1000(27942.393876474067d,&quot;27942.39 zł&quot;)" />
    </UnitTest>
    <UnitTest name="FormatToStringTest1000(7076.829971250534d,&quot;7076.83 zł&quot;)" storage="c:\projekty\nunittestproject\bin\debug\netcoreapp3.1\nunittestproject.dll" id="9a124f11-40ca-d2aa-a849-6941897e0c0b">
      <Execution id="28b6b9f7-f571-4dbe-b896-bcd598242082" />
      <TestMethod codeBase="C:\Projekty\NUnitTestProject\bin\Debug\netcoreapp3.1\NUnitTestProject.dll" adapterTypeName="executor://nunit3testexecutor/" className="NUnitTestProject.CurrencyHelperTests" name="FormatToStringTest1000(7076.829971250534d,&quot;7076.83 zł&quot;)" />
    </UnitTest>
    <UnitTest name="FormatToStringTest1000(15337.485230751097d,&quot;15337.49 zł&quot;)" storage="c:\projekty\nunittestproject\bin\debug\netcoreapp3.1\nunittestproject.dll" id="cab5d10f-8cae-8dfd-3b1b-219e11cb76ab">
      <Execution id="24bbcc39-c2d3-4599-a554-825de533ff20" />
      <TestMethod codeBase="C:\Projekty\NUnitTestProject\bin\Debug\netcoreapp3.1\NUnitTestProject.dll" adapterTypeName="executor://nunit3testexecutor/" className="NUnitTestProject.CurrencyHelperTests" name="FormatToStringTest1000(15337.485230751097d,&quot;15337.49 zł&quot;)" />
    </UnitTest>
    <UnitTest name="FormatToStringTest1000(2216.881526520886d,&quot;2216.88 zł&quot;)" storage="c:\projekty\nunittestproject\bin\debug\netcoreapp3.1\nunittestproject.dll" id="2b18aff2-35ed-39eb-0869-97e8dcc5f3f1">
      <Execution id="2b363ad6-3ea3-4926-bfab-5bf7239169d5" />
      <TestMethod codeBase="C:\Projekty\NUnitTestProject\bin\Debug\netcoreapp3.1\NUnitTestProject.dll" adapterTypeName="executor://nunit3testexecutor/" className="NUnitTestProject.CurrencyHelperTests" name="FormatToStringTest1000(2216.881526520886d,&quot;2216.88 zł&quot;)" />
    </UnitTest>
    <UnitTest name="FormatToStringTest1000(52020.805412759444d,&quot;52020.81 zł&quot;)" storage="c:\projekty\nunittestproject\bin\debug\netcoreapp3.1\nunittestproject.dll" id="2ed0b312-2f27-0f0b-487a-dea260d635a9">
      <Execution id="c4882b45-5e12-49eb-b05c-24ef4c7e7b09" />
      <TestMethod codeBase="C:\Projekty\NUnitTestProject\bin\Debug\netcoreapp3.1\NUnitTestProject.dll" adapterTypeName="executor://nunit3testexecutor/" className="NUnitTestProject.CurrencyHelperTests" name="FormatToStringTest1000(52020.805412759444d,&quot;52020.81 zł&quot;)" />
    </UnitTest>
    <UnitTest name="FormatToStringTest1000(17090.629587323234d,&quot;17090.63 zł&quot;)" storage="c:\projekty\nunittestproject\bin\debug\netcoreapp3.1\nunittestproject.dll" id="1382f86b-6464-d2a1-e722-0841d0b65336">
      <Execution id="2a43860f-965f-4d97-bbb9-c82811c27795" />
      <TestMethod codeBase="C:\Projekty\NUnitTestProject\bin\Debug\netcoreapp3.1\NUnitTestProject.dll" adapterTypeName="executor://nunit3testexecutor/" className="NUnitTestProject.CurrencyHelperTests" name="FormatToStringTest1000(17090.629587323234d,&quot;17090.63 zł&quot;)" />
    </UnitTest>
    <UnitTest name="FormatToStringTest1000(23282.56178903047d,&quot;23282.56 zł&quot;)" storage="c:\projekty\nunittestproject\bin\debug\netcoreapp3.1\nunittestproject.dll" id="0cd42206-2d45-5b61-2055-2525f417141b">
      <Execution id="c1ebf2e3-8710-4cd0-811a-4c37dd0b4145" />
      <TestMethod codeBase="C:\Projekty\NUnitTestProject\bin\Debug\netcoreapp3.1\NUnitTestProject.dll" adapterTypeName="executor://nunit3testexecutor/" className="NUnitTestProject.CurrencyHelperTests" name="FormatToStringTest1000(23282.56178903047d,&quot;23282.56 zł&quot;)" />
    </UnitTest>
    <UnitTest name="FormatToStringTest1000(7407.385606687696d,&quot;7407.39 zł&quot;)" storage="c:\projekty\nunittestproject\bin\debug\netcoreapp3.1\nunittestproject.dll" id="719fd87e-be7b-b92c-8926-a4bddcef0244">
      <Execution id="320aa981-3d4f-4061-b88f-2328393156e4" />
      <TestMethod codeBase="C:\Projekty\NUnitTestProject\bin\Debug\netcoreapp3.1\NUnitTestProject.dll" adapterTypeName="executor://nunit3testexecutor/" className="NUnitTestProject.CurrencyHelperTests" name="FormatToStringTest1000(7407.385606687696d,&quot;7407.39 zł&quot;)" />
    </UnitTest>
    <UnitTest name="FormatToStringTest1000(2929.267390865026d,&quot;2929.27 zł&quot;)" storage="c:\projekty\nunittestproject\bin\debug\netcoreapp3.1\nunittestproject.dll" id="d8fff351-64d1-1a21-4739-3e89df4d873b">
      <Execution id="8561a4ba-1135-4d60-b0d9-a15ccfabfe91" />
      <TestMethod codeBase="C:\Projekty\NUnitTestProject\bin\Debug\netcoreapp3.1\NUnitTestProject.dll" adapterTypeName="executor://nunit3testexecutor/" className="NUnitTestProject.CurrencyHelperTests" name="FormatToStringTest1000(2929.267390865026d,&quot;2929.27 zł&quot;)" />
    </UnitTest>
    <UnitTest name="FormatToStringTest1000(3694.480496819355d,&quot;3694.48 zł&quot;)" storage="c:\projekty\nunittestproject\bin\debug\netcoreapp3.1\nunittestproject.dll" id="e34fd7ec-376b-5cd9-f43c-324b72764f5f">
      <Execution id="6e312123-df2a-4973-8cf3-61becc81bcb4" />
      <TestMethod codeBase="C:\Projekty\NUnitTestProject\bin\Debug\netcoreapp3.1\NUnitTestProject.dll" adapterTypeName="executor://nunit3testexecutor/" className="NUnitTestProject.CurrencyHelperTests" name="FormatToStringTest1000(3694.480496819355d,&quot;3694.48 zł&quot;)" />
    </UnitTest>
    <UnitTest name="FormatToStringTest1000(84686.32148464039d,&quot;84686.32 zł&quot;)" storage="c:\projekty\nunittestproject\bin\debug\netcoreapp3.1\nunittestproject.dll" id="ceb7f684-931d-5c6c-b7df-e9079ac9afdf">
      <Execution id="497f5b64-e736-4b26-982d-ef3de0864b17" />
      <TestMethod codeBase="C:\Projekty\NUnitTestProject\bin\Debug\netcoreapp3.1\NUnitTestProject.dll" adapterTypeName="executor://nunit3testexecutor/" className="NUnitTestProject.CurrencyHelperTests" name="FormatToStringTest1000(84686.32148464039d,&quot;84686.32 zł&quot;)" />
    </UnitTest>
    <UnitTest name="FormatToStringTest1000(4823.904478896365d,&quot;4823.90 zł&quot;)" storage="c:\projekty\nunittestproject\bin\debug\netcoreapp3.1\nunittestproject.dll" id="6c604da3-7f27-8f64-ea2d-ce727d182abb">
      <Execution id="0d315050-5e74-4a19-99b0-439d7db9a286" />
      <TestMethod codeBase="C:\Projekty\NUnitTestProject\bin\Debug\netcoreapp3.1\NUnitTestProject.dll" adapterTypeName="executor://nunit3testexecutor/" className="NUnitTestProject.CurrencyHelperTests" name="FormatToStringTest1000(4823.904478896365d,&quot;4823.90 zł&quot;)" />
    </UnitTest>
    <UnitTest name="FormatToStringTest1000(17845.255864087147d,&quot;17845.26 zł&quot;)" storage="c:\projekty\nunittestproject\bin\debug\netcoreapp3.1\nunittestproject.dll" id="615fa398-9de6-a6b9-2dab-60666d0931f7">
      <Execution id="fb3aefb8-1783-403a-b8b0-865caf9980d3" />
      <TestMethod codeBase="C:\Projekty\NUnitTestProject\bin\Debug\netcoreapp3.1\NUnitTestProject.dll" adapterTypeName="executor://nunit3testexecutor/" className="NUnitTestProject.CurrencyHelperTests" name="FormatToStringTest1000(17845.255864087147d,&quot;17845.26 zł&quot;)" />
    </UnitTest>
    <UnitTest name="FormatToStringTest1000(75214.75000876503d,&quot;75214.75 zł&quot;)" storage="c:\projekty\nunittestproject\bin\debug\netcoreapp3.1\nunittestproject.dll" id="796d7949-31f4-bb9f-3f5b-ffa9238af688">
      <Execution id="1f25e843-fa41-428e-a2cf-811afe1dc982" />
      <TestMethod codeBase="C:\Projekty\NUnitTestProject\bin\Debug\netcoreapp3.1\NUnitTestProject.dll" adapterTypeName="executor://nunit3testexecutor/" className="NUnitTestProject.CurrencyHelperTests" name="FormatToStringTest1000(75214.75000876503d,&quot;75214.75 zł&quot;)" />
    </UnitTest>
    <UnitTest name="FormatToStringTest1000(2937.138486199611d,&quot;2937.14 zł&quot;)" storage="c:\projekty\nunittestproject\bin\debug\netcoreapp3.1\nunittestproject.dll" id="b56338b4-aae6-cbe0-3487-2e781b98c188">
      <Execution id="2cb65d0e-4420-4f5a-b958-4c0b913b59c2" />
      <TestMethod codeBase="C:\Projekty\NUnitTestProject\bin\Debug\netcoreapp3.1\NUnitTestProject.dll" adapterTypeName="executor://nunit3testexecutor/" className="NUnitTestProject.CurrencyHelperTests" name="FormatToStringTest1000(2937.138486199611d,&quot;2937.14 zł&quot;)" />
    </UnitTest>
    <UnitTest name="FormatToStringTest1000(16190.113943164757d,&quot;16190.11 zł&quot;)" storage="c:\projekty\nunittestproject\bin\debug\netcoreapp3.1\nunittestproject.dll" id="ea53113d-e645-3e3d-8dda-f0c57f3d1f3e">
      <Execution id="7a8bfed3-080f-43db-aedb-cc646cb43179" />
      <TestMethod codeBase="C:\Projekty\NUnitTestProject\bin\Debug\netcoreapp3.1\NUnitTestProject.dll" adapterTypeName="executor://nunit3testexecutor/" className="NUnitTestProject.CurrencyHelperTests" name="FormatToStringTest1000(16190.113943164757d,&quot;16190.11 zł&quot;)" />
    </UnitTest>
    <UnitTest name="FormatToStringTest1000(5022.470719070859d,&quot;5022.47 zł&quot;)" storage="c:\projekty\nunittestproject\bin\debug\netcoreapp3.1\nunittestproject.dll" id="70548cff-07c6-a6ca-3719-5ff4c0013c06">
      <Execution id="4f13ab9f-6cbf-40de-8ddc-1354355368d6" />
      <TestMethod codeBase="C:\Projekty\NUnitTestProject\bin\Debug\netcoreapp3.1\NUnitTestProject.dll" adapterTypeName="executor://nunit3testexecutor/" className="NUnitTestProject.CurrencyHelperTests" name="FormatToStringTest1000(5022.470719070859d,&quot;5022.47 zł&quot;)" />
    </UnitTest>
    <UnitTest name="FormatToStringTest1000(12202.860111308684d,&quot;12202.86 zł&quot;)" storage="c:\projekty\nunittestproject\bin\debug\netcoreapp3.1\nunittestproject.dll" id="386a6353-f26d-0503-41f2-052972dc214e">
      <Execution id="384012a8-6297-4235-bec6-1ebcc670eb88" />
      <TestMethod codeBase="C:\Projekty\NUnitTestProject\bin\Debug\netcoreapp3.1\NUnitTestProject.dll" adapterTypeName="executor://nunit3testexecutor/" className="NUnitTestProject.CurrencyHelperTests" name="FormatToStringTest1000(12202.860111308684d,&quot;12202.86 zł&quot;)" />
    </UnitTest>
    <UnitTest name="FormatToStringTest1000(7370.518277515898d,&quot;7370.52 zł&quot;)" storage="c:\projekty\nunittestproject\bin\debug\netcoreapp3.1\nunittestproject.dll" id="5ec8d008-0362-0f87-55a5-ff4397c5ceeb">
      <Execution id="d4886f4e-55cf-44c6-ae3f-8e88b16e42cd" />
      <TestMethod codeBase="C:\Projekty\NUnitTestProject\bin\Debug\netcoreapp3.1\NUnitTestProject.dll" adapterTypeName="executor://nunit3testexecutor/" className="NUnitTestProject.CurrencyHelperTests" name="FormatToStringTest1000(7370.518277515898d,&quot;7370.52 zł&quot;)" />
    </UnitTest>
    <UnitTest name="FormatToStringTest1000(20497.107923553376d,&quot;20497.11 zł&quot;)" storage="c:\projekty\nunittestproject\bin\debug\netcoreapp3.1\nunittestproject.dll" id="d38b1856-f9a8-d9e7-be29-662b96640b5b">
      <Execution id="077a28bd-1135-4d8f-b78a-6052e0c91e4a" />
      <TestMethod codeBase="C:\Projekty\NUnitTestProject\bin\Debug\netcoreapp3.1\NUnitTestProject.dll" adapterTypeName="executor://nunit3testexecutor/" className="NUnitTestProject.CurrencyHelperTests" name="FormatToStringTest1000(20497.107923553376d,&quot;20497.11 zł&quot;)" />
    </UnitTest>
    <UnitTest name="FormatToStringTest1000(3030.9461949132133d,&quot;3030.95 zł&quot;)" storage="c:\projekty\nunittestproject\bin\debug\netcoreapp3.1\nunittestproject.dll" id="a4a7e920-6be7-0270-88f5-4a528c0a4ff3">
      <Execution id="dc4b61c9-66fe-4287-9ce7-908949c5c11e" />
      <TestMethod codeBase="C:\Projekty\NUnitTestProject\bin\Debug\netcoreapp3.1\NUnitTestProject.dll" adapterTypeName="executor://nunit3testexecutor/" className="NUnitTestProject.CurrencyHelperTests" name="FormatToStringTest1000(3030.9461949132133d,&quot;3030.95 zł&quot;)" />
    </UnitTest>
    <UnitTest name="FormatToStringTest1000(11871.427211910219d,&quot;11871.43 zł&quot;)" storage="c:\projekty\nunittestproject\bin\debug\netcoreapp3.1\nunittestproject.dll" id="a0b62237-e6b4-ed13-bf88-ac0909d8c7c4">
      <Execution id="570eeb21-8b77-4d50-9eb9-06b8589101eb" />
      <TestMethod codeBase="C:\Projekty\NUnitTestProject\bin\Debug\netcoreapp3.1\NUnitTestProject.dll" adapterTypeName="executor://nunit3testexecutor/" className="NUnitTestProject.CurrencyHelperTests" name="FormatToStringTest1000(11871.427211910219d,&quot;11871.43 zł&quot;)" />
    </UnitTest>
    <UnitTest name="FormatToStringTest1000(47575.6421269959d,&quot;47575.64 zł&quot;)" storage="c:\projekty\nunittestproject\bin\debug\netcoreapp3.1\nunittestproject.dll" id="8591161e-1b40-e9f6-332c-2e1b43b81682">
      <Execution id="7bf9b831-3deb-4c32-8cd1-e4534acbf587" />
      <TestMethod codeBase="C:\Projekty\NUnitTestProject\bin\Debug\netcoreapp3.1\NUnitTestProject.dll" adapterTypeName="executor://nunit3testexecutor/" className="NUnitTestProject.CurrencyHelperTests" name="FormatToStringTest1000(47575.6421269959d,&quot;47575.64 zł&quot;)" />
    </UnitTest>
    <UnitTest name="FormatToStringTest1000(19519.4298413505d,&quot;19519.43 zł&quot;)" storage="c:\projekty\nunittestproject\bin\debug\netcoreapp3.1\nunittestproject.dll" id="72f5bdbc-e270-3979-eb1f-93befbe9f9d0">
      <Execution id="1f4539ea-22e9-45dc-b738-e51b5967eb92" />
      <TestMethod codeBase="C:\Projekty\NUnitTestProject\bin\Debug\netcoreapp3.1\NUnitTestProject.dll" adapterTypeName="executor://nunit3testexecutor/" className="NUnitTestProject.CurrencyHelperTests" name="FormatToStringTest1000(19519.4298413505d,&quot;19519.43 zł&quot;)" />
    </UnitTest>
    <UnitTest name="FormatToStringTest1000(13574.683315038068d,&quot;13574.68 zł&quot;)" storage="c:\projekty\nunittestproject\bin\debug\netcoreapp3.1\nunittestproject.dll" id="f96ea468-2b60-097d-c220-3c5f104473af">
      <Execution id="3157d29a-50be-4c16-a68b-21fe31738828" />
      <TestMethod codeBase="C:\Projekty\NUnitTestProject\bin\Debug\netcoreapp3.1\NUnitTestProject.dll" adapterTypeName="executor://nunit3testexecutor/" className="NUnitTestProject.CurrencyHelperTests" name="FormatToStringTest1000(13574.683315038068d,&quot;13574.68 zł&quot;)" />
    </UnitTest>
    <UnitTest name="FormatToStringTest1000(16637.074429372828d,&quot;16637.07 zł&quot;)" storage="c:\projekty\nunittestproject\bin\debug\netcoreapp3.1\nunittestproject.dll" id="6dee8c76-3355-7dcc-c0a6-02e4a5ed7dc2">
      <Execution id="dc32f64d-0898-4891-8f37-8d4ae38e6d32" />
      <TestMethod codeBase="C:\Projekty\NUnitTestProject\bin\Debug\netcoreapp3.1\NUnitTestProject.dll" adapterTypeName="executor://nunit3testexecutor/" className="NUnitTestProject.CurrencyHelperTests" name="FormatToStringTest1000(16637.074429372828d,&quot;16637.07 zł&quot;)" />
    </UnitTest>
    <UnitTest name="FormatToStringTest1000(47163.337736466594d,&quot;47163.34 zł&quot;)" storage="c:\projekty\nunittestproject\bin\debug\netcoreapp3.1\nunittestproject.dll" id="4e103de3-4b59-b5f0-90dd-0864019a3e44">
      <Execution id="813101e5-46d4-4bea-8af1-0c85f9d7508c" />
      <TestMethod codeBase="C:\Projekty\NUnitTestProject\bin\Debug\netcoreapp3.1\NUnitTestProject.dll" adapterTypeName="executor://nunit3testexecutor/" className="NUnitTestProject.CurrencyHelperTests" name="FormatToStringTest1000(47163.337736466594d,&quot;47163.34 zł&quot;)" />
    </UnitTest>
    <UnitTest name="FormatToStringTest1000(6266.232005888704d,&quot;6266.23 zł&quot;)" storage="c:\projekty\nunittestproject\bin\debug\netcoreapp3.1\nunittestproject.dll" id="55977c6e-f784-84a1-391e-15480b7266b6">
      <Execution id="b77aaeac-ca86-4d77-b76c-5c235d402a4c" />
      <TestMethod codeBase="C:\Projekty\NUnitTestProject\bin\Debug\netcoreapp3.1\NUnitTestProject.dll" adapterTypeName="executor://nunit3testexecutor/" className="NUnitTestProject.CurrencyHelperTests" name="FormatToStringTest1000(6266.232005888704d,&quot;6266.23 zł&quot;)" />
    </UnitTest>
    <UnitTest name="FormatToStringTest1000(42728.35751444258d,&quot;42728.36 zł&quot;)" storage="c:\projekty\nunittestproject\bin\debug\netcoreapp3.1\nunittestproject.dll" id="bc8b0527-de00-05c5-8ddf-e463dace5bf0">
      <Execution id="4a0573e2-5ca6-4de1-85a0-fcdf125179ca" />
      <TestMethod codeBase="C:\Projekty\NUnitTestProject\bin\Debug\netcoreapp3.1\NUnitTestProject.dll" adapterTypeName="executor://nunit3testexecutor/" className="NUnitTestProject.CurrencyHelperTests" name="FormatToStringTest1000(42728.35751444258d,&quot;42728.36 zł&quot;)" />
    </UnitTest>
    <UnitTest name="FormatToStringTest1000(34060.48467268724d,&quot;34060.48 zł&quot;)" storage="c:\projekty\nunittestproject\bin\debug\netcoreapp3.1\nunittestproject.dll" id="c9b5631d-418b-047b-d15f-f39906c7e08b">
      <Execution id="84b53cae-337b-4a7e-9160-c5046ebe1c07" />
      <TestMethod codeBase="C:\Projekty\NUnitTestProject\bin\Debug\netcoreapp3.1\NUnitTestProject.dll" adapterTypeName="executor://nunit3testexecutor/" className="NUnitTestProject.CurrencyHelperTests" name="FormatToStringTest1000(34060.48467268724d,&quot;34060.48 zł&quot;)" />
    </UnitTest>
    <UnitTest name="FormatToStringTest1000(22189.78731674132d,&quot;22189.79 zł&quot;)" storage="c:\projekty\nunittestproject\bin\debug\netcoreapp3.1\nunittestproject.dll" id="e7e966d4-e5d2-6514-5e34-60687297029b">
      <Execution id="8543ac68-5c16-40dc-a180-40b0eed6d81b" />
      <TestMethod codeBase="C:\Projekty\NUnitTestProject\bin\Debug\netcoreapp3.1\NUnitTestProject.dll" adapterTypeName="executor://nunit3testexecutor/" className="NUnitTestProject.CurrencyHelperTests" name="FormatToStringTest1000(22189.78731674132d,&quot;22189.79 zł&quot;)" />
    </UnitTest>
    <UnitTest name="FormatToStringTest1000(60323.066780431225d,&quot;60323.07 zł&quot;)" storage="c:\projekty\nunittestproject\bin\debug\netcoreapp3.1\nunittestproject.dll" id="005bc1cf-7a4e-92d9-5bd8-b2bbb383cd58">
      <Execution id="fcfaaef1-886a-479d-bd95-308b83f87441" />
      <TestMethod codeBase="C:\Projekty\NUnitTestProject\bin\Debug\netcoreapp3.1\NUnitTestProject.dll" adapterTypeName="executor://nunit3testexecutor/" className="NUnitTestProject.CurrencyHelperTests" name="FormatToStringTest1000(60323.066780431225d,&quot;60323.07 zł&quot;)" />
    </UnitTest>
    <UnitTest name="FormatToStringTest1000(32821.05661472215d,&quot;32821.06 zł&quot;)" storage="c:\projekty\nunittestproject\bin\debug\netcoreapp3.1\nunittestproject.dll" id="79aa3047-78e8-7f3b-b717-0010e3a4cd51">
      <Execution id="d334087a-b075-43e6-b5f4-f7bcc1e3e313" />
      <TestMethod codeBase="C:\Projekty\NUnitTestProject\bin\Debug\netcoreapp3.1\NUnitTestProject.dll" adapterTypeName="executor://nunit3testexecutor/" className="NUnitTestProject.CurrencyHelperTests" name="FormatToStringTest1000(32821.05661472215d,&quot;32821.06 zł&quot;)" />
    </UnitTest>
    <UnitTest name="FormatToStringTest1000(52858.048916166204d,&quot;52858.05 zł&quot;)" storage="c:\projekty\nunittestproject\bin\debug\netcoreapp3.1\nunittestproject.dll" id="8119f190-7ed2-77b1-76a6-83f33e4cf393">
      <Execution id="9f56e365-b9cc-48ae-acc0-39a1860fb6f2" />
      <TestMethod codeBase="C:\Projekty\NUnitTestProject\bin\Debug\netcoreapp3.1\NUnitTestProject.dll" adapterTypeName="executor://nunit3testexecutor/" className="NUnitTestProject.CurrencyHelperTests" name="FormatToStringTest1000(52858.048916166204d,&quot;52858.05 zł&quot;)" />
    </UnitTest>
    <UnitTest name="FormatToStringTest1000(51300.77891898145d,&quot;51300.78 zł&quot;)" storage="c:\projekty\nunittestproject\bin\debug\netcoreapp3.1\nunittestproject.dll" id="3cf165e2-4de9-3079-4fb7-1ca2dade8ab8">
      <Execution id="d011789d-0234-4106-b3fa-b74ce760f6de" />
      <TestMethod codeBase="C:\Projekty\NUnitTestProject\bin\Debug\netcoreapp3.1\NUnitTestProject.dll" adapterTypeName="executor://nunit3testexecutor/" className="NUnitTestProject.CurrencyHelperTests" name="FormatToStringTest1000(51300.77891898145d,&quot;51300.78 zł&quot;)" />
    </UnitTest>
    <UnitTest name="FormatToStringTest1000(22791.735381432685d,&quot;22791.74 zł&quot;)" storage="c:\projekty\nunittestproject\bin\debug\netcoreapp3.1\nunittestproject.dll" id="65ccfc2f-2358-a64f-fe6f-c264d332c519">
      <Execution id="a578572e-48a0-4930-90be-8f5fb6cca04b" />
      <TestMethod codeBase="C:\Projekty\NUnitTestProject\bin\Debug\netcoreapp3.1\NUnitTestProject.dll" adapterTypeName="executor://nunit3testexecutor/" className="NUnitTestProject.CurrencyHelperTests" name="FormatToStringTest1000(22791.735381432685d,&quot;22791.74 zł&quot;)" />
    </UnitTest>
    <UnitTest name="FormatToStringTest1000(39178.05988345298d,&quot;39178.06 zł&quot;)" storage="c:\projekty\nunittestproject\bin\debug\netcoreapp3.1\nunittestproject.dll" id="7d9a319c-0aa5-831a-d202-712bedb1b15a">
      <Execution id="a4a1a7d8-bff6-4283-8091-acc35b63efe2" />
      <TestMethod codeBase="C:\Projekty\NUnitTestProject\bin\Debug\netcoreapp3.1\NUnitTestProject.dll" adapterTypeName="executor://nunit3testexecutor/" className="NUnitTestProject.CurrencyHelperTests" name="FormatToStringTest1000(39178.05988345298d,&quot;39178.06 zł&quot;)" />
    </UnitTest>
    <UnitTest name="FormatToStringTest1000(58848.60825001477d,&quot;58848.61 zł&quot;)" storage="c:\projekty\nunittestproject\bin\debug\netcoreapp3.1\nunittestproject.dll" id="86a3d4f1-4730-e078-7812-a2cb42758d4b">
      <Execution id="e2ffba87-ae2c-4493-a6eb-a913f66a87fe" />
      <TestMethod codeBase="C:\Projekty\NUnitTestProject\bin\Debug\netcoreapp3.1\NUnitTestProject.dll" adapterTypeName="executor://nunit3testexecutor/" className="NUnitTestProject.CurrencyHelperTests" name="FormatToStringTest1000(58848.60825001477d,&quot;58848.61 zł&quot;)" />
    </UnitTest>
    <UnitTest name="FormatToStringTest1000(75350.77330865282d,&quot;75350.77 zł&quot;)" storage="c:\projekty\nunittestproject\bin\debug\netcoreapp3.1\nunittestproject.dll" id="a66db8ec-8bb4-14b5-d72b-619fdbf967a5">
      <Execution id="95d17e92-a177-4f29-af9f-e94eb8997105" />
      <TestMethod codeBase="C:\Projekty\NUnitTestProject\bin\Debug\netcoreapp3.1\NUnitTestProject.dll" adapterTypeName="executor://nunit3testexecutor/" className="NUnitTestProject.CurrencyHelperTests" name="FormatToStringTest1000(75350.77330865282d,&quot;75350.77 zł&quot;)" />
    </UnitTest>
    <UnitTest name="FormatToStringTest1000(41008.28505327194d,&quot;41008.29 zł&quot;)" storage="c:\projekty\nunittestproject\bin\debug\netcoreapp3.1\nunittestproject.dll" id="eaf85606-7f0d-3e94-fb5d-ed88b536baa0">
      <Execution id="f6746754-0614-4d43-8df9-e26a3f4a1aaf" />
      <TestMethod codeBase="C:\Projekty\NUnitTestProject\bin\Debug\netcoreapp3.1\NUnitTestProject.dll" adapterTypeName="executor://nunit3testexecutor/" className="NUnitTestProject.CurrencyHelperTests" name="FormatToStringTest1000(41008.28505327194d,&quot;41008.29 zł&quot;)" />
    </UnitTest>
    <UnitTest name="FormatToStringTest1000(82228.32322510486d,&quot;82228.32 zł&quot;)" storage="c:\projekty\nunittestproject\bin\debug\netcoreapp3.1\nunittestproject.dll" id="efc2a789-ae09-4bb7-d172-5f2d0e3cbf23">
      <Execution id="730172a3-ec1a-4229-a092-7a4a4e0ec4f5" />
      <TestMethod codeBase="C:\Projekty\NUnitTestProject\bin\Debug\netcoreapp3.1\NUnitTestProject.dll" adapterTypeName="executor://nunit3testexecutor/" className="NUnitTestProject.CurrencyHelperTests" name="FormatToStringTest1000(82228.32322510486d,&quot;82228.32 zł&quot;)" />
    </UnitTest>
    <UnitTest name="FormatToStringTest1000(60299.23738666309d,&quot;60299.24 zł&quot;)" storage="c:\projekty\nunittestproject\bin\debug\netcoreapp3.1\nunittestproject.dll" id="0bb6c333-e41f-4877-c81e-d24ff9ead53d">
      <Execution id="48b37af7-565e-463d-8987-5c80ba8bf971" />
      <TestMethod codeBase="C:\Projekty\NUnitTestProject\bin\Debug\netcoreapp3.1\NUnitTestProject.dll" adapterTypeName="executor://nunit3testexecutor/" className="NUnitTestProject.CurrencyHelperTests" name="FormatToStringTest1000(60299.23738666309d,&quot;60299.24 zł&quot;)" />
    </UnitTest>
    <UnitTest name="FormatToStringTest1000(11022.594234092438d,&quot;11022.59 zł&quot;)" storage="c:\projekty\nunittestproject\bin\debug\netcoreapp3.1\nunittestproject.dll" id="d5f63a3d-0bec-c5aa-6fdf-b4d0492c062a">
      <Execution id="30ceebd1-f1b5-49f6-8ed1-591e55bc04ed" />
      <TestMethod codeBase="C:\Projekty\NUnitTestProject\bin\Debug\netcoreapp3.1\NUnitTestProject.dll" adapterTypeName="executor://nunit3testexecutor/" className="NUnitTestProject.CurrencyHelperTests" name="FormatToStringTest1000(11022.594234092438d,&quot;11022.59 zł&quot;)" />
    </UnitTest>
    <UnitTest name="FormatToStringTest1000(19103.831635461574d,&quot;19103.83 zł&quot;)" storage="c:\projekty\nunittestproject\bin\debug\netcoreapp3.1\nunittestproject.dll" id="d569c283-c0e4-d992-53ea-520d9219d214">
      <Execution id="3bebf08d-55c1-4bb3-9e09-6288cabf29c6" />
      <TestMethod codeBase="C:\Projekty\NUnitTestProject\bin\Debug\netcoreapp3.1\NUnitTestProject.dll" adapterTypeName="executor://nunit3testexecutor/" className="NUnitTestProject.CurrencyHelperTests" name="FormatToStringTest1000(19103.831635461574d,&quot;19103.83 zł&quot;)" />
    </UnitTest>
    <UnitTest name="FormatToStringTest1000(13855.30239352505d,&quot;13855.30 zł&quot;)" storage="c:\projekty\nunittestproject\bin\debug\netcoreapp3.1\nunittestproject.dll" id="21bcc043-da28-367a-c1fb-9490833f1b89">
      <Execution id="e22a4a56-3b68-45bd-84f3-c68081afeadf" />
      <TestMethod codeBase="C:\Projekty\NUnitTestProject\bin\Debug\netcoreapp3.1\NUnitTestProject.dll" adapterTypeName="executor://nunit3testexecutor/" className="NUnitTestProject.CurrencyHelperTests" name="FormatToStringTest1000(13855.30239352505d,&quot;13855.30 zł&quot;)" />
    </UnitTest>
    <UnitTest name="FormatToStringTest1000(16901.497392274203d,&quot;16901.50 zł&quot;)" storage="c:\projekty\nunittestproject\bin\debug\netcoreapp3.1\nunittestproject.dll" id="5234899e-b699-a182-8741-15341fb350c8">
      <Execution id="7fcb8789-4e36-4942-a71c-c79a205ad36d" />
      <TestMethod codeBase="C:\Projekty\NUnitTestProject\bin\Debug\netcoreapp3.1\NUnitTestProject.dll" adapterTypeName="executor://nunit3testexecutor/" className="NUnitTestProject.CurrencyHelperTests" name="FormatToStringTest1000(16901.497392274203d,&quot;16901.50 zł&quot;)" />
    </UnitTest>
    <UnitTest name="FormatToStringTest1000(27187.549022783314d,&quot;27187.55 zł&quot;)" storage="c:\projekty\nunittestproject\bin\debug\netcoreapp3.1\nunittestproject.dll" id="2782a3f6-bb08-acfe-bfab-49ee7d2fdbfa">
      <Execution id="921bdc61-7400-4a9e-a76a-adeb85a2a2ac" />
      <TestMethod codeBase="C:\Projekty\NUnitTestProject\bin\Debug\netcoreapp3.1\NUnitTestProject.dll" adapterTypeName="executor://nunit3testexecutor/" className="NUnitTestProject.CurrencyHelperTests" name="FormatToStringTest1000(27187.549022783314d,&quot;27187.55 zł&quot;)" />
    </UnitTest>
    <UnitTest name="FormatToStringTest1000(20623.53139885493d,&quot;20623.53 zł&quot;)" storage="c:\projekty\nunittestproject\bin\debug\netcoreapp3.1\nunittestproject.dll" id="6c172272-73ee-1f81-5332-f3180f21fb30">
      <Execution id="58600f75-0b3a-4565-9c9b-cc5de45ac1d7" />
      <TestMethod codeBase="C:\Projekty\NUnitTestProject\bin\Debug\netcoreapp3.1\NUnitTestProject.dll" adapterTypeName="executor://nunit3testexecutor/" className="NUnitTestProject.CurrencyHelperTests" name="FormatToStringTest1000(20623.53139885493d,&quot;20623.53 zł&quot;)" />
    </UnitTest>
    <UnitTest name="FormatToStringTest1000(57564.498126061866d,&quot;57564.50 zł&quot;)" storage="c:\projekty\nunittestproject\bin\debug\netcoreapp3.1\nunittestproject.dll" id="8afbc81b-c940-0dce-6ef9-318ffda0f1ea">
      <Execution id="a4bc4f47-e042-4695-9882-79cbcab61add" />
      <TestMethod codeBase="C:\Projekty\NUnitTestProject\bin\Debug\netcoreapp3.1\NUnitTestProject.dll" adapterTypeName="executor://nunit3testexecutor/" className="NUnitTestProject.CurrencyHelperTests" name="FormatToStringTest1000(57564.498126061866d,&quot;57564.50 zł&quot;)" />
    </UnitTest>
    <UnitTest name="FormatToStringTest1000(68507.83928906724d,&quot;68507.84 zł&quot;)" storage="c:\projekty\nunittestproject\bin\debug\netcoreapp3.1\nunittestproject.dll" id="bd91fcf5-5262-be00-7dbb-b8c3fec0f109">
      <Execution id="c7373016-6b30-4f30-883b-d7409672b3ea" />
      <TestMethod codeBase="C:\Projekty\NUnitTestProject\bin\Debug\netcoreapp3.1\NUnitTestProject.dll" adapterTypeName="executor://nunit3testexecutor/" className="NUnitTestProject.CurrencyHelperTests" name="FormatToStringTest1000(68507.83928906724d,&quot;68507.84 zł&quot;)" />
    </UnitTest>
    <UnitTest name="FormatToStringTest1000(45739.569854490255d,&quot;45739.57 zł&quot;)" storage="c:\projekty\nunittestproject\bin\debug\netcoreapp3.1\nunittestproject.dll" id="9a937ae8-d764-8210-812b-522cffbf8c6f">
      <Execution id="009ee788-866e-4f6c-be98-dfb8e18c9614" />
      <TestMethod codeBase="C:\Projekty\NUnitTestProject\bin\Debug\netcoreapp3.1\NUnitTestProject.dll" adapterTypeName="executor://nunit3testexecutor/" className="NUnitTestProject.CurrencyHelperTests" name="FormatToStringTest1000(45739.569854490255d,&quot;45739.57 zł&quot;)" />
    </UnitTest>
    <UnitTest name="FormatToStringTest1000(23174.85693288448d,&quot;23174.86 zł&quot;)" storage="c:\projekty\nunittestproject\bin\debug\netcoreapp3.1\nunittestproject.dll" id="82e7d70c-1a42-9215-0f5f-33fe3e6fa346">
      <Execution id="e82a5055-ffd2-406c-9f47-b25d024f351b" />
      <TestMethod codeBase="C:\Projekty\NUnitTestProject\bin\Debug\netcoreapp3.1\NUnitTestProject.dll" adapterTypeName="executor://nunit3testexecutor/" className="NUnitTestProject.CurrencyHelperTests" name="FormatToStringTest1000(23174.85693288448d,&quot;23174.86 zł&quot;)" />
    </UnitTest>
    <UnitTest name="FormatToStringTest1000(63946.51014057478d,&quot;63946.51 zł&quot;)" storage="c:\projekty\nunittestproject\bin\debug\netcoreapp3.1\nunittestproject.dll" id="3c433d09-bfc8-05ae-376b-cff8f69161af">
      <Execution id="5c0de9db-869e-4aeb-b0d4-c3051f37e5a9" />
      <TestMethod codeBase="C:\Projekty\NUnitTestProject\bin\Debug\netcoreapp3.1\NUnitTestProject.dll" adapterTypeName="executor://nunit3testexecutor/" className="NUnitTestProject.CurrencyHelperTests" name="FormatToStringTest1000(63946.51014057478d,&quot;63946.51 zł&quot;)" />
    </UnitTest>
    <UnitTest name="FormatToStringTest1000(3303.1902076747224d,&quot;3303.19 zł&quot;)" storage="c:\projekty\nunittestproject\bin\debug\netcoreapp3.1\nunittestproject.dll" id="86ff0f06-37e1-737e-28e1-e4da0cef4001">
      <Execution id="3b43274e-ade4-487b-950a-a61ff608058f" />
      <TestMethod codeBase="C:\Projekty\NUnitTestProject\bin\Debug\netcoreapp3.1\NUnitTestProject.dll" adapterTypeName="executor://nunit3testexecutor/" className="NUnitTestProject.CurrencyHelperTests" name="FormatToStringTest1000(3303.1902076747224d,&quot;3303.19 zł&quot;)" />
    </UnitTest>
    <UnitTest name="FormatToStringTest1000(15841.26419853478d,&quot;15841.26 zł&quot;)" storage="c:\projekty\nunittestproject\bin\debug\netcoreapp3.1\nunittestproject.dll" id="a64a893d-a7c9-f50c-de3c-debed5fa79b5">
      <Execution id="9f4a0de3-588d-461b-aaa8-89d40c49cba9" />
      <TestMethod codeBase="C:\Projekty\NUnitTestProject\bin\Debug\netcoreapp3.1\NUnitTestProject.dll" adapterTypeName="executor://nunit3testexecutor/" className="NUnitTestProject.CurrencyHelperTests" name="FormatToStringTest1000(15841.26419853478d,&quot;15841.26 zł&quot;)" />
    </UnitTest>
    <UnitTest name="FormatToStringTest1000(22494.46807976834d,&quot;22494.47 zł&quot;)" storage="c:\projekty\nunittestproject\bin\debug\netcoreapp3.1\nunittestproject.dll" id="9629fd85-821b-932c-4f6c-d14c57ed62b0">
      <Execution id="939f1453-ac0f-41cb-a781-8fa4df7ea074" />
      <TestMethod codeBase="C:\Projekty\NUnitTestProject\bin\Debug\netcoreapp3.1\NUnitTestProject.dll" adapterTypeName="executor://nunit3testexecutor/" className="NUnitTestProject.CurrencyHelperTests" name="FormatToStringTest1000(22494.46807976834d,&quot;22494.47 zł&quot;)" />
    </UnitTest>
    <UnitTest name="FormatToStringTest1000(72703.4365723503d,&quot;72703.44 zł&quot;)" storage="c:\projekty\nunittestproject\bin\debug\netcoreapp3.1\nunittestproject.dll" id="2b003fb3-b141-e2a9-bad9-fff43705ee9e">
      <Execution id="168524b8-c7e5-42b9-b398-9ce00875c5b3" />
      <TestMethod codeBase="C:\Projekty\NUnitTestProject\bin\Debug\netcoreapp3.1\NUnitTestProject.dll" adapterTypeName="executor://nunit3testexecutor/" className="NUnitTestProject.CurrencyHelperTests" name="FormatToStringTest1000(72703.4365723503d,&quot;72703.44 zł&quot;)" />
    </UnitTest>
    <UnitTest name="FormatToStringTest1000(14237.13226245955d,&quot;14237.13 zł&quot;)" storage="c:\projekty\nunittestproject\bin\debug\netcoreapp3.1\nunittestproject.dll" id="897eda60-aa9c-bf46-7037-9c91ac01a451">
      <Execution id="34bbbfe1-5f25-42e7-a734-de91f9b2a1ec" />
      <TestMethod codeBase="C:\Projekty\NUnitTestProject\bin\Debug\netcoreapp3.1\NUnitTestProject.dll" adapterTypeName="executor://nunit3testexecutor/" className="NUnitTestProject.CurrencyHelperTests" name="FormatToStringTest1000(14237.13226245955d,&quot;14237.13 zł&quot;)" />
    </UnitTest>
    <UnitTest name="FormatToStringTest1000(18424.864078561244d,&quot;18424.86 zł&quot;)" storage="c:\projekty\nunittestproject\bin\debug\netcoreapp3.1\nunittestproject.dll" id="9302047d-d400-9bf9-4ba4-2e05b31dc9ec">
      <Execution id="1b4e03f3-9b24-4164-8e05-9c1704c72771" />
      <TestMethod codeBase="C:\Projekty\NUnitTestProject\bin\Debug\netcoreapp3.1\NUnitTestProject.dll" adapterTypeName="executor://nunit3testexecutor/" className="NUnitTestProject.CurrencyHelperTests" name="FormatToStringTest1000(18424.864078561244d,&quot;18424.86 zł&quot;)" />
    </UnitTest>
    <UnitTest name="FormatToStringTest1000(15396.537902579894d,&quot;15396.54 zł&quot;)" storage="c:\projekty\nunittestproject\bin\debug\netcoreapp3.1\nunittestproject.dll" id="41200b0a-b89d-be5b-7447-22f852721d92">
      <Execution id="59f9c964-ac43-4c3e-9709-be1710f152b2" />
      <TestMethod codeBase="C:\Projekty\NUnitTestProject\bin\Debug\netcoreapp3.1\NUnitTestProject.dll" adapterTypeName="executor://nunit3testexecutor/" className="NUnitTestProject.CurrencyHelperTests" name="FormatToStringTest1000(15396.537902579894d,&quot;15396.54 zł&quot;)" />
    </UnitTest>
    <UnitTest name="FormatToStringTest1000(64887.45559046951d,&quot;64887.46 zł&quot;)" storage="c:\projekty\nunittestproject\bin\debug\netcoreapp3.1\nunittestproject.dll" id="b150e6ad-1fac-a9d1-a2ab-0f7879e84a36">
      <Execution id="780dc04c-b02d-4aaf-8a87-b8c88d81bf7e" />
      <TestMethod codeBase="C:\Projekty\NUnitTestProject\bin\Debug\netcoreapp3.1\NUnitTestProject.dll" adapterTypeName="executor://nunit3testexecutor/" className="NUnitTestProject.CurrencyHelperTests" name="FormatToStringTest1000(64887.45559046951d,&quot;64887.46 zł&quot;)" />
    </UnitTest>
    <UnitTest name="FormatToStringTest1000(23649.104642116046d,&quot;23649.10 zł&quot;)" storage="c:\projekty\nunittestproject\bin\debug\netcoreapp3.1\nunittestproject.dll" id="5d8a1a0c-8ac0-09f0-e7c5-3249de62e9a9">
      <Execution id="8a7e321a-14e2-4ca5-bb40-23dabd1c6093" />
      <TestMethod codeBase="C:\Projekty\NUnitTestProject\bin\Debug\netcoreapp3.1\NUnitTestProject.dll" adapterTypeName="executor://nunit3testexecutor/" className="NUnitTestProject.CurrencyHelperTests" name="FormatToStringTest1000(23649.104642116046d,&quot;23649.10 zł&quot;)" />
    </UnitTest>
    <UnitTest name="FormatToStringTest1000(13582.47117894258d,&quot;13582.47 zł&quot;)" storage="c:\projekty\nunittestproject\bin\debug\netcoreapp3.1\nunittestproject.dll" id="ee6fca60-0e04-b997-dc4d-b3e46cbf895c">
      <Execution id="aa1045fd-172c-41b3-93b3-6a42306b3abb" />
      <TestMethod codeBase="C:\Projekty\NUnitTestProject\bin\Debug\netcoreapp3.1\NUnitTestProject.dll" adapterTypeName="executor://nunit3testexecutor/" className="NUnitTestProject.CurrencyHelperTests" name="FormatToStringTest1000(13582.47117894258d,&quot;13582.47 zł&quot;)" />
    </UnitTest>
    <UnitTest name="FormatToStringTest1000(4030.673117592313d,&quot;4030.67 zł&quot;)" storage="c:\projekty\nunittestproject\bin\debug\netcoreapp3.1\nunittestproject.dll" id="0718464f-7428-3c2c-d7c1-1af84b0bb5ee">
      <Execution id="277b9111-9ce4-4081-b2cd-58ba2cd966bc" />
      <TestMethod codeBase="C:\Projekty\NUnitTestProject\bin\Debug\netcoreapp3.1\NUnitTestProject.dll" adapterTypeName="executor://nunit3testexecutor/" className="NUnitTestProject.CurrencyHelperTests" name="FormatToStringTest1000(4030.673117592313d,&quot;4030.67 zł&quot;)" />
    </UnitTest>
    <UnitTest name="FormatToStringTest1000(13844.577623300524d,&quot;13844.58 zł&quot;)" storage="c:\projekty\nunittestproject\bin\debug\netcoreapp3.1\nunittestproject.dll" id="cdeb3be1-fe32-ff89-e068-e42e39c27a73">
      <Execution id="11e0ea21-4f7c-4582-8cfa-26b104149274" />
      <TestMethod codeBase="C:\Projekty\NUnitTestProject\bin\Debug\netcoreapp3.1\NUnitTestProject.dll" adapterTypeName="executor://nunit3testexecutor/" className="NUnitTestProject.CurrencyHelperTests" name="FormatToStringTest1000(13844.577623300524d,&quot;13844.58 zł&quot;)" />
    </UnitTest>
    <UnitTest name="FormatToStringTest1000(1300.9430775404642d,&quot;1300.94 zł&quot;)" storage="c:\projekty\nunittestproject\bin\debug\netcoreapp3.1\nunittestproject.dll" id="d8dd6fae-802b-a606-14b3-f77add91cde3">
      <Execution id="8f8eee0b-c954-47ae-980e-100d6d920c93" />
      <TestMethod codeBase="C:\Projekty\NUnitTestProject\bin\Debug\netcoreapp3.1\NUnitTestProject.dll" adapterTypeName="executor://nunit3testexecutor/" className="NUnitTestProject.CurrencyHelperTests" name="FormatToStringTest1000(1300.9430775404642d,&quot;1300.94 zł&quot;)" />
    </UnitTest>
    <UnitTest name="FormatToStringTest1000(1108.7197928823157d,&quot;1108.72 zł&quot;)" storage="c:\projekty\nunittestproject\bin\debug\netcoreapp3.1\nunittestproject.dll" id="5220db90-feed-daf9-71ce-ce8aa9bc9232">
      <Execution id="e8ca7fe0-c94b-43c9-8cd8-6323974fdc1b" />
      <TestMethod codeBase="C:\Projekty\NUnitTestProject\bin\Debug\netcoreapp3.1\NUnitTestProject.dll" adapterTypeName="executor://nunit3testexecutor/" className="NUnitTestProject.CurrencyHelperTests" name="FormatToStringTest1000(1108.7197928823157d,&quot;1108.72 zł&quot;)" />
    </UnitTest>
    <UnitTest name="FormatToStringTest1000(8908.080586221107d,&quot;8908.08 zł&quot;)" storage="c:\projekty\nunittestproject\bin\debug\netcoreapp3.1\nunittestproject.dll" id="a9bdfcdb-7bc0-3167-07a5-dafa13fc5389">
      <Execution id="083605c4-d451-4b77-8f67-662bc2bc665f" />
      <TestMethod codeBase="C:\Projekty\NUnitTestProject\bin\Debug\netcoreapp3.1\NUnitTestProject.dll" adapterTypeName="executor://nunit3testexecutor/" className="NUnitTestProject.CurrencyHelperTests" name="FormatToStringTest1000(8908.080586221107d,&quot;8908.08 zł&quot;)" />
    </UnitTest>
    <UnitTest name="FormatToStringTest1000(37160.85331540269d,&quot;37160.85 zł&quot;)" storage="c:\projekty\nunittestproject\bin\debug\netcoreapp3.1\nunittestproject.dll" id="f3633ae5-6adc-21ee-2aa1-0609fba8547c">
      <Execution id="eec96fe7-0daf-4d5e-bbfc-dc5b93cd2d57" />
      <TestMethod codeBase="C:\Projekty\NUnitTestProject\bin\Debug\netcoreapp3.1\NUnitTestProject.dll" adapterTypeName="executor://nunit3testexecutor/" className="NUnitTestProject.CurrencyHelperTests" name="FormatToStringTest1000(37160.85331540269d,&quot;37160.85 zł&quot;)" />
    </UnitTest>
    <UnitTest name="FormatToStringTest1000(70149.17842025738d,&quot;70149.18 zł&quot;)" storage="c:\projekty\nunittestproject\bin\debug\netcoreapp3.1\nunittestproject.dll" id="f3af6a34-22dc-525a-ddbc-41c7a3c42ddc">
      <Execution id="2d21b689-2c71-45b7-b38e-82f48682d1a4" />
      <TestMethod codeBase="C:\Projekty\NUnitTestProject\bin\Debug\netcoreapp3.1\NUnitTestProject.dll" adapterTypeName="executor://nunit3testexecutor/" className="NUnitTestProject.CurrencyHelperTests" name="FormatToStringTest1000(70149.17842025738d,&quot;70149.18 zł&quot;)" />
    </UnitTest>
    <UnitTest name="FormatToStringTest1000(75024.79122970243d,&quot;75024.79 zł&quot;)" storage="c:\projekty\nunittestproject\bin\debug\netcoreapp3.1\nunittestproject.dll" id="e704684d-9f7f-da08-58cf-d52651e9dd96">
      <Execution id="73394ff1-35a4-4866-a47b-7107a905887f" />
      <TestMethod codeBase="C:\Projekty\NUnitTestProject\bin\Debug\netcoreapp3.1\NUnitTestProject.dll" adapterTypeName="executor://nunit3testexecutor/" className="NUnitTestProject.CurrencyHelperTests" name="FormatToStringTest1000(75024.79122970243d,&quot;75024.79 zł&quot;)" />
    </UnitTest>
    <UnitTest name="FormatToStringTest1000(65809.35218338219d,&quot;65809.35 zł&quot;)" storage="c:\projekty\nunittestproject\bin\debug\netcoreapp3.1\nunittestproject.dll" id="5e8a64ef-fabe-5bbf-4739-e9cf8ccf2ee0">
      <Execution id="1bdac27c-d545-452a-a337-8b8c38c25595" />
      <TestMethod codeBase="C:\Projekty\NUnitTestProject\bin\Debug\netcoreapp3.1\NUnitTestProject.dll" adapterTypeName="executor://nunit3testexecutor/" className="NUnitTestProject.CurrencyHelperTests" name="FormatToStringTest1000(65809.35218338219d,&quot;65809.35 zł&quot;)" />
    </UnitTest>
    <UnitTest name="FormatToStringTest1000(12125.090155628086d,&quot;12125.09 zł&quot;)" storage="c:\projekty\nunittestproject\bin\debug\netcoreapp3.1\nunittestproject.dll" id="72c240ff-79c5-ef41-5967-e3c497b7b2c0">
      <Execution id="dc8015e8-9ff0-458e-af5c-14e227afafdb" />
      <TestMethod codeBase="C:\Projekty\NUnitTestProject\bin\Debug\netcoreapp3.1\NUnitTestProject.dll" adapterTypeName="executor://nunit3testexecutor/" className="NUnitTestProject.CurrencyHelperTests" name="FormatToStringTest1000(12125.090155628086d,&quot;12125.09 zł&quot;)" />
    </UnitTest>
    <UnitTest name="FormatToStringTest1000(7569.605888796322d,&quot;7569.61 zł&quot;)" storage="c:\projekty\nunittestproject\bin\debug\netcoreapp3.1\nunittestproject.dll" id="87ae11a5-ff33-3fef-0507-0ee3bd82054e">
      <Execution id="b5c057ed-9f96-4935-821e-85ba12a83300" />
      <TestMethod codeBase="C:\Projekty\NUnitTestProject\bin\Debug\netcoreapp3.1\NUnitTestProject.dll" adapterTypeName="executor://nunit3testexecutor/" className="NUnitTestProject.CurrencyHelperTests" name="FormatToStringTest1000(7569.605888796322d,&quot;7569.61 zł&quot;)" />
    </UnitTest>
    <UnitTest name="FormatToStringTest1000(736.7398243680316d,&quot;736.74 zł&quot;)" storage="c:\projekty\nunittestproject\bin\debug\netcoreapp3.1\nunittestproject.dll" id="c7b07fde-ab61-697a-6040-f2f4c1529d34">
      <Execution id="2193f3dc-13cd-49a7-9d2f-0c8c1a1888de" />
      <TestMethod codeBase="C:\Projekty\NUnitTestProject\bin\Debug\netcoreapp3.1\NUnitTestProject.dll" adapterTypeName="executor://nunit3testexecutor/" className="NUnitTestProject.CurrencyHelperTests" name="FormatToStringTest1000(736.7398243680316d,&quot;736.74 zł&quot;)" />
    </UnitTest>
    <UnitTest name="FormatToStringTest1000(41873.517751020154d,&quot;41873.52 zł&quot;)" storage="c:\projekty\nunittestproject\bin\debug\netcoreapp3.1\nunittestproject.dll" id="7d45d5f5-3a25-9a87-e687-4dc975c05da1">
      <Execution id="8c3113c3-c7d9-4378-9265-e3dad819878e" />
      <TestMethod codeBase="C:\Projekty\NUnitTestProject\bin\Debug\netcoreapp3.1\NUnitTestProject.dll" adapterTypeName="executor://nunit3testexecutor/" className="NUnitTestProject.CurrencyHelperTests" name="FormatToStringTest1000(41873.517751020154d,&quot;41873.52 zł&quot;)" />
    </UnitTest>
    <UnitTest name="FormatToStringTest1000(41876.979471482795d,&quot;41876.98 zł&quot;)" storage="c:\projekty\nunittestproject\bin\debug\netcoreapp3.1\nunittestproject.dll" id="42689aba-eefd-f694-336d-6d6d7296f289">
      <Execution id="692120a3-a8c7-4a35-a092-1b04e71c6978" />
      <TestMethod codeBase="C:\Projekty\NUnitTestProject\bin\Debug\netcoreapp3.1\NUnitTestProject.dll" adapterTypeName="executor://nunit3testexecutor/" className="NUnitTestProject.CurrencyHelperTests" name="FormatToStringTest1000(41876.979471482795d,&quot;41876.98 zł&quot;)" />
    </UnitTest>
    <UnitTest name="FormatToStringTest1000(9517.514896326473d,&quot;9517.51 zł&quot;)" storage="c:\projekty\nunittestproject\bin\debug\netcoreapp3.1\nunittestproject.dll" id="6c111a58-0dcb-5d69-cab0-6f7362899525">
      <Execution id="3c957894-423d-449b-9b62-8bae8ee8dc47" />
      <TestMethod codeBase="C:\Projekty\NUnitTestProject\bin\Debug\netcoreapp3.1\NUnitTestProject.dll" adapterTypeName="executor://nunit3testexecutor/" className="NUnitTestProject.CurrencyHelperTests" name="FormatToStringTest1000(9517.514896326473d,&quot;9517.51 zł&quot;)" />
    </UnitTest>
    <UnitTest name="FormatToStringTest1000(740.3213011405064d,&quot;740.32 zł&quot;)" storage="c:\projekty\nunittestproject\bin\debug\netcoreapp3.1\nunittestproject.dll" id="6d2fa905-65f5-7d76-6130-8eb8fe67de75">
      <Execution id="340b361e-f31b-47f8-93eb-99085c8510c8" />
      <TestMethod codeBase="C:\Projekty\NUnitTestProject\bin\Debug\netcoreapp3.1\NUnitTestProject.dll" adapterTypeName="executor://nunit3testexecutor/" className="NUnitTestProject.CurrencyHelperTests" name="FormatToStringTest1000(740.3213011405064d,&quot;740.32 zł&quot;)" />
    </UnitTest>
    <UnitTest name="FormatToStringTest1000(46803.36433423374d,&quot;46803.36 zł&quot;)" storage="c:\projekty\nunittestproject\bin\debug\netcoreapp3.1\nunittestproject.dll" id="f3dbad6e-a998-4f0d-7c83-23b7bc70f023">
      <Execution id="5e3e596a-307c-44f8-a571-e825feedca15" />
      <TestMethod codeBase="C:\Projekty\NUnitTestProject\bin\Debug\netcoreapp3.1\NUnitTestProject.dll" adapterTypeName="executor://nunit3testexecutor/" className="NUnitTestProject.CurrencyHelperTests" name="FormatToStringTest1000(46803.36433423374d,&quot;46803.36 zł&quot;)" />
    </UnitTest>
    <UnitTest name="FormatToStringTest1000(10397.404523554447d,&quot;10397.40 zł&quot;)" storage="c:\projekty\nunittestproject\bin\debug\netcoreapp3.1\nunittestproject.dll" id="74db41bd-054e-abff-59c5-f7d3ecdafbd4">
      <Execution id="73900069-7910-4c6b-abd6-4460871ae9a9" />
      <TestMethod codeBase="C:\Projekty\NUnitTestProject\bin\Debug\netcoreapp3.1\NUnitTestProject.dll" adapterTypeName="executor://nunit3testexecutor/" className="NUnitTestProject.CurrencyHelperTests" name="FormatToStringTest1000(10397.404523554447d,&quot;10397.40 zł&quot;)" />
    </UnitTest>
    <UnitTest name="FormatToStringTest1000(6890.028458985514d,&quot;6890.03 zł&quot;)" storage="c:\projekty\nunittestproject\bin\debug\netcoreapp3.1\nunittestproject.dll" id="1476985a-ce79-252c-fc82-6cfb05e64152">
      <Execution id="ead1c763-28cf-4a30-bd16-06cfeaf72b1e" />
      <TestMethod codeBase="C:\Projekty\NUnitTestProject\bin\Debug\netcoreapp3.1\NUnitTestProject.dll" adapterTypeName="executor://nunit3testexecutor/" className="NUnitTestProject.CurrencyHelperTests" name="FormatToStringTest1000(6890.028458985514d,&quot;6890.03 zł&quot;)" />
    </UnitTest>
    <UnitTest name="FormatToStringTest1000(65204.90483536055d,&quot;65204.90 zł&quot;)" storage="c:\projekty\nunittestproject\bin\debug\netcoreapp3.1\nunittestproject.dll" id="04eed3c3-572e-20dc-ebe7-5f007fb379ab">
      <Execution id="918f9955-0ae3-4f15-b924-c270bf6a10d7" />
      <TestMethod codeBase="C:\Projekty\NUnitTestProject\bin\Debug\netcoreapp3.1\NUnitTestProject.dll" adapterTypeName="executor://nunit3testexecutor/" className="NUnitTestProject.CurrencyHelperTests" name="FormatToStringTest1000(65204.90483536055d,&quot;65204.90 zł&quot;)" />
    </UnitTest>
    <UnitTest name="FormatToStringTest1000(14910.573044539697d,&quot;14910.57 zł&quot;)" storage="c:\projekty\nunittestproject\bin\debug\netcoreapp3.1\nunittestproject.dll" id="cb302138-e270-3017-57fb-1fe538b37f25">
      <Execution id="fb817421-c602-43dc-8c5f-a90aa60495ce" />
      <TestMethod codeBase="C:\Projekty\NUnitTestProject\bin\Debug\netcoreapp3.1\NUnitTestProject.dll" adapterTypeName="executor://nunit3testexecutor/" className="NUnitTestProject.CurrencyHelperTests" name="FormatToStringTest1000(14910.573044539697d,&quot;14910.57 zł&quot;)" />
    </UnitTest>
    <UnitTest name="FormatToStringTest1000(17953.338243749615d,&quot;17953.34 zł&quot;)" storage="c:\projekty\nunittestproject\bin\debug\netcoreapp3.1\nunittestproject.dll" id="6700c77f-a72c-833c-b2d9-a0d02a9534be">
      <Execution id="4ffb2878-dc72-4d2e-9905-f3070761d9df" />
      <TestMethod codeBase="C:\Projekty\NUnitTestProject\bin\Debug\netcoreapp3.1\NUnitTestProject.dll" adapterTypeName="executor://nunit3testexecutor/" className="NUnitTestProject.CurrencyHelperTests" name="FormatToStringTest1000(17953.338243749615d,&quot;17953.34 zł&quot;)" />
    </UnitTest>
    <UnitTest name="FormatToStringTest1000(35714.78133482243d,&quot;35714.78 zł&quot;)" storage="c:\projekty\nunittestproject\bin\debug\netcoreapp3.1\nunittestproject.dll" id="e3333616-70b0-385e-063b-ec83b99dd0ba">
      <Execution id="8405abf4-3645-4464-b195-7624106f1195" />
      <TestMethod codeBase="C:\Projekty\NUnitTestProject\bin\Debug\netcoreapp3.1\NUnitTestProject.dll" adapterTypeName="executor://nunit3testexecutor/" className="NUnitTestProject.CurrencyHelperTests" name="FormatToStringTest1000(35714.78133482243d,&quot;35714.78 zł&quot;)" />
    </UnitTest>
    <UnitTest name="FormatToStringTest1000(38845.74924104323d,&quot;38845.75 zł&quot;)" storage="c:\projekty\nunittestproject\bin\debug\netcoreapp3.1\nunittestproject.dll" id="5fa0a4c4-15f2-a193-6e7e-18d36636da1f">
      <Execution id="b3445366-6a6a-439a-9114-61c133de7a04" />
      <TestMethod codeBase="C:\Projekty\NUnitTestProject\bin\Debug\netcoreapp3.1\NUnitTestProject.dll" adapterTypeName="executor://nunit3testexecutor/" className="NUnitTestProject.CurrencyHelperTests" name="FormatToStringTest1000(38845.74924104323d,&quot;38845.75 zł&quot;)" />
    </UnitTest>
    <UnitTest name="FormatToStringTest1000(10775.728533390784d,&quot;10775.73 zł&quot;)" storage="c:\projekty\nunittestproject\bin\debug\netcoreapp3.1\nunittestproject.dll" id="0229b587-f980-d1c2-d94e-8ed98bc221a6">
      <Execution id="708b0d37-5d4d-4fcb-a47e-d787ca90e85c" />
      <TestMethod codeBase="C:\Projekty\NUnitTestProject\bin\Debug\netcoreapp3.1\NUnitTestProject.dll" adapterTypeName="executor://nunit3testexecutor/" className="NUnitTestProject.CurrencyHelperTests" name="FormatToStringTest1000(10775.728533390784d,&quot;10775.73 zł&quot;)" />
    </UnitTest>
    <UnitTest name="FormatToStringTest1000(18023.78504577455d,&quot;18023.79 zł&quot;)" storage="c:\projekty\nunittestproject\bin\debug\netcoreapp3.1\nunittestproject.dll" id="e2ca2857-33e4-4daa-d2e9-09d09dfdba1f">
      <Execution id="7fcc32fd-698e-4ae7-ad63-02231b107822" />
      <TestMethod codeBase="C:\Projekty\NUnitTestProject\bin\Debug\netcoreapp3.1\NUnitTestProject.dll" adapterTypeName="executor://nunit3testexecutor/" className="NUnitTestProject.CurrencyHelperTests" name="FormatToStringTest1000(18023.78504577455d,&quot;18023.79 zł&quot;)" />
    </UnitTest>
    <UnitTest name="FormatToStringTest1000(35967.54466809684d,&quot;35967.54 zł&quot;)" storage="c:\projekty\nunittestproject\bin\debug\netcoreapp3.1\nunittestproject.dll" id="a4d82a7a-0101-77be-aadf-7ad891442135">
      <Execution id="5fb8a874-0ce4-4538-9f44-55048b5845ee" />
      <TestMethod codeBase="C:\Projekty\NUnitTestProject\bin\Debug\netcoreapp3.1\NUnitTestProject.dll" adapterTypeName="executor://nunit3testexecutor/" className="NUnitTestProject.CurrencyHelperTests" name="FormatToStringTest1000(35967.54466809684d,&quot;35967.54 zł&quot;)" />
    </UnitTest>
    <UnitTest name="FormatToStringTest1000(35784.54232617307d,&quot;35784.54 zł&quot;)" storage="c:\projekty\nunittestproject\bin\debug\netcoreapp3.1\nunittestproject.dll" id="e0c95d42-cf00-fbc7-42ac-a320fc125b1e">
      <Execution id="a7e93590-d16a-4053-a3db-5216b370babe" />
      <TestMethod codeBase="C:\Projekty\NUnitTestProject\bin\Debug\netcoreapp3.1\NUnitTestProject.dll" adapterTypeName="executor://nunit3testexecutor/" className="NUnitTestProject.CurrencyHelperTests" name="FormatToStringTest1000(35784.54232617307d,&quot;35784.54 zł&quot;)" />
    </UnitTest>
    <UnitTest name="FormatToStringTest1000(14198.39903067723d,&quot;14198.40 zł&quot;)" storage="c:\projekty\nunittestproject\bin\debug\netcoreapp3.1\nunittestproject.dll" id="32b6919d-1fc0-c669-26d4-2a969f5a55fe">
      <Execution id="2c911eaf-681f-4f91-9755-da0332414019" />
      <TestMethod codeBase="C:\Projekty\NUnitTestProject\bin\Debug\netcoreapp3.1\NUnitTestProject.dll" adapterTypeName="executor://nunit3testexecutor/" className="NUnitTestProject.CurrencyHelperTests" name="FormatToStringTest1000(14198.39903067723d,&quot;14198.40 zł&quot;)" />
    </UnitTest>
    <UnitTest name="FormatToStringTest1000(64568.131500027666d,&quot;64568.13 zł&quot;)" storage="c:\projekty\nunittestproject\bin\debug\netcoreapp3.1\nunittestproject.dll" id="29ce62dc-57a0-98b0-2349-436efa39dc09">
      <Execution id="ab8b976e-3784-4298-900e-10a95e3caf0a" />
      <TestMethod codeBase="C:\Projekty\NUnitTestProject\bin\Debug\netcoreapp3.1\NUnitTestProject.dll" adapterTypeName="executor://nunit3testexecutor/" className="NUnitTestProject.CurrencyHelperTests" name="FormatToStringTest1000(64568.131500027666d,&quot;64568.13 zł&quot;)" />
    </UnitTest>
    <UnitTest name="FormatToStringTest1000(37387.37521261972d,&quot;37387.38 zł&quot;)" storage="c:\projekty\nunittestproject\bin\debug\netcoreapp3.1\nunittestproject.dll" id="0f34bf53-f1cd-8615-6e75-51f26224ccf1">
      <Execution id="6cc3190e-4bda-43a3-86c9-2a1b52e56ccd" />
      <TestMethod codeBase="C:\Projekty\NUnitTestProject\bin\Debug\netcoreapp3.1\NUnitTestProject.dll" adapterTypeName="executor://nunit3testexecutor/" className="NUnitTestProject.CurrencyHelperTests" name="FormatToStringTest1000(37387.37521261972d,&quot;37387.38 zł&quot;)" />
    </UnitTest>
    <UnitTest name="FormatToStringTest1000(72905.64834432845d,&quot;72905.65 zł&quot;)" storage="c:\projekty\nunittestproject\bin\debug\netcoreapp3.1\nunittestproject.dll" id="546fc2ea-9df5-50bd-d263-31b0a2faf8aa">
      <Execution id="dc45af51-7625-406d-897e-0914e8d7dbe5" />
      <TestMethod codeBase="C:\Projekty\NUnitTestProject\bin\Debug\netcoreapp3.1\NUnitTestProject.dll" adapterTypeName="executor://nunit3testexecutor/" className="NUnitTestProject.CurrencyHelperTests" name="FormatToStringTest1000(72905.64834432845d,&quot;72905.65 zł&quot;)" />
    </UnitTest>
    <UnitTest name="FormatToStringTest1000(7191.024921368353d,&quot;7191.02 zł&quot;)" storage="c:\projekty\nunittestproject\bin\debug\netcoreapp3.1\nunittestproject.dll" id="57f59a31-3f22-a5b8-69d7-45e7719f3ea1">
      <Execution id="98139ce2-9537-4c2e-ba68-85013233edc6" />
      <TestMethod codeBase="C:\Projekty\NUnitTestProject\bin\Debug\netcoreapp3.1\NUnitTestProject.dll" adapterTypeName="executor://nunit3testexecutor/" className="NUnitTestProject.CurrencyHelperTests" name="FormatToStringTest1000(7191.024921368353d,&quot;7191.02 zł&quot;)" />
    </UnitTest>
    <UnitTest name="FormatToStringTest1000(6262.373413993219d,&quot;6262.37 zł&quot;)" storage="c:\projekty\nunittestproject\bin\debug\netcoreapp3.1\nunittestproject.dll" id="2287085c-f0e1-b4ec-fa14-c4512658a9fe">
      <Execution id="9f0d5172-9087-4113-9c95-2b83021b121f" />
      <TestMethod codeBase="C:\Projekty\NUnitTestProject\bin\Debug\netcoreapp3.1\NUnitTestProject.dll" adapterTypeName="executor://nunit3testexecutor/" className="NUnitTestProject.CurrencyHelperTests" name="FormatToStringTest1000(6262.373413993219d,&quot;6262.37 zł&quot;)" />
    </UnitTest>
    <UnitTest name="FormatToStringTest1000(5591.2222540617095d,&quot;5591.22 zł&quot;)" storage="c:\projekty\nunittestproject\bin\debug\netcoreapp3.1\nunittestproject.dll" id="4dcd9f65-678f-d51c-9e07-bf80dcaf54a4">
      <Execution id="22d0e190-cf0e-4125-acd7-9590cbd0482b" />
      <TestMethod codeBase="C:\Projekty\NUnitTestProject\bin\Debug\netcoreapp3.1\NUnitTestProject.dll" adapterTypeName="executor://nunit3testexecutor/" className="NUnitTestProject.CurrencyHelperTests" name="FormatToStringTest1000(5591.2222540617095d,&quot;5591.22 zł&quot;)" />
    </UnitTest>
    <UnitTest name="FormatToStringTest1000(31290.71396233687d,&quot;31290.71 zł&quot;)" storage="c:\projekty\nunittestproject\bin\debug\netcoreapp3.1\nunittestproject.dll" id="80343684-0ab4-f75e-30e6-62b08568fe03">
      <Execution id="368d6866-3e2d-4b7c-af23-38b460c5735f" />
      <TestMethod codeBase="C:\Projekty\NUnitTestProject\bin\Debug\netcoreapp3.1\NUnitTestProject.dll" adapterTypeName="executor://nunit3testexecutor/" className="NUnitTestProject.CurrencyHelperTests" name="FormatToStringTest1000(31290.71396233687d,&quot;31290.71 zł&quot;)" />
    </UnitTest>
    <UnitTest name="FormatToStringTest1000(76536.95853396178d,&quot;76536.96 zł&quot;)" storage="c:\projekty\nunittestproject\bin\debug\netcoreapp3.1\nunittestproject.dll" id="94072497-fa43-aca0-8f05-792ac28d0627">
      <Execution id="650e1a81-f704-4fb7-a0bb-65e2f295fe7b" />
      <TestMethod codeBase="C:\Projekty\NUnitTestProject\bin\Debug\netcoreapp3.1\NUnitTestProject.dll" adapterTypeName="executor://nunit3testexecutor/" className="NUnitTestProject.CurrencyHelperTests" name="FormatToStringTest1000(76536.95853396178d,&quot;76536.96 zł&quot;)" />
    </UnitTest>
    <UnitTest name="FormatToStringTest1000(801.5720517614726d,&quot;801.57 zł&quot;)" storage="c:\projekty\nunittestproject\bin\debug\netcoreapp3.1\nunittestproject.dll" id="6a5dc4fe-eaa1-ef57-2e33-6170c4a0ea22">
      <Execution id="c8227b5e-fddb-4d20-99b2-d6fdacdb1856" />
      <TestMethod codeBase="C:\Projekty\NUnitTestProject\bin\Debug\netcoreapp3.1\NUnitTestProject.dll" adapterTypeName="executor://nunit3testexecutor/" className="NUnitTestProject.CurrencyHelperTests" name="FormatToStringTest1000(801.5720517614726d,&quot;801.57 zł&quot;)" />
    </UnitTest>
    <UnitTest name="FormatToStringTest1000(53192.79032742269d,&quot;53192.79 zł&quot;)" storage="c:\projekty\nunittestproject\bin\debug\netcoreapp3.1\nunittestproject.dll" id="860765f6-59d4-c798-166f-19857f828734">
      <Execution id="9ab271db-ecd8-4bdd-b4d1-aca49b65d19d" />
      <TestMethod codeBase="C:\Projekty\NUnitTestProject\bin\Debug\netcoreapp3.1\NUnitTestProject.dll" adapterTypeName="executor://nunit3testexecutor/" className="NUnitTestProject.CurrencyHelperTests" name="FormatToStringTest1000(53192.79032742269d,&quot;53192.79 zł&quot;)" />
    </UnitTest>
    <UnitTest name="FormatToStringTest1000(5759.256266560991d,&quot;5759.26 zł&quot;)" storage="c:\projekty\nunittestproject\bin\debug\netcoreapp3.1\nunittestproject.dll" id="6b24d61a-9019-1031-1c97-d03508d4eb29">
      <Execution id="7fcb48fc-793a-4cec-8693-b42810ddada5" />
      <TestMethod codeBase="C:\Projekty\NUnitTestProject\bin\Debug\netcoreapp3.1\NUnitTestProject.dll" adapterTypeName="executor://nunit3testexecutor/" className="NUnitTestProject.CurrencyHelperTests" name="FormatToStringTest1000(5759.256266560991d,&quot;5759.26 zł&quot;)" />
    </UnitTest>
    <UnitTest name="FormatToStringTest1000(8644.187977380207d,&quot;8644.19 zł&quot;)" storage="c:\projekty\nunittestproject\bin\debug\netcoreapp3.1\nunittestproject.dll" id="bbb038e9-9a9b-9724-0ae6-d339784c9041">
      <Execution id="f697c5ec-31db-4138-bc1c-51753816185b" />
      <TestMethod codeBase="C:\Projekty\NUnitTestProject\bin\Debug\netcoreapp3.1\NUnitTestProject.dll" adapterTypeName="executor://nunit3testexecutor/" className="NUnitTestProject.CurrencyHelperTests" name="FormatToStringTest1000(8644.187977380207d,&quot;8644.19 zł&quot;)" />
    </UnitTest>
    <UnitTest name="FormatToStringTest1000(4592.278577496428d,&quot;4592.28 zł&quot;)" storage="c:\projekty\nunittestproject\bin\debug\netcoreapp3.1\nunittestproject.dll" id="910d4b99-463d-e8f2-2603-a8f7093fc7cf">
      <Execution id="6c292ad7-22d3-42b0-a52d-6e250ee27915" />
      <TestMethod codeBase="C:\Projekty\NUnitTestProject\bin\Debug\netcoreapp3.1\NUnitTestProject.dll" adapterTypeName="executor://nunit3testexecutor/" className="NUnitTestProject.CurrencyHelperTests" name="FormatToStringTest1000(4592.278577496428d,&quot;4592.28 zł&quot;)" />
    </UnitTest>
    <UnitTest name="FormatToStringTest1000(39146.635743126564d,&quot;39146.64 zł&quot;)" storage="c:\projekty\nunittestproject\bin\debug\netcoreapp3.1\nunittestproject.dll" id="d9e9b57c-4387-840e-e497-cce329a0c03e">
      <Execution id="fb591bf9-a311-4a12-808c-593e0f16e7f3" />
      <TestMethod codeBase="C:\Projekty\NUnitTestProject\bin\Debug\netcoreapp3.1\NUnitTestProject.dll" adapterTypeName="executor://nunit3testexecutor/" className="NUnitTestProject.CurrencyHelperTests" name="FormatToStringTest1000(39146.635743126564d,&quot;39146.64 zł&quot;)" />
    </UnitTest>
    <UnitTest name="FormatToStringTest1000(45955.903045959254d,&quot;45955.90 zł&quot;)" storage="c:\projekty\nunittestproject\bin\debug\netcoreapp3.1\nunittestproject.dll" id="451fafcd-e358-2a2a-0150-6d7bc1153f41">
      <Execution id="37f54986-589d-4ff9-b297-7ac7c8cfa5df" />
      <TestMethod codeBase="C:\Projekty\NUnitTestProject\bin\Debug\netcoreapp3.1\NUnitTestProject.dll" adapterTypeName="executor://nunit3testexecutor/" className="NUnitTestProject.CurrencyHelperTests" name="FormatToStringTest1000(45955.903045959254d,&quot;45955.90 zł&quot;)" />
    </UnitTest>
    <UnitTest name="FormatToStringTest1000(22678.643495744862d,&quot;22678.64 zł&quot;)" storage="c:\projekty\nunittestproject\bin\debug\netcoreapp3.1\nunittestproject.dll" id="f06d92cb-e236-f7f9-e645-0971359a129a">
      <Execution id="23a8a214-1b69-4359-b0d6-b0c2efeb3917" />
      <TestMethod codeBase="C:\Projekty\NUnitTestProject\bin\Debug\netcoreapp3.1\NUnitTestProject.dll" adapterTypeName="executor://nunit3testexecutor/" className="NUnitTestProject.CurrencyHelperTests" name="FormatToStringTest1000(22678.643495744862d,&quot;22678.64 zł&quot;)" />
    </UnitTest>
    <UnitTest name="FormatToStringTest1000(37954.34384365396d,&quot;37954.34 zł&quot;)" storage="c:\projekty\nunittestproject\bin\debug\netcoreapp3.1\nunittestproject.dll" id="c02eb5c0-31bb-eec0-3d85-1a1ef8849db8">
      <Execution id="b6f63c38-3c37-4090-aaf3-32e2ffcfed9c" />
      <TestMethod codeBase="C:\Projekty\NUnitTestProject\bin\Debug\netcoreapp3.1\NUnitTestProject.dll" adapterTypeName="executor://nunit3testexecutor/" className="NUnitTestProject.CurrencyHelperTests" name="FormatToStringTest1000(37954.34384365396d,&quot;37954.34 zł&quot;)" />
    </UnitTest>
    <UnitTest name="FormatToStringTest1000(44677.61946778074d,&quot;44677.62 zł&quot;)" storage="c:\projekty\nunittestproject\bin\debug\netcoreapp3.1\nunittestproject.dll" id="be4aa60a-fec3-fdce-8c70-46ec82a2fec7">
      <Execution id="a340cd18-95df-4c10-8b43-60c66bb2058d" />
      <TestMethod codeBase="C:\Projekty\NUnitTestProject\bin\Debug\netcoreapp3.1\NUnitTestProject.dll" adapterTypeName="executor://nunit3testexecutor/" className="NUnitTestProject.CurrencyHelperTests" name="FormatToStringTest1000(44677.61946778074d,&quot;44677.62 zł&quot;)" />
    </UnitTest>
    <UnitTest name="FormatToStringTest1000(18340.8953197882d,&quot;18340.90 zł&quot;)" storage="c:\projekty\nunittestproject\bin\debug\netcoreapp3.1\nunittestproject.dll" id="60069e17-108f-01fb-2153-e152b9205025">
      <Execution id="e709060d-2b51-4a20-826b-1a0159616828" />
      <TestMethod codeBase="C:\Projekty\NUnitTestProject\bin\Debug\netcoreapp3.1\NUnitTestProject.dll" adapterTypeName="executor://nunit3testexecutor/" className="NUnitTestProject.CurrencyHelperTests" name="FormatToStringTest1000(18340.8953197882d,&quot;18340.90 zł&quot;)" />
    </UnitTest>
    <UnitTest name="FormatToStringTest1000(62975.496334776515d,&quot;62975.50 zł&quot;)" storage="c:\projekty\nunittestproject\bin\debug\netcoreapp3.1\nunittestproject.dll" id="af9ae316-c7c6-6ac6-11c1-298dd9b256df">
      <Execution id="cbfaaccc-07f1-4840-b801-016797b30d19" />
      <TestMethod codeBase="C:\Projekty\NUnitTestProject\bin\Debug\netcoreapp3.1\NUnitTestProject.dll" adapterTypeName="executor://nunit3testexecutor/" className="NUnitTestProject.CurrencyHelperTests" name="FormatToStringTest1000(62975.496334776515d,&quot;62975.50 zł&quot;)" />
    </UnitTest>
    <UnitTest name="FormatToStringTest1000(16688.70569393677d,&quot;16688.71 zł&quot;)" storage="c:\projekty\nunittestproject\bin\debug\netcoreapp3.1\nunittestproject.dll" id="cb85c450-02e3-5db9-b93c-f905351c1d09">
      <Execution id="ea115423-27d7-4667-b932-3768c6b77645" />
      <TestMethod codeBase="C:\Projekty\NUnitTestProject\bin\Debug\netcoreapp3.1\NUnitTestProject.dll" adapterTypeName="executor://nunit3testexecutor/" className="NUnitTestProject.CurrencyHelperTests" name="FormatToStringTest1000(16688.70569393677d,&quot;16688.71 zł&quot;)" />
    </UnitTest>
    <UnitTest name="FormatToStringTest1000(75987.03378503352d,&quot;75987.03 zł&quot;)" storage="c:\projekty\nunittestproject\bin\debug\netcoreapp3.1\nunittestproject.dll" id="85025e54-3d28-2e1a-ba9d-a38988743c83">
      <Execution id="2604fa9b-a077-4bc0-b8e2-700cb547f77d" />
      <TestMethod codeBase="C:\Projekty\NUnitTestProject\bin\Debug\netcoreapp3.1\NUnitTestProject.dll" adapterTypeName="executor://nunit3testexecutor/" className="NUnitTestProject.CurrencyHelperTests" name="FormatToStringTest1000(75987.03378503352d,&quot;75987.03 zł&quot;)" />
    </UnitTest>
    <UnitTest name="FormatToStringTest1000(7182.939759099362d,&quot;7182.94 zł&quot;)" storage="c:\projekty\nunittestproject\bin\debug\netcoreapp3.1\nunittestproject.dll" id="092c2603-fe15-2655-d7c6-015786763712">
      <Execution id="d85125cb-0e84-4bf2-8769-1b0ad3c51d15" />
      <TestMethod codeBase="C:\Projekty\NUnitTestProject\bin\Debug\netcoreapp3.1\NUnitTestProject.dll" adapterTypeName="executor://nunit3testexecutor/" className="NUnitTestProject.CurrencyHelperTests" name="FormatToStringTest1000(7182.939759099362d,&quot;7182.94 zł&quot;)" />
    </UnitTest>
    <UnitTest name="FormatToStringTest1000(12283.48626129026d,&quot;12283.49 zł&quot;)" storage="c:\projekty\nunittestproject\bin\debug\netcoreapp3.1\nunittestproject.dll" id="47ec5c64-268b-824f-d637-17f43470b17c">
      <Execution id="b383956d-70cc-4946-8c32-0c4c1db1bb0c" />
      <TestMethod codeBase="C:\Projekty\NUnitTestProject\bin\Debug\netcoreapp3.1\NUnitTestProject.dll" adapterTypeName="executor://nunit3testexecutor/" className="NUnitTestProject.CurrencyHelperTests" name="FormatToStringTest1000(12283.48626129026d,&quot;12283.49 zł&quot;)" />
    </UnitTest>
    <UnitTest name="FormatToStringTest1000(58902.704109088845d,&quot;58902.70 zł&quot;)" storage="c:\projekty\nunittestproject\bin\debug\netcoreapp3.1\nunittestproject.dll" id="d6353a5c-aebf-48c3-7e68-77f3a0ea8301">
      <Execution id="b8c9fec1-a910-46bf-a898-4c24cd3b9e24" />
      <TestMethod codeBase="C:\Projekty\NUnitTestProject\bin\Debug\netcoreapp3.1\NUnitTestProject.dll" adapterTypeName="executor://nunit3testexecutor/" className="NUnitTestProject.CurrencyHelperTests" name="FormatToStringTest1000(58902.704109088845d,&quot;58902.70 zł&quot;)" />
    </UnitTest>
    <UnitTest name="FormatToStringTest1000(13197.65136269417d,&quot;13197.65 zł&quot;)" storage="c:\projekty\nunittestproject\bin\debug\netcoreapp3.1\nunittestproject.dll" id="fbe41254-a5bc-bdde-4d71-8c5eb07a0fb3">
      <Execution id="f7bd0fbd-7e56-487d-a871-a65365a38a76" />
      <TestMethod codeBase="C:\Projekty\NUnitTestProject\bin\Debug\netcoreapp3.1\NUnitTestProject.dll" adapterTypeName="executor://nunit3testexecutor/" className="NUnitTestProject.CurrencyHelperTests" name="FormatToStringTest1000(13197.65136269417d,&quot;13197.65 zł&quot;)" />
    </UnitTest>
    <UnitTest name="FormatToStringTest1000(26220.382477706476d,&quot;26220.38 zł&quot;)" storage="c:\projekty\nunittestproject\bin\debug\netcoreapp3.1\nunittestproject.dll" id="b54d2807-218d-96e0-fe0e-06e67796eaa7">
      <Execution id="2d851d66-775f-4bfa-bd17-a4ee85244d20" />
      <TestMethod codeBase="C:\Projekty\NUnitTestProject\bin\Debug\netcoreapp3.1\NUnitTestProject.dll" adapterTypeName="executor://nunit3testexecutor/" className="NUnitTestProject.CurrencyHelperTests" name="FormatToStringTest1000(26220.382477706476d,&quot;26220.38 zł&quot;)" />
    </UnitTest>
    <UnitTest name="FormatToStringTest1000(7592.950837113406d,&quot;7592.95 zł&quot;)" storage="c:\projekty\nunittestproject\bin\debug\netcoreapp3.1\nunittestproject.dll" id="21f5ba92-f354-bb76-94e2-2214000ea5b9">
      <Execution id="903280ac-0ecf-434a-a6f0-0bad60e14e31" />
      <TestMethod codeBase="C:\Projekty\NUnitTestProject\bin\Debug\netcoreapp3.1\NUnitTestProject.dll" adapterTypeName="executor://nunit3testexecutor/" className="NUnitTestProject.CurrencyHelperTests" name="FormatToStringTest1000(7592.950837113406d,&quot;7592.95 zł&quot;)" />
    </UnitTest>
    <UnitTest name="FormatToStringTest1000(46391.661094229516d,&quot;46391.66 zł&quot;)" storage="c:\projekty\nunittestproject\bin\debug\netcoreapp3.1\nunittestproject.dll" id="752f584a-0205-5811-1575-29e94681480b">
      <Execution id="65fd1b8f-1b9d-44f4-a936-b3bdcd464381" />
      <TestMethod codeBase="C:\Projekty\NUnitTestProject\bin\Debug\netcoreapp3.1\NUnitTestProject.dll" adapterTypeName="executor://nunit3testexecutor/" className="NUnitTestProject.CurrencyHelperTests" name="FormatToStringTest1000(46391.661094229516d,&quot;46391.66 zł&quot;)" />
    </UnitTest>
    <UnitTest name="FormatToStringTest1000(38961.459057294516d,&quot;38961.46 zł&quot;)" storage="c:\projekty\nunittestproject\bin\debug\netcoreapp3.1\nunittestproject.dll" id="e4a60893-7e5b-dc4d-fd91-d28f1c9b83a3">
      <Execution id="c64ce059-11c6-47b5-be3b-dd59c2dd09b0" />
      <TestMethod codeBase="C:\Projekty\NUnitTestProject\bin\Debug\netcoreapp3.1\NUnitTestProject.dll" adapterTypeName="executor://nunit3testexecutor/" className="NUnitTestProject.CurrencyHelperTests" name="FormatToStringTest1000(38961.459057294516d,&quot;38961.46 zł&quot;)" />
    </UnitTest>
    <UnitTest name="FormatToStringTest1000(56373.35086238494d,&quot;56373.35 zł&quot;)" storage="c:\projekty\nunittestproject\bin\debug\netcoreapp3.1\nunittestproject.dll" id="9c484d5b-265a-2c6e-537b-f37cd91a7473">
      <Execution id="958fb9f1-07ca-4d58-a86c-f1e316bba603" />
      <TestMethod codeBase="C:\Projekty\NUnitTestProject\bin\Debug\netcoreapp3.1\NUnitTestProject.dll" adapterTypeName="executor://nunit3testexecutor/" className="NUnitTestProject.CurrencyHelperTests" name="FormatToStringTest1000(56373.35086238494d,&quot;56373.35 zł&quot;)" />
    </UnitTest>
    <UnitTest name="FormatToStringTest1000(70581.91150977784d,&quot;70581.91 zł&quot;)" storage="c:\projekty\nunittestproject\bin\debug\netcoreapp3.1\nunittestproject.dll" id="8d4b1df1-395e-a801-f732-9563464d225f">
      <Execution id="1e93f5bd-aae2-4033-b8e9-82f7bf14f244" />
      <TestMethod codeBase="C:\Projekty\NUnitTestProject\bin\Debug\netcoreapp3.1\NUnitTestProject.dll" adapterTypeName="executor://nunit3testexecutor/" className="NUnitTestProject.CurrencyHelperTests" name="FormatToStringTest1000(70581.91150977784d,&quot;70581.91 zł&quot;)" />
    </UnitTest>
    <UnitTest name="FormatToStringTest1000(13027.93935961739d,&quot;13027.94 zł&quot;)" storage="c:\projekty\nunittestproject\bin\debug\netcoreapp3.1\nunittestproject.dll" id="0e73995d-338f-84a3-7662-4ba2ece68a21">
      <Execution id="c5a205f8-7b3b-4caa-8345-d23ca79f96c4" />
      <TestMethod codeBase="C:\Projekty\NUnitTestProject\bin\Debug\netcoreapp3.1\NUnitTestProject.dll" adapterTypeName="executor://nunit3testexecutor/" className="NUnitTestProject.CurrencyHelperTests" name="FormatToStringTest1000(13027.93935961739d,&quot;13027.94 zł&quot;)" />
    </UnitTest>
    <UnitTest name="FormatToStringTest1000(63427.55325689332d,&quot;63427.55 zł&quot;)" storage="c:\projekty\nunittestproject\bin\debug\netcoreapp3.1\nunittestproject.dll" id="29658493-3081-01dd-eb7c-6d0a97eef1f2">
      <Execution id="18894ebb-09f4-4e4b-8318-f56a2866dcef" />
      <TestMethod codeBase="C:\Projekty\NUnitTestProject\bin\Debug\netcoreapp3.1\NUnitTestProject.dll" adapterTypeName="executor://nunit3testexecutor/" className="NUnitTestProject.CurrencyHelperTests" name="FormatToStringTest1000(63427.55325689332d,&quot;63427.55 zł&quot;)" />
    </UnitTest>
    <UnitTest name="FormatToStringTest1000(26015.8311952552d,&quot;26015.83 zł&quot;)" storage="c:\projekty\nunittestproject\bin\debug\netcoreapp3.1\nunittestproject.dll" id="8d9adc97-9f99-5fc5-0cdb-932a51aaf028">
      <Execution id="9e0afedf-cb86-4987-ae49-7275f087027f" />
      <TestMethod codeBase="C:\Projekty\NUnitTestProject\bin\Debug\netcoreapp3.1\NUnitTestProject.dll" adapterTypeName="executor://nunit3testexecutor/" className="NUnitTestProject.CurrencyHelperTests" name="FormatToStringTest1000(26015.8311952552d,&quot;26015.83 zł&quot;)" />
    </UnitTest>
    <UnitTest name="FormatToStringTest1000(11904.111251175456d,&quot;11904.11 zł&quot;)" storage="c:\projekty\nunittestproject\bin\debug\netcoreapp3.1\nunittestproject.dll" id="8f06716c-c7ff-1247-d243-6eeb705848f7">
      <Execution id="20a53586-1add-4cfe-a92a-c8d365a30379" />
      <TestMethod codeBase="C:\Projekty\NUnitTestProject\bin\Debug\netcoreapp3.1\NUnitTestProject.dll" adapterTypeName="executor://nunit3testexecutor/" className="NUnitTestProject.CurrencyHelperTests" name="FormatToStringTest1000(11904.111251175456d,&quot;11904.11 zł&quot;)" />
    </UnitTest>
    <UnitTest name="FormatToStringTest1000(8542.520616738833d,&quot;8542.52 zł&quot;)" storage="c:\projekty\nunittestproject\bin\debug\netcoreapp3.1\nunittestproject.dll" id="6b324d3b-5796-c056-8636-0eb49b18ead5">
      <Execution id="4425db1e-9cd8-4d2c-bbe0-0d91d338f1a3" />
      <TestMethod codeBase="C:\Projekty\NUnitTestProject\bin\Debug\netcoreapp3.1\NUnitTestProject.dll" adapterTypeName="executor://nunit3testexecutor/" className="NUnitTestProject.CurrencyHelperTests" name="FormatToStringTest1000(8542.520616738833d,&quot;8542.52 zł&quot;)" />
    </UnitTest>
    <UnitTest name="FormatToStringTest1000(782.6578288817116d,&quot;782.66 zł&quot;)" storage="c:\projekty\nunittestproject\bin\debug\netcoreapp3.1\nunittestproject.dll" id="3c694193-6244-2822-1520-285efe4d3761">
      <Execution id="9798cda2-6515-4572-81c9-372fd6233cd6" />
      <TestMethod codeBase="C:\Projekty\NUnitTestProject\bin\Debug\netcoreapp3.1\NUnitTestProject.dll" adapterTypeName="executor://nunit3testexecutor/" className="NUnitTestProject.CurrencyHelperTests" name="FormatToStringTest1000(782.6578288817116d,&quot;782.66 zł&quot;)" />
    </UnitTest>
    <UnitTest name="FormatToStringTest1000(7124.979180760672d,&quot;7124.98 zł&quot;)" storage="c:\projekty\nunittestproject\bin\debug\netcoreapp3.1\nunittestproject.dll" id="0edcab43-1e4a-6ea7-7c7b-b02803f7c8b9">
      <Execution id="3f2221f4-5c9b-4e87-a963-9fe31ec15b8d" />
      <TestMethod codeBase="C:\Projekty\NUnitTestProject\bin\Debug\netcoreapp3.1\NUnitTestProject.dll" adapterTypeName="executor://nunit3testexecutor/" className="NUnitTestProject.CurrencyHelperTests" name="FormatToStringTest1000(7124.979180760672d,&quot;7124.98 zł&quot;)" />
    </UnitTest>
    <UnitTest name="FormatToStringTest1000(13286.856387228174d,&quot;13286.86 zł&quot;)" storage="c:\projekty\nunittestproject\bin\debug\netcoreapp3.1\nunittestproject.dll" id="9a621664-b485-1b19-02d4-7ca92799a60b">
      <Execution id="c13902d8-924c-4306-8eca-e54cfb5be28f" />
      <TestMethod codeBase="C:\Projekty\NUnitTestProject\bin\Debug\netcoreapp3.1\NUnitTestProject.dll" adapterTypeName="executor://nunit3testexecutor/" className="NUnitTestProject.CurrencyHelperTests" name="FormatToStringTest1000(13286.856387228174d,&quot;13286.86 zł&quot;)" />
    </UnitTest>
    <UnitTest name="FormatToStringTest1000(37614.50159416278d,&quot;37614.50 zł&quot;)" storage="c:\projekty\nunittestproject\bin\debug\netcoreapp3.1\nunittestproject.dll" id="d70b3095-42f0-132e-cf11-a2a412d875fc">
      <Execution id="35f0a03b-30c3-472b-98f2-151f4ed41550" />
      <TestMethod codeBase="C:\Projekty\NUnitTestProject\bin\Debug\netcoreapp3.1\NUnitTestProject.dll" adapterTypeName="executor://nunit3testexecutor/" className="NUnitTestProject.CurrencyHelperTests" name="FormatToStringTest1000(37614.50159416278d,&quot;37614.50 zł&quot;)" />
    </UnitTest>
    <UnitTest name="FormatToStringTest1000(9603.199987620208d,&quot;9603.20 zł&quot;)" storage="c:\projekty\nunittestproject\bin\debug\netcoreapp3.1\nunittestproject.dll" id="a6da1f0c-9d53-8f1b-60d6-c520ee89e7a7">
      <Execution id="1f01556d-cd64-4727-87c0-5a83176d3fa4" />
      <TestMethod codeBase="C:\Projekty\NUnitTestProject\bin\Debug\netcoreapp3.1\NUnitTestProject.dll" adapterTypeName="executor://nunit3testexecutor/" className="NUnitTestProject.CurrencyHelperTests" name="FormatToStringTest1000(9603.199987620208d,&quot;9603.20 zł&quot;)" />
    </UnitTest>
    <UnitTest name="FormatToStringTest1000(1669.555150571072d,&quot;1669.56 zł&quot;)" storage="c:\projekty\nunittestproject\bin\debug\netcoreapp3.1\nunittestproject.dll" id="9f2dc98f-6aa2-694c-8819-9ccfd93e4fc8">
      <Execution id="86d41bed-ce1c-41f6-a208-0d028ab16ca2" />
      <TestMethod codeBase="C:\Projekty\NUnitTestProject\bin\Debug\netcoreapp3.1\NUnitTestProject.dll" adapterTypeName="executor://nunit3testexecutor/" className="NUnitTestProject.CurrencyHelperTests" name="FormatToStringTest1000(1669.555150571072d,&quot;1669.56 zł&quot;)" />
    </UnitTest>
    <UnitTest name="FormatToStringTest1000(78519.41691976106d,&quot;78519.42 zł&quot;)" storage="c:\projekty\nunittestproject\bin\debug\netcoreapp3.1\nunittestproject.dll" id="56b49f4b-49b4-988e-f563-d6c88928143d">
      <Execution id="c6f48a96-c4a6-45d5-8047-dee6f3b288b6" />
      <TestMethod codeBase="C:\Projekty\NUnitTestProject\bin\Debug\netcoreapp3.1\NUnitTestProject.dll" adapterTypeName="executor://nunit3testexecutor/" className="NUnitTestProject.CurrencyHelperTests" name="FormatToStringTest1000(78519.41691976106d,&quot;78519.42 zł&quot;)" />
    </UnitTest>
    <UnitTest name="FormatToStringTest1000(95353.10327693219d,&quot;95353.10 zł&quot;)" storage="c:\projekty\nunittestproject\bin\debug\netcoreapp3.1\nunittestproject.dll" id="6a41f5f3-49f1-a289-ed1a-edcf9c86dd3e">
      <Execution id="96a40656-a24b-4c96-9115-5b4c0bd5854f" />
      <TestMethod codeBase="C:\Projekty\NUnitTestProject\bin\Debug\netcoreapp3.1\NUnitTestProject.dll" adapterTypeName="executor://nunit3testexecutor/" className="NUnitTestProject.CurrencyHelperTests" name="FormatToStringTest1000(95353.10327693219d,&quot;95353.10 zł&quot;)" />
    </UnitTest>
    <UnitTest name="FormatToStringTest1000(12370.243090209198d,&quot;12370.24 zł&quot;)" storage="c:\projekty\nunittestproject\bin\debug\netcoreapp3.1\nunittestproject.dll" id="e0081990-e732-207e-ce35-b6f9f879e1b0">
      <Execution id="057eeb0c-25d3-4504-81e8-bcc10c9774f4" />
      <TestMethod codeBase="C:\Projekty\NUnitTestProject\bin\Debug\netcoreapp3.1\NUnitTestProject.dll" adapterTypeName="executor://nunit3testexecutor/" className="NUnitTestProject.CurrencyHelperTests" name="FormatToStringTest1000(12370.243090209198d,&quot;12370.24 zł&quot;)" />
    </UnitTest>
    <UnitTest name="FormatToStringTest1000(45455.14554704127d,&quot;45455.15 zł&quot;)" storage="c:\projekty\nunittestproject\bin\debug\netcoreapp3.1\nunittestproject.dll" id="83a97307-8552-7789-5b14-74a21c8cbcd2">
      <Execution id="fc0311b2-ad7f-4d68-b938-d710e581bedd" />
      <TestMethod codeBase="C:\Projekty\NUnitTestProject\bin\Debug\netcoreapp3.1\NUnitTestProject.dll" adapterTypeName="executor://nunit3testexecutor/" className="NUnitTestProject.CurrencyHelperTests" name="FormatToStringTest1000(45455.14554704127d,&quot;45455.15 zł&quot;)" />
    </UnitTest>
    <UnitTest name="FormatToStringTest1000(13503.943645929892d,&quot;13503.94 zł&quot;)" storage="c:\projekty\nunittestproject\bin\debug\netcoreapp3.1\nunittestproject.dll" id="7d53e131-e454-48a3-7f61-9c807826acb2">
      <Execution id="85f41ab4-df5c-4b6d-bdc9-8a8c7d1dd853" />
      <TestMethod codeBase="C:\Projekty\NUnitTestProject\bin\Debug\netcoreapp3.1\NUnitTestProject.dll" adapterTypeName="executor://nunit3testexecutor/" className="NUnitTestProject.CurrencyHelperTests" name="FormatToStringTest1000(13503.943645929892d,&quot;13503.94 zł&quot;)" />
    </UnitTest>
    <UnitTest name="FormatToStringTest1000(17252.06220983903d,&quot;17252.06 zł&quot;)" storage="c:\projekty\nunittestproject\bin\debug\netcoreapp3.1\nunittestproject.dll" id="bcaccf95-48bd-f1b0-c691-d2f1e6a4e3bd">
      <Execution id="42744c36-0d76-42c7-b8f5-75cd41c93875" />
      <TestMethod codeBase="C:\Projekty\NUnitTestProject\bin\Debug\netcoreapp3.1\NUnitTestProject.dll" adapterTypeName="executor://nunit3testexecutor/" className="NUnitTestProject.CurrencyHelperTests" name="FormatToStringTest1000(17252.06220983903d,&quot;17252.06 zł&quot;)" />
    </UnitTest>
    <UnitTest name="FormatToStringTest1000(1649.0127968480872d,&quot;1649.01 zł&quot;)" storage="c:\projekty\nunittestproject\bin\debug\netcoreapp3.1\nunittestproject.dll" id="5372d0c3-7454-6ed0-3140-c46dbf17af10">
      <Execution id="658eee68-7d04-4dbb-8498-fed837a1a906" />
      <TestMethod codeBase="C:\Projekty\NUnitTestProject\bin\Debug\netcoreapp3.1\NUnitTestProject.dll" adapterTypeName="executor://nunit3testexecutor/" className="NUnitTestProject.CurrencyHelperTests" name="FormatToStringTest1000(1649.0127968480872d,&quot;1649.01 zł&quot;)" />
    </UnitTest>
    <UnitTest name="FormatToStringTest1000(22557.09603308099d,&quot;22557.10 zł&quot;)" storage="c:\projekty\nunittestproject\bin\debug\netcoreapp3.1\nunittestproject.dll" id="80ed38c5-93c8-ab9c-2988-31b35fec47a3">
      <Execution id="8f230e02-e32c-4c5c-b10b-41584fddf086" />
      <TestMethod codeBase="C:\Projekty\NUnitTestProject\bin\Debug\netcoreapp3.1\NUnitTestProject.dll" adapterTypeName="executor://nunit3testexecutor/" className="NUnitTestProject.CurrencyHelperTests" name="FormatToStringTest1000(22557.09603308099d,&quot;22557.10 zł&quot;)" />
    </UnitTest>
    <UnitTest name="FormatToStringTest1000(1952.6955147062872d,&quot;1952.70 zł&quot;)" storage="c:\projekty\nunittestproject\bin\debug\netcoreapp3.1\nunittestproject.dll" id="5189465c-94b9-c0c3-eb6c-9e0dd907b71f">
      <Execution id="27b20ffd-0517-435d-b262-bcfee49c41bd" />
      <TestMethod codeBase="C:\Projekty\NUnitTestProject\bin\Debug\netcoreapp3.1\NUnitTestProject.dll" adapterTypeName="executor://nunit3testexecutor/" className="NUnitTestProject.CurrencyHelperTests" name="FormatToStringTest1000(1952.6955147062872d,&quot;1952.70 zł&quot;)" />
    </UnitTest>
    <UnitTest name="FormatToStringTest1000(32908.76696502639d,&quot;32908.77 zł&quot;)" storage="c:\projekty\nunittestproject\bin\debug\netcoreapp3.1\nunittestproject.dll" id="e2350845-1f3f-6907-3805-d81b5dce3aed">
      <Execution id="d0157ec3-ea95-487e-b399-b4db2024e787" />
      <TestMethod codeBase="C:\Projekty\NUnitTestProject\bin\Debug\netcoreapp3.1\NUnitTestProject.dll" adapterTypeName="executor://nunit3testexecutor/" className="NUnitTestProject.CurrencyHelperTests" name="FormatToStringTest1000(32908.76696502639d,&quot;32908.77 zł&quot;)" />
    </UnitTest>
    <UnitTest name="FormatToStringTest1000(6550.421588937948d,&quot;6550.42 zł&quot;)" storage="c:\projekty\nunittestproject\bin\debug\netcoreapp3.1\nunittestproject.dll" id="c11f5a85-86bf-cab1-9d9a-33069c6ff139">
      <Execution id="e77ca9fc-600b-4640-89d7-5b173029a910" />
      <TestMethod codeBase="C:\Projekty\NUnitTestProject\bin\Debug\netcoreapp3.1\NUnitTestProject.dll" adapterTypeName="executor://nunit3testexecutor/" className="NUnitTestProject.CurrencyHelperTests" name="FormatToStringTest1000(6550.421588937948d,&quot;6550.42 zł&quot;)" />
    </UnitTest>
    <UnitTest name="FormatToStringTest1000(6105.007054037418d,&quot;6105.01 zł&quot;)" storage="c:\projekty\nunittestproject\bin\debug\netcoreapp3.1\nunittestproject.dll" id="024506f9-eb28-1802-65f5-4eafd9fc8776">
      <Execution id="919a70f2-7855-4385-aa76-5e612921a441" />
      <TestMethod codeBase="C:\Projekty\NUnitTestProject\bin\Debug\netcoreapp3.1\NUnitTestProject.dll" adapterTypeName="executor://nunit3testexecutor/" className="NUnitTestProject.CurrencyHelperTests" name="FormatToStringTest1000(6105.007054037418d,&quot;6105.01 zł&quot;)" />
    </UnitTest>
    <UnitTest name="FormatToStringTest1000(35384.637112688106d,&quot;35384.64 zł&quot;)" storage="c:\projekty\nunittestproject\bin\debug\netcoreapp3.1\nunittestproject.dll" id="2d12ad1b-0cfb-a7f2-de41-7d109965ff4a">
      <Execution id="cd82a285-dbff-4570-badb-70f20f218afc" />
      <TestMethod codeBase="C:\Projekty\NUnitTestProject\bin\Debug\netcoreapp3.1\NUnitTestProject.dll" adapterTypeName="executor://nunit3testexecutor/" className="NUnitTestProject.CurrencyHelperTests" name="FormatToStringTest1000(35384.637112688106d,&quot;35384.64 zł&quot;)" />
    </UnitTest>
    <UnitTest name="FormatToStringTest1000(15591.4117417221d,&quot;15591.41 zł&quot;)" storage="c:\projekty\nunittestproject\bin\debug\netcoreapp3.1\nunittestproject.dll" id="e39abc6e-a339-e385-747c-5c151d68fdc6">
      <Execution id="2d4747b2-3a2b-4a7a-9997-9c6ab8617696" />
      <TestMethod codeBase="C:\Projekty\NUnitTestProject\bin\Debug\netcoreapp3.1\NUnitTestProject.dll" adapterTypeName="executor://nunit3testexecutor/" className="NUnitTestProject.CurrencyHelperTests" name="FormatToStringTest1000(15591.4117417221d,&quot;15591.41 zł&quot;)" />
    </UnitTest>
    <UnitTest name="FormatToStringTest1000(6035.818653228608d,&quot;6035.82 zł&quot;)" storage="c:\projekty\nunittestproject\bin\debug\netcoreapp3.1\nunittestproject.dll" id="be59208d-36e7-073c-919d-21490848351c">
      <Execution id="de58ef0f-7e9f-429c-ac68-95a4bea2529d" />
      <TestMethod codeBase="C:\Projekty\NUnitTestProject\bin\Debug\netcoreapp3.1\NUnitTestProject.dll" adapterTypeName="executor://nunit3testexecutor/" className="NUnitTestProject.CurrencyHelperTests" name="FormatToStringTest1000(6035.818653228608d,&quot;6035.82 zł&quot;)" />
    </UnitTest>
    <UnitTest name="FormatToStringTest1000(3043.6828298227315d,&quot;3043.68 zł&quot;)" storage="c:\projekty\nunittestproject\bin\debug\netcoreapp3.1\nunittestproject.dll" id="edd8698a-89a8-0a11-5f44-5d3f526abc13">
      <Execution id="0dbd16be-3a9d-4528-8538-79db4d84d649" />
      <TestMethod codeBase="C:\Projekty\NUnitTestProject\bin\Debug\netcoreapp3.1\NUnitTestProject.dll" adapterTypeName="executor://nunit3testexecutor/" className="NUnitTestProject.CurrencyHelperTests" name="FormatToStringTest1000(3043.6828298227315d,&quot;3043.68 zł&quot;)" />
    </UnitTest>
    <UnitTest name="FormatToStringTest1000(69373.32129976773d,&quot;69373.32 zł&quot;)" storage="c:\projekty\nunittestproject\bin\debug\netcoreapp3.1\nunittestproject.dll" id="6fa66cd3-3174-5023-d80b-ce9981bfadfc">
      <Execution id="6c3e9f69-866b-40a3-883f-e68415338298" />
      <TestMethod codeBase="C:\Projekty\NUnitTestProject\bin\Debug\netcoreapp3.1\NUnitTestProject.dll" adapterTypeName="executor://nunit3testexecutor/" className="NUnitTestProject.CurrencyHelperTests" name="FormatToStringTest1000(69373.32129976773d,&quot;69373.32 zł&quot;)" />
    </UnitTest>
    <UnitTest name="FormatToStringTest1000(21328.29026726507d,&quot;21328.29 zł&quot;)" storage="c:\projekty\nunittestproject\bin\debug\netcoreapp3.1\nunittestproject.dll" id="c6ae4b68-49e1-d669-439e-3d0b7ef0cea4">
      <Execution id="a20c6b51-0b0c-4727-92b8-cf45d4307acd" />
      <TestMethod codeBase="C:\Projekty\NUnitTestProject\bin\Debug\netcoreapp3.1\NUnitTestProject.dll" adapterTypeName="executor://nunit3testexecutor/" className="NUnitTestProject.CurrencyHelperTests" name="FormatToStringTest1000(21328.29026726507d,&quot;21328.29 zł&quot;)" />
    </UnitTest>
    <UnitTest name="FormatToStringTest1000(1884.4923513031063d,&quot;1884.49 zł&quot;)" storage="c:\projekty\nunittestproject\bin\debug\netcoreapp3.1\nunittestproject.dll" id="e8dae4f6-1eb2-866f-8693-bdd69c27bed8">
      <Execution id="7e3d9066-9cdb-4295-939d-47e59a983c54" />
      <TestMethod codeBase="C:\Projekty\NUnitTestProject\bin\Debug\netcoreapp3.1\NUnitTestProject.dll" adapterTypeName="executor://nunit3testexecutor/" className="NUnitTestProject.CurrencyHelperTests" name="FormatToStringTest1000(1884.4923513031063d,&quot;1884.49 zł&quot;)" />
    </UnitTest>
    <UnitTest name="FormatToStringTest1000(7013.601812260971d,&quot;7013.60 zł&quot;)" storage="c:\projekty\nunittestproject\bin\debug\netcoreapp3.1\nunittestproject.dll" id="2fcbb4d5-0c22-d47d-9ea9-6260fb047a7e">
      <Execution id="b43da83a-ea9e-462f-8fca-4947148de50e" />
      <TestMethod codeBase="C:\Projekty\NUnitTestProject\bin\Debug\netcoreapp3.1\NUnitTestProject.dll" adapterTypeName="executor://nunit3testexecutor/" className="NUnitTestProject.CurrencyHelperTests" name="FormatToStringTest1000(7013.601812260971d,&quot;7013.60 zł&quot;)" />
    </UnitTest>
    <UnitTest name="FormatToStringTest1000(28583.827618148098d,&quot;28583.83 zł&quot;)" storage="c:\projekty\nunittestproject\bin\debug\netcoreapp3.1\nunittestproject.dll" id="e6917a9a-a471-dbed-84cc-6e63cf19f9df">
      <Execution id="c0a5337a-dea1-46c8-a854-4cc7a71b70b5" />
      <TestMethod codeBase="C:\Projekty\NUnitTestProject\bin\Debug\netcoreapp3.1\NUnitTestProject.dll" adapterTypeName="executor://nunit3testexecutor/" className="NUnitTestProject.CurrencyHelperTests" name="FormatToStringTest1000(28583.827618148098d,&quot;28583.83 zł&quot;)" />
    </UnitTest>
    <UnitTest name="FormatToStringTest1000(1187.8237780126854d,&quot;1187.82 zł&quot;)" storage="c:\projekty\nunittestproject\bin\debug\netcoreapp3.1\nunittestproject.dll" id="b2a12e1f-5796-ca8b-404b-61553a46fbc5">
      <Execution id="e5a06de5-0bdc-44be-bf78-7b905e8779c9" />
      <TestMethod codeBase="C:\Projekty\NUnitTestProject\bin\Debug\netcoreapp3.1\NUnitTestProject.dll" adapterTypeName="executor://nunit3testexecutor/" className="NUnitTestProject.CurrencyHelperTests" name="FormatToStringTest1000(1187.8237780126854d,&quot;1187.82 zł&quot;)" />
    </UnitTest>
    <UnitTest name="FormatToStringTest1000(54578.37303904275d,&quot;54578.37 zł&quot;)" storage="c:\projekty\nunittestproject\bin\debug\netcoreapp3.1\nunittestproject.dll" id="605c2bc0-4496-0f02-aeff-a229323c4be4">
      <Execution id="35220459-a333-4240-9a54-6a4a09abe018" />
      <TestMethod codeBase="C:\Projekty\NUnitTestProject\bin\Debug\netcoreapp3.1\NUnitTestProject.dll" adapterTypeName="executor://nunit3testexecutor/" className="NUnitTestProject.CurrencyHelperTests" name="FormatToStringTest1000(54578.37303904275d,&quot;54578.37 zł&quot;)" />
    </UnitTest>
    <UnitTest name="FormatToStringTest1000(159.83786031922224d,&quot;159.84 zł&quot;)" storage="c:\projekty\nunittestproject\bin\debug\netcoreapp3.1\nunittestproject.dll" id="4c344495-4967-8a3c-49bd-83047e73dd58">
      <Execution id="d2e72341-6de2-4aff-80ed-561610d2a547" />
      <TestMethod codeBase="C:\Projekty\NUnitTestProject\bin\Debug\netcoreapp3.1\NUnitTestProject.dll" adapterTypeName="executor://nunit3testexecutor/" className="NUnitTestProject.CurrencyHelperTests" name="FormatToStringTest1000(159.83786031922224d,&quot;159.84 zł&quot;)" />
    </UnitTest>
    <UnitTest name="FormatToStringTest1000(79388.929555234d,&quot;79388.93 zł&quot;)" storage="c:\projekty\nunittestproject\bin\debug\netcoreapp3.1\nunittestproject.dll" id="f2705aac-0fab-25bd-44fc-31cfea9f5c9a">
      <Execution id="b864a85e-d76a-4dcf-9bfc-72f87943cdd2" />
      <TestMethod codeBase="C:\Projekty\NUnitTestProject\bin\Debug\netcoreapp3.1\NUnitTestProject.dll" adapterTypeName="executor://nunit3testexecutor/" className="NUnitTestProject.CurrencyHelperTests" name="FormatToStringTest1000(79388.929555234d,&quot;79388.93 zł&quot;)" />
    </UnitTest>
    <UnitTest name="FormatToStringTest1000(40241.790964380736d,&quot;40241.79 zł&quot;)" storage="c:\projekty\nunittestproject\bin\debug\netcoreapp3.1\nunittestproject.dll" id="bf7aea95-4edb-be07-7de0-fdb7b0e337d5">
      <Execution id="9c355138-2505-4582-95fa-eb758078f7cc" />
      <TestMethod codeBase="C:\Projekty\NUnitTestProject\bin\Debug\netcoreapp3.1\NUnitTestProject.dll" adapterTypeName="executor://nunit3testexecutor/" className="NUnitTestProject.CurrencyHelperTests" name="FormatToStringTest1000(40241.790964380736d,&quot;40241.79 zł&quot;)" />
    </UnitTest>
    <UnitTest name="FormatToStringTest1000(37528.70144368368d,&quot;37528.70 zł&quot;)" storage="c:\projekty\nunittestproject\bin\debug\netcoreapp3.1\nunittestproject.dll" id="bc2dc8fc-01b0-0065-79fa-2e41ef829892">
      <Execution id="2a24b2b2-7a2f-4b0b-a338-e01a56c6c14f" />
      <TestMethod codeBase="C:\Projekty\NUnitTestProject\bin\Debug\netcoreapp3.1\NUnitTestProject.dll" adapterTypeName="executor://nunit3testexecutor/" className="NUnitTestProject.CurrencyHelperTests" name="FormatToStringTest1000(37528.70144368368d,&quot;37528.70 zł&quot;)" />
    </UnitTest>
    <UnitTest name="FormatToStringTest1000(51503.82905738234d,&quot;51503.83 zł&quot;)" storage="c:\projekty\nunittestproject\bin\debug\netcoreapp3.1\nunittestproject.dll" id="0ad74e44-881e-9461-7e6f-381a5cc80df0">
      <Execution id="c54e799a-8b6a-43e1-ba98-af3c6ed6fd8e" />
      <TestMethod codeBase="C:\Projekty\NUnitTestProject\bin\Debug\netcoreapp3.1\NUnitTestProject.dll" adapterTypeName="executor://nunit3testexecutor/" className="NUnitTestProject.CurrencyHelperTests" name="FormatToStringTest1000(51503.82905738234d,&quot;51503.83 zł&quot;)" />
    </UnitTest>
    <UnitTest name="FormatToStringTest1000(395.45790295882983d,&quot;395.46 zł&quot;)" storage="c:\projekty\nunittestproject\bin\debug\netcoreapp3.1\nunittestproject.dll" id="069167da-f488-ff65-4a0d-a2797b191242">
      <Execution id="0470fa30-6491-4f68-8176-346dc6a45530" />
      <TestMethod codeBase="C:\Projekty\NUnitTestProject\bin\Debug\netcoreapp3.1\NUnitTestProject.dll" adapterTypeName="executor://nunit3testexecutor/" className="NUnitTestProject.CurrencyHelperTests" name="FormatToStringTest1000(395.45790295882983d,&quot;395.46 zł&quot;)" />
    </UnitTest>
    <UnitTest name="FormatToStringTest1000(28502.61128259758d,&quot;28502.61 zł&quot;)" storage="c:\projekty\nunittestproject\bin\debug\netcoreapp3.1\nunittestproject.dll" id="bf1576c7-03bd-feeb-bbbd-0a36863eaddc">
      <Execution id="22969151-3ef1-4a18-8cac-b7939ebe3b4d" />
      <TestMethod codeBase="C:\Projekty\NUnitTestProject\bin\Debug\netcoreapp3.1\NUnitTestProject.dll" adapterTypeName="executor://nunit3testexecutor/" className="NUnitTestProject.CurrencyHelperTests" name="FormatToStringTest1000(28502.61128259758d,&quot;28502.61 zł&quot;)" />
    </UnitTest>
    <UnitTest name="FormatToStringTest1000(29678.921519093645d,&quot;29678.92 zł&quot;)" storage="c:\projekty\nunittestproject\bin\debug\netcoreapp3.1\nunittestproject.dll" id="37d70f53-ca13-79ab-c67c-fecd55be0876">
      <Execution id="f0ec2ab8-564b-4625-9cde-230aa2c86c0d" />
      <TestMethod codeBase="C:\Projekty\NUnitTestProject\bin\Debug\netcoreapp3.1\NUnitTestProject.dll" adapterTypeName="executor://nunit3testexecutor/" className="NUnitTestProject.CurrencyHelperTests" name="FormatToStringTest1000(29678.921519093645d,&quot;29678.92 zł&quot;)" />
    </UnitTest>
    <UnitTest name="FormatToStringTest1000(30578.687538491416d,&quot;30578.69 zł&quot;)" storage="c:\projekty\nunittestproject\bin\debug\netcoreapp3.1\nunittestproject.dll" id="ae7cb376-4ef2-2742-75ce-61ea6adcde54">
      <Execution id="2d789b7e-0ee4-488f-9788-239ac48c03f1" />
      <TestMethod codeBase="C:\Projekty\NUnitTestProject\bin\Debug\netcoreapp3.1\NUnitTestProject.dll" adapterTypeName="executor://nunit3testexecutor/" className="NUnitTestProject.CurrencyHelperTests" name="FormatToStringTest1000(30578.687538491416d,&quot;30578.69 zł&quot;)" />
    </UnitTest>
    <UnitTest name="FormatToStringTest1000(18596.12661189033d,&quot;18596.13 zł&quot;)" storage="c:\projekty\nunittestproject\bin\debug\netcoreapp3.1\nunittestproject.dll" id="34a0ec2a-ee87-5c68-071f-7bf4fe21828e">
      <Execution id="d9d7814b-cd42-4651-88a2-08b795f670e8" />
      <TestMethod codeBase="C:\Projekty\NUnitTestProject\bin\Debug\netcoreapp3.1\NUnitTestProject.dll" adapterTypeName="executor://nunit3testexecutor/" className="NUnitTestProject.CurrencyHelperTests" name="FormatToStringTest1000(18596.12661189033d,&quot;18596.13 zł&quot;)" />
    </UnitTest>
    <UnitTest name="FormatToStringTest1000(21893.78889296939d,&quot;21893.79 zł&quot;)" storage="c:\projekty\nunittestproject\bin\debug\netcoreapp3.1\nunittestproject.dll" id="ffb7284d-9149-6f2f-e2cd-12399f61de50">
      <Execution id="2466b401-6d92-44d3-bdbd-e9db0e2f3c84" />
      <TestMethod codeBase="C:\Projekty\NUnitTestProject\bin\Debug\netcoreapp3.1\NUnitTestProject.dll" adapterTypeName="executor://nunit3testexecutor/" className="NUnitTestProject.CurrencyHelperTests" name="FormatToStringTest1000(21893.78889296939d,&quot;21893.79 zł&quot;)" />
    </UnitTest>
    <UnitTest name="FormatToStringTest1000(46166.38051381259d,&quot;46166.38 zł&quot;)" storage="c:\projekty\nunittestproject\bin\debug\netcoreapp3.1\nunittestproject.dll" id="6d4f36db-ef1e-952d-7dfb-29f4be4b6ca7">
      <Execution id="7d1d97a9-7c2c-4fc8-9019-7e25df9b76ff" />
      <TestMethod codeBase="C:\Projekty\NUnitTestProject\bin\Debug\netcoreapp3.1\NUnitTestProject.dll" adapterTypeName="executor://nunit3testexecutor/" className="NUnitTestProject.CurrencyHelperTests" name="FormatToStringTest1000(46166.38051381259d,&quot;46166.38 zł&quot;)" />
    </UnitTest>
    <UnitTest name="FormatToStringTest1000(5978.1197194131655d,&quot;5978.12 zł&quot;)" storage="c:\projekty\nunittestproject\bin\debug\netcoreapp3.1\nunittestproject.dll" id="30b3b577-2061-3db5-edc3-bfd98a1a499f">
      <Execution id="76a1d5f4-7645-42a4-88a5-af5694f6e013" />
      <TestMethod codeBase="C:\Projekty\NUnitTestProject\bin\Debug\netcoreapp3.1\NUnitTestProject.dll" adapterTypeName="executor://nunit3testexecutor/" className="NUnitTestProject.CurrencyHelperTests" name="FormatToStringTest1000(5978.1197194131655d,&quot;5978.12 zł&quot;)" />
    </UnitTest>
    <UnitTest name="FormatToStringTest1000(66284.43763489948d,&quot;66284.44 zł&quot;)" storage="c:\projekty\nunittestproject\bin\debug\netcoreapp3.1\nunittestproject.dll" id="1d439d51-4271-ce67-e4e0-d0b84f8d1caf">
      <Execution id="6a11edd2-4ede-403f-94ae-1c3e8783e0b8" />
      <TestMethod codeBase="C:\Projekty\NUnitTestProject\bin\Debug\netcoreapp3.1\NUnitTestProject.dll" adapterTypeName="executor://nunit3testexecutor/" className="NUnitTestProject.CurrencyHelperTests" name="FormatToStringTest1000(66284.43763489948d,&quot;66284.44 zł&quot;)" />
    </UnitTest>
    <UnitTest name="FormatToStringTest1000(34062.88803158276d,&quot;34062.89 zł&quot;)" storage="c:\projekty\nunittestproject\bin\debug\netcoreapp3.1\nunittestproject.dll" id="cee29849-c944-ee97-87d2-c62444a8a328">
      <Execution id="42dc3ca1-2d0b-46e5-8bed-8d31556fdbb4" />
      <TestMethod codeBase="C:\Projekty\NUnitTestProject\bin\Debug\netcoreapp3.1\NUnitTestProject.dll" adapterTypeName="executor://nunit3testexecutor/" className="NUnitTestProject.CurrencyHelperTests" name="FormatToStringTest1000(34062.88803158276d,&quot;34062.89 zł&quot;)" />
    </UnitTest>
    <UnitTest name="FormatToStringTest1000(8347.417790138823d,&quot;8347.42 zł&quot;)" storage="c:\projekty\nunittestproject\bin\debug\netcoreapp3.1\nunittestproject.dll" id="f40cda09-c7b2-157d-533a-1e4833860e01">
      <Execution id="0c3dde02-eae2-4c8b-b03d-16939976ecd7" />
      <TestMethod codeBase="C:\Projekty\NUnitTestProject\bin\Debug\netcoreapp3.1\NUnitTestProject.dll" adapterTypeName="executor://nunit3testexecutor/" className="NUnitTestProject.CurrencyHelperTests" name="FormatToStringTest1000(8347.417790138823d,&quot;8347.42 zł&quot;)" />
    </UnitTest>
    <UnitTest name="FormatToStringTest1000(19071.681252896637d,&quot;19071.68 zł&quot;)" storage="c:\projekty\nunittestproject\bin\debug\netcoreapp3.1\nunittestproject.dll" id="ec19b07c-d465-faec-475d-a8dee6e4e934">
      <Execution id="6be1fb63-7e3e-44ae-9ec1-9f474f47b321" />
      <TestMethod codeBase="C:\Projekty\NUnitTestProject\bin\Debug\netcoreapp3.1\NUnitTestProject.dll" adapterTypeName="executor://nunit3testexecutor/" className="NUnitTestProject.CurrencyHelperTests" name="FormatToStringTest1000(19071.681252896637d,&quot;19071.68 zł&quot;)" />
    </UnitTest>
    <UnitTest name="FormatToStringTest1000(26174.290999793586d,&quot;26174.29 zł&quot;)" storage="c:\projekty\nunittestproject\bin\debug\netcoreapp3.1\nunittestproject.dll" id="b6307f6f-0923-1f5a-926e-f404ac915b20">
      <Execution id="90ce42c8-7d04-4b24-87c5-c6982a0d9e69" />
      <TestMethod codeBase="C:\Projekty\NUnitTestProject\bin\Debug\netcoreapp3.1\NUnitTestProject.dll" adapterTypeName="executor://nunit3testexecutor/" className="NUnitTestProject.CurrencyHelperTests" name="FormatToStringTest1000(26174.290999793586d,&quot;26174.29 zł&quot;)" />
    </UnitTest>
    <UnitTest name="FormatToStringTest1000(65963.39932440939d,&quot;65963.40 zł&quot;)" storage="c:\projekty\nunittestproject\bin\debug\netcoreapp3.1\nunittestproject.dll" id="c2c1dbbf-76df-e4ac-1f6c-4bf02108e7b1">
      <Execution id="67dc6b7a-b5fd-47c8-aa52-bdae5fb1d8a6" />
      <TestMethod codeBase="C:\Projekty\NUnitTestProject\bin\Debug\netcoreapp3.1\NUnitTestProject.dll" adapterTypeName="executor://nunit3testexecutor/" className="NUnitTestProject.CurrencyHelperTests" name="FormatToStringTest1000(65963.39932440939d,&quot;65963.40 zł&quot;)" />
    </UnitTest>
    <UnitTest name="FormatToStringTest1000(93775.33090185716d,&quot;93775.33 zł&quot;)" storage="c:\projekty\nunittestproject\bin\debug\netcoreapp3.1\nunittestproject.dll" id="1e6f2372-9d34-e630-93c8-967c7d09f6b9">
      <Execution id="23797dd1-03e4-4993-a9d4-e9ff7baf228b" />
      <TestMethod codeBase="C:\Projekty\NUnitTestProject\bin\Debug\netcoreapp3.1\NUnitTestProject.dll" adapterTypeName="executor://nunit3testexecutor/" className="NUnitTestProject.CurrencyHelperTests" name="FormatToStringTest1000(93775.33090185716d,&quot;93775.33 zł&quot;)" />
    </UnitTest>
    <UnitTest name="FormatToStringTest1000(24528.124092612474d,&quot;24528.12 zł&quot;)" storage="c:\projekty\nunittestproject\bin\debug\netcoreapp3.1\nunittestproject.dll" id="ea15b94d-4a9c-5bee-a95c-770e518c855b">
      <Execution id="b58ac13e-1c2b-46a1-a513-84158cd15e70" />
      <TestMethod codeBase="C:\Projekty\NUnitTestProject\bin\Debug\netcoreapp3.1\NUnitTestProject.dll" adapterTypeName="executor://nunit3testexecutor/" className="NUnitTestProject.CurrencyHelperTests" name="FormatToStringTest1000(24528.124092612474d,&quot;24528.12 zł&quot;)" />
    </UnitTest>
    <UnitTest name="FormatToStringTest1000(30499.08272379734d,&quot;30499.08 zł&quot;)" storage="c:\projekty\nunittestproject\bin\debug\netcoreapp3.1\nunittestproject.dll" id="7b7d00bb-4c5b-d8fb-b3ca-8abd900cc00f">
      <Execution id="9c20a42e-2345-48c6-8475-bf8e21ea22ae" />
      <TestMethod codeBase="C:\Projekty\NUnitTestProject\bin\Debug\netcoreapp3.1\NUnitTestProject.dll" adapterTypeName="executor://nunit3testexecutor/" className="NUnitTestProject.CurrencyHelperTests" name="FormatToStringTest1000(30499.08272379734d,&quot;30499.08 zł&quot;)" />
    </UnitTest>
    <UnitTest name="FormatToStringTest1000(1860.3356292016504d,&quot;1860.34 zł&quot;)" storage="c:\projekty\nunittestproject\bin\debug\netcoreapp3.1\nunittestproject.dll" id="07f796cc-f35b-a2f3-f99a-0213c6c6aa02">
      <Execution id="b508e07b-d59b-41d8-b489-88e730355cd4" />
      <TestMethod codeBase="C:\Projekty\NUnitTestProject\bin\Debug\netcoreapp3.1\NUnitTestProject.dll" adapterTypeName="executor://nunit3testexecutor/" className="NUnitTestProject.CurrencyHelperTests" name="FormatToStringTest1000(1860.3356292016504d,&quot;1860.34 zł&quot;)" />
    </UnitTest>
    <UnitTest name="FormatToStringTest1000(24729.333280806586d,&quot;24729.33 zł&quot;)" storage="c:\projekty\nunittestproject\bin\debug\netcoreapp3.1\nunittestproject.dll" id="419ecc87-d9c8-28c4-00c0-ef118e7ae268">
      <Execution id="0c9313b7-fec3-48b7-8c87-626a99c79d88" />
      <TestMethod codeBase="C:\Projekty\NUnitTestProject\bin\Debug\netcoreapp3.1\NUnitTestProject.dll" adapterTypeName="executor://nunit3testexecutor/" className="NUnitTestProject.CurrencyHelperTests" name="FormatToStringTest1000(24729.333280806586d,&quot;24729.33 zł&quot;)" />
    </UnitTest>
    <UnitTest name="FormatToStringTest1000(51529.79033960206d,&quot;51529.79 zł&quot;)" storage="c:\projekty\nunittestproject\bin\debug\netcoreapp3.1\nunittestproject.dll" id="c39afc72-aad4-5709-e4a1-73293872a305">
      <Execution id="0ab4b8cc-c574-445a-b84e-bfd2fc004425" />
      <TestMethod codeBase="C:\Projekty\NUnitTestProject\bin\Debug\netcoreapp3.1\NUnitTestProject.dll" adapterTypeName="executor://nunit3testexecutor/" className="NUnitTestProject.CurrencyHelperTests" name="FormatToStringTest1000(51529.79033960206d,&quot;51529.79 zł&quot;)" />
    </UnitTest>
    <UnitTest name="FormatToStringTest1000(64124.274503948756d,&quot;64124.27 zł&quot;)" storage="c:\projekty\nunittestproject\bin\debug\netcoreapp3.1\nunittestproject.dll" id="0667d290-5479-f00f-a7a0-ba550069f4d6">
      <Execution id="24894a72-20c6-4ff4-9382-5e353468cc2d" />
      <TestMethod codeBase="C:\Projekty\NUnitTestProject\bin\Debug\netcoreapp3.1\NUnitTestProject.dll" adapterTypeName="executor://nunit3testexecutor/" className="NUnitTestProject.CurrencyHelperTests" name="FormatToStringTest1000(64124.274503948756d,&quot;64124.27 zł&quot;)" />
    </UnitTest>
    <UnitTest name="FormatToStringTest1000(397.6461894566408d,&quot;397.65 zł&quot;)" storage="c:\projekty\nunittestproject\bin\debug\netcoreapp3.1\nunittestproject.dll" id="decab755-c41c-98a8-9dd2-05d18e8ecb05">
      <Execution id="1ea086de-ac43-48a4-8c7a-9be56e7e4eff" />
      <TestMethod codeBase="C:\Projekty\NUnitTestProject\bin\Debug\netcoreapp3.1\NUnitTestProject.dll" adapterTypeName="executor://nunit3testexecutor/" className="NUnitTestProject.CurrencyHelperTests" name="FormatToStringTest1000(397.6461894566408d,&quot;397.65 zł&quot;)" />
    </UnitTest>
    <UnitTest name="FormatToStringTest1000(36211.11038300866d,&quot;36211.11 zł&quot;)" storage="c:\projekty\nunittestproject\bin\debug\netcoreapp3.1\nunittestproject.dll" id="0be37416-8f8e-24dd-296a-86593af9af2f">
      <Execution id="1e89c4b6-9619-432f-a01a-2b45b33b98bf" />
      <TestMethod codeBase="C:\Projekty\NUnitTestProject\bin\Debug\netcoreapp3.1\NUnitTestProject.dll" adapterTypeName="executor://nunit3testexecutor/" className="NUnitTestProject.CurrencyHelperTests" name="FormatToStringTest1000(36211.11038300866d,&quot;36211.11 zł&quot;)" />
    </UnitTest>
    <UnitTest name="FormatToStringTest1000(25084.19182667238d,&quot;25084.19 zł&quot;)" storage="c:\projekty\nunittestproject\bin\debug\netcoreapp3.1\nunittestproject.dll" id="086ce182-cb7e-9e8c-a794-52547670ad62">
      <Execution id="2791ff9c-513f-4052-993f-bff9f28cb623" />
      <TestMethod codeBase="C:\Projekty\NUnitTestProject\bin\Debug\netcoreapp3.1\NUnitTestProject.dll" adapterTypeName="executor://nunit3testexecutor/" className="NUnitTestProject.CurrencyHelperTests" name="FormatToStringTest1000(25084.19182667238d,&quot;25084.19 zł&quot;)" />
    </UnitTest>
    <UnitTest name="FormatToStringTest1000(80609.94377465078d,&quot;80609.94 zł&quot;)" storage="c:\projekty\nunittestproject\bin\debug\netcoreapp3.1\nunittestproject.dll" id="41ef5fd9-da1d-a61b-4faa-45b077dd05bc">
      <Execution id="a78610b1-2404-4c5d-8b17-55dc812cec92" />
      <TestMethod codeBase="C:\Projekty\NUnitTestProject\bin\Debug\netcoreapp3.1\NUnitTestProject.dll" adapterTypeName="executor://nunit3testexecutor/" className="NUnitTestProject.CurrencyHelperTests" name="FormatToStringTest1000(80609.94377465078d,&quot;80609.94 zł&quot;)" />
    </UnitTest>
    <UnitTest name="FormatToStringTest1000(941.429400278921d,&quot;941.43 zł&quot;)" storage="c:\projekty\nunittestproject\bin\debug\netcoreapp3.1\nunittestproject.dll" id="4d634782-9db9-e8af-a18d-f1e4c45e4686">
      <Execution id="6924c0c1-e914-4c7c-99d3-c8e77a343a20" />
      <TestMethod codeBase="C:\Projekty\NUnitTestProject\bin\Debug\netcoreapp3.1\NUnitTestProject.dll" adapterTypeName="executor://nunit3testexecutor/" className="NUnitTestProject.CurrencyHelperTests" name="FormatToStringTest1000(941.429400278921d,&quot;941.43 zł&quot;)" />
    </UnitTest>
    <UnitTest name="FormatToStringTest1000(75162.39407669863d,&quot;75162.39 zł&quot;)" storage="c:\projekty\nunittestproject\bin\debug\netcoreapp3.1\nunittestproject.dll" id="8a34d143-fbd5-8061-22f1-4fab44554570">
      <Execution id="3bfbd5b8-26c6-4a7b-b7b7-d82cece470a3" />
      <TestMethod codeBase="C:\Projekty\NUnitTestProject\bin\Debug\netcoreapp3.1\NUnitTestProject.dll" adapterTypeName="executor://nunit3testexecutor/" className="NUnitTestProject.CurrencyHelperTests" name="FormatToStringTest1000(75162.39407669863d,&quot;75162.39 zł&quot;)" />
    </UnitTest>
    <UnitTest name="FormatToStringTest1000(16037.01783290087d,&quot;16037.02 zł&quot;)" storage="c:\projekty\nunittestproject\bin\debug\netcoreapp3.1\nunittestproject.dll" id="fa8e579d-d6a8-b37b-9cf1-3c38331f528e">
      <Execution id="fcd9b261-ecec-41c1-811e-0eb00aa8e7df" />
      <TestMethod codeBase="C:\Projekty\NUnitTestProject\bin\Debug\netcoreapp3.1\NUnitTestProject.dll" adapterTypeName="executor://nunit3testexecutor/" className="NUnitTestProject.CurrencyHelperTests" name="FormatToStringTest1000(16037.01783290087d,&quot;16037.02 zł&quot;)" />
    </UnitTest>
    <UnitTest name="FormatToStringTest1000(40545.70748620001d,&quot;40545.71 zł&quot;)" storage="c:\projekty\nunittestproject\bin\debug\netcoreapp3.1\nunittestproject.dll" id="0a65341a-9de3-344f-781f-a38c0f56cbef">
      <Execution id="16d2ca54-c872-451f-841e-ab1621bbdbcf" />
      <TestMethod codeBase="C:\Projekty\NUnitTestProject\bin\Debug\netcoreapp3.1\NUnitTestProject.dll" adapterTypeName="executor://nunit3testexecutor/" className="NUnitTestProject.CurrencyHelperTests" name="FormatToStringTest1000(40545.70748620001d,&quot;40545.71 zł&quot;)" />
    </UnitTest>
    <UnitTest name="FormatToStringTest1000(4116.417580192638d,&quot;4116.42 zł&quot;)" storage="c:\projekty\nunittestproject\bin\debug\netcoreapp3.1\nunittestproject.dll" id="1eb4d4f7-74ca-78cd-f76d-cc295b6f3916">
      <Execution id="82e24af1-fdc5-4802-84dc-a65a93807eb3" />
      <TestMethod codeBase="C:\Projekty\NUnitTestProject\bin\Debug\netcoreapp3.1\NUnitTestProject.dll" adapterTypeName="executor://nunit3testexecutor/" className="NUnitTestProject.CurrencyHelperTests" name="FormatToStringTest1000(4116.417580192638d,&quot;4116.42 zł&quot;)" />
    </UnitTest>
    <UnitTest name="FormatToStringTest1000(134.1514758393874d,&quot;134.15 zł&quot;)" storage="c:\projekty\nunittestproject\bin\debug\netcoreapp3.1\nunittestproject.dll" id="35113593-4524-9172-cef8-1a1f5c1dfb29">
      <Execution id="aa7f8d4e-97b2-4476-bf8e-ee41084e7b71" />
      <TestMethod codeBase="C:\Projekty\NUnitTestProject\bin\Debug\netcoreapp3.1\NUnitTestProject.dll" adapterTypeName="executor://nunit3testexecutor/" className="NUnitTestProject.CurrencyHelperTests" name="FormatToStringTest1000(134.1514758393874d,&quot;134.15 zł&quot;)" />
    </UnitTest>
    <UnitTest name="FormatToStringTest1000(28072.424637532058d,&quot;28072.42 zł&quot;)" storage="c:\projekty\nunittestproject\bin\debug\netcoreapp3.1\nunittestproject.dll" id="7b53b99d-252e-844e-10ce-3552b8f6980f">
      <Execution id="8fc2c9cb-e7a9-48c9-9522-765b754f3744" />
      <TestMethod codeBase="C:\Projekty\NUnitTestProject\bin\Debug\netcoreapp3.1\NUnitTestProject.dll" adapterTypeName="executor://nunit3testexecutor/" className="NUnitTestProject.CurrencyHelperTests" name="FormatToStringTest1000(28072.424637532058d,&quot;28072.42 zł&quot;)" />
    </UnitTest>
    <UnitTest name="FormatToStringTest1000(1011.9989482094529d,&quot;1012.00 zł&quot;)" storage="c:\projekty\nunittestproject\bin\debug\netcoreapp3.1\nunittestproject.dll" id="a99bf545-84e2-fafd-ee3f-5153803c3541">
      <Execution id="5a59396f-a565-4a2f-ba65-82f076abe45c" />
      <TestMethod codeBase="C:\Projekty\NUnitTestProject\bin\Debug\netcoreapp3.1\NUnitTestProject.dll" adapterTypeName="executor://nunit3testexecutor/" className="NUnitTestProject.CurrencyHelperTests" name="FormatToStringTest1000(1011.9989482094529d,&quot;1012.00 zł&quot;)" />
    </UnitTest>
    <UnitTest name="FormatToStringTest1000(5628.028273674672d,&quot;5628.03 zł&quot;)" storage="c:\projekty\nunittestproject\bin\debug\netcoreapp3.1\nunittestproject.dll" id="862cc562-9bfe-8861-cf4e-b4582450cbaa">
      <Execution id="b59e030e-7912-45fd-b2a8-93ac922ce660" />
      <TestMethod codeBase="C:\Projekty\NUnitTestProject\bin\Debug\netcoreapp3.1\NUnitTestProject.dll" adapterTypeName="executor://nunit3testexecutor/" className="NUnitTestProject.CurrencyHelperTests" name="FormatToStringTest1000(5628.028273674672d,&quot;5628.03 zł&quot;)" />
    </UnitTest>
    <UnitTest name="FormatToStringTest1000(88489.14069749469d,&quot;88489.14 zł&quot;)" storage="c:\projekty\nunittestproject\bin\debug\netcoreapp3.1\nunittestproject.dll" id="3f6f5d68-0845-7e29-25ea-1750d0b3ad97">
      <Execution id="fe11ad34-29fc-4c60-bcd3-4dc5c838b9d4" />
      <TestMethod codeBase="C:\Projekty\NUnitTestProject\bin\Debug\netcoreapp3.1\NUnitTestProject.dll" adapterTypeName="executor://nunit3testexecutor/" className="NUnitTestProject.CurrencyHelperTests" name="FormatToStringTest1000(88489.14069749469d,&quot;88489.14 zł&quot;)" />
    </UnitTest>
    <UnitTest name="FormatToStringTest1000(2718.1767171650085d,&quot;2718.18 zł&quot;)" storage="c:\projekty\nunittestproject\bin\debug\netcoreapp3.1\nunittestproject.dll" id="d010d6f6-5302-e7a6-bd9d-f255dac3cdb8">
      <Execution id="ba80e1ee-c94d-4ec8-af1c-8576d5ecae96" />
      <TestMethod codeBase="C:\Projekty\NUnitTestProject\bin\Debug\netcoreapp3.1\NUnitTestProject.dll" adapterTypeName="executor://nunit3testexecutor/" className="NUnitTestProject.CurrencyHelperTests" name="FormatToStringTest1000(2718.1767171650085d,&quot;2718.18 zł&quot;)" />
    </UnitTest>
    <UnitTest name="FormatToStringTest1000(14480.387652530982d,&quot;14480.39 zł&quot;)" storage="c:\projekty\nunittestproject\bin\debug\netcoreapp3.1\nunittestproject.dll" id="fc250b23-71a0-c4eb-52eb-8cd889ac9f85">
      <Execution id="ee410761-c5bc-43eb-9003-041f9c8d6edc" />
      <TestMethod codeBase="C:\Projekty\NUnitTestProject\bin\Debug\netcoreapp3.1\NUnitTestProject.dll" adapterTypeName="executor://nunit3testexecutor/" className="NUnitTestProject.CurrencyHelperTests" name="FormatToStringTest1000(14480.387652530982d,&quot;14480.39 zł&quot;)" />
    </UnitTest>
    <UnitTest name="FormatToStringTest1000(32566.30279101259d,&quot;32566.30 zł&quot;)" storage="c:\projekty\nunittestproject\bin\debug\netcoreapp3.1\nunittestproject.dll" id="71b5ba87-68b9-157d-6948-87a1827119b3">
      <Execution id="3c4179a3-0fbe-4597-a5f3-7fd3a522d55c" />
      <TestMethod codeBase="C:\Projekty\NUnitTestProject\bin\Debug\netcoreapp3.1\NUnitTestProject.dll" adapterTypeName="executor://nunit3testexecutor/" className="NUnitTestProject.CurrencyHelperTests" name="FormatToStringTest1000(32566.30279101259d,&quot;32566.30 zł&quot;)" />
    </UnitTest>
    <UnitTest name="FormatToStringTest1000(18627.604896394354d,&quot;18627.60 zł&quot;)" storage="c:\projekty\nunittestproject\bin\debug\netcoreapp3.1\nunittestproject.dll" id="43c3749f-0376-2035-bd94-4df92053dab3">
      <Execution id="2659d9c6-edd4-449e-914d-9f99b1484584" />
      <TestMethod codeBase="C:\Projekty\NUnitTestProject\bin\Debug\netcoreapp3.1\NUnitTestProject.dll" adapterTypeName="executor://nunit3testexecutor/" className="NUnitTestProject.CurrencyHelperTests" name="FormatToStringTest1000(18627.604896394354d,&quot;18627.60 zł&quot;)" />
    </UnitTest>
    <UnitTest name="FormatToStringTest1000(24137.016609529506d,&quot;24137.02 zł&quot;)" storage="c:\projekty\nunittestproject\bin\debug\netcoreapp3.1\nunittestproject.dll" id="35de634f-b340-f79b-b6a0-46426bd56e47">
      <Execution id="a184e0d0-d172-4177-8d28-4cb4615652c2" />
      <TestMethod codeBase="C:\Projekty\NUnitTestProject\bin\Debug\netcoreapp3.1\NUnitTestProject.dll" adapterTypeName="executor://nunit3testexecutor/" className="NUnitTestProject.CurrencyHelperTests" name="FormatToStringTest1000(24137.016609529506d,&quot;24137.02 zł&quot;)" />
    </UnitTest>
    <UnitTest name="FormatToStringTest1000(46790.41011887715d,&quot;46790.41 zł&quot;)" storage="c:\projekty\nunittestproject\bin\debug\netcoreapp3.1\nunittestproject.dll" id="0d37f434-250b-5238-45a8-c128f2ef42ef">
      <Execution id="d2ae8891-5ed6-4320-85bc-f89c05eeafd5" />
      <TestMethod codeBase="C:\Projekty\NUnitTestProject\bin\Debug\netcoreapp3.1\NUnitTestProject.dll" adapterTypeName="executor://nunit3testexecutor/" className="NUnitTestProject.CurrencyHelperTests" name="FormatToStringTest1000(46790.41011887715d,&quot;46790.41 zł&quot;)" />
    </UnitTest>
    <UnitTest name="FormatToStringTest1000(56378.261944644735d,&quot;56378.26 zł&quot;)" storage="c:\projekty\nunittestproject\bin\debug\netcoreapp3.1\nunittestproject.dll" id="3e4e2f06-1967-c539-7ba8-6e0f44663842">
      <Execution id="4cf87966-a189-41ff-925c-acfc11f77c59" />
      <TestMethod codeBase="C:\Projekty\NUnitTestProject\bin\Debug\netcoreapp3.1\NUnitTestProject.dll" adapterTypeName="executor://nunit3testexecutor/" className="NUnitTestProject.CurrencyHelperTests" name="FormatToStringTest1000(56378.261944644735d,&quot;56378.26 zł&quot;)" />
    </UnitTest>
    <UnitTest name="FormatToStringTest1000(12118.31777677048d,&quot;12118.32 zł&quot;)" storage="c:\projekty\nunittestproject\bin\debug\netcoreapp3.1\nunittestproject.dll" id="44562592-e269-1796-e138-85487f7a2be9">
      <Execution id="c522417c-fbd9-4d8c-9d89-ea0cc6468fcc" />
      <TestMethod codeBase="C:\Projekty\NUnitTestProject\bin\Debug\netcoreapp3.1\NUnitTestProject.dll" adapterTypeName="executor://nunit3testexecutor/" className="NUnitTestProject.CurrencyHelperTests" name="FormatToStringTest1000(12118.31777677048d,&quot;12118.32 zł&quot;)" />
    </UnitTest>
    <UnitTest name="FormatToStringTest1000(20527.270339210645d,&quot;20527.27 zł&quot;)" storage="c:\projekty\nunittestproject\bin\debug\netcoreapp3.1\nunittestproject.dll" id="5ad0e86b-2487-b287-bce1-03b910ce35db">
      <Execution id="ea10d52f-c6e8-4dcb-91b0-a3ca64f5ab15" />
      <TestMethod codeBase="C:\Projekty\NUnitTestProject\bin\Debug\netcoreapp3.1\NUnitTestProject.dll" adapterTypeName="executor://nunit3testexecutor/" className="NUnitTestProject.CurrencyHelperTests" name="FormatToStringTest1000(20527.270339210645d,&quot;20527.27 zł&quot;)" />
    </UnitTest>
    <UnitTest name="FormatToStringTest1000(11958.422287871792d,&quot;11958.42 zł&quot;)" storage="c:\projekty\nunittestproject\bin\debug\netcoreapp3.1\nunittestproject.dll" id="a6927394-4cdf-6861-5383-48d3191f12fe">
      <Execution id="cc4c1e1e-36ca-4432-8ba2-506b3c9f5530" />
      <TestMethod codeBase="C:\Projekty\NUnitTestProject\bin\Debug\netcoreapp3.1\NUnitTestProject.dll" adapterTypeName="executor://nunit3testexecutor/" className="NUnitTestProject.CurrencyHelperTests" name="FormatToStringTest1000(11958.422287871792d,&quot;11958.42 zł&quot;)" />
    </UnitTest>
    <UnitTest name="FormatToStringTest1000(33245.44763357819d,&quot;33245.45 zł&quot;)" storage="c:\projekty\nunittestproject\bin\debug\netcoreapp3.1\nunittestproject.dll" id="1658bad2-8c99-0b77-1530-2e9ba32823bd">
      <Execution id="aa1dfe31-973f-460f-ad06-e3ee68d71bae" />
      <TestMethod codeBase="C:\Projekty\NUnitTestProject\bin\Debug\netcoreapp3.1\NUnitTestProject.dll" adapterTypeName="executor://nunit3testexecutor/" className="NUnitTestProject.CurrencyHelperTests" name="FormatToStringTest1000(33245.44763357819d,&quot;33245.45 zł&quot;)" />
    </UnitTest>
    <UnitTest name="FormatToStringTest1000(22281.48592587257d,&quot;22281.49 zł&quot;)" storage="c:\projekty\nunittestproject\bin\debug\netcoreapp3.1\nunittestproject.dll" id="4b66c56d-0547-dbc0-4364-ccf548a1bb40">
      <Execution id="83e80e46-327f-4e32-ab5b-abf1f7b7f100" />
      <TestMethod codeBase="C:\Projekty\NUnitTestProject\bin\Debug\netcoreapp3.1\NUnitTestProject.dll" adapterTypeName="executor://nunit3testexecutor/" className="NUnitTestProject.CurrencyHelperTests" name="FormatToStringTest1000(22281.48592587257d,&quot;22281.49 zł&quot;)" />
    </UnitTest>
    <UnitTest name="FormatToStringTest1000(70432.00656616595d,&quot;70432.01 zł&quot;)" storage="c:\projekty\nunittestproject\bin\debug\netcoreapp3.1\nunittestproject.dll" id="e616a89e-e9f6-0465-592f-c052811c9fe2">
      <Execution id="f11ccf4f-b94d-44da-920e-777837fe64f5" />
      <TestMethod codeBase="C:\Projekty\NUnitTestProject\bin\Debug\netcoreapp3.1\NUnitTestProject.dll" adapterTypeName="executor://nunit3testexecutor/" className="NUnitTestProject.CurrencyHelperTests" name="FormatToStringTest1000(70432.00656616595d,&quot;70432.01 zł&quot;)" />
    </UnitTest>
    <UnitTest name="FormatToStringTest1000(11181.228339251702d,&quot;11181.23 zł&quot;)" storage="c:\projekty\nunittestproject\bin\debug\netcoreapp3.1\nunittestproject.dll" id="71b16f9b-dbb0-7a23-533d-802c9512270b">
      <Execution id="579988c3-3a9a-4e95-a1ae-8e8349db9669" />
      <TestMethod codeBase="C:\Projekty\NUnitTestProject\bin\Debug\netcoreapp3.1\NUnitTestProject.dll" adapterTypeName="executor://nunit3testexecutor/" className="NUnitTestProject.CurrencyHelperTests" name="FormatToStringTest1000(11181.228339251702d,&quot;11181.23 zł&quot;)" />
    </UnitTest>
    <UnitTest name="FormatToStringTest1000(9079.930405251649d,&quot;9079.93 zł&quot;)" storage="c:\projekty\nunittestproject\bin\debug\netcoreapp3.1\nunittestproject.dll" id="a92ca949-d664-bb06-21ee-ed111f1dab55">
      <Execution id="2c1e5dde-b949-414a-adff-d0934fa27da5" />
      <TestMethod codeBase="C:\Projekty\NUnitTestProject\bin\Debug\netcoreapp3.1\NUnitTestProject.dll" adapterTypeName="executor://nunit3testexecutor/" className="NUnitTestProject.CurrencyHelperTests" name="FormatToStringTest1000(9079.930405251649d,&quot;9079.93 zł&quot;)" />
    </UnitTest>
    <UnitTest name="FormatToStringTest1000(7891.960478953067d,&quot;7891.96 zł&quot;)" storage="c:\projekty\nunittestproject\bin\debug\netcoreapp3.1\nunittestproject.dll" id="a3e3ac67-b44c-d535-60e6-335f6ba0310c">
      <Execution id="d7fffe07-3b5d-4b49-a0aa-72eb6b59af34" />
      <TestMethod codeBase="C:\Projekty\NUnitTestProject\bin\Debug\netcoreapp3.1\NUnitTestProject.dll" adapterTypeName="executor://nunit3testexecutor/" className="NUnitTestProject.CurrencyHelperTests" name="FormatToStringTest1000(7891.960478953067d,&quot;7891.96 zł&quot;)" />
    </UnitTest>
    <UnitTest name="FormatToStringTest1000(28861.97337596769d,&quot;28861.97 zł&quot;)" storage="c:\projekty\nunittestproject\bin\debug\netcoreapp3.1\nunittestproject.dll" id="e238789f-1332-cb64-de78-1a020fa88304">
      <Execution id="492672a2-f190-49eb-bb15-2a25f46c2192" />
      <TestMethod codeBase="C:\Projekty\NUnitTestProject\bin\Debug\netcoreapp3.1\NUnitTestProject.dll" adapterTypeName="executor://nunit3testexecutor/" className="NUnitTestProject.CurrencyHelperTests" name="FormatToStringTest1000(28861.97337596769d,&quot;28861.97 zł&quot;)" />
    </UnitTest>
    <UnitTest name="FormatToStringTest1000(6173.0243155793405d,&quot;6173.02 zł&quot;)" storage="c:\projekty\nunittestproject\bin\debug\netcoreapp3.1\nunittestproject.dll" id="d377bd87-4eea-3f7f-c041-91df35d9ea10">
      <Execution id="c5c03e75-8c74-404f-a404-73a1a15ad2fe" />
      <TestMethod codeBase="C:\Projekty\NUnitTestProject\bin\Debug\netcoreapp3.1\NUnitTestProject.dll" adapterTypeName="executor://nunit3testexecutor/" className="NUnitTestProject.CurrencyHelperTests" name="FormatToStringTest1000(6173.0243155793405d,&quot;6173.02 zł&quot;)" />
    </UnitTest>
    <UnitTest name="FormatToStringTest1000(24646.322657574587d,&quot;24646.32 zł&quot;)" storage="c:\projekty\nunittestproject\bin\debug\netcoreapp3.1\nunittestproject.dll" id="c32a55d2-5cd9-4241-ed27-6ec6eee4b3b0">
      <Execution id="814150c5-bad4-4e37-a5ad-2a7bf529bf61" />
      <TestMethod codeBase="C:\Projekty\NUnitTestProject\bin\Debug\netcoreapp3.1\NUnitTestProject.dll" adapterTypeName="executor://nunit3testexecutor/" className="NUnitTestProject.CurrencyHelperTests" name="FormatToStringTest1000(24646.322657574587d,&quot;24646.32 zł&quot;)" />
    </UnitTest>
    <UnitTest name="FormatToStringTest1000(14459.57059750686d,&quot;14459.57 zł&quot;)" storage="c:\projekty\nunittestproject\bin\debug\netcoreapp3.1\nunittestproject.dll" id="6a02a9a9-45fc-e93c-144a-ec579f6fd7df">
      <Execution id="ca03f728-9a3c-4a26-b2cb-30a2d9f400c0" />
      <TestMethod codeBase="C:\Projekty\NUnitTestProject\bin\Debug\netcoreapp3.1\NUnitTestProject.dll" adapterTypeName="executor://nunit3testexecutor/" className="NUnitTestProject.CurrencyHelperTests" name="FormatToStringTest1000(14459.57059750686d,&quot;14459.57 zł&quot;)" />
    </UnitTest>
    <UnitTest name="FormatToStringTest1000(15907.394871033446d,&quot;15907.39 zł&quot;)" storage="c:\projekty\nunittestproject\bin\debug\netcoreapp3.1\nunittestproject.dll" id="c08489ce-87ea-9273-1e82-87dd20c6c729">
      <Execution id="577bcfa1-1ded-4f19-abf3-6cd9d8b8227f" />
      <TestMethod codeBase="C:\Projekty\NUnitTestProject\bin\Debug\netcoreapp3.1\NUnitTestProject.dll" adapterTypeName="executor://nunit3testexecutor/" className="NUnitTestProject.CurrencyHelperTests" name="FormatToStringTest1000(15907.394871033446d,&quot;15907.39 zł&quot;)" />
    </UnitTest>
    <UnitTest name="FormatToStringTest1000(19463.08761954917d,&quot;19463.09 zł&quot;)" storage="c:\projekty\nunittestproject\bin\debug\netcoreapp3.1\nunittestproject.dll" id="7be4f16e-73d9-91a8-2b92-68f269673cb9">
      <Execution id="eedc5378-3f98-43b6-bb7b-7f4cbe798c39" />
      <TestMethod codeBase="C:\Projekty\NUnitTestProject\bin\Debug\netcoreapp3.1\NUnitTestProject.dll" adapterTypeName="executor://nunit3testexecutor/" className="NUnitTestProject.CurrencyHelperTests" name="FormatToStringTest1000(19463.08761954917d,&quot;19463.09 zł&quot;)" />
    </UnitTest>
    <UnitTest name="FormatToStringTest1000(67109.22110940759d,&quot;67109.22 zł&quot;)" storage="c:\projekty\nunittestproject\bin\debug\netcoreapp3.1\nunittestproject.dll" id="90ee7706-be86-d0d9-20c4-74ab6a1f60b7">
      <Execution id="fbeb4e69-4632-4ad1-80cf-5d689084306f" />
      <TestMethod codeBase="C:\Projekty\NUnitTestProject\bin\Debug\netcoreapp3.1\NUnitTestProject.dll" adapterTypeName="executor://nunit3testexecutor/" className="NUnitTestProject.CurrencyHelperTests" name="FormatToStringTest1000(67109.22110940759d,&quot;67109.22 zł&quot;)" />
    </UnitTest>
    <UnitTest name="FormatToStringTest1000(16902.50568789314d,&quot;16902.51 zł&quot;)" storage="c:\projekty\nunittestproject\bin\debug\netcoreapp3.1\nunittestproject.dll" id="c2593dce-156b-2236-a515-633fd14dda79">
      <Execution id="318a39d8-4916-493e-a7da-c4322c411a83" />
      <TestMethod codeBase="C:\Projekty\NUnitTestProject\bin\Debug\netcoreapp3.1\NUnitTestProject.dll" adapterTypeName="executor://nunit3testexecutor/" className="NUnitTestProject.CurrencyHelperTests" name="FormatToStringTest1000(16902.50568789314d,&quot;16902.51 zł&quot;)" />
    </UnitTest>
    <UnitTest name="FormatToStringTest1000(22799.991836491965d,&quot;22799.99 zł&quot;)" storage="c:\projekty\nunittestproject\bin\debug\netcoreapp3.1\nunittestproject.dll" id="c19bcdf9-7163-0762-fc75-0cd4559b2da8">
      <Execution id="2be639c9-a9bc-4427-a58d-c87061fc2d5e" />
      <TestMethod codeBase="C:\Projekty\NUnitTestProject\bin\Debug\netcoreapp3.1\NUnitTestProject.dll" adapterTypeName="executor://nunit3testexecutor/" className="NUnitTestProject.CurrencyHelperTests" name="FormatToStringTest1000(22799.991836491965d,&quot;22799.99 zł&quot;)" />
    </UnitTest>
    <UnitTest name="FormatToStringTest1000(11.555284778846096d,&quot;11.56 zł&quot;)" storage="c:\projekty\nunittestproject\bin\debug\netcoreapp3.1\nunittestproject.dll" id="7904b819-04ff-ce91-7814-899d505d8f94">
      <Execution id="dc4c169f-8332-4746-86ab-534347faea57" />
      <TestMethod codeBase="C:\Projekty\NUnitTestProject\bin\Debug\netcoreapp3.1\NUnitTestProject.dll" adapterTypeName="executor://nunit3testexecutor/" className="NUnitTestProject.CurrencyHelperTests" name="FormatToStringTest1000(11.555284778846096d,&quot;11.56 zł&quot;)" />
    </UnitTest>
    <UnitTest name="FormatToStringTest1000(29917.15005391145d,&quot;29917.15 zł&quot;)" storage="c:\projekty\nunittestproject\bin\debug\netcoreapp3.1\nunittestproject.dll" id="628515ca-7a61-a487-4f7e-7b39d713c401">
      <Execution id="bda4bbe2-29ae-42d2-9fe2-89e34ab94653" />
      <TestMethod codeBase="C:\Projekty\NUnitTestProject\bin\Debug\netcoreapp3.1\NUnitTestProject.dll" adapterTypeName="executor://nunit3testexecutor/" className="NUnitTestProject.CurrencyHelperTests" name="FormatToStringTest1000(29917.15005391145d,&quot;29917.15 zł&quot;)" />
    </UnitTest>
    <UnitTest name="FormatToStringTest1000(10527.083945901639d,&quot;10527.08 zł&quot;)" storage="c:\projekty\nunittestproject\bin\debug\netcoreapp3.1\nunittestproject.dll" id="9aef4d88-299a-c26b-3a27-57af3cba67d3">
      <Execution id="55890814-42ff-4267-8643-9a400be4ad10" />
      <TestMethod codeBase="C:\Projekty\NUnitTestProject\bin\Debug\netcoreapp3.1\NUnitTestProject.dll" adapterTypeName="executor://nunit3testexecutor/" className="NUnitTestProject.CurrencyHelperTests" name="FormatToStringTest1000(10527.083945901639d,&quot;10527.08 zł&quot;)" />
    </UnitTest>
    <UnitTest name="FormatToStringTest1000(8514.837538072763d,&quot;8514.84 zł&quot;)" storage="c:\projekty\nunittestproject\bin\debug\netcoreapp3.1\nunittestproject.dll" id="13d2b3bb-af6c-2786-7b3d-1db93b9fedf2">
      <Execution id="b06daf04-7481-4a15-ba8e-883b1bd33da7" />
      <TestMethod codeBase="C:\Projekty\NUnitTestProject\bin\Debug\netcoreapp3.1\NUnitTestProject.dll" adapterTypeName="executor://nunit3testexecutor/" className="NUnitTestProject.CurrencyHelperTests" name="FormatToStringTest1000(8514.837538072763d,&quot;8514.84 zł&quot;)" />
    </UnitTest>
    <UnitTest name="FormatToStringTest1000(6145.531235831571d,&quot;6145.53 zł&quot;)" storage="c:\projekty\nunittestproject\bin\debug\netcoreapp3.1\nunittestproject.dll" id="28a678d1-0284-2779-ed67-e16002278e6b">
      <Execution id="ef068fb3-b055-407e-9983-818d40e290fa" />
      <TestMethod codeBase="C:\Projekty\NUnitTestProject\bin\Debug\netcoreapp3.1\NUnitTestProject.dll" adapterTypeName="executor://nunit3testexecutor/" className="NUnitTestProject.CurrencyHelperTests" name="FormatToStringTest1000(6145.531235831571d,&quot;6145.53 zł&quot;)" />
    </UnitTest>
    <UnitTest name="FormatToStringTest1000(26133.133789601336d,&quot;26133.13 zł&quot;)" storage="c:\projekty\nunittestproject\bin\debug\netcoreapp3.1\nunittestproject.dll" id="01cb383a-3e5a-acd0-bce9-5df29c661a7c">
      <Execution id="8355664e-7ab6-4547-9580-0e0ff1a11e2b" />
      <TestMethod codeBase="C:\Projekty\NUnitTestProject\bin\Debug\netcoreapp3.1\NUnitTestProject.dll" adapterTypeName="executor://nunit3testexecutor/" className="NUnitTestProject.CurrencyHelperTests" name="FormatToStringTest1000(26133.133789601336d,&quot;26133.13 zł&quot;)" />
    </UnitTest>
    <UnitTest name="FormatToStringTest1000(57525.72988993569d,&quot;57525.73 zł&quot;)" storage="c:\projekty\nunittestproject\bin\debug\netcoreapp3.1\nunittestproject.dll" id="3d581e6e-ac62-d984-1637-f1fef62a5597">
      <Execution id="2f35ec79-4d88-4897-9007-d18b955985ec" />
      <TestMethod codeBase="C:\Projekty\NUnitTestProject\bin\Debug\netcoreapp3.1\NUnitTestProject.dll" adapterTypeName="executor://nunit3testexecutor/" className="NUnitTestProject.CurrencyHelperTests" name="FormatToStringTest1000(57525.72988993569d,&quot;57525.73 zł&quot;)" />
    </UnitTest>
    <UnitTest name="FormatToStringTest1000(23120.169499649743d,&quot;23120.17 zł&quot;)" storage="c:\projekty\nunittestproject\bin\debug\netcoreapp3.1\nunittestproject.dll" id="4d74b8de-5123-86ec-ab4f-2d4ce6434a23">
      <Execution id="1dfd66e2-07f1-421b-bfe1-ed7439688f05" />
      <TestMethod codeBase="C:\Projekty\NUnitTestProject\bin\Debug\netcoreapp3.1\NUnitTestProject.dll" adapterTypeName="executor://nunit3testexecutor/" className="NUnitTestProject.CurrencyHelperTests" name="FormatToStringTest1000(23120.169499649743d,&quot;23120.17 zł&quot;)" />
    </UnitTest>
    <UnitTest name="FormatToStringTest1000(1474.699818629166d,&quot;1474.70 zł&quot;)" storage="c:\projekty\nunittestproject\bin\debug\netcoreapp3.1\nunittestproject.dll" id="a4acc92f-0c67-48bb-4524-7ef3c007ffb4">
      <Execution id="17b22b7f-8544-438e-85dd-c5c26abc56ce" />
      <TestMethod codeBase="C:\Projekty\NUnitTestProject\bin\Debug\netcoreapp3.1\NUnitTestProject.dll" adapterTypeName="executor://nunit3testexecutor/" className="NUnitTestProject.CurrencyHelperTests" name="FormatToStringTest1000(1474.699818629166d,&quot;1474.70 zł&quot;)" />
    </UnitTest>
    <UnitTest name="FormatToStringTest1000(90187.4082624374d,&quot;90187.41 zł&quot;)" storage="c:\projekty\nunittestproject\bin\debug\netcoreapp3.1\nunittestproject.dll" id="25c75db4-22d0-52b7-8169-fe8bfa7112f2">
      <Execution id="6ac6843f-06a8-4f02-a465-83b9c8a5d43c" />
      <TestMethod codeBase="C:\Projekty\NUnitTestProject\bin\Debug\netcoreapp3.1\NUnitTestProject.dll" adapterTypeName="executor://nunit3testexecutor/" className="NUnitTestProject.CurrencyHelperTests" name="FormatToStringTest1000(90187.4082624374d,&quot;90187.41 zł&quot;)" />
    </UnitTest>
    <UnitTest name="FormatToStringTest1000(30722.846572104303d,&quot;30722.85 zł&quot;)" storage="c:\projekty\nunittestproject\bin\debug\netcoreapp3.1\nunittestproject.dll" id="c994fcbd-cf70-f011-3e5f-4e6d74bb71af">
      <Execution id="8e558cc9-ca85-4e82-9e40-368743e38036" />
      <TestMethod codeBase="C:\Projekty\NUnitTestProject\bin\Debug\netcoreapp3.1\NUnitTestProject.dll" adapterTypeName="executor://nunit3testexecutor/" className="NUnitTestProject.CurrencyHelperTests" name="FormatToStringTest1000(30722.846572104303d,&quot;30722.85 zł&quot;)" />
    </UnitTest>
    <UnitTest name="FormatToStringTest1000(17031.365705376662d,&quot;17031.37 zł&quot;)" storage="c:\projekty\nunittestproject\bin\debug\netcoreapp3.1\nunittestproject.dll" id="0978a2bb-d483-0479-bb70-260f687971c0">
      <Execution id="606de3ac-7491-4980-8236-ea8eb2dc8563" />
      <TestMethod codeBase="C:\Projekty\NUnitTestProject\bin\Debug\netcoreapp3.1\NUnitTestProject.dll" adapterTypeName="executor://nunit3testexecutor/" className="NUnitTestProject.CurrencyHelperTests" name="FormatToStringTest1000(17031.365705376662d,&quot;17031.37 zł&quot;)" />
    </UnitTest>
    <UnitTest name="FormatToStringTest1000(89093.57120939044d,&quot;89093.57 zł&quot;)" storage="c:\projekty\nunittestproject\bin\debug\netcoreapp3.1\nunittestproject.dll" id="5e7725a9-9983-9545-b4e7-12fe284e2a95">
      <Execution id="de3dc8aa-70ee-454c-af94-dc05e2e3a7c4" />
      <TestMethod codeBase="C:\Projekty\NUnitTestProject\bin\Debug\netcoreapp3.1\NUnitTestProject.dll" adapterTypeName="executor://nunit3testexecutor/" className="NUnitTestProject.CurrencyHelperTests" name="FormatToStringTest1000(89093.57120939044d,&quot;89093.57 zł&quot;)" />
    </UnitTest>
    <UnitTest name="FormatToStringTest1000(5108.217389855635d,&quot;5108.22 zł&quot;)" storage="c:\projekty\nunittestproject\bin\debug\netcoreapp3.1\nunittestproject.dll" id="1440a184-8a0a-3d08-19bf-ac2d32351c96">
      <Execution id="0518a246-3e91-4fcf-b9a1-69fb46396412" />
      <TestMethod codeBase="C:\Projekty\NUnitTestProject\bin\Debug\netcoreapp3.1\NUnitTestProject.dll" adapterTypeName="executor://nunit3testexecutor/" className="NUnitTestProject.CurrencyHelperTests" name="FormatToStringTest1000(5108.217389855635d,&quot;5108.22 zł&quot;)" />
    </UnitTest>
    <UnitTest name="FormatToStringTest1000(24566.50251371856d,&quot;24566.50 zł&quot;)" storage="c:\projekty\nunittestproject\bin\debug\netcoreapp3.1\nunittestproject.dll" id="b4887e38-5397-4610-6733-1d86030ec9ea">
      <Execution id="9c770431-d362-4111-9e09-ff627161bd07" />
      <TestMethod codeBase="C:\Projekty\NUnitTestProject\bin\Debug\netcoreapp3.1\NUnitTestProject.dll" adapterTypeName="executor://nunit3testexecutor/" className="NUnitTestProject.CurrencyHelperTests" name="FormatToStringTest1000(24566.50251371856d,&quot;24566.50 zł&quot;)" />
    </UnitTest>
    <UnitTest name="FormatToStringTest1000(806.960597043373d,&quot;806.96 zł&quot;)" storage="c:\projekty\nunittestproject\bin\debug\netcoreapp3.1\nunittestproject.dll" id="25e8173f-164f-a6d3-7781-f064566ee4cd">
      <Execution id="fae5db2b-2171-4e59-800a-de9be338f55f" />
      <TestMethod codeBase="C:\Projekty\NUnitTestProject\bin\Debug\netcoreapp3.1\NUnitTestProject.dll" adapterTypeName="executor://nunit3testexecutor/" className="NUnitTestProject.CurrencyHelperTests" name="FormatToStringTest1000(806.960597043373d,&quot;806.96 zł&quot;)" />
    </UnitTest>
    <UnitTest name="FormatToStringTest1000(58191.92113629585d,&quot;58191.92 zł&quot;)" storage="c:\projekty\nunittestproject\bin\debug\netcoreapp3.1\nunittestproject.dll" id="95bbb276-fcbd-d5d6-e9a9-e6e9fe02935a">
      <Execution id="ccb2cd93-881c-4b4b-8245-357a446252b1" />
      <TestMethod codeBase="C:\Projekty\NUnitTestProject\bin\Debug\netcoreapp3.1\NUnitTestProject.dll" adapterTypeName="executor://nunit3testexecutor/" className="NUnitTestProject.CurrencyHelperTests" name="FormatToStringTest1000(58191.92113629585d,&quot;58191.92 zł&quot;)" />
    </UnitTest>
    <UnitTest name="FormatToStringTest1000(58111.21259843521d,&quot;58111.21 zł&quot;)" storage="c:\projekty\nunittestproject\bin\debug\netcoreapp3.1\nunittestproject.dll" id="b3d20388-ddfe-493d-dfad-f423fc621b48">
      <Execution id="6c82b176-a7aa-4d9e-9d26-b0d132b3d5f5" />
      <TestMethod codeBase="C:\Projekty\NUnitTestProject\bin\Debug\netcoreapp3.1\NUnitTestProject.dll" adapterTypeName="executor://nunit3testexecutor/" className="NUnitTestProject.CurrencyHelperTests" name="FormatToStringTest1000(58111.21259843521d,&quot;58111.21 zł&quot;)" />
    </UnitTest>
    <UnitTest name="FormatToStringTest1000(14100.01255469211d,&quot;14100.01 zł&quot;)" storage="c:\projekty\nunittestproject\bin\debug\netcoreapp3.1\nunittestproject.dll" id="ccf96e16-5dc0-3f30-2892-511f78cf3dfc">
      <Execution id="1a4a45a7-50d6-4e94-9639-cc3cf55bc82c" />
      <TestMethod codeBase="C:\Projekty\NUnitTestProject\bin\Debug\netcoreapp3.1\NUnitTestProject.dll" adapterTypeName="executor://nunit3testexecutor/" className="NUnitTestProject.CurrencyHelperTests" name="FormatToStringTest1000(14100.01255469211d,&quot;14100.01 zł&quot;)" />
    </UnitTest>
    <UnitTest name="FormatToStringTest1000(10511.7304983189d,&quot;10511.73 zł&quot;)" storage="c:\projekty\nunittestproject\bin\debug\netcoreapp3.1\nunittestproject.dll" id="00c173aa-365e-0279-47ce-e69aab924076">
      <Execution id="107451b2-cfda-4ec8-80a8-954fc71cb65c" />
      <TestMethod codeBase="C:\Projekty\NUnitTestProject\bin\Debug\netcoreapp3.1\NUnitTestProject.dll" adapterTypeName="executor://nunit3testexecutor/" className="NUnitTestProject.CurrencyHelperTests" name="FormatToStringTest1000(10511.7304983189d,&quot;10511.73 zł&quot;)" />
    </UnitTest>
    <UnitTest name="FormatToStringTest1000(13681.607566007231d,&quot;13681.61 zł&quot;)" storage="c:\projekty\nunittestproject\bin\debug\netcoreapp3.1\nunittestproject.dll" id="8951be4f-c5d7-21a4-85c8-2fc370bed815">
      <Execution id="c3d420e3-1bf6-4efd-95aa-a0348ae7008f" />
      <TestMethod codeBase="C:\Projekty\NUnitTestProject\bin\Debug\netcoreapp3.1\NUnitTestProject.dll" adapterTypeName="executor://nunit3testexecutor/" className="NUnitTestProject.CurrencyHelperTests" name="FormatToStringTest1000(13681.607566007231d,&quot;13681.61 zł&quot;)" />
    </UnitTest>
    <UnitTest name="FormatToStringTest1000(23684.695462791573d,&quot;23684.70 zł&quot;)" storage="c:\projekty\nunittestproject\bin\debug\netcoreapp3.1\nunittestproject.dll" id="b079a5c8-df38-5909-534e-204d0d33ecf8">
      <Execution id="7fa7a53b-6e54-4ad7-a7f1-fff6fc08d1ec" />
      <TestMethod codeBase="C:\Projekty\NUnitTestProject\bin\Debug\netcoreapp3.1\NUnitTestProject.dll" adapterTypeName="executor://nunit3testexecutor/" className="NUnitTestProject.CurrencyHelperTests" name="FormatToStringTest1000(23684.695462791573d,&quot;23684.70 zł&quot;)" />
    </UnitTest>
    <UnitTest name="FormatToStringTest1000(2951.2722077329045d,&quot;2951.27 zł&quot;)" storage="c:\projekty\nunittestproject\bin\debug\netcoreapp3.1\nunittestproject.dll" id="92e23589-82d8-4d27-764e-fa018e45b747">
      <Execution id="68241e49-03f2-4822-bc29-8779c4a9ec22" />
      <TestMethod codeBase="C:\Projekty\NUnitTestProject\bin\Debug\netcoreapp3.1\NUnitTestProject.dll" adapterTypeName="executor://nunit3testexecutor/" className="NUnitTestProject.CurrencyHelperTests" name="FormatToStringTest1000(2951.2722077329045d,&quot;2951.27 zł&quot;)" />
    </UnitTest>
    <UnitTest name="FormatToStringTest1000(63507.32603545455d,&quot;63507.33 zł&quot;)" storage="c:\projekty\nunittestproject\bin\debug\netcoreapp3.1\nunittestproject.dll" id="d26e5e0e-e63b-6a1f-1d40-d2dc8692bbaf">
      <Execution id="981f9649-1411-4fdf-938f-09357f7d70f7" />
      <TestMethod codeBase="C:\Projekty\NUnitTestProject\bin\Debug\netcoreapp3.1\NUnitTestProject.dll" adapterTypeName="executor://nunit3testexecutor/" className="NUnitTestProject.CurrencyHelperTests" name="FormatToStringTest1000(63507.32603545455d,&quot;63507.33 zł&quot;)" />
    </UnitTest>
    <UnitTest name="FormatToStringTest1000(5961.755129208674d,&quot;5961.76 zł&quot;)" storage="c:\projekty\nunittestproject\bin\debug\netcoreapp3.1\nunittestproject.dll" id="c1905b94-6245-64ed-8028-a7655f8970eb">
      <Execution id="35ac6e3c-1632-43b5-b2bf-60b36ba316a1" />
      <TestMethod codeBase="C:\Projekty\NUnitTestProject\bin\Debug\netcoreapp3.1\NUnitTestProject.dll" adapterTypeName="executor://nunit3testexecutor/" className="NUnitTestProject.CurrencyHelperTests" name="FormatToStringTest1000(5961.755129208674d,&quot;5961.76 zł&quot;)" />
    </UnitTest>
    <UnitTest name="FormatToStringTest1000(36978.61073549213d,&quot;36978.61 zł&quot;)" storage="c:\projekty\nunittestproject\bin\debug\netcoreapp3.1\nunittestproject.dll" id="a461dd4d-6d71-3e10-f8bf-9d15ad34f5c8">
      <Execution id="d55565e3-afa4-4ee8-88a0-4fe8c2bbf8be" />
      <TestMethod codeBase="C:\Projekty\NUnitTestProject\bin\Debug\netcoreapp3.1\NUnitTestProject.dll" adapterTypeName="executor://nunit3testexecutor/" className="NUnitTestProject.CurrencyHelperTests" name="FormatToStringTest1000(36978.61073549213d,&quot;36978.61 zł&quot;)" />
    </UnitTest>
    <UnitTest name="FormatToStringTest1000(4025.728369236797d,&quot;4025.73 zł&quot;)" storage="c:\projekty\nunittestproject\bin\debug\netcoreapp3.1\nunittestproject.dll" id="b8e35215-9c02-c225-ebde-5cb2a4f46f94">
      <Execution id="09086c54-f4d2-438a-9528-c83c3ff2bf01" />
      <TestMethod codeBase="C:\Projekty\NUnitTestProject\bin\Debug\netcoreapp3.1\NUnitTestProject.dll" adapterTypeName="executor://nunit3testexecutor/" className="NUnitTestProject.CurrencyHelperTests" name="FormatToStringTest1000(4025.728369236797d,&quot;4025.73 zł&quot;)" />
    </UnitTest>
    <UnitTest name="FormatToStringTest1000(6213.265206352466d,&quot;6213.27 zł&quot;)" storage="c:\projekty\nunittestproject\bin\debug\netcoreapp3.1\nunittestproject.dll" id="47e7ec55-4391-8546-d1c3-fb5db01a41e8">
      <Execution id="7000366e-9a4c-4d8b-8030-34b843371c7d" />
      <TestMethod codeBase="C:\Projekty\NUnitTestProject\bin\Debug\netcoreapp3.1\NUnitTestProject.dll" adapterTypeName="executor://nunit3testexecutor/" className="NUnitTestProject.CurrencyHelperTests" name="FormatToStringTest1000(6213.265206352466d,&quot;6213.27 zł&quot;)" />
    </UnitTest>
    <UnitTest name="FormatToStringTest1000(57713.01647853712d,&quot;57713.02 zł&quot;)" storage="c:\projekty\nunittestproject\bin\debug\netcoreapp3.1\nunittestproject.dll" id="d29aa2a9-a943-d583-f9f3-c1d6c5281005">
      <Execution id="4b8f282f-f566-41f6-8b15-8f326cf56059" />
      <TestMethod codeBase="C:\Projekty\NUnitTestProject\bin\Debug\netcoreapp3.1\NUnitTestProject.dll" adapterTypeName="executor://nunit3testexecutor/" className="NUnitTestProject.CurrencyHelperTests" name="FormatToStringTest1000(57713.01647853712d,&quot;57713.02 zł&quot;)" />
    </UnitTest>
    <UnitTest name="FormatToStringTest1000(35065.40267025652d,&quot;35065.40 zł&quot;)" storage="c:\projekty\nunittestproject\bin\debug\netcoreapp3.1\nunittestproject.dll" id="2de1f6d1-4fbc-d3f7-5b38-8fabe0afe62f">
      <Execution id="9e2de5cf-1a3a-46f9-908a-b48ee98b3f16" />
      <TestMethod codeBase="C:\Projekty\NUnitTestProject\bin\Debug\netcoreapp3.1\NUnitTestProject.dll" adapterTypeName="executor://nunit3testexecutor/" className="NUnitTestProject.CurrencyHelperTests" name="FormatToStringTest1000(35065.40267025652d,&quot;35065.40 zł&quot;)" />
    </UnitTest>
    <UnitTest name="FormatToStringTest1000(3846.644792262765d,&quot;3846.64 zł&quot;)" storage="c:\projekty\nunittestproject\bin\debug\netcoreapp3.1\nunittestproject.dll" id="aadeeabc-272f-9cbf-16ad-69443e81df6f">
      <Execution id="6fa71a44-0528-4acb-94bc-e0b74cbd17e8" />
      <TestMethod codeBase="C:\Projekty\NUnitTestProject\bin\Debug\netcoreapp3.1\NUnitTestProject.dll" adapterTypeName="executor://nunit3testexecutor/" className="NUnitTestProject.CurrencyHelperTests" name="FormatToStringTest1000(3846.644792262765d,&quot;3846.64 zł&quot;)" />
    </UnitTest>
    <UnitTest name="FormatToStringTest1000(37889.10086727193d,&quot;37889.10 zł&quot;)" storage="c:\projekty\nunittestproject\bin\debug\netcoreapp3.1\nunittestproject.dll" id="7e773498-17b4-9b46-23f5-2783933d2759">
      <Execution id="742f0f0e-70aa-493e-bd58-e52c92cf99b7" />
      <TestMethod codeBase="C:\Projekty\NUnitTestProject\bin\Debug\netcoreapp3.1\NUnitTestProject.dll" adapterTypeName="executor://nunit3testexecutor/" className="NUnitTestProject.CurrencyHelperTests" name="FormatToStringTest1000(37889.10086727193d,&quot;37889.10 zł&quot;)" />
    </UnitTest>
    <UnitTest name="FormatToStringTest1000(7458.609645228652d,&quot;7458.61 zł&quot;)" storage="c:\projekty\nunittestproject\bin\debug\netcoreapp3.1\nunittestproject.dll" id="f2fa6d2d-1c35-dcc0-50da-39045d7858e4">
      <Execution id="e076a115-b9fe-4cf7-897c-5b088305ebc6" />
      <TestMethod codeBase="C:\Projekty\NUnitTestProject\bin\Debug\netcoreapp3.1\NUnitTestProject.dll" adapterTypeName="executor://nunit3testexecutor/" className="NUnitTestProject.CurrencyHelperTests" name="FormatToStringTest1000(7458.609645228652d,&quot;7458.61 zł&quot;)" />
    </UnitTest>
    <UnitTest name="FormatToStringTest1000(4614.673205890541d,&quot;4614.67 zł&quot;)" storage="c:\projekty\nunittestproject\bin\debug\netcoreapp3.1\nunittestproject.dll" id="da1a6990-7ab2-9cdb-3d5d-e5366899dffb">
      <Execution id="6338c48d-38a2-424e-9a52-c4f7811ff7f0" />
      <TestMethod codeBase="C:\Projekty\NUnitTestProject\bin\Debug\netcoreapp3.1\NUnitTestProject.dll" adapterTypeName="executor://nunit3testexecutor/" className="NUnitTestProject.CurrencyHelperTests" name="FormatToStringTest1000(4614.673205890541d,&quot;4614.67 zł&quot;)" />
    </UnitTest>
    <UnitTest name="FormatToStringTest1000(6102.4120417453405d,&quot;6102.41 zł&quot;)" storage="c:\projekty\nunittestproject\bin\debug\netcoreapp3.1\nunittestproject.dll" id="098a6c08-89e3-c4e2-de2b-7f783c0ba1b5">
      <Execution id="b3227c42-e825-4af8-a230-90091d8fc1ff" />
      <TestMethod codeBase="C:\Projekty\NUnitTestProject\bin\Debug\netcoreapp3.1\NUnitTestProject.dll" adapterTypeName="executor://nunit3testexecutor/" className="NUnitTestProject.CurrencyHelperTests" name="FormatToStringTest1000(6102.4120417453405d,&quot;6102.41 zł&quot;)" />
    </UnitTest>
    <UnitTest name="FormatToStringTest1000(18490.912787030877d,&quot;18490.91 zł&quot;)" storage="c:\projekty\nunittestproject\bin\debug\netcoreapp3.1\nunittestproject.dll" id="05be2e04-a7a4-ec81-8b2e-19e4e2cd04d0">
      <Execution id="b988bbfb-cee0-4733-b8a7-e9afb70f8de0" />
      <TestMethod codeBase="C:\Projekty\NUnitTestProject\bin\Debug\netcoreapp3.1\NUnitTestProject.dll" adapterTypeName="executor://nunit3testexecutor/" className="NUnitTestProject.CurrencyHelperTests" name="FormatToStringTest1000(18490.912787030877d,&quot;18490.91 zł&quot;)" />
    </UnitTest>
    <UnitTest name="FormatToStringTest1000(25135.10315489727d,&quot;25135.10 zł&quot;)" storage="c:\projekty\nunittestproject\bin\debug\netcoreapp3.1\nunittestproject.dll" id="91b3bd83-c5b8-4706-180f-6fac0dae10f8">
      <Execution id="9daaca95-fa9c-4d0e-ad37-0262f1045d74" />
      <TestMethod codeBase="C:\Projekty\NUnitTestProject\bin\Debug\netcoreapp3.1\NUnitTestProject.dll" adapterTypeName="executor://nunit3testexecutor/" className="NUnitTestProject.CurrencyHelperTests" name="FormatToStringTest1000(25135.10315489727d,&quot;25135.10 zł&quot;)" />
    </UnitTest>
    <UnitTest name="FormatToStringTest1000(19873.59831658453d,&quot;19873.60 zł&quot;)" storage="c:\projekty\nunittestproject\bin\debug\netcoreapp3.1\nunittestproject.dll" id="0736f335-702e-d9c8-77f1-e0501c90e917">
      <Execution id="c0f9ccb6-67b1-4299-bbdc-4d70411a9870" />
      <TestMethod codeBase="C:\Projekty\NUnitTestProject\bin\Debug\netcoreapp3.1\NUnitTestProject.dll" adapterTypeName="executor://nunit3testexecutor/" className="NUnitTestProject.CurrencyHelperTests" name="FormatToStringTest1000(19873.59831658453d,&quot;19873.60 zł&quot;)" />
    </UnitTest>
    <UnitTest name="FormatToStringTest1000(16282.687804925576d,&quot;16282.69 zł&quot;)" storage="c:\projekty\nunittestproject\bin\debug\netcoreapp3.1\nunittestproject.dll" id="9b2f9530-d092-f9c3-dae1-2f483cfeb52d">
      <Execution id="25b18d23-4b9b-4e88-9b78-c036bc97e12f" />
      <TestMethod codeBase="C:\Projekty\NUnitTestProject\bin\Debug\netcoreapp3.1\NUnitTestProject.dll" adapterTypeName="executor://nunit3testexecutor/" className="NUnitTestProject.CurrencyHelperTests" name="FormatToStringTest1000(16282.687804925576d,&quot;16282.69 zł&quot;)" />
    </UnitTest>
    <UnitTest name="FormatToStringTest1000(32216.686763396807d,&quot;32216.69 zł&quot;)" storage="c:\projekty\nunittestproject\bin\debug\netcoreapp3.1\nunittestproject.dll" id="712c2678-6c5e-0050-868a-1155d0b4fa06">
      <Execution id="743a820d-dd01-4335-8ab8-cf2861ac98d4" />
      <TestMethod codeBase="C:\Projekty\NUnitTestProject\bin\Debug\netcoreapp3.1\NUnitTestProject.dll" adapterTypeName="executor://nunit3testexecutor/" className="NUnitTestProject.CurrencyHelperTests" name="FormatToStringTest1000(32216.686763396807d,&quot;32216.69 zł&quot;)" />
    </UnitTest>
    <UnitTest name="FormatToStringTest1000(577.6071367564645d,&quot;577.61 zł&quot;)" storage="c:\projekty\nunittestproject\bin\debug\netcoreapp3.1\nunittestproject.dll" id="379512c8-8994-594d-a3c0-6d675c1d8949">
      <Execution id="0afe9a56-9f50-4873-97da-95eb7604b799" />
      <TestMethod codeBase="C:\Projekty\NUnitTestProject\bin\Debug\netcoreapp3.1\NUnitTestProject.dll" adapterTypeName="executor://nunit3testexecutor/" className="NUnitTestProject.CurrencyHelperTests" name="FormatToStringTest1000(577.6071367564645d,&quot;577.61 zł&quot;)" />
    </UnitTest>
    <UnitTest name="FormatToStringTest1000(5855.75080885354d,&quot;5855.75 zł&quot;)" storage="c:\projekty\nunittestproject\bin\debug\netcoreapp3.1\nunittestproject.dll" id="184b236a-96f5-5ef7-81e9-55fd01a96b10">
      <Execution id="0a09192f-8482-48f4-bb47-19102a2a1823" />
      <TestMethod codeBase="C:\Projekty\NUnitTestProject\bin\Debug\netcoreapp3.1\NUnitTestProject.dll" adapterTypeName="executor://nunit3testexecutor/" className="NUnitTestProject.CurrencyHelperTests" name="FormatToStringTest1000(5855.75080885354d,&quot;5855.75 zł&quot;)" />
    </UnitTest>
    <UnitTest name="FormatToStringTest1000(22017.250119325356d,&quot;22017.25 zł&quot;)" storage="c:\projekty\nunittestproject\bin\debug\netcoreapp3.1\nunittestproject.dll" id="17ffc344-aceb-1f84-f3bf-8205c38e1b46">
      <Execution id="83d4528a-b8fa-405e-b39b-6e4214e24de5" />
      <TestMethod codeBase="C:\Projekty\NUnitTestProject\bin\Debug\netcoreapp3.1\NUnitTestProject.dll" adapterTypeName="executor://nunit3testexecutor/" className="NUnitTestProject.CurrencyHelperTests" name="FormatToStringTest1000(22017.250119325356d,&quot;22017.25 zł&quot;)" />
    </UnitTest>
    <UnitTest name="FormatToStringTest1000(30807.823896702295d,&quot;30807.82 zł&quot;)" storage="c:\projekty\nunittestproject\bin\debug\netcoreapp3.1\nunittestproject.dll" id="165a8b6f-de27-26f0-6a14-cdb34a40f4c2">
      <Execution id="ed10a0cb-2532-4ca8-8e37-28e2fceeaa94" />
      <TestMethod codeBase="C:\Projekty\NUnitTestProject\bin\Debug\netcoreapp3.1\NUnitTestProject.dll" adapterTypeName="executor://nunit3testexecutor/" className="NUnitTestProject.CurrencyHelperTests" name="FormatToStringTest1000(30807.823896702295d,&quot;30807.82 zł&quot;)" />
    </UnitTest>
    <UnitTest name="FormatToStringTest1000(7716.571614765363d,&quot;7716.57 zł&quot;)" storage="c:\projekty\nunittestproject\bin\debug\netcoreapp3.1\nunittestproject.dll" id="0186510a-61e4-d437-2bd3-30738b03ed56">
      <Execution id="447f0a10-2b6d-40b2-b2c3-81c4fad6477d" />
      <TestMethod codeBase="C:\Projekty\NUnitTestProject\bin\Debug\netcoreapp3.1\NUnitTestProject.dll" adapterTypeName="executor://nunit3testexecutor/" className="NUnitTestProject.CurrencyHelperTests" name="FormatToStringTest1000(7716.571614765363d,&quot;7716.57 zł&quot;)" />
    </UnitTest>
    <UnitTest name="FormatToStringTest1000(49416.285282306504d,&quot;49416.29 zł&quot;)" storage="c:\projekty\nunittestproject\bin\debug\netcoreapp3.1\nunittestproject.dll" id="b1d26b6f-e2ab-c7af-55d4-4d9f04f43eca">
      <Execution id="a0a58bb2-a0cb-4fd9-85ca-9c3b0319d40b" />
      <TestMethod codeBase="C:\Projekty\NUnitTestProject\bin\Debug\netcoreapp3.1\NUnitTestProject.dll" adapterTypeName="executor://nunit3testexecutor/" className="NUnitTestProject.CurrencyHelperTests" name="FormatToStringTest1000(49416.285282306504d,&quot;49416.29 zł&quot;)" />
    </UnitTest>
    <UnitTest name="FormatToStringTest1000(9994.9471861026d,&quot;9994.95 zł&quot;)" storage="c:\projekty\nunittestproject\bin\debug\netcoreapp3.1\nunittestproject.dll" id="e6fa545c-dab4-f63e-4e3b-21ea6de7572d">
      <Execution id="dfa821a5-5488-4c62-be59-d74fc6587394" />
      <TestMethod codeBase="C:\Projekty\NUnitTestProject\bin\Debug\netcoreapp3.1\NUnitTestProject.dll" adapterTypeName="executor://nunit3testexecutor/" className="NUnitTestProject.CurrencyHelperTests" name="FormatToStringTest1000(9994.9471861026d,&quot;9994.95 zł&quot;)" />
    </UnitTest>
    <UnitTest name="FormatToStringTest1000(24251.68593564848d,&quot;24251.69 zł&quot;)" storage="c:\projekty\nunittestproject\bin\debug\netcoreapp3.1\nunittestproject.dll" id="19f5bc79-d564-bb1a-c016-f7779e568c5d">
      <Execution id="e17a1e21-2d48-4357-b6c2-b2298ce86ff6" />
      <TestMethod codeBase="C:\Projekty\NUnitTestProject\bin\Debug\netcoreapp3.1\NUnitTestProject.dll" adapterTypeName="executor://nunit3testexecutor/" className="NUnitTestProject.CurrencyHelperTests" name="FormatToStringTest1000(24251.68593564848d,&quot;24251.69 zł&quot;)" />
    </UnitTest>
    <UnitTest name="FormatToStringTest1000(8582.709131852587d,&quot;8582.71 zł&quot;)" storage="c:\projekty\nunittestproject\bin\debug\netcoreapp3.1\nunittestproject.dll" id="380eb0c8-d6f7-276e-b9b6-a564a8f6129e">
      <Execution id="68cc3afc-5b11-4c0d-86b4-813a9499d417" />
      <TestMethod codeBase="C:\Projekty\NUnitTestProject\bin\Debug\netcoreapp3.1\NUnitTestProject.dll" adapterTypeName="executor://nunit3testexecutor/" className="NUnitTestProject.CurrencyHelperTests" name="FormatToStringTest1000(8582.709131852587d,&quot;8582.71 zł&quot;)" />
    </UnitTest>
    <UnitTest name="FormatToStringTest1000(26843.15785584932d,&quot;26843.16 zł&quot;)" storage="c:\projekty\nunittestproject\bin\debug\netcoreapp3.1\nunittestproject.dll" id="4195877a-ded9-22b8-62f7-465d0dab0554">
      <Execution id="6bcdaf1a-b0b1-47be-8c84-7166a6abd7d1" />
      <TestMethod codeBase="C:\Projekty\NUnitTestProject\bin\Debug\netcoreapp3.1\NUnitTestProject.dll" adapterTypeName="executor://nunit3testexecutor/" className="NUnitTestProject.CurrencyHelperTests" name="FormatToStringTest1000(26843.15785584932d,&quot;26843.16 zł&quot;)" />
    </UnitTest>
    <UnitTest name="FormatToStringTest1000(25882.451101077d,&quot;25882.45 zł&quot;)" storage="c:\projekty\nunittestproject\bin\debug\netcoreapp3.1\nunittestproject.dll" id="61eb0848-4e9b-4d1d-2e7a-801bcb7d8307">
      <Execution id="7abc2251-0e06-428b-863f-7d2ee9ce4def" />
      <TestMethod codeBase="C:\Projekty\NUnitTestProject\bin\Debug\netcoreapp3.1\NUnitTestProject.dll" adapterTypeName="executor://nunit3testexecutor/" className="NUnitTestProject.CurrencyHelperTests" name="FormatToStringTest1000(25882.451101077d,&quot;25882.45 zł&quot;)" />
    </UnitTest>
    <UnitTest name="FormatToStringTest1000(52481.07276821932d,&quot;52481.07 zł&quot;)" storage="c:\projekty\nunittestproject\bin\debug\netcoreapp3.1\nunittestproject.dll" id="ad74bc79-5a2e-0559-0112-48492a8006d2">
      <Execution id="25f4a145-6e82-4ff8-986b-e5be36ecb743" />
      <TestMethod codeBase="C:\Projekty\NUnitTestProject\bin\Debug\netcoreapp3.1\NUnitTestProject.dll" adapterTypeName="executor://nunit3testexecutor/" className="NUnitTestProject.CurrencyHelperTests" name="FormatToStringTest1000(52481.07276821932d,&quot;52481.07 zł&quot;)" />
    </UnitTest>
    <UnitTest name="FormatToStringTest1000(8768.816937361293d,&quot;8768.82 zł&quot;)" storage="c:\projekty\nunittestproject\bin\debug\netcoreapp3.1\nunittestproject.dll" id="11ead46a-3fc2-e54b-9ee7-6572b1ea2616">
      <Execution id="0a54fb6b-f19e-4973-83b5-a3faf1458c38" />
      <TestMethod codeBase="C:\Projekty\NUnitTestProject\bin\Debug\netcoreapp3.1\NUnitTestProject.dll" adapterTypeName="executor://nunit3testexecutor/" className="NUnitTestProject.CurrencyHelperTests" name="FormatToStringTest1000(8768.816937361293d,&quot;8768.82 zł&quot;)" />
    </UnitTest>
    <UnitTest name="FormatToStringTest1000(8492.904747505161d,&quot;8492.90 zł&quot;)" storage="c:\projekty\nunittestproject\bin\debug\netcoreapp3.1\nunittestproject.dll" id="7e45dd7d-e48e-5c57-3fb0-37befdf85fdc">
      <Execution id="35a43ca4-af78-47c1-8cfa-1e101afda323" />
      <TestMethod codeBase="C:\Projekty\NUnitTestProject\bin\Debug\netcoreapp3.1\NUnitTestProject.dll" adapterTypeName="executor://nunit3testexecutor/" className="NUnitTestProject.CurrencyHelperTests" name="FormatToStringTest1000(8492.904747505161d,&quot;8492.90 zł&quot;)" />
    </UnitTest>
    <UnitTest name="FormatToStringTest1000(14063.90676654871d,&quot;14063.91 zł&quot;)" storage="c:\projekty\nunittestproject\bin\debug\netcoreapp3.1\nunittestproject.dll" id="aff0dd6a-515d-d68f-384c-79614af1fe73">
      <Execution id="0d4a7473-7266-4c9b-9abd-e5990b38d7e0" />
      <TestMethod codeBase="C:\Projekty\NUnitTestProject\bin\Debug\netcoreapp3.1\NUnitTestProject.dll" adapterTypeName="executor://nunit3testexecutor/" className="NUnitTestProject.CurrencyHelperTests" name="FormatToStringTest1000(14063.90676654871d,&quot;14063.91 zł&quot;)" />
    </UnitTest>
    <UnitTest name="FormatToStringTest1000(18990.72499258012d,&quot;18990.72 zł&quot;)" storage="c:\projekty\nunittestproject\bin\debug\netcoreapp3.1\nunittestproject.dll" id="bce75dbd-45ca-03c5-19ba-bad21cb2572e">
      <Execution id="b799d65d-2846-4b64-a023-f8f5137fdca7" />
      <TestMethod codeBase="C:\Projekty\NUnitTestProject\bin\Debug\netcoreapp3.1\NUnitTestProject.dll" adapterTypeName="executor://nunit3testexecutor/" className="NUnitTestProject.CurrencyHelperTests" name="FormatToStringTest1000(18990.72499258012d,&quot;18990.72 zł&quot;)" />
    </UnitTest>
    <UnitTest name="FormatToStringTest1000(68479.93492677805d,&quot;68479.93 zł&quot;)" storage="c:\projekty\nunittestproject\bin\debug\netcoreapp3.1\nunittestproject.dll" id="73a1abc1-28a4-b23c-9ff3-4e27cf222dab">
      <Execution id="00b855b7-bc7c-4f65-a957-93f46dfd28b5" />
      <TestMethod codeBase="C:\Projekty\NUnitTestProject\bin\Debug\netcoreapp3.1\NUnitTestProject.dll" adapterTypeName="executor://nunit3testexecutor/" className="NUnitTestProject.CurrencyHelperTests" name="FormatToStringTest1000(68479.93492677805d,&quot;68479.93 zł&quot;)" />
    </UnitTest>
    <UnitTest name="FormatToStringTest1000(9774.341362926803d,&quot;9774.34 zł&quot;)" storage="c:\projekty\nunittestproject\bin\debug\netcoreapp3.1\nunittestproject.dll" id="c93cdb71-2111-93a4-4cd8-a7548cb72ed0">
      <Execution id="c6f64bca-46f8-4ffc-8946-6d8a61c6e4f4" />
      <TestMethod codeBase="C:\Projekty\NUnitTestProject\bin\Debug\netcoreapp3.1\NUnitTestProject.dll" adapterTypeName="executor://nunit3testexecutor/" className="NUnitTestProject.CurrencyHelperTests" name="FormatToStringTest1000(9774.341362926803d,&quot;9774.34 zł&quot;)" />
    </UnitTest>
    <UnitTest name="FormatToStringTest1000(41972.39431566763d,&quot;41972.39 zł&quot;)" storage="c:\projekty\nunittestproject\bin\debug\netcoreapp3.1\nunittestproject.dll" id="cbe7ad88-c615-fcac-7be4-3d317fe5861e">
      <Execution id="27f6bdfe-ff67-4cd6-982d-cba664f59639" />
      <TestMethod codeBase="C:\Projekty\NUnitTestProject\bin\Debug\netcoreapp3.1\NUnitTestProject.dll" adapterTypeName="executor://nunit3testexecutor/" className="NUnitTestProject.CurrencyHelperTests" name="FormatToStringTest1000(41972.39431566763d,&quot;41972.39 zł&quot;)" />
    </UnitTest>
    <UnitTest name="FormatToStringTest1000(22533.17694295811d,&quot;22533.18 zł&quot;)" storage="c:\projekty\nunittestproject\bin\debug\netcoreapp3.1\nunittestproject.dll" id="041696c1-18d1-f2dd-9a5d-5cb1c9e853ff">
      <Execution id="56ce4625-503a-493b-84c4-b4b9adc875c9" />
      <TestMethod codeBase="C:\Projekty\NUnitTestProject\bin\Debug\netcoreapp3.1\NUnitTestProject.dll" adapterTypeName="executor://nunit3testexecutor/" className="NUnitTestProject.CurrencyHelperTests" name="FormatToStringTest1000(22533.17694295811d,&quot;22533.18 zł&quot;)" />
    </UnitTest>
    <UnitTest name="FormatToStringTest1000(30383.303633991305d,&quot;30383.30 zł&quot;)" storage="c:\projekty\nunittestproject\bin\debug\netcoreapp3.1\nunittestproject.dll" id="209edf4d-3b12-5a43-fec0-fca0d1a4ea6d">
      <Execution id="60bab3a8-f771-4c71-9925-eea444628586" />
      <TestMethod codeBase="C:\Projekty\NUnitTestProject\bin\Debug\netcoreapp3.1\NUnitTestProject.dll" adapterTypeName="executor://nunit3testexecutor/" className="NUnitTestProject.CurrencyHelperTests" name="FormatToStringTest1000(30383.303633991305d,&quot;30383.30 zł&quot;)" />
    </UnitTest>
    <UnitTest name="FormatToStringTest1000(1130.8119115372242d,&quot;1130.81 zł&quot;)" storage="c:\projekty\nunittestproject\bin\debug\netcoreapp3.1\nunittestproject.dll" id="5bdb1fb9-c083-a878-8185-d4ef40939b65">
      <Execution id="407e4a40-02af-4b33-978a-b29c81a1b981" />
      <TestMethod codeBase="C:\Projekty\NUnitTestProject\bin\Debug\netcoreapp3.1\NUnitTestProject.dll" adapterTypeName="executor://nunit3testexecutor/" className="NUnitTestProject.CurrencyHelperTests" name="FormatToStringTest1000(1130.8119115372242d,&quot;1130.81 zł&quot;)" />
    </UnitTest>
    <UnitTest name="FormatToStringTest1000(5396.620088554277d,&quot;5396.62 zł&quot;)" storage="c:\projekty\nunittestproject\bin\debug\netcoreapp3.1\nunittestproject.dll" id="93356272-81f1-2ca0-6a2b-a94c51c52201">
      <Execution id="53fcbbd1-dcad-4997-863f-837565657708" />
      <TestMethod codeBase="C:\Projekty\NUnitTestProject\bin\Debug\netcoreapp3.1\NUnitTestProject.dll" adapterTypeName="executor://nunit3testexecutor/" className="NUnitTestProject.CurrencyHelperTests" name="FormatToStringTest1000(5396.620088554277d,&quot;5396.62 zł&quot;)" />
    </UnitTest>
    <UnitTest name="FormatToStringTest1000(15669.698889610218d,&quot;15669.70 zł&quot;)" storage="c:\projekty\nunittestproject\bin\debug\netcoreapp3.1\nunittestproject.dll" id="7e94e694-684d-fa09-70c8-651a86e03ea4">
      <Execution id="3e9b7453-fc81-496a-aa97-b58e95d781ad" />
      <TestMethod codeBase="C:\Projekty\NUnitTestProject\bin\Debug\netcoreapp3.1\NUnitTestProject.dll" adapterTypeName="executor://nunit3testexecutor/" className="NUnitTestProject.CurrencyHelperTests" name="FormatToStringTest1000(15669.698889610218d,&quot;15669.70 zł&quot;)" />
    </UnitTest>
    <UnitTest name="FormatToStringTest1000(67338.80028760935d,&quot;67338.80 zł&quot;)" storage="c:\projekty\nunittestproject\bin\debug\netcoreapp3.1\nunittestproject.dll" id="511f69f7-a0fb-1d5f-80a7-db38c945bbc4">
      <Execution id="c4ce4d3a-d44f-460d-9943-2333223c7ddb" />
      <TestMethod codeBase="C:\Projekty\NUnitTestProject\bin\Debug\netcoreapp3.1\NUnitTestProject.dll" adapterTypeName="executor://nunit3testexecutor/" className="NUnitTestProject.CurrencyHelperTests" name="FormatToStringTest1000(67338.80028760935d,&quot;67338.80 zł&quot;)" />
    </UnitTest>
    <UnitTest name="FormatToStringTest1000(12187.551827252633d,&quot;12187.55 zł&quot;)" storage="c:\projekty\nunittestproject\bin\debug\netcoreapp3.1\nunittestproject.dll" id="4593d3e0-40c6-d633-5fcd-f61df33025dc">
      <Execution id="71dadddc-cceb-4b16-8fed-eb2c53857347" />
      <TestMethod codeBase="C:\Projekty\NUnitTestProject\bin\Debug\netcoreapp3.1\NUnitTestProject.dll" adapterTypeName="executor://nunit3testexecutor/" className="NUnitTestProject.CurrencyHelperTests" name="FormatToStringTest1000(12187.551827252633d,&quot;12187.55 zł&quot;)" />
    </UnitTest>
    <UnitTest name="FormatToStringTest1000(4857.211933034105d,&quot;4857.21 zł&quot;)" storage="c:\projekty\nunittestproject\bin\debug\netcoreapp3.1\nunittestproject.dll" id="a488094a-b6b5-d178-8919-9dcf3be59209">
      <Execution id="d36d4b81-d6da-4db6-9a29-15b50f59d65f" />
      <TestMethod codeBase="C:\Projekty\NUnitTestProject\bin\Debug\netcoreapp3.1\NUnitTestProject.dll" adapterTypeName="executor://nunit3testexecutor/" className="NUnitTestProject.CurrencyHelperTests" name="FormatToStringTest1000(4857.211933034105d,&quot;4857.21 zł&quot;)" />
    </UnitTest>
    <UnitTest name="FormatToStringTest1000(74514.06270644537d,&quot;74514.06 zł&quot;)" storage="c:\projekty\nunittestproject\bin\debug\netcoreapp3.1\nunittestproject.dll" id="c2833739-846c-dde5-0033-1a2de8fc4d5a">
      <Execution id="d4b85b4d-935e-49b9-a56f-da23815278ea" />
      <TestMethod codeBase="C:\Projekty\NUnitTestProject\bin\Debug\netcoreapp3.1\NUnitTestProject.dll" adapterTypeName="executor://nunit3testexecutor/" className="NUnitTestProject.CurrencyHelperTests" name="FormatToStringTest1000(74514.06270644537d,&quot;74514.06 zł&quot;)" />
    </UnitTest>
    <UnitTest name="FormatToStringTest1000(35248.53555717996d,&quot;35248.54 zł&quot;)" storage="c:\projekty\nunittestproject\bin\debug\netcoreapp3.1\nunittestproject.dll" id="7f9e3406-835c-5c12-68cf-08b73690e2b2">
      <Execution id="e79a0a4c-32c7-4463-b694-2798e2fa640f" />
      <TestMethod codeBase="C:\Projekty\NUnitTestProject\bin\Debug\netcoreapp3.1\NUnitTestProject.dll" adapterTypeName="executor://nunit3testexecutor/" className="NUnitTestProject.CurrencyHelperTests" name="FormatToStringTest1000(35248.53555717996d,&quot;35248.54 zł&quot;)" />
    </UnitTest>
    <UnitTest name="FormatToStringTest1000(5247.779940802501d,&quot;5247.78 zł&quot;)" storage="c:\projekty\nunittestproject\bin\debug\netcoreapp3.1\nunittestproject.dll" id="112e422e-04b2-3ba3-ad56-a1e5d3cfbd79">
      <Execution id="cc3fddc0-c61d-4865-a552-13c130497e8f" />
      <TestMethod codeBase="C:\Projekty\NUnitTestProject\bin\Debug\netcoreapp3.1\NUnitTestProject.dll" adapterTypeName="executor://nunit3testexecutor/" className="NUnitTestProject.CurrencyHelperTests" name="FormatToStringTest1000(5247.779940802501d,&quot;5247.78 zł&quot;)" />
    </UnitTest>
    <UnitTest name="FormatToStringTest1000(39146.892120180135d,&quot;39146.89 zł&quot;)" storage="c:\projekty\nunittestproject\bin\debug\netcoreapp3.1\nunittestproject.dll" id="853ab17c-1011-8c0b-9611-6a309f52ffd7">
      <Execution id="d39e46ac-e827-413e-9c7b-417300bfcad8" />
      <TestMethod codeBase="C:\Projekty\NUnitTestProject\bin\Debug\netcoreapp3.1\NUnitTestProject.dll" adapterTypeName="executor://nunit3testexecutor/" className="NUnitTestProject.CurrencyHelperTests" name="FormatToStringTest1000(39146.892120180135d,&quot;39146.89 zł&quot;)" />
    </UnitTest>
    <UnitTest name="FormatToStringTest1000(17579.823312525088d,&quot;17579.82 zł&quot;)" storage="c:\projekty\nunittestproject\bin\debug\netcoreapp3.1\nunittestproject.dll" id="38306153-a308-b729-5fc5-ac18787be15f">
      <Execution id="2dac57a6-f80b-4b3c-bbde-67b464f66d66" />
      <TestMethod codeBase="C:\Projekty\NUnitTestProject\bin\Debug\netcoreapp3.1\NUnitTestProject.dll" adapterTypeName="executor://nunit3testexecutor/" className="NUnitTestProject.CurrencyHelperTests" name="FormatToStringTest1000(17579.823312525088d,&quot;17579.82 zł&quot;)" />
    </UnitTest>
    <UnitTest name="FormatToStringTest1000(30320.450517486992d,&quot;30320.45 zł&quot;)" storage="c:\projekty\nunittestproject\bin\debug\netcoreapp3.1\nunittestproject.dll" id="5bc31484-16d9-023b-e244-308f6e26f09a">
      <Execution id="da466a9f-67f0-46a4-a9bb-0244ab0dd496" />
      <TestMethod codeBase="C:\Projekty\NUnitTestProject\bin\Debug\netcoreapp3.1\NUnitTestProject.dll" adapterTypeName="executor://nunit3testexecutor/" className="NUnitTestProject.CurrencyHelperTests" name="FormatToStringTest1000(30320.450517486992d,&quot;30320.45 zł&quot;)" />
    </UnitTest>
    <UnitTest name="FormatToStringTest1000(25116.590135570892d,&quot;25116.59 zł&quot;)" storage="c:\projekty\nunittestproject\bin\debug\netcoreapp3.1\nunittestproject.dll" id="3ff03a46-b206-b458-f53e-9c5468df465e">
      <Execution id="3fdfc99b-7a45-405d-8a18-28bbbfad3d82" />
      <TestMethod codeBase="C:\Projekty\NUnitTestProject\bin\Debug\netcoreapp3.1\NUnitTestProject.dll" adapterTypeName="executor://nunit3testexecutor/" className="NUnitTestProject.CurrencyHelperTests" name="FormatToStringTest1000(25116.590135570892d,&quot;25116.59 zł&quot;)" />
    </UnitTest>
    <UnitTest name="FormatToStringTest1000(81326.3340147521d,&quot;81326.33 zł&quot;)" storage="c:\projekty\nunittestproject\bin\debug\netcoreapp3.1\nunittestproject.dll" id="1a9a0ddf-514c-baf9-413c-22119b976aa4">
      <Execution id="b0914a64-7ea3-492a-ba7a-ddc7f1cd8497" />
      <TestMethod codeBase="C:\Projekty\NUnitTestProject\bin\Debug\netcoreapp3.1\NUnitTestProject.dll" adapterTypeName="executor://nunit3testexecutor/" className="NUnitTestProject.CurrencyHelperTests" name="FormatToStringTest1000(81326.3340147521d,&quot;81326.33 zł&quot;)" />
    </UnitTest>
    <UnitTest name="FormatToStringTest1000(100.45267071130345d,&quot;100.45 zł&quot;)" storage="c:\projekty\nunittestproject\bin\debug\netcoreapp3.1\nunittestproject.dll" id="bf8e531c-343c-5c0a-d3e5-66c9023885a3">
      <Execution id="ea5f2b7b-1c00-42a8-8367-bd3b02c34ef0" />
      <TestMethod codeBase="C:\Projekty\NUnitTestProject\bin\Debug\netcoreapp3.1\NUnitTestProject.dll" adapterTypeName="executor://nunit3testexecutor/" className="NUnitTestProject.CurrencyHelperTests" name="FormatToStringTest1000(100.45267071130345d,&quot;100.45 zł&quot;)" />
    </UnitTest>
    <UnitTest name="FormatToStringTest1000(4812.162927013898d,&quot;4812.16 zł&quot;)" storage="c:\projekty\nunittestproject\bin\debug\netcoreapp3.1\nunittestproject.dll" id="f0622268-a7b0-73db-dcaa-b07ea595271b">
      <Execution id="fc374bb9-3d3f-458d-aea5-5f1fde90bc5a" />
      <TestMethod codeBase="C:\Projekty\NUnitTestProject\bin\Debug\netcoreapp3.1\NUnitTestProject.dll" adapterTypeName="executor://nunit3testexecutor/" className="NUnitTestProject.CurrencyHelperTests" name="FormatToStringTest1000(4812.162927013898d,&quot;4812.16 zł&quot;)" />
    </UnitTest>
    <UnitTest name="FormatToStringTest1000(2166.4103293970275d,&quot;2166.41 zł&quot;)" storage="c:\projekty\nunittestproject\bin\debug\netcoreapp3.1\nunittestproject.dll" id="b09e548c-5a83-3ac9-fa3f-e5118e38e1d9">
      <Execution id="63b51cf8-8e2c-4a8c-af96-17cb2f04275f" />
      <TestMethod codeBase="C:\Projekty\NUnitTestProject\bin\Debug\netcoreapp3.1\NUnitTestProject.dll" adapterTypeName="executor://nunit3testexecutor/" className="NUnitTestProject.CurrencyHelperTests" name="FormatToStringTest1000(2166.4103293970275d,&quot;2166.41 zł&quot;)" />
    </UnitTest>
    <UnitTest name="FormatToStringTest1000(1562.3173604776698d,&quot;1562.32 zł&quot;)" storage="c:\projekty\nunittestproject\bin\debug\netcoreapp3.1\nunittestproject.dll" id="d187567e-7ba7-c49e-1e54-13fd327095e9">
      <Execution id="f2b2f698-6b0f-42f4-ad3e-558ca1b97a04" />
      <TestMethod codeBase="C:\Projekty\NUnitTestProject\bin\Debug\netcoreapp3.1\NUnitTestProject.dll" adapterTypeName="executor://nunit3testexecutor/" className="NUnitTestProject.CurrencyHelperTests" name="FormatToStringTest1000(1562.3173604776698d,&quot;1562.32 zł&quot;)" />
    </UnitTest>
    <UnitTest name="FormatToStringTest1000(22604.838218828587d,&quot;22604.84 zł&quot;)" storage="c:\projekty\nunittestproject\bin\debug\netcoreapp3.1\nunittestproject.dll" id="5667c806-5b5f-868c-360c-740b6f484339">
      <Execution id="57f69167-ce87-4e16-9a94-6efaad42c7e1" />
      <TestMethod codeBase="C:\Projekty\NUnitTestProject\bin\Debug\netcoreapp3.1\NUnitTestProject.dll" adapterTypeName="executor://nunit3testexecutor/" className="NUnitTestProject.CurrencyHelperTests" name="FormatToStringTest1000(22604.838218828587d,&quot;22604.84 zł&quot;)" />
    </UnitTest>
    <UnitTest name="FormatToStringTest1000(12903.541202012237d,&quot;12903.54 zł&quot;)" storage="c:\projekty\nunittestproject\bin\debug\netcoreapp3.1\nunittestproject.dll" id="1ae81526-c34e-30fb-a453-ec950aa3ef1c">
      <Execution id="68710bae-cd1f-47af-9696-67c910649d90" />
      <TestMethod codeBase="C:\Projekty\NUnitTestProject\bin\Debug\netcoreapp3.1\NUnitTestProject.dll" adapterTypeName="executor://nunit3testexecutor/" className="NUnitTestProject.CurrencyHelperTests" name="FormatToStringTest1000(12903.541202012237d,&quot;12903.54 zł&quot;)" />
    </UnitTest>
    <UnitTest name="FormatToStringTest1000(4652.407073443945d,&quot;4652.41 zł&quot;)" storage="c:\projekty\nunittestproject\bin\debug\netcoreapp3.1\nunittestproject.dll" id="bc3f5322-761c-1784-32c8-0807bc806b0a">
      <Execution id="7f557f28-e7ce-433e-9bb2-e3e6684fa046" />
      <TestMethod codeBase="C:\Projekty\NUnitTestProject\bin\Debug\netcoreapp3.1\NUnitTestProject.dll" adapterTypeName="executor://nunit3testexecutor/" className="NUnitTestProject.CurrencyHelperTests" name="FormatToStringTest1000(4652.407073443945d,&quot;4652.41 zł&quot;)" />
    </UnitTest>
    <UnitTest name="FormatToStringTest1000(29362.005930638876d,&quot;29362.01 zł&quot;)" storage="c:\projekty\nunittestproject\bin\debug\netcoreapp3.1\nunittestproject.dll" id="5c5be749-8fc1-a0d2-2b32-3e2f32d1a7a1">
      <Execution id="9767f72c-4e46-4c5a-8bd8-db0945d9c162" />
      <TestMethod codeBase="C:\Projekty\NUnitTestProject\bin\Debug\netcoreapp3.1\NUnitTestProject.dll" adapterTypeName="executor://nunit3testexecutor/" className="NUnitTestProject.CurrencyHelperTests" name="FormatToStringTest1000(29362.005930638876d,&quot;29362.01 zł&quot;)" />
    </UnitTest>
    <UnitTest name="FormatToStringTest1000(158.49784791027093d,&quot;158.50 zł&quot;)" storage="c:\projekty\nunittestproject\bin\debug\netcoreapp3.1\nunittestproject.dll" id="69c4777a-51de-9c54-0ee3-eb6af65c109e">
      <Execution id="da27bfb6-ba24-4053-8d1c-085ecf2c75d2" />
      <TestMethod codeBase="C:\Projekty\NUnitTestProject\bin\Debug\netcoreapp3.1\NUnitTestProject.dll" adapterTypeName="executor://nunit3testexecutor/" className="NUnitTestProject.CurrencyHelperTests" name="FormatToStringTest1000(158.49784791027093d,&quot;158.50 zł&quot;)" />
    </UnitTest>
    <UnitTest name="FormatToStringTest1000(40035.54711080787d,&quot;40035.55 zł&quot;)" storage="c:\projekty\nunittestproject\bin\debug\netcoreapp3.1\nunittestproject.dll" id="7ba81b36-e120-9974-bbd1-63dae796d45c">
      <Execution id="a0d9cb63-fae6-48bc-bb6c-e4023df0e010" />
      <TestMethod codeBase="C:\Projekty\NUnitTestProject\bin\Debug\netcoreapp3.1\NUnitTestProject.dll" adapterTypeName="executor://nunit3testexecutor/" className="NUnitTestProject.CurrencyHelperTests" name="FormatToStringTest1000(40035.54711080787d,&quot;40035.55 zł&quot;)" />
    </UnitTest>
    <UnitTest name="FormatToStringTest1000(238.1379397484185d,&quot;238.14 zł&quot;)" storage="c:\projekty\nunittestproject\bin\debug\netcoreapp3.1\nunittestproject.dll" id="b781e920-c895-0d1c-5363-71c65713c53a">
      <Execution id="5880b80c-8cc8-45de-aa21-71e2639cbb48" />
      <TestMethod codeBase="C:\Projekty\NUnitTestProject\bin\Debug\netcoreapp3.1\NUnitTestProject.dll" adapterTypeName="executor://nunit3testexecutor/" className="NUnitTestProject.CurrencyHelperTests" name="FormatToStringTest1000(238.1379397484185d,&quot;238.14 zł&quot;)" />
    </UnitTest>
    <UnitTest name="FormatToStringTest1000(16986.338876065027d,&quot;16986.34 zł&quot;)" storage="c:\projekty\nunittestproject\bin\debug\netcoreapp3.1\nunittestproject.dll" id="aeefe3bf-b956-1766-ab65-91503c288180">
      <Execution id="e9130005-573f-49a0-bbd5-6680e7e0bf53" />
      <TestMethod codeBase="C:\Projekty\NUnitTestProject\bin\Debug\netcoreapp3.1\NUnitTestProject.dll" adapterTypeName="executor://nunit3testexecutor/" className="NUnitTestProject.CurrencyHelperTests" name="FormatToStringTest1000(16986.338876065027d,&quot;16986.34 zł&quot;)" />
    </UnitTest>
    <UnitTest name="FormatToStringTest1000(6170.939441211959d,&quot;6170.94 zł&quot;)" storage="c:\projekty\nunittestproject\bin\debug\netcoreapp3.1\nunittestproject.dll" id="3490543a-9aad-4d93-690a-aa8da10d1845">
      <Execution id="1492afbd-448b-4ede-adbb-35c0d567f8ae" />
      <TestMethod codeBase="C:\Projekty\NUnitTestProject\bin\Debug\netcoreapp3.1\NUnitTestProject.dll" adapterTypeName="executor://nunit3testexecutor/" className="NUnitTestProject.CurrencyHelperTests" name="FormatToStringTest1000(6170.939441211959d,&quot;6170.94 zł&quot;)" />
    </UnitTest>
    <UnitTest name="FormatToStringTest1000(66019.32414194118d,&quot;66019.32 zł&quot;)" storage="c:\projekty\nunittestproject\bin\debug\netcoreapp3.1\nunittestproject.dll" id="cee9a7d1-ec49-f6f1-a300-399ccd3bc1b7">
      <Execution id="ebef146a-8b8d-4f20-b387-4a7accd54197" />
      <TestMethod codeBase="C:\Projekty\NUnitTestProject\bin\Debug\netcoreapp3.1\NUnitTestProject.dll" adapterTypeName="executor://nunit3testexecutor/" className="NUnitTestProject.CurrencyHelperTests" name="FormatToStringTest1000(66019.32414194118d,&quot;66019.32 zł&quot;)" />
    </UnitTest>
    <UnitTest name="FormatToStringTest1000(22248.263319677797d,&quot;22248.26 zł&quot;)" storage="c:\projekty\nunittestproject\bin\debug\netcoreapp3.1\nunittestproject.dll" id="f4854fd4-587a-5d07-271a-654c42d2751c">
      <Execution id="dd7ab9fd-855a-4f21-9807-3aeec19e9d44" />
      <TestMethod codeBase="C:\Projekty\NUnitTestProject\bin\Debug\netcoreapp3.1\NUnitTestProject.dll" adapterTypeName="executor://nunit3testexecutor/" className="NUnitTestProject.CurrencyHelperTests" name="FormatToStringTest1000(22248.263319677797d,&quot;22248.26 zł&quot;)" />
    </UnitTest>
    <UnitTest name="FormatToStringTest1000(9867.823212210007d,&quot;9867.82 zł&quot;)" storage="c:\projekty\nunittestproject\bin\debug\netcoreapp3.1\nunittestproject.dll" id="386c80c9-6738-6119-052a-4c505d8f4e31">
      <Execution id="d5593ef4-c665-47ee-b250-29359e9efa28" />
      <TestMethod codeBase="C:\Projekty\NUnitTestProject\bin\Debug\netcoreapp3.1\NUnitTestProject.dll" adapterTypeName="executor://nunit3testexecutor/" className="NUnitTestProject.CurrencyHelperTests" name="FormatToStringTest1000(9867.823212210007d,&quot;9867.82 zł&quot;)" />
    </UnitTest>
    <UnitTest name="FormatToStringTest1000(8599.45217413616d,&quot;8599.45 zł&quot;)" storage="c:\projekty\nunittestproject\bin\debug\netcoreapp3.1\nunittestproject.dll" id="b707b6dd-6efb-76f3-be89-5a3ace5192c9">
      <Execution id="bbbfe2b5-7ba5-461f-979e-8685b4c23905" />
      <TestMethod codeBase="C:\Projekty\NUnitTestProject\bin\Debug\netcoreapp3.1\NUnitTestProject.dll" adapterTypeName="executor://nunit3testexecutor/" className="NUnitTestProject.CurrencyHelperTests" name="FormatToStringTest1000(8599.45217413616d,&quot;8599.45 zł&quot;)" />
    </UnitTest>
    <UnitTest name="FormatToStringTest1000(51632.87002968503d,&quot;51632.87 zł&quot;)" storage="c:\projekty\nunittestproject\bin\debug\netcoreapp3.1\nunittestproject.dll" id="b074171d-4bb2-388e-f619-96efeb179b06">
      <Execution id="3ebb4861-eb4e-4100-9c73-93394ed51171" />
      <TestMethod codeBase="C:\Projekty\NUnitTestProject\bin\Debug\netcoreapp3.1\NUnitTestProject.dll" adapterTypeName="executor://nunit3testexecutor/" className="NUnitTestProject.CurrencyHelperTests" name="FormatToStringTest1000(51632.87002968503d,&quot;51632.87 zł&quot;)" />
    </UnitTest>
    <UnitTest name="FormatToStringTest1000(74152.7503934562d,&quot;74152.75 zł&quot;)" storage="c:\projekty\nunittestproject\bin\debug\netcoreapp3.1\nunittestproject.dll" id="d147ccf7-2e90-d95d-62de-1759c3690066">
      <Execution id="88e999b4-a17b-4fc2-93f4-87f6bce1c291" />
      <TestMethod codeBase="C:\Projekty\NUnitTestProject\bin\Debug\netcoreapp3.1\NUnitTestProject.dll" adapterTypeName="executor://nunit3testexecutor/" className="NUnitTestProject.CurrencyHelperTests" name="FormatToStringTest1000(74152.7503934562d,&quot;74152.75 zł&quot;)" />
    </UnitTest>
    <UnitTest name="FormatToStringTest1000(38803.03958246253d,&quot;38803.04 zł&quot;)" storage="c:\projekty\nunittestproject\bin\debug\netcoreapp3.1\nunittestproject.dll" id="032648fc-0fdc-1a5c-ef88-d85403381c03">
      <Execution id="a5d38858-4f4e-4e09-abcf-ca50ab9dbe07" />
      <TestMethod codeBase="C:\Projekty\NUnitTestProject\bin\Debug\netcoreapp3.1\NUnitTestProject.dll" adapterTypeName="executor://nunit3testexecutor/" className="NUnitTestProject.CurrencyHelperTests" name="FormatToStringTest1000(38803.03958246253d,&quot;38803.04 zł&quot;)" />
    </UnitTest>
    <UnitTest name="FormatToStringTest1000(750.5106571719566d,&quot;750.51 zł&quot;)" storage="c:\projekty\nunittestproject\bin\debug\netcoreapp3.1\nunittestproject.dll" id="764dde41-f2ed-c432-64e0-910368db710d">
      <Execution id="c36fe1ee-5f63-4387-925c-c88e31abe485" />
      <TestMethod codeBase="C:\Projekty\NUnitTestProject\bin\Debug\netcoreapp3.1\NUnitTestProject.dll" adapterTypeName="executor://nunit3testexecutor/" className="NUnitTestProject.CurrencyHelperTests" name="FormatToStringTest1000(750.5106571719566d,&quot;750.51 zł&quot;)" />
    </UnitTest>
    <UnitTest name="FormatToStringTest1000(60701.5177499319d,&quot;60701.52 zł&quot;)" storage="c:\projekty\nunittestproject\bin\debug\netcoreapp3.1\nunittestproject.dll" id="5793f365-d163-be21-ca1f-4a66a13f32b3">
      <Execution id="5d9d1c6b-d68e-4fd5-b78c-db183957cb25" />
      <TestMethod codeBase="C:\Projekty\NUnitTestProject\bin\Debug\netcoreapp3.1\NUnitTestProject.dll" adapterTypeName="executor://nunit3testexecutor/" className="NUnitTestProject.CurrencyHelperTests" name="FormatToStringTest1000(60701.5177499319d,&quot;60701.52 zł&quot;)" />
    </UnitTest>
    <UnitTest name="FormatToStringTest1000(3521.3657738167635d,&quot;3521.37 zł&quot;)" storage="c:\projekty\nunittestproject\bin\debug\netcoreapp3.1\nunittestproject.dll" id="daebc394-ed43-a172-b3fd-00de92d9d60e">
      <Execution id="b8e53d82-8517-43ad-bbb7-26f01bfd1960" />
      <TestMethod codeBase="C:\Projekty\NUnitTestProject\bin\Debug\netcoreapp3.1\NUnitTestProject.dll" adapterTypeName="executor://nunit3testexecutor/" className="NUnitTestProject.CurrencyHelperTests" name="FormatToStringTest1000(3521.3657738167635d,&quot;3521.37 zł&quot;)" />
    </UnitTest>
    <UnitTest name="FormatToStringTest1000(15129.433864736666d,&quot;15129.43 zł&quot;)" storage="c:\projekty\nunittestproject\bin\debug\netcoreapp3.1\nunittestproject.dll" id="8257a4bf-ab18-2761-6e92-b21983b2b798">
      <Execution id="83b48a0e-a14a-4e43-9ed8-d4f4d204a6b1" />
      <TestMethod codeBase="C:\Projekty\NUnitTestProject\bin\Debug\netcoreapp3.1\NUnitTestProject.dll" adapterTypeName="executor://nunit3testexecutor/" className="NUnitTestProject.CurrencyHelperTests" name="FormatToStringTest1000(15129.433864736666d,&quot;15129.43 zł&quot;)" />
    </UnitTest>
    <UnitTest name="FormatToStringTest1000(6752.510462437062d,&quot;6752.51 zł&quot;)" storage="c:\projekty\nunittestproject\bin\debug\netcoreapp3.1\nunittestproject.dll" id="2e664e3e-5b40-d901-9f2b-e816fa56a993">
      <Execution id="1a391b5f-b778-4a8b-8e8e-0cbcebd14b97" />
      <TestMethod codeBase="C:\Projekty\NUnitTestProject\bin\Debug\netcoreapp3.1\NUnitTestProject.dll" adapterTypeName="executor://nunit3testexecutor/" className="NUnitTestProject.CurrencyHelperTests" name="FormatToStringTest1000(6752.510462437062d,&quot;6752.51 zł&quot;)" />
    </UnitTest>
    <UnitTest name="FormatToStringTest1000(18794.859523484418d,&quot;18794.86 zł&quot;)" storage="c:\projekty\nunittestproject\bin\debug\netcoreapp3.1\nunittestproject.dll" id="2adcf87c-7078-5286-2ca1-778b501cd9f7">
      <Execution id="df67d866-62c6-4fd0-a030-be3013a9d78f" />
      <TestMethod codeBase="C:\Projekty\NUnitTestProject\bin\Debug\netcoreapp3.1\NUnitTestProject.dll" adapterTypeName="executor://nunit3testexecutor/" className="NUnitTestProject.CurrencyHelperTests" name="FormatToStringTest1000(18794.859523484418d,&quot;18794.86 zł&quot;)" />
    </UnitTest>
    <UnitTest name="FormatToStringTest1000(4898.699005344277d,&quot;4898.70 zł&quot;)" storage="c:\projekty\nunittestproject\bin\debug\netcoreapp3.1\nunittestproject.dll" id="02f82b15-1853-9f05-8754-8f243db3e9b1">
      <Execution id="b59ab98f-5485-4f2d-94ee-13fd107d496e" />
      <TestMethod codeBase="C:\Projekty\NUnitTestProject\bin\Debug\netcoreapp3.1\NUnitTestProject.dll" adapterTypeName="executor://nunit3testexecutor/" className="NUnitTestProject.CurrencyHelperTests" name="FormatToStringTest1000(4898.699005344277d,&quot;4898.70 zł&quot;)" />
    </UnitTest>
    <UnitTest name="FormatToStringTest1000(45930.2386782068d,&quot;45930.24 zł&quot;)" storage="c:\projekty\nunittestproject\bin\debug\netcoreapp3.1\nunittestproject.dll" id="d61c5a24-3052-33c6-809a-bcd51f433ccc">
      <Execution id="ac76c7de-304d-41c6-9830-fdebeccb75ff" />
      <TestMethod codeBase="C:\Projekty\NUnitTestProject\bin\Debug\netcoreapp3.1\NUnitTestProject.dll" adapterTypeName="executor://nunit3testexecutor/" className="NUnitTestProject.CurrencyHelperTests" name="FormatToStringTest1000(45930.2386782068d,&quot;45930.24 zł&quot;)" />
    </UnitTest>
    <UnitTest name="FormatToStringTest1000(12429.698213906819d,&quot;12429.70 zł&quot;)" storage="c:\projekty\nunittestproject\bin\debug\netcoreapp3.1\nunittestproject.dll" id="5fdca359-14d7-98c9-3f79-03e22f946141">
      <Execution id="f2cd96fe-d82a-4acb-bf85-b7fb8e9ca70c" />
      <TestMethod codeBase="C:\Projekty\NUnitTestProject\bin\Debug\netcoreapp3.1\NUnitTestProject.dll" adapterTypeName="executor://nunit3testexecutor/" className="NUnitTestProject.CurrencyHelperTests" name="FormatToStringTest1000(12429.698213906819d,&quot;12429.70 zł&quot;)" />
    </UnitTest>
    <UnitTest name="FormatToStringTest1000(10461.455048841171d,&quot;10461.46 zł&quot;)" storage="c:\projekty\nunittestproject\bin\debug\netcoreapp3.1\nunittestproject.dll" id="3fdf9576-9d1e-7734-64c7-98030c7feb4a">
      <Execution id="1abbcf64-57bd-473a-b242-e4c1477fd2d4" />
      <TestMethod codeBase="C:\Projekty\NUnitTestProject\bin\Debug\netcoreapp3.1\NUnitTestProject.dll" adapterTypeName="executor://nunit3testexecutor/" className="NUnitTestProject.CurrencyHelperTests" name="FormatToStringTest1000(10461.455048841171d,&quot;10461.46 zł&quot;)" />
    </UnitTest>
    <UnitTest name="FormatToStringTest1000(3131.5022711732904d,&quot;3131.50 zł&quot;)" storage="c:\projekty\nunittestproject\bin\debug\netcoreapp3.1\nunittestproject.dll" id="2f0cf2d4-3a28-6b74-1791-705b9f0277be">
      <Execution id="fbf99469-0351-4fcc-915b-a867ef54daee" />
      <TestMethod codeBase="C:\Projekty\NUnitTestProject\bin\Debug\netcoreapp3.1\NUnitTestProject.dll" adapterTypeName="executor://nunit3testexecutor/" className="NUnitTestProject.CurrencyHelperTests" name="FormatToStringTest1000(3131.5022711732904d,&quot;3131.50 zł&quot;)" />
    </UnitTest>
    <UnitTest name="FormatToStringTest1000(6958.393354767186d,&quot;6958.39 zł&quot;)" storage="c:\projekty\nunittestproject\bin\debug\netcoreapp3.1\nunittestproject.dll" id="96b3d30f-d6cb-f987-10e4-934fbe7403b3">
      <Execution id="0548be22-0d0c-43b2-bb33-e01daef2f711" />
      <TestMethod codeBase="C:\Projekty\NUnitTestProject\bin\Debug\netcoreapp3.1\NUnitTestProject.dll" adapterTypeName="executor://nunit3testexecutor/" className="NUnitTestProject.CurrencyHelperTests" name="FormatToStringTest1000(6958.393354767186d,&quot;6958.39 zł&quot;)" />
    </UnitTest>
    <UnitTest name="FormatToStringTest1000(270.1894008262033d,&quot;270.19 zł&quot;)" storage="c:\projekty\nunittestproject\bin\debug\netcoreapp3.1\nunittestproject.dll" id="9a5250b7-62e0-de5b-0bd3-c2b7c7798ce7">
      <Execution id="eebbf14e-41dc-4cae-a6e3-a607f1f334aa" />
      <TestMethod codeBase="C:\Projekty\NUnitTestProject\bin\Debug\netcoreapp3.1\NUnitTestProject.dll" adapterTypeName="executor://nunit3testexecutor/" className="NUnitTestProject.CurrencyHelperTests" name="FormatToStringTest1000(270.1894008262033d,&quot;270.19 zł&quot;)" />
    </UnitTest>
    <UnitTest name="FormatToStringTest1000(904.351189922705d,&quot;904.35 zł&quot;)" storage="c:\projekty\nunittestproject\bin\debug\netcoreapp3.1\nunittestproject.dll" id="a52cde15-d4da-6fd7-917d-2f5d406fbd21">
      <Execution id="8d9ecd8f-5df4-47e1-b693-924b95d7fa26" />
      <TestMethod codeBase="C:\Projekty\NUnitTestProject\bin\Debug\netcoreapp3.1\NUnitTestProject.dll" adapterTypeName="executor://nunit3testexecutor/" className="NUnitTestProject.CurrencyHelperTests" name="FormatToStringTest1000(904.351189922705d,&quot;904.35 zł&quot;)" />
    </UnitTest>
    <UnitTest name="FormatToStringTest1000(4252.4012513842445d,&quot;4252.40 zł&quot;)" storage="c:\projekty\nunittestproject\bin\debug\netcoreapp3.1\nunittestproject.dll" id="aa52f83a-fd01-4271-59b5-322ecc9f9333">
      <Execution id="abfc77d3-a220-415e-b13b-7c0c86a82932" />
      <TestMethod codeBase="C:\Projekty\NUnitTestProject\bin\Debug\netcoreapp3.1\NUnitTestProject.dll" adapterTypeName="executor://nunit3testexecutor/" className="NUnitTestProject.CurrencyHelperTests" name="FormatToStringTest1000(4252.4012513842445d,&quot;4252.40 zł&quot;)" />
    </UnitTest>
    <UnitTest name="FormatToStringTest1000(42555.01416107594d,&quot;42555.01 zł&quot;)" storage="c:\projekty\nunittestproject\bin\debug\netcoreapp3.1\nunittestproject.dll" id="e073dcb9-6292-6a4c-9a77-75ed0e912310">
      <Execution id="5230beac-3ed0-427c-8ca2-e36cbd4e143a" />
      <TestMethod codeBase="C:\Projekty\NUnitTestProject\bin\Debug\netcoreapp3.1\NUnitTestProject.dll" adapterTypeName="executor://nunit3testexecutor/" className="NUnitTestProject.CurrencyHelperTests" name="FormatToStringTest1000(42555.01416107594d,&quot;42555.01 zł&quot;)" />
    </UnitTest>
    <UnitTest name="FormatToStringTest1000(66945.02904917022d,&quot;66945.03 zł&quot;)" storage="c:\projekty\nunittestproject\bin\debug\netcoreapp3.1\nunittestproject.dll" id="712f5c64-914a-8747-dac9-aeb72d33838f">
      <Execution id="da9a0492-fffc-4c17-a04f-7c1d5682f865" />
      <TestMethod codeBase="C:\Projekty\NUnitTestProject\bin\Debug\netcoreapp3.1\NUnitTestProject.dll" adapterTypeName="executor://nunit3testexecutor/" className="NUnitTestProject.CurrencyHelperTests" name="FormatToStringTest1000(66945.02904917022d,&quot;66945.03 zł&quot;)" />
    </UnitTest>
    <UnitTest name="FormatToStringTest1000(7193.552206002898d,&quot;7193.55 zł&quot;)" storage="c:\projekty\nunittestproject\bin\debug\netcoreapp3.1\nunittestproject.dll" id="e16968dc-e551-2d79-073b-6318cfa896ba">
      <Execution id="aea3b321-5dd9-4d71-b69d-7283d0d0e0d3" />
      <TestMethod codeBase="C:\Projekty\NUnitTestProject\bin\Debug\netcoreapp3.1\NUnitTestProject.dll" adapterTypeName="executor://nunit3testexecutor/" className="NUnitTestProject.CurrencyHelperTests" name="FormatToStringTest1000(7193.552206002898d,&quot;7193.55 zł&quot;)" />
    </UnitTest>
    <UnitTest name="FormatToStringTest1000(2835.0728237931958d,&quot;2835.07 zł&quot;)" storage="c:\projekty\nunittestproject\bin\debug\netcoreapp3.1\nunittestproject.dll" id="ff7d5d75-8704-2f07-483c-d76f3a2523cc">
      <Execution id="8f1eb829-e5b7-4f93-98f2-54ab4bb3d6ed" />
      <TestMethod codeBase="C:\Projekty\NUnitTestProject\bin\Debug\netcoreapp3.1\NUnitTestProject.dll" adapterTypeName="executor://nunit3testexecutor/" className="NUnitTestProject.CurrencyHelperTests" name="FormatToStringTest1000(2835.0728237931958d,&quot;2835.07 zł&quot;)" />
    </UnitTest>
    <UnitTest name="FormatToStringTest1000(67380.07704875062d,&quot;67380.08 zł&quot;)" storage="c:\projekty\nunittestproject\bin\debug\netcoreapp3.1\nunittestproject.dll" id="891c0d76-e64c-f414-ec6a-1381d76267bf">
      <Execution id="2aa23001-1969-485a-a985-e115f6ca9a6a" />
      <TestMethod codeBase="C:\Projekty\NUnitTestProject\bin\Debug\netcoreapp3.1\NUnitTestProject.dll" adapterTypeName="executor://nunit3testexecutor/" className="NUnitTestProject.CurrencyHelperTests" name="FormatToStringTest1000(67380.07704875062d,&quot;67380.08 zł&quot;)" />
    </UnitTest>
    <UnitTest name="FormatToStringTest1000(19783.413847500186d,&quot;19783.41 zł&quot;)" storage="c:\projekty\nunittestproject\bin\debug\netcoreapp3.1\nunittestproject.dll" id="bf09f141-5d04-1546-3599-f58a7debd81e">
      <Execution id="172689c7-def4-4041-a71c-dc994fcd2734" />
      <TestMethod codeBase="C:\Projekty\NUnitTestProject\bin\Debug\netcoreapp3.1\NUnitTestProject.dll" adapterTypeName="executor://nunit3testexecutor/" className="NUnitTestProject.CurrencyHelperTests" name="FormatToStringTest1000(19783.413847500186d,&quot;19783.41 zł&quot;)" />
    </UnitTest>
    <UnitTest name="FormatToStringTest1000(12528.413830086782d,&quot;12528.41 zł&quot;)" storage="c:\projekty\nunittestproject\bin\debug\netcoreapp3.1\nunittestproject.dll" id="311588b6-1eda-5995-3667-7c2c732d3f34">
      <Execution id="c04e4213-f06b-4017-beaf-23c7e83bb601" />
      <TestMethod codeBase="C:\Projekty\NUnitTestProject\bin\Debug\netcoreapp3.1\NUnitTestProject.dll" adapterTypeName="executor://nunit3testexecutor/" className="NUnitTestProject.CurrencyHelperTests" name="FormatToStringTest1000(12528.413830086782d,&quot;12528.41 zł&quot;)" />
    </UnitTest>
    <UnitTest name="FormatToStringTest1000(47431.868885526375d,&quot;47431.87 zł&quot;)" storage="c:\projekty\nunittestproject\bin\debug\netcoreapp3.1\nunittestproject.dll" id="0f39fcee-dd2f-44a0-e35a-8e74fa0a37f5">
      <Execution id="a8c69d80-27ba-4bab-b937-da5eaee88986" />
      <TestMethod codeBase="C:\Projekty\NUnitTestProject\bin\Debug\netcoreapp3.1\NUnitTestProject.dll" adapterTypeName="executor://nunit3testexecutor/" className="NUnitTestProject.CurrencyHelperTests" name="FormatToStringTest1000(47431.868885526375d,&quot;47431.87 zł&quot;)" />
    </UnitTest>
    <UnitTest name="FormatToStringTest1000(9843.625240445894d,&quot;9843.63 zł&quot;)" storage="c:\projekty\nunittestproject\bin\debug\netcoreapp3.1\nunittestproject.dll" id="c1189369-93b0-2acc-f712-00eac1c7b884">
      <Execution id="6e197555-0c06-408b-98d3-d543aa1ad8fa" />
      <TestMethod codeBase="C:\Projekty\NUnitTestProject\bin\Debug\netcoreapp3.1\NUnitTestProject.dll" adapterTypeName="executor://nunit3testexecutor/" className="NUnitTestProject.CurrencyHelperTests" name="FormatToStringTest1000(9843.625240445894d,&quot;9843.63 zł&quot;)" />
    </UnitTest>
    <UnitTest name="FormatToStringTest1000(49256.65708813195d,&quot;49256.66 zł&quot;)" storage="c:\projekty\nunittestproject\bin\debug\netcoreapp3.1\nunittestproject.dll" id="4860ad68-0544-30ce-66fd-690992dae18e">
      <Execution id="16a28355-e012-4c57-b07f-b3a651767974" />
      <TestMethod codeBase="C:\Projekty\NUnitTestProject\bin\Debug\netcoreapp3.1\NUnitTestProject.dll" adapterTypeName="executor://nunit3testexecutor/" className="NUnitTestProject.CurrencyHelperTests" name="FormatToStringTest1000(49256.65708813195d,&quot;49256.66 zł&quot;)" />
    </UnitTest>
    <UnitTest name="FormatToStringTest1000(16210.791556035536d,&quot;16210.79 zł&quot;)" storage="c:\projekty\nunittestproject\bin\debug\netcoreapp3.1\nunittestproject.dll" id="d39fbf53-bbf3-020f-e6d4-44b45bc00b41">
      <Execution id="9ecac897-e284-40a2-8c13-c22fe7f0b7ad" />
      <TestMethod codeBase="C:\Projekty\NUnitTestProject\bin\Debug\netcoreapp3.1\NUnitTestProject.dll" adapterTypeName="executor://nunit3testexecutor/" className="NUnitTestProject.CurrencyHelperTests" name="FormatToStringTest1000(16210.791556035536d,&quot;16210.79 zł&quot;)" />
    </UnitTest>
    <UnitTest name="FormatToStringTest1000(1963.0091662979728d,&quot;1963.01 zł&quot;)" storage="c:\projekty\nunittestproject\bin\debug\netcoreapp3.1\nunittestproject.dll" id="848d2a90-a6ed-8153-c519-d66b9a7193d9">
      <Execution id="4e0567b1-165e-45d6-b8ee-e38fb6b83873" />
      <TestMethod codeBase="C:\Projekty\NUnitTestProject\bin\Debug\netcoreapp3.1\NUnitTestProject.dll" adapterTypeName="executor://nunit3testexecutor/" className="NUnitTestProject.CurrencyHelperTests" name="FormatToStringTest1000(1963.0091662979728d,&quot;1963.01 zł&quot;)" />
    </UnitTest>
    <UnitTest name="FormatToStringTest1000(59247.898931587064d,&quot;59247.90 zł&quot;)" storage="c:\projekty\nunittestproject\bin\debug\netcoreapp3.1\nunittestproject.dll" id="097d9f12-a8b0-74cc-8829-12842d451447">
      <Execution id="b00b8f9c-2041-42ce-9a52-0a34267adec2" />
      <TestMethod codeBase="C:\Projekty\NUnitTestProject\bin\Debug\netcoreapp3.1\NUnitTestProject.dll" adapterTypeName="executor://nunit3testexecutor/" className="NUnitTestProject.CurrencyHelperTests" name="FormatToStringTest1000(59247.898931587064d,&quot;59247.90 zł&quot;)" />
    </UnitTest>
    <UnitTest name="FormatToStringTest1000(14719.97001409762d,&quot;14719.97 zł&quot;)" storage="c:\projekty\nunittestproject\bin\debug\netcoreapp3.1\nunittestproject.dll" id="e919c93b-2878-e388-877b-68a9f48cc9b1">
      <Execution id="c984f2f9-6741-4aed-89fb-bfce6d85b19c" />
      <TestMethod codeBase="C:\Projekty\NUnitTestProject\bin\Debug\netcoreapp3.1\NUnitTestProject.dll" adapterTypeName="executor://nunit3testexecutor/" className="NUnitTestProject.CurrencyHelperTests" name="FormatToStringTest1000(14719.97001409762d,&quot;14719.97 zł&quot;)" />
    </UnitTest>
    <UnitTest name="FormatToStringTest1000(76751.79413498091d,&quot;76751.79 zł&quot;)" storage="c:\projekty\nunittestproject\bin\debug\netcoreapp3.1\nunittestproject.dll" id="4ce6cb72-dabd-e3eb-6074-df75f0abcb26">
      <Execution id="c4cf9ff7-be62-4ea0-ba2e-e3b6556bcd0f" />
      <TestMethod codeBase="C:\Projekty\NUnitTestProject\bin\Debug\netcoreapp3.1\NUnitTestProject.dll" adapterTypeName="executor://nunit3testexecutor/" className="NUnitTestProject.CurrencyHelperTests" name="FormatToStringTest1000(76751.79413498091d,&quot;76751.79 zł&quot;)" />
    </UnitTest>
    <UnitTest name="FormatToStringTest1000(88616.03808168416d,&quot;88616.04 zł&quot;)" storage="c:\projekty\nunittestproject\bin\debug\netcoreapp3.1\nunittestproject.dll" id="80a01599-be59-3356-d51c-3d8e6f327fd1">
      <Execution id="dbbc0ce6-4110-4296-a60d-74878bc0440a" />
      <TestMethod codeBase="C:\Projekty\NUnitTestProject\bin\Debug\netcoreapp3.1\NUnitTestProject.dll" adapterTypeName="executor://nunit3testexecutor/" className="NUnitTestProject.CurrencyHelperTests" name="FormatToStringTest1000(88616.03808168416d,&quot;88616.04 zł&quot;)" />
    </UnitTest>
    <UnitTest name="FormatToStringTest1000(19882.647973500494d,&quot;19882.65 zł&quot;)" storage="c:\projekty\nunittestproject\bin\debug\netcoreapp3.1\nunittestproject.dll" id="24a1bb0d-d69a-de21-49e4-5bbbeaac5021">
      <Execution id="67721f18-6148-432a-856e-16507006059a" />
      <TestMethod codeBase="C:\Projekty\NUnitTestProject\bin\Debug\netcoreapp3.1\NUnitTestProject.dll" adapterTypeName="executor://nunit3testexecutor/" className="NUnitTestProject.CurrencyHelperTests" name="FormatToStringTest1000(19882.647973500494d,&quot;19882.65 zł&quot;)" />
    </UnitTest>
    <UnitTest name="FormatToStringTest1000(76106.57198894516d,&quot;76106.57 zł&quot;)" storage="c:\projekty\nunittestproject\bin\debug\netcoreapp3.1\nunittestproject.dll" id="b643553f-2706-197d-9fb1-e9b050657f08">
      <Execution id="e1a98398-763f-4f6a-96aa-5ce2d25e5500" />
      <TestMethod codeBase="C:\Projekty\NUnitTestProject\bin\Debug\netcoreapp3.1\NUnitTestProject.dll" adapterTypeName="executor://nunit3testexecutor/" className="NUnitTestProject.CurrencyHelperTests" name="FormatToStringTest1000(76106.57198894516d,&quot;76106.57 zł&quot;)" />
    </UnitTest>
    <UnitTest name="FormatToStringTest1000(25794.833624416417d,&quot;25794.83 zł&quot;)" storage="c:\projekty\nunittestproject\bin\debug\netcoreapp3.1\nunittestproject.dll" id="64584126-c6a0-fbd7-9fe1-1a9b0d36c2b6">
      <Execution id="9eb14562-7ffa-4cf9-afc1-23f11efb0c38" />
      <TestMethod codeBase="C:\Projekty\NUnitTestProject\bin\Debug\netcoreapp3.1\NUnitTestProject.dll" adapterTypeName="executor://nunit3testexecutor/" className="NUnitTestProject.CurrencyHelperTests" name="FormatToStringTest1000(25794.833624416417d,&quot;25794.83 zł&quot;)" />
    </UnitTest>
    <UnitTest name="FormatToStringTest1000(33206.73122987837d,&quot;33206.73 zł&quot;)" storage="c:\projekty\nunittestproject\bin\debug\netcoreapp3.1\nunittestproject.dll" id="b1be5e34-279b-4416-5a52-95321e0442b4">
      <Execution id="28a80455-cb7d-40f8-bcd0-991c7efc4151" />
      <TestMethod codeBase="C:\Projekty\NUnitTestProject\bin\Debug\netcoreapp3.1\NUnitTestProject.dll" adapterTypeName="executor://nunit3testexecutor/" className="NUnitTestProject.CurrencyHelperTests" name="FormatToStringTest1000(33206.73122987837d,&quot;33206.73 zł&quot;)" />
    </UnitTest>
    <UnitTest name="FormatToStringTest1000(32812.53695512634d,&quot;32812.54 zł&quot;)" storage="c:\projekty\nunittestproject\bin\debug\netcoreapp3.1\nunittestproject.dll" id="c7fd498b-03da-468c-aa24-ce275275bb84">
      <Execution id="d870dc44-c6d6-4716-a600-0f00a05349a3" />
      <TestMethod codeBase="C:\Projekty\NUnitTestProject\bin\Debug\netcoreapp3.1\NUnitTestProject.dll" adapterTypeName="executor://nunit3testexecutor/" className="NUnitTestProject.CurrencyHelperTests" name="FormatToStringTest1000(32812.53695512634d,&quot;32812.54 zł&quot;)" />
    </UnitTest>
    <UnitTest name="FormatToStringTest1000(3799.9216302064815d,&quot;3799.92 zł&quot;)" storage="c:\projekty\nunittestproject\bin\debug\netcoreapp3.1\nunittestproject.dll" id="adc5ef62-1184-5cc3-ec81-b0b338d88e48">
      <Execution id="4fce4e04-dc36-42e5-b449-6524445b3af3" />
      <TestMethod codeBase="C:\Projekty\NUnitTestProject\bin\Debug\netcoreapp3.1\NUnitTestProject.dll" adapterTypeName="executor://nunit3testexecutor/" className="NUnitTestProject.CurrencyHelperTests" name="FormatToStringTest1000(3799.9216302064815d,&quot;3799.92 zł&quot;)" />
    </UnitTest>
    <UnitTest name="FormatToStringTest1000(20482.32969107308d,&quot;20482.33 zł&quot;)" storage="c:\projekty\nunittestproject\bin\debug\netcoreapp3.1\nunittestproject.dll" id="50412f91-cd15-dc69-c1d6-5d9dbd95d4af">
      <Execution id="48e6707b-ad45-45c9-95d8-92c3e3ec2da1" />
      <TestMethod codeBase="C:\Projekty\NUnitTestProject\bin\Debug\netcoreapp3.1\NUnitTestProject.dll" adapterTypeName="executor://nunit3testexecutor/" className="NUnitTestProject.CurrencyHelperTests" name="FormatToStringTest1000(20482.32969107308d,&quot;20482.33 zł&quot;)" />
    </UnitTest>
    <UnitTest name="FormatToStringTest1000(45070.5442499493d,&quot;45070.54 zł&quot;)" storage="c:\projekty\nunittestproject\bin\debug\netcoreapp3.1\nunittestproject.dll" id="ce8c4658-51b9-647a-8bb3-9c2995dd5a3c">
      <Execution id="7388de96-9aae-4037-ba4f-9866916f96f3" />
      <TestMethod codeBase="C:\Projekty\NUnitTestProject\bin\Debug\netcoreapp3.1\NUnitTestProject.dll" adapterTypeName="executor://nunit3testexecutor/" className="NUnitTestProject.CurrencyHelperTests" name="FormatToStringTest1000(45070.5442499493d,&quot;45070.54 zł&quot;)" />
    </UnitTest>
    <UnitTest name="FormatToStringTest1000(30126.012320622805d,&quot;30126.01 zł&quot;)" storage="c:\projekty\nunittestproject\bin\debug\netcoreapp3.1\nunittestproject.dll" id="39997ae6-4a52-e491-d8ae-8d3f689efcd5">
      <Execution id="bd1ce2c0-d323-4d23-b3df-19510aaabb4a" />
      <TestMethod codeBase="C:\Projekty\NUnitTestProject\bin\Debug\netcoreapp3.1\NUnitTestProject.dll" adapterTypeName="executor://nunit3testexecutor/" className="NUnitTestProject.CurrencyHelperTests" name="FormatToStringTest1000(30126.012320622805d,&quot;30126.01 zł&quot;)" />
    </UnitTest>
    <UnitTest name="FormatToStringTest1000(1799.2562459103092d,&quot;1799.26 zł&quot;)" storage="c:\projekty\nunittestproject\bin\debug\netcoreapp3.1\nunittestproject.dll" id="f2ce681e-8a28-41b9-4a1e-04b76b54add8">
      <Execution id="8aba9b1e-dbca-4561-9093-efcca5b4b7b9" />
      <TestMethod codeBase="C:\Projekty\NUnitTestProject\bin\Debug\netcoreapp3.1\NUnitTestProject.dll" adapterTypeName="executor://nunit3testexecutor/" className="NUnitTestProject.CurrencyHelperTests" name="FormatToStringTest1000(1799.2562459103092d,&quot;1799.26 zł&quot;)" />
    </UnitTest>
    <UnitTest name="FormatToStringTest1000(7119.076353227755d,&quot;7119.08 zł&quot;)" storage="c:\projekty\nunittestproject\bin\debug\netcoreapp3.1\nunittestproject.dll" id="0c4c15ff-4158-9c17-cd9b-2647420fd170">
      <Execution id="f615b6d2-23f5-44e5-adc1-de736b31b05f" />
      <TestMethod codeBase="C:\Projekty\NUnitTestProject\bin\Debug\netcoreapp3.1\NUnitTestProject.dll" adapterTypeName="executor://nunit3testexecutor/" className="NUnitTestProject.CurrencyHelperTests" name="FormatToStringTest1000(7119.076353227755d,&quot;7119.08 zł&quot;)" />
    </UnitTest>
    <UnitTest name="FormatToStringTest1000(20012.898273490322d,&quot;20012.90 zł&quot;)" storage="c:\projekty\nunittestproject\bin\debug\netcoreapp3.1\nunittestproject.dll" id="19843874-c731-8a36-a21a-27e85d4f5a57">
      <Execution id="7a7d04ca-2c64-4142-8aa9-9e29b2eff061" />
      <TestMethod codeBase="C:\Projekty\NUnitTestProject\bin\Debug\netcoreapp3.1\NUnitTestProject.dll" adapterTypeName="executor://nunit3testexecutor/" className="NUnitTestProject.CurrencyHelperTests" name="FormatToStringTest1000(20012.898273490322d,&quot;20012.90 zł&quot;)" />
    </UnitTest>
    <UnitTest name="FormatToStringTest1000(15190.097283723344d,&quot;15190.10 zł&quot;)" storage="c:\projekty\nunittestproject\bin\debug\netcoreapp3.1\nunittestproject.dll" id="ef53e72d-a746-f7fd-4dfa-41ab2ce4fb60">
      <Execution id="8afe6cf1-cf09-4f18-81da-80e150c0fce8" />
      <TestMethod codeBase="C:\Projekty\NUnitTestProject\bin\Debug\netcoreapp3.1\NUnitTestProject.dll" adapterTypeName="executor://nunit3testexecutor/" className="NUnitTestProject.CurrencyHelperTests" name="FormatToStringTest1000(15190.097283723344d,&quot;15190.10 zł&quot;)" />
    </UnitTest>
    <UnitTest name="FormatToStringTest1000(9503.466049463705d,&quot;9503.47 zł&quot;)" storage="c:\projekty\nunittestproject\bin\debug\netcoreapp3.1\nunittestproject.dll" id="7b7e9341-cf8b-f510-483a-d874dccbbbca">
      <Execution id="87dcf098-0348-470f-aa76-e2dbda86949d" />
      <TestMethod codeBase="C:\Projekty\NUnitTestProject\bin\Debug\netcoreapp3.1\NUnitTestProject.dll" adapterTypeName="executor://nunit3testexecutor/" className="NUnitTestProject.CurrencyHelperTests" name="FormatToStringTest1000(9503.466049463705d,&quot;9503.47 zł&quot;)" />
    </UnitTest>
    <UnitTest name="FormatToStringTest1000(3431.864349926759d,&quot;3431.86 zł&quot;)" storage="c:\projekty\nunittestproject\bin\debug\netcoreapp3.1\nunittestproject.dll" id="99e6fef3-9023-2c5a-5c8b-926a855c5d84">
      <Execution id="0feacdde-7033-43c2-9f57-33ef815834b3" />
      <TestMethod codeBase="C:\Projekty\NUnitTestProject\bin\Debug\netcoreapp3.1\NUnitTestProject.dll" adapterTypeName="executor://nunit3testexecutor/" className="NUnitTestProject.CurrencyHelperTests" name="FormatToStringTest1000(3431.864349926759d,&quot;3431.86 zł&quot;)" />
    </UnitTest>
    <UnitTest name="FormatToStringTest1000(8095.485677032492d,&quot;8095.49 zł&quot;)" storage="c:\projekty\nunittestproject\bin\debug\netcoreapp3.1\nunittestproject.dll" id="b168b1f7-674c-8775-2a66-cf7d7f806851">
      <Execution id="3ba52c1e-7f47-4e0f-a8a2-6454b25c8761" />
      <TestMethod codeBase="C:\Projekty\NUnitTestProject\bin\Debug\netcoreapp3.1\NUnitTestProject.dll" adapterTypeName="executor://nunit3testexecutor/" className="NUnitTestProject.CurrencyHelperTests" name="FormatToStringTest1000(8095.485677032492d,&quot;8095.49 zł&quot;)" />
    </UnitTest>
    <UnitTest name="FormatToStringTest1000(79.6815319544084d,&quot;79.68 zł&quot;)" storage="c:\projekty\nunittestproject\bin\debug\netcoreapp3.1\nunittestproject.dll" id="95a4da2d-eeda-4697-a7af-1236c580bef1">
      <Execution id="4001a19b-48d9-4246-9a2b-471a60fbf03e" />
      <TestMethod codeBase="C:\Projekty\NUnitTestProject\bin\Debug\netcoreapp3.1\NUnitTestProject.dll" adapterTypeName="executor://nunit3testexecutor/" className="NUnitTestProject.CurrencyHelperTests" name="FormatToStringTest1000(79.6815319544084d,&quot;79.68 zł&quot;)" />
    </UnitTest>
    <UnitTest name="FormatToStringTest1000(11100.829211263372d,&quot;11100.83 zł&quot;)" storage="c:\projekty\nunittestproject\bin\debug\netcoreapp3.1\nunittestproject.dll" id="705f4fef-5f3d-03f1-6410-c3ee16921998">
      <Execution id="b423a81e-f14c-413c-b8b5-f36af8ecd2f7" />
      <TestMethod codeBase="C:\Projekty\NUnitTestProject\bin\Debug\netcoreapp3.1\NUnitTestProject.dll" adapterTypeName="executor://nunit3testexecutor/" className="NUnitTestProject.CurrencyHelperTests" name="FormatToStringTest1000(11100.829211263372d,&quot;11100.83 zł&quot;)" />
    </UnitTest>
    <UnitTest name="FormatToStringTest1000(11944.74385168531d,&quot;11944.74 zł&quot;)" storage="c:\projekty\nunittestproject\bin\debug\netcoreapp3.1\nunittestproject.dll" id="1172006b-9d72-b3a7-ee7d-07862438f160">
      <Execution id="43608dd2-6b12-4629-8967-9aad248d65b2" />
      <TestMethod codeBase="C:\Projekty\NUnitTestProject\bin\Debug\netcoreapp3.1\NUnitTestProject.dll" adapterTypeName="executor://nunit3testexecutor/" className="NUnitTestProject.CurrencyHelperTests" name="FormatToStringTest1000(11944.74385168531d,&quot;11944.74 zł&quot;)" />
    </UnitTest>
    <UnitTest name="FormatToStringTest1000(6313.543884690639d,&quot;6313.54 zł&quot;)" storage="c:\projekty\nunittestproject\bin\debug\netcoreapp3.1\nunittestproject.dll" id="75afa51d-4efe-ca98-69aa-dcba7171c9c1">
      <Execution id="b4d5d685-acbf-45d6-9315-be948969ce7c" />
      <TestMethod codeBase="C:\Projekty\NUnitTestProject\bin\Debug\netcoreapp3.1\NUnitTestProject.dll" adapterTypeName="executor://nunit3testexecutor/" className="NUnitTestProject.CurrencyHelperTests" name="FormatToStringTest1000(6313.543884690639d,&quot;6313.54 zł&quot;)" />
    </UnitTest>
    <UnitTest name="FormatToStringTest1000(1181.5773122979222d,&quot;1181.58 zł&quot;)" storage="c:\projekty\nunittestproject\bin\debug\netcoreapp3.1\nunittestproject.dll" id="b7ec82f7-3497-4dc6-bb74-fbcde89b4ab4">
      <Execution id="5d98a68a-c297-431f-8ea2-518618f6777c" />
      <TestMethod codeBase="C:\Projekty\NUnitTestProject\bin\Debug\netcoreapp3.1\NUnitTestProject.dll" adapterTypeName="executor://nunit3testexecutor/" className="NUnitTestProject.CurrencyHelperTests" name="FormatToStringTest1000(1181.5773122979222d,&quot;1181.58 zł&quot;)" />
    </UnitTest>
    <UnitTest name="FormatToStringTest1000(20978.860218282258d,&quot;20978.86 zł&quot;)" storage="c:\projekty\nunittestproject\bin\debug\netcoreapp3.1\nunittestproject.dll" id="9c7df8f2-0bef-5347-a48a-3dbf0cbe5e21">
      <Execution id="2d27eced-680a-4cee-bd38-f9e797073276" />
      <TestMethod codeBase="C:\Projekty\NUnitTestProject\bin\Debug\netcoreapp3.1\NUnitTestProject.dll" adapterTypeName="executor://nunit3testexecutor/" className="NUnitTestProject.CurrencyHelperTests" name="FormatToStringTest1000(20978.860218282258d,&quot;20978.86 zł&quot;)" />
    </UnitTest>
    <UnitTest name="FormatToStringTest1000(6027.66019266828d,&quot;6027.66 zł&quot;)" storage="c:\projekty\nunittestproject\bin\debug\netcoreapp3.1\nunittestproject.dll" id="7422afbf-8dc8-2993-87d6-1f702a4bc862">
      <Execution id="68e202e0-8e9d-48d2-8dc4-559f498db61b" />
      <TestMethod codeBase="C:\Projekty\NUnitTestProject\bin\Debug\netcoreapp3.1\NUnitTestProject.dll" adapterTypeName="executor://nunit3testexecutor/" className="NUnitTestProject.CurrencyHelperTests" name="FormatToStringTest1000(6027.66019266828d,&quot;6027.66 zł&quot;)" />
    </UnitTest>
    <UnitTest name="FormatToStringTest1000(10641.263377953444d,&quot;10641.26 zł&quot;)" storage="c:\projekty\nunittestproject\bin\debug\netcoreapp3.1\nunittestproject.dll" id="9abe82c5-80fa-2d6a-e76f-8b42c308f2c5">
      <Execution id="3ff90a05-aeff-453f-91f9-eda84cf0daf1" />
      <TestMethod codeBase="C:\Projekty\NUnitTestProject\bin\Debug\netcoreapp3.1\NUnitTestProject.dll" adapterTypeName="executor://nunit3testexecutor/" className="NUnitTestProject.CurrencyHelperTests" name="FormatToStringTest1000(10641.263377953444d,&quot;10641.26 zł&quot;)" />
    </UnitTest>
    <UnitTest name="FormatToStringTest1000(6654.099431086378d,&quot;6654.10 zł&quot;)" storage="c:\projekty\nunittestproject\bin\debug\netcoreapp3.1\nunittestproject.dll" id="62b70b12-663c-a906-288d-6817a450e2b9">
      <Execution id="6bded00c-da99-499d-8005-5fe0e4c8722f" />
      <TestMethod codeBase="C:\Projekty\NUnitTestProject\bin\Debug\netcoreapp3.1\NUnitTestProject.dll" adapterTypeName="executor://nunit3testexecutor/" className="NUnitTestProject.CurrencyHelperTests" name="FormatToStringTest1000(6654.099431086378d,&quot;6654.10 zł&quot;)" />
    </UnitTest>
    <UnitTest name="FormatToStringTest1000(7669.3855620214645d,&quot;7669.39 zł&quot;)" storage="c:\projekty\nunittestproject\bin\debug\netcoreapp3.1\nunittestproject.dll" id="90740d7b-70ce-f3ca-de0f-889615c99e7a">
      <Execution id="a2f2f5d8-9ca2-4618-ac1a-6462b356432a" />
      <TestMethod codeBase="C:\Projekty\NUnitTestProject\bin\Debug\netcoreapp3.1\NUnitTestProject.dll" adapterTypeName="executor://nunit3testexecutor/" className="NUnitTestProject.CurrencyHelperTests" name="FormatToStringTest1000(7669.3855620214645d,&quot;7669.39 zł&quot;)" />
    </UnitTest>
    <UnitTest name="FormatToStringTest1000(12379.347974640013d,&quot;12379.35 zł&quot;)" storage="c:\projekty\nunittestproject\bin\debug\netcoreapp3.1\nunittestproject.dll" id="f9126a5c-91ab-1e44-30e6-13ca198640cb">
      <Execution id="e3a120ad-e8ab-4ae8-8b27-0fb5b7b40641" />
      <TestMethod codeBase="C:\Projekty\NUnitTestProject\bin\Debug\netcoreapp3.1\NUnitTestProject.dll" adapterTypeName="executor://nunit3testexecutor/" className="NUnitTestProject.CurrencyHelperTests" name="FormatToStringTest1000(12379.347974640013d,&quot;12379.35 zł&quot;)" />
    </UnitTest>
    <UnitTest name="FormatToStringTest1000(40400.9734049295d,&quot;40400.97 zł&quot;)" storage="c:\projekty\nunittestproject\bin\debug\netcoreapp3.1\nunittestproject.dll" id="7c29140c-1ee9-b980-7778-18b11231f8a3">
      <Execution id="aa50ea1d-f0ff-452a-a01a-f421a5bab800" />
      <TestMethod codeBase="C:\Projekty\NUnitTestProject\bin\Debug\netcoreapp3.1\NUnitTestProject.dll" adapterTypeName="executor://nunit3testexecutor/" className="NUnitTestProject.CurrencyHelperTests" name="FormatToStringTest1000(40400.9734049295d,&quot;40400.97 zł&quot;)" />
    </UnitTest>
    <UnitTest name="FormatToStringTest1000(16388.556189478633d,&quot;16388.56 zł&quot;)" storage="c:\projekty\nunittestproject\bin\debug\netcoreapp3.1\nunittestproject.dll" id="19309037-483b-d4c8-73ea-f8f351cef324">
      <Execution id="d064675f-6d13-494d-b9d1-30eba0733cea" />
      <TestMethod codeBase="C:\Projekty\NUnitTestProject\bin\Debug\netcoreapp3.1\NUnitTestProject.dll" adapterTypeName="executor://nunit3testexecutor/" className="NUnitTestProject.CurrencyHelperTests" name="FormatToStringTest1000(16388.556189478633d,&quot;16388.56 zł&quot;)" />
    </UnitTest>
    <UnitTest name="FormatToStringTest1000(42767.96883676898d,&quot;42767.97 zł&quot;)" storage="c:\projekty\nunittestproject\bin\debug\netcoreapp3.1\nunittestproject.dll" id="a5617ce6-af44-3da3-775d-82bd0343fcd9">
      <Execution id="972ab5d5-6d1d-41b6-91ec-0a7dbd627935" />
      <TestMethod codeBase="C:\Projekty\NUnitTestProject\bin\Debug\netcoreapp3.1\NUnitTestProject.dll" adapterTypeName="executor://nunit3testexecutor/" className="NUnitTestProject.CurrencyHelperTests" name="FormatToStringTest1000(42767.96883676898d,&quot;42767.97 zł&quot;)" />
    </UnitTest>
    <UnitTest name="FormatToStringTest1000(48654.65723134794d,&quot;48654.66 zł&quot;)" storage="c:\projekty\nunittestproject\bin\debug\netcoreapp3.1\nunittestproject.dll" id="0e06d825-6ba9-71ac-24ec-c9336680dd03">
      <Execution id="5177199f-efd0-4866-96f8-63b047bc0e04" />
      <TestMethod codeBase="C:\Projekty\NUnitTestProject\bin\Debug\netcoreapp3.1\NUnitTestProject.dll" adapterTypeName="executor://nunit3testexecutor/" className="NUnitTestProject.CurrencyHelperTests" name="FormatToStringTest1000(48654.65723134794d,&quot;48654.66 zł&quot;)" />
    </UnitTest>
    <UnitTest name="FormatToStringTest1000(5279.315995182524d,&quot;5279.32 zł&quot;)" storage="c:\projekty\nunittestproject\bin\debug\netcoreapp3.1\nunittestproject.dll" id="84106c87-4ea7-9a5a-a250-230c7c8ac9ba">
      <Execution id="05aa0dd5-1f98-46af-afd7-00fb60990625" />
      <TestMethod codeBase="C:\Projekty\NUnitTestProject\bin\Debug\netcoreapp3.1\NUnitTestProject.dll" adapterTypeName="executor://nunit3testexecutor/" className="NUnitTestProject.CurrencyHelperTests" name="FormatToStringTest1000(5279.315995182524d,&quot;5279.32 zł&quot;)" />
    </UnitTest>
    <UnitTest name="FormatToStringTest1000(44065.726815678056d,&quot;44065.73 zł&quot;)" storage="c:\projekty\nunittestproject\bin\debug\netcoreapp3.1\nunittestproject.dll" id="fea06ea0-1747-ca17-2548-261210975e57">
      <Execution id="83b425e2-67dd-41f1-91fb-b6b78944c2f2" />
      <TestMethod codeBase="C:\Projekty\NUnitTestProject\bin\Debug\netcoreapp3.1\NUnitTestProject.dll" adapterTypeName="executor://nunit3testexecutor/" className="NUnitTestProject.CurrencyHelperTests" name="FormatToStringTest1000(44065.726815678056d,&quot;44065.73 zł&quot;)" />
    </UnitTest>
    <UnitTest name="FormatToStringTest1000(19210.519530370144d,&quot;19210.52 zł&quot;)" storage="c:\projekty\nunittestproject\bin\debug\netcoreapp3.1\nunittestproject.dll" id="274e5ca5-6e22-8c94-c538-bc2ca6c5742f">
      <Execution id="8b364e83-61e5-4cf1-8c88-09b46b2eaa00" />
      <TestMethod codeBase="C:\Projekty\NUnitTestProject\bin\Debug\netcoreapp3.1\NUnitTestProject.dll" adapterTypeName="executor://nunit3testexecutor/" className="NUnitTestProject.CurrencyHelperTests" name="FormatToStringTest1000(19210.519530370144d,&quot;19210.52 zł&quot;)" />
    </UnitTest>
    <UnitTest name="FormatToStringTest1000(9068.70019550468d,&quot;9068.70 zł&quot;)" storage="c:\projekty\nunittestproject\bin\debug\netcoreapp3.1\nunittestproject.dll" id="7e4135b8-b66c-77ce-172b-34d352f16888">
      <Execution id="550b1c01-80b7-4bd6-b0af-0c42dbc90372" />
      <TestMethod codeBase="C:\Projekty\NUnitTestProject\bin\Debug\netcoreapp3.1\NUnitTestProject.dll" adapterTypeName="executor://nunit3testexecutor/" className="NUnitTestProject.CurrencyHelperTests" name="FormatToStringTest1000(9068.70019550468d,&quot;9068.70 zł&quot;)" />
    </UnitTest>
    <UnitTest name="FormatToStringTest1000(32359.431438434138d,&quot;32359.43 zł&quot;)" storage="c:\projekty\nunittestproject\bin\debug\netcoreapp3.1\nunittestproject.dll" id="23adbcea-fc51-4a16-9d4b-141d8a8f1fb7">
      <Execution id="9f3ee651-c7d8-4e66-992c-863f766f9ba3" />
      <TestMethod codeBase="C:\Projekty\NUnitTestProject\bin\Debug\netcoreapp3.1\NUnitTestProject.dll" adapterTypeName="executor://nunit3testexecutor/" className="NUnitTestProject.CurrencyHelperTests" name="FormatToStringTest1000(32359.431438434138d,&quot;32359.43 zł&quot;)" />
    </UnitTest>
    <UnitTest name="FormatToStringTest1000(39531.95190033268d,&quot;39531.95 zł&quot;)" storage="c:\projekty\nunittestproject\bin\debug\netcoreapp3.1\nunittestproject.dll" id="cba33adf-d8e4-1800-afdf-f1e10b328694">
      <Execution id="35224f8f-aa45-45d3-a258-2116abab7469" />
      <TestMethod codeBase="C:\Projekty\NUnitTestProject\bin\Debug\netcoreapp3.1\NUnitTestProject.dll" adapterTypeName="executor://nunit3testexecutor/" className="NUnitTestProject.CurrencyHelperTests" name="FormatToStringTest1000(39531.95190033268d,&quot;39531.95 zł&quot;)" />
    </UnitTest>
    <UnitTest name="FormatToStringTest1000(37.631227987646696d,&quot;37.63 zł&quot;)" storage="c:\projekty\nunittestproject\bin\debug\netcoreapp3.1\nunittestproject.dll" id="71678dc5-b379-afbc-5607-17cbf413146c">
      <Execution id="31cdef8f-99dd-457c-82f7-ee836baaa6a8" />
      <TestMethod codeBase="C:\Projekty\NUnitTestProject\bin\Debug\netcoreapp3.1\NUnitTestProject.dll" adapterTypeName="executor://nunit3testexecutor/" className="NUnitTestProject.CurrencyHelperTests" name="FormatToStringTest1000(37.631227987646696d,&quot;37.63 zł&quot;)" />
    </UnitTest>
    <UnitTest name="FormatToStringTest1000(16673.5121774904d,&quot;16673.51 zł&quot;)" storage="c:\projekty\nunittestproject\bin\debug\netcoreapp3.1\nunittestproject.dll" id="5326d1dc-d18e-0528-8ffb-d0be584509e9">
      <Execution id="01338597-450a-4a16-a5c6-6986d5e18802" />
      <TestMethod codeBase="C:\Projekty\NUnitTestProject\bin\Debug\netcoreapp3.1\NUnitTestProject.dll" adapterTypeName="executor://nunit3testexecutor/" className="NUnitTestProject.CurrencyHelperTests" name="FormatToStringTest1000(16673.5121774904d,&quot;16673.51 zł&quot;)" />
    </UnitTest>
    <UnitTest name="FormatToStringTest1000(30199.386730006612d,&quot;30199.39 zł&quot;)" storage="c:\projekty\nunittestproject\bin\debug\netcoreapp3.1\nunittestproject.dll" id="e384d116-33c4-57e3-344d-6dd941c8a721">
      <Execution id="b001f506-1b08-40cd-a038-5b26228160d0" />
      <TestMethod codeBase="C:\Projekty\NUnitTestProject\bin\Debug\netcoreapp3.1\NUnitTestProject.dll" adapterTypeName="executor://nunit3testexecutor/" className="NUnitTestProject.CurrencyHelperTests" name="FormatToStringTest1000(30199.386730006612d,&quot;30199.39 zł&quot;)" />
    </UnitTest>
    <UnitTest name="FormatToStringTest1000(24024.14691439557d,&quot;24024.15 zł&quot;)" storage="c:\projekty\nunittestproject\bin\debug\netcoreapp3.1\nunittestproject.dll" id="d33250cc-856d-72f0-98a8-7c84be2f792c">
      <Execution id="4b00008e-6c99-4dbe-94a8-93e6c6f791c7" />
      <TestMethod codeBase="C:\Projekty\NUnitTestProject\bin\Debug\netcoreapp3.1\NUnitTestProject.dll" adapterTypeName="executor://nunit3testexecutor/" className="NUnitTestProject.CurrencyHelperTests" name="FormatToStringTest1000(24024.14691439557d,&quot;24024.15 zł&quot;)" />
    </UnitTest>
    <UnitTest name="FormatToStringTest1000(68698.01923441609d,&quot;68698.02 zł&quot;)" storage="c:\projekty\nunittestproject\bin\debug\netcoreapp3.1\nunittestproject.dll" id="6df8a807-c182-b8aa-45a8-8ae3c76a3ec5">
      <Execution id="ac097f1c-c1ae-4f49-89b0-0eb8bea36f43" />
      <TestMethod codeBase="C:\Projekty\NUnitTestProject\bin\Debug\netcoreapp3.1\NUnitTestProject.dll" adapterTypeName="executor://nunit3testexecutor/" className="NUnitTestProject.CurrencyHelperTests" name="FormatToStringTest1000(68698.01923441609d,&quot;68698.02 zł&quot;)" />
    </UnitTest>
    <UnitTest name="FormatToStringTest1000(4139.032615562451d,&quot;4139.03 zł&quot;)" storage="c:\projekty\nunittestproject\bin\debug\netcoreapp3.1\nunittestproject.dll" id="d6efedb1-9c49-9ed3-fbe1-de90224308a3">
      <Execution id="b299618a-0340-466f-9ff9-6ab76c280344" />
      <TestMethod codeBase="C:\Projekty\NUnitTestProject\bin\Debug\netcoreapp3.1\NUnitTestProject.dll" adapterTypeName="executor://nunit3testexecutor/" className="NUnitTestProject.CurrencyHelperTests" name="FormatToStringTest1000(4139.032615562451d,&quot;4139.03 zł&quot;)" />
    </UnitTest>
    <UnitTest name="FormatToStringTest1000(38402.8293406753d,&quot;38402.83 zł&quot;)" storage="c:\projekty\nunittestproject\bin\debug\netcoreapp3.1\nunittestproject.dll" id="fb12626f-6bd8-49ed-e189-ad76e4b7496b">
      <Execution id="2e6569d3-4c76-4a72-9e1e-7a3bc525ee24" />
      <TestMethod codeBase="C:\Projekty\NUnitTestProject\bin\Debug\netcoreapp3.1\NUnitTestProject.dll" adapterTypeName="executor://nunit3testexecutor/" className="NUnitTestProject.CurrencyHelperTests" name="FormatToStringTest1000(38402.8293406753d,&quot;38402.83 zł&quot;)" />
    </UnitTest>
    <UnitTest name="FormatToStringTest1000(10324.538670147089d,&quot;10324.54 zł&quot;)" storage="c:\projekty\nunittestproject\bin\debug\netcoreapp3.1\nunittestproject.dll" id="57ff7061-f165-0166-a6d9-95fdfc400dea">
      <Execution id="08605f4e-57c1-4f70-b443-79dc77ae3440" />
      <TestMethod codeBase="C:\Projekty\NUnitTestProject\bin\Debug\netcoreapp3.1\NUnitTestProject.dll" adapterTypeName="executor://nunit3testexecutor/" className="NUnitTestProject.CurrencyHelperTests" name="FormatToStringTest1000(10324.538670147089d,&quot;10324.54 zł&quot;)" />
    </UnitTest>
    <UnitTest name="FormatToStringTest1000(54088.326214851964d,&quot;54088.33 zł&quot;)" storage="c:\projekty\nunittestproject\bin\debug\netcoreapp3.1\nunittestproject.dll" id="026ac8cf-e708-7f65-282f-a4f25298f17b">
      <Execution id="19d8d72d-52d8-4ce5-b0bc-bf5cebde65f6" />
      <TestMethod codeBase="C:\Projekty\NUnitTestProject\bin\Debug\netcoreapp3.1\NUnitTestProject.dll" adapterTypeName="executor://nunit3testexecutor/" className="NUnitTestProject.CurrencyHelperTests" name="FormatToStringTest1000(54088.326214851964d,&quot;54088.33 zł&quot;)" />
    </UnitTest>
    <UnitTest name="FormatToStringTest1000(10762.501695533518d,&quot;10762.50 zł&quot;)" storage="c:\projekty\nunittestproject\bin\debug\netcoreapp3.1\nunittestproject.dll" id="faa22825-903a-641b-03f7-ccff8cccfbb2">
      <Execution id="141b19da-7597-44f2-b75b-c8bf6a1d4d1d" />
      <TestMethod codeBase="C:\Projekty\NUnitTestProject\bin\Debug\netcoreapp3.1\NUnitTestProject.dll" adapterTypeName="executor://nunit3testexecutor/" className="NUnitTestProject.CurrencyHelperTests" name="FormatToStringTest1000(10762.501695533518d,&quot;10762.50 zł&quot;)" />
    </UnitTest>
    <UnitTest name="FormatToStringTest1000(46590.9609819562d,&quot;46590.96 zł&quot;)" storage="c:\projekty\nunittestproject\bin\debug\netcoreapp3.1\nunittestproject.dll" id="0351f469-7ff9-52d3-3d77-92c2f3051f1e">
      <Execution id="a4e70369-304c-40f0-8f28-7c1f4b3d851c" />
      <TestMethod codeBase="C:\Projekty\NUnitTestProject\bin\Debug\netcoreapp3.1\NUnitTestProject.dll" adapterTypeName="executor://nunit3testexecutor/" className="NUnitTestProject.CurrencyHelperTests" name="FormatToStringTest1000(46590.9609819562d,&quot;46590.96 zł&quot;)" />
    </UnitTest>
    <UnitTest name="FormatToStringTest1000(598.1279707877561d,&quot;598.13 zł&quot;)" storage="c:\projekty\nunittestproject\bin\debug\netcoreapp3.1\nunittestproject.dll" id="637dad56-8638-805e-9abd-b089900557c0">
      <Execution id="ce6d53c1-59e0-4961-9f0d-41847b9ad301" />
      <TestMethod codeBase="C:\Projekty\NUnitTestProject\bin\Debug\netcoreapp3.1\NUnitTestProject.dll" adapterTypeName="executor://nunit3testexecutor/" className="NUnitTestProject.CurrencyHelperTests" name="FormatToStringTest1000(598.1279707877561d,&quot;598.13 zł&quot;)" />
    </UnitTest>
    <UnitTest name="FormatToStringTest1000(17000.070169619317d,&quot;17000.07 zł&quot;)" storage="c:\projekty\nunittestproject\bin\debug\netcoreapp3.1\nunittestproject.dll" id="395d9b70-68ea-107f-3853-872b2d76bcc2">
      <Execution id="6db8f7d3-6d39-454c-bddd-6f7cad9d031f" />
      <TestMethod codeBase="C:\Projekty\NUnitTestProject\bin\Debug\netcoreapp3.1\NUnitTestProject.dll" adapterTypeName="executor://nunit3testexecutor/" className="NUnitTestProject.CurrencyHelperTests" name="FormatToStringTest1000(17000.070169619317d,&quot;17000.07 zł&quot;)" />
    </UnitTest>
    <UnitTest name="FormatToStringTest1000(5254.6338787505565d,&quot;5254.63 zł&quot;)" storage="c:\projekty\nunittestproject\bin\debug\netcoreapp3.1\nunittestproject.dll" id="eefaa447-aa0c-7b07-9a84-3d4387fce640">
      <Execution id="c1dfaccc-d599-435d-a4b0-d3c649459d1c" />
      <TestMethod codeBase="C:\Projekty\NUnitTestProject\bin\Debug\netcoreapp3.1\NUnitTestProject.dll" adapterTypeName="executor://nunit3testexecutor/" className="NUnitTestProject.CurrencyHelperTests" name="FormatToStringTest1000(5254.6338787505565d,&quot;5254.63 zł&quot;)" />
    </UnitTest>
    <UnitTest name="FormatToStringTest1000(28068.20530246394d,&quot;28068.21 zł&quot;)" storage="c:\projekty\nunittestproject\bin\debug\netcoreapp3.1\nunittestproject.dll" id="62970bd3-0fb8-814d-a0a1-ab9e8aeaae79">
      <Execution id="c8aca1c9-9753-4328-a007-bfc01065998f" />
      <TestMethod codeBase="C:\Projekty\NUnitTestProject\bin\Debug\netcoreapp3.1\NUnitTestProject.dll" adapterTypeName="executor://nunit3testexecutor/" className="NUnitTestProject.CurrencyHelperTests" name="FormatToStringTest1000(28068.20530246394d,&quot;28068.21 zł&quot;)" />
    </UnitTest>
    <UnitTest name="FormatToStringTest1000(9754.291367935619d,&quot;9754.29 zł&quot;)" storage="c:\projekty\nunittestproject\bin\debug\netcoreapp3.1\nunittestproject.dll" id="958c8c55-b3b0-31c1-8935-1d44afe5a8c0">
      <Execution id="803eb1ab-e21c-40b1-89dc-cae1a56286b0" />
      <TestMethod codeBase="C:\Projekty\NUnitTestProject\bin\Debug\netcoreapp3.1\NUnitTestProject.dll" adapterTypeName="executor://nunit3testexecutor/" className="NUnitTestProject.CurrencyHelperTests" name="FormatToStringTest1000(9754.291367935619d,&quot;9754.29 zł&quot;)" />
    </UnitTest>
    <UnitTest name="FormatToStringTest1000(10784.438152511344d,&quot;10784.44 zł&quot;)" storage="c:\projekty\nunittestproject\bin\debug\netcoreapp3.1\nunittestproject.dll" id="3c1aaa80-1e63-d980-5967-7f705ee7de1e">
      <Execution id="e40f8c76-529f-4d4c-8db3-666c99228156" />
      <TestMethod codeBase="C:\Projekty\NUnitTestProject\bin\Debug\netcoreapp3.1\NUnitTestProject.dll" adapterTypeName="executor://nunit3testexecutor/" className="NUnitTestProject.CurrencyHelperTests" name="FormatToStringTest1000(10784.438152511344d,&quot;10784.44 zł&quot;)" />
    </UnitTest>
    <UnitTest name="FormatToStringTest1000(9634.398811461124d,&quot;9634.40 zł&quot;)" storage="c:\projekty\nunittestproject\bin\debug\netcoreapp3.1\nunittestproject.dll" id="46b6b18f-a15f-ce32-4811-dbc67f87e551">
      <Execution id="f2231320-7827-4541-88b4-de07e9431c30" />
      <TestMethod codeBase="C:\Projekty\NUnitTestProject\bin\Debug\netcoreapp3.1\NUnitTestProject.dll" adapterTypeName="executor://nunit3testexecutor/" className="NUnitTestProject.CurrencyHelperTests" name="FormatToStringTest1000(9634.398811461124d,&quot;9634.40 zł&quot;)" />
    </UnitTest>
    <UnitTest name="FormatToStringTest1000(31315.40354898544d,&quot;31315.40 zł&quot;)" storage="c:\projekty\nunittestproject\bin\debug\netcoreapp3.1\nunittestproject.dll" id="17d839f5-53e2-230c-5fc7-a871a7838f84">
      <Execution id="2c8d6581-dce6-42f6-9587-171404c6517b" />
      <TestMethod codeBase="C:\Projekty\NUnitTestProject\bin\Debug\netcoreapp3.1\NUnitTestProject.dll" adapterTypeName="executor://nunit3testexecutor/" className="NUnitTestProject.CurrencyHelperTests" name="FormatToStringTest1000(31315.40354898544d,&quot;31315.40 zł&quot;)" />
    </UnitTest>
    <UnitTest name="FormatToStringTest1000(26858.35647848731d,&quot;26858.36 zł&quot;)" storage="c:\projekty\nunittestproject\bin\debug\netcoreapp3.1\nunittestproject.dll" id="fe527e8d-5e3e-18c1-ed37-cc075512021b">
      <Execution id="257c3548-52dc-4ef2-9e8c-d06c4478f77a" />
      <TestMethod codeBase="C:\Projekty\NUnitTestProject\bin\Debug\netcoreapp3.1\NUnitTestProject.dll" adapterTypeName="executor://nunit3testexecutor/" className="NUnitTestProject.CurrencyHelperTests" name="FormatToStringTest1000(26858.35647848731d,&quot;26858.36 zł&quot;)" />
    </UnitTest>
    <UnitTest name="FormatToStringTest1000(591.2110872302256d,&quot;591.21 zł&quot;)" storage="c:\projekty\nunittestproject\bin\debug\netcoreapp3.1\nunittestproject.dll" id="7146296d-c8e1-b13f-44e4-16f25fa9af9d">
      <Execution id="452e921a-9e3f-4f4d-9ebe-0934136b944d" />
      <TestMethod codeBase="C:\Projekty\NUnitTestProject\bin\Debug\netcoreapp3.1\NUnitTestProject.dll" adapterTypeName="executor://nunit3testexecutor/" className="NUnitTestProject.CurrencyHelperTests" name="FormatToStringTest1000(591.2110872302256d,&quot;591.21 zł&quot;)" />
    </UnitTest>
    <UnitTest name="FormatToStringTest1000(635.3263313632116d,&quot;635.33 zł&quot;)" storage="c:\projekty\nunittestproject\bin\debug\netcoreapp3.1\nunittestproject.dll" id="74f41b57-bac2-c2b8-f1dc-9469402fc8fa">
      <Execution id="96e189d2-7662-4875-8a1a-2c3d736e925c" />
      <TestMethod codeBase="C:\Projekty\NUnitTestProject\bin\Debug\netcoreapp3.1\NUnitTestProject.dll" adapterTypeName="executor://nunit3testexecutor/" className="NUnitTestProject.CurrencyHelperTests" name="FormatToStringTest1000(635.3263313632116d,&quot;635.33 zł&quot;)" />
    </UnitTest>
    <UnitTest name="FormatToStringTest1000(18208.8422650126d,&quot;18208.84 zł&quot;)" storage="c:\projekty\nunittestproject\bin\debug\netcoreapp3.1\nunittestproject.dll" id="3f7d9e9c-5ad3-f161-b9fe-a5f6a9ab40b4">
      <Execution id="9b0e99af-54a9-4629-a4bf-343edb5ea0b4" />
      <TestMethod codeBase="C:\Projekty\NUnitTestProject\bin\Debug\netcoreapp3.1\NUnitTestProject.dll" adapterTypeName="executor://nunit3testexecutor/" className="NUnitTestProject.CurrencyHelperTests" name="FormatToStringTest1000(18208.8422650126d,&quot;18208.84 zł&quot;)" />
    </UnitTest>
    <UnitTest name="FormatToStringTest1000(33851.35523524618d,&quot;33851.36 zł&quot;)" storage="c:\projekty\nunittestproject\bin\debug\netcoreapp3.1\nunittestproject.dll" id="9a9fb753-7e29-0228-3909-087838ec3002">
      <Execution id="dba71dc8-1590-4e96-bef0-a18efb1e80c6" />
      <TestMethod codeBase="C:\Projekty\NUnitTestProject\bin\Debug\netcoreapp3.1\NUnitTestProject.dll" adapterTypeName="executor://nunit3testexecutor/" className="NUnitTestProject.CurrencyHelperTests" name="FormatToStringTest1000(33851.35523524618d,&quot;33851.36 zł&quot;)" />
    </UnitTest>
    <UnitTest name="FormatToStringTest1000(49672.98901987402d,&quot;49672.99 zł&quot;)" storage="c:\projekty\nunittestproject\bin\debug\netcoreapp3.1\nunittestproject.dll" id="6236d5e6-b13b-501c-48e0-102f9eda59d6">
      <Execution id="b1a9f3d2-7af0-46ac-8952-bcae378b7f94" />
      <TestMethod codeBase="C:\Projekty\NUnitTestProject\bin\Debug\netcoreapp3.1\NUnitTestProject.dll" adapterTypeName="executor://nunit3testexecutor/" className="NUnitTestProject.CurrencyHelperTests" name="FormatToStringTest1000(49672.98901987402d,&quot;49672.99 zł&quot;)" />
    </UnitTest>
    <UnitTest name="FormatToStringTest1000(78796.90433980194d,&quot;78796.90 zł&quot;)" storage="c:\projekty\nunittestproject\bin\debug\netcoreapp3.1\nunittestproject.dll" id="fde9a5ec-e687-8abc-b728-b7fb0bfbd8d4">
      <Execution id="a7a74b97-4615-4b18-9963-d5def892d25b" />
      <TestMethod codeBase="C:\Projekty\NUnitTestProject\bin\Debug\netcoreapp3.1\NUnitTestProject.dll" adapterTypeName="executor://nunit3testexecutor/" className="NUnitTestProject.CurrencyHelperTests" name="FormatToStringTest1000(78796.90433980194d,&quot;78796.90 zł&quot;)" />
    </UnitTest>
    <UnitTest name="FormatToStringTest1000(67898.54481444067d,&quot;67898.54 zł&quot;)" storage="c:\projekty\nunittestproject\bin\debug\netcoreapp3.1\nunittestproject.dll" id="9ee728ab-0056-dd90-bcfe-6425ccab758e">
      <Execution id="ed4f4d98-9aa1-4be5-b12f-c735b2b819a8" />
      <TestMethod codeBase="C:\Projekty\NUnitTestProject\bin\Debug\netcoreapp3.1\NUnitTestProject.dll" adapterTypeName="executor://nunit3testexecutor/" className="NUnitTestProject.CurrencyHelperTests" name="FormatToStringTest1000(67898.54481444067d,&quot;67898.54 zł&quot;)" />
    </UnitTest>
    <UnitTest name="FormatToStringTest1000(10661.19584154207d,&quot;10661.20 zł&quot;)" storage="c:\projekty\nunittestproject\bin\debug\netcoreapp3.1\nunittestproject.dll" id="7476f680-f31f-6c35-e7e5-6a1da5d08bf1">
      <Execution id="7019c270-42cd-4dd3-a956-fd5240aa581f" />
      <TestMethod codeBase="C:\Projekty\NUnitTestProject\bin\Debug\netcoreapp3.1\NUnitTestProject.dll" adapterTypeName="executor://nunit3testexecutor/" className="NUnitTestProject.CurrencyHelperTests" name="FormatToStringTest1000(10661.19584154207d,&quot;10661.20 zł&quot;)" />
    </UnitTest>
    <UnitTest name="FormatToStringTest1000(7975.276658828965d,&quot;7975.28 zł&quot;)" storage="c:\projekty\nunittestproject\bin\debug\netcoreapp3.1\nunittestproject.dll" id="5f61ffa8-be4c-5cf6-d406-18781222cb59">
      <Execution id="05e71891-ecd2-4fd0-85f2-d00e99dbf1e1" />
      <TestMethod codeBase="C:\Projekty\NUnitTestProject\bin\Debug\netcoreapp3.1\NUnitTestProject.dll" adapterTypeName="executor://nunit3testexecutor/" className="NUnitTestProject.CurrencyHelperTests" name="FormatToStringTest1000(7975.276658828965d,&quot;7975.28 zł&quot;)" />
    </UnitTest>
    <UnitTest name="FormatToStringTest1000(34136.0993783046d,&quot;34136.10 zł&quot;)" storage="c:\projekty\nunittestproject\bin\debug\netcoreapp3.1\nunittestproject.dll" id="a1a0ba31-d02b-8245-607c-82258ff29354">
      <Execution id="f05f41d4-4867-4774-9860-d926b3fe0541" />
      <TestMethod codeBase="C:\Projekty\NUnitTestProject\bin\Debug\netcoreapp3.1\NUnitTestProject.dll" adapterTypeName="executor://nunit3testexecutor/" className="NUnitTestProject.CurrencyHelperTests" name="FormatToStringTest1000(34136.0993783046d,&quot;34136.10 zł&quot;)" />
    </UnitTest>
    <UnitTest name="FormatToStringTest1000(50956.25028206606d,&quot;50956.25 zł&quot;)" storage="c:\projekty\nunittestproject\bin\debug\netcoreapp3.1\nunittestproject.dll" id="f0aad1e7-1486-b29a-7a82-84f2693dfbe3">
      <Execution id="d5a9c2c0-261e-4efc-a9dc-76d3f24a3d3a" />
      <TestMethod codeBase="C:\Projekty\NUnitTestProject\bin\Debug\netcoreapp3.1\NUnitTestProject.dll" adapterTypeName="executor://nunit3testexecutor/" className="NUnitTestProject.CurrencyHelperTests" name="FormatToStringTest1000(50956.25028206606d,&quot;50956.25 zł&quot;)" />
    </UnitTest>
    <UnitTest name="FormatToStringTest1000(26215.613055301183d,&quot;26215.61 zł&quot;)" storage="c:\projekty\nunittestproject\bin\debug\netcoreapp3.1\nunittestproject.dll" id="5d21865c-ab0e-9a36-1301-7cb3ba2d4618">
      <Execution id="a833cdd5-19c8-449d-b65d-c4849ed3906c" />
      <TestMethod codeBase="C:\Projekty\NUnitTestProject\bin\Debug\netcoreapp3.1\NUnitTestProject.dll" adapterTypeName="executor://nunit3testexecutor/" className="NUnitTestProject.CurrencyHelperTests" name="FormatToStringTest1000(26215.613055301183d,&quot;26215.61 zł&quot;)" />
    </UnitTest>
    <UnitTest name="FormatToStringTest1000(33413.381276228174d,&quot;33413.38 zł&quot;)" storage="c:\projekty\nunittestproject\bin\debug\netcoreapp3.1\nunittestproject.dll" id="7af319c8-84cb-197c-29fc-ea5e77c2f3be">
      <Execution id="8e1d9f7b-b868-4fa3-a1db-58e6c01cb167" />
      <TestMethod codeBase="C:\Projekty\NUnitTestProject\bin\Debug\netcoreapp3.1\NUnitTestProject.dll" adapterTypeName="executor://nunit3testexecutor/" className="NUnitTestProject.CurrencyHelperTests" name="FormatToStringTest1000(33413.381276228174d,&quot;33413.38 zł&quot;)" />
    </UnitTest>
    <UnitTest name="FormatToStringTest1000(5835.26176155557d,&quot;5835.26 zł&quot;)" storage="c:\projekty\nunittestproject\bin\debug\netcoreapp3.1\nunittestproject.dll" id="2a24dcb9-e2e0-3650-3ac7-5ec77389adc1">
      <Execution id="7c335408-d0ac-4ac8-bd5e-eff5b39c18bf" />
      <TestMethod codeBase="C:\Projekty\NUnitTestProject\bin\Debug\netcoreapp3.1\NUnitTestProject.dll" adapterTypeName="executor://nunit3testexecutor/" className="NUnitTestProject.CurrencyHelperTests" name="FormatToStringTest1000(5835.26176155557d,&quot;5835.26 zł&quot;)" />
    </UnitTest>
    <UnitTest name="FormatToStringTest1000(19933.78650940945d,&quot;19933.79 zł&quot;)" storage="c:\projekty\nunittestproject\bin\debug\netcoreapp3.1\nunittestproject.dll" id="3222b798-5ed7-0031-3bc4-2349d5773662">
      <Execution id="c5b2848c-1c47-40ba-a949-e32ec4b26d95" />
      <TestMethod codeBase="C:\Projekty\NUnitTestProject\bin\Debug\netcoreapp3.1\NUnitTestProject.dll" adapterTypeName="executor://nunit3testexecutor/" className="NUnitTestProject.CurrencyHelperTests" name="FormatToStringTest1000(19933.78650940945d,&quot;19933.79 zł&quot;)" />
    </UnitTest>
    <UnitTest name="FormatToStringTest1000(835.1578487740633d,&quot;835.16 zł&quot;)" storage="c:\projekty\nunittestproject\bin\debug\netcoreapp3.1\nunittestproject.dll" id="1ea79024-ef1b-d483-be8e-220bc24bf693">
      <Execution id="af1b1041-67b6-446e-b31f-6c5000d506a8" />
      <TestMethod codeBase="C:\Projekty\NUnitTestProject\bin\Debug\netcoreapp3.1\NUnitTestProject.dll" adapterTypeName="executor://nunit3testexecutor/" className="NUnitTestProject.CurrencyHelperTests" name="FormatToStringTest1000(835.1578487740633d,&quot;835.16 zł&quot;)" />
    </UnitTest>
    <UnitTest name="FormatToStringTest1000(56802.303118930344d,&quot;56802.30 zł&quot;)" storage="c:\projekty\nunittestproject\bin\debug\netcoreapp3.1\nunittestproject.dll" id="7c3bd97a-a125-9200-b1f2-a28a2e7a05fe">
      <Execution id="d6362797-851d-4efa-b15f-89a1f1bc8012" />
      <TestMethod codeBase="C:\Projekty\NUnitTestProject\bin\Debug\netcoreapp3.1\NUnitTestProject.dll" adapterTypeName="executor://nunit3testexecutor/" className="NUnitTestProject.CurrencyHelperTests" name="FormatToStringTest1000(56802.303118930344d,&quot;56802.30 zł&quot;)" />
    </UnitTest>
    <UnitTest name="FormatToStringTest1000(77919.64716867341d,&quot;77919.65 zł&quot;)" storage="c:\projekty\nunittestproject\bin\debug\netcoreapp3.1\nunittestproject.dll" id="346c5a09-add8-018f-c767-f4690b937dfb">
      <Execution id="359a0770-0edf-4439-bf88-17c916e90053" />
      <TestMethod codeBase="C:\Projekty\NUnitTestProject\bin\Debug\netcoreapp3.1\NUnitTestProject.dll" adapterTypeName="executor://nunit3testexecutor/" className="NUnitTestProject.CurrencyHelperTests" name="FormatToStringTest1000(77919.64716867341d,&quot;77919.65 zł&quot;)" />
    </UnitTest>
    <UnitTest name="FormatToStringTest1000(675.4589376107133d,&quot;675.46 zł&quot;)" storage="c:\projekty\nunittestproject\bin\debug\netcoreapp3.1\nunittestproject.dll" id="8ea3fac0-98e6-cacb-3107-71ef474d1509">
      <Execution id="34179154-07f1-40a4-9938-c31e3c6ac38b" />
      <TestMethod codeBase="C:\Projekty\NUnitTestProject\bin\Debug\netcoreapp3.1\NUnitTestProject.dll" adapterTypeName="executor://nunit3testexecutor/" className="NUnitTestProject.CurrencyHelperTests" name="FormatToStringTest1000(675.4589376107133d,&quot;675.46 zł&quot;)" />
    </UnitTest>
    <UnitTest name="FormatToStringTest1000(16571.355536101553d,&quot;16571.36 zł&quot;)" storage="c:\projekty\nunittestproject\bin\debug\netcoreapp3.1\nunittestproject.dll" id="e0769b45-8199-18f4-5d81-d7fe740ba2db">
      <Execution id="0597d2c2-a977-4ed8-8846-b6bef7009b76" />
      <TestMethod codeBase="C:\Projekty\NUnitTestProject\bin\Debug\netcoreapp3.1\NUnitTestProject.dll" adapterTypeName="executor://nunit3testexecutor/" className="NUnitTestProject.CurrencyHelperTests" name="FormatToStringTest1000(16571.355536101553d,&quot;16571.36 zł&quot;)" />
    </UnitTest>
    <UnitTest name="FormatToStringTest1000(10174.652801423637d,&quot;10174.65 zł&quot;)" storage="c:\projekty\nunittestproject\bin\debug\netcoreapp3.1\nunittestproject.dll" id="de399ac2-0e9a-031b-1b43-49701fcdb8f0">
      <Execution id="a4a4420c-c59b-4437-937d-502ac9cff978" />
      <TestMethod codeBase="C:\Projekty\NUnitTestProject\bin\Debug\netcoreapp3.1\NUnitTestProject.dll" adapterTypeName="executor://nunit3testexecutor/" className="NUnitTestProject.CurrencyHelperTests" name="FormatToStringTest1000(10174.652801423637d,&quot;10174.65 zł&quot;)" />
    </UnitTest>
    <UnitTest name="FormatToStringTest1000(6323.24079469882d,&quot;6323.24 zł&quot;)" storage="c:\projekty\nunittestproject\bin\debug\netcoreapp3.1\nunittestproject.dll" id="1772b5c8-17fc-7339-7078-7951ac9723dd">
      <Execution id="40bb22f4-67ab-45ff-add3-dfe183aeeed8" />
      <TestMethod codeBase="C:\Projekty\NUnitTestProject\bin\Debug\netcoreapp3.1\NUnitTestProject.dll" adapterTypeName="executor://nunit3testexecutor/" className="NUnitTestProject.CurrencyHelperTests" name="FormatToStringTest1000(6323.24079469882d,&quot;6323.24 zł&quot;)" />
    </UnitTest>
    <UnitTest name="FormatToStringTest1000(19397.344749736294d,&quot;19397.34 zł&quot;)" storage="c:\projekty\nunittestproject\bin\debug\netcoreapp3.1\nunittestproject.dll" id="b8049e3c-9c33-aae7-ee13-10324d7813cb">
      <Execution id="545980f8-513e-4ea7-8732-f0884d256c6b" />
      <TestMethod codeBase="C:\Projekty\NUnitTestProject\bin\Debug\netcoreapp3.1\NUnitTestProject.dll" adapterTypeName="executor://nunit3testexecutor/" className="NUnitTestProject.CurrencyHelperTests" name="FormatToStringTest1000(19397.344749736294d,&quot;19397.34 zł&quot;)" />
    </UnitTest>
    <UnitTest name="FormatToStringTest1000(6276.389386365838d,&quot;6276.39 zł&quot;)" storage="c:\projekty\nunittestproject\bin\debug\netcoreapp3.1\nunittestproject.dll" id="a71dfd40-e5c3-4b5b-03e3-172683e7a4a4">
      <Execution id="50fc6ca5-94ee-42e1-8523-775affd66a89" />
      <TestMethod codeBase="C:\Projekty\NUnitTestProject\bin\Debug\netcoreapp3.1\NUnitTestProject.dll" adapterTypeName="executor://nunit3testexecutor/" className="NUnitTestProject.CurrencyHelperTests" name="FormatToStringTest1000(6276.389386365838d,&quot;6276.39 zł&quot;)" />
    </UnitTest>
    <UnitTest name="FormatToStringTest1000(73477.18206926118d,&quot;73477.18 zł&quot;)" storage="c:\projekty\nunittestproject\bin\debug\netcoreapp3.1\nunittestproject.dll" id="615860d1-0b9e-6fa5-7fc7-61ac89388548">
      <Execution id="c18382ac-9e39-4e77-9d66-dc994c5d3471" />
      <TestMethod codeBase="C:\Projekty\NUnitTestProject\bin\Debug\netcoreapp3.1\NUnitTestProject.dll" adapterTypeName="executor://nunit3testexecutor/" className="NUnitTestProject.CurrencyHelperTests" name="FormatToStringTest1000(73477.18206926118d,&quot;73477.18 zł&quot;)" />
    </UnitTest>
    <UnitTest name="FormatToStringTest1000(27506.397047390416d,&quot;27506.40 zł&quot;)" storage="c:\projekty\nunittestproject\bin\debug\netcoreapp3.1\nunittestproject.dll" id="552b07f7-5957-56bd-9f6c-bbb880d05499">
      <Execution id="abab8382-c909-4267-80fd-a8adee84cd9f" />
      <TestMethod codeBase="C:\Projekty\NUnitTestProject\bin\Debug\netcoreapp3.1\NUnitTestProject.dll" adapterTypeName="executor://nunit3testexecutor/" className="NUnitTestProject.CurrencyHelperTests" name="FormatToStringTest1000(27506.397047390416d,&quot;27506.40 zł&quot;)" />
    </UnitTest>
    <UnitTest name="FormatToStringTest1000(6710.131197082871d,&quot;6710.13 zł&quot;)" storage="c:\projekty\nunittestproject\bin\debug\netcoreapp3.1\nunittestproject.dll" id="9db1e6a2-c9ab-3468-9419-59249149bc04">
      <Execution id="5f35a6b4-69b7-4937-9968-00ed60b8cd0c" />
      <TestMethod codeBase="C:\Projekty\NUnitTestProject\bin\Debug\netcoreapp3.1\NUnitTestProject.dll" adapterTypeName="executor://nunit3testexecutor/" className="NUnitTestProject.CurrencyHelperTests" name="FormatToStringTest1000(6710.131197082871d,&quot;6710.13 zł&quot;)" />
    </UnitTest>
    <UnitTest name="FormatToStringTest1000(74851.91547305691d,&quot;74851.92 zł&quot;)" storage="c:\projekty\nunittestproject\bin\debug\netcoreapp3.1\nunittestproject.dll" id="859e7823-e1a7-1174-301f-2aa38167af9b">
      <Execution id="8e4a381e-b1d4-4a7b-ba07-931921f7f500" />
      <TestMethod codeBase="C:\Projekty\NUnitTestProject\bin\Debug\netcoreapp3.1\NUnitTestProject.dll" adapterTypeName="executor://nunit3testexecutor/" className="NUnitTestProject.CurrencyHelperTests" name="FormatToStringTest1000(74851.91547305691d,&quot;74851.92 zł&quot;)" />
    </UnitTest>
    <UnitTest name="FormatToStringTest1000(8211.920994553679d,&quot;8211.92 zł&quot;)" storage="c:\projekty\nunittestproject\bin\debug\netcoreapp3.1\nunittestproject.dll" id="1bf3b326-0db3-88e9-a1ae-c5de32b68479">
      <Execution id="39ec818c-848a-4cd1-92fb-0ba5a45183a6" />
      <TestMethod codeBase="C:\Projekty\NUnitTestProject\bin\Debug\netcoreapp3.1\NUnitTestProject.dll" adapterTypeName="executor://nunit3testexecutor/" className="NUnitTestProject.CurrencyHelperTests" name="FormatToStringTest1000(8211.920994553679d,&quot;8211.92 zł&quot;)" />
    </UnitTest>
    <UnitTest name="FormatToStringTest1000(1994.0983933439006d,&quot;1994.10 zł&quot;)" storage="c:\projekty\nunittestproject\bin\debug\netcoreapp3.1\nunittestproject.dll" id="67cd7cf5-f472-f19a-a725-58400de88452">
      <Execution id="756a4b58-eed5-4bde-a0a1-646ab78425fa" />
      <TestMethod codeBase="C:\Projekty\NUnitTestProject\bin\Debug\netcoreapp3.1\NUnitTestProject.dll" adapterTypeName="executor://nunit3testexecutor/" className="NUnitTestProject.CurrencyHelperTests" name="FormatToStringTest1000(1994.0983933439006d,&quot;1994.10 zł&quot;)" />
    </UnitTest>
    <UnitTest name="FormatToStringTest1000(22291.653251342315d,&quot;22291.65 zł&quot;)" storage="c:\projekty\nunittestproject\bin\debug\netcoreapp3.1\nunittestproject.dll" id="a05c6c11-7f69-6883-58ae-614dcfca1729">
      <Execution id="d9c60edc-dfda-4da4-aca4-5c1abc4bce19" />
      <TestMethod codeBase="C:\Projekty\NUnitTestProject\bin\Debug\netcoreapp3.1\NUnitTestProject.dll" adapterTypeName="executor://nunit3testexecutor/" className="NUnitTestProject.CurrencyHelperTests" name="FormatToStringTest1000(22291.653251342315d,&quot;22291.65 zł&quot;)" />
    </UnitTest>
    <UnitTest name="FormatToStringTest1000(9657.360676611475d,&quot;9657.36 zł&quot;)" storage="c:\projekty\nunittestproject\bin\debug\netcoreapp3.1\nunittestproject.dll" id="d685c2c4-f219-af53-1ba4-f062b4ec12ac">
      <Execution id="3dcbe509-88ae-440e-885a-01204486392b" />
      <TestMethod codeBase="C:\Projekty\NUnitTestProject\bin\Debug\netcoreapp3.1\NUnitTestProject.dll" adapterTypeName="executor://nunit3testexecutor/" className="NUnitTestProject.CurrencyHelperTests" name="FormatToStringTest1000(9657.360676611475d,&quot;9657.36 zł&quot;)" />
    </UnitTest>
    <UnitTest name="FormatToStringTest1000(50339.31259969497d,&quot;50339.31 zł&quot;)" storage="c:\projekty\nunittestproject\bin\debug\netcoreapp3.1\nunittestproject.dll" id="0bdd31cf-560a-74a8-9cb0-f50b134f6e55">
      <Execution id="96faa0fd-fa41-41b3-aa32-b32fdad00d90" />
      <TestMethod codeBase="C:\Projekty\NUnitTestProject\bin\Debug\netcoreapp3.1\NUnitTestProject.dll" adapterTypeName="executor://nunit3testexecutor/" className="NUnitTestProject.CurrencyHelperTests" name="FormatToStringTest1000(50339.31259969497d,&quot;50339.31 zł&quot;)" />
    </UnitTest>
    <UnitTest name="FormatToStringTest1000(22153.282278674324d,&quot;22153.28 zł&quot;)" storage="c:\projekty\nunittestproject\bin\debug\netcoreapp3.1\nunittestproject.dll" id="02239eb7-c4a2-34a6-024f-aeb38f7bff3d">
      <Execution id="61f969ae-d060-443f-b446-0554f2ab7758" />
      <TestMethod codeBase="C:\Projekty\NUnitTestProject\bin\Debug\netcoreapp3.1\NUnitTestProject.dll" adapterTypeName="executor://nunit3testexecutor/" className="NUnitTestProject.CurrencyHelperTests" name="FormatToStringTest1000(22153.282278674324d,&quot;22153.28 zł&quot;)" />
    </UnitTest>
    <UnitTest name="FormatToStringTest1000(8885.065440211942d,&quot;8885.07 zł&quot;)" storage="c:\projekty\nunittestproject\bin\debug\netcoreapp3.1\nunittestproject.dll" id="7c3fcb5f-2001-b092-5026-72ef7da49275">
      <Execution id="98c0650b-6153-4183-bcee-8447cc53a52f" />
      <TestMethod codeBase="C:\Projekty\NUnitTestProject\bin\Debug\netcoreapp3.1\NUnitTestProject.dll" adapterTypeName="executor://nunit3testexecutor/" className="NUnitTestProject.CurrencyHelperTests" name="FormatToStringTest1000(8885.065440211942d,&quot;8885.07 zł&quot;)" />
    </UnitTest>
    <UnitTest name="FormatToStringTest1000(12759.925747307914d,&quot;12759.93 zł&quot;)" storage="c:\projekty\nunittestproject\bin\debug\netcoreapp3.1\nunittestproject.dll" id="57f0eaa3-633d-272b-64dc-58e0ae797fbb">
      <Execution id="f319d8fb-c9a4-442a-a1f6-873bd5956d34" />
      <TestMethod codeBase="C:\Projekty\NUnitTestProject\bin\Debug\netcoreapp3.1\NUnitTestProject.dll" adapterTypeName="executor://nunit3testexecutor/" className="NUnitTestProject.CurrencyHelperTests" name="FormatToStringTest1000(12759.925747307914d,&quot;12759.93 zł&quot;)" />
    </UnitTest>
    <UnitTest name="FormatToStringTest1000(26223.99769144412d,&quot;26224.00 zł&quot;)" storage="c:\projekty\nunittestproject\bin\debug\netcoreapp3.1\nunittestproject.dll" id="a1315833-0fe6-4fc5-8939-3c4f1b31db5e">
      <Execution id="939489ba-856d-47e7-9561-46f687fcb7a5" />
      <TestMethod codeBase="C:\Projekty\NUnitTestProject\bin\Debug\netcoreapp3.1\NUnitTestProject.dll" adapterTypeName="executor://nunit3testexecutor/" className="NUnitTestProject.CurrencyHelperTests" name="FormatToStringTest1000(26223.99769144412d,&quot;26224.00 zł&quot;)" />
    </UnitTest>
    <UnitTest name="FormatToStringTest1000(25288.32036814574d,&quot;25288.32 zł&quot;)" storage="c:\projekty\nunittestproject\bin\debug\netcoreapp3.1\nunittestproject.dll" id="85867aba-850c-5842-e811-a641ca5889cf">
      <Execution id="ced3098c-5656-4e8b-bde5-58ae3d327faf" />
      <TestMethod codeBase="C:\Projekty\NUnitTestProject\bin\Debug\netcoreapp3.1\NUnitTestProject.dll" adapterTypeName="executor://nunit3testexecutor/" className="NUnitTestProject.CurrencyHelperTests" name="FormatToStringTest1000(25288.32036814574d,&quot;25288.32 zł&quot;)" />
    </UnitTest>
    <UnitTest name="FormatToStringTest1000(13745.115971449817d,&quot;13745.12 zł&quot;)" storage="c:\projekty\nunittestproject\bin\debug\netcoreapp3.1\nunittestproject.dll" id="81df71bb-e962-4121-4d15-80e255b37b1f">
      <Execution id="df9c2be9-2904-4756-bae9-d17bb2c6b202" />
      <TestMethod codeBase="C:\Projekty\NUnitTestProject\bin\Debug\netcoreapp3.1\NUnitTestProject.dll" adapterTypeName="executor://nunit3testexecutor/" className="NUnitTestProject.CurrencyHelperTests" name="FormatToStringTest1000(13745.115971449817d,&quot;13745.12 zł&quot;)" />
    </UnitTest>
    <UnitTest name="FormatToStringTest1000(9558.453124931293d,&quot;9558.45 zł&quot;)" storage="c:\projekty\nunittestproject\bin\debug\netcoreapp3.1\nunittestproject.dll" id="03f880df-4361-699a-9da6-4d3bc3d9d5a7">
      <Execution id="e33e046b-b534-4ada-94fe-d79d707d8b49" />
      <TestMethod codeBase="C:\Projekty\NUnitTestProject\bin\Debug\netcoreapp3.1\NUnitTestProject.dll" adapterTypeName="executor://nunit3testexecutor/" className="NUnitTestProject.CurrencyHelperTests" name="FormatToStringTest1000(9558.453124931293d,&quot;9558.45 zł&quot;)" />
    </UnitTest>
    <UnitTest name="FormatToStringTest1000(30111.54342534372d,&quot;30111.54 zł&quot;)" storage="c:\projekty\nunittestproject\bin\debug\netcoreapp3.1\nunittestproject.dll" id="63800d30-d6ac-f352-9000-d5ae21ee34db">
      <Execution id="be6e7c1c-c436-4b4f-84a7-a3609c464c55" />
      <TestMethod codeBase="C:\Projekty\NUnitTestProject\bin\Debug\netcoreapp3.1\NUnitTestProject.dll" adapterTypeName="executor://nunit3testexecutor/" className="NUnitTestProject.CurrencyHelperTests" name="FormatToStringTest1000(30111.54342534372d,&quot;30111.54 zł&quot;)" />
    </UnitTest>
    <UnitTest name="FormatToStringTest1000(1821.7083499085663d,&quot;1821.71 zł&quot;)" storage="c:\projekty\nunittestproject\bin\debug\netcoreapp3.1\nunittestproject.dll" id="f2281ab7-ffb9-3d10-c3a8-1aa0cd2fcbfc">
      <Execution id="601acd09-f24d-4f63-9e15-738eb67e982e" />
      <TestMethod codeBase="C:\Projekty\NUnitTestProject\bin\Debug\netcoreapp3.1\NUnitTestProject.dll" adapterTypeName="executor://nunit3testexecutor/" className="NUnitTestProject.CurrencyHelperTests" name="FormatToStringTest1000(1821.7083499085663d,&quot;1821.71 zł&quot;)" />
    </UnitTest>
    <UnitTest name="FormatToStringTest1000(24476.442216712254d,&quot;24476.44 zł&quot;)" storage="c:\projekty\nunittestproject\bin\debug\netcoreapp3.1\nunittestproject.dll" id="b83433ff-1f44-78cf-aaee-d87286ab6972">
      <Execution id="bd43feb1-e454-46a2-9b4b-7bd3e85bebff" />
      <TestMethod codeBase="C:\Projekty\NUnitTestProject\bin\Debug\netcoreapp3.1\NUnitTestProject.dll" adapterTypeName="executor://nunit3testexecutor/" className="NUnitTestProject.CurrencyHelperTests" name="FormatToStringTest1000(24476.442216712254d,&quot;24476.44 zł&quot;)" />
    </UnitTest>
    <UnitTest name="FormatToStringTest1000(35.34471716840971d,&quot;35.34 zł&quot;)" storage="c:\projekty\nunittestproject\bin\debug\netcoreapp3.1\nunittestproject.dll" id="d53ebf9d-a1b0-7eb1-4b91-4ab174a99cc7">
      <Execution id="189a10d4-ee02-40df-b55e-09cbb097ea10" />
      <TestMethod codeBase="C:\Projekty\NUnitTestProject\bin\Debug\netcoreapp3.1\NUnitTestProject.dll" adapterTypeName="executor://nunit3testexecutor/" className="NUnitTestProject.CurrencyHelperTests" name="FormatToStringTest1000(35.34471716840971d,&quot;35.34 zł&quot;)" />
    </UnitTest>
    <UnitTest name="FormatToStringTest1000(37826.846755123166d,&quot;37826.85 zł&quot;)" storage="c:\projekty\nunittestproject\bin\debug\netcoreapp3.1\nunittestproject.dll" id="4f980f14-0ada-dd56-93fe-12a559a27314">
      <Execution id="21316758-f8e5-41c0-8af6-036a54de6da8" />
      <TestMethod codeBase="C:\Projekty\NUnitTestProject\bin\Debug\netcoreapp3.1\NUnitTestProject.dll" adapterTypeName="executor://nunit3testexecutor/" className="NUnitTestProject.CurrencyHelperTests" name="FormatToStringTest1000(37826.846755123166d,&quot;37826.85 zł&quot;)" />
    </UnitTest>
    <UnitTest name="FormatToStringTest1000(14003.84591249742d,&quot;14003.85 zł&quot;)" storage="c:\projekty\nunittestproject\bin\debug\netcoreapp3.1\nunittestproject.dll" id="b266e530-9059-cc9e-a2de-5a104736c757">
      <Execution id="653ac5dc-a0ba-45be-b1c0-896a1dcb2b2b" />
      <TestMethod codeBase="C:\Projekty\NUnitTestProject\bin\Debug\netcoreapp3.1\NUnitTestProject.dll" adapterTypeName="executor://nunit3testexecutor/" className="NUnitTestProject.CurrencyHelperTests" name="FormatToStringTest1000(14003.84591249742d,&quot;14003.85 zł&quot;)" />
    </UnitTest>
    <UnitTest name="FormatToStringTest1000(12949.590713378317d,&quot;12949.59 zł&quot;)" storage="c:\projekty\nunittestproject\bin\debug\netcoreapp3.1\nunittestproject.dll" id="58932f19-d7b6-d69f-2dae-d6e75aa0e55e">
      <Execution id="b7a4802e-73de-435d-ba48-ed42fbde7b5a" />
      <TestMethod codeBase="C:\Projekty\NUnitTestProject\bin\Debug\netcoreapp3.1\NUnitTestProject.dll" adapterTypeName="executor://nunit3testexecutor/" className="NUnitTestProject.CurrencyHelperTests" name="FormatToStringTest1000(12949.590713378317d,&quot;12949.59 zł&quot;)" />
    </UnitTest>
    <UnitTest name="FormatToStringTest1000(28455.229970996843d,&quot;28455.23 zł&quot;)" storage="c:\projekty\nunittestproject\bin\debug\netcoreapp3.1\nunittestproject.dll" id="8abb9da4-977b-effb-b6fc-988ee16d7ff4">
      <Execution id="b0d8d179-4f8b-4008-b7cd-1c99c64ba311" />
      <TestMethod codeBase="C:\Projekty\NUnitTestProject\bin\Debug\netcoreapp3.1\NUnitTestProject.dll" adapterTypeName="executor://nunit3testexecutor/" className="NUnitTestProject.CurrencyHelperTests" name="FormatToStringTest1000(28455.229970996843d,&quot;28455.23 zł&quot;)" />
    </UnitTest>
    <UnitTest name="FormatToStringTest1000(4554.73912809777d,&quot;4554.74 zł&quot;)" storage="c:\projekty\nunittestproject\bin\debug\netcoreapp3.1\nunittestproject.dll" id="f33cb892-3679-fe31-40d8-b78f43a0c80f">
      <Execution id="126f2210-2b25-4c8c-9e4b-25cd5eaa2dd4" />
      <TestMethod codeBase="C:\Projekty\NUnitTestProject\bin\Debug\netcoreapp3.1\NUnitTestProject.dll" adapterTypeName="executor://nunit3testexecutor/" className="NUnitTestProject.CurrencyHelperTests" name="FormatToStringTest1000(4554.73912809777d,&quot;4554.74 zł&quot;)" />
    </UnitTest>
    <UnitTest name="FormatToStringTest1000(19840.47672110632d,&quot;19840.48 zł&quot;)" storage="c:\projekty\nunittestproject\bin\debug\netcoreapp3.1\nunittestproject.dll" id="8d3460f1-a4b4-e4c2-2d2b-85718b89d128">
      <Execution id="2d441680-fb04-4fab-89a5-e10b49dbd5b6" />
      <TestMethod codeBase="C:\Projekty\NUnitTestProject\bin\Debug\netcoreapp3.1\NUnitTestProject.dll" adapterTypeName="executor://nunit3testexecutor/" className="NUnitTestProject.CurrencyHelperTests" name="FormatToStringTest1000(19840.47672110632d,&quot;19840.48 zł&quot;)" />
    </UnitTest>
    <UnitTest name="FormatToStringTest1000(15520.346099893259d,&quot;15520.35 zł&quot;)" storage="c:\projekty\nunittestproject\bin\debug\netcoreapp3.1\nunittestproject.dll" id="95fa357e-9359-c839-8ff3-f046c9e30487">
      <Execution id="5e7f437c-9073-4afc-94d5-e939b3b7d2f3" />
      <TestMethod codeBase="C:\Projekty\NUnitTestProject\bin\Debug\netcoreapp3.1\NUnitTestProject.dll" adapterTypeName="executor://nunit3testexecutor/" className="NUnitTestProject.CurrencyHelperTests" name="FormatToStringTest1000(15520.346099893259d,&quot;15520.35 zł&quot;)" />
    </UnitTest>
    <UnitTest name="FormatToStringTest1000(13375.96341587415d,&quot;13375.96 zł&quot;)" storage="c:\projekty\nunittestproject\bin\debug\netcoreapp3.1\nunittestproject.dll" id="66fdc644-297b-3f5c-4f4a-cb900d8c28d6">
      <Execution id="2557a77d-1de3-4937-93af-37e07ceadf9d" />
      <TestMethod codeBase="C:\Projekty\NUnitTestProject\bin\Debug\netcoreapp3.1\NUnitTestProject.dll" adapterTypeName="executor://nunit3testexecutor/" className="NUnitTestProject.CurrencyHelperTests" name="FormatToStringTest1000(13375.96341587415d,&quot;13375.96 zł&quot;)" />
    </UnitTest>
    <UnitTest name="FormatToStringTest1000(4002.4180488374172d,&quot;4002.42 zł&quot;)" storage="c:\projekty\nunittestproject\bin\debug\netcoreapp3.1\nunittestproject.dll" id="f5fd9e95-4d91-8f7f-4648-e5bd7c8cc931">
      <Execution id="ac11a8d0-e339-40c0-8210-183a46a1b104" />
      <TestMethod codeBase="C:\Projekty\NUnitTestProject\bin\Debug\netcoreapp3.1\NUnitTestProject.dll" adapterTypeName="executor://nunit3testexecutor/" className="NUnitTestProject.CurrencyHelperTests" name="FormatToStringTest1000(4002.4180488374172d,&quot;4002.42 zł&quot;)" />
    </UnitTest>
    <UnitTest name="FormatToStringTest1000(59768.02667973611d,&quot;59768.03 zł&quot;)" storage="c:\projekty\nunittestproject\bin\debug\netcoreapp3.1\nunittestproject.dll" id="a847ffac-041e-82ae-b13a-0b82098799e8">
      <Execution id="e0a89e67-8eff-41f1-917b-31d9f3075be4" />
      <TestMethod codeBase="C:\Projekty\NUnitTestProject\bin\Debug\netcoreapp3.1\NUnitTestProject.dll" adapterTypeName="executor://nunit3testexecutor/" className="NUnitTestProject.CurrencyHelperTests" name="FormatToStringTest1000(59768.02667973611d,&quot;59768.03 zł&quot;)" />
    </UnitTest>
    <UnitTest name="FormatToStringTest1000(17835.54606576988d,&quot;17835.55 zł&quot;)" storage="c:\projekty\nunittestproject\bin\debug\netcoreapp3.1\nunittestproject.dll" id="e679eaee-e3a9-8b8a-d185-7c73afee0b2f">
      <Execution id="17fb9ec4-95d2-4ca6-8ac3-330b9892a695" />
      <TestMethod codeBase="C:\Projekty\NUnitTestProject\bin\Debug\netcoreapp3.1\NUnitTestProject.dll" adapterTypeName="executor://nunit3testexecutor/" className="NUnitTestProject.CurrencyHelperTests" name="FormatToStringTest1000(17835.54606576988d,&quot;17835.55 zł&quot;)" />
    </UnitTest>
    <UnitTest name="FormatToStringTest1000(12308.022158465357d,&quot;12308.02 zł&quot;)" storage="c:\projekty\nunittestproject\bin\debug\netcoreapp3.1\nunittestproject.dll" id="cb9006f5-cf8f-a741-60da-88003562c888">
      <Execution id="61297e8a-d16d-48fe-846c-abf55631a769" />
      <TestMethod codeBase="C:\Projekty\NUnitTestProject\bin\Debug\netcoreapp3.1\NUnitTestProject.dll" adapterTypeName="executor://nunit3testexecutor/" className="NUnitTestProject.CurrencyHelperTests" name="FormatToStringTest1000(12308.022158465357d,&quot;12308.02 zł&quot;)" />
    </UnitTest>
    <UnitTest name="FormatToStringTest1000(13568.230982493717d,&quot;13568.23 zł&quot;)" storage="c:\projekty\nunittestproject\bin\debug\netcoreapp3.1\nunittestproject.dll" id="9c16a4f2-9784-74bb-775d-5911328260bf">
      <Execution id="44cbc99d-87a0-4887-9685-b9076ce27fe3" />
      <TestMethod codeBase="C:\Projekty\NUnitTestProject\bin\Debug\netcoreapp3.1\NUnitTestProject.dll" adapterTypeName="executor://nunit3testexecutor/" className="NUnitTestProject.CurrencyHelperTests" name="FormatToStringTest1000(13568.230982493717d,&quot;13568.23 zł&quot;)" />
    </UnitTest>
    <UnitTest name="FormatToStringTest1000(20068.867046961965d,&quot;20068.87 zł&quot;)" storage="c:\projekty\nunittestproject\bin\debug\netcoreapp3.1\nunittestproject.dll" id="004cf38c-62a9-5d39-4e66-385c7c495389">
      <Execution id="c5aa0d12-ac5d-4b45-abd4-51608bd5d6f7" />
      <TestMethod codeBase="C:\Projekty\NUnitTestProject\bin\Debug\netcoreapp3.1\NUnitTestProject.dll" adapterTypeName="executor://nunit3testexecutor/" className="NUnitTestProject.CurrencyHelperTests" name="FormatToStringTest1000(20068.867046961965d,&quot;20068.87 zł&quot;)" />
    </UnitTest>
    <UnitTest name="FormatToStringTest1000(26945.125386551546d,&quot;26945.13 zł&quot;)" storage="c:\projekty\nunittestproject\bin\debug\netcoreapp3.1\nunittestproject.dll" id="217115b6-0d47-12a1-e34e-67f742ff910b">
      <Execution id="6aa8bebf-5407-4904-aa16-44f1473bac67" />
      <TestMethod codeBase="C:\Projekty\NUnitTestProject\bin\Debug\netcoreapp3.1\NUnitTestProject.dll" adapterTypeName="executor://nunit3testexecutor/" className="NUnitTestProject.CurrencyHelperTests" name="FormatToStringTest1000(26945.125386551546d,&quot;26945.13 zł&quot;)" />
    </UnitTest>
    <UnitTest name="FormatToStringTest1000(6205.946199725357d,&quot;6205.95 zł&quot;)" storage="c:\projekty\nunittestproject\bin\debug\netcoreapp3.1\nunittestproject.dll" id="521fa3b6-9e37-72bc-d9e9-42020df0aa26">
      <Execution id="7deda99e-66a6-4af4-bc02-e7a64180fdaf" />
      <TestMethod codeBase="C:\Projekty\NUnitTestProject\bin\Debug\netcoreapp3.1\NUnitTestProject.dll" adapterTypeName="executor://nunit3testexecutor/" className="NUnitTestProject.CurrencyHelperTests" name="FormatToStringTest1000(6205.946199725357d,&quot;6205.95 zł&quot;)" />
    </UnitTest>
    <UnitTest name="FormatToStringTest1000(54724.71040318008d,&quot;54724.71 zł&quot;)" storage="c:\projekty\nunittestproject\bin\debug\netcoreapp3.1\nunittestproject.dll" id="71a2762b-d8da-32e7-80e0-7c170fef2ac7">
      <Execution id="94573f3d-16fd-4757-a386-64d3ebcac952" />
      <TestMethod codeBase="C:\Projekty\NUnitTestProject\bin\Debug\netcoreapp3.1\NUnitTestProject.dll" adapterTypeName="executor://nunit3testexecutor/" className="NUnitTestProject.CurrencyHelperTests" name="FormatToStringTest1000(54724.71040318008d,&quot;54724.71 zł&quot;)" />
    </UnitTest>
    <UnitTest name="FormatToStringTest1000(56286.70397975702d,&quot;56286.70 zł&quot;)" storage="c:\projekty\nunittestproject\bin\debug\netcoreapp3.1\nunittestproject.dll" id="8f24487f-448e-3b5a-351c-88c069a107d6">
      <Execution id="63c5e004-0691-4460-9abd-ba82c6e7398c" />
      <TestMethod codeBase="C:\Projekty\NUnitTestProject\bin\Debug\netcoreapp3.1\NUnitTestProject.dll" adapterTypeName="executor://nunit3testexecutor/" className="NUnitTestProject.CurrencyHelperTests" name="FormatToStringTest1000(56286.70397975702d,&quot;56286.70 zł&quot;)" />
    </UnitTest>
    <UnitTest name="FormatToStringTest1000(36651.05802063414d,&quot;36651.06 zł&quot;)" storage="c:\projekty\nunittestproject\bin\debug\netcoreapp3.1\nunittestproject.dll" id="2be600d2-247c-9e20-d84c-921afba648ed">
      <Execution id="547214bb-f606-47be-be73-4ace369b3dad" />
      <TestMethod codeBase="C:\Projekty\NUnitTestProject\bin\Debug\netcoreapp3.1\NUnitTestProject.dll" adapterTypeName="executor://nunit3testexecutor/" className="NUnitTestProject.CurrencyHelperTests" name="FormatToStringTest1000(36651.05802063414d,&quot;36651.06 zł&quot;)" />
    </UnitTest>
    <UnitTest name="FormatToStringTest1000(1898.24149096489d,&quot;1898.24 zł&quot;)" storage="c:\projekty\nunittestproject\bin\debug\netcoreapp3.1\nunittestproject.dll" id="314b7968-8280-3c06-cc8d-95ee97af36dd">
      <Execution id="e48cc5e6-910c-4f5b-8aaf-19bfb7fc3e11" />
      <TestMethod codeBase="C:\Projekty\NUnitTestProject\bin\Debug\netcoreapp3.1\NUnitTestProject.dll" adapterTypeName="executor://nunit3testexecutor/" className="NUnitTestProject.CurrencyHelperTests" name="FormatToStringTest1000(1898.24149096489d,&quot;1898.24 zł&quot;)" />
    </UnitTest>
    <UnitTest name="FormatToStringTest1000(468.83385119346616d,&quot;468.83 zł&quot;)" storage="c:\projekty\nunittestproject\bin\debug\netcoreapp3.1\nunittestproject.dll" id="c2a86a28-0c33-4ec7-8c21-c750433881c4">
      <Execution id="a3575afa-9029-4163-883c-b391ad3fc00a" />
      <TestMethod codeBase="C:\Projekty\NUnitTestProject\bin\Debug\netcoreapp3.1\NUnitTestProject.dll" adapterTypeName="executor://nunit3testexecutor/" className="NUnitTestProject.CurrencyHelperTests" name="FormatToStringTest1000(468.83385119346616d,&quot;468.83 zł&quot;)" />
    </UnitTest>
    <UnitTest name="FormatToStringTest1000(14867.726341984107d,&quot;14867.73 zł&quot;)" storage="c:\projekty\nunittestproject\bin\debug\netcoreapp3.1\nunittestproject.dll" id="bed158c1-cdea-cb2e-72de-fac3c7fdb2c8">
      <Execution id="ee6d31c2-ef34-418b-9aee-e6bdd2c59244" />
      <TestMethod codeBase="C:\Projekty\NUnitTestProject\bin\Debug\netcoreapp3.1\NUnitTestProject.dll" adapterTypeName="executor://nunit3testexecutor/" className="NUnitTestProject.CurrencyHelperTests" name="FormatToStringTest1000(14867.726341984107d,&quot;14867.73 zł&quot;)" />
    </UnitTest>
    <UnitTest name="FormatToStringTest1000(28155.26504817664d,&quot;28155.27 zł&quot;)" storage="c:\projekty\nunittestproject\bin\debug\netcoreapp3.1\nunittestproject.dll" id="cdb063aa-c8f9-b0b9-d5b0-6f880917f1b4">
      <Execution id="17b4df7b-de26-45d7-969c-a9225a3d7011" />
      <TestMethod codeBase="C:\Projekty\NUnitTestProject\bin\Debug\netcoreapp3.1\NUnitTestProject.dll" adapterTypeName="executor://nunit3testexecutor/" className="NUnitTestProject.CurrencyHelperTests" name="FormatToStringTest1000(28155.26504817664d,&quot;28155.27 zł&quot;)" />
    </UnitTest>
    <UnitTest name="FormatToStringTest1000(22831.975917587977d,&quot;22831.98 zł&quot;)" storage="c:\projekty\nunittestproject\bin\debug\netcoreapp3.1\nunittestproject.dll" id="a72152f5-7a61-c574-c2ee-c9a3ca6ccab7">
      <Execution id="fcd92aba-5f99-4c20-8773-40e9da2f3397" />
      <TestMethod codeBase="C:\Projekty\NUnitTestProject\bin\Debug\netcoreapp3.1\NUnitTestProject.dll" adapterTypeName="executor://nunit3testexecutor/" className="NUnitTestProject.CurrencyHelperTests" name="FormatToStringTest1000(22831.975917587977d,&quot;22831.98 zł&quot;)" />
    </UnitTest>
    <UnitTest name="FormatToStringTest1000(27164.0272410419d,&quot;27164.03 zł&quot;)" storage="c:\projekty\nunittestproject\bin\debug\netcoreapp3.1\nunittestproject.dll" id="b1699ce8-743c-1964-eb7b-2aa310ecbb21">
      <Execution id="3d478d5a-1bd1-422b-bae2-5a2fa68248e8" />
      <TestMethod codeBase="C:\Projekty\NUnitTestProject\bin\Debug\netcoreapp3.1\NUnitTestProject.dll" adapterTypeName="executor://nunit3testexecutor/" className="NUnitTestProject.CurrencyHelperTests" name="FormatToStringTest1000(27164.0272410419d,&quot;27164.03 zł&quot;)" />
    </UnitTest>
    <UnitTest name="FormatToStringTest1000(32632.105531036905d,&quot;32632.11 zł&quot;)" storage="c:\projekty\nunittestproject\bin\debug\netcoreapp3.1\nunittestproject.dll" id="369d8b6d-6b5f-c2d1-d938-37474ed850e0">
      <Execution id="f94cfcad-5e3b-4daf-815d-ddb0a0e0b85b" />
      <TestMethod codeBase="C:\Projekty\NUnitTestProject\bin\Debug\netcoreapp3.1\NUnitTestProject.dll" adapterTypeName="executor://nunit3testexecutor/" className="NUnitTestProject.CurrencyHelperTests" name="FormatToStringTest1000(32632.105531036905d,&quot;32632.11 zł&quot;)" />
    </UnitTest>
    <UnitTest name="FormatToStringTest1000(626.135364110179d,&quot;626.14 zł&quot;)" storage="c:\projekty\nunittestproject\bin\debug\netcoreapp3.1\nunittestproject.dll" id="3c732fdd-347f-bf9b-4cee-87347d32525f">
      <Execution id="ba07ec09-7299-4834-bff6-e303d128bd7c" />
      <TestMethod codeBase="C:\Projekty\NUnitTestProject\bin\Debug\netcoreapp3.1\NUnitTestProject.dll" adapterTypeName="executor://nunit3testexecutor/" className="NUnitTestProject.CurrencyHelperTests" name="FormatToStringTest1000(626.135364110179d,&quot;626.14 zł&quot;)" />
    </UnitTest>
    <UnitTest name="FormatToStringTest1000(28987.862854782896d,&quot;28987.86 zł&quot;)" storage="c:\projekty\nunittestproject\bin\debug\netcoreapp3.1\nunittestproject.dll" id="bd80c668-2405-22c1-740d-ec63dfd58306">
      <Execution id="a85ed80c-a715-4e52-a1f2-3a7b4a9ad5a0" />
      <TestMethod codeBase="C:\Projekty\NUnitTestProject\bin\Debug\netcoreapp3.1\NUnitTestProject.dll" adapterTypeName="executor://nunit3testexecutor/" className="NUnitTestProject.CurrencyHelperTests" name="FormatToStringTest1000(28987.862854782896d,&quot;28987.86 zł&quot;)" />
    </UnitTest>
    <UnitTest name="FormatToStringTest1000(16825.83099003268d,&quot;16825.83 zł&quot;)" storage="c:\projekty\nunittestproject\bin\debug\netcoreapp3.1\nunittestproject.dll" id="299c3fd4-a01d-2a60-05c1-ad11698aa276">
      <Execution id="767b32e4-93aa-420b-aee3-3a1b8824246c" />
      <TestMethod codeBase="C:\Projekty\NUnitTestProject\bin\Debug\netcoreapp3.1\NUnitTestProject.dll" adapterTypeName="executor://nunit3testexecutor/" className="NUnitTestProject.CurrencyHelperTests" name="FormatToStringTest1000(16825.83099003268d,&quot;16825.83 zł&quot;)" />
    </UnitTest>
    <UnitTest name="FormatToStringTest1000(2039.440966411699d,&quot;2039.44 zł&quot;)" storage="c:\projekty\nunittestproject\bin\debug\netcoreapp3.1\nunittestproject.dll" id="e24a4a8b-d823-3179-90dd-34c590157361">
      <Execution id="87eed4cb-a251-41d5-a2e8-51a4de840c44" />
      <TestMethod codeBase="C:\Projekty\NUnitTestProject\bin\Debug\netcoreapp3.1\NUnitTestProject.dll" adapterTypeName="executor://nunit3testexecutor/" className="NUnitTestProject.CurrencyHelperTests" name="FormatToStringTest1000(2039.440966411699d,&quot;2039.44 zł&quot;)" />
    </UnitTest>
    <UnitTest name="FormatToStringTest1000(9628.688698104437d,&quot;9628.69 zł&quot;)" storage="c:\projekty\nunittestproject\bin\debug\netcoreapp3.1\nunittestproject.dll" id="244a126b-865c-f129-c9cf-f22a9a00e343">
      <Execution id="9f959007-a8fa-475e-84e0-90ac417d4012" />
      <TestMethod codeBase="C:\Projekty\NUnitTestProject\bin\Debug\netcoreapp3.1\NUnitTestProject.dll" adapterTypeName="executor://nunit3testexecutor/" className="NUnitTestProject.CurrencyHelperTests" name="FormatToStringTest1000(9628.688698104437d,&quot;9628.69 zł&quot;)" />
    </UnitTest>
    <UnitTest name="FormatToStringTest1000(32262.93788198984d,&quot;32262.94 zł&quot;)" storage="c:\projekty\nunittestproject\bin\debug\netcoreapp3.1\nunittestproject.dll" id="74c0130b-d063-4d59-6d84-18416c8beb4f">
      <Execution id="62a70879-8a8b-44e9-a81a-d905d4c1548c" />
      <TestMethod codeBase="C:\Projekty\NUnitTestProject\bin\Debug\netcoreapp3.1\NUnitTestProject.dll" adapterTypeName="executor://nunit3testexecutor/" className="NUnitTestProject.CurrencyHelperTests" name="FormatToStringTest1000(32262.93788198984d,&quot;32262.94 zł&quot;)" />
    </UnitTest>
    <UnitTest name="FormatToStringTest1000(21573.45329517613d,&quot;21573.45 zł&quot;)" storage="c:\projekty\nunittestproject\bin\debug\netcoreapp3.1\nunittestproject.dll" id="e00200eb-3a34-f266-bd48-fa5530d514f6">
      <Execution id="a59efff8-7079-490c-836b-36318af75709" />
      <TestMethod codeBase="C:\Projekty\NUnitTestProject\bin\Debug\netcoreapp3.1\NUnitTestProject.dll" adapterTypeName="executor://nunit3testexecutor/" className="NUnitTestProject.CurrencyHelperTests" name="FormatToStringTest1000(21573.45329517613d,&quot;21573.45 zł&quot;)" />
    </UnitTest>
    <UnitTest name="FormatToStringTest1000(7050.437505805137d,&quot;7050.44 zł&quot;)" storage="c:\projekty\nunittestproject\bin\debug\netcoreapp3.1\nunittestproject.dll" id="d5a3e949-dba8-8515-82f0-b4d3600a13aa">
      <Execution id="4e2b8b2b-6612-48ec-a5b5-70b4583ff473" />
      <TestMethod codeBase="C:\Projekty\NUnitTestProject\bin\Debug\netcoreapp3.1\NUnitTestProject.dll" adapterTypeName="executor://nunit3testexecutor/" className="NUnitTestProject.CurrencyHelperTests" name="FormatToStringTest1000(7050.437505805137d,&quot;7050.44 zł&quot;)" />
    </UnitTest>
    <UnitTest name="FormatToStringTest1000(20640.678251201603d,&quot;20640.68 zł&quot;)" storage="c:\projekty\nunittestproject\bin\debug\netcoreapp3.1\nunittestproject.dll" id="a01314ec-fbb5-964d-0d33-e4eebe884133">
      <Execution id="b761b371-6271-46e3-a990-97dad3be0140" />
      <TestMethod codeBase="C:\Projekty\NUnitTestProject\bin\Debug\netcoreapp3.1\NUnitTestProject.dll" adapterTypeName="executor://nunit3testexecutor/" className="NUnitTestProject.CurrencyHelperTests" name="FormatToStringTest1000(20640.678251201603d,&quot;20640.68 zł&quot;)" />
    </UnitTest>
    <UnitTest name="FormatToStringTest1000(22197.731451777618d,&quot;22197.73 zł&quot;)" storage="c:\projekty\nunittestproject\bin\debug\netcoreapp3.1\nunittestproject.dll" id="b6ca1995-becc-76ce-0b28-eebf3dd3e464">
      <Execution id="b5e4a982-8c95-4a84-ad51-8e550d67841a" />
      <TestMethod codeBase="C:\Projekty\NUnitTestProject\bin\Debug\netcoreapp3.1\NUnitTestProject.dll" adapterTypeName="executor://nunit3testexecutor/" className="NUnitTestProject.CurrencyHelperTests" name="FormatToStringTest1000(22197.731451777618d,&quot;22197.73 zł&quot;)" />
    </UnitTest>
    <UnitTest name="FormatToStringTest1000(68770.73008707525d,&quot;68770.73 zł&quot;)" storage="c:\projekty\nunittestproject\bin\debug\netcoreapp3.1\nunittestproject.dll" id="6abd158c-e0bd-4354-9fac-ab6a832540d0">
      <Execution id="b8e0aa02-3377-4795-b22c-2f487f5fd1da" />
      <TestMethod codeBase="C:\Projekty\NUnitTestProject\bin\Debug\netcoreapp3.1\NUnitTestProject.dll" adapterTypeName="executor://nunit3testexecutor/" className="NUnitTestProject.CurrencyHelperTests" name="FormatToStringTest1000(68770.73008707525d,&quot;68770.73 zł&quot;)" />
    </UnitTest>
    <UnitTest name="FormatToStringTest1000(32051.900532446758d,&quot;32051.90 zł&quot;)" storage="c:\projekty\nunittestproject\bin\debug\netcoreapp3.1\nunittestproject.dll" id="af3111d5-b888-5828-d92f-ad0d56c13b83">
      <Execution id="d0f63dc3-6d20-445a-bc4d-d302b8e3d74b" />
      <TestMethod codeBase="C:\Projekty\NUnitTestProject\bin\Debug\netcoreapp3.1\NUnitTestProject.dll" adapterTypeName="executor://nunit3testexecutor/" className="NUnitTestProject.CurrencyHelperTests" name="FormatToStringTest1000(32051.900532446758d,&quot;32051.90 zł&quot;)" />
    </UnitTest>
    <UnitTest name="FormatToStringTest1000(11624.834848273003d,&quot;11624.83 zł&quot;)" storage="c:\projekty\nunittestproject\bin\debug\netcoreapp3.1\nunittestproject.dll" id="8456fa24-5ecf-826b-4b12-9156253c47fe">
      <Execution id="2be8260c-d084-4e1f-b2ed-9bcf807ccc72" />
      <TestMethod codeBase="C:\Projekty\NUnitTestProject\bin\Debug\netcoreapp3.1\NUnitTestProject.dll" adapterTypeName="executor://nunit3testexecutor/" className="NUnitTestProject.CurrencyHelperTests" name="FormatToStringTest1000(11624.834848273003d,&quot;11624.83 zł&quot;)" />
    </UnitTest>
    <UnitTest name="FormatToStringTest1000(7004.710832051798d,&quot;7004.71 zł&quot;)" storage="c:\projekty\nunittestproject\bin\debug\netcoreapp3.1\nunittestproject.dll" id="0d3aed88-2598-0caa-458e-53fd2f6dc4e2">
      <Execution id="1f145f7f-1fa6-4b87-8449-30b20231cae7" />
      <TestMethod codeBase="C:\Projekty\NUnitTestProject\bin\Debug\netcoreapp3.1\NUnitTestProject.dll" adapterTypeName="executor://nunit3testexecutor/" className="NUnitTestProject.CurrencyHelperTests" name="FormatToStringTest1000(7004.710832051798d,&quot;7004.71 zł&quot;)" />
    </UnitTest>
    <UnitTest name="FormatToStringTest1000(2390.7596313784643d,&quot;2390.76 zł&quot;)" storage="c:\projekty\nunittestproject\bin\debug\netcoreapp3.1\nunittestproject.dll" id="ae67d523-2929-36b8-f281-40940e5c29bb">
      <Execution id="d428a415-ce3c-4bd6-8892-10a3b23d34f7" />
      <TestMethod codeBase="C:\Projekty\NUnitTestProject\bin\Debug\netcoreapp3.1\NUnitTestProject.dll" adapterTypeName="executor://nunit3testexecutor/" className="NUnitTestProject.CurrencyHelperTests" name="FormatToStringTest1000(2390.7596313784643d,&quot;2390.76 zł&quot;)" />
    </UnitTest>
    <UnitTest name="FormatToStringTest1000(45887.58415794167d,&quot;45887.58 zł&quot;)" storage="c:\projekty\nunittestproject\bin\debug\netcoreapp3.1\nunittestproject.dll" id="23390089-a1b0-0859-3cf4-aeec4a54a63a">
      <Execution id="c87a0546-7718-4232-a83c-78c1d6ef78e6" />
      <TestMethod codeBase="C:\Projekty\NUnitTestProject\bin\Debug\netcoreapp3.1\NUnitTestProject.dll" adapterTypeName="executor://nunit3testexecutor/" className="NUnitTestProject.CurrencyHelperTests" name="FormatToStringTest1000(45887.58415794167d,&quot;45887.58 zł&quot;)" />
    </UnitTest>
    <UnitTest name="FormatToStringTest1000(48544.390887578666d,&quot;48544.39 zł&quot;)" storage="c:\projekty\nunittestproject\bin\debug\netcoreapp3.1\nunittestproject.dll" id="6b63c191-3bae-08f6-ef80-e9550ed318c7">
      <Execution id="8948fe74-8570-465d-a7cd-db46b4c0cdd8" />
      <TestMethod codeBase="C:\Projekty\NUnitTestProject\bin\Debug\netcoreapp3.1\NUnitTestProject.dll" adapterTypeName="executor://nunit3testexecutor/" className="NUnitTestProject.CurrencyHelperTests" name="FormatToStringTest1000(48544.390887578666d,&quot;48544.39 zł&quot;)" />
    </UnitTest>
    <UnitTest name="FormatToStringTest1000(918.1842976688334d,&quot;918.18 zł&quot;)" storage="c:\projekty\nunittestproject\bin\debug\netcoreapp3.1\nunittestproject.dll" id="e4cccfe6-fb6d-a0d6-3337-e528b068adae">
      <Execution id="33e826fa-2fff-48ff-91db-38a661512c55" />
      <TestMethod codeBase="C:\Projekty\NUnitTestProject\bin\Debug\netcoreapp3.1\NUnitTestProject.dll" adapterTypeName="executor://nunit3testexecutor/" className="NUnitTestProject.CurrencyHelperTests" name="FormatToStringTest1000(918.1842976688334d,&quot;918.18 zł&quot;)" />
    </UnitTest>
    <UnitTest name="FormatToStringTest1000(37561.969571757116d,&quot;37561.97 zł&quot;)" storage="c:\projekty\nunittestproject\bin\debug\netcoreapp3.1\nunittestproject.dll" id="0ea957ac-53f2-c077-4d23-d56d0a5f77c4">
      <Execution id="b1a58b84-32b2-4a18-aa80-fed4578b47f2" />
      <TestMethod codeBase="C:\Projekty\NUnitTestProject\bin\Debug\netcoreapp3.1\NUnitTestProject.dll" adapterTypeName="executor://nunit3testexecutor/" className="NUnitTestProject.CurrencyHelperTests" name="FormatToStringTest1000(37561.969571757116d,&quot;37561.97 zł&quot;)" />
    </UnitTest>
    <UnitTest name="FormatToStringTest1000(68011.49219071423d,&quot;68011.49 zł&quot;)" storage="c:\projekty\nunittestproject\bin\debug\netcoreapp3.1\nunittestproject.dll" id="fb944051-8a30-bb84-bc2a-dc4270028415">
      <Execution id="07a9131d-aa70-46d6-be92-529e76567f66" />
      <TestMethod codeBase="C:\Projekty\NUnitTestProject\bin\Debug\netcoreapp3.1\NUnitTestProject.dll" adapterTypeName="executor://nunit3testexecutor/" className="NUnitTestProject.CurrencyHelperTests" name="FormatToStringTest1000(68011.49219071423d,&quot;68011.49 zł&quot;)" />
    </UnitTest>
    <UnitTest name="FormatToStringTest1000(10857.521742201186d,&quot;10857.52 zł&quot;)" storage="c:\projekty\nunittestproject\bin\debug\netcoreapp3.1\nunittestproject.dll" id="a73c4b3c-3d13-f62c-d2e5-567ad0be5c42">
      <Execution id="2a57da9d-8f4f-4c0e-b195-2c991593d06f" />
      <TestMethod codeBase="C:\Projekty\NUnitTestProject\bin\Debug\netcoreapp3.1\NUnitTestProject.dll" adapterTypeName="executor://nunit3testexecutor/" className="NUnitTestProject.CurrencyHelperTests" name="FormatToStringTest1000(10857.521742201186d,&quot;10857.52 zł&quot;)" />
    </UnitTest>
    <UnitTest name="FormatToStringTest1000(17232.486162219426d,&quot;17232.49 zł&quot;)" storage="c:\projekty\nunittestproject\bin\debug\netcoreapp3.1\nunittestproject.dll" id="4951aa5a-960f-b892-8f82-3d3748c1e3da">
      <Execution id="9fbb2e8c-08e6-4572-87b6-5391390122bf" />
      <TestMethod codeBase="C:\Projekty\NUnitTestProject\bin\Debug\netcoreapp3.1\NUnitTestProject.dll" adapterTypeName="executor://nunit3testexecutor/" className="NUnitTestProject.CurrencyHelperTests" name="FormatToStringTest1000(17232.486162219426d,&quot;17232.49 zł&quot;)" />
    </UnitTest>
    <UnitTest name="FormatToStringTest1000(10965.74607995746d,&quot;10965.75 zł&quot;)" storage="c:\projekty\nunittestproject\bin\debug\netcoreapp3.1\nunittestproject.dll" id="8879b9b8-0100-f390-31c6-fdcbdf8a4f83">
      <Execution id="98f6eba8-121b-4d53-8554-d03702637f7f" />
      <TestMethod codeBase="C:\Projekty\NUnitTestProject\bin\Debug\netcoreapp3.1\NUnitTestProject.dll" adapterTypeName="executor://nunit3testexecutor/" className="NUnitTestProject.CurrencyHelperTests" name="FormatToStringTest1000(10965.74607995746d,&quot;10965.75 zł&quot;)" />
    </UnitTest>
    <UnitTest name="FormatToStringTest1000(17418.31302247863d,&quot;17418.31 zł&quot;)" storage="c:\projekty\nunittestproject\bin\debug\netcoreapp3.1\nunittestproject.dll" id="a8b1a1f3-a70e-7194-337a-f959c6974971">
      <Execution id="23b9b674-cb72-48ba-8698-d88f56ee3230" />
      <TestMethod codeBase="C:\Projekty\NUnitTestProject\bin\Debug\netcoreapp3.1\NUnitTestProject.dll" adapterTypeName="executor://nunit3testexecutor/" className="NUnitTestProject.CurrencyHelperTests" name="FormatToStringTest1000(17418.31302247863d,&quot;17418.31 zł&quot;)" />
    </UnitTest>
    <UnitTest name="FormatToStringTest1000(3646.857719214101d,&quot;3646.86 zł&quot;)" storage="c:\projekty\nunittestproject\bin\debug\netcoreapp3.1\nunittestproject.dll" id="f28b795b-c425-f0b1-e6d2-05ca8e559551">
      <Execution id="2961c9fb-bbaa-40fd-9445-362af5ebcf21" />
      <TestMethod codeBase="C:\Projekty\NUnitTestProject\bin\Debug\netcoreapp3.1\NUnitTestProject.dll" adapterTypeName="executor://nunit3testexecutor/" className="NUnitTestProject.CurrencyHelperTests" name="FormatToStringTest1000(3646.857719214101d,&quot;3646.86 zł&quot;)" />
    </UnitTest>
    <UnitTest name="FormatToStringTest1000(41915.7945284563d,&quot;41915.79 zł&quot;)" storage="c:\projekty\nunittestproject\bin\debug\netcoreapp3.1\nunittestproject.dll" id="619c3bdd-52f6-f473-bd0e-a552a532adf7">
      <Execution id="080578c6-c66e-480a-a971-42a395576ff2" />
      <TestMethod codeBase="C:\Projekty\NUnitTestProject\bin\Debug\netcoreapp3.1\NUnitTestProject.dll" adapterTypeName="executor://nunit3testexecutor/" className="NUnitTestProject.CurrencyHelperTests" name="FormatToStringTest1000(41915.7945284563d,&quot;41915.79 zł&quot;)" />
    </UnitTest>
    <UnitTest name="FormatToStringTest1000(43424.45140075332d,&quot;43424.45 zł&quot;)" storage="c:\projekty\nunittestproject\bin\debug\netcoreapp3.1\nunittestproject.dll" id="a2324ec9-fe68-9e74-cace-8efe295e824d">
      <Execution id="425f8c49-257e-4418-9ded-26f4238948e9" />
      <TestMethod codeBase="C:\Projekty\NUnitTestProject\bin\Debug\netcoreapp3.1\NUnitTestProject.dll" adapterTypeName="executor://nunit3testexecutor/" className="NUnitTestProject.CurrencyHelperTests" name="FormatToStringTest1000(43424.45140075332d,&quot;43424.45 zł&quot;)" />
    </UnitTest>
    <UnitTest name="FormatToStringTest1000(31391.358864880804d,&quot;31391.36 zł&quot;)" storage="c:\projekty\nunittestproject\bin\debug\netcoreapp3.1\nunittestproject.dll" id="a9bc5968-881f-208e-3a3a-e085883b32c4">
      <Execution id="efccd697-8733-4d56-b61b-b02079bdbf23" />
      <TestMethod codeBase="C:\Projekty\NUnitTestProject\bin\Debug\netcoreapp3.1\NUnitTestProject.dll" adapterTypeName="executor://nunit3testexecutor/" className="NUnitTestProject.CurrencyHelperTests" name="FormatToStringTest1000(31391.358864880804d,&quot;31391.36 zł&quot;)" />
    </UnitTest>
    <UnitTest name="FormatToStringTest1000(4525.609305084501d,&quot;4525.61 zł&quot;)" storage="c:\projekty\nunittestproject\bin\debug\netcoreapp3.1\nunittestproject.dll" id="c8d9f475-0d2c-01ff-49f8-896beab958d5">
      <Execution id="5e19d8b8-40e6-4581-a11e-9a78baec55d1" />
      <TestMethod codeBase="C:\Projekty\NUnitTestProject\bin\Debug\netcoreapp3.1\NUnitTestProject.dll" adapterTypeName="executor://nunit3testexecutor/" className="NUnitTestProject.CurrencyHelperTests" name="FormatToStringTest1000(4525.609305084501d,&quot;4525.61 zł&quot;)" />
    </UnitTest>
    <UnitTest name="FormatToStringTest1000(72802.68569213277d,&quot;72802.69 zł&quot;)" storage="c:\projekty\nunittestproject\bin\debug\netcoreapp3.1\nunittestproject.dll" id="f9ec4424-0f09-8ce8-d044-ac97ec1d16a8">
      <Execution id="ac5d435f-c4d8-4f4f-8468-ac2081cb0a54" />
      <TestMethod codeBase="C:\Projekty\NUnitTestProject\bin\Debug\netcoreapp3.1\NUnitTestProject.dll" adapterTypeName="executor://nunit3testexecutor/" className="NUnitTestProject.CurrencyHelperTests" name="FormatToStringTest1000(72802.68569213277d,&quot;72802.69 zł&quot;)" />
    </UnitTest>
    <UnitTest name="FormatToStringTest1000(6057.842750804426d,&quot;6057.84 zł&quot;)" storage="c:\projekty\nunittestproject\bin\debug\netcoreapp3.1\nunittestproject.dll" id="96aa3d29-1365-f48b-4ac9-cdc761ea41b1">
      <Execution id="48ae7877-c0a1-4208-baf4-8750a4a7830b" />
      <TestMethod codeBase="C:\Projekty\NUnitTestProject\bin\Debug\netcoreapp3.1\NUnitTestProject.dll" adapterTypeName="executor://nunit3testexecutor/" className="NUnitTestProject.CurrencyHelperTests" name="FormatToStringTest1000(6057.842750804426d,&quot;6057.84 zł&quot;)" />
    </UnitTest>
    <UnitTest name="FormatToStringTest1000(5140.16338917155d,&quot;5140.16 zł&quot;)" storage="c:\projekty\nunittestproject\bin\debug\netcoreapp3.1\nunittestproject.dll" id="832e2e19-99a8-b743-8cd7-c0180c963ece">
      <Execution id="1cee05fa-27a7-41a0-a880-f05cb33de51b" />
      <TestMethod codeBase="C:\Projekty\NUnitTestProject\bin\Debug\netcoreapp3.1\NUnitTestProject.dll" adapterTypeName="executor://nunit3testexecutor/" className="NUnitTestProject.CurrencyHelperTests" name="FormatToStringTest1000(5140.16338917155d,&quot;5140.16 zł&quot;)" />
    </UnitTest>
    <UnitTest name="FormatToStringTest1000(59283.48311990662d,&quot;59283.48 zł&quot;)" storage="c:\projekty\nunittestproject\bin\debug\netcoreapp3.1\nunittestproject.dll" id="c3298b2d-9863-1896-98e3-77805a105e1c">
      <Execution id="e329ecff-fe15-4dea-8dc8-e923c800aa5f" />
      <TestMethod codeBase="C:\Projekty\NUnitTestProject\bin\Debug\netcoreapp3.1\NUnitTestProject.dll" adapterTypeName="executor://nunit3testexecutor/" className="NUnitTestProject.CurrencyHelperTests" name="FormatToStringTest1000(59283.48311990662d,&quot;59283.48 zł&quot;)" />
    </UnitTest>
    <UnitTest name="FormatToStringTest1000(79339.95632144621d,&quot;79339.96 zł&quot;)" storage="c:\projekty\nunittestproject\bin\debug\netcoreapp3.1\nunittestproject.dll" id="0a21bad2-cce1-7c33-3af3-a6f4c4389e98">
      <Execution id="bc0b0789-59d0-44de-8f36-2a1fbeb7a136" />
      <TestMethod codeBase="C:\Projekty\NUnitTestProject\bin\Debug\netcoreapp3.1\NUnitTestProject.dll" adapterTypeName="executor://nunit3testexecutor/" className="NUnitTestProject.CurrencyHelperTests" name="FormatToStringTest1000(79339.95632144621d,&quot;79339.96 zł&quot;)" />
    </UnitTest>
    <UnitTest name="FormatToStringTest1000(1228.101744225296d,&quot;1228.10 zł&quot;)" storage="c:\projekty\nunittestproject\bin\debug\netcoreapp3.1\nunittestproject.dll" id="11067e87-9b88-327c-9a0f-dda26b0288cb">
      <Execution id="ee7603fe-bd29-4175-8783-cb0c1172c466" />
      <TestMethod codeBase="C:\Projekty\NUnitTestProject\bin\Debug\netcoreapp3.1\NUnitTestProject.dll" adapterTypeName="executor://nunit3testexecutor/" className="NUnitTestProject.CurrencyHelperTests" name="FormatToStringTest1000(1228.101744225296d,&quot;1228.10 zł&quot;)" />
    </UnitTest>
    <UnitTest name="FormatToStringTest1000(34084.19497795599d,&quot;34084.19 zł&quot;)" storage="c:\projekty\nunittestproject\bin\debug\netcoreapp3.1\nunittestproject.dll" id="a01cdd42-8e33-6253-38cb-1cb271d958f4">
      <Execution id="7ad4a87e-b1fa-4feb-a841-c048f8f98cda" />
      <TestMethod codeBase="C:\Projekty\NUnitTestProject\bin\Debug\netcoreapp3.1\NUnitTestProject.dll" adapterTypeName="executor://nunit3testexecutor/" className="NUnitTestProject.CurrencyHelperTests" name="FormatToStringTest1000(34084.19497795599d,&quot;34084.19 zł&quot;)" />
    </UnitTest>
    <UnitTest name="FormatToStringTest1000(1814.7218118955948d,&quot;1814.72 zł&quot;)" storage="c:\projekty\nunittestproject\bin\debug\netcoreapp3.1\nunittestproject.dll" id="74b92fed-1c7d-84ea-101d-b4ba0f959527">
      <Execution id="6df59ba4-0bd5-47bd-b088-77942a66cf84" />
      <TestMethod codeBase="C:\Projekty\NUnitTestProject\bin\Debug\netcoreapp3.1\NUnitTestProject.dll" adapterTypeName="executor://nunit3testexecutor/" className="NUnitTestProject.CurrencyHelperTests" name="FormatToStringTest1000(1814.7218118955948d,&quot;1814.72 zł&quot;)" />
    </UnitTest>
    <UnitTest name="FormatToStringTest1000(20752.33758466334d,&quot;20752.34 zł&quot;)" storage="c:\projekty\nunittestproject\bin\debug\netcoreapp3.1\nunittestproject.dll" id="a2f90830-dfa6-05f0-71fa-365928f71cdd">
      <Execution id="71b56375-a43e-49d9-ba86-1469bd3545f8" />
      <TestMethod codeBase="C:\Projekty\NUnitTestProject\bin\Debug\netcoreapp3.1\NUnitTestProject.dll" adapterTypeName="executor://nunit3testexecutor/" className="NUnitTestProject.CurrencyHelperTests" name="FormatToStringTest1000(20752.33758466334d,&quot;20752.34 zł&quot;)" />
    </UnitTest>
    <UnitTest name="FormatToStringTest1000(10501.127379151585d,&quot;10501.13 zł&quot;)" storage="c:\projekty\nunittestproject\bin\debug\netcoreapp3.1\nunittestproject.dll" id="826ac225-455e-4413-4415-8bc54c5b4d09">
      <Execution id="1a91eb86-e9a5-48de-a5ae-aadc5c8afaec" />
      <TestMethod codeBase="C:\Projekty\NUnitTestProject\bin\Debug\netcoreapp3.1\NUnitTestProject.dll" adapterTypeName="executor://nunit3testexecutor/" className="NUnitTestProject.CurrencyHelperTests" name="FormatToStringTest1000(10501.127379151585d,&quot;10501.13 zł&quot;)" />
    </UnitTest>
    <UnitTest name="FormatToStringTest1000(1896.1704506483723d,&quot;1896.17 zł&quot;)" storage="c:\projekty\nunittestproject\bin\debug\netcoreapp3.1\nunittestproject.dll" id="a7c76906-c1d7-0c9c-096c-a6235194b8e7">
      <Execution id="43d4f82f-ebbc-486f-b82d-1c3ef6323ef1" />
      <TestMethod codeBase="C:\Projekty\NUnitTestProject\bin\Debug\netcoreapp3.1\NUnitTestProject.dll" adapterTypeName="executor://nunit3testexecutor/" className="NUnitTestProject.CurrencyHelperTests" name="FormatToStringTest1000(1896.1704506483723d,&quot;1896.17 zł&quot;)" />
    </UnitTest>
    <UnitTest name="FormatToStringTest1000(21693.340115174808d,&quot;21693.34 zł&quot;)" storage="c:\projekty\nunittestproject\bin\debug\netcoreapp3.1\nunittestproject.dll" id="70fae426-3482-001e-3d7c-925da7888589">
      <Execution id="25ef9e8f-25a6-44fa-8562-4447af1dd2c6" />
      <TestMethod codeBase="C:\Projekty\NUnitTestProject\bin\Debug\netcoreapp3.1\NUnitTestProject.dll" adapterTypeName="executor://nunit3testexecutor/" className="NUnitTestProject.CurrencyHelperTests" name="FormatToStringTest1000(21693.340115174808d,&quot;21693.34 zł&quot;)" />
    </UnitTest>
    <UnitTest name="FormatToStringTest1000(71554.9786298829d,&quot;71554.98 zł&quot;)" storage="c:\projekty\nunittestproject\bin\debug\netcoreapp3.1\nunittestproject.dll" id="3b6adeb2-dcf4-fb95-f3e8-26dcad169d8e">
      <Execution id="b1ec2371-e506-49ca-a2cf-bdeda4fd4c98" />
      <TestMethod codeBase="C:\Projekty\NUnitTestProject\bin\Debug\netcoreapp3.1\NUnitTestProject.dll" adapterTypeName="executor://nunit3testexecutor/" className="NUnitTestProject.CurrencyHelperTests" name="FormatToStringTest1000(71554.9786298829d,&quot;71554.98 zł&quot;)" />
    </UnitTest>
    <UnitTest name="FormatToStringTest1000(2901.9683054191846d,&quot;2901.97 zł&quot;)" storage="c:\projekty\nunittestproject\bin\debug\netcoreapp3.1\nunittestproject.dll" id="5fffab77-5cc8-a871-bcdb-d0b800ab8840">
      <Execution id="a3027ce5-698b-464f-bdc9-8a703f7d1578" />
      <TestMethod codeBase="C:\Projekty\NUnitTestProject\bin\Debug\netcoreapp3.1\NUnitTestProject.dll" adapterTypeName="executor://nunit3testexecutor/" className="NUnitTestProject.CurrencyHelperTests" name="FormatToStringTest1000(2901.9683054191846d,&quot;2901.97 zł&quot;)" />
    </UnitTest>
    <UnitTest name="FormatToStringTest1000(13092.45389243609d,&quot;13092.45 zł&quot;)" storage="c:\projekty\nunittestproject\bin\debug\netcoreapp3.1\nunittestproject.dll" id="9e338ff4-5402-3f35-08f3-bafb7669b187">
      <Execution id="c71882b7-a264-43b4-951e-9b862c14f85e" />
      <TestMethod codeBase="C:\Projekty\NUnitTestProject\bin\Debug\netcoreapp3.1\NUnitTestProject.dll" adapterTypeName="executor://nunit3testexecutor/" className="NUnitTestProject.CurrencyHelperTests" name="FormatToStringTest1000(13092.45389243609d,&quot;13092.45 zł&quot;)" />
    </UnitTest>
    <UnitTest name="FormatToStringTest1000(14172.682747822573d,&quot;14172.68 zł&quot;)" storage="c:\projekty\nunittestproject\bin\debug\netcoreapp3.1\nunittestproject.dll" id="d0b4fe44-6c66-e0d0-90f7-7f93ef97fe01">
      <Execution id="57db2ee7-1dba-4dfd-88f9-d8540e4439bd" />
      <TestMethod codeBase="C:\Projekty\NUnitTestProject\bin\Debug\netcoreapp3.1\NUnitTestProject.dll" adapterTypeName="executor://nunit3testexecutor/" className="NUnitTestProject.CurrencyHelperTests" name="FormatToStringTest1000(14172.682747822573d,&quot;14172.68 zł&quot;)" />
    </UnitTest>
    <UnitTest name="FormatToStringTest1000(4612.32080757633d,&quot;4612.32 zł&quot;)" storage="c:\projekty\nunittestproject\bin\debug\netcoreapp3.1\nunittestproject.dll" id="e2a03079-8dae-3d38-3cf5-f27f7a4202a4">
      <Execution id="be93d63a-3b5c-4738-910b-9b91779cdb88" />
      <TestMethod codeBase="C:\Projekty\NUnitTestProject\bin\Debug\netcoreapp3.1\NUnitTestProject.dll" adapterTypeName="executor://nunit3testexecutor/" className="NUnitTestProject.CurrencyHelperTests" name="FormatToStringTest1000(4612.32080757633d,&quot;4612.32 zł&quot;)" />
    </UnitTest>
    <UnitTest name="FormatToStringTest1000(21785.42157155528d,&quot;21785.42 zł&quot;)" storage="c:\projekty\nunittestproject\bin\debug\netcoreapp3.1\nunittestproject.dll" id="5fd56893-4697-a123-e3df-f5a8329247bd">
      <Execution id="8905bc95-b9a6-4b15-8c4c-1eada77722f3" />
      <TestMethod codeBase="C:\Projekty\NUnitTestProject\bin\Debug\netcoreapp3.1\NUnitTestProject.dll" adapterTypeName="executor://nunit3testexecutor/" className="NUnitTestProject.CurrencyHelperTests" name="FormatToStringTest1000(21785.42157155528d,&quot;21785.42 zł&quot;)" />
    </UnitTest>
    <UnitTest name="FormatToStringTest1000(16511.26921423537d,&quot;16511.27 zł&quot;)" storage="c:\projekty\nunittestproject\bin\debug\netcoreapp3.1\nunittestproject.dll" id="e0f11812-ae84-56fe-380e-aa4471665fb8">
      <Execution id="d3e678ba-8fd8-44b3-94f3-34a42e9e11bb" />
      <TestMethod codeBase="C:\Projekty\NUnitTestProject\bin\Debug\netcoreapp3.1\NUnitTestProject.dll" adapterTypeName="executor://nunit3testexecutor/" className="NUnitTestProject.CurrencyHelperTests" name="FormatToStringTest1000(16511.26921423537d,&quot;16511.27 zł&quot;)" />
    </UnitTest>
    <UnitTest name="FormatToStringTest1000(9151.103070427245d,&quot;9151.10 zł&quot;)" storage="c:\projekty\nunittestproject\bin\debug\netcoreapp3.1\nunittestproject.dll" id="d9e3c39e-a746-2b8a-5354-8ea82331bcd9">
      <Execution id="a5f23415-e0ea-47c8-a986-9644976f6349" />
      <TestMethod codeBase="C:\Projekty\NUnitTestProject\bin\Debug\netcoreapp3.1\NUnitTestProject.dll" adapterTypeName="executor://nunit3testexecutor/" className="NUnitTestProject.CurrencyHelperTests" name="FormatToStringTest1000(9151.103070427245d,&quot;9151.10 zł&quot;)" />
    </UnitTest>
    <UnitTest name="FormatToStringTest1000(545.7016866634142d,&quot;545.70 zł&quot;)" storage="c:\projekty\nunittestproject\bin\debug\netcoreapp3.1\nunittestproject.dll" id="b639588e-b414-82b2-fe24-5fe49a4a3ad3">
      <Execution id="b015f1b9-225c-4aba-9916-3625a58d8115" />
      <TestMethod codeBase="C:\Projekty\NUnitTestProject\bin\Debug\netcoreapp3.1\NUnitTestProject.dll" adapterTypeName="executor://nunit3testexecutor/" className="NUnitTestProject.CurrencyHelperTests" name="FormatToStringTest1000(545.7016866634142d,&quot;545.70 zł&quot;)" />
    </UnitTest>
    <UnitTest name="FormatToStringTest1000(11912.404131636213d,&quot;11912.40 zł&quot;)" storage="c:\projekty\nunittestproject\bin\debug\netcoreapp3.1\nunittestproject.dll" id="f5d3f3a5-bbac-e5c0-6089-8d38dd4249c8">
      <Execution id="4fa64223-46f5-4584-a23a-204c871c54d3" />
      <TestMethod codeBase="C:\Projekty\NUnitTestProject\bin\Debug\netcoreapp3.1\NUnitTestProject.dll" adapterTypeName="executor://nunit3testexecutor/" className="NUnitTestProject.CurrencyHelperTests" name="FormatToStringTest1000(11912.404131636213d,&quot;11912.40 zł&quot;)" />
    </UnitTest>
    <UnitTest name="FormatToStringTest1000(15411.371650797022d,&quot;15411.37 zł&quot;)" storage="c:\projekty\nunittestproject\bin\debug\netcoreapp3.1\nunittestproject.dll" id="4a4334b0-5451-8696-5200-0bdb59e2a710">
      <Execution id="edf6d0af-528f-407e-b4d8-a6635bf35718" />
      <TestMethod codeBase="C:\Projekty\NUnitTestProject\bin\Debug\netcoreapp3.1\NUnitTestProject.dll" adapterTypeName="executor://nunit3testexecutor/" className="NUnitTestProject.CurrencyHelperTests" name="FormatToStringTest1000(15411.371650797022d,&quot;15411.37 zł&quot;)" />
    </UnitTest>
    <UnitTest name="FormatToStringTest1000(40857.08543233996d,&quot;40857.09 zł&quot;)" storage="c:\projekty\nunittestproject\bin\debug\netcoreapp3.1\nunittestproject.dll" id="43552c47-f44b-17a4-1647-f8068fe18052">
      <Execution id="b7036432-ad1d-47e8-9a20-d6f1adf12b32" />
      <TestMethod codeBase="C:\Projekty\NUnitTestProject\bin\Debug\netcoreapp3.1\NUnitTestProject.dll" adapterTypeName="executor://nunit3testexecutor/" className="NUnitTestProject.CurrencyHelperTests" name="FormatToStringTest1000(40857.08543233996d,&quot;40857.09 zł&quot;)" />
    </UnitTest>
    <UnitTest name="FormatToStringTest1000(38076.55319665165d,&quot;38076.55 zł&quot;)" storage="c:\projekty\nunittestproject\bin\debug\netcoreapp3.1\nunittestproject.dll" id="3e825b25-6db1-d72d-ab5d-475a3a46b642">
      <Execution id="fd614870-129b-443e-a1c6-36f1bc6f3494" />
      <TestMethod codeBase="C:\Projekty\NUnitTestProject\bin\Debug\netcoreapp3.1\NUnitTestProject.dll" adapterTypeName="executor://nunit3testexecutor/" className="NUnitTestProject.CurrencyHelperTests" name="FormatToStringTest1000(38076.55319665165d,&quot;38076.55 zł&quot;)" />
    </UnitTest>
    <UnitTest name="FormatToStringTest1000(1549.6599114973376d,&quot;1549.66 zł&quot;)" storage="c:\projekty\nunittestproject\bin\debug\netcoreapp3.1\nunittestproject.dll" id="8abfbe45-c0d6-8f72-7af8-564a66d7cb48">
      <Execution id="e935fec4-4d63-4ac7-b937-ba3a0cfd4a03" />
      <TestMethod codeBase="C:\Projekty\NUnitTestProject\bin\Debug\netcoreapp3.1\NUnitTestProject.dll" adapterTypeName="executor://nunit3testexecutor/" className="NUnitTestProject.CurrencyHelperTests" name="FormatToStringTest1000(1549.6599114973376d,&quot;1549.66 zł&quot;)" />
    </UnitTest>
    <UnitTest name="FormatToStringTest1000(19500.031951036784d,&quot;19500.03 zł&quot;)" storage="c:\projekty\nunittestproject\bin\debug\netcoreapp3.1\nunittestproject.dll" id="113c211f-ff70-231a-7b9d-03413cd134d7">
      <Execution id="3593bc17-6269-4846-85cd-fca01f81771c" />
      <TestMethod codeBase="C:\Projekty\NUnitTestProject\bin\Debug\netcoreapp3.1\NUnitTestProject.dll" adapterTypeName="executor://nunit3testexecutor/" className="NUnitTestProject.CurrencyHelperTests" name="FormatToStringTest1000(19500.031951036784d,&quot;19500.03 zł&quot;)" />
    </UnitTest>
    <UnitTest name="FormatToStringTest1000(47393.54939526671d,&quot;47393.55 zł&quot;)" storage="c:\projekty\nunittestproject\bin\debug\netcoreapp3.1\nunittestproject.dll" id="4ae6f156-51db-bc15-8975-b99fe55a99a8">
      <Execution id="0634a421-3633-4b9f-a2b5-4fc6759de04d" />
      <TestMethod codeBase="C:\Projekty\NUnitTestProject\bin\Debug\netcoreapp3.1\NUnitTestProject.dll" adapterTypeName="executor://nunit3testexecutor/" className="NUnitTestProject.CurrencyHelperTests" name="FormatToStringTest1000(47393.54939526671d,&quot;47393.55 zł&quot;)" />
    </UnitTest>
    <UnitTest name="FormatToStringTest1000(15639.704937780603d,&quot;15639.70 zł&quot;)" storage="c:\projekty\nunittestproject\bin\debug\netcoreapp3.1\nunittestproject.dll" id="a791af51-cffc-4361-1fd8-8baf48da92e6">
      <Execution id="3f6faf88-1e16-438f-910b-fee3dd7db02d" />
      <TestMethod codeBase="C:\Projekty\NUnitTestProject\bin\Debug\netcoreapp3.1\NUnitTestProject.dll" adapterTypeName="executor://nunit3testexecutor/" className="NUnitTestProject.CurrencyHelperTests" name="FormatToStringTest1000(15639.704937780603d,&quot;15639.70 zł&quot;)" />
    </UnitTest>
    <UnitTest name="FormatToStringTest1000(27050.586848031067d,&quot;27050.59 zł&quot;)" storage="c:\projekty\nunittestproject\bin\debug\netcoreapp3.1\nunittestproject.dll" id="9bb26f6e-1e2c-da60-973e-eeca518679d1">
      <Execution id="30d550bd-6d85-4efa-a0ce-b6c0814d8681" />
      <TestMethod codeBase="C:\Projekty\NUnitTestProject\bin\Debug\netcoreapp3.1\NUnitTestProject.dll" adapterTypeName="executor://nunit3testexecutor/" className="NUnitTestProject.CurrencyHelperTests" name="FormatToStringTest1000(27050.586848031067d,&quot;27050.59 zł&quot;)" />
    </UnitTest>
    <UnitTest name="FormatToStringTest1000(24825.207513729205d,&quot;24825.21 zł&quot;)" storage="c:\projekty\nunittestproject\bin\debug\netcoreapp3.1\nunittestproject.dll" id="03d957f5-33ed-c0eb-c948-6ece846430f3">
      <Execution id="2dc6ed95-9354-4d83-b740-c2305156d73e" />
      <TestMethod codeBase="C:\Projekty\NUnitTestProject\bin\Debug\netcoreapp3.1\NUnitTestProject.dll" adapterTypeName="executor://nunit3testexecutor/" className="NUnitTestProject.CurrencyHelperTests" name="FormatToStringTest1000(24825.207513729205d,&quot;24825.21 zł&quot;)" />
    </UnitTest>
    <UnitTest name="FormatToStringTest1000(96261.84883437205d,&quot;96261.85 zł&quot;)" storage="c:\projekty\nunittestproject\bin\debug\netcoreapp3.1\nunittestproject.dll" id="c350fedf-0a65-57f7-f133-063ae7c0e4c8">
      <Execution id="2f512bc9-55e8-4e04-b846-72ff1caa0614" />
      <TestMethod codeBase="C:\Projekty\NUnitTestProject\bin\Debug\netcoreapp3.1\NUnitTestProject.dll" adapterTypeName="executor://nunit3testexecutor/" className="NUnitTestProject.CurrencyHelperTests" name="FormatToStringTest1000(96261.84883437205d,&quot;96261.85 zł&quot;)" />
    </UnitTest>
    <UnitTest name="FormatToStringTest1000(743.047944508981d,&quot;743.05 zł&quot;)" storage="c:\projekty\nunittestproject\bin\debug\netcoreapp3.1\nunittestproject.dll" id="05a32b6d-38a3-d790-fab1-ef7fcb38fd6c">
      <Execution id="26703a95-b4af-4788-8ca9-ef3b4832f661" />
      <TestMethod codeBase="C:\Projekty\NUnitTestProject\bin\Debug\netcoreapp3.1\NUnitTestProject.dll" adapterTypeName="executor://nunit3testexecutor/" className="NUnitTestProject.CurrencyHelperTests" name="FormatToStringTest1000(743.047944508981d,&quot;743.05 zł&quot;)" />
    </UnitTest>
    <UnitTest name="FormatToStringTest1000(7813.027778348433d,&quot;7813.03 zł&quot;)" storage="c:\projekty\nunittestproject\bin\debug\netcoreapp3.1\nunittestproject.dll" id="7b5400c4-5377-7ac8-dd1c-7b695cb4115f">
      <Execution id="44c36180-ac96-4c85-8db6-b4d4b88ae9a3" />
      <TestMethod codeBase="C:\Projekty\NUnitTestProject\bin\Debug\netcoreapp3.1\NUnitTestProject.dll" adapterTypeName="executor://nunit3testexecutor/" className="NUnitTestProject.CurrencyHelperTests" name="FormatToStringTest1000(7813.027778348433d,&quot;7813.03 zł&quot;)" />
    </UnitTest>
    <UnitTest name="FormatToStringTest1000(7396.940188290057d,&quot;7396.94 zł&quot;)" storage="c:\projekty\nunittestproject\bin\debug\netcoreapp3.1\nunittestproject.dll" id="eb615c68-e5d1-28d7-b038-0571a7587ad1">
      <Execution id="657fcbae-eee0-4620-a5dd-129f443cfdfd" />
      <TestMethod codeBase="C:\Projekty\NUnitTestProject\bin\Debug\netcoreapp3.1\NUnitTestProject.dll" adapterTypeName="executor://nunit3testexecutor/" className="NUnitTestProject.CurrencyHelperTests" name="FormatToStringTest1000(7396.940188290057d,&quot;7396.94 zł&quot;)" />
    </UnitTest>
    <UnitTest name="FormatToStringTest1000(14017.699524653006d,&quot;14017.70 zł&quot;)" storage="c:\projekty\nunittestproject\bin\debug\netcoreapp3.1\nunittestproject.dll" id="2bc42f5a-e565-5018-fa3b-64bf63c4c2f5">
      <Execution id="5489b773-19a0-486d-be19-c9c58f25712d" />
      <TestMethod codeBase="C:\Projekty\NUnitTestProject\bin\Debug\netcoreapp3.1\NUnitTestProject.dll" adapterTypeName="executor://nunit3testexecutor/" className="NUnitTestProject.CurrencyHelperTests" name="FormatToStringTest1000(14017.699524653006d,&quot;14017.70 zł&quot;)" />
    </UnitTest>
    <UnitTest name="FormatToStringTest1000(2897.9775426620513d,&quot;2897.98 zł&quot;)" storage="c:\projekty\nunittestproject\bin\debug\netcoreapp3.1\nunittestproject.dll" id="bc811ad8-c7b9-9df7-0d3d-56b12c4539e2">
      <Execution id="40987fdb-ce90-4726-a9f3-e71dae219d8d" />
      <TestMethod codeBase="C:\Projekty\NUnitTestProject\bin\Debug\netcoreapp3.1\NUnitTestProject.dll" adapterTypeName="executor://nunit3testexecutor/" className="NUnitTestProject.CurrencyHelperTests" name="FormatToStringTest1000(2897.9775426620513d,&quot;2897.98 zł&quot;)" />
    </UnitTest>
    <UnitTest name="FormatToStringTest1000(25036.98767214035d,&quot;25036.99 zł&quot;)" storage="c:\projekty\nunittestproject\bin\debug\netcoreapp3.1\nunittestproject.dll" id="c185c27a-3451-102c-d3c1-98ea6c73d73c">
      <Execution id="d70d3617-9fd6-42c2-a68c-07e0c18ecda6" />
      <TestMethod codeBase="C:\Projekty\NUnitTestProject\bin\Debug\netcoreapp3.1\NUnitTestProject.dll" adapterTypeName="executor://nunit3testexecutor/" className="NUnitTestProject.CurrencyHelperTests" name="FormatToStringTest1000(25036.98767214035d,&quot;25036.99 zł&quot;)" />
    </UnitTest>
    <UnitTest name="FormatToStringTest1000(17455.15807988595d,&quot;17455.16 zł&quot;)" storage="c:\projekty\nunittestproject\bin\debug\netcoreapp3.1\nunittestproject.dll" id="a1098879-b96c-d9e8-87b7-d514474f9769">
      <Execution id="ad14b91d-c9a6-460d-97a1-443da6d525ab" />
      <TestMethod codeBase="C:\Projekty\NUnitTestProject\bin\Debug\netcoreapp3.1\NUnitTestProject.dll" adapterTypeName="executor://nunit3testexecutor/" className="NUnitTestProject.CurrencyHelperTests" name="FormatToStringTest1000(17455.15807988595d,&quot;17455.16 zł&quot;)" />
    </UnitTest>
    <UnitTest name="FormatToStringTest1000(32863.31705269558d,&quot;32863.32 zł&quot;)" storage="c:\projekty\nunittestproject\bin\debug\netcoreapp3.1\nunittestproject.dll" id="39e2492b-a588-79ac-add5-4d0176982180">
      <Execution id="98f4ac64-5946-4710-970c-14d028933933" />
      <TestMethod codeBase="C:\Projekty\NUnitTestProject\bin\Debug\netcoreapp3.1\NUnitTestProject.dll" adapterTypeName="executor://nunit3testexecutor/" className="NUnitTestProject.CurrencyHelperTests" name="FormatToStringTest1000(32863.31705269558d,&quot;32863.32 zł&quot;)" />
    </UnitTest>
    <UnitTest name="FormatToStringTest1000(31805.23430354532d,&quot;31805.23 zł&quot;)" storage="c:\projekty\nunittestproject\bin\debug\netcoreapp3.1\nunittestproject.dll" id="6fd1af1d-c0d4-5f1e-0bd0-26896040487e">
      <Execution id="2774e912-1086-4ff9-a034-2ee2c5a137db" />
      <TestMethod codeBase="C:\Projekty\NUnitTestProject\bin\Debug\netcoreapp3.1\NUnitTestProject.dll" adapterTypeName="executor://nunit3testexecutor/" className="NUnitTestProject.CurrencyHelperTests" name="FormatToStringTest1000(31805.23430354532d,&quot;31805.23 zł&quot;)" />
    </UnitTest>
    <UnitTest name="FormatToStringTest1000(72659.37876478041d,&quot;72659.38 zł&quot;)" storage="c:\projekty\nunittestproject\bin\debug\netcoreapp3.1\nunittestproject.dll" id="1f8c3026-17e4-68c3-c899-dd2458b787d5">
      <Execution id="52a6af26-a644-40d6-b477-bcf60fce77a1" />
      <TestMethod codeBase="C:\Projekty\NUnitTestProject\bin\Debug\netcoreapp3.1\NUnitTestProject.dll" adapterTypeName="executor://nunit3testexecutor/" className="NUnitTestProject.CurrencyHelperTests" name="FormatToStringTest1000(72659.37876478041d,&quot;72659.38 zł&quot;)" />
    </UnitTest>
    <UnitTest name="FormatToStringTest1000(36760.171806480816d,&quot;36760.17 zł&quot;)" storage="c:\projekty\nunittestproject\bin\debug\netcoreapp3.1\nunittestproject.dll" id="40f4c03f-760c-5f9a-0d6d-791657138d6a">
      <Execution id="53876a71-4993-4021-8338-e79fb3d4ab76" />
      <TestMethod codeBase="C:\Projekty\NUnitTestProject\bin\Debug\netcoreapp3.1\NUnitTestProject.dll" adapterTypeName="executor://nunit3testexecutor/" className="NUnitTestProject.CurrencyHelperTests" name="FormatToStringTest1000(36760.171806480816d,&quot;36760.17 zł&quot;)" />
    </UnitTest>
    <UnitTest name="FormatToStringTest1000(29417.800422138444d,&quot;29417.80 zł&quot;)" storage="c:\projekty\nunittestproject\bin\debug\netcoreapp3.1\nunittestproject.dll" id="1a501163-ddde-3471-133e-1552ff82f851">
      <Execution id="9ea42cc6-27f7-4af3-ae8f-cc95708e1f49" />
      <TestMethod codeBase="C:\Projekty\NUnitTestProject\bin\Debug\netcoreapp3.1\NUnitTestProject.dll" adapterTypeName="executor://nunit3testexecutor/" className="NUnitTestProject.CurrencyHelperTests" name="FormatToStringTest1000(29417.800422138444d,&quot;29417.80 zł&quot;)" />
    </UnitTest>
    <UnitTest name="FormatToStringTest1000(12577.642620996872d,&quot;12577.64 zł&quot;)" storage="c:\projekty\nunittestproject\bin\debug\netcoreapp3.1\nunittestproject.dll" id="1b5e4bdd-94b8-c181-30ec-747619ebfce8">
      <Execution id="14c36701-b751-44ab-8312-ce90d4299e8e" />
      <TestMethod codeBase="C:\Projekty\NUnitTestProject\bin\Debug\netcoreapp3.1\NUnitTestProject.dll" adapterTypeName="executor://nunit3testexecutor/" className="NUnitTestProject.CurrencyHelperTests" name="FormatToStringTest1000(12577.642620996872d,&quot;12577.64 zł&quot;)" />
    </UnitTest>
    <UnitTest name="FormatToStringTest1000(25440.18371476614d,&quot;25440.18 zł&quot;)" storage="c:\projekty\nunittestproject\bin\debug\netcoreapp3.1\nunittestproject.dll" id="5012f64d-f81c-363a-9c3b-b389d7a1051b">
      <Execution id="001e1dc5-8257-4f1f-98f3-d1d34d79df24" />
      <TestMethod codeBase="C:\Projekty\NUnitTestProject\bin\Debug\netcoreapp3.1\NUnitTestProject.dll" adapterTypeName="executor://nunit3testexecutor/" className="NUnitTestProject.CurrencyHelperTests" name="FormatToStringTest1000(25440.18371476614d,&quot;25440.18 zł&quot;)" />
    </UnitTest>
    <UnitTest name="FormatToStringTest1000(9431.144757136304d,&quot;9431.14 zł&quot;)" storage="c:\projekty\nunittestproject\bin\debug\netcoreapp3.1\nunittestproject.dll" id="e02db9a4-a283-da5d-8967-1cec80ef7e92">
      <Execution id="6d60405d-5406-4a39-8fb9-ba0a03baee91" />
      <TestMethod codeBase="C:\Projekty\NUnitTestProject\bin\Debug\netcoreapp3.1\NUnitTestProject.dll" adapterTypeName="executor://nunit3testexecutor/" className="NUnitTestProject.CurrencyHelperTests" name="FormatToStringTest1000(9431.144757136304d,&quot;9431.14 zł&quot;)" />
    </UnitTest>
    <UnitTest name="FormatToStringTest1000(5398.2412667191775d,&quot;5398.24 zł&quot;)" storage="c:\projekty\nunittestproject\bin\debug\netcoreapp3.1\nunittestproject.dll" id="ce58807f-4456-2f1b-abea-6bcc9dcfe2eb">
      <Execution id="22314d4c-413f-4f43-a56a-7cee53cbb7bc" />
      <TestMethod codeBase="C:\Projekty\NUnitTestProject\bin\Debug\netcoreapp3.1\NUnitTestProject.dll" adapterTypeName="executor://nunit3testexecutor/" className="NUnitTestProject.CurrencyHelperTests" name="FormatToStringTest1000(5398.2412667191775d,&quot;5398.24 zł&quot;)" />
    </UnitTest>
    <UnitTest name="FormatToStringTest1000(45299.778512198376d,&quot;45299.78 zł&quot;)" storage="c:\projekty\nunittestproject\bin\debug\netcoreapp3.1\nunittestproject.dll" id="ea9a1ed5-0813-906f-0ed6-0a192bf899e6">
      <Execution id="70bd053a-f6e3-4520-ab92-d9ffbe83dade" />
      <TestMethod codeBase="C:\Projekty\NUnitTestProject\bin\Debug\netcoreapp3.1\NUnitTestProject.dll" adapterTypeName="executor://nunit3testexecutor/" className="NUnitTestProject.CurrencyHelperTests" name="FormatToStringTest1000(45299.778512198376d,&quot;45299.78 zł&quot;)" />
    </UnitTest>
    <UnitTest name="FormatToStringTest1000(6838.422316571894d,&quot;6838.42 zł&quot;)" storage="c:\projekty\nunittestproject\bin\debug\netcoreapp3.1\nunittestproject.dll" id="0abb1a8e-0900-a5c7-bfcc-230b4aaefe42">
      <Execution id="a2991871-5473-42f2-af0a-b9c3a6104f40" />
      <TestMethod codeBase="C:\Projekty\NUnitTestProject\bin\Debug\netcoreapp3.1\NUnitTestProject.dll" adapterTypeName="executor://nunit3testexecutor/" className="NUnitTestProject.CurrencyHelperTests" name="FormatToStringTest1000(6838.422316571894d,&quot;6838.42 zł&quot;)" />
    </UnitTest>
    <UnitTest name="FormatToStringTest1000(6352.983758103561d,&quot;6352.98 zł&quot;)" storage="c:\projekty\nunittestproject\bin\debug\netcoreapp3.1\nunittestproject.dll" id="9dc75585-8b30-1a60-5f46-ba30d03b7635">
      <Execution id="917d8295-2ffb-4d97-999a-90d5715fdfe8" />
      <TestMethod codeBase="C:\Projekty\NUnitTestProject\bin\Debug\netcoreapp3.1\NUnitTestProject.dll" adapterTypeName="executor://nunit3testexecutor/" className="NUnitTestProject.CurrencyHelperTests" name="FormatToStringTest1000(6352.983758103561d,&quot;6352.98 zł&quot;)" />
    </UnitTest>
    <UnitTest name="FormatToStringTest1000(33251.41907856028d,&quot;33251.42 zł&quot;)" storage="c:\projekty\nunittestproject\bin\debug\netcoreapp3.1\nunittestproject.dll" id="29116375-ac95-4d53-91ed-53d27bf037c6">
      <Execution id="c1a3e188-b3ec-4fc1-9c77-430ce72da5ce" />
      <TestMethod codeBase="C:\Projekty\NUnitTestProject\bin\Debug\netcoreapp3.1\NUnitTestProject.dll" adapterTypeName="executor://nunit3testexecutor/" className="NUnitTestProject.CurrencyHelperTests" name="FormatToStringTest1000(33251.41907856028d,&quot;33251.42 zł&quot;)" />
    </UnitTest>
    <UnitTest name="FormatToStringTest1000(21281.64584727662d,&quot;21281.65 zł&quot;)" storage="c:\projekty\nunittestproject\bin\debug\netcoreapp3.1\nunittestproject.dll" id="07033e2b-ce19-3c9a-f51d-d9b702d310a1">
      <Execution id="46e852b6-45af-4dac-8215-83708beb0489" />
      <TestMethod codeBase="C:\Projekty\NUnitTestProject\bin\Debug\netcoreapp3.1\NUnitTestProject.dll" adapterTypeName="executor://nunit3testexecutor/" className="NUnitTestProject.CurrencyHelperTests" name="FormatToStringTest1000(21281.64584727662d,&quot;21281.65 zł&quot;)" />
    </UnitTest>
    <UnitTest name="FormatToStringTest1000(11430.666613002619d,&quot;11430.67 zł&quot;)" storage="c:\projekty\nunittestproject\bin\debug\netcoreapp3.1\nunittestproject.dll" id="56c6c75f-613a-6a82-f7f1-a767d952b57c">
      <Execution id="afe93896-b40d-44d8-bab9-0db1d0b4afc5" />
      <TestMethod codeBase="C:\Projekty\NUnitTestProject\bin\Debug\netcoreapp3.1\NUnitTestProject.dll" adapterTypeName="executor://nunit3testexecutor/" className="NUnitTestProject.CurrencyHelperTests" name="FormatToStringTest1000(11430.666613002619d,&quot;11430.67 zł&quot;)" />
    </UnitTest>
    <UnitTest name="FormatToStringTest1000(1514.6266382441981d,&quot;1514.63 zł&quot;)" storage="c:\projekty\nunittestproject\bin\debug\netcoreapp3.1\nunittestproject.dll" id="4b337c41-7f92-2137-58f8-ec4a04af8e6b">
      <Execution id="db60a4bb-d64e-4ec9-b6c9-46e838d158b6" />
      <TestMethod codeBase="C:\Projekty\NUnitTestProject\bin\Debug\netcoreapp3.1\NUnitTestProject.dll" adapterTypeName="executor://nunit3testexecutor/" className="NUnitTestProject.CurrencyHelperTests" name="FormatToStringTest1000(1514.6266382441981d,&quot;1514.63 zł&quot;)" />
    </UnitTest>
    <UnitTest name="FormatToStringTest1000(55010.474927814896d,&quot;55010.47 zł&quot;)" storage="c:\projekty\nunittestproject\bin\debug\netcoreapp3.1\nunittestproject.dll" id="f0159238-5dbe-94b2-dc06-cbfbca0e38a0">
      <Execution id="a8b6d8fa-8a07-477f-93ed-58d850f08a44" />
      <TestMethod codeBase="C:\Projekty\NUnitTestProject\bin\Debug\netcoreapp3.1\NUnitTestProject.dll" adapterTypeName="executor://nunit3testexecutor/" className="NUnitTestProject.CurrencyHelperTests" name="FormatToStringTest1000(55010.474927814896d,&quot;55010.47 zł&quot;)" />
    </UnitTest>
    <UnitTest name="FormatToStringTest1000(47437.74370917619d,&quot;47437.74 zł&quot;)" storage="c:\projekty\nunittestproject\bin\debug\netcoreapp3.1\nunittestproject.dll" id="aef8a2f1-8212-2e61-b82d-81a49d106670">
      <Execution id="125b3550-ab50-4357-ab76-55d6d762a041" />
      <TestMethod codeBase="C:\Projekty\NUnitTestProject\bin\Debug\netcoreapp3.1\NUnitTestProject.dll" adapterTypeName="executor://nunit3testexecutor/" className="NUnitTestProject.CurrencyHelperTests" name="FormatToStringTest1000(47437.74370917619d,&quot;47437.74 zł&quot;)" />
    </UnitTest>
    <UnitTest name="FormatToStringTest1000(96022.24851977557d,&quot;96022.25 zł&quot;)" storage="c:\projekty\nunittestproject\bin\debug\netcoreapp3.1\nunittestproject.dll" id="c2208323-1f95-b32c-0530-4ad682605720">
      <Execution id="3c379f34-bb68-4dbe-b12b-929d1fc6ea9e" />
      <TestMethod codeBase="C:\Projekty\NUnitTestProject\bin\Debug\netcoreapp3.1\NUnitTestProject.dll" adapterTypeName="executor://nunit3testexecutor/" className="NUnitTestProject.CurrencyHelperTests" name="FormatToStringTest1000(96022.24851977557d,&quot;96022.25 zł&quot;)" />
    </UnitTest>
    <UnitTest name="FormatToStringTest1000(26686.08488193065d,&quot;26686.08 zł&quot;)" storage="c:\projekty\nunittestproject\bin\debug\netcoreapp3.1\nunittestproject.dll" id="1d1eb73d-8b0c-7513-b3af-aa35ad258fdb">
      <Execution id="5c54c43a-395e-42d5-b51e-e3874e694329" />
      <TestMethod codeBase="C:\Projekty\NUnitTestProject\bin\Debug\netcoreapp3.1\NUnitTestProject.dll" adapterTypeName="executor://nunit3testexecutor/" className="NUnitTestProject.CurrencyHelperTests" name="FormatToStringTest1000(26686.08488193065d,&quot;26686.08 zł&quot;)" />
    </UnitTest>
    <UnitTest name="FormatToStringTest1000(39641.61351217451d,&quot;39641.61 zł&quot;)" storage="c:\projekty\nunittestproject\bin\debug\netcoreapp3.1\nunittestproject.dll" id="bebef051-0a10-725f-3ff5-e30e4f9dd420">
      <Execution id="60435d9f-4846-41e5-8c4c-eb27f50adde5" />
      <TestMethod codeBase="C:\Projekty\NUnitTestProject\bin\Debug\netcoreapp3.1\NUnitTestProject.dll" adapterTypeName="executor://nunit3testexecutor/" className="NUnitTestProject.CurrencyHelperTests" name="FormatToStringTest1000(39641.61351217451d,&quot;39641.61 zł&quot;)" />
    </UnitTest>
    <UnitTest name="FormatToStringTest1000(10227.532692039169d,&quot;10227.53 zł&quot;)" storage="c:\projekty\nunittestproject\bin\debug\netcoreapp3.1\nunittestproject.dll" id="9c48ba54-1163-2299-84d2-c7df2b4c3889">
      <Execution id="e34d0768-b0d5-4db5-af59-99d470f0d6a7" />
      <TestMethod codeBase="C:\Projekty\NUnitTestProject\bin\Debug\netcoreapp3.1\NUnitTestProject.dll" adapterTypeName="executor://nunit3testexecutor/" className="NUnitTestProject.CurrencyHelperTests" name="FormatToStringTest1000(10227.532692039169d,&quot;10227.53 zł&quot;)" />
    </UnitTest>
    <UnitTest name="FormatToStringTest1000(8242.419043611d,&quot;8242.42 zł&quot;)" storage="c:\projekty\nunittestproject\bin\debug\netcoreapp3.1\nunittestproject.dll" id="4e59f6e9-d495-6f3f-64b9-ac28a5eaac72">
      <Execution id="a1d2ba95-641e-4a20-bc05-2420a51374a9" />
      <TestMethod codeBase="C:\Projekty\NUnitTestProject\bin\Debug\netcoreapp3.1\NUnitTestProject.dll" adapterTypeName="executor://nunit3testexecutor/" className="NUnitTestProject.CurrencyHelperTests" name="FormatToStringTest1000(8242.419043611d,&quot;8242.42 zł&quot;)" />
    </UnitTest>
    <UnitTest name="FormatToStringTest1000(61422.228144277455d,&quot;61422.23 zł&quot;)" storage="c:\projekty\nunittestproject\bin\debug\netcoreapp3.1\nunittestproject.dll" id="a127d37b-b919-a5a8-4175-7c8816584689">
      <Execution id="c6b68394-cbfc-4b78-b641-a43c868ed4c6" />
      <TestMethod codeBase="C:\Projekty\NUnitTestProject\bin\Debug\netcoreapp3.1\NUnitTestProject.dll" adapterTypeName="executor://nunit3testexecutor/" className="NUnitTestProject.CurrencyHelperTests" name="FormatToStringTest1000(61422.228144277455d,&quot;61422.23 zł&quot;)" />
    </UnitTest>
    <UnitTest name="FormatToStringTest1000(6665.405372488035d,&quot;6665.41 zł&quot;)" storage="c:\projekty\nunittestproject\bin\debug\netcoreapp3.1\nunittestproject.dll" id="454ead38-c2a8-9597-7b1c-dc862a589e0e">
      <Execution id="539f170d-089e-4c70-b4a5-8dbe378ba19a" />
      <TestMethod codeBase="C:\Projekty\NUnitTestProject\bin\Debug\netcoreapp3.1\NUnitTestProject.dll" adapterTypeName="executor://nunit3testexecutor/" className="NUnitTestProject.CurrencyHelperTests" name="FormatToStringTest1000(6665.405372488035d,&quot;6665.41 zł&quot;)" />
    </UnitTest>
    <UnitTest name="FormatToStringTest1000(22367.991005544547d,&quot;22367.99 zł&quot;)" storage="c:\projekty\nunittestproject\bin\debug\netcoreapp3.1\nunittestproject.dll" id="40bf488b-c6ae-b189-e7b5-8aa7dd656fea">
      <Execution id="94025878-6dfc-4f41-8aab-a181470e2382" />
      <TestMethod codeBase="C:\Projekty\NUnitTestProject\bin\Debug\netcoreapp3.1\NUnitTestProject.dll" adapterTypeName="executor://nunit3testexecutor/" className="NUnitTestProject.CurrencyHelperTests" name="FormatToStringTest1000(22367.991005544547d,&quot;22367.99 zł&quot;)" />
    </UnitTest>
    <UnitTest name="FormatToStringTest1000(4715.320654313695d,&quot;4715.32 zł&quot;)" storage="c:\projekty\nunittestproject\bin\debug\netcoreapp3.1\nunittestproject.dll" id="55be0839-9d5f-302a-bfcf-f7926cef9841">
      <Execution id="eed3dea8-7d5c-474d-977d-04d5641b0894" />
      <TestMethod codeBase="C:\Projekty\NUnitTestProject\bin\Debug\netcoreapp3.1\NUnitTestProject.dll" adapterTypeName="executor://nunit3testexecutor/" className="NUnitTestProject.CurrencyHelperTests" name="FormatToStringTest1000(4715.320654313695d,&quot;4715.32 zł&quot;)" />
    </UnitTest>
    <UnitTest name="FormatToStringTest1000(55303.17220895699d,&quot;55303.17 zł&quot;)" storage="c:\projekty\nunittestproject\bin\debug\netcoreapp3.1\nunittestproject.dll" id="3c248867-d354-cc7e-803e-cd6ef02be22e">
      <Execution id="5ce89b28-0897-447f-98b8-aaf06867cbb2" />
      <TestMethod codeBase="C:\Projekty\NUnitTestProject\bin\Debug\netcoreapp3.1\NUnitTestProject.dll" adapterTypeName="executor://nunit3testexecutor/" className="NUnitTestProject.CurrencyHelperTests" name="FormatToStringTest1000(55303.17220895699d,&quot;55303.17 zł&quot;)" />
    </UnitTest>
    <UnitTest name="FormatToStringTest1000(54304.07738935393d,&quot;54304.08 zł&quot;)" storage="c:\projekty\nunittestproject\bin\debug\netcoreapp3.1\nunittestproject.dll" id="dc6fc325-7591-5ff6-3e13-ef3b13583bb4">
      <Execution id="806f5e84-5944-441c-a1df-50f83404a56b" />
      <TestMethod codeBase="C:\Projekty\NUnitTestProject\bin\Debug\netcoreapp3.1\NUnitTestProject.dll" adapterTypeName="executor://nunit3testexecutor/" className="NUnitTestProject.CurrencyHelperTests" name="FormatToStringTest1000(54304.07738935393d,&quot;54304.08 zł&quot;)" />
    </UnitTest>
    <UnitTest name="FormatToStringTest1000(23980.12943509646d,&quot;23980.13 zł&quot;)" storage="c:\projekty\nunittestproject\bin\debug\netcoreapp3.1\nunittestproject.dll" id="62f72a9e-2ef3-be6d-f944-7dcdbad45b8b">
      <Execution id="b402de35-b8a3-41e3-ae66-f38302c7e8c2" />
      <TestMethod codeBase="C:\Projekty\NUnitTestProject\bin\Debug\netcoreapp3.1\NUnitTestProject.dll" adapterTypeName="executor://nunit3testexecutor/" className="NUnitTestProject.CurrencyHelperTests" name="FormatToStringTest1000(23980.12943509646d,&quot;23980.13 zł&quot;)" />
    </UnitTest>
    <UnitTest name="FormatToStringTest1000(7594.279030504766d,&quot;7594.28 zł&quot;)" storage="c:\projekty\nunittestproject\bin\debug\netcoreapp3.1\nunittestproject.dll" id="b2708039-2d5c-fb09-5f56-062d0cb9067a">
      <Execution id="2d4283b9-1602-4ef9-923e-9e6717308fbf" />
      <TestMethod codeBase="C:\Projekty\NUnitTestProject\bin\Debug\netcoreapp3.1\NUnitTestProject.dll" adapterTypeName="executor://nunit3testexecutor/" className="NUnitTestProject.CurrencyHelperTests" name="FormatToStringTest1000(7594.279030504766d,&quot;7594.28 zł&quot;)" />
    </UnitTest>
    <UnitTest name="FormatToStringTest1000(21602.417596116393d,&quot;21602.42 zł&quot;)" storage="c:\projekty\nunittestproject\bin\debug\netcoreapp3.1\nunittestproject.dll" id="ef7b8988-d111-e493-786c-6d198480cf20">
      <Execution id="126cfcab-f318-459d-8cd6-299e9d0e47cd" />
      <TestMethod codeBase="C:\Projekty\NUnitTestProject\bin\Debug\netcoreapp3.1\NUnitTestProject.dll" adapterTypeName="executor://nunit3testexecutor/" className="NUnitTestProject.CurrencyHelperTests" name="FormatToStringTest1000(21602.417596116393d,&quot;21602.42 zł&quot;)" />
    </UnitTest>
    <UnitTest name="FormatToStringTest1000(10495.622655484185d,&quot;10495.62 zł&quot;)" storage="c:\projekty\nunittestproject\bin\debug\netcoreapp3.1\nunittestproject.dll" id="7a0cd811-1188-4526-31f2-d266b41de2aa">
      <Execution id="32cfb947-b814-4e47-a45b-bd19db67a088" />
      <TestMethod codeBase="C:\Projekty\NUnitTestProject\bin\Debug\netcoreapp3.1\NUnitTestProject.dll" adapterTypeName="executor://nunit3testexecutor/" className="NUnitTestProject.CurrencyHelperTests" name="FormatToStringTest1000(10495.622655484185d,&quot;10495.62 zł&quot;)" />
    </UnitTest>
    <UnitTest name="FormatToStringTest1000(50585.83664522778d,&quot;50585.84 zł&quot;)" storage="c:\projekty\nunittestproject\bin\debug\netcoreapp3.1\nunittestproject.dll" id="cfb2439a-56a0-7de3-f9a2-8d326d2ccf14">
      <Execution id="f3df73c0-e4d2-4254-b926-98a1724c5460" />
      <TestMethod codeBase="C:\Projekty\NUnitTestProject\bin\Debug\netcoreapp3.1\NUnitTestProject.dll" adapterTypeName="executor://nunit3testexecutor/" className="NUnitTestProject.CurrencyHelperTests" name="FormatToStringTest1000(50585.83664522778d,&quot;50585.84 zł&quot;)" />
    </UnitTest>
    <UnitTest name="FormatToStringTest1000(21728.91641959963d,&quot;21728.92 zł&quot;)" storage="c:\projekty\nunittestproject\bin\debug\netcoreapp3.1\nunittestproject.dll" id="64432d28-23cd-4cf2-4daf-935cfc9905b7">
      <Execution id="cdbbb4df-267e-4de1-bb1a-7e0128751eef" />
      <TestMethod codeBase="C:\Projekty\NUnitTestProject\bin\Debug\netcoreapp3.1\NUnitTestProject.dll" adapterTypeName="executor://nunit3testexecutor/" className="NUnitTestProject.CurrencyHelperTests" name="FormatToStringTest1000(21728.91641959963d,&quot;21728.92 zł&quot;)" />
    </UnitTest>
    <UnitTest name="FormatToStringTest1000(16819.974312979717d,&quot;16819.97 zł&quot;)" storage="c:\projekty\nunittestproject\bin\debug\netcoreapp3.1\nunittestproject.dll" id="acd7d1ab-8336-79e5-b078-d5eb4c962b29">
      <Execution id="14e9e4c1-9825-44b7-8742-b4b4841389e2" />
      <TestMethod codeBase="C:\Projekty\NUnitTestProject\bin\Debug\netcoreapp3.1\NUnitTestProject.dll" adapterTypeName="executor://nunit3testexecutor/" className="NUnitTestProject.CurrencyHelperTests" name="FormatToStringTest1000(16819.974312979717d,&quot;16819.97 zł&quot;)" />
    </UnitTest>
    <UnitTest name="FormatToStringTest1000(29508.077101491428d,&quot;29508.08 zł&quot;)" storage="c:\projekty\nunittestproject\bin\debug\netcoreapp3.1\nunittestproject.dll" id="87886007-6727-2dc4-be03-09aefa74e875">
      <Execution id="e7dbd6f2-545a-4d59-bab6-19b21f96ee95" />
      <TestMethod codeBase="C:\Projekty\NUnitTestProject\bin\Debug\netcoreapp3.1\NUnitTestProject.dll" adapterTypeName="executor://nunit3testexecutor/" className="NUnitTestProject.CurrencyHelperTests" name="FormatToStringTest1000(29508.077101491428d,&quot;29508.08 zł&quot;)" />
    </UnitTest>
    <UnitTest name="FormatToStringTest1000(17798.633951516185d,&quot;17798.63 zł&quot;)" storage="c:\projekty\nunittestproject\bin\debug\netcoreapp3.1\nunittestproject.dll" id="7a151ddf-b76f-a627-8d14-57dc244734db">
      <Execution id="bd667f5c-345e-4bf8-b439-ea3bc9963847" />
      <TestMethod codeBase="C:\Projekty\NUnitTestProject\bin\Debug\netcoreapp3.1\NUnitTestProject.dll" adapterTypeName="executor://nunit3testexecutor/" className="NUnitTestProject.CurrencyHelperTests" name="FormatToStringTest1000(17798.633951516185d,&quot;17798.63 zł&quot;)" />
    </UnitTest>
    <UnitTest name="FormatToStringTest1000(23548.88067407016d,&quot;23548.88 zł&quot;)" storage="c:\projekty\nunittestproject\bin\debug\netcoreapp3.1\nunittestproject.dll" id="08821b59-1fc3-bfdb-c64b-6b9d4d7418fb">
      <Execution id="55ede947-0b0d-4b1b-8390-bcb196fea25d" />
      <TestMethod codeBase="C:\Projekty\NUnitTestProject\bin\Debug\netcoreapp3.1\NUnitTestProject.dll" adapterTypeName="executor://nunit3testexecutor/" className="NUnitTestProject.CurrencyHelperTests" name="FormatToStringTest1000(23548.88067407016d,&quot;23548.88 zł&quot;)" />
    </UnitTest>
    <UnitTest name="FormatToStringTest1000(24957.469502810607d,&quot;24957.47 zł&quot;)" storage="c:\projekty\nunittestproject\bin\debug\netcoreapp3.1\nunittestproject.dll" id="ecf86b56-1ec1-9984-97f9-65e2b8a0e550">
      <Execution id="4e9fa587-cd3e-42d7-a084-172c08b7d8ec" />
      <TestMethod codeBase="C:\Projekty\NUnitTestProject\bin\Debug\netcoreapp3.1\NUnitTestProject.dll" adapterTypeName="executor://nunit3testexecutor/" className="NUnitTestProject.CurrencyHelperTests" name="FormatToStringTest1000(24957.469502810607d,&quot;24957.47 zł&quot;)" />
    </UnitTest>
    <UnitTest name="FormatToStringTest1000(2992.6161168593057d,&quot;2992.62 zł&quot;)" storage="c:\projekty\nunittestproject\bin\debug\netcoreapp3.1\nunittestproject.dll" id="685e65c6-c415-f45e-d0fc-3f95f4859375">
      <Execution id="5b58f19d-046f-4d67-a034-78474b85feb3" />
      <TestMethod codeBase="C:\Projekty\NUnitTestProject\bin\Debug\netcoreapp3.1\NUnitTestProject.dll" adapterTypeName="executor://nunit3testexecutor/" className="NUnitTestProject.CurrencyHelperTests" name="FormatToStringTest1000(2992.6161168593057d,&quot;2992.62 zł&quot;)" />
    </UnitTest>
    <UnitTest name="FormatToStringTest1000(32213.734885384205d,&quot;32213.73 zł&quot;)" storage="c:\projekty\nunittestproject\bin\debug\netcoreapp3.1\nunittestproject.dll" id="f9588db6-8045-6ceb-1c29-858ccdaab727">
      <Execution id="2e4019f8-6478-4858-af89-2bc372c56ab4" />
      <TestMethod codeBase="C:\Projekty\NUnitTestProject\bin\Debug\netcoreapp3.1\NUnitTestProject.dll" adapterTypeName="executor://nunit3testexecutor/" className="NUnitTestProject.CurrencyHelperTests" name="FormatToStringTest1000(32213.734885384205d,&quot;32213.73 zł&quot;)" />
    </UnitTest>
    <UnitTest name="FormatToStringTest1000(8901.937138443784d,&quot;8901.94 zł&quot;)" storage="c:\projekty\nunittestproject\bin\debug\netcoreapp3.1\nunittestproject.dll" id="9c14da41-934e-02e1-653f-9f7dc91a12aa">
      <Execution id="1788d5c6-322a-4d91-9ad8-815d0693fadb" />
      <TestMethod codeBase="C:\Projekty\NUnitTestProject\bin\Debug\netcoreapp3.1\NUnitTestProject.dll" adapterTypeName="executor://nunit3testexecutor/" className="NUnitTestProject.CurrencyHelperTests" name="FormatToStringTest1000(8901.937138443784d,&quot;8901.94 zł&quot;)" />
    </UnitTest>
    <UnitTest name="FormatToStringTest1000(25720.27551496321d,&quot;25720.28 zł&quot;)" storage="c:\projekty\nunittestproject\bin\debug\netcoreapp3.1\nunittestproject.dll" id="dbb1fa1a-a5ee-99ca-9749-48d31eb98113">
      <Execution id="1f8abdf2-3d27-49ba-8778-673531f97afb" />
      <TestMethod codeBase="C:\Projekty\NUnitTestProject\bin\Debug\netcoreapp3.1\NUnitTestProject.dll" adapterTypeName="executor://nunit3testexecutor/" className="NUnitTestProject.CurrencyHelperTests" name="FormatToStringTest1000(25720.27551496321d,&quot;25720.28 zł&quot;)" />
    </UnitTest>
    <UnitTest name="FormatToStringTest1000(3341.8351759444154d,&quot;3341.84 zł&quot;)" storage="c:\projekty\nunittestproject\bin\debug\netcoreapp3.1\nunittestproject.dll" id="5717b261-73d9-ccff-48ad-cb5028daecbf">
      <Execution id="cd92963e-47ae-48f6-8064-860faf8159fd" />
      <TestMethod codeBase="C:\Projekty\NUnitTestProject\bin\Debug\netcoreapp3.1\NUnitTestProject.dll" adapterTypeName="executor://nunit3testexecutor/" className="NUnitTestProject.CurrencyHelperTests" name="FormatToStringTest1000(3341.8351759444154d,&quot;3341.84 zł&quot;)" />
    </UnitTest>
    <UnitTest name="FormatToStringTest1000(7789.7136237517525d,&quot;7789.71 zł&quot;)" storage="c:\projekty\nunittestproject\bin\debug\netcoreapp3.1\nunittestproject.dll" id="7a70b4a3-dd05-b389-f6ee-af27102364f5">
      <Execution id="7cba4fd0-6dfc-4179-8275-5a49d9258ad3" />
      <TestMethod codeBase="C:\Projekty\NUnitTestProject\bin\Debug\netcoreapp3.1\NUnitTestProject.dll" adapterTypeName="executor://nunit3testexecutor/" className="NUnitTestProject.CurrencyHelperTests" name="FormatToStringTest1000(7789.7136237517525d,&quot;7789.71 zł&quot;)" />
    </UnitTest>
    <UnitTest name="FormatToStringTest1000(2339.5873176472205d,&quot;2339.59 zł&quot;)" storage="c:\projekty\nunittestproject\bin\debug\netcoreapp3.1\nunittestproject.dll" id="ea0b7c7a-ce24-46f7-0862-63029307593e">
      <Execution id="cff0040a-2aef-4d32-93f2-f34fe48ea50c" />
      <TestMethod codeBase="C:\Projekty\NUnitTestProject\bin\Debug\netcoreapp3.1\NUnitTestProject.dll" adapterTypeName="executor://nunit3testexecutor/" className="NUnitTestProject.CurrencyHelperTests" name="FormatToStringTest1000(2339.5873176472205d,&quot;2339.59 zł&quot;)" />
    </UnitTest>
    <UnitTest name="FormatToStringTest1000(24308.26523149212d,&quot;24308.27 zł&quot;)" storage="c:\projekty\nunittestproject\bin\debug\netcoreapp3.1\nunittestproject.dll" id="10d9efba-c25c-4837-b4ca-c51dd97ac398">
      <Execution id="aa48abc7-b13a-4a61-b30c-02a837a2875e" />
      <TestMethod codeBase="C:\Projekty\NUnitTestProject\bin\Debug\netcoreapp3.1\NUnitTestProject.dll" adapterTypeName="executor://nunit3testexecutor/" className="NUnitTestProject.CurrencyHelperTests" name="FormatToStringTest1000(24308.26523149212d,&quot;24308.27 zł&quot;)" />
    </UnitTest>
    <UnitTest name="FormatToStringTest1000(51408.294679657694d,&quot;51408.29 zł&quot;)" storage="c:\projekty\nunittestproject\bin\debug\netcoreapp3.1\nunittestproject.dll" id="94c8a06e-3f46-89b8-1521-4663bd871343">
      <Execution id="5a994520-df65-474b-88a3-60c1f4edd184" />
      <TestMethod codeBase="C:\Projekty\NUnitTestProject\bin\Debug\netcoreapp3.1\NUnitTestProject.dll" adapterTypeName="executor://nunit3testexecutor/" className="NUnitTestProject.CurrencyHelperTests" name="FormatToStringTest1000(51408.294679657694d,&quot;51408.29 zł&quot;)" />
    </UnitTest>
    <UnitTest name="FormatToStringTest1000(1328.353302088265d,&quot;1328.35 zł&quot;)" storage="c:\projekty\nunittestproject\bin\debug\netcoreapp3.1\nunittestproject.dll" id="9bae3763-5b44-6392-7f85-b5a14c7eae3f">
      <Execution id="2ac3e910-1931-41b9-b87b-05c370de8715" />
      <TestMethod codeBase="C:\Projekty\NUnitTestProject\bin\Debug\netcoreapp3.1\NUnitTestProject.dll" adapterTypeName="executor://nunit3testexecutor/" className="NUnitTestProject.CurrencyHelperTests" name="FormatToStringTest1000(1328.353302088265d,&quot;1328.35 zł&quot;)" />
    </UnitTest>
    <UnitTest name="FormatToStringTest1000(50413.517583300134d,&quot;50413.52 zł&quot;)" storage="c:\projekty\nunittestproject\bin\debug\netcoreapp3.1\nunittestproject.dll" id="eb4b3a2e-3867-f16d-1f8c-063517acc541">
      <Execution id="3e9e5367-83ce-4977-a30b-a527ba3b3796" />
      <TestMethod codeBase="C:\Projekty\NUnitTestProject\bin\Debug\netcoreapp3.1\NUnitTestProject.dll" adapterTypeName="executor://nunit3testexecutor/" className="NUnitTestProject.CurrencyHelperTests" name="FormatToStringTest1000(50413.517583300134d,&quot;50413.52 zł&quot;)" />
    </UnitTest>
    <UnitTest name="FormatToStringTest1000(13046.352146307172d,&quot;13046.35 zł&quot;)" storage="c:\projekty\nunittestproject\bin\debug\netcoreapp3.1\nunittestproject.dll" id="f86161bd-f5ff-e739-8561-c83ff6f0d4a9">
      <Execution id="5792b81c-e4e9-494b-8cdf-44c1e5a8ed0c" />
      <TestMethod codeBase="C:\Projekty\NUnitTestProject\bin\Debug\netcoreapp3.1\NUnitTestProject.dll" adapterTypeName="executor://nunit3testexecutor/" className="NUnitTestProject.CurrencyHelperTests" name="FormatToStringTest1000(13046.352146307172d,&quot;13046.35 zł&quot;)" />
    </UnitTest>
    <UnitTest name="FormatToStringTest1000(16402.16316587206d,&quot;16402.16 zł&quot;)" storage="c:\projekty\nunittestproject\bin\debug\netcoreapp3.1\nunittestproject.dll" id="f113347a-114d-883f-0643-fe2e125f5daa">
      <Execution id="f291e707-ea1d-44d9-9007-24cee76e0c3d" />
      <TestMethod codeBase="C:\Projekty\NUnitTestProject\bin\Debug\netcoreapp3.1\NUnitTestProject.dll" adapterTypeName="executor://nunit3testexecutor/" className="NUnitTestProject.CurrencyHelperTests" name="FormatToStringTest1000(16402.16316587206d,&quot;16402.16 zł&quot;)" />
    </UnitTest>
    <UnitTest name="FormatToStringTest1000(4539.210371735137d,&quot;4539.21 zł&quot;)" storage="c:\projekty\nunittestproject\bin\debug\netcoreapp3.1\nunittestproject.dll" id="bde33f3c-8432-543f-ee46-b13606db09db">
      <Execution id="e298ba0c-2742-48c4-a1d7-e5c641597aa5" />
      <TestMethod codeBase="C:\Projekty\NUnitTestProject\bin\Debug\netcoreapp3.1\NUnitTestProject.dll" adapterTypeName="executor://nunit3testexecutor/" className="NUnitTestProject.CurrencyHelperTests" name="FormatToStringTest1000(4539.210371735137d,&quot;4539.21 zł&quot;)" />
    </UnitTest>
    <UnitTest name="FormatToStringTest1000(17990.38119827089d,&quot;17990.38 zł&quot;)" storage="c:\projekty\nunittestproject\bin\debug\netcoreapp3.1\nunittestproject.dll" id="785b55cc-be99-2e92-e97b-e8c0390c5420">
      <Execution id="d17ea5b1-c8e9-46f1-819b-9c7c711b8ba4" />
      <TestMethod codeBase="C:\Projekty\NUnitTestProject\bin\Debug\netcoreapp3.1\NUnitTestProject.dll" adapterTypeName="executor://nunit3testexecutor/" className="NUnitTestProject.CurrencyHelperTests" name="FormatToStringTest1000(17990.38119827089d,&quot;17990.38 zł&quot;)" />
    </UnitTest>
    <UnitTest name="FormatToStringTest1000(4555.538255205163d,&quot;4555.54 zł&quot;)" storage="c:\projekty\nunittestproject\bin\debug\netcoreapp3.1\nunittestproject.dll" id="ba2e227c-c79f-6137-d335-88fa098146b3">
      <Execution id="53fd868e-3009-4754-8011-711dd75bc080" />
      <TestMethod codeBase="C:\Projekty\NUnitTestProject\bin\Debug\netcoreapp3.1\NUnitTestProject.dll" adapterTypeName="executor://nunit3testexecutor/" className="NUnitTestProject.CurrencyHelperTests" name="FormatToStringTest1000(4555.538255205163d,&quot;4555.54 zł&quot;)" />
    </UnitTest>
    <UnitTest name="FormatToStringTest1000(13337.80490493486d,&quot;13337.80 zł&quot;)" storage="c:\projekty\nunittestproject\bin\debug\netcoreapp3.1\nunittestproject.dll" id="fad10d32-e0c1-4a39-6168-5252fb0f8392">
      <Execution id="9dff8974-8557-4b9e-9ad1-3d99d4d7da00" />
      <TestMethod codeBase="C:\Projekty\NUnitTestProject\bin\Debug\netcoreapp3.1\NUnitTestProject.dll" adapterTypeName="executor://nunit3testexecutor/" className="NUnitTestProject.CurrencyHelperTests" name="FormatToStringTest1000(13337.80490493486d,&quot;13337.80 zł&quot;)" />
    </UnitTest>
    <UnitTest name="FormatToStringTest1000(23023.74724929768d,&quot;23023.75 zł&quot;)" storage="c:\projekty\nunittestproject\bin\debug\netcoreapp3.1\nunittestproject.dll" id="be961a03-49b0-93a8-a575-29626617f5f3">
      <Execution id="54cf0737-bc7c-4c0e-947b-6795652e7680" />
      <TestMethod codeBase="C:\Projekty\NUnitTestProject\bin\Debug\netcoreapp3.1\NUnitTestProject.dll" adapterTypeName="executor://nunit3testexecutor/" className="NUnitTestProject.CurrencyHelperTests" name="FormatToStringTest1000(23023.74724929768d,&quot;23023.75 zł&quot;)" />
    </UnitTest>
    <UnitTest name="FormatToStringTest1000(26207.03715363659d,&quot;26207.04 zł&quot;)" storage="c:\projekty\nunittestproject\bin\debug\netcoreapp3.1\nunittestproject.dll" id="2f443958-bb91-68f7-90b6-2eae1e3219b3">
      <Execution id="d094572e-2dd9-487d-95ae-c5c6e1eac184" />
      <TestMethod codeBase="C:\Projekty\NUnitTestProject\bin\Debug\netcoreapp3.1\NUnitTestProject.dll" adapterTypeName="executor://nunit3testexecutor/" className="NUnitTestProject.CurrencyHelperTests" name="FormatToStringTest1000(26207.03715363659d,&quot;26207.04 zł&quot;)" />
    </UnitTest>
    <UnitTest name="FormatToStringTest1000(3195.202943510936d,&quot;3195.20 zł&quot;)" storage="c:\projekty\nunittestproject\bin\debug\netcoreapp3.1\nunittestproject.dll" id="af79a348-5fb3-03eb-c3ed-5bb2185640a5">
      <Execution id="9b0bed11-05f9-4502-b5d0-73051832ed02" />
      <TestMethod codeBase="C:\Projekty\NUnitTestProject\bin\Debug\netcoreapp3.1\NUnitTestProject.dll" adapterTypeName="executor://nunit3testexecutor/" className="NUnitTestProject.CurrencyHelperTests" name="FormatToStringTest1000(3195.202943510936d,&quot;3195.20 zł&quot;)" />
    </UnitTest>
    <UnitTest name="FormatToStringTest1000(33970.38965150639d,&quot;33970.39 zł&quot;)" storage="c:\projekty\nunittestproject\bin\debug\netcoreapp3.1\nunittestproject.dll" id="58d53652-da34-09db-a06d-1fae2bb18f28">
      <Execution id="ea335045-da51-4ebc-8af6-923eeb989f18" />
      <TestMethod codeBase="C:\Projekty\NUnitTestProject\bin\Debug\netcoreapp3.1\NUnitTestProject.dll" adapterTypeName="executor://nunit3testexecutor/" className="NUnitTestProject.CurrencyHelperTests" name="FormatToStringTest1000(33970.38965150639d,&quot;33970.39 zł&quot;)" />
    </UnitTest>
    <UnitTest name="FormatToStringTest1000(4094.6752323977066d,&quot;4094.68 zł&quot;)" storage="c:\projekty\nunittestproject\bin\debug\netcoreapp3.1\nunittestproject.dll" id="13e85df1-3456-393c-8dca-d481490ed075">
      <Execution id="4a147ae7-af03-4d6a-acf7-6d7ae15e83ce" />
      <TestMethod codeBase="C:\Projekty\NUnitTestProject\bin\Debug\netcoreapp3.1\NUnitTestProject.dll" adapterTypeName="executor://nunit3testexecutor/" className="NUnitTestProject.CurrencyHelperTests" name="FormatToStringTest1000(4094.6752323977066d,&quot;4094.68 zł&quot;)" />
    </UnitTest>
    <UnitTest name="FormatToStringTest1000(79764.77845563217d,&quot;79764.78 zł&quot;)" storage="c:\projekty\nunittestproject\bin\debug\netcoreapp3.1\nunittestproject.dll" id="7724a5ae-1858-243b-d346-491db16f98e9">
      <Execution id="4d41d001-fc64-4fd6-b180-0af668339d39" />
      <TestMethod codeBase="C:\Projekty\NUnitTestProject\bin\Debug\netcoreapp3.1\NUnitTestProject.dll" adapterTypeName="executor://nunit3testexecutor/" className="NUnitTestProject.CurrencyHelperTests" name="FormatToStringTest1000(79764.77845563217d,&quot;79764.78 zł&quot;)" />
    </UnitTest>
    <UnitTest name="FormatToStringTest1000(28992.38363400166d,&quot;28992.38 zł&quot;)" storage="c:\projekty\nunittestproject\bin\debug\netcoreapp3.1\nunittestproject.dll" id="21347641-7dc3-6035-5dfd-bb1ac2ae1b73">
      <Execution id="2af96b43-6d41-4bc1-8ff2-27a633c99a19" />
      <TestMethod codeBase="C:\Projekty\NUnitTestProject\bin\Debug\netcoreapp3.1\NUnitTestProject.dll" adapterTypeName="executor://nunit3testexecutor/" className="NUnitTestProject.CurrencyHelperTests" name="FormatToStringTest1000(28992.38363400166d,&quot;28992.38 zł&quot;)" />
    </UnitTest>
    <UnitTest name="FormatToStringTest1000(19462.729986486367d,&quot;19462.73 zł&quot;)" storage="c:\projekty\nunittestproject\bin\debug\netcoreapp3.1\nunittestproject.dll" id="ed2b1e2d-f079-ec9f-030f-6c4deaa52702">
      <Execution id="10b26a52-7942-4846-bfd8-5a7931324129" />
      <TestMethod codeBase="C:\Projekty\NUnitTestProject\bin\Debug\netcoreapp3.1\NUnitTestProject.dll" adapterTypeName="executor://nunit3testexecutor/" className="NUnitTestProject.CurrencyHelperTests" name="FormatToStringTest1000(19462.729986486367d,&quot;19462.73 zł&quot;)" />
    </UnitTest>
    <UnitTest name="FormatToStringTest1000(972.1468308629221d,&quot;972.15 zł&quot;)" storage="c:\projekty\nunittestproject\bin\debug\netcoreapp3.1\nunittestproject.dll" id="2cb249c3-2f01-c9f4-7658-4d0e9af8d192">
      <Execution id="22a9c2c4-a4f8-46e8-84f7-48c85209597c" />
      <TestMethod codeBase="C:\Projekty\NUnitTestProject\bin\Debug\netcoreapp3.1\NUnitTestProject.dll" adapterTypeName="executor://nunit3testexecutor/" className="NUnitTestProject.CurrencyHelperTests" name="FormatToStringTest1000(972.1468308629221d,&quot;972.15 zł&quot;)" />
    </UnitTest>
    <UnitTest name="FormatToStringTest1000(46898.00219497783d,&quot;46898.00 zł&quot;)" storage="c:\projekty\nunittestproject\bin\debug\netcoreapp3.1\nunittestproject.dll" id="c2c62cce-7606-0af4-5c6b-a30ffe30b4ea">
      <Execution id="dd383244-5c7c-40e5-804d-d29487d1b734" />
      <TestMethod codeBase="C:\Projekty\NUnitTestProject\bin\Debug\netcoreapp3.1\NUnitTestProject.dll" adapterTypeName="executor://nunit3testexecutor/" className="NUnitTestProject.CurrencyHelperTests" name="FormatToStringTest1000(46898.00219497783d,&quot;46898.00 zł&quot;)" />
    </UnitTest>
    <UnitTest name="FormatToStringTest1000(30360.993128030557d,&quot;30360.99 zł&quot;)" storage="c:\projekty\nunittestproject\bin\debug\netcoreapp3.1\nunittestproject.dll" id="c1b72bec-54e9-d72c-529e-b6b9932bdb7f">
      <Execution id="2e8d14c2-f4b2-40f1-8008-6227365e9c2f" />
      <TestMethod codeBase="C:\Projekty\NUnitTestProject\bin\Debug\netcoreapp3.1\NUnitTestProject.dll" adapterTypeName="executor://nunit3testexecutor/" className="NUnitTestProject.CurrencyHelperTests" name="FormatToStringTest1000(30360.993128030557d,&quot;30360.99 zł&quot;)" />
    </UnitTest>
    <UnitTest name="FormatToStringTest1000(34951.47290410077d,&quot;34951.47 zł&quot;)" storage="c:\projekty\nunittestproject\bin\debug\netcoreapp3.1\nunittestproject.dll" id="32740214-c33e-96ad-e5a0-01c821ac0c2a">
      <Execution id="a0b469ad-4d27-4ed7-a75d-d4ec068bfe8b" />
      <TestMethod codeBase="C:\Projekty\NUnitTestProject\bin\Debug\netcoreapp3.1\NUnitTestProject.dll" adapterTypeName="executor://nunit3testexecutor/" className="NUnitTestProject.CurrencyHelperTests" name="FormatToStringTest1000(34951.47290410077d,&quot;34951.47 zł&quot;)" />
    </UnitTest>
    <UnitTest name="FormatToStringTest1000(48428.38681602682d,&quot;48428.39 zł&quot;)" storage="c:\projekty\nunittestproject\bin\debug\netcoreapp3.1\nunittestproject.dll" id="13cdf8fd-2721-e597-055e-a54097abf685">
      <Execution id="e90d881e-1b5c-47f3-ade5-1436fdd67e48" />
      <TestMethod codeBase="C:\Projekty\NUnitTestProject\bin\Debug\netcoreapp3.1\NUnitTestProject.dll" adapterTypeName="executor://nunit3testexecutor/" className="NUnitTestProject.CurrencyHelperTests" name="FormatToStringTest1000(48428.38681602682d,&quot;48428.39 zł&quot;)" />
    </UnitTest>
    <UnitTest name="FormatToStringTest1000(40889.35187774214d,&quot;40889.35 zł&quot;)" storage="c:\projekty\nunittestproject\bin\debug\netcoreapp3.1\nunittestproject.dll" id="b7f6b02b-7701-48a7-6ef3-dc8df7e50575">
      <Execution id="bfca9687-d92e-4402-b408-e61cb764a6e3" />
      <TestMethod codeBase="C:\Projekty\NUnitTestProject\bin\Debug\netcoreapp3.1\NUnitTestProject.dll" adapterTypeName="executor://nunit3testexecutor/" className="NUnitTestProject.CurrencyHelperTests" name="FormatToStringTest1000(40889.35187774214d,&quot;40889.35 zł&quot;)" />
    </UnitTest>
    <UnitTest name="FormatToStringTest1000(15313.083673952653d,&quot;15313.08 zł&quot;)" storage="c:\projekty\nunittestproject\bin\debug\netcoreapp3.1\nunittestproject.dll" id="84912826-9a40-9d59-76ff-2b9288e04c5b">
      <Execution id="86769374-77f6-4181-90b7-65b7e8d30b6e" />
      <TestMethod codeBase="C:\Projekty\NUnitTestProject\bin\Debug\netcoreapp3.1\NUnitTestProject.dll" adapterTypeName="executor://nunit3testexecutor/" className="NUnitTestProject.CurrencyHelperTests" name="FormatToStringTest1000(15313.083673952653d,&quot;15313.08 zł&quot;)" />
    </UnitTest>
    <UnitTest name="FormatToStringTest1000(15600.245951180927d,&quot;15600.25 zł&quot;)" storage="c:\projekty\nunittestproject\bin\debug\netcoreapp3.1\nunittestproject.dll" id="9fc60cd8-d419-6ed6-ac2e-164788256e59">
      <Execution id="3d0e4e80-ec2b-47f2-b0ce-840fa367b0f7" />
      <TestMethod codeBase="C:\Projekty\NUnitTestProject\bin\Debug\netcoreapp3.1\NUnitTestProject.dll" adapterTypeName="executor://nunit3testexecutor/" className="NUnitTestProject.CurrencyHelperTests" name="FormatToStringTest1000(15600.245951180927d,&quot;15600.25 zł&quot;)" />
    </UnitTest>
    <UnitTest name="FormatToStringTest1000(12871.381729632794d,&quot;12871.38 zł&quot;)" storage="c:\projekty\nunittestproject\bin\debug\netcoreapp3.1\nunittestproject.dll" id="2ae061eb-7306-c193-04ca-269456b3b20b">
      <Execution id="c014fb71-da8c-44ed-8704-c4ca58bc5894" />
      <TestMethod codeBase="C:\Projekty\NUnitTestProject\bin\Debug\netcoreapp3.1\NUnitTestProject.dll" adapterTypeName="executor://nunit3testexecutor/" className="NUnitTestProject.CurrencyHelperTests" name="FormatToStringTest1000(12871.381729632794d,&quot;12871.38 zł&quot;)" />
    </UnitTest>
    <UnitTest name="FormatToStringTest1000(19006.315459580772d,&quot;19006.32 zł&quot;)" storage="c:\projekty\nunittestproject\bin\debug\netcoreapp3.1\nunittestproject.dll" id="da69ab52-f883-eabf-8235-9cb66a514e58">
      <Execution id="6a9fb094-a65d-4dd5-a46d-bf056d808859" />
      <TestMethod codeBase="C:\Projekty\NUnitTestProject\bin\Debug\netcoreapp3.1\NUnitTestProject.dll" adapterTypeName="executor://nunit3testexecutor/" className="NUnitTestProject.CurrencyHelperTests" name="FormatToStringTest1000(19006.315459580772d,&quot;19006.32 zł&quot;)" />
    </UnitTest>
    <UnitTest name="FormatToStringTest1000(13414.3551766441d,&quot;13414.36 zł&quot;)" storage="c:\projekty\nunittestproject\bin\debug\netcoreapp3.1\nunittestproject.dll" id="6db05940-47de-0c9c-5b92-fcba99ecc227">
      <Execution id="8aa5163d-e8ca-4c18-877e-4d63cd0d3abc" />
      <TestMethod codeBase="C:\Projekty\NUnitTestProject\bin\Debug\netcoreapp3.1\NUnitTestProject.dll" adapterTypeName="executor://nunit3testexecutor/" className="NUnitTestProject.CurrencyHelperTests" name="FormatToStringTest1000(13414.3551766441d,&quot;13414.36 zł&quot;)" />
    </UnitTest>
    <UnitTest name="FormatToStringTest1000(115.26302841131717d,&quot;115.26 zł&quot;)" storage="c:\projekty\nunittestproject\bin\debug\netcoreapp3.1\nunittestproject.dll" id="510aaf45-0379-a668-36c0-4b4e838744ca">
      <Execution id="d4501023-fb8b-4d8d-a845-0355f2bd8e2e" />
      <TestMethod codeBase="C:\Projekty\NUnitTestProject\bin\Debug\netcoreapp3.1\NUnitTestProject.dll" adapterTypeName="executor://nunit3testexecutor/" className="NUnitTestProject.CurrencyHelperTests" name="FormatToStringTest1000(115.26302841131717d,&quot;115.26 zł&quot;)" />
    </UnitTest>
    <UnitTest name="FormatToStringTest1000(803.2448148733214d,&quot;803.24 zł&quot;)" storage="c:\projekty\nunittestproject\bin\debug\netcoreapp3.1\nunittestproject.dll" id="f1dc036c-9edd-e200-4e53-f62b2f9452ea">
      <Execution id="4f2a7e16-14f3-4a57-a983-69999502dbaa" />
      <TestMethod codeBase="C:\Projekty\NUnitTestProject\bin\Debug\netcoreapp3.1\NUnitTestProject.dll" adapterTypeName="executor://nunit3testexecutor/" className="NUnitTestProject.CurrencyHelperTests" name="FormatToStringTest1000(803.2448148733214d,&quot;803.24 zł&quot;)" />
    </UnitTest>
    <UnitTest name="FormatToStringTest1000(57237.252356975456d,&quot;57237.25 zł&quot;)" storage="c:\projekty\nunittestproject\bin\debug\netcoreapp3.1\nunittestproject.dll" id="f2da4add-4324-6352-9afd-0fe37f754b21">
      <Execution id="fe7ff436-ca95-4387-9b16-3684e45fe4bb" />
      <TestMethod codeBase="C:\Projekty\NUnitTestProject\bin\Debug\netcoreapp3.1\NUnitTestProject.dll" adapterTypeName="executor://nunit3testexecutor/" className="NUnitTestProject.CurrencyHelperTests" name="FormatToStringTest1000(57237.252356975456d,&quot;57237.25 zł&quot;)" />
    </UnitTest>
    <UnitTest name="FormatToStringTest1000(1313.0279238368514d,&quot;1313.03 zł&quot;)" storage="c:\projekty\nunittestproject\bin\debug\netcoreapp3.1\nunittestproject.dll" id="9ac323b2-f4ee-1c5b-c335-774c81e0e08d">
      <Execution id="a986bd6a-d9bb-4cce-b581-8464b10034c8" />
      <TestMethod codeBase="C:\Projekty\NUnitTestProject\bin\Debug\netcoreapp3.1\NUnitTestProject.dll" adapterTypeName="executor://nunit3testexecutor/" className="NUnitTestProject.CurrencyHelperTests" name="FormatToStringTest1000(1313.0279238368514d,&quot;1313.03 zł&quot;)" />
    </UnitTest>
    <UnitTest name="FormatToStringTest1000(18340.935049000167d,&quot;18340.94 zł&quot;)" storage="c:\projekty\nunittestproject\bin\debug\netcoreapp3.1\nunittestproject.dll" id="c2d4c482-09cf-e240-a7e7-520d6f5ce617">
      <Execution id="8a42b936-4517-4c26-a4c1-255255041888" />
      <TestMethod codeBase="C:\Projekty\NUnitTestProject\bin\Debug\netcoreapp3.1\NUnitTestProject.dll" adapterTypeName="executor://nunit3testexecutor/" className="NUnitTestProject.CurrencyHelperTests" name="FormatToStringTest1000(18340.935049000167d,&quot;18340.94 zł&quot;)" />
    </UnitTest>
    <UnitTest name="FormatToStringTest1000(6146.91236741278d,&quot;6146.91 zł&quot;)" storage="c:\projekty\nunittestproject\bin\debug\netcoreapp3.1\nunittestproject.dll" id="b41bb231-beda-2963-85d3-5ce48fa4ac9e">
      <Execution id="a158b639-9c89-451d-ad12-0430fe109e31" />
      <TestMethod codeBase="C:\Projekty\NUnitTestProject\bin\Debug\netcoreapp3.1\NUnitTestProject.dll" adapterTypeName="executor://nunit3testexecutor/" className="NUnitTestProject.CurrencyHelperTests" name="FormatToStringTest1000(6146.91236741278d,&quot;6146.91 zł&quot;)" />
    </UnitTest>
    <UnitTest name="FormatToStringTest1000(15624.452361264477d,&quot;15624.45 zł&quot;)" storage="c:\projekty\nunittestproject\bin\debug\netcoreapp3.1\nunittestproject.dll" id="f454394e-283b-6832-24e4-e862ec140984">
      <Execution id="41620427-652e-4b22-88dc-f14fec22bad7" />
      <TestMethod codeBase="C:\Projekty\NUnitTestProject\bin\Debug\netcoreapp3.1\NUnitTestProject.dll" adapterTypeName="executor://nunit3testexecutor/" className="NUnitTestProject.CurrencyHelperTests" name="FormatToStringTest1000(15624.452361264477d,&quot;15624.45 zł&quot;)" />
    </UnitTest>
    <UnitTest name="FormatToStringTest1000(49037.8109120586d,&quot;49037.81 zł&quot;)" storage="c:\projekty\nunittestproject\bin\debug\netcoreapp3.1\nunittestproject.dll" id="d54410c1-a007-adf6-a1dc-8caa96e947a3">
      <Execution id="ec921ff8-f837-41ef-a8d4-ffed1bf60b18" />
      <TestMethod codeBase="C:\Projekty\NUnitTestProject\bin\Debug\netcoreapp3.1\NUnitTestProject.dll" adapterTypeName="executor://nunit3testexecutor/" className="NUnitTestProject.CurrencyHelperTests" name="FormatToStringTest1000(49037.8109120586d,&quot;49037.81 zł&quot;)" />
    </UnitTest>
    <UnitTest name="FormatToStringTest1000(5957.42161879941d,&quot;5957.42 zł&quot;)" storage="c:\projekty\nunittestproject\bin\debug\netcoreapp3.1\nunittestproject.dll" id="c9bdc46f-9c2d-d658-e774-72448865739f">
      <Execution id="8ab13b91-adfd-4e63-bfc9-ce583ebdc89b" />
      <TestMethod codeBase="C:\Projekty\NUnitTestProject\bin\Debug\netcoreapp3.1\NUnitTestProject.dll" adapterTypeName="executor://nunit3testexecutor/" className="NUnitTestProject.CurrencyHelperTests" name="FormatToStringTest1000(5957.42161879941d,&quot;5957.42 zł&quot;)" />
    </UnitTest>
    <UnitTest name="FormatToStringTest1000(19363.881840787773d,&quot;19363.88 zł&quot;)" storage="c:\projekty\nunittestproject\bin\debug\netcoreapp3.1\nunittestproject.dll" id="c5316b43-7086-7b8f-266a-feedd9573c48">
      <Execution id="3e85a747-4418-4356-809d-30795fcc1fe8" />
      <TestMethod codeBase="C:\Projekty\NUnitTestProject\bin\Debug\netcoreapp3.1\NUnitTestProject.dll" adapterTypeName="executor://nunit3testexecutor/" className="NUnitTestProject.CurrencyHelperTests" name="FormatToStringTest1000(19363.881840787773d,&quot;19363.88 zł&quot;)" />
    </UnitTest>
    <UnitTest name="FormatToStringTest1000(1208.1827589441941d,&quot;1208.18 zł&quot;)" storage="c:\projekty\nunittestproject\bin\debug\netcoreapp3.1\nunittestproject.dll" id="726ca756-5ddd-cb5f-72a7-3e3a70b8c971">
      <Execution id="a17e57c4-d8af-42a4-b412-0446d5ab8f53" />
      <TestMethod codeBase="C:\Projekty\NUnitTestProject\bin\Debug\netcoreapp3.1\NUnitTestProject.dll" adapterTypeName="executor://nunit3testexecutor/" className="NUnitTestProject.CurrencyHelperTests" name="FormatToStringTest1000(1208.1827589441941d,&quot;1208.18 zł&quot;)" />
    </UnitTest>
    <UnitTest name="FormatToStringTest1000(14137.400697779563d,&quot;14137.40 zł&quot;)" storage="c:\projekty\nunittestproject\bin\debug\netcoreapp3.1\nunittestproject.dll" id="617c3175-15cb-3321-36a3-871fc366b75b">
      <Execution id="5fd8df40-89e2-4bfa-9e14-629f8ab8ac38" />
      <TestMethod codeBase="C:\Projekty\NUnitTestProject\bin\Debug\netcoreapp3.1\NUnitTestProject.dll" adapterTypeName="executor://nunit3testexecutor/" className="NUnitTestProject.CurrencyHelperTests" name="FormatToStringTest1000(14137.400697779563d,&quot;14137.40 zł&quot;)" />
    </UnitTest>
    <UnitTest name="FormatToStringTest1000(643.3550376181281d,&quot;643.36 zł&quot;)" storage="c:\projekty\nunittestproject\bin\debug\netcoreapp3.1\nunittestproject.dll" id="69564ef2-123d-d3db-baf6-6a27b0eb9c23">
      <Execution id="10e085ee-6930-4e15-8b09-a4eb6cd0ff48" />
      <TestMethod codeBase="C:\Projekty\NUnitTestProject\bin\Debug\netcoreapp3.1\NUnitTestProject.dll" adapterTypeName="executor://nunit3testexecutor/" className="NUnitTestProject.CurrencyHelperTests" name="FormatToStringTest1000(643.3550376181281d,&quot;643.36 zł&quot;)" />
    </UnitTest>
    <UnitTest name="FormatToStringTest1000(4919.073526169674d,&quot;4919.07 zł&quot;)" storage="c:\projekty\nunittestproject\bin\debug\netcoreapp3.1\nunittestproject.dll" id="c769eba8-ab90-c528-a852-a01f625e896b">
      <Execution id="d2d072e5-fc4e-4bdf-94d7-471126499d53" />
      <TestMethod codeBase="C:\Projekty\NUnitTestProject\bin\Debug\netcoreapp3.1\NUnitTestProject.dll" adapterTypeName="executor://nunit3testexecutor/" className="NUnitTestProject.CurrencyHelperTests" name="FormatToStringTest1000(4919.073526169674d,&quot;4919.07 zł&quot;)" />
    </UnitTest>
    <UnitTest name="FormatToStringTest1000(6429.44273095552d,&quot;6429.44 zł&quot;)" storage="c:\projekty\nunittestproject\bin\debug\netcoreapp3.1\nunittestproject.dll" id="96997772-f691-ce37-8af7-583f0500af76">
      <Execution id="a4795bfd-ce3f-4198-afe4-756fd72efd39" />
      <TestMethod codeBase="C:\Projekty\NUnitTestProject\bin\Debug\netcoreapp3.1\NUnitTestProject.dll" adapterTypeName="executor://nunit3testexecutor/" className="NUnitTestProject.CurrencyHelperTests" name="FormatToStringTest1000(6429.44273095552d,&quot;6429.44 zł&quot;)" />
    </UnitTest>
    <UnitTest name="FormatToStringTest1000(3270.482477338743d,&quot;3270.48 zł&quot;)" storage="c:\projekty\nunittestproject\bin\debug\netcoreapp3.1\nunittestproject.dll" id="20901353-a2d3-ecac-3452-4c8d3e93293d">
      <Execution id="58931310-c863-43cd-8063-fbb0068cd9d0" />
      <TestMethod codeBase="C:\Projekty\NUnitTestProject\bin\Debug\netcoreapp3.1\NUnitTestProject.dll" adapterTypeName="executor://nunit3testexecutor/" className="NUnitTestProject.CurrencyHelperTests" name="FormatToStringTest1000(3270.482477338743d,&quot;3270.48 zł&quot;)" />
    </UnitTest>
    <UnitTest name="FormatToStringTest1000(11796.576829059317d,&quot;11796.58 zł&quot;)" storage="c:\projekty\nunittestproject\bin\debug\netcoreapp3.1\nunittestproject.dll" id="803aabd0-814c-fa5a-ba0b-84820a2be95d">
      <Execution id="5e831d23-eda4-4999-ad70-87c608161481" />
      <TestMethod codeBase="C:\Projekty\NUnitTestProject\bin\Debug\netcoreapp3.1\NUnitTestProject.dll" adapterTypeName="executor://nunit3testexecutor/" className="NUnitTestProject.CurrencyHelperTests" name="FormatToStringTest1000(11796.576829059317d,&quot;11796.58 zł&quot;)" />
    </UnitTest>
    <UnitTest name="FormatToStringTest1000(78822.37212685234d,&quot;78822.37 zł&quot;)" storage="c:\projekty\nunittestproject\bin\debug\netcoreapp3.1\nunittestproject.dll" id="46c08f6b-08d4-7992-5df4-ed97e4b42fc1">
      <Execution id="28d1aa8c-edc1-4fe0-ac91-5accf416a40b" />
      <TestMethod codeBase="C:\Projekty\NUnitTestProject\bin\Debug\netcoreapp3.1\NUnitTestProject.dll" adapterTypeName="executor://nunit3testexecutor/" className="NUnitTestProject.CurrencyHelperTests" name="FormatToStringTest1000(78822.37212685234d,&quot;78822.37 zł&quot;)" />
    </UnitTest>
    <UnitTest name="FormatToStringTest1000(8013.1229931903645d,&quot;8013.12 zł&quot;)" storage="c:\projekty\nunittestproject\bin\debug\netcoreapp3.1\nunittestproject.dll" id="333aaef5-a204-ff89-a246-bb5035b09f90">
      <Execution id="a4b6e367-e0c2-47bc-ba43-574b154023c5" />
      <TestMethod codeBase="C:\Projekty\NUnitTestProject\bin\Debug\netcoreapp3.1\NUnitTestProject.dll" adapterTypeName="executor://nunit3testexecutor/" className="NUnitTestProject.CurrencyHelperTests" name="FormatToStringTest1000(8013.1229931903645d,&quot;8013.12 zł&quot;)" />
    </UnitTest>
    <UnitTest name="FormatToStringTest1000(15861.139287455073d,&quot;15861.14 zł&quot;)" storage="c:\projekty\nunittestproject\bin\debug\netcoreapp3.1\nunittestproject.dll" id="632ea7a5-ff19-c828-ab06-71f1c1ae0c57">
      <Execution id="8e489351-fece-4ca3-a293-4bb09bc029f5" />
      <TestMethod codeBase="C:\Projekty\NUnitTestProject\bin\Debug\netcoreapp3.1\NUnitTestProject.dll" adapterTypeName="executor://nunit3testexecutor/" className="NUnitTestProject.CurrencyHelperTests" name="FormatToStringTest1000(15861.139287455073d,&quot;15861.14 zł&quot;)" />
    </UnitTest>
    <UnitTest name="FormatToStringTest1000(16161.963229990548d,&quot;16161.96 zł&quot;)" storage="c:\projekty\nunittestproject\bin\debug\netcoreapp3.1\nunittestproject.dll" id="d2a2118e-f836-73de-010f-9e6a0f9038b3">
      <Execution id="d7ef1e75-2250-4958-940b-19dc557d50ac" />
      <TestMethod codeBase="C:\Projekty\NUnitTestProject\bin\Debug\netcoreapp3.1\NUnitTestProject.dll" adapterTypeName="executor://nunit3testexecutor/" className="NUnitTestProject.CurrencyHelperTests" name="FormatToStringTest1000(16161.963229990548d,&quot;16161.96 zł&quot;)" />
    </UnitTest>
    <UnitTest name="FormatToStringTest1000(87505.85936583664d,&quot;87505.86 zł&quot;)" storage="c:\projekty\nunittestproject\bin\debug\netcoreapp3.1\nunittestproject.dll" id="4662df59-28c1-5a49-3a88-d0d7d9c3969d">
      <Execution id="c043aa29-9298-434a-b9de-59bd601af79f" />
      <TestMethod codeBase="C:\Projekty\NUnitTestProject\bin\Debug\netcoreapp3.1\NUnitTestProject.dll" adapterTypeName="executor://nunit3testexecutor/" className="NUnitTestProject.CurrencyHelperTests" name="FormatToStringTest1000(87505.85936583664d,&quot;87505.86 zł&quot;)" />
    </UnitTest>
    <UnitTest name="FormatToStringTest1000(1687.5965557361937d,&quot;1687.60 zł&quot;)" storage="c:\projekty\nunittestproject\bin\debug\netcoreapp3.1\nunittestproject.dll" id="5196bde9-6c75-174a-8f79-d717861ecd56">
      <Execution id="62d60b66-0ca7-4cc3-9471-925124c57c26" />
      <TestMethod codeBase="C:\Projekty\NUnitTestProject\bin\Debug\netcoreapp3.1\NUnitTestProject.dll" adapterTypeName="executor://nunit3testexecutor/" className="NUnitTestProject.CurrencyHelperTests" name="FormatToStringTest1000(1687.5965557361937d,&quot;1687.60 zł&quot;)" />
    </UnitTest>
    <UnitTest name="FormatToStringTest1000(3907.8681317963024d,&quot;3907.87 zł&quot;)" storage="c:\projekty\nunittestproject\bin\debug\netcoreapp3.1\nunittestproject.dll" id="ef8e2842-4b56-3143-8747-c2adcd3e7a1d">
      <Execution id="07ac4d4b-b755-4f70-9e1e-9c6819fc996a" />
      <TestMethod codeBase="C:\Projekty\NUnitTestProject\bin\Debug\netcoreapp3.1\NUnitTestProject.dll" adapterTypeName="executor://nunit3testexecutor/" className="NUnitTestProject.CurrencyHelperTests" name="FormatToStringTest1000(3907.8681317963024d,&quot;3907.87 zł&quot;)" />
    </UnitTest>
    <UnitTest name="FormatToStringTest1000(2435.1995505835857d,&quot;2435.20 zł&quot;)" storage="c:\projekty\nunittestproject\bin\debug\netcoreapp3.1\nunittestproject.dll" id="ed9a5b1b-624c-3396-5757-abd8e668541b">
      <Execution id="6ea259d5-453c-4836-8297-fa1275d27e3f" />
      <TestMethod codeBase="C:\Projekty\NUnitTestProject\bin\Debug\netcoreapp3.1\NUnitTestProject.dll" adapterTypeName="executor://nunit3testexecutor/" className="NUnitTestProject.CurrencyHelperTests" name="FormatToStringTest1000(2435.1995505835857d,&quot;2435.20 zł&quot;)" />
    </UnitTest>
    <UnitTest name="FormatToStringTest1000(2975.6892256134606d,&quot;2975.69 zł&quot;)" storage="c:\projekty\nunittestproject\bin\debug\netcoreapp3.1\nunittestproject.dll" id="30678609-1c69-68ef-6a0d-4b6cf4e5979d">
      <Execution id="e86b2c61-c990-4c2e-b80d-c240222fbfd5" />
      <TestMethod codeBase="C:\Projekty\NUnitTestProject\bin\Debug\netcoreapp3.1\NUnitTestProject.dll" adapterTypeName="executor://nunit3testexecutor/" className="NUnitTestProject.CurrencyHelperTests" name="FormatToStringTest1000(2975.6892256134606d,&quot;2975.69 zł&quot;)" />
    </UnitTest>
    <UnitTest name="FormatToStringTest1000(486.15309567942893d,&quot;486.15 zł&quot;)" storage="c:\projekty\nunittestproject\bin\debug\netcoreapp3.1\nunittestproject.dll" id="fb0ce41f-cede-9ac7-f047-8c3573f30f7e">
      <Execution id="dc770a5e-cdb8-46f6-a021-239856e82049" />
      <TestMethod codeBase="C:\Projekty\NUnitTestProject\bin\Debug\netcoreapp3.1\NUnitTestProject.dll" adapterTypeName="executor://nunit3testexecutor/" className="NUnitTestProject.CurrencyHelperTests" name="FormatToStringTest1000(486.15309567942893d,&quot;486.15 zł&quot;)" />
    </UnitTest>
    <UnitTest name="FormatToStringTest1000(11175.438820935526d,&quot;11175.44 zł&quot;)" storage="c:\projekty\nunittestproject\bin\debug\netcoreapp3.1\nunittestproject.dll" id="5eb51ac6-bd9f-5d8a-8a44-d83118d83beb">
      <Execution id="20573c94-405a-488c-a550-721376d59cb2" />
      <TestMethod codeBase="C:\Projekty\NUnitTestProject\bin\Debug\netcoreapp3.1\NUnitTestProject.dll" adapterTypeName="executor://nunit3testexecutor/" className="NUnitTestProject.CurrencyHelperTests" name="FormatToStringTest1000(11175.438820935526d,&quot;11175.44 zł&quot;)" />
    </UnitTest>
    <UnitTest name="FormatToStringTest1000(3270.286035661719d,&quot;3270.29 zł&quot;)" storage="c:\projekty\nunittestproject\bin\debug\netcoreapp3.1\nunittestproject.dll" id="b5cd9d3c-6e7d-bae4-881c-4092ac2390ce">
      <Execution id="c71a0cce-019e-46bc-9276-0157d0d48254" />
      <TestMethod codeBase="C:\Projekty\NUnitTestProject\bin\Debug\netcoreapp3.1\NUnitTestProject.dll" adapterTypeName="executor://nunit3testexecutor/" className="NUnitTestProject.CurrencyHelperTests" name="FormatToStringTest1000(3270.286035661719d,&quot;3270.29 zł&quot;)" />
    </UnitTest>
    <UnitTest name="FormatToStringTest1000(5504.094303639184d,&quot;5504.09 zł&quot;)" storage="c:\projekty\nunittestproject\bin\debug\netcoreapp3.1\nunittestproject.dll" id="99a10c59-9aed-054b-9f26-15805af85148">
      <Execution id="efca3e5b-f7d0-43f9-a943-596704b5f427" />
      <TestMethod codeBase="C:\Projekty\NUnitTestProject\bin\Debug\netcoreapp3.1\NUnitTestProject.dll" adapterTypeName="executor://nunit3testexecutor/" className="NUnitTestProject.CurrencyHelperTests" name="FormatToStringTest1000(5504.094303639184d,&quot;5504.09 zł&quot;)" />
    </UnitTest>
    <UnitTest name="FormatToStringTest1000(20249.56614074277d,&quot;20249.57 zł&quot;)" storage="c:\projekty\nunittestproject\bin\debug\netcoreapp3.1\nunittestproject.dll" id="2553ac6b-8c4b-c989-c2b1-742cbb8f417e">
      <Execution id="a086a071-c92f-4705-88ed-217336388d12" />
      <TestMethod codeBase="C:\Projekty\NUnitTestProject\bin\Debug\netcoreapp3.1\NUnitTestProject.dll" adapterTypeName="executor://nunit3testexecutor/" className="NUnitTestProject.CurrencyHelperTests" name="FormatToStringTest1000(20249.56614074277d,&quot;20249.57 zł&quot;)" />
    </UnitTest>
    <UnitTest name="FormatToStringTest1000(36893.66238331593d,&quot;36893.66 zł&quot;)" storage="c:\projekty\nunittestproject\bin\debug\netcoreapp3.1\nunittestproject.dll" id="2035ba59-2ee2-badb-15b9-a8ffa8fcf57c">
      <Execution id="5ad49099-f671-4146-819c-4d9beb9aa5f0" />
      <TestMethod codeBase="C:\Projekty\NUnitTestProject\bin\Debug\netcoreapp3.1\NUnitTestProject.dll" adapterTypeName="executor://nunit3testexecutor/" className="NUnitTestProject.CurrencyHelperTests" name="FormatToStringTest1000(36893.66238331593d,&quot;36893.66 zł&quot;)" />
    </UnitTest>
    <UnitTest name="FormatToStringTest1000(30031.89550569323d,&quot;30031.90 zł&quot;)" storage="c:\projekty\nunittestproject\bin\debug\netcoreapp3.1\nunittestproject.dll" id="ff64b042-e70f-6e34-60aa-4c59131392ce">
      <Execution id="8461d01a-1ae3-41b3-b3b0-29075ca1d9a3" />
      <TestMethod codeBase="C:\Projekty\NUnitTestProject\bin\Debug\netcoreapp3.1\NUnitTestProject.dll" adapterTypeName="executor://nunit3testexecutor/" className="NUnitTestProject.CurrencyHelperTests" name="FormatToStringTest1000(30031.89550569323d,&quot;30031.90 zł&quot;)" />
    </UnitTest>
    <UnitTest name="FormatToStringTest1000(11989.099505855282d,&quot;11989.10 zł&quot;)" storage="c:\projekty\nunittestproject\bin\debug\netcoreapp3.1\nunittestproject.dll" id="837c6681-7a11-fda1-e2c1-66903c24de53">
      <Execution id="2bf5feea-22a7-4501-99e7-032d9e42e67c" />
      <TestMethod codeBase="C:\Projekty\NUnitTestProject\bin\Debug\netcoreapp3.1\NUnitTestProject.dll" adapterTypeName="executor://nunit3testexecutor/" className="NUnitTestProject.CurrencyHelperTests" name="FormatToStringTest1000(11989.099505855282d,&quot;11989.10 zł&quot;)" />
    </UnitTest>
    <UnitTest name="FormatToStringTest1000(27794.8671353957d,&quot;27794.87 zł&quot;)" storage="c:\projekty\nunittestproject\bin\debug\netcoreapp3.1\nunittestproject.dll" id="c1a27935-5451-ecaa-f0f8-7b140e2bc422">
      <Execution id="b8b214eb-80e6-43de-9e23-00fbb5d99487" />
      <TestMethod codeBase="C:\Projekty\NUnitTestProject\bin\Debug\netcoreapp3.1\NUnitTestProject.dll" adapterTypeName="executor://nunit3testexecutor/" className="NUnitTestProject.CurrencyHelperTests" name="FormatToStringTest1000(27794.8671353957d,&quot;27794.87 zł&quot;)" />
    </UnitTest>
    <UnitTest name="FormatToStringTest1000(28579.14698705503d,&quot;28579.15 zł&quot;)" storage="c:\projekty\nunittestproject\bin\debug\netcoreapp3.1\nunittestproject.dll" id="2fd4fb21-86aa-48b4-d55c-838ac3bda4eb">
      <Execution id="2b51716d-9b20-4e10-a8b0-01f4c77aff71" />
      <TestMethod codeBase="C:\Projekty\NUnitTestProject\bin\Debug\netcoreapp3.1\NUnitTestProject.dll" adapterTypeName="executor://nunit3testexecutor/" className="NUnitTestProject.CurrencyHelperTests" name="FormatToStringTest1000(28579.14698705503d,&quot;28579.15 zł&quot;)" />
    </UnitTest>
    <UnitTest name="FormatToStringTest1000(66764.31690498316d,&quot;66764.32 zł&quot;)" storage="c:\projekty\nunittestproject\bin\debug\netcoreapp3.1\nunittestproject.dll" id="ebfb6fa8-ee3c-3dd3-7dbb-2004376b7edb">
      <Execution id="fc79a16d-9d1d-467b-9cc6-49f6992751fc" />
      <TestMethod codeBase="C:\Projekty\NUnitTestProject\bin\Debug\netcoreapp3.1\NUnitTestProject.dll" adapterTypeName="executor://nunit3testexecutor/" className="NUnitTestProject.CurrencyHelperTests" name="FormatToStringTest1000(66764.31690498316d,&quot;66764.32 zł&quot;)" />
    </UnitTest>
    <UnitTest name="FormatToStringTest1000(48449.85582609189d,&quot;48449.86 zł&quot;)" storage="c:\projekty\nunittestproject\bin\debug\netcoreapp3.1\nunittestproject.dll" id="f4a21ccd-5b4f-d613-e7b9-440db30d38e4">
      <Execution id="cbba7341-10f6-47b6-90fc-1d225adfcc2b" />
      <TestMethod codeBase="C:\Projekty\NUnitTestProject\bin\Debug\netcoreapp3.1\NUnitTestProject.dll" adapterTypeName="executor://nunit3testexecutor/" className="NUnitTestProject.CurrencyHelperTests" name="FormatToStringTest1000(48449.85582609189d,&quot;48449.86 zł&quot;)" />
    </UnitTest>
    <UnitTest name="FormatToStringTest1000(7348.947429818543d,&quot;7348.95 zł&quot;)" storage="c:\projekty\nunittestproject\bin\debug\netcoreapp3.1\nunittestproject.dll" id="f995d454-4ebf-d775-1609-24b3016af07c">
      <Execution id="6c6e89cf-9ace-4fa7-b1af-ec7caaa8cd6f" />
      <TestMethod codeBase="C:\Projekty\NUnitTestProject\bin\Debug\netcoreapp3.1\NUnitTestProject.dll" adapterTypeName="executor://nunit3testexecutor/" className="NUnitTestProject.CurrencyHelperTests" name="FormatToStringTest1000(7348.947429818543d,&quot;7348.95 zł&quot;)" />
    </UnitTest>
    <UnitTest name="FormatToStringTest1000(6864.093052674129d,&quot;6864.09 zł&quot;)" storage="c:\projekty\nunittestproject\bin\debug\netcoreapp3.1\nunittestproject.dll" id="b700fa6d-df15-3228-9006-81a0fe0edb31">
      <Execution id="71817636-97b1-49b0-8c23-a0fa160b3996" />
      <TestMethod codeBase="C:\Projekty\NUnitTestProject\bin\Debug\netcoreapp3.1\NUnitTestProject.dll" adapterTypeName="executor://nunit3testexecutor/" className="NUnitTestProject.CurrencyHelperTests" name="FormatToStringTest1000(6864.093052674129d,&quot;6864.09 zł&quot;)" />
    </UnitTest>
    <UnitTest name="FormatToStringTest1000(55457.96873490278d,&quot;55457.97 zł&quot;)" storage="c:\projekty\nunittestproject\bin\debug\netcoreapp3.1\nunittestproject.dll" id="adedbc1e-8d02-07f8-2158-2d31b0c1df72">
      <Execution id="33c8f4bc-aed6-4e63-9fb6-434df3d93513" />
      <TestMethod codeBase="C:\Projekty\NUnitTestProject\bin\Debug\netcoreapp3.1\NUnitTestProject.dll" adapterTypeName="executor://nunit3testexecutor/" className="NUnitTestProject.CurrencyHelperTests" name="FormatToStringTest1000(55457.96873490278d,&quot;55457.97 zł&quot;)" />
    </UnitTest>
    <UnitTest name="FormatToStringTest1000(32732.81915128502d,&quot;32732.82 zł&quot;)" storage="c:\projekty\nunittestproject\bin\debug\netcoreapp3.1\nunittestproject.dll" id="72246d42-3df4-5454-c0c9-cf24737deb1a">
      <Execution id="d0e00265-1530-4e2f-a64b-c4103f36dfa1" />
      <TestMethod codeBase="C:\Projekty\NUnitTestProject\bin\Debug\netcoreapp3.1\NUnitTestProject.dll" adapterTypeName="executor://nunit3testexecutor/" className="NUnitTestProject.CurrencyHelperTests" name="FormatToStringTest1000(32732.81915128502d,&quot;32732.82 zł&quot;)" />
    </UnitTest>
    <UnitTest name="FormatToStringTest1000(38904.87092920806d,&quot;38904.87 zł&quot;)" storage="c:\projekty\nunittestproject\bin\debug\netcoreapp3.1\nunittestproject.dll" id="0cdea9b8-a5e3-2983-1ccb-d986de17659d">
      <Execution id="04626266-7e73-4c03-a64a-405419336946" />
      <TestMethod codeBase="C:\Projekty\NUnitTestProject\bin\Debug\netcoreapp3.1\NUnitTestProject.dll" adapterTypeName="executor://nunit3testexecutor/" className="NUnitTestProject.CurrencyHelperTests" name="FormatToStringTest1000(38904.87092920806d,&quot;38904.87 zł&quot;)" />
    </UnitTest>
    <UnitTest name="FormatToStringTest1000(38614.292320713066d,&quot;38614.29 zł&quot;)" storage="c:\projekty\nunittestproject\bin\debug\netcoreapp3.1\nunittestproject.dll" id="199abf60-5b5b-94b6-b04f-a3e4d911fd34">
      <Execution id="3c73d2b7-d05e-4767-accc-cdad6f836324" />
      <TestMethod codeBase="C:\Projekty\NUnitTestProject\bin\Debug\netcoreapp3.1\NUnitTestProject.dll" adapterTypeName="executor://nunit3testexecutor/" className="NUnitTestProject.CurrencyHelperTests" name="FormatToStringTest1000(38614.292320713066d,&quot;38614.29 zł&quot;)" />
    </UnitTest>
    <UnitTest name="FormatToStringTest1000(31340.79231238914d,&quot;31340.79 zł&quot;)" storage="c:\projekty\nunittestproject\bin\debug\netcoreapp3.1\nunittestproject.dll" id="513b5d8b-983e-b793-a988-3659c0ad4956">
      <Execution id="e0d3ff80-b842-4c00-ab6e-0c37274cec20" />
      <TestMethod codeBase="C:\Projekty\NUnitTestProject\bin\Debug\netcoreapp3.1\NUnitTestProject.dll" adapterTypeName="executor://nunit3testexecutor/" className="NUnitTestProject.CurrencyHelperTests" name="FormatToStringTest1000(31340.79231238914d,&quot;31340.79 zł&quot;)" />
    </UnitTest>
    <UnitTest name="FormatToStringTest1000(13453.429998117233d,&quot;13453.43 zł&quot;)" storage="c:\projekty\nunittestproject\bin\debug\netcoreapp3.1\nunittestproject.dll" id="a3a785ff-5f15-1809-0327-13b742192f57">
      <Execution id="dbb98eff-4988-416c-aef6-bf58552d09f1" />
      <TestMethod codeBase="C:\Projekty\NUnitTestProject\bin\Debug\netcoreapp3.1\NUnitTestProject.dll" adapterTypeName="executor://nunit3testexecutor/" className="NUnitTestProject.CurrencyHelperTests" name="FormatToStringTest1000(13453.429998117233d,&quot;13453.43 zł&quot;)" />
    </UnitTest>
    <UnitTest name="FormatToStringTest1000(21961.272673999552d,&quot;21961.27 zł&quot;)" storage="c:\projekty\nunittestproject\bin\debug\netcoreapp3.1\nunittestproject.dll" id="7265e4fd-f7ba-8572-e525-8b365c7360c6">
      <Execution id="530dbabe-b2cc-4841-82b2-936f72bfcada" />
      <TestMethod codeBase="C:\Projekty\NUnitTestProject\bin\Debug\netcoreapp3.1\NUnitTestProject.dll" adapterTypeName="executor://nunit3testexecutor/" className="NUnitTestProject.CurrencyHelperTests" name="FormatToStringTest1000(21961.272673999552d,&quot;21961.27 zł&quot;)" />
    </UnitTest>
    <UnitTest name="FormatToStringTest1000(27852.532163303127d,&quot;27852.53 zł&quot;)" storage="c:\projekty\nunittestproject\bin\debug\netcoreapp3.1\nunittestproject.dll" id="32711e52-56ae-2f9f-7aac-180402232486">
      <Execution id="430131bc-48c2-4a31-807f-08606b4eab6a" />
      <TestMethod codeBase="C:\Projekty\NUnitTestProject\bin\Debug\netcoreapp3.1\NUnitTestProject.dll" adapterTypeName="executor://nunit3testexecutor/" className="NUnitTestProject.CurrencyHelperTests" name="FormatToStringTest1000(27852.532163303127d,&quot;27852.53 zł&quot;)" />
    </UnitTest>
    <UnitTest name="FormatToStringTest1000(29845.02749849345d,&quot;29845.03 zł&quot;)" storage="c:\projekty\nunittestproject\bin\debug\netcoreapp3.1\nunittestproject.dll" id="ddcae2eb-b1a6-813a-a49c-5333a490205e">
      <Execution id="a0514db0-8e1c-465f-9b45-f1821104fb35" />
      <TestMethod codeBase="C:\Projekty\NUnitTestProject\bin\Debug\netcoreapp3.1\NUnitTestProject.dll" adapterTypeName="executor://nunit3testexecutor/" className="NUnitTestProject.CurrencyHelperTests" name="FormatToStringTest1000(29845.02749849345d,&quot;29845.03 zł&quot;)" />
    </UnitTest>
    <UnitTest name="FormatToStringTest1000(73151.83675918348d,&quot;73151.84 zł&quot;)" storage="c:\projekty\nunittestproject\bin\debug\netcoreapp3.1\nunittestproject.dll" id="3ec04580-c747-9bc8-6ea0-e87ec6ca04ad">
      <Execution id="eef91480-0571-4b42-8b77-4bd41d796e7b" />
      <TestMethod codeBase="C:\Projekty\NUnitTestProject\bin\Debug\netcoreapp3.1\NUnitTestProject.dll" adapterTypeName="executor://nunit3testexecutor/" className="NUnitTestProject.CurrencyHelperTests" name="FormatToStringTest1000(73151.83675918348d,&quot;73151.84 zł&quot;)" />
    </UnitTest>
    <UnitTest name="FormatToStringTest1000(6820.105136090938d,&quot;6820.11 zł&quot;)" storage="c:\projekty\nunittestproject\bin\debug\netcoreapp3.1\nunittestproject.dll" id="c799afbc-d101-a624-f73a-4e94981b0f2a">
      <Execution id="5bd4f927-8078-40df-ba0a-8cdfe71bc39a" />
      <TestMethod codeBase="C:\Projekty\NUnitTestProject\bin\Debug\netcoreapp3.1\NUnitTestProject.dll" adapterTypeName="executor://nunit3testexecutor/" className="NUnitTestProject.CurrencyHelperTests" name="FormatToStringTest1000(6820.105136090938d,&quot;6820.11 zł&quot;)" />
    </UnitTest>
    <UnitTest name="FormatToStringTest1000(52888.48934243642d,&quot;52888.49 zł&quot;)" storage="c:\projekty\nunittestproject\bin\debug\netcoreapp3.1\nunittestproject.dll" id="b8d38453-fb40-0cfb-4e20-39c788746328">
      <Execution id="0b5eae91-b016-4182-bc37-34da629c4dee" />
      <TestMethod codeBase="C:\Projekty\NUnitTestProject\bin\Debug\netcoreapp3.1\NUnitTestProject.dll" adapterTypeName="executor://nunit3testexecutor/" className="NUnitTestProject.CurrencyHelperTests" name="FormatToStringTest1000(52888.48934243642d,&quot;52888.49 zł&quot;)" />
    </UnitTest>
    <UnitTest name="FormatToStringTest1000(66541.05112730109d,&quot;66541.05 zł&quot;)" storage="c:\projekty\nunittestproject\bin\debug\netcoreapp3.1\nunittestproject.dll" id="a1148d07-bacb-7b60-5bda-bc014fb00c20">
      <Execution id="24603c1d-123a-41ee-a2a1-5b6bbf5e8c61" />
      <TestMethod codeBase="C:\Projekty\NUnitTestProject\bin\Debug\netcoreapp3.1\NUnitTestProject.dll" adapterTypeName="executor://nunit3testexecutor/" className="NUnitTestProject.CurrencyHelperTests" name="FormatToStringTest1000(66541.05112730109d,&quot;66541.05 zł&quot;)" />
    </UnitTest>
    <UnitTest name="FormatToStringTest1000(54275.73209373408d,&quot;54275.73 zł&quot;)" storage="c:\projekty\nunittestproject\bin\debug\netcoreapp3.1\nunittestproject.dll" id="4cc9a860-8c52-40a5-a7c1-0a80270c71a6">
      <Execution id="bc0c55b1-19e2-4ee3-855d-d8d88c6bf49d" />
      <TestMethod codeBase="C:\Projekty\NUnitTestProject\bin\Debug\netcoreapp3.1\NUnitTestProject.dll" adapterTypeName="executor://nunit3testexecutor/" className="NUnitTestProject.CurrencyHelperTests" name="FormatToStringTest1000(54275.73209373408d,&quot;54275.73 zł&quot;)" />
    </UnitTest>
    <UnitTest name="FormatToStringTest1000(28192.949128067565d,&quot;28192.95 zł&quot;)" storage="c:\projekty\nunittestproject\bin\debug\netcoreapp3.1\nunittestproject.dll" id="4b09d9c5-8012-6286-2d8c-2f6f560e7a3d">
      <Execution id="bce766d5-af13-4ae1-bd1b-b457c8724563" />
      <TestMethod codeBase="C:\Projekty\NUnitTestProject\bin\Debug\netcoreapp3.1\NUnitTestProject.dll" adapterTypeName="executor://nunit3testexecutor/" className="NUnitTestProject.CurrencyHelperTests" name="FormatToStringTest1000(28192.949128067565d,&quot;28192.95 zł&quot;)" />
    </UnitTest>
    <UnitTest name="FormatToStringTest1000(24570.65594858893d,&quot;24570.66 zł&quot;)" storage="c:\projekty\nunittestproject\bin\debug\netcoreapp3.1\nunittestproject.dll" id="a2988576-488b-e6d4-a498-af48b96efbdb">
      <Execution id="3ae0d80d-e025-4728-9a7b-4434480eec88" />
      <TestMethod codeBase="C:\Projekty\NUnitTestProject\bin\Debug\netcoreapp3.1\NUnitTestProject.dll" adapterTypeName="executor://nunit3testexecutor/" className="NUnitTestProject.CurrencyHelperTests" name="FormatToStringTest1000(24570.65594858893d,&quot;24570.66 zł&quot;)" />
    </UnitTest>
    <UnitTest name="FormatToStringTest1000(14218.204344010543d,&quot;14218.20 zł&quot;)" storage="c:\projekty\nunittestproject\bin\debug\netcoreapp3.1\nunittestproject.dll" id="6e94a57e-5259-7bdc-f138-c47a49ede1a1">
      <Execution id="ea57f83a-35a4-4e68-bd0a-4f239ed0cc60" />
      <TestMethod codeBase="C:\Projekty\NUnitTestProject\bin\Debug\netcoreapp3.1\NUnitTestProject.dll" adapterTypeName="executor://nunit3testexecutor/" className="NUnitTestProject.CurrencyHelperTests" name="FormatToStringTest1000(14218.204344010543d,&quot;14218.20 zł&quot;)" />
    </UnitTest>
    <UnitTest name="FormatToStringTest1000(35145.379208063416d,&quot;35145.38 zł&quot;)" storage="c:\projekty\nunittestproject\bin\debug\netcoreapp3.1\nunittestproject.dll" id="216fae5e-208d-f8b3-f0d1-bbf3d8af265f">
      <Execution id="cac391b5-0e20-47d2-a736-8eff7a699077" />
      <TestMethod codeBase="C:\Projekty\NUnitTestProject\bin\Debug\netcoreapp3.1\NUnitTestProject.dll" adapterTypeName="executor://nunit3testexecutor/" className="NUnitTestProject.CurrencyHelperTests" name="FormatToStringTest1000(35145.379208063416d,&quot;35145.38 zł&quot;)" />
    </UnitTest>
    <UnitTest name="FormatToStringTest1000(4636.500544966897d,&quot;4636.50 zł&quot;)" storage="c:\projekty\nunittestproject\bin\debug\netcoreapp3.1\nunittestproject.dll" id="3a61649c-91c3-4f1a-8a11-3480d7ff1651">
      <Execution id="baf27c27-9e67-4fc0-9197-b5b374f21f22" />
      <TestMethod codeBase="C:\Projekty\NUnitTestProject\bin\Debug\netcoreapp3.1\NUnitTestProject.dll" adapterTypeName="executor://nunit3testexecutor/" className="NUnitTestProject.CurrencyHelperTests" name="FormatToStringTest1000(4636.500544966897d,&quot;4636.50 zł&quot;)" />
    </UnitTest>
    <UnitTest name="FormatToStringTest1000(55782.67998761762d,&quot;55782.68 zł&quot;)" storage="c:\projekty\nunittestproject\bin\debug\netcoreapp3.1\nunittestproject.dll" id="255f4f6e-1bfc-cdd8-fb29-a1f4f034b89a">
      <Execution id="47fdb3eb-677a-41cc-8abc-d5538e62da2f" />
      <TestMethod codeBase="C:\Projekty\NUnitTestProject\bin\Debug\netcoreapp3.1\NUnitTestProject.dll" adapterTypeName="executor://nunit3testexecutor/" className="NUnitTestProject.CurrencyHelperTests" name="FormatToStringTest1000(55782.67998761762d,&quot;55782.68 zł&quot;)" />
    </UnitTest>
    <UnitTest name="FormatToStringTest1000(9897.705953436767d,&quot;9897.71 zł&quot;)" storage="c:\projekty\nunittestproject\bin\debug\netcoreapp3.1\nunittestproject.dll" id="db065917-a97a-fe61-77a4-bb6c5d5457d5">
      <Execution id="a79f7363-d61d-4461-8b4b-89002fd0e2dc" />
      <TestMethod codeBase="C:\Projekty\NUnitTestProject\bin\Debug\netcoreapp3.1\NUnitTestProject.dll" adapterTypeName="executor://nunit3testexecutor/" className="NUnitTestProject.CurrencyHelperTests" name="FormatToStringTest1000(9897.705953436767d,&quot;9897.71 zł&quot;)" />
    </UnitTest>
    <UnitTest name="FormatToStringTest1000(11157.981051815665d,&quot;11157.98 zł&quot;)" storage="c:\projekty\nunittestproject\bin\debug\netcoreapp3.1\nunittestproject.dll" id="b972bb3a-6c4e-4339-3ada-7c478c5f6ecf">
      <Execution id="304c34a6-5840-495b-bdd2-e4a39a6b9772" />
      <TestMethod codeBase="C:\Projekty\NUnitTestProject\bin\Debug\netcoreapp3.1\NUnitTestProject.dll" adapterTypeName="executor://nunit3testexecutor/" className="NUnitTestProject.CurrencyHelperTests" name="FormatToStringTest1000(11157.981051815665d,&quot;11157.98 zł&quot;)" />
    </UnitTest>
    <UnitTest name="FormatToStringTest1000(30071.004434484523d,&quot;30071.00 zł&quot;)" storage="c:\projekty\nunittestproject\bin\debug\netcoreapp3.1\nunittestproject.dll" id="afd0d33f-f4d8-2831-3613-5b41efd13c3b">
      <Execution id="37c65c30-c232-4e5c-8c62-4bd4c28cf7fc" />
      <TestMethod codeBase="C:\Projekty\NUnitTestProject\bin\Debug\netcoreapp3.1\NUnitTestProject.dll" adapterTypeName="executor://nunit3testexecutor/" className="NUnitTestProject.CurrencyHelperTests" name="FormatToStringTest1000(30071.004434484523d,&quot;30071.00 zł&quot;)" />
    </UnitTest>
    <UnitTest name="FormatToStringTest1000(6809.40195803037d,&quot;6809.40 zł&quot;)" storage="c:\projekty\nunittestproject\bin\debug\netcoreapp3.1\nunittestproject.dll" id="e88588cc-8ef9-e4ad-51dd-2a16e11570f5">
      <Execution id="ce41f460-5054-4ecb-b60c-14bfe2b5562a" />
      <TestMethod codeBase="C:\Projekty\NUnitTestProject\bin\Debug\netcoreapp3.1\NUnitTestProject.dll" adapterTypeName="executor://nunit3testexecutor/" className="NUnitTestProject.CurrencyHelperTests" name="FormatToStringTest1000(6809.40195803037d,&quot;6809.40 zł&quot;)" />
    </UnitTest>
    <UnitTest name="FormatToStringTest1000(45035.160883881224d,&quot;45035.16 zł&quot;)" storage="c:\projekty\nunittestproject\bin\debug\netcoreapp3.1\nunittestproject.dll" id="cf776b29-1018-5167-38d5-0aac7593edc5">
      <Execution id="95c5955f-21e8-4b1b-8037-8ca04d96b902" />
      <TestMethod codeBase="C:\Projekty\NUnitTestProject\bin\Debug\netcoreapp3.1\NUnitTestProject.dll" adapterTypeName="executor://nunit3testexecutor/" className="NUnitTestProject.CurrencyHelperTests" name="FormatToStringTest1000(45035.160883881224d,&quot;45035.16 zł&quot;)" />
    </UnitTest>
    <UnitTest name="FormatToStringTest1000(21221.884746198488d,&quot;21221.88 zł&quot;)" storage="c:\projekty\nunittestproject\bin\debug\netcoreapp3.1\nunittestproject.dll" id="78845691-c87f-d12e-20f9-3035745796be">
      <Execution id="e4ef3d8a-30ce-43e1-b3e3-e4cbbc001cea" />
      <TestMethod codeBase="C:\Projekty\NUnitTestProject\bin\Debug\netcoreapp3.1\NUnitTestProject.dll" adapterTypeName="executor://nunit3testexecutor/" className="NUnitTestProject.CurrencyHelperTests" name="FormatToStringTest1000(21221.884746198488d,&quot;21221.88 zł&quot;)" />
    </UnitTest>
    <UnitTest name="FormatToStringTest1000(28298.945361683585d,&quot;28298.95 zł&quot;)" storage="c:\projekty\nunittestproject\bin\debug\netcoreapp3.1\nunittestproject.dll" id="bb7e4fc8-2bb1-dbaf-8cdd-5d93ef915f61">
      <Execution id="39a328bc-98cd-4d02-bd89-e62fe98263af" />
      <TestMethod codeBase="C:\Projekty\NUnitTestProject\bin\Debug\netcoreapp3.1\NUnitTestProject.dll" adapterTypeName="executor://nunit3testexecutor/" className="NUnitTestProject.CurrencyHelperTests" name="FormatToStringTest1000(28298.945361683585d,&quot;28298.95 zł&quot;)" />
    </UnitTest>
    <UnitTest name="FormatToStringTest1000(19603.69286519321d,&quot;19603.69 zł&quot;)" storage="c:\projekty\nunittestproject\bin\debug\netcoreapp3.1\nunittestproject.dll" id="d80dabd7-8e57-8764-d48e-5c692bf0e881">
      <Execution id="1d55feb3-951c-4be3-b021-a35e38236a05" />
      <TestMethod codeBase="C:\Projekty\NUnitTestProject\bin\Debug\netcoreapp3.1\NUnitTestProject.dll" adapterTypeName="executor://nunit3testexecutor/" className="NUnitTestProject.CurrencyHelperTests" name="FormatToStringTest1000(19603.69286519321d,&quot;19603.69 zł&quot;)" />
    </UnitTest>
    <UnitTest name="FormatToStringTest1000(16957.4523676757d,&quot;16957.45 zł&quot;)" storage="c:\projekty\nunittestproject\bin\debug\netcoreapp3.1\nunittestproject.dll" id="6429e0d9-dcee-fed4-29f3-6b39686056fc">
      <Execution id="cbfe5f9c-7999-4611-970e-4d8ebda742d8" />
      <TestMethod codeBase="C:\Projekty\NUnitTestProject\bin\Debug\netcoreapp3.1\NUnitTestProject.dll" adapterTypeName="executor://nunit3testexecutor/" className="NUnitTestProject.CurrencyHelperTests" name="FormatToStringTest1000(16957.4523676757d,&quot;16957.45 zł&quot;)" />
    </UnitTest>
    <UnitTest name="FormatToStringTest1000(2963.24443391815d,&quot;2963.24 zł&quot;)" storage="c:\projekty\nunittestproject\bin\debug\netcoreapp3.1\nunittestproject.dll" id="a50649ef-585c-8158-fd90-9ac54f51f860">
      <Execution id="bcfb33c1-fd79-4ae6-95b4-6856eb31a22c" />
      <TestMethod codeBase="C:\Projekty\NUnitTestProject\bin\Debug\netcoreapp3.1\NUnitTestProject.dll" adapterTypeName="executor://nunit3testexecutor/" className="NUnitTestProject.CurrencyHelperTests" name="FormatToStringTest1000(2963.24443391815d,&quot;2963.24 zł&quot;)" />
    </UnitTest>
    <UnitTest name="FormatToStringTest1000(964.9678631783313d,&quot;964.97 zł&quot;)" storage="c:\projekty\nunittestproject\bin\debug\netcoreapp3.1\nunittestproject.dll" id="1640b6a1-03c2-f3db-49e3-38921c8dee24">
      <Execution id="24b7f8ad-fa54-467f-ac75-048aef20434a" />
      <TestMethod codeBase="C:\Projekty\NUnitTestProject\bin\Debug\netcoreapp3.1\NUnitTestProject.dll" adapterTypeName="executor://nunit3testexecutor/" className="NUnitTestProject.CurrencyHelperTests" name="FormatToStringTest1000(964.9678631783313d,&quot;964.97 zł&quot;)" />
    </UnitTest>
    <UnitTest name="FormatToStringTest1000(19609.759296997803d,&quot;19609.76 zł&quot;)" storage="c:\projekty\nunittestproject\bin\debug\netcoreapp3.1\nunittestproject.dll" id="eb2e7461-d939-c702-00f6-a6f4037fdc3f">
      <Execution id="6dc14be0-a3ba-43f7-8701-90b242212a1f" />
      <TestMethod codeBase="C:\Projekty\NUnitTestProject\bin\Debug\netcoreapp3.1\NUnitTestProject.dll" adapterTypeName="executor://nunit3testexecutor/" className="NUnitTestProject.CurrencyHelperTests" name="FormatToStringTest1000(19609.759296997803d,&quot;19609.76 zł&quot;)" />
    </UnitTest>
    <UnitTest name="FormatToStringTest1000(11494.27761332238d,&quot;11494.28 zł&quot;)" storage="c:\projekty\nunittestproject\bin\debug\netcoreapp3.1\nunittestproject.dll" id="7ae5fdac-2c37-dafa-ea81-102d467ed88a">
      <Execution id="44debdd4-1537-4174-8526-a2df565e0b8e" />
      <TestMethod codeBase="C:\Projekty\NUnitTestProject\bin\Debug\netcoreapp3.1\NUnitTestProject.dll" adapterTypeName="executor://nunit3testexecutor/" className="NUnitTestProject.CurrencyHelperTests" name="FormatToStringTest1000(11494.27761332238d,&quot;11494.28 zł&quot;)" />
    </UnitTest>
    <UnitTest name="FormatToStringTest1000(3649.9254912836127d,&quot;3649.93 zł&quot;)" storage="c:\projekty\nunittestproject\bin\debug\netcoreapp3.1\nunittestproject.dll" id="d8dcd89f-df1d-9e50-f8f8-844883603fea">
      <Execution id="2b41f1bf-1b9e-44a9-864b-6037440562ac" />
      <TestMethod codeBase="C:\Projekty\NUnitTestProject\bin\Debug\netcoreapp3.1\NUnitTestProject.dll" adapterTypeName="executor://nunit3testexecutor/" className="NUnitTestProject.CurrencyHelperTests" name="FormatToStringTest1000(3649.9254912836127d,&quot;3649.93 zł&quot;)" />
    </UnitTest>
    <UnitTest name="FormatToStringTest1000(38640.62766693003d,&quot;38640.63 zł&quot;)" storage="c:\projekty\nunittestproject\bin\debug\netcoreapp3.1\nunittestproject.dll" id="f574d6b5-d94c-508a-c127-7bce3d4f82e8">
      <Execution id="cc2d2b3d-e80d-4a16-b2bd-96c6f13a2d2d" />
      <TestMethod codeBase="C:\Projekty\NUnitTestProject\bin\Debug\netcoreapp3.1\NUnitTestProject.dll" adapterTypeName="executor://nunit3testexecutor/" className="NUnitTestProject.CurrencyHelperTests" name="FormatToStringTest1000(38640.62766693003d,&quot;38640.63 zł&quot;)" />
    </UnitTest>
    <UnitTest name="FormatToStringTest1000(10370.0107542784d,&quot;10370.01 zł&quot;)" storage="c:\projekty\nunittestproject\bin\debug\netcoreapp3.1\nunittestproject.dll" id="5217a55b-523e-bb6a-47cc-7fbf0bc01c96">
      <Execution id="4cfac928-d17b-4252-b1fa-d3f421b7d49f" />
      <TestMethod codeBase="C:\Projekty\NUnitTestProject\bin\Debug\netcoreapp3.1\NUnitTestProject.dll" adapterTypeName="executor://nunit3testexecutor/" className="NUnitTestProject.CurrencyHelperTests" name="FormatToStringTest1000(10370.0107542784d,&quot;10370.01 zł&quot;)" />
    </UnitTest>
    <UnitTest name="FormatToStringTest1000(29926.595417457444d,&quot;29926.60 zł&quot;)" storage="c:\projekty\nunittestproject\bin\debug\netcoreapp3.1\nunittestproject.dll" id="60e1884b-abd9-92c1-f58c-08f7b4b4de40">
      <Execution id="39f60d48-0590-4e0c-a4db-c7888c4b8f0b" />
      <TestMethod codeBase="C:\Projekty\NUnitTestProject\bin\Debug\netcoreapp3.1\NUnitTestProject.dll" adapterTypeName="executor://nunit3testexecutor/" className="NUnitTestProject.CurrencyHelperTests" name="FormatToStringTest1000(29926.595417457444d,&quot;29926.60 zł&quot;)" />
    </UnitTest>
    <UnitTest name="FormatToStringTest1000(50664.01951024869d,&quot;50664.02 zł&quot;)" storage="c:\projekty\nunittestproject\bin\debug\netcoreapp3.1\nunittestproject.dll" id="c57a980e-ffcc-5e16-6a31-18fd8b909caa">
      <Execution id="2831ec8e-4bea-4829-9555-7acc5f0ae8af" />
      <TestMethod codeBase="C:\Projekty\NUnitTestProject\bin\Debug\netcoreapp3.1\NUnitTestProject.dll" adapterTypeName="executor://nunit3testexecutor/" className="NUnitTestProject.CurrencyHelperTests" name="FormatToStringTest1000(50664.01951024869d,&quot;50664.02 zł&quot;)" />
    </UnitTest>
    <UnitTest name="FormatToStringTest1000(1751.1734380625066d,&quot;1751.17 zł&quot;)" storage="c:\projekty\nunittestproject\bin\debug\netcoreapp3.1\nunittestproject.dll" id="774aeb04-879b-a97c-c411-6c8ce34f4ab0">
      <Execution id="9baed2f7-3547-420a-8fa2-01214aba32e5" />
      <TestMethod codeBase="C:\Projekty\NUnitTestProject\bin\Debug\netcoreapp3.1\NUnitTestProject.dll" adapterTypeName="executor://nunit3testexecutor/" className="NUnitTestProject.CurrencyHelperTests" name="FormatToStringTest1000(1751.1734380625066d,&quot;1751.17 zł&quot;)" />
    </UnitTest>
    <UnitTest name="FormatToStringTest1000(17875.613377604455d,&quot;17875.61 zł&quot;)" storage="c:\projekty\nunittestproject\bin\debug\netcoreapp3.1\nunittestproject.dll" id="0f966d17-36c6-657f-5b98-8b83226f1489">
      <Execution id="dd5621f7-3f32-496d-bfe0-f5a9afd06cc9" />
      <TestMethod codeBase="C:\Projekty\NUnitTestProject\bin\Debug\netcoreapp3.1\NUnitTestProject.dll" adapterTypeName="executor://nunit3testexecutor/" className="NUnitTestProject.CurrencyHelperTests" name="FormatToStringTest1000(17875.613377604455d,&quot;17875.61 zł&quot;)" />
    </UnitTest>
    <UnitTest name="FormatToStringTest1000(28033.439084134738d,&quot;28033.44 zł&quot;)" storage="c:\projekty\nunittestproject\bin\debug\netcoreapp3.1\nunittestproject.dll" id="e77ca75b-19ba-059d-05cd-1ebb08034f74">
      <Execution id="91763ba2-9373-455d-9489-b7cac04bb907" />
      <TestMethod codeBase="C:\Projekty\NUnitTestProject\bin\Debug\netcoreapp3.1\NUnitTestProject.dll" adapterTypeName="executor://nunit3testexecutor/" className="NUnitTestProject.CurrencyHelperTests" name="FormatToStringTest1000(28033.439084134738d,&quot;28033.44 zł&quot;)" />
    </UnitTest>
    <UnitTest name="FormatToStringTest1000(50991.22189691114d,&quot;50991.22 zł&quot;)" storage="c:\projekty\nunittestproject\bin\debug\netcoreapp3.1\nunittestproject.dll" id="dfaddf73-e2fe-692a-95cb-e0210649fd35">
      <Execution id="c9dbbf97-0c6f-458d-a69d-6da9aeb4e3ef" />
      <TestMethod codeBase="C:\Projekty\NUnitTestProject\bin\Debug\netcoreapp3.1\NUnitTestProject.dll" adapterTypeName="executor://nunit3testexecutor/" className="NUnitTestProject.CurrencyHelperTests" name="FormatToStringTest1000(50991.22189691114d,&quot;50991.22 zł&quot;)" />
    </UnitTest>
    <UnitTest name="FormatToStringTest1000(43727.735558145556d,&quot;43727.74 zł&quot;)" storage="c:\projekty\nunittestproject\bin\debug\netcoreapp3.1\nunittestproject.dll" id="12383f93-d6c8-4041-5607-6e0714b305f6">
      <Execution id="03addec9-80ee-49a9-9e62-4a7a1d6792e5" />
      <TestMethod codeBase="C:\Projekty\NUnitTestProject\bin\Debug\netcoreapp3.1\NUnitTestProject.dll" adapterTypeName="executor://nunit3testexecutor/" className="NUnitTestProject.CurrencyHelperTests" name="FormatToStringTest1000(43727.735558145556d,&quot;43727.74 zł&quot;)" />
    </UnitTest>
    <UnitTest name="FormatToStringTest1000(9196.579612724754d,&quot;9196.58 zł&quot;)" storage="c:\projekty\nunittestproject\bin\debug\netcoreapp3.1\nunittestproject.dll" id="ba5b40c3-7100-1940-87d5-9af986ffebd2">
      <Execution id="31e0152d-c74c-4e10-bc86-c78d9c24f797" />
      <TestMethod codeBase="C:\Projekty\NUnitTestProject\bin\Debug\netcoreapp3.1\NUnitTestProject.dll" adapterTypeName="executor://nunit3testexecutor/" className="NUnitTestProject.CurrencyHelperTests" name="FormatToStringTest1000(9196.579612724754d,&quot;9196.58 zł&quot;)" />
    </UnitTest>
    <UnitTest name="FormatToStringTest1000(31163.834562352316d,&quot;31163.83 zł&quot;)" storage="c:\projekty\nunittestproject\bin\debug\netcoreapp3.1\nunittestproject.dll" id="53f90dbe-f7ad-b0e7-04ef-fba16a107a6f">
      <Execution id="3b57595a-0cc3-4362-ae76-b7da57e0cfcd" />
      <TestMethod codeBase="C:\Projekty\NUnitTestProject\bin\Debug\netcoreapp3.1\NUnitTestProject.dll" adapterTypeName="executor://nunit3testexecutor/" className="NUnitTestProject.CurrencyHelperTests" name="FormatToStringTest1000(31163.834562352316d,&quot;31163.83 zł&quot;)" />
    </UnitTest>
    <UnitTest name="FormatToStringTest1000(31799.68317462815d,&quot;31799.68 zł&quot;)" storage="c:\projekty\nunittestproject\bin\debug\netcoreapp3.1\nunittestproject.dll" id="ebee2a3c-e88d-7c65-2391-8d47991a3a48">
      <Execution id="652a71f0-84e7-4710-863d-0795b50f9ec4" />
      <TestMethod codeBase="C:\Projekty\NUnitTestProject\bin\Debug\netcoreapp3.1\NUnitTestProject.dll" adapterTypeName="executor://nunit3testexecutor/" className="NUnitTestProject.CurrencyHelperTests" name="FormatToStringTest1000(31799.68317462815d,&quot;31799.68 zł&quot;)" />
    </UnitTest>
    <UnitTest name="FormatToStringTest1000(9928.477822322622d,&quot;9928.48 zł&quot;)" storage="c:\projekty\nunittestproject\bin\debug\netcoreapp3.1\nunittestproject.dll" id="dafbe950-e143-41f5-1a50-ea362a5aa5d4">
      <Execution id="3fa70b22-9194-46d2-984d-5df0fee3fc2d" />
      <TestMethod codeBase="C:\Projekty\NUnitTestProject\bin\Debug\netcoreapp3.1\NUnitTestProject.dll" adapterTypeName="executor://nunit3testexecutor/" className="NUnitTestProject.CurrencyHelperTests" name="FormatToStringTest1000(9928.477822322622d,&quot;9928.48 zł&quot;)" />
    </UnitTest>
    <UnitTest name="FormatToStringTest1000(10914.360814625099d,&quot;10914.36 zł&quot;)" storage="c:\projekty\nunittestproject\bin\debug\netcoreapp3.1\nunittestproject.dll" id="28ae16d9-787d-277c-8346-a2bcbe4da144">
      <Execution id="2c5e1dbb-3c93-4021-bd57-6ebc05530af3" />
      <TestMethod codeBase="C:\Projekty\NUnitTestProject\bin\Debug\netcoreapp3.1\NUnitTestProject.dll" adapterTypeName="executor://nunit3testexecutor/" className="NUnitTestProject.CurrencyHelperTests" name="FormatToStringTest1000(10914.360814625099d,&quot;10914.36 zł&quot;)" />
    </UnitTest>
    <UnitTest name="FormatToStringTest1000(96.75594581512546d,&quot;96.76 zł&quot;)" storage="c:\projekty\nunittestproject\bin\debug\netcoreapp3.1\nunittestproject.dll" id="f557024d-69b9-3152-827e-4e57b8d0868d">
      <Execution id="5a4df7e2-66be-4ddf-b753-30983cdc2eca" />
      <TestMethod codeBase="C:\Projekty\NUnitTestProject\bin\Debug\netcoreapp3.1\NUnitTestProject.dll" adapterTypeName="executor://nunit3testexecutor/" className="NUnitTestProject.CurrencyHelperTests" name="FormatToStringTest1000(96.75594581512546d,&quot;96.76 zł&quot;)" />
    </UnitTest>
    <UnitTest name="FormatToStringTest1000(14475.498583194567d,&quot;14475.50 zł&quot;)" storage="c:\projekty\nunittestproject\bin\debug\netcoreapp3.1\nunittestproject.dll" id="cd871e9d-7935-e907-4a89-0e7db877a7c7">
      <Execution id="e593c3f0-6ecd-4530-b7a4-908507f8b12e" />
      <TestMethod codeBase="C:\Projekty\NUnitTestProject\bin\Debug\netcoreapp3.1\NUnitTestProject.dll" adapterTypeName="executor://nunit3testexecutor/" className="NUnitTestProject.CurrencyHelperTests" name="FormatToStringTest1000(14475.498583194567d,&quot;14475.50 zł&quot;)" />
    </UnitTest>
    <UnitTest name="FormatToStringTest1000(4105.490993980081d,&quot;4105.49 zł&quot;)" storage="c:\projekty\nunittestproject\bin\debug\netcoreapp3.1\nunittestproject.dll" id="c51581ef-f81a-dd7d-4cbf-75770d6a883f">
      <Execution id="b08b513d-2fd3-4821-9327-1cff5388f3c1" />
      <TestMethod codeBase="C:\Projekty\NUnitTestProject\bin\Debug\netcoreapp3.1\NUnitTestProject.dll" adapterTypeName="executor://nunit3testexecutor/" className="NUnitTestProject.CurrencyHelperTests" name="FormatToStringTest1000(4105.490993980081d,&quot;4105.49 zł&quot;)" />
    </UnitTest>
    <UnitTest name="FormatToStringTest1000(57671.67669738675d,&quot;57671.68 zł&quot;)" storage="c:\projekty\nunittestproject\bin\debug\netcoreapp3.1\nunittestproject.dll" id="04967881-3d44-4f25-5839-6dd3eae8bd89">
      <Execution id="e2a43552-ff7a-46b7-a800-9a099b6124cb" />
      <TestMethod codeBase="C:\Projekty\NUnitTestProject\bin\Debug\netcoreapp3.1\NUnitTestProject.dll" adapterTypeName="executor://nunit3testexecutor/" className="NUnitTestProject.CurrencyHelperTests" name="FormatToStringTest1000(57671.67669738675d,&quot;57671.68 zł&quot;)" />
    </UnitTest>
    <UnitTest name="FormatToStringTest1000(9624.06628225188d,&quot;9624.07 zł&quot;)" storage="c:\projekty\nunittestproject\bin\debug\netcoreapp3.1\nunittestproject.dll" id="31ed7871-edfd-2633-6788-723019e7f3e1">
      <Execution id="dd77ede7-7eed-4b72-8154-e7794deae6b7" />
      <TestMethod codeBase="C:\Projekty\NUnitTestProject\bin\Debug\netcoreapp3.1\NUnitTestProject.dll" adapterTypeName="executor://nunit3testexecutor/" className="NUnitTestProject.CurrencyHelperTests" name="FormatToStringTest1000(9624.06628225188d,&quot;9624.07 zł&quot;)" />
    </UnitTest>
    <UnitTest name="FormatToStringTest1000(18786.954468002055d,&quot;18786.95 zł&quot;)" storage="c:\projekty\nunittestproject\bin\debug\netcoreapp3.1\nunittestproject.dll" id="527d41f4-ee35-aeed-39d2-777e78659af8">
      <Execution id="e5da7635-5cb8-40a3-b138-d4c4a9353ff0" />
      <TestMethod codeBase="C:\Projekty\NUnitTestProject\bin\Debug\netcoreapp3.1\NUnitTestProject.dll" adapterTypeName="executor://nunit3testexecutor/" className="NUnitTestProject.CurrencyHelperTests" name="FormatToStringTest1000(18786.954468002055d,&quot;18786.95 zł&quot;)" />
    </UnitTest>
    <UnitTest name="FormatToStringTest1000(31300.40752580967d,&quot;31300.41 zł&quot;)" storage="c:\projekty\nunittestproject\bin\debug\netcoreapp3.1\nunittestproject.dll" id="03343bcc-4f24-4c8a-3ccc-51481d1ee303">
      <Execution id="4f50d0cb-240d-4f0c-b60c-2dde1cfee9f1" />
      <TestMethod codeBase="C:\Projekty\NUnitTestProject\bin\Debug\netcoreapp3.1\NUnitTestProject.dll" adapterTypeName="executor://nunit3testexecutor/" className="NUnitTestProject.CurrencyHelperTests" name="FormatToStringTest1000(31300.40752580967d,&quot;31300.41 zł&quot;)" />
    </UnitTest>
    <UnitTest name="FormatToStringTest1000(57181.240528605056d,&quot;57181.24 zł&quot;)" storage="c:\projekty\nunittestproject\bin\debug\netcoreapp3.1\nunittestproject.dll" id="20032a0f-2ee3-8893-1563-317bcc5ab61c">
      <Execution id="a80a76ce-bd19-4e7e-b2fa-fdb1b48a59fa" />
      <TestMethod codeBase="C:\Projekty\NUnitTestProject\bin\Debug\netcoreapp3.1\NUnitTestProject.dll" adapterTypeName="executor://nunit3testexecutor/" className="NUnitTestProject.CurrencyHelperTests" name="FormatToStringTest1000(57181.240528605056d,&quot;57181.24 zł&quot;)" />
    </UnitTest>
    <UnitTest name="FormatToStringTest1000(8499.121443388574d,&quot;8499.12 zł&quot;)" storage="c:\projekty\nunittestproject\bin\debug\netcoreapp3.1\nunittestproject.dll" id="114d6aa2-3c70-c374-d5cb-1675b6f9d5e6">
      <Execution id="0a1f81d4-7483-4b00-8c9a-1b5556d50cdd" />
      <TestMethod codeBase="C:\Projekty\NUnitTestProject\bin\Debug\netcoreapp3.1\NUnitTestProject.dll" adapterTypeName="executor://nunit3testexecutor/" className="NUnitTestProject.CurrencyHelperTests" name="FormatToStringTest1000(8499.121443388574d,&quot;8499.12 zł&quot;)" />
    </UnitTest>
    <UnitTest name="FormatToStringTest1000(27027.327683509946d,&quot;27027.33 zł&quot;)" storage="c:\projekty\nunittestproject\bin\debug\netcoreapp3.1\nunittestproject.dll" id="d3675fd4-77f8-268f-8735-9b5ad5bc915b">
      <Execution id="24c413a9-2f8c-42a4-81a0-366506026d88" />
      <TestMethod codeBase="C:\Projekty\NUnitTestProject\bin\Debug\netcoreapp3.1\NUnitTestProject.dll" adapterTypeName="executor://nunit3testexecutor/" className="NUnitTestProject.CurrencyHelperTests" name="FormatToStringTest1000(27027.327683509946d,&quot;27027.33 zł&quot;)" />
    </UnitTest>
    <UnitTest name="FormatToStringTest1000(11118.620997698335d,&quot;11118.62 zł&quot;)" storage="c:\projekty\nunittestproject\bin\debug\netcoreapp3.1\nunittestproject.dll" id="7875ceff-fafb-ef65-16f6-def9c021cbb8">
      <Execution id="ae751665-c6bb-4105-beef-16dd2d059350" />
      <TestMethod codeBase="C:\Projekty\NUnitTestProject\bin\Debug\netcoreapp3.1\NUnitTestProject.dll" adapterTypeName="executor://nunit3testexecutor/" className="NUnitTestProject.CurrencyHelperTests" name="FormatToStringTest1000(11118.620997698335d,&quot;11118.62 zł&quot;)" />
    </UnitTest>
    <UnitTest name="FormatToStringTest1000(95071.15957335343d,&quot;95071.16 zł&quot;)" storage="c:\projekty\nunittestproject\bin\debug\netcoreapp3.1\nunittestproject.dll" id="257cee71-ac96-77a9-908c-68bd8420739c">
      <Execution id="5d0a2f79-2add-442d-a73b-9938f3e87409" />
      <TestMethod codeBase="C:\Projekty\NUnitTestProject\bin\Debug\netcoreapp3.1\NUnitTestProject.dll" adapterTypeName="executor://nunit3testexecutor/" className="NUnitTestProject.CurrencyHelperTests" name="FormatToStringTest1000(95071.15957335343d,&quot;95071.16 zł&quot;)" />
    </UnitTest>
    <UnitTest name="FormatToStringTest1000(35905.47425787219d,&quot;35905.47 zł&quot;)" storage="c:\projekty\nunittestproject\bin\debug\netcoreapp3.1\nunittestproject.dll" id="5c165fdb-5b2a-6ca5-1c7a-4f504d003e95">
      <Execution id="d1710d7f-e8a7-436b-9d2b-0e7aa6606592" />
      <TestMethod codeBase="C:\Projekty\NUnitTestProject\bin\Debug\netcoreapp3.1\NUnitTestProject.dll" adapterTypeName="executor://nunit3testexecutor/" className="NUnitTestProject.CurrencyHelperTests" name="FormatToStringTest1000(35905.47425787219d,&quot;35905.47 zł&quot;)" />
    </UnitTest>
    <UnitTest name="FormatToStringTest1000(45603.90324273142d,&quot;45603.90 zł&quot;)" storage="c:\projekty\nunittestproject\bin\debug\netcoreapp3.1\nunittestproject.dll" id="c09eca31-2a58-b146-7d55-b556b7020c68">
      <Execution id="088abbc6-31d6-4b25-94bf-17e12f70e381" />
      <TestMethod codeBase="C:\Projekty\NUnitTestProject\bin\Debug\netcoreapp3.1\NUnitTestProject.dll" adapterTypeName="executor://nunit3testexecutor/" className="NUnitTestProject.CurrencyHelperTests" name="FormatToStringTest1000(45603.90324273142d,&quot;45603.90 zł&quot;)" />
    </UnitTest>
    <UnitTest name="FormatToStringTest1000(19392.945535027862d,&quot;19392.95 zł&quot;)" storage="c:\projekty\nunittestproject\bin\debug\netcoreapp3.1\nunittestproject.dll" id="610377d7-39b0-f1e5-075a-04c0ff0b06a2">
      <Execution id="679e5f5f-5b76-4e6c-80af-b07c074ab14e" />
      <TestMethod codeBase="C:\Projekty\NUnitTestProject\bin\Debug\netcoreapp3.1\NUnitTestProject.dll" adapterTypeName="executor://nunit3testexecutor/" className="NUnitTestProject.CurrencyHelperTests" name="FormatToStringTest1000(19392.945535027862d,&quot;19392.95 zł&quot;)" />
    </UnitTest>
    <UnitTest name="FormatToStringTest1000(27893.312729890138d,&quot;27893.31 zł&quot;)" storage="c:\projekty\nunittestproject\bin\debug\netcoreapp3.1\nunittestproject.dll" id="7490fb46-9b1e-86c6-a053-c9324b70ce91">
      <Execution id="78457ae4-5e2f-44e0-8b2d-907bf9bac2a1" />
      <TestMethod codeBase="C:\Projekty\NUnitTestProject\bin\Debug\netcoreapp3.1\NUnitTestProject.dll" adapterTypeName="executor://nunit3testexecutor/" className="NUnitTestProject.CurrencyHelperTests" name="FormatToStringTest1000(27893.312729890138d,&quot;27893.31 zł&quot;)" />
    </UnitTest>
    <UnitTest name="FormatToStringTest1000(13402.882692040355d,&quot;13402.88 zł&quot;)" storage="c:\projekty\nunittestproject\bin\debug\netcoreapp3.1\nunittestproject.dll" id="6320276e-3624-3a1c-7afd-537de60f89db">
      <Execution id="aadcccc8-3d8b-4d94-b6a3-4cb2c46eda33" />
      <TestMethod codeBase="C:\Projekty\NUnitTestProject\bin\Debug\netcoreapp3.1\NUnitTestProject.dll" adapterTypeName="executor://nunit3testexecutor/" className="NUnitTestProject.CurrencyHelperTests" name="FormatToStringTest1000(13402.882692040355d,&quot;13402.88 zł&quot;)" />
    </UnitTest>
    <UnitTest name="FormatToStringTest1000(8697.074631143862d,&quot;8697.07 zł&quot;)" storage="c:\projekty\nunittestproject\bin\debug\netcoreapp3.1\nunittestproject.dll" id="943e674e-9656-f2f6-06a7-f12c38d1347c">
      <Execution id="62380c90-f233-4667-a501-535d545b3b9a" />
      <TestMethod codeBase="C:\Projekty\NUnitTestProject\bin\Debug\netcoreapp3.1\NUnitTestProject.dll" adapterTypeName="executor://nunit3testexecutor/" className="NUnitTestProject.CurrencyHelperTests" name="FormatToStringTest1000(8697.074631143862d,&quot;8697.07 zł&quot;)" />
    </UnitTest>
    <UnitTest name="FormatToStringTest1000(26515.80237687929d,&quot;26515.80 zł&quot;)" storage="c:\projekty\nunittestproject\bin\debug\netcoreapp3.1\nunittestproject.dll" id="d97cfe1a-5414-3b7f-eeae-c71aa9b34634">
      <Execution id="7c4152ea-0507-45db-9db2-1c019c439661" />
      <TestMethod codeBase="C:\Projekty\NUnitTestProject\bin\Debug\netcoreapp3.1\NUnitTestProject.dll" adapterTypeName="executor://nunit3testexecutor/" className="NUnitTestProject.CurrencyHelperTests" name="FormatToStringTest1000(26515.80237687929d,&quot;26515.80 zł&quot;)" />
    </UnitTest>
    <UnitTest name="FormatToStringTest1000(9190.067404299076d,&quot;9190.07 zł&quot;)" storage="c:\projekty\nunittestproject\bin\debug\netcoreapp3.1\nunittestproject.dll" id="752c0495-686a-2709-5240-916b7eb02d3a">
      <Execution id="36f6fbf6-8ba6-4a97-9794-72020197ad25" />
      <TestMethod codeBase="C:\Projekty\NUnitTestProject\bin\Debug\netcoreapp3.1\NUnitTestProject.dll" adapterTypeName="executor://nunit3testexecutor/" className="NUnitTestProject.CurrencyHelperTests" name="FormatToStringTest1000(9190.067404299076d,&quot;9190.07 zł&quot;)" />
    </UnitTest>
    <UnitTest name="FormatToStringTest1000(2505.286326204094d,&quot;2505.29 zł&quot;)" storage="c:\projekty\nunittestproject\bin\debug\netcoreapp3.1\nunittestproject.dll" id="d24e4d75-af83-eba3-bdf8-ba8e65054856">
      <Execution id="988787c3-c6a3-4d94-856f-71c1b34029cc" />
      <TestMethod codeBase="C:\Projekty\NUnitTestProject\bin\Debug\netcoreapp3.1\NUnitTestProject.dll" adapterTypeName="executor://nunit3testexecutor/" className="NUnitTestProject.CurrencyHelperTests" name="FormatToStringTest1000(2505.286326204094d,&quot;2505.29 zł&quot;)" />
    </UnitTest>
    <UnitTest name="FormatToStringTest1000(21753.84773194969d,&quot;21753.85 zł&quot;)" storage="c:\projekty\nunittestproject\bin\debug\netcoreapp3.1\nunittestproject.dll" id="f7364d60-2df0-c5fc-137c-b9b46fcd6fe9">
      <Execution id="38af08ec-0b9d-43b8-ac83-8f359da71aba" />
      <TestMethod codeBase="C:\Projekty\NUnitTestProject\bin\Debug\netcoreapp3.1\NUnitTestProject.dll" adapterTypeName="executor://nunit3testexecutor/" className="NUnitTestProject.CurrencyHelperTests" name="FormatToStringTest1000(21753.84773194969d,&quot;21753.85 zł&quot;)" />
    </UnitTest>
    <UnitTest name="FormatToStringTest1000(22459.530444447664d,&quot;22459.53 zł&quot;)" storage="c:\projekty\nunittestproject\bin\debug\netcoreapp3.1\nunittestproject.dll" id="580ab2d5-6b28-ec61-9de4-466295a56551">
      <Execution id="7ea15097-32f8-4d18-9006-27aaeb2fd0e8" />
      <TestMethod codeBase="C:\Projekty\NUnitTestProject\bin\Debug\netcoreapp3.1\NUnitTestProject.dll" adapterTypeName="executor://nunit3testexecutor/" className="NUnitTestProject.CurrencyHelperTests" name="FormatToStringTest1000(22459.530444447664d,&quot;22459.53 zł&quot;)" />
    </UnitTest>
    <UnitTest name="FormatToStringTest1000(6946.333318357977d,&quot;6946.33 zł&quot;)" storage="c:\projekty\nunittestproject\bin\debug\netcoreapp3.1\nunittestproject.dll" id="d7f71e56-89f1-ca12-7436-85c71867f730">
      <Execution id="c1e5f1e1-7825-4758-b2cf-43c9d7a822fb" />
      <TestMethod codeBase="C:\Projekty\NUnitTestProject\bin\Debug\netcoreapp3.1\NUnitTestProject.dll" adapterTypeName="executor://nunit3testexecutor/" className="NUnitTestProject.CurrencyHelperTests" name="FormatToStringTest1000(6946.333318357977d,&quot;6946.33 zł&quot;)" />
    </UnitTest>
    <UnitTest name="FormatToStringTest1000(464.74397441965715d,&quot;464.74 zł&quot;)" storage="c:\projekty\nunittestproject\bin\debug\netcoreapp3.1\nunittestproject.dll" id="f0cd9acd-b821-1b3b-6a4a-691c6f1f639a">
      <Execution id="3cd4826a-f95c-4e73-b1e6-72d317ee1080" />
      <TestMethod codeBase="C:\Projekty\NUnitTestProject\bin\Debug\netcoreapp3.1\NUnitTestProject.dll" adapterTypeName="executor://nunit3testexecutor/" className="NUnitTestProject.CurrencyHelperTests" name="FormatToStringTest1000(464.74397441965715d,&quot;464.74 zł&quot;)" />
    </UnitTest>
    <UnitTest name="FormatToStringTest1000(4411.456718280659d,&quot;4411.46 zł&quot;)" storage="c:\projekty\nunittestproject\bin\debug\netcoreapp3.1\nunittestproject.dll" id="6fe47bce-1f86-6cf6-afbe-6725ac8bf44c">
      <Execution id="ce52b34f-041f-444d-8549-98dc3416ab48" />
      <TestMethod codeBase="C:\Projekty\NUnitTestProject\bin\Debug\netcoreapp3.1\NUnitTestProject.dll" adapterTypeName="executor://nunit3testexecutor/" className="NUnitTestProject.CurrencyHelperTests" name="FormatToStringTest1000(4411.456718280659d,&quot;4411.46 zł&quot;)" />
    </UnitTest>
    <UnitTest name="FormatToStringTest1000(726.8087564975995d,&quot;726.81 zł&quot;)" storage="c:\projekty\nunittestproject\bin\debug\netcoreapp3.1\nunittestproject.dll" id="df3985f6-a310-5cd4-8528-b305d96c9c87">
      <Execution id="26b61f7e-99ea-45f9-972b-57c1b22dc9fa" />
      <TestMethod codeBase="C:\Projekty\NUnitTestProject\bin\Debug\netcoreapp3.1\NUnitTestProject.dll" adapterTypeName="executor://nunit3testexecutor/" className="NUnitTestProject.CurrencyHelperTests" name="FormatToStringTest1000(726.8087564975995d,&quot;726.81 zł&quot;)" />
    </UnitTest>
    <UnitTest name="FormatToStringTest1000(14920.620598662934d,&quot;14920.62 zł&quot;)" storage="c:\projekty\nunittestproject\bin\debug\netcoreapp3.1\nunittestproject.dll" id="c989053d-c573-450d-6001-a75cbe93e089">
      <Execution id="ffed8235-8535-4b30-ba6e-c0aee9703842" />
      <TestMethod codeBase="C:\Projekty\NUnitTestProject\bin\Debug\netcoreapp3.1\NUnitTestProject.dll" adapterTypeName="executor://nunit3testexecutor/" className="NUnitTestProject.CurrencyHelperTests" name="FormatToStringTest1000(14920.620598662934d,&quot;14920.62 zł&quot;)" />
    </UnitTest>
    <UnitTest name="FormatToStringTest1000(23789.556920184546d,&quot;23789.56 zł&quot;)" storage="c:\projekty\nunittestproject\bin\debug\netcoreapp3.1\nunittestproject.dll" id="b58070c8-bc7f-712e-31bb-2a11be9cfc18">
      <Execution id="bab8ebc0-342b-4e90-b29a-5ce7e3748722" />
      <TestMethod codeBase="C:\Projekty\NUnitTestProject\bin\Debug\netcoreapp3.1\NUnitTestProject.dll" adapterTypeName="executor://nunit3testexecutor/" className="NUnitTestProject.CurrencyHelperTests" name="FormatToStringTest1000(23789.556920184546d,&quot;23789.56 zł&quot;)" />
    </UnitTest>
    <UnitTest name="FormatToStringTest1000(85407.13428016152d,&quot;85407.13 zł&quot;)" storage="c:\projekty\nunittestproject\bin\debug\netcoreapp3.1\nunittestproject.dll" id="37376bb5-e384-3c51-d1d8-3ba613fa9182">
      <Execution id="39d38e73-0731-429e-9119-f2e847645072" />
      <TestMethod codeBase="C:\Projekty\NUnitTestProject\bin\Debug\netcoreapp3.1\NUnitTestProject.dll" adapterTypeName="executor://nunit3testexecutor/" className="NUnitTestProject.CurrencyHelperTests" name="FormatToStringTest1000(85407.13428016152d,&quot;85407.13 zł&quot;)" />
    </UnitTest>
    <UnitTest name="FormatToStringTest1000(68174.53068551492d,&quot;68174.53 zł&quot;)" storage="c:\projekty\nunittestproject\bin\debug\netcoreapp3.1\nunittestproject.dll" id="ea848b43-279a-f1bb-ab29-b5a8e2e2c8af">
      <Execution id="72706264-94c5-4362-9a35-96441b19ccc5" />
      <TestMethod codeBase="C:\Projekty\NUnitTestProject\bin\Debug\netcoreapp3.1\NUnitTestProject.dll" adapterTypeName="executor://nunit3testexecutor/" className="NUnitTestProject.CurrencyHelperTests" name="FormatToStringTest1000(68174.53068551492d,&quot;68174.53 zł&quot;)" />
    </UnitTest>
    <UnitTest name="FormatToStringTest1000(1614.2516601789982d,&quot;1614.25 zł&quot;)" storage="c:\projekty\nunittestproject\bin\debug\netcoreapp3.1\nunittestproject.dll" id="e0a6ca51-6257-18e2-3ed9-4bb78f34d6d7">
      <Execution id="8e75a6a2-5b03-41f6-bc9c-50f93a044ad5" />
      <TestMethod codeBase="C:\Projekty\NUnitTestProject\bin\Debug\netcoreapp3.1\NUnitTestProject.dll" adapterTypeName="executor://nunit3testexecutor/" className="NUnitTestProject.CurrencyHelperTests" name="FormatToStringTest1000(1614.2516601789982d,&quot;1614.25 zł&quot;)" />
    </UnitTest>
    <UnitTest name="FormatToStringTest1000(50550.645020282194d,&quot;50550.65 zł&quot;)" storage="c:\projekty\nunittestproject\bin\debug\netcoreapp3.1\nunittestproject.dll" id="c6bf636f-3c18-b5d6-1346-58450e782d22">
      <Execution id="6866eb5d-7335-4ea6-9a63-87e3c9460226" />
      <TestMethod codeBase="C:\Projekty\NUnitTestProject\bin\Debug\netcoreapp3.1\NUnitTestProject.dll" adapterTypeName="executor://nunit3testexecutor/" className="NUnitTestProject.CurrencyHelperTests" name="FormatToStringTest1000(50550.645020282194d,&quot;50550.65 zł&quot;)" />
    </UnitTest>
    <UnitTest name="FormatToStringTest1000(40913.016669489916d,&quot;40913.02 zł&quot;)" storage="c:\projekty\nunittestproject\bin\debug\netcoreapp3.1\nunittestproject.dll" id="faf63bba-5452-3836-a95e-2474023d45ad">
      <Execution id="3eca10fb-9024-45ad-9484-62cb54767ea2" />
      <TestMethod codeBase="C:\Projekty\NUnitTestProject\bin\Debug\netcoreapp3.1\NUnitTestProject.dll" adapterTypeName="executor://nunit3testexecutor/" className="NUnitTestProject.CurrencyHelperTests" name="FormatToStringTest1000(40913.016669489916d,&quot;40913.02 zł&quot;)" />
    </UnitTest>
    <UnitTest name="FormatToStringTest1000(15414.175096961751d,&quot;15414.18 zł&quot;)" storage="c:\projekty\nunittestproject\bin\debug\netcoreapp3.1\nunittestproject.dll" id="43e0f701-5f55-5e32-84f3-972dc14c0c0b">
      <Execution id="9de1d37f-d911-4a09-bf37-3b020dd62ab2" />
      <TestMethod codeBase="C:\Projekty\NUnitTestProject\bin\Debug\netcoreapp3.1\NUnitTestProject.dll" adapterTypeName="executor://nunit3testexecutor/" className="NUnitTestProject.CurrencyHelperTests" name="FormatToStringTest1000(15414.175096961751d,&quot;15414.18 zł&quot;)" />
    </UnitTest>
    <UnitTest name="FormatToStringTest1000(3274.481392617096d,&quot;3274.48 zł&quot;)" storage="c:\projekty\nunittestproject\bin\debug\netcoreapp3.1\nunittestproject.dll" id="e84b36e7-4f40-fa31-8ed6-b8aea0f7b95d">
      <Execution id="c6da357c-8a63-4abb-aa88-9783786aa420" />
      <TestMethod codeBase="C:\Projekty\NUnitTestProject\bin\Debug\netcoreapp3.1\NUnitTestProject.dll" adapterTypeName="executor://nunit3testexecutor/" className="NUnitTestProject.CurrencyHelperTests" name="FormatToStringTest1000(3274.481392617096d,&quot;3274.48 zł&quot;)" />
    </UnitTest>
    <UnitTest name="FormatToStringTest1000(20244.692955315437d,&quot;20244.69 zł&quot;)" storage="c:\projekty\nunittestproject\bin\debug\netcoreapp3.1\nunittestproject.dll" id="c813b080-ad5f-d9e2-c675-1e1394f00010">
      <Execution id="7ea300bf-460a-40db-ba6a-7169e148788a" />
      <TestMethod codeBase="C:\Projekty\NUnitTestProject\bin\Debug\netcoreapp3.1\NUnitTestProject.dll" adapterTypeName="executor://nunit3testexecutor/" className="NUnitTestProject.CurrencyHelperTests" name="FormatToStringTest1000(20244.692955315437d,&quot;20244.69 zł&quot;)" />
    </UnitTest>
    <UnitTest name="FormatToStringTest1000(30385.72086375613d,&quot;30385.72 zł&quot;)" storage="c:\projekty\nunittestproject\bin\debug\netcoreapp3.1\nunittestproject.dll" id="ba3d44ab-713b-26da-eeee-600e16cfe130">
      <Execution id="7a1b20b5-6fe0-4c7c-bc84-2c948e94e874" />
      <TestMethod codeBase="C:\Projekty\NUnitTestProject\bin\Debug\netcoreapp3.1\NUnitTestProject.dll" adapterTypeName="executor://nunit3testexecutor/" className="NUnitTestProject.CurrencyHelperTests" name="FormatToStringTest1000(30385.72086375613d,&quot;30385.72 zł&quot;)" />
    </UnitTest>
    <UnitTest name="FormatToStringTest1000(49256.47455728635d,&quot;49256.47 zł&quot;)" storage="c:\projekty\nunittestproject\bin\debug\netcoreapp3.1\nunittestproject.dll" id="8184eede-89c1-758f-6b98-b1536f1bc7e0">
      <Execution id="e71e101d-cae1-4c8b-8643-315900742996" />
      <TestMethod codeBase="C:\Projekty\NUnitTestProject\bin\Debug\netcoreapp3.1\NUnitTestProject.dll" adapterTypeName="executor://nunit3testexecutor/" className="NUnitTestProject.CurrencyHelperTests" name="FormatToStringTest1000(49256.47455728635d,&quot;49256.47 zł&quot;)" />
    </UnitTest>
    <UnitTest name="FormatToStringTest1000(18032.4720825476d,&quot;18032.47 zł&quot;)" storage="c:\projekty\nunittestproject\bin\debug\netcoreapp3.1\nunittestproject.dll" id="99b9ef43-ae03-d550-aafb-7b6a0ec7c1ee">
      <Execution id="e9c681bc-90e6-4e97-a20d-64569721cbc0" />
      <TestMethod codeBase="C:\Projekty\NUnitTestProject\bin\Debug\netcoreapp3.1\NUnitTestProject.dll" adapterTypeName="executor://nunit3testexecutor/" className="NUnitTestProject.CurrencyHelperTests" name="FormatToStringTest1000(18032.4720825476d,&quot;18032.47 zł&quot;)" />
    </UnitTest>
    <UnitTest name="FormatToStringTest1000(27629.79121039193d,&quot;27629.79 zł&quot;)" storage="c:\projekty\nunittestproject\bin\debug\netcoreapp3.1\nunittestproject.dll" id="a6621eb8-15a7-fc8e-d862-31d4f5bc69d0">
      <Execution id="0c416232-7ab5-42a5-b60a-f70ed8224928" />
      <TestMethod codeBase="C:\Projekty\NUnitTestProject\bin\Debug\netcoreapp3.1\NUnitTestProject.dll" adapterTypeName="executor://nunit3testexecutor/" className="NUnitTestProject.CurrencyHelperTests" name="FormatToStringTest1000(27629.79121039193d,&quot;27629.79 zł&quot;)" />
    </UnitTest>
    <UnitTest name="FormatToStringTest1000(7726.0074454499445d,&quot;7726.01 zł&quot;)" storage="c:\projekty\nunittestproject\bin\debug\netcoreapp3.1\nunittestproject.dll" id="20eba454-047b-5e64-79ba-74e9397a20a4">
      <Execution id="76e17f8d-799b-4a74-b9a4-c5be68d4295a" />
      <TestMethod codeBase="C:\Projekty\NUnitTestProject\bin\Debug\netcoreapp3.1\NUnitTestProject.dll" adapterTypeName="executor://nunit3testexecutor/" className="NUnitTestProject.CurrencyHelperTests" name="FormatToStringTest1000(7726.0074454499445d,&quot;7726.01 zł&quot;)" />
    </UnitTest>
    <UnitTest name="FormatToStringTest1000(26529.10838037036d,&quot;26529.11 zł&quot;)" storage="c:\projekty\nunittestproject\bin\debug\netcoreapp3.1\nunittestproject.dll" id="193f831d-c7c9-ac41-bc1b-9798c85535ca">
      <Execution id="f1bcf1c3-990d-4780-985b-ce7c76462249" />
      <TestMethod codeBase="C:\Projekty\NUnitTestProject\bin\Debug\netcoreapp3.1\NUnitTestProject.dll" adapterTypeName="executor://nunit3testexecutor/" className="NUnitTestProject.CurrencyHelperTests" name="FormatToStringTest1000(26529.10838037036d,&quot;26529.11 zł&quot;)" />
    </UnitTest>
    <UnitTest name="FormatToStringTest1000(19208.676036795914d,&quot;19208.68 zł&quot;)" storage="c:\projekty\nunittestproject\bin\debug\netcoreapp3.1\nunittestproject.dll" id="0bcee855-d67d-6b06-b494-da6df454ba12">
      <Execution id="2bd5176a-978e-4e28-8352-674504799186" />
      <TestMethod codeBase="C:\Projekty\NUnitTestProject\bin\Debug\netcoreapp3.1\NUnitTestProject.dll" adapterTypeName="executor://nunit3testexecutor/" className="NUnitTestProject.CurrencyHelperTests" name="FormatToStringTest1000(19208.676036795914d,&quot;19208.68 zł&quot;)" />
    </UnitTest>
    <UnitTest name="FormatToStringTest1000(41368.29672956015d,&quot;41368.30 zł&quot;)" storage="c:\projekty\nunittestproject\bin\debug\netcoreapp3.1\nunittestproject.dll" id="0ffbfc26-0b88-0610-8454-a3e10982707b">
      <Execution id="da0b6b5c-8721-4ae1-a7cf-67849e63e14e" />
      <TestMethod codeBase="C:\Projekty\NUnitTestProject\bin\Debug\netcoreapp3.1\NUnitTestProject.dll" adapterTypeName="executor://nunit3testexecutor/" className="NUnitTestProject.CurrencyHelperTests" name="FormatToStringTest1000(41368.29672956015d,&quot;41368.30 zł&quot;)" />
    </UnitTest>
    <UnitTest name="FormatToStringTest1000(47672.66266041652d,&quot;47672.66 zł&quot;)" storage="c:\projekty\nunittestproject\bin\debug\netcoreapp3.1\nunittestproject.dll" id="90524d2a-adb4-bd7e-769a-526d502faf2e">
      <Execution id="3df8d5bb-825b-4da2-b870-b3a9fc469427" />
      <TestMethod codeBase="C:\Projekty\NUnitTestProject\bin\Debug\netcoreapp3.1\NUnitTestProject.dll" adapterTypeName="executor://nunit3testexecutor/" className="NUnitTestProject.CurrencyHelperTests" name="FormatToStringTest1000(47672.66266041652d,&quot;47672.66 zł&quot;)" />
    </UnitTest>
    <UnitTest name="FormatToStringTest1000(2121.0917325211185d,&quot;2121.09 zł&quot;)" storage="c:\projekty\nunittestproject\bin\debug\netcoreapp3.1\nunittestproject.dll" id="f0585ec3-ae76-b5af-6830-899496ff1fd9">
      <Execution id="5e66cd67-2052-4a4b-967b-4afe3cb2ee52" />
      <TestMethod codeBase="C:\Projekty\NUnitTestProject\bin\Debug\netcoreapp3.1\NUnitTestProject.dll" adapterTypeName="executor://nunit3testexecutor/" className="NUnitTestProject.CurrencyHelperTests" name="FormatToStringTest1000(2121.0917325211185d,&quot;2121.09 zł&quot;)" />
    </UnitTest>
    <UnitTest name="FormatToStringTest1000(31347.468987404587d,&quot;31347.47 zł&quot;)" storage="c:\projekty\nunittestproject\bin\debug\netcoreapp3.1\nunittestproject.dll" id="9cef29cf-98fb-f211-5054-ae4d42774e1f">
      <Execution id="6ffba1d7-be7f-44d0-8cec-e09e46414c0b" />
      <TestMethod codeBase="C:\Projekty\NUnitTestProject\bin\Debug\netcoreapp3.1\NUnitTestProject.dll" adapterTypeName="executor://nunit3testexecutor/" className="NUnitTestProject.CurrencyHelperTests" name="FormatToStringTest1000(31347.468987404587d,&quot;31347.47 zł&quot;)" />
    </UnitTest>
    <UnitTest name="FormatToStringTest1000(1676.7913981754293d,&quot;1676.79 zł&quot;)" storage="c:\projekty\nunittestproject\bin\debug\netcoreapp3.1\nunittestproject.dll" id="0ebe3939-f18c-dec0-703f-01349ca5c1ad">
      <Execution id="648640b5-0aad-4abb-8152-fce337198050" />
      <TestMethod codeBase="C:\Projekty\NUnitTestProject\bin\Debug\netcoreapp3.1\NUnitTestProject.dll" adapterTypeName="executor://nunit3testexecutor/" className="NUnitTestProject.CurrencyHelperTests" name="FormatToStringTest1000(1676.7913981754293d,&quot;1676.79 zł&quot;)" />
    </UnitTest>
    <UnitTest name="FormatToStringTest1000(31971.185406704986d,&quot;31971.19 zł&quot;)" storage="c:\projekty\nunittestproject\bin\debug\netcoreapp3.1\nunittestproject.dll" id="a32b1b99-bbfe-b0ef-93c7-d7c83b53becf">
      <Execution id="0153866a-ed99-4433-8fc2-5364a7dd6153" />
      <TestMethod codeBase="C:\Projekty\NUnitTestProject\bin\Debug\netcoreapp3.1\NUnitTestProject.dll" adapterTypeName="executor://nunit3testexecutor/" className="NUnitTestProject.CurrencyHelperTests" name="FormatToStringTest1000(31971.185406704986d,&quot;31971.19 zł&quot;)" />
    </UnitTest>
    <UnitTest name="FormatToStringTest1000(867.5236648356187d,&quot;867.52 zł&quot;)" storage="c:\projekty\nunittestproject\bin\debug\netcoreapp3.1\nunittestproject.dll" id="8d6414e5-4d2d-73e7-c36d-d9cbbb203e5f">
      <Execution id="54d3f5fd-33b5-4225-aa42-4ac16132a467" />
      <TestMethod codeBase="C:\Projekty\NUnitTestProject\bin\Debug\netcoreapp3.1\NUnitTestProject.dll" adapterTypeName="executor://nunit3testexecutor/" className="NUnitTestProject.CurrencyHelperTests" name="FormatToStringTest1000(867.5236648356187d,&quot;867.52 zł&quot;)" />
    </UnitTest>
    <UnitTest name="FormatToStringTest1000(16597.22844427788d,&quot;16597.23 zł&quot;)" storage="c:\projekty\nunittestproject\bin\debug\netcoreapp3.1\nunittestproject.dll" id="12c8d806-dc76-730d-d276-1d289133c533">
      <Execution id="77bdb69f-9d9c-4e4c-bce8-af86b6319d03" />
      <TestMethod codeBase="C:\Projekty\NUnitTestProject\bin\Debug\netcoreapp3.1\NUnitTestProject.dll" adapterTypeName="executor://nunit3testexecutor/" className="NUnitTestProject.CurrencyHelperTests" name="FormatToStringTest1000(16597.22844427788d,&quot;16597.23 zł&quot;)" />
    </UnitTest>
    <UnitTest name="FormatToStringTest1000(7715.904444139406d,&quot;7715.90 zł&quot;)" storage="c:\projekty\nunittestproject\bin\debug\netcoreapp3.1\nunittestproject.dll" id="3436028f-e5c2-d0e3-5f92-c1e23c8a73cc">
      <Execution id="428793b6-06fa-4165-886b-e80b408a2bae" />
      <TestMethod codeBase="C:\Projekty\NUnitTestProject\bin\Debug\netcoreapp3.1\NUnitTestProject.dll" adapterTypeName="executor://nunit3testexecutor/" className="NUnitTestProject.CurrencyHelperTests" name="FormatToStringTest1000(7715.904444139406d,&quot;7715.90 zł&quot;)" />
    </UnitTest>
    <UnitTest name="FormatToStringTest1000(3700.029953029021d,&quot;3700.03 zł&quot;)" storage="c:\projekty\nunittestproject\bin\debug\netcoreapp3.1\nunittestproject.dll" id="5da451a5-54a7-b58b-ab8b-8b1b8384fd01">
      <Execution id="b3029aa5-8b60-44ab-8030-acd1980bef01" />
      <TestMethod codeBase="C:\Projekty\NUnitTestProject\bin\Debug\netcoreapp3.1\NUnitTestProject.dll" adapterTypeName="executor://nunit3testexecutor/" className="NUnitTestProject.CurrencyHelperTests" name="FormatToStringTest1000(3700.029953029021d,&quot;3700.03 zł&quot;)" />
    </UnitTest>
    <UnitTest name="FormatToStringTest1000(485.6735566554933d,&quot;485.67 zł&quot;)" storage="c:\projekty\nunittestproject\bin\debug\netcoreapp3.1\nunittestproject.dll" id="7ad4f46a-05fc-7c4a-853e-228ce39d4426">
      <Execution id="4a4ec794-05c2-4975-a843-ba92044a9e0c" />
      <TestMethod codeBase="C:\Projekty\NUnitTestProject\bin\Debug\netcoreapp3.1\NUnitTestProject.dll" adapterTypeName="executor://nunit3testexecutor/" className="NUnitTestProject.CurrencyHelperTests" name="FormatToStringTest1000(485.6735566554933d,&quot;485.67 zł&quot;)" />
    </UnitTest>
    <UnitTest name="FormatToStringTest1000(14712.754747761765d,&quot;14712.75 zł&quot;)" storage="c:\projekty\nunittestproject\bin\debug\netcoreapp3.1\nunittestproject.dll" id="a888e7ea-dbd1-07c6-66f1-9d366fb67e32">
      <Execution id="86f2d519-d49b-49a9-89c0-23f4e552e477" />
      <TestMethod codeBase="C:\Projekty\NUnitTestProject\bin\Debug\netcoreapp3.1\NUnitTestProject.dll" adapterTypeName="executor://nunit3testexecutor/" className="NUnitTestProject.CurrencyHelperTests" name="FormatToStringTest1000(14712.754747761765d,&quot;14712.75 zł&quot;)" />
    </UnitTest>
    <UnitTest name="FormatToStringTest1000(32218.080508120394d,&quot;32218.08 zł&quot;)" storage="c:\projekty\nunittestproject\bin\debug\netcoreapp3.1\nunittestproject.dll" id="f20c73fc-7f07-e8ef-25e3-d34c7ca18877">
      <Execution id="920a60c1-f6f0-48e3-9a35-423cd7933bd7" />
      <TestMethod codeBase="C:\Projekty\NUnitTestProject\bin\Debug\netcoreapp3.1\NUnitTestProject.dll" adapterTypeName="executor://nunit3testexecutor/" className="NUnitTestProject.CurrencyHelperTests" name="FormatToStringTest1000(32218.080508120394d,&quot;32218.08 zł&quot;)" />
    </UnitTest>
    <UnitTest name="FormatToStringTest1000(64210.358316209335d,&quot;64210.36 zł&quot;)" storage="c:\projekty\nunittestproject\bin\debug\netcoreapp3.1\nunittestproject.dll" id="8a2b6295-c6f7-0626-b29d-201c71fd67a5">
      <Execution id="e596d135-9380-4478-93c7-2e33c3c3a0ac" />
      <TestMethod codeBase="C:\Projekty\NUnitTestProject\bin\Debug\netcoreapp3.1\NUnitTestProject.dll" adapterTypeName="executor://nunit3testexecutor/" className="NUnitTestProject.CurrencyHelperTests" name="FormatToStringTest1000(64210.358316209335d,&quot;64210.36 zł&quot;)" />
    </UnitTest>
    <UnitTest name="FormatToStringTest1000(47256.065730817645d,&quot;47256.07 zł&quot;)" storage="c:\projekty\nunittestproject\bin\debug\netcoreapp3.1\nunittestproject.dll" id="29503cc7-b010-6825-6d29-1db7cb95143d">
      <Execution id="ff66bc35-e403-4a96-b75b-9a4104bbde05" />
      <TestMethod codeBase="C:\Projekty\NUnitTestProject\bin\Debug\netcoreapp3.1\NUnitTestProject.dll" adapterTypeName="executor://nunit3testexecutor/" className="NUnitTestProject.CurrencyHelperTests" name="FormatToStringTest1000(47256.065730817645d,&quot;47256.07 zł&quot;)" />
    </UnitTest>
    <UnitTest name="FormatToStringTest1000(79973.08417819678d,&quot;79973.08 zł&quot;)" storage="c:\projekty\nunittestproject\bin\debug\netcoreapp3.1\nunittestproject.dll" id="3de5845a-c4ac-d187-6027-553f442e3ad2">
      <Execution id="f0f40727-fa19-4e58-a6fa-8125621fce32" />
      <TestMethod codeBase="C:\Projekty\NUnitTestProject\bin\Debug\netcoreapp3.1\NUnitTestProject.dll" adapterTypeName="executor://nunit3testexecutor/" className="NUnitTestProject.CurrencyHelperTests" name="FormatToStringTest1000(79973.08417819678d,&quot;79973.08 zł&quot;)" />
    </UnitTest>
    <UnitTest name="FormatToStringTest1000(30626.373939456127d,&quot;30626.37 zł&quot;)" storage="c:\projekty\nunittestproject\bin\debug\netcoreapp3.1\nunittestproject.dll" id="ae5c211a-4af1-929a-38fa-5c9b4f30973f">
      <Execution id="1e695a15-832f-4b21-be64-e4acf3a22650" />
      <TestMethod codeBase="C:\Projekty\NUnitTestProject\bin\Debug\netcoreapp3.1\NUnitTestProject.dll" adapterTypeName="executor://nunit3testexecutor/" className="NUnitTestProject.CurrencyHelperTests" name="FormatToStringTest1000(30626.373939456127d,&quot;30626.37 zł&quot;)" />
    </UnitTest>
    <UnitTest name="FormatToStringTest1000(6544.213759255695d,&quot;6544.21 zł&quot;)" storage="c:\projekty\nunittestproject\bin\debug\netcoreapp3.1\nunittestproject.dll" id="942bc263-e8dd-056d-20fc-b03fc0f2fe09">
      <Execution id="1b43fe63-a837-498d-9fe2-68fac70d3457" />
      <TestMethod codeBase="C:\Projekty\NUnitTestProject\bin\Debug\netcoreapp3.1\NUnitTestProject.dll" adapterTypeName="executor://nunit3testexecutor/" className="NUnitTestProject.CurrencyHelperTests" name="FormatToStringTest1000(6544.213759255695d,&quot;6544.21 zł&quot;)" />
    </UnitTest>
    <UnitTest name="FormatToStringTest1000(57436.33241095409d,&quot;57436.33 zł&quot;)" storage="c:\projekty\nunittestproject\bin\debug\netcoreapp3.1\nunittestproject.dll" id="88670780-e590-ffb1-3bdf-7b575a4d5fc5">
      <Execution id="620d56af-72dc-4f90-b985-d13e93724c77" />
      <TestMethod codeBase="C:\Projekty\NUnitTestProject\bin\Debug\netcoreapp3.1\NUnitTestProject.dll" adapterTypeName="executor://nunit3testexecutor/" className="NUnitTestProject.CurrencyHelperTests" name="FormatToStringTest1000(57436.33241095409d,&quot;57436.33 zł&quot;)" />
    </UnitTest>
    <UnitTest name="FormatToStringTest1000(4121.116360678857d,&quot;4121.12 zł&quot;)" storage="c:\projekty\nunittestproject\bin\debug\netcoreapp3.1\nunittestproject.dll" id="a6e465ee-f568-61da-4158-e730cb849679">
      <Execution id="ada89722-8ae8-458a-9647-8084ea91c792" />
      <TestMethod codeBase="C:\Projekty\NUnitTestProject\bin\Debug\netcoreapp3.1\NUnitTestProject.dll" adapterTypeName="executor://nunit3testexecutor/" className="NUnitTestProject.CurrencyHelperTests" name="FormatToStringTest1000(4121.116360678857d,&quot;4121.12 zł&quot;)" />
    </UnitTest>
    <UnitTest name="FormatToStringTest1000(40556.73452524362d,&quot;40556.73 zł&quot;)" storage="c:\projekty\nunittestproject\bin\debug\netcoreapp3.1\nunittestproject.dll" id="b286589b-6f00-2211-0fe0-b6cf97d63d0a">
      <Execution id="e6ea8ec2-7949-43b4-8651-60c8c1f89bbf" />
      <TestMethod codeBase="C:\Projekty\NUnitTestProject\bin\Debug\netcoreapp3.1\NUnitTestProject.dll" adapterTypeName="executor://nunit3testexecutor/" className="NUnitTestProject.CurrencyHelperTests" name="FormatToStringTest1000(40556.73452524362d,&quot;40556.73 zł&quot;)" />
    </UnitTest>
    <UnitTest name="FormatToStringTest1000(44930.92203801075d,&quot;44930.92 zł&quot;)" storage="c:\projekty\nunittestproject\bin\debug\netcoreapp3.1\nunittestproject.dll" id="49c672b6-6d9d-50cd-ab6b-d47ad2b2d00c">
      <Execution id="34399e4c-c86f-4491-967b-627e22de7abf" />
      <TestMethod codeBase="C:\Projekty\NUnitTestProject\bin\Debug\netcoreapp3.1\NUnitTestProject.dll" adapterTypeName="executor://nunit3testexecutor/" className="NUnitTestProject.CurrencyHelperTests" name="FormatToStringTest1000(44930.92203801075d,&quot;44930.92 zł&quot;)" />
    </UnitTest>
    <UnitTest name="FormatToStringTest1000(25908.345463821825d,&quot;25908.35 zł&quot;)" storage="c:\projekty\nunittestproject\bin\debug\netcoreapp3.1\nunittestproject.dll" id="49538287-c6a8-9cce-5150-35176d68e7fe">
      <Execution id="4b656077-c5db-415c-bb8b-376045bfa395" />
      <TestMethod codeBase="C:\Projekty\NUnitTestProject\bin\Debug\netcoreapp3.1\NUnitTestProject.dll" adapterTypeName="executor://nunit3testexecutor/" className="NUnitTestProject.CurrencyHelperTests" name="FormatToStringTest1000(25908.345463821825d,&quot;25908.35 zł&quot;)" />
    </UnitTest>
    <UnitTest name="FormatToStringTest1000(59919.71489415491d,&quot;59919.71 zł&quot;)" storage="c:\projekty\nunittestproject\bin\debug\netcoreapp3.1\nunittestproject.dll" id="eef249b6-8ce5-ce2e-1d6e-3786477a589e">
      <Execution id="08efaf84-0cdc-47bd-814b-d710641153de" />
      <TestMethod codeBase="C:\Projekty\NUnitTestProject\bin\Debug\netcoreapp3.1\NUnitTestProject.dll" adapterTypeName="executor://nunit3testexecutor/" className="NUnitTestProject.CurrencyHelperTests" name="FormatToStringTest1000(59919.71489415491d,&quot;59919.71 zł&quot;)" />
    </UnitTest>
    <UnitTest name="FormatToStringTest1000(37114.901517336206d,&quot;37114.90 zł&quot;)" storage="c:\projekty\nunittestproject\bin\debug\netcoreapp3.1\nunittestproject.dll" id="becea41b-b5f7-1be9-14b7-7b47b08d6269">
      <Execution id="e924ace2-4d07-4c36-b54f-3c7e306eead8" />
      <TestMethod codeBase="C:\Projekty\NUnitTestProject\bin\Debug\netcoreapp3.1\NUnitTestProject.dll" adapterTypeName="executor://nunit3testexecutor/" className="NUnitTestProject.CurrencyHelperTests" name="FormatToStringTest1000(37114.901517336206d,&quot;37114.90 zł&quot;)" />
    </UnitTest>
    <UnitTest name="FormatToStringTest1000(5287.3103648714305d,&quot;5287.31 zł&quot;)" storage="c:\projekty\nunittestproject\bin\debug\netcoreapp3.1\nunittestproject.dll" id="279ea0a2-a194-3b23-c2df-f3b9caefacb9">
      <Execution id="f56054ee-fae8-4459-ac7d-dbd1747b643a" />
      <TestMethod codeBase="C:\Projekty\NUnitTestProject\bin\Debug\netcoreapp3.1\NUnitTestProject.dll" adapterTypeName="executor://nunit3testexecutor/" className="NUnitTestProject.CurrencyHelperTests" name="FormatToStringTest1000(5287.3103648714305d,&quot;5287.31 zł&quot;)" />
    </UnitTest>
    <UnitTest name="FormatToStringTest1000(28306.369434126827d,&quot;28306.37 zł&quot;)" storage="c:\projekty\nunittestproject\bin\debug\netcoreapp3.1\nunittestproject.dll" id="1e0703fd-8132-d66f-f52d-f2f5d027c1d8">
      <Execution id="f1c699db-c4b6-4614-a294-b4dc896052d3" />
      <TestMethod codeBase="C:\Projekty\NUnitTestProject\bin\Debug\netcoreapp3.1\NUnitTestProject.dll" adapterTypeName="executor://nunit3testexecutor/" className="NUnitTestProject.CurrencyHelperTests" name="FormatToStringTest1000(28306.369434126827d,&quot;28306.37 zł&quot;)" />
    </UnitTest>
    <UnitTest name="FormatToStringTest1000(25272.05048361283d,&quot;25272.05 zł&quot;)" storage="c:\projekty\nunittestproject\bin\debug\netcoreapp3.1\nunittestproject.dll" id="fd4f7d41-f937-f359-41b7-f6b589c2bdd7">
      <Execution id="64c13c39-11df-4a07-8450-6027a33a992a" />
      <TestMethod codeBase="C:\Projekty\NUnitTestProject\bin\Debug\netcoreapp3.1\NUnitTestProject.dll" adapterTypeName="executor://nunit3testexecutor/" className="NUnitTestProject.CurrencyHelperTests" name="FormatToStringTest1000(25272.05048361283d,&quot;25272.05 zł&quot;)" />
    </UnitTest>
    <UnitTest name="FormatToStringTest1000(34242.181005260056d,&quot;34242.18 zł&quot;)" storage="c:\projekty\nunittestproject\bin\debug\netcoreapp3.1\nunittestproject.dll" id="32010eb0-88b3-7f9e-a459-fb524fc932d7">
      <Execution id="4bdee3e1-5798-49bc-bf28-a341956cfc70" />
      <TestMethod codeBase="C:\Projekty\NUnitTestProject\bin\Debug\netcoreapp3.1\NUnitTestProject.dll" adapterTypeName="executor://nunit3testexecutor/" className="NUnitTestProject.CurrencyHelperTests" name="FormatToStringTest1000(34242.181005260056d,&quot;34242.18 zł&quot;)" />
    </UnitTest>
    <UnitTest name="FormatToStringTest1000(66723.3293191657d,&quot;66723.33 zł&quot;)" storage="c:\projekty\nunittestproject\bin\debug\netcoreapp3.1\nunittestproject.dll" id="7e68fea7-1e52-0c32-44b4-1e38c3c836bc">
      <Execution id="15acba2c-482f-45dc-9b5f-d85174710734" />
      <TestMethod codeBase="C:\Projekty\NUnitTestProject\bin\Debug\netcoreapp3.1\NUnitTestProject.dll" adapterTypeName="executor://nunit3testexecutor/" className="NUnitTestProject.CurrencyHelperTests" name="FormatToStringTest1000(66723.3293191657d,&quot;66723.33 zł&quot;)" />
    </UnitTest>
    <UnitTest name="FormatToStringTest1000(9097.395563790293d,&quot;9097.40 zł&quot;)" storage="c:\projekty\nunittestproject\bin\debug\netcoreapp3.1\nunittestproject.dll" id="cbe18909-6635-9aa1-a38f-17a524fe9aa1">
      <Execution id="dceba2df-06f5-45e0-9087-28826645841c" />
      <TestMethod codeBase="C:\Projekty\NUnitTestProject\bin\Debug\netcoreapp3.1\NUnitTestProject.dll" adapterTypeName="executor://nunit3testexecutor/" className="NUnitTestProject.CurrencyHelperTests" name="FormatToStringTest1000(9097.395563790293d,&quot;9097.40 zł&quot;)" />
    </UnitTest>
    <UnitTest name="FormatToStringTest1000(10268.547802396373d,&quot;10268.55 zł&quot;)" storage="c:\projekty\nunittestproject\bin\debug\netcoreapp3.1\nunittestproject.dll" id="8b6f3338-cce8-0079-b821-3f92e6c60eee">
      <Execution id="68ec989e-3f4b-4c3f-922f-a2339f1e6053" />
      <TestMethod codeBase="C:\Projekty\NUnitTestProject\bin\Debug\netcoreapp3.1\NUnitTestProject.dll" adapterTypeName="executor://nunit3testexecutor/" className="NUnitTestProject.CurrencyHelperTests" name="FormatToStringTest1000(10268.547802396373d,&quot;10268.55 zł&quot;)" />
    </UnitTest>
    <UnitTest name="FormatToStringTest1000(30138.55109863102d,&quot;30138.55 zł&quot;)" storage="c:\projekty\nunittestproject\bin\debug\netcoreapp3.1\nunittestproject.dll" id="979c090f-8c86-d264-67f3-13520744166b">
      <Execution id="fe081943-2752-4269-a818-7aba4fd713cd" />
      <TestMethod codeBase="C:\Projekty\NUnitTestProject\bin\Debug\netcoreapp3.1\NUnitTestProject.dll" adapterTypeName="executor://nunit3testexecutor/" className="NUnitTestProject.CurrencyHelperTests" name="FormatToStringTest1000(30138.55109863102d,&quot;30138.55 zł&quot;)" />
    </UnitTest>
    <UnitTest name="FormatToStringTest1000(17988.455793307843d,&quot;17988.46 zł&quot;)" storage="c:\projekty\nunittestproject\bin\debug\netcoreapp3.1\nunittestproject.dll" id="28c068cc-4f93-bf31-670a-7f0717946001">
      <Execution id="7b5a88bc-2b88-43dc-9546-26b0297b83fd" />
      <TestMethod codeBase="C:\Projekty\NUnitTestProject\bin\Debug\netcoreapp3.1\NUnitTestProject.dll" adapterTypeName="executor://nunit3testexecutor/" className="NUnitTestProject.CurrencyHelperTests" name="FormatToStringTest1000(17988.455793307843d,&quot;17988.46 zł&quot;)" />
    </UnitTest>
    <UnitTest name="FormatToStringTest1000(5810.695934967462d,&quot;5810.70 zł&quot;)" storage="c:\projekty\nunittestproject\bin\debug\netcoreapp3.1\nunittestproject.dll" id="21fecb6a-616e-e0ca-06e2-949826e6d9fe">
      <Execution id="be4bae24-b034-4f3a-9a43-3ebaf3b3495a" />
      <TestMethod codeBase="C:\Projekty\NUnitTestProject\bin\Debug\netcoreapp3.1\NUnitTestProject.dll" adapterTypeName="executor://nunit3testexecutor/" className="NUnitTestProject.CurrencyHelperTests" name="FormatToStringTest1000(5810.695934967462d,&quot;5810.70 zł&quot;)" />
    </UnitTest>
    <UnitTest name="FormatToStringTest1000(5317.9582678023535d,&quot;5317.96 zł&quot;)" storage="c:\projekty\nunittestproject\bin\debug\netcoreapp3.1\nunittestproject.dll" id="b7c8b8f4-3f53-7b79-a3fb-65f51c557883">
      <Execution id="9b72fba6-ac33-4464-afb2-b3166471aa56" />
      <TestMethod codeBase="C:\Projekty\NUnitTestProject\bin\Debug\netcoreapp3.1\NUnitTestProject.dll" adapterTypeName="executor://nunit3testexecutor/" className="NUnitTestProject.CurrencyHelperTests" name="FormatToStringTest1000(5317.9582678023535d,&quot;5317.96 zł&quot;)" />
    </UnitTest>
    <UnitTest name="FormatToStringTest1000(1568.615240217473d,&quot;1568.62 zł&quot;)" storage="c:\projekty\nunittestproject\bin\debug\netcoreapp3.1\nunittestproject.dll" id="85799221-0b36-0e4a-ef29-ad83f50e6bbd">
      <Execution id="459b52c7-8752-43ad-aff8-9c1a9e2c728e" />
      <TestMethod codeBase="C:\Projekty\NUnitTestProject\bin\Debug\netcoreapp3.1\NUnitTestProject.dll" adapterTypeName="executor://nunit3testexecutor/" className="NUnitTestProject.CurrencyHelperTests" name="FormatToStringTest1000(1568.615240217473d,&quot;1568.62 zł&quot;)" />
    </UnitTest>
    <UnitTest name="FormatToStringTest1000(31622.81414407809d,&quot;31622.81 zł&quot;)" storage="c:\projekty\nunittestproject\bin\debug\netcoreapp3.1\nunittestproject.dll" id="837f3b30-3aeb-50a8-d532-f419df9834ba">
      <Execution id="114af6f7-1ecc-4ff8-b548-c9d5f187c00c" />
      <TestMethod codeBase="C:\Projekty\NUnitTestProject\bin\Debug\netcoreapp3.1\NUnitTestProject.dll" adapterTypeName="executor://nunit3testexecutor/" className="NUnitTestProject.CurrencyHelperTests" name="FormatToStringTest1000(31622.81414407809d,&quot;31622.81 zł&quot;)" />
    </UnitTest>
    <UnitTest name="FormatToStringTest1000(88584.97010041306d,&quot;88584.97 zł&quot;)" storage="c:\projekty\nunittestproject\bin\debug\netcoreapp3.1\nunittestproject.dll" id="acc05f4a-9abc-39e3-e875-400f69bcea41">
      <Execution id="6cc991ba-abb5-4924-8dc6-9c8a5f1f7e0c" />
      <TestMethod codeBase="C:\Projekty\NUnitTestProject\bin\Debug\netcoreapp3.1\NUnitTestProject.dll" adapterTypeName="executor://nunit3testexecutor/" className="NUnitTestProject.CurrencyHelperTests" name="FormatToStringTest1000(88584.97010041306d,&quot;88584.97 zł&quot;)" />
    </UnitTest>
    <UnitTest name="FormatToStringTest1000(7951.322730072458d,&quot;7951.32 zł&quot;)" storage="c:\projekty\nunittestproject\bin\debug\netcoreapp3.1\nunittestproject.dll" id="92fd78dd-20f7-b708-0603-1911a96c9737">
      <Execution id="8e9d55c3-e2cb-4010-abdf-db0fb53b1fc4" />
      <TestMethod codeBase="C:\Projekty\NUnitTestProject\bin\Debug\netcoreapp3.1\NUnitTestProject.dll" adapterTypeName="executor://nunit3testexecutor/" className="NUnitTestProject.CurrencyHelperTests" name="FormatToStringTest1000(7951.322730072458d,&quot;7951.32 zł&quot;)" />
    </UnitTest>
    <UnitTest name="FormatToStringTest1000(69864.17463991146d,&quot;69864.17 zł&quot;)" storage="c:\projekty\nunittestproject\bin\debug\netcoreapp3.1\nunittestproject.dll" id="f7f48920-cf43-fd74-5fcd-5b275d41553a">
      <Execution id="202da5f7-18eb-4392-af5e-650491e288ec" />
      <TestMethod codeBase="C:\Projekty\NUnitTestProject\bin\Debug\netcoreapp3.1\NUnitTestProject.dll" adapterTypeName="executor://nunit3testexecutor/" className="NUnitTestProject.CurrencyHelperTests" name="FormatToStringTest1000(69864.17463991146d,&quot;69864.17 zł&quot;)" />
    </UnitTest>
    <UnitTest name="FormatToStringTest1000(3092.9215945624383d,&quot;3092.92 zł&quot;)" storage="c:\projekty\nunittestproject\bin\debug\netcoreapp3.1\nunittestproject.dll" id="45d434bd-96d2-7ca0-c594-4cf5e3f89416">
      <Execution id="238d4067-f6ed-494d-948a-93b61dce6956" />
      <TestMethod codeBase="C:\Projekty\NUnitTestProject\bin\Debug\netcoreapp3.1\NUnitTestProject.dll" adapterTypeName="executor://nunit3testexecutor/" className="NUnitTestProject.CurrencyHelperTests" name="FormatToStringTest1000(3092.9215945624383d,&quot;3092.92 zł&quot;)" />
    </UnitTest>
    <UnitTest name="FormatToStringTest1000(30020.248557890412d,&quot;30020.25 zł&quot;)" storage="c:\projekty\nunittestproject\bin\debug\netcoreapp3.1\nunittestproject.dll" id="94726e39-ff6c-190e-418c-075986e08585">
      <Execution id="6988fb27-2743-49e4-a74f-5ed90f15a9c3" />
      <TestMethod codeBase="C:\Projekty\NUnitTestProject\bin\Debug\netcoreapp3.1\NUnitTestProject.dll" adapterTypeName="executor://nunit3testexecutor/" className="NUnitTestProject.CurrencyHelperTests" name="FormatToStringTest1000(30020.248557890412d,&quot;30020.25 zł&quot;)" />
    </UnitTest>
    <UnitTest name="FormatToStringTest1000(5507.360659962688d,&quot;5507.36 zł&quot;)" storage="c:\projekty\nunittestproject\bin\debug\netcoreapp3.1\nunittestproject.dll" id="08b0137c-0bdc-e87f-be30-d8edbdf991c1">
      <Execution id="d1826de0-bfe9-40c6-9e86-7306127005fb" />
      <TestMethod codeBase="C:\Projekty\NUnitTestProject\bin\Debug\netcoreapp3.1\NUnitTestProject.dll" adapterTypeName="executor://nunit3testexecutor/" className="NUnitTestProject.CurrencyHelperTests" name="FormatToStringTest1000(5507.360659962688d,&quot;5507.36 zł&quot;)" />
    </UnitTest>
    <UnitTest name="FormatToStringTest1000(7621.507806692509d,&quot;7621.51 zł&quot;)" storage="c:\projekty\nunittestproject\bin\debug\netcoreapp3.1\nunittestproject.dll" id="1ead85ed-9e84-e345-248b-37b2bb2fd57c">
      <Execution id="8e6fdf28-cb9b-4eee-857e-90e0a364e944" />
      <TestMethod codeBase="C:\Projekty\NUnitTestProject\bin\Debug\netcoreapp3.1\NUnitTestProject.dll" adapterTypeName="executor://nunit3testexecutor/" className="NUnitTestProject.CurrencyHelperTests" name="FormatToStringTest1000(7621.507806692509d,&quot;7621.51 zł&quot;)" />
    </UnitTest>
    <UnitTest name="FormatToStringTest1000(3477.860963622509d,&quot;3477.86 zł&quot;)" storage="c:\projekty\nunittestproject\bin\debug\netcoreapp3.1\nunittestproject.dll" id="bbce4fa8-10c7-16ce-b8b0-bbab48797f43">
      <Execution id="8b4ea4eb-1adb-4d5b-80d4-1744acaa900a" />
      <TestMethod codeBase="C:\Projekty\NUnitTestProject\bin\Debug\netcoreapp3.1\NUnitTestProject.dll" adapterTypeName="executor://nunit3testexecutor/" className="NUnitTestProject.CurrencyHelperTests" name="FormatToStringTest1000(3477.860963622509d,&quot;3477.86 zł&quot;)" />
    </UnitTest>
    <UnitTest name="FormatToStringTest1000(1739.5853778997368d,&quot;1739.59 zł&quot;)" storage="c:\projekty\nunittestproject\bin\debug\netcoreapp3.1\nunittestproject.dll" id="4b28edc9-10aa-dd25-05d6-efbec430bd7a">
      <Execution id="f56c7ffe-8435-4591-aeba-ac0f58e91d0b" />
      <TestMethod codeBase="C:\Projekty\NUnitTestProject\bin\Debug\netcoreapp3.1\NUnitTestProject.dll" adapterTypeName="executor://nunit3testexecutor/" className="NUnitTestProject.CurrencyHelperTests" name="FormatToStringTest1000(1739.5853778997368d,&quot;1739.59 zł&quot;)" />
    </UnitTest>
    <UnitTest name="FormatToStringTest1000(4419.750844657306d,&quot;4419.75 zł&quot;)" storage="c:\projekty\nunittestproject\bin\debug\netcoreapp3.1\nunittestproject.dll" id="d2fc2ae7-e3b1-dc92-6628-90e5bb16c5d2">
      <Execution id="2d1e129f-0cce-4662-820f-4b56b8ceb033" />
      <TestMethod codeBase="C:\Projekty\NUnitTestProject\bin\Debug\netcoreapp3.1\NUnitTestProject.dll" adapterTypeName="executor://nunit3testexecutor/" className="NUnitTestProject.CurrencyHelperTests" name="FormatToStringTest1000(4419.750844657306d,&quot;4419.75 zł&quot;)" />
    </UnitTest>
    <UnitTest name="FormatToStringTest1000(181.3640542483721d,&quot;181.36 zł&quot;)" storage="c:\projekty\nunittestproject\bin\debug\netcoreapp3.1\nunittestproject.dll" id="b27808d6-4355-5292-3153-64fb93821ea0">
      <Execution id="72f67b0c-2d5c-4750-8f66-97d425fc0277" />
      <TestMethod codeBase="C:\Projekty\NUnitTestProject\bin\Debug\netcoreapp3.1\NUnitTestProject.dll" adapterTypeName="executor://nunit3testexecutor/" className="NUnitTestProject.CurrencyHelperTests" name="FormatToStringTest1000(181.3640542483721d,&quot;181.36 zł&quot;)" />
    </UnitTest>
    <UnitTest name="FormatToStringTest1000(272.5621069118204d,&quot;272.56 zł&quot;)" storage="c:\projekty\nunittestproject\bin\debug\netcoreapp3.1\nunittestproject.dll" id="04969f67-b379-916a-3275-e53bd0718ea4">
      <Execution id="fc1d6085-0c37-40d7-926c-47538e8b672a" />
      <TestMethod codeBase="C:\Projekty\NUnitTestProject\bin\Debug\netcoreapp3.1\NUnitTestProject.dll" adapterTypeName="executor://nunit3testexecutor/" className="NUnitTestProject.CurrencyHelperTests" name="FormatToStringTest1000(272.5621069118204d,&quot;272.56 zł&quot;)" />
    </UnitTest>
    <UnitTest name="FormatToStringTest1000(30533.30031120838d,&quot;30533.30 zł&quot;)" storage="c:\projekty\nunittestproject\bin\debug\netcoreapp3.1\nunittestproject.dll" id="c6aaa130-65a2-a877-78a2-df837cd09244">
      <Execution id="a52e37ea-2321-4944-b8a9-a88e3c1aca74" />
      <TestMethod codeBase="C:\Projekty\NUnitTestProject\bin\Debug\netcoreapp3.1\NUnitTestProject.dll" adapterTypeName="executor://nunit3testexecutor/" className="NUnitTestProject.CurrencyHelperTests" name="FormatToStringTest1000(30533.30031120838d,&quot;30533.30 zł&quot;)" />
    </UnitTest>
    <UnitTest name="FormatToStringTest1000(317.9090540706688d,&quot;317.91 zł&quot;)" storage="c:\projekty\nunittestproject\bin\debug\netcoreapp3.1\nunittestproject.dll" id="a4b13a66-9eee-466b-b0fc-fbf88e46d5b1">
      <Execution id="ac3f3f2e-41c3-4c17-854b-15aa3cc75c2c" />
      <TestMethod codeBase="C:\Projekty\NUnitTestProject\bin\Debug\netcoreapp3.1\NUnitTestProject.dll" adapterTypeName="executor://nunit3testexecutor/" className="NUnitTestProject.CurrencyHelperTests" name="FormatToStringTest1000(317.9090540706688d,&quot;317.91 zł&quot;)" />
    </UnitTest>
    <UnitTest name="FormatToStringTest1000(63291.50274994015d,&quot;63291.50 zł&quot;)" storage="c:\projekty\nunittestproject\bin\debug\netcoreapp3.1\nunittestproject.dll" id="491de118-700b-88eb-ac68-d71ffdabe000">
      <Execution id="e26201ae-d678-4ee1-8478-fa39b5779709" />
      <TestMethod codeBase="C:\Projekty\NUnitTestProject\bin\Debug\netcoreapp3.1\NUnitTestProject.dll" adapterTypeName="executor://nunit3testexecutor/" className="NUnitTestProject.CurrencyHelperTests" name="FormatToStringTest1000(63291.50274994015d,&quot;63291.50 zł&quot;)" />
    </UnitTest>
    <UnitTest name="FormatToStringTest1000(2346.9964869427477d,&quot;2347.00 zł&quot;)" storage="c:\projekty\nunittestproject\bin\debug\netcoreapp3.1\nunittestproject.dll" id="c54c0d26-3d52-7638-d0ec-e651814ad808">
      <Execution id="6ec76988-3d47-4eeb-98a5-fae25ba6f879" />
      <TestMethod codeBase="C:\Projekty\NUnitTestProject\bin\Debug\netcoreapp3.1\NUnitTestProject.dll" adapterTypeName="executor://nunit3testexecutor/" className="NUnitTestProject.CurrencyHelperTests" name="FormatToStringTest1000(2346.9964869427477d,&quot;2347.00 zł&quot;)" />
    </UnitTest>
    <UnitTest name="FormatToStringTest1000(66053.95451852398d,&quot;66053.95 zł&quot;)" storage="c:\projekty\nunittestproject\bin\debug\netcoreapp3.1\nunittestproject.dll" id="451dabd5-e4bb-ea9d-054e-87b0f58becfa">
      <Execution id="536c3ec0-e27c-4737-9925-4eb120c32395" />
      <TestMethod codeBase="C:\Projekty\NUnitTestProject\bin\Debug\netcoreapp3.1\NUnitTestProject.dll" adapterTypeName="executor://nunit3testexecutor/" className="NUnitTestProject.CurrencyHelperTests" name="FormatToStringTest1000(66053.95451852398d,&quot;66053.95 zł&quot;)" />
    </UnitTest>
    <UnitTest name="FormatToStringTest1000(748.6264857065987d,&quot;748.63 zł&quot;)" storage="c:\projekty\nunittestproject\bin\debug\netcoreapp3.1\nunittestproject.dll" id="1ea77442-f3cd-edae-4255-8405196cf08f">
      <Execution id="33a4cdc0-6fab-4fbb-ba21-6583ec5f4aa6" />
      <TestMethod codeBase="C:\Projekty\NUnitTestProject\bin\Debug\netcoreapp3.1\NUnitTestProject.dll" adapterTypeName="executor://nunit3testexecutor/" className="NUnitTestProject.CurrencyHelperTests" name="FormatToStringTest1000(748.6264857065987d,&quot;748.63 zł&quot;)" />
    </UnitTest>
    <UnitTest name="FormatToStringTest1000(29796.909338079815d,&quot;29796.91 zł&quot;)" storage="c:\projekty\nunittestproject\bin\debug\netcoreapp3.1\nunittestproject.dll" id="45e81eff-7762-2319-5d11-e20e90ac1295">
      <Execution id="7b1f391d-cb7d-4f6b-8371-b5aafe01d85f" />
      <TestMethod codeBase="C:\Projekty\NUnitTestProject\bin\Debug\netcoreapp3.1\NUnitTestProject.dll" adapterTypeName="executor://nunit3testexecutor/" className="NUnitTestProject.CurrencyHelperTests" name="FormatToStringTest1000(29796.909338079815d,&quot;29796.91 zł&quot;)" />
    </UnitTest>
    <UnitTest name="FormatToStringTest1000(20445.11280083149d,&quot;20445.11 zł&quot;)" storage="c:\projekty\nunittestproject\bin\debug\netcoreapp3.1\nunittestproject.dll" id="58ed8150-ee65-8df8-a854-bba06457b4da">
      <Execution id="2be29477-05f9-44ce-8424-f52e50f3fa0a" />
      <TestMethod codeBase="C:\Projekty\NUnitTestProject\bin\Debug\netcoreapp3.1\NUnitTestProject.dll" adapterTypeName="executor://nunit3testexecutor/" className="NUnitTestProject.CurrencyHelperTests" name="FormatToStringTest1000(20445.11280083149d,&quot;20445.11 zł&quot;)" />
    </UnitTest>
    <UnitTest name="FormatToStringTest1000(33601.357302459124d,&quot;33601.36 zł&quot;)" storage="c:\projekty\nunittestproject\bin\debug\netcoreapp3.1\nunittestproject.dll" id="4981a909-3e1a-e6df-4bdc-c1e8e4928845">
      <Execution id="5fda6b90-1b68-4f2b-94ce-06ed2911eff3" />
      <TestMethod codeBase="C:\Projekty\NUnitTestProject\bin\Debug\netcoreapp3.1\NUnitTestProject.dll" adapterTypeName="executor://nunit3testexecutor/" className="NUnitTestProject.CurrencyHelperTests" name="FormatToStringTest1000(33601.357302459124d,&quot;33601.36 zł&quot;)" />
    </UnitTest>
    <UnitTest name="FormatToStringTest1000(17098.491445727876d,&quot;17098.49 zł&quot;)" storage="c:\projekty\nunittestproject\bin\debug\netcoreapp3.1\nunittestproject.dll" id="a3cd1e56-7e87-cbfe-4696-2cfc61bd79f6">
      <Execution id="02318abd-f612-43e3-a7e4-5b3ab473ae9a" />
      <TestMethod codeBase="C:\Projekty\NUnitTestProject\bin\Debug\netcoreapp3.1\NUnitTestProject.dll" adapterTypeName="executor://nunit3testexecutor/" className="NUnitTestProject.CurrencyHelperTests" name="FormatToStringTest1000(17098.491445727876d,&quot;17098.49 zł&quot;)" />
    </UnitTest>
    <UnitTest name="FormatToStringTest1000(4669.392596858271d,&quot;4669.39 zł&quot;)" storage="c:\projekty\nunittestproject\bin\debug\netcoreapp3.1\nunittestproject.dll" id="deeaa6b3-3ff5-0109-60b8-733b4bfcf2d5">
      <Execution id="774185b2-8e89-4487-85f0-015f1e3b4aa3" />
      <TestMethod codeBase="C:\Projekty\NUnitTestProject\bin\Debug\netcoreapp3.1\NUnitTestProject.dll" adapterTypeName="executor://nunit3testexecutor/" className="NUnitTestProject.CurrencyHelperTests" name="FormatToStringTest1000(4669.392596858271d,&quot;4669.39 zł&quot;)" />
    </UnitTest>
    <UnitTest name="FormatToStringTest1000(29474.095826699442d,&quot;29474.10 zł&quot;)" storage="c:\projekty\nunittestproject\bin\debug\netcoreapp3.1\nunittestproject.dll" id="8d93f248-c3e9-e97f-b3e2-6491b331020f">
      <Execution id="353fb9f9-7b9d-4ba9-aa01-1d2f2586fc8a" />
      <TestMethod codeBase="C:\Projekty\NUnitTestProject\bin\Debug\netcoreapp3.1\NUnitTestProject.dll" adapterTypeName="executor://nunit3testexecutor/" className="NUnitTestProject.CurrencyHelperTests" name="FormatToStringTest1000(29474.095826699442d,&quot;29474.10 zł&quot;)" />
    </UnitTest>
    <UnitTest name="FormatToStringTest1000(658.7555888573431d,&quot;658.76 zł&quot;)" storage="c:\projekty\nunittestproject\bin\debug\netcoreapp3.1\nunittestproject.dll" id="ddd788b7-fa29-d0c9-c87b-c6974b37dc7d">
      <Execution id="b407366e-e855-404d-92d0-d8e7239ed7b9" />
      <TestMethod codeBase="C:\Projekty\NUnitTestProject\bin\Debug\netcoreapp3.1\NUnitTestProject.dll" adapterTypeName="executor://nunit3testexecutor/" className="NUnitTestProject.CurrencyHelperTests" name="FormatToStringTest1000(658.7555888573431d,&quot;658.76 zł&quot;)" />
    </UnitTest>
    <UnitTest name="FormatToStringTest1000(12641.700665183225d,&quot;12641.70 zł&quot;)" storage="c:\projekty\nunittestproject\bin\debug\netcoreapp3.1\nunittestproject.dll" id="942f2440-35ec-8291-0e34-266a90087e97">
      <Execution id="8c376cbf-a673-4af3-b491-f98c85296462" />
      <TestMethod codeBase="C:\Projekty\NUnitTestProject\bin\Debug\netcoreapp3.1\NUnitTestProject.dll" adapterTypeName="executor://nunit3testexecutor/" className="NUnitTestProject.CurrencyHelperTests" name="FormatToStringTest1000(12641.700665183225d,&quot;12641.70 zł&quot;)" />
    </UnitTest>
    <UnitTest name="FormatToStringTest1000(11584.045280779732d,&quot;11584.05 zł&quot;)" storage="c:\projekty\nunittestproject\bin\debug\netcoreapp3.1\nunittestproject.dll" id="b8f799c6-5cbe-3da8-b8f8-1ee56d7fcf02">
      <Execution id="95b769c9-c0e6-4fda-b3f5-f28e8c73c2b9" />
      <TestMethod codeBase="C:\Projekty\NUnitTestProject\bin\Debug\netcoreapp3.1\NUnitTestProject.dll" adapterTypeName="executor://nunit3testexecutor/" className="NUnitTestProject.CurrencyHelperTests" name="FormatToStringTest1000(11584.045280779732d,&quot;11584.05 zł&quot;)" />
    </UnitTest>
    <UnitTest name="FormatToStringTest1000(48084.94422955389d,&quot;48084.94 zł&quot;)" storage="c:\projekty\nunittestproject\bin\debug\netcoreapp3.1\nunittestproject.dll" id="91285e79-b6fd-7585-384e-bbf4da4c2bcd">
      <Execution id="9392c393-3d67-4716-9564-f880db6f3c38" />
      <TestMethod codeBase="C:\Projekty\NUnitTestProject\bin\Debug\netcoreapp3.1\NUnitTestProject.dll" adapterTypeName="executor://nunit3testexecutor/" className="NUnitTestProject.CurrencyHelperTests" name="FormatToStringTest1000(48084.94422955389d,&quot;48084.94 zł&quot;)" />
    </UnitTest>
    <UnitTest name="FormatToStringTest1000(38253.101637909705d,&quot;38253.10 zł&quot;)" storage="c:\projekty\nunittestproject\bin\debug\netcoreapp3.1\nunittestproject.dll" id="e38d99c7-c0fe-6520-2d4e-c3d7dce714b0">
      <Execution id="aca471f9-9bd1-4edf-b7e7-f750fae26b97" />
      <TestMethod codeBase="C:\Projekty\NUnitTestProject\bin\Debug\netcoreapp3.1\NUnitTestProject.dll" adapterTypeName="executor://nunit3testexecutor/" className="NUnitTestProject.CurrencyHelperTests" name="FormatToStringTest1000(38253.101637909705d,&quot;38253.10 zł&quot;)" />
    </UnitTest>
    <UnitTest name="FormatToStringTest1000(17315.72309779363d,&quot;17315.72 zł&quot;)" storage="c:\projekty\nunittestproject\bin\debug\netcoreapp3.1\nunittestproject.dll" id="3303c520-a64a-555f-afb5-ac27a0847525">
      <Execution id="87bb8c9e-d202-4c78-a4ac-b10e4609d7a9" />
      <TestMethod codeBase="C:\Projekty\NUnitTestProject\bin\Debug\netcoreapp3.1\NUnitTestProject.dll" adapterTypeName="executor://nunit3testexecutor/" className="NUnitTestProject.CurrencyHelperTests" name="FormatToStringTest1000(17315.72309779363d,&quot;17315.72 zł&quot;)" />
    </UnitTest>
    <UnitTest name="FormatToStringTest1000(77904.0088552246d,&quot;77904.01 zł&quot;)" storage="c:\projekty\nunittestproject\bin\debug\netcoreapp3.1\nunittestproject.dll" id="333dd064-5f53-dea9-59e8-b7071262f9e7">
      <Execution id="12414adc-cebf-4c72-8adf-c0ee8eb8938e" />
      <TestMethod codeBase="C:\Projekty\NUnitTestProject\bin\Debug\netcoreapp3.1\NUnitTestProject.dll" adapterTypeName="executor://nunit3testexecutor/" className="NUnitTestProject.CurrencyHelperTests" name="FormatToStringTest1000(77904.0088552246d,&quot;77904.01 zł&quot;)" />
    </UnitTest>
    <UnitTest name="FormatToStringTest1000(15080.274618567097d,&quot;15080.27 zł&quot;)" storage="c:\projekty\nunittestproject\bin\debug\netcoreapp3.1\nunittestproject.dll" id="45b47e45-8abc-9102-029a-0eb6ca1d5e58">
      <Execution id="1546cd85-8fbf-4e5b-97f7-010512eb91eb" />
      <TestMethod codeBase="C:\Projekty\NUnitTestProject\bin\Debug\netcoreapp3.1\NUnitTestProject.dll" adapterTypeName="executor://nunit3testexecutor/" className="NUnitTestProject.CurrencyHelperTests" name="FormatToStringTest1000(15080.274618567097d,&quot;15080.27 zł&quot;)" />
    </UnitTest>
    <UnitTest name="FormatToStringTest1000(6417.5922460628635d,&quot;6417.59 zł&quot;)" storage="c:\projekty\nunittestproject\bin\debug\netcoreapp3.1\nunittestproject.dll" id="8237afc1-9210-54d8-45bd-84bf26e08f89">
      <Execution id="56847f0c-dd58-4dde-954f-a32ccf7ec433" />
      <TestMethod codeBase="C:\Projekty\NUnitTestProject\bin\Debug\netcoreapp3.1\NUnitTestProject.dll" adapterTypeName="executor://nunit3testexecutor/" className="NUnitTestProject.CurrencyHelperTests" name="FormatToStringTest1000(6417.5922460628635d,&quot;6417.59 zł&quot;)" />
    </UnitTest>
    <UnitTest name="FormatToStringTest1000(75915.01943546813d,&quot;75915.02 zł&quot;)" storage="c:\projekty\nunittestproject\bin\debug\netcoreapp3.1\nunittestproject.dll" id="37887ca9-f36b-5081-1e8a-5e4e1fff4e53">
      <Execution id="891dd889-217c-4e4c-a548-e803a9bf00b8" />
      <TestMethod codeBase="C:\Projekty\NUnitTestProject\bin\Debug\netcoreapp3.1\NUnitTestProject.dll" adapterTypeName="executor://nunit3testexecutor/" className="NUnitTestProject.CurrencyHelperTests" name="FormatToStringTest1000(75915.01943546813d,&quot;75915.02 zł&quot;)" />
    </UnitTest>
    <UnitTest name="FormatToStringTest1000(1613.6903705837626d,&quot;1613.69 zł&quot;)" storage="c:\projekty\nunittestproject\bin\debug\netcoreapp3.1\nunittestproject.dll" id="fecd618d-f97f-f547-1637-5166bd092d76">
      <Execution id="0e0ef2cc-51c9-443f-9798-261ae775979a" />
      <TestMethod codeBase="C:\Projekty\NUnitTestProject\bin\Debug\netcoreapp3.1\NUnitTestProject.dll" adapterTypeName="executor://nunit3testexecutor/" className="NUnitTestProject.CurrencyHelperTests" name="FormatToStringTest1000(1613.6903705837626d,&quot;1613.69 zł&quot;)" />
    </UnitTest>
    <UnitTest name="FormatToStringTest1000(52810.91713865516d,&quot;52810.92 zł&quot;)" storage="c:\projekty\nunittestproject\bin\debug\netcoreapp3.1\nunittestproject.dll" id="b34ac9b1-7b20-291d-6caf-28aeffc4e30f">
      <Execution id="83f29eb8-9e75-4ff0-9f31-a4a0da158d22" />
      <TestMethod codeBase="C:\Projekty\NUnitTestProject\bin\Debug\netcoreapp3.1\NUnitTestProject.dll" adapterTypeName="executor://nunit3testexecutor/" className="NUnitTestProject.CurrencyHelperTests" name="FormatToStringTest1000(52810.91713865516d,&quot;52810.92 zł&quot;)" />
    </UnitTest>
    <UnitTest name="FormatToStringTest1000(34458.5406463512d,&quot;34458.54 zł&quot;)" storage="c:\projekty\nunittestproject\bin\debug\netcoreapp3.1\nunittestproject.dll" id="a35c67b3-dcd5-5426-949a-a2a9a2f95735">
      <Execution id="d3044bcc-f124-406c-8d5a-10c862629842" />
      <TestMethod codeBase="C:\Projekty\NUnitTestProject\bin\Debug\netcoreapp3.1\NUnitTestProject.dll" adapterTypeName="executor://nunit3testexecutor/" className="NUnitTestProject.CurrencyHelperTests" name="FormatToStringTest1000(34458.5406463512d,&quot;34458.54 zł&quot;)" />
    </UnitTest>
    <UnitTest name="FormatToStringTest1000(823.2747994560166d,&quot;823.27 zł&quot;)" storage="c:\projekty\nunittestproject\bin\debug\netcoreapp3.1\nunittestproject.dll" id="a6878771-c471-f5b9-95dc-467df24cdd5b">
      <Execution id="7db60a4d-4a22-472a-a331-86ef8cff9b56" />
      <TestMethod codeBase="C:\Projekty\NUnitTestProject\bin\Debug\netcoreapp3.1\NUnitTestProject.dll" adapterTypeName="executor://nunit3testexecutor/" className="NUnitTestProject.CurrencyHelperTests" name="FormatToStringTest1000(823.2747994560166d,&quot;823.27 zł&quot;)" />
    </UnitTest>
    <UnitTest name="FormatToStringTest1000(42383.08993972982d,&quot;42383.09 zł&quot;)" storage="c:\projekty\nunittestproject\bin\debug\netcoreapp3.1\nunittestproject.dll" id="6b78f8da-fc12-62dc-9f88-c5e10a98f007">
      <Execution id="def308ad-e862-45c0-800b-fa74e45457d8" />
      <TestMethod codeBase="C:\Projekty\NUnitTestProject\bin\Debug\netcoreapp3.1\NUnitTestProject.dll" adapterTypeName="executor://nunit3testexecutor/" className="NUnitTestProject.CurrencyHelperTests" name="FormatToStringTest1000(42383.08993972982d,&quot;42383.09 zł&quot;)" />
    </UnitTest>
    <UnitTest name="FormatToStringTest1000(7890.044272348771d,&quot;7890.04 zł&quot;)" storage="c:\projekty\nunittestproject\bin\debug\netcoreapp3.1\nunittestproject.dll" id="fd8f048e-524e-5d70-1d66-0ffeb121313b">
      <Execution id="d2567742-8cbc-4216-bda3-304e482114a2" />
      <TestMethod codeBase="C:\Projekty\NUnitTestProject\bin\Debug\netcoreapp3.1\NUnitTestProject.dll" adapterTypeName="executor://nunit3testexecutor/" className="NUnitTestProject.CurrencyHelperTests" name="FormatToStringTest1000(7890.044272348771d,&quot;7890.04 zł&quot;)" />
    </UnitTest>
  </TestDefinitions>
  <TestEntries>
    <TestEntry testId="afd0d33f-f4d8-2831-3613-5b41efd13c3b" executionId="37c65c30-c232-4e5c-8c62-4bd4c28cf7fc" testListId="8c84fa94-04c1-424b-9868-57a2d4851a1d" />
    <TestEntry testId="f454394e-283b-6832-24e4-e862ec140984" executionId="41620427-652e-4b22-88dc-f14fec22bad7" testListId="8c84fa94-04c1-424b-9868-57a2d4851a1d" />
    <TestEntry testId="0fc86efa-aeca-dada-030f-e8045241eaae" executionId="c9d44cc6-b577-4e41-85c3-d109b7d38863" testListId="8c84fa94-04c1-424b-9868-57a2d4851a1d" />
    <TestEntry testId="f0aad1e7-1486-b29a-7a82-84f2693dfbe3" executionId="d5a9c2c0-261e-4efc-a9dc-76d3f24a3d3a" testListId="8c84fa94-04c1-424b-9868-57a2d4851a1d" />
    <TestEntry testId="dc6fc325-7591-5ff6-3e13-ef3b13583bb4" executionId="806f5e84-5944-441c-a1df-50f83404a56b" testListId="8c84fa94-04c1-424b-9868-57a2d4851a1d" />
    <TestEntry testId="862cc562-9bfe-8861-cf4e-b4582450cbaa" executionId="b59e030e-7912-45fd-b2a8-93ac922ce660" testListId="8c84fa94-04c1-424b-9868-57a2d4851a1d" />
    <TestEntry testId="90524d2a-adb4-bd7e-769a-526d502faf2e" executionId="3df8d5bb-825b-4da2-b870-b3a9fc469427" testListId="8c84fa94-04c1-424b-9868-57a2d4851a1d" />
    <TestEntry testId="c11f5a85-86bf-cab1-9d9a-33069c6ff139" executionId="e77ca9fc-600b-4640-89d7-5b173029a910" testListId="8c84fa94-04c1-424b-9868-57a2d4851a1d" />
    <TestEntry testId="9b2f9530-d092-f9c3-dae1-2f483cfeb52d" executionId="25b18d23-4b9b-4e88-9b78-c036bc97e12f" testListId="8c84fa94-04c1-424b-9868-57a2d4851a1d" />
    <TestEntry testId="9a4a7396-bc43-f3a9-c62c-07975736bde6" executionId="7c84aefe-baed-41e1-87e8-03baa2282550" testListId="8c84fa94-04c1-424b-9868-57a2d4851a1d" />
    <TestEntry testId="19b8d5ef-b980-1d42-3f3f-c869dee34ac6" executionId="8cd03517-b046-4b20-abc3-1a3dfd0c5ac6" testListId="8c84fa94-04c1-424b-9868-57a2d4851a1d" />
    <TestEntry testId="5189465c-94b9-c0c3-eb6c-9e0dd907b71f" executionId="27b20ffd-0517-435d-b262-bcfee49c41bd" testListId="8c84fa94-04c1-424b-9868-57a2d4851a1d" />
    <TestEntry testId="ea848b43-279a-f1bb-ab29-b5a8e2e2c8af" executionId="72706264-94c5-4362-9a35-96441b19ccc5" testListId="8c84fa94-04c1-424b-9868-57a2d4851a1d" />
    <TestEntry testId="cbe7ad88-c615-fcac-7be4-3d317fe5861e" executionId="27f6bdfe-ff67-4cd6-982d-cba664f59639" testListId="8c84fa94-04c1-424b-9868-57a2d4851a1d" />
    <TestEntry testId="9a9fb753-7e29-0228-3909-087838ec3002" executionId="dba71dc8-1590-4e96-bef0-a18efb1e80c6" testListId="8c84fa94-04c1-424b-9868-57a2d4851a1d" />
    <TestEntry testId="d39fbf53-bbf3-020f-e6d4-44b45bc00b41" executionId="9ecac897-e284-40a2-8c13-c22fe7f0b7ad" testListId="8c84fa94-04c1-424b-9868-57a2d4851a1d" />
    <TestEntry testId="99e6fef3-9023-2c5a-5c8b-926a855c5d84" executionId="0feacdde-7033-43c2-9f57-33ef815834b3" testListId="8c84fa94-04c1-424b-9868-57a2d4851a1d" />
    <TestEntry testId="0ed9cd8c-6283-5489-0e2e-ce31df1b16b4" executionId="b6f43ea6-6427-44a0-af49-0cc96a686deb" testListId="8c84fa94-04c1-424b-9868-57a2d4851a1d" />
    <TestEntry testId="24a1bb0d-d69a-de21-49e4-5bbbeaac5021" executionId="67721f18-6148-432a-856e-16507006059a" testListId="8c84fa94-04c1-424b-9868-57a2d4851a1d" />
    <TestEntry testId="cdb063aa-c8f9-b0b9-d5b0-6f880917f1b4" executionId="17b4df7b-de26-45d7-969c-a9225a3d7011" testListId="8c84fa94-04c1-424b-9868-57a2d4851a1d" />
    <TestEntry testId="4cc9a860-8c52-40a5-a7c1-0a80270c71a6" executionId="bc0c55b1-19e2-4ee3-855d-d8d88c6bf49d" testListId="8c84fa94-04c1-424b-9868-57a2d4851a1d" />
    <TestEntry testId="57f0eaa3-633d-272b-64dc-58e0ae797fbb" executionId="f319d8fb-c9a4-442a-a1f6-873bd5956d34" testListId="8c84fa94-04c1-424b-9868-57a2d4851a1d" />
    <TestEntry testId="02f82b15-1853-9f05-8754-8f243db3e9b1" executionId="b59ab98f-5485-4f2d-94ee-13fd107d496e" testListId="8c84fa94-04c1-424b-9868-57a2d4851a1d" />
    <TestEntry testId="57f59a31-3f22-a5b8-69d7-45e7719f3ea1" executionId="98139ce2-9537-4c2e-ba68-85013233edc6" testListId="8c84fa94-04c1-424b-9868-57a2d4851a1d" />
    <TestEntry testId="aeefe3bf-b956-1766-ab65-91503c288180" executionId="e9130005-573f-49a0-bbd5-6680e7e0bf53" testListId="8c84fa94-04c1-424b-9868-57a2d4851a1d" />
    <TestEntry testId="a35c67b3-dcd5-5426-949a-a2a9a2f95735" executionId="d3044bcc-f124-406c-8d5a-10c862629842" testListId="8c84fa94-04c1-424b-9868-57a2d4851a1d" />
    <TestEntry testId="1eb4d4f7-74ca-78cd-f76d-cc295b6f3916" executionId="82e24af1-fdc5-4802-84dc-a65a93807eb3" testListId="8c84fa94-04c1-424b-9868-57a2d4851a1d" />
    <TestEntry testId="7d45d5f5-3a25-9a87-e687-4dc975c05da1" executionId="8c3113c3-c7d9-4378-9265-e3dad819878e" testListId="8c84fa94-04c1-424b-9868-57a2d4851a1d" />
    <TestEntry testId="5c5be749-8fc1-a0d2-2b32-3e2f32d1a7a1" executionId="9767f72c-4e46-4c5a-8bd8-db0945d9c162" testListId="8c84fa94-04c1-424b-9868-57a2d4851a1d" />
    <TestEntry testId="6fd1af1d-c0d4-5f1e-0bd0-26896040487e" executionId="2774e912-1086-4ff9-a034-2ee2c5a137db" testListId="8c84fa94-04c1-424b-9868-57a2d4851a1d" />
    <TestEntry testId="b54d2807-218d-96e0-fe0e-06e67796eaa7" executionId="2d851d66-775f-4bfa-bd17-a4ee85244d20" testListId="8c84fa94-04c1-424b-9868-57a2d4851a1d" />
    <TestEntry testId="b707b6dd-6efb-76f3-be89-5a3ace5192c9" executionId="bbbfe2b5-7ba5-461f-979e-8685b4c23905" testListId="8c84fa94-04c1-424b-9868-57a2d4851a1d" />
    <TestEntry testId="43552c47-f44b-17a4-1647-f8068fe18052" executionId="b7036432-ad1d-47e8-9a20-d6f1adf12b32" testListId="8c84fa94-04c1-424b-9868-57a2d4851a1d" />
    <TestEntry testId="f3633ae5-6adc-21ee-2aa1-0609fba8547c" executionId="eec96fe7-0daf-4d5e-bbfc-dc5b93cd2d57" testListId="8c84fa94-04c1-424b-9868-57a2d4851a1d" />
    <TestEntry testId="b150e6ad-1fac-a9d1-a2ab-0f7879e84a36" executionId="780dc04c-b02d-4aaf-8a87-b8c88d81bf7e" testListId="8c84fa94-04c1-424b-9868-57a2d4851a1d" />
    <TestEntry testId="f5d3f3a5-bbac-e5c0-6089-8d38dd4249c8" executionId="4fa64223-46f5-4584-a23a-204c871c54d3" testListId="8c84fa94-04c1-424b-9868-57a2d4851a1d" />
    <TestEntry testId="726ca756-5ddd-cb5f-72a7-3e3a70b8c971" executionId="a17e57c4-d8af-42a4-b412-0446d5ab8f53" testListId="8c84fa94-04c1-424b-9868-57a2d4851a1d" />
    <TestEntry testId="b074171d-4bb2-388e-f619-96efeb179b06" executionId="3ebb4861-eb4e-4100-9c73-93394ed51171" testListId="8c84fa94-04c1-424b-9868-57a2d4851a1d" />
    <TestEntry testId="3e4e2f06-1967-c539-7ba8-6e0f44663842" executionId="4cf87966-a189-41ff-925c-acfc11f77c59" testListId="8c84fa94-04c1-424b-9868-57a2d4851a1d" />
    <TestEntry testId="0351f469-7ff9-52d3-3d77-92c2f3051f1e" executionId="a4e70369-304c-40f0-8f28-7c1f4b3d851c" testListId="8c84fa94-04c1-424b-9868-57a2d4851a1d" />
    <TestEntry testId="3cf165e2-4de9-3079-4fb7-1ca2dade8ab8" executionId="d011789d-0234-4106-b3fa-b74ce760f6de" testListId="8c84fa94-04c1-424b-9868-57a2d4851a1d" />
    <TestEntry testId="d54410c1-a007-adf6-a1dc-8caa96e947a3" executionId="ec921ff8-f837-41ef-a8d4-ffed1bf60b18" testListId="8c84fa94-04c1-424b-9868-57a2d4851a1d" />
    <TestEntry testId="7a0cd811-1188-4526-31f2-d266b41de2aa" executionId="32cfb947-b814-4e47-a45b-bd19db67a088" testListId="8c84fa94-04c1-424b-9868-57a2d4851a1d" />
    <TestEntry testId="c8d9f475-0d2c-01ff-49f8-896beab958d5" executionId="5e19d8b8-40e6-4581-a11e-9a78baec55d1" testListId="8c84fa94-04c1-424b-9868-57a2d4851a1d" />
    <TestEntry testId="41200b0a-b89d-be5b-7447-22f852721d92" executionId="59f9c964-ac43-4c3e-9709-be1710f152b2" testListId="8c84fa94-04c1-424b-9868-57a2d4851a1d" />
    <TestEntry testId="74b92fed-1c7d-84ea-101d-b4ba0f959527" executionId="6df59ba4-0bd5-47bd-b088-77942a66cf84" testListId="8c84fa94-04c1-424b-9868-57a2d4851a1d" />
    <TestEntry testId="3c732fdd-347f-bf9b-4cee-87347d32525f" executionId="ba07ec09-7299-4834-bff6-e303d128bd7c" testListId="8c84fa94-04c1-424b-9868-57a2d4851a1d" />
    <TestEntry testId="8237afc1-9210-54d8-45bd-84bf26e08f89" executionId="56847f0c-dd58-4dde-954f-a32ccf7ec433" testListId="8c84fa94-04c1-424b-9868-57a2d4851a1d" />
    <TestEntry testId="21bcc043-da28-367a-c1fb-9490833f1b89" executionId="e22a4a56-3b68-45bd-84f3-c68081afeadf" testListId="8c84fa94-04c1-424b-9868-57a2d4851a1d" />
    <TestEntry testId="848d2a90-a6ed-8153-c519-d66b9a7193d9" executionId="4e0567b1-165e-45d6-b8ee-e38fb6b83873" testListId="8c84fa94-04c1-424b-9868-57a2d4851a1d" />
    <TestEntry testId="4b66c56d-0547-dbc0-4364-ccf548a1bb40" executionId="83e80e46-327f-4e32-ab5b-abf1f7b7f100" testListId="8c84fa94-04c1-424b-9868-57a2d4851a1d" />
    <TestEntry testId="ce8c4658-51b9-647a-8bb3-9c2995dd5a3c" executionId="7388de96-9aae-4037-ba4f-9866916f96f3" testListId="8c84fa94-04c1-424b-9868-57a2d4851a1d" />
    <TestEntry testId="c6bf636f-3c18-b5d6-1346-58450e782d22" executionId="6866eb5d-7335-4ea6-9a63-87e3c9460226" testListId="8c84fa94-04c1-424b-9868-57a2d4851a1d" />
    <TestEntry testId="419ecc87-d9c8-28c4-00c0-ef118e7ae268" executionId="0c9313b7-fec3-48b7-8c87-626a99c79d88" testListId="8c84fa94-04c1-424b-9868-57a2d4851a1d" />
    <TestEntry testId="7a151ddf-b76f-a627-8d14-57dc244734db" executionId="bd667f5c-345e-4bf8-b439-ea3bc9963847" testListId="8c84fa94-04c1-424b-9868-57a2d4851a1d" />
    <TestEntry testId="4d74b8de-5123-86ec-ab4f-2d4ce6434a23" executionId="1dfd66e2-07f1-421b-bfe1-ed7439688f05" testListId="8c84fa94-04c1-424b-9868-57a2d4851a1d" />
    <TestEntry testId="0fa0c864-c433-31dc-ea26-995fbf849a90" executionId="006f43a1-21c0-4fa9-a3db-88839405b34a" testListId="8c84fa94-04c1-424b-9868-57a2d4851a1d" />
    <TestEntry testId="7f23cd21-ad85-3cc7-38be-9ece9bfed213" executionId="c090b208-9a76-413e-90e4-5b28889e3664" testListId="8c84fa94-04c1-424b-9868-57a2d4851a1d" />
    <TestEntry testId="e16968dc-e551-2d79-073b-6318cfa896ba" executionId="aea3b321-5dd9-4d71-b69d-7283d0d0e0d3" testListId="8c84fa94-04c1-424b-9868-57a2d4851a1d" />
    <TestEntry testId="efc2a789-ae09-4bb7-d172-5f2d0e3cbf23" executionId="730172a3-ec1a-4229-a092-7a4a4e0ec4f5" testListId="8c84fa94-04c1-424b-9868-57a2d4851a1d" />
    <TestEntry testId="c7fd498b-03da-468c-aa24-ce275275bb84" executionId="d870dc44-c6d6-4716-a600-0f00a05349a3" testListId="8c84fa94-04c1-424b-9868-57a2d4851a1d" />
    <TestEntry testId="04708542-086d-f6f2-88c4-fe541ab1cd55" executionId="04e4d213-8d4c-4ba3-b5b3-5d07ab87e177" testListId="8c84fa94-04c1-424b-9868-57a2d4851a1d" />
    <TestEntry testId="e6b1d0c3-adf4-f12b-3a3a-a088a5d2227c" executionId="b7faaa99-d434-44a7-87e4-dbfdbddcaed1" testListId="8c84fa94-04c1-424b-9868-57a2d4851a1d" />
    <TestEntry testId="be59208d-36e7-073c-919d-21490848351c" executionId="de58ef0f-7e9f-429c-ac68-95a4bea2529d" testListId="8c84fa94-04c1-424b-9868-57a2d4851a1d" />
    <TestEntry testId="1d439d51-4271-ce67-e4e0-d0b84f8d1caf" executionId="6a11edd2-4ede-403f-94ae-1c3e8783e0b8" testListId="8c84fa94-04c1-424b-9868-57a2d4851a1d" />
    <TestEntry testId="5eec1dec-2d00-5deb-f000-c17eea3526a6" executionId="c78beb81-dafe-463b-b9ea-d1f9c0e92b7f" testListId="8c84fa94-04c1-424b-9868-57a2d4851a1d" />
    <TestEntry testId="df3985f6-a310-5cd4-8528-b305d96c9c87" executionId="26b61f7e-99ea-45f9-972b-57c1b22dc9fa" testListId="8c84fa94-04c1-424b-9868-57a2d4851a1d" />
    <TestEntry testId="3436028f-e5c2-d0e3-5f92-c1e23c8a73cc" executionId="428793b6-06fa-4165-886b-e80b408a2bae" testListId="8c84fa94-04c1-424b-9868-57a2d4851a1d" />
    <TestEntry testId="d70b3095-42f0-132e-cf11-a2a412d875fc" executionId="35f0a03b-30c3-472b-98f2-151f4ed41550" testListId="8c84fa94-04c1-424b-9868-57a2d4851a1d" />
    <TestEntry testId="4b09d9c5-8012-6286-2d8c-2f6f560e7a3d" executionId="bce766d5-af13-4ae1-bd1b-b457c8724563" testListId="8c84fa94-04c1-424b-9868-57a2d4851a1d" />
    <TestEntry testId="e00200eb-3a34-f266-bd48-fa5530d514f6" executionId="a59efff8-7079-490c-836b-36318af75709" testListId="8c84fa94-04c1-424b-9868-57a2d4851a1d" />
    <TestEntry testId="a488094a-b6b5-d178-8919-9dcf3be59209" executionId="d36d4b81-d6da-4db6-9a29-15b50f59d65f" testListId="8c84fa94-04c1-424b-9868-57a2d4851a1d" />
    <TestEntry testId="bb7e4fc8-2bb1-dbaf-8cdd-5d93ef915f61" executionId="39a328bc-98cd-4d02-bd89-e62fe98263af" testListId="8c84fa94-04c1-424b-9868-57a2d4851a1d" />
    <TestEntry testId="311588b6-1eda-5995-3667-7c2c732d3f34" executionId="c04e4213-f06b-4017-beaf-23c7e83bb601" testListId="8c84fa94-04c1-424b-9868-57a2d4851a1d" />
    <TestEntry testId="d010d6f6-5302-e7a6-bd9d-f255dac3cdb8" executionId="ba80e1ee-c94d-4ec8-af1c-8576d5ecae96" testListId="8c84fa94-04c1-424b-9868-57a2d4851a1d" />
    <TestEntry testId="e2ca2857-33e4-4daa-d2e9-09d09dfdba1f" executionId="7fcc32fd-698e-4ae7-ad63-02231b107822" testListId="8c84fa94-04c1-424b-9868-57a2d4851a1d" />
    <TestEntry testId="c5316b43-7086-7b8f-266a-feedd9573c48" executionId="3e85a747-4418-4356-809d-30795fcc1fe8" testListId="8c84fa94-04c1-424b-9868-57a2d4851a1d" />
    <TestEntry testId="0741a97b-fe60-742a-1f50-b38d8a9cae33" executionId="a83f02ca-75d4-492e-bf3f-e95f31b1e10d" testListId="8c84fa94-04c1-424b-9868-57a2d4851a1d" />
    <TestEntry testId="62b70b12-663c-a906-288d-6817a450e2b9" executionId="6bded00c-da99-499d-8005-5fe0e4c8722f" testListId="8c84fa94-04c1-424b-9868-57a2d4851a1d" />
    <TestEntry testId="4d634782-9db9-e8af-a18d-f1e4c45e4686" executionId="6924c0c1-e914-4c7c-99d3-c8e77a343a20" testListId="8c84fa94-04c1-424b-9868-57a2d4851a1d" />
    <TestEntry testId="719fd87e-be7b-b92c-8926-a4bddcef0244" executionId="320aa981-3d4f-4061-b88f-2328393156e4" testListId="8c84fa94-04c1-424b-9868-57a2d4851a1d" />
    <TestEntry testId="d39d28ad-b64c-afa2-9212-cb9bbbf192c4" executionId="9d5f046d-0db5-4440-8f74-2990822c0154" testListId="8c84fa94-04c1-424b-9868-57a2d4851a1d" />
    <TestEntry testId="4b65b228-f0fd-3e1d-e2c9-95f312b6aeb7" executionId="dd442b6f-f8ea-458b-a187-ce402f3e1928" testListId="8c84fa94-04c1-424b-9868-57a2d4851a1d" />
    <TestEntry testId="b639588e-b414-82b2-fe24-5fe49a4a3ad3" executionId="b015f1b9-225c-4aba-9916-3625a58d8115" testListId="8c84fa94-04c1-424b-9868-57a2d4851a1d" />
    <TestEntry testId="56b49f4b-49b4-988e-f563-d6c88928143d" executionId="c6f48a96-c4a6-45d5-8047-dee6f3b288b6" testListId="8c84fa94-04c1-424b-9868-57a2d4851a1d" />
    <TestEntry testId="70548cff-07c6-a6ca-3719-5ff4c0013c06" executionId="4f13ab9f-6cbf-40de-8ddc-1354355368d6" testListId="8c84fa94-04c1-424b-9868-57a2d4851a1d" />
    <TestEntry testId="bc2dc8fc-01b0-0065-79fa-2e41ef829892" executionId="2a24b2b2-7a2f-4b0b-a338-e01a56c6c14f" testListId="8c84fa94-04c1-424b-9868-57a2d4851a1d" />
    <TestEntry testId="43e0f701-5f55-5e32-84f3-972dc14c0c0b" executionId="9de1d37f-d911-4a09-bf37-3b020dd62ab2" testListId="8c84fa94-04c1-424b-9868-57a2d4851a1d" />
    <TestEntry testId="e4cccfe6-fb6d-a0d6-3337-e528b068adae" executionId="33e826fa-2fff-48ff-91db-38a661512c55" testListId="8c84fa94-04c1-424b-9868-57a2d4851a1d" />
    <TestEntry testId="5793f365-d163-be21-ca1f-4a66a13f32b3" executionId="5d9d1c6b-d68e-4fd5-b78c-db183957cb25" testListId="8c84fa94-04c1-424b-9868-57a2d4851a1d" />
    <TestEntry testId="8951be4f-c5d7-21a4-85c8-2fc370bed815" executionId="c3d420e3-1bf6-4efd-95aa-a0348ae7008f" testListId="8c84fa94-04c1-424b-9868-57a2d4851a1d" />
    <TestEntry testId="b8d38453-fb40-0cfb-4e20-39c788746328" executionId="0b5eae91-b016-4182-bc37-34da629c4dee" testListId="8c84fa94-04c1-424b-9868-57a2d4851a1d" />
    <TestEntry testId="f4854fd4-587a-5d07-271a-654c42d2751c" executionId="dd7ab9fd-855a-4f21-9807-3aeec19e9d44" testListId="8c84fa94-04c1-424b-9868-57a2d4851a1d" />
    <TestEntry testId="0186510a-61e4-d437-2bd3-30738b03ed56" executionId="447f0a10-2b6d-40b2-b2c3-81c4fad6477d" testListId="8c84fa94-04c1-424b-9868-57a2d4851a1d" />
    <TestEntry testId="11ead46a-3fc2-e54b-9ee7-6572b1ea2616" executionId="0a54fb6b-f19e-4973-83b5-a3faf1458c38" testListId="8c84fa94-04c1-424b-9868-57a2d4851a1d" />
    <TestEntry testId="7904b819-04ff-ce91-7814-899d505d8f94" executionId="dc4c169f-8332-4746-86ab-534347faea57" testListId="8c84fa94-04c1-424b-9868-57a2d4851a1d" />
    <TestEntry testId="0abb1a8e-0900-a5c7-bfcc-230b4aaefe42" executionId="a2991871-5473-42f2-af0a-b9c3a6104f40" testListId="8c84fa94-04c1-424b-9868-57a2d4851a1d" />
    <TestEntry testId="5326d1dc-d18e-0528-8ffb-d0be584509e9" executionId="01338597-450a-4a16-a5c6-6986d5e18802" testListId="8c84fa94-04c1-424b-9868-57a2d4851a1d" />
    <TestEntry testId="785b55cc-be99-2e92-e97b-e8c0390c5420" executionId="d17ea5b1-c8e9-46f1-819b-9c7c711b8ba4" testListId="8c84fa94-04c1-424b-9868-57a2d4851a1d" />
    <TestEntry testId="fa8e579d-d6a8-b37b-9cf1-3c38331f528e" executionId="fcd9b261-ecec-41c1-811e-0eb00aa8e7df" testListId="8c84fa94-04c1-424b-9868-57a2d4851a1d" />
    <TestEntry testId="71fdf905-97fb-1d5b-9602-e52da179cf3f" executionId="e2e7fde8-0182-4a03-b781-7487555a2112" testListId="8c84fa94-04c1-424b-9868-57a2d4851a1d" />
    <TestEntry testId="386a6353-f26d-0503-41f2-052972dc214e" executionId="384012a8-6297-4235-bec6-1ebcc670eb88" testListId="8c84fa94-04c1-424b-9868-57a2d4851a1d" />
    <TestEntry testId="628515ca-7a61-a487-4f7e-7b39d713c401" executionId="bda4bbe2-29ae-42d2-9fe2-89e34ab94653" testListId="8c84fa94-04c1-424b-9868-57a2d4851a1d" />
    <TestEntry testId="65ccfc2f-2358-a64f-fe6f-c264d332c519" executionId="a578572e-48a0-4930-90be-8f5fb6cca04b" testListId="8c84fa94-04c1-424b-9868-57a2d4851a1d" />
    <TestEntry testId="c565182f-b75e-4a8b-1a2d-674dce2fa509" executionId="b5c42453-1d88-44ce-acaf-59a416bcb489" testListId="8c84fa94-04c1-424b-9868-57a2d4851a1d" />
    <TestEntry testId="8abb9da4-977b-effb-b6fc-988ee16d7ff4" executionId="b0d8d179-4f8b-4008-b7cd-1c99c64ba311" testListId="8c84fa94-04c1-424b-9868-57a2d4851a1d" />
    <TestEntry testId="7df385e8-e01d-d2ef-2361-abb8175fc7ae" executionId="9d844b3e-5f28-4621-b2c6-464fc8f11447" testListId="8c84fa94-04c1-424b-9868-57a2d4851a1d" />
    <TestEntry testId="f3af6a34-22dc-525a-ddbc-41c7a3c42ddc" executionId="2d21b689-2c71-45b7-b38e-82f48682d1a4" testListId="8c84fa94-04c1-424b-9868-57a2d4851a1d" />
    <TestEntry testId="4aa2fb53-f9e4-f471-3a9f-14715f467049" executionId="1c53f430-51f7-4c38-aca3-0c7e55802297" testListId="8c84fa94-04c1-424b-9868-57a2d4851a1d" />
    <TestEntry testId="64432d28-23cd-4cf2-4daf-935cfc9905b7" executionId="cdbbb4df-267e-4de1-bb1a-7e0128751eef" testListId="8c84fa94-04c1-424b-9868-57a2d4851a1d" />
    <TestEntry testId="02239eb7-c4a2-34a6-024f-aeb38f7bff3d" executionId="61f969ae-d060-443f-b446-0554f2ab7758" testListId="8c84fa94-04c1-424b-9868-57a2d4851a1d" />
    <TestEntry testId="eae9a8da-630f-ea44-decf-a8ef3a38d81d" executionId="773b14fe-aa4c-434b-8422-d8f8abd3ef89" testListId="8c84fa94-04c1-424b-9868-57a2d4851a1d" />
    <TestEntry testId="0ebe3939-f18c-dec0-703f-01349ca5c1ad" executionId="648640b5-0aad-4abb-8152-fce337198050" testListId="8c84fa94-04c1-424b-9868-57a2d4851a1d" />
    <TestEntry testId="1e6f2372-9d34-e630-93c8-967c7d09f6b9" executionId="23797dd1-03e4-4993-a9d4-e9ff7baf228b" testListId="8c84fa94-04c1-424b-9868-57a2d4851a1d" />
    <TestEntry testId="6fe47bce-1f86-6cf6-afbe-6725ac8bf44c" executionId="ce52b34f-041f-444d-8549-98dc3416ab48" testListId="8c84fa94-04c1-424b-9868-57a2d4851a1d" />
    <TestEntry testId="859e7823-e1a7-1174-301f-2aa38167af9b" executionId="8e4a381e-b1d4-4a7b-ba07-931921f7f500" testListId="8c84fa94-04c1-424b-9868-57a2d4851a1d" />
    <TestEntry testId="a92ca949-d664-bb06-21ee-ed111f1dab55" executionId="2c1e5dde-b949-414a-adff-d0934fa27da5" testListId="8c84fa94-04c1-424b-9868-57a2d4851a1d" />
    <TestEntry testId="a73c4b3c-3d13-f62c-d2e5-567ad0be5c42" executionId="2a57da9d-8f4f-4c0e-b195-2c991593d06f" testListId="8c84fa94-04c1-424b-9868-57a2d4851a1d" />
    <TestEntry testId="eda712ea-15dc-6cac-535c-79a64a40aa02" executionId="7272aa8f-39d3-4e36-a347-580d7a7c1103" testListId="8c84fa94-04c1-424b-9868-57a2d4851a1d" />
    <TestEntry testId="45b47e45-8abc-9102-029a-0eb6ca1d5e58" executionId="1546cd85-8fbf-4e5b-97f7-010512eb91eb" testListId="8c84fa94-04c1-424b-9868-57a2d4851a1d" />
    <TestEntry testId="f4a21ccd-5b4f-d613-e7b9-440db30d38e4" executionId="cbba7341-10f6-47b6-90fc-1d225adfcc2b" testListId="8c84fa94-04c1-424b-9868-57a2d4851a1d" />
    <TestEntry testId="79aa3047-78e8-7f3b-b717-0010e3a4cd51" executionId="d334087a-b075-43e6-b5f4-f7bcc1e3e313" testListId="8c84fa94-04c1-424b-9868-57a2d4851a1d" />
    <TestEntry testId="bd80c668-2405-22c1-740d-ec63dfd58306" executionId="a85ed80c-a715-4e52-a1f2-3a7b4a9ad5a0" testListId="8c84fa94-04c1-424b-9868-57a2d4851a1d" />
    <TestEntry testId="6b78f8da-fc12-62dc-9f88-c5e10a98f007" executionId="def308ad-e862-45c0-800b-fa74e45457d8" testListId="8c84fa94-04c1-424b-9868-57a2d4851a1d" />
    <TestEntry testId="451dabd5-e4bb-ea9d-054e-87b0f58becfa" executionId="536c3ec0-e27c-4737-9925-4eb120c32395" testListId="8c84fa94-04c1-424b-9868-57a2d4851a1d" />
    <TestEntry testId="ad74bc79-5a2e-0559-0112-48492a8006d2" executionId="25f4a145-6e82-4ff8-986b-e5be36ecb743" testListId="8c84fa94-04c1-424b-9868-57a2d4851a1d" />
    <TestEntry testId="4ae6f156-51db-bc15-8975-b99fe55a99a8" executionId="0634a421-3633-4b9f-a2b5-4fc6759de04d" testListId="8c84fa94-04c1-424b-9868-57a2d4851a1d" />
    <TestEntry testId="29406890-f674-40b1-2efb-3ed40d66af1f" executionId="e41975aa-4cc8-4eb0-93aa-f7f819445b06" testListId="8c84fa94-04c1-424b-9868-57a2d4851a1d" />
    <TestEntry testId="35113593-4524-9172-cef8-1a1f5c1dfb29" executionId="aa7f8d4e-97b2-4476-bf8e-ee41084e7b71" testListId="8c84fa94-04c1-424b-9868-57a2d4851a1d" />
    <TestEntry testId="58d53652-da34-09db-a06d-1fae2bb18f28" executionId="ea335045-da51-4ebc-8af6-923eeb989f18" testListId="8c84fa94-04c1-424b-9868-57a2d4851a1d" />
    <TestEntry testId="83a97307-8552-7789-5b14-74a21c8cbcd2" executionId="fc0311b2-ad7f-4d68-b938-d710e581bedd" testListId="8c84fa94-04c1-424b-9868-57a2d4851a1d" />
    <TestEntry testId="43c3749f-0376-2035-bd94-4df92053dab3" executionId="2659d9c6-edd4-449e-914d-9f99b1484584" testListId="8c84fa94-04c1-424b-9868-57a2d4851a1d" />
    <TestEntry testId="fb9b5d5a-ec48-a3ed-07db-cf85d51b9faa" executionId="65a03eb9-b949-4682-9dc6-fea0223ba7ce" testListId="8c84fa94-04c1-424b-9868-57a2d4851a1d" />
    <TestEntry testId="e8d6ba9d-db50-0e05-06db-5789675388b8" executionId="91256ee4-7302-4aaf-ab59-1e6598e76f4c" testListId="8c84fa94-04c1-424b-9868-57a2d4851a1d" />
    <TestEntry testId="eb615c68-e5d1-28d7-b038-0571a7587ad1" executionId="657fcbae-eee0-4620-a5dd-129f443cfdfd" testListId="8c84fa94-04c1-424b-9868-57a2d4851a1d" />
    <TestEntry testId="c2a86a28-0c33-4ec7-8c21-c750433881c4" executionId="a3575afa-9029-4163-883c-b391ad3fc00a" testListId="8c84fa94-04c1-424b-9868-57a2d4851a1d" />
    <TestEntry testId="69c4777a-51de-9c54-0ee3-eb6af65c109e" executionId="da27bfb6-ba24-4053-8d1c-085ecf2c75d2" testListId="8c84fa94-04c1-424b-9868-57a2d4851a1d" />
    <TestEntry testId="58ed8150-ee65-8df8-a854-bba06457b4da" executionId="2be29477-05f9-44ce-8424-f52e50f3fa0a" testListId="8c84fa94-04c1-424b-9868-57a2d4851a1d" />
    <TestEntry testId="7c3fcb5f-2001-b092-5026-72ef7da49275" executionId="98c0650b-6153-4183-bcee-8447cc53a52f" testListId="8c84fa94-04c1-424b-9868-57a2d4851a1d" />
    <TestEntry testId="a6927394-4cdf-6861-5383-48d3191f12fe" executionId="cc4c1e1e-36ca-4432-8ba2-506b3c9f5530" testListId="8c84fa94-04c1-424b-9868-57a2d4851a1d" />
    <TestEntry testId="860765f6-59d4-c798-166f-19857f828734" executionId="9ab271db-ecd8-4bdd-b4d1-aca49b65d19d" testListId="8c84fa94-04c1-424b-9868-57a2d4851a1d" />
    <TestEntry testId="71b16f9b-dbb0-7a23-533d-802c9512270b" executionId="579988c3-3a9a-4e95-a1ae-8e8349db9669" testListId="8c84fa94-04c1-424b-9868-57a2d4851a1d" />
    <TestEntry testId="40488d75-026c-550a-6026-e97b07265e5b" executionId="53a22224-f33c-46c0-b283-bd5a6097cf02" testListId="8c84fa94-04c1-424b-9868-57a2d4851a1d" />
    <TestEntry testId="fd4f7d41-f937-f359-41b7-f6b589c2bdd7" executionId="64c13c39-11df-4a07-8450-6027a33a992a" testListId="8c84fa94-04c1-424b-9868-57a2d4851a1d" />
    <TestEntry testId="5fa0a4c4-15f2-a193-6e7e-18d36636da1f" executionId="b3445366-6a6a-439a-9114-61c133de7a04" testListId="8c84fa94-04c1-424b-9868-57a2d4851a1d" />
    <TestEntry testId="4191e320-5572-4ed4-213f-949531d6a246" executionId="c18035de-4937-483d-9158-46d88e03c9cf" testListId="8c84fa94-04c1-424b-9868-57a2d4851a1d" />
    <TestEntry testId="daebc394-ed43-a172-b3fd-00de92d9d60e" executionId="b8e53d82-8517-43ad-bbb7-26f01bfd1960" testListId="8c84fa94-04c1-424b-9868-57a2d4851a1d" />
    <TestEntry testId="9302047d-d400-9bf9-4ba4-2e05b31dc9ec" executionId="1b4e03f3-9b24-4164-8e05-9c1704c72771" testListId="8c84fa94-04c1-424b-9868-57a2d4851a1d" />
    <TestEntry testId="600c9577-9456-49fc-a1f1-839a5e62cae7" executionId="9c232e9f-f5ed-40da-9f0e-88f588832649" testListId="8c84fa94-04c1-424b-9868-57a2d4851a1d" />
    <TestEntry testId="21c3231d-e912-0f46-5fbf-421ff3f2435e" executionId="02793d2b-ed72-4090-837e-1e8733b8ae20" testListId="8c84fa94-04c1-424b-9868-57a2d4851a1d" />
    <TestEntry testId="6df8a807-c182-b8aa-45a8-8ae3c76a3ec5" executionId="ac097f1c-c1ae-4f49-89b0-0eb8bea36f43" testListId="8c84fa94-04c1-424b-9868-57a2d4851a1d" />
    <TestEntry testId="004cf38c-62a9-5d39-4e66-385c7c495389" executionId="c5aa0d12-ac5d-4b45-abd4-51608bd5d6f7" testListId="8c84fa94-04c1-424b-9868-57a2d4851a1d" />
    <TestEntry testId="aff0dd6a-515d-d68f-384c-79614af1fe73" executionId="0d4a7473-7266-4c9b-9abd-e5990b38d7e0" testListId="8c84fa94-04c1-424b-9868-57a2d4851a1d" />
    <TestEntry testId="e4a60893-7e5b-dc4d-fd91-d28f1c9b83a3" executionId="c64ce059-11c6-47b5-be3b-dd59c2dd09b0" testListId="8c84fa94-04c1-424b-9868-57a2d4851a1d" />
    <TestEntry testId="c2c62cce-7606-0af4-5c6b-a30ffe30b4ea" executionId="dd383244-5c7c-40e5-804d-d29487d1b734" testListId="8c84fa94-04c1-424b-9868-57a2d4851a1d" />
    <TestEntry testId="0bcee855-d67d-6b06-b494-da6df454ba12" executionId="2bd5176a-978e-4e28-8352-674504799186" testListId="8c84fa94-04c1-424b-9868-57a2d4851a1d" />
    <TestEntry testId="3a61649c-91c3-4f1a-8a11-3480d7ff1651" executionId="baf27c27-9e67-4fc0-9197-b5b374f21f22" testListId="8c84fa94-04c1-424b-9868-57a2d4851a1d" />
    <TestEntry testId="b7ec82f7-3497-4dc6-bb74-fbcde89b4ab4" executionId="5d98a68a-c297-431f-8ea2-518618f6777c" testListId="8c84fa94-04c1-424b-9868-57a2d4851a1d" />
    <TestEntry testId="17734bbb-2d3a-adb5-e319-0683f12164eb" executionId="9c073675-ffc0-43ca-b917-91adc006a0f9" testListId="8c84fa94-04c1-424b-9868-57a2d4851a1d" />
    <TestEntry testId="abb79c21-cbdf-18a9-eb27-48d7cd452ee8" executionId="c912a469-968f-4af9-a6b1-d1278bdf42fb" testListId="8c84fa94-04c1-424b-9868-57a2d4851a1d" />
    <TestEntry testId="03e5974c-7aa0-7aa6-bbeb-a5715ea0d1d7" executionId="2b22f254-743f-40c0-8342-9ad6c6f1be13" testListId="8c84fa94-04c1-424b-9868-57a2d4851a1d" />
    <TestEntry testId="024506f9-eb28-1802-65f5-4eafd9fc8776" executionId="919a70f2-7855-4385-aa76-5e612921a441" testListId="8c84fa94-04c1-424b-9868-57a2d4851a1d" />
    <TestEntry testId="d0b4fe44-6c66-e0d0-90f7-7f93ef97fe01" executionId="57db2ee7-1dba-4dfd-88f9-d8540e4439bd" testListId="8c84fa94-04c1-424b-9868-57a2d4851a1d" />
    <TestEntry testId="a4d82a7a-0101-77be-aadf-7ad891442135" executionId="5fb8a874-0ce4-4538-9f44-55048b5845ee" testListId="8c84fa94-04c1-424b-9868-57a2d4851a1d" />
    <TestEntry testId="ebee2a3c-e88d-7c65-2391-8d47991a3a48" executionId="652a71f0-84e7-4710-863d-0795b50f9ec4" testListId="8c84fa94-04c1-424b-9868-57a2d4851a1d" />
    <TestEntry testId="e46dbe14-100d-b571-9fb5-196347dd96ac" executionId="76cbc5b3-e304-40e2-9dcf-f06c3ee105b5" testListId="8c84fa94-04c1-424b-9868-57a2d4851a1d" />
    <TestEntry testId="c02eb5c0-31bb-eec0-3d85-1a1ef8849db8" executionId="b6f63c38-3c37-4090-aaf3-32e2ffcfed9c" testListId="8c84fa94-04c1-424b-9868-57a2d4851a1d" />
    <TestEntry testId="45e81eff-7762-2319-5d11-e20e90ac1295" executionId="7b1f391d-cb7d-4f6b-8371-b5aafe01d85f" testListId="8c84fa94-04c1-424b-9868-57a2d4851a1d" />
    <TestEntry testId="35e23acf-2036-4d69-e77b-27d58a55d61b" executionId="881f1ea0-d5ab-4fc6-8980-fdbf162188eb" testListId="8c84fa94-04c1-424b-9868-57a2d4851a1d" />
    <TestEntry testId="96b3d30f-d6cb-f987-10e4-934fbe7403b3" executionId="0548be22-0d0c-43b2-bb33-e01daef2f711" testListId="8c84fa94-04c1-424b-9868-57a2d4851a1d" />
    <TestEntry testId="b7b5c3d9-6be3-63ed-4bf9-77972c7bde14" executionId="8fc9675a-2130-4f76-8132-dc9bd8121e27" testListId="8c84fa94-04c1-424b-9868-57a2d4851a1d" />
    <TestEntry testId="113c211f-ff70-231a-7b9d-03413cd134d7" executionId="3593bc17-6269-4846-85cd-fca01f81771c" testListId="8c84fa94-04c1-424b-9868-57a2d4851a1d" />
    <TestEntry testId="a66db8ec-8bb4-14b5-d72b-619fdbf967a5" executionId="95d17e92-a177-4f29-af9f-e94eb8997105" testListId="8c84fa94-04c1-424b-9868-57a2d4851a1d" />
    <TestEntry testId="9aef4d88-299a-c26b-3a27-57af3cba67d3" executionId="55890814-42ff-4267-8643-9a400be4ad10" testListId="8c84fa94-04c1-424b-9868-57a2d4851a1d" />
    <TestEntry testId="ba3d44ab-713b-26da-eeee-600e16cfe130" executionId="7a1b20b5-6fe0-4c7c-bc84-2c948e94e874" testListId="8c84fa94-04c1-424b-9868-57a2d4851a1d" />
    <TestEntry testId="c799afbc-d101-a624-f73a-4e94981b0f2a" executionId="5bd4f927-8078-40df-ba0a-8cdfe71bc39a" testListId="8c84fa94-04c1-424b-9868-57a2d4851a1d" />
    <TestEntry testId="e2350845-1f3f-6907-3805-d81b5dce3aed" executionId="d0157ec3-ea95-487e-b399-b4db2024e787" testListId="8c84fa94-04c1-424b-9868-57a2d4851a1d" />
    <TestEntry testId="4951aa5a-960f-b892-8f82-3d3748c1e3da" executionId="9fbb2e8c-08e6-4572-87b6-5391390122bf" testListId="8c84fa94-04c1-424b-9868-57a2d4851a1d" />
    <TestEntry testId="546fc2ea-9df5-50bd-d263-31b0a2faf8aa" executionId="dc45af51-7625-406d-897e-0914e8d7dbe5" testListId="8c84fa94-04c1-424b-9868-57a2d4851a1d" />
    <TestEntry testId="32b6919d-1fc0-c669-26d4-2a969f5a55fe" executionId="2c911eaf-681f-4f91-9755-da0332414019" testListId="8c84fa94-04c1-424b-9868-57a2d4851a1d" />
    <TestEntry testId="0978a2bb-d483-0479-bb70-260f687971c0" executionId="606de3ac-7491-4980-8236-ea8eb2dc8563" testListId="8c84fa94-04c1-424b-9868-57a2d4851a1d" />
    <TestEntry testId="257cee71-ac96-77a9-908c-68bd8420739c" executionId="5d0a2f79-2add-442d-a73b-9938f3e87409" testListId="8c84fa94-04c1-424b-9868-57a2d4851a1d" />
    <TestEntry testId="4d3ac1b1-3fbf-8e2e-a5b3-6011afbd1d48" executionId="50f9548c-6b2e-4959-8e8e-7876df489ccb" testListId="8c84fa94-04c1-424b-9868-57a2d4851a1d" />
    <TestEntry testId="ea15b94d-4a9c-5bee-a95c-770e518c855b" executionId="b58ac13e-1c2b-46a1-a513-84158cd15e70" testListId="8c84fa94-04c1-424b-9868-57a2d4851a1d" />
    <TestEntry testId="5234899e-b699-a182-8741-15341fb350c8" executionId="7fcb8789-4e36-4942-a71c-c79a205ad36d" testListId="8c84fa94-04c1-424b-9868-57a2d4851a1d" />
    <TestEntry testId="40f4c03f-760c-5f9a-0d6d-791657138d6a" executionId="53876a71-4993-4021-8338-e79fb3d4ab76" testListId="8c84fa94-04c1-424b-9868-57a2d4851a1d" />
    <TestEntry testId="d8dcd89f-df1d-9e50-f8f8-844883603fea" executionId="2b41f1bf-1b9e-44a9-864b-6037440562ac" testListId="8c84fa94-04c1-424b-9868-57a2d4851a1d" />
    <TestEntry testId="c3298b2d-9863-1896-98e3-77805a105e1c" executionId="e329ecff-fe15-4dea-8dc8-e923c800aa5f" testListId="8c84fa94-04c1-424b-9868-57a2d4851a1d" />
    <TestEntry testId="a2f90830-dfa6-05f0-71fa-365928f71cdd" executionId="71b56375-a43e-49d9-ba86-1469bd3545f8" testListId="8c84fa94-04c1-424b-9868-57a2d4851a1d" />
    <TestEntry testId="a461dd4d-6d71-3e10-f8bf-9d15ad34f5c8" executionId="d55565e3-afa4-4ee8-88a0-4fe8c2bbf8be" testListId="8c84fa94-04c1-424b-9868-57a2d4851a1d" />
    <TestEntry testId="64584126-c6a0-fbd7-9fe1-1a9b0d36c2b6" executionId="9eb14562-7ffa-4cf9-afc1-23f11efb0c38" testListId="8c84fa94-04c1-424b-9868-57a2d4851a1d" />
    <TestEntry testId="9c48ba54-1163-2299-84d2-c7df2b4c3889" executionId="e34d0768-b0d5-4db5-af59-99d470f0d6a7" testListId="8c84fa94-04c1-424b-9868-57a2d4851a1d" />
    <TestEntry testId="f057999f-37d3-2f7d-8c71-29439544f997" executionId="2cb87a44-7e8f-46e6-aba1-882fa1706f73" testListId="8c84fa94-04c1-424b-9868-57a2d4851a1d" />
    <TestEntry testId="764dde41-f2ed-c432-64e0-910368db710d" executionId="c36fe1ee-5f63-4387-925c-c88e31abe485" testListId="8c84fa94-04c1-424b-9868-57a2d4851a1d" />
    <TestEntry testId="5196bde9-6c75-174a-8f79-d717861ecd56" executionId="62d60b66-0ca7-4cc3-9471-925124c57c26" testListId="8c84fa94-04c1-424b-9868-57a2d4851a1d" />
    <TestEntry testId="a4a7e920-6be7-0270-88f5-4a528c0a4ff3" executionId="dc4b61c9-66fe-4287-9ce7-908949c5c11e" testListId="8c84fa94-04c1-424b-9868-57a2d4851a1d" />
    <TestEntry testId="97c96922-5169-8a4b-ec79-8c51fbb945f4" executionId="393fc951-36fe-4d36-90ef-ed00c69fb1e0" testListId="8c84fa94-04c1-424b-9868-57a2d4851a1d" />
    <TestEntry testId="dbb1fa1a-a5ee-99ca-9749-48d31eb98113" executionId="1f8abdf2-3d27-49ba-8778-673531f97afb" testListId="8c84fa94-04c1-424b-9868-57a2d4851a1d" />
    <TestEntry testId="80ed38c5-93c8-ab9c-2988-31b35fec47a3" executionId="8f230e02-e32c-4c5c-b10b-41584fddf086" testListId="8c84fa94-04c1-424b-9868-57a2d4851a1d" />
    <TestEntry testId="28ae16d9-787d-277c-8346-a2bcbe4da144" executionId="2c5e1dbb-3c93-4021-bd57-6ebc05530af3" testListId="8c84fa94-04c1-424b-9868-57a2d4851a1d" />
    <TestEntry testId="832e2e19-99a8-b743-8cd7-c0180c963ece" executionId="1cee05fa-27a7-41a0-a880-f05cb33de51b" testListId="8c84fa94-04c1-424b-9868-57a2d4851a1d" />
    <TestEntry testId="99d674fc-9d36-ee84-15f3-75180d0ffbf0" executionId="d46e0760-7ba9-4fc2-9ef5-abad34762408" testListId="8c84fa94-04c1-424b-9868-57a2d4851a1d" />
    <TestEntry testId="7e773498-17b4-9b46-23f5-2783933d2759" executionId="742f0f0e-70aa-493e-bd58-e52c92cf99b7" testListId="8c84fa94-04c1-424b-9868-57a2d4851a1d" />
    <TestEntry testId="bbb038e9-9a9b-9724-0ae6-d339784c9041" executionId="f697c5ec-31db-4138-bc1c-51753816185b" testListId="8c84fa94-04c1-424b-9868-57a2d4851a1d" />
    <TestEntry testId="a8348a06-7119-4e51-65fc-4cd73de7f6cb" executionId="6baed3ef-5ed4-4245-ab7c-ac55cfe8a6e9" testListId="8c84fa94-04c1-424b-9868-57a2d4851a1d" />
    <TestEntry testId="b5a90a67-8ab0-67af-7979-e040eeab7b97" executionId="cfee389b-9d09-4492-b6a9-248a115e23b0" testListId="8c84fa94-04c1-424b-9868-57a2d4851a1d" />
    <TestEntry testId="96aa3d29-1365-f48b-4ac9-cdc761ea41b1" executionId="48ae7877-c0a1-4208-baf4-8750a4a7830b" testListId="8c84fa94-04c1-424b-9868-57a2d4851a1d" />
    <TestEntry testId="e6f60af7-eaed-5b55-816d-6d2a50c98932" executionId="2f2d19ed-59f6-488c-a86c-42a5b00c3077" testListId="8c84fa94-04c1-424b-9868-57a2d4851a1d" />
    <TestEntry testId="9a124f11-40ca-d2aa-a849-6941897e0c0b" executionId="28b6b9f7-f571-4dbe-b896-bcd598242082" testListId="8c84fa94-04c1-424b-9868-57a2d4851a1d" />
    <TestEntry testId="e384d116-33c4-57e3-344d-6dd941c8a721" executionId="b001f506-1b08-40cd-a038-5b26228160d0" testListId="8c84fa94-04c1-424b-9868-57a2d4851a1d" />
    <TestEntry testId="5220db90-feed-daf9-71ce-ce8aa9bc9232" executionId="e8ca7fe0-c94b-43c9-8cd8-6323974fdc1b" testListId="8c84fa94-04c1-424b-9868-57a2d4851a1d" />
    <TestEntry testId="bf09f141-5d04-1546-3599-f58a7debd81e" executionId="172689c7-def4-4041-a71c-dc994fcd2734" testListId="8c84fa94-04c1-424b-9868-57a2d4851a1d" />
    <TestEntry testId="e073dcb9-6292-6a4c-9a77-75ed0e912310" executionId="5230beac-3ed0-427c-8ca2-e36cbd4e143a" testListId="8c84fa94-04c1-424b-9868-57a2d4851a1d" />
    <TestEntry testId="7bf7f3ca-374b-b9a9-53c4-47a8ad354e7e" executionId="09b788d2-b986-4ee5-9cd6-4789aa608b83" testListId="8c84fa94-04c1-424b-9868-57a2d4851a1d" />
    <TestEntry testId="94726e39-ff6c-190e-418c-075986e08585" executionId="6988fb27-2743-49e4-a74f-5ed90f15a9c3" testListId="8c84fa94-04c1-424b-9868-57a2d4851a1d" />
    <TestEntry testId="d377bd87-4eea-3f7f-c041-91df35d9ea10" executionId="c5c03e75-8c74-404f-a404-73a1a15ad2fe" testListId="8c84fa94-04c1-424b-9868-57a2d4851a1d" />
    <TestEntry testId="ed2b1e2d-f079-ec9f-030f-6c4deaa52702" executionId="10b26a52-7942-4846-bfd8-5a7931324129" testListId="8c84fa94-04c1-424b-9868-57a2d4851a1d" />
    <TestEntry testId="04b5ae4a-9995-af19-61fb-019921680928" executionId="2e0b53f3-2869-49d2-b1b6-494bf5af4585" testListId="8c84fa94-04c1-424b-9868-57a2d4851a1d" />
    <TestEntry testId="b923c1df-de90-30ce-6175-be67d41806a2" executionId="e065f352-8aba-4f7d-ba74-e3545e1df77a" testListId="8c84fa94-04c1-424b-9868-57a2d4851a1d" />
    <TestEntry testId="1b5e4bdd-94b8-c181-30ec-747619ebfce8" executionId="14c36701-b751-44ab-8312-ce90d4299e8e" testListId="8c84fa94-04c1-424b-9868-57a2d4851a1d" />
    <TestEntry testId="fbe41254-a5bc-bdde-4d71-8c5eb07a0fb3" executionId="f7bd0fbd-7e56-487d-a871-a65365a38a76" testListId="8c84fa94-04c1-424b-9868-57a2d4851a1d" />
    <TestEntry testId="2f443958-bb91-68f7-90b6-2eae1e3219b3" executionId="d094572e-2dd9-487d-95ae-c5c6e1eac184" testListId="8c84fa94-04c1-424b-9868-57a2d4851a1d" />
    <TestEntry testId="bf1576c7-03bd-feeb-bbbd-0a36863eaddc" executionId="22969151-3ef1-4a18-8cac-b7939ebe3b4d" testListId="8c84fa94-04c1-424b-9868-57a2d4851a1d" />
    <TestEntry testId="632ea7a5-ff19-c828-ab06-71f1c1ae0c57" executionId="8e489351-fece-4ca3-a293-4bb09bc029f5" testListId="8c84fa94-04c1-424b-9868-57a2d4851a1d" />
    <TestEntry testId="2a24dcb9-e2e0-3650-3ac7-5ec77389adc1" executionId="7c335408-d0ac-4ac8-bd5e-eff5b39c18bf" testListId="8c84fa94-04c1-424b-9868-57a2d4851a1d" />
    <TestEntry testId="209edf4d-3b12-5a43-fec0-fca0d1a4ea6d" executionId="60bab3a8-f771-4c71-9925-eea444628586" testListId="8c84fa94-04c1-424b-9868-57a2d4851a1d" />
    <TestEntry testId="b972bb3a-6c4e-4339-3ada-7c478c5f6ecf" executionId="304c34a6-5840-495b-bdd2-e4a39a6b9772" testListId="8c84fa94-04c1-424b-9868-57a2d4851a1d" />
    <TestEntry testId="5eb51ac6-bd9f-5d8a-8a44-d83118d83beb" executionId="20573c94-405a-488c-a550-721376d59cb2" testListId="8c84fa94-04c1-424b-9868-57a2d4851a1d" />
    <TestEntry testId="a8b1a1f3-a70e-7194-337a-f959c6974971" executionId="23b9b674-cb72-48ba-8698-d88f56ee3230" testListId="8c84fa94-04c1-424b-9868-57a2d4851a1d" />
    <TestEntry testId="39c7a244-b75e-9f86-9d15-adfafecd21ca" executionId="58666e8f-d97e-4ac2-9ad5-937a77278a0f" testListId="8c84fa94-04c1-424b-9868-57a2d4851a1d" />
    <TestEntry testId="a888e7ea-dbd1-07c6-66f1-9d366fb67e32" executionId="86f2d519-d49b-49a9-89c0-23f4e552e477" testListId="8c84fa94-04c1-424b-9868-57a2d4851a1d" />
    <TestEntry testId="2f906df4-9555-6f9b-9ae5-24f39050321b" executionId="689b3c62-a7a2-4a2c-9ada-5ee89ba8f304" testListId="8c84fa94-04c1-424b-9868-57a2d4851a1d" />
    <TestEntry testId="6e94a57e-5259-7bdc-f138-c47a49ede1a1" executionId="ea57f83a-35a4-4e68-bd0a-4f239ed0cc60" testListId="8c84fa94-04c1-424b-9868-57a2d4851a1d" />
    <TestEntry testId="e88588cc-8ef9-e4ad-51dd-2a16e11570f5" executionId="ce41f460-5054-4ecb-b60c-14bfe2b5562a" testListId="8c84fa94-04c1-424b-9868-57a2d4851a1d" />
    <TestEntry testId="c74c54e8-6590-d76d-eaee-baa60a589aef" executionId="60834ca6-5f33-4d48-b0ac-061ffbbe0390" testListId="8c84fa94-04c1-424b-9868-57a2d4851a1d" />
    <TestEntry testId="62f72a9e-2ef3-be6d-f944-7dcdbad45b8b" executionId="b402de35-b8a3-41e3-ae66-f38302c7e8c2" testListId="8c84fa94-04c1-424b-9868-57a2d4851a1d" />
    <TestEntry testId="c7b07fde-ab61-697a-6040-f2f4c1529d34" executionId="2193f3dc-13cd-49a7-9d2f-0c8c1a1888de" testListId="8c84fa94-04c1-424b-9868-57a2d4851a1d" />
    <TestEntry testId="d45e0a24-dbfe-46a9-68b0-8da0a6094838" executionId="05619ae6-2f49-4f45-bfe2-64875db7ac31" testListId="8c84fa94-04c1-424b-9868-57a2d4851a1d" />
    <TestEntry testId="7875ceff-fafb-ef65-16f6-def9c021cbb8" executionId="ae751665-c6bb-4105-beef-16dd2d059350" testListId="8c84fa94-04c1-424b-9868-57a2d4851a1d" />
    <TestEntry testId="4662df59-28c1-5a49-3a88-d0d7d9c3969d" executionId="c043aa29-9298-434a-b9de-59bd601af79f" testListId="8c84fa94-04c1-424b-9868-57a2d4851a1d" />
    <TestEntry testId="84185e06-3828-77a5-d8c9-c2b462b8ff8c" executionId="b52c239a-68c6-4fb3-bfe8-d0baa4ed9ab5" testListId="8c84fa94-04c1-424b-9868-57a2d4851a1d" />
    <TestEntry testId="032648fc-0fdc-1a5c-ef88-d85403381c03" executionId="a5d38858-4f4e-4e09-abcf-ca50ab9dbe07" testListId="8c84fa94-04c1-424b-9868-57a2d4851a1d" />
    <TestEntry testId="b643553f-2706-197d-9fb1-e9b050657f08" executionId="e1a98398-763f-4f6a-96aa-5ce2d25e5500" testListId="8c84fa94-04c1-424b-9868-57a2d4851a1d" />
    <TestEntry testId="e238789f-1332-cb64-de78-1a020fa88304" executionId="492672a2-f190-49eb-bb15-2a25f46c2192" testListId="8c84fa94-04c1-424b-9868-57a2d4851a1d" />
    <TestEntry testId="32711e52-56ae-2f9f-7aac-180402232486" executionId="430131bc-48c2-4a31-807f-08606b4eab6a" testListId="8c84fa94-04c1-424b-9868-57a2d4851a1d" />
    <TestEntry testId="f113347a-114d-883f-0643-fe2e125f5daa" executionId="f291e707-ea1d-44d9-9007-24cee76e0c3d" testListId="8c84fa94-04c1-424b-9868-57a2d4851a1d" />
    <TestEntry testId="eb4b3a2e-3867-f16d-1f8c-063517acc541" executionId="3e9e5367-83ce-4977-a30b-a527ba3b3796" testListId="8c84fa94-04c1-424b-9868-57a2d4851a1d" />
    <TestEntry testId="85025e54-3d28-2e1a-ba9d-a38988743c83" executionId="2604fa9b-a077-4bc0-b8e2-700cb547f77d" testListId="8c84fa94-04c1-424b-9868-57a2d4851a1d" />
    <TestEntry testId="da69ab52-f883-eabf-8235-9cb66a514e58" executionId="6a9fb094-a65d-4dd5-a46d-bf056d808859" testListId="8c84fa94-04c1-424b-9868-57a2d4851a1d" />
    <TestEntry testId="6348b4b0-49f7-9204-9791-fbfe727cb8b8" executionId="6f992f93-5f56-4a32-980e-5602c2803fb5" testListId="8c84fa94-04c1-424b-9868-57a2d4851a1d" />
    <TestEntry testId="341610ea-9bd8-25a4-90fc-740a57823f92" executionId="34d4d995-4b7c-46f1-9a25-05e9cf854097" testListId="8c84fa94-04c1-424b-9868-57a2d4851a1d" />
    <TestEntry testId="1e5c078d-f94d-c926-473c-575e7ad77b95" executionId="97177779-96e6-4fcb-be2d-5a87419ba65d" testListId="8c84fa94-04c1-424b-9868-57a2d4851a1d" />
    <TestEntry testId="fe527e8d-5e3e-18c1-ed37-cc075512021b" executionId="257c3548-52dc-4ef2-9e8c-d06c4478f77a" testListId="8c84fa94-04c1-424b-9868-57a2d4851a1d" />
    <TestEntry testId="ffb7284d-9149-6f2f-e2cd-12399f61de50" executionId="2466b401-6d92-44d3-bdbd-e9db0e2f3c84" testListId="8c84fa94-04c1-424b-9868-57a2d4851a1d" />
    <TestEntry testId="d2a2118e-f836-73de-010f-9e6a0f9038b3" executionId="d7ef1e75-2250-4958-940b-19dc557d50ac" testListId="8c84fa94-04c1-424b-9868-57a2d4851a1d" />
    <TestEntry testId="4981a909-3e1a-e6df-4bdc-c1e8e4928845" executionId="5fda6b90-1b68-4f2b-94ce-06ed2911eff3" testListId="8c84fa94-04c1-424b-9868-57a2d4851a1d" />
    <TestEntry testId="57ff7061-f165-0166-a6d9-95fdfc400dea" executionId="08605f4e-57c1-4f70-b443-79dc77ae3440" testListId="8c84fa94-04c1-424b-9868-57a2d4851a1d" />
    <TestEntry testId="c9bdc46f-9c2d-d658-e774-72448865739f" executionId="8ab13b91-adfd-4e63-bfc9-ce583ebdc89b" testListId="8c84fa94-04c1-424b-9868-57a2d4851a1d" />
    <TestEntry testId="4f1f0a63-e0be-64e6-2c9f-87d58c623ce7" executionId="315df929-ae94-4902-8d48-59ac89a88c4f" testListId="8c84fa94-04c1-424b-9868-57a2d4851a1d" />
    <TestEntry testId="0cd42206-2d45-5b61-2055-2525f417141b" executionId="c1ebf2e3-8710-4cd0-811a-4c37dd0b4145" testListId="8c84fa94-04c1-424b-9868-57a2d4851a1d" />
    <TestEntry testId="62970bd3-0fb8-814d-a0a1-ab9e8aeaae79" executionId="c8aca1c9-9753-4328-a007-bfc01065998f" testListId="8c84fa94-04c1-424b-9868-57a2d4851a1d" />
    <TestEntry testId="d187567e-7ba7-c49e-1e54-13fd327095e9" executionId="f2b2f698-6b0f-42f4-ad3e-558ca1b97a04" testListId="8c84fa94-04c1-424b-9868-57a2d4851a1d" />
    <TestEntry testId="1a501163-ddde-3471-133e-1552ff82f851" executionId="9ea42cc6-27f7-4af3-ae8f-cc95708e1f49" testListId="8c84fa94-04c1-424b-9868-57a2d4851a1d" />
    <TestEntry testId="49c672b6-6d9d-50cd-ab6b-d47ad2b2d00c" executionId="34399e4c-c86f-4491-967b-627e22de7abf" testListId="8c84fa94-04c1-424b-9868-57a2d4851a1d" />
    <TestEntry testId="decab755-c41c-98a8-9dd2-05d18e8ecb05" executionId="1ea086de-ac43-48a4-8c7a-9be56e7e4eff" testListId="8c84fa94-04c1-424b-9868-57a2d4851a1d" />
    <TestEntry testId="da1a6990-7ab2-9cdb-3d5d-e5366899dffb" executionId="6338c48d-38a2-424e-9a52-c4f7811ff7f0" testListId="8c84fa94-04c1-424b-9868-57a2d4851a1d" />
    <TestEntry testId="60069e17-108f-01fb-2153-e152b9205025" executionId="e709060d-2b51-4a20-826b-1a0159616828" testListId="8c84fa94-04c1-424b-9868-57a2d4851a1d" />
    <TestEntry testId="f2705aac-0fab-25bd-44fc-31cfea9f5c9a" executionId="b864a85e-d76a-4dcf-9bfc-72f87943cdd2" testListId="8c84fa94-04c1-424b-9868-57a2d4851a1d" />
    <TestEntry testId="454ead38-c2a8-9597-7b1c-dc862a589e0e" executionId="539f170d-089e-4c70-b4a5-8dbe378ba19a" testListId="8c84fa94-04c1-424b-9868-57a2d4851a1d" />
    <TestEntry testId="097d9f12-a8b0-74cc-8829-12842d451447" executionId="b00b8f9c-2041-42ce-9a52-0a34267adec2" testListId="8c84fa94-04c1-424b-9868-57a2d4851a1d" />
    <TestEntry testId="c2593dce-156b-2236-a515-633fd14dda79" executionId="318a39d8-4916-493e-a7da-c4322c411a83" testListId="8c84fa94-04c1-424b-9868-57a2d4851a1d" />
    <TestEntry testId="ef8e2842-4b56-3143-8747-c2adcd3e7a1d" executionId="07ac4d4b-b755-4f70-9e1e-9c6819fc996a" testListId="8c84fa94-04c1-424b-9868-57a2d4851a1d" />
    <TestEntry testId="774aeb04-879b-a97c-c411-6c8ce34f4ab0" executionId="9baed2f7-3547-420a-8fa2-01214aba32e5" testListId="8c84fa94-04c1-424b-9868-57a2d4851a1d" />
    <TestEntry testId="bc8b0527-de00-05c5-8ddf-e463dace5bf0" executionId="4a0573e2-5ca6-4de1-85a0-fcdf125179ca" testListId="8c84fa94-04c1-424b-9868-57a2d4851a1d" />
    <TestEntry testId="8b6f3338-cce8-0079-b821-3f92e6c60eee" executionId="68ec989e-3f4b-4c3f-922f-a2339f1e6053" testListId="8c84fa94-04c1-424b-9868-57a2d4851a1d" />
    <TestEntry testId="9a937ae8-d764-8210-812b-522cffbf8c6f" executionId="009ee788-866e-4f6c-be98-dfb8e18c9614" testListId="8c84fa94-04c1-424b-9868-57a2d4851a1d" />
    <TestEntry testId="72c240ff-79c5-ef41-5967-e3c497b7b2c0" executionId="dc8015e8-9ff0-458e-af5c-14e227afafdb" testListId="8c84fa94-04c1-424b-9868-57a2d4851a1d" />
    <TestEntry testId="32010eb0-88b3-7f9e-a459-fb524fc932d7" executionId="4bdee3e1-5798-49bc-bf28-a341956cfc70" testListId="8c84fa94-04c1-424b-9868-57a2d4851a1d" />
    <TestEntry testId="2b003fb3-b141-e2a9-bad9-fff43705ee9e" executionId="168524b8-c7e5-42b9-b398-9ce00875c5b3" testListId="8c84fa94-04c1-424b-9868-57a2d4851a1d" />
    <TestEntry testId="e679eaee-e3a9-8b8a-d185-7c73afee0b2f" executionId="17fb9ec4-95d2-4ca6-8ac3-330b9892a695" testListId="8c84fa94-04c1-424b-9868-57a2d4851a1d" />
    <TestEntry testId="94cff85e-e7bb-c94b-e20b-765eb3997f75" executionId="ca3a3c78-76cb-498f-b7d0-6b2fd31088dc" testListId="8c84fa94-04c1-424b-9868-57a2d4851a1d" />
    <TestEntry testId="cfb2439a-56a0-7de3-f9a2-8d326d2ccf14" executionId="f3df73c0-e4d2-4254-b926-98a1724c5460" testListId="8c84fa94-04c1-424b-9868-57a2d4851a1d" />
    <TestEntry testId="50412f91-cd15-dc69-c1d6-5d9dbd95d4af" executionId="48e6707b-ad45-45c9-95d8-92c3e3ec2da1" testListId="8c84fa94-04c1-424b-9868-57a2d4851a1d" />
    <TestEntry testId="25e8173f-164f-a6d3-7781-f064566ee4cd" executionId="fae5db2b-2171-4e59-800a-de9be338f55f" testListId="8c84fa94-04c1-424b-9868-57a2d4851a1d" />
    <TestEntry testId="0ad74e44-881e-9461-7e6f-381a5cc80df0" executionId="c54e799a-8b6a-43e1-ba98-af3c6ed6fd8e" testListId="8c84fa94-04c1-424b-9868-57a2d4851a1d" />
    <TestEntry testId="fd8f048e-524e-5d70-1d66-0ffeb121313b" executionId="d2567742-8cbc-4216-bda3-304e482114a2" testListId="8c84fa94-04c1-424b-9868-57a2d4851a1d" />
    <TestEntry testId="bcaccf95-48bd-f1b0-c691-d2f1e6a4e3bd" executionId="42744c36-0d76-42c7-b8f5-75cd41c93875" testListId="8c84fa94-04c1-424b-9868-57a2d4851a1d" />
    <TestEntry testId="23adbcea-fc51-4a16-9d4b-141d8a8f1fb7" executionId="9f3ee651-c7d8-4e66-992c-863f766f9ba3" testListId="8c84fa94-04c1-424b-9868-57a2d4851a1d" />
    <TestEntry testId="e77ca75b-19ba-059d-05cd-1ebb08034f74" executionId="91763ba2-9373-455d-9489-b7cac04bb907" testListId="8c84fa94-04c1-424b-9868-57a2d4851a1d" />
    <TestEntry testId="20901353-a2d3-ecac-3452-4c8d3e93293d" executionId="58931310-c863-43cd-8063-fbb0068cd9d0" testListId="8c84fa94-04c1-424b-9868-57a2d4851a1d" />
    <TestEntry testId="7280bcd5-2dc4-a3f6-24fd-df56e5b00deb" executionId="6c855eee-f571-4228-b3f9-8431e65046d1" testListId="8c84fa94-04c1-424b-9868-57a2d4851a1d" />
    <TestEntry testId="ea9a1ed5-0813-906f-0ed6-0a192bf899e6" executionId="70bd053a-f6e3-4520-ab92-d9ffbe83dade" testListId="8c84fa94-04c1-424b-9868-57a2d4851a1d" />
    <TestEntry testId="f7f48920-cf43-fd74-5fcd-5b275d41553a" executionId="202da5f7-18eb-4392-af5e-650491e288ec" testListId="8c84fa94-04c1-424b-9868-57a2d4851a1d" />
    <TestEntry testId="979cd04b-5e93-d632-87b5-a20161444816" executionId="b8cf9067-8336-4f7a-ad19-9b4098e98e7e" testListId="8c84fa94-04c1-424b-9868-57a2d4851a1d" />
    <TestEntry testId="d6353a5c-aebf-48c3-7e68-77f3a0ea8301" executionId="b8c9fec1-a910-46bf-a898-4c24cd3b9e24" testListId="8c84fa94-04c1-424b-9868-57a2d4851a1d" />
    <TestEntry testId="0bdd31cf-560a-74a8-9cb0-f50b134f6e55" executionId="96faa0fd-fa41-41b3-aa32-b32fdad00d90" testListId="8c84fa94-04c1-424b-9868-57a2d4851a1d" />
    <TestEntry testId="9bae3763-5b44-6392-7f85-b5a14c7eae3f" executionId="2ac3e910-1931-41b9-b87b-05c370de8715" testListId="8c84fa94-04c1-424b-9868-57a2d4851a1d" />
    <TestEntry testId="c9b5631d-418b-047b-d15f-f39906c7e08b" executionId="84b53cae-337b-4a7e-9160-c5046ebe1c07" testListId="8c84fa94-04c1-424b-9868-57a2d4851a1d" />
    <TestEntry testId="d15cb58b-9b62-cb4e-439e-72757eabb197" executionId="18fddf55-565c-4472-b2c2-27d858eb72ac" testListId="8c84fa94-04c1-424b-9868-57a2d4851a1d" />
    <TestEntry testId="03343bcc-4f24-4c8a-3ccc-51481d1ee303" executionId="4f50d0cb-240d-4f0c-b60c-2dde1cfee9f1" testListId="8c84fa94-04c1-424b-9868-57a2d4851a1d" />
    <TestEntry testId="ddcae2eb-b1a6-813a-a49c-5333a490205e" executionId="a0514db0-8e1c-465f-9b45-f1821104fb35" testListId="8c84fa94-04c1-424b-9868-57a2d4851a1d" />
    <TestEntry testId="8a34d143-fbd5-8061-22f1-4fab44554570" executionId="3bfbd5b8-26c6-4a7b-b7b7-d82cece470a3" testListId="8c84fa94-04c1-424b-9868-57a2d4851a1d" />
    <TestEntry testId="a6621eb8-15a7-fc8e-d862-31d4f5bc69d0" executionId="0c416232-7ab5-42a5-b60a-f70ed8224928" testListId="8c84fa94-04c1-424b-9868-57a2d4851a1d" />
    <TestEntry testId="7b7e9341-cf8b-f510-483a-d874dccbbbca" executionId="87dcf098-0348-470f-aa76-e2dbda86949d" testListId="8c84fa94-04c1-424b-9868-57a2d4851a1d" />
    <TestEntry testId="2de1f6d1-4fbc-d3f7-5b38-8fabe0afe62f" executionId="9e2de5cf-1a3a-46f9-908a-b48ee98b3f16" testListId="8c84fa94-04c1-424b-9868-57a2d4851a1d" />
    <TestEntry testId="46b6b18f-a15f-ce32-4811-dbc67f87e551" executionId="f2231320-7827-4541-88b4-de07e9431c30" testListId="8c84fa94-04c1-424b-9868-57a2d4851a1d" />
    <TestEntry testId="91b3bd83-c5b8-4706-180f-6fac0dae10f8" executionId="9daaca95-fa9c-4d0e-ad37-0262f1045d74" testListId="8c84fa94-04c1-424b-9868-57a2d4851a1d" />
    <TestEntry testId="c6ae4b68-49e1-d669-439e-3d0b7ef0cea4" executionId="a20c6b51-0b0c-4727-92b8-cf45d4307acd" testListId="8c84fa94-04c1-424b-9868-57a2d4851a1d" />
    <TestEntry testId="7146296d-c8e1-b13f-44e4-16f25fa9af9d" executionId="452e921a-9e3f-4f4d-9ebe-0934136b944d" testListId="8c84fa94-04c1-424b-9868-57a2d4851a1d" />
    <TestEntry testId="e02db9a4-a283-da5d-8967-1cec80ef7e92" executionId="6d60405d-5406-4a39-8fb9-ba0a03baee91" testListId="8c84fa94-04c1-424b-9868-57a2d4851a1d" />
    <TestEntry testId="69564ef2-123d-d3db-baf6-6a27b0eb9c23" executionId="10e085ee-6930-4e15-8b09-a4eb6cd0ff48" testListId="8c84fa94-04c1-424b-9868-57a2d4851a1d" />
    <TestEntry testId="38306153-a308-b729-5fc5-ac18787be15f" executionId="2dac57a6-f80b-4b3c-bbde-67b464f66d66" testListId="8c84fa94-04c1-424b-9868-57a2d4851a1d" />
    <TestEntry testId="f7b6c5f3-1f58-e9ae-14c8-31eb58d1211b" executionId="e79474a7-f7d9-4e1b-af63-57a8d3caef7e" testListId="8c84fa94-04c1-424b-9868-57a2d4851a1d" />
    <TestEntry testId="ac23e196-8a79-cb67-41ad-c8975a08f154" executionId="d27be29d-4561-4073-a00b-0b32cf8b60bc" testListId="8c84fa94-04c1-424b-9868-57a2d4851a1d" />
    <TestEntry testId="7b7d00bb-4c5b-d8fb-b3ca-8abd900cc00f" executionId="9c20a42e-2345-48c6-8475-bf8e21ea22ae" testListId="8c84fa94-04c1-424b-9868-57a2d4851a1d" />
    <TestEntry testId="03f880df-4361-699a-9da6-4d3bc3d9d5a7" executionId="e33e046b-b534-4ada-94fe-d79d707d8b49" testListId="8c84fa94-04c1-424b-9868-57a2d4851a1d" />
    <TestEntry testId="9bd1c538-5b49-0158-94f6-e9be1859d678" executionId="64790252-901c-43fb-8bd6-18d9dd968c87" testListId="8c84fa94-04c1-424b-9868-57a2d4851a1d" />
    <TestEntry testId="5667c806-5b5f-868c-360c-740b6f484339" executionId="57f69167-ce87-4e16-9a94-6efaad42c7e1" testListId="8c84fa94-04c1-424b-9868-57a2d4851a1d" />
    <TestEntry testId="27b9fbe0-03f5-4d47-663b-0785c7f9ec49" executionId="815037e0-9036-4e09-a561-68396f24ff7d" testListId="8c84fa94-04c1-424b-9868-57a2d4851a1d" />
    <TestEntry testId="6f7345f6-07c1-aba6-fba8-22e9ed357a49" executionId="56087c6d-8bd0-4628-821e-a8fda5e7787e" testListId="8c84fa94-04c1-424b-9868-57a2d4851a1d" />
    <TestEntry testId="8d6414e5-4d2d-73e7-c36d-d9cbbb203e5f" executionId="54d3f5fd-33b5-4225-aa42-4ac16132a467" testListId="8c84fa94-04c1-424b-9868-57a2d4851a1d" />
    <TestEntry testId="a32b1b99-bbfe-b0ef-93c7-d7c83b53becf" executionId="0153866a-ed99-4433-8fc2-5364a7dd6153" testListId="8c84fa94-04c1-424b-9868-57a2d4851a1d" />
    <TestEntry testId="2e2f38c6-5756-eb9b-9fbb-652c777b6247" executionId="07fd6e76-447a-4214-b94a-1931ce7bf30c" testListId="8c84fa94-04c1-424b-9868-57a2d4851a1d" />
    <TestEntry testId="279ea0a2-a194-3b23-c2df-f3b9caefacb9" executionId="f56054ee-fae8-4459-ac7d-dbd1747b643a" testListId="8c84fa94-04c1-424b-9868-57a2d4851a1d" />
    <TestEntry testId="395d9b70-68ea-107f-3853-872b2d76bcc2" executionId="6db8f7d3-6d39-454c-bddd-6f7cad9d031f" testListId="8c84fa94-04c1-424b-9868-57a2d4851a1d" />
    <TestEntry testId="ff64b042-e70f-6e34-60aa-4c59131392ce" executionId="8461d01a-1ae3-41b3-b3b0-29075ca1d9a3" testListId="8c84fa94-04c1-424b-9868-57a2d4851a1d" />
    <TestEntry testId="ec19b07c-d465-faec-475d-a8dee6e4e934" executionId="6be1fb63-7e3e-44ae-9ec1-9f474f47b321" testListId="8c84fa94-04c1-424b-9868-57a2d4851a1d" />
    <TestEntry testId="ef53e72d-a746-f7fd-4dfa-41ab2ce4fb60" executionId="8afe6cf1-cf09-4f18-81da-80e150c0fce8" testListId="8c84fa94-04c1-424b-9868-57a2d4851a1d" />
    <TestEntry testId="511f69f7-a0fb-1d5f-80a7-db38c945bbc4" executionId="c4ce4d3a-d44f-460d-9943-2333223c7ddb" testListId="8c84fa94-04c1-424b-9868-57a2d4851a1d" />
    <TestEntry testId="149b451f-18ff-71da-64d2-d4ad70318933" executionId="93ca077d-978a-4d68-8fb0-527acbc3adc7" testListId="8c84fa94-04c1-424b-9868-57a2d4851a1d" />
    <TestEntry testId="45d434bd-96d2-7ca0-c594-4cf5e3f89416" executionId="238d4067-f6ed-494d-948a-93b61dce6956" testListId="8c84fa94-04c1-424b-9868-57a2d4851a1d" />
    <TestEntry testId="942f2440-35ec-8291-0e34-266a90087e97" executionId="8c376cbf-a673-4af3-b491-f98c85296462" testListId="8c84fa94-04c1-424b-9868-57a2d4851a1d" />
    <TestEntry testId="b700fa6d-df15-3228-9006-81a0fe0edb31" executionId="71817636-97b1-49b0-8c23-a0fa160b3996" testListId="8c84fa94-04c1-424b-9868-57a2d4851a1d" />
    <TestEntry testId="0a21bad2-cce1-7c33-3af3-a6f4c4389e98" executionId="bc0b0789-59d0-44de-8f36-2a1fbeb7a136" testListId="8c84fa94-04c1-424b-9868-57a2d4851a1d" />
    <TestEntry testId="dfaddf73-e2fe-692a-95cb-e0210649fd35" executionId="c9dbbf97-0c6f-458d-a69d-6da9aeb4e3ef" testListId="8c84fa94-04c1-424b-9868-57a2d4851a1d" />
    <TestEntry testId="1772b5c8-17fc-7339-7078-7951ac9723dd" executionId="40bb22f4-67ab-45ff-add3-dfe183aeeed8" testListId="8c84fa94-04c1-424b-9868-57a2d4851a1d" />
    <TestEntry testId="6abd158c-e0bd-4354-9fac-ab6a832540d0" executionId="b8e0aa02-3377-4795-b22c-2f487f5fd1da" testListId="8c84fa94-04c1-424b-9868-57a2d4851a1d" />
    <TestEntry testId="ddd788b7-fa29-d0c9-c87b-c6974b37dc7d" executionId="b407366e-e855-404d-92d0-d8e7239ed7b9" testListId="8c84fa94-04c1-424b-9868-57a2d4851a1d" />
    <TestEntry testId="e0081990-e732-207e-ce35-b6f9f879e1b0" executionId="057eeb0c-25d3-4504-81e8-bcc10c9774f4" testListId="8c84fa94-04c1-424b-9868-57a2d4851a1d" />
    <TestEntry testId="cb9006f5-cf8f-a741-60da-88003562c888" executionId="61297e8a-d16d-48fe-846c-abf55631a769" testListId="8c84fa94-04c1-424b-9868-57a2d4851a1d" />
    <TestEntry testId="7ac2c24b-6445-4ff2-9faa-1ce73a74728d" executionId="b64cd2f6-00b9-4b4a-a336-ccd2215b0302" testListId="8c84fa94-04c1-424b-9868-57a2d4851a1d" />
    <TestEntry testId="8f06716c-c7ff-1247-d243-6eeb705848f7" executionId="20a53586-1add-4cfe-a92a-c8d365a30379" testListId="8c84fa94-04c1-424b-9868-57a2d4851a1d" />
    <TestEntry testId="96997772-f691-ce37-8af7-583f0500af76" executionId="a4795bfd-ce3f-4198-afe4-756fd72efd39" testListId="8c84fa94-04c1-424b-9868-57a2d4851a1d" />
    <TestEntry testId="07033e2b-ce19-3c9a-f51d-d9b702d310a1" executionId="46e852b6-45af-4dac-8215-83708beb0489" testListId="8c84fa94-04c1-424b-9868-57a2d4851a1d" />
    <TestEntry testId="f0cd9acd-b821-1b3b-6a4a-691c6f1f639a" executionId="3cd4826a-f95c-4e73-b1e6-72d317ee1080" testListId="8c84fa94-04c1-424b-9868-57a2d4851a1d" />
    <TestEntry testId="cba33adf-d8e4-1800-afdf-f1e10b328694" executionId="35224f8f-aa45-45d3-a258-2116abab7469" testListId="8c84fa94-04c1-424b-9868-57a2d4851a1d" />
    <TestEntry testId="d7323b46-e742-10c6-7291-609e242e6eac" executionId="f4a0d4b0-657f-402d-b6ac-a635b23cff3c" testListId="8c84fa94-04c1-424b-9868-57a2d4851a1d" />
    <TestEntry testId="e8132b4a-b72b-7d8e-d5ad-2056ee804391" executionId="2168f17c-795b-4564-b12c-a83c08eb04af" testListId="8c84fa94-04c1-424b-9868-57a2d4851a1d" />
    <TestEntry testId="eb2e7461-d939-c702-00f6-a6f4037fdc3f" executionId="6dc14be0-a3ba-43f7-8701-90b242212a1f" testListId="8c84fa94-04c1-424b-9868-57a2d4851a1d" />
    <TestEntry testId="6a41f5f3-49f1-a289-ed1a-edcf9c86dd3e" executionId="96a40656-a24b-4c96-9115-5b4c0bd5854f" testListId="8c84fa94-04c1-424b-9868-57a2d4851a1d" />
    <TestEntry testId="9cea378d-92c3-1f1c-ce51-cbbf77aae662" executionId="50273cae-d45d-46ec-a0d6-3f3f7184d9be" testListId="8c84fa94-04c1-424b-9868-57a2d4851a1d" />
    <TestEntry testId="9bb26f6e-1e2c-da60-973e-eeca518679d1" executionId="30d550bd-6d85-4efa-a0ce-b6c0814d8681" testListId="8c84fa94-04c1-424b-9868-57a2d4851a1d" />
    <TestEntry testId="1b0d351a-508f-0807-0c94-56d657ae1623" executionId="e8735986-6dd4-47cf-b8cc-676caaae3e35" testListId="8c84fa94-04c1-424b-9868-57a2d4851a1d" />
    <TestEntry testId="c989053d-c573-450d-6001-a75cbe93e089" executionId="ffed8235-8535-4b30-ba6e-c0aee9703842" testListId="8c84fa94-04c1-424b-9868-57a2d4851a1d" />
    <TestEntry testId="5da451a5-54a7-b58b-ab8b-8b1b8384fd01" executionId="b3029aa5-8b60-44ab-8030-acd1980bef01" testListId="8c84fa94-04c1-424b-9868-57a2d4851a1d" />
    <TestEntry testId="75afa51d-4efe-ca98-69aa-dcba7171c9c1" executionId="b4d5d685-acbf-45d6-9315-be948969ce7c" testListId="8c84fa94-04c1-424b-9868-57a2d4851a1d" />
    <TestEntry testId="72246d42-3df4-5454-c0c9-cf24737deb1a" executionId="d0e00265-1530-4e2f-a64b-c4103f36dfa1" testListId="8c84fa94-04c1-424b-9868-57a2d4851a1d" />
    <TestEntry testId="5e7725a9-9983-9545-b4e7-12fe284e2a95" executionId="de3dc8aa-70ee-454c-af94-dc05e2e3a7c4" testListId="8c84fa94-04c1-424b-9868-57a2d4851a1d" />
    <TestEntry testId="d7f71e56-89f1-ca12-7436-85c71867f730" executionId="c1e5f1e1-7825-4758-b2cf-43c9d7a822fb" testListId="8c84fa94-04c1-424b-9868-57a2d4851a1d" />
    <TestEntry testId="c08489ce-87ea-9273-1e82-87dd20c6c729" executionId="577bcfa1-1ded-4f19-abf3-6cd9d8b8227f" testListId="8c84fa94-04c1-424b-9868-57a2d4851a1d" />
    <TestEntry testId="11c041e5-c464-6527-9aa5-15185ee7ed3b" executionId="eba468f4-57cb-4245-8c43-0d5dbce6517f" testListId="8c84fa94-04c1-424b-9868-57a2d4851a1d" />
    <TestEntry testId="3f6f5d68-0845-7e29-25ea-1750d0b3ad97" executionId="fe11ad34-29fc-4c60-bcd3-4dc5c838b9d4" testListId="8c84fa94-04c1-424b-9868-57a2d4851a1d" />
    <TestEntry testId="53f90dbe-f7ad-b0e7-04ef-fba16a107a6f" executionId="3b57595a-0cc3-4362-ae76-b7da57e0cfcd" testListId="8c84fa94-04c1-424b-9868-57a2d4851a1d" />
    <TestEntry testId="6c111a58-0dcb-5d69-cab0-6f7362899525" executionId="3c957894-423d-449b-9b62-8bae8ee8dc47" testListId="8c84fa94-04c1-424b-9868-57a2d4851a1d" />
    <TestEntry testId="0bb6c333-e41f-4877-c81e-d24ff9ead53d" executionId="48b37af7-565e-463d-8987-5c80ba8bf971" testListId="8c84fa94-04c1-424b-9868-57a2d4851a1d" />
    <TestEntry testId="f1b541d5-278d-f2a3-2128-f16382bfc74f" executionId="f72749f4-94f5-4719-b1b0-b406721e8634" testListId="8c84fa94-04c1-424b-9868-57a2d4851a1d" />
    <TestEntry testId="0f39fcee-dd2f-44a0-e35a-8e74fa0a37f5" executionId="a8c69d80-27ba-4bab-b937-da5eaee88986" testListId="8c84fa94-04c1-424b-9868-57a2d4851a1d" />
    <TestEntry testId="6c172272-73ee-1f81-5332-f3180f21fb30" executionId="58600f75-0b3a-4565-9c9b-cc5de45ac1d7" testListId="8c84fa94-04c1-424b-9868-57a2d4851a1d" />
    <TestEntry testId="acd7d1ab-8336-79e5-b078-d5eb4c962b29" executionId="14e9e4c1-9825-44b7-8742-b4b4841389e2" testListId="8c84fa94-04c1-424b-9868-57a2d4851a1d" />
    <TestEntry testId="6b24d61a-9019-1031-1c97-d03508d4eb29" executionId="7fcb48fc-793a-4cec-8693-b42810ddada5" testListId="8c84fa94-04c1-424b-9868-57a2d4851a1d" />
    <TestEntry testId="a2324ec9-fe68-9e74-cace-8efe295e824d" executionId="425f8c49-257e-4418-9ded-26f4238948e9" testListId="8c84fa94-04c1-424b-9868-57a2d4851a1d" />
    <TestEntry testId="4e103de3-4b59-b5f0-90dd-0864019a3e44" executionId="813101e5-46d4-4bea-8af1-0c85f9d7508c" testListId="8c84fa94-04c1-424b-9868-57a2d4851a1d" />
    <TestEntry testId="cd1fce0e-40f1-2613-4ea2-fe4efaae7320" executionId="6fe24fd9-ae44-4022-a39b-1f9251385578" testListId="8c84fa94-04c1-424b-9868-57a2d4851a1d" />
    <TestEntry testId="b6ca1995-becc-76ce-0b28-eebf3dd3e464" executionId="b5e4a982-8c95-4a84-ad51-8e550d67841a" testListId="8c84fa94-04c1-424b-9868-57a2d4851a1d" />
    <TestEntry testId="fb1c3a36-60dc-8fcd-b623-36588091afcb" executionId="00133557-cc75-4274-824b-a0d45f4e0874" testListId="8c84fa94-04c1-424b-9868-57a2d4851a1d" />
    <TestEntry testId="f3dbad6e-a998-4f0d-7c83-23b7bc70f023" executionId="5e3e596a-307c-44f8-a571-e825feedca15" testListId="8c84fa94-04c1-424b-9868-57a2d4851a1d" />
    <TestEntry testId="f557024d-69b9-3152-827e-4e57b8d0868d" executionId="5a4df7e2-66be-4ddf-b753-30983cdc2eca" testListId="8c84fa94-04c1-424b-9868-57a2d4851a1d" />
    <TestEntry testId="92867c0e-facc-7f59-b4bc-04e39d2ba464" executionId="a6fc28a6-8bbe-4af2-b2de-1539b792c908" testListId="8c84fa94-04c1-424b-9868-57a2d4851a1d" />
    <TestEntry testId="506d41c9-bfc8-bf08-1307-c55fbf29a8e5" executionId="0a93f930-9671-426b-b665-ddab9aa5dc5a" testListId="8c84fa94-04c1-424b-9868-57a2d4851a1d" />
    <TestEntry testId="41ef5fd9-da1d-a61b-4faa-45b077dd05bc" executionId="a78610b1-2404-4c5d-8b17-55dc812cec92" testListId="8c84fa94-04c1-424b-9868-57a2d4851a1d" />
    <TestEntry testId="092c2603-fe15-2655-d7c6-015786763712" executionId="d85125cb-0e84-4bf2-8769-1b0ad3c51d15" testListId="8c84fa94-04c1-424b-9868-57a2d4851a1d" />
    <TestEntry testId="f2ce681e-8a28-41b9-4a1e-04b76b54add8" executionId="8aba9b1e-dbca-4561-9093-efcca5b4b7b9" testListId="8c84fa94-04c1-424b-9868-57a2d4851a1d" />
    <TestEntry testId="6320276e-3624-3a1c-7afd-537de60f89db" executionId="aadcccc8-3d8b-4d94-b6a3-4cb2c46eda33" testListId="8c84fa94-04c1-424b-9868-57a2d4851a1d" />
    <TestEntry testId="e6fa545c-dab4-f63e-4e3b-21ea6de7572d" executionId="dfa821a5-5488-4c62-be59-d74fc6587394" testListId="8c84fa94-04c1-424b-9868-57a2d4851a1d" />
    <TestEntry testId="0af23d0c-f1f0-deb1-181c-c50389a37384" executionId="9d6a867d-589b-4cc9-ab98-eddfc92af9ce" testListId="8c84fa94-04c1-424b-9868-57a2d4851a1d" />
    <TestEntry testId="796d7949-31f4-bb9f-3f5b-ffa9238af688" executionId="1f25e843-fa41-428e-a2cf-811afe1dc982" testListId="8c84fa94-04c1-424b-9868-57a2d4851a1d" />
    <TestEntry testId="d29aa2a9-a943-d583-f9f3-c1d6c5281005" executionId="4b8f282f-f566-41f6-8b15-8f326cf56059" testListId="8c84fa94-04c1-424b-9868-57a2d4851a1d" />
    <TestEntry testId="fa43237f-8d58-c9ec-b71e-9d381e3b47f2" executionId="f4d2cfd6-5ffc-4ce9-92b0-8a09a8743f35" testListId="8c84fa94-04c1-424b-9868-57a2d4851a1d" />
    <TestEntry testId="35de634f-b340-f79b-b6a0-46426bd56e47" executionId="a184e0d0-d172-4177-8d28-4cb4615652c2" testListId="8c84fa94-04c1-424b-9868-57a2d4851a1d" />
    <TestEntry testId="cdeb3be1-fe32-ff89-e068-e42e39c27a73" executionId="11e0ea21-4f7c-4582-8cfa-26b104149274" testListId="8c84fa94-04c1-424b-9868-57a2d4851a1d" />
    <TestEntry testId="80343684-0ab4-f75e-30e6-62b08568fe03" executionId="368d6866-3e2d-4b7c-af23-38b460c5735f" testListId="8c84fa94-04c1-424b-9868-57a2d4851a1d" />
    <TestEntry testId="e0c95d42-cf00-fbc7-42ac-a320fc125b1e" executionId="a7e93590-d16a-4053-a3db-5216b370babe" testListId="8c84fa94-04c1-424b-9868-57a2d4851a1d" />
    <TestEntry testId="9ac323b2-f4ee-1c5b-c335-774c81e0e08d" executionId="a986bd6a-d9bb-4cce-b581-8464b10034c8" testListId="8c84fa94-04c1-424b-9868-57a2d4851a1d" />
    <TestEntry testId="9e567b4f-5898-461c-b4e9-b51ec60ad377" executionId="8d099613-afdf-4b3f-836c-3cf91d689d56" testListId="8c84fa94-04c1-424b-9868-57a2d4851a1d" />
    <TestEntry testId="b8049e3c-9c33-aae7-ee13-10324d7813cb" executionId="545980f8-513e-4ea7-8732-f0884d256c6b" testListId="8c84fa94-04c1-424b-9868-57a2d4851a1d" />
    <TestEntry testId="becea41b-b5f7-1be9-14b7-7b47b08d6269" executionId="e924ace2-4d07-4c36-b54f-3c7e306eead8" testListId="8c84fa94-04c1-424b-9868-57a2d4851a1d" />
    <TestEntry testId="5ec8d008-0362-0f87-55a5-ff4397c5ceeb" executionId="d4886f4e-55cf-44c6-ae3f-8e88b16e42cd" testListId="8c84fa94-04c1-424b-9868-57a2d4851a1d" />
    <TestEntry testId="f86161bd-f5ff-e739-8561-c83ff6f0d4a9" executionId="5792b81c-e4e9-494b-8cdf-44c1e5a8ed0c" testListId="8c84fa94-04c1-424b-9868-57a2d4851a1d" />
    <TestEntry testId="c93cdb71-2111-93a4-4cd8-a7548cb72ed0" executionId="c6f64bca-46f8-4ffc-8946-6d8a61c6e4f4" testListId="8c84fa94-04c1-424b-9868-57a2d4851a1d" />
    <TestEntry testId="036a6ec9-ae68-934b-9f02-a81dae974d18" executionId="d16cb4ef-7864-4fcb-b2d3-c351790ad72f" testListId="8c84fa94-04c1-424b-9868-57a2d4851a1d" />
    <TestEntry testId="aadeeabc-272f-9cbf-16ad-69443e81df6f" executionId="6fa71a44-0528-4acb-94bc-e0b74cbd17e8" testListId="8c84fa94-04c1-424b-9868-57a2d4851a1d" />
    <TestEntry testId="9a621664-b485-1b19-02d4-7ca92799a60b" executionId="c13902d8-924c-4306-8eca-e54cfb5be28f" testListId="8c84fa94-04c1-424b-9868-57a2d4851a1d" />
    <TestEntry testId="e616a89e-e9f6-0465-592f-c052811c9fe2" executionId="f11ccf4f-b94d-44da-920e-777837fe64f5" testListId="8c84fa94-04c1-424b-9868-57a2d4851a1d" />
    <TestEntry testId="f2fa6d2d-1c35-dcc0-50da-39045d7858e4" executionId="e076a115-b9fe-4cf7-897c-5b088305ebc6" testListId="8c84fa94-04c1-424b-9868-57a2d4851a1d" />
    <TestEntry testId="bfb43a18-8b27-64cf-f833-254fc2466b22" executionId="9f9a6311-437a-49fd-accd-32ce3ac2dcda" testListId="8c84fa94-04c1-424b-9868-57a2d4851a1d" />
    <TestEntry testId="1a9a0ddf-514c-baf9-413c-22119b976aa4" executionId="b0914a64-7ea3-492a-ba7a-ddc7f1cd8497" testListId="8c84fa94-04c1-424b-9868-57a2d4851a1d" />
    <TestEntry testId="2287085c-f0e1-b4ec-fa14-c4512658a9fe" executionId="9f0d5172-9087-4113-9c95-2b83021b121f" testListId="8c84fa94-04c1-424b-9868-57a2d4851a1d" />
    <TestEntry testId="db065917-a97a-fe61-77a4-bb6c5d5457d5" executionId="a79f7363-d61d-4461-8b4b-89002fd0e2dc" testListId="8c84fa94-04c1-424b-9868-57a2d4851a1d" />
    <TestEntry testId="4b28edc9-10aa-dd25-05d6-efbec430bd7a" executionId="f56c7ffe-8435-4591-aeba-ac0f58e91d0b" testListId="8c84fa94-04c1-424b-9868-57a2d4851a1d" />
    <TestEntry testId="e6917a9a-a471-dbed-84cc-6e63cf19f9df" executionId="c0a5337a-dea1-46c8-a854-4cc7a71b70b5" testListId="8c84fa94-04c1-424b-9868-57a2d4851a1d" />
    <TestEntry testId="5e8a64ef-fabe-5bbf-4739-e9cf8ccf2ee0" executionId="1bdac27c-d545-452a-a337-8b8c38c25595" testListId="8c84fa94-04c1-424b-9868-57a2d4851a1d" />
    <TestEntry testId="4e59f6e9-d495-6f3f-64b9-ac28a5eaac72" executionId="a1d2ba95-641e-4a20-bc05-2420a51374a9" testListId="8c84fa94-04c1-424b-9868-57a2d4851a1d" />
    <TestEntry testId="7490fb46-9b1e-86c6-a053-c9324b70ce91" executionId="78457ae4-5e2f-44e0-8b2d-907bf9bac2a1" testListId="8c84fa94-04c1-424b-9868-57a2d4851a1d" />
    <TestEntry testId="fde9a5ec-e687-8abc-b728-b7fb0bfbd8d4" executionId="a7a74b97-4615-4b18-9963-d5def892d25b" testListId="8c84fa94-04c1-424b-9868-57a2d4851a1d" />
    <TestEntry testId="c185c27a-3451-102c-d3c1-98ea6c73d73c" executionId="d70d3617-9fd6-42c2-a68c-07e0c18ecda6" testListId="8c84fa94-04c1-424b-9868-57a2d4851a1d" />
    <TestEntry testId="7ae5fdac-2c37-dafa-ea81-102d467ed88a" executionId="44debdd4-1537-4174-8526-a2df565e0b8e" testListId="8c84fa94-04c1-424b-9868-57a2d4851a1d" />
    <TestEntry testId="5217a55b-523e-bb6a-47cc-7fbf0bc01c96" executionId="4cfac928-d17b-4252-b1fa-d3f421b7d49f" testListId="8c84fa94-04c1-424b-9868-57a2d4851a1d" />
    <TestEntry testId="bc3f5322-761c-1784-32c8-0807bc806b0a" executionId="7f557f28-e7ce-433e-9bb2-e3e6684fa046" testListId="8c84fa94-04c1-424b-9868-57a2d4851a1d" />
    <TestEntry testId="67f8d8e0-1fb7-7817-1ba6-6557149ef676" executionId="cebf0f4d-7bbd-4947-85ba-cc0dac98ad0c" testListId="8c84fa94-04c1-424b-9868-57a2d4851a1d" />
    <TestEntry testId="2be600d2-247c-9e20-d84c-921afba648ed" executionId="547214bb-f606-47be-be73-4ace369b3dad" testListId="8c84fa94-04c1-424b-9868-57a2d4851a1d" />
    <TestEntry testId="165a8b6f-de27-26f0-6a14-cdb34a40f4c2" executionId="ed10a0cb-2532-4ca8-8e37-28e2fceeaa94" testListId="8c84fa94-04c1-424b-9868-57a2d4851a1d" />
    <TestEntry testId="a9bdfcdb-7bc0-3167-07a5-dafa13fc5389" executionId="083605c4-d451-4b77-8f67-662bc2bc665f" testListId="8c84fa94-04c1-424b-9868-57a2d4851a1d" />
    <TestEntry testId="0ea957ac-53f2-c077-4d23-d56d0a5f77c4" executionId="b1a58b84-32b2-4a18-aa80-fed4578b47f2" testListId="8c84fa94-04c1-424b-9868-57a2d4851a1d" />
    <TestEntry testId="2b18aff2-35ed-39eb-0869-97e8dcc5f3f1" executionId="2b363ad6-3ea3-4926-bfab-5bf7239169d5" testListId="8c84fa94-04c1-424b-9868-57a2d4851a1d" />
    <TestEntry testId="52456efe-2b4c-e54c-a102-5bc9bc1cc7f8" executionId="4e39e7d7-125d-4d92-a1d6-ca5e19e3ba10" testListId="8c84fa94-04c1-424b-9868-57a2d4851a1d" />
    <TestEntry testId="9ef22620-233d-af50-c838-ed1dcd20ddc6" executionId="8f4dfb7b-e812-49c1-9d9c-2dcdff2a78ed" testListId="8c84fa94-04c1-424b-9868-57a2d4851a1d" />
    <TestEntry testId="99b9ef43-ae03-d550-aafb-7b6a0ec7c1ee" executionId="e9c681bc-90e6-4e97-a20d-64569721cbc0" testListId="8c84fa94-04c1-424b-9868-57a2d4851a1d" />
    <TestEntry testId="2d12ad1b-0cfb-a7f2-de41-7d109965ff4a" executionId="cd82a285-dbff-4570-badb-70f20f218afc" testListId="8c84fa94-04c1-424b-9868-57a2d4851a1d" />
    <TestEntry testId="f33cb892-3679-fe31-40d8-b78f43a0c80f" executionId="126f2210-2b25-4c8c-9e4b-25cd5eaa2dd4" testListId="8c84fa94-04c1-424b-9868-57a2d4851a1d" />
    <TestEntry testId="6700c77f-a72c-833c-b2d9-a0d02a9534be" executionId="4ffb2878-dc72-4d2e-9905-f3070761d9df" testListId="8c84fa94-04c1-424b-9868-57a2d4851a1d" />
    <TestEntry testId="4195877a-ded9-22b8-62f7-465d0dab0554" executionId="6bcdaf1a-b0b1-47be-8c84-7166a6abd7d1" testListId="8c84fa94-04c1-424b-9868-57a2d4851a1d" />
    <TestEntry testId="6a5dc4fe-eaa1-ef57-2e33-6170c4a0ea22" executionId="c8227b5e-fddb-4d20-99b2-d6fdacdb1856" testListId="8c84fa94-04c1-424b-9868-57a2d4851a1d" />
    <TestEntry testId="39df2f5c-e533-7912-e8a8-0244d814b70f" executionId="36e335c3-e6ac-482d-bae7-23d24f54df8d" testListId="8c84fa94-04c1-424b-9868-57a2d4851a1d" />
    <TestEntry testId="7476f680-f31f-6c35-e7e5-6a1da5d08bf1" executionId="7019c270-42cd-4dd3-a956-fd5240aa581f" testListId="8c84fa94-04c1-424b-9868-57a2d4851a1d" />
    <TestEntry testId="8f24487f-448e-3b5a-351c-88c069a107d6" executionId="63c5e004-0691-4460-9abd-ba82c6e7398c" testListId="8c84fa94-04c1-424b-9868-57a2d4851a1d" />
    <TestEntry testId="4c3c57ae-2e5c-e5eb-314a-7aa532a2bb5e" executionId="21290e0e-c938-4df8-ac4f-34170a881645" testListId="8c84fa94-04c1-424b-9868-57a2d4851a1d" />
    <TestEntry testId="a01cdd42-8e33-6253-38cb-1cb271d958f4" executionId="7ad4a87e-b1fa-4feb-a841-c048f8f98cda" testListId="8c84fa94-04c1-424b-9868-57a2d4851a1d" />
    <TestEntry testId="274e5ca5-6e22-8c94-c538-bc2ca6c5742f" executionId="8b364e83-61e5-4cf1-8c88-09b46b2eaa00" testListId="8c84fa94-04c1-424b-9868-57a2d4851a1d" />
    <TestEntry testId="c19bcdf9-7163-0762-fc75-0cd4559b2da8" executionId="2be639c9-a9bc-4427-a58d-c87061fc2d5e" testListId="8c84fa94-04c1-424b-9868-57a2d4851a1d" />
    <TestEntry testId="9fc60cd8-d419-6ed6-ac2e-164788256e59" executionId="3d0e4e80-ec2b-47f2-b0ce-840fa367b0f7" testListId="8c84fa94-04c1-424b-9868-57a2d4851a1d" />
    <TestEntry testId="2e664e3e-5b40-d901-9f2b-e816fa56a993" executionId="1a391b5f-b778-4a8b-8e8e-0cbcebd14b97" testListId="8c84fa94-04c1-424b-9868-57a2d4851a1d" />
    <TestEntry testId="47ec5c64-268b-824f-d637-17f43470b17c" executionId="b383956d-70cc-4946-8c32-0c4c1db1bb0c" testListId="8c84fa94-04c1-424b-9868-57a2d4851a1d" />
    <TestEntry testId="346c5a09-add8-018f-c767-f4690b937dfb" executionId="359a0770-0edf-4439-bf88-17c916e90053" testListId="8c84fa94-04c1-424b-9868-57a2d4851a1d" />
    <TestEntry testId="b7c8b8f4-3f53-7b79-a3fb-65f51c557883" executionId="9b72fba6-ac33-4464-afb2-b3166471aa56" testListId="8c84fa94-04c1-424b-9868-57a2d4851a1d" />
    <TestEntry testId="6d4f36db-ef1e-952d-7dfb-29f4be4b6ca7" executionId="7d1d97a9-7c2c-4fc8-9019-7e25df9b76ff" testListId="8c84fa94-04c1-424b-9868-57a2d4851a1d" />
    <TestEntry testId="31037d5d-343e-e648-8e6e-7f15567dfff2" executionId="6ea40d8a-0b00-4990-b6c4-59f716587d48" testListId="8c84fa94-04c1-424b-9868-57a2d4851a1d" />
    <TestEntry testId="9629fd85-821b-932c-4f6c-d14c57ed62b0" executionId="939f1453-ac0f-41cb-a781-8fa4df7ea074" testListId="8c84fa94-04c1-424b-9868-57a2d4851a1d" />
    <TestEntry testId="7a70b4a3-dd05-b389-f6ee-af27102364f5" executionId="7cba4fd0-6dfc-4179-8275-5a49d9258ad3" testListId="8c84fa94-04c1-424b-9868-57a2d4851a1d" />
    <TestEntry testId="491de118-700b-88eb-ac68-d71ffdabe000" executionId="e26201ae-d678-4ee1-8478-fa39b5779709" testListId="8c84fa94-04c1-424b-9868-57a2d4851a1d" />
    <TestEntry testId="3c433d09-bfc8-05ae-376b-cff8f69161af" executionId="5c0de9db-869e-4aeb-b0d4-c3051f37e5a9" testListId="8c84fa94-04c1-424b-9868-57a2d4851a1d" />
    <TestEntry testId="f3eb9765-0045-7d49-5de3-054bd621a41f" executionId="78b70d20-3b19-44bc-b75e-2cad8bc4c83b" testListId="8c84fa94-04c1-424b-9868-57a2d4851a1d" />
    <TestEntry testId="80a01599-be59-3356-d51c-3d8e6f327fd1" executionId="dbbc0ce6-4110-4296-a60d-74878bc0440a" testListId="8c84fa94-04c1-424b-9868-57a2d4851a1d" />
    <TestEntry testId="a3a785ff-5f15-1809-0327-13b742192f57" executionId="dbb98eff-4988-416c-aef6-bf58552d09f1" testListId="8c84fa94-04c1-424b-9868-57a2d4851a1d" />
    <TestEntry testId="10d9efba-c25c-4837-b4ca-c51dd97ac398" executionId="aa48abc7-b13a-4a61-b30c-02a837a2875e" testListId="8c84fa94-04c1-424b-9868-57a2d4851a1d" />
    <TestEntry testId="d26e5e0e-e63b-6a1f-1d40-d2dc8692bbaf" executionId="981f9649-1411-4fdf-938f-09357f7d70f7" testListId="8c84fa94-04c1-424b-9868-57a2d4851a1d" />
    <TestEntry testId="04967881-3d44-4f25-5839-6dd3eae8bd89" executionId="e2a43552-ff7a-46b7-a800-9a099b6124cb" testListId="8c84fa94-04c1-424b-9868-57a2d4851a1d" />
    <TestEntry testId="78845691-c87f-d12e-20f9-3035745796be" executionId="e4ef3d8a-30ce-43e1-b3e3-e4cbbc001cea" testListId="8c84fa94-04c1-424b-9868-57a2d4851a1d" />
    <TestEntry testId="7c29140c-1ee9-b980-7778-18b11231f8a3" executionId="aa50ea1d-f0ff-452a-a01a-f421a5bab800" testListId="8c84fa94-04c1-424b-9868-57a2d4851a1d" />
    <TestEntry testId="5d21865c-ab0e-9a36-1301-7cb3ba2d4618" executionId="a833cdd5-19c8-449d-b65d-c4849ed3906c" testListId="8c84fa94-04c1-424b-9868-57a2d4851a1d" />
    <TestEntry testId="8119f190-7ed2-77b1-76a6-83f33e4cf393" executionId="9f56e365-b9cc-48ae-acc0-39a1860fb6f2" testListId="8c84fa94-04c1-424b-9868-57a2d4851a1d" />
    <TestEntry testId="ea53113d-e645-3e3d-8dda-f0c57f3d1f3e" executionId="7a8bfed3-080f-43db-aedb-cc646cb43179" testListId="8c84fa94-04c1-424b-9868-57a2d4851a1d" />
    <TestEntry testId="8591161e-1b40-e9f6-332c-2e1b43b81682" executionId="7bf9b831-3deb-4c32-8cd1-e4534acbf587" testListId="8c84fa94-04c1-424b-9868-57a2d4851a1d" />
    <TestEntry testId="7265e4fd-f7ba-8572-e525-8b365c7360c6" executionId="530dbabe-b2cc-4841-82b2-936f72bfcada" testListId="8c84fa94-04c1-424b-9868-57a2d4851a1d" />
    <TestEntry testId="ae67d523-2929-36b8-f281-40940e5c29bb" executionId="d428a415-ce3c-4bd6-8892-10a3b23d34f7" testListId="8c84fa94-04c1-424b-9868-57a2d4851a1d" />
    <TestEntry testId="3ff03a46-b206-b458-f53e-9c5468df465e" executionId="3fdfc99b-7a45-405d-8a18-28bbbfad3d82" testListId="8c84fa94-04c1-424b-9868-57a2d4851a1d" />
    <TestEntry testId="70f1979c-5fec-f41c-4467-96ed1c16b145" executionId="f2793f44-0db1-475c-af82-7b3fba663dc8" testListId="8c84fa94-04c1-424b-9868-57a2d4851a1d" />
    <TestEntry testId="8abfbe45-c0d6-8f72-7af8-564a66d7cb48" executionId="e935fec4-4d63-4ac7-b937-ba3a0cfd4a03" testListId="8c84fa94-04c1-424b-9868-57a2d4851a1d" />
    <TestEntry testId="a127d37b-b919-a5a8-4175-7c8816584689" executionId="c6b68394-cbfc-4b78-b641-a43c868ed4c6" testListId="8c84fa94-04c1-424b-9868-57a2d4851a1d" />
    <TestEntry testId="4df235b9-e889-4809-39c8-ff3e09688830" executionId="08c2d1a6-60bf-4bb2-be5b-00895ddf2794" testListId="8c84fa94-04c1-424b-9868-57a2d4851a1d" />
    <TestEntry testId="cbe18909-6635-9aa1-a38f-17a524fe9aa1" executionId="dceba2df-06f5-45e0-9087-28826645841c" testListId="8c84fa94-04c1-424b-9868-57a2d4851a1d" />
    <TestEntry testId="a7c76906-c1d7-0c9c-096c-a6235194b8e7" executionId="43d4f82f-ebbc-486f-b82d-1c3ef6323ef1" testListId="8c84fa94-04c1-424b-9868-57a2d4851a1d" />
    <TestEntry testId="6f51818b-8dfe-7cd4-c8ae-d1150bb85ebd" executionId="53629ab6-ba77-47dd-890a-00586de8b348" testListId="8c84fa94-04c1-424b-9868-57a2d4851a1d" />
    <TestEntry testId="88670780-e590-ffb1-3bdf-7b575a4d5fc5" executionId="620d56af-72dc-4f90-b985-d13e93724c77" testListId="8c84fa94-04c1-424b-9868-57a2d4851a1d" />
    <TestEntry testId="31ed7871-edfd-2633-6788-723019e7f3e1" executionId="dd77ede7-7eed-4b72-8154-e7794deae6b7" testListId="8c84fa94-04c1-424b-9868-57a2d4851a1d" />
    <TestEntry testId="4dcd9f65-678f-d51c-9e07-bf80dcaf54a4" executionId="22d0e190-cf0e-4125-acd7-9590cbd0482b" testListId="8c84fa94-04c1-424b-9868-57a2d4851a1d" />
    <TestEntry testId="f20c73fc-7f07-e8ef-25e3-d34c7ca18877" executionId="920a60c1-f6f0-48e3-9a35-423cd7933bd7" testListId="8c84fa94-04c1-424b-9868-57a2d4851a1d" />
    <TestEntry testId="cd871e9d-7935-e907-4a89-0e7db877a7c7" executionId="e593c3f0-6ecd-4530-b7a4-908507f8b12e" testListId="8c84fa94-04c1-424b-9868-57a2d4851a1d" />
    <TestEntry testId="d2b12152-aa29-786c-7dfa-f4b6b5aa2a7e" executionId="36600dc0-1355-4ea9-b78c-94df0c5cc352" testListId="8c84fa94-04c1-424b-9868-57a2d4851a1d" />
    <TestEntry testId="af3111d5-b888-5828-d92f-ad0d56c13b83" executionId="d0f63dc3-6d20-445a-bc4d-d302b8e3d74b" testListId="8c84fa94-04c1-424b-9868-57a2d4851a1d" />
    <TestEntry testId="d61bc42f-9488-4952-fc35-4acf2d69a35a" executionId="4544e904-4dbc-4dd2-8239-b71f7cfa1ad1" testListId="8c84fa94-04c1-424b-9868-57a2d4851a1d" />
    <TestEntry testId="299c3fd4-a01d-2a60-05c1-ad11698aa276" executionId="767b32e4-93aa-420b-aee3-3a1b8824246c" testListId="8c84fa94-04c1-424b-9868-57a2d4851a1d" />
    <TestEntry testId="25c75db4-22d0-52b7-8169-fe8bfa7112f2" executionId="6ac6843f-06a8-4f02-a465-83b9c8a5d43c" testListId="8c84fa94-04c1-424b-9868-57a2d4851a1d" />
    <TestEntry testId="c32a55d2-5cd9-4241-ed27-6ec6eee4b3b0" executionId="814150c5-bad4-4e37-a5ad-2a7bf529bf61" testListId="8c84fa94-04c1-424b-9868-57a2d4851a1d" />
    <TestEntry testId="752c0495-686a-2709-5240-916b7eb02d3a" executionId="36f6fbf6-8ba6-4a97-9794-72020197ad25" testListId="8c84fa94-04c1-424b-9868-57a2d4851a1d" />
    <TestEntry testId="1440a184-8a0a-3d08-19bf-ac2d32351c96" executionId="0518a246-3e91-4fcf-b9a1-69fb46396412" testListId="8c84fa94-04c1-424b-9868-57a2d4851a1d" />
    <TestEntry testId="d97cfe1a-5414-3b7f-eeae-c71aa9b34634" executionId="7c4152ea-0507-45db-9db2-1c019c439661" testListId="8c84fa94-04c1-424b-9868-57a2d4851a1d" />
    <TestEntry testId="610377d7-39b0-f1e5-075a-04c0ff0b06a2" executionId="679e5f5f-5b76-4e6c-80af-b07c074ab14e" testListId="8c84fa94-04c1-424b-9868-57a2d4851a1d" />
    <TestEntry testId="92fd78dd-20f7-b708-0603-1911a96c9737" executionId="8e9d55c3-e2cb-4010-abdf-db0fb53b1fc4" testListId="8c84fa94-04c1-424b-9868-57a2d4851a1d" />
    <TestEntry testId="d33250cc-856d-72f0-98a8-7c84be2f792c" executionId="4b00008e-6c99-4dbe-94a8-93e6c6f791c7" testListId="8c84fa94-04c1-424b-9868-57a2d4851a1d" />
    <TestEntry testId="5ad0e86b-2487-b287-bce1-03b910ce35db" executionId="ea10d52f-c6e8-4dcb-91b0-a3ca64f5ab15" testListId="8c84fa94-04c1-424b-9868-57a2d4851a1d" />
    <TestEntry testId="99a10c59-9aed-054b-9f26-15805af85148" executionId="efca3e5b-f7d0-43f9-a943-596704b5f427" testListId="8c84fa94-04c1-424b-9868-57a2d4851a1d" />
    <TestEntry testId="d8dd6fae-802b-a606-14b3-f77add91cde3" executionId="8f8eee0b-c954-47ae-980e-100d6d920c93" testListId="8c84fa94-04c1-424b-9868-57a2d4851a1d" />
    <TestEntry testId="9c484d5b-265a-2c6e-537b-f37cd91a7473" executionId="958fb9f1-07ca-4d58-a86c-f1e316bba603" testListId="8c84fa94-04c1-424b-9868-57a2d4851a1d" />
    <TestEntry testId="3303c520-a64a-555f-afb5-ac27a0847525" executionId="87bb8c9e-d202-4c78-a4ac-b10e4609d7a9" testListId="8c84fa94-04c1-424b-9868-57a2d4851a1d" />
    <TestEntry testId="f9126a5c-91ab-1e44-30e6-13ca198640cb" executionId="e3a120ad-e8ab-4ae8-8b27-0fb5b7b40641" testListId="8c84fa94-04c1-424b-9868-57a2d4851a1d" />
    <TestEntry testId="f0622268-a7b0-73db-dcaa-b07ea595271b" executionId="fc374bb9-3d3f-458d-aea5-5f1fde90bc5a" testListId="8c84fa94-04c1-424b-9868-57a2d4851a1d" />
    <TestEntry testId="23390089-a1b0-0859-3cf4-aeec4a54a63a" executionId="c87a0546-7718-4232-a83c-78c1d6ef78e6" testListId="8c84fa94-04c1-424b-9868-57a2d4851a1d" />
    <TestEntry testId="a1a0ba31-d02b-8245-607c-82258ff29354" executionId="f05f41d4-4867-4774-9860-d926b3fe0541" testListId="8c84fa94-04c1-424b-9868-57a2d4851a1d" />
    <TestEntry testId="5e0fc3f1-0f67-2b00-c924-a966afea65df" executionId="09e2e2c4-befd-40c1-a066-0cd3cfd30fc3" testListId="8c84fa94-04c1-424b-9868-57a2d4851a1d" />
    <TestEntry testId="b8f799c6-5cbe-3da8-b8f8-1ee56d7fcf02" executionId="95b769c9-c0e6-4fda-b3f5-f28e8c73c2b9" testListId="8c84fa94-04c1-424b-9868-57a2d4851a1d" />
    <TestEntry testId="837c6681-7a11-fda1-e2c1-66903c24de53" executionId="2bf5feea-22a7-4501-99e7-032d9e42e67c" testListId="8c84fa94-04c1-424b-9868-57a2d4851a1d" />
    <TestEntry testId="0f966d17-36c6-657f-5b98-8b83226f1489" executionId="dd5621f7-3f32-496d-bfe0-f5a9afd06cc9" testListId="8c84fa94-04c1-424b-9868-57a2d4851a1d" />
    <TestEntry testId="67cd7cf5-f472-f19a-a725-58400de88452" executionId="756a4b58-eed5-4bde-a0a1-646ab78425fa" testListId="8c84fa94-04c1-424b-9868-57a2d4851a1d" />
    <TestEntry testId="d5a3e949-dba8-8515-82f0-b4d3600a13aa" executionId="4e2b8b2b-6612-48ec-a5b5-70b4583ff473" testListId="8c84fa94-04c1-424b-9868-57a2d4851a1d" />
    <TestEntry testId="a9bc5968-881f-208e-3a3a-e085883b32c4" executionId="efccd697-8733-4d56-b61b-b02079bdbf23" testListId="8c84fa94-04c1-424b-9868-57a2d4851a1d" />
    <TestEntry testId="379018c4-3439-ea28-2c36-3039f4766b8e" executionId="d9938a47-8130-430c-862d-07b425db8f33" testListId="8c84fa94-04c1-424b-9868-57a2d4851a1d" />
    <TestEntry testId="8d4b1df1-395e-a801-f732-9563464d225f" executionId="1e93f5bd-aae2-4033-b8e9-82f7bf14f244" testListId="8c84fa94-04c1-424b-9868-57a2d4851a1d" />
    <TestEntry testId="184b236a-96f5-5ef7-81e9-55fd01a96b10" executionId="0a09192f-8482-48f4-bb47-19102a2a1823" testListId="8c84fa94-04c1-424b-9868-57a2d4851a1d" />
    <TestEntry testId="a5617ce6-af44-3da3-775d-82bd0343fcd9" executionId="972ab5d5-6d1d-41b6-91ec-0a7dbd627935" testListId="8c84fa94-04c1-424b-9868-57a2d4851a1d" />
    <TestEntry testId="86a3d4f1-4730-e078-7812-a2cb42758d4b" executionId="e2ffba87-ae2c-4493-a6eb-a913f66a87fe" testListId="8c84fa94-04c1-424b-9868-57a2d4851a1d" />
    <TestEntry testId="95fed375-7969-3fff-ac7b-e41adca485dd" executionId="df00ddfa-8409-4726-8cae-66e0da99b2e3" testListId="8c84fa94-04c1-424b-9868-57a2d4851a1d" />
    <TestEntry testId="7af319c8-84cb-197c-29fc-ea5e77c2f3be" executionId="8e1d9f7b-b868-4fa3-a1db-58e6c01cb167" testListId="8c84fa94-04c1-424b-9868-57a2d4851a1d" />
    <TestEntry testId="d569c283-c0e4-d992-53ea-520d9219d214" executionId="3bebf08d-55c1-4bb3-9e09-6288cabf29c6" testListId="8c84fa94-04c1-424b-9868-57a2d4851a1d" />
    <TestEntry testId="7422afbf-8dc8-2993-87d6-1f702a4bc862" executionId="68e202e0-8e9d-48d2-8dc4-559f498db61b" testListId="8c84fa94-04c1-424b-9868-57a2d4851a1d" />
    <TestEntry testId="4936d87a-883b-6212-fe10-ba7602a69db8" executionId="1be17814-acef-4c61-b747-7068c4d3972c" testListId="8c84fa94-04c1-424b-9868-57a2d4851a1d" />
    <TestEntry testId="f0159238-5dbe-94b2-dc06-cbfbca0e38a0" executionId="a8b6d8fa-8a07-477f-93ed-58d850f08a44" testListId="8c84fa94-04c1-424b-9868-57a2d4851a1d" />
    <TestEntry testId="37887ca9-f36b-5081-1e8a-5e4e1fff4e53" executionId="891dd889-217c-4e4c-a548-e803a9bf00b8" testListId="8c84fa94-04c1-424b-9868-57a2d4851a1d" />
    <TestEntry testId="32740214-c33e-96ad-e5a0-01c821ac0c2a" executionId="a0b469ad-4d27-4ed7-a75d-d4ec068bfe8b" testListId="8c84fa94-04c1-424b-9868-57a2d4851a1d" />
    <TestEntry testId="b1699ce8-743c-1964-eb7b-2aa310ecbb21" executionId="3d478d5a-1bd1-422b-bae2-5a2fa68248e8" testListId="8c84fa94-04c1-424b-9868-57a2d4851a1d" />
    <TestEntry testId="3d8d8c47-dc22-599d-26af-f64601981b29" executionId="40e0e502-c859-453e-9aed-b070774999ac" testListId="8c84fa94-04c1-424b-9868-57a2d4851a1d" />
    <TestEntry testId="21347641-7dc3-6035-5dfd-bb1ac2ae1b73" executionId="2af96b43-6d41-4bc1-8ff2-27a633c99a19" testListId="8c84fa94-04c1-424b-9868-57a2d4851a1d" />
    <TestEntry testId="217115b6-0d47-12a1-e34e-67f742ff910b" executionId="6aa8bebf-5407-4904-aa16-44f1473bac67" testListId="8c84fa94-04c1-424b-9868-57a2d4851a1d" />
    <TestEntry testId="90ee7706-be86-d0d9-20c4-74ab6a1f60b7" executionId="fbeb4e69-4632-4ad1-80cf-5d689084306f" testListId="8c84fa94-04c1-424b-9868-57a2d4851a1d" />
    <TestEntry testId="ae5c211a-4af1-929a-38fa-5c9b4f30973f" executionId="1e695a15-832f-4b21-be64-e4acf3a22650" testListId="8c84fa94-04c1-424b-9868-57a2d4851a1d" />
    <TestEntry testId="74db41bd-054e-abff-59c5-f7d3ecdafbd4" executionId="73900069-7910-4c6b-abd6-4460871ae9a9" testListId="8c84fa94-04c1-424b-9868-57a2d4851a1d" />
    <TestEntry testId="d38b1856-f9a8-d9e7-be29-662b96640b5b" executionId="077a28bd-1135-4d8f-b78a-6052e0c91e4a" testListId="8c84fa94-04c1-424b-9868-57a2d4851a1d" />
    <TestEntry testId="8d9adc97-9f99-5fc5-0cdb-932a51aaf028" executionId="9e0afedf-cb86-4987-ae49-7275f087027f" testListId="8c84fa94-04c1-424b-9868-57a2d4851a1d" />
    <TestEntry testId="345abed9-9ef3-e2b8-4bc1-ad4b7b82dd26" executionId="501c9cb8-7e62-4ceb-b513-d9101e89b238" testListId="8c84fa94-04c1-424b-9868-57a2d4851a1d" />
    <TestEntry testId="958c8c55-b3b0-31c1-8935-1d44afe5a8c0" executionId="803eb1ab-e21c-40b1-89dc-cae1a56286b0" testListId="8c84fa94-04c1-424b-9868-57a2d4851a1d" />
    <TestEntry testId="8afbc81b-c940-0dce-6ef9-318ffda0f1ea" executionId="a4bc4f47-e042-4695-9882-79cbcab61add" testListId="8c84fa94-04c1-424b-9868-57a2d4851a1d" />
    <TestEntry testId="f1dc036c-9edd-e200-4e53-f62b2f9452ea" executionId="4f2a7e16-14f3-4a57-a983-69999502dbaa" testListId="8c84fa94-04c1-424b-9868-57a2d4851a1d" />
    <TestEntry testId="3222b798-5ed7-0031-3bc4-2349d5773662" executionId="c5b2848c-1c47-40ba-a949-e32ec4b26d95" testListId="8c84fa94-04c1-424b-9868-57a2d4851a1d" />
    <TestEntry testId="3c275536-ffe1-8830-c363-8f6f56aca6a1" executionId="fcef047c-cc8d-4b59-b491-f5de217723d9" testListId="8c84fa94-04c1-424b-9868-57a2d4851a1d" />
    <TestEntry testId="29ce62dc-57a0-98b0-2349-436efa39dc09" executionId="ab8b976e-3784-4298-900e-10a95e3caf0a" testListId="8c84fa94-04c1-424b-9868-57a2d4851a1d" />
    <TestEntry testId="f0585ec3-ae76-b5af-6830-899496ff1fd9" executionId="5e66cd67-2052-4a4b-967b-4afe3cb2ee52" testListId="8c84fa94-04c1-424b-9868-57a2d4851a1d" />
    <TestEntry testId="fb12626f-6bd8-49ed-e189-ad76e4b7496b" executionId="2e6569d3-4c76-4a72-9e1e-7a3bc525ee24" testListId="8c84fa94-04c1-424b-9868-57a2d4851a1d" />
    <TestEntry testId="2bc42f5a-e565-5018-fa3b-64bf63c4c2f5" executionId="5489b773-19a0-486d-be19-c9c58f25712d" testListId="8c84fa94-04c1-424b-9868-57a2d4851a1d" />
    <TestEntry testId="f40cda09-c7b2-157d-533a-1e4833860e01" executionId="0c3dde02-eae2-4c8b-b03d-16939976ecd7" testListId="8c84fa94-04c1-424b-9868-57a2d4851a1d" />
    <TestEntry testId="ae7cb376-4ef2-2742-75ce-61ea6adcde54" executionId="2d789b7e-0ee4-488f-9788-239ac48c03f1" testListId="8c84fa94-04c1-424b-9868-57a2d4851a1d" />
    <TestEntry testId="a2988576-488b-e6d4-a498-af48b96efbdb" executionId="3ae0d80d-e025-4728-9a7b-4434480eec88" testListId="8c84fa94-04c1-424b-9868-57a2d4851a1d" />
    <TestEntry testId="1ead85ed-9e84-e345-248b-37b2bb2fd57c" executionId="8e6fdf28-cb9b-4eee-857e-90e0a364e944" testListId="8c84fa94-04c1-424b-9868-57a2d4851a1d" />
    <TestEntry testId="bb7f2094-2f9e-97a8-2260-536683d65f82" executionId="8631c980-ee9e-41e6-b212-cf9b8382b27b" testListId="8c84fa94-04c1-424b-9868-57a2d4851a1d" />
    <TestEntry testId="de399ac2-0e9a-031b-1b43-49701fcdb8f0" executionId="a4a4420c-c59b-4437-937d-502ac9cff978" testListId="8c84fa94-04c1-424b-9868-57a2d4851a1d" />
    <TestEntry testId="a1315833-0fe6-4fc5-8939-3c4f1b31db5e" executionId="939489ba-856d-47e7-9561-46f687fcb7a5" testListId="8c84fa94-04c1-424b-9868-57a2d4851a1d" />
    <TestEntry testId="ef7b8988-d111-e493-786c-6d198480cf20" executionId="126cfcab-f318-459d-8cd6-299e9d0e47cd" testListId="8c84fa94-04c1-424b-9868-57a2d4851a1d" />
    <TestEntry testId="b1be5e34-279b-4416-5a52-95321e0442b4" executionId="28a80455-cb7d-40f8-bcd0-991c7efc4151" testListId="8c84fa94-04c1-424b-9868-57a2d4851a1d" />
    <TestEntry testId="6fa66cd3-3174-5023-d80b-ce9981bfadfc" executionId="6c3e9f69-866b-40a3-883f-e68415338298" testListId="8c84fa94-04c1-424b-9868-57a2d4851a1d" />
    <TestEntry testId="85867aba-850c-5842-e811-a641ca5889cf" executionId="ced3098c-5656-4e8b-bde5-58ae3d327faf" testListId="8c84fa94-04c1-424b-9868-57a2d4851a1d" />
    <TestEntry testId="6b324d3b-5796-c056-8636-0eb49b18ead5" executionId="4425db1e-9cd8-4d2c-bbe0-0d91d338f1a3" testListId="8c84fa94-04c1-424b-9868-57a2d4851a1d" />
    <TestEntry testId="712c2678-6c5e-0050-868a-1155d0b4fa06" executionId="743a820d-dd01-4335-8ab8-cf2861ac98d4" testListId="8c84fa94-04c1-424b-9868-57a2d4851a1d" />
    <TestEntry testId="a71dfd40-e5c3-4b5b-03e3-172683e7a4a4" executionId="50fc6ca5-94ee-42e1-8523-775affd66a89" testListId="8c84fa94-04c1-424b-9868-57a2d4851a1d" />
    <TestEntry testId="0f4e158a-5f55-34ac-2195-c457e3f3f9e2" executionId="affebfef-c72e-4417-84fd-dab9abc9ad6c" testListId="8c84fa94-04c1-424b-9868-57a2d4851a1d" />
    <TestEntry testId="826ac225-455e-4413-4415-8bc54c5b4d09" executionId="1a91eb86-e9a5-48de-a5ae-aadc5c8afaec" testListId="8c84fa94-04c1-424b-9868-57a2d4851a1d" />
    <TestEntry testId="7be4f16e-73d9-91a8-2b92-68f269673cb9" executionId="eedc5378-3f98-43b6-bb7b-7f4cbe798c39" testListId="8c84fa94-04c1-424b-9868-57a2d4851a1d" />
    <TestEntry testId="3e825b25-6db1-d72d-ab5d-475a3a46b642" executionId="fd614870-129b-443e-a1c6-36f1bc6f3494" testListId="8c84fa94-04c1-424b-9868-57a2d4851a1d" />
    <TestEntry testId="3c248867-d354-cc7e-803e-cd6ef02be22e" executionId="5ce89b28-0897-447f-98b8-aaf06867cbb2" testListId="8c84fa94-04c1-424b-9868-57a2d4851a1d" />
    <TestEntry testId="00c173aa-365e-0279-47ce-e69aab924076" executionId="107451b2-cfda-4ec8-80a8-954fc71cb65c" testListId="8c84fa94-04c1-424b-9868-57a2d4851a1d" />
    <TestEntry testId="298a4d26-abe3-d2f6-50a3-14e473e9fa24" executionId="944c9fda-a3f4-40e5-a9d4-1888bdffa803" testListId="8c84fa94-04c1-424b-9868-57a2d4851a1d" />
    <TestEntry testId="21f5ba92-f354-bb76-94e2-2214000ea5b9" executionId="903280ac-0ecf-434a-a6f0-0bad60e14e31" testListId="8c84fa94-04c1-424b-9868-57a2d4851a1d" />
    <TestEntry testId="5fdca359-14d7-98c9-3f79-03e22f946141" executionId="f2cd96fe-d82a-4acb-bf85-b7fb8e9ca70c" testListId="8c84fa94-04c1-424b-9868-57a2d4851a1d" />
    <TestEntry testId="3490543a-9aad-4d93-690a-aa8da10d1845" executionId="1492afbd-448b-4ede-adbb-35c0d567f8ae" testListId="8c84fa94-04c1-424b-9868-57a2d4851a1d" />
    <TestEntry testId="005bc1cf-7a4e-92d9-5bd8-b2bbb383cd58" executionId="fcfaaef1-886a-479d-bd95-308b83f87441" testListId="8c84fa94-04c1-424b-9868-57a2d4851a1d" />
    <TestEntry testId="c813b080-ad5f-d9e2-c675-1e1394f00010" executionId="7ea300bf-460a-40db-ba6a-7169e148788a" testListId="8c84fa94-04c1-424b-9868-57a2d4851a1d" />
    <TestEntry testId="0229b587-f980-d1c2-d94e-8ed98bc221a6" executionId="708b0d37-5d4d-4fcb-a47e-d787ca90e85c" testListId="8c84fa94-04c1-424b-9868-57a2d4851a1d" />
    <TestEntry testId="6d2fa905-65f5-7d76-6130-8eb8fe67de75" executionId="340b361e-f31b-47f8-93eb-99085c8510c8" testListId="8c84fa94-04c1-424b-9868-57a2d4851a1d" />
    <TestEntry testId="9e338ff4-5402-3f35-08f3-bafb7669b187" executionId="c71882b7-a264-43b4-951e-9b862c14f85e" testListId="8c84fa94-04c1-424b-9868-57a2d4851a1d" />
    <TestEntry testId="cab5d10f-8cae-8dfd-3b1b-219e11cb76ab" executionId="24bbcc39-c2d3-4599-a554-825de533ff20" testListId="8c84fa94-04c1-424b-9868-57a2d4851a1d" />
    <TestEntry testId="eef249b6-8ce5-ce2e-1d6e-3786477a589e" executionId="08efaf84-0cdc-47bd-814b-d710641153de" testListId="8c84fa94-04c1-424b-9868-57a2d4851a1d" />
    <TestEntry testId="b7f6b02b-7701-48a7-6ef3-dc8df7e50575" executionId="bfca9687-d92e-4402-b408-e61cb764a6e3" testListId="8c84fa94-04c1-424b-9868-57a2d4851a1d" />
    <TestEntry testId="aa52f83a-fd01-4271-59b5-322ecc9f9333" executionId="abfc77d3-a220-415e-b13b-7c0c86a82932" testListId="8c84fa94-04c1-424b-9868-57a2d4851a1d" />
    <TestEntry testId="3c1aaa80-1e63-d980-5967-7f705ee7de1e" executionId="e40f8c76-529f-4d4c-8db3-666c99228156" testListId="8c84fa94-04c1-424b-9868-57a2d4851a1d" />
    <TestEntry testId="0183c416-9787-c59d-18ce-d5b3fc43ac57" executionId="39516357-d220-4531-921e-db953960a732" testListId="8c84fa94-04c1-424b-9868-57a2d4851a1d" />
    <TestEntry testId="bce75dbd-45ca-03c5-19ba-bad21cb2572e" executionId="b799d65d-2846-4b64-a023-f8f5137fdca7" testListId="8c84fa94-04c1-424b-9868-57a2d4851a1d" />
    <TestEntry testId="ecefef35-6686-837e-5061-bcb9badf51b3" executionId="35cc7c5a-804c-4532-8ad2-8cdb9d12bbef" testListId="8c84fa94-04c1-424b-9868-57a2d4851a1d" />
    <TestEntry testId="333dd064-5f53-dea9-59e8-b7071262f9e7" executionId="12414adc-cebf-4c72-8adf-c0ee8eb8938e" testListId="8c84fa94-04c1-424b-9868-57a2d4851a1d" />
    <TestEntry testId="d8fff351-64d1-1a21-4739-3e89df4d873b" executionId="8561a4ba-1135-4d60-b0d9-a15ccfabfe91" testListId="8c84fa94-04c1-424b-9868-57a2d4851a1d" />
    <TestEntry testId="8444e906-7a92-9021-9b3f-57eb7bbd8067" executionId="5fec02e5-6cee-46e2-8493-5ea1a2df39cd" testListId="8c84fa94-04c1-424b-9868-57a2d4851a1d" />
    <TestEntry testId="20eba454-047b-5e64-79ba-74e9397a20a4" executionId="76e17f8d-799b-4a74-b9a4-c5be68d4295a" testListId="8c84fa94-04c1-424b-9868-57a2d4851a1d" />
    <TestEntry testId="386c80c9-6738-6119-052a-4c505d8f4e31" executionId="d5593ef4-c665-47ee-b250-29359e9efa28" testListId="8c84fa94-04c1-424b-9868-57a2d4851a1d" />
    <TestEntry testId="01cb383a-3e5a-acd0-bce9-5df29c661a7c" executionId="8355664e-7ab6-4547-9580-0e0ff1a11e2b" testListId="8c84fa94-04c1-424b-9868-57a2d4851a1d" />
    <TestEntry testId="eefaa447-aa0c-7b07-9a84-3d4387fce640" executionId="c1dfaccc-d599-435d-a4b0-d3c649459d1c" testListId="8c84fa94-04c1-424b-9868-57a2d4851a1d" />
    <TestEntry testId="1bf3b326-0db3-88e9-a1ae-c5de32b68479" executionId="39ec818c-848a-4cd1-92fb-0ba5a45183a6" testListId="8c84fa94-04c1-424b-9868-57a2d4851a1d" />
    <TestEntry testId="5372d0c3-7454-6ed0-3140-c46dbf17af10" executionId="658eee68-7d04-4dbb-8498-fed837a1a906" testListId="8c84fa94-04c1-424b-9868-57a2d4851a1d" />
    <TestEntry testId="1d1eb73d-8b0c-7513-b3af-aa35ad258fdb" executionId="5c54c43a-395e-42d5-b51e-e3874e694329" testListId="8c84fa94-04c1-424b-9868-57a2d4851a1d" />
    <TestEntry testId="c1189369-93b0-2acc-f712-00eac1c7b884" executionId="6e197555-0c06-408b-98d3-d543aa1ad8fa" testListId="8c84fa94-04c1-424b-9868-57a2d4851a1d" />
    <TestEntry testId="fc250b23-71a0-c4eb-52eb-8cd889ac9f85" executionId="ee410761-c5bc-43eb-9003-041f9c8d6edc" testListId="8c84fa94-04c1-424b-9868-57a2d4851a1d" />
    <TestEntry testId="451fafcd-e358-2a2a-0150-6d7bc1153f41" executionId="37f54986-589d-4ff9-b297-7ac7c8cfa5df" testListId="8c84fa94-04c1-424b-9868-57a2d4851a1d" />
    <TestEntry testId="fb0ce41f-cede-9ac7-f047-8c3573f30f7e" executionId="dc770a5e-cdb8-46f6-a021-239856e82049" testListId="8c84fa94-04c1-424b-9868-57a2d4851a1d" />
    <TestEntry testId="b6307f6f-0923-1f5a-926e-f404ac915b20" executionId="90ce42c8-7d04-4b24-87c5-c6982a0d9e69" testListId="8c84fa94-04c1-424b-9868-57a2d4851a1d" />
    <TestEntry testId="29503cc7-b010-6825-6d29-1db7cb95143d" executionId="ff66bc35-e403-4a96-b75b-9a4104bbde05" testListId="8c84fa94-04c1-424b-9868-57a2d4851a1d" />
    <TestEntry testId="f96ea468-2b60-097d-c220-3c5f104473af" executionId="3157d29a-50be-4c16-a68b-21fe31738828" testListId="8c84fa94-04c1-424b-9868-57a2d4851a1d" />
    <TestEntry testId="c54c0d26-3d52-7638-d0ec-e651814ad808" executionId="6ec76988-3d47-4eeb-98a5-fae25ba6f879" testListId="8c84fa94-04c1-424b-9868-57a2d4851a1d" />
    <TestEntry testId="9abe82c5-80fa-2d6a-e76f-8b42c308f2c5" executionId="3ff90a05-aeff-453f-91f9-eda84cf0daf1" testListId="8c84fa94-04c1-424b-9868-57a2d4851a1d" />
    <TestEntry testId="0107bc98-e88d-a137-c4d8-ff01a11c4723" executionId="83ae8172-e5ed-4241-9e06-bf946176e122" testListId="8c84fa94-04c1-424b-9868-57a2d4851a1d" />
    <TestEntry testId="e7e966d4-e5d2-6514-5e34-60687297029b" executionId="8543ac68-5c16-40dc-a180-40b0eed6d81b" testListId="8c84fa94-04c1-424b-9868-57a2d4851a1d" />
    <TestEntry testId="2553ac6b-8c4b-c989-c2b1-742cbb8f417e" executionId="a086a071-c92f-4705-88ed-217336388d12" testListId="8c84fa94-04c1-424b-9868-57a2d4851a1d" />
    <TestEntry testId="ea8471c3-2743-4dfb-2fac-6cae304dff99" executionId="fc3f5100-d2b4-47dd-86c0-65416f84fa43" testListId="8c84fa94-04c1-424b-9868-57a2d4851a1d" />
    <TestEntry testId="513b5d8b-983e-b793-a988-3659c0ad4956" executionId="e0d3ff80-b842-4c00-ab6e-0c37274cec20" testListId="8c84fa94-04c1-424b-9868-57a2d4851a1d" />
    <TestEntry testId="a52cde15-d4da-6fd7-917d-2f5d406fbd21" executionId="8d9ecd8f-5df4-47e1-b693-924b95d7fa26" testListId="8c84fa94-04c1-424b-9868-57a2d4851a1d" />
    <TestEntry testId="c57a980e-ffcc-5e16-6a31-18fd8b909caa" executionId="2831ec8e-4bea-4829-9555-7acc5f0ae8af" testListId="8c84fa94-04c1-424b-9868-57a2d4851a1d" />
    <TestEntry testId="b34ac9b1-7b20-291d-6caf-28aeffc4e30f" executionId="83f29eb8-9e75-4ff0-9f31-a4a0da158d22" testListId="8c84fa94-04c1-424b-9868-57a2d4851a1d" />
    <TestEntry testId="e34fd7ec-376b-5cd9-f43c-324b72764f5f" executionId="6e312123-df2a-4973-8cf3-61becc81bcb4" testListId="8c84fa94-04c1-424b-9868-57a2d4851a1d" />
    <TestEntry testId="f995d454-4ebf-d775-1609-24b3016af07c" executionId="6c6e89cf-9ace-4fa7-b1af-ec7caaa8cd6f" testListId="8c84fa94-04c1-424b-9868-57a2d4851a1d" />
    <TestEntry testId="f28b795b-c425-f0b1-e6d2-05ca8e559551" executionId="2961c9fb-bbaa-40fd-9445-362af5ebcf21" testListId="8c84fa94-04c1-424b-9868-57a2d4851a1d" />
    <TestEntry testId="eaf85606-7f0d-3e94-fb5d-ed88b536baa0" executionId="f6746754-0614-4d43-8df9-e26a3f4a1aaf" testListId="8c84fa94-04c1-424b-9868-57a2d4851a1d" />
    <TestEntry testId="d80dabd7-8e57-8764-d48e-5c692bf0e881" executionId="1d55feb3-951c-4be3-b021-a35e38236a05" testListId="8c84fa94-04c1-424b-9868-57a2d4851a1d" />
    <TestEntry testId="8456fa24-5ecf-826b-4b12-9156253c47fe" executionId="2be8260c-d084-4e1f-b2ed-9bcf807ccc72" testListId="8c84fa94-04c1-424b-9868-57a2d4851a1d" />
    <TestEntry testId="098a6c08-89e3-c4e2-de2b-7f783c0ba1b5" executionId="b3227c42-e825-4af8-a230-90091d8fc1ff" testListId="8c84fa94-04c1-424b-9868-57a2d4851a1d" />
    <TestEntry testId="aa4e492c-9871-e494-8afc-2e1c32042c9f" executionId="f41780c8-9f21-4a49-b34c-6ee07ef70d60" testListId="8c84fa94-04c1-424b-9868-57a2d4851a1d" />
    <TestEntry testId="c2c1dbbf-76df-e4ac-1f6c-4bf02108e7b1" executionId="67dc6b7a-b5fd-47c8-aa52-bdae5fb1d8a6" testListId="8c84fa94-04c1-424b-9868-57a2d4851a1d" />
    <TestEntry testId="17d839f5-53e2-230c-5fc7-a871a7838f84" executionId="2c8d6581-dce6-42f6-9587-171404c6517b" testListId="8c84fa94-04c1-424b-9868-57a2d4851a1d" />
    <TestEntry testId="e0769b45-8199-18f4-5d81-d7fe740ba2db" executionId="0597d2c2-a977-4ed8-8846-b6bef7009b76" testListId="8c84fa94-04c1-424b-9868-57a2d4851a1d" />
    <TestEntry testId="2ae061eb-7306-c193-04ca-269456b3b20b" executionId="c014fb71-da8c-44ed-8704-c4ca58bc5894" testListId="8c84fa94-04c1-424b-9868-57a2d4851a1d" />
    <TestEntry testId="e3333616-70b0-385e-063b-ec83b99dd0ba" executionId="8405abf4-3645-4464-b195-7624106f1195" testListId="8c84fa94-04c1-424b-9868-57a2d4851a1d" />
    <TestEntry testId="a99bf545-84e2-fafd-ee3f-5153803c3541" executionId="5a59396f-a565-4a2f-ba65-82f076abe45c" testListId="8c84fa94-04c1-424b-9868-57a2d4851a1d" />
    <TestEntry testId="82e7d70c-1a42-9215-0f5f-33fe3e6fa346" executionId="e82a5055-ffd2-406c-9f47-b25d024f351b" testListId="8c84fa94-04c1-424b-9868-57a2d4851a1d" />
    <TestEntry testId="762e5ce4-0443-8529-2419-b15e6b3af056" executionId="70a2e2c9-f5ff-443b-b4c3-547bcd3c78b3" testListId="8c84fa94-04c1-424b-9868-57a2d4851a1d" />
    <TestEntry testId="e704684d-9f7f-da08-58cf-d52651e9dd96" executionId="73394ff1-35a4-4866-a47b-7107a905887f" testListId="8c84fa94-04c1-424b-9868-57a2d4851a1d" />
    <TestEntry testId="b8e35215-9c02-c225-ebde-5cb2a4f46f94" executionId="09086c54-f4d2-438a-9528-c83c3ff2bf01" testListId="8c84fa94-04c1-424b-9868-57a2d4851a1d" />
    <TestEntry testId="7496f6c0-e383-6fbb-5d3f-fa615fc5ab22" executionId="c2a79e1c-e64d-40f7-8dff-e1af5990b6f6" testListId="8c84fa94-04c1-424b-9868-57a2d4851a1d" />
    <TestEntry testId="8a2b6295-c6f7-0626-b29d-201c71fd67a5" executionId="e596d135-9380-4478-93c7-2e33c3c3a0ac" testListId="8c84fa94-04c1-424b-9868-57a2d4851a1d" />
    <TestEntry testId="369d8b6d-6b5f-c2d1-d938-37474ed850e0" executionId="f94cfcad-5e3b-4daf-815d-ddb0a0e0b85b" testListId="8c84fa94-04c1-424b-9868-57a2d4851a1d" />
    <TestEntry testId="95a4da2d-eeda-4697-a7af-1236c580bef1" executionId="4001a19b-48d9-4246-9a2b-471a60fbf03e" testListId="8c84fa94-04c1-424b-9868-57a2d4851a1d" />
    <TestEntry testId="fad10d32-e0c1-4a39-6168-5252fb0f8392" executionId="9dff8974-8557-4b9e-9ad1-3d99d4d7da00" testListId="8c84fa94-04c1-424b-9868-57a2d4851a1d" />
    <TestEntry testId="e72aca21-1347-9775-f65f-ee1c6d7b63bd" executionId="1b3d92a2-1f4f-46b2-bcf0-5f22faa85516" testListId="8c84fa94-04c1-424b-9868-57a2d4851a1d" />
    <TestEntry testId="66cfeda0-e2cf-f1fc-0d88-eef5b227e59f" executionId="a8df6cf0-be47-4c81-a328-8ea38dc8fb44" testListId="8c84fa94-04c1-424b-9868-57a2d4851a1d" />
    <TestEntry testId="09dc5d9b-3822-771d-84ba-e650ae497aa7" executionId="5c90775d-0bb8-4118-82b2-8328fbaabb7d" testListId="8c84fa94-04c1-424b-9868-57a2d4851a1d" />
    <TestEntry testId="5f61ffa8-be4c-5cf6-d406-18781222cb59" executionId="05e71891-ecd2-4fd0-85f2-d00e99dbf1e1" testListId="8c84fa94-04c1-424b-9868-57a2d4851a1d" />
    <TestEntry testId="9006b827-71f8-1e68-78c8-d64e06e75b19" executionId="032b999a-cb7e-4bfc-9047-c10af5e081a1" testListId="8c84fa94-04c1-424b-9868-57a2d4851a1d" />
    <TestEntry testId="f7364d60-2df0-c5fc-137c-b9b46fcd6fe9" executionId="38af08ec-0b9d-43b8-ac83-8f359da71aba" testListId="8c84fa94-04c1-424b-9868-57a2d4851a1d" />
    <TestEntry testId="94c8a06e-3f46-89b8-1521-4663bd871343" executionId="5a994520-df65-474b-88a3-60c1f4edd184" testListId="8c84fa94-04c1-424b-9868-57a2d4851a1d" />
    <TestEntry testId="f2281ab7-ffb9-3d10-c3a8-1aa0cd2fcbfc" executionId="601acd09-f24d-4f63-9e15-738eb67e982e" testListId="8c84fa94-04c1-424b-9868-57a2d4851a1d" />
    <TestEntry testId="0667d290-5479-f00f-a7a0-ba550069f4d6" executionId="24894a72-20c6-4ff4-9382-5e353468cc2d" testListId="8c84fa94-04c1-424b-9868-57a2d4851a1d" />
    <TestEntry testId="333aaef5-a204-ff89-a246-bb5035b09f90" executionId="a4b6e367-e0c2-47bc-ba43-574b154023c5" testListId="8c84fa94-04c1-424b-9868-57a2d4851a1d" />
    <TestEntry testId="19f5bc79-d564-bb1a-c016-f7779e568c5d" executionId="e17a1e21-2d48-4357-b6c2-b2298ce86ff6" testListId="8c84fa94-04c1-424b-9868-57a2d4851a1d" />
    <TestEntry testId="7b53b99d-252e-844e-10ce-3552b8f6980f" executionId="8fc2c9cb-e7a9-48c9-9522-765b754f3744" testListId="8c84fa94-04c1-424b-9868-57a2d4851a1d" />
    <TestEntry testId="61eb0848-4e9b-4d1d-2e7a-801bcb7d8307" executionId="7abc2251-0e06-428b-863f-7d2ee9ce4def" testListId="8c84fa94-04c1-424b-9868-57a2d4851a1d" />
    <TestEntry testId="e84b36e7-4f40-fa31-8ed6-b8aea0f7b95d" executionId="c6da357c-8a63-4abb-aa88-9783786aa420" testListId="8c84fa94-04c1-424b-9868-57a2d4851a1d" />
    <TestEntry testId="d1d03651-a1e2-f6be-a8df-45190d2d89f8" executionId="bb987f08-5d0b-4850-ad24-35aeebf408c2" testListId="8c84fa94-04c1-424b-9868-57a2d4851a1d" />
    <TestEntry testId="b168b1f7-674c-8775-2a66-cf7d7f806851" executionId="3ba52c1e-7f47-4e0f-a8a2-6454b25c8761" testListId="8c84fa94-04c1-424b-9868-57a2d4851a1d" />
    <TestEntry testId="379512c8-8994-594d-a3c0-6d675c1d8949" executionId="0afe9a56-9f50-4873-97da-95eb7604b799" testListId="8c84fa94-04c1-424b-9868-57a2d4851a1d" />
    <TestEntry testId="66fdc644-297b-3f5c-4f4a-cb900d8c28d6" executionId="2557a77d-1de3-4937-93af-37e07ceadf9d" testListId="8c84fa94-04c1-424b-9868-57a2d4851a1d" />
    <TestEntry testId="4a4334b0-5451-8696-5200-0bdb59e2a710" executionId="edf6d0af-528f-407e-b4d8-a6635bf35718" testListId="8c84fa94-04c1-424b-9868-57a2d4851a1d" />
    <TestEntry testId="2067c239-a69d-2f34-aeac-53cb55316cbb" executionId="73313157-4010-4e28-9fb7-292a8a85ef60" testListId="8c84fa94-04c1-424b-9868-57a2d4851a1d" />
    <TestEntry testId="4f980f14-0ada-dd56-93fe-12a559a27314" executionId="21316758-f8e5-41c0-8af6-036a54de6da8" testListId="8c84fa94-04c1-424b-9868-57a2d4851a1d" />
    <TestEntry testId="9db1e6a2-c9ab-3468-9419-59249149bc04" executionId="5f35a6b4-69b7-4937-9968-00ed60b8cd0c" testListId="8c84fa94-04c1-424b-9868-57a2d4851a1d" />
    <TestEntry testId="d3675fd4-77f8-268f-8735-9b5ad5bc915b" executionId="24c413a9-2f8c-42a4-81a0-366506026d88" testListId="8c84fa94-04c1-424b-9868-57a2d4851a1d" />
    <TestEntry testId="619c3bdd-52f6-f473-bd0e-a552a532adf7" executionId="080578c6-c66e-480a-a971-42a395576ff2" testListId="8c84fa94-04c1-424b-9868-57a2d4851a1d" />
    <TestEntry testId="521fa3b6-9e37-72bc-d9e9-42020df0aa26" executionId="7deda99e-66a6-4af4-bc02-e7a64180fdaf" testListId="8c84fa94-04c1-424b-9868-57a2d4851a1d" />
    <TestEntry testId="03d957f5-33ed-c0eb-c948-6ece846430f3" executionId="2dc6ed95-9354-4d83-b740-c2305156d73e" testListId="8c84fa94-04c1-424b-9868-57a2d4851a1d" />
    <TestEntry testId="b2708039-2d5c-fb09-5f56-062d0cb9067a" executionId="2d4283b9-1602-4ef9-923e-9e6717308fbf" testListId="8c84fa94-04c1-424b-9868-57a2d4851a1d" />
    <TestEntry testId="0c4c15ff-4158-9c17-cd9b-2647420fd170" executionId="f615b6d2-23f5-44e5-adc1-de736b31b05f" testListId="8c84fa94-04c1-424b-9868-57a2d4851a1d" />
    <TestEntry testId="9f2dc98f-6aa2-694c-8819-9ccfd93e4fc8" executionId="86d41bed-ce1c-41f6-a208-0d028ab16ca2" testListId="8c84fa94-04c1-424b-9868-57a2d4851a1d" />
    <TestEntry testId="a9f22fa3-b7d2-f6d4-3197-1e8215934f1f" executionId="ec86a419-f526-4034-b102-7452598a0d71" testListId="8c84fa94-04c1-424b-9868-57a2d4851a1d" />
    <TestEntry testId="9c14da41-934e-02e1-653f-9f7dc91a12aa" executionId="1788d5c6-322a-4d91-9ad8-815d0693fadb" testListId="8c84fa94-04c1-424b-9868-57a2d4851a1d" />
    <TestEntry testId="2adcf87c-7078-5286-2ca1-778b501cd9f7" executionId="df67d866-62c6-4fd0-a030-be3013a9d78f" testListId="8c84fa94-04c1-424b-9868-57a2d4851a1d" />
    <TestEntry testId="d147ccf7-2e90-d95d-62de-1759c3690066" executionId="88e999b4-a17b-4fc2-93f4-87f6bce1c291" testListId="8c84fa94-04c1-424b-9868-57a2d4851a1d" />
    <TestEntry testId="e0a6ca51-6257-18e2-3ed9-4bb78f34d6d7" executionId="8e75a6a2-5b03-41f6-bc9c-50f93a044ad5" testListId="8c84fa94-04c1-424b-9868-57a2d4851a1d" />
    <TestEntry testId="8762588b-d7fc-ca07-7e83-51f41467a9eb" executionId="c1932b80-ca36-4986-b346-131629e7de66" testListId="8c84fa94-04c1-424b-9868-57a2d4851a1d" />
    <TestEntry testId="56c6c75f-613a-6a82-f7f1-a767d952b57c" executionId="afe93896-b40d-44d8-bab9-0db1d0b4afc5" testListId="8c84fa94-04c1-424b-9868-57a2d4851a1d" />
    <TestEntry testId="0d37f434-250b-5238-45a8-c128f2ef42ef" executionId="d2ae8891-5ed6-4320-85bc-f89c05eeafd5" testListId="8c84fa94-04c1-424b-9868-57a2d4851a1d" />
    <TestEntry testId="03ea9dd2-de50-ef82-5a92-98d7b2ff607a" executionId="1ab68051-7bf9-48f0-8576-b0ff28ef28fc" testListId="8c84fa94-04c1-424b-9868-57a2d4851a1d" />
    <TestEntry testId="9dc75585-8b30-1a60-5f46-ba30d03b7635" executionId="917d8295-2ffb-4d97-999a-90d5715fdfe8" testListId="8c84fa94-04c1-424b-9868-57a2d4851a1d" />
    <TestEntry testId="bd91fcf5-5262-be00-7dbb-b8c3fec0f109" executionId="c7373016-6b30-4f30-883b-d7409672b3ea" testListId="8c84fa94-04c1-424b-9868-57a2d4851a1d" />
    <TestEntry testId="13221fa5-3685-19e4-e13a-81cefe081d4d" executionId="aa1628d9-ab99-4f4f-b3b3-cd9cd0e87118" testListId="8c84fa94-04c1-424b-9868-57a2d4851a1d" />
    <TestEntry testId="552b07f7-5957-56bd-9f6c-bbb880d05499" executionId="abab8382-c909-4267-80fd-a8adee84cd9f" testListId="8c84fa94-04c1-424b-9868-57a2d4851a1d" />
    <TestEntry testId="37d70f53-ca13-79ab-c67c-fecd55be0876" executionId="f0ec2ab8-564b-4625-9cde-230aa2c86c0d" testListId="8c84fa94-04c1-424b-9868-57a2d4851a1d" />
    <TestEntry testId="a95ff0ae-d4c3-2673-b0e9-9a7af3b33aba" executionId="62be8014-5fea-4450-a31a-4f4251ba200b" testListId="8c84fa94-04c1-424b-9868-57a2d4851a1d" />
    <TestEntry testId="a6da1f0c-9d53-8f1b-60d6-c520ee89e7a7" executionId="1f01556d-cd64-4727-87c0-5a83176d3fa4" testListId="8c84fa94-04c1-424b-9868-57a2d4851a1d" />
    <TestEntry testId="6db05940-47de-0c9c-5b92-fcba99ecc227" executionId="8aa5163d-e8ca-4c18-877e-4d63cd0d3abc" testListId="8c84fa94-04c1-424b-9868-57a2d4851a1d" />
    <TestEntry testId="705f4fef-5f3d-03f1-6410-c3ee16921998" executionId="b423a81e-f14c-413c-b8b5-f36af8ecd2f7" testListId="8c84fa94-04c1-424b-9868-57a2d4851a1d" />
    <TestEntry testId="19309037-483b-d4c8-73ea-f8f351cef324" executionId="d064675f-6d13-494d-b9d1-30eba0733cea" testListId="8c84fa94-04c1-424b-9868-57a2d4851a1d" />
    <TestEntry testId="2ed0b312-2f27-0f0b-487a-dea260d635a9" executionId="c4882b45-5e12-49eb-b05c-24ef4c7e7b09" testListId="8c84fa94-04c1-424b-9868-57a2d4851a1d" />
    <TestEntry testId="1ab663c2-4cb9-e883-e113-e7c904041e47" executionId="54ea832f-5514-4431-8ba4-16616163e824" testListId="8c84fa94-04c1-424b-9868-57a2d4851a1d" />
    <TestEntry testId="8257a4bf-ab18-2761-6e92-b21983b2b798" executionId="83b48a0e-a14a-4e43-9ed8-d4f4d204a6b1" testListId="8c84fa94-04c1-424b-9868-57a2d4851a1d" />
    <TestEntry testId="95fa357e-9359-c839-8ff3-f046c9e30487" executionId="5e7f437c-9073-4afc-94d5-e939b3b7d2f3" testListId="8c84fa94-04c1-424b-9868-57a2d4851a1d" />
    <TestEntry testId="5d8a1a0c-8ac0-09f0-e7c5-3249de62e9a9" executionId="8a7e321a-14e2-4ca5-bb40-23dabd1c6093" testListId="8c84fa94-04c1-424b-9868-57a2d4851a1d" />
    <TestEntry testId="4c344495-4967-8a3c-49bd-83047e73dd58" executionId="d2e72341-6de2-4aff-80ed-561610d2a547" testListId="8c84fa94-04c1-424b-9868-57a2d4851a1d" />
    <TestEntry testId="c1b72bec-54e9-d72c-529e-b6b9932bdb7f" executionId="2e8d14c2-f4b2-40f1-8008-6227365e9c2f" testListId="8c84fa94-04c1-424b-9868-57a2d4851a1d" />
    <TestEntry testId="b039aca6-d089-bcbd-2727-394bcd0025e0" executionId="62e22fae-caf0-4f19-89ae-df9da046bd9b" testListId="8c84fa94-04c1-424b-9868-57a2d4851a1d" />
    <TestEntry testId="1ea79024-ef1b-d483-be8e-220bc24bf693" executionId="af1b1041-67b6-446e-b31f-6c5000d506a8" testListId="8c84fa94-04c1-424b-9868-57a2d4851a1d" />
    <TestEntry testId="11067e87-9b88-327c-9a0f-dda26b0288cb" executionId="ee7603fe-bd29-4175-8783-cb0c1172c466" testListId="8c84fa94-04c1-424b-9868-57a2d4851a1d" />
    <TestEntry testId="ee6fca60-0e04-b997-dc4d-b3e46cbf895c" executionId="aa1045fd-172c-41b3-93b3-6a42306b3abb" testListId="8c84fa94-04c1-424b-9868-57a2d4851a1d" />
    <TestEntry testId="93356272-81f1-2ca0-6a2b-a94c51c52201" executionId="53fcbbd1-dcad-4997-863f-837565657708" testListId="8c84fa94-04c1-424b-9868-57a2d4851a1d" />
    <TestEntry testId="853ab17c-1011-8c0b-9611-6a309f52ffd7" executionId="d39e46ac-e827-413e-9c7b-417300bfcad8" testListId="8c84fa94-04c1-424b-9868-57a2d4851a1d" />
    <TestEntry testId="91285e79-b6fd-7585-384e-bbf4da4c2bcd" executionId="9392c393-3d67-4716-9564-f880db6f3c38" testListId="8c84fa94-04c1-424b-9868-57a2d4851a1d" />
    <TestEntry testId="c2833739-846c-dde5-0033-1a2de8fc4d5a" executionId="d4b85b4d-935e-49b9-a56f-da23815278ea" testListId="8c84fa94-04c1-424b-9868-57a2d4851a1d" />
    <TestEntry testId="21fecb6a-616e-e0ca-06e2-949826e6d9fe" executionId="be4bae24-b034-4f3a-9a43-3ebaf3b3495a" testListId="8c84fa94-04c1-424b-9868-57a2d4851a1d" />
    <TestEntry testId="d53ebf9d-a1b0-7eb1-4b91-4ab174a99cc7" executionId="189a10d4-ee02-40df-b55e-09cbb097ea10" testListId="8c84fa94-04c1-424b-9868-57a2d4851a1d" />
    <TestEntry testId="08821b59-1fc3-bfdb-c64b-6b9d4d7418fb" executionId="55ede947-0b0d-4b1b-8390-bcb196fea25d" testListId="8c84fa94-04c1-424b-9868-57a2d4851a1d" />
    <TestEntry testId="dd5c672a-615a-d2df-e240-966d42055469" executionId="71a5d8c9-2fb9-4f4a-9a6e-d63a6359dc4b" testListId="8c84fa94-04c1-424b-9868-57a2d4851a1d" />
    <TestEntry testId="acc05f4a-9abc-39e3-e875-400f69bcea41" executionId="6cc991ba-abb5-4924-8dc6-9c8a5f1f7e0c" testListId="8c84fa94-04c1-424b-9868-57a2d4851a1d" />
    <TestEntry testId="faf63bba-5452-3836-a95e-2474023d45ad" executionId="3eca10fb-9024-45ad-9484-62cb54767ea2" testListId="8c84fa94-04c1-424b-9868-57a2d4851a1d" />
    <TestEntry testId="58932f19-d7b6-d69f-2dae-d6e75aa0e55e" executionId="b7a4802e-73de-435d-ba48-ed42fbde7b5a" testListId="8c84fa94-04c1-424b-9868-57a2d4851a1d" />
    <TestEntry testId="752f584a-0205-5811-1575-29e94681480b" executionId="65fd1b8f-1b9d-44f4-a936-b3bdcd464381" testListId="8c84fa94-04c1-424b-9868-57a2d4851a1d" />
    <TestEntry testId="0718464f-7428-3c2c-d7c1-1af84b0bb5ee" executionId="277b9111-9ce4-4081-b2cd-58ba2cd966bc" testListId="8c84fa94-04c1-424b-9868-57a2d4851a1d" />
    <TestEntry testId="0e06d825-6ba9-71ac-24ec-c9336680dd03" executionId="5177199f-efd0-4866-96f8-63b047bc0e04" testListId="8c84fa94-04c1-424b-9868-57a2d4851a1d" />
    <TestEntry testId="3d581e6e-ac62-d984-1637-f1fef62a5597" executionId="2f35ec79-4d88-4897-9007-d18b955985ec" testListId="8c84fa94-04c1-424b-9868-57a2d4851a1d" />
    <TestEntry testId="3f7d9e9c-5ad3-f161-b9fe-a5f6a9ab40b4" executionId="9b0e99af-54a9-4629-a4bf-343edb5ea0b4" testListId="8c84fa94-04c1-424b-9868-57a2d4851a1d" />
    <TestEntry testId="0d3aed88-2598-0caa-458e-53fd2f6dc4e2" executionId="1f145f7f-1fa6-4b87-8449-30b20231cae7" testListId="8c84fa94-04c1-424b-9868-57a2d4851a1d" />
    <TestEntry testId="7d9a319c-0aa5-831a-d202-712bedb1b15a" executionId="a4a1a7d8-bff6-4283-8091-acc35b63efe2" testListId="8c84fa94-04c1-424b-9868-57a2d4851a1d" />
    <TestEntry testId="3c694193-6244-2822-1520-285efe4d3761" executionId="9798cda2-6515-4572-81c9-372fd6233cd6" testListId="8c84fa94-04c1-424b-9868-57a2d4851a1d" />
    <TestEntry testId="b5f26849-7f95-8deb-3e82-07db33467afb" executionId="b15ca041-291f-4291-aad7-02502946fd05" testListId="8c84fa94-04c1-424b-9868-57a2d4851a1d" />
    <TestEntry testId="2fd4fb21-86aa-48b4-d55c-838ac3bda4eb" executionId="2b51716d-9b20-4e10-a8b0-01f4c77aff71" testListId="8c84fa94-04c1-424b-9868-57a2d4851a1d" />
    <TestEntry testId="edd8698a-89a8-0a11-5f44-5d3f526abc13" executionId="0dbd16be-3a9d-4528-8538-79db4d84d649" testListId="8c84fa94-04c1-424b-9868-57a2d4851a1d" />
    <TestEntry testId="95bbb276-fcbd-d5d6-e9a9-e6e9fe02935a" executionId="ccb2cd93-881c-4b4b-8245-357a446252b1" testListId="8c84fa94-04c1-424b-9868-57a2d4851a1d" />
    <TestEntry testId="87ae11a5-ff33-3fef-0507-0ee3bd82054e" executionId="b5c057ed-9f96-4935-821e-85ba12a83300" testListId="8c84fa94-04c1-424b-9868-57a2d4851a1d" />
    <TestEntry testId="216fae5e-208d-f8b3-f0d1-bbf3d8af265f" executionId="cac391b5-0e20-47d2-a736-8eff7a699077" testListId="8c84fa94-04c1-424b-9868-57a2d4851a1d" />
    <TestEntry testId="c769eba8-ab90-c528-a852-a01f625e896b" executionId="d2d072e5-fc4e-4bdf-94d7-471126499d53" testListId="8c84fa94-04c1-424b-9868-57a2d4851a1d" />
    <TestEntry testId="199abf60-5b5b-94b6-b04f-a3e4d911fd34" executionId="3c73d2b7-d05e-4767-accc-cdad6f836324" testListId="8c84fa94-04c1-424b-9868-57a2d4851a1d" />
    <TestEntry testId="8537861e-52bb-f63c-38f8-3f1d41ff88e5" executionId="58d700e8-5b5b-4fee-8fb1-df515b2170eb" testListId="8c84fa94-04c1-424b-9868-57a2d4851a1d" />
    <TestEntry testId="943e674e-9656-f2f6-06a7-f12c38d1347c" executionId="62380c90-f233-4667-a501-535d545b3b9a" testListId="8c84fa94-04c1-424b-9868-57a2d4851a1d" />
    <TestEntry testId="0dc215f9-ced3-1d40-e986-2ebe86240f13" executionId="f082ab0a-d6c4-4d58-9bd7-4146f1ee8c79" testListId="8c84fa94-04c1-424b-9868-57a2d4851a1d" />
    <TestEntry testId="b266e530-9059-cc9e-a2de-5a104736c757" executionId="653ac5dc-a0ba-45be-b1c0-896a1dcb2b2b" testListId="8c84fa94-04c1-424b-9868-57a2d4851a1d" />
    <TestEntry testId="bed158c1-cdea-cb2e-72de-fac3c7fdb2c8" executionId="ee6d31c2-ef34-418b-9aee-e6bdd2c59244" testListId="8c84fa94-04c1-424b-9868-57a2d4851a1d" />
    <TestEntry testId="380eb0c8-d6f7-276e-b9b6-a564a8f6129e" executionId="68cc3afc-5b11-4c0d-86b4-813a9499d417" testListId="8c84fa94-04c1-424b-9868-57a2d4851a1d" />
    <TestEntry testId="a6a973e9-da68-b082-10c2-5aa132fd4e6b" executionId="62125037-66d5-4ec7-9e2c-602cbefc5c6c" testListId="8c84fa94-04c1-424b-9868-57a2d4851a1d" />
    <TestEntry testId="8879b9b8-0100-f390-31c6-fdcbdf8a4f83" executionId="98f6eba8-121b-4d53-8554-d03702637f7f" testListId="8c84fa94-04c1-424b-9868-57a2d4851a1d" />
    <TestEntry testId="c2208323-1f95-b32c-0530-4ad682605720" executionId="3c379f34-bb68-4dbe-b12b-929d1fc6ea9e" testListId="8c84fa94-04c1-424b-9868-57a2d4851a1d" />
    <TestEntry testId="87886007-6727-2dc4-be03-09aefa74e875" executionId="e7dbd6f2-545a-4d59-bab6-19b21f96ee95" testListId="8c84fa94-04c1-424b-9868-57a2d4851a1d" />
    <TestEntry testId="c7f52afa-564d-8d59-88a3-ea1bc3790407" executionId="14f7d6e0-330c-40bd-80f9-4080fbec4f12" testListId="8c84fa94-04c1-424b-9868-57a2d4851a1d" />
    <TestEntry testId="f6401660-be6e-6eb8-4af7-4a88425589c4" executionId="ed51e4b2-ca32-4f55-bea7-9586d3d401f7" testListId="8c84fa94-04c1-424b-9868-57a2d4851a1d" />
    <TestEntry testId="0a65341a-9de3-344f-781f-a38c0f56cbef" executionId="16d2ca54-c872-451f-841e-ab1621bbdbcf" testListId="8c84fa94-04c1-424b-9868-57a2d4851a1d" />
    <TestEntry testId="74f41b57-bac2-c2b8-f1dc-9469402fc8fa" executionId="96e189d2-7662-4875-8a1a-2c3d736e925c" testListId="8c84fa94-04c1-424b-9868-57a2d4851a1d" />
    <TestEntry testId="39997ae6-4a52-e491-d8ae-8d3f689efcd5" executionId="bd1ce2c0-d323-4d23-b3df-19510aaabb4a" testListId="8c84fa94-04c1-424b-9868-57a2d4851a1d" />
    <TestEntry testId="9c7df8f2-0bef-5347-a48a-3dbf0cbe5e21" executionId="2d27eced-680a-4cee-bd38-f9e797073276" testListId="8c84fa94-04c1-424b-9868-57a2d4851a1d" />
    <TestEntry testId="71678dc5-b379-afbc-5607-17cbf413146c" executionId="31cdef8f-99dd-457c-82f7-ee836baaa6a8" testListId="8c84fa94-04c1-424b-9868-57a2d4851a1d" />
    <TestEntry testId="274eee3c-fa31-a55c-1941-d2fdb1077d83" executionId="0c4ec078-d972-4f51-bdc0-5def4194e8df" testListId="8c84fa94-04c1-424b-9868-57a2d4851a1d" />
    <TestEntry testId="34f38fc8-ae53-5e82-0417-57e4237764fa" executionId="37a1f607-e59a-40a4-bde5-ef74b2309ba2" testListId="8c84fa94-04c1-424b-9868-57a2d4851a1d" />
    <TestEntry testId="d24e4d75-af83-eba3-bdf8-ba8e65054856" executionId="988787c3-c6a3-4d94-856f-71c1b34029cc" testListId="8c84fa94-04c1-424b-9868-57a2d4851a1d" />
    <TestEntry testId="17ffc344-aceb-1f84-f3bf-8205c38e1b46" executionId="83d4528a-b8fa-405e-b39b-6e4214e24de5" testListId="8c84fa94-04c1-424b-9868-57a2d4851a1d" />
    <TestEntry testId="64a6b4e0-a8e1-9595-14c6-66f8a8c8f576" executionId="c0759899-2c79-478a-8100-a0fe32e6a01f" testListId="8c84fa94-04c1-424b-9868-57a2d4851a1d" />
    <TestEntry testId="712f5c64-914a-8747-dac9-aeb72d33838f" executionId="da9a0492-fffc-4c17-a04f-7c1d5682f865" testListId="8c84fa94-04c1-424b-9868-57a2d4851a1d" />
    <TestEntry testId="a3cd1e56-7e87-cbfe-4696-2cfc61bd79f6" executionId="02318abd-f612-43e3-a7e4-5b3ab473ae9a" testListId="8c84fa94-04c1-424b-9868-57a2d4851a1d" />
    <TestEntry testId="a01314ec-fbb5-964d-0d33-e4eebe884133" executionId="b761b371-6271-46e3-a990-97dad3be0140" testListId="8c84fa94-04c1-424b-9868-57a2d4851a1d" />
    <TestEntry testId="b5cd9d3c-6e7d-bae4-881c-4092ac2390ce" executionId="c71a0cce-019e-46bc-9276-0157d0d48254" testListId="8c84fa94-04c1-424b-9868-57a2d4851a1d" />
    <TestEntry testId="8d3460f1-a4b4-e4c2-2d2b-85718b89d128" executionId="2d441680-fb04-4fab-89a5-e10b49dbd5b6" testListId="8c84fa94-04c1-424b-9868-57a2d4851a1d" />
    <TestEntry testId="ce58807f-4456-2f1b-abea-6bcc9dcfe2eb" executionId="22314d4c-413f-4f43-a56a-7cee53cbb7bc" testListId="8c84fa94-04c1-424b-9868-57a2d4851a1d" />
    <TestEntry testId="d6efedb1-9c49-9ed3-fbe1-de90224308a3" executionId="b299618a-0340-466f-9ff9-6ab76c280344" testListId="8c84fa94-04c1-424b-9868-57a2d4851a1d" />
    <TestEntry testId="112e422e-04b2-3ba3-ad56-a1e5d3cfbd79" executionId="cc3fddc0-c61d-4865-a552-13c130497e8f" testListId="8c84fa94-04c1-424b-9868-57a2d4851a1d" />
    <TestEntry testId="42689aba-eefd-f694-336d-6d6d7296f289" executionId="692120a3-a8c7-4a35-a092-1b04e71c6978" testListId="8c84fa94-04c1-424b-9868-57a2d4851a1d" />
    <TestEntry testId="92e23589-82d8-4d27-764e-fa018e45b747" executionId="68241e49-03f2-4822-bc29-8779c4a9ec22" testListId="8c84fa94-04c1-424b-9868-57a2d4851a1d" />
    <TestEntry testId="9ee728ab-0056-dd90-bcfe-6425ccab758e" executionId="ed4f4d98-9aa1-4be5-b12f-c735b2b819a8" testListId="8c84fa94-04c1-424b-9868-57a2d4851a1d" />
    <TestEntry testId="5bdb1fb9-c083-a878-8185-d4ef40939b65" executionId="407e4a40-02af-4b33-978a-b29c81a1b981" testListId="8c84fa94-04c1-424b-9868-57a2d4851a1d" />
    <TestEntry testId="1f8c3026-17e4-68c3-c899-dd2458b787d5" executionId="52a6af26-a644-40d6-b477-bcf60fce77a1" testListId="8c84fa94-04c1-424b-9868-57a2d4851a1d" />
    <TestEntry testId="041696c1-18d1-f2dd-9a5d-5cb1c9e853ff" executionId="56ce4625-503a-493b-84c4-b4b9adc875c9" testListId="8c84fa94-04c1-424b-9868-57a2d4851a1d" />
    <TestEntry testId="b41bb231-beda-2963-85d3-5ce48fa4ac9e" executionId="a158b639-9c89-451d-ad12-0430fe109e31" testListId="8c84fa94-04c1-424b-9868-57a2d4851a1d" />
    <TestEntry testId="84106c87-4ea7-9a5a-a250-230c7c8ac9ba" executionId="05aa0dd5-1f98-46af-afd7-00fb60990625" testListId="8c84fa94-04c1-424b-9868-57a2d4851a1d" />
    <TestEntry testId="9a5250b7-62e0-de5b-0bd3-c2b7c7798ce7" executionId="eebbf14e-41dc-4cae-a6e3-a607f1f334aa" testListId="8c84fa94-04c1-424b-9868-57a2d4851a1d" />
    <TestEntry testId="07f796cc-f35b-a2f3-f99a-0213c6c6aa02" executionId="b508e07b-d59b-41d8-b489-88e730355cd4" testListId="8c84fa94-04c1-424b-9868-57a2d4851a1d" />
    <TestEntry testId="b58070c8-bc7f-712e-31bb-2a11be9cfc18" executionId="bab8ebc0-342b-4e90-b29a-5ce7e3748722" testListId="8c84fa94-04c1-424b-9868-57a2d4851a1d" />
    <TestEntry testId="637dad56-8638-805e-9abd-b089900557c0" executionId="ce6d53c1-59e0-4961-9f0d-41847b9ad301" testListId="8c84fa94-04c1-424b-9868-57a2d4851a1d" />
    <TestEntry testId="29658493-3081-01dd-eb7c-6d0a97eef1f2" executionId="18894ebb-09f4-4e4b-8318-f56a2866dcef" testListId="8c84fa94-04c1-424b-9868-57a2d4851a1d" />
    <TestEntry testId="b286589b-6f00-2211-0fe0-b6cf97d63d0a" executionId="e6ea8ec2-7949-43b4-8651-60c8c1f89bbf" testListId="8c84fa94-04c1-424b-9868-57a2d4851a1d" />
    <TestEntry testId="deeaa6b3-3ff5-0109-60b8-733b4bfcf2d5" executionId="774185b2-8e89-4487-85f0-015f1e3b4aa3" testListId="8c84fa94-04c1-424b-9868-57a2d4851a1d" />
    <TestEntry testId="086ce182-cb7e-9e8c-a794-52547670ad62" executionId="2791ff9c-513f-4052-993f-bff9f28cb623" testListId="8c84fa94-04c1-424b-9868-57a2d4851a1d" />
    <TestEntry testId="7f9e3406-835c-5c12-68cf-08b73690e2b2" executionId="e79a0a4c-32c7-4463-b694-2798e2fa640f" testListId="8c84fa94-04c1-424b-9868-57a2d4851a1d" />
    <TestEntry testId="6c604da3-7f27-8f64-ea2d-ce727d182abb" executionId="0d315050-5e74-4a19-99b0-439d7db9a286" testListId="8c84fa94-04c1-424b-9868-57a2d4851a1d" />
    <TestEntry testId="5fffab77-5cc8-a871-bcdb-d0b800ab8840" executionId="a3027ce5-698b-464f-bdc9-8a703f7d1578" testListId="8c84fa94-04c1-424b-9868-57a2d4851a1d" />
    <TestEntry testId="5fd56893-4697-a123-e3df-f5a8329247bd" executionId="8905bc95-b9a6-4b15-8c4c-1eada77722f3" testListId="8c84fa94-04c1-424b-9868-57a2d4851a1d" />
    <TestEntry testId="72f5bdbc-e270-3979-eb1f-93befbe9f9d0" executionId="1f4539ea-22e9-45dc-b738-e51b5967eb92" testListId="8c84fa94-04c1-424b-9868-57a2d4851a1d" />
    <TestEntry testId="7c3bd97a-a125-9200-b1f2-a28a2e7a05fe" executionId="d6362797-851d-4efa-b15f-89a1f1bc8012" testListId="8c84fa94-04c1-424b-9868-57a2d4851a1d" />
    <TestEntry testId="a05c6c11-7f69-6883-58ae-614dcfca1729" executionId="d9c60edc-dfda-4da4-aca4-5c1abc4bce19" testListId="8c84fa94-04c1-424b-9868-57a2d4851a1d" />
    <TestEntry testId="7ba81b36-e120-9974-bbd1-63dae796d45c" executionId="a0d9cb63-fae6-48bc-bb6c-e4023df0e010" testListId="8c84fa94-04c1-424b-9868-57a2d4851a1d" />
    <TestEntry testId="70fae426-3482-001e-3d7c-925da7888589" executionId="25ef9e8f-25a6-44fa-8562-4447af1dd2c6" testListId="8c84fa94-04c1-424b-9868-57a2d4851a1d" />
    <TestEntry testId="f2da4add-4324-6352-9afd-0fe37f754b21" executionId="fe7ff436-ca95-4387-9b16-3684e45fe4bb" testListId="8c84fa94-04c1-424b-9868-57a2d4851a1d" />
    <TestEntry testId="94072497-fa43-aca0-8f05-792ac28d0627" executionId="650e1a81-f704-4fb7-a0bb-65e2f295fe7b" testListId="8c84fa94-04c1-424b-9868-57a2d4851a1d" />
    <TestEntry testId="a6e465ee-f568-61da-4158-e730cb849679" executionId="ada89722-8ae8-458a-9647-8084ea91c792" testListId="8c84fa94-04c1-424b-9868-57a2d4851a1d" />
    <TestEntry testId="d84ea56f-1773-91fe-6056-1fcd6ce44e0e" executionId="b5069cf7-3eee-499a-ad3e-98601d4e67d4" testListId="8c84fa94-04c1-424b-9868-57a2d4851a1d" />
    <TestEntry testId="e24a4a8b-d823-3179-90dd-34c590157361" executionId="87eed4cb-a251-41d5-a2e8-51a4de840c44" testListId="8c84fa94-04c1-424b-9868-57a2d4851a1d" />
    <TestEntry testId="685e65c6-c415-f45e-d0fc-3f95f4859375" executionId="5b58f19d-046f-4d67-a034-78474b85feb3" testListId="8c84fa94-04c1-424b-9868-57a2d4851a1d" />
    <TestEntry testId="0ffbfc26-0b88-0610-8454-a3e10982707b" executionId="da0b6b5c-8721-4ae1-a7cf-67849e63e14e" testListId="8c84fa94-04c1-424b-9868-57a2d4851a1d" />
    <TestEntry testId="b2a12e1f-5796-ca8b-404b-61553a46fbc5" executionId="e5a06de5-0bdc-44be-bf78-7b905e8779c9" testListId="8c84fa94-04c1-424b-9868-57a2d4851a1d" />
    <TestEntry testId="a72152f5-7a61-c574-c2ee-c9a3ca6ccab7" executionId="fcd92aba-5f99-4c20-8773-40e9da2f3397" testListId="8c84fa94-04c1-424b-9868-57a2d4851a1d" />
    <TestEntry testId="74c0130b-d063-4d59-6d84-18416c8beb4f" executionId="62a70879-8a8b-44e9-a81a-d905d4c1548c" testListId="8c84fa94-04c1-424b-9868-57a2d4851a1d" />
    <TestEntry testId="13d2b3bb-af6c-2786-7b3d-1db93b9fedf2" executionId="b06daf04-7481-4a15-ba8e-883b1bd33da7" testListId="8c84fa94-04c1-424b-9868-57a2d4851a1d" />
    <TestEntry testId="5012f64d-f81c-363a-9c3b-b389d7a1051b" executionId="001e1dc5-8257-4f1f-98f3-d1d34d79df24" testListId="8c84fa94-04c1-424b-9868-57a2d4851a1d" />
    <TestEntry testId="84912826-9a40-9d59-76ff-2b9288e04c5b" executionId="86769374-77f6-4181-90b7-65b7e8d30b6e" testListId="8c84fa94-04c1-424b-9868-57a2d4851a1d" />
    <TestEntry testId="39003167-8a78-92df-7e4f-41dcd0888168" executionId="11bbfb38-b8b8-46c1-85f3-c308bcbc9374" testListId="8c84fa94-04c1-424b-9868-57a2d4851a1d" />
    <TestEntry testId="8d93f248-c3e9-e97f-b3e2-6491b331020f" executionId="353fb9f9-7b9d-4ba9-aa01-1d2f2586fc8a" testListId="8c84fa94-04c1-424b-9868-57a2d4851a1d" />
    <TestEntry testId="891c0d76-e64c-f414-ec6a-1381d76267bf" executionId="2aa23001-1969-485a-a985-e115f6ca9a6a" testListId="8c84fa94-04c1-424b-9868-57a2d4851a1d" />
    <TestEntry testId="19843874-c731-8a36-a21a-27e85d4f5a57" executionId="7a7d04ca-2c64-4142-8aa9-9e29b2eff061" testListId="8c84fa94-04c1-424b-9868-57a2d4851a1d" />
    <TestEntry testId="026ac8cf-e708-7f65-282f-a4f25298f17b" executionId="19d8d72d-52d8-4ce5-b0bc-bf5cebde65f6" testListId="8c84fa94-04c1-424b-9868-57a2d4851a1d" />
    <TestEntry testId="615860d1-0b9e-6fa5-7fc7-61ac89388548" executionId="c18382ac-9e39-4e77-9d66-dc994c5d3471" testListId="8c84fa94-04c1-424b-9868-57a2d4851a1d" />
    <TestEntry testId="60e1884b-abd9-92c1-f58c-08f7b4b4de40" executionId="39f60d48-0590-4e0c-a4db-c7888c4b8f0b" testListId="8c84fa94-04c1-424b-9868-57a2d4851a1d" />
    <TestEntry testId="f6e6ea6a-a253-8185-3a92-d6751c76c436" executionId="00aba0a3-83e3-4030-b03b-900c01ef7310" testListId="8c84fa94-04c1-424b-9868-57a2d4851a1d" />
    <TestEntry testId="13cdf8fd-2721-e597-055e-a54097abf685" executionId="e90d881e-1b5c-47f3-ade5-1436fdd67e48" testListId="8c84fa94-04c1-424b-9868-57a2d4851a1d" />
    <TestEntry testId="c39afc72-aad4-5709-e4a1-73293872a305" executionId="0ab4b8cc-c574-445a-b84e-bfd2fc004425" testListId="8c84fa94-04c1-424b-9868-57a2d4851a1d" />
    <TestEntry testId="bb69a9ef-0ed6-4747-9681-639ad78f5540" executionId="8326249f-3832-4e79-9eba-218da82b5b53" testListId="8c84fa94-04c1-424b-9868-57a2d4851a1d" />
    <TestEntry testId="f49abb46-6157-b05f-1fad-c8a20a256f62" executionId="36262a24-0205-41ef-a6ce-9e72893f8188" testListId="8c84fa94-04c1-424b-9868-57a2d4851a1d" />
    <TestEntry testId="e919c93b-2878-e388-877b-68a9f48cc9b1" executionId="c984f2f9-6741-4aed-89fb-bfce6d85b19c" testListId="8c84fa94-04c1-424b-9868-57a2d4851a1d" />
    <TestEntry testId="08b0137c-0bdc-e87f-be30-d8edbdf991c1" executionId="d1826de0-bfe9-40c6-9e86-7306127005fb" testListId="8c84fa94-04c1-424b-9868-57a2d4851a1d" />
    <TestEntry testId="c0986095-fb5a-1e8a-a8d8-e6dfbaed61c5" executionId="9e160ede-6b28-4f87-be43-a029fdb837e4" testListId="8c84fa94-04c1-424b-9868-57a2d4851a1d" />
    <TestEntry testId="aef8a2f1-8212-2e61-b82d-81a49d106670" executionId="125b3550-ab50-4357-ab76-55d6d762a041" testListId="8c84fa94-04c1-424b-9868-57a2d4851a1d" />
    <TestEntry testId="55be0839-9d5f-302a-bfcf-f7926cef9841" executionId="eed3dea8-7d5c-474d-977d-04d5641b0894" testListId="8c84fa94-04c1-424b-9868-57a2d4851a1d" />
    <TestEntry testId="7d53e131-e454-48a3-7f61-9c807826acb2" executionId="85f41ab4-df5c-4b6d-bdc9-8a8c7d1dd853" testListId="8c84fa94-04c1-424b-9868-57a2d4851a1d" />
    <TestEntry testId="3fdf9576-9d1e-7734-64c7-98030c7feb4a" executionId="1abbcf64-57bd-473a-b242-e4c1477fd2d4" testListId="8c84fa94-04c1-424b-9868-57a2d4851a1d" />
    <TestEntry testId="bde33f3c-8432-543f-ee46-b13606db09db" executionId="e298ba0c-2742-48c4-a1d7-e5c641597aa5" testListId="8c84fa94-04c1-424b-9868-57a2d4851a1d" />
    <TestEntry testId="314b7968-8280-3c06-cc8d-95ee97af36dd" executionId="e48cc5e6-910c-4f5b-8aaf-19bfb7fc3e11" testListId="8c84fa94-04c1-424b-9868-57a2d4851a1d" />
    <TestEntry testId="910d4b99-463d-e8f2-2603-a8f7093fc7cf" executionId="6c292ad7-22d3-42b0-a52d-6e250ee27915" testListId="8c84fa94-04c1-424b-9868-57a2d4851a1d" />
    <TestEntry testId="f9c4ace8-7c88-3dcb-8c8b-9f280e8b25b8" executionId="c3df6fac-0764-494e-b7c3-dd2a172de49d" testListId="8c84fa94-04c1-424b-9868-57a2d4851a1d" />
    <TestEntry testId="d00dfd16-6967-b6b7-0f2f-9403bdf758f6" executionId="990a9e2f-c6d7-438c-b5d7-fb770ff922c9" testListId="8c84fa94-04c1-424b-9868-57a2d4851a1d" />
    <TestEntry testId="bc811ad8-c7b9-9df7-0d3d-56b12c4539e2" executionId="40987fdb-ce90-4726-a9f3-e71dae219d8d" testListId="8c84fa94-04c1-424b-9868-57a2d4851a1d" />
    <TestEntry testId="ceb7f684-931d-5c6c-b7df-e9079ac9afdf" executionId="497f5b64-e736-4b26-982d-ef3de0864b17" testListId="8c84fa94-04c1-424b-9868-57a2d4851a1d" />
    <TestEntry testId="ba5b40c3-7100-1940-87d5-9af986ffebd2" executionId="31e0152d-c74c-4e10-bc86-c78d9c24f797" testListId="8c84fa94-04c1-424b-9868-57a2d4851a1d" />
    <TestEntry testId="b9452443-27e0-9ab0-1723-70a405c1b43f" executionId="b0bab340-8f53-4016-95d9-19fe06c1ec7f" testListId="8c84fa94-04c1-424b-9868-57a2d4851a1d" />
    <TestEntry testId="05474d60-4c0c-5e35-b4fc-2df26a361c4d" executionId="eb05f875-59cb-481d-80cb-73165f9a63fc" testListId="8c84fa94-04c1-424b-9868-57a2d4851a1d" />
    <TestEntry testId="0be37416-8f8e-24dd-296a-86593af9af2f" executionId="1e89c4b6-9619-432f-a01a-2b45b33b98bf" testListId="8c84fa94-04c1-424b-9868-57a2d4851a1d" />
    <TestEntry testId="adc5ef62-1184-5cc3-ec81-b0b338d88e48" executionId="4fce4e04-dc36-42e5-b449-6524445b3af3" testListId="8c84fa94-04c1-424b-9868-57a2d4851a1d" />
    <TestEntry testId="ccf96e16-5dc0-3f30-2892-511f78cf3dfc" executionId="1a4a45a7-50d6-4e94-9639-cc3cf55bc82c" testListId="8c84fa94-04c1-424b-9868-57a2d4851a1d" />
    <TestEntry testId="cf776b29-1018-5167-38d5-0aac7593edc5" executionId="95c5955f-21e8-4b1b-8037-8ca04d96b902" testListId="8c84fa94-04c1-424b-9868-57a2d4851a1d" />
    <TestEntry testId="9c16a4f2-9784-74bb-775d-5911328260bf" executionId="44cbc99d-87a0-4887-9685-b9076ce27fe3" testListId="8c84fa94-04c1-424b-9868-57a2d4851a1d" />
    <TestEntry testId="cb302138-e270-3017-57fb-1fe538b37f25" executionId="fb817421-c602-43dc-8c5f-a90aa60495ce" testListId="8c84fa94-04c1-424b-9868-57a2d4851a1d" />
    <TestEntry testId="fecd618d-f97f-f547-1637-5166bd092d76" executionId="0e0ef2cc-51c9-443f-9798-261ae775979a" testListId="8c84fa94-04c1-424b-9868-57a2d4851a1d" />
    <TestEntry testId="b079a5c8-df38-5909-534e-204d0d33ecf8" executionId="7fa7a53b-6e54-4ad7-a7f1-fff6fc08d1ec" testListId="8c84fa94-04c1-424b-9868-57a2d4851a1d" />
    <TestEntry testId="d5f63a3d-0bec-c5aa-6fdf-b4d0492c062a" executionId="30ceebd1-f1b5-49f6-8ed1-591e55bc04ed" testListId="8c84fa94-04c1-424b-9868-57a2d4851a1d" />
    <TestEntry testId="49538287-c6a8-9cce-5150-35176d68e7fe" executionId="4b656077-c5db-415c-bb8b-376045bfa395" testListId="8c84fa94-04c1-424b-9868-57a2d4851a1d" />
    <TestEntry testId="7e68fea7-1e52-0c32-44b4-1e38c3c836bc" executionId="15acba2c-482f-45dc-9b5f-d85174710734" testListId="8c84fa94-04c1-424b-9868-57a2d4851a1d" />
    <TestEntry testId="cee9a7d1-ec49-f6f1-a300-399ccd3bc1b7" executionId="ebef146a-8b8d-4f20-b387-4a7accd54197" testListId="8c84fa94-04c1-424b-9868-57a2d4851a1d" />
    <TestEntry testId="ea6215af-9f7a-dfd2-1e42-d16863c438d5" executionId="b383d089-ce76-4fd0-8960-6c61a1c3e432" testListId="8c84fa94-04c1-424b-9868-57a2d4851a1d" />
    <TestEntry testId="97caedcb-d6ae-5556-8168-c745e877090a" executionId="48628272-bbd8-427d-b748-b267b2d04c24" testListId="8c84fa94-04c1-424b-9868-57a2d4851a1d" />
    <TestEntry testId="f574d6b5-d94c-508a-c127-7bce3d4f82e8" executionId="cc2d2b3d-e80d-4a16-b2bd-96c6f13a2d2d" testListId="8c84fa94-04c1-424b-9868-57a2d4851a1d" />
    <TestEntry testId="a1148d07-bacb-7b60-5bda-bc014fb00c20" executionId="24603c1d-123a-41ee-a2a1-5b6bbf5e8c61" testListId="8c84fa94-04c1-424b-9868-57a2d4851a1d" />
    <TestEntry testId="8ea3fac0-98e6-cacb-3107-71ef474d1509" executionId="34179154-07f1-40a4-9938-c31e3c6ac38b" testListId="8c84fa94-04c1-424b-9868-57a2d4851a1d" />
    <TestEntry testId="bbce4fa8-10c7-16ce-b8b0-bbab48797f43" executionId="8b4ea4eb-1adb-4d5b-80d4-1744acaa900a" testListId="8c84fa94-04c1-424b-9868-57a2d4851a1d" />
    <TestEntry testId="bc954cfc-79b1-8687-e8d1-aab98a75fd1a" executionId="3efa2117-337e-45be-88ff-8fe0062b4ba3" testListId="8c84fa94-04c1-424b-9868-57a2d4851a1d" />
    <TestEntry testId="c2736500-86f5-c7ae-a0e1-fceb61e5a5d4" executionId="a6572cb3-3051-4ca7-b205-7e2a8c6b91b0" testListId="8c84fa94-04c1-424b-9868-57a2d4851a1d" />
    <TestEntry testId="55977c6e-f784-84a1-391e-15480b7266b6" executionId="b77aaeac-ca86-4d77-b76c-5c235d402a4c" testListId="8c84fa94-04c1-424b-9868-57a2d4851a1d" />
    <TestEntry testId="1d93089d-e24f-f1cb-f4e6-3e9e0cc249d4" executionId="06eb677b-e7b1-4b92-ad07-20c96bcd5cfa" testListId="8c84fa94-04c1-424b-9868-57a2d4851a1d" />
    <TestEntry testId="5717b261-73d9-ccff-48ad-cb5028daecbf" executionId="cd92963e-47ae-48f6-8064-860faf8159fd" testListId="8c84fa94-04c1-424b-9868-57a2d4851a1d" />
    <TestEntry testId="a3e3ac67-b44c-d535-60e6-335f6ba0310c" executionId="d7fffe07-3b5d-4b49-a0aa-72eb6b59af34" testListId="8c84fa94-04c1-424b-9868-57a2d4851a1d" />
    <TestEntry testId="c1a27935-5451-ecaa-f0f8-7b140e2bc422" executionId="b8b214eb-80e6-43de-9e23-00fbb5d99487" testListId="8c84fa94-04c1-424b-9868-57a2d4851a1d" />
    <TestEntry testId="af9ae316-c7c6-6ac6-11c1-298dd9b256df" executionId="cbfaaccc-07f1-4840-b801-016797b30d19" testListId="8c84fa94-04c1-424b-9868-57a2d4851a1d" />
    <TestEntry testId="4f19bfe4-12a5-e7df-9799-ba1ffdd56260" executionId="6bf718a3-cab9-42b2-90ec-8b3869dcab8e" testListId="8c84fa94-04c1-424b-9868-57a2d4851a1d" />
    <TestEntry testId="615fa398-9de6-a6b9-2dab-60666d0931f7" executionId="fb3aefb8-1783-403a-b8b0-865caf9980d3" testListId="8c84fa94-04c1-424b-9868-57a2d4851a1d" />
    <TestEntry testId="20032a0f-2ee3-8893-1563-317bcc5ab61c" executionId="a80a76ce-bd19-4e7e-b2fa-fdb1b48a59fa" testListId="8c84fa94-04c1-424b-9868-57a2d4851a1d" />
    <TestEntry testId="1658bad2-8c99-0b77-1530-2e9ba32823bd" executionId="aa1dfe31-973f-460f-ad06-e3ee68d71bae" testListId="8c84fa94-04c1-424b-9868-57a2d4851a1d" />
    <TestEntry testId="0e73995d-338f-84a3-7662-4ba2ece68a21" executionId="c5a205f8-7b3b-4caa-8345-d23ca79f96c4" testListId="8c84fa94-04c1-424b-9868-57a2d4851a1d" />
    <TestEntry testId="2fcbb4d5-0c22-d47d-9ea9-6260fb047a7e" executionId="b43da83a-ea9e-462f-8fca-4947148de50e" testListId="8c84fa94-04c1-424b-9868-57a2d4851a1d" />
    <TestEntry testId="ba2e227c-c79f-6137-d335-88fa098146b3" executionId="53fd868e-3009-4754-8011-711dd75bc080" testListId="8c84fa94-04c1-424b-9868-57a2d4851a1d" />
    <TestEntry testId="ecf86b56-1ec1-9984-97f9-65e2b8a0e550" executionId="4e9fa587-cd3e-42d7-a084-172c08b7d8ec" testListId="8c84fa94-04c1-424b-9868-57a2d4851a1d" />
    <TestEntry testId="47a34375-592d-8cb5-ab77-ab4cd5ff1ae6" executionId="043a1b5b-e8c6-4209-94fb-0a08735cc8a4" testListId="8c84fa94-04c1-424b-9868-57a2d4851a1d" />
    <TestEntry testId="a1098879-b96c-d9e8-87b7-d514474f9769" executionId="ad14b91d-c9a6-460d-97a1-443da6d525ab" testListId="8c84fa94-04c1-424b-9868-57a2d4851a1d" />
    <TestEntry testId="7806c973-d637-45cf-930a-0b315d29c540" executionId="8028adfc-f642-443a-b4ef-9ad2562246ff" testListId="8c84fa94-04c1-424b-9868-57a2d4851a1d" />
    <TestEntry testId="5c165fdb-5b2a-6ca5-1c7a-4f504d003e95" executionId="d1710d7f-e8a7-436b-9d2b-0e7aa6606592" testListId="8c84fa94-04c1-424b-9868-57a2d4851a1d" />
    <TestEntry testId="e38d99c7-c0fe-6520-2d4e-c3d7dce714b0" executionId="aca471f9-9bd1-4edf-b7e7-f750fae26b97" testListId="8c84fa94-04c1-424b-9868-57a2d4851a1d" />
    <TestEntry testId="942bc263-e8dd-056d-20fc-b03fc0f2fe09" executionId="1b43fe63-a837-498d-9fe2-68fac70d3457" testListId="8c84fa94-04c1-424b-9868-57a2d4851a1d" />
    <TestEntry testId="39e2492b-a588-79ac-add5-4d0176982180" executionId="98f4ac64-5946-4710-970c-14d028933933" testListId="8c84fa94-04c1-424b-9868-57a2d4851a1d" />
    <TestEntry testId="ebfb6fa8-ee3c-3dd3-7dbb-2004376b7edb" executionId="fc79a16d-9d1d-467b-9cc6-49f6992751fc" testListId="8c84fa94-04c1-424b-9868-57a2d4851a1d" />
    <TestEntry testId="b27808d6-4355-5292-3153-64fb93821ea0" executionId="72f67b0c-2d5c-4750-8f66-97d425fc0277" testListId="8c84fa94-04c1-424b-9868-57a2d4851a1d" />
    <TestEntry testId="837f3b30-3aeb-50a8-d532-f419df9834ba" executionId="114af6f7-1ecc-4ff8-b548-c9d5f187c00c" testListId="8c84fa94-04c1-424b-9868-57a2d4851a1d" />
    <TestEntry testId="7b5400c4-5377-7ac8-dd1c-7b695cb4115f" executionId="44c36180-ac96-4c85-8db6-b4d4b88ae9a3" testListId="8c84fa94-04c1-424b-9868-57a2d4851a1d" />
    <TestEntry testId="617c3175-15cb-3321-36a3-871fc366b75b" executionId="5fd8df40-89e2-4bfa-9e14-629f8ab8ac38" testListId="8c84fa94-04c1-424b-9868-57a2d4851a1d" />
    <TestEntry testId="1e0703fd-8132-d66f-f52d-f2f5d027c1d8" executionId="f1c699db-c4b6-4614-a294-b4dc896052d3" testListId="8c84fa94-04c1-424b-9868-57a2d4851a1d" />
    <TestEntry testId="04969f67-b379-916a-3275-e53bd0718ea4" executionId="fc1d6085-0c37-40d7-926c-47538e8b672a" testListId="8c84fa94-04c1-424b-9868-57a2d4851a1d" />
    <TestEntry testId="f9588db6-8045-6ceb-1c29-858ccdaab727" executionId="2e4019f8-6478-4858-af89-2bc372c56ab4" testListId="8c84fa94-04c1-424b-9868-57a2d4851a1d" />
    <TestEntry testId="7e94e694-684d-fa09-70c8-651a86e03ea4" executionId="3e9b7453-fc81-496a-aa97-b58e95d781ad" testListId="8c84fa94-04c1-424b-9868-57a2d4851a1d" />
    <TestEntry testId="b83433ff-1f44-78cf-aaee-d87286ab6972" executionId="bd43feb1-e454-46a2-9b4b-7bd3e85bebff" testListId="8c84fa94-04c1-424b-9868-57a2d4851a1d" />
    <TestEntry testId="44562592-e269-1796-e138-85487f7a2be9" executionId="c522417c-fbd9-4d8c-9d89-ea0cc6468fcc" testListId="8c84fa94-04c1-424b-9868-57a2d4851a1d" />
    <TestEntry testId="cfa8282b-c910-23c2-f0df-2ed624c5a3c7" executionId="ab60b6d7-2398-438f-86ee-0eb12c93429c" testListId="8c84fa94-04c1-424b-9868-57a2d4851a1d" />
    <TestEntry testId="dafbe950-e143-41f5-1a50-ea362a5aa5d4" executionId="3fa70b22-9194-46d2-984d-5df0fee3fc2d" testListId="8c84fa94-04c1-424b-9868-57a2d4851a1d" />
    <TestEntry testId="85799221-0b36-0e4a-ef29-ad83f50e6bbd" executionId="459b52c7-8752-43ad-aff8-9c1a9e2c728e" testListId="8c84fa94-04c1-424b-9868-57a2d4851a1d" />
    <TestEntry testId="81df71bb-e962-4121-4d15-80e255b37b1f" executionId="df9c2be9-2904-4756-bae9-d17bb2c6b202" testListId="8c84fa94-04c1-424b-9868-57a2d4851a1d" />
    <TestEntry testId="b09e548c-5a83-3ac9-fa3f-e5118e38e1d9" executionId="63b51cf8-8e2c-4a8c-af96-17cb2f04275f" testListId="8c84fa94-04c1-424b-9868-57a2d4851a1d" />
    <TestEntry testId="9e7bb479-43f6-3e5b-9858-d1abf76cc2e6" executionId="3b780417-997a-4524-9227-41c25e431d57" testListId="8c84fa94-04c1-424b-9868-57a2d4851a1d" />
    <TestEntry testId="4ce6cb72-dabd-e3eb-6074-df75f0abcb26" executionId="c4cf9ff7-be62-4ea0-ba2e-e3b6556bcd0f" testListId="8c84fa94-04c1-424b-9868-57a2d4851a1d" />
    <TestEntry testId="1382f86b-6464-d2a1-e722-0841d0b65336" executionId="2a43860f-965f-4d97-bbb9-c82811c27795" testListId="8c84fa94-04c1-424b-9868-57a2d4851a1d" />
    <TestEntry testId="f06d92cb-e236-f7f9-e645-0971359a129a" executionId="23a8a214-1b69-4359-b0d6-b0c2efeb3917" testListId="8c84fa94-04c1-424b-9868-57a2d4851a1d" />
    <TestEntry testId="2035ba59-2ee2-badb-15b9-a8ffa8fcf57c" executionId="5ad49099-f671-4146-819c-4d9beb9aa5f0" testListId="8c84fa94-04c1-424b-9868-57a2d4851a1d" />
    <TestEntry testId="b781e920-c895-0d1c-5363-71c65713c53a" executionId="5880b80c-8cc8-45de-aa21-71e2639cbb48" testListId="8c84fa94-04c1-424b-9868-57a2d4851a1d" />
    <TestEntry testId="0edcab43-1e4a-6ea7-7c7b-b02803f7c8b9" executionId="3f2221f4-5c9b-4e87-a963-9fe31ec15b8d" testListId="8c84fa94-04c1-424b-9868-57a2d4851a1d" />
    <TestEntry testId="605c2bc0-4496-0f02-aeff-a229323c4be4" executionId="35220459-a333-4240-9a54-6a4a09abe018" testListId="8c84fa94-04c1-424b-9868-57a2d4851a1d" />
    <TestEntry testId="cb85c450-02e3-5db9-b93c-f905351c1d09" executionId="ea115423-27d7-4667-b932-3768c6b77645" testListId="8c84fa94-04c1-424b-9868-57a2d4851a1d" />
    <TestEntry testId="6236d5e6-b13b-501c-48e0-102f9eda59d6" executionId="b1a9f3d2-7af0-46ac-8952-bcae378b7f94" testListId="8c84fa94-04c1-424b-9868-57a2d4851a1d" />
    <TestEntry testId="6dee8c76-3355-7dcc-c0a6-02e4a5ed7dc2" executionId="dc32f64d-0898-4891-8f37-8d4ae38e6d32" testListId="8c84fa94-04c1-424b-9868-57a2d4851a1d" />
    <TestEntry testId="897eda60-aa9c-bf46-7037-9c91ac01a451" executionId="34bbbfe1-5f25-42e7-a734-de91f9b2a1ec" testListId="8c84fa94-04c1-424b-9868-57a2d4851a1d" />
    <TestEntry testId="092813bc-e54e-6f29-9d2b-192db0d76045" executionId="e9cc0e43-86c0-4fee-81ac-f93b2e95be9e" testListId="8c84fa94-04c1-424b-9868-57a2d4851a1d" />
    <TestEntry testId="b9c69082-a036-d41e-d5a0-c1cde2a1d040" executionId="08dd3663-aad5-449a-b17c-a6483a8bb7ea" testListId="8c84fa94-04c1-424b-9868-57a2d4851a1d" />
    <TestEntry testId="34a0ec2a-ee87-5c68-071f-7bf4fe21828e" executionId="d9d7814b-cd42-4651-88a2-08b795f670e8" testListId="8c84fa94-04c1-424b-9868-57a2d4851a1d" />
    <TestEntry testId="b3d20388-ddfe-493d-dfad-f423fc621b48" executionId="6c82b176-a7aa-4d9e-9d26-b0d132b3d5f5" testListId="8c84fa94-04c1-424b-9868-57a2d4851a1d" />
    <TestEntry testId="255f4f6e-1bfc-cdd8-fb29-a1f4f034b89a" executionId="47fdb3eb-677a-41cc-8abc-d5538e62da2f" testListId="8c84fa94-04c1-424b-9868-57a2d4851a1d" />
    <TestEntry testId="2f0cf2d4-3a28-6b74-1791-705b9f0277be" executionId="fbf99469-0351-4fcc-915b-a867ef54daee" testListId="8c84fa94-04c1-424b-9868-57a2d4851a1d" />
    <TestEntry testId="73a1abc1-28a4-b23c-9ff3-4e27cf222dab" executionId="00b855b7-bc7c-4f65-a957-93f46dfd28b5" testListId="8c84fa94-04c1-424b-9868-57a2d4851a1d" />
    <TestEntry testId="30b3b577-2061-3db5-edc3-bfd98a1a499f" executionId="76a1d5f4-7645-42a4-88a5-af5694f6e013" testListId="8c84fa94-04c1-424b-9868-57a2d4851a1d" />
    <TestEntry testId="6a02a9a9-45fc-e93c-144a-ec579f6fd7df" executionId="ca03f728-9a3c-4a26-b2cb-30a2d9f400c0" testListId="8c84fa94-04c1-424b-9868-57a2d4851a1d" />
    <TestEntry testId="662f9f8e-b212-7223-452e-c301bb4c0b8d" executionId="0c65b83f-c1dd-4544-99fa-91da1bcad34c" testListId="8c84fa94-04c1-424b-9868-57a2d4851a1d" />
    <TestEntry testId="90740d7b-70ce-f3ca-de0f-889615c99e7a" executionId="a2f2f5d8-9ca2-4618-ac1a-6462b356432a" testListId="8c84fa94-04c1-424b-9868-57a2d4851a1d" />
    <TestEntry testId="a4acc92f-0c67-48bb-4524-7ef3c007ffb4" executionId="17b22b7f-8544-438e-85dd-c5c26abc56ce" testListId="8c84fa94-04c1-424b-9868-57a2d4851a1d" />
    <TestEntry testId="9cef29cf-98fb-f211-5054-ae4d42774e1f" executionId="6ffba1d7-be7f-44d0-8cec-e09e46414c0b" testListId="8c84fa94-04c1-424b-9868-57a2d4851a1d" />
    <TestEntry testId="d2fc2ae7-e3b1-dc92-6628-90e5bb16c5d2" executionId="2d1e129f-0cce-4662-820f-4b56b8ceb033" testListId="8c84fa94-04c1-424b-9868-57a2d4851a1d" />
    <TestEntry testId="a847ffac-041e-82ae-b13a-0b82098799e8" executionId="e0a89e67-8eff-41f1-917b-31d9f3075be4" testListId="8c84fa94-04c1-424b-9868-57a2d4851a1d" />
    <TestEntry testId="05a32b6d-38a3-d790-fab1-ef7fcb38fd6c" executionId="26703a95-b4af-4788-8ca9-ef3b4832f661" testListId="8c84fa94-04c1-424b-9868-57a2d4851a1d" />
    <TestEntry testId="f5fd9e95-4d91-8f7f-4648-e5bd7c8cc931" executionId="ac11a8d0-e339-40c0-8210-183a46a1b104" testListId="8c84fa94-04c1-424b-9868-57a2d4851a1d" />
    <TestEntry testId="bebef051-0a10-725f-3ff5-e30e4f9dd420" executionId="60435d9f-4846-41e5-8c4c-eb27f50adde5" testListId="8c84fa94-04c1-424b-9868-57a2d4851a1d" />
    <TestEntry testId="37376bb5-e384-3c51-d1d8-3ba613fa9182" executionId="39d38e73-0731-429e-9119-f2e847645072" testListId="8c84fa94-04c1-424b-9868-57a2d4851a1d" />
    <TestEntry testId="6aa37256-4a27-aaf0-2d68-1faeac68f58c" executionId="67d5441d-df9c-4236-a902-cee6e069197c" testListId="8c84fa94-04c1-424b-9868-57a2d4851a1d" />
    <TestEntry testId="7e4135b8-b66c-77ce-172b-34d352f16888" executionId="550b1c01-80b7-4bd6-b0af-0c42dbc90372" testListId="8c84fa94-04c1-424b-9868-57a2d4851a1d" />
    <TestEntry testId="3ec04580-c747-9bc8-6ea0-e87ec6ca04ad" executionId="eef91480-0571-4b42-8b77-4bd41d796e7b" testListId="8c84fa94-04c1-424b-9868-57a2d4851a1d" />
    <TestEntry testId="a0b62237-e6b4-ed13-bf88-ac0909d8c7c4" executionId="570eeb21-8b77-4d50-9eb9-06b8589101eb" testListId="8c84fa94-04c1-424b-9868-57a2d4851a1d" />
    <TestEntry testId="13e85df1-3456-393c-8dca-d481490ed075" executionId="4a147ae7-af03-4d6a-acf7-6d7ae15e83ce" testListId="8c84fa94-04c1-424b-9868-57a2d4851a1d" />
    <TestEntry testId="8ba4f73b-ec87-c89b-2641-8f6e59861d2d" executionId="f56897ae-2b2d-4dad-b777-571c1198fee8" testListId="8c84fa94-04c1-424b-9868-57a2d4851a1d" />
    <TestEntry testId="244a126b-865c-f129-c9cf-f22a9a00e343" executionId="9f959007-a8fa-475e-84e0-90ac417d4012" testListId="8c84fa94-04c1-424b-9868-57a2d4851a1d" />
    <TestEntry testId="a50649ef-585c-8158-fd90-9ac54f51f860" executionId="bcfb33c1-fd79-4ae6-95b4-6856eb31a22c" testListId="8c84fa94-04c1-424b-9868-57a2d4851a1d" />
    <TestEntry testId="527d41f4-ee35-aeed-39d2-777e78659af8" executionId="e5da7635-5cb8-40a3-b138-d4c4a9353ff0" testListId="8c84fa94-04c1-424b-9868-57a2d4851a1d" />
    <TestEntry testId="c51581ef-f81a-dd7d-4cbf-75770d6a883f" executionId="b08b513d-2fd3-4821-9327-1cff5388f3c1" testListId="8c84fa94-04c1-424b-9868-57a2d4851a1d" />
    <TestEntry testId="c09eca31-2a58-b146-7d55-b556b7020c68" executionId="088abbc6-31d6-4b25-94bf-17e12f70e381" testListId="8c84fa94-04c1-424b-9868-57a2d4851a1d" />
    <TestEntry testId="7d115265-369e-6487-e000-47e2ac4ab46b" executionId="03881f7a-999f-4866-962b-8a9a3b073d9b" testListId="8c84fa94-04c1-424b-9868-57a2d4851a1d" />
    <TestEntry testId="04eed3c3-572e-20dc-ebe7-5f007fb379ab" executionId="918f9955-0ae3-4f15-b924-c270bf6a10d7" testListId="8c84fa94-04c1-424b-9868-57a2d4851a1d" />
    <TestEntry testId="b4887e38-5397-4610-6733-1d86030ec9ea" executionId="9c770431-d362-4111-9e09-ff627161bd07" testListId="8c84fa94-04c1-424b-9868-57a2d4851a1d" />
    <TestEntry testId="7e45dd7d-e48e-5c57-3fb0-37befdf85fdc" executionId="35a43ca4-af78-47c1-8cfa-1e101afda323" testListId="8c84fa94-04c1-424b-9868-57a2d4851a1d" />
    <TestEntry testId="d9e9b57c-4387-840e-e497-cce329a0c03e" executionId="fb591bf9-a311-4a12-808c-593e0f16e7f3" testListId="8c84fa94-04c1-424b-9868-57a2d4851a1d" />
    <TestEntry testId="0cdea9b8-a5e3-2983-1ccb-d986de17659d" executionId="04626266-7e73-4c03-a64a-405419336946" testListId="8c84fa94-04c1-424b-9868-57a2d4851a1d" />
    <TestEntry testId="1172006b-9d72-b3a7-ee7d-07862438f160" executionId="43608dd2-6b12-4629-8967-9aad248d65b2" testListId="8c84fa94-04c1-424b-9868-57a2d4851a1d" />
    <TestEntry testId="30678609-1c69-68ef-6a0d-4b6cf4e5979d" executionId="e86b2c61-c990-4c2e-b80d-c240222fbfd5" testListId="8c84fa94-04c1-424b-9868-57a2d4851a1d" />
    <TestEntry testId="bf7aea95-4edb-be07-7de0-fdb7b0e337d5" executionId="9c355138-2505-4582-95fa-eb758078f7cc" testListId="8c84fa94-04c1-424b-9868-57a2d4851a1d" />
    <TestEntry testId="1445b267-8883-4711-c51b-1a1ff5eca2f9" executionId="6c53bcb6-25a7-4b80-b059-844fe6b04a49" testListId="8c84fa94-04c1-424b-9868-57a2d4851a1d" />
    <TestEntry testId="4593d3e0-40c6-d633-5fcd-f61df33025dc" executionId="71dadddc-cceb-4b16-8fed-eb2c53857347" testListId="8c84fa94-04c1-424b-9868-57a2d4851a1d" />
    <TestEntry testId="e39abc6e-a339-e385-747c-5c151d68fdc6" executionId="2d4747b2-3a2b-4a7a-9997-9c6ab8617696" testListId="8c84fa94-04c1-424b-9868-57a2d4851a1d" />
    <TestEntry testId="c350fedf-0a65-57f7-f133-063ae7c0e4c8" executionId="2f512bc9-55e8-4e04-b846-72ff1caa0614" testListId="8c84fa94-04c1-424b-9868-57a2d4851a1d" />
    <TestEntry testId="0736f335-702e-d9c8-77f1-e0501c90e917" executionId="c0f9ccb6-67b1-4299-bbdc-4d70411a9870" testListId="8c84fa94-04c1-424b-9868-57a2d4851a1d" />
    <TestEntry testId="faa22825-903a-641b-03f7-ccff8cccfbb2" executionId="141b19da-7597-44f2-b75b-c8bf6a1d4d1d" testListId="8c84fa94-04c1-424b-9868-57a2d4851a1d" />
    <TestEntry testId="fb944051-8a30-bb84-bc2a-dc4270028415" executionId="07a9131d-aa70-46d6-be92-529e76567f66" testListId="8c84fa94-04c1-424b-9868-57a2d4851a1d" />
    <TestEntry testId="46c08f6b-08d4-7992-5df4-ed97e4b42fc1" executionId="28d1aa8c-edc1-4fe0-ac91-5accf416a40b" testListId="8c84fa94-04c1-424b-9868-57a2d4851a1d" />
    <TestEntry testId="b1d26b6f-e2ab-c7af-55d4-4d9f04f43eca" executionId="a0a58bb2-a0cb-4fd9-85ca-9c3b0319d40b" testListId="8c84fa94-04c1-424b-9868-57a2d4851a1d" />
    <TestEntry testId="bb5a2e9a-5cdb-f48d-dc56-2c3c111c851a" executionId="e7a7bb19-9593-4003-a3e8-6c41a70cfa91" testListId="8c84fa94-04c1-424b-9868-57a2d4851a1d" />
    <TestEntry testId="e6e7fdd0-b12d-1312-3dc2-3384a5e7d999" executionId="4c715689-46f3-4e5f-ab1c-cb04d1db72bd" testListId="8c84fa94-04c1-424b-9868-57a2d4851a1d" />
    <TestEntry testId="a791af51-cffc-4361-1fd8-8baf48da92e6" executionId="3f6faf88-1e16-438f-910b-fee3dd7db02d" testListId="8c84fa94-04c1-424b-9868-57a2d4851a1d" />
    <TestEntry testId="4b337c41-7f92-2137-58f8-ec4a04af8e6b" executionId="db60a4bb-d64e-4ec9-b6c9-46e838d158b6" testListId="8c84fa94-04c1-424b-9868-57a2d4851a1d" />
    <TestEntry testId="dd25fada-bd11-6a30-c38c-abafcc1ac188" executionId="b724fa3b-95d3-4665-8adb-e52677e5493b" testListId="8c84fa94-04c1-424b-9868-57a2d4851a1d" />
    <TestEntry testId="af79a348-5fb3-03eb-c3ed-5bb2185640a5" executionId="9b0bed11-05f9-4502-b5d0-73051832ed02" testListId="8c84fa94-04c1-424b-9868-57a2d4851a1d" />
    <TestEntry testId="c994fcbd-cf70-f011-3e5f-4e6d74bb71af" executionId="8e558cc9-ca85-4e82-9e40-368743e38036" testListId="8c84fa94-04c1-424b-9868-57a2d4851a1d" />
    <TestEntry testId="29116375-ac95-4d53-91ed-53d27bf037c6" executionId="c1a3e188-b3ec-4fc1-9c77-430ce72da5ce" testListId="8c84fa94-04c1-424b-9868-57a2d4851a1d" />
    <TestEntry testId="12383f93-d6c8-4041-5607-6e0714b305f6" executionId="03addec9-80ee-49a9-9e62-4a7a1d6792e5" testListId="8c84fa94-04c1-424b-9868-57a2d4851a1d" />
    <TestEntry testId="e2a03079-8dae-3d38-3cf5-f27f7a4202a4" executionId="be93d63a-3b5c-4738-910b-9b91779cdb88" testListId="8c84fa94-04c1-424b-9868-57a2d4851a1d" />
    <TestEntry testId="35a2b898-28ef-3d54-ad66-b8bbc7ede2a3" executionId="8c797c66-125d-44f3-a3bf-236fa69608e0" testListId="8c84fa94-04c1-424b-9868-57a2d4851a1d" />
    <TestEntry testId="7a0e454f-7db2-d7d6-0df6-561708317bba" executionId="231d038c-59a0-4ec7-9df4-a2a5dfbe7e9b" testListId="8c84fa94-04c1-424b-9868-57a2d4851a1d" />
    <TestEntry testId="803aabd0-814c-fa5a-ba0b-84820a2be95d" executionId="5e831d23-eda4-4999-ad70-87c608161481" testListId="8c84fa94-04c1-424b-9868-57a2d4851a1d" />
    <TestEntry testId="be961a03-49b0-93a8-a575-29626617f5f3" executionId="54cf0737-bc7c-4c0e-947b-6795652e7680" testListId="8c84fa94-04c1-424b-9868-57a2d4851a1d" />
    <TestEntry testId="4860ad68-0544-30ce-66fd-690992dae18e" executionId="16a28355-e012-4c57-b07f-b3a651767974" testListId="8c84fa94-04c1-424b-9868-57a2d4851a1d" />
    <TestEntry testId="28a678d1-0284-2779-ed67-e16002278e6b" executionId="ef068fb3-b055-407e-9983-818d40e290fa" testListId="8c84fa94-04c1-424b-9868-57a2d4851a1d" />
    <TestEntry testId="114d6aa2-3c70-c374-d5cb-1675b6f9d5e6" executionId="0a1f81d4-7483-4b00-8c9a-1b5556d50cdd" testListId="8c84fa94-04c1-424b-9868-57a2d4851a1d" />
    <TestEntry testId="adedbc1e-8d02-07f8-2158-2d31b0c1df72" executionId="33c8f4bc-aed6-4e63-9fb6-434df3d93513" testListId="8c84fa94-04c1-424b-9868-57a2d4851a1d" />
    <TestEntry testId="d9e3c39e-a746-2b8a-5354-8ea82331bcd9" executionId="a5f23415-e0ea-47c8-a986-9644976f6349" testListId="8c84fa94-04c1-424b-9868-57a2d4851a1d" />
    <TestEntry testId="1640b6a1-03c2-f3db-49e3-38921c8dee24" executionId="24b7f8ad-fa54-467f-ac75-048aef20434a" testListId="8c84fa94-04c1-424b-9868-57a2d4851a1d" />
    <TestEntry testId="1ea77442-f3cd-edae-4255-8405196cf08f" executionId="33a4cdc0-6fab-4fbb-ba21-6583ec5f4aa6" testListId="8c84fa94-04c1-424b-9868-57a2d4851a1d" />
    <TestEntry testId="2cb249c3-2f01-c9f4-7658-4d0e9af8d192" executionId="22a9c2c4-a4f8-46e8-84f7-48c85209597c" testListId="8c84fa94-04c1-424b-9868-57a2d4851a1d" />
    <TestEntry testId="3de5845a-c4ac-d187-6027-553f442e3ad2" executionId="f0f40727-fa19-4e58-a6fa-8125621fce32" testListId="8c84fa94-04c1-424b-9868-57a2d4851a1d" />
    <TestEntry testId="71b5ba87-68b9-157d-6948-87a1827119b3" executionId="3c4179a3-0fbe-4597-a5f3-7fd3a522d55c" testListId="8c84fa94-04c1-424b-9868-57a2d4851a1d" />
    <TestEntry testId="cee29849-c944-ee97-87d2-c62444a8a328" executionId="42dc3ca1-2d0b-46e5-8bed-8d31556fdbb4" testListId="8c84fa94-04c1-424b-9868-57a2d4851a1d" />
    <TestEntry testId="86ff0f06-37e1-737e-28e1-e4da0cef4001" executionId="3b43274e-ade4-487b-950a-a61ff608058f" testListId="8c84fa94-04c1-424b-9868-57a2d4851a1d" />
    <TestEntry testId="610f0902-3657-5dff-20ec-353a29cbd7c4" executionId="145e880a-dbb9-4839-a6c8-6459bf7427b1" testListId="8c84fa94-04c1-424b-9868-57a2d4851a1d" />
    <TestEntry testId="a64a893d-a7c9-f50c-de3c-debed5fa79b5" executionId="9f4a0de3-588d-461b-aaa8-89d40c49cba9" testListId="8c84fa94-04c1-424b-9868-57a2d4851a1d" />
    <TestEntry testId="d685c2c4-f219-af53-1ba4-f062b4ec12ac" executionId="3dcbe509-88ae-440e-885a-01204486392b" testListId="8c84fa94-04c1-424b-9868-57a2d4851a1d" />
    <TestEntry testId="979c090f-8c86-d264-67f3-13520744166b" executionId="fe081943-2752-4269-a818-7aba4fd713cd" testListId="8c84fa94-04c1-424b-9868-57a2d4851a1d" />
    <TestEntry testId="fea06ea0-1747-ca17-2548-261210975e57" executionId="83b425e2-67dd-41f1-91fb-b6b78944c2f2" testListId="8c84fa94-04c1-424b-9868-57a2d4851a1d" />
    <TestEntry testId="63800d30-d6ac-f352-9000-d5ae21ee34db" executionId="be6e7c1c-c436-4b4f-84a7-a3609c464c55" testListId="8c84fa94-04c1-424b-9868-57a2d4851a1d" />
    <TestEntry testId="a08c8488-fa9f-7deb-e37e-0124bdaf71c9" executionId="4ec690f9-0a1b-4aea-aa1d-eeedb911f844" testListId="8c84fa94-04c1-424b-9868-57a2d4851a1d" />
    <TestEntry testId="8184eede-89c1-758f-6b98-b1536f1bc7e0" executionId="e71e101d-cae1-4c8b-8643-315900742996" testListId="8c84fa94-04c1-424b-9868-57a2d4851a1d" />
    <TestEntry testId="069167da-f488-ff65-4a0d-a2797b191242" executionId="0470fa30-6491-4f68-8176-346dc6a45530" testListId="8c84fa94-04c1-424b-9868-57a2d4851a1d" />
    <TestEntry testId="5bc31484-16d9-023b-e244-308f6e26f09a" executionId="da466a9f-67f0-46a4-a9bb-0244ab0dd496" testListId="8c84fa94-04c1-424b-9868-57a2d4851a1d" />
    <TestEntry testId="bf8e531c-343c-5c0a-d3e5-66c9023885a3" executionId="ea5f2b7b-1c00-42a8-8367-bd3b02c34ef0" testListId="8c84fa94-04c1-424b-9868-57a2d4851a1d" />
    <TestEntry testId="c4623a0a-608f-dd08-41f5-750ffba5ed05" executionId="ac316f1c-4cc4-4cf9-946e-a551af4890f1" testListId="8c84fa94-04c1-424b-9868-57a2d4851a1d" />
    <TestEntry testId="b56338b4-aae6-cbe0-3487-2e781b98c188" executionId="2cb65d0e-4420-4f5a-b958-4c0b913b59c2" testListId="8c84fa94-04c1-424b-9868-57a2d4851a1d" />
    <TestEntry testId="1476985a-ce79-252c-fc82-6cfb05e64152" executionId="ead1c763-28cf-4a30-bd16-06cfeaf72b1e" testListId="8c84fa94-04c1-424b-9868-57a2d4851a1d" />
    <TestEntry testId="47e7ec55-4391-8546-d1c3-fb5db01a41e8" executionId="7000366e-9a4c-4d8b-8030-34b843371c7d" testListId="8c84fa94-04c1-424b-9868-57a2d4851a1d" />
    <TestEntry testId="1ae81526-c34e-30fb-a453-ec950aa3ef1c" executionId="68710bae-cd1f-47af-9696-67c910649d90" testListId="8c84fa94-04c1-424b-9868-57a2d4851a1d" />
    <TestEntry testId="580ab2d5-6b28-ec61-9de4-466295a56551" executionId="7ea15097-32f8-4d18-9006-27aaeb2fd0e8" testListId="8c84fa94-04c1-424b-9868-57a2d4851a1d" />
    <TestEntry testId="dadc7847-4729-edf6-eb4b-78006f9ee153" executionId="c32a1daa-aa58-4661-9889-af9c80c49cd2" testListId="8c84fa94-04c1-424b-9868-57a2d4851a1d" />
    <TestEntry testId="0f34bf53-f1cd-8615-6e75-51f26224ccf1" executionId="6cc3190e-4bda-43a3-86c9-2a1b52e56ccd" testListId="8c84fa94-04c1-424b-9868-57a2d4851a1d" />
    <TestEntry testId="ed9a5b1b-624c-3396-5757-abd8e668541b" executionId="6ea259d5-453c-4836-8297-fa1275d27e3f" testListId="8c84fa94-04c1-424b-9868-57a2d4851a1d" />
    <TestEntry testId="510aaf45-0379-a668-36c0-4b4e838744ca" executionId="d4501023-fb8b-4d8d-a845-0355f2bd8e2e" testListId="8c84fa94-04c1-424b-9868-57a2d4851a1d" />
    <TestEntry testId="2782a3f6-bb08-acfe-bfab-49ee7d2fdbfa" executionId="921bdc61-7400-4a9e-a76a-adeb85a2a2ac" testListId="8c84fa94-04c1-424b-9868-57a2d4851a1d" />
    <TestEntry testId="3b6adeb2-dcf4-fb95-f3e8-26dcad169d8e" executionId="b1ec2371-e506-49ca-a2cf-bdeda4fd4c98" testListId="8c84fa94-04c1-424b-9868-57a2d4851a1d" />
    <TestEntry testId="ff7d5d75-8704-2f07-483c-d76f3a2523cc" executionId="8f1eb829-e5b7-4f93-98f2-54ab4bb3d6ed" testListId="8c84fa94-04c1-424b-9868-57a2d4851a1d" />
    <TestEntry testId="f9ec4424-0f09-8ce8-d044-ac97ec1d16a8" executionId="ac5d435f-c4d8-4f4f-8468-ac2081cb0a54" testListId="8c84fa94-04c1-424b-9868-57a2d4851a1d" />
    <TestEntry testId="7ad4f46a-05fc-7c4a-853e-228ce39d4426" executionId="4a4ec794-05c2-4975-a843-ba92044a9e0c" testListId="8c84fa94-04c1-424b-9868-57a2d4851a1d" />
    <TestEntry testId="e0f11812-ae84-56fe-380e-aa4471665fb8" executionId="d3e678ba-8fd8-44b3-94f3-34a42e9e11bb" testListId="8c84fa94-04c1-424b-9868-57a2d4851a1d" />
    <TestEntry testId="6429e0d9-dcee-fed4-29f3-6b39686056fc" executionId="cbfe5f9c-7999-4611-970e-4d8ebda742d8" testListId="8c84fa94-04c1-424b-9868-57a2d4851a1d" />
    <TestEntry testId="ea0b7c7a-ce24-46f7-0862-63029307593e" executionId="cff0040a-2aef-4d32-93f2-f34fe48ea50c" testListId="8c84fa94-04c1-424b-9868-57a2d4851a1d" />
    <TestEntry testId="40bf488b-c6ae-b189-e7b5-8aa7dd656fea" executionId="94025878-6dfc-4f41-8aab-a181470e2382" testListId="8c84fa94-04c1-424b-9868-57a2d4851a1d" />
    <TestEntry testId="6ce0d4c6-4820-8d4a-179e-2d433a32b3e2" executionId="c0a17d12-94fc-425c-acaf-1ef7b84fc54c" testListId="8c84fa94-04c1-424b-9868-57a2d4851a1d" />
    <TestEntry testId="9277cfc2-3adf-cf52-f9f5-a84d42e6305c" executionId="3545116b-5aac-4689-9b92-2c374edf23eb" testListId="8c84fa94-04c1-424b-9868-57a2d4851a1d" />
    <TestEntry testId="12c8d806-dc76-730d-d276-1d289133c533" executionId="77bdb69f-9d9c-4e4c-bce8-af86b6319d03" testListId="8c84fa94-04c1-424b-9868-57a2d4851a1d" />
    <TestEntry testId="28c068cc-4f93-bf31-670a-7f0717946001" executionId="7b5a88bc-2b88-43dc-9546-26b0297b83fd" testListId="8c84fa94-04c1-424b-9868-57a2d4851a1d" />
    <TestEntry testId="0204302a-a6b4-6e62-a63e-362dc9379d6c" executionId="aa97c395-221e-4777-b242-e6d1cdb0c3be" testListId="8c84fa94-04c1-424b-9868-57a2d4851a1d" />
    <TestEntry testId="c2d4c482-09cf-e240-a7e7-520d6f5ce617" executionId="8a42b936-4517-4c26-a4c1-255255041888" testListId="8c84fa94-04c1-424b-9868-57a2d4851a1d" />
    <TestEntry testId="193f831d-c7c9-ac41-bc1b-9798c85535ca" executionId="f1bcf1c3-990d-4780-985b-ce7c76462249" testListId="8c84fa94-04c1-424b-9868-57a2d4851a1d" />
    <TestEntry testId="6b63c191-3bae-08f6-ef80-e9550ed318c7" executionId="8948fe74-8570-465d-a7cd-db46b4c0cdd8" testListId="8c84fa94-04c1-424b-9868-57a2d4851a1d" />
    <TestEntry testId="71a2762b-d8da-32e7-80e0-7c170fef2ac7" executionId="94573f3d-16fd-4757-a386-64d3ebcac952" testListId="8c84fa94-04c1-424b-9868-57a2d4851a1d" />
    <TestEntry testId="1fa0b0ac-82b7-821b-a6bd-11883f4b16c1" executionId="6c4990c2-b096-4848-a2e8-0cc0aea495d5" testListId="8c84fa94-04c1-424b-9868-57a2d4851a1d" />
    <TestEntry testId="a6878771-c471-f5b9-95dc-467df24cdd5b" executionId="7db60a4d-4a22-472a-a331-86ef8cff9b56" testListId="8c84fa94-04c1-424b-9868-57a2d4851a1d" />
    <TestEntry testId="d61c5a24-3052-33c6-809a-bcd51f433ccc" executionId="ac76c7de-304d-41c6-9830-fdebeccb75ff" testListId="8c84fa94-04c1-424b-9868-57a2d4851a1d" />
    <TestEntry testId="c6aaa130-65a2-a877-78a2-df837cd09244" executionId="a52e37ea-2321-4944-b8a9-a88e3c1aca74" testListId="8c84fa94-04c1-424b-9868-57a2d4851a1d" />
    <TestEntry testId="e8dae4f6-1eb2-866f-8693-bdd69c27bed8" executionId="7e3d9066-9cdb-4295-939d-47e59a983c54" testListId="8c84fa94-04c1-424b-9868-57a2d4851a1d" />
    <TestEntry testId="be4aa60a-fec3-fdce-8c70-46ec82a2fec7" executionId="a340cd18-95df-4c10-8b43-60c66bb2058d" testListId="8c84fa94-04c1-424b-9868-57a2d4851a1d" />
    <TestEntry testId="7724a5ae-1858-243b-d346-491db16f98e9" executionId="4d41d001-fc64-4fd6-b180-0af668339d39" testListId="8c84fa94-04c1-424b-9868-57a2d4851a1d" />
    <TestEntry testId="05be2e04-a7a4-ec81-8b2e-19e4e2cd04d0" executionId="b988bbfb-cee0-4733-b8a7-e9afb70f8de0" testListId="8c84fa94-04c1-424b-9868-57a2d4851a1d" />
    <TestEntry testId="c1905b94-6245-64ed-8028-a7655f8970eb" executionId="35ac6e3c-1632-43b5-b2bf-60b36ba316a1" testListId="8c84fa94-04c1-424b-9868-57a2d4851a1d" />
    <TestEntry testId="a4b13a66-9eee-466b-b0fc-fbf88e46d5b1" executionId="ac3f3f2e-41c3-4c17-854b-15aa3cc75c2c" testListId="8c84fa94-04c1-424b-9868-57a2d4851a1d" />
    <TestEntry testId="de7a0ae7-aa58-be18-206b-2d44f2e86ead" executionId="585bfc83-5897-4ff9-923c-77a63dac98ef" testListId="8c84fa94-04c1-424b-9868-57a2d4851a1d" />
  </TestEntries>
  <TestLists>
    <TestList name="Results Not in a List" id="8c84fa94-04c1-424b-9868-57a2d4851a1d" />
    <TestList name="All Loaded Results" id="19431567-8539-422a-85d7-44ee4e166bda" />
  </TestLists>
  <ResultSummary outcome="Completed">
    <Counters total="1000" executed="1000" passed="1000" failed="0" error="0" timeout="0" aborted="0" inconclusive="0" passedButRunAborted="0" notRunnable="0" notExecuted="0" disconnected="0" warning="0" completed="0" inProgress="0" pending="0" />
    <Output>
      <StdOut>NUnit Adapter 4.2.0.0: Test execution started&#xD;
Running selected tests in C:\Projekty\NUnitTestProject\bin\Debug\netcoreapp3.1\NUnitTestProject.dll&#xD;
   NUnit3TestExecutor discovered 1000 of 1000 NUnit test cases using Current Discovery mode, Non-Explicit run&#xD;
NUnit Adapter 4.2.0.0: Test execution complete&#xD;
</StdOut>
    </Output>
  </ResultSummary>
</TestRun>