<?xml version="1.0" encoding="utf-8"?>
<TestRun id="49b83c15-7d31-4c8c-98e1-0a5d1f61fcad" name="Dominik@DESKTOP-5URQ9PB 2022-06-13 21:13:14" runUser="DESKTOP-5URQ9PB\Dominik" xmlns="http://microsoft.com/schemas/VisualStudio/TeamTest/2010">
  <Times creation="2022-06-13T21:13:14.4288698+02:00" queuing="2022-06-13T21:13:14.4288701+02:00" start="2022-06-13T21:13:12.3281193+02:00" finish="2022-06-13T21:13:14.8968068+02:00" />
  <TestSettings name="default" id="b0fe73da-536a-4854-a964-a0853fcaf03f">
    <Deployment runDeploymentRoot="Dominik_DESKTOP-5URQ9PB_2022-06-13_21_13_14" />
  </TestSettings>
  <Results>
    <UnitTestResult executionId="cf5a6424-9206-4732-bc1c-b1a307273337" testId="70548cff-07c6-a6ca-3719-5ff4c0013c06" testName="FormatToStringTest1000(5022.470719070859d,&quot;5022.47 zł&quot;)" computerName="DESKTOP-5URQ9PB" duration="00:00:00.0000180" startTime="2022-06-13T21:13:14.3250241+02:00" endTime="2022-06-13T21:13:14.3250420+02:00" testType="13cdc9d9-ddb5-4fa4-a97d-d965ccfc6d4b" outcome="Passed" testListId="8c84fa94-04c1-424b-9868-57a2d4851a1d" relativeResultsDirectory="cf5a6424-9206-4732-bc1c-b1a307273337" />
    <UnitTestResult executionId="3136fe52-d960-4cfb-af45-aa1867adddbf" testId="a127d37b-b919-a5a8-4175-7c8816584689" testName="FormatToStringTest1000(61422.228144277455d,&quot;61422.23 zł&quot;)" computerName="DESKTOP-5URQ9PB" duration="00:00:00.0000190" startTime="2022-06-13T21:13:14.3342657+02:00" endTime="2022-06-13T21:13:14.3342849+02:00" testType="13cdc9d9-ddb5-4fa4-a97d-d965ccfc6d4b" outcome="Passed" testListId="8c84fa94-04c1-424b-9868-57a2d4851a1d" relativeResultsDirectory="3136fe52-d960-4cfb-af45-aa1867adddbf" />
    <UnitTestResult executionId="1f827409-dde8-4b69-8558-5557b80c4033" testId="796d7949-31f4-bb9f-3f5b-ffa9238af688" testName="FormatToStringTest1000(75214.75000876503d,&quot;75214.75 zł&quot;)" computerName="DESKTOP-5URQ9PB" duration="00:00:00.0000180" startTime="2022-06-13T21:13:14.3279780+02:00" endTime="2022-06-13T21:13:14.3279958+02:00" testType="13cdc9d9-ddb5-4fa4-a97d-d965ccfc6d4b" outcome="Passed" testListId="8c84fa94-04c1-424b-9868-57a2d4851a1d" relativeResultsDirectory="1f827409-dde8-4b69-8558-5557b80c4033" />
    <UnitTestResult executionId="f4ac5c1d-b2fb-4977-99fc-087db70b66e1" testId="511f69f7-a0fb-1d5f-80a7-db38c945bbc4" testName="FormatToStringTest1000(67338.80028760935d,&quot;67338.80 zł&quot;)" computerName="DESKTOP-5URQ9PB" duration="00:00:00.0000190" startTime="2022-06-13T21:13:14.3161089+02:00" endTime="2022-06-13T21:13:14.3161275+02:00" testType="13cdc9d9-ddb5-4fa4-a97d-d965ccfc6d4b" outcome="Passed" testListId="8c84fa94-04c1-424b-9868-57a2d4851a1d" relativeResultsDirectory="f4ac5c1d-b2fb-4977-99fc-087db70b66e1" />
    <UnitTestResult executionId="540a1dba-5866-4cb3-9df8-3e557f7402c2" testId="94cff85e-e7bb-c94b-e20b-765eb3997f75" testName="FormatToStringTest1000(286.92120604539343d,&quot;286.92 zł&quot;)" computerName="DESKTOP-5URQ9PB" duration="00:00:00.0000190" startTime="2022-06-13T21:13:14.3156202+02:00" endTime="2022-06-13T21:13:14.3156392+02:00" testType="13cdc9d9-ddb5-4fa4-a97d-d965ccfc6d4b" outcome="Passed" testListId="8c84fa94-04c1-424b-9868-57a2d4851a1d" relativeResultsDirectory="540a1dba-5866-4cb3-9df8-3e557f7402c2" />
    <UnitTestResult executionId="9ae374c0-6f62-42bf-9542-d0966d14047f" testId="02239eb7-c4a2-34a6-024f-aeb38f7bff3d" testName="FormatToStringTest1000(22153.282278674324d,&quot;22153.28 zł&quot;)" computerName="DESKTOP-5URQ9PB" duration="00:00:00.0000180" startTime="2022-06-13T21:13:14.3264668+02:00" endTime="2022-06-13T21:13:14.3264845+02:00" testType="13cdc9d9-ddb5-4fa4-a97d-d965ccfc6d4b" outcome="Passed" testListId="8c84fa94-04c1-424b-9868-57a2d4851a1d" relativeResultsDirectory="9ae374c0-6f62-42bf-9542-d0966d14047f" />
    <UnitTestResult executionId="53f54f48-ee72-4bea-a271-38e6185b76af" testId="96aa3d29-1365-f48b-4ac9-cdc761ea41b1" testName="FormatToStringTest1000(6057.842750804426d,&quot;6057.84 zł&quot;)" computerName="DESKTOP-5URQ9PB" duration="00:00:00.0000260" startTime="2022-06-13T21:13:14.3199613+02:00" endTime="2022-06-13T21:13:14.3199872+02:00" testType="13cdc9d9-ddb5-4fa4-a97d-d965ccfc6d4b" outcome="Passed" testListId="8c84fa94-04c1-424b-9868-57a2d4851a1d" relativeResultsDirectory="53f54f48-ee72-4bea-a271-38e6185b76af" />
    <UnitTestResult executionId="2ec35212-e9c4-4073-942b-ff002c8f75c6" testId="cee29849-c944-ee97-87d2-c62444a8a328" testName="FormatToStringTest1000(34062.88803158276d,&quot;34062.89 zł&quot;)" computerName="DESKTOP-5URQ9PB" duration="00:00:00.0000180" startTime="2022-06-13T21:13:14.3396596+02:00" endTime="2022-06-13T21:13:14.3396776+02:00" testType="13cdc9d9-ddb5-4fa4-a97d-d965ccfc6d4b" outcome="Passed" testListId="8c84fa94-04c1-424b-9868-57a2d4851a1d" relativeResultsDirectory="2ec35212-e9c4-4073-942b-ff002c8f75c6" />
    <UnitTestResult executionId="f116e7a0-63ea-4df8-8476-66722e42468d" testId="71b16f9b-dbb0-7a23-533d-802c9512270b" testName="FormatToStringTest1000(11181.228339251702d,&quot;11181.23 zł&quot;)" computerName="DESKTOP-5URQ9PB" duration="00:00:00.0000180" startTime="2022-06-13T21:13:14.3421403+02:00" endTime="2022-06-13T21:13:14.3421583+02:00" testType="13cdc9d9-ddb5-4fa4-a97d-d965ccfc6d4b" outcome="Passed" testListId="8c84fa94-04c1-424b-9868-57a2d4851a1d" relativeResultsDirectory="f116e7a0-63ea-4df8-8476-66722e42468d" />
    <UnitTestResult executionId="b727ff5b-ee4b-4469-82a4-64483ffbc8b1" testId="60069e17-108f-01fb-2153-e152b9205025" testName="FormatToStringTest1000(18340.8953197882d,&quot;18340.90 zł&quot;)" computerName="DESKTOP-5URQ9PB" duration="00:00:00.0000180" startTime="2022-06-13T21:13:14.3398313+02:00" endTime="2022-06-13T21:13:14.3398490+02:00" testType="13cdc9d9-ddb5-4fa4-a97d-d965ccfc6d4b" outcome="Passed" testListId="8c84fa94-04c1-424b-9868-57a2d4851a1d" relativeResultsDirectory="b727ff5b-ee4b-4469-82a4-64483ffbc8b1" />
    <UnitTestResult executionId="11ccfa0d-cf90-4a61-bccc-08fa3dcbb9d8" testId="5f61ffa8-be4c-5cf6-d406-18781222cb59" testName="FormatToStringTest1000(7975.276658828965d,&quot;7975.28 zł&quot;)" computerName="DESKTOP-5URQ9PB" duration="00:00:00.0000190" startTime="2022-06-13T21:13:14.3303319+02:00" endTime="2022-06-13T21:13:14.3303505+02:00" testType="13cdc9d9-ddb5-4fa4-a97d-d965ccfc6d4b" outcome="Passed" testListId="8c84fa94-04c1-424b-9868-57a2d4851a1d" relativeResultsDirectory="11ccfa0d-cf90-4a61-bccc-08fa3dcbb9d8" />
    <UnitTestResult executionId="bf35c1b7-d63b-4880-b556-2f335b5c59f9" testId="9a9fb753-7e29-0228-3909-087838ec3002" testName="FormatToStringTest1000(33851.35523524618d,&quot;33851.36 zł&quot;)" computerName="DESKTOP-5URQ9PB" duration="00:00:00.0000200" startTime="2022-06-13T21:13:14.3302548+02:00" endTime="2022-06-13T21:13:14.3302742+02:00" testType="13cdc9d9-ddb5-4fa4-a97d-d965ccfc6d4b" outcome="Passed" testListId="8c84fa94-04c1-424b-9868-57a2d4851a1d" relativeResultsDirectory="bf35c1b7-d63b-4880-b556-2f335b5c59f9" />
    <UnitTestResult executionId="1af3f9d8-63e1-4f00-8cbb-909ddf9d8b18" testId="24a1bb0d-d69a-de21-49e4-5bbbeaac5021" testName="FormatToStringTest1000(19882.647973500494d,&quot;19882.65 zł&quot;)" computerName="DESKTOP-5URQ9PB" duration="00:00:00.0000190" startTime="2022-06-13T21:13:14.3343171+02:00" endTime="2022-06-13T21:13:14.3343357+02:00" testType="13cdc9d9-ddb5-4fa4-a97d-d965ccfc6d4b" outcome="Passed" testListId="8c84fa94-04c1-424b-9868-57a2d4851a1d" relativeResultsDirectory="1af3f9d8-63e1-4f00-8cbb-909ddf9d8b18" />
    <UnitTestResult executionId="d5509d4f-32b4-4304-b359-2e38fac03eba" testId="0e73995d-338f-84a3-7662-4ba2ece68a21" testName="FormatToStringTest1000(13027.93935961739d,&quot;13027.94 zł&quot;)" computerName="DESKTOP-5URQ9PB" duration="00:00:00.0000190" startTime="2022-06-13T21:13:14.3295491+02:00" endTime="2022-06-13T21:13:14.3295675+02:00" testType="13cdc9d9-ddb5-4fa4-a97d-d965ccfc6d4b" outcome="Passed" testListId="8c84fa94-04c1-424b-9868-57a2d4851a1d" relativeResultsDirectory="d5509d4f-32b4-4304-b359-2e38fac03eba" />
    <UnitTestResult executionId="9c55dbf3-1107-47d4-aefb-a11433b36e68" testId="7724a5ae-1858-243b-d346-491db16f98e9" testName="FormatToStringTest1000(79764.77845563217d,&quot;79764.78 zł&quot;)" computerName="DESKTOP-5URQ9PB" duration="00:00:00.0000190" startTime="2022-06-13T21:13:14.3240270+02:00" endTime="2022-06-13T21:13:14.3240454+02:00" testType="13cdc9d9-ddb5-4fa4-a97d-d965ccfc6d4b" outcome="Passed" testListId="8c84fa94-04c1-424b-9868-57a2d4851a1d" relativeResultsDirectory="9c55dbf3-1107-47d4-aefb-a11433b36e68" />
    <UnitTestResult executionId="61ac319d-5c0b-44d8-ae58-14c6026ad153" testId="af79a348-5fb3-03eb-c3ed-5bb2185640a5" testName="FormatToStringTest1000(3195.202943510936d,&quot;3195.20 zł&quot;)" computerName="DESKTOP-5URQ9PB" duration="00:00:00.0000230" startTime="2022-06-13T21:13:14.3252202+02:00" endTime="2022-06-13T21:13:14.3252434+02:00" testType="13cdc9d9-ddb5-4fa4-a97d-d965ccfc6d4b" outcome="Passed" testListId="8c84fa94-04c1-424b-9868-57a2d4851a1d" relativeResultsDirectory="61ac319d-5c0b-44d8-ae58-14c6026ad153" />
    <UnitTestResult executionId="6aa22f06-c7ec-45aa-b6ae-a5832ec45fc4" testId="4b09d9c5-8012-6286-2d8c-2f6f560e7a3d" testName="FormatToStringTest1000(28192.949128067565d,&quot;28192.95 zł&quot;)" computerName="DESKTOP-5URQ9PB" duration="00:00:00.0000190" startTime="2022-06-13T21:13:14.3163337+02:00" endTime="2022-06-13T21:13:14.3163525+02:00" testType="13cdc9d9-ddb5-4fa4-a97d-d965ccfc6d4b" outcome="Passed" testListId="8c84fa94-04c1-424b-9868-57a2d4851a1d" relativeResultsDirectory="6aa22f06-c7ec-45aa-b6ae-a5832ec45fc4" />
    <UnitTestResult executionId="409ba456-567d-4b52-a6ca-ee33c2d998fa" testId="4d74b8de-5123-86ec-ab4f-2d4ce6434a23" testName="FormatToStringTest1000(23120.169499649743d,&quot;23120.17 zł&quot;)" computerName="DESKTOP-5URQ9PB" duration="00:00:00.0000180" startTime="2022-06-13T21:13:14.3385858+02:00" endTime="2022-06-13T21:13:14.3386037+02:00" testType="13cdc9d9-ddb5-4fa4-a97d-d965ccfc6d4b" outcome="Passed" testListId="8c84fa94-04c1-424b-9868-57a2d4851a1d" relativeResultsDirectory="409ba456-567d-4b52-a6ca-ee33c2d998fa" />
    <UnitTestResult executionId="c113e140-47de-4579-a2c7-d72736b69326" testId="0ed9cd8c-6283-5489-0e2e-ce31df1b16b4" testName="FormatToStringTest1000(40268.121943438484d,&quot;40268.12 zł&quot;)" computerName="DESKTOP-5URQ9PB" duration="00:00:00.0000180" startTime="2022-06-13T21:13:14.3248082+02:00" endTime="2022-06-13T21:13:14.3248265+02:00" testType="13cdc9d9-ddb5-4fa4-a97d-d965ccfc6d4b" outcome="Passed" testListId="8c84fa94-04c1-424b-9868-57a2d4851a1d" relativeResultsDirectory="c113e140-47de-4579-a2c7-d72736b69326" />
    <UnitTestResult executionId="d5dbba50-5fa5-4789-802e-7431ab7af6cb" testId="d6efedb1-9c49-9ed3-fbe1-de90224308a3" testName="FormatToStringTest1000(4139.032615562451d,&quot;4139.03 zł&quot;)" computerName="DESKTOP-5URQ9PB" duration="00:00:00.0000180" startTime="2022-06-13T21:13:14.3358652+02:00" endTime="2022-06-13T21:13:14.3358831+02:00" testType="13cdc9d9-ddb5-4fa4-a97d-d965ccfc6d4b" outcome="Passed" testListId="8c84fa94-04c1-424b-9868-57a2d4851a1d" relativeResultsDirectory="d5dbba50-5fa5-4789-802e-7431ab7af6cb" />
    <UnitTestResult executionId="f89c687a-85a4-42cd-bdd5-eb442036f046" testId="ae7cb376-4ef2-2742-75ce-61ea6adcde54" testName="FormatToStringTest1000(30578.687538491416d,&quot;30578.69 zł&quot;)" computerName="DESKTOP-5URQ9PB" duration="00:00:00.0000190" startTime="2022-06-13T21:13:14.3246885+02:00" endTime="2022-06-13T21:13:14.3247069+02:00" testType="13cdc9d9-ddb5-4fa4-a97d-d965ccfc6d4b" outcome="Passed" testListId="8c84fa94-04c1-424b-9868-57a2d4851a1d" relativeResultsDirectory="f89c687a-85a4-42cd-bdd5-eb442036f046" />
    <UnitTestResult executionId="95ed1f89-9b5d-4a39-9f27-61b2e05e7659" testId="91b3bd83-c5b8-4706-180f-6fac0dae10f8" testName="FormatToStringTest1000(25135.10315489727d,&quot;25135.10 zł&quot;)" computerName="DESKTOP-5URQ9PB" duration="00:00:00.0000180" startTime="2022-06-13T21:13:14.3361364+02:00" endTime="2022-06-13T21:13:14.3361544+02:00" testType="13cdc9d9-ddb5-4fa4-a97d-d965ccfc6d4b" outcome="Passed" testListId="8c84fa94-04c1-424b-9868-57a2d4851a1d" relativeResultsDirectory="95ed1f89-9b5d-4a39-9f27-61b2e05e7659" />
    <UnitTestResult executionId="d0fcd91e-8598-435d-bb4d-349b73038cc3" testId="e7e966d4-e5d2-6514-5e34-60687297029b" testName="FormatToStringTest1000(22189.78731674132d,&quot;22189.79 zł&quot;)" computerName="DESKTOP-5URQ9PB" duration="00:00:00.0000349" startTime="2022-06-13T21:13:14.3312168+02:00" endTime="2022-06-13T21:13:14.3312513+02:00" testType="13cdc9d9-ddb5-4fa4-a97d-d965ccfc6d4b" outcome="Passed" testListId="8c84fa94-04c1-424b-9868-57a2d4851a1d" relativeResultsDirectory="d0fcd91e-8598-435d-bb4d-349b73038cc3" />
    <UnitTestResult executionId="98a4c009-04a8-4764-9555-37d360232dfb" testId="d7323b46-e742-10c6-7291-609e242e6eac" testName="FormatToStringTest1000(36969.98585167247d,&quot;36969.99 zł&quot;)" computerName="DESKTOP-5URQ9PB" duration="00:00:00.0000190" startTime="2022-06-13T21:13:14.3223368+02:00" endTime="2022-06-13T21:13:14.3223555+02:00" testType="13cdc9d9-ddb5-4fa4-a97d-d965ccfc6d4b" outcome="Passed" testListId="8c84fa94-04c1-424b-9868-57a2d4851a1d" relativeResultsDirectory="98a4c009-04a8-4764-9555-37d360232dfb" />
    <UnitTestResult executionId="fefe5095-7e73-46c9-b79b-ce7a33861155" testId="3a61649c-91c3-4f1a-8a11-3480d7ff1651" testName="FormatToStringTest1000(4636.500544966897d,&quot;4636.50 zł&quot;)" computerName="DESKTOP-5URQ9PB" duration="00:00:00.0000190" startTime="2022-06-13T21:13:14.3350685+02:00" endTime="2022-06-13T21:13:14.3350871+02:00" testType="13cdc9d9-ddb5-4fa4-a97d-d965ccfc6d4b" outcome="Passed" testListId="8c84fa94-04c1-424b-9868-57a2d4851a1d" relativeResultsDirectory="fefe5095-7e73-46c9-b79b-ce7a33861155" />
    <UnitTestResult executionId="c955111f-6816-4559-8b24-cf5741904620" testId="99d674fc-9d36-ee84-15f3-75180d0ffbf0" testName="FormatToStringTest1000(9818.257405763146d,&quot;9818.26 zł&quot;)" computerName="DESKTOP-5URQ9PB" duration="00:00:00.0000180" startTime="2022-06-13T21:13:14.3353945+02:00" endTime="2022-06-13T21:13:14.3354125+02:00" testType="13cdc9d9-ddb5-4fa4-a97d-d965ccfc6d4b" outcome="Passed" testListId="8c84fa94-04c1-424b-9868-57a2d4851a1d" relativeResultsDirectory="c955111f-6816-4559-8b24-cf5741904620" />
    <UnitTestResult executionId="bf071eee-cd25-4f45-851c-1c7962e13d6a" testId="ea53113d-e645-3e3d-8dda-f0c57f3d1f3e" testName="FormatToStringTest1000(16190.113943164757d,&quot;16190.11 zł&quot;)" computerName="DESKTOP-5URQ9PB" duration="00:00:00.0000230" startTime="2022-06-13T21:13:14.3282222+02:00" endTime="2022-06-13T21:13:14.3282446+02:00" testType="13cdc9d9-ddb5-4fa4-a97d-d965ccfc6d4b" outcome="Passed" testListId="8c84fa94-04c1-424b-9868-57a2d4851a1d" relativeResultsDirectory="bf071eee-cd25-4f45-851c-1c7962e13d6a" />
    <UnitTestResult executionId="2e418bf5-edad-402a-99a9-04d23c0ebc4a" testId="d5a3e949-dba8-8515-82f0-b4d3600a13aa" testName="FormatToStringTest1000(7050.437505805137d,&quot;7050.44 zł&quot;)" computerName="DESKTOP-5URQ9PB" duration="00:00:00.0000340" startTime="2022-06-13T21:13:14.3211764+02:00" endTime="2022-06-13T21:13:14.3212099+02:00" testType="13cdc9d9-ddb5-4fa4-a97d-d965ccfc6d4b" outcome="Passed" testListId="8c84fa94-04c1-424b-9868-57a2d4851a1d" relativeResultsDirectory="2e418bf5-edad-402a-99a9-04d23c0ebc4a" />
    <UnitTestResult executionId="0ef8022e-5d5b-48b9-971e-dede9e158314" testId="35113593-4524-9172-cef8-1a1f5c1dfb29" testName="FormatToStringTest1000(134.1514758393874d,&quot;134.15 zł&quot;)" computerName="DESKTOP-5URQ9PB" duration="00:00:00.0000200" startTime="2022-06-13T21:13:14.3345940+02:00" endTime="2022-06-13T21:13:14.3346135+02:00" testType="13cdc9d9-ddb5-4fa4-a97d-d965ccfc6d4b" outcome="Passed" testListId="8c84fa94-04c1-424b-9868-57a2d4851a1d" relativeResultsDirectory="0ef8022e-5d5b-48b9-971e-dede9e158314" />
    <UnitTestResult executionId="792d6d2d-b39b-41fc-a0e6-7eef534bd1d7" testId="0ea957ac-53f2-c077-4d23-d56d0a5f77c4" testName="FormatToStringTest1000(37561.969571757116d,&quot;37561.97 zł&quot;)" computerName="DESKTOP-5URQ9PB" duration="00:00:00.0000200" startTime="2022-06-13T21:13:14.3268355+02:00" endTime="2022-06-13T21:13:14.3268556+02:00" testType="13cdc9d9-ddb5-4fa4-a97d-d965ccfc6d4b" outcome="Passed" testListId="8c84fa94-04c1-424b-9868-57a2d4851a1d" relativeResultsDirectory="792d6d2d-b39b-41fc-a0e6-7eef534bd1d7" />
    <UnitTestResult executionId="619f4215-f287-45ed-b0ef-7a79658a576f" testId="a2988576-488b-e6d4-a498-af48b96efbdb" testName="FormatToStringTest1000(24570.65594858893d,&quot;24570.66 zł&quot;)" computerName="DESKTOP-5URQ9PB" duration="00:00:00.0000180" startTime="2022-06-13T21:13:14.3230676+02:00" endTime="2022-06-13T21:13:14.3230858+02:00" testType="13cdc9d9-ddb5-4fa4-a97d-d965ccfc6d4b" outcome="Passed" testListId="8c84fa94-04c1-424b-9868-57a2d4851a1d" relativeResultsDirectory="619f4215-f287-45ed-b0ef-7a79658a576f" />
    <UnitTestResult executionId="6a70a579-a2b1-444a-8d37-26f06b3b6627" testId="9b2f9530-d092-f9c3-dae1-2f483cfeb52d" testName="FormatToStringTest1000(16282.687804925576d,&quot;16282.69 zł&quot;)" computerName="DESKTOP-5URQ9PB" duration="00:00:00.0000320" startTime="2022-06-13T21:13:14.3210452+02:00" endTime="2022-06-13T21:13:14.3210770+02:00" testType="13cdc9d9-ddb5-4fa4-a97d-d965ccfc6d4b" outcome="Passed" testListId="8c84fa94-04c1-424b-9868-57a2d4851a1d" relativeResultsDirectory="6a70a579-a2b1-444a-8d37-26f06b3b6627" />
    <UnitTestResult executionId="fe378397-4d67-4a46-bd8f-9e4833701da5" testId="c1905b94-6245-64ed-8028-a7655f8970eb" testName="FormatToStringTest1000(5961.755129208674d,&quot;5961.76 zł&quot;)" computerName="DESKTOP-5URQ9PB" duration="00:00:00.0000180" startTime="2022-06-13T21:13:14.3268863+02:00" endTime="2022-06-13T21:13:14.3269043+02:00" testType="13cdc9d9-ddb5-4fa4-a97d-d965ccfc6d4b" outcome="Passed" testListId="8c84fa94-04c1-424b-9868-57a2d4851a1d" relativeResultsDirectory="fe378397-4d67-4a46-bd8f-9e4833701da5" />
    <UnitTestResult executionId="627e183e-1f93-4986-bb52-7ad2fe0400f6" testId="004cf38c-62a9-5d39-4e66-385c7c495389" testName="FormatToStringTest1000(20068.867046961965d,&quot;20068.87 zł&quot;)" computerName="DESKTOP-5URQ9PB" duration="00:00:00.0000190" startTime="2022-06-13T21:13:14.3340354+02:00" endTime="2022-06-13T21:13:14.3340543+02:00" testType="13cdc9d9-ddb5-4fa4-a97d-d965ccfc6d4b" outcome="Passed" testListId="8c84fa94-04c1-424b-9868-57a2d4851a1d" relativeResultsDirectory="627e183e-1f93-4986-bb52-7ad2fe0400f6" />
    <UnitTestResult executionId="d1a78c49-2523-40d7-9942-ea14360b6ac7" testId="e88588cc-8ef9-e4ad-51dd-2a16e11570f5" testName="FormatToStringTest1000(6809.40195803037d,&quot;6809.40 zł&quot;)" computerName="DESKTOP-5URQ9PB" duration="00:00:00.0001810" startTime="2022-06-13T21:13:14.3151765+02:00" endTime="2022-06-13T21:13:14.3153584+02:00" testType="13cdc9d9-ddb5-4fa4-a97d-d965ccfc6d4b" outcome="Passed" testListId="8c84fa94-04c1-424b-9868-57a2d4851a1d" relativeResultsDirectory="d1a78c49-2523-40d7-9942-ea14360b6ac7" />
    <UnitTestResult executionId="c2e6c6ee-d933-4899-baa9-94466123e8d5" testId="37887ca9-f36b-5081-1e8a-5e4e1fff4e53" testName="FormatToStringTest1000(75915.01943546813d,&quot;75915.02 zł&quot;)" computerName="DESKTOP-5URQ9PB" duration="00:00:00.0000190" startTime="2022-06-13T21:13:14.3262962+02:00" endTime="2022-06-13T21:13:14.3263146+02:00" testType="13cdc9d9-ddb5-4fa4-a97d-d965ccfc6d4b" outcome="Passed" testListId="8c84fa94-04c1-424b-9868-57a2d4851a1d" relativeResultsDirectory="c2e6c6ee-d933-4899-baa9-94466123e8d5" />
    <UnitTestResult executionId="98e858b4-63dd-41eb-95ba-e66a046c77d5" testId="80343684-0ab4-f75e-30e6-62b08568fe03" testName="FormatToStringTest1000(31290.71396233687d,&quot;31290.71 zł&quot;)" computerName="DESKTOP-5URQ9PB" duration="00:00:00.0000930" startTime="2022-06-13T21:13:14.3171212+02:00" endTime="2022-06-13T21:13:14.3172164+02:00" testType="13cdc9d9-ddb5-4fa4-a97d-d965ccfc6d4b" outcome="Passed" testListId="8c84fa94-04c1-424b-9868-57a2d4851a1d" relativeResultsDirectory="98e858b4-63dd-41eb-95ba-e66a046c77d5" />
    <UnitTestResult executionId="295e6129-2a94-44c9-8d9b-d0de3799ec43" testId="5d8a1a0c-8ac0-09f0-e7c5-3249de62e9a9" testName="FormatToStringTest1000(23649.104642116046d,&quot;23649.10 zł&quot;)" computerName="DESKTOP-5URQ9PB" duration="00:00:00.0000180" startTime="2022-06-13T21:13:14.3278563+02:00" endTime="2022-06-13T21:13:14.3278744+02:00" testType="13cdc9d9-ddb5-4fa4-a97d-d965ccfc6d4b" outcome="Passed" testListId="8c84fa94-04c1-424b-9868-57a2d4851a1d" relativeResultsDirectory="295e6129-2a94-44c9-8d9b-d0de3799ec43" />
    <UnitTestResult executionId="50b355ff-010f-4b9e-aea7-f89dd073f620" testId="257cee71-ac96-77a9-908c-68bd8420739c" testName="FormatToStringTest1000(95071.15957335343d,&quot;95071.16 zł&quot;)" computerName="DESKTOP-5URQ9PB" duration="00:00:00.0000190" startTime="2022-06-13T21:13:14.3339860+02:00" endTime="2022-06-13T21:13:14.3340051+02:00" testType="13cdc9d9-ddb5-4fa4-a97d-d965ccfc6d4b" outcome="Passed" testListId="8c84fa94-04c1-424b-9868-57a2d4851a1d" relativeResultsDirectory="50b355ff-010f-4b9e-aea7-f89dd073f620" />
    <UnitTestResult executionId="95aec338-b0d2-4602-95e1-b9d01848bcf4" testId="41200b0a-b89d-be5b-7447-22f852721d92" testName="FormatToStringTest1000(15396.537902579894d,&quot;15396.54 zł&quot;)" computerName="DESKTOP-5URQ9PB" duration="00:00:00.0000180" startTime="2022-06-13T21:13:14.3340857+02:00" endTime="2022-06-13T21:13:14.3341036+02:00" testType="13cdc9d9-ddb5-4fa4-a97d-d965ccfc6d4b" outcome="Passed" testListId="8c84fa94-04c1-424b-9868-57a2d4851a1d" relativeResultsDirectory="95aec338-b0d2-4602-95e1-b9d01848bcf4" />
    <UnitTestResult executionId="0ad32c08-3ab8-4c15-b497-989848c4ec88" testId="7af319c8-84cb-197c-29fc-ea5e77c2f3be" testName="FormatToStringTest1000(33413.381276228174d,&quot;33413.38 zł&quot;)" computerName="DESKTOP-5URQ9PB" duration="00:00:00.0000230" startTime="2022-06-13T21:13:14.3270825+02:00" endTime="2022-06-13T21:13:14.3271051+02:00" testType="13cdc9d9-ddb5-4fa4-a97d-d965ccfc6d4b" outcome="Passed" testListId="8c84fa94-04c1-424b-9868-57a2d4851a1d" relativeResultsDirectory="0ad32c08-3ab8-4c15-b497-989848c4ec88" />
    <UnitTestResult executionId="26bdb3ae-d110-4007-a631-0df5a0fb0462" testId="862cc562-9bfe-8861-cf4e-b4582450cbaa" testName="FormatToStringTest1000(5628.028273674672d,&quot;5628.03 zł&quot;)" computerName="DESKTOP-5URQ9PB" duration="00:00:00.0000200" startTime="2022-06-13T21:13:14.3154427+02:00" endTime="2022-06-13T21:13:14.3154630+02:00" testType="13cdc9d9-ddb5-4fa4-a97d-d965ccfc6d4b" outcome="Passed" testListId="8c84fa94-04c1-424b-9868-57a2d4851a1d" relativeResultsDirectory="26bdb3ae-d110-4007-a631-0df5a0fb0462" />
    <UnitTestResult executionId="c1a4f18d-a63b-4106-9ef9-b1b0e5a2d671" testId="b1699ce8-743c-1964-eb7b-2aa310ecbb21" testName="FormatToStringTest1000(27164.0272410419d,&quot;27164.03 zł&quot;)" computerName="DESKTOP-5URQ9PB" duration="00:00:00.0000180" startTime="2022-06-13T21:13:14.3251210+02:00" endTime="2022-06-13T21:13:14.3251390+02:00" testType="13cdc9d9-ddb5-4fa4-a97d-d965ccfc6d4b" outcome="Passed" testListId="8c84fa94-04c1-424b-9868-57a2d4851a1d" relativeResultsDirectory="c1a4f18d-a63b-4106-9ef9-b1b0e5a2d671" />
    <UnitTestResult executionId="221f07b9-8117-4ab3-8a28-ddf57fc82ce2" testId="e4a60893-7e5b-dc4d-fd91-d28f1c9b83a3" testName="FormatToStringTest1000(38961.459057294516d,&quot;38961.46 zł&quot;)" computerName="DESKTOP-5URQ9PB" duration="00:00:00.0000180" startTime="2022-06-13T21:13:14.3269120+02:00" endTime="2022-06-13T21:13:14.3269300+02:00" testType="13cdc9d9-ddb5-4fa4-a97d-d965ccfc6d4b" outcome="Passed" testListId="8c84fa94-04c1-424b-9868-57a2d4851a1d" relativeResultsDirectory="221f07b9-8117-4ab3-8a28-ddf57fc82ce2" />
    <UnitTestResult executionId="c7300dd9-febd-475e-a432-2fd92ffbe17e" testId="47e7ec55-4391-8546-d1c3-fb5db01a41e8" testName="FormatToStringTest1000(6213.265206352466d,&quot;6213.27 zł&quot;)" computerName="DESKTOP-5URQ9PB" duration="00:00:00.0000180" startTime="2022-06-13T21:13:14.3260032+02:00" endTime="2022-06-13T21:13:14.3260211+02:00" testType="13cdc9d9-ddb5-4fa4-a97d-d965ccfc6d4b" outcome="Passed" testListId="8c84fa94-04c1-424b-9868-57a2d4851a1d" relativeResultsDirectory="c7300dd9-febd-475e-a432-2fd92ffbe17e" />
    <UnitTestResult executionId="1c782532-a3fe-454e-b619-1daf3de28039" testId="ff64b042-e70f-6e34-60aa-4c59131392ce" testName="FormatToStringTest1000(30031.89550569323d,&quot;30031.90 zł&quot;)" computerName="DESKTOP-5URQ9PB" duration="00:00:00.0000180" startTime="2022-06-13T21:13:14.3273902+02:00" endTime="2022-06-13T21:13:14.3274082+02:00" testType="13cdc9d9-ddb5-4fa4-a97d-d965ccfc6d4b" outcome="Passed" testListId="8c84fa94-04c1-424b-9868-57a2d4851a1d" relativeResultsDirectory="1c782532-a3fe-454e-b619-1daf3de28039" />
    <UnitTestResult executionId="15afdc54-e360-4818-a566-a3eac48a1c04" testId="d24e4d75-af83-eba3-bdf8-ba8e65054856" testName="FormatToStringTest1000(2505.286326204094d,&quot;2505.29 zł&quot;)" computerName="DESKTOP-5URQ9PB" duration="00:00:00.0000200" startTime="2022-06-13T21:13:14.3302805+02:00" endTime="2022-06-13T21:13:14.3303007+02:00" testType="13cdc9d9-ddb5-4fa4-a97d-d965ccfc6d4b" outcome="Passed" testListId="8c84fa94-04c1-424b-9868-57a2d4851a1d" relativeResultsDirectory="15afdc54-e360-4818-a566-a3eac48a1c04" />
    <UnitTestResult executionId="1e26a508-c5bb-4a37-9976-4363be7ac901" testId="a66db8ec-8bb4-14b5-d72b-619fdbf967a5" testName="FormatToStringTest1000(75350.77330865282d,&quot;75350.77 zł&quot;)" computerName="DESKTOP-5URQ9PB" duration="00:00:00.0000349" startTime="2022-06-13T21:13:14.3182825+02:00" endTime="2022-06-13T21:13:14.3183175+02:00" testType="13cdc9d9-ddb5-4fa4-a97d-d965ccfc6d4b" outcome="Passed" testListId="8c84fa94-04c1-424b-9868-57a2d4851a1d" relativeResultsDirectory="1e26a508-c5bb-4a37-9976-4363be7ac901" />
    <UnitTestResult executionId="711e3e9e-f1a6-4685-b195-ad27d01c30f3" testId="e6917a9a-a471-dbed-84cc-6e63cf19f9df" testName="FormatToStringTest1000(28583.827618148098d,&quot;28583.83 zł&quot;)" computerName="DESKTOP-5URQ9PB" duration="00:00:00.0000349" startTime="2022-06-13T21:13:14.3204295+02:00" endTime="2022-06-13T21:13:14.3204640+02:00" testType="13cdc9d9-ddb5-4fa4-a97d-d965ccfc6d4b" outcome="Passed" testListId="8c84fa94-04c1-424b-9868-57a2d4851a1d" relativeResultsDirectory="711e3e9e-f1a6-4685-b195-ad27d01c30f3" />
    <UnitTestResult executionId="fd0e61c8-eac6-4e38-a130-c4b396863963" testId="9dc75585-8b30-1a60-5f46-ba30d03b7635" testName="FormatToStringTest1000(6352.983758103561d,&quot;6352.98 zł&quot;)" computerName="DESKTOP-5URQ9PB" duration="00:00:00.0000190" startTime="2022-06-13T21:13:14.3384854+02:00" endTime="2022-06-13T21:13:14.3385047+02:00" testType="13cdc9d9-ddb5-4fa4-a97d-d965ccfc6d4b" outcome="Passed" testListId="8c84fa94-04c1-424b-9868-57a2d4851a1d" relativeResultsDirectory="fd0e61c8-eac6-4e38-a130-c4b396863963" />
    <UnitTestResult executionId="78c204e8-b548-44aa-8a58-8bf25cf29bd2" testId="28a678d1-0284-2779-ed67-e16002278e6b" testName="FormatToStringTest1000(6145.531235831571d,&quot;6145.53 zł&quot;)" computerName="DESKTOP-5URQ9PB" duration="00:00:00.0000180" startTime="2022-06-13T21:13:14.3257140+02:00" endTime="2022-06-13T21:13:14.3257316+02:00" testType="13cdc9d9-ddb5-4fa4-a97d-d965ccfc6d4b" outcome="Passed" testListId="8c84fa94-04c1-424b-9868-57a2d4851a1d" relativeResultsDirectory="78c204e8-b548-44aa-8a58-8bf25cf29bd2" />
    <UnitTestResult executionId="28f29b58-0633-42ac-857f-6480b4a5e031" testId="041696c1-18d1-f2dd-9a5d-5cb1c9e853ff" testName="FormatToStringTest1000(22533.17694295811d,&quot;22533.18 zł&quot;)" computerName="DESKTOP-5URQ9PB" duration="00:00:00.0000190" startTime="2022-06-13T21:13:14.3411400+02:00" endTime="2022-06-13T21:13:14.3411586+02:00" testType="13cdc9d9-ddb5-4fa4-a97d-d965ccfc6d4b" outcome="Passed" testListId="8c84fa94-04c1-424b-9868-57a2d4851a1d" relativeResultsDirectory="28f29b58-0633-42ac-857f-6480b4a5e031" />
    <UnitTestResult executionId="4f257541-7bc6-47e5-80ea-f697c75640b1" testId="f057999f-37d3-2f7d-8c71-29439544f997" testName="FormatToStringTest1000(2115.5076919884923d,&quot;2115.51 zł&quot;)" computerName="DESKTOP-5URQ9PB" duration="00:00:00.0000190" startTime="2022-06-13T21:13:14.3400266+02:00" endTime="2022-06-13T21:13:14.3400453+02:00" testType="13cdc9d9-ddb5-4fa4-a97d-d965ccfc6d4b" outcome="Passed" testListId="8c84fa94-04c1-424b-9868-57a2d4851a1d" relativeResultsDirectory="4f257541-7bc6-47e5-80ea-f697c75640b1" />
    <UnitTestResult executionId="cc6c801d-a608-4c93-bfb9-19458fcd8ca5" testId="6e94a57e-5259-7bdc-f138-c47a49ede1a1" testName="FormatToStringTest1000(14218.204344010543d,&quot;14218.20 zł&quot;)" computerName="DESKTOP-5URQ9PB" duration="00:00:00.0000190" startTime="2022-06-13T21:13:14.3383587+02:00" endTime="2022-06-13T21:13:14.3383774+02:00" testType="13cdc9d9-ddb5-4fa4-a97d-d965ccfc6d4b" outcome="Passed" testListId="8c84fa94-04c1-424b-9868-57a2d4851a1d" relativeResultsDirectory="cc6c801d-a608-4c93-bfb9-19458fcd8ca5" />
    <UnitTestResult executionId="13e78fdb-2811-4f63-ae23-980ec5358b3b" testId="1ead85ed-9e84-e345-248b-37b2bb2fd57c" testName="FormatToStringTest1000(7621.507806692509d,&quot;7621.51 zł&quot;)" computerName="DESKTOP-5URQ9PB" duration="00:00:00.0000190" startTime="2022-06-13T21:13:14.3280266+02:00" endTime="2022-06-13T21:13:14.3280456+02:00" testType="13cdc9d9-ddb5-4fa4-a97d-d965ccfc6d4b" outcome="Passed" testListId="8c84fa94-04c1-424b-9868-57a2d4851a1d" relativeResultsDirectory="13e78fdb-2811-4f63-ae23-980ec5358b3b" />
    <UnitTestResult executionId="adc1e331-4de4-4c5d-868c-d45ac0eb6a4e" testId="2fd4fb21-86aa-48b4-d55c-838ac3bda4eb" testName="FormatToStringTest1000(28579.14698705503d,&quot;28579.15 zł&quot;)" computerName="DESKTOP-5URQ9PB" duration="00:00:00.0000180" startTime="2022-06-13T21:13:14.3339111+02:00" endTime="2022-06-13T21:13:14.3339291+02:00" testType="13cdc9d9-ddb5-4fa4-a97d-d965ccfc6d4b" outcome="Passed" testListId="8c84fa94-04c1-424b-9868-57a2d4851a1d" relativeResultsDirectory="adc1e331-4de4-4c5d-868c-d45ac0eb6a4e" />
    <UnitTestResult executionId="4e1d5538-29a0-4236-bca5-1396091cf764" testId="3d581e6e-ac62-d984-1637-f1fef62a5597" testName="FormatToStringTest1000(57525.72988993569d,&quot;57525.73 zł&quot;)" computerName="DESKTOP-5URQ9PB" duration="00:00:00.0000190" startTime="2022-06-13T21:13:14.3314192+02:00" endTime="2022-06-13T21:13:14.3314380+02:00" testType="13cdc9d9-ddb5-4fa4-a97d-d965ccfc6d4b" outcome="Passed" testListId="8c84fa94-04c1-424b-9868-57a2d4851a1d" relativeResultsDirectory="4e1d5538-29a0-4236-bca5-1396091cf764" />
    <UnitTestResult executionId="95adf20b-7bbf-461b-879f-a976a63bacbd" testId="0fc86efa-aeca-dada-030f-e8045241eaae" testName="FormatToStringTest1000(13508.811787825922d,&quot;13508.81 zł&quot;)" computerName="DESKTOP-5URQ9PB" duration="00:00:00.0000180" startTime="2022-06-13T21:13:14.3385111+02:00" endTime="2022-06-13T21:13:14.3385295+02:00" testType="13cdc9d9-ddb5-4fa4-a97d-d965ccfc6d4b" outcome="Passed" testListId="8c84fa94-04c1-424b-9868-57a2d4851a1d" relativeResultsDirectory="95adf20b-7bbf-461b-879f-a976a63bacbd" />
    <UnitTestResult executionId="3f2ff47f-15a5-41c7-8555-f29e94274a7d" testId="b972bb3a-6c4e-4339-3ada-7c478c5f6ecf" testName="FormatToStringTest1000(11157.981051815665d,&quot;11157.98 zł&quot;)" computerName="DESKTOP-5URQ9PB" duration="00:00:00.0000180" startTime="2022-06-13T21:13:14.3275861+02:00" endTime="2022-06-13T21:13:14.3276041+02:00" testType="13cdc9d9-ddb5-4fa4-a97d-d965ccfc6d4b" outcome="Passed" testListId="8c84fa94-04c1-424b-9868-57a2d4851a1d" relativeResultsDirectory="3f2ff47f-15a5-41c7-8555-f29e94274a7d" />
    <UnitTestResult executionId="6f571bce-9bf1-468d-b035-99926e4fc6de" testId="9bae3763-5b44-6392-7f85-b5a14c7eae3f" testName="FormatToStringTest1000(1328.353302088265d,&quot;1328.35 zł&quot;)" computerName="DESKTOP-5URQ9PB" duration="00:00:00.0000180" startTime="2022-06-13T21:13:14.3281010+02:00" endTime="2022-06-13T21:13:14.3281187+02:00" testType="13cdc9d9-ddb5-4fa4-a97d-d965ccfc6d4b" outcome="Passed" testListId="8c84fa94-04c1-424b-9868-57a2d4851a1d" relativeResultsDirectory="6f571bce-9bf1-468d-b035-99926e4fc6de" />
    <UnitTestResult executionId="9ad909bd-ebb2-4166-aab1-19f012e646dc" testId="0204302a-a6b4-6e62-a63e-362dc9379d6c" testName="FormatToStringTest1000(50009.23881716898d,&quot;50009.24 zł&quot;)" computerName="DESKTOP-5URQ9PB" duration="00:00:00.0000470" startTime="2022-06-13T21:13:14.3312623+02:00" endTime="2022-06-13T21:13:14.3313090+02:00" testType="13cdc9d9-ddb5-4fa4-a97d-d965ccfc6d4b" outcome="Passed" testListId="8c84fa94-04c1-424b-9868-57a2d4851a1d" relativeResultsDirectory="9ad909bd-ebb2-4166-aab1-19f012e646dc" />
    <UnitTestResult executionId="00291308-df12-4445-88e0-565ac6e1ba07" testId="a72152f5-7a61-c574-c2ee-c9a3ca6ccab7" testName="FormatToStringTest1000(22831.975917587977d,&quot;22831.98 zł&quot;)" computerName="DESKTOP-5URQ9PB" duration="00:00:00.0000180" startTime="2022-06-13T21:13:14.3305043+02:00" endTime="2022-06-13T21:13:14.3305222+02:00" testType="13cdc9d9-ddb5-4fa4-a97d-d965ccfc6d4b" outcome="Passed" testListId="8c84fa94-04c1-424b-9868-57a2d4851a1d" relativeResultsDirectory="00291308-df12-4445-88e0-565ac6e1ba07" />
    <UnitTestResult executionId="28ea343c-ed15-4360-9474-ad0f24fd1126" testId="2b003fb3-b141-e2a9-bad9-fff43705ee9e" testName="FormatToStringTest1000(72703.4365723503d,&quot;72703.44 zł&quot;)" computerName="DESKTOP-5URQ9PB" duration="00:00:00.0000190" startTime="2022-06-13T21:13:14.3261946+02:00" endTime="2022-06-13T21:13:14.3262129+02:00" testType="13cdc9d9-ddb5-4fa4-a97d-d965ccfc6d4b" outcome="Passed" testListId="8c84fa94-04c1-424b-9868-57a2d4851a1d" relativeResultsDirectory="28ea343c-ed15-4360-9474-ad0f24fd1126" />
    <UnitTestResult executionId="cd3a5987-ad26-4dea-92f3-fab3c13f5f15" testId="fb1c3a36-60dc-8fcd-b623-36588091afcb" testName="FormatToStringTest1000(25039.088753207627d,&quot;25039.09 zł&quot;)" computerName="DESKTOP-5URQ9PB" duration="00:00:00.0000190" startTime="2022-06-13T21:13:14.3316911+02:00" endTime="2022-06-13T21:13:14.3317094+02:00" testType="13cdc9d9-ddb5-4fa4-a97d-d965ccfc6d4b" outcome="Passed" testListId="8c84fa94-04c1-424b-9868-57a2d4851a1d" relativeResultsDirectory="cd3a5987-ad26-4dea-92f3-fab3c13f5f15" />
    <UnitTestResult executionId="2eadafb8-412c-4b4a-b603-a6d5720428d0" testId="aff0dd6a-515d-d68f-384c-79614af1fe73" testName="FormatToStringTest1000(14063.90676654871d,&quot;14063.91 zł&quot;)" computerName="DESKTOP-5URQ9PB" duration="00:00:00.0000180" startTime="2022-06-13T21:13:14.3345697+02:00" endTime="2022-06-13T21:13:14.3345878+02:00" testType="13cdc9d9-ddb5-4fa4-a97d-d965ccfc6d4b" outcome="Passed" testListId="8c84fa94-04c1-424b-9868-57a2d4851a1d" relativeResultsDirectory="2eadafb8-412c-4b4a-b603-a6d5720428d0" />
    <UnitTestResult executionId="9f1b40d1-7efd-4253-a4db-b287ef10f323" testId="a95ff0ae-d4c3-2673-b0e9-9a7af3b33aba" testName="FormatToStringTest1000(653.4647999170537d,&quot;653.46 zł&quot;)" computerName="DESKTOP-5URQ9PB" duration="00:00:00.0000180" startTime="2022-06-13T21:13:14.3247363+02:00" endTime="2022-06-13T21:13:14.3247539+02:00" testType="13cdc9d9-ddb5-4fa4-a97d-d965ccfc6d4b" outcome="Passed" testListId="8c84fa94-04c1-424b-9868-57a2d4851a1d" relativeResultsDirectory="9f1b40d1-7efd-4253-a4db-b287ef10f323" />
    <UnitTestResult executionId="1771bea2-98d8-47dc-9d17-80c7246fb9ae" testId="97c96922-5169-8a4b-ec79-8c51fbb945f4" testName="FormatToStringTest1000(39314.52353688401d,&quot;39314.52 zł&quot;)" computerName="DESKTOP-5URQ9PB" duration="00:00:00.0000190" startTime="2022-06-13T21:13:14.3352710+02:00" endTime="2022-06-13T21:13:14.3352897+02:00" testType="13cdc9d9-ddb5-4fa4-a97d-d965ccfc6d4b" outcome="Passed" testListId="8c84fa94-04c1-424b-9868-57a2d4851a1d" relativeResultsDirectory="1771bea2-98d8-47dc-9d17-80c7246fb9ae" />
    <UnitTestResult executionId="ca66411b-f3d3-4b4d-8280-e60a5cfa58a5" testId="386c80c9-6738-6119-052a-4c505d8f4e31" testName="FormatToStringTest1000(9867.823212210007d,&quot;9867.82 zł&quot;)" computerName="DESKTOP-5URQ9PB" duration="00:00:00.0000360" startTime="2022-06-13T21:13:14.3181335+02:00" endTime="2022-06-13T21:13:14.3181697+02:00" testType="13cdc9d9-ddb5-4fa4-a97d-d965ccfc6d4b" outcome="Passed" testListId="8c84fa94-04c1-424b-9868-57a2d4851a1d" relativeResultsDirectory="ca66411b-f3d3-4b4d-8280-e60a5cfa58a5" />
    <UnitTestResult executionId="b069b420-f2d1-44e8-bdd2-0c5e30d0c943" testId="b7f6b02b-7701-48a7-6ef3-dc8df7e50575" testName="FormatToStringTest1000(40889.35187774214d,&quot;40889.35 zł&quot;)" computerName="DESKTOP-5URQ9PB" duration="00:00:00.0000180" startTime="2022-06-13T21:13:14.3371565+02:00" endTime="2022-06-13T21:13:14.3371741+02:00" testType="13cdc9d9-ddb5-4fa4-a97d-d965ccfc6d4b" outcome="Passed" testListId="8c84fa94-04c1-424b-9868-57a2d4851a1d" relativeResultsDirectory="b069b420-f2d1-44e8-bdd2-0c5e30d0c943" />
    <UnitTestResult executionId="5758bc3e-0d5f-4a8f-a8d3-f75ef12f24c1" testId="4f1f0a63-e0be-64e6-2c9f-87d58c623ce7" testName="FormatToStringTest1000(9750.134289915735d,&quot;9750.13 zł&quot;)" computerName="DESKTOP-5URQ9PB" duration="00:00:00.0000190" startTime="2022-06-13T21:13:14.3354447+02:00" endTime="2022-06-13T21:13:14.3354634+02:00" testType="13cdc9d9-ddb5-4fa4-a97d-d965ccfc6d4b" outcome="Passed" testListId="8c84fa94-04c1-424b-9868-57a2d4851a1d" relativeResultsDirectory="5758bc3e-0d5f-4a8f-a8d3-f75ef12f24c1" />
    <UnitTestResult executionId="ccc3b4c8-f863-49c8-9048-95da3f37fb19" testId="19843874-c731-8a36-a21a-27e85d4f5a57" testName="FormatToStringTest1000(20012.898273490322d,&quot;20012.90 zł&quot;)" computerName="DESKTOP-5URQ9PB" duration="00:00:00.0000220" startTime="2022-06-13T21:13:14.3242207+02:00" endTime="2022-06-13T21:13:14.3242427+02:00" testType="13cdc9d9-ddb5-4fa4-a97d-d965ccfc6d4b" outcome="Passed" testListId="8c84fa94-04c1-424b-9868-57a2d4851a1d" relativeResultsDirectory="ccc3b4c8-f863-49c8-9048-95da3f37fb19" />
    <UnitTestResult executionId="993e6527-5ae3-475c-9025-ff5f05d86836" testId="adedbc1e-8d02-07f8-2158-2d31b0c1df72" testName="FormatToStringTest1000(55457.96873490278d,&quot;55457.97 zł&quot;)" computerName="DESKTOP-5URQ9PB" duration="00:00:00.0000190" startTime="2022-06-13T21:13:14.3347462+02:00" endTime="2022-06-13T21:13:14.3347646+02:00" testType="13cdc9d9-ddb5-4fa4-a97d-d965ccfc6d4b" outcome="Passed" testListId="8c84fa94-04c1-424b-9868-57a2d4851a1d" relativeResultsDirectory="993e6527-5ae3-475c-9025-ff5f05d86836" />
    <UnitTestResult executionId="2c13de5a-da9d-4561-97f8-024e797dfd9b" testId="9f2dc98f-6aa2-694c-8819-9ccfd93e4fc8" testName="FormatToStringTest1000(1669.555150571072d,&quot;1669.56 zł&quot;)" computerName="DESKTOP-5URQ9PB" duration="00:00:00.0000180" startTime="2022-06-13T21:13:14.3407010+02:00" endTime="2022-06-13T21:13:14.3407191+02:00" testType="13cdc9d9-ddb5-4fa4-a97d-d965ccfc6d4b" outcome="Passed" testListId="8c84fa94-04c1-424b-9868-57a2d4851a1d" relativeResultsDirectory="2c13de5a-da9d-4561-97f8-024e797dfd9b" />
    <UnitTestResult executionId="edb8e35e-781d-49ce-bd26-d2dd1002a8cb" testId="ebee2a3c-e88d-7c65-2391-8d47991a3a48" testName="FormatToStringTest1000(31799.68317462815d,&quot;31799.68 zł&quot;)" computerName="DESKTOP-5URQ9PB" duration="00:00:00.0000180" startTime="2022-06-13T21:13:14.3315683+02:00" endTime="2022-06-13T21:13:14.3315862+02:00" testType="13cdc9d9-ddb5-4fa4-a97d-d965ccfc6d4b" outcome="Passed" testListId="8c84fa94-04c1-424b-9868-57a2d4851a1d" relativeResultsDirectory="edb8e35e-781d-49ce-bd26-d2dd1002a8cb" />
    <UnitTestResult executionId="f40e05b1-ef33-4d46-a6a8-1c3c7fab7b11" testId="4d3ac1b1-3fbf-8e2e-a5b3-6011afbd1d48" testName="FormatToStringTest1000(1751.7703038522834d,&quot;1751.77 zł&quot;)" computerName="DESKTOP-5URQ9PB" duration="00:00:00.0000210" startTime="2022-06-13T21:13:14.3295221+02:00" endTime="2022-06-13T21:13:14.3295430+02:00" testType="13cdc9d9-ddb5-4fa4-a97d-d965ccfc6d4b" outcome="Passed" testListId="8c84fa94-04c1-424b-9868-57a2d4851a1d" relativeResultsDirectory="f40e05b1-ef33-4d46-a6a8-1c3c7fab7b11" />
    <UnitTestResult executionId="3825a3f8-1b6f-4900-b44b-6002f899ae89" testId="7a0e454f-7db2-d7d6-0df6-561708317bba" testName="FormatToStringTest1000(20116.958341299072d,&quot;20116.96 zł&quot;)" computerName="DESKTOP-5URQ9PB" duration="00:00:00.0000190" startTime="2022-06-13T21:13:14.3345448+02:00" endTime="2022-06-13T21:13:14.3345636+02:00" testType="13cdc9d9-ddb5-4fa4-a97d-d965ccfc6d4b" outcome="Passed" testListId="8c84fa94-04c1-424b-9868-57a2d4851a1d" relativeResultsDirectory="3825a3f8-1b6f-4900-b44b-6002f899ae89" />
    <UnitTestResult executionId="5c099a7b-0aa3-47eb-9021-95f798dac7ad" testId="4191e320-5572-4ed4-213f-949531d6a246" testName="FormatToStringTest1000(20237.28532723723d,&quot;20237.29 zł&quot;)" computerName="DESKTOP-5URQ9PB" duration="00:00:00.0000190" startTime="2022-06-13T21:13:14.3290583+02:00" endTime="2022-06-13T21:13:14.3290771+02:00" testType="13cdc9d9-ddb5-4fa4-a97d-d965ccfc6d4b" outcome="Passed" testListId="8c84fa94-04c1-424b-9868-57a2d4851a1d" relativeResultsDirectory="5c099a7b-0aa3-47eb-9021-95f798dac7ad" />
    <UnitTestResult executionId="dc7eda60-a49d-457a-b0c4-def191ec36f9" testId="79aa3047-78e8-7f3b-b717-0010e3a4cd51" testName="FormatToStringTest1000(32821.05661472215d,&quot;32821.06 zł&quot;)" computerName="DESKTOP-5URQ9PB" duration="00:00:00.0000180" startTime="2022-06-13T21:13:14.3341350+02:00" endTime="2022-06-13T21:13:14.3341531+02:00" testType="13cdc9d9-ddb5-4fa4-a97d-d965ccfc6d4b" outcome="Passed" testListId="8c84fa94-04c1-424b-9868-57a2d4851a1d" relativeResultsDirectory="dc7eda60-a49d-457a-b0c4-def191ec36f9" />
    <UnitTestResult executionId="d23fa1ef-45d1-4e42-909d-868c8c7081ac" testId="7d45d5f5-3a25-9a87-e687-4dc975c05da1" testName="FormatToStringTest1000(41873.517751020154d,&quot;41873.52 zł&quot;)" computerName="DESKTOP-5URQ9PB" duration="00:00:00.0000210" startTime="2022-06-13T21:13:14.3458317+02:00" endTime="2022-06-13T21:13:14.3458527+02:00" testType="13cdc9d9-ddb5-4fa4-a97d-d965ccfc6d4b" outcome="Passed" testListId="8c84fa94-04c1-424b-9868-57a2d4851a1d" relativeResultsDirectory="d23fa1ef-45d1-4e42-909d-868c8c7081ac" />
    <UnitTestResult executionId="bd0d1162-f752-4e68-a134-80d0459d5f4f" testId="943e674e-9656-f2f6-06a7-f12c38d1347c" testName="FormatToStringTest1000(8697.074631143862d,&quot;8697.07 zł&quot;)" computerName="DESKTOP-5URQ9PB" duration="00:00:00.0000190" startTime="2022-06-13T21:13:14.3266379+02:00" endTime="2022-06-13T21:13:14.3266565+02:00" testType="13cdc9d9-ddb5-4fa4-a97d-d965ccfc6d4b" outcome="Passed" testListId="8c84fa94-04c1-424b-9868-57a2d4851a1d" relativeResultsDirectory="bd0d1162-f752-4e68-a134-80d0459d5f4f" />
    <UnitTestResult executionId="d5c06a3f-4dc9-426c-b3e9-52e17d01b597" testId="be4aa60a-fec3-fdce-8c70-46ec82a2fec7" testName="FormatToStringTest1000(44677.61946778074d,&quot;44677.62 zł&quot;)" computerName="DESKTOP-5URQ9PB" duration="00:00:00.0000190" startTime="2022-06-13T21:13:14.3237591+02:00" endTime="2022-06-13T21:13:14.3237776+02:00" testType="13cdc9d9-ddb5-4fa4-a97d-d965ccfc6d4b" outcome="Passed" testListId="8c84fa94-04c1-424b-9868-57a2d4851a1d" relativeResultsDirectory="d5c06a3f-4dc9-426c-b3e9-52e17d01b597" />
    <UnitTestResult executionId="f7d82d37-b011-4622-8edb-43346d7a98a2" testId="c2d4c482-09cf-e240-a7e7-520d6f5ce617" testName="FormatToStringTest1000(18340.935049000167d,&quot;18340.94 zł&quot;)" computerName="DESKTOP-5URQ9PB" duration="00:00:00.0000190" startTime="2022-06-13T21:13:14.3222081+02:00" endTime="2022-06-13T21:13:14.3222268+02:00" testType="13cdc9d9-ddb5-4fa4-a97d-d965ccfc6d4b" outcome="Passed" testListId="8c84fa94-04c1-424b-9868-57a2d4851a1d" relativeResultsDirectory="f7d82d37-b011-4622-8edb-43346d7a98a2" />
    <UnitTestResult executionId="38bb4b2a-934e-4bbe-86bd-f1a818c80efc" testId="f2fa6d2d-1c35-dcc0-50da-39045d7858e4" testName="FormatToStringTest1000(7458.609645228652d,&quot;7458.61 zł&quot;)" computerName="DESKTOP-5URQ9PB" duration="00:00:00.0000190" startTime="2022-06-13T21:13:14.3166538+02:00" endTime="2022-06-13T21:13:14.3166726+02:00" testType="13cdc9d9-ddb5-4fa4-a97d-d965ccfc6d4b" outcome="Passed" testListId="8c84fa94-04c1-424b-9868-57a2d4851a1d" relativeResultsDirectory="38bb4b2a-934e-4bbe-86bd-f1a818c80efc" />
    <UnitTestResult executionId="f61966e6-1d29-4e49-9c20-9db1a6a04e66" testId="719fd87e-be7b-b92c-8926-a4bddcef0244" testName="FormatToStringTest1000(7407.385606687696d,&quot;7407.39 zł&quot;)" computerName="DESKTOP-5URQ9PB" duration="00:00:00.0000190" startTime="2022-06-13T21:13:14.3318895+02:00" endTime="2022-06-13T21:13:14.3319083+02:00" testType="13cdc9d9-ddb5-4fa4-a97d-d965ccfc6d4b" outcome="Passed" testListId="8c84fa94-04c1-424b-9868-57a2d4851a1d" relativeResultsDirectory="f61966e6-1d29-4e49-9c20-9db1a6a04e66" />
    <UnitTestResult executionId="05a31331-7194-445f-8db5-b6cf51f96ad2" testId="faa22825-903a-641b-03f7-ccff8cccfbb2" testName="FormatToStringTest1000(10762.501695533518d,&quot;10762.50 zł&quot;)" computerName="DESKTOP-5URQ9PB" duration="00:00:00.0000190" startTime="2022-06-13T21:13:14.3341099+02:00" endTime="2022-06-13T21:13:14.3341288+02:00" testType="13cdc9d9-ddb5-4fa4-a97d-d965ccfc6d4b" outcome="Passed" testListId="8c84fa94-04c1-424b-9868-57a2d4851a1d" relativeResultsDirectory="05a31331-7194-445f-8db5-b6cf51f96ad2" />
    <UnitTestResult executionId="047d5a7f-5d40-4ced-addb-4e59c5ea0327" testId="f6401660-be6e-6eb8-4af7-4a88425589c4" testName="FormatToStringTest1000(20454.142628653506d,&quot;20454.14 zł&quot;)" computerName="DESKTOP-5URQ9PB" duration="00:00:00.0000180" startTime="2022-06-13T21:13:14.3253752+02:00" endTime="2022-06-13T21:13:14.3253934+02:00" testType="13cdc9d9-ddb5-4fa4-a97d-d965ccfc6d4b" outcome="Passed" testListId="8c84fa94-04c1-424b-9868-57a2d4851a1d" relativeResultsDirectory="047d5a7f-5d40-4ced-addb-4e59c5ea0327" />
    <UnitTestResult executionId="b070a325-7a05-4adb-86a2-2f9b0ad1d1e8" testId="04b5ae4a-9995-af19-61fb-019921680928" testName="FormatToStringTest1000(26162.532683261918d,&quot;26162.53 zł&quot;)" computerName="DESKTOP-5URQ9PB" duration="00:00:00.0000180" startTime="2022-06-13T21:13:14.3381540+02:00" endTime="2022-06-13T21:13:14.3381722+02:00" testType="13cdc9d9-ddb5-4fa4-a97d-d965ccfc6d4b" outcome="Passed" testListId="8c84fa94-04c1-424b-9868-57a2d4851a1d" relativeResultsDirectory="b070a325-7a05-4adb-86a2-2f9b0ad1d1e8" />
    <UnitTestResult executionId="547b6b92-a719-49e4-a3b6-496a875289a0" testId="580ab2d5-6b28-ec61-9de4-466295a56551" testName="FormatToStringTest1000(22459.530444447664d,&quot;22459.53 zł&quot;)" computerName="DESKTOP-5URQ9PB" duration="00:00:00.0000180" startTime="2022-06-13T21:13:14.3290832+02:00" endTime="2022-06-13T21:13:14.3291013+02:00" testType="13cdc9d9-ddb5-4fa4-a97d-d965ccfc6d4b" outcome="Passed" testListId="8c84fa94-04c1-424b-9868-57a2d4851a1d" relativeResultsDirectory="547b6b92-a719-49e4-a3b6-496a875289a0" />
    <UnitTestResult executionId="1c69c22b-cfc7-4493-884c-596b9b936c2f" testId="c0986095-fb5a-1e8a-a8d8-e6dfbaed61c5" testName="FormatToStringTest1000(15742.409864349947d,&quot;15742.41 zł&quot;)" computerName="DESKTOP-5URQ9PB" duration="00:00:00.0000180" startTime="2022-06-13T21:13:14.3317417+02:00" endTime="2022-06-13T21:13:14.3317596+02:00" testType="13cdc9d9-ddb5-4fa4-a97d-d965ccfc6d4b" outcome="Passed" testListId="8c84fa94-04c1-424b-9868-57a2d4851a1d" relativeResultsDirectory="1c69c22b-cfc7-4493-884c-596b9b936c2f" />
    <UnitTestResult executionId="251bce61-42f3-42ed-b065-fadd0edb69c9" testId="217115b6-0d47-12a1-e34e-67f742ff910b" testName="FormatToStringTest1000(26945.125386551546d,&quot;26945.13 zł&quot;)" computerName="DESKTOP-5URQ9PB" duration="00:00:00.0000260" startTime="2022-06-13T21:13:14.3199961+02:00" endTime="2022-06-13T21:13:14.3200224+02:00" testType="13cdc9d9-ddb5-4fa4-a97d-d965ccfc6d4b" outcome="Passed" testListId="8c84fa94-04c1-424b-9868-57a2d4851a1d" relativeResultsDirectory="251bce61-42f3-42ed-b065-fadd0edb69c9" />
    <UnitTestResult executionId="92d364d8-596b-4335-996e-0b3935686453" testId="99b9ef43-ae03-d550-aafb-7b6a0ec7c1ee" testName="FormatToStringTest1000(18032.4720825476d,&quot;18032.47 zł&quot;)" computerName="DESKTOP-5URQ9PB" duration="00:00:00.0000180" startTime="2022-06-13T21:13:14.3404035+02:00" endTime="2022-06-13T21:13:14.3404214+02:00" testType="13cdc9d9-ddb5-4fa4-a97d-d965ccfc6d4b" outcome="Passed" testListId="8c84fa94-04c1-424b-9868-57a2d4851a1d" relativeResultsDirectory="92d364d8-596b-4335-996e-0b3935686453" />
    <UnitTestResult executionId="3dd4766f-81d0-4aa5-93e1-43882d4828d9" testId="f0cd9acd-b821-1b3b-6a4a-691c6f1f639a" testName="FormatToStringTest1000(464.74397441965715d,&quot;464.74 zł&quot;)" computerName="DESKTOP-5URQ9PB" duration="00:00:00.0000190" startTime="2022-06-13T21:13:14.3299001+02:00" endTime="2022-06-13T21:13:14.3299188+02:00" testType="13cdc9d9-ddb5-4fa4-a97d-d965ccfc6d4b" outcome="Passed" testListId="8c84fa94-04c1-424b-9868-57a2d4851a1d" relativeResultsDirectory="3dd4766f-81d0-4aa5-93e1-43882d4828d9" />
    <UnitTestResult executionId="6f2603d8-f664-46ec-a815-47be5f13da69" testId="bed158c1-cdea-cb2e-72de-fac3c7fdb2c8" testName="FormatToStringTest1000(14867.726341984107d,&quot;14867.73 zł&quot;)" computerName="DESKTOP-5URQ9PB" duration="00:00:00.0000180" startTime="2022-06-13T21:13:14.3326659+02:00" endTime="2022-06-13T21:13:14.3326838+02:00" testType="13cdc9d9-ddb5-4fa4-a97d-d965ccfc6d4b" outcome="Passed" testListId="8c84fa94-04c1-424b-9868-57a2d4851a1d" relativeResultsDirectory="6f2603d8-f664-46ec-a815-47be5f13da69" />
    <UnitTestResult executionId="0d4b07a4-a7bb-42e2-aeab-bafac37c389f" testId="165a8b6f-de27-26f0-6a14-cdb34a40f4c2" testName="FormatToStringTest1000(30807.823896702295d,&quot;30807.82 zł&quot;)" computerName="DESKTOP-5URQ9PB" duration="00:00:00.0000180" startTime="2022-06-13T21:13:14.3360873+02:00" endTime="2022-06-13T21:13:14.3361055+02:00" testType="13cdc9d9-ddb5-4fa4-a97d-d965ccfc6d4b" outcome="Passed" testListId="8c84fa94-04c1-424b-9868-57a2d4851a1d" relativeResultsDirectory="0d4b07a4-a7bb-42e2-aeab-bafac37c389f" />
    <UnitTestResult executionId="bf4bd001-bd7e-450e-a095-60735dd8bb86" testId="d15cb58b-9b62-cb4e-439e-72757eabb197" testName="FormatToStringTest1000(7753.724411372898d,&quot;7753.72 zł&quot;)" computerName="DESKTOP-5URQ9PB" duration="00:00:00.0000280" startTime="2022-06-13T21:13:14.3195467+02:00" endTime="2022-06-13T21:13:14.3195740+02:00" testType="13cdc9d9-ddb5-4fa4-a97d-d965ccfc6d4b" outcome="Passed" testListId="8c84fa94-04c1-424b-9868-57a2d4851a1d" relativeResultsDirectory="bf4bd001-bd7e-450e-a095-60735dd8bb86" />
    <UnitTestResult executionId="c15fdbf3-ca1c-44b7-a4cc-9f42e394fc17" testId="f0622268-a7b0-73db-dcaa-b07ea595271b" testName="FormatToStringTest1000(4812.162927013898d,&quot;4812.16 zł&quot;)" computerName="DESKTOP-5URQ9PB" duration="00:00:00.0000190" startTime="2022-06-13T21:13:14.3244691+02:00" endTime="2022-06-13T21:13:14.3244877+02:00" testType="13cdc9d9-ddb5-4fa4-a97d-d965ccfc6d4b" outcome="Passed" testListId="8c84fa94-04c1-424b-9868-57a2d4851a1d" relativeResultsDirectory="c15fdbf3-ca1c-44b7-a4cc-9f42e394fc17" />
    <UnitTestResult executionId="af1cf9ea-4b3a-4e1f-9e1f-27de11835d97" testId="faf63bba-5452-3836-a95e-2474023d45ad" testName="FormatToStringTest1000(40913.016669489916d,&quot;40913.02 zł&quot;)" computerName="DESKTOP-5URQ9PB" duration="00:00:00.0000230" startTime="2022-06-13T21:13:14.3392348+02:00" endTime="2022-06-13T21:13:14.3392577+02:00" testType="13cdc9d9-ddb5-4fa4-a97d-d965ccfc6d4b" outcome="Passed" testListId="8c84fa94-04c1-424b-9868-57a2d4851a1d" relativeResultsDirectory="af1cf9ea-4b3a-4e1f-9e1f-27de11835d97" />
    <UnitTestResult executionId="902c55b2-0404-49b7-b82f-e73483d424d4" testId="3cf165e2-4de9-3079-4fb7-1ca2dade8ab8" testName="FormatToStringTest1000(51300.77891898145d,&quot;51300.78 zł&quot;)" computerName="DESKTOP-5URQ9PB" duration="00:00:00.0000190" startTime="2022-06-13T21:13:14.3320630+02:00" endTime="2022-06-13T21:13:14.3320819+02:00" testType="13cdc9d9-ddb5-4fa4-a97d-d965ccfc6d4b" outcome="Passed" testListId="8c84fa94-04c1-424b-9868-57a2d4851a1d" relativeResultsDirectory="902c55b2-0404-49b7-b82f-e73483d424d4" />
    <UnitTestResult executionId="57e83861-b9b8-4c54-a5c1-425828ead128" testId="bf1576c7-03bd-feeb-bbbd-0a36863eaddc" testName="FormatToStringTest1000(28502.61128259758d,&quot;28502.61 zł&quot;)" computerName="DESKTOP-5URQ9PB" duration="00:00:00.0000310" startTime="2022-06-13T21:13:14.3167792+02:00" endTime="2022-06-13T21:13:14.3168097+02:00" testType="13cdc9d9-ddb5-4fa4-a97d-d965ccfc6d4b" outcome="Passed" testListId="8c84fa94-04c1-424b-9868-57a2d4851a1d" relativeResultsDirectory="57e83861-b9b8-4c54-a5c1-425828ead128" />
    <UnitTestResult executionId="6d6395e1-4e63-419a-bad3-87b655e17688" testId="0f34bf53-f1cd-8615-6e75-51f26224ccf1" testName="FormatToStringTest1000(37387.37521261972d,&quot;37387.38 zł&quot;)" computerName="DESKTOP-5URQ9PB" duration="00:00:00.0000190" startTime="2022-06-13T21:13:14.3351173+02:00" endTime="2022-06-13T21:13:14.3351360+02:00" testType="13cdc9d9-ddb5-4fa4-a97d-d965ccfc6d4b" outcome="Passed" testListId="8c84fa94-04c1-424b-9868-57a2d4851a1d" relativeResultsDirectory="6d6395e1-4e63-419a-bad3-87b655e17688" />
    <UnitTestResult executionId="f575cc7a-e1d7-47fb-83d3-1170506585db" testId="3436028f-e5c2-d0e3-5f92-c1e23c8a73cc" testName="FormatToStringTest1000(7715.904444139406d,&quot;7715.90 zł&quot;)" computerName="DESKTOP-5URQ9PB" duration="00:00:00.0000180" startTime="2022-06-13T21:13:14.3291620+02:00" endTime="2022-06-13T21:13:14.3291794+02:00" testType="13cdc9d9-ddb5-4fa4-a97d-d965ccfc6d4b" outcome="Passed" testListId="8c84fa94-04c1-424b-9868-57a2d4851a1d" relativeResultsDirectory="f575cc7a-e1d7-47fb-83d3-1170506585db" />
    <UnitTestResult executionId="d2da3b36-30bf-4d89-a9fe-ec9f30018e3d" testId="e46dbe14-100d-b571-9fb5-196347dd96ac" testName="FormatToStringTest1000(64490.52771614982d,&quot;64490.53 zł&quot;)" computerName="DESKTOP-5URQ9PB" duration="00:00:00.0000190" startTime="2022-06-13T21:13:14.3279048+02:00" endTime="2022-06-13T21:13:14.3279234+02:00" testType="13cdc9d9-ddb5-4fa4-a97d-d965ccfc6d4b" outcome="Passed" testListId="8c84fa94-04c1-424b-9868-57a2d4851a1d" relativeResultsDirectory="d2da3b36-30bf-4d89-a9fe-ec9f30018e3d" />
    <UnitTestResult executionId="5d03f4bf-892f-4c56-b561-648931c3ce9e" testId="4d634782-9db9-e8af-a18d-f1e4c45e4686" testName="FormatToStringTest1000(941.429400278921d,&quot;941.43 zł&quot;)" computerName="DESKTOP-5URQ9PB" duration="00:00:00.0000180" startTime="2022-06-13T21:13:14.3260996+02:00" endTime="2022-06-13T21:13:14.3261176+02:00" testType="13cdc9d9-ddb5-4fa4-a97d-d965ccfc6d4b" outcome="Passed" testListId="8c84fa94-04c1-424b-9868-57a2d4851a1d" relativeResultsDirectory="5d03f4bf-892f-4c56-b561-648931c3ce9e" />
    <UnitTestResult executionId="d92e072b-e6b3-4e9b-aa88-fc0564e4e65c" testId="1382f86b-6464-d2a1-e722-0841d0b65336" testName="FormatToStringTest1000(17090.629587323234d,&quot;17090.63 zł&quot;)" computerName="DESKTOP-5URQ9PB" duration="00:00:00.0000190" startTime="2022-06-13T21:13:14.3253013+02:00" endTime="2022-06-13T21:13:14.3253199+02:00" testType="13cdc9d9-ddb5-4fa4-a97d-d965ccfc6d4b" outcome="Passed" testListId="8c84fa94-04c1-424b-9868-57a2d4851a1d" relativeResultsDirectory="d92e072b-e6b3-4e9b-aa88-fc0564e4e65c" />
    <UnitTestResult executionId="e9ad5970-896d-41bd-aac3-6f8ed766885c" testId="6b24d61a-9019-1031-1c97-d03508d4eb29" testName="FormatToStringTest1000(5759.256266560991d,&quot;5759.26 zł&quot;)" computerName="DESKTOP-5URQ9PB" duration="00:00:00.0000180" startTime="2022-06-13T21:13:14.3305533+02:00" endTime="2022-06-13T21:13:14.3305712+02:00" testType="13cdc9d9-ddb5-4fa4-a97d-d965ccfc6d4b" outcome="Passed" testListId="8c84fa94-04c1-424b-9868-57a2d4851a1d" relativeResultsDirectory="e9ad5970-896d-41bd-aac3-6f8ed766885c" />
    <UnitTestResult executionId="faa597fe-c00c-458d-a119-806654298a7d" testId="610f0902-3657-5dff-20ec-353a29cbd7c4" testName="FormatToStringTest1000(13206.129467931636d,&quot;13206.13 zł&quot;)" computerName="DESKTOP-5URQ9PB" duration="00:00:00.0000190" startTime="2022-06-13T21:13:14.3333359+02:00" endTime="2022-06-13T21:13:14.3333549+02:00" testType="13cdc9d9-ddb5-4fa4-a97d-d965ccfc6d4b" outcome="Passed" testListId="8c84fa94-04c1-424b-9868-57a2d4851a1d" relativeResultsDirectory="faa597fe-c00c-458d-a119-806654298a7d" />
    <UnitTestResult executionId="91341031-04bc-42ce-bff9-b5810cbd1d26" testId="d70b3095-42f0-132e-cf11-a2a412d875fc" testName="FormatToStringTest1000(37614.50159416278d,&quot;37614.50 zł&quot;)" computerName="DESKTOP-5URQ9PB" duration="00:00:00.0000180" startTime="2022-06-13T21:13:14.3411161+02:00" endTime="2022-06-13T21:13:14.3411339+02:00" testType="13cdc9d9-ddb5-4fa4-a97d-d965ccfc6d4b" outcome="Passed" testListId="8c84fa94-04c1-424b-9868-57a2d4851a1d" relativeResultsDirectory="91341031-04bc-42ce-bff9-b5810cbd1d26" />
    <UnitTestResult executionId="1d1236ee-9265-4349-8636-51cfd4cbda58" testId="2067c239-a69d-2f34-aeac-53cb55316cbb" testName="FormatToStringTest1000(2423.6182769712145d,&quot;2423.62 zł&quot;)" computerName="DESKTOP-5URQ9PB" duration="00:00:00.0000190" startTime="2022-06-13T21:13:14.3328622+02:00" endTime="2022-06-13T21:13:14.3328810+02:00" testType="13cdc9d9-ddb5-4fa4-a97d-d965ccfc6d4b" outcome="Passed" testListId="8c84fa94-04c1-424b-9868-57a2d4851a1d" relativeResultsDirectory="1d1236ee-9265-4349-8636-51cfd4cbda58" />
    <UnitTestResult executionId="5098c956-8500-4c34-b985-d734f3d94d52" testId="29116375-ac95-4d53-91ed-53d27bf037c6" testName="FormatToStringTest1000(33251.41907856028d,&quot;33251.42 zł&quot;)" computerName="DESKTOP-5URQ9PB" duration="00:00:00.0000300" startTime="2022-06-13T21:13:14.3200312+02:00" endTime="2022-06-13T21:13:14.3200608+02:00" testType="13cdc9d9-ddb5-4fa4-a97d-d965ccfc6d4b" outcome="Passed" testListId="8c84fa94-04c1-424b-9868-57a2d4851a1d" relativeResultsDirectory="5098c956-8500-4c34-b985-d734f3d94d52" />
    <UnitTestResult executionId="4bb209b1-0c8b-4fd9-8c6b-d72886704f26" testId="f86161bd-f5ff-e739-8561-c83ff6f0d4a9" testName="FormatToStringTest1000(13046.352146307172d,&quot;13046.35 zł&quot;)" computerName="DESKTOP-5URQ9PB" duration="00:00:00.0000190" startTime="2022-06-13T21:13:14.3403541+02:00" endTime="2022-06-13T21:13:14.3403725+02:00" testType="13cdc9d9-ddb5-4fa4-a97d-d965ccfc6d4b" outcome="Passed" testListId="8c84fa94-04c1-424b-9868-57a2d4851a1d" relativeResultsDirectory="4bb209b1-0c8b-4fd9-8c6b-d72886704f26" />
    <UnitTestResult executionId="03ca3e87-1020-4031-89fa-7e4e9624a3d3" testId="d61bc42f-9488-4952-fc35-4acf2d69a35a" testName="FormatToStringTest1000(7671.0039663785155d,&quot;7671.00 zł&quot;)" computerName="DESKTOP-5URQ9PB" duration="00:00:00.0000190" startTime="2022-06-13T21:13:14.3369065+02:00" endTime="2022-06-13T21:13:14.3369255+02:00" testType="13cdc9d9-ddb5-4fa4-a97d-d965ccfc6d4b" outcome="Passed" testListId="8c84fa94-04c1-424b-9868-57a2d4851a1d" relativeResultsDirectory="03ca3e87-1020-4031-89fa-7e4e9624a3d3" />
    <UnitTestResult executionId="2e9d0aef-b99f-4771-894f-78a2ec05e3fd" testId="bc811ad8-c7b9-9df7-0d3d-56b12c4539e2" testName="FormatToStringTest1000(2897.9775426620513d,&quot;2897.98 zł&quot;)" computerName="DESKTOP-5URQ9PB" duration="00:00:00.0000180" startTime="2022-06-13T21:13:14.3358415+02:00" endTime="2022-06-13T21:13:14.3358592+02:00" testType="13cdc9d9-ddb5-4fa4-a97d-d965ccfc6d4b" outcome="Passed" testListId="8c84fa94-04c1-424b-9868-57a2d4851a1d" relativeResultsDirectory="2e9d0aef-b99f-4771-894f-78a2ec05e3fd" />
    <UnitTestResult executionId="1699b384-30a9-4013-8b7b-022b1062979b" testId="75afa51d-4efe-ca98-69aa-dcba7171c9c1" testName="FormatToStringTest1000(6313.543884690639d,&quot;6313.54 zł&quot;)" computerName="DESKTOP-5URQ9PB" duration="00:00:00.0000190" startTime="2022-06-13T21:13:14.3280760+02:00" endTime="2022-06-13T21:13:14.3280947+02:00" testType="13cdc9d9-ddb5-4fa4-a97d-d965ccfc6d4b" outcome="Passed" testListId="8c84fa94-04c1-424b-9868-57a2d4851a1d" relativeResultsDirectory="1699b384-30a9-4013-8b7b-022b1062979b" />
    <UnitTestResult executionId="229b8be9-84bf-441d-9df8-5222a3352cf8" testId="3de5845a-c4ac-d187-6027-553f442e3ad2" testName="FormatToStringTest1000(79973.08417819678d,&quot;79973.08 zł&quot;)" computerName="DESKTOP-5URQ9PB" duration="00:00:00.0000190" startTime="2022-06-13T21:13:14.3154945+02:00" endTime="2022-06-13T21:13:14.3155132+02:00" testType="13cdc9d9-ddb5-4fa4-a97d-d965ccfc6d4b" outcome="Passed" testListId="8c84fa94-04c1-424b-9868-57a2d4851a1d" relativeResultsDirectory="229b8be9-84bf-441d-9df8-5222a3352cf8" />
    <UnitTestResult executionId="9c0f984b-ff53-483b-9fcb-368011451d37" testId="2782a3f6-bb08-acfe-bfab-49ee7d2fdbfa" testName="FormatToStringTest1000(27187.549022783314d,&quot;27187.55 zł&quot;)" computerName="DESKTOP-5URQ9PB" duration="00:00:00.0000190" startTime="2022-06-13T21:13:14.3294633+02:00" endTime="2022-06-13T21:13:14.3294818+02:00" testType="13cdc9d9-ddb5-4fa4-a97d-d965ccfc6d4b" outcome="Passed" testListId="8c84fa94-04c1-424b-9868-57a2d4851a1d" relativeResultsDirectory="9c0f984b-ff53-483b-9fcb-368011451d37" />
    <UnitTestResult executionId="6072511b-8e12-4f74-bd40-626fe651e523" testId="752f584a-0205-5811-1575-29e94681480b" testName="FormatToStringTest1000(46391.661094229516d,&quot;46391.66 zł&quot;)" computerName="DESKTOP-5URQ9PB" duration="00:00:00.0000190" startTime="2022-06-13T21:13:14.3377518+02:00" endTime="2022-06-13T21:13:14.3377708+02:00" testType="13cdc9d9-ddb5-4fa4-a97d-d965ccfc6d4b" outcome="Passed" testListId="8c84fa94-04c1-424b-9868-57a2d4851a1d" relativeResultsDirectory="6072511b-8e12-4f74-bd40-626fe651e523" />
    <UnitTestResult executionId="dcf67f19-d2e3-4302-8240-708823b02ee1" testId="d2a2118e-f836-73de-010f-9e6a0f9038b3" testName="FormatToStringTest1000(16161.963229990548d,&quot;16161.96 zł&quot;)" computerName="DESKTOP-5URQ9PB" duration="00:00:00.0000190" startTime="2022-06-13T21:13:14.3349217+02:00" endTime="2022-06-13T21:13:14.3349401+02:00" testType="13cdc9d9-ddb5-4fa4-a97d-d965ccfc6d4b" outcome="Passed" testListId="8c84fa94-04c1-424b-9868-57a2d4851a1d" relativeResultsDirectory="dcf67f19-d2e3-4302-8240-708823b02ee1" />
    <UnitTestResult executionId="b53bf9c4-59da-4e1d-a3f8-6441256178f1" testId="edd8698a-89a8-0a11-5f44-5d3f526abc13" testName="FormatToStringTest1000(3043.6828298227315d,&quot;3043.68 zł&quot;)" computerName="DESKTOP-5URQ9PB" duration="00:00:00.0000180" startTime="2022-06-13T21:13:14.3422913+02:00" endTime="2022-06-13T21:13:14.3423092+02:00" testType="13cdc9d9-ddb5-4fa4-a97d-d965ccfc6d4b" outcome="Passed" testListId="8c84fa94-04c1-424b-9868-57a2d4851a1d" relativeResultsDirectory="b53bf9c4-59da-4e1d-a3f8-6441256178f1" />
    <UnitTestResult executionId="f999dbba-f2e5-40f1-882b-26edea9ae868" testId="c2208323-1f95-b32c-0530-4ad682605720" testName="FormatToStringTest1000(96022.24851977557d,&quot;96022.25 zł&quot;)" computerName="DESKTOP-5URQ9PB" duration="00:00:00.0000180" startTime="2022-06-13T21:13:14.3356717+02:00" endTime="2022-06-13T21:13:14.3356897+02:00" testType="13cdc9d9-ddb5-4fa4-a97d-d965ccfc6d4b" outcome="Passed" testListId="8c84fa94-04c1-424b-9868-57a2d4851a1d" relativeResultsDirectory="f999dbba-f2e5-40f1-882b-26edea9ae868" />
    <UnitTestResult executionId="ec60935d-fba5-4b26-98eb-73356a3467ca" testId="1eb4d4f7-74ca-78cd-f76d-cc295b6f3916" testName="FormatToStringTest1000(4116.417580192638d,&quot;4116.42 zł&quot;)" computerName="DESKTOP-5URQ9PB" duration="00:00:00.0000190" startTime="2022-06-13T21:13:14.3300992+02:00" endTime="2022-06-13T21:13:14.3301184+02:00" testType="13cdc9d9-ddb5-4fa4-a97d-d965ccfc6d4b" outcome="Passed" testListId="8c84fa94-04c1-424b-9868-57a2d4851a1d" relativeResultsDirectory="ec60935d-fba5-4b26-98eb-73356a3467ca" />
    <UnitTestResult executionId="f12a204c-21c3-4a72-8c1b-bf926626e9bd" testId="0a65341a-9de3-344f-781f-a38c0f56cbef" testName="FormatToStringTest1000(40545.70748620001d,&quot;40545.71 zł&quot;)" computerName="DESKTOP-5URQ9PB" duration="00:00:00.0000180" startTime="2022-06-13T21:13:14.3388119+02:00" endTime="2022-06-13T21:13:14.3388299+02:00" testType="13cdc9d9-ddb5-4fa4-a97d-d965ccfc6d4b" outcome="Passed" testListId="8c84fa94-04c1-424b-9868-57a2d4851a1d" relativeResultsDirectory="f12a204c-21c3-4a72-8c1b-bf926626e9bd" />
    <UnitTestResult executionId="8ce18ec7-0ff4-4c28-b24a-da73f9fd6f67" testId="32b6919d-1fc0-c669-26d4-2a969f5a55fe" testName="FormatToStringTest1000(14198.39903067723d,&quot;14198.40 zł&quot;)" computerName="DESKTOP-5URQ9PB" duration="00:00:00.0000190" startTime="2022-06-13T21:13:14.3409694+02:00" endTime="2022-06-13T21:13:14.3409881+02:00" testType="13cdc9d9-ddb5-4fa4-a97d-d965ccfc6d4b" outcome="Passed" testListId="8c84fa94-04c1-424b-9868-57a2d4851a1d" relativeResultsDirectory="8ce18ec7-0ff4-4c28-b24a-da73f9fd6f67" />
    <UnitTestResult executionId="72f07093-699f-4ec4-b8e3-d2255070d768" testId="c565182f-b75e-4a8b-1a2d-674dce2fa509" testName="FormatToStringTest1000(386.358918903097d,&quot;386.36 zł&quot;)" computerName="DESKTOP-5URQ9PB" duration="00:00:00.0000180" startTime="2022-06-13T21:13:14.3249047+02:00" endTime="2022-06-13T21:13:14.3249222+02:00" testType="13cdc9d9-ddb5-4fa4-a97d-d965ccfc6d4b" outcome="Passed" testListId="8c84fa94-04c1-424b-9868-57a2d4851a1d" relativeResultsDirectory="72f07093-699f-4ec4-b8e3-d2255070d768" />
    <UnitTestResult executionId="b1a12da8-17d7-43b9-9c60-ef60d47002ca" testId="b41bb231-beda-2963-85d3-5ce48fa4ac9e" testName="FormatToStringTest1000(6146.91236741278d,&quot;6146.91 zł&quot;)" computerName="DESKTOP-5URQ9PB" duration="00:00:00.0000180" startTime="2022-06-13T21:13:14.3408240+02:00" endTime="2022-06-13T21:13:14.3408417+02:00" testType="13cdc9d9-ddb5-4fa4-a97d-d965ccfc6d4b" outcome="Passed" testListId="8c84fa94-04c1-424b-9868-57a2d4851a1d" relativeResultsDirectory="b1a12da8-17d7-43b9-9c60-ef60d47002ca" />
    <UnitTestResult executionId="0f2d8aba-442b-4679-b011-47dd082fe7fa" testId="bd80c668-2405-22c1-740d-ec63dfd58306" testName="FormatToStringTest1000(28987.862854782896d,&quot;28987.86 zł&quot;)" computerName="DESKTOP-5URQ9PB" duration="00:00:00.0000220" startTime="2022-06-13T21:13:14.3372286+02:00" endTime="2022-06-13T21:13:14.3372506+02:00" testType="13cdc9d9-ddb5-4fa4-a97d-d965ccfc6d4b" outcome="Passed" testListId="8c84fa94-04c1-424b-9868-57a2d4851a1d" relativeResultsDirectory="0f2d8aba-442b-4679-b011-47dd082fe7fa" />
    <UnitTestResult executionId="00fff10a-4134-4266-885a-669046d05439" testId="ea9a1ed5-0813-906f-0ed6-0a192bf899e6" testName="FormatToStringTest1000(45299.778512198376d,&quot;45299.78 zł&quot;)" computerName="DESKTOP-5URQ9PB" duration="00:00:00.0000180" startTime="2022-06-13T21:13:14.3350445+02:00" endTime="2022-06-13T21:13:14.3350623+02:00" testType="13cdc9d9-ddb5-4fa4-a97d-d965ccfc6d4b" outcome="Passed" testListId="8c84fa94-04c1-424b-9868-57a2d4851a1d" relativeResultsDirectory="00fff10a-4134-4266-885a-669046d05439" />
    <UnitTestResult executionId="b86fe65d-11c1-4bdd-9129-f9311af9887b" testId="0f39fcee-dd2f-44a0-e35a-8e74fa0a37f5" testName="FormatToStringTest1000(47431.868885526375d,&quot;47431.87 zł&quot;)" computerName="DESKTOP-5URQ9PB" duration="00:00:00.0000190" startTime="2022-06-13T21:13:14.3309939+02:00" endTime="2022-06-13T21:13:14.3310129+02:00" testType="13cdc9d9-ddb5-4fa4-a97d-d965ccfc6d4b" outcome="Passed" testListId="8c84fa94-04c1-424b-9868-57a2d4851a1d" relativeResultsDirectory="b86fe65d-11c1-4bdd-9129-f9311af9887b" />
    <UnitTestResult executionId="4a710d4b-45ce-4e6a-8a56-9da7eb520f39" testId="0186510a-61e4-d437-2bd3-30738b03ed56" testName="FormatToStringTest1000(7716.571614765363d,&quot;7716.57 zł&quot;)" computerName="DESKTOP-5URQ9PB" duration="00:00:00.0000190" startTime="2022-06-13T21:13:14.3386861+02:00" endTime="2022-06-13T21:13:14.3387050+02:00" testType="13cdc9d9-ddb5-4fa4-a97d-d965ccfc6d4b" outcome="Passed" testListId="8c84fa94-04c1-424b-9868-57a2d4851a1d" relativeResultsDirectory="4a710d4b-45ce-4e6a-8a56-9da7eb520f39" />
    <UnitTestResult executionId="b2f667b4-d6a8-4a5a-88a8-994d2b658116" testId="52456efe-2b4c-e54c-a102-5bc9bc1cc7f8" testName="FormatToStringTest1000(73372.53853826903d,&quot;73372.54 zł&quot;)" computerName="DESKTOP-5URQ9PB" duration="00:00:00.0000190" startTime="2022-06-13T21:13:14.3239538+02:00" endTime="2022-06-13T21:13:14.3239725+02:00" testType="13cdc9d9-ddb5-4fa4-a97d-d965ccfc6d4b" outcome="Passed" testListId="8c84fa94-04c1-424b-9868-57a2d4851a1d" relativeResultsDirectory="b2f667b4-d6a8-4a5a-88a8-994d2b658116" />
    <UnitTestResult executionId="5358d7c1-c1c9-418c-8525-4a31e15d5532" testId="e2a03079-8dae-3d38-3cf5-f27f7a4202a4" testName="FormatToStringTest1000(4612.32080757633d,&quot;4612.32 zł&quot;)" computerName="DESKTOP-5URQ9PB" duration="00:00:00.0000190" startTime="2022-06-13T21:13:14.3390878+02:00" endTime="2022-06-13T21:13:14.3391068+02:00" testType="13cdc9d9-ddb5-4fa4-a97d-d965ccfc6d4b" outcome="Passed" testListId="8c84fa94-04c1-424b-9868-57a2d4851a1d" relativeResultsDirectory="5358d7c1-c1c9-418c-8525-4a31e15d5532" />
    <UnitTestResult executionId="23ec5c77-19c6-4655-8b23-783bef4c599d" testId="fea06ea0-1747-ca17-2548-261210975e57" testName="FormatToStringTest1000(44065.726815678056d,&quot;44065.73 zł&quot;)" computerName="DESKTOP-5URQ9PB" duration="00:00:00.0000190" startTime="2022-06-13T21:13:14.3242979+02:00" endTime="2022-06-13T21:13:14.3243163+02:00" testType="13cdc9d9-ddb5-4fa4-a97d-d965ccfc6d4b" outcome="Passed" testListId="8c84fa94-04c1-424b-9868-57a2d4851a1d" relativeResultsDirectory="23ec5c77-19c6-4655-8b23-783bef4c599d" />
    <UnitTestResult executionId="f43e6fb0-eb3f-4479-b501-11ee43854817" testId="b8e35215-9c02-c225-ebde-5cb2a4f46f94" testName="FormatToStringTest1000(4025.728369236797d,&quot;4025.73 zł&quot;)" computerName="DESKTOP-5URQ9PB" duration="00:00:00.0000180" startTime="2022-06-13T21:13:14.3277579+02:00" endTime="2022-06-13T21:13:14.3277757+02:00" testType="13cdc9d9-ddb5-4fa4-a97d-d965ccfc6d4b" outcome="Passed" testListId="8c84fa94-04c1-424b-9868-57a2d4851a1d" relativeResultsDirectory="f43e6fb0-eb3f-4479-b501-11ee43854817" />
    <UnitTestResult executionId="465e1a3a-5a08-40d8-a22c-b9a2920cebb9" testId="da1a6990-7ab2-9cdb-3d5d-e5366899dffb" testName="FormatToStringTest1000(4614.673205890541d,&quot;4614.67 zł&quot;)" computerName="DESKTOP-5URQ9PB" duration="00:00:00.0000310" startTime="2022-06-13T21:13:14.3195068+02:00" endTime="2022-06-13T21:13:14.3195371+02:00" testType="13cdc9d9-ddb5-4fa4-a97d-d965ccfc6d4b" outcome="Passed" testListId="8c84fa94-04c1-424b-9868-57a2d4851a1d" relativeResultsDirectory="465e1a3a-5a08-40d8-a22c-b9a2920cebb9" />
    <UnitTestResult executionId="9924f97f-311c-4b36-8b39-3e6040b90e96" testId="a52cde15-d4da-6fd7-917d-2f5d406fbd21" testName="FormatToStringTest1000(904.351189922705d,&quot;904.35 zł&quot;)" computerName="DESKTOP-5URQ9PB" duration="00:00:00.0000180" startTime="2022-06-13T21:13:14.3386362+02:00" endTime="2022-06-13T21:13:14.3386542+02:00" testType="13cdc9d9-ddb5-4fa4-a97d-d965ccfc6d4b" outcome="Passed" testListId="8c84fa94-04c1-424b-9868-57a2d4851a1d" relativeResultsDirectory="9924f97f-311c-4b36-8b39-3e6040b90e96" />
    <UnitTestResult executionId="3d46a2a6-13dd-4507-8657-8f438903c341" testId="c32a55d2-5cd9-4241-ed27-6ec6eee4b3b0" testName="FormatToStringTest1000(24646.322657574587d,&quot;24646.32 zł&quot;)" computerName="DESKTOP-5URQ9PB" duration="00:00:00.0000190" startTime="2022-06-13T21:13:14.3266626+02:00" endTime="2022-06-13T21:13:14.3266819+02:00" testType="13cdc9d9-ddb5-4fa4-a97d-d965ccfc6d4b" outcome="Passed" testListId="8c84fa94-04c1-424b-9868-57a2d4851a1d" relativeResultsDirectory="3d46a2a6-13dd-4507-8657-8f438903c341" />
    <UnitTestResult executionId="7008572f-a041-4c0c-adfc-161a198f43d3" testId="dafbe950-e143-41f5-1a50-ea362a5aa5d4" testName="FormatToStringTest1000(9928.477822322622d,&quot;9928.48 zł&quot;)" computerName="DESKTOP-5URQ9PB" duration="00:00:00.0000180" startTime="2022-06-13T21:13:14.3332864+02:00" endTime="2022-06-13T21:13:14.3333047+02:00" testType="13cdc9d9-ddb5-4fa4-a97d-d965ccfc6d4b" outcome="Passed" testListId="8c84fa94-04c1-424b-9868-57a2d4851a1d" relativeResultsDirectory="7008572f-a041-4c0c-adfc-161a198f43d3" />
    <UnitTestResult executionId="1dc7401b-ec53-4b38-9022-1a80d14d654c" testId="fc250b23-71a0-c4eb-52eb-8cd889ac9f85" testName="FormatToStringTest1000(14480.387652530982d,&quot;14480.39 zł&quot;)" computerName="DESKTOP-5URQ9PB" duration="00:00:00.0000180" startTime="2022-06-13T21:13:14.3236626+02:00" endTime="2022-06-13T21:13:14.3236807+02:00" testType="13cdc9d9-ddb5-4fa4-a97d-d965ccfc6d4b" outcome="Passed" testListId="8c84fa94-04c1-424b-9868-57a2d4851a1d" relativeResultsDirectory="1dc7401b-ec53-4b38-9022-1a80d14d654c" />
    <UnitTestResult executionId="d61f8332-9efe-422f-85a7-d74f4a5fab93" testId="78845691-c87f-d12e-20f9-3035745796be" testName="FormatToStringTest1000(21221.884746198488d,&quot;21221.88 zł&quot;)" computerName="DESKTOP-5URQ9PB" duration="00:00:00.0000190" startTime="2022-06-13T21:13:14.3337848+02:00" endTime="2022-06-13T21:13:14.3338038+02:00" testType="13cdc9d9-ddb5-4fa4-a97d-d965ccfc6d4b" outcome="Passed" testListId="8c84fa94-04c1-424b-9868-57a2d4851a1d" relativeResultsDirectory="d61f8332-9efe-422f-85a7-d74f4a5fab93" />
    <UnitTestResult executionId="f31d2643-9d6d-41d0-9bce-cf21d8324fe2" testId="4b337c41-7f92-2137-58f8-ec4a04af8e6b" testName="FormatToStringTest1000(1514.6266382441981d,&quot;1514.63 zł&quot;)" computerName="DESKTOP-5URQ9PB" duration="00:00:00.0000180" startTime="2022-06-13T21:13:14.3266882+02:00" endTime="2022-06-13T21:13:14.3267062+02:00" testType="13cdc9d9-ddb5-4fa4-a97d-d965ccfc6d4b" outcome="Passed" testListId="8c84fa94-04c1-424b-9868-57a2d4851a1d" relativeResultsDirectory="f31d2643-9d6d-41d0-9bce-cf21d8324fe2" />
    <UnitTestResult executionId="74fb8e17-deac-40f0-940a-11fa75e2366a" testId="7a151ddf-b76f-a627-8d14-57dc244734db" testName="FormatToStringTest1000(17798.633951516185d,&quot;17798.63 zł&quot;)" computerName="DESKTOP-5URQ9PB" duration="00:00:00.0000250" startTime="2022-06-13T21:13:14.3302233+02:00" endTime="2022-06-13T21:13:14.3302482+02:00" testType="13cdc9d9-ddb5-4fa4-a97d-d965ccfc6d4b" outcome="Passed" testListId="8c84fa94-04c1-424b-9868-57a2d4851a1d" relativeResultsDirectory="74fb8e17-deac-40f0-940a-11fa75e2366a" />
    <UnitTestResult executionId="fd233aec-9bc2-4424-9993-82cfb5795310" testId="5667c806-5b5f-868c-360c-740b6f484339" testName="FormatToStringTest1000(22604.838218828587d,&quot;22604.84 zł&quot;)" computerName="DESKTOP-5URQ9PB" duration="00:00:00.0000260" startTime="2022-06-13T21:13:14.3162420+02:00" endTime="2022-06-13T21:13:14.3162676+02:00" testType="13cdc9d9-ddb5-4fa4-a97d-d965ccfc6d4b" outcome="Passed" testListId="8c84fa94-04c1-424b-9868-57a2d4851a1d" relativeResultsDirectory="fd233aec-9bc2-4424-9993-82cfb5795310" />
    <UnitTestResult executionId="a965e746-1e86-4695-a59b-4ebd9c2345e4" testId="90740d7b-70ce-f3ca-de0f-889615c99e7a" testName="FormatToStringTest1000(7669.3855620214645d,&quot;7669.39 zł&quot;)" computerName="DESKTOP-5URQ9PB" duration="00:00:00.0000180" startTime="2022-06-13T21:13:14.3233414+02:00" endTime="2022-06-13T21:13:14.3233590+02:00" testType="13cdc9d9-ddb5-4fa4-a97d-d965ccfc6d4b" outcome="Passed" testListId="8c84fa94-04c1-424b-9868-57a2d4851a1d" relativeResultsDirectory="a965e746-1e86-4695-a59b-4ebd9c2345e4" />
    <UnitTestResult executionId="3e290469-933b-48ec-b670-1c6a0b60c014" testId="4593d3e0-40c6-d633-5fcd-f61df33025dc" testName="FormatToStringTest1000(12187.551827252633d,&quot;12187.55 zł&quot;)" computerName="DESKTOP-5URQ9PB" duration="00:00:00.0000180" startTime="2022-06-13T21:13:14.3231424+02:00" endTime="2022-06-13T21:13:14.3231599+02:00" testType="13cdc9d9-ddb5-4fa4-a97d-d965ccfc6d4b" outcome="Passed" testListId="8c84fa94-04c1-424b-9868-57a2d4851a1d" relativeResultsDirectory="3e290469-933b-48ec-b670-1c6a0b60c014" />
    <UnitTestResult executionId="2e12e2f7-50bb-4bd6-a7b7-e592935e7543" testId="b150e6ad-1fac-a9d1-a2ab-0f7879e84a36" testName="FormatToStringTest1000(64887.45559046951d,&quot;64887.46 zł&quot;)" computerName="DESKTOP-5URQ9PB" duration="00:00:00.0000180" startTime="2022-06-13T21:13:14.3271607+02:00" endTime="2022-06-13T21:13:14.3271789+02:00" testType="13cdc9d9-ddb5-4fa4-a97d-d965ccfc6d4b" outcome="Passed" testListId="8c84fa94-04c1-424b-9868-57a2d4851a1d" relativeResultsDirectory="2e12e2f7-50bb-4bd6-a7b7-e592935e7543" />
    <UnitTestResult executionId="e623ce95-6836-46b8-96d7-e298c8dda44c" testId="d0b4fe44-6c66-e0d0-90f7-7f93ef97fe01" testName="FormatToStringTest1000(14172.682747822573d,&quot;14172.68 zł&quot;)" computerName="DESKTOP-5URQ9PB" duration="00:00:00.0000200" startTime="2022-06-13T21:13:14.3160828+02:00" endTime="2022-06-13T21:13:14.3161027+02:00" testType="13cdc9d9-ddb5-4fa4-a97d-d965ccfc6d4b" outcome="Passed" testListId="8c84fa94-04c1-424b-9868-57a2d4851a1d" relativeResultsDirectory="e623ce95-6836-46b8-96d7-e298c8dda44c" />
    <UnitTestResult executionId="6a77df28-2252-4253-8d05-17ee6f755098" testId="149b451f-18ff-71da-64d2-d4ad70318933" testName="FormatToStringTest1000(28080.92507087669d,&quot;28080.93 zł&quot;)" computerName="DESKTOP-5URQ9PB" duration="00:00:00.0000180" startTime="2022-06-13T21:13:14.3397089+02:00" endTime="2022-06-13T21:13:14.3397270+02:00" testType="13cdc9d9-ddb5-4fa4-a97d-d965ccfc6d4b" outcome="Passed" testListId="8c84fa94-04c1-424b-9868-57a2d4851a1d" relativeResultsDirectory="6a77df28-2252-4253-8d05-17ee6f755098" />
    <UnitTestResult executionId="485ad2ff-dba9-4e16-a626-a93ee5e34109" testId="db065917-a97a-fe61-77a4-bb6c5d5457d5" testName="FormatToStringTest1000(9897.705953436767d,&quot;9897.71 zł&quot;)" computerName="DESKTOP-5URQ9PB" duration="00:00:00.0000190" startTime="2022-06-13T21:13:14.3308222+02:00" endTime="2022-06-13T21:13:14.3308412+02:00" testType="13cdc9d9-ddb5-4fa4-a97d-d965ccfc6d4b" outcome="Passed" testListId="8c84fa94-04c1-424b-9868-57a2d4851a1d" relativeResultsDirectory="485ad2ff-dba9-4e16-a626-a93ee5e34109" />
    <UnitTestResult executionId="0c98d8b9-3b55-4884-875c-f3e02fe7aa41" testId="f9ec4424-0f09-8ce8-d044-ac97ec1d16a8" testName="FormatToStringTest1000(72802.68569213277d,&quot;72802.69 zł&quot;)" computerName="DESKTOP-5URQ9PB" duration="00:00:00.0000190" startTime="2022-06-13T21:13:14.3383848+02:00" endTime="2022-06-13T21:13:14.3384037+02:00" testType="13cdc9d9-ddb5-4fa4-a97d-d965ccfc6d4b" outcome="Passed" testListId="8c84fa94-04c1-424b-9868-57a2d4851a1d" relativeResultsDirectory="0c98d8b9-3b55-4884-875c-f3e02fe7aa41" />
    <UnitTestResult executionId="f93067ea-7cb9-4057-9bbb-c7219a8e2528" testId="4a4334b0-5451-8696-5200-0bdb59e2a710" testName="FormatToStringTest1000(15411.371650797022d,&quot;15411.37 zł&quot;)" computerName="DESKTOP-5URQ9PB" duration="00:00:00.0000180" startTime="2022-06-13T21:13:14.3220851+02:00" endTime="2022-06-13T21:13:14.3221030+02:00" testType="13cdc9d9-ddb5-4fa4-a97d-d965ccfc6d4b" outcome="Passed" testListId="8c84fa94-04c1-424b-9868-57a2d4851a1d" relativeResultsDirectory="f93067ea-7cb9-4057-9bbb-c7219a8e2528" />
    <UnitTestResult executionId="4080311e-16c7-44e7-8764-18ee49e59e06" testId="0d37f434-250b-5238-45a8-c128f2ef42ef" testName="FormatToStringTest1000(46790.41011887715d,&quot;46790.41 zł&quot;)" computerName="DESKTOP-5URQ9PB" duration="00:00:00.0000180" startTime="2022-06-13T21:13:14.3298227+02:00" endTime="2022-06-13T21:13:14.3298409+02:00" testType="13cdc9d9-ddb5-4fa4-a97d-d965ccfc6d4b" outcome="Passed" testListId="8c84fa94-04c1-424b-9868-57a2d4851a1d" relativeResultsDirectory="4080311e-16c7-44e7-8764-18ee49e59e06" />
    <UnitTestResult executionId="bdb97bbd-8dd8-4eb4-ac02-1dd9c5c98ed6" testId="7d53e131-e454-48a3-7f61-9c807826acb2" testName="FormatToStringTest1000(13503.943645929892d,&quot;13503.94 zł&quot;)" computerName="DESKTOP-5URQ9PB" duration="00:00:00.0000300" startTime="2022-06-13T21:13:14.3188020+02:00" endTime="2022-06-13T21:13:14.3188323+02:00" testType="13cdc9d9-ddb5-4fa4-a97d-d965ccfc6d4b" outcome="Passed" testListId="8c84fa94-04c1-424b-9868-57a2d4851a1d" relativeResultsDirectory="bdb97bbd-8dd8-4eb4-ac02-1dd9c5c98ed6" />
    <UnitTestResult executionId="d6f34d79-ed52-4c89-9ed7-9082c5932b8a" testId="2f443958-bb91-68f7-90b6-2eae1e3219b3" testName="FormatToStringTest1000(26207.03715363659d,&quot;26207.04 zł&quot;)" computerName="DESKTOP-5URQ9PB" duration="00:00:00.0000190" startTime="2022-06-13T21:13:14.3222886+02:00" endTime="2022-06-13T21:13:14.3223072+02:00" testType="13cdc9d9-ddb5-4fa4-a97d-d965ccfc6d4b" outcome="Passed" testListId="8c84fa94-04c1-424b-9868-57a2d4851a1d" relativeResultsDirectory="d6f34d79-ed52-4c89-9ed7-9082c5932b8a" />
    <UnitTestResult executionId="f9807423-dc96-4546-a83a-b724dabc729e" testId="5220db90-feed-daf9-71ce-ce8aa9bc9232" testName="FormatToStringTest1000(1108.7197928823157d,&quot;1108.72 zł&quot;)" computerName="DESKTOP-5URQ9PB" duration="00:00:00.0000180" startTime="2022-06-13T21:13:14.3164315+02:00" endTime="2022-06-13T21:13:14.3164496+02:00" testType="13cdc9d9-ddb5-4fa4-a97d-d965ccfc6d4b" outcome="Passed" testListId="8c84fa94-04c1-424b-9868-57a2d4851a1d" relativeResultsDirectory="f9807423-dc96-4546-a83a-b724dabc729e" />
    <UnitTestResult executionId="08ed64e8-1773-4fc3-a4a7-1b789d13ca31" testId="5326d1dc-d18e-0528-8ffb-d0be584509e9" testName="FormatToStringTest1000(16673.5121774904d,&quot;16673.51 zł&quot;)" computerName="DESKTOP-5URQ9PB" duration="00:00:00.0000180" startTime="2022-06-13T21:13:14.3273650+02:00" endTime="2022-06-13T21:13:14.3273829+02:00" testType="13cdc9d9-ddb5-4fa4-a97d-d965ccfc6d4b" outcome="Passed" testListId="8c84fa94-04c1-424b-9868-57a2d4851a1d" relativeResultsDirectory="08ed64e8-1773-4fc3-a4a7-1b789d13ca31" />
    <UnitTestResult executionId="acaf92b2-777c-4a6f-8dd5-504e46cce271" testId="0dc215f9-ced3-1d40-e986-2ebe86240f13" testName="FormatToStringTest1000(44869.327020554025d,&quot;44869.33 zł&quot;)" computerName="DESKTOP-5URQ9PB" duration="00:00:00.0000270" startTime="2022-06-13T21:13:14.3199242+02:00" endTime="2022-06-13T21:13:14.3199507+02:00" testType="13cdc9d9-ddb5-4fa4-a97d-d965ccfc6d4b" outcome="Passed" testListId="8c84fa94-04c1-424b-9868-57a2d4851a1d" relativeResultsDirectory="acaf92b2-777c-4a6f-8dd5-504e46cce271" />
    <UnitTestResult executionId="819ccc43-c172-4c6c-8da8-21f3b90f5f0f" testId="5717b261-73d9-ccff-48ad-cb5028daecbf" testName="FormatToStringTest1000(3341.8351759444154d,&quot;3341.84 zł&quot;)" computerName="DESKTOP-5URQ9PB" duration="00:00:00.0000190" startTime="2022-06-13T21:13:14.3283768+02:00" endTime="2022-06-13T21:13:14.3283959+02:00" testType="13cdc9d9-ddb5-4fa4-a97d-d965ccfc6d4b" outcome="Passed" testListId="8c84fa94-04c1-424b-9868-57a2d4851a1d" relativeResultsDirectory="819ccc43-c172-4c6c-8da8-21f3b90f5f0f" />
    <UnitTestResult executionId="6562e1d1-f6a5-47e8-a2c1-ba0efaa76c22" testId="752c0495-686a-2709-5240-916b7eb02d3a" testName="FormatToStringTest1000(9190.067404299076d,&quot;9190.07 zł&quot;)" computerName="DESKTOP-5URQ9PB" duration="00:00:00.0000180" startTime="2022-06-13T21:13:14.3393148+02:00" endTime="2022-06-13T21:13:14.3393329+02:00" testType="13cdc9d9-ddb5-4fa4-a97d-d965ccfc6d4b" outcome="Passed" testListId="8c84fa94-04c1-424b-9868-57a2d4851a1d" relativeResultsDirectory="6562e1d1-f6a5-47e8-a2c1-ba0efaa76c22" />
    <UnitTestResult executionId="d675172f-7fde-4ce4-b0e2-cd93b8e4b5cd" testId="74b92fed-1c7d-84ea-101d-b4ba0f959527" testName="FormatToStringTest1000(1814.7218118955948d,&quot;1814.72 zł&quot;)" computerName="DESKTOP-5URQ9PB" duration="00:00:00.0000180" startTime="2022-06-13T21:13:14.3409942+02:00" endTime="2022-06-13T21:13:14.3410122+02:00" testType="13cdc9d9-ddb5-4fa4-a97d-d965ccfc6d4b" outcome="Passed" testListId="8c84fa94-04c1-424b-9868-57a2d4851a1d" relativeResultsDirectory="d675172f-7fde-4ce4-b0e2-cd93b8e4b5cd" />
    <UnitTestResult executionId="4098abc1-6f59-439b-84d8-e28bf544c247" testId="e8d6ba9d-db50-0e05-06db-5789675388b8" testName="FormatToStringTest1000(34021.1384072961d,&quot;34021.14 zł&quot;)" computerName="DESKTOP-5URQ9PB" duration="00:00:00.0000220" startTime="2022-06-13T21:13:14.3422373+02:00" endTime="2022-06-13T21:13:14.3422593+02:00" testType="13cdc9d9-ddb5-4fa4-a97d-d965ccfc6d4b" outcome="Passed" testListId="8c84fa94-04c1-424b-9868-57a2d4851a1d" relativeResultsDirectory="4098abc1-6f59-439b-84d8-e28bf544c247" />
    <UnitTestResult executionId="db69ddda-e799-491e-adf1-4229f03820e5" testId="a5617ce6-af44-3da3-775d-82bd0343fcd9" testName="FormatToStringTest1000(42767.96883676898d,&quot;42767.97 zł&quot;)" computerName="DESKTOP-5URQ9PB" duration="00:00:00.0000180" startTime="2022-06-13T21:13:14.3368077+02:00" endTime="2022-06-13T21:13:14.3368256+02:00" testType="13cdc9d9-ddb5-4fa4-a97d-d965ccfc6d4b" outcome="Passed" testListId="8c84fa94-04c1-424b-9868-57a2d4851a1d" relativeResultsDirectory="db69ddda-e799-491e-adf1-4229f03820e5" />
    <UnitTestResult executionId="5d2018a4-5e21-48f1-a322-74d544d26ec5" testId="5217a55b-523e-bb6a-47cc-7fbf0bc01c96" testName="FormatToStringTest1000(10370.0107542784d,&quot;10370.01 zł&quot;)" computerName="DESKTOP-5URQ9PB" duration="00:00:00.0000180" startTime="2022-06-13T21:13:14.3298471+02:00" endTime="2022-06-13T21:13:14.3298651+02:00" testType="13cdc9d9-ddb5-4fa4-a97d-d965ccfc6d4b" outcome="Passed" testListId="8c84fa94-04c1-424b-9868-57a2d4851a1d" relativeResultsDirectory="5d2018a4-5e21-48f1-a322-74d544d26ec5" />
    <UnitTestResult executionId="5a75ca13-3c5c-4e42-964d-f98e7f6d2678" testId="b56338b4-aae6-cbe0-3487-2e781b98c188" testName="FormatToStringTest1000(2937.138486199611d,&quot;2937.14 zł&quot;)" computerName="DESKTOP-5URQ9PB" duration="00:00:00.0000349" startTime="2022-06-13T21:13:14.3174360+02:00" endTime="2022-06-13T21:13:14.3174705+02:00" testType="13cdc9d9-ddb5-4fa4-a97d-d965ccfc6d4b" outcome="Passed" testListId="8c84fa94-04c1-424b-9868-57a2d4851a1d" relativeResultsDirectory="5a75ca13-3c5c-4e42-964d-f98e7f6d2678" />
    <UnitTestResult executionId="ff951b4f-ec3d-4e23-be60-ebedc4123074" testId="bb7f2094-2f9e-97a8-2260-536683d65f82" testName="FormatToStringTest1000(57809.74722876295d,&quot;57809.75 zł&quot;)" computerName="DESKTOP-5URQ9PB" duration="00:00:00.0000180" startTime="2022-06-13T21:13:14.3296487+02:00" endTime="2022-06-13T21:13:14.3296668+02:00" testType="13cdc9d9-ddb5-4fa4-a97d-d965ccfc6d4b" outcome="Passed" testListId="8c84fa94-04c1-424b-9868-57a2d4851a1d" relativeResultsDirectory="ff951b4f-ec3d-4e23-be60-ebedc4123074" />
    <UnitTestResult executionId="b59cc3e7-6b9b-4ec2-8cf2-c8c88e5d40e4" testId="cbe18909-6635-9aa1-a38f-17a524fe9aa1" testName="FormatToStringTest1000(9097.395563790293d,&quot;9097.40 zł&quot;)" computerName="DESKTOP-5URQ9PB" duration="00:00:00.0000190" startTime="2022-06-13T21:13:14.3377018+02:00" endTime="2022-06-13T21:13:14.3377203+02:00" testType="13cdc9d9-ddb5-4fa4-a97d-d965ccfc6d4b" outcome="Passed" testListId="8c84fa94-04c1-424b-9868-57a2d4851a1d" relativeResultsDirectory="b59cc3e7-6b9b-4ec2-8cf2-c8c88e5d40e4" />
    <UnitTestResult executionId="7b9d0e94-4201-46b9-aff8-15a8269d4f10" testId="e77ca75b-19ba-059d-05cd-1ebb08034f74" testName="FormatToStringTest1000(28033.439084134738d,&quot;28033.44 zł&quot;)" computerName="DESKTOP-5URQ9PB" duration="00:00:00.0000180" startTime="2022-06-13T21:13:14.3300263+02:00" endTime="2022-06-13T21:13:14.3300443+02:00" testType="13cdc9d9-ddb5-4fa4-a97d-d965ccfc6d4b" outcome="Passed" testListId="8c84fa94-04c1-424b-9868-57a2d4851a1d" relativeResultsDirectory="7b9d0e94-4201-46b9-aff8-15a8269d4f10" />
    <UnitTestResult executionId="2dff0a84-951e-476a-83e3-c4177c261e01" testId="8444e906-7a92-9021-9b3f-57eb7bbd8067" testName="FormatToStringTest1000(2883.637133003975d,&quot;2883.64 zł&quot;)" computerName="DESKTOP-5URQ9PB" duration="00:00:00.0000190" startTime="2022-06-13T21:13:14.3369563+02:00" endTime="2022-06-13T21:13:14.3369750+02:00" testType="13cdc9d9-ddb5-4fa4-a97d-d965ccfc6d4b" outcome="Passed" testListId="8c84fa94-04c1-424b-9868-57a2d4851a1d" relativeResultsDirectory="2dff0a84-951e-476a-83e3-c4177c261e01" />
    <UnitTestResult executionId="303ce622-8785-4a80-9598-27212a5281b9" testId="712c2678-6c5e-0050-868a-1155d0b4fa06" testName="FormatToStringTest1000(32216.686763396807d,&quot;32216.69 zł&quot;)" computerName="DESKTOP-5URQ9PB" duration="00:00:00.0000280" startTime="2022-06-13T21:13:14.3153806+02:00" endTime="2022-06-13T21:13:14.3154088+02:00" testType="13cdc9d9-ddb5-4fa4-a97d-d965ccfc6d4b" outcome="Passed" testListId="8c84fa94-04c1-424b-9868-57a2d4851a1d" relativeResultsDirectory="303ce622-8785-4a80-9598-27212a5281b9" />
    <UnitTestResult executionId="1963fde8-8ce1-4e77-ae42-064e24185ae9" testId="35de634f-b340-f79b-b6a0-46426bd56e47" testName="FormatToStringTest1000(24137.016609529506d,&quot;24137.02 zł&quot;)" computerName="DESKTOP-5URQ9PB" duration="00:00:00.0000190" startTime="2022-06-13T21:13:14.3377770+02:00" endTime="2022-06-13T21:13:14.3377962+02:00" testType="13cdc9d9-ddb5-4fa4-a97d-d965ccfc6d4b" outcome="Passed" testListId="8c84fa94-04c1-424b-9868-57a2d4851a1d" relativeResultsDirectory="1963fde8-8ce1-4e77-ae42-064e24185ae9" />
    <UnitTestResult executionId="5bf01ab5-6cfc-4698-be96-9f53d142dfe8" testId="b83433ff-1f44-78cf-aaee-d87286ab6972" testName="FormatToStringTest1000(24476.442216712254d,&quot;24476.44 zł&quot;)" computerName="DESKTOP-5URQ9PB" duration="00:00:00.0000190" startTime="2022-06-13T21:13:14.3308713+02:00" endTime="2022-06-13T21:13:14.3308901+02:00" testType="13cdc9d9-ddb5-4fa4-a97d-d965ccfc6d4b" outcome="Passed" testListId="8c84fa94-04c1-424b-9868-57a2d4851a1d" relativeResultsDirectory="5bf01ab5-6cfc-4698-be96-9f53d142dfe8" />
    <UnitTestResult executionId="c6e4a49d-e19f-419c-a75a-58cec4ad1998" testId="0736f335-702e-d9c8-77f1-e0501c90e917" testName="FormatToStringTest1000(19873.59831658453d,&quot;19873.60 zł&quot;)" computerName="DESKTOP-5URQ9PB" duration="00:00:00.0000180" startTime="2022-06-13T21:13:14.3365139+02:00" endTime="2022-06-13T21:13:14.3365315+02:00" testType="13cdc9d9-ddb5-4fa4-a97d-d965ccfc6d4b" outcome="Passed" testListId="8c84fa94-04c1-424b-9868-57a2d4851a1d" relativeResultsDirectory="c6e4a49d-e19f-419c-a75a-58cec4ad1998" />
    <UnitTestResult executionId="a4cbe964-1f8b-459c-9440-a2863f1766e5" testId="d26e5e0e-e63b-6a1f-1d40-d2dc8692bbaf" testName="FormatToStringTest1000(63507.32603545455d,&quot;63507.33 zł&quot;)" computerName="DESKTOP-5URQ9PB" duration="00:00:00.0000340" startTime="2022-06-13T21:13:14.3178571+02:00" endTime="2022-06-13T21:13:14.3178911+02:00" testType="13cdc9d9-ddb5-4fa4-a97d-d965ccfc6d4b" outcome="Passed" testListId="8c84fa94-04c1-424b-9868-57a2d4851a1d" relativeResultsDirectory="a4cbe964-1f8b-459c-9440-a2863f1766e5" />
    <UnitTestResult executionId="475570c6-100f-4c33-93b4-9e10c9ab84ae" testId="6f7345f6-07c1-aba6-fba8-22e9ed357a49" testName="FormatToStringTest1000(19189.32381924117d,&quot;19189.32 zł&quot;)" computerName="DESKTOP-5URQ9PB" duration="00:00:00.0000190" startTime="2022-06-13T21:13:14.3235639+02:00" endTime="2022-06-13T21:13:14.3235825+02:00" testType="13cdc9d9-ddb5-4fa4-a97d-d965ccfc6d4b" outcome="Passed" testListId="8c84fa94-04c1-424b-9868-57a2d4851a1d" relativeResultsDirectory="475570c6-100f-4c33-93b4-9e10c9ab84ae" />
    <UnitTestResult executionId="db266404-a415-4172-9c90-d49804f1602d" testId="9cef29cf-98fb-f211-5054-ae4d42774e1f" testName="FormatToStringTest1000(31347.468987404587d,&quot;31347.47 zł&quot;)" computerName="DESKTOP-5URQ9PB" duration="00:00:00.0000220" startTime="2022-06-13T21:13:14.3402238+02:00" endTime="2022-06-13T21:13:14.3402456+02:00" testType="13cdc9d9-ddb5-4fa4-a97d-d965ccfc6d4b" outcome="Passed" testListId="8c84fa94-04c1-424b-9868-57a2d4851a1d" relativeResultsDirectory="db266404-a415-4172-9c90-d49804f1602d" />
    <UnitTestResult executionId="254cff9f-0ec5-415f-8beb-942200511c5a" testId="b34ac9b1-7b20-291d-6caf-28aeffc4e30f" testName="FormatToStringTest1000(52810.91713865516d,&quot;52810.92 zł&quot;)" computerName="DESKTOP-5URQ9PB" duration="00:00:00.0000190" startTime="2022-06-13T21:13:14.3155195+02:00" endTime="2022-06-13T21:13:14.3155388+02:00" testType="13cdc9d9-ddb5-4fa4-a97d-d965ccfc6d4b" outcome="Passed" testListId="8c84fa94-04c1-424b-9868-57a2d4851a1d" relativeResultsDirectory="254cff9f-0ec5-415f-8beb-942200511c5a" />
    <UnitTestResult executionId="6822d249-4601-4516-ba46-c0f5d0854d7b" testId="0be37416-8f8e-24dd-296a-86593af9af2f" testName="FormatToStringTest1000(36211.11038300866d,&quot;36211.11 zł&quot;)" computerName="DESKTOP-5URQ9PB" duration="00:00:00.0000190" startTime="2022-06-13T21:13:14.3365625+02:00" endTime="2022-06-13T21:13:14.3365812+02:00" testType="13cdc9d9-ddb5-4fa4-a97d-d965ccfc6d4b" outcome="Passed" testListId="8c84fa94-04c1-424b-9868-57a2d4851a1d" relativeResultsDirectory="6822d249-4601-4516-ba46-c0f5d0854d7b" />
    <UnitTestResult executionId="f8b80f20-a173-4f71-af1f-b8ca91673de2" testId="f40cda09-c7b2-157d-533a-1e4833860e01" testName="FormatToStringTest1000(8347.417790138823d,&quot;8347.42 zł&quot;)" computerName="DESKTOP-5URQ9PB" duration="00:00:00.0000190" startTime="2022-06-13T21:13:14.3354954+02:00" endTime="2022-06-13T21:13:14.3355144+02:00" testType="13cdc9d9-ddb5-4fa4-a97d-d965ccfc6d4b" outcome="Passed" testListId="8c84fa94-04c1-424b-9868-57a2d4851a1d" relativeResultsDirectory="f8b80f20-a173-4f71-af1f-b8ca91673de2" />
    <UnitTestResult executionId="7344a15d-f60c-49be-972b-d497d2b5326c" testId="1e6f2372-9d34-e630-93c8-967c7d09f6b9" testName="FormatToStringTest1000(93775.33090185716d,&quot;93775.33 zł&quot;)" computerName="DESKTOP-5URQ9PB" duration="00:00:00.0000180" startTime="2022-06-13T21:13:14.3337344+02:00" endTime="2022-06-13T21:13:14.3337525+02:00" testType="13cdc9d9-ddb5-4fa4-a97d-d965ccfc6d4b" outcome="Passed" testListId="8c84fa94-04c1-424b-9868-57a2d4851a1d" relativeResultsDirectory="7344a15d-f60c-49be-972b-d497d2b5326c" />
    <UnitTestResult executionId="288a4e80-18c0-4792-be26-541a040b9b80" testId="0cdea9b8-a5e3-2983-1ccb-d986de17659d" testName="FormatToStringTest1000(38904.87092920806d,&quot;38904.87 zł&quot;)" computerName="DESKTOP-5URQ9PB" duration="00:00:00.0000250" startTime="2022-06-13T21:13:14.3320880+02:00" endTime="2022-06-13T21:13:14.3321126+02:00" testType="13cdc9d9-ddb5-4fa4-a97d-d965ccfc6d4b" outcome="Passed" testListId="8c84fa94-04c1-424b-9868-57a2d4851a1d" relativeResultsDirectory="288a4e80-18c0-4792-be26-541a040b9b80" />
    <UnitTestResult executionId="4edbd269-4e61-4897-b28b-4b3529142371" testId="c7b07fde-ab61-697a-6040-f2f4c1529d34" testName="FormatToStringTest1000(736.7398243680316d,&quot;736.74 zł&quot;)" computerName="DESKTOP-5URQ9PB" duration="00:00:00.0000180" startTime="2022-06-13T21:13:14.3166294+02:00" endTime="2022-06-13T21:13:14.3166476+02:00" testType="13cdc9d9-ddb5-4fa4-a97d-d965ccfc6d4b" outcome="Passed" testListId="8c84fa94-04c1-424b-9868-57a2d4851a1d" relativeResultsDirectory="4edbd269-4e61-4897-b28b-4b3529142371" />
    <UnitTestResult executionId="2e10c61b-48e9-49e7-8510-0e1da6a7f05c" testId="859e7823-e1a7-1174-301f-2aa38167af9b" testName="FormatToStringTest1000(74851.91547305691d,&quot;74851.92 zł&quot;)" computerName="DESKTOP-5URQ9PB" duration="00:00:00.0000180" startTime="2022-06-13T21:13:14.3392906+02:00" endTime="2022-06-13T21:13:14.3393085+02:00" testType="13cdc9d9-ddb5-4fa4-a97d-d965ccfc6d4b" outcome="Passed" testListId="8c84fa94-04c1-424b-9868-57a2d4851a1d" relativeResultsDirectory="2e10c61b-48e9-49e7-8510-0e1da6a7f05c" />
    <UnitTestResult executionId="6ff82d7f-10e8-4f98-ae64-90a6eda379cc" testId="f113347a-114d-883f-0643-fe2e125f5daa" testName="FormatToStringTest1000(16402.16316587206d,&quot;16402.16 zł&quot;)" computerName="DESKTOP-5URQ9PB" duration="00:00:00.0000180" startTime="2022-06-13T21:13:14.3289372+02:00" endTime="2022-06-13T21:13:14.3289551+02:00" testType="13cdc9d9-ddb5-4fa4-a97d-d965ccfc6d4b" outcome="Passed" testListId="8c84fa94-04c1-424b-9868-57a2d4851a1d" relativeResultsDirectory="6ff82d7f-10e8-4f98-ae64-90a6eda379cc" />
    <UnitTestResult executionId="ed4dea49-8971-4d75-a0a5-771779b547b6" testId="fbe41254-a5bc-bdde-4d71-8c5eb07a0fb3" testName="FormatToStringTest1000(13197.65136269417d,&quot;13197.65 zł&quot;)" computerName="DESKTOP-5URQ9PB" duration="00:00:00.0000180" startTime="2022-06-13T21:13:14.3286933+02:00" endTime="2022-06-13T21:13:14.3287110+02:00" testType="13cdc9d9-ddb5-4fa4-a97d-d965ccfc6d4b" outcome="Passed" testListId="8c84fa94-04c1-424b-9868-57a2d4851a1d" relativeResultsDirectory="ed4dea49-8971-4d75-a0a5-771779b547b6" />
    <UnitTestResult executionId="4feab8c2-26de-4a1e-94e3-8214a76db4e5" testId="d29aa2a9-a943-d583-f9f3-c1d6c5281005" testName="FormatToStringTest1000(57713.01647853712d,&quot;57713.02 zł&quot;)" computerName="DESKTOP-5URQ9PB" duration="00:00:00.0000190" startTime="2022-06-13T21:13:14.3310442+02:00" endTime="2022-06-13T21:13:14.3310627+02:00" testType="13cdc9d9-ddb5-4fa4-a97d-d965ccfc6d4b" outcome="Passed" testListId="8c84fa94-04c1-424b-9868-57a2d4851a1d" relativeResultsDirectory="4feab8c2-26de-4a1e-94e3-8214a76db4e5" />
    <UnitTestResult executionId="e2cf23b3-2279-4796-871f-4b212b593a76" testId="9ac323b2-f4ee-1c5b-c335-774c81e0e08d" testName="FormatToStringTest1000(1313.0279238368514d,&quot;1313.03 zł&quot;)" computerName="DESKTOP-5URQ9PB" duration="00:00:00.0000190" startTime="2022-06-13T21:13:14.3357201+02:00" endTime="2022-06-13T21:13:14.3357388+02:00" testType="13cdc9d9-ddb5-4fa4-a97d-d965ccfc6d4b" outcome="Passed" testListId="8c84fa94-04c1-424b-9868-57a2d4851a1d" relativeResultsDirectory="e2cf23b3-2279-4796-871f-4b212b593a76" />
    <UnitTestResult executionId="9a139885-3c0f-4b38-80c8-62e050f2fb7e" testId="03d957f5-33ed-c0eb-c948-6ece846430f3" testName="FormatToStringTest1000(24825.207513729205d,&quot;24825.21 zł&quot;)" computerName="DESKTOP-5URQ9PB" duration="00:00:00.0000180" startTime="2022-06-13T21:13:14.3310689+02:00" endTime="2022-06-13T21:13:14.3310872+02:00" testType="13cdc9d9-ddb5-4fa4-a97d-d965ccfc6d4b" outcome="Passed" testListId="8c84fa94-04c1-424b-9868-57a2d4851a1d" relativeResultsDirectory="9a139885-3c0f-4b38-80c8-62e050f2fb7e" />
    <UnitTestResult executionId="c3bbf4ff-5c86-4671-947c-5afcc3faf0f9" testId="4195877a-ded9-22b8-62f7-465d0dab0554" testName="FormatToStringTest1000(26843.15785584932d,&quot;26843.16 zł&quot;)" computerName="DESKTOP-5URQ9PB" duration="00:00:00.0000180" startTime="2022-06-13T21:13:14.3421649+02:00" endTime="2022-06-13T21:13:14.3421826+02:00" testType="13cdc9d9-ddb5-4fa4-a97d-d965ccfc6d4b" outcome="Passed" testListId="8c84fa94-04c1-424b-9868-57a2d4851a1d" relativeResultsDirectory="c3bbf4ff-5c86-4671-947c-5afcc3faf0f9" />
    <UnitTestResult executionId="d99694b7-10a1-41e8-8be6-9acf1a30a57f" testId="c1189369-93b0-2acc-f712-00eac1c7b884" testName="FormatToStringTest1000(9843.625240445894d,&quot;9843.63 zł&quot;)" computerName="DESKTOP-5URQ9PB" duration="00:00:00.0000190" startTime="2022-06-13T21:13:14.3410183+02:00" endTime="2022-06-13T21:13:14.3410370+02:00" testType="13cdc9d9-ddb5-4fa4-a97d-d965ccfc6d4b" outcome="Passed" testListId="8c84fa94-04c1-424b-9868-57a2d4851a1d" relativeResultsDirectory="d99694b7-10a1-41e8-8be6-9acf1a30a57f" />
    <UnitTestResult executionId="37d6d275-cf5f-420c-9f6f-826a51b68d56" testId="3c433d09-bfc8-05ae-376b-cff8f69161af" testName="FormatToStringTest1000(63946.51014057478d,&quot;63946.51 zł&quot;)" computerName="DESKTOP-5URQ9PB" duration="00:00:00.0000190" startTime="2022-06-13T21:13:14.3326899+02:00" endTime="2022-06-13T21:13:14.3327086+02:00" testType="13cdc9d9-ddb5-4fa4-a97d-d965ccfc6d4b" outcome="Passed" testListId="8c84fa94-04c1-424b-9868-57a2d4851a1d" relativeResultsDirectory="37d6d275-cf5f-420c-9f6f-826a51b68d56" />
    <UnitTestResult executionId="f632aa75-503c-4859-8488-5c6773218554" testId="c4623a0a-608f-dd08-41f5-750ffba5ed05" testName="FormatToStringTest1000(24695.917440203913d,&quot;24695.92 zł&quot;)" computerName="DESKTOP-5URQ9PB" duration="00:00:00.0000180" startTime="2022-06-13T21:13:14.3315187+02:00" endTime="2022-06-13T21:13:14.3315367+02:00" testType="13cdc9d9-ddb5-4fa4-a97d-d965ccfc6d4b" outcome="Passed" testListId="8c84fa94-04c1-424b-9868-57a2d4851a1d" relativeResultsDirectory="f632aa75-503c-4859-8488-5c6773218554" />
    <UnitTestResult executionId="71c0bef7-af81-4f31-8cf5-61a2dc2abc81" testId="1658bad2-8c99-0b77-1530-2e9ba32823bd" testName="FormatToStringTest1000(33245.44763357819d,&quot;33245.45 zł&quot;)" computerName="DESKTOP-5URQ9PB" duration="00:00:00.0000180" startTime="2022-06-13T21:13:14.3269358+02:00" endTime="2022-06-13T21:13:14.3269535+02:00" testType="13cdc9d9-ddb5-4fa4-a97d-d965ccfc6d4b" outcome="Passed" testListId="8c84fa94-04c1-424b-9868-57a2d4851a1d" relativeResultsDirectory="71c0bef7-af81-4f31-8cf5-61a2dc2abc81" />
    <UnitTestResult executionId="b49855a4-2f05-48bc-8938-d9cd1c0a5bef" testId="7ad4f46a-05fc-7c4a-853e-228ce39d4426" testName="FormatToStringTest1000(485.6735566554933d,&quot;485.67 zł&quot;)" computerName="DESKTOP-5URQ9PB" duration="00:00:00.0000320" startTime="2022-06-13T21:13:14.3218443+02:00" endTime="2022-06-13T21:13:14.3218764+02:00" testType="13cdc9d9-ddb5-4fa4-a97d-d965ccfc6d4b" outcome="Passed" testListId="8c84fa94-04c1-424b-9868-57a2d4851a1d" relativeResultsDirectory="b49855a4-2f05-48bc-8938-d9cd1c0a5bef" />
    <UnitTestResult executionId="2d213222-8be6-4dc4-b661-29ac339c645c" testId="07033e2b-ce19-3c9a-f51d-d9b702d310a1" testName="FormatToStringTest1000(21281.64584727662d,&quot;21281.65 zł&quot;)" computerName="DESKTOP-5URQ9PB" duration="00:00:00.0000190" startTime="2022-06-13T21:13:14.3231178+02:00" endTime="2022-06-13T21:13:14.3231365+02:00" testType="13cdc9d9-ddb5-4fa4-a97d-d965ccfc6d4b" outcome="Passed" testListId="8c84fa94-04c1-424b-9868-57a2d4851a1d" relativeResultsDirectory="2d213222-8be6-4dc4-b661-29ac339c645c" />
    <UnitTestResult executionId="8821ed4b-a5ba-41e8-b6a9-372fc9c178d7" testId="a99bf545-84e2-fafd-ee3f-5153803c3541" testName="FormatToStringTest1000(1011.9989482094529d,&quot;1012.00 zł&quot;)" computerName="DESKTOP-5URQ9PB" duration="00:00:00.0000180" startTime="2022-06-13T21:13:14.3330586+02:00" endTime="2022-06-13T21:13:14.3330767+02:00" testType="13cdc9d9-ddb5-4fa4-a97d-d965ccfc6d4b" outcome="Passed" testListId="8c84fa94-04c1-424b-9868-57a2d4851a1d" relativeResultsDirectory="8821ed4b-a5ba-41e8-b6a9-372fc9c178d7" />
    <UnitTestResult executionId="a13cb8ec-8b6b-458a-a069-c404b13b64a1" testId="a9bc5968-881f-208e-3a3a-e085883b32c4" testName="FormatToStringTest1000(31391.358864880804d,&quot;31391.36 zł&quot;)" computerName="DESKTOP-5URQ9PB" duration="00:00:00.0000180" startTime="2022-06-13T21:13:14.3387619+02:00" endTime="2022-06-13T21:13:14.3387799+02:00" testType="13cdc9d9-ddb5-4fa4-a97d-d965ccfc6d4b" outcome="Passed" testListId="8c84fa94-04c1-424b-9868-57a2d4851a1d" relativeResultsDirectory="a13cb8ec-8b6b-458a-a069-c404b13b64a1" />
    <UnitTestResult executionId="47924809-dd6b-476e-803e-c1393b20625b" testId="e0769b45-8199-18f4-5d81-d7fe740ba2db" testName="FormatToStringTest1000(16571.355536101553d,&quot;16571.36 zł&quot;)" computerName="DESKTOP-5URQ9PB" duration="00:00:00.0000330" startTime="2022-06-13T21:13:14.3207820+02:00" endTime="2022-06-13T21:13:14.3208142+02:00" testType="13cdc9d9-ddb5-4fa4-a97d-d965ccfc6d4b" outcome="Passed" testListId="8c84fa94-04c1-424b-9868-57a2d4851a1d" relativeResultsDirectory="47924809-dd6b-476e-803e-c1393b20625b" />
    <UnitTestResult executionId="b5242287-43bf-4046-b467-4c47db492007" testId="38306153-a308-b729-5fc5-ac18787be15f" testName="FormatToStringTest1000(17579.823312525088d,&quot;17579.82 zł&quot;)" computerName="DESKTOP-5URQ9PB" duration="00:00:00.0000200" startTime="2022-06-13T21:13:14.3346446+02:00" endTime="2022-06-13T21:13:14.3346648+02:00" testType="13cdc9d9-ddb5-4fa4-a97d-d965ccfc6d4b" outcome="Passed" testListId="8c84fa94-04c1-424b-9868-57a2d4851a1d" relativeResultsDirectory="b5242287-43bf-4046-b467-4c47db492007" />
    <UnitTestResult executionId="9b296978-d274-4861-b33f-c4188f330a21" testId="3c732fdd-347f-bf9b-4cee-87347d32525f" testName="FormatToStringTest1000(626.135364110179d,&quot;626.14 zł&quot;)" computerName="DESKTOP-5URQ9PB" duration="00:00:00.0000180" startTime="2022-06-13T21:13:14.3226273+02:00" endTime="2022-06-13T21:13:14.3226455+02:00" testType="13cdc9d9-ddb5-4fa4-a97d-d965ccfc6d4b" outcome="Passed" testListId="8c84fa94-04c1-424b-9868-57a2d4851a1d" relativeResultsDirectory="9b296978-d274-4861-b33f-c4188f330a21" />
    <UnitTestResult executionId="11f13edd-0f29-4cd1-983f-d9b747b970af" testId="aa4e492c-9871-e494-8afc-2e1c32042c9f" testName="FormatToStringTest1000(16129.507288814293d,&quot;16129.51 zł&quot;)" computerName="DESKTOP-5URQ9PB" duration="00:00:00.0000180" startTime="2022-06-13T21:13:14.3281730+02:00" endTime="2022-06-13T21:13:14.3281908+02:00" testType="13cdc9d9-ddb5-4fa4-a97d-d965ccfc6d4b" outcome="Passed" testListId="8c84fa94-04c1-424b-9868-57a2d4851a1d" relativeResultsDirectory="11f13edd-0f29-4cd1-983f-d9b747b970af" />
    <UnitTestResult executionId="22f0fa16-0ab6-412d-8371-68b36b494306" testId="9c484d5b-265a-2c6e-537b-f37cd91a7473" testName="FormatToStringTest1000(56373.35086238494d,&quot;56373.35 zł&quot;)" computerName="DESKTOP-5URQ9PB" duration="00:00:00.0000180" startTime="2022-06-13T21:13:14.3260515+02:00" endTime="2022-06-13T21:13:14.3260692+02:00" testType="13cdc9d9-ddb5-4fa4-a97d-d965ccfc6d4b" outcome="Passed" testListId="8c84fa94-04c1-424b-9868-57a2d4851a1d" relativeResultsDirectory="22f0fa16-0ab6-412d-8371-68b36b494306" />
    <UnitTestResult executionId="de55a7e8-6e92-4b51-9667-b5f3d0384e03" testId="097d9f12-a8b0-74cc-8829-12842d451447" testName="FormatToStringTest1000(59247.898931587064d,&quot;59247.90 zł&quot;)" computerName="DESKTOP-5URQ9PB" duration="00:00:00.0000180" startTime="2022-06-13T21:13:14.3326423+02:00" endTime="2022-06-13T21:13:14.3326599+02:00" testType="13cdc9d9-ddb5-4fa4-a97d-d965ccfc6d4b" outcome="Passed" testListId="8c84fa94-04c1-424b-9868-57a2d4851a1d" relativeResultsDirectory="de55a7e8-6e92-4b51-9667-b5f3d0384e03" />
    <UnitTestResult executionId="13326ac3-8814-432b-a32a-6a7a0877e474" testId="9629fd85-821b-932c-4f6c-d14c57ed62b0" testName="FormatToStringTest1000(22494.46807976834d,&quot;22494.47 zł&quot;)" computerName="DESKTOP-5URQ9PB" duration="00:00:00.0000200" startTime="2022-06-13T21:13:14.3355949+02:00" endTime="2022-06-13T21:13:14.3356152+02:00" testType="13cdc9d9-ddb5-4fa4-a97d-d965ccfc6d4b" outcome="Passed" testListId="8c84fa94-04c1-424b-9868-57a2d4851a1d" relativeResultsDirectory="13326ac3-8814-432b-a32a-6a7a0877e474" />
    <UnitTestResult executionId="72bbc7a4-a528-4d29-90ba-1a30c64d2f0f" testId="b074171d-4bb2-388e-f619-96efeb179b06" testName="FormatToStringTest1000(51632.87002968503d,&quot;51632.87 zł&quot;)" computerName="DESKTOP-5URQ9PB" duration="00:00:00.0000190" startTime="2022-06-13T21:13:14.3238806+02:00" endTime="2022-06-13T21:13:14.3238996+02:00" testType="13cdc9d9-ddb5-4fa4-a97d-d965ccfc6d4b" outcome="Passed" testListId="8c84fa94-04c1-424b-9868-57a2d4851a1d" relativeResultsDirectory="72bbc7a4-a528-4d29-90ba-1a30c64d2f0f" />
    <UnitTestResult executionId="bf5ab405-2531-4089-9523-533bb6757a06" testId="b079a5c8-df38-5909-534e-204d0d33ecf8" testName="FormatToStringTest1000(23684.695462791573d,&quot;23684.70 zł&quot;)" computerName="DESKTOP-5URQ9PB" duration="00:00:00.0000200" startTime="2022-06-13T21:13:14.3342911+02:00" endTime="2022-06-13T21:13:14.3343108+02:00" testType="13cdc9d9-ddb5-4fa4-a97d-d965ccfc6d4b" outcome="Passed" testListId="8c84fa94-04c1-424b-9868-57a2d4851a1d" relativeResultsDirectory="bf5ab405-2531-4089-9523-533bb6757a06" />
    <UnitTestResult executionId="73897968-cacb-4a8e-aebc-ba57d3e60dc5" testId="58ed8150-ee65-8df8-a854-bba06457b4da" testName="FormatToStringTest1000(20445.11280083149d,&quot;20445.11 zł&quot;)" computerName="DESKTOP-5URQ9PB" duration="00:00:00.0000180" startTime="2022-06-13T21:13:14.3372046+02:00" endTime="2022-06-13T21:13:14.3372225+02:00" testType="13cdc9d9-ddb5-4fa4-a97d-d965ccfc6d4b" outcome="Passed" testListId="8c84fa94-04c1-424b-9868-57a2d4851a1d" relativeResultsDirectory="73897968-cacb-4a8e-aebc-ba57d3e60dc5" />
    <UnitTestResult executionId="af09a0cf-ba5c-4ac5-9e82-3fedfcfd7f9f" testId="50412f91-cd15-dc69-c1d6-5d9dbd95d4af" testName="FormatToStringTest1000(20482.32969107308d,&quot;20482.33 zł&quot;)" computerName="DESKTOP-5URQ9PB" duration="00:00:00.0000330" startTime="2022-06-13T21:13:14.3214049+02:00" endTime="2022-06-13T21:13:14.3214378+02:00" testType="13cdc9d9-ddb5-4fa4-a97d-d965ccfc6d4b" outcome="Passed" testListId="8c84fa94-04c1-424b-9868-57a2d4851a1d" relativeResultsDirectory="af09a0cf-ba5c-4ac5-9e82-3fedfcfd7f9f" />
    <UnitTestResult executionId="29d87ece-728e-4fe2-aab4-99270eecf84b" testId="0e06d825-6ba9-71ac-24ec-c9336680dd03" testName="FormatToStringTest1000(48654.65723134794d,&quot;48654.66 zł&quot;)" computerName="DESKTOP-5URQ9PB" duration="00:00:00.0000190" startTime="2022-06-13T21:13:14.3255681+02:00" endTime="2022-06-13T21:13:14.3255868+02:00" testType="13cdc9d9-ddb5-4fa4-a97d-d965ccfc6d4b" outcome="Passed" testListId="8c84fa94-04c1-424b-9868-57a2d4851a1d" relativeResultsDirectory="29d87ece-728e-4fe2-aab4-99270eecf84b" />
    <UnitTestResult executionId="c9224093-4009-4b3e-90da-00f770abcf99" testId="fb0ce41f-cede-9ac7-f047-8c3573f30f7e" testName="FormatToStringTest1000(486.15309567942893d,&quot;486.15 zł&quot;)" computerName="DESKTOP-5URQ9PB" duration="00:00:00.0000180" startTime="2022-06-13T21:13:14.3263450+02:00" endTime="2022-06-13T21:13:14.3263627+02:00" testType="13cdc9d9-ddb5-4fa4-a97d-d965ccfc6d4b" outcome="Passed" testListId="8c84fa94-04c1-424b-9868-57a2d4851a1d" relativeResultsDirectory="c9224093-4009-4b3e-90da-00f770abcf99" />
    <UnitTestResult executionId="55d9f21d-940b-4048-af66-0f7780ae3dec" testId="21347641-7dc3-6035-5dfd-bb1ac2ae1b73" testName="FormatToStringTest1000(28992.38363400166d,&quot;28992.38 zł&quot;)" computerName="DESKTOP-5URQ9PB" duration="00:00:00.0000190" startTime="2022-06-13T21:13:14.3355207+02:00" endTime="2022-06-13T21:13:14.3355392+02:00" testType="13cdc9d9-ddb5-4fa4-a97d-d965ccfc6d4b" outcome="Passed" testListId="8c84fa94-04c1-424b-9868-57a2d4851a1d" relativeResultsDirectory="55d9f21d-940b-4048-af66-0f7780ae3dec" />
    <UnitTestResult executionId="e658eb7f-b883-44aa-8209-693d21d86b47" testId="c2736500-86f5-c7ae-a0e1-fceb61e5a5d4" testName="FormatToStringTest1000(46607.970025941715d,&quot;46607.97 zł&quot;)" computerName="DESKTOP-5URQ9PB" duration="00:00:00.0000180" startTime="2022-06-13T21:13:14.3278805+02:00" endTime="2022-06-13T21:13:14.3278988+02:00" testType="13cdc9d9-ddb5-4fa4-a97d-d965ccfc6d4b" outcome="Passed" testListId="8c84fa94-04c1-424b-9868-57a2d4851a1d" relativeResultsDirectory="e658eb7f-b883-44aa-8209-693d21d86b47" />
    <UnitTestResult executionId="b46f815e-7f66-4bb7-91d0-19cf58ad0066" testId="de399ac2-0e9a-031b-1b43-49701fcdb8f0" testName="FormatToStringTest1000(10174.652801423637d,&quot;10174.65 zł&quot;)" computerName="DESKTOP-5URQ9PB" duration="00:00:00.0000190" startTime="2022-06-13T21:13:14.3324472+02:00" endTime="2022-06-13T21:13:14.3324660+02:00" testType="13cdc9d9-ddb5-4fa4-a97d-d965ccfc6d4b" outcome="Passed" testListId="8c84fa94-04c1-424b-9868-57a2d4851a1d" relativeResultsDirectory="b46f815e-7f66-4bb7-91d0-19cf58ad0066" />
    <UnitTestResult executionId="45a52111-f716-490e-80c9-89e4adccae20" testId="cba33adf-d8e4-1800-afdf-f1e10b328694" testName="FormatToStringTest1000(39531.95190033268d,&quot;39531.95 zł&quot;)" computerName="DESKTOP-5URQ9PB" duration="00:00:00.0000180" startTime="2022-06-13T21:13:14.3348472+02:00" endTime="2022-06-13T21:13:14.3348655+02:00" testType="13cdc9d9-ddb5-4fa4-a97d-d965ccfc6d4b" outcome="Passed" testListId="8c84fa94-04c1-424b-9868-57a2d4851a1d" relativeResultsDirectory="45a52111-f716-490e-80c9-89e4adccae20" />
    <UnitTestResult executionId="54547703-452d-4981-bfb9-738ea293f23b" testId="b8049e3c-9c33-aae7-ee13-10324d7813cb" testName="FormatToStringTest1000(19397.344749736294d,&quot;19397.34 zł&quot;)" computerName="DESKTOP-5URQ9PB" duration="00:00:00.0000190" startTime="2022-06-13T21:13:14.3400020+02:00" endTime="2022-06-13T21:13:14.3400204+02:00" testType="13cdc9d9-ddb5-4fa4-a97d-d965ccfc6d4b" outcome="Passed" testListId="8c84fa94-04c1-424b-9868-57a2d4851a1d" relativeResultsDirectory="54547703-452d-4981-bfb9-738ea293f23b" />
    <UnitTestResult executionId="54c24263-0b0a-4795-bb5b-cc5fbbe90686" testId="a847ffac-041e-82ae-b13a-0b82098799e8" testName="FormatToStringTest1000(59768.02667973611d,&quot;59768.03 zł&quot;)" computerName="DESKTOP-5URQ9PB" duration="00:00:00.0000200" startTime="2022-06-13T21:13:14.3299252+02:00" endTime="2022-06-13T21:13:14.3299447+02:00" testType="13cdc9d9-ddb5-4fa4-a97d-d965ccfc6d4b" outcome="Passed" testListId="8c84fa94-04c1-424b-9868-57a2d4851a1d" relativeResultsDirectory="54c24263-0b0a-4795-bb5b-cc5fbbe90686" />
    <UnitTestResult executionId="8cf07ec9-f9c5-4ec7-bd8d-d314719421d9" testId="44562592-e269-1796-e138-85487f7a2be9" testName="FormatToStringTest1000(12118.31777677048d,&quot;12118.32 zł&quot;)" computerName="DESKTOP-5URQ9PB" duration="00:00:00.0000190" startTime="2022-06-13T21:13:14.3370821+02:00" endTime="2022-06-13T21:13:14.3371010+02:00" testType="13cdc9d9-ddb5-4fa4-a97d-d965ccfc6d4b" outcome="Passed" testListId="8c84fa94-04c1-424b-9868-57a2d4851a1d" relativeResultsDirectory="8cf07ec9-f9c5-4ec7-bd8d-d314719421d9" />
    <UnitTestResult executionId="3765fa5a-c0a2-46ee-b314-a48aaabe54b8" testId="114d6aa2-3c70-c374-d5cb-1675b6f9d5e6" testName="FormatToStringTest1000(8499.121443388574d,&quot;8499.12 zł&quot;)" computerName="DESKTOP-5URQ9PB" duration="00:00:00.0000190" startTime="2022-06-13T21:13:14.3167272+02:00" endTime="2022-06-13T21:13:14.3167463+02:00" testType="13cdc9d9-ddb5-4fa4-a97d-d965ccfc6d4b" outcome="Passed" testListId="8c84fa94-04c1-424b-9868-57a2d4851a1d" relativeResultsDirectory="3765fa5a-c0a2-46ee-b314-a48aaabe54b8" />
    <UnitTestResult executionId="195610c5-caf7-4d7d-9b8b-47bbb3e09842" testId="21fecb6a-616e-e0ca-06e2-949826e6d9fe" testName="FormatToStringTest1000(5810.695934967462d,&quot;5810.70 zł&quot;)" computerName="DESKTOP-5URQ9PB" duration="00:00:00.0000190" startTime="2022-06-13T21:13:14.3418700+02:00" endTime="2022-06-13T21:13:14.3418892+02:00" testType="13cdc9d9-ddb5-4fa4-a97d-d965ccfc6d4b" outcome="Passed" testListId="8c84fa94-04c1-424b-9868-57a2d4851a1d" relativeResultsDirectory="195610c5-caf7-4d7d-9b8b-47bbb3e09842" />
    <UnitTestResult executionId="cdb48ec3-85bd-4f96-bbde-fd5684702e12" testId="f28b795b-c425-f0b1-e6d2-05ca8e559551" testName="FormatToStringTest1000(3646.857719214101d,&quot;3646.86 zł&quot;)" computerName="DESKTOP-5URQ9PB" duration="00:00:00.0000190" startTime="2022-06-13T21:13:14.3288401+02:00" endTime="2022-06-13T21:13:14.3288584+02:00" testType="13cdc9d9-ddb5-4fa4-a97d-d965ccfc6d4b" outcome="Passed" testListId="8c84fa94-04c1-424b-9868-57a2d4851a1d" relativeResultsDirectory="cdb48ec3-85bd-4f96-bbde-fd5684702e12" />
    <UnitTestResult executionId="a1680886-2a02-44ea-8e6c-81b5258c4583" testId="0107bc98-e88d-a137-c4d8-ff01a11c4723" testName="FormatToStringTest1000(16208.076866391615d,&quot;16208.08 zł&quot;)" computerName="DESKTOP-5URQ9PB" duration="00:00:00.0000180" startTime="2022-06-13T21:13:14.3411652+02:00" endTime="2022-06-13T21:13:14.3411831+02:00" testType="13cdc9d9-ddb5-4fa4-a97d-d965ccfc6d4b" outcome="Passed" testListId="8c84fa94-04c1-424b-9868-57a2d4851a1d" relativeResultsDirectory="a1680886-2a02-44ea-8e6c-81b5258c4583" />
    <UnitTestResult executionId="7ed0fee6-5219-41c2-abc9-a0b8f7f5b314" testId="84106c87-4ea7-9a5a-a250-230c7c8ac9ba" testName="FormatToStringTest1000(5279.315995182524d,&quot;5279.32 zł&quot;)" computerName="DESKTOP-5URQ9PB" duration="00:00:00.0000180" startTime="2022-06-13T21:13:14.3309696+02:00" endTime="2022-06-13T21:13:14.3309877+02:00" testType="13cdc9d9-ddb5-4fa4-a97d-d965ccfc6d4b" outcome="Passed" testListId="8c84fa94-04c1-424b-9868-57a2d4851a1d" relativeResultsDirectory="7ed0fee6-5219-41c2-abc9-a0b8f7f5b314" />
    <UnitTestResult executionId="6120c9e6-7566-4dc1-b6f6-5900b5697d71" testId="95a4da2d-eeda-4697-a7af-1236c580bef1" testName="FormatToStringTest1000(79.6815319544084d,&quot;79.68 zł&quot;)" computerName="DESKTOP-5URQ9PB" duration="00:00:00.0000190" startTime="2022-06-13T21:13:14.3155701+02:00" endTime="2022-06-13T21:13:14.3155895+02:00" testType="13cdc9d9-ddb5-4fa4-a97d-d965ccfc6d4b" outcome="Passed" testListId="8c84fa94-04c1-424b-9868-57a2d4851a1d" relativeResultsDirectory="6120c9e6-7566-4dc1-b6f6-5900b5697d71" />
    <UnitTestResult executionId="6709c963-6fd7-4cb7-89ec-a752e46409d4" testId="386a6353-f26d-0503-41f2-052972dc214e" testName="FormatToStringTest1000(12202.860111308684d,&quot;12202.86 zł&quot;)" computerName="DESKTOP-5URQ9PB" duration="00:00:00.0000200" startTime="2022-06-13T21:13:14.3282510+02:00" endTime="2022-06-13T21:13:14.3282711+02:00" testType="13cdc9d9-ddb5-4fa4-a97d-d965ccfc6d4b" outcome="Passed" testListId="8c84fa94-04c1-424b-9868-57a2d4851a1d" relativeResultsDirectory="6709c963-6fd7-4cb7-89ec-a752e46409d4" />
    <UnitTestResult executionId="3ff218bb-d71e-4626-9cfd-19fc510e69cb" testId="5fdca359-14d7-98c9-3f79-03e22f946141" testName="FormatToStringTest1000(12429.698213906819d,&quot;12429.70 zł&quot;)" computerName="DESKTOP-5URQ9PB" duration="00:00:00.0000180" startTime="2022-06-13T21:13:14.3273407+02:00" endTime="2022-06-13T21:13:14.3273587+02:00" testType="13cdc9d9-ddb5-4fa4-a97d-d965ccfc6d4b" outcome="Passed" testListId="8c84fa94-04c1-424b-9868-57a2d4851a1d" relativeResultsDirectory="3ff218bb-d71e-4626-9cfd-19fc510e69cb" />
    <UnitTestResult executionId="723b1ff7-d30d-424e-87a3-2a8b6e6426ea" testId="64a6b4e0-a8e1-9595-14c6-66f8a8c8f576" testName="FormatToStringTest1000(12221.10494323592d,&quot;12221.10 zł&quot;)" computerName="DESKTOP-5URQ9PB" duration="00:00:00.0000260" startTime="2022-06-13T21:13:14.3193652+02:00" endTime="2022-06-13T21:13:14.3193908+02:00" testType="13cdc9d9-ddb5-4fa4-a97d-d965ccfc6d4b" outcome="Passed" testListId="8c84fa94-04c1-424b-9868-57a2d4851a1d" relativeResultsDirectory="723b1ff7-d30d-424e-87a3-2a8b6e6426ea" />
    <UnitTestResult executionId="8ce2cdb5-8de8-49e6-b2e1-3ca720430f67" testId="95bbb276-fcbd-d5d6-e9a9-e6e9fe02935a" testName="FormatToStringTest1000(58191.92113629585d,&quot;58191.92 zł&quot;)" computerName="DESKTOP-5URQ9PB" duration="00:00:00.0000190" startTime="2022-06-13T21:13:14.3336345+02:00" endTime="2022-06-13T21:13:14.3336538+02:00" testType="13cdc9d9-ddb5-4fa4-a97d-d965ccfc6d4b" outcome="Passed" testListId="8c84fa94-04c1-424b-9868-57a2d4851a1d" relativeResultsDirectory="8ce2cdb5-8de8-49e6-b2e1-3ca720430f67" />
    <UnitTestResult executionId="c622681e-e223-4a62-8a8f-f301270f8dd8" testId="0183c416-9787-c59d-18ce-d5b3fc43ac57" testName="FormatToStringTest1000(43858.624379632354d,&quot;43858.62 zł&quot;)" computerName="DESKTOP-5URQ9PB" duration="00:00:00.0000180" startTime="2022-06-13T21:13:14.3363921+02:00" endTime="2022-06-13T21:13:14.3364100+02:00" testType="13cdc9d9-ddb5-4fa4-a97d-d965ccfc6d4b" outcome="Passed" testListId="8c84fa94-04c1-424b-9868-57a2d4851a1d" relativeResultsDirectory="c622681e-e223-4a62-8a8f-f301270f8dd8" />
    <UnitTestResult executionId="b8c70581-762f-472a-bce1-b4a6f1032bdb" testId="5fd56893-4697-a123-e3df-f5a8329247bd" testName="FormatToStringTest1000(21785.42157155528d,&quot;21785.42 zł&quot;)" computerName="DESKTOP-5URQ9PB" duration="00:00:00.0000210" startTime="2022-06-13T21:13:14.3379264+02:00" endTime="2022-06-13T21:13:14.3379470+02:00" testType="13cdc9d9-ddb5-4fa4-a97d-d965ccfc6d4b" outcome="Passed" testListId="8c84fa94-04c1-424b-9868-57a2d4851a1d" relativeResultsDirectory="b8c70581-762f-472a-bce1-b4a6f1032bdb" />
    <UnitTestResult executionId="8728cfa7-169b-44c7-a7b6-1d35ac5dda2d" testId="451dabd5-e4bb-ea9d-054e-87b0f58becfa" testName="FormatToStringTest1000(66053.95451852398d,&quot;66053.95 zł&quot;)" computerName="DESKTOP-5URQ9PB" duration="00:00:00.0000190" startTime="2022-06-13T21:13:14.3289125+02:00" endTime="2022-06-13T21:13:14.3289312+02:00" testType="13cdc9d9-ddb5-4fa4-a97d-d965ccfc6d4b" outcome="Passed" testListId="8c84fa94-04c1-424b-9868-57a2d4851a1d" relativeResultsDirectory="8728cfa7-169b-44c7-a7b6-1d35ac5dda2d" />
    <UnitTestResult executionId="ba6b632d-a54e-4520-96a3-e40084533e9d" testId="8ba4f73b-ec87-c89b-2641-8f6e59861d2d" testName="FormatToStringTest1000(11829.625994884234d,&quot;11829.63 zł&quot;)" computerName="DESKTOP-5URQ9PB" duration="00:00:00.0000180" startTime="2022-06-13T21:13:14.3284256+02:00" endTime="2022-06-13T21:13:14.3284440+02:00" testType="13cdc9d9-ddb5-4fa4-a97d-d965ccfc6d4b" outcome="Passed" testListId="8c84fa94-04c1-424b-9868-57a2d4851a1d" relativeResultsDirectory="ba6b632d-a54e-4520-96a3-e40084533e9d" />
    <UnitTestResult executionId="0b4074ff-dfdc-486d-879a-3ebcef53e5be" testId="37376bb5-e384-3c51-d1d8-3ba613fa9182" testName="FormatToStringTest1000(85407.13428016152d,&quot;85407.13 zł&quot;)" computerName="DESKTOP-5URQ9PB" duration="00:00:00.0000260" startTime="2022-06-13T21:13:14.3457987+02:00" endTime="2022-06-13T21:13:14.3458249+02:00" testType="13cdc9d9-ddb5-4fa4-a97d-d965ccfc6d4b" outcome="Passed" testListId="8c84fa94-04c1-424b-9868-57a2d4851a1d" relativeResultsDirectory="0b4074ff-dfdc-486d-879a-3ebcef53e5be" />
    <UnitTestResult executionId="a2346f2b-7823-4964-942f-906ba5ef1f37" testId="1b5e4bdd-94b8-c181-30ec-747619ebfce8" testName="FormatToStringTest1000(12577.642620996872d,&quot;12577.64 zł&quot;)" computerName="DESKTOP-5URQ9PB" duration="00:00:00.0000320" startTime="2022-06-13T21:13:14.3213618+02:00" endTime="2022-06-13T21:13:14.3213936+02:00" testType="13cdc9d9-ddb5-4fa4-a97d-d965ccfc6d4b" outcome="Passed" testListId="8c84fa94-04c1-424b-9868-57a2d4851a1d" relativeResultsDirectory="a2346f2b-7823-4964-942f-906ba5ef1f37" />
    <UnitTestResult executionId="c3d5892b-a052-4cbb-bab5-24258338b79d" testId="80a01599-be59-3356-d51c-3d8e6f327fd1" testName="FormatToStringTest1000(88616.03808168416d,&quot;88616.04 zł&quot;)" computerName="DESKTOP-5URQ9PB" duration="00:00:00.0000190" startTime="2022-06-13T21:13:14.3385359+02:00" endTime="2022-06-13T21:13:14.3385546+02:00" testType="13cdc9d9-ddb5-4fa4-a97d-d965ccfc6d4b" outcome="Passed" testListId="8c84fa94-04c1-424b-9868-57a2d4851a1d" relativeResultsDirectory="c3d5892b-a052-4cbb-bab5-24258338b79d" />
    <UnitTestResult executionId="5da5dfb1-fb90-4dd1-9267-443941e8fac4" testId="b266e530-9059-cc9e-a2de-5a104736c757" testName="FormatToStringTest1000(14003.84591249742d,&quot;14003.85 zł&quot;)" computerName="DESKTOP-5URQ9PB" duration="00:00:00.0000220" startTime="2022-06-13T21:13:14.3321479+02:00" endTime="2022-06-13T21:13:14.3321696+02:00" testType="13cdc9d9-ddb5-4fa4-a97d-d965ccfc6d4b" outcome="Passed" testListId="8c84fa94-04c1-424b-9868-57a2d4851a1d" relativeResultsDirectory="5da5dfb1-fb90-4dd1-9267-443941e8fac4" />
    <UnitTestResult executionId="83444ff2-1e5f-4bc8-af3b-17089368a1f4" testId="785b55cc-be99-2e92-e97b-e8c0390c5420" testName="FormatToStringTest1000(17990.38119827089d,&quot;17990.38 zł&quot;)" computerName="DESKTOP-5URQ9PB" duration="00:00:00.0000190" startTime="2022-06-13T21:13:14.3254481+02:00" endTime="2022-06-13T21:13:14.3254665+02:00" testType="13cdc9d9-ddb5-4fa4-a97d-d965ccfc6d4b" outcome="Passed" testListId="8c84fa94-04c1-424b-9868-57a2d4851a1d" relativeResultsDirectory="83444ff2-1e5f-4bc8-af3b-17089368a1f4" />
    <UnitTestResult executionId="0246571a-796d-49a0-ba87-e5968bc736b5" testId="bb7e4fc8-2bb1-dbaf-8cdd-5d93ef915f61" testName="FormatToStringTest1000(28298.945361683585d,&quot;28298.95 zł&quot;)" computerName="DESKTOP-5URQ9PB" duration="00:00:00.0000190" startTime="2022-06-13T21:13:14.3301248+02:00" endTime="2022-06-13T21:13:14.3301441+02:00" testType="13cdc9d9-ddb5-4fa4-a97d-d965ccfc6d4b" outcome="Passed" testListId="8c84fa94-04c1-424b-9868-57a2d4851a1d" relativeResultsDirectory="0246571a-796d-49a0-ba87-e5968bc736b5" />
    <UnitTestResult executionId="adc477aa-9ee3-4763-8ef4-ab51fe485103" testId="f7b6c5f3-1f58-e9ae-14c8-31eb58d1211b" testName="FormatToStringTest1000(97129.75160633575d,&quot;97129.75 zł&quot;)" computerName="DESKTOP-5URQ9PB" duration="00:00:00.0000180" startTime="2022-06-13T21:13:14.3250728+02:00" endTime="2022-06-13T21:13:14.3250905+02:00" testType="13cdc9d9-ddb5-4fa4-a97d-d965ccfc6d4b" outcome="Passed" testListId="8c84fa94-04c1-424b-9868-57a2d4851a1d" relativeResultsDirectory="adc477aa-9ee3-4763-8ef4-ab51fe485103" />
    <UnitTestResult executionId="023e798c-0142-4e6f-a516-2348d6a30dde" testId="cb302138-e270-3017-57fb-1fe538b37f25" testName="FormatToStringTest1000(14910.573044539697d,&quot;14910.57 zł&quot;)" computerName="DESKTOP-5URQ9PB" duration="00:00:00.0000420" startTime="2022-06-13T21:13:14.3456131+02:00" endTime="2022-06-13T21:13:14.3456546+02:00" testType="13cdc9d9-ddb5-4fa4-a97d-d965ccfc6d4b" outcome="Passed" testListId="8c84fa94-04c1-424b-9868-57a2d4851a1d" relativeResultsDirectory="023e798c-0142-4e6f-a516-2348d6a30dde" />
    <UnitTestResult executionId="cb46d13e-317a-47f2-b442-c12a24806e74" testId="3ec04580-c747-9bc8-6ea0-e87ec6ca04ad" testName="FormatToStringTest1000(73151.83675918348d,&quot;73151.84 zł&quot;)" computerName="DESKTOP-5URQ9PB" duration="00:00:00.0000180" startTime="2022-06-13T21:13:14.3401015+02:00" endTime="2022-06-13T21:13:14.3401195+02:00" testType="13cdc9d9-ddb5-4fa4-a97d-d965ccfc6d4b" outcome="Passed" testListId="8c84fa94-04c1-424b-9868-57a2d4851a1d" relativeResultsDirectory="cb46d13e-317a-47f2-b442-c12a24806e74" />
    <UnitTestResult executionId="9de9b9d2-675d-4f84-879b-8628034d129f" testId="57ff7061-f165-0166-a6d9-95fdfc400dea" testName="FormatToStringTest1000(10324.538670147089d,&quot;10324.54 zł&quot;)" computerName="DESKTOP-5URQ9PB" duration="00:00:00.0000180" startTime="2022-06-13T21:13:14.3327648+02:00" endTime="2022-06-13T21:13:14.3327826+02:00" testType="13cdc9d9-ddb5-4fa4-a97d-d965ccfc6d4b" outcome="Passed" testListId="8c84fa94-04c1-424b-9868-57a2d4851a1d" relativeResultsDirectory="9de9b9d2-675d-4f84-879b-8628034d129f" />
    <UnitTestResult executionId="6d2ee8a2-bc76-42b5-b751-1990830e4140" testId="62970bd3-0fb8-814d-a0a1-ab9e8aeaae79" testName="FormatToStringTest1000(28068.20530246394d,&quot;28068.21 zł&quot;)" computerName="DESKTOP-5URQ9PB" duration="00:00:00.0000180" startTime="2022-06-13T21:13:14.3281494+02:00" endTime="2022-06-13T21:13:14.3281671+02:00" testType="13cdc9d9-ddb5-4fa4-a97d-d965ccfc6d4b" outcome="Passed" testListId="8c84fa94-04c1-424b-9868-57a2d4851a1d" relativeResultsDirectory="6d2ee8a2-bc76-42b5-b751-1990830e4140" />
    <UnitTestResult executionId="0b15d2b7-f116-4f97-80cf-27c4f93cbeef" testId="860765f6-59d4-c798-166f-19857f828734" testName="FormatToStringTest1000(53192.79032742269d,&quot;53192.79 zł&quot;)" computerName="DESKTOP-5URQ9PB" duration="00:00:00.0000180" startTime="2022-06-13T21:13:14.3420680+02:00" endTime="2022-06-13T21:13:14.3420859+02:00" testType="13cdc9d9-ddb5-4fa4-a97d-d965ccfc6d4b" outcome="Passed" testListId="8c84fa94-04c1-424b-9868-57a2d4851a1d" relativeResultsDirectory="0b15d2b7-f116-4f97-80cf-27c4f93cbeef" />
    <UnitTestResult executionId="8bc16f45-be81-4ae2-98e1-8b5e8f124afc" testId="2a24dcb9-e2e0-3650-3ac7-5ec77389adc1" testName="FormatToStringTest1000(5835.26176155557d,&quot;5835.26 zł&quot;)" computerName="DESKTOP-5URQ9PB" duration="00:00:00.0000180" startTime="2022-06-13T21:13:14.3323254+02:00" endTime="2022-06-13T21:13:14.3323434+02:00" testType="13cdc9d9-ddb5-4fa4-a97d-d965ccfc6d4b" outcome="Passed" testListId="8c84fa94-04c1-424b-9868-57a2d4851a1d" relativeResultsDirectory="8bc16f45-be81-4ae2-98e1-8b5e8f124afc" />
    <UnitTestResult executionId="ee3f74b1-b597-42e8-89c8-a02204af7c85" testId="7b5400c4-5377-7ac8-dd1c-7b695cb4115f" testName="FormatToStringTest1000(7813.027778348433d,&quot;7813.03 zł&quot;)" computerName="DESKTOP-5URQ9PB" duration="00:00:00.0000180" startTime="2022-06-13T21:13:14.3342089+02:00" endTime="2022-06-13T21:13:14.3342271+02:00" testType="13cdc9d9-ddb5-4fa4-a97d-d965ccfc6d4b" outcome="Passed" testListId="8c84fa94-04c1-424b-9868-57a2d4851a1d" relativeResultsDirectory="ee3f74b1-b597-42e8-89c8-a02204af7c85" />
    <UnitTestResult executionId="75ec00dd-37ab-4477-9e9d-94658749c079" testId="7f23cd21-ad85-3cc7-38be-9ece9bfed213" testName="FormatToStringTest1000(19541.10539777116d,&quot;19541.11 zł&quot;)" computerName="DESKTOP-5URQ9PB" duration="00:00:00.0000180" startTime="2022-06-13T21:13:14.3163586+02:00" endTime="2022-06-13T21:13:14.3163765+02:00" testType="13cdc9d9-ddb5-4fa4-a97d-d965ccfc6d4b" outcome="Passed" testListId="8c84fa94-04c1-424b-9868-57a2d4851a1d" relativeResultsDirectory="75ec00dd-37ab-4477-9e9d-94658749c079" />
    <UnitTestResult executionId="673cf651-9df2-4ad8-b4cf-cfd9b40a21f6" testId="05474d60-4c0c-5e35-b4fc-2df26a361c4d" testName="FormatToStringTest1000(480.2082316857801d,&quot;480.21 zł&quot;)" computerName="DESKTOP-5URQ9PB" duration="00:00:00.0000310" startTime="2022-06-13T21:13:14.3192869+02:00" endTime="2022-06-13T21:13:14.3193175+02:00" testType="13cdc9d9-ddb5-4fa4-a97d-d965ccfc6d4b" outcome="Passed" testListId="8c84fa94-04c1-424b-9868-57a2d4851a1d" relativeResultsDirectory="673cf651-9df2-4ad8-b4cf-cfd9b40a21f6" />
    <UnitTestResult executionId="80519c80-144e-4ca0-b5ae-010ce716e831" testId="72246d42-3df4-5454-c0c9-cf24737deb1a" testName="FormatToStringTest1000(32732.81915128502d,&quot;32732.82 zł&quot;)" computerName="DESKTOP-5URQ9PB" duration="00:00:00.0000190" startTime="2022-06-13T21:13:14.3300019+02:00" endTime="2022-06-13T21:13:14.3300202+02:00" testType="13cdc9d9-ddb5-4fa4-a97d-d965ccfc6d4b" outcome="Passed" testListId="8c84fa94-04c1-424b-9868-57a2d4851a1d" relativeResultsDirectory="80519c80-144e-4ca0-b5ae-010ce716e831" />
    <UnitTestResult executionId="2bb10d78-86ed-41c8-b79e-80067ed9b0d3" testId="9c7df8f2-0bef-5347-a48a-3dbf0cbe5e21" testName="FormatToStringTest1000(20978.860218282258d,&quot;20978.86 zł&quot;)" computerName="DESKTOP-5URQ9PB" duration="00:00:00.0000190" startTime="2022-06-13T21:13:14.3240025+02:00" endTime="2022-06-13T21:13:14.3240210+02:00" testType="13cdc9d9-ddb5-4fa4-a97d-d965ccfc6d4b" outcome="Passed" testListId="8c84fa94-04c1-424b-9868-57a2d4851a1d" relativeResultsDirectory="2bb10d78-86ed-41c8-b79e-80067ed9b0d3" />
    <UnitTestResult executionId="e723e84e-35a6-4577-90a3-77f719def247" testId="a4acc92f-0c67-48bb-4524-7ef3c007ffb4" testName="FormatToStringTest1000(1474.699818629166d,&quot;1474.70 zł&quot;)" computerName="DESKTOP-5URQ9PB" duration="00:00:00.0000180" startTime="2022-06-13T21:13:14.3396354+02:00" endTime="2022-06-13T21:13:14.3396536+02:00" testType="13cdc9d9-ddb5-4fa4-a97d-d965ccfc6d4b" outcome="Passed" testListId="8c84fa94-04c1-424b-9868-57a2d4851a1d" relativeResultsDirectory="e723e84e-35a6-4577-90a3-77f719def247" />
    <UnitTestResult executionId="b1558ac8-51e1-448b-a372-2c87dfdd62d0" testId="ea848b43-279a-f1bb-ab29-b5a8e2e2c8af" testName="FormatToStringTest1000(68174.53068551492d,&quot;68174.53 zł&quot;)" computerName="DESKTOP-5URQ9PB" duration="00:00:00.0000190" startTime="2022-06-13T21:13:14.3385608+02:00" endTime="2022-06-13T21:13:14.3385797+02:00" testType="13cdc9d9-ddb5-4fa4-a97d-d965ccfc6d4b" outcome="Passed" testListId="8c84fa94-04c1-424b-9868-57a2d4851a1d" relativeResultsDirectory="b1558ac8-51e1-448b-a372-2c87dfdd62d0" />
    <UnitTestResult executionId="058a7226-f521-4bf2-b95d-0475b394ad9d" testId="e0c95d42-cf00-fbc7-42ac-a320fc125b1e" testName="FormatToStringTest1000(35784.54232617307d,&quot;35784.54 zł&quot;)" computerName="DESKTOP-5URQ9PB" duration="00:00:00.0000180" startTime="2022-06-13T21:13:14.3161593+02:00" endTime="2022-06-13T21:13:14.3161776+02:00" testType="13cdc9d9-ddb5-4fa4-a97d-d965ccfc6d4b" outcome="Passed" testListId="8c84fa94-04c1-424b-9868-57a2d4851a1d" relativeResultsDirectory="058a7226-f521-4bf2-b95d-0475b394ad9d" />
    <UnitTestResult executionId="5a039e28-c318-4ef5-9db4-405273d1cab3" testId="b700fa6d-df15-3228-9006-81a0fe0edb31" testName="FormatToStringTest1000(6864.093052674129d,&quot;6864.09 zł&quot;)" computerName="DESKTOP-5URQ9PB" duration="00:00:00.0000270" startTime="2022-06-13T21:13:14.3186508+02:00" endTime="2022-06-13T21:13:14.3186775+02:00" testType="13cdc9d9-ddb5-4fa4-a97d-d965ccfc6d4b" outcome="Passed" testListId="8c84fa94-04c1-424b-9868-57a2d4851a1d" relativeResultsDirectory="5a039e28-c318-4ef5-9db4-405273d1cab3" />
    <UnitTestResult executionId="03c77aec-d781-4c83-937c-937a57c93c50" testId="e616a89e-e9f6-0465-592f-c052811c9fe2" testName="FormatToStringTest1000(70432.00656616595d,&quot;70432.01 zł&quot;)" computerName="DESKTOP-5URQ9PB" duration="00:00:00.0000190" startTime="2022-06-13T21:13:14.3390631+02:00" endTime="2022-06-13T21:13:14.3390817+02:00" testType="13cdc9d9-ddb5-4fa4-a97d-d965ccfc6d4b" outcome="Passed" testListId="8c84fa94-04c1-424b-9868-57a2d4851a1d" relativeResultsDirectory="03c77aec-d781-4c83-937c-937a57c93c50" />
    <UnitTestResult executionId="ff22a208-d7e5-4602-9cf1-0cb2d90e1dc0" testId="74f41b57-bac2-c2b8-f1dc-9469402fc8fa" testName="FormatToStringTest1000(635.3263313632116d,&quot;635.33 zł&quot;)" computerName="DESKTOP-5URQ9PB" duration="00:00:00.0000180" startTime="2022-06-13T21:13:14.3409457+02:00" endTime="2022-06-13T21:13:14.3409634+02:00" testType="13cdc9d9-ddb5-4fa4-a97d-d965ccfc6d4b" outcome="Passed" testListId="8c84fa94-04c1-424b-9868-57a2d4851a1d" relativeResultsDirectory="ff22a208-d7e5-4602-9cf1-0cb2d90e1dc0" />
    <UnitTestResult executionId="19d58b20-4ae4-4758-b9f2-61331bf1acf7" testId="662f9f8e-b212-7223-452e-c301bb4c0b8d" testName="FormatToStringTest1000(3588.260979617136d,&quot;3588.26 zł&quot;)" computerName="DESKTOP-5URQ9PB" duration="00:00:00.0000190" startTime="2022-06-13T21:13:14.3383337+02:00" endTime="2022-06-13T21:13:14.3383525+02:00" testType="13cdc9d9-ddb5-4fa4-a97d-d965ccfc6d4b" outcome="Passed" testListId="8c84fa94-04c1-424b-9868-57a2d4851a1d" relativeResultsDirectory="19d58b20-4ae4-4758-b9f2-61331bf1acf7" />
    <UnitTestResult executionId="049b4a2c-cfd4-483c-852b-b8b87e63e799" testId="becea41b-b5f7-1be9-14b7-7b47b08d6269" testName="FormatToStringTest1000(37114.901517336206d,&quot;37114.90 zł&quot;)" computerName="DESKTOP-5URQ9PB" duration="00:00:00.0000200" startTime="2022-06-13T21:13:14.3380802+02:00" endTime="2022-06-13T21:13:14.3380995+02:00" testType="13cdc9d9-ddb5-4fa4-a97d-d965ccfc6d4b" outcome="Passed" testListId="8c84fa94-04c1-424b-9868-57a2d4851a1d" relativeResultsDirectory="049b4a2c-cfd4-483c-852b-b8b87e63e799" />
    <UnitTestResult executionId="fbd4b8d2-c930-4d42-b789-875932f52a34" testId="9e338ff4-5402-3f35-08f3-bafb7669b187" testName="FormatToStringTest1000(13092.45389243609d,&quot;13092.45 zł&quot;)" computerName="DESKTOP-5URQ9PB" duration="00:00:00.0000180" startTime="2022-06-13T21:13:14.3391616+02:00" endTime="2022-06-13T21:13:14.3391796+02:00" testType="13cdc9d9-ddb5-4fa4-a97d-d965ccfc6d4b" outcome="Passed" testListId="8c84fa94-04c1-424b-9868-57a2d4851a1d" relativeResultsDirectory="fbd4b8d2-c930-4d42-b789-875932f52a34" />
    <UnitTestResult executionId="06835bba-7d75-484f-9ae0-3700ae7251b5" testId="f6e6ea6a-a253-8185-3a92-d6751c76c436" testName="FormatToStringTest1000(45445.182098106096d,&quot;45445.18 zł&quot;)" computerName="DESKTOP-5URQ9PB" duration="00:00:00.0000180" startTime="2022-06-13T21:13:14.3254241+02:00" endTime="2022-06-13T21:13:14.3254420+02:00" testType="13cdc9d9-ddb5-4fa4-a97d-d965ccfc6d4b" outcome="Passed" testListId="8c84fa94-04c1-424b-9868-57a2d4851a1d" relativeResultsDirectory="06835bba-7d75-484f-9ae0-3700ae7251b5" />
    <UnitTestResult executionId="8489e1fe-d989-4896-8ec4-7f73fcfc04c1" testId="345abed9-9ef3-e2b8-4bc1-ad4b7b82dd26" testName="FormatToStringTest1000(10994.251866986162d,&quot;10994.25 zł&quot;)" computerName="DESKTOP-5URQ9PB" duration="00:00:00.0000180" startTime="2022-06-13T21:13:14.3313701+02:00" endTime="2022-06-13T21:13:14.3313885+02:00" testType="13cdc9d9-ddb5-4fa4-a97d-d965ccfc6d4b" outcome="Passed" testListId="8c84fa94-04c1-424b-9868-57a2d4851a1d" relativeResultsDirectory="8489e1fe-d989-4896-8ec4-7f73fcfc04c1" />
    <UnitTestResult executionId="8c77ab0a-422f-4362-8bfd-e0ca4be9e0a8" testId="3e4e2f06-1967-c539-7ba8-6e0f44663842" testName="FormatToStringTest1000(56378.261944644735d,&quot;56378.26 zł&quot;)" computerName="DESKTOP-5URQ9PB" duration="00:00:00.0000190" startTime="2022-06-13T21:13:14.3251955+02:00" endTime="2022-06-13T21:13:14.3252142+02:00" testType="13cdc9d9-ddb5-4fa4-a97d-d965ccfc6d4b" outcome="Passed" testListId="8c84fa94-04c1-424b-9868-57a2d4851a1d" relativeResultsDirectory="8c77ab0a-422f-4362-8bfd-e0ca4be9e0a8" />
    <UnitTestResult executionId="a5a07ac0-219e-4b3e-937a-a337d51082f7" testId="f06d92cb-e236-f7f9-e645-0971359a129a" testName="FormatToStringTest1000(22678.643495744862d,&quot;22678.64 zł&quot;)" computerName="DESKTOP-5URQ9PB" duration="00:00:00.0000180" startTime="2022-06-13T21:13:14.3349955+02:00" endTime="2022-06-13T21:13:14.3350137+02:00" testType="13cdc9d9-ddb5-4fa4-a97d-d965ccfc6d4b" outcome="Passed" testListId="8c84fa94-04c1-424b-9868-57a2d4851a1d" relativeResultsDirectory="a5a07ac0-219e-4b3e-937a-a337d51082f7" />
    <UnitTestResult executionId="e0c1f296-c8ca-4e78-813f-78bdc6ef95cf" testId="c09eca31-2a58-b146-7d55-b556b7020c68" testName="FormatToStringTest1000(45603.90324273142d,&quot;45603.90 zł&quot;)" computerName="DESKTOP-5URQ9PB" duration="00:00:00.0000210" startTime="2022-06-13T21:13:14.3157192+02:00" endTime="2022-06-13T21:13:14.3157400+02:00" testType="13cdc9d9-ddb5-4fa4-a97d-d965ccfc6d4b" outcome="Passed" testListId="8c84fa94-04c1-424b-9868-57a2d4851a1d" relativeResultsDirectory="e0c1f296-c8ca-4e78-813f-78bdc6ef95cf" />
    <UnitTestResult executionId="0780857e-00ef-4339-a649-45ea3d429d4d" testId="13d2b3bb-af6c-2786-7b3d-1db93b9fedf2" testName="FormatToStringTest1000(8514.837538072763d,&quot;8514.84 zł&quot;)" computerName="DESKTOP-5URQ9PB" duration="00:00:00.0000190" startTime="2022-06-13T21:13:14.3417212+02:00" endTime="2022-06-13T21:13:14.3417404+02:00" testType="13cdc9d9-ddb5-4fa4-a97d-d965ccfc6d4b" outcome="Passed" testListId="8c84fa94-04c1-424b-9868-57a2d4851a1d" relativeResultsDirectory="0780857e-00ef-4339-a649-45ea3d429d4d" />
    <UnitTestResult executionId="ddffa1ac-8bc0-4994-aceb-79938040bca0" testId="45e81eff-7762-2319-5d11-e20e90ac1295" testName="FormatToStringTest1000(29796.909338079815d,&quot;29796.91 zł&quot;)" computerName="DESKTOP-5URQ9PB" duration="00:00:00.0000180" startTime="2022-06-13T21:13:14.3416220+02:00" endTime="2022-06-13T21:13:14.3416402+02:00" testType="13cdc9d9-ddb5-4fa4-a97d-d965ccfc6d4b" outcome="Passed" testListId="8c84fa94-04c1-424b-9868-57a2d4851a1d" relativeResultsDirectory="ddffa1ac-8bc0-4994-aceb-79938040bca0" />
    <UnitTestResult executionId="b286b3b5-dae1-4c6e-99b2-fc412472f04c" testId="5eec1dec-2d00-5deb-f000-c17eea3526a6" testName="FormatToStringTest1000(1073.195098933389d,&quot;1073.20 zł&quot;)" computerName="DESKTOP-5URQ9PB" duration="00:00:00.0000180" startTime="2022-06-13T21:13:14.3331078+02:00" endTime="2022-06-13T21:13:14.3331257+02:00" testType="13cdc9d9-ddb5-4fa4-a97d-d965ccfc6d4b" outcome="Passed" testListId="8c84fa94-04c1-424b-9868-57a2d4851a1d" relativeResultsDirectory="b286b3b5-dae1-4c6e-99b2-fc412472f04c" />
    <UnitTestResult executionId="99c1b3d1-8a10-4c0b-9eb0-fdcb1b591808" testId="e919c93b-2878-e388-877b-68a9f48cc9b1" testName="FormatToStringTest1000(14719.97001409762d,&quot;14719.97 zł&quot;)" computerName="DESKTOP-5URQ9PB" duration="00:00:00.0000190" startTime="2022-06-13T21:13:14.3221089+02:00" endTime="2022-06-13T21:13:14.3221276+02:00" testType="13cdc9d9-ddb5-4fa4-a97d-d965ccfc6d4b" outcome="Passed" testListId="8c84fa94-04c1-424b-9868-57a2d4851a1d" relativeResultsDirectory="99c1b3d1-8a10-4c0b-9eb0-fdcb1b591808" />
    <UnitTestResult executionId="d1a54ee9-4209-49e3-997d-f332c1c955ca" testId="a1315833-0fe6-4fc5-8939-3c4f1b31db5e" testName="FormatToStringTest1000(26223.99769144412d,&quot;26224.00 zł&quot;)" computerName="DESKTOP-5URQ9PB" duration="00:00:00.0000320" startTime="2022-06-13T21:13:14.3200706+02:00" endTime="2022-06-13T21:13:14.3201018+02:00" testType="13cdc9d9-ddb5-4fa4-a97d-d965ccfc6d4b" outcome="Passed" testListId="8c84fa94-04c1-424b-9868-57a2d4851a1d" relativeResultsDirectory="d1a54ee9-4209-49e3-997d-f332c1c955ca" />
    <UnitTestResult executionId="5462c900-b4dd-454b-bcf9-9952e8b2f7e3" testId="aa52f83a-fd01-4271-59b5-322ecc9f9333" testName="FormatToStringTest1000(4252.4012513842445d,&quot;4252.40 zł&quot;)" computerName="DESKTOP-5URQ9PB" duration="00:00:00.0000190" startTime="2022-06-13T21:13:14.3365376+02:00" endTime="2022-06-13T21:13:14.3365564+02:00" testType="13cdc9d9-ddb5-4fa4-a97d-d965ccfc6d4b" outcome="Passed" testListId="8c84fa94-04c1-424b-9868-57a2d4851a1d" relativeResultsDirectory="5462c900-b4dd-454b-bcf9-9952e8b2f7e3" />
    <UnitTestResult executionId="b0b5cb6e-6746-4b92-afd5-4b5c03fe72cc" testId="a791af51-cffc-4361-1fd8-8baf48da92e6" testName="FormatToStringTest1000(15639.704937780603d,&quot;15639.70 zł&quot;)" computerName="DESKTOP-5URQ9PB" duration="00:00:00.0000190" startTime="2022-06-13T21:13:14.3165539+02:00" endTime="2022-06-13T21:13:14.3165727+02:00" testType="13cdc9d9-ddb5-4fa4-a97d-d965ccfc6d4b" outcome="Passed" testListId="8c84fa94-04c1-424b-9868-57a2d4851a1d" relativeResultsDirectory="b0b5cb6e-6746-4b92-afd5-4b5c03fe72cc" />
    <UnitTestResult executionId="9fc5f3ce-8001-45c1-b9de-8b649ab0cbbb" testId="b643553f-2706-197d-9fb1-e9b050657f08" testName="FormatToStringTest1000(76106.57198894516d,&quot;76106.57 zł&quot;)" computerName="DESKTOP-5URQ9PB" duration="00:00:00.0000190" startTime="2022-06-13T21:13:14.3420431+02:00" endTime="2022-06-13T21:13:14.3420619+02:00" testType="13cdc9d9-ddb5-4fa4-a97d-d965ccfc6d4b" outcome="Passed" testListId="8c84fa94-04c1-424b-9868-57a2d4851a1d" relativeResultsDirectory="9fc5f3ce-8001-45c1-b9de-8b649ab0cbbb" />
    <UnitTestResult executionId="97bf9e38-1773-4cd5-b40c-f4f4e594c00b" testId="17ffc344-aceb-1f84-f3bf-8205c38e1b46" testName="FormatToStringTest1000(22017.250119325356d,&quot;22017.25 zł&quot;)" computerName="DESKTOP-5URQ9PB" duration="00:00:00.0000280" startTime="2022-06-13T21:13:14.3194319+02:00" endTime="2022-06-13T21:13:14.3194593+02:00" testType="13cdc9d9-ddb5-4fa4-a97d-d965ccfc6d4b" outcome="Passed" testListId="8c84fa94-04c1-424b-9868-57a2d4851a1d" relativeResultsDirectory="97bf9e38-1773-4cd5-b40c-f4f4e594c00b" />
    <UnitTestResult executionId="22f715de-3f65-4436-a0bd-f4b5c8d70819" testId="a6a973e9-da68-b082-10c2-5aa132fd4e6b" testName="FormatToStringTest1000(36320.770035296104d,&quot;36320.77 zł&quot;)" computerName="DESKTOP-5URQ9PB" duration="00:00:00.0000180" startTime="2022-06-13T21:13:14.3391858+02:00" endTime="2022-06-13T21:13:14.3392037+02:00" testType="13cdc9d9-ddb5-4fa4-a97d-d965ccfc6d4b" outcome="Passed" testListId="8c84fa94-04c1-424b-9868-57a2d4851a1d" relativeResultsDirectory="22f715de-3f65-4436-a0bd-f4b5c8d70819" />
    <UnitTestResult executionId="edea38d4-7355-4dfb-9457-474d1ab6968e" testId="28c068cc-4f93-bf31-670a-7f0717946001" testName="FormatToStringTest1000(17988.455793307843d,&quot;17988.46 zł&quot;)" computerName="DESKTOP-5URQ9PB" duration="00:00:00.0000330" startTime="2022-06-13T21:13:14.3206509+02:00" endTime="2022-06-13T21:13:14.3206839+02:00" testType="13cdc9d9-ddb5-4fa4-a97d-d965ccfc6d4b" outcome="Passed" testListId="8c84fa94-04c1-424b-9868-57a2d4851a1d" relativeResultsDirectory="edea38d4-7355-4dfb-9457-474d1ab6968e" />
    <UnitTestResult executionId="8582bca6-b32d-4037-847b-a1e4a1a613c8" testId="9302047d-d400-9bf9-4ba4-2e05b31dc9ec" testName="FormatToStringTest1000(18424.864078561244d,&quot;18424.86 zł&quot;)" computerName="DESKTOP-5URQ9PB" duration="00:00:00.0000180" startTime="2022-06-13T21:13:14.3241484+02:00" endTime="2022-06-13T21:13:14.3241662+02:00" testType="13cdc9d9-ddb5-4fa4-a97d-d965ccfc6d4b" outcome="Passed" testListId="8c84fa94-04c1-424b-9868-57a2d4851a1d" relativeResultsDirectory="8582bca6-b32d-4037-847b-a1e4a1a613c8" />
    <UnitTestResult executionId="f443f290-ce1b-4e82-8ce6-20cdbb1323e5" testId="ad74bc79-5a2e-0559-0112-48492a8006d2" testName="FormatToStringTest1000(52481.07276821932d,&quot;52481.07 zł&quot;)" computerName="DESKTOP-5URQ9PB" duration="00:00:00.0000180" startTime="2022-06-13T21:13:14.3351426+02:00" endTime="2022-06-13T21:13:14.3351605+02:00" testType="13cdc9d9-ddb5-4fa4-a97d-d965ccfc6d4b" outcome="Passed" testListId="8c84fa94-04c1-424b-9868-57a2d4851a1d" relativeResultsDirectory="f443f290-ce1b-4e82-8ce6-20cdbb1323e5" />
    <UnitTestResult executionId="849478a5-4473-4717-9226-fdd2340739aa" testId="4c344495-4967-8a3c-49bd-83047e73dd58" testName="FormatToStringTest1000(159.83786031922224d,&quot;159.84 zł&quot;)" computerName="DESKTOP-5URQ9PB" duration="00:00:00.0000210" startTime="2022-06-13T21:13:14.3162821+02:00" endTime="2022-06-13T21:13:14.3163029+02:00" testType="13cdc9d9-ddb5-4fa4-a97d-d965ccfc6d4b" outcome="Passed" testListId="8c84fa94-04c1-424b-9868-57a2d4851a1d" relativeResultsDirectory="849478a5-4473-4717-9226-fdd2340739aa" />
    <UnitTestResult executionId="433a6b76-a104-47ff-99a6-197f54467a25" testId="e8132b4a-b72b-7d8e-d5ad-2056ee804391" testName="FormatToStringTest1000(10066.059180456241d,&quot;10066.06 zł&quot;)" computerName="DESKTOP-5URQ9PB" duration="00:00:00.0000200" startTime="2022-06-13T21:13:14.3387352+02:00" endTime="2022-06-13T21:13:14.3387552+02:00" testType="13cdc9d9-ddb5-4fa4-a97d-d965ccfc6d4b" outcome="Passed" testListId="8c84fa94-04c1-424b-9868-57a2d4851a1d" relativeResultsDirectory="433a6b76-a104-47ff-99a6-197f54467a25" />
    <UnitTestResult executionId="cde1b348-f0d8-4312-a273-e14297133bf8" testId="a08c8488-fa9f-7deb-e37e-0124bdaf71c9" testName="FormatToStringTest1000(70771.4436677524d,&quot;70771.44 zł&quot;)" computerName="DESKTOP-5URQ9PB" duration="00:00:00.0000290" startTime="2022-06-13T21:13:14.3186130+02:00" endTime="2022-06-13T21:13:14.3186411+02:00" testType="13cdc9d9-ddb5-4fa4-a97d-d965ccfc6d4b" outcome="Passed" testListId="8c84fa94-04c1-424b-9868-57a2d4851a1d" relativeResultsDirectory="cde1b348-f0d8-4312-a273-e14297133bf8" />
    <UnitTestResult executionId="65b63df7-568b-4d71-a06b-a869d5a3f912" testId="7b7e9341-cf8b-f510-483a-d874dccbbbca" testName="FormatToStringTest1000(9503.466049463705d,&quot;9503.47 zł&quot;)" computerName="DESKTOP-5URQ9PB" duration="00:00:00.0000190" startTime="2022-06-13T21:13:14.3317657+02:00" endTime="2022-06-13T21:13:14.3317847+02:00" testType="13cdc9d9-ddb5-4fa4-a97d-d965ccfc6d4b" outcome="Passed" testListId="8c84fa94-04c1-424b-9868-57a2d4851a1d" relativeResultsDirectory="65b63df7-568b-4d71-a06b-a869d5a3f912" />
    <UnitTestResult executionId="5726ca47-422a-4a3d-97d4-d60fdfa0a8e9" testId="32740214-c33e-96ad-e5a0-01c821ac0c2a" testName="FormatToStringTest1000(34951.47290410077d,&quot;34951.47 zł&quot;)" computerName="DESKTOP-5URQ9PB" duration="00:00:00.0000190" startTime="2022-06-13T21:13:14.3277328+02:00" endTime="2022-06-13T21:13:14.3277518+02:00" testType="13cdc9d9-ddb5-4fa4-a97d-d965ccfc6d4b" outcome="Passed" testListId="8c84fa94-04c1-424b-9868-57a2d4851a1d" relativeResultsDirectory="5726ca47-422a-4a3d-97d4-d60fdfa0a8e9" />
    <UnitTestResult executionId="f86bb343-fb1b-4303-a4cd-5f48948c1de6" testId="acd7d1ab-8336-79e5-b078-d5eb4c962b29" testName="FormatToStringTest1000(16819.974312979717d,&quot;16819.97 zł&quot;)" computerName="DESKTOP-5URQ9PB" duration="00:00:00.0000190" startTime="2022-06-13T21:13:14.3270085+02:00" endTime="2022-06-13T21:13:14.3270272+02:00" testType="13cdc9d9-ddb5-4fa4-a97d-d965ccfc6d4b" outcome="Passed" testListId="8c84fa94-04c1-424b-9868-57a2d4851a1d" relativeResultsDirectory="f86bb343-fb1b-4303-a4cd-5f48948c1de6" />
    <UnitTestResult executionId="a4137765-dca6-4df1-8c77-c2b8c8834765" testId="184b236a-96f5-5ef7-81e9-55fd01a96b10" testName="FormatToStringTest1000(5855.75080885354d,&quot;5855.75 zł&quot;)" computerName="DESKTOP-5URQ9PB" duration="00:00:00.0000190" startTime="2022-06-13T21:13:14.3353205+02:00" endTime="2022-06-13T21:13:14.3353389+02:00" testType="13cdc9d9-ddb5-4fa4-a97d-d965ccfc6d4b" outcome="Passed" testListId="8c84fa94-04c1-424b-9868-57a2d4851a1d" relativeResultsDirectory="a4137765-dca6-4df1-8c77-c2b8c8834765" />
    <UnitTestResult executionId="10e546c5-b488-4c61-a6bb-a970f2ca4034" testId="b5a90a67-8ab0-67af-7979-e040eeab7b97" testName="FormatToStringTest1000(20146.183073329827d,&quot;20146.18 zł&quot;)" computerName="DESKTOP-5URQ9PB" duration="00:00:00.0000190" startTime="2022-06-13T21:13:14.3224088+02:00" endTime="2022-06-13T21:13:14.3224274+02:00" testType="13cdc9d9-ddb5-4fa4-a97d-d965ccfc6d4b" outcome="Passed" testListId="8c84fa94-04c1-424b-9868-57a2d4851a1d" relativeResultsDirectory="10e546c5-b488-4c61-a6bb-a970f2ca4034" />
    <UnitTestResult executionId="e9637760-5ec1-4648-81c1-bf2fe83cbe34" testId="f9126a5c-91ab-1e44-30e6-13ca198640cb" testName="FormatToStringTest1000(12379.347974640013d,&quot;12379.35 zł&quot;)" computerName="DESKTOP-5URQ9PB" duration="00:00:00.0000190" startTime="2022-06-13T21:13:14.3407252+02:00" endTime="2022-06-13T21:13:14.3407438+02:00" testType="13cdc9d9-ddb5-4fa4-a97d-d965ccfc6d4b" outcome="Passed" testListId="8c84fa94-04c1-424b-9868-57a2d4851a1d" relativeResultsDirectory="e9637760-5ec1-4648-81c1-bf2fe83cbe34" />
    <UnitTestResult executionId="19aee174-c468-4c6b-a77d-17adc2dcf57e" testId="c185c27a-3451-102c-d3c1-98ea6c73d73c" testName="FormatToStringTest1000(25036.98767214035d,&quot;25036.99 zł&quot;)" computerName="DESKTOP-5URQ9PB" duration="00:00:00.0000180" startTime="2022-06-13T21:13:14.3226756+02:00" endTime="2022-06-13T21:13:14.3226933+02:00" testType="13cdc9d9-ddb5-4fa4-a97d-d965ccfc6d4b" outcome="Passed" testListId="8c84fa94-04c1-424b-9868-57a2d4851a1d" relativeResultsDirectory="19aee174-c468-4c6b-a77d-17adc2dcf57e" />
    <UnitTestResult executionId="7d8378c7-ce33-4a21-a91a-94c4b90505d2" testId="6b63c191-3bae-08f6-ef80-e9550ed318c7" testName="FormatToStringTest1000(48544.390887578666d,&quot;48544.39 zł&quot;)" computerName="DESKTOP-5URQ9PB" duration="00:00:00.0000200" startTime="2022-06-13T21:13:14.3315428+02:00" endTime="2022-06-13T21:13:14.3315621+02:00" testType="13cdc9d9-ddb5-4fa4-a97d-d965ccfc6d4b" outcome="Passed" testListId="8c84fa94-04c1-424b-9868-57a2d4851a1d" relativeResultsDirectory="7d8378c7-ce33-4a21-a91a-94c4b90505d2" />
    <UnitTestResult executionId="ca801103-e88f-475c-b014-4ec3f6e0b0e9" testId="244a126b-865c-f129-c9cf-f22a9a00e343" testName="FormatToStringTest1000(9628.688698104437d,&quot;9628.69 zł&quot;)" computerName="DESKTOP-5URQ9PB" duration="00:00:00.0000190" startTime="2022-06-13T21:13:14.3391370+02:00" endTime="2022-06-13T21:13:14.3391555+02:00" testType="13cdc9d9-ddb5-4fa4-a97d-d965ccfc6d4b" outcome="Passed" testListId="8c84fa94-04c1-424b-9868-57a2d4851a1d" relativeResultsDirectory="ca801103-e88f-475c-b014-4ec3f6e0b0e9" />
    <UnitTestResult executionId="e873bfb9-fa6d-46e2-b722-e808c9fe73e1" testId="e704684d-9f7f-da08-58cf-d52651e9dd96" testName="FormatToStringTest1000(75024.79122970243d,&quot;75024.79 zł&quot;)" computerName="DESKTOP-5URQ9PB" duration="00:00:00.0000190" startTime="2022-06-13T21:13:14.3244444+02:00" endTime="2022-06-13T21:13:14.3244629+02:00" testType="13cdc9d9-ddb5-4fa4-a97d-d965ccfc6d4b" outcome="Passed" testListId="8c84fa94-04c1-424b-9868-57a2d4851a1d" relativeResultsDirectory="e873bfb9-fa6d-46e2-b722-e808c9fe73e1" />
    <UnitTestResult executionId="9ef81cee-6325-459b-bffe-02141dd416ed" testId="a92ca949-d664-bb06-21ee-ed111f1dab55" testName="FormatToStringTest1000(9079.930405251649d,&quot;9079.93 zł&quot;)" computerName="DESKTOP-5URQ9PB" duration="00:00:00.0000180" startTime="2022-06-13T21:13:14.3271116+02:00" endTime="2022-06-13T21:13:14.3271296+02:00" testType="13cdc9d9-ddb5-4fa4-a97d-d965ccfc6d4b" outcome="Passed" testListId="8c84fa94-04c1-424b-9868-57a2d4851a1d" relativeResultsDirectory="9ef81cee-6325-459b-bffe-02141dd416ed" />
    <UnitTestResult executionId="90205a14-d043-461b-8c7c-55965ddc2568" testId="bbce4fa8-10c7-16ce-b8b0-bbab48797f43" testName="FormatToStringTest1000(3477.860963622509d,&quot;3477.86 zł&quot;)" computerName="DESKTOP-5URQ9PB" duration="00:00:00.0000190" startTime="2022-06-13T21:13:14.3374782+02:00" endTime="2022-06-13T21:13:14.3374971+02:00" testType="13cdc9d9-ddb5-4fa4-a97d-d965ccfc6d4b" outcome="Passed" testListId="8c84fa94-04c1-424b-9868-57a2d4851a1d" relativeResultsDirectory="90205a14-d043-461b-8c7c-55965ddc2568" />
    <UnitTestResult executionId="2bc83254-c85a-41ff-8a6a-83d05be6a33c" testId="7280bcd5-2dc4-a3f6-24fd-df56e5b00deb" testName="FormatToStringTest1000(22592.465903659566d,&quot;22592.47 zł&quot;)" computerName="DESKTOP-5URQ9PB" duration="00:00:00.0000330" startTime="2022-06-13T21:13:14.3216254+02:00" endTime="2022-06-13T21:13:14.3216577+02:00" testType="13cdc9d9-ddb5-4fa4-a97d-d965ccfc6d4b" outcome="Passed" testListId="8c84fa94-04c1-424b-9868-57a2d4851a1d" relativeResultsDirectory="2bc83254-c85a-41ff-8a6a-83d05be6a33c" />
    <UnitTestResult executionId="b139f97f-dff6-4d08-8fb8-b0e3059c8cf1" testId="c54c0d26-3d52-7638-d0ec-e651814ad808" testName="FormatToStringTest1000(2346.9964869427477d,&quot;2347.00 zł&quot;)" computerName="DESKTOP-5URQ9PB" duration="00:00:00.0000200" startTime="2022-06-13T21:13:14.3265387+02:00" endTime="2022-06-13T21:13:14.3265582+02:00" testType="13cdc9d9-ddb5-4fa4-a97d-d965ccfc6d4b" outcome="Passed" testListId="8c84fa94-04c1-424b-9868-57a2d4851a1d" relativeResultsDirectory="b139f97f-dff6-4d08-8fb8-b0e3059c8cf1" />
    <UnitTestResult executionId="b6a9116e-6de6-4754-8d1a-6090c9f1617f" testId="e0081990-e732-207e-ce35-b6f9f879e1b0" testName="FormatToStringTest1000(12370.243090209198d,&quot;12370.24 zł&quot;)" computerName="DESKTOP-5URQ9PB" duration="00:00:00.0000190" startTime="2022-06-13T21:13:14.3288881+02:00" endTime="2022-06-13T21:13:14.3289064+02:00" testType="13cdc9d9-ddb5-4fa4-a97d-d965ccfc6d4b" outcome="Passed" testListId="8c84fa94-04c1-424b-9868-57a2d4851a1d" relativeResultsDirectory="b6a9116e-6de6-4754-8d1a-6090c9f1617f" />
    <UnitTestResult executionId="281aed02-dac8-43a1-bb52-afb1d09ac896" testId="f9588db6-8045-6ceb-1c29-858ccdaab727" testName="FormatToStringTest1000(32213.734885384205d,&quot;32213.73 zł&quot;)" computerName="DESKTOP-5URQ9PB" duration="00:00:00.0000190" startTime="2022-06-13T21:13:14.3351665+02:00" endTime="2022-06-13T21:13:14.3351852+02:00" testType="13cdc9d9-ddb5-4fa4-a97d-d965ccfc6d4b" outcome="Passed" testListId="8c84fa94-04c1-424b-9868-57a2d4851a1d" relativeResultsDirectory="281aed02-dac8-43a1-bb52-afb1d09ac896" />
    <UnitTestResult executionId="9ea6193e-f1da-43c5-821e-fdca85e9fbe4" testId="00c173aa-365e-0279-47ce-e69aab924076" testName="FormatToStringTest1000(10511.7304983189d,&quot;10511.73 zł&quot;)" computerName="DESKTOP-5URQ9PB" duration="00:00:00.0000180" startTime="2022-06-13T21:13:14.3267615+02:00" endTime="2022-06-13T21:13:14.3267793+02:00" testType="13cdc9d9-ddb5-4fa4-a97d-d965ccfc6d4b" outcome="Passed" testListId="8c84fa94-04c1-424b-9868-57a2d4851a1d" relativeResultsDirectory="9ea6193e-f1da-43c5-821e-fdca85e9fbe4" />
    <UnitTestResult executionId="4a820a64-64a1-4aff-8246-1ab7423eef85" testId="acc05f4a-9abc-39e3-e875-400f69bcea41" testName="FormatToStringTest1000(88584.97010041306d,&quot;88584.97 zł&quot;)" computerName="DESKTOP-5URQ9PB" duration="00:00:00.0000180" startTime="2022-06-13T21:13:14.3276353+02:00" endTime="2022-06-13T21:13:14.3276532+02:00" testType="13cdc9d9-ddb5-4fa4-a97d-d965ccfc6d4b" outcome="Passed" testListId="8c84fa94-04c1-424b-9868-57a2d4851a1d" relativeResultsDirectory="4a820a64-64a1-4aff-8246-1ab7423eef85" />
    <UnitTestResult executionId="ef6d94c2-dc3a-4d71-8618-4bb4082750ae" testId="87886007-6727-2dc4-be03-09aefa74e875" testName="FormatToStringTest1000(29508.077101491428d,&quot;29508.08 zł&quot;)" computerName="DESKTOP-5URQ9PB" duration="00:00:00.0000300" startTime="2022-06-13T21:13:14.3191937+02:00" endTime="2022-06-13T21:13:14.3192232+02:00" testType="13cdc9d9-ddb5-4fa4-a97d-d965ccfc6d4b" outcome="Passed" testListId="8c84fa94-04c1-424b-9868-57a2d4851a1d" relativeResultsDirectory="ef6d94c2-dc3a-4d71-8618-4bb4082750ae" />
    <UnitTestResult executionId="3da63f22-a7b6-4c46-ad7f-2216b0ca9bd4" testId="c39afc72-aad4-5709-e4a1-73293872a305" testName="FormatToStringTest1000(51529.79033960206d,&quot;51529.79 zł&quot;)" computerName="DESKTOP-5URQ9PB" duration="00:00:00.0000200" startTime="2022-06-13T21:13:14.3402521+02:00" endTime="2022-06-13T21:13:14.3402720+02:00" testType="13cdc9d9-ddb5-4fa4-a97d-d965ccfc6d4b" outcome="Passed" testListId="8c84fa94-04c1-424b-9868-57a2d4851a1d" relativeResultsDirectory="3da63f22-a7b6-4c46-ad7f-2216b0ca9bd4" />
    <UnitTestResult executionId="741b7523-8e0a-475a-97e4-ad98d17d7cf2" testId="8762588b-d7fc-ca07-7e83-51f41467a9eb" testName="FormatToStringTest1000(12610.563163818122d,&quot;12610.56 zł&quot;)" computerName="DESKTOP-5URQ9PB" duration="00:00:00.0000190" startTime="2022-06-13T21:13:14.3392099+02:00" endTime="2022-06-13T21:13:14.3392287+02:00" testType="13cdc9d9-ddb5-4fa4-a97d-d965ccfc6d4b" outcome="Passed" testListId="8c84fa94-04c1-424b-9868-57a2d4851a1d" relativeResultsDirectory="741b7523-8e0a-475a-97e4-ad98d17d7cf2" />
    <UnitTestResult executionId="b3fff330-a1db-4131-8ced-6c628a29b1d8" testId="a4d82a7a-0101-77be-aadf-7ad891442135" testName="FormatToStringTest1000(35967.54466809684d,&quot;35967.54 zł&quot;)" computerName="DESKTOP-5URQ9PB" duration="00:00:00.0000200" startTime="2022-06-13T21:13:14.3354186+02:00" endTime="2022-06-13T21:13:14.3354386+02:00" testType="13cdc9d9-ddb5-4fa4-a97d-d965ccfc6d4b" outcome="Passed" testListId="8c84fa94-04c1-424b-9868-57a2d4851a1d" relativeResultsDirectory="b3fff330-a1db-4131-8ced-6c628a29b1d8" />
    <UnitTestResult executionId="94f17869-538e-4430-a986-4ab507fd08a1" testId="88670780-e590-ffb1-3bdf-7b575a4d5fc5" testName="FormatToStringTest1000(57436.33241095409d,&quot;57436.33 zł&quot;)" computerName="DESKTOP-5URQ9PB" duration="00:00:00.0000190" startTime="2022-06-13T21:13:14.3253258+02:00" endTime="2022-06-13T21:13:14.3253450+02:00" testType="13cdc9d9-ddb5-4fa4-a97d-d965ccfc6d4b" outcome="Passed" testListId="8c84fa94-04c1-424b-9868-57a2d4851a1d" relativeResultsDirectory="94f17869-538e-4430-a986-4ab507fd08a1" />
    <UnitTestResult executionId="7d0b3228-1f29-4cfb-81e3-f2c797a0cda8" testId="c51581ef-f81a-dd7d-4cbf-75770d6a883f" testName="FormatToStringTest1000(4105.490993980081d,&quot;4105.49 zł&quot;)" computerName="DESKTOP-5URQ9PB" duration="00:00:00.0000190" startTime="2022-06-13T21:13:14.3238320+02:00" endTime="2022-06-13T21:13:14.3238508+02:00" testType="13cdc9d9-ddb5-4fa4-a97d-d965ccfc6d4b" outcome="Passed" testListId="8c84fa94-04c1-424b-9868-57a2d4851a1d" relativeResultsDirectory="7d0b3228-1f29-4cfb-81e3-f2c797a0cda8" />
    <UnitTestResult executionId="57264846-a3b2-4397-be6a-b38e4e547e1e" testId="4f980f14-0ada-dd56-93fe-12a559a27314" testName="FormatToStringTest1000(37826.846755123166d,&quot;37826.85 zł&quot;)" computerName="DESKTOP-5URQ9PB" duration="00:00:00.0000190" startTime="2022-06-13T21:13:14.3329851+02:00" endTime="2022-06-13T21:13:14.3330037+02:00" testType="13cdc9d9-ddb5-4fa4-a97d-d965ccfc6d4b" outcome="Passed" testListId="8c84fa94-04c1-424b-9868-57a2d4851a1d" relativeResultsDirectory="57264846-a3b2-4397-be6a-b38e4e547e1e" />
    <UnitTestResult executionId="e30331e9-ebcd-4ac5-9f40-b68a6d74ea8e" testId="d2fc2ae7-e3b1-dc92-6628-90e5bb16c5d2" testName="FormatToStringTest1000(4419.750844657306d,&quot;4419.75 zł&quot;)" computerName="DESKTOP-5URQ9PB" duration="00:00:00.0000180" startTime="2022-06-13T21:13:14.3366851+02:00" endTime="2022-06-13T21:13:14.3367030+02:00" testType="13cdc9d9-ddb5-4fa4-a97d-d965ccfc6d4b" outcome="Passed" testListId="8c84fa94-04c1-424b-9868-57a2d4851a1d" relativeResultsDirectory="e30331e9-ebcd-4ac5-9f40-b68a6d74ea8e" />
    <UnitTestResult executionId="1a02b030-c24e-4989-bf92-44f6de479d7f" testId="97caedcb-d6ae-5556-8168-c745e877090a" testName="FormatToStringTest1000(13478.157112043891d,&quot;13478.16 zł&quot;)" computerName="DESKTOP-5URQ9PB" duration="00:00:00.0000180" startTime="2022-06-13T21:13:14.3316669+02:00" endTime="2022-06-13T21:13:14.3316850+02:00" testType="13cdc9d9-ddb5-4fa4-a97d-d965ccfc6d4b" outcome="Passed" testListId="8c84fa94-04c1-424b-9868-57a2d4851a1d" relativeResultsDirectory="1a02b030-c24e-4989-bf92-44f6de479d7f" />
    <UnitTestResult executionId="dbbe4f33-9427-4bca-af4c-6689161801e3" testId="0f4e158a-5f55-34ac-2195-c457e3f3f9e2" testName="FormatToStringTest1000(52032.65082931176d,&quot;52032.65 zł&quot;)" computerName="DESKTOP-5URQ9PB" duration="00:00:00.0000190" startTime="2022-06-13T21:13:14.3419444+02:00" endTime="2022-06-13T21:13:14.3419630+02:00" testType="13cdc9d9-ddb5-4fa4-a97d-d965ccfc6d4b" outcome="Passed" testListId="8c84fa94-04c1-424b-9868-57a2d4851a1d" relativeResultsDirectory="dbbe4f33-9427-4bca-af4c-6689161801e3" />
    <UnitTestResult executionId="4c1b0adc-df24-444e-adb1-68b744de182f" testId="d1d03651-a1e2-f6be-a8df-45190d2d89f8" testName="FormatToStringTest1000(16427.591943671738d,&quot;16427.59 zł&quot;)" computerName="DESKTOP-5URQ9PB" duration="00:00:00.0000250" startTime="2022-06-13T21:13:14.3293540+02:00" endTime="2022-06-13T21:13:14.3293790+02:00" testType="13cdc9d9-ddb5-4fa4-a97d-d965ccfc6d4b" outcome="Passed" testListId="8c84fa94-04c1-424b-9868-57a2d4851a1d" relativeResultsDirectory="4c1b0adc-df24-444e-adb1-68b744de182f" />
    <UnitTestResult executionId="eee14b3e-d108-4e9a-9792-81dd9de313ff" testId="f5fd9e95-4d91-8f7f-4648-e5bd7c8cc931" testName="FormatToStringTest1000(4002.4180488374172d,&quot;4002.42 zł&quot;)" computerName="DESKTOP-5URQ9PB" duration="00:00:00.0000200" startTime="2022-06-13T21:13:14.3395118+02:00" endTime="2022-06-13T21:13:14.3395313+02:00" testType="13cdc9d9-ddb5-4fa4-a97d-d965ccfc6d4b" outcome="Passed" testListId="8c84fa94-04c1-424b-9868-57a2d4851a1d" relativeResultsDirectory="eee14b3e-d108-4e9a-9792-81dd9de313ff" />
    <UnitTestResult executionId="6cdb36b4-966d-4110-ac6d-682d8b2e053e" testId="17d839f5-53e2-230c-5fc7-a871a7838f84" testName="FormatToStringTest1000(31315.40354898544d,&quot;31315.40 zł&quot;)" computerName="DESKTOP-5URQ9PB" duration="00:00:00.0000190" startTime="2022-06-13T21:13:14.3346201+02:00" endTime="2022-06-13T21:13:14.3346384+02:00" testType="13cdc9d9-ddb5-4fa4-a97d-d965ccfc6d4b" outcome="Passed" testListId="8c84fa94-04c1-424b-9868-57a2d4851a1d" relativeResultsDirectory="6cdb36b4-966d-4110-ac6d-682d8b2e053e" />
    <UnitTestResult executionId="614bb2bd-6758-448d-a386-17b6b923b504" testId="0ebe3939-f18c-dec0-703f-01349ca5c1ad" testName="FormatToStringTest1000(1676.7913981754293d,&quot;1676.79 zł&quot;)" computerName="DESKTOP-5URQ9PB" duration="00:00:00.0000180" startTime="2022-06-13T21:13:14.3318150+02:00" endTime="2022-06-13T21:13:14.3318330+02:00" testType="13cdc9d9-ddb5-4fa4-a97d-d965ccfc6d4b" outcome="Passed" testListId="8c84fa94-04c1-424b-9868-57a2d4851a1d" relativeResultsDirectory="614bb2bd-6758-448d-a386-17b6b923b504" />
    <UnitTestResult executionId="938d263c-b2aa-46e4-9e12-a55e40313034" testId="bc2dc8fc-01b0-0065-79fa-2e41ef829892" testName="FormatToStringTest1000(37528.70144368368d,&quot;37528.70 zł&quot;)" computerName="DESKTOP-5URQ9PB" duration="00:00:00.0000260" startTime="2022-06-13T21:13:14.3198891+02:00" endTime="2022-06-13T21:13:14.3199151+02:00" testType="13cdc9d9-ddb5-4fa4-a97d-d965ccfc6d4b" outcome="Passed" testListId="8c84fa94-04c1-424b-9868-57a2d4851a1d" relativeResultsDirectory="938d263c-b2aa-46e4-9e12-a55e40313034" />
    <UnitTestResult executionId="d97abde2-c44c-4e45-be12-9a69f8b168ae" testId="21f5ba92-f354-bb76-94e2-2214000ea5b9" testName="FormatToStringTest1000(7592.950837113406d,&quot;7592.95 zł&quot;)" computerName="DESKTOP-5URQ9PB" duration="00:00:00.0000290" startTime="2022-06-13T21:13:14.3187636+02:00" endTime="2022-06-13T21:13:14.3187921+02:00" testType="13cdc9d9-ddb5-4fa4-a97d-d965ccfc6d4b" outcome="Passed" testListId="8c84fa94-04c1-424b-9868-57a2d4851a1d" relativeResultsDirectory="d97abde2-c44c-4e45-be12-9a69f8b168ae" />
    <UnitTestResult executionId="46a8b0d2-9f7a-40a9-bc9a-a207b6059aa1" testId="7c3fcb5f-2001-b092-5026-72ef7da49275" testName="FormatToStringTest1000(8885.065440211942d,&quot;8885.07 zł&quot;)" computerName="DESKTOP-5URQ9PB" duration="00:00:00.0000180" startTime="2022-06-13T21:13:14.3288162+02:00" endTime="2022-06-13T21:13:14.3288340+02:00" testType="13cdc9d9-ddb5-4fa4-a97d-d965ccfc6d4b" outcome="Passed" testListId="8c84fa94-04c1-424b-9868-57a2d4851a1d" relativeResultsDirectory="46a8b0d2-9f7a-40a9-bc9a-a207b6059aa1" />
    <UnitTestResult executionId="702c023d-7921-4cc7-ade7-45ef31580337" testId="c74c54e8-6590-d76d-eaee-baa60a589aef" testName="FormatToStringTest1000(15509.637406484986d,&quot;15509.64 zł&quot;)" computerName="DESKTOP-5URQ9PB" duration="00:00:00.0000340" startTime="2022-06-13T21:13:14.3201581+02:00" endTime="2022-06-13T21:13:14.3201917+02:00" testType="13cdc9d9-ddb5-4fa4-a97d-d965ccfc6d4b" outcome="Passed" testListId="8c84fa94-04c1-424b-9868-57a2d4851a1d" relativeResultsDirectory="702c023d-7921-4cc7-ade7-45ef31580337" />
    <UnitTestResult executionId="f1bc988a-eaec-43f6-883d-db66cca3b830" testId="8237afc1-9210-54d8-45bd-84bf26e08f89" testName="FormatToStringTest1000(6417.5922460628635d,&quot;6417.59 zł&quot;)" computerName="DESKTOP-5URQ9PB" duration="00:00:00.0000180" startTime="2022-06-13T21:13:14.3287425+02:00" endTime="2022-06-13T21:13:14.3287606+02:00" testType="13cdc9d9-ddb5-4fa4-a97d-d965ccfc6d4b" outcome="Passed" testListId="8c84fa94-04c1-424b-9868-57a2d4851a1d" relativeResultsDirectory="f1bc988a-eaec-43f6-883d-db66cca3b830" />
    <UnitTestResult executionId="c88b87f9-9122-4912-bb06-fd7561c08fdd" testId="85025e54-3d28-2e1a-ba9d-a38988743c83" testName="FormatToStringTest1000(75987.03378503352d,&quot;75987.03 zł&quot;)" computerName="DESKTOP-5URQ9PB" duration="00:00:00.0000190" startTime="2022-06-13T21:13:14.3361116+02:00" endTime="2022-06-13T21:13:14.3361302+02:00" testType="13cdc9d9-ddb5-4fa4-a97d-d965ccfc6d4b" outcome="Passed" testListId="8c84fa94-04c1-424b-9868-57a2d4851a1d" relativeResultsDirectory="c88b87f9-9122-4912-bb06-fd7561c08fdd" />
    <UnitTestResult executionId="3c4b1133-33fb-4567-9e06-3618d0a659e8" testId="b639588e-b414-82b2-fe24-5fe49a4a3ad3" testName="FormatToStringTest1000(545.7016866634142d,&quot;545.70 zł&quot;)" computerName="DESKTOP-5URQ9PB" duration="00:00:00.0000180" startTime="2022-06-13T21:13:14.3307966+02:00" endTime="2022-06-13T21:13:14.3308148+02:00" testType="13cdc9d9-ddb5-4fa4-a97d-d965ccfc6d4b" outcome="Passed" testListId="8c84fa94-04c1-424b-9868-57a2d4851a1d" relativeResultsDirectory="3c4b1133-33fb-4567-9e06-3618d0a659e8" />
    <UnitTestResult executionId="b4823faf-afdf-44ef-b8a6-f658ce196beb" testId="7be4f16e-73d9-91a8-2b92-68f269673cb9" testName="FormatToStringTest1000(19463.08761954917d,&quot;19463.09 zł&quot;)" computerName="DESKTOP-5URQ9PB" duration="00:00:00.0000180" startTime="2022-06-13T21:13:14.3308965+02:00" endTime="2022-06-13T21:13:14.3309143+02:00" testType="13cdc9d9-ddb5-4fa4-a97d-d965ccfc6d4b" outcome="Passed" testListId="8c84fa94-04c1-424b-9868-57a2d4851a1d" relativeResultsDirectory="b4823faf-afdf-44ef-b8a6-f658ce196beb" />
    <UnitTestResult executionId="ad357791-2cf0-4d48-857f-c3c15afaf5f7" testId="13221fa5-3685-19e4-e13a-81cefe081d4d" testName="FormatToStringTest1000(63115.864864394935d,&quot;63115.86 zł&quot;)" computerName="DESKTOP-5URQ9PB" duration="00:00:00.0000280" startTime="2022-06-13T21:13:14.3196991+02:00" endTime="2022-06-13T21:13:14.3197267+02:00" testType="13cdc9d9-ddb5-4fa4-a97d-d965ccfc6d4b" outcome="Passed" testListId="8c84fa94-04c1-424b-9868-57a2d4851a1d" relativeResultsDirectory="ad357791-2cf0-4d48-857f-c3c15afaf5f7" />
    <UnitTestResult executionId="7aa30ecb-9214-4ac8-ad5b-ada4d0200e4e" testId="f4854fd4-587a-5d07-271a-654c42d2751c" testName="FormatToStringTest1000(22248.263319677797d,&quot;22248.26 zł&quot;)" computerName="DESKTOP-5URQ9PB" duration="00:00:00.0000190" startTime="2022-06-13T21:13:14.3287174+02:00" endTime="2022-06-13T21:13:14.3287361+02:00" testType="13cdc9d9-ddb5-4fa4-a97d-d965ccfc6d4b" outcome="Passed" testListId="8c84fa94-04c1-424b-9868-57a2d4851a1d" relativeResultsDirectory="7aa30ecb-9214-4ac8-ad5b-ada4d0200e4e" />
    <UnitTestResult executionId="16e2ca22-a2ca-4044-9af6-c6b83f1c70a3" testId="7476f680-f31f-6c35-e7e5-6a1da5d08bf1" testName="FormatToStringTest1000(10661.19584154207d,&quot;10661.20 zł&quot;)" computerName="DESKTOP-5URQ9PB" duration="00:00:00.0000200" startTime="2022-06-13T21:13:14.3348208+02:00" endTime="2022-06-13T21:13:14.3348407+02:00" testType="13cdc9d9-ddb5-4fa4-a97d-d965ccfc6d4b" outcome="Passed" testListId="8c84fa94-04c1-424b-9868-57a2d4851a1d" relativeResultsDirectory="16e2ca22-a2ca-4044-9af6-c6b83f1c70a3" />
    <UnitTestResult executionId="2967c1cb-2cea-48b2-82eb-c0f953c8b924" testId="193f831d-c7c9-ac41-bc1b-9798c85535ca" testName="FormatToStringTest1000(26529.10838037036d,&quot;26529.11 zł&quot;)" computerName="DESKTOP-5URQ9PB" duration="00:00:00.0000180" startTime="2022-06-13T21:13:14.3407744+02:00" endTime="2022-06-13T21:13:14.3407925+02:00" testType="13cdc9d9-ddb5-4fa4-a97d-d965ccfc6d4b" outcome="Passed" testListId="8c84fa94-04c1-424b-9868-57a2d4851a1d" relativeResultsDirectory="2967c1cb-2cea-48b2-82eb-c0f953c8b924" />
    <UnitTestResult executionId="3f4f8c2f-a69a-46f1-8c71-3129965687c8" testId="8591161e-1b40-e9f6-332c-2e1b43b81682" testName="FormatToStringTest1000(47575.6421269959d,&quot;47575.64 zł&quot;)" computerName="DESKTOP-5URQ9PB" duration="00:00:00.0000200" startTime="2022-06-13T21:13:14.3343419+02:00" endTime="2022-06-13T21:13:14.3343618+02:00" testType="13cdc9d9-ddb5-4fa4-a97d-d965ccfc6d4b" outcome="Passed" testListId="8c84fa94-04c1-424b-9868-57a2d4851a1d" relativeResultsDirectory="3f4f8c2f-a69a-46f1-8c71-3129965687c8" />
    <UnitTestResult executionId="90993058-2087-4002-a37a-cf4eece0616c" testId="d33250cc-856d-72f0-98a8-7c84be2f792c" testName="FormatToStringTest1000(24024.14691439557d,&quot;24024.15 zł&quot;)" computerName="DESKTOP-5URQ9PB" duration="00:00:00.0000180" startTime="2022-06-13T21:13:14.3245424+02:00" endTime="2022-06-13T21:13:14.3245602+02:00" testType="13cdc9d9-ddb5-4fa4-a97d-d965ccfc6d4b" outcome="Passed" testListId="8c84fa94-04c1-424b-9868-57a2d4851a1d" relativeResultsDirectory="90993058-2087-4002-a37a-cf4eece0616c" />
    <UnitTestResult executionId="0e33d531-e648-4f93-8ac2-915cccaa5137" testId="94726e39-ff6c-190e-418c-075986e08585" testName="FormatToStringTest1000(30020.248557890412d,&quot;30020.25 zł&quot;)" computerName="DESKTOP-5URQ9PB" duration="00:00:00.0000190" startTime="2022-06-13T21:13:14.3331558+02:00" endTime="2022-06-13T21:13:14.3331746+02:00" testType="13cdc9d9-ddb5-4fa4-a97d-d965ccfc6d4b" outcome="Passed" testListId="8c84fa94-04c1-424b-9868-57a2d4851a1d" relativeResultsDirectory="0e33d531-e648-4f93-8ac2-915cccaa5137" />
    <UnitTestResult executionId="87d087b2-55ad-4031-820c-d4fea247e80c" testId="03e5974c-7aa0-7aa6-bbeb-a5715ea0d1d7" testName="FormatToStringTest1000(13541.45472935096d,&quot;13541.45 zł&quot;)" computerName="DESKTOP-5URQ9PB" duration="00:00:00.0000200" startTime="2022-06-13T21:13:14.3334605+02:00" endTime="2022-06-13T21:13:14.3334806+02:00" testType="13cdc9d9-ddb5-4fa4-a97d-d965ccfc6d4b" outcome="Passed" testListId="8c84fa94-04c1-424b-9868-57a2d4851a1d" relativeResultsDirectory="87d087b2-55ad-4031-820c-d4fea247e80c" />
    <UnitTestResult executionId="183e7615-759d-4091-af1b-1ddcf3d5530f" testId="b58070c8-bc7f-712e-31bb-2a11be9cfc18" testName="FormatToStringTest1000(23789.556920184546d,&quot;23789.56 zł&quot;)" computerName="DESKTOP-5URQ9PB" duration="00:00:00.0000190" startTime="2022-06-13T21:13:14.3408478+02:00" endTime="2022-06-13T21:13:14.3408667+02:00" testType="13cdc9d9-ddb5-4fa4-a97d-d965ccfc6d4b" outcome="Passed" testListId="8c84fa94-04c1-424b-9868-57a2d4851a1d" relativeResultsDirectory="183e7615-759d-4091-af1b-1ddcf3d5530f" />
    <UnitTestResult executionId="3bd3ca50-51bf-4ef8-8d3c-4280eaeb7961" testId="afd0d33f-f4d8-2831-3613-5b41efd13c3b" testName="FormatToStringTest1000(30071.004434484523d,&quot;30071.00 zł&quot;)" computerName="DESKTOP-5URQ9PB" duration="00:00:00.0000330" startTime="2022-06-13T21:13:14.3215804+02:00" endTime="2022-06-13T21:13:14.3216134+02:00" testType="13cdc9d9-ddb5-4fa4-a97d-d965ccfc6d4b" outcome="Passed" testListId="8c84fa94-04c1-424b-9868-57a2d4851a1d" relativeResultsDirectory="3bd3ca50-51bf-4ef8-8d3c-4280eaeb7961" />
    <UnitTestResult executionId="36cc1b9d-fb84-42e2-8fff-41d397803742" testId="bf09f141-5d04-1546-3599-f58a7debd81e" testName="FormatToStringTest1000(19783.413847500186d,&quot;19783.41 zł&quot;)" computerName="DESKTOP-5URQ9PB" duration="00:00:00.0000190" startTime="2022-06-13T21:13:14.3397330+02:00" endTime="2022-06-13T21:13:14.3397516+02:00" testType="13cdc9d9-ddb5-4fa4-a97d-d965ccfc6d4b" outcome="Passed" testListId="8c84fa94-04c1-424b-9868-57a2d4851a1d" relativeResultsDirectory="36cc1b9d-fb84-42e2-8fff-41d397803742" />
    <UnitTestResult executionId="ce3347aa-b806-47f9-afc6-7594d7f7452b" testId="9e7bb479-43f6-3e5b-9858-d1abf76cc2e6" testName="FormatToStringTest1000(19189.813662191766d,&quot;19189.81 zł&quot;)" computerName="DESKTOP-5URQ9PB" duration="00:00:00.0000190" startTime="2022-06-13T21:13:14.3268619+02:00" endTime="2022-06-13T21:13:14.3268803+02:00" testType="13cdc9d9-ddb5-4fa4-a97d-d965ccfc6d4b" outcome="Passed" testListId="8c84fa94-04c1-424b-9868-57a2d4851a1d" relativeResultsDirectory="ce3347aa-b806-47f9-afc6-7594d7f7452b" />
    <UnitTestResult executionId="c4ddb9d6-b314-4f2d-be95-83aae43b8bca" testId="8d4b1df1-395e-a801-f732-9563464d225f" testName="FormatToStringTest1000(70581.91150977784d,&quot;70581.91 zł&quot;)" computerName="DESKTOP-5URQ9PB" duration="00:00:00.0000180" startTime="2022-06-13T21:13:14.3314941+02:00" endTime="2022-06-13T21:13:14.3315125+02:00" testType="13cdc9d9-ddb5-4fa4-a97d-d965ccfc6d4b" outcome="Passed" testListId="8c84fa94-04c1-424b-9868-57a2d4851a1d" relativeResultsDirectory="c4ddb9d6-b314-4f2d-be95-83aae43b8bca" />
    <UnitTestResult executionId="e3182fd8-f43e-4f82-bf1a-f5e843a7bd19" testId="6db05940-47de-0c9c-5b92-fcba99ecc227" testName="FormatToStringTest1000(13414.3551766441d,&quot;13414.36 zł&quot;)" computerName="DESKTOP-5URQ9PB" duration="00:00:00.0000180" startTime="2022-06-13T21:13:14.3255209+02:00" endTime="2022-06-13T21:13:14.3255386+02:00" testType="13cdc9d9-ddb5-4fa4-a97d-d965ccfc6d4b" outcome="Passed" testListId="8c84fa94-04c1-424b-9868-57a2d4851a1d" relativeResultsDirectory="e3182fd8-f43e-4f82-bf1a-f5e843a7bd19" />
    <UnitTestResult executionId="91bcf96b-d4ce-40d1-9d78-20800f017252" testId="521fa3b6-9e37-72bc-d9e9-42020df0aa26" testName="FormatToStringTest1000(6205.946199725357d,&quot;6205.95 zł&quot;)" computerName="DESKTOP-5URQ9PB" duration="00:00:00.0000180" startTime="2022-06-13T21:13:14.3262188+02:00" endTime="2022-06-13T21:13:14.3262367+02:00" testType="13cdc9d9-ddb5-4fa4-a97d-d965ccfc6d4b" outcome="Passed" testListId="8c84fa94-04c1-424b-9868-57a2d4851a1d" relativeResultsDirectory="91bcf96b-d4ce-40d1-9d78-20800f017252" />
    <UnitTestResult executionId="83780a12-4842-430a-a538-55d861760569" testId="395d9b70-68ea-107f-3853-872b2d76bcc2" testName="FormatToStringTest1000(17000.070169619317d,&quot;17000.07 zł&quot;)" computerName="DESKTOP-5URQ9PB" duration="00:00:00.0000200" startTime="2022-06-13T21:13:14.3412710+02:00" endTime="2022-06-13T21:13:14.3412909+02:00" testType="13cdc9d9-ddb5-4fa4-a97d-d965ccfc6d4b" outcome="Passed" testListId="8c84fa94-04c1-424b-9868-57a2d4851a1d" relativeResultsDirectory="83780a12-4842-430a-a538-55d861760569" />
    <UnitTestResult executionId="2eba9fc5-bea7-4081-8493-123d669e53b4" testId="5012f64d-f81c-363a-9c3b-b389d7a1051b" testName="FormatToStringTest1000(25440.18371476614d,&quot;25440.18 zł&quot;)" computerName="DESKTOP-5URQ9PB" duration="00:00:00.0000190" startTime="2022-06-13T21:13:14.3230919+02:00" endTime="2022-06-13T21:13:14.3231103+02:00" testType="13cdc9d9-ddb5-4fa4-a97d-d965ccfc6d4b" outcome="Passed" testListId="8c84fa94-04c1-424b-9868-57a2d4851a1d" relativeResultsDirectory="2eba9fc5-bea7-4081-8493-123d669e53b4" />
    <UnitTestResult executionId="a77dacab-d0e4-4a86-a2d8-ea427d483777" testId="7f9e3406-835c-5c12-68cf-08b73690e2b2" testName="FormatToStringTest1000(35248.53555717996d,&quot;35248.54 zł&quot;)" computerName="DESKTOP-5URQ9PB" duration="00:00:00.0000190" startTime="2022-06-13T21:13:14.3422127+02:00" endTime="2022-06-13T21:13:14.3422314+02:00" testType="13cdc9d9-ddb5-4fa4-a97d-d965ccfc6d4b" outcome="Passed" testListId="8c84fa94-04c1-424b-9868-57a2d4851a1d" relativeResultsDirectory="a77dacab-d0e4-4a86-a2d8-ea427d483777" />
    <UnitTestResult executionId="b9def855-0516-4ac3-bd9e-b0f5b4c3a0b5" testId="086ce182-cb7e-9e8c-a794-52547670ad62" testName="FormatToStringTest1000(25084.19182667238d,&quot;25084.19 zł&quot;)" computerName="DESKTOP-5URQ9PB" duration="00:00:00.0000190" startTime="2022-06-13T21:13:14.3389377+02:00" endTime="2022-06-13T21:13:14.3389564+02:00" testType="13cdc9d9-ddb5-4fa4-a97d-d965ccfc6d4b" outcome="Passed" testListId="8c84fa94-04c1-424b-9868-57a2d4851a1d" relativeResultsDirectory="b9def855-0516-4ac3-bd9e-b0f5b4c3a0b5" />
    <UnitTestResult executionId="9c1a5bac-1960-47d2-ac37-200f50e1f4a9" testId="2de1f6d1-4fbc-d3f7-5b38-8fabe0afe62f" testName="FormatToStringTest1000(35065.40267025652d,&quot;35065.40 zł&quot;)" computerName="DESKTOP-5URQ9PB" duration="00:00:00.0000250" startTime="2022-06-13T21:13:14.3352394+02:00" endTime="2022-06-13T21:13:14.3352644+02:00" testType="13cdc9d9-ddb5-4fa4-a97d-d965ccfc6d4b" outcome="Passed" testListId="8c84fa94-04c1-424b-9868-57a2d4851a1d" relativeResultsDirectory="9c1a5bac-1960-47d2-ac37-200f50e1f4a9" />
    <UnitTestResult executionId="84d6e8ec-0626-4fd3-82e8-5eda283bf0b3" testId="8d9adc97-9f99-5fc5-0cdb-932a51aaf028" testName="FormatToStringTest1000(26015.8311952552d,&quot;26015.83 zł&quot;)" computerName="DESKTOP-5URQ9PB" duration="00:00:00.0000190" startTime="2022-06-13T21:13:14.3243949+02:00" endTime="2022-06-13T21:13:14.3244134+02:00" testType="13cdc9d9-ddb5-4fa4-a97d-d965ccfc6d4b" outcome="Passed" testListId="8c84fa94-04c1-424b-9868-57a2d4851a1d" relativeResultsDirectory="84d6e8ec-0626-4fd3-82e8-5eda283bf0b3" />
    <UnitTestResult executionId="0b28f961-7428-4ba8-9423-b5c9b930245a" testId="7ac2c24b-6445-4ff2-9faa-1ce73a74728d" testName="FormatToStringTest1000(14635.510547500808d,&quot;14635.51 zł&quot;)" computerName="DESKTOP-5URQ9PB" duration="00:00:00.0000180" startTime="2022-06-13T21:13:14.3335858+02:00" endTime="2022-06-13T21:13:14.3336039+02:00" testType="13cdc9d9-ddb5-4fa4-a97d-d965ccfc6d4b" outcome="Passed" testListId="8c84fa94-04c1-424b-9868-57a2d4851a1d" relativeResultsDirectory="0b28f961-7428-4ba8-9423-b5c9b930245a" />
    <UnitTestResult executionId="c6e7e26e-c44d-45cc-8b06-e435fde80755" testId="d9e3c39e-a746-2b8a-5354-8ea82331bcd9" testName="FormatToStringTest1000(9151.103070427245d,&quot;9151.10 zł&quot;)" computerName="DESKTOP-5URQ9PB" duration="00:00:00.0000180" startTime="2022-06-13T21:13:14.3415981+02:00" endTime="2022-06-13T21:13:14.3416160+02:00" testType="13cdc9d9-ddb5-4fa4-a97d-d965ccfc6d4b" outcome="Passed" testListId="8c84fa94-04c1-424b-9868-57a2d4851a1d" relativeResultsDirectory="c6e7e26e-c44d-45cc-8b06-e435fde80755" />
    <UnitTestResult executionId="06a7a5e8-4a8a-4c93-a018-bc558c4eb265" testId="30b3b577-2061-3db5-edc3-bfd98a1a499f" testName="FormatToStringTest1000(5978.1197194131655d,&quot;5978.12 zł&quot;)" computerName="DESKTOP-5URQ9PB" duration="00:00:00.0000180" startTime="2022-06-13T21:13:14.3410431+02:00" endTime="2022-06-13T21:13:14.3410610+02:00" testType="13cdc9d9-ddb5-4fa4-a97d-d965ccfc6d4b" outcome="Passed" testListId="8c84fa94-04c1-424b-9868-57a2d4851a1d" relativeResultsDirectory="06a7a5e8-4a8a-4c93-a018-bc558c4eb265" />
    <UnitTestResult executionId="3709b420-cfe2-41ad-ade4-473b6bb47f34" testId="0fa0c864-c433-31dc-ea26-995fbf849a90" testName="FormatToStringTest1000(236.20263638589657d,&quot;236.20 zł&quot;)" computerName="DESKTOP-5URQ9PB" duration="00:00:00.0000200" startTime="2022-06-13T21:13:14.3332602+02:00" endTime="2022-06-13T21:13:14.3332795+02:00" testType="13cdc9d9-ddb5-4fa4-a97d-d965ccfc6d4b" outcome="Passed" testListId="8c84fa94-04c1-424b-9868-57a2d4851a1d" relativeResultsDirectory="3709b420-cfe2-41ad-ade4-473b6bb47f34" />
    <UnitTestResult executionId="cc523cfa-e405-44cc-b690-f504fbd74a89" testId="39997ae6-4a52-e491-d8ae-8d3f689efcd5" testName="FormatToStringTest1000(30126.012320622805d,&quot;30126.01 zł&quot;)" computerName="DESKTOP-5URQ9PB" duration="00:00:00.0000270" startTime="2022-06-13T21:13:14.3198142+02:00" endTime="2022-06-13T21:13:14.3198406+02:00" testType="13cdc9d9-ddb5-4fa4-a97d-d965ccfc6d4b" outcome="Passed" testListId="8c84fa94-04c1-424b-9868-57a2d4851a1d" relativeResultsDirectory="cc523cfa-e405-44cc-b690-f504fbd74a89" />
    <UnitTestResult executionId="d4d9f376-64ca-4b89-896c-ba0f5e07d4e2" testId="a35c67b3-dcd5-5426-949a-a2a9a2f95735" testName="FormatToStringTest1000(34458.5406463512d,&quot;34458.54 zł&quot;)" computerName="DESKTOP-5URQ9PB" duration="00:00:00.0000180" startTime="2022-06-13T21:13:14.3319886+02:00" endTime="2022-06-13T21:13:14.3320069+02:00" testType="13cdc9d9-ddb5-4fa4-a97d-d965ccfc6d4b" outcome="Passed" testListId="8c84fa94-04c1-424b-9868-57a2d4851a1d" relativeResultsDirectory="d4d9f376-64ca-4b89-896c-ba0f5e07d4e2" />
    <UnitTestResult executionId="627d91c3-acfb-4d24-9d94-e1f166737d21" testId="279ea0a2-a194-3b23-c2df-f3b9caefacb9" testName="FormatToStringTest1000(5287.3103648714305d,&quot;5287.31 zł&quot;)" computerName="DESKTOP-5URQ9PB" duration="00:00:00.0000190" startTime="2022-06-13T21:13:14.3225788+02:00" endTime="2022-06-13T21:13:14.3225972+02:00" testType="13cdc9d9-ddb5-4fa4-a97d-d965ccfc6d4b" outcome="Passed" testListId="8c84fa94-04c1-424b-9868-57a2d4851a1d" relativeResultsDirectory="627d91c3-acfb-4d24-9d94-e1f166737d21" />
    <UnitTestResult executionId="7d939663-9960-43c0-8ce9-3c48f405082d" testId="f1b541d5-278d-f2a3-2128-f16382bfc74f" testName="FormatToStringTest1000(75514.58914517732d,&quot;75514.59 zł&quot;)" computerName="DESKTOP-5URQ9PB" duration="00:00:00.0000190" startTime="2022-06-13T21:13:14.3268110+02:00" endTime="2022-06-13T21:13:14.3268295+02:00" testType="13cdc9d9-ddb5-4fa4-a97d-d965ccfc6d4b" outcome="Passed" testListId="8c84fa94-04c1-424b-9868-57a2d4851a1d" relativeResultsDirectory="7d939663-9960-43c0-8ce9-3c48f405082d" />
    <UnitTestResult executionId="ec79767b-423e-440e-bbd6-0a7dc71ad579" testId="617c3175-15cb-3321-36a3-871fc366b75b" testName="FormatToStringTest1000(14137.400697779563d,&quot;14137.40 zł&quot;)" computerName="DESKTOP-5URQ9PB" duration="00:00:00.0000180" startTime="2022-06-13T21:13:14.3421165+02:00" endTime="2022-06-13T21:13:14.3421342+02:00" testType="13cdc9d9-ddb5-4fa4-a97d-d965ccfc6d4b" outcome="Passed" testListId="8c84fa94-04c1-424b-9868-57a2d4851a1d" relativeResultsDirectory="ec79767b-423e-440e-bbd6-0a7dc71ad579" />
    <UnitTestResult executionId="ca8a7908-2e27-498c-90fc-eac6fd2ce609" testId="da69ab52-f883-eabf-8235-9cb66a514e58" testName="FormatToStringTest1000(19006.315459580772d,&quot;19006.32 zł&quot;)" computerName="DESKTOP-5URQ9PB" duration="00:00:00.0000190" startTime="2022-06-13T21:13:14.3283277+02:00" endTime="2022-06-13T21:13:14.3283460+02:00" testType="13cdc9d9-ddb5-4fa4-a97d-d965ccfc6d4b" outcome="Passed" testListId="8c84fa94-04c1-424b-9868-57a2d4851a1d" relativeResultsDirectory="ca8a7908-2e27-498c-90fc-eac6fd2ce609" />
    <UnitTestResult executionId="95ea85ed-df73-4371-8dc7-41e2ceda45fb" testId="e2350845-1f3f-6907-3805-d81b5dce3aed" testName="FormatToStringTest1000(32908.76696502639d,&quot;32908.77 zł&quot;)" computerName="DESKTOP-5URQ9PB" duration="00:00:00.0000190" startTime="2022-06-13T21:13:14.3231660+02:00" endTime="2022-06-13T21:13:14.3231846+02:00" testType="13cdc9d9-ddb5-4fa4-a97d-d965ccfc6d4b" outcome="Passed" testListId="8c84fa94-04c1-424b-9868-57a2d4851a1d" relativeResultsDirectory="95ea85ed-df73-4371-8dc7-41e2ceda45fb" />
    <UnitTestResult executionId="2516863e-fb46-42de-989f-8d64bf890eeb" testId="96997772-f691-ce37-8af7-583f0500af76" testName="FormatToStringTest1000(6429.44273095552d,&quot;6429.44 zł&quot;)" computerName="DESKTOP-5URQ9PB" duration="00:00:00.0000180" startTime="2022-06-13T21:13:14.3279294+02:00" endTime="2022-06-13T21:13:14.3279472+02:00" testType="13cdc9d9-ddb5-4fa4-a97d-d965ccfc6d4b" outcome="Passed" testListId="8c84fa94-04c1-424b-9868-57a2d4851a1d" relativeResultsDirectory="2516863e-fb46-42de-989f-8d64bf890eeb" />
    <UnitTestResult executionId="641f0419-3f8b-421a-b585-f4952e5b7991" testId="1d1eb73d-8b0c-7513-b3af-aa35ad258fdb" testName="FormatToStringTest1000(26686.08488193065d,&quot;26686.08 zł&quot;)" computerName="DESKTOP-5URQ9PB" duration="00:00:00.0000200" startTime="2022-06-13T21:13:14.3317155+02:00" endTime="2022-06-13T21:13:14.3317356+02:00" testType="13cdc9d9-ddb5-4fa4-a97d-d965ccfc6d4b" outcome="Passed" testListId="8c84fa94-04c1-424b-9868-57a2d4851a1d" relativeResultsDirectory="641f0419-3f8b-421a-b585-f4952e5b7991" />
    <UnitTestResult executionId="26c9d526-d5c4-4d53-b174-54006874b8fc" testId="ce58807f-4456-2f1b-abea-6bcc9dcfe2eb" testName="FormatToStringTest1000(5398.2412667191775d,&quot;5398.24 zł&quot;)" computerName="DESKTOP-5URQ9PB" duration="00:00:00.0000180" startTime="2022-06-13T21:13:14.3399289+02:00" endTime="2022-06-13T21:13:14.3399470+02:00" testType="13cdc9d9-ddb5-4fa4-a97d-d965ccfc6d4b" outcome="Passed" testListId="8c84fa94-04c1-424b-9868-57a2d4851a1d" relativeResultsDirectory="26c9d526-d5c4-4d53-b174-54006874b8fc" />
    <UnitTestResult executionId="c408277f-fd0e-4407-a05d-642905fd8491" testId="d84ea56f-1773-91fe-6056-1fcd6ce44e0e" testName="FormatToStringTest1000(23662.291816162084d,&quot;23662.29 zł&quot;)" computerName="DESKTOP-5URQ9PB" duration="00:00:00.0000180" startTime="2022-06-13T21:13:14.3391130+02:00" endTime="2022-06-13T21:13:14.3391308+02:00" testType="13cdc9d9-ddb5-4fa4-a97d-d965ccfc6d4b" outcome="Passed" testListId="8c84fa94-04c1-424b-9868-57a2d4851a1d" relativeResultsDirectory="c408277f-fd0e-4407-a05d-642905fd8491" />
    <UnitTestResult executionId="217803de-ac0a-4250-b91a-b4db827afc52" testId="e72aca21-1347-9775-f65f-ee1c6d7b63bd" testName="FormatToStringTest1000(50507.0104155615d,&quot;50507.01 zł&quot;)" computerName="DESKTOP-5URQ9PB" duration="00:00:00.0000190" startTime="2022-06-13T21:13:14.3402794+02:00" endTime="2022-06-13T21:13:14.3402983+02:00" testType="13cdc9d9-ddb5-4fa4-a97d-d965ccfc6d4b" outcome="Passed" testListId="8c84fa94-04c1-424b-9868-57a2d4851a1d" relativeResultsDirectory="217803de-ac0a-4250-b91a-b4db827afc52" />
    <UnitTestResult executionId="bb4940f5-638a-4eb1-8fba-efb2751c2853" testId="46c08f6b-08d4-7992-5df4-ed97e4b42fc1" testName="FormatToStringTest1000(78822.37212685234d,&quot;78822.37 zł&quot;)" computerName="DESKTOP-5URQ9PB" duration="00:00:00.0000180" startTime="2022-06-13T21:13:14.3169480+02:00" endTime="2022-06-13T21:13:14.3169660+02:00" testType="13cdc9d9-ddb5-4fa4-a97d-d965ccfc6d4b" outcome="Passed" testListId="8c84fa94-04c1-424b-9868-57a2d4851a1d" relativeResultsDirectory="bb4940f5-638a-4eb1-8fba-efb2751c2853" />
    <UnitTestResult executionId="7f51ef2b-9578-4af3-a001-5d47b50f44df" testId="fb9b5d5a-ec48-a3ed-07db-cf85d51b9faa" testName="FormatToStringTest1000(27942.393876474067d,&quot;27942.39 zł&quot;)" computerName="DESKTOP-5URQ9PB" duration="00:00:00.0000180" startTime="2022-06-13T21:13:14.3323745+02:00" endTime="2022-06-13T21:13:14.3323921+02:00" testType="13cdc9d9-ddb5-4fa4-a97d-d965ccfc6d4b" outcome="Passed" testListId="8c84fa94-04c1-424b-9868-57a2d4851a1d" relativeResultsDirectory="7f51ef2b-9578-4af3-a001-5d47b50f44df" />
    <UnitTestResult executionId="b7d79546-c16b-4226-bde2-2bcb9702839f" testId="e34fd7ec-376b-5cd9-f43c-324b72764f5f" testName="FormatToStringTest1000(3694.480496819355d,&quot;3694.48 zł&quot;)" computerName="DESKTOP-5URQ9PB" duration="00:00:00.0000180" startTime="2022-06-13T21:13:14.3227239+02:00" endTime="2022-06-13T21:13:14.3227416+02:00" testType="13cdc9d9-ddb5-4fa4-a97d-d965ccfc6d4b" outcome="Passed" testListId="8c84fa94-04c1-424b-9868-57a2d4851a1d" relativeResultsDirectory="b7d79546-c16b-4226-bde2-2bcb9702839f" />
    <UnitTestResult executionId="00054510-6932-4dc9-a46d-a52e0e0058ce" testId="eaf85606-7f0d-3e94-fb5d-ed88b536baa0" testName="FormatToStringTest1000(41008.28505327194d,&quot;41008.29 zł&quot;)" computerName="DESKTOP-5URQ9PB" duration="00:00:00.0000190" startTime="2022-06-13T21:13:14.3363673+02:00" endTime="2022-06-13T21:13:14.3363861+02:00" testType="13cdc9d9-ddb5-4fa4-a97d-d965ccfc6d4b" outcome="Passed" testListId="8c84fa94-04c1-424b-9868-57a2d4851a1d" relativeResultsDirectory="00054510-6932-4dc9-a46d-a52e0e0058ce" />
    <UnitTestResult executionId="49cadf7a-6d6e-40e4-b601-40f44c8616d1" testId="df3985f6-a310-5cd4-8528-b305d96c9c87" testName="FormatToStringTest1000(726.8087564975995d,&quot;726.81 zł&quot;)" computerName="DESKTOP-5URQ9PB" duration="00:00:00.0000210" startTime="2022-06-13T21:13:14.3154158+02:00" endTime="2022-06-13T21:13:14.3154364+02:00" testType="13cdc9d9-ddb5-4fa4-a97d-d965ccfc6d4b" outcome="Passed" testListId="8c84fa94-04c1-424b-9868-57a2d4851a1d" relativeResultsDirectory="49cadf7a-6d6e-40e4-b601-40f44c8616d1" />
    <UnitTestResult executionId="1b78406c-d088-44e3-9948-90cf2d293ab4" testId="5da451a5-54a7-b58b-ab8b-8b1b8384fd01" testName="FormatToStringTest1000(3700.029953029021d,&quot;3700.03 zł&quot;)" computerName="DESKTOP-5URQ9PB" duration="00:00:00.0000180" startTime="2022-06-13T21:13:14.3236868+02:00" endTime="2022-06-13T21:13:14.3237045+02:00" testType="13cdc9d9-ddb5-4fa4-a97d-d965ccfc6d4b" outcome="Passed" testListId="8c84fa94-04c1-424b-9868-57a2d4851a1d" relativeResultsDirectory="1b78406c-d088-44e3-9948-90cf2d293ab4" />
    <UnitTestResult executionId="a4dccaa8-8ac3-4eb3-a43e-937fdcdf0040" testId="0978a2bb-d483-0479-bb70-260f687971c0" testName="FormatToStringTest1000(17031.365705376662d,&quot;17031.37 zł&quot;)" computerName="DESKTOP-5URQ9PB" duration="00:00:00.0000180" startTime="2022-06-13T21:13:14.3284500+02:00" endTime="2022-06-13T21:13:14.3284682+02:00" testType="13cdc9d9-ddb5-4fa4-a97d-d965ccfc6d4b" outcome="Passed" testListId="8c84fa94-04c1-424b-9868-57a2d4851a1d" relativeResultsDirectory="a4dccaa8-8ac3-4eb3-a43e-937fdcdf0040" />
    <UnitTestResult executionId="42856249-196b-441e-9ae8-1d79fa0364c5" testId="04969f67-b379-916a-3275-e53bd0718ea4" testName="FormatToStringTest1000(272.5621069118204d,&quot;272.56 zł&quot;)" computerName="DESKTOP-5URQ9PB" duration="00:00:00.0000180" startTime="2022-06-13T21:13:14.3306260+02:00" endTime="2022-06-13T21:13:14.3306440+02:00" testType="13cdc9d9-ddb5-4fa4-a97d-d965ccfc6d4b" outcome="Passed" testListId="8c84fa94-04c1-424b-9868-57a2d4851a1d" relativeResultsDirectory="42856249-196b-441e-9ae8-1d79fa0364c5" />
    <UnitTestResult executionId="f1e12c48-39e5-4e51-9cf3-95b673d9d65d" testId="6fd1af1d-c0d4-5f1e-0bd0-26896040487e" testName="FormatToStringTest1000(31805.23430354532d,&quot;31805.23 zł&quot;)" computerName="DESKTOP-5URQ9PB" duration="00:00:00.0000190" startTime="2022-06-13T21:13:14.3357687+02:00" endTime="2022-06-13T21:13:14.3357871+02:00" testType="13cdc9d9-ddb5-4fa4-a97d-d965ccfc6d4b" outcome="Passed" testListId="8c84fa94-04c1-424b-9868-57a2d4851a1d" relativeResultsDirectory="f1e12c48-39e5-4e51-9cf3-95b673d9d65d" />
    <UnitTestResult executionId="5fc042c0-dee4-4751-8d41-aa849cc638cb" testId="d53ebf9d-a1b0-7eb1-4b91-4ab174a99cc7" testName="FormatToStringTest1000(35.34471716840971d,&quot;35.34 zł&quot;)" computerName="DESKTOP-5URQ9PB" duration="00:00:00.0000190" startTime="2022-06-13T21:13:14.3338606+02:00" endTime="2022-06-13T21:13:14.3338799+02:00" testType="13cdc9d9-ddb5-4fa4-a97d-d965ccfc6d4b" outcome="Passed" testListId="8c84fa94-04c1-424b-9868-57a2d4851a1d" relativeResultsDirectory="5fc042c0-dee4-4751-8d41-aa849cc638cb" />
    <UnitTestResult executionId="c61fd74c-1d99-4300-a742-e71bb1ffb37a" testId="9bb26f6e-1e2c-da60-973e-eeca518679d1" testName="FormatToStringTest1000(27050.586848031067d,&quot;27050.59 zł&quot;)" computerName="DESKTOP-5URQ9PB" duration="00:00:00.0000190" startTime="2022-06-13T21:13:14.3156938+02:00" endTime="2022-06-13T21:13:14.3157130+02:00" testType="13cdc9d9-ddb5-4fa4-a97d-d965ccfc6d4b" outcome="Passed" testListId="8c84fa94-04c1-424b-9868-57a2d4851a1d" relativeResultsDirectory="c61fd74c-1d99-4300-a742-e71bb1ffb37a" />
    <UnitTestResult executionId="f89ff698-5856-42bf-aff0-396007bcdd6e" testId="13e85df1-3456-393c-8dca-d481490ed075" testName="FormatToStringTest1000(4094.6752323977066d,&quot;4094.68 zł&quot;)" computerName="DESKTOP-5URQ9PB" duration="00:00:00.0000989" startTime="2022-06-13T21:13:14.3456909+02:00" endTime="2022-06-13T21:13:14.3457896+02:00" testType="13cdc9d9-ddb5-4fa4-a97d-d965ccfc6d4b" outcome="Passed" testListId="8c84fa94-04c1-424b-9868-57a2d4851a1d" relativeResultsDirectory="f89ff698-5856-42bf-aff0-396007bcdd6e" />
    <UnitTestResult executionId="966d2df5-d073-40db-9517-355d497fe6da" testId="2fcbb4d5-0c22-d47d-9ea9-6260fb047a7e" testName="FormatToStringTest1000(7013.601812260971d,&quot;7013.60 zł&quot;)" computerName="DESKTOP-5URQ9PB" duration="00:00:00.0000180" startTime="2022-06-13T21:13:14.3410672+02:00" endTime="2022-06-13T21:13:14.3410854+02:00" testType="13cdc9d9-ddb5-4fa4-a97d-d965ccfc6d4b" outcome="Passed" testListId="8c84fa94-04c1-424b-9868-57a2d4851a1d" relativeResultsDirectory="966d2df5-d073-40db-9517-355d497fe6da" />
    <UnitTestResult executionId="732f6d4e-320e-4f91-88d0-2703901e61f0" testId="ae5c211a-4af1-929a-38fa-5c9b4f30973f" testName="FormatToStringTest1000(30626.373939456127d,&quot;30626.37 zł&quot;)" computerName="DESKTOP-5URQ9PB" duration="00:00:00.0000290" startTime="2022-06-13T21:13:14.3189600+02:00" endTime="2022-06-13T21:13:14.3189884+02:00" testType="13cdc9d9-ddb5-4fa4-a97d-d965ccfc6d4b" outcome="Passed" testListId="8c84fa94-04c1-424b-9868-57a2d4851a1d" relativeResultsDirectory="732f6d4e-320e-4f91-88d0-2703901e61f0" />
    <UnitTestResult executionId="6c894201-01ff-4e7e-b56e-f693582e92e0" testId="35e23acf-2036-4d69-e77b-27d58a55d61b" testName="FormatToStringTest1000(10457.593086045978d,&quot;10457.59 zł&quot;)" computerName="DESKTOP-5URQ9PB" duration="00:00:00.0000190" startTime="2022-06-13T21:13:14.3296234+02:00" endTime="2022-06-13T21:13:14.3296419+02:00" testType="13cdc9d9-ddb5-4fa4-a97d-d965ccfc6d4b" outcome="Passed" testListId="8c84fa94-04c1-424b-9868-57a2d4851a1d" relativeResultsDirectory="6c894201-01ff-4e7e-b56e-f693582e92e0" />
    <UnitTestResult executionId="d29d7aa7-cfd1-48f6-a009-b228d8163893" testId="4951aa5a-960f-b892-8f82-3d3748c1e3da" testName="FormatToStringTest1000(17232.486162219426d,&quot;17232.49 zł&quot;)" computerName="DESKTOP-5URQ9PB" duration="00:00:00.0000180" startTime="2022-06-13T21:13:14.3247128+02:00" endTime="2022-06-13T21:13:14.3247304+02:00" testType="13cdc9d9-ddb5-4fa4-a97d-d965ccfc6d4b" outcome="Passed" testListId="8c84fa94-04c1-424b-9868-57a2d4851a1d" relativeResultsDirectory="d29d7aa7-cfd1-48f6-a009-b228d8163893" />
    <UnitTestResult executionId="bba6f8ff-8608-4434-af7d-09e4af1a0d7a" testId="a3cd1e56-7e87-cbfe-4696-2cfc61bd79f6" testName="FormatToStringTest1000(17098.491445727876d,&quot;17098.49 zł&quot;)" computerName="DESKTOP-5URQ9PB" duration="00:00:00.0000190" startTime="2022-06-13T21:13:14.3318399+02:00" endTime="2022-06-13T21:13:14.3318587+02:00" testType="13cdc9d9-ddb5-4fa4-a97d-d965ccfc6d4b" outcome="Passed" testListId="8c84fa94-04c1-424b-9868-57a2d4851a1d" relativeResultsDirectory="bba6f8ff-8608-4434-af7d-09e4af1a0d7a" />
    <UnitTestResult executionId="0e74696f-555f-41b0-93eb-200537dd6939" testId="4f19bfe4-12a5-e7df-9799-ba1ffdd56260" testName="FormatToStringTest1000(54678.59301593089d,&quot;54678.59 zł&quot;)" computerName="DESKTOP-5URQ9PB" duration="00:00:00.0000190" startTime="2022-06-13T21:13:14.3359641+02:00" endTime="2022-06-13T21:13:14.3359828+02:00" testType="13cdc9d9-ddb5-4fa4-a97d-d965ccfc6d4b" outcome="Passed" testListId="8c84fa94-04c1-424b-9868-57a2d4851a1d" relativeResultsDirectory="0e74696f-555f-41b0-93eb-200537dd6939" />
    <UnitTestResult executionId="0f261c8e-4e69-4dbb-a6ab-b3a93803f54a" testId="ffb7284d-9149-6f2f-e2cd-12399f61de50" testName="FormatToStringTest1000(21893.78889296939d,&quot;21893.79 zł&quot;)" computerName="DESKTOP-5URQ9PB" duration="00:00:00.0000180" startTime="2022-06-13T21:13:14.3406517+02:00" endTime="2022-06-13T21:13:14.3406697+02:00" testType="13cdc9d9-ddb5-4fa4-a97d-d965ccfc6d4b" outcome="Passed" testListId="8c84fa94-04c1-424b-9868-57a2d4851a1d" relativeResultsDirectory="0f261c8e-4e69-4dbb-a6ab-b3a93803f54a" />
    <UnitTestResult executionId="b424a0d2-2c6c-4fe7-8ac0-46640c0a34f4" testId="27b9fbe0-03f5-4d47-663b-0785c7f9ec49" testName="FormatToStringTest1000(20441.330495004695d,&quot;20441.33 zł&quot;)" computerName="DESKTOP-5URQ9PB" duration="00:00:00.0000330" startTime="2022-06-13T21:13:14.3203867+02:00" endTime="2022-06-13T21:13:14.3204188+02:00" testType="13cdc9d9-ddb5-4fa4-a97d-d965ccfc6d4b" outcome="Passed" testListId="8c84fa94-04c1-424b-9868-57a2d4851a1d" relativeResultsDirectory="b424a0d2-2c6c-4fe7-8ac0-46640c0a34f4" />
    <UnitTestResult executionId="92d0ae43-c184-4631-af93-6d512dc74cc6" testId="3c1aaa80-1e63-d980-5967-7f705ee7de1e" testName="FormatToStringTest1000(10784.438152511344d,&quot;10784.44 zł&quot;)" computerName="DESKTOP-5URQ9PB" duration="00:00:00.0000280" startTime="2022-06-13T21:13:14.3186870+02:00" endTime="2022-06-13T21:13:14.3187147+02:00" testType="13cdc9d9-ddb5-4fa4-a97d-d965ccfc6d4b" outcome="Passed" testListId="8c84fa94-04c1-424b-9868-57a2d4851a1d" relativeResultsDirectory="92d0ae43-c184-4631-af93-6d512dc74cc6" />
    <UnitTestResult executionId="bee97b2c-a8fe-47ad-a95a-dc7fcbbeeaf8" testId="2b18aff2-35ed-39eb-0869-97e8dcc5f3f1" testName="FormatToStringTest1000(2216.881526520886d,&quot;2216.88 zł&quot;)" computerName="DESKTOP-5URQ9PB" duration="00:00:00.0000190" startTime="2022-06-13T21:13:14.3348716+02:00" endTime="2022-06-13T21:13:14.3348903+02:00" testType="13cdc9d9-ddb5-4fa4-a97d-d965ccfc6d4b" outcome="Passed" testListId="8c84fa94-04c1-424b-9868-57a2d4851a1d" relativeResultsDirectory="bee97b2c-a8fe-47ad-a95a-dc7fcbbeeaf8" />
    <UnitTestResult executionId="1703e70b-3216-48bc-a948-9f5ba5b7a464" testId="bfb43a18-8b27-64cf-f833-254fc2466b22" testName="FormatToStringTest1000(759.247198292635d,&quot;759.25 zł&quot;)" computerName="DESKTOP-5URQ9PB" duration="00:00:00.0000180" startTime="2022-06-13T21:13:14.3244937+02:00" endTime="2022-06-13T21:13:14.3245112+02:00" testType="13cdc9d9-ddb5-4fa4-a97d-d965ccfc6d4b" outcome="Passed" testListId="8c84fa94-04c1-424b-9868-57a2d4851a1d" relativeResultsDirectory="1703e70b-3216-48bc-a948-9f5ba5b7a464" />
    <UnitTestResult executionId="72cc8a88-576a-48c8-a8e1-268e401b2176" testId="5bc31484-16d9-023b-e244-308f6e26f09a" testName="FormatToStringTest1000(30320.450517486992d,&quot;30320.45 zł&quot;)" computerName="DESKTOP-5URQ9PB" duration="00:00:00.0000210" startTime="2022-06-13T21:13:14.3291351+02:00" endTime="2022-06-13T21:13:14.3291562+02:00" testType="13cdc9d9-ddb5-4fa4-a97d-d965ccfc6d4b" outcome="Passed" testListId="8c84fa94-04c1-424b-9868-57a2d4851a1d" relativeResultsDirectory="72cc8a88-576a-48c8-a8e1-268e401b2176" />
    <UnitTestResult executionId="c6f96145-a491-4424-a99b-1c3348974759" testId="c994fcbd-cf70-f011-3e5f-4e6d74bb71af" testName="FormatToStringTest1000(30722.846572104303d,&quot;30722.85 zł&quot;)" computerName="DESKTOP-5URQ9PB" duration="00:00:00.0000180" startTime="2022-06-13T21:13:14.3333611+02:00" endTime="2022-06-13T21:13:14.3333794+02:00" testType="13cdc9d9-ddb5-4fa4-a97d-d965ccfc6d4b" outcome="Passed" testListId="8c84fa94-04c1-424b-9868-57a2d4851a1d" relativeResultsDirectory="c6f96145-a491-4424-a99b-1c3348974759" />
    <UnitTestResult executionId="90766d5a-db71-452f-9055-69d4b8ca6b2e" testId="04708542-086d-f6f2-88c4-fe541ab1cd55" testName="FormatToStringTest1000(3506.8456124108498d,&quot;3506.85 zł&quot;)" computerName="DESKTOP-5URQ9PB" duration="00:00:00.0000349" startTime="2022-06-13T21:13:14.3208676+02:00" endTime="2022-06-13T21:13:14.3209015+02:00" testType="13cdc9d9-ddb5-4fa4-a97d-d965ccfc6d4b" outcome="Passed" testListId="8c84fa94-04c1-424b-9868-57a2d4851a1d" relativeResultsDirectory="90766d5a-db71-452f-9055-69d4b8ca6b2e" />
    <UnitTestResult executionId="5f4caa8f-050a-4b0e-8736-72a1a4c22394" testId="5e7725a9-9983-9545-b4e7-12fe284e2a95" testName="FormatToStringTest1000(89093.57120939044d,&quot;89093.57 zł&quot;)" computerName="DESKTOP-5URQ9PB" duration="00:00:00.0000180" startTime="2022-06-13T21:13:14.3367583+02:00" endTime="2022-06-13T21:13:14.3367758+02:00" testType="13cdc9d9-ddb5-4fa4-a97d-d965ccfc6d4b" outcome="Passed" testListId="8c84fa94-04c1-424b-9868-57a2d4851a1d" relativeResultsDirectory="5f4caa8f-050a-4b0e-8736-72a1a4c22394" />
    <UnitTestResult executionId="5cd215b6-c161-4480-86aa-48a53b160aa5" testId="d685c2c4-f219-af53-1ba4-f062b4ec12ac" testName="FormatToStringTest1000(9657.360676611475d,&quot;9657.36 zł&quot;)" computerName="DESKTOP-5URQ9PB" duration="00:00:00.0000190" startTime="2022-06-13T21:13:14.3282773+02:00" endTime="2022-06-13T21:13:14.3282964+02:00" testType="13cdc9d9-ddb5-4fa4-a97d-d965ccfc6d4b" outcome="Passed" testListId="8c84fa94-04c1-424b-9868-57a2d4851a1d" relativeResultsDirectory="5cd215b6-c161-4480-86aa-48a53b160aa5" />
    <UnitTestResult executionId="61d61075-7e8a-4d94-958d-ee09389fb3c3" testId="d54410c1-a007-adf6-a1dc-8caa96e947a3" testName="FormatToStringTest1000(49037.8109120586d,&quot;49037.81 zł&quot;)" computerName="DESKTOP-5URQ9PB" duration="00:00:00.0000190" startTime="2022-06-13T21:13:14.3396109+02:00" endTime="2022-06-13T21:13:14.3396293+02:00" testType="13cdc9d9-ddb5-4fa4-a97d-d965ccfc6d4b" outcome="Passed" testListId="8c84fa94-04c1-424b-9868-57a2d4851a1d" relativeResultsDirectory="61d61075-7e8a-4d94-958d-ee09389fb3c3" />
    <UnitTestResult executionId="88d33c65-87e8-434c-973e-b4bfd296f9fa" testId="5d21865c-ab0e-9a36-1301-7cb3ba2d4618" testName="FormatToStringTest1000(26215.613055301183d,&quot;26215.61 zł&quot;)" computerName="DESKTOP-5URQ9PB" duration="00:00:00.0000180" startTime="2022-06-13T21:13:14.3324723+02:00" endTime="2022-06-13T21:13:14.3324902+02:00" testType="13cdc9d9-ddb5-4fa4-a97d-d965ccfc6d4b" outcome="Passed" testListId="8c84fa94-04c1-424b-9868-57a2d4851a1d" relativeResultsDirectory="88d33c65-87e8-434c-973e-b4bfd296f9fa" />
    <UnitTestResult executionId="03c82f77-df50-46a1-ab1f-5daaa1b6d5a2" testId="f574d6b5-d94c-508a-c127-7bce3d4f82e8" testName="FormatToStringTest1000(38640.62766693003d,&quot;38640.63 zł&quot;)" computerName="DESKTOP-5URQ9PB" duration="00:00:00.0000190" startTime="2022-06-13T21:13:14.3158774+02:00" endTime="2022-06-13T21:13:14.3158964+02:00" testType="13cdc9d9-ddb5-4fa4-a97d-d965ccfc6d4b" outcome="Passed" testListId="8c84fa94-04c1-424b-9868-57a2d4851a1d" relativeResultsDirectory="03c82f77-df50-46a1-ab1f-5daaa1b6d5a2" />
    <UnitTestResult executionId="7077690d-ec2b-431b-a191-d4689f739a37" testId="49538287-c6a8-9cce-5150-35176d68e7fe" testName="FormatToStringTest1000(25908.345463821825d,&quot;25908.35 zł&quot;)" computerName="DESKTOP-5URQ9PB" duration="00:00:00.0000190" startTime="2022-06-13T21:13:14.3343933+02:00" endTime="2022-06-13T21:13:14.3344118+02:00" testType="13cdc9d9-ddb5-4fa4-a97d-d965ccfc6d4b" outcome="Passed" testListId="8c84fa94-04c1-424b-9868-57a2d4851a1d" relativeResultsDirectory="7077690d-ec2b-431b-a191-d4689f739a37" />
    <UnitTestResult executionId="175864d5-ad68-409a-9f49-37d621c117e5" testId="abb79c21-cbdf-18a9-eb27-48d7cd452ee8" testName="FormatToStringTest1000(28972.23604401212d,&quot;28972.24 zł&quot;)" computerName="DESKTOP-5URQ9PB" duration="00:00:00.0000180" startTime="2022-06-13T21:13:14.3330099+02:00" endTime="2022-06-13T21:13:14.3330275+02:00" testType="13cdc9d9-ddb5-4fa4-a97d-d965ccfc6d4b" outcome="Passed" testListId="8c84fa94-04c1-424b-9868-57a2d4851a1d" relativeResultsDirectory="175864d5-ad68-409a-9f49-37d621c117e5" />
    <UnitTestResult executionId="0ba8e8a6-9cf8-4199-a576-53c0446d2bee" testId="615fa398-9de6-a6b9-2dab-60666d0931f7" testName="FormatToStringTest1000(17845.255864087147d,&quot;17845.26 zł&quot;)" computerName="DESKTOP-5URQ9PB" duration="00:00:00.0000190" startTime="2022-06-13T21:13:14.3221335+02:00" endTime="2022-06-13T21:13:14.3221520+02:00" testType="13cdc9d9-ddb5-4fa4-a97d-d965ccfc6d4b" outcome="Passed" testListId="8c84fa94-04c1-424b-9868-57a2d4851a1d" relativeResultsDirectory="0ba8e8a6-9cf8-4199-a576-53c0446d2bee" />
    <UnitTestResult executionId="ad8df312-cf9b-4f0b-87fe-edeea8a37c6d" testId="b039aca6-d089-bcbd-2727-394bcd0025e0" testName="FormatToStringTest1000(20643.69044446465d,&quot;20643.69 zł&quot;)" computerName="DESKTOP-5URQ9PB" duration="00:00:00.0000200" startTime="2022-06-13T21:13:14.3354695+02:00" endTime="2022-06-13T21:13:14.3354891+02:00" testType="13cdc9d9-ddb5-4fa4-a97d-d965ccfc6d4b" outcome="Passed" testListId="8c84fa94-04c1-424b-9868-57a2d4851a1d" relativeResultsDirectory="ad8df312-cf9b-4f0b-87fe-edeea8a37c6d" />
    <UnitTestResult executionId="5174d1bd-fded-4aa1-be3a-f2a161f08ae8" testId="3fdf9576-9d1e-7734-64c7-98030c7feb4a" testName="FormatToStringTest1000(10461.455048841171d,&quot;10461.46 zł&quot;)" computerName="DESKTOP-5URQ9PB" duration="00:00:00.0000190" startTime="2022-06-13T21:13:14.3264904+02:00" endTime="2022-06-13T21:13:14.3265089+02:00" testType="13cdc9d9-ddb5-4fa4-a97d-d965ccfc6d4b" outcome="Passed" testListId="8c84fa94-04c1-424b-9868-57a2d4851a1d" relativeResultsDirectory="5174d1bd-fded-4aa1-be3a-f2a161f08ae8" />
    <UnitTestResult executionId="02771465-baad-48e6-bd4e-8ac1b8828d78" testId="11ead46a-3fc2-e54b-9ee7-6572b1ea2616" testName="FormatToStringTest1000(8768.816937361293d,&quot;8768.82 zł&quot;)" computerName="DESKTOP-5URQ9PB" duration="00:00:00.0000190" startTime="2022-06-13T21:13:14.3165047+02:00" endTime="2022-06-13T21:13:14.3165236+02:00" testType="13cdc9d9-ddb5-4fa4-a97d-d965ccfc6d4b" outcome="Passed" testListId="8c84fa94-04c1-424b-9868-57a2d4851a1d" relativeResultsDirectory="02771465-baad-48e6-bd4e-8ac1b8828d78" />
    <UnitTestResult executionId="8ac0e752-3cc9-4ac0-9bab-bab21a82f716" testId="e02db9a4-a283-da5d-8967-1cec80ef7e92" testName="FormatToStringTest1000(9431.144757136304d,&quot;9431.14 zł&quot;)" computerName="DESKTOP-5URQ9PB" duration="00:00:00.0000349" startTime="2022-06-13T21:13:14.3203413+02:00" endTime="2022-06-13T21:13:14.3203756+02:00" testType="13cdc9d9-ddb5-4fa4-a97d-d965ccfc6d4b" outcome="Passed" testListId="8c84fa94-04c1-424b-9868-57a2d4851a1d" relativeResultsDirectory="8ac0e752-3cc9-4ac0-9bab-bab21a82f716" />
    <UnitTestResult executionId="2692bfae-7fa8-41fc-b0ba-a375c7681acc" testId="bcaccf95-48bd-f1b0-c691-d2f1e6a4e3bd" testName="FormatToStringTest1000(17252.06220983903d,&quot;17252.06 zł&quot;)" computerName="DESKTOP-5URQ9PB" duration="00:00:00.0000349" startTime="2022-06-13T21:13:14.3173892+02:00" endTime="2022-06-13T21:13:14.3174243+02:00" testType="13cdc9d9-ddb5-4fa4-a97d-d965ccfc6d4b" outcome="Passed" testListId="8c84fa94-04c1-424b-9868-57a2d4851a1d" relativeResultsDirectory="2692bfae-7fa8-41fc-b0ba-a375c7681acc" />
    <UnitTestResult executionId="52429844-4c4e-43ec-a70b-ad40eaf1bc34" testId="f96ea468-2b60-097d-c220-3c5f104473af" testName="FormatToStringTest1000(13574.683315038068d,&quot;13574.68 zł&quot;)" computerName="DESKTOP-5URQ9PB" duration="00:00:00.0000180" startTime="2022-06-13T21:13:14.3225308+02:00" endTime="2022-06-13T21:13:14.3225486+02:00" testType="13cdc9d9-ddb5-4fa4-a97d-d965ccfc6d4b" outcome="Passed" testListId="8c84fa94-04c1-424b-9868-57a2d4851a1d" relativeResultsDirectory="52429844-4c4e-43ec-a70b-ad40eaf1bc34" />
    <UnitTestResult executionId="d9c45d11-7159-49f1-9792-64f0bee69f24" testId="c350fedf-0a65-57f7-f133-063ae7c0e4c8" testName="FormatToStringTest1000(96261.84883437205d,&quot;96261.85 zł&quot;)" computerName="DESKTOP-5URQ9PB" duration="00:00:00.0000180" startTime="2022-06-13T21:13:14.3398799+02:00" endTime="2022-06-13T21:13:14.3398978+02:00" testType="13cdc9d9-ddb5-4fa4-a97d-d965ccfc6d4b" outcome="Passed" testListId="8c84fa94-04c1-424b-9868-57a2d4851a1d" relativeResultsDirectory="d9c45d11-7159-49f1-9792-64f0bee69f24" />
    <UnitTestResult executionId="1af3eac0-a552-44ed-a88e-508ef2ea5ab1" testId="bce75dbd-45ca-03c5-19ba-bad21cb2572e" testName="FormatToStringTest1000(18990.72499258012d,&quot;18990.72 zł&quot;)" computerName="DESKTOP-5URQ9PB" duration="00:00:00.0000349" startTime="2022-06-13T21:13:14.3180879+02:00" endTime="2022-06-13T21:13:14.3181223+02:00" testType="13cdc9d9-ddb5-4fa4-a97d-d965ccfc6d4b" outcome="Passed" testListId="8c84fa94-04c1-424b-9868-57a2d4851a1d" relativeResultsDirectory="1af3eac0-a552-44ed-a88e-508ef2ea5ab1" />
    <UnitTestResult executionId="d199b7d7-746d-418d-b715-d83b7b0555c5" testId="e00200eb-3a34-f266-bd48-fa5530d514f6" testName="FormatToStringTest1000(21573.45329517613d,&quot;21573.45 zł&quot;)" computerName="DESKTOP-5URQ9PB" duration="00:00:00.0000190" startTime="2022-06-13T21:13:14.3420187+02:00" endTime="2022-06-13T21:13:14.3420371+02:00" testType="13cdc9d9-ddb5-4fa4-a97d-d965ccfc6d4b" outcome="Passed" testListId="8c84fa94-04c1-424b-9868-57a2d4851a1d" relativeResultsDirectory="d199b7d7-746d-418d-b715-d83b7b0555c5" />
    <UnitTestResult executionId="4a883e25-a1e5-4921-ab5a-018d34db5a21" testId="daebc394-ed43-a172-b3fd-00de92d9d60e" testName="FormatToStringTest1000(3521.3657738167635d,&quot;3521.37 zł&quot;)" computerName="DESKTOP-5URQ9PB" duration="00:00:00.0000370" startTime="2022-06-13T21:13:14.3172912+02:00" endTime="2022-06-13T21:13:14.3173277+02:00" testType="13cdc9d9-ddb5-4fa4-a97d-d965ccfc6d4b" outcome="Passed" testListId="8c84fa94-04c1-424b-9868-57a2d4851a1d" relativeResultsDirectory="4a883e25-a1e5-4921-ab5a-018d34db5a21" />
    <UnitTestResult executionId="c0680728-7635-4e16-8475-ef5c8b3acb4d" testId="d6353a5c-aebf-48c3-7e68-77f3a0ea8301" testName="FormatToStringTest1000(58902.704109088845d,&quot;58902.70 zł&quot;)" computerName="DESKTOP-5URQ9PB" duration="00:00:00.0000180" startTime="2022-06-13T21:13:14.3395375+02:00" endTime="2022-06-13T21:13:14.3395554+02:00" testType="13cdc9d9-ddb5-4fa4-a97d-d965ccfc6d4b" outcome="Passed" testListId="8c84fa94-04c1-424b-9868-57a2d4851a1d" relativeResultsDirectory="c0680728-7635-4e16-8475-ef5c8b3acb4d" />
    <UnitTestResult executionId="1c42f285-1d53-42dc-aea7-43c72768a7fe" testId="8abfbe45-c0d6-8f72-7af8-564a66d7cb48" testName="FormatToStringTest1000(1549.6599114973376d,&quot;1549.66 zł&quot;)" computerName="DESKTOP-5URQ9PB" duration="00:00:00.0000190" startTime="2022-06-13T21:13:14.3414509+02:00" endTime="2022-06-13T21:13:14.3414698+02:00" testType="13cdc9d9-ddb5-4fa4-a97d-d965ccfc6d4b" outcome="Passed" testListId="8c84fa94-04c1-424b-9868-57a2d4851a1d" relativeResultsDirectory="1c42f285-1d53-42dc-aea7-43c72768a7fe" />
    <UnitTestResult executionId="20ef9ba5-7f82-4951-922c-ac461cac9534" testId="3e825b25-6db1-d72d-ab5d-475a3a46b642" testName="FormatToStringTest1000(38076.55319665165d,&quot;38076.55 zł&quot;)" computerName="DESKTOP-5URQ9PB" duration="00:00:00.0000280" startTime="2022-06-13T21:13:14.3193282+02:00" endTime="2022-06-13T21:13:14.3193559+02:00" testType="13cdc9d9-ddb5-4fa4-a97d-d965ccfc6d4b" outcome="Passed" testListId="8c84fa94-04c1-424b-9868-57a2d4851a1d" relativeResultsDirectory="20ef9ba5-7f82-4951-922c-ac461cac9534" />
    <UnitTestResult executionId="8ac7c9ab-c9a9-4b91-8d57-c180647ccb5e" testId="b781e920-c895-0d1c-5363-71c65713c53a" testName="FormatToStringTest1000(238.1379397484185d,&quot;238.14 zł&quot;)" computerName="DESKTOP-5URQ9PB" duration="00:00:00.0000190" startTime="2022-06-13T21:13:14.3242491+02:00" endTime="2022-06-13T21:13:14.3242681+02:00" testType="13cdc9d9-ddb5-4fa4-a97d-d965ccfc6d4b" outcome="Passed" testListId="8c84fa94-04c1-424b-9868-57a2d4851a1d" relativeResultsDirectory="8ac7c9ab-c9a9-4b91-8d57-c180647ccb5e" />
    <UnitTestResult executionId="548885e1-1615-4bb4-b858-4044897d32ce" testId="a6927394-4cdf-6861-5383-48d3191f12fe" testName="FormatToStringTest1000(11958.422287871792d,&quot;11958.42 zł&quot;)" computerName="DESKTOP-5URQ9PB" duration="00:00:00.0000180" startTime="2022-06-13T21:13:14.3269844+02:00" endTime="2022-06-13T21:13:14.3270023+02:00" testType="13cdc9d9-ddb5-4fa4-a97d-d965ccfc6d4b" outcome="Passed" testListId="8c84fa94-04c1-424b-9868-57a2d4851a1d" relativeResultsDirectory="548885e1-1615-4bb4-b858-4044897d32ce" />
    <UnitTestResult executionId="fc79e482-c231-424b-9eee-d5e0b5d72566" testId="ec19b07c-d465-faec-475d-a8dee6e4e934" testName="FormatToStringTest1000(19071.681252896637d,&quot;19071.68 zł&quot;)" computerName="DESKTOP-5URQ9PB" duration="00:00:00.0000250" startTime="2022-06-13T21:13:14.3342346+02:00" endTime="2022-06-13T21:13:14.3342593+02:00" testType="13cdc9d9-ddb5-4fa4-a97d-d965ccfc6d4b" outcome="Passed" testListId="8c84fa94-04c1-424b-9868-57a2d4851a1d" relativeResultsDirectory="fc79e482-c231-424b-9eee-d5e0b5d72566" />
    <UnitTestResult executionId="207c255e-e16d-498f-898e-8812f951c1f9" testId="ac23e196-8a79-cb67-41ad-c8975a08f154" testName="FormatToStringTest1000(5566.818038455592d,&quot;5566.82 zł&quot;)" computerName="DESKTOP-5URQ9PB" duration="00:00:00.0000190" startTime="2022-06-13T21:13:14.3353699+02:00" endTime="2022-06-13T21:13:14.3353883+02:00" testType="13cdc9d9-ddb5-4fa4-a97d-d965ccfc6d4b" outcome="Passed" testListId="8c84fa94-04c1-424b-9868-57a2d4851a1d" relativeResultsDirectory="207c255e-e16d-498f-898e-8812f951c1f9" />
    <UnitTestResult executionId="183e3b15-b3ea-44e6-840c-5a2caf4f496f" testId="e0f11812-ae84-56fe-380e-aa4471665fb8" testName="FormatToStringTest1000(16511.26921423537d,&quot;16511.27 zł&quot;)" computerName="DESKTOP-5URQ9PB" duration="00:00:00.0000180" startTime="2022-06-13T21:13:14.3403043+02:00" endTime="2022-06-13T21:13:14.3403223+02:00" testType="13cdc9d9-ddb5-4fa4-a97d-d965ccfc6d4b" outcome="Passed" testListId="8c84fa94-04c1-424b-9868-57a2d4851a1d" relativeResultsDirectory="183e3b15-b3ea-44e6-840c-5a2caf4f496f" />
    <UnitTestResult executionId="47a6f943-7356-4351-89b9-5e41b83b5314" testId="f3af6a34-22dc-525a-ddbc-41c7a3c42ddc" testName="FormatToStringTest1000(70149.17842025738d,&quot;70149.18 zł&quot;)" computerName="DESKTOP-5URQ9PB" duration="00:00:00.0000180" startTime="2022-06-13T21:13:14.3308473+02:00" endTime="2022-06-13T21:13:14.3308653+02:00" testType="13cdc9d9-ddb5-4fa4-a97d-d965ccfc6d4b" outcome="Passed" testListId="8c84fa94-04c1-424b-9868-57a2d4851a1d" relativeResultsDirectory="47a6f943-7356-4351-89b9-5e41b83b5314" />
    <UnitTestResult executionId="9432ff86-e3a6-4771-b32b-45147081199d" testId="491de118-700b-88eb-ac68-d71ffdabe000" testName="FormatToStringTest1000(63291.50274994015d,&quot;63291.50 zł&quot;)" computerName="DESKTOP-5URQ9PB" duration="00:00:00.0000190" startTime="2022-06-13T21:13:14.3287667+02:00" endTime="2022-06-13T21:13:14.3287855+02:00" testType="13cdc9d9-ddb5-4fa4-a97d-d965ccfc6d4b" outcome="Passed" testListId="8c84fa94-04c1-424b-9868-57a2d4851a1d" relativeResultsDirectory="9432ff86-e3a6-4771-b32b-45147081199d" />
    <UnitTestResult executionId="2257aaff-0e07-4c41-8102-df866bd6bcf5" testId="8456fa24-5ecf-826b-4b12-9156253c47fe" testName="FormatToStringTest1000(11624.834848273003d,&quot;11624.83 zł&quot;)" computerName="DESKTOP-5URQ9PB" duration="00:00:00.0000180" startTime="2022-06-13T21:13:14.3323503+02:00" endTime="2022-06-13T21:13:14.3323682+02:00" testType="13cdc9d9-ddb5-4fa4-a97d-d965ccfc6d4b" outcome="Passed" testListId="8c84fa94-04c1-424b-9868-57a2d4851a1d" relativeResultsDirectory="2257aaff-0e07-4c41-8102-df866bd6bcf5" />
    <UnitTestResult executionId="3baa15c1-4c57-4bf6-b6a5-ff86a4508210" testId="2cb249c3-2f01-c9f4-7658-4d0e9af8d192" testName="FormatToStringTest1000(972.1468308629221d,&quot;972.15 zł&quot;)" computerName="DESKTOP-5URQ9PB" duration="00:00:00.0000190" startTime="2022-06-13T21:13:14.3323981+02:00" endTime="2022-06-13T21:13:14.3324167+02:00" testType="13cdc9d9-ddb5-4fa4-a97d-d965ccfc6d4b" outcome="Passed" testListId="8c84fa94-04c1-424b-9868-57a2d4851a1d" relativeResultsDirectory="3baa15c1-4c57-4bf6-b6a5-ff86a4508210" />
    <UnitTestResult executionId="402c7fb2-ab29-4bad-9540-9e9af5b5bcd2" testId="d9e9b57c-4387-840e-e497-cce329a0c03e" testName="FormatToStringTest1000(39146.635743126564d,&quot;39146.64 zł&quot;)" computerName="DESKTOP-5URQ9PB" duration="00:00:00.0000330" startTime="2022-06-13T21:13:14.3204753+02:00" endTime="2022-06-13T21:13:14.3205085+02:00" testType="13cdc9d9-ddb5-4fa4-a97d-d965ccfc6d4b" outcome="Passed" testListId="8c84fa94-04c1-424b-9868-57a2d4851a1d" relativeResultsDirectory="402c7fb2-ab29-4bad-9540-9e9af5b5bcd2" />
    <UnitTestResult executionId="9713027b-57a3-40c0-ac24-b75ccbc1ac22" testId="1172006b-9d72-b3a7-ee7d-07862438f160" testName="FormatToStringTest1000(11944.74385168531d,&quot;11944.74 zł&quot;)" computerName="DESKTOP-5URQ9PB" duration="00:00:00.0000190" startTime="2022-06-13T21:13:14.3412384+02:00" endTime="2022-06-13T21:13:14.3412613+02:00" testType="13cdc9d9-ddb5-4fa4-a97d-d965ccfc6d4b" outcome="Passed" testListId="8c84fa94-04c1-424b-9868-57a2d4851a1d" relativeResultsDirectory="9713027b-57a3-40c0-ac24-b75ccbc1ac22" />
    <UnitTestResult executionId="f5b5e7eb-93bd-495e-ad8a-49731204310d" testId="7422afbf-8dc8-2993-87d6-1f702a4bc862" testName="FormatToStringTest1000(6027.66019266828d,&quot;6027.66 zł&quot;)" computerName="DESKTOP-5URQ9PB" duration="00:00:00.0000200" startTime="2022-06-13T21:13:14.3383079+02:00" endTime="2022-06-13T21:13:14.3383275+02:00" testType="13cdc9d9-ddb5-4fa4-a97d-d965ccfc6d4b" outcome="Passed" testListId="8c84fa94-04c1-424b-9868-57a2d4851a1d" relativeResultsDirectory="f5b5e7eb-93bd-495e-ad8a-49731204310d" />
    <UnitTestResult executionId="c1f22144-bd74-4786-90d7-63dbd27bc6a0" testId="8f06716c-c7ff-1247-d243-6eeb705848f7" testName="FormatToStringTest1000(11904.111251175456d,&quot;11904.11 zł&quot;)" computerName="DESKTOP-5URQ9PB" duration="00:00:00.0000180" startTime="2022-06-13T21:13:14.3227722+02:00" endTime="2022-06-13T21:13:14.3227899+02:00" testType="13cdc9d9-ddb5-4fa4-a97d-d965ccfc6d4b" outcome="Passed" testListId="8c84fa94-04c1-424b-9868-57a2d4851a1d" relativeResultsDirectory="c1f22144-bd74-4786-90d7-63dbd27bc6a0" />
    <UnitTestResult executionId="92c831a9-6fa7-44ca-b44e-c3af754b8e67" testId="20eba454-047b-5e64-79ba-74e9397a20a4" testName="FormatToStringTest1000(7726.0074454499445d,&quot;7726.01 zł&quot;)" computerName="DESKTOP-5URQ9PB" duration="00:00:00.0000190" startTime="2022-06-13T21:13:14.3246402+02:00" endTime="2022-06-13T21:13:14.3246587+02:00" testType="13cdc9d9-ddb5-4fa4-a97d-d965ccfc6d4b" outcome="Passed" testListId="8c84fa94-04c1-424b-9868-57a2d4851a1d" relativeResultsDirectory="92c831a9-6fa7-44ca-b44e-c3af754b8e67" />
    <UnitTestResult executionId="27ae37e1-7fff-47bb-95b4-04aeacd8b1fc" testId="fad10d32-e0c1-4a39-6168-5252fb0f8392" testName="FormatToStringTest1000(13337.80490493486d,&quot;13337.80 zł&quot;)" computerName="DESKTOP-5URQ9PB" duration="00:00:00.0000190" startTime="2022-06-13T21:13:14.3415002+02:00" endTime="2022-06-13T21:13:14.3415189+02:00" testType="13cdc9d9-ddb5-4fa4-a97d-d965ccfc6d4b" outcome="Passed" testListId="8c84fa94-04c1-424b-9868-57a2d4851a1d" relativeResultsDirectory="27ae37e1-7fff-47bb-95b4-04aeacd8b1fc" />
    <UnitTestResult executionId="e038cca3-92f6-430a-a794-dc8a8b1ea156" testId="66fdc644-297b-3f5c-4f4a-cb900d8c28d6" testName="FormatToStringTest1000(13375.96341587415d,&quot;13375.96 zł&quot;)" computerName="DESKTOP-5URQ9PB" duration="00:00:00.0000180" startTime="2022-06-13T21:13:14.3368573+02:00" endTime="2022-06-13T21:13:14.3368754+02:00" testType="13cdc9d9-ddb5-4fa4-a97d-d965ccfc6d4b" outcome="Passed" testListId="8c84fa94-04c1-424b-9868-57a2d4851a1d" relativeResultsDirectory="e038cca3-92f6-430a-a794-dc8a8b1ea156" />
    <UnitTestResult executionId="4a1dee42-2c29-4b24-a83e-5bc2f6f82f72" testId="346c5a09-add8-018f-c767-f4690b937dfb" testName="FormatToStringTest1000(77919.64716867341d,&quot;77919.65 zł&quot;)" computerName="DESKTOP-5URQ9PB" duration="00:00:00.0000180" startTime="2022-06-13T21:13:14.3239784+02:00" endTime="2022-06-13T21:13:14.3239966+02:00" testType="13cdc9d9-ddb5-4fa4-a97d-d965ccfc6d4b" outcome="Passed" testListId="8c84fa94-04c1-424b-9868-57a2d4851a1d" relativeResultsDirectory="4a1dee42-2c29-4b24-a83e-5bc2f6f82f72" />
    <UnitTestResult executionId="19ef5841-5e15-42d2-9f02-d7c4433b6cb4" testId="b286589b-6f00-2211-0fe0-b6cf97d63d0a" testName="FormatToStringTest1000(40556.73452524362d,&quot;40556.73 zł&quot;)" computerName="DESKTOP-5URQ9PB" duration="00:00:00.0000180" startTime="2022-06-13T21:13:14.3277087+02:00" endTime="2022-06-13T21:13:14.3277266+02:00" testType="13cdc9d9-ddb5-4fa4-a97d-d965ccfc6d4b" outcome="Passed" testListId="8c84fa94-04c1-424b-9868-57a2d4851a1d" relativeResultsDirectory="19ef5841-5e15-42d2-9f02-d7c4433b6cb4" />
    <UnitTestResult executionId="cadc0c37-d005-429a-9ed4-ebec3087b898" testId="4b66c56d-0547-dbc0-4364-ccf548a1bb40" testName="FormatToStringTest1000(22281.48592587257d,&quot;22281.49 zł&quot;)" computerName="DESKTOP-5URQ9PB" duration="00:00:00.0000180" startTime="2022-06-13T21:13:14.3248810+02:00" endTime="2022-06-13T21:13:14.3248988+02:00" testType="13cdc9d9-ddb5-4fa4-a97d-d965ccfc6d4b" outcome="Passed" testListId="8c84fa94-04c1-424b-9868-57a2d4851a1d" relativeResultsDirectory="cadc0c37-d005-429a-9ed4-ebec3087b898" />
    <UnitTestResult executionId="3e7907ce-f2c0-4b08-87e6-c4754b4357f9" testId="a2f90830-dfa6-05f0-71fa-365928f71cdd" testName="FormatToStringTest1000(20752.33758466334d,&quot;20752.34 zł&quot;)" computerName="DESKTOP-5URQ9PB" duration="00:00:00.0000180" startTime="2022-06-13T21:13:14.3258104+02:00" endTime="2022-06-13T21:13:14.3258283+02:00" testType="13cdc9d9-ddb5-4fa4-a97d-d965ccfc6d4b" outcome="Passed" testListId="8c84fa94-04c1-424b-9868-57a2d4851a1d" relativeResultsDirectory="3e7907ce-f2c0-4b08-87e6-c4754b4357f9" />
    <UnitTestResult executionId="af10b99d-fdef-4f60-9ce0-659f6a3276f0" testId="c2a86a28-0c33-4ec7-8c21-c750433881c4" testName="FormatToStringTest1000(468.83385119346616d,&quot;468.83 zł&quot;)" computerName="DESKTOP-5URQ9PB" duration="00:00:00.0000190" startTime="2022-06-13T21:13:14.3163092+02:00" endTime="2022-06-13T21:13:14.3163277+02:00" testType="13cdc9d9-ddb5-4fa4-a97d-d965ccfc6d4b" outcome="Passed" testListId="8c84fa94-04c1-424b-9868-57a2d4851a1d" relativeResultsDirectory="af10b99d-fdef-4f60-9ce0-659f6a3276f0" />
    <UnitTestResult executionId="d822f124-1339-48bd-a649-1c990d96b792" testId="ea8471c3-2743-4dfb-2fac-6cae304dff99" testName="FormatToStringTest1000(36047.83545033672d,&quot;36047.84 zł&quot;)" computerName="DESKTOP-5URQ9PB" duration="00:00:00.0000180" startTime="2022-06-13T21:13:14.3352155+02:00" endTime="2022-06-13T21:13:14.3352334+02:00" testType="13cdc9d9-ddb5-4fa4-a97d-d965ccfc6d4b" outcome="Passed" testListId="8c84fa94-04c1-424b-9868-57a2d4851a1d" relativeResultsDirectory="d822f124-1339-48bd-a649-1c990d96b792" />
    <UnitTestResult executionId="2359b346-4680-4a42-977b-05447a556dcb" testId="49c672b6-6d9d-50cd-ab6b-d47ad2b2d00c" testName="FormatToStringTest1000(44930.92203801075d,&quot;44930.92 zł&quot;)" computerName="DESKTOP-5URQ9PB" duration="00:00:00.0000180" startTime="2022-06-13T21:13:14.3421886+02:00" endTime="2022-06-13T21:13:14.3422068+02:00" testType="13cdc9d9-ddb5-4fa4-a97d-d965ccfc6d4b" outcome="Passed" testListId="8c84fa94-04c1-424b-9868-57a2d4851a1d" relativeResultsDirectory="2359b346-4680-4a42-977b-05447a556dcb" />
    <UnitTestResult executionId="9d02806e-dd76-4c6d-a24f-cfd032c307bb" testId="34a0ec2a-ee87-5c68-071f-7bf4fe21828e" testName="FormatToStringTest1000(18596.12661189033d,&quot;18596.13 zł&quot;)" computerName="DESKTOP-5URQ9PB" duration="00:00:00.0000190" startTime="2022-06-13T21:13:14.3320130+02:00" endTime="2022-06-13T21:13:14.3320323+02:00" testType="13cdc9d9-ddb5-4fa4-a97d-d965ccfc6d4b" outcome="Passed" testListId="8c84fa94-04c1-424b-9868-57a2d4851a1d" relativeResultsDirectory="9d02806e-dd76-4c6d-a24f-cfd032c307bb" />
    <UnitTestResult executionId="3f68727e-dbf0-4e81-acc5-411ec358e193" testId="bb69a9ef-0ed6-4747-9681-639ad78f5540" testName="FormatToStringTest1000(34145.534199603615d,&quot;34145.53 zł&quot;)" computerName="DESKTOP-5URQ9PB" duration="00:00:00.0000190" startTime="2022-06-13T21:13:14.3347214+02:00" endTime="2022-06-13T21:13:14.3347398+02:00" testType="13cdc9d9-ddb5-4fa4-a97d-d965ccfc6d4b" outcome="Passed" testListId="8c84fa94-04c1-424b-9868-57a2d4851a1d" relativeResultsDirectory="3f68727e-dbf0-4e81-acc5-411ec358e193" />
    <UnitTestResult executionId="500c1790-84ef-42c8-b8ec-38d7bbdd2dfa" testId="e0a6ca51-6257-18e2-3ed9-4bb78f34d6d7" testName="FormatToStringTest1000(1614.2516601789982d,&quot;1614.25 zł&quot;)" computerName="DESKTOP-5URQ9PB" duration="00:00:00.0000180" startTime="2022-06-13T21:13:14.3164805+02:00" endTime="2022-06-13T21:13:14.3164985+02:00" testType="13cdc9d9-ddb5-4fa4-a97d-d965ccfc6d4b" outcome="Passed" testListId="8c84fa94-04c1-424b-9868-57a2d4851a1d" relativeResultsDirectory="500c1790-84ef-42c8-b8ec-38d7bbdd2dfa" />
    <UnitTestResult executionId="9e0f463b-3eba-48d9-8377-0db81f796c4d" testId="a8348a06-7119-4e51-65fc-4cd73de7f6cb" testName="FormatToStringTest1000(48684.26840475959d,&quot;48684.27 zł&quot;)" computerName="DESKTOP-5URQ9PB" duration="00:00:00.0000180" startTime="2022-06-13T21:13:14.3336599+02:00" endTime="2022-06-13T21:13:14.3336781+02:00" testType="13cdc9d9-ddb5-4fa4-a97d-d965ccfc6d4b" outcome="Passed" testListId="8c84fa94-04c1-424b-9868-57a2d4851a1d" relativeResultsDirectory="9e0f463b-3eba-48d9-8377-0db81f796c4d" />
    <UnitTestResult executionId="ab9a50ea-51d9-45af-8f37-60e6c3f69de1" testId="9bd1c538-5b49-0158-94f6-e9be1859d678" testName="FormatToStringTest1000(5876.112133716285d,&quot;5876.11 zł&quot;)" computerName="DESKTOP-5URQ9PB" duration="00:00:00.0000180" startTime="2022-06-13T21:13:14.3378530+02:00" endTime="2022-06-13T21:13:14.3378709+02:00" testType="13cdc9d9-ddb5-4fa4-a97d-d965ccfc6d4b" outcome="Passed" testListId="8c84fa94-04c1-424b-9868-57a2d4851a1d" relativeResultsDirectory="ab9a50ea-51d9-45af-8f37-60e6c3f69de1" />
    <UnitTestResult executionId="a114636e-1c97-4bff-a1ea-6c2504c1001c" testId="39c7a244-b75e-9f86-9d15-adfafecd21ca" testName="FormatToStringTest1000(5548.360986085777d,&quot;5548.36 zł&quot;)" computerName="DESKTOP-5URQ9PB" duration="00:00:00.0000190" startTime="2022-06-13T21:13:14.3329117+02:00" endTime="2022-06-13T21:13:14.3329303+02:00" testType="13cdc9d9-ddb5-4fa4-a97d-d965ccfc6d4b" outcome="Passed" testListId="8c84fa94-04c1-424b-9868-57a2d4851a1d" relativeResultsDirectory="a114636e-1c97-4bff-a1ea-6c2504c1001c" />
    <UnitTestResult executionId="aa4e65bd-3ec7-40ef-9542-0fce02f432f8" testId="5196bde9-6c75-174a-8f79-d717861ecd56" testName="FormatToStringTest1000(1687.5965557361937d,&quot;1687.60 zł&quot;)" computerName="DESKTOP-5URQ9PB" duration="00:00:00.0000210" startTime="2022-06-13T21:13:14.3293859+02:00" endTime="2022-06-13T21:13:14.3294065+02:00" testType="13cdc9d9-ddb5-4fa4-a97d-d965ccfc6d4b" outcome="Passed" testListId="8c84fa94-04c1-424b-9868-57a2d4851a1d" relativeResultsDirectory="aa4e65bd-3ec7-40ef-9542-0fce02f432f8" />
    <UnitTestResult executionId="0abb99de-b181-4567-87ff-bf5585f31bf3" testId="c1b72bec-54e9-d72c-529e-b6b9932bdb7f" testName="FormatToStringTest1000(30360.993128030557d,&quot;30360.99 zł&quot;)" computerName="DESKTOP-5URQ9PB" duration="00:00:00.0000190" startTime="2022-06-13T21:13:14.3420919+02:00" endTime="2022-06-13T21:13:14.3421104+02:00" testType="13cdc9d9-ddb5-4fa4-a97d-d965ccfc6d4b" outcome="Passed" testListId="8c84fa94-04c1-424b-9868-57a2d4851a1d" relativeResultsDirectory="0abb99de-b181-4567-87ff-bf5585f31bf3" />
    <UnitTestResult executionId="28c83e9c-a11c-451b-b48c-b730ecada2c1" testId="9a124f11-40ca-d2aa-a849-6941897e0c0b" testName="FormatToStringTest1000(7076.829971250534d,&quot;7076.83 zł&quot;)" computerName="DESKTOP-5URQ9PB" duration="00:00:00.0000200" startTime="2022-06-13T21:13:14.3387861+02:00" endTime="2022-06-13T21:13:14.3388057+02:00" testType="13cdc9d9-ddb5-4fa4-a97d-d965ccfc6d4b" outcome="Passed" testListId="8c84fa94-04c1-424b-9868-57a2d4851a1d" relativeResultsDirectory="28c83e9c-a11c-451b-b48c-b730ecada2c1" />
    <UnitTestResult executionId="4f0ab9d9-8163-4438-bee8-9a76871fb5d7" testId="5e0fc3f1-0f67-2b00-c924-a966afea65df" testName="FormatToStringTest1000(16416.109736457518d,&quot;16416.11 zł&quot;)" computerName="DESKTOP-5URQ9PB" duration="00:00:00.0000180" startTime="2022-06-13T21:13:14.3311190+02:00" endTime="2022-06-13T21:13:14.3311369+02:00" testType="13cdc9d9-ddb5-4fa4-a97d-d965ccfc6d4b" outcome="Passed" testListId="8c84fa94-04c1-424b-9868-57a2d4851a1d" relativeResultsDirectory="4f0ab9d9-8163-4438-bee8-9a76871fb5d7" />
    <UnitTestResult executionId="fa38c037-a6c8-444c-9537-3807f7ef60b8" testId="66cfeda0-e2cf-f1fc-0d88-eef5b227e59f" testName="FormatToStringTest1000(23612.114499758984d,&quot;23612.11 zł&quot;)" computerName="DESKTOP-5URQ9PB" duration="00:00:00.0000180" startTime="2022-06-13T21:13:14.3243222+02:00" endTime="2022-06-13T21:13:14.3243400+02:00" testType="13cdc9d9-ddb5-4fa4-a97d-d965ccfc6d4b" outcome="Passed" testListId="8c84fa94-04c1-424b-9868-57a2d4851a1d" relativeResultsDirectory="fa38c037-a6c8-444c-9537-3807f7ef60b8" />
    <UnitTestResult executionId="c95d8ec4-f3a3-4bfd-83d8-d436788f7006" testId="86ff0f06-37e1-737e-28e1-e4da0cef4001" testName="FormatToStringTest1000(3303.1902076747224d,&quot;3303.19 zł&quot;)" computerName="DESKTOP-5URQ9PB" duration="00:00:00.0000190" startTime="2022-06-13T21:13:14.3295737+02:00" endTime="2022-06-13T21:13:14.3295927+02:00" testType="13cdc9d9-ddb5-4fa4-a97d-d965ccfc6d4b" outcome="Passed" testListId="8c84fa94-04c1-424b-9868-57a2d4851a1d" relativeResultsDirectory="c95d8ec4-f3a3-4bfd-83d8-d436788f7006" />
    <UnitTestResult executionId="0378fc1a-91e1-4f38-a18a-c6a083036c35" testId="628515ca-7a61-a487-4f7e-7b39d713c401" testName="FormatToStringTest1000(29917.15005391145d,&quot;29917.15 zł&quot;)" computerName="DESKTOP-5URQ9PB" duration="00:00:00.0000180" startTime="2022-06-13T21:13:14.3349715+02:00" endTime="2022-06-13T21:13:14.3349891+02:00" testType="13cdc9d9-ddb5-4fa4-a97d-d965ccfc6d4b" outcome="Passed" testListId="8c84fa94-04c1-424b-9868-57a2d4851a1d" relativeResultsDirectory="0378fc1a-91e1-4f38-a18a-c6a083036c35" />
    <UnitTestResult executionId="c523e687-1a65-48c8-8b9b-778f113f0720" testId="3ff03a46-b206-b458-f53e-9c5468df465e" testName="FormatToStringTest1000(25116.590135570892d,&quot;25116.59 zł&quot;)" computerName="DESKTOP-5URQ9PB" duration="00:00:00.0000190" startTime="2022-06-13T21:13:14.3260752+02:00" endTime="2022-06-13T21:13:14.3260936+02:00" testType="13cdc9d9-ddb5-4fa4-a97d-d965ccfc6d4b" outcome="Passed" testListId="8c84fa94-04c1-424b-9868-57a2d4851a1d" relativeResultsDirectory="c523e687-1a65-48c8-8b9b-778f113f0720" />
    <UnitTestResult executionId="7428e998-d2e0-484d-964b-96cb95ba2665" testId="a01cdd42-8e33-6253-38cb-1cb271d958f4" testName="FormatToStringTest1000(34084.19497795599d,&quot;34084.19 zł&quot;)" computerName="DESKTOP-5URQ9PB" duration="00:00:00.0000190" startTime="2022-06-13T21:13:14.3417958+02:00" endTime="2022-06-13T21:13:14.3418149+02:00" testType="13cdc9d9-ddb5-4fa4-a97d-d965ccfc6d4b" outcome="Passed" testListId="8c84fa94-04c1-424b-9868-57a2d4851a1d" relativeResultsDirectory="7428e998-d2e0-484d-964b-96cb95ba2665" />
    <UnitTestResult executionId="2647bc0c-7aaa-4f77-9cb1-578b382ff1af" testId="b2a12e1f-5796-ca8b-404b-61553a46fbc5" testName="FormatToStringTest1000(1187.8237780126854d,&quot;1187.82 zł&quot;)" computerName="DESKTOP-5URQ9PB" duration="00:00:00.0000190" startTime="2022-06-13T21:13:14.3373564+02:00" endTime="2022-06-13T21:13:14.3373748+02:00" testType="13cdc9d9-ddb5-4fa4-a97d-d965ccfc6d4b" outcome="Passed" testListId="8c84fa94-04c1-424b-9868-57a2d4851a1d" relativeResultsDirectory="2647bc0c-7aaa-4f77-9cb1-578b382ff1af" />
    <UnitTestResult executionId="c7d68661-29bf-45bd-9da2-b9b48b729b7e" testId="c93cdb71-2111-93a4-4cd8-a7548cb72ed0" testName="FormatToStringTest1000(9774.341362926803d,&quot;9774.34 zł&quot;)" computerName="DESKTOP-5URQ9PB" duration="00:00:00.0000330" startTime="2022-06-13T21:13:14.3206952+02:00" endTime="2022-06-13T21:13:14.3207276+02:00" testType="13cdc9d9-ddb5-4fa4-a97d-d965ccfc6d4b" outcome="Passed" testListId="8c84fa94-04c1-424b-9868-57a2d4851a1d" relativeResultsDirectory="c7d68661-29bf-45bd-9da2-b9b48b729b7e" />
    <UnitTestResult executionId="830e6eaa-6dae-4d67-b115-6b342cb9fbfb" testId="31ed7871-edfd-2633-6788-723019e7f3e1" testName="FormatToStringTest1000(9624.06628225188d,&quot;9624.07 zł&quot;)" computerName="DESKTOP-5URQ9PB" duration="00:00:00.0000190" startTime="2022-06-13T21:13:14.3365873+02:00" endTime="2022-06-13T21:13:14.3366062+02:00" testType="13cdc9d9-ddb5-4fa4-a97d-d965ccfc6d4b" outcome="Passed" testListId="8c84fa94-04c1-424b-9868-57a2d4851a1d" relativeResultsDirectory="830e6eaa-6dae-4d67-b115-6b342cb9fbfb" />
    <UnitTestResult executionId="6e8c642f-48ae-49ec-9298-15ec23f0a2f5" testId="8d3460f1-a4b4-e4c2-2d2b-85718b89d128" testName="FormatToStringTest1000(19840.47672110632d,&quot;19840.48 zł&quot;)" computerName="DESKTOP-5URQ9PB" duration="00:00:00.0000190" startTime="2022-06-13T21:13:14.3229695+02:00" endTime="2022-06-13T21:13:14.3229882+02:00" testType="13cdc9d9-ddb5-4fa4-a97d-d965ccfc6d4b" outcome="Passed" testListId="8c84fa94-04c1-424b-9868-57a2d4851a1d" relativeResultsDirectory="6e8c642f-48ae-49ec-9298-15ec23f0a2f5" />
    <UnitTestResult executionId="e3cd4e5e-60de-4f8e-b2c4-cf621e441d9e" testId="7a70b4a3-dd05-b389-f6ee-af27102364f5" testName="FormatToStringTest1000(7789.7136237517525d,&quot;7789.71 zł&quot;)" computerName="DESKTOP-5URQ9PB" duration="00:00:00.0000180" startTime="2022-06-13T21:13:14.3165298+02:00" endTime="2022-06-13T21:13:14.3165479+02:00" testType="13cdc9d9-ddb5-4fa4-a97d-d965ccfc6d4b" outcome="Passed" testListId="8c84fa94-04c1-424b-9868-57a2d4851a1d" relativeResultsDirectory="e3cd4e5e-60de-4f8e-b2c4-cf621e441d9e" />
    <UnitTestResult executionId="6ba52b0b-2d25-4787-a5ed-e9c19e8c4322" testId="fa8e579d-d6a8-b37b-9cf1-3c38331f528e" testName="FormatToStringTest1000(16037.01783290087d,&quot;16037.02 zł&quot;)" computerName="DESKTOP-5URQ9PB" duration="00:00:00.0000190" startTime="2022-06-13T21:13:14.3414257+02:00" endTime="2022-06-13T21:13:14.3414445+02:00" testType="13cdc9d9-ddb5-4fa4-a97d-d965ccfc6d4b" outcome="Passed" testListId="8c84fa94-04c1-424b-9868-57a2d4851a1d" relativeResultsDirectory="6ba52b0b-2d25-4787-a5ed-e9c19e8c4322" />
    <UnitTestResult executionId="807671a0-bd98-4f3c-b117-d8f62780f269" testId="a4a7e920-6be7-0270-88f5-4a528c0a4ff3" testName="FormatToStringTest1000(3030.9461949132133d,&quot;3030.95 zł&quot;)" computerName="DESKTOP-5URQ9PB" duration="00:00:00.0000190" startTime="2022-06-13T21:13:14.3275615+02:00" endTime="2022-06-13T21:13:14.3275799+02:00" testType="13cdc9d9-ddb5-4fa4-a97d-d965ccfc6d4b" outcome="Passed" testListId="8c84fa94-04c1-424b-9868-57a2d4851a1d" relativeResultsDirectory="807671a0-bd98-4f3c-b117-d8f62780f269" />
    <UnitTestResult executionId="603625f6-6329-4bb5-8861-671b6a759afe" testId="f3633ae5-6adc-21ee-2aa1-0609fba8547c" testName="FormatToStringTest1000(37160.85331540269d,&quot;37160.85 zł&quot;)" computerName="DESKTOP-5URQ9PB" duration="00:00:00.0000330" startTime="2022-06-13T21:13:14.3209133+02:00" endTime="2022-06-13T21:13:14.3209460+02:00" testType="13cdc9d9-ddb5-4fa4-a97d-d965ccfc6d4b" outcome="Passed" testListId="8c84fa94-04c1-424b-9868-57a2d4851a1d" relativeResultsDirectory="603625f6-6329-4bb5-8861-671b6a759afe" />
    <UnitTestResult executionId="c4a83242-4d38-4964-ab41-e48cf1f8cbe2" testId="90ee7706-be86-d0d9-20c4-74ab6a1f60b7" testName="FormatToStringTest1000(67109.22110940759d,&quot;67109.22 zł&quot;)" computerName="DESKTOP-5URQ9PB" duration="00:00:00.0000200" startTime="2022-06-13T21:13:14.3382578+02:00" endTime="2022-06-13T21:13:14.3382777+02:00" testType="13cdc9d9-ddb5-4fa4-a97d-d965ccfc6d4b" outcome="Passed" testListId="8c84fa94-04c1-424b-9868-57a2d4851a1d" relativeResultsDirectory="c4a83242-4d38-4964-ab41-e48cf1f8cbe2" />
    <UnitTestResult executionId="8b534718-e010-4788-be53-25a2fb05834d" testId="47a34375-592d-8cb5-ab77-ab4cd5ff1ae6" testName="FormatToStringTest1000(22330.217605518745d,&quot;22330.22 zł&quot;)" computerName="DESKTOP-5URQ9PB" duration="00:00:00.0000180" startTime="2022-06-13T21:13:14.3415251+02:00" endTime="2022-06-13T21:13:14.3415433+02:00" testType="13cdc9d9-ddb5-4fa4-a97d-d965ccfc6d4b" outcome="Passed" testListId="8c84fa94-04c1-424b-9868-57a2d4851a1d" relativeResultsDirectory="8b534718-e010-4788-be53-25a2fb05834d" />
    <UnitTestResult executionId="c35b5d17-f4e3-4ba8-bea2-cf0c6f816c2f" testId="3c275536-ffe1-8830-c363-8f6f56aca6a1" testName="FormatToStringTest1000(22666.13578912995d,&quot;22666.14 zł&quot;)" computerName="DESKTOP-5URQ9PB" duration="00:00:00.0000190" startTime="2022-06-13T21:13:14.3160019+02:00" endTime="2022-06-13T21:13:14.3160210+02:00" testType="13cdc9d9-ddb5-4fa4-a97d-d965ccfc6d4b" outcome="Passed" testListId="8c84fa94-04c1-424b-9868-57a2d4851a1d" relativeResultsDirectory="c35b5d17-f4e3-4ba8-bea2-cf0c6f816c2f" />
    <UnitTestResult executionId="fd4facee-b4be-4f98-8e1f-cea615704f74" testId="ccf96e16-5dc0-3f30-2892-511f78cf3dfc" testName="FormatToStringTest1000(14100.01255469211d,&quot;14100.01 zł&quot;)" computerName="DESKTOP-5URQ9PB" duration="00:00:00.0000180" startTime="2022-06-13T21:13:14.3220609+02:00" endTime="2022-06-13T21:13:14.3220791+02:00" testType="13cdc9d9-ddb5-4fa4-a97d-d965ccfc6d4b" outcome="Passed" testListId="8c84fa94-04c1-424b-9868-57a2d4851a1d" relativeResultsDirectory="fd4facee-b4be-4f98-8e1f-cea615704f74" />
    <UnitTestResult executionId="a9b57c9a-ae2c-45df-9a40-b311deba6b56" testId="f0585ec3-ae76-b5af-6830-899496ff1fd9" testName="FormatToStringTest1000(2121.0917325211185d,&quot;2121.09 zł&quot;)" computerName="DESKTOP-5URQ9PB" duration="00:00:00.0000230" startTime="2022-06-13T21:13:14.3322106+02:00" endTime="2022-06-13T21:13:14.3322337+02:00" testType="13cdc9d9-ddb5-4fa4-a97d-d965ccfc6d4b" outcome="Passed" testListId="8c84fa94-04c1-424b-9868-57a2d4851a1d" relativeResultsDirectory="a9b57c9a-ae2c-45df-9a40-b311deba6b56" />
    <UnitTestResult executionId="164325f3-2c6b-4b01-a08a-045b24e7c74c" testId="93356272-81f1-2ca0-6a2b-a94c51c52201" testName="FormatToStringTest1000(5396.620088554277d,&quot;5396.62 zł&quot;)" computerName="DESKTOP-5URQ9PB" duration="00:00:00.0000240" startTime="2022-06-13T21:13:14.3157928+02:00" endTime="2022-06-13T21:13:14.3158162+02:00" testType="13cdc9d9-ddb5-4fa4-a97d-d965ccfc6d4b" outcome="Passed" testListId="8c84fa94-04c1-424b-9868-57a2d4851a1d" relativeResultsDirectory="164325f3-2c6b-4b01-a08a-045b24e7c74c" />
    <UnitTestResult executionId="04deb173-9233-4979-acf7-f82c877b39f2" testId="eef249b6-8ce5-ce2e-1d6e-3786477a589e" testName="FormatToStringTest1000(59919.71489415491d,&quot;59919.71 zł&quot;)" computerName="DESKTOP-5URQ9PB" duration="00:00:00.0000180" startTime="2022-06-13T21:13:14.3324230+02:00" endTime="2022-06-13T21:13:14.3324413+02:00" testType="13cdc9d9-ddb5-4fa4-a97d-d965ccfc6d4b" outcome="Passed" testListId="8c84fa94-04c1-424b-9868-57a2d4851a1d" relativeResultsDirectory="04deb173-9233-4979-acf7-f82c877b39f2" />
    <UnitTestResult executionId="23b9594d-0d35-41c8-9545-71364a33876a" testId="ecf86b56-1ec1-9984-97f9-65e2b8a0e550" testName="FormatToStringTest1000(24957.469502810607d,&quot;24957.47 zł&quot;)" computerName="DESKTOP-5URQ9PB" duration="00:00:00.0000180" startTime="2022-06-13T21:13:14.3159033+02:00" endTime="2022-06-13T21:13:14.3159216+02:00" testType="13cdc9d9-ddb5-4fa4-a97d-d965ccfc6d4b" outcome="Passed" testListId="8c84fa94-04c1-424b-9868-57a2d4851a1d" relativeResultsDirectory="23b9594d-0d35-41c8-9545-71364a33876a" />
    <UnitTestResult executionId="a61abb79-39e6-4c57-9e76-9b7abd6640c8" testId="a1098879-b96c-d9e8-87b7-d514474f9769" testName="FormatToStringTest1000(17455.15807988595d,&quot;17455.16 zł&quot;)" computerName="DESKTOP-5URQ9PB" duration="00:00:00.0000190" startTime="2022-06-13T21:13:14.3376279+02:00" endTime="2022-06-13T21:13:14.3376466+02:00" testType="13cdc9d9-ddb5-4fa4-a97d-d965ccfc6d4b" outcome="Passed" testListId="8c84fa94-04c1-424b-9868-57a2d4851a1d" relativeResultsDirectory="a61abb79-39e6-4c57-9e76-9b7abd6640c8" />
    <UnitTestResult executionId="b94a9111-1642-44b4-8b14-054cc867ef25" testId="7a0cd811-1188-4526-31f2-d266b41de2aa" testName="FormatToStringTest1000(10495.622655484185d,&quot;10495.62 zł&quot;)" computerName="DESKTOP-5URQ9PB" duration="00:00:00.0000190" startTime="2022-06-13T21:13:14.3338100+02:00" endTime="2022-06-13T21:13:14.3338293+02:00" testType="13cdc9d9-ddb5-4fa4-a97d-d965ccfc6d4b" outcome="Passed" testListId="8c84fa94-04c1-424b-9868-57a2d4851a1d" relativeResultsDirectory="b94a9111-1642-44b4-8b14-054cc867ef25" />
    <UnitTestResult executionId="1cdf0c0c-d19e-4354-8ac7-36cd8473c4ab" testId="a73c4b3c-3d13-f62c-d2e5-567ad0be5c42" testName="FormatToStringTest1000(10857.521742201186d,&quot;10857.52 zł&quot;)" computerName="DESKTOP-5URQ9PB" duration="00:00:00.0000190" startTime="2022-06-13T21:13:14.3370059+02:00" endTime="2022-06-13T21:13:14.3370247+02:00" testType="13cdc9d9-ddb5-4fa4-a97d-d965ccfc6d4b" outcome="Passed" testListId="8c84fa94-04c1-424b-9868-57a2d4851a1d" relativeResultsDirectory="1cdf0c0c-d19e-4354-8ac7-36cd8473c4ab" />
    <UnitTestResult executionId="2efa1423-0765-4d8f-b7c9-56ff5bd1379c" testId="56c6c75f-613a-6a82-f7f1-a767d952b57c" testName="FormatToStringTest1000(11430.666613002619d,&quot;11430.67 zł&quot;)" computerName="DESKTOP-5URQ9PB" duration="00:00:00.0000180" startTime="2022-06-13T21:13:14.3223132+02:00" endTime="2022-06-13T21:13:14.3223308+02:00" testType="13cdc9d9-ddb5-4fa4-a97d-d965ccfc6d4b" outcome="Passed" testListId="8c84fa94-04c1-424b-9868-57a2d4851a1d" relativeResultsDirectory="2efa1423-0765-4d8f-b7c9-56ff5bd1379c" />
    <UnitTestResult executionId="5bd5099c-f94e-4330-ad66-5bcafc4c34aa" testId="f4a21ccd-5b4f-d613-e7b9-440db30d38e4" testName="FormatToStringTest1000(48449.85582609189d,&quot;48449.86 zł&quot;)" computerName="DESKTOP-5URQ9PB" duration="00:00:00.0000180" startTime="2022-06-13T21:13:14.3324963+02:00" endTime="2022-06-13T21:13:14.3325143+02:00" testType="13cdc9d9-ddb5-4fa4-a97d-d965ccfc6d4b" outcome="Passed" testListId="8c84fa94-04c1-424b-9868-57a2d4851a1d" relativeResultsDirectory="5bd5099c-f94e-4330-ad66-5bcafc4c34aa" />
    <UnitTestResult executionId="52a23f93-499b-4c03-b0c9-04dbc4d75c46" testId="11067e87-9b88-327c-9a0f-dda26b0288cb" testName="FormatToStringTest1000(1228.101744225296d,&quot;1228.10 zł&quot;)" computerName="DESKTOP-5URQ9PB" duration="00:00:00.0000190" startTime="2022-06-13T21:13:14.3343682+02:00" endTime="2022-06-13T21:13:14.3343870+02:00" testType="13cdc9d9-ddb5-4fa4-a97d-d965ccfc6d4b" outcome="Passed" testListId="8c84fa94-04c1-424b-9868-57a2d4851a1d" relativeResultsDirectory="52a23f93-499b-4c03-b0c9-04dbc4d75c46" />
    <UnitTestResult executionId="d235475c-abcf-4fdc-acc3-4c5d219e4273" testId="e24a4a8b-d823-3179-90dd-34c590157361" testName="FormatToStringTest1000(2039.440966411699d,&quot;2039.44 zł&quot;)" computerName="DESKTOP-5URQ9PB" duration="00:00:00.0000190" startTime="2022-06-13T21:13:14.3229445+02:00" endTime="2022-06-13T21:13:14.3229635+02:00" testType="13cdc9d9-ddb5-4fa4-a97d-d965ccfc6d4b" outcome="Passed" testListId="8c84fa94-04c1-424b-9868-57a2d4851a1d" relativeResultsDirectory="d235475c-abcf-4fdc-acc3-4c5d219e4273" />
    <UnitTestResult executionId="b89a9f73-6cf8-48d9-a260-9440d4a1cf72" testId="eda712ea-15dc-6cac-535c-79a64a40aa02" testName="FormatToStringTest1000(6676.5680544784145d,&quot;6676.57 zł&quot;)" computerName="DESKTOP-5URQ9PB" duration="00:00:00.0000200" startTime="2022-06-13T21:13:14.3422659+02:00" endTime="2022-06-13T21:13:14.3422853+02:00" testType="13cdc9d9-ddb5-4fa4-a97d-d965ccfc6d4b" outcome="Passed" testListId="8c84fa94-04c1-424b-9868-57a2d4851a1d" relativeResultsDirectory="b89a9f73-6cf8-48d9-a260-9440d4a1cf72" />
    <UnitTestResult executionId="2f638a2d-0c0c-4a29-a917-f3ee42959e88" testId="1bf3b326-0db3-88e9-a1ae-c5de32b68479" testName="FormatToStringTest1000(8211.920994553679d,&quot;8211.92 zł&quot;)" computerName="DESKTOP-5URQ9PB" duration="00:00:00.0000190" startTime="2022-06-13T21:13:14.3257377+02:00" endTime="2022-06-13T21:13:14.3257563+02:00" testType="13cdc9d9-ddb5-4fa4-a97d-d965ccfc6d4b" outcome="Passed" testListId="8c84fa94-04c1-424b-9868-57a2d4851a1d" relativeResultsDirectory="2f638a2d-0c0c-4a29-a917-f3ee42959e88" />
    <UnitTestResult executionId="c03cc882-5b61-41fc-9937-396a889a32b4" testId="4e59f6e9-d495-6f3f-64b9-ac28a5eaac72" testName="FormatToStringTest1000(8242.419043611d,&quot;8242.42 zł&quot;)" computerName="DESKTOP-5URQ9PB" duration="00:00:00.0000200" startTime="2022-06-13T21:13:14.3376023+02:00" endTime="2022-06-13T21:13:14.3376218+02:00" testType="13cdc9d9-ddb5-4fa4-a97d-d965ccfc6d4b" outcome="Passed" testListId="8c84fa94-04c1-424b-9868-57a2d4851a1d" relativeResultsDirectory="c03cc882-5b61-41fc-9937-396a889a32b4" />
    <UnitTestResult executionId="7b89052d-bd42-4142-bc13-7769323254e4" testId="8879b9b8-0100-f390-31c6-fdcbdf8a4f83" testName="FormatToStringTest1000(10965.74607995746d,&quot;10965.75 zł&quot;)" computerName="DESKTOP-5URQ9PB" duration="00:00:00.0000290" startTime="2022-06-13T21:13:14.3197762+02:00" endTime="2022-06-13T21:13:14.3198051+02:00" testType="13cdc9d9-ddb5-4fa4-a97d-d965ccfc6d4b" outcome="Passed" testListId="8c84fa94-04c1-424b-9868-57a2d4851a1d" relativeResultsDirectory="7b89052d-bd42-4142-bc13-7769323254e4" />
    <UnitTestResult executionId="6d19ccac-7cfb-4142-a4e7-24712a2489db" testId="d7f71e56-89f1-ca12-7436-85c71867f730" testName="FormatToStringTest1000(6946.333318357977d,&quot;6946.33 zł&quot;)" computerName="DESKTOP-5URQ9PB" duration="00:00:00.0000180" startTime="2022-06-13T21:13:14.3257862+02:00" endTime="2022-06-13T21:13:14.3258044+02:00" testType="13cdc9d9-ddb5-4fa4-a97d-d965ccfc6d4b" outcome="Passed" testListId="8c84fa94-04c1-424b-9868-57a2d4851a1d" relativeResultsDirectory="6d19ccac-7cfb-4142-a4e7-24712a2489db" />
    <UnitTestResult executionId="7a1842e1-6617-4d77-9b32-d74f80e883ff" testId="b27808d6-4355-5292-3153-64fb93821ea0" testName="FormatToStringTest1000(181.3640542483721d,&quot;181.36 zł&quot;)" computerName="DESKTOP-5URQ9PB" duration="00:00:00.0000180" startTime="2022-06-13T21:13:14.3376775+02:00" endTime="2022-06-13T21:13:14.3376957+02:00" testType="13cdc9d9-ddb5-4fa4-a97d-d965ccfc6d4b" outcome="Passed" testListId="8c84fa94-04c1-424b-9868-57a2d4851a1d" relativeResultsDirectory="7a1842e1-6617-4d77-9b32-d74f80e883ff" />
    <UnitTestResult executionId="7044e1ba-b055-4485-b72c-f56d6abfd631" testId="fb12626f-6bd8-49ed-e189-ad76e4b7496b" testName="FormatToStringTest1000(38402.8293406753d,&quot;38402.83 zł&quot;)" computerName="DESKTOP-5URQ9PB" duration="00:00:00.0000190" startTime="2022-06-13T21:13:14.3356958+02:00" endTime="2022-06-13T21:13:14.3357141+02:00" testType="13cdc9d9-ddb5-4fa4-a97d-d965ccfc6d4b" outcome="Passed" testListId="8c84fa94-04c1-424b-9868-57a2d4851a1d" relativeResultsDirectory="7044e1ba-b055-4485-b72c-f56d6abfd631" />
    <UnitTestResult executionId="5b889c33-d268-43b7-b94e-66a5c70b49a4" testId="e4cccfe6-fb6d-a0d6-3337-e528b068adae" testName="FormatToStringTest1000(918.1842976688334d,&quot;918.18 zł&quot;)" computerName="DESKTOP-5URQ9PB" duration="00:00:00.0000190" startTime="2022-06-13T21:13:14.3169232+02:00" endTime="2022-06-13T21:13:14.3169420+02:00" testType="13cdc9d9-ddb5-4fa4-a97d-d965ccfc6d4b" outcome="Passed" testListId="8c84fa94-04c1-424b-9868-57a2d4851a1d" relativeResultsDirectory="5b889c33-d268-43b7-b94e-66a5c70b49a4" />
    <UnitTestResult executionId="7883d5bc-2df9-4af7-b30a-530b5d45a6b6" testId="454ead38-c2a8-9597-7b1c-dc862a589e0e" testName="FormatToStringTest1000(6665.405372488035d,&quot;6665.41 zł&quot;)" computerName="DESKTOP-5URQ9PB" duration="00:00:00.0000190" startTime="2022-06-13T21:13:14.3281968+02:00" endTime="2022-06-13T21:13:14.3282161+02:00" testType="13cdc9d9-ddb5-4fa4-a97d-d965ccfc6d4b" outcome="Passed" testListId="8c84fa94-04c1-424b-9868-57a2d4851a1d" relativeResultsDirectory="7883d5bc-2df9-4af7-b30a-530b5d45a6b6" />
    <UnitTestResult executionId="c61d81c2-1231-49da-a4d5-f6f2c294a9e2" testId="c19bcdf9-7163-0762-fc75-0cd4559b2da8" testName="FormatToStringTest1000(22799.991836491965d,&quot;22799.99 zł&quot;)" computerName="DESKTOP-5URQ9PB" duration="00:00:00.0000180" startTime="2022-06-13T21:13:14.3275119+02:00" endTime="2022-06-13T21:13:14.3275299+02:00" testType="13cdc9d9-ddb5-4fa4-a97d-d965ccfc6d4b" outcome="Passed" testListId="8c84fa94-04c1-424b-9868-57a2d4851a1d" relativeResultsDirectory="c61d81c2-1231-49da-a4d5-f6f2c294a9e2" />
    <UnitTestResult executionId="266910f9-a2dd-40bd-b4a1-8f65073de38f" testId="600c9577-9456-49fc-a1f1-839a5e62cae7" testName="FormatToStringTest1000(47964.941885361884d,&quot;47964.94 zł&quot;)" computerName="DESKTOP-5URQ9PB" duration="00:00:00.0000340" startTime="2022-06-13T21:13:14.3201129+02:00" endTime="2022-06-13T21:13:14.3201469+02:00" testType="13cdc9d9-ddb5-4fa4-a97d-d965ccfc6d4b" outcome="Passed" testListId="8c84fa94-04c1-424b-9868-57a2d4851a1d" relativeResultsDirectory="266910f9-a2dd-40bd-b4a1-8f65073de38f" />
    <UnitTestResult executionId="8f3575aa-b9fe-42a3-aaa3-a62b3fde223d" testId="9aef4d88-299a-c26b-3a27-57af3cba67d3" testName="FormatToStringTest1000(10527.083945901639d,&quot;10527.08 zł&quot;)" computerName="DESKTOP-5URQ9PB" duration="00:00:00.0000180" startTime="2022-06-13T21:13:14.3367335+02:00" endTime="2022-06-13T21:13:14.3367516+02:00" testType="13cdc9d9-ddb5-4fa4-a97d-d965ccfc6d4b" outcome="Passed" testListId="8c84fa94-04c1-424b-9868-57a2d4851a1d" relativeResultsDirectory="8f3575aa-b9fe-42a3-aaa3-a62b3fde223d" />
    <UnitTestResult executionId="708b6aca-3f46-4af6-925c-d8543b2a7982" testId="adc5ef62-1184-5cc3-ec81-b0b338d88e48" testName="FormatToStringTest1000(3799.9216302064815d,&quot;3799.92 zł&quot;)" computerName="DESKTOP-5URQ9PB" duration="00:00:00.0000180" startTime="2022-06-13T21:13:14.3259547+02:00" endTime="2022-06-13T21:13:14.3259725+02:00" testType="13cdc9d9-ddb5-4fa4-a97d-d965ccfc6d4b" outcome="Passed" testListId="8c84fa94-04c1-424b-9868-57a2d4851a1d" relativeResultsDirectory="708b6aca-3f46-4af6-925c-d8543b2a7982" />
    <UnitTestResult executionId="8c32b9dc-7c24-454b-8740-4d21c39d065e" testId="e3333616-70b0-385e-063b-ec83b99dd0ba" testName="FormatToStringTest1000(35714.78133482243d,&quot;35714.78 zł&quot;)" computerName="DESKTOP-5URQ9PB" duration="00:00:00.0000190" startTime="2022-06-13T21:13:14.3263939+02:00" endTime="2022-06-13T21:13:14.3264125+02:00" testType="13cdc9d9-ddb5-4fa4-a97d-d965ccfc6d4b" outcome="Passed" testListId="8c84fa94-04c1-424b-9868-57a2d4851a1d" relativeResultsDirectory="8c32b9dc-7c24-454b-8740-4d21c39d065e" />
    <UnitTestResult executionId="58ccc671-baa4-45e1-a032-9bd41e76c53c" testId="aef8a2f1-8212-2e61-b82d-81a49d106670" testName="FormatToStringTest1000(47437.74370917619d,&quot;47437.74 zł&quot;)" computerName="DESKTOP-5URQ9PB" duration="00:00:00.0000190" startTime="2022-06-13T21:13:14.3407985+02:00" endTime="2022-06-13T21:13:14.3408178+02:00" testType="13cdc9d9-ddb5-4fa4-a97d-d965ccfc6d4b" outcome="Passed" testListId="8c84fa94-04c1-424b-9868-57a2d4851a1d" relativeResultsDirectory="58ccc671-baa4-45e1-a032-9bd41e76c53c" />
    <UnitTestResult executionId="8eb29af6-7608-4c1b-80b6-9fe968ddae2f" testId="decab755-c41c-98a8-9dd2-05d18e8ecb05" testName="FormatToStringTest1000(397.6461894566408d,&quot;397.65 zł&quot;)" computerName="DESKTOP-5URQ9PB" duration="00:00:00.0000230" startTime="2022-06-13T21:13:14.3382289+02:00" endTime="2022-06-13T21:13:14.3382515+02:00" testType="13cdc9d9-ddb5-4fa4-a97d-d965ccfc6d4b" outcome="Passed" testListId="8c84fa94-04c1-424b-9868-57a2d4851a1d" relativeResultsDirectory="8eb29af6-7608-4c1b-80b6-9fe968ddae2f" />
    <UnitTestResult executionId="1a59ccbc-8f49-43fb-8333-a3d1956647bd" testId="6d2fa905-65f5-7d76-6130-8eb8fe67de75" testName="FormatToStringTest1000(740.3213011405064d,&quot;740.32 zł&quot;)" computerName="DESKTOP-5URQ9PB" duration="00:00:00.0000220" startTime="2022-06-13T21:13:14.3162142+02:00" endTime="2022-06-13T21:13:14.3162357+02:00" testType="13cdc9d9-ddb5-4fa4-a97d-d965ccfc6d4b" outcome="Passed" testListId="8c84fa94-04c1-424b-9868-57a2d4851a1d" relativeResultsDirectory="1a59ccbc-8f49-43fb-8333-a3d1956647bd" />
    <UnitTestResult executionId="290b097f-d1fe-4fef-8ef8-fe4bd8815f14" testId="62f72a9e-2ef3-be6d-f944-7dcdbad45b8b" testName="FormatToStringTest1000(23980.12943509646d,&quot;23980.13 zł&quot;)" computerName="DESKTOP-5URQ9PB" duration="00:00:00.0000320" startTime="2022-06-13T21:13:14.3206081+02:00" endTime="2022-06-13T21:13:14.3206401+02:00" testType="13cdc9d9-ddb5-4fa4-a97d-d965ccfc6d4b" outcome="Passed" testListId="8c84fa94-04c1-424b-9868-57a2d4851a1d" relativeResultsDirectory="290b097f-d1fe-4fef-8ef8-fe4bd8815f14" />
    <UnitTestResult executionId="8b2996e1-2fb3-4850-9406-7c01140617a9" testId="30678609-1c69-68ef-6a0d-4b6cf4e5979d" testName="FormatToStringTest1000(2975.6892256134606d,&quot;2975.69 zł&quot;)" computerName="DESKTOP-5URQ9PB" duration="00:00:00.0000180" startTime="2022-06-13T21:13:14.3286198+02:00" endTime="2022-06-13T21:13:14.3286379+02:00" testType="13cdc9d9-ddb5-4fa4-a97d-d965ccfc6d4b" outcome="Passed" testListId="8c84fa94-04c1-424b-9868-57a2d4851a1d" relativeResultsDirectory="8b2996e1-2fb3-4850-9406-7c01140617a9" />
    <UnitTestResult executionId="70c19ace-8833-42e8-bbbe-6f0483f7c3de" testId="2287085c-f0e1-b4ec-fa14-c4512658a9fe" testName="FormatToStringTest1000(6262.373413993219d,&quot;6262.37 zł&quot;)" computerName="DESKTOP-5URQ9PB" duration="00:00:00.0000180" startTime="2022-06-13T21:13:14.3254725+02:00" endTime="2022-06-13T21:13:14.3254902+02:00" testType="13cdc9d9-ddb5-4fa4-a97d-d965ccfc6d4b" outcome="Passed" testListId="8c84fa94-04c1-424b-9868-57a2d4851a1d" relativeResultsDirectory="70c19ace-8833-42e8-bbbe-6f0483f7c3de" />
    <UnitTestResult executionId="aee94bb9-03d8-465b-99da-33f06f9143cb" testId="8951be4f-c5d7-21a4-85c8-2fc370bed815" testName="FormatToStringTest1000(13681.607566007231d,&quot;13681.61 zł&quot;)" computerName="DESKTOP-5URQ9PB" duration="00:00:00.0000190" startTime="2022-06-13T21:13:14.3310934+02:00" endTime="2022-06-13T21:13:14.3311117+02:00" testType="13cdc9d9-ddb5-4fa4-a97d-d965ccfc6d4b" outcome="Passed" testListId="8c84fa94-04c1-424b-9868-57a2d4851a1d" relativeResultsDirectory="aee94bb9-03d8-465b-99da-33f06f9143cb" />
    <UnitTestResult executionId="2cd366b1-095e-4f36-ab9c-163821b74bd9" testId="f7364d60-2df0-c5fc-137c-b9b46fcd6fe9" testName="FormatToStringTest1000(21753.84773194969d,&quot;21753.85 zł&quot;)" computerName="DESKTOP-5URQ9PB" duration="00:00:00.0000360" startTime="2022-06-13T21:13:14.3202515+02:00" endTime="2022-06-13T21:13:14.3202869+02:00" testType="13cdc9d9-ddb5-4fa4-a97d-d965ccfc6d4b" outcome="Passed" testListId="8c84fa94-04c1-424b-9868-57a2d4851a1d" relativeResultsDirectory="2cd366b1-095e-4f36-ab9c-163821b74bd9" />
    <UnitTestResult executionId="f7bdeb3c-95e4-41a8-bb10-bf8569c82c81" testId="12383f93-d6c8-4041-5607-6e0714b305f6" testName="FormatToStringTest1000(43727.735558145556d,&quot;43727.74 zł&quot;)" computerName="DESKTOP-5URQ9PB" duration="00:00:00.0000180" startTime="2022-06-13T21:13:14.3261235+02:00" endTime="2022-06-13T21:13:14.3261411+02:00" testType="13cdc9d9-ddb5-4fa4-a97d-d965ccfc6d4b" outcome="Passed" testListId="8c84fa94-04c1-424b-9868-57a2d4851a1d" relativeResultsDirectory="f7bdeb3c-95e4-41a8-bb10-bf8569c82c81" />
    <UnitTestResult executionId="c653c49d-47f8-4b64-ab79-902fba9c3884" testId="74db41bd-054e-abff-59c5-f7d3ecdafbd4" testName="FormatToStringTest1000(10397.404523554447d,&quot;10397.40 zł&quot;)" computerName="DESKTOP-5URQ9PB" duration="00:00:00.0000180" startTime="2022-06-13T21:13:14.3340111+02:00" endTime="2022-06-13T21:13:14.3340293+02:00" testType="13cdc9d9-ddb5-4fa4-a97d-d965ccfc6d4b" outcome="Passed" testListId="8c84fa94-04c1-424b-9868-57a2d4851a1d" relativeResultsDirectory="c653c49d-47f8-4b64-ab79-902fba9c3884" />
    <UnitTestResult executionId="9e4814ac-fb89-4360-9642-d3978ff30d25" testId="39003167-8a78-92df-7e4f-41dcd0888168" testName="FormatToStringTest1000(37589.670531794276d,&quot;37589.67 zł&quot;)" computerName="DESKTOP-5URQ9PB" duration="00:00:00.0000190" startTime="2022-06-13T21:13:14.3159773+02:00" endTime="2022-06-13T21:13:14.3159958+02:00" testType="13cdc9d9-ddb5-4fa4-a97d-d965ccfc6d4b" outcome="Passed" testListId="8c84fa94-04c1-424b-9868-57a2d4851a1d" relativeResultsDirectory="9e4814ac-fb89-4360-9642-d3978ff30d25" />
    <UnitTestResult executionId="017a5c68-1cf8-49e6-b23e-921ab15642ac" testId="3c248867-d354-cc7e-803e-cd6ef02be22e" testName="FormatToStringTest1000(55303.17220895699d,&quot;55303.17 zł&quot;)" computerName="DESKTOP-5URQ9PB" duration="00:00:00.0000320" startTime="2022-06-13T21:13:14.3208253+02:00" endTime="2022-06-13T21:13:14.3208571+02:00" testType="13cdc9d9-ddb5-4fa4-a97d-d965ccfc6d4b" outcome="Passed" testListId="8c84fa94-04c1-424b-9868-57a2d4851a1d" relativeResultsDirectory="017a5c68-1cf8-49e6-b23e-921ab15642ac" />
    <UnitTestResult executionId="7c5cf293-a40f-404c-a8b1-f4d9e28a335a" testId="0edcab43-1e4a-6ea7-7c7b-b02803f7c8b9" testName="FormatToStringTest1000(7124.979180760672d,&quot;7124.98 zł&quot;)" computerName="DESKTOP-5URQ9PB" duration="00:00:00.0000220" startTime="2022-06-13T21:13:14.3160273+02:00" endTime="2022-06-13T21:13:14.3160489+02:00" testType="13cdc9d9-ddb5-4fa4-a97d-d965ccfc6d4b" outcome="Passed" testListId="8c84fa94-04c1-424b-9868-57a2d4851a1d" relativeResultsDirectory="7c5cf293-a40f-404c-a8b1-f4d9e28a335a" />
    <UnitTestResult executionId="704cce86-27bd-4350-bcfe-8ac0835481db" testId="08821b59-1fc3-bfdb-c64b-6b9d4d7418fb" testName="FormatToStringTest1000(23548.88067407016d,&quot;23548.88 zł&quot;)" computerName="DESKTOP-5URQ9PB" duration="00:00:00.0000180" startTime="2022-06-13T21:13:14.3241247+02:00" endTime="2022-06-13T21:13:14.3241424+02:00" testType="13cdc9d9-ddb5-4fa4-a97d-d965ccfc6d4b" outcome="Passed" testListId="8c84fa94-04c1-424b-9868-57a2d4851a1d" relativeResultsDirectory="704cce86-27bd-4350-bcfe-8ac0835481db" />
    <UnitTestResult executionId="135c83fb-69d5-40b2-907d-9a2c7902b9d5" testId="ef7b8988-d111-e493-786c-6d198480cf20" testName="FormatToStringTest1000(21602.417596116393d,&quot;21602.42 zł&quot;)" computerName="DESKTOP-5URQ9PB" duration="00:00:00.0000340" startTime="2022-06-13T21:13:14.3214929+02:00" endTime="2022-06-13T21:13:14.3215263+02:00" testType="13cdc9d9-ddb5-4fa4-a97d-d965ccfc6d4b" outcome="Passed" testListId="8c84fa94-04c1-424b-9868-57a2d4851a1d" relativeResultsDirectory="135c83fb-69d5-40b2-907d-9a2c7902b9d5" />
    <UnitTestResult executionId="e3479ece-7346-4317-8e49-74f1afa143e8" testId="2e2f38c6-5756-eb9b-9fbb-652c777b6247" testName="FormatToStringTest1000(8851.904041135638d,&quot;8851.90 zł&quot;)" computerName="DESKTOP-5URQ9PB" duration="00:00:00.0000180" startTime="2022-06-13T21:13:14.3304802+02:00" endTime="2022-06-13T21:13:14.3304982+02:00" testType="13cdc9d9-ddb5-4fa4-a97d-d965ccfc6d4b" outcome="Passed" testListId="8c84fa94-04c1-424b-9868-57a2d4851a1d" relativeResultsDirectory="e3479ece-7346-4317-8e49-74f1afa143e8" />
    <UnitTestResult executionId="4ee2fbd1-3b1a-4df1-b89b-5a8d5ceaa5ab" testId="04967881-3d44-4f25-5839-6dd3eae8bd89" testName="FormatToStringTest1000(57671.67669738675d,&quot;57671.68 zł&quot;)" computerName="DESKTOP-5URQ9PB" duration="00:00:00.0000190" startTime="2022-06-13T21:13:14.3398551+02:00" endTime="2022-06-13T21:13:14.3398738+02:00" testType="13cdc9d9-ddb5-4fa4-a97d-d965ccfc6d4b" outcome="Passed" testListId="8c84fa94-04c1-424b-9868-57a2d4851a1d" relativeResultsDirectory="4ee2fbd1-3b1a-4df1-b89b-5a8d5ceaa5ab" />
    <UnitTestResult executionId="0057c8f1-ed72-492e-8a83-f24980c2480a" testId="e238789f-1332-cb64-de78-1a020fa88304" testName="FormatToStringTest1000(28861.97337596769d,&quot;28861.97 zł&quot;)" computerName="DESKTOP-5URQ9PB" duration="00:00:00.0000190" startTime="2022-06-13T21:13:14.3267123+02:00" endTime="2022-06-13T21:13:14.3267313+02:00" testType="13cdc9d9-ddb5-4fa4-a97d-d965ccfc6d4b" outcome="Passed" testListId="8c84fa94-04c1-424b-9868-57a2d4851a1d" relativeResultsDirectory="0057c8f1-ed72-492e-8a83-f24980c2480a" />
    <UnitTestResult executionId="2bc3f170-89a4-4339-adb0-4cd300c36fa6" testId="9277cfc2-3adf-cf52-f9f5-a84d42e6305c" testName="FormatToStringTest1000(24768.25771770359d,&quot;24768.26 zł&quot;)" computerName="DESKTOP-5URQ9PB" duration="00:00:00.0000180" startTime="2022-06-13T21:13:14.3254961+02:00" endTime="2022-06-13T21:13:14.3255138+02:00" testType="13cdc9d9-ddb5-4fa4-a97d-d965ccfc6d4b" outcome="Passed" testListId="8c84fa94-04c1-424b-9868-57a2d4851a1d" relativeResultsDirectory="2bc3f170-89a4-4339-adb0-4cd300c36fa6" />
    <UnitTestResult executionId="8e65e4bb-c1f6-4bf8-8c0b-3da5c5de6a4a" testId="32711e52-56ae-2f9f-7aac-180402232486" testName="FormatToStringTest1000(27852.532163303127d,&quot;27852.53 zł&quot;)" computerName="DESKTOP-5URQ9PB" duration="00:00:00.0000200" startTime="2022-06-13T21:13:14.3319388+02:00" endTime="2022-06-13T21:13:14.3319586+02:00" testType="13cdc9d9-ddb5-4fa4-a97d-d965ccfc6d4b" outcome="Passed" testListId="8c84fa94-04c1-424b-9868-57a2d4851a1d" relativeResultsDirectory="8e65e4bb-c1f6-4bf8-8c0b-3da5c5de6a4a" />
    <UnitTestResult executionId="6b268c2e-057c-4649-9676-b88775897f66" testId="eb2e7461-d939-c702-00f6-a6f4037fdc3f" testName="FormatToStringTest1000(19609.759296997803d,&quot;19609.76 zł&quot;)" computerName="DESKTOP-5URQ9PB" duration="00:00:00.0000180" startTime="2022-06-13T21:13:14.3278070+02:00" endTime="2022-06-13T21:13:14.3278251+02:00" testType="13cdc9d9-ddb5-4fa4-a97d-d965ccfc6d4b" outcome="Passed" testListId="8c84fa94-04c1-424b-9868-57a2d4851a1d" relativeResultsDirectory="6b268c2e-057c-4649-9676-b88775897f66" />
    <UnitTestResult executionId="2d5894c9-7b83-4def-a308-e2c94b3bba67" testId="53f90dbe-f7ad-b0e7-04ef-fba16a107a6f" testName="FormatToStringTest1000(31163.834562352316d,&quot;31163.83 zł&quot;)" computerName="DESKTOP-5URQ9PB" duration="00:00:00.0000190" startTime="2022-06-13T21:13:14.3364891+02:00" endTime="2022-06-13T21:13:14.3365078+02:00" testType="13cdc9d9-ddb5-4fa4-a97d-d965ccfc6d4b" outcome="Passed" testListId="8c84fa94-04c1-424b-9868-57a2d4851a1d" relativeResultsDirectory="2d5894c9-7b83-4def-a308-e2c94b3bba67" />
    <UnitTestResult executionId="29c1b9c7-ba81-48f5-b994-a091864d8cb6" testId="216fae5e-208d-f8b3-f0d1-bbf3d8af265f" testName="FormatToStringTest1000(35145.379208063416d,&quot;35145.38 zł&quot;)" computerName="DESKTOP-5URQ9PB" duration="00:00:00.0000360" startTime="2022-06-13T21:13:14.3180410+02:00" endTime="2022-06-13T21:13:14.3180765+02:00" testType="13cdc9d9-ddb5-4fa4-a97d-d965ccfc6d4b" outcome="Passed" testListId="8c84fa94-04c1-424b-9868-57a2d4851a1d" relativeResultsDirectory="29c1b9c7-ba81-48f5-b994-a091864d8cb6" />
    <UnitTestResult executionId="4aab1d8b-3c30-47f0-ac42-32027564a329" testId="70fae426-3482-001e-3d7c-925da7888589" testName="FormatToStringTest1000(21693.340115174808d,&quot;21693.34 zł&quot;)" computerName="DESKTOP-5URQ9PB" duration="00:00:00.0000190" startTime="2022-06-13T21:13:14.3299762+02:00" endTime="2022-06-13T21:13:14.3299955+02:00" testType="13cdc9d9-ddb5-4fa4-a97d-d965ccfc6d4b" outcome="Passed" testListId="8c84fa94-04c1-424b-9868-57a2d4851a1d" relativeResultsDirectory="4aab1d8b-3c30-47f0-ac42-32027564a329" />
    <UnitTestResult executionId="705b5e04-3b2e-48c6-a8fa-ae468a6ca9ca" testId="fb944051-8a30-bb84-bc2a-dc4270028415" testName="FormatToStringTest1000(68011.49219071423d,&quot;68011.49 zł&quot;)" computerName="DESKTOP-5URQ9PB" duration="00:00:00.0000180" startTime="2022-06-13T21:13:14.3336101+02:00" endTime="2022-06-13T21:13:14.3336284+02:00" testType="13cdc9d9-ddb5-4fa4-a97d-d965ccfc6d4b" outcome="Passed" testListId="8c84fa94-04c1-424b-9868-57a2d4851a1d" relativeResultsDirectory="705b5e04-3b2e-48c6-a8fa-ae468a6ca9ca" />
    <UnitTestResult executionId="651593f3-f690-4a08-a786-f56fc4318467" testId="12c8d806-dc76-730d-d276-1d289133c533" testName="FormatToStringTest1000(16597.22844427788d,&quot;16597.23 zł&quot;)" computerName="DESKTOP-5URQ9PB" duration="00:00:00.0000340" startTime="2022-06-13T21:13:14.3217116+02:00" endTime="2022-06-13T21:13:14.3217450+02:00" testType="13cdc9d9-ddb5-4fa4-a97d-d965ccfc6d4b" outcome="Passed" testListId="8c84fa94-04c1-424b-9868-57a2d4851a1d" relativeResultsDirectory="651593f3-f690-4a08-a786-f56fc4318467" />
    <UnitTestResult executionId="1cdfbd15-9da8-4462-b5a6-f02efac78fbb" testId="619c3bdd-52f6-f473-bd0e-a552a532adf7" testName="FormatToStringTest1000(41915.7945284563d,&quot;41915.79 zł&quot;)" computerName="DESKTOP-5URQ9PB" duration="00:00:00.0000190" startTime="2022-06-13T21:13:14.3361854+02:00" endTime="2022-06-13T21:13:14.3362044+02:00" testType="13cdc9d9-ddb5-4fa4-a97d-d965ccfc6d4b" outcome="Passed" testListId="8c84fa94-04c1-424b-9868-57a2d4851a1d" relativeResultsDirectory="1cdfbd15-9da8-4462-b5a6-f02efac78fbb" />
    <UnitTestResult executionId="11ff6c81-aed7-4fa2-ae8e-3f29539aa8a2" testId="af3111d5-b888-5828-d92f-ad0d56c13b83" testName="FormatToStringTest1000(32051.900532446758d,&quot;32051.90 zł&quot;)" computerName="DESKTOP-5URQ9PB" duration="00:00:00.0000349" startTime="2022-06-13T21:13:14.3212726+02:00" endTime="2022-06-13T21:13:14.3213069+02:00" testType="13cdc9d9-ddb5-4fa4-a97d-d965ccfc6d4b" outcome="Passed" testListId="8c84fa94-04c1-424b-9868-57a2d4851a1d" relativeResultsDirectory="11ff6c81-aed7-4fa2-ae8e-3f29539aa8a2" />
    <UnitTestResult executionId="3b996dad-44de-4b4e-8250-52326bf63c5a" testId="23adbcea-fc51-4a16-9d4b-141d8a8f1fb7" testName="FormatToStringTest1000(32359.431438434138d,&quot;32359.43 zł&quot;)" computerName="DESKTOP-5URQ9PB" duration="00:00:00.0000190" startTime="2022-06-13T21:13:14.3372578+02:00" endTime="2022-06-13T21:13:14.3372764+02:00" testType="13cdc9d9-ddb5-4fa4-a97d-d965ccfc6d4b" outcome="Passed" testListId="8c84fa94-04c1-424b-9868-57a2d4851a1d" relativeResultsDirectory="3b996dad-44de-4b4e-8250-52326bf63c5a" />
    <UnitTestResult executionId="046b5c84-0fdd-490e-8920-189646144df4" testId="510aaf45-0379-a668-36c0-4b4e838744ca" testName="FormatToStringTest1000(115.26302841131717d,&quot;115.26 zł&quot;)" computerName="DESKTOP-5URQ9PB" duration="00:00:00.0000180" startTime="2022-06-13T21:13:14.3223615+02:00" endTime="2022-06-13T21:13:14.3223794+02:00" testType="13cdc9d9-ddb5-4fa4-a97d-d965ccfc6d4b" outcome="Passed" testListId="8c84fa94-04c1-424b-9868-57a2d4851a1d" relativeResultsDirectory="046b5c84-0fdd-490e-8920-189646144df4" />
    <UnitTestResult executionId="8eff7201-8be1-4219-8712-023963144b16" testId="ebfb6fa8-ee3c-3dd3-7dbb-2004376b7edb" testName="FormatToStringTest1000(66764.31690498316d,&quot;66764.32 zł&quot;)" computerName="DESKTOP-5URQ9PB" duration="00:00:00.0000190" startTime="2022-06-13T21:13:14.3277816+02:00" endTime="2022-06-13T21:13:14.3278008+02:00" testType="13cdc9d9-ddb5-4fa4-a97d-d965ccfc6d4b" outcome="Passed" testListId="8c84fa94-04c1-424b-9868-57a2d4851a1d" relativeResultsDirectory="8eff7201-8be1-4219-8712-023963144b16" />
    <UnitTestResult executionId="cd7db778-892b-4038-a6b5-11086588fa02" testId="c2c62cce-7606-0af4-5c6b-a30ffe30b4ea" testName="FormatToStringTest1000(46898.00219497783d,&quot;46898.00 zł&quot;)" computerName="DESKTOP-5URQ9PB" duration="00:00:00.0000349" startTime="2022-06-13T21:13:14.3179487+02:00" endTime="2022-06-13T21:13:14.3179834+02:00" testType="13cdc9d9-ddb5-4fa4-a97d-d965ccfc6d4b" outcome="Passed" testListId="8c84fa94-04c1-424b-9868-57a2d4851a1d" relativeResultsDirectory="cd7db778-892b-4038-a6b5-11086588fa02" />
    <UnitTestResult executionId="8faeedef-261b-4367-9641-bc776c19725f" testId="03343bcc-4f24-4c8a-3ccc-51481d1ee303" testName="FormatToStringTest1000(31300.40752580967d,&quot;31300.41 zł&quot;)" computerName="DESKTOP-5URQ9PB" duration="00:00:00.0000280" startTime="2022-06-13T21:13:14.3170452+02:00" endTime="2022-06-13T21:13:14.3170727+02:00" testType="13cdc9d9-ddb5-4fa4-a97d-d965ccfc6d4b" outcome="Passed" testListId="8c84fa94-04c1-424b-9868-57a2d4851a1d" relativeResultsDirectory="8faeedef-261b-4367-9641-bc776c19725f" />
    <UnitTestResult executionId="4bd52e8c-d2a9-4aee-ba98-0638b94d28d0" testId="615860d1-0b9e-6fa5-7fc7-61ac89388548" testName="FormatToStringTest1000(73477.18206926118d,&quot;73477.18 zł&quot;)" computerName="DESKTOP-5URQ9PB" duration="00:00:00.0000190" startTime="2022-06-13T21:13:14.3278312+02:00" endTime="2022-06-13T21:13:14.3278501+02:00" testType="13cdc9d9-ddb5-4fa4-a97d-d965ccfc6d4b" outcome="Passed" testListId="8c84fa94-04c1-424b-9868-57a2d4851a1d" relativeResultsDirectory="4bd52e8c-d2a9-4aee-ba98-0638b94d28d0" />
    <UnitTestResult executionId="533b048e-0010-4852-ba17-3b00d8c3a969" testId="64432d28-23cd-4cf2-4daf-935cfc9905b7" testName="FormatToStringTest1000(21728.91641959963d,&quot;21728.92 zł&quot;)" computerName="DESKTOP-5URQ9PB" duration="00:00:00.0031830" startTime="2022-06-13T21:13:14.3424089+02:00" endTime="2022-06-13T21:13:14.3455885+02:00" testType="13cdc9d9-ddb5-4fa4-a97d-d965ccfc6d4b" outcome="Passed" testListId="8c84fa94-04c1-424b-9868-57a2d4851a1d" relativeResultsDirectory="533b048e-0010-4852-ba17-3b00d8c3a969" />
    <UnitTestResult executionId="85de20c5-cc0f-4560-bd2b-1809969a44f4" testId="69564ef2-123d-d3db-baf6-6a27b0eb9c23" testName="FormatToStringTest1000(643.3550376181281d,&quot;643.36 zł&quot;)" computerName="DESKTOP-5URQ9PB" duration="00:00:00.0000180" startTime="2022-06-13T21:13:14.3350933+02:00" endTime="2022-06-13T21:13:14.3351112+02:00" testType="13cdc9d9-ddb5-4fa4-a97d-d965ccfc6d4b" outcome="Passed" testListId="8c84fa94-04c1-424b-9868-57a2d4851a1d" relativeResultsDirectory="85de20c5-cc0f-4560-bd2b-1809969a44f4" />
    <UnitTestResult executionId="d8dddc6c-49d3-47fd-aee8-c3312b7e769c" testId="b6ca1995-becc-76ce-0b28-eebf3dd3e464" testName="FormatToStringTest1000(22197.731451777618d,&quot;22197.73 zł&quot;)" computerName="DESKTOP-5URQ9PB" duration="00:00:00.0000200" startTime="2022-06-13T21:13:14.3298712+02:00" endTime="2022-06-13T21:13:14.3298909+02:00" testType="13cdc9d9-ddb5-4fa4-a97d-d965ccfc6d4b" outcome="Passed" testListId="8c84fa94-04c1-424b-9868-57a2d4851a1d" relativeResultsDirectory="d8dddc6c-49d3-47fd-aee8-c3312b7e769c" />
    <UnitTestResult executionId="c3581499-1b95-4c9f-8223-f8c1e1d5649e" testId="42689aba-eefd-f694-336d-6d6d7296f289" testName="FormatToStringTest1000(41876.979471482795d,&quot;41876.98 zł&quot;)" computerName="DESKTOP-5URQ9PB" duration="00:00:00.0000290" startTime="2022-06-13T21:13:14.3184241+02:00" endTime="2022-06-13T21:13:14.3184530+02:00" testType="13cdc9d9-ddb5-4fa4-a97d-d965ccfc6d4b" outcome="Passed" testListId="8c84fa94-04c1-424b-9868-57a2d4851a1d" relativeResultsDirectory="c3581499-1b95-4c9f-8223-f8c1e1d5649e" />
    <UnitTestResult executionId="6991d198-6605-4303-9b02-b7e974dd3637" testId="fd8f048e-524e-5d70-1d66-0ffeb121313b" testName="FormatToStringTest1000(7890.044272348771d,&quot;7890.04 zł&quot;)" computerName="DESKTOP-5URQ9PB" duration="00:00:00.0000190" startTime="2022-06-13T21:13:14.3304553+02:00" endTime="2022-06-13T21:13:14.3304739+02:00" testType="13cdc9d9-ddb5-4fa4-a97d-d965ccfc6d4b" outcome="Passed" testListId="8c84fa94-04c1-424b-9868-57a2d4851a1d" relativeResultsDirectory="6991d198-6605-4303-9b02-b7e974dd3637" />
    <UnitTestResult executionId="fff9a7ce-1474-42d7-a8ae-e719b1c6213d" testId="8537861e-52bb-f63c-38f8-3f1d41ff88e5" testName="FormatToStringTest1000(10534.184353995222d,&quot;10534.18 zł&quot;)" computerName="DESKTOP-5URQ9PB" duration="00:00:00.0000400" startTime="2022-06-13T21:13:14.3192343+02:00" endTime="2022-06-13T21:13:14.3192743+02:00" testType="13cdc9d9-ddb5-4fa4-a97d-d965ccfc6d4b" outcome="Passed" testListId="8c84fa94-04c1-424b-9868-57a2d4851a1d" relativeResultsDirectory="fff9a7ce-1474-42d7-a8ae-e719b1c6213d" />
    <UnitTestResult executionId="2832977e-e7c1-48f4-be3b-50077971af56" testId="be59208d-36e7-073c-919d-21490848351c" testName="FormatToStringTest1000(6035.818653228608d,&quot;6035.82 zł&quot;)" computerName="DESKTOP-5URQ9PB" duration="00:00:00.0000190" startTime="2022-06-13T21:13:14.3256168+02:00" endTime="2022-06-13T21:13:14.3256357+02:00" testType="13cdc9d9-ddb5-4fa4-a97d-d965ccfc6d4b" outcome="Passed" testListId="8c84fa94-04c1-424b-9868-57a2d4851a1d" relativeResultsDirectory="2832977e-e7c1-48f4-be3b-50077971af56" />
    <UnitTestResult executionId="6bb3cee8-f533-4ab9-9f5f-792d4080c532" testId="05a32b6d-38a3-d790-fab1-ef7fcb38fd6c" testName="FormatToStringTest1000(743.047944508981d,&quot;743.05 zł&quot;)" computerName="DESKTOP-5URQ9PB" duration="00:00:00.0000180" startTime="2022-06-13T21:13:14.3316417+02:00" endTime="2022-06-13T21:13:14.3316598+02:00" testType="13cdc9d9-ddb5-4fa4-a97d-d965ccfc6d4b" outcome="Passed" testListId="8c84fa94-04c1-424b-9868-57a2d4851a1d" relativeResultsDirectory="6bb3cee8-f533-4ab9-9f5f-792d4080c532" />
    <UnitTestResult executionId="bfc06688-bf99-4acd-96e0-525f196d8879" testId="f3eb9765-0045-7d49-5de3-054bd621a41f" testName="FormatToStringTest1000(21996.80326662576d,&quot;21996.80 zł&quot;)" computerName="DESKTOP-5URQ9PB" duration="00:00:00.0000190" startTime="2022-06-13T21:13:14.3419198+02:00" endTime="2022-06-13T21:13:14.3419385+02:00" testType="13cdc9d9-ddb5-4fa4-a97d-d965ccfc6d4b" outcome="Passed" testListId="8c84fa94-04c1-424b-9868-57a2d4851a1d" relativeResultsDirectory="bfc06688-bf99-4acd-96e0-525f196d8879" />
    <UnitTestResult executionId="05f716f9-0e1d-4733-9ce1-3164384421c7" testId="7496f6c0-e383-6fbb-5d3f-fa615fc5ab22" testName="FormatToStringTest1000(19435.417227184127d,&quot;19435.42 zł&quot;)" computerName="DESKTOP-5URQ9PB" duration="00:00:00.0000180" startTime="2022-06-13T21:13:14.3295990+02:00" endTime="2022-06-13T21:13:14.3296172+02:00" testType="13cdc9d9-ddb5-4fa4-a97d-d965ccfc6d4b" outcome="Passed" testListId="8c84fa94-04c1-424b-9868-57a2d4851a1d" relativeResultsDirectory="05f716f9-0e1d-4733-9ce1-3164384421c7" />
    <UnitTestResult executionId="44a0cd83-ecbf-4f51-8cad-fe06c9e4d29c" testId="4ce6cb72-dabd-e3eb-6074-df75f0abcb26" testName="FormatToStringTest1000(76751.79413498091d,&quot;76751.79 zł&quot;)" computerName="DESKTOP-5URQ9PB" duration="00:00:00.0000180" startTime="2022-06-13T21:13:14.3297717+02:00" endTime="2022-06-13T21:13:14.3297900+02:00" testType="13cdc9d9-ddb5-4fa4-a97d-d965ccfc6d4b" outcome="Passed" testListId="8c84fa94-04c1-424b-9868-57a2d4851a1d" relativeResultsDirectory="44a0cd83-ecbf-4f51-8cad-fe06c9e4d29c" />
    <UnitTestResult executionId="f4976871-6a08-46e4-8f87-2e8d8de2363c" testId="e073dcb9-6292-6a4c-9a77-75ed0e912310" testName="FormatToStringTest1000(42555.01416107594d,&quot;42555.01 zł&quot;)" computerName="DESKTOP-5URQ9PB" duration="00:00:00.0000270" startTime="2022-06-13T21:13:14.3322421+02:00" endTime="2022-06-13T21:13:14.3322691+02:00" testType="13cdc9d9-ddb5-4fa4-a97d-d965ccfc6d4b" outcome="Passed" testListId="8c84fa94-04c1-424b-9868-57a2d4851a1d" relativeResultsDirectory="f4976871-6a08-46e4-8f87-2e8d8de2363c" />
    <UnitTestResult executionId="509baec6-b18f-4568-81ac-7cf9b2ce2eea" testId="eefaa447-aa0c-7b07-9a84-3d4387fce640" testName="FormatToStringTest1000(5254.6338787505565d,&quot;5254.63 zł&quot;)" computerName="DESKTOP-5URQ9PB" duration="00:00:00.0000190" startTime="2022-06-13T21:13:14.3366604+02:00" endTime="2022-06-13T21:13:14.3366790+02:00" testType="13cdc9d9-ddb5-4fa4-a97d-d965ccfc6d4b" outcome="Passed" testListId="8c84fa94-04c1-424b-9868-57a2d4851a1d" relativeResultsDirectory="509baec6-b18f-4568-81ac-7cf9b2ce2eea" />
    <UnitTestResult executionId="ea0bb0d9-d472-42a1-9037-146fa54d561a" testId="7d115265-369e-6487-e000-47e2ac4ab46b" testName="FormatToStringTest1000(61633.2671179945d,&quot;61633.27 zł&quot;)" computerName="DESKTOP-5URQ9PB" duration="00:00:00.0000180" startTime="2022-06-13T21:13:14.3280020+02:00" endTime="2022-06-13T21:13:14.3280198+02:00" testType="13cdc9d9-ddb5-4fa4-a97d-d965ccfc6d4b" outcome="Passed" testListId="8c84fa94-04c1-424b-9868-57a2d4851a1d" relativeResultsDirectory="ea0bb0d9-d472-42a1-9037-146fa54d561a" />
    <UnitTestResult executionId="ae90ebac-bcb8-444b-b281-39b99756c893" testId="d39d28ad-b64c-afa2-9212-cb9bbbf192c4" testName="FormatToStringTest1000(5611.05334835176d,&quot;5611.05 zł&quot;)" computerName="DESKTOP-5URQ9PB" duration="00:00:00.0000190" startTime="2022-06-13T21:13:14.3283522+02:00" endTime="2022-06-13T21:13:14.3283707+02:00" testType="13cdc9d9-ddb5-4fa4-a97d-d965ccfc6d4b" outcome="Passed" testListId="8c84fa94-04c1-424b-9868-57a2d4851a1d" relativeResultsDirectory="ae90ebac-bcb8-444b-b281-39b99756c893" />
    <UnitTestResult executionId="6f4ef4e4-7dd0-49b5-abc8-b1459e67804a" testId="f454394e-283b-6832-24e4-e862ec140984" testName="FormatToStringTest1000(15624.452361264477d,&quot;15624.45 zł&quot;)" computerName="DESKTOP-5URQ9PB" duration="00:00:00.0000180" startTime="2022-06-13T21:13:14.3300750+02:00" endTime="2022-06-13T21:13:14.3300930+02:00" testType="13cdc9d9-ddb5-4fa4-a97d-d965ccfc6d4b" outcome="Passed" testListId="8c84fa94-04c1-424b-9868-57a2d4851a1d" relativeResultsDirectory="6f4ef4e4-7dd0-49b5-abc8-b1459e67804a" />
    <UnitTestResult executionId="53094840-71c9-419d-9c09-bab3f1923cdb" testId="91285e79-b6fd-7585-384e-bbf4da4c2bcd" testName="FormatToStringTest1000(48084.94422955389d,&quot;48084.94 zł&quot;)" computerName="DESKTOP-5URQ9PB" duration="00:00:00.0000180" startTime="2022-06-13T21:13:14.3265894+02:00" endTime="2022-06-13T21:13:14.3266070+02:00" testType="13cdc9d9-ddb5-4fa4-a97d-d965ccfc6d4b" outcome="Passed" testListId="8c84fa94-04c1-424b-9868-57a2d4851a1d" relativeResultsDirectory="53094840-71c9-419d-9c09-bab3f1923cdb" />
    <UnitTestResult executionId="51d0c61d-d474-4f39-9e48-f44faa6a6b73" testId="6f51818b-8dfe-7cd4-c8ae-d1150bb85ebd" testName="FormatToStringTest1000(19085.023282992664d,&quot;19085.02 zł&quot;)" computerName="DESKTOP-5URQ9PB" duration="00:00:00.0000180" startTime="2022-06-13T21:13:14.3323009+02:00" endTime="2022-06-13T21:13:14.3323191+02:00" testType="13cdc9d9-ddb5-4fa4-a97d-d965ccfc6d4b" outcome="Passed" testListId="8c84fa94-04c1-424b-9868-57a2d4851a1d" relativeResultsDirectory="51d0c61d-d474-4f39-9e48-f44faa6a6b73" />
    <UnitTestResult executionId="997e45be-19ac-4144-8ff5-5e4bea07e429" testId="62b70b12-663c-a906-288d-6817a450e2b9" testName="FormatToStringTest1000(6654.099431086378d,&quot;6654.10 zł&quot;)" computerName="DESKTOP-5URQ9PB" duration="00:00:00.0000180" startTime="2022-06-13T21:13:14.3261469+02:00" endTime="2022-06-13T21:13:14.3261652+02:00" testType="13cdc9d9-ddb5-4fa4-a97d-d965ccfc6d4b" outcome="Passed" testListId="8c84fa94-04c1-424b-9868-57a2d4851a1d" relativeResultsDirectory="997e45be-19ac-4144-8ff5-5e4bea07e429" />
    <UnitTestResult executionId="1aa80ed8-b544-41e8-a0dc-22889aba4374" testId="d39fbf53-bbf3-020f-e6d4-44b45bc00b41" testName="FormatToStringTest1000(16210.791556035536d,&quot;16210.79 zł&quot;)" computerName="DESKTOP-5URQ9PB" duration="00:00:00.0000180" startTime="2022-06-13T21:13:14.3363429+02:00" endTime="2022-06-13T21:13:14.3363609+02:00" testType="13cdc9d9-ddb5-4fa4-a97d-d965ccfc6d4b" outcome="Passed" testListId="8c84fa94-04c1-424b-9868-57a2d4851a1d" relativeResultsDirectory="1aa80ed8-b544-41e8-a0dc-22889aba4374" />
    <UnitTestResult executionId="59b8fb47-2a96-4e34-9f1f-8483ddb12b88" testId="dadc7847-4729-edf6-eb4b-78006f9ee153" testName="FormatToStringTest1000(59283.7670322637d,&quot;59283.77 zł&quot;)" computerName="DESKTOP-5URQ9PB" duration="00:00:00.0000230" startTime="2022-06-13T21:13:14.3456615+02:00" endTime="2022-06-13T21:13:14.3456843+02:00" testType="13cdc9d9-ddb5-4fa4-a97d-d965ccfc6d4b" outcome="Passed" testListId="8c84fa94-04c1-424b-9868-57a2d4851a1d" relativeResultsDirectory="59b8fb47-2a96-4e34-9f1f-8483ddb12b88" />
    <UnitTestResult executionId="b566ee12-913d-4e1e-8b9a-7742e7220203" testId="9c14da41-934e-02e1-653f-9f7dc91a12aa" testName="FormatToStringTest1000(8901.937138443784d,&quot;8901.94 zł&quot;)" computerName="DESKTOP-5URQ9PB" duration="00:00:00.0000180" startTime="2022-06-13T21:13:14.3306509+02:00" endTime="2022-06-13T21:13:14.3306688+02:00" testType="13cdc9d9-ddb5-4fa4-a97d-d965ccfc6d4b" outcome="Passed" testListId="8c84fa94-04c1-424b-9868-57a2d4851a1d" relativeResultsDirectory="b566ee12-913d-4e1e-8b9a-7742e7220203" />
    <UnitTestResult executionId="e5843dbd-f1a2-46bb-843d-491e952263d2" testId="f0aad1e7-1486-b29a-7a82-84f2693dfbe3" testName="FormatToStringTest1000(50956.25028206606d,&quot;50956.25 zł&quot;)" computerName="DESKTOP-5URQ9PB" duration="00:00:00.0000180" startTime="2022-06-13T21:13:14.3223853+02:00" endTime="2022-06-13T21:13:14.3224030+02:00" testType="13cdc9d9-ddb5-4fa4-a97d-d965ccfc6d4b" outcome="Passed" testListId="8c84fa94-04c1-424b-9868-57a2d4851a1d" relativeResultsDirectory="e5843dbd-f1a2-46bb-843d-491e952263d2" />
    <UnitTestResult executionId="18fc64f0-bcbe-4f72-aa21-fd753befcabe" testId="85799221-0b36-0e4a-ef29-ad83f50e6bbd" testName="FormatToStringTest1000(1568.615240217473d,&quot;1568.62 zł&quot;)" computerName="DESKTOP-5URQ9PB" duration="00:00:00.0000180" startTime="2022-06-13T21:13:14.3375035+02:00" endTime="2022-06-13T21:13:14.3375218+02:00" testType="13cdc9d9-ddb5-4fa4-a97d-d965ccfc6d4b" outcome="Passed" testListId="8c84fa94-04c1-424b-9868-57a2d4851a1d" relativeResultsDirectory="18fc64f0-bcbe-4f72-aa21-fd753befcabe" />
    <UnitTestResult executionId="c9255883-4843-4f57-9e89-7b618778d6ed" testId="87ae11a5-ff33-3fef-0507-0ee3bd82054e" testName="FormatToStringTest1000(7569.605888796322d,&quot;7569.61 zł&quot;)" computerName="DESKTOP-5URQ9PB" duration="00:00:00.0000180" startTime="2022-06-13T21:13:14.3358171+02:00" endTime="2022-06-13T21:13:14.3358349+02:00" testType="13cdc9d9-ddb5-4fa4-a97d-d965ccfc6d4b" outcome="Passed" testListId="8c84fa94-04c1-424b-9868-57a2d4851a1d" relativeResultsDirectory="c9255883-4843-4f57-9e89-7b618778d6ed" />
    <UnitTestResult executionId="1247a6af-f1e9-4676-a576-653c985c0e19" testId="a888e7ea-dbd1-07c6-66f1-9d366fb67e32" testName="FormatToStringTest1000(14712.754747761765d,&quot;14712.75 zł&quot;)" computerName="DESKTOP-5URQ9PB" duration="00:00:00.0000180" startTime="2022-06-13T21:13:14.3374052+02:00" endTime="2022-06-13T21:13:14.3374233+02:00" testType="13cdc9d9-ddb5-4fa4-a97d-d965ccfc6d4b" outcome="Passed" testListId="8c84fa94-04c1-424b-9868-57a2d4851a1d" relativeResultsDirectory="1247a6af-f1e9-4676-a576-653c985c0e19" />
    <UnitTestResult executionId="6ac454e8-bfc2-459f-b143-fce8d81ca78b" testId="9a621664-b485-1b19-02d4-7ca92799a60b" testName="FormatToStringTest1000(13286.856387228174d,&quot;13286.86 zł&quot;)" computerName="DESKTOP-5URQ9PB" duration="00:00:00.0000200" startTime="2022-06-13T21:13:14.3370566+02:00" endTime="2022-06-13T21:13:14.3370759+02:00" testType="13cdc9d9-ddb5-4fa4-a97d-d965ccfc6d4b" outcome="Passed" testListId="8c84fa94-04c1-424b-9868-57a2d4851a1d" relativeResultsDirectory="6ac454e8-bfc2-459f-b143-fce8d81ca78b" />
    <UnitTestResult executionId="c0709806-e635-48a0-885c-b391a0bed428" testId="25e8173f-164f-a6d3-7781-f064566ee4cd" testName="FormatToStringTest1000(806.960597043373d,&quot;806.96 zł&quot;)" computerName="DESKTOP-5URQ9PB" duration="00:00:00.0000200" startTime="2022-06-13T21:13:14.3347708+02:00" endTime="2022-06-13T21:13:14.3347905+02:00" testType="13cdc9d9-ddb5-4fa4-a97d-d965ccfc6d4b" outcome="Passed" testListId="8c84fa94-04c1-424b-9868-57a2d4851a1d" relativeResultsDirectory="c0709806-e635-48a0-885c-b391a0bed428" />
    <UnitTestResult executionId="10beab26-0b18-4a11-aa53-2bd5efb27221" testId="45b47e45-8abc-9102-029a-0eb6ca1d5e58" testName="FormatToStringTest1000(15080.274618567097d,&quot;15080.27 zł&quot;)" computerName="DESKTOP-5URQ9PB" duration="00:00:00.0000180" startTime="2022-06-13T21:13:14.3286442+02:00" endTime="2022-06-13T21:13:14.3286623+02:00" testType="13cdc9d9-ddb5-4fa4-a97d-d965ccfc6d4b" outcome="Passed" testListId="8c84fa94-04c1-424b-9868-57a2d4851a1d" relativeResultsDirectory="10beab26-0b18-4a11-aa53-2bd5efb27221" />
    <UnitTestResult executionId="b9c724d5-c741-4b52-a58a-c9027b27fa53" testId="b5cd9d3c-6e7d-bae4-881c-4092ac2390ce" testName="FormatToStringTest1000(3270.286035661719d,&quot;3270.29 zł&quot;)" computerName="DESKTOP-5URQ9PB" duration="00:00:00.0000190" startTime="2022-06-13T21:13:14.3309451+02:00" endTime="2022-06-13T21:13:14.3309636+02:00" testType="13cdc9d9-ddb5-4fa4-a97d-d965ccfc6d4b" outcome="Passed" testListId="8c84fa94-04c1-424b-9868-57a2d4851a1d" relativeResultsDirectory="b9c724d5-c741-4b52-a58a-c9027b27fa53" />
    <UnitTestResult executionId="a9393839-242c-458b-a2ec-2f0262bcd79f" testId="837c6681-7a11-fda1-e2c1-66903c24de53" testName="FormatToStringTest1000(11989.099505855282d,&quot;11989.10 zł&quot;)" computerName="DESKTOP-5URQ9PB" duration="00:00:00.0000190" startTime="2022-06-13T21:13:14.3418953+02:00" endTime="2022-06-13T21:13:14.3419138+02:00" testType="13cdc9d9-ddb5-4fa4-a97d-d965ccfc6d4b" outcome="Passed" testListId="8c84fa94-04c1-424b-9868-57a2d4851a1d" relativeResultsDirectory="a9393839-242c-458b-a2ec-2f0262bcd79f" />
    <UnitTestResult executionId="1d362541-0ee5-41ac-8213-00843697a65f" testId="0c4c15ff-4158-9c17-cd9b-2647420fd170" testName="FormatToStringTest1000(7119.076353227755d,&quot;7119.08 zł&quot;)" computerName="DESKTOP-5URQ9PB" duration="00:00:00.0000250" startTime="2022-06-13T21:13:14.3321789+02:00" endTime="2022-06-13T21:13:14.3322036+02:00" testType="13cdc9d9-ddb5-4fa4-a97d-d965ccfc6d4b" outcome="Passed" testListId="8c84fa94-04c1-424b-9868-57a2d4851a1d" relativeResultsDirectory="1d362541-0ee5-41ac-8213-00843697a65f" />
    <UnitTestResult executionId="8ce8f45b-9f09-48ca-b092-afbb79b3b2d5" testId="29406890-f674-40b1-2efb-3ed40d66af1f" testName="FormatToStringTest1000(2292.8331871111104d,&quot;2292.83 zł&quot;)" computerName="DESKTOP-5URQ9PB" duration="00:00:00.0000349" startTime="2022-06-13T21:13:14.3179949+02:00" endTime="2022-06-13T21:13:14.3180295+02:00" testType="13cdc9d9-ddb5-4fa4-a97d-d965ccfc6d4b" outcome="Passed" testListId="8c84fa94-04c1-424b-9868-57a2d4851a1d" relativeResultsDirectory="8ce8f45b-9f09-48ca-b092-afbb79b3b2d5" />
    <UnitTestResult executionId="629d9cbc-df6e-40f3-9bd0-59f6b438a353" testId="b3d20388-ddfe-493d-dfad-f423fc621b48" testName="FormatToStringTest1000(58111.21259843521d,&quot;58111.21 zł&quot;)" computerName="DESKTOP-5URQ9PB" duration="00:00:00.0000190" startTime="2022-06-13T21:13:14.3225062+02:00" endTime="2022-06-13T21:13:14.3225248+02:00" testType="13cdc9d9-ddb5-4fa4-a97d-d965ccfc6d4b" outcome="Passed" testListId="8c84fa94-04c1-424b-9868-57a2d4851a1d" relativeResultsDirectory="629d9cbc-df6e-40f3-9bd0-59f6b438a353" />
    <UnitTestResult executionId="b9dc7164-e20f-4aa4-b1a1-f373e7815a82" testId="d147ccf7-2e90-d95d-62de-1759c3690066" testName="FormatToStringTest1000(74152.7503934562d,&quot;74152.75 zł&quot;)" computerName="DESKTOP-5URQ9PB" duration="00:00:00.0000190" startTime="2022-06-13T21:13:14.3269594+02:00" endTime="2022-06-13T21:13:14.3269783+02:00" testType="13cdc9d9-ddb5-4fa4-a97d-d965ccfc6d4b" outcome="Passed" testListId="8c84fa94-04c1-424b-9868-57a2d4851a1d" relativeResultsDirectory="b9dc7164-e20f-4aa4-b1a1-f373e7815a82" />
    <UnitTestResult executionId="93305182-22e8-4c11-861a-c8d6d3b49996" testId="7e94e694-684d-fa09-70c8-651a86e03ea4" testName="FormatToStringTest1000(15669.698889610218d,&quot;15669.70 zł&quot;)" computerName="DESKTOP-5URQ9PB" duration="00:00:00.0000190" startTime="2022-06-13T21:13:14.3375776+02:00" endTime="2022-06-13T21:13:14.3375961+02:00" testType="13cdc9d9-ddb5-4fa4-a97d-d965ccfc6d4b" outcome="Passed" testListId="8c84fa94-04c1-424b-9868-57a2d4851a1d" relativeResultsDirectory="93305182-22e8-4c11-861a-c8d6d3b49996" />
    <UnitTestResult executionId="03c3615b-0de6-4f24-895f-dcd7b9a42872" testId="1d439d51-4271-ce67-e4e0-d0b84f8d1caf" testName="FormatToStringTest1000(66284.43763489948d,&quot;66284.44 zł&quot;)" computerName="DESKTOP-5URQ9PB" duration="00:00:00.0000190" startTime="2022-06-13T21:13:14.3334113+02:00" endTime="2022-06-13T21:13:14.3334299+02:00" testType="13cdc9d9-ddb5-4fa4-a97d-d965ccfc6d4b" outcome="Passed" testListId="8c84fa94-04c1-424b-9868-57a2d4851a1d" relativeResultsDirectory="03c3615b-0de6-4f24-895f-dcd7b9a42872" />
    <UnitTestResult executionId="b37f256e-4b8e-4250-be99-94685c1e9cae" testId="bde33f3c-8432-543f-ee46-b13606db09db" testName="FormatToStringTest1000(4539.210371735137d,&quot;4539.21 zł&quot;)" computerName="DESKTOP-5URQ9PB" duration="00:00:00.0000180" startTime="2022-06-13T21:13:14.3382045+02:00" endTime="2022-06-13T21:13:14.3382227+02:00" testType="13cdc9d9-ddb5-4fa4-a97d-d965ccfc6d4b" outcome="Passed" testListId="8c84fa94-04c1-424b-9868-57a2d4851a1d" relativeResultsDirectory="b37f256e-4b8e-4250-be99-94685c1e9cae" />
    <UnitTestResult executionId="ede27f55-7e8c-413d-b6e7-808648f6ef75" testId="35a2b898-28ef-3d54-ad66-b8bbc7ede2a3" testName="FormatToStringTest1000(19796.212103914568d,&quot;19796.21 zł&quot;)" computerName="DESKTOP-5URQ9PB" duration="00:00:00.0000190" startTime="2022-06-13T21:13:14.3291854+02:00" endTime="2022-06-13T21:13:14.3292038+02:00" testType="13cdc9d9-ddb5-4fa4-a97d-d965ccfc6d4b" outcome="Passed" testListId="8c84fa94-04c1-424b-9868-57a2d4851a1d" relativeResultsDirectory="ede27f55-7e8c-413d-b6e7-808648f6ef75" />
    <UnitTestResult executionId="7f8a12c0-c822-444b-8095-57925926148e" testId="6a02a9a9-45fc-e93c-144a-ec579f6fd7df" testName="FormatToStringTest1000(14459.57059750686d,&quot;14459.57 zł&quot;)" computerName="DESKTOP-5URQ9PB" duration="00:00:00.0000190" startTime="2022-06-13T21:13:14.3245172+02:00" endTime="2022-06-13T21:13:14.3245363+02:00" testType="13cdc9d9-ddb5-4fa4-a97d-d965ccfc6d4b" outcome="Passed" testListId="8c84fa94-04c1-424b-9868-57a2d4851a1d" relativeResultsDirectory="7f8a12c0-c822-444b-8095-57925926148e" />
    <UnitTestResult executionId="2cdd9518-6d69-4246-a776-98ea03c4e83f" testId="b6307f6f-0923-1f5a-926e-f404ac915b20" testName="FormatToStringTest1000(26174.290999793586d,&quot;26174.29 zł&quot;)" computerName="DESKTOP-5URQ9PB" duration="00:00:00.0000190" startTime="2022-06-13T21:13:14.3381783+02:00" endTime="2022-06-13T21:13:14.3381972+02:00" testType="13cdc9d9-ddb5-4fa4-a97d-d965ccfc6d4b" outcome="Passed" testListId="8c84fa94-04c1-424b-9868-57a2d4851a1d" relativeResultsDirectory="2cdd9518-6d69-4246-a776-98ea03c4e83f" />
    <UnitTestResult executionId="6f823979-063e-4d73-977f-f1eea64601eb" testId="637dad56-8638-805e-9abd-b089900557c0" testName="FormatToStringTest1000(598.1279707877561d,&quot;598.13 zł&quot;)" computerName="DESKTOP-5URQ9PB" duration="00:00:00.0000190" startTime="2022-06-13T21:13:14.3339611+02:00" endTime="2022-06-13T21:13:14.3339798+02:00" testType="13cdc9d9-ddb5-4fa4-a97d-d965ccfc6d4b" outcome="Passed" testListId="8c84fa94-04c1-424b-9868-57a2d4851a1d" relativeResultsDirectory="6f823979-063e-4d73-977f-f1eea64601eb" />
    <UnitTestResult executionId="b338a393-acc2-4b42-b73c-416f69b83ab8" testId="4936d87a-883b-6212-fe10-ba7602a69db8" testName="FormatToStringTest1000(26885.71162707904d,&quot;26885.71 zł&quot;)" computerName="DESKTOP-5URQ9PB" duration="00:00:00.0000280" startTime="2022-06-13T21:13:14.3191548+02:00" endTime="2022-06-13T21:13:14.3191828+02:00" testType="13cdc9d9-ddb5-4fa4-a97d-d965ccfc6d4b" outcome="Passed" testListId="8c84fa94-04c1-424b-9868-57a2d4851a1d" relativeResultsDirectory="b338a393-acc2-4b42-b73c-416f69b83ab8" />
    <UnitTestResult executionId="8e080dd8-928c-4539-8021-9eac2b59d815" testId="01cb383a-3e5a-acd0-bce9-5df29c661a7c" testName="FormatToStringTest1000(26133.133789601336d,&quot;26133.13 zł&quot;)" computerName="DESKTOP-5URQ9PB" duration="00:00:00.0000290" startTime="2022-06-13T21:13:14.3189215+02:00" endTime="2022-06-13T21:13:14.3189496+02:00" testType="13cdc9d9-ddb5-4fa4-a97d-d965ccfc6d4b" outcome="Passed" testListId="8c84fa94-04c1-424b-9868-57a2d4851a1d" relativeResultsDirectory="8e080dd8-928c-4539-8021-9eac2b59d815" />
    <UnitTestResult executionId="9b55ebdd-4b96-440c-9217-443b5d0356d4" testId="910d4b99-463d-e8f2-2603-a8f7093fc7cf" testName="FormatToStringTest1000(4592.278577496428d,&quot;4592.28 zł&quot;)" computerName="DESKTOP-5URQ9PB" duration="00:00:00.0000200" startTime="2022-06-13T21:13:14.3362666+02:00" endTime="2022-06-13T21:13:14.3362859+02:00" testType="13cdc9d9-ddb5-4fa4-a97d-d965ccfc6d4b" outcome="Passed" testListId="8c84fa94-04c1-424b-9868-57a2d4851a1d" relativeResultsDirectory="9b55ebdd-4b96-440c-9217-443b5d0356d4" />
    <UnitTestResult executionId="990f227d-02f3-473e-bd81-94c77abd778b" testId="1e0703fd-8132-d66f-f52d-f2f5d027c1d8" testName="FormatToStringTest1000(28306.369434126827d,&quot;28306.37 zł&quot;)" computerName="DESKTOP-5URQ9PB" duration="00:00:00.0000180" startTime="2022-06-13T21:13:14.3405273+02:00" endTime="2022-06-13T21:13:14.3405451+02:00" testType="13cdc9d9-ddb5-4fa4-a97d-d965ccfc6d4b" outcome="Passed" testListId="8c84fa94-04c1-424b-9868-57a2d4851a1d" relativeResultsDirectory="990f227d-02f3-473e-bd81-94c77abd778b" />
    <UnitTestResult executionId="16d8d2f7-2cec-4333-bbfb-eadc7d86fce0" testId="94072497-fa43-aca0-8f05-792ac28d0627" testName="FormatToStringTest1000(76536.95853396178d,&quot;76536.96 zł&quot;)" computerName="DESKTOP-5URQ9PB" duration="00:00:00.0000190" startTime="2022-06-13T21:13:14.3309204+02:00" endTime="2022-06-13T21:13:14.3309390+02:00" testType="13cdc9d9-ddb5-4fa4-a97d-d965ccfc6d4b" outcome="Passed" testListId="8c84fa94-04c1-424b-9868-57a2d4851a1d" relativeResultsDirectory="16d8d2f7-2cec-4333-bbfb-eadc7d86fce0" />
    <UnitTestResult executionId="bf57be90-774b-4aef-8e54-5327917200db" testId="ddd788b7-fa29-d0c9-c87b-c6974b37dc7d" testName="FormatToStringTest1000(658.7555888573431d,&quot;658.76 zł&quot;)" computerName="DESKTOP-5URQ9PB" duration="00:00:00.0000190" startTime="2022-06-13T21:13:14.3283023+02:00" endTime="2022-06-13T21:13:14.3283214+02:00" testType="13cdc9d9-ddb5-4fa4-a97d-d965ccfc6d4b" outcome="Passed" testListId="8c84fa94-04c1-424b-9868-57a2d4851a1d" relativeResultsDirectory="bf57be90-774b-4aef-8e54-5327917200db" />
    <UnitTestResult executionId="53a815ee-9d1b-48e0-affa-5325a4c4e5ba" testId="c2c1dbbf-76df-e4ac-1f6c-4bf02108e7b1" testName="FormatToStringTest1000(65963.39932440939d,&quot;65963.40 zł&quot;)" computerName="DESKTOP-5URQ9PB" duration="00:00:00.0000200" startTime="2022-06-13T21:13:14.3403284+02:00" endTime="2022-06-13T21:13:14.3403479+02:00" testType="13cdc9d9-ddb5-4fa4-a97d-d965ccfc6d4b" outcome="Passed" testListId="8c84fa94-04c1-424b-9868-57a2d4851a1d" relativeResultsDirectory="53a815ee-9d1b-48e0-affa-5325a4c4e5ba" />
    <UnitTestResult executionId="5886379b-1c19-41c7-9841-f1e31bf65c87" testId="b168b1f7-674c-8775-2a66-cf7d7f806851" testName="FormatToStringTest1000(8095.485677032492d,&quot;8095.49 zł&quot;)" computerName="DESKTOP-5URQ9PB" duration="00:00:00.0000180" startTime="2022-06-13T21:13:14.3327148+02:00" endTime="2022-06-13T21:13:14.3327325+02:00" testType="13cdc9d9-ddb5-4fa4-a97d-d965ccfc6d4b" outcome="Passed" testListId="8c84fa94-04c1-424b-9868-57a2d4851a1d" relativeResultsDirectory="5886379b-1c19-41c7-9841-f1e31bf65c87" />
    <UnitTestResult executionId="9f8bc676-1440-482e-87fe-b39d62cdae52" testId="ba3d44ab-713b-26da-eeee-600e16cfe130" testName="FormatToStringTest1000(30385.72086375613d,&quot;30385.72 zł&quot;)" computerName="DESKTOP-5URQ9PB" duration="00:00:00.0000190" startTime="2022-06-13T21:13:14.3388619+02:00" endTime="2022-06-13T21:13:14.3388808+02:00" testType="13cdc9d9-ddb5-4fa4-a97d-d965ccfc6d4b" outcome="Passed" testListId="8c84fa94-04c1-424b-9868-57a2d4851a1d" relativeResultsDirectory="9f8bc676-1440-482e-87fe-b39d62cdae52" />
    <UnitTestResult executionId="ad603666-31f2-48a9-a9e4-39e5d3337ed9" testId="60e1884b-abd9-92c1-f58c-08f7b4b4de40" testName="FormatToStringTest1000(29926.595417457444d,&quot;29926.60 zł&quot;)" computerName="DESKTOP-5URQ9PB" duration="00:00:00.0000180" startTime="2022-06-13T21:13:14.3359150+02:00" endTime="2022-06-13T21:13:14.3359329+02:00" testType="13cdc9d9-ddb5-4fa4-a97d-d965ccfc6d4b" outcome="Passed" testListId="8c84fa94-04c1-424b-9868-57a2d4851a1d" relativeResultsDirectory="ad603666-31f2-48a9-a9e4-39e5d3337ed9" />
    <UnitTestResult executionId="3408ea5a-638f-424f-b383-376c49479959" testId="c7fd498b-03da-468c-aa24-ce275275bb84" testName="FormatToStringTest1000(32812.53695512634d,&quot;32812.54 zł&quot;)" computerName="DESKTOP-5URQ9PB" duration="00:00:00.0000180" startTime="2022-06-13T21:13:14.3257624+02:00" endTime="2022-06-13T21:13:14.3257802+02:00" testType="13cdc9d9-ddb5-4fa4-a97d-d965ccfc6d4b" outcome="Passed" testListId="8c84fa94-04c1-424b-9868-57a2d4851a1d" relativeResultsDirectory="3408ea5a-638f-424f-b383-376c49479959" />
    <UnitTestResult executionId="10393b45-fa0d-4f68-b334-644e491ce88d" testId="762e5ce4-0443-8529-2419-b15e6b3af056" testName="FormatToStringTest1000(43222.47958431695d,&quot;43222.48 zł&quot;)" computerName="DESKTOP-5URQ9PB" duration="00:00:00.0000280" startTime="2022-06-13T21:13:14.3194690+02:00" endTime="2022-06-13T21:13:14.3194965+02:00" testType="13cdc9d9-ddb5-4fa4-a97d-d965ccfc6d4b" outcome="Passed" testListId="8c84fa94-04c1-424b-9868-57a2d4851a1d" relativeResultsDirectory="10393b45-fa0d-4f68-b334-644e491ce88d" />
    <UnitTestResult executionId="ed916269-a9b9-41c4-8414-ded95f58a05c" testId="cfa8282b-c910-23c2-f0df-2ed624c5a3c7" testName="FormatToStringTest1000(20737.251994218328d,&quot;20737.25 zł&quot;)" computerName="DESKTOP-5URQ9PB" duration="00:00:00.0000330" startTime="2022-06-13T21:13:14.3202982+02:00" endTime="2022-06-13T21:13:14.3203302+02:00" testType="13cdc9d9-ddb5-4fa4-a97d-d965ccfc6d4b" outcome="Passed" testListId="8c84fa94-04c1-424b-9868-57a2d4851a1d" relativeResultsDirectory="ed916269-a9b9-41c4-8414-ded95f58a05c" />
    <UnitTestResult executionId="4cd62b04-4798-45ae-b394-30e2473b1449" testId="036a6ec9-ae68-934b-9f02-a81dae974d18" testName="FormatToStringTest1000(1664.7834932994022d,&quot;1664.78 zł&quot;)" computerName="DESKTOP-5URQ9PB" duration="00:00:00.0000180" startTime="2022-06-13T21:13:14.3416947+02:00" endTime="2022-06-13T21:13:14.3417125+02:00" testType="13cdc9d9-ddb5-4fa4-a97d-d965ccfc6d4b" outcome="Passed" testListId="8c84fa94-04c1-424b-9868-57a2d4851a1d" relativeResultsDirectory="4cd62b04-4798-45ae-b394-30e2473b1449" />
    <UnitTestResult executionId="120e5435-eaf5-44f2-a921-7ebb1de6a7b1" testId="6700c77f-a72c-833c-b2d9-a0d02a9534be" testName="FormatToStringTest1000(17953.338243749615d,&quot;17953.34 zł&quot;)" computerName="DESKTOP-5URQ9PB" duration="00:00:00.0000349" startTime="2022-06-13T21:13:14.3177202+02:00" endTime="2022-06-13T21:13:14.3177545+02:00" testType="13cdc9d9-ddb5-4fa4-a97d-d965ccfc6d4b" outcome="Passed" testListId="8c84fa94-04c1-424b-9868-57a2d4851a1d" relativeResultsDirectory="120e5435-eaf5-44f2-a921-7ebb1de6a7b1" />
    <UnitTestResult executionId="b30f2ee0-7412-47ce-ab3f-d71d732b5e92" testId="2f0cf2d4-3a28-6b74-1791-705b9f0277be" testName="FormatToStringTest1000(3131.5022711732904d,&quot;3131.50 zł&quot;)" computerName="DESKTOP-5URQ9PB" duration="00:00:00.0000180" startTime="2022-06-13T21:13:14.3285227+02:00" endTime="2022-06-13T21:13:14.3285404+02:00" testType="13cdc9d9-ddb5-4fa4-a97d-d965ccfc6d4b" outcome="Passed" testListId="8c84fa94-04c1-424b-9868-57a2d4851a1d" relativeResultsDirectory="b30f2ee0-7412-47ce-ab3f-d71d732b5e92" />
    <UnitTestResult executionId="c1cd3139-5ea1-4981-b2d1-5144c0f78a73" testId="92867c0e-facc-7f59-b4bc-04e39d2ba464" testName="FormatToStringTest1000(657.5396922647672d,&quot;657.54 zł&quot;)" computerName="DESKTOP-5URQ9PB" duration="00:00:00.0000190" startTime="2022-06-13T21:13:14.3266130+02:00" endTime="2022-06-13T21:13:14.3266318+02:00" testType="13cdc9d9-ddb5-4fa4-a97d-d965ccfc6d4b" outcome="Passed" testListId="8c84fa94-04c1-424b-9868-57a2d4851a1d" relativeResultsDirectory="c1cd3139-5ea1-4981-b2d1-5144c0f78a73" />
    <UnitTestResult executionId="960f4265-e8fe-4394-b133-56ff295da08d" testId="e679eaee-e3a9-8b8a-d185-7c73afee0b2f" testName="FormatToStringTest1000(17835.54606576988d,&quot;17835.55 zł&quot;)" computerName="DESKTOP-5URQ9PB" duration="00:00:00.0000300" startTime="2022-06-13T21:13:14.3191154+02:00" endTime="2022-06-13T21:13:14.3191454+02:00" testType="13cdc9d9-ddb5-4fa4-a97d-d965ccfc6d4b" outcome="Passed" testListId="8c84fa94-04c1-424b-9868-57a2d4851a1d" relativeResultsDirectory="960f4265-e8fe-4394-b133-56ff295da08d" />
    <UnitTestResult executionId="6e1b3ef3-315d-46bf-95f0-68802898d9f7" testId="0d3aed88-2598-0caa-458e-53fd2f6dc4e2" testName="FormatToStringTest1000(7004.710832051798d,&quot;7004.71 zł&quot;)" computerName="DESKTOP-5URQ9PB" duration="00:00:00.0000180" startTime="2022-06-13T21:13:14.3394139+02:00" endTime="2022-06-13T21:13:14.3394319+02:00" testType="13cdc9d9-ddb5-4fa4-a97d-d965ccfc6d4b" outcome="Passed" testListId="8c84fa94-04c1-424b-9868-57a2d4851a1d" relativeResultsDirectory="6e1b3ef3-315d-46bf-95f0-68802898d9f7" />
    <UnitTestResult executionId="ac0a2082-99e3-432e-ad52-317a782d0ab7" testId="8119f190-7ed2-77b1-76a6-83f33e4cf393" testName="FormatToStringTest1000(52858.048916166204d,&quot;52858.05 zł&quot;)" computerName="DESKTOP-5URQ9PB" duration="00:00:00.0000349" startTime="2022-06-13T21:13:14.3183796+02:00" endTime="2022-06-13T21:13:14.3184142+02:00" testType="13cdc9d9-ddb5-4fa4-a97d-d965ccfc6d4b" outcome="Passed" testListId="8c84fa94-04c1-424b-9868-57a2d4851a1d" relativeResultsDirectory="ac0a2082-99e3-432e-ad52-317a782d0ab7" />
    <UnitTestResult executionId="9042d237-d1b3-4b68-bc4a-869cfc20ed12" testId="a3a785ff-5f15-1809-0327-13b742192f57" testName="FormatToStringTest1000(13453.429998117233d,&quot;13453.43 zł&quot;)" computerName="DESKTOP-5URQ9PB" duration="00:00:00.0000180" startTime="2022-06-13T21:13:14.3350199+02:00" endTime="2022-06-13T21:13:14.3350382+02:00" testType="13cdc9d9-ddb5-4fa4-a97d-d965ccfc6d4b" outcome="Passed" testListId="8c84fa94-04c1-424b-9868-57a2d4851a1d" relativeResultsDirectory="9042d237-d1b3-4b68-bc4a-869cfc20ed12" />
    <UnitTestResult executionId="4a0b795e-3910-48fa-b599-0e540985396b" testId="20901353-a2d3-ecac-3452-4c8d3e93293d" testName="FormatToStringTest1000(3270.482477338743d,&quot;3270.48 zł&quot;)" computerName="DESKTOP-5URQ9PB" duration="00:00:00.0000190" startTime="2022-06-13T21:13:14.3360375+02:00" endTime="2022-06-13T21:13:14.3360564+02:00" testType="13cdc9d9-ddb5-4fa4-a97d-d965ccfc6d4b" outcome="Passed" testListId="8c84fa94-04c1-424b-9868-57a2d4851a1d" relativeResultsDirectory="4a0b795e-3910-48fa-b599-0e540985396b" />
    <UnitTestResult executionId="cf92a79a-a65c-445e-b2d8-e75970f4b675" testId="d8dcd89f-df1d-9e50-f8f8-844883603fea" testName="FormatToStringTest1000(3649.9254912836127d,&quot;3649.93 zł&quot;)" computerName="DESKTOP-5URQ9PB" duration="00:00:00.0000190" startTime="2022-06-13T21:13:14.3418448+02:00" endTime="2022-06-13T21:13:14.3418640+02:00" testType="13cdc9d9-ddb5-4fa4-a97d-d965ccfc6d4b" outcome="Passed" testListId="8c84fa94-04c1-424b-9868-57a2d4851a1d" relativeResultsDirectory="cf92a79a-a65c-445e-b2d8-e75970f4b675" />
    <UnitTestResult executionId="3302332d-c5f7-44d5-8e77-cfc990d38359" testId="74c0130b-d063-4d59-6d84-18416c8beb4f" testName="FormatToStringTest1000(32262.93788198984d,&quot;32262.94 zł&quot;)" computerName="DESKTOP-5URQ9PB" duration="00:00:00.0000180" startTime="2022-06-13T21:13:14.3316177+02:00" endTime="2022-06-13T21:13:14.3316357+02:00" testType="13cdc9d9-ddb5-4fa4-a97d-d965ccfc6d4b" outcome="Passed" testListId="8c84fa94-04c1-424b-9868-57a2d4851a1d" relativeResultsDirectory="3302332d-c5f7-44d5-8e77-cfc990d38359" />
    <UnitTestResult executionId="95cb86a8-dc17-4422-a3f4-8630f32e5a21" testId="7bf7f3ca-374b-b9a9-53c4-47a8ad354e7e" testName="FormatToStringTest1000(6220.182014914314d,&quot;6220.18 zł&quot;)" computerName="DESKTOP-5URQ9PB" duration="00:00:00.0000190" startTime="2022-06-13T21:13:14.3338355+02:00" endTime="2022-06-13T21:13:14.3338544+02:00" testType="13cdc9d9-ddb5-4fa4-a97d-d965ccfc6d4b" outcome="Passed" testListId="8c84fa94-04c1-424b-9868-57a2d4851a1d" relativeResultsDirectory="95cb86a8-dc17-4422-a3f4-8630f32e5a21" />
    <UnitTestResult executionId="a48c6bb8-9d50-4db1-ad8e-3bea3b04cb39" testId="ae67d523-2929-36b8-f281-40940e5c29bb" testName="FormatToStringTest1000(2390.7596313784643d,&quot;2390.76 zł&quot;)" computerName="DESKTOP-5URQ9PB" duration="00:00:00.0000190" startTime="2022-06-13T21:13:14.3328377+02:00" endTime="2022-06-13T21:13:14.3328561+02:00" testType="13cdc9d9-ddb5-4fa4-a97d-d965ccfc6d4b" outcome="Passed" testListId="8c84fa94-04c1-424b-9868-57a2d4851a1d" relativeResultsDirectory="a48c6bb8-9d50-4db1-ad8e-3bea3b04cb39" />
    <UnitTestResult executionId="25bd1f3a-eadf-4ff0-ac4f-1feabebade15" testId="897eda60-aa9c-bf46-7037-9c91ac01a451" testName="FormatToStringTest1000(14237.13226245955d,&quot;14237.13 zł&quot;)" computerName="DESKTOP-5URQ9PB" duration="00:00:00.0000210" startTime="2022-06-13T21:13:14.3158498+02:00" endTime="2022-06-13T21:13:14.3158711+02:00" testType="13cdc9d9-ddb5-4fa4-a97d-d965ccfc6d4b" outcome="Passed" testListId="8c84fa94-04c1-424b-9868-57a2d4851a1d" relativeResultsDirectory="25bd1f3a-eadf-4ff0-ac4f-1feabebade15" />
    <UnitTestResult executionId="e1ba2ca0-c461-4f0d-a136-7cee50d82aab" testId="8b6f3338-cce8-0079-b821-3f92e6c60eee" testName="FormatToStringTest1000(10268.547802396373d,&quot;10268.55 zł&quot;)" computerName="DESKTOP-5URQ9PB" duration="00:00:00.0000340" startTime="2022-06-13T21:13:14.3177657+02:00" endTime="2022-06-13T21:13:14.3177989+02:00" testType="13cdc9d9-ddb5-4fa4-a97d-d965ccfc6d4b" outcome="Passed" testListId="8c84fa94-04c1-424b-9868-57a2d4851a1d" relativeResultsDirectory="e1ba2ca0-c461-4f0d-a136-7cee50d82aab" />
    <UnitTestResult executionId="7264a6c2-01bf-4214-b56b-465710118f2c" testId="71a2762b-d8da-32e7-80e0-7c170fef2ac7" testName="FormatToStringTest1000(54724.71040318008d,&quot;54724.71 zł&quot;)" computerName="DESKTOP-5URQ9PB" duration="00:00:00.0000190" startTime="2022-06-13T21:13:14.3224572+02:00" endTime="2022-06-13T21:13:14.3224759+02:00" testType="13cdc9d9-ddb5-4fa4-a97d-d965ccfc6d4b" outcome="Passed" testListId="8c84fa94-04c1-424b-9868-57a2d4851a1d" relativeResultsDirectory="7264a6c2-01bf-4214-b56b-465710118f2c" />
    <UnitTestResult executionId="aae10d0f-fad6-4d0b-af63-d4370bf204f5" testId="e6fa545c-dab4-f63e-4e3b-21ea6de7572d" testName="FormatToStringTest1000(9994.9471861026d,&quot;9994.95 zł&quot;)" computerName="DESKTOP-5URQ9PB" duration="00:00:00.0000180" startTime="2022-06-13T21:13:14.3240760+02:00" endTime="2022-06-13T21:13:14.3240942+02:00" testType="13cdc9d9-ddb5-4fa4-a97d-d965ccfc6d4b" outcome="Passed" testListId="8c84fa94-04c1-424b-9868-57a2d4851a1d" relativeResultsDirectory="aae10d0f-fad6-4d0b-af63-d4370bf204f5" />
    <UnitTestResult executionId="5a14e950-0655-4613-afca-7146670a29f2" testId="bc8b0527-de00-05c5-8ddf-e463dace5bf0" testName="FormatToStringTest1000(42728.35751444258d,&quot;42728.36 zł&quot;)" computerName="DESKTOP-5URQ9PB" duration="00:00:00.0000180" startTime="2022-06-13T21:13:14.3378770+02:00" endTime="2022-06-13T21:13:14.3378947+02:00" testType="13cdc9d9-ddb5-4fa4-a97d-d965ccfc6d4b" outcome="Passed" testListId="8c84fa94-04c1-424b-9868-57a2d4851a1d" relativeResultsDirectory="5a14e950-0655-4613-afca-7146670a29f2" />
    <UnitTestResult executionId="b9e58f8e-66ec-486e-93e0-18e693f40a4a" testId="cb9006f5-cf8f-a741-60da-88003562c888" testName="FormatToStringTest1000(12308.022158465357d,&quot;12308.02 zł&quot;)" computerName="DESKTOP-5URQ9PB" duration="00:00:00.0000230" startTime="2022-06-13T21:13:14.3272344+02:00" endTime="2022-06-13T21:13:14.3272572+02:00" testType="13cdc9d9-ddb5-4fa4-a97d-d965ccfc6d4b" outcome="Passed" testListId="8c84fa94-04c1-424b-9868-57a2d4851a1d" relativeResultsDirectory="b9e58f8e-66ec-486e-93e0-18e693f40a4a" />
    <UnitTestResult executionId="ddc8478a-6f50-4c64-9c21-868677cb5904" testId="fe527e8d-5e3e-18c1-ed37-cc075512021b" testName="FormatToStringTest1000(26858.35647848731d,&quot;26858.36 zł&quot;)" computerName="DESKTOP-5URQ9PB" duration="00:00:00.0000180" startTime="2022-06-13T21:13:14.3334870+02:00" endTime="2022-06-13T21:13:14.3335053+02:00" testType="13cdc9d9-ddb5-4fa4-a97d-d965ccfc6d4b" outcome="Passed" testListId="8c84fa94-04c1-424b-9868-57a2d4851a1d" relativeResultsDirectory="ddc8478a-6f50-4c64-9c21-868677cb5904" />
    <UnitTestResult executionId="87749839-bea8-472b-a4e2-d77a633d65a0" testId="02f82b15-1853-9f05-8754-8f243db3e9b1" testName="FormatToStringTest1000(4898.699005344277d,&quot;4898.70 zł&quot;)" computerName="DESKTOP-5URQ9PB" duration="00:00:00.0000180" startTime="2022-06-13T21:13:14.3250004+02:00" endTime="2022-06-13T21:13:14.3250182+02:00" testType="13cdc9d9-ddb5-4fa4-a97d-d965ccfc6d4b" outcome="Passed" testListId="8c84fa94-04c1-424b-9868-57a2d4851a1d" relativeResultsDirectory="87749839-bea8-472b-a4e2-d77a633d65a0" />
    <UnitTestResult executionId="f0686736-89d6-4d60-b437-e13e4759c7f2" testId="d8fff351-64d1-1a21-4739-3e89df4d873b" testName="FormatToStringTest1000(2929.267390865026d,&quot;2929.27 zł&quot;)" computerName="DESKTOP-5URQ9PB" duration="00:00:00.0000190" startTime="2022-06-13T21:13:14.3393891+02:00" endTime="2022-06-13T21:13:14.3394077+02:00" testType="13cdc9d9-ddb5-4fa4-a97d-d965ccfc6d4b" outcome="Passed" testListId="8c84fa94-04c1-424b-9868-57a2d4851a1d" relativeResultsDirectory="f0686736-89d6-4d60-b437-e13e4759c7f2" />
    <UnitTestResult executionId="e05e1f1b-9fb5-47b6-ba37-7555d9d666e5" testId="58932f19-d7b6-d69f-2dae-d6e75aa0e55e" testName="FormatToStringTest1000(12949.590713378317d,&quot;12949.59 zł&quot;)" computerName="DESKTOP-5URQ9PB" duration="00:00:00.0000180" startTime="2022-06-13T21:13:14.3156696+02:00" endTime="2022-06-13T21:13:14.3156877+02:00" testType="13cdc9d9-ddb5-4fa4-a97d-d965ccfc6d4b" outcome="Passed" testListId="8c84fa94-04c1-424b-9868-57a2d4851a1d" relativeResultsDirectory="e05e1f1b-9fb5-47b6-ba37-7555d9d666e5" />
    <UnitTestResult executionId="8d2c6bad-11ed-4cb1-a024-6c2823de1c09" testId="a7c76906-c1d7-0c9c-096c-a6235194b8e7" testName="FormatToStringTest1000(1896.1704506483723d,&quot;1896.17 zł&quot;)" computerName="DESKTOP-5URQ9PB" duration="00:00:00.0000180" startTime="2022-06-13T21:13:14.3246159+02:00" endTime="2022-06-13T21:13:14.3246342+02:00" testType="13cdc9d9-ddb5-4fa4-a97d-d965ccfc6d4b" outcome="Passed" testListId="8c84fa94-04c1-424b-9868-57a2d4851a1d" relativeResultsDirectory="8d2c6bad-11ed-4cb1-a024-6c2823de1c09" />
    <UnitTestResult executionId="87c8db69-b25c-474a-a77a-00b93d7f672a" testId="72f5bdbc-e270-3979-eb1f-93befbe9f9d0" testName="FormatToStringTest1000(19519.4298413505d,&quot;19519.43 zł&quot;)" computerName="DESKTOP-5URQ9PB" duration="00:00:00.0000180" startTime="2022-06-13T21:13:14.3388869+02:00" endTime="2022-06-13T21:13:14.3389053+02:00" testType="13cdc9d9-ddb5-4fa4-a97d-d965ccfc6d4b" outcome="Passed" testListId="8c84fa94-04c1-424b-9868-57a2d4851a1d" relativeResultsDirectory="87c8db69-b25c-474a-a77a-00b93d7f672a" />
    <UnitTestResult executionId="510de0e9-efe8-4c59-9850-6e667ddae950" testId="380eb0c8-d6f7-276e-b9b6-a564a8f6129e" testName="FormatToStringTest1000(8582.709131852587d,&quot;8582.71 zł&quot;)" computerName="DESKTOP-5URQ9PB" duration="00:00:00.0000180" startTime="2022-06-13T21:13:14.3357448+02:00" endTime="2022-06-13T21:13:14.3357626+02:00" testType="13cdc9d9-ddb5-4fa4-a97d-d965ccfc6d4b" outcome="Passed" testListId="8c84fa94-04c1-424b-9868-57a2d4851a1d" relativeResultsDirectory="510de0e9-efe8-4c59-9850-6e667ddae950" />
    <UnitTestResult executionId="aac4b89b-9458-457d-9b1d-080ea690bafc" testId="b8d38453-fb40-0cfb-4e20-39c788746328" testName="FormatToStringTest1000(52888.48934243642d,&quot;52888.49 zł&quot;)" computerName="DESKTOP-5URQ9PB" duration="00:00:00.0000180" startTime="2022-06-13T21:13:14.3284742+02:00" endTime="2022-06-13T21:13:14.3284918+02:00" testType="13cdc9d9-ddb5-4fa4-a97d-d965ccfc6d4b" outcome="Passed" testListId="8c84fa94-04c1-424b-9868-57a2d4851a1d" relativeResultsDirectory="aac4b89b-9458-457d-9b1d-080ea690bafc" />
    <UnitTestResult executionId="38cd40f2-3bac-4f79-a128-e52172f76134" testId="9abe82c5-80fa-2d6a-e76f-8b42c308f2c5" testName="FormatToStringTest1000(10641.263377953444d,&quot;10641.26 zł&quot;)" computerName="DESKTOP-5URQ9PB" duration="00:00:00.0000180" startTime="2022-06-13T21:13:14.3250487+02:00" endTime="2022-06-13T21:13:14.3250668+02:00" testType="13cdc9d9-ddb5-4fa4-a97d-d965ccfc6d4b" outcome="Passed" testListId="8c84fa94-04c1-424b-9868-57a2d4851a1d" relativeResultsDirectory="38cd40f2-3bac-4f79-a128-e52172f76134" />
    <UnitTestResult executionId="440c505e-4202-4551-80fb-ebb85fdb1c70" testId="d38b1856-f9a8-d9e7-be29-662b96640b5b" testName="FormatToStringTest1000(20497.107923553376d,&quot;20497.11 zł&quot;)" computerName="DESKTOP-5URQ9PB" duration="00:00:00.0000180" startTime="2022-06-13T21:13:14.3397818+02:00" endTime="2022-06-13T21:13:14.3397998+02:00" testType="13cdc9d9-ddb5-4fa4-a97d-d965ccfc6d4b" outcome="Passed" testListId="8c84fa94-04c1-424b-9868-57a2d4851a1d" relativeResultsDirectory="440c505e-4202-4551-80fb-ebb85fdb1c70" />
    <UnitTestResult executionId="ba772df0-a3d2-4b2b-abbf-b9faaef9c33d" testId="274e5ca5-6e22-8c94-c538-bc2ca6c5742f" testName="FormatToStringTest1000(19210.519530370144d,&quot;19210.52 zł&quot;)" computerName="DESKTOP-5URQ9PB" duration="00:00:00.0000190" startTime="2022-06-13T21:13:14.3326178+02:00" endTime="2022-06-13T21:13:14.3326362+02:00" testType="13cdc9d9-ddb5-4fa4-a97d-d965ccfc6d4b" outcome="Passed" testListId="8c84fa94-04c1-424b-9868-57a2d4851a1d" relativeResultsDirectory="ba772df0-a3d2-4b2b-abbf-b9faaef9c33d" />
    <UnitTestResult executionId="4711d991-1964-45a8-b4f6-e954517619da" testId="0af23d0c-f1f0-deb1-181c-c50389a37384" testName="FormatToStringTest1000(19216.446905020366d,&quot;19216.45 zł&quot;)" computerName="DESKTOP-5URQ9PB" duration="00:00:00.0000290" startTime="2022-06-13T21:13:14.3195835+02:00" endTime="2022-06-13T21:13:14.3196120+02:00" testType="13cdc9d9-ddb5-4fa4-a97d-d965ccfc6d4b" outcome="Passed" testListId="8c84fa94-04c1-424b-9868-57a2d4851a1d" relativeResultsDirectory="4711d991-1964-45a8-b4f6-e954517619da" />
    <UnitTestResult executionId="115df86a-ade3-4843-9b6a-31e825898e08" testId="369d8b6d-6b5f-c2d1-d938-37474ed850e0" testName="FormatToStringTest1000(32632.105531036905d,&quot;32632.11 zł&quot;)" computerName="DESKTOP-5URQ9PB" duration="00:00:00.0000190" startTime="2022-06-13T21:13:14.3155957+02:00" endTime="2022-06-13T21:13:14.3156141+02:00" testType="13cdc9d9-ddb5-4fa4-a97d-d965ccfc6d4b" outcome="Passed" testListId="8c84fa94-04c1-424b-9868-57a2d4851a1d" relativeResultsDirectory="115df86a-ade3-4843-9b6a-31e825898e08" />
    <UnitTestResult executionId="bb7148d9-4308-4dd8-b2ab-d1a433b61cd8" testId="7ae5fdac-2c37-dafa-ea81-102d467ed88a" testName="FormatToStringTest1000(11494.27761332238d,&quot;11494.28 zł&quot;)" computerName="DESKTOP-5URQ9PB" duration="00:00:00.0000190" startTime="2022-06-13T21:13:14.3240516+02:00" endTime="2022-06-13T21:13:14.3240701+02:00" testType="13cdc9d9-ddb5-4fa4-a97d-d965ccfc6d4b" outcome="Passed" testListId="8c84fa94-04c1-424b-9868-57a2d4851a1d" relativeResultsDirectory="bb7148d9-4308-4dd8-b2ab-d1a433b61cd8" />
    <UnitTestResult executionId="816c7fbc-f505-423c-9718-ad7ad3816901" testId="08b0137c-0bdc-e87f-be30-d8edbdf991c1" testName="FormatToStringTest1000(5507.360659962688d,&quot;5507.36 zł&quot;)" computerName="DESKTOP-5URQ9PB" duration="00:00:00.0000190" startTime="2022-06-13T21:13:14.3405764+02:00" endTime="2022-06-13T21:13:14.3405950+02:00" testType="13cdc9d9-ddb5-4fa4-a97d-d965ccfc6d4b" outcome="Passed" testListId="8c84fa94-04c1-424b-9868-57a2d4851a1d" relativeResultsDirectory="816c7fbc-f505-423c-9718-ad7ad3816901" />
    <UnitTestResult executionId="06df2585-c08d-499d-812d-f2848644f997" testId="cdeb3be1-fe32-ff89-e068-e42e39c27a73" testName="FormatToStringTest1000(13844.577623300524d,&quot;13844.58 zł&quot;)" computerName="DESKTOP-5URQ9PB" duration="00:00:00.0000190" startTime="2022-06-13T21:13:14.3233649+02:00" endTime="2022-06-13T21:13:14.3233833+02:00" testType="13cdc9d9-ddb5-4fa4-a97d-d965ccfc6d4b" outcome="Passed" testListId="8c84fa94-04c1-424b-9868-57a2d4851a1d" relativeResultsDirectory="06df2585-c08d-499d-812d-f2848644f997" />
    <UnitTestResult executionId="8879fe2d-5c5f-4cd6-beca-f5376ac579a2" testId="209edf4d-3b12-5a43-fec0-fca0d1a4ea6d" testName="FormatToStringTest1000(30383.303633991305d,&quot;30383.30 zł&quot;)" computerName="DESKTOP-5URQ9PB" duration="00:00:00.0000190" startTime="2022-06-13T21:13:14.3399040+02:00" endTime="2022-06-13T21:13:14.3399227+02:00" testType="13cdc9d9-ddb5-4fa4-a97d-d965ccfc6d4b" outcome="Passed" testListId="8c84fa94-04c1-424b-9868-57a2d4851a1d" relativeResultsDirectory="8879fe2d-5c5f-4cd6-beca-f5376ac579a2" />
    <UnitTestResult executionId="7a535235-a843-4695-8bc6-d157c573df28" testId="c6bf636f-3c18-b5d6-1346-58450e782d22" testName="FormatToStringTest1000(50550.645020282194d,&quot;50550.65 zł&quot;)" computerName="DESKTOP-5URQ9PB" duration="00:00:00.0000190" startTime="2022-06-13T21:13:14.3315923+02:00" endTime="2022-06-13T21:13:14.3316113+02:00" testType="13cdc9d9-ddb5-4fa4-a97d-d965ccfc6d4b" outcome="Passed" testListId="8c84fa94-04c1-424b-9868-57a2d4851a1d" relativeResultsDirectory="7a535235-a843-4695-8bc6-d157c573df28" />
    <UnitTestResult executionId="f7247d8d-98d8-4b19-a09c-e250dbe56aac" testId="94c8a06e-3f46-89b8-1521-4663bd871343" testName="FormatToStringTest1000(51408.294679657694d,&quot;51408.29 zł&quot;)" computerName="DESKTOP-5URQ9PB" duration="00:00:00.0000190" startTime="2022-06-13T21:13:14.3228948+02:00" endTime="2022-06-13T21:13:14.3229133+02:00" testType="13cdc9d9-ddb5-4fa4-a97d-d965ccfc6d4b" outcome="Passed" testListId="8c84fa94-04c1-424b-9868-57a2d4851a1d" relativeResultsDirectory="f7247d8d-98d8-4b19-a09c-e250dbe56aac" />
    <UnitTestResult executionId="2c8169aa-281e-4185-9c9c-394a95dd5ee7" testId="69c4777a-51de-9c54-0ee3-eb6af65c109e" testName="FormatToStringTest1000(158.49784791027093d,&quot;158.50 zł&quot;)" computerName="DESKTOP-5URQ9PB" duration="00:00:00.0000310" startTime="2022-06-13T21:13:14.3218874+02:00" endTime="2022-06-13T21:13:14.3219174+02:00" testType="13cdc9d9-ddb5-4fa4-a97d-d965ccfc6d4b" outcome="Passed" testListId="8c84fa94-04c1-424b-9868-57a2d4851a1d" relativeResultsDirectory="2c8169aa-281e-4185-9c9c-394a95dd5ee7" />
    <UnitTestResult executionId="217a882c-a268-4db0-a604-3aa92a9b57dc" testId="b1be5e34-279b-4416-5a52-95321e0442b4" testName="FormatToStringTest1000(33206.73122987837d,&quot;33206.73 zł&quot;)" computerName="DESKTOP-5URQ9PB" duration="00:00:00.0000180" startTime="2022-06-13T21:13:14.3168993+02:00" endTime="2022-06-13T21:13:14.3169171+02:00" testType="13cdc9d9-ddb5-4fa4-a97d-d965ccfc6d4b" outcome="Passed" testListId="8c84fa94-04c1-424b-9868-57a2d4851a1d" relativeResultsDirectory="217a882c-a268-4db0-a604-3aa92a9b57dc" />
    <UnitTestResult executionId="3a1c6b71-c19a-443f-91db-ee3193d14f6d" testId="ff7d5d75-8704-2f07-483c-d76f3a2523cc" testName="FormatToStringTest1000(2835.0728237931958d,&quot;2835.07 zł&quot;)" computerName="DESKTOP-5URQ9PB" duration="00:00:00.0000180" startTime="2022-06-13T21:13:14.3325939+02:00" endTime="2022-06-13T21:13:14.3326115+02:00" testType="13cdc9d9-ddb5-4fa4-a97d-d965ccfc6d4b" outcome="Passed" testListId="8c84fa94-04c1-424b-9868-57a2d4851a1d" relativeResultsDirectory="3a1c6b71-c19a-443f-91db-ee3193d14f6d" />
    <UnitTestResult executionId="057085b1-40d2-4d0b-bb9f-12ed04a88723" testId="ba5b40c3-7100-1940-87d5-9af986ffebd2" testName="FormatToStringTest1000(9196.579612724754d,&quot;9196.58 zł&quot;)" computerName="DESKTOP-5URQ9PB" duration="00:00:00.0000210" startTime="2022-06-13T21:13:14.3311434+02:00" endTime="2022-06-13T21:13:14.3311645+02:00" testType="13cdc9d9-ddb5-4fa4-a97d-d965ccfc6d4b" outcome="Passed" testListId="8c84fa94-04c1-424b-9868-57a2d4851a1d" relativeResultsDirectory="057085b1-40d2-4d0b-bb9f-12ed04a88723" />
    <UnitTestResult executionId="183b1e0e-1c6d-4a77-9a23-e8b3fa78e0c7" testId="40488d75-026c-550a-6026-e97b07265e5b" testName="FormatToStringTest1000(8802.811382028653d,&quot;8802.81 zł&quot;)" computerName="DESKTOP-5URQ9PB" duration="00:00:00.0000190" startTime="2022-06-13T21:13:14.3231906+02:00" endTime="2022-06-13T21:13:14.3232091+02:00" testType="13cdc9d9-ddb5-4fa4-a97d-d965ccfc6d4b" outcome="Passed" testListId="8c84fa94-04c1-424b-9868-57a2d4851a1d" relativeResultsDirectory="183b1e0e-1c6d-4a77-9a23-e8b3fa78e0c7" />
    <UnitTestResult executionId="f82652e7-aaa0-4ccb-b57e-5868ee97fb45" testId="9a4a7396-bc43-f3a9-c62c-07975736bde6" testName="FormatToStringTest1000(1325.1625259114255d,&quot;1325.16 zł&quot;)" computerName="DESKTOP-5URQ9PB" duration="00:00:00.0000180" startTime="2022-06-13T21:13:14.3329610+02:00" endTime="2022-06-13T21:13:14.3329790+02:00" testType="13cdc9d9-ddb5-4fa4-a97d-d965ccfc6d4b" outcome="Passed" testListId="8c84fa94-04c1-424b-9868-57a2d4851a1d" relativeResultsDirectory="f82652e7-aaa0-4ccb-b57e-5868ee97fb45" />
    <UnitTestResult executionId="9b7ad039-9a2b-4bfc-851f-6138d0c60e24" testId="d3675fd4-77f8-268f-8735-9b5ad5bc915b" testName="FormatToStringTest1000(27027.327683509946d,&quot;27027.33 zł&quot;)" computerName="DESKTOP-5URQ9PB" duration="00:00:00.0000260" startTime="2022-06-13T21:13:14.3219281+02:00" endTime="2022-06-13T21:13:14.3219535+02:00" testType="13cdc9d9-ddb5-4fa4-a97d-d965ccfc6d4b" outcome="Passed" testListId="8c84fa94-04c1-424b-9868-57a2d4851a1d" relativeResultsDirectory="9b7ad039-9a2b-4bfc-851f-6138d0c60e24" />
    <UnitTestResult executionId="9277856d-aefb-494f-b1e7-26244878a792" testId="cee9a7d1-ec49-f6f1-a300-399ccd3bc1b7" testName="FormatToStringTest1000(66019.32414194118d,&quot;66019.32 zł&quot;)" computerName="DESKTOP-5URQ9PB" duration="00:00:00.0000210" startTime="2022-06-13T21:13:14.3160553+02:00" endTime="2022-06-13T21:13:14.3160763+02:00" testType="13cdc9d9-ddb5-4fa4-a97d-d965ccfc6d4b" outcome="Passed" testListId="8c84fa94-04c1-424b-9868-57a2d4851a1d" relativeResultsDirectory="9277856d-aefb-494f-b1e7-26244878a792" />
    <UnitTestResult executionId="1e992a1a-ce42-4704-ab89-fe5e3897d2b3" testId="4981a909-3e1a-e6df-4bdc-c1e8e4928845" testName="FormatToStringTest1000(33601.357302459124d,&quot;33601.36 zł&quot;)" computerName="DESKTOP-5URQ9PB" duration="00:00:00.0000200" startTime="2022-06-13T21:13:14.3406261+02:00" endTime="2022-06-13T21:13:14.3406457+02:00" testType="13cdc9d9-ddb5-4fa4-a97d-d965ccfc6d4b" outcome="Passed" testListId="8c84fa94-04c1-424b-9868-57a2d4851a1d" relativeResultsDirectory="1e992a1a-ce42-4704-ab89-fe5e3897d2b3" />
    <UnitTestResult executionId="c8b1a87a-329e-4924-9e42-4af539e35b5c" testId="333aaef5-a204-ff89-a246-bb5035b09f90" testName="FormatToStringTest1000(8013.1229931903645d,&quot;8013.12 zł&quot;)" computerName="DESKTOP-5URQ9PB" duration="00:00:00.0000200" startTime="2022-06-13T21:13:14.3390374+02:00" endTime="2022-06-13T21:13:14.3390569+02:00" testType="13cdc9d9-ddb5-4fa4-a97d-d965ccfc6d4b" outcome="Passed" testListId="8c84fa94-04c1-424b-9868-57a2d4851a1d" relativeResultsDirectory="c8b1a87a-329e-4924-9e42-4af539e35b5c" />
    <UnitTestResult executionId="c6a5b066-9344-4bc1-9d50-b97314050362" testId="29658493-3081-01dd-eb7c-6d0a97eef1f2" testName="FormatToStringTest1000(63427.55325689332d,&quot;63427.55 zł&quot;)" computerName="DESKTOP-5URQ9PB" duration="00:00:00.0000180" startTime="2022-06-13T21:13:14.3306752+02:00" endTime="2022-06-13T21:13:14.3306931+02:00" testType="13cdc9d9-ddb5-4fa4-a97d-d965ccfc6d4b" outcome="Passed" testListId="8c84fa94-04c1-424b-9868-57a2d4851a1d" relativeResultsDirectory="c6a5b066-9344-4bc1-9d50-b97314050362" />
    <UnitTestResult executionId="034f73c5-34a5-48b2-a9bc-5b2083e9c7c9" testId="1ae81526-c34e-30fb-a453-ec950aa3ef1c" testName="FormatToStringTest1000(12903.541202012237d,&quot;12903.54 zł&quot;)" computerName="DESKTOP-5URQ9PB" duration="00:00:00.0000190" startTime="2022-06-13T21:13:14.3245662+02:00" endTime="2022-06-13T21:13:14.3245849+02:00" testType="13cdc9d9-ddb5-4fa4-a97d-d965ccfc6d4b" outcome="Passed" testListId="8c84fa94-04c1-424b-9868-57a2d4851a1d" relativeResultsDirectory="034f73c5-34a5-48b2-a9bc-5b2083e9c7c9" />
    <UnitTestResult executionId="48bf461a-3c97-4c0a-83d8-c6f3aa2a39d7" testId="7265e4fd-f7ba-8572-e525-8b365c7360c6" testName="FormatToStringTest1000(21961.272673999552d,&quot;21961.27 zł&quot;)" computerName="DESKTOP-5URQ9PB" duration="00:00:00.0000349" startTime="2022-06-13T21:13:14.3176257+02:00" endTime="2022-06-13T21:13:14.3176605+02:00" testType="13cdc9d9-ddb5-4fa4-a97d-d965ccfc6d4b" outcome="Passed" testListId="8c84fa94-04c1-424b-9868-57a2d4851a1d" relativeResultsDirectory="48bf461a-3c97-4c0a-83d8-c6f3aa2a39d7" />
    <UnitTestResult executionId="a0e39bde-6a88-45e8-87cd-87d7cc7e5c7c" testId="0f966d17-36c6-657f-5b98-8b83226f1489" testName="FormatToStringTest1000(17875.613377604455d,&quot;17875.61 zł&quot;)" computerName="DESKTOP-5URQ9PB" duration="00:00:00.0000230" startTime="2022-06-13T21:13:14.3222337+02:00" endTime="2022-06-13T21:13:14.3222570+02:00" testType="13cdc9d9-ddb5-4fa4-a97d-d965ccfc6d4b" outcome="Passed" testListId="8c84fa94-04c1-424b-9868-57a2d4851a1d" relativeResultsDirectory="a0e39bde-6a88-45e8-87cd-87d7cc7e5c7c" />
    <UnitTestResult executionId="471ff775-f5d2-4efe-8cac-acb20b5b6ee4" testId="f2da4add-4324-6352-9afd-0fe37f754b21" testName="FormatToStringTest1000(57237.252356975456d,&quot;57237.25 zł&quot;)" computerName="DESKTOP-5URQ9PB" duration="00:00:00.0000180" startTime="2022-06-13T21:13:14.3408971+02:00" endTime="2022-06-13T21:13:14.3409148+02:00" testType="13cdc9d9-ddb5-4fa4-a97d-d965ccfc6d4b" outcome="Passed" testListId="8c84fa94-04c1-424b-9868-57a2d4851a1d" relativeResultsDirectory="471ff775-f5d2-4efe-8cac-acb20b5b6ee4" />
    <UnitTestResult executionId="d19742ec-3035-4490-a82a-4972dde51005" testId="dfaddf73-e2fe-692a-95cb-e0210649fd35" testName="FormatToStringTest1000(50991.22189691114d,&quot;50991.22 zł&quot;)" computerName="DESKTOP-5URQ9PB" duration="00:00:00.0000349" startTime="2022-06-13T21:13:14.3176723+02:00" endTime="2022-06-13T21:13:14.3177072+02:00" testType="13cdc9d9-ddb5-4fa4-a97d-d965ccfc6d4b" outcome="Passed" testListId="8c84fa94-04c1-424b-9868-57a2d4851a1d" relativeResultsDirectory="d19742ec-3035-4490-a82a-4972dde51005" />
    <UnitTestResult executionId="3db01e00-d5ce-4ba2-9630-c4c2844e01f6" testId="311588b6-1eda-5995-3667-7c2c732d3f34" testName="FormatToStringTest1000(12528.413830086782d,&quot;12528.41 zł&quot;)" computerName="DESKTOP-5URQ9PB" duration="00:00:00.0000660" startTime="2022-06-13T21:13:14.3292754+02:00" endTime="2022-06-13T21:13:14.3293396+02:00" testType="13cdc9d9-ddb5-4fa4-a97d-d965ccfc6d4b" outcome="Passed" testListId="8c84fa94-04c1-424b-9868-57a2d4851a1d" relativeResultsDirectory="3db01e00-d5ce-4ba2-9630-c4c2844e01f6" />
    <UnitTestResult executionId="ab13e300-1512-43e2-9946-b08fb8e438f1" testId="1fa0b0ac-82b7-821b-a6bd-11883f4b16c1" testName="FormatToStringTest1000(30034.922435005625d,&quot;30034.92 zł&quot;)" computerName="DESKTOP-5URQ9PB" duration="00:00:00.0000190" startTime="2022-06-13T21:13:14.3396837+02:00" endTime="2022-06-13T21:13:14.3397023+02:00" testType="13cdc9d9-ddb5-4fa4-a97d-d965ccfc6d4b" outcome="Passed" testListId="8c84fa94-04c1-424b-9868-57a2d4851a1d" relativeResultsDirectory="ab13e300-1512-43e2-9946-b08fb8e438f1" />
    <UnitTestResult executionId="2274ba00-e6b3-4b7c-af72-d26e2ced53eb" testId="bd91fcf5-5262-be00-7dbb-b8c3fec0f109" testName="FormatToStringTest1000(68507.83928906724d,&quot;68507.84 zł&quot;)" computerName="DESKTOP-5URQ9PB" duration="00:00:00.0000200" startTime="2022-06-13T21:13:14.3389625+02:00" endTime="2022-06-13T21:13:14.3389824+02:00" testType="13cdc9d9-ddb5-4fa4-a97d-d965ccfc6d4b" outcome="Passed" testListId="8c84fa94-04c1-424b-9868-57a2d4851a1d" relativeResultsDirectory="2274ba00-e6b3-4b7c-af72-d26e2ced53eb" />
    <UnitTestResult executionId="4da0dfc5-8909-4deb-9227-3912e7274e58" testId="1640b6a1-03c2-f3db-49e3-38921c8dee24" testName="FormatToStringTest1000(964.9678631783313d,&quot;964.97 zł&quot;)" computerName="DESKTOP-5URQ9PB" duration="00:00:00.0000190" startTime="2022-06-13T21:13:14.3244195+02:00" endTime="2022-06-13T21:13:14.3244383+02:00" testType="13cdc9d9-ddb5-4fa4-a97d-d965ccfc6d4b" outcome="Passed" testListId="8c84fa94-04c1-424b-9868-57a2d4851a1d" relativeResultsDirectory="4da0dfc5-8909-4deb-9227-3912e7274e58" />
    <UnitTestResult executionId="45c3b7cf-6cf5-4d51-bc0a-d88721ba3353" testId="4662df59-28c1-5a49-3a88-d0d7d9c3969d" testName="FormatToStringTest1000(87505.85936583664d,&quot;87505.86 zł&quot;)" computerName="DESKTOP-5URQ9PB" duration="00:00:00.0000180" startTime="2022-06-13T21:13:14.3301502+02:00" endTime="2022-06-13T21:13:14.3301683+02:00" testType="13cdc9d9-ddb5-4fa4-a97d-d965ccfc6d4b" outcome="Passed" testListId="8c84fa94-04c1-424b-9868-57a2d4851a1d" relativeResultsDirectory="45c3b7cf-6cf5-4d51-bc0a-d88721ba3353" />
    <UnitTestResult executionId="b7632953-5046-42e9-a1b2-54fdab62c551" testId="f5d3f3a5-bbac-e5c0-6089-8d38dd4249c8" testName="FormatToStringTest1000(11912.404131636213d,&quot;11912.40 zł&quot;)" computerName="DESKTOP-5URQ9PB" duration="00:00:00.0000280" startTime="2022-06-13T21:13:14.3184998+02:00" endTime="2022-06-13T21:13:14.3185279+02:00" testType="13cdc9d9-ddb5-4fa4-a97d-d965ccfc6d4b" outcome="Passed" testListId="8c84fa94-04c1-424b-9868-57a2d4851a1d" relativeResultsDirectory="b7632953-5046-42e9-a1b2-54fdab62c551" />
    <UnitTestResult executionId="4953b75d-f7df-4eb4-88db-6c0625cbdbb9" testId="1772b5c8-17fc-7339-7078-7951ac9723dd" testName="FormatToStringTest1000(6323.24079469882d,&quot;6323.24 zł&quot;)" computerName="DESKTOP-5URQ9PB" duration="00:00:00.0000180" startTime="2022-06-13T21:13:14.3239058+02:00" endTime="2022-06-13T21:13:14.3239237+02:00" testType="13cdc9d9-ddb5-4fa4-a97d-d965ccfc6d4b" outcome="Passed" testListId="8c84fa94-04c1-424b-9868-57a2d4851a1d" relativeResultsDirectory="4953b75d-f7df-4eb4-88db-6c0625cbdbb9" />
    <UnitTestResult executionId="c17c2e70-6514-4807-81bc-321d1fb6a20d" testId="f0159238-5dbe-94b2-dc06-cbfbca0e38a0" testName="FormatToStringTest1000(55010.474927814896d,&quot;55010.47 zł&quot;)" computerName="DESKTOP-5URQ9PB" duration="00:00:00.0000190" startTime="2022-06-13T21:13:14.3349461+02:00" endTime="2022-06-13T21:13:14.3349653+02:00" testType="13cdc9d9-ddb5-4fa4-a97d-d965ccfc6d4b" outcome="Passed" testListId="8c84fa94-04c1-424b-9868-57a2d4851a1d" relativeResultsDirectory="c17c2e70-6514-4807-81bc-321d1fb6a20d" />
    <UnitTestResult executionId="c7134d72-3b9d-4298-b571-1a6d9a8bccf9" testId="7d9a319c-0aa5-831a-d202-712bedb1b15a" testName="FormatToStringTest1000(39178.05988345298d,&quot;39178.06 zł&quot;)" computerName="DESKTOP-5URQ9PB" duration="00:00:00.0000370" startTime="2022-06-13T21:13:14.3175778+02:00" endTime="2022-06-13T21:13:14.3176139+02:00" testType="13cdc9d9-ddb5-4fa4-a97d-d965ccfc6d4b" outcome="Passed" testListId="8c84fa94-04c1-424b-9868-57a2d4851a1d" relativeResultsDirectory="c7134d72-3b9d-4298-b571-1a6d9a8bccf9" />
    <UnitTestResult executionId="3be4740c-0940-4796-bf46-36a28f3bafab" testId="f7f48920-cf43-fd74-5fcd-5b275d41553a" testName="FormatToStringTest1000(69864.17463991146d,&quot;69864.17 zł&quot;)" computerName="DESKTOP-5URQ9PB" duration="00:00:00.0000440" startTime="2022-06-13T21:13:14.3182276+02:00" endTime="2022-06-13T21:13:14.3182709+02:00" testType="13cdc9d9-ddb5-4fa4-a97d-d965ccfc6d4b" outcome="Passed" testListId="8c84fa94-04c1-424b-9868-57a2d4851a1d" relativeResultsDirectory="3be4740c-0940-4796-bf46-36a28f3bafab" />
    <UnitTestResult executionId="923e50ca-b6ef-463f-a89c-72523e41bf54" testId="6abd158c-e0bd-4354-9fac-ab6a832540d0" testName="FormatToStringTest1000(68770.73008707525d,&quot;68770.73 zł&quot;)" computerName="DESKTOP-5URQ9PB" duration="00:00:00.0000180" startTime="2022-06-13T21:13:14.3259308+02:00" endTime="2022-06-13T21:13:14.3259487+02:00" testType="13cdc9d9-ddb5-4fa4-a97d-d965ccfc6d4b" outcome="Passed" testListId="8c84fa94-04c1-424b-9868-57a2d4851a1d" relativeResultsDirectory="923e50ca-b6ef-463f-a89c-72523e41bf54" />
    <UnitTestResult executionId="631447ce-8af1-48ce-b0ed-a499a2c57399" testId="bebef051-0a10-725f-3ff5-e30e4f9dd420" testName="FormatToStringTest1000(39641.61351217451d,&quot;39641.61 zł&quot;)" computerName="DESKTOP-5URQ9PB" duration="00:00:00.0000190" startTime="2022-06-13T21:13:14.3297219+02:00" endTime="2022-06-13T21:13:14.3297405+02:00" testType="13cdc9d9-ddb5-4fa4-a97d-d965ccfc6d4b" outcome="Passed" testListId="8c84fa94-04c1-424b-9868-57a2d4851a1d" relativeResultsDirectory="631447ce-8af1-48ce-b0ed-a499a2c57399" />
    <UnitTestResult executionId="f7ebaec5-452a-4ff9-afce-5b49f00c9c1e" testId="853ab17c-1011-8c0b-9611-6a309f52ffd7" testName="FormatToStringTest1000(39146.892120180135d,&quot;39146.89 zł&quot;)" computerName="DESKTOP-5URQ9PB" duration="00:00:00.0000190" startTime="2022-06-13T21:13:14.3410915+02:00" endTime="2022-06-13T21:13:14.3411101+02:00" testType="13cdc9d9-ddb5-4fa4-a97d-d965ccfc6d4b" outcome="Passed" testListId="8c84fa94-04c1-424b-9868-57a2d4851a1d" relativeResultsDirectory="f7ebaec5-452a-4ff9-afce-5b49f00c9c1e" />
    <UnitTestResult executionId="54290bef-c6f6-41bb-bb36-dbc2c160dc29" testId="2035ba59-2ee2-badb-15b9-a8ffa8fcf57c" testName="FormatToStringTest1000(36893.66238331593d,&quot;36893.66 zł&quot;)" computerName="DESKTOP-5URQ9PB" duration="00:00:00.0000180" startTime="2022-06-13T21:13:14.3373811+02:00" endTime="2022-06-13T21:13:14.3373991+02:00" testType="13cdc9d9-ddb5-4fa4-a97d-d965ccfc6d4b" outcome="Passed" testListId="8c84fa94-04c1-424b-9868-57a2d4851a1d" relativeResultsDirectory="54290bef-c6f6-41bb-bb36-dbc2c160dc29" />
    <UnitTestResult executionId="5b523eac-1f18-44f4-9a74-36eb46c85d98" testId="8afbc81b-c940-0dce-6ef9-318ffda0f1ea" testName="FormatToStringTest1000(57564.498126061866d,&quot;57564.50 zł&quot;)" computerName="DESKTOP-5URQ9PB" duration="00:00:00.0000320" startTime="2022-06-13T21:13:14.3207382+02:00" endTime="2022-06-13T21:13:14.3207702+02:00" testType="13cdc9d9-ddb5-4fa4-a97d-d965ccfc6d4b" outcome="Passed" testListId="8c84fa94-04c1-424b-9868-57a2d4851a1d" relativeResultsDirectory="5b523eac-1f18-44f4-9a74-36eb46c85d98" />
    <UnitTestResult executionId="a1c6d930-208b-47e3-be12-d18841947da8" testId="5793f365-d163-be21-ca1f-4a66a13f32b3" testName="FormatToStringTest1000(60701.5177499319d,&quot;60701.52 zł&quot;)" computerName="DESKTOP-5URQ9PB" duration="00:00:00.0000190" startTime="2022-06-13T21:13:14.3338861+02:00" endTime="2022-06-13T21:13:14.3339046+02:00" testType="13cdc9d9-ddb5-4fa4-a97d-d965ccfc6d4b" outcome="Passed" testListId="8c84fa94-04c1-424b-9868-57a2d4851a1d" relativeResultsDirectory="a1c6d930-208b-47e3-be12-d18841947da8" />
    <UnitTestResult executionId="13de1651-9e99-45a2-a025-36df0e818aae" testId="af9ae316-c7c6-6ac6-11c1-298dd9b256df" testName="FormatToStringTest1000(62975.496334776515d,&quot;62975.50 zł&quot;)" computerName="DESKTOP-5URQ9PB" duration="00:00:00.0000349" startTime="2022-06-13T21:13:14.3181813+02:00" endTime="2022-06-13T21:13:14.3182161+02:00" testType="13cdc9d9-ddb5-4fa4-a97d-d965ccfc6d4b" outcome="Passed" testListId="8c84fa94-04c1-424b-9868-57a2d4851a1d" relativeResultsDirectory="13de1651-9e99-45a2-a025-36df0e818aae" />
    <UnitTestResult executionId="0d5cc07e-0af5-4443-8de7-9b3dfa9155ec" testId="9e567b4f-5898-461c-b4e9-b51ec60ad377" testName="FormatToStringTest1000(22743.19734205827d,&quot;22743.20 zł&quot;)" computerName="DESKTOP-5URQ9PB" duration="00:00:00.0000180" startTime="2022-06-13T21:13:14.3255446+02:00" endTime="2022-06-13T21:13:14.3255620+02:00" testType="13cdc9d9-ddb5-4fa4-a97d-d965ccfc6d4b" outcome="Passed" testListId="8c84fa94-04c1-424b-9868-57a2d4851a1d" relativeResultsDirectory="0d5cc07e-0af5-4443-8de7-9b3dfa9155ec" />
    <UnitTestResult executionId="c2fe5617-eb15-4193-bca4-f45db97a3af1" testId="82e7d70c-1a42-9215-0f5f-33fe3e6fa346" testName="FormatToStringTest1000(23174.85693288448d,&quot;23174.86 zł&quot;)" computerName="DESKTOP-5URQ9PB" duration="00:00:00.0000180" startTime="2022-06-13T21:13:14.3281249+02:00" endTime="2022-06-13T21:13:14.3281432+02:00" testType="13cdc9d9-ddb5-4fa4-a97d-d965ccfc6d4b" outcome="Passed" testListId="8c84fa94-04c1-424b-9868-57a2d4851a1d" relativeResultsDirectory="c2fe5617-eb15-4193-bca4-f45db97a3af1" />
    <UnitTestResult executionId="be9e1fe6-e1d9-447f-9418-46eae9617851" testId="84185e06-3828-77a5-d8c9-c2b462b8ff8c" testName="FormatToStringTest1000(2751.3751475258614d,&quot;2751.38 zł&quot;)" computerName="DESKTOP-5URQ9PB" duration="00:00:00.0000190" startTime="2022-06-13T21:13:14.3388362+02:00" endTime="2022-06-13T21:13:14.3388548+02:00" testType="13cdc9d9-ddb5-4fa4-a97d-d965ccfc6d4b" outcome="Passed" testListId="8c84fa94-04c1-424b-9868-57a2d4851a1d" relativeResultsDirectory="be9e1fe6-e1d9-447f-9418-46eae9617851" />
    <UnitTestResult executionId="af193db9-8db3-4e67-9c5e-ca43c0ff3816" testId="05be2e04-a7a4-ec81-8b2e-19e4e2cd04d0" testName="FormatToStringTest1000(18490.912787030877d,&quot;18490.91 zł&quot;)" computerName="DESKTOP-5URQ9PB" duration="00:00:00.0000200" startTime="2022-06-13T21:13:14.3358892+02:00" endTime="2022-06-13T21:13:14.3359087+02:00" testType="13cdc9d9-ddb5-4fa4-a97d-d965ccfc6d4b" outcome="Passed" testListId="8c84fa94-04c1-424b-9868-57a2d4851a1d" relativeResultsDirectory="af193db9-8db3-4e67-9c5e-ca43c0ff3816" />
    <UnitTestResult executionId="2d8bead8-c3f7-4b14-8fcf-801bd5152ad1" testId="2553ac6b-8c4b-c989-c2b1-742cbb8f417e" testName="FormatToStringTest1000(20249.56614074277d,&quot;20249.57 zł&quot;)" computerName="DESKTOP-5URQ9PB" duration="00:00:00.0000330" startTime="2022-06-13T21:13:14.3205196+02:00" endTime="2022-06-13T21:13:14.3205525+02:00" testType="13cdc9d9-ddb5-4fa4-a97d-d965ccfc6d4b" outcome="Passed" testListId="8c84fa94-04c1-424b-9868-57a2d4851a1d" relativeResultsDirectory="2d8bead8-c3f7-4b14-8fcf-801bd5152ad1" />
    <UnitTestResult executionId="dc801525-22cd-4142-8aba-d7a8b443cf19" testId="d45e0a24-dbfe-46a9-68b0-8da0a6094838" testName="FormatToStringTest1000(20321.03715103913d,&quot;20321.04 zł&quot;)" computerName="DESKTOP-5URQ9PB" duration="00:00:00.0000180" startTime="2022-06-13T21:13:14.3265149+02:00" endTime="2022-06-13T21:13:14.3265326+02:00" testType="13cdc9d9-ddb5-4fa4-a97d-d965ccfc6d4b" outcome="Passed" testListId="8c84fa94-04c1-424b-9868-57a2d4851a1d" relativeResultsDirectory="dc801525-22cd-4142-8aba-d7a8b443cf19" />
    <UnitTestResult executionId="3215aabe-1f8d-415d-a57e-43e9ce3597d2" testId="5eb51ac6-bd9f-5d8a-8a44-d83118d83beb" testName="FormatToStringTest1000(11175.438820935526d,&quot;11175.44 zł&quot;)" computerName="DESKTOP-5URQ9PB" duration="00:00:00.0000180" startTime="2022-06-13T21:13:14.3224820+02:00" endTime="2022-06-13T21:13:14.3225001+02:00" testType="13cdc9d9-ddb5-4fa4-a97d-d965ccfc6d4b" outcome="Passed" testListId="8c84fa94-04c1-424b-9868-57a2d4851a1d" relativeResultsDirectory="3215aabe-1f8d-415d-a57e-43e9ce3597d2" />
    <UnitTestResult executionId="3ca748a1-44d5-4b83-a65f-b3bf0ebf900b" testId="c57a980e-ffcc-5e16-6a31-18fd8b909caa" testName="FormatToStringTest1000(50664.01951024869d,&quot;50664.02 zł&quot;)" computerName="DESKTOP-5URQ9PB" duration="00:00:00.0000180" startTime="2022-06-13T21:13:14.3337100+02:00" endTime="2022-06-13T21:13:14.3337282+02:00" testType="13cdc9d9-ddb5-4fa4-a97d-d965ccfc6d4b" outcome="Passed" testListId="8c84fa94-04c1-424b-9868-57a2d4851a1d" relativeResultsDirectory="3ca748a1-44d5-4b83-a65f-b3bf0ebf900b" />
    <UnitTestResult executionId="bad5d0c4-865e-429a-afd9-592c9355c545" testId="7e45dd7d-e48e-5c57-3fb0-37befdf85fdc" testName="FormatToStringTest1000(8492.904747505161d,&quot;8492.90 zł&quot;)" computerName="DESKTOP-5URQ9PB" duration="00:00:00.0000180" startTime="2022-06-13T21:13:14.3359890+02:00" endTime="2022-06-13T21:13:14.3360066+02:00" testType="13cdc9d9-ddb5-4fa4-a97d-d965ccfc6d4b" outcome="Passed" testListId="8c84fa94-04c1-424b-9868-57a2d4851a1d" relativeResultsDirectory="bad5d0c4-865e-429a-afd9-592c9355c545" />
    <UnitTestResult executionId="3aed2139-9ae0-44b0-ada9-89b04ac55e4e" testId="deeaa6b3-3ff5-0109-60b8-733b4bfcf2d5" testName="FormatToStringTest1000(4669.392596858271d,&quot;4669.39 zł&quot;)" computerName="DESKTOP-5URQ9PB" duration="00:00:00.0000190" startTime="2022-06-13T21:13:14.3234135+02:00" endTime="2022-06-13T21:13:14.3234322+02:00" testType="13cdc9d9-ddb5-4fa4-a97d-d965ccfc6d4b" outcome="Passed" testListId="8c84fa94-04c1-424b-9868-57a2d4851a1d" relativeResultsDirectory="3aed2139-9ae0-44b0-ada9-89b04ac55e4e" />
    <UnitTestResult executionId="e3b6a6df-2721-4915-a7ce-b0da81f452a3" testId="979c090f-8c86-d264-67f3-13520744166b" testName="FormatToStringTest1000(30138.55109863102d,&quot;30138.55 zł&quot;)" computerName="DESKTOP-5URQ9PB" duration="00:00:00.0000190" startTime="2022-06-13T21:13:14.3335610+02:00" endTime="2022-06-13T21:13:14.3335796+02:00" testType="13cdc9d9-ddb5-4fa4-a97d-d965ccfc6d4b" outcome="Passed" testListId="8c84fa94-04c1-424b-9868-57a2d4851a1d" relativeResultsDirectory="e3b6a6df-2721-4915-a7ce-b0da81f452a3" />
    <UnitTestResult executionId="15a72793-c0e3-4614-8eae-c3814a458a83" testId="43e0f701-5f55-5e32-84f3-972dc14c0c0b" testName="FormatToStringTest1000(15414.175096961751d,&quot;15414.18 zł&quot;)" computerName="DESKTOP-5URQ9PB" duration="00:00:00.0000290" startTime="2022-06-13T21:13:14.3187254+02:00" endTime="2022-06-13T21:13:14.3187539+02:00" testType="13cdc9d9-ddb5-4fa4-a97d-d965ccfc6d4b" outcome="Passed" testListId="8c84fa94-04c1-424b-9868-57a2d4851a1d" relativeResultsDirectory="15a72793-c0e3-4614-8eae-c3814a458a83" />
    <UnitTestResult executionId="87b191b1-0290-4d25-9fd2-37241ea08400" testId="5fa0a4c4-15f2-a193-6e7e-18d36636da1f" testName="FormatToStringTest1000(38845.74924104323d,&quot;38845.75 zł&quot;)" computerName="DESKTOP-5URQ9PB" duration="00:00:00.0000180" startTime="2022-06-13T21:13:14.3389885+02:00" endTime="2022-06-13T21:13:14.3390066+02:00" testType="13cdc9d9-ddb5-4fa4-a97d-d965ccfc6d4b" outcome="Passed" testListId="8c84fa94-04c1-424b-9868-57a2d4851a1d" relativeResultsDirectory="87b191b1-0290-4d25-9fd2-37241ea08400" />
    <UnitTestResult executionId="2ed30599-5639-44a2-a972-b31f4cd77c4b" testId="c02eb5c0-31bb-eec0-3d85-1a1ef8849db8" testName="FormatToStringTest1000(37954.34384365396d,&quot;37954.34 zł&quot;)" computerName="DESKTOP-5URQ9PB" duration="00:00:00.0000190" startTime="2022-06-13T21:13:14.3378029+02:00" endTime="2022-06-13T21:13:14.3378217+02:00" testType="13cdc9d9-ddb5-4fa4-a97d-d965ccfc6d4b" outcome="Passed" testListId="8c84fa94-04c1-424b-9868-57a2d4851a1d" relativeResultsDirectory="2ed30599-5639-44a2-a972-b31f4cd77c4b" />
    <UnitTestResult executionId="28dff9e3-bba6-4799-866d-33f8a790fb84" testId="4ae6f156-51db-bc15-8975-b99fe55a99a8" testName="FormatToStringTest1000(47393.54939526671d,&quot;47393.55 zł&quot;)" computerName="DESKTOP-5URQ9PB" duration="00:00:00.0000180" startTime="2022-06-13T21:13:14.3275361+02:00" endTime="2022-06-13T21:13:14.3275542+02:00" testType="13cdc9d9-ddb5-4fa4-a97d-d965ccfc6d4b" outcome="Passed" testListId="8c84fa94-04c1-424b-9868-57a2d4851a1d" relativeResultsDirectory="28dff9e3-bba6-4799-866d-33f8a790fb84" />
    <UnitTestResult executionId="b737399b-571c-4ae7-9414-72fc96f0b717" testId="67cd7cf5-f472-f19a-a725-58400de88452" testName="FormatToStringTest1000(1994.0983933439006d,&quot;1994.10 zł&quot;)" computerName="DESKTOP-5URQ9PB" duration="00:00:00.0000190" startTime="2022-06-13T21:13:14.3406014+02:00" endTime="2022-06-13T21:13:14.3406200+02:00" testType="13cdc9d9-ddb5-4fa4-a97d-d965ccfc6d4b" outcome="Passed" testListId="8c84fa94-04c1-424b-9868-57a2d4851a1d" relativeResultsDirectory="b737399b-571c-4ae7-9414-72fc96f0b717" />
    <UnitTestResult executionId="8d348950-953b-4a81-bb7a-5e0775494988" testId="774aeb04-879b-a97c-c411-6c8ce34f4ab0" testName="FormatToStringTest1000(1751.1734380625066d,&quot;1751.17 zł&quot;)" computerName="DESKTOP-5URQ9PB" duration="00:00:00.0000190" startTime="2022-06-13T21:13:14.3360624+02:00" endTime="2022-06-13T21:13:14.3360809+02:00" testType="13cdc9d9-ddb5-4fa4-a97d-d965ccfc6d4b" outcome="Passed" testListId="8c84fa94-04c1-424b-9868-57a2d4851a1d" relativeResultsDirectory="8d348950-953b-4a81-bb7a-5e0775494988" />
    <UnitTestResult executionId="33d84a5e-8422-4255-83c4-188df7a0fcac" testId="b1d26b6f-e2ab-c7af-55d4-4d9f04f43eca" testName="FormatToStringTest1000(49416.285282306504d,&quot;49416.29 zł&quot;)" computerName="DESKTOP-5URQ9PB" duration="00:00:00.0000180" startTime="2022-06-13T21:13:14.3382838+02:00" endTime="2022-06-13T21:13:14.3383018+02:00" testType="13cdc9d9-ddb5-4fa4-a97d-d965ccfc6d4b" outcome="Passed" testListId="8c84fa94-04c1-424b-9868-57a2d4851a1d" relativeResultsDirectory="33d84a5e-8422-4255-83c4-188df7a0fcac" />
    <UnitTestResult executionId="69ed90db-936e-4e9c-a4d5-4cdb106fd07a" testId="9db1e6a2-c9ab-3468-9419-59249149bc04" testName="FormatToStringTest1000(6710.131197082871d,&quot;6710.13 zł&quot;)" computerName="DESKTOP-5URQ9PB" duration="00:00:00.0000190" startTime="2022-06-13T21:13:14.3404526+02:00" endTime="2022-06-13T21:13:14.3404715+02:00" testType="13cdc9d9-ddb5-4fa4-a97d-d965ccfc6d4b" outcome="Passed" testListId="8c84fa94-04c1-424b-9868-57a2d4851a1d" relativeResultsDirectory="69ed90db-936e-4e9c-a4d5-4cdb106fd07a" />
    <UnitTestResult executionId="c1f486aa-ed14-4215-a7f3-ef295bf419e1" testId="0bb6c333-e41f-4877-c81e-d24ff9ead53d" testName="FormatToStringTest1000(60299.23738666309d,&quot;60299.24 zł&quot;)" computerName="DESKTOP-5URQ9PB" duration="00:00:00.0000180" startTime="2022-06-13T21:13:14.3296731+02:00" endTime="2022-06-13T21:13:14.3296909+02:00" testType="13cdc9d9-ddb5-4fa4-a97d-d965ccfc6d4b" outcome="Passed" testListId="8c84fa94-04c1-424b-9868-57a2d4851a1d" relativeResultsDirectory="c1f486aa-ed14-4215-a7f3-ef295bf419e1" />
    <UnitTestResult executionId="265c5e4c-7c17-48ea-aed9-eb658e6a3103" testId="837f3b30-3aeb-50a8-d532-f419df9834ba" testName="FormatToStringTest1000(31622.81414407809d,&quot;31622.81 zł&quot;)" computerName="DESKTOP-5URQ9PB" duration="00:00:00.0000190" startTime="2022-06-13T21:13:14.3404276+02:00" endTime="2022-06-13T21:13:14.3404463+02:00" testType="13cdc9d9-ddb5-4fa4-a97d-d965ccfc6d4b" outcome="Passed" testListId="8c84fa94-04c1-424b-9868-57a2d4851a1d" relativeResultsDirectory="265c5e4c-7c17-48ea-aed9-eb658e6a3103" />
    <UnitTestResult executionId="a2ffa44a-c14f-4471-9a2e-33bac2060c56" testId="6c111a58-0dcb-5d69-cab0-6f7362899525" testName="FormatToStringTest1000(9517.514896326473d,&quot;9517.51 zł&quot;)" computerName="DESKTOP-5URQ9PB" duration="00:00:00.0000190" startTime="2022-06-13T21:13:14.3330339+02:00" endTime="2022-06-13T21:13:14.3330526+02:00" testType="13cdc9d9-ddb5-4fa4-a97d-d965ccfc6d4b" outcome="Passed" testListId="8c84fa94-04c1-424b-9868-57a2d4851a1d" relativeResultsDirectory="a2ffa44a-c14f-4471-9a2e-33bac2060c56" />
    <UnitTestResult executionId="cea8db34-8d52-44a8-b662-e10c08b2132d" testId="1440a184-8a0a-3d08-19bf-ac2d32351c96" testName="FormatToStringTest1000(5108.217389855635d,&quot;5108.22 zł&quot;)" computerName="DESKTOP-5URQ9PB" duration="00:00:00.0000180" startTime="2022-06-13T21:13:14.3261712+02:00" endTime="2022-06-13T21:13:14.3261887+02:00" testType="13cdc9d9-ddb5-4fa4-a97d-d965ccfc6d4b" outcome="Passed" testListId="8c84fa94-04c1-424b-9868-57a2d4851a1d" relativeResultsDirectory="cea8db34-8d52-44a8-b662-e10c08b2132d" />
    <UnitTestResult executionId="27990b51-d477-419b-abe9-1ca3285551a7" testId="6a41f5f3-49f1-a289-ed1a-edcf9c86dd3e" testName="FormatToStringTest1000(95353.10327693219d,&quot;95353.10 zł&quot;)" computerName="DESKTOP-5URQ9PB" duration="00:00:00.0000200" startTime="2022-06-13T21:13:14.3220356+02:00" endTime="2022-06-13T21:13:14.3220550+02:00" testType="13cdc9d9-ddb5-4fa4-a97d-d965ccfc6d4b" outcome="Passed" testListId="8c84fa94-04c1-424b-9868-57a2d4851a1d" relativeResultsDirectory="27990b51-d477-419b-abe9-1ca3285551a7" />
    <UnitTestResult executionId="b7e3faa4-eb62-4dba-813b-afdbc3c5d311" testId="0a21bad2-cce1-7c33-3af3-a6f4c4389e98" testName="FormatToStringTest1000(79339.95632144621d,&quot;79339.96 zł&quot;)" computerName="DESKTOP-5URQ9PB" duration="00:00:00.0000190" startTime="2022-06-13T21:13:14.3415735+02:00" endTime="2022-06-13T21:13:14.3415921+02:00" testType="13cdc9d9-ddb5-4fa4-a97d-d965ccfc6d4b" outcome="Passed" testListId="8c84fa94-04c1-424b-9868-57a2d4851a1d" relativeResultsDirectory="b7e3faa4-eb62-4dba-813b-afdbc3c5d311" />
    <UnitTestResult executionId="5f877a56-9e50-4d4b-b297-a9970645cc27" testId="5ec8d008-0362-0f87-55a5-ff4397c5ceeb" testName="FormatToStringTest1000(7370.518277515898d,&quot;7370.52 zł&quot;)" computerName="DESKTOP-5URQ9PB" duration="00:00:00.0000180" startTime="2022-06-13T21:13:14.3249523+02:00" endTime="2022-06-13T21:13:14.3249701+02:00" testType="13cdc9d9-ddb5-4fa4-a97d-d965ccfc6d4b" outcome="Passed" testListId="8c84fa94-04c1-424b-9868-57a2d4851a1d" relativeResultsDirectory="5f877a56-9e50-4d4b-b297-a9970645cc27" />
    <UnitTestResult executionId="717fd43e-35da-41be-afbe-539adbba9c60" testId="81df71bb-e962-4121-4d15-80e255b37b1f" testName="FormatToStringTest1000(13745.115971449817d,&quot;13745.12 zł&quot;)" computerName="DESKTOP-5URQ9PB" duration="00:00:00.0000190" startTime="2022-06-13T21:13:14.3220113+02:00" endTime="2022-06-13T21:13:14.3220296+02:00" testType="13cdc9d9-ddb5-4fa4-a97d-d965ccfc6d4b" outcome="Passed" testListId="8c84fa94-04c1-424b-9868-57a2d4851a1d" relativeResultsDirectory="717fd43e-35da-41be-afbe-539adbba9c60" />
    <UnitTestResult executionId="eb502b83-5ffa-414d-bbac-71ff7119c56a" testId="3303c520-a64a-555f-afb5-ac27a0847525" testName="FormatToStringTest1000(17315.72309779363d,&quot;17315.72 zł&quot;)" computerName="DESKTOP-5URQ9PB" duration="00:00:00.0000180" startTime="2022-06-13T21:13:14.3258342+02:00" endTime="2022-06-13T21:13:14.3258518+02:00" testType="13cdc9d9-ddb5-4fa4-a97d-d965ccfc6d4b" outcome="Passed" testListId="8c84fa94-04c1-424b-9868-57a2d4851a1d" relativeResultsDirectory="eb502b83-5ffa-414d-bbac-71ff7119c56a" />
    <UnitTestResult executionId="0d24db37-9d16-46f4-a094-fe6ca173fd30" testId="bc3f5322-761c-1784-32c8-0807bc806b0a" testName="FormatToStringTest1000(4652.407073443945d,&quot;4652.41 zł&quot;)" computerName="DESKTOP-5URQ9PB" duration="00:00:00.0000190" startTime="2022-06-13T21:13:14.3286685+02:00" endTime="2022-06-13T21:13:14.3286873+02:00" testType="13cdc9d9-ddb5-4fa4-a97d-d965ccfc6d4b" outcome="Passed" testListId="8c84fa94-04c1-424b-9868-57a2d4851a1d" relativeResultsDirectory="0d24db37-9d16-46f4-a094-fe6ca173fd30" />
    <UnitTestResult executionId="cdf79605-f54f-4240-a88d-7081bf46475f" testId="19b8d5ef-b980-1d42-3f3f-c869dee34ac6" testName="FormatToStringTest1000(73301.91270130403d,&quot;73301.91 zł&quot;)" computerName="DESKTOP-5URQ9PB" duration="00:00:00.0000190" startTime="2022-06-13T21:13:14.3374295+02:00" endTime="2022-06-13T21:13:14.3374482+02:00" testType="13cdc9d9-ddb5-4fa4-a97d-d965ccfc6d4b" outcome="Passed" testListId="8c84fa94-04c1-424b-9868-57a2d4851a1d" relativeResultsDirectory="cdf79605-f54f-4240-a88d-7081bf46475f" />
    <UnitTestResult executionId="1cd37f03-8b03-4de0-a32b-d24180a7878b" testId="0abb1a8e-0900-a5c7-bfcc-230b4aaefe42" testName="FormatToStringTest1000(6838.422316571894d,&quot;6838.42 zł&quot;)" computerName="DESKTOP-5URQ9PB" duration="00:00:00.0000340" startTime="2022-06-13T21:13:14.3217568+02:00" endTime="2022-06-13T21:13:14.3217903+02:00" testType="13cdc9d9-ddb5-4fa4-a97d-d965ccfc6d4b" outcome="Passed" testListId="8c84fa94-04c1-424b-9868-57a2d4851a1d" relativeResultsDirectory="1cd37f03-8b03-4de0-a32b-d24180a7878b" />
    <UnitTestResult executionId="3ab0924c-61a3-40e9-b9fc-dad957cb4b62" testId="4860ad68-0544-30ce-66fd-690992dae18e" testName="FormatToStringTest1000(49256.65708813195d,&quot;49256.66 zł&quot;)" computerName="DESKTOP-5URQ9PB" duration="00:00:00.0000190" startTime="2022-06-13T21:13:14.3345196+02:00" endTime="2022-06-13T21:13:14.3345384+02:00" testType="13cdc9d9-ddb5-4fa4-a97d-d965ccfc6d4b" outcome="Passed" testListId="8c84fa94-04c1-424b-9868-57a2d4851a1d" relativeResultsDirectory="3ab0924c-61a3-40e9-b9fc-dad957cb4b62" />
    <UnitTestResult executionId="90e8e19e-3a58-46c4-9018-fc185f3373bf" testId="0718464f-7428-3c2c-d7c1-1af84b0bb5ee" testName="FormatToStringTest1000(4030.673117592313d,&quot;4030.67 zł&quot;)" computerName="DESKTOP-5URQ9PB" duration="00:00:00.0000180" startTime="2022-06-13T21:13:14.3256655+02:00" endTime="2022-06-13T21:13:14.3256837+02:00" testType="13cdc9d9-ddb5-4fa4-a97d-d965ccfc6d4b" outcome="Passed" testListId="8c84fa94-04c1-424b-9868-57a2d4851a1d" relativeResultsDirectory="90e8e19e-3a58-46c4-9018-fc185f3373bf" />
    <UnitTestResult executionId="74839aa3-fef8-44d5-8c35-61f8b2f0a402" testId="a3e3ac67-b44c-d535-60e6-335f6ba0310c" testName="FormatToStringTest1000(7891.960478953067d,&quot;7891.96 zł&quot;)" computerName="DESKTOP-5URQ9PB" duration="00:00:00.0000190" startTime="2022-06-13T21:13:14.3274871+02:00" endTime="2022-06-13T21:13:14.3275059+02:00" testType="13cdc9d9-ddb5-4fa4-a97d-d965ccfc6d4b" outcome="Passed" testListId="8c84fa94-04c1-424b-9868-57a2d4851a1d" relativeResultsDirectory="74839aa3-fef8-44d5-8c35-61f8b2f0a402" />
    <UnitTestResult executionId="561e63f1-6c6b-4ac3-be73-f35b527a2cd7" testId="47ec5c64-268b-824f-d637-17f43470b17c" testName="FormatToStringTest1000(12283.48626129026d,&quot;12283.49 zł&quot;)" computerName="DESKTOP-5URQ9PB" duration="00:00:00.0000180" startTime="2022-06-13T21:13:14.3263207+02:00" endTime="2022-06-13T21:13:14.3263390+02:00" testType="13cdc9d9-ddb5-4fa4-a97d-d965ccfc6d4b" outcome="Passed" testListId="8c84fa94-04c1-424b-9868-57a2d4851a1d" relativeResultsDirectory="561e63f1-6c6b-4ac3-be73-f35b527a2cd7" />
    <UnitTestResult executionId="ad047d18-2fcc-4774-8cc8-87a91bd98bff" testId="03ea9dd2-de50-ef82-5a92-98d7b2ff607a" testName="FormatToStringTest1000(19352.183340702755d,&quot;19352.18 zł&quot;)" computerName="DESKTOP-5URQ9PB" duration="00:00:00.0000340" startTime="2022-06-13T21:13:14.3210878+02:00" endTime="2022-06-13T21:13:14.3211217+02:00" testType="13cdc9d9-ddb5-4fa4-a97d-d965ccfc6d4b" outcome="Passed" testListId="8c84fa94-04c1-424b-9868-57a2d4851a1d" relativeResultsDirectory="ad047d18-2fcc-4774-8cc8-87a91bd98bff" />
    <UnitTestResult executionId="200c983f-ba3e-4a2b-9fc5-d367bff9eb34" testId="de7a0ae7-aa58-be18-206b-2d44f2e86ead" testName="FormatToStringTest1000(20552.966022956633d,&quot;20552.97 zł&quot;)" computerName="DESKTOP-5URQ9PB" duration="00:00:00.0000180" startTime="2022-06-13T21:13:14.3320386+02:00" endTime="2022-06-13T21:13:14.3320568+02:00" testType="13cdc9d9-ddb5-4fa4-a97d-d965ccfc6d4b" outcome="Passed" testListId="8c84fa94-04c1-424b-9868-57a2d4851a1d" relativeResultsDirectory="200c983f-ba3e-4a2b-9fc5-d367bff9eb34" />
    <UnitTestResult executionId="1059f2e4-3f94-4048-b148-238fac54d44d" testId="f995d454-4ebf-d775-1609-24b3016af07c" testName="FormatToStringTest1000(7348.947429818543d,&quot;7348.95 zł&quot;)" computerName="DESKTOP-5URQ9PB" duration="00:00:00.0000190" startTime="2022-06-13T21:13:14.3241722+02:00" endTime="2022-06-13T21:13:14.3241909+02:00" testType="13cdc9d9-ddb5-4fa4-a97d-d965ccfc6d4b" outcome="Passed" testListId="8c84fa94-04c1-424b-9868-57a2d4851a1d" relativeResultsDirectory="1059f2e4-3f94-4048-b148-238fac54d44d" />
    <UnitTestResult executionId="2650c5f4-1bad-4b00-9fad-b1ffff64c0ac" testId="a1148d07-bacb-7b60-5bda-bc014fb00c20" testName="FormatToStringTest1000(66541.05112730109d,&quot;66541.05 zł&quot;)" computerName="DESKTOP-5URQ9PB" duration="00:00:00.0000190" startTime="2022-06-13T21:13:14.3419691+02:00" endTime="2022-06-13T21:13:14.3419875+02:00" testType="13cdc9d9-ddb5-4fa4-a97d-d965ccfc6d4b" outcome="Passed" testListId="8c84fa94-04c1-424b-9868-57a2d4851a1d" relativeResultsDirectory="2650c5f4-1bad-4b00-9fad-b1ffff64c0ac" />
    <UnitTestResult executionId="1aca2b3b-5554-4ec4-ac4c-72210a691fa9" testId="ecefef35-6686-837e-5061-bcb9badf51b3" testName="FormatToStringTest1000(20344.185360967265d,&quot;20344.19 zł&quot;)" computerName="DESKTOP-5URQ9PB" duration="00:00:00.0000190" startTime="2022-06-13T21:13:14.3361606+02:00" endTime="2022-06-13T21:13:14.3361792+02:00" testType="13cdc9d9-ddb5-4fa4-a97d-d965ccfc6d4b" outcome="Passed" testListId="8c84fa94-04c1-424b-9868-57a2d4851a1d" relativeResultsDirectory="1aca2b3b-5554-4ec4-ac4c-72210a691fa9" />
    <UnitTestResult executionId="a6e97c61-f825-4826-bac6-c05ff19b7eb4" testId="c989053d-c573-450d-6001-a75cbe93e089" testName="FormatToStringTest1000(14920.620598662934d,&quot;14920.62 zł&quot;)" computerName="DESKTOP-5URQ9PB" duration="00:00:00.0000180" startTime="2022-06-13T21:13:14.3226517+02:00" endTime="2022-06-13T21:13:14.3226695+02:00" testType="13cdc9d9-ddb5-4fa4-a97d-d965ccfc6d4b" outcome="Passed" testListId="8c84fa94-04c1-424b-9868-57a2d4851a1d" relativeResultsDirectory="a6e97c61-f825-4826-bac6-c05ff19b7eb4" />
    <UnitTestResult executionId="8c42b6d8-5855-4473-8a90-839bc66ebbeb" testId="4cc9a860-8c52-40a5-a7c1-0a80270c71a6" testName="FormatToStringTest1000(54275.73209373408d,&quot;54275.73 zł&quot;)" computerName="DESKTOP-5URQ9PB" duration="00:00:00.0000190" startTime="2022-06-13T21:13:14.3386607+02:00" endTime="2022-06-13T21:13:14.3386791+02:00" testType="13cdc9d9-ddb5-4fa4-a97d-d965ccfc6d4b" outcome="Passed" testListId="8c84fa94-04c1-424b-9868-57a2d4851a1d" relativeResultsDirectory="8c42b6d8-5855-4473-8a90-839bc66ebbeb" />
    <UnitTestResult executionId="2e343b79-e45d-467b-a207-cccc1c43458d" testId="2ae061eb-7306-c193-04ca-269456b3b20b" testName="FormatToStringTest1000(12871.381729632794d,&quot;12871.38 zł&quot;)" computerName="DESKTOP-5URQ9PB" duration="00:00:00.0000180" startTime="2022-06-13T21:13:14.3232936+02:00" endTime="2022-06-13T21:13:14.3233119+02:00" testType="13cdc9d9-ddb5-4fa4-a97d-d965ccfc6d4b" outcome="Passed" testListId="8c84fa94-04c1-424b-9868-57a2d4851a1d" relativeResultsDirectory="2e343b79-e45d-467b-a207-cccc1c43458d" />
    <UnitTestResult executionId="6320f2a0-1db4-44db-b83b-ea199e39001a" testId="7ba81b36-e120-9974-bbd1-63dae796d45c" testName="FormatToStringTest1000(40035.54711080787d,&quot;40035.55 zł&quot;)" computerName="DESKTOP-5URQ9PB" duration="00:00:00.0000180" startTime="2022-06-13T21:13:14.3233894+02:00" endTime="2022-06-13T21:13:14.3234074+02:00" testType="13cdc9d9-ddb5-4fa4-a97d-d965ccfc6d4b" outcome="Passed" testListId="8c84fa94-04c1-424b-9868-57a2d4851a1d" relativeResultsDirectory="6320f2a0-1db4-44db-b83b-ea199e39001a" />
    <UnitTestResult executionId="bf3f6979-be4b-4fbc-b1fd-723fd47ec918" testId="cd1fce0e-40f1-2613-4ea2-fe4efaae7320" testName="FormatToStringTest1000(16030.852371789913d,&quot;16030.85 zł&quot;)" computerName="DESKTOP-5URQ9PB" duration="00:00:00.0000250" startTime="2022-06-13T21:13:14.3193990+02:00" endTime="2022-06-13T21:13:14.3194236+02:00" testType="13cdc9d9-ddb5-4fa4-a97d-d965ccfc6d4b" outcome="Passed" testListId="8c84fa94-04c1-424b-9868-57a2d4851a1d" relativeResultsDirectory="bf3f6979-be4b-4fbc-b1fd-723fd47ec918" />
    <UnitTestResult executionId="01319bff-c21e-406a-84d0-58ebb020cd4c" testId="b4887e38-5397-4610-6733-1d86030ec9ea" testName="FormatToStringTest1000(24566.50251371856d,&quot;24566.50 zł&quot;)" computerName="DESKTOP-5URQ9PB" duration="00:00:00.0000180" startTime="2022-06-13T21:13:14.3307723+02:00" endTime="2022-06-13T21:13:14.3307905+02:00" testType="13cdc9d9-ddb5-4fa4-a97d-d965ccfc6d4b" outcome="Passed" testListId="8c84fa94-04c1-424b-9868-57a2d4851a1d" relativeResultsDirectory="01319bff-c21e-406a-84d0-58ebb020cd4c" />
    <UnitTestResult executionId="02c6ffa1-166e-4b37-a541-b7d25f7e8b4a" testId="56b49f4b-49b4-988e-f563-d6c88928143d" testName="FormatToStringTest1000(78519.41691976106d,&quot;78519.42 zł&quot;)" computerName="DESKTOP-5URQ9PB" duration="00:00:00.0000190" startTime="2022-06-13T21:13:14.3344189+02:00" endTime="2022-06-13T21:13:14.3344379+02:00" testType="13cdc9d9-ddb5-4fa4-a97d-d965ccfc6d4b" outcome="Passed" testListId="8c84fa94-04c1-424b-9868-57a2d4851a1d" relativeResultsDirectory="02c6ffa1-166e-4b37-a541-b7d25f7e8b4a" />
    <UnitTestResult executionId="04c0689d-4f9a-42d3-a40c-6e40a5d28681" testId="71678dc5-b379-afbc-5607-17cbf413146c" testName="FormatToStringTest1000(37.631227987646696d,&quot;37.63 zł&quot;)" computerName="DESKTOP-5URQ9PB" duration="00:00:00.0000180" startTime="2022-06-13T21:13:14.3393652+02:00" endTime="2022-06-13T21:13:14.3393830+02:00" testType="13cdc9d9-ddb5-4fa4-a97d-d965ccfc6d4b" outcome="Passed" testListId="8c84fa94-04c1-424b-9868-57a2d4851a1d" relativeResultsDirectory="04c0689d-4f9a-42d3-a40c-6e40a5d28681" />
    <UnitTestResult executionId="26c743e2-2bca-47eb-9498-a3207a353847" testId="0229b587-f980-d1c2-d94e-8ed98bc221a6" testName="FormatToStringTest1000(10775.728533390784d,&quot;10775.73 zł&quot;)" computerName="DESKTOP-5URQ9PB" duration="00:00:00.0000200" startTime="2022-06-13T21:13:14.3291077+02:00" endTime="2022-06-13T21:13:14.3291274+02:00" testType="13cdc9d9-ddb5-4fa4-a97d-d965ccfc6d4b" outcome="Passed" testListId="8c84fa94-04c1-424b-9868-57a2d4851a1d" relativeResultsDirectory="26c743e2-2bca-47eb-9498-a3207a353847" />
    <UnitTestResult executionId="6ac5aa01-ea9e-453c-a35d-5859c216e8cf" testId="9fc60cd8-d419-6ed6-ac2e-164788256e59" testName="FormatToStringTest1000(15600.245951180927d,&quot;15600.25 zł&quot;)" computerName="DESKTOP-5URQ9PB" duration="00:00:00.0000190" startTime="2022-06-13T21:13:14.3290099+02:00" endTime="2022-06-13T21:13:14.3290287+02:00" testType="13cdc9d9-ddb5-4fa4-a97d-d965ccfc6d4b" outcome="Passed" testListId="8c84fa94-04c1-424b-9868-57a2d4851a1d" relativeResultsDirectory="6ac5aa01-ea9e-453c-a35d-5859c216e8cf" />
    <UnitTestResult executionId="1ea40727-db88-42b5-a5c0-9a6b70069453" testId="7e4135b8-b66c-77ce-172b-34d352f16888" testName="FormatToStringTest1000(9068.70019550468d,&quot;9068.70 zł&quot;)" computerName="DESKTOP-5URQ9PB" duration="00:00:00.0000190" startTime="2022-06-13T21:13:14.3259061+02:00" endTime="2022-06-13T21:13:14.3259248+02:00" testType="13cdc9d9-ddb5-4fa4-a97d-d965ccfc6d4b" outcome="Passed" testListId="8c84fa94-04c1-424b-9868-57a2d4851a1d" relativeResultsDirectory="1ea40727-db88-42b5-a5c0-9a6b70069453" />
    <UnitTestResult executionId="2c6d55dd-933a-4a37-bce7-82f2f6f3494a" testId="a32b1b99-bbfe-b0ef-93c7-d7c83b53becf" testName="FormatToStringTest1000(31971.185406704986d,&quot;31971.19 zł&quot;)" computerName="DESKTOP-5URQ9PB" duration="00:00:00.0000180" startTime="2022-06-13T21:13:14.3303819+02:00" endTime="2022-06-13T21:13:14.3304000+02:00" testType="13cdc9d9-ddb5-4fa4-a97d-d965ccfc6d4b" outcome="Passed" testListId="8c84fa94-04c1-424b-9868-57a2d4851a1d" relativeResultsDirectory="2c6d55dd-933a-4a37-bce7-82f2f6f3494a" />
    <UnitTestResult executionId="92d7881b-7d15-4055-8bed-573a953c2681" testId="098a6c08-89e3-c4e2-de2b-7f783c0ba1b5" testName="FormatToStringTest1000(6102.4120417453405d,&quot;6102.41 zł&quot;)" computerName="DESKTOP-5URQ9PB" duration="00:00:00.0000180" startTime="2022-06-13T21:13:14.3412972+02:00" endTime="2022-06-13T21:13:14.3413152+02:00" testType="13cdc9d9-ddb5-4fa4-a97d-d965ccfc6d4b" outcome="Passed" testListId="8c84fa94-04c1-424b-9868-57a2d4851a1d" relativeResultsDirectory="92d7881b-7d15-4055-8bed-573a953c2681" />
    <UnitTestResult executionId="d36c457e-0933-4736-9d0a-b63f6bbabe07" testId="7490fb46-9b1e-86c6-a053-c9324b70ce91" testName="FormatToStringTest1000(27893.312729890138d,&quot;27893.31 zł&quot;)" computerName="DESKTOP-5URQ9PB" duration="00:00:00.0000180" startTime="2022-06-13T21:13:14.3166787+02:00" endTime="2022-06-13T21:13:14.3166970+02:00" testType="13cdc9d9-ddb5-4fa4-a97d-d965ccfc6d4b" outcome="Passed" testListId="8c84fa94-04c1-424b-9868-57a2d4851a1d" relativeResultsDirectory="d36c457e-0933-4736-9d0a-b63f6bbabe07" />
    <UnitTestResult executionId="bc4a8d95-d80e-4143-8ba7-2572ffe5cb61" testId="a6878771-c471-f5b9-95dc-467df24cdd5b" testName="FormatToStringTest1000(823.2747994560166d,&quot;823.27 zł&quot;)" computerName="DESKTOP-5URQ9PB" duration="00:00:00.0000180" startTime="2022-06-13T21:13:14.3367090+02:00" endTime="2022-06-13T21:13:14.3367274+02:00" testType="13cdc9d9-ddb5-4fa4-a97d-d965ccfc6d4b" outcome="Passed" testListId="8c84fa94-04c1-424b-9868-57a2d4851a1d" relativeResultsDirectory="bc4a8d95-d80e-4143-8ba7-2572ffe5cb61" />
    <UnitTestResult executionId="a5833979-a19e-4660-8c98-4a269b848855" testId="6c604da3-7f27-8f64-ea2d-ce727d182abb" testName="FormatToStringTest1000(4823.904478896365d,&quot;4823.90 zł&quot;)" computerName="DESKTOP-5URQ9PB" duration="00:00:00.0000190" startTime="2022-06-13T21:13:14.3344686+02:00" endTime="2022-06-13T21:13:14.3344877+02:00" testType="13cdc9d9-ddb5-4fa4-a97d-d965ccfc6d4b" outcome="Passed" testListId="8c84fa94-04c1-424b-9868-57a2d4851a1d" relativeResultsDirectory="a5833979-a19e-4660-8c98-4a269b848855" />
    <UnitTestResult executionId="046f2eea-3b45-4f24-951f-6ec502e2aca6" testId="069167da-f488-ff65-4a0d-a2797b191242" testName="FormatToStringTest1000(395.45790295882983d,&quot;395.46 zł&quot;)" computerName="DESKTOP-5URQ9PB" duration="00:00:00.0000180" startTime="2022-06-13T21:13:14.3274634+02:00" endTime="2022-06-13T21:13:14.3274809+02:00" testType="13cdc9d9-ddb5-4fa4-a97d-d965ccfc6d4b" outcome="Passed" testListId="8c84fa94-04c1-424b-9868-57a2d4851a1d" relativeResultsDirectory="046f2eea-3b45-4f24-951f-6ec502e2aca6" />
    <UnitTestResult executionId="dc37e420-12e2-4d41-820e-752cda9a2457" testId="40f4c03f-760c-5f9a-0d6d-791657138d6a" testName="FormatToStringTest1000(36760.171806480816d,&quot;36760.17 zł&quot;)" computerName="DESKTOP-5URQ9PB" duration="00:00:00.0000190" startTime="2022-06-13T21:13:14.3362923+02:00" endTime="2022-06-13T21:13:14.3363112+02:00" testType="13cdc9d9-ddb5-4fa4-a97d-d965ccfc6d4b" outcome="Passed" testListId="8c84fa94-04c1-424b-9868-57a2d4851a1d" relativeResultsDirectory="dc37e420-12e2-4d41-820e-752cda9a2457" />
    <UnitTestResult executionId="3c34817f-c4c3-445c-bc6a-3bda6b4bb0cd" testId="34f38fc8-ae53-5e82-0417-57e4237764fa" testName="FormatToStringTest1000(151.50737175275916d,&quot;151.51 zł&quot;)" computerName="DESKTOP-5URQ9PB" duration="00:00:00.0000180" startTime="2022-06-13T21:13:14.3413741+02:00" endTime="2022-06-13T21:13:14.3413922+02:00" testType="13cdc9d9-ddb5-4fa4-a97d-d965ccfc6d4b" outcome="Passed" testListId="8c84fa94-04c1-424b-9868-57a2d4851a1d" relativeResultsDirectory="3c34817f-c4c3-445c-bc6a-3bda6b4bb0cd" />
    <UnitTestResult executionId="79808d4e-41ef-440c-9b6b-f82fde11b705" testId="9cea378d-92c3-1f1c-ce51-cbbf77aae662" testName="FormatToStringTest1000(9765.54450809748d,&quot;9765.54 zł&quot;)" computerName="DESKTOP-5URQ9PB" duration="00:00:00.0000190" startTime="2022-06-13T21:13:14.3228697+02:00" endTime="2022-06-13T21:13:14.3228888+02:00" testType="13cdc9d9-ddb5-4fa4-a97d-d965ccfc6d4b" outcome="Passed" testListId="8c84fa94-04c1-424b-9868-57a2d4851a1d" relativeResultsDirectory="79808d4e-41ef-440c-9b6b-f82fde11b705" />
    <UnitTestResult executionId="684103b8-d526-4c0a-bae4-3d3d28090f71" testId="a05c6c11-7f69-6883-58ae-614dcfca1729" testName="FormatToStringTest1000(22291.653251342315d,&quot;22291.65 zł&quot;)" computerName="DESKTOP-5URQ9PB" duration="00:00:00.0000200" startTime="2022-06-13T21:13:14.3158233+02:00" endTime="2022-06-13T21:13:14.3158433+02:00" testType="13cdc9d9-ddb5-4fa4-a97d-d965ccfc6d4b" outcome="Passed" testListId="8c84fa94-04c1-424b-9868-57a2d4851a1d" relativeResultsDirectory="684103b8-d526-4c0a-bae4-3d3d28090f71" />
    <UnitTestResult executionId="35890307-2629-410f-a06c-a9cfbe81aa8b" testId="c769eba8-ab90-c528-a852-a01f625e896b" testName="FormatToStringTest1000(4919.073526169674d,&quot;4919.07 zł&quot;)" computerName="DESKTOP-5URQ9PB" duration="00:00:00.0000190" startTime="2022-06-13T21:13:14.3237106+02:00" endTime="2022-06-13T21:13:14.3237290+02:00" testType="13cdc9d9-ddb5-4fa4-a97d-d965ccfc6d4b" outcome="Passed" testListId="8c84fa94-04c1-424b-9868-57a2d4851a1d" relativeResultsDirectory="35890307-2629-410f-a06c-a9cfbe81aa8b" />
    <UnitTestResult executionId="4a2945c1-f8f6-4d49-89ea-e0f16a0a0e6d" testId="e6f60af7-eaed-5b55-816d-6d2a50c98932" testName="FormatToStringTest1000(29975.4018974022d,&quot;29975.40 zł&quot;)" computerName="DESKTOP-5URQ9PB" duration="00:00:00.0000190" startTime="2022-06-13T21:13:14.3368816+02:00" endTime="2022-06-13T21:13:14.3369003+02:00" testType="13cdc9d9-ddb5-4fa4-a97d-d965ccfc6d4b" outcome="Passed" testListId="8c84fa94-04c1-424b-9868-57a2d4851a1d" relativeResultsDirectory="4a2945c1-f8f6-4d49-89ea-e0f16a0a0e6d" />
    <UnitTestResult executionId="b86a5656-4b5b-4621-850b-93a825ad3b18" testId="d80dabd7-8e57-8764-d48e-5c692bf0e881" testName="FormatToStringTest1000(19603.69286519321d,&quot;19603.69 zł&quot;)" computerName="DESKTOP-5URQ9PB" duration="00:00:00.0000180" startTime="2022-06-13T21:13:14.3418210+02:00" endTime="2022-06-13T21:13:14.3418389+02:00" testType="13cdc9d9-ddb5-4fa4-a97d-d965ccfc6d4b" outcome="Passed" testListId="8c84fa94-04c1-424b-9868-57a2d4851a1d" relativeResultsDirectory="b86a5656-4b5b-4621-850b-93a825ad3b18" />
    <UnitTestResult executionId="8bf14e43-f23f-4098-bbea-a9e2c0de7ed7" testId="be961a03-49b0-93a8-a575-29626617f5f3" testName="FormatToStringTest1000(23023.74724929768d,&quot;23023.75 zł&quot;)" computerName="DESKTOP-5URQ9PB" duration="00:00:00.0000180" startTime="2022-06-13T21:13:14.3319146+02:00" endTime="2022-06-13T21:13:14.3319325+02:00" testType="13cdc9d9-ddb5-4fa4-a97d-d965ccfc6d4b" outcome="Passed" testListId="8c84fa94-04c1-424b-9868-57a2d4851a1d" relativeResultsDirectory="8bf14e43-f23f-4098-bbea-a9e2c0de7ed7" />
    <UnitTestResult executionId="9f645c57-fc5a-4ea3-a820-86a3f00011e1" testId="b7c8b8f4-3f53-7b79-a3fb-65f51c557883" testName="FormatToStringTest1000(5317.9582678023535d,&quot;5317.96 zł&quot;)" computerName="DESKTOP-5URQ9PB" duration="00:00:00.0000190" startTime="2022-06-13T21:13:14.3322756+02:00" endTime="2022-06-13T21:13:14.3322946+02:00" testType="13cdc9d9-ddb5-4fa4-a97d-d965ccfc6d4b" outcome="Passed" testListId="8c84fa94-04c1-424b-9868-57a2d4851a1d" relativeResultsDirectory="9f645c57-fc5a-4ea3-a820-86a3f00011e1" />
    <UnitTestResult executionId="680ce163-ce5e-4fe6-891f-48c0ec0fdbc4" testId="dd5c672a-615a-d2df-e240-966d42055469" testName="FormatToStringTest1000(13455.521105358153d,&quot;13455.52 zł&quot;)" computerName="DESKTOP-5URQ9PB" duration="00:00:00.0000180" startTime="2022-06-13T21:13:14.3374543+02:00" endTime="2022-06-13T21:13:14.3374720+02:00" testType="13cdc9d9-ddb5-4fa4-a97d-d965ccfc6d4b" outcome="Passed" testListId="8c84fa94-04c1-424b-9868-57a2d4851a1d" relativeResultsDirectory="680ce163-ce5e-4fe6-891f-48c0ec0fdbc4" />
    <UnitTestResult executionId="42382749-6baa-4256-94ae-937baaff8b3d" testId="6429e0d9-dcee-fed4-29f3-6b39686056fc" testName="FormatToStringTest1000(16957.4523676757d,&quot;16957.45 zł&quot;)" computerName="DESKTOP-5URQ9PB" duration="00:00:00.0000190" startTime="2022-06-13T21:13:14.3304060+02:00" endTime="2022-06-13T21:13:14.3304247+02:00" testType="13cdc9d9-ddb5-4fa4-a97d-d965ccfc6d4b" outcome="Passed" testListId="8c84fa94-04c1-424b-9868-57a2d4851a1d" relativeResultsDirectory="42382749-6baa-4256-94ae-937baaff8b3d" />
    <UnitTestResult executionId="d4b39195-46f5-4b02-8142-656c819e8598" testId="e6b1d0c3-adf4-f12b-3a3a-a088a5d2227c" testName="FormatToStringTest1000(5749.124990274722d,&quot;5749.12 zł&quot;)" computerName="DESKTOP-5URQ9PB" duration="00:00:00.0000180" startTime="2022-06-13T21:13:14.3373319+02:00" endTime="2022-06-13T21:13:14.3373502+02:00" testType="13cdc9d9-ddb5-4fa4-a97d-d965ccfc6d4b" outcome="Passed" testListId="8c84fa94-04c1-424b-9868-57a2d4851a1d" relativeResultsDirectory="d4b39195-46f5-4b02-8142-656c819e8598" />
    <UnitTestResult executionId="6be7548d-4b00-410a-a514-334725247097" testId="379018c4-3439-ea28-2c36-3039f4766b8e" testName="FormatToStringTest1000(37866.43836050967d,&quot;37866.44 zł&quot;)" computerName="DESKTOP-5URQ9PB" duration="00:00:00.0000190" startTime="2022-06-13T21:13:14.3256896+02:00" endTime="2022-06-13T21:13:14.3257080+02:00" testType="13cdc9d9-ddb5-4fa4-a97d-d965ccfc6d4b" outcome="Passed" testListId="8c84fa94-04c1-424b-9868-57a2d4851a1d" relativeResultsDirectory="6be7548d-4b00-410a-a514-334725247097" />
    <UnitTestResult executionId="3fdfbc6f-1b69-45cf-b10f-7eec76c1d433" testId="65ccfc2f-2358-a64f-fe6f-c264d332c519" testName="FormatToStringTest1000(22791.735381432685d,&quot;22791.74 zł&quot;)" computerName="DESKTOP-5URQ9PB" duration="00:00:00.0000190" startTime="2022-06-13T21:13:14.3236371+02:00" endTime="2022-06-13T21:13:14.3236558+02:00" testType="13cdc9d9-ddb5-4fa4-a97d-d965ccfc6d4b" outcome="Passed" testListId="8c84fa94-04c1-424b-9868-57a2d4851a1d" relativeResultsDirectory="3fdfbc6f-1b69-45cf-b10f-7eec76c1d433" />
    <UnitTestResult executionId="ffc0a63a-bd13-451c-9d1e-c8f16a6fdfa7" testId="bc954cfc-79b1-8687-e8d1-aab98a75fd1a" testName="FormatToStringTest1000(25990.318498101697d,&quot;25990.32 zł&quot;)" computerName="DESKTOP-5URQ9PB" duration="00:00:00.0000190" startTime="2022-06-13T21:13:14.3168494+02:00" endTime="2022-06-13T21:13:14.3168680+02:00" testType="13cdc9d9-ddb5-4fa4-a97d-d965ccfc6d4b" outcome="Passed" testListId="8c84fa94-04c1-424b-9868-57a2d4851a1d" relativeResultsDirectory="ffc0a63a-bd13-451c-9d1e-c8f16a6fdfa7" />
    <UnitTestResult executionId="d59a344c-970a-4eae-9dfb-2a7e55d5d661" testId="7875ceff-fafb-ef65-16f6-def9c021cbb8" testName="FormatToStringTest1000(11118.620997698335d,&quot;11118.62 zł&quot;)" computerName="DESKTOP-5URQ9PB" duration="00:00:00.0000180" startTime="2022-06-13T21:13:14.3279534+02:00" endTime="2022-06-13T21:13:14.3279717+02:00" testType="13cdc9d9-ddb5-4fa4-a97d-d965ccfc6d4b" outcome="Passed" testListId="8c84fa94-04c1-424b-9868-57a2d4851a1d" relativeResultsDirectory="d59a344c-970a-4eae-9dfb-2a7e55d5d661" />
    <UnitTestResult executionId="99f384a8-fe62-487e-97d2-ed9ffacfcdaf" testId="a01314ec-fbb5-964d-0d33-e4eebe884133" testName="FormatToStringTest1000(20640.678251201603d,&quot;20640.68 zł&quot;)" computerName="DESKTOP-5URQ9PB" duration="00:00:00.0000180" startTime="2022-06-13T21:13:14.3301754+02:00" endTime="2022-06-13T21:13:14.3301934+02:00" testType="13cdc9d9-ddb5-4fa4-a97d-d965ccfc6d4b" outcome="Passed" testListId="8c84fa94-04c1-424b-9868-57a2d4851a1d" relativeResultsDirectory="99f384a8-fe62-487e-97d2-ed9ffacfcdaf" />
    <UnitTestResult executionId="ed39e7e3-cca5-4056-a199-0cc458c69b30" testId="5bdb1fb9-c083-a878-8185-d4ef40939b65" testName="FormatToStringTest1000(1130.8119115372242d,&quot;1130.81 zł&quot;)" computerName="DESKTOP-5URQ9PB" duration="00:00:00.0000180" startTime="2022-06-13T21:13:14.3415494+02:00" endTime="2022-06-13T21:13:14.3415674+02:00" testType="13cdc9d9-ddb5-4fa4-a97d-d965ccfc6d4b" outcome="Passed" testListId="8c84fa94-04c1-424b-9868-57a2d4851a1d" relativeResultsDirectory="ed39e7e3-cca5-4056-a199-0cc458c69b30" />
    <UnitTestResult executionId="86e2c96d-e25e-4301-82df-bf19ecd21bb1" testId="aeefe3bf-b956-1766-ab65-91503c288180" testName="FormatToStringTest1000(16986.338876065027d,&quot;16986.34 zł&quot;)" computerName="DESKTOP-5URQ9PB" duration="00:00:00.0000180" startTime="2022-06-13T21:13:14.3166038+02:00" endTime="2022-06-13T21:13:14.3166218+02:00" testType="13cdc9d9-ddb5-4fa4-a97d-d965ccfc6d4b" outcome="Passed" testListId="8c84fa94-04c1-424b-9868-57a2d4851a1d" relativeResultsDirectory="86e2c96d-e25e-4301-82df-bf19ecd21bb1" />
    <UnitTestResult executionId="b7e836dc-8857-42c6-9700-180cc86fb7f6" testId="19f5bc79-d564-bb1a-c016-f7779e568c5d" testName="FormatToStringTest1000(24251.68593564848d,&quot;24251.69 zł&quot;)" computerName="DESKTOP-5URQ9PB" duration="00:00:00.0000190" startTime="2022-06-13T21:13:14.3300504+02:00" endTime="2022-06-13T21:13:14.3300690+02:00" testType="13cdc9d9-ddb5-4fa4-a97d-d965ccfc6d4b" outcome="Passed" testListId="8c84fa94-04c1-424b-9868-57a2d4851a1d" relativeResultsDirectory="b7e836dc-8857-42c6-9700-180cc86fb7f6" />
    <UnitTestResult executionId="c9e7377e-bdf3-431c-b547-7a81daec8a86" testId="5189465c-94b9-c0c3-eb6c-9e0dd907b71f" testName="FormatToStringTest1000(1952.6955147062872d,&quot;1952.70 zł&quot;)" computerName="DESKTOP-5URQ9PB" duration="00:00:00.0000180" startTime="2022-06-13T21:13:14.3274142+02:00" endTime="2022-06-13T21:13:14.3274322+02:00" testType="13cdc9d9-ddb5-4fa4-a97d-d965ccfc6d4b" outcome="Passed" testListId="8c84fa94-04c1-424b-9868-57a2d4851a1d" relativeResultsDirectory="c9e7377e-bdf3-431c-b547-7a81daec8a86" />
    <UnitTestResult executionId="f1351317-d9cb-4af4-8269-726b30d69822" testId="31037d5d-343e-e648-8e6e-7f15567dfff2" testName="FormatToStringTest1000(1662.8482664818168d,&quot;1662.85 zł&quot;)" computerName="DESKTOP-5URQ9PB" duration="00:00:00.0000180" startTime="2022-06-13T21:13:14.3335365+02:00" endTime="2022-06-13T21:13:14.3335548+02:00" testType="13cdc9d9-ddb5-4fa4-a97d-d965ccfc6d4b" outcome="Passed" testListId="8c84fa94-04c1-424b-9868-57a2d4851a1d" relativeResultsDirectory="f1351317-d9cb-4af4-8269-726b30d69822" />
    <UnitTestResult executionId="5b40d7f6-60ff-46e7-878c-230b2d128a68" testId="6df8a807-c182-b8aa-45a8-8ae3c76a3ec5" testName="FormatToStringTest1000(68698.01923441609d,&quot;68698.02 zł&quot;)" computerName="DESKTOP-5URQ9PB" duration="00:00:00.0000190" startTime="2022-06-13T21:13:14.3409211+02:00" endTime="2022-06-13T21:13:14.3409396+02:00" testType="13cdc9d9-ddb5-4fa4-a97d-d965ccfc6d4b" outcome="Passed" testListId="8c84fa94-04c1-424b-9868-57a2d4851a1d" relativeResultsDirectory="5b40d7f6-60ff-46e7-878c-230b2d128a68" />
    <UnitTestResult executionId="9cf8d866-ebc4-4d5c-9864-e827390acc6d" testId="63800d30-d6ac-f352-9000-d5ae21ee34db" testName="FormatToStringTest1000(30111.54342534372d,&quot;30111.54 zł&quot;)" computerName="DESKTOP-5URQ9PB" duration="00:00:00.0000190" startTime="2022-06-13T21:13:14.3406758+02:00" endTime="2022-06-13T21:13:14.3406950+02:00" testType="13cdc9d9-ddb5-4fa4-a97d-d965ccfc6d4b" outcome="Passed" testListId="8c84fa94-04c1-424b-9868-57a2d4851a1d" relativeResultsDirectory="9cf8d866-ebc4-4d5c-9864-e827390acc6d" />
    <UnitTestResult executionId="8927a172-71ca-4dbe-8ff5-3c8af4304fcc" testId="546fc2ea-9df5-50bd-d263-31b0a2faf8aa" testName="FormatToStringTest1000(72905.64834432845d,&quot;72905.65 zł&quot;)" computerName="DESKTOP-5URQ9PB" duration="00:00:00.0000190" startTime="2022-06-13T21:13:14.3360126+02:00" endTime="2022-06-13T21:13:14.3360315+02:00" testType="13cdc9d9-ddb5-4fa4-a97d-d965ccfc6d4b" outcome="Passed" testListId="8c84fa94-04c1-424b-9868-57a2d4851a1d" relativeResultsDirectory="8927a172-71ca-4dbe-8ff5-3c8af4304fcc" />
    <UnitTestResult executionId="aa15cfdc-26b7-4a33-9f4c-a7a5db5ba76a" testId="c6aaa130-65a2-a877-78a2-df837cd09244" testName="FormatToStringTest1000(30533.30031120838d,&quot;30533.30 zł&quot;)" computerName="DESKTOP-5URQ9PB" duration="00:00:00.0000180" startTime="2022-06-13T21:13:14.3306022+02:00" endTime="2022-06-13T21:13:14.3306201+02:00" testType="13cdc9d9-ddb5-4fa4-a97d-d965ccfc6d4b" outcome="Passed" testListId="8c84fa94-04c1-424b-9868-57a2d4851a1d" relativeResultsDirectory="aa15cfdc-26b7-4a33-9f4c-a7a5db5ba76a" />
    <UnitTestResult executionId="15c3a1b3-2fe8-438d-ab8d-4a66fd003331" testId="685e65c6-c415-f45e-d0fc-3f95f4859375" testName="FormatToStringTest1000(2992.6161168593057d,&quot;2992.62 zł&quot;)" computerName="DESKTOP-5URQ9PB" duration="00:00:00.0000190" startTime="2022-06-13T21:13:14.3376527+02:00" endTime="2022-06-13T21:13:14.3376710+02:00" testType="13cdc9d9-ddb5-4fa4-a97d-d965ccfc6d4b" outcome="Passed" testListId="8c84fa94-04c1-424b-9868-57a2d4851a1d" relativeResultsDirectory="15c3a1b3-2fe8-438d-ab8d-4a66fd003331" />
    <UnitTestResult executionId="1bd5c209-e383-470d-892e-360f3118fe00" testId="d5f63a3d-0bec-c5aa-6fdf-b4d0492c062a" testName="FormatToStringTest1000(11022.594234092438d,&quot;11022.59 zł&quot;)" computerName="DESKTOP-5URQ9PB" duration="00:00:00.0000190" startTime="2022-06-13T21:13:14.3263687+02:00" endTime="2022-06-13T21:13:14.3263877+02:00" testType="13cdc9d9-ddb5-4fa4-a97d-d965ccfc6d4b" outcome="Passed" testListId="8c84fa94-04c1-424b-9868-57a2d4851a1d" relativeResultsDirectory="1bd5c209-e383-470d-892e-360f3118fe00" />
    <UnitTestResult executionId="e097b7f4-9d28-4047-87d9-307853f13f63" testId="ce8c4658-51b9-647a-8bb3-9c2995dd5a3c" testName="FormatToStringTest1000(45070.5442499493d,&quot;45070.54 zł&quot;)" computerName="DESKTOP-5URQ9PB" duration="00:00:00.0000180" startTime="2022-06-13T21:13:14.3366123+02:00" endTime="2022-06-13T21:13:14.3366302+02:00" testType="13cdc9d9-ddb5-4fa4-a97d-d965ccfc6d4b" outcome="Passed" testListId="8c84fa94-04c1-424b-9868-57a2d4851a1d" relativeResultsDirectory="e097b7f4-9d28-4047-87d9-307853f13f63" />
    <UnitTestResult executionId="b63d6b57-c18a-42d2-9d7a-cb33c629e39a" testId="a488094a-b6b5-d178-8919-9dcf3be59209" testName="FormatToStringTest1000(4857.211933034105d,&quot;4857.21 zł&quot;)" computerName="DESKTOP-5URQ9PB" duration="00:00:00.0000180" startTime="2022-06-13T21:13:14.3416462+02:00" endTime="2022-06-13T21:13:14.3416639+02:00" testType="13cdc9d9-ddb5-4fa4-a97d-d965ccfc6d4b" outcome="Passed" testListId="8c84fa94-04c1-424b-9868-57a2d4851a1d" relativeResultsDirectory="b63d6b57-c18a-42d2-9d7a-cb33c629e39a" />
    <UnitTestResult executionId="9ab8cda3-b239-4e04-a118-4c1dcf56a59d" testId="199abf60-5b5b-94b6-b04f-a3e4d911fd34" testName="FormatToStringTest1000(38614.292320713066d,&quot;38614.29 zł&quot;)" computerName="DESKTOP-5URQ9PB" duration="00:00:00.0000290" startTime="2022-06-13T21:13:14.3196212+02:00" endTime="2022-06-13T21:13:14.3196500+02:00" testType="13cdc9d9-ddb5-4fa4-a97d-d965ccfc6d4b" outcome="Passed" testListId="8c84fa94-04c1-424b-9868-57a2d4851a1d" relativeResultsDirectory="9ab8cda3-b239-4e04-a118-4c1dcf56a59d" />
    <UnitTestResult executionId="5f00763f-82ea-46b6-b98f-2c3735794c6c" testId="2f906df4-9555-6f9b-9ae5-24f39050321b" testName="FormatToStringTest1000(13323.876109275909d,&quot;13323.88 zł&quot;)" computerName="DESKTOP-5URQ9PB" duration="00:00:00.0000190" startTime="2022-06-13T21:13:14.3390128+02:00" endTime="2022-06-13T21:13:14.3390313+02:00" testType="13cdc9d9-ddb5-4fa4-a97d-d965ccfc6d4b" outcome="Passed" testListId="8c84fa94-04c1-424b-9868-57a2d4851a1d" relativeResultsDirectory="5f00763f-82ea-46b6-b98f-2c3735794c6c" />
    <UnitTestResult executionId="11666f57-8076-4c7a-b421-a2f20a2f07b1" testId="21bcc043-da28-367a-c1fb-9490833f1b89" testName="FormatToStringTest1000(13855.30239352505d,&quot;13855.30 zł&quot;)" computerName="DESKTOP-5URQ9PB" duration="00:00:00.0000190" startTime="2022-06-13T21:13:14.3235884+02:00" endTime="2022-06-13T21:13:14.3236071+02:00" testType="13cdc9d9-ddb5-4fa4-a97d-d965ccfc6d4b" outcome="Passed" testListId="8c84fa94-04c1-424b-9868-57a2d4851a1d" relativeResultsDirectory="11666f57-8076-4c7a-b421-a2f20a2f07b1" />
    <UnitTestResult executionId="6e5e9fef-e0eb-4e00-89e6-96167b077882" testId="8abb9da4-977b-effb-b6fc-988ee16d7ff4" testName="FormatToStringTest1000(28455.229970996843d,&quot;28455.23 zł&quot;)" computerName="DESKTOP-5URQ9PB" duration="00:00:00.0000190" startTime="2022-06-13T21:13:14.3372824+02:00" endTime="2022-06-13T21:13:14.3373009+02:00" testType="13cdc9d9-ddb5-4fa4-a97d-d965ccfc6d4b" outcome="Passed" testListId="8c84fa94-04c1-424b-9868-57a2d4851a1d" relativeResultsDirectory="6e5e9fef-e0eb-4e00-89e6-96167b077882" />
    <UnitTestResult executionId="aa8c47b1-a0ba-4f65-9016-8bf752c6e1d4" testId="ee6fca60-0e04-b997-dc4d-b3e46cbf895c" testName="FormatToStringTest1000(13582.47117894258d,&quot;13582.47 zł&quot;)" computerName="DESKTOP-5URQ9PB" duration="00:00:00.0000400" startTime="2022-06-13T21:13:14.3212213+02:00" endTime="2022-06-13T21:13:14.3212610+02:00" testType="13cdc9d9-ddb5-4fa4-a97d-d965ccfc6d4b" outcome="Passed" testListId="8c84fa94-04c1-424b-9868-57a2d4851a1d" relativeResultsDirectory="aa8c47b1-a0ba-4f65-9016-8bf752c6e1d4" />
    <UnitTestResult executionId="35ba526b-ebec-4d0b-8f14-b876fc18e4c5" testId="9c48ba54-1163-2299-84d2-c7df2b4c3889" testName="FormatToStringTest1000(10227.532692039169d,&quot;10227.53 zł&quot;)" computerName="DESKTOP-5URQ9PB" duration="00:00:00.0000320" startTime="2022-06-13T21:13:14.3215371+02:00" endTime="2022-06-13T21:13:14.3215692+02:00" testType="13cdc9d9-ddb5-4fa4-a97d-d965ccfc6d4b" outcome="Passed" testListId="8c84fa94-04c1-424b-9868-57a2d4851a1d" relativeResultsDirectory="35ba526b-ebec-4d0b-8f14-b876fc18e4c5" />
    <UnitTestResult executionId="2a09ae3b-b9d8-4af0-b7a2-56e560887b29" testId="43552c47-f44b-17a4-1647-f8068fe18052" testName="FormatToStringTest1000(40857.08543233996d,&quot;40857.09 zł&quot;)" computerName="DESKTOP-5URQ9PB" duration="00:00:00.0000180" startTime="2022-06-13T21:13:14.3169967+02:00" endTime="2022-06-13T21:13:14.3170146+02:00" testType="13cdc9d9-ddb5-4fa4-a97d-d965ccfc6d4b" outcome="Passed" testListId="8c84fa94-04c1-424b-9868-57a2d4851a1d" relativeResultsDirectory="2a09ae3b-b9d8-4af0-b7a2-56e560887b29" />
    <UnitTestResult executionId="793f6f45-6e5d-48bf-9dfd-f0eec88ee0fb" testId="10d9efba-c25c-4837-b4ca-c51dd97ac398" testName="FormatToStringTest1000(24308.26523149212d,&quot;24308.27 zł&quot;)" computerName="DESKTOP-5URQ9PB" duration="00:00:00.0000190" startTime="2022-06-13T21:13:14.3400516+02:00" endTime="2022-06-13T21:13:14.3400700+02:00" testType="13cdc9d9-ddb5-4fa4-a97d-d965ccfc6d4b" outcome="Passed" testListId="8c84fa94-04c1-424b-9868-57a2d4851a1d" relativeResultsDirectory="793f6f45-6e5d-48bf-9dfd-f0eec88ee0fb" />
    <UnitTestResult executionId="97d4db5d-eaf9-403f-bd9c-123d72bb3259" testId="3d8d8c47-dc22-599d-26af-f64601981b29" testName="FormatToStringTest1000(27751.474436297303d,&quot;27751.47 zł&quot;)" computerName="DESKTOP-5URQ9PB" duration="00:00:00.0000190" startTime="2022-06-13T21:13:14.3356463+02:00" endTime="2022-06-13T21:13:14.3356655+02:00" testType="13cdc9d9-ddb5-4fa4-a97d-d965ccfc6d4b" outcome="Passed" testListId="8c84fa94-04c1-424b-9868-57a2d4851a1d" relativeResultsDirectory="97d4db5d-eaf9-403f-bd9c-123d72bb3259" />
    <UnitTestResult executionId="f71a2dbe-5a26-4c6e-8ce5-b461dddb6222" testId="5234899e-b699-a182-8741-15341fb350c8" testName="FormatToStringTest1000(16901.497392274203d,&quot;16901.50 zł&quot;)" computerName="DESKTOP-5URQ9PB" duration="00:00:00.0000180" startTime="2022-06-13T21:13:14.3328137+02:00" endTime="2022-06-13T21:13:14.3328315+02:00" testType="13cdc9d9-ddb5-4fa4-a97d-d965ccfc6d4b" outcome="Passed" testListId="8c84fa94-04c1-424b-9868-57a2d4851a1d" relativeResultsDirectory="f71a2dbe-5a26-4c6e-8ce5-b461dddb6222" />
    <UnitTestResult executionId="010a0a56-fe91-4078-ace4-6678e409b442" testId="b54d2807-218d-96e0-fe0e-06e67796eaa7" testName="FormatToStringTest1000(26220.382477706476d,&quot;26220.38 zł&quot;)" computerName="DESKTOP-5URQ9PB" duration="00:00:00.0000190" startTime="2022-06-13T21:13:14.3384099+02:00" endTime="2022-06-13T21:13:14.3384287+02:00" testType="13cdc9d9-ddb5-4fa4-a97d-d965ccfc6d4b" outcome="Passed" testListId="8c84fa94-04c1-424b-9868-57a2d4851a1d" relativeResultsDirectory="010a0a56-fe91-4078-ace4-6678e409b442" />
    <UnitTestResult executionId="280f2103-7428-4d13-b0a3-ad8b37ccae9b" testId="dd25fada-bd11-6a30-c38c-abafcc1ac188" testName="FormatToStringTest1000(44499.288016808816d,&quot;44499.29 zł&quot;)" computerName="DESKTOP-5URQ9PB" duration="00:00:00.0000180" startTime="2022-06-13T21:13:14.3284018+02:00" endTime="2022-06-13T21:13:14.3284195+02:00" testType="13cdc9d9-ddb5-4fa4-a97d-d965ccfc6d4b" outcome="Passed" testListId="8c84fa94-04c1-424b-9868-57a2d4851a1d" relativeResultsDirectory="280f2103-7428-4d13-b0a3-ad8b37ccae9b" />
    <UnitTestResult executionId="3b458b4d-2764-4a02-9169-01b74bf428a1" testId="d010d6f6-5302-e7a6-bd9d-f255dac3cdb8" testName="FormatToStringTest1000(2718.1767171650085d,&quot;2718.18 zł&quot;)" computerName="DESKTOP-5URQ9PB" duration="00:00:00.0000180" startTime="2022-06-13T21:13:14.3245917+02:00" endTime="2022-06-13T21:13:14.3246099+02:00" testType="13cdc9d9-ddb5-4fa4-a97d-d965ccfc6d4b" outcome="Passed" testListId="8c84fa94-04c1-424b-9868-57a2d4851a1d" relativeResultsDirectory="3b458b4d-2764-4a02-9169-01b74bf428a1" />
    <UnitTestResult executionId="a1fb885f-631a-4fc6-879a-99668b30b83e" testId="958c8c55-b3b0-31c1-8935-1d44afe5a8c0" testName="FormatToStringTest1000(9754.291367935619d,&quot;9754.29 zł&quot;)" computerName="DESKTOP-5URQ9PB" duration="00:00:00.0000180" startTime="2022-06-13T21:13:14.3423151+02:00" endTime="2022-06-13T21:13:14.3423329+02:00" testType="13cdc9d9-ddb5-4fa4-a97d-d965ccfc6d4b" outcome="Passed" testListId="8c84fa94-04c1-424b-9868-57a2d4851a1d" relativeResultsDirectory="a1fb885f-631a-4fc6-879a-99668b30b83e" />
    <UnitTestResult executionId="69520fe4-116d-453f-82c5-686fce14108f" testId="032648fc-0fdc-1a5c-ef88-d85403381c03" testName="FormatToStringTest1000(38803.03958246253d,&quot;38803.04 zł&quot;)" computerName="DESKTOP-5URQ9PB" duration="00:00:00.0000190" startTime="2022-06-13T21:13:14.3229193+02:00" endTime="2022-06-13T21:13:14.3229384+02:00" testType="13cdc9d9-ddb5-4fa4-a97d-d965ccfc6d4b" outcome="Passed" testListId="8c84fa94-04c1-424b-9868-57a2d4851a1d" relativeResultsDirectory="69520fe4-116d-453f-82c5-686fce14108f" />
    <UnitTestResult executionId="ee0bdf2f-a09c-47dc-9299-d7301310082e" testId="f2705aac-0fab-25bd-44fc-31cfea9f5c9a" testName="FormatToStringTest1000(79388.929555234d,&quot;79388.93 zł&quot;)" computerName="DESKTOP-5URQ9PB" duration="00:00:00.0000190" startTime="2022-06-13T21:13:14.3377270+02:00" endTime="2022-06-13T21:13:14.3377456+02:00" testType="13cdc9d9-ddb5-4fa4-a97d-d965ccfc6d4b" outcome="Passed" testListId="8c84fa94-04c1-424b-9868-57a2d4851a1d" relativeResultsDirectory="ee0bdf2f-a09c-47dc-9299-d7301310082e" />
    <UnitTestResult executionId="ffc2685a-3954-4503-b588-fb58794b60d4" testId="5372d0c3-7454-6ed0-3140-c46dbf17af10" testName="FormatToStringTest1000(1649.0127968480872d,&quot;1649.01 zł&quot;)" computerName="DESKTOP-5URQ9PB" duration="00:00:00.0000500" startTime="2022-06-13T21:13:14.3172295+02:00" endTime="2022-06-13T21:13:14.3172788+02:00" testType="13cdc9d9-ddb5-4fa4-a97d-d965ccfc6d4b" outcome="Passed" testListId="8c84fa94-04c1-424b-9868-57a2d4851a1d" relativeResultsDirectory="ffc2685a-3954-4503-b588-fb58794b60d4" />
    <UnitTestResult executionId="dfc72ef3-fa44-4206-85df-c03b95d2e8da" testId="cdb063aa-c8f9-b0b9-d5b0-6f880917f1b4" testName="FormatToStringTest1000(28155.26504817664d,&quot;28155.27 zł&quot;)" computerName="DESKTOP-5URQ9PB" duration="00:00:00.0000180" startTime="2022-06-13T21:13:14.3270332+02:00" endTime="2022-06-13T21:13:14.3270512+02:00" testType="13cdc9d9-ddb5-4fa4-a97d-d965ccfc6d4b" outcome="Passed" testListId="8c84fa94-04c1-424b-9868-57a2d4851a1d" relativeResultsDirectory="dfc72ef3-fa44-4206-85df-c03b95d2e8da" />
    <UnitTestResult executionId="8e2bf8da-3da7-4b3f-89db-b6c3bf9a0fef" testId="46b6b18f-a15f-ce32-4811-dbc67f87e551" testName="FormatToStringTest1000(9634.398811461124d,&quot;9634.40 zł&quot;)" computerName="DESKTOP-5URQ9PB" duration="00:00:00.0000190" startTime="2022-06-13T21:13:14.3373070+02:00" endTime="2022-06-13T21:13:14.3373257+02:00" testType="13cdc9d9-ddb5-4fa4-a97d-d965ccfc6d4b" outcome="Passed" testListId="8c84fa94-04c1-424b-9868-57a2d4851a1d" relativeResultsDirectory="8e2bf8da-3da7-4b3f-89db-b6c3bf9a0fef" />
    <UnitTestResult executionId="8e33d662-7fb1-447e-a464-26e61c36e2ea" testId="d61c5a24-3052-33c6-809a-bcd51f433ccc" testName="FormatToStringTest1000(45930.2386782068d,&quot;45930.24 zł&quot;)" computerName="DESKTOP-5URQ9PB" duration="00:00:00.0000300" startTime="2022-06-13T21:13:14.3188814+02:00" endTime="2022-06-13T21:13:14.3189111+02:00" testType="13cdc9d9-ddb5-4fa4-a97d-d965ccfc6d4b" outcome="Passed" testListId="8c84fa94-04c1-424b-9868-57a2d4851a1d" relativeResultsDirectory="8e33d662-7fb1-447e-a464-26e61c36e2ea" />
    <UnitTestResult executionId="42a5c678-98ff-45ba-ac56-3bdc2a20337c" testId="c11f5a85-86bf-cab1-9d9a-33069c6ff139" testName="FormatToStringTest1000(6550.421588937948d,&quot;6550.42 zł&quot;)" computerName="DESKTOP-5URQ9PB" duration="00:00:00.0000200" startTime="2022-06-13T21:13:14.3379532+02:00" endTime="2022-06-13T21:13:14.3379730+02:00" testType="13cdc9d9-ddb5-4fa4-a97d-d965ccfc6d4b" outcome="Passed" testListId="8c84fa94-04c1-424b-9868-57a2d4851a1d" relativeResultsDirectory="42a5c678-98ff-45ba-ac56-3bdc2a20337c" />
    <UnitTestResult executionId="e35c38aa-c68a-485b-9775-ea2b73a8f189" testId="0ad74e44-881e-9461-7e6f-381a5cc80df0" testName="FormatToStringTest1000(51503.82905738234d,&quot;51503.83 zł&quot;)" computerName="DESKTOP-5URQ9PB" duration="00:00:00.0000180" startTime="2022-06-13T21:13:14.3225547+02:00" endTime="2022-06-13T21:13:14.3225729+02:00" testType="13cdc9d9-ddb5-4fa4-a97d-d965ccfc6d4b" outcome="Passed" testListId="8c84fa94-04c1-424b-9868-57a2d4851a1d" relativeResultsDirectory="e35c38aa-c68a-485b-9775-ea2b73a8f189" />
    <UnitTestResult executionId="fedff693-1927-4294-b41f-dd3d5346d788" testId="4e103de3-4b59-b5f0-90dd-0864019a3e44" testName="FormatToStringTest1000(47163.337736466594d,&quot;47163.34 zł&quot;)" computerName="DESKTOP-5URQ9PB" duration="00:00:00.0000180" startTime="2022-06-13T21:13:14.3404777+02:00" endTime="2022-06-13T21:13:14.3404956+02:00" testType="13cdc9d9-ddb5-4fa4-a97d-d965ccfc6d4b" outcome="Passed" testListId="8c84fa94-04c1-424b-9868-57a2d4851a1d" relativeResultsDirectory="fedff693-1927-4294-b41f-dd3d5346d788" />
    <UnitTestResult executionId="5bd7eef5-2219-4476-a9d7-4fcbbd71ad67" testId="9006b827-71f8-1e68-78c8-d64e06e75b19" testName="FormatToStringTest1000(50644.690874327294d,&quot;50644.69 zł&quot;)" computerName="DESKTOP-5URQ9PB" duration="00:00:00.0000190" startTime="2022-06-13T21:13:14.3375280+02:00" endTime="2022-06-13T21:13:14.3375466+02:00" testType="13cdc9d9-ddb5-4fa4-a97d-d965ccfc6d4b" outcome="Passed" testListId="8c84fa94-04c1-424b-9868-57a2d4851a1d" relativeResultsDirectory="5bd7eef5-2219-4476-a9d7-4fcbbd71ad67" />
    <UnitTestResult executionId="59260aed-f1ab-45d4-b0cb-ccfcecf98da2" testId="8a34d143-fbd5-8061-22f1-4fab44554570" testName="FormatToStringTest1000(75162.39407669863d,&quot;75162.39 zł&quot;)" computerName="DESKTOP-5URQ9PB" duration="00:00:00.0000190" startTime="2022-06-13T21:13:14.3227477+02:00" endTime="2022-06-13T21:13:14.3227663+02:00" testType="13cdc9d9-ddb5-4fa4-a97d-d965ccfc6d4b" outcome="Passed" testListId="8c84fa94-04c1-424b-9868-57a2d4851a1d" relativeResultsDirectory="59260aed-f1ab-45d4-b0cb-ccfcecf98da2" />
    <UnitTestResult executionId="82015cbf-3ff9-419f-8e15-4fb1ffa954d1" testId="25c75db4-22d0-52b7-8169-fe8bfa7112f2" testName="FormatToStringTest1000(90187.4082624374d,&quot;90187.41 zł&quot;)" computerName="DESKTOP-5URQ9PB" duration="00:00:00.0000180" startTime="2022-06-13T21:13:14.3417716+02:00" endTime="2022-06-13T21:13:14.3417895+02:00" testType="13cdc9d9-ddb5-4fa4-a97d-d965ccfc6d4b" outcome="Passed" testListId="8c84fa94-04c1-424b-9868-57a2d4851a1d" relativeResultsDirectory="82015cbf-3ff9-419f-8e15-4fb1ffa954d1" />
    <UnitTestResult executionId="f1d8f1a9-a9f4-40a9-b9e7-7fdb5442b31f" testId="3222b798-5ed7-0031-3bc4-2349d5773662" testName="FormatToStringTest1000(19933.78650940945d,&quot;19933.79 zł&quot;)" computerName="DESKTOP-5URQ9PB" duration="00:00:00.0000180" startTime="2022-06-13T21:13:14.3397577+02:00" endTime="2022-06-13T21:13:14.3397758+02:00" testType="13cdc9d9-ddb5-4fa4-a97d-d965ccfc6d4b" outcome="Passed" testListId="8c84fa94-04c1-424b-9868-57a2d4851a1d" relativeResultsDirectory="f1d8f1a9-a9f4-40a9-b9e7-7fdb5442b31f" />
    <UnitTestResult executionId="b70a3a55-fcd2-4483-8b72-086d965851a2" testId="1f8c3026-17e4-68c3-c899-dd2458b787d5" testName="FormatToStringTest1000(72659.37876478041d,&quot;72659.38 zł&quot;)" computerName="DESKTOP-5URQ9PB" duration="00:00:00.0000180" startTime="2022-06-13T21:13:14.3348975+02:00" endTime="2022-06-13T21:13:14.3349155+02:00" testType="13cdc9d9-ddb5-4fa4-a97d-d965ccfc6d4b" outcome="Passed" testListId="8c84fa94-04c1-424b-9868-57a2d4851a1d" relativeResultsDirectory="b70a3a55-fcd2-4483-8b72-086d965851a2" />
    <UnitTestResult executionId="41d6ad74-977e-439e-836b-08026c718f94" testId="dc6fc325-7591-5ff6-3e13-ef3b13583bb4" testName="FormatToStringTest1000(54304.07738935393d,&quot;54304.08 zł&quot;)" computerName="DESKTOP-5URQ9PB" duration="00:00:00.0000190" startTime="2022-06-13T21:13:14.3419937+02:00" endTime="2022-06-13T21:13:14.3420126+02:00" testType="13cdc9d9-ddb5-4fa4-a97d-d965ccfc6d4b" outcome="Passed" testListId="8c84fa94-04c1-424b-9868-57a2d4851a1d" relativeResultsDirectory="41d6ad74-977e-439e-836b-08026c718f94" />
    <UnitTestResult executionId="35f11c64-74bd-40a9-96ce-78a2200acfa5" testId="e39abc6e-a339-e385-747c-5c151d68fdc6" testName="FormatToStringTest1000(15591.4117417221d,&quot;15591.41 zł&quot;)" computerName="DESKTOP-5URQ9PB" duration="00:00:00.0000190" startTime="2022-06-13T21:13:14.3401991+02:00" endTime="2022-06-13T21:13:14.3402177+02:00" testType="13cdc9d9-ddb5-4fa4-a97d-d965ccfc6d4b" outcome="Passed" testListId="8c84fa94-04c1-424b-9868-57a2d4851a1d" relativeResultsDirectory="35f11c64-74bd-40a9-96ce-78a2200acfa5" />
    <UnitTestResult executionId="96ad7c35-e745-45d8-9837-5cf069cd931f" testId="40bf488b-c6ae-b189-e7b5-8aa7dd656fea" testName="FormatToStringTest1000(22367.991005544547d,&quot;22367.99 zł&quot;)" computerName="DESKTOP-5URQ9PB" duration="00:00:00.0000180" startTime="2022-06-13T21:13:14.3334362+02:00" endTime="2022-06-13T21:13:14.3334543+02:00" testType="13cdc9d9-ddb5-4fa4-a97d-d965ccfc6d4b" outcome="Passed" testListId="8c84fa94-04c1-424b-9868-57a2d4851a1d" relativeResultsDirectory="96ad7c35-e745-45d8-9837-5cf069cd931f" />
    <UnitTestResult executionId="5ae1ba99-7c2a-47a9-b244-e66064be9768" testId="cf776b29-1018-5167-38d5-0aac7593edc5" testName="FormatToStringTest1000(45035.160883881224d,&quot;45035.16 zł&quot;)" computerName="DESKTOP-5URQ9PB" duration="00:00:00.0000190" startTime="2022-06-13T21:13:14.3165789+02:00" endTime="2022-06-13T21:13:14.3165977+02:00" testType="13cdc9d9-ddb5-4fa4-a97d-d965ccfc6d4b" outcome="Passed" testListId="8c84fa94-04c1-424b-9868-57a2d4851a1d" relativeResultsDirectory="5ae1ba99-7c2a-47a9-b244-e66064be9768" />
    <UnitTestResult executionId="8d4c0aa0-acbb-47bf-8c3b-9996fe580ad2" testId="7904b819-04ff-ce91-7814-899d505d8f94" testName="FormatToStringTest1000(11.555284778846096d,&quot;11.56 zł&quot;)" computerName="DESKTOP-5URQ9PB" duration="00:00:00.0000190" startTime="2022-06-13T21:13:14.3384606+02:00" endTime="2022-06-13T21:13:14.3384793+02:00" testType="13cdc9d9-ddb5-4fa4-a97d-d965ccfc6d4b" outcome="Passed" testListId="8c84fa94-04c1-424b-9868-57a2d4851a1d" relativeResultsDirectory="8d4c0aa0-acbb-47bf-8c3b-9996fe580ad2" />
    <UnitTestResult executionId="fa61e39c-4a14-45ab-b9ba-c12e6d96fa25" testId="605c2bc0-4496-0f02-aeff-a229323c4be4" testName="FormatToStringTest1000(54578.37303904275d,&quot;54578.37 zł&quot;)" computerName="DESKTOP-5URQ9PB" duration="00:00:00.0000190" startTime="2022-06-13T21:13:14.3247598+02:00" endTime="2022-06-13T21:13:14.3247783+02:00" testType="13cdc9d9-ddb5-4fa4-a97d-d965ccfc6d4b" outcome="Passed" testListId="8c84fa94-04c1-424b-9868-57a2d4851a1d" relativeResultsDirectory="fa61e39c-4a14-45ab-b9ba-c12e6d96fa25" />
    <UnitTestResult executionId="dc208d16-1106-4af0-ab20-23bfd0ef496c" testId="f3dbad6e-a998-4f0d-7c83-23b7bc70f023" testName="FormatToStringTest1000(46803.36433423374d,&quot;46803.36 zł&quot;)" computerName="DESKTOP-5URQ9PB" duration="00:00:00.0000180" startTime="2022-06-13T21:13:14.3247843+02:00" endTime="2022-06-13T21:13:14.3248020+02:00" testType="13cdc9d9-ddb5-4fa4-a97d-d965ccfc6d4b" outcome="Passed" testListId="8c84fa94-04c1-424b-9868-57a2d4851a1d" relativeResultsDirectory="dc208d16-1106-4af0-ab20-23bfd0ef496c" />
    <UnitTestResult executionId="cc63bf22-fd5c-445f-aec3-593889ad67f9" testId="1a501163-ddde-3471-133e-1552ff82f851" testName="FormatToStringTest1000(29417.800422138444d,&quot;29417.80 zł&quot;)" computerName="DESKTOP-5URQ9PB" duration="00:00:00.0000180" startTime="2022-06-13T21:13:14.3235147+02:00" endTime="2022-06-13T21:13:14.3235328+02:00" testType="13cdc9d9-ddb5-4fa4-a97d-d965ccfc6d4b" outcome="Passed" testListId="8c84fa94-04c1-424b-9868-57a2d4851a1d" relativeResultsDirectory="cc63bf22-fd5c-445f-aec3-593889ad67f9" />
    <UnitTestResult executionId="cd894c24-0d54-4f14-a93b-e84544018127" testId="3b6adeb2-dcf4-fb95-f3e8-26dcad169d8e" testName="FormatToStringTest1000(71554.9786298829d,&quot;71554.98 zł&quot;)" computerName="DESKTOP-5URQ9PB" duration="00:00:00.0000190" startTime="2022-06-13T21:13:14.3355454+02:00" endTime="2022-06-13T21:13:14.3355647+02:00" testType="13cdc9d9-ddb5-4fa4-a97d-d965ccfc6d4b" outcome="Passed" testListId="8c84fa94-04c1-424b-9868-57a2d4851a1d" relativeResultsDirectory="cd894c24-0d54-4f14-a93b-e84544018127" />
    <UnitTestResult executionId="dd59e3ea-ab7d-4450-9152-473b42eaff32" testId="f557024d-69b9-3152-827e-4e57b8d0868d" testName="FormatToStringTest1000(96.75594581512546d,&quot;96.76 zł&quot;)" computerName="DESKTOP-5URQ9PB" duration="00:00:00.0000230" startTime="2022-06-13T21:13:14.3168201+02:00" endTime="2022-06-13T21:13:14.3168431+02:00" testType="13cdc9d9-ddb5-4fa4-a97d-d965ccfc6d4b" outcome="Passed" testListId="8c84fa94-04c1-424b-9868-57a2d4851a1d" relativeResultsDirectory="dd59e3ea-ab7d-4450-9152-473b42eaff32" />
    <UnitTestResult executionId="5d4abf3d-fb27-4140-b05a-184cf6df2c2b" testId="f33cb892-3679-fe31-40d8-b78f43a0c80f" testName="FormatToStringTest1000(4554.73912809777d,&quot;4554.74 zł&quot;)" computerName="DESKTOP-5URQ9PB" duration="00:00:00.0000180" startTime="2022-06-13T21:13:14.3317908+02:00" endTime="2022-06-13T21:13:14.3318090+02:00" testType="13cdc9d9-ddb5-4fa4-a97d-d965ccfc6d4b" outcome="Passed" testListId="8c84fa94-04c1-424b-9868-57a2d4851a1d" relativeResultsDirectory="5d4abf3d-fb27-4140-b05a-184cf6df2c2b" />
    <UnitTestResult executionId="797d53e5-3db0-42fb-9692-8ddea2d63aab" testId="5e8a64ef-fabe-5bbf-4739-e9cf8ccf2ee0" testName="FormatToStringTest1000(65809.35218338219d,&quot;65809.35 zł&quot;)" computerName="DESKTOP-5URQ9PB" duration="00:00:00.0000190" startTime="2022-06-13T21:13:14.3405512+02:00" endTime="2022-06-13T21:13:14.3405702+02:00" testType="13cdc9d9-ddb5-4fa4-a97d-d965ccfc6d4b" outcome="Passed" testListId="8c84fa94-04c1-424b-9868-57a2d4851a1d" relativeResultsDirectory="797d53e5-3db0-42fb-9692-8ddea2d63aab" />
    <UnitTestResult executionId="0126f007-7f8c-4365-b95e-05fca0e49780" testId="c3298b2d-9863-1896-98e3-77805a105e1c" testName="FormatToStringTest1000(59283.48311990662d,&quot;59283.48 zł&quot;)" computerName="DESKTOP-5URQ9PB" duration="00:00:00.0000190" startTime="2022-06-13T21:13:14.3243459+02:00" endTime="2022-06-13T21:13:14.3243647+02:00" testType="13cdc9d9-ddb5-4fa4-a97d-d965ccfc6d4b" outcome="Passed" testListId="8c84fa94-04c1-424b-9868-57a2d4851a1d" relativeResultsDirectory="0126f007-7f8c-4365-b95e-05fca0e49780" />
    <UnitTestResult executionId="76bfeb8a-df13-48dc-ae5f-db01bc69dd20" testId="f9c4ace8-7c88-3dcb-8c8b-9f280e8b25b8" testName="FormatToStringTest1000(5870.791169434223d,&quot;5870.79 zł&quot;)" computerName="DESKTOP-5URQ9PB" duration="00:00:00.0000180" startTime="2022-06-13T21:13:14.3272905+02:00" endTime="2022-06-13T21:13:14.3273087+02:00" testType="13cdc9d9-ddb5-4fa4-a97d-d965ccfc6d4b" outcome="Passed" testListId="8c84fa94-04c1-424b-9868-57a2d4851a1d" relativeResultsDirectory="76bfeb8a-df13-48dc-ae5f-db01bc69dd20" />
    <UnitTestResult executionId="5b67aae5-e5f9-49d1-a826-c170a842d174" testId="4dcd9f65-678f-d51c-9e07-bf80dcaf54a4" testName="FormatToStringTest1000(5591.2222540617095d,&quot;5591.22 zł&quot;)" computerName="DESKTOP-5URQ9PB" duration="00:00:00.0000180" startTime="2022-06-13T21:13:14.3307239+02:00" endTime="2022-06-13T21:13:14.3307415+02:00" testType="13cdc9d9-ddb5-4fa4-a97d-d965ccfc6d4b" outcome="Passed" testListId="8c84fa94-04c1-424b-9868-57a2d4851a1d" relativeResultsDirectory="5b67aae5-e5f9-49d1-a826-c170a842d174" />
    <UnitTestResult executionId="988096f3-1d32-49cd-89e0-ec1870d4a02a" testId="32010eb0-88b3-7f9e-a459-fb524fc932d7" testName="FormatToStringTest1000(34242.181005260056d,&quot;34242.18 zł&quot;)" computerName="DESKTOP-5URQ9PB" duration="00:00:00.0000200" startTime="2022-06-13T21:13:14.3333857+02:00" endTime="2022-06-13T21:13:14.3334051+02:00" testType="13cdc9d9-ddb5-4fa4-a97d-d965ccfc6d4b" outcome="Passed" testListId="8c84fa94-04c1-424b-9868-57a2d4851a1d" relativeResultsDirectory="988096f3-1d32-49cd-89e0-ec1870d4a02a" />
    <UnitTestResult executionId="241b2b7e-2ad1-4ce8-ab57-a731ba9ec4a2" testId="6320276e-3624-3a1c-7afd-537de60f89db" testName="FormatToStringTest1000(13402.882692040355d,&quot;13402.88 zł&quot;)" computerName="DESKTOP-5URQ9PB" duration="00:00:00.0000190" startTime="2022-06-13T21:13:14.3378278+02:00" endTime="2022-06-13T21:13:14.3378468+02:00" testType="13cdc9d9-ddb5-4fa4-a97d-d965ccfc6d4b" outcome="Passed" testListId="8c84fa94-04c1-424b-9868-57a2d4851a1d" relativeResultsDirectory="241b2b7e-2ad1-4ce8-ab57-a731ba9ec4a2" />
    <UnitTestResult executionId="4e9b4600-c9ab-4efb-b277-599b7086fa5f" testId="dbb1fa1a-a5ee-99ca-9749-48d31eb98113" testName="FormatToStringTest1000(25720.27551496321d,&quot;25720.28 zł&quot;)" computerName="DESKTOP-5URQ9PB" duration="00:00:00.0000190" startTime="2022-06-13T21:13:14.3235390+02:00" endTime="2022-06-13T21:13:14.3235578+02:00" testType="13cdc9d9-ddb5-4fa4-a97d-d965ccfc6d4b" outcome="Passed" testListId="8c84fa94-04c1-424b-9868-57a2d4851a1d" relativeResultsDirectory="4e9b4600-c9ab-4efb-b277-599b7086fa5f" />
    <UnitTestResult executionId="79284426-b0cd-4d10-bb7d-fd5c38db6122" testId="eae9a8da-630f-ea44-decf-a8ef3a38d81d" testName="FormatToStringTest1000(55030.929183896136d,&quot;55030.93 zł&quot;)" computerName="DESKTOP-5URQ9PB" duration="00:00:00.0000320" startTime="2022-06-13T21:13:14.3216689+02:00" endTime="2022-06-13T21:13:14.3217010+02:00" testType="13cdc9d9-ddb5-4fa4-a97d-d965ccfc6d4b" outcome="Passed" testListId="8c84fa94-04c1-424b-9868-57a2d4851a1d" relativeResultsDirectory="79284426-b0cd-4d10-bb7d-fd5c38db6122" />
    <UnitTestResult executionId="dee71d2d-93e7-462e-97a0-323f182d51b4" testId="70f1979c-5fec-f41c-4467-96ed1c16b145" testName="FormatToStringTest1000(12831.146874380833d,&quot;12831.15 zł&quot;)" computerName="DESKTOP-5URQ9PB" duration="00:00:00.0000180" startTime="2022-06-13T21:13:14.3280517+02:00" endTime="2022-06-13T21:13:14.3280699+02:00" testType="13cdc9d9-ddb5-4fa4-a97d-d965ccfc6d4b" outcome="Passed" testListId="8c84fa94-04c1-424b-9868-57a2d4851a1d" relativeResultsDirectory="dee71d2d-93e7-462e-97a0-323f182d51b4" />
    <UnitTestResult executionId="720b3546-33ac-4f8b-9132-653d46218fe7" testId="7146296d-c8e1-b13f-44e4-16f25fa9af9d" testName="FormatToStringTest1000(591.2110872302256d,&quot;591.21 zł&quot;)" computerName="DESKTOP-5URQ9PB" duration="00:00:00.0000180" startTime="2022-06-13T21:13:14.3164564+02:00" endTime="2022-06-13T21:13:14.3164744+02:00" testType="13cdc9d9-ddb5-4fa4-a97d-d965ccfc6d4b" outcome="Passed" testListId="8c84fa94-04c1-424b-9868-57a2d4851a1d" relativeResultsDirectory="720b3546-33ac-4f8b-9132-653d46218fe7" />
    <UnitTestResult executionId="5131d812-d79f-4304-b0a0-aa95715b2f4b" testId="f49abb46-6157-b05f-1fad-c8a20a256f62" testName="FormatToStringTest1000(1687.6029180025694d,&quot;1687.60 zł&quot;)" computerName="DESKTOP-5URQ9PB" duration="00:00:00.0000180" startTime="2022-06-13T21:13:14.3242742+02:00" endTime="2022-06-13T21:13:14.3242921+02:00" testType="13cdc9d9-ddb5-4fa4-a97d-d965ccfc6d4b" outcome="Passed" testListId="8c84fa94-04c1-424b-9868-57a2d4851a1d" relativeResultsDirectory="5131d812-d79f-4304-b0a0-aa95715b2f4b" />
    <UnitTestResult executionId="15e82e6c-0f0c-49cc-ac37-74d33127e777" testId="7806c973-d637-45cf-930a-0b315d29c540" testName="FormatToStringTest1000(15822.278766386342d,&quot;15822.28 zł&quot;)" computerName="DESKTOP-5URQ9PB" duration="00:00:00.0000180" startTime="2022-06-13T21:13:14.3256418+02:00" endTime="2022-06-13T21:13:14.3256596+02:00" testType="13cdc9d9-ddb5-4fa4-a97d-d965ccfc6d4b" outcome="Passed" testListId="8c84fa94-04c1-424b-9868-57a2d4851a1d" relativeResultsDirectory="15e82e6c-0f0c-49cc-ac37-74d33127e777" />
    <UnitTestResult executionId="e1e5fd02-4919-4be5-9b3d-9f76c70b1271" testId="03f880df-4361-699a-9da6-4d3bc3d9d5a7" testName="FormatToStringTest1000(9558.453124931293d,&quot;9558.45 zł&quot;)" computerName="DESKTOP-5URQ9PB" duration="00:00:00.0000180" startTime="2022-06-13T21:13:14.3239296+02:00" endTime="2022-06-13T21:13:14.3239477+02:00" testType="13cdc9d9-ddb5-4fa4-a97d-d965ccfc6d4b" outcome="Passed" testListId="8c84fa94-04c1-424b-9868-57a2d4851a1d" relativeResultsDirectory="e1e5fd02-4919-4be5-9b3d-9f76c70b1271" />
    <UnitTestResult executionId="6335b43c-7271-44c0-bc18-89974028cff3" testId="28ae16d9-787d-277c-8346-a2bcbe4da144" testName="FormatToStringTest1000(10914.360814625099d,&quot;10914.36 zł&quot;)" computerName="DESKTOP-5URQ9PB" duration="00:00:00.0000190" startTime="2022-06-13T21:13:14.3154693+02:00" endTime="2022-06-13T21:13:14.3154881+02:00" testType="13cdc9d9-ddb5-4fa4-a97d-d965ccfc6d4b" outcome="Passed" testListId="8c84fa94-04c1-424b-9868-57a2d4851a1d" relativeResultsDirectory="6335b43c-7271-44c0-bc18-89974028cff3" />
    <UnitTestResult executionId="c2c28e6f-2e47-4918-9994-2929e49b60b7" testId="99e6fef3-9023-2c5a-5c8b-926a855c5d84" testName="FormatToStringTest1000(3431.864349926759d,&quot;3431.86 zł&quot;)" computerName="DESKTOP-5URQ9PB" duration="00:00:00.0000250" startTime="2022-06-13T21:13:14.3362348+02:00" endTime="2022-06-13T21:13:14.3362599+02:00" testType="13cdc9d9-ddb5-4fa4-a97d-d965ccfc6d4b" outcome="Passed" testListId="8c84fa94-04c1-424b-9868-57a2d4851a1d" relativeResultsDirectory="c2c28e6f-2e47-4918-9994-2929e49b60b7" />
    <UnitTestResult executionId="df3d37ce-29ad-4ac1-9d31-e3781b53a383" testId="92fd78dd-20f7-b708-0603-1911a96c9737" testName="FormatToStringTest1000(7951.322730072458d,&quot;7951.32 zł&quot;)" computerName="DESKTOP-5URQ9PB" duration="00:00:00.0000180" startTime="2022-06-13T21:13:14.3224335+02:00" endTime="2022-06-13T21:13:14.3224511+02:00" testType="13cdc9d9-ddb5-4fa4-a97d-d965ccfc6d4b" outcome="Passed" testListId="8c84fa94-04c1-424b-9868-57a2d4851a1d" relativeResultsDirectory="df3d37ce-29ad-4ac1-9d31-e3781b53a383" />
    <UnitTestResult executionId="ff0d28ec-ec4b-4d1a-87ac-00bfb7ebe4fc" testId="1476985a-ce79-252c-fc82-6cfb05e64152" testName="FormatToStringTest1000(6890.028458985514d,&quot;6890.03 zł&quot;)" computerName="DESKTOP-5URQ9PB" duration="00:00:00.0000190" startTime="2022-06-13T21:13:14.3163826+02:00" endTime="2022-06-13T21:13:14.3164012+02:00" testType="13cdc9d9-ddb5-4fa4-a97d-d965ccfc6d4b" outcome="Passed" testListId="8c84fa94-04c1-424b-9868-57a2d4851a1d" relativeResultsDirectory="ff0d28ec-ec4b-4d1a-87ac-00bfb7ebe4fc" />
    <UnitTestResult executionId="0c8bfd6c-369e-4389-82ac-5e39d94e2972" testId="cab5d10f-8cae-8dfd-3b1b-219e11cb76ab" testName="FormatToStringTest1000(15337.485230751097d,&quot;15337.49 zł&quot;)" computerName="DESKTOP-5URQ9PB" duration="00:00:00.0000180" startTime="2022-06-13T21:13:14.3267374+02:00" endTime="2022-06-13T21:13:14.3267555+02:00" testType="13cdc9d9-ddb5-4fa4-a97d-d965ccfc6d4b" outcome="Passed" testListId="8c84fa94-04c1-424b-9868-57a2d4851a1d" relativeResultsDirectory="0c8bfd6c-369e-4389-82ac-5e39d94e2972" />
    <UnitTestResult executionId="c9259e6c-83f8-423a-8792-4de27c7aad41" testId="379512c8-8994-594d-a3c0-6d675c1d8949" testName="FormatToStringTest1000(577.6071367564645d,&quot;577.61 zł&quot;)" computerName="DESKTOP-5URQ9PB" duration="00:00:00.0000180" startTime="2022-06-13T21:13:14.3398070+02:00" endTime="2022-06-13T21:13:14.3398250+02:00" testType="13cdc9d9-ddb5-4fa4-a97d-d965ccfc6d4b" outcome="Passed" testListId="8c84fa94-04c1-424b-9868-57a2d4851a1d" relativeResultsDirectory="c9259e6c-83f8-423a-8792-4de27c7aad41" />
    <UnitTestResult executionId="e8d32d1c-b6bc-433f-8327-6860db7a2b1d" testId="7e773498-17b4-9b46-23f5-2783933d2759" testName="FormatToStringTest1000(37889.10086727193d,&quot;37889.10 zł&quot;)" computerName="DESKTOP-5URQ9PB" duration="00:00:00.0000300" startTime="2022-06-13T21:13:14.3189987+02:00" endTime="2022-06-13T21:13:14.3190285+02:00" testType="13cdc9d9-ddb5-4fa4-a97d-d965ccfc6d4b" outcome="Passed" testListId="8c84fa94-04c1-424b-9868-57a2d4851a1d" relativeResultsDirectory="e8d32d1c-b6bc-433f-8327-6860db7a2b1d" />
    <UnitTestResult executionId="2af120d0-0f2e-4d7a-bd97-1e68848b26b8" testId="113c211f-ff70-231a-7b9d-03413cd134d7" testName="FormatToStringTest1000(19500.031951036784d,&quot;19500.03 zł&quot;)" computerName="DESKTOP-5URQ9PB" duration="00:00:00.0000330" startTime="2022-06-13T21:13:14.3211327+02:00" endTime="2022-06-13T21:13:14.3211654+02:00" testType="13cdc9d9-ddb5-4fa4-a97d-d965ccfc6d4b" outcome="Passed" testListId="8c84fa94-04c1-424b-9868-57a2d4851a1d" relativeResultsDirectory="2af120d0-0f2e-4d7a-bd97-1e68848b26b8" />
    <UnitTestResult executionId="f12057c7-d6c3-48ef-8823-2a4b7a2f856d" testId="3490543a-9aad-4d93-690a-aa8da10d1845" testName="FormatToStringTest1000(6170.939441211959d,&quot;6170.94 zł&quot;)" computerName="DESKTOP-5URQ9PB" duration="00:00:00.0000180" startTime="2022-06-13T21:13:14.3276846+02:00" endTime="2022-06-13T21:13:14.3277028+02:00" testType="13cdc9d9-ddb5-4fa4-a97d-d965ccfc6d4b" outcome="Passed" testListId="8c84fa94-04c1-424b-9868-57a2d4851a1d" relativeResultsDirectory="f12057c7-d6c3-48ef-8823-2a4b7a2f856d" />
    <UnitTestResult executionId="2e971bfb-bc90-41fb-a27c-62684df725c6" testId="a1a0ba31-d02b-8245-607c-82258ff29354" testName="FormatToStringTest1000(34136.0993783046d,&quot;34136.10 zł&quot;)" computerName="DESKTOP-5URQ9PB" duration="00:00:00.0000180" startTime="2022-06-13T21:13:14.3230186+02:00" endTime="2022-06-13T21:13:14.3230368+02:00" testType="13cdc9d9-ddb5-4fa4-a97d-d965ccfc6d4b" outcome="Passed" testListId="8c84fa94-04c1-424b-9868-57a2d4851a1d" relativeResultsDirectory="2e971bfb-bc90-41fb-a27c-62684df725c6" />
    <UnitTestResult executionId="0af48c33-4575-47a2-a7a1-f39d636d8a7b" testId="04eed3c3-572e-20dc-ebe7-5f007fb379ab" testName="FormatToStringTest1000(65204.90483536055d,&quot;65204.90 zł&quot;)" computerName="DESKTOP-5URQ9PB" duration="00:00:00.0000200" startTime="2022-06-13T21:13:14.3405017+02:00" endTime="2022-06-13T21:13:14.3405212+02:00" testType="13cdc9d9-ddb5-4fa4-a97d-d965ccfc6d4b" outcome="Passed" testListId="8c84fa94-04c1-424b-9868-57a2d4851a1d" relativeResultsDirectory="0af48c33-4575-47a2-a7a1-f39d636d8a7b" />
    <UnitTestResult executionId="322753c4-d2fc-458f-b1f6-4b5fe463a608" testId="cbe7ad88-c615-fcac-7be4-3d317fe5861e" testName="FormatToStringTest1000(41972.39431566763d,&quot;41972.39 zł&quot;)" computerName="DESKTOP-5URQ9PB" duration="00:00:00.0000180" startTime="2022-06-13T21:13:14.3288646+02:00" endTime="2022-06-13T21:13:14.3288821+02:00" testType="13cdc9d9-ddb5-4fa4-a97d-d965ccfc6d4b" outcome="Passed" testListId="8c84fa94-04c1-424b-9868-57a2d4851a1d" relativeResultsDirectory="322753c4-d2fc-458f-b1f6-4b5fe463a608" />
    <UnitTestResult executionId="5f3b95b4-6ab3-4685-a433-4764b979ae4b" testId="6fa66cd3-3174-5023-d80b-ce9981bfadfc" testName="FormatToStringTest1000(69373.32129976773d,&quot;69373.32 zł&quot;)" computerName="DESKTOP-5URQ9PB" duration="00:00:00.0000260" startTime="2022-06-13T21:13:14.3292336+02:00" endTime="2022-06-13T21:13:14.3292591+02:00" testType="13cdc9d9-ddb5-4fa4-a97d-d965ccfc6d4b" outcome="Passed" testListId="8c84fa94-04c1-424b-9868-57a2d4851a1d" relativeResultsDirectory="5f3b95b4-6ab3-4685-a433-4764b979ae4b" />
    <UnitTestResult executionId="969bd330-0d51-4fe4-8edd-bb1b51701f39" testId="0741a97b-fe60-742a-1f50-b38d8a9cae33" testName="FormatToStringTest1000(6466.872242818062d,&quot;6466.87 zł&quot;)" computerName="DESKTOP-5URQ9PB" duration="00:00:00.0000190" startTime="2022-06-13T21:13:14.3341840+02:00" endTime="2022-06-13T21:13:14.3342027+02:00" testType="13cdc9d9-ddb5-4fa4-a97d-d965ccfc6d4b" outcome="Passed" testListId="8c84fa94-04c1-424b-9868-57a2d4851a1d" relativeResultsDirectory="969bd330-0d51-4fe4-8edd-bb1b51701f39" />
    <UnitTestResult executionId="420cafb4-e426-4028-a065-f3d8f19b2cae" testId="a71dfd40-e5c3-4b5b-03e3-172683e7a4a4" testName="FormatToStringTest1000(6276.389386365838d,&quot;6276.39 zł&quot;)" computerName="DESKTOP-5URQ9PB" duration="00:00:00.0000190" startTime="2022-06-13T21:13:14.3274383+02:00" endTime="2022-06-13T21:13:14.3274573+02:00" testType="13cdc9d9-ddb5-4fa4-a97d-d965ccfc6d4b" outcome="Passed" testListId="8c84fa94-04c1-424b-9868-57a2d4851a1d" relativeResultsDirectory="420cafb4-e426-4028-a065-f3d8f19b2cae" />
    <UnitTestResult executionId="ff1e68dc-3976-407f-8862-4711bca3c415" testId="bb5a2e9a-5cdb-f48d-dc56-2c3c111c851a" testName="FormatToStringTest1000(60017.857676936714d,&quot;60017.86 zł&quot;)" computerName="DESKTOP-5URQ9PB" duration="00:00:00.0000180" startTime="2022-06-13T21:13:14.3414758+02:00" endTime="2022-06-13T21:13:14.3414938+02:00" testType="13cdc9d9-ddb5-4fa4-a97d-d965ccfc6d4b" outcome="Passed" testListId="8c84fa94-04c1-424b-9868-57a2d4851a1d" relativeResultsDirectory="ff1e68dc-3976-407f-8862-4711bca3c415" />
    <UnitTestResult executionId="bd244985-859a-45fd-b7ba-960b8274b484" testId="b707b6dd-6efb-76f3-be89-5a3ace5192c9" testName="FormatToStringTest1000(8599.45217413616d,&quot;8599.45 zł&quot;)" computerName="DESKTOP-5URQ9PB" duration="00:00:00.0000330" startTime="2022-06-13T21:13:14.3213180+02:00" endTime="2022-06-13T21:13:14.3213506+02:00" testType="13cdc9d9-ddb5-4fa4-a97d-d965ccfc6d4b" outcome="Passed" testListId="8c84fa94-04c1-424b-9868-57a2d4851a1d" relativeResultsDirectory="bd244985-859a-45fd-b7ba-960b8274b484" />
    <UnitTestResult executionId="3f0555d2-bfd7-4e92-ad42-38ef41c01712" testId="e2ca2857-33e4-4daa-d2e9-09d09dfdba1f" testName="FormatToStringTest1000(18023.78504577455d,&quot;18023.79 zł&quot;)" computerName="DESKTOP-5URQ9PB" duration="00:00:00.0000190" startTime="2022-06-13T21:13:14.3234885+02:00" endTime="2022-06-13T21:13:14.3235069+02:00" testType="13cdc9d9-ddb5-4fa4-a97d-d965ccfc6d4b" outcome="Passed" testListId="8c84fa94-04c1-424b-9868-57a2d4851a1d" relativeResultsDirectory="3f0555d2-bfd7-4e92-ad42-38ef41c01712" />
    <UnitTestResult executionId="228233e0-337f-4ebe-bc1d-586a66cf35f9" testId="fecd618d-f97f-f547-1637-5166bd092d76" testName="FormatToStringTest1000(1613.6903705837626d,&quot;1613.69 zł&quot;)" computerName="DESKTOP-5URQ9PB" duration="00:00:00.0000200" startTime="2022-06-13T21:13:14.3297962+02:00" endTime="2022-06-13T21:13:14.3298162+02:00" testType="13cdc9d9-ddb5-4fa4-a97d-d965ccfc6d4b" outcome="Passed" testListId="8c84fa94-04c1-424b-9868-57a2d4851a1d" relativeResultsDirectory="228233e0-337f-4ebe-bc1d-586a66cf35f9" />
    <UnitTestResult executionId="7a7ad369-d307-4249-9d7b-4d23dce96c9f" testId="6348b4b0-49f7-9204-9791-fbfe727cb8b8" testName="FormatToStringTest1000(31424.298858482067d,&quot;31424.30 zł&quot;)" computerName="DESKTOP-5URQ9PB" duration="00:00:00.0000190" startTime="2022-06-13T21:13:14.3313443+02:00" endTime="2022-06-13T21:13:14.3313629+02:00" testType="13cdc9d9-ddb5-4fa4-a97d-d965ccfc6d4b" outcome="Passed" testListId="8c84fa94-04c1-424b-9868-57a2d4851a1d" relativeResultsDirectory="7a7ad369-d307-4249-9d7b-4d23dce96c9f" />
    <UnitTestResult executionId="3197b906-6222-4933-ac93-72c1976c2ac1" testId="39e2492b-a588-79ac-add5-4d0176982180" testName="FormatToStringTest1000(32863.31705269558d,&quot;32863.32 zł&quot;)" computerName="DESKTOP-5URQ9PB" duration="00:00:00.0000200" startTime="2022-06-13T21:13:14.3368317+02:00" endTime="2022-06-13T21:13:14.3368511+02:00" testType="13cdc9d9-ddb5-4fa4-a97d-d965ccfc6d4b" outcome="Passed" testListId="8c84fa94-04c1-424b-9868-57a2d4851a1d" relativeResultsDirectory="3197b906-6222-4933-ac93-72c1976c2ac1" />
    <UnitTestResult executionId="dbb8f803-7167-426a-85dc-3d193982980a" testId="d97cfe1a-5414-3b7f-eeae-c71aa9b34634" testName="FormatToStringTest1000(26515.80237687929d,&quot;26515.80 zł&quot;)" computerName="DESKTOP-5URQ9PB" duration="00:00:00.0000200" startTime="2022-06-13T21:13:14.3157463+02:00" endTime="2022-06-13T21:13:14.3157664+02:00" testType="13cdc9d9-ddb5-4fa4-a97d-d965ccfc6d4b" outcome="Passed" testListId="8c84fa94-04c1-424b-9868-57a2d4851a1d" relativeResultsDirectory="dbb8f803-7167-426a-85dc-3d193982980a" />
    <UnitTestResult executionId="a1a22f3a-d262-4ddd-8fa3-06c95cbcf58e" testId="a4b13a66-9eee-466b-b0fc-fbf88e46d5b1" testName="FormatToStringTest1000(317.9090540706688d,&quot;317.91 zł&quot;)" computerName="DESKTOP-5URQ9PB" duration="00:00:00.0000349" startTime="2022-06-13T21:13:14.3179024+02:00" endTime="2022-06-13T21:13:14.3179372+02:00" testType="13cdc9d9-ddb5-4fa4-a97d-d965ccfc6d4b" outcome="Passed" testListId="8c84fa94-04c1-424b-9868-57a2d4851a1d" relativeResultsDirectory="a1a22f3a-d262-4ddd-8fa3-06c95cbcf58e" />
    <UnitTestResult executionId="00a14999-ff41-4ca9-85dd-20bb151f2bdc" testId="2adcf87c-7078-5286-2ca1-778b501cd9f7" testName="FormatToStringTest1000(18794.859523484418d,&quot;18794.86 zł&quot;)" computerName="DESKTOP-5URQ9PB" duration="00:00:00.0000190" startTime="2022-06-13T21:13:14.3260271+02:00" endTime="2022-06-13T21:13:14.3260456+02:00" testType="13cdc9d9-ddb5-4fa4-a97d-d965ccfc6d4b" outcome="Passed" testListId="8c84fa94-04c1-424b-9868-57a2d4851a1d" relativeResultsDirectory="00a14999-ff41-4ca9-85dd-20bb151f2bdc" />
    <UnitTestResult executionId="bf63545f-4bc7-4470-b793-f911bf858f86" testId="f1dc036c-9edd-e200-4e53-f62b2f9452ea" testName="FormatToStringTest1000(803.2448148733214d,&quot;803.24 zł&quot;)" computerName="DESKTOP-5URQ9PB" duration="00:00:00.0000180" startTime="2022-06-13T21:13:14.3401257+02:00" endTime="2022-06-13T21:13:14.3401437+02:00" testType="13cdc9d9-ddb5-4fa4-a97d-d965ccfc6d4b" outcome="Passed" testListId="8c84fa94-04c1-424b-9868-57a2d4851a1d" relativeResultsDirectory="bf63545f-4bc7-4470-b793-f911bf858f86" />
    <UnitTestResult executionId="05638fbc-2f28-462b-85e5-20b0229cfb2b" testId="979cd04b-5e93-d632-87b5-a20161444816" testName="FormatToStringTest1000(14035.12972514477d,&quot;14035.13 zł&quot;)" computerName="DESKTOP-5URQ9PB" duration="00:00:00.0000330" startTime="2022-06-13T21:13:14.3214493+02:00" endTime="2022-06-13T21:13:14.3214817+02:00" testType="13cdc9d9-ddb5-4fa4-a97d-d965ccfc6d4b" outcome="Passed" testListId="8c84fa94-04c1-424b-9868-57a2d4851a1d" relativeResultsDirectory="05638fbc-2f28-462b-85e5-20b0229cfb2b" />
    <UnitTestResult executionId="c9e72be4-2e0a-4c2e-8c89-708536c9fac4" testId="ef53e72d-a746-f7fd-4dfa-41ab2ce4fb60" testName="FormatToStringTest1000(15190.097283723344d,&quot;15190.10 zł&quot;)" computerName="DESKTOP-5URQ9PB" duration="00:00:00.0000200" startTime="2022-06-13T21:13:14.3386099+02:00" endTime="2022-06-13T21:13:14.3386299+02:00" testType="13cdc9d9-ddb5-4fa4-a97d-d965ccfc6d4b" outcome="Passed" testListId="8c84fa94-04c1-424b-9868-57a2d4851a1d" relativeResultsDirectory="c9e72be4-2e0a-4c2e-8c89-708536c9fac4" />
    <UnitTestResult executionId="328de68d-314d-4082-b4a5-88576cd27ef3" testId="c1a27935-5451-ecaa-f0f8-7b140e2bc422" testName="FormatToStringTest1000(27794.8671353957d,&quot;27794.87 zł&quot;)" computerName="DESKTOP-5URQ9PB" duration="00:00:00.0000180" startTime="2022-06-13T21:13:14.3353450+02:00" endTime="2022-06-13T21:13:14.3353629+02:00" testType="13cdc9d9-ddb5-4fa4-a97d-d965ccfc6d4b" outcome="Passed" testListId="8c84fa94-04c1-424b-9868-57a2d4851a1d" relativeResultsDirectory="328de68d-314d-4082-b4a5-88576cd27ef3" />
    <UnitTestResult executionId="c25de716-b857-4fe2-bd68-e1a4e3338490" testId="8ea3fac0-98e6-cacb-3107-71ef474d1509" testName="FormatToStringTest1000(675.4589376107133d,&quot;675.46 zł&quot;)" computerName="DESKTOP-5URQ9PB" duration="00:00:00.0000180" startTime="2022-06-13T21:13:14.3394878+02:00" endTime="2022-06-13T21:13:14.3395057+02:00" testType="13cdc9d9-ddb5-4fa4-a97d-d965ccfc6d4b" outcome="Passed" testListId="8c84fa94-04c1-424b-9868-57a2d4851a1d" relativeResultsDirectory="c25de716-b857-4fe2-bd68-e1a4e3338490" />
    <UnitTestResult executionId="e48e098c-6441-4681-8819-e9c4d98fb71c" testId="7c3bd97a-a125-9200-b1f2-a28a2e7a05fe" testName="FormatToStringTest1000(56802.303118930344d,&quot;56802.30 zł&quot;)" computerName="DESKTOP-5URQ9PB" duration="00:00:00.0000180" startTime="2022-06-13T21:13:14.3328872+02:00" endTime="2022-06-13T21:13:14.3329055+02:00" testType="13cdc9d9-ddb5-4fa4-a97d-d965ccfc6d4b" outcome="Passed" testListId="8c84fa94-04c1-424b-9868-57a2d4851a1d" relativeResultsDirectory="e48e098c-6441-4681-8819-e9c4d98fb71c" />
    <UnitTestResult executionId="5a10a375-c4cf-4c3c-b5d3-bb9c5a4d58c9" testId="1ea77442-f3cd-edae-4255-8405196cf08f" testName="FormatToStringTest1000(748.6264857065987d,&quot;748.63 zł&quot;)" computerName="DESKTOP-5URQ9PB" duration="00:00:00.0000180" startTime="2022-06-13T21:13:14.3290348+02:00" endTime="2022-06-13T21:13:14.3290523+02:00" testType="13cdc9d9-ddb5-4fa4-a97d-d965ccfc6d4b" outcome="Passed" testListId="8c84fa94-04c1-424b-9868-57a2d4851a1d" relativeResultsDirectory="5a10a375-c4cf-4c3c-b5d3-bb9c5a4d58c9" />
    <UnitTestResult executionId="2b3de5a9-4a8e-4ee7-937a-426083f020c7" testId="17734bbb-2d3a-adb5-e319-0683f12164eb" testName="FormatToStringTest1000(9816.961298880615d,&quot;9816.96 zł&quot;)" computerName="DESKTOP-5URQ9PB" duration="00:00:00.0000180" startTime="2022-06-13T21:13:14.3156453+02:00" endTime="2022-06-13T21:13:14.3156634+02:00" testType="13cdc9d9-ddb5-4fa4-a97d-d965ccfc6d4b" outcome="Passed" testListId="8c84fa94-04c1-424b-9868-57a2d4851a1d" relativeResultsDirectory="2b3de5a9-4a8e-4ee7-937a-426083f020c7" />
    <UnitTestResult executionId="fe556019-f9c1-4623-a953-9724ec2ae2f3" testId="3f7d9e9c-5ad3-f161-b9fe-a5f6a9ab40b4" testName="FormatToStringTest1000(18208.8422650126d,&quot;18208.84 zł&quot;)" computerName="DESKTOP-5URQ9PB" duration="00:00:00.0000180" startTime="2022-06-13T21:13:14.3238567+02:00" endTime="2022-06-13T21:13:14.3238747+02:00" testType="13cdc9d9-ddb5-4fa4-a97d-d965ccfc6d4b" outcome="Passed" testListId="8c84fa94-04c1-424b-9868-57a2d4851a1d" relativeResultsDirectory="fe556019-f9c1-4623-a953-9724ec2ae2f3" />
    <UnitTestResult executionId="c3e11700-97eb-4b40-9be5-77a3a4e29633" testId="a6621eb8-15a7-fc8e-d862-31d4f5bc69d0" testName="FormatToStringTest1000(27629.79121039193d,&quot;27629.79 zł&quot;)" computerName="DESKTOP-5URQ9PB" duration="00:00:00.0000200" startTime="2022-06-13T21:13:14.3262426+02:00" endTime="2022-06-13T21:13:14.3262660+02:00" testType="13cdc9d9-ddb5-4fa4-a97d-d965ccfc6d4b" outcome="Passed" testListId="8c84fa94-04c1-424b-9868-57a2d4851a1d" relativeResultsDirectory="c3e11700-97eb-4b40-9be5-77a3a4e29633" />
    <UnitTestResult executionId="91d5bdcb-424e-4ef3-a91b-f154689113c9" testId="942bc263-e8dd-056d-20fc-b03fc0f2fe09" testName="FormatToStringTest1000(6544.213759255695d,&quot;6544.21 zł&quot;)" computerName="DESKTOP-5URQ9PB" duration="00:00:00.0000180" startTime="2022-06-13T21:13:14.3387111+02:00" endTime="2022-06-13T21:13:14.3387290+02:00" testType="13cdc9d9-ddb5-4fa4-a97d-d965ccfc6d4b" outcome="Passed" testListId="8c84fa94-04c1-424b-9868-57a2d4851a1d" relativeResultsDirectory="91d5bdcb-424e-4ef3-a91b-f154689113c9" />
    <UnitTestResult executionId="918ef8da-dd56-46f1-b023-16f58896f52c" testId="0bdd31cf-560a-74a8-9cb0-f50b134f6e55" testName="FormatToStringTest1000(50339.31259969497d,&quot;50339.31 zł&quot;)" computerName="DESKTOP-5URQ9PB" duration="00:00:00.0000360" startTime="2022-06-13T21:13:14.3175303+02:00" endTime="2022-06-13T21:13:14.3175662+02:00" testType="13cdc9d9-ddb5-4fa4-a97d-d965ccfc6d4b" outcome="Passed" testListId="8c84fa94-04c1-424b-9868-57a2d4851a1d" relativeResultsDirectory="918ef8da-dd56-46f1-b023-16f58896f52c" />
    <UnitTestResult executionId="56a5f716-1321-4a54-a86c-b7333adf7e85" testId="610377d7-39b0-f1e5-075a-04c0ff0b06a2" testName="FormatToStringTest1000(19392.945535027862d,&quot;19392.95 zł&quot;)" computerName="DESKTOP-5URQ9PB" duration="00:00:00.0000180" startTime="2022-06-13T21:13:14.3255929+02:00" endTime="2022-06-13T21:13:14.3256109+02:00" testType="13cdc9d9-ddb5-4fa4-a97d-d965ccfc6d4b" outcome="Passed" testListId="8c84fa94-04c1-424b-9868-57a2d4851a1d" relativeResultsDirectory="56a5f716-1321-4a54-a86c-b7333adf7e85" />
    <UnitTestResult executionId="ee10c7bb-087c-48dd-99ad-7cd3b5736904" testId="23390089-a1b0-0859-3cf4-aeec4a54a63a" testName="FormatToStringTest1000(45887.58415794167d,&quot;45887.58 zł&quot;)" computerName="DESKTOP-5URQ9PB" duration="00:00:00.0000200" startTime="2022-06-13T21:13:14.3327387+02:00" endTime="2022-06-13T21:13:14.3327583+02:00" testType="13cdc9d9-ddb5-4fa4-a97d-d965ccfc6d4b" outcome="Passed" testListId="8c84fa94-04c1-424b-9868-57a2d4851a1d" relativeResultsDirectory="ee10c7bb-087c-48dd-99ad-7cd3b5736904" />
    <UnitTestResult executionId="2570b7ef-ecf9-439d-8473-3a3c3a1057b4" testId="a8b1a1f3-a70e-7194-337a-f959c6974971" testName="FormatToStringTest1000(17418.31302247863d,&quot;17418.31 zł&quot;)" computerName="DESKTOP-5URQ9PB" duration="00:00:00.0000190" startTime="2022-06-13T21:13:14.3251710+02:00" endTime="2022-06-13T21:13:14.3251895+02:00" testType="13cdc9d9-ddb5-4fa4-a97d-d965ccfc6d4b" outcome="Passed" testListId="8c84fa94-04c1-424b-9868-57a2d4851a1d" relativeResultsDirectory="2570b7ef-ecf9-439d-8473-3a3c3a1057b4" />
    <UnitTestResult executionId="5c4b940b-6a1e-4953-a2fa-0ee70fca97e0" testId="fde9a5ec-e687-8abc-b728-b7fb0bfbd8d4" testName="FormatToStringTest1000(78796.90433980194d,&quot;78796.90 zł&quot;)" computerName="DESKTOP-5URQ9PB" duration="00:00:00.0000190" startTime="2022-06-13T21:13:14.3219859+02:00" endTime="2022-06-13T21:13:14.3220050+02:00" testType="13cdc9d9-ddb5-4fa4-a97d-d965ccfc6d4b" outcome="Passed" testListId="8c84fa94-04c1-424b-9868-57a2d4851a1d" relativeResultsDirectory="5c4b940b-6a1e-4953-a2fa-0ee70fca97e0" />
    <UnitTestResult executionId="b2a9b15f-2d68-41ef-9e10-c1006a36f6af" testId="efc2a789-ae09-4bb7-d172-5f2d0e3cbf23" testName="FormatToStringTest1000(82228.32322510486d,&quot;82228.32 zł&quot;)" computerName="DESKTOP-5URQ9PB" duration="00:00:00.0000210" startTime="2022-06-13T21:13:14.3313173+02:00" endTime="2022-06-13T21:13:14.3313380+02:00" testType="13cdc9d9-ddb5-4fa4-a97d-d965ccfc6d4b" outcome="Passed" testListId="8c84fa94-04c1-424b-9868-57a2d4851a1d" relativeResultsDirectory="b2a9b15f-2d68-41ef-9e10-c1006a36f6af" />
    <UnitTestResult executionId="04603db0-549d-441b-87b7-6449b77a2246" testId="e384d116-33c4-57e3-344d-6dd941c8a721" testName="FormatToStringTest1000(30199.386730006612d,&quot;30199.39 zł&quot;)" computerName="DESKTOP-5URQ9PB" duration="00:00:00.0000190" startTime="2022-06-13T21:13:14.3394381+02:00" endTime="2022-06-13T21:13:14.3394571+02:00" testType="13cdc9d9-ddb5-4fa4-a97d-d965ccfc6d4b" outcome="Passed" testListId="8c84fa94-04c1-424b-9868-57a2d4851a1d" relativeResultsDirectory="04603db0-549d-441b-87b7-6449b77a2246" />
    <UnitTestResult executionId="bc0b6015-bd18-475e-b3f3-ce3ce2ff833e" testId="832e2e19-99a8-b743-8cd7-c0180c963ece" testName="FormatToStringTest1000(5140.16338917155d,&quot;5140.16 zł&quot;)" computerName="DESKTOP-5URQ9PB" duration="00:00:00.0000240" startTime="2022-06-13T21:13:14.3332295+02:00" endTime="2022-06-13T21:13:14.3332535+02:00" testType="13cdc9d9-ddb5-4fa4-a97d-d965ccfc6d4b" outcome="Passed" testListId="8c84fa94-04c1-424b-9868-57a2d4851a1d" relativeResultsDirectory="bc0b6015-bd18-475e-b3f3-ce3ce2ff833e" />
    <UnitTestResult executionId="8ac10870-6172-4c26-953f-60bc6e9c41da" testId="39df2f5c-e533-7912-e8a8-0244d814b70f" testName="FormatToStringTest1000(24030.724859085738d,&quot;24030.72 zł&quot;)" computerName="DESKTOP-5URQ9PB" duration="00:00:00.0000190" startTime="2022-06-13T21:13:14.3393405+02:00" endTime="2022-06-13T21:13:14.3393590+02:00" testType="13cdc9d9-ddb5-4fa4-a97d-d965ccfc6d4b" outcome="Passed" testListId="8c84fa94-04c1-424b-9868-57a2d4851a1d" relativeResultsDirectory="8ac10870-6172-4c26-953f-60bc6e9c41da" />
    <UnitTestResult executionId="97af1982-18ef-42d8-9d9e-1a84018af7ea" testId="bf7aea95-4edb-be07-7de0-fdb7b0e337d5" testName="FormatToStringTest1000(40241.790964380736d,&quot;40241.79 zł&quot;)" computerName="DESKTOP-5URQ9PB" duration="00:00:00.0000180" startTime="2022-06-13T21:13:14.3395868+02:00" endTime="2022-06-13T21:13:14.3396049+02:00" testType="13cdc9d9-ddb5-4fa4-a97d-d965ccfc6d4b" outcome="Passed" testListId="8c84fa94-04c1-424b-9868-57a2d4851a1d" relativeResultsDirectory="97af1982-18ef-42d8-9d9e-1a84018af7ea" />
    <UnitTestResult executionId="694ddce1-05d9-43b3-9690-e5791ed3d4a6" testId="e8dae4f6-1eb2-866f-8693-bdd69c27bed8" testName="FormatToStringTest1000(1884.4923513031063d,&quot;1884.49 zł&quot;)" computerName="DESKTOP-5URQ9PB" duration="00:00:00.0000330" startTime="2022-06-13T21:13:14.3311749+02:00" endTime="2022-06-13T21:13:14.3312072+02:00" testType="13cdc9d9-ddb5-4fa4-a97d-d965ccfc6d4b" outcome="Passed" testListId="8c84fa94-04c1-424b-9868-57a2d4851a1d" relativeResultsDirectory="694ddce1-05d9-43b3-9690-e5791ed3d4a6" />
    <UnitTestResult executionId="5fac7ff9-771a-4cf9-a9e9-a9edead79430" testId="c813b080-ad5f-d9e2-c675-1e1394f00010" testName="FormatToStringTest1000(20244.692955315437d,&quot;20244.69 zł&quot;)" computerName="DESKTOP-5URQ9PB" duration="00:00:00.0000190" startTime="2022-06-13T21:13:14.3169719+02:00" endTime="2022-06-13T21:13:14.3169908+02:00" testType="13cdc9d9-ddb5-4fa4-a97d-d965ccfc6d4b" outcome="Passed" testListId="8c84fa94-04c1-424b-9868-57a2d4851a1d" relativeResultsDirectory="5fac7ff9-771a-4cf9-a9e9-a9edead79430" />
    <UnitTestResult executionId="ca4f07d6-392d-4fd8-8271-778d209e4037" testId="fa43237f-8d58-c9ec-b71e-9d381e3b47f2" testName="FormatToStringTest1000(12091.219941106729d,&quot;12091.22 zł&quot;)" computerName="DESKTOP-5URQ9PB" duration="00:00:00.0000180" startTime="2022-06-13T21:13:14.3233179+02:00" endTime="2022-06-13T21:13:14.3233355+02:00" testType="13cdc9d9-ddb5-4fa4-a97d-d965ccfc6d4b" outcome="Passed" testListId="8c84fa94-04c1-424b-9868-57a2d4851a1d" relativeResultsDirectory="ca4f07d6-392d-4fd8-8271-778d209e4037" />
    <UnitTestResult executionId="7fb67ec9-41c0-4c69-96d1-9b6df4bd68c0" testId="942f2440-35ec-8291-0e34-266a90087e97" testName="FormatToStringTest1000(12641.700665183225d,&quot;12641.70 zł&quot;)" computerName="DESKTOP-5URQ9PB" duration="00:00:00.0000180" startTime="2022-06-13T21:13:14.3241002+02:00" endTime="2022-06-13T21:13:14.3241181+02:00" testType="13cdc9d9-ddb5-4fa4-a97d-d965ccfc6d4b" outcome="Passed" testListId="8c84fa94-04c1-424b-9868-57a2d4851a1d" relativeResultsDirectory="7fb67ec9-41c0-4c69-96d1-9b6df4bd68c0" />
    <UnitTestResult executionId="6df22f21-a05d-4fa8-9d71-f4983fe4a8a1" testId="d00dfd16-6967-b6b7-0f2f-9403bdf758f6" testName="FormatToStringTest1000(86.89546322771136d,&quot;86.90 zł&quot;)" computerName="DESKTOP-5URQ9PB" duration="00:00:00.0000190" startTime="2022-06-13T21:13:14.3161337+02:00" endTime="2022-06-13T21:13:14.3161530+02:00" testType="13cdc9d9-ddb5-4fa4-a97d-d965ccfc6d4b" outcome="Passed" testListId="8c84fa94-04c1-424b-9868-57a2d4851a1d" relativeResultsDirectory="6df22f21-a05d-4fa8-9d71-f4983fe4a8a1" />
    <UnitTestResult executionId="886ac14b-e880-41a3-91db-b763f17faff2" testId="a0b62237-e6b4-ed13-bf88-ac0909d8c7c4" testName="FormatToStringTest1000(11871.427211910219d,&quot;11871.43 zł&quot;)" computerName="DESKTOP-5URQ9PB" duration="00:00:00.0000190" startTime="2022-06-13T21:13:14.3305773+02:00" endTime="2022-06-13T21:13:14.3305961+02:00" testType="13cdc9d9-ddb5-4fa4-a97d-d965ccfc6d4b" outcome="Passed" testListId="8c84fa94-04c1-424b-9868-57a2d4851a1d" relativeResultsDirectory="886ac14b-e880-41a3-91db-b763f17faff2" />
    <UnitTestResult executionId="8521e963-648d-4c7f-ada5-892510b78c08" testId="a64a893d-a7c9-f50c-de3c-debed5fa79b5" testName="FormatToStringTest1000(15841.26419853478d,&quot;15841.26 zł&quot;)" computerName="DESKTOP-5URQ9PB" duration="00:00:00.0000180" startTime="2022-06-13T21:13:14.3394633+02:00" endTime="2022-06-13T21:13:14.3394816+02:00" testType="13cdc9d9-ddb5-4fa4-a97d-d965ccfc6d4b" outcome="Passed" testListId="8c84fa94-04c1-424b-9868-57a2d4851a1d" relativeResultsDirectory="8521e963-648d-4c7f-ada5-892510b78c08" />
    <UnitTestResult executionId="c7f24de3-40a5-45ca-a6cb-5e42c1cb7589" testId="7b53b99d-252e-844e-10ce-3552b8f6980f" testName="FormatToStringTest1000(28072.424637532058d,&quot;28072.42 zł&quot;)" computerName="DESKTOP-5URQ9PB" duration="00:00:00.0000190" startTime="2022-06-13T21:13:14.3161836+02:00" endTime="2022-06-13T21:13:14.3162023+02:00" testType="13cdc9d9-ddb5-4fa4-a97d-d965ccfc6d4b" outcome="Passed" testListId="8c84fa94-04c1-424b-9868-57a2d4851a1d" relativeResultsDirectory="c7f24de3-40a5-45ca-a6cb-5e42c1cb7589" />
    <UnitTestResult executionId="28a4c488-485d-45da-ab42-ba58f4134ebc" testId="e38d99c7-c0fe-6520-2d4e-c3d7dce714b0" testName="FormatToStringTest1000(38253.101637909705d,&quot;38253.10 zł&quot;)" computerName="DESKTOP-5URQ9PB" duration="00:00:00.0000190" startTime="2022-06-13T21:13:14.3341594+02:00" endTime="2022-06-13T21:13:14.3341778+02:00" testType="13cdc9d9-ddb5-4fa4-a97d-d965ccfc6d4b" outcome="Passed" testListId="8c84fa94-04c1-424b-9868-57a2d4851a1d" relativeResultsDirectory="28a4c488-485d-45da-ab42-ba58f4134ebc" />
    <UnitTestResult executionId="9a915e6a-04bb-49a4-ac65-e1ab972180ca" testId="8184eede-89c1-758f-6b98-b1536f1bc7e0" testName="FormatToStringTest1000(49256.47455728635d,&quot;49256.47 zł&quot;)" computerName="DESKTOP-5URQ9PB" duration="00:00:00.0000180" startTime="2022-06-13T21:13:14.3416701+02:00" endTime="2022-06-13T21:13:14.3416880+02:00" testType="13cdc9d9-ddb5-4fa4-a97d-d965ccfc6d4b" outcome="Passed" testListId="8c84fa94-04c1-424b-9868-57a2d4851a1d" relativeResultsDirectory="9a915e6a-04bb-49a4-ac65-e1ab972180ca" />
    <UnitTestResult executionId="f915d77d-f849-4347-927a-5bbcf758d938" testId="aadeeabc-272f-9cbf-16ad-69443e81df6f" testName="FormatToStringTest1000(3846.644792262765d,&quot;3846.64 zł&quot;)" computerName="DESKTOP-5URQ9PB" duration="00:00:00.0000240" startTime="2022-06-13T21:13:14.3232390+02:00" endTime="2022-06-13T21:13:14.3232630+02:00" testType="13cdc9d9-ddb5-4fa4-a97d-d965ccfc6d4b" outcome="Passed" testListId="8c84fa94-04c1-424b-9868-57a2d4851a1d" relativeResultsDirectory="f915d77d-f849-4347-927a-5bbcf758d938" />
    <UnitTestResult executionId="eb3daaca-8b99-4765-b8d8-f6a4895b5d2a" testId="726ca756-5ddd-cb5f-72a7-3e3a70b8c971" testName="FormatToStringTest1000(1208.1827589441941d,&quot;1208.18 zł&quot;)" computerName="DESKTOP-5URQ9PB" duration="00:00:00.0000180" startTime="2022-06-13T21:13:14.3167526+02:00" endTime="2022-06-13T21:13:14.3167709+02:00" testType="13cdc9d9-ddb5-4fa4-a97d-d965ccfc6d4b" outcome="Passed" testListId="8c84fa94-04c1-424b-9868-57a2d4851a1d" relativeResultsDirectory="eb3daaca-8b99-4765-b8d8-f6a4895b5d2a" />
    <UnitTestResult executionId="f876b93c-70ec-4666-8998-873b0ad4ad4c" testId="112e422e-04b2-3ba3-ad56-a1e5d3cfbd79" testName="FormatToStringTest1000(5247.779940802501d,&quot;5247.78 zł&quot;)" computerName="DESKTOP-5URQ9PB" duration="00:00:00.0000200" startTime="2022-06-13T21:13:14.3423824+02:00" endTime="2022-06-13T21:13:14.3424027+02:00" testType="13cdc9d9-ddb5-4fa4-a97d-d965ccfc6d4b" outcome="Passed" testListId="8c84fa94-04c1-424b-9868-57a2d4851a1d" relativeResultsDirectory="f876b93c-70ec-4666-8998-873b0ad4ad4c" />
    <UnitTestResult executionId="a7ad3829-ebb9-4ee4-b438-d9fe4ef2a444" testId="506d41c9-bfc8-bf08-1307-c55fbf29a8e5" testName="FormatToStringTest1000(15566.957545477411d,&quot;15566.96 zł&quot;)" computerName="DESKTOP-5URQ9PB" duration="00:00:00.0000360" startTime="2022-06-13T21:13:14.3178100+02:00" endTime="2022-06-13T21:13:14.3178452+02:00" testType="13cdc9d9-ddb5-4fa4-a97d-d965ccfc6d4b" outcome="Passed" testListId="8c84fa94-04c1-424b-9868-57a2d4851a1d" relativeResultsDirectory="a7ad3829-ebb9-4ee4-b438-d9fe4ef2a444" />
    <UnitTestResult executionId="df25c5c3-d3b2-4af2-bf7f-bfa7e7367222" testId="fd4f7d41-f937-f359-41b7-f6b589c2bdd7" testName="FormatToStringTest1000(25272.05048361283d,&quot;25272.05 zł&quot;)" computerName="DESKTOP-5URQ9PB" duration="00:00:00.0000190" startTime="2022-06-13T21:13:14.3395616+02:00" endTime="2022-06-13T21:13:14.3395806+02:00" testType="13cdc9d9-ddb5-4fa4-a97d-d965ccfc6d4b" outcome="Passed" testListId="8c84fa94-04c1-424b-9868-57a2d4851a1d" relativeResultsDirectory="df25c5c3-d3b2-4af2-bf7f-bfa7e7367222" />
    <UnitTestResult executionId="14e7d907-6f03-4f0e-b75c-0fede26556cf" testId="29ce62dc-57a0-98b0-2349-436efa39dc09" testName="FormatToStringTest1000(64568.131500027666d,&quot;64568.13 zł&quot;)" computerName="DESKTOP-5URQ9PB" duration="00:00:00.0000190" startTime="2022-06-13T21:13:14.3364162+02:00" endTime="2022-06-13T21:13:14.3364347+02:00" testType="13cdc9d9-ddb5-4fa4-a97d-d965ccfc6d4b" outcome="Passed" testListId="8c84fa94-04c1-424b-9868-57a2d4851a1d" relativeResultsDirectory="14e7d907-6f03-4f0e-b75c-0fede26556cf" />
    <UnitTestResult executionId="8c855418-5ddb-4187-b9c0-0e1da783ceaa" testId="37d70f53-ca13-79ab-c67c-fecd55be0876" testName="FormatToStringTest1000(29678.921519093645d,&quot;29678.92 zł&quot;)" computerName="DESKTOP-5URQ9PB" duration="00:00:00.0000180" startTime="2022-06-13T21:13:14.3319648+02:00" endTime="2022-06-13T21:13:14.3319825+02:00" testType="13cdc9d9-ddb5-4fa4-a97d-d965ccfc6d4b" outcome="Passed" testListId="8c84fa94-04c1-424b-9868-57a2d4851a1d" relativeResultsDirectory="8c855418-5ddb-4187-b9c0-0e1da783ceaa" />
    <UnitTestResult executionId="a87bdf0a-9bd2-49ce-a4fd-d5a184b92add" testId="026ac8cf-e708-7f65-282f-a4f25298f17b" testName="FormatToStringTest1000(54088.326214851964d,&quot;54088.33 zł&quot;)" computerName="DESKTOP-5URQ9PB" duration="00:00:00.0000340" startTime="2022-06-13T21:13:14.3205633+02:00" endTime="2022-06-13T21:13:14.3205971+02:00" testType="13cdc9d9-ddb5-4fa4-a97d-d965ccfc6d4b" outcome="Passed" testListId="8c84fa94-04c1-424b-9868-57a2d4851a1d" relativeResultsDirectory="a87bdf0a-9bd2-49ce-a4fd-d5a184b92add" />
    <UnitTestResult executionId="edb45702-303f-4f16-87f2-f5e5f8b58acc" testId="a2324ec9-fe68-9e74-cace-8efe295e824d" testName="FormatToStringTest1000(43424.45140075332d,&quot;43424.45 zł&quot;)" computerName="DESKTOP-5URQ9PB" duration="00:00:00.0000180" startTime="2022-06-13T21:13:14.3292098+02:00" endTime="2022-06-13T21:13:14.3292275+02:00" testType="13cdc9d9-ddb5-4fa4-a97d-d965ccfc6d4b" outcome="Passed" testListId="8c84fa94-04c1-424b-9868-57a2d4851a1d" relativeResultsDirectory="edb45702-303f-4f16-87f2-f5e5f8b58acc" />
    <UnitTestResult executionId="4aa62b5b-b3aa-47a2-8961-e6fabdb6560c" testId="c799afbc-d101-a624-f73a-4e94981b0f2a" testName="FormatToStringTest1000(6820.105136090938d,&quot;6820.11 zł&quot;)" computerName="DESKTOP-5URQ9PB" duration="00:00:00.0000200" startTime="2022-06-13T21:13:14.3379008+02:00" endTime="2022-06-13T21:13:14.3379203+02:00" testType="13cdc9d9-ddb5-4fa4-a97d-d965ccfc6d4b" outcome="Passed" testListId="8c84fa94-04c1-424b-9868-57a2d4851a1d" relativeResultsDirectory="4aa62b5b-b3aa-47a2-8961-e6fabdb6560c" />
    <UnitTestResult executionId="a1f167a7-63cd-4fd0-8652-c639511a99ec" testId="f20c73fc-7f07-e8ef-25e3-d34c7ca18877" testName="FormatToStringTest1000(32218.080508120394d,&quot;32218.08 zł&quot;)" computerName="DESKTOP-5URQ9PB" duration="00:00:00.0000270" startTime="2022-06-13T21:13:14.3185749+02:00" endTime="2022-06-13T21:13:14.3186019+02:00" testType="13cdc9d9-ddb5-4fa4-a97d-d965ccfc6d4b" outcome="Passed" testListId="8c84fa94-04c1-424b-9868-57a2d4851a1d" relativeResultsDirectory="a1f167a7-63cd-4fd0-8652-c639511a99ec" />
    <UnitTestResult executionId="b369ecad-fde2-4063-8c91-05da2e1d39ee" testId="bf8e531c-343c-5c0a-d3e5-66c9023885a3" testName="FormatToStringTest1000(100.45267071130345d,&quot;100.45 zł&quot;)" computerName="DESKTOP-5URQ9PB" duration="00:00:00.0000180" startTime="2022-06-13T21:13:14.3228203+02:00" endTime="2022-06-13T21:13:14.3228382+02:00" testType="13cdc9d9-ddb5-4fa4-a97d-d965ccfc6d4b" outcome="Passed" testListId="8c84fa94-04c1-424b-9868-57a2d4851a1d" relativeResultsDirectory="b369ecad-fde2-4063-8c91-05da2e1d39ee" />
    <UnitTestResult executionId="e0c92fd7-c000-4970-8d0e-405f964f0ddb" testId="8257a4bf-ab18-2761-6e92-b21983b2b798" testName="FormatToStringTest1000(15129.433864736666d,&quot;15129.43 zł&quot;)" computerName="DESKTOP-5URQ9PB" duration="00:00:00.0000190" startTime="2022-06-13T21:13:14.3379793+02:00" endTime="2022-06-13T21:13:14.3379984+02:00" testType="13cdc9d9-ddb5-4fa4-a97d-d965ccfc6d4b" outcome="Passed" testListId="8c84fa94-04c1-424b-9868-57a2d4851a1d" relativeResultsDirectory="e0c92fd7-c000-4970-8d0e-405f964f0ddb" />
    <UnitTestResult executionId="9eed4626-877a-41e6-af36-0b6ff6c92b29" testId="c8d9f475-0d2c-01ff-49f8-896beab958d5" testName="FormatToStringTest1000(4525.609305084501d,&quot;4525.61 zł&quot;)" computerName="DESKTOP-5URQ9PB" duration="00:00:00.0000190" startTime="2022-06-13T21:13:14.3335116+02:00" endTime="2022-06-13T21:13:14.3335303+02:00" testType="13cdc9d9-ddb5-4fa4-a97d-d965ccfc6d4b" outcome="Passed" testListId="8c84fa94-04c1-424b-9868-57a2d4851a1d" relativeResultsDirectory="9eed4626-877a-41e6-af36-0b6ff6c92b29" />
    <UnitTestResult executionId="47414377-3780-4958-98f2-4ff62a4bc79a" testId="9c16a4f2-9784-74bb-775d-5911328260bf" testName="FormatToStringTest1000(13568.230982493717d,&quot;13568.23 zł&quot;)" computerName="DESKTOP-5URQ9PB" duration="00:00:00.0000180" startTime="2022-06-13T21:13:14.3314442+02:00" endTime="2022-06-13T21:13:14.3314624+02:00" testType="13cdc9d9-ddb5-4fa4-a97d-d965ccfc6d4b" outcome="Passed" testListId="8c84fa94-04c1-424b-9868-57a2d4851a1d" relativeResultsDirectory="47414377-3780-4958-98f2-4ff62a4bc79a" />
    <UnitTestResult executionId="8ffa41a9-effc-4f65-8049-27e60e79a094" testId="a9f22fa3-b7d2-f6d4-3197-1e8215934f1f" testName="FormatToStringTest1000(65947.64520381515d,&quot;65947.65 zł&quot;)" computerName="DESKTOP-5URQ9PB" duration="00:00:00.0000180" startTime="2022-06-13T21:13:14.3304310+02:00" endTime="2022-06-13T21:13:14.3304490+02:00" testType="13cdc9d9-ddb5-4fa4-a97d-d965ccfc6d4b" outcome="Passed" testListId="8c84fa94-04c1-424b-9868-57a2d4851a1d" relativeResultsDirectory="8ffa41a9-effc-4f65-8049-27e60e79a094" />
    <UnitTestResult executionId="f645180d-14a2-4b03-81dc-17818baab37d" testId="b923c1df-de90-30ce-6175-be67d41806a2" testName="FormatToStringTest1000(58459.03113649601d,&quot;58459.03 zł&quot;)" computerName="DESKTOP-5URQ9PB" duration="00:00:00.0000180" startTime="2022-06-13T21:13:14.3331319+02:00" endTime="2022-06-13T21:13:14.3331498+02:00" testType="13cdc9d9-ddb5-4fa4-a97d-d965ccfc6d4b" outcome="Passed" testListId="8c84fa94-04c1-424b-9868-57a2d4851a1d" relativeResultsDirectory="f645180d-14a2-4b03-81dc-17818baab37d" />
    <UnitTestResult executionId="74ac5232-cf4f-451c-a8c5-c2641a7eea20" testId="d2b12152-aa29-786c-7dfa-f4b6b5aa2a7e" testName="FormatToStringTest1000(3503.9809179231434d,&quot;3503.98 zł&quot;)" computerName="DESKTOP-5URQ9PB" duration="00:00:00.0000230" startTime="2022-06-13T21:13:14.3294908+02:00" endTime="2022-06-13T21:13:14.3295132+02:00" testType="13cdc9d9-ddb5-4fa4-a97d-d965ccfc6d4b" outcome="Passed" testListId="8c84fa94-04c1-424b-9868-57a2d4851a1d" relativeResultsDirectory="74ac5232-cf4f-451c-a8c5-c2641a7eea20" />
    <UnitTestResult executionId="2788d716-d89c-4574-bd5f-d128dacfbc4f" testId="8f24487f-448e-3b5a-351c-88c069a107d6" testName="FormatToStringTest1000(56286.70397975702d,&quot;56286.70 zł&quot;)" computerName="DESKTOP-5URQ9PB" duration="00:00:00.0000180" startTime="2022-06-13T21:13:14.3346712+02:00" endTime="2022-06-13T21:13:14.3346893+02:00" testType="13cdc9d9-ddb5-4fa4-a97d-d965ccfc6d4b" outcome="Passed" testListId="8c84fa94-04c1-424b-9868-57a2d4851a1d" relativeResultsDirectory="2788d716-d89c-4574-bd5f-d128dacfbc4f" />
    <UnitTestResult executionId="19672731-bc09-48e3-86e8-da8f029a3f9f" testId="5c165fdb-5b2a-6ca5-1c7a-4f504d003e95" testName="FormatToStringTest1000(35905.47425787219d,&quot;35905.47 zł&quot;)" computerName="DESKTOP-5URQ9PB" duration="00:00:00.0000180" startTime="2022-06-13T21:13:14.3412139+02:00" endTime="2022-06-13T21:13:14.3412321+02:00" testType="13cdc9d9-ddb5-4fa4-a97d-d965ccfc6d4b" outcome="Passed" testListId="8c84fa94-04c1-424b-9868-57a2d4851a1d" relativeResultsDirectory="19672731-bc09-48e3-86e8-da8f029a3f9f" />
    <UnitTestResult executionId="47e2cc3b-bfb5-40c8-817a-1d08918a3185" testId="ea0b7c7a-ce24-46f7-0862-63029307593e" testName="FormatToStringTest1000(2339.5873176472205d,&quot;2339.59 zł&quot;)" computerName="DESKTOP-5URQ9PB" duration="00:00:00.0000180" startTime="2022-06-13T21:13:14.3289861+02:00" endTime="2022-06-13T21:13:14.3290039+02:00" testType="13cdc9d9-ddb5-4fa4-a97d-d965ccfc6d4b" outcome="Passed" testListId="8c84fa94-04c1-424b-9868-57a2d4851a1d" relativeResultsDirectory="47e2cc3b-bfb5-40c8-817a-1d08918a3185" />
    <UnitTestResult executionId="e997e361-f11e-4bc5-9aa2-70a5b0688ebb" testId="b9452443-27e0-9ab0-1723-70a405c1b43f" testName="FormatToStringTest1000(1741.3334432818617d,&quot;1741.33 zł&quot;)" computerName="DESKTOP-5URQ9PB" duration="00:00:00.0000190" startTime="2022-06-13T21:13:14.3168747+02:00" endTime="2022-06-13T21:13:14.3168932+02:00" testType="13cdc9d9-ddb5-4fa4-a97d-d965ccfc6d4b" outcome="Passed" testListId="8c84fa94-04c1-424b-9868-57a2d4851a1d" relativeResultsDirectory="e997e361-f11e-4bc5-9aa2-70a5b0688ebb" />
    <UnitTestResult executionId="2d047afa-3f21-4ad0-ba6c-a46b03d0aadf" testId="45d434bd-96d2-7ca0-c594-4cf5e3f89416" testName="FormatToStringTest1000(3092.9215945624383d,&quot;3092.92 zł&quot;)" computerName="DESKTOP-5URQ9PB" duration="00:00:00.0000190" startTime="2022-06-13T21:13:14.3318648+02:00" endTime="2022-06-13T21:13:14.3318834+02:00" testType="13cdc9d9-ddb5-4fa4-a97d-d965ccfc6d4b" outcome="Passed" testListId="8c84fa94-04c1-424b-9868-57a2d4851a1d" relativeResultsDirectory="2d047afa-3f21-4ad0-ba6c-a46b03d0aadf" />
    <UnitTestResult executionId="9602f4ff-7d4d-4e5e-ab36-2612faf90d3f" testId="6a5dc4fe-eaa1-ef57-2e33-6170c4a0ea22" testName="FormatToStringTest1000(801.5720517614726d,&quot;801.57 zł&quot;)" computerName="DESKTOP-5URQ9PB" duration="00:00:00.0000200" startTime="2022-06-13T21:13:14.3273150+02:00" endTime="2022-06-13T21:13:14.3273343+02:00" testType="13cdc9d9-ddb5-4fa4-a97d-d965ccfc6d4b" outcome="Passed" testListId="8c84fa94-04c1-424b-9868-57a2d4851a1d" relativeResultsDirectory="9602f4ff-7d4d-4e5e-ab36-2612faf90d3f" />
    <UnitTestResult executionId="afb5170d-7008-413e-89b6-261dfb9f768f" testId="ed2b1e2d-f079-ec9f-030f-6c4deaa52702" testName="FormatToStringTest1000(19462.729986486367d,&quot;19462.73 zł&quot;)" computerName="DESKTOP-5URQ9PB" duration="00:00:00.0000190" startTime="2022-06-13T21:13:14.3344441+02:00" endTime="2022-06-13T21:13:14.3344626+02:00" testType="13cdc9d9-ddb5-4fa4-a97d-d965ccfc6d4b" outcome="Passed" testListId="8c84fa94-04c1-424b-9868-57a2d4851a1d" relativeResultsDirectory="afb5170d-7008-413e-89b6-261dfb9f768f" />
    <UnitTestResult executionId="1c6d56ce-2423-4203-96b9-94e4d4f1c2c9" testId="705f4fef-5f3d-03f1-6410-c3ee16921998" testName="FormatToStringTest1000(11100.829211263372d,&quot;11100.83 zł&quot;)" computerName="DESKTOP-5URQ9PB" duration="00:00:00.0000190" startTime="2022-06-13T21:13:14.3159519+02:00" endTime="2022-06-13T21:13:14.3159711+02:00" testType="13cdc9d9-ddb5-4fa4-a97d-d965ccfc6d4b" outcome="Passed" testListId="8c84fa94-04c1-424b-9868-57a2d4851a1d" relativeResultsDirectory="1c6d56ce-2423-4203-96b9-94e4d4f1c2c9" />
    <UnitTestResult executionId="ba19e83e-e26e-424b-b67d-c11b3ae01372" testId="ddcae2eb-b1a6-813a-a49c-5333a490205e" testName="FormatToStringTest1000(29845.02749849345d,&quot;29845.03 zł&quot;)" computerName="DESKTOP-5URQ9PB" duration="00:00:00.0000180" startTime="2022-06-13T21:13:14.3241969+02:00" endTime="2022-06-13T21:13:14.3242148+02:00" testType="13cdc9d9-ddb5-4fa4-a97d-d965ccfc6d4b" outcome="Passed" testListId="8c84fa94-04c1-424b-9868-57a2d4851a1d" relativeResultsDirectory="ba19e83e-e26e-424b-b67d-c11b3ae01372" />
    <UnitTestResult executionId="c4fca8c8-ef78-4b00-b6ad-eb6b64de1d94" testId="c2833739-846c-dde5-0033-1a2de8fc4d5a" testName="FormatToStringTest1000(74514.06270644537d,&quot;74514.06 zł&quot;)" computerName="DESKTOP-5URQ9PB" duration="00:00:00.0000380" startTime="2022-06-13T21:13:14.3183284+02:00" endTime="2022-06-13T21:13:14.3183655+02:00" testType="13cdc9d9-ddb5-4fa4-a97d-d965ccfc6d4b" outcome="Passed" testListId="8c84fa94-04c1-424b-9868-57a2d4851a1d" relativeResultsDirectory="c4fca8c8-ef78-4b00-b6ad-eb6b64de1d94" />
    <UnitTestResult executionId="1ef28c7d-8f58-4f49-bc99-6f9bd140d480" testId="9a937ae8-d764-8210-812b-522cffbf8c6f" testName="FormatToStringTest1000(45739.569854490255d,&quot;45739.57 zł&quot;)" computerName="DESKTOP-5URQ9PB" duration="00:00:00.0000180" startTime="2022-06-13T21:13:14.3381057+02:00" endTime="2022-06-13T21:13:14.3381233+02:00" testType="13cdc9d9-ddb5-4fa4-a97d-d965ccfc6d4b" outcome="Passed" testListId="8c84fa94-04c1-424b-9868-57a2d4851a1d" relativeResultsDirectory="1ef28c7d-8f58-4f49-bc99-6f9bd140d480" />
    <UnitTestResult executionId="ec5db254-9842-49b4-8545-fe49358fb250" testId="b5f26849-7f95-8deb-3e82-07db33467afb" testName="FormatToStringTest1000(61324.33752458279d,&quot;61324.34 zł&quot;)" computerName="DESKTOP-5URQ9PB" duration="00:00:00.0000180" startTime="2022-06-13T21:13:14.3270573+02:00" endTime="2022-06-13T21:13:14.3270754+02:00" testType="13cdc9d9-ddb5-4fa4-a97d-d965ccfc6d4b" outcome="Passed" testListId="8c84fa94-04c1-424b-9868-57a2d4851a1d" relativeResultsDirectory="ec5db254-9842-49b4-8545-fe49358fb250" />
    <UnitTestResult executionId="446cf848-0322-4a7d-850a-2bcbf6c6a9bd" testId="632ea7a5-ff19-c828-ab06-71f1c1ae0c57" testName="FormatToStringTest1000(15861.139287455073d,&quot;15861.14 zł&quot;)" computerName="DESKTOP-5URQ9PB" duration="00:00:00.0000190" startTime="2022-06-13T21:13:14.3248566+02:00" endTime="2022-06-13T21:13:14.3248750+02:00" testType="13cdc9d9-ddb5-4fa4-a97d-d965ccfc6d4b" outcome="Passed" testListId="8c84fa94-04c1-424b-9868-57a2d4851a1d" relativeResultsDirectory="446cf848-0322-4a7d-850a-2bcbf6c6a9bd" />
    <UnitTestResult executionId="9027a513-e6ad-4cfa-8578-ce30d30764e4" testId="b8f799c6-5cbe-3da8-b8f8-1ee56d7fcf02" testName="FormatToStringTest1000(11584.045280779732d,&quot;11584.05 zł&quot;)" computerName="DESKTOP-5URQ9PB" duration="00:00:00.0000190" startTime="2022-06-13T21:13:14.3369812+02:00" endTime="2022-06-13T21:13:14.3369998+02:00" testType="13cdc9d9-ddb5-4fa4-a97d-d965ccfc6d4b" outcome="Passed" testListId="8c84fa94-04c1-424b-9868-57a2d4851a1d" relativeResultsDirectory="9027a513-e6ad-4cfa-8578-ce30d30764e4" />
    <UnitTestResult executionId="1b37d3eb-1cd2-4980-8031-2d9514d3d653" testId="1ea79024-ef1b-d483-be8e-220bc24bf693" testName="FormatToStringTest1000(835.1578487740633d,&quot;835.16 zł&quot;)" computerName="DESKTOP-5URQ9PB" duration="00:00:00.0000190" startTime="2022-06-13T21:13:14.3314687+02:00" endTime="2022-06-13T21:13:14.3314876+02:00" testType="13cdc9d9-ddb5-4fa4-a97d-d965ccfc6d4b" outcome="Passed" testListId="8c84fa94-04c1-424b-9868-57a2d4851a1d" relativeResultsDirectory="1b37d3eb-1cd2-4980-8031-2d9514d3d653" />
    <UnitTestResult executionId="3f5b723c-a1e9-4ae2-ac3d-c6a6c70efde8" testId="b09e548c-5a83-3ac9-fa3f-e5118e38e1d9" testName="FormatToStringTest1000(2166.4103293970275d,&quot;2166.41 zł&quot;)" computerName="DESKTOP-5URQ9PB" duration="00:00:00.0000180" startTime="2022-06-13T21:13:14.3301994+02:00" endTime="2022-06-13T21:13:14.3302173+02:00" testType="13cdc9d9-ddb5-4fa4-a97d-d965ccfc6d4b" outcome="Passed" testListId="8c84fa94-04c1-424b-9868-57a2d4851a1d" relativeResultsDirectory="3f5b723c-a1e9-4ae2-ac3d-c6a6c70efde8" />
    <UnitTestResult executionId="2795d282-c70b-4bd8-a776-176d4f62c451" testId="ea6215af-9f7a-dfd2-1e42-d16863c438d5" testName="FormatToStringTest1000(7377.5644264340235d,&quot;7377.56 zł&quot;)" computerName="DESKTOP-5URQ9PB" duration="00:00:00.0000200" startTime="2022-06-13T21:13:14.3392645+02:00" endTime="2022-06-13T21:13:14.3392843+02:00" testType="13cdc9d9-ddb5-4fa4-a97d-d965ccfc6d4b" outcome="Passed" testListId="8c84fa94-04c1-424b-9868-57a2d4851a1d" relativeResultsDirectory="2795d282-c70b-4bd8-a776-176d4f62c451" />
    <UnitTestResult executionId="a48d5156-0b83-405b-b317-53935626edb0" testId="80ed38c5-93c8-ab9c-2988-31b35fec47a3" testName="FormatToStringTest1000(22557.09603308099d,&quot;22557.10 zł&quot;)" computerName="DESKTOP-5URQ9PB" duration="00:00:00.0000190" startTime="2022-06-13T21:13:14.3253993+02:00" endTime="2022-06-13T21:13:14.3254182+02:00" testType="13cdc9d9-ddb5-4fa4-a97d-d965ccfc6d4b" outcome="Passed" testListId="8c84fa94-04c1-424b-9868-57a2d4851a1d" relativeResultsDirectory="a48d5156-0b83-405b-b317-53935626edb0" />
    <UnitTestResult executionId="949ed853-091f-4c0d-8c78-cf33fb174bf6" testId="341610ea-9bd8-25a4-90fc-740a57823f92" testName="FormatToStringTest1000(4648.492795337221d,&quot;4648.49 zł&quot;)" computerName="DESKTOP-5URQ9PB" duration="00:00:00.0000190" startTime="2022-06-13T21:13:14.3271356+02:00" endTime="2022-06-13T21:13:14.3271546+02:00" testType="13cdc9d9-ddb5-4fa4-a97d-d965ccfc6d4b" outcome="Passed" testListId="8c84fa94-04c1-424b-9868-57a2d4851a1d" relativeResultsDirectory="949ed853-091f-4c0d-8c78-cf33fb174bf6" />
    <UnitTestResult executionId="6ff2d54c-4de4-44c7-bb5b-dea3087b0e58" testId="5ad0e86b-2487-b287-bce1-03b910ce35db" testName="FormatToStringTest1000(20527.270339210645d,&quot;20527.27 zł&quot;)" computerName="DESKTOP-5URQ9PB" duration="00:00:00.0000180" startTime="2022-06-13T21:13:14.3407505+02:00" endTime="2022-06-13T21:13:14.3407684+02:00" testType="13cdc9d9-ddb5-4fa4-a97d-d965ccfc6d4b" outcome="Passed" testListId="8c84fa94-04c1-424b-9868-57a2d4851a1d" relativeResultsDirectory="6ff2d54c-4de4-44c7-bb5b-dea3087b0e58" />
    <UnitTestResult executionId="cebdde26-656e-485b-a7cf-5da1fde49893" testId="0cd42206-2d45-5b61-2055-2525f417141b" testName="FormatToStringTest1000(23282.56178903047d,&quot;23282.56 zł&quot;)" computerName="DESKTOP-5URQ9PB" duration="00:00:00.0000190" startTime="2022-06-13T21:13:14.3234382+02:00" endTime="2022-06-13T21:13:14.3234571+02:00" testType="13cdc9d9-ddb5-4fa4-a97d-d965ccfc6d4b" outcome="Passed" testListId="8c84fa94-04c1-424b-9868-57a2d4851a1d" relativeResultsDirectory="cebdde26-656e-485b-a7cf-5da1fde49893" />
    <UnitTestResult executionId="0ea82b09-cfe7-4b84-bf74-b30af988d281" testId="84912826-9a40-9d59-76ff-2b9288e04c5b" testName="FormatToStringTest1000(15313.083673952653d,&quot;15313.08 zł&quot;)" computerName="DESKTOP-5URQ9PB" duration="00:00:00.0000180" startTime="2022-06-13T21:13:14.3264185+02:00" endTime="2022-06-13T21:13:14.3264363+02:00" testType="13cdc9d9-ddb5-4fa4-a97d-d965ccfc6d4b" outcome="Passed" testListId="8c84fa94-04c1-424b-9868-57a2d4851a1d" relativeResultsDirectory="0ea82b09-cfe7-4b84-bf74-b30af988d281" />
    <UnitTestResult executionId="a7797daf-3bc0-448f-a9da-85932f07fd28" testId="2d12ad1b-0cfb-a7f2-de41-7d109965ff4a" testName="FormatToStringTest1000(35384.637112688106d,&quot;35384.64 zł&quot;)" computerName="DESKTOP-5URQ9PB" duration="00:00:00.0000180" startTime="2022-06-13T21:13:14.3362109+02:00" endTime="2022-06-13T21:13:14.3362285+02:00" testType="13cdc9d9-ddb5-4fa4-a97d-d965ccfc6d4b" outcome="Passed" testListId="8c84fa94-04c1-424b-9868-57a2d4851a1d" relativeResultsDirectory="a7797daf-3bc0-448f-a9da-85932f07fd28" />
    <UnitTestResult executionId="b4f30509-521b-43ce-9753-71d3424f4866" testId="92e23589-82d8-4d27-764e-fa018e45b747" testName="FormatToStringTest1000(2951.2722077329045d,&quot;2951.27 zł&quot;)" computerName="DESKTOP-5URQ9PB" duration="00:00:00.0000190" startTime="2022-06-13T21:13:14.3228447+02:00" endTime="2022-06-13T21:13:14.3228634+02:00" testType="13cdc9d9-ddb5-4fa4-a97d-d965ccfc6d4b" outcome="Passed" testListId="8c84fa94-04c1-424b-9868-57a2d4851a1d" relativeResultsDirectory="b4f30509-521b-43ce-9753-71d3424f4866" />
    <UnitTestResult executionId="72fca8ba-d337-4bd9-ad04-0140cea187f0" testId="5fffab77-5cc8-a871-bcdb-d0b800ab8840" testName="FormatToStringTest1000(2901.9683054191846d,&quot;2901.97 zł&quot;)" computerName="DESKTOP-5URQ9PB" duration="00:00:00.0000190" startTime="2022-06-13T21:13:14.3238071+02:00" endTime="2022-06-13T21:13:14.3238259+02:00" testType="13cdc9d9-ddb5-4fa4-a97d-d965ccfc6d4b" outcome="Passed" testListId="8c84fa94-04c1-424b-9868-57a2d4851a1d" relativeResultsDirectory="72fca8ba-d337-4bd9-ad04-0140cea187f0" />
    <UnitTestResult executionId="ffc35feb-61b9-4b35-899b-234159376b98" testId="092c2603-fe15-2655-d7c6-015786763712" testName="FormatToStringTest1000(7182.939759099362d,&quot;7182.94 zł&quot;)" computerName="DESKTOP-5URQ9PB" duration="00:00:00.0000180" startTime="2022-06-13T21:13:14.3243707+02:00" endTime="2022-06-13T21:13:14.3243889+02:00" testType="13cdc9d9-ddb5-4fa4-a97d-d965ccfc6d4b" outcome="Passed" testListId="8c84fa94-04c1-424b-9868-57a2d4851a1d" relativeResultsDirectory="ffc35feb-61b9-4b35-899b-234159376b98" />
    <UnitTestResult executionId="94130857-92ea-4ac8-b05e-2b430a32b356" testId="85867aba-850c-5842-e811-a641ca5889cf" testName="FormatToStringTest1000(25288.32036814574d,&quot;25288.32 zł&quot;)" computerName="DESKTOP-5URQ9PB" duration="00:00:00.0000190" startTime="2022-06-13T21:13:14.3330829+02:00" endTime="2022-06-13T21:13:14.3331016+02:00" testType="13cdc9d9-ddb5-4fa4-a97d-d965ccfc6d4b" outcome="Passed" testListId="8c84fa94-04c1-424b-9868-57a2d4851a1d" relativeResultsDirectory="94130857-92ea-4ac8-b05e-2b430a32b356" />
    <UnitTestResult executionId="c7082718-8c84-44c0-9867-fbeb4424357f" testId="67f8d8e0-1fb7-7817-1ba6-6557149ef676" testName="FormatToStringTest1000(2444.4726240530017d,&quot;2444.47 zł&quot;)" computerName="DESKTOP-5URQ9PB" duration="00:00:00.0000180" startTime="2022-06-13T21:13:14.3399531+02:00" endTime="2022-06-13T21:13:14.3399707+02:00" testType="13cdc9d9-ddb5-4fa4-a97d-d965ccfc6d4b" outcome="Passed" testListId="8c84fa94-04c1-424b-9868-57a2d4851a1d" relativeResultsDirectory="c7082718-8c84-44c0-9867-fbeb4424357f" />
    <UnitTestResult executionId="4bdce348-91a4-4880-bacb-aa7c215a313b" testId="4b65b228-f0fd-3e1d-e2c9-95f312b6aeb7" testName="FormatToStringTest1000(25376.6225052097d,&quot;25376.62 zł&quot;)" computerName="DESKTOP-5URQ9PB" duration="00:00:00.0000190" startTime="2022-06-13T21:13:14.3306992+02:00" endTime="2022-06-13T21:13:14.3307178+02:00" testType="13cdc9d9-ddb5-4fa4-a97d-d965ccfc6d4b" outcome="Passed" testListId="8c84fa94-04c1-424b-9868-57a2d4851a1d" relativeResultsDirectory="4bdce348-91a4-4880-bacb-aa7c215a313b" />
    <UnitTestResult executionId="2ec991e9-1bfd-4772-900c-d1534721cf34" testId="4c3c57ae-2e5c-e5eb-314a-7aa532a2bb5e" testName="FormatToStringTest1000(73504.44700518598d,&quot;73504.45 zł&quot;)" computerName="DESKTOP-5URQ9PB" duration="00:00:00.0000190" startTime="2022-06-13T21:13:14.3423391+02:00" endTime="2022-06-13T21:13:14.3423576+02:00" testType="13cdc9d9-ddb5-4fa4-a97d-d965ccfc6d4b" outcome="Passed" testListId="8c84fa94-04c1-424b-9868-57a2d4851a1d" relativeResultsDirectory="2ec991e9-1bfd-4772-900c-d1534721cf34" />
    <UnitTestResult executionId="c586fcea-f1a9-466e-8a06-741e92540e60" testId="4b28edc9-10aa-dd25-05d6-efbec430bd7a" testName="FormatToStringTest1000(1739.5853778997368d,&quot;1739.59 zł&quot;)" computerName="DESKTOP-5URQ9PB" duration="00:00:00.0000349" startTime="2022-06-13T21:13:14.3209571+02:00" endTime="2022-06-13T21:13:14.3209916+02:00" testType="13cdc9d9-ddb5-4fa4-a97d-d965ccfc6d4b" outcome="Passed" testListId="8c84fa94-04c1-424b-9868-57a2d4851a1d" relativeResultsDirectory="c586fcea-f1a9-466e-8a06-741e92540e60" />
    <UnitTestResult executionId="c11daae0-1db7-4c2c-9f41-a8402a37b802" testId="a9bdfcdb-7bc0-3167-07a5-dafa13fc5389" testName="FormatToStringTest1000(8908.080586221107d,&quot;8908.08 zł&quot;)" computerName="DESKTOP-5URQ9PB" duration="00:00:00.0000190" startTime="2022-06-13T21:13:14.3222636+02:00" endTime="2022-06-13T21:13:14.3222825+02:00" testType="13cdc9d9-ddb5-4fa4-a97d-d965ccfc6d4b" outcome="Passed" testListId="8c84fa94-04c1-424b-9868-57a2d4851a1d" relativeResultsDirectory="c11daae0-1db7-4c2c-9f41-a8402a37b802" />
    <UnitTestResult executionId="2e2cf79d-563a-480b-ac18-a6ea0dd6c17b" testId="2be600d2-247c-9e20-d84c-921afba648ed" testName="FormatToStringTest1000(36651.05802063414d,&quot;36651.06 zł&quot;)" computerName="DESKTOP-5URQ9PB" duration="00:00:00.0000300" startTime="2022-06-13T21:13:14.3188424+02:00" endTime="2022-06-13T21:13:14.3188719+02:00" testType="13cdc9d9-ddb5-4fa4-a97d-d965ccfc6d4b" outcome="Passed" testListId="8c84fa94-04c1-424b-9868-57a2d4851a1d" relativeResultsDirectory="2e2cf79d-563a-480b-ac18-a6ea0dd6c17b" />
    <UnitTestResult executionId="ecc2128d-649d-4d52-976a-24a6ce8fe201" testId="9a5250b7-62e0-de5b-0bd3-c2b7c7798ce7" testName="FormatToStringTest1000(270.1894008262033d,&quot;270.19 zł&quot;)" computerName="DESKTOP-5URQ9PB" duration="00:00:00.0000180" startTime="2022-06-13T21:13:14.3272105+02:00" endTime="2022-06-13T21:13:14.3272283+02:00" testType="13cdc9d9-ddb5-4fa4-a97d-d965ccfc6d4b" outcome="Passed" testListId="8c84fa94-04c1-424b-9868-57a2d4851a1d" relativeResultsDirectory="ecc2128d-649d-4d52-976a-24a6ce8fe201" />
    <UnitTestResult executionId="ab7047c6-f508-4501-9983-3c94e7d39399" testId="b2708039-2d5c-fb09-5f56-062d0cb9067a" testName="FormatToStringTest1000(7594.279030504766d,&quot;7594.28 zł&quot;)" computerName="DESKTOP-5URQ9PB" duration="00:00:00.0000180" startTime="2022-06-13T21:13:14.3164073+02:00" endTime="2022-06-13T21:13:14.3164256+02:00" testType="13cdc9d9-ddb5-4fa4-a97d-d965ccfc6d4b" outcome="Passed" testListId="8c84fa94-04c1-424b-9868-57a2d4851a1d" relativeResultsDirectory="ab7047c6-f508-4501-9983-3c94e7d39399" />
    <UnitTestResult executionId="444507b1-8eca-4f97-9b7b-39da75464226" testId="19309037-483b-d4c8-73ea-f8f351cef324" testName="FormatToStringTest1000(16388.556189478633d,&quot;16388.56 zł&quot;)" computerName="DESKTOP-5URQ9PB" duration="00:00:00.0000190" startTime="2022-06-13T21:13:14.3370313+02:00" endTime="2022-06-13T21:13:14.3370503+02:00" testType="13cdc9d9-ddb5-4fa4-a97d-d965ccfc6d4b" outcome="Passed" testListId="8c84fa94-04c1-424b-9868-57a2d4851a1d" relativeResultsDirectory="444507b1-8eca-4f97-9b7b-39da75464226" />
    <UnitTestResult executionId="6096ca3a-c169-41db-a7b5-9c34664a5345" testId="803aabd0-814c-fa5a-ba0b-84820a2be95d" testName="FormatToStringTest1000(11796.576829059317d,&quot;11796.58 zł&quot;)" computerName="DESKTOP-5URQ9PB" duration="00:00:00.0000190" startTime="2022-06-13T21:13:14.3380551+02:00" endTime="2022-06-13T21:13:14.3380741+02:00" testType="13cdc9d9-ddb5-4fa4-a97d-d965ccfc6d4b" outcome="Passed" testListId="8c84fa94-04c1-424b-9868-57a2d4851a1d" relativeResultsDirectory="6096ca3a-c169-41db-a7b5-9c34664a5345" />
    <UnitTestResult executionId="d6a37284-e5b2-45f1-8359-b37000b2a91f" testId="c5316b43-7086-7b8f-266a-feedd9573c48" testName="FormatToStringTest1000(19363.881840787773d,&quot;19363.88 zł&quot;)" computerName="DESKTOP-5URQ9PB" duration="00:00:00.0000190" startTime="2022-06-13T21:13:14.3346955+02:00" endTime="2022-06-13T21:13:14.3347141+02:00" testType="13cdc9d9-ddb5-4fa4-a97d-d965ccfc6d4b" outcome="Passed" testListId="8c84fa94-04c1-424b-9868-57a2d4851a1d" relativeResultsDirectory="d6a37284-e5b2-45f1-8359-b37000b2a91f" />
    <UnitTestResult executionId="91406917-7fcd-4a05-9322-700d0aed7cd4" testId="0667d290-5479-f00f-a7a0-ba550069f4d6" testName="FormatToStringTest1000(64124.274503948756d,&quot;64124.27 zł&quot;)" computerName="DESKTOP-5URQ9PB" duration="00:00:00.0000180" startTime="2022-06-13T21:13:14.3258826+02:00" endTime="2022-06-13T21:13:14.3259000+02:00" testType="13cdc9d9-ddb5-4fa4-a97d-d965ccfc6d4b" outcome="Passed" testListId="8c84fa94-04c1-424b-9868-57a2d4851a1d" relativeResultsDirectory="91406917-7fcd-4a05-9322-700d0aed7cd4" />
    <UnitTestResult executionId="cf0c9b52-1abb-458c-93fc-b462e75137b5" testId="55be0839-9d5f-302a-bfcf-f7926cef9841" testName="FormatToStringTest1000(4715.320654313695d,&quot;4715.32 zł&quot;)" computerName="DESKTOP-5URQ9PB" duration="00:00:00.0000210" startTime="2022-06-13T21:13:14.3321208+02:00" endTime="2022-06-13T21:13:14.3321418+02:00" testType="13cdc9d9-ddb5-4fa4-a97d-d965ccfc6d4b" outcome="Passed" testListId="8c84fa94-04c1-424b-9868-57a2d4851a1d" relativeResultsDirectory="cf0c9b52-1abb-458c-93fc-b462e75137b5" />
    <UnitTestResult executionId="0476ff35-81cc-49e8-9504-46cb1833ee01" testId="71fdf905-97fb-1d5b-9602-e52da179cf3f" testName="FormatToStringTest1000(6915.421130504656d,&quot;6915.42 zł&quot;)" computerName="DESKTOP-5URQ9PB" duration="00:00:00.0000190" startTime="2022-06-13T21:13:14.3299511+02:00" endTime="2022-06-13T21:13:14.3299700+02:00" testType="13cdc9d9-ddb5-4fa4-a97d-d965ccfc6d4b" outcome="Passed" testListId="8c84fa94-04c1-424b-9868-57a2d4851a1d" relativeResultsDirectory="0476ff35-81cc-49e8-9504-46cb1833ee01" />
    <UnitTestResult executionId="a3b45732-503a-4c17-aa5d-b0db102581ee" testId="1b0d351a-508f-0807-0c94-56d657ae1623" testName="FormatToStringTest1000(43799.04472166535d,&quot;43799.04 zł&quot;)" computerName="DESKTOP-5URQ9PB" duration="00:00:00.0000190" startTime="2022-06-13T21:13:14.3276594+02:00" endTime="2022-06-13T21:13:14.3276786+02:00" testType="13cdc9d9-ddb5-4fa4-a97d-d965ccfc6d4b" outcome="Passed" testListId="8c84fa94-04c1-424b-9868-57a2d4851a1d" relativeResultsDirectory="a3b45732-503a-4c17-aa5d-b0db102581ee" />
    <UnitTestResult executionId="74dcbacb-b569-4e06-83ac-91eae75821af" testId="9ef22620-233d-af50-c838-ed1dcd20ddc6" testName="FormatToStringTest1000(30410.68214617003d,&quot;30410.68 zł&quot;)" computerName="DESKTOP-5URQ9PB" duration="00:00:00.0000190" startTime="2022-06-13T21:13:14.3297466+02:00" endTime="2022-06-13T21:13:14.3297657+02:00" testType="13cdc9d9-ddb5-4fa4-a97d-d965ccfc6d4b" outcome="Passed" testListId="8c84fa94-04c1-424b-9868-57a2d4851a1d" relativeResultsDirectory="74dcbacb-b569-4e06-83ac-91eae75821af" />
    <UnitTestResult executionId="319948af-11d9-4018-9810-7ae156102bed" testId="99a10c59-9aed-054b-9f26-15805af85148" testName="FormatToStringTest1000(5504.094303639184d,&quot;5504.09 zł&quot;)" computerName="DESKTOP-5URQ9PB" duration="00:00:00.0000180" startTime="2022-06-13T21:13:14.3262724+02:00" endTime="2022-06-13T21:13:14.3262903+02:00" testType="13cdc9d9-ddb5-4fa4-a97d-d965ccfc6d4b" outcome="Passed" testListId="8c84fa94-04c1-424b-9868-57a2d4851a1d" relativeResultsDirectory="319948af-11d9-4018-9810-7ae156102bed" />
    <UnitTestResult executionId="f00f6656-b8e3-4e6c-98dd-75d7b5a5d4d7" testId="6b324d3b-5796-c056-8636-0eb49b18ead5" testName="FormatToStringTest1000(8542.520616738833d,&quot;8542.52 zł&quot;)" computerName="DESKTOP-5URQ9PB" duration="00:00:00.0000190" startTime="2022-06-13T21:13:14.3356215+02:00" endTime="2022-06-13T21:13:14.3356403+02:00" testType="13cdc9d9-ddb5-4fa4-a97d-d965ccfc6d4b" outcome="Passed" testListId="8c84fa94-04c1-424b-9868-57a2d4851a1d" relativeResultsDirectory="f00f6656-b8e3-4e6c-98dd-75d7b5a5d4d7" />
    <UnitTestResult executionId="0ed8d3ed-5db4-4b3c-a5e1-4aed67f4a18a" testId="cfb2439a-56a0-7de3-f9a2-8d326d2ccf14" testName="FormatToStringTest1000(50585.83664522778d,&quot;50585.84 zł&quot;)" computerName="DESKTOP-5URQ9PB" duration="00:00:00.0000190" startTime="2022-06-13T21:13:14.3294377+02:00" endTime="2022-06-13T21:13:14.3294569+02:00" testType="13cdc9d9-ddb5-4fa4-a97d-d965ccfc6d4b" outcome="Passed" testListId="8c84fa94-04c1-424b-9868-57a2d4851a1d" relativeResultsDirectory="0ed8d3ed-5db4-4b3c-a5e1-4aed67f4a18a" />
    <UnitTestResult executionId="69cccef9-f334-43bf-b725-78115634e9c3" testId="07f796cc-f35b-a2f3-f99a-0213c6c6aa02" testName="FormatToStringTest1000(1860.3356292016504d,&quot;1860.34 zł&quot;)" computerName="DESKTOP-5URQ9PB" duration="00:00:00.0000180" startTime="2022-06-13T21:13:14.3296978+02:00" endTime="2022-06-13T21:13:14.3297157+02:00" testType="13cdc9d9-ddb5-4fa4-a97d-d965ccfc6d4b" outcome="Passed" testListId="8c84fa94-04c1-424b-9868-57a2d4851a1d" relativeResultsDirectory="69cccef9-f334-43bf-b725-78115634e9c3" />
    <UnitTestResult executionId="75421656-8234-409a-a490-6cd32d79c48b" testId="95fed375-7969-3fff-ac7b-e41adca485dd" testName="FormatToStringTest1000(1482.3501845832682d,&quot;1482.35 zł&quot;)" computerName="DESKTOP-5URQ9PB" duration="00:00:00.0000200" startTime="2022-06-13T21:13:14.3380044+02:00" endTime="2022-06-13T21:13:14.3380239+02:00" testType="13cdc9d9-ddb5-4fa4-a97d-d965ccfc6d4b" outcome="Passed" testListId="8c84fa94-04c1-424b-9868-57a2d4851a1d" relativeResultsDirectory="75421656-8234-409a-a490-6cd32d79c48b" />
    <UnitTestResult executionId="c503c04a-d6f7-4929-a327-c962c953dcbb" testId="9ee728ab-0056-dd90-bcfe-6425ccab758e" testName="FormatToStringTest1000(67898.54481444067d,&quot;67898.54 zł&quot;)" computerName="DESKTOP-5URQ9PB" duration="00:00:00.0000190" startTime="2022-06-13T21:13:14.3221581+02:00" endTime="2022-06-13T21:13:14.3221773+02:00" testType="13cdc9d9-ddb5-4fa4-a97d-d965ccfc6d4b" outcome="Passed" testListId="8c84fa94-04c1-424b-9868-57a2d4851a1d" relativeResultsDirectory="c503c04a-d6f7-4929-a327-c962c953dcbb" />
    <UnitTestResult executionId="2ffff34f-f7a2-4a30-8855-5f1a6acd23ca" testId="58d53652-da34-09db-a06d-1fae2bb18f28" testName="FormatToStringTest1000(33970.38965150639d,&quot;33970.39 zł&quot;)" computerName="DESKTOP-5URQ9PB" duration="00:00:00.0000190" startTime="2022-06-13T21:13:14.3367828+02:00" endTime="2022-06-13T21:13:14.3368017+02:00" testType="13cdc9d9-ddb5-4fa4-a97d-d965ccfc6d4b" outcome="Passed" testListId="8c84fa94-04c1-424b-9868-57a2d4851a1d" relativeResultsDirectory="2ffff34f-f7a2-4a30-8855-5f1a6acd23ca" />
    <UnitTestResult executionId="6a2b1624-3487-458f-b5e3-3c1b867a3d6a" testId="7b7d00bb-4c5b-d8fb-b3ca-8abd900cc00f" testName="FormatToStringTest1000(30499.08272379734d,&quot;30499.08 zł&quot;)" computerName="DESKTOP-5URQ9PB" duration="00:00:00.0000190" startTime="2022-06-13T21:13:14.3363182+02:00" endTime="2022-06-13T21:13:14.3363367+02:00" testType="13cdc9d9-ddb5-4fa4-a97d-d965ccfc6d4b" outcome="Passed" testListId="8c84fa94-04c1-424b-9868-57a2d4851a1d" relativeResultsDirectory="6a2b1624-3487-458f-b5e3-3c1b867a3d6a" />
    <UnitTestResult executionId="9b814667-4796-453d-a479-d071185808be" testId="41ef5fd9-da1d-a61b-4faa-45b077dd05bc" testName="FormatToStringTest1000(80609.94377465078d,&quot;80609.94 zł&quot;)" computerName="DESKTOP-5URQ9PB" duration="00:00:00.0000180" startTime="2022-06-13T21:13:14.3159277+02:00" endTime="2022-06-13T21:13:14.3159458+02:00" testType="13cdc9d9-ddb5-4fa4-a97d-d965ccfc6d4b" outcome="Passed" testListId="8c84fa94-04c1-424b-9868-57a2d4851a1d" relativeResultsDirectory="9b814667-4796-453d-a479-d071185808be" />
    <UnitTestResult executionId="07118b35-5448-4a5e-a600-4da511fcfcd7" testId="0bcee855-d67d-6b06-b494-da6df454ba12" testName="FormatToStringTest1000(19208.676036795914d,&quot;19208.68 zł&quot;)" computerName="DESKTOP-5URQ9PB" duration="00:00:00.0000190" startTime="2022-06-13T21:13:14.3344940+02:00" endTime="2022-06-13T21:13:14.3345132+02:00" testType="13cdc9d9-ddb5-4fa4-a97d-d965ccfc6d4b" outcome="Passed" testListId="8c84fa94-04c1-424b-9868-57a2d4851a1d" relativeResultsDirectory="07118b35-5448-4a5e-a600-4da511fcfcd7" />
    <UnitTestResult executionId="54471b7f-a884-47e4-bb6e-d5d76c9dff63" testId="95fa357e-9359-c839-8ff3-f046c9e30487" testName="FormatToStringTest1000(15520.346099893259d,&quot;15520.35 zł&quot;)" computerName="DESKTOP-5URQ9PB" duration="00:00:00.0000190" startTime="2022-06-13T21:13:14.3336842+02:00" endTime="2022-06-13T21:13:14.3337036+02:00" testType="13cdc9d9-ddb5-4fa4-a97d-d965ccfc6d4b" outcome="Passed" testListId="8c84fa94-04c1-424b-9868-57a2d4851a1d" relativeResultsDirectory="54471b7f-a884-47e4-bb6e-d5d76c9dff63" />
    <UnitTestResult executionId="55170902-0d28-409b-95d9-060cb1d73d70" testId="092813bc-e54e-6f29-9d2b-192db0d76045" testName="FormatToStringTest1000(765.778932784581d,&quot;765.78 zł&quot;)" computerName="DESKTOP-5URQ9PB" duration="00:00:00.0000210" startTime="2022-06-13T21:13:14.3272636+02:00" endTime="2022-06-13T21:13:14.3272840+02:00" testType="13cdc9d9-ddb5-4fa4-a97d-d965ccfc6d4b" outcome="Passed" testListId="8c84fa94-04c1-424b-9868-57a2d4851a1d" relativeResultsDirectory="55170902-0d28-409b-95d9-060cb1d73d70" />
    <UnitTestResult executionId="01f6c99b-a80c-407c-9b82-06152964b60e" testId="c9bdc46f-9c2d-d658-e774-72448865739f" testName="FormatToStringTest1000(5957.42161879941d,&quot;5957.42 zł&quot;)" computerName="DESKTOP-5URQ9PB" duration="00:00:00.0000190" startTime="2022-06-13T21:13:14.3340605+02:00" endTime="2022-06-13T21:13:14.3340796+02:00" testType="13cdc9d9-ddb5-4fa4-a97d-d965ccfc6d4b" outcome="Passed" testListId="8c84fa94-04c1-424b-9868-57a2d4851a1d" relativeResultsDirectory="01f6c99b-a80c-407c-9b82-06152964b60e" />
    <UnitTestResult executionId="9882c38e-7fe3-4357-b151-02ad0d1260e7" testId="21c3231d-e912-0f46-5fbf-421ff3f2435e" testName="FormatToStringTest1000(34096.337879508894d,&quot;34096.34 zł&quot;)" computerName="DESKTOP-5URQ9PB" duration="00:00:00.0000180" startTime="2022-06-13T21:13:14.3167032+02:00" endTime="2022-06-13T21:13:14.3167211+02:00" testType="13cdc9d9-ddb5-4fa4-a97d-d965ccfc6d4b" outcome="Passed" testListId="8c84fa94-04c1-424b-9868-57a2d4851a1d" relativeResultsDirectory="9882c38e-7fe3-4357-b151-02ad0d1260e7" />
    <UnitTestResult executionId="c6fae7e9-6edd-4f24-8674-6752f9a72bb9" testId="bbb038e9-9a9b-9724-0ae6-d339784c9041" testName="FormatToStringTest1000(8644.187977380207d,&quot;8644.19 zł&quot;)" computerName="DESKTOP-5URQ9PB" duration="00:00:00.0000190" startTime="2022-06-13T21:13:14.3371317+02:00" endTime="2022-06-13T21:13:14.3371501+02:00" testType="13cdc9d9-ddb5-4fa4-a97d-d965ccfc6d4b" outcome="Passed" testListId="8c84fa94-04c1-424b-9868-57a2d4851a1d" relativeResultsDirectory="c6fae7e9-6edd-4f24-8674-6752f9a72bb9" />
    <UnitTestResult executionId="9d69c0e2-b867-4270-8ec6-daf35bd73fc0" testId="2e664e3e-5b40-d901-9f2b-e816fa56a993" testName="FormatToStringTest1000(6752.510462437062d,&quot;6752.51 zł&quot;)" computerName="DESKTOP-5URQ9PB" duration="00:00:00.0000300" startTime="2022-06-13T21:13:14.3196600+02:00" endTime="2022-06-13T21:13:14.3196895+02:00" testType="13cdc9d9-ddb5-4fa4-a97d-d965ccfc6d4b" outcome="Passed" testListId="8c84fa94-04c1-424b-9868-57a2d4851a1d" relativeResultsDirectory="9d69c0e2-b867-4270-8ec6-daf35bd73fc0" />
    <UnitTestResult executionId="fb090a1e-bc14-4e4f-aff8-e8a68dd9bd53" testId="e16968dc-e551-2d79-073b-6318cfa896ba" testName="FormatToStringTest1000(7193.552206002898d,&quot;7193.55 zł&quot;)" computerName="DESKTOP-5URQ9PB" duration="00:00:00.0000190" startTime="2022-06-13T21:13:14.3375528+02:00" endTime="2022-06-13T21:13:14.3375714+02:00" testType="13cdc9d9-ddb5-4fa4-a97d-d965ccfc6d4b" outcome="Passed" testListId="8c84fa94-04c1-424b-9868-57a2d4851a1d" relativeResultsDirectory="fb090a1e-bc14-4e4f-aff8-e8a68dd9bd53" />
    <UnitTestResult executionId="635cbb89-2c4d-4dfc-8499-df740abb8bfd" testId="a6da1f0c-9d53-8f1b-60d6-c520ee89e7a7" testName="FormatToStringTest1000(9603.199987620208d,&quot;9603.20 zł&quot;)" computerName="DESKTOP-5URQ9PB" duration="00:00:00.0000190" startTime="2022-06-13T21:13:14.3417465+02:00" endTime="2022-06-13T21:13:14.3417653+02:00" testType="13cdc9d9-ddb5-4fa4-a97d-d965ccfc6d4b" outcome="Passed" testListId="8c84fa94-04c1-424b-9868-57a2d4851a1d" relativeResultsDirectory="635cbb89-2c4d-4dfc-8499-df740abb8bfd" />
    <UnitTestResult executionId="412ca952-e4ef-4c7b-a32a-72497f1b79bb" testId="764dde41-f2ed-c432-64e0-910368db710d" testName="FormatToStringTest1000(750.5106571719566d,&quot;750.51 zł&quot;)" computerName="DESKTOP-5URQ9PB" duration="00:00:00.0000180" startTime="2022-06-13T21:13:14.3401750+02:00" endTime="2022-06-13T21:13:14.3401929+02:00" testType="13cdc9d9-ddb5-4fa4-a97d-d965ccfc6d4b" outcome="Passed" testListId="8c84fa94-04c1-424b-9868-57a2d4851a1d" relativeResultsDirectory="412ca952-e4ef-4c7b-a32a-72497f1b79bb" />
    <UnitTestResult executionId="4a37ae9e-2849-4f19-b99c-ce23ccab2ca5" testId="826ac225-455e-4413-4415-8bc54c5b4d09" testName="FormatToStringTest1000(10501.127379151585d,&quot;10501.13 zł&quot;)" computerName="DESKTOP-5URQ9PB" duration="00:00:00.0000200" startTime="2022-06-13T21:13:14.3267854+02:00" endTime="2022-06-13T21:13:14.3268050+02:00" testType="13cdc9d9-ddb5-4fa4-a97d-d965ccfc6d4b" outcome="Passed" testListId="8c84fa94-04c1-424b-9868-57a2d4851a1d" relativeResultsDirectory="4a37ae9e-2849-4f19-b99c-ce23ccab2ca5" />
    <UnitTestResult executionId="317c9fc4-de52-4ab0-b2c1-70e30734c8e4" testId="57f0eaa3-633d-272b-64dc-58e0ae797fbb" testName="FormatToStringTest1000(12759.925747307914d,&quot;12759.93 zł&quot;)" computerName="DESKTOP-5URQ9PB" duration="00:00:00.0000190" startTime="2022-06-13T21:13:14.3369316+02:00" endTime="2022-06-13T21:13:14.3369500+02:00" testType="13cdc9d9-ddb5-4fa4-a97d-d965ccfc6d4b" outcome="Passed" testListId="8c84fa94-04c1-424b-9868-57a2d4851a1d" relativeResultsDirectory="317c9fc4-de52-4ab0-b2c1-70e30734c8e4" />
    <UnitTestResult executionId="8026b2a2-dee0-464d-b60f-bbc563c1db39" testId="96b3d30f-d6cb-f987-10e4-934fbe7403b3" testName="FormatToStringTest1000(6958.393354767186d,&quot;6958.39 zł&quot;)" computerName="DESKTOP-5URQ9PB" duration="00:00:00.0000190" startTime="2022-06-13T21:13:14.3155450+02:00" endTime="2022-06-13T21:13:14.3155640+02:00" testType="13cdc9d9-ddb5-4fa4-a97d-d965ccfc6d4b" outcome="Passed" testListId="8c84fa94-04c1-424b-9868-57a2d4851a1d" relativeResultsDirectory="8026b2a2-dee0-464d-b60f-bbc563c1db39" />
    <UnitTestResult executionId="23207ced-5175-4006-932c-b9d9b807bffd" testId="55977c6e-f784-84a1-391e-15480b7266b6" testName="FormatToStringTest1000(6266.232005888704d,&quot;6266.23 zł&quot;)" computerName="DESKTOP-5URQ9PB" duration="00:00:00.0000180" startTime="2022-06-13T21:13:14.3329368+02:00" endTime="2022-06-13T21:13:14.3329548+02:00" testType="13cdc9d9-ddb5-4fa4-a97d-d965ccfc6d4b" outcome="Passed" testListId="8c84fa94-04c1-424b-9868-57a2d4851a1d" relativeResultsDirectory="23207ced-5175-4006-932c-b9d9b807bffd" />
    <UnitTestResult executionId="37fe8d1f-758f-41d7-bd73-b582ab92021f" testId="09dc5d9b-3822-771d-84ba-e650ae497aa7" testName="FormatToStringTest1000(22678.795878462864d,&quot;22678.80 zł&quot;)" computerName="DESKTOP-5URQ9PB" duration="00:00:00.0000180" startTime="2022-06-13T21:13:14.3364652+02:00" endTime="2022-06-13T21:13:14.3364830+02:00" testType="13cdc9d9-ddb5-4fa4-a97d-d965ccfc6d4b" outcome="Passed" testListId="8c84fa94-04c1-424b-9868-57a2d4851a1d" relativeResultsDirectory="37fe8d1f-758f-41d7-bd73-b582ab92021f" />
    <UnitTestResult executionId="eb079c1d-a663-4f2e-b494-42d1c5f10f8b" testId="5c5be749-8fc1-a0d2-2b32-3e2f32d1a7a1" testName="FormatToStringTest1000(29362.005930638876d,&quot;29362.01 zł&quot;)" computerName="DESKTOP-5URQ9PB" duration="00:00:00.0000180" startTime="2022-06-13T21:13:14.3237835+02:00" endTime="2022-06-13T21:13:14.3238011+02:00" testType="13cdc9d9-ddb5-4fa4-a97d-d965ccfc6d4b" outcome="Passed" testListId="8c84fa94-04c1-424b-9868-57a2d4851a1d" relativeResultsDirectory="eb079c1d-a663-4f2e-b494-42d1c5f10f8b" />
    <UnitTestResult executionId="c3663780-1f24-434f-a33d-5b2d060df976" testId="73a1abc1-28a4-b23c-9ff3-4e27cf222dab" testName="FormatToStringTest1000(68479.93492677805d,&quot;68479.93 zł&quot;)" computerName="DESKTOP-5URQ9PB" duration="00:00:00.0000190" startTime="2022-06-13T21:13:14.3401502+02:00" endTime="2022-06-13T21:13:14.3401689+02:00" testType="13cdc9d9-ddb5-4fa4-a97d-d965ccfc6d4b" outcome="Passed" testListId="8c84fa94-04c1-424b-9868-57a2d4851a1d" relativeResultsDirectory="c3663780-1f24-434f-a33d-5b2d060df976" />
    <UnitTestResult executionId="055ab44c-cf90-4573-87d8-fd645ee4aca4" testId="c2593dce-156b-2236-a515-633fd14dda79" testName="FormatToStringTest1000(16902.50568789314d,&quot;16902.51 zł&quot;)" computerName="DESKTOP-5URQ9PB" duration="00:00:00.0000190" startTime="2022-06-13T21:13:14.3285464+02:00" endTime="2022-06-13T21:13:14.3285653+02:00" testType="13cdc9d9-ddb5-4fa4-a97d-d965ccfc6d4b" outcome="Passed" testListId="8c84fa94-04c1-424b-9868-57a2d4851a1d" relativeResultsDirectory="055ab44c-cf90-4573-87d8-fd645ee4aca4" />
    <UnitTestResult executionId="e4d721c3-6b7a-4a97-80e2-60f6c4a6c92a" testId="1a9a0ddf-514c-baf9-413c-22119b976aa4" testName="FormatToStringTest1000(81326.3340147521d,&quot;81326.33 zł&quot;)" computerName="DESKTOP-5URQ9PB" duration="00:00:00.0000200" startTime="2022-06-13T21:13:14.3384348+02:00" endTime="2022-06-13T21:13:14.3384542+02:00" testType="13cdc9d9-ddb5-4fa4-a97d-d965ccfc6d4b" outcome="Passed" testListId="8c84fa94-04c1-424b-9868-57a2d4851a1d" relativeResultsDirectory="e4d721c3-6b7a-4a97-80e2-60f6c4a6c92a" />
    <UnitTestResult executionId="c7ac9002-523e-4d9d-a0a8-b844c2554b5f" testId="6fe47bce-1f86-6cf6-afbe-6725ac8bf44c" testName="FormatToStringTest1000(4411.456718280659d,&quot;4411.46 zł&quot;)" computerName="DESKTOP-5URQ9PB" duration="00:00:00.0000180" startTime="2022-06-13T21:13:14.3325454+02:00" endTime="2022-06-13T21:13:14.3325631+02:00" testType="13cdc9d9-ddb5-4fa4-a97d-d965ccfc6d4b" outcome="Passed" testListId="8c84fa94-04c1-424b-9868-57a2d4851a1d" relativeResultsDirectory="c7ac9002-523e-4d9d-a0a8-b844c2554b5f" />
    <UnitTestResult executionId="1a636512-f9a1-4d99-98e3-854b7ca51d4b" testId="83a97307-8552-7789-5b14-74a21c8cbcd2" testName="FormatToStringTest1000(45455.14554704127d,&quot;45455.15 zł&quot;)" computerName="DESKTOP-5URQ9PB" duration="00:00:00.0000200" startTime="2022-06-13T21:13:14.3271849+02:00" endTime="2022-06-13T21:13:14.3272044+02:00" testType="13cdc9d9-ddb5-4fa4-a97d-d965ccfc6d4b" outcome="Passed" testListId="8c84fa94-04c1-424b-9868-57a2d4851a1d" relativeResultsDirectory="1a636512-f9a1-4d99-98e3-854b7ca51d4b" />
    <UnitTestResult executionId="958a9694-4f9f-42f9-9577-a40d01b7dfea" testId="8d6414e5-4d2d-73e7-c36d-d9cbbb203e5f" testName="FormatToStringTest1000(867.5236648356187d,&quot;867.52 zł&quot;)" computerName="DESKTOP-5URQ9PB" duration="00:00:00.0000180" startTime="2022-06-13T21:13:14.3381294+02:00" endTime="2022-06-13T21:13:14.3381478+02:00" testType="13cdc9d9-ddb5-4fa4-a97d-d965ccfc6d4b" outcome="Passed" testListId="8c84fa94-04c1-424b-9868-57a2d4851a1d" relativeResultsDirectory="958a9694-4f9f-42f9-9577-a40d01b7dfea" />
    <UnitTestResult executionId="62569c06-3ec9-48ae-8632-9b55e04a4c5d" testId="cd871e9d-7935-e907-4a89-0e7db877a7c7" testName="FormatToStringTest1000(14475.498583194567d,&quot;14475.50 zł&quot;)" computerName="DESKTOP-5URQ9PB" duration="00:00:00.0000190" startTime="2022-06-13T21:13:14.3399768+02:00" endTime="2022-06-13T21:13:14.3399956+02:00" testType="13cdc9d9-ddb5-4fa4-a97d-d965ccfc6d4b" outcome="Passed" testListId="8c84fa94-04c1-424b-9868-57a2d4851a1d" relativeResultsDirectory="62569c06-3ec9-48ae-8632-9b55e04a4c5d" />
    <UnitTestResult executionId="a1b91937-ff7d-4237-b994-9395d5743bdb" testId="c7f52afa-564d-8d59-88a3-ea1bc3790407" testName="FormatToStringTest1000(16383.352881839199d,&quot;16383.35 zł&quot;)" computerName="DESKTOP-5URQ9PB" duration="00:00:00.0000180" startTime="2022-06-13T21:13:14.3170207+02:00" endTime="2022-06-13T21:13:14.3170388+02:00" testType="13cdc9d9-ddb5-4fa4-a97d-d965ccfc6d4b" outcome="Passed" testListId="8c84fa94-04c1-424b-9868-57a2d4851a1d" relativeResultsDirectory="a1b91937-ff7d-4237-b994-9395d5743bdb" />
    <UnitTestResult executionId="5ae7db5d-355d-4a3e-a03b-8a1ee0ee8a35" testId="333dd064-5f53-dea9-59e8-b7071262f9e7" testName="FormatToStringTest1000(77904.0088552246d,&quot;77904.01 zł&quot;)" computerName="DESKTOP-5URQ9PB" duration="00:00:00.0000290" startTime="2022-06-13T21:13:14.3184609+02:00" endTime="2022-06-13T21:13:14.3184899+02:00" testType="13cdc9d9-ddb5-4fa4-a97d-d965ccfc6d4b" outcome="Passed" testListId="8c84fa94-04c1-424b-9868-57a2d4851a1d" relativeResultsDirectory="5ae7db5d-355d-4a3e-a03b-8a1ee0ee8a35" />
    <UnitTestResult executionId="96544eda-b50e-4c0e-818a-aa84e4abe7b7" testId="1ab663c2-4cb9-e883-e113-e7c904041e47" testName="FormatToStringTest1000(47025.6224095177d,&quot;47025.62 zł&quot;)" computerName="DESKTOP-5URQ9PB" duration="00:00:00.0000180" startTime="2022-06-13T21:13:14.3237353+02:00" endTime="2022-06-13T21:13:14.3237530+02:00" testType="13cdc9d9-ddb5-4fa4-a97d-d965ccfc6d4b" outcome="Passed" testListId="8c84fa94-04c1-424b-9868-57a2d4851a1d" relativeResultsDirectory="96544eda-b50e-4c0e-818a-aa84e4abe7b7" />
    <UnitTestResult executionId="987d8a68-e4cc-427d-9727-fa8ccc329a17" testId="451fafcd-e358-2a2a-0150-6d7bc1153f41" testName="FormatToStringTest1000(45955.903045959254d,&quot;45955.90 zł&quot;)" computerName="DESKTOP-5URQ9PB" duration="00:00:00.0000190" startTime="2022-06-13T21:13:14.3352957+02:00" endTime="2022-06-13T21:13:14.3353144+02:00" testType="13cdc9d9-ddb5-4fa4-a97d-d965ccfc6d4b" outcome="Passed" testListId="8c84fa94-04c1-424b-9868-57a2d4851a1d" relativeResultsDirectory="987d8a68-e4cc-427d-9727-fa8ccc329a17" />
    <UnitTestResult executionId="b3390195-fd48-4e73-bf7c-8f7063f93467" testId="b9c69082-a036-d41e-d5a0-c1cde2a1d040" testName="FormatToStringTest1000(9661.966055578536d,&quot;9661.97 zł&quot;)" computerName="DESKTOP-5URQ9PB" duration="00:00:00.0000180" startTime="2022-06-13T21:13:14.3264429+02:00" endTime="2022-06-13T21:13:14.3264607+02:00" testType="13cdc9d9-ddb5-4fa4-a97d-d965ccfc6d4b" outcome="Passed" testListId="8c84fa94-04c1-424b-9868-57a2d4851a1d" relativeResultsDirectory="b3390195-fd48-4e73-bf7c-8f7063f93467" />
    <UnitTestResult executionId="6cf79b79-d662-4639-b741-9e8cc8a8c9a4" testId="64584126-c6a0-fbd7-9fe1-1a9b0d36c2b6" testName="FormatToStringTest1000(25794.833624416417d,&quot;25794.83 zł&quot;)" computerName="DESKTOP-5URQ9PB" duration="00:00:00.0000180" startTime="2022-06-13T21:13:14.3351914+02:00" endTime="2022-06-13T21:13:14.3352094+02:00" testType="13cdc9d9-ddb5-4fa4-a97d-d965ccfc6d4b" outcome="Passed" testListId="8c84fa94-04c1-424b-9868-57a2d4851a1d" relativeResultsDirectory="6cf79b79-d662-4639-b741-9e8cc8a8c9a4" />
    <UnitTestResult executionId="485b8a08-5508-4ffe-ab05-596bbafd35f3" testId="6b78f8da-fc12-62dc-9f88-c5e10a98f007" testName="FormatToStringTest1000(42383.08993972982d,&quot;42383.09 zł&quot;)" computerName="DESKTOP-5URQ9PB" duration="00:00:00.0000180" startTime="2022-06-13T21:13:14.3313948+02:00" endTime="2022-06-13T21:13:14.3314130+02:00" testType="13cdc9d9-ddb5-4fa4-a97d-d965ccfc6d4b" outcome="Passed" testListId="8c84fa94-04c1-424b-9868-57a2d4851a1d" relativeResultsDirectory="485b8a08-5508-4ffe-ab05-596bbafd35f3" />
    <UnitTestResult executionId="ccf695d7-1cb9-4b9c-bfed-f693430a8ddc" testId="f2281ab7-ffb9-3d10-c3a8-1aa0cd2fcbfc" testName="FormatToStringTest1000(1821.7083499085663d,&quot;1821.71 zł&quot;)" computerName="DESKTOP-5URQ9PB" duration="00:00:00.0000190" startTime="2022-06-13T21:13:14.3380302+02:00" endTime="2022-06-13T21:13:14.3380488+02:00" testType="13cdc9d9-ddb5-4fa4-a97d-d965ccfc6d4b" outcome="Passed" testListId="8c84fa94-04c1-424b-9868-57a2d4851a1d" relativeResultsDirectory="ccf695d7-1cb9-4b9c-bfed-f693430a8ddc" />
    <UnitTestResult executionId="d79f094e-2d3a-4406-a12a-3ebaadd51832" testId="c9b5631d-418b-047b-d15f-f39906c7e08b" testName="FormatToStringTest1000(34060.48467268724d,&quot;34060.48 zł&quot;)" computerName="DESKTOP-5URQ9PB" duration="00:00:00.0000180" startTime="2022-06-13T21:13:14.3357931+02:00" endTime="2022-06-13T21:13:14.3358110+02:00" testType="13cdc9d9-ddb5-4fa4-a97d-d965ccfc6d4b" outcome="Passed" testListId="8c84fa94-04c1-424b-9868-57a2d4851a1d" relativeResultsDirectory="d79f094e-2d3a-4406-a12a-3ebaadd51832" />
    <UnitTestResult executionId="ef643973-4550-4493-ab29-357a77b1a290" testId="314b7968-8280-3c06-cc8d-95ee97af36dd" testName="FormatToStringTest1000(1898.24149096489d,&quot;1898.24 zł&quot;)" computerName="DESKTOP-5URQ9PB" duration="00:00:00.0000190" startTime="2022-06-13T21:13:14.3359391+02:00" endTime="2022-06-13T21:13:14.3359580+02:00" testType="13cdc9d9-ddb5-4fa4-a97d-d965ccfc6d4b" outcome="Passed" testListId="8c84fa94-04c1-424b-9868-57a2d4851a1d" relativeResultsDirectory="ef643973-4550-4493-ab29-357a77b1a290" />
    <UnitTestResult executionId="6434a2a6-38de-477d-a67a-dd9e5291bbbc" testId="b7b5c3d9-6be3-63ed-4bf9-77972c7bde14" testName="FormatToStringTest1000(1745.490603896552d,&quot;1745.49 zł&quot;)" computerName="DESKTOP-5URQ9PB" duration="00:00:00.0000180" startTime="2022-06-13T21:13:14.3227000+02:00" endTime="2022-06-13T21:13:14.3227180+02:00" testType="13cdc9d9-ddb5-4fa4-a97d-d965ccfc6d4b" outcome="Passed" testListId="8c84fa94-04c1-424b-9868-57a2d4851a1d" relativeResultsDirectory="6434a2a6-38de-477d-a67a-dd9e5291bbbc" />
    <UnitTestResult executionId="b3283779-32ee-4ddd-a88b-c60859199ba3" testId="13cdf8fd-2721-e597-055e-a54097abf685" testName="FormatToStringTest1000(48428.38681602682d,&quot;48428.39 zł&quot;)" computerName="DESKTOP-5URQ9PB" duration="00:00:00.0000180" startTime="2022-06-13T21:13:14.3249280+02:00" endTime="2022-06-13T21:13:14.3249464+02:00" testType="13cdc9d9-ddb5-4fa4-a97d-d965ccfc6d4b" outcome="Passed" testListId="8c84fa94-04c1-424b-9868-57a2d4851a1d" relativeResultsDirectory="b3283779-32ee-4ddd-a88b-c60859199ba3" />
    <UnitTestResult executionId="8caa9db1-ac88-404f-a288-1393f93c0000" testId="eb615c68-e5d1-28d7-b038-0571a7587ad1" testName="FormatToStringTest1000(7396.940188290057d,&quot;7396.94 zł&quot;)" computerName="DESKTOP-5URQ9PB" duration="00:00:00.0000180" startTime="2022-06-13T21:13:14.3408729+02:00" endTime="2022-06-13T21:13:14.3408909+02:00" testType="13cdc9d9-ddb5-4fa4-a97d-d965ccfc6d4b" outcome="Passed" testListId="8c84fa94-04c1-424b-9868-57a2d4851a1d" relativeResultsDirectory="8caa9db1-ac88-404f-a288-1393f93c0000" />
    <UnitTestResult executionId="a346bb9a-a4e0-4ed0-a123-cb8c9058b345" testId="712f5c64-914a-8747-dac9-aeb72d33838f" testName="FormatToStringTest1000(66945.02904917022d,&quot;66945.03 zł&quot;)" computerName="DESKTOP-5URQ9PB" duration="00:00:00.0000200" startTime="2022-06-13T21:13:14.3389115+02:00" endTime="2022-06-13T21:13:14.3389316+02:00" testType="13cdc9d9-ddb5-4fa4-a97d-d965ccfc6d4b" outcome="Passed" testListId="8c84fa94-04c1-424b-9868-57a2d4851a1d" relativeResultsDirectory="a346bb9a-a4e0-4ed0-a123-cb8c9058b345" />
    <UnitTestResult executionId="b051c357-175f-4f9b-8f50-b990cff92770" testId="7e68fea7-1e52-0c32-44b4-1e38c3c836bc" testName="FormatToStringTest1000(66723.3293191657d,&quot;66723.33 zł&quot;)" computerName="DESKTOP-5URQ9PB" duration="00:00:00.0000190" startTime="2022-06-13T21:13:14.3227959+02:00" endTime="2022-06-13T21:13:14.3228144+02:00" testType="13cdc9d9-ddb5-4fa4-a97d-d965ccfc6d4b" outcome="Passed" testListId="8c84fa94-04c1-424b-9868-57a2d4851a1d" relativeResultsDirectory="b051c357-175f-4f9b-8f50-b990cff92770" />
    <UnitTestResult executionId="0e1f042e-6415-4dd8-ba1b-54ae0cd1d23b" testId="ef8e2842-4b56-3143-8747-c2adcd3e7a1d" testName="FormatToStringTest1000(3907.8681317963024d,&quot;3907.87 zł&quot;)" computerName="DESKTOP-5URQ9PB" duration="00:00:00.0000280" startTime="2022-06-13T21:13:14.3190387+02:00" endTime="2022-06-13T21:13:14.3190666+02:00" testType="13cdc9d9-ddb5-4fa4-a97d-d965ccfc6d4b" outcome="Passed" testListId="8c84fa94-04c1-424b-9868-57a2d4851a1d" relativeResultsDirectory="0e1f042e-6415-4dd8-ba1b-54ae0cd1d23b" />
    <UnitTestResult executionId="130dab60-29b2-49f0-b1b8-a914849db65d" testId="cb85c450-02e3-5db9-b93c-f905351c1d09" testName="FormatToStringTest1000(16688.70569393677d,&quot;16688.71 zł&quot;)" computerName="DESKTOP-5URQ9PB" duration="00:00:00.0000190" startTime="2022-06-13T21:13:14.3265646+02:00" endTime="2022-06-13T21:13:14.3265834+02:00" testType="13cdc9d9-ddb5-4fa4-a97d-d965ccfc6d4b" outcome="Passed" testListId="8c84fa94-04c1-424b-9868-57a2d4851a1d" relativeResultsDirectory="130dab60-29b2-49f0-b1b8-a914849db65d" />
    <UnitTestResult executionId="2247a5a0-3915-41ec-ad72-81e952345ae9" testId="6d4f36db-ef1e-952d-7dfb-29f4be4b6ca7" testName="FormatToStringTest1000(46166.38051381259d,&quot;46166.38 zł&quot;)" computerName="DESKTOP-5URQ9PB" duration="00:00:00.0000180" startTime="2022-06-13T21:13:14.3253510+02:00" endTime="2022-06-13T21:13:14.3253692+02:00" testType="13cdc9d9-ddb5-4fa4-a97d-d965ccfc6d4b" outcome="Passed" testListId="8c84fa94-04c1-424b-9868-57a2d4851a1d" relativeResultsDirectory="2247a5a0-3915-41ec-ad72-81e952345ae9" />
    <UnitTestResult executionId="2b2cf20d-f326-47a8-9963-3a11394ea2fe" testId="eb4b3a2e-3867-f16d-1f8c-063517acc541" testName="FormatToStringTest1000(50413.517583300134d,&quot;50413.52 zł&quot;)" computerName="DESKTOP-5URQ9PB" duration="00:00:00.0000200" startTime="2022-06-13T21:13:14.3339355+02:00" endTime="2022-06-13T21:13:14.3339549+02:00" testType="13cdc9d9-ddb5-4fa4-a97d-d965ccfc6d4b" outcome="Passed" testListId="8c84fa94-04c1-424b-9868-57a2d4851a1d" relativeResultsDirectory="2b2cf20d-f326-47a8-9963-3a11394ea2fe" />
    <UnitTestResult executionId="885a1ac4-d1be-42c7-a369-1225d069d6a7" testId="a461dd4d-6d71-3e10-f8bf-9d15ad34f5c8" testName="FormatToStringTest1000(36978.61073549213d,&quot;36978.61 zł&quot;)" computerName="DESKTOP-5URQ9PB" duration="00:00:00.0000180" startTime="2022-06-13T21:13:14.3364409+02:00" endTime="2022-06-13T21:13:14.3364591+02:00" testType="13cdc9d9-ddb5-4fa4-a97d-d965ccfc6d4b" outcome="Passed" testListId="8c84fa94-04c1-424b-9868-57a2d4851a1d" relativeResultsDirectory="885a1ac4-d1be-42c7-a369-1225d069d6a7" />
    <UnitTestResult executionId="860b2da6-9723-403f-b997-d4f175c8f0d3" testId="ceb7f684-931d-5c6c-b7df-e9079ac9afdf" testName="FormatToStringTest1000(84686.32148464039d,&quot;84686.32 zł&quot;)" computerName="DESKTOP-5URQ9PB" duration="00:00:00.0000180" startTime="2022-06-13T21:13:14.3287917+02:00" endTime="2022-06-13T21:13:14.3288098+02:00" testType="13cdc9d9-ddb5-4fa4-a97d-d965ccfc6d4b" outcome="Passed" testListId="8c84fa94-04c1-424b-9868-57a2d4851a1d" relativeResultsDirectory="860b2da6-9723-403f-b997-d4f175c8f0d3" />
    <UnitTestResult executionId="b5190daf-dfc4-456a-bd18-8d69d3b3d488" testId="513b5d8b-983e-b793-a988-3659c0ad4956" testName="FormatToStringTest1000(31340.79231238914d,&quot;31340.79 zł&quot;)" computerName="DESKTOP-5URQ9PB" duration="00:00:00.0000180" startTime="2022-06-13T21:13:14.3226032+02:00" endTime="2022-06-13T21:13:14.3226210+02:00" testType="13cdc9d9-ddb5-4fa4-a97d-d965ccfc6d4b" outcome="Passed" testListId="8c84fa94-04c1-424b-9868-57a2d4851a1d" relativeResultsDirectory="b5190daf-dfc4-456a-bd18-8d69d3b3d488" />
    <UnitTestResult executionId="6079c397-1df6-49a5-8ba0-a25792f4ba2e" testId="72c240ff-79c5-ef41-5967-e3c497b7b2c0" testName="FormatToStringTest1000(12125.090155628086d,&quot;12125.09 zł&quot;)" computerName="DESKTOP-5URQ9PB" duration="00:00:00.0000190" startTime="2022-06-13T21:13:14.3250964+02:00" endTime="2022-06-13T21:13:14.3251149+02:00" testType="13cdc9d9-ddb5-4fa4-a97d-d965ccfc6d4b" outcome="Passed" testListId="8c84fa94-04c1-424b-9868-57a2d4851a1d" relativeResultsDirectory="6079c397-1df6-49a5-8ba0-a25792f4ba2e" />
    <UnitTestResult executionId="135fea04-e10f-4658-8ee4-6049aa28809e" testId="11c041e5-c464-6527-9aa5-15185ee7ed3b" testName="FormatToStringTest1000(45340.017357165d,&quot;45340.02 zł&quot;)" computerName="DESKTOP-5URQ9PB" duration="00:00:00.0000190" startTime="2022-06-13T21:13:14.3294128+02:00" endTime="2022-06-13T21:13:14.3294315+02:00" testType="13cdc9d9-ddb5-4fa4-a97d-d965ccfc6d4b" outcome="Passed" testListId="8c84fa94-04c1-424b-9868-57a2d4851a1d" relativeResultsDirectory="135fea04-e10f-4658-8ee4-6049aa28809e" />
    <UnitTestResult executionId="3f0b4e9f-528a-4e14-97c5-1383850d5f26" testId="86a3d4f1-4730-e078-7812-a2cb42758d4b" testName="FormatToStringTest1000(58848.60825001477d,&quot;58848.61 zł&quot;)" computerName="DESKTOP-5URQ9PB" duration="00:00:00.0000370" startTime="2022-06-13T21:13:14.3174823+02:00" endTime="2022-06-13T21:13:14.3175186+02:00" testType="13cdc9d9-ddb5-4fa4-a97d-d965ccfc6d4b" outcome="Passed" testListId="8c84fa94-04c1-424b-9868-57a2d4851a1d" relativeResultsDirectory="3f0b4e9f-528a-4e14-97c5-1383850d5f26" />
    <UnitTestResult executionId="2853fe70-5c88-4072-8bd4-f6beee7b1eae" testId="b7ec82f7-3497-4dc6-bb74-fbcde89b4ab4" testName="FormatToStringTest1000(1181.5773122979222d,&quot;1181.58 zł&quot;)" computerName="DESKTOP-5URQ9PB" duration="00:00:00.0000190" startTime="2022-06-13T21:13:14.3285951+02:00" endTime="2022-06-13T21:13:14.3286137+02:00" testType="13cdc9d9-ddb5-4fa4-a97d-d965ccfc6d4b" outcome="Passed" testListId="8c84fa94-04c1-424b-9868-57a2d4851a1d" relativeResultsDirectory="2853fe70-5c88-4072-8bd4-f6beee7b1eae" />
    <UnitTestResult executionId="ac5d9e6f-a14c-4573-8866-50ce179e1252" testId="7c29140c-1ee9-b980-7778-18b11231f8a3" testName="FormatToStringTest1000(40400.9734049295d,&quot;40400.97 zł&quot;)" computerName="DESKTOP-5URQ9PB" duration="00:00:00.0000180" startTime="2022-06-13T21:13:14.3248326+02:00" endTime="2022-06-13T21:13:14.3248505+02:00" testType="13cdc9d9-ddb5-4fa4-a97d-d965ccfc6d4b" outcome="Passed" testListId="8c84fa94-04c1-424b-9868-57a2d4851a1d" relativeResultsDirectory="ac5d9e6f-a14c-4573-8866-50ce179e1252" />
    <UnitTestResult executionId="c2d2ae76-53df-480c-abb0-35204af62504" testId="29503cc7-b010-6825-6d29-1db7cb95143d" testName="FormatToStringTest1000(47256.065730817645d,&quot;47256.07 zł&quot;)" computerName="DESKTOP-5URQ9PB" duration="00:00:00.0000190" startTime="2022-06-13T21:13:14.3229943+02:00" endTime="2022-06-13T21:13:14.3230127+02:00" testType="13cdc9d9-ddb5-4fa4-a97d-d965ccfc6d4b" outcome="Passed" testListId="8c84fa94-04c1-424b-9868-57a2d4851a1d" relativeResultsDirectory="c2d2ae76-53df-480c-abb0-35204af62504" />
    <UnitTestResult executionId="82fba23b-37d2-489f-95ed-514a90d70b68" testId="848d2a90-a6ed-8153-c519-d66b9a7193d9" testName="FormatToStringTest1000(1963.0091662979728d,&quot;1963.01 zł&quot;)" computerName="DESKTOP-5URQ9PB" duration="00:00:00.0000190" startTime="2022-06-13T21:13:14.3371801+02:00" endTime="2022-06-13T21:13:14.3371985+02:00" testType="13cdc9d9-ddb5-4fa4-a97d-d965ccfc6d4b" outcome="Passed" testListId="8c84fa94-04c1-424b-9868-57a2d4851a1d" relativeResultsDirectory="82fba23b-37d2-489f-95ed-514a90d70b68" />
    <UnitTestResult executionId="f014c0d9-a819-4c4f-a055-e34dac72f4a6" testId="255f4f6e-1bfc-cdd8-fb29-a1f4f034b89a" testName="FormatToStringTest1000(55782.67998761762d,&quot;55782.68 zł&quot;)" computerName="DESKTOP-5URQ9PB" duration="00:00:00.0000320" startTime="2022-06-13T21:13:14.3210024+02:00" endTime="2022-06-13T21:13:14.3210345+02:00" testType="13cdc9d9-ddb5-4fa4-a97d-d965ccfc6d4b" outcome="Passed" testListId="8c84fa94-04c1-424b-9868-57a2d4851a1d" relativeResultsDirectory="f014c0d9-a819-4c4f-a055-e34dac72f4a6" />
    <UnitTestResult executionId="acac3d87-1de6-42f0-9511-381a6539c053" testId="0351f469-7ff9-52d3-3d77-92c2f3051f1e" testName="FormatToStringTest1000(46590.9609819562d,&quot;46590.96 zł&quot;)" computerName="DESKTOP-5URQ9PB" duration="00:00:00.0000190" startTime="2022-06-13T21:13:14.3234632+02:00" endTime="2022-06-13T21:13:14.3234817+02:00" testType="13cdc9d9-ddb5-4fa4-a97d-d965ccfc6d4b" outcome="Passed" testListId="8c84fa94-04c1-424b-9868-57a2d4851a1d" relativeResultsDirectory="acac3d87-1de6-42f0-9511-381a6539c053" />
    <UnitTestResult executionId="dbade401-e7ef-4a38-82a4-b6aa4fe77ba7" testId="1d93089d-e24f-f1cb-f4e6-3e9e0cc249d4" testName="FormatToStringTest1000(33699.13042082038d,&quot;33699.13 zł&quot;)" computerName="DESKTOP-5URQ9PB" duration="00:00:00.0000190" startTime="2022-06-13T21:13:14.3337600+02:00" endTime="2022-06-13T21:13:14.3337786+02:00" testType="13cdc9d9-ddb5-4fa4-a97d-d965ccfc6d4b" outcome="Passed" testListId="8c84fa94-04c1-424b-9868-57a2d4851a1d" relativeResultsDirectory="dbade401-e7ef-4a38-82a4-b6aa4fe77ba7" />
    <UnitTestResult executionId="ffcd68d8-802b-4ae6-826f-065395e8af70" testId="f2ce681e-8a28-41b9-4a1e-04b76b54add8" testName="FormatToStringTest1000(1799.2562459103092d,&quot;1799.26 zł&quot;)" computerName="DESKTOP-5URQ9PB" duration="00:00:00.0000180" startTime="2022-06-13T21:13:14.3289620+02:00" endTime="2022-06-13T21:13:14.3289799+02:00" testType="13cdc9d9-ddb5-4fa4-a97d-d965ccfc6d4b" outcome="Passed" testListId="8c84fa94-04c1-424b-9868-57a2d4851a1d" relativeResultsDirectory="ffcd68d8-802b-4ae6-826f-065395e8af70" />
    <UnitTestResult executionId="3fbebafb-4a2d-4ca0-8446-ffac45792054" testId="71b5ba87-68b9-157d-6948-87a1827119b3" testName="FormatToStringTest1000(32566.30279101259d,&quot;32566.30 zł&quot;)" computerName="DESKTOP-5URQ9PB" duration="00:00:00.0000300" startTime="2022-06-13T21:13:14.3190763+02:00" endTime="2022-06-13T21:13:14.3191056+02:00" testType="13cdc9d9-ddb5-4fa4-a97d-d965ccfc6d4b" outcome="Passed" testListId="8c84fa94-04c1-424b-9868-57a2d4851a1d" relativeResultsDirectory="3fbebafb-4a2d-4ca0-8446-ffac45792054" />
    <UnitTestResult executionId="c7811f0d-952f-484a-babf-4f30ffeb7fbf" testId="90524d2a-adb4-bd7e-769a-526d502faf2e" testName="FormatToStringTest1000(47672.66266041652d,&quot;47672.66 zł&quot;)" computerName="DESKTOP-5URQ9PB" duration="00:00:00.0000220" startTime="2022-06-13T21:13:14.3413213+02:00" endTime="2022-06-13T21:13:14.3413428+02:00" testType="13cdc9d9-ddb5-4fa4-a97d-d965ccfc6d4b" outcome="Passed" testListId="8c84fa94-04c1-424b-9868-57a2d4851a1d" relativeResultsDirectory="c7811f0d-952f-484a-babf-4f30ffeb7fbf" />
    <UnitTestResult executionId="1c1898ab-7ada-4a41-8ea2-137acb2751d9" testId="005bc1cf-7a4e-92d9-5bd8-b2bbb383cd58" testName="FormatToStringTest1000(60323.066780431225d,&quot;60323.07 zł&quot;)" computerName="DESKTOP-5URQ9PB" duration="00:00:00.0000190" startTime="2022-06-13T21:13:14.3230431+02:00" endTime="2022-06-13T21:13:14.3230617+02:00" testType="13cdc9d9-ddb5-4fa4-a97d-d965ccfc6d4b" outcome="Passed" testListId="8c84fa94-04c1-424b-9868-57a2d4851a1d" relativeResultsDirectory="1c1898ab-7ada-4a41-8ea2-137acb2751d9" />
    <UnitTestResult executionId="cad9150a-aee8-4878-abc3-17b5718f6581" testId="a6e465ee-f568-61da-4158-e730cb849679" testName="FormatToStringTest1000(4121.116360678857d,&quot;4121.12 zł&quot;)" computerName="DESKTOP-5URQ9PB" duration="00:00:00.0000180" startTime="2022-06-13T21:13:14.3285714+02:00" endTime="2022-06-13T21:13:14.3285891+02:00" testType="13cdc9d9-ddb5-4fa4-a97d-d965ccfc6d4b" outcome="Passed" testListId="8c84fa94-04c1-424b-9868-57a2d4851a1d" relativeResultsDirectory="cad9150a-aee8-4878-abc3-17b5718f6581" />
    <UnitTestResult executionId="de80dbb7-5f05-40b0-afee-e1a3ceb3f778" testId="8a2b6295-c6f7-0626-b29d-201c71fd67a5" testName="FormatToStringTest1000(64210.358316209335d,&quot;64210.36 zł&quot;)" computerName="DESKTOP-5URQ9PB" duration="00:00:00.0000280" startTime="2022-06-13T21:13:14.3185370+02:00" endTime="2022-06-13T21:13:14.3185646+02:00" testType="13cdc9d9-ddb5-4fa4-a97d-d965ccfc6d4b" outcome="Passed" testListId="8c84fa94-04c1-424b-9868-57a2d4851a1d" relativeResultsDirectory="de80dbb7-5f05-40b0-afee-e1a3ceb3f778" />
    <UnitTestResult executionId="6fd5b7dc-c263-4ade-b261-e7c6c3f2aace" testId="6aa37256-4a27-aaf0-2d68-1faeac68f58c" testName="FormatToStringTest1000(67230.86250807665d,&quot;67230.86 zł&quot;)" computerName="DESKTOP-5URQ9PB" duration="00:00:00.0000300" startTime="2022-06-13T21:13:14.3197359+02:00" endTime="2022-06-13T21:13:14.3197655+02:00" testType="13cdc9d9-ddb5-4fa4-a97d-d965ccfc6d4b" outcome="Passed" testListId="8c84fa94-04c1-424b-9868-57a2d4851a1d" relativeResultsDirectory="6fd5b7dc-c263-4ade-b261-e7c6c3f2aace" />
    <UnitTestResult executionId="97f82066-9f2b-4f2b-9365-db06ba67f444" testId="1e5c078d-f94d-c926-473c-575e7ad77b95" testName="FormatToStringTest1000(2409.393997763001d,&quot;2409.39 zł&quot;)" computerName="DESKTOP-5URQ9PB" duration="00:00:00.0000330" startTime="2022-06-13T21:13:14.3202029+02:00" endTime="2022-06-13T21:13:14.3202356+02:00" testType="13cdc9d9-ddb5-4fa4-a97d-d965ccfc6d4b" outcome="Passed" testListId="8c84fa94-04c1-424b-9868-57a2d4851a1d" relativeResultsDirectory="97f82066-9f2b-4f2b-9365-db06ba67f444" />
    <UnitTestResult executionId="37eb061b-621a-4faf-83b9-553e5064d2a8" testId="c6ae4b68-49e1-d669-439e-3d0b7ef0cea4" testName="FormatToStringTest1000(21328.29026726507d,&quot;21328.29 zł&quot;)" computerName="DESKTOP-5URQ9PB" duration="00:00:00.0000190" startTime="2022-06-13T21:13:14.3400762+02:00" endTime="2022-06-13T21:13:14.3400951+02:00" testType="13cdc9d9-ddb5-4fa4-a97d-d965ccfc6d4b" outcome="Passed" testListId="8c84fa94-04c1-424b-9868-57a2d4851a1d" relativeResultsDirectory="37eb061b-621a-4faf-83b9-553e5064d2a8" />
    <UnitTestResult executionId="201cef54-903e-4464-bd04-26141c3d2064" testId="3f6f5d68-0845-7e29-25ea-1750d0b3ad97" testName="FormatToStringTest1000(88489.14069749469d,&quot;88489.14 zł&quot;)" computerName="DESKTOP-5URQ9PB" duration="00:00:00.0000190" startTime="2022-06-13T21:13:14.3413983+02:00" endTime="2022-06-13T21:13:14.3414170+02:00" testType="13cdc9d9-ddb5-4fa4-a97d-d965ccfc6d4b" outcome="Passed" testListId="8c84fa94-04c1-424b-9868-57a2d4851a1d" relativeResultsDirectory="201cef54-903e-4464-bd04-26141c3d2064" />
    <UnitTestResult executionId="ef302fb7-8c58-4ca8-b94e-0ea913e62c30" testId="8d93f248-c3e9-e97f-b3e2-6491b331020f" testName="FormatToStringTest1000(29474.095826699442d,&quot;29474.10 zł&quot;)" computerName="DESKTOP-5URQ9PB" duration="00:00:00.0000180" startTime="2022-06-13T21:13:14.3411891+02:00" endTime="2022-06-13T21:13:14.3412070+02:00" testType="13cdc9d9-ddb5-4fa4-a97d-d965ccfc6d4b" outcome="Passed" testListId="8c84fa94-04c1-424b-9868-57a2d4851a1d" relativeResultsDirectory="ef302fb7-8c58-4ca8-b94e-0ea913e62c30" />
    <UnitTestResult executionId="c08f0d46-7200-43a5-9463-9838743ce722" testId="d8dd6fae-802b-a606-14b3-f77add91cde3" testName="FormatToStringTest1000(1300.9430775404642d,&quot;1300.94 zł&quot;)" computerName="DESKTOP-5URQ9PB" duration="00:00:00.0465620" startTime="2022-06-13T21:13:14.2668368+02:00" endTime="2022-06-13T21:13:14.3132557+02:00" testType="13cdc9d9-ddb5-4fa4-a97d-d965ccfc6d4b" outcome="Passed" testListId="8c84fa94-04c1-424b-9868-57a2d4851a1d" relativeResultsDirectory="c08f0d46-7200-43a5-9463-9838743ce722" />
    <UnitTestResult executionId="0bd303b7-e612-4df8-898d-aa061beecf6e" testId="527d41f4-ee35-aeed-39d2-777e78659af8" testName="FormatToStringTest1000(18786.954468002055d,&quot;18786.95 zł&quot;)" computerName="DESKTOP-5URQ9PB" duration="00:00:00.0000180" startTime="2022-06-13T21:13:14.3303576+02:00" endTime="2022-06-13T21:13:14.3303756+02:00" testType="13cdc9d9-ddb5-4fa4-a97d-d965ccfc6d4b" outcome="Passed" testListId="8c84fa94-04c1-424b-9868-57a2d4851a1d" relativeResultsDirectory="0bd303b7-e612-4df8-898d-aa061beecf6e" />
    <UnitTestResult executionId="35043f6d-774f-44b8-917d-37ae9b3b37c0" testId="891c0d76-e64c-f414-ec6a-1381d76267bf" testName="FormatToStringTest1000(67380.07704875062d,&quot;67380.08 zł&quot;)" computerName="DESKTOP-5URQ9PB" duration="00:00:00.0000200" startTime="2022-06-13T21:13:14.3252498+02:00" endTime="2022-06-13T21:13:14.3252695+02:00" testType="13cdc9d9-ddb5-4fa4-a97d-d965ccfc6d4b" outcome="Passed" testListId="8c84fa94-04c1-424b-9868-57a2d4851a1d" relativeResultsDirectory="35043f6d-774f-44b8-917d-37ae9b3b37c0" />
    <UnitTestResult executionId="72b4ce69-69ef-4850-b50f-c01170a09864" testId="2ed0b312-2f27-0f0b-487a-dea260d635a9" testName="FormatToStringTest1000(52020.805412759444d,&quot;52020.81 zł&quot;)" computerName="DESKTOP-5URQ9PB" duration="00:00:00.0000380" startTime="2022-06-13T21:13:14.3173398+02:00" endTime="2022-06-13T21:13:14.3173770+02:00" testType="13cdc9d9-ddb5-4fa4-a97d-d965ccfc6d4b" outcome="Passed" testListId="8c84fa94-04c1-424b-9868-57a2d4851a1d" relativeResultsDirectory="72b4ce69-69ef-4850-b50f-c01170a09864" />
    <UnitTestResult executionId="5717ae3a-484d-4961-946b-885e0cdcbe37" testId="a50649ef-585c-8158-fd90-9ac54f51f860" testName="FormatToStringTest1000(2963.24443391815d,&quot;2963.24 zł&quot;)" computerName="DESKTOP-5URQ9PB" duration="00:00:00.0000190" startTime="2022-06-13T21:13:14.3305283+02:00" endTime="2022-06-13T21:13:14.3305471+02:00" testType="13cdc9d9-ddb5-4fa4-a97d-d965ccfc6d4b" outcome="Passed" testListId="8c84fa94-04c1-424b-9868-57a2d4851a1d" relativeResultsDirectory="5717ae3a-484d-4961-946b-885e0cdcbe37" />
    <UnitTestResult executionId="9cd48ecc-6918-4aa1-a501-f20b324609a9" testId="ed9a5b1b-624c-3396-5757-abd8e668541b" testName="FormatToStringTest1000(2435.1995505835857d,&quot;2435.20 zł&quot;)" computerName="DESKTOP-5URQ9PB" duration="00:00:00.0000190" startTime="2022-06-13T21:13:14.3219608+02:00" endTime="2022-06-13T21:13:14.3219798+02:00" testType="13cdc9d9-ddb5-4fa4-a97d-d965ccfc6d4b" outcome="Passed" testListId="8c84fa94-04c1-424b-9868-57a2d4851a1d" relativeResultsDirectory="9cd48ecc-6918-4aa1-a501-f20b324609a9" />
    <UnitTestResult executionId="fa134ede-22eb-4637-8731-41fd578dc96a" testId="6ce0d4c6-4820-8d4a-179e-2d433a32b3e2" testName="FormatToStringTest1000(7202.052143613367d,&quot;7202.05 zł&quot;)" computerName="DESKTOP-5URQ9PB" duration="00:00:00.0000180" startTime="2022-06-13T21:13:14.3366363+02:00" endTime="2022-06-13T21:13:14.3366543+02:00" testType="13cdc9d9-ddb5-4fa4-a97d-d965ccfc6d4b" outcome="Passed" testListId="8c84fa94-04c1-424b-9868-57a2d4851a1d" relativeResultsDirectory="fa134ede-22eb-4637-8731-41fd578dc96a" />
    <UnitTestResult executionId="1dea0b33-f488-4799-8621-c17a928fc7c4" testId="6dee8c76-3355-7dcc-c0a6-02e4a5ed7dc2" testName="FormatToStringTest1000(16637.074429372828d,&quot;16637.07 zł&quot;)" computerName="DESKTOP-5URQ9PB" duration="00:00:00.0000180" startTime="2022-06-13T21:13:14.3236131+02:00" endTime="2022-06-13T21:13:14.3236312+02:00" testType="13cdc9d9-ddb5-4fa4-a97d-d965ccfc6d4b" outcome="Passed" testListId="8c84fa94-04c1-424b-9868-57a2d4851a1d" relativeResultsDirectory="1dea0b33-f488-4799-8621-c17a928fc7c4" />
    <UnitTestResult executionId="7e740477-acb9-4f41-afc3-086e3952a60d" testId="57f59a31-3f22-a5b8-69d7-45e7719f3ea1" testName="FormatToStringTest1000(7191.024921368353d,&quot;7191.02 zł&quot;)" computerName="DESKTOP-5URQ9PB" duration="00:00:00.0000180" startTime="2022-06-13T21:13:14.3355709+02:00" endTime="2022-06-13T21:13:14.3355889+02:00" testType="13cdc9d9-ddb5-4fa4-a97d-d965ccfc6d4b" outcome="Passed" testListId="8c84fa94-04c1-424b-9868-57a2d4851a1d" relativeResultsDirectory="7e740477-acb9-4f41-afc3-086e3952a60d" />
    <UnitTestResult executionId="330cacda-fea8-45e1-b986-35cce8bae129" testId="e6e7fdd0-b12d-1312-3dc2-3384a5e7d999" testName="FormatToStringTest1000(29539.32303995328d,&quot;29539.32 zł&quot;)" computerName="DESKTOP-5URQ9PB" duration="00:00:00.0000180" startTime="2022-06-13T21:13:14.3284987+02:00" endTime="2022-06-13T21:13:14.3285165+02:00" testType="13cdc9d9-ddb5-4fa4-a97d-d965ccfc6d4b" outcome="Passed" testListId="8c84fa94-04c1-424b-9868-57a2d4851a1d" relativeResultsDirectory="330cacda-fea8-45e1-b986-35cce8bae129" />
    <UnitTestResult executionId="f2b654c3-025d-4aa8-a287-418697e20f16" testId="61eb0848-4e9b-4d1d-2e7a-801bcb7d8307" testName="FormatToStringTest1000(25882.451101077d,&quot;25882.45 zł&quot;)" computerName="DESKTOP-5URQ9PB" duration="00:00:00.0000190" startTime="2022-06-13T21:13:14.3307475+02:00" endTime="2022-06-13T21:13:14.3307661+02:00" testType="13cdc9d9-ddb5-4fa4-a97d-d965ccfc6d4b" outcome="Passed" testListId="8c84fa94-04c1-424b-9868-57a2d4851a1d" relativeResultsDirectory="f2b654c3-025d-4aa8-a287-418697e20f16" />
    <UnitTestResult executionId="2ee30175-044b-4d69-a69d-0958f082e911" testId="e84b36e7-4f40-fa31-8ed6-b8aea0f7b95d" testName="FormatToStringTest1000(3274.481392617096d,&quot;3274.48 zł&quot;)" computerName="DESKTOP-5URQ9PB" duration="00:00:00.0000190" startTime="2022-06-13T21:13:14.3333108+02:00" endTime="2022-06-13T21:13:14.3333297+02:00" testType="13cdc9d9-ddb5-4fa4-a97d-d965ccfc6d4b" outcome="Passed" testListId="8c84fa94-04c1-424b-9868-57a2d4851a1d" relativeResultsDirectory="2ee30175-044b-4d69-a69d-0958f082e911" />
    <UnitTestResult executionId="68035547-36da-40b4-9f00-5cdcce2b58f2" testId="ea15b94d-4a9c-5bee-a95c-770e518c855b" testName="FormatToStringTest1000(24528.124092612474d,&quot;24528.12 zł&quot;)" computerName="DESKTOP-5URQ9PB" duration="00:00:00.0000200" startTime="2022-06-13T21:13:14.3252757+02:00" endTime="2022-06-13T21:13:14.3252951+02:00" testType="13cdc9d9-ddb5-4fa4-a97d-d965ccfc6d4b" outcome="Passed" testListId="8c84fa94-04c1-424b-9868-57a2d4851a1d" relativeResultsDirectory="68035547-36da-40b4-9f00-5cdcce2b58f2" />
    <UnitTestResult executionId="962e4a63-34ec-40d6-9046-9d358cbdec92" testId="6c172272-73ee-1f81-5332-f3180f21fb30" testName="FormatToStringTest1000(20623.53139885493d,&quot;20623.53 zł&quot;)" computerName="DESKTOP-5URQ9PB" duration="00:00:00.0000330" startTime="2022-06-13T21:13:14.3218011+02:00" endTime="2022-06-13T21:13:14.3218339+02:00" testType="13cdc9d9-ddb5-4fa4-a97d-d965ccfc6d4b" outcome="Passed" testListId="8c84fa94-04c1-424b-9868-57a2d4851a1d" relativeResultsDirectory="962e4a63-34ec-40d6-9046-9d358cbdec92" />
    <UnitTestResult executionId="85b7fb52-ef9c-491c-acd2-ce1facb4e0de" testId="4aa2fb53-f9e4-f471-3a9f-14715f467049" testName="FormatToStringTest1000(44361.82678515177d,&quot;44361.83 zł&quot;)" computerName="DESKTOP-5URQ9PB" duration="00:00:00.0000190" startTime="2022-06-13T21:13:14.3403788+02:00" endTime="2022-06-13T21:13:14.3403975+02:00" testType="13cdc9d9-ddb5-4fa4-a97d-d965ccfc6d4b" outcome="Passed" testListId="8c84fa94-04c1-424b-9868-57a2d4851a1d" relativeResultsDirectory="85b7fb52-ef9c-491c-acd2-ce1facb4e0de" />
    <UnitTestResult executionId="0b9741c7-6b86-4888-9729-1c28b51cba93" testId="419ecc87-d9c8-28c4-00c0-ef118e7ae268" testName="FormatToStringTest1000(24729.333280806586d,&quot;24729.33 zł&quot;)" computerName="DESKTOP-5URQ9PB" duration="00:00:00.0000190" startTime="2022-06-13T21:13:14.3325204+02:00" endTime="2022-06-13T21:13:14.3325392+02:00" testType="13cdc9d9-ddb5-4fa4-a97d-d965ccfc6d4b" outcome="Passed" testListId="8c84fa94-04c1-424b-9868-57a2d4851a1d" relativeResultsDirectory="0b9741c7-6b86-4888-9729-1c28b51cba93" />
    <UnitTestResult executionId="04b7d56e-6514-48b7-acac-2b16052af1c1" testId="298a4d26-abe3-d2f6-50a3-14e473e9fa24" testName="FormatToStringTest1000(5840.747097845071d,&quot;5840.75 zł&quot;)" computerName="DESKTOP-5URQ9PB" duration="00:00:00.0000180" startTime="2022-06-13T21:13:14.3371072+02:00" endTime="2022-06-13T21:13:14.3371254+02:00" testType="13cdc9d9-ddb5-4fa4-a97d-d965ccfc6d4b" outcome="Passed" testListId="8c84fa94-04c1-424b-9868-57a2d4851a1d" relativeResultsDirectory="04b7d56e-6514-48b7-acac-2b16052af1c1" />
    <UnitTestResult executionId="1ee33a66-552b-4dbd-a076-16b2dccd628e" testId="d569c283-c0e4-d992-53ea-520d9219d214" testName="FormatToStringTest1000(19103.831635461574d,&quot;19103.83 zł&quot;)" computerName="DESKTOP-5URQ9PB" duration="00:00:00.0000180" startTime="2022-06-13T21:13:14.3303075+02:00" endTime="2022-06-13T21:13:14.3303254+02:00" testType="13cdc9d9-ddb5-4fa4-a97d-d965ccfc6d4b" outcome="Passed" testListId="8c84fa94-04c1-424b-9868-57a2d4851a1d" relativeResultsDirectory="1ee33a66-552b-4dbd-a076-16b2dccd628e" />
    <UnitTestResult executionId="af21cca8-e734-47c8-b1c0-49dbb15d7ce4" testId="299c3fd4-a01d-2a60-05c1-ad11698aa276" testName="FormatToStringTest1000(16825.83099003268d,&quot;16825.83 zł&quot;)" computerName="DESKTOP-5URQ9PB" duration="00:00:00.0000180" startTime="2022-06-13T21:13:14.3347968+02:00" endTime="2022-06-13T21:13:14.3348148+02:00" testType="13cdc9d9-ddb5-4fa4-a97d-d965ccfc6d4b" outcome="Passed" testListId="8c84fa94-04c1-424b-9868-57a2d4851a1d" relativeResultsDirectory="af21cca8-e734-47c8-b1c0-49dbb15d7ce4" />
    <UnitTestResult executionId="16569721-d013-42d2-8681-2b08d8df71e6" testId="d187567e-7ba7-c49e-1e54-13fd327095e9" testName="FormatToStringTest1000(1562.3173604776698d,&quot;1562.32 zł&quot;)" computerName="DESKTOP-5URQ9PB" duration="00:00:00.0000180" startTime="2022-06-13T21:13:14.3249761+02:00" endTime="2022-06-13T21:13:14.3249944+02:00" testType="13cdc9d9-ddb5-4fa4-a97d-d965ccfc6d4b" outcome="Passed" testListId="8c84fa94-04c1-424b-9868-57a2d4851a1d" relativeResultsDirectory="16569721-d013-42d2-8681-2b08d8df71e6" />
    <UnitTestResult executionId="b6e9e1b2-eb39-4ad9-8198-c7e8c8da0228" testId="4df235b9-e889-4809-39c8-ff3e09688830" testName="FormatToStringTest1000(11922.837782177532d,&quot;11922.84 zł&quot;)" computerName="DESKTOP-5URQ9PB" duration="00:00:00.0000190" startTime="2022-06-13T21:13:14.3258577+02:00" endTime="2022-06-13T21:13:14.3258766+02:00" testType="13cdc9d9-ddb5-4fa4-a97d-d965ccfc6d4b" outcome="Passed" testListId="8c84fa94-04c1-424b-9868-57a2d4851a1d" relativeResultsDirectory="b6e9e1b2-eb39-4ad9-8198-c7e8c8da0228" />
    <UnitTestResult executionId="7157fe2b-e524-4ae8-b349-f8f7a22989d7" testId="43c3749f-0376-2035-bd94-4df92053dab3" testName="FormatToStringTest1000(18627.604896394354d,&quot;18627.60 zł&quot;)" computerName="DESKTOP-5URQ9PB" duration="00:00:00.0000180" startTime="2022-06-13T21:13:14.3327887+02:00" endTime="2022-06-13T21:13:14.3328066+02:00" testType="13cdc9d9-ddb5-4fa4-a97d-d965ccfc6d4b" outcome="Passed" testListId="8c84fa94-04c1-424b-9868-57a2d4851a1d" relativeResultsDirectory="7157fe2b-e524-4ae8-b349-f8f7a22989d7" />
    <UnitTestResult executionId="bcb471c3-4c82-420e-9ef0-3b8bcb204d88" testId="3c694193-6244-2822-1520-285efe4d3761" testName="FormatToStringTest1000(782.6578288817116d,&quot;782.66 zł&quot;)" computerName="DESKTOP-5URQ9PB" duration="00:00:00.0000180" startTime="2022-06-13T21:13:14.3232694+02:00" endTime="2022-06-13T21:13:14.3232874+02:00" testType="13cdc9d9-ddb5-4fa4-a97d-d965ccfc6d4b" outcome="Passed" testListId="8c84fa94-04c1-424b-9868-57a2d4851a1d" relativeResultsDirectory="bcb471c3-4c82-420e-9ef0-3b8bcb204d88" />
    <UnitTestResult executionId="86aa8a74-fe56-4d3d-a1e5-7be523ac9fa7" testId="d377bd87-4eea-3f7f-c041-91df35d9ea10" testName="FormatToStringTest1000(6173.0243155793405d,&quot;6173.02 zł&quot;)" computerName="DESKTOP-5URQ9PB" duration="00:00:00.0000180" startTime="2022-06-13T21:13:14.3331808+02:00" endTime="2022-06-13T21:13:14.3331989+02:00" testType="13cdc9d9-ddb5-4fa4-a97d-d965ccfc6d4b" outcome="Passed" testListId="8c84fa94-04c1-424b-9868-57a2d4851a1d" relativeResultsDirectory="86aa8a74-fe56-4d3d-a1e5-7be523ac9fa7" />
    <UnitTestResult executionId="8a2ce140-4682-4475-a863-648649f5307e" testId="7df385e8-e01d-d2ef-2361-abb8175fc7ae" testName="FormatToStringTest1000(2298.0331723829886d,&quot;2298.03 zł&quot;)" computerName="DESKTOP-5URQ9PB" duration="00:00:00.0000190" startTime="2022-06-13T21:13:14.3310192+02:00" endTime="2022-06-13T21:13:14.3310381+02:00" testType="13cdc9d9-ddb5-4fa4-a97d-d965ccfc6d4b" outcome="Passed" testListId="8c84fa94-04c1-424b-9868-57a2d4851a1d" relativeResultsDirectory="8a2ce140-4682-4475-a863-648649f5307e" />
    <UnitTestResult executionId="7682faf5-8247-4ad0-bbd7-c0a7c394590c" testId="552b07f7-5957-56bd-9f6c-bbb880d05499" testName="FormatToStringTest1000(27506.397047390416d,&quot;27506.40 zł&quot;)" computerName="DESKTOP-5URQ9PB" duration="00:00:00.0000190" startTime="2022-06-13T21:13:14.3221834+02:00" endTime="2022-06-13T21:13:14.3222020+02:00" testType="13cdc9d9-ddb5-4fa4-a97d-d965ccfc6d4b" outcome="Passed" testListId="8c84fa94-04c1-424b-9868-57a2d4851a1d" relativeResultsDirectory="7682faf5-8247-4ad0-bbd7-c0a7c394590c" />
    <UnitTestResult executionId="195fb018-2e55-4006-a031-ed28ff64ecb3" testId="6236d5e6-b13b-501c-48e0-102f9eda59d6" testName="FormatToStringTest1000(49672.98901987402d,&quot;49672.99 zł&quot;)" computerName="DESKTOP-5URQ9PB" duration="00:00:00.0000190" startTime="2022-06-13T21:13:14.3276102+02:00" endTime="2022-06-13T21:13:14.3276291+02:00" testType="13cdc9d9-ddb5-4fa4-a97d-d965ccfc6d4b" outcome="Passed" testListId="8c84fa94-04c1-424b-9868-57a2d4851a1d" relativeResultsDirectory="195fb018-2e55-4006-a031-ed28ff64ecb3" />
    <UnitTestResult executionId="83303914-0b1d-43fb-aef0-33d86dcbbe0f" testId="274eee3c-fa31-a55c-1941-d2fdb1077d83" testName="FormatToStringTest1000(26468.346804109562d,&quot;26468.35 zł&quot;)" computerName="DESKTOP-5URQ9PB" duration="00:00:00.0000180" startTime="2022-06-13T21:13:14.3246648+02:00" endTime="2022-06-13T21:13:14.3246825+02:00" testType="13cdc9d9-ddb5-4fa4-a97d-d965ccfc6d4b" outcome="Passed" testListId="8c84fa94-04c1-424b-9868-57a2d4851a1d" relativeResultsDirectory="83303914-0b1d-43fb-aef0-33d86dcbbe0f" />
    <UnitTestResult executionId="1c9e0fbd-e08f-437e-8b6d-590958aef364" testId="1445b267-8883-4711-c51b-1a1ff5eca2f9" testName="FormatToStringTest1000(47630.39193684067d,&quot;47630.39 zł&quot;)" computerName="DESKTOP-5URQ9PB" duration="00:00:00.0000290" startTime="2022-06-13T21:13:14.3198506+02:00" endTime="2022-06-13T21:13:14.3198798+02:00" testType="13cdc9d9-ddb5-4fa4-a97d-d965ccfc6d4b" outcome="Passed" testListId="8c84fa94-04c1-424b-9868-57a2d4851a1d" relativeResultsDirectory="1c9e0fbd-e08f-437e-8b6d-590958aef364" />
    <UnitTestResult executionId="f018fdc7-426a-4cf3-87ea-e2b4136d2e79" testId="0ffbfc26-0b88-0610-8454-a3e10982707b" testName="FormatToStringTest1000(41368.29672956015d,&quot;41368.30 zł&quot;)" computerName="DESKTOP-5URQ9PB" duration="00:00:00.0000180" startTime="2022-06-13T21:13:14.3232151+02:00" endTime="2022-06-13T21:13:14.3232330+02:00" testType="13cdc9d9-ddb5-4fa4-a97d-d965ccfc6d4b" outcome="Passed" testListId="8c84fa94-04c1-424b-9868-57a2d4851a1d" relativeResultsDirectory="f018fdc7-426a-4cf3-87ea-e2b4136d2e79" />
    <UnitTestResult executionId="fee307c7-1639-4d37-b59a-7781afc2b709" testId="20032a0f-2ee3-8893-1563-317bcc5ab61c" testName="FormatToStringTest1000(57181.240528605056d,&quot;57181.24 zł&quot;)" computerName="DESKTOP-5URQ9PB" duration="00:00:00.0000200" startTime="2022-06-13T21:13:14.3251450+02:00" endTime="2022-06-13T21:13:14.3251649+02:00" testType="13cdc9d9-ddb5-4fa4-a97d-d965ccfc6d4b" outcome="Passed" testListId="8c84fa94-04c1-424b-9868-57a2d4851a1d" relativeResultsDirectory="fee307c7-1639-4d37-b59a-7781afc2b709" />
    <UnitTestResult executionId="3d7325f4-1838-48c4-a1b0-3d11811f921d" testId="2bc42f5a-e565-5018-fa3b-64bf63c4c2f5" testName="FormatToStringTest1000(14017.699524653006d,&quot;14017.70 zł&quot;)" computerName="DESKTOP-5URQ9PB" duration="00:00:00.0000190" startTime="2022-06-13T21:13:14.3413492+02:00" endTime="2022-06-13T21:13:14.3413679+02:00" testType="13cdc9d9-ddb5-4fa4-a97d-d965ccfc6d4b" outcome="Passed" testListId="8c84fa94-04c1-424b-9868-57a2d4851a1d" relativeResultsDirectory="3d7325f4-1838-48c4-a1b0-3d11811f921d" />
    <UnitTestResult executionId="be22830f-60b0-49ae-9b67-68be69db20a4" testId="024506f9-eb28-1802-65f5-4eafd9fc8776" testName="FormatToStringTest1000(6105.007054037418d,&quot;6105.01 zł&quot;)" computerName="DESKTOP-5URQ9PB" duration="00:00:00.0000190" startTime="2022-06-13T21:13:14.3332049+02:00" endTime="2022-06-13T21:13:14.3332234+02:00" testType="13cdc9d9-ddb5-4fa4-a97d-d965ccfc6d4b" outcome="Passed" testListId="8c84fa94-04c1-424b-9868-57a2d4851a1d" relativeResultsDirectory="be22830f-60b0-49ae-9b67-68be69db20a4" />
    <UnitTestResult executionId="6dbff48a-65c7-4e33-baf4-fdc29599ff8b" testId="ba2e227c-c79f-6137-d335-88fa098146b3" testName="FormatToStringTest1000(4555.538255205163d,&quot;4555.54 zł&quot;)" computerName="DESKTOP-5URQ9PB" duration="00:00:00.0000180" startTime="2022-06-13T21:13:14.3259793+02:00" endTime="2022-06-13T21:13:14.3259971+02:00" testType="13cdc9d9-ddb5-4fa4-a97d-d965ccfc6d4b" outcome="Passed" testListId="8c84fa94-04c1-424b-9868-57a2d4851a1d" relativeResultsDirectory="6dbff48a-65c7-4e33-baf4-fdc29599ff8b" />
    <UnitTestResult executionId="94541af7-5630-4d5d-92ab-3850f08f3edf" testId="c08489ce-87ea-9273-1e82-87dd20c6c729" testName="FormatToStringTest1000(15907.394871033446d,&quot;15907.39 zł&quot;)" computerName="DESKTOP-5URQ9PB" duration="00:00:00.0000190" startTime="2022-06-13T21:13:14.3325693+02:00" endTime="2022-06-13T21:13:14.3325878+02:00" testType="13cdc9d9-ddb5-4fa4-a97d-d965ccfc6d4b" outcome="Passed" testListId="8c84fa94-04c1-424b-9868-57a2d4851a1d" relativeResultsDirectory="94541af7-5630-4d5d-92ab-3850f08f3edf" />
  </Results>
  <TestDefinitions>
    <UnitTest name="FormatToStringTest1000(3503.9809179231434d,&quot;3503.98 zł&quot;)" storage="c:\projekty\nunittestproject\bin\debug\netcoreapp3.1\nunittestproject.dll" id="d2b12152-aa29-786c-7dfa-f4b6b5aa2a7e">
      <Execution id="74ac5232-cf4f-451c-a8c5-c2641a7eea20" />
      <TestMethod codeBase="C:\Projekty\NUnitTestProject\bin\Debug\netcoreapp3.1\NUnitTestProject.dll" adapterTypeName="executor://nunit3testexecutor/" className="NUnitTestProject.CurrencyHelperTests" name="FormatToStringTest1000(3503.9809179231434d,&quot;3503.98 zł&quot;)" />
    </UnitTest>
    <UnitTest name="FormatToStringTest1000(86.89546322771136d,&quot;86.90 zł&quot;)" storage="c:\projekty\nunittestproject\bin\debug\netcoreapp3.1\nunittestproject.dll" id="d00dfd16-6967-b6b7-0f2f-9403bdf758f6">
      <Execution id="6df22f21-a05d-4fa8-9d71-f4983fe4a8a1" />
      <TestMethod codeBase="C:\Projekty\NUnitTestProject\bin\Debug\netcoreapp3.1\NUnitTestProject.dll" adapterTypeName="executor://nunit3testexecutor/" className="NUnitTestProject.CurrencyHelperTests" name="FormatToStringTest1000(86.89546322771136d,&quot;86.90 zł&quot;)" />
    </UnitTest>
    <UnitTest name="FormatToStringTest1000(28972.23604401212d,&quot;28972.24 zł&quot;)" storage="c:\projekty\nunittestproject\bin\debug\netcoreapp3.1\nunittestproject.dll" id="abb79c21-cbdf-18a9-eb27-48d7cd452ee8">
      <Execution id="175864d5-ad68-409a-9f49-37d621c117e5" />
      <TestMethod codeBase="C:\Projekty\NUnitTestProject\bin\Debug\netcoreapp3.1\NUnitTestProject.dll" adapterTypeName="executor://nunit3testexecutor/" className="NUnitTestProject.CurrencyHelperTests" name="FormatToStringTest1000(28972.23604401212d,&quot;28972.24 zł&quot;)" />
    </UnitTest>
    <UnitTest name="FormatToStringTest1000(10457.593086045978d,&quot;10457.59 zł&quot;)" storage="c:\projekty\nunittestproject\bin\debug\netcoreapp3.1\nunittestproject.dll" id="35e23acf-2036-4d69-e77b-27d58a55d61b">
      <Execution id="6c894201-01ff-4e7e-b56e-f693582e92e0" />
      <TestMethod codeBase="C:\Projekty\NUnitTestProject\bin\Debug\netcoreapp3.1\NUnitTestProject.dll" adapterTypeName="executor://nunit3testexecutor/" className="NUnitTestProject.CurrencyHelperTests" name="FormatToStringTest1000(10457.593086045978d,&quot;10457.59 zł&quot;)" />
    </UnitTest>
    <UnitTest name="FormatToStringTest1000(1751.7703038522834d,&quot;1751.77 zł&quot;)" storage="c:\projekty\nunittestproject\bin\debug\netcoreapp3.1\nunittestproject.dll" id="4d3ac1b1-3fbf-8e2e-a5b3-6011afbd1d48">
      <Execution id="f40e05b1-ef33-4d46-a6a8-1c3c7fab7b11" />
      <TestMethod codeBase="C:\Projekty\NUnitTestProject\bin\Debug\netcoreapp3.1\NUnitTestProject.dll" adapterTypeName="executor://nunit3testexecutor/" className="NUnitTestProject.CurrencyHelperTests" name="FormatToStringTest1000(1751.7703038522834d,&quot;1751.77 zł&quot;)" />
    </UnitTest>
    <UnitTest name="FormatToStringTest1000(6915.421130504656d,&quot;6915.42 zł&quot;)" storage="c:\projekty\nunittestproject\bin\debug\netcoreapp3.1\nunittestproject.dll" id="71fdf905-97fb-1d5b-9602-e52da179cf3f">
      <Execution id="0476ff35-81cc-49e8-9504-46cb1833ee01" />
      <TestMethod codeBase="C:\Projekty\NUnitTestProject\bin\Debug\netcoreapp3.1\NUnitTestProject.dll" adapterTypeName="executor://nunit3testexecutor/" className="NUnitTestProject.CurrencyHelperTests" name="FormatToStringTest1000(6915.421130504656d,&quot;6915.42 zł&quot;)" />
    </UnitTest>
    <UnitTest name="FormatToStringTest1000(47025.6224095177d,&quot;47025.62 zł&quot;)" storage="c:\projekty\nunittestproject\bin\debug\netcoreapp3.1\nunittestproject.dll" id="1ab663c2-4cb9-e883-e113-e7c904041e47">
      <Execution id="96544eda-b50e-4c0e-818a-aa84e4abe7b7" />
      <TestMethod codeBase="C:\Projekty\NUnitTestProject\bin\Debug\netcoreapp3.1\NUnitTestProject.dll" adapterTypeName="executor://nunit3testexecutor/" className="NUnitTestProject.CurrencyHelperTests" name="FormatToStringTest1000(47025.6224095177d,&quot;47025.62 zł&quot;)" />
    </UnitTest>
    <UnitTest name="FormatToStringTest1000(37866.43836050967d,&quot;37866.44 zł&quot;)" storage="c:\projekty\nunittestproject\bin\debug\netcoreapp3.1\nunittestproject.dll" id="379018c4-3439-ea28-2c36-3039f4766b8e">
      <Execution id="6be7548d-4b00-410a-a514-334725247097" />
      <TestMethod codeBase="C:\Projekty\NUnitTestProject\bin\Debug\netcoreapp3.1\NUnitTestProject.dll" adapterTypeName="executor://nunit3testexecutor/" className="NUnitTestProject.CurrencyHelperTests" name="FormatToStringTest1000(37866.43836050967d,&quot;37866.44 zł&quot;)" />
    </UnitTest>
    <UnitTest name="FormatToStringTest1000(45445.182098106096d,&quot;45445.18 zł&quot;)" storage="c:\projekty\nunittestproject\bin\debug\netcoreapp3.1\nunittestproject.dll" id="f6e6ea6a-a253-8185-3a92-d6751c76c436">
      <Execution id="06835bba-7d75-484f-9ae0-3700ae7251b5" />
      <TestMethod codeBase="C:\Projekty\NUnitTestProject\bin\Debug\netcoreapp3.1\NUnitTestProject.dll" adapterTypeName="executor://nunit3testexecutor/" className="NUnitTestProject.CurrencyHelperTests" name="FormatToStringTest1000(45445.182098106096d,&quot;45445.18 zł&quot;)" />
    </UnitTest>
    <UnitTest name="FormatToStringTest1000(657.5396922647672d,&quot;657.54 zł&quot;)" storage="c:\projekty\nunittestproject\bin\debug\netcoreapp3.1\nunittestproject.dll" id="92867c0e-facc-7f59-b4bc-04e39d2ba464">
      <Execution id="c1cd3139-5ea1-4981-b2d1-5144c0f78a73" />
      <TestMethod codeBase="C:\Projekty\NUnitTestProject\bin\Debug\netcoreapp3.1\NUnitTestProject.dll" adapterTypeName="executor://nunit3testexecutor/" className="NUnitTestProject.CurrencyHelperTests" name="FormatToStringTest1000(657.5396922647672d,&quot;657.54 zł&quot;)" />
    </UnitTest>
    <UnitTest name="FormatToStringTest1000(2423.6182769712145d,&quot;2423.62 zł&quot;)" storage="c:\projekty\nunittestproject\bin\debug\netcoreapp3.1\nunittestproject.dll" id="2067c239-a69d-2f34-aeac-53cb55316cbb">
      <Execution id="1d1236ee-9265-4349-8636-51cfd4cbda58" />
      <TestMethod codeBase="C:\Projekty\NUnitTestProject\bin\Debug\netcoreapp3.1\NUnitTestProject.dll" adapterTypeName="executor://nunit3testexecutor/" className="NUnitTestProject.CurrencyHelperTests" name="FormatToStringTest1000(2423.6182769712145d,&quot;2423.62 zł&quot;)" />
    </UnitTest>
    <UnitTest name="FormatToStringTest1000(30410.68214617003d,&quot;30410.68 zł&quot;)" storage="c:\projekty\nunittestproject\bin\debug\netcoreapp3.1\nunittestproject.dll" id="9ef22620-233d-af50-c838-ed1dcd20ddc6">
      <Execution id="74dcbacb-b569-4e06-83ac-91eae75821af" />
      <TestMethod codeBase="C:\Projekty\NUnitTestProject\bin\Debug\netcoreapp3.1\NUnitTestProject.dll" adapterTypeName="executor://nunit3testexecutor/" className="NUnitTestProject.CurrencyHelperTests" name="FormatToStringTest1000(30410.68214617003d,&quot;30410.68 zł&quot;)" />
    </UnitTest>
    <UnitTest name="FormatToStringTest1000(2409.393997763001d,&quot;2409.39 zł&quot;)" storage="c:\projekty\nunittestproject\bin\debug\netcoreapp3.1\nunittestproject.dll" id="1e5c078d-f94d-c926-473c-575e7ad77b95">
      <Execution id="97f82066-9f2b-4f2b-9365-db06ba67f444" />
      <TestMethod codeBase="C:\Projekty\NUnitTestProject\bin\Debug\netcoreapp3.1\NUnitTestProject.dll" adapterTypeName="executor://nunit3testexecutor/" className="NUnitTestProject.CurrencyHelperTests" name="FormatToStringTest1000(2409.393997763001d,&quot;2409.39 zł&quot;)" />
    </UnitTest>
    <UnitTest name="FormatToStringTest1000(12221.10494323592d,&quot;12221.10 zł&quot;)" storage="c:\projekty\nunittestproject\bin\debug\netcoreapp3.1\nunittestproject.dll" id="64a6b4e0-a8e1-9595-14c6-66f8a8c8f576">
      <Execution id="723b1ff7-d30d-424e-87a3-2a8b6e6426ea" />
      <TestMethod codeBase="C:\Projekty\NUnitTestProject\bin\Debug\netcoreapp3.1\NUnitTestProject.dll" adapterTypeName="executor://nunit3testexecutor/" className="NUnitTestProject.CurrencyHelperTests" name="FormatToStringTest1000(12221.10494323592d,&quot;12221.10 zł&quot;)" />
    </UnitTest>
    <UnitTest name="FormatToStringTest1000(5876.112133716285d,&quot;5876.11 zł&quot;)" storage="c:\projekty\nunittestproject\bin\debug\netcoreapp3.1\nunittestproject.dll" id="9bd1c538-5b49-0158-94f6-e9be1859d678">
      <Execution id="ab9a50ea-51d9-45af-8f37-60e6c3f69de1" />
      <TestMethod codeBase="C:\Projekty\NUnitTestProject\bin\Debug\netcoreapp3.1\NUnitTestProject.dll" adapterTypeName="executor://nunit3testexecutor/" className="NUnitTestProject.CurrencyHelperTests" name="FormatToStringTest1000(5876.112133716285d,&quot;5876.11 zł&quot;)" />
    </UnitTest>
    <UnitTest name="FormatToStringTest1000(10534.184353995222d,&quot;10534.18 zł&quot;)" storage="c:\projekty\nunittestproject\bin\debug\netcoreapp3.1\nunittestproject.dll" id="8537861e-52bb-f63c-38f8-3f1d41ff88e5">
      <Execution id="fff9a7ce-1474-42d7-a8ae-e719b1c6213d" />
      <TestMethod codeBase="C:\Projekty\NUnitTestProject\bin\Debug\netcoreapp3.1\NUnitTestProject.dll" adapterTypeName="executor://nunit3testexecutor/" className="NUnitTestProject.CurrencyHelperTests" name="FormatToStringTest1000(10534.184353995222d,&quot;10534.18 zł&quot;)" />
    </UnitTest>
    <UnitTest name="FormatToStringTest1000(19541.10539777116d,&quot;19541.11 zł&quot;)" storage="c:\projekty\nunittestproject\bin\debug\netcoreapp3.1\nunittestproject.dll" id="7f23cd21-ad85-3cc7-38be-9ece9bfed213">
      <Execution id="75ec00dd-37ab-4477-9e9d-94658749c079" />
      <TestMethod codeBase="C:\Projekty\NUnitTestProject\bin\Debug\netcoreapp3.1\NUnitTestProject.dll" adapterTypeName="executor://nunit3testexecutor/" className="NUnitTestProject.CurrencyHelperTests" name="FormatToStringTest1000(19541.10539777116d,&quot;19541.11 zł&quot;)" />
    </UnitTest>
    <UnitTest name="FormatToStringTest1000(480.2082316857801d,&quot;480.21 zł&quot;)" storage="c:\projekty\nunittestproject\bin\debug\netcoreapp3.1\nunittestproject.dll" id="05474d60-4c0c-5e35-b4fc-2df26a361c4d">
      <Execution id="673cf651-9df2-4ad8-b4cf-cfd9b40a21f6" />
      <TestMethod codeBase="C:\Projekty\NUnitTestProject\bin\Debug\netcoreapp3.1\NUnitTestProject.dll" adapterTypeName="executor://nunit3testexecutor/" className="NUnitTestProject.CurrencyHelperTests" name="FormatToStringTest1000(480.2082316857801d,&quot;480.21 zł&quot;)" />
    </UnitTest>
    <UnitTest name="FormatToStringTest1000(22678.795878462864d,&quot;22678.80 zł&quot;)" storage="c:\projekty\nunittestproject\bin\debug\netcoreapp3.1\nunittestproject.dll" id="09dc5d9b-3822-771d-84ba-e650ae497aa7">
      <Execution id="37fe8d1f-758f-41d7-bd73-b582ab92021f" />
      <TestMethod codeBase="C:\Projekty\NUnitTestProject\bin\Debug\netcoreapp3.1\NUnitTestProject.dll" adapterTypeName="executor://nunit3testexecutor/" className="NUnitTestProject.CurrencyHelperTests" name="FormatToStringTest1000(22678.795878462864d,&quot;22678.80 zł&quot;)" />
    </UnitTest>
    <UnitTest name="FormatToStringTest1000(25376.6225052097d,&quot;25376.62 zł&quot;)" storage="c:\projekty\nunittestproject\bin\debug\netcoreapp3.1\nunittestproject.dll" id="4b65b228-f0fd-3e1d-e2c9-95f312b6aeb7">
      <Execution id="4bdce348-91a4-4880-bacb-aa7c215a313b" />
      <TestMethod codeBase="C:\Projekty\NUnitTestProject\bin\Debug\netcoreapp3.1\NUnitTestProject.dll" adapterTypeName="executor://nunit3testexecutor/" className="NUnitTestProject.CurrencyHelperTests" name="FormatToStringTest1000(25376.6225052097d,&quot;25376.62 zł&quot;)" />
    </UnitTest>
    <UnitTest name="FormatToStringTest1000(2444.4726240530017d,&quot;2444.47 zł&quot;)" storage="c:\projekty\nunittestproject\bin\debug\netcoreapp3.1\nunittestproject.dll" id="67f8d8e0-1fb7-7817-1ba6-6557149ef676">
      <Execution id="c7082718-8c84-44c0-9867-fbeb4424357f" />
      <TestMethod codeBase="C:\Projekty\NUnitTestProject\bin\Debug\netcoreapp3.1\NUnitTestProject.dll" adapterTypeName="executor://nunit3testexecutor/" className="NUnitTestProject.CurrencyHelperTests" name="FormatToStringTest1000(2444.4726240530017d,&quot;2444.47 zł&quot;)" />
    </UnitTest>
    <UnitTest name="FormatToStringTest1000(8851.904041135638d,&quot;8851.90 zł&quot;)" storage="c:\projekty\nunittestproject\bin\debug\netcoreapp3.1\nunittestproject.dll" id="2e2f38c6-5756-eb9b-9fbb-652c777b6247">
      <Execution id="e3479ece-7346-4317-8e49-74f1afa143e8" />
      <TestMethod codeBase="C:\Projekty\NUnitTestProject\bin\Debug\netcoreapp3.1\NUnitTestProject.dll" adapterTypeName="executor://nunit3testexecutor/" className="NUnitTestProject.CurrencyHelperTests" name="FormatToStringTest1000(8851.904041135638d,&quot;8851.90 zł&quot;)" />
    </UnitTest>
    <UnitTest name="FormatToStringTest1000(43858.624379632354d,&quot;43858.62 zł&quot;)" storage="c:\projekty\nunittestproject\bin\debug\netcoreapp3.1\nunittestproject.dll" id="0183c416-9787-c59d-18ce-d5b3fc43ac57">
      <Execution id="c622681e-e223-4a62-8a8f-f301270f8dd8" />
      <TestMethod codeBase="C:\Projekty\NUnitTestProject\bin\Debug\netcoreapp3.1\NUnitTestProject.dll" adapterTypeName="executor://nunit3testexecutor/" className="NUnitTestProject.CurrencyHelperTests" name="FormatToStringTest1000(43858.624379632354d,&quot;43858.62 zł&quot;)" />
    </UnitTest>
    <UnitTest name="FormatToStringTest1000(13455.521105358153d,&quot;13455.52 zł&quot;)" storage="c:\projekty\nunittestproject\bin\debug\netcoreapp3.1\nunittestproject.dll" id="dd5c672a-615a-d2df-e240-966d42055469">
      <Execution id="680ce163-ce5e-4fe6-891f-48c0ec0fdbc4" />
      <TestMethod codeBase="C:\Projekty\NUnitTestProject\bin\Debug\netcoreapp3.1\NUnitTestProject.dll" adapterTypeName="executor://nunit3testexecutor/" className="NUnitTestProject.CurrencyHelperTests" name="FormatToStringTest1000(13455.521105358153d,&quot;13455.52 zł&quot;)" />
    </UnitTest>
    <UnitTest name="FormatToStringTest1000(386.358918903097d,&quot;386.36 zł&quot;)" storage="c:\projekty\nunittestproject\bin\debug\netcoreapp3.1\nunittestproject.dll" id="c565182f-b75e-4a8b-1a2d-674dce2fa509">
      <Execution id="72f07093-699f-4ec4-b8e3-d2255070d768" />
      <TestMethod codeBase="C:\Projekty\NUnitTestProject\bin\Debug\netcoreapp3.1\NUnitTestProject.dll" adapterTypeName="executor://nunit3testexecutor/" className="NUnitTestProject.CurrencyHelperTests" name="FormatToStringTest1000(386.358918903097d,&quot;386.36 zł&quot;)" />
    </UnitTest>
    <UnitTest name="FormatToStringTest1000(10066.059180456241d,&quot;10066.06 zł&quot;)" storage="c:\projekty\nunittestproject\bin\debug\netcoreapp3.1\nunittestproject.dll" id="e8132b4a-b72b-7d8e-d5ad-2056ee804391">
      <Execution id="433a6b76-a104-47ff-99a6-197f54467a25" />
      <TestMethod codeBase="C:\Projekty\NUnitTestProject\bin\Debug\netcoreapp3.1\NUnitTestProject.dll" adapterTypeName="executor://nunit3testexecutor/" className="NUnitTestProject.CurrencyHelperTests" name="FormatToStringTest1000(10066.059180456241d,&quot;10066.06 zł&quot;)" />
    </UnitTest>
    <UnitTest name="FormatToStringTest1000(2883.637133003975d,&quot;2883.64 zł&quot;)" storage="c:\projekty\nunittestproject\bin\debug\netcoreapp3.1\nunittestproject.dll" id="8444e906-7a92-9021-9b3f-57eb7bbd8067">
      <Execution id="2dff0a84-951e-476a-83e3-c4177c261e01" />
      <TestMethod codeBase="C:\Projekty\NUnitTestProject\bin\Debug\netcoreapp3.1\NUnitTestProject.dll" adapterTypeName="executor://nunit3testexecutor/" className="NUnitTestProject.CurrencyHelperTests" name="FormatToStringTest1000(2883.637133003975d,&quot;2883.64 zł&quot;)" />
    </UnitTest>
    <UnitTest name="FormatToStringTest1000(24030.724859085738d,&quot;24030.72 zł&quot;)" storage="c:\projekty\nunittestproject\bin\debug\netcoreapp3.1\nunittestproject.dll" id="39df2f5c-e533-7912-e8a8-0244d814b70f">
      <Execution id="8ac10870-6172-4c26-953f-60bc6e9c41da" />
      <TestMethod codeBase="C:\Projekty\NUnitTestProject\bin\Debug\netcoreapp3.1\NUnitTestProject.dll" adapterTypeName="executor://nunit3testexecutor/" className="NUnitTestProject.CurrencyHelperTests" name="FormatToStringTest1000(24030.724859085738d,&quot;24030.72 zł&quot;)" />
    </UnitTest>
    <UnitTest name="FormatToStringTest1000(20116.958341299072d,&quot;20116.96 zł&quot;)" storage="c:\projekty\nunittestproject\bin\debug\netcoreapp3.1\nunittestproject.dll" id="7a0e454f-7db2-d7d6-0df6-561708317bba">
      <Execution id="3825a3f8-1b6f-4900-b44b-6002f899ae89" />
      <TestMethod codeBase="C:\Projekty\NUnitTestProject\bin\Debug\netcoreapp3.1\NUnitTestProject.dll" adapterTypeName="executor://nunit3testexecutor/" className="NUnitTestProject.CurrencyHelperTests" name="FormatToStringTest1000(20116.958341299072d,&quot;20116.96 zł&quot;)" />
    </UnitTest>
    <UnitTest name="FormatToStringTest1000(58459.03113649601d,&quot;58459.03 zł&quot;)" storage="c:\projekty\nunittestproject\bin\debug\netcoreapp3.1\nunittestproject.dll" id="b923c1df-de90-30ce-6175-be67d41806a2">
      <Execution id="f645180d-14a2-4b03-81dc-17818baab37d" />
      <TestMethod codeBase="C:\Projekty\NUnitTestProject\bin\Debug\netcoreapp3.1\NUnitTestProject.dll" adapterTypeName="executor://nunit3testexecutor/" className="NUnitTestProject.CurrencyHelperTests" name="FormatToStringTest1000(58459.03113649601d,&quot;58459.03 zł&quot;)" />
    </UnitTest>
    <UnitTest name="FormatToStringTest1000(20643.69044446465d,&quot;20643.69 zł&quot;)" storage="c:\projekty\nunittestproject\bin\debug\netcoreapp3.1\nunittestproject.dll" id="b039aca6-d089-bcbd-2727-394bcd0025e0">
      <Execution id="ad8df312-cf9b-4f0b-87fe-edeea8a37c6d" />
      <TestMethod codeBase="C:\Projekty\NUnitTestProject\bin\Debug\netcoreapp3.1\NUnitTestProject.dll" adapterTypeName="executor://nunit3testexecutor/" className="NUnitTestProject.CurrencyHelperTests" name="FormatToStringTest1000(20643.69044446465d,&quot;20643.69 zł&quot;)" />
    </UnitTest>
    <UnitTest name="FormatToStringTest1000(151.50737175275916d,&quot;151.51 zł&quot;)" storage="c:\projekty\nunittestproject\bin\debug\netcoreapp3.1\nunittestproject.dll" id="34f38fc8-ae53-5e82-0417-57e4237764fa">
      <Execution id="3c34817f-c4c3-445c-bc6a-3bda6b4bb0cd" />
      <TestMethod codeBase="C:\Projekty\NUnitTestProject\bin\Debug\netcoreapp3.1\NUnitTestProject.dll" adapterTypeName="executor://nunit3testexecutor/" className="NUnitTestProject.CurrencyHelperTests" name="FormatToStringTest1000(151.50737175275916d,&quot;151.51 zł&quot;)" />
    </UnitTest>
    <UnitTest name="FormatToStringTest1000(39314.52353688401d,&quot;39314.52 zł&quot;)" storage="c:\projekty\nunittestproject\bin\debug\netcoreapp3.1\nunittestproject.dll" id="97c96922-5169-8a4b-ec79-8c51fbb945f4">
      <Execution id="1771bea2-98d8-47dc-9d17-80c7246fb9ae" />
      <TestMethod codeBase="C:\Projekty\NUnitTestProject\bin\Debug\netcoreapp3.1\NUnitTestProject.dll" adapterTypeName="executor://nunit3testexecutor/" className="NUnitTestProject.CurrencyHelperTests" name="FormatToStringTest1000(39314.52353688401d,&quot;39314.52 zł&quot;)" />
    </UnitTest>
    <UnitTest name="FormatToStringTest1000(70771.4436677524d,&quot;70771.44 zł&quot;)" storage="c:\projekty\nunittestproject\bin\debug\netcoreapp3.1\nunittestproject.dll" id="a08c8488-fa9f-7deb-e37e-0124bdaf71c9">
      <Execution id="cde1b348-f0d8-4312-a273-e14297133bf8" />
      <TestMethod codeBase="C:\Projekty\NUnitTestProject\bin\Debug\netcoreapp3.1\NUnitTestProject.dll" adapterTypeName="executor://nunit3testexecutor/" className="NUnitTestProject.CurrencyHelperTests" name="FormatToStringTest1000(70771.4436677524d,&quot;70771.44 zł&quot;)" />
    </UnitTest>
    <UnitTest name="FormatToStringTest1000(24768.25771770359d,&quot;24768.26 zł&quot;)" storage="c:\projekty\nunittestproject\bin\debug\netcoreapp3.1\nunittestproject.dll" id="9277cfc2-3adf-cf52-f9f5-a84d42e6305c">
      <Execution id="2bc3f170-89a4-4339-adb0-4cd300c36fa6" />
      <TestMethod codeBase="C:\Projekty\NUnitTestProject\bin\Debug\netcoreapp3.1\NUnitTestProject.dll" adapterTypeName="executor://nunit3testexecutor/" className="NUnitTestProject.CurrencyHelperTests" name="FormatToStringTest1000(24768.25771770359d,&quot;24768.26 zł&quot;)" />
    </UnitTest>
    <UnitTest name="FormatToStringTest1000(50644.690874327294d,&quot;50644.69 zł&quot;)" storage="c:\projekty\nunittestproject\bin\debug\netcoreapp3.1\nunittestproject.dll" id="9006b827-71f8-1e68-78c8-d64e06e75b19">
      <Execution id="5bd7eef5-2219-4476-a9d7-4fcbbd71ad67" />
      <TestMethod codeBase="C:\Projekty\NUnitTestProject\bin\Debug\netcoreapp3.1\NUnitTestProject.dll" adapterTypeName="executor://nunit3testexecutor/" className="NUnitTestProject.CurrencyHelperTests" name="FormatToStringTest1000(50644.690874327294d,&quot;50644.69 zł&quot;)" />
    </UnitTest>
    <UnitTest name="FormatToStringTest1000(20146.183073329827d,&quot;20146.18 zł&quot;)" storage="c:\projekty\nunittestproject\bin\debug\netcoreapp3.1\nunittestproject.dll" id="b5a90a67-8ab0-67af-7979-e040eeab7b97">
      <Execution id="10e546c5-b488-4c61-a6bb-a970f2ca4034" />
      <TestMethod codeBase="C:\Projekty\NUnitTestProject\bin\Debug\netcoreapp3.1\NUnitTestProject.dll" adapterTypeName="executor://nunit3testexecutor/" className="NUnitTestProject.CurrencyHelperTests" name="FormatToStringTest1000(20146.183073329827d,&quot;20146.18 zł&quot;)" />
    </UnitTest>
    <UnitTest name="FormatToStringTest1000(45340.017357165d,&quot;45340.02 zł&quot;)" storage="c:\projekty\nunittestproject\bin\debug\netcoreapp3.1\nunittestproject.dll" id="11c041e5-c464-6527-9aa5-15185ee7ed3b">
      <Execution id="135fea04-e10f-4658-8ee4-6049aa28809e" />
      <TestMethod codeBase="C:\Projekty\NUnitTestProject\bin\Debug\netcoreapp3.1\NUnitTestProject.dll" adapterTypeName="executor://nunit3testexecutor/" className="NUnitTestProject.CurrencyHelperTests" name="FormatToStringTest1000(45340.017357165d,&quot;45340.02 zł&quot;)" />
    </UnitTest>
    <UnitTest name="FormatToStringTest1000(52032.65082931176d,&quot;52032.65 zł&quot;)" storage="c:\projekty\nunittestproject\bin\debug\netcoreapp3.1\nunittestproject.dll" id="0f4e158a-5f55-34ac-2195-c457e3f3f9e2">
      <Execution id="dbbe4f33-9427-4bca-af4c-6689161801e3" />
      <TestMethod codeBase="C:\Projekty\NUnitTestProject\bin\Debug\netcoreapp3.1\NUnitTestProject.dll" adapterTypeName="executor://nunit3testexecutor/" className="NUnitTestProject.CurrencyHelperTests" name="FormatToStringTest1000(52032.65082931176d,&quot;52032.65 zł&quot;)" />
    </UnitTest>
    <UnitTest name="FormatToStringTest1000(36320.770035296104d,&quot;36320.77 zł&quot;)" storage="c:\projekty\nunittestproject\bin\debug\netcoreapp3.1\nunittestproject.dll" id="a6a973e9-da68-b082-10c2-5aa132fd4e6b">
      <Execution id="22f715de-3f65-4436-a0bd-f4b5c8d70819" />
      <TestMethod codeBase="C:\Projekty\NUnitTestProject\bin\Debug\netcoreapp3.1\NUnitTestProject.dll" adapterTypeName="executor://nunit3testexecutor/" className="NUnitTestProject.CurrencyHelperTests" name="FormatToStringTest1000(36320.770035296104d,&quot;36320.77 zł&quot;)" />
    </UnitTest>
    <UnitTest name="FormatToStringTest1000(34096.337879508894d,&quot;34096.34 zł&quot;)" storage="c:\projekty\nunittestproject\bin\debug\netcoreapp3.1\nunittestproject.dll" id="21c3231d-e912-0f46-5fbf-421ff3f2435e">
      <Execution id="9882c38e-7fe3-4357-b151-02ad0d1260e7" />
      <TestMethod codeBase="C:\Projekty\NUnitTestProject\bin\Debug\netcoreapp3.1\NUnitTestProject.dll" adapterTypeName="executor://nunit3testexecutor/" className="NUnitTestProject.CurrencyHelperTests" name="FormatToStringTest1000(34096.337879508894d,&quot;34096.34 zł&quot;)" />
    </UnitTest>
    <UnitTest name="FormatToStringTest1000(37589.670531794276d,&quot;37589.67 zł&quot;)" storage="c:\projekty\nunittestproject\bin\debug\netcoreapp3.1\nunittestproject.dll" id="39003167-8a78-92df-7e4f-41dcd0888168">
      <Execution id="9e4814ac-fb89-4360-9642-d3978ff30d25" />
      <TestMethod codeBase="C:\Projekty\NUnitTestProject\bin\Debug\netcoreapp3.1\NUnitTestProject.dll" adapterTypeName="executor://nunit3testexecutor/" className="NUnitTestProject.CurrencyHelperTests" name="FormatToStringTest1000(37589.670531794276d,&quot;37589.67 zł&quot;)" />
    </UnitTest>
    <UnitTest name="FormatToStringTest1000(15566.957545477411d,&quot;15566.96 zł&quot;)" storage="c:\projekty\nunittestproject\bin\debug\netcoreapp3.1\nunittestproject.dll" id="506d41c9-bfc8-bf08-1307-c55fbf29a8e5">
      <Execution id="a7ad3829-ebb9-4ee4-b438-d9fe4ef2a444" />
      <TestMethod codeBase="C:\Projekty\NUnitTestProject\bin\Debug\netcoreapp3.1\NUnitTestProject.dll" adapterTypeName="executor://nunit3testexecutor/" className="NUnitTestProject.CurrencyHelperTests" name="FormatToStringTest1000(15566.957545477411d,&quot;15566.96 zł&quot;)" />
    </UnitTest>
    <UnitTest name="FormatToStringTest1000(9661.966055578536d,&quot;9661.97 zł&quot;)" storage="c:\projekty\nunittestproject\bin\debug\netcoreapp3.1\nunittestproject.dll" id="b9c69082-a036-d41e-d5a0-c1cde2a1d040">
      <Execution id="b3390195-fd48-4e73-bf7c-8f7063f93467" />
      <TestMethod codeBase="C:\Projekty\NUnitTestProject\bin\Debug\netcoreapp3.1\NUnitTestProject.dll" adapterTypeName="executor://nunit3testexecutor/" className="NUnitTestProject.CurrencyHelperTests" name="FormatToStringTest1000(9661.966055578536d,&quot;9661.97 zł&quot;)" />
    </UnitTest>
    <UnitTest name="FormatToStringTest1000(653.4647999170537d,&quot;653.46 zł&quot;)" storage="c:\projekty\nunittestproject\bin\debug\netcoreapp3.1\nunittestproject.dll" id="a95ff0ae-d4c3-2673-b0e9-9a7af3b33aba">
      <Execution id="9f1b40d1-7efd-4253-a4db-b287ef10f323" />
      <TestMethod codeBase="C:\Projekty\NUnitTestProject\bin\Debug\netcoreapp3.1\NUnitTestProject.dll" adapterTypeName="executor://nunit3testexecutor/" className="NUnitTestProject.CurrencyHelperTests" name="FormatToStringTest1000(653.4647999170537d,&quot;653.46 zł&quot;)" />
    </UnitTest>
    <UnitTest name="FormatToStringTest1000(63115.864864394935d,&quot;63115.86 zł&quot;)" storage="c:\projekty\nunittestproject\bin\debug\netcoreapp3.1\nunittestproject.dll" id="13221fa5-3685-19e4-e13a-81cefe081d4d">
      <Execution id="ad357791-2cf0-4d48-857f-c3c15afaf5f7" />
      <TestMethod codeBase="C:\Projekty\NUnitTestProject\bin\Debug\netcoreapp3.1\NUnitTestProject.dll" adapterTypeName="executor://nunit3testexecutor/" className="NUnitTestProject.CurrencyHelperTests" name="FormatToStringTest1000(63115.864864394935d,&quot;63115.86 zł&quot;)" />
    </UnitTest>
    <UnitTest name="FormatToStringTest1000(9818.257405763146d,&quot;9818.26 zł&quot;)" storage="c:\projekty\nunittestproject\bin\debug\netcoreapp3.1\nunittestproject.dll" id="99d674fc-9d36-ee84-15f3-75180d0ffbf0">
      <Execution id="c955111f-6816-4559-8b24-cf5741904620" />
      <TestMethod codeBase="C:\Projekty\NUnitTestProject\bin\Debug\netcoreapp3.1\NUnitTestProject.dll" adapterTypeName="executor://nunit3testexecutor/" className="NUnitTestProject.CurrencyHelperTests" name="FormatToStringTest1000(9818.257405763146d,&quot;9818.26 zł&quot;)" />
    </UnitTest>
    <UnitTest name="FormatToStringTest1000(46607.970025941715d,&quot;46607.97 zł&quot;)" storage="c:\projekty\nunittestproject\bin\debug\netcoreapp3.1\nunittestproject.dll" id="c2736500-86f5-c7ae-a0e1-fceb61e5a5d4">
      <Execution id="e658eb7f-b883-44aa-8209-693d21d86b47" />
      <TestMethod codeBase="C:\Projekty\NUnitTestProject\bin\Debug\netcoreapp3.1\NUnitTestProject.dll" adapterTypeName="executor://nunit3testexecutor/" className="NUnitTestProject.CurrencyHelperTests" name="FormatToStringTest1000(46607.970025941715d,&quot;46607.97 zł&quot;)" />
    </UnitTest>
    <UnitTest name="FormatToStringTest1000(11829.625994884234d,&quot;11829.63 zł&quot;)" storage="c:\projekty\nunittestproject\bin\debug\netcoreapp3.1\nunittestproject.dll" id="8ba4f73b-ec87-c89b-2641-8f6e59861d2d">
      <Execution id="ba6b632d-a54e-4520-96a3-e40084533e9d" />
      <TestMethod codeBase="C:\Projekty\NUnitTestProject\bin\Debug\netcoreapp3.1\NUnitTestProject.dll" adapterTypeName="executor://nunit3testexecutor/" className="NUnitTestProject.CurrencyHelperTests" name="FormatToStringTest1000(11829.625994884234d,&quot;11829.63 zł&quot;)" />
    </UnitTest>
    <UnitTest name="FormatToStringTest1000(55030.929183896136d,&quot;55030.93 zł&quot;)" storage="c:\projekty\nunittestproject\bin\debug\netcoreapp3.1\nunittestproject.dll" id="eae9a8da-630f-ea44-decf-a8ef3a38d81d">
      <Execution id="79284426-b0cd-4d10-bb7d-fd5c38db6122" />
      <TestMethod codeBase="C:\Projekty\NUnitTestProject\bin\Debug\netcoreapp3.1\NUnitTestProject.dll" adapterTypeName="executor://nunit3testexecutor/" className="NUnitTestProject.CurrencyHelperTests" name="FormatToStringTest1000(55030.929183896136d,&quot;55030.93 zł&quot;)" />
    </UnitTest>
    <UnitTest name="FormatToStringTest1000(5749.124990274722d,&quot;5749.12 zł&quot;)" storage="c:\projekty\nunittestproject\bin\debug\netcoreapp3.1\nunittestproject.dll" id="e6b1d0c3-adf4-f12b-3a3a-a088a5d2227c">
      <Execution id="d4b39195-46f5-4b02-8142-656c819e8598" />
      <TestMethod codeBase="C:\Projekty\NUnitTestProject\bin\Debug\netcoreapp3.1\NUnitTestProject.dll" adapterTypeName="executor://nunit3testexecutor/" className="NUnitTestProject.CurrencyHelperTests" name="FormatToStringTest1000(5749.124990274722d,&quot;5749.12 zł&quot;)" />
    </UnitTest>
    <UnitTest name="FormatToStringTest1000(22666.13578912995d,&quot;22666.14 zł&quot;)" storage="c:\projekty\nunittestproject\bin\debug\netcoreapp3.1\nunittestproject.dll" id="3c275536-ffe1-8830-c363-8f6f56aca6a1">
      <Execution id="c35b5d17-f4e3-4ba8-bea2-cf0c6f816c2f" />
      <TestMethod codeBase="C:\Projekty\NUnitTestProject\bin\Debug\netcoreapp3.1\NUnitTestProject.dll" adapterTypeName="executor://nunit3testexecutor/" className="NUnitTestProject.CurrencyHelperTests" name="FormatToStringTest1000(22666.13578912995d,&quot;22666.14 zł&quot;)" />
    </UnitTest>
    <UnitTest name="FormatToStringTest1000(9765.54450809748d,&quot;9765.54 zł&quot;)" storage="c:\projekty\nunittestproject\bin\debug\netcoreapp3.1\nunittestproject.dll" id="9cea378d-92c3-1f1c-ce51-cbbf77aae662">
      <Execution id="79808d4e-41ef-440c-9b6b-f82fde11b705" />
      <TestMethod codeBase="C:\Projekty\NUnitTestProject\bin\Debug\netcoreapp3.1\NUnitTestProject.dll" adapterTypeName="executor://nunit3testexecutor/" className="NUnitTestProject.CurrencyHelperTests" name="FormatToStringTest1000(9765.54450809748d,&quot;9765.54 zł&quot;)" />
    </UnitTest>
    <UnitTest name="FormatToStringTest1000(8802.811382028653d,&quot;8802.81 zł&quot;)" storage="c:\projekty\nunittestproject\bin\debug\netcoreapp3.1\nunittestproject.dll" id="40488d75-026c-550a-6026-e97b07265e5b">
      <Execution id="183b1e0e-1c6d-4a77-9a23-e8b3fa78e0c7" />
      <TestMethod codeBase="C:\Projekty\NUnitTestProject\bin\Debug\netcoreapp3.1\NUnitTestProject.dll" adapterTypeName="executor://nunit3testexecutor/" className="NUnitTestProject.CurrencyHelperTests" name="FormatToStringTest1000(8802.811382028653d,&quot;8802.81 zł&quot;)" />
    </UnitTest>
    <UnitTest name="FormatToStringTest1000(3588.260979617136d,&quot;3588.26 zł&quot;)" storage="c:\projekty\nunittestproject\bin\debug\netcoreapp3.1\nunittestproject.dll" id="662f9f8e-b212-7223-452e-c301bb4c0b8d">
      <Execution id="19d58b20-4ae4-4758-b9f2-61331bf1acf7" />
      <TestMethod codeBase="C:\Projekty\NUnitTestProject\bin\Debug\netcoreapp3.1\NUnitTestProject.dll" adapterTypeName="executor://nunit3testexecutor/" className="NUnitTestProject.CurrencyHelperTests" name="FormatToStringTest1000(3588.260979617136d,&quot;3588.26 zł&quot;)" />
    </UnitTest>
    <UnitTest name="FormatToStringTest1000(20454.142628653506d,&quot;20454.14 zł&quot;)" storage="c:\projekty\nunittestproject\bin\debug\netcoreapp3.1\nunittestproject.dll" id="f6401660-be6e-6eb8-4af7-4a88425589c4">
      <Execution id="047d5a7f-5d40-4ced-addb-4e59c5ea0327" />
      <TestMethod codeBase="C:\Projekty\NUnitTestProject\bin\Debug\netcoreapp3.1\NUnitTestProject.dll" adapterTypeName="executor://nunit3testexecutor/" className="NUnitTestProject.CurrencyHelperTests" name="FormatToStringTest1000(20454.142628653506d,&quot;20454.14 zł&quot;)" />
    </UnitTest>
    <UnitTest name="FormatToStringTest1000(22330.217605518745d,&quot;22330.22 zł&quot;)" storage="c:\projekty\nunittestproject\bin\debug\netcoreapp3.1\nunittestproject.dll" id="47a34375-592d-8cb5-ab77-ab4cd5ff1ae6">
      <Execution id="8b534718-e010-4788-be53-25a2fb05834d" />
      <TestMethod codeBase="C:\Projekty\NUnitTestProject\bin\Debug\netcoreapp3.1\NUnitTestProject.dll" adapterTypeName="executor://nunit3testexecutor/" className="NUnitTestProject.CurrencyHelperTests" name="FormatToStringTest1000(22330.217605518745d,&quot;22330.22 zł&quot;)" />
    </UnitTest>
    <UnitTest name="FormatToStringTest1000(31424.298858482067d,&quot;31424.30 zł&quot;)" storage="c:\projekty\nunittestproject\bin\debug\netcoreapp3.1\nunittestproject.dll" id="6348b4b0-49f7-9204-9791-fbfe727cb8b8">
      <Execution id="7a7ad369-d307-4249-9d7b-4d23dce96c9f" />
      <TestMethod codeBase="C:\Projekty\NUnitTestProject\bin\Debug\netcoreapp3.1\NUnitTestProject.dll" adapterTypeName="executor://nunit3testexecutor/" className="NUnitTestProject.CurrencyHelperTests" name="FormatToStringTest1000(31424.298858482067d,&quot;31424.30 zł&quot;)" />
    </UnitTest>
    <UnitTest name="FormatToStringTest1000(9750.134289915735d,&quot;9750.13 zł&quot;)" storage="c:\projekty\nunittestproject\bin\debug\netcoreapp3.1\nunittestproject.dll" id="4f1f0a63-e0be-64e6-2c9f-87d58c623ce7">
      <Execution id="5758bc3e-0d5f-4a8f-a8d3-f75ef12f24c1" />
      <TestMethod codeBase="C:\Projekty\NUnitTestProject\bin\Debug\netcoreapp3.1\NUnitTestProject.dll" adapterTypeName="executor://nunit3testexecutor/" className="NUnitTestProject.CurrencyHelperTests" name="FormatToStringTest1000(9750.134289915735d,&quot;9750.13 zł&quot;)" />
    </UnitTest>
    <UnitTest name="FormatToStringTest1000(4648.492795337221d,&quot;4648.49 zł&quot;)" storage="c:\projekty\nunittestproject\bin\debug\netcoreapp3.1\nunittestproject.dll" id="341610ea-9bd8-25a4-90fc-740a57823f92">
      <Execution id="949ed853-091f-4c0d-8c78-cf33fb174bf6" />
      <TestMethod codeBase="C:\Projekty\NUnitTestProject\bin\Debug\netcoreapp3.1\NUnitTestProject.dll" adapterTypeName="executor://nunit3testexecutor/" className="NUnitTestProject.CurrencyHelperTests" name="FormatToStringTest1000(4648.492795337221d,&quot;4648.49 zł&quot;)" />
    </UnitTest>
    <UnitTest name="FormatToStringTest1000(20737.251994218328d,&quot;20737.25 zł&quot;)" storage="c:\projekty\nunittestproject\bin\debug\netcoreapp3.1\nunittestproject.dll" id="cfa8282b-c910-23c2-f0df-2ed624c5a3c7">
      <Execution id="ed916269-a9b9-41c4-8414-ded95f58a05c" />
      <TestMethod codeBase="C:\Projekty\NUnitTestProject\bin\Debug\netcoreapp3.1\NUnitTestProject.dll" adapterTypeName="executor://nunit3testexecutor/" className="NUnitTestProject.CurrencyHelperTests" name="FormatToStringTest1000(20737.251994218328d,&quot;20737.25 zł&quot;)" />
    </UnitTest>
    <UnitTest name="FormatToStringTest1000(6220.182014914314d,&quot;6220.18 zł&quot;)" storage="c:\projekty\nunittestproject\bin\debug\netcoreapp3.1\nunittestproject.dll" id="7bf7f3ca-374b-b9a9-53c4-47a8ad354e7e">
      <Execution id="95cb86a8-dc17-4422-a3f4-8630f32e5a21" />
      <TestMethod codeBase="C:\Projekty\NUnitTestProject\bin\Debug\netcoreapp3.1\NUnitTestProject.dll" adapterTypeName="executor://nunit3testexecutor/" className="NUnitTestProject.CurrencyHelperTests" name="FormatToStringTest1000(6220.182014914314d,&quot;6220.18 zł&quot;)" />
    </UnitTest>
    <UnitTest name="FormatToStringTest1000(44869.327020554025d,&quot;44869.33 zł&quot;)" storage="c:\projekty\nunittestproject\bin\debug\netcoreapp3.1\nunittestproject.dll" id="0dc215f9-ced3-1d40-e986-2ebe86240f13">
      <Execution id="acaf92b2-777c-4a6f-8dd5-504e46cce271" />
      <TestMethod codeBase="C:\Projekty\NUnitTestProject\bin\Debug\netcoreapp3.1\NUnitTestProject.dll" adapterTypeName="executor://nunit3testexecutor/" className="NUnitTestProject.CurrencyHelperTests" name="FormatToStringTest1000(44869.327020554025d,&quot;44869.33 zł&quot;)" />
    </UnitTest>
    <UnitTest name="FormatToStringTest1000(59283.7670322637d,&quot;59283.77 zł&quot;)" storage="c:\projekty\nunittestproject\bin\debug\netcoreapp3.1\nunittestproject.dll" id="dadc7847-4729-edf6-eb4b-78006f9ee153">
      <Execution id="59b8fb47-2a96-4e34-9f1f-8483ddb12b88" />
      <TestMethod codeBase="C:\Projekty\NUnitTestProject\bin\Debug\netcoreapp3.1\NUnitTestProject.dll" adapterTypeName="executor://nunit3testexecutor/" className="NUnitTestProject.CurrencyHelperTests" name="FormatToStringTest1000(59283.7670322637d,&quot;59283.77 zł&quot;)" />
    </UnitTest>
    <UnitTest name="FormatToStringTest1000(27751.474436297303d,&quot;27751.47 zł&quot;)" storage="c:\projekty\nunittestproject\bin\debug\netcoreapp3.1\nunittestproject.dll" id="3d8d8c47-dc22-599d-26af-f64601981b29">
      <Execution id="97d4db5d-eaf9-403f-bd9c-123d72bb3259" />
      <TestMethod codeBase="C:\Projekty\NUnitTestProject\bin\Debug\netcoreapp3.1\NUnitTestProject.dll" adapterTypeName="executor://nunit3testexecutor/" className="NUnitTestProject.CurrencyHelperTests" name="FormatToStringTest1000(27751.474436297303d,&quot;27751.47 zł&quot;)" />
    </UnitTest>
    <UnitTest name="FormatToStringTest1000(2751.3751475258614d,&quot;2751.38 zł&quot;)" storage="c:\projekty\nunittestproject\bin\debug\netcoreapp3.1\nunittestproject.dll" id="84185e06-3828-77a5-d8c9-c2b462b8ff8c">
      <Execution id="be9e1fe6-e1d9-447f-9418-46eae9617851" />
      <TestMethod codeBase="C:\Projekty\NUnitTestProject\bin\Debug\netcoreapp3.1\NUnitTestProject.dll" adapterTypeName="executor://nunit3testexecutor/" className="NUnitTestProject.CurrencyHelperTests" name="FormatToStringTest1000(2751.3751475258614d,&quot;2751.38 zł&quot;)" />
    </UnitTest>
    <UnitTest name="FormatToStringTest1000(20237.28532723723d,&quot;20237.29 zł&quot;)" storage="c:\projekty\nunittestproject\bin\debug\netcoreapp3.1\nunittestproject.dll" id="4191e320-5572-4ed4-213f-949531d6a246">
      <Execution id="5c099a7b-0aa3-47eb-9021-95f798dac7ad" />
      <TestMethod codeBase="C:\Projekty\NUnitTestProject\bin\Debug\netcoreapp3.1\NUnitTestProject.dll" adapterTypeName="executor://nunit3testexecutor/" className="NUnitTestProject.CurrencyHelperTests" name="FormatToStringTest1000(20237.28532723723d,&quot;20237.29 zł&quot;)" />
    </UnitTest>
    <UnitTest name="FormatToStringTest1000(30034.922435005625d,&quot;30034.92 zł&quot;)" storage="c:\projekty\nunittestproject\bin\debug\netcoreapp3.1\nunittestproject.dll" id="1fa0b0ac-82b7-821b-a6bd-11883f4b16c1">
      <Execution id="ab13e300-1512-43e2-9946-b08fb8e438f1" />
      <TestMethod codeBase="C:\Projekty\NUnitTestProject\bin\Debug\netcoreapp3.1\NUnitTestProject.dll" adapterTypeName="executor://nunit3testexecutor/" className="NUnitTestProject.CurrencyHelperTests" name="FormatToStringTest1000(30034.922435005625d,&quot;30034.92 zł&quot;)" />
    </UnitTest>
    <UnitTest name="FormatToStringTest1000(50009.23881716898d,&quot;50009.24 zł&quot;)" storage="c:\projekty\nunittestproject\bin\debug\netcoreapp3.1\nunittestproject.dll" id="0204302a-a6b4-6e62-a63e-362dc9379d6c">
      <Execution id="9ad909bd-ebb2-4166-aab1-19f012e646dc" />
      <TestMethod codeBase="C:\Projekty\NUnitTestProject\bin\Debug\netcoreapp3.1\NUnitTestProject.dll" adapterTypeName="executor://nunit3testexecutor/" className="NUnitTestProject.CurrencyHelperTests" name="FormatToStringTest1000(50009.23881716898d,&quot;50009.24 zł&quot;)" />
    </UnitTest>
    <UnitTest name="FormatToStringTest1000(22592.465903659566d,&quot;22592.47 zł&quot;)" storage="c:\projekty\nunittestproject\bin\debug\netcoreapp3.1\nunittestproject.dll" id="7280bcd5-2dc4-a3f6-24fd-df56e5b00deb">
      <Execution id="2bc83254-c85a-41ff-8a6a-83d05be6a33c" />
      <TestMethod codeBase="C:\Projekty\NUnitTestProject\bin\Debug\netcoreapp3.1\NUnitTestProject.dll" adapterTypeName="executor://nunit3testexecutor/" className="NUnitTestProject.CurrencyHelperTests" name="FormatToStringTest1000(22592.465903659566d,&quot;22592.47 zł&quot;)" />
    </UnitTest>
    <UnitTest name="FormatToStringTest1000(5870.791169434223d,&quot;5870.79 zł&quot;)" storage="c:\projekty\nunittestproject\bin\debug\netcoreapp3.1\nunittestproject.dll" id="f9c4ace8-7c88-3dcb-8c8b-9f280e8b25b8">
      <Execution id="76bfeb8a-df13-48dc-ae5f-db01bc69dd20" />
      <TestMethod codeBase="C:\Projekty\NUnitTestProject\bin\Debug\netcoreapp3.1\NUnitTestProject.dll" adapterTypeName="executor://nunit3testexecutor/" className="NUnitTestProject.CurrencyHelperTests" name="FormatToStringTest1000(5870.791169434223d,&quot;5870.79 zł&quot;)" />
    </UnitTest>
    <UnitTest name="FormatToStringTest1000(9816.961298880615d,&quot;9816.96 zł&quot;)" storage="c:\projekty\nunittestproject\bin\debug\netcoreapp3.1\nunittestproject.dll" id="17734bbb-2d3a-adb5-e319-0683f12164eb">
      <Execution id="2b3de5a9-4a8e-4ee7-937a-426083f020c7" />
      <TestMethod codeBase="C:\Projekty\NUnitTestProject\bin\Debug\netcoreapp3.1\NUnitTestProject.dll" adapterTypeName="executor://nunit3testexecutor/" className="NUnitTestProject.CurrencyHelperTests" name="FormatToStringTest1000(9816.961298880615d,&quot;9816.96 zł&quot;)" />
    </UnitTest>
    <UnitTest name="FormatToStringTest1000(44499.288016808816d,&quot;44499.29 zł&quot;)" storage="c:\projekty\nunittestproject\bin\debug\netcoreapp3.1\nunittestproject.dll" id="dd25fada-bd11-6a30-c38c-abafcc1ac188">
      <Execution id="280f2103-7428-4d13-b0a3-ad8b37ccae9b" />
      <TestMethod codeBase="C:\Projekty\NUnitTestProject\bin\Debug\netcoreapp3.1\NUnitTestProject.dll" adapterTypeName="executor://nunit3testexecutor/" className="NUnitTestProject.CurrencyHelperTests" name="FormatToStringTest1000(44499.288016808816d,&quot;44499.29 zł&quot;)" />
    </UnitTest>
    <UnitTest name="FormatToStringTest1000(36969.98585167247d,&quot;36969.99 zł&quot;)" storage="c:\projekty\nunittestproject\bin\debug\netcoreapp3.1\nunittestproject.dll" id="d7323b46-e742-10c6-7291-609e242e6eac">
      <Execution id="98a4c009-04a8-4764-9555-37d360232dfb" />
      <TestMethod codeBase="C:\Projekty\NUnitTestProject\bin\Debug\netcoreapp3.1\NUnitTestProject.dll" adapterTypeName="executor://nunit3testexecutor/" className="NUnitTestProject.CurrencyHelperTests" name="FormatToStringTest1000(36969.98585167247d,&quot;36969.99 zł&quot;)" />
    </UnitTest>
    <UnitTest name="FormatToStringTest1000(13206.129467931636d,&quot;13206.13 zł&quot;)" storage="c:\projekty\nunittestproject\bin\debug\netcoreapp3.1\nunittestproject.dll" id="610f0902-3657-5dff-20ec-353a29cbd7c4">
      <Execution id="faa597fe-c00c-458d-a119-806654298a7d" />
      <TestMethod codeBase="C:\Projekty\NUnitTestProject\bin\Debug\netcoreapp3.1\NUnitTestProject.dll" adapterTypeName="executor://nunit3testexecutor/" className="NUnitTestProject.CurrencyHelperTests" name="FormatToStringTest1000(13206.129467931636d,&quot;13206.13 zł&quot;)" />
    </UnitTest>
    <UnitTest name="FormatToStringTest1000(6466.872242818062d,&quot;6466.87 zł&quot;)" storage="c:\projekty\nunittestproject\bin\debug\netcoreapp3.1\nunittestproject.dll" id="0741a97b-fe60-742a-1f50-b38d8a9cae33">
      <Execution id="969bd330-0d51-4fe4-8edd-bb1b51701f39" />
      <TestMethod codeBase="C:\Projekty\NUnitTestProject\bin\Debug\netcoreapp3.1\NUnitTestProject.dll" adapterTypeName="executor://nunit3testexecutor/" className="NUnitTestProject.CurrencyHelperTests" name="FormatToStringTest1000(6466.872242818062d,&quot;6466.87 zł&quot;)" />
    </UnitTest>
    <UnitTest name="FormatToStringTest1000(5840.747097845071d,&quot;5840.75 zł&quot;)" storage="c:\projekty\nunittestproject\bin\debug\netcoreapp3.1\nunittestproject.dll" id="298a4d26-abe3-d2f6-50a3-14e473e9fa24">
      <Execution id="04b7d56e-6514-48b7-acac-2b16052af1c1" />
      <TestMethod codeBase="C:\Projekty\NUnitTestProject\bin\Debug\netcoreapp3.1\NUnitTestProject.dll" adapterTypeName="executor://nunit3testexecutor/" className="NUnitTestProject.CurrencyHelperTests" name="FormatToStringTest1000(5840.747097845071d,&quot;5840.75 zł&quot;)" />
    </UnitTest>
    <UnitTest name="FormatToStringTest1000(7671.0039663785155d,&quot;7671.00 zł&quot;)" storage="c:\projekty\nunittestproject\bin\debug\netcoreapp3.1\nunittestproject.dll" id="d61bc42f-9488-4952-fc35-4acf2d69a35a">
      <Execution id="03ca3e87-1020-4031-89fa-7e4e9624a3d3" />
      <TestMethod codeBase="C:\Projekty\NUnitTestProject\bin\Debug\netcoreapp3.1\NUnitTestProject.dll" adapterTypeName="executor://nunit3testexecutor/" className="NUnitTestProject.CurrencyHelperTests" name="FormatToStringTest1000(7671.0039663785155d,&quot;7671.00 zł&quot;)" />
    </UnitTest>
    <UnitTest name="FormatToStringTest1000(47964.941885361884d,&quot;47964.94 zł&quot;)" storage="c:\projekty\nunittestproject\bin\debug\netcoreapp3.1\nunittestproject.dll" id="600c9577-9456-49fc-a1f1-839a5e62cae7">
      <Execution id="266910f9-a2dd-40bd-b4a1-8f65073de38f" />
      <TestMethod codeBase="C:\Projekty\NUnitTestProject\bin\Debug\netcoreapp3.1\NUnitTestProject.dll" adapterTypeName="executor://nunit3testexecutor/" className="NUnitTestProject.CurrencyHelperTests" name="FormatToStringTest1000(47964.941885361884d,&quot;47964.94 zł&quot;)" />
    </UnitTest>
    <UnitTest name="FormatToStringTest1000(16416.109736457518d,&quot;16416.11 zł&quot;)" storage="c:\projekty\nunittestproject\bin\debug\netcoreapp3.1\nunittestproject.dll" id="5e0fc3f1-0f67-2b00-c924-a966afea65df">
      <Execution id="4f0ab9d9-8163-4438-bee8-9a76871fb5d7" />
      <TestMethod codeBase="C:\Projekty\NUnitTestProject\bin\Debug\netcoreapp3.1\NUnitTestProject.dll" adapterTypeName="executor://nunit3testexecutor/" className="NUnitTestProject.CurrencyHelperTests" name="FormatToStringTest1000(16416.109736457518d,&quot;16416.11 zł&quot;)" />
    </UnitTest>
    <UnitTest name="FormatToStringTest1000(16427.591943671738d,&quot;16427.59 zł&quot;)" storage="c:\projekty\nunittestproject\bin\debug\netcoreapp3.1\nunittestproject.dll" id="d1d03651-a1e2-f6be-a8df-45190d2d89f8">
      <Execution id="4c1b0adc-df24-444e-adb1-68b744de182f" />
      <TestMethod codeBase="C:\Projekty\NUnitTestProject\bin\Debug\netcoreapp3.1\NUnitTestProject.dll" adapterTypeName="executor://nunit3testexecutor/" className="NUnitTestProject.CurrencyHelperTests" name="FormatToStringTest1000(16427.591943671738d,&quot;16427.59 zł&quot;)" />
    </UnitTest>
    <UnitTest name="FormatToStringTest1000(7753.724411372898d,&quot;7753.72 zł&quot;)" storage="c:\projekty\nunittestproject\bin\debug\netcoreapp3.1\nunittestproject.dll" id="d15cb58b-9b62-cb4e-439e-72757eabb197">
      <Execution id="bf4bd001-bd7e-450e-a095-60735dd8bb86" />
      <TestMethod codeBase="C:\Projekty\NUnitTestProject\bin\Debug\netcoreapp3.1\NUnitTestProject.dll" adapterTypeName="executor://nunit3testexecutor/" className="NUnitTestProject.CurrencyHelperTests" name="FormatToStringTest1000(7753.724411372898d,&quot;7753.72 zł&quot;)" />
    </UnitTest>
    <UnitTest name="FormatToStringTest1000(13541.45472935096d,&quot;13541.45 zł&quot;)" storage="c:\projekty\nunittestproject\bin\debug\netcoreapp3.1\nunittestproject.dll" id="03e5974c-7aa0-7aa6-bbeb-a5715ea0d1d7">
      <Execution id="87d087b2-55ad-4031-820c-d4fea247e80c" />
      <TestMethod codeBase="C:\Projekty\NUnitTestProject\bin\Debug\netcoreapp3.1\NUnitTestProject.dll" adapterTypeName="executor://nunit3testexecutor/" className="NUnitTestProject.CurrencyHelperTests" name="FormatToStringTest1000(13541.45472935096d,&quot;13541.45 zł&quot;)" />
    </UnitTest>
    <UnitTest name="FormatToStringTest1000(12610.563163818122d,&quot;12610.56 zł&quot;)" storage="c:\projekty\nunittestproject\bin\debug\netcoreapp3.1\nunittestproject.dll" id="8762588b-d7fc-ca07-7e83-51f41467a9eb">
      <Execution id="741b7523-8e0a-475a-97e4-ad98d17d7cf2" />
      <TestMethod codeBase="C:\Projekty\NUnitTestProject\bin\Debug\netcoreapp3.1\NUnitTestProject.dll" adapterTypeName="executor://nunit3testexecutor/" className="NUnitTestProject.CurrencyHelperTests" name="FormatToStringTest1000(12610.563163818122d,&quot;12610.56 zł&quot;)" />
    </UnitTest>
    <UnitTest name="FormatToStringTest1000(20441.330495004695d,&quot;20441.33 zł&quot;)" storage="c:\projekty\nunittestproject\bin\debug\netcoreapp3.1\nunittestproject.dll" id="27b9fbe0-03f5-4d47-663b-0785c7f9ec49">
      <Execution id="b424a0d2-2c6c-4fe7-8ac0-46640c0a34f4" />
      <TestMethod codeBase="C:\Projekty\NUnitTestProject\bin\Debug\netcoreapp3.1\NUnitTestProject.dll" adapterTypeName="executor://nunit3testexecutor/" className="NUnitTestProject.CurrencyHelperTests" name="FormatToStringTest1000(20441.330495004695d,&quot;20441.33 zł&quot;)" />
    </UnitTest>
    <UnitTest name="FormatToStringTest1000(22743.19734205827d,&quot;22743.20 zł&quot;)" storage="c:\projekty\nunittestproject\bin\debug\netcoreapp3.1\nunittestproject.dll" id="9e567b4f-5898-461c-b4e9-b51ec60ad377">
      <Execution id="0d5cc07e-0af5-4443-8de7-9b3dfa9155ec" />
      <TestMethod codeBase="C:\Projekty\NUnitTestProject\bin\Debug\netcoreapp3.1\NUnitTestProject.dll" adapterTypeName="executor://nunit3testexecutor/" className="NUnitTestProject.CurrencyHelperTests" name="FormatToStringTest1000(22743.19734205827d,&quot;22743.20 zł&quot;)" />
    </UnitTest>
    <UnitTest name="FormatToStringTest1000(15509.637406484986d,&quot;15509.64 zł&quot;)" storage="c:\projekty\nunittestproject\bin\debug\netcoreapp3.1\nunittestproject.dll" id="c74c54e8-6590-d76d-eaee-baa60a589aef">
      <Execution id="702c023d-7921-4cc7-ade7-45ef31580337" />
      <TestMethod codeBase="C:\Projekty\NUnitTestProject\bin\Debug\netcoreapp3.1\NUnitTestProject.dll" adapterTypeName="executor://nunit3testexecutor/" className="NUnitTestProject.CurrencyHelperTests" name="FormatToStringTest1000(15509.637406484986d,&quot;15509.64 zł&quot;)" />
    </UnitTest>
    <UnitTest name="FormatToStringTest1000(7202.052143613367d,&quot;7202.05 zł&quot;)" storage="c:\projekty\nunittestproject\bin\debug\netcoreapp3.1\nunittestproject.dll" id="6ce0d4c6-4820-8d4a-179e-2d433a32b3e2">
      <Execution id="fa134ede-22eb-4637-8731-41fd578dc96a" />
      <TestMethod codeBase="C:\Projekty\NUnitTestProject\bin\Debug\netcoreapp3.1\NUnitTestProject.dll" adapterTypeName="executor://nunit3testexecutor/" className="NUnitTestProject.CurrencyHelperTests" name="FormatToStringTest1000(7202.052143613367d,&quot;7202.05 zł&quot;)" />
    </UnitTest>
    <UnitTest name="FormatToStringTest1000(10994.251866986162d,&quot;10994.25 zł&quot;)" storage="c:\projekty\nunittestproject\bin\debug\netcoreapp3.1\nunittestproject.dll" id="345abed9-9ef3-e2b8-4bc1-ad4b7b82dd26">
      <Execution id="8489e1fe-d989-4896-8ec4-7f73fcfc04c1" />
      <TestMethod codeBase="C:\Projekty\NUnitTestProject\bin\Debug\netcoreapp3.1\NUnitTestProject.dll" adapterTypeName="executor://nunit3testexecutor/" className="NUnitTestProject.CurrencyHelperTests" name="FormatToStringTest1000(10994.251866986162d,&quot;10994.25 zł&quot;)" />
    </UnitTest>
    <UnitTest name="FormatToStringTest1000(20321.03715103913d,&quot;20321.04 zł&quot;)" storage="c:\projekty\nunittestproject\bin\debug\netcoreapp3.1\nunittestproject.dll" id="d45e0a24-dbfe-46a9-68b0-8da0a6094838">
      <Execution id="dc801525-22cd-4142-8aba-d7a8b443cf19" />
      <TestMethod codeBase="C:\Projekty\NUnitTestProject\bin\Debug\netcoreapp3.1\NUnitTestProject.dll" adapterTypeName="executor://nunit3testexecutor/" className="NUnitTestProject.CurrencyHelperTests" name="FormatToStringTest1000(20321.03715103913d,&quot;20321.04 zł&quot;)" />
    </UnitTest>
    <UnitTest name="FormatToStringTest1000(65947.64520381515d,&quot;65947.65 zł&quot;)" storage="c:\projekty\nunittestproject\bin\debug\netcoreapp3.1\nunittestproject.dll" id="a9f22fa3-b7d2-f6d4-3197-1e8215934f1f">
      <Execution id="8ffa41a9-effc-4f65-8049-27e60e79a094" />
      <TestMethod codeBase="C:\Projekty\NUnitTestProject\bin\Debug\netcoreapp3.1\NUnitTestProject.dll" adapterTypeName="executor://nunit3testexecutor/" className="NUnitTestProject.CurrencyHelperTests" name="FormatToStringTest1000(65947.64520381515d,&quot;65947.65 zł&quot;)" />
    </UnitTest>
    <UnitTest name="FormatToStringTest1000(23662.291816162084d,&quot;23662.29 zł&quot;)" storage="c:\projekty\nunittestproject\bin\debug\netcoreapp3.1\nunittestproject.dll" id="d84ea56f-1773-91fe-6056-1fcd6ce44e0e">
      <Execution id="c408277f-fd0e-4407-a05d-642905fd8491" />
      <TestMethod codeBase="C:\Projekty\NUnitTestProject\bin\Debug\netcoreapp3.1\NUnitTestProject.dll" adapterTypeName="executor://nunit3testexecutor/" className="NUnitTestProject.CurrencyHelperTests" name="FormatToStringTest1000(23662.291816162084d,&quot;23662.29 zł&quot;)" />
    </UnitTest>
    <UnitTest name="FormatToStringTest1000(48684.26840475959d,&quot;48684.27 zł&quot;)" storage="c:\projekty\nunittestproject\bin\debug\netcoreapp3.1\nunittestproject.dll" id="a8348a06-7119-4e51-65fc-4cd73de7f6cb">
      <Execution id="9e0f463b-3eba-48d9-8377-0db81f796c4d" />
      <TestMethod codeBase="C:\Projekty\NUnitTestProject\bin\Debug\netcoreapp3.1\NUnitTestProject.dll" adapterTypeName="executor://nunit3testexecutor/" className="NUnitTestProject.CurrencyHelperTests" name="FormatToStringTest1000(48684.26840475959d,&quot;48684.27 zł&quot;)" />
    </UnitTest>
    <UnitTest name="FormatToStringTest1000(286.92120604539343d,&quot;286.92 zł&quot;)" storage="c:\projekty\nunittestproject\bin\debug\netcoreapp3.1\nunittestproject.dll" id="94cff85e-e7bb-c94b-e20b-765eb3997f75">
      <Execution id="540a1dba-5866-4cb3-9df8-3e557f7402c2" />
      <TestMethod codeBase="C:\Projekty\NUnitTestProject\bin\Debug\netcoreapp3.1\NUnitTestProject.dll" adapterTypeName="executor://nunit3testexecutor/" className="NUnitTestProject.CurrencyHelperTests" name="FormatToStringTest1000(286.92120604539343d,&quot;286.92 zł&quot;)" />
    </UnitTest>
    <UnitTest name="FormatToStringTest1000(34145.534199603615d,&quot;34145.53 zł&quot;)" storage="c:\projekty\nunittestproject\bin\debug\netcoreapp3.1\nunittestproject.dll" id="bb69a9ef-0ed6-4747-9681-639ad78f5540">
      <Execution id="3f68727e-dbf0-4e81-acc5-411ec358e193" />
      <TestMethod codeBase="C:\Projekty\NUnitTestProject\bin\Debug\netcoreapp3.1\NUnitTestProject.dll" adapterTypeName="executor://nunit3testexecutor/" className="NUnitTestProject.CurrencyHelperTests" name="FormatToStringTest1000(34145.534199603615d,&quot;34145.53 zł&quot;)" />
    </UnitTest>
    <UnitTest name="FormatToStringTest1000(67230.86250807665d,&quot;67230.86 zł&quot;)" storage="c:\projekty\nunittestproject\bin\debug\netcoreapp3.1\nunittestproject.dll" id="6aa37256-4a27-aaf0-2d68-1faeac68f58c">
      <Execution id="6fd5b7dc-c263-4ade-b261-e7c6c3f2aace" />
      <TestMethod codeBase="C:\Projekty\NUnitTestProject\bin\Debug\netcoreapp3.1\NUnitTestProject.dll" adapterTypeName="executor://nunit3testexecutor/" className="NUnitTestProject.CurrencyHelperTests" name="FormatToStringTest1000(67230.86250807665d,&quot;67230.86 zł&quot;)" />
    </UnitTest>
    <UnitTest name="FormatToStringTest1000(1662.8482664818168d,&quot;1662.85 zł&quot;)" storage="c:\projekty\nunittestproject\bin\debug\netcoreapp3.1\nunittestproject.dll" id="31037d5d-343e-e648-8e6e-7f15567dfff2">
      <Execution id="f1351317-d9cb-4af4-8269-726b30d69822" />
      <TestMethod codeBase="C:\Projekty\NUnitTestProject\bin\Debug\netcoreapp3.1\NUnitTestProject.dll" adapterTypeName="executor://nunit3testexecutor/" className="NUnitTestProject.CurrencyHelperTests" name="FormatToStringTest1000(1662.8482664818168d,&quot;1662.85 zł&quot;)" />
    </UnitTest>
    <UnitTest name="FormatToStringTest1000(61324.33752458279d,&quot;61324.34 zł&quot;)" storage="c:\projekty\nunittestproject\bin\debug\netcoreapp3.1\nunittestproject.dll" id="b5f26849-7f95-8deb-3e82-07db33467afb">
      <Execution id="ec5db254-9842-49b4-8545-fe49358fb250" />
      <TestMethod codeBase="C:\Projekty\NUnitTestProject\bin\Debug\netcoreapp3.1\NUnitTestProject.dll" adapterTypeName="executor://nunit3testexecutor/" className="NUnitTestProject.CurrencyHelperTests" name="FormatToStringTest1000(61324.33752458279d,&quot;61324.34 zł&quot;)" />
    </UnitTest>
    <UnitTest name="FormatToStringTest1000(20344.185360967265d,&quot;20344.19 zł&quot;)" storage="c:\projekty\nunittestproject\bin\debug\netcoreapp3.1\nunittestproject.dll" id="ecefef35-6686-837e-5061-bcb9badf51b3">
      <Execution id="1aca2b3b-5554-4ec4-ac4c-72210a691fa9" />
      <TestMethod codeBase="C:\Projekty\NUnitTestProject\bin\Debug\netcoreapp3.1\NUnitTestProject.dll" adapterTypeName="executor://nunit3testexecutor/" className="NUnitTestProject.CurrencyHelperTests" name="FormatToStringTest1000(20344.185360967265d,&quot;20344.19 zł&quot;)" />
    </UnitTest>
    <UnitTest name="FormatToStringTest1000(47630.39193684067d,&quot;47630.39 zł&quot;)" storage="c:\projekty\nunittestproject\bin\debug\netcoreapp3.1\nunittestproject.dll" id="1445b267-8883-4711-c51b-1a1ff5eca2f9">
      <Execution id="1c9e0fbd-e08f-437e-8b6d-590958aef364" />
      <TestMethod codeBase="C:\Projekty\NUnitTestProject\bin\Debug\netcoreapp3.1\NUnitTestProject.dll" adapterTypeName="executor://nunit3testexecutor/" className="NUnitTestProject.CurrencyHelperTests" name="FormatToStringTest1000(47630.39193684067d,&quot;47630.39 zł&quot;)" />
    </UnitTest>
    <UnitTest name="FormatToStringTest1000(29539.32303995328d,&quot;29539.32 zł&quot;)" storage="c:\projekty\nunittestproject\bin\debug\netcoreapp3.1\nunittestproject.dll" id="e6e7fdd0-b12d-1312-3dc2-3384a5e7d999">
      <Execution id="330cacda-fea8-45e1-b986-35cce8bae129" />
      <TestMethod codeBase="C:\Projekty\NUnitTestProject\bin\Debug\netcoreapp3.1\NUnitTestProject.dll" adapterTypeName="executor://nunit3testexecutor/" className="NUnitTestProject.CurrencyHelperTests" name="FormatToStringTest1000(29539.32303995328d,&quot;29539.32 zł&quot;)" />
    </UnitTest>
    <UnitTest name="FormatToStringTest1000(6676.5680544784145d,&quot;6676.57 zł&quot;)" storage="c:\projekty\nunittestproject\bin\debug\netcoreapp3.1\nunittestproject.dll" id="eda712ea-15dc-6cac-535c-79a64a40aa02">
      <Execution id="b89a9f73-6cf8-48d9-a260-9440d4a1cf72" />
      <TestMethod codeBase="C:\Projekty\NUnitTestProject\bin\Debug\netcoreapp3.1\NUnitTestProject.dll" adapterTypeName="executor://nunit3testexecutor/" className="NUnitTestProject.CurrencyHelperTests" name="FormatToStringTest1000(6676.5680544784145d,&quot;6676.57 zł&quot;)" />
    </UnitTest>
    <UnitTest name="FormatToStringTest1000(5566.818038455592d,&quot;5566.82 zł&quot;)" storage="c:\projekty\nunittestproject\bin\debug\netcoreapp3.1\nunittestproject.dll" id="ac23e196-8a79-cb67-41ad-c8975a08f154">
      <Execution id="207c255e-e16d-498f-898e-8812f951c1f9" />
      <TestMethod codeBase="C:\Projekty\NUnitTestProject\bin\Debug\netcoreapp3.1\NUnitTestProject.dll" adapterTypeName="executor://nunit3testexecutor/" className="NUnitTestProject.CurrencyHelperTests" name="FormatToStringTest1000(5566.818038455592d,&quot;5566.82 zł&quot;)" />
    </UnitTest>
    <UnitTest name="FormatToStringTest1000(16383.352881839199d,&quot;16383.35 zł&quot;)" storage="c:\projekty\nunittestproject\bin\debug\netcoreapp3.1\nunittestproject.dll" id="c7f52afa-564d-8d59-88a3-ea1bc3790407">
      <Execution id="a1b91937-ff7d-4237-b994-9395d5743bdb" />
      <TestMethod codeBase="C:\Projekty\NUnitTestProject\bin\Debug\netcoreapp3.1\NUnitTestProject.dll" adapterTypeName="executor://nunit3testexecutor/" className="NUnitTestProject.CurrencyHelperTests" name="FormatToStringTest1000(16383.352881839199d,&quot;16383.35 zł&quot;)" />
    </UnitTest>
    <UnitTest name="FormatToStringTest1000(19352.183340702755d,&quot;19352.18 zł&quot;)" storage="c:\projekty\nunittestproject\bin\debug\netcoreapp3.1\nunittestproject.dll" id="03ea9dd2-de50-ef82-5a92-98d7b2ff607a">
      <Execution id="ad047d18-2fcc-4774-8cc8-87a91bd98bff" />
      <TestMethod codeBase="C:\Projekty\NUnitTestProject\bin\Debug\netcoreapp3.1\NUnitTestProject.dll" adapterTypeName="executor://nunit3testexecutor/" className="NUnitTestProject.CurrencyHelperTests" name="FormatToStringTest1000(19352.183340702755d,&quot;19352.18 zł&quot;)" />
    </UnitTest>
    <UnitTest name="FormatToStringTest1000(34021.1384072961d,&quot;34021.14 zł&quot;)" storage="c:\projekty\nunittestproject\bin\debug\netcoreapp3.1\nunittestproject.dll" id="e8d6ba9d-db50-0e05-06db-5789675388b8">
      <Execution id="4098abc1-6f59-439b-84d8-e28bf544c247" />
      <TestMethod codeBase="C:\Projekty\NUnitTestProject\bin\Debug\netcoreapp3.1\NUnitTestProject.dll" adapterTypeName="executor://nunit3testexecutor/" className="NUnitTestProject.CurrencyHelperTests" name="FormatToStringTest1000(34021.1384072961d,&quot;34021.14 zł&quot;)" />
    </UnitTest>
    <UnitTest name="FormatToStringTest1000(24695.917440203913d,&quot;24695.92 zł&quot;)" storage="c:\projekty\nunittestproject\bin\debug\netcoreapp3.1\nunittestproject.dll" id="c4623a0a-608f-dd08-41f5-750ffba5ed05">
      <Execution id="f632aa75-503c-4859-8488-5c6773218554" />
      <TestMethod codeBase="C:\Projekty\NUnitTestProject\bin\Debug\netcoreapp3.1\NUnitTestProject.dll" adapterTypeName="executor://nunit3testexecutor/" className="NUnitTestProject.CurrencyHelperTests" name="FormatToStringTest1000(24695.917440203913d,&quot;24695.92 zł&quot;)" />
    </UnitTest>
    <UnitTest name="FormatToStringTest1000(26162.532683261918d,&quot;26162.53 zł&quot;)" storage="c:\projekty\nunittestproject\bin\debug\netcoreapp3.1\nunittestproject.dll" id="04b5ae4a-9995-af19-61fb-019921680928">
      <Execution id="b070a325-7a05-4adb-86a2-2f9b0ad1d1e8" />
      <TestMethod codeBase="C:\Projekty\NUnitTestProject\bin\Debug\netcoreapp3.1\NUnitTestProject.dll" adapterTypeName="executor://nunit3testexecutor/" className="NUnitTestProject.CurrencyHelperTests" name="FormatToStringTest1000(26162.532683261918d,&quot;26162.53 zł&quot;)" />
    </UnitTest>
    <UnitTest name="FormatToStringTest1000(14035.12972514477d,&quot;14035.13 zł&quot;)" storage="c:\projekty\nunittestproject\bin\debug\netcoreapp3.1\nunittestproject.dll" id="979cd04b-5e93-d632-87b5-a20161444816">
      <Execution id="05638fbc-2f28-462b-85e5-20b0229cfb2b" />
      <TestMethod codeBase="C:\Projekty\NUnitTestProject\bin\Debug\netcoreapp3.1\NUnitTestProject.dll" adapterTypeName="executor://nunit3testexecutor/" className="NUnitTestProject.CurrencyHelperTests" name="FormatToStringTest1000(14035.12972514477d,&quot;14035.13 zł&quot;)" />
    </UnitTest>
    <UnitTest name="FormatToStringTest1000(43222.47958431695d,&quot;43222.48 zł&quot;)" storage="c:\projekty\nunittestproject\bin\debug\netcoreapp3.1\nunittestproject.dll" id="762e5ce4-0443-8529-2419-b15e6b3af056">
      <Execution id="10393b45-fa0d-4f68-b334-644e491ce88d" />
      <TestMethod codeBase="C:\Projekty\NUnitTestProject\bin\Debug\netcoreapp3.1\NUnitTestProject.dll" adapterTypeName="executor://nunit3testexecutor/" className="NUnitTestProject.CurrencyHelperTests" name="FormatToStringTest1000(43222.47958431695d,&quot;43222.48 zł&quot;)" />
    </UnitTest>
    <UnitTest name="FormatToStringTest1000(54678.59301593089d,&quot;54678.59 zł&quot;)" storage="c:\projekty\nunittestproject\bin\debug\netcoreapp3.1\nunittestproject.dll" id="4f19bfe4-12a5-e7df-9799-ba1ffdd56260">
      <Execution id="0e74696f-555f-41b0-93eb-200537dd6939" />
      <TestMethod codeBase="C:\Projekty\NUnitTestProject\bin\Debug\netcoreapp3.1\NUnitTestProject.dll" adapterTypeName="executor://nunit3testexecutor/" className="NUnitTestProject.CurrencyHelperTests" name="FormatToStringTest1000(54678.59301593089d,&quot;54678.59 zł&quot;)" />
    </UnitTest>
    <UnitTest name="FormatToStringTest1000(19435.417227184127d,&quot;19435.42 zł&quot;)" storage="c:\projekty\nunittestproject\bin\debug\netcoreapp3.1\nunittestproject.dll" id="7496f6c0-e383-6fbb-5d3f-fa615fc5ab22">
      <Execution id="05f716f9-0e1d-4733-9ce1-3164384421c7" />
      <TestMethod codeBase="C:\Projekty\NUnitTestProject\bin\Debug\netcoreapp3.1\NUnitTestProject.dll" adapterTypeName="executor://nunit3testexecutor/" className="NUnitTestProject.CurrencyHelperTests" name="FormatToStringTest1000(19435.417227184127d,&quot;19435.42 zł&quot;)" />
    </UnitTest>
    <UnitTest name="FormatToStringTest1000(33699.13042082038d,&quot;33699.13 zł&quot;)" storage="c:\projekty\nunittestproject\bin\debug\netcoreapp3.1\nunittestproject.dll" id="1d93089d-e24f-f1cb-f4e6-3e9e0cc249d4">
      <Execution id="dbade401-e7ef-4a38-82a4-b6aa4fe77ba7" />
      <TestMethod codeBase="C:\Projekty\NUnitTestProject\bin\Debug\netcoreapp3.1\NUnitTestProject.dll" adapterTypeName="executor://nunit3testexecutor/" className="NUnitTestProject.CurrencyHelperTests" name="FormatToStringTest1000(33699.13042082038d,&quot;33699.13 zł&quot;)" />
    </UnitTest>
    <UnitTest name="FormatToStringTest1000(19796.212103914568d,&quot;19796.21 zł&quot;)" storage="c:\projekty\nunittestproject\bin\debug\netcoreapp3.1\nunittestproject.dll" id="35a2b898-28ef-3d54-ad66-b8bbc7ede2a3">
      <Execution id="ede27f55-7e8c-413d-b6e7-808648f6ef75" />
      <TestMethod codeBase="C:\Projekty\NUnitTestProject\bin\Debug\netcoreapp3.1\NUnitTestProject.dll" adapterTypeName="executor://nunit3testexecutor/" className="NUnitTestProject.CurrencyHelperTests" name="FormatToStringTest1000(19796.212103914568d,&quot;19796.21 zł&quot;)" />
    </UnitTest>
    <UnitTest name="FormatToStringTest1000(1073.195098933389d,&quot;1073.20 zł&quot;)" storage="c:\projekty\nunittestproject\bin\debug\netcoreapp3.1\nunittestproject.dll" id="5eec1dec-2d00-5deb-f000-c17eea3526a6">
      <Execution id="b286b3b5-dae1-4c6e-99b2-fc412472f04c" />
      <TestMethod codeBase="C:\Projekty\NUnitTestProject\bin\Debug\netcoreapp3.1\NUnitTestProject.dll" adapterTypeName="executor://nunit3testexecutor/" className="NUnitTestProject.CurrencyHelperTests" name="FormatToStringTest1000(1073.195098933389d,&quot;1073.20 zł&quot;)" />
    </UnitTest>
    <UnitTest name="FormatToStringTest1000(2298.0331723829886d,&quot;2298.03 zł&quot;)" storage="c:\projekty\nunittestproject\bin\debug\netcoreapp3.1\nunittestproject.dll" id="7df385e8-e01d-d2ef-2361-abb8175fc7ae">
      <Execution id="8a2ce140-4682-4475-a863-648649f5307e" />
      <TestMethod codeBase="C:\Projekty\NUnitTestProject\bin\Debug\netcoreapp3.1\NUnitTestProject.dll" adapterTypeName="executor://nunit3testexecutor/" className="NUnitTestProject.CurrencyHelperTests" name="FormatToStringTest1000(2298.0331723829886d,&quot;2298.03 zł&quot;)" />
    </UnitTest>
    <UnitTest name="FormatToStringTest1000(15822.278766386342d,&quot;15822.28 zł&quot;)" storage="c:\projekty\nunittestproject\bin\debug\netcoreapp3.1\nunittestproject.dll" id="7806c973-d637-45cf-930a-0b315d29c540">
      <Execution id="15e82e6c-0f0c-49cc-ac37-74d33127e777" />
      <TestMethod codeBase="C:\Projekty\NUnitTestProject\bin\Debug\netcoreapp3.1\NUnitTestProject.dll" adapterTypeName="executor://nunit3testexecutor/" className="NUnitTestProject.CurrencyHelperTests" name="FormatToStringTest1000(15822.278766386342d,&quot;15822.28 zł&quot;)" />
    </UnitTest>
    <UnitTest name="FormatToStringTest1000(1745.490603896552d,&quot;1745.49 zł&quot;)" storage="c:\projekty\nunittestproject\bin\debug\netcoreapp3.1\nunittestproject.dll" id="b7b5c3d9-6be3-63ed-4bf9-77972c7bde14">
      <Execution id="6434a2a6-38de-477d-a67a-dd9e5291bbbc" />
      <TestMethod codeBase="C:\Projekty\NUnitTestProject\bin\Debug\netcoreapp3.1\NUnitTestProject.dll" adapterTypeName="executor://nunit3testexecutor/" className="NUnitTestProject.CurrencyHelperTests" name="FormatToStringTest1000(1745.490603896552d,&quot;1745.49 zł&quot;)" />
    </UnitTest>
    <UnitTest name="FormatToStringTest1000(73504.44700518598d,&quot;73504.45 zł&quot;)" storage="c:\projekty\nunittestproject\bin\debug\netcoreapp3.1\nunittestproject.dll" id="4c3c57ae-2e5c-e5eb-314a-7aa532a2bb5e">
      <Execution id="2ec991e9-1bfd-4772-900c-d1534721cf34" />
      <TestMethod codeBase="C:\Projekty\NUnitTestProject\bin\Debug\netcoreapp3.1\NUnitTestProject.dll" adapterTypeName="executor://nunit3testexecutor/" className="NUnitTestProject.CurrencyHelperTests" name="FormatToStringTest1000(73504.44700518598d,&quot;73504.45 zł&quot;)" />
    </UnitTest>
    <UnitTest name="FormatToStringTest1000(2115.5076919884923d,&quot;2115.51 zł&quot;)" storage="c:\projekty\nunittestproject\bin\debug\netcoreapp3.1\nunittestproject.dll" id="f057999f-37d3-2f7d-8c71-29439544f997">
      <Execution id="4f257541-7bc6-47e5-80ea-f697c75640b1" />
      <TestMethod codeBase="C:\Projekty\NUnitTestProject\bin\Debug\netcoreapp3.1\NUnitTestProject.dll" adapterTypeName="executor://nunit3testexecutor/" className="NUnitTestProject.CurrencyHelperTests" name="FormatToStringTest1000(2115.5076919884923d,&quot;2115.51 zł&quot;)" />
    </UnitTest>
    <UnitTest name="FormatToStringTest1000(5611.05334835176d,&quot;5611.05 zł&quot;)" storage="c:\projekty\nunittestproject\bin\debug\netcoreapp3.1\nunittestproject.dll" id="d39d28ad-b64c-afa2-9212-cb9bbbf192c4">
      <Execution id="ae90ebac-bcb8-444b-b281-39b99756c893" />
      <TestMethod codeBase="C:\Projekty\NUnitTestProject\bin\Debug\netcoreapp3.1\NUnitTestProject.dll" adapterTypeName="executor://nunit3testexecutor/" className="NUnitTestProject.CurrencyHelperTests" name="FormatToStringTest1000(5611.05334835176d,&quot;5611.05 zł&quot;)" />
    </UnitTest>
    <UnitTest name="FormatToStringTest1000(73372.53853826903d,&quot;73372.54 zł&quot;)" storage="c:\projekty\nunittestproject\bin\debug\netcoreapp3.1\nunittestproject.dll" id="52456efe-2b4c-e54c-a102-5bc9bc1cc7f8">
      <Execution id="b2f667b4-d6a8-4a5a-88a8-994d2b658116" />
      <TestMethod codeBase="C:\Projekty\NUnitTestProject\bin\Debug\netcoreapp3.1\NUnitTestProject.dll" adapterTypeName="executor://nunit3testexecutor/" className="NUnitTestProject.CurrencyHelperTests" name="FormatToStringTest1000(73372.53853826903d,&quot;73372.54 zł&quot;)" />
    </UnitTest>
    <UnitTest name="FormatToStringTest1000(13323.876109275909d,&quot;13323.88 zł&quot;)" storage="c:\projekty\nunittestproject\bin\debug\netcoreapp3.1\nunittestproject.dll" id="2f906df4-9555-6f9b-9ae5-24f39050321b">
      <Execution id="5f00763f-82ea-46b6-b98f-2c3735794c6c" />
      <TestMethod codeBase="C:\Projekty\NUnitTestProject\bin\Debug\netcoreapp3.1\NUnitTestProject.dll" adapterTypeName="executor://nunit3testexecutor/" className="NUnitTestProject.CurrencyHelperTests" name="FormatToStringTest1000(13323.876109275909d,&quot;13323.88 zł&quot;)" />
    </UnitTest>
    <UnitTest name="FormatToStringTest1000(50507.0104155615d,&quot;50507.01 zł&quot;)" storage="c:\projekty\nunittestproject\bin\debug\netcoreapp3.1\nunittestproject.dll" id="e72aca21-1347-9775-f65f-ee1c6d7b63bd">
      <Execution id="217803de-ac0a-4250-b91a-b4db827afc52" />
      <TestMethod codeBase="C:\Projekty\NUnitTestProject\bin\Debug\netcoreapp3.1\NUnitTestProject.dll" adapterTypeName="executor://nunit3testexecutor/" className="NUnitTestProject.CurrencyHelperTests" name="FormatToStringTest1000(50507.0104155615d,&quot;50507.01 zł&quot;)" />
    </UnitTest>
    <UnitTest name="FormatToStringTest1000(236.20263638589657d,&quot;236.20 zł&quot;)" storage="c:\projekty\nunittestproject\bin\debug\netcoreapp3.1\nunittestproject.dll" id="0fa0c864-c433-31dc-ea26-995fbf849a90">
      <Execution id="3709b420-cfe2-41ad-ade4-473b6bb47f34" />
      <TestMethod codeBase="C:\Projekty\NUnitTestProject\bin\Debug\netcoreapp3.1\NUnitTestProject.dll" adapterTypeName="executor://nunit3testexecutor/" className="NUnitTestProject.CurrencyHelperTests" name="FormatToStringTest1000(236.20263638589657d,&quot;236.20 zł&quot;)" />
    </UnitTest>
    <UnitTest name="FormatToStringTest1000(26885.71162707904d,&quot;26885.71 zł&quot;)" storage="c:\projekty\nunittestproject\bin\debug\netcoreapp3.1\nunittestproject.dll" id="4936d87a-883b-6212-fe10-ba7602a69db8">
      <Execution id="b338a393-acc2-4b42-b73c-416f69b83ab8" />
      <TestMethod codeBase="C:\Projekty\NUnitTestProject\bin\Debug\netcoreapp3.1\NUnitTestProject.dll" adapterTypeName="executor://nunit3testexecutor/" className="NUnitTestProject.CurrencyHelperTests" name="FormatToStringTest1000(26885.71162707904d,&quot;26885.71 zł&quot;)" />
    </UnitTest>
    <UnitTest name="FormatToStringTest1000(19189.32381924117d,&quot;19189.32 zł&quot;)" storage="c:\projekty\nunittestproject\bin\debug\netcoreapp3.1\nunittestproject.dll" id="6f7345f6-07c1-aba6-fba8-22e9ed357a49">
      <Execution id="475570c6-100f-4c33-93b4-9e10c9ab84ae" />
      <TestMethod codeBase="C:\Projekty\NUnitTestProject\bin\Debug\netcoreapp3.1\NUnitTestProject.dll" adapterTypeName="executor://nunit3testexecutor/" className="NUnitTestProject.CurrencyHelperTests" name="FormatToStringTest1000(19189.32381924117d,&quot;19189.32 zł&quot;)" />
    </UnitTest>
    <UnitTest name="FormatToStringTest1000(20552.966022956633d,&quot;20552.97 zł&quot;)" storage="c:\projekty\nunittestproject\bin\debug\netcoreapp3.1\nunittestproject.dll" id="de7a0ae7-aa58-be18-206b-2d44f2e86ead">
      <Execution id="200c983f-ba3e-4a2b-9fc5-d367bff9eb34" />
      <TestMethod codeBase="C:\Projekty\NUnitTestProject\bin\Debug\netcoreapp3.1\NUnitTestProject.dll" adapterTypeName="executor://nunit3testexecutor/" className="NUnitTestProject.CurrencyHelperTests" name="FormatToStringTest1000(20552.966022956633d,&quot;20552.97 zł&quot;)" />
    </UnitTest>
    <UnitTest name="FormatToStringTest1000(2292.8331871111104d,&quot;2292.83 zł&quot;)" storage="c:\projekty\nunittestproject\bin\debug\netcoreapp3.1\nunittestproject.dll" id="29406890-f674-40b1-2efb-3ed40d66af1f">
      <Execution id="8ce8f45b-9f09-48ca-b092-afbb79b3b2d5" />
      <TestMethod codeBase="C:\Projekty\NUnitTestProject\bin\Debug\netcoreapp3.1\NUnitTestProject.dll" adapterTypeName="executor://nunit3testexecutor/" className="NUnitTestProject.CurrencyHelperTests" name="FormatToStringTest1000(2292.8331871111104d,&quot;2292.83 zł&quot;)" />
    </UnitTest>
    <UnitTest name="FormatToStringTest1000(23612.114499758984d,&quot;23612.11 zł&quot;)" storage="c:\projekty\nunittestproject\bin\debug\netcoreapp3.1\nunittestproject.dll" id="66cfeda0-e2cf-f1fc-0d88-eef5b227e59f">
      <Execution id="fa38c037-a6c8-444c-9537-3807f7ef60b8" />
      <TestMethod codeBase="C:\Projekty\NUnitTestProject\bin\Debug\netcoreapp3.1\NUnitTestProject.dll" adapterTypeName="executor://nunit3testexecutor/" className="NUnitTestProject.CurrencyHelperTests" name="FormatToStringTest1000(23612.114499758984d,&quot;23612.11 zł&quot;)" />
    </UnitTest>
    <UnitTest name="FormatToStringTest1000(19085.023282992664d,&quot;19085.02 zł&quot;)" storage="c:\projekty\nunittestproject\bin\debug\netcoreapp3.1\nunittestproject.dll" id="6f51818b-8dfe-7cd4-c8ae-d1150bb85ebd">
      <Execution id="51d0c61d-d474-4f39-9e48-f44faa6a6b73" />
      <TestMethod codeBase="C:\Projekty\NUnitTestProject\bin\Debug\netcoreapp3.1\NUnitTestProject.dll" adapterTypeName="executor://nunit3testexecutor/" className="NUnitTestProject.CurrencyHelperTests" name="FormatToStringTest1000(19085.023282992664d,&quot;19085.02 zł&quot;)" />
    </UnitTest>
    <UnitTest name="FormatToStringTest1000(16129.507288814293d,&quot;16129.51 zł&quot;)" storage="c:\projekty\nunittestproject\bin\debug\netcoreapp3.1\nunittestproject.dll" id="aa4e492c-9871-e494-8afc-2e1c32042c9f">
      <Execution id="11f13edd-0f29-4cd1-983f-d9b747b970af" />
      <TestMethod codeBase="C:\Projekty\NUnitTestProject\bin\Debug\netcoreapp3.1\NUnitTestProject.dll" adapterTypeName="executor://nunit3testexecutor/" className="NUnitTestProject.CurrencyHelperTests" name="FormatToStringTest1000(16129.507288814293d,&quot;16129.51 zł&quot;)" />
    </UnitTest>
    <UnitTest name="FormatToStringTest1000(28080.92507087669d,&quot;28080.93 zł&quot;)" storage="c:\projekty\nunittestproject\bin\debug\netcoreapp3.1\nunittestproject.dll" id="149b451f-18ff-71da-64d2-d4ad70318933">
      <Execution id="6a77df28-2252-4253-8d05-17ee6f755098" />
      <TestMethod codeBase="C:\Projekty\NUnitTestProject\bin\Debug\netcoreapp3.1\NUnitTestProject.dll" adapterTypeName="executor://nunit3testexecutor/" className="NUnitTestProject.CurrencyHelperTests" name="FormatToStringTest1000(28080.92507087669d,&quot;28080.93 zł&quot;)" />
    </UnitTest>
    <UnitTest name="FormatToStringTest1000(1664.7834932994022d,&quot;1664.78 zł&quot;)" storage="c:\projekty\nunittestproject\bin\debug\netcoreapp3.1\nunittestproject.dll" id="036a6ec9-ae68-934b-9f02-a81dae974d18">
      <Execution id="4cd62b04-4798-45ae-b394-30e2473b1449" />
      <TestMethod codeBase="C:\Projekty\NUnitTestProject\bin\Debug\netcoreapp3.1\NUnitTestProject.dll" adapterTypeName="executor://nunit3testexecutor/" className="NUnitTestProject.CurrencyHelperTests" name="FormatToStringTest1000(1664.7834932994022d,&quot;1664.78 zł&quot;)" />
    </UnitTest>
    <UnitTest name="FormatToStringTest1000(1741.3334432818617d,&quot;1741.33 zł&quot;)" storage="c:\projekty\nunittestproject\bin\debug\netcoreapp3.1\nunittestproject.dll" id="b9452443-27e0-9ab0-1723-70a405c1b43f">
      <Execution id="e997e361-f11e-4bc5-9aa2-70a5b0688ebb" />
      <TestMethod codeBase="C:\Projekty\NUnitTestProject\bin\Debug\netcoreapp3.1\NUnitTestProject.dll" adapterTypeName="executor://nunit3testexecutor/" className="NUnitTestProject.CurrencyHelperTests" name="FormatToStringTest1000(1741.3334432818617d,&quot;1741.33 zł&quot;)" />
    </UnitTest>
    <UnitTest name="FormatToStringTest1000(13478.157112043891d,&quot;13478.16 zł&quot;)" storage="c:\projekty\nunittestproject\bin\debug\netcoreapp3.1\nunittestproject.dll" id="97caedcb-d6ae-5556-8168-c745e877090a">
      <Execution id="1a02b030-c24e-4989-bf92-44f6de479d7f" />
      <TestMethod codeBase="C:\Projekty\NUnitTestProject\bin\Debug\netcoreapp3.1\NUnitTestProject.dll" adapterTypeName="executor://nunit3testexecutor/" className="NUnitTestProject.CurrencyHelperTests" name="FormatToStringTest1000(13478.157112043891d,&quot;13478.16 zł&quot;)" />
    </UnitTest>
    <UnitTest name="FormatToStringTest1000(64490.52771614982d,&quot;64490.53 zł&quot;)" storage="c:\projekty\nunittestproject\bin\debug\netcoreapp3.1\nunittestproject.dll" id="e46dbe14-100d-b571-9fb5-196347dd96ac">
      <Execution id="d2da3b36-30bf-4d89-a9fe-ec9f30018e3d" />
      <TestMethod codeBase="C:\Projekty\NUnitTestProject\bin\Debug\netcoreapp3.1\NUnitTestProject.dll" adapterTypeName="executor://nunit3testexecutor/" className="NUnitTestProject.CurrencyHelperTests" name="FormatToStringTest1000(64490.52771614982d,&quot;64490.53 zł&quot;)" />
    </UnitTest>
    <UnitTest name="FormatToStringTest1000(97129.75160633575d,&quot;97129.75 zł&quot;)" storage="c:\projekty\nunittestproject\bin\debug\netcoreapp3.1\nunittestproject.dll" id="f7b6c5f3-1f58-e9ae-14c8-31eb58d1211b">
      <Execution id="adc477aa-9ee3-4763-8ef4-ab51fe485103" />
      <TestMethod codeBase="C:\Projekty\NUnitTestProject\bin\Debug\netcoreapp3.1\NUnitTestProject.dll" adapterTypeName="executor://nunit3testexecutor/" className="NUnitTestProject.CurrencyHelperTests" name="FormatToStringTest1000(97129.75160633575d,&quot;97129.75 zł&quot;)" />
    </UnitTest>
    <UnitTest name="FormatToStringTest1000(16030.852371789913d,&quot;16030.85 zł&quot;)" storage="c:\projekty\nunittestproject\bin\debug\netcoreapp3.1\nunittestproject.dll" id="cd1fce0e-40f1-2613-4ea2-fe4efaae7320">
      <Execution id="bf3f6979-be4b-4fbc-b1fd-723fd47ec918" />
      <TestMethod codeBase="C:\Projekty\NUnitTestProject\bin\Debug\netcoreapp3.1\NUnitTestProject.dll" adapterTypeName="executor://nunit3testexecutor/" className="NUnitTestProject.CurrencyHelperTests" name="FormatToStringTest1000(16030.852371789913d,&quot;16030.85 zł&quot;)" />
    </UnitTest>
    <UnitTest name="FormatToStringTest1000(26468.346804109562d,&quot;26468.35 zł&quot;)" storage="c:\projekty\nunittestproject\bin\debug\netcoreapp3.1\nunittestproject.dll" id="274eee3c-fa31-a55c-1941-d2fdb1077d83">
      <Execution id="83303914-0b1d-43fb-aef0-33d86dcbbe0f" />
      <TestMethod codeBase="C:\Projekty\NUnitTestProject\bin\Debug\netcoreapp3.1\NUnitTestProject.dll" adapterTypeName="executor://nunit3testexecutor/" className="NUnitTestProject.CurrencyHelperTests" name="FormatToStringTest1000(26468.346804109562d,&quot;26468.35 zł&quot;)" />
    </UnitTest>
    <UnitTest name="FormatToStringTest1000(73301.91270130403d,&quot;73301.91 zł&quot;)" storage="c:\projekty\nunittestproject\bin\debug\netcoreapp3.1\nunittestproject.dll" id="19b8d5ef-b980-1d42-3f3f-c869dee34ac6">
      <Execution id="cdf79605-f54f-4240-a88d-7081bf46475f" />
      <TestMethod codeBase="C:\Projekty\NUnitTestProject\bin\Debug\netcoreapp3.1\NUnitTestProject.dll" adapterTypeName="executor://nunit3testexecutor/" className="NUnitTestProject.CurrencyHelperTests" name="FormatToStringTest1000(73301.91270130403d,&quot;73301.91 zł&quot;)" />
    </UnitTest>
    <UnitTest name="FormatToStringTest1000(25039.088753207627d,&quot;25039.09 zł&quot;)" storage="c:\projekty\nunittestproject\bin\debug\netcoreapp3.1\nunittestproject.dll" id="fb1c3a36-60dc-8fcd-b623-36588091afcb">
      <Execution id="cd3a5987-ad26-4dea-92f3-fab3c13f5f15" />
      <TestMethod codeBase="C:\Projekty\NUnitTestProject\bin\Debug\netcoreapp3.1\NUnitTestProject.dll" adapterTypeName="executor://nunit3testexecutor/" className="NUnitTestProject.CurrencyHelperTests" name="FormatToStringTest1000(25039.088753207627d,&quot;25039.09 zł&quot;)" />
    </UnitTest>
    <UnitTest name="FormatToStringTest1000(765.778932784581d,&quot;765.78 zł&quot;)" storage="c:\projekty\nunittestproject\bin\debug\netcoreapp3.1\nunittestproject.dll" id="092813bc-e54e-6f29-9d2b-192db0d76045">
      <Execution id="55170902-0d28-409b-95d9-060cb1d73d70" />
      <TestMethod codeBase="C:\Projekty\NUnitTestProject\bin\Debug\netcoreapp3.1\NUnitTestProject.dll" adapterTypeName="executor://nunit3testexecutor/" className="NUnitTestProject.CurrencyHelperTests" name="FormatToStringTest1000(765.778932784581d,&quot;765.78 zł&quot;)" />
    </UnitTest>
    <UnitTest name="FormatToStringTest1000(60017.857676936714d,&quot;60017.86 zł&quot;)" storage="c:\projekty\nunittestproject\bin\debug\netcoreapp3.1\nunittestproject.dll" id="bb5a2e9a-5cdb-f48d-dc56-2c3c111c851a">
      <Execution id="ff1e68dc-3976-407f-8862-4711bca3c415" />
      <TestMethod codeBase="C:\Projekty\NUnitTestProject\bin\Debug\netcoreapp3.1\NUnitTestProject.dll" adapterTypeName="executor://nunit3testexecutor/" className="NUnitTestProject.CurrencyHelperTests" name="FormatToStringTest1000(60017.857676936714d,&quot;60017.86 zł&quot;)" />
    </UnitTest>
    <UnitTest name="FormatToStringTest1000(759.247198292635d,&quot;759.25 zł&quot;)" storage="c:\projekty\nunittestproject\bin\debug\netcoreapp3.1\nunittestproject.dll" id="bfb43a18-8b27-64cf-f833-254fc2466b22">
      <Execution id="1703e70b-3216-48bc-a948-9f5ba5b7a464" />
      <TestMethod codeBase="C:\Projekty\NUnitTestProject\bin\Debug\netcoreapp3.1\NUnitTestProject.dll" adapterTypeName="executor://nunit3testexecutor/" className="NUnitTestProject.CurrencyHelperTests" name="FormatToStringTest1000(759.247198292635d,&quot;759.25 zł&quot;)" />
    </UnitTest>
    <UnitTest name="FormatToStringTest1000(14635.510547500808d,&quot;14635.51 zł&quot;)" storage="c:\projekty\nunittestproject\bin\debug\netcoreapp3.1\nunittestproject.dll" id="7ac2c24b-6445-4ff2-9faa-1ce73a74728d">
      <Execution id="0b28f961-7428-4ba8-9423-b5c9b930245a" />
      <TestMethod codeBase="C:\Projekty\NUnitTestProject\bin\Debug\netcoreapp3.1\NUnitTestProject.dll" adapterTypeName="executor://nunit3testexecutor/" className="NUnitTestProject.CurrencyHelperTests" name="FormatToStringTest1000(14635.510547500808d,&quot;14635.51 zł&quot;)" />
    </UnitTest>
    <UnitTest name="FormatToStringTest1000(16208.076866391615d,&quot;16208.08 zł&quot;)" storage="c:\projekty\nunittestproject\bin\debug\netcoreapp3.1\nunittestproject.dll" id="0107bc98-e88d-a137-c4d8-ff01a11c4723">
      <Execution id="a1680886-2a02-44ea-8e6c-81b5258c4583" />
      <TestMethod codeBase="C:\Projekty\NUnitTestProject\bin\Debug\netcoreapp3.1\NUnitTestProject.dll" adapterTypeName="executor://nunit3testexecutor/" className="NUnitTestProject.CurrencyHelperTests" name="FormatToStringTest1000(16208.076866391615d,&quot;16208.08 zł&quot;)" />
    </UnitTest>
    <UnitTest name="FormatToStringTest1000(61633.2671179945d,&quot;61633.27 zł&quot;)" storage="c:\projekty\nunittestproject\bin\debug\netcoreapp3.1\nunittestproject.dll" id="7d115265-369e-6487-e000-47e2ac4ab46b">
      <Execution id="ea0bb0d9-d472-42a1-9037-146fa54d561a" />
      <TestMethod codeBase="C:\Projekty\NUnitTestProject\bin\Debug\netcoreapp3.1\NUnitTestProject.dll" adapterTypeName="executor://nunit3testexecutor/" className="NUnitTestProject.CurrencyHelperTests" name="FormatToStringTest1000(61633.2671179945d,&quot;61633.27 zł&quot;)" />
    </UnitTest>
    <UnitTest name="FormatToStringTest1000(40268.121943438484d,&quot;40268.12 zł&quot;)" storage="c:\projekty\nunittestproject\bin\debug\netcoreapp3.1\nunittestproject.dll" id="0ed9cd8c-6283-5489-0e2e-ce31df1b16b4">
      <Execution id="c113e140-47de-4579-a2c7-d72736b69326" />
      <TestMethod codeBase="C:\Projekty\NUnitTestProject\bin\Debug\netcoreapp3.1\NUnitTestProject.dll" adapterTypeName="executor://nunit3testexecutor/" className="NUnitTestProject.CurrencyHelperTests" name="FormatToStringTest1000(40268.121943438484d,&quot;40268.12 zł&quot;)" />
    </UnitTest>
    <UnitTest name="FormatToStringTest1000(57809.74722876295d,&quot;57809.75 zł&quot;)" storage="c:\projekty\nunittestproject\bin\debug\netcoreapp3.1\nunittestproject.dll" id="bb7f2094-2f9e-97a8-2260-536683d65f82">
      <Execution id="ff951b4f-ec3d-4e23-be60-ebedc4123074" />
      <TestMethod codeBase="C:\Projekty\NUnitTestProject\bin\Debug\netcoreapp3.1\NUnitTestProject.dll" adapterTypeName="executor://nunit3testexecutor/" className="NUnitTestProject.CurrencyHelperTests" name="FormatToStringTest1000(57809.74722876295d,&quot;57809.75 zł&quot;)" />
    </UnitTest>
    <UnitTest name="FormatToStringTest1000(7377.5644264340235d,&quot;7377.56 zł&quot;)" storage="c:\projekty\nunittestproject\bin\debug\netcoreapp3.1\nunittestproject.dll" id="ea6215af-9f7a-dfd2-1e42-d16863c438d5">
      <Execution id="2795d282-c70b-4bd8-a776-176d4f62c451" />
      <TestMethod codeBase="C:\Projekty\NUnitTestProject\bin\Debug\netcoreapp3.1\NUnitTestProject.dll" adapterTypeName="executor://nunit3testexecutor/" className="NUnitTestProject.CurrencyHelperTests" name="FormatToStringTest1000(7377.5644264340235d,&quot;7377.56 zł&quot;)" />
    </UnitTest>
    <UnitTest name="FormatToStringTest1000(15742.409864349947d,&quot;15742.41 zł&quot;)" storage="c:\projekty\nunittestproject\bin\debug\netcoreapp3.1\nunittestproject.dll" id="c0986095-fb5a-1e8a-a8d8-e6dfbaed61c5">
      <Execution id="1c69c22b-cfc7-4493-884c-596b9b936c2f" />
      <TestMethod codeBase="C:\Projekty\NUnitTestProject\bin\Debug\netcoreapp3.1\NUnitTestProject.dll" adapterTypeName="executor://nunit3testexecutor/" className="NUnitTestProject.CurrencyHelperTests" name="FormatToStringTest1000(15742.409864349947d,&quot;15742.41 zł&quot;)" />
    </UnitTest>
    <UnitTest name="FormatToStringTest1000(13508.811787825922d,&quot;13508.81 zł&quot;)" storage="c:\projekty\nunittestproject\bin\debug\netcoreapp3.1\nunittestproject.dll" id="0fc86efa-aeca-dada-030f-e8045241eaae">
      <Execution id="95adf20b-7bbf-461b-879f-a976a63bacbd" />
      <TestMethod codeBase="C:\Projekty\NUnitTestProject\bin\Debug\netcoreapp3.1\NUnitTestProject.dll" adapterTypeName="executor://nunit3testexecutor/" className="NUnitTestProject.CurrencyHelperTests" name="FormatToStringTest1000(13508.811787825922d,&quot;13508.81 zł&quot;)" />
    </UnitTest>
    <UnitTest name="FormatToStringTest1000(44361.82678515177d,&quot;44361.83 zł&quot;)" storage="c:\projekty\nunittestproject\bin\debug\netcoreapp3.1\nunittestproject.dll" id="4aa2fb53-f9e4-f471-3a9f-14715f467049">
      <Execution id="85b7fb52-ef9c-491c-acd2-ce1facb4e0de" />
      <TestMethod codeBase="C:\Projekty\NUnitTestProject\bin\Debug\netcoreapp3.1\NUnitTestProject.dll" adapterTypeName="executor://nunit3testexecutor/" className="NUnitTestProject.CurrencyHelperTests" name="FormatToStringTest1000(44361.82678515177d,&quot;44361.83 zł&quot;)" />
    </UnitTest>
    <UnitTest name="FormatToStringTest1000(19216.446905020366d,&quot;19216.45 zł&quot;)" storage="c:\projekty\nunittestproject\bin\debug\netcoreapp3.1\nunittestproject.dll" id="0af23d0c-f1f0-deb1-181c-c50389a37384">
      <Execution id="4711d991-1964-45a8-b4f6-e954517619da" />
      <TestMethod codeBase="C:\Projekty\NUnitTestProject\bin\Debug\netcoreapp3.1\NUnitTestProject.dll" adapterTypeName="executor://nunit3testexecutor/" className="NUnitTestProject.CurrencyHelperTests" name="FormatToStringTest1000(19216.446905020366d,&quot;19216.45 zł&quot;)" />
    </UnitTest>
    <UnitTest name="FormatToStringTest1000(36047.83545033672d,&quot;36047.84 zł&quot;)" storage="c:\projekty\nunittestproject\bin\debug\netcoreapp3.1\nunittestproject.dll" id="ea8471c3-2743-4dfb-2fac-6cae304dff99">
      <Execution id="d822f124-1339-48bd-a649-1c990d96b792" />
      <TestMethod codeBase="C:\Projekty\NUnitTestProject\bin\Debug\netcoreapp3.1\NUnitTestProject.dll" adapterTypeName="executor://nunit3testexecutor/" className="NUnitTestProject.CurrencyHelperTests" name="FormatToStringTest1000(36047.83545033672d,&quot;36047.84 zł&quot;)" />
    </UnitTest>
    <UnitTest name="FormatToStringTest1000(29975.4018974022d,&quot;29975.40 zł&quot;)" storage="c:\projekty\nunittestproject\bin\debug\netcoreapp3.1\nunittestproject.dll" id="e6f60af7-eaed-5b55-816d-6d2a50c98932">
      <Execution id="4a2945c1-f8f6-4d49-89ea-e0f16a0a0e6d" />
      <TestMethod codeBase="C:\Projekty\NUnitTestProject\bin\Debug\netcoreapp3.1\NUnitTestProject.dll" adapterTypeName="executor://nunit3testexecutor/" className="NUnitTestProject.CurrencyHelperTests" name="FormatToStringTest1000(29975.4018974022d,&quot;29975.40 zł&quot;)" />
    </UnitTest>
    <UnitTest name="FormatToStringTest1000(43799.04472166535d,&quot;43799.04 zł&quot;)" storage="c:\projekty\nunittestproject\bin\debug\netcoreapp3.1\nunittestproject.dll" id="1b0d351a-508f-0807-0c94-56d657ae1623">
      <Execution id="a3b45732-503a-4c17-aa5d-b0db102581ee" />
      <TestMethod codeBase="C:\Projekty\NUnitTestProject\bin\Debug\netcoreapp3.1\NUnitTestProject.dll" adapterTypeName="executor://nunit3testexecutor/" className="NUnitTestProject.CurrencyHelperTests" name="FormatToStringTest1000(43799.04472166535d,&quot;43799.04 zł&quot;)" />
    </UnitTest>
    <UnitTest name="FormatToStringTest1000(5548.360986085777d,&quot;5548.36 zł&quot;)" storage="c:\projekty\nunittestproject\bin\debug\netcoreapp3.1\nunittestproject.dll" id="39c7a244-b75e-9f86-9d15-adfafecd21ca">
      <Execution id="a114636e-1c97-4bff-a1ea-6c2504c1001c" />
      <TestMethod codeBase="C:\Projekty\NUnitTestProject\bin\Debug\netcoreapp3.1\NUnitTestProject.dll" adapterTypeName="executor://nunit3testexecutor/" className="NUnitTestProject.CurrencyHelperTests" name="FormatToStringTest1000(5548.360986085777d,&quot;5548.36 zł&quot;)" />
    </UnitTest>
    <UnitTest name="FormatToStringTest1000(12091.219941106729d,&quot;12091.22 zł&quot;)" storage="c:\projekty\nunittestproject\bin\debug\netcoreapp3.1\nunittestproject.dll" id="fa43237f-8d58-c9ec-b71e-9d381e3b47f2">
      <Execution id="ca4f07d6-392d-4fd8-8271-778d209e4037" />
      <TestMethod codeBase="C:\Projekty\NUnitTestProject\bin\Debug\netcoreapp3.1\NUnitTestProject.dll" adapterTypeName="executor://nunit3testexecutor/" className="NUnitTestProject.CurrencyHelperTests" name="FormatToStringTest1000(12091.219941106729d,&quot;12091.22 zł&quot;)" />
    </UnitTest>
    <UnitTest name="FormatToStringTest1000(25990.318498101697d,&quot;25990.32 zł&quot;)" storage="c:\projekty\nunittestproject\bin\debug\netcoreapp3.1\nunittestproject.dll" id="bc954cfc-79b1-8687-e8d1-aab98a75fd1a">
      <Execution id="ffc0a63a-bd13-451c-9d1e-c8f16a6fdfa7" />
      <TestMethod codeBase="C:\Projekty\NUnitTestProject\bin\Debug\netcoreapp3.1\NUnitTestProject.dll" adapterTypeName="executor://nunit3testexecutor/" className="NUnitTestProject.CurrencyHelperTests" name="FormatToStringTest1000(25990.318498101697d,&quot;25990.32 zł&quot;)" />
    </UnitTest>
    <UnitTest name="FormatToStringTest1000(1325.1625259114255d,&quot;1325.16 zł&quot;)" storage="c:\projekty\nunittestproject\bin\debug\netcoreapp3.1\nunittestproject.dll" id="9a4a7396-bc43-f3a9-c62c-07975736bde6">
      <Execution id="f82652e7-aaa0-4ccb-b57e-5868ee97fb45" />
      <TestMethod codeBase="C:\Projekty\NUnitTestProject\bin\Debug\netcoreapp3.1\NUnitTestProject.dll" adapterTypeName="executor://nunit3testexecutor/" className="NUnitTestProject.CurrencyHelperTests" name="FormatToStringTest1000(1325.1625259114255d,&quot;1325.16 zł&quot;)" />
    </UnitTest>
    <UnitTest name="FormatToStringTest1000(19189.813662191766d,&quot;19189.81 zł&quot;)" storage="c:\projekty\nunittestproject\bin\debug\netcoreapp3.1\nunittestproject.dll" id="9e7bb479-43f6-3e5b-9858-d1abf76cc2e6">
      <Execution id="ce3347aa-b806-47f9-afc6-7594d7f7452b" />
      <TestMethod codeBase="C:\Projekty\NUnitTestProject\bin\Debug\netcoreapp3.1\NUnitTestProject.dll" adapterTypeName="executor://nunit3testexecutor/" className="NUnitTestProject.CurrencyHelperTests" name="FormatToStringTest1000(19189.813662191766d,&quot;19189.81 zł&quot;)" />
    </UnitTest>
    <UnitTest name="FormatToStringTest1000(75514.58914517732d,&quot;75514.59 zł&quot;)" storage="c:\projekty\nunittestproject\bin\debug\netcoreapp3.1\nunittestproject.dll" id="f1b541d5-278d-f2a3-2128-f16382bfc74f">
      <Execution id="7d939663-9960-43c0-8ce9-3c48f405082d" />
      <TestMethod codeBase="C:\Projekty\NUnitTestProject\bin\Debug\netcoreapp3.1\NUnitTestProject.dll" adapterTypeName="executor://nunit3testexecutor/" className="NUnitTestProject.CurrencyHelperTests" name="FormatToStringTest1000(75514.58914517732d,&quot;75514.59 zł&quot;)" />
    </UnitTest>
    <UnitTest name="FormatToStringTest1000(3506.8456124108498d,&quot;3506.85 zł&quot;)" storage="c:\projekty\nunittestproject\bin\debug\netcoreapp3.1\nunittestproject.dll" id="04708542-086d-f6f2-88c4-fe541ab1cd55">
      <Execution id="90766d5a-db71-452f-9055-69d4b8ca6b2e" />
      <TestMethod codeBase="C:\Projekty\NUnitTestProject\bin\Debug\netcoreapp3.1\NUnitTestProject.dll" adapterTypeName="executor://nunit3testexecutor/" className="NUnitTestProject.CurrencyHelperTests" name="FormatToStringTest1000(3506.8456124108498d,&quot;3506.85 zł&quot;)" />
    </UnitTest>
    <UnitTest name="FormatToStringTest1000(11922.837782177532d,&quot;11922.84 zł&quot;)" storage="c:\projekty\nunittestproject\bin\debug\netcoreapp3.1\nunittestproject.dll" id="4df235b9-e889-4809-39c8-ff3e09688830">
      <Execution id="b6e9e1b2-eb39-4ad9-8198-c7e8c8da0228" />
      <TestMethod codeBase="C:\Projekty\NUnitTestProject\bin\Debug\netcoreapp3.1\NUnitTestProject.dll" adapterTypeName="executor://nunit3testexecutor/" className="NUnitTestProject.CurrencyHelperTests" name="FormatToStringTest1000(11922.837782177532d,&quot;11922.84 zł&quot;)" />
    </UnitTest>
    <UnitTest name="FormatToStringTest1000(1687.6029180025694d,&quot;1687.60 zł&quot;)" storage="c:\projekty\nunittestproject\bin\debug\netcoreapp3.1\nunittestproject.dll" id="f49abb46-6157-b05f-1fad-c8a20a256f62">
      <Execution id="5131d812-d79f-4304-b0a0-aa95715b2f4b" />
      <TestMethod codeBase="C:\Projekty\NUnitTestProject\bin\Debug\netcoreapp3.1\NUnitTestProject.dll" adapterTypeName="executor://nunit3testexecutor/" className="NUnitTestProject.CurrencyHelperTests" name="FormatToStringTest1000(1687.6029180025694d,&quot;1687.60 zł&quot;)" />
    </UnitTest>
    <UnitTest name="FormatToStringTest1000(12831.146874380833d,&quot;12831.15 zł&quot;)" storage="c:\projekty\nunittestproject\bin\debug\netcoreapp3.1\nunittestproject.dll" id="70f1979c-5fec-f41c-4467-96ed1c16b145">
      <Execution id="dee71d2d-93e7-462e-97a0-323f182d51b4" />
      <TestMethod codeBase="C:\Projekty\NUnitTestProject\bin\Debug\netcoreapp3.1\NUnitTestProject.dll" adapterTypeName="executor://nunit3testexecutor/" className="NUnitTestProject.CurrencyHelperTests" name="FormatToStringTest1000(12831.146874380833d,&quot;12831.15 zł&quot;)" />
    </UnitTest>
    <UnitTest name="FormatToStringTest1000(1482.3501845832682d,&quot;1482.35 zł&quot;)" storage="c:\projekty\nunittestproject\bin\debug\netcoreapp3.1\nunittestproject.dll" id="95fed375-7969-3fff-ac7b-e41adca485dd">
      <Execution id="75421656-8234-409a-a490-6cd32d79c48b" />
      <TestMethod codeBase="C:\Projekty\NUnitTestProject\bin\Debug\netcoreapp3.1\NUnitTestProject.dll" adapterTypeName="executor://nunit3testexecutor/" className="NUnitTestProject.CurrencyHelperTests" name="FormatToStringTest1000(1482.3501845832682d,&quot;1482.35 zł&quot;)" />
    </UnitTest>
    <UnitTest name="FormatToStringTest1000(21996.80326662576d,&quot;21996.80 zł&quot;)" storage="c:\projekty\nunittestproject\bin\debug\netcoreapp3.1\nunittestproject.dll" id="f3eb9765-0045-7d49-5de3-054bd621a41f">
      <Execution id="bfc06688-bf99-4acd-96e0-525f196d8879" />
      <TestMethod codeBase="C:\Projekty\NUnitTestProject\bin\Debug\netcoreapp3.1\NUnitTestProject.dll" adapterTypeName="executor://nunit3testexecutor/" className="NUnitTestProject.CurrencyHelperTests" name="FormatToStringTest1000(21996.80326662576d,&quot;21996.80 zł&quot;)" />
    </UnitTest>
    <UnitTest name="FormatToStringTest1000(27942.393876474067d,&quot;27942.39 zł&quot;)" storage="c:\projekty\nunittestproject\bin\debug\netcoreapp3.1\nunittestproject.dll" id="fb9b5d5a-ec48-a3ed-07db-cf85d51b9faa">
      <Execution id="7f51ef2b-9578-4af3-a001-5d47b50f44df" />
      <TestMethod codeBase="C:\Projekty\NUnitTestProject\bin\Debug\netcoreapp3.1\NUnitTestProject.dll" adapterTypeName="executor://nunit3testexecutor/" className="NUnitTestProject.CurrencyHelperTests" name="FormatToStringTest1000(27942.393876474067d,&quot;27942.39 zł&quot;)" />
    </UnitTest>
    <UnitTest name="FormatToStringTest1000(7076.829971250534d,&quot;7076.83 zł&quot;)" storage="c:\projekty\nunittestproject\bin\debug\netcoreapp3.1\nunittestproject.dll" id="9a124f11-40ca-d2aa-a849-6941897e0c0b">
      <Execution id="28c83e9c-a11c-451b-b48c-b730ecada2c1" />
      <TestMethod codeBase="C:\Projekty\NUnitTestProject\bin\Debug\netcoreapp3.1\NUnitTestProject.dll" adapterTypeName="executor://nunit3testexecutor/" className="NUnitTestProject.CurrencyHelperTests" name="FormatToStringTest1000(7076.829971250534d,&quot;7076.83 zł&quot;)" />
    </UnitTest>
    <UnitTest name="FormatToStringTest1000(15337.485230751097d,&quot;15337.49 zł&quot;)" storage="c:\projekty\nunittestproject\bin\debug\netcoreapp3.1\nunittestproject.dll" id="cab5d10f-8cae-8dfd-3b1b-219e11cb76ab">
      <Execution id="0c8bfd6c-369e-4389-82ac-5e39d94e2972" />
      <TestMethod codeBase="C:\Projekty\NUnitTestProject\bin\Debug\netcoreapp3.1\NUnitTestProject.dll" adapterTypeName="executor://nunit3testexecutor/" className="NUnitTestProject.CurrencyHelperTests" name="FormatToStringTest1000(15337.485230751097d,&quot;15337.49 zł&quot;)" />
    </UnitTest>
    <UnitTest name="FormatToStringTest1000(2216.881526520886d,&quot;2216.88 zł&quot;)" storage="c:\projekty\nunittestproject\bin\debug\netcoreapp3.1\nunittestproject.dll" id="2b18aff2-35ed-39eb-0869-97e8dcc5f3f1">
      <Execution id="bee97b2c-a8fe-47ad-a95a-dc7fcbbeeaf8" />
      <TestMethod codeBase="C:\Projekty\NUnitTestProject\bin\Debug\netcoreapp3.1\NUnitTestProject.dll" adapterTypeName="executor://nunit3testexecutor/" className="NUnitTestProject.CurrencyHelperTests" name="FormatToStringTest1000(2216.881526520886d,&quot;2216.88 zł&quot;)" />
    </UnitTest>
    <UnitTest name="FormatToStringTest1000(52020.805412759444d,&quot;52020.81 zł&quot;)" storage="c:\projekty\nunittestproject\bin\debug\netcoreapp3.1\nunittestproject.dll" id="2ed0b312-2f27-0f0b-487a-dea260d635a9">
      <Execution id="72b4ce69-69ef-4850-b50f-c01170a09864" />
      <TestMethod codeBase="C:\Projekty\NUnitTestProject\bin\Debug\netcoreapp3.1\NUnitTestProject.dll" adapterTypeName="executor://nunit3testexecutor/" className="NUnitTestProject.CurrencyHelperTests" name="FormatToStringTest1000(52020.805412759444d,&quot;52020.81 zł&quot;)" />
    </UnitTest>
    <UnitTest name="FormatToStringTest1000(17090.629587323234d,&quot;17090.63 zł&quot;)" storage="c:\projekty\nunittestproject\bin\debug\netcoreapp3.1\nunittestproject.dll" id="1382f86b-6464-d2a1-e722-0841d0b65336">
      <Execution id="d92e072b-e6b3-4e9b-aa88-fc0564e4e65c" />
      <TestMethod codeBase="C:\Projekty\NUnitTestProject\bin\Debug\netcoreapp3.1\NUnitTestProject.dll" adapterTypeName="executor://nunit3testexecutor/" className="NUnitTestProject.CurrencyHelperTests" name="FormatToStringTest1000(17090.629587323234d,&quot;17090.63 zł&quot;)" />
    </UnitTest>
    <UnitTest name="FormatToStringTest1000(23282.56178903047d,&quot;23282.56 zł&quot;)" storage="c:\projekty\nunittestproject\bin\debug\netcoreapp3.1\nunittestproject.dll" id="0cd42206-2d45-5b61-2055-2525f417141b">
      <Execution id="cebdde26-656e-485b-a7cf-5da1fde49893" />
      <TestMethod codeBase="C:\Projekty\NUnitTestProject\bin\Debug\netcoreapp3.1\NUnitTestProject.dll" adapterTypeName="executor://nunit3testexecutor/" className="NUnitTestProject.CurrencyHelperTests" name="FormatToStringTest1000(23282.56178903047d,&quot;23282.56 zł&quot;)" />
    </UnitTest>
    <UnitTest name="FormatToStringTest1000(7407.385606687696d,&quot;7407.39 zł&quot;)" storage="c:\projekty\nunittestproject\bin\debug\netcoreapp3.1\nunittestproject.dll" id="719fd87e-be7b-b92c-8926-a4bddcef0244">
      <Execution id="f61966e6-1d29-4e49-9c20-9db1a6a04e66" />
      <TestMethod codeBase="C:\Projekty\NUnitTestProject\bin\Debug\netcoreapp3.1\NUnitTestProject.dll" adapterTypeName="executor://nunit3testexecutor/" className="NUnitTestProject.CurrencyHelperTests" name="FormatToStringTest1000(7407.385606687696d,&quot;7407.39 zł&quot;)" />
    </UnitTest>
    <UnitTest name="FormatToStringTest1000(2929.267390865026d,&quot;2929.27 zł&quot;)" storage="c:\projekty\nunittestproject\bin\debug\netcoreapp3.1\nunittestproject.dll" id="d8fff351-64d1-1a21-4739-3e89df4d873b">
      <Execution id="f0686736-89d6-4d60-b437-e13e4759c7f2" />
      <TestMethod codeBase="C:\Projekty\NUnitTestProject\bin\Debug\netcoreapp3.1\NUnitTestProject.dll" adapterTypeName="executor://nunit3testexecutor/" className="NUnitTestProject.CurrencyHelperTests" name="FormatToStringTest1000(2929.267390865026d,&quot;2929.27 zł&quot;)" />
    </UnitTest>
    <UnitTest name="FormatToStringTest1000(3694.480496819355d,&quot;3694.48 zł&quot;)" storage="c:\projekty\nunittestproject\bin\debug\netcoreapp3.1\nunittestproject.dll" id="e34fd7ec-376b-5cd9-f43c-324b72764f5f">
      <Execution id="b7d79546-c16b-4226-bde2-2bcb9702839f" />
      <TestMethod codeBase="C:\Projekty\NUnitTestProject\bin\Debug\netcoreapp3.1\NUnitTestProject.dll" adapterTypeName="executor://nunit3testexecutor/" className="NUnitTestProject.CurrencyHelperTests" name="FormatToStringTest1000(3694.480496819355d,&quot;3694.48 zł&quot;)" />
    </UnitTest>
    <UnitTest name="FormatToStringTest1000(84686.32148464039d,&quot;84686.32 zł&quot;)" storage="c:\projekty\nunittestproject\bin\debug\netcoreapp3.1\nunittestproject.dll" id="ceb7f684-931d-5c6c-b7df-e9079ac9afdf">
      <Execution id="860b2da6-9723-403f-b997-d4f175c8f0d3" />
      <TestMethod codeBase="C:\Projekty\NUnitTestProject\bin\Debug\netcoreapp3.1\NUnitTestProject.dll" adapterTypeName="executor://nunit3testexecutor/" className="NUnitTestProject.CurrencyHelperTests" name="FormatToStringTest1000(84686.32148464039d,&quot;84686.32 zł&quot;)" />
    </UnitTest>
    <UnitTest name="FormatToStringTest1000(4823.904478896365d,&quot;4823.90 zł&quot;)" storage="c:\projekty\nunittestproject\bin\debug\netcoreapp3.1\nunittestproject.dll" id="6c604da3-7f27-8f64-ea2d-ce727d182abb">
      <Execution id="a5833979-a19e-4660-8c98-4a269b848855" />
      <TestMethod codeBase="C:\Projekty\NUnitTestProject\bin\Debug\netcoreapp3.1\NUnitTestProject.dll" adapterTypeName="executor://nunit3testexecutor/" className="NUnitTestProject.CurrencyHelperTests" name="FormatToStringTest1000(4823.904478896365d,&quot;4823.90 zł&quot;)" />
    </UnitTest>
    <UnitTest name="FormatToStringTest1000(17845.255864087147d,&quot;17845.26 zł&quot;)" storage="c:\projekty\nunittestproject\bin\debug\netcoreapp3.1\nunittestproject.dll" id="615fa398-9de6-a6b9-2dab-60666d0931f7">
      <Execution id="0ba8e8a6-9cf8-4199-a576-53c0446d2bee" />
      <TestMethod codeBase="C:\Projekty\NUnitTestProject\bin\Debug\netcoreapp3.1\NUnitTestProject.dll" adapterTypeName="executor://nunit3testexecutor/" className="NUnitTestProject.CurrencyHelperTests" name="FormatToStringTest1000(17845.255864087147d,&quot;17845.26 zł&quot;)" />
    </UnitTest>
    <UnitTest name="FormatToStringTest1000(75214.75000876503d,&quot;75214.75 zł&quot;)" storage="c:\projekty\nunittestproject\bin\debug\netcoreapp3.1\nunittestproject.dll" id="796d7949-31f4-bb9f-3f5b-ffa9238af688">
      <Execution id="1f827409-dde8-4b69-8558-5557b80c4033" />
      <TestMethod codeBase="C:\Projekty\NUnitTestProject\bin\Debug\netcoreapp3.1\NUnitTestProject.dll" adapterTypeName="executor://nunit3testexecutor/" className="NUnitTestProject.CurrencyHelperTests" name="FormatToStringTest1000(75214.75000876503d,&quot;75214.75 zł&quot;)" />
    </UnitTest>
    <UnitTest name="FormatToStringTest1000(2937.138486199611d,&quot;2937.14 zł&quot;)" storage="c:\projekty\nunittestproject\bin\debug\netcoreapp3.1\nunittestproject.dll" id="b56338b4-aae6-cbe0-3487-2e781b98c188">
      <Execution id="5a75ca13-3c5c-4e42-964d-f98e7f6d2678" />
      <TestMethod codeBase="C:\Projekty\NUnitTestProject\bin\Debug\netcoreapp3.1\NUnitTestProject.dll" adapterTypeName="executor://nunit3testexecutor/" className="NUnitTestProject.CurrencyHelperTests" name="FormatToStringTest1000(2937.138486199611d,&quot;2937.14 zł&quot;)" />
    </UnitTest>
    <UnitTest name="FormatToStringTest1000(16190.113943164757d,&quot;16190.11 zł&quot;)" storage="c:\projekty\nunittestproject\bin\debug\netcoreapp3.1\nunittestproject.dll" id="ea53113d-e645-3e3d-8dda-f0c57f3d1f3e">
      <Execution id="bf071eee-cd25-4f45-851c-1c7962e13d6a" />
      <TestMethod codeBase="C:\Projekty\NUnitTestProject\bin\Debug\netcoreapp3.1\NUnitTestProject.dll" adapterTypeName="executor://nunit3testexecutor/" className="NUnitTestProject.CurrencyHelperTests" name="FormatToStringTest1000(16190.113943164757d,&quot;16190.11 zł&quot;)" />
    </UnitTest>
    <UnitTest name="FormatToStringTest1000(5022.470719070859d,&quot;5022.47 zł&quot;)" storage="c:\projekty\nunittestproject\bin\debug\netcoreapp3.1\nunittestproject.dll" id="70548cff-07c6-a6ca-3719-5ff4c0013c06">
      <Execution id="cf5a6424-9206-4732-bc1c-b1a307273337" />
      <TestMethod codeBase="C:\Projekty\NUnitTestProject\bin\Debug\netcoreapp3.1\NUnitTestProject.dll" adapterTypeName="executor://nunit3testexecutor/" className="NUnitTestProject.CurrencyHelperTests" name="FormatToStringTest1000(5022.470719070859d,&quot;5022.47 zł&quot;)" />
    </UnitTest>
    <UnitTest name="FormatToStringTest1000(12202.860111308684d,&quot;12202.86 zł&quot;)" storage="c:\projekty\nunittestproject\bin\debug\netcoreapp3.1\nunittestproject.dll" id="386a6353-f26d-0503-41f2-052972dc214e">
      <Execution id="6709c963-6fd7-4cb7-89ec-a752e46409d4" />
      <TestMethod codeBase="C:\Projekty\NUnitTestProject\bin\Debug\netcoreapp3.1\NUnitTestProject.dll" adapterTypeName="executor://nunit3testexecutor/" className="NUnitTestProject.CurrencyHelperTests" name="FormatToStringTest1000(12202.860111308684d,&quot;12202.86 zł&quot;)" />
    </UnitTest>
    <UnitTest name="FormatToStringTest1000(7370.518277515898d,&quot;7370.52 zł&quot;)" storage="c:\projekty\nunittestproject\bin\debug\netcoreapp3.1\nunittestproject.dll" id="5ec8d008-0362-0f87-55a5-ff4397c5ceeb">
      <Execution id="5f877a56-9e50-4d4b-b297-a9970645cc27" />
      <TestMethod codeBase="C:\Projekty\NUnitTestProject\bin\Debug\netcoreapp3.1\NUnitTestProject.dll" adapterTypeName="executor://nunit3testexecutor/" className="NUnitTestProject.CurrencyHelperTests" name="FormatToStringTest1000(7370.518277515898d,&quot;7370.52 zł&quot;)" />
    </UnitTest>
    <UnitTest name="FormatToStringTest1000(20497.107923553376d,&quot;20497.11 zł&quot;)" storage="c:\projekty\nunittestproject\bin\debug\netcoreapp3.1\nunittestproject.dll" id="d38b1856-f9a8-d9e7-be29-662b96640b5b">
      <Execution id="440c505e-4202-4551-80fb-ebb85fdb1c70" />
      <TestMethod codeBase="C:\Projekty\NUnitTestProject\bin\Debug\netcoreapp3.1\NUnitTestProject.dll" adapterTypeName="executor://nunit3testexecutor/" className="NUnitTestProject.CurrencyHelperTests" name="FormatToStringTest1000(20497.107923553376d,&quot;20497.11 zł&quot;)" />
    </UnitTest>
    <UnitTest name="FormatToStringTest1000(3030.9461949132133d,&quot;3030.95 zł&quot;)" storage="c:\projekty\nunittestproject\bin\debug\netcoreapp3.1\nunittestproject.dll" id="a4a7e920-6be7-0270-88f5-4a528c0a4ff3">
      <Execution id="807671a0-bd98-4f3c-b117-d8f62780f269" />
      <TestMethod codeBase="C:\Projekty\NUnitTestProject\bin\Debug\netcoreapp3.1\NUnitTestProject.dll" adapterTypeName="executor://nunit3testexecutor/" className="NUnitTestProject.CurrencyHelperTests" name="FormatToStringTest1000(3030.9461949132133d,&quot;3030.95 zł&quot;)" />
    </UnitTest>
    <UnitTest name="FormatToStringTest1000(11871.427211910219d,&quot;11871.43 zł&quot;)" storage="c:\projekty\nunittestproject\bin\debug\netcoreapp3.1\nunittestproject.dll" id="a0b62237-e6b4-ed13-bf88-ac0909d8c7c4">
      <Execution id="886ac14b-e880-41a3-91db-b763f17faff2" />
      <TestMethod codeBase="C:\Projekty\NUnitTestProject\bin\Debug\netcoreapp3.1\NUnitTestProject.dll" adapterTypeName="executor://nunit3testexecutor/" className="NUnitTestProject.CurrencyHelperTests" name="FormatToStringTest1000(11871.427211910219d,&quot;11871.43 zł&quot;)" />
    </UnitTest>
    <UnitTest name="FormatToStringTest1000(47575.6421269959d,&quot;47575.64 zł&quot;)" storage="c:\projekty\nunittestproject\bin\debug\netcoreapp3.1\nunittestproject.dll" id="8591161e-1b40-e9f6-332c-2e1b43b81682">
      <Execution id="3f4f8c2f-a69a-46f1-8c71-3129965687c8" />
      <TestMethod codeBase="C:\Projekty\NUnitTestProject\bin\Debug\netcoreapp3.1\NUnitTestProject.dll" adapterTypeName="executor://nunit3testexecutor/" className="NUnitTestProject.CurrencyHelperTests" name="FormatToStringTest1000(47575.6421269959d,&quot;47575.64 zł&quot;)" />
    </UnitTest>
    <UnitTest name="FormatToStringTest1000(19519.4298413505d,&quot;19519.43 zł&quot;)" storage="c:\projekty\nunittestproject\bin\debug\netcoreapp3.1\nunittestproject.dll" id="72f5bdbc-e270-3979-eb1f-93befbe9f9d0">
      <Execution id="87c8db69-b25c-474a-a77a-00b93d7f672a" />
      <TestMethod codeBase="C:\Projekty\NUnitTestProject\bin\Debug\netcoreapp3.1\NUnitTestProject.dll" adapterTypeName="executor://nunit3testexecutor/" className="NUnitTestProject.CurrencyHelperTests" name="FormatToStringTest1000(19519.4298413505d,&quot;19519.43 zł&quot;)" />
    </UnitTest>
    <UnitTest name="FormatToStringTest1000(13574.683315038068d,&quot;13574.68 zł&quot;)" storage="c:\projekty\nunittestproject\bin\debug\netcoreapp3.1\nunittestproject.dll" id="f96ea468-2b60-097d-c220-3c5f104473af">
      <Execution id="52429844-4c4e-43ec-a70b-ad40eaf1bc34" />
      <TestMethod codeBase="C:\Projekty\NUnitTestProject\bin\Debug\netcoreapp3.1\NUnitTestProject.dll" adapterTypeName="executor://nunit3testexecutor/" className="NUnitTestProject.CurrencyHelperTests" name="FormatToStringTest1000(13574.683315038068d,&quot;13574.68 zł&quot;)" />
    </UnitTest>
    <UnitTest name="FormatToStringTest1000(16637.074429372828d,&quot;16637.07 zł&quot;)" storage="c:\projekty\nunittestproject\bin\debug\netcoreapp3.1\nunittestproject.dll" id="6dee8c76-3355-7dcc-c0a6-02e4a5ed7dc2">
      <Execution id="1dea0b33-f488-4799-8621-c17a928fc7c4" />
      <TestMethod codeBase="C:\Projekty\NUnitTestProject\bin\Debug\netcoreapp3.1\NUnitTestProject.dll" adapterTypeName="executor://nunit3testexecutor/" className="NUnitTestProject.CurrencyHelperTests" name="FormatToStringTest1000(16637.074429372828d,&quot;16637.07 zł&quot;)" />
    </UnitTest>
    <UnitTest name="FormatToStringTest1000(47163.337736466594d,&quot;47163.34 zł&quot;)" storage="c:\projekty\nunittestproject\bin\debug\netcoreapp3.1\nunittestproject.dll" id="4e103de3-4b59-b5f0-90dd-0864019a3e44">
      <Execution id="fedff693-1927-4294-b41f-dd3d5346d788" />
      <TestMethod codeBase="C:\Projekty\NUnitTestProject\bin\Debug\netcoreapp3.1\NUnitTestProject.dll" adapterTypeName="executor://nunit3testexecutor/" className="NUnitTestProject.CurrencyHelperTests" name="FormatToStringTest1000(47163.337736466594d,&quot;47163.34 zł&quot;)" />
    </UnitTest>
    <UnitTest name="FormatToStringTest1000(6266.232005888704d,&quot;6266.23 zł&quot;)" storage="c:\projekty\nunittestproject\bin\debug\netcoreapp3.1\nunittestproject.dll" id="55977c6e-f784-84a1-391e-15480b7266b6">
      <Execution id="23207ced-5175-4006-932c-b9d9b807bffd" />
      <TestMethod codeBase="C:\Projekty\NUnitTestProject\bin\Debug\netcoreapp3.1\NUnitTestProject.dll" adapterTypeName="executor://nunit3testexecutor/" className="NUnitTestProject.CurrencyHelperTests" name="FormatToStringTest1000(6266.232005888704d,&quot;6266.23 zł&quot;)" />
    </UnitTest>
    <UnitTest name="FormatToStringTest1000(42728.35751444258d,&quot;42728.36 zł&quot;)" storage="c:\projekty\nunittestproject\bin\debug\netcoreapp3.1\nunittestproject.dll" id="bc8b0527-de00-05c5-8ddf-e463dace5bf0">
      <Execution id="5a14e950-0655-4613-afca-7146670a29f2" />
      <TestMethod codeBase="C:\Projekty\NUnitTestProject\bin\Debug\netcoreapp3.1\NUnitTestProject.dll" adapterTypeName="executor://nunit3testexecutor/" className="NUnitTestProject.CurrencyHelperTests" name="FormatToStringTest1000(42728.35751444258d,&quot;42728.36 zł&quot;)" />
    </UnitTest>
    <UnitTest name="FormatToStringTest1000(34060.48467268724d,&quot;34060.48 zł&quot;)" storage="c:\projekty\nunittestproject\bin\debug\netcoreapp3.1\nunittestproject.dll" id="c9b5631d-418b-047b-d15f-f39906c7e08b">
      <Execution id="d79f094e-2d3a-4406-a12a-3ebaadd51832" />
      <TestMethod codeBase="C:\Projekty\NUnitTestProject\bin\Debug\netcoreapp3.1\NUnitTestProject.dll" adapterTypeName="executor://nunit3testexecutor/" className="NUnitTestProject.CurrencyHelperTests" name="FormatToStringTest1000(34060.48467268724d,&quot;34060.48 zł&quot;)" />
    </UnitTest>
    <UnitTest name="FormatToStringTest1000(22189.78731674132d,&quot;22189.79 zł&quot;)" storage="c:\projekty\nunittestproject\bin\debug\netcoreapp3.1\nunittestproject.dll" id="e7e966d4-e5d2-6514-5e34-60687297029b">
      <Execution id="d0fcd91e-8598-435d-bb4d-349b73038cc3" />
      <TestMethod codeBase="C:\Projekty\NUnitTestProject\bin\Debug\netcoreapp3.1\NUnitTestProject.dll" adapterTypeName="executor://nunit3testexecutor/" className="NUnitTestProject.CurrencyHelperTests" name="FormatToStringTest1000(22189.78731674132d,&quot;22189.79 zł&quot;)" />
    </UnitTest>
    <UnitTest name="FormatToStringTest1000(60323.066780431225d,&quot;60323.07 zł&quot;)" storage="c:\projekty\nunittestproject\bin\debug\netcoreapp3.1\nunittestproject.dll" id="005bc1cf-7a4e-92d9-5bd8-b2bbb383cd58">
      <Execution id="1c1898ab-7ada-4a41-8ea2-137acb2751d9" />
      <TestMethod codeBase="C:\Projekty\NUnitTestProject\bin\Debug\netcoreapp3.1\NUnitTestProject.dll" adapterTypeName="executor://nunit3testexecutor/" className="NUnitTestProject.CurrencyHelperTests" name="FormatToStringTest1000(60323.066780431225d,&quot;60323.07 zł&quot;)" />
    </UnitTest>
    <UnitTest name="FormatToStringTest1000(32821.05661472215d,&quot;32821.06 zł&quot;)" storage="c:\projekty\nunittestproject\bin\debug\netcoreapp3.1\nunittestproject.dll" id="79aa3047-78e8-7f3b-b717-0010e3a4cd51">
      <Execution id="dc7eda60-a49d-457a-b0c4-def191ec36f9" />
      <TestMethod codeBase="C:\Projekty\NUnitTestProject\bin\Debug\netcoreapp3.1\NUnitTestProject.dll" adapterTypeName="executor://nunit3testexecutor/" className="NUnitTestProject.CurrencyHelperTests" name="FormatToStringTest1000(32821.05661472215d,&quot;32821.06 zł&quot;)" />
    </UnitTest>
    <UnitTest name="FormatToStringTest1000(52858.048916166204d,&quot;52858.05 zł&quot;)" storage="c:\projekty\nunittestproject\bin\debug\netcoreapp3.1\nunittestproject.dll" id="8119f190-7ed2-77b1-76a6-83f33e4cf393">
      <Execution id="ac0a2082-99e3-432e-ad52-317a782d0ab7" />
      <TestMethod codeBase="C:\Projekty\NUnitTestProject\bin\Debug\netcoreapp3.1\NUnitTestProject.dll" adapterTypeName="executor://nunit3testexecutor/" className="NUnitTestProject.CurrencyHelperTests" name="FormatToStringTest1000(52858.048916166204d,&quot;52858.05 zł&quot;)" />
    </UnitTest>
    <UnitTest name="FormatToStringTest1000(51300.77891898145d,&quot;51300.78 zł&quot;)" storage="c:\projekty\nunittestproject\bin\debug\netcoreapp3.1\nunittestproject.dll" id="3cf165e2-4de9-3079-4fb7-1ca2dade8ab8">
      <Execution id="902c55b2-0404-49b7-b82f-e73483d424d4" />
      <TestMethod codeBase="C:\Projekty\NUnitTestProject\bin\Debug\netcoreapp3.1\NUnitTestProject.dll" adapterTypeName="executor://nunit3testexecutor/" className="NUnitTestProject.CurrencyHelperTests" name="FormatToStringTest1000(51300.77891898145d,&quot;51300.78 zł&quot;)" />
    </UnitTest>
    <UnitTest name="FormatToStringTest1000(22791.735381432685d,&quot;22791.74 zł&quot;)" storage="c:\projekty\nunittestproject\bin\debug\netcoreapp3.1\nunittestproject.dll" id="65ccfc2f-2358-a64f-fe6f-c264d332c519">
      <Execution id="3fdfbc6f-1b69-45cf-b10f-7eec76c1d433" />
      <TestMethod codeBase="C:\Projekty\NUnitTestProject\bin\Debug\netcoreapp3.1\NUnitTestProject.dll" adapterTypeName="executor://nunit3testexecutor/" className="NUnitTestProject.CurrencyHelperTests" name="FormatToStringTest1000(22791.735381432685d,&quot;22791.74 zł&quot;)" />
    </UnitTest>
    <UnitTest name="FormatToStringTest1000(39178.05988345298d,&quot;39178.06 zł&quot;)" storage="c:\projekty\nunittestproject\bin\debug\netcoreapp3.1\nunittestproject.dll" id="7d9a319c-0aa5-831a-d202-712bedb1b15a">
      <Execution id="c7134d72-3b9d-4298-b571-1a6d9a8bccf9" />
      <TestMethod codeBase="C:\Projekty\NUnitTestProject\bin\Debug\netcoreapp3.1\NUnitTestProject.dll" adapterTypeName="executor://nunit3testexecutor/" className="NUnitTestProject.CurrencyHelperTests" name="FormatToStringTest1000(39178.05988345298d,&quot;39178.06 zł&quot;)" />
    </UnitTest>
    <UnitTest name="FormatToStringTest1000(58848.60825001477d,&quot;58848.61 zł&quot;)" storage="c:\projekty\nunittestproject\bin\debug\netcoreapp3.1\nunittestproject.dll" id="86a3d4f1-4730-e078-7812-a2cb42758d4b">
      <Execution id="3f0b4e9f-528a-4e14-97c5-1383850d5f26" />
      <TestMethod codeBase="C:\Projekty\NUnitTestProject\bin\Debug\netcoreapp3.1\NUnitTestProject.dll" adapterTypeName="executor://nunit3testexecutor/" className="NUnitTestProject.CurrencyHelperTests" name="FormatToStringTest1000(58848.60825001477d,&quot;58848.61 zł&quot;)" />
    </UnitTest>
    <UnitTest name="FormatToStringTest1000(75350.77330865282d,&quot;75350.77 zł&quot;)" storage="c:\projekty\nunittestproject\bin\debug\netcoreapp3.1\nunittestproject.dll" id="a66db8ec-8bb4-14b5-d72b-619fdbf967a5">
      <Execution id="1e26a508-c5bb-4a37-9976-4363be7ac901" />
      <TestMethod codeBase="C:\Projekty\NUnitTestProject\bin\Debug\netcoreapp3.1\NUnitTestProject.dll" adapterTypeName="executor://nunit3testexecutor/" className="NUnitTestProject.CurrencyHelperTests" name="FormatToStringTest1000(75350.77330865282d,&quot;75350.77 zł&quot;)" />
    </UnitTest>
    <UnitTest name="FormatToStringTest1000(41008.28505327194d,&quot;41008.29 zł&quot;)" storage="c:\projekty\nunittestproject\bin\debug\netcoreapp3.1\nunittestproject.dll" id="eaf85606-7f0d-3e94-fb5d-ed88b536baa0">
      <Execution id="00054510-6932-4dc9-a46d-a52e0e0058ce" />
      <TestMethod codeBase="C:\Projekty\NUnitTestProject\bin\Debug\netcoreapp3.1\NUnitTestProject.dll" adapterTypeName="executor://nunit3testexecutor/" className="NUnitTestProject.CurrencyHelperTests" name="FormatToStringTest1000(41008.28505327194d,&quot;41008.29 zł&quot;)" />
    </UnitTest>
    <UnitTest name="FormatToStringTest1000(82228.32322510486d,&quot;82228.32 zł&quot;)" storage="c:\projekty\nunittestproject\bin\debug\netcoreapp3.1\nunittestproject.dll" id="efc2a789-ae09-4bb7-d172-5f2d0e3cbf23">
      <Execution id="b2a9b15f-2d68-41ef-9e10-c1006a36f6af" />
      <TestMethod codeBase="C:\Projekty\NUnitTestProject\bin\Debug\netcoreapp3.1\NUnitTestProject.dll" adapterTypeName="executor://nunit3testexecutor/" className="NUnitTestProject.CurrencyHelperTests" name="FormatToStringTest1000(82228.32322510486d,&quot;82228.32 zł&quot;)" />
    </UnitTest>
    <UnitTest name="FormatToStringTest1000(60299.23738666309d,&quot;60299.24 zł&quot;)" storage="c:\projekty\nunittestproject\bin\debug\netcoreapp3.1\nunittestproject.dll" id="0bb6c333-e41f-4877-c81e-d24ff9ead53d">
      <Execution id="c1f486aa-ed14-4215-a7f3-ef295bf419e1" />
      <TestMethod codeBase="C:\Projekty\NUnitTestProject\bin\Debug\netcoreapp3.1\NUnitTestProject.dll" adapterTypeName="executor://nunit3testexecutor/" className="NUnitTestProject.CurrencyHelperTests" name="FormatToStringTest1000(60299.23738666309d,&quot;60299.24 zł&quot;)" />
    </UnitTest>
    <UnitTest name="FormatToStringTest1000(11022.594234092438d,&quot;11022.59 zł&quot;)" storage="c:\projekty\nunittestproject\bin\debug\netcoreapp3.1\nunittestproject.dll" id="d5f63a3d-0bec-c5aa-6fdf-b4d0492c062a">
      <Execution id="1bd5c209-e383-470d-892e-360f3118fe00" />
      <TestMethod codeBase="C:\Projekty\NUnitTestProject\bin\Debug\netcoreapp3.1\NUnitTestProject.dll" adapterTypeName="executor://nunit3testexecutor/" className="NUnitTestProject.CurrencyHelperTests" name="FormatToStringTest1000(11022.594234092438d,&quot;11022.59 zł&quot;)" />
    </UnitTest>
    <UnitTest name="FormatToStringTest1000(19103.831635461574d,&quot;19103.83 zł&quot;)" storage="c:\projekty\nunittestproject\bin\debug\netcoreapp3.1\nunittestproject.dll" id="d569c283-c0e4-d992-53ea-520d9219d214">
      <Execution id="1ee33a66-552b-4dbd-a076-16b2dccd628e" />
      <TestMethod codeBase="C:\Projekty\NUnitTestProject\bin\Debug\netcoreapp3.1\NUnitTestProject.dll" adapterTypeName="executor://nunit3testexecutor/" className="NUnitTestProject.CurrencyHelperTests" name="FormatToStringTest1000(19103.831635461574d,&quot;19103.83 zł&quot;)" />
    </UnitTest>
    <UnitTest name="FormatToStringTest1000(13855.30239352505d,&quot;13855.30 zł&quot;)" storage="c:\projekty\nunittestproject\bin\debug\netcoreapp3.1\nunittestproject.dll" id="21bcc043-da28-367a-c1fb-9490833f1b89">
      <Execution id="11666f57-8076-4c7a-b421-a2f20a2f07b1" />
      <TestMethod codeBase="C:\Projekty\NUnitTestProject\bin\Debug\netcoreapp3.1\NUnitTestProject.dll" adapterTypeName="executor://nunit3testexecutor/" className="NUnitTestProject.CurrencyHelperTests" name="FormatToStringTest1000(13855.30239352505d,&quot;13855.30 zł&quot;)" />
    </UnitTest>
    <UnitTest name="FormatToStringTest1000(16901.497392274203d,&quot;16901.50 zł&quot;)" storage="c:\projekty\nunittestproject\bin\debug\netcoreapp3.1\nunittestproject.dll" id="5234899e-b699-a182-8741-15341fb350c8">
      <Execution id="f71a2dbe-5a26-4c6e-8ce5-b461dddb6222" />
      <TestMethod codeBase="C:\Projekty\NUnitTestProject\bin\Debug\netcoreapp3.1\NUnitTestProject.dll" adapterTypeName="executor://nunit3testexecutor/" className="NUnitTestProject.CurrencyHelperTests" name="FormatToStringTest1000(16901.497392274203d,&quot;16901.50 zł&quot;)" />
    </UnitTest>
    <UnitTest name="FormatToStringTest1000(27187.549022783314d,&quot;27187.55 zł&quot;)" storage="c:\projekty\nunittestproject\bin\debug\netcoreapp3.1\nunittestproject.dll" id="2782a3f6-bb08-acfe-bfab-49ee7d2fdbfa">
      <Execution id="9c0f984b-ff53-483b-9fcb-368011451d37" />
      <TestMethod codeBase="C:\Projekty\NUnitTestProject\bin\Debug\netcoreapp3.1\NUnitTestProject.dll" adapterTypeName="executor://nunit3testexecutor/" className="NUnitTestProject.CurrencyHelperTests" name="FormatToStringTest1000(27187.549022783314d,&quot;27187.55 zł&quot;)" />
    </UnitTest>
    <UnitTest name="FormatToStringTest1000(20623.53139885493d,&quot;20623.53 zł&quot;)" storage="c:\projekty\nunittestproject\bin\debug\netcoreapp3.1\nunittestproject.dll" id="6c172272-73ee-1f81-5332-f3180f21fb30">
      <Execution id="962e4a63-34ec-40d6-9046-9d358cbdec92" />
      <TestMethod codeBase="C:\Projekty\NUnitTestProject\bin\Debug\netcoreapp3.1\NUnitTestProject.dll" adapterTypeName="executor://nunit3testexecutor/" className="NUnitTestProject.CurrencyHelperTests" name="FormatToStringTest1000(20623.53139885493d,&quot;20623.53 zł&quot;)" />
    </UnitTest>
    <UnitTest name="FormatToStringTest1000(57564.498126061866d,&quot;57564.50 zł&quot;)" storage="c:\projekty\nunittestproject\bin\debug\netcoreapp3.1\nunittestproject.dll" id="8afbc81b-c940-0dce-6ef9-318ffda0f1ea">
      <Execution id="5b523eac-1f18-44f4-9a74-36eb46c85d98" />
      <TestMethod codeBase="C:\Projekty\NUnitTestProject\bin\Debug\netcoreapp3.1\NUnitTestProject.dll" adapterTypeName="executor://nunit3testexecutor/" className="NUnitTestProject.CurrencyHelperTests" name="FormatToStringTest1000(57564.498126061866d,&quot;57564.50 zł&quot;)" />
    </UnitTest>
    <UnitTest name="FormatToStringTest1000(68507.83928906724d,&quot;68507.84 zł&quot;)" storage="c:\projekty\nunittestproject\bin\debug\netcoreapp3.1\nunittestproject.dll" id="bd91fcf5-5262-be00-7dbb-b8c3fec0f109">
      <Execution id="2274ba00-e6b3-4b7c-af72-d26e2ced53eb" />
      <TestMethod codeBase="C:\Projekty\NUnitTestProject\bin\Debug\netcoreapp3.1\NUnitTestProject.dll" adapterTypeName="executor://nunit3testexecutor/" className="NUnitTestProject.CurrencyHelperTests" name="FormatToStringTest1000(68507.83928906724d,&quot;68507.84 zł&quot;)" />
    </UnitTest>
    <UnitTest name="FormatToStringTest1000(45739.569854490255d,&quot;45739.57 zł&quot;)" storage="c:\projekty\nunittestproject\bin\debug\netcoreapp3.1\nunittestproject.dll" id="9a937ae8-d764-8210-812b-522cffbf8c6f">
      <Execution id="1ef28c7d-8f58-4f49-bc99-6f9bd140d480" />
      <TestMethod codeBase="C:\Projekty\NUnitTestProject\bin\Debug\netcoreapp3.1\NUnitTestProject.dll" adapterTypeName="executor://nunit3testexecutor/" className="NUnitTestProject.CurrencyHelperTests" name="FormatToStringTest1000(45739.569854490255d,&quot;45739.57 zł&quot;)" />
    </UnitTest>
    <UnitTest name="FormatToStringTest1000(23174.85693288448d,&quot;23174.86 zł&quot;)" storage="c:\projekty\nunittestproject\bin\debug\netcoreapp3.1\nunittestproject.dll" id="82e7d70c-1a42-9215-0f5f-33fe3e6fa346">
      <Execution id="c2fe5617-eb15-4193-bca4-f45db97a3af1" />
      <TestMethod codeBase="C:\Projekty\NUnitTestProject\bin\Debug\netcoreapp3.1\NUnitTestProject.dll" adapterTypeName="executor://nunit3testexecutor/" className="NUnitTestProject.CurrencyHelperTests" name="FormatToStringTest1000(23174.85693288448d,&quot;23174.86 zł&quot;)" />
    </UnitTest>
    <UnitTest name="FormatToStringTest1000(63946.51014057478d,&quot;63946.51 zł&quot;)" storage="c:\projekty\nunittestproject\bin\debug\netcoreapp3.1\nunittestproject.dll" id="3c433d09-bfc8-05ae-376b-cff8f69161af">
      <Execution id="37d6d275-cf5f-420c-9f6f-826a51b68d56" />
      <TestMethod codeBase="C:\Projekty\NUnitTestProject\bin\Debug\netcoreapp3.1\NUnitTestProject.dll" adapterTypeName="executor://nunit3testexecutor/" className="NUnitTestProject.CurrencyHelperTests" name="FormatToStringTest1000(63946.51014057478d,&quot;63946.51 zł&quot;)" />
    </UnitTest>
    <UnitTest name="FormatToStringTest1000(3303.1902076747224d,&quot;3303.19 zł&quot;)" storage="c:\projekty\nunittestproject\bin\debug\netcoreapp3.1\nunittestproject.dll" id="86ff0f06-37e1-737e-28e1-e4da0cef4001">
      <Execution id="c95d8ec4-f3a3-4bfd-83d8-d436788f7006" />
      <TestMethod codeBase="C:\Projekty\NUnitTestProject\bin\Debug\netcoreapp3.1\NUnitTestProject.dll" adapterTypeName="executor://nunit3testexecutor/" className="NUnitTestProject.CurrencyHelperTests" name="FormatToStringTest1000(3303.1902076747224d,&quot;3303.19 zł&quot;)" />
    </UnitTest>
    <UnitTest name="FormatToStringTest1000(15841.26419853478d,&quot;15841.26 zł&quot;)" storage="c:\projekty\nunittestproject\bin\debug\netcoreapp3.1\nunittestproject.dll" id="a64a893d-a7c9-f50c-de3c-debed5fa79b5">
      <Execution id="8521e963-648d-4c7f-ada5-892510b78c08" />
      <TestMethod codeBase="C:\Projekty\NUnitTestProject\bin\Debug\netcoreapp3.1\NUnitTestProject.dll" adapterTypeName="executor://nunit3testexecutor/" className="NUnitTestProject.CurrencyHelperTests" name="FormatToStringTest1000(15841.26419853478d,&quot;15841.26 zł&quot;)" />
    </UnitTest>
    <UnitTest name="FormatToStringTest1000(22494.46807976834d,&quot;22494.47 zł&quot;)" storage="c:\projekty\nunittestproject\bin\debug\netcoreapp3.1\nunittestproject.dll" id="9629fd85-821b-932c-4f6c-d14c57ed62b0">
      <Execution id="13326ac3-8814-432b-a32a-6a7a0877e474" />
      <TestMethod codeBase="C:\Projekty\NUnitTestProject\bin\Debug\netcoreapp3.1\NUnitTestProject.dll" adapterTypeName="executor://nunit3testexecutor/" className="NUnitTestProject.CurrencyHelperTests" name="FormatToStringTest1000(22494.46807976834d,&quot;22494.47 zł&quot;)" />
    </UnitTest>
    <UnitTest name="FormatToStringTest1000(72703.4365723503d,&quot;72703.44 zł&quot;)" storage="c:\projekty\nunittestproject\bin\debug\netcoreapp3.1\nunittestproject.dll" id="2b003fb3-b141-e2a9-bad9-fff43705ee9e">
      <Execution id="28ea343c-ed15-4360-9474-ad0f24fd1126" />
      <TestMethod codeBase="C:\Projekty\NUnitTestProject\bin\Debug\netcoreapp3.1\NUnitTestProject.dll" adapterTypeName="executor://nunit3testexecutor/" className="NUnitTestProject.CurrencyHelperTests" name="FormatToStringTest1000(72703.4365723503d,&quot;72703.44 zł&quot;)" />
    </UnitTest>
    <UnitTest name="FormatToStringTest1000(14237.13226245955d,&quot;14237.13 zł&quot;)" storage="c:\projekty\nunittestproject\bin\debug\netcoreapp3.1\nunittestproject.dll" id="897eda60-aa9c-bf46-7037-9c91ac01a451">
      <Execution id="25bd1f3a-eadf-4ff0-ac4f-1feabebade15" />
      <TestMethod codeBase="C:\Projekty\NUnitTestProject\bin\Debug\netcoreapp3.1\NUnitTestProject.dll" adapterTypeName="executor://nunit3testexecutor/" className="NUnitTestProject.CurrencyHelperTests" name="FormatToStringTest1000(14237.13226245955d,&quot;14237.13 zł&quot;)" />
    </UnitTest>
    <UnitTest name="FormatToStringTest1000(18424.864078561244d,&quot;18424.86 zł&quot;)" storage="c:\projekty\nunittestproject\bin\debug\netcoreapp3.1\nunittestproject.dll" id="9302047d-d400-9bf9-4ba4-2e05b31dc9ec">
      <Execution id="8582bca6-b32d-4037-847b-a1e4a1a613c8" />
      <TestMethod codeBase="C:\Projekty\NUnitTestProject\bin\Debug\netcoreapp3.1\NUnitTestProject.dll" adapterTypeName="executor://nunit3testexecutor/" className="NUnitTestProject.CurrencyHelperTests" name="FormatToStringTest1000(18424.864078561244d,&quot;18424.86 zł&quot;)" />
    </UnitTest>
    <UnitTest name="FormatToStringTest1000(15396.537902579894d,&quot;15396.54 zł&quot;)" storage="c:\projekty\nunittestproject\bin\debug\netcoreapp3.1\nunittestproject.dll" id="41200b0a-b89d-be5b-7447-22f852721d92">
      <Execution id="95aec338-b0d2-4602-95e1-b9d01848bcf4" />
      <TestMethod codeBase="C:\Projekty\NUnitTestProject\bin\Debug\netcoreapp3.1\NUnitTestProject.dll" adapterTypeName="executor://nunit3testexecutor/" className="NUnitTestProject.CurrencyHelperTests" name="FormatToStringTest1000(15396.537902579894d,&quot;15396.54 zł&quot;)" />
    </UnitTest>
    <UnitTest name="FormatToStringTest1000(64887.45559046951d,&quot;64887.46 zł&quot;)" storage="c:\projekty\nunittestproject\bin\debug\netcoreapp3.1\nunittestproject.dll" id="b150e6ad-1fac-a9d1-a2ab-0f7879e84a36">
      <Execution id="2e12e2f7-50bb-4bd6-a7b7-e592935e7543" />
      <TestMethod codeBase="C:\Projekty\NUnitTestProject\bin\Debug\netcoreapp3.1\NUnitTestProject.dll" adapterTypeName="executor://nunit3testexecutor/" className="NUnitTestProject.CurrencyHelperTests" name="FormatToStringTest1000(64887.45559046951d,&quot;64887.46 zł&quot;)" />
    </UnitTest>
    <UnitTest name="FormatToStringTest1000(23649.104642116046d,&quot;23649.10 zł&quot;)" storage="c:\projekty\nunittestproject\bin\debug\netcoreapp3.1\nunittestproject.dll" id="5d8a1a0c-8ac0-09f0-e7c5-3249de62e9a9">
      <Execution id="295e6129-2a94-44c9-8d9b-d0de3799ec43" />
      <TestMethod codeBase="C:\Projekty\NUnitTestProject\bin\Debug\netcoreapp3.1\NUnitTestProject.dll" adapterTypeName="executor://nunit3testexecutor/" className="NUnitTestProject.CurrencyHelperTests" name="FormatToStringTest1000(23649.104642116046d,&quot;23649.10 zł&quot;)" />
    </UnitTest>
    <UnitTest name="FormatToStringTest1000(13582.47117894258d,&quot;13582.47 zł&quot;)" storage="c:\projekty\nunittestproject\bin\debug\netcoreapp3.1\nunittestproject.dll" id="ee6fca60-0e04-b997-dc4d-b3e46cbf895c">
      <Execution id="aa8c47b1-a0ba-4f65-9016-8bf752c6e1d4" />
      <TestMethod codeBase="C:\Projekty\NUnitTestProject\bin\Debug\netcoreapp3.1\NUnitTestProject.dll" adapterTypeName="executor://nunit3testexecutor/" className="NUnitTestProject.CurrencyHelperTests" name="FormatToStringTest1000(13582.47117894258d,&quot;13582.47 zł&quot;)" />
    </UnitTest>
    <UnitTest name="FormatToStringTest1000(4030.673117592313d,&quot;4030.67 zł&quot;)" storage="c:\projekty\nunittestproject\bin\debug\netcoreapp3.1\nunittestproject.dll" id="0718464f-7428-3c2c-d7c1-1af84b0bb5ee">
      <Execution id="90e8e19e-3a58-46c4-9018-fc185f3373bf" />
      <TestMethod codeBase="C:\Projekty\NUnitTestProject\bin\Debug\netcoreapp3.1\NUnitTestProject.dll" adapterTypeName="executor://nunit3testexecutor/" className="NUnitTestProject.CurrencyHelperTests" name="FormatToStringTest1000(4030.673117592313d,&quot;4030.67 zł&quot;)" />
    </UnitTest>
    <UnitTest name="FormatToStringTest1000(13844.577623300524d,&quot;13844.58 zł&quot;)" storage="c:\projekty\nunittestproject\bin\debug\netcoreapp3.1\nunittestproject.dll" id="cdeb3be1-fe32-ff89-e068-e42e39c27a73">
      <Execution id="06df2585-c08d-499d-812d-f2848644f997" />
      <TestMethod codeBase="C:\Projekty\NUnitTestProject\bin\Debug\netcoreapp3.1\NUnitTestProject.dll" adapterTypeName="executor://nunit3testexecutor/" className="NUnitTestProject.CurrencyHelperTests" name="FormatToStringTest1000(13844.577623300524d,&quot;13844.58 zł&quot;)" />
    </UnitTest>
    <UnitTest name="FormatToStringTest1000(1300.9430775404642d,&quot;1300.94 zł&quot;)" storage="c:\projekty\nunittestproject\bin\debug\netcoreapp3.1\nunittestproject.dll" id="d8dd6fae-802b-a606-14b3-f77add91cde3">
      <Execution id="c08f0d46-7200-43a5-9463-9838743ce722" />
      <TestMethod codeBase="C:\Projekty\NUnitTestProject\bin\Debug\netcoreapp3.1\NUnitTestProject.dll" adapterTypeName="executor://nunit3testexecutor/" className="NUnitTestProject.CurrencyHelperTests" name="FormatToStringTest1000(1300.9430775404642d,&quot;1300.94 zł&quot;)" />
    </UnitTest>
    <UnitTest name="FormatToStringTest1000(1108.7197928823157d,&quot;1108.72 zł&quot;)" storage="c:\projekty\nunittestproject\bin\debug\netcoreapp3.1\nunittestproject.dll" id="5220db90-feed-daf9-71ce-ce8aa9bc9232">
      <Execution id="f9807423-dc96-4546-a83a-b724dabc729e" />
      <TestMethod codeBase="C:\Projekty\NUnitTestProject\bin\Debug\netcoreapp3.1\NUnitTestProject.dll" adapterTypeName="executor://nunit3testexecutor/" className="NUnitTestProject.CurrencyHelperTests" name="FormatToStringTest1000(1108.7197928823157d,&quot;1108.72 zł&quot;)" />
    </UnitTest>
    <UnitTest name="FormatToStringTest1000(8908.080586221107d,&quot;8908.08 zł&quot;)" storage="c:\projekty\nunittestproject\bin\debug\netcoreapp3.1\nunittestproject.dll" id="a9bdfcdb-7bc0-3167-07a5-dafa13fc5389">
      <Execution id="c11daae0-1db7-4c2c-9f41-a8402a37b802" />
      <TestMethod codeBase="C:\Projekty\NUnitTestProject\bin\Debug\netcoreapp3.1\NUnitTestProject.dll" adapterTypeName="executor://nunit3testexecutor/" className="NUnitTestProject.CurrencyHelperTests" name="FormatToStringTest1000(8908.080586221107d,&quot;8908.08 zł&quot;)" />
    </UnitTest>
    <UnitTest name="FormatToStringTest1000(37160.85331540269d,&quot;37160.85 zł&quot;)" storage="c:\projekty\nunittestproject\bin\debug\netcoreapp3.1\nunittestproject.dll" id="f3633ae5-6adc-21ee-2aa1-0609fba8547c">
      <Execution id="603625f6-6329-4bb5-8861-671b6a759afe" />
      <TestMethod codeBase="C:\Projekty\NUnitTestProject\bin\Debug\netcoreapp3.1\NUnitTestProject.dll" adapterTypeName="executor://nunit3testexecutor/" className="NUnitTestProject.CurrencyHelperTests" name="FormatToStringTest1000(37160.85331540269d,&quot;37160.85 zł&quot;)" />
    </UnitTest>
    <UnitTest name="FormatToStringTest1000(70149.17842025738d,&quot;70149.18 zł&quot;)" storage="c:\projekty\nunittestproject\bin\debug\netcoreapp3.1\nunittestproject.dll" id="f3af6a34-22dc-525a-ddbc-41c7a3c42ddc">
      <Execution id="47a6f943-7356-4351-89b9-5e41b83b5314" />
      <TestMethod codeBase="C:\Projekty\NUnitTestProject\bin\Debug\netcoreapp3.1\NUnitTestProject.dll" adapterTypeName="executor://nunit3testexecutor/" className="NUnitTestProject.CurrencyHelperTests" name="FormatToStringTest1000(70149.17842025738d,&quot;70149.18 zł&quot;)" />
    </UnitTest>
    <UnitTest name="FormatToStringTest1000(75024.79122970243d,&quot;75024.79 zł&quot;)" storage="c:\projekty\nunittestproject\bin\debug\netcoreapp3.1\nunittestproject.dll" id="e704684d-9f7f-da08-58cf-d52651e9dd96">
      <Execution id="e873bfb9-fa6d-46e2-b722-e808c9fe73e1" />
      <TestMethod codeBase="C:\Projekty\NUnitTestProject\bin\Debug\netcoreapp3.1\NUnitTestProject.dll" adapterTypeName="executor://nunit3testexecutor/" className="NUnitTestProject.CurrencyHelperTests" name="FormatToStringTest1000(75024.79122970243d,&quot;75024.79 zł&quot;)" />
    </UnitTest>
    <UnitTest name="FormatToStringTest1000(65809.35218338219d,&quot;65809.35 zł&quot;)" storage="c:\projekty\nunittestproject\bin\debug\netcoreapp3.1\nunittestproject.dll" id="5e8a64ef-fabe-5bbf-4739-e9cf8ccf2ee0">
      <Execution id="797d53e5-3db0-42fb-9692-8ddea2d63aab" />
      <TestMethod codeBase="C:\Projekty\NUnitTestProject\bin\Debug\netcoreapp3.1\NUnitTestProject.dll" adapterTypeName="executor://nunit3testexecutor/" className="NUnitTestProject.CurrencyHelperTests" name="FormatToStringTest1000(65809.35218338219d,&quot;65809.35 zł&quot;)" />
    </UnitTest>
    <UnitTest name="FormatToStringTest1000(12125.090155628086d,&quot;12125.09 zł&quot;)" storage="c:\projekty\nunittestproject\bin\debug\netcoreapp3.1\nunittestproject.dll" id="72c240ff-79c5-ef41-5967-e3c497b7b2c0">
      <Execution id="6079c397-1df6-49a5-8ba0-a25792f4ba2e" />
      <TestMethod codeBase="C:\Projekty\NUnitTestProject\bin\Debug\netcoreapp3.1\NUnitTestProject.dll" adapterTypeName="executor://nunit3testexecutor/" className="NUnitTestProject.CurrencyHelperTests" name="FormatToStringTest1000(12125.090155628086d,&quot;12125.09 zł&quot;)" />
    </UnitTest>
    <UnitTest name="FormatToStringTest1000(7569.605888796322d,&quot;7569.61 zł&quot;)" storage="c:\projekty\nunittestproject\bin\debug\netcoreapp3.1\nunittestproject.dll" id="87ae11a5-ff33-3fef-0507-0ee3bd82054e">
      <Execution id="c9255883-4843-4f57-9e89-7b618778d6ed" />
      <TestMethod codeBase="C:\Projekty\NUnitTestProject\bin\Debug\netcoreapp3.1\NUnitTestProject.dll" adapterTypeName="executor://nunit3testexecutor/" className="NUnitTestProject.CurrencyHelperTests" name="FormatToStringTest1000(7569.605888796322d,&quot;7569.61 zł&quot;)" />
    </UnitTest>
    <UnitTest name="FormatToStringTest1000(736.7398243680316d,&quot;736.74 zł&quot;)" storage="c:\projekty\nunittestproject\bin\debug\netcoreapp3.1\nunittestproject.dll" id="c7b07fde-ab61-697a-6040-f2f4c1529d34">
      <Execution id="4edbd269-4e61-4897-b28b-4b3529142371" />
      <TestMethod codeBase="C:\Projekty\NUnitTestProject\bin\Debug\netcoreapp3.1\NUnitTestProject.dll" adapterTypeName="executor://nunit3testexecutor/" className="NUnitTestProject.CurrencyHelperTests" name="FormatToStringTest1000(736.7398243680316d,&quot;736.74 zł&quot;)" />
    </UnitTest>
    <UnitTest name="FormatToStringTest1000(41873.517751020154d,&quot;41873.52 zł&quot;)" storage="c:\projekty\nunittestproject\bin\debug\netcoreapp3.1\nunittestproject.dll" id="7d45d5f5-3a25-9a87-e687-4dc975c05da1">
      <Execution id="d23fa1ef-45d1-4e42-909d-868c8c7081ac" />
      <TestMethod codeBase="C:\Projekty\NUnitTestProject\bin\Debug\netcoreapp3.1\NUnitTestProject.dll" adapterTypeName="executor://nunit3testexecutor/" className="NUnitTestProject.CurrencyHelperTests" name="FormatToStringTest1000(41873.517751020154d,&quot;41873.52 zł&quot;)" />
    </UnitTest>
    <UnitTest name="FormatToStringTest1000(41876.979471482795d,&quot;41876.98 zł&quot;)" storage="c:\projekty\nunittestproject\bin\debug\netcoreapp3.1\nunittestproject.dll" id="42689aba-eefd-f694-336d-6d6d7296f289">
      <Execution id="c3581499-1b95-4c9f-8223-f8c1e1d5649e" />
      <TestMethod codeBase="C:\Projekty\NUnitTestProject\bin\Debug\netcoreapp3.1\NUnitTestProject.dll" adapterTypeName="executor://nunit3testexecutor/" className="NUnitTestProject.CurrencyHelperTests" name="FormatToStringTest1000(41876.979471482795d,&quot;41876.98 zł&quot;)" />
    </UnitTest>
    <UnitTest name="FormatToStringTest1000(9517.514896326473d,&quot;9517.51 zł&quot;)" storage="c:\projekty\nunittestproject\bin\debug\netcoreapp3.1\nunittestproject.dll" id="6c111a58-0dcb-5d69-cab0-6f7362899525">
      <Execution id="a2ffa44a-c14f-4471-9a2e-33bac2060c56" />
      <TestMethod codeBase="C:\Projekty\NUnitTestProject\bin\Debug\netcoreapp3.1\NUnitTestProject.dll" adapterTypeName="executor://nunit3testexecutor/" className="NUnitTestProject.CurrencyHelperTests" name="FormatToStringTest1000(9517.514896326473d,&quot;9517.51 zł&quot;)" />
    </UnitTest>
    <UnitTest name="FormatToStringTest1000(740.3213011405064d,&quot;740.32 zł&quot;)" storage="c:\projekty\nunittestproject\bin\debug\netcoreapp3.1\nunittestproject.dll" id="6d2fa905-65f5-7d76-6130-8eb8fe67de75">
      <Execution id="1a59ccbc-8f49-43fb-8333-a3d1956647bd" />
      <TestMethod codeBase="C:\Projekty\NUnitTestProject\bin\Debug\netcoreapp3.1\NUnitTestProject.dll" adapterTypeName="executor://nunit3testexecutor/" className="NUnitTestProject.CurrencyHelperTests" name="FormatToStringTest1000(740.3213011405064d,&quot;740.32 zł&quot;)" />
    </UnitTest>
    <UnitTest name="FormatToStringTest1000(46803.36433423374d,&quot;46803.36 zł&quot;)" storage="c:\projekty\nunittestproject\bin\debug\netcoreapp3.1\nunittestproject.dll" id="f3dbad6e-a998-4f0d-7c83-23b7bc70f023">
      <Execution id="dc208d16-1106-4af0-ab20-23bfd0ef496c" />
      <TestMethod codeBase="C:\Projekty\NUnitTestProject\bin\Debug\netcoreapp3.1\NUnitTestProject.dll" adapterTypeName="executor://nunit3testexecutor/" className="NUnitTestProject.CurrencyHelperTests" name="FormatToStringTest1000(46803.36433423374d,&quot;46803.36 zł&quot;)" />
    </UnitTest>
    <UnitTest name="FormatToStringTest1000(10397.404523554447d,&quot;10397.40 zł&quot;)" storage="c:\projekty\nunittestproject\bin\debug\netcoreapp3.1\nunittestproject.dll" id="74db41bd-054e-abff-59c5-f7d3ecdafbd4">
      <Execution id="c653c49d-47f8-4b64-ab79-902fba9c3884" />
      <TestMethod codeBase="C:\Projekty\NUnitTestProject\bin\Debug\netcoreapp3.1\NUnitTestProject.dll" adapterTypeName="executor://nunit3testexecutor/" className="NUnitTestProject.CurrencyHelperTests" name="FormatToStringTest1000(10397.404523554447d,&quot;10397.40 zł&quot;)" />
    </UnitTest>
    <UnitTest name="FormatToStringTest1000(6890.028458985514d,&quot;6890.03 zł&quot;)" storage="c:\projekty\nunittestproject\bin\debug\netcoreapp3.1\nunittestproject.dll" id="1476985a-ce79-252c-fc82-6cfb05e64152">
      <Execution id="ff0d28ec-ec4b-4d1a-87ac-00bfb7ebe4fc" />
      <TestMethod codeBase="C:\Projekty\NUnitTestProject\bin\Debug\netcoreapp3.1\NUnitTestProject.dll" adapterTypeName="executor://nunit3testexecutor/" className="NUnitTestProject.CurrencyHelperTests" name="FormatToStringTest1000(6890.028458985514d,&quot;6890.03 zł&quot;)" />
    </UnitTest>
    <UnitTest name="FormatToStringTest1000(65204.90483536055d,&quot;65204.90 zł&quot;)" storage="c:\projekty\nunittestproject\bin\debug\netcoreapp3.1\nunittestproject.dll" id="04eed3c3-572e-20dc-ebe7-5f007fb379ab">
      <Execution id="0af48c33-4575-47a2-a7a1-f39d636d8a7b" />
      <TestMethod codeBase="C:\Projekty\NUnitTestProject\bin\Debug\netcoreapp3.1\NUnitTestProject.dll" adapterTypeName="executor://nunit3testexecutor/" className="NUnitTestProject.CurrencyHelperTests" name="FormatToStringTest1000(65204.90483536055d,&quot;65204.90 zł&quot;)" />
    </UnitTest>
    <UnitTest name="FormatToStringTest1000(14910.573044539697d,&quot;14910.57 zł&quot;)" storage="c:\projekty\nunittestproject\bin\debug\netcoreapp3.1\nunittestproject.dll" id="cb302138-e270-3017-57fb-1fe538b37f25">
      <Execution id="023e798c-0142-4e6f-a516-2348d6a30dde" />
      <TestMethod codeBase="C:\Projekty\NUnitTestProject\bin\Debug\netcoreapp3.1\NUnitTestProject.dll" adapterTypeName="executor://nunit3testexecutor/" className="NUnitTestProject.CurrencyHelperTests" name="FormatToStringTest1000(14910.573044539697d,&quot;14910.57 zł&quot;)" />
    </UnitTest>
    <UnitTest name="FormatToStringTest1000(17953.338243749615d,&quot;17953.34 zł&quot;)" storage="c:\projekty\nunittestproject\bin\debug\netcoreapp3.1\nunittestproject.dll" id="6700c77f-a72c-833c-b2d9-a0d02a9534be">
      <Execution id="120e5435-eaf5-44f2-a921-7ebb1de6a7b1" />
      <TestMethod codeBase="C:\Projekty\NUnitTestProject\bin\Debug\netcoreapp3.1\NUnitTestProject.dll" adapterTypeName="executor://nunit3testexecutor/" className="NUnitTestProject.CurrencyHelperTests" name="FormatToStringTest1000(17953.338243749615d,&quot;17953.34 zł&quot;)" />
    </UnitTest>
    <UnitTest name="FormatToStringTest1000(35714.78133482243d,&quot;35714.78 zł&quot;)" storage="c:\projekty\nunittestproject\bin\debug\netcoreapp3.1\nunittestproject.dll" id="e3333616-70b0-385e-063b-ec83b99dd0ba">
      <Execution id="8c32b9dc-7c24-454b-8740-4d21c39d065e" />
      <TestMethod codeBase="C:\Projekty\NUnitTestProject\bin\Debug\netcoreapp3.1\NUnitTestProject.dll" adapterTypeName="executor://nunit3testexecutor/" className="NUnitTestProject.CurrencyHelperTests" name="FormatToStringTest1000(35714.78133482243d,&quot;35714.78 zł&quot;)" />
    </UnitTest>
    <UnitTest name="FormatToStringTest1000(38845.74924104323d,&quot;38845.75 zł&quot;)" storage="c:\projekty\nunittestproject\bin\debug\netcoreapp3.1\nunittestproject.dll" id="5fa0a4c4-15f2-a193-6e7e-18d36636da1f">
      <Execution id="87b191b1-0290-4d25-9fd2-37241ea08400" />
      <TestMethod codeBase="C:\Projekty\NUnitTestProject\bin\Debug\netcoreapp3.1\NUnitTestProject.dll" adapterTypeName="executor://nunit3testexecutor/" className="NUnitTestProject.CurrencyHelperTests" name="FormatToStringTest1000(38845.74924104323d,&quot;38845.75 zł&quot;)" />
    </UnitTest>
    <UnitTest name="FormatToStringTest1000(10775.728533390784d,&quot;10775.73 zł&quot;)" storage="c:\projekty\nunittestproject\bin\debug\netcoreapp3.1\nunittestproject.dll" id="0229b587-f980-d1c2-d94e-8ed98bc221a6">
      <Execution id="26c743e2-2bca-47eb-9498-a3207a353847" />
      <TestMethod codeBase="C:\Projekty\NUnitTestProject\bin\Debug\netcoreapp3.1\NUnitTestProject.dll" adapterTypeName="executor://nunit3testexecutor/" className="NUnitTestProject.CurrencyHelperTests" name="FormatToStringTest1000(10775.728533390784d,&quot;10775.73 zł&quot;)" />
    </UnitTest>
    <UnitTest name="FormatToStringTest1000(18023.78504577455d,&quot;18023.79 zł&quot;)" storage="c:\projekty\nunittestproject\bin\debug\netcoreapp3.1\nunittestproject.dll" id="e2ca2857-33e4-4daa-d2e9-09d09dfdba1f">
      <Execution id="3f0555d2-bfd7-4e92-ad42-38ef41c01712" />
      <TestMethod codeBase="C:\Projekty\NUnitTestProject\bin\Debug\netcoreapp3.1\NUnitTestProject.dll" adapterTypeName="executor://nunit3testexecutor/" className="NUnitTestProject.CurrencyHelperTests" name="FormatToStringTest1000(18023.78504577455d,&quot;18023.79 zł&quot;)" />
    </UnitTest>
    <UnitTest name="FormatToStringTest1000(35967.54466809684d,&quot;35967.54 zł&quot;)" storage="c:\projekty\nunittestproject\bin\debug\netcoreapp3.1\nunittestproject.dll" id="a4d82a7a-0101-77be-aadf-7ad891442135">
      <Execution id="b3fff330-a1db-4131-8ced-6c628a29b1d8" />
      <TestMethod codeBase="C:\Projekty\NUnitTestProject\bin\Debug\netcoreapp3.1\NUnitTestProject.dll" adapterTypeName="executor://nunit3testexecutor/" className="NUnitTestProject.CurrencyHelperTests" name="FormatToStringTest1000(35967.54466809684d,&quot;35967.54 zł&quot;)" />
    </UnitTest>
    <UnitTest name="FormatToStringTest1000(35784.54232617307d,&quot;35784.54 zł&quot;)" storage="c:\projekty\nunittestproject\bin\debug\netcoreapp3.1\nunittestproject.dll" id="e0c95d42-cf00-fbc7-42ac-a320fc125b1e">
      <Execution id="058a7226-f521-4bf2-b95d-0475b394ad9d" />
      <TestMethod codeBase="C:\Projekty\NUnitTestProject\bin\Debug\netcoreapp3.1\NUnitTestProject.dll" adapterTypeName="executor://nunit3testexecutor/" className="NUnitTestProject.CurrencyHelperTests" name="FormatToStringTest1000(35784.54232617307d,&quot;35784.54 zł&quot;)" />
    </UnitTest>
    <UnitTest name="FormatToStringTest1000(14198.39903067723d,&quot;14198.40 zł&quot;)" storage="c:\projekty\nunittestproject\bin\debug\netcoreapp3.1\nunittestproject.dll" id="32b6919d-1fc0-c669-26d4-2a969f5a55fe">
      <Execution id="8ce18ec7-0ff4-4c28-b24a-da73f9fd6f67" />
      <TestMethod codeBase="C:\Projekty\NUnitTestProject\bin\Debug\netcoreapp3.1\NUnitTestProject.dll" adapterTypeName="executor://nunit3testexecutor/" className="NUnitTestProject.CurrencyHelperTests" name="FormatToStringTest1000(14198.39903067723d,&quot;14198.40 zł&quot;)" />
    </UnitTest>
    <UnitTest name="FormatToStringTest1000(64568.131500027666d,&quot;64568.13 zł&quot;)" storage="c:\projekty\nunittestproject\bin\debug\netcoreapp3.1\nunittestproject.dll" id="29ce62dc-57a0-98b0-2349-436efa39dc09">
      <Execution id="14e7d907-6f03-4f0e-b75c-0fede26556cf" />
      <TestMethod codeBase="C:\Projekty\NUnitTestProject\bin\Debug\netcoreapp3.1\NUnitTestProject.dll" adapterTypeName="executor://nunit3testexecutor/" className="NUnitTestProject.CurrencyHelperTests" name="FormatToStringTest1000(64568.131500027666d,&quot;64568.13 zł&quot;)" />
    </UnitTest>
    <UnitTest name="FormatToStringTest1000(37387.37521261972d,&quot;37387.38 zł&quot;)" storage="c:\projekty\nunittestproject\bin\debug\netcoreapp3.1\nunittestproject.dll" id="0f34bf53-f1cd-8615-6e75-51f26224ccf1">
      <Execution id="6d6395e1-4e63-419a-bad3-87b655e17688" />
      <TestMethod codeBase="C:\Projekty\NUnitTestProject\bin\Debug\netcoreapp3.1\NUnitTestProject.dll" adapterTypeName="executor://nunit3testexecutor/" className="NUnitTestProject.CurrencyHelperTests" name="FormatToStringTest1000(37387.37521261972d,&quot;37387.38 zł&quot;)" />
    </UnitTest>
    <UnitTest name="FormatToStringTest1000(72905.64834432845d,&quot;72905.65 zł&quot;)" storage="c:\projekty\nunittestproject\bin\debug\netcoreapp3.1\nunittestproject.dll" id="546fc2ea-9df5-50bd-d263-31b0a2faf8aa">
      <Execution id="8927a172-71ca-4dbe-8ff5-3c8af4304fcc" />
      <TestMethod codeBase="C:\Projekty\NUnitTestProject\bin\Debug\netcoreapp3.1\NUnitTestProject.dll" adapterTypeName="executor://nunit3testexecutor/" className="NUnitTestProject.CurrencyHelperTests" name="FormatToStringTest1000(72905.64834432845d,&quot;72905.65 zł&quot;)" />
    </UnitTest>
    <UnitTest name="FormatToStringTest1000(7191.024921368353d,&quot;7191.02 zł&quot;)" storage="c:\projekty\nunittestproject\bin\debug\netcoreapp3.1\nunittestproject.dll" id="57f59a31-3f22-a5b8-69d7-45e7719f3ea1">
      <Execution id="7e740477-acb9-4f41-afc3-086e3952a60d" />
      <TestMethod codeBase="C:\Projekty\NUnitTestProject\bin\Debug\netcoreapp3.1\NUnitTestProject.dll" adapterTypeName="executor://nunit3testexecutor/" className="NUnitTestProject.CurrencyHelperTests" name="FormatToStringTest1000(7191.024921368353d,&quot;7191.02 zł&quot;)" />
    </UnitTest>
    <UnitTest name="FormatToStringTest1000(6262.373413993219d,&quot;6262.37 zł&quot;)" storage="c:\projekty\nunittestproject\bin\debug\netcoreapp3.1\nunittestproject.dll" id="2287085c-f0e1-b4ec-fa14-c4512658a9fe">
      <Execution id="70c19ace-8833-42e8-bbbe-6f0483f7c3de" />
      <TestMethod codeBase="C:\Projekty\NUnitTestProject\bin\Debug\netcoreapp3.1\NUnitTestProject.dll" adapterTypeName="executor://nunit3testexecutor/" className="NUnitTestProject.CurrencyHelperTests" name="FormatToStringTest1000(6262.373413993219d,&quot;6262.37 zł&quot;)" />
    </UnitTest>
    <UnitTest name="FormatToStringTest1000(5591.2222540617095d,&quot;5591.22 zł&quot;)" storage="c:\projekty\nunittestproject\bin\debug\netcoreapp3.1\nunittestproject.dll" id="4dcd9f65-678f-d51c-9e07-bf80dcaf54a4">
      <Execution id="5b67aae5-e5f9-49d1-a826-c170a842d174" />
      <TestMethod codeBase="C:\Projekty\NUnitTestProject\bin\Debug\netcoreapp3.1\NUnitTestProject.dll" adapterTypeName="executor://nunit3testexecutor/" className="NUnitTestProject.CurrencyHelperTests" name="FormatToStringTest1000(5591.2222540617095d,&quot;5591.22 zł&quot;)" />
    </UnitTest>
    <UnitTest name="FormatToStringTest1000(31290.71396233687d,&quot;31290.71 zł&quot;)" storage="c:\projekty\nunittestproject\bin\debug\netcoreapp3.1\nunittestproject.dll" id="80343684-0ab4-f75e-30e6-62b08568fe03">
      <Execution id="98e858b4-63dd-41eb-95ba-e66a046c77d5" />
      <TestMethod codeBase="C:\Projekty\NUnitTestProject\bin\Debug\netcoreapp3.1\NUnitTestProject.dll" adapterTypeName="executor://nunit3testexecutor/" className="NUnitTestProject.CurrencyHelperTests" name="FormatToStringTest1000(31290.71396233687d,&quot;31290.71 zł&quot;)" />
    </UnitTest>
    <UnitTest name="FormatToStringTest1000(76536.95853396178d,&quot;76536.96 zł&quot;)" storage="c:\projekty\nunittestproject\bin\debug\netcoreapp3.1\nunittestproject.dll" id="94072497-fa43-aca0-8f05-792ac28d0627">
      <Execution id="16d8d2f7-2cec-4333-bbfb-eadc7d86fce0" />
      <TestMethod codeBase="C:\Projekty\NUnitTestProject\bin\Debug\netcoreapp3.1\NUnitTestProject.dll" adapterTypeName="executor://nunit3testexecutor/" className="NUnitTestProject.CurrencyHelperTests" name="FormatToStringTest1000(76536.95853396178d,&quot;76536.96 zł&quot;)" />
    </UnitTest>
    <UnitTest name="FormatToStringTest1000(801.5720517614726d,&quot;801.57 zł&quot;)" storage="c:\projekty\nunittestproject\bin\debug\netcoreapp3.1\nunittestproject.dll" id="6a5dc4fe-eaa1-ef57-2e33-6170c4a0ea22">
      <Execution id="9602f4ff-7d4d-4e5e-ab36-2612faf90d3f" />
      <TestMethod codeBase="C:\Projekty\NUnitTestProject\bin\Debug\netcoreapp3.1\NUnitTestProject.dll" adapterTypeName="executor://nunit3testexecutor/" className="NUnitTestProject.CurrencyHelperTests" name="FormatToStringTest1000(801.5720517614726d,&quot;801.57 zł&quot;)" />
    </UnitTest>
    <UnitTest name="FormatToStringTest1000(53192.79032742269d,&quot;53192.79 zł&quot;)" storage="c:\projekty\nunittestproject\bin\debug\netcoreapp3.1\nunittestproject.dll" id="860765f6-59d4-c798-166f-19857f828734">
      <Execution id="0b15d2b7-f116-4f97-80cf-27c4f93cbeef" />
      <TestMethod codeBase="C:\Projekty\NUnitTestProject\bin\Debug\netcoreapp3.1\NUnitTestProject.dll" adapterTypeName="executor://nunit3testexecutor/" className="NUnitTestProject.CurrencyHelperTests" name="FormatToStringTest1000(53192.79032742269d,&quot;53192.79 zł&quot;)" />
    </UnitTest>
    <UnitTest name="FormatToStringTest1000(5759.256266560991d,&quot;5759.26 zł&quot;)" storage="c:\projekty\nunittestproject\bin\debug\netcoreapp3.1\nunittestproject.dll" id="6b24d61a-9019-1031-1c97-d03508d4eb29">
      <Execution id="e9ad5970-896d-41bd-aac3-6f8ed766885c" />
      <TestMethod codeBase="C:\Projekty\NUnitTestProject\bin\Debug\netcoreapp3.1\NUnitTestProject.dll" adapterTypeName="executor://nunit3testexecutor/" className="NUnitTestProject.CurrencyHelperTests" name="FormatToStringTest1000(5759.256266560991d,&quot;5759.26 zł&quot;)" />
    </UnitTest>
    <UnitTest name="FormatToStringTest1000(8644.187977380207d,&quot;8644.19 zł&quot;)" storage="c:\projekty\nunittestproject\bin\debug\netcoreapp3.1\nunittestproject.dll" id="bbb038e9-9a9b-9724-0ae6-d339784c9041">
      <Execution id="c6fae7e9-6edd-4f24-8674-6752f9a72bb9" />
      <TestMethod codeBase="C:\Projekty\NUnitTestProject\bin\Debug\netcoreapp3.1\NUnitTestProject.dll" adapterTypeName="executor://nunit3testexecutor/" className="NUnitTestProject.CurrencyHelperTests" name="FormatToStringTest1000(8644.187977380207d,&quot;8644.19 zł&quot;)" />
    </UnitTest>
    <UnitTest name="FormatToStringTest1000(4592.278577496428d,&quot;4592.28 zł&quot;)" storage="c:\projekty\nunittestproject\bin\debug\netcoreapp3.1\nunittestproject.dll" id="910d4b99-463d-e8f2-2603-a8f7093fc7cf">
      <Execution id="9b55ebdd-4b96-440c-9217-443b5d0356d4" />
      <TestMethod codeBase="C:\Projekty\NUnitTestProject\bin\Debug\netcoreapp3.1\NUnitTestProject.dll" adapterTypeName="executor://nunit3testexecutor/" className="NUnitTestProject.CurrencyHelperTests" name="FormatToStringTest1000(4592.278577496428d,&quot;4592.28 zł&quot;)" />
    </UnitTest>
    <UnitTest name="FormatToStringTest1000(39146.635743126564d,&quot;39146.64 zł&quot;)" storage="c:\projekty\nunittestproject\bin\debug\netcoreapp3.1\nunittestproject.dll" id="d9e9b57c-4387-840e-e497-cce329a0c03e">
      <Execution id="402c7fb2-ab29-4bad-9540-9e9af5b5bcd2" />
      <TestMethod codeBase="C:\Projekty\NUnitTestProject\bin\Debug\netcoreapp3.1\NUnitTestProject.dll" adapterTypeName="executor://nunit3testexecutor/" className="NUnitTestProject.CurrencyHelperTests" name="FormatToStringTest1000(39146.635743126564d,&quot;39146.64 zł&quot;)" />
    </UnitTest>
    <UnitTest name="FormatToStringTest1000(45955.903045959254d,&quot;45955.90 zł&quot;)" storage="c:\projekty\nunittestproject\bin\debug\netcoreapp3.1\nunittestproject.dll" id="451fafcd-e358-2a2a-0150-6d7bc1153f41">
      <Execution id="987d8a68-e4cc-427d-9727-fa8ccc329a17" />
      <TestMethod codeBase="C:\Projekty\NUnitTestProject\bin\Debug\netcoreapp3.1\NUnitTestProject.dll" adapterTypeName="executor://nunit3testexecutor/" className="NUnitTestProject.CurrencyHelperTests" name="FormatToStringTest1000(45955.903045959254d,&quot;45955.90 zł&quot;)" />
    </UnitTest>
    <UnitTest name="FormatToStringTest1000(22678.643495744862d,&quot;22678.64 zł&quot;)" storage="c:\projekty\nunittestproject\bin\debug\netcoreapp3.1\nunittestproject.dll" id="f06d92cb-e236-f7f9-e645-0971359a129a">
      <Execution id="a5a07ac0-219e-4b3e-937a-a337d51082f7" />
      <TestMethod codeBase="C:\Projekty\NUnitTestProject\bin\Debug\netcoreapp3.1\NUnitTestProject.dll" adapterTypeName="executor://nunit3testexecutor/" className="NUnitTestProject.CurrencyHelperTests" name="FormatToStringTest1000(22678.643495744862d,&quot;22678.64 zł&quot;)" />
    </UnitTest>
    <UnitTest name="FormatToStringTest1000(37954.34384365396d,&quot;37954.34 zł&quot;)" storage="c:\projekty\nunittestproject\bin\debug\netcoreapp3.1\nunittestproject.dll" id="c02eb5c0-31bb-eec0-3d85-1a1ef8849db8">
      <Execution id="2ed30599-5639-44a2-a972-b31f4cd77c4b" />
      <TestMethod codeBase="C:\Projekty\NUnitTestProject\bin\Debug\netcoreapp3.1\NUnitTestProject.dll" adapterTypeName="executor://nunit3testexecutor/" className="NUnitTestProject.CurrencyHelperTests" name="FormatToStringTest1000(37954.34384365396d,&quot;37954.34 zł&quot;)" />
    </UnitTest>
    <UnitTest name="FormatToStringTest1000(44677.61946778074d,&quot;44677.62 zł&quot;)" storage="c:\projekty\nunittestproject\bin\debug\netcoreapp3.1\nunittestproject.dll" id="be4aa60a-fec3-fdce-8c70-46ec82a2fec7">
      <Execution id="d5c06a3f-4dc9-426c-b3e9-52e17d01b597" />
      <TestMethod codeBase="C:\Projekty\NUnitTestProject\bin\Debug\netcoreapp3.1\NUnitTestProject.dll" adapterTypeName="executor://nunit3testexecutor/" className="NUnitTestProject.CurrencyHelperTests" name="FormatToStringTest1000(44677.61946778074d,&quot;44677.62 zł&quot;)" />
    </UnitTest>
    <UnitTest name="FormatToStringTest1000(18340.8953197882d,&quot;18340.90 zł&quot;)" storage="c:\projekty\nunittestproject\bin\debug\netcoreapp3.1\nunittestproject.dll" id="60069e17-108f-01fb-2153-e152b9205025">
      <Execution id="b727ff5b-ee4b-4469-82a4-64483ffbc8b1" />
      <TestMethod codeBase="C:\Projekty\NUnitTestProject\bin\Debug\netcoreapp3.1\NUnitTestProject.dll" adapterTypeName="executor://nunit3testexecutor/" className="NUnitTestProject.CurrencyHelperTests" name="FormatToStringTest1000(18340.8953197882d,&quot;18340.90 zł&quot;)" />
    </UnitTest>
    <UnitTest name="FormatToStringTest1000(62975.496334776515d,&quot;62975.50 zł&quot;)" storage="c:\projekty\nunittestproject\bin\debug\netcoreapp3.1\nunittestproject.dll" id="af9ae316-c7c6-6ac6-11c1-298dd9b256df">
      <Execution id="13de1651-9e99-45a2-a025-36df0e818aae" />
      <TestMethod codeBase="C:\Projekty\NUnitTestProject\bin\Debug\netcoreapp3.1\NUnitTestProject.dll" adapterTypeName="executor://nunit3testexecutor/" className="NUnitTestProject.CurrencyHelperTests" name="FormatToStringTest1000(62975.496334776515d,&quot;62975.50 zł&quot;)" />
    </UnitTest>
    <UnitTest name="FormatToStringTest1000(16688.70569393677d,&quot;16688.71 zł&quot;)" storage="c:\projekty\nunittestproject\bin\debug\netcoreapp3.1\nunittestproject.dll" id="cb85c450-02e3-5db9-b93c-f905351c1d09">
      <Execution id="130dab60-29b2-49f0-b1b8-a914849db65d" />
      <TestMethod codeBase="C:\Projekty\NUnitTestProject\bin\Debug\netcoreapp3.1\NUnitTestProject.dll" adapterTypeName="executor://nunit3testexecutor/" className="NUnitTestProject.CurrencyHelperTests" name="FormatToStringTest1000(16688.70569393677d,&quot;16688.71 zł&quot;)" />
    </UnitTest>
    <UnitTest name="FormatToStringTest1000(75987.03378503352d,&quot;75987.03 zł&quot;)" storage="c:\projekty\nunittestproject\bin\debug\netcoreapp3.1\nunittestproject.dll" id="85025e54-3d28-2e1a-ba9d-a38988743c83">
      <Execution id="c88b87f9-9122-4912-bb06-fd7561c08fdd" />
      <TestMethod codeBase="C:\Projekty\NUnitTestProject\bin\Debug\netcoreapp3.1\NUnitTestProject.dll" adapterTypeName="executor://nunit3testexecutor/" className="NUnitTestProject.CurrencyHelperTests" name="FormatToStringTest1000(75987.03378503352d,&quot;75987.03 zł&quot;)" />
    </UnitTest>
    <UnitTest name="FormatToStringTest1000(7182.939759099362d,&quot;7182.94 zł&quot;)" storage="c:\projekty\nunittestproject\bin\debug\netcoreapp3.1\nunittestproject.dll" id="092c2603-fe15-2655-d7c6-015786763712">
      <Execution id="ffc35feb-61b9-4b35-899b-234159376b98" />
      <TestMethod codeBase="C:\Projekty\NUnitTestProject\bin\Debug\netcoreapp3.1\NUnitTestProject.dll" adapterTypeName="executor://nunit3testexecutor/" className="NUnitTestProject.CurrencyHelperTests" name="FormatToStringTest1000(7182.939759099362d,&quot;7182.94 zł&quot;)" />
    </UnitTest>
    <UnitTest name="FormatToStringTest1000(12283.48626129026d,&quot;12283.49 zł&quot;)" storage="c:\projekty\nunittestproject\bin\debug\netcoreapp3.1\nunittestproject.dll" id="47ec5c64-268b-824f-d637-17f43470b17c">
      <Execution id="561e63f1-6c6b-4ac3-be73-f35b527a2cd7" />
      <TestMethod codeBase="C:\Projekty\NUnitTestProject\bin\Debug\netcoreapp3.1\NUnitTestProject.dll" adapterTypeName="executor://nunit3testexecutor/" className="NUnitTestProject.CurrencyHelperTests" name="FormatToStringTest1000(12283.48626129026d,&quot;12283.49 zł&quot;)" />
    </UnitTest>
    <UnitTest name="FormatToStringTest1000(58902.704109088845d,&quot;58902.70 zł&quot;)" storage="c:\projekty\nunittestproject\bin\debug\netcoreapp3.1\nunittestproject.dll" id="d6353a5c-aebf-48c3-7e68-77f3a0ea8301">
      <Execution id="c0680728-7635-4e16-8475-ef5c8b3acb4d" />
      <TestMethod codeBase="C:\Projekty\NUnitTestProject\bin\Debug\netcoreapp3.1\NUnitTestProject.dll" adapterTypeName="executor://nunit3testexecutor/" className="NUnitTestProject.CurrencyHelperTests" name="FormatToStringTest1000(58902.704109088845d,&quot;58902.70 zł&quot;)" />
    </UnitTest>
    <UnitTest name="FormatToStringTest1000(13197.65136269417d,&quot;13197.65 zł&quot;)" storage="c:\projekty\nunittestproject\bin\debug\netcoreapp3.1\nunittestproject.dll" id="fbe41254-a5bc-bdde-4d71-8c5eb07a0fb3">
      <Execution id="ed4dea49-8971-4d75-a0a5-771779b547b6" />
      <TestMethod codeBase="C:\Projekty\NUnitTestProject\bin\Debug\netcoreapp3.1\NUnitTestProject.dll" adapterTypeName="executor://nunit3testexecutor/" className="NUnitTestProject.CurrencyHelperTests" name="FormatToStringTest1000(13197.65136269417d,&quot;13197.65 zł&quot;)" />
    </UnitTest>
    <UnitTest name="FormatToStringTest1000(26220.382477706476d,&quot;26220.38 zł&quot;)" storage="c:\projekty\nunittestproject\bin\debug\netcoreapp3.1\nunittestproject.dll" id="b54d2807-218d-96e0-fe0e-06e67796eaa7">
      <Execution id="010a0a56-fe91-4078-ace4-6678e409b442" />
      <TestMethod codeBase="C:\Projekty\NUnitTestProject\bin\Debug\netcoreapp3.1\NUnitTestProject.dll" adapterTypeName="executor://nunit3testexecutor/" className="NUnitTestProject.CurrencyHelperTests" name="FormatToStringTest1000(26220.382477706476d,&quot;26220.38 zł&quot;)" />
    </UnitTest>
    <UnitTest name="FormatToStringTest1000(7592.950837113406d,&quot;7592.95 zł&quot;)" storage="c:\projekty\nunittestproject\bin\debug\netcoreapp3.1\nunittestproject.dll" id="21f5ba92-f354-bb76-94e2-2214000ea5b9">
      <Execution id="d97abde2-c44c-4e45-be12-9a69f8b168ae" />
      <TestMethod codeBase="C:\Projekty\NUnitTestProject\bin\Debug\netcoreapp3.1\NUnitTestProject.dll" adapterTypeName="executor://nunit3testexecutor/" className="NUnitTestProject.CurrencyHelperTests" name="FormatToStringTest1000(7592.950837113406d,&quot;7592.95 zł&quot;)" />
    </UnitTest>
    <UnitTest name="FormatToStringTest1000(46391.661094229516d,&quot;46391.66 zł&quot;)" storage="c:\projekty\nunittestproject\bin\debug\netcoreapp3.1\nunittestproject.dll" id="752f584a-0205-5811-1575-29e94681480b">
      <Execution id="6072511b-8e12-4f74-bd40-626fe651e523" />
      <TestMethod codeBase="C:\Projekty\NUnitTestProject\bin\Debug\netcoreapp3.1\NUnitTestProject.dll" adapterTypeName="executor://nunit3testexecutor/" className="NUnitTestProject.CurrencyHelperTests" name="FormatToStringTest1000(46391.661094229516d,&quot;46391.66 zł&quot;)" />
    </UnitTest>
    <UnitTest name="FormatToStringTest1000(38961.459057294516d,&quot;38961.46 zł&quot;)" storage="c:\projekty\nunittestproject\bin\debug\netcoreapp3.1\nunittestproject.dll" id="e4a60893-7e5b-dc4d-fd91-d28f1c9b83a3">
      <Execution id="221f07b9-8117-4ab3-8a28-ddf57fc82ce2" />
      <TestMethod codeBase="C:\Projekty\NUnitTestProject\bin\Debug\netcoreapp3.1\NUnitTestProject.dll" adapterTypeName="executor://nunit3testexecutor/" className="NUnitTestProject.CurrencyHelperTests" name="FormatToStringTest1000(38961.459057294516d,&quot;38961.46 zł&quot;)" />
    </UnitTest>
    <UnitTest name="FormatToStringTest1000(56373.35086238494d,&quot;56373.35 zł&quot;)" storage="c:\projekty\nunittestproject\bin\debug\netcoreapp3.1\nunittestproject.dll" id="9c484d5b-265a-2c6e-537b-f37cd91a7473">
      <Execution id="22f0fa16-0ab6-412d-8371-68b36b494306" />
      <TestMethod codeBase="C:\Projekty\NUnitTestProject\bin\Debug\netcoreapp3.1\NUnitTestProject.dll" adapterTypeName="executor://nunit3testexecutor/" className="NUnitTestProject.CurrencyHelperTests" name="FormatToStringTest1000(56373.35086238494d,&quot;56373.35 zł&quot;)" />
    </UnitTest>
    <UnitTest name="FormatToStringTest1000(70581.91150977784d,&quot;70581.91 zł&quot;)" storage="c:\projekty\nunittestproject\bin\debug\netcoreapp3.1\nunittestproject.dll" id="8d4b1df1-395e-a801-f732-9563464d225f">
      <Execution id="c4ddb9d6-b314-4f2d-be95-83aae43b8bca" />
      <TestMethod codeBase="C:\Projekty\NUnitTestProject\bin\Debug\netcoreapp3.1\NUnitTestProject.dll" adapterTypeName="executor://nunit3testexecutor/" className="NUnitTestProject.CurrencyHelperTests" name="FormatToStringTest1000(70581.91150977784d,&quot;70581.91 zł&quot;)" />
    </UnitTest>
    <UnitTest name="FormatToStringTest1000(13027.93935961739d,&quot;13027.94 zł&quot;)" storage="c:\projekty\nunittestproject\bin\debug\netcoreapp3.1\nunittestproject.dll" id="0e73995d-338f-84a3-7662-4ba2ece68a21">
      <Execution id="d5509d4f-32b4-4304-b359-2e38fac03eba" />
      <TestMethod codeBase="C:\Projekty\NUnitTestProject\bin\Debug\netcoreapp3.1\NUnitTestProject.dll" adapterTypeName="executor://nunit3testexecutor/" className="NUnitTestProject.CurrencyHelperTests" name="FormatToStringTest1000(13027.93935961739d,&quot;13027.94 zł&quot;)" />
    </UnitTest>
    <UnitTest name="FormatToStringTest1000(63427.55325689332d,&quot;63427.55 zł&quot;)" storage="c:\projekty\nunittestproject\bin\debug\netcoreapp3.1\nunittestproject.dll" id="29658493-3081-01dd-eb7c-6d0a97eef1f2">
      <Execution id="c6a5b066-9344-4bc1-9d50-b97314050362" />
      <TestMethod codeBase="C:\Projekty\NUnitTestProject\bin\Debug\netcoreapp3.1\NUnitTestProject.dll" adapterTypeName="executor://nunit3testexecutor/" className="NUnitTestProject.CurrencyHelperTests" name="FormatToStringTest1000(63427.55325689332d,&quot;63427.55 zł&quot;)" />
    </UnitTest>
    <UnitTest name="FormatToStringTest1000(26015.8311952552d,&quot;26015.83 zł&quot;)" storage="c:\projekty\nunittestproject\bin\debug\netcoreapp3.1\nunittestproject.dll" id="8d9adc97-9f99-5fc5-0cdb-932a51aaf028">
      <Execution id="84d6e8ec-0626-4fd3-82e8-5eda283bf0b3" />
      <TestMethod codeBase="C:\Projekty\NUnitTestProject\bin\Debug\netcoreapp3.1\NUnitTestProject.dll" adapterTypeName="executor://nunit3testexecutor/" className="NUnitTestProject.CurrencyHelperTests" name="FormatToStringTest1000(26015.8311952552d,&quot;26015.83 zł&quot;)" />
    </UnitTest>
    <UnitTest name="FormatToStringTest1000(11904.111251175456d,&quot;11904.11 zł&quot;)" storage="c:\projekty\nunittestproject\bin\debug\netcoreapp3.1\nunittestproject.dll" id="8f06716c-c7ff-1247-d243-6eeb705848f7">
      <Execution id="c1f22144-bd74-4786-90d7-63dbd27bc6a0" />
      <TestMethod codeBase="C:\Projekty\NUnitTestProject\bin\Debug\netcoreapp3.1\NUnitTestProject.dll" adapterTypeName="executor://nunit3testexecutor/" className="NUnitTestProject.CurrencyHelperTests" name="FormatToStringTest1000(11904.111251175456d,&quot;11904.11 zł&quot;)" />
    </UnitTest>
    <UnitTest name="FormatToStringTest1000(8542.520616738833d,&quot;8542.52 zł&quot;)" storage="c:\projekty\nunittestproject\bin\debug\netcoreapp3.1\nunittestproject.dll" id="6b324d3b-5796-c056-8636-0eb49b18ead5">
      <Execution id="f00f6656-b8e3-4e6c-98dd-75d7b5a5d4d7" />
      <TestMethod codeBase="C:\Projekty\NUnitTestProject\bin\Debug\netcoreapp3.1\NUnitTestProject.dll" adapterTypeName="executor://nunit3testexecutor/" className="NUnitTestProject.CurrencyHelperTests" name="FormatToStringTest1000(8542.520616738833d,&quot;8542.52 zł&quot;)" />
    </UnitTest>
    <UnitTest name="FormatToStringTest1000(782.6578288817116d,&quot;782.66 zł&quot;)" storage="c:\projekty\nunittestproject\bin\debug\netcoreapp3.1\nunittestproject.dll" id="3c694193-6244-2822-1520-285efe4d3761">
      <Execution id="bcb471c3-4c82-420e-9ef0-3b8bcb204d88" />
      <TestMethod codeBase="C:\Projekty\NUnitTestProject\bin\Debug\netcoreapp3.1\NUnitTestProject.dll" adapterTypeName="executor://nunit3testexecutor/" className="NUnitTestProject.CurrencyHelperTests" name="FormatToStringTest1000(782.6578288817116d,&quot;782.66 zł&quot;)" />
    </UnitTest>
    <UnitTest name="FormatToStringTest1000(7124.979180760672d,&quot;7124.98 zł&quot;)" storage="c:\projekty\nunittestproject\bin\debug\netcoreapp3.1\nunittestproject.dll" id="0edcab43-1e4a-6ea7-7c7b-b02803f7c8b9">
      <Execution id="7c5cf293-a40f-404c-a8b1-f4d9e28a335a" />
      <TestMethod codeBase="C:\Projekty\NUnitTestProject\bin\Debug\netcoreapp3.1\NUnitTestProject.dll" adapterTypeName="executor://nunit3testexecutor/" className="NUnitTestProject.CurrencyHelperTests" name="FormatToStringTest1000(7124.979180760672d,&quot;7124.98 zł&quot;)" />
    </UnitTest>
    <UnitTest name="FormatToStringTest1000(13286.856387228174d,&quot;13286.86 zł&quot;)" storage="c:\projekty\nunittestproject\bin\debug\netcoreapp3.1\nunittestproject.dll" id="9a621664-b485-1b19-02d4-7ca92799a60b">
      <Execution id="6ac454e8-bfc2-459f-b143-fce8d81ca78b" />
      <TestMethod codeBase="C:\Projekty\NUnitTestProject\bin\Debug\netcoreapp3.1\NUnitTestProject.dll" adapterTypeName="executor://nunit3testexecutor/" className="NUnitTestProject.CurrencyHelperTests" name="FormatToStringTest1000(13286.856387228174d,&quot;13286.86 zł&quot;)" />
    </UnitTest>
    <UnitTest name="FormatToStringTest1000(37614.50159416278d,&quot;37614.50 zł&quot;)" storage="c:\projekty\nunittestproject\bin\debug\netcoreapp3.1\nunittestproject.dll" id="d70b3095-42f0-132e-cf11-a2a412d875fc">
      <Execution id="91341031-04bc-42ce-bff9-b5810cbd1d26" />
      <TestMethod codeBase="C:\Projekty\NUnitTestProject\bin\Debug\netcoreapp3.1\NUnitTestProject.dll" adapterTypeName="executor://nunit3testexecutor/" className="NUnitTestProject.CurrencyHelperTests" name="FormatToStringTest1000(37614.50159416278d,&quot;37614.50 zł&quot;)" />
    </UnitTest>
    <UnitTest name="FormatToStringTest1000(9603.199987620208d,&quot;9603.20 zł&quot;)" storage="c:\projekty\nunittestproject\bin\debug\netcoreapp3.1\nunittestproject.dll" id="a6da1f0c-9d53-8f1b-60d6-c520ee89e7a7">
      <Execution id="635cbb89-2c4d-4dfc-8499-df740abb8bfd" />
      <TestMethod codeBase="C:\Projekty\NUnitTestProject\bin\Debug\netcoreapp3.1\NUnitTestProject.dll" adapterTypeName="executor://nunit3testexecutor/" className="NUnitTestProject.CurrencyHelperTests" name="FormatToStringTest1000(9603.199987620208d,&quot;9603.20 zł&quot;)" />
    </UnitTest>
    <UnitTest name="FormatToStringTest1000(1669.555150571072d,&quot;1669.56 zł&quot;)" storage="c:\projekty\nunittestproject\bin\debug\netcoreapp3.1\nunittestproject.dll" id="9f2dc98f-6aa2-694c-8819-9ccfd93e4fc8">
      <Execution id="2c13de5a-da9d-4561-97f8-024e797dfd9b" />
      <TestMethod codeBase="C:\Projekty\NUnitTestProject\bin\Debug\netcoreapp3.1\NUnitTestProject.dll" adapterTypeName="executor://nunit3testexecutor/" className="NUnitTestProject.CurrencyHelperTests" name="FormatToStringTest1000(1669.555150571072d,&quot;1669.56 zł&quot;)" />
    </UnitTest>
    <UnitTest name="FormatToStringTest1000(78519.41691976106d,&quot;78519.42 zł&quot;)" storage="c:\projekty\nunittestproject\bin\debug\netcoreapp3.1\nunittestproject.dll" id="56b49f4b-49b4-988e-f563-d6c88928143d">
      <Execution id="02c6ffa1-166e-4b37-a541-b7d25f7e8b4a" />
      <TestMethod codeBase="C:\Projekty\NUnitTestProject\bin\Debug\netcoreapp3.1\NUnitTestProject.dll" adapterTypeName="executor://nunit3testexecutor/" className="NUnitTestProject.CurrencyHelperTests" name="FormatToStringTest1000(78519.41691976106d,&quot;78519.42 zł&quot;)" />
    </UnitTest>
    <UnitTest name="FormatToStringTest1000(95353.10327693219d,&quot;95353.10 zł&quot;)" storage="c:\projekty\nunittestproject\bin\debug\netcoreapp3.1\nunittestproject.dll" id="6a41f5f3-49f1-a289-ed1a-edcf9c86dd3e">
      <Execution id="27990b51-d477-419b-abe9-1ca3285551a7" />
      <TestMethod codeBase="C:\Projekty\NUnitTestProject\bin\Debug\netcoreapp3.1\NUnitTestProject.dll" adapterTypeName="executor://nunit3testexecutor/" className="NUnitTestProject.CurrencyHelperTests" name="FormatToStringTest1000(95353.10327693219d,&quot;95353.10 zł&quot;)" />
    </UnitTest>
    <UnitTest name="FormatToStringTest1000(12370.243090209198d,&quot;12370.24 zł&quot;)" storage="c:\projekty\nunittestproject\bin\debug\netcoreapp3.1\nunittestproject.dll" id="e0081990-e732-207e-ce35-b6f9f879e1b0">
      <Execution id="b6a9116e-6de6-4754-8d1a-6090c9f1617f" />
      <TestMethod codeBase="C:\Projekty\NUnitTestProject\bin\Debug\netcoreapp3.1\NUnitTestProject.dll" adapterTypeName="executor://nunit3testexecutor/" className="NUnitTestProject.CurrencyHelperTests" name="FormatToStringTest1000(12370.243090209198d,&quot;12370.24 zł&quot;)" />
    </UnitTest>
    <UnitTest name="FormatToStringTest1000(45455.14554704127d,&quot;45455.15 zł&quot;)" storage="c:\projekty\nunittestproject\bin\debug\netcoreapp3.1\nunittestproject.dll" id="83a97307-8552-7789-5b14-74a21c8cbcd2">
      <Execution id="1a636512-f9a1-4d99-98e3-854b7ca51d4b" />
      <TestMethod codeBase="C:\Projekty\NUnitTestProject\bin\Debug\netcoreapp3.1\NUnitTestProject.dll" adapterTypeName="executor://nunit3testexecutor/" className="NUnitTestProject.CurrencyHelperTests" name="FormatToStringTest1000(45455.14554704127d,&quot;45455.15 zł&quot;)" />
    </UnitTest>
    <UnitTest name="FormatToStringTest1000(13503.943645929892d,&quot;13503.94 zł&quot;)" storage="c:\projekty\nunittestproject\bin\debug\netcoreapp3.1\nunittestproject.dll" id="7d53e131-e454-48a3-7f61-9c807826acb2">
      <Execution id="bdb97bbd-8dd8-4eb4-ac02-1dd9c5c98ed6" />
      <TestMethod codeBase="C:\Projekty\NUnitTestProject\bin\Debug\netcoreapp3.1\NUnitTestProject.dll" adapterTypeName="executor://nunit3testexecutor/" className="NUnitTestProject.CurrencyHelperTests" name="FormatToStringTest1000(13503.943645929892d,&quot;13503.94 zł&quot;)" />
    </UnitTest>
    <UnitTest name="FormatToStringTest1000(17252.06220983903d,&quot;17252.06 zł&quot;)" storage="c:\projekty\nunittestproject\bin\debug\netcoreapp3.1\nunittestproject.dll" id="bcaccf95-48bd-f1b0-c691-d2f1e6a4e3bd">
      <Execution id="2692bfae-7fa8-41fc-b0ba-a375c7681acc" />
      <TestMethod codeBase="C:\Projekty\NUnitTestProject\bin\Debug\netcoreapp3.1\NUnitTestProject.dll" adapterTypeName="executor://nunit3testexecutor/" className="NUnitTestProject.CurrencyHelperTests" name="FormatToStringTest1000(17252.06220983903d,&quot;17252.06 zł&quot;)" />
    </UnitTest>
    <UnitTest name="FormatToStringTest1000(1649.0127968480872d,&quot;1649.01 zł&quot;)" storage="c:\projekty\nunittestproject\bin\debug\netcoreapp3.1\nunittestproject.dll" id="5372d0c3-7454-6ed0-3140-c46dbf17af10">
      <Execution id="ffc2685a-3954-4503-b588-fb58794b60d4" />
      <TestMethod codeBase="C:\Projekty\NUnitTestProject\bin\Debug\netcoreapp3.1\NUnitTestProject.dll" adapterTypeName="executor://nunit3testexecutor/" className="NUnitTestProject.CurrencyHelperTests" name="FormatToStringTest1000(1649.0127968480872d,&quot;1649.01 zł&quot;)" />
    </UnitTest>
    <UnitTest name="FormatToStringTest1000(22557.09603308099d,&quot;22557.10 zł&quot;)" storage="c:\projekty\nunittestproject\bin\debug\netcoreapp3.1\nunittestproject.dll" id="80ed38c5-93c8-ab9c-2988-31b35fec47a3">
      <Execution id="a48d5156-0b83-405b-b317-53935626edb0" />
      <TestMethod codeBase="C:\Projekty\NUnitTestProject\bin\Debug\netcoreapp3.1\NUnitTestProject.dll" adapterTypeName="executor://nunit3testexecutor/" className="NUnitTestProject.CurrencyHelperTests" name="FormatToStringTest1000(22557.09603308099d,&quot;22557.10 zł&quot;)" />
    </UnitTest>
    <UnitTest name="FormatToStringTest1000(1952.6955147062872d,&quot;1952.70 zł&quot;)" storage="c:\projekty\nunittestproject\bin\debug\netcoreapp3.1\nunittestproject.dll" id="5189465c-94b9-c0c3-eb6c-9e0dd907b71f">
      <Execution id="c9e7377e-bdf3-431c-b547-7a81daec8a86" />
      <TestMethod codeBase="C:\Projekty\NUnitTestProject\bin\Debug\netcoreapp3.1\NUnitTestProject.dll" adapterTypeName="executor://nunit3testexecutor/" className="NUnitTestProject.CurrencyHelperTests" name="FormatToStringTest1000(1952.6955147062872d,&quot;1952.70 zł&quot;)" />
    </UnitTest>
    <UnitTest name="FormatToStringTest1000(32908.76696502639d,&quot;32908.77 zł&quot;)" storage="c:\projekty\nunittestproject\bin\debug\netcoreapp3.1\nunittestproject.dll" id="e2350845-1f3f-6907-3805-d81b5dce3aed">
      <Execution id="95ea85ed-df73-4371-8dc7-41e2ceda45fb" />
      <TestMethod codeBase="C:\Projekty\NUnitTestProject\bin\Debug\netcoreapp3.1\NUnitTestProject.dll" adapterTypeName="executor://nunit3testexecutor/" className="NUnitTestProject.CurrencyHelperTests" name="FormatToStringTest1000(32908.76696502639d,&quot;32908.77 zł&quot;)" />
    </UnitTest>
    <UnitTest name="FormatToStringTest1000(6550.421588937948d,&quot;6550.42 zł&quot;)" storage="c:\projekty\nunittestproject\bin\debug\netcoreapp3.1\nunittestproject.dll" id="c11f5a85-86bf-cab1-9d9a-33069c6ff139">
      <Execution id="42a5c678-98ff-45ba-ac56-3bdc2a20337c" />
      <TestMethod codeBase="C:\Projekty\NUnitTestProject\bin\Debug\netcoreapp3.1\NUnitTestProject.dll" adapterTypeName="executor://nunit3testexecutor/" className="NUnitTestProject.CurrencyHelperTests" name="FormatToStringTest1000(6550.421588937948d,&quot;6550.42 zł&quot;)" />
    </UnitTest>
    <UnitTest name="FormatToStringTest1000(6105.007054037418d,&quot;6105.01 zł&quot;)" storage="c:\projekty\nunittestproject\bin\debug\netcoreapp3.1\nunittestproject.dll" id="024506f9-eb28-1802-65f5-4eafd9fc8776">
      <Execution id="be22830f-60b0-49ae-9b67-68be69db20a4" />
      <TestMethod codeBase="C:\Projekty\NUnitTestProject\bin\Debug\netcoreapp3.1\NUnitTestProject.dll" adapterTypeName="executor://nunit3testexecutor/" className="NUnitTestProject.CurrencyHelperTests" name="FormatToStringTest1000(6105.007054037418d,&quot;6105.01 zł&quot;)" />
    </UnitTest>
    <UnitTest name="FormatToStringTest1000(35384.637112688106d,&quot;35384.64 zł&quot;)" storage="c:\projekty\nunittestproject\bin\debug\netcoreapp3.1\nunittestproject.dll" id="2d12ad1b-0cfb-a7f2-de41-7d109965ff4a">
      <Execution id="a7797daf-3bc0-448f-a9da-85932f07fd28" />
      <TestMethod codeBase="C:\Projekty\NUnitTestProject\bin\Debug\netcoreapp3.1\NUnitTestProject.dll" adapterTypeName="executor://nunit3testexecutor/" className="NUnitTestProject.CurrencyHelperTests" name="FormatToStringTest1000(35384.637112688106d,&quot;35384.64 zł&quot;)" />
    </UnitTest>
    <UnitTest name="FormatToStringTest1000(15591.4117417221d,&quot;15591.41 zł&quot;)" storage="c:\projekty\nunittestproject\bin\debug\netcoreapp3.1\nunittestproject.dll" id="e39abc6e-a339-e385-747c-5c151d68fdc6">
      <Execution id="35f11c64-74bd-40a9-96ce-78a2200acfa5" />
      <TestMethod codeBase="C:\Projekty\NUnitTestProject\bin\Debug\netcoreapp3.1\NUnitTestProject.dll" adapterTypeName="executor://nunit3testexecutor/" className="NUnitTestProject.CurrencyHelperTests" name="FormatToStringTest1000(15591.4117417221d,&quot;15591.41 zł&quot;)" />
    </UnitTest>
    <UnitTest name="FormatToStringTest1000(6035.818653228608d,&quot;6035.82 zł&quot;)" storage="c:\projekty\nunittestproject\bin\debug\netcoreapp3.1\nunittestproject.dll" id="be59208d-36e7-073c-919d-21490848351c">
      <Execution id="2832977e-e7c1-48f4-be3b-50077971af56" />
      <TestMethod codeBase="C:\Projekty\NUnitTestProject\bin\Debug\netcoreapp3.1\NUnitTestProject.dll" adapterTypeName="executor://nunit3testexecutor/" className="NUnitTestProject.CurrencyHelperTests" name="FormatToStringTest1000(6035.818653228608d,&quot;6035.82 zł&quot;)" />
    </UnitTest>
    <UnitTest name="FormatToStringTest1000(3043.6828298227315d,&quot;3043.68 zł&quot;)" storage="c:\projekty\nunittestproject\bin\debug\netcoreapp3.1\nunittestproject.dll" id="edd8698a-89a8-0a11-5f44-5d3f526abc13">
      <Execution id="b53bf9c4-59da-4e1d-a3f8-6441256178f1" />
      <TestMethod codeBase="C:\Projekty\NUnitTestProject\bin\Debug\netcoreapp3.1\NUnitTestProject.dll" adapterTypeName="executor://nunit3testexecutor/" className="NUnitTestProject.CurrencyHelperTests" name="FormatToStringTest1000(3043.6828298227315d,&quot;3043.68 zł&quot;)" />
    </UnitTest>
    <UnitTest name="FormatToStringTest1000(69373.32129976773d,&quot;69373.32 zł&quot;)" storage="c:\projekty\nunittestproject\bin\debug\netcoreapp3.1\nunittestproject.dll" id="6fa66cd3-3174-5023-d80b-ce9981bfadfc">
      <Execution id="5f3b95b4-6ab3-4685-a433-4764b979ae4b" />
      <TestMethod codeBase="C:\Projekty\NUnitTestProject\bin\Debug\netcoreapp3.1\NUnitTestProject.dll" adapterTypeName="executor://nunit3testexecutor/" className="NUnitTestProject.CurrencyHelperTests" name="FormatToStringTest1000(69373.32129976773d,&quot;69373.32 zł&quot;)" />
    </UnitTest>
    <UnitTest name="FormatToStringTest1000(21328.29026726507d,&quot;21328.29 zł&quot;)" storage="c:\projekty\nunittestproject\bin\debug\netcoreapp3.1\nunittestproject.dll" id="c6ae4b68-49e1-d669-439e-3d0b7ef0cea4">
      <Execution id="37eb061b-621a-4faf-83b9-553e5064d2a8" />
      <TestMethod codeBase="C:\Projekty\NUnitTestProject\bin\Debug\netcoreapp3.1\NUnitTestProject.dll" adapterTypeName="executor://nunit3testexecutor/" className="NUnitTestProject.CurrencyHelperTests" name="FormatToStringTest1000(21328.29026726507d,&quot;21328.29 zł&quot;)" />
    </UnitTest>
    <UnitTest name="FormatToStringTest1000(1884.4923513031063d,&quot;1884.49 zł&quot;)" storage="c:\projekty\nunittestproject\bin\debug\netcoreapp3.1\nunittestproject.dll" id="e8dae4f6-1eb2-866f-8693-bdd69c27bed8">
      <Execution id="694ddce1-05d9-43b3-9690-e5791ed3d4a6" />
      <TestMethod codeBase="C:\Projekty\NUnitTestProject\bin\Debug\netcoreapp3.1\NUnitTestProject.dll" adapterTypeName="executor://nunit3testexecutor/" className="NUnitTestProject.CurrencyHelperTests" name="FormatToStringTest1000(1884.4923513031063d,&quot;1884.49 zł&quot;)" />
    </UnitTest>
    <UnitTest name="FormatToStringTest1000(7013.601812260971d,&quot;7013.60 zł&quot;)" storage="c:\projekty\nunittestproject\bin\debug\netcoreapp3.1\nunittestproject.dll" id="2fcbb4d5-0c22-d47d-9ea9-6260fb047a7e">
      <Execution id="966d2df5-d073-40db-9517-355d497fe6da" />
      <TestMethod codeBase="C:\Projekty\NUnitTestProject\bin\Debug\netcoreapp3.1\NUnitTestProject.dll" adapterTypeName="executor://nunit3testexecutor/" className="NUnitTestProject.CurrencyHelperTests" name="FormatToStringTest1000(7013.601812260971d,&quot;7013.60 zł&quot;)" />
    </UnitTest>
    <UnitTest name="FormatToStringTest1000(28583.827618148098d,&quot;28583.83 zł&quot;)" storage="c:\projekty\nunittestproject\bin\debug\netcoreapp3.1\nunittestproject.dll" id="e6917a9a-a471-dbed-84cc-6e63cf19f9df">
      <Execution id="711e3e9e-f1a6-4685-b195-ad27d01c30f3" />
      <TestMethod codeBase="C:\Projekty\NUnitTestProject\bin\Debug\netcoreapp3.1\NUnitTestProject.dll" adapterTypeName="executor://nunit3testexecutor/" className="NUnitTestProject.CurrencyHelperTests" name="FormatToStringTest1000(28583.827618148098d,&quot;28583.83 zł&quot;)" />
    </UnitTest>
    <UnitTest name="FormatToStringTest1000(1187.8237780126854d,&quot;1187.82 zł&quot;)" storage="c:\projekty\nunittestproject\bin\debug\netcoreapp3.1\nunittestproject.dll" id="b2a12e1f-5796-ca8b-404b-61553a46fbc5">
      <Execution id="2647bc0c-7aaa-4f77-9cb1-578b382ff1af" />
      <TestMethod codeBase="C:\Projekty\NUnitTestProject\bin\Debug\netcoreapp3.1\NUnitTestProject.dll" adapterTypeName="executor://nunit3testexecutor/" className="NUnitTestProject.CurrencyHelperTests" name="FormatToStringTest1000(1187.8237780126854d,&quot;1187.82 zł&quot;)" />
    </UnitTest>
    <UnitTest name="FormatToStringTest1000(54578.37303904275d,&quot;54578.37 zł&quot;)" storage="c:\projekty\nunittestproject\bin\debug\netcoreapp3.1\nunittestproject.dll" id="605c2bc0-4496-0f02-aeff-a229323c4be4">
      <Execution id="fa61e39c-4a14-45ab-b9ba-c12e6d96fa25" />
      <TestMethod codeBase="C:\Projekty\NUnitTestProject\bin\Debug\netcoreapp3.1\NUnitTestProject.dll" adapterTypeName="executor://nunit3testexecutor/" className="NUnitTestProject.CurrencyHelperTests" name="FormatToStringTest1000(54578.37303904275d,&quot;54578.37 zł&quot;)" />
    </UnitTest>
    <UnitTest name="FormatToStringTest1000(159.83786031922224d,&quot;159.84 zł&quot;)" storage="c:\projekty\nunittestproject\bin\debug\netcoreapp3.1\nunittestproject.dll" id="4c344495-4967-8a3c-49bd-83047e73dd58">
      <Execution id="849478a5-4473-4717-9226-fdd2340739aa" />
      <TestMethod codeBase="C:\Projekty\NUnitTestProject\bin\Debug\netcoreapp3.1\NUnitTestProject.dll" adapterTypeName="executor://nunit3testexecutor/" className="NUnitTestProject.CurrencyHelperTests" name="FormatToStringTest1000(159.83786031922224d,&quot;159.84 zł&quot;)" />
    </UnitTest>
    <UnitTest name="FormatToStringTest1000(79388.929555234d,&quot;79388.93 zł&quot;)" storage="c:\projekty\nunittestproject\bin\debug\netcoreapp3.1\nunittestproject.dll" id="f2705aac-0fab-25bd-44fc-31cfea9f5c9a">
      <Execution id="ee0bdf2f-a09c-47dc-9299-d7301310082e" />
      <TestMethod codeBase="C:\Projekty\NUnitTestProject\bin\Debug\netcoreapp3.1\NUnitTestProject.dll" adapterTypeName="executor://nunit3testexecutor/" className="NUnitTestProject.CurrencyHelperTests" name="FormatToStringTest1000(79388.929555234d,&quot;79388.93 zł&quot;)" />
    </UnitTest>
    <UnitTest name="FormatToStringTest1000(40241.790964380736d,&quot;40241.79 zł&quot;)" storage="c:\projekty\nunittestproject\bin\debug\netcoreapp3.1\nunittestproject.dll" id="bf7aea95-4edb-be07-7de0-fdb7b0e337d5">
      <Execution id="97af1982-18ef-42d8-9d9e-1a84018af7ea" />
      <TestMethod codeBase="C:\Projekty\NUnitTestProject\bin\Debug\netcoreapp3.1\NUnitTestProject.dll" adapterTypeName="executor://nunit3testexecutor/" className="NUnitTestProject.CurrencyHelperTests" name="FormatToStringTest1000(40241.790964380736d,&quot;40241.79 zł&quot;)" />
    </UnitTest>
    <UnitTest name="FormatToStringTest1000(37528.70144368368d,&quot;37528.70 zł&quot;)" storage="c:\projekty\nunittestproject\bin\debug\netcoreapp3.1\nunittestproject.dll" id="bc2dc8fc-01b0-0065-79fa-2e41ef829892">
      <Execution id="938d263c-b2aa-46e4-9e12-a55e40313034" />
      <TestMethod codeBase="C:\Projekty\NUnitTestProject\bin\Debug\netcoreapp3.1\NUnitTestProject.dll" adapterTypeName="executor://nunit3testexecutor/" className="NUnitTestProject.CurrencyHelperTests" name="FormatToStringTest1000(37528.70144368368d,&quot;37528.70 zł&quot;)" />
    </UnitTest>
    <UnitTest name="FormatToStringTest1000(51503.82905738234d,&quot;51503.83 zł&quot;)" storage="c:\projekty\nunittestproject\bin\debug\netcoreapp3.1\nunittestproject.dll" id="0ad74e44-881e-9461-7e6f-381a5cc80df0">
      <Execution id="e35c38aa-c68a-485b-9775-ea2b73a8f189" />
      <TestMethod codeBase="C:\Projekty\NUnitTestProject\bin\Debug\netcoreapp3.1\NUnitTestProject.dll" adapterTypeName="executor://nunit3testexecutor/" className="NUnitTestProject.CurrencyHelperTests" name="FormatToStringTest1000(51503.82905738234d,&quot;51503.83 zł&quot;)" />
    </UnitTest>
    <UnitTest name="FormatToStringTest1000(395.45790295882983d,&quot;395.46 zł&quot;)" storage="c:\projekty\nunittestproject\bin\debug\netcoreapp3.1\nunittestproject.dll" id="069167da-f488-ff65-4a0d-a2797b191242">
      <Execution id="046f2eea-3b45-4f24-951f-6ec502e2aca6" />
      <TestMethod codeBase="C:\Projekty\NUnitTestProject\bin\Debug\netcoreapp3.1\NUnitTestProject.dll" adapterTypeName="executor://nunit3testexecutor/" className="NUnitTestProject.CurrencyHelperTests" name="FormatToStringTest1000(395.45790295882983d,&quot;395.46 zł&quot;)" />
    </UnitTest>
    <UnitTest name="FormatToStringTest1000(28502.61128259758d,&quot;28502.61 zł&quot;)" storage="c:\projekty\nunittestproject\bin\debug\netcoreapp3.1\nunittestproject.dll" id="bf1576c7-03bd-feeb-bbbd-0a36863eaddc">
      <Execution id="57e83861-b9b8-4c54-a5c1-425828ead128" />
      <TestMethod codeBase="C:\Projekty\NUnitTestProject\bin\Debug\netcoreapp3.1\NUnitTestProject.dll" adapterTypeName="executor://nunit3testexecutor/" className="NUnitTestProject.CurrencyHelperTests" name="FormatToStringTest1000(28502.61128259758d,&quot;28502.61 zł&quot;)" />
    </UnitTest>
    <UnitTest name="FormatToStringTest1000(29678.921519093645d,&quot;29678.92 zł&quot;)" storage="c:\projekty\nunittestproject\bin\debug\netcoreapp3.1\nunittestproject.dll" id="37d70f53-ca13-79ab-c67c-fecd55be0876">
      <Execution id="8c855418-5ddb-4187-b9c0-0e1da783ceaa" />
      <TestMethod codeBase="C:\Projekty\NUnitTestProject\bin\Debug\netcoreapp3.1\NUnitTestProject.dll" adapterTypeName="executor://nunit3testexecutor/" className="NUnitTestProject.CurrencyHelperTests" name="FormatToStringTest1000(29678.921519093645d,&quot;29678.92 zł&quot;)" />
    </UnitTest>
    <UnitTest name="FormatToStringTest1000(30578.687538491416d,&quot;30578.69 zł&quot;)" storage="c:\projekty\nunittestproject\bin\debug\netcoreapp3.1\nunittestproject.dll" id="ae7cb376-4ef2-2742-75ce-61ea6adcde54">
      <Execution id="f89c687a-85a4-42cd-bdd5-eb442036f046" />
      <TestMethod codeBase="C:\Projekty\NUnitTestProject\bin\Debug\netcoreapp3.1\NUnitTestProject.dll" adapterTypeName="executor://nunit3testexecutor/" className="NUnitTestProject.CurrencyHelperTests" name="FormatToStringTest1000(30578.687538491416d,&quot;30578.69 zł&quot;)" />
    </UnitTest>
    <UnitTest name="FormatToStringTest1000(18596.12661189033d,&quot;18596.13 zł&quot;)" storage="c:\projekty\nunittestproject\bin\debug\netcoreapp3.1\nunittestproject.dll" id="34a0ec2a-ee87-5c68-071f-7bf4fe21828e">
      <Execution id="9d02806e-dd76-4c6d-a24f-cfd032c307bb" />
      <TestMethod codeBase="C:\Projekty\NUnitTestProject\bin\Debug\netcoreapp3.1\NUnitTestProject.dll" adapterTypeName="executor://nunit3testexecutor/" className="NUnitTestProject.CurrencyHelperTests" name="FormatToStringTest1000(18596.12661189033d,&quot;18596.13 zł&quot;)" />
    </UnitTest>
    <UnitTest name="FormatToStringTest1000(21893.78889296939d,&quot;21893.79 zł&quot;)" storage="c:\projekty\nunittestproject\bin\debug\netcoreapp3.1\nunittestproject.dll" id="ffb7284d-9149-6f2f-e2cd-12399f61de50">
      <Execution id="0f261c8e-4e69-4dbb-a6ab-b3a93803f54a" />
      <TestMethod codeBase="C:\Projekty\NUnitTestProject\bin\Debug\netcoreapp3.1\NUnitTestProject.dll" adapterTypeName="executor://nunit3testexecutor/" className="NUnitTestProject.CurrencyHelperTests" name="FormatToStringTest1000(21893.78889296939d,&quot;21893.79 zł&quot;)" />
    </UnitTest>
    <UnitTest name="FormatToStringTest1000(46166.38051381259d,&quot;46166.38 zł&quot;)" storage="c:\projekty\nunittestproject\bin\debug\netcoreapp3.1\nunittestproject.dll" id="6d4f36db-ef1e-952d-7dfb-29f4be4b6ca7">
      <Execution id="2247a5a0-3915-41ec-ad72-81e952345ae9" />
      <TestMethod codeBase="C:\Projekty\NUnitTestProject\bin\Debug\netcoreapp3.1\NUnitTestProject.dll" adapterTypeName="executor://nunit3testexecutor/" className="NUnitTestProject.CurrencyHelperTests" name="FormatToStringTest1000(46166.38051381259d,&quot;46166.38 zł&quot;)" />
    </UnitTest>
    <UnitTest name="FormatToStringTest1000(5978.1197194131655d,&quot;5978.12 zł&quot;)" storage="c:\projekty\nunittestproject\bin\debug\netcoreapp3.1\nunittestproject.dll" id="30b3b577-2061-3db5-edc3-bfd98a1a499f">
      <Execution id="06a7a5e8-4a8a-4c93-a018-bc558c4eb265" />
      <TestMethod codeBase="C:\Projekty\NUnitTestProject\bin\Debug\netcoreapp3.1\NUnitTestProject.dll" adapterTypeName="executor://nunit3testexecutor/" className="NUnitTestProject.CurrencyHelperTests" name="FormatToStringTest1000(5978.1197194131655d,&quot;5978.12 zł&quot;)" />
    </UnitTest>
    <UnitTest name="FormatToStringTest1000(66284.43763489948d,&quot;66284.44 zł&quot;)" storage="c:\projekty\nunittestproject\bin\debug\netcoreapp3.1\nunittestproject.dll" id="1d439d51-4271-ce67-e4e0-d0b84f8d1caf">
      <Execution id="03c3615b-0de6-4f24-895f-dcd7b9a42872" />
      <TestMethod codeBase="C:\Projekty\NUnitTestProject\bin\Debug\netcoreapp3.1\NUnitTestProject.dll" adapterTypeName="executor://nunit3testexecutor/" className="NUnitTestProject.CurrencyHelperTests" name="FormatToStringTest1000(66284.43763489948d,&quot;66284.44 zł&quot;)" />
    </UnitTest>
    <UnitTest name="FormatToStringTest1000(34062.88803158276d,&quot;34062.89 zł&quot;)" storage="c:\projekty\nunittestproject\bin\debug\netcoreapp3.1\nunittestproject.dll" id="cee29849-c944-ee97-87d2-c62444a8a328">
      <Execution id="2ec35212-e9c4-4073-942b-ff002c8f75c6" />
      <TestMethod codeBase="C:\Projekty\NUnitTestProject\bin\Debug\netcoreapp3.1\NUnitTestProject.dll" adapterTypeName="executor://nunit3testexecutor/" className="NUnitTestProject.CurrencyHelperTests" name="FormatToStringTest1000(34062.88803158276d,&quot;34062.89 zł&quot;)" />
    </UnitTest>
    <UnitTest name="FormatToStringTest1000(8347.417790138823d,&quot;8347.42 zł&quot;)" storage="c:\projekty\nunittestproject\bin\debug\netcoreapp3.1\nunittestproject.dll" id="f40cda09-c7b2-157d-533a-1e4833860e01">
      <Execution id="f8b80f20-a173-4f71-af1f-b8ca91673de2" />
      <TestMethod codeBase="C:\Projekty\NUnitTestProject\bin\Debug\netcoreapp3.1\NUnitTestProject.dll" adapterTypeName="executor://nunit3testexecutor/" className="NUnitTestProject.CurrencyHelperTests" name="FormatToStringTest1000(8347.417790138823d,&quot;8347.42 zł&quot;)" />
    </UnitTest>
    <UnitTest name="FormatToStringTest1000(19071.681252896637d,&quot;19071.68 zł&quot;)" storage="c:\projekty\nunittestproject\bin\debug\netcoreapp3.1\nunittestproject.dll" id="ec19b07c-d465-faec-475d-a8dee6e4e934">
      <Execution id="fc79e482-c231-424b-9eee-d5e0b5d72566" />
      <TestMethod codeBase="C:\Projekty\NUnitTestProject\bin\Debug\netcoreapp3.1\NUnitTestProject.dll" adapterTypeName="executor://nunit3testexecutor/" className="NUnitTestProject.CurrencyHelperTests" name="FormatToStringTest1000(19071.681252896637d,&quot;19071.68 zł&quot;)" />
    </UnitTest>
    <UnitTest name="FormatToStringTest1000(26174.290999793586d,&quot;26174.29 zł&quot;)" storage="c:\projekty\nunittestproject\bin\debug\netcoreapp3.1\nunittestproject.dll" id="b6307f6f-0923-1f5a-926e-f404ac915b20">
      <Execution id="2cdd9518-6d69-4246-a776-98ea03c4e83f" />
      <TestMethod codeBase="C:\Projekty\NUnitTestProject\bin\Debug\netcoreapp3.1\NUnitTestProject.dll" adapterTypeName="executor://nunit3testexecutor/" className="NUnitTestProject.CurrencyHelperTests" name="FormatToStringTest1000(26174.290999793586d,&quot;26174.29 zł&quot;)" />
    </UnitTest>
    <UnitTest name="FormatToStringTest1000(65963.39932440939d,&quot;65963.40 zł&quot;)" storage="c:\projekty\nunittestproject\bin\debug\netcoreapp3.1\nunittestproject.dll" id="c2c1dbbf-76df-e4ac-1f6c-4bf02108e7b1">
      <Execution id="53a815ee-9d1b-48e0-affa-5325a4c4e5ba" />
      <TestMethod codeBase="C:\Projekty\NUnitTestProject\bin\Debug\netcoreapp3.1\NUnitTestProject.dll" adapterTypeName="executor://nunit3testexecutor/" className="NUnitTestProject.CurrencyHelperTests" name="FormatToStringTest1000(65963.39932440939d,&quot;65963.40 zł&quot;)" />
    </UnitTest>
    <UnitTest name="FormatToStringTest1000(93775.33090185716d,&quot;93775.33 zł&quot;)" storage="c:\projekty\nunittestproject\bin\debug\netcoreapp3.1\nunittestproject.dll" id="1e6f2372-9d34-e630-93c8-967c7d09f6b9">
      <Execution id="7344a15d-f60c-49be-972b-d497d2b5326c" />
      <TestMethod codeBase="C:\Projekty\NUnitTestProject\bin\Debug\netcoreapp3.1\NUnitTestProject.dll" adapterTypeName="executor://nunit3testexecutor/" className="NUnitTestProject.CurrencyHelperTests" name="FormatToStringTest1000(93775.33090185716d,&quot;93775.33 zł&quot;)" />
    </UnitTest>
    <UnitTest name="FormatToStringTest1000(24528.124092612474d,&quot;24528.12 zł&quot;)" storage="c:\projekty\nunittestproject\bin\debug\netcoreapp3.1\nunittestproject.dll" id="ea15b94d-4a9c-5bee-a95c-770e518c855b">
      <Execution id="68035547-36da-40b4-9f00-5cdcce2b58f2" />
      <TestMethod codeBase="C:\Projekty\NUnitTestProject\bin\Debug\netcoreapp3.1\NUnitTestProject.dll" adapterTypeName="executor://nunit3testexecutor/" className="NUnitTestProject.CurrencyHelperTests" name="FormatToStringTest1000(24528.124092612474d,&quot;24528.12 zł&quot;)" />
    </UnitTest>
    <UnitTest name="FormatToStringTest1000(30499.08272379734d,&quot;30499.08 zł&quot;)" storage="c:\projekty\nunittestproject\bin\debug\netcoreapp3.1\nunittestproject.dll" id="7b7d00bb-4c5b-d8fb-b3ca-8abd900cc00f">
      <Execution id="6a2b1624-3487-458f-b5e3-3c1b867a3d6a" />
      <TestMethod codeBase="C:\Projekty\NUnitTestProject\bin\Debug\netcoreapp3.1\NUnitTestProject.dll" adapterTypeName="executor://nunit3testexecutor/" className="NUnitTestProject.CurrencyHelperTests" name="FormatToStringTest1000(30499.08272379734d,&quot;30499.08 zł&quot;)" />
    </UnitTest>
    <UnitTest name="FormatToStringTest1000(1860.3356292016504d,&quot;1860.34 zł&quot;)" storage="c:\projekty\nunittestproject\bin\debug\netcoreapp3.1\nunittestproject.dll" id="07f796cc-f35b-a2f3-f99a-0213c6c6aa02">
      <Execution id="69cccef9-f334-43bf-b725-78115634e9c3" />
      <TestMethod codeBase="C:\Projekty\NUnitTestProject\bin\Debug\netcoreapp3.1\NUnitTestProject.dll" adapterTypeName="executor://nunit3testexecutor/" className="NUnitTestProject.CurrencyHelperTests" name="FormatToStringTest1000(1860.3356292016504d,&quot;1860.34 zł&quot;)" />
    </UnitTest>
    <UnitTest name="FormatToStringTest1000(24729.333280806586d,&quot;24729.33 zł&quot;)" storage="c:\projekty\nunittestproject\bin\debug\netcoreapp3.1\nunittestproject.dll" id="419ecc87-d9c8-28c4-00c0-ef118e7ae268">
      <Execution id="0b9741c7-6b86-4888-9729-1c28b51cba93" />
      <TestMethod codeBase="C:\Projekty\NUnitTestProject\bin\Debug\netcoreapp3.1\NUnitTestProject.dll" adapterTypeName="executor://nunit3testexecutor/" className="NUnitTestProject.CurrencyHelperTests" name="FormatToStringTest1000(24729.333280806586d,&quot;24729.33 zł&quot;)" />
    </UnitTest>
    <UnitTest name="FormatToStringTest1000(51529.79033960206d,&quot;51529.79 zł&quot;)" storage="c:\projekty\nunittestproject\bin\debug\netcoreapp3.1\nunittestproject.dll" id="c39afc72-aad4-5709-e4a1-73293872a305">
      <Execution id="3da63f22-a7b6-4c46-ad7f-2216b0ca9bd4" />
      <TestMethod codeBase="C:\Projekty\NUnitTestProject\bin\Debug\netcoreapp3.1\NUnitTestProject.dll" adapterTypeName="executor://nunit3testexecutor/" className="NUnitTestProject.CurrencyHelperTests" name="FormatToStringTest1000(51529.79033960206d,&quot;51529.79 zł&quot;)" />
    </UnitTest>
    <UnitTest name="FormatToStringTest1000(64124.274503948756d,&quot;64124.27 zł&quot;)" storage="c:\projekty\nunittestproject\bin\debug\netcoreapp3.1\nunittestproject.dll" id="0667d290-5479-f00f-a7a0-ba550069f4d6">
      <Execution id="91406917-7fcd-4a05-9322-700d0aed7cd4" />
      <TestMethod codeBase="C:\Projekty\NUnitTestProject\bin\Debug\netcoreapp3.1\NUnitTestProject.dll" adapterTypeName="executor://nunit3testexecutor/" className="NUnitTestProject.CurrencyHelperTests" name="FormatToStringTest1000(64124.274503948756d,&quot;64124.27 zł&quot;)" />
    </UnitTest>
    <UnitTest name="FormatToStringTest1000(397.6461894566408d,&quot;397.65 zł&quot;)" storage="c:\projekty\nunittestproject\bin\debug\netcoreapp3.1\nunittestproject.dll" id="decab755-c41c-98a8-9dd2-05d18e8ecb05">
      <Execution id="8eb29af6-7608-4c1b-80b6-9fe968ddae2f" />
      <TestMethod codeBase="C:\Projekty\NUnitTestProject\bin\Debug\netcoreapp3.1\NUnitTestProject.dll" adapterTypeName="executor://nunit3testexecutor/" className="NUnitTestProject.CurrencyHelperTests" name="FormatToStringTest1000(397.6461894566408d,&quot;397.65 zł&quot;)" />
    </UnitTest>
    <UnitTest name="FormatToStringTest1000(36211.11038300866d,&quot;36211.11 zł&quot;)" storage="c:\projekty\nunittestproject\bin\debug\netcoreapp3.1\nunittestproject.dll" id="0be37416-8f8e-24dd-296a-86593af9af2f">
      <Execution id="6822d249-4601-4516-ba46-c0f5d0854d7b" />
      <TestMethod codeBase="C:\Projekty\NUnitTestProject\bin\Debug\netcoreapp3.1\NUnitTestProject.dll" adapterTypeName="executor://nunit3testexecutor/" className="NUnitTestProject.CurrencyHelperTests" name="FormatToStringTest1000(36211.11038300866d,&quot;36211.11 zł&quot;)" />
    </UnitTest>
    <UnitTest name="FormatToStringTest1000(25084.19182667238d,&quot;25084.19 zł&quot;)" storage="c:\projekty\nunittestproject\bin\debug\netcoreapp3.1\nunittestproject.dll" id="086ce182-cb7e-9e8c-a794-52547670ad62">
      <Execution id="b9def855-0516-4ac3-bd9e-b0f5b4c3a0b5" />
      <TestMethod codeBase="C:\Projekty\NUnitTestProject\bin\Debug\netcoreapp3.1\NUnitTestProject.dll" adapterTypeName="executor://nunit3testexecutor/" className="NUnitTestProject.CurrencyHelperTests" name="FormatToStringTest1000(25084.19182667238d,&quot;25084.19 zł&quot;)" />
    </UnitTest>
    <UnitTest name="FormatToStringTest1000(80609.94377465078d,&quot;80609.94 zł&quot;)" storage="c:\projekty\nunittestproject\bin\debug\netcoreapp3.1\nunittestproject.dll" id="41ef5fd9-da1d-a61b-4faa-45b077dd05bc">
      <Execution id="9b814667-4796-453d-a479-d071185808be" />
      <TestMethod codeBase="C:\Projekty\NUnitTestProject\bin\Debug\netcoreapp3.1\NUnitTestProject.dll" adapterTypeName="executor://nunit3testexecutor/" className="NUnitTestProject.CurrencyHelperTests" name="FormatToStringTest1000(80609.94377465078d,&quot;80609.94 zł&quot;)" />
    </UnitTest>
    <UnitTest name="FormatToStringTest1000(941.429400278921d,&quot;941.43 zł&quot;)" storage="c:\projekty\nunittestproject\bin\debug\netcoreapp3.1\nunittestproject.dll" id="4d634782-9db9-e8af-a18d-f1e4c45e4686">
      <Execution id="5d03f4bf-892f-4c56-b561-648931c3ce9e" />
      <TestMethod codeBase="C:\Projekty\NUnitTestProject\bin\Debug\netcoreapp3.1\NUnitTestProject.dll" adapterTypeName="executor://nunit3testexecutor/" className="NUnitTestProject.CurrencyHelperTests" name="FormatToStringTest1000(941.429400278921d,&quot;941.43 zł&quot;)" />
    </UnitTest>
    <UnitTest name="FormatToStringTest1000(75162.39407669863d,&quot;75162.39 zł&quot;)" storage="c:\projekty\nunittestproject\bin\debug\netcoreapp3.1\nunittestproject.dll" id="8a34d143-fbd5-8061-22f1-4fab44554570">
      <Execution id="59260aed-f1ab-45d4-b0cb-ccfcecf98da2" />
      <TestMethod codeBase="C:\Projekty\NUnitTestProject\bin\Debug\netcoreapp3.1\NUnitTestProject.dll" adapterTypeName="executor://nunit3testexecutor/" className="NUnitTestProject.CurrencyHelperTests" name="FormatToStringTest1000(75162.39407669863d,&quot;75162.39 zł&quot;)" />
    </UnitTest>
    <UnitTest name="FormatToStringTest1000(16037.01783290087d,&quot;16037.02 zł&quot;)" storage="c:\projekty\nunittestproject\bin\debug\netcoreapp3.1\nunittestproject.dll" id="fa8e579d-d6a8-b37b-9cf1-3c38331f528e">
      <Execution id="6ba52b0b-2d25-4787-a5ed-e9c19e8c4322" />
      <TestMethod codeBase="C:\Projekty\NUnitTestProject\bin\Debug\netcoreapp3.1\NUnitTestProject.dll" adapterTypeName="executor://nunit3testexecutor/" className="NUnitTestProject.CurrencyHelperTests" name="FormatToStringTest1000(16037.01783290087d,&quot;16037.02 zł&quot;)" />
    </UnitTest>
    <UnitTest name="FormatToStringTest1000(40545.70748620001d,&quot;40545.71 zł&quot;)" storage="c:\projekty\nunittestproject\bin\debug\netcoreapp3.1\nunittestproject.dll" id="0a65341a-9de3-344f-781f-a38c0f56cbef">
      <Execution id="f12a204c-21c3-4a72-8c1b-bf926626e9bd" />
      <TestMethod codeBase="C:\Projekty\NUnitTestProject\bin\Debug\netcoreapp3.1\NUnitTestProject.dll" adapterTypeName="executor://nunit3testexecutor/" className="NUnitTestProject.CurrencyHelperTests" name="FormatToStringTest1000(40545.70748620001d,&quot;40545.71 zł&quot;)" />
    </UnitTest>
    <UnitTest name="FormatToStringTest1000(4116.417580192638d,&quot;4116.42 zł&quot;)" storage="c:\projekty\nunittestproject\bin\debug\netcoreapp3.1\nunittestproject.dll" id="1eb4d4f7-74ca-78cd-f76d-cc295b6f3916">
      <Execution id="ec60935d-fba5-4b26-98eb-73356a3467ca" />
      <TestMethod codeBase="C:\Projekty\NUnitTestProject\bin\Debug\netcoreapp3.1\NUnitTestProject.dll" adapterTypeName="executor://nunit3testexecutor/" className="NUnitTestProject.CurrencyHelperTests" name="FormatToStringTest1000(4116.417580192638d,&quot;4116.42 zł&quot;)" />
    </UnitTest>
    <UnitTest name="FormatToStringTest1000(134.1514758393874d,&quot;134.15 zł&quot;)" storage="c:\projekty\nunittestproject\bin\debug\netcoreapp3.1\nunittestproject.dll" id="35113593-4524-9172-cef8-1a1f5c1dfb29">
      <Execution id="0ef8022e-5d5b-48b9-971e-dede9e158314" />
      <TestMethod codeBase="C:\Projekty\NUnitTestProject\bin\Debug\netcoreapp3.1\NUnitTestProject.dll" adapterTypeName="executor://nunit3testexecutor/" className="NUnitTestProject.CurrencyHelperTests" name="FormatToStringTest1000(134.1514758393874d,&quot;134.15 zł&quot;)" />
    </UnitTest>
    <UnitTest name="FormatToStringTest1000(28072.424637532058d,&quot;28072.42 zł&quot;)" storage="c:\projekty\nunittestproject\bin\debug\netcoreapp3.1\nunittestproject.dll" id="7b53b99d-252e-844e-10ce-3552b8f6980f">
      <Execution id="c7f24de3-40a5-45ca-a6cb-5e42c1cb7589" />
      <TestMethod codeBase="C:\Projekty\NUnitTestProject\bin\Debug\netcoreapp3.1\NUnitTestProject.dll" adapterTypeName="executor://nunit3testexecutor/" className="NUnitTestProject.CurrencyHelperTests" name="FormatToStringTest1000(28072.424637532058d,&quot;28072.42 zł&quot;)" />
    </UnitTest>
    <UnitTest name="FormatToStringTest1000(1011.9989482094529d,&quot;1012.00 zł&quot;)" storage="c:\projekty\nunittestproject\bin\debug\netcoreapp3.1\nunittestproject.dll" id="a99bf545-84e2-fafd-ee3f-5153803c3541">
      <Execution id="8821ed4b-a5ba-41e8-b6a9-372fc9c178d7" />
      <TestMethod codeBase="C:\Projekty\NUnitTestProject\bin\Debug\netcoreapp3.1\NUnitTestProject.dll" adapterTypeName="executor://nunit3testexecutor/" className="NUnitTestProject.CurrencyHelperTests" name="FormatToStringTest1000(1011.9989482094529d,&quot;1012.00 zł&quot;)" />
    </UnitTest>
    <UnitTest name="FormatToStringTest1000(5628.028273674672d,&quot;5628.03 zł&quot;)" storage="c:\projekty\nunittestproject\bin\debug\netcoreapp3.1\nunittestproject.dll" id="862cc562-9bfe-8861-cf4e-b4582450cbaa">
      <Execution id="26bdb3ae-d110-4007-a631-0df5a0fb0462" />
      <TestMethod codeBase="C:\Projekty\NUnitTestProject\bin\Debug\netcoreapp3.1\NUnitTestProject.dll" adapterTypeName="executor://nunit3testexecutor/" className="NUnitTestProject.CurrencyHelperTests" name="FormatToStringTest1000(5628.028273674672d,&quot;5628.03 zł&quot;)" />
    </UnitTest>
    <UnitTest name="FormatToStringTest1000(88489.14069749469d,&quot;88489.14 zł&quot;)" storage="c:\projekty\nunittestproject\bin\debug\netcoreapp3.1\nunittestproject.dll" id="3f6f5d68-0845-7e29-25ea-1750d0b3ad97">
      <Execution id="201cef54-903e-4464-bd04-26141c3d2064" />
      <TestMethod codeBase="C:\Projekty\NUnitTestProject\bin\Debug\netcoreapp3.1\NUnitTestProject.dll" adapterTypeName="executor://nunit3testexecutor/" className="NUnitTestProject.CurrencyHelperTests" name="FormatToStringTest1000(88489.14069749469d,&quot;88489.14 zł&quot;)" />
    </UnitTest>
    <UnitTest name="FormatToStringTest1000(2718.1767171650085d,&quot;2718.18 zł&quot;)" storage="c:\projekty\nunittestproject\bin\debug\netcoreapp3.1\nunittestproject.dll" id="d010d6f6-5302-e7a6-bd9d-f255dac3cdb8">
      <Execution id="3b458b4d-2764-4a02-9169-01b74bf428a1" />
      <TestMethod codeBase="C:\Projekty\NUnitTestProject\bin\Debug\netcoreapp3.1\NUnitTestProject.dll" adapterTypeName="executor://nunit3testexecutor/" className="NUnitTestProject.CurrencyHelperTests" name="FormatToStringTest1000(2718.1767171650085d,&quot;2718.18 zł&quot;)" />
    </UnitTest>
    <UnitTest name="FormatToStringTest1000(14480.387652530982d,&quot;14480.39 zł&quot;)" storage="c:\projekty\nunittestproject\bin\debug\netcoreapp3.1\nunittestproject.dll" id="fc250b23-71a0-c4eb-52eb-8cd889ac9f85">
      <Execution id="1dc7401b-ec53-4b38-9022-1a80d14d654c" />
      <TestMethod codeBase="C:\Projekty\NUnitTestProject\bin\Debug\netcoreapp3.1\NUnitTestProject.dll" adapterTypeName="executor://nunit3testexecutor/" className="NUnitTestProject.CurrencyHelperTests" name="FormatToStringTest1000(14480.387652530982d,&quot;14480.39 zł&quot;)" />
    </UnitTest>
    <UnitTest name="FormatToStringTest1000(32566.30279101259d,&quot;32566.30 zł&quot;)" storage="c:\projekty\nunittestproject\bin\debug\netcoreapp3.1\nunittestproject.dll" id="71b5ba87-68b9-157d-6948-87a1827119b3">
      <Execution id="3fbebafb-4a2d-4ca0-8446-ffac45792054" />
      <TestMethod codeBase="C:\Projekty\NUnitTestProject\bin\Debug\netcoreapp3.1\NUnitTestProject.dll" adapterTypeName="executor://nunit3testexecutor/" className="NUnitTestProject.CurrencyHelperTests" name="FormatToStringTest1000(32566.30279101259d,&quot;32566.30 zł&quot;)" />
    </UnitTest>
    <UnitTest name="FormatToStringTest1000(18627.604896394354d,&quot;18627.60 zł&quot;)" storage="c:\projekty\nunittestproject\bin\debug\netcoreapp3.1\nunittestproject.dll" id="43c3749f-0376-2035-bd94-4df92053dab3">
      <Execution id="7157fe2b-e524-4ae8-b349-f8f7a22989d7" />
      <TestMethod codeBase="C:\Projekty\NUnitTestProject\bin\Debug\netcoreapp3.1\NUnitTestProject.dll" adapterTypeName="executor://nunit3testexecutor/" className="NUnitTestProject.CurrencyHelperTests" name="FormatToStringTest1000(18627.604896394354d,&quot;18627.60 zł&quot;)" />
    </UnitTest>
    <UnitTest name="FormatToStringTest1000(24137.016609529506d,&quot;24137.02 zł&quot;)" storage="c:\projekty\nunittestproject\bin\debug\netcoreapp3.1\nunittestproject.dll" id="35de634f-b340-f79b-b6a0-46426bd56e47">
      <Execution id="1963fde8-8ce1-4e77-ae42-064e24185ae9" />
      <TestMethod codeBase="C:\Projekty\NUnitTestProject\bin\Debug\netcoreapp3.1\NUnitTestProject.dll" adapterTypeName="executor://nunit3testexecutor/" className="NUnitTestProject.CurrencyHelperTests" name="FormatToStringTest1000(24137.016609529506d,&quot;24137.02 zł&quot;)" />
    </UnitTest>
    <UnitTest name="FormatToStringTest1000(46790.41011887715d,&quot;46790.41 zł&quot;)" storage="c:\projekty\nunittestproject\bin\debug\netcoreapp3.1\nunittestproject.dll" id="0d37f434-250b-5238-45a8-c128f2ef42ef">
      <Execution id="4080311e-16c7-44e7-8764-18ee49e59e06" />
      <TestMethod codeBase="C:\Projekty\NUnitTestProject\bin\Debug\netcoreapp3.1\NUnitTestProject.dll" adapterTypeName="executor://nunit3testexecutor/" className="NUnitTestProject.CurrencyHelperTests" name="FormatToStringTest1000(46790.41011887715d,&quot;46790.41 zł&quot;)" />
    </UnitTest>
    <UnitTest name="FormatToStringTest1000(56378.261944644735d,&quot;56378.26 zł&quot;)" storage="c:\projekty\nunittestproject\bin\debug\netcoreapp3.1\nunittestproject.dll" id="3e4e2f06-1967-c539-7ba8-6e0f44663842">
      <Execution id="8c77ab0a-422f-4362-8bfd-e0ca4be9e0a8" />
      <TestMethod codeBase="C:\Projekty\NUnitTestProject\bin\Debug\netcoreapp3.1\NUnitTestProject.dll" adapterTypeName="executor://nunit3testexecutor/" className="NUnitTestProject.CurrencyHelperTests" name="FormatToStringTest1000(56378.261944644735d,&quot;56378.26 zł&quot;)" />
    </UnitTest>
    <UnitTest name="FormatToStringTest1000(12118.31777677048d,&quot;12118.32 zł&quot;)" storage="c:\projekty\nunittestproject\bin\debug\netcoreapp3.1\nunittestproject.dll" id="44562592-e269-1796-e138-85487f7a2be9">
      <Execution id="8cf07ec9-f9c5-4ec7-bd8d-d314719421d9" />
      <TestMethod codeBase="C:\Projekty\NUnitTestProject\bin\Debug\netcoreapp3.1\NUnitTestProject.dll" adapterTypeName="executor://nunit3testexecutor/" className="NUnitTestProject.CurrencyHelperTests" name="FormatToStringTest1000(12118.31777677048d,&quot;12118.32 zł&quot;)" />
    </UnitTest>
    <UnitTest name="FormatToStringTest1000(20527.270339210645d,&quot;20527.27 zł&quot;)" storage="c:\projekty\nunittestproject\bin\debug\netcoreapp3.1\nunittestproject.dll" id="5ad0e86b-2487-b287-bce1-03b910ce35db">
      <Execution id="6ff2d54c-4de4-44c7-bb5b-dea3087b0e58" />
      <TestMethod codeBase="C:\Projekty\NUnitTestProject\bin\Debug\netcoreapp3.1\NUnitTestProject.dll" adapterTypeName="executor://nunit3testexecutor/" className="NUnitTestProject.CurrencyHelperTests" name="FormatToStringTest1000(20527.270339210645d,&quot;20527.27 zł&quot;)" />
    </UnitTest>
    <UnitTest name="FormatToStringTest1000(11958.422287871792d,&quot;11958.42 zł&quot;)" storage="c:\projekty\nunittestproject\bin\debug\netcoreapp3.1\nunittestproject.dll" id="a6927394-4cdf-6861-5383-48d3191f12fe">
      <Execution id="548885e1-1615-4bb4-b858-4044897d32ce" />
      <TestMethod codeBase="C:\Projekty\NUnitTestProject\bin\Debug\netcoreapp3.1\NUnitTestProject.dll" adapterTypeName="executor://nunit3testexecutor/" className="NUnitTestProject.CurrencyHelperTests" name="FormatToStringTest1000(11958.422287871792d,&quot;11958.42 zł&quot;)" />
    </UnitTest>
    <UnitTest name="FormatToStringTest1000(33245.44763357819d,&quot;33245.45 zł&quot;)" storage="c:\projekty\nunittestproject\bin\debug\netcoreapp3.1\nunittestproject.dll" id="1658bad2-8c99-0b77-1530-2e9ba32823bd">
      <Execution id="71c0bef7-af81-4f31-8cf5-61a2dc2abc81" />
      <TestMethod codeBase="C:\Projekty\NUnitTestProject\bin\Debug\netcoreapp3.1\NUnitTestProject.dll" adapterTypeName="executor://nunit3testexecutor/" className="NUnitTestProject.CurrencyHelperTests" name="FormatToStringTest1000(33245.44763357819d,&quot;33245.45 zł&quot;)" />
    </UnitTest>
    <UnitTest name="FormatToStringTest1000(22281.48592587257d,&quot;22281.49 zł&quot;)" storage="c:\projekty\nunittestproject\bin\debug\netcoreapp3.1\nunittestproject.dll" id="4b66c56d-0547-dbc0-4364-ccf548a1bb40">
      <Execution id="cadc0c37-d005-429a-9ed4-ebec3087b898" />
      <TestMethod codeBase="C:\Projekty\NUnitTestProject\bin\Debug\netcoreapp3.1\NUnitTestProject.dll" adapterTypeName="executor://nunit3testexecutor/" className="NUnitTestProject.CurrencyHelperTests" name="FormatToStringTest1000(22281.48592587257d,&quot;22281.49 zł&quot;)" />
    </UnitTest>
    <UnitTest name="FormatToStringTest1000(70432.00656616595d,&quot;70432.01 zł&quot;)" storage="c:\projekty\nunittestproject\bin\debug\netcoreapp3.1\nunittestproject.dll" id="e616a89e-e9f6-0465-592f-c052811c9fe2">
      <Execution id="03c77aec-d781-4c83-937c-937a57c93c50" />
      <TestMethod codeBase="C:\Projekty\NUnitTestProject\bin\Debug\netcoreapp3.1\NUnitTestProject.dll" adapterTypeName="executor://nunit3testexecutor/" className="NUnitTestProject.CurrencyHelperTests" name="FormatToStringTest1000(70432.00656616595d,&quot;70432.01 zł&quot;)" />
    </UnitTest>
    <UnitTest name="FormatToStringTest1000(11181.228339251702d,&quot;11181.23 zł&quot;)" storage="c:\projekty\nunittestproject\bin\debug\netcoreapp3.1\nunittestproject.dll" id="71b16f9b-dbb0-7a23-533d-802c9512270b">
      <Execution id="f116e7a0-63ea-4df8-8476-66722e42468d" />
      <TestMethod codeBase="C:\Projekty\NUnitTestProject\bin\Debug\netcoreapp3.1\NUnitTestProject.dll" adapterTypeName="executor://nunit3testexecutor/" className="NUnitTestProject.CurrencyHelperTests" name="FormatToStringTest1000(11181.228339251702d,&quot;11181.23 zł&quot;)" />
    </UnitTest>
    <UnitTest name="FormatToStringTest1000(9079.930405251649d,&quot;9079.93 zł&quot;)" storage="c:\projekty\nunittestproject\bin\debug\netcoreapp3.1\nunittestproject.dll" id="a92ca949-d664-bb06-21ee-ed111f1dab55">
      <Execution id="9ef81cee-6325-459b-bffe-02141dd416ed" />
      <TestMethod codeBase="C:\Projekty\NUnitTestProject\bin\Debug\netcoreapp3.1\NUnitTestProject.dll" adapterTypeName="executor://nunit3testexecutor/" className="NUnitTestProject.CurrencyHelperTests" name="FormatToStringTest1000(9079.930405251649d,&quot;9079.93 zł&quot;)" />
    </UnitTest>
    <UnitTest name="FormatToStringTest1000(7891.960478953067d,&quot;7891.96 zł&quot;)" storage="c:\projekty\nunittestproject\bin\debug\netcoreapp3.1\nunittestproject.dll" id="a3e3ac67-b44c-d535-60e6-335f6ba0310c">
      <Execution id="74839aa3-fef8-44d5-8c35-61f8b2f0a402" />
      <TestMethod codeBase="C:\Projekty\NUnitTestProject\bin\Debug\netcoreapp3.1\NUnitTestProject.dll" adapterTypeName="executor://nunit3testexecutor/" className="NUnitTestProject.CurrencyHelperTests" name="FormatToStringTest1000(7891.960478953067d,&quot;7891.96 zł&quot;)" />
    </UnitTest>
    <UnitTest name="FormatToStringTest1000(28861.97337596769d,&quot;28861.97 zł&quot;)" storage="c:\projekty\nunittestproject\bin\debug\netcoreapp3.1\nunittestproject.dll" id="e238789f-1332-cb64-de78-1a020fa88304">
      <Execution id="0057c8f1-ed72-492e-8a83-f24980c2480a" />
      <TestMethod codeBase="C:\Projekty\NUnitTestProject\bin\Debug\netcoreapp3.1\NUnitTestProject.dll" adapterTypeName="executor://nunit3testexecutor/" className="NUnitTestProject.CurrencyHelperTests" name="FormatToStringTest1000(28861.97337596769d,&quot;28861.97 zł&quot;)" />
    </UnitTest>
    <UnitTest name="FormatToStringTest1000(6173.0243155793405d,&quot;6173.02 zł&quot;)" storage="c:\projekty\nunittestproject\bin\debug\netcoreapp3.1\nunittestproject.dll" id="d377bd87-4eea-3f7f-c041-91df35d9ea10">
      <Execution id="86aa8a74-fe56-4d3d-a1e5-7be523ac9fa7" />
      <TestMethod codeBase="C:\Projekty\NUnitTestProject\bin\Debug\netcoreapp3.1\NUnitTestProject.dll" adapterTypeName="executor://nunit3testexecutor/" className="NUnitTestProject.CurrencyHelperTests" name="FormatToStringTest1000(6173.0243155793405d,&quot;6173.02 zł&quot;)" />
    </UnitTest>
    <UnitTest name="FormatToStringTest1000(24646.322657574587d,&quot;24646.32 zł&quot;)" storage="c:\projekty\nunittestproject\bin\debug\netcoreapp3.1\nunittestproject.dll" id="c32a55d2-5cd9-4241-ed27-6ec6eee4b3b0">
      <Execution id="3d46a2a6-13dd-4507-8657-8f438903c341" />
      <TestMethod codeBase="C:\Projekty\NUnitTestProject\bin\Debug\netcoreapp3.1\NUnitTestProject.dll" adapterTypeName="executor://nunit3testexecutor/" className="NUnitTestProject.CurrencyHelperTests" name="FormatToStringTest1000(24646.322657574587d,&quot;24646.32 zł&quot;)" />
    </UnitTest>
    <UnitTest name="FormatToStringTest1000(14459.57059750686d,&quot;14459.57 zł&quot;)" storage="c:\projekty\nunittestproject\bin\debug\netcoreapp3.1\nunittestproject.dll" id="6a02a9a9-45fc-e93c-144a-ec579f6fd7df">
      <Execution id="7f8a12c0-c822-444b-8095-57925926148e" />
      <TestMethod codeBase="C:\Projekty\NUnitTestProject\bin\Debug\netcoreapp3.1\NUnitTestProject.dll" adapterTypeName="executor://nunit3testexecutor/" className="NUnitTestProject.CurrencyHelperTests" name="FormatToStringTest1000(14459.57059750686d,&quot;14459.57 zł&quot;)" />
    </UnitTest>
    <UnitTest name="FormatToStringTest1000(15907.394871033446d,&quot;15907.39 zł&quot;)" storage="c:\projekty\nunittestproject\bin\debug\netcoreapp3.1\nunittestproject.dll" id="c08489ce-87ea-9273-1e82-87dd20c6c729">
      <Execution id="94541af7-5630-4d5d-92ab-3850f08f3edf" />
      <TestMethod codeBase="C:\Projekty\NUnitTestProject\bin\Debug\netcoreapp3.1\NUnitTestProject.dll" adapterTypeName="executor://nunit3testexecutor/" className="NUnitTestProject.CurrencyHelperTests" name="FormatToStringTest1000(15907.394871033446d,&quot;15907.39 zł&quot;)" />
    </UnitTest>
    <UnitTest name="FormatToStringTest1000(19463.08761954917d,&quot;19463.09 zł&quot;)" storage="c:\projekty\nunittestproject\bin\debug\netcoreapp3.1\nunittestproject.dll" id="7be4f16e-73d9-91a8-2b92-68f269673cb9">
      <Execution id="b4823faf-afdf-44ef-b8a6-f658ce196beb" />
      <TestMethod codeBase="C:\Projekty\NUnitTestProject\bin\Debug\netcoreapp3.1\NUnitTestProject.dll" adapterTypeName="executor://nunit3testexecutor/" className="NUnitTestProject.CurrencyHelperTests" name="FormatToStringTest1000(19463.08761954917d,&quot;19463.09 zł&quot;)" />
    </UnitTest>
    <UnitTest name="FormatToStringTest1000(67109.22110940759d,&quot;67109.22 zł&quot;)" storage="c:\projekty\nunittestproject\bin\debug\netcoreapp3.1\nunittestproject.dll" id="90ee7706-be86-d0d9-20c4-74ab6a1f60b7">
      <Execution id="c4a83242-4d38-4964-ab41-e48cf1f8cbe2" />
      <TestMethod codeBase="C:\Projekty\NUnitTestProject\bin\Debug\netcoreapp3.1\NUnitTestProject.dll" adapterTypeName="executor://nunit3testexecutor/" className="NUnitTestProject.CurrencyHelperTests" name="FormatToStringTest1000(67109.22110940759d,&quot;67109.22 zł&quot;)" />
    </UnitTest>
    <UnitTest name="FormatToStringTest1000(16902.50568789314d,&quot;16902.51 zł&quot;)" storage="c:\projekty\nunittestproject\bin\debug\netcoreapp3.1\nunittestproject.dll" id="c2593dce-156b-2236-a515-633fd14dda79">
      <Execution id="055ab44c-cf90-4573-87d8-fd645ee4aca4" />
      <TestMethod codeBase="C:\Projekty\NUnitTestProject\bin\Debug\netcoreapp3.1\NUnitTestProject.dll" adapterTypeName="executor://nunit3testexecutor/" className="NUnitTestProject.CurrencyHelperTests" name="FormatToStringTest1000(16902.50568789314d,&quot;16902.51 zł&quot;)" />
    </UnitTest>
    <UnitTest name="FormatToStringTest1000(22799.991836491965d,&quot;22799.99 zł&quot;)" storage="c:\projekty\nunittestproject\bin\debug\netcoreapp3.1\nunittestproject.dll" id="c19bcdf9-7163-0762-fc75-0cd4559b2da8">
      <Execution id="c61d81c2-1231-49da-a4d5-f6f2c294a9e2" />
      <TestMethod codeBase="C:\Projekty\NUnitTestProject\bin\Debug\netcoreapp3.1\NUnitTestProject.dll" adapterTypeName="executor://nunit3testexecutor/" className="NUnitTestProject.CurrencyHelperTests" name="FormatToStringTest1000(22799.991836491965d,&quot;22799.99 zł&quot;)" />
    </UnitTest>
    <UnitTest name="FormatToStringTest1000(11.555284778846096d,&quot;11.56 zł&quot;)" storage="c:\projekty\nunittestproject\bin\debug\netcoreapp3.1\nunittestproject.dll" id="7904b819-04ff-ce91-7814-899d505d8f94">
      <Execution id="8d4c0aa0-acbb-47bf-8c3b-9996fe580ad2" />
      <TestMethod codeBase="C:\Projekty\NUnitTestProject\bin\Debug\netcoreapp3.1\NUnitTestProject.dll" adapterTypeName="executor://nunit3testexecutor/" className="NUnitTestProject.CurrencyHelperTests" name="FormatToStringTest1000(11.555284778846096d,&quot;11.56 zł&quot;)" />
    </UnitTest>
    <UnitTest name="FormatToStringTest1000(29917.15005391145d,&quot;29917.15 zł&quot;)" storage="c:\projekty\nunittestproject\bin\debug\netcoreapp3.1\nunittestproject.dll" id="628515ca-7a61-a487-4f7e-7b39d713c401">
      <Execution id="0378fc1a-91e1-4f38-a18a-c6a083036c35" />
      <TestMethod codeBase="C:\Projekty\NUnitTestProject\bin\Debug\netcoreapp3.1\NUnitTestProject.dll" adapterTypeName="executor://nunit3testexecutor/" className="NUnitTestProject.CurrencyHelperTests" name="FormatToStringTest1000(29917.15005391145d,&quot;29917.15 zł&quot;)" />
    </UnitTest>
    <UnitTest name="FormatToStringTest1000(10527.083945901639d,&quot;10527.08 zł&quot;)" storage="c:\projekty\nunittestproject\bin\debug\netcoreapp3.1\nunittestproject.dll" id="9aef4d88-299a-c26b-3a27-57af3cba67d3">
      <Execution id="8f3575aa-b9fe-42a3-aaa3-a62b3fde223d" />
      <TestMethod codeBase="C:\Projekty\NUnitTestProject\bin\Debug\netcoreapp3.1\NUnitTestProject.dll" adapterTypeName="executor://nunit3testexecutor/" className="NUnitTestProject.CurrencyHelperTests" name="FormatToStringTest1000(10527.083945901639d,&quot;10527.08 zł&quot;)" />
    </UnitTest>
    <UnitTest name="FormatToStringTest1000(8514.837538072763d,&quot;8514.84 zł&quot;)" storage="c:\projekty\nunittestproject\bin\debug\netcoreapp3.1\nunittestproject.dll" id="13d2b3bb-af6c-2786-7b3d-1db93b9fedf2">
      <Execution id="0780857e-00ef-4339-a649-45ea3d429d4d" />
      <TestMethod codeBase="C:\Projekty\NUnitTestProject\bin\Debug\netcoreapp3.1\NUnitTestProject.dll" adapterTypeName="executor://nunit3testexecutor/" className="NUnitTestProject.CurrencyHelperTests" name="FormatToStringTest1000(8514.837538072763d,&quot;8514.84 zł&quot;)" />
    </UnitTest>
    <UnitTest name="FormatToStringTest1000(6145.531235831571d,&quot;6145.53 zł&quot;)" storage="c:\projekty\nunittestproject\bin\debug\netcoreapp3.1\nunittestproject.dll" id="28a678d1-0284-2779-ed67-e16002278e6b">
      <Execution id="78c204e8-b548-44aa-8a58-8bf25cf29bd2" />
      <TestMethod codeBase="C:\Projekty\NUnitTestProject\bin\Debug\netcoreapp3.1\NUnitTestProject.dll" adapterTypeName="executor://nunit3testexecutor/" className="NUnitTestProject.CurrencyHelperTests" name="FormatToStringTest1000(6145.531235831571d,&quot;6145.53 zł&quot;)" />
    </UnitTest>
    <UnitTest name="FormatToStringTest1000(26133.133789601336d,&quot;26133.13 zł&quot;)" storage="c:\projekty\nunittestproject\bin\debug\netcoreapp3.1\nunittestproject.dll" id="01cb383a-3e5a-acd0-bce9-5df29c661a7c">
      <Execution id="8e080dd8-928c-4539-8021-9eac2b59d815" />
      <TestMethod codeBase="C:\Projekty\NUnitTestProject\bin\Debug\netcoreapp3.1\NUnitTestProject.dll" adapterTypeName="executor://nunit3testexecutor/" className="NUnitTestProject.CurrencyHelperTests" name="FormatToStringTest1000(26133.133789601336d,&quot;26133.13 zł&quot;)" />
    </UnitTest>
    <UnitTest name="FormatToStringTest1000(57525.72988993569d,&quot;57525.73 zł&quot;)" storage="c:\projekty\nunittestproject\bin\debug\netcoreapp3.1\nunittestproject.dll" id="3d581e6e-ac62-d984-1637-f1fef62a5597">
      <Execution id="4e1d5538-29a0-4236-bca5-1396091cf764" />
      <TestMethod codeBase="C:\Projekty\NUnitTestProject\bin\Debug\netcoreapp3.1\NUnitTestProject.dll" adapterTypeName="executor://nunit3testexecutor/" className="NUnitTestProject.CurrencyHelperTests" name="FormatToStringTest1000(57525.72988993569d,&quot;57525.73 zł&quot;)" />
    </UnitTest>
    <UnitTest name="FormatToStringTest1000(23120.169499649743d,&quot;23120.17 zł&quot;)" storage="c:\projekty\nunittestproject\bin\debug\netcoreapp3.1\nunittestproject.dll" id="4d74b8de-5123-86ec-ab4f-2d4ce6434a23">
      <Execution id="409ba456-567d-4b52-a6ca-ee33c2d998fa" />
      <TestMethod codeBase="C:\Projekty\NUnitTestProject\bin\Debug\netcoreapp3.1\NUnitTestProject.dll" adapterTypeName="executor://nunit3testexecutor/" className="NUnitTestProject.CurrencyHelperTests" name="FormatToStringTest1000(23120.169499649743d,&quot;23120.17 zł&quot;)" />
    </UnitTest>
    <UnitTest name="FormatToStringTest1000(1474.699818629166d,&quot;1474.70 zł&quot;)" storage="c:\projekty\nunittestproject\bin\debug\netcoreapp3.1\nunittestproject.dll" id="a4acc92f-0c67-48bb-4524-7ef3c007ffb4">
      <Execution id="e723e84e-35a6-4577-90a3-77f719def247" />
      <TestMethod codeBase="C:\Projekty\NUnitTestProject\bin\Debug\netcoreapp3.1\NUnitTestProject.dll" adapterTypeName="executor://nunit3testexecutor/" className="NUnitTestProject.CurrencyHelperTests" name="FormatToStringTest1000(1474.699818629166d,&quot;1474.70 zł&quot;)" />
    </UnitTest>
    <UnitTest name="FormatToStringTest1000(90187.4082624374d,&quot;90187.41 zł&quot;)" storage="c:\projekty\nunittestproject\bin\debug\netcoreapp3.1\nunittestproject.dll" id="25c75db4-22d0-52b7-8169-fe8bfa7112f2">
      <Execution id="82015cbf-3ff9-419f-8e15-4fb1ffa954d1" />
      <TestMethod codeBase="C:\Projekty\NUnitTestProject\bin\Debug\netcoreapp3.1\NUnitTestProject.dll" adapterTypeName="executor://nunit3testexecutor/" className="NUnitTestProject.CurrencyHelperTests" name="FormatToStringTest1000(90187.4082624374d,&quot;90187.41 zł&quot;)" />
    </UnitTest>
    <UnitTest name="FormatToStringTest1000(30722.846572104303d,&quot;30722.85 zł&quot;)" storage="c:\projekty\nunittestproject\bin\debug\netcoreapp3.1\nunittestproject.dll" id="c994fcbd-cf70-f011-3e5f-4e6d74bb71af">
      <Execution id="c6f96145-a491-4424-a99b-1c3348974759" />
      <TestMethod codeBase="C:\Projekty\NUnitTestProject\bin\Debug\netcoreapp3.1\NUnitTestProject.dll" adapterTypeName="executor://nunit3testexecutor/" className="NUnitTestProject.CurrencyHelperTests" name="FormatToStringTest1000(30722.846572104303d,&quot;30722.85 zł&quot;)" />
    </UnitTest>
    <UnitTest name="FormatToStringTest1000(17031.365705376662d,&quot;17031.37 zł&quot;)" storage="c:\projekty\nunittestproject\bin\debug\netcoreapp3.1\nunittestproject.dll" id="0978a2bb-d483-0479-bb70-260f687971c0">
      <Execution id="a4dccaa8-8ac3-4eb3-a43e-937fdcdf0040" />
      <TestMethod codeBase="C:\Projekty\NUnitTestProject\bin\Debug\netcoreapp3.1\NUnitTestProject.dll" adapterTypeName="executor://nunit3testexecutor/" className="NUnitTestProject.CurrencyHelperTests" name="FormatToStringTest1000(17031.365705376662d,&quot;17031.37 zł&quot;)" />
    </UnitTest>
    <UnitTest name="FormatToStringTest1000(89093.57120939044d,&quot;89093.57 zł&quot;)" storage="c:\projekty\nunittestproject\bin\debug\netcoreapp3.1\nunittestproject.dll" id="5e7725a9-9983-9545-b4e7-12fe284e2a95">
      <Execution id="5f4caa8f-050a-4b0e-8736-72a1a4c22394" />
      <TestMethod codeBase="C:\Projekty\NUnitTestProject\bin\Debug\netcoreapp3.1\NUnitTestProject.dll" adapterTypeName="executor://nunit3testexecutor/" className="NUnitTestProject.CurrencyHelperTests" name="FormatToStringTest1000(89093.57120939044d,&quot;89093.57 zł&quot;)" />
    </UnitTest>
    <UnitTest name="FormatToStringTest1000(5108.217389855635d,&quot;5108.22 zł&quot;)" storage="c:\projekty\nunittestproject\bin\debug\netcoreapp3.1\nunittestproject.dll" id="1440a184-8a0a-3d08-19bf-ac2d32351c96">
      <Execution id="cea8db34-8d52-44a8-b662-e10c08b2132d" />
      <TestMethod codeBase="C:\Projekty\NUnitTestProject\bin\Debug\netcoreapp3.1\NUnitTestProject.dll" adapterTypeName="executor://nunit3testexecutor/" className="NUnitTestProject.CurrencyHelperTests" name="FormatToStringTest1000(5108.217389855635d,&quot;5108.22 zł&quot;)" />
    </UnitTest>
    <UnitTest name="FormatToStringTest1000(24566.50251371856d,&quot;24566.50 zł&quot;)" storage="c:\projekty\nunittestproject\bin\debug\netcoreapp3.1\nunittestproject.dll" id="b4887e38-5397-4610-6733-1d86030ec9ea">
      <Execution id="01319bff-c21e-406a-84d0-58ebb020cd4c" />
      <TestMethod codeBase="C:\Projekty\NUnitTestProject\bin\Debug\netcoreapp3.1\NUnitTestProject.dll" adapterTypeName="executor://nunit3testexecutor/" className="NUnitTestProject.CurrencyHelperTests" name="FormatToStringTest1000(24566.50251371856d,&quot;24566.50 zł&quot;)" />
    </UnitTest>
    <UnitTest name="FormatToStringTest1000(806.960597043373d,&quot;806.96 zł&quot;)" storage="c:\projekty\nunittestproject\bin\debug\netcoreapp3.1\nunittestproject.dll" id="25e8173f-164f-a6d3-7781-f064566ee4cd">
      <Execution id="c0709806-e635-48a0-885c-b391a0bed428" />
      <TestMethod codeBase="C:\Projekty\NUnitTestProject\bin\Debug\netcoreapp3.1\NUnitTestProject.dll" adapterTypeName="executor://nunit3testexecutor/" className="NUnitTestProject.CurrencyHelperTests" name="FormatToStringTest1000(806.960597043373d,&quot;806.96 zł&quot;)" />
    </UnitTest>
    <UnitTest name="FormatToStringTest1000(58191.92113629585d,&quot;58191.92 zł&quot;)" storage="c:\projekty\nunittestproject\bin\debug\netcoreapp3.1\nunittestproject.dll" id="95bbb276-fcbd-d5d6-e9a9-e6e9fe02935a">
      <Execution id="8ce2cdb5-8de8-49e6-b2e1-3ca720430f67" />
      <TestMethod codeBase="C:\Projekty\NUnitTestProject\bin\Debug\netcoreapp3.1\NUnitTestProject.dll" adapterTypeName="executor://nunit3testexecutor/" className="NUnitTestProject.CurrencyHelperTests" name="FormatToStringTest1000(58191.92113629585d,&quot;58191.92 zł&quot;)" />
    </UnitTest>
    <UnitTest name="FormatToStringTest1000(58111.21259843521d,&quot;58111.21 zł&quot;)" storage="c:\projekty\nunittestproject\bin\debug\netcoreapp3.1\nunittestproject.dll" id="b3d20388-ddfe-493d-dfad-f423fc621b48">
      <Execution id="629d9cbc-df6e-40f3-9bd0-59f6b438a353" />
      <TestMethod codeBase="C:\Projekty\NUnitTestProject\bin\Debug\netcoreapp3.1\NUnitTestProject.dll" adapterTypeName="executor://nunit3testexecutor/" className="NUnitTestProject.CurrencyHelperTests" name="FormatToStringTest1000(58111.21259843521d,&quot;58111.21 zł&quot;)" />
    </UnitTest>
    <UnitTest name="FormatToStringTest1000(14100.01255469211d,&quot;14100.01 zł&quot;)" storage="c:\projekty\nunittestproject\bin\debug\netcoreapp3.1\nunittestproject.dll" id="ccf96e16-5dc0-3f30-2892-511f78cf3dfc">
      <Execution id="fd4facee-b4be-4f98-8e1f-cea615704f74" />
      <TestMethod codeBase="C:\Projekty\NUnitTestProject\bin\Debug\netcoreapp3.1\NUnitTestProject.dll" adapterTypeName="executor://nunit3testexecutor/" className="NUnitTestProject.CurrencyHelperTests" name="FormatToStringTest1000(14100.01255469211d,&quot;14100.01 zł&quot;)" />
    </UnitTest>
    <UnitTest name="FormatToStringTest1000(10511.7304983189d,&quot;10511.73 zł&quot;)" storage="c:\projekty\nunittestproject\bin\debug\netcoreapp3.1\nunittestproject.dll" id="00c173aa-365e-0279-47ce-e69aab924076">
      <Execution id="9ea6193e-f1da-43c5-821e-fdca85e9fbe4" />
      <TestMethod codeBase="C:\Projekty\NUnitTestProject\bin\Debug\netcoreapp3.1\NUnitTestProject.dll" adapterTypeName="executor://nunit3testexecutor/" className="NUnitTestProject.CurrencyHelperTests" name="FormatToStringTest1000(10511.7304983189d,&quot;10511.73 zł&quot;)" />
    </UnitTest>
    <UnitTest name="FormatToStringTest1000(13681.607566007231d,&quot;13681.61 zł&quot;)" storage="c:\projekty\nunittestproject\bin\debug\netcoreapp3.1\nunittestproject.dll" id="8951be4f-c5d7-21a4-85c8-2fc370bed815">
      <Execution id="aee94bb9-03d8-465b-99da-33f06f9143cb" />
      <TestMethod codeBase="C:\Projekty\NUnitTestProject\bin\Debug\netcoreapp3.1\NUnitTestProject.dll" adapterTypeName="executor://nunit3testexecutor/" className="NUnitTestProject.CurrencyHelperTests" name="FormatToStringTest1000(13681.607566007231d,&quot;13681.61 zł&quot;)" />
    </UnitTest>
    <UnitTest name="FormatToStringTest1000(23684.695462791573d,&quot;23684.70 zł&quot;)" storage="c:\projekty\nunittestproject\bin\debug\netcoreapp3.1\nunittestproject.dll" id="b079a5c8-df38-5909-534e-204d0d33ecf8">
      <Execution id="bf5ab405-2531-4089-9523-533bb6757a06" />
      <TestMethod codeBase="C:\Projekty\NUnitTestProject\bin\Debug\netcoreapp3.1\NUnitTestProject.dll" adapterTypeName="executor://nunit3testexecutor/" className="NUnitTestProject.CurrencyHelperTests" name="FormatToStringTest1000(23684.695462791573d,&quot;23684.70 zł&quot;)" />
    </UnitTest>
    <UnitTest name="FormatToStringTest1000(2951.2722077329045d,&quot;2951.27 zł&quot;)" storage="c:\projekty\nunittestproject\bin\debug\netcoreapp3.1\nunittestproject.dll" id="92e23589-82d8-4d27-764e-fa018e45b747">
      <Execution id="b4f30509-521b-43ce-9753-71d3424f4866" />
      <TestMethod codeBase="C:\Projekty\NUnitTestProject\bin\Debug\netcoreapp3.1\NUnitTestProject.dll" adapterTypeName="executor://nunit3testexecutor/" className="NUnitTestProject.CurrencyHelperTests" name="FormatToStringTest1000(2951.2722077329045d,&quot;2951.27 zł&quot;)" />
    </UnitTest>
    <UnitTest name="FormatToStringTest1000(63507.32603545455d,&quot;63507.33 zł&quot;)" storage="c:\projekty\nunittestproject\bin\debug\netcoreapp3.1\nunittestproject.dll" id="d26e5e0e-e63b-6a1f-1d40-d2dc8692bbaf">
      <Execution id="a4cbe964-1f8b-459c-9440-a2863f1766e5" />
      <TestMethod codeBase="C:\Projekty\NUnitTestProject\bin\Debug\netcoreapp3.1\NUnitTestProject.dll" adapterTypeName="executor://nunit3testexecutor/" className="NUnitTestProject.CurrencyHelperTests" name="FormatToStringTest1000(63507.32603545455d,&quot;63507.33 zł&quot;)" />
    </UnitTest>
    <UnitTest name="FormatToStringTest1000(5961.755129208674d,&quot;5961.76 zł&quot;)" storage="c:\projekty\nunittestproject\bin\debug\netcoreapp3.1\nunittestproject.dll" id="c1905b94-6245-64ed-8028-a7655f8970eb">
      <Execution id="fe378397-4d67-4a46-bd8f-9e4833701da5" />
      <TestMethod codeBase="C:\Projekty\NUnitTestProject\bin\Debug\netcoreapp3.1\NUnitTestProject.dll" adapterTypeName="executor://nunit3testexecutor/" className="NUnitTestProject.CurrencyHelperTests" name="FormatToStringTest1000(5961.755129208674d,&quot;5961.76 zł&quot;)" />
    </UnitTest>
    <UnitTest name="FormatToStringTest1000(36978.61073549213d,&quot;36978.61 zł&quot;)" storage="c:\projekty\nunittestproject\bin\debug\netcoreapp3.1\nunittestproject.dll" id="a461dd4d-6d71-3e10-f8bf-9d15ad34f5c8">
      <Execution id="885a1ac4-d1be-42c7-a369-1225d069d6a7" />
      <TestMethod codeBase="C:\Projekty\NUnitTestProject\bin\Debug\netcoreapp3.1\NUnitTestProject.dll" adapterTypeName="executor://nunit3testexecutor/" className="NUnitTestProject.CurrencyHelperTests" name="FormatToStringTest1000(36978.61073549213d,&quot;36978.61 zł&quot;)" />
    </UnitTest>
    <UnitTest name="FormatToStringTest1000(4025.728369236797d,&quot;4025.73 zł&quot;)" storage="c:\projekty\nunittestproject\bin\debug\netcoreapp3.1\nunittestproject.dll" id="b8e35215-9c02-c225-ebde-5cb2a4f46f94">
      <Execution id="f43e6fb0-eb3f-4479-b501-11ee43854817" />
      <TestMethod codeBase="C:\Projekty\NUnitTestProject\bin\Debug\netcoreapp3.1\NUnitTestProject.dll" adapterTypeName="executor://nunit3testexecutor/" className="NUnitTestProject.CurrencyHelperTests" name="FormatToStringTest1000(4025.728369236797d,&quot;4025.73 zł&quot;)" />
    </UnitTest>
    <UnitTest name="FormatToStringTest1000(6213.265206352466d,&quot;6213.27 zł&quot;)" storage="c:\projekty\nunittestproject\bin\debug\netcoreapp3.1\nunittestproject.dll" id="47e7ec55-4391-8546-d1c3-fb5db01a41e8">
      <Execution id="c7300dd9-febd-475e-a432-2fd92ffbe17e" />
      <TestMethod codeBase="C:\Projekty\NUnitTestProject\bin\Debug\netcoreapp3.1\NUnitTestProject.dll" adapterTypeName="executor://nunit3testexecutor/" className="NUnitTestProject.CurrencyHelperTests" name="FormatToStringTest1000(6213.265206352466d,&quot;6213.27 zł&quot;)" />
    </UnitTest>
    <UnitTest name="FormatToStringTest1000(57713.01647853712d,&quot;57713.02 zł&quot;)" storage="c:\projekty\nunittestproject\bin\debug\netcoreapp3.1\nunittestproject.dll" id="d29aa2a9-a943-d583-f9f3-c1d6c5281005">
      <Execution id="4feab8c2-26de-4a1e-94e3-8214a76db4e5" />
      <TestMethod codeBase="C:\Projekty\NUnitTestProject\bin\Debug\netcoreapp3.1\NUnitTestProject.dll" adapterTypeName="executor://nunit3testexecutor/" className="NUnitTestProject.CurrencyHelperTests" name="FormatToStringTest1000(57713.01647853712d,&quot;57713.02 zł&quot;)" />
    </UnitTest>
    <UnitTest name="FormatToStringTest1000(35065.40267025652d,&quot;35065.40 zł&quot;)" storage="c:\projekty\nunittestproject\bin\debug\netcoreapp3.1\nunittestproject.dll" id="2de1f6d1-4fbc-d3f7-5b38-8fabe0afe62f">
      <Execution id="9c1a5bac-1960-47d2-ac37-200f50e1f4a9" />
      <TestMethod codeBase="C:\Projekty\NUnitTestProject\bin\Debug\netcoreapp3.1\NUnitTestProject.dll" adapterTypeName="executor://nunit3testexecutor/" className="NUnitTestProject.CurrencyHelperTests" name="FormatToStringTest1000(35065.40267025652d,&quot;35065.40 zł&quot;)" />
    </UnitTest>
    <UnitTest name="FormatToStringTest1000(3846.644792262765d,&quot;3846.64 zł&quot;)" storage="c:\projekty\nunittestproject\bin\debug\netcoreapp3.1\nunittestproject.dll" id="aadeeabc-272f-9cbf-16ad-69443e81df6f">
      <Execution id="f915d77d-f849-4347-927a-5bbcf758d938" />
      <TestMethod codeBase="C:\Projekty\NUnitTestProject\bin\Debug\netcoreapp3.1\NUnitTestProject.dll" adapterTypeName="executor://nunit3testexecutor/" className="NUnitTestProject.CurrencyHelperTests" name="FormatToStringTest1000(3846.644792262765d,&quot;3846.64 zł&quot;)" />
    </UnitTest>
    <UnitTest name="FormatToStringTest1000(37889.10086727193d,&quot;37889.10 zł&quot;)" storage="c:\projekty\nunittestproject\bin\debug\netcoreapp3.1\nunittestproject.dll" id="7e773498-17b4-9b46-23f5-2783933d2759">
      <Execution id="e8d32d1c-b6bc-433f-8327-6860db7a2b1d" />
      <TestMethod codeBase="C:\Projekty\NUnitTestProject\bin\Debug\netcoreapp3.1\NUnitTestProject.dll" adapterTypeName="executor://nunit3testexecutor/" className="NUnitTestProject.CurrencyHelperTests" name="FormatToStringTest1000(37889.10086727193d,&quot;37889.10 zł&quot;)" />
    </UnitTest>
    <UnitTest name="FormatToStringTest1000(7458.609645228652d,&quot;7458.61 zł&quot;)" storage="c:\projekty\nunittestproject\bin\debug\netcoreapp3.1\nunittestproject.dll" id="f2fa6d2d-1c35-dcc0-50da-39045d7858e4">
      <Execution id="38bb4b2a-934e-4bbe-86bd-f1a818c80efc" />
      <TestMethod codeBase="C:\Projekty\NUnitTestProject\bin\Debug\netcoreapp3.1\NUnitTestProject.dll" adapterTypeName="executor://nunit3testexecutor/" className="NUnitTestProject.CurrencyHelperTests" name="FormatToStringTest1000(7458.609645228652d,&quot;7458.61 zł&quot;)" />
    </UnitTest>
    <UnitTest name="FormatToStringTest1000(4614.673205890541d,&quot;4614.67 zł&quot;)" storage="c:\projekty\nunittestproject\bin\debug\netcoreapp3.1\nunittestproject.dll" id="da1a6990-7ab2-9cdb-3d5d-e5366899dffb">
      <Execution id="465e1a3a-5a08-40d8-a22c-b9a2920cebb9" />
      <TestMethod codeBase="C:\Projekty\NUnitTestProject\bin\Debug\netcoreapp3.1\NUnitTestProject.dll" adapterTypeName="executor://nunit3testexecutor/" className="NUnitTestProject.CurrencyHelperTests" name="FormatToStringTest1000(4614.673205890541d,&quot;4614.67 zł&quot;)" />
    </UnitTest>
    <UnitTest name="FormatToStringTest1000(6102.4120417453405d,&quot;6102.41 zł&quot;)" storage="c:\projekty\nunittestproject\bin\debug\netcoreapp3.1\nunittestproject.dll" id="098a6c08-89e3-c4e2-de2b-7f783c0ba1b5">
      <Execution id="92d7881b-7d15-4055-8bed-573a953c2681" />
      <TestMethod codeBase="C:\Projekty\NUnitTestProject\bin\Debug\netcoreapp3.1\NUnitTestProject.dll" adapterTypeName="executor://nunit3testexecutor/" className="NUnitTestProject.CurrencyHelperTests" name="FormatToStringTest1000(6102.4120417453405d,&quot;6102.41 zł&quot;)" />
    </UnitTest>
    <UnitTest name="FormatToStringTest1000(18490.912787030877d,&quot;18490.91 zł&quot;)" storage="c:\projekty\nunittestproject\bin\debug\netcoreapp3.1\nunittestproject.dll" id="05be2e04-a7a4-ec81-8b2e-19e4e2cd04d0">
      <Execution id="af193db9-8db3-4e67-9c5e-ca43c0ff3816" />
      <TestMethod codeBase="C:\Projekty\NUnitTestProject\bin\Debug\netcoreapp3.1\NUnitTestProject.dll" adapterTypeName="executor://nunit3testexecutor/" className="NUnitTestProject.CurrencyHelperTests" name="FormatToStringTest1000(18490.912787030877d,&quot;18490.91 zł&quot;)" />
    </UnitTest>
    <UnitTest name="FormatToStringTest1000(25135.10315489727d,&quot;25135.10 zł&quot;)" storage="c:\projekty\nunittestproject\bin\debug\netcoreapp3.1\nunittestproject.dll" id="91b3bd83-c5b8-4706-180f-6fac0dae10f8">
      <Execution id="95ed1f89-9b5d-4a39-9f27-61b2e05e7659" />
      <TestMethod codeBase="C:\Projekty\NUnitTestProject\bin\Debug\netcoreapp3.1\NUnitTestProject.dll" adapterTypeName="executor://nunit3testexecutor/" className="NUnitTestProject.CurrencyHelperTests" name="FormatToStringTest1000(25135.10315489727d,&quot;25135.10 zł&quot;)" />
    </UnitTest>
    <UnitTest name="FormatToStringTest1000(19873.59831658453d,&quot;19873.60 zł&quot;)" storage="c:\projekty\nunittestproject\bin\debug\netcoreapp3.1\nunittestproject.dll" id="0736f335-702e-d9c8-77f1-e0501c90e917">
      <Execution id="c6e4a49d-e19f-419c-a75a-58cec4ad1998" />
      <TestMethod codeBase="C:\Projekty\NUnitTestProject\bin\Debug\netcoreapp3.1\NUnitTestProject.dll" adapterTypeName="executor://nunit3testexecutor/" className="NUnitTestProject.CurrencyHelperTests" name="FormatToStringTest1000(19873.59831658453d,&quot;19873.60 zł&quot;)" />
    </UnitTest>
    <UnitTest name="FormatToStringTest1000(16282.687804925576d,&quot;16282.69 zł&quot;)" storage="c:\projekty\nunittestproject\bin\debug\netcoreapp3.1\nunittestproject.dll" id="9b2f9530-d092-f9c3-dae1-2f483cfeb52d">
      <Execution id="6a70a579-a2b1-444a-8d37-26f06b3b6627" />
      <TestMethod codeBase="C:\Projekty\NUnitTestProject\bin\Debug\netcoreapp3.1\NUnitTestProject.dll" adapterTypeName="executor://nunit3testexecutor/" className="NUnitTestProject.CurrencyHelperTests" name="FormatToStringTest1000(16282.687804925576d,&quot;16282.69 zł&quot;)" />
    </UnitTest>
    <UnitTest name="FormatToStringTest1000(32216.686763396807d,&quot;32216.69 zł&quot;)" storage="c:\projekty\nunittestproject\bin\debug\netcoreapp3.1\nunittestproject.dll" id="712c2678-6c5e-0050-868a-1155d0b4fa06">
      <Execution id="303ce622-8785-4a80-9598-27212a5281b9" />
      <TestMethod codeBase="C:\Projekty\NUnitTestProject\bin\Debug\netcoreapp3.1\NUnitTestProject.dll" adapterTypeName="executor://nunit3testexecutor/" className="NUnitTestProject.CurrencyHelperTests" name="FormatToStringTest1000(32216.686763396807d,&quot;32216.69 zł&quot;)" />
    </UnitTest>
    <UnitTest name="FormatToStringTest1000(577.6071367564645d,&quot;577.61 zł&quot;)" storage="c:\projekty\nunittestproject\bin\debug\netcoreapp3.1\nunittestproject.dll" id="379512c8-8994-594d-a3c0-6d675c1d8949">
      <Execution id="c9259e6c-83f8-423a-8792-4de27c7aad41" />
      <TestMethod codeBase="C:\Projekty\NUnitTestProject\bin\Debug\netcoreapp3.1\NUnitTestProject.dll" adapterTypeName="executor://nunit3testexecutor/" className="NUnitTestProject.CurrencyHelperTests" name="FormatToStringTest1000(577.6071367564645d,&quot;577.61 zł&quot;)" />
    </UnitTest>
    <UnitTest name="FormatToStringTest1000(5855.75080885354d,&quot;5855.75 zł&quot;)" storage="c:\projekty\nunittestproject\bin\debug\netcoreapp3.1\nunittestproject.dll" id="184b236a-96f5-5ef7-81e9-55fd01a96b10">
      <Execution id="a4137765-dca6-4df1-8c77-c2b8c8834765" />
      <TestMethod codeBase="C:\Projekty\NUnitTestProject\bin\Debug\netcoreapp3.1\NUnitTestProject.dll" adapterTypeName="executor://nunit3testexecutor/" className="NUnitTestProject.CurrencyHelperTests" name="FormatToStringTest1000(5855.75080885354d,&quot;5855.75 zł&quot;)" />
    </UnitTest>
    <UnitTest name="FormatToStringTest1000(22017.250119325356d,&quot;22017.25 zł&quot;)" storage="c:\projekty\nunittestproject\bin\debug\netcoreapp3.1\nunittestproject.dll" id="17ffc344-aceb-1f84-f3bf-8205c38e1b46">
      <Execution id="97bf9e38-1773-4cd5-b40c-f4f4e594c00b" />
      <TestMethod codeBase="C:\Projekty\NUnitTestProject\bin\Debug\netcoreapp3.1\NUnitTestProject.dll" adapterTypeName="executor://nunit3testexecutor/" className="NUnitTestProject.CurrencyHelperTests" name="FormatToStringTest1000(22017.250119325356d,&quot;22017.25 zł&quot;)" />
    </UnitTest>
    <UnitTest name="FormatToStringTest1000(30807.823896702295d,&quot;30807.82 zł&quot;)" storage="c:\projekty\nunittestproject\bin\debug\netcoreapp3.1\nunittestproject.dll" id="165a8b6f-de27-26f0-6a14-cdb34a40f4c2">
      <Execution id="0d4b07a4-a7bb-42e2-aeab-bafac37c389f" />
      <TestMethod codeBase="C:\Projekty\NUnitTestProject\bin\Debug\netcoreapp3.1\NUnitTestProject.dll" adapterTypeName="executor://nunit3testexecutor/" className="NUnitTestProject.CurrencyHelperTests" name="FormatToStringTest1000(30807.823896702295d,&quot;30807.82 zł&quot;)" />
    </UnitTest>
    <UnitTest name="FormatToStringTest1000(7716.571614765363d,&quot;7716.57 zł&quot;)" storage="c:\projekty\nunittestproject\bin\debug\netcoreapp3.1\nunittestproject.dll" id="0186510a-61e4-d437-2bd3-30738b03ed56">
      <Execution id="4a710d4b-45ce-4e6a-8a56-9da7eb520f39" />
      <TestMethod codeBase="C:\Projekty\NUnitTestProject\bin\Debug\netcoreapp3.1\NUnitTestProject.dll" adapterTypeName="executor://nunit3testexecutor/" className="NUnitTestProject.CurrencyHelperTests" name="FormatToStringTest1000(7716.571614765363d,&quot;7716.57 zł&quot;)" />
    </UnitTest>
    <UnitTest name="FormatToStringTest1000(49416.285282306504d,&quot;49416.29 zł&quot;)" storage="c:\projekty\nunittestproject\bin\debug\netcoreapp3.1\nunittestproject.dll" id="b1d26b6f-e2ab-c7af-55d4-4d9f04f43eca">
      <Execution id="33d84a5e-8422-4255-83c4-188df7a0fcac" />
      <TestMethod codeBase="C:\Projekty\NUnitTestProject\bin\Debug\netcoreapp3.1\NUnitTestProject.dll" adapterTypeName="executor://nunit3testexecutor/" className="NUnitTestProject.CurrencyHelperTests" name="FormatToStringTest1000(49416.285282306504d,&quot;49416.29 zł&quot;)" />
    </UnitTest>
    <UnitTest name="FormatToStringTest1000(9994.9471861026d,&quot;9994.95 zł&quot;)" storage="c:\projekty\nunittestproject\bin\debug\netcoreapp3.1\nunittestproject.dll" id="e6fa545c-dab4-f63e-4e3b-21ea6de7572d">
      <Execution id="aae10d0f-fad6-4d0b-af63-d4370bf204f5" />
      <TestMethod codeBase="C:\Projekty\NUnitTestProject\bin\Debug\netcoreapp3.1\NUnitTestProject.dll" adapterTypeName="executor://nunit3testexecutor/" className="NUnitTestProject.CurrencyHelperTests" name="FormatToStringTest1000(9994.9471861026d,&quot;9994.95 zł&quot;)" />
    </UnitTest>
    <UnitTest name="FormatToStringTest1000(24251.68593564848d,&quot;24251.69 zł&quot;)" storage="c:\projekty\nunittestproject\bin\debug\netcoreapp3.1\nunittestproject.dll" id="19f5bc79-d564-bb1a-c016-f7779e568c5d">
      <Execution id="b7e836dc-8857-42c6-9700-180cc86fb7f6" />
      <TestMethod codeBase="C:\Projekty\NUnitTestProject\bin\Debug\netcoreapp3.1\NUnitTestProject.dll" adapterTypeName="executor://nunit3testexecutor/" className="NUnitTestProject.CurrencyHelperTests" name="FormatToStringTest1000(24251.68593564848d,&quot;24251.69 zł&quot;)" />
    </UnitTest>
    <UnitTest name="FormatToStringTest1000(8582.709131852587d,&quot;8582.71 zł&quot;)" storage="c:\projekty\nunittestproject\bin\debug\netcoreapp3.1\nunittestproject.dll" id="380eb0c8-d6f7-276e-b9b6-a564a8f6129e">
      <Execution id="510de0e9-efe8-4c59-9850-6e667ddae950" />
      <TestMethod codeBase="C:\Projekty\NUnitTestProject\bin\Debug\netcoreapp3.1\NUnitTestProject.dll" adapterTypeName="executor://nunit3testexecutor/" className="NUnitTestProject.CurrencyHelperTests" name="FormatToStringTest1000(8582.709131852587d,&quot;8582.71 zł&quot;)" />
    </UnitTest>
    <UnitTest name="FormatToStringTest1000(26843.15785584932d,&quot;26843.16 zł&quot;)" storage="c:\projekty\nunittestproject\bin\debug\netcoreapp3.1\nunittestproject.dll" id="4195877a-ded9-22b8-62f7-465d0dab0554">
      <Execution id="c3bbf4ff-5c86-4671-947c-5afcc3faf0f9" />
      <TestMethod codeBase="C:\Projekty\NUnitTestProject\bin\Debug\netcoreapp3.1\NUnitTestProject.dll" adapterTypeName="executor://nunit3testexecutor/" className="NUnitTestProject.CurrencyHelperTests" name="FormatToStringTest1000(26843.15785584932d,&quot;26843.16 zł&quot;)" />
    </UnitTest>
    <UnitTest name="FormatToStringTest1000(25882.451101077d,&quot;25882.45 zł&quot;)" storage="c:\projekty\nunittestproject\bin\debug\netcoreapp3.1\nunittestproject.dll" id="61eb0848-4e9b-4d1d-2e7a-801bcb7d8307">
      <Execution id="f2b654c3-025d-4aa8-a287-418697e20f16" />
      <TestMethod codeBase="C:\Projekty\NUnitTestProject\bin\Debug\netcoreapp3.1\NUnitTestProject.dll" adapterTypeName="executor://nunit3testexecutor/" className="NUnitTestProject.CurrencyHelperTests" name="FormatToStringTest1000(25882.451101077d,&quot;25882.45 zł&quot;)" />
    </UnitTest>
    <UnitTest name="FormatToStringTest1000(52481.07276821932d,&quot;52481.07 zł&quot;)" storage="c:\projekty\nunittestproject\bin\debug\netcoreapp3.1\nunittestproject.dll" id="ad74bc79-5a2e-0559-0112-48492a8006d2">
      <Execution id="f443f290-ce1b-4e82-8ce6-20cdbb1323e5" />
      <TestMethod codeBase="C:\Projekty\NUnitTestProject\bin\Debug\netcoreapp3.1\NUnitTestProject.dll" adapterTypeName="executor://nunit3testexecutor/" className="NUnitTestProject.CurrencyHelperTests" name="FormatToStringTest1000(52481.07276821932d,&quot;52481.07 zł&quot;)" />
    </UnitTest>
    <UnitTest name="FormatToStringTest1000(8768.816937361293d,&quot;8768.82 zł&quot;)" storage="c:\projekty\nunittestproject\bin\debug\netcoreapp3.1\nunittestproject.dll" id="11ead46a-3fc2-e54b-9ee7-6572b1ea2616">
      <Execution id="02771465-baad-48e6-bd4e-8ac1b8828d78" />
      <TestMethod codeBase="C:\Projekty\NUnitTestProject\bin\Debug\netcoreapp3.1\NUnitTestProject.dll" adapterTypeName="executor://nunit3testexecutor/" className="NUnitTestProject.CurrencyHelperTests" name="FormatToStringTest1000(8768.816937361293d,&quot;8768.82 zł&quot;)" />
    </UnitTest>
    <UnitTest name="FormatToStringTest1000(8492.904747505161d,&quot;8492.90 zł&quot;)" storage="c:\projekty\nunittestproject\bin\debug\netcoreapp3.1\nunittestproject.dll" id="7e45dd7d-e48e-5c57-3fb0-37befdf85fdc">
      <Execution id="bad5d0c4-865e-429a-afd9-592c9355c545" />
      <TestMethod codeBase="C:\Projekty\NUnitTestProject\bin\Debug\netcoreapp3.1\NUnitTestProject.dll" adapterTypeName="executor://nunit3testexecutor/" className="NUnitTestProject.CurrencyHelperTests" name="FormatToStringTest1000(8492.904747505161d,&quot;8492.90 zł&quot;)" />
    </UnitTest>
    <UnitTest name="FormatToStringTest1000(14063.90676654871d,&quot;14063.91 zł&quot;)" storage="c:\projekty\nunittestproject\bin\debug\netcoreapp3.1\nunittestproject.dll" id="aff0dd6a-515d-d68f-384c-79614af1fe73">
      <Execution id="2eadafb8-412c-4b4a-b603-a6d5720428d0" />
      <TestMethod codeBase="C:\Projekty\NUnitTestProject\bin\Debug\netcoreapp3.1\NUnitTestProject.dll" adapterTypeName="executor://nunit3testexecutor/" className="NUnitTestProject.CurrencyHelperTests" name="FormatToStringTest1000(14063.90676654871d,&quot;14063.91 zł&quot;)" />
    </UnitTest>
    <UnitTest name="FormatToStringTest1000(18990.72499258012d,&quot;18990.72 zł&quot;)" storage="c:\projekty\nunittestproject\bin\debug\netcoreapp3.1\nunittestproject.dll" id="bce75dbd-45ca-03c5-19ba-bad21cb2572e">
      <Execution id="1af3eac0-a552-44ed-a88e-508ef2ea5ab1" />
      <TestMethod codeBase="C:\Projekty\NUnitTestProject\bin\Debug\netcoreapp3.1\NUnitTestProject.dll" adapterTypeName="executor://nunit3testexecutor/" className="NUnitTestProject.CurrencyHelperTests" name="FormatToStringTest1000(18990.72499258012d,&quot;18990.72 zł&quot;)" />
    </UnitTest>
    <UnitTest name="FormatToStringTest1000(68479.93492677805d,&quot;68479.93 zł&quot;)" storage="c:\projekty\nunittestproject\bin\debug\netcoreapp3.1\nunittestproject.dll" id="73a1abc1-28a4-b23c-9ff3-4e27cf222dab">
      <Execution id="c3663780-1f24-434f-a33d-5b2d060df976" />
      <TestMethod codeBase="C:\Projekty\NUnitTestProject\bin\Debug\netcoreapp3.1\NUnitTestProject.dll" adapterTypeName="executor://nunit3testexecutor/" className="NUnitTestProject.CurrencyHelperTests" name="FormatToStringTest1000(68479.93492677805d,&quot;68479.93 zł&quot;)" />
    </UnitTest>
    <UnitTest name="FormatToStringTest1000(9774.341362926803d,&quot;9774.34 zł&quot;)" storage="c:\projekty\nunittestproject\bin\debug\netcoreapp3.1\nunittestproject.dll" id="c93cdb71-2111-93a4-4cd8-a7548cb72ed0">
      <Execution id="c7d68661-29bf-45bd-9da2-b9b48b729b7e" />
      <TestMethod codeBase="C:\Projekty\NUnitTestProject\bin\Debug\netcoreapp3.1\NUnitTestProject.dll" adapterTypeName="executor://nunit3testexecutor/" className="NUnitTestProject.CurrencyHelperTests" name="FormatToStringTest1000(9774.341362926803d,&quot;9774.34 zł&quot;)" />
    </UnitTest>
    <UnitTest name="FormatToStringTest1000(41972.39431566763d,&quot;41972.39 zł&quot;)" storage="c:\projekty\nunittestproject\bin\debug\netcoreapp3.1\nunittestproject.dll" id="cbe7ad88-c615-fcac-7be4-3d317fe5861e">
      <Execution id="322753c4-d2fc-458f-b1f6-4b5fe463a608" />
      <TestMethod codeBase="C:\Projekty\NUnitTestProject\bin\Debug\netcoreapp3.1\NUnitTestProject.dll" adapterTypeName="executor://nunit3testexecutor/" className="NUnitTestProject.CurrencyHelperTests" name="FormatToStringTest1000(41972.39431566763d,&quot;41972.39 zł&quot;)" />
    </UnitTest>
    <UnitTest name="FormatToStringTest1000(22533.17694295811d,&quot;22533.18 zł&quot;)" storage="c:\projekty\nunittestproject\bin\debug\netcoreapp3.1\nunittestproject.dll" id="041696c1-18d1-f2dd-9a5d-5cb1c9e853ff">
      <Execution id="28f29b58-0633-42ac-857f-6480b4a5e031" />
      <TestMethod codeBase="C:\Projekty\NUnitTestProject\bin\Debug\netcoreapp3.1\NUnitTestProject.dll" adapterTypeName="executor://nunit3testexecutor/" className="NUnitTestProject.CurrencyHelperTests" name="FormatToStringTest1000(22533.17694295811d,&quot;22533.18 zł&quot;)" />
    </UnitTest>
    <UnitTest name="FormatToStringTest1000(30383.303633991305d,&quot;30383.30 zł&quot;)" storage="c:\projekty\nunittestproject\bin\debug\netcoreapp3.1\nunittestproject.dll" id="209edf4d-3b12-5a43-fec0-fca0d1a4ea6d">
      <Execution id="8879fe2d-5c5f-4cd6-beca-f5376ac579a2" />
      <TestMethod codeBase="C:\Projekty\NUnitTestProject\bin\Debug\netcoreapp3.1\NUnitTestProject.dll" adapterTypeName="executor://nunit3testexecutor/" className="NUnitTestProject.CurrencyHelperTests" name="FormatToStringTest1000(30383.303633991305d,&quot;30383.30 zł&quot;)" />
    </UnitTest>
    <UnitTest name="FormatToStringTest1000(1130.8119115372242d,&quot;1130.81 zł&quot;)" storage="c:\projekty\nunittestproject\bin\debug\netcoreapp3.1\nunittestproject.dll" id="5bdb1fb9-c083-a878-8185-d4ef40939b65">
      <Execution id="ed39e7e3-cca5-4056-a199-0cc458c69b30" />
      <TestMethod codeBase="C:\Projekty\NUnitTestProject\bin\Debug\netcoreapp3.1\NUnitTestProject.dll" adapterTypeName="executor://nunit3testexecutor/" className="NUnitTestProject.CurrencyHelperTests" name="FormatToStringTest1000(1130.8119115372242d,&quot;1130.81 zł&quot;)" />
    </UnitTest>
    <UnitTest name="FormatToStringTest1000(5396.620088554277d,&quot;5396.62 zł&quot;)" storage="c:\projekty\nunittestproject\bin\debug\netcoreapp3.1\nunittestproject.dll" id="93356272-81f1-2ca0-6a2b-a94c51c52201">
      <Execution id="164325f3-2c6b-4b01-a08a-045b24e7c74c" />
      <TestMethod codeBase="C:\Projekty\NUnitTestProject\bin\Debug\netcoreapp3.1\NUnitTestProject.dll" adapterTypeName="executor://nunit3testexecutor/" className="NUnitTestProject.CurrencyHelperTests" name="FormatToStringTest1000(5396.620088554277d,&quot;5396.62 zł&quot;)" />
    </UnitTest>
    <UnitTest name="FormatToStringTest1000(15669.698889610218d,&quot;15669.70 zł&quot;)" storage="c:\projekty\nunittestproject\bin\debug\netcoreapp3.1\nunittestproject.dll" id="7e94e694-684d-fa09-70c8-651a86e03ea4">
      <Execution id="93305182-22e8-4c11-861a-c8d6d3b49996" />
      <TestMethod codeBase="C:\Projekty\NUnitTestProject\bin\Debug\netcoreapp3.1\NUnitTestProject.dll" adapterTypeName="executor://nunit3testexecutor/" className="NUnitTestProject.CurrencyHelperTests" name="FormatToStringTest1000(15669.698889610218d,&quot;15669.70 zł&quot;)" />
    </UnitTest>
    <UnitTest name="FormatToStringTest1000(67338.80028760935d,&quot;67338.80 zł&quot;)" storage="c:\projekty\nunittestproject\bin\debug\netcoreapp3.1\nunittestproject.dll" id="511f69f7-a0fb-1d5f-80a7-db38c945bbc4">
      <Execution id="f4ac5c1d-b2fb-4977-99fc-087db70b66e1" />
      <TestMethod codeBase="C:\Projekty\NUnitTestProject\bin\Debug\netcoreapp3.1\NUnitTestProject.dll" adapterTypeName="executor://nunit3testexecutor/" className="NUnitTestProject.CurrencyHelperTests" name="FormatToStringTest1000(67338.80028760935d,&quot;67338.80 zł&quot;)" />
    </UnitTest>
    <UnitTest name="FormatToStringTest1000(12187.551827252633d,&quot;12187.55 zł&quot;)" storage="c:\projekty\nunittestproject\bin\debug\netcoreapp3.1\nunittestproject.dll" id="4593d3e0-40c6-d633-5fcd-f61df33025dc">
      <Execution id="3e290469-933b-48ec-b670-1c6a0b60c014" />
      <TestMethod codeBase="C:\Projekty\NUnitTestProject\bin\Debug\netcoreapp3.1\NUnitTestProject.dll" adapterTypeName="executor://nunit3testexecutor/" className="NUnitTestProject.CurrencyHelperTests" name="FormatToStringTest1000(12187.551827252633d,&quot;12187.55 zł&quot;)" />
    </UnitTest>
    <UnitTest name="FormatToStringTest1000(4857.211933034105d,&quot;4857.21 zł&quot;)" storage="c:\projekty\nunittestproject\bin\debug\netcoreapp3.1\nunittestproject.dll" id="a488094a-b6b5-d178-8919-9dcf3be59209">
      <Execution id="b63d6b57-c18a-42d2-9d7a-cb33c629e39a" />
      <TestMethod codeBase="C:\Projekty\NUnitTestProject\bin\Debug\netcoreapp3.1\NUnitTestProject.dll" adapterTypeName="executor://nunit3testexecutor/" className="NUnitTestProject.CurrencyHelperTests" name="FormatToStringTest1000(4857.211933034105d,&quot;4857.21 zł&quot;)" />
    </UnitTest>
    <UnitTest name="FormatToStringTest1000(74514.06270644537d,&quot;74514.06 zł&quot;)" storage="c:\projekty\nunittestproject\bin\debug\netcoreapp3.1\nunittestproject.dll" id="c2833739-846c-dde5-0033-1a2de8fc4d5a">
      <Execution id="c4fca8c8-ef78-4b00-b6ad-eb6b64de1d94" />
      <TestMethod codeBase="C:\Projekty\NUnitTestProject\bin\Debug\netcoreapp3.1\NUnitTestProject.dll" adapterTypeName="executor://nunit3testexecutor/" className="NUnitTestProject.CurrencyHelperTests" name="FormatToStringTest1000(74514.06270644537d,&quot;74514.06 zł&quot;)" />
    </UnitTest>
    <UnitTest name="FormatToStringTest1000(35248.53555717996d,&quot;35248.54 zł&quot;)" storage="c:\projekty\nunittestproject\bin\debug\netcoreapp3.1\nunittestproject.dll" id="7f9e3406-835c-5c12-68cf-08b73690e2b2">
      <Execution id="a77dacab-d0e4-4a86-a2d8-ea427d483777" />
      <TestMethod codeBase="C:\Projekty\NUnitTestProject\bin\Debug\netcoreapp3.1\NUnitTestProject.dll" adapterTypeName="executor://nunit3testexecutor/" className="NUnitTestProject.CurrencyHelperTests" name="FormatToStringTest1000(35248.53555717996d,&quot;35248.54 zł&quot;)" />
    </UnitTest>
    <UnitTest name="FormatToStringTest1000(5247.779940802501d,&quot;5247.78 zł&quot;)" storage="c:\projekty\nunittestproject\bin\debug\netcoreapp3.1\nunittestproject.dll" id="112e422e-04b2-3ba3-ad56-a1e5d3cfbd79">
      <Execution id="f876b93c-70ec-4666-8998-873b0ad4ad4c" />
      <TestMethod codeBase="C:\Projekty\NUnitTestProject\bin\Debug\netcoreapp3.1\NUnitTestProject.dll" adapterTypeName="executor://nunit3testexecutor/" className="NUnitTestProject.CurrencyHelperTests" name="FormatToStringTest1000(5247.779940802501d,&quot;5247.78 zł&quot;)" />
    </UnitTest>
    <UnitTest name="FormatToStringTest1000(39146.892120180135d,&quot;39146.89 zł&quot;)" storage="c:\projekty\nunittestproject\bin\debug\netcoreapp3.1\nunittestproject.dll" id="853ab17c-1011-8c0b-9611-6a309f52ffd7">
      <Execution id="f7ebaec5-452a-4ff9-afce-5b49f00c9c1e" />
      <TestMethod codeBase="C:\Projekty\NUnitTestProject\bin\Debug\netcoreapp3.1\NUnitTestProject.dll" adapterTypeName="executor://nunit3testexecutor/" className="NUnitTestProject.CurrencyHelperTests" name="FormatToStringTest1000(39146.892120180135d,&quot;39146.89 zł&quot;)" />
    </UnitTest>
    <UnitTest name="FormatToStringTest1000(17579.823312525088d,&quot;17579.82 zł&quot;)" storage="c:\projekty\nunittestproject\bin\debug\netcoreapp3.1\nunittestproject.dll" id="38306153-a308-b729-5fc5-ac18787be15f">
      <Execution id="b5242287-43bf-4046-b467-4c47db492007" />
      <TestMethod codeBase="C:\Projekty\NUnitTestProject\bin\Debug\netcoreapp3.1\NUnitTestProject.dll" adapterTypeName="executor://nunit3testexecutor/" className="NUnitTestProject.CurrencyHelperTests" name="FormatToStringTest1000(17579.823312525088d,&quot;17579.82 zł&quot;)" />
    </UnitTest>
    <UnitTest name="FormatToStringTest1000(30320.450517486992d,&quot;30320.45 zł&quot;)" storage="c:\projekty\nunittestproject\bin\debug\netcoreapp3.1\nunittestproject.dll" id="5bc31484-16d9-023b-e244-308f6e26f09a">
      <Execution id="72cc8a88-576a-48c8-a8e1-268e401b2176" />
      <TestMethod codeBase="C:\Projekty\NUnitTestProject\bin\Debug\netcoreapp3.1\NUnitTestProject.dll" adapterTypeName="executor://nunit3testexecutor/" className="NUnitTestProject.CurrencyHelperTests" name="FormatToStringTest1000(30320.450517486992d,&quot;30320.45 zł&quot;)" />
    </UnitTest>
    <UnitTest name="FormatToStringTest1000(25116.590135570892d,&quot;25116.59 zł&quot;)" storage="c:\projekty\nunittestproject\bin\debug\netcoreapp3.1\nunittestproject.dll" id="3ff03a46-b206-b458-f53e-9c5468df465e">
      <Execution id="c523e687-1a65-48c8-8b9b-778f113f0720" />
      <TestMethod codeBase="C:\Projekty\NUnitTestProject\bin\Debug\netcoreapp3.1\NUnitTestProject.dll" adapterTypeName="executor://nunit3testexecutor/" className="NUnitTestProject.CurrencyHelperTests" name="FormatToStringTest1000(25116.590135570892d,&quot;25116.59 zł&quot;)" />
    </UnitTest>
    <UnitTest name="FormatToStringTest1000(81326.3340147521d,&quot;81326.33 zł&quot;)" storage="c:\projekty\nunittestproject\bin\debug\netcoreapp3.1\nunittestproject.dll" id="1a9a0ddf-514c-baf9-413c-22119b976aa4">
      <Execution id="e4d721c3-6b7a-4a97-80e2-60f6c4a6c92a" />
      <TestMethod codeBase="C:\Projekty\NUnitTestProject\bin\Debug\netcoreapp3.1\NUnitTestProject.dll" adapterTypeName="executor://nunit3testexecutor/" className="NUnitTestProject.CurrencyHelperTests" name="FormatToStringTest1000(81326.3340147521d,&quot;81326.33 zł&quot;)" />
    </UnitTest>
    <UnitTest name="FormatToStringTest1000(100.45267071130345d,&quot;100.45 zł&quot;)" storage="c:\projekty\nunittestproject\bin\debug\netcoreapp3.1\nunittestproject.dll" id="bf8e531c-343c-5c0a-d3e5-66c9023885a3">
      <Execution id="b369ecad-fde2-4063-8c91-05da2e1d39ee" />
      <TestMethod codeBase="C:\Projekty\NUnitTestProject\bin\Debug\netcoreapp3.1\NUnitTestProject.dll" adapterTypeName="executor://nunit3testexecutor/" className="NUnitTestProject.CurrencyHelperTests" name="FormatToStringTest1000(100.45267071130345d,&quot;100.45 zł&quot;)" />
    </UnitTest>
    <UnitTest name="FormatToStringTest1000(4812.162927013898d,&quot;4812.16 zł&quot;)" storage="c:\projekty\nunittestproject\bin\debug\netcoreapp3.1\nunittestproject.dll" id="f0622268-a7b0-73db-dcaa-b07ea595271b">
      <Execution id="c15fdbf3-ca1c-44b7-a4cc-9f42e394fc17" />
      <TestMethod codeBase="C:\Projekty\NUnitTestProject\bin\Debug\netcoreapp3.1\NUnitTestProject.dll" adapterTypeName="executor://nunit3testexecutor/" className="NUnitTestProject.CurrencyHelperTests" name="FormatToStringTest1000(4812.162927013898d,&quot;4812.16 zł&quot;)" />
    </UnitTest>
    <UnitTest name="FormatToStringTest1000(2166.4103293970275d,&quot;2166.41 zł&quot;)" storage="c:\projekty\nunittestproject\bin\debug\netcoreapp3.1\nunittestproject.dll" id="b09e548c-5a83-3ac9-fa3f-e5118e38e1d9">
      <Execution id="3f5b723c-a1e9-4ae2-ac3d-c6a6c70efde8" />
      <TestMethod codeBase="C:\Projekty\NUnitTestProject\bin\Debug\netcoreapp3.1\NUnitTestProject.dll" adapterTypeName="executor://nunit3testexecutor/" className="NUnitTestProject.CurrencyHelperTests" name="FormatToStringTest1000(2166.4103293970275d,&quot;2166.41 zł&quot;)" />
    </UnitTest>
    <UnitTest name="FormatToStringTest1000(1562.3173604776698d,&quot;1562.32 zł&quot;)" storage="c:\projekty\nunittestproject\bin\debug\netcoreapp3.1\nunittestproject.dll" id="d187567e-7ba7-c49e-1e54-13fd327095e9">
      <Execution id="16569721-d013-42d2-8681-2b08d8df71e6" />
      <TestMethod codeBase="C:\Projekty\NUnitTestProject\bin\Debug\netcoreapp3.1\NUnitTestProject.dll" adapterTypeName="executor://nunit3testexecutor/" className="NUnitTestProject.CurrencyHelperTests" name="FormatToStringTest1000(1562.3173604776698d,&quot;1562.32 zł&quot;)" />
    </UnitTest>
    <UnitTest name="FormatToStringTest1000(22604.838218828587d,&quot;22604.84 zł&quot;)" storage="c:\projekty\nunittestproject\bin\debug\netcoreapp3.1\nunittestproject.dll" id="5667c806-5b5f-868c-360c-740b6f484339">
      <Execution id="fd233aec-9bc2-4424-9993-82cfb5795310" />
      <TestMethod codeBase="C:\Projekty\NUnitTestProject\bin\Debug\netcoreapp3.1\NUnitTestProject.dll" adapterTypeName="executor://nunit3testexecutor/" className="NUnitTestProject.CurrencyHelperTests" name="FormatToStringTest1000(22604.838218828587d,&quot;22604.84 zł&quot;)" />
    </UnitTest>
    <UnitTest name="FormatToStringTest1000(12903.541202012237d,&quot;12903.54 zł&quot;)" storage="c:\projekty\nunittestproject\bin\debug\netcoreapp3.1\nunittestproject.dll" id="1ae81526-c34e-30fb-a453-ec950aa3ef1c">
      <Execution id="034f73c5-34a5-48b2-a9bc-5b2083e9c7c9" />
      <TestMethod codeBase="C:\Projekty\NUnitTestProject\bin\Debug\netcoreapp3.1\NUnitTestProject.dll" adapterTypeName="executor://nunit3testexecutor/" className="NUnitTestProject.CurrencyHelperTests" name="FormatToStringTest1000(12903.541202012237d,&quot;12903.54 zł&quot;)" />
    </UnitTest>
    <UnitTest name="FormatToStringTest1000(4652.407073443945d,&quot;4652.41 zł&quot;)" storage="c:\projekty\nunittestproject\bin\debug\netcoreapp3.1\nunittestproject.dll" id="bc3f5322-761c-1784-32c8-0807bc806b0a">
      <Execution id="0d24db37-9d16-46f4-a094-fe6ca173fd30" />
      <TestMethod codeBase="C:\Projekty\NUnitTestProject\bin\Debug\netcoreapp3.1\NUnitTestProject.dll" adapterTypeName="executor://nunit3testexecutor/" className="NUnitTestProject.CurrencyHelperTests" name="FormatToStringTest1000(4652.407073443945d,&quot;4652.41 zł&quot;)" />
    </UnitTest>
    <UnitTest name="FormatToStringTest1000(29362.005930638876d,&quot;29362.01 zł&quot;)" storage="c:\projekty\nunittestproject\bin\debug\netcoreapp3.1\nunittestproject.dll" id="5c5be749-8fc1-a0d2-2b32-3e2f32d1a7a1">
      <Execution id="eb079c1d-a663-4f2e-b494-42d1c5f10f8b" />
      <TestMethod codeBase="C:\Projekty\NUnitTestProject\bin\Debug\netcoreapp3.1\NUnitTestProject.dll" adapterTypeName="executor://nunit3testexecutor/" className="NUnitTestProject.CurrencyHelperTests" name="FormatToStringTest1000(29362.005930638876d,&quot;29362.01 zł&quot;)" />
    </UnitTest>
    <UnitTest name="FormatToStringTest1000(158.49784791027093d,&quot;158.50 zł&quot;)" storage="c:\projekty\nunittestproject\bin\debug\netcoreapp3.1\nunittestproject.dll" id="69c4777a-51de-9c54-0ee3-eb6af65c109e">
      <Execution id="2c8169aa-281e-4185-9c9c-394a95dd5ee7" />
      <TestMethod codeBase="C:\Projekty\NUnitTestProject\bin\Debug\netcoreapp3.1\NUnitTestProject.dll" adapterTypeName="executor://nunit3testexecutor/" className="NUnitTestProject.CurrencyHelperTests" name="FormatToStringTest1000(158.49784791027093d,&quot;158.50 zł&quot;)" />
    </UnitTest>
    <UnitTest name="FormatToStringTest1000(40035.54711080787d,&quot;40035.55 zł&quot;)" storage="c:\projekty\nunittestproject\bin\debug\netcoreapp3.1\nunittestproject.dll" id="7ba81b36-e120-9974-bbd1-63dae796d45c">
      <Execution id="6320f2a0-1db4-44db-b83b-ea199e39001a" />
      <TestMethod codeBase="C:\Projekty\NUnitTestProject\bin\Debug\netcoreapp3.1\NUnitTestProject.dll" adapterTypeName="executor://nunit3testexecutor/" className="NUnitTestProject.CurrencyHelperTests" name="FormatToStringTest1000(40035.54711080787d,&quot;40035.55 zł&quot;)" />
    </UnitTest>
    <UnitTest name="FormatToStringTest1000(238.1379397484185d,&quot;238.14 zł&quot;)" storage="c:\projekty\nunittestproject\bin\debug\netcoreapp3.1\nunittestproject.dll" id="b781e920-c895-0d1c-5363-71c65713c53a">
      <Execution id="8ac7c9ab-c9a9-4b91-8d57-c180647ccb5e" />
      <TestMethod codeBase="C:\Projekty\NUnitTestProject\bin\Debug\netcoreapp3.1\NUnitTestProject.dll" adapterTypeName="executor://nunit3testexecutor/" className="NUnitTestProject.CurrencyHelperTests" name="FormatToStringTest1000(238.1379397484185d,&quot;238.14 zł&quot;)" />
    </UnitTest>
    <UnitTest name="FormatToStringTest1000(16986.338876065027d,&quot;16986.34 zł&quot;)" storage="c:\projekty\nunittestproject\bin\debug\netcoreapp3.1\nunittestproject.dll" id="aeefe3bf-b956-1766-ab65-91503c288180">
      <Execution id="86e2c96d-e25e-4301-82df-bf19ecd21bb1" />
      <TestMethod codeBase="C:\Projekty\NUnitTestProject\bin\Debug\netcoreapp3.1\NUnitTestProject.dll" adapterTypeName="executor://nunit3testexecutor/" className="NUnitTestProject.CurrencyHelperTests" name="FormatToStringTest1000(16986.338876065027d,&quot;16986.34 zł&quot;)" />
    </UnitTest>
    <UnitTest name="FormatToStringTest1000(6170.939441211959d,&quot;6170.94 zł&quot;)" storage="c:\projekty\nunittestproject\bin\debug\netcoreapp3.1\nunittestproject.dll" id="3490543a-9aad-4d93-690a-aa8da10d1845">
      <Execution id="f12057c7-d6c3-48ef-8823-2a4b7a2f856d" />
      <TestMethod codeBase="C:\Projekty\NUnitTestProject\bin\Debug\netcoreapp3.1\NUnitTestProject.dll" adapterTypeName="executor://nunit3testexecutor/" className="NUnitTestProject.CurrencyHelperTests" name="FormatToStringTest1000(6170.939441211959d,&quot;6170.94 zł&quot;)" />
    </UnitTest>
    <UnitTest name="FormatToStringTest1000(66019.32414194118d,&quot;66019.32 zł&quot;)" storage="c:\projekty\nunittestproject\bin\debug\netcoreapp3.1\nunittestproject.dll" id="cee9a7d1-ec49-f6f1-a300-399ccd3bc1b7">
      <Execution id="9277856d-aefb-494f-b1e7-26244878a792" />
      <TestMethod codeBase="C:\Projekty\NUnitTestProject\bin\Debug\netcoreapp3.1\NUnitTestProject.dll" adapterTypeName="executor://nunit3testexecutor/" className="NUnitTestProject.CurrencyHelperTests" name="FormatToStringTest1000(66019.32414194118d,&quot;66019.32 zł&quot;)" />
    </UnitTest>
    <UnitTest name="FormatToStringTest1000(22248.263319677797d,&quot;22248.26 zł&quot;)" storage="c:\projekty\nunittestproject\bin\debug\netcoreapp3.1\nunittestproject.dll" id="f4854fd4-587a-5d07-271a-654c42d2751c">
      <Execution id="7aa30ecb-9214-4ac8-ad5b-ada4d0200e4e" />
      <TestMethod codeBase="C:\Projekty\NUnitTestProject\bin\Debug\netcoreapp3.1\NUnitTestProject.dll" adapterTypeName="executor://nunit3testexecutor/" className="NUnitTestProject.CurrencyHelperTests" name="FormatToStringTest1000(22248.263319677797d,&quot;22248.26 zł&quot;)" />
    </UnitTest>
    <UnitTest name="FormatToStringTest1000(9867.823212210007d,&quot;9867.82 zł&quot;)" storage="c:\projekty\nunittestproject\bin\debug\netcoreapp3.1\nunittestproject.dll" id="386c80c9-6738-6119-052a-4c505d8f4e31">
      <Execution id="ca66411b-f3d3-4b4d-8280-e60a5cfa58a5" />
      <TestMethod codeBase="C:\Projekty\NUnitTestProject\bin\Debug\netcoreapp3.1\NUnitTestProject.dll" adapterTypeName="executor://nunit3testexecutor/" className="NUnitTestProject.CurrencyHelperTests" name="FormatToStringTest1000(9867.823212210007d,&quot;9867.82 zł&quot;)" />
    </UnitTest>
    <UnitTest name="FormatToStringTest1000(8599.45217413616d,&quot;8599.45 zł&quot;)" storage="c:\projekty\nunittestproject\bin\debug\netcoreapp3.1\nunittestproject.dll" id="b707b6dd-6efb-76f3-be89-5a3ace5192c9">
      <Execution id="bd244985-859a-45fd-b7ba-960b8274b484" />
      <TestMethod codeBase="C:\Projekty\NUnitTestProject\bin\Debug\netcoreapp3.1\NUnitTestProject.dll" adapterTypeName="executor://nunit3testexecutor/" className="NUnitTestProject.CurrencyHelperTests" name="FormatToStringTest1000(8599.45217413616d,&quot;8599.45 zł&quot;)" />
    </UnitTest>
    <UnitTest name="FormatToStringTest1000(51632.87002968503d,&quot;51632.87 zł&quot;)" storage="c:\projekty\nunittestproject\bin\debug\netcoreapp3.1\nunittestproject.dll" id="b074171d-4bb2-388e-f619-96efeb179b06">
      <Execution id="72bbc7a4-a528-4d29-90ba-1a30c64d2f0f" />
      <TestMethod codeBase="C:\Projekty\NUnitTestProject\bin\Debug\netcoreapp3.1\NUnitTestProject.dll" adapterTypeName="executor://nunit3testexecutor/" className="NUnitTestProject.CurrencyHelperTests" name="FormatToStringTest1000(51632.87002968503d,&quot;51632.87 zł&quot;)" />
    </UnitTest>
    <UnitTest name="FormatToStringTest1000(74152.7503934562d,&quot;74152.75 zł&quot;)" storage="c:\projekty\nunittestproject\bin\debug\netcoreapp3.1\nunittestproject.dll" id="d147ccf7-2e90-d95d-62de-1759c3690066">
      <Execution id="b9dc7164-e20f-4aa4-b1a1-f373e7815a82" />
      <TestMethod codeBase="C:\Projekty\NUnitTestProject\bin\Debug\netcoreapp3.1\NUnitTestProject.dll" adapterTypeName="executor://nunit3testexecutor/" className="NUnitTestProject.CurrencyHelperTests" name="FormatToStringTest1000(74152.7503934562d,&quot;74152.75 zł&quot;)" />
    </UnitTest>
    <UnitTest name="FormatToStringTest1000(38803.03958246253d,&quot;38803.04 zł&quot;)" storage="c:\projekty\nunittestproject\bin\debug\netcoreapp3.1\nunittestproject.dll" id="032648fc-0fdc-1a5c-ef88-d85403381c03">
      <Execution id="69520fe4-116d-453f-82c5-686fce14108f" />
      <TestMethod codeBase="C:\Projekty\NUnitTestProject\bin\Debug\netcoreapp3.1\NUnitTestProject.dll" adapterTypeName="executor://nunit3testexecutor/" className="NUnitTestProject.CurrencyHelperTests" name="FormatToStringTest1000(38803.03958246253d,&quot;38803.04 zł&quot;)" />
    </UnitTest>
    <UnitTest name="FormatToStringTest1000(750.5106571719566d,&quot;750.51 zł&quot;)" storage="c:\projekty\nunittestproject\bin\debug\netcoreapp3.1\nunittestproject.dll" id="764dde41-f2ed-c432-64e0-910368db710d">
      <Execution id="412ca952-e4ef-4c7b-a32a-72497f1b79bb" />
      <TestMethod codeBase="C:\Projekty\NUnitTestProject\bin\Debug\netcoreapp3.1\NUnitTestProject.dll" adapterTypeName="executor://nunit3testexecutor/" className="NUnitTestProject.CurrencyHelperTests" name="FormatToStringTest1000(750.5106571719566d,&quot;750.51 zł&quot;)" />
    </UnitTest>
    <UnitTest name="FormatToStringTest1000(60701.5177499319d,&quot;60701.52 zł&quot;)" storage="c:\projekty\nunittestproject\bin\debug\netcoreapp3.1\nunittestproject.dll" id="5793f365-d163-be21-ca1f-4a66a13f32b3">
      <Execution id="a1c6d930-208b-47e3-be12-d18841947da8" />
      <TestMethod codeBase="C:\Projekty\NUnitTestProject\bin\Debug\netcoreapp3.1\NUnitTestProject.dll" adapterTypeName="executor://nunit3testexecutor/" className="NUnitTestProject.CurrencyHelperTests" name="FormatToStringTest1000(60701.5177499319d,&quot;60701.52 zł&quot;)" />
    </UnitTest>
    <UnitTest name="FormatToStringTest1000(3521.3657738167635d,&quot;3521.37 zł&quot;)" storage="c:\projekty\nunittestproject\bin\debug\netcoreapp3.1\nunittestproject.dll" id="daebc394-ed43-a172-b3fd-00de92d9d60e">
      <Execution id="4a883e25-a1e5-4921-ab5a-018d34db5a21" />
      <TestMethod codeBase="C:\Projekty\NUnitTestProject\bin\Debug\netcoreapp3.1\NUnitTestProject.dll" adapterTypeName="executor://nunit3testexecutor/" className="NUnitTestProject.CurrencyHelperTests" name="FormatToStringTest1000(3521.3657738167635d,&quot;3521.37 zł&quot;)" />
    </UnitTest>
    <UnitTest name="FormatToStringTest1000(15129.433864736666d,&quot;15129.43 zł&quot;)" storage="c:\projekty\nunittestproject\bin\debug\netcoreapp3.1\nunittestproject.dll" id="8257a4bf-ab18-2761-6e92-b21983b2b798">
      <Execution id="e0c92fd7-c000-4970-8d0e-405f964f0ddb" />
      <TestMethod codeBase="C:\Projekty\NUnitTestProject\bin\Debug\netcoreapp3.1\NUnitTestProject.dll" adapterTypeName="executor://nunit3testexecutor/" className="NUnitTestProject.CurrencyHelperTests" name="FormatToStringTest1000(15129.433864736666d,&quot;15129.43 zł&quot;)" />
    </UnitTest>
    <UnitTest name="FormatToStringTest1000(6752.510462437062d,&quot;6752.51 zł&quot;)" storage="c:\projekty\nunittestproject\bin\debug\netcoreapp3.1\nunittestproject.dll" id="2e664e3e-5b40-d901-9f2b-e816fa56a993">
      <Execution id="9d69c0e2-b867-4270-8ec6-daf35bd73fc0" />
      <TestMethod codeBase="C:\Projekty\NUnitTestProject\bin\Debug\netcoreapp3.1\NUnitTestProject.dll" adapterTypeName="executor://nunit3testexecutor/" className="NUnitTestProject.CurrencyHelperTests" name="FormatToStringTest1000(6752.510462437062d,&quot;6752.51 zł&quot;)" />
    </UnitTest>
    <UnitTest name="FormatToStringTest1000(18794.859523484418d,&quot;18794.86 zł&quot;)" storage="c:\projekty\nunittestproject\bin\debug\netcoreapp3.1\nunittestproject.dll" id="2adcf87c-7078-5286-2ca1-778b501cd9f7">
      <Execution id="00a14999-ff41-4ca9-85dd-20bb151f2bdc" />
      <TestMethod codeBase="C:\Projekty\NUnitTestProject\bin\Debug\netcoreapp3.1\NUnitTestProject.dll" adapterTypeName="executor://nunit3testexecutor/" className="NUnitTestProject.CurrencyHelperTests" name="FormatToStringTest1000(18794.859523484418d,&quot;18794.86 zł&quot;)" />
    </UnitTest>
    <UnitTest name="FormatToStringTest1000(4898.699005344277d,&quot;4898.70 zł&quot;)" storage="c:\projekty\nunittestproject\bin\debug\netcoreapp3.1\nunittestproject.dll" id="02f82b15-1853-9f05-8754-8f243db3e9b1">
      <Execution id="87749839-bea8-472b-a4e2-d77a633d65a0" />
      <TestMethod codeBase="C:\Projekty\NUnitTestProject\bin\Debug\netcoreapp3.1\NUnitTestProject.dll" adapterTypeName="executor://nunit3testexecutor/" className="NUnitTestProject.CurrencyHelperTests" name="FormatToStringTest1000(4898.699005344277d,&quot;4898.70 zł&quot;)" />
    </UnitTest>
    <UnitTest name="FormatToStringTest1000(45930.2386782068d,&quot;45930.24 zł&quot;)" storage="c:\projekty\nunittestproject\bin\debug\netcoreapp3.1\nunittestproject.dll" id="d61c5a24-3052-33c6-809a-bcd51f433ccc">
      <Execution id="8e33d662-7fb1-447e-a464-26e61c36e2ea" />
      <TestMethod codeBase="C:\Projekty\NUnitTestProject\bin\Debug\netcoreapp3.1\NUnitTestProject.dll" adapterTypeName="executor://nunit3testexecutor/" className="NUnitTestProject.CurrencyHelperTests" name="FormatToStringTest1000(45930.2386782068d,&quot;45930.24 zł&quot;)" />
    </UnitTest>
    <UnitTest name="FormatToStringTest1000(12429.698213906819d,&quot;12429.70 zł&quot;)" storage="c:\projekty\nunittestproject\bin\debug\netcoreapp3.1\nunittestproject.dll" id="5fdca359-14d7-98c9-3f79-03e22f946141">
      <Execution id="3ff218bb-d71e-4626-9cfd-19fc510e69cb" />
      <TestMethod codeBase="C:\Projekty\NUnitTestProject\bin\Debug\netcoreapp3.1\NUnitTestProject.dll" adapterTypeName="executor://nunit3testexecutor/" className="NUnitTestProject.CurrencyHelperTests" name="FormatToStringTest1000(12429.698213906819d,&quot;12429.70 zł&quot;)" />
    </UnitTest>
    <UnitTest name="FormatToStringTest1000(10461.455048841171d,&quot;10461.46 zł&quot;)" storage="c:\projekty\nunittestproject\bin\debug\netcoreapp3.1\nunittestproject.dll" id="3fdf9576-9d1e-7734-64c7-98030c7feb4a">
      <Execution id="5174d1bd-fded-4aa1-be3a-f2a161f08ae8" />
      <TestMethod codeBase="C:\Projekty\NUnitTestProject\bin\Debug\netcoreapp3.1\NUnitTestProject.dll" adapterTypeName="executor://nunit3testexecutor/" className="NUnitTestProject.CurrencyHelperTests" name="FormatToStringTest1000(10461.455048841171d,&quot;10461.46 zł&quot;)" />
    </UnitTest>
    <UnitTest name="FormatToStringTest1000(3131.5022711732904d,&quot;3131.50 zł&quot;)" storage="c:\projekty\nunittestproject\bin\debug\netcoreapp3.1\nunittestproject.dll" id="2f0cf2d4-3a28-6b74-1791-705b9f0277be">
      <Execution id="b30f2ee0-7412-47ce-ab3f-d71d732b5e92" />
      <TestMethod codeBase="C:\Projekty\NUnitTestProject\bin\Debug\netcoreapp3.1\NUnitTestProject.dll" adapterTypeName="executor://nunit3testexecutor/" className="NUnitTestProject.CurrencyHelperTests" name="FormatToStringTest1000(3131.5022711732904d,&quot;3131.50 zł&quot;)" />
    </UnitTest>
    <UnitTest name="FormatToStringTest1000(6958.393354767186d,&quot;6958.39 zł&quot;)" storage="c:\projekty\nunittestproject\bin\debug\netcoreapp3.1\nunittestproject.dll" id="96b3d30f-d6cb-f987-10e4-934fbe7403b3">
      <Execution id="8026b2a2-dee0-464d-b60f-bbc563c1db39" />
      <TestMethod codeBase="C:\Projekty\NUnitTestProject\bin\Debug\netcoreapp3.1\NUnitTestProject.dll" adapterTypeName="executor://nunit3testexecutor/" className="NUnitTestProject.CurrencyHelperTests" name="FormatToStringTest1000(6958.393354767186d,&quot;6958.39 zł&quot;)" />
    </UnitTest>
    <UnitTest name="FormatToStringTest1000(270.1894008262033d,&quot;270.19 zł&quot;)" storage="c:\projekty\nunittestproject\bin\debug\netcoreapp3.1\nunittestproject.dll" id="9a5250b7-62e0-de5b-0bd3-c2b7c7798ce7">
      <Execution id="ecc2128d-649d-4d52-976a-24a6ce8fe201" />
      <TestMethod codeBase="C:\Projekty\NUnitTestProject\bin\Debug\netcoreapp3.1\NUnitTestProject.dll" adapterTypeName="executor://nunit3testexecutor/" className="NUnitTestProject.CurrencyHelperTests" name="FormatToStringTest1000(270.1894008262033d,&quot;270.19 zł&quot;)" />
    </UnitTest>
    <UnitTest name="FormatToStringTest1000(904.351189922705d,&quot;904.35 zł&quot;)" storage="c:\projekty\nunittestproject\bin\debug\netcoreapp3.1\nunittestproject.dll" id="a52cde15-d4da-6fd7-917d-2f5d406fbd21">
      <Execution id="9924f97f-311c-4b36-8b39-3e6040b90e96" />
      <TestMethod codeBase="C:\Projekty\NUnitTestProject\bin\Debug\netcoreapp3.1\NUnitTestProject.dll" adapterTypeName="executor://nunit3testexecutor/" className="NUnitTestProject.CurrencyHelperTests" name="FormatToStringTest1000(904.351189922705d,&quot;904.35 zł&quot;)" />
    </UnitTest>
    <UnitTest name="FormatToStringTest1000(4252.4012513842445d,&quot;4252.40 zł&quot;)" storage="c:\projekty\nunittestproject\bin\debug\netcoreapp3.1\nunittestproject.dll" id="aa52f83a-fd01-4271-59b5-322ecc9f9333">
      <Execution id="5462c900-b4dd-454b-bcf9-9952e8b2f7e3" />
      <TestMethod codeBase="C:\Projekty\NUnitTestProject\bin\Debug\netcoreapp3.1\NUnitTestProject.dll" adapterTypeName="executor://nunit3testexecutor/" className="NUnitTestProject.CurrencyHelperTests" name="FormatToStringTest1000(4252.4012513842445d,&quot;4252.40 zł&quot;)" />
    </UnitTest>
    <UnitTest name="FormatToStringTest1000(42555.01416107594d,&quot;42555.01 zł&quot;)" storage="c:\projekty\nunittestproject\bin\debug\netcoreapp3.1\nunittestproject.dll" id="e073dcb9-6292-6a4c-9a77-75ed0e912310">
      <Execution id="f4976871-6a08-46e4-8f87-2e8d8de2363c" />
      <TestMethod codeBase="C:\Projekty\NUnitTestProject\bin\Debug\netcoreapp3.1\NUnitTestProject.dll" adapterTypeName="executor://nunit3testexecutor/" className="NUnitTestProject.CurrencyHelperTests" name="FormatToStringTest1000(42555.01416107594d,&quot;42555.01 zł&quot;)" />
    </UnitTest>
    <UnitTest name="FormatToStringTest1000(66945.02904917022d,&quot;66945.03 zł&quot;)" storage="c:\projekty\nunittestproject\bin\debug\netcoreapp3.1\nunittestproject.dll" id="712f5c64-914a-8747-dac9-aeb72d33838f">
      <Execution id="a346bb9a-a4e0-4ed0-a123-cb8c9058b345" />
      <TestMethod codeBase="C:\Projekty\NUnitTestProject\bin\Debug\netcoreapp3.1\NUnitTestProject.dll" adapterTypeName="executor://nunit3testexecutor/" className="NUnitTestProject.CurrencyHelperTests" name="FormatToStringTest1000(66945.02904917022d,&quot;66945.03 zł&quot;)" />
    </UnitTest>
    <UnitTest name="FormatToStringTest1000(7193.552206002898d,&quot;7193.55 zł&quot;)" storage="c:\projekty\nunittestproject\bin\debug\netcoreapp3.1\nunittestproject.dll" id="e16968dc-e551-2d79-073b-6318cfa896ba">
      <Execution id="fb090a1e-bc14-4e4f-aff8-e8a68dd9bd53" />
      <TestMethod codeBase="C:\Projekty\NUnitTestProject\bin\Debug\netcoreapp3.1\NUnitTestProject.dll" adapterTypeName="executor://nunit3testexecutor/" className="NUnitTestProject.CurrencyHelperTests" name="FormatToStringTest1000(7193.552206002898d,&quot;7193.55 zł&quot;)" />
    </UnitTest>
    <UnitTest name="FormatToStringTest1000(2835.0728237931958d,&quot;2835.07 zł&quot;)" storage="c:\projekty\nunittestproject\bin\debug\netcoreapp3.1\nunittestproject.dll" id="ff7d5d75-8704-2f07-483c-d76f3a2523cc">
      <Execution id="3a1c6b71-c19a-443f-91db-ee3193d14f6d" />
      <TestMethod codeBase="C:\Projekty\NUnitTestProject\bin\Debug\netcoreapp3.1\NUnitTestProject.dll" adapterTypeName="executor://nunit3testexecutor/" className="NUnitTestProject.CurrencyHelperTests" name="FormatToStringTest1000(2835.0728237931958d,&quot;2835.07 zł&quot;)" />
    </UnitTest>
    <UnitTest name="FormatToStringTest1000(67380.07704875062d,&quot;67380.08 zł&quot;)" storage="c:\projekty\nunittestproject\bin\debug\netcoreapp3.1\nunittestproject.dll" id="891c0d76-e64c-f414-ec6a-1381d76267bf">
      <Execution id="35043f6d-774f-44b8-917d-37ae9b3b37c0" />
      <TestMethod codeBase="C:\Projekty\NUnitTestProject\bin\Debug\netcoreapp3.1\NUnitTestProject.dll" adapterTypeName="executor://nunit3testexecutor/" className="NUnitTestProject.CurrencyHelperTests" name="FormatToStringTest1000(67380.07704875062d,&quot;67380.08 zł&quot;)" />
    </UnitTest>
    <UnitTest name="FormatToStringTest1000(19783.413847500186d,&quot;19783.41 zł&quot;)" storage="c:\projekty\nunittestproject\bin\debug\netcoreapp3.1\nunittestproject.dll" id="bf09f141-5d04-1546-3599-f58a7debd81e">
      <Execution id="36cc1b9d-fb84-42e2-8fff-41d397803742" />
      <TestMethod codeBase="C:\Projekty\NUnitTestProject\bin\Debug\netcoreapp3.1\NUnitTestProject.dll" adapterTypeName="executor://nunit3testexecutor/" className="NUnitTestProject.CurrencyHelperTests" name="FormatToStringTest1000(19783.413847500186d,&quot;19783.41 zł&quot;)" />
    </UnitTest>
    <UnitTest name="FormatToStringTest1000(12528.413830086782d,&quot;12528.41 zł&quot;)" storage="c:\projekty\nunittestproject\bin\debug\netcoreapp3.1\nunittestproject.dll" id="311588b6-1eda-5995-3667-7c2c732d3f34">
      <Execution id="3db01e00-d5ce-4ba2-9630-c4c2844e01f6" />
      <TestMethod codeBase="C:\Projekty\NUnitTestProject\bin\Debug\netcoreapp3.1\NUnitTestProject.dll" adapterTypeName="executor://nunit3testexecutor/" className="NUnitTestProject.CurrencyHelperTests" name="FormatToStringTest1000(12528.413830086782d,&quot;12528.41 zł&quot;)" />
    </UnitTest>
    <UnitTest name="FormatToStringTest1000(47431.868885526375d,&quot;47431.87 zł&quot;)" storage="c:\projekty\nunittestproject\bin\debug\netcoreapp3.1\nunittestproject.dll" id="0f39fcee-dd2f-44a0-e35a-8e74fa0a37f5">
      <Execution id="b86fe65d-11c1-4bdd-9129-f9311af9887b" />
      <TestMethod codeBase="C:\Projekty\NUnitTestProject\bin\Debug\netcoreapp3.1\NUnitTestProject.dll" adapterTypeName="executor://nunit3testexecutor/" className="NUnitTestProject.CurrencyHelperTests" name="FormatToStringTest1000(47431.868885526375d,&quot;47431.87 zł&quot;)" />
    </UnitTest>
    <UnitTest name="FormatToStringTest1000(9843.625240445894d,&quot;9843.63 zł&quot;)" storage="c:\projekty\nunittestproject\bin\debug\netcoreapp3.1\nunittestproject.dll" id="c1189369-93b0-2acc-f712-00eac1c7b884">
      <Execution id="d99694b7-10a1-41e8-8be6-9acf1a30a57f" />
      <TestMethod codeBase="C:\Projekty\NUnitTestProject\bin\Debug\netcoreapp3.1\NUnitTestProject.dll" adapterTypeName="executor://nunit3testexecutor/" className="NUnitTestProject.CurrencyHelperTests" name="FormatToStringTest1000(9843.625240445894d,&quot;9843.63 zł&quot;)" />
    </UnitTest>
    <UnitTest name="FormatToStringTest1000(49256.65708813195d,&quot;49256.66 zł&quot;)" storage="c:\projekty\nunittestproject\bin\debug\netcoreapp3.1\nunittestproject.dll" id="4860ad68-0544-30ce-66fd-690992dae18e">
      <Execution id="3ab0924c-61a3-40e9-b9fc-dad957cb4b62" />
      <TestMethod codeBase="C:\Projekty\NUnitTestProject\bin\Debug\netcoreapp3.1\NUnitTestProject.dll" adapterTypeName="executor://nunit3testexecutor/" className="NUnitTestProject.CurrencyHelperTests" name="FormatToStringTest1000(49256.65708813195d,&quot;49256.66 zł&quot;)" />
    </UnitTest>
    <UnitTest name="FormatToStringTest1000(16210.791556035536d,&quot;16210.79 zł&quot;)" storage="c:\projekty\nunittestproject\bin\debug\netcoreapp3.1\nunittestproject.dll" id="d39fbf53-bbf3-020f-e6d4-44b45bc00b41">
      <Execution id="1aa80ed8-b544-41e8-a0dc-22889aba4374" />
      <TestMethod codeBase="C:\Projekty\NUnitTestProject\bin\Debug\netcoreapp3.1\NUnitTestProject.dll" adapterTypeName="executor://nunit3testexecutor/" className="NUnitTestProject.CurrencyHelperTests" name="FormatToStringTest1000(16210.791556035536d,&quot;16210.79 zł&quot;)" />
    </UnitTest>
    <UnitTest name="FormatToStringTest1000(1963.0091662979728d,&quot;1963.01 zł&quot;)" storage="c:\projekty\nunittestproject\bin\debug\netcoreapp3.1\nunittestproject.dll" id="848d2a90-a6ed-8153-c519-d66b9a7193d9">
      <Execution id="82fba23b-37d2-489f-95ed-514a90d70b68" />
      <TestMethod codeBase="C:\Projekty\NUnitTestProject\bin\Debug\netcoreapp3.1\NUnitTestProject.dll" adapterTypeName="executor://nunit3testexecutor/" className="NUnitTestProject.CurrencyHelperTests" name="FormatToStringTest1000(1963.0091662979728d,&quot;1963.01 zł&quot;)" />
    </UnitTest>
    <UnitTest name="FormatToStringTest1000(59247.898931587064d,&quot;59247.90 zł&quot;)" storage="c:\projekty\nunittestproject\bin\debug\netcoreapp3.1\nunittestproject.dll" id="097d9f12-a8b0-74cc-8829-12842d451447">
      <Execution id="de55a7e8-6e92-4b51-9667-b5f3d0384e03" />
      <TestMethod codeBase="C:\Projekty\NUnitTestProject\bin\Debug\netcoreapp3.1\NUnitTestProject.dll" adapterTypeName="executor://nunit3testexecutor/" className="NUnitTestProject.CurrencyHelperTests" name="FormatToStringTest1000(59247.898931587064d,&quot;59247.90 zł&quot;)" />
    </UnitTest>
    <UnitTest name="FormatToStringTest1000(14719.97001409762d,&quot;14719.97 zł&quot;)" storage="c:\projekty\nunittestproject\bin\debug\netcoreapp3.1\nunittestproject.dll" id="e919c93b-2878-e388-877b-68a9f48cc9b1">
      <Execution id="99c1b3d1-8a10-4c0b-9eb0-fdcb1b591808" />
      <TestMethod codeBase="C:\Projekty\NUnitTestProject\bin\Debug\netcoreapp3.1\NUnitTestProject.dll" adapterTypeName="executor://nunit3testexecutor/" className="NUnitTestProject.CurrencyHelperTests" name="FormatToStringTest1000(14719.97001409762d,&quot;14719.97 zł&quot;)" />
    </UnitTest>
    <UnitTest name="FormatToStringTest1000(76751.79413498091d,&quot;76751.79 zł&quot;)" storage="c:\projekty\nunittestproject\bin\debug\netcoreapp3.1\nunittestproject.dll" id="4ce6cb72-dabd-e3eb-6074-df75f0abcb26">
      <Execution id="44a0cd83-ecbf-4f51-8cad-fe06c9e4d29c" />
      <TestMethod codeBase="C:\Projekty\NUnitTestProject\bin\Debug\netcoreapp3.1\NUnitTestProject.dll" adapterTypeName="executor://nunit3testexecutor/" className="NUnitTestProject.CurrencyHelperTests" name="FormatToStringTest1000(76751.79413498091d,&quot;76751.79 zł&quot;)" />
    </UnitTest>
    <UnitTest name="FormatToStringTest1000(88616.03808168416d,&quot;88616.04 zł&quot;)" storage="c:\projekty\nunittestproject\bin\debug\netcoreapp3.1\nunittestproject.dll" id="80a01599-be59-3356-d51c-3d8e6f327fd1">
      <Execution id="c3d5892b-a052-4cbb-bab5-24258338b79d" />
      <TestMethod codeBase="C:\Projekty\NUnitTestProject\bin\Debug\netcoreapp3.1\NUnitTestProject.dll" adapterTypeName="executor://nunit3testexecutor/" className="NUnitTestProject.CurrencyHelperTests" name="FormatToStringTest1000(88616.03808168416d,&quot;88616.04 zł&quot;)" />
    </UnitTest>
    <UnitTest name="FormatToStringTest1000(19882.647973500494d,&quot;19882.65 zł&quot;)" storage="c:\projekty\nunittestproject\bin\debug\netcoreapp3.1\nunittestproject.dll" id="24a1bb0d-d69a-de21-49e4-5bbbeaac5021">
      <Execution id="1af3f9d8-63e1-4f00-8cbb-909ddf9d8b18" />
      <TestMethod codeBase="C:\Projekty\NUnitTestProject\bin\Debug\netcoreapp3.1\NUnitTestProject.dll" adapterTypeName="executor://nunit3testexecutor/" className="NUnitTestProject.CurrencyHelperTests" name="FormatToStringTest1000(19882.647973500494d,&quot;19882.65 zł&quot;)" />
    </UnitTest>
    <UnitTest name="FormatToStringTest1000(76106.57198894516d,&quot;76106.57 zł&quot;)" storage="c:\projekty\nunittestproject\bin\debug\netcoreapp3.1\nunittestproject.dll" id="b643553f-2706-197d-9fb1-e9b050657f08">
      <Execution id="9fc5f3ce-8001-45c1-b9de-8b649ab0cbbb" />
      <TestMethod codeBase="C:\Projekty\NUnitTestProject\bin\Debug\netcoreapp3.1\NUnitTestProject.dll" adapterTypeName="executor://nunit3testexecutor/" className="NUnitTestProject.CurrencyHelperTests" name="FormatToStringTest1000(76106.57198894516d,&quot;76106.57 zł&quot;)" />
    </UnitTest>
    <UnitTest name="FormatToStringTest1000(25794.833624416417d,&quot;25794.83 zł&quot;)" storage="c:\projekty\nunittestproject\bin\debug\netcoreapp3.1\nunittestproject.dll" id="64584126-c6a0-fbd7-9fe1-1a9b0d36c2b6">
      <Execution id="6cf79b79-d662-4639-b741-9e8cc8a8c9a4" />
      <TestMethod codeBase="C:\Projekty\NUnitTestProject\bin\Debug\netcoreapp3.1\NUnitTestProject.dll" adapterTypeName="executor://nunit3testexecutor/" className="NUnitTestProject.CurrencyHelperTests" name="FormatToStringTest1000(25794.833624416417d,&quot;25794.83 zł&quot;)" />
    </UnitTest>
    <UnitTest name="FormatToStringTest1000(33206.73122987837d,&quot;33206.73 zł&quot;)" storage="c:\projekty\nunittestproject\bin\debug\netcoreapp3.1\nunittestproject.dll" id="b1be5e34-279b-4416-5a52-95321e0442b4">
      <Execution id="217a882c-a268-4db0-a604-3aa92a9b57dc" />
      <TestMethod codeBase="C:\Projekty\NUnitTestProject\bin\Debug\netcoreapp3.1\NUnitTestProject.dll" adapterTypeName="executor://nunit3testexecutor/" className="NUnitTestProject.CurrencyHelperTests" name="FormatToStringTest1000(33206.73122987837d,&quot;33206.73 zł&quot;)" />
    </UnitTest>
    <UnitTest name="FormatToStringTest1000(32812.53695512634d,&quot;32812.54 zł&quot;)" storage="c:\projekty\nunittestproject\bin\debug\netcoreapp3.1\nunittestproject.dll" id="c7fd498b-03da-468c-aa24-ce275275bb84">
      <Execution id="3408ea5a-638f-424f-b383-376c49479959" />
      <TestMethod codeBase="C:\Projekty\NUnitTestProject\bin\Debug\netcoreapp3.1\NUnitTestProject.dll" adapterTypeName="executor://nunit3testexecutor/" className="NUnitTestProject.CurrencyHelperTests" name="FormatToStringTest1000(32812.53695512634d,&quot;32812.54 zł&quot;)" />
    </UnitTest>
    <UnitTest name="FormatToStringTest1000(3799.9216302064815d,&quot;3799.92 zł&quot;)" storage="c:\projekty\nunittestproject\bin\debug\netcoreapp3.1\nunittestproject.dll" id="adc5ef62-1184-5cc3-ec81-b0b338d88e48">
      <Execution id="708b6aca-3f46-4af6-925c-d8543b2a7982" />
      <TestMethod codeBase="C:\Projekty\NUnitTestProject\bin\Debug\netcoreapp3.1\NUnitTestProject.dll" adapterTypeName="executor://nunit3testexecutor/" className="NUnitTestProject.CurrencyHelperTests" name="FormatToStringTest1000(3799.9216302064815d,&quot;3799.92 zł&quot;)" />
    </UnitTest>
    <UnitTest name="FormatToStringTest1000(20482.32969107308d,&quot;20482.33 zł&quot;)" storage="c:\projekty\nunittestproject\bin\debug\netcoreapp3.1\nunittestproject.dll" id="50412f91-cd15-dc69-c1d6-5d9dbd95d4af">
      <Execution id="af09a0cf-ba5c-4ac5-9e82-3fedfcfd7f9f" />
      <TestMethod codeBase="C:\Projekty\NUnitTestProject\bin\Debug\netcoreapp3.1\NUnitTestProject.dll" adapterTypeName="executor://nunit3testexecutor/" className="NUnitTestProject.CurrencyHelperTests" name="FormatToStringTest1000(20482.32969107308d,&quot;20482.33 zł&quot;)" />
    </UnitTest>
    <UnitTest name="FormatToStringTest1000(45070.5442499493d,&quot;45070.54 zł&quot;)" storage="c:\projekty\nunittestproject\bin\debug\netcoreapp3.1\nunittestproject.dll" id="ce8c4658-51b9-647a-8bb3-9c2995dd5a3c">
      <Execution id="e097b7f4-9d28-4047-87d9-307853f13f63" />
      <TestMethod codeBase="C:\Projekty\NUnitTestProject\bin\Debug\netcoreapp3.1\NUnitTestProject.dll" adapterTypeName="executor://nunit3testexecutor/" className="NUnitTestProject.CurrencyHelperTests" name="FormatToStringTest1000(45070.5442499493d,&quot;45070.54 zł&quot;)" />
    </UnitTest>
    <UnitTest name="FormatToStringTest1000(30126.012320622805d,&quot;30126.01 zł&quot;)" storage="c:\projekty\nunittestproject\bin\debug\netcoreapp3.1\nunittestproject.dll" id="39997ae6-4a52-e491-d8ae-8d3f689efcd5">
      <Execution id="cc523cfa-e405-44cc-b690-f504fbd74a89" />
      <TestMethod codeBase="C:\Projekty\NUnitTestProject\bin\Debug\netcoreapp3.1\NUnitTestProject.dll" adapterTypeName="executor://nunit3testexecutor/" className="NUnitTestProject.CurrencyHelperTests" name="FormatToStringTest1000(30126.012320622805d,&quot;30126.01 zł&quot;)" />
    </UnitTest>
    <UnitTest name="FormatToStringTest1000(1799.2562459103092d,&quot;1799.26 zł&quot;)" storage="c:\projekty\nunittestproject\bin\debug\netcoreapp3.1\nunittestproject.dll" id="f2ce681e-8a28-41b9-4a1e-04b76b54add8">
      <Execution id="ffcd68d8-802b-4ae6-826f-065395e8af70" />
      <TestMethod codeBase="C:\Projekty\NUnitTestProject\bin\Debug\netcoreapp3.1\NUnitTestProject.dll" adapterTypeName="executor://nunit3testexecutor/" className="NUnitTestProject.CurrencyHelperTests" name="FormatToStringTest1000(1799.2562459103092d,&quot;1799.26 zł&quot;)" />
    </UnitTest>
    <UnitTest name="FormatToStringTest1000(7119.076353227755d,&quot;7119.08 zł&quot;)" storage="c:\projekty\nunittestproject\bin\debug\netcoreapp3.1\nunittestproject.dll" id="0c4c15ff-4158-9c17-cd9b-2647420fd170">
      <Execution id="1d362541-0ee5-41ac-8213-00843697a65f" />
      <TestMethod codeBase="C:\Projekty\NUnitTestProject\bin\Debug\netcoreapp3.1\NUnitTestProject.dll" adapterTypeName="executor://nunit3testexecutor/" className="NUnitTestProject.CurrencyHelperTests" name="FormatToStringTest1000(7119.076353227755d,&quot;7119.08 zł&quot;)" />
    </UnitTest>
    <UnitTest name="FormatToStringTest1000(20012.898273490322d,&quot;20012.90 zł&quot;)" storage="c:\projekty\nunittestproject\bin\debug\netcoreapp3.1\nunittestproject.dll" id="19843874-c731-8a36-a21a-27e85d4f5a57">
      <Execution id="ccc3b4c8-f863-49c8-9048-95da3f37fb19" />
      <TestMethod codeBase="C:\Projekty\NUnitTestProject\bin\Debug\netcoreapp3.1\NUnitTestProject.dll" adapterTypeName="executor://nunit3testexecutor/" className="NUnitTestProject.CurrencyHelperTests" name="FormatToStringTest1000(20012.898273490322d,&quot;20012.90 zł&quot;)" />
    </UnitTest>
    <UnitTest name="FormatToStringTest1000(15190.097283723344d,&quot;15190.10 zł&quot;)" storage="c:\projekty\nunittestproject\bin\debug\netcoreapp3.1\nunittestproject.dll" id="ef53e72d-a746-f7fd-4dfa-41ab2ce4fb60">
      <Execution id="c9e72be4-2e0a-4c2e-8c89-708536c9fac4" />
      <TestMethod codeBase="C:\Projekty\NUnitTestProject\bin\Debug\netcoreapp3.1\NUnitTestProject.dll" adapterTypeName="executor://nunit3testexecutor/" className="NUnitTestProject.CurrencyHelperTests" name="FormatToStringTest1000(15190.097283723344d,&quot;15190.10 zł&quot;)" />
    </UnitTest>
    <UnitTest name="FormatToStringTest1000(9503.466049463705d,&quot;9503.47 zł&quot;)" storage="c:\projekty\nunittestproject\bin\debug\netcoreapp3.1\nunittestproject.dll" id="7b7e9341-cf8b-f510-483a-d874dccbbbca">
      <Execution id="65b63df7-568b-4d71-a06b-a869d5a3f912" />
      <TestMethod codeBase="C:\Projekty\NUnitTestProject\bin\Debug\netcoreapp3.1\NUnitTestProject.dll" adapterTypeName="executor://nunit3testexecutor/" className="NUnitTestProject.CurrencyHelperTests" name="FormatToStringTest1000(9503.466049463705d,&quot;9503.47 zł&quot;)" />
    </UnitTest>
    <UnitTest name="FormatToStringTest1000(3431.864349926759d,&quot;3431.86 zł&quot;)" storage="c:\projekty\nunittestproject\bin\debug\netcoreapp3.1\nunittestproject.dll" id="99e6fef3-9023-2c5a-5c8b-926a855c5d84">
      <Execution id="c2c28e6f-2e47-4918-9994-2929e49b60b7" />
      <TestMethod codeBase="C:\Projekty\NUnitTestProject\bin\Debug\netcoreapp3.1\NUnitTestProject.dll" adapterTypeName="executor://nunit3testexecutor/" className="NUnitTestProject.CurrencyHelperTests" name="FormatToStringTest1000(3431.864349926759d,&quot;3431.86 zł&quot;)" />
    </UnitTest>
    <UnitTest name="FormatToStringTest1000(8095.485677032492d,&quot;8095.49 zł&quot;)" storage="c:\projekty\nunittestproject\bin\debug\netcoreapp3.1\nunittestproject.dll" id="b168b1f7-674c-8775-2a66-cf7d7f806851">
      <Execution id="5886379b-1c19-41c7-9841-f1e31bf65c87" />
      <TestMethod codeBase="C:\Projekty\NUnitTestProject\bin\Debug\netcoreapp3.1\NUnitTestProject.dll" adapterTypeName="executor://nunit3testexecutor/" className="NUnitTestProject.CurrencyHelperTests" name="FormatToStringTest1000(8095.485677032492d,&quot;8095.49 zł&quot;)" />
    </UnitTest>
    <UnitTest name="FormatToStringTest1000(79.6815319544084d,&quot;79.68 zł&quot;)" storage="c:\projekty\nunittestproject\bin\debug\netcoreapp3.1\nunittestproject.dll" id="95a4da2d-eeda-4697-a7af-1236c580bef1">
      <Execution id="6120c9e6-7566-4dc1-b6f6-5900b5697d71" />
      <TestMethod codeBase="C:\Projekty\NUnitTestProject\bin\Debug\netcoreapp3.1\NUnitTestProject.dll" adapterTypeName="executor://nunit3testexecutor/" className="NUnitTestProject.CurrencyHelperTests" name="FormatToStringTest1000(79.6815319544084d,&quot;79.68 zł&quot;)" />
    </UnitTest>
    <UnitTest name="FormatToStringTest1000(11100.829211263372d,&quot;11100.83 zł&quot;)" storage="c:\projekty\nunittestproject\bin\debug\netcoreapp3.1\nunittestproject.dll" id="705f4fef-5f3d-03f1-6410-c3ee16921998">
      <Execution id="1c6d56ce-2423-4203-96b9-94e4d4f1c2c9" />
      <TestMethod codeBase="C:\Projekty\NUnitTestProject\bin\Debug\netcoreapp3.1\NUnitTestProject.dll" adapterTypeName="executor://nunit3testexecutor/" className="NUnitTestProject.CurrencyHelperTests" name="FormatToStringTest1000(11100.829211263372d,&quot;11100.83 zł&quot;)" />
    </UnitTest>
    <UnitTest name="FormatToStringTest1000(11944.74385168531d,&quot;11944.74 zł&quot;)" storage="c:\projekty\nunittestproject\bin\debug\netcoreapp3.1\nunittestproject.dll" id="1172006b-9d72-b3a7-ee7d-07862438f160">
      <Execution id="9713027b-57a3-40c0-ac24-b75ccbc1ac22" />
      <TestMethod codeBase="C:\Projekty\NUnitTestProject\bin\Debug\netcoreapp3.1\NUnitTestProject.dll" adapterTypeName="executor://nunit3testexecutor/" className="NUnitTestProject.CurrencyHelperTests" name="FormatToStringTest1000(11944.74385168531d,&quot;11944.74 zł&quot;)" />
    </UnitTest>
    <UnitTest name="FormatToStringTest1000(6313.543884690639d,&quot;6313.54 zł&quot;)" storage="c:\projekty\nunittestproject\bin\debug\netcoreapp3.1\nunittestproject.dll" id="75afa51d-4efe-ca98-69aa-dcba7171c9c1">
      <Execution id="1699b384-30a9-4013-8b7b-022b1062979b" />
      <TestMethod codeBase="C:\Projekty\NUnitTestProject\bin\Debug\netcoreapp3.1\NUnitTestProject.dll" adapterTypeName="executor://nunit3testexecutor/" className="NUnitTestProject.CurrencyHelperTests" name="FormatToStringTest1000(6313.543884690639d,&quot;6313.54 zł&quot;)" />
    </UnitTest>
    <UnitTest name="FormatToStringTest1000(1181.5773122979222d,&quot;1181.58 zł&quot;)" storage="c:\projekty\nunittestproject\bin\debug\netcoreapp3.1\nunittestproject.dll" id="b7ec82f7-3497-4dc6-bb74-fbcde89b4ab4">
      <Execution id="2853fe70-5c88-4072-8bd4-f6beee7b1eae" />
      <TestMethod codeBase="C:\Projekty\NUnitTestProject\bin\Debug\netcoreapp3.1\NUnitTestProject.dll" adapterTypeName="executor://nunit3testexecutor/" className="NUnitTestProject.CurrencyHelperTests" name="FormatToStringTest1000(1181.5773122979222d,&quot;1181.58 zł&quot;)" />
    </UnitTest>
    <UnitTest name="FormatToStringTest1000(20978.860218282258d,&quot;20978.86 zł&quot;)" storage="c:\projekty\nunittestproject\bin\debug\netcoreapp3.1\nunittestproject.dll" id="9c7df8f2-0bef-5347-a48a-3dbf0cbe5e21">
      <Execution id="2bb10d78-86ed-41c8-b79e-80067ed9b0d3" />
      <TestMethod codeBase="C:\Projekty\NUnitTestProject\bin\Debug\netcoreapp3.1\NUnitTestProject.dll" adapterTypeName="executor://nunit3testexecutor/" className="NUnitTestProject.CurrencyHelperTests" name="FormatToStringTest1000(20978.860218282258d,&quot;20978.86 zł&quot;)" />
    </UnitTest>
    <UnitTest name="FormatToStringTest1000(6027.66019266828d,&quot;6027.66 zł&quot;)" storage="c:\projekty\nunittestproject\bin\debug\netcoreapp3.1\nunittestproject.dll" id="7422afbf-8dc8-2993-87d6-1f702a4bc862">
      <Execution id="f5b5e7eb-93bd-495e-ad8a-49731204310d" />
      <TestMethod codeBase="C:\Projekty\NUnitTestProject\bin\Debug\netcoreapp3.1\NUnitTestProject.dll" adapterTypeName="executor://nunit3testexecutor/" className="NUnitTestProject.CurrencyHelperTests" name="FormatToStringTest1000(6027.66019266828d,&quot;6027.66 zł&quot;)" />
    </UnitTest>
    <UnitTest name="FormatToStringTest1000(10641.263377953444d,&quot;10641.26 zł&quot;)" storage="c:\projekty\nunittestproject\bin\debug\netcoreapp3.1\nunittestproject.dll" id="9abe82c5-80fa-2d6a-e76f-8b42c308f2c5">
      <Execution id="38cd40f2-3bac-4f79-a128-e52172f76134" />
      <TestMethod codeBase="C:\Projekty\NUnitTestProject\bin\Debug\netcoreapp3.1\NUnitTestProject.dll" adapterTypeName="executor://nunit3testexecutor/" className="NUnitTestProject.CurrencyHelperTests" name="FormatToStringTest1000(10641.263377953444d,&quot;10641.26 zł&quot;)" />
    </UnitTest>
    <UnitTest name="FormatToStringTest1000(6654.099431086378d,&quot;6654.10 zł&quot;)" storage="c:\projekty\nunittestproject\bin\debug\netcoreapp3.1\nunittestproject.dll" id="62b70b12-663c-a906-288d-6817a450e2b9">
      <Execution id="997e45be-19ac-4144-8ff5-5e4bea07e429" />
      <TestMethod codeBase="C:\Projekty\NUnitTestProject\bin\Debug\netcoreapp3.1\NUnitTestProject.dll" adapterTypeName="executor://nunit3testexecutor/" className="NUnitTestProject.CurrencyHelperTests" name="FormatToStringTest1000(6654.099431086378d,&quot;6654.10 zł&quot;)" />
    </UnitTest>
    <UnitTest name="FormatToStringTest1000(7669.3855620214645d,&quot;7669.39 zł&quot;)" storage="c:\projekty\nunittestproject\bin\debug\netcoreapp3.1\nunittestproject.dll" id="90740d7b-70ce-f3ca-de0f-889615c99e7a">
      <Execution id="a965e746-1e86-4695-a59b-4ebd9c2345e4" />
      <TestMethod codeBase="C:\Projekty\NUnitTestProject\bin\Debug\netcoreapp3.1\NUnitTestProject.dll" adapterTypeName="executor://nunit3testexecutor/" className="NUnitTestProject.CurrencyHelperTests" name="FormatToStringTest1000(7669.3855620214645d,&quot;7669.39 zł&quot;)" />
    </UnitTest>
    <UnitTest name="FormatToStringTest1000(12379.347974640013d,&quot;12379.35 zł&quot;)" storage="c:\projekty\nunittestproject\bin\debug\netcoreapp3.1\nunittestproject.dll" id="f9126a5c-91ab-1e44-30e6-13ca198640cb">
      <Execution id="e9637760-5ec1-4648-81c1-bf2fe83cbe34" />
      <TestMethod codeBase="C:\Projekty\NUnitTestProject\bin\Debug\netcoreapp3.1\NUnitTestProject.dll" adapterTypeName="executor://nunit3testexecutor/" className="NUnitTestProject.CurrencyHelperTests" name="FormatToStringTest1000(12379.347974640013d,&quot;12379.35 zł&quot;)" />
    </UnitTest>
    <UnitTest name="FormatToStringTest1000(40400.9734049295d,&quot;40400.97 zł&quot;)" storage="c:\projekty\nunittestproject\bin\debug\netcoreapp3.1\nunittestproject.dll" id="7c29140c-1ee9-b980-7778-18b11231f8a3">
      <Execution id="ac5d9e6f-a14c-4573-8866-50ce179e1252" />
      <TestMethod codeBase="C:\Projekty\NUnitTestProject\bin\Debug\netcoreapp3.1\NUnitTestProject.dll" adapterTypeName="executor://nunit3testexecutor/" className="NUnitTestProject.CurrencyHelperTests" name="FormatToStringTest1000(40400.9734049295d,&quot;40400.97 zł&quot;)" />
    </UnitTest>
    <UnitTest name="FormatToStringTest1000(16388.556189478633d,&quot;16388.56 zł&quot;)" storage="c:\projekty\nunittestproject\bin\debug\netcoreapp3.1\nunittestproject.dll" id="19309037-483b-d4c8-73ea-f8f351cef324">
      <Execution id="444507b1-8eca-4f97-9b7b-39da75464226" />
      <TestMethod codeBase="C:\Projekty\NUnitTestProject\bin\Debug\netcoreapp3.1\NUnitTestProject.dll" adapterTypeName="executor://nunit3testexecutor/" className="NUnitTestProject.CurrencyHelperTests" name="FormatToStringTest1000(16388.556189478633d,&quot;16388.56 zł&quot;)" />
    </UnitTest>
    <UnitTest name="FormatToStringTest1000(42767.96883676898d,&quot;42767.97 zł&quot;)" storage="c:\projekty\nunittestproject\bin\debug\netcoreapp3.1\nunittestproject.dll" id="a5617ce6-af44-3da3-775d-82bd0343fcd9">
      <Execution id="db69ddda-e799-491e-adf1-4229f03820e5" />
      <TestMethod codeBase="C:\Projekty\NUnitTestProject\bin\Debug\netcoreapp3.1\NUnitTestProject.dll" adapterTypeName="executor://nunit3testexecutor/" className="NUnitTestProject.CurrencyHelperTests" name="FormatToStringTest1000(42767.96883676898d,&quot;42767.97 zł&quot;)" />
    </UnitTest>
    <UnitTest name="FormatToStringTest1000(48654.65723134794d,&quot;48654.66 zł&quot;)" storage="c:\projekty\nunittestproject\bin\debug\netcoreapp3.1\nunittestproject.dll" id="0e06d825-6ba9-71ac-24ec-c9336680dd03">
      <Execution id="29d87ece-728e-4fe2-aab4-99270eecf84b" />
      <TestMethod codeBase="C:\Projekty\NUnitTestProject\bin\Debug\netcoreapp3.1\NUnitTestProject.dll" adapterTypeName="executor://nunit3testexecutor/" className="NUnitTestProject.CurrencyHelperTests" name="FormatToStringTest1000(48654.65723134794d,&quot;48654.66 zł&quot;)" />
    </UnitTest>
    <UnitTest name="FormatToStringTest1000(5279.315995182524d,&quot;5279.32 zł&quot;)" storage="c:\projekty\nunittestproject\bin\debug\netcoreapp3.1\nunittestproject.dll" id="84106c87-4ea7-9a5a-a250-230c7c8ac9ba">
      <Execution id="7ed0fee6-5219-41c2-abc9-a0b8f7f5b314" />
      <TestMethod codeBase="C:\Projekty\NUnitTestProject\bin\Debug\netcoreapp3.1\NUnitTestProject.dll" adapterTypeName="executor://nunit3testexecutor/" className="NUnitTestProject.CurrencyHelperTests" name="FormatToStringTest1000(5279.315995182524d,&quot;5279.32 zł&quot;)" />
    </UnitTest>
    <UnitTest name="FormatToStringTest1000(44065.726815678056d,&quot;44065.73 zł&quot;)" storage="c:\projekty\nunittestproject\bin\debug\netcoreapp3.1\nunittestproject.dll" id="fea06ea0-1747-ca17-2548-261210975e57">
      <Execution id="23ec5c77-19c6-4655-8b23-783bef4c599d" />
      <TestMethod codeBase="C:\Projekty\NUnitTestProject\bin\Debug\netcoreapp3.1\NUnitTestProject.dll" adapterTypeName="executor://nunit3testexecutor/" className="NUnitTestProject.CurrencyHelperTests" name="FormatToStringTest1000(44065.726815678056d,&quot;44065.73 zł&quot;)" />
    </UnitTest>
    <UnitTest name="FormatToStringTest1000(19210.519530370144d,&quot;19210.52 zł&quot;)" storage="c:\projekty\nunittestproject\bin\debug\netcoreapp3.1\nunittestproject.dll" id="274e5ca5-6e22-8c94-c538-bc2ca6c5742f">
      <Execution id="ba772df0-a3d2-4b2b-abbf-b9faaef9c33d" />
      <TestMethod codeBase="C:\Projekty\NUnitTestProject\bin\Debug\netcoreapp3.1\NUnitTestProject.dll" adapterTypeName="executor://nunit3testexecutor/" className="NUnitTestProject.CurrencyHelperTests" name="FormatToStringTest1000(19210.519530370144d,&quot;19210.52 zł&quot;)" />
    </UnitTest>
    <UnitTest name="FormatToStringTest1000(9068.70019550468d,&quot;9068.70 zł&quot;)" storage="c:\projekty\nunittestproject\bin\debug\netcoreapp3.1\nunittestproject.dll" id="7e4135b8-b66c-77ce-172b-34d352f16888">
      <Execution id="1ea40727-db88-42b5-a5c0-9a6b70069453" />
      <TestMethod codeBase="C:\Projekty\NUnitTestProject\bin\Debug\netcoreapp3.1\NUnitTestProject.dll" adapterTypeName="executor://nunit3testexecutor/" className="NUnitTestProject.CurrencyHelperTests" name="FormatToStringTest1000(9068.70019550468d,&quot;9068.70 zł&quot;)" />
    </UnitTest>
    <UnitTest name="FormatToStringTest1000(32359.431438434138d,&quot;32359.43 zł&quot;)" storage="c:\projekty\nunittestproject\bin\debug\netcoreapp3.1\nunittestproject.dll" id="23adbcea-fc51-4a16-9d4b-141d8a8f1fb7">
      <Execution id="3b996dad-44de-4b4e-8250-52326bf63c5a" />
      <TestMethod codeBase="C:\Projekty\NUnitTestProject\bin\Debug\netcoreapp3.1\NUnitTestProject.dll" adapterTypeName="executor://nunit3testexecutor/" className="NUnitTestProject.CurrencyHelperTests" name="FormatToStringTest1000(32359.431438434138d,&quot;32359.43 zł&quot;)" />
    </UnitTest>
    <UnitTest name="FormatToStringTest1000(39531.95190033268d,&quot;39531.95 zł&quot;)" storage="c:\projekty\nunittestproject\bin\debug\netcoreapp3.1\nunittestproject.dll" id="cba33adf-d8e4-1800-afdf-f1e10b328694">
      <Execution id="45a52111-f716-490e-80c9-89e4adccae20" />
      <TestMethod codeBase="C:\Projekty\NUnitTestProject\bin\Debug\netcoreapp3.1\NUnitTestProject.dll" adapterTypeName="executor://nunit3testexecutor/" className="NUnitTestProject.CurrencyHelperTests" name="FormatToStringTest1000(39531.95190033268d,&quot;39531.95 zł&quot;)" />
    </UnitTest>
    <UnitTest name="FormatToStringTest1000(37.631227987646696d,&quot;37.63 zł&quot;)" storage="c:\projekty\nunittestproject\bin\debug\netcoreapp3.1\nunittestproject.dll" id="71678dc5-b379-afbc-5607-17cbf413146c">
      <Execution id="04c0689d-4f9a-42d3-a40c-6e40a5d28681" />
      <TestMethod codeBase="C:\Projekty\NUnitTestProject\bin\Debug\netcoreapp3.1\NUnitTestProject.dll" adapterTypeName="executor://nunit3testexecutor/" className="NUnitTestProject.CurrencyHelperTests" name="FormatToStringTest1000(37.631227987646696d,&quot;37.63 zł&quot;)" />
    </UnitTest>
    <UnitTest name="FormatToStringTest1000(16673.5121774904d,&quot;16673.51 zł&quot;)" storage="c:\projekty\nunittestproject\bin\debug\netcoreapp3.1\nunittestproject.dll" id="5326d1dc-d18e-0528-8ffb-d0be584509e9">
      <Execution id="08ed64e8-1773-4fc3-a4a7-1b789d13ca31" />
      <TestMethod codeBase="C:\Projekty\NUnitTestProject\bin\Debug\netcoreapp3.1\NUnitTestProject.dll" adapterTypeName="executor://nunit3testexecutor/" className="NUnitTestProject.CurrencyHelperTests" name="FormatToStringTest1000(16673.5121774904d,&quot;16673.51 zł&quot;)" />
    </UnitTest>
    <UnitTest name="FormatToStringTest1000(30199.386730006612d,&quot;30199.39 zł&quot;)" storage="c:\projekty\nunittestproject\bin\debug\netcoreapp3.1\nunittestproject.dll" id="e384d116-33c4-57e3-344d-6dd941c8a721">
      <Execution id="04603db0-549d-441b-87b7-6449b77a2246" />
      <TestMethod codeBase="C:\Projekty\NUnitTestProject\bin\Debug\netcoreapp3.1\NUnitTestProject.dll" adapterTypeName="executor://nunit3testexecutor/" className="NUnitTestProject.CurrencyHelperTests" name="FormatToStringTest1000(30199.386730006612d,&quot;30199.39 zł&quot;)" />
    </UnitTest>
    <UnitTest name="FormatToStringTest1000(24024.14691439557d,&quot;24024.15 zł&quot;)" storage="c:\projekty\nunittestproject\bin\debug\netcoreapp3.1\nunittestproject.dll" id="d33250cc-856d-72f0-98a8-7c84be2f792c">
      <Execution id="90993058-2087-4002-a37a-cf4eece0616c" />
      <TestMethod codeBase="C:\Projekty\NUnitTestProject\bin\Debug\netcoreapp3.1\NUnitTestProject.dll" adapterTypeName="executor://nunit3testexecutor/" className="NUnitTestProject.CurrencyHelperTests" name="FormatToStringTest1000(24024.14691439557d,&quot;24024.15 zł&quot;)" />
    </UnitTest>
    <UnitTest name="FormatToStringTest1000(68698.01923441609d,&quot;68698.02 zł&quot;)" storage="c:\projekty\nunittestproject\bin\debug\netcoreapp3.1\nunittestproject.dll" id="6df8a807-c182-b8aa-45a8-8ae3c76a3ec5">
      <Execution id="5b40d7f6-60ff-46e7-878c-230b2d128a68" />
      <TestMethod codeBase="C:\Projekty\NUnitTestProject\bin\Debug\netcoreapp3.1\NUnitTestProject.dll" adapterTypeName="executor://nunit3testexecutor/" className="NUnitTestProject.CurrencyHelperTests" name="FormatToStringTest1000(68698.01923441609d,&quot;68698.02 zł&quot;)" />
    </UnitTest>
    <UnitTest name="FormatToStringTest1000(4139.032615562451d,&quot;4139.03 zł&quot;)" storage="c:\projekty\nunittestproject\bin\debug\netcoreapp3.1\nunittestproject.dll" id="d6efedb1-9c49-9ed3-fbe1-de90224308a3">
      <Execution id="d5dbba50-5fa5-4789-802e-7431ab7af6cb" />
      <TestMethod codeBase="C:\Projekty\NUnitTestProject\bin\Debug\netcoreapp3.1\NUnitTestProject.dll" adapterTypeName="executor://nunit3testexecutor/" className="NUnitTestProject.CurrencyHelperTests" name="FormatToStringTest1000(4139.032615562451d,&quot;4139.03 zł&quot;)" />
    </UnitTest>
    <UnitTest name="FormatToStringTest1000(38402.8293406753d,&quot;38402.83 zł&quot;)" storage="c:\projekty\nunittestproject\bin\debug\netcoreapp3.1\nunittestproject.dll" id="fb12626f-6bd8-49ed-e189-ad76e4b7496b">
      <Execution id="7044e1ba-b055-4485-b72c-f56d6abfd631" />
      <TestMethod codeBase="C:\Projekty\NUnitTestProject\bin\Debug\netcoreapp3.1\NUnitTestProject.dll" adapterTypeName="executor://nunit3testexecutor/" className="NUnitTestProject.CurrencyHelperTests" name="FormatToStringTest1000(38402.8293406753d,&quot;38402.83 zł&quot;)" />
    </UnitTest>
    <UnitTest name="FormatToStringTest1000(10324.538670147089d,&quot;10324.54 zł&quot;)" storage="c:\projekty\nunittestproject\bin\debug\netcoreapp3.1\nunittestproject.dll" id="57ff7061-f165-0166-a6d9-95fdfc400dea">
      <Execution id="9de9b9d2-675d-4f84-879b-8628034d129f" />
      <TestMethod codeBase="C:\Projekty\NUnitTestProject\bin\Debug\netcoreapp3.1\NUnitTestProject.dll" adapterTypeName="executor://nunit3testexecutor/" className="NUnitTestProject.CurrencyHelperTests" name="FormatToStringTest1000(10324.538670147089d,&quot;10324.54 zł&quot;)" />
    </UnitTest>
    <UnitTest name="FormatToStringTest1000(54088.326214851964d,&quot;54088.33 zł&quot;)" storage="c:\projekty\nunittestproject\bin\debug\netcoreapp3.1\nunittestproject.dll" id="026ac8cf-e708-7f65-282f-a4f25298f17b">
      <Execution id="a87bdf0a-9bd2-49ce-a4fd-d5a184b92add" />
      <TestMethod codeBase="C:\Projekty\NUnitTestProject\bin\Debug\netcoreapp3.1\NUnitTestProject.dll" adapterTypeName="executor://nunit3testexecutor/" className="NUnitTestProject.CurrencyHelperTests" name="FormatToStringTest1000(54088.326214851964d,&quot;54088.33 zł&quot;)" />
    </UnitTest>
    <UnitTest name="FormatToStringTest1000(10762.501695533518d,&quot;10762.50 zł&quot;)" storage="c:\projekty\nunittestproject\bin\debug\netcoreapp3.1\nunittestproject.dll" id="faa22825-903a-641b-03f7-ccff8cccfbb2">
      <Execution id="05a31331-7194-445f-8db5-b6cf51f96ad2" />
      <TestMethod codeBase="C:\Projekty\NUnitTestProject\bin\Debug\netcoreapp3.1\NUnitTestProject.dll" adapterTypeName="executor://nunit3testexecutor/" className="NUnitTestProject.CurrencyHelperTests" name="FormatToStringTest1000(10762.501695533518d,&quot;10762.50 zł&quot;)" />
    </UnitTest>
    <UnitTest name="FormatToStringTest1000(46590.9609819562d,&quot;46590.96 zł&quot;)" storage="c:\projekty\nunittestproject\bin\debug\netcoreapp3.1\nunittestproject.dll" id="0351f469-7ff9-52d3-3d77-92c2f3051f1e">
      <Execution id="acac3d87-1de6-42f0-9511-381a6539c053" />
      <TestMethod codeBase="C:\Projekty\NUnitTestProject\bin\Debug\netcoreapp3.1\NUnitTestProject.dll" adapterTypeName="executor://nunit3testexecutor/" className="NUnitTestProject.CurrencyHelperTests" name="FormatToStringTest1000(46590.9609819562d,&quot;46590.96 zł&quot;)" />
    </UnitTest>
    <UnitTest name="FormatToStringTest1000(598.1279707877561d,&quot;598.13 zł&quot;)" storage="c:\projekty\nunittestproject\bin\debug\netcoreapp3.1\nunittestproject.dll" id="637dad56-8638-805e-9abd-b089900557c0">
      <Execution id="6f823979-063e-4d73-977f-f1eea64601eb" />
      <TestMethod codeBase="C:\Projekty\NUnitTestProject\bin\Debug\netcoreapp3.1\NUnitTestProject.dll" adapterTypeName="executor://nunit3testexecutor/" className="NUnitTestProject.CurrencyHelperTests" name="FormatToStringTest1000(598.1279707877561d,&quot;598.13 zł&quot;)" />
    </UnitTest>
    <UnitTest name="FormatToStringTest1000(17000.070169619317d,&quot;17000.07 zł&quot;)" storage="c:\projekty\nunittestproject\bin\debug\netcoreapp3.1\nunittestproject.dll" id="395d9b70-68ea-107f-3853-872b2d76bcc2">
      <Execution id="83780a12-4842-430a-a538-55d861760569" />
      <TestMethod codeBase="C:\Projekty\NUnitTestProject\bin\Debug\netcoreapp3.1\NUnitTestProject.dll" adapterTypeName="executor://nunit3testexecutor/" className="NUnitTestProject.CurrencyHelperTests" name="FormatToStringTest1000(17000.070169619317d,&quot;17000.07 zł&quot;)" />
    </UnitTest>
    <UnitTest name="FormatToStringTest1000(5254.6338787505565d,&quot;5254.63 zł&quot;)" storage="c:\projekty\nunittestproject\bin\debug\netcoreapp3.1\nunittestproject.dll" id="eefaa447-aa0c-7b07-9a84-3d4387fce640">
      <Execution id="509baec6-b18f-4568-81ac-7cf9b2ce2eea" />
      <TestMethod codeBase="C:\Projekty\NUnitTestProject\bin\Debug\netcoreapp3.1\NUnitTestProject.dll" adapterTypeName="executor://nunit3testexecutor/" className="NUnitTestProject.CurrencyHelperTests" name="FormatToStringTest1000(5254.6338787505565d,&quot;5254.63 zł&quot;)" />
    </UnitTest>
    <UnitTest name="FormatToStringTest1000(28068.20530246394d,&quot;28068.21 zł&quot;)" storage="c:\projekty\nunittestproject\bin\debug\netcoreapp3.1\nunittestproject.dll" id="62970bd3-0fb8-814d-a0a1-ab9e8aeaae79">
      <Execution id="6d2ee8a2-bc76-42b5-b751-1990830e4140" />
      <TestMethod codeBase="C:\Projekty\NUnitTestProject\bin\Debug\netcoreapp3.1\NUnitTestProject.dll" adapterTypeName="executor://nunit3testexecutor/" className="NUnitTestProject.CurrencyHelperTests" name="FormatToStringTest1000(28068.20530246394d,&quot;28068.21 zł&quot;)" />
    </UnitTest>
    <UnitTest name="FormatToStringTest1000(9754.291367935619d,&quot;9754.29 zł&quot;)" storage="c:\projekty\nunittestproject\bin\debug\netcoreapp3.1\nunittestproject.dll" id="958c8c55-b3b0-31c1-8935-1d44afe5a8c0">
      <Execution id="a1fb885f-631a-4fc6-879a-99668b30b83e" />
      <TestMethod codeBase="C:\Projekty\NUnitTestProject\bin\Debug\netcoreapp3.1\NUnitTestProject.dll" adapterTypeName="executor://nunit3testexecutor/" className="NUnitTestProject.CurrencyHelperTests" name="FormatToStringTest1000(9754.291367935619d,&quot;9754.29 zł&quot;)" />
    </UnitTest>
    <UnitTest name="FormatToStringTest1000(10784.438152511344d,&quot;10784.44 zł&quot;)" storage="c:\projekty\nunittestproject\bin\debug\netcoreapp3.1\nunittestproject.dll" id="3c1aaa80-1e63-d980-5967-7f705ee7de1e">
      <Execution id="92d0ae43-c184-4631-af93-6d512dc74cc6" />
      <TestMethod codeBase="C:\Projekty\NUnitTestProject\bin\Debug\netcoreapp3.1\NUnitTestProject.dll" adapterTypeName="executor://nunit3testexecutor/" className="NUnitTestProject.CurrencyHelperTests" name="FormatToStringTest1000(10784.438152511344d,&quot;10784.44 zł&quot;)" />
    </UnitTest>
    <UnitTest name="FormatToStringTest1000(9634.398811461124d,&quot;9634.40 zł&quot;)" storage="c:\projekty\nunittestproject\bin\debug\netcoreapp3.1\nunittestproject.dll" id="46b6b18f-a15f-ce32-4811-dbc67f87e551">
      <Execution id="8e2bf8da-3da7-4b3f-89db-b6c3bf9a0fef" />
      <TestMethod codeBase="C:\Projekty\NUnitTestProject\bin\Debug\netcoreapp3.1\NUnitTestProject.dll" adapterTypeName="executor://nunit3testexecutor/" className="NUnitTestProject.CurrencyHelperTests" name="FormatToStringTest1000(9634.398811461124d,&quot;9634.40 zł&quot;)" />
    </UnitTest>
    <UnitTest name="FormatToStringTest1000(31315.40354898544d,&quot;31315.40 zł&quot;)" storage="c:\projekty\nunittestproject\bin\debug\netcoreapp3.1\nunittestproject.dll" id="17d839f5-53e2-230c-5fc7-a871a7838f84">
      <Execution id="6cdb36b4-966d-4110-ac6d-682d8b2e053e" />
      <TestMethod codeBase="C:\Projekty\NUnitTestProject\bin\Debug\netcoreapp3.1\NUnitTestProject.dll" adapterTypeName="executor://nunit3testexecutor/" className="NUnitTestProject.CurrencyHelperTests" name="FormatToStringTest1000(31315.40354898544d,&quot;31315.40 zł&quot;)" />
    </UnitTest>
    <UnitTest name="FormatToStringTest1000(26858.35647848731d,&quot;26858.36 zł&quot;)" storage="c:\projekty\nunittestproject\bin\debug\netcoreapp3.1\nunittestproject.dll" id="fe527e8d-5e3e-18c1-ed37-cc075512021b">
      <Execution id="ddc8478a-6f50-4c64-9c21-868677cb5904" />
      <TestMethod codeBase="C:\Projekty\NUnitTestProject\bin\Debug\netcoreapp3.1\NUnitTestProject.dll" adapterTypeName="executor://nunit3testexecutor/" className="NUnitTestProject.CurrencyHelperTests" name="FormatToStringTest1000(26858.35647848731d,&quot;26858.36 zł&quot;)" />
    </UnitTest>
    <UnitTest name="FormatToStringTest1000(591.2110872302256d,&quot;591.21 zł&quot;)" storage="c:\projekty\nunittestproject\bin\debug\netcoreapp3.1\nunittestproject.dll" id="7146296d-c8e1-b13f-44e4-16f25fa9af9d">
      <Execution id="720b3546-33ac-4f8b-9132-653d46218fe7" />
      <TestMethod codeBase="C:\Projekty\NUnitTestProject\bin\Debug\netcoreapp3.1\NUnitTestProject.dll" adapterTypeName="executor://nunit3testexecutor/" className="NUnitTestProject.CurrencyHelperTests" name="FormatToStringTest1000(591.2110872302256d,&quot;591.21 zł&quot;)" />
    </UnitTest>
    <UnitTest name="FormatToStringTest1000(635.3263313632116d,&quot;635.33 zł&quot;)" storage="c:\projekty\nunittestproject\bin\debug\netcoreapp3.1\nunittestproject.dll" id="74f41b57-bac2-c2b8-f1dc-9469402fc8fa">
      <Execution id="ff22a208-d7e5-4602-9cf1-0cb2d90e1dc0" />
      <TestMethod codeBase="C:\Projekty\NUnitTestProject\bin\Debug\netcoreapp3.1\NUnitTestProject.dll" adapterTypeName="executor://nunit3testexecutor/" className="NUnitTestProject.CurrencyHelperTests" name="FormatToStringTest1000(635.3263313632116d,&quot;635.33 zł&quot;)" />
    </UnitTest>
    <UnitTest name="FormatToStringTest1000(18208.8422650126d,&quot;18208.84 zł&quot;)" storage="c:\projekty\nunittestproject\bin\debug\netcoreapp3.1\nunittestproject.dll" id="3f7d9e9c-5ad3-f161-b9fe-a5f6a9ab40b4">
      <Execution id="fe556019-f9c1-4623-a953-9724ec2ae2f3" />
      <TestMethod codeBase="C:\Projekty\NUnitTestProject\bin\Debug\netcoreapp3.1\NUnitTestProject.dll" adapterTypeName="executor://nunit3testexecutor/" className="NUnitTestProject.CurrencyHelperTests" name="FormatToStringTest1000(18208.8422650126d,&quot;18208.84 zł&quot;)" />
    </UnitTest>
    <UnitTest name="FormatToStringTest1000(33851.35523524618d,&quot;33851.36 zł&quot;)" storage="c:\projekty\nunittestproject\bin\debug\netcoreapp3.1\nunittestproject.dll" id="9a9fb753-7e29-0228-3909-087838ec3002">
      <Execution id="bf35c1b7-d63b-4880-b556-2f335b5c59f9" />
      <TestMethod codeBase="C:\Projekty\NUnitTestProject\bin\Debug\netcoreapp3.1\NUnitTestProject.dll" adapterTypeName="executor://nunit3testexecutor/" className="NUnitTestProject.CurrencyHelperTests" name="FormatToStringTest1000(33851.35523524618d,&quot;33851.36 zł&quot;)" />
    </UnitTest>
    <UnitTest name="FormatToStringTest1000(49672.98901987402d,&quot;49672.99 zł&quot;)" storage="c:\projekty\nunittestproject\bin\debug\netcoreapp3.1\nunittestproject.dll" id="6236d5e6-b13b-501c-48e0-102f9eda59d6">
      <Execution id="195fb018-2e55-4006-a031-ed28ff64ecb3" />
      <TestMethod codeBase="C:\Projekty\NUnitTestProject\bin\Debug\netcoreapp3.1\NUnitTestProject.dll" adapterTypeName="executor://nunit3testexecutor/" className="NUnitTestProject.CurrencyHelperTests" name="FormatToStringTest1000(49672.98901987402d,&quot;49672.99 zł&quot;)" />
    </UnitTest>
    <UnitTest name="FormatToStringTest1000(78796.90433980194d,&quot;78796.90 zł&quot;)" storage="c:\projekty\nunittestproject\bin\debug\netcoreapp3.1\nunittestproject.dll" id="fde9a5ec-e687-8abc-b728-b7fb0bfbd8d4">
      <Execution id="5c4b940b-6a1e-4953-a2fa-0ee70fca97e0" />
      <TestMethod codeBase="C:\Projekty\NUnitTestProject\bin\Debug\netcoreapp3.1\NUnitTestProject.dll" adapterTypeName="executor://nunit3testexecutor/" className="NUnitTestProject.CurrencyHelperTests" name="FormatToStringTest1000(78796.90433980194d,&quot;78796.90 zł&quot;)" />
    </UnitTest>
    <UnitTest name="FormatToStringTest1000(67898.54481444067d,&quot;67898.54 zł&quot;)" storage="c:\projekty\nunittestproject\bin\debug\netcoreapp3.1\nunittestproject.dll" id="9ee728ab-0056-dd90-bcfe-6425ccab758e">
      <Execution id="c503c04a-d6f7-4929-a327-c962c953dcbb" />
      <TestMethod codeBase="C:\Projekty\NUnitTestProject\bin\Debug\netcoreapp3.1\NUnitTestProject.dll" adapterTypeName="executor://nunit3testexecutor/" className="NUnitTestProject.CurrencyHelperTests" name="FormatToStringTest1000(67898.54481444067d,&quot;67898.54 zł&quot;)" />
    </UnitTest>
    <UnitTest name="FormatToStringTest1000(10661.19584154207d,&quot;10661.20 zł&quot;)" storage="c:\projekty\nunittestproject\bin\debug\netcoreapp3.1\nunittestproject.dll" id="7476f680-f31f-6c35-e7e5-6a1da5d08bf1">
      <Execution id="16e2ca22-a2ca-4044-9af6-c6b83f1c70a3" />
      <TestMethod codeBase="C:\Projekty\NUnitTestProject\bin\Debug\netcoreapp3.1\NUnitTestProject.dll" adapterTypeName="executor://nunit3testexecutor/" className="NUnitTestProject.CurrencyHelperTests" name="FormatToStringTest1000(10661.19584154207d,&quot;10661.20 zł&quot;)" />
    </UnitTest>
    <UnitTest name="FormatToStringTest1000(7975.276658828965d,&quot;7975.28 zł&quot;)" storage="c:\projekty\nunittestproject\bin\debug\netcoreapp3.1\nunittestproject.dll" id="5f61ffa8-be4c-5cf6-d406-18781222cb59">
      <Execution id="11ccfa0d-cf90-4a61-bccc-08fa3dcbb9d8" />
      <TestMethod codeBase="C:\Projekty\NUnitTestProject\bin\Debug\netcoreapp3.1\NUnitTestProject.dll" adapterTypeName="executor://nunit3testexecutor/" className="NUnitTestProject.CurrencyHelperTests" name="FormatToStringTest1000(7975.276658828965d,&quot;7975.28 zł&quot;)" />
    </UnitTest>
    <UnitTest name="FormatToStringTest1000(34136.0993783046d,&quot;34136.10 zł&quot;)" storage="c:\projekty\nunittestproject\bin\debug\netcoreapp3.1\nunittestproject.dll" id="a1a0ba31-d02b-8245-607c-82258ff29354">
      <Execution id="2e971bfb-bc90-41fb-a27c-62684df725c6" />
      <TestMethod codeBase="C:\Projekty\NUnitTestProject\bin\Debug\netcoreapp3.1\NUnitTestProject.dll" adapterTypeName="executor://nunit3testexecutor/" className="NUnitTestProject.CurrencyHelperTests" name="FormatToStringTest1000(34136.0993783046d,&quot;34136.10 zł&quot;)" />
    </UnitTest>
    <UnitTest name="FormatToStringTest1000(50956.25028206606d,&quot;50956.25 zł&quot;)" storage="c:\projekty\nunittestproject\bin\debug\netcoreapp3.1\nunittestproject.dll" id="f0aad1e7-1486-b29a-7a82-84f2693dfbe3">
      <Execution id="e5843dbd-f1a2-46bb-843d-491e952263d2" />
      <TestMethod codeBase="C:\Projekty\NUnitTestProject\bin\Debug\netcoreapp3.1\NUnitTestProject.dll" adapterTypeName="executor://nunit3testexecutor/" className="NUnitTestProject.CurrencyHelperTests" name="FormatToStringTest1000(50956.25028206606d,&quot;50956.25 zł&quot;)" />
    </UnitTest>
    <UnitTest name="FormatToStringTest1000(26215.613055301183d,&quot;26215.61 zł&quot;)" storage="c:\projekty\nunittestproject\bin\debug\netcoreapp3.1\nunittestproject.dll" id="5d21865c-ab0e-9a36-1301-7cb3ba2d4618">
      <Execution id="88d33c65-87e8-434c-973e-b4bfd296f9fa" />
      <TestMethod codeBase="C:\Projekty\NUnitTestProject\bin\Debug\netcoreapp3.1\NUnitTestProject.dll" adapterTypeName="executor://nunit3testexecutor/" className="NUnitTestProject.CurrencyHelperTests" name="FormatToStringTest1000(26215.613055301183d,&quot;26215.61 zł&quot;)" />
    </UnitTest>
    <UnitTest name="FormatToStringTest1000(33413.381276228174d,&quot;33413.38 zł&quot;)" storage="c:\projekty\nunittestproject\bin\debug\netcoreapp3.1\nunittestproject.dll" id="7af319c8-84cb-197c-29fc-ea5e77c2f3be">
      <Execution id="0ad32c08-3ab8-4c15-b497-989848c4ec88" />
      <TestMethod codeBase="C:\Projekty\NUnitTestProject\bin\Debug\netcoreapp3.1\NUnitTestProject.dll" adapterTypeName="executor://nunit3testexecutor/" className="NUnitTestProject.CurrencyHelperTests" name="FormatToStringTest1000(33413.381276228174d,&quot;33413.38 zł&quot;)" />
    </UnitTest>
    <UnitTest name="FormatToStringTest1000(5835.26176155557d,&quot;5835.26 zł&quot;)" storage="c:\projekty\nunittestproject\bin\debug\netcoreapp3.1\nunittestproject.dll" id="2a24dcb9-e2e0-3650-3ac7-5ec77389adc1">
      <Execution id="8bc16f45-be81-4ae2-98e1-8b5e8f124afc" />
      <TestMethod codeBase="C:\Projekty\NUnitTestProject\bin\Debug\netcoreapp3.1\NUnitTestProject.dll" adapterTypeName="executor://nunit3testexecutor/" className="NUnitTestProject.CurrencyHelperTests" name="FormatToStringTest1000(5835.26176155557d,&quot;5835.26 zł&quot;)" />
    </UnitTest>
    <UnitTest name="FormatToStringTest1000(19933.78650940945d,&quot;19933.79 zł&quot;)" storage="c:\projekty\nunittestproject\bin\debug\netcoreapp3.1\nunittestproject.dll" id="3222b798-5ed7-0031-3bc4-2349d5773662">
      <Execution id="f1d8f1a9-a9f4-40a9-b9e7-7fdb5442b31f" />
      <TestMethod codeBase="C:\Projekty\NUnitTestProject\bin\Debug\netcoreapp3.1\NUnitTestProject.dll" adapterTypeName="executor://nunit3testexecutor/" className="NUnitTestProject.CurrencyHelperTests" name="FormatToStringTest1000(19933.78650940945d,&quot;19933.79 zł&quot;)" />
    </UnitTest>
    <UnitTest name="FormatToStringTest1000(835.1578487740633d,&quot;835.16 zł&quot;)" storage="c:\projekty\nunittestproject\bin\debug\netcoreapp3.1\nunittestproject.dll" id="1ea79024-ef1b-d483-be8e-220bc24bf693">
      <Execution id="1b37d3eb-1cd2-4980-8031-2d9514d3d653" />
      <TestMethod codeBase="C:\Projekty\NUnitTestProject\bin\Debug\netcoreapp3.1\NUnitTestProject.dll" adapterTypeName="executor://nunit3testexecutor/" className="NUnitTestProject.CurrencyHelperTests" name="FormatToStringTest1000(835.1578487740633d,&quot;835.16 zł&quot;)" />
    </UnitTest>
    <UnitTest name="FormatToStringTest1000(56802.303118930344d,&quot;56802.30 zł&quot;)" storage="c:\projekty\nunittestproject\bin\debug\netcoreapp3.1\nunittestproject.dll" id="7c3bd97a-a125-9200-b1f2-a28a2e7a05fe">
      <Execution id="e48e098c-6441-4681-8819-e9c4d98fb71c" />
      <TestMethod codeBase="C:\Projekty\NUnitTestProject\bin\Debug\netcoreapp3.1\NUnitTestProject.dll" adapterTypeName="executor://nunit3testexecutor/" className="NUnitTestProject.CurrencyHelperTests" name="FormatToStringTest1000(56802.303118930344d,&quot;56802.30 zł&quot;)" />
    </UnitTest>
    <UnitTest name="FormatToStringTest1000(77919.64716867341d,&quot;77919.65 zł&quot;)" storage="c:\projekty\nunittestproject\bin\debug\netcoreapp3.1\nunittestproject.dll" id="346c5a09-add8-018f-c767-f4690b937dfb">
      <Execution id="4a1dee42-2c29-4b24-a83e-5bc2f6f82f72" />
      <TestMethod codeBase="C:\Projekty\NUnitTestProject\bin\Debug\netcoreapp3.1\NUnitTestProject.dll" adapterTypeName="executor://nunit3testexecutor/" className="NUnitTestProject.CurrencyHelperTests" name="FormatToStringTest1000(77919.64716867341d,&quot;77919.65 zł&quot;)" />
    </UnitTest>
    <UnitTest name="FormatToStringTest1000(675.4589376107133d,&quot;675.46 zł&quot;)" storage="c:\projekty\nunittestproject\bin\debug\netcoreapp3.1\nunittestproject.dll" id="8ea3fac0-98e6-cacb-3107-71ef474d1509">
      <Execution id="c25de716-b857-4fe2-bd68-e1a4e3338490" />
      <TestMethod codeBase="C:\Projekty\NUnitTestProject\bin\Debug\netcoreapp3.1\NUnitTestProject.dll" adapterTypeName="executor://nunit3testexecutor/" className="NUnitTestProject.CurrencyHelperTests" name="FormatToStringTest1000(675.4589376107133d,&quot;675.46 zł&quot;)" />
    </UnitTest>
    <UnitTest name="FormatToStringTest1000(16571.355536101553d,&quot;16571.36 zł&quot;)" storage="c:\projekty\nunittestproject\bin\debug\netcoreapp3.1\nunittestproject.dll" id="e0769b45-8199-18f4-5d81-d7fe740ba2db">
      <Execution id="47924809-dd6b-476e-803e-c1393b20625b" />
      <TestMethod codeBase="C:\Projekty\NUnitTestProject\bin\Debug\netcoreapp3.1\NUnitTestProject.dll" adapterTypeName="executor://nunit3testexecutor/" className="NUnitTestProject.CurrencyHelperTests" name="FormatToStringTest1000(16571.355536101553d,&quot;16571.36 zł&quot;)" />
    </UnitTest>
    <UnitTest name="FormatToStringTest1000(10174.652801423637d,&quot;10174.65 zł&quot;)" storage="c:\projekty\nunittestproject\bin\debug\netcoreapp3.1\nunittestproject.dll" id="de399ac2-0e9a-031b-1b43-49701fcdb8f0">
      <Execution id="b46f815e-7f66-4bb7-91d0-19cf58ad0066" />
      <TestMethod codeBase="C:\Projekty\NUnitTestProject\bin\Debug\netcoreapp3.1\NUnitTestProject.dll" adapterTypeName="executor://nunit3testexecutor/" className="NUnitTestProject.CurrencyHelperTests" name="FormatToStringTest1000(10174.652801423637d,&quot;10174.65 zł&quot;)" />
    </UnitTest>
    <UnitTest name="FormatToStringTest1000(6323.24079469882d,&quot;6323.24 zł&quot;)" storage="c:\projekty\nunittestproject\bin\debug\netcoreapp3.1\nunittestproject.dll" id="1772b5c8-17fc-7339-7078-7951ac9723dd">
      <Execution id="4953b75d-f7df-4eb4-88db-6c0625cbdbb9" />
      <TestMethod codeBase="C:\Projekty\NUnitTestProject\bin\Debug\netcoreapp3.1\NUnitTestProject.dll" adapterTypeName="executor://nunit3testexecutor/" className="NUnitTestProject.CurrencyHelperTests" name="FormatToStringTest1000(6323.24079469882d,&quot;6323.24 zł&quot;)" />
    </UnitTest>
    <UnitTest name="FormatToStringTest1000(19397.344749736294d,&quot;19397.34 zł&quot;)" storage="c:\projekty\nunittestproject\bin\debug\netcoreapp3.1\nunittestproject.dll" id="b8049e3c-9c33-aae7-ee13-10324d7813cb">
      <Execution id="54547703-452d-4981-bfb9-738ea293f23b" />
      <TestMethod codeBase="C:\Projekty\NUnitTestProject\bin\Debug\netcoreapp3.1\NUnitTestProject.dll" adapterTypeName="executor://nunit3testexecutor/" className="NUnitTestProject.CurrencyHelperTests" name="FormatToStringTest1000(19397.344749736294d,&quot;19397.34 zł&quot;)" />
    </UnitTest>
    <UnitTest name="FormatToStringTest1000(6276.389386365838d,&quot;6276.39 zł&quot;)" storage="c:\projekty\nunittestproject\bin\debug\netcoreapp3.1\nunittestproject.dll" id="a71dfd40-e5c3-4b5b-03e3-172683e7a4a4">
      <Execution id="420cafb4-e426-4028-a065-f3d8f19b2cae" />
      <TestMethod codeBase="C:\Projekty\NUnitTestProject\bin\Debug\netcoreapp3.1\NUnitTestProject.dll" adapterTypeName="executor://nunit3testexecutor/" className="NUnitTestProject.CurrencyHelperTests" name="FormatToStringTest1000(6276.389386365838d,&quot;6276.39 zł&quot;)" />
    </UnitTest>
    <UnitTest name="FormatToStringTest1000(73477.18206926118d,&quot;73477.18 zł&quot;)" storage="c:\projekty\nunittestproject\bin\debug\netcoreapp3.1\nunittestproject.dll" id="615860d1-0b9e-6fa5-7fc7-61ac89388548">
      <Execution id="4bd52e8c-d2a9-4aee-ba98-0638b94d28d0" />
      <TestMethod codeBase="C:\Projekty\NUnitTestProject\bin\Debug\netcoreapp3.1\NUnitTestProject.dll" adapterTypeName="executor://nunit3testexecutor/" className="NUnitTestProject.CurrencyHelperTests" name="FormatToStringTest1000(73477.18206926118d,&quot;73477.18 zł&quot;)" />
    </UnitTest>
    <UnitTest name="FormatToStringTest1000(27506.397047390416d,&quot;27506.40 zł&quot;)" storage="c:\projekty\nunittestproject\bin\debug\netcoreapp3.1\nunittestproject.dll" id="552b07f7-5957-56bd-9f6c-bbb880d05499">
      <Execution id="7682faf5-8247-4ad0-bbd7-c0a7c394590c" />
      <TestMethod codeBase="C:\Projekty\NUnitTestProject\bin\Debug\netcoreapp3.1\NUnitTestProject.dll" adapterTypeName="executor://nunit3testexecutor/" className="NUnitTestProject.CurrencyHelperTests" name="FormatToStringTest1000(27506.397047390416d,&quot;27506.40 zł&quot;)" />
    </UnitTest>
    <UnitTest name="FormatToStringTest1000(6710.131197082871d,&quot;6710.13 zł&quot;)" storage="c:\projekty\nunittestproject\bin\debug\netcoreapp3.1\nunittestproject.dll" id="9db1e6a2-c9ab-3468-9419-59249149bc04">
      <Execution id="69ed90db-936e-4e9c-a4d5-4cdb106fd07a" />
      <TestMethod codeBase="C:\Projekty\NUnitTestProject\bin\Debug\netcoreapp3.1\NUnitTestProject.dll" adapterTypeName="executor://nunit3testexecutor/" className="NUnitTestProject.CurrencyHelperTests" name="FormatToStringTest1000(6710.131197082871d,&quot;6710.13 zł&quot;)" />
    </UnitTest>
    <UnitTest name="FormatToStringTest1000(74851.91547305691d,&quot;74851.92 zł&quot;)" storage="c:\projekty\nunittestproject\bin\debug\netcoreapp3.1\nunittestproject.dll" id="859e7823-e1a7-1174-301f-2aa38167af9b">
      <Execution id="2e10c61b-48e9-49e7-8510-0e1da6a7f05c" />
      <TestMethod codeBase="C:\Projekty\NUnitTestProject\bin\Debug\netcoreapp3.1\NUnitTestProject.dll" adapterTypeName="executor://nunit3testexecutor/" className="NUnitTestProject.CurrencyHelperTests" name="FormatToStringTest1000(74851.91547305691d,&quot;74851.92 zł&quot;)" />
    </UnitTest>
    <UnitTest name="FormatToStringTest1000(8211.920994553679d,&quot;8211.92 zł&quot;)" storage="c:\projekty\nunittestproject\bin\debug\netcoreapp3.1\nunittestproject.dll" id="1bf3b326-0db3-88e9-a1ae-c5de32b68479">
      <Execution id="2f638a2d-0c0c-4a29-a917-f3ee42959e88" />
      <TestMethod codeBase="C:\Projekty\NUnitTestProject\bin\Debug\netcoreapp3.1\NUnitTestProject.dll" adapterTypeName="executor://nunit3testexecutor/" className="NUnitTestProject.CurrencyHelperTests" name="FormatToStringTest1000(8211.920994553679d,&quot;8211.92 zł&quot;)" />
    </UnitTest>
    <UnitTest name="FormatToStringTest1000(1994.0983933439006d,&quot;1994.10 zł&quot;)" storage="c:\projekty\nunittestproject\bin\debug\netcoreapp3.1\nunittestproject.dll" id="67cd7cf5-f472-f19a-a725-58400de88452">
      <Execution id="b737399b-571c-4ae7-9414-72fc96f0b717" />
      <TestMethod codeBase="C:\Projekty\NUnitTestProject\bin\Debug\netcoreapp3.1\NUnitTestProject.dll" adapterTypeName="executor://nunit3testexecutor/" className="NUnitTestProject.CurrencyHelperTests" name="FormatToStringTest1000(1994.0983933439006d,&quot;1994.10 zł&quot;)" />
    </UnitTest>
    <UnitTest name="FormatToStringTest1000(22291.653251342315d,&quot;22291.65 zł&quot;)" storage="c:\projekty\nunittestproject\bin\debug\netcoreapp3.1\nunittestproject.dll" id="a05c6c11-7f69-6883-58ae-614dcfca1729">
      <Execution id="684103b8-d526-4c0a-bae4-3d3d28090f71" />
      <TestMethod codeBase="C:\Projekty\NUnitTestProject\bin\Debug\netcoreapp3.1\NUnitTestProject.dll" adapterTypeName="executor://nunit3testexecutor/" className="NUnitTestProject.CurrencyHelperTests" name="FormatToStringTest1000(22291.653251342315d,&quot;22291.65 zł&quot;)" />
    </UnitTest>
    <UnitTest name="FormatToStringTest1000(9657.360676611475d,&quot;9657.36 zł&quot;)" storage="c:\projekty\nunittestproject\bin\debug\netcoreapp3.1\nunittestproject.dll" id="d685c2c4-f219-af53-1ba4-f062b4ec12ac">
      <Execution id="5cd215b6-c161-4480-86aa-48a53b160aa5" />
      <TestMethod codeBase="C:\Projekty\NUnitTestProject\bin\Debug\netcoreapp3.1\NUnitTestProject.dll" adapterTypeName="executor://nunit3testexecutor/" className="NUnitTestProject.CurrencyHelperTests" name="FormatToStringTest1000(9657.360676611475d,&quot;9657.36 zł&quot;)" />
    </UnitTest>
    <UnitTest name="FormatToStringTest1000(50339.31259969497d,&quot;50339.31 zł&quot;)" storage="c:\projekty\nunittestproject\bin\debug\netcoreapp3.1\nunittestproject.dll" id="0bdd31cf-560a-74a8-9cb0-f50b134f6e55">
      <Execution id="918ef8da-dd56-46f1-b023-16f58896f52c" />
      <TestMethod codeBase="C:\Projekty\NUnitTestProject\bin\Debug\netcoreapp3.1\NUnitTestProject.dll" adapterTypeName="executor://nunit3testexecutor/" className="NUnitTestProject.CurrencyHelperTests" name="FormatToStringTest1000(50339.31259969497d,&quot;50339.31 zł&quot;)" />
    </UnitTest>
    <UnitTest name="FormatToStringTest1000(22153.282278674324d,&quot;22153.28 zł&quot;)" storage="c:\projekty\nunittestproject\bin\debug\netcoreapp3.1\nunittestproject.dll" id="02239eb7-c4a2-34a6-024f-aeb38f7bff3d">
      <Execution id="9ae374c0-6f62-42bf-9542-d0966d14047f" />
      <TestMethod codeBase="C:\Projekty\NUnitTestProject\bin\Debug\netcoreapp3.1\NUnitTestProject.dll" adapterTypeName="executor://nunit3testexecutor/" className="NUnitTestProject.CurrencyHelperTests" name="FormatToStringTest1000(22153.282278674324d,&quot;22153.28 zł&quot;)" />
    </UnitTest>
    <UnitTest name="FormatToStringTest1000(8885.065440211942d,&quot;8885.07 zł&quot;)" storage="c:\projekty\nunittestproject\bin\debug\netcoreapp3.1\nunittestproject.dll" id="7c3fcb5f-2001-b092-5026-72ef7da49275">
      <Execution id="46a8b0d2-9f7a-40a9-bc9a-a207b6059aa1" />
      <TestMethod codeBase="C:\Projekty\NUnitTestProject\bin\Debug\netcoreapp3.1\NUnitTestProject.dll" adapterTypeName="executor://nunit3testexecutor/" className="NUnitTestProject.CurrencyHelperTests" name="FormatToStringTest1000(8885.065440211942d,&quot;8885.07 zł&quot;)" />
    </UnitTest>
    <UnitTest name="FormatToStringTest1000(12759.925747307914d,&quot;12759.93 zł&quot;)" storage="c:\projekty\nunittestproject\bin\debug\netcoreapp3.1\nunittestproject.dll" id="57f0eaa3-633d-272b-64dc-58e0ae797fbb">
      <Execution id="317c9fc4-de52-4ab0-b2c1-70e30734c8e4" />
      <TestMethod codeBase="C:\Projekty\NUnitTestProject\bin\Debug\netcoreapp3.1\NUnitTestProject.dll" adapterTypeName="executor://nunit3testexecutor/" className="NUnitTestProject.CurrencyHelperTests" name="FormatToStringTest1000(12759.925747307914d,&quot;12759.93 zł&quot;)" />
    </UnitTest>
    <UnitTest name="FormatToStringTest1000(26223.99769144412d,&quot;26224.00 zł&quot;)" storage="c:\projekty\nunittestproject\bin\debug\netcoreapp3.1\nunittestproject.dll" id="a1315833-0fe6-4fc5-8939-3c4f1b31db5e">
      <Execution id="d1a54ee9-4209-49e3-997d-f332c1c955ca" />
      <TestMethod codeBase="C:\Projekty\NUnitTestProject\bin\Debug\netcoreapp3.1\NUnitTestProject.dll" adapterTypeName="executor://nunit3testexecutor/" className="NUnitTestProject.CurrencyHelperTests" name="FormatToStringTest1000(26223.99769144412d,&quot;26224.00 zł&quot;)" />
    </UnitTest>
    <UnitTest name="FormatToStringTest1000(25288.32036814574d,&quot;25288.32 zł&quot;)" storage="c:\projekty\nunittestproject\bin\debug\netcoreapp3.1\nunittestproject.dll" id="85867aba-850c-5842-e811-a641ca5889cf">
      <Execution id="94130857-92ea-4ac8-b05e-2b430a32b356" />
      <TestMethod codeBase="C:\Projekty\NUnitTestProject\bin\Debug\netcoreapp3.1\NUnitTestProject.dll" adapterTypeName="executor://nunit3testexecutor/" className="NUnitTestProject.CurrencyHelperTests" name="FormatToStringTest1000(25288.32036814574d,&quot;25288.32 zł&quot;)" />
    </UnitTest>
    <UnitTest name="FormatToStringTest1000(13745.115971449817d,&quot;13745.12 zł&quot;)" storage="c:\projekty\nunittestproject\bin\debug\netcoreapp3.1\nunittestproject.dll" id="81df71bb-e962-4121-4d15-80e255b37b1f">
      <Execution id="717fd43e-35da-41be-afbe-539adbba9c60" />
      <TestMethod codeBase="C:\Projekty\NUnitTestProject\bin\Debug\netcoreapp3.1\NUnitTestProject.dll" adapterTypeName="executor://nunit3testexecutor/" className="NUnitTestProject.CurrencyHelperTests" name="FormatToStringTest1000(13745.115971449817d,&quot;13745.12 zł&quot;)" />
    </UnitTest>
    <UnitTest name="FormatToStringTest1000(9558.453124931293d,&quot;9558.45 zł&quot;)" storage="c:\projekty\nunittestproject\bin\debug\netcoreapp3.1\nunittestproject.dll" id="03f880df-4361-699a-9da6-4d3bc3d9d5a7">
      <Execution id="e1e5fd02-4919-4be5-9b3d-9f76c70b1271" />
      <TestMethod codeBase="C:\Projekty\NUnitTestProject\bin\Debug\netcoreapp3.1\NUnitTestProject.dll" adapterTypeName="executor://nunit3testexecutor/" className="NUnitTestProject.CurrencyHelperTests" name="FormatToStringTest1000(9558.453124931293d,&quot;9558.45 zł&quot;)" />
    </UnitTest>
    <UnitTest name="FormatToStringTest1000(30111.54342534372d,&quot;30111.54 zł&quot;)" storage="c:\projekty\nunittestproject\bin\debug\netcoreapp3.1\nunittestproject.dll" id="63800d30-d6ac-f352-9000-d5ae21ee34db">
      <Execution id="9cf8d866-ebc4-4d5c-9864-e827390acc6d" />
      <TestMethod codeBase="C:\Projekty\NUnitTestProject\bin\Debug\netcoreapp3.1\NUnitTestProject.dll" adapterTypeName="executor://nunit3testexecutor/" className="NUnitTestProject.CurrencyHelperTests" name="FormatToStringTest1000(30111.54342534372d,&quot;30111.54 zł&quot;)" />
    </UnitTest>
    <UnitTest name="FormatToStringTest1000(1821.7083499085663d,&quot;1821.71 zł&quot;)" storage="c:\projekty\nunittestproject\bin\debug\netcoreapp3.1\nunittestproject.dll" id="f2281ab7-ffb9-3d10-c3a8-1aa0cd2fcbfc">
      <Execution id="ccf695d7-1cb9-4b9c-bfed-f693430a8ddc" />
      <TestMethod codeBase="C:\Projekty\NUnitTestProject\bin\Debug\netcoreapp3.1\NUnitTestProject.dll" adapterTypeName="executor://nunit3testexecutor/" className="NUnitTestProject.CurrencyHelperTests" name="FormatToStringTest1000(1821.7083499085663d,&quot;1821.71 zł&quot;)" />
    </UnitTest>
    <UnitTest name="FormatToStringTest1000(24476.442216712254d,&quot;24476.44 zł&quot;)" storage="c:\projekty\nunittestproject\bin\debug\netcoreapp3.1\nunittestproject.dll" id="b83433ff-1f44-78cf-aaee-d87286ab6972">
      <Execution id="5bf01ab5-6cfc-4698-be96-9f53d142dfe8" />
      <TestMethod codeBase="C:\Projekty\NUnitTestProject\bin\Debug\netcoreapp3.1\NUnitTestProject.dll" adapterTypeName="executor://nunit3testexecutor/" className="NUnitTestProject.CurrencyHelperTests" name="FormatToStringTest1000(24476.442216712254d,&quot;24476.44 zł&quot;)" />
    </UnitTest>
    <UnitTest name="FormatToStringTest1000(35.34471716840971d,&quot;35.34 zł&quot;)" storage="c:\projekty\nunittestproject\bin\debug\netcoreapp3.1\nunittestproject.dll" id="d53ebf9d-a1b0-7eb1-4b91-4ab174a99cc7">
      <Execution id="5fc042c0-dee4-4751-8d41-aa849cc638cb" />
      <TestMethod codeBase="C:\Projekty\NUnitTestProject\bin\Debug\netcoreapp3.1\NUnitTestProject.dll" adapterTypeName="executor://nunit3testexecutor/" className="NUnitTestProject.CurrencyHelperTests" name="FormatToStringTest1000(35.34471716840971d,&quot;35.34 zł&quot;)" />
    </UnitTest>
    <UnitTest name="FormatToStringTest1000(37826.846755123166d,&quot;37826.85 zł&quot;)" storage="c:\projekty\nunittestproject\bin\debug\netcoreapp3.1\nunittestproject.dll" id="4f980f14-0ada-dd56-93fe-12a559a27314">
      <Execution id="57264846-a3b2-4397-be6a-b38e4e547e1e" />
      <TestMethod codeBase="C:\Projekty\NUnitTestProject\bin\Debug\netcoreapp3.1\NUnitTestProject.dll" adapterTypeName="executor://nunit3testexecutor/" className="NUnitTestProject.CurrencyHelperTests" name="FormatToStringTest1000(37826.846755123166d,&quot;37826.85 zł&quot;)" />
    </UnitTest>
    <UnitTest name="FormatToStringTest1000(14003.84591249742d,&quot;14003.85 zł&quot;)" storage="c:\projekty\nunittestproject\bin\debug\netcoreapp3.1\nunittestproject.dll" id="b266e530-9059-cc9e-a2de-5a104736c757">
      <Execution id="5da5dfb1-fb90-4dd1-9267-443941e8fac4" />
      <TestMethod codeBase="C:\Projekty\NUnitTestProject\bin\Debug\netcoreapp3.1\NUnitTestProject.dll" adapterTypeName="executor://nunit3testexecutor/" className="NUnitTestProject.CurrencyHelperTests" name="FormatToStringTest1000(14003.84591249742d,&quot;14003.85 zł&quot;)" />
    </UnitTest>
    <UnitTest name="FormatToStringTest1000(12949.590713378317d,&quot;12949.59 zł&quot;)" storage="c:\projekty\nunittestproject\bin\debug\netcoreapp3.1\nunittestproject.dll" id="58932f19-d7b6-d69f-2dae-d6e75aa0e55e">
      <Execution id="e05e1f1b-9fb5-47b6-ba37-7555d9d666e5" />
      <TestMethod codeBase="C:\Projekty\NUnitTestProject\bin\Debug\netcoreapp3.1\NUnitTestProject.dll" adapterTypeName="executor://nunit3testexecutor/" className="NUnitTestProject.CurrencyHelperTests" name="FormatToStringTest1000(12949.590713378317d,&quot;12949.59 zł&quot;)" />
    </UnitTest>
    <UnitTest name="FormatToStringTest1000(28455.229970996843d,&quot;28455.23 zł&quot;)" storage="c:\projekty\nunittestproject\bin\debug\netcoreapp3.1\nunittestproject.dll" id="8abb9da4-977b-effb-b6fc-988ee16d7ff4">
      <Execution id="6e5e9fef-e0eb-4e00-89e6-96167b077882" />
      <TestMethod codeBase="C:\Projekty\NUnitTestProject\bin\Debug\netcoreapp3.1\NUnitTestProject.dll" adapterTypeName="executor://nunit3testexecutor/" className="NUnitTestProject.CurrencyHelperTests" name="FormatToStringTest1000(28455.229970996843d,&quot;28455.23 zł&quot;)" />
    </UnitTest>
    <UnitTest name="FormatToStringTest1000(4554.73912809777d,&quot;4554.74 zł&quot;)" storage="c:\projekty\nunittestproject\bin\debug\netcoreapp3.1\nunittestproject.dll" id="f33cb892-3679-fe31-40d8-b78f43a0c80f">
      <Execution id="5d4abf3d-fb27-4140-b05a-184cf6df2c2b" />
      <TestMethod codeBase="C:\Projekty\NUnitTestProject\bin\Debug\netcoreapp3.1\NUnitTestProject.dll" adapterTypeName="executor://nunit3testexecutor/" className="NUnitTestProject.CurrencyHelperTests" name="FormatToStringTest1000(4554.73912809777d,&quot;4554.74 zł&quot;)" />
    </UnitTest>
    <UnitTest name="FormatToStringTest1000(19840.47672110632d,&quot;19840.48 zł&quot;)" storage="c:\projekty\nunittestproject\bin\debug\netcoreapp3.1\nunittestproject.dll" id="8d3460f1-a4b4-e4c2-2d2b-85718b89d128">
      <Execution id="6e8c642f-48ae-49ec-9298-15ec23f0a2f5" />
      <TestMethod codeBase="C:\Projekty\NUnitTestProject\bin\Debug\netcoreapp3.1\NUnitTestProject.dll" adapterTypeName="executor://nunit3testexecutor/" className="NUnitTestProject.CurrencyHelperTests" name="FormatToStringTest1000(19840.47672110632d,&quot;19840.48 zł&quot;)" />
    </UnitTest>
    <UnitTest name="FormatToStringTest1000(15520.346099893259d,&quot;15520.35 zł&quot;)" storage="c:\projekty\nunittestproject\bin\debug\netcoreapp3.1\nunittestproject.dll" id="95fa357e-9359-c839-8ff3-f046c9e30487">
      <Execution id="54471b7f-a884-47e4-bb6e-d5d76c9dff63" />
      <TestMethod codeBase="C:\Projekty\NUnitTestProject\bin\Debug\netcoreapp3.1\NUnitTestProject.dll" adapterTypeName="executor://nunit3testexecutor/" className="NUnitTestProject.CurrencyHelperTests" name="FormatToStringTest1000(15520.346099893259d,&quot;15520.35 zł&quot;)" />
    </UnitTest>
    <UnitTest name="FormatToStringTest1000(13375.96341587415d,&quot;13375.96 zł&quot;)" storage="c:\projekty\nunittestproject\bin\debug\netcoreapp3.1\nunittestproject.dll" id="66fdc644-297b-3f5c-4f4a-cb900d8c28d6">
      <Execution id="e038cca3-92f6-430a-a794-dc8a8b1ea156" />
      <TestMethod codeBase="C:\Projekty\NUnitTestProject\bin\Debug\netcoreapp3.1\NUnitTestProject.dll" adapterTypeName="executor://nunit3testexecutor/" className="NUnitTestProject.CurrencyHelperTests" name="FormatToStringTest1000(13375.96341587415d,&quot;13375.96 zł&quot;)" />
    </UnitTest>
    <UnitTest name="FormatToStringTest1000(4002.4180488374172d,&quot;4002.42 zł&quot;)" storage="c:\projekty\nunittestproject\bin\debug\netcoreapp3.1\nunittestproject.dll" id="f5fd9e95-4d91-8f7f-4648-e5bd7c8cc931">
      <Execution id="eee14b3e-d108-4e9a-9792-81dd9de313ff" />
      <TestMethod codeBase="C:\Projekty\NUnitTestProject\bin\Debug\netcoreapp3.1\NUnitTestProject.dll" adapterTypeName="executor://nunit3testexecutor/" className="NUnitTestProject.CurrencyHelperTests" name="FormatToStringTest1000(4002.4180488374172d,&quot;4002.42 zł&quot;)" />
    </UnitTest>
    <UnitTest name="FormatToStringTest1000(59768.02667973611d,&quot;59768.03 zł&quot;)" storage="c:\projekty\nunittestproject\bin\debug\netcoreapp3.1\nunittestproject.dll" id="a847ffac-041e-82ae-b13a-0b82098799e8">
      <Execution id="54c24263-0b0a-4795-bb5b-cc5fbbe90686" />
      <TestMethod codeBase="C:\Projekty\NUnitTestProject\bin\Debug\netcoreapp3.1\NUnitTestProject.dll" adapterTypeName="executor://nunit3testexecutor/" className="NUnitTestProject.CurrencyHelperTests" name="FormatToStringTest1000(59768.02667973611d,&quot;59768.03 zł&quot;)" />
    </UnitTest>
    <UnitTest name="FormatToStringTest1000(17835.54606576988d,&quot;17835.55 zł&quot;)" storage="c:\projekty\nunittestproject\bin\debug\netcoreapp3.1\nunittestproject.dll" id="e679eaee-e3a9-8b8a-d185-7c73afee0b2f">
      <Execution id="960f4265-e8fe-4394-b133-56ff295da08d" />
      <TestMethod codeBase="C:\Projekty\NUnitTestProject\bin\Debug\netcoreapp3.1\NUnitTestProject.dll" adapterTypeName="executor://nunit3testexecutor/" className="NUnitTestProject.CurrencyHelperTests" name="FormatToStringTest1000(17835.54606576988d,&quot;17835.55 zł&quot;)" />
    </UnitTest>
    <UnitTest name="FormatToStringTest1000(12308.022158465357d,&quot;12308.02 zł&quot;)" storage="c:\projekty\nunittestproject\bin\debug\netcoreapp3.1\nunittestproject.dll" id="cb9006f5-cf8f-a741-60da-88003562c888">
      <Execution id="b9e58f8e-66ec-486e-93e0-18e693f40a4a" />
      <TestMethod codeBase="C:\Projekty\NUnitTestProject\bin\Debug\netcoreapp3.1\NUnitTestProject.dll" adapterTypeName="executor://nunit3testexecutor/" className="NUnitTestProject.CurrencyHelperTests" name="FormatToStringTest1000(12308.022158465357d,&quot;12308.02 zł&quot;)" />
    </UnitTest>
    <UnitTest name="FormatToStringTest1000(13568.230982493717d,&quot;13568.23 zł&quot;)" storage="c:\projekty\nunittestproject\bin\debug\netcoreapp3.1\nunittestproject.dll" id="9c16a4f2-9784-74bb-775d-5911328260bf">
      <Execution id="47414377-3780-4958-98f2-4ff62a4bc79a" />
      <TestMethod codeBase="C:\Projekty\NUnitTestProject\bin\Debug\netcoreapp3.1\NUnitTestProject.dll" adapterTypeName="executor://nunit3testexecutor/" className="NUnitTestProject.CurrencyHelperTests" name="FormatToStringTest1000(13568.230982493717d,&quot;13568.23 zł&quot;)" />
    </UnitTest>
    <UnitTest name="FormatToStringTest1000(20068.867046961965d,&quot;20068.87 zł&quot;)" storage="c:\projekty\nunittestproject\bin\debug\netcoreapp3.1\nunittestproject.dll" id="004cf38c-62a9-5d39-4e66-385c7c495389">
      <Execution id="627e183e-1f93-4986-bb52-7ad2fe0400f6" />
      <TestMethod codeBase="C:\Projekty\NUnitTestProject\bin\Debug\netcoreapp3.1\NUnitTestProject.dll" adapterTypeName="executor://nunit3testexecutor/" className="NUnitTestProject.CurrencyHelperTests" name="FormatToStringTest1000(20068.867046961965d,&quot;20068.87 zł&quot;)" />
    </UnitTest>
    <UnitTest name="FormatToStringTest1000(26945.125386551546d,&quot;26945.13 zł&quot;)" storage="c:\projekty\nunittestproject\bin\debug\netcoreapp3.1\nunittestproject.dll" id="217115b6-0d47-12a1-e34e-67f742ff910b">
      <Execution id="251bce61-42f3-42ed-b065-fadd0edb69c9" />
      <TestMethod codeBase="C:\Projekty\NUnitTestProject\bin\Debug\netcoreapp3.1\NUnitTestProject.dll" adapterTypeName="executor://nunit3testexecutor/" className="NUnitTestProject.CurrencyHelperTests" name="FormatToStringTest1000(26945.125386551546d,&quot;26945.13 zł&quot;)" />
    </UnitTest>
    <UnitTest name="FormatToStringTest1000(6205.946199725357d,&quot;6205.95 zł&quot;)" storage="c:\projekty\nunittestproject\bin\debug\netcoreapp3.1\nunittestproject.dll" id="521fa3b6-9e37-72bc-d9e9-42020df0aa26">
      <Execution id="91bcf96b-d4ce-40d1-9d78-20800f017252" />
      <TestMethod codeBase="C:\Projekty\NUnitTestProject\bin\Debug\netcoreapp3.1\NUnitTestProject.dll" adapterTypeName="executor://nunit3testexecutor/" className="NUnitTestProject.CurrencyHelperTests" name="FormatToStringTest1000(6205.946199725357d,&quot;6205.95 zł&quot;)" />
    </UnitTest>
    <UnitTest name="FormatToStringTest1000(54724.71040318008d,&quot;54724.71 zł&quot;)" storage="c:\projekty\nunittestproject\bin\debug\netcoreapp3.1\nunittestproject.dll" id="71a2762b-d8da-32e7-80e0-7c170fef2ac7">
      <Execution id="7264a6c2-01bf-4214-b56b-465710118f2c" />
      <TestMethod codeBase="C:\Projekty\NUnitTestProject\bin\Debug\netcoreapp3.1\NUnitTestProject.dll" adapterTypeName="executor://nunit3testexecutor/" className="NUnitTestProject.CurrencyHelperTests" name="FormatToStringTest1000(54724.71040318008d,&quot;54724.71 zł&quot;)" />
    </UnitTest>
    <UnitTest name="FormatToStringTest1000(56286.70397975702d,&quot;56286.70 zł&quot;)" storage="c:\projekty\nunittestproject\bin\debug\netcoreapp3.1\nunittestproject.dll" id="8f24487f-448e-3b5a-351c-88c069a107d6">
      <Execution id="2788d716-d89c-4574-bd5f-d128dacfbc4f" />
      <TestMethod codeBase="C:\Projekty\NUnitTestProject\bin\Debug\netcoreapp3.1\NUnitTestProject.dll" adapterTypeName="executor://nunit3testexecutor/" className="NUnitTestProject.CurrencyHelperTests" name="FormatToStringTest1000(56286.70397975702d,&quot;56286.70 zł&quot;)" />
    </UnitTest>
    <UnitTest name="FormatToStringTest1000(36651.05802063414d,&quot;36651.06 zł&quot;)" storage="c:\projekty\nunittestproject\bin\debug\netcoreapp3.1\nunittestproject.dll" id="2be600d2-247c-9e20-d84c-921afba648ed">
      <Execution id="2e2cf79d-563a-480b-ac18-a6ea0dd6c17b" />
      <TestMethod codeBase="C:\Projekty\NUnitTestProject\bin\Debug\netcoreapp3.1\NUnitTestProject.dll" adapterTypeName="executor://nunit3testexecutor/" className="NUnitTestProject.CurrencyHelperTests" name="FormatToStringTest1000(36651.05802063414d,&quot;36651.06 zł&quot;)" />
    </UnitTest>
    <UnitTest name="FormatToStringTest1000(1898.24149096489d,&quot;1898.24 zł&quot;)" storage="c:\projekty\nunittestproject\bin\debug\netcoreapp3.1\nunittestproject.dll" id="314b7968-8280-3c06-cc8d-95ee97af36dd">
      <Execution id="ef643973-4550-4493-ab29-357a77b1a290" />
      <TestMethod codeBase="C:\Projekty\NUnitTestProject\bin\Debug\netcoreapp3.1\NUnitTestProject.dll" adapterTypeName="executor://nunit3testexecutor/" className="NUnitTestProject.CurrencyHelperTests" name="FormatToStringTest1000(1898.24149096489d,&quot;1898.24 zł&quot;)" />
    </UnitTest>
    <UnitTest name="FormatToStringTest1000(468.83385119346616d,&quot;468.83 zł&quot;)" storage="c:\projekty\nunittestproject\bin\debug\netcoreapp3.1\nunittestproject.dll" id="c2a86a28-0c33-4ec7-8c21-c750433881c4">
      <Execution id="af10b99d-fdef-4f60-9ce0-659f6a3276f0" />
      <TestMethod codeBase="C:\Projekty\NUnitTestProject\bin\Debug\netcoreapp3.1\NUnitTestProject.dll" adapterTypeName="executor://nunit3testexecutor/" className="NUnitTestProject.CurrencyHelperTests" name="FormatToStringTest1000(468.83385119346616d,&quot;468.83 zł&quot;)" />
    </UnitTest>
    <UnitTest name="FormatToStringTest1000(14867.726341984107d,&quot;14867.73 zł&quot;)" storage="c:\projekty\nunittestproject\bin\debug\netcoreapp3.1\nunittestproject.dll" id="bed158c1-cdea-cb2e-72de-fac3c7fdb2c8">
      <Execution id="6f2603d8-f664-46ec-a815-47be5f13da69" />
      <TestMethod codeBase="C:\Projekty\NUnitTestProject\bin\Debug\netcoreapp3.1\NUnitTestProject.dll" adapterTypeName="executor://nunit3testexecutor/" className="NUnitTestProject.CurrencyHelperTests" name="FormatToStringTest1000(14867.726341984107d,&quot;14867.73 zł&quot;)" />
    </UnitTest>
    <UnitTest name="FormatToStringTest1000(28155.26504817664d,&quot;28155.27 zł&quot;)" storage="c:\projekty\nunittestproject\bin\debug\netcoreapp3.1\nunittestproject.dll" id="cdb063aa-c8f9-b0b9-d5b0-6f880917f1b4">
      <Execution id="dfc72ef3-fa44-4206-85df-c03b95d2e8da" />
      <TestMethod codeBase="C:\Projekty\NUnitTestProject\bin\Debug\netcoreapp3.1\NUnitTestProject.dll" adapterTypeName="executor://nunit3testexecutor/" className="NUnitTestProject.CurrencyHelperTests" name="FormatToStringTest1000(28155.26504817664d,&quot;28155.27 zł&quot;)" />
    </UnitTest>
    <UnitTest name="FormatToStringTest1000(22831.975917587977d,&quot;22831.98 zł&quot;)" storage="c:\projekty\nunittestproject\bin\debug\netcoreapp3.1\nunittestproject.dll" id="a72152f5-7a61-c574-c2ee-c9a3ca6ccab7">
      <Execution id="00291308-df12-4445-88e0-565ac6e1ba07" />
      <TestMethod codeBase="C:\Projekty\NUnitTestProject\bin\Debug\netcoreapp3.1\NUnitTestProject.dll" adapterTypeName="executor://nunit3testexecutor/" className="NUnitTestProject.CurrencyHelperTests" name="FormatToStringTest1000(22831.975917587977d,&quot;22831.98 zł&quot;)" />
    </UnitTest>
    <UnitTest name="FormatToStringTest1000(27164.0272410419d,&quot;27164.03 zł&quot;)" storage="c:\projekty\nunittestproject\bin\debug\netcoreapp3.1\nunittestproject.dll" id="b1699ce8-743c-1964-eb7b-2aa310ecbb21">
      <Execution id="c1a4f18d-a63b-4106-9ef9-b1b0e5a2d671" />
      <TestMethod codeBase="C:\Projekty\NUnitTestProject\bin\Debug\netcoreapp3.1\NUnitTestProject.dll" adapterTypeName="executor://nunit3testexecutor/" className="NUnitTestProject.CurrencyHelperTests" name="FormatToStringTest1000(27164.0272410419d,&quot;27164.03 zł&quot;)" />
    </UnitTest>
    <UnitTest name="FormatToStringTest1000(32632.105531036905d,&quot;32632.11 zł&quot;)" storage="c:\projekty\nunittestproject\bin\debug\netcoreapp3.1\nunittestproject.dll" id="369d8b6d-6b5f-c2d1-d938-37474ed850e0">
      <Execution id="115df86a-ade3-4843-9b6a-31e825898e08" />
      <TestMethod codeBase="C:\Projekty\NUnitTestProject\bin\Debug\netcoreapp3.1\NUnitTestProject.dll" adapterTypeName="executor://nunit3testexecutor/" className="NUnitTestProject.CurrencyHelperTests" name="FormatToStringTest1000(32632.105531036905d,&quot;32632.11 zł&quot;)" />
    </UnitTest>
    <UnitTest name="FormatToStringTest1000(626.135364110179d,&quot;626.14 zł&quot;)" storage="c:\projekty\nunittestproject\bin\debug\netcoreapp3.1\nunittestproject.dll" id="3c732fdd-347f-bf9b-4cee-87347d32525f">
      <Execution id="9b296978-d274-4861-b33f-c4188f330a21" />
      <TestMethod codeBase="C:\Projekty\NUnitTestProject\bin\Debug\netcoreapp3.1\NUnitTestProject.dll" adapterTypeName="executor://nunit3testexecutor/" className="NUnitTestProject.CurrencyHelperTests" name="FormatToStringTest1000(626.135364110179d,&quot;626.14 zł&quot;)" />
    </UnitTest>
    <UnitTest name="FormatToStringTest1000(28987.862854782896d,&quot;28987.86 zł&quot;)" storage="c:\projekty\nunittestproject\bin\debug\netcoreapp3.1\nunittestproject.dll" id="bd80c668-2405-22c1-740d-ec63dfd58306">
      <Execution id="0f2d8aba-442b-4679-b011-47dd082fe7fa" />
      <TestMethod codeBase="C:\Projekty\NUnitTestProject\bin\Debug\netcoreapp3.1\NUnitTestProject.dll" adapterTypeName="executor://nunit3testexecutor/" className="NUnitTestProject.CurrencyHelperTests" name="FormatToStringTest1000(28987.862854782896d,&quot;28987.86 zł&quot;)" />
    </UnitTest>
    <UnitTest name="FormatToStringTest1000(16825.83099003268d,&quot;16825.83 zł&quot;)" storage="c:\projekty\nunittestproject\bin\debug\netcoreapp3.1\nunittestproject.dll" id="299c3fd4-a01d-2a60-05c1-ad11698aa276">
      <Execution id="af21cca8-e734-47c8-b1c0-49dbb15d7ce4" />
      <TestMethod codeBase="C:\Projekty\NUnitTestProject\bin\Debug\netcoreapp3.1\NUnitTestProject.dll" adapterTypeName="executor://nunit3testexecutor/" className="NUnitTestProject.CurrencyHelperTests" name="FormatToStringTest1000(16825.83099003268d,&quot;16825.83 zł&quot;)" />
    </UnitTest>
    <UnitTest name="FormatToStringTest1000(2039.440966411699d,&quot;2039.44 zł&quot;)" storage="c:\projekty\nunittestproject\bin\debug\netcoreapp3.1\nunittestproject.dll" id="e24a4a8b-d823-3179-90dd-34c590157361">
      <Execution id="d235475c-abcf-4fdc-acc3-4c5d219e4273" />
      <TestMethod codeBase="C:\Projekty\NUnitTestProject\bin\Debug\netcoreapp3.1\NUnitTestProject.dll" adapterTypeName="executor://nunit3testexecutor/" className="NUnitTestProject.CurrencyHelperTests" name="FormatToStringTest1000(2039.440966411699d,&quot;2039.44 zł&quot;)" />
    </UnitTest>
    <UnitTest name="FormatToStringTest1000(9628.688698104437d,&quot;9628.69 zł&quot;)" storage="c:\projekty\nunittestproject\bin\debug\netcoreapp3.1\nunittestproject.dll" id="244a126b-865c-f129-c9cf-f22a9a00e343">
      <Execution id="ca801103-e88f-475c-b014-4ec3f6e0b0e9" />
      <TestMethod codeBase="C:\Projekty\NUnitTestProject\bin\Debug\netcoreapp3.1\NUnitTestProject.dll" adapterTypeName="executor://nunit3testexecutor/" className="NUnitTestProject.CurrencyHelperTests" name="FormatToStringTest1000(9628.688698104437d,&quot;9628.69 zł&quot;)" />
    </UnitTest>
    <UnitTest name="FormatToStringTest1000(32262.93788198984d,&quot;32262.94 zł&quot;)" storage="c:\projekty\nunittestproject\bin\debug\netcoreapp3.1\nunittestproject.dll" id="74c0130b-d063-4d59-6d84-18416c8beb4f">
      <Execution id="3302332d-c5f7-44d5-8e77-cfc990d38359" />
      <TestMethod codeBase="C:\Projekty\NUnitTestProject\bin\Debug\netcoreapp3.1\NUnitTestProject.dll" adapterTypeName="executor://nunit3testexecutor/" className="NUnitTestProject.CurrencyHelperTests" name="FormatToStringTest1000(32262.93788198984d,&quot;32262.94 zł&quot;)" />
    </UnitTest>
    <UnitTest name="FormatToStringTest1000(21573.45329517613d,&quot;21573.45 zł&quot;)" storage="c:\projekty\nunittestproject\bin\debug\netcoreapp3.1\nunittestproject.dll" id="e00200eb-3a34-f266-bd48-fa5530d514f6">
      <Execution id="d199b7d7-746d-418d-b715-d83b7b0555c5" />
      <TestMethod codeBase="C:\Projekty\NUnitTestProject\bin\Debug\netcoreapp3.1\NUnitTestProject.dll" adapterTypeName="executor://nunit3testexecutor/" className="NUnitTestProject.CurrencyHelperTests" name="FormatToStringTest1000(21573.45329517613d,&quot;21573.45 zł&quot;)" />
    </UnitTest>
    <UnitTest name="FormatToStringTest1000(7050.437505805137d,&quot;7050.44 zł&quot;)" storage="c:\projekty\nunittestproject\bin\debug\netcoreapp3.1\nunittestproject.dll" id="d5a3e949-dba8-8515-82f0-b4d3600a13aa">
      <Execution id="2e418bf5-edad-402a-99a9-04d23c0ebc4a" />
      <TestMethod codeBase="C:\Projekty\NUnitTestProject\bin\Debug\netcoreapp3.1\NUnitTestProject.dll" adapterTypeName="executor://nunit3testexecutor/" className="NUnitTestProject.CurrencyHelperTests" name="FormatToStringTest1000(7050.437505805137d,&quot;7050.44 zł&quot;)" />
    </UnitTest>
    <UnitTest name="FormatToStringTest1000(20640.678251201603d,&quot;20640.68 zł&quot;)" storage="c:\projekty\nunittestproject\bin\debug\netcoreapp3.1\nunittestproject.dll" id="a01314ec-fbb5-964d-0d33-e4eebe884133">
      <Execution id="99f384a8-fe62-487e-97d2-ed9ffacfcdaf" />
      <TestMethod codeBase="C:\Projekty\NUnitTestProject\bin\Debug\netcoreapp3.1\NUnitTestProject.dll" adapterTypeName="executor://nunit3testexecutor/" className="NUnitTestProject.CurrencyHelperTests" name="FormatToStringTest1000(20640.678251201603d,&quot;20640.68 zł&quot;)" />
    </UnitTest>
    <UnitTest name="FormatToStringTest1000(22197.731451777618d,&quot;22197.73 zł&quot;)" storage="c:\projekty\nunittestproject\bin\debug\netcoreapp3.1\nunittestproject.dll" id="b6ca1995-becc-76ce-0b28-eebf3dd3e464">
      <Execution id="d8dddc6c-49d3-47fd-aee8-c3312b7e769c" />
      <TestMethod codeBase="C:\Projekty\NUnitTestProject\bin\Debug\netcoreapp3.1\NUnitTestProject.dll" adapterTypeName="executor://nunit3testexecutor/" className="NUnitTestProject.CurrencyHelperTests" name="FormatToStringTest1000(22197.731451777618d,&quot;22197.73 zł&quot;)" />
    </UnitTest>
    <UnitTest name="FormatToStringTest1000(68770.73008707525d,&quot;68770.73 zł&quot;)" storage="c:\projekty\nunittestproject\bin\debug\netcoreapp3.1\nunittestproject.dll" id="6abd158c-e0bd-4354-9fac-ab6a832540d0">
      <Execution id="923e50ca-b6ef-463f-a89c-72523e41bf54" />
      <TestMethod codeBase="C:\Projekty\NUnitTestProject\bin\Debug\netcoreapp3.1\NUnitTestProject.dll" adapterTypeName="executor://nunit3testexecutor/" className="NUnitTestProject.CurrencyHelperTests" name="FormatToStringTest1000(68770.73008707525d,&quot;68770.73 zł&quot;)" />
    </UnitTest>
    <UnitTest name="FormatToStringTest1000(32051.900532446758d,&quot;32051.90 zł&quot;)" storage="c:\projekty\nunittestproject\bin\debug\netcoreapp3.1\nunittestproject.dll" id="af3111d5-b888-5828-d92f-ad0d56c13b83">
      <Execution id="11ff6c81-aed7-4fa2-ae8e-3f29539aa8a2" />
      <TestMethod codeBase="C:\Projekty\NUnitTestProject\bin\Debug\netcoreapp3.1\NUnitTestProject.dll" adapterTypeName="executor://nunit3testexecutor/" className="NUnitTestProject.CurrencyHelperTests" name="FormatToStringTest1000(32051.900532446758d,&quot;32051.90 zł&quot;)" />
    </UnitTest>
    <UnitTest name="FormatToStringTest1000(11624.834848273003d,&quot;11624.83 zł&quot;)" storage="c:\projekty\nunittestproject\bin\debug\netcoreapp3.1\nunittestproject.dll" id="8456fa24-5ecf-826b-4b12-9156253c47fe">
      <Execution id="2257aaff-0e07-4c41-8102-df866bd6bcf5" />
      <TestMethod codeBase="C:\Projekty\NUnitTestProject\bin\Debug\netcoreapp3.1\NUnitTestProject.dll" adapterTypeName="executor://nunit3testexecutor/" className="NUnitTestProject.CurrencyHelperTests" name="FormatToStringTest1000(11624.834848273003d,&quot;11624.83 zł&quot;)" />
    </UnitTest>
    <UnitTest name="FormatToStringTest1000(7004.710832051798d,&quot;7004.71 zł&quot;)" storage="c:\projekty\nunittestproject\bin\debug\netcoreapp3.1\nunittestproject.dll" id="0d3aed88-2598-0caa-458e-53fd2f6dc4e2">
      <Execution id="6e1b3ef3-315d-46bf-95f0-68802898d9f7" />
      <TestMethod codeBase="C:\Projekty\NUnitTestProject\bin\Debug\netcoreapp3.1\NUnitTestProject.dll" adapterTypeName="executor://nunit3testexecutor/" className="NUnitTestProject.CurrencyHelperTests" name="FormatToStringTest1000(7004.710832051798d,&quot;7004.71 zł&quot;)" />
    </UnitTest>
    <UnitTest name="FormatToStringTest1000(2390.7596313784643d,&quot;2390.76 zł&quot;)" storage="c:\projekty\nunittestproject\bin\debug\netcoreapp3.1\nunittestproject.dll" id="ae67d523-2929-36b8-f281-40940e5c29bb">
      <Execution id="a48c6bb8-9d50-4db1-ad8e-3bea3b04cb39" />
      <TestMethod codeBase="C:\Projekty\NUnitTestProject\bin\Debug\netcoreapp3.1\NUnitTestProject.dll" adapterTypeName="executor://nunit3testexecutor/" className="NUnitTestProject.CurrencyHelperTests" name="FormatToStringTest1000(2390.7596313784643d,&quot;2390.76 zł&quot;)" />
    </UnitTest>
    <UnitTest name="FormatToStringTest1000(45887.58415794167d,&quot;45887.58 zł&quot;)" storage="c:\projekty\nunittestproject\bin\debug\netcoreapp3.1\nunittestproject.dll" id="23390089-a1b0-0859-3cf4-aeec4a54a63a">
      <Execution id="ee10c7bb-087c-48dd-99ad-7cd3b5736904" />
      <TestMethod codeBase="C:\Projekty\NUnitTestProject\bin\Debug\netcoreapp3.1\NUnitTestProject.dll" adapterTypeName="executor://nunit3testexecutor/" className="NUnitTestProject.CurrencyHelperTests" name="FormatToStringTest1000(45887.58415794167d,&quot;45887.58 zł&quot;)" />
    </UnitTest>
    <UnitTest name="FormatToStringTest1000(48544.390887578666d,&quot;48544.39 zł&quot;)" storage="c:\projekty\nunittestproject\bin\debug\netcoreapp3.1\nunittestproject.dll" id="6b63c191-3bae-08f6-ef80-e9550ed318c7">
      <Execution id="7d8378c7-ce33-4a21-a91a-94c4b90505d2" />
      <TestMethod codeBase="C:\Projekty\NUnitTestProject\bin\Debug\netcoreapp3.1\NUnitTestProject.dll" adapterTypeName="executor://nunit3testexecutor/" className="NUnitTestProject.CurrencyHelperTests" name="FormatToStringTest1000(48544.390887578666d,&quot;48544.39 zł&quot;)" />
    </UnitTest>
    <UnitTest name="FormatToStringTest1000(918.1842976688334d,&quot;918.18 zł&quot;)" storage="c:\projekty\nunittestproject\bin\debug\netcoreapp3.1\nunittestproject.dll" id="e4cccfe6-fb6d-a0d6-3337-e528b068adae">
      <Execution id="5b889c33-d268-43b7-b94e-66a5c70b49a4" />
      <TestMethod codeBase="C:\Projekty\NUnitTestProject\bin\Debug\netcoreapp3.1\NUnitTestProject.dll" adapterTypeName="executor://nunit3testexecutor/" className="NUnitTestProject.CurrencyHelperTests" name="FormatToStringTest1000(918.1842976688334d,&quot;918.18 zł&quot;)" />
    </UnitTest>
    <UnitTest name="FormatToStringTest1000(37561.969571757116d,&quot;37561.97 zł&quot;)" storage="c:\projekty\nunittestproject\bin\debug\netcoreapp3.1\nunittestproject.dll" id="0ea957ac-53f2-c077-4d23-d56d0a5f77c4">
      <Execution id="792d6d2d-b39b-41fc-a0e6-7eef534bd1d7" />
      <TestMethod codeBase="C:\Projekty\NUnitTestProject\bin\Debug\netcoreapp3.1\NUnitTestProject.dll" adapterTypeName="executor://nunit3testexecutor/" className="NUnitTestProject.CurrencyHelperTests" name="FormatToStringTest1000(37561.969571757116d,&quot;37561.97 zł&quot;)" />
    </UnitTest>
    <UnitTest name="FormatToStringTest1000(68011.49219071423d,&quot;68011.49 zł&quot;)" storage="c:\projekty\nunittestproject\bin\debug\netcoreapp3.1\nunittestproject.dll" id="fb944051-8a30-bb84-bc2a-dc4270028415">
      <Execution id="705b5e04-3b2e-48c6-a8fa-ae468a6ca9ca" />
      <TestMethod codeBase="C:\Projekty\NUnitTestProject\bin\Debug\netcoreapp3.1\NUnitTestProject.dll" adapterTypeName="executor://nunit3testexecutor/" className="NUnitTestProject.CurrencyHelperTests" name="FormatToStringTest1000(68011.49219071423d,&quot;68011.49 zł&quot;)" />
    </UnitTest>
    <UnitTest name="FormatToStringTest1000(10857.521742201186d,&quot;10857.52 zł&quot;)" storage="c:\projekty\nunittestproject\bin\debug\netcoreapp3.1\nunittestproject.dll" id="a73c4b3c-3d13-f62c-d2e5-567ad0be5c42">
      <Execution id="1cdf0c0c-d19e-4354-8ac7-36cd8473c4ab" />
      <TestMethod codeBase="C:\Projekty\NUnitTestProject\bin\Debug\netcoreapp3.1\NUnitTestProject.dll" adapterTypeName="executor://nunit3testexecutor/" className="NUnitTestProject.CurrencyHelperTests" name="FormatToStringTest1000(10857.521742201186d,&quot;10857.52 zł&quot;)" />
    </UnitTest>
    <UnitTest name="FormatToStringTest1000(17232.486162219426d,&quot;17232.49 zł&quot;)" storage="c:\projekty\nunittestproject\bin\debug\netcoreapp3.1\nunittestproject.dll" id="4951aa5a-960f-b892-8f82-3d3748c1e3da">
      <Execution id="d29d7aa7-cfd1-48f6-a009-b228d8163893" />
      <TestMethod codeBase="C:\Projekty\NUnitTestProject\bin\Debug\netcoreapp3.1\NUnitTestProject.dll" adapterTypeName="executor://nunit3testexecutor/" className="NUnitTestProject.CurrencyHelperTests" name="FormatToStringTest1000(17232.486162219426d,&quot;17232.49 zł&quot;)" />
    </UnitTest>
    <UnitTest name="FormatToStringTest1000(10965.74607995746d,&quot;10965.75 zł&quot;)" storage="c:\projekty\nunittestproject\bin\debug\netcoreapp3.1\nunittestproject.dll" id="8879b9b8-0100-f390-31c6-fdcbdf8a4f83">
      <Execution id="7b89052d-bd42-4142-bc13-7769323254e4" />
      <TestMethod codeBase="C:\Projekty\NUnitTestProject\bin\Debug\netcoreapp3.1\NUnitTestProject.dll" adapterTypeName="executor://nunit3testexecutor/" className="NUnitTestProject.CurrencyHelperTests" name="FormatToStringTest1000(10965.74607995746d,&quot;10965.75 zł&quot;)" />
    </UnitTest>
    <UnitTest name="FormatToStringTest1000(17418.31302247863d,&quot;17418.31 zł&quot;)" storage="c:\projekty\nunittestproject\bin\debug\netcoreapp3.1\nunittestproject.dll" id="a8b1a1f3-a70e-7194-337a-f959c6974971">
      <Execution id="2570b7ef-ecf9-439d-8473-3a3c3a1057b4" />
      <TestMethod codeBase="C:\Projekty\NUnitTestProject\bin\Debug\netcoreapp3.1\NUnitTestProject.dll" adapterTypeName="executor://nunit3testexecutor/" className="NUnitTestProject.CurrencyHelperTests" name="FormatToStringTest1000(17418.31302247863d,&quot;17418.31 zł&quot;)" />
    </UnitTest>
    <UnitTest name="FormatToStringTest1000(3646.857719214101d,&quot;3646.86 zł&quot;)" storage="c:\projekty\nunittestproject\bin\debug\netcoreapp3.1\nunittestproject.dll" id="f28b795b-c425-f0b1-e6d2-05ca8e559551">
      <Execution id="cdb48ec3-85bd-4f96-bbde-fd5684702e12" />
      <TestMethod codeBase="C:\Projekty\NUnitTestProject\bin\Debug\netcoreapp3.1\NUnitTestProject.dll" adapterTypeName="executor://nunit3testexecutor/" className="NUnitTestProject.CurrencyHelperTests" name="FormatToStringTest1000(3646.857719214101d,&quot;3646.86 zł&quot;)" />
    </UnitTest>
    <UnitTest name="FormatToStringTest1000(41915.7945284563d,&quot;41915.79 zł&quot;)" storage="c:\projekty\nunittestproject\bin\debug\netcoreapp3.1\nunittestproject.dll" id="619c3bdd-52f6-f473-bd0e-a552a532adf7">
      <Execution id="1cdfbd15-9da8-4462-b5a6-f02efac78fbb" />
      <TestMethod codeBase="C:\Projekty\NUnitTestProject\bin\Debug\netcoreapp3.1\NUnitTestProject.dll" adapterTypeName="executor://nunit3testexecutor/" className="NUnitTestProject.CurrencyHelperTests" name="FormatToStringTest1000(41915.7945284563d,&quot;41915.79 zł&quot;)" />
    </UnitTest>
    <UnitTest name="FormatToStringTest1000(43424.45140075332d,&quot;43424.45 zł&quot;)" storage="c:\projekty\nunittestproject\bin\debug\netcoreapp3.1\nunittestproject.dll" id="a2324ec9-fe68-9e74-cace-8efe295e824d">
      <Execution id="edb45702-303f-4f16-87f2-f5e5f8b58acc" />
      <TestMethod codeBase="C:\Projekty\NUnitTestProject\bin\Debug\netcoreapp3.1\NUnitTestProject.dll" adapterTypeName="executor://nunit3testexecutor/" className="NUnitTestProject.CurrencyHelperTests" name="FormatToStringTest1000(43424.45140075332d,&quot;43424.45 zł&quot;)" />
    </UnitTest>
    <UnitTest name="FormatToStringTest1000(31391.358864880804d,&quot;31391.36 zł&quot;)" storage="c:\projekty\nunittestproject\bin\debug\netcoreapp3.1\nunittestproject.dll" id="a9bc5968-881f-208e-3a3a-e085883b32c4">
      <Execution id="a13cb8ec-8b6b-458a-a069-c404b13b64a1" />
      <TestMethod codeBase="C:\Projekty\NUnitTestProject\bin\Debug\netcoreapp3.1\NUnitTestProject.dll" adapterTypeName="executor://nunit3testexecutor/" className="NUnitTestProject.CurrencyHelperTests" name="FormatToStringTest1000(31391.358864880804d,&quot;31391.36 zł&quot;)" />
    </UnitTest>
    <UnitTest name="FormatToStringTest1000(4525.609305084501d,&quot;4525.61 zł&quot;)" storage="c:\projekty\nunittestproject\bin\debug\netcoreapp3.1\nunittestproject.dll" id="c8d9f475-0d2c-01ff-49f8-896beab958d5">
      <Execution id="9eed4626-877a-41e6-af36-0b6ff6c92b29" />
      <TestMethod codeBase="C:\Projekty\NUnitTestProject\bin\Debug\netcoreapp3.1\NUnitTestProject.dll" adapterTypeName="executor://nunit3testexecutor/" className="NUnitTestProject.CurrencyHelperTests" name="FormatToStringTest1000(4525.609305084501d,&quot;4525.61 zł&quot;)" />
    </UnitTest>
    <UnitTest name="FormatToStringTest1000(72802.68569213277d,&quot;72802.69 zł&quot;)" storage="c:\projekty\nunittestproject\bin\debug\netcoreapp3.1\nunittestproject.dll" id="f9ec4424-0f09-8ce8-d044-ac97ec1d16a8">
      <Execution id="0c98d8b9-3b55-4884-875c-f3e02fe7aa41" />
      <TestMethod codeBase="C:\Projekty\NUnitTestProject\bin\Debug\netcoreapp3.1\NUnitTestProject.dll" adapterTypeName="executor://nunit3testexecutor/" className="NUnitTestProject.CurrencyHelperTests" name="FormatToStringTest1000(72802.68569213277d,&quot;72802.69 zł&quot;)" />
    </UnitTest>
    <UnitTest name="FormatToStringTest1000(6057.842750804426d,&quot;6057.84 zł&quot;)" storage="c:\projekty\nunittestproject\bin\debug\netcoreapp3.1\nunittestproject.dll" id="96aa3d29-1365-f48b-4ac9-cdc761ea41b1">
      <Execution id="53f54f48-ee72-4bea-a271-38e6185b76af" />
      <TestMethod codeBase="C:\Projekty\NUnitTestProject\bin\Debug\netcoreapp3.1\NUnitTestProject.dll" adapterTypeName="executor://nunit3testexecutor/" className="NUnitTestProject.CurrencyHelperTests" name="FormatToStringTest1000(6057.842750804426d,&quot;6057.84 zł&quot;)" />
    </UnitTest>
    <UnitTest name="FormatToStringTest1000(5140.16338917155d,&quot;5140.16 zł&quot;)" storage="c:\projekty\nunittestproject\bin\debug\netcoreapp3.1\nunittestproject.dll" id="832e2e19-99a8-b743-8cd7-c0180c963ece">
      <Execution id="bc0b6015-bd18-475e-b3f3-ce3ce2ff833e" />
      <TestMethod codeBase="C:\Projekty\NUnitTestProject\bin\Debug\netcoreapp3.1\NUnitTestProject.dll" adapterTypeName="executor://nunit3testexecutor/" className="NUnitTestProject.CurrencyHelperTests" name="FormatToStringTest1000(5140.16338917155d,&quot;5140.16 zł&quot;)" />
    </UnitTest>
    <UnitTest name="FormatToStringTest1000(59283.48311990662d,&quot;59283.48 zł&quot;)" storage="c:\projekty\nunittestproject\bin\debug\netcoreapp3.1\nunittestproject.dll" id="c3298b2d-9863-1896-98e3-77805a105e1c">
      <Execution id="0126f007-7f8c-4365-b95e-05fca0e49780" />
      <TestMethod codeBase="C:\Projekty\NUnitTestProject\bin\Debug\netcoreapp3.1\NUnitTestProject.dll" adapterTypeName="executor://nunit3testexecutor/" className="NUnitTestProject.CurrencyHelperTests" name="FormatToStringTest1000(59283.48311990662d,&quot;59283.48 zł&quot;)" />
    </UnitTest>
    <UnitTest name="FormatToStringTest1000(79339.95632144621d,&quot;79339.96 zł&quot;)" storage="c:\projekty\nunittestproject\bin\debug\netcoreapp3.1\nunittestproject.dll" id="0a21bad2-cce1-7c33-3af3-a6f4c4389e98">
      <Execution id="b7e3faa4-eb62-4dba-813b-afdbc3c5d311" />
      <TestMethod codeBase="C:\Projekty\NUnitTestProject\bin\Debug\netcoreapp3.1\NUnitTestProject.dll" adapterTypeName="executor://nunit3testexecutor/" className="NUnitTestProject.CurrencyHelperTests" name="FormatToStringTest1000(79339.95632144621d,&quot;79339.96 zł&quot;)" />
    </UnitTest>
    <UnitTest name="FormatToStringTest1000(1228.101744225296d,&quot;1228.10 zł&quot;)" storage="c:\projekty\nunittestproject\bin\debug\netcoreapp3.1\nunittestproject.dll" id="11067e87-9b88-327c-9a0f-dda26b0288cb">
      <Execution id="52a23f93-499b-4c03-b0c9-04dbc4d75c46" />
      <TestMethod codeBase="C:\Projekty\NUnitTestProject\bin\Debug\netcoreapp3.1\NUnitTestProject.dll" adapterTypeName="executor://nunit3testexecutor/" className="NUnitTestProject.CurrencyHelperTests" name="FormatToStringTest1000(1228.101744225296d,&quot;1228.10 zł&quot;)" />
    </UnitTest>
    <UnitTest name="FormatToStringTest1000(34084.19497795599d,&quot;34084.19 zł&quot;)" storage="c:\projekty\nunittestproject\bin\debug\netcoreapp3.1\nunittestproject.dll" id="a01cdd42-8e33-6253-38cb-1cb271d958f4">
      <Execution id="7428e998-d2e0-484d-964b-96cb95ba2665" />
      <TestMethod codeBase="C:\Projekty\NUnitTestProject\bin\Debug\netcoreapp3.1\NUnitTestProject.dll" adapterTypeName="executor://nunit3testexecutor/" className="NUnitTestProject.CurrencyHelperTests" name="FormatToStringTest1000(34084.19497795599d,&quot;34084.19 zł&quot;)" />
    </UnitTest>
    <UnitTest name="FormatToStringTest1000(1814.7218118955948d,&quot;1814.72 zł&quot;)" storage="c:\projekty\nunittestproject\bin\debug\netcoreapp3.1\nunittestproject.dll" id="74b92fed-1c7d-84ea-101d-b4ba0f959527">
      <Execution id="d675172f-7fde-4ce4-b0e2-cd93b8e4b5cd" />
      <TestMethod codeBase="C:\Projekty\NUnitTestProject\bin\Debug\netcoreapp3.1\NUnitTestProject.dll" adapterTypeName="executor://nunit3testexecutor/" className="NUnitTestProject.CurrencyHelperTests" name="FormatToStringTest1000(1814.7218118955948d,&quot;1814.72 zł&quot;)" />
    </UnitTest>
    <UnitTest name="FormatToStringTest1000(20752.33758466334d,&quot;20752.34 zł&quot;)" storage="c:\projekty\nunittestproject\bin\debug\netcoreapp3.1\nunittestproject.dll" id="a2f90830-dfa6-05f0-71fa-365928f71cdd">
      <Execution id="3e7907ce-f2c0-4b08-87e6-c4754b4357f9" />
      <TestMethod codeBase="C:\Projekty\NUnitTestProject\bin\Debug\netcoreapp3.1\NUnitTestProject.dll" adapterTypeName="executor://nunit3testexecutor/" className="NUnitTestProject.CurrencyHelperTests" name="FormatToStringTest1000(20752.33758466334d,&quot;20752.34 zł&quot;)" />
    </UnitTest>
    <UnitTest name="FormatToStringTest1000(10501.127379151585d,&quot;10501.13 zł&quot;)" storage="c:\projekty\nunittestproject\bin\debug\netcoreapp3.1\nunittestproject.dll" id="826ac225-455e-4413-4415-8bc54c5b4d09">
      <Execution id="4a37ae9e-2849-4f19-b99c-ce23ccab2ca5" />
      <TestMethod codeBase="C:\Projekty\NUnitTestProject\bin\Debug\netcoreapp3.1\NUnitTestProject.dll" adapterTypeName="executor://nunit3testexecutor/" className="NUnitTestProject.CurrencyHelperTests" name="FormatToStringTest1000(10501.127379151585d,&quot;10501.13 zł&quot;)" />
    </UnitTest>
    <UnitTest name="FormatToStringTest1000(1896.1704506483723d,&quot;1896.17 zł&quot;)" storage="c:\projekty\nunittestproject\bin\debug\netcoreapp3.1\nunittestproject.dll" id="a7c76906-c1d7-0c9c-096c-a6235194b8e7">
      <Execution id="8d2c6bad-11ed-4cb1-a024-6c2823de1c09" />
      <TestMethod codeBase="C:\Projekty\NUnitTestProject\bin\Debug\netcoreapp3.1\NUnitTestProject.dll" adapterTypeName="executor://nunit3testexecutor/" className="NUnitTestProject.CurrencyHelperTests" name="FormatToStringTest1000(1896.1704506483723d,&quot;1896.17 zł&quot;)" />
    </UnitTest>
    <UnitTest name="FormatToStringTest1000(21693.340115174808d,&quot;21693.34 zł&quot;)" storage="c:\projekty\nunittestproject\bin\debug\netcoreapp3.1\nunittestproject.dll" id="70fae426-3482-001e-3d7c-925da7888589">
      <Execution id="4aab1d8b-3c30-47f0-ac42-32027564a329" />
      <TestMethod codeBase="C:\Projekty\NUnitTestProject\bin\Debug\netcoreapp3.1\NUnitTestProject.dll" adapterTypeName="executor://nunit3testexecutor/" className="NUnitTestProject.CurrencyHelperTests" name="FormatToStringTest1000(21693.340115174808d,&quot;21693.34 zł&quot;)" />
    </UnitTest>
    <UnitTest name="FormatToStringTest1000(71554.9786298829d,&quot;71554.98 zł&quot;)" storage="c:\projekty\nunittestproject\bin\debug\netcoreapp3.1\nunittestproject.dll" id="3b6adeb2-dcf4-fb95-f3e8-26dcad169d8e">
      <Execution id="cd894c24-0d54-4f14-a93b-e84544018127" />
      <TestMethod codeBase="C:\Projekty\NUnitTestProject\bin\Debug\netcoreapp3.1\NUnitTestProject.dll" adapterTypeName="executor://nunit3testexecutor/" className="NUnitTestProject.CurrencyHelperTests" name="FormatToStringTest1000(71554.9786298829d,&quot;71554.98 zł&quot;)" />
    </UnitTest>
    <UnitTest name="FormatToStringTest1000(2901.9683054191846d,&quot;2901.97 zł&quot;)" storage="c:\projekty\nunittestproject\bin\debug\netcoreapp3.1\nunittestproject.dll" id="5fffab77-5cc8-a871-bcdb-d0b800ab8840">
      <Execution id="72fca8ba-d337-4bd9-ad04-0140cea187f0" />
      <TestMethod codeBase="C:\Projekty\NUnitTestProject\bin\Debug\netcoreapp3.1\NUnitTestProject.dll" adapterTypeName="executor://nunit3testexecutor/" className="NUnitTestProject.CurrencyHelperTests" name="FormatToStringTest1000(2901.9683054191846d,&quot;2901.97 zł&quot;)" />
    </UnitTest>
    <UnitTest name="FormatToStringTest1000(13092.45389243609d,&quot;13092.45 zł&quot;)" storage="c:\projekty\nunittestproject\bin\debug\netcoreapp3.1\nunittestproject.dll" id="9e338ff4-5402-3f35-08f3-bafb7669b187">
      <Execution id="fbd4b8d2-c930-4d42-b789-875932f52a34" />
      <TestMethod codeBase="C:\Projekty\NUnitTestProject\bin\Debug\netcoreapp3.1\NUnitTestProject.dll" adapterTypeName="executor://nunit3testexecutor/" className="NUnitTestProject.CurrencyHelperTests" name="FormatToStringTest1000(13092.45389243609d,&quot;13092.45 zł&quot;)" />
    </UnitTest>
    <UnitTest name="FormatToStringTest1000(14172.682747822573d,&quot;14172.68 zł&quot;)" storage="c:\projekty\nunittestproject\bin\debug\netcoreapp3.1\nunittestproject.dll" id="d0b4fe44-6c66-e0d0-90f7-7f93ef97fe01">
      <Execution id="e623ce95-6836-46b8-96d7-e298c8dda44c" />
      <TestMethod codeBase="C:\Projekty\NUnitTestProject\bin\Debug\netcoreapp3.1\NUnitTestProject.dll" adapterTypeName="executor://nunit3testexecutor/" className="NUnitTestProject.CurrencyHelperTests" name="FormatToStringTest1000(14172.682747822573d,&quot;14172.68 zł&quot;)" />
    </UnitTest>
    <UnitTest name="FormatToStringTest1000(4612.32080757633d,&quot;4612.32 zł&quot;)" storage="c:\projekty\nunittestproject\bin\debug\netcoreapp3.1\nunittestproject.dll" id="e2a03079-8dae-3d38-3cf5-f27f7a4202a4">
      <Execution id="5358d7c1-c1c9-418c-8525-4a31e15d5532" />
      <TestMethod codeBase="C:\Projekty\NUnitTestProject\bin\Debug\netcoreapp3.1\NUnitTestProject.dll" adapterTypeName="executor://nunit3testexecutor/" className="NUnitTestProject.CurrencyHelperTests" name="FormatToStringTest1000(4612.32080757633d,&quot;4612.32 zł&quot;)" />
    </UnitTest>
    <UnitTest name="FormatToStringTest1000(21785.42157155528d,&quot;21785.42 zł&quot;)" storage="c:\projekty\nunittestproject\bin\debug\netcoreapp3.1\nunittestproject.dll" id="5fd56893-4697-a123-e3df-f5a8329247bd">
      <Execution id="b8c70581-762f-472a-bce1-b4a6f1032bdb" />
      <TestMethod codeBase="C:\Projekty\NUnitTestProject\bin\Debug\netcoreapp3.1\NUnitTestProject.dll" adapterTypeName="executor://nunit3testexecutor/" className="NUnitTestProject.CurrencyHelperTests" name="FormatToStringTest1000(21785.42157155528d,&quot;21785.42 zł&quot;)" />
    </UnitTest>
    <UnitTest name="FormatToStringTest1000(16511.26921423537d,&quot;16511.27 zł&quot;)" storage="c:\projekty\nunittestproject\bin\debug\netcoreapp3.1\nunittestproject.dll" id="e0f11812-ae84-56fe-380e-aa4471665fb8">
      <Execution id="183e3b15-b3ea-44e6-840c-5a2caf4f496f" />
      <TestMethod codeBase="C:\Projekty\NUnitTestProject\bin\Debug\netcoreapp3.1\NUnitTestProject.dll" adapterTypeName="executor://nunit3testexecutor/" className="NUnitTestProject.CurrencyHelperTests" name="FormatToStringTest1000(16511.26921423537d,&quot;16511.27 zł&quot;)" />
    </UnitTest>
    <UnitTest name="FormatToStringTest1000(9151.103070427245d,&quot;9151.10 zł&quot;)" storage="c:\projekty\nunittestproject\bin\debug\netcoreapp3.1\nunittestproject.dll" id="d9e3c39e-a746-2b8a-5354-8ea82331bcd9">
      <Execution id="c6e7e26e-c44d-45cc-8b06-e435fde80755" />
      <TestMethod codeBase="C:\Projekty\NUnitTestProject\bin\Debug\netcoreapp3.1\NUnitTestProject.dll" adapterTypeName="executor://nunit3testexecutor/" className="NUnitTestProject.CurrencyHelperTests" name="FormatToStringTest1000(9151.103070427245d,&quot;9151.10 zł&quot;)" />
    </UnitTest>
    <UnitTest name="FormatToStringTest1000(545.7016866634142d,&quot;545.70 zł&quot;)" storage="c:\projekty\nunittestproject\bin\debug\netcoreapp3.1\nunittestproject.dll" id="b639588e-b414-82b2-fe24-5fe49a4a3ad3">
      <Execution id="3c4b1133-33fb-4567-9e06-3618d0a659e8" />
      <TestMethod codeBase="C:\Projekty\NUnitTestProject\bin\Debug\netcoreapp3.1\NUnitTestProject.dll" adapterTypeName="executor://nunit3testexecutor/" className="NUnitTestProject.CurrencyHelperTests" name="FormatToStringTest1000(545.7016866634142d,&quot;545.70 zł&quot;)" />
    </UnitTest>
    <UnitTest name="FormatToStringTest1000(11912.404131636213d,&quot;11912.40 zł&quot;)" storage="c:\projekty\nunittestproject\bin\debug\netcoreapp3.1\nunittestproject.dll" id="f5d3f3a5-bbac-e5c0-6089-8d38dd4249c8">
      <Execution id="b7632953-5046-42e9-a1b2-54fdab62c551" />
      <TestMethod codeBase="C:\Projekty\NUnitTestProject\bin\Debug\netcoreapp3.1\NUnitTestProject.dll" adapterTypeName="executor://nunit3testexecutor/" className="NUnitTestProject.CurrencyHelperTests" name="FormatToStringTest1000(11912.404131636213d,&quot;11912.40 zł&quot;)" />
    </UnitTest>
    <UnitTest name="FormatToStringTest1000(15411.371650797022d,&quot;15411.37 zł&quot;)" storage="c:\projekty\nunittestproject\bin\debug\netcoreapp3.1\nunittestproject.dll" id="4a4334b0-5451-8696-5200-0bdb59e2a710">
      <Execution id="f93067ea-7cb9-4057-9bbb-c7219a8e2528" />
      <TestMethod codeBase="C:\Projekty\NUnitTestProject\bin\Debug\netcoreapp3.1\NUnitTestProject.dll" adapterTypeName="executor://nunit3testexecutor/" className="NUnitTestProject.CurrencyHelperTests" name="FormatToStringTest1000(15411.371650797022d,&quot;15411.37 zł&quot;)" />
    </UnitTest>
    <UnitTest name="FormatToStringTest1000(40857.08543233996d,&quot;40857.09 zł&quot;)" storage="c:\projekty\nunittestproject\bin\debug\netcoreapp3.1\nunittestproject.dll" id="43552c47-f44b-17a4-1647-f8068fe18052">
      <Execution id="2a09ae3b-b9d8-4af0-b7a2-56e560887b29" />
      <TestMethod codeBase="C:\Projekty\NUnitTestProject\bin\Debug\netcoreapp3.1\NUnitTestProject.dll" adapterTypeName="executor://nunit3testexecutor/" className="NUnitTestProject.CurrencyHelperTests" name="FormatToStringTest1000(40857.08543233996d,&quot;40857.09 zł&quot;)" />
    </UnitTest>
    <UnitTest name="FormatToStringTest1000(38076.55319665165d,&quot;38076.55 zł&quot;)" storage="c:\projekty\nunittestproject\bin\debug\netcoreapp3.1\nunittestproject.dll" id="3e825b25-6db1-d72d-ab5d-475a3a46b642">
      <Execution id="20ef9ba5-7f82-4951-922c-ac461cac9534" />
      <TestMethod codeBase="C:\Projekty\NUnitTestProject\bin\Debug\netcoreapp3.1\NUnitTestProject.dll" adapterTypeName="executor://nunit3testexecutor/" className="NUnitTestProject.CurrencyHelperTests" name="FormatToStringTest1000(38076.55319665165d,&quot;38076.55 zł&quot;)" />
    </UnitTest>
    <UnitTest name="FormatToStringTest1000(1549.6599114973376d,&quot;1549.66 zł&quot;)" storage="c:\projekty\nunittestproject\bin\debug\netcoreapp3.1\nunittestproject.dll" id="8abfbe45-c0d6-8f72-7af8-564a66d7cb48">
      <Execution id="1c42f285-1d53-42dc-aea7-43c72768a7fe" />
      <TestMethod codeBase="C:\Projekty\NUnitTestProject\bin\Debug\netcoreapp3.1\NUnitTestProject.dll" adapterTypeName="executor://nunit3testexecutor/" className="NUnitTestProject.CurrencyHelperTests" name="FormatToStringTest1000(1549.6599114973376d,&quot;1549.66 zł&quot;)" />
    </UnitTest>
    <UnitTest name="FormatToStringTest1000(19500.031951036784d,&quot;19500.03 zł&quot;)" storage="c:\projekty\nunittestproject\bin\debug\netcoreapp3.1\nunittestproject.dll" id="113c211f-ff70-231a-7b9d-03413cd134d7">
      <Execution id="2af120d0-0f2e-4d7a-bd97-1e68848b26b8" />
      <TestMethod codeBase="C:\Projekty\NUnitTestProject\bin\Debug\netcoreapp3.1\NUnitTestProject.dll" adapterTypeName="executor://nunit3testexecutor/" className="NUnitTestProject.CurrencyHelperTests" name="FormatToStringTest1000(19500.031951036784d,&quot;19500.03 zł&quot;)" />
    </UnitTest>
    <UnitTest name="FormatToStringTest1000(47393.54939526671d,&quot;47393.55 zł&quot;)" storage="c:\projekty\nunittestproject\bin\debug\netcoreapp3.1\nunittestproject.dll" id="4ae6f156-51db-bc15-8975-b99fe55a99a8">
      <Execution id="28dff9e3-bba6-4799-866d-33f8a790fb84" />
      <TestMethod codeBase="C:\Projekty\NUnitTestProject\bin\Debug\netcoreapp3.1\NUnitTestProject.dll" adapterTypeName="executor://nunit3testexecutor/" className="NUnitTestProject.CurrencyHelperTests" name="FormatToStringTest1000(47393.54939526671d,&quot;47393.55 zł&quot;)" />
    </UnitTest>
    <UnitTest name="FormatToStringTest1000(15639.704937780603d,&quot;15639.70 zł&quot;)" storage="c:\projekty\nunittestproject\bin\debug\netcoreapp3.1\nunittestproject.dll" id="a791af51-cffc-4361-1fd8-8baf48da92e6">
      <Execution id="b0b5cb6e-6746-4b92-afd5-4b5c03fe72cc" />
      <TestMethod codeBase="C:\Projekty\NUnitTestProject\bin\Debug\netcoreapp3.1\NUnitTestProject.dll" adapterTypeName="executor://nunit3testexecutor/" className="NUnitTestProject.CurrencyHelperTests" name="FormatToStringTest1000(15639.704937780603d,&quot;15639.70 zł&quot;)" />
    </UnitTest>
    <UnitTest name="FormatToStringTest1000(27050.586848031067d,&quot;27050.59 zł&quot;)" storage="c:\projekty\nunittestproject\bin\debug\netcoreapp3.1\nunittestproject.dll" id="9bb26f6e-1e2c-da60-973e-eeca518679d1">
      <Execution id="c61fd74c-1d99-4300-a742-e71bb1ffb37a" />
      <TestMethod codeBase="C:\Projekty\NUnitTestProject\bin\Debug\netcoreapp3.1\NUnitTestProject.dll" adapterTypeName="executor://nunit3testexecutor/" className="NUnitTestProject.CurrencyHelperTests" name="FormatToStringTest1000(27050.586848031067d,&quot;27050.59 zł&quot;)" />
    </UnitTest>
    <UnitTest name="FormatToStringTest1000(24825.207513729205d,&quot;24825.21 zł&quot;)" storage="c:\projekty\nunittestproject\bin\debug\netcoreapp3.1\nunittestproject.dll" id="03d957f5-33ed-c0eb-c948-6ece846430f3">
      <Execution id="9a139885-3c0f-4b38-80c8-62e050f2fb7e" />
      <TestMethod codeBase="C:\Projekty\NUnitTestProject\bin\Debug\netcoreapp3.1\NUnitTestProject.dll" adapterTypeName="executor://nunit3testexecutor/" className="NUnitTestProject.CurrencyHelperTests" name="FormatToStringTest1000(24825.207513729205d,&quot;24825.21 zł&quot;)" />
    </UnitTest>
    <UnitTest name="FormatToStringTest1000(96261.84883437205d,&quot;96261.85 zł&quot;)" storage="c:\projekty\nunittestproject\bin\debug\netcoreapp3.1\nunittestproject.dll" id="c350fedf-0a65-57f7-f133-063ae7c0e4c8">
      <Execution id="d9c45d11-7159-49f1-9792-64f0bee69f24" />
      <TestMethod codeBase="C:\Projekty\NUnitTestProject\bin\Debug\netcoreapp3.1\NUnitTestProject.dll" adapterTypeName="executor://nunit3testexecutor/" className="NUnitTestProject.CurrencyHelperTests" name="FormatToStringTest1000(96261.84883437205d,&quot;96261.85 zł&quot;)" />
    </UnitTest>
    <UnitTest name="FormatToStringTest1000(743.047944508981d,&quot;743.05 zł&quot;)" storage="c:\projekty\nunittestproject\bin\debug\netcoreapp3.1\nunittestproject.dll" id="05a32b6d-38a3-d790-fab1-ef7fcb38fd6c">
      <Execution id="6bb3cee8-f533-4ab9-9f5f-792d4080c532" />
      <TestMethod codeBase="C:\Projekty\NUnitTestProject\bin\Debug\netcoreapp3.1\NUnitTestProject.dll" adapterTypeName="executor://nunit3testexecutor/" className="NUnitTestProject.CurrencyHelperTests" name="FormatToStringTest1000(743.047944508981d,&quot;743.05 zł&quot;)" />
    </UnitTest>
    <UnitTest name="FormatToStringTest1000(7813.027778348433d,&quot;7813.03 zł&quot;)" storage="c:\projekty\nunittestproject\bin\debug\netcoreapp3.1\nunittestproject.dll" id="7b5400c4-5377-7ac8-dd1c-7b695cb4115f">
      <Execution id="ee3f74b1-b597-42e8-89c8-a02204af7c85" />
      <TestMethod codeBase="C:\Projekty\NUnitTestProject\bin\Debug\netcoreapp3.1\NUnitTestProject.dll" adapterTypeName="executor://nunit3testexecutor/" className="NUnitTestProject.CurrencyHelperTests" name="FormatToStringTest1000(7813.027778348433d,&quot;7813.03 zł&quot;)" />
    </UnitTest>
    <UnitTest name="FormatToStringTest1000(7396.940188290057d,&quot;7396.94 zł&quot;)" storage="c:\projekty\nunittestproject\bin\debug\netcoreapp3.1\nunittestproject.dll" id="eb615c68-e5d1-28d7-b038-0571a7587ad1">
      <Execution id="8caa9db1-ac88-404f-a288-1393f93c0000" />
      <TestMethod codeBase="C:\Projekty\NUnitTestProject\bin\Debug\netcoreapp3.1\NUnitTestProject.dll" adapterTypeName="executor://nunit3testexecutor/" className="NUnitTestProject.CurrencyHelperTests" name="FormatToStringTest1000(7396.940188290057d,&quot;7396.94 zł&quot;)" />
    </UnitTest>
    <UnitTest name="FormatToStringTest1000(14017.699524653006d,&quot;14017.70 zł&quot;)" storage="c:\projekty\nunittestproject\bin\debug\netcoreapp3.1\nunittestproject.dll" id="2bc42f5a-e565-5018-fa3b-64bf63c4c2f5">
      <Execution id="3d7325f4-1838-48c4-a1b0-3d11811f921d" />
      <TestMethod codeBase="C:\Projekty\NUnitTestProject\bin\Debug\netcoreapp3.1\NUnitTestProject.dll" adapterTypeName="executor://nunit3testexecutor/" className="NUnitTestProject.CurrencyHelperTests" name="FormatToStringTest1000(14017.699524653006d,&quot;14017.70 zł&quot;)" />
    </UnitTest>
    <UnitTest name="FormatToStringTest1000(2897.9775426620513d,&quot;2897.98 zł&quot;)" storage="c:\projekty\nunittestproject\bin\debug\netcoreapp3.1\nunittestproject.dll" id="bc811ad8-c7b9-9df7-0d3d-56b12c4539e2">
      <Execution id="2e9d0aef-b99f-4771-894f-78a2ec05e3fd" />
      <TestMethod codeBase="C:\Projekty\NUnitTestProject\bin\Debug\netcoreapp3.1\NUnitTestProject.dll" adapterTypeName="executor://nunit3testexecutor/" className="NUnitTestProject.CurrencyHelperTests" name="FormatToStringTest1000(2897.9775426620513d,&quot;2897.98 zł&quot;)" />
    </UnitTest>
    <UnitTest name="FormatToStringTest1000(25036.98767214035d,&quot;25036.99 zł&quot;)" storage="c:\projekty\nunittestproject\bin\debug\netcoreapp3.1\nunittestproject.dll" id="c185c27a-3451-102c-d3c1-98ea6c73d73c">
      <Execution id="19aee174-c468-4c6b-a77d-17adc2dcf57e" />
      <TestMethod codeBase="C:\Projekty\NUnitTestProject\bin\Debug\netcoreapp3.1\NUnitTestProject.dll" adapterTypeName="executor://nunit3testexecutor/" className="NUnitTestProject.CurrencyHelperTests" name="FormatToStringTest1000(25036.98767214035d,&quot;25036.99 zł&quot;)" />
    </UnitTest>
    <UnitTest name="FormatToStringTest1000(17455.15807988595d,&quot;17455.16 zł&quot;)" storage="c:\projekty\nunittestproject\bin\debug\netcoreapp3.1\nunittestproject.dll" id="a1098879-b96c-d9e8-87b7-d514474f9769">
      <Execution id="a61abb79-39e6-4c57-9e76-9b7abd6640c8" />
      <TestMethod codeBase="C:\Projekty\NUnitTestProject\bin\Debug\netcoreapp3.1\NUnitTestProject.dll" adapterTypeName="executor://nunit3testexecutor/" className="NUnitTestProject.CurrencyHelperTests" name="FormatToStringTest1000(17455.15807988595d,&quot;17455.16 zł&quot;)" />
    </UnitTest>
    <UnitTest name="FormatToStringTest1000(32863.31705269558d,&quot;32863.32 zł&quot;)" storage="c:\projekty\nunittestproject\bin\debug\netcoreapp3.1\nunittestproject.dll" id="39e2492b-a588-79ac-add5-4d0176982180">
      <Execution id="3197b906-6222-4933-ac93-72c1976c2ac1" />
      <TestMethod codeBase="C:\Projekty\NUnitTestProject\bin\Debug\netcoreapp3.1\NUnitTestProject.dll" adapterTypeName="executor://nunit3testexecutor/" className="NUnitTestProject.CurrencyHelperTests" name="FormatToStringTest1000(32863.31705269558d,&quot;32863.32 zł&quot;)" />
    </UnitTest>
    <UnitTest name="FormatToStringTest1000(31805.23430354532d,&quot;31805.23 zł&quot;)" storage="c:\projekty\nunittestproject\bin\debug\netcoreapp3.1\nunittestproject.dll" id="6fd1af1d-c0d4-5f1e-0bd0-26896040487e">
      <Execution id="f1e12c48-39e5-4e51-9cf3-95b673d9d65d" />
      <TestMethod codeBase="C:\Projekty\NUnitTestProject\bin\Debug\netcoreapp3.1\NUnitTestProject.dll" adapterTypeName="executor://nunit3testexecutor/" className="NUnitTestProject.CurrencyHelperTests" name="FormatToStringTest1000(31805.23430354532d,&quot;31805.23 zł&quot;)" />
    </UnitTest>
    <UnitTest name="FormatToStringTest1000(72659.37876478041d,&quot;72659.38 zł&quot;)" storage="c:\projekty\nunittestproject\bin\debug\netcoreapp3.1\nunittestproject.dll" id="1f8c3026-17e4-68c3-c899-dd2458b787d5">
      <Execution id="b70a3a55-fcd2-4483-8b72-086d965851a2" />
      <TestMethod codeBase="C:\Projekty\NUnitTestProject\bin\Debug\netcoreapp3.1\NUnitTestProject.dll" adapterTypeName="executor://nunit3testexecutor/" className="NUnitTestProject.CurrencyHelperTests" name="FormatToStringTest1000(72659.37876478041d,&quot;72659.38 zł&quot;)" />
    </UnitTest>
    <UnitTest name="FormatToStringTest1000(36760.171806480816d,&quot;36760.17 zł&quot;)" storage="c:\projekty\nunittestproject\bin\debug\netcoreapp3.1\nunittestproject.dll" id="40f4c03f-760c-5f9a-0d6d-791657138d6a">
      <Execution id="dc37e420-12e2-4d41-820e-752cda9a2457" />
      <TestMethod codeBase="C:\Projekty\NUnitTestProject\bin\Debug\netcoreapp3.1\NUnitTestProject.dll" adapterTypeName="executor://nunit3testexecutor/" className="NUnitTestProject.CurrencyHelperTests" name="FormatToStringTest1000(36760.171806480816d,&quot;36760.17 zł&quot;)" />
    </UnitTest>
    <UnitTest name="FormatToStringTest1000(29417.800422138444d,&quot;29417.80 zł&quot;)" storage="c:\projekty\nunittestproject\bin\debug\netcoreapp3.1\nunittestproject.dll" id="1a501163-ddde-3471-133e-1552ff82f851">
      <Execution id="cc63bf22-fd5c-445f-aec3-593889ad67f9" />
      <TestMethod codeBase="C:\Projekty\NUnitTestProject\bin\Debug\netcoreapp3.1\NUnitTestProject.dll" adapterTypeName="executor://nunit3testexecutor/" className="NUnitTestProject.CurrencyHelperTests" name="FormatToStringTest1000(29417.800422138444d,&quot;29417.80 zł&quot;)" />
    </UnitTest>
    <UnitTest name="FormatToStringTest1000(12577.642620996872d,&quot;12577.64 zł&quot;)" storage="c:\projekty\nunittestproject\bin\debug\netcoreapp3.1\nunittestproject.dll" id="1b5e4bdd-94b8-c181-30ec-747619ebfce8">
      <Execution id="a2346f2b-7823-4964-942f-906ba5ef1f37" />
      <TestMethod codeBase="C:\Projekty\NUnitTestProject\bin\Debug\netcoreapp3.1\NUnitTestProject.dll" adapterTypeName="executor://nunit3testexecutor/" className="NUnitTestProject.CurrencyHelperTests" name="FormatToStringTest1000(12577.642620996872d,&quot;12577.64 zł&quot;)" />
    </UnitTest>
    <UnitTest name="FormatToStringTest1000(25440.18371476614d,&quot;25440.18 zł&quot;)" storage="c:\projekty\nunittestproject\bin\debug\netcoreapp3.1\nunittestproject.dll" id="5012f64d-f81c-363a-9c3b-b389d7a1051b">
      <Execution id="2eba9fc5-bea7-4081-8493-123d669e53b4" />
      <TestMethod codeBase="C:\Projekty\NUnitTestProject\bin\Debug\netcoreapp3.1\NUnitTestProject.dll" adapterTypeName="executor://nunit3testexecutor/" className="NUnitTestProject.CurrencyHelperTests" name="FormatToStringTest1000(25440.18371476614d,&quot;25440.18 zł&quot;)" />
    </UnitTest>
    <UnitTest name="FormatToStringTest1000(9431.144757136304d,&quot;9431.14 zł&quot;)" storage="c:\projekty\nunittestproject\bin\debug\netcoreapp3.1\nunittestproject.dll" id="e02db9a4-a283-da5d-8967-1cec80ef7e92">
      <Execution id="8ac0e752-3cc9-4ac0-9bab-bab21a82f716" />
      <TestMethod codeBase="C:\Projekty\NUnitTestProject\bin\Debug\netcoreapp3.1\NUnitTestProject.dll" adapterTypeName="executor://nunit3testexecutor/" className="NUnitTestProject.CurrencyHelperTests" name="FormatToStringTest1000(9431.144757136304d,&quot;9431.14 zł&quot;)" />
    </UnitTest>
    <UnitTest name="FormatToStringTest1000(5398.2412667191775d,&quot;5398.24 zł&quot;)" storage="c:\projekty\nunittestproject\bin\debug\netcoreapp3.1\nunittestproject.dll" id="ce58807f-4456-2f1b-abea-6bcc9dcfe2eb">
      <Execution id="26c9d526-d5c4-4d53-b174-54006874b8fc" />
      <TestMethod codeBase="C:\Projekty\NUnitTestProject\bin\Debug\netcoreapp3.1\NUnitTestProject.dll" adapterTypeName="executor://nunit3testexecutor/" className="NUnitTestProject.CurrencyHelperTests" name="FormatToStringTest1000(5398.2412667191775d,&quot;5398.24 zł&quot;)" />
    </UnitTest>
    <UnitTest name="FormatToStringTest1000(45299.778512198376d,&quot;45299.78 zł&quot;)" storage="c:\projekty\nunittestproject\bin\debug\netcoreapp3.1\nunittestproject.dll" id="ea9a1ed5-0813-906f-0ed6-0a192bf899e6">
      <Execution id="00fff10a-4134-4266-885a-669046d05439" />
      <TestMethod codeBase="C:\Projekty\NUnitTestProject\bin\Debug\netcoreapp3.1\NUnitTestProject.dll" adapterTypeName="executor://nunit3testexecutor/" className="NUnitTestProject.CurrencyHelperTests" name="FormatToStringTest1000(45299.778512198376d,&quot;45299.78 zł&quot;)" />
    </UnitTest>
    <UnitTest name="FormatToStringTest1000(6838.422316571894d,&quot;6838.42 zł&quot;)" storage="c:\projekty\nunittestproject\bin\debug\netcoreapp3.1\nunittestproject.dll" id="0abb1a8e-0900-a5c7-bfcc-230b4aaefe42">
      <Execution id="1cd37f03-8b03-4de0-a32b-d24180a7878b" />
      <TestMethod codeBase="C:\Projekty\NUnitTestProject\bin\Debug\netcoreapp3.1\NUnitTestProject.dll" adapterTypeName="executor://nunit3testexecutor/" className="NUnitTestProject.CurrencyHelperTests" name="FormatToStringTest1000(6838.422316571894d,&quot;6838.42 zł&quot;)" />
    </UnitTest>
    <UnitTest name="FormatToStringTest1000(6352.983758103561d,&quot;6352.98 zł&quot;)" storage="c:\projekty\nunittestproject\bin\debug\netcoreapp3.1\nunittestproject.dll" id="9dc75585-8b30-1a60-5f46-ba30d03b7635">
      <Execution id="fd0e61c8-eac6-4e38-a130-c4b396863963" />
      <TestMethod codeBase="C:\Projekty\NUnitTestProject\bin\Debug\netcoreapp3.1\NUnitTestProject.dll" adapterTypeName="executor://nunit3testexecutor/" className="NUnitTestProject.CurrencyHelperTests" name="FormatToStringTest1000(6352.983758103561d,&quot;6352.98 zł&quot;)" />
    </UnitTest>
    <UnitTest name="FormatToStringTest1000(33251.41907856028d,&quot;33251.42 zł&quot;)" storage="c:\projekty\nunittestproject\bin\debug\netcoreapp3.1\nunittestproject.dll" id="29116375-ac95-4d53-91ed-53d27bf037c6">
      <Execution id="5098c956-8500-4c34-b985-d734f3d94d52" />
      <TestMethod codeBase="C:\Projekty\NUnitTestProject\bin\Debug\netcoreapp3.1\NUnitTestProject.dll" adapterTypeName="executor://nunit3testexecutor/" className="NUnitTestProject.CurrencyHelperTests" name="FormatToStringTest1000(33251.41907856028d,&quot;33251.42 zł&quot;)" />
    </UnitTest>
    <UnitTest name="FormatToStringTest1000(21281.64584727662d,&quot;21281.65 zł&quot;)" storage="c:\projekty\nunittestproject\bin\debug\netcoreapp3.1\nunittestproject.dll" id="07033e2b-ce19-3c9a-f51d-d9b702d310a1">
      <Execution id="2d213222-8be6-4dc4-b661-29ac339c645c" />
      <TestMethod codeBase="C:\Projekty\NUnitTestProject\bin\Debug\netcoreapp3.1\NUnitTestProject.dll" adapterTypeName="executor://nunit3testexecutor/" className="NUnitTestProject.CurrencyHelperTests" name="FormatToStringTest1000(21281.64584727662d,&quot;21281.65 zł&quot;)" />
    </UnitTest>
    <UnitTest name="FormatToStringTest1000(11430.666613002619d,&quot;11430.67 zł&quot;)" storage="c:\projekty\nunittestproject\bin\debug\netcoreapp3.1\nunittestproject.dll" id="56c6c75f-613a-6a82-f7f1-a767d952b57c">
      <Execution id="2efa1423-0765-4d8f-b7c9-56ff5bd1379c" />
      <TestMethod codeBase="C:\Projekty\NUnitTestProject\bin\Debug\netcoreapp3.1\NUnitTestProject.dll" adapterTypeName="executor://nunit3testexecutor/" className="NUnitTestProject.CurrencyHelperTests" name="FormatToStringTest1000(11430.666613002619d,&quot;11430.67 zł&quot;)" />
    </UnitTest>
    <UnitTest name="FormatToStringTest1000(1514.6266382441981d,&quot;1514.63 zł&quot;)" storage="c:\projekty\nunittestproject\bin\debug\netcoreapp3.1\nunittestproject.dll" id="4b337c41-7f92-2137-58f8-ec4a04af8e6b">
      <Execution id="f31d2643-9d6d-41d0-9bce-cf21d8324fe2" />
      <TestMethod codeBase="C:\Projekty\NUnitTestProject\bin\Debug\netcoreapp3.1\NUnitTestProject.dll" adapterTypeName="executor://nunit3testexecutor/" className="NUnitTestProject.CurrencyHelperTests" name="FormatToStringTest1000(1514.6266382441981d,&quot;1514.63 zł&quot;)" />
    </UnitTest>
    <UnitTest name="FormatToStringTest1000(55010.474927814896d,&quot;55010.47 zł&quot;)" storage="c:\projekty\nunittestproject\bin\debug\netcoreapp3.1\nunittestproject.dll" id="f0159238-5dbe-94b2-dc06-cbfbca0e38a0">
      <Execution id="c17c2e70-6514-4807-81bc-321d1fb6a20d" />
      <TestMethod codeBase="C:\Projekty\NUnitTestProject\bin\Debug\netcoreapp3.1\NUnitTestProject.dll" adapterTypeName="executor://nunit3testexecutor/" className="NUnitTestProject.CurrencyHelperTests" name="FormatToStringTest1000(55010.474927814896d,&quot;55010.47 zł&quot;)" />
    </UnitTest>
    <UnitTest name="FormatToStringTest1000(47437.74370917619d,&quot;47437.74 zł&quot;)" storage="c:\projekty\nunittestproject\bin\debug\netcoreapp3.1\nunittestproject.dll" id="aef8a2f1-8212-2e61-b82d-81a49d106670">
      <Execution id="58ccc671-baa4-45e1-a032-9bd41e76c53c" />
      <TestMethod codeBase="C:\Projekty\NUnitTestProject\bin\Debug\netcoreapp3.1\NUnitTestProject.dll" adapterTypeName="executor://nunit3testexecutor/" className="NUnitTestProject.CurrencyHelperTests" name="FormatToStringTest1000(47437.74370917619d,&quot;47437.74 zł&quot;)" />
    </UnitTest>
    <UnitTest name="FormatToStringTest1000(96022.24851977557d,&quot;96022.25 zł&quot;)" storage="c:\projekty\nunittestproject\bin\debug\netcoreapp3.1\nunittestproject.dll" id="c2208323-1f95-b32c-0530-4ad682605720">
      <Execution id="f999dbba-f2e5-40f1-882b-26edea9ae868" />
      <TestMethod codeBase="C:\Projekty\NUnitTestProject\bin\Debug\netcoreapp3.1\NUnitTestProject.dll" adapterTypeName="executor://nunit3testexecutor/" className="NUnitTestProject.CurrencyHelperTests" name="FormatToStringTest1000(96022.24851977557d,&quot;96022.25 zł&quot;)" />
    </UnitTest>
    <UnitTest name="FormatToStringTest1000(26686.08488193065d,&quot;26686.08 zł&quot;)" storage="c:\projekty\nunittestproject\bin\debug\netcoreapp3.1\nunittestproject.dll" id="1d1eb73d-8b0c-7513-b3af-aa35ad258fdb">
      <Execution id="641f0419-3f8b-421a-b585-f4952e5b7991" />
      <TestMethod codeBase="C:\Projekty\NUnitTestProject\bin\Debug\netcoreapp3.1\NUnitTestProject.dll" adapterTypeName="executor://nunit3testexecutor/" className="NUnitTestProject.CurrencyHelperTests" name="FormatToStringTest1000(26686.08488193065d,&quot;26686.08 zł&quot;)" />
    </UnitTest>
    <UnitTest name="FormatToStringTest1000(39641.61351217451d,&quot;39641.61 zł&quot;)" storage="c:\projekty\nunittestproject\bin\debug\netcoreapp3.1\nunittestproject.dll" id="bebef051-0a10-725f-3ff5-e30e4f9dd420">
      <Execution id="631447ce-8af1-48ce-b0ed-a499a2c57399" />
      <TestMethod codeBase="C:\Projekty\NUnitTestProject\bin\Debug\netcoreapp3.1\NUnitTestProject.dll" adapterTypeName="executor://nunit3testexecutor/" className="NUnitTestProject.CurrencyHelperTests" name="FormatToStringTest1000(39641.61351217451d,&quot;39641.61 zł&quot;)" />
    </UnitTest>
    <UnitTest name="FormatToStringTest1000(10227.532692039169d,&quot;10227.53 zł&quot;)" storage="c:\projekty\nunittestproject\bin\debug\netcoreapp3.1\nunittestproject.dll" id="9c48ba54-1163-2299-84d2-c7df2b4c3889">
      <Execution id="35ba526b-ebec-4d0b-8f14-b876fc18e4c5" />
      <TestMethod codeBase="C:\Projekty\NUnitTestProject\bin\Debug\netcoreapp3.1\NUnitTestProject.dll" adapterTypeName="executor://nunit3testexecutor/" className="NUnitTestProject.CurrencyHelperTests" name="FormatToStringTest1000(10227.532692039169d,&quot;10227.53 zł&quot;)" />
    </UnitTest>
    <UnitTest name="FormatToStringTest1000(8242.419043611d,&quot;8242.42 zł&quot;)" storage="c:\projekty\nunittestproject\bin\debug\netcoreapp3.1\nunittestproject.dll" id="4e59f6e9-d495-6f3f-64b9-ac28a5eaac72">
      <Execution id="c03cc882-5b61-41fc-9937-396a889a32b4" />
      <TestMethod codeBase="C:\Projekty\NUnitTestProject\bin\Debug\netcoreapp3.1\NUnitTestProject.dll" adapterTypeName="executor://nunit3testexecutor/" className="NUnitTestProject.CurrencyHelperTests" name="FormatToStringTest1000(8242.419043611d,&quot;8242.42 zł&quot;)" />
    </UnitTest>
    <UnitTest name="FormatToStringTest1000(61422.228144277455d,&quot;61422.23 zł&quot;)" storage="c:\projekty\nunittestproject\bin\debug\netcoreapp3.1\nunittestproject.dll" id="a127d37b-b919-a5a8-4175-7c8816584689">
      <Execution id="3136fe52-d960-4cfb-af45-aa1867adddbf" />
      <TestMethod codeBase="C:\Projekty\NUnitTestProject\bin\Debug\netcoreapp3.1\NUnitTestProject.dll" adapterTypeName="executor://nunit3testexecutor/" className="NUnitTestProject.CurrencyHelperTests" name="FormatToStringTest1000(61422.228144277455d,&quot;61422.23 zł&quot;)" />
    </UnitTest>
    <UnitTest name="FormatToStringTest1000(6665.405372488035d,&quot;6665.41 zł&quot;)" storage="c:\projekty\nunittestproject\bin\debug\netcoreapp3.1\nunittestproject.dll" id="454ead38-c2a8-9597-7b1c-dc862a589e0e">
      <Execution id="7883d5bc-2df9-4af7-b30a-530b5d45a6b6" />
      <TestMethod codeBase="C:\Projekty\NUnitTestProject\bin\Debug\netcoreapp3.1\NUnitTestProject.dll" adapterTypeName="executor://nunit3testexecutor/" className="NUnitTestProject.CurrencyHelperTests" name="FormatToStringTest1000(6665.405372488035d,&quot;6665.41 zł&quot;)" />
    </UnitTest>
    <UnitTest name="FormatToStringTest1000(22367.991005544547d,&quot;22367.99 zł&quot;)" storage="c:\projekty\nunittestproject\bin\debug\netcoreapp3.1\nunittestproject.dll" id="40bf488b-c6ae-b189-e7b5-8aa7dd656fea">
      <Execution id="96ad7c35-e745-45d8-9837-5cf069cd931f" />
      <TestMethod codeBase="C:\Projekty\NUnitTestProject\bin\Debug\netcoreapp3.1\NUnitTestProject.dll" adapterTypeName="executor://nunit3testexecutor/" className="NUnitTestProject.CurrencyHelperTests" name="FormatToStringTest1000(22367.991005544547d,&quot;22367.99 zł&quot;)" />
    </UnitTest>
    <UnitTest name="FormatToStringTest1000(4715.320654313695d,&quot;4715.32 zł&quot;)" storage="c:\projekty\nunittestproject\bin\debug\netcoreapp3.1\nunittestproject.dll" id="55be0839-9d5f-302a-bfcf-f7926cef9841">
      <Execution id="cf0c9b52-1abb-458c-93fc-b462e75137b5" />
      <TestMethod codeBase="C:\Projekty\NUnitTestProject\bin\Debug\netcoreapp3.1\NUnitTestProject.dll" adapterTypeName="executor://nunit3testexecutor/" className="NUnitTestProject.CurrencyHelperTests" name="FormatToStringTest1000(4715.320654313695d,&quot;4715.32 zł&quot;)" />
    </UnitTest>
    <UnitTest name="FormatToStringTest1000(55303.17220895699d,&quot;55303.17 zł&quot;)" storage="c:\projekty\nunittestproject\bin\debug\netcoreapp3.1\nunittestproject.dll" id="3c248867-d354-cc7e-803e-cd6ef02be22e">
      <Execution id="017a5c68-1cf8-49e6-b23e-921ab15642ac" />
      <TestMethod codeBase="C:\Projekty\NUnitTestProject\bin\Debug\netcoreapp3.1\NUnitTestProject.dll" adapterTypeName="executor://nunit3testexecutor/" className="NUnitTestProject.CurrencyHelperTests" name="FormatToStringTest1000(55303.17220895699d,&quot;55303.17 zł&quot;)" />
    </UnitTest>
    <UnitTest name="FormatToStringTest1000(54304.07738935393d,&quot;54304.08 zł&quot;)" storage="c:\projekty\nunittestproject\bin\debug\netcoreapp3.1\nunittestproject.dll" id="dc6fc325-7591-5ff6-3e13-ef3b13583bb4">
      <Execution id="41d6ad74-977e-439e-836b-08026c718f94" />
      <TestMethod codeBase="C:\Projekty\NUnitTestProject\bin\Debug\netcoreapp3.1\NUnitTestProject.dll" adapterTypeName="executor://nunit3testexecutor/" className="NUnitTestProject.CurrencyHelperTests" name="FormatToStringTest1000(54304.07738935393d,&quot;54304.08 zł&quot;)" />
    </UnitTest>
    <UnitTest name="FormatToStringTest1000(23980.12943509646d,&quot;23980.13 zł&quot;)" storage="c:\projekty\nunittestproject\bin\debug\netcoreapp3.1\nunittestproject.dll" id="62f72a9e-2ef3-be6d-f944-7dcdbad45b8b">
      <Execution id="290b097f-d1fe-4fef-8ef8-fe4bd8815f14" />
      <TestMethod codeBase="C:\Projekty\NUnitTestProject\bin\Debug\netcoreapp3.1\NUnitTestProject.dll" adapterTypeName="executor://nunit3testexecutor/" className="NUnitTestProject.CurrencyHelperTests" name="FormatToStringTest1000(23980.12943509646d,&quot;23980.13 zł&quot;)" />
    </UnitTest>
    <UnitTest name="FormatToStringTest1000(7594.279030504766d,&quot;7594.28 zł&quot;)" storage="c:\projekty\nunittestproject\bin\debug\netcoreapp3.1\nunittestproject.dll" id="b2708039-2d5c-fb09-5f56-062d0cb9067a">
      <Execution id="ab7047c6-f508-4501-9983-3c94e7d39399" />
      <TestMethod codeBase="C:\Projekty\NUnitTestProject\bin\Debug\netcoreapp3.1\NUnitTestProject.dll" adapterTypeName="executor://nunit3testexecutor/" className="NUnitTestProject.CurrencyHelperTests" name="FormatToStringTest1000(7594.279030504766d,&quot;7594.28 zł&quot;)" />
    </UnitTest>
    <UnitTest name="FormatToStringTest1000(21602.417596116393d,&quot;21602.42 zł&quot;)" storage="c:\projekty\nunittestproject\bin\debug\netcoreapp3.1\nunittestproject.dll" id="ef7b8988-d111-e493-786c-6d198480cf20">
      <Execution id="135c83fb-69d5-40b2-907d-9a2c7902b9d5" />
      <TestMethod codeBase="C:\Projekty\NUnitTestProject\bin\Debug\netcoreapp3.1\NUnitTestProject.dll" adapterTypeName="executor://nunit3testexecutor/" className="NUnitTestProject.CurrencyHelperTests" name="FormatToStringTest1000(21602.417596116393d,&quot;21602.42 zł&quot;)" />
    </UnitTest>
    <UnitTest name="FormatToStringTest1000(10495.622655484185d,&quot;10495.62 zł&quot;)" storage="c:\projekty\nunittestproject\bin\debug\netcoreapp3.1\nunittestproject.dll" id="7a0cd811-1188-4526-31f2-d266b41de2aa">
      <Execution id="b94a9111-1642-44b4-8b14-054cc867ef25" />
      <TestMethod codeBase="C:\Projekty\NUnitTestProject\bin\Debug\netcoreapp3.1\NUnitTestProject.dll" adapterTypeName="executor://nunit3testexecutor/" className="NUnitTestProject.CurrencyHelperTests" name="FormatToStringTest1000(10495.622655484185d,&quot;10495.62 zł&quot;)" />
    </UnitTest>
    <UnitTest name="FormatToStringTest1000(50585.83664522778d,&quot;50585.84 zł&quot;)" storage="c:\projekty\nunittestproject\bin\debug\netcoreapp3.1\nunittestproject.dll" id="cfb2439a-56a0-7de3-f9a2-8d326d2ccf14">
      <Execution id="0ed8d3ed-5db4-4b3c-a5e1-4aed67f4a18a" />
      <TestMethod codeBase="C:\Projekty\NUnitTestProject\bin\Debug\netcoreapp3.1\NUnitTestProject.dll" adapterTypeName="executor://nunit3testexecutor/" className="NUnitTestProject.CurrencyHelperTests" name="FormatToStringTest1000(50585.83664522778d,&quot;50585.84 zł&quot;)" />
    </UnitTest>
    <UnitTest name="FormatToStringTest1000(21728.91641959963d,&quot;21728.92 zł&quot;)" storage="c:\projekty\nunittestproject\bin\debug\netcoreapp3.1\nunittestproject.dll" id="64432d28-23cd-4cf2-4daf-935cfc9905b7">
      <Execution id="533b048e-0010-4852-ba17-3b00d8c3a969" />
      <TestMethod codeBase="C:\Projekty\NUnitTestProject\bin\Debug\netcoreapp3.1\NUnitTestProject.dll" adapterTypeName="executor://nunit3testexecutor/" className="NUnitTestProject.CurrencyHelperTests" name="FormatToStringTest1000(21728.91641959963d,&quot;21728.92 zł&quot;)" />
    </UnitTest>
    <UnitTest name="FormatToStringTest1000(16819.974312979717d,&quot;16819.97 zł&quot;)" storage="c:\projekty\nunittestproject\bin\debug\netcoreapp3.1\nunittestproject.dll" id="acd7d1ab-8336-79e5-b078-d5eb4c962b29">
      <Execution id="f86bb343-fb1b-4303-a4cd-5f48948c1de6" />
      <TestMethod codeBase="C:\Projekty\NUnitTestProject\bin\Debug\netcoreapp3.1\NUnitTestProject.dll" adapterTypeName="executor://nunit3testexecutor/" className="NUnitTestProject.CurrencyHelperTests" name="FormatToStringTest1000(16819.974312979717d,&quot;16819.97 zł&quot;)" />
    </UnitTest>
    <UnitTest name="FormatToStringTest1000(29508.077101491428d,&quot;29508.08 zł&quot;)" storage="c:\projekty\nunittestproject\bin\debug\netcoreapp3.1\nunittestproject.dll" id="87886007-6727-2dc4-be03-09aefa74e875">
      <Execution id="ef6d94c2-dc3a-4d71-8618-4bb4082750ae" />
      <TestMethod codeBase="C:\Projekty\NUnitTestProject\bin\Debug\netcoreapp3.1\NUnitTestProject.dll" adapterTypeName="executor://nunit3testexecutor/" className="NUnitTestProject.CurrencyHelperTests" name="FormatToStringTest1000(29508.077101491428d,&quot;29508.08 zł&quot;)" />
    </UnitTest>
    <UnitTest name="FormatToStringTest1000(17798.633951516185d,&quot;17798.63 zł&quot;)" storage="c:\projekty\nunittestproject\bin\debug\netcoreapp3.1\nunittestproject.dll" id="7a151ddf-b76f-a627-8d14-57dc244734db">
      <Execution id="74fb8e17-deac-40f0-940a-11fa75e2366a" />
      <TestMethod codeBase="C:\Projekty\NUnitTestProject\bin\Debug\netcoreapp3.1\NUnitTestProject.dll" adapterTypeName="executor://nunit3testexecutor/" className="NUnitTestProject.CurrencyHelperTests" name="FormatToStringTest1000(17798.633951516185d,&quot;17798.63 zł&quot;)" />
    </UnitTest>
    <UnitTest name="FormatToStringTest1000(23548.88067407016d,&quot;23548.88 zł&quot;)" storage="c:\projekty\nunittestproject\bin\debug\netcoreapp3.1\nunittestproject.dll" id="08821b59-1fc3-bfdb-c64b-6b9d4d7418fb">
      <Execution id="704cce86-27bd-4350-bcfe-8ac0835481db" />
      <TestMethod codeBase="C:\Projekty\NUnitTestProject\bin\Debug\netcoreapp3.1\NUnitTestProject.dll" adapterTypeName="executor://nunit3testexecutor/" className="NUnitTestProject.CurrencyHelperTests" name="FormatToStringTest1000(23548.88067407016d,&quot;23548.88 zł&quot;)" />
    </UnitTest>
    <UnitTest name="FormatToStringTest1000(24957.469502810607d,&quot;24957.47 zł&quot;)" storage="c:\projekty\nunittestproject\bin\debug\netcoreapp3.1\nunittestproject.dll" id="ecf86b56-1ec1-9984-97f9-65e2b8a0e550">
      <Execution id="23b9594d-0d35-41c8-9545-71364a33876a" />
      <TestMethod codeBase="C:\Projekty\NUnitTestProject\bin\Debug\netcoreapp3.1\NUnitTestProject.dll" adapterTypeName="executor://nunit3testexecutor/" className="NUnitTestProject.CurrencyHelperTests" name="FormatToStringTest1000(24957.469502810607d,&quot;24957.47 zł&quot;)" />
    </UnitTest>
    <UnitTest name="FormatToStringTest1000(2992.6161168593057d,&quot;2992.62 zł&quot;)" storage="c:\projekty\nunittestproject\bin\debug\netcoreapp3.1\nunittestproject.dll" id="685e65c6-c415-f45e-d0fc-3f95f4859375">
      <Execution id="15c3a1b3-2fe8-438d-ab8d-4a66fd003331" />
      <TestMethod codeBase="C:\Projekty\NUnitTestProject\bin\Debug\netcoreapp3.1\NUnitTestProject.dll" adapterTypeName="executor://nunit3testexecutor/" className="NUnitTestProject.CurrencyHelperTests" name="FormatToStringTest1000(2992.6161168593057d,&quot;2992.62 zł&quot;)" />
    </UnitTest>
    <UnitTest name="FormatToStringTest1000(32213.734885384205d,&quot;32213.73 zł&quot;)" storage="c:\projekty\nunittestproject\bin\debug\netcoreapp3.1\nunittestproject.dll" id="f9588db6-8045-6ceb-1c29-858ccdaab727">
      <Execution id="281aed02-dac8-43a1-bb52-afb1d09ac896" />
      <TestMethod codeBase="C:\Projekty\NUnitTestProject\bin\Debug\netcoreapp3.1\NUnitTestProject.dll" adapterTypeName="executor://nunit3testexecutor/" className="NUnitTestProject.CurrencyHelperTests" name="FormatToStringTest1000(32213.734885384205d,&quot;32213.73 zł&quot;)" />
    </UnitTest>
    <UnitTest name="FormatToStringTest1000(8901.937138443784d,&quot;8901.94 zł&quot;)" storage="c:\projekty\nunittestproject\bin\debug\netcoreapp3.1\nunittestproject.dll" id="9c14da41-934e-02e1-653f-9f7dc91a12aa">
      <Execution id="b566ee12-913d-4e1e-8b9a-7742e7220203" />
      <TestMethod codeBase="C:\Projekty\NUnitTestProject\bin\Debug\netcoreapp3.1\NUnitTestProject.dll" adapterTypeName="executor://nunit3testexecutor/" className="NUnitTestProject.CurrencyHelperTests" name="FormatToStringTest1000(8901.937138443784d,&quot;8901.94 zł&quot;)" />
    </UnitTest>
    <UnitTest name="FormatToStringTest1000(25720.27551496321d,&quot;25720.28 zł&quot;)" storage="c:\projekty\nunittestproject\bin\debug\netcoreapp3.1\nunittestproject.dll" id="dbb1fa1a-a5ee-99ca-9749-48d31eb98113">
      <Execution id="4e9b4600-c9ab-4efb-b277-599b7086fa5f" />
      <TestMethod codeBase="C:\Projekty\NUnitTestProject\bin\Debug\netcoreapp3.1\NUnitTestProject.dll" adapterTypeName="executor://nunit3testexecutor/" className="NUnitTestProject.CurrencyHelperTests" name="FormatToStringTest1000(25720.27551496321d,&quot;25720.28 zł&quot;)" />
    </UnitTest>
    <UnitTest name="FormatToStringTest1000(3341.8351759444154d,&quot;3341.84 zł&quot;)" storage="c:\projekty\nunittestproject\bin\debug\netcoreapp3.1\nunittestproject.dll" id="5717b261-73d9-ccff-48ad-cb5028daecbf">
      <Execution id="819ccc43-c172-4c6c-8da8-21f3b90f5f0f" />
      <TestMethod codeBase="C:\Projekty\NUnitTestProject\bin\Debug\netcoreapp3.1\NUnitTestProject.dll" adapterTypeName="executor://nunit3testexecutor/" className="NUnitTestProject.CurrencyHelperTests" name="FormatToStringTest1000(3341.8351759444154d,&quot;3341.84 zł&quot;)" />
    </UnitTest>
    <UnitTest name="FormatToStringTest1000(7789.7136237517525d,&quot;7789.71 zł&quot;)" storage="c:\projekty\nunittestproject\bin\debug\netcoreapp3.1\nunittestproject.dll" id="7a70b4a3-dd05-b389-f6ee-af27102364f5">
      <Execution id="e3cd4e5e-60de-4f8e-b2c4-cf621e441d9e" />
      <TestMethod codeBase="C:\Projekty\NUnitTestProject\bin\Debug\netcoreapp3.1\NUnitTestProject.dll" adapterTypeName="executor://nunit3testexecutor/" className="NUnitTestProject.CurrencyHelperTests" name="FormatToStringTest1000(7789.7136237517525d,&quot;7789.71 zł&quot;)" />
    </UnitTest>
    <UnitTest name="FormatToStringTest1000(2339.5873176472205d,&quot;2339.59 zł&quot;)" storage="c:\projekty\nunittestproject\bin\debug\netcoreapp3.1\nunittestproject.dll" id="ea0b7c7a-ce24-46f7-0862-63029307593e">
      <Execution id="47e2cc3b-bfb5-40c8-817a-1d08918a3185" />
      <TestMethod codeBase="C:\Projekty\NUnitTestProject\bin\Debug\netcoreapp3.1\NUnitTestProject.dll" adapterTypeName="executor://nunit3testexecutor/" className="NUnitTestProject.CurrencyHelperTests" name="FormatToStringTest1000(2339.5873176472205d,&quot;2339.59 zł&quot;)" />
    </UnitTest>
    <UnitTest name="FormatToStringTest1000(24308.26523149212d,&quot;24308.27 zł&quot;)" storage="c:\projekty\nunittestproject\bin\debug\netcoreapp3.1\nunittestproject.dll" id="10d9efba-c25c-4837-b4ca-c51dd97ac398">
      <Execution id="793f6f45-6e5d-48bf-9dfd-f0eec88ee0fb" />
      <TestMethod codeBase="C:\Projekty\NUnitTestProject\bin\Debug\netcoreapp3.1\NUnitTestProject.dll" adapterTypeName="executor://nunit3testexecutor/" className="NUnitTestProject.CurrencyHelperTests" name="FormatToStringTest1000(24308.26523149212d,&quot;24308.27 zł&quot;)" />
    </UnitTest>
    <UnitTest name="FormatToStringTest1000(51408.294679657694d,&quot;51408.29 zł&quot;)" storage="c:\projekty\nunittestproject\bin\debug\netcoreapp3.1\nunittestproject.dll" id="94c8a06e-3f46-89b8-1521-4663bd871343">
      <Execution id="f7247d8d-98d8-4b19-a09c-e250dbe56aac" />
      <TestMethod codeBase="C:\Projekty\NUnitTestProject\bin\Debug\netcoreapp3.1\NUnitTestProject.dll" adapterTypeName="executor://nunit3testexecutor/" className="NUnitTestProject.CurrencyHelperTests" name="FormatToStringTest1000(51408.294679657694d,&quot;51408.29 zł&quot;)" />
    </UnitTest>
    <UnitTest name="FormatToStringTest1000(1328.353302088265d,&quot;1328.35 zł&quot;)" storage="c:\projekty\nunittestproject\bin\debug\netcoreapp3.1\nunittestproject.dll" id="9bae3763-5b44-6392-7f85-b5a14c7eae3f">
      <Execution id="6f571bce-9bf1-468d-b035-99926e4fc6de" />
      <TestMethod codeBase="C:\Projekty\NUnitTestProject\bin\Debug\netcoreapp3.1\NUnitTestProject.dll" adapterTypeName="executor://nunit3testexecutor/" className="NUnitTestProject.CurrencyHelperTests" name="FormatToStringTest1000(1328.353302088265d,&quot;1328.35 zł&quot;)" />
    </UnitTest>
    <UnitTest name="FormatToStringTest1000(50413.517583300134d,&quot;50413.52 zł&quot;)" storage="c:\projekty\nunittestproject\bin\debug\netcoreapp3.1\nunittestproject.dll" id="eb4b3a2e-3867-f16d-1f8c-063517acc541">
      <Execution id="2b2cf20d-f326-47a8-9963-3a11394ea2fe" />
      <TestMethod codeBase="C:\Projekty\NUnitTestProject\bin\Debug\netcoreapp3.1\NUnitTestProject.dll" adapterTypeName="executor://nunit3testexecutor/" className="NUnitTestProject.CurrencyHelperTests" name="FormatToStringTest1000(50413.517583300134d,&quot;50413.52 zł&quot;)" />
    </UnitTest>
    <UnitTest name="FormatToStringTest1000(13046.352146307172d,&quot;13046.35 zł&quot;)" storage="c:\projekty\nunittestproject\bin\debug\netcoreapp3.1\nunittestproject.dll" id="f86161bd-f5ff-e739-8561-c83ff6f0d4a9">
      <Execution id="4bb209b1-0c8b-4fd9-8c6b-d72886704f26" />
      <TestMethod codeBase="C:\Projekty\NUnitTestProject\bin\Debug\netcoreapp3.1\NUnitTestProject.dll" adapterTypeName="executor://nunit3testexecutor/" className="NUnitTestProject.CurrencyHelperTests" name="FormatToStringTest1000(13046.352146307172d,&quot;13046.35 zł&quot;)" />
    </UnitTest>
    <UnitTest name="FormatToStringTest1000(16402.16316587206d,&quot;16402.16 zł&quot;)" storage="c:\projekty\nunittestproject\bin\debug\netcoreapp3.1\nunittestproject.dll" id="f113347a-114d-883f-0643-fe2e125f5daa">
      <Execution id="6ff82d7f-10e8-4f98-ae64-90a6eda379cc" />
      <TestMethod codeBase="C:\Projekty\NUnitTestProject\bin\Debug\netcoreapp3.1\NUnitTestProject.dll" adapterTypeName="executor://nunit3testexecutor/" className="NUnitTestProject.CurrencyHelperTests" name="FormatToStringTest1000(16402.16316587206d,&quot;16402.16 zł&quot;)" />
    </UnitTest>
    <UnitTest name="FormatToStringTest1000(4539.210371735137d,&quot;4539.21 zł&quot;)" storage="c:\projekty\nunittestproject\bin\debug\netcoreapp3.1\nunittestproject.dll" id="bde33f3c-8432-543f-ee46-b13606db09db">
      <Execution id="b37f256e-4b8e-4250-be99-94685c1e9cae" />
      <TestMethod codeBase="C:\Projekty\NUnitTestProject\bin\Debug\netcoreapp3.1\NUnitTestProject.dll" adapterTypeName="executor://nunit3testexecutor/" className="NUnitTestProject.CurrencyHelperTests" name="FormatToStringTest1000(4539.210371735137d,&quot;4539.21 zł&quot;)" />
    </UnitTest>
    <UnitTest name="FormatToStringTest1000(17990.38119827089d,&quot;17990.38 zł&quot;)" storage="c:\projekty\nunittestproject\bin\debug\netcoreapp3.1\nunittestproject.dll" id="785b55cc-be99-2e92-e97b-e8c0390c5420">
      <Execution id="83444ff2-1e5f-4bc8-af3b-17089368a1f4" />
      <TestMethod codeBase="C:\Projekty\NUnitTestProject\bin\Debug\netcoreapp3.1\NUnitTestProject.dll" adapterTypeName="executor://nunit3testexecutor/" className="NUnitTestProject.CurrencyHelperTests" name="FormatToStringTest1000(17990.38119827089d,&quot;17990.38 zł&quot;)" />
    </UnitTest>
    <UnitTest name="FormatToStringTest1000(4555.538255205163d,&quot;4555.54 zł&quot;)" storage="c:\projekty\nunittestproject\bin\debug\netcoreapp3.1\nunittestproject.dll" id="ba2e227c-c79f-6137-d335-88fa098146b3">
      <Execution id="6dbff48a-65c7-4e33-baf4-fdc29599ff8b" />
      <TestMethod codeBase="C:\Projekty\NUnitTestProject\bin\Debug\netcoreapp3.1\NUnitTestProject.dll" adapterTypeName="executor://nunit3testexecutor/" className="NUnitTestProject.CurrencyHelperTests" name="FormatToStringTest1000(4555.538255205163d,&quot;4555.54 zł&quot;)" />
    </UnitTest>
    <UnitTest name="FormatToStringTest1000(13337.80490493486d,&quot;13337.80 zł&quot;)" storage="c:\projekty\nunittestproject\bin\debug\netcoreapp3.1\nunittestproject.dll" id="fad10d32-e0c1-4a39-6168-5252fb0f8392">
      <Execution id="27ae37e1-7fff-47bb-95b4-04aeacd8b1fc" />
      <TestMethod codeBase="C:\Projekty\NUnitTestProject\bin\Debug\netcoreapp3.1\NUnitTestProject.dll" adapterTypeName="executor://nunit3testexecutor/" className="NUnitTestProject.CurrencyHelperTests" name="FormatToStringTest1000(13337.80490493486d,&quot;13337.80 zł&quot;)" />
    </UnitTest>
    <UnitTest name="FormatToStringTest1000(23023.74724929768d,&quot;23023.75 zł&quot;)" storage="c:\projekty\nunittestproject\bin\debug\netcoreapp3.1\nunittestproject.dll" id="be961a03-49b0-93a8-a575-29626617f5f3">
      <Execution id="8bf14e43-f23f-4098-bbea-a9e2c0de7ed7" />
      <TestMethod codeBase="C:\Projekty\NUnitTestProject\bin\Debug\netcoreapp3.1\NUnitTestProject.dll" adapterTypeName="executor://nunit3testexecutor/" className="NUnitTestProject.CurrencyHelperTests" name="FormatToStringTest1000(23023.74724929768d,&quot;23023.75 zł&quot;)" />
    </UnitTest>
    <UnitTest name="FormatToStringTest1000(26207.03715363659d,&quot;26207.04 zł&quot;)" storage="c:\projekty\nunittestproject\bin\debug\netcoreapp3.1\nunittestproject.dll" id="2f443958-bb91-68f7-90b6-2eae1e3219b3">
      <Execution id="d6f34d79-ed52-4c89-9ed7-9082c5932b8a" />
      <TestMethod codeBase="C:\Projekty\NUnitTestProject\bin\Debug\netcoreapp3.1\NUnitTestProject.dll" adapterTypeName="executor://nunit3testexecutor/" className="NUnitTestProject.CurrencyHelperTests" name="FormatToStringTest1000(26207.03715363659d,&quot;26207.04 zł&quot;)" />
    </UnitTest>
    <UnitTest name="FormatToStringTest1000(3195.202943510936d,&quot;3195.20 zł&quot;)" storage="c:\projekty\nunittestproject\bin\debug\netcoreapp3.1\nunittestproject.dll" id="af79a348-5fb3-03eb-c3ed-5bb2185640a5">
      <Execution id="61ac319d-5c0b-44d8-ae58-14c6026ad153" />
      <TestMethod codeBase="C:\Projekty\NUnitTestProject\bin\Debug\netcoreapp3.1\NUnitTestProject.dll" adapterTypeName="executor://nunit3testexecutor/" className="NUnitTestProject.CurrencyHelperTests" name="FormatToStringTest1000(3195.202943510936d,&quot;3195.20 zł&quot;)" />
    </UnitTest>
    <UnitTest name="FormatToStringTest1000(33970.38965150639d,&quot;33970.39 zł&quot;)" storage="c:\projekty\nunittestproject\bin\debug\netcoreapp3.1\nunittestproject.dll" id="58d53652-da34-09db-a06d-1fae2bb18f28">
      <Execution id="2ffff34f-f7a2-4a30-8855-5f1a6acd23ca" />
      <TestMethod codeBase="C:\Projekty\NUnitTestProject\bin\Debug\netcoreapp3.1\NUnitTestProject.dll" adapterTypeName="executor://nunit3testexecutor/" className="NUnitTestProject.CurrencyHelperTests" name="FormatToStringTest1000(33970.38965150639d,&quot;33970.39 zł&quot;)" />
    </UnitTest>
    <UnitTest name="FormatToStringTest1000(4094.6752323977066d,&quot;4094.68 zł&quot;)" storage="c:\projekty\nunittestproject\bin\debug\netcoreapp3.1\nunittestproject.dll" id="13e85df1-3456-393c-8dca-d481490ed075">
      <Execution id="f89ff698-5856-42bf-aff0-396007bcdd6e" />
      <TestMethod codeBase="C:\Projekty\NUnitTestProject\bin\Debug\netcoreapp3.1\NUnitTestProject.dll" adapterTypeName="executor://nunit3testexecutor/" className="NUnitTestProject.CurrencyHelperTests" name="FormatToStringTest1000(4094.6752323977066d,&quot;4094.68 zł&quot;)" />
    </UnitTest>
    <UnitTest name="FormatToStringTest1000(79764.77845563217d,&quot;79764.78 zł&quot;)" storage="c:\projekty\nunittestproject\bin\debug\netcoreapp3.1\nunittestproject.dll" id="7724a5ae-1858-243b-d346-491db16f98e9">
      <Execution id="9c55dbf3-1107-47d4-aefb-a11433b36e68" />
      <TestMethod codeBase="C:\Projekty\NUnitTestProject\bin\Debug\netcoreapp3.1\NUnitTestProject.dll" adapterTypeName="executor://nunit3testexecutor/" className="NUnitTestProject.CurrencyHelperTests" name="FormatToStringTest1000(79764.77845563217d,&quot;79764.78 zł&quot;)" />
    </UnitTest>
    <UnitTest name="FormatToStringTest1000(28992.38363400166d,&quot;28992.38 zł&quot;)" storage="c:\projekty\nunittestproject\bin\debug\netcoreapp3.1\nunittestproject.dll" id="21347641-7dc3-6035-5dfd-bb1ac2ae1b73">
      <Execution id="55d9f21d-940b-4048-af66-0f7780ae3dec" />
      <TestMethod codeBase="C:\Projekty\NUnitTestProject\bin\Debug\netcoreapp3.1\NUnitTestProject.dll" adapterTypeName="executor://nunit3testexecutor/" className="NUnitTestProject.CurrencyHelperTests" name="FormatToStringTest1000(28992.38363400166d,&quot;28992.38 zł&quot;)" />
    </UnitTest>
    <UnitTest name="FormatToStringTest1000(19462.729986486367d,&quot;19462.73 zł&quot;)" storage="c:\projekty\nunittestproject\bin\debug\netcoreapp3.1\nunittestproject.dll" id="ed2b1e2d-f079-ec9f-030f-6c4deaa52702">
      <Execution id="afb5170d-7008-413e-89b6-261dfb9f768f" />
      <TestMethod codeBase="C:\Projekty\NUnitTestProject\bin\Debug\netcoreapp3.1\NUnitTestProject.dll" adapterTypeName="executor://nunit3testexecutor/" className="NUnitTestProject.CurrencyHelperTests" name="FormatToStringTest1000(19462.729986486367d,&quot;19462.73 zł&quot;)" />
    </UnitTest>
    <UnitTest name="FormatToStringTest1000(972.1468308629221d,&quot;972.15 zł&quot;)" storage="c:\projekty\nunittestproject\bin\debug\netcoreapp3.1\nunittestproject.dll" id="2cb249c3-2f01-c9f4-7658-4d0e9af8d192">
      <Execution id="3baa15c1-4c57-4bf6-b6a5-ff86a4508210" />
      <TestMethod codeBase="C:\Projekty\NUnitTestProject\bin\Debug\netcoreapp3.1\NUnitTestProject.dll" adapterTypeName="executor://nunit3testexecutor/" className="NUnitTestProject.CurrencyHelperTests" name="FormatToStringTest1000(972.1468308629221d,&quot;972.15 zł&quot;)" />
    </UnitTest>
    <UnitTest name="FormatToStringTest1000(46898.00219497783d,&quot;46898.00 zł&quot;)" storage="c:\projekty\nunittestproject\bin\debug\netcoreapp3.1\nunittestproject.dll" id="c2c62cce-7606-0af4-5c6b-a30ffe30b4ea">
      <Execution id="cd7db778-892b-4038-a6b5-11086588fa02" />
      <TestMethod codeBase="C:\Projekty\NUnitTestProject\bin\Debug\netcoreapp3.1\NUnitTestProject.dll" adapterTypeName="executor://nunit3testexecutor/" className="NUnitTestProject.CurrencyHelperTests" name="FormatToStringTest1000(46898.00219497783d,&quot;46898.00 zł&quot;)" />
    </UnitTest>
    <UnitTest name="FormatToStringTest1000(30360.993128030557d,&quot;30360.99 zł&quot;)" storage="c:\projekty\nunittestproject\bin\debug\netcoreapp3.1\nunittestproject.dll" id="c1b72bec-54e9-d72c-529e-b6b9932bdb7f">
      <Execution id="0abb99de-b181-4567-87ff-bf5585f31bf3" />
      <TestMethod codeBase="C:\Projekty\NUnitTestProject\bin\Debug\netcoreapp3.1\NUnitTestProject.dll" adapterTypeName="executor://nunit3testexecutor/" className="NUnitTestProject.CurrencyHelperTests" name="FormatToStringTest1000(30360.993128030557d,&quot;30360.99 zł&quot;)" />
    </UnitTest>
    <UnitTest name="FormatToStringTest1000(34951.47290410077d,&quot;34951.47 zł&quot;)" storage="c:\projekty\nunittestproject\bin\debug\netcoreapp3.1\nunittestproject.dll" id="32740214-c33e-96ad-e5a0-01c821ac0c2a">
      <Execution id="5726ca47-422a-4a3d-97d4-d60fdfa0a8e9" />
      <TestMethod codeBase="C:\Projekty\NUnitTestProject\bin\Debug\netcoreapp3.1\NUnitTestProject.dll" adapterTypeName="executor://nunit3testexecutor/" className="NUnitTestProject.CurrencyHelperTests" name="FormatToStringTest1000(34951.47290410077d,&quot;34951.47 zł&quot;)" />
    </UnitTest>
    <UnitTest name="FormatToStringTest1000(48428.38681602682d,&quot;48428.39 zł&quot;)" storage="c:\projekty\nunittestproject\bin\debug\netcoreapp3.1\nunittestproject.dll" id="13cdf8fd-2721-e597-055e-a54097abf685">
      <Execution id="b3283779-32ee-4ddd-a88b-c60859199ba3" />
      <TestMethod codeBase="C:\Projekty\NUnitTestProject\bin\Debug\netcoreapp3.1\NUnitTestProject.dll" adapterTypeName="executor://nunit3testexecutor/" className="NUnitTestProject.CurrencyHelperTests" name="FormatToStringTest1000(48428.38681602682d,&quot;48428.39 zł&quot;)" />
    </UnitTest>
    <UnitTest name="FormatToStringTest1000(40889.35187774214d,&quot;40889.35 zł&quot;)" storage="c:\projekty\nunittestproject\bin\debug\netcoreapp3.1\nunittestproject.dll" id="b7f6b02b-7701-48a7-6ef3-dc8df7e50575">
      <Execution id="b069b420-f2d1-44e8-bdd2-0c5e30d0c943" />
      <TestMethod codeBase="C:\Projekty\NUnitTestProject\bin\Debug\netcoreapp3.1\NUnitTestProject.dll" adapterTypeName="executor://nunit3testexecutor/" className="NUnitTestProject.CurrencyHelperTests" name="FormatToStringTest1000(40889.35187774214d,&quot;40889.35 zł&quot;)" />
    </UnitTest>
    <UnitTest name="FormatToStringTest1000(15313.083673952653d,&quot;15313.08 zł&quot;)" storage="c:\projekty\nunittestproject\bin\debug\netcoreapp3.1\nunittestproject.dll" id="84912826-9a40-9d59-76ff-2b9288e04c5b">
      <Execution id="0ea82b09-cfe7-4b84-bf74-b30af988d281" />
      <TestMethod codeBase="C:\Projekty\NUnitTestProject\bin\Debug\netcoreapp3.1\NUnitTestProject.dll" adapterTypeName="executor://nunit3testexecutor/" className="NUnitTestProject.CurrencyHelperTests" name="FormatToStringTest1000(15313.083673952653d,&quot;15313.08 zł&quot;)" />
    </UnitTest>
    <UnitTest name="FormatToStringTest1000(15600.245951180927d,&quot;15600.25 zł&quot;)" storage="c:\projekty\nunittestproject\bin\debug\netcoreapp3.1\nunittestproject.dll" id="9fc60cd8-d419-6ed6-ac2e-164788256e59">
      <Execution id="6ac5aa01-ea9e-453c-a35d-5859c216e8cf" />
      <TestMethod codeBase="C:\Projekty\NUnitTestProject\bin\Debug\netcoreapp3.1\NUnitTestProject.dll" adapterTypeName="executor://nunit3testexecutor/" className="NUnitTestProject.CurrencyHelperTests" name="FormatToStringTest1000(15600.245951180927d,&quot;15600.25 zł&quot;)" />
    </UnitTest>
    <UnitTest name="FormatToStringTest1000(12871.381729632794d,&quot;12871.38 zł&quot;)" storage="c:\projekty\nunittestproject\bin\debug\netcoreapp3.1\nunittestproject.dll" id="2ae061eb-7306-c193-04ca-269456b3b20b">
      <Execution id="2e343b79-e45d-467b-a207-cccc1c43458d" />
      <TestMethod codeBase="C:\Projekty\NUnitTestProject\bin\Debug\netcoreapp3.1\NUnitTestProject.dll" adapterTypeName="executor://nunit3testexecutor/" className="NUnitTestProject.CurrencyHelperTests" name="FormatToStringTest1000(12871.381729632794d,&quot;12871.38 zł&quot;)" />
    </UnitTest>
    <UnitTest name="FormatToStringTest1000(19006.315459580772d,&quot;19006.32 zł&quot;)" storage="c:\projekty\nunittestproject\bin\debug\netcoreapp3.1\nunittestproject.dll" id="da69ab52-f883-eabf-8235-9cb66a514e58">
      <Execution id="ca8a7908-2e27-498c-90fc-eac6fd2ce609" />
      <TestMethod codeBase="C:\Projekty\NUnitTestProject\bin\Debug\netcoreapp3.1\NUnitTestProject.dll" adapterTypeName="executor://nunit3testexecutor/" className="NUnitTestProject.CurrencyHelperTests" name="FormatToStringTest1000(19006.315459580772d,&quot;19006.32 zł&quot;)" />
    </UnitTest>
    <UnitTest name="FormatToStringTest1000(13414.3551766441d,&quot;13414.36 zł&quot;)" storage="c:\projekty\nunittestproject\bin\debug\netcoreapp3.1\nunittestproject.dll" id="6db05940-47de-0c9c-5b92-fcba99ecc227">
      <Execution id="e3182fd8-f43e-4f82-bf1a-f5e843a7bd19" />
      <TestMethod codeBase="C:\Projekty\NUnitTestProject\bin\Debug\netcoreapp3.1\NUnitTestProject.dll" adapterTypeName="executor://nunit3testexecutor/" className="NUnitTestProject.CurrencyHelperTests" name="FormatToStringTest1000(13414.3551766441d,&quot;13414.36 zł&quot;)" />
    </UnitTest>
    <UnitTest name="FormatToStringTest1000(115.26302841131717d,&quot;115.26 zł&quot;)" storage="c:\projekty\nunittestproject\bin\debug\netcoreapp3.1\nunittestproject.dll" id="510aaf45-0379-a668-36c0-4b4e838744ca">
      <Execution id="046b5c84-0fdd-490e-8920-189646144df4" />
      <TestMethod codeBase="C:\Projekty\NUnitTestProject\bin\Debug\netcoreapp3.1\NUnitTestProject.dll" adapterTypeName="executor://nunit3testexecutor/" className="NUnitTestProject.CurrencyHelperTests" name="FormatToStringTest1000(115.26302841131717d,&quot;115.26 zł&quot;)" />
    </UnitTest>
    <UnitTest name="FormatToStringTest1000(803.2448148733214d,&quot;803.24 zł&quot;)" storage="c:\projekty\nunittestproject\bin\debug\netcoreapp3.1\nunittestproject.dll" id="f1dc036c-9edd-e200-4e53-f62b2f9452ea">
      <Execution id="bf63545f-4bc7-4470-b793-f911bf858f86" />
      <TestMethod codeBase="C:\Projekty\NUnitTestProject\bin\Debug\netcoreapp3.1\NUnitTestProject.dll" adapterTypeName="executor://nunit3testexecutor/" className="NUnitTestProject.CurrencyHelperTests" name="FormatToStringTest1000(803.2448148733214d,&quot;803.24 zł&quot;)" />
    </UnitTest>
    <UnitTest name="FormatToStringTest1000(57237.252356975456d,&quot;57237.25 zł&quot;)" storage="c:\projekty\nunittestproject\bin\debug\netcoreapp3.1\nunittestproject.dll" id="f2da4add-4324-6352-9afd-0fe37f754b21">
      <Execution id="471ff775-f5d2-4efe-8cac-acb20b5b6ee4" />
      <TestMethod codeBase="C:\Projekty\NUnitTestProject\bin\Debug\netcoreapp3.1\NUnitTestProject.dll" adapterTypeName="executor://nunit3testexecutor/" className="NUnitTestProject.CurrencyHelperTests" name="FormatToStringTest1000(57237.252356975456d,&quot;57237.25 zł&quot;)" />
    </UnitTest>
    <UnitTest name="FormatToStringTest1000(1313.0279238368514d,&quot;1313.03 zł&quot;)" storage="c:\projekty\nunittestproject\bin\debug\netcoreapp3.1\nunittestproject.dll" id="9ac323b2-f4ee-1c5b-c335-774c81e0e08d">
      <Execution id="e2cf23b3-2279-4796-871f-4b212b593a76" />
      <TestMethod codeBase="C:\Projekty\NUnitTestProject\bin\Debug\netcoreapp3.1\NUnitTestProject.dll" adapterTypeName="executor://nunit3testexecutor/" className="NUnitTestProject.CurrencyHelperTests" name="FormatToStringTest1000(1313.0279238368514d,&quot;1313.03 zł&quot;)" />
    </UnitTest>
    <UnitTest name="FormatToStringTest1000(18340.935049000167d,&quot;18340.94 zł&quot;)" storage="c:\projekty\nunittestproject\bin\debug\netcoreapp3.1\nunittestproject.dll" id="c2d4c482-09cf-e240-a7e7-520d6f5ce617">
      <Execution id="f7d82d37-b011-4622-8edb-43346d7a98a2" />
      <TestMethod codeBase="C:\Projekty\NUnitTestProject\bin\Debug\netcoreapp3.1\NUnitTestProject.dll" adapterTypeName="executor://nunit3testexecutor/" className="NUnitTestProject.CurrencyHelperTests" name="FormatToStringTest1000(18340.935049000167d,&quot;18340.94 zł&quot;)" />
    </UnitTest>
    <UnitTest name="FormatToStringTest1000(6146.91236741278d,&quot;6146.91 zł&quot;)" storage="c:\projekty\nunittestproject\bin\debug\netcoreapp3.1\nunittestproject.dll" id="b41bb231-beda-2963-85d3-5ce48fa4ac9e">
      <Execution id="b1a12da8-17d7-43b9-9c60-ef60d47002ca" />
      <TestMethod codeBase="C:\Projekty\NUnitTestProject\bin\Debug\netcoreapp3.1\NUnitTestProject.dll" adapterTypeName="executor://nunit3testexecutor/" className="NUnitTestProject.CurrencyHelperTests" name="FormatToStringTest1000(6146.91236741278d,&quot;6146.91 zł&quot;)" />
    </UnitTest>
    <UnitTest name="FormatToStringTest1000(15624.452361264477d,&quot;15624.45 zł&quot;)" storage="c:\projekty\nunittestproject\bin\debug\netcoreapp3.1\nunittestproject.dll" id="f454394e-283b-6832-24e4-e862ec140984">
      <Execution id="6f4ef4e4-7dd0-49b5-abc8-b1459e67804a" />
      <TestMethod codeBase="C:\Projekty\NUnitTestProject\bin\Debug\netcoreapp3.1\NUnitTestProject.dll" adapterTypeName="executor://nunit3testexecutor/" className="NUnitTestProject.CurrencyHelperTests" name="FormatToStringTest1000(15624.452361264477d,&quot;15624.45 zł&quot;)" />
    </UnitTest>
    <UnitTest name="FormatToStringTest1000(49037.8109120586d,&quot;49037.81 zł&quot;)" storage="c:\projekty\nunittestproject\bin\debug\netcoreapp3.1\nunittestproject.dll" id="d54410c1-a007-adf6-a1dc-8caa96e947a3">
      <Execution id="61d61075-7e8a-4d94-958d-ee09389fb3c3" />
      <TestMethod codeBase="C:\Projekty\NUnitTestProject\bin\Debug\netcoreapp3.1\NUnitTestProject.dll" adapterTypeName="executor://nunit3testexecutor/" className="NUnitTestProject.CurrencyHelperTests" name="FormatToStringTest1000(49037.8109120586d,&quot;49037.81 zł&quot;)" />
    </UnitTest>
    <UnitTest name="FormatToStringTest1000(5957.42161879941d,&quot;5957.42 zł&quot;)" storage="c:\projekty\nunittestproject\bin\debug\netcoreapp3.1\nunittestproject.dll" id="c9bdc46f-9c2d-d658-e774-72448865739f">
      <Execution id="01f6c99b-a80c-407c-9b82-06152964b60e" />
      <TestMethod codeBase="C:\Projekty\NUnitTestProject\bin\Debug\netcoreapp3.1\NUnitTestProject.dll" adapterTypeName="executor://nunit3testexecutor/" className="NUnitTestProject.CurrencyHelperTests" name="FormatToStringTest1000(5957.42161879941d,&quot;5957.42 zł&quot;)" />
    </UnitTest>
    <UnitTest name="FormatToStringTest1000(19363.881840787773d,&quot;19363.88 zł&quot;)" storage="c:\projekty\nunittestproject\bin\debug\netcoreapp3.1\nunittestproject.dll" id="c5316b43-7086-7b8f-266a-feedd9573c48">
      <Execution id="d6a37284-e5b2-45f1-8359-b37000b2a91f" />
      <TestMethod codeBase="C:\Projekty\NUnitTestProject\bin\Debug\netcoreapp3.1\NUnitTestProject.dll" adapterTypeName="executor://nunit3testexecutor/" className="NUnitTestProject.CurrencyHelperTests" name="FormatToStringTest1000(19363.881840787773d,&quot;19363.88 zł&quot;)" />
    </UnitTest>
    <UnitTest name="FormatToStringTest1000(1208.1827589441941d,&quot;1208.18 zł&quot;)" storage="c:\projekty\nunittestproject\bin\debug\netcoreapp3.1\nunittestproject.dll" id="726ca756-5ddd-cb5f-72a7-3e3a70b8c971">
      <Execution id="eb3daaca-8b99-4765-b8d8-f6a4895b5d2a" />
      <TestMethod codeBase="C:\Projekty\NUnitTestProject\bin\Debug\netcoreapp3.1\NUnitTestProject.dll" adapterTypeName="executor://nunit3testexecutor/" className="NUnitTestProject.CurrencyHelperTests" name="FormatToStringTest1000(1208.1827589441941d,&quot;1208.18 zł&quot;)" />
    </UnitTest>
    <UnitTest name="FormatToStringTest1000(14137.400697779563d,&quot;14137.40 zł&quot;)" storage="c:\projekty\nunittestproject\bin\debug\netcoreapp3.1\nunittestproject.dll" id="617c3175-15cb-3321-36a3-871fc366b75b">
      <Execution id="ec79767b-423e-440e-bbd6-0a7dc71ad579" />
      <TestMethod codeBase="C:\Projekty\NUnitTestProject\bin\Debug\netcoreapp3.1\NUnitTestProject.dll" adapterTypeName="executor://nunit3testexecutor/" className="NUnitTestProject.CurrencyHelperTests" name="FormatToStringTest1000(14137.400697779563d,&quot;14137.40 zł&quot;)" />
    </UnitTest>
    <UnitTest name="FormatToStringTest1000(643.3550376181281d,&quot;643.36 zł&quot;)" storage="c:\projekty\nunittestproject\bin\debug\netcoreapp3.1\nunittestproject.dll" id="69564ef2-123d-d3db-baf6-6a27b0eb9c23">
      <Execution id="85de20c5-cc0f-4560-bd2b-1809969a44f4" />
      <TestMethod codeBase="C:\Projekty\NUnitTestProject\bin\Debug\netcoreapp3.1\NUnitTestProject.dll" adapterTypeName="executor://nunit3testexecutor/" className="NUnitTestProject.CurrencyHelperTests" name="FormatToStringTest1000(643.3550376181281d,&quot;643.36 zł&quot;)" />
    </UnitTest>
    <UnitTest name="FormatToStringTest1000(4919.073526169674d,&quot;4919.07 zł&quot;)" storage="c:\projekty\nunittestproject\bin\debug\netcoreapp3.1\nunittestproject.dll" id="c769eba8-ab90-c528-a852-a01f625e896b">
      <Execution id="35890307-2629-410f-a06c-a9cfbe81aa8b" />
      <TestMethod codeBase="C:\Projekty\NUnitTestProject\bin\Debug\netcoreapp3.1\NUnitTestProject.dll" adapterTypeName="executor://nunit3testexecutor/" className="NUnitTestProject.CurrencyHelperTests" name="FormatToStringTest1000(4919.073526169674d,&quot;4919.07 zł&quot;)" />
    </UnitTest>
    <UnitTest name="FormatToStringTest1000(6429.44273095552d,&quot;6429.44 zł&quot;)" storage="c:\projekty\nunittestproject\bin\debug\netcoreapp3.1\nunittestproject.dll" id="96997772-f691-ce37-8af7-583f0500af76">
      <Execution id="2516863e-fb46-42de-989f-8d64bf890eeb" />
      <TestMethod codeBase="C:\Projekty\NUnitTestProject\bin\Debug\netcoreapp3.1\NUnitTestProject.dll" adapterTypeName="executor://nunit3testexecutor/" className="NUnitTestProject.CurrencyHelperTests" name="FormatToStringTest1000(6429.44273095552d,&quot;6429.44 zł&quot;)" />
    </UnitTest>
    <UnitTest name="FormatToStringTest1000(3270.482477338743d,&quot;3270.48 zł&quot;)" storage="c:\projekty\nunittestproject\bin\debug\netcoreapp3.1\nunittestproject.dll" id="20901353-a2d3-ecac-3452-4c8d3e93293d">
      <Execution id="4a0b795e-3910-48fa-b599-0e540985396b" />
      <TestMethod codeBase="C:\Projekty\NUnitTestProject\bin\Debug\netcoreapp3.1\NUnitTestProject.dll" adapterTypeName="executor://nunit3testexecutor/" className="NUnitTestProject.CurrencyHelperTests" name="FormatToStringTest1000(3270.482477338743d,&quot;3270.48 zł&quot;)" />
    </UnitTest>
    <UnitTest name="FormatToStringTest1000(11796.576829059317d,&quot;11796.58 zł&quot;)" storage="c:\projekty\nunittestproject\bin\debug\netcoreapp3.1\nunittestproject.dll" id="803aabd0-814c-fa5a-ba0b-84820a2be95d">
      <Execution id="6096ca3a-c169-41db-a7b5-9c34664a5345" />
      <TestMethod codeBase="C:\Projekty\NUnitTestProject\bin\Debug\netcoreapp3.1\NUnitTestProject.dll" adapterTypeName="executor://nunit3testexecutor/" className="NUnitTestProject.CurrencyHelperTests" name="FormatToStringTest1000(11796.576829059317d,&quot;11796.58 zł&quot;)" />
    </UnitTest>
    <UnitTest name="FormatToStringTest1000(78822.37212685234d,&quot;78822.37 zł&quot;)" storage="c:\projekty\nunittestproject\bin\debug\netcoreapp3.1\nunittestproject.dll" id="46c08f6b-08d4-7992-5df4-ed97e4b42fc1">
      <Execution id="bb4940f5-638a-4eb1-8fba-efb2751c2853" />
      <TestMethod codeBase="C:\Projekty\NUnitTestProject\bin\Debug\netcoreapp3.1\NUnitTestProject.dll" adapterTypeName="executor://nunit3testexecutor/" className="NUnitTestProject.CurrencyHelperTests" name="FormatToStringTest1000(78822.37212685234d,&quot;78822.37 zł&quot;)" />
    </UnitTest>
    <UnitTest name="FormatToStringTest1000(8013.1229931903645d,&quot;8013.12 zł&quot;)" storage="c:\projekty\nunittestproject\bin\debug\netcoreapp3.1\nunittestproject.dll" id="333aaef5-a204-ff89-a246-bb5035b09f90">
      <Execution id="c8b1a87a-329e-4924-9e42-4af539e35b5c" />
      <TestMethod codeBase="C:\Projekty\NUnitTestProject\bin\Debug\netcoreapp3.1\NUnitTestProject.dll" adapterTypeName="executor://nunit3testexecutor/" className="NUnitTestProject.CurrencyHelperTests" name="FormatToStringTest1000(8013.1229931903645d,&quot;8013.12 zł&quot;)" />
    </UnitTest>
    <UnitTest name="FormatToStringTest1000(15861.139287455073d,&quot;15861.14 zł&quot;)" storage="c:\projekty\nunittestproject\bin\debug\netcoreapp3.1\nunittestproject.dll" id="632ea7a5-ff19-c828-ab06-71f1c1ae0c57">
      <Execution id="446cf848-0322-4a7d-850a-2bcbf6c6a9bd" />
      <TestMethod codeBase="C:\Projekty\NUnitTestProject\bin\Debug\netcoreapp3.1\NUnitTestProject.dll" adapterTypeName="executor://nunit3testexecutor/" className="NUnitTestProject.CurrencyHelperTests" name="FormatToStringTest1000(15861.139287455073d,&quot;15861.14 zł&quot;)" />
    </UnitTest>
    <UnitTest name="FormatToStringTest1000(16161.963229990548d,&quot;16161.96 zł&quot;)" storage="c:\projekty\nunittestproject\bin\debug\netcoreapp3.1\nunittestproject.dll" id="d2a2118e-f836-73de-010f-9e6a0f9038b3">
      <Execution id="dcf67f19-d2e3-4302-8240-708823b02ee1" />
      <TestMethod codeBase="C:\Projekty\NUnitTestProject\bin\Debug\netcoreapp3.1\NUnitTestProject.dll" adapterTypeName="executor://nunit3testexecutor/" className="NUnitTestProject.CurrencyHelperTests" name="FormatToStringTest1000(16161.963229990548d,&quot;16161.96 zł&quot;)" />
    </UnitTest>
    <UnitTest name="FormatToStringTest1000(87505.85936583664d,&quot;87505.86 zł&quot;)" storage="c:\projekty\nunittestproject\bin\debug\netcoreapp3.1\nunittestproject.dll" id="4662df59-28c1-5a49-3a88-d0d7d9c3969d">
      <Execution id="45c3b7cf-6cf5-4d51-bc0a-d88721ba3353" />
      <TestMethod codeBase="C:\Projekty\NUnitTestProject\bin\Debug\netcoreapp3.1\NUnitTestProject.dll" adapterTypeName="executor://nunit3testexecutor/" className="NUnitTestProject.CurrencyHelperTests" name="FormatToStringTest1000(87505.85936583664d,&quot;87505.86 zł&quot;)" />
    </UnitTest>
    <UnitTest name="FormatToStringTest1000(1687.5965557361937d,&quot;1687.60 zł&quot;)" storage="c:\projekty\nunittestproject\bin\debug\netcoreapp3.1\nunittestproject.dll" id="5196bde9-6c75-174a-8f79-d717861ecd56">
      <Execution id="aa4e65bd-3ec7-40ef-9542-0fce02f432f8" />
      <TestMethod codeBase="C:\Projekty\NUnitTestProject\bin\Debug\netcoreapp3.1\NUnitTestProject.dll" adapterTypeName="executor://nunit3testexecutor/" className="NUnitTestProject.CurrencyHelperTests" name="FormatToStringTest1000(1687.5965557361937d,&quot;1687.60 zł&quot;)" />
    </UnitTest>
    <UnitTest name="FormatToStringTest1000(3907.8681317963024d,&quot;3907.87 zł&quot;)" storage="c:\projekty\nunittestproject\bin\debug\netcoreapp3.1\nunittestproject.dll" id="ef8e2842-4b56-3143-8747-c2adcd3e7a1d">
      <Execution id="0e1f042e-6415-4dd8-ba1b-54ae0cd1d23b" />
      <TestMethod codeBase="C:\Projekty\NUnitTestProject\bin\Debug\netcoreapp3.1\NUnitTestProject.dll" adapterTypeName="executor://nunit3testexecutor/" className="NUnitTestProject.CurrencyHelperTests" name="FormatToStringTest1000(3907.8681317963024d,&quot;3907.87 zł&quot;)" />
    </UnitTest>
    <UnitTest name="FormatToStringTest1000(2435.1995505835857d,&quot;2435.20 zł&quot;)" storage="c:\projekty\nunittestproject\bin\debug\netcoreapp3.1\nunittestproject.dll" id="ed9a5b1b-624c-3396-5757-abd8e668541b">
      <Execution id="9cd48ecc-6918-4aa1-a501-f20b324609a9" />
      <TestMethod codeBase="C:\Projekty\NUnitTestProject\bin\Debug\netcoreapp3.1\NUnitTestProject.dll" adapterTypeName="executor://nunit3testexecutor/" className="NUnitTestProject.CurrencyHelperTests" name="FormatToStringTest1000(2435.1995505835857d,&quot;2435.20 zł&quot;)" />
    </UnitTest>
    <UnitTest name="FormatToStringTest1000(2975.6892256134606d,&quot;2975.69 zł&quot;)" storage="c:\projekty\nunittestproject\bin\debug\netcoreapp3.1\nunittestproject.dll" id="30678609-1c69-68ef-6a0d-4b6cf4e5979d">
      <Execution id="8b2996e1-2fb3-4850-9406-7c01140617a9" />
      <TestMethod codeBase="C:\Projekty\NUnitTestProject\bin\Debug\netcoreapp3.1\NUnitTestProject.dll" adapterTypeName="executor://nunit3testexecutor/" className="NUnitTestProject.CurrencyHelperTests" name="FormatToStringTest1000(2975.6892256134606d,&quot;2975.69 zł&quot;)" />
    </UnitTest>
    <UnitTest name="FormatToStringTest1000(486.15309567942893d,&quot;486.15 zł&quot;)" storage="c:\projekty\nunittestproject\bin\debug\netcoreapp3.1\nunittestproject.dll" id="fb0ce41f-cede-9ac7-f047-8c3573f30f7e">
      <Execution id="c9224093-4009-4b3e-90da-00f770abcf99" />
      <TestMethod codeBase="C:\Projekty\NUnitTestProject\bin\Debug\netcoreapp3.1\NUnitTestProject.dll" adapterTypeName="executor://nunit3testexecutor/" className="NUnitTestProject.CurrencyHelperTests" name="FormatToStringTest1000(486.15309567942893d,&quot;486.15 zł&quot;)" />
    </UnitTest>
    <UnitTest name="FormatToStringTest1000(11175.438820935526d,&quot;11175.44 zł&quot;)" storage="c:\projekty\nunittestproject\bin\debug\netcoreapp3.1\nunittestproject.dll" id="5eb51ac6-bd9f-5d8a-8a44-d83118d83beb">
      <Execution id="3215aabe-1f8d-415d-a57e-43e9ce3597d2" />
      <TestMethod codeBase="C:\Projekty\NUnitTestProject\bin\Debug\netcoreapp3.1\NUnitTestProject.dll" adapterTypeName="executor://nunit3testexecutor/" className="NUnitTestProject.CurrencyHelperTests" name="FormatToStringTest1000(11175.438820935526d,&quot;11175.44 zł&quot;)" />
    </UnitTest>
    <UnitTest name="FormatToStringTest1000(3270.286035661719d,&quot;3270.29 zł&quot;)" storage="c:\projekty\nunittestproject\bin\debug\netcoreapp3.1\nunittestproject.dll" id="b5cd9d3c-6e7d-bae4-881c-4092ac2390ce">
      <Execution id="b9c724d5-c741-4b52-a58a-c9027b27fa53" />
      <TestMethod codeBase="C:\Projekty\NUnitTestProject\bin\Debug\netcoreapp3.1\NUnitTestProject.dll" adapterTypeName="executor://nunit3testexecutor/" className="NUnitTestProject.CurrencyHelperTests" name="FormatToStringTest1000(3270.286035661719d,&quot;3270.29 zł&quot;)" />
    </UnitTest>
    <UnitTest name="FormatToStringTest1000(5504.094303639184d,&quot;5504.09 zł&quot;)" storage="c:\projekty\nunittestproject\bin\debug\netcoreapp3.1\nunittestproject.dll" id="99a10c59-9aed-054b-9f26-15805af85148">
      <Execution id="319948af-11d9-4018-9810-7ae156102bed" />
      <TestMethod codeBase="C:\Projekty\NUnitTestProject\bin\Debug\netcoreapp3.1\NUnitTestProject.dll" adapterTypeName="executor://nunit3testexecutor/" className="NUnitTestProject.CurrencyHelperTests" name="FormatToStringTest1000(5504.094303639184d,&quot;5504.09 zł&quot;)" />
    </UnitTest>
    <UnitTest name="FormatToStringTest1000(20249.56614074277d,&quot;20249.57 zł&quot;)" storage="c:\projekty\nunittestproject\bin\debug\netcoreapp3.1\nunittestproject.dll" id="2553ac6b-8c4b-c989-c2b1-742cbb8f417e">
      <Execution id="2d8bead8-c3f7-4b14-8fcf-801bd5152ad1" />
      <TestMethod codeBase="C:\Projekty\NUnitTestProject\bin\Debug\netcoreapp3.1\NUnitTestProject.dll" adapterTypeName="executor://nunit3testexecutor/" className="NUnitTestProject.CurrencyHelperTests" name="FormatToStringTest1000(20249.56614074277d,&quot;20249.57 zł&quot;)" />
    </UnitTest>
    <UnitTest name="FormatToStringTest1000(36893.66238331593d,&quot;36893.66 zł&quot;)" storage="c:\projekty\nunittestproject\bin\debug\netcoreapp3.1\nunittestproject.dll" id="2035ba59-2ee2-badb-15b9-a8ffa8fcf57c">
      <Execution id="54290bef-c6f6-41bb-bb36-dbc2c160dc29" />
      <TestMethod codeBase="C:\Projekty\NUnitTestProject\bin\Debug\netcoreapp3.1\NUnitTestProject.dll" adapterTypeName="executor://nunit3testexecutor/" className="NUnitTestProject.CurrencyHelperTests" name="FormatToStringTest1000(36893.66238331593d,&quot;36893.66 zł&quot;)" />
    </UnitTest>
    <UnitTest name="FormatToStringTest1000(30031.89550569323d,&quot;30031.90 zł&quot;)" storage="c:\projekty\nunittestproject\bin\debug\netcoreapp3.1\nunittestproject.dll" id="ff64b042-e70f-6e34-60aa-4c59131392ce">
      <Execution id="1c782532-a3fe-454e-b619-1daf3de28039" />
      <TestMethod codeBase="C:\Projekty\NUnitTestProject\bin\Debug\netcoreapp3.1\NUnitTestProject.dll" adapterTypeName="executor://nunit3testexecutor/" className="NUnitTestProject.CurrencyHelperTests" name="FormatToStringTest1000(30031.89550569323d,&quot;30031.90 zł&quot;)" />
    </UnitTest>
    <UnitTest name="FormatToStringTest1000(11989.099505855282d,&quot;11989.10 zł&quot;)" storage="c:\projekty\nunittestproject\bin\debug\netcoreapp3.1\nunittestproject.dll" id="837c6681-7a11-fda1-e2c1-66903c24de53">
      <Execution id="a9393839-242c-458b-a2ec-2f0262bcd79f" />
      <TestMethod codeBase="C:\Projekty\NUnitTestProject\bin\Debug\netcoreapp3.1\NUnitTestProject.dll" adapterTypeName="executor://nunit3testexecutor/" className="NUnitTestProject.CurrencyHelperTests" name="FormatToStringTest1000(11989.099505855282d,&quot;11989.10 zł&quot;)" />
    </UnitTest>
    <UnitTest name="FormatToStringTest1000(27794.8671353957d,&quot;27794.87 zł&quot;)" storage="c:\projekty\nunittestproject\bin\debug\netcoreapp3.1\nunittestproject.dll" id="c1a27935-5451-ecaa-f0f8-7b140e2bc422">
      <Execution id="328de68d-314d-4082-b4a5-88576cd27ef3" />
      <TestMethod codeBase="C:\Projekty\NUnitTestProject\bin\Debug\netcoreapp3.1\NUnitTestProject.dll" adapterTypeName="executor://nunit3testexecutor/" className="NUnitTestProject.CurrencyHelperTests" name="FormatToStringTest1000(27794.8671353957d,&quot;27794.87 zł&quot;)" />
    </UnitTest>
    <UnitTest name="FormatToStringTest1000(28579.14698705503d,&quot;28579.15 zł&quot;)" storage="c:\projekty\nunittestproject\bin\debug\netcoreapp3.1\nunittestproject.dll" id="2fd4fb21-86aa-48b4-d55c-838ac3bda4eb">
      <Execution id="adc1e331-4de4-4c5d-868c-d45ac0eb6a4e" />
      <TestMethod codeBase="C:\Projekty\NUnitTestProject\bin\Debug\netcoreapp3.1\NUnitTestProject.dll" adapterTypeName="executor://nunit3testexecutor/" className="NUnitTestProject.CurrencyHelperTests" name="FormatToStringTest1000(28579.14698705503d,&quot;28579.15 zł&quot;)" />
    </UnitTest>
    <UnitTest name="FormatToStringTest1000(66764.31690498316d,&quot;66764.32 zł&quot;)" storage="c:\projekty\nunittestproject\bin\debug\netcoreapp3.1\nunittestproject.dll" id="ebfb6fa8-ee3c-3dd3-7dbb-2004376b7edb">
      <Execution id="8eff7201-8be1-4219-8712-023963144b16" />
      <TestMethod codeBase="C:\Projekty\NUnitTestProject\bin\Debug\netcoreapp3.1\NUnitTestProject.dll" adapterTypeName="executor://nunit3testexecutor/" className="NUnitTestProject.CurrencyHelperTests" name="FormatToStringTest1000(66764.31690498316d,&quot;66764.32 zł&quot;)" />
    </UnitTest>
    <UnitTest name="FormatToStringTest1000(48449.85582609189d,&quot;48449.86 zł&quot;)" storage="c:\projekty\nunittestproject\bin\debug\netcoreapp3.1\nunittestproject.dll" id="f4a21ccd-5b4f-d613-e7b9-440db30d38e4">
      <Execution id="5bd5099c-f94e-4330-ad66-5bcafc4c34aa" />
      <TestMethod codeBase="C:\Projekty\NUnitTestProject\bin\Debug\netcoreapp3.1\NUnitTestProject.dll" adapterTypeName="executor://nunit3testexecutor/" className="NUnitTestProject.CurrencyHelperTests" name="FormatToStringTest1000(48449.85582609189d,&quot;48449.86 zł&quot;)" />
    </UnitTest>
    <UnitTest name="FormatToStringTest1000(7348.947429818543d,&quot;7348.95 zł&quot;)" storage="c:\projekty\nunittestproject\bin\debug\netcoreapp3.1\nunittestproject.dll" id="f995d454-4ebf-d775-1609-24b3016af07c">
      <Execution id="1059f2e4-3f94-4048-b148-238fac54d44d" />
      <TestMethod codeBase="C:\Projekty\NUnitTestProject\bin\Debug\netcoreapp3.1\NUnitTestProject.dll" adapterTypeName="executor://nunit3testexecutor/" className="NUnitTestProject.CurrencyHelperTests" name="FormatToStringTest1000(7348.947429818543d,&quot;7348.95 zł&quot;)" />
    </UnitTest>
    <UnitTest name="FormatToStringTest1000(6864.093052674129d,&quot;6864.09 zł&quot;)" storage="c:\projekty\nunittestproject\bin\debug\netcoreapp3.1\nunittestproject.dll" id="b700fa6d-df15-3228-9006-81a0fe0edb31">
      <Execution id="5a039e28-c318-4ef5-9db4-405273d1cab3" />
      <TestMethod codeBase="C:\Projekty\NUnitTestProject\bin\Debug\netcoreapp3.1\NUnitTestProject.dll" adapterTypeName="executor://nunit3testexecutor/" className="NUnitTestProject.CurrencyHelperTests" name="FormatToStringTest1000(6864.093052674129d,&quot;6864.09 zł&quot;)" />
    </UnitTest>
    <UnitTest name="FormatToStringTest1000(55457.96873490278d,&quot;55457.97 zł&quot;)" storage="c:\projekty\nunittestproject\bin\debug\netcoreapp3.1\nunittestproject.dll" id="adedbc1e-8d02-07f8-2158-2d31b0c1df72">
      <Execution id="993e6527-5ae3-475c-9025-ff5f05d86836" />
      <TestMethod codeBase="C:\Projekty\NUnitTestProject\bin\Debug\netcoreapp3.1\NUnitTestProject.dll" adapterTypeName="executor://nunit3testexecutor/" className="NUnitTestProject.CurrencyHelperTests" name="FormatToStringTest1000(55457.96873490278d,&quot;55457.97 zł&quot;)" />
    </UnitTest>
    <UnitTest name="FormatToStringTest1000(32732.81915128502d,&quot;32732.82 zł&quot;)" storage="c:\projekty\nunittestproject\bin\debug\netcoreapp3.1\nunittestproject.dll" id="72246d42-3df4-5454-c0c9-cf24737deb1a">
      <Execution id="80519c80-144e-4ca0-b5ae-010ce716e831" />
      <TestMethod codeBase="C:\Projekty\NUnitTestProject\bin\Debug\netcoreapp3.1\NUnitTestProject.dll" adapterTypeName="executor://nunit3testexecutor/" className="NUnitTestProject.CurrencyHelperTests" name="FormatToStringTest1000(32732.81915128502d,&quot;32732.82 zł&quot;)" />
    </UnitTest>
    <UnitTest name="FormatToStringTest1000(38904.87092920806d,&quot;38904.87 zł&quot;)" storage="c:\projekty\nunittestproject\bin\debug\netcoreapp3.1\nunittestproject.dll" id="0cdea9b8-a5e3-2983-1ccb-d986de17659d">
      <Execution id="288a4e80-18c0-4792-be26-541a040b9b80" />
      <TestMethod codeBase="C:\Projekty\NUnitTestProject\bin\Debug\netcoreapp3.1\NUnitTestProject.dll" adapterTypeName="executor://nunit3testexecutor/" className="NUnitTestProject.CurrencyHelperTests" name="FormatToStringTest1000(38904.87092920806d,&quot;38904.87 zł&quot;)" />
    </UnitTest>
    <UnitTest name="FormatToStringTest1000(38614.292320713066d,&quot;38614.29 zł&quot;)" storage="c:\projekty\nunittestproject\bin\debug\netcoreapp3.1\nunittestproject.dll" id="199abf60-5b5b-94b6-b04f-a3e4d911fd34">
      <Execution id="9ab8cda3-b239-4e04-a118-4c1dcf56a59d" />
      <TestMethod codeBase="C:\Projekty\NUnitTestProject\bin\Debug\netcoreapp3.1\NUnitTestProject.dll" adapterTypeName="executor://nunit3testexecutor/" className="NUnitTestProject.CurrencyHelperTests" name="FormatToStringTest1000(38614.292320713066d,&quot;38614.29 zł&quot;)" />
    </UnitTest>
    <UnitTest name="FormatToStringTest1000(31340.79231238914d,&quot;31340.79 zł&quot;)" storage="c:\projekty\nunittestproject\bin\debug\netcoreapp3.1\nunittestproject.dll" id="513b5d8b-983e-b793-a988-3659c0ad4956">
      <Execution id="b5190daf-dfc4-456a-bd18-8d69d3b3d488" />
      <TestMethod codeBase="C:\Projekty\NUnitTestProject\bin\Debug\netcoreapp3.1\NUnitTestProject.dll" adapterTypeName="executor://nunit3testexecutor/" className="NUnitTestProject.CurrencyHelperTests" name="FormatToStringTest1000(31340.79231238914d,&quot;31340.79 zł&quot;)" />
    </UnitTest>
    <UnitTest name="FormatToStringTest1000(13453.429998117233d,&quot;13453.43 zł&quot;)" storage="c:\projekty\nunittestproject\bin\debug\netcoreapp3.1\nunittestproject.dll" id="a3a785ff-5f15-1809-0327-13b742192f57">
      <Execution id="9042d237-d1b3-4b68-bc4a-869cfc20ed12" />
      <TestMethod codeBase="C:\Projekty\NUnitTestProject\bin\Debug\netcoreapp3.1\NUnitTestProject.dll" adapterTypeName="executor://nunit3testexecutor/" className="NUnitTestProject.CurrencyHelperTests" name="FormatToStringTest1000(13453.429998117233d,&quot;13453.43 zł&quot;)" />
    </UnitTest>
    <UnitTest name="FormatToStringTest1000(21961.272673999552d,&quot;21961.27 zł&quot;)" storage="c:\projekty\nunittestproject\bin\debug\netcoreapp3.1\nunittestproject.dll" id="7265e4fd-f7ba-8572-e525-8b365c7360c6">
      <Execution id="48bf461a-3c97-4c0a-83d8-c6f3aa2a39d7" />
      <TestMethod codeBase="C:\Projekty\NUnitTestProject\bin\Debug\netcoreapp3.1\NUnitTestProject.dll" adapterTypeName="executor://nunit3testexecutor/" className="NUnitTestProject.CurrencyHelperTests" name="FormatToStringTest1000(21961.272673999552d,&quot;21961.27 zł&quot;)" />
    </UnitTest>
    <UnitTest name="FormatToStringTest1000(27852.532163303127d,&quot;27852.53 zł&quot;)" storage="c:\projekty\nunittestproject\bin\debug\netcoreapp3.1\nunittestproject.dll" id="32711e52-56ae-2f9f-7aac-180402232486">
      <Execution id="8e65e4bb-c1f6-4bf8-8c0b-3da5c5de6a4a" />
      <TestMethod codeBase="C:\Projekty\NUnitTestProject\bin\Debug\netcoreapp3.1\NUnitTestProject.dll" adapterTypeName="executor://nunit3testexecutor/" className="NUnitTestProject.CurrencyHelperTests" name="FormatToStringTest1000(27852.532163303127d,&quot;27852.53 zł&quot;)" />
    </UnitTest>
    <UnitTest name="FormatToStringTest1000(29845.02749849345d,&quot;29845.03 zł&quot;)" storage="c:\projekty\nunittestproject\bin\debug\netcoreapp3.1\nunittestproject.dll" id="ddcae2eb-b1a6-813a-a49c-5333a490205e">
      <Execution id="ba19e83e-e26e-424b-b67d-c11b3ae01372" />
      <TestMethod codeBase="C:\Projekty\NUnitTestProject\bin\Debug\netcoreapp3.1\NUnitTestProject.dll" adapterTypeName="executor://nunit3testexecutor/" className="NUnitTestProject.CurrencyHelperTests" name="FormatToStringTest1000(29845.02749849345d,&quot;29845.03 zł&quot;)" />
    </UnitTest>
    <UnitTest name="FormatToStringTest1000(73151.83675918348d,&quot;73151.84 zł&quot;)" storage="c:\projekty\nunittestproject\bin\debug\netcoreapp3.1\nunittestproject.dll" id="3ec04580-c747-9bc8-6ea0-e87ec6ca04ad">
      <Execution id="cb46d13e-317a-47f2-b442-c12a24806e74" />
      <TestMethod codeBase="C:\Projekty\NUnitTestProject\bin\Debug\netcoreapp3.1\NUnitTestProject.dll" adapterTypeName="executor://nunit3testexecutor/" className="NUnitTestProject.CurrencyHelperTests" name="FormatToStringTest1000(73151.83675918348d,&quot;73151.84 zł&quot;)" />
    </UnitTest>
    <UnitTest name="FormatToStringTest1000(6820.105136090938d,&quot;6820.11 zł&quot;)" storage="c:\projekty\nunittestproject\bin\debug\netcoreapp3.1\nunittestproject.dll" id="c799afbc-d101-a624-f73a-4e94981b0f2a">
      <Execution id="4aa62b5b-b3aa-47a2-8961-e6fabdb6560c" />
      <TestMethod codeBase="C:\Projekty\NUnitTestProject\bin\Debug\netcoreapp3.1\NUnitTestProject.dll" adapterTypeName="executor://nunit3testexecutor/" className="NUnitTestProject.CurrencyHelperTests" name="FormatToStringTest1000(6820.105136090938d,&quot;6820.11 zł&quot;)" />
    </UnitTest>
    <UnitTest name="FormatToStringTest1000(52888.48934243642d,&quot;52888.49 zł&quot;)" storage="c:\projekty\nunittestproject\bin\debug\netcoreapp3.1\nunittestproject.dll" id="b8d38453-fb40-0cfb-4e20-39c788746328">
      <Execution id="aac4b89b-9458-457d-9b1d-080ea690bafc" />
      <TestMethod codeBase="C:\Projekty\NUnitTestProject\bin\Debug\netcoreapp3.1\NUnitTestProject.dll" adapterTypeName="executor://nunit3testexecutor/" className="NUnitTestProject.CurrencyHelperTests" name="FormatToStringTest1000(52888.48934243642d,&quot;52888.49 zł&quot;)" />
    </UnitTest>
    <UnitTest name="FormatToStringTest1000(66541.05112730109d,&quot;66541.05 zł&quot;)" storage="c:\projekty\nunittestproject\bin\debug\netcoreapp3.1\nunittestproject.dll" id="a1148d07-bacb-7b60-5bda-bc014fb00c20">
      <Execution id="2650c5f4-1bad-4b00-9fad-b1ffff64c0ac" />
      <TestMethod codeBase="C:\Projekty\NUnitTestProject\bin\Debug\netcoreapp3.1\NUnitTestProject.dll" adapterTypeName="executor://nunit3testexecutor/" className="NUnitTestProject.CurrencyHelperTests" name="FormatToStringTest1000(66541.05112730109d,&quot;66541.05 zł&quot;)" />
    </UnitTest>
    <UnitTest name="FormatToStringTest1000(54275.73209373408d,&quot;54275.73 zł&quot;)" storage="c:\projekty\nunittestproject\bin\debug\netcoreapp3.1\nunittestproject.dll" id="4cc9a860-8c52-40a5-a7c1-0a80270c71a6">
      <Execution id="8c42b6d8-5855-4473-8a90-839bc66ebbeb" />
      <TestMethod codeBase="C:\Projekty\NUnitTestProject\bin\Debug\netcoreapp3.1\NUnitTestProject.dll" adapterTypeName="executor://nunit3testexecutor/" className="NUnitTestProject.CurrencyHelperTests" name="FormatToStringTest1000(54275.73209373408d,&quot;54275.73 zł&quot;)" />
    </UnitTest>
    <UnitTest name="FormatToStringTest1000(28192.949128067565d,&quot;28192.95 zł&quot;)" storage="c:\projekty\nunittestproject\bin\debug\netcoreapp3.1\nunittestproject.dll" id="4b09d9c5-8012-6286-2d8c-2f6f560e7a3d">
      <Execution id="6aa22f06-c7ec-45aa-b6ae-a5832ec45fc4" />
      <TestMethod codeBase="C:\Projekty\NUnitTestProject\bin\Debug\netcoreapp3.1\NUnitTestProject.dll" adapterTypeName="executor://nunit3testexecutor/" className="NUnitTestProject.CurrencyHelperTests" name="FormatToStringTest1000(28192.949128067565d,&quot;28192.95 zł&quot;)" />
    </UnitTest>
    <UnitTest name="FormatToStringTest1000(24570.65594858893d,&quot;24570.66 zł&quot;)" storage="c:\projekty\nunittestproject\bin\debug\netcoreapp3.1\nunittestproject.dll" id="a2988576-488b-e6d4-a498-af48b96efbdb">
      <Execution id="619f4215-f287-45ed-b0ef-7a79658a576f" />
      <TestMethod codeBase="C:\Projekty\NUnitTestProject\bin\Debug\netcoreapp3.1\NUnitTestProject.dll" adapterTypeName="executor://nunit3testexecutor/" className="NUnitTestProject.CurrencyHelperTests" name="FormatToStringTest1000(24570.65594858893d,&quot;24570.66 zł&quot;)" />
    </UnitTest>
    <UnitTest name="FormatToStringTest1000(14218.204344010543d,&quot;14218.20 zł&quot;)" storage="c:\projekty\nunittestproject\bin\debug\netcoreapp3.1\nunittestproject.dll" id="6e94a57e-5259-7bdc-f138-c47a49ede1a1">
      <Execution id="cc6c801d-a608-4c93-bfb9-19458fcd8ca5" />
      <TestMethod codeBase="C:\Projekty\NUnitTestProject\bin\Debug\netcoreapp3.1\NUnitTestProject.dll" adapterTypeName="executor://nunit3testexecutor/" className="NUnitTestProject.CurrencyHelperTests" name="FormatToStringTest1000(14218.204344010543d,&quot;14218.20 zł&quot;)" />
    </UnitTest>
    <UnitTest name="FormatToStringTest1000(35145.379208063416d,&quot;35145.38 zł&quot;)" storage="c:\projekty\nunittestproject\bin\debug\netcoreapp3.1\nunittestproject.dll" id="216fae5e-208d-f8b3-f0d1-bbf3d8af265f">
      <Execution id="29c1b9c7-ba81-48f5-b994-a091864d8cb6" />
      <TestMethod codeBase="C:\Projekty\NUnitTestProject\bin\Debug\netcoreapp3.1\NUnitTestProject.dll" adapterTypeName="executor://nunit3testexecutor/" className="NUnitTestProject.CurrencyHelperTests" name="FormatToStringTest1000(35145.379208063416d,&quot;35145.38 zł&quot;)" />
    </UnitTest>
    <UnitTest name="FormatToStringTest1000(4636.500544966897d,&quot;4636.50 zł&quot;)" storage="c:\projekty\nunittestproject\bin\debug\netcoreapp3.1\nunittestproject.dll" id="3a61649c-91c3-4f1a-8a11-3480d7ff1651">
      <Execution id="fefe5095-7e73-46c9-b79b-ce7a33861155" />
      <TestMethod codeBase="C:\Projekty\NUnitTestProject\bin\Debug\netcoreapp3.1\NUnitTestProject.dll" adapterTypeName="executor://nunit3testexecutor/" className="NUnitTestProject.CurrencyHelperTests" name="FormatToStringTest1000(4636.500544966897d,&quot;4636.50 zł&quot;)" />
    </UnitTest>
    <UnitTest name="FormatToStringTest1000(55782.67998761762d,&quot;55782.68 zł&quot;)" storage="c:\projekty\nunittestproject\bin\debug\netcoreapp3.1\nunittestproject.dll" id="255f4f6e-1bfc-cdd8-fb29-a1f4f034b89a">
      <Execution id="f014c0d9-a819-4c4f-a055-e34dac72f4a6" />
      <TestMethod codeBase="C:\Projekty\NUnitTestProject\bin\Debug\netcoreapp3.1\NUnitTestProject.dll" adapterTypeName="executor://nunit3testexecutor/" className="NUnitTestProject.CurrencyHelperTests" name="FormatToStringTest1000(55782.67998761762d,&quot;55782.68 zł&quot;)" />
    </UnitTest>
    <UnitTest name="FormatToStringTest1000(9897.705953436767d,&quot;9897.71 zł&quot;)" storage="c:\projekty\nunittestproject\bin\debug\netcoreapp3.1\nunittestproject.dll" id="db065917-a97a-fe61-77a4-bb6c5d5457d5">
      <Execution id="485ad2ff-dba9-4e16-a626-a93ee5e34109" />
      <TestMethod codeBase="C:\Projekty\NUnitTestProject\bin\Debug\netcoreapp3.1\NUnitTestProject.dll" adapterTypeName="executor://nunit3testexecutor/" className="NUnitTestProject.CurrencyHelperTests" name="FormatToStringTest1000(9897.705953436767d,&quot;9897.71 zł&quot;)" />
    </UnitTest>
    <UnitTest name="FormatToStringTest1000(11157.981051815665d,&quot;11157.98 zł&quot;)" storage="c:\projekty\nunittestproject\bin\debug\netcoreapp3.1\nunittestproject.dll" id="b972bb3a-6c4e-4339-3ada-7c478c5f6ecf">
      <Execution id="3f2ff47f-15a5-41c7-8555-f29e94274a7d" />
      <TestMethod codeBase="C:\Projekty\NUnitTestProject\bin\Debug\netcoreapp3.1\NUnitTestProject.dll" adapterTypeName="executor://nunit3testexecutor/" className="NUnitTestProject.CurrencyHelperTests" name="FormatToStringTest1000(11157.981051815665d,&quot;11157.98 zł&quot;)" />
    </UnitTest>
    <UnitTest name="FormatToStringTest1000(30071.004434484523d,&quot;30071.00 zł&quot;)" storage="c:\projekty\nunittestproject\bin\debug\netcoreapp3.1\nunittestproject.dll" id="afd0d33f-f4d8-2831-3613-5b41efd13c3b">
      <Execution id="3bd3ca50-51bf-4ef8-8d3c-4280eaeb7961" />
      <TestMethod codeBase="C:\Projekty\NUnitTestProject\bin\Debug\netcoreapp3.1\NUnitTestProject.dll" adapterTypeName="executor://nunit3testexecutor/" className="NUnitTestProject.CurrencyHelperTests" name="FormatToStringTest1000(30071.004434484523d,&quot;30071.00 zł&quot;)" />
    </UnitTest>
    <UnitTest name="FormatToStringTest1000(6809.40195803037d,&quot;6809.40 zł&quot;)" storage="c:\projekty\nunittestproject\bin\debug\netcoreapp3.1\nunittestproject.dll" id="e88588cc-8ef9-e4ad-51dd-2a16e11570f5">
      <Execution id="d1a78c49-2523-40d7-9942-ea14360b6ac7" />
      <TestMethod codeBase="C:\Projekty\NUnitTestProject\bin\Debug\netcoreapp3.1\NUnitTestProject.dll" adapterTypeName="executor://nunit3testexecutor/" className="NUnitTestProject.CurrencyHelperTests" name="FormatToStringTest1000(6809.40195803037d,&quot;6809.40 zł&quot;)" />
    </UnitTest>
    <UnitTest name="FormatToStringTest1000(45035.160883881224d,&quot;45035.16 zł&quot;)" storage="c:\projekty\nunittestproject\bin\debug\netcoreapp3.1\nunittestproject.dll" id="cf776b29-1018-5167-38d5-0aac7593edc5">
      <Execution id="5ae1ba99-7c2a-47a9-b244-e66064be9768" />
      <TestMethod codeBase="C:\Projekty\NUnitTestProject\bin\Debug\netcoreapp3.1\NUnitTestProject.dll" adapterTypeName="executor://nunit3testexecutor/" className="NUnitTestProject.CurrencyHelperTests" name="FormatToStringTest1000(45035.160883881224d,&quot;45035.16 zł&quot;)" />
    </UnitTest>
    <UnitTest name="FormatToStringTest1000(21221.884746198488d,&quot;21221.88 zł&quot;)" storage="c:\projekty\nunittestproject\bin\debug\netcoreapp3.1\nunittestproject.dll" id="78845691-c87f-d12e-20f9-3035745796be">
      <Execution id="d61f8332-9efe-422f-85a7-d74f4a5fab93" />
      <TestMethod codeBase="C:\Projekty\NUnitTestProject\bin\Debug\netcoreapp3.1\NUnitTestProject.dll" adapterTypeName="executor://nunit3testexecutor/" className="NUnitTestProject.CurrencyHelperTests" name="FormatToStringTest1000(21221.884746198488d,&quot;21221.88 zł&quot;)" />
    </UnitTest>
    <UnitTest name="FormatToStringTest1000(28298.945361683585d,&quot;28298.95 zł&quot;)" storage="c:\projekty\nunittestproject\bin\debug\netcoreapp3.1\nunittestproject.dll" id="bb7e4fc8-2bb1-dbaf-8cdd-5d93ef915f61">
      <Execution id="0246571a-796d-49a0-ba87-e5968bc736b5" />
      <TestMethod codeBase="C:\Projekty\NUnitTestProject\bin\Debug\netcoreapp3.1\NUnitTestProject.dll" adapterTypeName="executor://nunit3testexecutor/" className="NUnitTestProject.CurrencyHelperTests" name="FormatToStringTest1000(28298.945361683585d,&quot;28298.95 zł&quot;)" />
    </UnitTest>
    <UnitTest name="FormatToStringTest1000(19603.69286519321d,&quot;19603.69 zł&quot;)" storage="c:\projekty\nunittestproject\bin\debug\netcoreapp3.1\nunittestproject.dll" id="d80dabd7-8e57-8764-d48e-5c692bf0e881">
      <Execution id="b86a5656-4b5b-4621-850b-93a825ad3b18" />
      <TestMethod codeBase="C:\Projekty\NUnitTestProject\bin\Debug\netcoreapp3.1\NUnitTestProject.dll" adapterTypeName="executor://nunit3testexecutor/" className="NUnitTestProject.CurrencyHelperTests" name="FormatToStringTest1000(19603.69286519321d,&quot;19603.69 zł&quot;)" />
    </UnitTest>
    <UnitTest name="FormatToStringTest1000(16957.4523676757d,&quot;16957.45 zł&quot;)" storage="c:\projekty\nunittestproject\bin\debug\netcoreapp3.1\nunittestproject.dll" id="6429e0d9-dcee-fed4-29f3-6b39686056fc">
      <Execution id="42382749-6baa-4256-94ae-937baaff8b3d" />
      <TestMethod codeBase="C:\Projekty\NUnitTestProject\bin\Debug\netcoreapp3.1\NUnitTestProject.dll" adapterTypeName="executor://nunit3testexecutor/" className="NUnitTestProject.CurrencyHelperTests" name="FormatToStringTest1000(16957.4523676757d,&quot;16957.45 zł&quot;)" />
    </UnitTest>
    <UnitTest name="FormatToStringTest1000(2963.24443391815d,&quot;2963.24 zł&quot;)" storage="c:\projekty\nunittestproject\bin\debug\netcoreapp3.1\nunittestproject.dll" id="a50649ef-585c-8158-fd90-9ac54f51f860">
      <Execution id="5717ae3a-484d-4961-946b-885e0cdcbe37" />
      <TestMethod codeBase="C:\Projekty\NUnitTestProject\bin\Debug\netcoreapp3.1\NUnitTestProject.dll" adapterTypeName="executor://nunit3testexecutor/" className="NUnitTestProject.CurrencyHelperTests" name="FormatToStringTest1000(2963.24443391815d,&quot;2963.24 zł&quot;)" />
    </UnitTest>
    <UnitTest name="FormatToStringTest1000(964.9678631783313d,&quot;964.97 zł&quot;)" storage="c:\projekty\nunittestproject\bin\debug\netcoreapp3.1\nunittestproject.dll" id="1640b6a1-03c2-f3db-49e3-38921c8dee24">
      <Execution id="4da0dfc5-8909-4deb-9227-3912e7274e58" />
      <TestMethod codeBase="C:\Projekty\NUnitTestProject\bin\Debug\netcoreapp3.1\NUnitTestProject.dll" adapterTypeName="executor://nunit3testexecutor/" className="NUnitTestProject.CurrencyHelperTests" name="FormatToStringTest1000(964.9678631783313d,&quot;964.97 zł&quot;)" />
    </UnitTest>
    <UnitTest name="FormatToStringTest1000(19609.759296997803d,&quot;19609.76 zł&quot;)" storage="c:\projekty\nunittestproject\bin\debug\netcoreapp3.1\nunittestproject.dll" id="eb2e7461-d939-c702-00f6-a6f4037fdc3f">
      <Execution id="6b268c2e-057c-4649-9676-b88775897f66" />
      <TestMethod codeBase="C:\Projekty\NUnitTestProject\bin\Debug\netcoreapp3.1\NUnitTestProject.dll" adapterTypeName="executor://nunit3testexecutor/" className="NUnitTestProject.CurrencyHelperTests" name="FormatToStringTest1000(19609.759296997803d,&quot;19609.76 zł&quot;)" />
    </UnitTest>
    <UnitTest name="FormatToStringTest1000(11494.27761332238d,&quot;11494.28 zł&quot;)" storage="c:\projekty\nunittestproject\bin\debug\netcoreapp3.1\nunittestproject.dll" id="7ae5fdac-2c37-dafa-ea81-102d467ed88a">
      <Execution id="bb7148d9-4308-4dd8-b2ab-d1a433b61cd8" />
      <TestMethod codeBase="C:\Projekty\NUnitTestProject\bin\Debug\netcoreapp3.1\NUnitTestProject.dll" adapterTypeName="executor://nunit3testexecutor/" className="NUnitTestProject.CurrencyHelperTests" name="FormatToStringTest1000(11494.27761332238d,&quot;11494.28 zł&quot;)" />
    </UnitTest>
    <UnitTest name="FormatToStringTest1000(3649.9254912836127d,&quot;3649.93 zł&quot;)" storage="c:\projekty\nunittestproject\bin\debug\netcoreapp3.1\nunittestproject.dll" id="d8dcd89f-df1d-9e50-f8f8-844883603fea">
      <Execution id="cf92a79a-a65c-445e-b2d8-e75970f4b675" />
      <TestMethod codeBase="C:\Projekty\NUnitTestProject\bin\Debug\netcoreapp3.1\NUnitTestProject.dll" adapterTypeName="executor://nunit3testexecutor/" className="NUnitTestProject.CurrencyHelperTests" name="FormatToStringTest1000(3649.9254912836127d,&quot;3649.93 zł&quot;)" />
    </UnitTest>
    <UnitTest name="FormatToStringTest1000(38640.62766693003d,&quot;38640.63 zł&quot;)" storage="c:\projekty\nunittestproject\bin\debug\netcoreapp3.1\nunittestproject.dll" id="f574d6b5-d94c-508a-c127-7bce3d4f82e8">
      <Execution id="03c82f77-df50-46a1-ab1f-5daaa1b6d5a2" />
      <TestMethod codeBase="C:\Projekty\NUnitTestProject\bin\Debug\netcoreapp3.1\NUnitTestProject.dll" adapterTypeName="executor://nunit3testexecutor/" className="NUnitTestProject.CurrencyHelperTests" name="FormatToStringTest1000(38640.62766693003d,&quot;38640.63 zł&quot;)" />
    </UnitTest>
    <UnitTest name="FormatToStringTest1000(10370.0107542784d,&quot;10370.01 zł&quot;)" storage="c:\projekty\nunittestproject\bin\debug\netcoreapp3.1\nunittestproject.dll" id="5217a55b-523e-bb6a-47cc-7fbf0bc01c96">
      <Execution id="5d2018a4-5e21-48f1-a322-74d544d26ec5" />
      <TestMethod codeBase="C:\Projekty\NUnitTestProject\bin\Debug\netcoreapp3.1\NUnitTestProject.dll" adapterTypeName="executor://nunit3testexecutor/" className="NUnitTestProject.CurrencyHelperTests" name="FormatToStringTest1000(10370.0107542784d,&quot;10370.01 zł&quot;)" />
    </UnitTest>
    <UnitTest name="FormatToStringTest1000(29926.595417457444d,&quot;29926.60 zł&quot;)" storage="c:\projekty\nunittestproject\bin\debug\netcoreapp3.1\nunittestproject.dll" id="60e1884b-abd9-92c1-f58c-08f7b4b4de40">
      <Execution id="ad603666-31f2-48a9-a9e4-39e5d3337ed9" />
      <TestMethod codeBase="C:\Projekty\NUnitTestProject\bin\Debug\netcoreapp3.1\NUnitTestProject.dll" adapterTypeName="executor://nunit3testexecutor/" className="NUnitTestProject.CurrencyHelperTests" name="FormatToStringTest1000(29926.595417457444d,&quot;29926.60 zł&quot;)" />
    </UnitTest>
    <UnitTest name="FormatToStringTest1000(50664.01951024869d,&quot;50664.02 zł&quot;)" storage="c:\projekty\nunittestproject\bin\debug\netcoreapp3.1\nunittestproject.dll" id="c57a980e-ffcc-5e16-6a31-18fd8b909caa">
      <Execution id="3ca748a1-44d5-4b83-a65f-b3bf0ebf900b" />
      <TestMethod codeBase="C:\Projekty\NUnitTestProject\bin\Debug\netcoreapp3.1\NUnitTestProject.dll" adapterTypeName="executor://nunit3testexecutor/" className="NUnitTestProject.CurrencyHelperTests" name="FormatToStringTest1000(50664.01951024869d,&quot;50664.02 zł&quot;)" />
    </UnitTest>
    <UnitTest name="FormatToStringTest1000(1751.1734380625066d,&quot;1751.17 zł&quot;)" storage="c:\projekty\nunittestproject\bin\debug\netcoreapp3.1\nunittestproject.dll" id="774aeb04-879b-a97c-c411-6c8ce34f4ab0">
      <Execution id="8d348950-953b-4a81-bb7a-5e0775494988" />
      <TestMethod codeBase="C:\Projekty\NUnitTestProject\bin\Debug\netcoreapp3.1\NUnitTestProject.dll" adapterTypeName="executor://nunit3testexecutor/" className="NUnitTestProject.CurrencyHelperTests" name="FormatToStringTest1000(1751.1734380625066d,&quot;1751.17 zł&quot;)" />
    </UnitTest>
    <UnitTest name="FormatToStringTest1000(17875.613377604455d,&quot;17875.61 zł&quot;)" storage="c:\projekty\nunittestproject\bin\debug\netcoreapp3.1\nunittestproject.dll" id="0f966d17-36c6-657f-5b98-8b83226f1489">
      <Execution id="a0e39bde-6a88-45e8-87cd-87d7cc7e5c7c" />
      <TestMethod codeBase="C:\Projekty\NUnitTestProject\bin\Debug\netcoreapp3.1\NUnitTestProject.dll" adapterTypeName="executor://nunit3testexecutor/" className="NUnitTestProject.CurrencyHelperTests" name="FormatToStringTest1000(17875.613377604455d,&quot;17875.61 zł&quot;)" />
    </UnitTest>
    <UnitTest name="FormatToStringTest1000(28033.439084134738d,&quot;28033.44 zł&quot;)" storage="c:\projekty\nunittestproject\bin\debug\netcoreapp3.1\nunittestproject.dll" id="e77ca75b-19ba-059d-05cd-1ebb08034f74">
      <Execution id="7b9d0e94-4201-46b9-aff8-15a8269d4f10" />
      <TestMethod codeBase="C:\Projekty\NUnitTestProject\bin\Debug\netcoreapp3.1\NUnitTestProject.dll" adapterTypeName="executor://nunit3testexecutor/" className="NUnitTestProject.CurrencyHelperTests" name="FormatToStringTest1000(28033.439084134738d,&quot;28033.44 zł&quot;)" />
    </UnitTest>
    <UnitTest name="FormatToStringTest1000(50991.22189691114d,&quot;50991.22 zł&quot;)" storage="c:\projekty\nunittestproject\bin\debug\netcoreapp3.1\nunittestproject.dll" id="dfaddf73-e2fe-692a-95cb-e0210649fd35">
      <Execution id="d19742ec-3035-4490-a82a-4972dde51005" />
      <TestMethod codeBase="C:\Projekty\NUnitTestProject\bin\Debug\netcoreapp3.1\NUnitTestProject.dll" adapterTypeName="executor://nunit3testexecutor/" className="NUnitTestProject.CurrencyHelperTests" name="FormatToStringTest1000(50991.22189691114d,&quot;50991.22 zł&quot;)" />
    </UnitTest>
    <UnitTest name="FormatToStringTest1000(43727.735558145556d,&quot;43727.74 zł&quot;)" storage="c:\projekty\nunittestproject\bin\debug\netcoreapp3.1\nunittestproject.dll" id="12383f93-d6c8-4041-5607-6e0714b305f6">
      <Execution id="f7bdeb3c-95e4-41a8-bb10-bf8569c82c81" />
      <TestMethod codeBase="C:\Projekty\NUnitTestProject\bin\Debug\netcoreapp3.1\NUnitTestProject.dll" adapterTypeName="executor://nunit3testexecutor/" className="NUnitTestProject.CurrencyHelperTests" name="FormatToStringTest1000(43727.735558145556d,&quot;43727.74 zł&quot;)" />
    </UnitTest>
    <UnitTest name="FormatToStringTest1000(9196.579612724754d,&quot;9196.58 zł&quot;)" storage="c:\projekty\nunittestproject\bin\debug\netcoreapp3.1\nunittestproject.dll" id="ba5b40c3-7100-1940-87d5-9af986ffebd2">
      <Execution id="057085b1-40d2-4d0b-bb9f-12ed04a88723" />
      <TestMethod codeBase="C:\Projekty\NUnitTestProject\bin\Debug\netcoreapp3.1\NUnitTestProject.dll" adapterTypeName="executor://nunit3testexecutor/" className="NUnitTestProject.CurrencyHelperTests" name="FormatToStringTest1000(9196.579612724754d,&quot;9196.58 zł&quot;)" />
    </UnitTest>
    <UnitTest name="FormatToStringTest1000(31163.834562352316d,&quot;31163.83 zł&quot;)" storage="c:\projekty\nunittestproject\bin\debug\netcoreapp3.1\nunittestproject.dll" id="53f90dbe-f7ad-b0e7-04ef-fba16a107a6f">
      <Execution id="2d5894c9-7b83-4def-a308-e2c94b3bba67" />
      <TestMethod codeBase="C:\Projekty\NUnitTestProject\bin\Debug\netcoreapp3.1\NUnitTestProject.dll" adapterTypeName="executor://nunit3testexecutor/" className="NUnitTestProject.CurrencyHelperTests" name="FormatToStringTest1000(31163.834562352316d,&quot;31163.83 zł&quot;)" />
    </UnitTest>
    <UnitTest name="FormatToStringTest1000(31799.68317462815d,&quot;31799.68 zł&quot;)" storage="c:\projekty\nunittestproject\bin\debug\netcoreapp3.1\nunittestproject.dll" id="ebee2a3c-e88d-7c65-2391-8d47991a3a48">
      <Execution id="edb8e35e-781d-49ce-bd26-d2dd1002a8cb" />
      <TestMethod codeBase="C:\Projekty\NUnitTestProject\bin\Debug\netcoreapp3.1\NUnitTestProject.dll" adapterTypeName="executor://nunit3testexecutor/" className="NUnitTestProject.CurrencyHelperTests" name="FormatToStringTest1000(31799.68317462815d,&quot;31799.68 zł&quot;)" />
    </UnitTest>
    <UnitTest name="FormatToStringTest1000(9928.477822322622d,&quot;9928.48 zł&quot;)" storage="c:\projekty\nunittestproject\bin\debug\netcoreapp3.1\nunittestproject.dll" id="dafbe950-e143-41f5-1a50-ea362a5aa5d4">
      <Execution id="7008572f-a041-4c0c-adfc-161a198f43d3" />
      <TestMethod codeBase="C:\Projekty\NUnitTestProject\bin\Debug\netcoreapp3.1\NUnitTestProject.dll" adapterTypeName="executor://nunit3testexecutor/" className="NUnitTestProject.CurrencyHelperTests" name="FormatToStringTest1000(9928.477822322622d,&quot;9928.48 zł&quot;)" />
    </UnitTest>
    <UnitTest name="FormatToStringTest1000(10914.360814625099d,&quot;10914.36 zł&quot;)" storage="c:\projekty\nunittestproject\bin\debug\netcoreapp3.1\nunittestproject.dll" id="28ae16d9-787d-277c-8346-a2bcbe4da144">
      <Execution id="6335b43c-7271-44c0-bc18-89974028cff3" />
      <TestMethod codeBase="C:\Projekty\NUnitTestProject\bin\Debug\netcoreapp3.1\NUnitTestProject.dll" adapterTypeName="executor://nunit3testexecutor/" className="NUnitTestProject.CurrencyHelperTests" name="FormatToStringTest1000(10914.360814625099d,&quot;10914.36 zł&quot;)" />
    </UnitTest>
    <UnitTest name="FormatToStringTest1000(96.75594581512546d,&quot;96.76 zł&quot;)" storage="c:\projekty\nunittestproject\bin\debug\netcoreapp3.1\nunittestproject.dll" id="f557024d-69b9-3152-827e-4e57b8d0868d">
      <Execution id="dd59e3ea-ab7d-4450-9152-473b42eaff32" />
      <TestMethod codeBase="C:\Projekty\NUnitTestProject\bin\Debug\netcoreapp3.1\NUnitTestProject.dll" adapterTypeName="executor://nunit3testexecutor/" className="NUnitTestProject.CurrencyHelperTests" name="FormatToStringTest1000(96.75594581512546d,&quot;96.76 zł&quot;)" />
    </UnitTest>
    <UnitTest name="FormatToStringTest1000(14475.498583194567d,&quot;14475.50 zł&quot;)" storage="c:\projekty\nunittestproject\bin\debug\netcoreapp3.1\nunittestproject.dll" id="cd871e9d-7935-e907-4a89-0e7db877a7c7">
      <Execution id="62569c06-3ec9-48ae-8632-9b55e04a4c5d" />
      <TestMethod codeBase="C:\Projekty\NUnitTestProject\bin\Debug\netcoreapp3.1\NUnitTestProject.dll" adapterTypeName="executor://nunit3testexecutor/" className="NUnitTestProject.CurrencyHelperTests" name="FormatToStringTest1000(14475.498583194567d,&quot;14475.50 zł&quot;)" />
    </UnitTest>
    <UnitTest name="FormatToStringTest1000(4105.490993980081d,&quot;4105.49 zł&quot;)" storage="c:\projekty\nunittestproject\bin\debug\netcoreapp3.1\nunittestproject.dll" id="c51581ef-f81a-dd7d-4cbf-75770d6a883f">
      <Execution id="7d0b3228-1f29-4cfb-81e3-f2c797a0cda8" />
      <TestMethod codeBase="C:\Projekty\NUnitTestProject\bin\Debug\netcoreapp3.1\NUnitTestProject.dll" adapterTypeName="executor://nunit3testexecutor/" className="NUnitTestProject.CurrencyHelperTests" name="FormatToStringTest1000(4105.490993980081d,&quot;4105.49 zł&quot;)" />
    </UnitTest>
    <UnitTest name="FormatToStringTest1000(57671.67669738675d,&quot;57671.68 zł&quot;)" storage="c:\projekty\nunittestproject\bin\debug\netcoreapp3.1\nunittestproject.dll" id="04967881-3d44-4f25-5839-6dd3eae8bd89">
      <Execution id="4ee2fbd1-3b1a-4df1-b89b-5a8d5ceaa5ab" />
      <TestMethod codeBase="C:\Projekty\NUnitTestProject\bin\Debug\netcoreapp3.1\NUnitTestProject.dll" adapterTypeName="executor://nunit3testexecutor/" className="NUnitTestProject.CurrencyHelperTests" name="FormatToStringTest1000(57671.67669738675d,&quot;57671.68 zł&quot;)" />
    </UnitTest>
    <UnitTest name="FormatToStringTest1000(9624.06628225188d,&quot;9624.07 zł&quot;)" storage="c:\projekty\nunittestproject\bin\debug\netcoreapp3.1\nunittestproject.dll" id="31ed7871-edfd-2633-6788-723019e7f3e1">
      <Execution id="830e6eaa-6dae-4d67-b115-6b342cb9fbfb" />
      <TestMethod codeBase="C:\Projekty\NUnitTestProject\bin\Debug\netcoreapp3.1\NUnitTestProject.dll" adapterTypeName="executor://nunit3testexecutor/" className="NUnitTestProject.CurrencyHelperTests" name="FormatToStringTest1000(9624.06628225188d,&quot;9624.07 zł&quot;)" />
    </UnitTest>
    <UnitTest name="FormatToStringTest1000(18786.954468002055d,&quot;18786.95 zł&quot;)" storage="c:\projekty\nunittestproject\bin\debug\netcoreapp3.1\nunittestproject.dll" id="527d41f4-ee35-aeed-39d2-777e78659af8">
      <Execution id="0bd303b7-e612-4df8-898d-aa061beecf6e" />
      <TestMethod codeBase="C:\Projekty\NUnitTestProject\bin\Debug\netcoreapp3.1\NUnitTestProject.dll" adapterTypeName="executor://nunit3testexecutor/" className="NUnitTestProject.CurrencyHelperTests" name="FormatToStringTest1000(18786.954468002055d,&quot;18786.95 zł&quot;)" />
    </UnitTest>
    <UnitTest name="FormatToStringTest1000(31300.40752580967d,&quot;31300.41 zł&quot;)" storage="c:\projekty\nunittestproject\bin\debug\netcoreapp3.1\nunittestproject.dll" id="03343bcc-4f24-4c8a-3ccc-51481d1ee303">
      <Execution id="8faeedef-261b-4367-9641-bc776c19725f" />
      <TestMethod codeBase="C:\Projekty\NUnitTestProject\bin\Debug\netcoreapp3.1\NUnitTestProject.dll" adapterTypeName="executor://nunit3testexecutor/" className="NUnitTestProject.CurrencyHelperTests" name="FormatToStringTest1000(31300.40752580967d,&quot;31300.41 zł&quot;)" />
    </UnitTest>
    <UnitTest name="FormatToStringTest1000(57181.240528605056d,&quot;57181.24 zł&quot;)" storage="c:\projekty\nunittestproject\bin\debug\netcoreapp3.1\nunittestproject.dll" id="20032a0f-2ee3-8893-1563-317bcc5ab61c">
      <Execution id="fee307c7-1639-4d37-b59a-7781afc2b709" />
      <TestMethod codeBase="C:\Projekty\NUnitTestProject\bin\Debug\netcoreapp3.1\NUnitTestProject.dll" adapterTypeName="executor://nunit3testexecutor/" className="NUnitTestProject.CurrencyHelperTests" name="FormatToStringTest1000(57181.240528605056d,&quot;57181.24 zł&quot;)" />
    </UnitTest>
    <UnitTest name="FormatToStringTest1000(8499.121443388574d,&quot;8499.12 zł&quot;)" storage="c:\projekty\nunittestproject\bin\debug\netcoreapp3.1\nunittestproject.dll" id="114d6aa2-3c70-c374-d5cb-1675b6f9d5e6">
      <Execution id="3765fa5a-c0a2-46ee-b314-a48aaabe54b8" />
      <TestMethod codeBase="C:\Projekty\NUnitTestProject\bin\Debug\netcoreapp3.1\NUnitTestProject.dll" adapterTypeName="executor://nunit3testexecutor/" className="NUnitTestProject.CurrencyHelperTests" name="FormatToStringTest1000(8499.121443388574d,&quot;8499.12 zł&quot;)" />
    </UnitTest>
    <UnitTest name="FormatToStringTest1000(27027.327683509946d,&quot;27027.33 zł&quot;)" storage="c:\projekty\nunittestproject\bin\debug\netcoreapp3.1\nunittestproject.dll" id="d3675fd4-77f8-268f-8735-9b5ad5bc915b">
      <Execution id="9b7ad039-9a2b-4bfc-851f-6138d0c60e24" />
      <TestMethod codeBase="C:\Projekty\NUnitTestProject\bin\Debug\netcoreapp3.1\NUnitTestProject.dll" adapterTypeName="executor://nunit3testexecutor/" className="NUnitTestProject.CurrencyHelperTests" name="FormatToStringTest1000(27027.327683509946d,&quot;27027.33 zł&quot;)" />
    </UnitTest>
    <UnitTest name="FormatToStringTest1000(11118.620997698335d,&quot;11118.62 zł&quot;)" storage="c:\projekty\nunittestproject\bin\debug\netcoreapp3.1\nunittestproject.dll" id="7875ceff-fafb-ef65-16f6-def9c021cbb8">
      <Execution id="d59a344c-970a-4eae-9dfb-2a7e55d5d661" />
      <TestMethod codeBase="C:\Projekty\NUnitTestProject\bin\Debug\netcoreapp3.1\NUnitTestProject.dll" adapterTypeName="executor://nunit3testexecutor/" className="NUnitTestProject.CurrencyHelperTests" name="FormatToStringTest1000(11118.620997698335d,&quot;11118.62 zł&quot;)" />
    </UnitTest>
    <UnitTest name="FormatToStringTest1000(95071.15957335343d,&quot;95071.16 zł&quot;)" storage="c:\projekty\nunittestproject\bin\debug\netcoreapp3.1\nunittestproject.dll" id="257cee71-ac96-77a9-908c-68bd8420739c">
      <Execution id="50b355ff-010f-4b9e-aea7-f89dd073f620" />
      <TestMethod codeBase="C:\Projekty\NUnitTestProject\bin\Debug\netcoreapp3.1\NUnitTestProject.dll" adapterTypeName="executor://nunit3testexecutor/" className="NUnitTestProject.CurrencyHelperTests" name="FormatToStringTest1000(95071.15957335343d,&quot;95071.16 zł&quot;)" />
    </UnitTest>
    <UnitTest name="FormatToStringTest1000(35905.47425787219d,&quot;35905.47 zł&quot;)" storage="c:\projekty\nunittestproject\bin\debug\netcoreapp3.1\nunittestproject.dll" id="5c165fdb-5b2a-6ca5-1c7a-4f504d003e95">
      <Execution id="19672731-bc09-48e3-86e8-da8f029a3f9f" />
      <TestMethod codeBase="C:\Projekty\NUnitTestProject\bin\Debug\netcoreapp3.1\NUnitTestProject.dll" adapterTypeName="executor://nunit3testexecutor/" className="NUnitTestProject.CurrencyHelperTests" name="FormatToStringTest1000(35905.47425787219d,&quot;35905.47 zł&quot;)" />
    </UnitTest>
    <UnitTest name="FormatToStringTest1000(45603.90324273142d,&quot;45603.90 zł&quot;)" storage="c:\projekty\nunittestproject\bin\debug\netcoreapp3.1\nunittestproject.dll" id="c09eca31-2a58-b146-7d55-b556b7020c68">
      <Execution id="e0c1f296-c8ca-4e78-813f-78bdc6ef95cf" />
      <TestMethod codeBase="C:\Projekty\NUnitTestProject\bin\Debug\netcoreapp3.1\NUnitTestProject.dll" adapterTypeName="executor://nunit3testexecutor/" className="NUnitTestProject.CurrencyHelperTests" name="FormatToStringTest1000(45603.90324273142d,&quot;45603.90 zł&quot;)" />
    </UnitTest>
    <UnitTest name="FormatToStringTest1000(19392.945535027862d,&quot;19392.95 zł&quot;)" storage="c:\projekty\nunittestproject\bin\debug\netcoreapp3.1\nunittestproject.dll" id="610377d7-39b0-f1e5-075a-04c0ff0b06a2">
      <Execution id="56a5f716-1321-4a54-a86c-b7333adf7e85" />
      <TestMethod codeBase="C:\Projekty\NUnitTestProject\bin\Debug\netcoreapp3.1\NUnitTestProject.dll" adapterTypeName="executor://nunit3testexecutor/" className="NUnitTestProject.CurrencyHelperTests" name="FormatToStringTest1000(19392.945535027862d,&quot;19392.95 zł&quot;)" />
    </UnitTest>
    <UnitTest name="FormatToStringTest1000(27893.312729890138d,&quot;27893.31 zł&quot;)" storage="c:\projekty\nunittestproject\bin\debug\netcoreapp3.1\nunittestproject.dll" id="7490fb46-9b1e-86c6-a053-c9324b70ce91">
      <Execution id="d36c457e-0933-4736-9d0a-b63f6bbabe07" />
      <TestMethod codeBase="C:\Projekty\NUnitTestProject\bin\Debug\netcoreapp3.1\NUnitTestProject.dll" adapterTypeName="executor://nunit3testexecutor/" className="NUnitTestProject.CurrencyHelperTests" name="FormatToStringTest1000(27893.312729890138d,&quot;27893.31 zł&quot;)" />
    </UnitTest>
    <UnitTest name="FormatToStringTest1000(13402.882692040355d,&quot;13402.88 zł&quot;)" storage="c:\projekty\nunittestproject\bin\debug\netcoreapp3.1\nunittestproject.dll" id="6320276e-3624-3a1c-7afd-537de60f89db">
      <Execution id="241b2b7e-2ad1-4ce8-ab57-a731ba9ec4a2" />
      <TestMethod codeBase="C:\Projekty\NUnitTestProject\bin\Debug\netcoreapp3.1\NUnitTestProject.dll" adapterTypeName="executor://nunit3testexecutor/" className="NUnitTestProject.CurrencyHelperTests" name="FormatToStringTest1000(13402.882692040355d,&quot;13402.88 zł&quot;)" />
    </UnitTest>
    <UnitTest name="FormatToStringTest1000(8697.074631143862d,&quot;8697.07 zł&quot;)" storage="c:\projekty\nunittestproject\bin\debug\netcoreapp3.1\nunittestproject.dll" id="943e674e-9656-f2f6-06a7-f12c38d1347c">
      <Execution id="bd0d1162-f752-4e68-a134-80d0459d5f4f" />
      <TestMethod codeBase="C:\Projekty\NUnitTestProject\bin\Debug\netcoreapp3.1\NUnitTestProject.dll" adapterTypeName="executor://nunit3testexecutor/" className="NUnitTestProject.CurrencyHelperTests" name="FormatToStringTest1000(8697.074631143862d,&quot;8697.07 zł&quot;)" />
    </UnitTest>
    <UnitTest name="FormatToStringTest1000(26515.80237687929d,&quot;26515.80 zł&quot;)" storage="c:\projekty\nunittestproject\bin\debug\netcoreapp3.1\nunittestproject.dll" id="d97cfe1a-5414-3b7f-eeae-c71aa9b34634">
      <Execution id="dbb8f803-7167-426a-85dc-3d193982980a" />
      <TestMethod codeBase="C:\Projekty\NUnitTestProject\bin\Debug\netcoreapp3.1\NUnitTestProject.dll" adapterTypeName="executor://nunit3testexecutor/" className="NUnitTestProject.CurrencyHelperTests" name="FormatToStringTest1000(26515.80237687929d,&quot;26515.80 zł&quot;)" />
    </UnitTest>
    <UnitTest name="FormatToStringTest1000(9190.067404299076d,&quot;9190.07 zł&quot;)" storage="c:\projekty\nunittestproject\bin\debug\netcoreapp3.1\nunittestproject.dll" id="752c0495-686a-2709-5240-916b7eb02d3a">
      <Execution id="6562e1d1-f6a5-47e8-a2c1-ba0efaa76c22" />
      <TestMethod codeBase="C:\Projekty\NUnitTestProject\bin\Debug\netcoreapp3.1\NUnitTestProject.dll" adapterTypeName="executor://nunit3testexecutor/" className="NUnitTestProject.CurrencyHelperTests" name="FormatToStringTest1000(9190.067404299076d,&quot;9190.07 zł&quot;)" />
    </UnitTest>
    <UnitTest name="FormatToStringTest1000(2505.286326204094d,&quot;2505.29 zł&quot;)" storage="c:\projekty\nunittestproject\bin\debug\netcoreapp3.1\nunittestproject.dll" id="d24e4d75-af83-eba3-bdf8-ba8e65054856">
      <Execution id="15afdc54-e360-4818-a566-a3eac48a1c04" />
      <TestMethod codeBase="C:\Projekty\NUnitTestProject\bin\Debug\netcoreapp3.1\NUnitTestProject.dll" adapterTypeName="executor://nunit3testexecutor/" className="NUnitTestProject.CurrencyHelperTests" name="FormatToStringTest1000(2505.286326204094d,&quot;2505.29 zł&quot;)" />
    </UnitTest>
    <UnitTest name="FormatToStringTest1000(21753.84773194969d,&quot;21753.85 zł&quot;)" storage="c:\projekty\nunittestproject\bin\debug\netcoreapp3.1\nunittestproject.dll" id="f7364d60-2df0-c5fc-137c-b9b46fcd6fe9">
      <Execution id="2cd366b1-095e-4f36-ab9c-163821b74bd9" />
      <TestMethod codeBase="C:\Projekty\NUnitTestProject\bin\Debug\netcoreapp3.1\NUnitTestProject.dll" adapterTypeName="executor://nunit3testexecutor/" className="NUnitTestProject.CurrencyHelperTests" name="FormatToStringTest1000(21753.84773194969d,&quot;21753.85 zł&quot;)" />
    </UnitTest>
    <UnitTest name="FormatToStringTest1000(22459.530444447664d,&quot;22459.53 zł&quot;)" storage="c:\projekty\nunittestproject\bin\debug\netcoreapp3.1\nunittestproject.dll" id="580ab2d5-6b28-ec61-9de4-466295a56551">
      <Execution id="547b6b92-a719-49e4-a3b6-496a875289a0" />
      <TestMethod codeBase="C:\Projekty\NUnitTestProject\bin\Debug\netcoreapp3.1\NUnitTestProject.dll" adapterTypeName="executor://nunit3testexecutor/" className="NUnitTestProject.CurrencyHelperTests" name="FormatToStringTest1000(22459.530444447664d,&quot;22459.53 zł&quot;)" />
    </UnitTest>
    <UnitTest name="FormatToStringTest1000(6946.333318357977d,&quot;6946.33 zł&quot;)" storage="c:\projekty\nunittestproject\bin\debug\netcoreapp3.1\nunittestproject.dll" id="d7f71e56-89f1-ca12-7436-85c71867f730">
      <Execution id="6d19ccac-7cfb-4142-a4e7-24712a2489db" />
      <TestMethod codeBase="C:\Projekty\NUnitTestProject\bin\Debug\netcoreapp3.1\NUnitTestProject.dll" adapterTypeName="executor://nunit3testexecutor/" className="NUnitTestProject.CurrencyHelperTests" name="FormatToStringTest1000(6946.333318357977d,&quot;6946.33 zł&quot;)" />
    </UnitTest>
    <UnitTest name="FormatToStringTest1000(464.74397441965715d,&quot;464.74 zł&quot;)" storage="c:\projekty\nunittestproject\bin\debug\netcoreapp3.1\nunittestproject.dll" id="f0cd9acd-b821-1b3b-6a4a-691c6f1f639a">
      <Execution id="3dd4766f-81d0-4aa5-93e1-43882d4828d9" />
      <TestMethod codeBase="C:\Projekty\NUnitTestProject\bin\Debug\netcoreapp3.1\NUnitTestProject.dll" adapterTypeName="executor://nunit3testexecutor/" className="NUnitTestProject.CurrencyHelperTests" name="FormatToStringTest1000(464.74397441965715d,&quot;464.74 zł&quot;)" />
    </UnitTest>
    <UnitTest name="FormatToStringTest1000(4411.456718280659d,&quot;4411.46 zł&quot;)" storage="c:\projekty\nunittestproject\bin\debug\netcoreapp3.1\nunittestproject.dll" id="6fe47bce-1f86-6cf6-afbe-6725ac8bf44c">
      <Execution id="c7ac9002-523e-4d9d-a0a8-b844c2554b5f" />
      <TestMethod codeBase="C:\Projekty\NUnitTestProject\bin\Debug\netcoreapp3.1\NUnitTestProject.dll" adapterTypeName="executor://nunit3testexecutor/" className="NUnitTestProject.CurrencyHelperTests" name="FormatToStringTest1000(4411.456718280659d,&quot;4411.46 zł&quot;)" />
    </UnitTest>
    <UnitTest name="FormatToStringTest1000(726.8087564975995d,&quot;726.81 zł&quot;)" storage="c:\projekty\nunittestproject\bin\debug\netcoreapp3.1\nunittestproject.dll" id="df3985f6-a310-5cd4-8528-b305d96c9c87">
      <Execution id="49cadf7a-6d6e-40e4-b601-40f44c8616d1" />
      <TestMethod codeBase="C:\Projekty\NUnitTestProject\bin\Debug\netcoreapp3.1\NUnitTestProject.dll" adapterTypeName="executor://nunit3testexecutor/" className="NUnitTestProject.CurrencyHelperTests" name="FormatToStringTest1000(726.8087564975995d,&quot;726.81 zł&quot;)" />
    </UnitTest>
    <UnitTest name="FormatToStringTest1000(14920.620598662934d,&quot;14920.62 zł&quot;)" storage="c:\projekty\nunittestproject\bin\debug\netcoreapp3.1\nunittestproject.dll" id="c989053d-c573-450d-6001-a75cbe93e089">
      <Execution id="a6e97c61-f825-4826-bac6-c05ff19b7eb4" />
      <TestMethod codeBase="C:\Projekty\NUnitTestProject\bin\Debug\netcoreapp3.1\NUnitTestProject.dll" adapterTypeName="executor://nunit3testexecutor/" className="NUnitTestProject.CurrencyHelperTests" name="FormatToStringTest1000(14920.620598662934d,&quot;14920.62 zł&quot;)" />
    </UnitTest>
    <UnitTest name="FormatToStringTest1000(23789.556920184546d,&quot;23789.56 zł&quot;)" storage="c:\projekty\nunittestproject\bin\debug\netcoreapp3.1\nunittestproject.dll" id="b58070c8-bc7f-712e-31bb-2a11be9cfc18">
      <Execution id="183e7615-759d-4091-af1b-1ddcf3d5530f" />
      <TestMethod codeBase="C:\Projekty\NUnitTestProject\bin\Debug\netcoreapp3.1\NUnitTestProject.dll" adapterTypeName="executor://nunit3testexecutor/" className="NUnitTestProject.CurrencyHelperTests" name="FormatToStringTest1000(23789.556920184546d,&quot;23789.56 zł&quot;)" />
    </UnitTest>
    <UnitTest name="FormatToStringTest1000(85407.13428016152d,&quot;85407.13 zł&quot;)" storage="c:\projekty\nunittestproject\bin\debug\netcoreapp3.1\nunittestproject.dll" id="37376bb5-e384-3c51-d1d8-3ba613fa9182">
      <Execution id="0b4074ff-dfdc-486d-879a-3ebcef53e5be" />
      <TestMethod codeBase="C:\Projekty\NUnitTestProject\bin\Debug\netcoreapp3.1\NUnitTestProject.dll" adapterTypeName="executor://nunit3testexecutor/" className="NUnitTestProject.CurrencyHelperTests" name="FormatToStringTest1000(85407.13428016152d,&quot;85407.13 zł&quot;)" />
    </UnitTest>
    <UnitTest name="FormatToStringTest1000(68174.53068551492d,&quot;68174.53 zł&quot;)" storage="c:\projekty\nunittestproject\bin\debug\netcoreapp3.1\nunittestproject.dll" id="ea848b43-279a-f1bb-ab29-b5a8e2e2c8af">
      <Execution id="b1558ac8-51e1-448b-a372-2c87dfdd62d0" />
      <TestMethod codeBase="C:\Projekty\NUnitTestProject\bin\Debug\netcoreapp3.1\NUnitTestProject.dll" adapterTypeName="executor://nunit3testexecutor/" className="NUnitTestProject.CurrencyHelperTests" name="FormatToStringTest1000(68174.53068551492d,&quot;68174.53 zł&quot;)" />
    </UnitTest>
    <UnitTest name="FormatToStringTest1000(1614.2516601789982d,&quot;1614.25 zł&quot;)" storage="c:\projekty\nunittestproject\bin\debug\netcoreapp3.1\nunittestproject.dll" id="e0a6ca51-6257-18e2-3ed9-4bb78f34d6d7">
      <Execution id="500c1790-84ef-42c8-b8ec-38d7bbdd2dfa" />
      <TestMethod codeBase="C:\Projekty\NUnitTestProject\bin\Debug\netcoreapp3.1\NUnitTestProject.dll" adapterTypeName="executor://nunit3testexecutor/" className="NUnitTestProject.CurrencyHelperTests" name="FormatToStringTest1000(1614.2516601789982d,&quot;1614.25 zł&quot;)" />
    </UnitTest>
    <UnitTest name="FormatToStringTest1000(50550.645020282194d,&quot;50550.65 zł&quot;)" storage="c:\projekty\nunittestproject\bin\debug\netcoreapp3.1\nunittestproject.dll" id="c6bf636f-3c18-b5d6-1346-58450e782d22">
      <Execution id="7a535235-a843-4695-8bc6-d157c573df28" />
      <TestMethod codeBase="C:\Projekty\NUnitTestProject\bin\Debug\netcoreapp3.1\NUnitTestProject.dll" adapterTypeName="executor://nunit3testexecutor/" className="NUnitTestProject.CurrencyHelperTests" name="FormatToStringTest1000(50550.645020282194d,&quot;50550.65 zł&quot;)" />
    </UnitTest>
    <UnitTest name="FormatToStringTest1000(40913.016669489916d,&quot;40913.02 zł&quot;)" storage="c:\projekty\nunittestproject\bin\debug\netcoreapp3.1\nunittestproject.dll" id="faf63bba-5452-3836-a95e-2474023d45ad">
      <Execution id="af1cf9ea-4b3a-4e1f-9e1f-27de11835d97" />
      <TestMethod codeBase="C:\Projekty\NUnitTestProject\bin\Debug\netcoreapp3.1\NUnitTestProject.dll" adapterTypeName="executor://nunit3testexecutor/" className="NUnitTestProject.CurrencyHelperTests" name="FormatToStringTest1000(40913.016669489916d,&quot;40913.02 zł&quot;)" />
    </UnitTest>
    <UnitTest name="FormatToStringTest1000(15414.175096961751d,&quot;15414.18 zł&quot;)" storage="c:\projekty\nunittestproject\bin\debug\netcoreapp3.1\nunittestproject.dll" id="43e0f701-5f55-5e32-84f3-972dc14c0c0b">
      <Execution id="15a72793-c0e3-4614-8eae-c3814a458a83" />
      <TestMethod codeBase="C:\Projekty\NUnitTestProject\bin\Debug\netcoreapp3.1\NUnitTestProject.dll" adapterTypeName="executor://nunit3testexecutor/" className="NUnitTestProject.CurrencyHelperTests" name="FormatToStringTest1000(15414.175096961751d,&quot;15414.18 zł&quot;)" />
    </UnitTest>
    <UnitTest name="FormatToStringTest1000(3274.481392617096d,&quot;3274.48 zł&quot;)" storage="c:\projekty\nunittestproject\bin\debug\netcoreapp3.1\nunittestproject.dll" id="e84b36e7-4f40-fa31-8ed6-b8aea0f7b95d">
      <Execution id="2ee30175-044b-4d69-a69d-0958f082e911" />
      <TestMethod codeBase="C:\Projekty\NUnitTestProject\bin\Debug\netcoreapp3.1\NUnitTestProject.dll" adapterTypeName="executor://nunit3testexecutor/" className="NUnitTestProject.CurrencyHelperTests" name="FormatToStringTest1000(3274.481392617096d,&quot;3274.48 zł&quot;)" />
    </UnitTest>
    <UnitTest name="FormatToStringTest1000(20244.692955315437d,&quot;20244.69 zł&quot;)" storage="c:\projekty\nunittestproject\bin\debug\netcoreapp3.1\nunittestproject.dll" id="c813b080-ad5f-d9e2-c675-1e1394f00010">
      <Execution id="5fac7ff9-771a-4cf9-a9e9-a9edead79430" />
      <TestMethod codeBase="C:\Projekty\NUnitTestProject\bin\Debug\netcoreapp3.1\NUnitTestProject.dll" adapterTypeName="executor://nunit3testexecutor/" className="NUnitTestProject.CurrencyHelperTests" name="FormatToStringTest1000(20244.692955315437d,&quot;20244.69 zł&quot;)" />
    </UnitTest>
    <UnitTest name="FormatToStringTest1000(30385.72086375613d,&quot;30385.72 zł&quot;)" storage="c:\projekty\nunittestproject\bin\debug\netcoreapp3.1\nunittestproject.dll" id="ba3d44ab-713b-26da-eeee-600e16cfe130">
      <Execution id="9f8bc676-1440-482e-87fe-b39d62cdae52" />
      <TestMethod codeBase="C:\Projekty\NUnitTestProject\bin\Debug\netcoreapp3.1\NUnitTestProject.dll" adapterTypeName="executor://nunit3testexecutor/" className="NUnitTestProject.CurrencyHelperTests" name="FormatToStringTest1000(30385.72086375613d,&quot;30385.72 zł&quot;)" />
    </UnitTest>
    <UnitTest name="FormatToStringTest1000(49256.47455728635d,&quot;49256.47 zł&quot;)" storage="c:\projekty\nunittestproject\bin\debug\netcoreapp3.1\nunittestproject.dll" id="8184eede-89c1-758f-6b98-b1536f1bc7e0">
      <Execution id="9a915e6a-04bb-49a4-ac65-e1ab972180ca" />
      <TestMethod codeBase="C:\Projekty\NUnitTestProject\bin\Debug\netcoreapp3.1\NUnitTestProject.dll" adapterTypeName="executor://nunit3testexecutor/" className="NUnitTestProject.CurrencyHelperTests" name="FormatToStringTest1000(49256.47455728635d,&quot;49256.47 zł&quot;)" />
    </UnitTest>
    <UnitTest name="FormatToStringTest1000(18032.4720825476d,&quot;18032.47 zł&quot;)" storage="c:\projekty\nunittestproject\bin\debug\netcoreapp3.1\nunittestproject.dll" id="99b9ef43-ae03-d550-aafb-7b6a0ec7c1ee">
      <Execution id="92d364d8-596b-4335-996e-0b3935686453" />
      <TestMethod codeBase="C:\Projekty\NUnitTestProject\bin\Debug\netcoreapp3.1\NUnitTestProject.dll" adapterTypeName="executor://nunit3testexecutor/" className="NUnitTestProject.CurrencyHelperTests" name="FormatToStringTest1000(18032.4720825476d,&quot;18032.47 zł&quot;)" />
    </UnitTest>
    <UnitTest name="FormatToStringTest1000(27629.79121039193d,&quot;27629.79 zł&quot;)" storage="c:\projekty\nunittestproject\bin\debug\netcoreapp3.1\nunittestproject.dll" id="a6621eb8-15a7-fc8e-d862-31d4f5bc69d0">
      <Execution id="c3e11700-97eb-4b40-9be5-77a3a4e29633" />
      <TestMethod codeBase="C:\Projekty\NUnitTestProject\bin\Debug\netcoreapp3.1\NUnitTestProject.dll" adapterTypeName="executor://nunit3testexecutor/" className="NUnitTestProject.CurrencyHelperTests" name="FormatToStringTest1000(27629.79121039193d,&quot;27629.79 zł&quot;)" />
    </UnitTest>
    <UnitTest name="FormatToStringTest1000(7726.0074454499445d,&quot;7726.01 zł&quot;)" storage="c:\projekty\nunittestproject\bin\debug\netcoreapp3.1\nunittestproject.dll" id="20eba454-047b-5e64-79ba-74e9397a20a4">
      <Execution id="92c831a9-6fa7-44ca-b44e-c3af754b8e67" />
      <TestMethod codeBase="C:\Projekty\NUnitTestProject\bin\Debug\netcoreapp3.1\NUnitTestProject.dll" adapterTypeName="executor://nunit3testexecutor/" className="NUnitTestProject.CurrencyHelperTests" name="FormatToStringTest1000(7726.0074454499445d,&quot;7726.01 zł&quot;)" />
    </UnitTest>
    <UnitTest name="FormatToStringTest1000(26529.10838037036d,&quot;26529.11 zł&quot;)" storage="c:\projekty\nunittestproject\bin\debug\netcoreapp3.1\nunittestproject.dll" id="193f831d-c7c9-ac41-bc1b-9798c85535ca">
      <Execution id="2967c1cb-2cea-48b2-82eb-c0f953c8b924" />
      <TestMethod codeBase="C:\Projekty\NUnitTestProject\bin\Debug\netcoreapp3.1\NUnitTestProject.dll" adapterTypeName="executor://nunit3testexecutor/" className="NUnitTestProject.CurrencyHelperTests" name="FormatToStringTest1000(26529.10838037036d,&quot;26529.11 zł&quot;)" />
    </UnitTest>
    <UnitTest name="FormatToStringTest1000(19208.676036795914d,&quot;19208.68 zł&quot;)" storage="c:\projekty\nunittestproject\bin\debug\netcoreapp3.1\nunittestproject.dll" id="0bcee855-d67d-6b06-b494-da6df454ba12">
      <Execution id="07118b35-5448-4a5e-a600-4da511fcfcd7" />
      <TestMethod codeBase="C:\Projekty\NUnitTestProject\bin\Debug\netcoreapp3.1\NUnitTestProject.dll" adapterTypeName="executor://nunit3testexecutor/" className="NUnitTestProject.CurrencyHelperTests" name="FormatToStringTest1000(19208.676036795914d,&quot;19208.68 zł&quot;)" />
    </UnitTest>
    <UnitTest name="FormatToStringTest1000(41368.29672956015d,&quot;41368.30 zł&quot;)" storage="c:\projekty\nunittestproject\bin\debug\netcoreapp3.1\nunittestproject.dll" id="0ffbfc26-0b88-0610-8454-a3e10982707b">
      <Execution id="f018fdc7-426a-4cf3-87ea-e2b4136d2e79" />
      <TestMethod codeBase="C:\Projekty\NUnitTestProject\bin\Debug\netcoreapp3.1\NUnitTestProject.dll" adapterTypeName="executor://nunit3testexecutor/" className="NUnitTestProject.CurrencyHelperTests" name="FormatToStringTest1000(41368.29672956015d,&quot;41368.30 zł&quot;)" />
    </UnitTest>
    <UnitTest name="FormatToStringTest1000(47672.66266041652d,&quot;47672.66 zł&quot;)" storage="c:\projekty\nunittestproject\bin\debug\netcoreapp3.1\nunittestproject.dll" id="90524d2a-adb4-bd7e-769a-526d502faf2e">
      <Execution id="c7811f0d-952f-484a-babf-4f30ffeb7fbf" />
      <TestMethod codeBase="C:\Projekty\NUnitTestProject\bin\Debug\netcoreapp3.1\NUnitTestProject.dll" adapterTypeName="executor://nunit3testexecutor/" className="NUnitTestProject.CurrencyHelperTests" name="FormatToStringTest1000(47672.66266041652d,&quot;47672.66 zł&quot;)" />
    </UnitTest>
    <UnitTest name="FormatToStringTest1000(2121.0917325211185d,&quot;2121.09 zł&quot;)" storage="c:\projekty\nunittestproject\bin\debug\netcoreapp3.1\nunittestproject.dll" id="f0585ec3-ae76-b5af-6830-899496ff1fd9">
      <Execution id="a9b57c9a-ae2c-45df-9a40-b311deba6b56" />
      <TestMethod codeBase="C:\Projekty\NUnitTestProject\bin\Debug\netcoreapp3.1\NUnitTestProject.dll" adapterTypeName="executor://nunit3testexecutor/" className="NUnitTestProject.CurrencyHelperTests" name="FormatToStringTest1000(2121.0917325211185d,&quot;2121.09 zł&quot;)" />
    </UnitTest>
    <UnitTest name="FormatToStringTest1000(31347.468987404587d,&quot;31347.47 zł&quot;)" storage="c:\projekty\nunittestproject\bin\debug\netcoreapp3.1\nunittestproject.dll" id="9cef29cf-98fb-f211-5054-ae4d42774e1f">
      <Execution id="db266404-a415-4172-9c90-d49804f1602d" />
      <TestMethod codeBase="C:\Projekty\NUnitTestProject\bin\Debug\netcoreapp3.1\NUnitTestProject.dll" adapterTypeName="executor://nunit3testexecutor/" className="NUnitTestProject.CurrencyHelperTests" name="FormatToStringTest1000(31347.468987404587d,&quot;31347.47 zł&quot;)" />
    </UnitTest>
    <UnitTest name="FormatToStringTest1000(1676.7913981754293d,&quot;1676.79 zł&quot;)" storage="c:\projekty\nunittestproject\bin\debug\netcoreapp3.1\nunittestproject.dll" id="0ebe3939-f18c-dec0-703f-01349ca5c1ad">
      <Execution id="614bb2bd-6758-448d-a386-17b6b923b504" />
      <TestMethod codeBase="C:\Projekty\NUnitTestProject\bin\Debug\netcoreapp3.1\NUnitTestProject.dll" adapterTypeName="executor://nunit3testexecutor/" className="NUnitTestProject.CurrencyHelperTests" name="FormatToStringTest1000(1676.7913981754293d,&quot;1676.79 zł&quot;)" />
    </UnitTest>
    <UnitTest name="FormatToStringTest1000(31971.185406704986d,&quot;31971.19 zł&quot;)" storage="c:\projekty\nunittestproject\bin\debug\netcoreapp3.1\nunittestproject.dll" id="a32b1b99-bbfe-b0ef-93c7-d7c83b53becf">
      <Execution id="2c6d55dd-933a-4a37-bce7-82f2f6f3494a" />
      <TestMethod codeBase="C:\Projekty\NUnitTestProject\bin\Debug\netcoreapp3.1\NUnitTestProject.dll" adapterTypeName="executor://nunit3testexecutor/" className="NUnitTestProject.CurrencyHelperTests" name="FormatToStringTest1000(31971.185406704986d,&quot;31971.19 zł&quot;)" />
    </UnitTest>
    <UnitTest name="FormatToStringTest1000(867.5236648356187d,&quot;867.52 zł&quot;)" storage="c:\projekty\nunittestproject\bin\debug\netcoreapp3.1\nunittestproject.dll" id="8d6414e5-4d2d-73e7-c36d-d9cbbb203e5f">
      <Execution id="958a9694-4f9f-42f9-9577-a40d01b7dfea" />
      <TestMethod codeBase="C:\Projekty\NUnitTestProject\bin\Debug\netcoreapp3.1\NUnitTestProject.dll" adapterTypeName="executor://nunit3testexecutor/" className="NUnitTestProject.CurrencyHelperTests" name="FormatToStringTest1000(867.5236648356187d,&quot;867.52 zł&quot;)" />
    </UnitTest>
    <UnitTest name="FormatToStringTest1000(16597.22844427788d,&quot;16597.23 zł&quot;)" storage="c:\projekty\nunittestproject\bin\debug\netcoreapp3.1\nunittestproject.dll" id="12c8d806-dc76-730d-d276-1d289133c533">
      <Execution id="651593f3-f690-4a08-a786-f56fc4318467" />
      <TestMethod codeBase="C:\Projekty\NUnitTestProject\bin\Debug\netcoreapp3.1\NUnitTestProject.dll" adapterTypeName="executor://nunit3testexecutor/" className="NUnitTestProject.CurrencyHelperTests" name="FormatToStringTest1000(16597.22844427788d,&quot;16597.23 zł&quot;)" />
    </UnitTest>
    <UnitTest name="FormatToStringTest1000(7715.904444139406d,&quot;7715.90 zł&quot;)" storage="c:\projekty\nunittestproject\bin\debug\netcoreapp3.1\nunittestproject.dll" id="3436028f-e5c2-d0e3-5f92-c1e23c8a73cc">
      <Execution id="f575cc7a-e1d7-47fb-83d3-1170506585db" />
      <TestMethod codeBase="C:\Projekty\NUnitTestProject\bin\Debug\netcoreapp3.1\NUnitTestProject.dll" adapterTypeName="executor://nunit3testexecutor/" className="NUnitTestProject.CurrencyHelperTests" name="FormatToStringTest1000(7715.904444139406d,&quot;7715.90 zł&quot;)" />
    </UnitTest>
    <UnitTest name="FormatToStringTest1000(3700.029953029021d,&quot;3700.03 zł&quot;)" storage="c:\projekty\nunittestproject\bin\debug\netcoreapp3.1\nunittestproject.dll" id="5da451a5-54a7-b58b-ab8b-8b1b8384fd01">
      <Execution id="1b78406c-d088-44e3-9948-90cf2d293ab4" />
      <TestMethod codeBase="C:\Projekty\NUnitTestProject\bin\Debug\netcoreapp3.1\NUnitTestProject.dll" adapterTypeName="executor://nunit3testexecutor/" className="NUnitTestProject.CurrencyHelperTests" name="FormatToStringTest1000(3700.029953029021d,&quot;3700.03 zł&quot;)" />
    </UnitTest>
    <UnitTest name="FormatToStringTest1000(485.6735566554933d,&quot;485.67 zł&quot;)" storage="c:\projekty\nunittestproject\bin\debug\netcoreapp3.1\nunittestproject.dll" id="7ad4f46a-05fc-7c4a-853e-228ce39d4426">
      <Execution id="b49855a4-2f05-48bc-8938-d9cd1c0a5bef" />
      <TestMethod codeBase="C:\Projekty\NUnitTestProject\bin\Debug\netcoreapp3.1\NUnitTestProject.dll" adapterTypeName="executor://nunit3testexecutor/" className="NUnitTestProject.CurrencyHelperTests" name="FormatToStringTest1000(485.6735566554933d,&quot;485.67 zł&quot;)" />
    </UnitTest>
    <UnitTest name="FormatToStringTest1000(14712.754747761765d,&quot;14712.75 zł&quot;)" storage="c:\projekty\nunittestproject\bin\debug\netcoreapp3.1\nunittestproject.dll" id="a888e7ea-dbd1-07c6-66f1-9d366fb67e32">
      <Execution id="1247a6af-f1e9-4676-a576-653c985c0e19" />
      <TestMethod codeBase="C:\Projekty\NUnitTestProject\bin\Debug\netcoreapp3.1\NUnitTestProject.dll" adapterTypeName="executor://nunit3testexecutor/" className="NUnitTestProject.CurrencyHelperTests" name="FormatToStringTest1000(14712.754747761765d,&quot;14712.75 zł&quot;)" />
    </UnitTest>
    <UnitTest name="FormatToStringTest1000(32218.080508120394d,&quot;32218.08 zł&quot;)" storage="c:\projekty\nunittestproject\bin\debug\netcoreapp3.1\nunittestproject.dll" id="f20c73fc-7f07-e8ef-25e3-d34c7ca18877">
      <Execution id="a1f167a7-63cd-4fd0-8652-c639511a99ec" />
      <TestMethod codeBase="C:\Projekty\NUnitTestProject\bin\Debug\netcoreapp3.1\NUnitTestProject.dll" adapterTypeName="executor://nunit3testexecutor/" className="NUnitTestProject.CurrencyHelperTests" name="FormatToStringTest1000(32218.080508120394d,&quot;32218.08 zł&quot;)" />
    </UnitTest>
    <UnitTest name="FormatToStringTest1000(64210.358316209335d,&quot;64210.36 zł&quot;)" storage="c:\projekty\nunittestproject\bin\debug\netcoreapp3.1\nunittestproject.dll" id="8a2b6295-c6f7-0626-b29d-201c71fd67a5">
      <Execution id="de80dbb7-5f05-40b0-afee-e1a3ceb3f778" />
      <TestMethod codeBase="C:\Projekty\NUnitTestProject\bin\Debug\netcoreapp3.1\NUnitTestProject.dll" adapterTypeName="executor://nunit3testexecutor/" className="NUnitTestProject.CurrencyHelperTests" name="FormatToStringTest1000(64210.358316209335d,&quot;64210.36 zł&quot;)" />
    </UnitTest>
    <UnitTest name="FormatToStringTest1000(47256.065730817645d,&quot;47256.07 zł&quot;)" storage="c:\projekty\nunittestproject\bin\debug\netcoreapp3.1\nunittestproject.dll" id="29503cc7-b010-6825-6d29-1db7cb95143d">
      <Execution id="c2d2ae76-53df-480c-abb0-35204af62504" />
      <TestMethod codeBase="C:\Projekty\NUnitTestProject\bin\Debug\netcoreapp3.1\NUnitTestProject.dll" adapterTypeName="executor://nunit3testexecutor/" className="NUnitTestProject.CurrencyHelperTests" name="FormatToStringTest1000(47256.065730817645d,&quot;47256.07 zł&quot;)" />
    </UnitTest>
    <UnitTest name="FormatToStringTest1000(79973.08417819678d,&quot;79973.08 zł&quot;)" storage="c:\projekty\nunittestproject\bin\debug\netcoreapp3.1\nunittestproject.dll" id="3de5845a-c4ac-d187-6027-553f442e3ad2">
      <Execution id="229b8be9-84bf-441d-9df8-5222a3352cf8" />
      <TestMethod codeBase="C:\Projekty\NUnitTestProject\bin\Debug\netcoreapp3.1\NUnitTestProject.dll" adapterTypeName="executor://nunit3testexecutor/" className="NUnitTestProject.CurrencyHelperTests" name="FormatToStringTest1000(79973.08417819678d,&quot;79973.08 zł&quot;)" />
    </UnitTest>
    <UnitTest name="FormatToStringTest1000(30626.373939456127d,&quot;30626.37 zł&quot;)" storage="c:\projekty\nunittestproject\bin\debug\netcoreapp3.1\nunittestproject.dll" id="ae5c211a-4af1-929a-38fa-5c9b4f30973f">
      <Execution id="732f6d4e-320e-4f91-88d0-2703901e61f0" />
      <TestMethod codeBase="C:\Projekty\NUnitTestProject\bin\Debug\netcoreapp3.1\NUnitTestProject.dll" adapterTypeName="executor://nunit3testexecutor/" className="NUnitTestProject.CurrencyHelperTests" name="FormatToStringTest1000(30626.373939456127d,&quot;30626.37 zł&quot;)" />
    </UnitTest>
    <UnitTest name="FormatToStringTest1000(6544.213759255695d,&quot;6544.21 zł&quot;)" storage="c:\projekty\nunittestproject\bin\debug\netcoreapp3.1\nunittestproject.dll" id="942bc263-e8dd-056d-20fc-b03fc0f2fe09">
      <Execution id="91d5bdcb-424e-4ef3-a91b-f154689113c9" />
      <TestMethod codeBase="C:\Projekty\NUnitTestProject\bin\Debug\netcoreapp3.1\NUnitTestProject.dll" adapterTypeName="executor://nunit3testexecutor/" className="NUnitTestProject.CurrencyHelperTests" name="FormatToStringTest1000(6544.213759255695d,&quot;6544.21 zł&quot;)" />
    </UnitTest>
    <UnitTest name="FormatToStringTest1000(57436.33241095409d,&quot;57436.33 zł&quot;)" storage="c:\projekty\nunittestproject\bin\debug\netcoreapp3.1\nunittestproject.dll" id="88670780-e590-ffb1-3bdf-7b575a4d5fc5">
      <Execution id="94f17869-538e-4430-a986-4ab507fd08a1" />
      <TestMethod codeBase="C:\Projekty\NUnitTestProject\bin\Debug\netcoreapp3.1\NUnitTestProject.dll" adapterTypeName="executor://nunit3testexecutor/" className="NUnitTestProject.CurrencyHelperTests" name="FormatToStringTest1000(57436.33241095409d,&quot;57436.33 zł&quot;)" />
    </UnitTest>
    <UnitTest name="FormatToStringTest1000(4121.116360678857d,&quot;4121.12 zł&quot;)" storage="c:\projekty\nunittestproject\bin\debug\netcoreapp3.1\nunittestproject.dll" id="a6e465ee-f568-61da-4158-e730cb849679">
      <Execution id="cad9150a-aee8-4878-abc3-17b5718f6581" />
      <TestMethod codeBase="C:\Projekty\NUnitTestProject\bin\Debug\netcoreapp3.1\NUnitTestProject.dll" adapterTypeName="executor://nunit3testexecutor/" className="NUnitTestProject.CurrencyHelperTests" name="FormatToStringTest1000(4121.116360678857d,&quot;4121.12 zł&quot;)" />
    </UnitTest>
    <UnitTest name="FormatToStringTest1000(40556.73452524362d,&quot;40556.73 zł&quot;)" storage="c:\projekty\nunittestproject\bin\debug\netcoreapp3.1\nunittestproject.dll" id="b286589b-6f00-2211-0fe0-b6cf97d63d0a">
      <Execution id="19ef5841-5e15-42d2-9f02-d7c4433b6cb4" />
      <TestMethod codeBase="C:\Projekty\NUnitTestProject\bin\Debug\netcoreapp3.1\NUnitTestProject.dll" adapterTypeName="executor://nunit3testexecutor/" className="NUnitTestProject.CurrencyHelperTests" name="FormatToStringTest1000(40556.73452524362d,&quot;40556.73 zł&quot;)" />
    </UnitTest>
    <UnitTest name="FormatToStringTest1000(44930.92203801075d,&quot;44930.92 zł&quot;)" storage="c:\projekty\nunittestproject\bin\debug\netcoreapp3.1\nunittestproject.dll" id="49c672b6-6d9d-50cd-ab6b-d47ad2b2d00c">
      <Execution id="2359b346-4680-4a42-977b-05447a556dcb" />
      <TestMethod codeBase="C:\Projekty\NUnitTestProject\bin\Debug\netcoreapp3.1\NUnitTestProject.dll" adapterTypeName="executor://nunit3testexecutor/" className="NUnitTestProject.CurrencyHelperTests" name="FormatToStringTest1000(44930.92203801075d,&quot;44930.92 zł&quot;)" />
    </UnitTest>
    <UnitTest name="FormatToStringTest1000(25908.345463821825d,&quot;25908.35 zł&quot;)" storage="c:\projekty\nunittestproject\bin\debug\netcoreapp3.1\nunittestproject.dll" id="49538287-c6a8-9cce-5150-35176d68e7fe">
      <Execution id="7077690d-ec2b-431b-a191-d4689f739a37" />
      <TestMethod codeBase="C:\Projekty\NUnitTestProject\bin\Debug\netcoreapp3.1\NUnitTestProject.dll" adapterTypeName="executor://nunit3testexecutor/" className="NUnitTestProject.CurrencyHelperTests" name="FormatToStringTest1000(25908.345463821825d,&quot;25908.35 zł&quot;)" />
    </UnitTest>
    <UnitTest name="FormatToStringTest1000(59919.71489415491d,&quot;59919.71 zł&quot;)" storage="c:\projekty\nunittestproject\bin\debug\netcoreapp3.1\nunittestproject.dll" id="eef249b6-8ce5-ce2e-1d6e-3786477a589e">
      <Execution id="04deb173-9233-4979-acf7-f82c877b39f2" />
      <TestMethod codeBase="C:\Projekty\NUnitTestProject\bin\Debug\netcoreapp3.1\NUnitTestProject.dll" adapterTypeName="executor://nunit3testexecutor/" className="NUnitTestProject.CurrencyHelperTests" name="FormatToStringTest1000(59919.71489415491d,&quot;59919.71 zł&quot;)" />
    </UnitTest>
    <UnitTest name="FormatToStringTest1000(37114.901517336206d,&quot;37114.90 zł&quot;)" storage="c:\projekty\nunittestproject\bin\debug\netcoreapp3.1\nunittestproject.dll" id="becea41b-b5f7-1be9-14b7-7b47b08d6269">
      <Execution id="049b4a2c-cfd4-483c-852b-b8b87e63e799" />
      <TestMethod codeBase="C:\Projekty\NUnitTestProject\bin\Debug\netcoreapp3.1\NUnitTestProject.dll" adapterTypeName="executor://nunit3testexecutor/" className="NUnitTestProject.CurrencyHelperTests" name="FormatToStringTest1000(37114.901517336206d,&quot;37114.90 zł&quot;)" />
    </UnitTest>
    <UnitTest name="FormatToStringTest1000(5287.3103648714305d,&quot;5287.31 zł&quot;)" storage="c:\projekty\nunittestproject\bin\debug\netcoreapp3.1\nunittestproject.dll" id="279ea0a2-a194-3b23-c2df-f3b9caefacb9">
      <Execution id="627d91c3-acfb-4d24-9d94-e1f166737d21" />
      <TestMethod codeBase="C:\Projekty\NUnitTestProject\bin\Debug\netcoreapp3.1\NUnitTestProject.dll" adapterTypeName="executor://nunit3testexecutor/" className="NUnitTestProject.CurrencyHelperTests" name="FormatToStringTest1000(5287.3103648714305d,&quot;5287.31 zł&quot;)" />
    </UnitTest>
    <UnitTest name="FormatToStringTest1000(28306.369434126827d,&quot;28306.37 zł&quot;)" storage="c:\projekty\nunittestproject\bin\debug\netcoreapp3.1\nunittestproject.dll" id="1e0703fd-8132-d66f-f52d-f2f5d027c1d8">
      <Execution id="990f227d-02f3-473e-bd81-94c77abd778b" />
      <TestMethod codeBase="C:\Projekty\NUnitTestProject\bin\Debug\netcoreapp3.1\NUnitTestProject.dll" adapterTypeName="executor://nunit3testexecutor/" className="NUnitTestProject.CurrencyHelperTests" name="FormatToStringTest1000(28306.369434126827d,&quot;28306.37 zł&quot;)" />
    </UnitTest>
    <UnitTest name="FormatToStringTest1000(25272.05048361283d,&quot;25272.05 zł&quot;)" storage="c:\projekty\nunittestproject\bin\debug\netcoreapp3.1\nunittestproject.dll" id="fd4f7d41-f937-f359-41b7-f6b589c2bdd7">
      <Execution id="df25c5c3-d3b2-4af2-bf7f-bfa7e7367222" />
      <TestMethod codeBase="C:\Projekty\NUnitTestProject\bin\Debug\netcoreapp3.1\NUnitTestProject.dll" adapterTypeName="executor://nunit3testexecutor/" className="NUnitTestProject.CurrencyHelperTests" name="FormatToStringTest1000(25272.05048361283d,&quot;25272.05 zł&quot;)" />
    </UnitTest>
    <UnitTest name="FormatToStringTest1000(34242.181005260056d,&quot;34242.18 zł&quot;)" storage="c:\projekty\nunittestproject\bin\debug\netcoreapp3.1\nunittestproject.dll" id="32010eb0-88b3-7f9e-a459-fb524fc932d7">
      <Execution id="988096f3-1d32-49cd-89e0-ec1870d4a02a" />
      <TestMethod codeBase="C:\Projekty\NUnitTestProject\bin\Debug\netcoreapp3.1\NUnitTestProject.dll" adapterTypeName="executor://nunit3testexecutor/" className="NUnitTestProject.CurrencyHelperTests" name="FormatToStringTest1000(34242.181005260056d,&quot;34242.18 zł&quot;)" />
    </UnitTest>
    <UnitTest name="FormatToStringTest1000(66723.3293191657d,&quot;66723.33 zł&quot;)" storage="c:\projekty\nunittestproject\bin\debug\netcoreapp3.1\nunittestproject.dll" id="7e68fea7-1e52-0c32-44b4-1e38c3c836bc">
      <Execution id="b051c357-175f-4f9b-8f50-b990cff92770" />
      <TestMethod codeBase="C:\Projekty\NUnitTestProject\bin\Debug\netcoreapp3.1\NUnitTestProject.dll" adapterTypeName="executor://nunit3testexecutor/" className="NUnitTestProject.CurrencyHelperTests" name="FormatToStringTest1000(66723.3293191657d,&quot;66723.33 zł&quot;)" />
    </UnitTest>
    <UnitTest name="FormatToStringTest1000(9097.395563790293d,&quot;9097.40 zł&quot;)" storage="c:\projekty\nunittestproject\bin\debug\netcoreapp3.1\nunittestproject.dll" id="cbe18909-6635-9aa1-a38f-17a524fe9aa1">
      <Execution id="b59cc3e7-6b9b-4ec2-8cf2-c8c88e5d40e4" />
      <TestMethod codeBase="C:\Projekty\NUnitTestProject\bin\Debug\netcoreapp3.1\NUnitTestProject.dll" adapterTypeName="executor://nunit3testexecutor/" className="NUnitTestProject.CurrencyHelperTests" name="FormatToStringTest1000(9097.395563790293d,&quot;9097.40 zł&quot;)" />
    </UnitTest>
    <UnitTest name="FormatToStringTest1000(10268.547802396373d,&quot;10268.55 zł&quot;)" storage="c:\projekty\nunittestproject\bin\debug\netcoreapp3.1\nunittestproject.dll" id="8b6f3338-cce8-0079-b821-3f92e6c60eee">
      <Execution id="e1ba2ca0-c461-4f0d-a136-7cee50d82aab" />
      <TestMethod codeBase="C:\Projekty\NUnitTestProject\bin\Debug\netcoreapp3.1\NUnitTestProject.dll" adapterTypeName="executor://nunit3testexecutor/" className="NUnitTestProject.CurrencyHelperTests" name="FormatToStringTest1000(10268.547802396373d,&quot;10268.55 zł&quot;)" />
    </UnitTest>
    <UnitTest name="FormatToStringTest1000(30138.55109863102d,&quot;30138.55 zł&quot;)" storage="c:\projekty\nunittestproject\bin\debug\netcoreapp3.1\nunittestproject.dll" id="979c090f-8c86-d264-67f3-13520744166b">
      <Execution id="e3b6a6df-2721-4915-a7ce-b0da81f452a3" />
      <TestMethod codeBase="C:\Projekty\NUnitTestProject\bin\Debug\netcoreapp3.1\NUnitTestProject.dll" adapterTypeName="executor://nunit3testexecutor/" className="NUnitTestProject.CurrencyHelperTests" name="FormatToStringTest1000(30138.55109863102d,&quot;30138.55 zł&quot;)" />
    </UnitTest>
    <UnitTest name="FormatToStringTest1000(17988.455793307843d,&quot;17988.46 zł&quot;)" storage="c:\projekty\nunittestproject\bin\debug\netcoreapp3.1\nunittestproject.dll" id="28c068cc-4f93-bf31-670a-7f0717946001">
      <Execution id="edea38d4-7355-4dfb-9457-474d1ab6968e" />
      <TestMethod codeBase="C:\Projekty\NUnitTestProject\bin\Debug\netcoreapp3.1\NUnitTestProject.dll" adapterTypeName="executor://nunit3testexecutor/" className="NUnitTestProject.CurrencyHelperTests" name="FormatToStringTest1000(17988.455793307843d,&quot;17988.46 zł&quot;)" />
    </UnitTest>
    <UnitTest name="FormatToStringTest1000(5810.695934967462d,&quot;5810.70 zł&quot;)" storage="c:\projekty\nunittestproject\bin\debug\netcoreapp3.1\nunittestproject.dll" id="21fecb6a-616e-e0ca-06e2-949826e6d9fe">
      <Execution id="195610c5-caf7-4d7d-9b8b-47bbb3e09842" />
      <TestMethod codeBase="C:\Projekty\NUnitTestProject\bin\Debug\netcoreapp3.1\NUnitTestProject.dll" adapterTypeName="executor://nunit3testexecutor/" className="NUnitTestProject.CurrencyHelperTests" name="FormatToStringTest1000(5810.695934967462d,&quot;5810.70 zł&quot;)" />
    </UnitTest>
    <UnitTest name="FormatToStringTest1000(5317.9582678023535d,&quot;5317.96 zł&quot;)" storage="c:\projekty\nunittestproject\bin\debug\netcoreapp3.1\nunittestproject.dll" id="b7c8b8f4-3f53-7b79-a3fb-65f51c557883">
      <Execution id="9f645c57-fc5a-4ea3-a820-86a3f00011e1" />
      <TestMethod codeBase="C:\Projekty\NUnitTestProject\bin\Debug\netcoreapp3.1\NUnitTestProject.dll" adapterTypeName="executor://nunit3testexecutor/" className="NUnitTestProject.CurrencyHelperTests" name="FormatToStringTest1000(5317.9582678023535d,&quot;5317.96 zł&quot;)" />
    </UnitTest>
    <UnitTest name="FormatToStringTest1000(1568.615240217473d,&quot;1568.62 zł&quot;)" storage="c:\projekty\nunittestproject\bin\debug\netcoreapp3.1\nunittestproject.dll" id="85799221-0b36-0e4a-ef29-ad83f50e6bbd">
      <Execution id="18fc64f0-bcbe-4f72-aa21-fd753befcabe" />
      <TestMethod codeBase="C:\Projekty\NUnitTestProject\bin\Debug\netcoreapp3.1\NUnitTestProject.dll" adapterTypeName="executor://nunit3testexecutor/" className="NUnitTestProject.CurrencyHelperTests" name="FormatToStringTest1000(1568.615240217473d,&quot;1568.62 zł&quot;)" />
    </UnitTest>
    <UnitTest name="FormatToStringTest1000(31622.81414407809d,&quot;31622.81 zł&quot;)" storage="c:\projekty\nunittestproject\bin\debug\netcoreapp3.1\nunittestproject.dll" id="837f3b30-3aeb-50a8-d532-f419df9834ba">
      <Execution id="265c5e4c-7c17-48ea-aed9-eb658e6a3103" />
      <TestMethod codeBase="C:\Projekty\NUnitTestProject\bin\Debug\netcoreapp3.1\NUnitTestProject.dll" adapterTypeName="executor://nunit3testexecutor/" className="NUnitTestProject.CurrencyHelperTests" name="FormatToStringTest1000(31622.81414407809d,&quot;31622.81 zł&quot;)" />
    </UnitTest>
    <UnitTest name="FormatToStringTest1000(88584.97010041306d,&quot;88584.97 zł&quot;)" storage="c:\projekty\nunittestproject\bin\debug\netcoreapp3.1\nunittestproject.dll" id="acc05f4a-9abc-39e3-e875-400f69bcea41">
      <Execution id="4a820a64-64a1-4aff-8246-1ab7423eef85" />
      <TestMethod codeBase="C:\Projekty\NUnitTestProject\bin\Debug\netcoreapp3.1\NUnitTestProject.dll" adapterTypeName="executor://nunit3testexecutor/" className="NUnitTestProject.CurrencyHelperTests" name="FormatToStringTest1000(88584.97010041306d,&quot;88584.97 zł&quot;)" />
    </UnitTest>
    <UnitTest name="FormatToStringTest1000(7951.322730072458d,&quot;7951.32 zł&quot;)" storage="c:\projekty\nunittestproject\bin\debug\netcoreapp3.1\nunittestproject.dll" id="92fd78dd-20f7-b708-0603-1911a96c9737">
      <Execution id="df3d37ce-29ad-4ac1-9d31-e3781b53a383" />
      <TestMethod codeBase="C:\Projekty\NUnitTestProject\bin\Debug\netcoreapp3.1\NUnitTestProject.dll" adapterTypeName="executor://nunit3testexecutor/" className="NUnitTestProject.CurrencyHelperTests" name="FormatToStringTest1000(7951.322730072458d,&quot;7951.32 zł&quot;)" />
    </UnitTest>
    <UnitTest name="FormatToStringTest1000(69864.17463991146d,&quot;69864.17 zł&quot;)" storage="c:\projekty\nunittestproject\bin\debug\netcoreapp3.1\nunittestproject.dll" id="f7f48920-cf43-fd74-5fcd-5b275d41553a">
      <Execution id="3be4740c-0940-4796-bf46-36a28f3bafab" />
      <TestMethod codeBase="C:\Projekty\NUnitTestProject\bin\Debug\netcoreapp3.1\NUnitTestProject.dll" adapterTypeName="executor://nunit3testexecutor/" className="NUnitTestProject.CurrencyHelperTests" name="FormatToStringTest1000(69864.17463991146d,&quot;69864.17 zł&quot;)" />
    </UnitTest>
    <UnitTest name="FormatToStringTest1000(3092.9215945624383d,&quot;3092.92 zł&quot;)" storage="c:\projekty\nunittestproject\bin\debug\netcoreapp3.1\nunittestproject.dll" id="45d434bd-96d2-7ca0-c594-4cf5e3f89416">
      <Execution id="2d047afa-3f21-4ad0-ba6c-a46b03d0aadf" />
      <TestMethod codeBase="C:\Projekty\NUnitTestProject\bin\Debug\netcoreapp3.1\NUnitTestProject.dll" adapterTypeName="executor://nunit3testexecutor/" className="NUnitTestProject.CurrencyHelperTests" name="FormatToStringTest1000(3092.9215945624383d,&quot;3092.92 zł&quot;)" />
    </UnitTest>
    <UnitTest name="FormatToStringTest1000(30020.248557890412d,&quot;30020.25 zł&quot;)" storage="c:\projekty\nunittestproject\bin\debug\netcoreapp3.1\nunittestproject.dll" id="94726e39-ff6c-190e-418c-075986e08585">
      <Execution id="0e33d531-e648-4f93-8ac2-915cccaa5137" />
      <TestMethod codeBase="C:\Projekty\NUnitTestProject\bin\Debug\netcoreapp3.1\NUnitTestProject.dll" adapterTypeName="executor://nunit3testexecutor/" className="NUnitTestProject.CurrencyHelperTests" name="FormatToStringTest1000(30020.248557890412d,&quot;30020.25 zł&quot;)" />
    </UnitTest>
    <UnitTest name="FormatToStringTest1000(5507.360659962688d,&quot;5507.36 zł&quot;)" storage="c:\projekty\nunittestproject\bin\debug\netcoreapp3.1\nunittestproject.dll" id="08b0137c-0bdc-e87f-be30-d8edbdf991c1">
      <Execution id="816c7fbc-f505-423c-9718-ad7ad3816901" />
      <TestMethod codeBase="C:\Projekty\NUnitTestProject\bin\Debug\netcoreapp3.1\NUnitTestProject.dll" adapterTypeName="executor://nunit3testexecutor/" className="NUnitTestProject.CurrencyHelperTests" name="FormatToStringTest1000(5507.360659962688d,&quot;5507.36 zł&quot;)" />
    </UnitTest>
    <UnitTest name="FormatToStringTest1000(7621.507806692509d,&quot;7621.51 zł&quot;)" storage="c:\projekty\nunittestproject\bin\debug\netcoreapp3.1\nunittestproject.dll" id="1ead85ed-9e84-e345-248b-37b2bb2fd57c">
      <Execution id="13e78fdb-2811-4f63-ae23-980ec5358b3b" />
      <TestMethod codeBase="C:\Projekty\NUnitTestProject\bin\Debug\netcoreapp3.1\NUnitTestProject.dll" adapterTypeName="executor://nunit3testexecutor/" className="NUnitTestProject.CurrencyHelperTests" name="FormatToStringTest1000(7621.507806692509d,&quot;7621.51 zł&quot;)" />
    </UnitTest>
    <UnitTest name="FormatToStringTest1000(3477.860963622509d,&quot;3477.86 zł&quot;)" storage="c:\projekty\nunittestproject\bin\debug\netcoreapp3.1\nunittestproject.dll" id="bbce4fa8-10c7-16ce-b8b0-bbab48797f43">
      <Execution id="90205a14-d043-461b-8c7c-55965ddc2568" />
      <TestMethod codeBase="C:\Projekty\NUnitTestProject\bin\Debug\netcoreapp3.1\NUnitTestProject.dll" adapterTypeName="executor://nunit3testexecutor/" className="NUnitTestProject.CurrencyHelperTests" name="FormatToStringTest1000(3477.860963622509d,&quot;3477.86 zł&quot;)" />
    </UnitTest>
    <UnitTest name="FormatToStringTest1000(1739.5853778997368d,&quot;1739.59 zł&quot;)" storage="c:\projekty\nunittestproject\bin\debug\netcoreapp3.1\nunittestproject.dll" id="4b28edc9-10aa-dd25-05d6-efbec430bd7a">
      <Execution id="c586fcea-f1a9-466e-8a06-741e92540e60" />
      <TestMethod codeBase="C:\Projekty\NUnitTestProject\bin\Debug\netcoreapp3.1\NUnitTestProject.dll" adapterTypeName="executor://nunit3testexecutor/" className="NUnitTestProject.CurrencyHelperTests" name="FormatToStringTest1000(1739.5853778997368d,&quot;1739.59 zł&quot;)" />
    </UnitTest>
    <UnitTest name="FormatToStringTest1000(4419.750844657306d,&quot;4419.75 zł&quot;)" storage="c:\projekty\nunittestproject\bin\debug\netcoreapp3.1\nunittestproject.dll" id="d2fc2ae7-e3b1-dc92-6628-90e5bb16c5d2">
      <Execution id="e30331e9-ebcd-4ac5-9f40-b68a6d74ea8e" />
      <TestMethod codeBase="C:\Projekty\NUnitTestProject\bin\Debug\netcoreapp3.1\NUnitTestProject.dll" adapterTypeName="executor://nunit3testexecutor/" className="NUnitTestProject.CurrencyHelperTests" name="FormatToStringTest1000(4419.750844657306d,&quot;4419.75 zł&quot;)" />
    </UnitTest>
    <UnitTest name="FormatToStringTest1000(181.3640542483721d,&quot;181.36 zł&quot;)" storage="c:\projekty\nunittestproject\bin\debug\netcoreapp3.1\nunittestproject.dll" id="b27808d6-4355-5292-3153-64fb93821ea0">
      <Execution id="7a1842e1-6617-4d77-9b32-d74f80e883ff" />
      <TestMethod codeBase="C:\Projekty\NUnitTestProject\bin\Debug\netcoreapp3.1\NUnitTestProject.dll" adapterTypeName="executor://nunit3testexecutor/" className="NUnitTestProject.CurrencyHelperTests" name="FormatToStringTest1000(181.3640542483721d,&quot;181.36 zł&quot;)" />
    </UnitTest>
    <UnitTest name="FormatToStringTest1000(272.5621069118204d,&quot;272.56 zł&quot;)" storage="c:\projekty\nunittestproject\bin\debug\netcoreapp3.1\nunittestproject.dll" id="04969f67-b379-916a-3275-e53bd0718ea4">
      <Execution id="42856249-196b-441e-9ae8-1d79fa0364c5" />
      <TestMethod codeBase="C:\Projekty\NUnitTestProject\bin\Debug\netcoreapp3.1\NUnitTestProject.dll" adapterTypeName="executor://nunit3testexecutor/" className="NUnitTestProject.CurrencyHelperTests" name="FormatToStringTest1000(272.5621069118204d,&quot;272.56 zł&quot;)" />
    </UnitTest>
    <UnitTest name="FormatToStringTest1000(30533.30031120838d,&quot;30533.30 zł&quot;)" storage="c:\projekty\nunittestproject\bin\debug\netcoreapp3.1\nunittestproject.dll" id="c6aaa130-65a2-a877-78a2-df837cd09244">
      <Execution id="aa15cfdc-26b7-4a33-9f4c-a7a5db5ba76a" />
      <TestMethod codeBase="C:\Projekty\NUnitTestProject\bin\Debug\netcoreapp3.1\NUnitTestProject.dll" adapterTypeName="executor://nunit3testexecutor/" className="NUnitTestProject.CurrencyHelperTests" name="FormatToStringTest1000(30533.30031120838d,&quot;30533.30 zł&quot;)" />
    </UnitTest>
    <UnitTest name="FormatToStringTest1000(317.9090540706688d,&quot;317.91 zł&quot;)" storage="c:\projekty\nunittestproject\bin\debug\netcoreapp3.1\nunittestproject.dll" id="a4b13a66-9eee-466b-b0fc-fbf88e46d5b1">
      <Execution id="a1a22f3a-d262-4ddd-8fa3-06c95cbcf58e" />
      <TestMethod codeBase="C:\Projekty\NUnitTestProject\bin\Debug\netcoreapp3.1\NUnitTestProject.dll" adapterTypeName="executor://nunit3testexecutor/" className="NUnitTestProject.CurrencyHelperTests" name="FormatToStringTest1000(317.9090540706688d,&quot;317.91 zł&quot;)" />
    </UnitTest>
    <UnitTest name="FormatToStringTest1000(63291.50274994015d,&quot;63291.50 zł&quot;)" storage="c:\projekty\nunittestproject\bin\debug\netcoreapp3.1\nunittestproject.dll" id="491de118-700b-88eb-ac68-d71ffdabe000">
      <Execution id="9432ff86-e3a6-4771-b32b-45147081199d" />
      <TestMethod codeBase="C:\Projekty\NUnitTestProject\bin\Debug\netcoreapp3.1\NUnitTestProject.dll" adapterTypeName="executor://nunit3testexecutor/" className="NUnitTestProject.CurrencyHelperTests" name="FormatToStringTest1000(63291.50274994015d,&quot;63291.50 zł&quot;)" />
    </UnitTest>
    <UnitTest name="FormatToStringTest1000(2346.9964869427477d,&quot;2347.00 zł&quot;)" storage="c:\projekty\nunittestproject\bin\debug\netcoreapp3.1\nunittestproject.dll" id="c54c0d26-3d52-7638-d0ec-e651814ad808">
      <Execution id="b139f97f-dff6-4d08-8fb8-b0e3059c8cf1" />
      <TestMethod codeBase="C:\Projekty\NUnitTestProject\bin\Debug\netcoreapp3.1\NUnitTestProject.dll" adapterTypeName="executor://nunit3testexecutor/" className="NUnitTestProject.CurrencyHelperTests" name="FormatToStringTest1000(2346.9964869427477d,&quot;2347.00 zł&quot;)" />
    </UnitTest>
    <UnitTest name="FormatToStringTest1000(66053.95451852398d,&quot;66053.95 zł&quot;)" storage="c:\projekty\nunittestproject\bin\debug\netcoreapp3.1\nunittestproject.dll" id="451dabd5-e4bb-ea9d-054e-87b0f58becfa">
      <Execution id="8728cfa7-169b-44c7-a7b6-1d35ac5dda2d" />
      <TestMethod codeBase="C:\Projekty\NUnitTestProject\bin\Debug\netcoreapp3.1\NUnitTestProject.dll" adapterTypeName="executor://nunit3testexecutor/" className="NUnitTestProject.CurrencyHelperTests" name="FormatToStringTest1000(66053.95451852398d,&quot;66053.95 zł&quot;)" />
    </UnitTest>
    <UnitTest name="FormatToStringTest1000(748.6264857065987d,&quot;748.63 zł&quot;)" storage="c:\projekty\nunittestproject\bin\debug\netcoreapp3.1\nunittestproject.dll" id="1ea77442-f3cd-edae-4255-8405196cf08f">
      <Execution id="5a10a375-c4cf-4c3c-b5d3-bb9c5a4d58c9" />
      <TestMethod codeBase="C:\Projekty\NUnitTestProject\bin\Debug\netcoreapp3.1\NUnitTestProject.dll" adapterTypeName="executor://nunit3testexecutor/" className="NUnitTestProject.CurrencyHelperTests" name="FormatToStringTest1000(748.6264857065987d,&quot;748.63 zł&quot;)" />
    </UnitTest>
    <UnitTest name="FormatToStringTest1000(29796.909338079815d,&quot;29796.91 zł&quot;)" storage="c:\projekty\nunittestproject\bin\debug\netcoreapp3.1\nunittestproject.dll" id="45e81eff-7762-2319-5d11-e20e90ac1295">
      <Execution id="ddffa1ac-8bc0-4994-aceb-79938040bca0" />
      <TestMethod codeBase="C:\Projekty\NUnitTestProject\bin\Debug\netcoreapp3.1\NUnitTestProject.dll" adapterTypeName="executor://nunit3testexecutor/" className="NUnitTestProject.CurrencyHelperTests" name="FormatToStringTest1000(29796.909338079815d,&quot;29796.91 zł&quot;)" />
    </UnitTest>
    <UnitTest name="FormatToStringTest1000(20445.11280083149d,&quot;20445.11 zł&quot;)" storage="c:\projekty\nunittestproject\bin\debug\netcoreapp3.1\nunittestproject.dll" id="58ed8150-ee65-8df8-a854-bba06457b4da">
      <Execution id="73897968-cacb-4a8e-aebc-ba57d3e60dc5" />
      <TestMethod codeBase="C:\Projekty\NUnitTestProject\bin\Debug\netcoreapp3.1\NUnitTestProject.dll" adapterTypeName="executor://nunit3testexecutor/" className="NUnitTestProject.CurrencyHelperTests" name="FormatToStringTest1000(20445.11280083149d,&quot;20445.11 zł&quot;)" />
    </UnitTest>
    <UnitTest name="FormatToStringTest1000(33601.357302459124d,&quot;33601.36 zł&quot;)" storage="c:\projekty\nunittestproject\bin\debug\netcoreapp3.1\nunittestproject.dll" id="4981a909-3e1a-e6df-4bdc-c1e8e4928845">
      <Execution id="1e992a1a-ce42-4704-ab89-fe5e3897d2b3" />
      <TestMethod codeBase="C:\Projekty\NUnitTestProject\bin\Debug\netcoreapp3.1\NUnitTestProject.dll" adapterTypeName="executor://nunit3testexecutor/" className="NUnitTestProject.CurrencyHelperTests" name="FormatToStringTest1000(33601.357302459124d,&quot;33601.36 zł&quot;)" />
    </UnitTest>
    <UnitTest name="FormatToStringTest1000(17098.491445727876d,&quot;17098.49 zł&quot;)" storage="c:\projekty\nunittestproject\bin\debug\netcoreapp3.1\nunittestproject.dll" id="a3cd1e56-7e87-cbfe-4696-2cfc61bd79f6">
      <Execution id="bba6f8ff-8608-4434-af7d-09e4af1a0d7a" />
      <TestMethod codeBase="C:\Projekty\NUnitTestProject\bin\Debug\netcoreapp3.1\NUnitTestProject.dll" adapterTypeName="executor://nunit3testexecutor/" className="NUnitTestProject.CurrencyHelperTests" name="FormatToStringTest1000(17098.491445727876d,&quot;17098.49 zł&quot;)" />
    </UnitTest>
    <UnitTest name="FormatToStringTest1000(4669.392596858271d,&quot;4669.39 zł&quot;)" storage="c:\projekty\nunittestproject\bin\debug\netcoreapp3.1\nunittestproject.dll" id="deeaa6b3-3ff5-0109-60b8-733b4bfcf2d5">
      <Execution id="3aed2139-9ae0-44b0-ada9-89b04ac55e4e" />
      <TestMethod codeBase="C:\Projekty\NUnitTestProject\bin\Debug\netcoreapp3.1\NUnitTestProject.dll" adapterTypeName="executor://nunit3testexecutor/" className="NUnitTestProject.CurrencyHelperTests" name="FormatToStringTest1000(4669.392596858271d,&quot;4669.39 zł&quot;)" />
    </UnitTest>
    <UnitTest name="FormatToStringTest1000(29474.095826699442d,&quot;29474.10 zł&quot;)" storage="c:\projekty\nunittestproject\bin\debug\netcoreapp3.1\nunittestproject.dll" id="8d93f248-c3e9-e97f-b3e2-6491b331020f">
      <Execution id="ef302fb7-8c58-4ca8-b94e-0ea913e62c30" />
      <TestMethod codeBase="C:\Projekty\NUnitTestProject\bin\Debug\netcoreapp3.1\NUnitTestProject.dll" adapterTypeName="executor://nunit3testexecutor/" className="NUnitTestProject.CurrencyHelperTests" name="FormatToStringTest1000(29474.095826699442d,&quot;29474.10 zł&quot;)" />
    </UnitTest>
    <UnitTest name="FormatToStringTest1000(658.7555888573431d,&quot;658.76 zł&quot;)" storage="c:\projekty\nunittestproject\bin\debug\netcoreapp3.1\nunittestproject.dll" id="ddd788b7-fa29-d0c9-c87b-c6974b37dc7d">
      <Execution id="bf57be90-774b-4aef-8e54-5327917200db" />
      <TestMethod codeBase="C:\Projekty\NUnitTestProject\bin\Debug\netcoreapp3.1\NUnitTestProject.dll" adapterTypeName="executor://nunit3testexecutor/" className="NUnitTestProject.CurrencyHelperTests" name="FormatToStringTest1000(658.7555888573431d,&quot;658.76 zł&quot;)" />
    </UnitTest>
    <UnitTest name="FormatToStringTest1000(12641.700665183225d,&quot;12641.70 zł&quot;)" storage="c:\projekty\nunittestproject\bin\debug\netcoreapp3.1\nunittestproject.dll" id="942f2440-35ec-8291-0e34-266a90087e97">
      <Execution id="7fb67ec9-41c0-4c69-96d1-9b6df4bd68c0" />
      <TestMethod codeBase="C:\Projekty\NUnitTestProject\bin\Debug\netcoreapp3.1\NUnitTestProject.dll" adapterTypeName="executor://nunit3testexecutor/" className="NUnitTestProject.CurrencyHelperTests" name="FormatToStringTest1000(12641.700665183225d,&quot;12641.70 zł&quot;)" />
    </UnitTest>
    <UnitTest name="FormatToStringTest1000(11584.045280779732d,&quot;11584.05 zł&quot;)" storage="c:\projekty\nunittestproject\bin\debug\netcoreapp3.1\nunittestproject.dll" id="b8f799c6-5cbe-3da8-b8f8-1ee56d7fcf02">
      <Execution id="9027a513-e6ad-4cfa-8578-ce30d30764e4" />
      <TestMethod codeBase="C:\Projekty\NUnitTestProject\bin\Debug\netcoreapp3.1\NUnitTestProject.dll" adapterTypeName="executor://nunit3testexecutor/" className="NUnitTestProject.CurrencyHelperTests" name="FormatToStringTest1000(11584.045280779732d,&quot;11584.05 zł&quot;)" />
    </UnitTest>
    <UnitTest name="FormatToStringTest1000(48084.94422955389d,&quot;48084.94 zł&quot;)" storage="c:\projekty\nunittestproject\bin\debug\netcoreapp3.1\nunittestproject.dll" id="91285e79-b6fd-7585-384e-bbf4da4c2bcd">
      <Execution id="53094840-71c9-419d-9c09-bab3f1923cdb" />
      <TestMethod codeBase="C:\Projekty\NUnitTestProject\bin\Debug\netcoreapp3.1\NUnitTestProject.dll" adapterTypeName="executor://nunit3testexecutor/" className="NUnitTestProject.CurrencyHelperTests" name="FormatToStringTest1000(48084.94422955389d,&quot;48084.94 zł&quot;)" />
    </UnitTest>
    <UnitTest name="FormatToStringTest1000(38253.101637909705d,&quot;38253.10 zł&quot;)" storage="c:\projekty\nunittestproject\bin\debug\netcoreapp3.1\nunittestproject.dll" id="e38d99c7-c0fe-6520-2d4e-c3d7dce714b0">
      <Execution id="28a4c488-485d-45da-ab42-ba58f4134ebc" />
      <TestMethod codeBase="C:\Projekty\NUnitTestProject\bin\Debug\netcoreapp3.1\NUnitTestProject.dll" adapterTypeName="executor://nunit3testexecutor/" className="NUnitTestProject.CurrencyHelperTests" name="FormatToStringTest1000(38253.101637909705d,&quot;38253.10 zł&quot;)" />
    </UnitTest>
    <UnitTest name="FormatToStringTest1000(17315.72309779363d,&quot;17315.72 zł&quot;)" storage="c:\projekty\nunittestproject\bin\debug\netcoreapp3.1\nunittestproject.dll" id="3303c520-a64a-555f-afb5-ac27a0847525">
      <Execution id="eb502b83-5ffa-414d-bbac-71ff7119c56a" />
      <TestMethod codeBase="C:\Projekty\NUnitTestProject\bin\Debug\netcoreapp3.1\NUnitTestProject.dll" adapterTypeName="executor://nunit3testexecutor/" className="NUnitTestProject.CurrencyHelperTests" name="FormatToStringTest1000(17315.72309779363d,&quot;17315.72 zł&quot;)" />
    </UnitTest>
    <UnitTest name="FormatToStringTest1000(77904.0088552246d,&quot;77904.01 zł&quot;)" storage="c:\projekty\nunittestproject\bin\debug\netcoreapp3.1\nunittestproject.dll" id="333dd064-5f53-dea9-59e8-b7071262f9e7">
      <Execution id="5ae7db5d-355d-4a3e-a03b-8a1ee0ee8a35" />
      <TestMethod codeBase="C:\Projekty\NUnitTestProject\bin\Debug\netcoreapp3.1\NUnitTestProject.dll" adapterTypeName="executor://nunit3testexecutor/" className="NUnitTestProject.CurrencyHelperTests" name="FormatToStringTest1000(77904.0088552246d,&quot;77904.01 zł&quot;)" />
    </UnitTest>
    <UnitTest name="FormatToStringTest1000(15080.274618567097d,&quot;15080.27 zł&quot;)" storage="c:\projekty\nunittestproject\bin\debug\netcoreapp3.1\nunittestproject.dll" id="45b47e45-8abc-9102-029a-0eb6ca1d5e58">
      <Execution id="10beab26-0b18-4a11-aa53-2bd5efb27221" />
      <TestMethod codeBase="C:\Projekty\NUnitTestProject\bin\Debug\netcoreapp3.1\NUnitTestProject.dll" adapterTypeName="executor://nunit3testexecutor/" className="NUnitTestProject.CurrencyHelperTests" name="FormatToStringTest1000(15080.274618567097d,&quot;15080.27 zł&quot;)" />
    </UnitTest>
    <UnitTest name="FormatToStringTest1000(6417.5922460628635d,&quot;6417.59 zł&quot;)" storage="c:\projekty\nunittestproject\bin\debug\netcoreapp3.1\nunittestproject.dll" id="8237afc1-9210-54d8-45bd-84bf26e08f89">
      <Execution id="f1bc988a-eaec-43f6-883d-db66cca3b830" />
      <TestMethod codeBase="C:\Projekty\NUnitTestProject\bin\Debug\netcoreapp3.1\NUnitTestProject.dll" adapterTypeName="executor://nunit3testexecutor/" className="NUnitTestProject.CurrencyHelperTests" name="FormatToStringTest1000(6417.5922460628635d,&quot;6417.59 zł&quot;)" />
    </UnitTest>
    <UnitTest name="FormatToStringTest1000(75915.01943546813d,&quot;75915.02 zł&quot;)" storage="c:\projekty\nunittestproject\bin\debug\netcoreapp3.1\nunittestproject.dll" id="37887ca9-f36b-5081-1e8a-5e4e1fff4e53">
      <Execution id="c2e6c6ee-d933-4899-baa9-94466123e8d5" />
      <TestMethod codeBase="C:\Projekty\NUnitTestProject\bin\Debug\netcoreapp3.1\NUnitTestProject.dll" adapterTypeName="executor://nunit3testexecutor/" className="NUnitTestProject.CurrencyHelperTests" name="FormatToStringTest1000(75915.01943546813d,&quot;75915.02 zł&quot;)" />
    </UnitTest>
    <UnitTest name="FormatToStringTest1000(1613.6903705837626d,&quot;1613.69 zł&quot;)" storage="c:\projekty\nunittestproject\bin\debug\netcoreapp3.1\nunittestproject.dll" id="fecd618d-f97f-f547-1637-5166bd092d76">
      <Execution id="228233e0-337f-4ebe-bc1d-586a66cf35f9" />
      <TestMethod codeBase="C:\Projekty\NUnitTestProject\bin\Debug\netcoreapp3.1\NUnitTestProject.dll" adapterTypeName="executor://nunit3testexecutor/" className="NUnitTestProject.CurrencyHelperTests" name="FormatToStringTest1000(1613.6903705837626d,&quot;1613.69 zł&quot;)" />
    </UnitTest>
    <UnitTest name="FormatToStringTest1000(52810.91713865516d,&quot;52810.92 zł&quot;)" storage="c:\projekty\nunittestproject\bin\debug\netcoreapp3.1\nunittestproject.dll" id="b34ac9b1-7b20-291d-6caf-28aeffc4e30f">
      <Execution id="254cff9f-0ec5-415f-8beb-942200511c5a" />
      <TestMethod codeBase="C:\Projekty\NUnitTestProject\bin\Debug\netcoreapp3.1\NUnitTestProject.dll" adapterTypeName="executor://nunit3testexecutor/" className="NUnitTestProject.CurrencyHelperTests" name="FormatToStringTest1000(52810.91713865516d,&quot;52810.92 zł&quot;)" />
    </UnitTest>
    <UnitTest name="FormatToStringTest1000(34458.5406463512d,&quot;34458.54 zł&quot;)" storage="c:\projekty\nunittestproject\bin\debug\netcoreapp3.1\nunittestproject.dll" id="a35c67b3-dcd5-5426-949a-a2a9a2f95735">
      <Execution id="d4d9f376-64ca-4b89-896c-ba0f5e07d4e2" />
      <TestMethod codeBase="C:\Projekty\NUnitTestProject\bin\Debug\netcoreapp3.1\NUnitTestProject.dll" adapterTypeName="executor://nunit3testexecutor/" className="NUnitTestProject.CurrencyHelperTests" name="FormatToStringTest1000(34458.5406463512d,&quot;34458.54 zł&quot;)" />
    </UnitTest>
    <UnitTest name="FormatToStringTest1000(823.2747994560166d,&quot;823.27 zł&quot;)" storage="c:\projekty\nunittestproject\bin\debug\netcoreapp3.1\nunittestproject.dll" id="a6878771-c471-f5b9-95dc-467df24cdd5b">
      <Execution id="bc4a8d95-d80e-4143-8ba7-2572ffe5cb61" />
      <TestMethod codeBase="C:\Projekty\NUnitTestProject\bin\Debug\netcoreapp3.1\NUnitTestProject.dll" adapterTypeName="executor://nunit3testexecutor/" className="NUnitTestProject.CurrencyHelperTests" name="FormatToStringTest1000(823.2747994560166d,&quot;823.27 zł&quot;)" />
    </UnitTest>
    <UnitTest name="FormatToStringTest1000(42383.08993972982d,&quot;42383.09 zł&quot;)" storage="c:\projekty\nunittestproject\bin\debug\netcoreapp3.1\nunittestproject.dll" id="6b78f8da-fc12-62dc-9f88-c5e10a98f007">
      <Execution id="485b8a08-5508-4ffe-ab05-596bbafd35f3" />
      <TestMethod codeBase="C:\Projekty\NUnitTestProject\bin\Debug\netcoreapp3.1\NUnitTestProject.dll" adapterTypeName="executor://nunit3testexecutor/" className="NUnitTestProject.CurrencyHelperTests" name="FormatToStringTest1000(42383.08993972982d,&quot;42383.09 zł&quot;)" />
    </UnitTest>
    <UnitTest name="FormatToStringTest1000(7890.044272348771d,&quot;7890.04 zł&quot;)" storage="c:\projekty\nunittestproject\bin\debug\netcoreapp3.1\nunittestproject.dll" id="fd8f048e-524e-5d70-1d66-0ffeb121313b">
      <Execution id="6991d198-6605-4303-9b02-b7e974dd3637" />
      <TestMethod codeBase="C:\Projekty\NUnitTestProject\bin\Debug\netcoreapp3.1\NUnitTestProject.dll" adapterTypeName="executor://nunit3testexecutor/" className="NUnitTestProject.CurrencyHelperTests" name="FormatToStringTest1000(7890.044272348771d,&quot;7890.04 zł&quot;)" />
    </UnitTest>
  </TestDefinitions>
  <TestEntries>
    <TestEntry testId="70548cff-07c6-a6ca-3719-5ff4c0013c06" executionId="cf5a6424-9206-4732-bc1c-b1a307273337" testListId="8c84fa94-04c1-424b-9868-57a2d4851a1d" />
    <TestEntry testId="a127d37b-b919-a5a8-4175-7c8816584689" executionId="3136fe52-d960-4cfb-af45-aa1867adddbf" testListId="8c84fa94-04c1-424b-9868-57a2d4851a1d" />
    <TestEntry testId="796d7949-31f4-bb9f-3f5b-ffa9238af688" executionId="1f827409-dde8-4b69-8558-5557b80c4033" testListId="8c84fa94-04c1-424b-9868-57a2d4851a1d" />
    <TestEntry testId="511f69f7-a0fb-1d5f-80a7-db38c945bbc4" executionId="f4ac5c1d-b2fb-4977-99fc-087db70b66e1" testListId="8c84fa94-04c1-424b-9868-57a2d4851a1d" />
    <TestEntry testId="94cff85e-e7bb-c94b-e20b-765eb3997f75" executionId="540a1dba-5866-4cb3-9df8-3e557f7402c2" testListId="8c84fa94-04c1-424b-9868-57a2d4851a1d" />
    <TestEntry testId="02239eb7-c4a2-34a6-024f-aeb38f7bff3d" executionId="9ae374c0-6f62-42bf-9542-d0966d14047f" testListId="8c84fa94-04c1-424b-9868-57a2d4851a1d" />
    <TestEntry testId="96aa3d29-1365-f48b-4ac9-cdc761ea41b1" executionId="53f54f48-ee72-4bea-a271-38e6185b76af" testListId="8c84fa94-04c1-424b-9868-57a2d4851a1d" />
    <TestEntry testId="cee29849-c944-ee97-87d2-c62444a8a328" executionId="2ec35212-e9c4-4073-942b-ff002c8f75c6" testListId="8c84fa94-04c1-424b-9868-57a2d4851a1d" />
    <TestEntry testId="71b16f9b-dbb0-7a23-533d-802c9512270b" executionId="f116e7a0-63ea-4df8-8476-66722e42468d" testListId="8c84fa94-04c1-424b-9868-57a2d4851a1d" />
    <TestEntry testId="60069e17-108f-01fb-2153-e152b9205025" executionId="b727ff5b-ee4b-4469-82a4-64483ffbc8b1" testListId="8c84fa94-04c1-424b-9868-57a2d4851a1d" />
    <TestEntry testId="5f61ffa8-be4c-5cf6-d406-18781222cb59" executionId="11ccfa0d-cf90-4a61-bccc-08fa3dcbb9d8" testListId="8c84fa94-04c1-424b-9868-57a2d4851a1d" />
    <TestEntry testId="9a9fb753-7e29-0228-3909-087838ec3002" executionId="bf35c1b7-d63b-4880-b556-2f335b5c59f9" testListId="8c84fa94-04c1-424b-9868-57a2d4851a1d" />
    <TestEntry testId="24a1bb0d-d69a-de21-49e4-5bbbeaac5021" executionId="1af3f9d8-63e1-4f00-8cbb-909ddf9d8b18" testListId="8c84fa94-04c1-424b-9868-57a2d4851a1d" />
    <TestEntry testId="0e73995d-338f-84a3-7662-4ba2ece68a21" executionId="d5509d4f-32b4-4304-b359-2e38fac03eba" testListId="8c84fa94-04c1-424b-9868-57a2d4851a1d" />
    <TestEntry testId="7724a5ae-1858-243b-d346-491db16f98e9" executionId="9c55dbf3-1107-47d4-aefb-a11433b36e68" testListId="8c84fa94-04c1-424b-9868-57a2d4851a1d" />
    <TestEntry testId="af79a348-5fb3-03eb-c3ed-5bb2185640a5" executionId="61ac319d-5c0b-44d8-ae58-14c6026ad153" testListId="8c84fa94-04c1-424b-9868-57a2d4851a1d" />
    <TestEntry testId="4b09d9c5-8012-6286-2d8c-2f6f560e7a3d" executionId="6aa22f06-c7ec-45aa-b6ae-a5832ec45fc4" testListId="8c84fa94-04c1-424b-9868-57a2d4851a1d" />
    <TestEntry testId="4d74b8de-5123-86ec-ab4f-2d4ce6434a23" executionId="409ba456-567d-4b52-a6ca-ee33c2d998fa" testListId="8c84fa94-04c1-424b-9868-57a2d4851a1d" />
    <TestEntry testId="0ed9cd8c-6283-5489-0e2e-ce31df1b16b4" executionId="c113e140-47de-4579-a2c7-d72736b69326" testListId="8c84fa94-04c1-424b-9868-57a2d4851a1d" />
    <TestEntry testId="d6efedb1-9c49-9ed3-fbe1-de90224308a3" executionId="d5dbba50-5fa5-4789-802e-7431ab7af6cb" testListId="8c84fa94-04c1-424b-9868-57a2d4851a1d" />
    <TestEntry testId="ae7cb376-4ef2-2742-75ce-61ea6adcde54" executionId="f89c687a-85a4-42cd-bdd5-eb442036f046" testListId="8c84fa94-04c1-424b-9868-57a2d4851a1d" />
    <TestEntry testId="91b3bd83-c5b8-4706-180f-6fac0dae10f8" executionId="95ed1f89-9b5d-4a39-9f27-61b2e05e7659" testListId="8c84fa94-04c1-424b-9868-57a2d4851a1d" />
    <TestEntry testId="e7e966d4-e5d2-6514-5e34-60687297029b" executionId="d0fcd91e-8598-435d-bb4d-349b73038cc3" testListId="8c84fa94-04c1-424b-9868-57a2d4851a1d" />
    <TestEntry testId="d7323b46-e742-10c6-7291-609e242e6eac" executionId="98a4c009-04a8-4764-9555-37d360232dfb" testListId="8c84fa94-04c1-424b-9868-57a2d4851a1d" />
    <TestEntry testId="3a61649c-91c3-4f1a-8a11-3480d7ff1651" executionId="fefe5095-7e73-46c9-b79b-ce7a33861155" testListId="8c84fa94-04c1-424b-9868-57a2d4851a1d" />
    <TestEntry testId="99d674fc-9d36-ee84-15f3-75180d0ffbf0" executionId="c955111f-6816-4559-8b24-cf5741904620" testListId="8c84fa94-04c1-424b-9868-57a2d4851a1d" />
    <TestEntry testId="ea53113d-e645-3e3d-8dda-f0c57f3d1f3e" executionId="bf071eee-cd25-4f45-851c-1c7962e13d6a" testListId="8c84fa94-04c1-424b-9868-57a2d4851a1d" />
    <TestEntry testId="d5a3e949-dba8-8515-82f0-b4d3600a13aa" executionId="2e418bf5-edad-402a-99a9-04d23c0ebc4a" testListId="8c84fa94-04c1-424b-9868-57a2d4851a1d" />
    <TestEntry testId="35113593-4524-9172-cef8-1a1f5c1dfb29" executionId="0ef8022e-5d5b-48b9-971e-dede9e158314" testListId="8c84fa94-04c1-424b-9868-57a2d4851a1d" />
    <TestEntry testId="0ea957ac-53f2-c077-4d23-d56d0a5f77c4" executionId="792d6d2d-b39b-41fc-a0e6-7eef534bd1d7" testListId="8c84fa94-04c1-424b-9868-57a2d4851a1d" />
    <TestEntry testId="a2988576-488b-e6d4-a498-af48b96efbdb" executionId="619f4215-f287-45ed-b0ef-7a79658a576f" testListId="8c84fa94-04c1-424b-9868-57a2d4851a1d" />
    <TestEntry testId="9b2f9530-d092-f9c3-dae1-2f483cfeb52d" executionId="6a70a579-a2b1-444a-8d37-26f06b3b6627" testListId="8c84fa94-04c1-424b-9868-57a2d4851a1d" />
    <TestEntry testId="c1905b94-6245-64ed-8028-a7655f8970eb" executionId="fe378397-4d67-4a46-bd8f-9e4833701da5" testListId="8c84fa94-04c1-424b-9868-57a2d4851a1d" />
    <TestEntry testId="004cf38c-62a9-5d39-4e66-385c7c495389" executionId="627e183e-1f93-4986-bb52-7ad2fe0400f6" testListId="8c84fa94-04c1-424b-9868-57a2d4851a1d" />
    <TestEntry testId="e88588cc-8ef9-e4ad-51dd-2a16e11570f5" executionId="d1a78c49-2523-40d7-9942-ea14360b6ac7" testListId="8c84fa94-04c1-424b-9868-57a2d4851a1d" />
    <TestEntry testId="37887ca9-f36b-5081-1e8a-5e4e1fff4e53" executionId="c2e6c6ee-d933-4899-baa9-94466123e8d5" testListId="8c84fa94-04c1-424b-9868-57a2d4851a1d" />
    <TestEntry testId="80343684-0ab4-f75e-30e6-62b08568fe03" executionId="98e858b4-63dd-41eb-95ba-e66a046c77d5" testListId="8c84fa94-04c1-424b-9868-57a2d4851a1d" />
    <TestEntry testId="5d8a1a0c-8ac0-09f0-e7c5-3249de62e9a9" executionId="295e6129-2a94-44c9-8d9b-d0de3799ec43" testListId="8c84fa94-04c1-424b-9868-57a2d4851a1d" />
    <TestEntry testId="257cee71-ac96-77a9-908c-68bd8420739c" executionId="50b355ff-010f-4b9e-aea7-f89dd073f620" testListId="8c84fa94-04c1-424b-9868-57a2d4851a1d" />
    <TestEntry testId="41200b0a-b89d-be5b-7447-22f852721d92" executionId="95aec338-b0d2-4602-95e1-b9d01848bcf4" testListId="8c84fa94-04c1-424b-9868-57a2d4851a1d" />
    <TestEntry testId="7af319c8-84cb-197c-29fc-ea5e77c2f3be" executionId="0ad32c08-3ab8-4c15-b497-989848c4ec88" testListId="8c84fa94-04c1-424b-9868-57a2d4851a1d" />
    <TestEntry testId="862cc562-9bfe-8861-cf4e-b4582450cbaa" executionId="26bdb3ae-d110-4007-a631-0df5a0fb0462" testListId="8c84fa94-04c1-424b-9868-57a2d4851a1d" />
    <TestEntry testId="b1699ce8-743c-1964-eb7b-2aa310ecbb21" executionId="c1a4f18d-a63b-4106-9ef9-b1b0e5a2d671" testListId="8c84fa94-04c1-424b-9868-57a2d4851a1d" />
    <TestEntry testId="e4a60893-7e5b-dc4d-fd91-d28f1c9b83a3" executionId="221f07b9-8117-4ab3-8a28-ddf57fc82ce2" testListId="8c84fa94-04c1-424b-9868-57a2d4851a1d" />
    <TestEntry testId="47e7ec55-4391-8546-d1c3-fb5db01a41e8" executionId="c7300dd9-febd-475e-a432-2fd92ffbe17e" testListId="8c84fa94-04c1-424b-9868-57a2d4851a1d" />
    <TestEntry testId="ff64b042-e70f-6e34-60aa-4c59131392ce" executionId="1c782532-a3fe-454e-b619-1daf3de28039" testListId="8c84fa94-04c1-424b-9868-57a2d4851a1d" />
    <TestEntry testId="d24e4d75-af83-eba3-bdf8-ba8e65054856" executionId="15afdc54-e360-4818-a566-a3eac48a1c04" testListId="8c84fa94-04c1-424b-9868-57a2d4851a1d" />
    <TestEntry testId="a66db8ec-8bb4-14b5-d72b-619fdbf967a5" executionId="1e26a508-c5bb-4a37-9976-4363be7ac901" testListId="8c84fa94-04c1-424b-9868-57a2d4851a1d" />
    <TestEntry testId="e6917a9a-a471-dbed-84cc-6e63cf19f9df" executionId="711e3e9e-f1a6-4685-b195-ad27d01c30f3" testListId="8c84fa94-04c1-424b-9868-57a2d4851a1d" />
    <TestEntry testId="9dc75585-8b30-1a60-5f46-ba30d03b7635" executionId="fd0e61c8-eac6-4e38-a130-c4b396863963" testListId="8c84fa94-04c1-424b-9868-57a2d4851a1d" />
    <TestEntry testId="28a678d1-0284-2779-ed67-e16002278e6b" executionId="78c204e8-b548-44aa-8a58-8bf25cf29bd2" testListId="8c84fa94-04c1-424b-9868-57a2d4851a1d" />
    <TestEntry testId="041696c1-18d1-f2dd-9a5d-5cb1c9e853ff" executionId="28f29b58-0633-42ac-857f-6480b4a5e031" testListId="8c84fa94-04c1-424b-9868-57a2d4851a1d" />
    <TestEntry testId="f057999f-37d3-2f7d-8c71-29439544f997" executionId="4f257541-7bc6-47e5-80ea-f697c75640b1" testListId="8c84fa94-04c1-424b-9868-57a2d4851a1d" />
    <TestEntry testId="6e94a57e-5259-7bdc-f138-c47a49ede1a1" executionId="cc6c801d-a608-4c93-bfb9-19458fcd8ca5" testListId="8c84fa94-04c1-424b-9868-57a2d4851a1d" />
    <TestEntry testId="1ead85ed-9e84-e345-248b-37b2bb2fd57c" executionId="13e78fdb-2811-4f63-ae23-980ec5358b3b" testListId="8c84fa94-04c1-424b-9868-57a2d4851a1d" />
    <TestEntry testId="2fd4fb21-86aa-48b4-d55c-838ac3bda4eb" executionId="adc1e331-4de4-4c5d-868c-d45ac0eb6a4e" testListId="8c84fa94-04c1-424b-9868-57a2d4851a1d" />
    <TestEntry testId="3d581e6e-ac62-d984-1637-f1fef62a5597" executionId="4e1d5538-29a0-4236-bca5-1396091cf764" testListId="8c84fa94-04c1-424b-9868-57a2d4851a1d" />
    <TestEntry testId="0fc86efa-aeca-dada-030f-e8045241eaae" executionId="95adf20b-7bbf-461b-879f-a976a63bacbd" testListId="8c84fa94-04c1-424b-9868-57a2d4851a1d" />
    <TestEntry testId="b972bb3a-6c4e-4339-3ada-7c478c5f6ecf" executionId="3f2ff47f-15a5-41c7-8555-f29e94274a7d" testListId="8c84fa94-04c1-424b-9868-57a2d4851a1d" />
    <TestEntry testId="9bae3763-5b44-6392-7f85-b5a14c7eae3f" executionId="6f571bce-9bf1-468d-b035-99926e4fc6de" testListId="8c84fa94-04c1-424b-9868-57a2d4851a1d" />
    <TestEntry testId="0204302a-a6b4-6e62-a63e-362dc9379d6c" executionId="9ad909bd-ebb2-4166-aab1-19f012e646dc" testListId="8c84fa94-04c1-424b-9868-57a2d4851a1d" />
    <TestEntry testId="a72152f5-7a61-c574-c2ee-c9a3ca6ccab7" executionId="00291308-df12-4445-88e0-565ac6e1ba07" testListId="8c84fa94-04c1-424b-9868-57a2d4851a1d" />
    <TestEntry testId="2b003fb3-b141-e2a9-bad9-fff43705ee9e" executionId="28ea343c-ed15-4360-9474-ad0f24fd1126" testListId="8c84fa94-04c1-424b-9868-57a2d4851a1d" />
    <TestEntry testId="fb1c3a36-60dc-8fcd-b623-36588091afcb" executionId="cd3a5987-ad26-4dea-92f3-fab3c13f5f15" testListId="8c84fa94-04c1-424b-9868-57a2d4851a1d" />
    <TestEntry testId="aff0dd6a-515d-d68f-384c-79614af1fe73" executionId="2eadafb8-412c-4b4a-b603-a6d5720428d0" testListId="8c84fa94-04c1-424b-9868-57a2d4851a1d" />
    <TestEntry testId="a95ff0ae-d4c3-2673-b0e9-9a7af3b33aba" executionId="9f1b40d1-7efd-4253-a4db-b287ef10f323" testListId="8c84fa94-04c1-424b-9868-57a2d4851a1d" />
    <TestEntry testId="97c96922-5169-8a4b-ec79-8c51fbb945f4" executionId="1771bea2-98d8-47dc-9d17-80c7246fb9ae" testListId="8c84fa94-04c1-424b-9868-57a2d4851a1d" />
    <TestEntry testId="386c80c9-6738-6119-052a-4c505d8f4e31" executionId="ca66411b-f3d3-4b4d-8280-e60a5cfa58a5" testListId="8c84fa94-04c1-424b-9868-57a2d4851a1d" />
    <TestEntry testId="b7f6b02b-7701-48a7-6ef3-dc8df7e50575" executionId="b069b420-f2d1-44e8-bdd2-0c5e30d0c943" testListId="8c84fa94-04c1-424b-9868-57a2d4851a1d" />
    <TestEntry testId="4f1f0a63-e0be-64e6-2c9f-87d58c623ce7" executionId="5758bc3e-0d5f-4a8f-a8d3-f75ef12f24c1" testListId="8c84fa94-04c1-424b-9868-57a2d4851a1d" />
    <TestEntry testId="19843874-c731-8a36-a21a-27e85d4f5a57" executionId="ccc3b4c8-f863-49c8-9048-95da3f37fb19" testListId="8c84fa94-04c1-424b-9868-57a2d4851a1d" />
    <TestEntry testId="adedbc1e-8d02-07f8-2158-2d31b0c1df72" executionId="993e6527-5ae3-475c-9025-ff5f05d86836" testListId="8c84fa94-04c1-424b-9868-57a2d4851a1d" />
    <TestEntry testId="9f2dc98f-6aa2-694c-8819-9ccfd93e4fc8" executionId="2c13de5a-da9d-4561-97f8-024e797dfd9b" testListId="8c84fa94-04c1-424b-9868-57a2d4851a1d" />
    <TestEntry testId="ebee2a3c-e88d-7c65-2391-8d47991a3a48" executionId="edb8e35e-781d-49ce-bd26-d2dd1002a8cb" testListId="8c84fa94-04c1-424b-9868-57a2d4851a1d" />
    <TestEntry testId="4d3ac1b1-3fbf-8e2e-a5b3-6011afbd1d48" executionId="f40e05b1-ef33-4d46-a6a8-1c3c7fab7b11" testListId="8c84fa94-04c1-424b-9868-57a2d4851a1d" />
    <TestEntry testId="7a0e454f-7db2-d7d6-0df6-561708317bba" executionId="3825a3f8-1b6f-4900-b44b-6002f899ae89" testListId="8c84fa94-04c1-424b-9868-57a2d4851a1d" />
    <TestEntry testId="4191e320-5572-4ed4-213f-949531d6a246" executionId="5c099a7b-0aa3-47eb-9021-95f798dac7ad" testListId="8c84fa94-04c1-424b-9868-57a2d4851a1d" />
    <TestEntry testId="79aa3047-78e8-7f3b-b717-0010e3a4cd51" executionId="dc7eda60-a49d-457a-b0c4-def191ec36f9" testListId="8c84fa94-04c1-424b-9868-57a2d4851a1d" />
    <TestEntry testId="7d45d5f5-3a25-9a87-e687-4dc975c05da1" executionId="d23fa1ef-45d1-4e42-909d-868c8c7081ac" testListId="8c84fa94-04c1-424b-9868-57a2d4851a1d" />
    <TestEntry testId="943e674e-9656-f2f6-06a7-f12c38d1347c" executionId="bd0d1162-f752-4e68-a134-80d0459d5f4f" testListId="8c84fa94-04c1-424b-9868-57a2d4851a1d" />
    <TestEntry testId="be4aa60a-fec3-fdce-8c70-46ec82a2fec7" executionId="d5c06a3f-4dc9-426c-b3e9-52e17d01b597" testListId="8c84fa94-04c1-424b-9868-57a2d4851a1d" />
    <TestEntry testId="c2d4c482-09cf-e240-a7e7-520d6f5ce617" executionId="f7d82d37-b011-4622-8edb-43346d7a98a2" testListId="8c84fa94-04c1-424b-9868-57a2d4851a1d" />
    <TestEntry testId="f2fa6d2d-1c35-dcc0-50da-39045d7858e4" executionId="38bb4b2a-934e-4bbe-86bd-f1a818c80efc" testListId="8c84fa94-04c1-424b-9868-57a2d4851a1d" />
    <TestEntry testId="719fd87e-be7b-b92c-8926-a4bddcef0244" executionId="f61966e6-1d29-4e49-9c20-9db1a6a04e66" testListId="8c84fa94-04c1-424b-9868-57a2d4851a1d" />
    <TestEntry testId="faa22825-903a-641b-03f7-ccff8cccfbb2" executionId="05a31331-7194-445f-8db5-b6cf51f96ad2" testListId="8c84fa94-04c1-424b-9868-57a2d4851a1d" />
    <TestEntry testId="f6401660-be6e-6eb8-4af7-4a88425589c4" executionId="047d5a7f-5d40-4ced-addb-4e59c5ea0327" testListId="8c84fa94-04c1-424b-9868-57a2d4851a1d" />
    <TestEntry testId="04b5ae4a-9995-af19-61fb-019921680928" executionId="b070a325-7a05-4adb-86a2-2f9b0ad1d1e8" testListId="8c84fa94-04c1-424b-9868-57a2d4851a1d" />
    <TestEntry testId="580ab2d5-6b28-ec61-9de4-466295a56551" executionId="547b6b92-a719-49e4-a3b6-496a875289a0" testListId="8c84fa94-04c1-424b-9868-57a2d4851a1d" />
    <TestEntry testId="c0986095-fb5a-1e8a-a8d8-e6dfbaed61c5" executionId="1c69c22b-cfc7-4493-884c-596b9b936c2f" testListId="8c84fa94-04c1-424b-9868-57a2d4851a1d" />
    <TestEntry testId="217115b6-0d47-12a1-e34e-67f742ff910b" executionId="251bce61-42f3-42ed-b065-fadd0edb69c9" testListId="8c84fa94-04c1-424b-9868-57a2d4851a1d" />
    <TestEntry testId="99b9ef43-ae03-d550-aafb-7b6a0ec7c1ee" executionId="92d364d8-596b-4335-996e-0b3935686453" testListId="8c84fa94-04c1-424b-9868-57a2d4851a1d" />
    <TestEntry testId="f0cd9acd-b821-1b3b-6a4a-691c6f1f639a" executionId="3dd4766f-81d0-4aa5-93e1-43882d4828d9" testListId="8c84fa94-04c1-424b-9868-57a2d4851a1d" />
    <TestEntry testId="bed158c1-cdea-cb2e-72de-fac3c7fdb2c8" executionId="6f2603d8-f664-46ec-a815-47be5f13da69" testListId="8c84fa94-04c1-424b-9868-57a2d4851a1d" />
    <TestEntry testId="165a8b6f-de27-26f0-6a14-cdb34a40f4c2" executionId="0d4b07a4-a7bb-42e2-aeab-bafac37c389f" testListId="8c84fa94-04c1-424b-9868-57a2d4851a1d" />
    <TestEntry testId="d15cb58b-9b62-cb4e-439e-72757eabb197" executionId="bf4bd001-bd7e-450e-a095-60735dd8bb86" testListId="8c84fa94-04c1-424b-9868-57a2d4851a1d" />
    <TestEntry testId="f0622268-a7b0-73db-dcaa-b07ea595271b" executionId="c15fdbf3-ca1c-44b7-a4cc-9f42e394fc17" testListId="8c84fa94-04c1-424b-9868-57a2d4851a1d" />
    <TestEntry testId="faf63bba-5452-3836-a95e-2474023d45ad" executionId="af1cf9ea-4b3a-4e1f-9e1f-27de11835d97" testListId="8c84fa94-04c1-424b-9868-57a2d4851a1d" />
    <TestEntry testId="3cf165e2-4de9-3079-4fb7-1ca2dade8ab8" executionId="902c55b2-0404-49b7-b82f-e73483d424d4" testListId="8c84fa94-04c1-424b-9868-57a2d4851a1d" />
    <TestEntry testId="bf1576c7-03bd-feeb-bbbd-0a36863eaddc" executionId="57e83861-b9b8-4c54-a5c1-425828ead128" testListId="8c84fa94-04c1-424b-9868-57a2d4851a1d" />
    <TestEntry testId="0f34bf53-f1cd-8615-6e75-51f26224ccf1" executionId="6d6395e1-4e63-419a-bad3-87b655e17688" testListId="8c84fa94-04c1-424b-9868-57a2d4851a1d" />
    <TestEntry testId="3436028f-e5c2-d0e3-5f92-c1e23c8a73cc" executionId="f575cc7a-e1d7-47fb-83d3-1170506585db" testListId="8c84fa94-04c1-424b-9868-57a2d4851a1d" />
    <TestEntry testId="e46dbe14-100d-b571-9fb5-196347dd96ac" executionId="d2da3b36-30bf-4d89-a9fe-ec9f30018e3d" testListId="8c84fa94-04c1-424b-9868-57a2d4851a1d" />
    <TestEntry testId="4d634782-9db9-e8af-a18d-f1e4c45e4686" executionId="5d03f4bf-892f-4c56-b561-648931c3ce9e" testListId="8c84fa94-04c1-424b-9868-57a2d4851a1d" />
    <TestEntry testId="1382f86b-6464-d2a1-e722-0841d0b65336" executionId="d92e072b-e6b3-4e9b-aa88-fc0564e4e65c" testListId="8c84fa94-04c1-424b-9868-57a2d4851a1d" />
    <TestEntry testId="6b24d61a-9019-1031-1c97-d03508d4eb29" executionId="e9ad5970-896d-41bd-aac3-6f8ed766885c" testListId="8c84fa94-04c1-424b-9868-57a2d4851a1d" />
    <TestEntry testId="610f0902-3657-5dff-20ec-353a29cbd7c4" executionId="faa597fe-c00c-458d-a119-806654298a7d" testListId="8c84fa94-04c1-424b-9868-57a2d4851a1d" />
    <TestEntry testId="d70b3095-42f0-132e-cf11-a2a412d875fc" executionId="91341031-04bc-42ce-bff9-b5810cbd1d26" testListId="8c84fa94-04c1-424b-9868-57a2d4851a1d" />
    <TestEntry testId="2067c239-a69d-2f34-aeac-53cb55316cbb" executionId="1d1236ee-9265-4349-8636-51cfd4cbda58" testListId="8c84fa94-04c1-424b-9868-57a2d4851a1d" />
    <TestEntry testId="29116375-ac95-4d53-91ed-53d27bf037c6" executionId="5098c956-8500-4c34-b985-d734f3d94d52" testListId="8c84fa94-04c1-424b-9868-57a2d4851a1d" />
    <TestEntry testId="f86161bd-f5ff-e739-8561-c83ff6f0d4a9" executionId="4bb209b1-0c8b-4fd9-8c6b-d72886704f26" testListId="8c84fa94-04c1-424b-9868-57a2d4851a1d" />
    <TestEntry testId="d61bc42f-9488-4952-fc35-4acf2d69a35a" executionId="03ca3e87-1020-4031-89fa-7e4e9624a3d3" testListId="8c84fa94-04c1-424b-9868-57a2d4851a1d" />
    <TestEntry testId="bc811ad8-c7b9-9df7-0d3d-56b12c4539e2" executionId="2e9d0aef-b99f-4771-894f-78a2ec05e3fd" testListId="8c84fa94-04c1-424b-9868-57a2d4851a1d" />
    <TestEntry testId="75afa51d-4efe-ca98-69aa-dcba7171c9c1" executionId="1699b384-30a9-4013-8b7b-022b1062979b" testListId="8c84fa94-04c1-424b-9868-57a2d4851a1d" />
    <TestEntry testId="3de5845a-c4ac-d187-6027-553f442e3ad2" executionId="229b8be9-84bf-441d-9df8-5222a3352cf8" testListId="8c84fa94-04c1-424b-9868-57a2d4851a1d" />
    <TestEntry testId="2782a3f6-bb08-acfe-bfab-49ee7d2fdbfa" executionId="9c0f984b-ff53-483b-9fcb-368011451d37" testListId="8c84fa94-04c1-424b-9868-57a2d4851a1d" />
    <TestEntry testId="752f584a-0205-5811-1575-29e94681480b" executionId="6072511b-8e12-4f74-bd40-626fe651e523" testListId="8c84fa94-04c1-424b-9868-57a2d4851a1d" />
    <TestEntry testId="d2a2118e-f836-73de-010f-9e6a0f9038b3" executionId="dcf67f19-d2e3-4302-8240-708823b02ee1" testListId="8c84fa94-04c1-424b-9868-57a2d4851a1d" />
    <TestEntry testId="edd8698a-89a8-0a11-5f44-5d3f526abc13" executionId="b53bf9c4-59da-4e1d-a3f8-6441256178f1" testListId="8c84fa94-04c1-424b-9868-57a2d4851a1d" />
    <TestEntry testId="c2208323-1f95-b32c-0530-4ad682605720" executionId="f999dbba-f2e5-40f1-882b-26edea9ae868" testListId="8c84fa94-04c1-424b-9868-57a2d4851a1d" />
    <TestEntry testId="1eb4d4f7-74ca-78cd-f76d-cc295b6f3916" executionId="ec60935d-fba5-4b26-98eb-73356a3467ca" testListId="8c84fa94-04c1-424b-9868-57a2d4851a1d" />
    <TestEntry testId="0a65341a-9de3-344f-781f-a38c0f56cbef" executionId="f12a204c-21c3-4a72-8c1b-bf926626e9bd" testListId="8c84fa94-04c1-424b-9868-57a2d4851a1d" />
    <TestEntry testId="32b6919d-1fc0-c669-26d4-2a969f5a55fe" executionId="8ce18ec7-0ff4-4c28-b24a-da73f9fd6f67" testListId="8c84fa94-04c1-424b-9868-57a2d4851a1d" />
    <TestEntry testId="c565182f-b75e-4a8b-1a2d-674dce2fa509" executionId="72f07093-699f-4ec4-b8e3-d2255070d768" testListId="8c84fa94-04c1-424b-9868-57a2d4851a1d" />
    <TestEntry testId="b41bb231-beda-2963-85d3-5ce48fa4ac9e" executionId="b1a12da8-17d7-43b9-9c60-ef60d47002ca" testListId="8c84fa94-04c1-424b-9868-57a2d4851a1d" />
    <TestEntry testId="bd80c668-2405-22c1-740d-ec63dfd58306" executionId="0f2d8aba-442b-4679-b011-47dd082fe7fa" testListId="8c84fa94-04c1-424b-9868-57a2d4851a1d" />
    <TestEntry testId="ea9a1ed5-0813-906f-0ed6-0a192bf899e6" executionId="00fff10a-4134-4266-885a-669046d05439" testListId="8c84fa94-04c1-424b-9868-57a2d4851a1d" />
    <TestEntry testId="0f39fcee-dd2f-44a0-e35a-8e74fa0a37f5" executionId="b86fe65d-11c1-4bdd-9129-f9311af9887b" testListId="8c84fa94-04c1-424b-9868-57a2d4851a1d" />
    <TestEntry testId="0186510a-61e4-d437-2bd3-30738b03ed56" executionId="4a710d4b-45ce-4e6a-8a56-9da7eb520f39" testListId="8c84fa94-04c1-424b-9868-57a2d4851a1d" />
    <TestEntry testId="52456efe-2b4c-e54c-a102-5bc9bc1cc7f8" executionId="b2f667b4-d6a8-4a5a-88a8-994d2b658116" testListId="8c84fa94-04c1-424b-9868-57a2d4851a1d" />
    <TestEntry testId="e2a03079-8dae-3d38-3cf5-f27f7a4202a4" executionId="5358d7c1-c1c9-418c-8525-4a31e15d5532" testListId="8c84fa94-04c1-424b-9868-57a2d4851a1d" />
    <TestEntry testId="fea06ea0-1747-ca17-2548-261210975e57" executionId="23ec5c77-19c6-4655-8b23-783bef4c599d" testListId="8c84fa94-04c1-424b-9868-57a2d4851a1d" />
    <TestEntry testId="b8e35215-9c02-c225-ebde-5cb2a4f46f94" executionId="f43e6fb0-eb3f-4479-b501-11ee43854817" testListId="8c84fa94-04c1-424b-9868-57a2d4851a1d" />
    <TestEntry testId="da1a6990-7ab2-9cdb-3d5d-e5366899dffb" executionId="465e1a3a-5a08-40d8-a22c-b9a2920cebb9" testListId="8c84fa94-04c1-424b-9868-57a2d4851a1d" />
    <TestEntry testId="a52cde15-d4da-6fd7-917d-2f5d406fbd21" executionId="9924f97f-311c-4b36-8b39-3e6040b90e96" testListId="8c84fa94-04c1-424b-9868-57a2d4851a1d" />
    <TestEntry testId="c32a55d2-5cd9-4241-ed27-6ec6eee4b3b0" executionId="3d46a2a6-13dd-4507-8657-8f438903c341" testListId="8c84fa94-04c1-424b-9868-57a2d4851a1d" />
    <TestEntry testId="dafbe950-e143-41f5-1a50-ea362a5aa5d4" executionId="7008572f-a041-4c0c-adfc-161a198f43d3" testListId="8c84fa94-04c1-424b-9868-57a2d4851a1d" />
    <TestEntry testId="fc250b23-71a0-c4eb-52eb-8cd889ac9f85" executionId="1dc7401b-ec53-4b38-9022-1a80d14d654c" testListId="8c84fa94-04c1-424b-9868-57a2d4851a1d" />
    <TestEntry testId="78845691-c87f-d12e-20f9-3035745796be" executionId="d61f8332-9efe-422f-85a7-d74f4a5fab93" testListId="8c84fa94-04c1-424b-9868-57a2d4851a1d" />
    <TestEntry testId="4b337c41-7f92-2137-58f8-ec4a04af8e6b" executionId="f31d2643-9d6d-41d0-9bce-cf21d8324fe2" testListId="8c84fa94-04c1-424b-9868-57a2d4851a1d" />
    <TestEntry testId="7a151ddf-b76f-a627-8d14-57dc244734db" executionId="74fb8e17-deac-40f0-940a-11fa75e2366a" testListId="8c84fa94-04c1-424b-9868-57a2d4851a1d" />
    <TestEntry testId="5667c806-5b5f-868c-360c-740b6f484339" executionId="fd233aec-9bc2-4424-9993-82cfb5795310" testListId="8c84fa94-04c1-424b-9868-57a2d4851a1d" />
    <TestEntry testId="90740d7b-70ce-f3ca-de0f-889615c99e7a" executionId="a965e746-1e86-4695-a59b-4ebd9c2345e4" testListId="8c84fa94-04c1-424b-9868-57a2d4851a1d" />
    <TestEntry testId="4593d3e0-40c6-d633-5fcd-f61df33025dc" executionId="3e290469-933b-48ec-b670-1c6a0b60c014" testListId="8c84fa94-04c1-424b-9868-57a2d4851a1d" />
    <TestEntry testId="b150e6ad-1fac-a9d1-a2ab-0f7879e84a36" executionId="2e12e2f7-50bb-4bd6-a7b7-e592935e7543" testListId="8c84fa94-04c1-424b-9868-57a2d4851a1d" />
    <TestEntry testId="d0b4fe44-6c66-e0d0-90f7-7f93ef97fe01" executionId="e623ce95-6836-46b8-96d7-e298c8dda44c" testListId="8c84fa94-04c1-424b-9868-57a2d4851a1d" />
    <TestEntry testId="149b451f-18ff-71da-64d2-d4ad70318933" executionId="6a77df28-2252-4253-8d05-17ee6f755098" testListId="8c84fa94-04c1-424b-9868-57a2d4851a1d" />
    <TestEntry testId="db065917-a97a-fe61-77a4-bb6c5d5457d5" executionId="485ad2ff-dba9-4e16-a626-a93ee5e34109" testListId="8c84fa94-04c1-424b-9868-57a2d4851a1d" />
    <TestEntry testId="f9ec4424-0f09-8ce8-d044-ac97ec1d16a8" executionId="0c98d8b9-3b55-4884-875c-f3e02fe7aa41" testListId="8c84fa94-04c1-424b-9868-57a2d4851a1d" />
    <TestEntry testId="4a4334b0-5451-8696-5200-0bdb59e2a710" executionId="f93067ea-7cb9-4057-9bbb-c7219a8e2528" testListId="8c84fa94-04c1-424b-9868-57a2d4851a1d" />
    <TestEntry testId="0d37f434-250b-5238-45a8-c128f2ef42ef" executionId="4080311e-16c7-44e7-8764-18ee49e59e06" testListId="8c84fa94-04c1-424b-9868-57a2d4851a1d" />
    <TestEntry testId="7d53e131-e454-48a3-7f61-9c807826acb2" executionId="bdb97bbd-8dd8-4eb4-ac02-1dd9c5c98ed6" testListId="8c84fa94-04c1-424b-9868-57a2d4851a1d" />
    <TestEntry testId="2f443958-bb91-68f7-90b6-2eae1e3219b3" executionId="d6f34d79-ed52-4c89-9ed7-9082c5932b8a" testListId="8c84fa94-04c1-424b-9868-57a2d4851a1d" />
    <TestEntry testId="5220db90-feed-daf9-71ce-ce8aa9bc9232" executionId="f9807423-dc96-4546-a83a-b724dabc729e" testListId="8c84fa94-04c1-424b-9868-57a2d4851a1d" />
    <TestEntry testId="5326d1dc-d18e-0528-8ffb-d0be584509e9" executionId="08ed64e8-1773-4fc3-a4a7-1b789d13ca31" testListId="8c84fa94-04c1-424b-9868-57a2d4851a1d" />
    <TestEntry testId="0dc215f9-ced3-1d40-e986-2ebe86240f13" executionId="acaf92b2-777c-4a6f-8dd5-504e46cce271" testListId="8c84fa94-04c1-424b-9868-57a2d4851a1d" />
    <TestEntry testId="5717b261-73d9-ccff-48ad-cb5028daecbf" executionId="819ccc43-c172-4c6c-8da8-21f3b90f5f0f" testListId="8c84fa94-04c1-424b-9868-57a2d4851a1d" />
    <TestEntry testId="752c0495-686a-2709-5240-916b7eb02d3a" executionId="6562e1d1-f6a5-47e8-a2c1-ba0efaa76c22" testListId="8c84fa94-04c1-424b-9868-57a2d4851a1d" />
    <TestEntry testId="74b92fed-1c7d-84ea-101d-b4ba0f959527" executionId="d675172f-7fde-4ce4-b0e2-cd93b8e4b5cd" testListId="8c84fa94-04c1-424b-9868-57a2d4851a1d" />
    <TestEntry testId="e8d6ba9d-db50-0e05-06db-5789675388b8" executionId="4098abc1-6f59-439b-84d8-e28bf544c247" testListId="8c84fa94-04c1-424b-9868-57a2d4851a1d" />
    <TestEntry testId="a5617ce6-af44-3da3-775d-82bd0343fcd9" executionId="db69ddda-e799-491e-adf1-4229f03820e5" testListId="8c84fa94-04c1-424b-9868-57a2d4851a1d" />
    <TestEntry testId="5217a55b-523e-bb6a-47cc-7fbf0bc01c96" executionId="5d2018a4-5e21-48f1-a322-74d544d26ec5" testListId="8c84fa94-04c1-424b-9868-57a2d4851a1d" />
    <TestEntry testId="b56338b4-aae6-cbe0-3487-2e781b98c188" executionId="5a75ca13-3c5c-4e42-964d-f98e7f6d2678" testListId="8c84fa94-04c1-424b-9868-57a2d4851a1d" />
    <TestEntry testId="bb7f2094-2f9e-97a8-2260-536683d65f82" executionId="ff951b4f-ec3d-4e23-be60-ebedc4123074" testListId="8c84fa94-04c1-424b-9868-57a2d4851a1d" />
    <TestEntry testId="cbe18909-6635-9aa1-a38f-17a524fe9aa1" executionId="b59cc3e7-6b9b-4ec2-8cf2-c8c88e5d40e4" testListId="8c84fa94-04c1-424b-9868-57a2d4851a1d" />
    <TestEntry testId="e77ca75b-19ba-059d-05cd-1ebb08034f74" executionId="7b9d0e94-4201-46b9-aff8-15a8269d4f10" testListId="8c84fa94-04c1-424b-9868-57a2d4851a1d" />
    <TestEntry testId="8444e906-7a92-9021-9b3f-57eb7bbd8067" executionId="2dff0a84-951e-476a-83e3-c4177c261e01" testListId="8c84fa94-04c1-424b-9868-57a2d4851a1d" />
    <TestEntry testId="712c2678-6c5e-0050-868a-1155d0b4fa06" executionId="303ce622-8785-4a80-9598-27212a5281b9" testListId="8c84fa94-04c1-424b-9868-57a2d4851a1d" />
    <TestEntry testId="35de634f-b340-f79b-b6a0-46426bd56e47" executionId="1963fde8-8ce1-4e77-ae42-064e24185ae9" testListId="8c84fa94-04c1-424b-9868-57a2d4851a1d" />
    <TestEntry testId="b83433ff-1f44-78cf-aaee-d87286ab6972" executionId="5bf01ab5-6cfc-4698-be96-9f53d142dfe8" testListId="8c84fa94-04c1-424b-9868-57a2d4851a1d" />
    <TestEntry testId="0736f335-702e-d9c8-77f1-e0501c90e917" executionId="c6e4a49d-e19f-419c-a75a-58cec4ad1998" testListId="8c84fa94-04c1-424b-9868-57a2d4851a1d" />
    <TestEntry testId="d26e5e0e-e63b-6a1f-1d40-d2dc8692bbaf" executionId="a4cbe964-1f8b-459c-9440-a2863f1766e5" testListId="8c84fa94-04c1-424b-9868-57a2d4851a1d" />
    <TestEntry testId="6f7345f6-07c1-aba6-fba8-22e9ed357a49" executionId="475570c6-100f-4c33-93b4-9e10c9ab84ae" testListId="8c84fa94-04c1-424b-9868-57a2d4851a1d" />
    <TestEntry testId="9cef29cf-98fb-f211-5054-ae4d42774e1f" executionId="db266404-a415-4172-9c90-d49804f1602d" testListId="8c84fa94-04c1-424b-9868-57a2d4851a1d" />
    <TestEntry testId="b34ac9b1-7b20-291d-6caf-28aeffc4e30f" executionId="254cff9f-0ec5-415f-8beb-942200511c5a" testListId="8c84fa94-04c1-424b-9868-57a2d4851a1d" />
    <TestEntry testId="0be37416-8f8e-24dd-296a-86593af9af2f" executionId="6822d249-4601-4516-ba46-c0f5d0854d7b" testListId="8c84fa94-04c1-424b-9868-57a2d4851a1d" />
    <TestEntry testId="f40cda09-c7b2-157d-533a-1e4833860e01" executionId="f8b80f20-a173-4f71-af1f-b8ca91673de2" testListId="8c84fa94-04c1-424b-9868-57a2d4851a1d" />
    <TestEntry testId="1e6f2372-9d34-e630-93c8-967c7d09f6b9" executionId="7344a15d-f60c-49be-972b-d497d2b5326c" testListId="8c84fa94-04c1-424b-9868-57a2d4851a1d" />
    <TestEntry testId="0cdea9b8-a5e3-2983-1ccb-d986de17659d" executionId="288a4e80-18c0-4792-be26-541a040b9b80" testListId="8c84fa94-04c1-424b-9868-57a2d4851a1d" />
    <TestEntry testId="c7b07fde-ab61-697a-6040-f2f4c1529d34" executionId="4edbd269-4e61-4897-b28b-4b3529142371" testListId="8c84fa94-04c1-424b-9868-57a2d4851a1d" />
    <TestEntry testId="859e7823-e1a7-1174-301f-2aa38167af9b" executionId="2e10c61b-48e9-49e7-8510-0e1da6a7f05c" testListId="8c84fa94-04c1-424b-9868-57a2d4851a1d" />
    <TestEntry testId="f113347a-114d-883f-0643-fe2e125f5daa" executionId="6ff82d7f-10e8-4f98-ae64-90a6eda379cc" testListId="8c84fa94-04c1-424b-9868-57a2d4851a1d" />
    <TestEntry testId="fbe41254-a5bc-bdde-4d71-8c5eb07a0fb3" executionId="ed4dea49-8971-4d75-a0a5-771779b547b6" testListId="8c84fa94-04c1-424b-9868-57a2d4851a1d" />
    <TestEntry testId="d29aa2a9-a943-d583-f9f3-c1d6c5281005" executionId="4feab8c2-26de-4a1e-94e3-8214a76db4e5" testListId="8c84fa94-04c1-424b-9868-57a2d4851a1d" />
    <TestEntry testId="9ac323b2-f4ee-1c5b-c335-774c81e0e08d" executionId="e2cf23b3-2279-4796-871f-4b212b593a76" testListId="8c84fa94-04c1-424b-9868-57a2d4851a1d" />
    <TestEntry testId="03d957f5-33ed-c0eb-c948-6ece846430f3" executionId="9a139885-3c0f-4b38-80c8-62e050f2fb7e" testListId="8c84fa94-04c1-424b-9868-57a2d4851a1d" />
    <TestEntry testId="4195877a-ded9-22b8-62f7-465d0dab0554" executionId="c3bbf4ff-5c86-4671-947c-5afcc3faf0f9" testListId="8c84fa94-04c1-424b-9868-57a2d4851a1d" />
    <TestEntry testId="c1189369-93b0-2acc-f712-00eac1c7b884" executionId="d99694b7-10a1-41e8-8be6-9acf1a30a57f" testListId="8c84fa94-04c1-424b-9868-57a2d4851a1d" />
    <TestEntry testId="3c433d09-bfc8-05ae-376b-cff8f69161af" executionId="37d6d275-cf5f-420c-9f6f-826a51b68d56" testListId="8c84fa94-04c1-424b-9868-57a2d4851a1d" />
    <TestEntry testId="c4623a0a-608f-dd08-41f5-750ffba5ed05" executionId="f632aa75-503c-4859-8488-5c6773218554" testListId="8c84fa94-04c1-424b-9868-57a2d4851a1d" />
    <TestEntry testId="1658bad2-8c99-0b77-1530-2e9ba32823bd" executionId="71c0bef7-af81-4f31-8cf5-61a2dc2abc81" testListId="8c84fa94-04c1-424b-9868-57a2d4851a1d" />
    <TestEntry testId="7ad4f46a-05fc-7c4a-853e-228ce39d4426" executionId="b49855a4-2f05-48bc-8938-d9cd1c0a5bef" testListId="8c84fa94-04c1-424b-9868-57a2d4851a1d" />
    <TestEntry testId="07033e2b-ce19-3c9a-f51d-d9b702d310a1" executionId="2d213222-8be6-4dc4-b661-29ac339c645c" testListId="8c84fa94-04c1-424b-9868-57a2d4851a1d" />
    <TestEntry testId="a99bf545-84e2-fafd-ee3f-5153803c3541" executionId="8821ed4b-a5ba-41e8-b6a9-372fc9c178d7" testListId="8c84fa94-04c1-424b-9868-57a2d4851a1d" />
    <TestEntry testId="a9bc5968-881f-208e-3a3a-e085883b32c4" executionId="a13cb8ec-8b6b-458a-a069-c404b13b64a1" testListId="8c84fa94-04c1-424b-9868-57a2d4851a1d" />
    <TestEntry testId="e0769b45-8199-18f4-5d81-d7fe740ba2db" executionId="47924809-dd6b-476e-803e-c1393b20625b" testListId="8c84fa94-04c1-424b-9868-57a2d4851a1d" />
    <TestEntry testId="38306153-a308-b729-5fc5-ac18787be15f" executionId="b5242287-43bf-4046-b467-4c47db492007" testListId="8c84fa94-04c1-424b-9868-57a2d4851a1d" />
    <TestEntry testId="3c732fdd-347f-bf9b-4cee-87347d32525f" executionId="9b296978-d274-4861-b33f-c4188f330a21" testListId="8c84fa94-04c1-424b-9868-57a2d4851a1d" />
    <TestEntry testId="aa4e492c-9871-e494-8afc-2e1c32042c9f" executionId="11f13edd-0f29-4cd1-983f-d9b747b970af" testListId="8c84fa94-04c1-424b-9868-57a2d4851a1d" />
    <TestEntry testId="9c484d5b-265a-2c6e-537b-f37cd91a7473" executionId="22f0fa16-0ab6-412d-8371-68b36b494306" testListId="8c84fa94-04c1-424b-9868-57a2d4851a1d" />
    <TestEntry testId="097d9f12-a8b0-74cc-8829-12842d451447" executionId="de55a7e8-6e92-4b51-9667-b5f3d0384e03" testListId="8c84fa94-04c1-424b-9868-57a2d4851a1d" />
    <TestEntry testId="9629fd85-821b-932c-4f6c-d14c57ed62b0" executionId="13326ac3-8814-432b-a32a-6a7a0877e474" testListId="8c84fa94-04c1-424b-9868-57a2d4851a1d" />
    <TestEntry testId="b074171d-4bb2-388e-f619-96efeb179b06" executionId="72bbc7a4-a528-4d29-90ba-1a30c64d2f0f" testListId="8c84fa94-04c1-424b-9868-57a2d4851a1d" />
    <TestEntry testId="b079a5c8-df38-5909-534e-204d0d33ecf8" executionId="bf5ab405-2531-4089-9523-533bb6757a06" testListId="8c84fa94-04c1-424b-9868-57a2d4851a1d" />
    <TestEntry testId="58ed8150-ee65-8df8-a854-bba06457b4da" executionId="73897968-cacb-4a8e-aebc-ba57d3e60dc5" testListId="8c84fa94-04c1-424b-9868-57a2d4851a1d" />
    <TestEntry testId="50412f91-cd15-dc69-c1d6-5d9dbd95d4af" executionId="af09a0cf-ba5c-4ac5-9e82-3fedfcfd7f9f" testListId="8c84fa94-04c1-424b-9868-57a2d4851a1d" />
    <TestEntry testId="0e06d825-6ba9-71ac-24ec-c9336680dd03" executionId="29d87ece-728e-4fe2-aab4-99270eecf84b" testListId="8c84fa94-04c1-424b-9868-57a2d4851a1d" />
    <TestEntry testId="fb0ce41f-cede-9ac7-f047-8c3573f30f7e" executionId="c9224093-4009-4b3e-90da-00f770abcf99" testListId="8c84fa94-04c1-424b-9868-57a2d4851a1d" />
    <TestEntry testId="21347641-7dc3-6035-5dfd-bb1ac2ae1b73" executionId="55d9f21d-940b-4048-af66-0f7780ae3dec" testListId="8c84fa94-04c1-424b-9868-57a2d4851a1d" />
    <TestEntry testId="c2736500-86f5-c7ae-a0e1-fceb61e5a5d4" executionId="e658eb7f-b883-44aa-8209-693d21d86b47" testListId="8c84fa94-04c1-424b-9868-57a2d4851a1d" />
    <TestEntry testId="de399ac2-0e9a-031b-1b43-49701fcdb8f0" executionId="b46f815e-7f66-4bb7-91d0-19cf58ad0066" testListId="8c84fa94-04c1-424b-9868-57a2d4851a1d" />
    <TestEntry testId="cba33adf-d8e4-1800-afdf-f1e10b328694" executionId="45a52111-f716-490e-80c9-89e4adccae20" testListId="8c84fa94-04c1-424b-9868-57a2d4851a1d" />
    <TestEntry testId="b8049e3c-9c33-aae7-ee13-10324d7813cb" executionId="54547703-452d-4981-bfb9-738ea293f23b" testListId="8c84fa94-04c1-424b-9868-57a2d4851a1d" />
    <TestEntry testId="a847ffac-041e-82ae-b13a-0b82098799e8" executionId="54c24263-0b0a-4795-bb5b-cc5fbbe90686" testListId="8c84fa94-04c1-424b-9868-57a2d4851a1d" />
    <TestEntry testId="44562592-e269-1796-e138-85487f7a2be9" executionId="8cf07ec9-f9c5-4ec7-bd8d-d314719421d9" testListId="8c84fa94-04c1-424b-9868-57a2d4851a1d" />
    <TestEntry testId="114d6aa2-3c70-c374-d5cb-1675b6f9d5e6" executionId="3765fa5a-c0a2-46ee-b314-a48aaabe54b8" testListId="8c84fa94-04c1-424b-9868-57a2d4851a1d" />
    <TestEntry testId="21fecb6a-616e-e0ca-06e2-949826e6d9fe" executionId="195610c5-caf7-4d7d-9b8b-47bbb3e09842" testListId="8c84fa94-04c1-424b-9868-57a2d4851a1d" />
    <TestEntry testId="f28b795b-c425-f0b1-e6d2-05ca8e559551" executionId="cdb48ec3-85bd-4f96-bbde-fd5684702e12" testListId="8c84fa94-04c1-424b-9868-57a2d4851a1d" />
    <TestEntry testId="0107bc98-e88d-a137-c4d8-ff01a11c4723" executionId="a1680886-2a02-44ea-8e6c-81b5258c4583" testListId="8c84fa94-04c1-424b-9868-57a2d4851a1d" />
    <TestEntry testId="84106c87-4ea7-9a5a-a250-230c7c8ac9ba" executionId="7ed0fee6-5219-41c2-abc9-a0b8f7f5b314" testListId="8c84fa94-04c1-424b-9868-57a2d4851a1d" />
    <TestEntry testId="95a4da2d-eeda-4697-a7af-1236c580bef1" executionId="6120c9e6-7566-4dc1-b6f6-5900b5697d71" testListId="8c84fa94-04c1-424b-9868-57a2d4851a1d" />
    <TestEntry testId="386a6353-f26d-0503-41f2-052972dc214e" executionId="6709c963-6fd7-4cb7-89ec-a752e46409d4" testListId="8c84fa94-04c1-424b-9868-57a2d4851a1d" />
    <TestEntry testId="5fdca359-14d7-98c9-3f79-03e22f946141" executionId="3ff218bb-d71e-4626-9cfd-19fc510e69cb" testListId="8c84fa94-04c1-424b-9868-57a2d4851a1d" />
    <TestEntry testId="64a6b4e0-a8e1-9595-14c6-66f8a8c8f576" executionId="723b1ff7-d30d-424e-87a3-2a8b6e6426ea" testListId="8c84fa94-04c1-424b-9868-57a2d4851a1d" />
    <TestEntry testId="95bbb276-fcbd-d5d6-e9a9-e6e9fe02935a" executionId="8ce2cdb5-8de8-49e6-b2e1-3ca720430f67" testListId="8c84fa94-04c1-424b-9868-57a2d4851a1d" />
    <TestEntry testId="0183c416-9787-c59d-18ce-d5b3fc43ac57" executionId="c622681e-e223-4a62-8a8f-f301270f8dd8" testListId="8c84fa94-04c1-424b-9868-57a2d4851a1d" />
    <TestEntry testId="5fd56893-4697-a123-e3df-f5a8329247bd" executionId="b8c70581-762f-472a-bce1-b4a6f1032bdb" testListId="8c84fa94-04c1-424b-9868-57a2d4851a1d" />
    <TestEntry testId="451dabd5-e4bb-ea9d-054e-87b0f58becfa" executionId="8728cfa7-169b-44c7-a7b6-1d35ac5dda2d" testListId="8c84fa94-04c1-424b-9868-57a2d4851a1d" />
    <TestEntry testId="8ba4f73b-ec87-c89b-2641-8f6e59861d2d" executionId="ba6b632d-a54e-4520-96a3-e40084533e9d" testListId="8c84fa94-04c1-424b-9868-57a2d4851a1d" />
    <TestEntry testId="37376bb5-e384-3c51-d1d8-3ba613fa9182" executionId="0b4074ff-dfdc-486d-879a-3ebcef53e5be" testListId="8c84fa94-04c1-424b-9868-57a2d4851a1d" />
    <TestEntry testId="1b5e4bdd-94b8-c181-30ec-747619ebfce8" executionId="a2346f2b-7823-4964-942f-906ba5ef1f37" testListId="8c84fa94-04c1-424b-9868-57a2d4851a1d" />
    <TestEntry testId="80a01599-be59-3356-d51c-3d8e6f327fd1" executionId="c3d5892b-a052-4cbb-bab5-24258338b79d" testListId="8c84fa94-04c1-424b-9868-57a2d4851a1d" />
    <TestEntry testId="b266e530-9059-cc9e-a2de-5a104736c757" executionId="5da5dfb1-fb90-4dd1-9267-443941e8fac4" testListId="8c84fa94-04c1-424b-9868-57a2d4851a1d" />
    <TestEntry testId="785b55cc-be99-2e92-e97b-e8c0390c5420" executionId="83444ff2-1e5f-4bc8-af3b-17089368a1f4" testListId="8c84fa94-04c1-424b-9868-57a2d4851a1d" />
    <TestEntry testId="bb7e4fc8-2bb1-dbaf-8cdd-5d93ef915f61" executionId="0246571a-796d-49a0-ba87-e5968bc736b5" testListId="8c84fa94-04c1-424b-9868-57a2d4851a1d" />
    <TestEntry testId="f7b6c5f3-1f58-e9ae-14c8-31eb58d1211b" executionId="adc477aa-9ee3-4763-8ef4-ab51fe485103" testListId="8c84fa94-04c1-424b-9868-57a2d4851a1d" />
    <TestEntry testId="cb302138-e270-3017-57fb-1fe538b37f25" executionId="023e798c-0142-4e6f-a516-2348d6a30dde" testListId="8c84fa94-04c1-424b-9868-57a2d4851a1d" />
    <TestEntry testId="3ec04580-c747-9bc8-6ea0-e87ec6ca04ad" executionId="cb46d13e-317a-47f2-b442-c12a24806e74" testListId="8c84fa94-04c1-424b-9868-57a2d4851a1d" />
    <TestEntry testId="57ff7061-f165-0166-a6d9-95fdfc400dea" executionId="9de9b9d2-675d-4f84-879b-8628034d129f" testListId="8c84fa94-04c1-424b-9868-57a2d4851a1d" />
    <TestEntry testId="62970bd3-0fb8-814d-a0a1-ab9e8aeaae79" executionId="6d2ee8a2-bc76-42b5-b751-1990830e4140" testListId="8c84fa94-04c1-424b-9868-57a2d4851a1d" />
    <TestEntry testId="860765f6-59d4-c798-166f-19857f828734" executionId="0b15d2b7-f116-4f97-80cf-27c4f93cbeef" testListId="8c84fa94-04c1-424b-9868-57a2d4851a1d" />
    <TestEntry testId="2a24dcb9-e2e0-3650-3ac7-5ec77389adc1" executionId="8bc16f45-be81-4ae2-98e1-8b5e8f124afc" testListId="8c84fa94-04c1-424b-9868-57a2d4851a1d" />
    <TestEntry testId="7b5400c4-5377-7ac8-dd1c-7b695cb4115f" executionId="ee3f74b1-b597-42e8-89c8-a02204af7c85" testListId="8c84fa94-04c1-424b-9868-57a2d4851a1d" />
    <TestEntry testId="7f23cd21-ad85-3cc7-38be-9ece9bfed213" executionId="75ec00dd-37ab-4477-9e9d-94658749c079" testListId="8c84fa94-04c1-424b-9868-57a2d4851a1d" />
    <TestEntry testId="05474d60-4c0c-5e35-b4fc-2df26a361c4d" executionId="673cf651-9df2-4ad8-b4cf-cfd9b40a21f6" testListId="8c84fa94-04c1-424b-9868-57a2d4851a1d" />
    <TestEntry testId="72246d42-3df4-5454-c0c9-cf24737deb1a" executionId="80519c80-144e-4ca0-b5ae-010ce716e831" testListId="8c84fa94-04c1-424b-9868-57a2d4851a1d" />
    <TestEntry testId="9c7df8f2-0bef-5347-a48a-3dbf0cbe5e21" executionId="2bb10d78-86ed-41c8-b79e-80067ed9b0d3" testListId="8c84fa94-04c1-424b-9868-57a2d4851a1d" />
    <TestEntry testId="a4acc92f-0c67-48bb-4524-7ef3c007ffb4" executionId="e723e84e-35a6-4577-90a3-77f719def247" testListId="8c84fa94-04c1-424b-9868-57a2d4851a1d" />
    <TestEntry testId="ea848b43-279a-f1bb-ab29-b5a8e2e2c8af" executionId="b1558ac8-51e1-448b-a372-2c87dfdd62d0" testListId="8c84fa94-04c1-424b-9868-57a2d4851a1d" />
    <TestEntry testId="e0c95d42-cf00-fbc7-42ac-a320fc125b1e" executionId="058a7226-f521-4bf2-b95d-0475b394ad9d" testListId="8c84fa94-04c1-424b-9868-57a2d4851a1d" />
    <TestEntry testId="b700fa6d-df15-3228-9006-81a0fe0edb31" executionId="5a039e28-c318-4ef5-9db4-405273d1cab3" testListId="8c84fa94-04c1-424b-9868-57a2d4851a1d" />
    <TestEntry testId="e616a89e-e9f6-0465-592f-c052811c9fe2" executionId="03c77aec-d781-4c83-937c-937a57c93c50" testListId="8c84fa94-04c1-424b-9868-57a2d4851a1d" />
    <TestEntry testId="74f41b57-bac2-c2b8-f1dc-9469402fc8fa" executionId="ff22a208-d7e5-4602-9cf1-0cb2d90e1dc0" testListId="8c84fa94-04c1-424b-9868-57a2d4851a1d" />
    <TestEntry testId="662f9f8e-b212-7223-452e-c301bb4c0b8d" executionId="19d58b20-4ae4-4758-b9f2-61331bf1acf7" testListId="8c84fa94-04c1-424b-9868-57a2d4851a1d" />
    <TestEntry testId="becea41b-b5f7-1be9-14b7-7b47b08d6269" executionId="049b4a2c-cfd4-483c-852b-b8b87e63e799" testListId="8c84fa94-04c1-424b-9868-57a2d4851a1d" />
    <TestEntry testId="9e338ff4-5402-3f35-08f3-bafb7669b187" executionId="fbd4b8d2-c930-4d42-b789-875932f52a34" testListId="8c84fa94-04c1-424b-9868-57a2d4851a1d" />
    <TestEntry testId="f6e6ea6a-a253-8185-3a92-d6751c76c436" executionId="06835bba-7d75-484f-9ae0-3700ae7251b5" testListId="8c84fa94-04c1-424b-9868-57a2d4851a1d" />
    <TestEntry testId="345abed9-9ef3-e2b8-4bc1-ad4b7b82dd26" executionId="8489e1fe-d989-4896-8ec4-7f73fcfc04c1" testListId="8c84fa94-04c1-424b-9868-57a2d4851a1d" />
    <TestEntry testId="3e4e2f06-1967-c539-7ba8-6e0f44663842" executionId="8c77ab0a-422f-4362-8bfd-e0ca4be9e0a8" testListId="8c84fa94-04c1-424b-9868-57a2d4851a1d" />
    <TestEntry testId="f06d92cb-e236-f7f9-e645-0971359a129a" executionId="a5a07ac0-219e-4b3e-937a-a337d51082f7" testListId="8c84fa94-04c1-424b-9868-57a2d4851a1d" />
    <TestEntry testId="c09eca31-2a58-b146-7d55-b556b7020c68" executionId="e0c1f296-c8ca-4e78-813f-78bdc6ef95cf" testListId="8c84fa94-04c1-424b-9868-57a2d4851a1d" />
    <TestEntry testId="13d2b3bb-af6c-2786-7b3d-1db93b9fedf2" executionId="0780857e-00ef-4339-a649-45ea3d429d4d" testListId="8c84fa94-04c1-424b-9868-57a2d4851a1d" />
    <TestEntry testId="45e81eff-7762-2319-5d11-e20e90ac1295" executionId="ddffa1ac-8bc0-4994-aceb-79938040bca0" testListId="8c84fa94-04c1-424b-9868-57a2d4851a1d" />
    <TestEntry testId="5eec1dec-2d00-5deb-f000-c17eea3526a6" executionId="b286b3b5-dae1-4c6e-99b2-fc412472f04c" testListId="8c84fa94-04c1-424b-9868-57a2d4851a1d" />
    <TestEntry testId="e919c93b-2878-e388-877b-68a9f48cc9b1" executionId="99c1b3d1-8a10-4c0b-9eb0-fdcb1b591808" testListId="8c84fa94-04c1-424b-9868-57a2d4851a1d" />
    <TestEntry testId="a1315833-0fe6-4fc5-8939-3c4f1b31db5e" executionId="d1a54ee9-4209-49e3-997d-f332c1c955ca" testListId="8c84fa94-04c1-424b-9868-57a2d4851a1d" />
    <TestEntry testId="aa52f83a-fd01-4271-59b5-322ecc9f9333" executionId="5462c900-b4dd-454b-bcf9-9952e8b2f7e3" testListId="8c84fa94-04c1-424b-9868-57a2d4851a1d" />
    <TestEntry testId="a791af51-cffc-4361-1fd8-8baf48da92e6" executionId="b0b5cb6e-6746-4b92-afd5-4b5c03fe72cc" testListId="8c84fa94-04c1-424b-9868-57a2d4851a1d" />
    <TestEntry testId="b643553f-2706-197d-9fb1-e9b050657f08" executionId="9fc5f3ce-8001-45c1-b9de-8b649ab0cbbb" testListId="8c84fa94-04c1-424b-9868-57a2d4851a1d" />
    <TestEntry testId="17ffc344-aceb-1f84-f3bf-8205c38e1b46" executionId="97bf9e38-1773-4cd5-b40c-f4f4e594c00b" testListId="8c84fa94-04c1-424b-9868-57a2d4851a1d" />
    <TestEntry testId="a6a973e9-da68-b082-10c2-5aa132fd4e6b" executionId="22f715de-3f65-4436-a0bd-f4b5c8d70819" testListId="8c84fa94-04c1-424b-9868-57a2d4851a1d" />
    <TestEntry testId="28c068cc-4f93-bf31-670a-7f0717946001" executionId="edea38d4-7355-4dfb-9457-474d1ab6968e" testListId="8c84fa94-04c1-424b-9868-57a2d4851a1d" />
    <TestEntry testId="9302047d-d400-9bf9-4ba4-2e05b31dc9ec" executionId="8582bca6-b32d-4037-847b-a1e4a1a613c8" testListId="8c84fa94-04c1-424b-9868-57a2d4851a1d" />
    <TestEntry testId="ad74bc79-5a2e-0559-0112-48492a8006d2" executionId="f443f290-ce1b-4e82-8ce6-20cdbb1323e5" testListId="8c84fa94-04c1-424b-9868-57a2d4851a1d" />
    <TestEntry testId="4c344495-4967-8a3c-49bd-83047e73dd58" executionId="849478a5-4473-4717-9226-fdd2340739aa" testListId="8c84fa94-04c1-424b-9868-57a2d4851a1d" />
    <TestEntry testId="e8132b4a-b72b-7d8e-d5ad-2056ee804391" executionId="433a6b76-a104-47ff-99a6-197f54467a25" testListId="8c84fa94-04c1-424b-9868-57a2d4851a1d" />
    <TestEntry testId="a08c8488-fa9f-7deb-e37e-0124bdaf71c9" executionId="cde1b348-f0d8-4312-a273-e14297133bf8" testListId="8c84fa94-04c1-424b-9868-57a2d4851a1d" />
    <TestEntry testId="7b7e9341-cf8b-f510-483a-d874dccbbbca" executionId="65b63df7-568b-4d71-a06b-a869d5a3f912" testListId="8c84fa94-04c1-424b-9868-57a2d4851a1d" />
    <TestEntry testId="32740214-c33e-96ad-e5a0-01c821ac0c2a" executionId="5726ca47-422a-4a3d-97d4-d60fdfa0a8e9" testListId="8c84fa94-04c1-424b-9868-57a2d4851a1d" />
    <TestEntry testId="acd7d1ab-8336-79e5-b078-d5eb4c962b29" executionId="f86bb343-fb1b-4303-a4cd-5f48948c1de6" testListId="8c84fa94-04c1-424b-9868-57a2d4851a1d" />
    <TestEntry testId="184b236a-96f5-5ef7-81e9-55fd01a96b10" executionId="a4137765-dca6-4df1-8c77-c2b8c8834765" testListId="8c84fa94-04c1-424b-9868-57a2d4851a1d" />
    <TestEntry testId="b5a90a67-8ab0-67af-7979-e040eeab7b97" executionId="10e546c5-b488-4c61-a6bb-a970f2ca4034" testListId="8c84fa94-04c1-424b-9868-57a2d4851a1d" />
    <TestEntry testId="f9126a5c-91ab-1e44-30e6-13ca198640cb" executionId="e9637760-5ec1-4648-81c1-bf2fe83cbe34" testListId="8c84fa94-04c1-424b-9868-57a2d4851a1d" />
    <TestEntry testId="c185c27a-3451-102c-d3c1-98ea6c73d73c" executionId="19aee174-c468-4c6b-a77d-17adc2dcf57e" testListId="8c84fa94-04c1-424b-9868-57a2d4851a1d" />
    <TestEntry testId="6b63c191-3bae-08f6-ef80-e9550ed318c7" executionId="7d8378c7-ce33-4a21-a91a-94c4b90505d2" testListId="8c84fa94-04c1-424b-9868-57a2d4851a1d" />
    <TestEntry testId="244a126b-865c-f129-c9cf-f22a9a00e343" executionId="ca801103-e88f-475c-b014-4ec3f6e0b0e9" testListId="8c84fa94-04c1-424b-9868-57a2d4851a1d" />
    <TestEntry testId="e704684d-9f7f-da08-58cf-d52651e9dd96" executionId="e873bfb9-fa6d-46e2-b722-e808c9fe73e1" testListId="8c84fa94-04c1-424b-9868-57a2d4851a1d" />
    <TestEntry testId="a92ca949-d664-bb06-21ee-ed111f1dab55" executionId="9ef81cee-6325-459b-bffe-02141dd416ed" testListId="8c84fa94-04c1-424b-9868-57a2d4851a1d" />
    <TestEntry testId="bbce4fa8-10c7-16ce-b8b0-bbab48797f43" executionId="90205a14-d043-461b-8c7c-55965ddc2568" testListId="8c84fa94-04c1-424b-9868-57a2d4851a1d" />
    <TestEntry testId="7280bcd5-2dc4-a3f6-24fd-df56e5b00deb" executionId="2bc83254-c85a-41ff-8a6a-83d05be6a33c" testListId="8c84fa94-04c1-424b-9868-57a2d4851a1d" />
    <TestEntry testId="c54c0d26-3d52-7638-d0ec-e651814ad808" executionId="b139f97f-dff6-4d08-8fb8-b0e3059c8cf1" testListId="8c84fa94-04c1-424b-9868-57a2d4851a1d" />
    <TestEntry testId="e0081990-e732-207e-ce35-b6f9f879e1b0" executionId="b6a9116e-6de6-4754-8d1a-6090c9f1617f" testListId="8c84fa94-04c1-424b-9868-57a2d4851a1d" />
    <TestEntry testId="f9588db6-8045-6ceb-1c29-858ccdaab727" executionId="281aed02-dac8-43a1-bb52-afb1d09ac896" testListId="8c84fa94-04c1-424b-9868-57a2d4851a1d" />
    <TestEntry testId="00c173aa-365e-0279-47ce-e69aab924076" executionId="9ea6193e-f1da-43c5-821e-fdca85e9fbe4" testListId="8c84fa94-04c1-424b-9868-57a2d4851a1d" />
    <TestEntry testId="acc05f4a-9abc-39e3-e875-400f69bcea41" executionId="4a820a64-64a1-4aff-8246-1ab7423eef85" testListId="8c84fa94-04c1-424b-9868-57a2d4851a1d" />
    <TestEntry testId="87886007-6727-2dc4-be03-09aefa74e875" executionId="ef6d94c2-dc3a-4d71-8618-4bb4082750ae" testListId="8c84fa94-04c1-424b-9868-57a2d4851a1d" />
    <TestEntry testId="c39afc72-aad4-5709-e4a1-73293872a305" executionId="3da63f22-a7b6-4c46-ad7f-2216b0ca9bd4" testListId="8c84fa94-04c1-424b-9868-57a2d4851a1d" />
    <TestEntry testId="8762588b-d7fc-ca07-7e83-51f41467a9eb" executionId="741b7523-8e0a-475a-97e4-ad98d17d7cf2" testListId="8c84fa94-04c1-424b-9868-57a2d4851a1d" />
    <TestEntry testId="a4d82a7a-0101-77be-aadf-7ad891442135" executionId="b3fff330-a1db-4131-8ced-6c628a29b1d8" testListId="8c84fa94-04c1-424b-9868-57a2d4851a1d" />
    <TestEntry testId="88670780-e590-ffb1-3bdf-7b575a4d5fc5" executionId="94f17869-538e-4430-a986-4ab507fd08a1" testListId="8c84fa94-04c1-424b-9868-57a2d4851a1d" />
    <TestEntry testId="c51581ef-f81a-dd7d-4cbf-75770d6a883f" executionId="7d0b3228-1f29-4cfb-81e3-f2c797a0cda8" testListId="8c84fa94-04c1-424b-9868-57a2d4851a1d" />
    <TestEntry testId="4f980f14-0ada-dd56-93fe-12a559a27314" executionId="57264846-a3b2-4397-be6a-b38e4e547e1e" testListId="8c84fa94-04c1-424b-9868-57a2d4851a1d" />
    <TestEntry testId="d2fc2ae7-e3b1-dc92-6628-90e5bb16c5d2" executionId="e30331e9-ebcd-4ac5-9f40-b68a6d74ea8e" testListId="8c84fa94-04c1-424b-9868-57a2d4851a1d" />
    <TestEntry testId="97caedcb-d6ae-5556-8168-c745e877090a" executionId="1a02b030-c24e-4989-bf92-44f6de479d7f" testListId="8c84fa94-04c1-424b-9868-57a2d4851a1d" />
    <TestEntry testId="0f4e158a-5f55-34ac-2195-c457e3f3f9e2" executionId="dbbe4f33-9427-4bca-af4c-6689161801e3" testListId="8c84fa94-04c1-424b-9868-57a2d4851a1d" />
    <TestEntry testId="d1d03651-a1e2-f6be-a8df-45190d2d89f8" executionId="4c1b0adc-df24-444e-adb1-68b744de182f" testListId="8c84fa94-04c1-424b-9868-57a2d4851a1d" />
    <TestEntry testId="f5fd9e95-4d91-8f7f-4648-e5bd7c8cc931" executionId="eee14b3e-d108-4e9a-9792-81dd9de313ff" testListId="8c84fa94-04c1-424b-9868-57a2d4851a1d" />
    <TestEntry testId="17d839f5-53e2-230c-5fc7-a871a7838f84" executionId="6cdb36b4-966d-4110-ac6d-682d8b2e053e" testListId="8c84fa94-04c1-424b-9868-57a2d4851a1d" />
    <TestEntry testId="0ebe3939-f18c-dec0-703f-01349ca5c1ad" executionId="614bb2bd-6758-448d-a386-17b6b923b504" testListId="8c84fa94-04c1-424b-9868-57a2d4851a1d" />
    <TestEntry testId="bc2dc8fc-01b0-0065-79fa-2e41ef829892" executionId="938d263c-b2aa-46e4-9e12-a55e40313034" testListId="8c84fa94-04c1-424b-9868-57a2d4851a1d" />
    <TestEntry testId="21f5ba92-f354-bb76-94e2-2214000ea5b9" executionId="d97abde2-c44c-4e45-be12-9a69f8b168ae" testListId="8c84fa94-04c1-424b-9868-57a2d4851a1d" />
    <TestEntry testId="7c3fcb5f-2001-b092-5026-72ef7da49275" executionId="46a8b0d2-9f7a-40a9-bc9a-a207b6059aa1" testListId="8c84fa94-04c1-424b-9868-57a2d4851a1d" />
    <TestEntry testId="c74c54e8-6590-d76d-eaee-baa60a589aef" executionId="702c023d-7921-4cc7-ade7-45ef31580337" testListId="8c84fa94-04c1-424b-9868-57a2d4851a1d" />
    <TestEntry testId="8237afc1-9210-54d8-45bd-84bf26e08f89" executionId="f1bc988a-eaec-43f6-883d-db66cca3b830" testListId="8c84fa94-04c1-424b-9868-57a2d4851a1d" />
    <TestEntry testId="85025e54-3d28-2e1a-ba9d-a38988743c83" executionId="c88b87f9-9122-4912-bb06-fd7561c08fdd" testListId="8c84fa94-04c1-424b-9868-57a2d4851a1d" />
    <TestEntry testId="b639588e-b414-82b2-fe24-5fe49a4a3ad3" executionId="3c4b1133-33fb-4567-9e06-3618d0a659e8" testListId="8c84fa94-04c1-424b-9868-57a2d4851a1d" />
    <TestEntry testId="7be4f16e-73d9-91a8-2b92-68f269673cb9" executionId="b4823faf-afdf-44ef-b8a6-f658ce196beb" testListId="8c84fa94-04c1-424b-9868-57a2d4851a1d" />
    <TestEntry testId="13221fa5-3685-19e4-e13a-81cefe081d4d" executionId="ad357791-2cf0-4d48-857f-c3c15afaf5f7" testListId="8c84fa94-04c1-424b-9868-57a2d4851a1d" />
    <TestEntry testId="f4854fd4-587a-5d07-271a-654c42d2751c" executionId="7aa30ecb-9214-4ac8-ad5b-ada4d0200e4e" testListId="8c84fa94-04c1-424b-9868-57a2d4851a1d" />
    <TestEntry testId="7476f680-f31f-6c35-e7e5-6a1da5d08bf1" executionId="16e2ca22-a2ca-4044-9af6-c6b83f1c70a3" testListId="8c84fa94-04c1-424b-9868-57a2d4851a1d" />
    <TestEntry testId="193f831d-c7c9-ac41-bc1b-9798c85535ca" executionId="2967c1cb-2cea-48b2-82eb-c0f953c8b924" testListId="8c84fa94-04c1-424b-9868-57a2d4851a1d" />
    <TestEntry testId="8591161e-1b40-e9f6-332c-2e1b43b81682" executionId="3f4f8c2f-a69a-46f1-8c71-3129965687c8" testListId="8c84fa94-04c1-424b-9868-57a2d4851a1d" />
    <TestEntry testId="d33250cc-856d-72f0-98a8-7c84be2f792c" executionId="90993058-2087-4002-a37a-cf4eece0616c" testListId="8c84fa94-04c1-424b-9868-57a2d4851a1d" />
    <TestEntry testId="94726e39-ff6c-190e-418c-075986e08585" executionId="0e33d531-e648-4f93-8ac2-915cccaa5137" testListId="8c84fa94-04c1-424b-9868-57a2d4851a1d" />
    <TestEntry testId="03e5974c-7aa0-7aa6-bbeb-a5715ea0d1d7" executionId="87d087b2-55ad-4031-820c-d4fea247e80c" testListId="8c84fa94-04c1-424b-9868-57a2d4851a1d" />
    <TestEntry testId="b58070c8-bc7f-712e-31bb-2a11be9cfc18" executionId="183e7615-759d-4091-af1b-1ddcf3d5530f" testListId="8c84fa94-04c1-424b-9868-57a2d4851a1d" />
    <TestEntry testId="afd0d33f-f4d8-2831-3613-5b41efd13c3b" executionId="3bd3ca50-51bf-4ef8-8d3c-4280eaeb7961" testListId="8c84fa94-04c1-424b-9868-57a2d4851a1d" />
    <TestEntry testId="bf09f141-5d04-1546-3599-f58a7debd81e" executionId="36cc1b9d-fb84-42e2-8fff-41d397803742" testListId="8c84fa94-04c1-424b-9868-57a2d4851a1d" />
    <TestEntry testId="9e7bb479-43f6-3e5b-9858-d1abf76cc2e6" executionId="ce3347aa-b806-47f9-afc6-7594d7f7452b" testListId="8c84fa94-04c1-424b-9868-57a2d4851a1d" />
    <TestEntry testId="8d4b1df1-395e-a801-f732-9563464d225f" executionId="c4ddb9d6-b314-4f2d-be95-83aae43b8bca" testListId="8c84fa94-04c1-424b-9868-57a2d4851a1d" />
    <TestEntry testId="6db05940-47de-0c9c-5b92-fcba99ecc227" executionId="e3182fd8-f43e-4f82-bf1a-f5e843a7bd19" testListId="8c84fa94-04c1-424b-9868-57a2d4851a1d" />
    <TestEntry testId="521fa3b6-9e37-72bc-d9e9-42020df0aa26" executionId="91bcf96b-d4ce-40d1-9d78-20800f017252" testListId="8c84fa94-04c1-424b-9868-57a2d4851a1d" />
    <TestEntry testId="395d9b70-68ea-107f-3853-872b2d76bcc2" executionId="83780a12-4842-430a-a538-55d861760569" testListId="8c84fa94-04c1-424b-9868-57a2d4851a1d" />
    <TestEntry testId="5012f64d-f81c-363a-9c3b-b389d7a1051b" executionId="2eba9fc5-bea7-4081-8493-123d669e53b4" testListId="8c84fa94-04c1-424b-9868-57a2d4851a1d" />
    <TestEntry testId="7f9e3406-835c-5c12-68cf-08b73690e2b2" executionId="a77dacab-d0e4-4a86-a2d8-ea427d483777" testListId="8c84fa94-04c1-424b-9868-57a2d4851a1d" />
    <TestEntry testId="086ce182-cb7e-9e8c-a794-52547670ad62" executionId="b9def855-0516-4ac3-bd9e-b0f5b4c3a0b5" testListId="8c84fa94-04c1-424b-9868-57a2d4851a1d" />
    <TestEntry testId="2de1f6d1-4fbc-d3f7-5b38-8fabe0afe62f" executionId="9c1a5bac-1960-47d2-ac37-200f50e1f4a9" testListId="8c84fa94-04c1-424b-9868-57a2d4851a1d" />
    <TestEntry testId="8d9adc97-9f99-5fc5-0cdb-932a51aaf028" executionId="84d6e8ec-0626-4fd3-82e8-5eda283bf0b3" testListId="8c84fa94-04c1-424b-9868-57a2d4851a1d" />
    <TestEntry testId="7ac2c24b-6445-4ff2-9faa-1ce73a74728d" executionId="0b28f961-7428-4ba8-9423-b5c9b930245a" testListId="8c84fa94-04c1-424b-9868-57a2d4851a1d" />
    <TestEntry testId="d9e3c39e-a746-2b8a-5354-8ea82331bcd9" executionId="c6e7e26e-c44d-45cc-8b06-e435fde80755" testListId="8c84fa94-04c1-424b-9868-57a2d4851a1d" />
    <TestEntry testId="30b3b577-2061-3db5-edc3-bfd98a1a499f" executionId="06a7a5e8-4a8a-4c93-a018-bc558c4eb265" testListId="8c84fa94-04c1-424b-9868-57a2d4851a1d" />
    <TestEntry testId="0fa0c864-c433-31dc-ea26-995fbf849a90" executionId="3709b420-cfe2-41ad-ade4-473b6bb47f34" testListId="8c84fa94-04c1-424b-9868-57a2d4851a1d" />
    <TestEntry testId="39997ae6-4a52-e491-d8ae-8d3f689efcd5" executionId="cc523cfa-e405-44cc-b690-f504fbd74a89" testListId="8c84fa94-04c1-424b-9868-57a2d4851a1d" />
    <TestEntry testId="a35c67b3-dcd5-5426-949a-a2a9a2f95735" executionId="d4d9f376-64ca-4b89-896c-ba0f5e07d4e2" testListId="8c84fa94-04c1-424b-9868-57a2d4851a1d" />
    <TestEntry testId="279ea0a2-a194-3b23-c2df-f3b9caefacb9" executionId="627d91c3-acfb-4d24-9d94-e1f166737d21" testListId="8c84fa94-04c1-424b-9868-57a2d4851a1d" />
    <TestEntry testId="f1b541d5-278d-f2a3-2128-f16382bfc74f" executionId="7d939663-9960-43c0-8ce9-3c48f405082d" testListId="8c84fa94-04c1-424b-9868-57a2d4851a1d" />
    <TestEntry testId="617c3175-15cb-3321-36a3-871fc366b75b" executionId="ec79767b-423e-440e-bbd6-0a7dc71ad579" testListId="8c84fa94-04c1-424b-9868-57a2d4851a1d" />
    <TestEntry testId="da69ab52-f883-eabf-8235-9cb66a514e58" executionId="ca8a7908-2e27-498c-90fc-eac6fd2ce609" testListId="8c84fa94-04c1-424b-9868-57a2d4851a1d" />
    <TestEntry testId="e2350845-1f3f-6907-3805-d81b5dce3aed" executionId="95ea85ed-df73-4371-8dc7-41e2ceda45fb" testListId="8c84fa94-04c1-424b-9868-57a2d4851a1d" />
    <TestEntry testId="96997772-f691-ce37-8af7-583f0500af76" executionId="2516863e-fb46-42de-989f-8d64bf890eeb" testListId="8c84fa94-04c1-424b-9868-57a2d4851a1d" />
    <TestEntry testId="1d1eb73d-8b0c-7513-b3af-aa35ad258fdb" executionId="641f0419-3f8b-421a-b585-f4952e5b7991" testListId="8c84fa94-04c1-424b-9868-57a2d4851a1d" />
    <TestEntry testId="ce58807f-4456-2f1b-abea-6bcc9dcfe2eb" executionId="26c9d526-d5c4-4d53-b174-54006874b8fc" testListId="8c84fa94-04c1-424b-9868-57a2d4851a1d" />
    <TestEntry testId="d84ea56f-1773-91fe-6056-1fcd6ce44e0e" executionId="c408277f-fd0e-4407-a05d-642905fd8491" testListId="8c84fa94-04c1-424b-9868-57a2d4851a1d" />
    <TestEntry testId="e72aca21-1347-9775-f65f-ee1c6d7b63bd" executionId="217803de-ac0a-4250-b91a-b4db827afc52" testListId="8c84fa94-04c1-424b-9868-57a2d4851a1d" />
    <TestEntry testId="46c08f6b-08d4-7992-5df4-ed97e4b42fc1" executionId="bb4940f5-638a-4eb1-8fba-efb2751c2853" testListId="8c84fa94-04c1-424b-9868-57a2d4851a1d" />
    <TestEntry testId="fb9b5d5a-ec48-a3ed-07db-cf85d51b9faa" executionId="7f51ef2b-9578-4af3-a001-5d47b50f44df" testListId="8c84fa94-04c1-424b-9868-57a2d4851a1d" />
    <TestEntry testId="e34fd7ec-376b-5cd9-f43c-324b72764f5f" executionId="b7d79546-c16b-4226-bde2-2bcb9702839f" testListId="8c84fa94-04c1-424b-9868-57a2d4851a1d" />
    <TestEntry testId="eaf85606-7f0d-3e94-fb5d-ed88b536baa0" executionId="00054510-6932-4dc9-a46d-a52e0e0058ce" testListId="8c84fa94-04c1-424b-9868-57a2d4851a1d" />
    <TestEntry testId="df3985f6-a310-5cd4-8528-b305d96c9c87" executionId="49cadf7a-6d6e-40e4-b601-40f44c8616d1" testListId="8c84fa94-04c1-424b-9868-57a2d4851a1d" />
    <TestEntry testId="5da451a5-54a7-b58b-ab8b-8b1b8384fd01" executionId="1b78406c-d088-44e3-9948-90cf2d293ab4" testListId="8c84fa94-04c1-424b-9868-57a2d4851a1d" />
    <TestEntry testId="0978a2bb-d483-0479-bb70-260f687971c0" executionId="a4dccaa8-8ac3-4eb3-a43e-937fdcdf0040" testListId="8c84fa94-04c1-424b-9868-57a2d4851a1d" />
    <TestEntry testId="04969f67-b379-916a-3275-e53bd0718ea4" executionId="42856249-196b-441e-9ae8-1d79fa0364c5" testListId="8c84fa94-04c1-424b-9868-57a2d4851a1d" />
    <TestEntry testId="6fd1af1d-c0d4-5f1e-0bd0-26896040487e" executionId="f1e12c48-39e5-4e51-9cf3-95b673d9d65d" testListId="8c84fa94-04c1-424b-9868-57a2d4851a1d" />
    <TestEntry testId="d53ebf9d-a1b0-7eb1-4b91-4ab174a99cc7" executionId="5fc042c0-dee4-4751-8d41-aa849cc638cb" testListId="8c84fa94-04c1-424b-9868-57a2d4851a1d" />
    <TestEntry testId="9bb26f6e-1e2c-da60-973e-eeca518679d1" executionId="c61fd74c-1d99-4300-a742-e71bb1ffb37a" testListId="8c84fa94-04c1-424b-9868-57a2d4851a1d" />
    <TestEntry testId="13e85df1-3456-393c-8dca-d481490ed075" executionId="f89ff698-5856-42bf-aff0-396007bcdd6e" testListId="8c84fa94-04c1-424b-9868-57a2d4851a1d" />
    <TestEntry testId="2fcbb4d5-0c22-d47d-9ea9-6260fb047a7e" executionId="966d2df5-d073-40db-9517-355d497fe6da" testListId="8c84fa94-04c1-424b-9868-57a2d4851a1d" />
    <TestEntry testId="ae5c211a-4af1-929a-38fa-5c9b4f30973f" executionId="732f6d4e-320e-4f91-88d0-2703901e61f0" testListId="8c84fa94-04c1-424b-9868-57a2d4851a1d" />
    <TestEntry testId="35e23acf-2036-4d69-e77b-27d58a55d61b" executionId="6c894201-01ff-4e7e-b56e-f693582e92e0" testListId="8c84fa94-04c1-424b-9868-57a2d4851a1d" />
    <TestEntry testId="4951aa5a-960f-b892-8f82-3d3748c1e3da" executionId="d29d7aa7-cfd1-48f6-a009-b228d8163893" testListId="8c84fa94-04c1-424b-9868-57a2d4851a1d" />
    <TestEntry testId="a3cd1e56-7e87-cbfe-4696-2cfc61bd79f6" executionId="bba6f8ff-8608-4434-af7d-09e4af1a0d7a" testListId="8c84fa94-04c1-424b-9868-57a2d4851a1d" />
    <TestEntry testId="4f19bfe4-12a5-e7df-9799-ba1ffdd56260" executionId="0e74696f-555f-41b0-93eb-200537dd6939" testListId="8c84fa94-04c1-424b-9868-57a2d4851a1d" />
    <TestEntry testId="ffb7284d-9149-6f2f-e2cd-12399f61de50" executionId="0f261c8e-4e69-4dbb-a6ab-b3a93803f54a" testListId="8c84fa94-04c1-424b-9868-57a2d4851a1d" />
    <TestEntry testId="27b9fbe0-03f5-4d47-663b-0785c7f9ec49" executionId="b424a0d2-2c6c-4fe7-8ac0-46640c0a34f4" testListId="8c84fa94-04c1-424b-9868-57a2d4851a1d" />
    <TestEntry testId="3c1aaa80-1e63-d980-5967-7f705ee7de1e" executionId="92d0ae43-c184-4631-af93-6d512dc74cc6" testListId="8c84fa94-04c1-424b-9868-57a2d4851a1d" />
    <TestEntry testId="2b18aff2-35ed-39eb-0869-97e8dcc5f3f1" executionId="bee97b2c-a8fe-47ad-a95a-dc7fcbbeeaf8" testListId="8c84fa94-04c1-424b-9868-57a2d4851a1d" />
    <TestEntry testId="bfb43a18-8b27-64cf-f833-254fc2466b22" executionId="1703e70b-3216-48bc-a948-9f5ba5b7a464" testListId="8c84fa94-04c1-424b-9868-57a2d4851a1d" />
    <TestEntry testId="5bc31484-16d9-023b-e244-308f6e26f09a" executionId="72cc8a88-576a-48c8-a8e1-268e401b2176" testListId="8c84fa94-04c1-424b-9868-57a2d4851a1d" />
    <TestEntry testId="c994fcbd-cf70-f011-3e5f-4e6d74bb71af" executionId="c6f96145-a491-4424-a99b-1c3348974759" testListId="8c84fa94-04c1-424b-9868-57a2d4851a1d" />
    <TestEntry testId="04708542-086d-f6f2-88c4-fe541ab1cd55" executionId="90766d5a-db71-452f-9055-69d4b8ca6b2e" testListId="8c84fa94-04c1-424b-9868-57a2d4851a1d" />
    <TestEntry testId="5e7725a9-9983-9545-b4e7-12fe284e2a95" executionId="5f4caa8f-050a-4b0e-8736-72a1a4c22394" testListId="8c84fa94-04c1-424b-9868-57a2d4851a1d" />
    <TestEntry testId="d685c2c4-f219-af53-1ba4-f062b4ec12ac" executionId="5cd215b6-c161-4480-86aa-48a53b160aa5" testListId="8c84fa94-04c1-424b-9868-57a2d4851a1d" />
    <TestEntry testId="d54410c1-a007-adf6-a1dc-8caa96e947a3" executionId="61d61075-7e8a-4d94-958d-ee09389fb3c3" testListId="8c84fa94-04c1-424b-9868-57a2d4851a1d" />
    <TestEntry testId="5d21865c-ab0e-9a36-1301-7cb3ba2d4618" executionId="88d33c65-87e8-434c-973e-b4bfd296f9fa" testListId="8c84fa94-04c1-424b-9868-57a2d4851a1d" />
    <TestEntry testId="f574d6b5-d94c-508a-c127-7bce3d4f82e8" executionId="03c82f77-df50-46a1-ab1f-5daaa1b6d5a2" testListId="8c84fa94-04c1-424b-9868-57a2d4851a1d" />
    <TestEntry testId="49538287-c6a8-9cce-5150-35176d68e7fe" executionId="7077690d-ec2b-431b-a191-d4689f739a37" testListId="8c84fa94-04c1-424b-9868-57a2d4851a1d" />
    <TestEntry testId="abb79c21-cbdf-18a9-eb27-48d7cd452ee8" executionId="175864d5-ad68-409a-9f49-37d621c117e5" testListId="8c84fa94-04c1-424b-9868-57a2d4851a1d" />
    <TestEntry testId="615fa398-9de6-a6b9-2dab-60666d0931f7" executionId="0ba8e8a6-9cf8-4199-a576-53c0446d2bee" testListId="8c84fa94-04c1-424b-9868-57a2d4851a1d" />
    <TestEntry testId="b039aca6-d089-bcbd-2727-394bcd0025e0" executionId="ad8df312-cf9b-4f0b-87fe-edeea8a37c6d" testListId="8c84fa94-04c1-424b-9868-57a2d4851a1d" />
    <TestEntry testId="3fdf9576-9d1e-7734-64c7-98030c7feb4a" executionId="5174d1bd-fded-4aa1-be3a-f2a161f08ae8" testListId="8c84fa94-04c1-424b-9868-57a2d4851a1d" />
    <TestEntry testId="11ead46a-3fc2-e54b-9ee7-6572b1ea2616" executionId="02771465-baad-48e6-bd4e-8ac1b8828d78" testListId="8c84fa94-04c1-424b-9868-57a2d4851a1d" />
    <TestEntry testId="e02db9a4-a283-da5d-8967-1cec80ef7e92" executionId="8ac0e752-3cc9-4ac0-9bab-bab21a82f716" testListId="8c84fa94-04c1-424b-9868-57a2d4851a1d" />
    <TestEntry testId="bcaccf95-48bd-f1b0-c691-d2f1e6a4e3bd" executionId="2692bfae-7fa8-41fc-b0ba-a375c7681acc" testListId="8c84fa94-04c1-424b-9868-57a2d4851a1d" />
    <TestEntry testId="f96ea468-2b60-097d-c220-3c5f104473af" executionId="52429844-4c4e-43ec-a70b-ad40eaf1bc34" testListId="8c84fa94-04c1-424b-9868-57a2d4851a1d" />
    <TestEntry testId="c350fedf-0a65-57f7-f133-063ae7c0e4c8" executionId="d9c45d11-7159-49f1-9792-64f0bee69f24" testListId="8c84fa94-04c1-424b-9868-57a2d4851a1d" />
    <TestEntry testId="bce75dbd-45ca-03c5-19ba-bad21cb2572e" executionId="1af3eac0-a552-44ed-a88e-508ef2ea5ab1" testListId="8c84fa94-04c1-424b-9868-57a2d4851a1d" />
    <TestEntry testId="e00200eb-3a34-f266-bd48-fa5530d514f6" executionId="d199b7d7-746d-418d-b715-d83b7b0555c5" testListId="8c84fa94-04c1-424b-9868-57a2d4851a1d" />
    <TestEntry testId="daebc394-ed43-a172-b3fd-00de92d9d60e" executionId="4a883e25-a1e5-4921-ab5a-018d34db5a21" testListId="8c84fa94-04c1-424b-9868-57a2d4851a1d" />
    <TestEntry testId="d6353a5c-aebf-48c3-7e68-77f3a0ea8301" executionId="c0680728-7635-4e16-8475-ef5c8b3acb4d" testListId="8c84fa94-04c1-424b-9868-57a2d4851a1d" />
    <TestEntry testId="8abfbe45-c0d6-8f72-7af8-564a66d7cb48" executionId="1c42f285-1d53-42dc-aea7-43c72768a7fe" testListId="8c84fa94-04c1-424b-9868-57a2d4851a1d" />
    <TestEntry testId="3e825b25-6db1-d72d-ab5d-475a3a46b642" executionId="20ef9ba5-7f82-4951-922c-ac461cac9534" testListId="8c84fa94-04c1-424b-9868-57a2d4851a1d" />
    <TestEntry testId="b781e920-c895-0d1c-5363-71c65713c53a" executionId="8ac7c9ab-c9a9-4b91-8d57-c180647ccb5e" testListId="8c84fa94-04c1-424b-9868-57a2d4851a1d" />
    <TestEntry testId="a6927394-4cdf-6861-5383-48d3191f12fe" executionId="548885e1-1615-4bb4-b858-4044897d32ce" testListId="8c84fa94-04c1-424b-9868-57a2d4851a1d" />
    <TestEntry testId="ec19b07c-d465-faec-475d-a8dee6e4e934" executionId="fc79e482-c231-424b-9eee-d5e0b5d72566" testListId="8c84fa94-04c1-424b-9868-57a2d4851a1d" />
    <TestEntry testId="ac23e196-8a79-cb67-41ad-c8975a08f154" executionId="207c255e-e16d-498f-898e-8812f951c1f9" testListId="8c84fa94-04c1-424b-9868-57a2d4851a1d" />
    <TestEntry testId="e0f11812-ae84-56fe-380e-aa4471665fb8" executionId="183e3b15-b3ea-44e6-840c-5a2caf4f496f" testListId="8c84fa94-04c1-424b-9868-57a2d4851a1d" />
    <TestEntry testId="f3af6a34-22dc-525a-ddbc-41c7a3c42ddc" executionId="47a6f943-7356-4351-89b9-5e41b83b5314" testListId="8c84fa94-04c1-424b-9868-57a2d4851a1d" />
    <TestEntry testId="491de118-700b-88eb-ac68-d71ffdabe000" executionId="9432ff86-e3a6-4771-b32b-45147081199d" testListId="8c84fa94-04c1-424b-9868-57a2d4851a1d" />
    <TestEntry testId="8456fa24-5ecf-826b-4b12-9156253c47fe" executionId="2257aaff-0e07-4c41-8102-df866bd6bcf5" testListId="8c84fa94-04c1-424b-9868-57a2d4851a1d" />
    <TestEntry testId="2cb249c3-2f01-c9f4-7658-4d0e9af8d192" executionId="3baa15c1-4c57-4bf6-b6a5-ff86a4508210" testListId="8c84fa94-04c1-424b-9868-57a2d4851a1d" />
    <TestEntry testId="d9e9b57c-4387-840e-e497-cce329a0c03e" executionId="402c7fb2-ab29-4bad-9540-9e9af5b5bcd2" testListId="8c84fa94-04c1-424b-9868-57a2d4851a1d" />
    <TestEntry testId="1172006b-9d72-b3a7-ee7d-07862438f160" executionId="9713027b-57a3-40c0-ac24-b75ccbc1ac22" testListId="8c84fa94-04c1-424b-9868-57a2d4851a1d" />
    <TestEntry testId="7422afbf-8dc8-2993-87d6-1f702a4bc862" executionId="f5b5e7eb-93bd-495e-ad8a-49731204310d" testListId="8c84fa94-04c1-424b-9868-57a2d4851a1d" />
    <TestEntry testId="8f06716c-c7ff-1247-d243-6eeb705848f7" executionId="c1f22144-bd74-4786-90d7-63dbd27bc6a0" testListId="8c84fa94-04c1-424b-9868-57a2d4851a1d" />
    <TestEntry testId="20eba454-047b-5e64-79ba-74e9397a20a4" executionId="92c831a9-6fa7-44ca-b44e-c3af754b8e67" testListId="8c84fa94-04c1-424b-9868-57a2d4851a1d" />
    <TestEntry testId="fad10d32-e0c1-4a39-6168-5252fb0f8392" executionId="27ae37e1-7fff-47bb-95b4-04aeacd8b1fc" testListId="8c84fa94-04c1-424b-9868-57a2d4851a1d" />
    <TestEntry testId="66fdc644-297b-3f5c-4f4a-cb900d8c28d6" executionId="e038cca3-92f6-430a-a794-dc8a8b1ea156" testListId="8c84fa94-04c1-424b-9868-57a2d4851a1d" />
    <TestEntry testId="346c5a09-add8-018f-c767-f4690b937dfb" executionId="4a1dee42-2c29-4b24-a83e-5bc2f6f82f72" testListId="8c84fa94-04c1-424b-9868-57a2d4851a1d" />
    <TestEntry testId="b286589b-6f00-2211-0fe0-b6cf97d63d0a" executionId="19ef5841-5e15-42d2-9f02-d7c4433b6cb4" testListId="8c84fa94-04c1-424b-9868-57a2d4851a1d" />
    <TestEntry testId="4b66c56d-0547-dbc0-4364-ccf548a1bb40" executionId="cadc0c37-d005-429a-9ed4-ebec3087b898" testListId="8c84fa94-04c1-424b-9868-57a2d4851a1d" />
    <TestEntry testId="a2f90830-dfa6-05f0-71fa-365928f71cdd" executionId="3e7907ce-f2c0-4b08-87e6-c4754b4357f9" testListId="8c84fa94-04c1-424b-9868-57a2d4851a1d" />
    <TestEntry testId="c2a86a28-0c33-4ec7-8c21-c750433881c4" executionId="af10b99d-fdef-4f60-9ce0-659f6a3276f0" testListId="8c84fa94-04c1-424b-9868-57a2d4851a1d" />
    <TestEntry testId="ea8471c3-2743-4dfb-2fac-6cae304dff99" executionId="d822f124-1339-48bd-a649-1c990d96b792" testListId="8c84fa94-04c1-424b-9868-57a2d4851a1d" />
    <TestEntry testId="49c672b6-6d9d-50cd-ab6b-d47ad2b2d00c" executionId="2359b346-4680-4a42-977b-05447a556dcb" testListId="8c84fa94-04c1-424b-9868-57a2d4851a1d" />
    <TestEntry testId="34a0ec2a-ee87-5c68-071f-7bf4fe21828e" executionId="9d02806e-dd76-4c6d-a24f-cfd032c307bb" testListId="8c84fa94-04c1-424b-9868-57a2d4851a1d" />
    <TestEntry testId="bb69a9ef-0ed6-4747-9681-639ad78f5540" executionId="3f68727e-dbf0-4e81-acc5-411ec358e193" testListId="8c84fa94-04c1-424b-9868-57a2d4851a1d" />
    <TestEntry testId="e0a6ca51-6257-18e2-3ed9-4bb78f34d6d7" executionId="500c1790-84ef-42c8-b8ec-38d7bbdd2dfa" testListId="8c84fa94-04c1-424b-9868-57a2d4851a1d" />
    <TestEntry testId="a8348a06-7119-4e51-65fc-4cd73de7f6cb" executionId="9e0f463b-3eba-48d9-8377-0db81f796c4d" testListId="8c84fa94-04c1-424b-9868-57a2d4851a1d" />
    <TestEntry testId="9bd1c538-5b49-0158-94f6-e9be1859d678" executionId="ab9a50ea-51d9-45af-8f37-60e6c3f69de1" testListId="8c84fa94-04c1-424b-9868-57a2d4851a1d" />
    <TestEntry testId="39c7a244-b75e-9f86-9d15-adfafecd21ca" executionId="a114636e-1c97-4bff-a1ea-6c2504c1001c" testListId="8c84fa94-04c1-424b-9868-57a2d4851a1d" />
    <TestEntry testId="5196bde9-6c75-174a-8f79-d717861ecd56" executionId="aa4e65bd-3ec7-40ef-9542-0fce02f432f8" testListId="8c84fa94-04c1-424b-9868-57a2d4851a1d" />
    <TestEntry testId="c1b72bec-54e9-d72c-529e-b6b9932bdb7f" executionId="0abb99de-b181-4567-87ff-bf5585f31bf3" testListId="8c84fa94-04c1-424b-9868-57a2d4851a1d" />
    <TestEntry testId="9a124f11-40ca-d2aa-a849-6941897e0c0b" executionId="28c83e9c-a11c-451b-b48c-b730ecada2c1" testListId="8c84fa94-04c1-424b-9868-57a2d4851a1d" />
    <TestEntry testId="5e0fc3f1-0f67-2b00-c924-a966afea65df" executionId="4f0ab9d9-8163-4438-bee8-9a76871fb5d7" testListId="8c84fa94-04c1-424b-9868-57a2d4851a1d" />
    <TestEntry testId="66cfeda0-e2cf-f1fc-0d88-eef5b227e59f" executionId="fa38c037-a6c8-444c-9537-3807f7ef60b8" testListId="8c84fa94-04c1-424b-9868-57a2d4851a1d" />
    <TestEntry testId="86ff0f06-37e1-737e-28e1-e4da0cef4001" executionId="c95d8ec4-f3a3-4bfd-83d8-d436788f7006" testListId="8c84fa94-04c1-424b-9868-57a2d4851a1d" />
    <TestEntry testId="628515ca-7a61-a487-4f7e-7b39d713c401" executionId="0378fc1a-91e1-4f38-a18a-c6a083036c35" testListId="8c84fa94-04c1-424b-9868-57a2d4851a1d" />
    <TestEntry testId="3ff03a46-b206-b458-f53e-9c5468df465e" executionId="c523e687-1a65-48c8-8b9b-778f113f0720" testListId="8c84fa94-04c1-424b-9868-57a2d4851a1d" />
    <TestEntry testId="a01cdd42-8e33-6253-38cb-1cb271d958f4" executionId="7428e998-d2e0-484d-964b-96cb95ba2665" testListId="8c84fa94-04c1-424b-9868-57a2d4851a1d" />
    <TestEntry testId="b2a12e1f-5796-ca8b-404b-61553a46fbc5" executionId="2647bc0c-7aaa-4f77-9cb1-578b382ff1af" testListId="8c84fa94-04c1-424b-9868-57a2d4851a1d" />
    <TestEntry testId="c93cdb71-2111-93a4-4cd8-a7548cb72ed0" executionId="c7d68661-29bf-45bd-9da2-b9b48b729b7e" testListId="8c84fa94-04c1-424b-9868-57a2d4851a1d" />
    <TestEntry testId="31ed7871-edfd-2633-6788-723019e7f3e1" executionId="830e6eaa-6dae-4d67-b115-6b342cb9fbfb" testListId="8c84fa94-04c1-424b-9868-57a2d4851a1d" />
    <TestEntry testId="8d3460f1-a4b4-e4c2-2d2b-85718b89d128" executionId="6e8c642f-48ae-49ec-9298-15ec23f0a2f5" testListId="8c84fa94-04c1-424b-9868-57a2d4851a1d" />
    <TestEntry testId="7a70b4a3-dd05-b389-f6ee-af27102364f5" executionId="e3cd4e5e-60de-4f8e-b2c4-cf621e441d9e" testListId="8c84fa94-04c1-424b-9868-57a2d4851a1d" />
    <TestEntry testId="fa8e579d-d6a8-b37b-9cf1-3c38331f528e" executionId="6ba52b0b-2d25-4787-a5ed-e9c19e8c4322" testListId="8c84fa94-04c1-424b-9868-57a2d4851a1d" />
    <TestEntry testId="a4a7e920-6be7-0270-88f5-4a528c0a4ff3" executionId="807671a0-bd98-4f3c-b117-d8f62780f269" testListId="8c84fa94-04c1-424b-9868-57a2d4851a1d" />
    <TestEntry testId="f3633ae5-6adc-21ee-2aa1-0609fba8547c" executionId="603625f6-6329-4bb5-8861-671b6a759afe" testListId="8c84fa94-04c1-424b-9868-57a2d4851a1d" />
    <TestEntry testId="90ee7706-be86-d0d9-20c4-74ab6a1f60b7" executionId="c4a83242-4d38-4964-ab41-e48cf1f8cbe2" testListId="8c84fa94-04c1-424b-9868-57a2d4851a1d" />
    <TestEntry testId="47a34375-592d-8cb5-ab77-ab4cd5ff1ae6" executionId="8b534718-e010-4788-be53-25a2fb05834d" testListId="8c84fa94-04c1-424b-9868-57a2d4851a1d" />
    <TestEntry testId="3c275536-ffe1-8830-c363-8f6f56aca6a1" executionId="c35b5d17-f4e3-4ba8-bea2-cf0c6f816c2f" testListId="8c84fa94-04c1-424b-9868-57a2d4851a1d" />
    <TestEntry testId="ccf96e16-5dc0-3f30-2892-511f78cf3dfc" executionId="fd4facee-b4be-4f98-8e1f-cea615704f74" testListId="8c84fa94-04c1-424b-9868-57a2d4851a1d" />
    <TestEntry testId="f0585ec3-ae76-b5af-6830-899496ff1fd9" executionId="a9b57c9a-ae2c-45df-9a40-b311deba6b56" testListId="8c84fa94-04c1-424b-9868-57a2d4851a1d" />
    <TestEntry testId="93356272-81f1-2ca0-6a2b-a94c51c52201" executionId="164325f3-2c6b-4b01-a08a-045b24e7c74c" testListId="8c84fa94-04c1-424b-9868-57a2d4851a1d" />
    <TestEntry testId="eef249b6-8ce5-ce2e-1d6e-3786477a589e" executionId="04deb173-9233-4979-acf7-f82c877b39f2" testListId="8c84fa94-04c1-424b-9868-57a2d4851a1d" />
    <TestEntry testId="ecf86b56-1ec1-9984-97f9-65e2b8a0e550" executionId="23b9594d-0d35-41c8-9545-71364a33876a" testListId="8c84fa94-04c1-424b-9868-57a2d4851a1d" />
    <TestEntry testId="a1098879-b96c-d9e8-87b7-d514474f9769" executionId="a61abb79-39e6-4c57-9e76-9b7abd6640c8" testListId="8c84fa94-04c1-424b-9868-57a2d4851a1d" />
    <TestEntry testId="7a0cd811-1188-4526-31f2-d266b41de2aa" executionId="b94a9111-1642-44b4-8b14-054cc867ef25" testListId="8c84fa94-04c1-424b-9868-57a2d4851a1d" />
    <TestEntry testId="a73c4b3c-3d13-f62c-d2e5-567ad0be5c42" executionId="1cdf0c0c-d19e-4354-8ac7-36cd8473c4ab" testListId="8c84fa94-04c1-424b-9868-57a2d4851a1d" />
    <TestEntry testId="56c6c75f-613a-6a82-f7f1-a767d952b57c" executionId="2efa1423-0765-4d8f-b7c9-56ff5bd1379c" testListId="8c84fa94-04c1-424b-9868-57a2d4851a1d" />
    <TestEntry testId="f4a21ccd-5b4f-d613-e7b9-440db30d38e4" executionId="5bd5099c-f94e-4330-ad66-5bcafc4c34aa" testListId="8c84fa94-04c1-424b-9868-57a2d4851a1d" />
    <TestEntry testId="11067e87-9b88-327c-9a0f-dda26b0288cb" executionId="52a23f93-499b-4c03-b0c9-04dbc4d75c46" testListId="8c84fa94-04c1-424b-9868-57a2d4851a1d" />
    <TestEntry testId="e24a4a8b-d823-3179-90dd-34c590157361" executionId="d235475c-abcf-4fdc-acc3-4c5d219e4273" testListId="8c84fa94-04c1-424b-9868-57a2d4851a1d" />
    <TestEntry testId="eda712ea-15dc-6cac-535c-79a64a40aa02" executionId="b89a9f73-6cf8-48d9-a260-9440d4a1cf72" testListId="8c84fa94-04c1-424b-9868-57a2d4851a1d" />
    <TestEntry testId="1bf3b326-0db3-88e9-a1ae-c5de32b68479" executionId="2f638a2d-0c0c-4a29-a917-f3ee42959e88" testListId="8c84fa94-04c1-424b-9868-57a2d4851a1d" />
    <TestEntry testId="4e59f6e9-d495-6f3f-64b9-ac28a5eaac72" executionId="c03cc882-5b61-41fc-9937-396a889a32b4" testListId="8c84fa94-04c1-424b-9868-57a2d4851a1d" />
    <TestEntry testId="8879b9b8-0100-f390-31c6-fdcbdf8a4f83" executionId="7b89052d-bd42-4142-bc13-7769323254e4" testListId="8c84fa94-04c1-424b-9868-57a2d4851a1d" />
    <TestEntry testId="d7f71e56-89f1-ca12-7436-85c71867f730" executionId="6d19ccac-7cfb-4142-a4e7-24712a2489db" testListId="8c84fa94-04c1-424b-9868-57a2d4851a1d" />
    <TestEntry testId="b27808d6-4355-5292-3153-64fb93821ea0" executionId="7a1842e1-6617-4d77-9b32-d74f80e883ff" testListId="8c84fa94-04c1-424b-9868-57a2d4851a1d" />
    <TestEntry testId="fb12626f-6bd8-49ed-e189-ad76e4b7496b" executionId="7044e1ba-b055-4485-b72c-f56d6abfd631" testListId="8c84fa94-04c1-424b-9868-57a2d4851a1d" />
    <TestEntry testId="e4cccfe6-fb6d-a0d6-3337-e528b068adae" executionId="5b889c33-d268-43b7-b94e-66a5c70b49a4" testListId="8c84fa94-04c1-424b-9868-57a2d4851a1d" />
    <TestEntry testId="454ead38-c2a8-9597-7b1c-dc862a589e0e" executionId="7883d5bc-2df9-4af7-b30a-530b5d45a6b6" testListId="8c84fa94-04c1-424b-9868-57a2d4851a1d" />
    <TestEntry testId="c19bcdf9-7163-0762-fc75-0cd4559b2da8" executionId="c61d81c2-1231-49da-a4d5-f6f2c294a9e2" testListId="8c84fa94-04c1-424b-9868-57a2d4851a1d" />
    <TestEntry testId="600c9577-9456-49fc-a1f1-839a5e62cae7" executionId="266910f9-a2dd-40bd-b4a1-8f65073de38f" testListId="8c84fa94-04c1-424b-9868-57a2d4851a1d" />
    <TestEntry testId="9aef4d88-299a-c26b-3a27-57af3cba67d3" executionId="8f3575aa-b9fe-42a3-aaa3-a62b3fde223d" testListId="8c84fa94-04c1-424b-9868-57a2d4851a1d" />
    <TestEntry testId="adc5ef62-1184-5cc3-ec81-b0b338d88e48" executionId="708b6aca-3f46-4af6-925c-d8543b2a7982" testListId="8c84fa94-04c1-424b-9868-57a2d4851a1d" />
    <TestEntry testId="e3333616-70b0-385e-063b-ec83b99dd0ba" executionId="8c32b9dc-7c24-454b-8740-4d21c39d065e" testListId="8c84fa94-04c1-424b-9868-57a2d4851a1d" />
    <TestEntry testId="aef8a2f1-8212-2e61-b82d-81a49d106670" executionId="58ccc671-baa4-45e1-a032-9bd41e76c53c" testListId="8c84fa94-04c1-424b-9868-57a2d4851a1d" />
    <TestEntry testId="decab755-c41c-98a8-9dd2-05d18e8ecb05" executionId="8eb29af6-7608-4c1b-80b6-9fe968ddae2f" testListId="8c84fa94-04c1-424b-9868-57a2d4851a1d" />
    <TestEntry testId="6d2fa905-65f5-7d76-6130-8eb8fe67de75" executionId="1a59ccbc-8f49-43fb-8333-a3d1956647bd" testListId="8c84fa94-04c1-424b-9868-57a2d4851a1d" />
    <TestEntry testId="62f72a9e-2ef3-be6d-f944-7dcdbad45b8b" executionId="290b097f-d1fe-4fef-8ef8-fe4bd8815f14" testListId="8c84fa94-04c1-424b-9868-57a2d4851a1d" />
    <TestEntry testId="30678609-1c69-68ef-6a0d-4b6cf4e5979d" executionId="8b2996e1-2fb3-4850-9406-7c01140617a9" testListId="8c84fa94-04c1-424b-9868-57a2d4851a1d" />
    <TestEntry testId="2287085c-f0e1-b4ec-fa14-c4512658a9fe" executionId="70c19ace-8833-42e8-bbbe-6f0483f7c3de" testListId="8c84fa94-04c1-424b-9868-57a2d4851a1d" />
    <TestEntry testId="8951be4f-c5d7-21a4-85c8-2fc370bed815" executionId="aee94bb9-03d8-465b-99da-33f06f9143cb" testListId="8c84fa94-04c1-424b-9868-57a2d4851a1d" />
    <TestEntry testId="f7364d60-2df0-c5fc-137c-b9b46fcd6fe9" executionId="2cd366b1-095e-4f36-ab9c-163821b74bd9" testListId="8c84fa94-04c1-424b-9868-57a2d4851a1d" />
    <TestEntry testId="12383f93-d6c8-4041-5607-6e0714b305f6" executionId="f7bdeb3c-95e4-41a8-bb10-bf8569c82c81" testListId="8c84fa94-04c1-424b-9868-57a2d4851a1d" />
    <TestEntry testId="74db41bd-054e-abff-59c5-f7d3ecdafbd4" executionId="c653c49d-47f8-4b64-ab79-902fba9c3884" testListId="8c84fa94-04c1-424b-9868-57a2d4851a1d" />
    <TestEntry testId="39003167-8a78-92df-7e4f-41dcd0888168" executionId="9e4814ac-fb89-4360-9642-d3978ff30d25" testListId="8c84fa94-04c1-424b-9868-57a2d4851a1d" />
    <TestEntry testId="3c248867-d354-cc7e-803e-cd6ef02be22e" executionId="017a5c68-1cf8-49e6-b23e-921ab15642ac" testListId="8c84fa94-04c1-424b-9868-57a2d4851a1d" />
    <TestEntry testId="0edcab43-1e4a-6ea7-7c7b-b02803f7c8b9" executionId="7c5cf293-a40f-404c-a8b1-f4d9e28a335a" testListId="8c84fa94-04c1-424b-9868-57a2d4851a1d" />
    <TestEntry testId="08821b59-1fc3-bfdb-c64b-6b9d4d7418fb" executionId="704cce86-27bd-4350-bcfe-8ac0835481db" testListId="8c84fa94-04c1-424b-9868-57a2d4851a1d" />
    <TestEntry testId="ef7b8988-d111-e493-786c-6d198480cf20" executionId="135c83fb-69d5-40b2-907d-9a2c7902b9d5" testListId="8c84fa94-04c1-424b-9868-57a2d4851a1d" />
    <TestEntry testId="2e2f38c6-5756-eb9b-9fbb-652c777b6247" executionId="e3479ece-7346-4317-8e49-74f1afa143e8" testListId="8c84fa94-04c1-424b-9868-57a2d4851a1d" />
    <TestEntry testId="04967881-3d44-4f25-5839-6dd3eae8bd89" executionId="4ee2fbd1-3b1a-4df1-b89b-5a8d5ceaa5ab" testListId="8c84fa94-04c1-424b-9868-57a2d4851a1d" />
    <TestEntry testId="e238789f-1332-cb64-de78-1a020fa88304" executionId="0057c8f1-ed72-492e-8a83-f24980c2480a" testListId="8c84fa94-04c1-424b-9868-57a2d4851a1d" />
    <TestEntry testId="9277cfc2-3adf-cf52-f9f5-a84d42e6305c" executionId="2bc3f170-89a4-4339-adb0-4cd300c36fa6" testListId="8c84fa94-04c1-424b-9868-57a2d4851a1d" />
    <TestEntry testId="32711e52-56ae-2f9f-7aac-180402232486" executionId="8e65e4bb-c1f6-4bf8-8c0b-3da5c5de6a4a" testListId="8c84fa94-04c1-424b-9868-57a2d4851a1d" />
    <TestEntry testId="eb2e7461-d939-c702-00f6-a6f4037fdc3f" executionId="6b268c2e-057c-4649-9676-b88775897f66" testListId="8c84fa94-04c1-424b-9868-57a2d4851a1d" />
    <TestEntry testId="53f90dbe-f7ad-b0e7-04ef-fba16a107a6f" executionId="2d5894c9-7b83-4def-a308-e2c94b3bba67" testListId="8c84fa94-04c1-424b-9868-57a2d4851a1d" />
    <TestEntry testId="216fae5e-208d-f8b3-f0d1-bbf3d8af265f" executionId="29c1b9c7-ba81-48f5-b994-a091864d8cb6" testListId="8c84fa94-04c1-424b-9868-57a2d4851a1d" />
    <TestEntry testId="70fae426-3482-001e-3d7c-925da7888589" executionId="4aab1d8b-3c30-47f0-ac42-32027564a329" testListId="8c84fa94-04c1-424b-9868-57a2d4851a1d" />
    <TestEntry testId="fb944051-8a30-bb84-bc2a-dc4270028415" executionId="705b5e04-3b2e-48c6-a8fa-ae468a6ca9ca" testListId="8c84fa94-04c1-424b-9868-57a2d4851a1d" />
    <TestEntry testId="12c8d806-dc76-730d-d276-1d289133c533" executionId="651593f3-f690-4a08-a786-f56fc4318467" testListId="8c84fa94-04c1-424b-9868-57a2d4851a1d" />
    <TestEntry testId="619c3bdd-52f6-f473-bd0e-a552a532adf7" executionId="1cdfbd15-9da8-4462-b5a6-f02efac78fbb" testListId="8c84fa94-04c1-424b-9868-57a2d4851a1d" />
    <TestEntry testId="af3111d5-b888-5828-d92f-ad0d56c13b83" executionId="11ff6c81-aed7-4fa2-ae8e-3f29539aa8a2" testListId="8c84fa94-04c1-424b-9868-57a2d4851a1d" />
    <TestEntry testId="23adbcea-fc51-4a16-9d4b-141d8a8f1fb7" executionId="3b996dad-44de-4b4e-8250-52326bf63c5a" testListId="8c84fa94-04c1-424b-9868-57a2d4851a1d" />
    <TestEntry testId="510aaf45-0379-a668-36c0-4b4e838744ca" executionId="046b5c84-0fdd-490e-8920-189646144df4" testListId="8c84fa94-04c1-424b-9868-57a2d4851a1d" />
    <TestEntry testId="ebfb6fa8-ee3c-3dd3-7dbb-2004376b7edb" executionId="8eff7201-8be1-4219-8712-023963144b16" testListId="8c84fa94-04c1-424b-9868-57a2d4851a1d" />
    <TestEntry testId="c2c62cce-7606-0af4-5c6b-a30ffe30b4ea" executionId="cd7db778-892b-4038-a6b5-11086588fa02" testListId="8c84fa94-04c1-424b-9868-57a2d4851a1d" />
    <TestEntry testId="03343bcc-4f24-4c8a-3ccc-51481d1ee303" executionId="8faeedef-261b-4367-9641-bc776c19725f" testListId="8c84fa94-04c1-424b-9868-57a2d4851a1d" />
    <TestEntry testId="615860d1-0b9e-6fa5-7fc7-61ac89388548" executionId="4bd52e8c-d2a9-4aee-ba98-0638b94d28d0" testListId="8c84fa94-04c1-424b-9868-57a2d4851a1d" />
    <TestEntry testId="64432d28-23cd-4cf2-4daf-935cfc9905b7" executionId="533b048e-0010-4852-ba17-3b00d8c3a969" testListId="8c84fa94-04c1-424b-9868-57a2d4851a1d" />
    <TestEntry testId="69564ef2-123d-d3db-baf6-6a27b0eb9c23" executionId="85de20c5-cc0f-4560-bd2b-1809969a44f4" testListId="8c84fa94-04c1-424b-9868-57a2d4851a1d" />
    <TestEntry testId="b6ca1995-becc-76ce-0b28-eebf3dd3e464" executionId="d8dddc6c-49d3-47fd-aee8-c3312b7e769c" testListId="8c84fa94-04c1-424b-9868-57a2d4851a1d" />
    <TestEntry testId="42689aba-eefd-f694-336d-6d6d7296f289" executionId="c3581499-1b95-4c9f-8223-f8c1e1d5649e" testListId="8c84fa94-04c1-424b-9868-57a2d4851a1d" />
    <TestEntry testId="fd8f048e-524e-5d70-1d66-0ffeb121313b" executionId="6991d198-6605-4303-9b02-b7e974dd3637" testListId="8c84fa94-04c1-424b-9868-57a2d4851a1d" />
    <TestEntry testId="8537861e-52bb-f63c-38f8-3f1d41ff88e5" executionId="fff9a7ce-1474-42d7-a8ae-e719b1c6213d" testListId="8c84fa94-04c1-424b-9868-57a2d4851a1d" />
    <TestEntry testId="be59208d-36e7-073c-919d-21490848351c" executionId="2832977e-e7c1-48f4-be3b-50077971af56" testListId="8c84fa94-04c1-424b-9868-57a2d4851a1d" />
    <TestEntry testId="05a32b6d-38a3-d790-fab1-ef7fcb38fd6c" executionId="6bb3cee8-f533-4ab9-9f5f-792d4080c532" testListId="8c84fa94-04c1-424b-9868-57a2d4851a1d" />
    <TestEntry testId="f3eb9765-0045-7d49-5de3-054bd621a41f" executionId="bfc06688-bf99-4acd-96e0-525f196d8879" testListId="8c84fa94-04c1-424b-9868-57a2d4851a1d" />
    <TestEntry testId="7496f6c0-e383-6fbb-5d3f-fa615fc5ab22" executionId="05f716f9-0e1d-4733-9ce1-3164384421c7" testListId="8c84fa94-04c1-424b-9868-57a2d4851a1d" />
    <TestEntry testId="4ce6cb72-dabd-e3eb-6074-df75f0abcb26" executionId="44a0cd83-ecbf-4f51-8cad-fe06c9e4d29c" testListId="8c84fa94-04c1-424b-9868-57a2d4851a1d" />
    <TestEntry testId="e073dcb9-6292-6a4c-9a77-75ed0e912310" executionId="f4976871-6a08-46e4-8f87-2e8d8de2363c" testListId="8c84fa94-04c1-424b-9868-57a2d4851a1d" />
    <TestEntry testId="eefaa447-aa0c-7b07-9a84-3d4387fce640" executionId="509baec6-b18f-4568-81ac-7cf9b2ce2eea" testListId="8c84fa94-04c1-424b-9868-57a2d4851a1d" />
    <TestEntry testId="7d115265-369e-6487-e000-47e2ac4ab46b" executionId="ea0bb0d9-d472-42a1-9037-146fa54d561a" testListId="8c84fa94-04c1-424b-9868-57a2d4851a1d" />
    <TestEntry testId="d39d28ad-b64c-afa2-9212-cb9bbbf192c4" executionId="ae90ebac-bcb8-444b-b281-39b99756c893" testListId="8c84fa94-04c1-424b-9868-57a2d4851a1d" />
    <TestEntry testId="f454394e-283b-6832-24e4-e862ec140984" executionId="6f4ef4e4-7dd0-49b5-abc8-b1459e67804a" testListId="8c84fa94-04c1-424b-9868-57a2d4851a1d" />
    <TestEntry testId="91285e79-b6fd-7585-384e-bbf4da4c2bcd" executionId="53094840-71c9-419d-9c09-bab3f1923cdb" testListId="8c84fa94-04c1-424b-9868-57a2d4851a1d" />
    <TestEntry testId="6f51818b-8dfe-7cd4-c8ae-d1150bb85ebd" executionId="51d0c61d-d474-4f39-9e48-f44faa6a6b73" testListId="8c84fa94-04c1-424b-9868-57a2d4851a1d" />
    <TestEntry testId="62b70b12-663c-a906-288d-6817a450e2b9" executionId="997e45be-19ac-4144-8ff5-5e4bea07e429" testListId="8c84fa94-04c1-424b-9868-57a2d4851a1d" />
    <TestEntry testId="d39fbf53-bbf3-020f-e6d4-44b45bc00b41" executionId="1aa80ed8-b544-41e8-a0dc-22889aba4374" testListId="8c84fa94-04c1-424b-9868-57a2d4851a1d" />
    <TestEntry testId="dadc7847-4729-edf6-eb4b-78006f9ee153" executionId="59b8fb47-2a96-4e34-9f1f-8483ddb12b88" testListId="8c84fa94-04c1-424b-9868-57a2d4851a1d" />
    <TestEntry testId="9c14da41-934e-02e1-653f-9f7dc91a12aa" executionId="b566ee12-913d-4e1e-8b9a-7742e7220203" testListId="8c84fa94-04c1-424b-9868-57a2d4851a1d" />
    <TestEntry testId="f0aad1e7-1486-b29a-7a82-84f2693dfbe3" executionId="e5843dbd-f1a2-46bb-843d-491e952263d2" testListId="8c84fa94-04c1-424b-9868-57a2d4851a1d" />
    <TestEntry testId="85799221-0b36-0e4a-ef29-ad83f50e6bbd" executionId="18fc64f0-bcbe-4f72-aa21-fd753befcabe" testListId="8c84fa94-04c1-424b-9868-57a2d4851a1d" />
    <TestEntry testId="87ae11a5-ff33-3fef-0507-0ee3bd82054e" executionId="c9255883-4843-4f57-9e89-7b618778d6ed" testListId="8c84fa94-04c1-424b-9868-57a2d4851a1d" />
    <TestEntry testId="a888e7ea-dbd1-07c6-66f1-9d366fb67e32" executionId="1247a6af-f1e9-4676-a576-653c985c0e19" testListId="8c84fa94-04c1-424b-9868-57a2d4851a1d" />
    <TestEntry testId="9a621664-b485-1b19-02d4-7ca92799a60b" executionId="6ac454e8-bfc2-459f-b143-fce8d81ca78b" testListId="8c84fa94-04c1-424b-9868-57a2d4851a1d" />
    <TestEntry testId="25e8173f-164f-a6d3-7781-f064566ee4cd" executionId="c0709806-e635-48a0-885c-b391a0bed428" testListId="8c84fa94-04c1-424b-9868-57a2d4851a1d" />
    <TestEntry testId="45b47e45-8abc-9102-029a-0eb6ca1d5e58" executionId="10beab26-0b18-4a11-aa53-2bd5efb27221" testListId="8c84fa94-04c1-424b-9868-57a2d4851a1d" />
    <TestEntry testId="b5cd9d3c-6e7d-bae4-881c-4092ac2390ce" executionId="b9c724d5-c741-4b52-a58a-c9027b27fa53" testListId="8c84fa94-04c1-424b-9868-57a2d4851a1d" />
    <TestEntry testId="837c6681-7a11-fda1-e2c1-66903c24de53" executionId="a9393839-242c-458b-a2ec-2f0262bcd79f" testListId="8c84fa94-04c1-424b-9868-57a2d4851a1d" />
    <TestEntry testId="0c4c15ff-4158-9c17-cd9b-2647420fd170" executionId="1d362541-0ee5-41ac-8213-00843697a65f" testListId="8c84fa94-04c1-424b-9868-57a2d4851a1d" />
    <TestEntry testId="29406890-f674-40b1-2efb-3ed40d66af1f" executionId="8ce8f45b-9f09-48ca-b092-afbb79b3b2d5" testListId="8c84fa94-04c1-424b-9868-57a2d4851a1d" />
    <TestEntry testId="b3d20388-ddfe-493d-dfad-f423fc621b48" executionId="629d9cbc-df6e-40f3-9bd0-59f6b438a353" testListId="8c84fa94-04c1-424b-9868-57a2d4851a1d" />
    <TestEntry testId="d147ccf7-2e90-d95d-62de-1759c3690066" executionId="b9dc7164-e20f-4aa4-b1a1-f373e7815a82" testListId="8c84fa94-04c1-424b-9868-57a2d4851a1d" />
    <TestEntry testId="7e94e694-684d-fa09-70c8-651a86e03ea4" executionId="93305182-22e8-4c11-861a-c8d6d3b49996" testListId="8c84fa94-04c1-424b-9868-57a2d4851a1d" />
    <TestEntry testId="1d439d51-4271-ce67-e4e0-d0b84f8d1caf" executionId="03c3615b-0de6-4f24-895f-dcd7b9a42872" testListId="8c84fa94-04c1-424b-9868-57a2d4851a1d" />
    <TestEntry testId="bde33f3c-8432-543f-ee46-b13606db09db" executionId="b37f256e-4b8e-4250-be99-94685c1e9cae" testListId="8c84fa94-04c1-424b-9868-57a2d4851a1d" />
    <TestEntry testId="35a2b898-28ef-3d54-ad66-b8bbc7ede2a3" executionId="ede27f55-7e8c-413d-b6e7-808648f6ef75" testListId="8c84fa94-04c1-424b-9868-57a2d4851a1d" />
    <TestEntry testId="6a02a9a9-45fc-e93c-144a-ec579f6fd7df" executionId="7f8a12c0-c822-444b-8095-57925926148e" testListId="8c84fa94-04c1-424b-9868-57a2d4851a1d" />
    <TestEntry testId="b6307f6f-0923-1f5a-926e-f404ac915b20" executionId="2cdd9518-6d69-4246-a776-98ea03c4e83f" testListId="8c84fa94-04c1-424b-9868-57a2d4851a1d" />
    <TestEntry testId="637dad56-8638-805e-9abd-b089900557c0" executionId="6f823979-063e-4d73-977f-f1eea64601eb" testListId="8c84fa94-04c1-424b-9868-57a2d4851a1d" />
    <TestEntry testId="4936d87a-883b-6212-fe10-ba7602a69db8" executionId="b338a393-acc2-4b42-b73c-416f69b83ab8" testListId="8c84fa94-04c1-424b-9868-57a2d4851a1d" />
    <TestEntry testId="01cb383a-3e5a-acd0-bce9-5df29c661a7c" executionId="8e080dd8-928c-4539-8021-9eac2b59d815" testListId="8c84fa94-04c1-424b-9868-57a2d4851a1d" />
    <TestEntry testId="910d4b99-463d-e8f2-2603-a8f7093fc7cf" executionId="9b55ebdd-4b96-440c-9217-443b5d0356d4" testListId="8c84fa94-04c1-424b-9868-57a2d4851a1d" />
    <TestEntry testId="1e0703fd-8132-d66f-f52d-f2f5d027c1d8" executionId="990f227d-02f3-473e-bd81-94c77abd778b" testListId="8c84fa94-04c1-424b-9868-57a2d4851a1d" />
    <TestEntry testId="94072497-fa43-aca0-8f05-792ac28d0627" executionId="16d8d2f7-2cec-4333-bbfb-eadc7d86fce0" testListId="8c84fa94-04c1-424b-9868-57a2d4851a1d" />
    <TestEntry testId="ddd788b7-fa29-d0c9-c87b-c6974b37dc7d" executionId="bf57be90-774b-4aef-8e54-5327917200db" testListId="8c84fa94-04c1-424b-9868-57a2d4851a1d" />
    <TestEntry testId="c2c1dbbf-76df-e4ac-1f6c-4bf02108e7b1" executionId="53a815ee-9d1b-48e0-affa-5325a4c4e5ba" testListId="8c84fa94-04c1-424b-9868-57a2d4851a1d" />
    <TestEntry testId="b168b1f7-674c-8775-2a66-cf7d7f806851" executionId="5886379b-1c19-41c7-9841-f1e31bf65c87" testListId="8c84fa94-04c1-424b-9868-57a2d4851a1d" />
    <TestEntry testId="ba3d44ab-713b-26da-eeee-600e16cfe130" executionId="9f8bc676-1440-482e-87fe-b39d62cdae52" testListId="8c84fa94-04c1-424b-9868-57a2d4851a1d" />
    <TestEntry testId="60e1884b-abd9-92c1-f58c-08f7b4b4de40" executionId="ad603666-31f2-48a9-a9e4-39e5d3337ed9" testListId="8c84fa94-04c1-424b-9868-57a2d4851a1d" />
    <TestEntry testId="c7fd498b-03da-468c-aa24-ce275275bb84" executionId="3408ea5a-638f-424f-b383-376c49479959" testListId="8c84fa94-04c1-424b-9868-57a2d4851a1d" />
    <TestEntry testId="762e5ce4-0443-8529-2419-b15e6b3af056" executionId="10393b45-fa0d-4f68-b334-644e491ce88d" testListId="8c84fa94-04c1-424b-9868-57a2d4851a1d" />
    <TestEntry testId="cfa8282b-c910-23c2-f0df-2ed624c5a3c7" executionId="ed916269-a9b9-41c4-8414-ded95f58a05c" testListId="8c84fa94-04c1-424b-9868-57a2d4851a1d" />
    <TestEntry testId="036a6ec9-ae68-934b-9f02-a81dae974d18" executionId="4cd62b04-4798-45ae-b394-30e2473b1449" testListId="8c84fa94-04c1-424b-9868-57a2d4851a1d" />
    <TestEntry testId="6700c77f-a72c-833c-b2d9-a0d02a9534be" executionId="120e5435-eaf5-44f2-a921-7ebb1de6a7b1" testListId="8c84fa94-04c1-424b-9868-57a2d4851a1d" />
    <TestEntry testId="2f0cf2d4-3a28-6b74-1791-705b9f0277be" executionId="b30f2ee0-7412-47ce-ab3f-d71d732b5e92" testListId="8c84fa94-04c1-424b-9868-57a2d4851a1d" />
    <TestEntry testId="92867c0e-facc-7f59-b4bc-04e39d2ba464" executionId="c1cd3139-5ea1-4981-b2d1-5144c0f78a73" testListId="8c84fa94-04c1-424b-9868-57a2d4851a1d" />
    <TestEntry testId="e679eaee-e3a9-8b8a-d185-7c73afee0b2f" executionId="960f4265-e8fe-4394-b133-56ff295da08d" testListId="8c84fa94-04c1-424b-9868-57a2d4851a1d" />
    <TestEntry testId="0d3aed88-2598-0caa-458e-53fd2f6dc4e2" executionId="6e1b3ef3-315d-46bf-95f0-68802898d9f7" testListId="8c84fa94-04c1-424b-9868-57a2d4851a1d" />
    <TestEntry testId="8119f190-7ed2-77b1-76a6-83f33e4cf393" executionId="ac0a2082-99e3-432e-ad52-317a782d0ab7" testListId="8c84fa94-04c1-424b-9868-57a2d4851a1d" />
    <TestEntry testId="a3a785ff-5f15-1809-0327-13b742192f57" executionId="9042d237-d1b3-4b68-bc4a-869cfc20ed12" testListId="8c84fa94-04c1-424b-9868-57a2d4851a1d" />
    <TestEntry testId="20901353-a2d3-ecac-3452-4c8d3e93293d" executionId="4a0b795e-3910-48fa-b599-0e540985396b" testListId="8c84fa94-04c1-424b-9868-57a2d4851a1d" />
    <TestEntry testId="d8dcd89f-df1d-9e50-f8f8-844883603fea" executionId="cf92a79a-a65c-445e-b2d8-e75970f4b675" testListId="8c84fa94-04c1-424b-9868-57a2d4851a1d" />
    <TestEntry testId="74c0130b-d063-4d59-6d84-18416c8beb4f" executionId="3302332d-c5f7-44d5-8e77-cfc990d38359" testListId="8c84fa94-04c1-424b-9868-57a2d4851a1d" />
    <TestEntry testId="7bf7f3ca-374b-b9a9-53c4-47a8ad354e7e" executionId="95cb86a8-dc17-4422-a3f4-8630f32e5a21" testListId="8c84fa94-04c1-424b-9868-57a2d4851a1d" />
    <TestEntry testId="ae67d523-2929-36b8-f281-40940e5c29bb" executionId="a48c6bb8-9d50-4db1-ad8e-3bea3b04cb39" testListId="8c84fa94-04c1-424b-9868-57a2d4851a1d" />
    <TestEntry testId="897eda60-aa9c-bf46-7037-9c91ac01a451" executionId="25bd1f3a-eadf-4ff0-ac4f-1feabebade15" testListId="8c84fa94-04c1-424b-9868-57a2d4851a1d" />
    <TestEntry testId="8b6f3338-cce8-0079-b821-3f92e6c60eee" executionId="e1ba2ca0-c461-4f0d-a136-7cee50d82aab" testListId="8c84fa94-04c1-424b-9868-57a2d4851a1d" />
    <TestEntry testId="71a2762b-d8da-32e7-80e0-7c170fef2ac7" executionId="7264a6c2-01bf-4214-b56b-465710118f2c" testListId="8c84fa94-04c1-424b-9868-57a2d4851a1d" />
    <TestEntry testId="e6fa545c-dab4-f63e-4e3b-21ea6de7572d" executionId="aae10d0f-fad6-4d0b-af63-d4370bf204f5" testListId="8c84fa94-04c1-424b-9868-57a2d4851a1d" />
    <TestEntry testId="bc8b0527-de00-05c5-8ddf-e463dace5bf0" executionId="5a14e950-0655-4613-afca-7146670a29f2" testListId="8c84fa94-04c1-424b-9868-57a2d4851a1d" />
    <TestEntry testId="cb9006f5-cf8f-a741-60da-88003562c888" executionId="b9e58f8e-66ec-486e-93e0-18e693f40a4a" testListId="8c84fa94-04c1-424b-9868-57a2d4851a1d" />
    <TestEntry testId="fe527e8d-5e3e-18c1-ed37-cc075512021b" executionId="ddc8478a-6f50-4c64-9c21-868677cb5904" testListId="8c84fa94-04c1-424b-9868-57a2d4851a1d" />
    <TestEntry testId="02f82b15-1853-9f05-8754-8f243db3e9b1" executionId="87749839-bea8-472b-a4e2-d77a633d65a0" testListId="8c84fa94-04c1-424b-9868-57a2d4851a1d" />
    <TestEntry testId="d8fff351-64d1-1a21-4739-3e89df4d873b" executionId="f0686736-89d6-4d60-b437-e13e4759c7f2" testListId="8c84fa94-04c1-424b-9868-57a2d4851a1d" />
    <TestEntry testId="58932f19-d7b6-d69f-2dae-d6e75aa0e55e" executionId="e05e1f1b-9fb5-47b6-ba37-7555d9d666e5" testListId="8c84fa94-04c1-424b-9868-57a2d4851a1d" />
    <TestEntry testId="a7c76906-c1d7-0c9c-096c-a6235194b8e7" executionId="8d2c6bad-11ed-4cb1-a024-6c2823de1c09" testListId="8c84fa94-04c1-424b-9868-57a2d4851a1d" />
    <TestEntry testId="72f5bdbc-e270-3979-eb1f-93befbe9f9d0" executionId="87c8db69-b25c-474a-a77a-00b93d7f672a" testListId="8c84fa94-04c1-424b-9868-57a2d4851a1d" />
    <TestEntry testId="380eb0c8-d6f7-276e-b9b6-a564a8f6129e" executionId="510de0e9-efe8-4c59-9850-6e667ddae950" testListId="8c84fa94-04c1-424b-9868-57a2d4851a1d" />
    <TestEntry testId="b8d38453-fb40-0cfb-4e20-39c788746328" executionId="aac4b89b-9458-457d-9b1d-080ea690bafc" testListId="8c84fa94-04c1-424b-9868-57a2d4851a1d" />
    <TestEntry testId="9abe82c5-80fa-2d6a-e76f-8b42c308f2c5" executionId="38cd40f2-3bac-4f79-a128-e52172f76134" testListId="8c84fa94-04c1-424b-9868-57a2d4851a1d" />
    <TestEntry testId="d38b1856-f9a8-d9e7-be29-662b96640b5b" executionId="440c505e-4202-4551-80fb-ebb85fdb1c70" testListId="8c84fa94-04c1-424b-9868-57a2d4851a1d" />
    <TestEntry testId="274e5ca5-6e22-8c94-c538-bc2ca6c5742f" executionId="ba772df0-a3d2-4b2b-abbf-b9faaef9c33d" testListId="8c84fa94-04c1-424b-9868-57a2d4851a1d" />
    <TestEntry testId="0af23d0c-f1f0-deb1-181c-c50389a37384" executionId="4711d991-1964-45a8-b4f6-e954517619da" testListId="8c84fa94-04c1-424b-9868-57a2d4851a1d" />
    <TestEntry testId="369d8b6d-6b5f-c2d1-d938-37474ed850e0" executionId="115df86a-ade3-4843-9b6a-31e825898e08" testListId="8c84fa94-04c1-424b-9868-57a2d4851a1d" />
    <TestEntry testId="7ae5fdac-2c37-dafa-ea81-102d467ed88a" executionId="bb7148d9-4308-4dd8-b2ab-d1a433b61cd8" testListId="8c84fa94-04c1-424b-9868-57a2d4851a1d" />
    <TestEntry testId="08b0137c-0bdc-e87f-be30-d8edbdf991c1" executionId="816c7fbc-f505-423c-9718-ad7ad3816901" testListId="8c84fa94-04c1-424b-9868-57a2d4851a1d" />
    <TestEntry testId="cdeb3be1-fe32-ff89-e068-e42e39c27a73" executionId="06df2585-c08d-499d-812d-f2848644f997" testListId="8c84fa94-04c1-424b-9868-57a2d4851a1d" />
    <TestEntry testId="209edf4d-3b12-5a43-fec0-fca0d1a4ea6d" executionId="8879fe2d-5c5f-4cd6-beca-f5376ac579a2" testListId="8c84fa94-04c1-424b-9868-57a2d4851a1d" />
    <TestEntry testId="c6bf636f-3c18-b5d6-1346-58450e782d22" executionId="7a535235-a843-4695-8bc6-d157c573df28" testListId="8c84fa94-04c1-424b-9868-57a2d4851a1d" />
    <TestEntry testId="94c8a06e-3f46-89b8-1521-4663bd871343" executionId="f7247d8d-98d8-4b19-a09c-e250dbe56aac" testListId="8c84fa94-04c1-424b-9868-57a2d4851a1d" />
    <TestEntry testId="69c4777a-51de-9c54-0ee3-eb6af65c109e" executionId="2c8169aa-281e-4185-9c9c-394a95dd5ee7" testListId="8c84fa94-04c1-424b-9868-57a2d4851a1d" />
    <TestEntry testId="b1be5e34-279b-4416-5a52-95321e0442b4" executionId="217a882c-a268-4db0-a604-3aa92a9b57dc" testListId="8c84fa94-04c1-424b-9868-57a2d4851a1d" />
    <TestEntry testId="ff7d5d75-8704-2f07-483c-d76f3a2523cc" executionId="3a1c6b71-c19a-443f-91db-ee3193d14f6d" testListId="8c84fa94-04c1-424b-9868-57a2d4851a1d" />
    <TestEntry testId="ba5b40c3-7100-1940-87d5-9af986ffebd2" executionId="057085b1-40d2-4d0b-bb9f-12ed04a88723" testListId="8c84fa94-04c1-424b-9868-57a2d4851a1d" />
    <TestEntry testId="40488d75-026c-550a-6026-e97b07265e5b" executionId="183b1e0e-1c6d-4a77-9a23-e8b3fa78e0c7" testListId="8c84fa94-04c1-424b-9868-57a2d4851a1d" />
    <TestEntry testId="9a4a7396-bc43-f3a9-c62c-07975736bde6" executionId="f82652e7-aaa0-4ccb-b57e-5868ee97fb45" testListId="8c84fa94-04c1-424b-9868-57a2d4851a1d" />
    <TestEntry testId="d3675fd4-77f8-268f-8735-9b5ad5bc915b" executionId="9b7ad039-9a2b-4bfc-851f-6138d0c60e24" testListId="8c84fa94-04c1-424b-9868-57a2d4851a1d" />
    <TestEntry testId="cee9a7d1-ec49-f6f1-a300-399ccd3bc1b7" executionId="9277856d-aefb-494f-b1e7-26244878a792" testListId="8c84fa94-04c1-424b-9868-57a2d4851a1d" />
    <TestEntry testId="4981a909-3e1a-e6df-4bdc-c1e8e4928845" executionId="1e992a1a-ce42-4704-ab89-fe5e3897d2b3" testListId="8c84fa94-04c1-424b-9868-57a2d4851a1d" />
    <TestEntry testId="333aaef5-a204-ff89-a246-bb5035b09f90" executionId="c8b1a87a-329e-4924-9e42-4af539e35b5c" testListId="8c84fa94-04c1-424b-9868-57a2d4851a1d" />
    <TestEntry testId="29658493-3081-01dd-eb7c-6d0a97eef1f2" executionId="c6a5b066-9344-4bc1-9d50-b97314050362" testListId="8c84fa94-04c1-424b-9868-57a2d4851a1d" />
    <TestEntry testId="1ae81526-c34e-30fb-a453-ec950aa3ef1c" executionId="034f73c5-34a5-48b2-a9bc-5b2083e9c7c9" testListId="8c84fa94-04c1-424b-9868-57a2d4851a1d" />
    <TestEntry testId="7265e4fd-f7ba-8572-e525-8b365c7360c6" executionId="48bf461a-3c97-4c0a-83d8-c6f3aa2a39d7" testListId="8c84fa94-04c1-424b-9868-57a2d4851a1d" />
    <TestEntry testId="0f966d17-36c6-657f-5b98-8b83226f1489" executionId="a0e39bde-6a88-45e8-87cd-87d7cc7e5c7c" testListId="8c84fa94-04c1-424b-9868-57a2d4851a1d" />
    <TestEntry testId="f2da4add-4324-6352-9afd-0fe37f754b21" executionId="471ff775-f5d2-4efe-8cac-acb20b5b6ee4" testListId="8c84fa94-04c1-424b-9868-57a2d4851a1d" />
    <TestEntry testId="dfaddf73-e2fe-692a-95cb-e0210649fd35" executionId="d19742ec-3035-4490-a82a-4972dde51005" testListId="8c84fa94-04c1-424b-9868-57a2d4851a1d" />
    <TestEntry testId="311588b6-1eda-5995-3667-7c2c732d3f34" executionId="3db01e00-d5ce-4ba2-9630-c4c2844e01f6" testListId="8c84fa94-04c1-424b-9868-57a2d4851a1d" />
    <TestEntry testId="1fa0b0ac-82b7-821b-a6bd-11883f4b16c1" executionId="ab13e300-1512-43e2-9946-b08fb8e438f1" testListId="8c84fa94-04c1-424b-9868-57a2d4851a1d" />
    <TestEntry testId="bd91fcf5-5262-be00-7dbb-b8c3fec0f109" executionId="2274ba00-e6b3-4b7c-af72-d26e2ced53eb" testListId="8c84fa94-04c1-424b-9868-57a2d4851a1d" />
    <TestEntry testId="1640b6a1-03c2-f3db-49e3-38921c8dee24" executionId="4da0dfc5-8909-4deb-9227-3912e7274e58" testListId="8c84fa94-04c1-424b-9868-57a2d4851a1d" />
    <TestEntry testId="4662df59-28c1-5a49-3a88-d0d7d9c3969d" executionId="45c3b7cf-6cf5-4d51-bc0a-d88721ba3353" testListId="8c84fa94-04c1-424b-9868-57a2d4851a1d" />
    <TestEntry testId="f5d3f3a5-bbac-e5c0-6089-8d38dd4249c8" executionId="b7632953-5046-42e9-a1b2-54fdab62c551" testListId="8c84fa94-04c1-424b-9868-57a2d4851a1d" />
    <TestEntry testId="1772b5c8-17fc-7339-7078-7951ac9723dd" executionId="4953b75d-f7df-4eb4-88db-6c0625cbdbb9" testListId="8c84fa94-04c1-424b-9868-57a2d4851a1d" />
    <TestEntry testId="f0159238-5dbe-94b2-dc06-cbfbca0e38a0" executionId="c17c2e70-6514-4807-81bc-321d1fb6a20d" testListId="8c84fa94-04c1-424b-9868-57a2d4851a1d" />
    <TestEntry testId="7d9a319c-0aa5-831a-d202-712bedb1b15a" executionId="c7134d72-3b9d-4298-b571-1a6d9a8bccf9" testListId="8c84fa94-04c1-424b-9868-57a2d4851a1d" />
    <TestEntry testId="f7f48920-cf43-fd74-5fcd-5b275d41553a" executionId="3be4740c-0940-4796-bf46-36a28f3bafab" testListId="8c84fa94-04c1-424b-9868-57a2d4851a1d" />
    <TestEntry testId="6abd158c-e0bd-4354-9fac-ab6a832540d0" executionId="923e50ca-b6ef-463f-a89c-72523e41bf54" testListId="8c84fa94-04c1-424b-9868-57a2d4851a1d" />
    <TestEntry testId="bebef051-0a10-725f-3ff5-e30e4f9dd420" executionId="631447ce-8af1-48ce-b0ed-a499a2c57399" testListId="8c84fa94-04c1-424b-9868-57a2d4851a1d" />
    <TestEntry testId="853ab17c-1011-8c0b-9611-6a309f52ffd7" executionId="f7ebaec5-452a-4ff9-afce-5b49f00c9c1e" testListId="8c84fa94-04c1-424b-9868-57a2d4851a1d" />
    <TestEntry testId="2035ba59-2ee2-badb-15b9-a8ffa8fcf57c" executionId="54290bef-c6f6-41bb-bb36-dbc2c160dc29" testListId="8c84fa94-04c1-424b-9868-57a2d4851a1d" />
    <TestEntry testId="8afbc81b-c940-0dce-6ef9-318ffda0f1ea" executionId="5b523eac-1f18-44f4-9a74-36eb46c85d98" testListId="8c84fa94-04c1-424b-9868-57a2d4851a1d" />
    <TestEntry testId="5793f365-d163-be21-ca1f-4a66a13f32b3" executionId="a1c6d930-208b-47e3-be12-d18841947da8" testListId="8c84fa94-04c1-424b-9868-57a2d4851a1d" />
    <TestEntry testId="af9ae316-c7c6-6ac6-11c1-298dd9b256df" executionId="13de1651-9e99-45a2-a025-36df0e818aae" testListId="8c84fa94-04c1-424b-9868-57a2d4851a1d" />
    <TestEntry testId="9e567b4f-5898-461c-b4e9-b51ec60ad377" executionId="0d5cc07e-0af5-4443-8de7-9b3dfa9155ec" testListId="8c84fa94-04c1-424b-9868-57a2d4851a1d" />
    <TestEntry testId="82e7d70c-1a42-9215-0f5f-33fe3e6fa346" executionId="c2fe5617-eb15-4193-bca4-f45db97a3af1" testListId="8c84fa94-04c1-424b-9868-57a2d4851a1d" />
    <TestEntry testId="84185e06-3828-77a5-d8c9-c2b462b8ff8c" executionId="be9e1fe6-e1d9-447f-9418-46eae9617851" testListId="8c84fa94-04c1-424b-9868-57a2d4851a1d" />
    <TestEntry testId="05be2e04-a7a4-ec81-8b2e-19e4e2cd04d0" executionId="af193db9-8db3-4e67-9c5e-ca43c0ff3816" testListId="8c84fa94-04c1-424b-9868-57a2d4851a1d" />
    <TestEntry testId="2553ac6b-8c4b-c989-c2b1-742cbb8f417e" executionId="2d8bead8-c3f7-4b14-8fcf-801bd5152ad1" testListId="8c84fa94-04c1-424b-9868-57a2d4851a1d" />
    <TestEntry testId="d45e0a24-dbfe-46a9-68b0-8da0a6094838" executionId="dc801525-22cd-4142-8aba-d7a8b443cf19" testListId="8c84fa94-04c1-424b-9868-57a2d4851a1d" />
    <TestEntry testId="5eb51ac6-bd9f-5d8a-8a44-d83118d83beb" executionId="3215aabe-1f8d-415d-a57e-43e9ce3597d2" testListId="8c84fa94-04c1-424b-9868-57a2d4851a1d" />
    <TestEntry testId="c57a980e-ffcc-5e16-6a31-18fd8b909caa" executionId="3ca748a1-44d5-4b83-a65f-b3bf0ebf900b" testListId="8c84fa94-04c1-424b-9868-57a2d4851a1d" />
    <TestEntry testId="7e45dd7d-e48e-5c57-3fb0-37befdf85fdc" executionId="bad5d0c4-865e-429a-afd9-592c9355c545" testListId="8c84fa94-04c1-424b-9868-57a2d4851a1d" />
    <TestEntry testId="deeaa6b3-3ff5-0109-60b8-733b4bfcf2d5" executionId="3aed2139-9ae0-44b0-ada9-89b04ac55e4e" testListId="8c84fa94-04c1-424b-9868-57a2d4851a1d" />
    <TestEntry testId="979c090f-8c86-d264-67f3-13520744166b" executionId="e3b6a6df-2721-4915-a7ce-b0da81f452a3" testListId="8c84fa94-04c1-424b-9868-57a2d4851a1d" />
    <TestEntry testId="43e0f701-5f55-5e32-84f3-972dc14c0c0b" executionId="15a72793-c0e3-4614-8eae-c3814a458a83" testListId="8c84fa94-04c1-424b-9868-57a2d4851a1d" />
    <TestEntry testId="5fa0a4c4-15f2-a193-6e7e-18d36636da1f" executionId="87b191b1-0290-4d25-9fd2-37241ea08400" testListId="8c84fa94-04c1-424b-9868-57a2d4851a1d" />
    <TestEntry testId="c02eb5c0-31bb-eec0-3d85-1a1ef8849db8" executionId="2ed30599-5639-44a2-a972-b31f4cd77c4b" testListId="8c84fa94-04c1-424b-9868-57a2d4851a1d" />
    <TestEntry testId="4ae6f156-51db-bc15-8975-b99fe55a99a8" executionId="28dff9e3-bba6-4799-866d-33f8a790fb84" testListId="8c84fa94-04c1-424b-9868-57a2d4851a1d" />
    <TestEntry testId="67cd7cf5-f472-f19a-a725-58400de88452" executionId="b737399b-571c-4ae7-9414-72fc96f0b717" testListId="8c84fa94-04c1-424b-9868-57a2d4851a1d" />
    <TestEntry testId="774aeb04-879b-a97c-c411-6c8ce34f4ab0" executionId="8d348950-953b-4a81-bb7a-5e0775494988" testListId="8c84fa94-04c1-424b-9868-57a2d4851a1d" />
    <TestEntry testId="b1d26b6f-e2ab-c7af-55d4-4d9f04f43eca" executionId="33d84a5e-8422-4255-83c4-188df7a0fcac" testListId="8c84fa94-04c1-424b-9868-57a2d4851a1d" />
    <TestEntry testId="9db1e6a2-c9ab-3468-9419-59249149bc04" executionId="69ed90db-936e-4e9c-a4d5-4cdb106fd07a" testListId="8c84fa94-04c1-424b-9868-57a2d4851a1d" />
    <TestEntry testId="0bb6c333-e41f-4877-c81e-d24ff9ead53d" executionId="c1f486aa-ed14-4215-a7f3-ef295bf419e1" testListId="8c84fa94-04c1-424b-9868-57a2d4851a1d" />
    <TestEntry testId="837f3b30-3aeb-50a8-d532-f419df9834ba" executionId="265c5e4c-7c17-48ea-aed9-eb658e6a3103" testListId="8c84fa94-04c1-424b-9868-57a2d4851a1d" />
    <TestEntry testId="6c111a58-0dcb-5d69-cab0-6f7362899525" executionId="a2ffa44a-c14f-4471-9a2e-33bac2060c56" testListId="8c84fa94-04c1-424b-9868-57a2d4851a1d" />
    <TestEntry testId="1440a184-8a0a-3d08-19bf-ac2d32351c96" executionId="cea8db34-8d52-44a8-b662-e10c08b2132d" testListId="8c84fa94-04c1-424b-9868-57a2d4851a1d" />
    <TestEntry testId="6a41f5f3-49f1-a289-ed1a-edcf9c86dd3e" executionId="27990b51-d477-419b-abe9-1ca3285551a7" testListId="8c84fa94-04c1-424b-9868-57a2d4851a1d" />
    <TestEntry testId="0a21bad2-cce1-7c33-3af3-a6f4c4389e98" executionId="b7e3faa4-eb62-4dba-813b-afdbc3c5d311" testListId="8c84fa94-04c1-424b-9868-57a2d4851a1d" />
    <TestEntry testId="5ec8d008-0362-0f87-55a5-ff4397c5ceeb" executionId="5f877a56-9e50-4d4b-b297-a9970645cc27" testListId="8c84fa94-04c1-424b-9868-57a2d4851a1d" />
    <TestEntry testId="81df71bb-e962-4121-4d15-80e255b37b1f" executionId="717fd43e-35da-41be-afbe-539adbba9c60" testListId="8c84fa94-04c1-424b-9868-57a2d4851a1d" />
    <TestEntry testId="3303c520-a64a-555f-afb5-ac27a0847525" executionId="eb502b83-5ffa-414d-bbac-71ff7119c56a" testListId="8c84fa94-04c1-424b-9868-57a2d4851a1d" />
    <TestEntry testId="bc3f5322-761c-1784-32c8-0807bc806b0a" executionId="0d24db37-9d16-46f4-a094-fe6ca173fd30" testListId="8c84fa94-04c1-424b-9868-57a2d4851a1d" />
    <TestEntry testId="19b8d5ef-b980-1d42-3f3f-c869dee34ac6" executionId="cdf79605-f54f-4240-a88d-7081bf46475f" testListId="8c84fa94-04c1-424b-9868-57a2d4851a1d" />
    <TestEntry testId="0abb1a8e-0900-a5c7-bfcc-230b4aaefe42" executionId="1cd37f03-8b03-4de0-a32b-d24180a7878b" testListId="8c84fa94-04c1-424b-9868-57a2d4851a1d" />
    <TestEntry testId="4860ad68-0544-30ce-66fd-690992dae18e" executionId="3ab0924c-61a3-40e9-b9fc-dad957cb4b62" testListId="8c84fa94-04c1-424b-9868-57a2d4851a1d" />
    <TestEntry testId="0718464f-7428-3c2c-d7c1-1af84b0bb5ee" executionId="90e8e19e-3a58-46c4-9018-fc185f3373bf" testListId="8c84fa94-04c1-424b-9868-57a2d4851a1d" />
    <TestEntry testId="a3e3ac67-b44c-d535-60e6-335f6ba0310c" executionId="74839aa3-fef8-44d5-8c35-61f8b2f0a402" testListId="8c84fa94-04c1-424b-9868-57a2d4851a1d" />
    <TestEntry testId="47ec5c64-268b-824f-d637-17f43470b17c" executionId="561e63f1-6c6b-4ac3-be73-f35b527a2cd7" testListId="8c84fa94-04c1-424b-9868-57a2d4851a1d" />
    <TestEntry testId="03ea9dd2-de50-ef82-5a92-98d7b2ff607a" executionId="ad047d18-2fcc-4774-8cc8-87a91bd98bff" testListId="8c84fa94-04c1-424b-9868-57a2d4851a1d" />
    <TestEntry testId="de7a0ae7-aa58-be18-206b-2d44f2e86ead" executionId="200c983f-ba3e-4a2b-9fc5-d367bff9eb34" testListId="8c84fa94-04c1-424b-9868-57a2d4851a1d" />
    <TestEntry testId="f995d454-4ebf-d775-1609-24b3016af07c" executionId="1059f2e4-3f94-4048-b148-238fac54d44d" testListId="8c84fa94-04c1-424b-9868-57a2d4851a1d" />
    <TestEntry testId="a1148d07-bacb-7b60-5bda-bc014fb00c20" executionId="2650c5f4-1bad-4b00-9fad-b1ffff64c0ac" testListId="8c84fa94-04c1-424b-9868-57a2d4851a1d" />
    <TestEntry testId="ecefef35-6686-837e-5061-bcb9badf51b3" executionId="1aca2b3b-5554-4ec4-ac4c-72210a691fa9" testListId="8c84fa94-04c1-424b-9868-57a2d4851a1d" />
    <TestEntry testId="c989053d-c573-450d-6001-a75cbe93e089" executionId="a6e97c61-f825-4826-bac6-c05ff19b7eb4" testListId="8c84fa94-04c1-424b-9868-57a2d4851a1d" />
    <TestEntry testId="4cc9a860-8c52-40a5-a7c1-0a80270c71a6" executionId="8c42b6d8-5855-4473-8a90-839bc66ebbeb" testListId="8c84fa94-04c1-424b-9868-57a2d4851a1d" />
    <TestEntry testId="2ae061eb-7306-c193-04ca-269456b3b20b" executionId="2e343b79-e45d-467b-a207-cccc1c43458d" testListId="8c84fa94-04c1-424b-9868-57a2d4851a1d" />
    <TestEntry testId="7ba81b36-e120-9974-bbd1-63dae796d45c" executionId="6320f2a0-1db4-44db-b83b-ea199e39001a" testListId="8c84fa94-04c1-424b-9868-57a2d4851a1d" />
    <TestEntry testId="cd1fce0e-40f1-2613-4ea2-fe4efaae7320" executionId="bf3f6979-be4b-4fbc-b1fd-723fd47ec918" testListId="8c84fa94-04c1-424b-9868-57a2d4851a1d" />
    <TestEntry testId="b4887e38-5397-4610-6733-1d86030ec9ea" executionId="01319bff-c21e-406a-84d0-58ebb020cd4c" testListId="8c84fa94-04c1-424b-9868-57a2d4851a1d" />
    <TestEntry testId="56b49f4b-49b4-988e-f563-d6c88928143d" executionId="02c6ffa1-166e-4b37-a541-b7d25f7e8b4a" testListId="8c84fa94-04c1-424b-9868-57a2d4851a1d" />
    <TestEntry testId="71678dc5-b379-afbc-5607-17cbf413146c" executionId="04c0689d-4f9a-42d3-a40c-6e40a5d28681" testListId="8c84fa94-04c1-424b-9868-57a2d4851a1d" />
    <TestEntry testId="0229b587-f980-d1c2-d94e-8ed98bc221a6" executionId="26c743e2-2bca-47eb-9498-a3207a353847" testListId="8c84fa94-04c1-424b-9868-57a2d4851a1d" />
    <TestEntry testId="9fc60cd8-d419-6ed6-ac2e-164788256e59" executionId="6ac5aa01-ea9e-453c-a35d-5859c216e8cf" testListId="8c84fa94-04c1-424b-9868-57a2d4851a1d" />
    <TestEntry testId="7e4135b8-b66c-77ce-172b-34d352f16888" executionId="1ea40727-db88-42b5-a5c0-9a6b70069453" testListId="8c84fa94-04c1-424b-9868-57a2d4851a1d" />
    <TestEntry testId="a32b1b99-bbfe-b0ef-93c7-d7c83b53becf" executionId="2c6d55dd-933a-4a37-bce7-82f2f6f3494a" testListId="8c84fa94-04c1-424b-9868-57a2d4851a1d" />
    <TestEntry testId="098a6c08-89e3-c4e2-de2b-7f783c0ba1b5" executionId="92d7881b-7d15-4055-8bed-573a953c2681" testListId="8c84fa94-04c1-424b-9868-57a2d4851a1d" />
    <TestEntry testId="7490fb46-9b1e-86c6-a053-c9324b70ce91" executionId="d36c457e-0933-4736-9d0a-b63f6bbabe07" testListId="8c84fa94-04c1-424b-9868-57a2d4851a1d" />
    <TestEntry testId="a6878771-c471-f5b9-95dc-467df24cdd5b" executionId="bc4a8d95-d80e-4143-8ba7-2572ffe5cb61" testListId="8c84fa94-04c1-424b-9868-57a2d4851a1d" />
    <TestEntry testId="6c604da3-7f27-8f64-ea2d-ce727d182abb" executionId="a5833979-a19e-4660-8c98-4a269b848855" testListId="8c84fa94-04c1-424b-9868-57a2d4851a1d" />
    <TestEntry testId="069167da-f488-ff65-4a0d-a2797b191242" executionId="046f2eea-3b45-4f24-951f-6ec502e2aca6" testListId="8c84fa94-04c1-424b-9868-57a2d4851a1d" />
    <TestEntry testId="40f4c03f-760c-5f9a-0d6d-791657138d6a" executionId="dc37e420-12e2-4d41-820e-752cda9a2457" testListId="8c84fa94-04c1-424b-9868-57a2d4851a1d" />
    <TestEntry testId="34f38fc8-ae53-5e82-0417-57e4237764fa" executionId="3c34817f-c4c3-445c-bc6a-3bda6b4bb0cd" testListId="8c84fa94-04c1-424b-9868-57a2d4851a1d" />
    <TestEntry testId="9cea378d-92c3-1f1c-ce51-cbbf77aae662" executionId="79808d4e-41ef-440c-9b6b-f82fde11b705" testListId="8c84fa94-04c1-424b-9868-57a2d4851a1d" />
    <TestEntry testId="a05c6c11-7f69-6883-58ae-614dcfca1729" executionId="684103b8-d526-4c0a-bae4-3d3d28090f71" testListId="8c84fa94-04c1-424b-9868-57a2d4851a1d" />
    <TestEntry testId="c769eba8-ab90-c528-a852-a01f625e896b" executionId="35890307-2629-410f-a06c-a9cfbe81aa8b" testListId="8c84fa94-04c1-424b-9868-57a2d4851a1d" />
    <TestEntry testId="e6f60af7-eaed-5b55-816d-6d2a50c98932" executionId="4a2945c1-f8f6-4d49-89ea-e0f16a0a0e6d" testListId="8c84fa94-04c1-424b-9868-57a2d4851a1d" />
    <TestEntry testId="d80dabd7-8e57-8764-d48e-5c692bf0e881" executionId="b86a5656-4b5b-4621-850b-93a825ad3b18" testListId="8c84fa94-04c1-424b-9868-57a2d4851a1d" />
    <TestEntry testId="be961a03-49b0-93a8-a575-29626617f5f3" executionId="8bf14e43-f23f-4098-bbea-a9e2c0de7ed7" testListId="8c84fa94-04c1-424b-9868-57a2d4851a1d" />
    <TestEntry testId="b7c8b8f4-3f53-7b79-a3fb-65f51c557883" executionId="9f645c57-fc5a-4ea3-a820-86a3f00011e1" testListId="8c84fa94-04c1-424b-9868-57a2d4851a1d" />
    <TestEntry testId="dd5c672a-615a-d2df-e240-966d42055469" executionId="680ce163-ce5e-4fe6-891f-48c0ec0fdbc4" testListId="8c84fa94-04c1-424b-9868-57a2d4851a1d" />
    <TestEntry testId="6429e0d9-dcee-fed4-29f3-6b39686056fc" executionId="42382749-6baa-4256-94ae-937baaff8b3d" testListId="8c84fa94-04c1-424b-9868-57a2d4851a1d" />
    <TestEntry testId="e6b1d0c3-adf4-f12b-3a3a-a088a5d2227c" executionId="d4b39195-46f5-4b02-8142-656c819e8598" testListId="8c84fa94-04c1-424b-9868-57a2d4851a1d" />
    <TestEntry testId="379018c4-3439-ea28-2c36-3039f4766b8e" executionId="6be7548d-4b00-410a-a514-334725247097" testListId="8c84fa94-04c1-424b-9868-57a2d4851a1d" />
    <TestEntry testId="65ccfc2f-2358-a64f-fe6f-c264d332c519" executionId="3fdfbc6f-1b69-45cf-b10f-7eec76c1d433" testListId="8c84fa94-04c1-424b-9868-57a2d4851a1d" />
    <TestEntry testId="bc954cfc-79b1-8687-e8d1-aab98a75fd1a" executionId="ffc0a63a-bd13-451c-9d1e-c8f16a6fdfa7" testListId="8c84fa94-04c1-424b-9868-57a2d4851a1d" />
    <TestEntry testId="7875ceff-fafb-ef65-16f6-def9c021cbb8" executionId="d59a344c-970a-4eae-9dfb-2a7e55d5d661" testListId="8c84fa94-04c1-424b-9868-57a2d4851a1d" />
    <TestEntry testId="a01314ec-fbb5-964d-0d33-e4eebe884133" executionId="99f384a8-fe62-487e-97d2-ed9ffacfcdaf" testListId="8c84fa94-04c1-424b-9868-57a2d4851a1d" />
    <TestEntry testId="5bdb1fb9-c083-a878-8185-d4ef40939b65" executionId="ed39e7e3-cca5-4056-a199-0cc458c69b30" testListId="8c84fa94-04c1-424b-9868-57a2d4851a1d" />
    <TestEntry testId="aeefe3bf-b956-1766-ab65-91503c288180" executionId="86e2c96d-e25e-4301-82df-bf19ecd21bb1" testListId="8c84fa94-04c1-424b-9868-57a2d4851a1d" />
    <TestEntry testId="19f5bc79-d564-bb1a-c016-f7779e568c5d" executionId="b7e836dc-8857-42c6-9700-180cc86fb7f6" testListId="8c84fa94-04c1-424b-9868-57a2d4851a1d" />
    <TestEntry testId="5189465c-94b9-c0c3-eb6c-9e0dd907b71f" executionId="c9e7377e-bdf3-431c-b547-7a81daec8a86" testListId="8c84fa94-04c1-424b-9868-57a2d4851a1d" />
    <TestEntry testId="31037d5d-343e-e648-8e6e-7f15567dfff2" executionId="f1351317-d9cb-4af4-8269-726b30d69822" testListId="8c84fa94-04c1-424b-9868-57a2d4851a1d" />
    <TestEntry testId="6df8a807-c182-b8aa-45a8-8ae3c76a3ec5" executionId="5b40d7f6-60ff-46e7-878c-230b2d128a68" testListId="8c84fa94-04c1-424b-9868-57a2d4851a1d" />
    <TestEntry testId="63800d30-d6ac-f352-9000-d5ae21ee34db" executionId="9cf8d866-ebc4-4d5c-9864-e827390acc6d" testListId="8c84fa94-04c1-424b-9868-57a2d4851a1d" />
    <TestEntry testId="546fc2ea-9df5-50bd-d263-31b0a2faf8aa" executionId="8927a172-71ca-4dbe-8ff5-3c8af4304fcc" testListId="8c84fa94-04c1-424b-9868-57a2d4851a1d" />
    <TestEntry testId="c6aaa130-65a2-a877-78a2-df837cd09244" executionId="aa15cfdc-26b7-4a33-9f4c-a7a5db5ba76a" testListId="8c84fa94-04c1-424b-9868-57a2d4851a1d" />
    <TestEntry testId="685e65c6-c415-f45e-d0fc-3f95f4859375" executionId="15c3a1b3-2fe8-438d-ab8d-4a66fd003331" testListId="8c84fa94-04c1-424b-9868-57a2d4851a1d" />
    <TestEntry testId="d5f63a3d-0bec-c5aa-6fdf-b4d0492c062a" executionId="1bd5c209-e383-470d-892e-360f3118fe00" testListId="8c84fa94-04c1-424b-9868-57a2d4851a1d" />
    <TestEntry testId="ce8c4658-51b9-647a-8bb3-9c2995dd5a3c" executionId="e097b7f4-9d28-4047-87d9-307853f13f63" testListId="8c84fa94-04c1-424b-9868-57a2d4851a1d" />
    <TestEntry testId="a488094a-b6b5-d178-8919-9dcf3be59209" executionId="b63d6b57-c18a-42d2-9d7a-cb33c629e39a" testListId="8c84fa94-04c1-424b-9868-57a2d4851a1d" />
    <TestEntry testId="199abf60-5b5b-94b6-b04f-a3e4d911fd34" executionId="9ab8cda3-b239-4e04-a118-4c1dcf56a59d" testListId="8c84fa94-04c1-424b-9868-57a2d4851a1d" />
    <TestEntry testId="2f906df4-9555-6f9b-9ae5-24f39050321b" executionId="5f00763f-82ea-46b6-b98f-2c3735794c6c" testListId="8c84fa94-04c1-424b-9868-57a2d4851a1d" />
    <TestEntry testId="21bcc043-da28-367a-c1fb-9490833f1b89" executionId="11666f57-8076-4c7a-b421-a2f20a2f07b1" testListId="8c84fa94-04c1-424b-9868-57a2d4851a1d" />
    <TestEntry testId="8abb9da4-977b-effb-b6fc-988ee16d7ff4" executionId="6e5e9fef-e0eb-4e00-89e6-96167b077882" testListId="8c84fa94-04c1-424b-9868-57a2d4851a1d" />
    <TestEntry testId="ee6fca60-0e04-b997-dc4d-b3e46cbf895c" executionId="aa8c47b1-a0ba-4f65-9016-8bf752c6e1d4" testListId="8c84fa94-04c1-424b-9868-57a2d4851a1d" />
    <TestEntry testId="9c48ba54-1163-2299-84d2-c7df2b4c3889" executionId="35ba526b-ebec-4d0b-8f14-b876fc18e4c5" testListId="8c84fa94-04c1-424b-9868-57a2d4851a1d" />
    <TestEntry testId="43552c47-f44b-17a4-1647-f8068fe18052" executionId="2a09ae3b-b9d8-4af0-b7a2-56e560887b29" testListId="8c84fa94-04c1-424b-9868-57a2d4851a1d" />
    <TestEntry testId="10d9efba-c25c-4837-b4ca-c51dd97ac398" executionId="793f6f45-6e5d-48bf-9dfd-f0eec88ee0fb" testListId="8c84fa94-04c1-424b-9868-57a2d4851a1d" />
    <TestEntry testId="3d8d8c47-dc22-599d-26af-f64601981b29" executionId="97d4db5d-eaf9-403f-bd9c-123d72bb3259" testListId="8c84fa94-04c1-424b-9868-57a2d4851a1d" />
    <TestEntry testId="5234899e-b699-a182-8741-15341fb350c8" executionId="f71a2dbe-5a26-4c6e-8ce5-b461dddb6222" testListId="8c84fa94-04c1-424b-9868-57a2d4851a1d" />
    <TestEntry testId="b54d2807-218d-96e0-fe0e-06e67796eaa7" executionId="010a0a56-fe91-4078-ace4-6678e409b442" testListId="8c84fa94-04c1-424b-9868-57a2d4851a1d" />
    <TestEntry testId="dd25fada-bd11-6a30-c38c-abafcc1ac188" executionId="280f2103-7428-4d13-b0a3-ad8b37ccae9b" testListId="8c84fa94-04c1-424b-9868-57a2d4851a1d" />
    <TestEntry testId="d010d6f6-5302-e7a6-bd9d-f255dac3cdb8" executionId="3b458b4d-2764-4a02-9169-01b74bf428a1" testListId="8c84fa94-04c1-424b-9868-57a2d4851a1d" />
    <TestEntry testId="958c8c55-b3b0-31c1-8935-1d44afe5a8c0" executionId="a1fb885f-631a-4fc6-879a-99668b30b83e" testListId="8c84fa94-04c1-424b-9868-57a2d4851a1d" />
    <TestEntry testId="032648fc-0fdc-1a5c-ef88-d85403381c03" executionId="69520fe4-116d-453f-82c5-686fce14108f" testListId="8c84fa94-04c1-424b-9868-57a2d4851a1d" />
    <TestEntry testId="f2705aac-0fab-25bd-44fc-31cfea9f5c9a" executionId="ee0bdf2f-a09c-47dc-9299-d7301310082e" testListId="8c84fa94-04c1-424b-9868-57a2d4851a1d" />
    <TestEntry testId="5372d0c3-7454-6ed0-3140-c46dbf17af10" executionId="ffc2685a-3954-4503-b588-fb58794b60d4" testListId="8c84fa94-04c1-424b-9868-57a2d4851a1d" />
    <TestEntry testId="cdb063aa-c8f9-b0b9-d5b0-6f880917f1b4" executionId="dfc72ef3-fa44-4206-85df-c03b95d2e8da" testListId="8c84fa94-04c1-424b-9868-57a2d4851a1d" />
    <TestEntry testId="46b6b18f-a15f-ce32-4811-dbc67f87e551" executionId="8e2bf8da-3da7-4b3f-89db-b6c3bf9a0fef" testListId="8c84fa94-04c1-424b-9868-57a2d4851a1d" />
    <TestEntry testId="d61c5a24-3052-33c6-809a-bcd51f433ccc" executionId="8e33d662-7fb1-447e-a464-26e61c36e2ea" testListId="8c84fa94-04c1-424b-9868-57a2d4851a1d" />
    <TestEntry testId="c11f5a85-86bf-cab1-9d9a-33069c6ff139" executionId="42a5c678-98ff-45ba-ac56-3bdc2a20337c" testListId="8c84fa94-04c1-424b-9868-57a2d4851a1d" />
    <TestEntry testId="0ad74e44-881e-9461-7e6f-381a5cc80df0" executionId="e35c38aa-c68a-485b-9775-ea2b73a8f189" testListId="8c84fa94-04c1-424b-9868-57a2d4851a1d" />
    <TestEntry testId="4e103de3-4b59-b5f0-90dd-0864019a3e44" executionId="fedff693-1927-4294-b41f-dd3d5346d788" testListId="8c84fa94-04c1-424b-9868-57a2d4851a1d" />
    <TestEntry testId="9006b827-71f8-1e68-78c8-d64e06e75b19" executionId="5bd7eef5-2219-4476-a9d7-4fcbbd71ad67" testListId="8c84fa94-04c1-424b-9868-57a2d4851a1d" />
    <TestEntry testId="8a34d143-fbd5-8061-22f1-4fab44554570" executionId="59260aed-f1ab-45d4-b0cb-ccfcecf98da2" testListId="8c84fa94-04c1-424b-9868-57a2d4851a1d" />
    <TestEntry testId="25c75db4-22d0-52b7-8169-fe8bfa7112f2" executionId="82015cbf-3ff9-419f-8e15-4fb1ffa954d1" testListId="8c84fa94-04c1-424b-9868-57a2d4851a1d" />
    <TestEntry testId="3222b798-5ed7-0031-3bc4-2349d5773662" executionId="f1d8f1a9-a9f4-40a9-b9e7-7fdb5442b31f" testListId="8c84fa94-04c1-424b-9868-57a2d4851a1d" />
    <TestEntry testId="1f8c3026-17e4-68c3-c899-dd2458b787d5" executionId="b70a3a55-fcd2-4483-8b72-086d965851a2" testListId="8c84fa94-04c1-424b-9868-57a2d4851a1d" />
    <TestEntry testId="dc6fc325-7591-5ff6-3e13-ef3b13583bb4" executionId="41d6ad74-977e-439e-836b-08026c718f94" testListId="8c84fa94-04c1-424b-9868-57a2d4851a1d" />
    <TestEntry testId="e39abc6e-a339-e385-747c-5c151d68fdc6" executionId="35f11c64-74bd-40a9-96ce-78a2200acfa5" testListId="8c84fa94-04c1-424b-9868-57a2d4851a1d" />
    <TestEntry testId="40bf488b-c6ae-b189-e7b5-8aa7dd656fea" executionId="96ad7c35-e745-45d8-9837-5cf069cd931f" testListId="8c84fa94-04c1-424b-9868-57a2d4851a1d" />
    <TestEntry testId="cf776b29-1018-5167-38d5-0aac7593edc5" executionId="5ae1ba99-7c2a-47a9-b244-e66064be9768" testListId="8c84fa94-04c1-424b-9868-57a2d4851a1d" />
    <TestEntry testId="7904b819-04ff-ce91-7814-899d505d8f94" executionId="8d4c0aa0-acbb-47bf-8c3b-9996fe580ad2" testListId="8c84fa94-04c1-424b-9868-57a2d4851a1d" />
    <TestEntry testId="605c2bc0-4496-0f02-aeff-a229323c4be4" executionId="fa61e39c-4a14-45ab-b9ba-c12e6d96fa25" testListId="8c84fa94-04c1-424b-9868-57a2d4851a1d" />
    <TestEntry testId="f3dbad6e-a998-4f0d-7c83-23b7bc70f023" executionId="dc208d16-1106-4af0-ab20-23bfd0ef496c" testListId="8c84fa94-04c1-424b-9868-57a2d4851a1d" />
    <TestEntry testId="1a501163-ddde-3471-133e-1552ff82f851" executionId="cc63bf22-fd5c-445f-aec3-593889ad67f9" testListId="8c84fa94-04c1-424b-9868-57a2d4851a1d" />
    <TestEntry testId="3b6adeb2-dcf4-fb95-f3e8-26dcad169d8e" executionId="cd894c24-0d54-4f14-a93b-e84544018127" testListId="8c84fa94-04c1-424b-9868-57a2d4851a1d" />
    <TestEntry testId="f557024d-69b9-3152-827e-4e57b8d0868d" executionId="dd59e3ea-ab7d-4450-9152-473b42eaff32" testListId="8c84fa94-04c1-424b-9868-57a2d4851a1d" />
    <TestEntry testId="f33cb892-3679-fe31-40d8-b78f43a0c80f" executionId="5d4abf3d-fb27-4140-b05a-184cf6df2c2b" testListId="8c84fa94-04c1-424b-9868-57a2d4851a1d" />
    <TestEntry testId="5e8a64ef-fabe-5bbf-4739-e9cf8ccf2ee0" executionId="797d53e5-3db0-42fb-9692-8ddea2d63aab" testListId="8c84fa94-04c1-424b-9868-57a2d4851a1d" />
    <TestEntry testId="c3298b2d-9863-1896-98e3-77805a105e1c" executionId="0126f007-7f8c-4365-b95e-05fca0e49780" testListId="8c84fa94-04c1-424b-9868-57a2d4851a1d" />
    <TestEntry testId="f9c4ace8-7c88-3dcb-8c8b-9f280e8b25b8" executionId="76bfeb8a-df13-48dc-ae5f-db01bc69dd20" testListId="8c84fa94-04c1-424b-9868-57a2d4851a1d" />
    <TestEntry testId="4dcd9f65-678f-d51c-9e07-bf80dcaf54a4" executionId="5b67aae5-e5f9-49d1-a826-c170a842d174" testListId="8c84fa94-04c1-424b-9868-57a2d4851a1d" />
    <TestEntry testId="32010eb0-88b3-7f9e-a459-fb524fc932d7" executionId="988096f3-1d32-49cd-89e0-ec1870d4a02a" testListId="8c84fa94-04c1-424b-9868-57a2d4851a1d" />
    <TestEntry testId="6320276e-3624-3a1c-7afd-537de60f89db" executionId="241b2b7e-2ad1-4ce8-ab57-a731ba9ec4a2" testListId="8c84fa94-04c1-424b-9868-57a2d4851a1d" />
    <TestEntry testId="dbb1fa1a-a5ee-99ca-9749-48d31eb98113" executionId="4e9b4600-c9ab-4efb-b277-599b7086fa5f" testListId="8c84fa94-04c1-424b-9868-57a2d4851a1d" />
    <TestEntry testId="eae9a8da-630f-ea44-decf-a8ef3a38d81d" executionId="79284426-b0cd-4d10-bb7d-fd5c38db6122" testListId="8c84fa94-04c1-424b-9868-57a2d4851a1d" />
    <TestEntry testId="70f1979c-5fec-f41c-4467-96ed1c16b145" executionId="dee71d2d-93e7-462e-97a0-323f182d51b4" testListId="8c84fa94-04c1-424b-9868-57a2d4851a1d" />
    <TestEntry testId="7146296d-c8e1-b13f-44e4-16f25fa9af9d" executionId="720b3546-33ac-4f8b-9132-653d46218fe7" testListId="8c84fa94-04c1-424b-9868-57a2d4851a1d" />
    <TestEntry testId="f49abb46-6157-b05f-1fad-c8a20a256f62" executionId="5131d812-d79f-4304-b0a0-aa95715b2f4b" testListId="8c84fa94-04c1-424b-9868-57a2d4851a1d" />
    <TestEntry testId="7806c973-d637-45cf-930a-0b315d29c540" executionId="15e82e6c-0f0c-49cc-ac37-74d33127e777" testListId="8c84fa94-04c1-424b-9868-57a2d4851a1d" />
    <TestEntry testId="03f880df-4361-699a-9da6-4d3bc3d9d5a7" executionId="e1e5fd02-4919-4be5-9b3d-9f76c70b1271" testListId="8c84fa94-04c1-424b-9868-57a2d4851a1d" />
    <TestEntry testId="28ae16d9-787d-277c-8346-a2bcbe4da144" executionId="6335b43c-7271-44c0-bc18-89974028cff3" testListId="8c84fa94-04c1-424b-9868-57a2d4851a1d" />
    <TestEntry testId="99e6fef3-9023-2c5a-5c8b-926a855c5d84" executionId="c2c28e6f-2e47-4918-9994-2929e49b60b7" testListId="8c84fa94-04c1-424b-9868-57a2d4851a1d" />
    <TestEntry testId="92fd78dd-20f7-b708-0603-1911a96c9737" executionId="df3d37ce-29ad-4ac1-9d31-e3781b53a383" testListId="8c84fa94-04c1-424b-9868-57a2d4851a1d" />
    <TestEntry testId="1476985a-ce79-252c-fc82-6cfb05e64152" executionId="ff0d28ec-ec4b-4d1a-87ac-00bfb7ebe4fc" testListId="8c84fa94-04c1-424b-9868-57a2d4851a1d" />
    <TestEntry testId="cab5d10f-8cae-8dfd-3b1b-219e11cb76ab" executionId="0c8bfd6c-369e-4389-82ac-5e39d94e2972" testListId="8c84fa94-04c1-424b-9868-57a2d4851a1d" />
    <TestEntry testId="379512c8-8994-594d-a3c0-6d675c1d8949" executionId="c9259e6c-83f8-423a-8792-4de27c7aad41" testListId="8c84fa94-04c1-424b-9868-57a2d4851a1d" />
    <TestEntry testId="7e773498-17b4-9b46-23f5-2783933d2759" executionId="e8d32d1c-b6bc-433f-8327-6860db7a2b1d" testListId="8c84fa94-04c1-424b-9868-57a2d4851a1d" />
    <TestEntry testId="113c211f-ff70-231a-7b9d-03413cd134d7" executionId="2af120d0-0f2e-4d7a-bd97-1e68848b26b8" testListId="8c84fa94-04c1-424b-9868-57a2d4851a1d" />
    <TestEntry testId="3490543a-9aad-4d93-690a-aa8da10d1845" executionId="f12057c7-d6c3-48ef-8823-2a4b7a2f856d" testListId="8c84fa94-04c1-424b-9868-57a2d4851a1d" />
    <TestEntry testId="a1a0ba31-d02b-8245-607c-82258ff29354" executionId="2e971bfb-bc90-41fb-a27c-62684df725c6" testListId="8c84fa94-04c1-424b-9868-57a2d4851a1d" />
    <TestEntry testId="04eed3c3-572e-20dc-ebe7-5f007fb379ab" executionId="0af48c33-4575-47a2-a7a1-f39d636d8a7b" testListId="8c84fa94-04c1-424b-9868-57a2d4851a1d" />
    <TestEntry testId="cbe7ad88-c615-fcac-7be4-3d317fe5861e" executionId="322753c4-d2fc-458f-b1f6-4b5fe463a608" testListId="8c84fa94-04c1-424b-9868-57a2d4851a1d" />
    <TestEntry testId="6fa66cd3-3174-5023-d80b-ce9981bfadfc" executionId="5f3b95b4-6ab3-4685-a433-4764b979ae4b" testListId="8c84fa94-04c1-424b-9868-57a2d4851a1d" />
    <TestEntry testId="0741a97b-fe60-742a-1f50-b38d8a9cae33" executionId="969bd330-0d51-4fe4-8edd-bb1b51701f39" testListId="8c84fa94-04c1-424b-9868-57a2d4851a1d" />
    <TestEntry testId="a71dfd40-e5c3-4b5b-03e3-172683e7a4a4" executionId="420cafb4-e426-4028-a065-f3d8f19b2cae" testListId="8c84fa94-04c1-424b-9868-57a2d4851a1d" />
    <TestEntry testId="bb5a2e9a-5cdb-f48d-dc56-2c3c111c851a" executionId="ff1e68dc-3976-407f-8862-4711bca3c415" testListId="8c84fa94-04c1-424b-9868-57a2d4851a1d" />
    <TestEntry testId="b707b6dd-6efb-76f3-be89-5a3ace5192c9" executionId="bd244985-859a-45fd-b7ba-960b8274b484" testListId="8c84fa94-04c1-424b-9868-57a2d4851a1d" />
    <TestEntry testId="e2ca2857-33e4-4daa-d2e9-09d09dfdba1f" executionId="3f0555d2-bfd7-4e92-ad42-38ef41c01712" testListId="8c84fa94-04c1-424b-9868-57a2d4851a1d" />
    <TestEntry testId="fecd618d-f97f-f547-1637-5166bd092d76" executionId="228233e0-337f-4ebe-bc1d-586a66cf35f9" testListId="8c84fa94-04c1-424b-9868-57a2d4851a1d" />
    <TestEntry testId="6348b4b0-49f7-9204-9791-fbfe727cb8b8" executionId="7a7ad369-d307-4249-9d7b-4d23dce96c9f" testListId="8c84fa94-04c1-424b-9868-57a2d4851a1d" />
    <TestEntry testId="39e2492b-a588-79ac-add5-4d0176982180" executionId="3197b906-6222-4933-ac93-72c1976c2ac1" testListId="8c84fa94-04c1-424b-9868-57a2d4851a1d" />
    <TestEntry testId="d97cfe1a-5414-3b7f-eeae-c71aa9b34634" executionId="dbb8f803-7167-426a-85dc-3d193982980a" testListId="8c84fa94-04c1-424b-9868-57a2d4851a1d" />
    <TestEntry testId="a4b13a66-9eee-466b-b0fc-fbf88e46d5b1" executionId="a1a22f3a-d262-4ddd-8fa3-06c95cbcf58e" testListId="8c84fa94-04c1-424b-9868-57a2d4851a1d" />
    <TestEntry testId="2adcf87c-7078-5286-2ca1-778b501cd9f7" executionId="00a14999-ff41-4ca9-85dd-20bb151f2bdc" testListId="8c84fa94-04c1-424b-9868-57a2d4851a1d" />
    <TestEntry testId="f1dc036c-9edd-e200-4e53-f62b2f9452ea" executionId="bf63545f-4bc7-4470-b793-f911bf858f86" testListId="8c84fa94-04c1-424b-9868-57a2d4851a1d" />
    <TestEntry testId="979cd04b-5e93-d632-87b5-a20161444816" executionId="05638fbc-2f28-462b-85e5-20b0229cfb2b" testListId="8c84fa94-04c1-424b-9868-57a2d4851a1d" />
    <TestEntry testId="ef53e72d-a746-f7fd-4dfa-41ab2ce4fb60" executionId="c9e72be4-2e0a-4c2e-8c89-708536c9fac4" testListId="8c84fa94-04c1-424b-9868-57a2d4851a1d" />
    <TestEntry testId="c1a27935-5451-ecaa-f0f8-7b140e2bc422" executionId="328de68d-314d-4082-b4a5-88576cd27ef3" testListId="8c84fa94-04c1-424b-9868-57a2d4851a1d" />
    <TestEntry testId="8ea3fac0-98e6-cacb-3107-71ef474d1509" executionId="c25de716-b857-4fe2-bd68-e1a4e3338490" testListId="8c84fa94-04c1-424b-9868-57a2d4851a1d" />
    <TestEntry testId="7c3bd97a-a125-9200-b1f2-a28a2e7a05fe" executionId="e48e098c-6441-4681-8819-e9c4d98fb71c" testListId="8c84fa94-04c1-424b-9868-57a2d4851a1d" />
    <TestEntry testId="1ea77442-f3cd-edae-4255-8405196cf08f" executionId="5a10a375-c4cf-4c3c-b5d3-bb9c5a4d58c9" testListId="8c84fa94-04c1-424b-9868-57a2d4851a1d" />
    <TestEntry testId="17734bbb-2d3a-adb5-e319-0683f12164eb" executionId="2b3de5a9-4a8e-4ee7-937a-426083f020c7" testListId="8c84fa94-04c1-424b-9868-57a2d4851a1d" />
    <TestEntry testId="3f7d9e9c-5ad3-f161-b9fe-a5f6a9ab40b4" executionId="fe556019-f9c1-4623-a953-9724ec2ae2f3" testListId="8c84fa94-04c1-424b-9868-57a2d4851a1d" />
    <TestEntry testId="a6621eb8-15a7-fc8e-d862-31d4f5bc69d0" executionId="c3e11700-97eb-4b40-9be5-77a3a4e29633" testListId="8c84fa94-04c1-424b-9868-57a2d4851a1d" />
    <TestEntry testId="942bc263-e8dd-056d-20fc-b03fc0f2fe09" executionId="91d5bdcb-424e-4ef3-a91b-f154689113c9" testListId="8c84fa94-04c1-424b-9868-57a2d4851a1d" />
    <TestEntry testId="0bdd31cf-560a-74a8-9cb0-f50b134f6e55" executionId="918ef8da-dd56-46f1-b023-16f58896f52c" testListId="8c84fa94-04c1-424b-9868-57a2d4851a1d" />
    <TestEntry testId="610377d7-39b0-f1e5-075a-04c0ff0b06a2" executionId="56a5f716-1321-4a54-a86c-b7333adf7e85" testListId="8c84fa94-04c1-424b-9868-57a2d4851a1d" />
    <TestEntry testId="23390089-a1b0-0859-3cf4-aeec4a54a63a" executionId="ee10c7bb-087c-48dd-99ad-7cd3b5736904" testListId="8c84fa94-04c1-424b-9868-57a2d4851a1d" />
    <TestEntry testId="a8b1a1f3-a70e-7194-337a-f959c6974971" executionId="2570b7ef-ecf9-439d-8473-3a3c3a1057b4" testListId="8c84fa94-04c1-424b-9868-57a2d4851a1d" />
    <TestEntry testId="fde9a5ec-e687-8abc-b728-b7fb0bfbd8d4" executionId="5c4b940b-6a1e-4953-a2fa-0ee70fca97e0" testListId="8c84fa94-04c1-424b-9868-57a2d4851a1d" />
    <TestEntry testId="efc2a789-ae09-4bb7-d172-5f2d0e3cbf23" executionId="b2a9b15f-2d68-41ef-9e10-c1006a36f6af" testListId="8c84fa94-04c1-424b-9868-57a2d4851a1d" />
    <TestEntry testId="e384d116-33c4-57e3-344d-6dd941c8a721" executionId="04603db0-549d-441b-87b7-6449b77a2246" testListId="8c84fa94-04c1-424b-9868-57a2d4851a1d" />
    <TestEntry testId="832e2e19-99a8-b743-8cd7-c0180c963ece" executionId="bc0b6015-bd18-475e-b3f3-ce3ce2ff833e" testListId="8c84fa94-04c1-424b-9868-57a2d4851a1d" />
    <TestEntry testId="39df2f5c-e533-7912-e8a8-0244d814b70f" executionId="8ac10870-6172-4c26-953f-60bc6e9c41da" testListId="8c84fa94-04c1-424b-9868-57a2d4851a1d" />
    <TestEntry testId="bf7aea95-4edb-be07-7de0-fdb7b0e337d5" executionId="97af1982-18ef-42d8-9d9e-1a84018af7ea" testListId="8c84fa94-04c1-424b-9868-57a2d4851a1d" />
    <TestEntry testId="e8dae4f6-1eb2-866f-8693-bdd69c27bed8" executionId="694ddce1-05d9-43b3-9690-e5791ed3d4a6" testListId="8c84fa94-04c1-424b-9868-57a2d4851a1d" />
    <TestEntry testId="c813b080-ad5f-d9e2-c675-1e1394f00010" executionId="5fac7ff9-771a-4cf9-a9e9-a9edead79430" testListId="8c84fa94-04c1-424b-9868-57a2d4851a1d" />
    <TestEntry testId="fa43237f-8d58-c9ec-b71e-9d381e3b47f2" executionId="ca4f07d6-392d-4fd8-8271-778d209e4037" testListId="8c84fa94-04c1-424b-9868-57a2d4851a1d" />
    <TestEntry testId="942f2440-35ec-8291-0e34-266a90087e97" executionId="7fb67ec9-41c0-4c69-96d1-9b6df4bd68c0" testListId="8c84fa94-04c1-424b-9868-57a2d4851a1d" />
    <TestEntry testId="d00dfd16-6967-b6b7-0f2f-9403bdf758f6" executionId="6df22f21-a05d-4fa8-9d71-f4983fe4a8a1" testListId="8c84fa94-04c1-424b-9868-57a2d4851a1d" />
    <TestEntry testId="a0b62237-e6b4-ed13-bf88-ac0909d8c7c4" executionId="886ac14b-e880-41a3-91db-b763f17faff2" testListId="8c84fa94-04c1-424b-9868-57a2d4851a1d" />
    <TestEntry testId="a64a893d-a7c9-f50c-de3c-debed5fa79b5" executionId="8521e963-648d-4c7f-ada5-892510b78c08" testListId="8c84fa94-04c1-424b-9868-57a2d4851a1d" />
    <TestEntry testId="7b53b99d-252e-844e-10ce-3552b8f6980f" executionId="c7f24de3-40a5-45ca-a6cb-5e42c1cb7589" testListId="8c84fa94-04c1-424b-9868-57a2d4851a1d" />
    <TestEntry testId="e38d99c7-c0fe-6520-2d4e-c3d7dce714b0" executionId="28a4c488-485d-45da-ab42-ba58f4134ebc" testListId="8c84fa94-04c1-424b-9868-57a2d4851a1d" />
    <TestEntry testId="8184eede-89c1-758f-6b98-b1536f1bc7e0" executionId="9a915e6a-04bb-49a4-ac65-e1ab972180ca" testListId="8c84fa94-04c1-424b-9868-57a2d4851a1d" />
    <TestEntry testId="aadeeabc-272f-9cbf-16ad-69443e81df6f" executionId="f915d77d-f849-4347-927a-5bbcf758d938" testListId="8c84fa94-04c1-424b-9868-57a2d4851a1d" />
    <TestEntry testId="726ca756-5ddd-cb5f-72a7-3e3a70b8c971" executionId="eb3daaca-8b99-4765-b8d8-f6a4895b5d2a" testListId="8c84fa94-04c1-424b-9868-57a2d4851a1d" />
    <TestEntry testId="112e422e-04b2-3ba3-ad56-a1e5d3cfbd79" executionId="f876b93c-70ec-4666-8998-873b0ad4ad4c" testListId="8c84fa94-04c1-424b-9868-57a2d4851a1d" />
    <TestEntry testId="506d41c9-bfc8-bf08-1307-c55fbf29a8e5" executionId="a7ad3829-ebb9-4ee4-b438-d9fe4ef2a444" testListId="8c84fa94-04c1-424b-9868-57a2d4851a1d" />
    <TestEntry testId="fd4f7d41-f937-f359-41b7-f6b589c2bdd7" executionId="df25c5c3-d3b2-4af2-bf7f-bfa7e7367222" testListId="8c84fa94-04c1-424b-9868-57a2d4851a1d" />
    <TestEntry testId="29ce62dc-57a0-98b0-2349-436efa39dc09" executionId="14e7d907-6f03-4f0e-b75c-0fede26556cf" testListId="8c84fa94-04c1-424b-9868-57a2d4851a1d" />
    <TestEntry testId="37d70f53-ca13-79ab-c67c-fecd55be0876" executionId="8c855418-5ddb-4187-b9c0-0e1da783ceaa" testListId="8c84fa94-04c1-424b-9868-57a2d4851a1d" />
    <TestEntry testId="026ac8cf-e708-7f65-282f-a4f25298f17b" executionId="a87bdf0a-9bd2-49ce-a4fd-d5a184b92add" testListId="8c84fa94-04c1-424b-9868-57a2d4851a1d" />
    <TestEntry testId="a2324ec9-fe68-9e74-cace-8efe295e824d" executionId="edb45702-303f-4f16-87f2-f5e5f8b58acc" testListId="8c84fa94-04c1-424b-9868-57a2d4851a1d" />
    <TestEntry testId="c799afbc-d101-a624-f73a-4e94981b0f2a" executionId="4aa62b5b-b3aa-47a2-8961-e6fabdb6560c" testListId="8c84fa94-04c1-424b-9868-57a2d4851a1d" />
    <TestEntry testId="f20c73fc-7f07-e8ef-25e3-d34c7ca18877" executionId="a1f167a7-63cd-4fd0-8652-c639511a99ec" testListId="8c84fa94-04c1-424b-9868-57a2d4851a1d" />
    <TestEntry testId="bf8e531c-343c-5c0a-d3e5-66c9023885a3" executionId="b369ecad-fde2-4063-8c91-05da2e1d39ee" testListId="8c84fa94-04c1-424b-9868-57a2d4851a1d" />
    <TestEntry testId="8257a4bf-ab18-2761-6e92-b21983b2b798" executionId="e0c92fd7-c000-4970-8d0e-405f964f0ddb" testListId="8c84fa94-04c1-424b-9868-57a2d4851a1d" />
    <TestEntry testId="c8d9f475-0d2c-01ff-49f8-896beab958d5" executionId="9eed4626-877a-41e6-af36-0b6ff6c92b29" testListId="8c84fa94-04c1-424b-9868-57a2d4851a1d" />
    <TestEntry testId="9c16a4f2-9784-74bb-775d-5911328260bf" executionId="47414377-3780-4958-98f2-4ff62a4bc79a" testListId="8c84fa94-04c1-424b-9868-57a2d4851a1d" />
    <TestEntry testId="a9f22fa3-b7d2-f6d4-3197-1e8215934f1f" executionId="8ffa41a9-effc-4f65-8049-27e60e79a094" testListId="8c84fa94-04c1-424b-9868-57a2d4851a1d" />
    <TestEntry testId="b923c1df-de90-30ce-6175-be67d41806a2" executionId="f645180d-14a2-4b03-81dc-17818baab37d" testListId="8c84fa94-04c1-424b-9868-57a2d4851a1d" />
    <TestEntry testId="d2b12152-aa29-786c-7dfa-f4b6b5aa2a7e" executionId="74ac5232-cf4f-451c-a8c5-c2641a7eea20" testListId="8c84fa94-04c1-424b-9868-57a2d4851a1d" />
    <TestEntry testId="8f24487f-448e-3b5a-351c-88c069a107d6" executionId="2788d716-d89c-4574-bd5f-d128dacfbc4f" testListId="8c84fa94-04c1-424b-9868-57a2d4851a1d" />
    <TestEntry testId="5c165fdb-5b2a-6ca5-1c7a-4f504d003e95" executionId="19672731-bc09-48e3-86e8-da8f029a3f9f" testListId="8c84fa94-04c1-424b-9868-57a2d4851a1d" />
    <TestEntry testId="ea0b7c7a-ce24-46f7-0862-63029307593e" executionId="47e2cc3b-bfb5-40c8-817a-1d08918a3185" testListId="8c84fa94-04c1-424b-9868-57a2d4851a1d" />
    <TestEntry testId="b9452443-27e0-9ab0-1723-70a405c1b43f" executionId="e997e361-f11e-4bc5-9aa2-70a5b0688ebb" testListId="8c84fa94-04c1-424b-9868-57a2d4851a1d" />
    <TestEntry testId="45d434bd-96d2-7ca0-c594-4cf5e3f89416" executionId="2d047afa-3f21-4ad0-ba6c-a46b03d0aadf" testListId="8c84fa94-04c1-424b-9868-57a2d4851a1d" />
    <TestEntry testId="6a5dc4fe-eaa1-ef57-2e33-6170c4a0ea22" executionId="9602f4ff-7d4d-4e5e-ab36-2612faf90d3f" testListId="8c84fa94-04c1-424b-9868-57a2d4851a1d" />
    <TestEntry testId="ed2b1e2d-f079-ec9f-030f-6c4deaa52702" executionId="afb5170d-7008-413e-89b6-261dfb9f768f" testListId="8c84fa94-04c1-424b-9868-57a2d4851a1d" />
    <TestEntry testId="705f4fef-5f3d-03f1-6410-c3ee16921998" executionId="1c6d56ce-2423-4203-96b9-94e4d4f1c2c9" testListId="8c84fa94-04c1-424b-9868-57a2d4851a1d" />
    <TestEntry testId="ddcae2eb-b1a6-813a-a49c-5333a490205e" executionId="ba19e83e-e26e-424b-b67d-c11b3ae01372" testListId="8c84fa94-04c1-424b-9868-57a2d4851a1d" />
    <TestEntry testId="c2833739-846c-dde5-0033-1a2de8fc4d5a" executionId="c4fca8c8-ef78-4b00-b6ad-eb6b64de1d94" testListId="8c84fa94-04c1-424b-9868-57a2d4851a1d" />
    <TestEntry testId="9a937ae8-d764-8210-812b-522cffbf8c6f" executionId="1ef28c7d-8f58-4f49-bc99-6f9bd140d480" testListId="8c84fa94-04c1-424b-9868-57a2d4851a1d" />
    <TestEntry testId="b5f26849-7f95-8deb-3e82-07db33467afb" executionId="ec5db254-9842-49b4-8545-fe49358fb250" testListId="8c84fa94-04c1-424b-9868-57a2d4851a1d" />
    <TestEntry testId="632ea7a5-ff19-c828-ab06-71f1c1ae0c57" executionId="446cf848-0322-4a7d-850a-2bcbf6c6a9bd" testListId="8c84fa94-04c1-424b-9868-57a2d4851a1d" />
    <TestEntry testId="b8f799c6-5cbe-3da8-b8f8-1ee56d7fcf02" executionId="9027a513-e6ad-4cfa-8578-ce30d30764e4" testListId="8c84fa94-04c1-424b-9868-57a2d4851a1d" />
    <TestEntry testId="1ea79024-ef1b-d483-be8e-220bc24bf693" executionId="1b37d3eb-1cd2-4980-8031-2d9514d3d653" testListId="8c84fa94-04c1-424b-9868-57a2d4851a1d" />
    <TestEntry testId="b09e548c-5a83-3ac9-fa3f-e5118e38e1d9" executionId="3f5b723c-a1e9-4ae2-ac3d-c6a6c70efde8" testListId="8c84fa94-04c1-424b-9868-57a2d4851a1d" />
    <TestEntry testId="ea6215af-9f7a-dfd2-1e42-d16863c438d5" executionId="2795d282-c70b-4bd8-a776-176d4f62c451" testListId="8c84fa94-04c1-424b-9868-57a2d4851a1d" />
    <TestEntry testId="80ed38c5-93c8-ab9c-2988-31b35fec47a3" executionId="a48d5156-0b83-405b-b317-53935626edb0" testListId="8c84fa94-04c1-424b-9868-57a2d4851a1d" />
    <TestEntry testId="341610ea-9bd8-25a4-90fc-740a57823f92" executionId="949ed853-091f-4c0d-8c78-cf33fb174bf6" testListId="8c84fa94-04c1-424b-9868-57a2d4851a1d" />
    <TestEntry testId="5ad0e86b-2487-b287-bce1-03b910ce35db" executionId="6ff2d54c-4de4-44c7-bb5b-dea3087b0e58" testListId="8c84fa94-04c1-424b-9868-57a2d4851a1d" />
    <TestEntry testId="0cd42206-2d45-5b61-2055-2525f417141b" executionId="cebdde26-656e-485b-a7cf-5da1fde49893" testListId="8c84fa94-04c1-424b-9868-57a2d4851a1d" />
    <TestEntry testId="84912826-9a40-9d59-76ff-2b9288e04c5b" executionId="0ea82b09-cfe7-4b84-bf74-b30af988d281" testListId="8c84fa94-04c1-424b-9868-57a2d4851a1d" />
    <TestEntry testId="2d12ad1b-0cfb-a7f2-de41-7d109965ff4a" executionId="a7797daf-3bc0-448f-a9da-85932f07fd28" testListId="8c84fa94-04c1-424b-9868-57a2d4851a1d" />
    <TestEntry testId="92e23589-82d8-4d27-764e-fa018e45b747" executionId="b4f30509-521b-43ce-9753-71d3424f4866" testListId="8c84fa94-04c1-424b-9868-57a2d4851a1d" />
    <TestEntry testId="5fffab77-5cc8-a871-bcdb-d0b800ab8840" executionId="72fca8ba-d337-4bd9-ad04-0140cea187f0" testListId="8c84fa94-04c1-424b-9868-57a2d4851a1d" />
    <TestEntry testId="092c2603-fe15-2655-d7c6-015786763712" executionId="ffc35feb-61b9-4b35-899b-234159376b98" testListId="8c84fa94-04c1-424b-9868-57a2d4851a1d" />
    <TestEntry testId="85867aba-850c-5842-e811-a641ca5889cf" executionId="94130857-92ea-4ac8-b05e-2b430a32b356" testListId="8c84fa94-04c1-424b-9868-57a2d4851a1d" />
    <TestEntry testId="67f8d8e0-1fb7-7817-1ba6-6557149ef676" executionId="c7082718-8c84-44c0-9867-fbeb4424357f" testListId="8c84fa94-04c1-424b-9868-57a2d4851a1d" />
    <TestEntry testId="4b65b228-f0fd-3e1d-e2c9-95f312b6aeb7" executionId="4bdce348-91a4-4880-bacb-aa7c215a313b" testListId="8c84fa94-04c1-424b-9868-57a2d4851a1d" />
    <TestEntry testId="4c3c57ae-2e5c-e5eb-314a-7aa532a2bb5e" executionId="2ec991e9-1bfd-4772-900c-d1534721cf34" testListId="8c84fa94-04c1-424b-9868-57a2d4851a1d" />
    <TestEntry testId="4b28edc9-10aa-dd25-05d6-efbec430bd7a" executionId="c586fcea-f1a9-466e-8a06-741e92540e60" testListId="8c84fa94-04c1-424b-9868-57a2d4851a1d" />
    <TestEntry testId="a9bdfcdb-7bc0-3167-07a5-dafa13fc5389" executionId="c11daae0-1db7-4c2c-9f41-a8402a37b802" testListId="8c84fa94-04c1-424b-9868-57a2d4851a1d" />
    <TestEntry testId="2be600d2-247c-9e20-d84c-921afba648ed" executionId="2e2cf79d-563a-480b-ac18-a6ea0dd6c17b" testListId="8c84fa94-04c1-424b-9868-57a2d4851a1d" />
    <TestEntry testId="9a5250b7-62e0-de5b-0bd3-c2b7c7798ce7" executionId="ecc2128d-649d-4d52-976a-24a6ce8fe201" testListId="8c84fa94-04c1-424b-9868-57a2d4851a1d" />
    <TestEntry testId="b2708039-2d5c-fb09-5f56-062d0cb9067a" executionId="ab7047c6-f508-4501-9983-3c94e7d39399" testListId="8c84fa94-04c1-424b-9868-57a2d4851a1d" />
    <TestEntry testId="19309037-483b-d4c8-73ea-f8f351cef324" executionId="444507b1-8eca-4f97-9b7b-39da75464226" testListId="8c84fa94-04c1-424b-9868-57a2d4851a1d" />
    <TestEntry testId="803aabd0-814c-fa5a-ba0b-84820a2be95d" executionId="6096ca3a-c169-41db-a7b5-9c34664a5345" testListId="8c84fa94-04c1-424b-9868-57a2d4851a1d" />
    <TestEntry testId="c5316b43-7086-7b8f-266a-feedd9573c48" executionId="d6a37284-e5b2-45f1-8359-b37000b2a91f" testListId="8c84fa94-04c1-424b-9868-57a2d4851a1d" />
    <TestEntry testId="0667d290-5479-f00f-a7a0-ba550069f4d6" executionId="91406917-7fcd-4a05-9322-700d0aed7cd4" testListId="8c84fa94-04c1-424b-9868-57a2d4851a1d" />
    <TestEntry testId="55be0839-9d5f-302a-bfcf-f7926cef9841" executionId="cf0c9b52-1abb-458c-93fc-b462e75137b5" testListId="8c84fa94-04c1-424b-9868-57a2d4851a1d" />
    <TestEntry testId="71fdf905-97fb-1d5b-9602-e52da179cf3f" executionId="0476ff35-81cc-49e8-9504-46cb1833ee01" testListId="8c84fa94-04c1-424b-9868-57a2d4851a1d" />
    <TestEntry testId="1b0d351a-508f-0807-0c94-56d657ae1623" executionId="a3b45732-503a-4c17-aa5d-b0db102581ee" testListId="8c84fa94-04c1-424b-9868-57a2d4851a1d" />
    <TestEntry testId="9ef22620-233d-af50-c838-ed1dcd20ddc6" executionId="74dcbacb-b569-4e06-83ac-91eae75821af" testListId="8c84fa94-04c1-424b-9868-57a2d4851a1d" />
    <TestEntry testId="99a10c59-9aed-054b-9f26-15805af85148" executionId="319948af-11d9-4018-9810-7ae156102bed" testListId="8c84fa94-04c1-424b-9868-57a2d4851a1d" />
    <TestEntry testId="6b324d3b-5796-c056-8636-0eb49b18ead5" executionId="f00f6656-b8e3-4e6c-98dd-75d7b5a5d4d7" testListId="8c84fa94-04c1-424b-9868-57a2d4851a1d" />
    <TestEntry testId="cfb2439a-56a0-7de3-f9a2-8d326d2ccf14" executionId="0ed8d3ed-5db4-4b3c-a5e1-4aed67f4a18a" testListId="8c84fa94-04c1-424b-9868-57a2d4851a1d" />
    <TestEntry testId="07f796cc-f35b-a2f3-f99a-0213c6c6aa02" executionId="69cccef9-f334-43bf-b725-78115634e9c3" testListId="8c84fa94-04c1-424b-9868-57a2d4851a1d" />
    <TestEntry testId="95fed375-7969-3fff-ac7b-e41adca485dd" executionId="75421656-8234-409a-a490-6cd32d79c48b" testListId="8c84fa94-04c1-424b-9868-57a2d4851a1d" />
    <TestEntry testId="9ee728ab-0056-dd90-bcfe-6425ccab758e" executionId="c503c04a-d6f7-4929-a327-c962c953dcbb" testListId="8c84fa94-04c1-424b-9868-57a2d4851a1d" />
    <TestEntry testId="58d53652-da34-09db-a06d-1fae2bb18f28" executionId="2ffff34f-f7a2-4a30-8855-5f1a6acd23ca" testListId="8c84fa94-04c1-424b-9868-57a2d4851a1d" />
    <TestEntry testId="7b7d00bb-4c5b-d8fb-b3ca-8abd900cc00f" executionId="6a2b1624-3487-458f-b5e3-3c1b867a3d6a" testListId="8c84fa94-04c1-424b-9868-57a2d4851a1d" />
    <TestEntry testId="41ef5fd9-da1d-a61b-4faa-45b077dd05bc" executionId="9b814667-4796-453d-a479-d071185808be" testListId="8c84fa94-04c1-424b-9868-57a2d4851a1d" />
    <TestEntry testId="0bcee855-d67d-6b06-b494-da6df454ba12" executionId="07118b35-5448-4a5e-a600-4da511fcfcd7" testListId="8c84fa94-04c1-424b-9868-57a2d4851a1d" />
    <TestEntry testId="95fa357e-9359-c839-8ff3-f046c9e30487" executionId="54471b7f-a884-47e4-bb6e-d5d76c9dff63" testListId="8c84fa94-04c1-424b-9868-57a2d4851a1d" />
    <TestEntry testId="092813bc-e54e-6f29-9d2b-192db0d76045" executionId="55170902-0d28-409b-95d9-060cb1d73d70" testListId="8c84fa94-04c1-424b-9868-57a2d4851a1d" />
    <TestEntry testId="c9bdc46f-9c2d-d658-e774-72448865739f" executionId="01f6c99b-a80c-407c-9b82-06152964b60e" testListId="8c84fa94-04c1-424b-9868-57a2d4851a1d" />
    <TestEntry testId="21c3231d-e912-0f46-5fbf-421ff3f2435e" executionId="9882c38e-7fe3-4357-b151-02ad0d1260e7" testListId="8c84fa94-04c1-424b-9868-57a2d4851a1d" />
    <TestEntry testId="bbb038e9-9a9b-9724-0ae6-d339784c9041" executionId="c6fae7e9-6edd-4f24-8674-6752f9a72bb9" testListId="8c84fa94-04c1-424b-9868-57a2d4851a1d" />
    <TestEntry testId="2e664e3e-5b40-d901-9f2b-e816fa56a993" executionId="9d69c0e2-b867-4270-8ec6-daf35bd73fc0" testListId="8c84fa94-04c1-424b-9868-57a2d4851a1d" />
    <TestEntry testId="e16968dc-e551-2d79-073b-6318cfa896ba" executionId="fb090a1e-bc14-4e4f-aff8-e8a68dd9bd53" testListId="8c84fa94-04c1-424b-9868-57a2d4851a1d" />
    <TestEntry testId="a6da1f0c-9d53-8f1b-60d6-c520ee89e7a7" executionId="635cbb89-2c4d-4dfc-8499-df740abb8bfd" testListId="8c84fa94-04c1-424b-9868-57a2d4851a1d" />
    <TestEntry testId="764dde41-f2ed-c432-64e0-910368db710d" executionId="412ca952-e4ef-4c7b-a32a-72497f1b79bb" testListId="8c84fa94-04c1-424b-9868-57a2d4851a1d" />
    <TestEntry testId="826ac225-455e-4413-4415-8bc54c5b4d09" executionId="4a37ae9e-2849-4f19-b99c-ce23ccab2ca5" testListId="8c84fa94-04c1-424b-9868-57a2d4851a1d" />
    <TestEntry testId="57f0eaa3-633d-272b-64dc-58e0ae797fbb" executionId="317c9fc4-de52-4ab0-b2c1-70e30734c8e4" testListId="8c84fa94-04c1-424b-9868-57a2d4851a1d" />
    <TestEntry testId="96b3d30f-d6cb-f987-10e4-934fbe7403b3" executionId="8026b2a2-dee0-464d-b60f-bbc563c1db39" testListId="8c84fa94-04c1-424b-9868-57a2d4851a1d" />
    <TestEntry testId="55977c6e-f784-84a1-391e-15480b7266b6" executionId="23207ced-5175-4006-932c-b9d9b807bffd" testListId="8c84fa94-04c1-424b-9868-57a2d4851a1d" />
    <TestEntry testId="09dc5d9b-3822-771d-84ba-e650ae497aa7" executionId="37fe8d1f-758f-41d7-bd73-b582ab92021f" testListId="8c84fa94-04c1-424b-9868-57a2d4851a1d" />
    <TestEntry testId="5c5be749-8fc1-a0d2-2b32-3e2f32d1a7a1" executionId="eb079c1d-a663-4f2e-b494-42d1c5f10f8b" testListId="8c84fa94-04c1-424b-9868-57a2d4851a1d" />
    <TestEntry testId="73a1abc1-28a4-b23c-9ff3-4e27cf222dab" executionId="c3663780-1f24-434f-a33d-5b2d060df976" testListId="8c84fa94-04c1-424b-9868-57a2d4851a1d" />
    <TestEntry testId="c2593dce-156b-2236-a515-633fd14dda79" executionId="055ab44c-cf90-4573-87d8-fd645ee4aca4" testListId="8c84fa94-04c1-424b-9868-57a2d4851a1d" />
    <TestEntry testId="1a9a0ddf-514c-baf9-413c-22119b976aa4" executionId="e4d721c3-6b7a-4a97-80e2-60f6c4a6c92a" testListId="8c84fa94-04c1-424b-9868-57a2d4851a1d" />
    <TestEntry testId="6fe47bce-1f86-6cf6-afbe-6725ac8bf44c" executionId="c7ac9002-523e-4d9d-a0a8-b844c2554b5f" testListId="8c84fa94-04c1-424b-9868-57a2d4851a1d" />
    <TestEntry testId="83a97307-8552-7789-5b14-74a21c8cbcd2" executionId="1a636512-f9a1-4d99-98e3-854b7ca51d4b" testListId="8c84fa94-04c1-424b-9868-57a2d4851a1d" />
    <TestEntry testId="8d6414e5-4d2d-73e7-c36d-d9cbbb203e5f" executionId="958a9694-4f9f-42f9-9577-a40d01b7dfea" testListId="8c84fa94-04c1-424b-9868-57a2d4851a1d" />
    <TestEntry testId="cd871e9d-7935-e907-4a89-0e7db877a7c7" executionId="62569c06-3ec9-48ae-8632-9b55e04a4c5d" testListId="8c84fa94-04c1-424b-9868-57a2d4851a1d" />
    <TestEntry testId="c7f52afa-564d-8d59-88a3-ea1bc3790407" executionId="a1b91937-ff7d-4237-b994-9395d5743bdb" testListId="8c84fa94-04c1-424b-9868-57a2d4851a1d" />
    <TestEntry testId="333dd064-5f53-dea9-59e8-b7071262f9e7" executionId="5ae7db5d-355d-4a3e-a03b-8a1ee0ee8a35" testListId="8c84fa94-04c1-424b-9868-57a2d4851a1d" />
    <TestEntry testId="1ab663c2-4cb9-e883-e113-e7c904041e47" executionId="96544eda-b50e-4c0e-818a-aa84e4abe7b7" testListId="8c84fa94-04c1-424b-9868-57a2d4851a1d" />
    <TestEntry testId="451fafcd-e358-2a2a-0150-6d7bc1153f41" executionId="987d8a68-e4cc-427d-9727-fa8ccc329a17" testListId="8c84fa94-04c1-424b-9868-57a2d4851a1d" />
    <TestEntry testId="b9c69082-a036-d41e-d5a0-c1cde2a1d040" executionId="b3390195-fd48-4e73-bf7c-8f7063f93467" testListId="8c84fa94-04c1-424b-9868-57a2d4851a1d" />
    <TestEntry testId="64584126-c6a0-fbd7-9fe1-1a9b0d36c2b6" executionId="6cf79b79-d662-4639-b741-9e8cc8a8c9a4" testListId="8c84fa94-04c1-424b-9868-57a2d4851a1d" />
    <TestEntry testId="6b78f8da-fc12-62dc-9f88-c5e10a98f007" executionId="485b8a08-5508-4ffe-ab05-596bbafd35f3" testListId="8c84fa94-04c1-424b-9868-57a2d4851a1d" />
    <TestEntry testId="f2281ab7-ffb9-3d10-c3a8-1aa0cd2fcbfc" executionId="ccf695d7-1cb9-4b9c-bfed-f693430a8ddc" testListId="8c84fa94-04c1-424b-9868-57a2d4851a1d" />
    <TestEntry testId="c9b5631d-418b-047b-d15f-f39906c7e08b" executionId="d79f094e-2d3a-4406-a12a-3ebaadd51832" testListId="8c84fa94-04c1-424b-9868-57a2d4851a1d" />
    <TestEntry testId="314b7968-8280-3c06-cc8d-95ee97af36dd" executionId="ef643973-4550-4493-ab29-357a77b1a290" testListId="8c84fa94-04c1-424b-9868-57a2d4851a1d" />
    <TestEntry testId="b7b5c3d9-6be3-63ed-4bf9-77972c7bde14" executionId="6434a2a6-38de-477d-a67a-dd9e5291bbbc" testListId="8c84fa94-04c1-424b-9868-57a2d4851a1d" />
    <TestEntry testId="13cdf8fd-2721-e597-055e-a54097abf685" executionId="b3283779-32ee-4ddd-a88b-c60859199ba3" testListId="8c84fa94-04c1-424b-9868-57a2d4851a1d" />
    <TestEntry testId="eb615c68-e5d1-28d7-b038-0571a7587ad1" executionId="8caa9db1-ac88-404f-a288-1393f93c0000" testListId="8c84fa94-04c1-424b-9868-57a2d4851a1d" />
    <TestEntry testId="712f5c64-914a-8747-dac9-aeb72d33838f" executionId="a346bb9a-a4e0-4ed0-a123-cb8c9058b345" testListId="8c84fa94-04c1-424b-9868-57a2d4851a1d" />
    <TestEntry testId="7e68fea7-1e52-0c32-44b4-1e38c3c836bc" executionId="b051c357-175f-4f9b-8f50-b990cff92770" testListId="8c84fa94-04c1-424b-9868-57a2d4851a1d" />
    <TestEntry testId="ef8e2842-4b56-3143-8747-c2adcd3e7a1d" executionId="0e1f042e-6415-4dd8-ba1b-54ae0cd1d23b" testListId="8c84fa94-04c1-424b-9868-57a2d4851a1d" />
    <TestEntry testId="cb85c450-02e3-5db9-b93c-f905351c1d09" executionId="130dab60-29b2-49f0-b1b8-a914849db65d" testListId="8c84fa94-04c1-424b-9868-57a2d4851a1d" />
    <TestEntry testId="6d4f36db-ef1e-952d-7dfb-29f4be4b6ca7" executionId="2247a5a0-3915-41ec-ad72-81e952345ae9" testListId="8c84fa94-04c1-424b-9868-57a2d4851a1d" />
    <TestEntry testId="eb4b3a2e-3867-f16d-1f8c-063517acc541" executionId="2b2cf20d-f326-47a8-9963-3a11394ea2fe" testListId="8c84fa94-04c1-424b-9868-57a2d4851a1d" />
    <TestEntry testId="a461dd4d-6d71-3e10-f8bf-9d15ad34f5c8" executionId="885a1ac4-d1be-42c7-a369-1225d069d6a7" testListId="8c84fa94-04c1-424b-9868-57a2d4851a1d" />
    <TestEntry testId="ceb7f684-931d-5c6c-b7df-e9079ac9afdf" executionId="860b2da6-9723-403f-b997-d4f175c8f0d3" testListId="8c84fa94-04c1-424b-9868-57a2d4851a1d" />
    <TestEntry testId="513b5d8b-983e-b793-a988-3659c0ad4956" executionId="b5190daf-dfc4-456a-bd18-8d69d3b3d488" testListId="8c84fa94-04c1-424b-9868-57a2d4851a1d" />
    <TestEntry testId="72c240ff-79c5-ef41-5967-e3c497b7b2c0" executionId="6079c397-1df6-49a5-8ba0-a25792f4ba2e" testListId="8c84fa94-04c1-424b-9868-57a2d4851a1d" />
    <TestEntry testId="11c041e5-c464-6527-9aa5-15185ee7ed3b" executionId="135fea04-e10f-4658-8ee4-6049aa28809e" testListId="8c84fa94-04c1-424b-9868-57a2d4851a1d" />
    <TestEntry testId="86a3d4f1-4730-e078-7812-a2cb42758d4b" executionId="3f0b4e9f-528a-4e14-97c5-1383850d5f26" testListId="8c84fa94-04c1-424b-9868-57a2d4851a1d" />
    <TestEntry testId="b7ec82f7-3497-4dc6-bb74-fbcde89b4ab4" executionId="2853fe70-5c88-4072-8bd4-f6beee7b1eae" testListId="8c84fa94-04c1-424b-9868-57a2d4851a1d" />
    <TestEntry testId="7c29140c-1ee9-b980-7778-18b11231f8a3" executionId="ac5d9e6f-a14c-4573-8866-50ce179e1252" testListId="8c84fa94-04c1-424b-9868-57a2d4851a1d" />
    <TestEntry testId="29503cc7-b010-6825-6d29-1db7cb95143d" executionId="c2d2ae76-53df-480c-abb0-35204af62504" testListId="8c84fa94-04c1-424b-9868-57a2d4851a1d" />
    <TestEntry testId="848d2a90-a6ed-8153-c519-d66b9a7193d9" executionId="82fba23b-37d2-489f-95ed-514a90d70b68" testListId="8c84fa94-04c1-424b-9868-57a2d4851a1d" />
    <TestEntry testId="255f4f6e-1bfc-cdd8-fb29-a1f4f034b89a" executionId="f014c0d9-a819-4c4f-a055-e34dac72f4a6" testListId="8c84fa94-04c1-424b-9868-57a2d4851a1d" />
    <TestEntry testId="0351f469-7ff9-52d3-3d77-92c2f3051f1e" executionId="acac3d87-1de6-42f0-9511-381a6539c053" testListId="8c84fa94-04c1-424b-9868-57a2d4851a1d" />
    <TestEntry testId="1d93089d-e24f-f1cb-f4e6-3e9e0cc249d4" executionId="dbade401-e7ef-4a38-82a4-b6aa4fe77ba7" testListId="8c84fa94-04c1-424b-9868-57a2d4851a1d" />
    <TestEntry testId="f2ce681e-8a28-41b9-4a1e-04b76b54add8" executionId="ffcd68d8-802b-4ae6-826f-065395e8af70" testListId="8c84fa94-04c1-424b-9868-57a2d4851a1d" />
    <TestEntry testId="71b5ba87-68b9-157d-6948-87a1827119b3" executionId="3fbebafb-4a2d-4ca0-8446-ffac45792054" testListId="8c84fa94-04c1-424b-9868-57a2d4851a1d" />
    <TestEntry testId="90524d2a-adb4-bd7e-769a-526d502faf2e" executionId="c7811f0d-952f-484a-babf-4f30ffeb7fbf" testListId="8c84fa94-04c1-424b-9868-57a2d4851a1d" />
    <TestEntry testId="005bc1cf-7a4e-92d9-5bd8-b2bbb383cd58" executionId="1c1898ab-7ada-4a41-8ea2-137acb2751d9" testListId="8c84fa94-04c1-424b-9868-57a2d4851a1d" />
    <TestEntry testId="a6e465ee-f568-61da-4158-e730cb849679" executionId="cad9150a-aee8-4878-abc3-17b5718f6581" testListId="8c84fa94-04c1-424b-9868-57a2d4851a1d" />
    <TestEntry testId="8a2b6295-c6f7-0626-b29d-201c71fd67a5" executionId="de80dbb7-5f05-40b0-afee-e1a3ceb3f778" testListId="8c84fa94-04c1-424b-9868-57a2d4851a1d" />
    <TestEntry testId="6aa37256-4a27-aaf0-2d68-1faeac68f58c" executionId="6fd5b7dc-c263-4ade-b261-e7c6c3f2aace" testListId="8c84fa94-04c1-424b-9868-57a2d4851a1d" />
    <TestEntry testId="1e5c078d-f94d-c926-473c-575e7ad77b95" executionId="97f82066-9f2b-4f2b-9365-db06ba67f444" testListId="8c84fa94-04c1-424b-9868-57a2d4851a1d" />
    <TestEntry testId="c6ae4b68-49e1-d669-439e-3d0b7ef0cea4" executionId="37eb061b-621a-4faf-83b9-553e5064d2a8" testListId="8c84fa94-04c1-424b-9868-57a2d4851a1d" />
    <TestEntry testId="3f6f5d68-0845-7e29-25ea-1750d0b3ad97" executionId="201cef54-903e-4464-bd04-26141c3d2064" testListId="8c84fa94-04c1-424b-9868-57a2d4851a1d" />
    <TestEntry testId="8d93f248-c3e9-e97f-b3e2-6491b331020f" executionId="ef302fb7-8c58-4ca8-b94e-0ea913e62c30" testListId="8c84fa94-04c1-424b-9868-57a2d4851a1d" />
    <TestEntry testId="d8dd6fae-802b-a606-14b3-f77add91cde3" executionId="c08f0d46-7200-43a5-9463-9838743ce722" testListId="8c84fa94-04c1-424b-9868-57a2d4851a1d" />
    <TestEntry testId="527d41f4-ee35-aeed-39d2-777e78659af8" executionId="0bd303b7-e612-4df8-898d-aa061beecf6e" testListId="8c84fa94-04c1-424b-9868-57a2d4851a1d" />
    <TestEntry testId="891c0d76-e64c-f414-ec6a-1381d76267bf" executionId="35043f6d-774f-44b8-917d-37ae9b3b37c0" testListId="8c84fa94-04c1-424b-9868-57a2d4851a1d" />
    <TestEntry testId="2ed0b312-2f27-0f0b-487a-dea260d635a9" executionId="72b4ce69-69ef-4850-b50f-c01170a09864" testListId="8c84fa94-04c1-424b-9868-57a2d4851a1d" />
    <TestEntry testId="a50649ef-585c-8158-fd90-9ac54f51f860" executionId="5717ae3a-484d-4961-946b-885e0cdcbe37" testListId="8c84fa94-04c1-424b-9868-57a2d4851a1d" />
    <TestEntry testId="ed9a5b1b-624c-3396-5757-abd8e668541b" executionId="9cd48ecc-6918-4aa1-a501-f20b324609a9" testListId="8c84fa94-04c1-424b-9868-57a2d4851a1d" />
    <TestEntry testId="6ce0d4c6-4820-8d4a-179e-2d433a32b3e2" executionId="fa134ede-22eb-4637-8731-41fd578dc96a" testListId="8c84fa94-04c1-424b-9868-57a2d4851a1d" />
    <TestEntry testId="6dee8c76-3355-7dcc-c0a6-02e4a5ed7dc2" executionId="1dea0b33-f488-4799-8621-c17a928fc7c4" testListId="8c84fa94-04c1-424b-9868-57a2d4851a1d" />
    <TestEntry testId="57f59a31-3f22-a5b8-69d7-45e7719f3ea1" executionId="7e740477-acb9-4f41-afc3-086e3952a60d" testListId="8c84fa94-04c1-424b-9868-57a2d4851a1d" />
    <TestEntry testId="e6e7fdd0-b12d-1312-3dc2-3384a5e7d999" executionId="330cacda-fea8-45e1-b986-35cce8bae129" testListId="8c84fa94-04c1-424b-9868-57a2d4851a1d" />
    <TestEntry testId="61eb0848-4e9b-4d1d-2e7a-801bcb7d8307" executionId="f2b654c3-025d-4aa8-a287-418697e20f16" testListId="8c84fa94-04c1-424b-9868-57a2d4851a1d" />
    <TestEntry testId="e84b36e7-4f40-fa31-8ed6-b8aea0f7b95d" executionId="2ee30175-044b-4d69-a69d-0958f082e911" testListId="8c84fa94-04c1-424b-9868-57a2d4851a1d" />
    <TestEntry testId="ea15b94d-4a9c-5bee-a95c-770e518c855b" executionId="68035547-36da-40b4-9f00-5cdcce2b58f2" testListId="8c84fa94-04c1-424b-9868-57a2d4851a1d" />
    <TestEntry testId="6c172272-73ee-1f81-5332-f3180f21fb30" executionId="962e4a63-34ec-40d6-9046-9d358cbdec92" testListId="8c84fa94-04c1-424b-9868-57a2d4851a1d" />
    <TestEntry testId="4aa2fb53-f9e4-f471-3a9f-14715f467049" executionId="85b7fb52-ef9c-491c-acd2-ce1facb4e0de" testListId="8c84fa94-04c1-424b-9868-57a2d4851a1d" />
    <TestEntry testId="419ecc87-d9c8-28c4-00c0-ef118e7ae268" executionId="0b9741c7-6b86-4888-9729-1c28b51cba93" testListId="8c84fa94-04c1-424b-9868-57a2d4851a1d" />
    <TestEntry testId="298a4d26-abe3-d2f6-50a3-14e473e9fa24" executionId="04b7d56e-6514-48b7-acac-2b16052af1c1" testListId="8c84fa94-04c1-424b-9868-57a2d4851a1d" />
    <TestEntry testId="d569c283-c0e4-d992-53ea-520d9219d214" executionId="1ee33a66-552b-4dbd-a076-16b2dccd628e" testListId="8c84fa94-04c1-424b-9868-57a2d4851a1d" />
    <TestEntry testId="299c3fd4-a01d-2a60-05c1-ad11698aa276" executionId="af21cca8-e734-47c8-b1c0-49dbb15d7ce4" testListId="8c84fa94-04c1-424b-9868-57a2d4851a1d" />
    <TestEntry testId="d187567e-7ba7-c49e-1e54-13fd327095e9" executionId="16569721-d013-42d2-8681-2b08d8df71e6" testListId="8c84fa94-04c1-424b-9868-57a2d4851a1d" />
    <TestEntry testId="4df235b9-e889-4809-39c8-ff3e09688830" executionId="b6e9e1b2-eb39-4ad9-8198-c7e8c8da0228" testListId="8c84fa94-04c1-424b-9868-57a2d4851a1d" />
    <TestEntry testId="43c3749f-0376-2035-bd94-4df92053dab3" executionId="7157fe2b-e524-4ae8-b349-f8f7a22989d7" testListId="8c84fa94-04c1-424b-9868-57a2d4851a1d" />
    <TestEntry testId="3c694193-6244-2822-1520-285efe4d3761" executionId="bcb471c3-4c82-420e-9ef0-3b8bcb204d88" testListId="8c84fa94-04c1-424b-9868-57a2d4851a1d" />
    <TestEntry testId="d377bd87-4eea-3f7f-c041-91df35d9ea10" executionId="86aa8a74-fe56-4d3d-a1e5-7be523ac9fa7" testListId="8c84fa94-04c1-424b-9868-57a2d4851a1d" />
    <TestEntry testId="7df385e8-e01d-d2ef-2361-abb8175fc7ae" executionId="8a2ce140-4682-4475-a863-648649f5307e" testListId="8c84fa94-04c1-424b-9868-57a2d4851a1d" />
    <TestEntry testId="552b07f7-5957-56bd-9f6c-bbb880d05499" executionId="7682faf5-8247-4ad0-bbd7-c0a7c394590c" testListId="8c84fa94-04c1-424b-9868-57a2d4851a1d" />
    <TestEntry testId="6236d5e6-b13b-501c-48e0-102f9eda59d6" executionId="195fb018-2e55-4006-a031-ed28ff64ecb3" testListId="8c84fa94-04c1-424b-9868-57a2d4851a1d" />
    <TestEntry testId="274eee3c-fa31-a55c-1941-d2fdb1077d83" executionId="83303914-0b1d-43fb-aef0-33d86dcbbe0f" testListId="8c84fa94-04c1-424b-9868-57a2d4851a1d" />
    <TestEntry testId="1445b267-8883-4711-c51b-1a1ff5eca2f9" executionId="1c9e0fbd-e08f-437e-8b6d-590958aef364" testListId="8c84fa94-04c1-424b-9868-57a2d4851a1d" />
    <TestEntry testId="0ffbfc26-0b88-0610-8454-a3e10982707b" executionId="f018fdc7-426a-4cf3-87ea-e2b4136d2e79" testListId="8c84fa94-04c1-424b-9868-57a2d4851a1d" />
    <TestEntry testId="20032a0f-2ee3-8893-1563-317bcc5ab61c" executionId="fee307c7-1639-4d37-b59a-7781afc2b709" testListId="8c84fa94-04c1-424b-9868-57a2d4851a1d" />
    <TestEntry testId="2bc42f5a-e565-5018-fa3b-64bf63c4c2f5" executionId="3d7325f4-1838-48c4-a1b0-3d11811f921d" testListId="8c84fa94-04c1-424b-9868-57a2d4851a1d" />
    <TestEntry testId="024506f9-eb28-1802-65f5-4eafd9fc8776" executionId="be22830f-60b0-49ae-9b67-68be69db20a4" testListId="8c84fa94-04c1-424b-9868-57a2d4851a1d" />
    <TestEntry testId="ba2e227c-c79f-6137-d335-88fa098146b3" executionId="6dbff48a-65c7-4e33-baf4-fdc29599ff8b" testListId="8c84fa94-04c1-424b-9868-57a2d4851a1d" />
    <TestEntry testId="c08489ce-87ea-9273-1e82-87dd20c6c729" executionId="94541af7-5630-4d5d-92ab-3850f08f3edf" testListId="8c84fa94-04c1-424b-9868-57a2d4851a1d" />
  </TestEntries>
  <TestLists>
    <TestList name="Results Not in a List" id="8c84fa94-04c1-424b-9868-57a2d4851a1d" />
    <TestList name="All Loaded Results" id="19431567-8539-422a-85d7-44ee4e166bda" />
  </TestLists>
  <ResultSummary outcome="Completed">
    <Counters total="1000" executed="1000" passed="1000" failed="0" error="0" timeout="0" aborted="0" inconclusive="0" passedButRunAborted="0" notRunnable="0" notExecuted="0" disconnected="0" warning="0" completed="0" inProgress="0" pending="0" />
    <Output>
      <StdOut>NUnit Adapter 4.2.0.0: Test execution started&#xD;
Running selected tests in C:\Projekty\NUnitTestProject\bin\Debug\netcoreapp3.1\NUnitTestProject.dll&#xD;
   NUnit3TestExecutor discovered 1000 of 1000 NUnit test cases using Current Discovery mode, Non-Explicit run&#xD;
NUnit Adapter 4.2.0.0: Test execution complete&#xD;
</StdOut>
    </Output>
  </ResultSummary>
</TestRun>