<?xml version="1.0" encoding="utf-8"?>
<TestRun id="35d23b82-a6d4-4428-9b3f-702b3e8b30f5" name="Dominik@DESKTOP-5URQ9PB 2022-06-13 21:12:35" runUser="DESKTOP-5URQ9PB\Dominik" xmlns="http://microsoft.com/schemas/VisualStudio/TeamTest/2010">
  <Times creation="2022-06-13T21:12:35.3125171+02:00" queuing="2022-06-13T21:12:35.3125172+02:00" start="2022-06-13T21:12:33.2939138+02:00" finish="2022-06-13T21:12:35.7604323+02:00" />
  <TestSettings name="default" id="fb1528c0-9e98-4166-9579-64174238a392">
    <Deployment runDeploymentRoot="Dominik_DESKTOP-5URQ9PB_2022-06-13_21_12_35" />
  </TestSettings>
  <Results>
    <UnitTestResult executionId="d8e6e78f-9c7a-4673-b8d1-8b59fc82cabd" testId="b643553f-2706-197d-9fb1-e9b050657f08" testName="FormatToStringTest1000(76106.57198894516d,&quot;76106.57 zł&quot;)" computerName="DESKTOP-5URQ9PB" duration="00:00:00.0000190" startTime="2022-06-13T21:12:35.2277512+02:00" endTime="2022-06-13T21:12:35.2277698+02:00" testType="13cdc9d9-ddb5-4fa4-a97d-d965ccfc6d4b" outcome="Passed" testListId="8c84fa94-04c1-424b-9868-57a2d4851a1d" relativeResultsDirectory="d8e6e78f-9c7a-4673-b8d1-8b59fc82cabd" />
    <UnitTestResult executionId="5390c096-5b3a-44d8-b14d-d9bf63efc59b" testId="a4acc92f-0c67-48bb-4524-7ef3c007ffb4" testName="FormatToStringTest1000(1474.699818629166d,&quot;1474.70 zł&quot;)" computerName="DESKTOP-5URQ9PB" duration="00:00:00.0000180" startTime="2022-06-13T21:12:35.2252731+02:00" endTime="2022-06-13T21:12:35.2252913+02:00" testType="13cdc9d9-ddb5-4fa4-a97d-d965ccfc6d4b" outcome="Passed" testListId="8c84fa94-04c1-424b-9868-57a2d4851a1d" relativeResultsDirectory="5390c096-5b3a-44d8-b14d-d9bf63efc59b" />
    <UnitTestResult executionId="7e54823a-e06d-4dfa-9eec-f0c38953f5f0" testId="47ec5c64-268b-824f-d637-17f43470b17c" testName="FormatToStringTest1000(12283.48626129026d,&quot;12283.49 zł&quot;)" computerName="DESKTOP-5URQ9PB" duration="00:00:00.0000200" startTime="2022-06-13T21:12:35.2115440+02:00" endTime="2022-06-13T21:12:35.2115634+02:00" testType="13cdc9d9-ddb5-4fa4-a97d-d965ccfc6d4b" outcome="Passed" testListId="8c84fa94-04c1-424b-9868-57a2d4851a1d" relativeResultsDirectory="7e54823a-e06d-4dfa-9eec-f0c38953f5f0" />
    <UnitTestResult executionId="e53fafb9-b40e-4989-bb94-b621275b0b99" testId="5bdb1fb9-c083-a878-8185-d4ef40939b65" testName="FormatToStringTest1000(1130.8119115372242d,&quot;1130.81 zł&quot;)" computerName="DESKTOP-5URQ9PB" duration="00:00:00.0000200" startTime="2022-06-13T21:12:35.2272459+02:00" endTime="2022-06-13T21:12:35.2272658+02:00" testType="13cdc9d9-ddb5-4fa4-a97d-d965ccfc6d4b" outcome="Passed" testListId="8c84fa94-04c1-424b-9868-57a2d4851a1d" relativeResultsDirectory="e53fafb9-b40e-4989-bb94-b621275b0b99" />
    <UnitTestResult executionId="2c91593e-3ffc-45ce-acad-f8e4f099b087" testId="f574d6b5-d94c-508a-c127-7bce3d4f82e8" testName="FormatToStringTest1000(38640.62766693003d,&quot;38640.63 zł&quot;)" computerName="DESKTOP-5URQ9PB" duration="00:00:00.0000190" startTime="2022-06-13T21:12:35.2030136+02:00" endTime="2022-06-13T21:12:35.2030326+02:00" testType="13cdc9d9-ddb5-4fa4-a97d-d965ccfc6d4b" outcome="Passed" testListId="8c84fa94-04c1-424b-9868-57a2d4851a1d" relativeResultsDirectory="2c91593e-3ffc-45ce-acad-f8e4f099b087" />
    <UnitTestResult executionId="0468b10d-16e0-4c7d-a8de-b2d19d8ed785" testId="527d41f4-ee35-aeed-39d2-777e78659af8" testName="FormatToStringTest1000(18786.954468002055d,&quot;18786.95 zł&quot;)" computerName="DESKTOP-5URQ9PB" duration="00:00:00.0000190" startTime="2022-06-13T21:12:35.2157088+02:00" endTime="2022-06-13T21:12:35.2157277+02:00" testType="13cdc9d9-ddb5-4fa4-a97d-d965ccfc6d4b" outcome="Passed" testListId="8c84fa94-04c1-424b-9868-57a2d4851a1d" relativeResultsDirectory="0468b10d-16e0-4c7d-a8de-b2d19d8ed785" />
    <UnitTestResult executionId="005884ce-5277-4ee8-8ab1-ddbab0f5c236" testId="d010d6f6-5302-e7a6-bd9d-f255dac3cdb8" testName="FormatToStringTest1000(2718.1767171650085d,&quot;2718.18 zł&quot;)" computerName="DESKTOP-5URQ9PB" duration="00:00:00.0000190" startTime="2022-06-13T21:12:35.2097421+02:00" endTime="2022-06-13T21:12:35.2097607+02:00" testType="13cdc9d9-ddb5-4fa4-a97d-d965ccfc6d4b" outcome="Passed" testListId="8c84fa94-04c1-424b-9868-57a2d4851a1d" relativeResultsDirectory="005884ce-5277-4ee8-8ab1-ddbab0f5c236" />
    <UnitTestResult executionId="a78531fa-3d10-4b82-be91-16e049ec694f" testId="a6a973e9-da68-b082-10c2-5aa132fd4e6b" testName="FormatToStringTest1000(36320.770035296104d,&quot;36320.77 zł&quot;)" computerName="DESKTOP-5URQ9PB" duration="00:00:00.0000190" startTime="2022-06-13T21:12:35.2247656+02:00" endTime="2022-06-13T21:12:35.2247847+02:00" testType="13cdc9d9-ddb5-4fa4-a97d-d965ccfc6d4b" outcome="Passed" testListId="8c84fa94-04c1-424b-9868-57a2d4851a1d" relativeResultsDirectory="a78531fa-3d10-4b82-be91-16e049ec694f" />
    <UnitTestResult executionId="80b13e3f-9a87-450f-938e-1313c97d1412" testId="21347641-7dc3-6035-5dfd-bb1ac2ae1b73" testName="FormatToStringTest1000(28992.38363400166d,&quot;28992.38 zł&quot;)" computerName="DESKTOP-5URQ9PB" duration="00:00:00.0000200" startTime="2022-06-13T21:12:35.2208564+02:00" endTime="2022-06-13T21:12:35.2208762+02:00" testType="13cdc9d9-ddb5-4fa4-a97d-d965ccfc6d4b" outcome="Passed" testListId="8c84fa94-04c1-424b-9868-57a2d4851a1d" relativeResultsDirectory="80b13e3f-9a87-450f-938e-1313c97d1412" />
    <UnitTestResult executionId="0a6f38ce-18be-4b13-8f46-40e33e41cc78" testId="d147ccf7-2e90-d95d-62de-1759c3690066" testName="FormatToStringTest1000(74152.7503934562d,&quot;74152.75 zł&quot;)" computerName="DESKTOP-5URQ9PB" duration="00:00:00.0000190" startTime="2022-06-13T21:12:35.2122049+02:00" endTime="2022-06-13T21:12:35.2122240+02:00" testType="13cdc9d9-ddb5-4fa4-a97d-d965ccfc6d4b" outcome="Passed" testListId="8c84fa94-04c1-424b-9868-57a2d4851a1d" relativeResultsDirectory="0a6f38ce-18be-4b13-8f46-40e33e41cc78" />
    <UnitTestResult executionId="8724c5fb-dd2e-4576-ae27-6684f34e9f53" testId="85867aba-850c-5842-e811-a641ca5889cf" testName="FormatToStringTest1000(25288.32036814574d,&quot;25288.32 zł&quot;)" computerName="DESKTOP-5URQ9PB" duration="00:00:00.0000190" startTime="2022-06-13T21:12:35.2184079+02:00" endTime="2022-06-13T21:12:35.2184269+02:00" testType="13cdc9d9-ddb5-4fa4-a97d-d965ccfc6d4b" outcome="Passed" testListId="8c84fa94-04c1-424b-9868-57a2d4851a1d" relativeResultsDirectory="8724c5fb-dd2e-4576-ae27-6684f34e9f53" />
    <UnitTestResult executionId="01a074a9-44cd-42ec-8f69-0802d86336e0" testId="ae5c211a-4af1-929a-38fa-5c9b4f30973f" testName="FormatToStringTest1000(30626.373939456127d,&quot;30626.37 zł&quot;)" computerName="DESKTOP-5URQ9PB" duration="00:00:00.0000190" startTime="2022-06-13T21:12:35.2052008+02:00" endTime="2022-06-13T21:12:35.2052197+02:00" testType="13cdc9d9-ddb5-4fa4-a97d-d965ccfc6d4b" outcome="Passed" testListId="8c84fa94-04c1-424b-9868-57a2d4851a1d" relativeResultsDirectory="01a074a9-44cd-42ec-8f69-0802d86336e0" />
    <UnitTestResult executionId="77c70f55-e270-476e-9245-cc6579dee4b6" testId="8951be4f-c5d7-21a4-85c8-2fc370bed815" testName="FormatToStringTest1000(13681.607566007231d,&quot;13681.61 zł&quot;)" computerName="DESKTOP-5URQ9PB" duration="00:00:00.0000190" startTime="2022-06-13T21:12:35.2164659+02:00" endTime="2022-06-13T21:12:35.2164845+02:00" testType="13cdc9d9-ddb5-4fa4-a97d-d965ccfc6d4b" outcome="Passed" testListId="8c84fa94-04c1-424b-9868-57a2d4851a1d" relativeResultsDirectory="77c70f55-e270-476e-9245-cc6579dee4b6" />
    <UnitTestResult executionId="f49b1765-c51d-46fe-96ba-156d05e6c9c6" testId="45e81eff-7762-2319-5d11-e20e90ac1295" testName="FormatToStringTest1000(29796.909338079815d,&quot;29796.91 zł&quot;)" computerName="DESKTOP-5URQ9PB" duration="00:00:00.0000190" startTime="2022-06-13T21:12:35.2273221+02:00" endTime="2022-06-13T21:12:35.2273405+02:00" testType="13cdc9d9-ddb5-4fa4-a97d-d965ccfc6d4b" outcome="Passed" testListId="8c84fa94-04c1-424b-9868-57a2d4851a1d" relativeResultsDirectory="f49b1765-c51d-46fe-96ba-156d05e6c9c6" />
    <UnitTestResult executionId="23d723ce-d75f-4659-b4a2-831b127a3b66" testId="0a65341a-9de3-344f-781f-a38c0f56cbef" testName="FormatToStringTest1000(40545.70748620001d,&quot;40545.71 zł&quot;)" computerName="DESKTOP-5URQ9PB" duration="00:00:00.0000190" startTime="2022-06-13T21:12:35.2243882+02:00" endTime="2022-06-13T21:12:35.2244068+02:00" testType="13cdc9d9-ddb5-4fa4-a97d-d965ccfc6d4b" outcome="Passed" testListId="8c84fa94-04c1-424b-9868-57a2d4851a1d" relativeResultsDirectory="23d723ce-d75f-4659-b4a2-831b127a3b66" />
    <UnitTestResult executionId="7055a9ed-2b58-48e5-88c9-0526f6f8ff64" testId="86ff0f06-37e1-737e-28e1-e4da0cef4001" testName="FormatToStringTest1000(3303.1902076747224d,&quot;3303.19 zł&quot;)" computerName="DESKTOP-5URQ9PB" duration="00:00:00.0000190" startTime="2022-06-13T21:12:35.2149086+02:00" endTime="2022-06-13T21:12:35.2149271+02:00" testType="13cdc9d9-ddb5-4fa4-a97d-d965ccfc6d4b" outcome="Passed" testListId="8c84fa94-04c1-424b-9868-57a2d4851a1d" relativeResultsDirectory="7055a9ed-2b58-48e5-88c9-0526f6f8ff64" />
    <UnitTestResult executionId="99dd667a-c8bc-494c-b478-54e330c6a9c0" testId="a50649ef-585c-8158-fd90-9ac54f51f860" testName="FormatToStringTest1000(2963.24443391815d,&quot;2963.24 zł&quot;)" computerName="DESKTOP-5URQ9PB" duration="00:00:00.0000190" startTime="2022-06-13T21:12:35.2158854+02:00" endTime="2022-06-13T21:12:35.2159039+02:00" testType="13cdc9d9-ddb5-4fa4-a97d-d965ccfc6d4b" outcome="Passed" testListId="8c84fa94-04c1-424b-9868-57a2d4851a1d" relativeResultsDirectory="99dd667a-c8bc-494c-b478-54e330c6a9c0" />
    <UnitTestResult executionId="a746498a-509a-4595-9f52-6db4afed761f" testId="28c068cc-4f93-bf31-670a-7f0717946001" testName="FormatToStringTest1000(17988.455793307843d,&quot;17988.46 zł&quot;)" computerName="DESKTOP-5URQ9PB" duration="00:00:00.0000200" startTime="2022-06-13T21:12:35.2062695+02:00" endTime="2022-06-13T21:12:35.2062889+02:00" testType="13cdc9d9-ddb5-4fa4-a97d-d965ccfc6d4b" outcome="Passed" testListId="8c84fa94-04c1-424b-9868-57a2d4851a1d" relativeResultsDirectory="a746498a-509a-4595-9f52-6db4afed761f" />
    <UnitTestResult executionId="0387bf49-bf12-40f1-b2c6-041678ab0586" testId="617c3175-15cb-3321-36a3-871fc366b75b" testName="FormatToStringTest1000(14137.400697779563d,&quot;14137.40 zł&quot;)" computerName="DESKTOP-5URQ9PB" duration="00:00:00.0000200" startTime="2022-06-13T21:12:35.2278265+02:00" endTime="2022-06-13T21:12:35.2278457+02:00" testType="13cdc9d9-ddb5-4fa4-a97d-d965ccfc6d4b" outcome="Passed" testListId="8c84fa94-04c1-424b-9868-57a2d4851a1d" relativeResultsDirectory="0387bf49-bf12-40f1-b2c6-041678ab0586" />
    <UnitTestResult executionId="780a2b32-2b74-40db-aca6-85be19799f4d" testId="7e773498-17b4-9b46-23f5-2783933d2759" testName="FormatToStringTest1000(37889.10086727193d,&quot;37889.10 zł&quot;)" computerName="DESKTOP-5URQ9PB" duration="00:00:00.0000200" startTime="2022-06-13T21:12:35.2052258+02:00" endTime="2022-06-13T21:12:35.2052454+02:00" testType="13cdc9d9-ddb5-4fa4-a97d-d965ccfc6d4b" outcome="Passed" testListId="8c84fa94-04c1-424b-9868-57a2d4851a1d" relativeResultsDirectory="780a2b32-2b74-40db-aca6-85be19799f4d" />
    <UnitTestResult executionId="181db569-0388-42e6-9385-81bbf9888030" testId="712c2678-6c5e-0050-868a-1155d0b4fa06" testName="FormatToStringTest1000(32216.686763396807d,&quot;32216.69 zł&quot;)" computerName="DESKTOP-5URQ9PB" duration="00:00:00.0000280" startTime="2022-06-13T21:12:35.2025012+02:00" endTime="2022-06-13T21:12:35.2025293+02:00" testType="13cdc9d9-ddb5-4fa4-a97d-d965ccfc6d4b" outcome="Passed" testListId="8c84fa94-04c1-424b-9868-57a2d4851a1d" relativeResultsDirectory="181db569-0388-42e6-9385-81bbf9888030" />
    <UnitTestResult executionId="eccd1f91-3d5c-480b-8e20-c4831304f0ff" testId="af9ae316-c7c6-6ac6-11c1-298dd9b256df" testName="FormatToStringTest1000(62975.496334776515d,&quot;62975.50 zł&quot;)" computerName="DESKTOP-5URQ9PB" duration="00:00:00.0000190" startTime="2022-06-13T21:12:35.2047199+02:00" endTime="2022-06-13T21:12:35.2047390+02:00" testType="13cdc9d9-ddb5-4fa4-a97d-d965ccfc6d4b" outcome="Passed" testListId="8c84fa94-04c1-424b-9868-57a2d4851a1d" relativeResultsDirectory="eccd1f91-3d5c-480b-8e20-c4831304f0ff" />
    <UnitTestResult executionId="b3e3a535-b6b7-4c88-81b2-9af04d1b4e00" testId="513b5d8b-983e-b793-a988-3659c0ad4956" testName="FormatToStringTest1000(31340.79231238914d,&quot;31340.79 zł&quot;)" computerName="DESKTOP-5URQ9PB" duration="00:00:00.0000190" startTime="2022-06-13T21:12:35.2077062+02:00" endTime="2022-06-13T21:12:35.2077251+02:00" testType="13cdc9d9-ddb5-4fa4-a97d-d965ccfc6d4b" outcome="Passed" testListId="8c84fa94-04c1-424b-9868-57a2d4851a1d" relativeResultsDirectory="b3e3a535-b6b7-4c88-81b2-9af04d1b4e00" />
    <UnitTestResult executionId="d9126038-5632-4efe-8903-6846800f846b" testId="f7364d60-2df0-c5fc-137c-b9b46fcd6fe9" testName="FormatToStringTest1000(21753.84773194969d,&quot;21753.85 zł&quot;)" computerName="DESKTOP-5URQ9PB" duration="00:00:00.0000200" startTime="2022-06-13T21:12:35.2060417+02:00" endTime="2022-06-13T21:12:35.2060612+02:00" testType="13cdc9d9-ddb5-4fa4-a97d-d965ccfc6d4b" outcome="Passed" testListId="8c84fa94-04c1-424b-9868-57a2d4851a1d" relativeResultsDirectory="d9126038-5632-4efe-8903-6846800f846b" />
    <UnitTestResult executionId="f0586aab-0665-4ad3-abff-d1be17e40e10" testId="fc250b23-71a0-c4eb-52eb-8cd889ac9f85" testName="FormatToStringTest1000(14480.387652530982d,&quot;14480.39 zł&quot;)" computerName="DESKTOP-5URQ9PB" duration="00:00:00.0000190" startTime="2022-06-13T21:12:35.2087842+02:00" endTime="2022-06-13T21:12:35.2088027+02:00" testType="13cdc9d9-ddb5-4fa4-a97d-d965ccfc6d4b" outcome="Passed" testListId="8c84fa94-04c1-424b-9868-57a2d4851a1d" relativeResultsDirectory="f0586aab-0665-4ad3-abff-d1be17e40e10" />
    <UnitTestResult executionId="00110a4d-e570-4e8a-b827-93c628e2fa61" testId="bd80c668-2405-22c1-740d-ec63dfd58306" testName="FormatToStringTest1000(28987.862854782896d,&quot;28987.86 zł&quot;)" computerName="DESKTOP-5URQ9PB" duration="00:00:00.0000190" startTime="2022-06-13T21:12:35.2227391+02:00" endTime="2022-06-13T21:12:35.2227574+02:00" testType="13cdc9d9-ddb5-4fa4-a97d-d965ccfc6d4b" outcome="Passed" testListId="8c84fa94-04c1-424b-9868-57a2d4851a1d" relativeResultsDirectory="00110a4d-e570-4e8a-b827-93c628e2fa61" />
    <UnitTestResult executionId="c7f7d7b4-311e-4bb1-b878-209aea02573d" testId="0ea957ac-53f2-c077-4d23-d56d0a5f77c4" testName="FormatToStringTest1000(37561.969571757116d,&quot;37561.97 zł&quot;)" computerName="DESKTOP-5URQ9PB" duration="00:00:00.0000190" startTime="2022-06-13T21:12:35.2120817+02:00" endTime="2022-06-13T21:12:35.2121006+02:00" testType="13cdc9d9-ddb5-4fa4-a97d-d965ccfc6d4b" outcome="Passed" testListId="8c84fa94-04c1-424b-9868-57a2d4851a1d" relativeResultsDirectory="c7f7d7b4-311e-4bb1-b878-209aea02573d" />
    <UnitTestResult executionId="46726464-d9e0-45fe-83c4-55ab30ca83f8" testId="255f4f6e-1bfc-cdd8-fb29-a1f4f034b89a" testName="FormatToStringTest1000(55782.67998761762d,&quot;55782.68 zł&quot;)" computerName="DESKTOP-5URQ9PB" duration="00:00:00.0000190" startTime="2022-06-13T21:12:35.2064698+02:00" endTime="2022-06-13T21:12:35.2064886+02:00" testType="13cdc9d9-ddb5-4fa4-a97d-d965ccfc6d4b" outcome="Passed" testListId="8c84fa94-04c1-424b-9868-57a2d4851a1d" relativeResultsDirectory="46726464-d9e0-45fe-83c4-55ab30ca83f8" />
    <UnitTestResult executionId="cf2068dc-64da-442e-bca3-c6a40a936c23" testId="4e59f6e9-d495-6f3f-64b9-ac28a5eaac72" testName="FormatToStringTest1000(8242.419043611d,&quot;8242.42 zł&quot;)" computerName="DESKTOP-5URQ9PB" duration="00:00:00.0000190" startTime="2022-06-13T21:12:35.2231421+02:00" endTime="2022-06-13T21:12:35.2231607+02:00" testType="13cdc9d9-ddb5-4fa4-a97d-d965ccfc6d4b" outcome="Passed" testListId="8c84fa94-04c1-424b-9868-57a2d4851a1d" relativeResultsDirectory="cf2068dc-64da-442e-bca3-c6a40a936c23" />
    <UnitTestResult executionId="7c4d1807-76bf-4c93-90a2-47fc57d8d9de" testId="becea41b-b5f7-1be9-14b7-7b47b08d6269" testName="FormatToStringTest1000(37114.901517336206d,&quot;37114.90 zł&quot;)" computerName="DESKTOP-5URQ9PB" duration="00:00:00.0000180" startTime="2022-06-13T21:12:35.2236563+02:00" endTime="2022-06-13T21:12:35.2236742+02:00" testType="13cdc9d9-ddb5-4fa4-a97d-d965ccfc6d4b" outcome="Passed" testListId="8c84fa94-04c1-424b-9868-57a2d4851a1d" relativeResultsDirectory="7c4d1807-76bf-4c93-90a2-47fc57d8d9de" />
    <UnitTestResult executionId="c5d2cede-1786-4256-9665-c8d8798d2bc0" testId="0736f335-702e-d9c8-77f1-e0501c90e917" testName="FormatToStringTest1000(19873.59831658453d,&quot;19873.60 zł&quot;)" computerName="DESKTOP-5URQ9PB" duration="00:00:00.0000200" startTime="2022-06-13T21:12:35.2220001+02:00" endTime="2022-06-13T21:12:35.2220201+02:00" testType="13cdc9d9-ddb5-4fa4-a97d-d965ccfc6d4b" outcome="Passed" testListId="8c84fa94-04c1-424b-9868-57a2d4851a1d" relativeResultsDirectory="c5d2cede-1786-4256-9665-c8d8798d2bc0" />
    <UnitTestResult executionId="e3a4f34c-d97b-4ef8-89d1-4f9873dad349" testId="032648fc-0fdc-1a5c-ef88-d85403381c03" testName="FormatToStringTest1000(38803.03958246253d,&quot;38803.04 zł&quot;)" computerName="DESKTOP-5URQ9PB" duration="00:00:00.0000200" startTime="2022-06-13T21:12:35.2080301+02:00" endTime="2022-06-13T21:12:35.2080494+02:00" testType="13cdc9d9-ddb5-4fa4-a97d-d965ccfc6d4b" outcome="Passed" testListId="8c84fa94-04c1-424b-9868-57a2d4851a1d" relativeResultsDirectory="e3a4f34c-d97b-4ef8-89d1-4f9873dad349" />
    <UnitTestResult executionId="df033120-4267-42f5-895f-03ce2651585e" testId="04eed3c3-572e-20dc-ebe7-5f007fb379ab" testName="FormatToStringTest1000(65204.90483536055d,&quot;65204.90 zł&quot;)" computerName="DESKTOP-5URQ9PB" duration="00:00:00.0000260" startTime="2022-06-13T21:12:35.2261725+02:00" endTime="2022-06-13T21:12:35.2261979+02:00" testType="13cdc9d9-ddb5-4fa4-a97d-d965ccfc6d4b" outcome="Passed" testListId="8c84fa94-04c1-424b-9868-57a2d4851a1d" relativeResultsDirectory="df033120-4267-42f5-895f-03ce2651585e" />
    <UnitTestResult executionId="681110bc-c49b-41dd-8952-a6ef9ff9c2a7" testId="88670780-e590-ffb1-3bdf-7b575a4d5fc5" testName="FormatToStringTest1000(57436.33241095409d,&quot;57436.33 zł&quot;)" computerName="DESKTOP-5URQ9PB" duration="00:00:00.0000190" startTime="2022-06-13T21:12:35.2104974+02:00" endTime="2022-06-13T21:12:35.2105163+02:00" testType="13cdc9d9-ddb5-4fa4-a97d-d965ccfc6d4b" outcome="Passed" testListId="8c84fa94-04c1-424b-9868-57a2d4851a1d" relativeResultsDirectory="681110bc-c49b-41dd-8952-a6ef9ff9c2a7" />
    <UnitTestResult executionId="56a0d816-beec-4ceb-9617-3a124e328c4c" testId="66cfeda0-e2cf-f1fc-0d88-eef5b227e59f" testName="FormatToStringTest1000(23612.114499758984d,&quot;23612.11 zł&quot;)" computerName="DESKTOP-5URQ9PB" duration="00:00:00.0000190" startTime="2022-06-13T21:12:35.2094570+02:00" endTime="2022-06-13T21:12:35.2094754+02:00" testType="13cdc9d9-ddb5-4fa4-a97d-d965ccfc6d4b" outcome="Passed" testListId="8c84fa94-04c1-424b-9868-57a2d4851a1d" relativeResultsDirectory="56a0d816-beec-4ceb-9617-3a124e328c4c" />
    <UnitTestResult executionId="019adf75-6d21-4193-854b-3e4a1a6153e7" testId="b3d20388-ddfe-493d-dfad-f423fc621b48" testName="FormatToStringTest1000(58111.21259843521d,&quot;58111.21 zł&quot;)" computerName="DESKTOP-5URQ9PB" duration="00:00:00.0000190" startTime="2022-06-13T21:12:35.2076004+02:00" endTime="2022-06-13T21:12:35.2076187+02:00" testType="13cdc9d9-ddb5-4fa4-a97d-d965ccfc6d4b" outcome="Passed" testListId="8c84fa94-04c1-424b-9868-57a2d4851a1d" relativeResultsDirectory="019adf75-6d21-4193-854b-3e4a1a6153e7" />
    <UnitTestResult executionId="ca6a5737-2d71-484c-924b-44503d48df4f" testId="7a70b4a3-dd05-b389-f6ee-af27102364f5" testName="FormatToStringTest1000(7789.7136237517525d,&quot;7789.71 zł&quot;)" computerName="DESKTOP-5URQ9PB" duration="00:00:00.0000190" startTime="2022-06-13T21:12:35.2036552+02:00" endTime="2022-06-13T21:12:35.2036737+02:00" testType="13cdc9d9-ddb5-4fa4-a97d-d965ccfc6d4b" outcome="Passed" testListId="8c84fa94-04c1-424b-9868-57a2d4851a1d" relativeResultsDirectory="ca6a5737-2d71-484c-924b-44503d48df4f" />
    <UnitTestResult executionId="5226c8c3-a942-47dd-a717-ec57b124c3fd" testId="47e7ec55-4391-8546-d1c3-fb5db01a41e8" testName="FormatToStringTest1000(6213.265206352466d,&quot;6213.27 zł&quot;)" computerName="DESKTOP-5URQ9PB" duration="00:00:00.0000190" startTime="2022-06-13T21:12:35.2112216+02:00" endTime="2022-06-13T21:12:35.2112400+02:00" testType="13cdc9d9-ddb5-4fa4-a97d-d965ccfc6d4b" outcome="Passed" testListId="8c84fa94-04c1-424b-9868-57a2d4851a1d" relativeResultsDirectory="5226c8c3-a942-47dd-a717-ec57b124c3fd" />
    <UnitTestResult executionId="1b7171ff-cc4e-4839-ae2e-84048747d289" testId="9006b827-71f8-1e68-78c8-d64e06e75b19" testName="FormatToStringTest1000(50644.690874327294d,&quot;50644.69 zł&quot;)" computerName="DESKTOP-5URQ9PB" duration="00:00:00.0000270" startTime="2022-06-13T21:12:35.2230540+02:00" endTime="2022-06-13T21:12:35.2230807+02:00" testType="13cdc9d9-ddb5-4fa4-a97d-d965ccfc6d4b" outcome="Passed" testListId="8c84fa94-04c1-424b-9868-57a2d4851a1d" relativeResultsDirectory="1b7171ff-cc4e-4839-ae2e-84048747d289" />
    <UnitTestResult executionId="8d31fc2f-73f6-4753-851a-6819efd429e5" testId="05be2e04-a7a4-ec81-8b2e-19e4e2cd04d0" testName="FormatToStringTest1000(18490.912787030877d,&quot;18490.91 zł&quot;)" computerName="DESKTOP-5URQ9PB" duration="00:00:00.0000190" startTime="2022-06-13T21:12:35.2212378+02:00" endTime="2022-06-13T21:12:35.2212567+02:00" testType="13cdc9d9-ddb5-4fa4-a97d-d965ccfc6d4b" outcome="Passed" testListId="8c84fa94-04c1-424b-9868-57a2d4851a1d" relativeResultsDirectory="8d31fc2f-73f6-4753-851a-6819efd429e5" />
    <UnitTestResult executionId="a3592b03-c107-495c-9f02-04594b4de705" testId="9a4a7396-bc43-f3a9-c62c-07975736bde6" testName="FormatToStringTest1000(1325.1625259114255d,&quot;1325.16 zł&quot;)" computerName="DESKTOP-5URQ9PB" duration="00:00:00.0000190" startTime="2022-06-13T21:12:35.2182819+02:00" endTime="2022-06-13T21:12:35.2183011+02:00" testType="13cdc9d9-ddb5-4fa4-a97d-d965ccfc6d4b" outcome="Passed" testListId="8c84fa94-04c1-424b-9868-57a2d4851a1d" relativeResultsDirectory="a3592b03-c107-495c-9f02-04594b4de705" />
    <UnitTestResult executionId="eff4ff00-e22e-4ff4-b2bb-3cb5151e60a5" testId="9ef22620-233d-af50-c838-ed1dcd20ddc6" testName="FormatToStringTest1000(30410.68214617003d,&quot;30410.68 zł&quot;)" computerName="DESKTOP-5URQ9PB" duration="00:00:00.0000190" startTime="2022-06-13T21:12:35.2150874+02:00" endTime="2022-06-13T21:12:35.2151065+02:00" testType="13cdc9d9-ddb5-4fa4-a97d-d965ccfc6d4b" outcome="Passed" testListId="8c84fa94-04c1-424b-9868-57a2d4851a1d" relativeResultsDirectory="eff4ff00-e22e-4ff4-b2bb-3cb5151e60a5" />
    <UnitTestResult executionId="f6bd18b5-bf09-4ced-9fdd-e30bae307e0e" testId="9ee728ab-0056-dd90-bcfe-6425ccab758e" testName="FormatToStringTest1000(67898.54481444067d,&quot;67898.54 zł&quot;)" computerName="DESKTOP-5URQ9PB" duration="00:00:00.0000190" startTime="2022-06-13T21:12:35.2072522+02:00" endTime="2022-06-13T21:12:35.2072713+02:00" testType="13cdc9d9-ddb5-4fa4-a97d-d965ccfc6d4b" outcome="Passed" testListId="8c84fa94-04c1-424b-9868-57a2d4851a1d" relativeResultsDirectory="f6bd18b5-bf09-4ced-9fdd-e30bae307e0e" />
    <UnitTestResult executionId="ecd5862f-60f2-494b-88f4-905ade2e8f02" testId="04708542-086d-f6f2-88c4-fe541ab1cd55" testName="FormatToStringTest1000(3506.8456124108498d,&quot;3506.85 zł&quot;)" computerName="DESKTOP-5URQ9PB" duration="00:00:00.0000200" startTime="2022-06-13T21:12:35.2063938+02:00" endTime="2022-06-13T21:12:35.2064133+02:00" testType="13cdc9d9-ddb5-4fa4-a97d-d965ccfc6d4b" outcome="Passed" testListId="8c84fa94-04c1-424b-9868-57a2d4851a1d" relativeResultsDirectory="ecd5862f-60f2-494b-88f4-905ade2e8f02" />
    <UnitTestResult executionId="dc98e23f-06c2-4c7a-972e-e0d2f84e3ab0" testId="32711e52-56ae-2f9f-7aac-180402232486" testName="FormatToStringTest1000(27852.532163303127d,&quot;27852.53 zł&quot;)" computerName="DESKTOP-5URQ9PB" duration="00:00:00.0000190" startTime="2022-06-13T21:12:35.2172683+02:00" endTime="2022-06-13T21:12:35.2172876+02:00" testType="13cdc9d9-ddb5-4fa4-a97d-d965ccfc6d4b" outcome="Passed" testListId="8c84fa94-04c1-424b-9868-57a2d4851a1d" relativeResultsDirectory="dc98e23f-06c2-4c7a-972e-e0d2f84e3ab0" />
    <UnitTestResult executionId="34edce9c-eacf-4f28-be84-85735cb96658" testId="b1be5e34-279b-4416-5a52-95321e0442b4" testName="FormatToStringTest1000(33206.73122987837d,&quot;33206.73 zł&quot;)" computerName="DESKTOP-5URQ9PB" duration="00:00:00.0000190" startTime="2022-06-13T21:12:35.2040115+02:00" endTime="2022-06-13T21:12:35.2040299+02:00" testType="13cdc9d9-ddb5-4fa4-a97d-d965ccfc6d4b" outcome="Passed" testListId="8c84fa94-04c1-424b-9868-57a2d4851a1d" relativeResultsDirectory="34edce9c-eacf-4f28-be84-85735cb96658" />
    <UnitTestResult executionId="d541d595-f35b-4f84-8b79-91bb8d0289be" testId="b1699ce8-743c-1964-eb7b-2aa310ecbb21" testName="FormatToStringTest1000(27164.0272410419d,&quot;27164.03 zł&quot;)" computerName="DESKTOP-5URQ9PB" duration="00:00:00.0000190" startTime="2022-06-13T21:12:35.2102977+02:00" endTime="2022-06-13T21:12:35.2103161+02:00" testType="13cdc9d9-ddb5-4fa4-a97d-d965ccfc6d4b" outcome="Passed" testListId="8c84fa94-04c1-424b-9868-57a2d4851a1d" relativeResultsDirectory="d541d595-f35b-4f84-8b79-91bb8d0289be" />
    <UnitTestResult executionId="25af791c-57b6-4405-85e5-55a254ec12ee" testId="3e825b25-6db1-d72d-ab5d-475a3a46b642" testName="FormatToStringTest1000(38076.55319665165d,&quot;38076.55 zł&quot;)" computerName="DESKTOP-5URQ9PB" duration="00:00:00.0000200" startTime="2022-06-13T21:12:35.2054287+02:00" endTime="2022-06-13T21:12:35.2054483+02:00" testType="13cdc9d9-ddb5-4fa4-a97d-d965ccfc6d4b" outcome="Passed" testListId="8c84fa94-04c1-424b-9868-57a2d4851a1d" relativeResultsDirectory="25af791c-57b6-4405-85e5-55a254ec12ee" />
    <UnitTestResult executionId="9aa4033f-6f6e-4376-a7d0-c1b8835d2aea" testId="b8f799c6-5cbe-3da8-b8f8-1ee56d7fcf02" testName="FormatToStringTest1000(11584.045280779732d,&quot;11584.05 zł&quot;)" computerName="DESKTOP-5URQ9PB" duration="00:00:00.0000200" startTime="2022-06-13T21:12:35.2224818+02:00" endTime="2022-06-13T21:12:35.2225017+02:00" testType="13cdc9d9-ddb5-4fa4-a97d-d965ccfc6d4b" outcome="Passed" testListId="8c84fa94-04c1-424b-9868-57a2d4851a1d" relativeResultsDirectory="9aa4033f-6f6e-4376-a7d0-c1b8835d2aea" />
    <UnitTestResult executionId="8cffd366-12da-4f84-8b0e-d0e799728834" testId="d29aa2a9-a943-d583-f9f3-c1d6c5281005" testName="FormatToStringTest1000(57713.01647853712d,&quot;57713.02 zł&quot;)" computerName="DESKTOP-5URQ9PB" duration="00:00:00.0000190" startTime="2022-06-13T21:12:35.2164152+02:00" endTime="2022-06-13T21:12:35.2164340+02:00" testType="13cdc9d9-ddb5-4fa4-a97d-d965ccfc6d4b" outcome="Passed" testListId="8c84fa94-04c1-424b-9868-57a2d4851a1d" relativeResultsDirectory="8cffd366-12da-4f84-8b0e-d0e799728834" />
    <UnitTestResult executionId="0a601ce3-d803-4800-9852-c7dca9ff67f0" testId="0741a97b-fe60-742a-1f50-b38d8a9cae33" testName="FormatToStringTest1000(6466.872242818062d,&quot;6466.87 zł&quot;)" computerName="DESKTOP-5URQ9PB" duration="00:00:00.0000190" startTime="2022-06-13T21:12:35.2195179+02:00" endTime="2022-06-13T21:12:35.2195371+02:00" testType="13cdc9d9-ddb5-4fa4-a97d-d965ccfc6d4b" outcome="Passed" testListId="8c84fa94-04c1-424b-9868-57a2d4851a1d" relativeResultsDirectory="0a601ce3-d803-4800-9852-c7dca9ff67f0" />
    <UnitTestResult executionId="2fa5fc89-4000-453c-b18b-2cca249b8476" testId="20eba454-047b-5e64-79ba-74e9397a20a4" testName="FormatToStringTest1000(7726.0074454499445d,&quot;7726.01 zł&quot;)" computerName="DESKTOP-5URQ9PB" duration="00:00:00.0000200" startTime="2022-06-13T21:12:35.2097921+02:00" endTime="2022-06-13T21:12:35.2098115+02:00" testType="13cdc9d9-ddb5-4fa4-a97d-d965ccfc6d4b" outcome="Passed" testListId="8c84fa94-04c1-424b-9868-57a2d4851a1d" relativeResultsDirectory="2fa5fc89-4000-453c-b18b-2cca249b8476" />
    <UnitTestResult executionId="8ed98a72-81f1-43f5-b604-012620f5f8ce" testId="90ee7706-be86-d0d9-20c4-74ab6a1f60b7" testName="FormatToStringTest1000(67109.22110940759d,&quot;67109.22 zł&quot;)" computerName="DESKTOP-5URQ9PB" duration="00:00:00.0000190" startTime="2022-06-13T21:12:35.2238373+02:00" endTime="2022-06-13T21:12:35.2238558+02:00" testType="13cdc9d9-ddb5-4fa4-a97d-d965ccfc6d4b" outcome="Passed" testListId="8c84fa94-04c1-424b-9868-57a2d4851a1d" relativeResultsDirectory="8ed98a72-81f1-43f5-b604-012620f5f8ce" />
    <UnitTestResult executionId="9d22c41f-2469-4e47-a46a-5921c9e39b43" testId="e84b36e7-4f40-fa31-8ed6-b8aea0f7b95d" testName="FormatToStringTest1000(3274.481392617096d,&quot;3274.48 zł&quot;)" computerName="DESKTOP-5URQ9PB" duration="00:00:00.0000190" startTime="2022-06-13T21:12:35.2186347+02:00" endTime="2022-06-13T21:12:35.2186539+02:00" testType="13cdc9d9-ddb5-4fa4-a97d-d965ccfc6d4b" outcome="Passed" testListId="8c84fa94-04c1-424b-9868-57a2d4851a1d" relativeResultsDirectory="9d22c41f-2469-4e47-a46a-5921c9e39b43" />
    <UnitTestResult executionId="6783765a-65fd-4bd8-b3c5-3bc0fbc41e86" testId="e0f11812-ae84-56fe-380e-aa4471665fb8" testName="FormatToStringTest1000(16511.26921423537d,&quot;16511.27 zł&quot;)" computerName="DESKTOP-5URQ9PB" duration="00:00:00.0000200" startTime="2022-06-13T21:12:35.2259679+02:00" endTime="2022-06-13T21:12:35.2259880+02:00" testType="13cdc9d9-ddb5-4fa4-a97d-d965ccfc6d4b" outcome="Passed" testListId="8c84fa94-04c1-424b-9868-57a2d4851a1d" relativeResultsDirectory="6783765a-65fd-4bd8-b3c5-3bc0fbc41e86" />
    <UnitTestResult executionId="22a2c021-5364-4f47-a1ef-972356f58055" testId="5fffab77-5cc8-a871-bcdb-d0b800ab8840" testName="FormatToStringTest1000(2901.9683054191846d,&quot;2901.97 zł&quot;)" computerName="DESKTOP-5URQ9PB" duration="00:00:00.0000180" startTime="2022-06-13T21:12:35.2089330+02:00" endTime="2022-06-13T21:12:35.2089512+02:00" testType="13cdc9d9-ddb5-4fa4-a97d-d965ccfc6d4b" outcome="Passed" testListId="8c84fa94-04c1-424b-9868-57a2d4851a1d" relativeResultsDirectory="22a2c021-5364-4f47-a1ef-972356f58055" />
    <UnitTestResult executionId="4610d8f3-fa5f-4edf-bf05-5cff6b9a6aad" testId="7be4f16e-73d9-91a8-2b92-68f269673cb9" testName="FormatToStringTest1000(19463.08761954917d,&quot;19463.09 zł&quot;)" computerName="DESKTOP-5URQ9PB" duration="00:00:00.0000190" startTime="2022-06-13T21:12:35.2162637+02:00" endTime="2022-06-13T21:12:35.2162830+02:00" testType="13cdc9d9-ddb5-4fa4-a97d-d965ccfc6d4b" outcome="Passed" testListId="8c84fa94-04c1-424b-9868-57a2d4851a1d" relativeResultsDirectory="4610d8f3-fa5f-4edf-bf05-5cff6b9a6aad" />
    <UnitTestResult executionId="487c1c1f-41bc-41f6-ad6c-f79fa6cef592" testId="fa8e579d-d6a8-b37b-9cf1-3c38331f528e" testName="FormatToStringTest1000(16037.01783290087d,&quot;16037.02 zł&quot;)" computerName="DESKTOP-5URQ9PB" duration="00:00:00.0000200" startTime="2022-06-13T21:12:35.2271201+02:00" endTime="2022-06-13T21:12:35.2271397+02:00" testType="13cdc9d9-ddb5-4fa4-a97d-d965ccfc6d4b" outcome="Passed" testListId="8c84fa94-04c1-424b-9868-57a2d4851a1d" relativeResultsDirectory="487c1c1f-41bc-41f6-ad6c-f79fa6cef592" />
    <UnitTestResult executionId="e3961d99-c802-43bc-a808-0f4897b501c4" testId="a847ffac-041e-82ae-b13a-0b82098799e8" testName="FormatToStringTest1000(59768.02667973611d,&quot;59768.03 zł&quot;)" computerName="DESKTOP-5URQ9PB" duration="00:00:00.0000190" startTime="2022-06-13T21:12:35.2152711+02:00" endTime="2022-06-13T21:12:35.2152897+02:00" testType="13cdc9d9-ddb5-4fa4-a97d-d965ccfc6d4b" outcome="Passed" testListId="8c84fa94-04c1-424b-9868-57a2d4851a1d" relativeResultsDirectory="e3961d99-c802-43bc-a808-0f4897b501c4" />
    <UnitTestResult executionId="9e72e6a5-c5e1-4824-9c4c-69eebd8876e5" testId="9cef29cf-98fb-f211-5054-ae4d42774e1f" testName="FormatToStringTest1000(31347.468987404587d,&quot;31347.47 zł&quot;)" computerName="DESKTOP-5URQ9PB" duration="00:00:00.0000190" startTime="2022-06-13T21:12:35.2258927+02:00" endTime="2022-06-13T21:12:35.2259113+02:00" testType="13cdc9d9-ddb5-4fa4-a97d-d965ccfc6d4b" outcome="Passed" testListId="8c84fa94-04c1-424b-9868-57a2d4851a1d" relativeResultsDirectory="9e72e6a5-c5e1-4824-9c4c-69eebd8876e5" />
    <UnitTestResult executionId="0e3555e2-a95f-450b-baa8-f7934f98eb92" testId="c6ae4b68-49e1-d669-439e-3d0b7ef0cea4" testName="FormatToStringTest1000(21328.29026726507d,&quot;21328.29 zł&quot;)" computerName="DESKTOP-5URQ9PB" duration="00:00:00.0000200" startTime="2022-06-13T21:12:35.2257423+02:00" endTime="2022-06-13T21:12:35.2257619+02:00" testType="13cdc9d9-ddb5-4fa4-a97d-d965ccfc6d4b" outcome="Passed" testListId="8c84fa94-04c1-424b-9868-57a2d4851a1d" relativeResultsDirectory="0e3555e2-a95f-450b-baa8-f7934f98eb92" />
    <UnitTestResult executionId="e746dac1-2e8b-4988-94f5-d7e82b7be8a6" testId="2b003fb3-b141-e2a9-bad9-fff43705ee9e" testName="FormatToStringTest1000(72703.4365723503d,&quot;72703.44 zł&quot;)" computerName="DESKTOP-5URQ9PB" duration="00:00:00.0000190" startTime="2022-06-13T21:12:35.2114200+02:00" endTime="2022-06-13T21:12:35.2114390+02:00" testType="13cdc9d9-ddb5-4fa4-a97d-d965ccfc6d4b" outcome="Passed" testListId="8c84fa94-04c1-424b-9868-57a2d4851a1d" relativeResultsDirectory="e746dac1-2e8b-4988-94f5-d7e82b7be8a6" />
    <UnitTestResult executionId="485295a3-1178-4dee-9ae0-05e6a6ed2887" testId="3d581e6e-ac62-d984-1637-f1fef62a5597" testName="FormatToStringTest1000(57525.72988993569d,&quot;57525.73 zł&quot;)" computerName="DESKTOP-5URQ9PB" duration="00:00:00.0000190" startTime="2022-06-13T21:12:35.2167231+02:00" endTime="2022-06-13T21:12:35.2167416+02:00" testType="13cdc9d9-ddb5-4fa4-a97d-d965ccfc6d4b" outcome="Passed" testListId="8c84fa94-04c1-424b-9868-57a2d4851a1d" relativeResultsDirectory="485295a3-1178-4dee-9ae0-05e6a6ed2887" />
    <UnitTestResult executionId="e991d3a9-bf5a-41c9-8f18-1ddf3e8ee884" testId="712f5c64-914a-8747-dac9-aeb72d33838f" testName="FormatToStringTest1000(66945.02904917022d,&quot;66945.03 zł&quot;)" computerName="DESKTOP-5URQ9PB" duration="00:00:00.0000190" startTime="2022-06-13T21:12:35.2244877+02:00" endTime="2022-06-13T21:12:35.2245060+02:00" testType="13cdc9d9-ddb5-4fa4-a97d-d965ccfc6d4b" outcome="Passed" testListId="8c84fa94-04c1-424b-9868-57a2d4851a1d" relativeResultsDirectory="e991d3a9-bf5a-41c9-8f18-1ddf3e8ee884" />
    <UnitTestResult executionId="a783c540-7131-4e54-9ed8-26f0a8faeb37" testId="a6878771-c471-f5b9-95dc-467df24cdd5b" testName="FormatToStringTest1000(823.2747994560166d,&quot;823.27 zł&quot;)" computerName="DESKTOP-5URQ9PB" duration="00:00:00.0000180" startTime="2022-06-13T21:12:35.2222050+02:00" endTime="2022-06-13T21:12:35.2222232+02:00" testType="13cdc9d9-ddb5-4fa4-a97d-d965ccfc6d4b" outcome="Passed" testListId="8c84fa94-04c1-424b-9868-57a2d4851a1d" relativeResultsDirectory="a783c540-7131-4e54-9ed8-26f0a8faeb37" />
    <UnitTestResult executionId="3acfc197-cec7-4dd4-80a8-bc86781afd90" testId="d26e5e0e-e63b-6a1f-1d40-d2dc8692bbaf" testName="FormatToStringTest1000(63507.32603545455d,&quot;63507.33 zł&quot;)" computerName="DESKTOP-5URQ9PB" duration="00:00:00.0000190" startTime="2022-06-13T21:12:35.2045381+02:00" endTime="2022-06-13T21:12:35.2045566+02:00" testType="13cdc9d9-ddb5-4fa4-a97d-d965ccfc6d4b" outcome="Passed" testListId="8c84fa94-04c1-424b-9868-57a2d4851a1d" relativeResultsDirectory="3acfc197-cec7-4dd4-80a8-bc86781afd90" />
    <UnitTestResult executionId="5eac520e-e94c-4099-9033-4e22e1becacd" testId="ac23e196-8a79-cb67-41ad-c8975a08f154" testName="FormatToStringTest1000(5566.818038455592d,&quot;5566.82 zł&quot;)" computerName="DESKTOP-5URQ9PB" duration="00:00:00.0000190" startTime="2022-06-13T21:12:35.2207063+02:00" endTime="2022-06-13T21:12:35.2207250+02:00" testType="13cdc9d9-ddb5-4fa4-a97d-d965ccfc6d4b" outcome="Passed" testListId="8c84fa94-04c1-424b-9868-57a2d4851a1d" relativeResultsDirectory="5eac520e-e94c-4099-9033-4e22e1becacd" />
    <UnitTestResult executionId="35b3656c-795e-4783-a02f-1fe90debfe8e" testId="6fa66cd3-3174-5023-d80b-ce9981bfadfc" testName="FormatToStringTest1000(69373.32129976773d,&quot;69373.32 zł&quot;)" computerName="DESKTOP-5URQ9PB" duration="00:00:00.0000190" startTime="2022-06-13T21:12:35.2146420+02:00" endTime="2022-06-13T21:12:35.2146608+02:00" testType="13cdc9d9-ddb5-4fa4-a97d-d965ccfc6d4b" outcome="Passed" testListId="8c84fa94-04c1-424b-9868-57a2d4851a1d" relativeResultsDirectory="35b3656c-795e-4783-a02f-1fe90debfe8e" />
    <UnitTestResult executionId="d206263a-94a6-476b-9b1b-735bd90da15f" testId="6d4f36db-ef1e-952d-7dfb-29f4be4b6ca7" testName="FormatToStringTest1000(46166.38051381259d,&quot;46166.38 zł&quot;)" computerName="DESKTOP-5URQ9PB" duration="00:00:00.0000190" startTime="2022-06-13T21:12:35.2105235+02:00" endTime="2022-06-13T21:12:35.2105428+02:00" testType="13cdc9d9-ddb5-4fa4-a97d-d965ccfc6d4b" outcome="Passed" testListId="8c84fa94-04c1-424b-9868-57a2d4851a1d" relativeResultsDirectory="d206263a-94a6-476b-9b1b-735bd90da15f" />
    <UnitTestResult executionId="32ac93f4-614b-4278-951d-f237edbbc3c5" testId="7904b819-04ff-ce91-7814-899d505d8f94" testName="FormatToStringTest1000(11.555284778846096d,&quot;11.56 zł&quot;)" computerName="DESKTOP-5URQ9PB" duration="00:00:00.0000200" startTime="2022-06-13T21:12:35.2240376+02:00" endTime="2022-06-13T21:12:35.2240571+02:00" testType="13cdc9d9-ddb5-4fa4-a97d-d965ccfc6d4b" outcome="Passed" testListId="8c84fa94-04c1-424b-9868-57a2d4851a1d" relativeResultsDirectory="32ac93f4-614b-4278-951d-f237edbbc3c5" />
    <UnitTestResult executionId="f4f527f8-b09f-4017-92bf-ca6abed17808" testId="f40cda09-c7b2-157d-533a-1e4833860e01" testName="FormatToStringTest1000(8347.417790138823d,&quot;8347.42 zł&quot;)" computerName="DESKTOP-5URQ9PB" duration="00:00:00.0000190" startTime="2022-06-13T21:12:35.2208316+02:00" endTime="2022-06-13T21:12:35.2208503+02:00" testType="13cdc9d9-ddb5-4fa4-a97d-d965ccfc6d4b" outcome="Passed" testListId="8c84fa94-04c1-424b-9868-57a2d4851a1d" relativeResultsDirectory="f4f527f8-b09f-4017-92bf-ca6abed17808" />
    <UnitTestResult executionId="75705aff-df15-49ce-9a08-709be6edbade" testId="b1d26b6f-e2ab-c7af-55d4-4d9f04f43eca" testName="FormatToStringTest1000(49416.285282306504d,&quot;49416.29 zł&quot;)" computerName="DESKTOP-5URQ9PB" duration="00:00:00.0000200" startTime="2022-06-13T21:12:35.2238620+02:00" endTime="2022-06-13T21:12:35.2238821+02:00" testType="13cdc9d9-ddb5-4fa4-a97d-d965ccfc6d4b" outcome="Passed" testListId="8c84fa94-04c1-424b-9868-57a2d4851a1d" relativeResultsDirectory="75705aff-df15-49ce-9a08-709be6edbade" />
    <UnitTestResult executionId="41f81c0f-bfbe-4db6-bdb2-fe7264184e6c" testId="4593d3e0-40c6-d633-5fcd-f61df33025dc" testName="FormatToStringTest1000(12187.551827252633d,&quot;12187.55 zł&quot;)" computerName="DESKTOP-5URQ9PB" duration="00:00:00.0000190" startTime="2022-06-13T21:12:35.2082549+02:00" endTime="2022-06-13T21:12:35.2082733+02:00" testType="13cdc9d9-ddb5-4fa4-a97d-d965ccfc6d4b" outcome="Passed" testListId="8c84fa94-04c1-424b-9868-57a2d4851a1d" relativeResultsDirectory="41f81c0f-bfbe-4db6-bdb2-fe7264184e6c" />
    <UnitTestResult executionId="71435d48-db9e-4d90-900d-f5844f6fa54b" testId="b707b6dd-6efb-76f3-be89-5a3ace5192c9" testName="FormatToStringTest1000(8599.45217413616d,&quot;8599.45 zł&quot;)" computerName="DESKTOP-5URQ9PB" duration="00:00:00.0000190" startTime="2022-06-13T21:12:35.2066443+02:00" endTime="2022-06-13T21:12:35.2066630+02:00" testType="13cdc9d9-ddb5-4fa4-a97d-d965ccfc6d4b" outcome="Passed" testListId="8c84fa94-04c1-424b-9868-57a2d4851a1d" relativeResultsDirectory="71435d48-db9e-4d90-900d-f5844f6fa54b" />
    <UnitTestResult executionId="34b79501-aaaf-43ae-ab9c-41501be20bd3" testId="50412f91-cd15-dc69-c1d6-5d9dbd95d4af" testName="FormatToStringTest1000(20482.32969107308d,&quot;20482.33 zł&quot;)" computerName="DESKTOP-5URQ9PB" duration="00:00:00.0000280" startTime="2022-06-13T21:12:35.2066994+02:00" endTime="2022-06-13T21:12:35.2067266+02:00" testType="13cdc9d9-ddb5-4fa4-a97d-d965ccfc6d4b" outcome="Passed" testListId="8c84fa94-04c1-424b-9868-57a2d4851a1d" relativeResultsDirectory="34b79501-aaaf-43ae-ab9c-41501be20bd3" />
    <UnitTestResult executionId="f0146d40-c1af-4a90-9824-454d4d4863e8" testId="b2708039-2d5c-fb09-5f56-062d0cb9067a" testName="FormatToStringTest1000(7594.279030504766d,&quot;7594.28 zł&quot;)" computerName="DESKTOP-5URQ9PB" duration="00:00:00.0000200" startTime="2022-06-13T21:12:35.2035288+02:00" endTime="2022-06-13T21:12:35.2035483+02:00" testType="13cdc9d9-ddb5-4fa4-a97d-d965ccfc6d4b" outcome="Passed" testListId="8c84fa94-04c1-424b-9868-57a2d4851a1d" relativeResultsDirectory="f0146d40-c1af-4a90-9824-454d4d4863e8" />
    <UnitTestResult executionId="690ffc1d-b5bf-4e08-a06d-2b95f461be54" testId="d7f71e56-89f1-ca12-7436-85c71867f730" testName="FormatToStringTest1000(6946.333318357977d,&quot;6946.33 zł&quot;)" computerName="DESKTOP-5URQ9PB" duration="00:00:00.0000190" startTime="2022-06-13T21:12:35.2109953+02:00" endTime="2022-06-13T21:12:35.2110139+02:00" testType="13cdc9d9-ddb5-4fa4-a97d-d965ccfc6d4b" outcome="Passed" testListId="8c84fa94-04c1-424b-9868-57a2d4851a1d" relativeResultsDirectory="690ffc1d-b5bf-4e08-a06d-2b95f461be54" />
    <UnitTestResult executionId="390bebbc-2d0e-416a-809f-5310bfcf7a12" testId="04b5ae4a-9995-af19-61fb-019921680928" testName="FormatToStringTest1000(26162.532683261918d,&quot;26162.53 zł&quot;)" computerName="DESKTOP-5URQ9PB" duration="00:00:00.0000190" startTime="2022-06-13T21:12:35.2237370+02:00" endTime="2022-06-13T21:12:35.2237555+02:00" testType="13cdc9d9-ddb5-4fa4-a97d-d965ccfc6d4b" outcome="Passed" testListId="8c84fa94-04c1-424b-9868-57a2d4851a1d" relativeResultsDirectory="390bebbc-2d0e-416a-809f-5310bfcf7a12" />
    <UnitTestResult executionId="9cc30d53-d0bc-4532-8be5-62282679d197" testId="af79a348-5fb3-03eb-c3ed-5bb2185640a5" testName="FormatToStringTest1000(3195.202943510936d,&quot;3195.20 zł&quot;)" computerName="DESKTOP-5URQ9PB" duration="00:00:00.0000200" startTime="2022-06-13T21:12:35.2103957+02:00" endTime="2022-06-13T21:12:35.2104151+02:00" testType="13cdc9d9-ddb5-4fa4-a97d-d965ccfc6d4b" outcome="Passed" testListId="8c84fa94-04c1-424b-9868-57a2d4851a1d" relativeResultsDirectory="9cc30d53-d0bc-4532-8be5-62282679d197" />
    <UnitTestResult executionId="29cfee6d-55dc-493c-98c8-869c132a5375" testId="5ec8d008-0362-0f87-55a5-ff4397c5ceeb" testName="FormatToStringTest1000(7370.518277515898d,&quot;7370.52 zł&quot;)" computerName="DESKTOP-5URQ9PB" duration="00:00:00.0000190" startTime="2022-06-13T21:12:35.2101213+02:00" endTime="2022-06-13T21:12:35.2101401+02:00" testType="13cdc9d9-ddb5-4fa4-a97d-d965ccfc6d4b" outcome="Passed" testListId="8c84fa94-04c1-424b-9868-57a2d4851a1d" relativeResultsDirectory="29cfee6d-55dc-493c-98c8-869c132a5375" />
    <UnitTestResult executionId="0ae4ff3e-6b0b-4ca5-8e38-81ad95825639" testId="a3a785ff-5f15-1809-0327-13b742192f57" testName="FormatToStringTest1000(13453.429998117233d,&quot;13453.43 zł&quot;)" computerName="DESKTOP-5URQ9PB" duration="00:00:00.0000190" startTime="2022-06-13T21:12:35.2203477+02:00" endTime="2022-06-13T21:12:35.2203663+02:00" testType="13cdc9d9-ddb5-4fa4-a97d-d965ccfc6d4b" outcome="Passed" testListId="8c84fa94-04c1-424b-9868-57a2d4851a1d" relativeResultsDirectory="0ae4ff3e-6b0b-4ca5-8e38-81ad95825639" />
    <UnitTestResult executionId="3461ad93-5f14-4ca9-a512-638d6fbef9b2" testId="3c433d09-bfc8-05ae-376b-cff8f69161af" testName="FormatToStringTest1000(63946.51014057478d,&quot;63946.51 zł&quot;)" computerName="DESKTOP-5URQ9PB" duration="00:00:00.0000190" startTime="2022-06-13T21:12:35.2180055+02:00" endTime="2022-06-13T21:12:35.2180238+02:00" testType="13cdc9d9-ddb5-4fa4-a97d-d965ccfc6d4b" outcome="Passed" testListId="8c84fa94-04c1-424b-9868-57a2d4851a1d" relativeResultsDirectory="3461ad93-5f14-4ca9-a512-638d6fbef9b2" />
    <UnitTestResult executionId="ba9e3b75-ee26-4802-9c7b-2970db8a50d4" testId="bb5a2e9a-5cdb-f48d-dc56-2c3c111c851a" testName="FormatToStringTest1000(60017.857676936714d,&quot;60017.86 zł&quot;)" computerName="DESKTOP-5URQ9PB" duration="00:00:00.0000190" startTime="2022-06-13T21:12:35.2271707+02:00" endTime="2022-06-13T21:12:35.2271899+02:00" testType="13cdc9d9-ddb5-4fa4-a97d-d965ccfc6d4b" outcome="Passed" testListId="8c84fa94-04c1-424b-9868-57a2d4851a1d" relativeResultsDirectory="ba9e3b75-ee26-4802-9c7b-2970db8a50d4" />
    <UnitTestResult executionId="60c9bac0-34ee-4b75-9865-b07eceeb0eb4" testId="c2c62cce-7606-0af4-5c6b-a30ffe30b4ea" testName="FormatToStringTest1000(46898.00219497783d,&quot;46898.00 zł&quot;)" computerName="DESKTOP-5URQ9PB" duration="00:00:00.0000190" startTime="2022-06-13T21:12:35.2045885+02:00" endTime="2022-06-13T21:12:35.2046073+02:00" testType="13cdc9d9-ddb5-4fa4-a97d-d965ccfc6d4b" outcome="Passed" testListId="8c84fa94-04c1-424b-9868-57a2d4851a1d" relativeResultsDirectory="60c9bac0-34ee-4b75-9865-b07eceeb0eb4" />
    <UnitTestResult executionId="25538897-6d7e-42bd-9adc-84b8bcb93416" testId="73a1abc1-28a4-b23c-9ff3-4e27cf222dab" testName="FormatToStringTest1000(68479.93492677805d,&quot;68479.93 zł&quot;)" computerName="DESKTOP-5URQ9PB" duration="00:00:00.0000190" startTime="2022-06-13T21:12:35.2258183+02:00" endTime="2022-06-13T21:12:35.2258367+02:00" testType="13cdc9d9-ddb5-4fa4-a97d-d965ccfc6d4b" outcome="Passed" testListId="8c84fa94-04c1-424b-9868-57a2d4851a1d" relativeResultsDirectory="25538897-6d7e-42bd-9adc-84b8bcb93416" />
    <UnitTestResult executionId="5eb12f7a-0c37-451c-8e1b-1b9bca660b23" testId="7d9a319c-0aa5-831a-d202-712bedb1b15a" testName="FormatToStringTest1000(39178.05988345298d,&quot;39178.06 zł&quot;)" computerName="DESKTOP-5URQ9PB" duration="00:00:00.0000190" startTime="2022-06-13T21:12:35.2043875+02:00" endTime="2022-06-13T21:12:35.2044066+02:00" testType="13cdc9d9-ddb5-4fa4-a97d-d965ccfc6d4b" outcome="Passed" testListId="8c84fa94-04c1-424b-9868-57a2d4851a1d" relativeResultsDirectory="5eb12f7a-0c37-451c-8e1b-1b9bca660b23" />
    <UnitTestResult executionId="8f94c87d-566d-4142-98b1-a0d38ee95919" testId="c39afc72-aad4-5709-e4a1-73293872a305" testName="FormatToStringTest1000(51529.79033960206d,&quot;51529.79 zł&quot;)" computerName="DESKTOP-5URQ9PB" duration="00:00:00.0000190" startTime="2022-06-13T21:12:35.2259182+02:00" endTime="2022-06-13T21:12:35.2259369+02:00" testType="13cdc9d9-ddb5-4fa4-a97d-d965ccfc6d4b" outcome="Passed" testListId="8c84fa94-04c1-424b-9868-57a2d4851a1d" relativeResultsDirectory="8f94c87d-566d-4142-98b1-a0d38ee95919" />
    <UnitTestResult executionId="73837a94-cbd6-48c6-bafe-465d7044abe8" testId="ea53113d-e645-3e3d-8dda-f0c57f3d1f3e" testName="FormatToStringTest1000(16190.113943164757d,&quot;16190.11 zł&quot;)" computerName="DESKTOP-5URQ9PB" duration="00:00:00.0000190" startTime="2022-06-13T21:12:35.2134855+02:00" endTime="2022-06-13T21:12:35.2135040+02:00" testType="13cdc9d9-ddb5-4fa4-a97d-d965ccfc6d4b" outcome="Passed" testListId="8c84fa94-04c1-424b-9868-57a2d4851a1d" relativeResultsDirectory="73837a94-cbd6-48c6-bafe-465d7044abe8" />
    <UnitTestResult executionId="2dca112d-3c16-47c3-acc9-fb890617aadd" testId="1ae81526-c34e-30fb-a453-ec950aa3ef1c" testName="FormatToStringTest1000(12903.541202012237d,&quot;12903.54 zł&quot;)" computerName="DESKTOP-5URQ9PB" duration="00:00:00.0000190" startTime="2022-06-13T21:12:35.2097161+02:00" endTime="2022-06-13T21:12:35.2097345+02:00" testType="13cdc9d9-ddb5-4fa4-a97d-d965ccfc6d4b" outcome="Passed" testListId="8c84fa94-04c1-424b-9868-57a2d4851a1d" relativeResultsDirectory="2dca112d-3c16-47c3-acc9-fb890617aadd" />
    <UnitTestResult executionId="46da7f2d-e685-4ff7-bc15-5e641e1546ab" testId="9a124f11-40ca-d2aa-a849-6941897e0c0b" testName="FormatToStringTest1000(7076.829971250534d,&quot;7076.83 zł&quot;)" computerName="DESKTOP-5URQ9PB" duration="00:00:00.0000190" startTime="2022-06-13T21:12:35.2243635+02:00" endTime="2022-06-13T21:12:35.2243821+02:00" testType="13cdc9d9-ddb5-4fa4-a97d-d965ccfc6d4b" outcome="Passed" testListId="8c84fa94-04c1-424b-9868-57a2d4851a1d" relativeResultsDirectory="46da7f2d-e685-4ff7-bc15-5e641e1546ab" />
    <UnitTestResult executionId="51e42457-0a9a-4361-8197-c6f584c62656" testId="45d434bd-96d2-7ca0-c594-4cf5e3f89416" testName="FormatToStringTest1000(3092.9215945624383d,&quot;3092.92 zł&quot;)" computerName="DESKTOP-5URQ9PB" duration="00:00:00.0000200" startTime="2022-06-13T21:12:35.2171918+02:00" endTime="2022-06-13T21:12:35.2172111+02:00" testType="13cdc9d9-ddb5-4fa4-a97d-d965ccfc6d4b" outcome="Passed" testListId="8c84fa94-04c1-424b-9868-57a2d4851a1d" relativeResultsDirectory="51e42457-0a9a-4361-8197-c6f584c62656" />
    <UnitTestResult executionId="1387c227-bc73-48fd-98ff-895e91c0d92b" testId="c19bcdf9-7163-0762-fc75-0cd4559b2da8" testName="FormatToStringTest1000(22799.991836491965d,&quot;22799.99 zł&quot;)" computerName="DESKTOP-5URQ9PB" duration="00:00:00.0000190" startTime="2022-06-13T21:12:35.2127641+02:00" endTime="2022-06-13T21:12:35.2127830+02:00" testType="13cdc9d9-ddb5-4fa4-a97d-d965ccfc6d4b" outcome="Passed" testListId="8c84fa94-04c1-424b-9868-57a2d4851a1d" relativeResultsDirectory="1387c227-bc73-48fd-98ff-895e91c0d92b" />
    <UnitTestResult executionId="fa9f227d-92c5-46e4-84a8-b4d1650d6347" testId="fb0ce41f-cede-9ac7-f047-8c3573f30f7e" testName="FormatToStringTest1000(486.15309567942893d,&quot;486.15 zł&quot;)" computerName="DESKTOP-5URQ9PB" duration="00:00:00.0000190" startTime="2022-06-13T21:12:35.2115694+02:00" endTime="2022-06-13T21:12:35.2115879+02:00" testType="13cdc9d9-ddb5-4fa4-a97d-d965ccfc6d4b" outcome="Passed" testListId="8c84fa94-04c1-424b-9868-57a2d4851a1d" relativeResultsDirectory="fa9f227d-92c5-46e4-84a8-b4d1650d6347" />
    <UnitTestResult executionId="06cf36e0-be9f-4f37-8c04-4c3356ce8946" testId="7f9e3406-835c-5c12-68cf-08b73690e2b2" testName="FormatToStringTest1000(35248.53555717996d,&quot;35248.54 zł&quot;)" computerName="DESKTOP-5URQ9PB" duration="00:00:00.0000190" startTime="2022-06-13T21:12:35.2279271+02:00" endTime="2022-06-13T21:12:35.2279457+02:00" testType="13cdc9d9-ddb5-4fa4-a97d-d965ccfc6d4b" outcome="Passed" testListId="8c84fa94-04c1-424b-9868-57a2d4851a1d" relativeResultsDirectory="06cf36e0-be9f-4f37-8c04-4c3356ce8946" />
    <UnitTestResult executionId="30262958-e557-4f08-a053-0d42de7632ef" testId="ecefef35-6686-837e-5061-bcb9badf51b3" testName="FormatToStringTest1000(20344.185360967265d,&quot;20344.19 zł&quot;)" computerName="DESKTOP-5URQ9PB" duration="00:00:00.0000210" startTime="2022-06-13T21:12:35.2215161+02:00" endTime="2022-06-13T21:12:35.2215365+02:00" testType="13cdc9d9-ddb5-4fa4-a97d-d965ccfc6d4b" outcome="Passed" testListId="8c84fa94-04c1-424b-9868-57a2d4851a1d" relativeResultsDirectory="30262958-e557-4f08-a053-0d42de7632ef" />
    <UnitTestResult executionId="9cbf6f8c-95f3-48e5-a451-e81cf049ed2c" testId="ea8471c3-2743-4dfb-2fac-6cae304dff99" testName="FormatToStringTest1000(36047.83545033672d,&quot;36047.84 zł&quot;)" computerName="DESKTOP-5URQ9PB" duration="00:00:00.0000200" startTime="2022-06-13T21:12:35.2205496+02:00" endTime="2022-06-13T21:12:35.2205690+02:00" testType="13cdc9d9-ddb5-4fa4-a97d-d965ccfc6d4b" outcome="Passed" testListId="8c84fa94-04c1-424b-9868-57a2d4851a1d" relativeResultsDirectory="9cbf6f8c-95f3-48e5-a451-e81cf049ed2c" />
    <UnitTestResult executionId="7e4e5688-9ff2-4437-bb82-8bc67d06566d" testId="ea848b43-279a-f1bb-ab29-b5a8e2e2c8af" testName="FormatToStringTest1000(68174.53068551492d,&quot;68174.53 zł&quot;)" computerName="DESKTOP-5URQ9PB" duration="00:00:00.0000190" startTime="2022-06-13T21:12:35.2241378+02:00" endTime="2022-06-13T21:12:35.2241566+02:00" testType="13cdc9d9-ddb5-4fa4-a97d-d965ccfc6d4b" outcome="Passed" testListId="8c84fa94-04c1-424b-9868-57a2d4851a1d" relativeResultsDirectory="7e4e5688-9ff2-4437-bb82-8bc67d06566d" />
    <UnitTestResult executionId="4deca99e-404d-4eb4-bf7b-15d6436a3d14" testId="c0986095-fb5a-1e8a-a8d8-e6dfbaed61c5" testName="FormatToStringTest1000(15742.409864349947d,&quot;15742.41 zł&quot;)" computerName="DESKTOP-5URQ9PB" duration="00:00:00.0000200" startTime="2022-06-13T21:12:35.2170660+02:00" endTime="2022-06-13T21:12:35.2170856+02:00" testType="13cdc9d9-ddb5-4fa4-a97d-d965ccfc6d4b" outcome="Passed" testListId="8c84fa94-04c1-424b-9868-57a2d4851a1d" relativeResultsDirectory="4deca99e-404d-4eb4-bf7b-15d6436a3d14" />
    <UnitTestResult executionId="d92e46e4-4e0d-4eb5-b002-d0d154911bfe" testId="c7b07fde-ab61-697a-6040-f2f4c1529d34" testName="FormatToStringTest1000(736.7398243680316d,&quot;736.74 zł&quot;)" computerName="DESKTOP-5URQ9PB" duration="00:00:00.0000190" startTime="2022-06-13T21:12:35.2037631+02:00" endTime="2022-06-13T21:12:35.2037820+02:00" testType="13cdc9d9-ddb5-4fa4-a97d-d965ccfc6d4b" outcome="Passed" testListId="8c84fa94-04c1-424b-9868-57a2d4851a1d" relativeResultsDirectory="d92e46e4-4e0d-4eb5-b002-d0d154911bfe" />
    <UnitTestResult executionId="e0bcf323-a6ae-42b8-a57f-039d653117f4" testId="29116375-ac95-4d53-91ed-53d27bf037c6" testName="FormatToStringTest1000(33251.41907856028d,&quot;33251.42 zł&quot;)" computerName="DESKTOP-5URQ9PB" duration="00:00:00.0000200" startTime="2022-06-13T21:12:35.2059145+02:00" endTime="2022-06-13T21:12:35.2059341+02:00" testType="13cdc9d9-ddb5-4fa4-a97d-d965ccfc6d4b" outcome="Passed" testListId="8c84fa94-04c1-424b-9868-57a2d4851a1d" relativeResultsDirectory="e0bcf323-a6ae-42b8-a57f-039d653117f4" />
    <UnitTestResult executionId="f4eaf359-fd8f-4780-9502-071bf6d1dfb8" testId="e39abc6e-a339-e385-747c-5c151d68fdc6" testName="FormatToStringTest1000(15591.4117417221d,&quot;15591.41 zł&quot;)" computerName="DESKTOP-5URQ9PB" duration="00:00:00.0000190" startTime="2022-06-13T21:12:35.2258681+02:00" endTime="2022-06-13T21:12:35.2258865+02:00" testType="13cdc9d9-ddb5-4fa4-a97d-d965ccfc6d4b" outcome="Passed" testListId="8c84fa94-04c1-424b-9868-57a2d4851a1d" relativeResultsDirectory="f4eaf359-fd8f-4780-9502-071bf6d1dfb8" />
    <UnitTestResult executionId="77ccf5ac-5b4b-4cf8-a23b-60e30788870b" testId="bf7aea95-4edb-be07-7de0-fdb7b0e337d5" testName="FormatToStringTest1000(40241.790964380736d,&quot;40241.79 zł&quot;)" computerName="DESKTOP-5URQ9PB" duration="00:00:00.0000190" startTime="2022-06-13T21:12:35.2252226+02:00" endTime="2022-06-13T21:12:35.2252411+02:00" testType="13cdc9d9-ddb5-4fa4-a97d-d965ccfc6d4b" outcome="Passed" testListId="8c84fa94-04c1-424b-9868-57a2d4851a1d" relativeResultsDirectory="77ccf5ac-5b4b-4cf8-a23b-60e30788870b" />
    <UnitTestResult executionId="a5880501-18d7-44db-938a-377048360a8e" testId="2f0cf2d4-3a28-6b74-1791-705b9f0277be" testName="FormatToStringTest1000(3131.5022711732904d,&quot;3131.50 zł&quot;)" computerName="DESKTOP-5URQ9PB" duration="00:00:00.0000190" startTime="2022-06-13T21:12:35.2137913+02:00" endTime="2022-06-13T21:12:35.2138103+02:00" testType="13cdc9d9-ddb5-4fa4-a97d-d965ccfc6d4b" outcome="Passed" testListId="8c84fa94-04c1-424b-9868-57a2d4851a1d" relativeResultsDirectory="a5880501-18d7-44db-938a-377048360a8e" />
    <UnitTestResult executionId="4a7042bc-b010-428b-96a1-242f0d24ecf5" testId="752f584a-0205-5811-1575-29e94681480b" testName="FormatToStringTest1000(46391.661094229516d,&quot;46391.66 zł&quot;)" computerName="DESKTOP-5URQ9PB" duration="00:00:00.0000200" startTime="2022-06-13T21:12:35.2232927+02:00" endTime="2022-06-13T21:12:35.2233125+02:00" testType="13cdc9d9-ddb5-4fa4-a97d-d965ccfc6d4b" outcome="Passed" testListId="8c84fa94-04c1-424b-9868-57a2d4851a1d" relativeResultsDirectory="4a7042bc-b010-428b-96a1-242f0d24ecf5" />
    <UnitTestResult executionId="559cebe0-45e3-4d1e-9cf7-b2a7c6af7398" testId="c6aaa130-65a2-a877-78a2-df837cd09244" testName="FormatToStringTest1000(30533.30031120838d,&quot;30533.30 zł&quot;)" computerName="DESKTOP-5URQ9PB" duration="00:00:00.0000190" startTime="2022-06-13T21:12:35.2159609+02:00" endTime="2022-06-13T21:12:35.2159796+02:00" testType="13cdc9d9-ddb5-4fa4-a97d-d965ccfc6d4b" outcome="Passed" testListId="8c84fa94-04c1-424b-9868-57a2d4851a1d" relativeResultsDirectory="559cebe0-45e3-4d1e-9cf7-b2a7c6af7398" />
    <UnitTestResult executionId="9c4ea19d-402b-4daa-9cb8-9544a37d6659" testId="bc8b0527-de00-05c5-8ddf-e463dace5bf0" testName="FormatToStringTest1000(42728.35751444258d,&quot;42728.36 zł&quot;)" computerName="DESKTOP-5URQ9PB" duration="00:00:00.0000280" startTime="2022-06-13T21:12:35.2234417+02:00" endTime="2022-06-13T21:12:35.2234698+02:00" testType="13cdc9d9-ddb5-4fa4-a97d-d965ccfc6d4b" outcome="Passed" testListId="8c84fa94-04c1-424b-9868-57a2d4851a1d" relativeResultsDirectory="9c4ea19d-402b-4daa-9cb8-9544a37d6659" />
    <UnitTestResult executionId="bd6291fb-ebfd-45df-b7c0-a3dbf135cbfb" testId="adc5ef62-1184-5cc3-ec81-b0b338d88e48" testName="FormatToStringTest1000(3799.9216302064815d,&quot;3799.92 zł&quot;)" computerName="DESKTOP-5URQ9PB" duration="00:00:00.0000190" startTime="2022-06-13T21:12:35.2111716+02:00" endTime="2022-06-13T21:12:35.2111901+02:00" testType="13cdc9d9-ddb5-4fa4-a97d-d965ccfc6d4b" outcome="Passed" testListId="8c84fa94-04c1-424b-9868-57a2d4851a1d" relativeResultsDirectory="bd6291fb-ebfd-45df-b7c0-a3dbf135cbfb" />
    <UnitTestResult executionId="2d7ef0ca-2cc4-4291-a755-952115a46fb9" testId="41ef5fd9-da1d-a61b-4faa-45b077dd05bc" testName="FormatToStringTest1000(80609.94377465078d,&quot;80609.94 zł&quot;)" computerName="DESKTOP-5URQ9PB" duration="00:00:00.0000190" startTime="2022-06-13T21:12:35.2030642+02:00" endTime="2022-06-13T21:12:35.2030829+02:00" testType="13cdc9d9-ddb5-4fa4-a97d-d965ccfc6d4b" outcome="Passed" testListId="8c84fa94-04c1-424b-9868-57a2d4851a1d" relativeResultsDirectory="2d7ef0ca-2cc4-4291-a755-952115a46fb9" />
    <UnitTestResult executionId="8c7edd5d-6f1e-4380-bb98-edf6b658ae47" testId="7e45dd7d-e48e-5c57-3fb0-37befdf85fdc" testName="FormatToStringTest1000(8492.904747505161d,&quot;8492.90 zł&quot;)" computerName="DESKTOP-5URQ9PB" duration="00:00:00.0000200" startTime="2022-06-13T21:12:35.2213376+02:00" endTime="2022-06-13T21:12:35.2213577+02:00" testType="13cdc9d9-ddb5-4fa4-a97d-d965ccfc6d4b" outcome="Passed" testListId="8c84fa94-04c1-424b-9868-57a2d4851a1d" relativeResultsDirectory="8c7edd5d-6f1e-4380-bb98-edf6b658ae47" />
    <UnitTestResult executionId="931c86ae-98b4-426e-82cc-84aa584709c1" testId="11067e87-9b88-327c-9a0f-dda26b0288cb" testName="FormatToStringTest1000(1228.101744225296d,&quot;1228.10 zł&quot;)" computerName="DESKTOP-5URQ9PB" duration="00:00:00.0000200" startTime="2022-06-13T21:12:35.2196972+02:00" endTime="2022-06-13T21:12:35.2197165+02:00" testType="13cdc9d9-ddb5-4fa4-a97d-d965ccfc6d4b" outcome="Passed" testListId="8c84fa94-04c1-424b-9868-57a2d4851a1d" relativeResultsDirectory="931c86ae-98b4-426e-82cc-84aa584709c1" />
    <UnitTestResult executionId="504826eb-033b-48dc-92d6-38bfa111c3a1" testId="2cb249c3-2f01-c9f4-7658-4d0e9af8d192" testName="FormatToStringTest1000(972.1468308629221d,&quot;972.15 zł&quot;)" computerName="DESKTOP-5URQ9PB" duration="00:00:00.0000200" startTime="2022-06-13T21:12:35.2177025+02:00" endTime="2022-06-13T21:12:35.2177219+02:00" testType="13cdc9d9-ddb5-4fa4-a97d-d965ccfc6d4b" outcome="Passed" testListId="8c84fa94-04c1-424b-9868-57a2d4851a1d" relativeResultsDirectory="504826eb-033b-48dc-92d6-38bfa111c3a1" />
    <UnitTestResult executionId="18109bbd-8030-4f36-8e3a-36e8dc56b195" testId="43552c47-f44b-17a4-1647-f8068fe18052" testName="FormatToStringTest1000(40857.08543233996d,&quot;40857.09 zł&quot;)" computerName="DESKTOP-5URQ9PB" duration="00:00:00.0000190" startTime="2022-06-13T21:12:35.2041128+02:00" endTime="2022-06-13T21:12:35.2041313+02:00" testType="13cdc9d9-ddb5-4fa4-a97d-d965ccfc6d4b" outcome="Passed" testListId="8c84fa94-04c1-424b-9868-57a2d4851a1d" relativeResultsDirectory="18109bbd-8030-4f36-8e3a-36e8dc56b195" />
    <UnitTestResult executionId="d0a347f6-389f-4adc-93b2-4c968c751c13" testId="b8049e3c-9c33-aae7-ee13-10324d7813cb" testName="FormatToStringTest1000(19397.344749736294d,&quot;19397.34 zł&quot;)" computerName="DESKTOP-5URQ9PB" duration="00:00:00.0000200" startTime="2022-06-13T21:12:35.2256473+02:00" endTime="2022-06-13T21:12:35.2256675+02:00" testType="13cdc9d9-ddb5-4fa4-a97d-d965ccfc6d4b" outcome="Passed" testListId="8c84fa94-04c1-424b-9868-57a2d4851a1d" relativeResultsDirectory="d0a347f6-389f-4adc-93b2-4c968c751c13" />
    <UnitTestResult executionId="3c5690dd-5642-429d-bbe7-251ddb8139b6" testId="b7f6b02b-7701-48a7-6ef3-dc8df7e50575" testName="FormatToStringTest1000(40889.35187774214d,&quot;40889.35 zł&quot;)" computerName="DESKTOP-5URQ9PB" duration="00:00:00.0000190" startTime="2022-06-13T21:12:35.2226577+02:00" endTime="2022-06-13T21:12:35.2226767+02:00" testType="13cdc9d9-ddb5-4fa4-a97d-d965ccfc6d4b" outcome="Passed" testListId="8c84fa94-04c1-424b-9868-57a2d4851a1d" relativeResultsDirectory="3c5690dd-5642-429d-bbe7-251ddb8139b6" />
    <UnitTestResult executionId="d326d59e-76d1-40b6-856b-fd79b8dba5e1" testId="cbe18909-6635-9aa1-a38f-17a524fe9aa1" testName="FormatToStringTest1000(9097.395563790293d,&quot;9097.40 zł&quot;)" computerName="DESKTOP-5URQ9PB" duration="00:00:00.0000190" startTime="2022-06-13T21:12:35.2232435+02:00" endTime="2022-06-13T21:12:35.2232620+02:00" testType="13cdc9d9-ddb5-4fa4-a97d-d965ccfc6d4b" outcome="Passed" testListId="8c84fa94-04c1-424b-9868-57a2d4851a1d" relativeResultsDirectory="d326d59e-76d1-40b6-856b-fd79b8dba5e1" />
    <UnitTestResult executionId="5c6b9087-a473-4c04-a684-ed809c289ecc" testId="09dc5d9b-3822-771d-84ba-e650ae497aa7" testName="FormatToStringTest1000(22678.795878462864d,&quot;22678.80 zł&quot;)" computerName="DESKTOP-5URQ9PB" duration="00:00:00.0000280" startTime="2022-06-13T21:12:35.2219312+02:00" endTime="2022-06-13T21:12:35.2219587+02:00" testType="13cdc9d9-ddb5-4fa4-a97d-d965ccfc6d4b" outcome="Passed" testListId="8c84fa94-04c1-424b-9868-57a2d4851a1d" relativeResultsDirectory="5c6b9087-a473-4c04-a684-ed809c289ecc" />
    <UnitTestResult executionId="b0bb18e4-5468-4708-902c-782b46227bd1" testId="8d4b1df1-395e-a801-f732-9563464d225f" testName="FormatToStringTest1000(70581.91150977784d,&quot;70581.91 zł&quot;)" computerName="DESKTOP-5URQ9PB" duration="00:00:00.0000190" startTime="2022-06-13T21:12:35.2167988+02:00" endTime="2022-06-13T21:12:35.2168173+02:00" testType="13cdc9d9-ddb5-4fa4-a97d-d965ccfc6d4b" outcome="Passed" testListId="8c84fa94-04c1-424b-9868-57a2d4851a1d" relativeResultsDirectory="b0bb18e4-5468-4708-902c-782b46227bd1" />
    <UnitTestResult executionId="bd4e9f34-ea15-427e-9331-fe35acf3a442" testId="96997772-f691-ce37-8af7-583f0500af76" testName="FormatToStringTest1000(6429.44273095552d,&quot;6429.44 zł&quot;)" computerName="DESKTOP-5URQ9PB" duration="00:00:00.0000190" startTime="2022-06-13T21:12:35.2131875+02:00" endTime="2022-06-13T21:12:35.2132060+02:00" testType="13cdc9d9-ddb5-4fa4-a97d-d965ccfc6d4b" outcome="Passed" testListId="8c84fa94-04c1-424b-9868-57a2d4851a1d" relativeResultsDirectory="bd4e9f34-ea15-427e-9331-fe35acf3a442" />
    <UnitTestResult executionId="210a3838-8412-421e-942a-7d21c3ab1a05" testId="897eda60-aa9c-bf46-7037-9c91ac01a451" testName="FormatToStringTest1000(14237.13226245955d,&quot;14237.13 zł&quot;)" computerName="DESKTOP-5URQ9PB" duration="00:00:00.0000210" startTime="2022-06-13T21:12:35.2029865+02:00" endTime="2022-06-13T21:12:35.2030074+02:00" testType="13cdc9d9-ddb5-4fa4-a97d-d965ccfc6d4b" outcome="Passed" testListId="8c84fa94-04c1-424b-9868-57a2d4851a1d" relativeResultsDirectory="210a3838-8412-421e-942a-7d21c3ab1a05" />
    <UnitTestResult executionId="46dbfa0e-0d0f-4d76-902c-31d72a4a9ff7" testId="08b0137c-0bdc-e87f-be30-d8edbdf991c1" testName="FormatToStringTest1000(5507.360659962688d,&quot;5507.36 zł&quot;)" computerName="DESKTOP-5URQ9PB" duration="00:00:00.0000190" startTime="2022-06-13T21:12:35.2262585+02:00" endTime="2022-06-13T21:12:35.2262773+02:00" testType="13cdc9d9-ddb5-4fa4-a97d-d965ccfc6d4b" outcome="Passed" testListId="8c84fa94-04c1-424b-9868-57a2d4851a1d" relativeResultsDirectory="46dbfa0e-0d0f-4d76-902c-31d72a4a9ff7" />
    <UnitTestResult executionId="32be10f5-8140-4f3f-86fa-08272ec6cb9d" testId="d569c283-c0e4-d992-53ea-520d9219d214" testName="FormatToStringTest1000(19103.831635461574d,&quot;19103.83 zł&quot;)" computerName="DESKTOP-5URQ9PB" duration="00:00:00.0000190" startTime="2022-06-13T21:12:35.2156525+02:00" endTime="2022-06-13T21:12:35.2156712+02:00" testType="13cdc9d9-ddb5-4fa4-a97d-d965ccfc6d4b" outcome="Passed" testListId="8c84fa94-04c1-424b-9868-57a2d4851a1d" relativeResultsDirectory="32be10f5-8140-4f3f-86fa-08272ec6cb9d" />
    <UnitTestResult executionId="4e5b44ff-0b39-4842-a35d-e756dbbf6676" testId="6d2fa905-65f5-7d76-6130-8eb8fe67de75" testName="FormatToStringTest1000(740.3213011405064d,&quot;740.32 zł&quot;)" computerName="DESKTOP-5URQ9PB" duration="00:00:00.0000210" startTime="2022-06-13T21:12:35.2033521+02:00" endTime="2022-06-13T21:12:35.2033729+02:00" testType="13cdc9d9-ddb5-4fa4-a97d-d965ccfc6d4b" outcome="Passed" testListId="8c84fa94-04c1-424b-9868-57a2d4851a1d" relativeResultsDirectory="4e5b44ff-0b39-4842-a35d-e756dbbf6676" />
    <UnitTestResult executionId="fc53221e-b0ca-40b1-abf2-814b6e402863" testId="005bc1cf-7a4e-92d9-5bd8-b2bbb383cd58" testName="FormatToStringTest1000(60323.066780431225d,&quot;60323.07 zł&quot;)" computerName="DESKTOP-5URQ9PB" duration="00:00:00.0000190" startTime="2022-06-13T21:12:35.2081535+02:00" endTime="2022-06-13T21:12:35.2081726+02:00" testType="13cdc9d9-ddb5-4fa4-a97d-d965ccfc6d4b" outcome="Passed" testListId="8c84fa94-04c1-424b-9868-57a2d4851a1d" relativeResultsDirectory="fc53221e-b0ca-40b1-abf2-814b6e402863" />
    <UnitTestResult executionId="9cf5f969-493c-46f5-8ef2-b30a60443bff" testId="6236d5e6-b13b-501c-48e0-102f9eda59d6" testName="FormatToStringTest1000(49672.98901987402d,&quot;49672.99 zł&quot;)" computerName="DESKTOP-5URQ9PB" duration="00:00:00.0000200" startTime="2022-06-13T21:12:35.2128644+02:00" endTime="2022-06-13T21:12:35.2128841+02:00" testType="13cdc9d9-ddb5-4fa4-a97d-d965ccfc6d4b" outcome="Passed" testListId="8c84fa94-04c1-424b-9868-57a2d4851a1d" relativeResultsDirectory="9cf5f969-493c-46f5-8ef2-b30a60443bff" />
    <UnitTestResult executionId="a8d8cc5e-11d8-4b3b-be93-378c97b62522" testId="da1a6990-7ab2-9cdb-3d5d-e5366899dffb" testName="FormatToStringTest1000(4614.673205890541d,&quot;4614.67 zł&quot;)" computerName="DESKTOP-5URQ9PB" duration="00:00:00.0000200" startTime="2022-06-13T21:12:35.2055548+02:00" endTime="2022-06-13T21:12:35.2055744+02:00" testType="13cdc9d9-ddb5-4fa4-a97d-d965ccfc6d4b" outcome="Passed" testListId="8c84fa94-04c1-424b-9868-57a2d4851a1d" relativeResultsDirectory="a8d8cc5e-11d8-4b3b-be93-378c97b62522" />
    <UnitTestResult executionId="828e82d0-ca79-4f7d-8be6-a697a599ac8f" testId="5326d1dc-d18e-0528-8ffb-d0be584509e9" testName="FormatToStringTest1000(16673.5121774904d,&quot;16673.51 zł&quot;)" computerName="DESKTOP-5URQ9PB" duration="00:00:00.0000190" startTime="2022-06-13T21:12:35.2126082+02:00" endTime="2022-06-13T21:12:35.2126267+02:00" testType="13cdc9d9-ddb5-4fa4-a97d-d965ccfc6d4b" outcome="Passed" testListId="8c84fa94-04c1-424b-9868-57a2d4851a1d" relativeResultsDirectory="828e82d0-ca79-4f7d-8be6-a697a599ac8f" />
    <UnitTestResult executionId="c67dd2ea-59b2-486c-9a25-2e32c14cfd3c" testId="99e6fef3-9023-2c5a-5c8b-926a855c5d84" testName="FormatToStringTest1000(3431.864349926759d,&quot;3431.86 zł&quot;)" computerName="DESKTOP-5URQ9PB" duration="00:00:00.0000190" startTime="2022-06-13T21:12:35.2215929+02:00" endTime="2022-06-13T21:12:35.2216113+02:00" testType="13cdc9d9-ddb5-4fa4-a97d-d965ccfc6d4b" outcome="Passed" testListId="8c84fa94-04c1-424b-9868-57a2d4851a1d" relativeResultsDirectory="c67dd2ea-59b2-486c-9a25-2e32c14cfd3c" />
    <UnitTestResult executionId="7931f228-9aac-40a5-b234-2b8fffea5159" testId="244a126b-865c-f129-c9cf-f22a9a00e343" testName="FormatToStringTest1000(9628.688698104437d,&quot;9628.69 zł&quot;)" computerName="DESKTOP-5URQ9PB" duration="00:00:00.0000190" startTime="2022-06-13T21:12:35.2247168+02:00" endTime="2022-06-13T21:12:35.2247354+02:00" testType="13cdc9d9-ddb5-4fa4-a97d-d965ccfc6d4b" outcome="Passed" testListId="8c84fa94-04c1-424b-9868-57a2d4851a1d" relativeResultsDirectory="7931f228-9aac-40a5-b234-2b8fffea5159" />
    <UnitTestResult executionId="841a10ac-cc06-4eaa-a364-8743582cfab5" testId="f2fa6d2d-1c35-dcc0-50da-39045d7858e4" testName="FormatToStringTest1000(7458.609645228652d,&quot;7458.61 zł&quot;)" computerName="DESKTOP-5URQ9PB" duration="00:00:00.0000200" startTime="2022-06-13T21:12:35.2037881+02:00" endTime="2022-06-13T21:12:35.2038074+02:00" testType="13cdc9d9-ddb5-4fa4-a97d-d965ccfc6d4b" outcome="Passed" testListId="8c84fa94-04c1-424b-9868-57a2d4851a1d" relativeResultsDirectory="841a10ac-cc06-4eaa-a364-8743582cfab5" />
    <UnitTestResult executionId="cf3c023e-4db4-4c31-b3c2-0c554d2a989c" testId="098a6c08-89e3-c4e2-de2b-7f783c0ba1b5" testName="FormatToStringTest1000(6102.4120417453405d,&quot;6102.41 zł&quot;)" computerName="DESKTOP-5URQ9PB" duration="00:00:00.0000190" startTime="2022-06-13T21:12:35.2269945+02:00" endTime="2022-06-13T21:12:35.2270134+02:00" testType="13cdc9d9-ddb5-4fa4-a97d-d965ccfc6d4b" outcome="Passed" testListId="8c84fa94-04c1-424b-9868-57a2d4851a1d" relativeResultsDirectory="cf3c023e-4db4-4c31-b3c2-0c554d2a989c" />
    <UnitTestResult executionId="5cbb0638-fc74-40fd-b948-7156236eb47d" testId="b150e6ad-1fac-a9d1-a2ab-0f7879e84a36" testName="FormatToStringTest1000(64887.45559046951d,&quot;64887.46 zł&quot;)" computerName="DESKTOP-5URQ9PB" duration="00:00:00.0000190" startTime="2022-06-13T21:12:35.2124084+02:00" endTime="2022-06-13T21:12:35.2124273+02:00" testType="13cdc9d9-ddb5-4fa4-a97d-d965ccfc6d4b" outcome="Passed" testListId="8c84fa94-04c1-424b-9868-57a2d4851a1d" relativeResultsDirectory="5cbb0638-fc74-40fd-b948-7156236eb47d" />
    <UnitTestResult executionId="9fa5db6c-d791-4f45-a3c4-52136f36ef90" testId="4b337c41-7f92-2137-58f8-ec4a04af8e6b" testName="FormatToStringTest1000(1514.6266382441981d,&quot;1514.63 zł&quot;)" computerName="DESKTOP-5URQ9PB" duration="00:00:00.0000190" startTime="2022-06-13T21:12:35.2119332+02:00" endTime="2022-06-13T21:12:35.2119514+02:00" testType="13cdc9d9-ddb5-4fa4-a97d-d965ccfc6d4b" outcome="Passed" testListId="8c84fa94-04c1-424b-9868-57a2d4851a1d" relativeResultsDirectory="9fa5db6c-d791-4f45-a3c4-52136f36ef90" />
    <UnitTestResult executionId="1c08ebb7-25a5-4278-a849-2ce6bb6276ac" testId="f5d3f3a5-bbac-e5c0-6089-8d38dd4249c8" testName="FormatToStringTest1000(11912.404131636213d,&quot;11912.40 zł&quot;)" computerName="DESKTOP-5URQ9PB" duration="00:00:00.0000190" startTime="2022-06-13T21:12:35.2048966+02:00" endTime="2022-06-13T21:12:35.2049154+02:00" testType="13cdc9d9-ddb5-4fa4-a97d-d965ccfc6d4b" outcome="Passed" testListId="8c84fa94-04c1-424b-9868-57a2d4851a1d" relativeResultsDirectory="1c08ebb7-25a5-4278-a849-2ce6bb6276ac" />
    <UnitTestResult executionId="efdc4355-57fd-4296-a68a-d2fbab6e5ee0" testId="637dad56-8638-805e-9abd-b089900557c0" testName="FormatToStringTest1000(598.1279707877561d,&quot;598.13 zł&quot;)" computerName="DESKTOP-5URQ9PB" duration="00:00:00.0000190" startTime="2022-06-13T21:12:35.2192948+02:00" endTime="2022-06-13T21:12:35.2193138+02:00" testType="13cdc9d9-ddb5-4fa4-a97d-d965ccfc6d4b" outcome="Passed" testListId="8c84fa94-04c1-424b-9868-57a2d4851a1d" relativeResultsDirectory="efdc4355-57fd-4296-a68a-d2fbab6e5ee0" />
    <UnitTestResult executionId="ba8879ba-a79f-422b-958c-98703c1ac8a1" testId="bf1576c7-03bd-feeb-bbbd-0a36863eaddc" testName="FormatToStringTest1000(28502.61128259758d,&quot;28502.61 zł&quot;)" computerName="DESKTOP-5URQ9PB" duration="00:00:00.0000190" startTime="2022-06-13T21:12:35.2039125+02:00" endTime="2022-06-13T21:12:35.2039314+02:00" testType="13cdc9d9-ddb5-4fa4-a97d-d965ccfc6d4b" outcome="Passed" testListId="8c84fa94-04c1-424b-9868-57a2d4851a1d" relativeResultsDirectory="ba8879ba-a79f-422b-958c-98703c1ac8a1" />
    <UnitTestResult executionId="f7fe3260-2356-4897-b178-c03e7e441b4d" testId="8184eede-89c1-758f-6b98-b1536f1bc7e0" testName="FormatToStringTest1000(49256.47455728635d,&quot;49256.47 zł&quot;)" computerName="DESKTOP-5URQ9PB" duration="00:00:00.0000190" startTime="2022-06-13T21:12:35.2273724+02:00" endTime="2022-06-13T21:12:35.2273913+02:00" testType="13cdc9d9-ddb5-4fa4-a97d-d965ccfc6d4b" outcome="Passed" testListId="8c84fa94-04c1-424b-9868-57a2d4851a1d" relativeResultsDirectory="f7fe3260-2356-4897-b178-c03e7e441b4d" />
    <UnitTestResult executionId="c4f1ce65-fc5c-41c3-b05e-240e9dd39bd8" testId="05a32b6d-38a3-d790-fab1-ef7fcb38fd6c" testName="FormatToStringTest1000(743.047944508981d,&quot;743.05 zł&quot;)" computerName="DESKTOP-5URQ9PB" duration="00:00:00.0000190" startTime="2022-06-13T21:12:35.2169657+02:00" endTime="2022-06-13T21:12:35.2169845+02:00" testType="13cdc9d9-ddb5-4fa4-a97d-d965ccfc6d4b" outcome="Passed" testListId="8c84fa94-04c1-424b-9868-57a2d4851a1d" relativeResultsDirectory="c4f1ce65-fc5c-41c3-b05e-240e9dd39bd8" />
    <UnitTestResult executionId="47b75e64-038b-4346-82c5-8c8dcac218e9" testId="8d93f248-c3e9-e97f-b3e2-6491b331020f" testName="FormatToStringTest1000(29474.095826699442d,&quot;29474.10 zł&quot;)" computerName="DESKTOP-5URQ9PB" duration="00:00:00.0000190" startTime="2022-06-13T21:12:35.2268934+02:00" endTime="2022-06-13T21:12:35.2269124+02:00" testType="13cdc9d9-ddb5-4fa4-a97d-d965ccfc6d4b" outcome="Passed" testListId="8c84fa94-04c1-424b-9868-57a2d4851a1d" relativeResultsDirectory="47b75e64-038b-4346-82c5-8c8dcac218e9" />
    <UnitTestResult executionId="52c6681e-b59a-416c-9c95-0a92450a388d" testId="bde33f3c-8432-543f-ee46-b13606db09db" testName="FormatToStringTest1000(4539.210371735137d,&quot;4539.21 zł&quot;)" computerName="DESKTOP-5URQ9PB" duration="00:00:00.0000190" startTime="2022-06-13T21:12:35.2237869+02:00" endTime="2022-06-13T21:12:35.2238055+02:00" testType="13cdc9d9-ddb5-4fa4-a97d-d965ccfc6d4b" outcome="Passed" testListId="8c84fa94-04c1-424b-9868-57a2d4851a1d" relativeResultsDirectory="52c6681e-b59a-416c-9c95-0a92450a388d" />
    <UnitTestResult executionId="713f288a-7930-4ecc-8b0e-0c60264cf899" testId="12383f93-d6c8-4041-5607-6e0714b305f6" testName="FormatToStringTest1000(43727.735558145556d,&quot;43727.74 zł&quot;)" computerName="DESKTOP-5URQ9PB" duration="00:00:00.0000190" startTime="2022-06-13T21:12:35.2113459+02:00" endTime="2022-06-13T21:12:35.2113643+02:00" testType="13cdc9d9-ddb5-4fa4-a97d-d965ccfc6d4b" outcome="Passed" testListId="8c84fa94-04c1-424b-9868-57a2d4851a1d" relativeResultsDirectory="713f288a-7930-4ecc-8b0e-0c60264cf899" />
    <UnitTestResult executionId="6ba9675f-d549-4053-9037-9ec4b36778cf" testId="f86161bd-f5ff-e739-8561-c83ff6f0d4a9" testName="FormatToStringTest1000(13046.352146307172d,&quot;13046.35 zł&quot;)" computerName="DESKTOP-5URQ9PB" duration="00:00:00.0000200" startTime="2022-06-13T21:12:35.2260186+02:00" endTime="2022-06-13T21:12:35.2260383+02:00" testType="13cdc9d9-ddb5-4fa4-a97d-d965ccfc6d4b" outcome="Passed" testListId="8c84fa94-04c1-424b-9868-57a2d4851a1d" relativeResultsDirectory="6ba9675f-d549-4053-9037-9ec4b36778cf" />
    <UnitTestResult executionId="b3712033-88a2-4a9b-8e9c-2c289ad93116" testId="610f0902-3657-5dff-20ec-353a29cbd7c4" testName="FormatToStringTest1000(13206.129467931636d,&quot;13206.13 zł&quot;)" computerName="DESKTOP-5URQ9PB" duration="00:00:00.0000190" startTime="2022-06-13T21:12:35.2186601+02:00" endTime="2022-06-13T21:12:35.2186785+02:00" testType="13cdc9d9-ddb5-4fa4-a97d-d965ccfc6d4b" outcome="Passed" testListId="8c84fa94-04c1-424b-9868-57a2d4851a1d" relativeResultsDirectory="b3712033-88a2-4a9b-8e9c-2c289ad93116" />
    <UnitTestResult executionId="72aec16d-bd33-4152-a041-6329b86bea40" testId="a888e7ea-dbd1-07c6-66f1-9d366fb67e32" testName="FormatToStringTest1000(14712.754747761765d,&quot;14712.75 zł&quot;)" computerName="DESKTOP-5URQ9PB" duration="00:00:00.0000180" startTime="2022-06-13T21:12:35.2229134+02:00" endTime="2022-06-13T21:12:35.2229318+02:00" testType="13cdc9d9-ddb5-4fa4-a97d-d965ccfc6d4b" outcome="Passed" testListId="8c84fa94-04c1-424b-9868-57a2d4851a1d" relativeResultsDirectory="72aec16d-bd33-4152-a041-6329b86bea40" />
    <UnitTestResult executionId="4d46b532-6f6d-4eb1-9208-738aa3802315" testId="e073dcb9-6292-6a4c-9a77-75ed0e912310" testName="FormatToStringTest1000(42555.01416107594d,&quot;42555.01 zł&quot;)" computerName="DESKTOP-5URQ9PB" duration="00:00:00.0000200" startTime="2022-06-13T21:12:35.2175461+02:00" endTime="2022-06-13T21:12:35.2175655+02:00" testType="13cdc9d9-ddb5-4fa4-a97d-d965ccfc6d4b" outcome="Passed" testListId="8c84fa94-04c1-424b-9868-57a2d4851a1d" relativeResultsDirectory="4d46b532-6f6d-4eb1-9208-738aa3802315" />
    <UnitTestResult executionId="e6679b5c-4e51-4523-8153-1693b79e0c73" testId="f3633ae5-6adc-21ee-2aa1-0609fba8547c" testName="FormatToStringTest1000(37160.85331540269d,&quot;37160.85 zł&quot;)" computerName="DESKTOP-5URQ9PB" duration="00:00:00.0000190" startTime="2022-06-13T21:12:35.2064195+02:00" endTime="2022-06-13T21:12:35.2064382+02:00" testType="13cdc9d9-ddb5-4fa4-a97d-d965ccfc6d4b" outcome="Passed" testListId="8c84fa94-04c1-424b-9868-57a2d4851a1d" relativeResultsDirectory="e6679b5c-4e51-4523-8153-1693b79e0c73" />
    <UnitTestResult executionId="4ba8ac49-4cc6-4c7c-a4a2-cff767cd42bc" testId="94072497-fa43-aca0-8f05-792ac28d0627" testName="FormatToStringTest1000(76536.95853396178d,&quot;76536.96 zł&quot;)" computerName="DESKTOP-5URQ9PB" duration="00:00:00.0000200" startTime="2022-06-13T21:12:35.2162892+02:00" endTime="2022-06-13T21:12:35.2163085+02:00" testType="13cdc9d9-ddb5-4fa4-a97d-d965ccfc6d4b" outcome="Passed" testListId="8c84fa94-04c1-424b-9868-57a2d4851a1d" relativeResultsDirectory="4ba8ac49-4cc6-4c7c-a4a2-cff767cd42bc" />
    <UnitTestResult executionId="5d5f7984-a176-4c52-9380-4e2bd7385eeb" testId="5220db90-feed-daf9-71ce-ce8aa9bc9232" testName="FormatToStringTest1000(1108.7197928823157d,&quot;1108.72 zł&quot;)" computerName="DESKTOP-5URQ9PB" duration="00:00:00.0000190" startTime="2022-06-13T21:12:35.2035544+02:00" endTime="2022-06-13T21:12:35.2035736+02:00" testType="13cdc9d9-ddb5-4fa4-a97d-d965ccfc6d4b" outcome="Passed" testListId="8c84fa94-04c1-424b-9868-57a2d4851a1d" relativeResultsDirectory="5d5f7984-a176-4c52-9380-4e2bd7385eeb" />
    <UnitTestResult executionId="de79ad8f-bb87-444f-9473-9f4fecc59658" testId="7a151ddf-b76f-a627-8d14-57dc244734db" testName="FormatToStringTest1000(17798.633951516185d,&quot;17798.63 zł&quot;)" computerName="DESKTOP-5URQ9PB" duration="00:00:00.0000190" startTime="2022-06-13T21:12:35.2155773+02:00" endTime="2022-06-13T21:12:35.2155960+02:00" testType="13cdc9d9-ddb5-4fa4-a97d-d965ccfc6d4b" outcome="Passed" testListId="8c84fa94-04c1-424b-9868-57a2d4851a1d" relativeResultsDirectory="de79ad8f-bb87-444f-9473-9f4fecc59658" />
    <UnitTestResult executionId="8085ae6e-5427-41be-9f1d-dc7685c875ec" testId="90740d7b-70ce-f3ca-de0f-889615c99e7a" testName="FormatToStringTest1000(7669.3855620214645d,&quot;7669.39 zł&quot;)" computerName="DESKTOP-5URQ9PB" duration="00:00:00.0000180" startTime="2022-06-13T21:12:35.2084526+02:00" endTime="2022-06-13T21:12:35.2084708+02:00" testType="13cdc9d9-ddb5-4fa4-a97d-d965ccfc6d4b" outcome="Passed" testListId="8c84fa94-04c1-424b-9868-57a2d4851a1d" relativeResultsDirectory="8085ae6e-5427-41be-9f1d-dc7685c875ec" />
    <UnitTestResult executionId="cd1ab956-ae9d-4557-ac68-8015b38fd8d1" testId="c2208323-1f95-b32c-0530-4ad682605720" testName="FormatToStringTest1000(96022.24851977557d,&quot;96022.25 zł&quot;)" computerName="DESKTOP-5URQ9PB" duration="00:00:00.0000190" startTime="2022-06-13T21:12:35.2210072+02:00" endTime="2022-06-13T21:12:35.2210264+02:00" testType="13cdc9d9-ddb5-4fa4-a97d-d965ccfc6d4b" outcome="Passed" testListId="8c84fa94-04c1-424b-9868-57a2d4851a1d" relativeResultsDirectory="cd1ab956-ae9d-4557-ac68-8015b38fd8d1" />
    <UnitTestResult executionId="d5e53080-bc85-4d0e-bcb1-4ec66d528861" testId="bf09f141-5d04-1546-3599-f58a7debd81e" testName="FormatToStringTest1000(19783.413847500186d,&quot;19783.41 zł&quot;)" computerName="DESKTOP-5URQ9PB" duration="00:00:00.0000180" startTime="2022-06-13T21:12:35.2253739+02:00" endTime="2022-06-13T21:12:35.2253919+02:00" testType="13cdc9d9-ddb5-4fa4-a97d-d965ccfc6d4b" outcome="Passed" testListId="8c84fa94-04c1-424b-9868-57a2d4851a1d" relativeResultsDirectory="d5e53080-bc85-4d0e-bcb1-4ec66d528861" />
    <UnitTestResult executionId="482ba0d8-24ed-432a-9b4e-ddd0a7bc594f" testId="1ab663c2-4cb9-e883-e113-e7c904041e47" testName="FormatToStringTest1000(47025.6224095177d,&quot;47025.62 zł&quot;)" computerName="DESKTOP-5URQ9PB" duration="00:00:00.0000190" startTime="2022-06-13T21:12:35.2088584+02:00" endTime="2022-06-13T21:12:35.2088767+02:00" testType="13cdc9d9-ddb5-4fa4-a97d-d965ccfc6d4b" outcome="Passed" testListId="8c84fa94-04c1-424b-9868-57a2d4851a1d" relativeResultsDirectory="482ba0d8-24ed-432a-9b4e-ddd0a7bc594f" />
    <UnitTestResult executionId="15453c23-5c87-4528-94f6-bbb349e68758" testId="08821b59-1fc3-bfdb-c64b-6b9d4d7418fb" testName="FormatToStringTest1000(23548.88067407016d,&quot;23548.88 zł&quot;)" computerName="DESKTOP-5URQ9PB" duration="00:00:00.0000190" startTime="2022-06-13T21:12:35.2092586+02:00" endTime="2022-06-13T21:12:35.2092769+02:00" testType="13cdc9d9-ddb5-4fa4-a97d-d965ccfc6d4b" outcome="Passed" testListId="8c84fa94-04c1-424b-9868-57a2d4851a1d" relativeResultsDirectory="15453c23-5c87-4528-94f6-bbb349e68758" />
    <UnitTestResult executionId="bdc41d36-29e3-4059-b736-38efd554ad42" testId="0718464f-7428-3c2c-d7c1-1af84b0bb5ee" testName="FormatToStringTest1000(4030.673117592313d,&quot;4030.67 zł&quot;)" computerName="DESKTOP-5URQ9PB" duration="00:00:00.0000190" startTime="2022-06-13T21:12:35.2108688+02:00" endTime="2022-06-13T21:12:35.2108880+02:00" testType="13cdc9d9-ddb5-4fa4-a97d-d965ccfc6d4b" outcome="Passed" testListId="8c84fa94-04c1-424b-9868-57a2d4851a1d" relativeResultsDirectory="bdc41d36-29e3-4059-b736-38efd554ad42" />
    <UnitTestResult executionId="6fb98a09-3caf-450f-ae6d-19d82e8a94b6" testId="7df385e8-e01d-d2ef-2361-abb8175fc7ae" testName="FormatToStringTest1000(2298.0331723829886d,&quot;2298.03 zł&quot;)" computerName="DESKTOP-5URQ9PB" duration="00:00:00.0000190" startTime="2022-06-13T21:12:35.2163897+02:00" endTime="2022-06-13T21:12:35.2164088+02:00" testType="13cdc9d9-ddb5-4fa4-a97d-d965ccfc6d4b" outcome="Passed" testListId="8c84fa94-04c1-424b-9868-57a2d4851a1d" relativeResultsDirectory="6fb98a09-3caf-450f-ae6d-19d82e8a94b6" />
    <UnitTestResult executionId="54984e4b-392a-4221-af02-8c8c30fdb87d" testId="84106c87-4ea7-9a5a-a250-230c7c8ac9ba" testName="FormatToStringTest1000(5279.315995182524d,&quot;5279.32 zł&quot;)" computerName="DESKTOP-5URQ9PB" duration="00:00:00.0000200" startTime="2022-06-13T21:12:35.2163390+02:00" endTime="2022-06-13T21:12:35.2163586+02:00" testType="13cdc9d9-ddb5-4fa4-a97d-d965ccfc6d4b" outcome="Passed" testListId="8c84fa94-04c1-424b-9868-57a2d4851a1d" relativeResultsDirectory="54984e4b-392a-4221-af02-8c8c30fdb87d" />
    <UnitTestResult executionId="fdb35aa2-a5cb-4b59-a57b-0950463f285f" testId="7ba81b36-e120-9974-bbd1-63dae796d45c" testName="FormatToStringTest1000(40035.54711080787d,&quot;40035.55 zł&quot;)" computerName="DESKTOP-5URQ9PB" duration="00:00:00.0000190" startTime="2022-06-13T21:12:35.2085019+02:00" endTime="2022-06-13T21:12:35.2085207+02:00" testType="13cdc9d9-ddb5-4fa4-a97d-d965ccfc6d4b" outcome="Passed" testListId="8c84fa94-04c1-424b-9868-57a2d4851a1d" relativeResultsDirectory="fdb35aa2-a5cb-4b59-a57b-0950463f285f" />
    <UnitTestResult executionId="10c095c8-41a5-4e65-96cb-43d0b353004d" testId="d377bd87-4eea-3f7f-c041-91df35d9ea10" testName="FormatToStringTest1000(6173.0243155793405d,&quot;6173.02 zł&quot;)" computerName="DESKTOP-5URQ9PB" duration="00:00:00.0000200" startTime="2022-06-13T21:12:35.2185088+02:00" endTime="2022-06-13T21:12:35.2185280+02:00" testType="13cdc9d9-ddb5-4fa4-a97d-d965ccfc6d4b" outcome="Passed" testListId="8c84fa94-04c1-424b-9868-57a2d4851a1d" relativeResultsDirectory="10c095c8-41a5-4e65-96cb-43d0b353004d" />
    <UnitTestResult executionId="a4399316-48e7-4210-99d1-42d5e1cf5dc3" testId="112e422e-04b2-3ba3-ad56-a1e5d3cfbd79" testName="FormatToStringTest1000(5247.779940802501d,&quot;5247.78 zł&quot;)" computerName="DESKTOP-5URQ9PB" duration="00:00:00.0000190" startTime="2022-06-13T21:12:35.2280799+02:00" endTime="2022-06-13T21:12:35.2280987+02:00" testType="13cdc9d9-ddb5-4fa4-a97d-d965ccfc6d4b" outcome="Passed" testListId="8c84fa94-04c1-424b-9868-57a2d4851a1d" relativeResultsDirectory="a4399316-48e7-4210-99d1-42d5e1cf5dc3" />
    <UnitTestResult executionId="fab97505-488e-4b0b-9a67-441516bb800e" testId="b168b1f7-674c-8775-2a66-cf7d7f806851" testName="FormatToStringTest1000(8095.485677032492d,&quot;8095.49 zł&quot;)" computerName="DESKTOP-5URQ9PB" duration="00:00:00.0000190" startTime="2022-06-13T21:12:35.2180302+02:00" endTime="2022-06-13T21:12:35.2180493+02:00" testType="13cdc9d9-ddb5-4fa4-a97d-d965ccfc6d4b" outcome="Passed" testListId="8c84fa94-04c1-424b-9868-57a2d4851a1d" relativeResultsDirectory="fab97505-488e-4b0b-9a67-441516bb800e" />
    <UnitTestResult executionId="f603c69a-997f-4f42-8d7c-e0282e635d1c" testId="a92ca949-d664-bb06-21ee-ed111f1dab55" testName="FormatToStringTest1000(9079.930405251649d,&quot;9079.93 zł&quot;)" computerName="DESKTOP-5URQ9PB" duration="00:00:00.0000190" startTime="2022-06-13T21:12:35.2123582+02:00" endTime="2022-06-13T21:12:35.2123770+02:00" testType="13cdc9d9-ddb5-4fa4-a97d-d965ccfc6d4b" outcome="Passed" testListId="8c84fa94-04c1-424b-9868-57a2d4851a1d" relativeResultsDirectory="f603c69a-997f-4f42-8d7c-e0282e635d1c" />
    <UnitTestResult executionId="d137d5c9-2001-4c0a-95c3-a7d2ff7d392a" testId="cb9006f5-cf8f-a741-60da-88003562c888" testName="FormatToStringTest1000(12308.022158465357d,&quot;12308.02 zł&quot;)" computerName="DESKTOP-5URQ9PB" duration="00:00:00.0000190" startTime="2022-06-13T21:12:35.2124837+02:00" endTime="2022-06-13T21:12:35.2125022+02:00" testType="13cdc9d9-ddb5-4fa4-a97d-d965ccfc6d4b" outcome="Passed" testListId="8c84fa94-04c1-424b-9868-57a2d4851a1d" relativeResultsDirectory="d137d5c9-2001-4c0a-95c3-a7d2ff7d392a" />
    <UnitTestResult executionId="24abe846-003a-4fe1-90cc-baae6dd7bf03" testId="a05c6c11-7f69-6883-58ae-614dcfca1729" testName="FormatToStringTest1000(22291.653251342315d,&quot;22291.65 zł&quot;)" computerName="DESKTOP-5URQ9PB" duration="00:00:00.0000200" startTime="2022-06-13T21:12:35.2029600+02:00" endTime="2022-06-13T21:12:35.2029802+02:00" testType="13cdc9d9-ddb5-4fa4-a97d-d965ccfc6d4b" outcome="Passed" testListId="8c84fa94-04c1-424b-9868-57a2d4851a1d" relativeResultsDirectory="24abe846-003a-4fe1-90cc-baae6dd7bf03" />
    <UnitTestResult executionId="c6ee4703-e30f-4581-88d1-3f3ff8454dbc" testId="5fdca359-14d7-98c9-3f79-03e22f946141" testName="FormatToStringTest1000(12429.698213906819d,&quot;12429.70 zł&quot;)" computerName="DESKTOP-5URQ9PB" duration="00:00:00.0000200" startTime="2022-06-13T21:12:35.2125827+02:00" endTime="2022-06-13T21:12:35.2126020+02:00" testType="13cdc9d9-ddb5-4fa4-a97d-d965ccfc6d4b" outcome="Passed" testListId="8c84fa94-04c1-424b-9868-57a2d4851a1d" relativeResultsDirectory="c6ee4703-e30f-4581-88d1-3f3ff8454dbc" />
    <UnitTestResult executionId="179bf31f-269b-49be-9054-0bd38ce0acd6" testId="fd4f7d41-f937-f359-41b7-f6b589c2bdd7" testName="FormatToStringTest1000(25272.05048361283d,&quot;25272.05 zł&quot;)" computerName="DESKTOP-5URQ9PB" duration="00:00:00.0000190" startTime="2022-06-13T21:12:35.2251972+02:00" endTime="2022-06-13T21:12:35.2252164+02:00" testType="13cdc9d9-ddb5-4fa4-a97d-d965ccfc6d4b" outcome="Passed" testListId="8c84fa94-04c1-424b-9868-57a2d4851a1d" relativeResultsDirectory="179bf31f-269b-49be-9054-0bd38ce0acd6" />
    <UnitTestResult executionId="b12d5d99-c78a-4cc9-994e-9007b9453255" testId="e72aca21-1347-9775-f65f-ee1c6d7b63bd" testName="FormatToStringTest1000(50507.0104155615d,&quot;50507.01 zł&quot;)" computerName="DESKTOP-5URQ9PB" duration="00:00:00.0000190" startTime="2022-06-13T21:12:35.2259430+02:00" endTime="2022-06-13T21:12:35.2259618+02:00" testType="13cdc9d9-ddb5-4fa4-a97d-d965ccfc6d4b" outcome="Passed" testListId="8c84fa94-04c1-424b-9868-57a2d4851a1d" relativeResultsDirectory="b12d5d99-c78a-4cc9-994e-9007b9453255" />
    <UnitTestResult executionId="b23ca4c8-b118-4b90-8072-b196b4ce1f29" testId="a71dfd40-e5c3-4b5b-03e3-172683e7a4a4" testName="FormatToStringTest1000(6276.389386365838d,&quot;6276.39 zł&quot;)" computerName="DESKTOP-5URQ9PB" duration="00:00:00.0000210" startTime="2022-06-13T21:12:35.2126864+02:00" endTime="2022-06-13T21:12:35.2127071+02:00" testType="13cdc9d9-ddb5-4fa4-a97d-d965ccfc6d4b" outcome="Passed" testListId="8c84fa94-04c1-424b-9868-57a2d4851a1d" relativeResultsDirectory="b23ca4c8-b118-4b90-8072-b196b4ce1f29" />
    <UnitTestResult executionId="e305c2ef-3a72-4623-8034-237916cac198" testId="b7c8b8f4-3f53-7b79-a3fb-65f51c557883" testName="FormatToStringTest1000(5317.9582678023535d,&quot;5317.96 zł&quot;)" computerName="DESKTOP-5URQ9PB" duration="00:00:00.0000190" startTime="2022-06-13T21:12:35.2175717+02:00" endTime="2022-06-13T21:12:35.2175906+02:00" testType="13cdc9d9-ddb5-4fa4-a97d-d965ccfc6d4b" outcome="Passed" testListId="8c84fa94-04c1-424b-9868-57a2d4851a1d" relativeResultsDirectory="e305c2ef-3a72-4623-8034-237916cac198" />
    <UnitTestResult executionId="af61c692-5b2f-4657-98ee-06fdd0895b84" testId="70f1979c-5fec-f41c-4467-96ed1c16b145" testName="FormatToStringTest1000(12831.146874380833d,&quot;12831.15 zł&quot;)" computerName="DESKTOP-5URQ9PB" duration="00:00:00.0000190" startTime="2022-06-13T21:12:35.2133111+02:00" endTime="2022-06-13T21:12:35.2133298+02:00" testType="13cdc9d9-ddb5-4fa4-a97d-d965ccfc6d4b" outcome="Passed" testListId="8c84fa94-04c1-424b-9868-57a2d4851a1d" relativeResultsDirectory="af61c692-5b2f-4657-98ee-06fdd0895b84" />
    <UnitTestResult executionId="359ba9f8-d614-45be-9812-2ffdd57f0cc8" testId="b5f26849-7f95-8deb-3e82-07db33467afb" testName="FormatToStringTest1000(61324.33752458279d,&quot;61324.34 zł&quot;)" computerName="DESKTOP-5URQ9PB" duration="00:00:00.0000190" startTime="2022-06-13T21:12:35.2123067+02:00" endTime="2022-06-13T21:12:35.2123256+02:00" testType="13cdc9d9-ddb5-4fa4-a97d-d965ccfc6d4b" outcome="Passed" testListId="8c84fa94-04c1-424b-9868-57a2d4851a1d" relativeResultsDirectory="359ba9f8-d614-45be-9812-2ffdd57f0cc8" />
    <UnitTestResult executionId="5e4c4520-1950-42dc-b6de-3c8425f3d5a5" testId="94726e39-ff6c-190e-418c-075986e08585" testName="FormatToStringTest1000(30020.248557890412d,&quot;30020.25 zł&quot;)" computerName="DESKTOP-5URQ9PB" duration="00:00:00.0000190" startTime="2022-06-13T21:12:35.2184840+02:00" endTime="2022-06-13T21:12:35.2185027+02:00" testType="13cdc9d9-ddb5-4fa4-a97d-d965ccfc6d4b" outcome="Passed" testListId="8c84fa94-04c1-424b-9868-57a2d4851a1d" relativeResultsDirectory="5e4c4520-1950-42dc-b6de-3c8425f3d5a5" />
    <UnitTestResult executionId="75d29b82-8a23-403f-b9b1-a0a4b40d9825" testId="82e7d70c-1a42-9215-0f5f-33fe3e6fa346" testName="FormatToStringTest1000(23174.85693288448d,&quot;23174.86 zł&quot;)" computerName="DESKTOP-5URQ9PB" duration="00:00:00.0000190" startTime="2022-06-13T21:12:35.2133860+02:00" endTime="2022-06-13T21:12:35.2134045+02:00" testType="13cdc9d9-ddb5-4fa4-a97d-d965ccfc6d4b" outcome="Passed" testListId="8c84fa94-04c1-424b-9868-57a2d4851a1d" relativeResultsDirectory="75d29b82-8a23-403f-b9b1-a0a4b40d9825" />
    <UnitTestResult executionId="45a09abe-8500-4232-bd26-beeb4372bc2a" testId="454ead38-c2a8-9597-7b1c-dc862a589e0e" testName="FormatToStringTest1000(6665.405372488035d,&quot;6665.41 zł&quot;)" computerName="DESKTOP-5URQ9PB" duration="00:00:00.0000200" startTime="2022-06-13T21:12:35.2134601+02:00" endTime="2022-06-13T21:12:35.2134794+02:00" testType="13cdc9d9-ddb5-4fa4-a97d-d965ccfc6d4b" outcome="Passed" testListId="8c84fa94-04c1-424b-9868-57a2d4851a1d" relativeResultsDirectory="45a09abe-8500-4232-bd26-beeb4372bc2a" />
    <UnitTestResult executionId="8efb71c6-f542-4e32-a151-1e180bdb19d4" testId="1440a184-8a0a-3d08-19bf-ac2d32351c96" testName="FormatToStringTest1000(5108.217389855635d,&quot;5108.22 zł&quot;)" computerName="DESKTOP-5URQ9PB" duration="00:00:00.0000190" startTime="2022-06-13T21:12:35.2113956+02:00" endTime="2022-06-13T21:12:35.2114140+02:00" testType="13cdc9d9-ddb5-4fa4-a97d-d965ccfc6d4b" outcome="Passed" testListId="8c84fa94-04c1-424b-9868-57a2d4851a1d" relativeResultsDirectory="8efb71c6-f542-4e32-a151-1e180bdb19d4" />
    <UnitTestResult executionId="a14b1fe7-a248-4104-9f53-d8fba2577b95" testId="7875ceff-fafb-ef65-16f6-def9c021cbb8" testName="FormatToStringTest1000(11118.620997698335d,&quot;11118.62 zł&quot;)" computerName="DESKTOP-5URQ9PB" duration="00:00:00.0000190" startTime="2022-06-13T21:12:35.2132120+02:00" endTime="2022-06-13T21:12:35.2132311+02:00" testType="13cdc9d9-ddb5-4fa4-a97d-d965ccfc6d4b" outcome="Passed" testListId="8c84fa94-04c1-424b-9868-57a2d4851a1d" relativeResultsDirectory="a14b1fe7-a248-4104-9f53-d8fba2577b95" />
    <UnitTestResult executionId="4d23e556-6baf-40ed-aa4b-0b0b4360c416" testId="c08489ce-87ea-9273-1e82-87dd20c6c729" testName="FormatToStringTest1000(15907.394871033446d,&quot;15907.39 zł&quot;)" computerName="DESKTOP-5URQ9PB" duration="00:00:00.0000190" startTime="2022-06-13T21:12:35.2178780+02:00" endTime="2022-06-13T21:12:35.2178967+02:00" testType="13cdc9d9-ddb5-4fa4-a97d-d965ccfc6d4b" outcome="Passed" testListId="8c84fa94-04c1-424b-9868-57a2d4851a1d" relativeResultsDirectory="4d23e556-6baf-40ed-aa4b-0b0b4360c416" />
    <UnitTestResult executionId="f98237a4-d04a-4639-af6b-2de7cbd08cdf" testId="60069e17-108f-01fb-2153-e152b9205025" testName="FormatToStringTest1000(18340.8953197882d,&quot;18340.90 zł&quot;)" computerName="DESKTOP-5URQ9PB" duration="00:00:00.0000190" startTime="2022-06-13T21:12:35.2254728+02:00" endTime="2022-06-13T21:12:35.2254918+02:00" testType="13cdc9d9-ddb5-4fa4-a97d-d965ccfc6d4b" outcome="Passed" testListId="8c84fa94-04c1-424b-9868-57a2d4851a1d" relativeResultsDirectory="f98237a4-d04a-4639-af6b-2de7cbd08cdf" />
    <UnitTestResult executionId="a91797ca-02f6-4041-bd17-23d4c4dad29c" testId="d5a3e949-dba8-8515-82f0-b4d3600a13aa" testName="FormatToStringTest1000(7050.437505805137d,&quot;7050.44 zł&quot;)" computerName="DESKTOP-5URQ9PB" duration="00:00:00.0000190" startTime="2022-06-13T21:12:35.2065688+02:00" endTime="2022-06-13T21:12:35.2065880+02:00" testType="13cdc9d9-ddb5-4fa4-a97d-d965ccfc6d4b" outcome="Passed" testListId="8c84fa94-04c1-424b-9868-57a2d4851a1d" relativeResultsDirectory="a91797ca-02f6-4041-bd17-23d4c4dad29c" />
    <UnitTestResult executionId="b75dfaf1-ab35-4279-96f7-768955230d4d" testId="346c5a09-add8-018f-c767-f4690b937dfb" testName="FormatToStringTest1000(77919.64716867341d,&quot;77919.65 zł&quot;)" computerName="DESKTOP-5URQ9PB" duration="00:00:00.0000190" startTime="2022-06-13T21:12:35.2091083+02:00" endTime="2022-06-13T21:12:35.2091271+02:00" testType="13cdc9d9-ddb5-4fa4-a97d-d965ccfc6d4b" outcome="Passed" testListId="8c84fa94-04c1-424b-9868-57a2d4851a1d" relativeResultsDirectory="b75dfaf1-ab35-4279-96f7-768955230d4d" />
    <UnitTestResult executionId="c01d26a1-01d7-4e22-8491-fd8ffe16cb27" testId="13cdf8fd-2721-e597-055e-a54097abf685" testName="FormatToStringTest1000(48428.38681602682d,&quot;48428.39 zł&quot;)" computerName="DESKTOP-5URQ9PB" duration="00:00:00.0000200" startTime="2022-06-13T21:12:35.2100957+02:00" endTime="2022-06-13T21:12:35.2101151+02:00" testType="13cdc9d9-ddb5-4fa4-a97d-d965ccfc6d4b" outcome="Passed" testListId="8c84fa94-04c1-424b-9868-57a2d4851a1d" relativeResultsDirectory="c01d26a1-01d7-4e22-8491-fd8ffe16cb27" />
    <UnitTestResult executionId="96bbaaa0-83ef-4455-a98e-01e30dc59e3c" testId="25e8173f-164f-a6d3-7781-f064566ee4cd" testName="FormatToStringTest1000(806.960597043373d,&quot;806.96 zł&quot;)" computerName="DESKTOP-5URQ9PB" duration="00:00:00.0000190" startTime="2022-06-13T21:12:35.2200971+02:00" endTime="2022-06-13T21:12:35.2201154+02:00" testType="13cdc9d9-ddb5-4fa4-a97d-d965ccfc6d4b" outcome="Passed" testListId="8c84fa94-04c1-424b-9868-57a2d4851a1d" relativeResultsDirectory="96bbaaa0-83ef-4455-a98e-01e30dc59e3c" />
    <UnitTestResult executionId="d4969467-9dbe-4e07-bbec-2ea02145b49b" testId="9cea378d-92c3-1f1c-ce51-cbbf77aae662" testName="FormatToStringTest1000(9765.54450809748d,&quot;9765.54 zł&quot;)" computerName="DESKTOP-5URQ9PB" duration="00:00:00.0000190" startTime="2022-06-13T21:12:35.2079807+02:00" endTime="2022-06-13T21:12:35.2079995+02:00" testType="13cdc9d9-ddb5-4fa4-a97d-d965ccfc6d4b" outcome="Passed" testListId="8c84fa94-04c1-424b-9868-57a2d4851a1d" relativeResultsDirectory="d4969467-9dbe-4e07-bbec-2ea02145b49b" />
    <UnitTestResult executionId="933bd4a7-4da3-4571-bd37-993638b8667e" testId="217115b6-0d47-12a1-e34e-67f742ff910b" testName="FormatToStringTest1000(26945.125386551546d,&quot;26945.13 zł&quot;)" computerName="DESKTOP-5URQ9PB" duration="00:00:00.0000190" startTime="2022-06-13T21:12:35.2058899+02:00" endTime="2022-06-13T21:12:35.2059085+02:00" testType="13cdc9d9-ddb5-4fa4-a97d-d965ccfc6d4b" outcome="Passed" testListId="8c84fa94-04c1-424b-9868-57a2d4851a1d" relativeResultsDirectory="933bd4a7-4da3-4571-bd37-993638b8667e" />
    <UnitTestResult executionId="7cd68a5f-e9bc-471e-98f8-3ebc88c16b89" testId="a8348a06-7119-4e51-65fc-4cd73de7f6cb" testName="FormatToStringTest1000(48684.26840475959d,&quot;48684.27 zł&quot;)" computerName="DESKTOP-5URQ9PB" duration="00:00:00.0000200" startTime="2022-06-13T21:12:35.2189936+02:00" endTime="2022-06-13T21:12:35.2190134+02:00" testType="13cdc9d9-ddb5-4fa4-a97d-d965ccfc6d4b" outcome="Passed" testListId="8c84fa94-04c1-424b-9868-57a2d4851a1d" relativeResultsDirectory="7cd68a5f-e9bc-471e-98f8-3ebc88c16b89" />
    <UnitTestResult executionId="24ec7429-c087-4891-b804-d5340baa4033" testId="8762588b-d7fc-ca07-7e83-51f41467a9eb" testName="FormatToStringTest1000(12610.563163818122d,&quot;12610.56 zł&quot;)" computerName="DESKTOP-5URQ9PB" duration="00:00:00.0000190" startTime="2022-06-13T21:12:35.2247909+02:00" endTime="2022-06-13T21:12:35.2248091+02:00" testType="13cdc9d9-ddb5-4fa4-a97d-d965ccfc6d4b" outcome="Passed" testListId="8c84fa94-04c1-424b-9868-57a2d4851a1d" relativeResultsDirectory="24ec7429-c087-4891-b804-d5340baa4033" />
    <UnitTestResult executionId="74821f10-68e6-4b2a-9adf-0682d9b7cd21" testId="a32b1b99-bbfe-b0ef-93c7-d7c83b53becf" testName="FormatToStringTest1000(31971.185406704986d,&quot;31971.19 zł&quot;)" computerName="DESKTOP-5URQ9PB" duration="00:00:00.0000200" startTime="2022-06-13T21:12:35.2157338+02:00" endTime="2022-06-13T21:12:35.2157533+02:00" testType="13cdc9d9-ddb5-4fa4-a97d-d965ccfc6d4b" outcome="Passed" testListId="8c84fa94-04c1-424b-9868-57a2d4851a1d" relativeResultsDirectory="74821f10-68e6-4b2a-9adf-0682d9b7cd21" />
    <UnitTestResult executionId="ed4df8f1-12ef-4006-8eae-4fcbd88ced78" testId="34a0ec2a-ee87-5c68-071f-7bf4fe21828e" testName="FormatToStringTest1000(18596.12661189033d,&quot;18596.13 zł&quot;)" computerName="DESKTOP-5URQ9PB" duration="00:00:00.0000190" startTime="2022-06-13T21:12:35.2173448+02:00" endTime="2022-06-13T21:12:35.2173635+02:00" testType="13cdc9d9-ddb5-4fa4-a97d-d965ccfc6d4b" outcome="Passed" testListId="8c84fa94-04c1-424b-9868-57a2d4851a1d" relativeResultsDirectory="ed4df8f1-12ef-4006-8eae-4fcbd88ced78" />
    <UnitTestResult executionId="aaa889ef-b004-4535-9174-1a57ffe292f0" testId="f0159238-5dbe-94b2-dc06-cbfbca0e38a0" testName="FormatToStringTest1000(55010.474927814896d,&quot;55010.47 zł&quot;)" computerName="DESKTOP-5URQ9PB" duration="00:00:00.0000180" startTime="2022-06-13T21:12:35.2202734+02:00" endTime="2022-06-13T21:12:35.2202916+02:00" testType="13cdc9d9-ddb5-4fa4-a97d-d965ccfc6d4b" outcome="Passed" testListId="8c84fa94-04c1-424b-9868-57a2d4851a1d" relativeResultsDirectory="aaa889ef-b004-4535-9174-1a57ffe292f0" />
    <UnitTestResult executionId="4ebaef27-478d-4b21-9824-42c721521c41" testId="f1b541d5-278d-f2a3-2128-f16382bfc74f" testName="FormatToStringTest1000(75514.58914517732d,&quot;75514.59 zł&quot;)" computerName="DESKTOP-5URQ9PB" duration="00:00:00.0000190" startTime="2022-06-13T21:12:35.2120574+02:00" endTime="2022-06-13T21:12:35.2120758+02:00" testType="13cdc9d9-ddb5-4fa4-a97d-d965ccfc6d4b" outcome="Passed" testListId="8c84fa94-04c1-424b-9868-57a2d4851a1d" relativeResultsDirectory="4ebaef27-478d-4b21-9824-42c721521c41" />
    <UnitTestResult executionId="eb238bd8-a75b-4347-93c1-720524db1cd3" testId="11ead46a-3fc2-e54b-9ee7-6572b1ea2616" testName="FormatToStringTest1000(8768.816937361293d,&quot;8768.82 zł&quot;)" computerName="DESKTOP-5URQ9PB" duration="00:00:00.0000200" startTime="2022-06-13T21:12:35.2036296+02:00" endTime="2022-06-13T21:12:35.2036490+02:00" testType="13cdc9d9-ddb5-4fa4-a97d-d965ccfc6d4b" outcome="Passed" testListId="8c84fa94-04c1-424b-9868-57a2d4851a1d" relativeResultsDirectory="eb238bd8-a75b-4347-93c1-720524db1cd3" />
    <UnitTestResult executionId="24704bb7-69fd-41bc-8bfc-ab3734034697" testId="3e4e2f06-1967-c539-7ba8-6e0f44663842" testName="FormatToStringTest1000(56378.261944644735d,&quot;56378.26 zł&quot;)" computerName="DESKTOP-5URQ9PB" duration="00:00:00.0000180" startTime="2022-06-13T21:12:35.2103716+02:00" endTime="2022-06-13T21:12:35.2103897+02:00" testType="13cdc9d9-ddb5-4fa4-a97d-d965ccfc6d4b" outcome="Passed" testListId="8c84fa94-04c1-424b-9868-57a2d4851a1d" relativeResultsDirectory="24704bb7-69fd-41bc-8bfc-ab3734034697" />
    <UnitTestResult executionId="2b556362-d5cd-4035-9126-556c94f7301e" testId="4662df59-28c1-5a49-3a88-d0d7d9c3969d" testName="FormatToStringTest1000(87505.85936583664d,&quot;87505.86 zł&quot;)" computerName="DESKTOP-5URQ9PB" duration="00:00:00.0000200" startTime="2022-06-13T21:12:35.2155008+02:00" endTime="2022-06-13T21:12:35.2155201+02:00" testType="13cdc9d9-ddb5-4fa4-a97d-d965ccfc6d4b" outcome="Passed" testListId="8c84fa94-04c1-424b-9868-57a2d4851a1d" relativeResultsDirectory="2b556362-d5cd-4035-9126-556c94f7301e" />
    <UnitTestResult executionId="d93b0b12-f333-4e31-9adc-d59eb9550d09" testId="79aa3047-78e8-7f3b-b717-0010e3a4cd51" testName="FormatToStringTest1000(32821.05661472215d,&quot;32821.06 zł&quot;)" computerName="DESKTOP-5URQ9PB" duration="00:00:00.0000190" startTime="2022-06-13T21:12:35.2194680+02:00" endTime="2022-06-13T21:12:35.2194872+02:00" testType="13cdc9d9-ddb5-4fa4-a97d-d965ccfc6d4b" outcome="Passed" testListId="8c84fa94-04c1-424b-9868-57a2d4851a1d" relativeResultsDirectory="d93b0b12-f333-4e31-9adc-d59eb9550d09" />
    <UnitTestResult executionId="953c3b6a-dac9-49f4-b207-31463cbd985f" testId="df3985f6-a310-5cd4-8528-b305d96c9c87" testName="FormatToStringTest1000(726.8087564975995d,&quot;726.81 zł&quot;)" computerName="DESKTOP-5URQ9PB" duration="00:00:00.0000210" startTime="2022-06-13T21:12:35.2025366+02:00" endTime="2022-06-13T21:12:35.2025576+02:00" testType="13cdc9d9-ddb5-4fa4-a97d-d965ccfc6d4b" outcome="Passed" testListId="8c84fa94-04c1-424b-9868-57a2d4851a1d" relativeResultsDirectory="953c3b6a-dac9-49f4-b207-31463cbd985f" />
    <UnitTestResult executionId="a6f13755-ac0f-43c1-9eb0-66c625c4a0bc" testId="eb615c68-e5d1-28d7-b038-0571a7587ad1" testName="FormatToStringTest1000(7396.940188290057d,&quot;7396.94 zł&quot;)" computerName="DESKTOP-5URQ9PB" duration="00:00:00.0000190" startTime="2022-06-13T21:12:35.2265623+02:00" endTime="2022-06-13T21:12:35.2265809+02:00" testType="13cdc9d9-ddb5-4fa4-a97d-d965ccfc6d4b" outcome="Passed" testListId="8c84fa94-04c1-424b-9868-57a2d4851a1d" relativeResultsDirectory="a6f13755-ac0f-43c1-9eb0-66c625c4a0bc" />
    <UnitTestResult executionId="30ccad84-b7c6-475b-8190-8729df48acda" testId="70548cff-07c6-a6ca-3719-5ff4c0013c06" testName="FormatToStringTest1000(5022.470719070859d,&quot;5022.47 zł&quot;)" computerName="DESKTOP-5URQ9PB" duration="00:00:00.0000190" startTime="2022-06-13T21:12:35.2101970+02:00" endTime="2022-06-13T21:12:35.2102156+02:00" testType="13cdc9d9-ddb5-4fa4-a97d-d965ccfc6d4b" outcome="Passed" testListId="8c84fa94-04c1-424b-9868-57a2d4851a1d" relativeResultsDirectory="30ccad84-b7c6-475b-8190-8729df48acda" />
    <UnitTestResult executionId="4a340969-6291-4a9a-aefe-7d1a0f0a678b" testId="adedbc1e-8d02-07f8-2158-2d31b0c1df72" testName="FormatToStringTest1000(55457.96873490278d,&quot;55457.97 zł&quot;)" computerName="DESKTOP-5URQ9PB" duration="00:00:00.0000200" startTime="2022-06-13T21:12:35.2200707+02:00" endTime="2022-06-13T21:12:35.2200907+02:00" testType="13cdc9d9-ddb5-4fa4-a97d-d965ccfc6d4b" outcome="Passed" testListId="8c84fa94-04c1-424b-9868-57a2d4851a1d" relativeResultsDirectory="4a340969-6291-4a9a-aefe-7d1a0f0a678b" />
    <UnitTestResult executionId="128d57e5-9054-4c8f-8954-52514e4dd3b9" testId="aadeeabc-272f-9cbf-16ad-69443e81df6f" testName="FormatToStringTest1000(3846.644792262765d,&quot;3846.64 zł&quot;)" computerName="DESKTOP-5URQ9PB" duration="00:00:00.0000190" startTime="2022-06-13T21:12:35.2083530+02:00" endTime="2022-06-13T21:12:35.2083721+02:00" testType="13cdc9d9-ddb5-4fa4-a97d-d965ccfc6d4b" outcome="Passed" testListId="8c84fa94-04c1-424b-9868-57a2d4851a1d" relativeResultsDirectory="128d57e5-9054-4c8f-8954-52514e4dd3b9" />
    <UnitTestResult executionId="12620341-1fb4-45ed-8773-76de40e39319" testId="c8d9f475-0d2c-01ff-49f8-896beab958d5" testName="FormatToStringTest1000(4525.609305084501d,&quot;4525.61 zł&quot;)" computerName="DESKTOP-5URQ9PB" duration="00:00:00.0000190" startTime="2022-06-13T21:12:35.2188416+02:00" endTime="2022-06-13T21:12:35.2188607+02:00" testType="13cdc9d9-ddb5-4fa4-a97d-d965ccfc6d4b" outcome="Passed" testListId="8c84fa94-04c1-424b-9868-57a2d4851a1d" relativeResultsDirectory="12620341-1fb4-45ed-8773-76de40e39319" />
    <UnitTestResult executionId="f9c5b32c-52f4-48c6-b46b-42115d339701" testId="5d21865c-ab0e-9a36-1301-7cb3ba2d4618" testName="FormatToStringTest1000(26215.613055301183d,&quot;26215.61 zł&quot;)" computerName="DESKTOP-5URQ9PB" duration="00:00:00.0000190" startTime="2022-06-13T21:12:35.2177781+02:00" endTime="2022-06-13T21:12:35.2177964+02:00" testType="13cdc9d9-ddb5-4fa4-a97d-d965ccfc6d4b" outcome="Passed" testListId="8c84fa94-04c1-424b-9868-57a2d4851a1d" relativeResultsDirectory="f9c5b32c-52f4-48c6-b46b-42115d339701" />
    <UnitTestResult executionId="f6294e89-f8f5-4d99-9cb0-50864dd31870" testId="32740214-c33e-96ad-e5a0-01c821ac0c2a" testName="FormatToStringTest1000(34951.47290410077d,&quot;34951.47 zł&quot;)" computerName="DESKTOP-5URQ9PB" duration="00:00:00.0000200" startTime="2022-06-13T21:12:35.2129890+02:00" endTime="2022-06-13T21:12:35.2130082+02:00" testType="13cdc9d9-ddb5-4fa4-a97d-d965ccfc6d4b" outcome="Passed" testListId="8c84fa94-04c1-424b-9868-57a2d4851a1d" relativeResultsDirectory="f6294e89-f8f5-4d99-9cb0-50864dd31870" />
    <UnitTestResult executionId="12dd1223-9587-463c-ba9e-bf83c9b344b0" testId="2067c239-a69d-2f34-aeac-53cb55316cbb" testName="FormatToStringTest1000(2423.6182769712145d,&quot;2423.62 zł&quot;)" computerName="DESKTOP-5URQ9PB" duration="00:00:00.0000190" startTime="2022-06-13T21:12:35.2181826+02:00" endTime="2022-06-13T21:12:35.2182009+02:00" testType="13cdc9d9-ddb5-4fa4-a97d-d965ccfc6d4b" outcome="Passed" testListId="8c84fa94-04c1-424b-9868-57a2d4851a1d" relativeResultsDirectory="12dd1223-9587-463c-ba9e-bf83c9b344b0" />
    <UnitTestResult executionId="48abc976-b645-4cd5-98e3-044009b47864" testId="785b55cc-be99-2e92-e97b-e8c0390c5420" testName="FormatToStringTest1000(17990.38119827089d,&quot;17990.38 zł&quot;)" computerName="DESKTOP-5URQ9PB" duration="00:00:00.0000190" startTime="2022-06-13T21:12:35.2106237+02:00" endTime="2022-06-13T21:12:35.2106428+02:00" testType="13cdc9d9-ddb5-4fa4-a97d-d965ccfc6d4b" outcome="Passed" testListId="8c84fa94-04c1-424b-9868-57a2d4851a1d" relativeResultsDirectory="48abc976-b645-4cd5-98e3-044009b47864" />
    <UnitTestResult executionId="edccd5fa-4cfa-4b40-a31d-e2354579c128" testId="6fe47bce-1f86-6cf6-afbe-6725ac8bf44c" testName="FormatToStringTest1000(4411.456718280659d,&quot;4411.46 zł&quot;)" computerName="DESKTOP-5URQ9PB" duration="00:00:00.0000200" startTime="2022-06-13T21:12:35.2178524+02:00" endTime="2022-06-13T21:12:35.2178718+02:00" testType="13cdc9d9-ddb5-4fa4-a97d-d965ccfc6d4b" outcome="Passed" testListId="8c84fa94-04c1-424b-9868-57a2d4851a1d" relativeResultsDirectory="edccd5fa-4cfa-4b40-a31d-e2354579c128" />
    <UnitTestResult executionId="6d53f045-2990-42e5-b82b-0e0893111e50" testId="d2fc2ae7-e3b1-dc92-6628-90e5bb16c5d2" testName="FormatToStringTest1000(4419.750844657306d,&quot;4419.75 zł&quot;)" computerName="DESKTOP-5URQ9PB" duration="00:00:00.0000200" startTime="2022-06-13T21:12:35.2221794+02:00" endTime="2022-06-13T21:12:35.2221990+02:00" testType="13cdc9d9-ddb5-4fa4-a97d-d965ccfc6d4b" outcome="Passed" testListId="8c84fa94-04c1-424b-9868-57a2d4851a1d" relativeResultsDirectory="6d53f045-2990-42e5-b82b-0e0893111e50" />
    <UnitTestResult executionId="91f32287-2b70-4ca0-bb54-366b8b701509" testId="9e338ff4-5402-3f35-08f3-bafb7669b187" testName="FormatToStringTest1000(13092.45389243609d,&quot;13092.45 zł&quot;)" computerName="DESKTOP-5URQ9PB" duration="00:00:00.0000180" startTime="2022-06-13T21:12:35.2247413+02:00" endTime="2022-06-13T21:12:35.2247596+02:00" testType="13cdc9d9-ddb5-4fa4-a97d-d965ccfc6d4b" outcome="Passed" testListId="8c84fa94-04c1-424b-9868-57a2d4851a1d" relativeResultsDirectory="91f32287-2b70-4ca0-bb54-366b8b701509" />
    <UnitTestResult executionId="1effe050-7733-46c5-99ac-199e91c25a28" testId="d8fff351-64d1-1a21-4739-3e89df4d873b" testName="FormatToStringTest1000(2929.267390865026d,&quot;2929.27 zł&quot;)" computerName="DESKTOP-5URQ9PB" duration="00:00:00.0000190" startTime="2022-06-13T21:12:35.2249884+02:00" endTime="2022-06-13T21:12:35.2250073+02:00" testType="13cdc9d9-ddb5-4fa4-a97d-d965ccfc6d4b" outcome="Passed" testListId="8c84fa94-04c1-424b-9868-57a2d4851a1d" relativeResultsDirectory="1effe050-7733-46c5-99ac-199e91c25a28" />
    <UnitTestResult executionId="1e169b0d-424f-44e2-b2af-daa4b71c0278" testId="ffb7284d-9149-6f2f-e2cd-12399f61de50" testName="FormatToStringTest1000(21893.78889296939d,&quot;21893.79 zł&quot;)" computerName="DESKTOP-5URQ9PB" duration="00:00:00.0000200" startTime="2022-06-13T21:12:35.2263344+02:00" endTime="2022-06-13T21:12:35.2263541+02:00" testType="13cdc9d9-ddb5-4fa4-a97d-d965ccfc6d4b" outcome="Passed" testListId="8c84fa94-04c1-424b-9868-57a2d4851a1d" relativeResultsDirectory="1e169b0d-424f-44e2-b2af-daa4b71c0278" />
    <UnitTestResult executionId="305f8d0b-0563-4f63-8f5d-ccca33c0d74e" testId="1b0d351a-508f-0807-0c94-56d657ae1623" testName="FormatToStringTest1000(43799.04472166535d,&quot;43799.04 zł&quot;)" computerName="DESKTOP-5URQ9PB" duration="00:00:00.0000190" startTime="2022-06-13T21:12:35.2129150+02:00" endTime="2022-06-13T21:12:35.2129336+02:00" testType="13cdc9d9-ddb5-4fa4-a97d-d965ccfc6d4b" outcome="Passed" testListId="8c84fa94-04c1-424b-9868-57a2d4851a1d" relativeResultsDirectory="305f8d0b-0563-4f63-8f5d-ccca33c0d74e" />
    <UnitTestResult executionId="051e4332-6b72-4697-bd25-9f5f8078c691" testId="e88588cc-8ef9-e4ad-51dd-2a16e11570f5" testName="FormatToStringTest1000(6809.40195803037d,&quot;6809.40 zł&quot;)" computerName="DESKTOP-5URQ9PB" duration="00:00:00.0001700" startTime="2022-06-13T21:12:35.2023081+02:00" endTime="2022-06-13T21:12:35.2024784+02:00" testType="13cdc9d9-ddb5-4fa4-a97d-d965ccfc6d4b" outcome="Passed" testListId="8c84fa94-04c1-424b-9868-57a2d4851a1d" relativeResultsDirectory="051e4332-6b72-4697-bd25-9f5f8078c691" />
    <UnitTestResult executionId="9b2e9b61-262f-40a3-826a-e38583e5982c" testId="3fdf9576-9d1e-7734-64c7-98030c7feb4a" testName="FormatToStringTest1000(10461.455048841171d,&quot;10461.46 zł&quot;)" computerName="DESKTOP-5URQ9PB" duration="00:00:00.0000200" startTime="2022-06-13T21:12:35.2117317+02:00" endTime="2022-06-13T21:12:35.2117515+02:00" testType="13cdc9d9-ddb5-4fa4-a97d-d965ccfc6d4b" outcome="Passed" testListId="8c84fa94-04c1-424b-9868-57a2d4851a1d" relativeResultsDirectory="9b2e9b61-262f-40a3-826a-e38583e5982c" />
    <UnitTestResult executionId="b8662ca4-5d55-45bf-9a29-5332157c5ff7" testId="279ea0a2-a194-3b23-c2df-f3b9caefacb9" testName="FormatToStringTest1000(5287.3103648714305d,&quot;5287.31 zł&quot;)" computerName="DESKTOP-5URQ9PB" duration="00:00:00.0000260" startTime="2022-06-13T21:12:35.2076743+02:00" endTime="2022-06-13T21:12:35.2076997+02:00" testType="13cdc9d9-ddb5-4fa4-a97d-d965ccfc6d4b" outcome="Passed" testListId="8c84fa94-04c1-424b-9868-57a2d4851a1d" relativeResultsDirectory="b8662ca4-5d55-45bf-9a29-5332157c5ff7" />
    <UnitTestResult executionId="34475303-f7e0-41fe-bf18-0ea0c70d2620" testId="c7fd498b-03da-468c-aa24-ce275275bb84" testName="FormatToStringTest1000(32812.53695512634d,&quot;32812.54 zł&quot;)" computerName="DESKTOP-5URQ9PB" duration="00:00:00.0000190" startTime="2022-06-13T21:12:35.2109707+02:00" endTime="2022-06-13T21:12:35.2109893+02:00" testType="13cdc9d9-ddb5-4fa4-a97d-d965ccfc6d4b" outcome="Passed" testListId="8c84fa94-04c1-424b-9868-57a2d4851a1d" relativeResultsDirectory="34475303-f7e0-41fe-bf18-0ea0c70d2620" />
    <UnitTestResult executionId="9821dfd7-5901-4a7e-afe6-de46b6f26d4d" testId="60e1884b-abd9-92c1-f58c-08f7b4b4de40" testName="FormatToStringTest1000(29926.595417457444d,&quot;29926.60 zł&quot;)" computerName="DESKTOP-5URQ9PB" duration="00:00:00.0000190" startTime="2022-06-13T21:12:35.2212629+02:00" endTime="2022-06-13T21:12:35.2212820+02:00" testType="13cdc9d9-ddb5-4fa4-a97d-d965ccfc6d4b" outcome="Passed" testListId="8c84fa94-04c1-424b-9868-57a2d4851a1d" relativeResultsDirectory="9821dfd7-5901-4a7e-afe6-de46b6f26d4d" />
    <UnitTestResult executionId="554fb0fc-c71d-4d24-805b-3ed1e72e8a17" testId="c2c1dbbf-76df-e4ac-1f6c-4bf02108e7b1" testName="FormatToStringTest1000(65963.39932440939d,&quot;65963.40 zł&quot;)" computerName="DESKTOP-5URQ9PB" duration="00:00:00.0000190" startTime="2022-06-13T21:12:35.2259941+02:00" endTime="2022-06-13T21:12:35.2260124+02:00" testType="13cdc9d9-ddb5-4fa4-a97d-d965ccfc6d4b" outcome="Passed" testListId="8c84fa94-04c1-424b-9868-57a2d4851a1d" relativeResultsDirectory="554fb0fc-c71d-4d24-805b-3ed1e72e8a17" />
    <UnitTestResult executionId="34a6db56-9571-4e19-a1e1-dd3cac46d115" testId="37887ca9-f36b-5081-1e8a-5e4e1fff4e53" testName="FormatToStringTest1000(75915.01943546813d,&quot;75915.02 zł&quot;)" computerName="DESKTOP-5URQ9PB" duration="00:00:00.0000180" startTime="2022-06-13T21:12:35.2115197+02:00" endTime="2022-06-13T21:12:35.2115380+02:00" testType="13cdc9d9-ddb5-4fa4-a97d-d965ccfc6d4b" outcome="Passed" testListId="8c84fa94-04c1-424b-9868-57a2d4851a1d" relativeResultsDirectory="34a6db56-9571-4e19-a1e1-dd3cac46d115" />
    <UnitTestResult executionId="dbb79a4f-3ee6-4311-bb7e-47fce910948e" testId="03ea9dd2-de50-ef82-5a92-98d7b2ff607a" testName="FormatToStringTest1000(19352.183340702755d,&quot;19352.18 zł&quot;)" computerName="DESKTOP-5URQ9PB" duration="00:00:00.0000190" startTime="2022-06-13T21:12:35.2065193+02:00" endTime="2022-06-13T21:12:35.2065385+02:00" testType="13cdc9d9-ddb5-4fa4-a97d-d965ccfc6d4b" outcome="Passed" testListId="8c84fa94-04c1-424b-9868-57a2d4851a1d" relativeResultsDirectory="dbb79a4f-3ee6-4311-bb7e-47fce910948e" />
    <UnitTestResult executionId="2f420ceb-a1ed-467d-845c-9bd426f6f101" testId="e384d116-33c4-57e3-344d-6dd941c8a721" testName="FormatToStringTest1000(30199.386730006612d,&quot;30199.39 zł&quot;)" computerName="DESKTOP-5URQ9PB" duration="00:00:00.0000310" startTime="2022-06-13T21:12:35.2250560+02:00" endTime="2022-06-13T21:12:35.2250870+02:00" testType="13cdc9d9-ddb5-4fa4-a97d-d965ccfc6d4b" outcome="Passed" testListId="8c84fa94-04c1-424b-9868-57a2d4851a1d" relativeResultsDirectory="2f420ceb-a1ed-467d-845c-9bd426f6f101" />
    <UnitTestResult executionId="3576f5cb-4c85-4941-9a56-99f59b1f3ba2" testId="25c75db4-22d0-52b7-8169-fe8bfa7112f2" testName="FormatToStringTest1000(90187.4082624374d,&quot;90187.41 zł&quot;)" computerName="DESKTOP-5URQ9PB" duration="00:00:00.0000200" startTime="2022-06-13T21:12:35.2274719+02:00" endTime="2022-06-13T21:12:35.2274914+02:00" testType="13cdc9d9-ddb5-4fa4-a97d-d965ccfc6d4b" outcome="Passed" testListId="8c84fa94-04c1-424b-9868-57a2d4851a1d" relativeResultsDirectory="3576f5cb-4c85-4941-9a56-99f59b1f3ba2" />
    <UnitTestResult executionId="cd8b5eeb-4a9c-40b3-beef-de5f2b372469" testId="5e7725a9-9983-9545-b4e7-12fe284e2a95" testName="FormatToStringTest1000(89093.57120939044d,&quot;89093.57 zł&quot;)" computerName="DESKTOP-5URQ9PB" duration="00:00:00.0000190" startTime="2022-06-13T21:12:35.2222542+02:00" endTime="2022-06-13T21:12:35.2222732+02:00" testType="13cdc9d9-ddb5-4fa4-a97d-d965ccfc6d4b" outcome="Passed" testListId="8c84fa94-04c1-424b-9868-57a2d4851a1d" relativeResultsDirectory="cd8b5eeb-4a9c-40b3-beef-de5f2b372469" />
    <UnitTestResult executionId="cfc4587c-1b18-4924-9b3a-db853f67a042" testId="6f51818b-8dfe-7cd4-c8ae-d1150bb85ebd" testName="FormatToStringTest1000(19085.023282992664d,&quot;19085.02 zł&quot;)" computerName="DESKTOP-5URQ9PB" duration="00:00:00.0000190" startTime="2022-06-13T21:12:35.2175967+02:00" endTime="2022-06-13T21:12:35.2176154+02:00" testType="13cdc9d9-ddb5-4fa4-a97d-d965ccfc6d4b" outcome="Passed" testListId="8c84fa94-04c1-424b-9868-57a2d4851a1d" relativeResultsDirectory="cfc4587c-1b18-4924-9b3a-db853f67a042" />
    <UnitTestResult executionId="469f5bb7-33c5-4e35-89bc-e84b967f904e" testId="b266e530-9059-cc9e-a2de-5a104736c757" testName="FormatToStringTest1000(14003.84591249742d,&quot;14003.85 zł&quot;)" computerName="DESKTOP-5URQ9PB" duration="00:00:00.0000190" startTime="2022-06-13T21:12:35.2174711+02:00" endTime="2022-06-13T21:12:35.2174902+02:00" testType="13cdc9d9-ddb5-4fa4-a97d-d965ccfc6d4b" outcome="Passed" testListId="8c84fa94-04c1-424b-9868-57a2d4851a1d" relativeResultsDirectory="469f5bb7-33c5-4e35-89bc-e84b967f904e" />
    <UnitTestResult executionId="8923edba-3b42-4546-8339-c837725a45b2" testId="21f5ba92-f354-bb76-94e2-2214000ea5b9" testName="FormatToStringTest1000(7592.950837113406d,&quot;7592.95 zł&quot;)" computerName="DESKTOP-5URQ9PB" duration="00:00:00.0000190" startTime="2022-06-13T21:12:35.2050746+02:00" endTime="2022-06-13T21:12:35.2050935+02:00" testType="13cdc9d9-ddb5-4fa4-a97d-d965ccfc6d4b" outcome="Passed" testListId="8c84fa94-04c1-424b-9868-57a2d4851a1d" relativeResultsDirectory="8923edba-3b42-4546-8339-c837725a45b2" />
    <UnitTestResult executionId="47ec985f-7d82-4c12-8e61-91b477cb4680" testId="0351f469-7ff9-52d3-3d77-92c2f3051f1e" testName="FormatToStringTest1000(46590.9609819562d,&quot;46590.96 zł&quot;)" computerName="DESKTOP-5URQ9PB" duration="00:00:00.0000190" startTime="2022-06-13T21:12:35.2085770+02:00" endTime="2022-06-13T21:12:35.2085954+02:00" testType="13cdc9d9-ddb5-4fa4-a97d-d965ccfc6d4b" outcome="Passed" testListId="8c84fa94-04c1-424b-9868-57a2d4851a1d" relativeResultsDirectory="47ec985f-7d82-4c12-8e61-91b477cb4680" />
    <UnitTestResult executionId="88aca9ef-9135-4317-939a-54e52aebb47e" testId="faf63bba-5452-3836-a95e-2474023d45ad" testName="FormatToStringTest1000(40913.016669489916d,&quot;40913.02 zł&quot;)" computerName="DESKTOP-5URQ9PB" duration="00:00:00.0000200" startTime="2022-06-13T21:12:35.2248156+02:00" endTime="2022-06-13T21:12:35.2248348+02:00" testType="13cdc9d9-ddb5-4fa4-a97d-d965ccfc6d4b" outcome="Passed" testListId="8c84fa94-04c1-424b-9868-57a2d4851a1d" relativeResultsDirectory="88aca9ef-9135-4317-939a-54e52aebb47e" />
    <UnitTestResult executionId="184f0ad9-1fff-4e2c-84e3-22ea7945502d" testId="a01314ec-fbb5-964d-0d33-e4eebe884133" testName="FormatToStringTest1000(20640.678251201603d,&quot;20640.68 zł&quot;)" computerName="DESKTOP-5URQ9PB" duration="00:00:00.0000190" startTime="2022-06-13T21:12:35.2155263+02:00" endTime="2022-06-13T21:12:35.2155454+02:00" testType="13cdc9d9-ddb5-4fa4-a97d-d965ccfc6d4b" outcome="Passed" testListId="8c84fa94-04c1-424b-9868-57a2d4851a1d" relativeResultsDirectory="184f0ad9-1fff-4e2c-84e3-22ea7945502d" />
    <UnitTestResult executionId="83217b44-9f3d-421a-ad5a-b1a260193c74" testId="0f966d17-36c6-657f-5b98-8b83226f1489" testName="FormatToStringTest1000(17875.613377604455d,&quot;17875.61 zł&quot;)" computerName="DESKTOP-5URQ9PB" duration="00:00:00.0000190" startTime="2022-06-13T21:12:35.2073276+02:00" endTime="2022-06-13T21:12:35.2073462+02:00" testType="13cdc9d9-ddb5-4fa4-a97d-d965ccfc6d4b" outcome="Passed" testListId="8c84fa94-04c1-424b-9868-57a2d4851a1d" relativeResultsDirectory="83217b44-9f3d-421a-ad5a-b1a260193c74" />
    <UnitTestResult executionId="64de4a8e-7abe-44fa-9896-e8b68941ae06" testId="0a21bad2-cce1-7c33-3af3-a6f4c4389e98" testName="FormatToStringTest1000(79339.95632144621d,&quot;79339.96 zł&quot;)" computerName="DESKTOP-5URQ9PB" duration="00:00:00.0000190" startTime="2022-06-13T21:12:35.2272720+02:00" endTime="2022-06-13T21:12:35.2272905+02:00" testType="13cdc9d9-ddb5-4fa4-a97d-d965ccfc6d4b" outcome="Passed" testListId="8c84fa94-04c1-424b-9868-57a2d4851a1d" relativeResultsDirectory="64de4a8e-7abe-44fa-9896-e8b68941ae06" />
    <UnitTestResult executionId="2db31964-8db6-474e-8110-bb84785f6d17" testId="92867c0e-facc-7f59-b4bc-04e39d2ba464" testName="FormatToStringTest1000(657.5396922647672d,&quot;657.54 zł&quot;)" computerName="DESKTOP-5URQ9PB" duration="00:00:00.0000200" startTime="2022-06-13T21:12:35.2118575+02:00" endTime="2022-06-13T21:12:35.2118771+02:00" testType="13cdc9d9-ddb5-4fa4-a97d-d965ccfc6d4b" outcome="Passed" testListId="8c84fa94-04c1-424b-9868-57a2d4851a1d" relativeResultsDirectory="2db31964-8db6-474e-8110-bb84785f6d17" />
    <UnitTestResult executionId="0080756d-87d8-4a93-871b-8010690ae01c" testId="84912826-9a40-9d59-76ff-2b9288e04c5b" testName="FormatToStringTest1000(15313.083673952653d,&quot;15313.08 zł&quot;)" computerName="DESKTOP-5URQ9PB" duration="00:00:00.0000190" startTime="2022-06-13T21:12:35.2116441+02:00" endTime="2022-06-13T21:12:35.2116630+02:00" testType="13cdc9d9-ddb5-4fa4-a97d-d965ccfc6d4b" outcome="Passed" testListId="8c84fa94-04c1-424b-9868-57a2d4851a1d" relativeResultsDirectory="0080756d-87d8-4a93-871b-8010690ae01c" />
    <UnitTestResult executionId="8f0381ff-57ac-402d-b899-c8c67e8a14f4" testId="4951aa5a-960f-b892-8f82-3d3748c1e3da" testName="FormatToStringTest1000(17232.486162219426d,&quot;17232.49 zł&quot;)" computerName="DESKTOP-5URQ9PB" duration="00:00:00.0000190" startTime="2022-06-13T21:12:35.2098697+02:00" endTime="2022-06-13T21:12:35.2098888+02:00" testType="13cdc9d9-ddb5-4fa4-a97d-d965ccfc6d4b" outcome="Passed" testListId="8c84fa94-04c1-424b-9868-57a2d4851a1d" relativeResultsDirectory="8f0381ff-57ac-402d-b899-c8c67e8a14f4" />
    <UnitTestResult executionId="5cba7fff-1c42-4d00-a8c0-34eb01914bb4" testId="7146296d-c8e1-b13f-44e4-16f25fa9af9d" testName="FormatToStringTest1000(591.2110872302256d,&quot;591.21 zł&quot;)" computerName="DESKTOP-5URQ9PB" duration="00:00:00.0000190" startTime="2022-06-13T21:12:35.2035805+02:00" endTime="2022-06-13T21:12:35.2035993+02:00" testType="13cdc9d9-ddb5-4fa4-a97d-d965ccfc6d4b" outcome="Passed" testListId="8c84fa94-04c1-424b-9868-57a2d4851a1d" relativeResultsDirectory="5cba7fff-1c42-4d00-a8c0-34eb01914bb4" />
    <UnitTestResult executionId="e9590b03-e324-4e97-a35c-ba730823a24e" testId="b9c69082-a036-d41e-d5a0-c1cde2a1d040" testName="FormatToStringTest1000(9661.966055578536d,&quot;9661.97 zł&quot;)" computerName="DESKTOP-5URQ9PB" duration="00:00:00.0000280" startTime="2022-06-13T21:12:35.2116698+02:00" endTime="2022-06-13T21:12:35.2116979+02:00" testType="13cdc9d9-ddb5-4fa4-a97d-d965ccfc6d4b" outcome="Passed" testListId="8c84fa94-04c1-424b-9868-57a2d4851a1d" relativeResultsDirectory="e9590b03-e324-4e97-a35c-ba730823a24e" />
    <UnitTestResult executionId="1d12c00e-72de-4d4e-b2ea-68508b638c58" testId="bc954cfc-79b1-8687-e8d1-aab98a75fd1a" testName="FormatToStringTest1000(25990.318498101697d,&quot;25990.32 zł&quot;)" computerName="DESKTOP-5URQ9PB" duration="00:00:00.0000190" startTime="2022-06-13T21:12:35.2039619+02:00" endTime="2022-06-13T21:12:35.2039805+02:00" testType="13cdc9d9-ddb5-4fa4-a97d-d965ccfc6d4b" outcome="Passed" testListId="8c84fa94-04c1-424b-9868-57a2d4851a1d" relativeResultsDirectory="1d12c00e-72de-4d4e-b2ea-68508b638c58" />
    <UnitTestResult executionId="9ed4a060-4f83-415d-9d1b-c35b1c4a51a0" testId="eb2e7461-d939-c702-00f6-a6f4037fdc3f" testName="FormatToStringTest1000(19609.759296997803d,&quot;19609.76 zł&quot;)" computerName="DESKTOP-5URQ9PB" duration="00:00:00.0000190" startTime="2022-06-13T21:12:35.2130639+02:00" endTime="2022-06-13T21:12:35.2130825+02:00" testType="13cdc9d9-ddb5-4fa4-a97d-d965ccfc6d4b" outcome="Passed" testListId="8c84fa94-04c1-424b-9868-57a2d4851a1d" relativeResultsDirectory="9ed4a060-4f83-415d-9d1b-c35b1c4a51a0" />
    <UnitTestResult executionId="cc032d3c-8eff-4416-9f5f-f8a7efcdfa3d" testId="2f443958-bb91-68f7-90b6-2eae1e3219b3" testName="FormatToStringTest1000(26207.03715363659d,&quot;26207.04 zł&quot;)" computerName="DESKTOP-5URQ9PB" duration="00:00:00.0000200" startTime="2022-06-13T21:12:35.2073767+02:00" endTime="2022-06-13T21:12:35.2073967+02:00" testType="13cdc9d9-ddb5-4fa4-a97d-d965ccfc6d4b" outcome="Passed" testListId="8c84fa94-04c1-424b-9868-57a2d4851a1d" relativeResultsDirectory="cc032d3c-8eff-4416-9f5f-f8a7efcdfa3d" />
    <UnitTestResult executionId="f95f4db4-f584-4793-af91-7f47ca588693" testId="6b78f8da-fc12-62dc-9f88-c5e10a98f007" testName="FormatToStringTest1000(42383.08993972982d,&quot;42383.09 zł&quot;)" computerName="DESKTOP-5URQ9PB" duration="00:00:00.0000210" startTime="2022-06-13T21:12:35.2166965+02:00" endTime="2022-06-13T21:12:35.2167168+02:00" testType="13cdc9d9-ddb5-4fa4-a97d-d965ccfc6d4b" outcome="Passed" testListId="8c84fa94-04c1-424b-9868-57a2d4851a1d" relativeResultsDirectory="f95f4db4-f584-4793-af91-7f47ca588693" />
    <UnitTestResult executionId="45e94056-95d9-4f5e-a917-391417635ac3" testId="5eec1dec-2d00-5deb-f000-c17eea3526a6" testName="FormatToStringTest1000(1073.195098933389d,&quot;1073.20 zł&quot;)" computerName="DESKTOP-5URQ9PB" duration="00:00:00.0000190" startTime="2022-06-13T21:12:35.2184330+02:00" endTime="2022-06-13T21:12:35.2184516+02:00" testType="13cdc9d9-ddb5-4fa4-a97d-d965ccfc6d4b" outcome="Passed" testListId="8c84fa94-04c1-424b-9868-57a2d4851a1d" relativeResultsDirectory="45e94056-95d9-4f5e-a917-391417635ac3" />
    <UnitTestResult executionId="a59b631b-c448-4aa7-a3d4-e4b63696eca1" testId="5217a55b-523e-bb6a-47cc-7fbf0bc01c96" testName="FormatToStringTest1000(10370.0107542784d,&quot;10370.01 zł&quot;)" computerName="DESKTOP-5URQ9PB" duration="00:00:00.0000200" startTime="2022-06-13T21:12:35.2151925+02:00" endTime="2022-06-13T21:12:35.2152123+02:00" testType="13cdc9d9-ddb5-4fa4-a97d-d965ccfc6d4b" outcome="Passed" testListId="8c84fa94-04c1-424b-9868-57a2d4851a1d" relativeResultsDirectory="a59b631b-c448-4aa7-a3d4-e4b63696eca1" />
    <UnitTestResult executionId="0124baa9-c3ac-4c4c-afa0-36b5af5c369d" testId="aef8a2f1-8212-2e61-b82d-81a49d106670" testName="FormatToStringTest1000(47437.74370917619d,&quot;47437.74 zł&quot;)" computerName="DESKTOP-5URQ9PB" duration="00:00:00.0000190" startTime="2022-06-13T21:12:35.2264861+02:00" endTime="2022-06-13T21:12:35.2265049+02:00" testType="13cdc9d9-ddb5-4fa4-a97d-d965ccfc6d4b" outcome="Passed" testListId="8c84fa94-04c1-424b-9868-57a2d4851a1d" relativeResultsDirectory="0124baa9-c3ac-4c4c-afa0-36b5af5c369d" />
    <UnitTestResult executionId="5b2b59aa-b8fe-4dd1-a289-a1385acd90e2" testId="f49abb46-6157-b05f-1fad-c8a20a256f62" testName="FormatToStringTest1000(1687.6029180025694d,&quot;1687.60 zł&quot;)" computerName="DESKTOP-5URQ9PB" duration="00:00:00.0000190" startTime="2022-06-13T21:12:35.2094068+02:00" endTime="2022-06-13T21:12:35.2094253+02:00" testType="13cdc9d9-ddb5-4fa4-a97d-d965ccfc6d4b" outcome="Passed" testListId="8c84fa94-04c1-424b-9868-57a2d4851a1d" relativeResultsDirectory="5b2b59aa-b8fe-4dd1-a289-a1385acd90e2" />
    <UnitTestResult executionId="d9ec14f6-e351-4648-8099-b64dc385e21e" testId="3b6adeb2-dcf4-fb95-f3e8-26dcad169d8e" testName="FormatToStringTest1000(71554.9786298829d,&quot;71554.98 zł&quot;)" computerName="DESKTOP-5URQ9PB" duration="00:00:00.0000190" startTime="2022-06-13T21:12:35.2208824+02:00" endTime="2022-06-13T21:12:35.2209009+02:00" testType="13cdc9d9-ddb5-4fa4-a97d-d965ccfc6d4b" outcome="Passed" testListId="8c84fa94-04c1-424b-9868-57a2d4851a1d" relativeResultsDirectory="d9ec14f6-e351-4648-8099-b64dc385e21e" />
    <UnitTestResult executionId="f3406a86-e661-4406-867f-a26d1cd11720" testId="1772b5c8-17fc-7339-7078-7951ac9723dd" testName="FormatToStringTest1000(6323.24079469882d,&quot;6323.24 zł&quot;)" computerName="DESKTOP-5URQ9PB" duration="00:00:00.0000190" startTime="2022-06-13T21:12:35.2090332+02:00" endTime="2022-06-13T21:12:35.2090517+02:00" testType="13cdc9d9-ddb5-4fa4-a97d-d965ccfc6d4b" outcome="Passed" testListId="8c84fa94-04c1-424b-9868-57a2d4851a1d" relativeResultsDirectory="f3406a86-e661-4406-867f-a26d1cd11720" />
    <UnitTestResult executionId="2415d191-19c6-4b57-9e63-fe30a540e449" testId="de399ac2-0e9a-031b-1b43-49701fcdb8f0" testName="FormatToStringTest1000(10174.652801423637d,&quot;10174.65 zł&quot;)" computerName="DESKTOP-5URQ9PB" duration="00:00:00.0000190" startTime="2022-06-13T21:12:35.2177533+02:00" endTime="2022-06-13T21:12:35.2177720+02:00" testType="13cdc9d9-ddb5-4fa4-a97d-d965ccfc6d4b" outcome="Passed" testListId="8c84fa94-04c1-424b-9868-57a2d4851a1d" relativeResultsDirectory="2415d191-19c6-4b57-9e63-fe30a540e449" />
    <UnitTestResult executionId="0b20e4bc-b757-4be8-804e-e2dd1de0e6a4" testId="6fd1af1d-c0d4-5f1e-0bd0-26896040487e" testName="FormatToStringTest1000(31805.23430354532d,&quot;31805.23 zł&quot;)" computerName="DESKTOP-5URQ9PB" duration="00:00:00.0000190" startTime="2022-06-13T21:12:35.2211106+02:00" endTime="2022-06-13T21:12:35.2211289+02:00" testType="13cdc9d9-ddb5-4fa4-a97d-d965ccfc6d4b" outcome="Passed" testListId="8c84fa94-04c1-424b-9868-57a2d4851a1d" relativeResultsDirectory="0b20e4bc-b757-4be8-804e-e2dd1de0e6a4" />
    <UnitTestResult executionId="9e17138c-10da-44d3-a90e-c022ad5b02a2" testId="c185c27a-3451-102c-d3c1-98ea6c73d73c" testName="FormatToStringTest1000(25036.98767214035d,&quot;25036.99 zł&quot;)" computerName="DESKTOP-5URQ9PB" duration="00:00:00.0000180" startTime="2022-06-13T21:12:35.2077820+02:00" endTime="2022-06-13T21:12:35.2078002+02:00" testType="13cdc9d9-ddb5-4fa4-a97d-d965ccfc6d4b" outcome="Passed" testListId="8c84fa94-04c1-424b-9868-57a2d4851a1d" relativeResultsDirectory="9e17138c-10da-44d3-a90e-c022ad5b02a2" />
    <UnitTestResult executionId="4b6a4144-2aaf-4d23-a91a-87488eec28f3" testId="ef8e2842-4b56-3143-8747-c2adcd3e7a1d" testName="FormatToStringTest1000(3907.8681317963024d,&quot;3907.87 zł&quot;)" computerName="DESKTOP-5URQ9PB" duration="00:00:00.0000190" startTime="2022-06-13T21:12:35.2052517+02:00" endTime="2022-06-13T21:12:35.2052702+02:00" testType="13cdc9d9-ddb5-4fa4-a97d-d965ccfc6d4b" outcome="Passed" testListId="8c84fa94-04c1-424b-9868-57a2d4851a1d" relativeResultsDirectory="4b6a4144-2aaf-4d23-a91a-87488eec28f3" />
    <UnitTestResult executionId="a82f05db-0164-41c0-92fd-cd91e71b92fd" testId="6ce0d4c6-4820-8d4a-179e-2d433a32b3e2" testName="FormatToStringTest1000(7202.052143613367d,&quot;7202.05 zł&quot;)" computerName="DESKTOP-5URQ9PB" duration="00:00:00.0000210" startTime="2022-06-13T21:12:35.2221279+02:00" endTime="2022-06-13T21:12:35.2221483+02:00" testType="13cdc9d9-ddb5-4fa4-a97d-d965ccfc6d4b" outcome="Passed" testListId="8c84fa94-04c1-424b-9868-57a2d4851a1d" relativeResultsDirectory="a82f05db-0164-41c0-92fd-cd91e71b92fd" />
    <UnitTestResult executionId="cc17c193-e036-4a1a-b6bb-3db14aea1ddb" testId="fbe41254-a5bc-bdde-4d71-8c5eb07a0fb3" testName="FormatToStringTest1000(13197.65136269417d,&quot;13197.65 zł&quot;)" computerName="DESKTOP-5URQ9PB" duration="00:00:00.0000190" startTime="2022-06-13T21:12:35.2139682+02:00" endTime="2022-06-13T21:12:35.2139871+02:00" testType="13cdc9d9-ddb5-4fa4-a97d-d965ccfc6d4b" outcome="Passed" testListId="8c84fa94-04c1-424b-9868-57a2d4851a1d" relativeResultsDirectory="cc17c193-e036-4a1a-b6bb-3db14aea1ddb" />
    <UnitTestResult executionId="40caab2b-6953-4717-b0a3-81e5c1af84d8" testId="c4623a0a-608f-dd08-41f5-750ffba5ed05" testName="FormatToStringTest1000(24695.917440203913d,&quot;24695.92 zł&quot;)" computerName="DESKTOP-5URQ9PB" duration="00:00:00.0000200" startTime="2022-06-13T21:12:35.2168236+02:00" endTime="2022-06-13T21:12:35.2168433+02:00" testType="13cdc9d9-ddb5-4fa4-a97d-d965ccfc6d4b" outcome="Passed" testListId="8c84fa94-04c1-424b-9868-57a2d4851a1d" relativeResultsDirectory="40caab2b-6953-4717-b0a3-81e5c1af84d8" />
    <UnitTestResult executionId="a0ff259f-66f9-4a4a-ac4e-c0853229e387" testId="0978a2bb-d483-0479-bb70-260f687971c0" testName="FormatToStringTest1000(17031.365705376662d,&quot;17031.37 zł&quot;)" computerName="DESKTOP-5URQ9PB" duration="00:00:00.0000190" startTime="2022-06-13T21:12:35.2137148+02:00" endTime="2022-06-13T21:12:35.2137339+02:00" testType="13cdc9d9-ddb5-4fa4-a97d-d965ccfc6d4b" outcome="Passed" testListId="8c84fa94-04c1-424b-9868-57a2d4851a1d" relativeResultsDirectory="a0ff259f-66f9-4a4a-ac4e-c0853229e387" />
    <UnitTestResult executionId="2ee106d5-5f43-42e4-b345-28a147646aa6" testId="c1905b94-6245-64ed-8028-a7655f8970eb" testName="FormatToStringTest1000(5961.755129208674d,&quot;5961.76 zł&quot;)" computerName="DESKTOP-5URQ9PB" duration="00:00:00.0000180" startTime="2022-06-13T21:12:35.2121313+02:00" endTime="2022-06-13T21:12:35.2121495+02:00" testType="13cdc9d9-ddb5-4fa4-a97d-d965ccfc6d4b" outcome="Passed" testListId="8c84fa94-04c1-424b-9868-57a2d4851a1d" relativeResultsDirectory="2ee106d5-5f43-42e4-b345-28a147646aa6" />
    <UnitTestResult executionId="1c800dc3-04e1-49ab-9419-c2134a29dc31" testId="12c8d806-dc76-730d-d276-1d289133c533" testName="FormatToStringTest1000(16597.22844427788d,&quot;16597.23 zł&quot;)" computerName="DESKTOP-5URQ9PB" duration="00:00:00.0000200" startTime="2022-06-13T21:12:35.2069034+02:00" endTime="2022-06-13T21:12:35.2069232+02:00" testType="13cdc9d9-ddb5-4fa4-a97d-d965ccfc6d4b" outcome="Passed" testListId="8c84fa94-04c1-424b-9868-57a2d4851a1d" relativeResultsDirectory="1c800dc3-04e1-49ab-9419-c2134a29dc31" />
    <UnitTestResult executionId="5ffc7eed-0391-4706-97c8-0ba0cc4c6f4d" testId="74f41b57-bac2-c2b8-f1dc-9469402fc8fa" testName="FormatToStringTest1000(635.3263313632116d,&quot;635.33 zł&quot;)" computerName="DESKTOP-5URQ9PB" duration="00:00:00.0000200" startTime="2022-06-13T21:12:35.2266371+02:00" endTime="2022-06-13T21:12:35.2266566+02:00" testType="13cdc9d9-ddb5-4fa4-a97d-d965ccfc6d4b" outcome="Passed" testListId="8c84fa94-04c1-424b-9868-57a2d4851a1d" relativeResultsDirectory="5ffc7eed-0391-4706-97c8-0ba0cc4c6f4d" />
    <UnitTestResult executionId="1c7b4559-a271-44ff-af8f-acd187dd9c2d" testId="eef249b6-8ce5-ce2e-1d6e-3786477a589e" testName="FormatToStringTest1000(59919.71489415491d,&quot;59919.71 zł&quot;)" computerName="DESKTOP-5URQ9PB" duration="00:00:00.0000190" startTime="2022-06-13T21:12:35.2177280+02:00" endTime="2022-06-13T21:12:35.2177471+02:00" testType="13cdc9d9-ddb5-4fa4-a97d-d965ccfc6d4b" outcome="Passed" testListId="8c84fa94-04c1-424b-9868-57a2d4851a1d" relativeResultsDirectory="1c7b4559-a271-44ff-af8f-acd187dd9c2d" />
    <UnitTestResult executionId="d0dbaff8-eb62-430d-9773-27b653ea1639" testId="6f7345f6-07c1-aba6-fba8-22e9ed357a49" testName="FormatToStringTest1000(19189.32381924117d,&quot;19189.32 zł&quot;)" computerName="DESKTOP-5URQ9PB" duration="00:00:00.0000200" startTime="2022-06-13T21:12:35.2086825+02:00" endTime="2022-06-13T21:12:35.2087023+02:00" testType="13cdc9d9-ddb5-4fa4-a97d-d965ccfc6d4b" outcome="Passed" testListId="8c84fa94-04c1-424b-9868-57a2d4851a1d" relativeResultsDirectory="d0dbaff8-eb62-430d-9773-27b653ea1639" />
    <UnitTestResult executionId="f0e3cbd3-f587-483e-9d52-2adb565fc29c" testId="d0b4fe44-6c66-e0d0-90f7-7f93ef97fe01" testName="FormatToStringTest1000(14172.682747822573d,&quot;14172.68 zł&quot;)" computerName="DESKTOP-5URQ9PB" duration="00:00:00.0000210" startTime="2022-06-13T21:12:35.2032198+02:00" endTime="2022-06-13T21:12:35.2032402+02:00" testType="13cdc9d9-ddb5-4fa4-a97d-d965ccfc6d4b" outcome="Passed" testListId="8c84fa94-04c1-424b-9868-57a2d4851a1d" relativeResultsDirectory="f0e3cbd3-f587-483e-9d52-2adb565fc29c" />
    <UnitTestResult executionId="206b823c-e712-4925-ade1-5725fc5995fe" testId="7e4135b8-b66c-77ce-172b-34d352f16888" testName="FormatToStringTest1000(9068.70019550468d,&quot;9068.70 zł&quot;)" computerName="DESKTOP-5URQ9PB" duration="00:00:00.0000190" startTime="2022-06-13T21:12:35.2111215+02:00" endTime="2022-06-13T21:12:35.2111406+02:00" testType="13cdc9d9-ddb5-4fa4-a97d-d965ccfc6d4b" outcome="Passed" testListId="8c84fa94-04c1-424b-9868-57a2d4851a1d" relativeResultsDirectory="206b823c-e712-4925-ade1-5725fc5995fe" />
    <UnitTestResult executionId="bf2ba4a1-dd65-47c9-8360-c0eff4de4130" testId="4d74b8de-5123-86ec-ab4f-2d4ce6434a23" testName="FormatToStringTest1000(23120.169499649743d,&quot;23120.17 zł&quot;)" computerName="DESKTOP-5URQ9PB" duration="00:00:00.0000200" startTime="2022-06-13T21:12:35.2241627+02:00" endTime="2022-06-13T21:12:35.2241821+02:00" testType="13cdc9d9-ddb5-4fa4-a97d-d965ccfc6d4b" outcome="Passed" testListId="8c84fa94-04c1-424b-9868-57a2d4851a1d" relativeResultsDirectory="bf2ba4a1-dd65-47c9-8360-c0eff4de4130" />
    <UnitTestResult executionId="d3221f5e-a307-4ccc-a15d-1e498ed2c0e8" testId="de7a0ae7-aa58-be18-206b-2d44f2e86ead" testName="FormatToStringTest1000(20552.966022956633d,&quot;20552.97 zł&quot;)" computerName="DESKTOP-5URQ9PB" duration="00:00:00.0000200" startTime="2022-06-13T21:12:35.2173697+02:00" endTime="2022-06-13T21:12:35.2173896+02:00" testType="13cdc9d9-ddb5-4fa4-a97d-d965ccfc6d4b" outcome="Passed" testListId="8c84fa94-04c1-424b-9868-57a2d4851a1d" relativeResultsDirectory="d3221f5e-a307-4ccc-a15d-1e498ed2c0e8" />
    <UnitTestResult executionId="64de7d05-eb44-4ba2-83be-9f81ace85848" testId="01cb383a-3e5a-acd0-bce9-5df29c661a7c" testName="FormatToStringTest1000(26133.133789601336d,&quot;26133.13 zł&quot;)" computerName="DESKTOP-5URQ9PB" duration="00:00:00.0000190" startTime="2022-06-13T21:12:35.2051760+02:00" endTime="2022-06-13T21:12:35.2051948+02:00" testType="13cdc9d9-ddb5-4fa4-a97d-d965ccfc6d4b" outcome="Passed" testListId="8c84fa94-04c1-424b-9868-57a2d4851a1d" relativeResultsDirectory="64de7d05-eb44-4ba2-83be-9f81ace85848" />
    <UnitTestResult executionId="3267f5bd-fcaf-4d9c-8e66-db76e7d66364" testId="7d115265-369e-6487-e000-47e2ac4ab46b" testName="FormatToStringTest1000(61633.2671179945d,&quot;61633.27 zł&quot;)" computerName="DESKTOP-5URQ9PB" duration="00:00:00.0000190" startTime="2022-06-13T21:12:35.2132614+02:00" endTime="2022-06-13T21:12:35.2132800+02:00" testType="13cdc9d9-ddb5-4fa4-a97d-d965ccfc6d4b" outcome="Passed" testListId="8c84fa94-04c1-424b-9868-57a2d4851a1d" relativeResultsDirectory="3267f5bd-fcaf-4d9c-8e66-db76e7d66364" />
    <UnitTestResult executionId="1248981c-bf63-42b2-a226-b0cc2df0954d" testId="4ce6cb72-dabd-e3eb-6074-df75f0abcb26" testName="FormatToStringTest1000(76751.79413498091d,&quot;76751.79 zł&quot;)" computerName="DESKTOP-5URQ9PB" duration="00:00:00.0000200" startTime="2022-06-13T21:12:35.2151127+02:00" endTime="2022-06-13T21:12:35.2151320+02:00" testType="13cdc9d9-ddb5-4fa4-a97d-d965ccfc6d4b" outcome="Passed" testListId="8c84fa94-04c1-424b-9868-57a2d4851a1d" relativeResultsDirectory="1248981c-bf63-42b2-a226-b0cc2df0954d" />
    <UnitTestResult executionId="a041bfa0-2952-4d30-bcf7-2c809697d0be" testId="8b6f3338-cce8-0079-b821-3f92e6c60eee" testName="FormatToStringTest1000(10268.547802396373d,&quot;10268.55 zł&quot;)" computerName="DESKTOP-5URQ9PB" duration="00:00:00.0000190" startTime="2022-06-13T21:12:35.2044878+02:00" endTime="2022-06-13T21:12:35.2045065+02:00" testType="13cdc9d9-ddb5-4fa4-a97d-d965ccfc6d4b" outcome="Passed" testListId="8c84fa94-04c1-424b-9868-57a2d4851a1d" relativeResultsDirectory="a041bfa0-2952-4d30-bcf7-2c809697d0be" />
    <UnitTestResult executionId="d5125762-725f-4985-b156-2ca20d21c10c" testId="1640b6a1-03c2-f3db-49e3-38921c8dee24" testName="FormatToStringTest1000(964.9678631783313d,&quot;964.97 zł&quot;)" computerName="DESKTOP-5URQ9PB" duration="00:00:00.0000190" startTime="2022-06-13T21:12:35.2095562+02:00" endTime="2022-06-13T21:12:35.2095749+02:00" testType="13cdc9d9-ddb5-4fa4-a97d-d965ccfc6d4b" outcome="Passed" testListId="8c84fa94-04c1-424b-9868-57a2d4851a1d" relativeResultsDirectory="d5125762-725f-4985-b156-2ca20d21c10c" />
    <UnitTestResult executionId="5c3903d1-8502-4d4b-8ecd-0de95b9d91b5" testId="552b07f7-5957-56bd-9f6c-bbb880d05499" testName="FormatToStringTest1000(27506.397047390416d,&quot;27506.40 zł&quot;)" computerName="DESKTOP-5URQ9PB" duration="00:00:00.0000190" startTime="2022-06-13T21:12:35.2072776+02:00" endTime="2022-06-13T21:12:35.2072960+02:00" testType="13cdc9d9-ddb5-4fa4-a97d-d965ccfc6d4b" outcome="Passed" testListId="8c84fa94-04c1-424b-9868-57a2d4851a1d" relativeResultsDirectory="5c3903d1-8502-4d4b-8ecd-0de95b9d91b5" />
    <UnitTestResult executionId="831ce82d-4c09-4acc-9066-601ea563e39a" testId="705f4fef-5f3d-03f1-6410-c3ee16921998" testName="FormatToStringTest1000(11100.829211263372d,&quot;11100.83 zł&quot;)" computerName="DESKTOP-5URQ9PB" duration="00:00:00.0000200" startTime="2022-06-13T21:12:35.2030890+02:00" endTime="2022-06-13T21:12:35.2031087+02:00" testType="13cdc9d9-ddb5-4fa4-a97d-d965ccfc6d4b" outcome="Passed" testListId="8c84fa94-04c1-424b-9868-57a2d4851a1d" relativeResultsDirectory="831ce82d-4c09-4acc-9066-601ea563e39a" />
    <UnitTestResult executionId="a90c7ec1-7ae2-4438-8948-a70949342de3" testId="c9bdc46f-9c2d-d658-e774-72448865739f" testName="FormatToStringTest1000(5957.42161879941d,&quot;5957.42 zł&quot;)" computerName="DESKTOP-5URQ9PB" duration="00:00:00.0000190" startTime="2022-06-13T21:12:35.2193939+02:00" endTime="2022-06-13T21:12:35.2194123+02:00" testType="13cdc9d9-ddb5-4fa4-a97d-d965ccfc6d4b" outcome="Passed" testListId="8c84fa94-04c1-424b-9868-57a2d4851a1d" relativeResultsDirectory="a90c7ec1-7ae2-4438-8948-a70949342de3" />
    <UnitTestResult executionId="aebfde98-2e18-4fbf-908a-d97cd0d46d70" testId="c5316b43-7086-7b8f-266a-feedd9573c48" testName="FormatToStringTest1000(19363.881840787773d,&quot;19363.88 zł&quot;)" computerName="DESKTOP-5URQ9PB" duration="00:00:00.0000190" startTime="2022-06-13T21:12:35.2200214+02:00" endTime="2022-06-13T21:12:35.2200402+02:00" testType="13cdc9d9-ddb5-4fa4-a97d-d965ccfc6d4b" outcome="Passed" testListId="8c84fa94-04c1-424b-9868-57a2d4851a1d" relativeResultsDirectory="aebfde98-2e18-4fbf-908a-d97cd0d46d70" />
    <UnitTestResult executionId="b9a3adb5-f77c-4533-b31b-b1f12672cee5" testId="8ba4f73b-ec87-c89b-2641-8f6e59861d2d" testName="FormatToStringTest1000(11829.625994884234d,&quot;11829.63 zł&quot;)" computerName="DESKTOP-5URQ9PB" duration="00:00:00.0000250" startTime="2022-06-13T21:12:35.2136835+02:00" endTime="2022-06-13T21:12:35.2137083+02:00" testType="13cdc9d9-ddb5-4fa4-a97d-d965ccfc6d4b" outcome="Passed" testListId="8c84fa94-04c1-424b-9868-57a2d4851a1d" relativeResultsDirectory="b9a3adb5-f77c-4533-b31b-b1f12672cee5" />
    <UnitTestResult executionId="db9ad9dd-740f-4b61-ae21-52ff99e1134c" testId="57f0eaa3-633d-272b-64dc-58e0ae797fbb" testName="FormatToStringTest1000(12759.925747307914d,&quot;12759.93 zł&quot;)" computerName="DESKTOP-5URQ9PB" duration="00:00:00.0000200" startTime="2022-06-13T21:12:35.2224314+02:00" endTime="2022-06-13T21:12:35.2224512+02:00" testType="13cdc9d9-ddb5-4fa4-a97d-d965ccfc6d4b" outcome="Passed" testListId="8c84fa94-04c1-424b-9868-57a2d4851a1d" relativeResultsDirectory="db9ad9dd-740f-4b61-ae21-52ff99e1134c" />
    <UnitTestResult executionId="95015946-5fb8-46bc-8ed3-227160d8771f" testId="29658493-3081-01dd-eb7c-6d0a97eef1f2" testName="FormatToStringTest1000(63427.55325689332d,&quot;63427.55 zł&quot;)" computerName="DESKTOP-5URQ9PB" duration="00:00:00.0000200" startTime="2022-06-13T21:12:35.2160372+02:00" endTime="2022-06-13T21:12:35.2160565+02:00" testType="13cdc9d9-ddb5-4fa4-a97d-d965ccfc6d4b" outcome="Passed" testListId="8c84fa94-04c1-424b-9868-57a2d4851a1d" relativeResultsDirectory="95015946-5fb8-46bc-8ed3-227160d8771f" />
    <UnitTestResult executionId="1c095bde-afa1-4b8a-b4cf-c98739b73745" testId="4ae6f156-51db-bc15-8975-b99fe55a99a8" testName="FormatToStringTest1000(47393.54939526671d,&quot;47393.55 zł&quot;)" computerName="DESKTOP-5URQ9PB" duration="00:00:00.0000190" startTime="2022-06-13T21:12:35.2127892+02:00" endTime="2022-06-13T21:12:35.2128078+02:00" testType="13cdc9d9-ddb5-4fa4-a97d-d965ccfc6d4b" outcome="Passed" testListId="8c84fa94-04c1-424b-9868-57a2d4851a1d" relativeResultsDirectory="1c095bde-afa1-4b8a-b4cf-c98739b73745" />
    <UnitTestResult executionId="55032992-426d-4ef1-9d34-19ee121408b9" testId="bbb038e9-9a9b-9724-0ae6-d339784c9041" testName="FormatToStringTest1000(8644.187977380207d,&quot;8644.19 zł&quot;)" computerName="DESKTOP-5URQ9PB" duration="00:00:00.0000180" startTime="2022-06-13T21:12:35.2226334+02:00" endTime="2022-06-13T21:12:35.2226517+02:00" testType="13cdc9d9-ddb5-4fa4-a97d-d965ccfc6d4b" outcome="Passed" testListId="8c84fa94-04c1-424b-9868-57a2d4851a1d" relativeResultsDirectory="55032992-426d-4ef1-9d34-19ee121408b9" />
    <UnitTestResult executionId="dc319077-6be1-4581-a2b1-48d5d3c371b1" testId="ce58807f-4456-2f1b-abea-6bcc9dcfe2eb" testName="FormatToStringTest1000(5398.2412667191775d,&quot;5398.24 zł&quot;)" computerName="DESKTOP-5URQ9PB" duration="00:00:00.0000190" startTime="2022-06-13T21:12:35.2255726+02:00" endTime="2022-06-13T21:12:35.2255915+02:00" testType="13cdc9d9-ddb5-4fa4-a97d-d965ccfc6d4b" outcome="Passed" testListId="8c84fa94-04c1-424b-9868-57a2d4851a1d" relativeResultsDirectory="dc319077-6be1-4581-a2b1-48d5d3c371b1" />
    <UnitTestResult executionId="a55e3886-3004-49e2-8c81-f32970fe532f" testId="fa43237f-8d58-c9ec-b71e-9d381e3b47f2" testName="FormatToStringTest1000(12091.219941106729d,&quot;12091.22 zł&quot;)" computerName="DESKTOP-5URQ9PB" duration="00:00:00.0000190" startTime="2022-06-13T21:12:35.2084281+02:00" endTime="2022-06-13T21:12:35.2084466+02:00" testType="13cdc9d9-ddb5-4fa4-a97d-d965ccfc6d4b" outcome="Passed" testListId="8c84fa94-04c1-424b-9868-57a2d4851a1d" relativeResultsDirectory="a55e3886-3004-49e2-8c81-f32970fe532f" />
    <UnitTestResult executionId="7f0ca4f0-497b-4efd-a960-55b2005a2148" testId="d70b3095-42f0-132e-cf11-a2a412d875fc" testName="FormatToStringTest1000(37614.50159416278d,&quot;37614.50 zł&quot;)" computerName="DESKTOP-5URQ9PB" duration="00:00:00.0000200" startTime="2022-06-13T21:12:35.2268179+02:00" endTime="2022-06-13T21:12:35.2268379+02:00" testType="13cdc9d9-ddb5-4fa4-a97d-d965ccfc6d4b" outcome="Passed" testListId="8c84fa94-04c1-424b-9868-57a2d4851a1d" relativeResultsDirectory="7f0ca4f0-497b-4efd-a960-55b2005a2148" />
    <UnitTestResult executionId="147fe213-552d-4233-a595-2260e3e6c0e5" testId="165a8b6f-de27-26f0-6a14-cdb34a40f4c2" testName="FormatToStringTest1000(30807.823896702295d,&quot;30807.82 zł&quot;)" computerName="DESKTOP-5URQ9PB" duration="00:00:00.0000200" startTime="2022-06-13T21:12:35.2214396+02:00" endTime="2022-06-13T21:12:35.2214596+02:00" testType="13cdc9d9-ddb5-4fa4-a97d-d965ccfc6d4b" outcome="Passed" testListId="8c84fa94-04c1-424b-9868-57a2d4851a1d" relativeResultsDirectory="147fe213-552d-4233-a595-2260e3e6c0e5" />
    <UnitTestResult executionId="9f0f8619-126f-4664-85aa-7042d334daab" testId="42689aba-eefd-f694-336d-6d6d7296f289" testName="FormatToStringTest1000(41876.979471482795d,&quot;41876.98 zł&quot;)" computerName="DESKTOP-5URQ9PB" duration="00:00:00.0000200" startTime="2022-06-13T21:12:35.2048454+02:00" endTime="2022-06-13T21:12:35.2048649+02:00" testType="13cdc9d9-ddb5-4fa4-a97d-d965ccfc6d4b" outcome="Passed" testListId="8c84fa94-04c1-424b-9868-57a2d4851a1d" relativeResultsDirectory="9f0f8619-126f-4664-85aa-7042d334daab" />
    <UnitTestResult executionId="f5f850de-aa91-436b-919c-58382aa8036c" testId="65ccfc2f-2358-a64f-fe6f-c264d332c519" testName="FormatToStringTest1000(22791.735381432685d,&quot;22791.74 zł&quot;)" computerName="DESKTOP-5URQ9PB" duration="00:00:00.0000190" startTime="2022-06-13T21:12:35.2087584+02:00" endTime="2022-06-13T21:12:35.2087771+02:00" testType="13cdc9d9-ddb5-4fa4-a97d-d965ccfc6d4b" outcome="Passed" testListId="8c84fa94-04c1-424b-9868-57a2d4851a1d" relativeResultsDirectory="f5f850de-aa91-436b-919c-58382aa8036c" />
    <UnitTestResult executionId="04179cfb-c907-418b-8518-19365b7916fb" testId="f557024d-69b9-3152-827e-4e57b8d0868d" testName="FormatToStringTest1000(96.75594581512546d,&quot;96.76 zł&quot;)" computerName="DESKTOP-5URQ9PB" duration="00:00:00.0000190" startTime="2022-06-13T21:12:35.2039375+02:00" endTime="2022-06-13T21:12:35.2039559+02:00" testType="13cdc9d9-ddb5-4fa4-a97d-d965ccfc6d4b" outcome="Passed" testListId="8c84fa94-04c1-424b-9868-57a2d4851a1d" relativeResultsDirectory="04179cfb-c907-418b-8518-19365b7916fb" />
    <UnitTestResult executionId="fa610a22-b115-496f-b461-ed23aece53f8" testId="1ea77442-f3cd-edae-4255-8405196cf08f" testName="FormatToStringTest1000(748.6264857065987d,&quot;748.63 zł&quot;)" computerName="DESKTOP-5URQ9PB" duration="00:00:00.0000190" startTime="2022-06-13T21:12:35.2144362+02:00" endTime="2022-06-13T21:12:35.2144554+02:00" testType="13cdc9d9-ddb5-4fa4-a97d-d965ccfc6d4b" outcome="Passed" testListId="8c84fa94-04c1-424b-9868-57a2d4851a1d" relativeResultsDirectory="fa610a22-b115-496f-b461-ed23aece53f8" />
    <UnitTestResult executionId="244f51b7-d7a2-4f5c-959a-383a957790c0" testId="97c96922-5169-8a4b-ec79-8c51fbb945f4" testName="FormatToStringTest1000(39314.52353688401d,&quot;39314.52 zł&quot;)" computerName="DESKTOP-5URQ9PB" duration="00:00:00.0000190" startTime="2022-06-13T21:12:35.2205998+02:00" endTime="2022-06-13T21:12:35.2206189+02:00" testType="13cdc9d9-ddb5-4fa4-a97d-d965ccfc6d4b" outcome="Passed" testListId="8c84fa94-04c1-424b-9868-57a2d4851a1d" relativeResultsDirectory="244f51b7-d7a2-4f5c-959a-383a957790c0" />
    <UnitTestResult executionId="b88fcc0c-bf17-4c60-930d-b947770a0d1d" testId="ff64b042-e70f-6e34-60aa-4c59131392ce" testName="FormatToStringTest1000(30031.89550569323d,&quot;30031.90 zł&quot;)" computerName="DESKTOP-5URQ9PB" duration="00:00:00.0000190" startTime="2022-06-13T21:12:35.2126337+02:00" endTime="2022-06-13T21:12:35.2126523+02:00" testType="13cdc9d9-ddb5-4fa4-a97d-d965ccfc6d4b" outcome="Passed" testListId="8c84fa94-04c1-424b-9868-57a2d4851a1d" relativeResultsDirectory="b88fcc0c-bf17-4c60-930d-b947770a0d1d" />
    <UnitTestResult executionId="ce67c6f9-7eaa-45f2-a156-8561a6e364ef" testId="e2350845-1f3f-6907-3805-d81b5dce3aed" testName="FormatToStringTest1000(32908.76696502639d,&quot;32908.77 zł&quot;)" computerName="DESKTOP-5URQ9PB" duration="00:00:00.0000180" startTime="2022-06-13T21:12:35.2082792+02:00" endTime="2022-06-13T21:12:35.2082975+02:00" testType="13cdc9d9-ddb5-4fa4-a97d-d965ccfc6d4b" outcome="Passed" testListId="8c84fa94-04c1-424b-9868-57a2d4851a1d" relativeResultsDirectory="ce67c6f9-7eaa-45f2-a156-8561a6e364ef" />
    <UnitTestResult executionId="b9db4c3a-1de9-4534-8091-fd0d453d5128" testId="34f38fc8-ae53-5e82-0417-57e4237764fa" testName="FormatToStringTest1000(151.50737175275916d,&quot;151.51 zł&quot;)" computerName="DESKTOP-5URQ9PB" duration="00:00:00.0000200" startTime="2022-06-13T21:12:35.2270695+02:00" endTime="2022-06-13T21:12:35.2270888+02:00" testType="13cdc9d9-ddb5-4fa4-a97d-d965ccfc6d4b" outcome="Passed" testListId="8c84fa94-04c1-424b-9868-57a2d4851a1d" relativeResultsDirectory="b9db4c3a-1de9-4534-8091-fd0d453d5128" />
    <UnitTestResult executionId="8f7c182d-ea84-4019-8a36-cf9f76fda282" testId="9dc75585-8b30-1a60-5f46-ba30d03b7635" testName="FormatToStringTest1000(6352.983758103561d,&quot;6352.98 zł&quot;)" computerName="DESKTOP-5URQ9PB" duration="00:00:00.0000190" startTime="2022-06-13T21:12:35.2240635+02:00" endTime="2022-06-13T21:12:35.2240822+02:00" testType="13cdc9d9-ddb5-4fa4-a97d-d965ccfc6d4b" outcome="Passed" testListId="8c84fa94-04c1-424b-9868-57a2d4851a1d" relativeResultsDirectory="8f7c182d-ea84-4019-8a36-cf9f76fda282" />
    <UnitTestResult executionId="0c2451d5-12f9-4dbb-9221-1fa5d842120e" testId="c813b080-ad5f-d9e2-c675-1e1394f00010" testName="FormatToStringTest1000(20244.692955315437d,&quot;20244.69 zł&quot;)" computerName="DESKTOP-5URQ9PB" duration="00:00:00.0000200" startTime="2022-06-13T21:12:35.2040871+02:00" endTime="2022-06-13T21:12:35.2041067+02:00" testType="13cdc9d9-ddb5-4fa4-a97d-d965ccfc6d4b" outcome="Passed" testListId="8c84fa94-04c1-424b-9868-57a2d4851a1d" relativeResultsDirectory="0c2451d5-12f9-4dbb-9221-1fa5d842120e" />
    <UnitTestResult executionId="80d6fdde-f6c6-488b-a6cd-1c76ac44f64d" testId="0be37416-8f8e-24dd-296a-86593af9af2f" testName="FormatToStringTest1000(36211.11038300866d,&quot;36211.11 zł&quot;)" computerName="DESKTOP-5URQ9PB" duration="00:00:00.0000210" startTime="2022-06-13T21:12:35.2220511+02:00" endTime="2022-06-13T21:12:35.2220715+02:00" testType="13cdc9d9-ddb5-4fa4-a97d-d965ccfc6d4b" outcome="Passed" testListId="8c84fa94-04c1-424b-9868-57a2d4851a1d" relativeResultsDirectory="80d6fdde-f6c6-488b-a6cd-1c76ac44f64d" />
    <UnitTestResult executionId="91f5063f-5661-4bd6-8e56-30fd28232047" testId="1b5e4bdd-94b8-c181-30ec-747619ebfce8" testName="FormatToStringTest1000(12577.642620996872d,&quot;12577.64 zł&quot;)" computerName="DESKTOP-5URQ9PB" duration="00:00:00.0000240" startTime="2022-06-13T21:12:35.2066692+02:00" endTime="2022-06-13T21:12:35.2066927+02:00" testType="13cdc9d9-ddb5-4fa4-a97d-d965ccfc6d4b" outcome="Passed" testListId="8c84fa94-04c1-424b-9868-57a2d4851a1d" relativeResultsDirectory="91f5063f-5661-4bd6-8e56-30fd28232047" />
    <UnitTestResult executionId="b7e8b114-973e-4e58-a5c2-ca49cdcc2cd5" testId="0f4e158a-5f55-34ac-2195-c457e3f3f9e2" testName="FormatToStringTest1000(52032.65082931176d,&quot;52032.65 zł&quot;)" computerName="DESKTOP-5URQ9PB" duration="00:00:00.0000190" startTime="2022-06-13T21:12:35.2276458+02:00" endTime="2022-06-13T21:12:35.2276650+02:00" testType="13cdc9d9-ddb5-4fa4-a97d-d965ccfc6d4b" outcome="Passed" testListId="8c84fa94-04c1-424b-9868-57a2d4851a1d" relativeResultsDirectory="b7e8b114-973e-4e58-a5c2-ca49cdcc2cd5" />
    <UnitTestResult executionId="43f9d9c2-0ca8-4ae8-b49d-bfa7b6436a10" testId="a08c8488-fa9f-7deb-e37e-0124bdaf71c9" testName="FormatToStringTest1000(70771.4436677524d,&quot;70771.44 zł&quot;)" computerName="DESKTOP-5URQ9PB" duration="00:00:00.0000200" startTime="2022-06-13T21:12:35.2049731+02:00" endTime="2022-06-13T21:12:35.2049932+02:00" testType="13cdc9d9-ddb5-4fa4-a97d-d965ccfc6d4b" outcome="Passed" testListId="8c84fa94-04c1-424b-9868-57a2d4851a1d" relativeResultsDirectory="43f9d9c2-0ca8-4ae8-b49d-bfa7b6436a10" />
    <UnitTestResult executionId="3c44c596-c037-4d09-8fb6-53e7b17304a5" testId="c2833739-846c-dde5-0033-1a2de8fc4d5a" testName="FormatToStringTest1000(74514.06270644537d,&quot;74514.06 zł&quot;)" computerName="DESKTOP-5URQ9PB" duration="00:00:00.0000190" startTime="2022-06-13T21:12:35.2047955+02:00" endTime="2022-06-13T21:12:35.2048139+02:00" testType="13cdc9d9-ddb5-4fa4-a97d-d965ccfc6d4b" outcome="Passed" testListId="8c84fa94-04c1-424b-9868-57a2d4851a1d" relativeResultsDirectory="3c44c596-c037-4d09-8fb6-53e7b17304a5" />
    <UnitTestResult executionId="ac0af7ff-08f2-4db7-a230-fa28ed25082d" testId="69c4777a-51de-9c54-0ee3-eb6af65c109e" testName="FormatToStringTest1000(158.49784791027093d,&quot;158.50 zł&quot;)" computerName="DESKTOP-5URQ9PB" duration="00:00:00.0000190" startTime="2022-06-13T21:12:35.2070037+02:00" endTime="2022-06-13T21:12:35.2070225+02:00" testType="13cdc9d9-ddb5-4fa4-a97d-d965ccfc6d4b" outcome="Passed" testListId="8c84fa94-04c1-424b-9868-57a2d4851a1d" relativeResultsDirectory="ac0af7ff-08f2-4db7-a230-fa28ed25082d" />
    <UnitTestResult executionId="0c10c03c-988b-4f2f-b90c-0bc3dacdb824" testId="17734bbb-2d3a-adb5-e319-0683f12164eb" testName="FormatToStringTest1000(9816.961298880615d,&quot;9816.96 zł&quot;)" computerName="DESKTOP-5URQ9PB" duration="00:00:00.0000200" startTime="2022-06-13T21:12:35.2027778+02:00" endTime="2022-06-13T21:12:35.2027971+02:00" testType="13cdc9d9-ddb5-4fa4-a97d-d965ccfc6d4b" outcome="Passed" testListId="8c84fa94-04c1-424b-9868-57a2d4851a1d" relativeResultsDirectory="0c10c03c-988b-4f2f-b90c-0bc3dacdb824" />
    <UnitTestResult executionId="4fe408ea-ec5c-463b-bb1f-01f8b3fb6aa1" testId="6c604da3-7f27-8f64-ea2d-ce727d182abb" testName="FormatToStringTest1000(4823.904478896365d,&quot;4823.90 zł&quot;)" computerName="DESKTOP-5URQ9PB" duration="00:00:00.0000190" startTime="2022-06-13T21:12:35.2197978+02:00" endTime="2022-06-13T21:12:35.2198165+02:00" testType="13cdc9d9-ddb5-4fa4-a97d-d965ccfc6d4b" outcome="Passed" testListId="8c84fa94-04c1-424b-9868-57a2d4851a1d" relativeResultsDirectory="4fe408ea-ec5c-463b-bb1f-01f8b3fb6aa1" />
    <UnitTestResult executionId="b4baff2e-19fd-467b-b585-a38fbf255a27" testId="4dcd9f65-678f-d51c-9e07-bf80dcaf54a4" testName="FormatToStringTest1000(5591.2222540617095d,&quot;5591.22 zł&quot;)" computerName="DESKTOP-5URQ9PB" duration="00:00:00.0000190" startTime="2022-06-13T21:12:35.2160873+02:00" endTime="2022-06-13T21:12:35.2161065+02:00" testType="13cdc9d9-ddb5-4fa4-a97d-d965ccfc6d4b" outcome="Passed" testListId="8c84fa94-04c1-424b-9868-57a2d4851a1d" relativeResultsDirectory="b4baff2e-19fd-467b-b585-a38fbf255a27" />
    <UnitTestResult executionId="c05b9d03-5a9c-4b14-afa9-51dd21a45688" testId="7e94e694-684d-fa09-70c8-651a86e03ea4" testName="FormatToStringTest1000(15669.698889610218d,&quot;15669.70 zł&quot;)" computerName="DESKTOP-5URQ9PB" duration="00:00:00.0000200" startTime="2022-06-13T21:12:35.2231164+02:00" endTime="2022-06-13T21:12:35.2231358+02:00" testType="13cdc9d9-ddb5-4fa4-a97d-d965ccfc6d4b" outcome="Passed" testListId="8c84fa94-04c1-424b-9868-57a2d4851a1d" relativeResultsDirectory="c05b9d03-5a9c-4b14-afa9-51dd21a45688" />
    <UnitTestResult executionId="bb0a5e76-574a-4a8d-827f-07f5a063558c" testId="b6ca1995-becc-76ce-0b28-eebf3dd3e464" testName="FormatToStringTest1000(22197.731451777618d,&quot;22197.73 zł&quot;)" computerName="DESKTOP-5URQ9PB" duration="00:00:00.0000190" startTime="2022-06-13T21:12:35.2152185+02:00" endTime="2022-06-13T21:12:35.2152369+02:00" testType="13cdc9d9-ddb5-4fa4-a97d-d965ccfc6d4b" outcome="Passed" testListId="8c84fa94-04c1-424b-9868-57a2d4851a1d" relativeResultsDirectory="bb0a5e76-574a-4a8d-827f-07f5a063558c" />
    <UnitTestResult executionId="2f40afad-61fd-4424-81de-f110018e3482" testId="d3675fd4-77f8-268f-8735-9b5ad5bc915b" testName="FormatToStringTest1000(27027.327683509946d,&quot;27027.33 zł&quot;)" computerName="DESKTOP-5URQ9PB" duration="00:00:00.0000190" startTime="2022-06-13T21:12:35.2070286+02:00" endTime="2022-06-13T21:12:35.2070477+02:00" testType="13cdc9d9-ddb5-4fa4-a97d-d965ccfc6d4b" outcome="Passed" testListId="8c84fa94-04c1-424b-9868-57a2d4851a1d" relativeResultsDirectory="2f40afad-61fd-4424-81de-f110018e3482" />
    <UnitTestResult executionId="a4e4fbe8-dd5d-43c4-9531-de9e7be7a9bc" testId="e2a03079-8dae-3d38-3cf5-f27f7a4202a4" testName="FormatToStringTest1000(4612.32080757633d,&quot;4612.32 zł&quot;)" computerName="DESKTOP-5URQ9PB" duration="00:00:00.0000190" startTime="2022-06-13T21:12:35.2246605+02:00" endTime="2022-06-13T21:12:35.2246788+02:00" testType="13cdc9d9-ddb5-4fa4-a97d-d965ccfc6d4b" outcome="Passed" testListId="8c84fa94-04c1-424b-9868-57a2d4851a1d" relativeResultsDirectory="a4e4fbe8-dd5d-43c4-9531-de9e7be7a9bc" />
    <UnitTestResult executionId="6b21e179-9419-4bc1-bb8c-bb89f0d637d6" testId="0fc86efa-aeca-dada-030f-e8045241eaae" testName="FormatToStringTest1000(13508.811787825922d,&quot;13508.81 zł&quot;)" computerName="DESKTOP-5URQ9PB" duration="00:00:00.0000180" startTime="2022-06-13T21:12:35.2240881+02:00" endTime="2022-06-13T21:12:35.2241064+02:00" testType="13cdc9d9-ddb5-4fa4-a97d-d965ccfc6d4b" outcome="Passed" testListId="8c84fa94-04c1-424b-9868-57a2d4851a1d" relativeResultsDirectory="6b21e179-9419-4bc1-bb8c-bb89f0d637d6" />
    <UnitTestResult executionId="69df8215-70b1-4a5c-86a5-69a4eba606ee" testId="b9452443-27e0-9ab0-1723-70a405c1b43f" testName="FormatToStringTest1000(1741.3334432818617d,&quot;1741.33 zł&quot;)" computerName="DESKTOP-5URQ9PB" duration="00:00:00.0000190" startTime="2022-06-13T21:12:35.2039871+02:00" endTime="2022-06-13T21:12:35.2040054+02:00" testType="13cdc9d9-ddb5-4fa4-a97d-d965ccfc6d4b" outcome="Passed" testListId="8c84fa94-04c1-424b-9868-57a2d4851a1d" relativeResultsDirectory="69df8215-70b1-4a5c-86a5-69a4eba606ee" />
    <UnitTestResult executionId="463cd2d1-57ab-4dab-a5d4-fdbe1d5c82ad" testId="380eb0c8-d6f7-276e-b9b6-a564a8f6129e" testName="FormatToStringTest1000(8582.709131852587d,&quot;8582.71 zł&quot;)" computerName="DESKTOP-5URQ9PB" duration="00:00:00.0000200" startTime="2022-06-13T21:12:35.2210844+02:00" endTime="2022-06-13T21:12:35.2211044+02:00" testType="13cdc9d9-ddb5-4fa4-a97d-d965ccfc6d4b" outcome="Passed" testListId="8c84fa94-04c1-424b-9868-57a2d4851a1d" relativeResultsDirectory="463cd2d1-57ab-4dab-a5d4-fdbe1d5c82ad" />
    <UnitTestResult executionId="ccf05947-5934-4bb7-9928-3e7cf7a280d9" testId="216fae5e-208d-f8b3-f0d1-bbf3d8af265f" testName="FormatToStringTest1000(35145.379208063416d,&quot;35145.38 zł&quot;)" computerName="DESKTOP-5URQ9PB" duration="00:00:00.0000200" startTime="2022-06-13T21:12:35.2046379+02:00" endTime="2022-06-13T21:12:35.2046572+02:00" testType="13cdc9d9-ddb5-4fa4-a97d-d965ccfc6d4b" outcome="Passed" testListId="8c84fa94-04c1-424b-9868-57a2d4851a1d" relativeResultsDirectory="ccf05947-5934-4bb7-9928-3e7cf7a280d9" />
    <UnitTestResult executionId="ce1b28e9-8c31-4c1b-9a26-11f6a21dad00" testId="3a61649c-91c3-4f1a-8a11-3480d7ff1651" testName="FormatToStringTest1000(4636.500544966897d,&quot;4636.50 zł&quot;)" computerName="DESKTOP-5URQ9PB" duration="00:00:00.0000190" startTime="2022-06-13T21:12:35.2203980+02:00" endTime="2022-06-13T21:12:35.2204165+02:00" testType="13cdc9d9-ddb5-4fa4-a97d-d965ccfc6d4b" outcome="Passed" testListId="8c84fa94-04c1-424b-9868-57a2d4851a1d" relativeResultsDirectory="ce1b28e9-8c31-4c1b-9a26-11f6a21dad00" />
    <UnitTestResult executionId="b4d5daf7-80b1-4f04-b6ae-6b4714a695bd" testId="386a6353-f26d-0503-41f2-052972dc214e" testName="FormatToStringTest1000(12202.860111308684d,&quot;12202.86 zł&quot;)" computerName="DESKTOP-5URQ9PB" duration="00:00:00.0000190" startTime="2022-06-13T21:12:35.2135100+02:00" endTime="2022-06-13T21:12:35.2135289+02:00" testType="13cdc9d9-ddb5-4fa4-a97d-d965ccfc6d4b" outcome="Passed" testListId="8c84fa94-04c1-424b-9868-57a2d4851a1d" relativeResultsDirectory="b4d5daf7-80b1-4f04-b6ae-6b4714a695bd" />
    <UnitTestResult executionId="d926c4ee-7494-4e9d-99e2-06a538da63e4" testId="d33250cc-856d-72f0-98a8-7c84be2f792c" testName="FormatToStringTest1000(24024.14691439557d,&quot;24024.15 zł&quot;)" computerName="DESKTOP-5URQ9PB" duration="00:00:00.0000210" startTime="2022-06-13T21:12:35.2096890+02:00" endTime="2022-06-13T21:12:35.2097098+02:00" testType="13cdc9d9-ddb5-4fa4-a97d-d965ccfc6d4b" outcome="Passed" testListId="8c84fa94-04c1-424b-9868-57a2d4851a1d" relativeResultsDirectory="d926c4ee-7494-4e9d-99e2-06a538da63e4" />
    <UnitTestResult executionId="0e9a0601-57af-4f8f-a046-5c5d25d05808" testId="0cd42206-2d45-5b61-2055-2525f417141b" testName="FormatToStringTest1000(23282.56178903047d,&quot;23282.56 zł&quot;)" computerName="DESKTOP-5URQ9PB" duration="00:00:00.0000190" startTime="2022-06-13T21:12:35.2085523+02:00" endTime="2022-06-13T21:12:35.2085709+02:00" testType="13cdc9d9-ddb5-4fa4-a97d-d965ccfc6d4b" outcome="Passed" testListId="8c84fa94-04c1-424b-9868-57a2d4851a1d" relativeResultsDirectory="0e9a0601-57af-4f8f-a046-5c5d25d05808" />
    <UnitTestResult executionId="e5bdea14-dd70-446d-bb0e-3969d3fc0943" testId="ed9a5b1b-624c-3396-5757-abd8e668541b" testName="FormatToStringTest1000(2435.1995505835857d,&quot;2435.20 zł&quot;)" computerName="DESKTOP-5URQ9PB" duration="00:00:00.0000190" startTime="2022-06-13T21:12:35.2070537+02:00" endTime="2022-06-13T21:12:35.2070725+02:00" testType="13cdc9d9-ddb5-4fa4-a97d-d965ccfc6d4b" outcome="Passed" testListId="8c84fa94-04c1-424b-9868-57a2d4851a1d" relativeResultsDirectory="e5bdea14-dd70-446d-bb0e-3969d3fc0943" />
    <UnitTestResult executionId="7bf288e6-7b60-4bde-b415-41c69f5c686c" testId="8456fa24-5ecf-826b-4b12-9156253c47fe" testName="FormatToStringTest1000(11624.834848273003d,&quot;11624.83 zł&quot;)" computerName="DESKTOP-5URQ9PB" duration="00:00:00.0000190" startTime="2022-06-13T21:12:35.2176467+02:00" endTime="2022-06-13T21:12:35.2176651+02:00" testType="13cdc9d9-ddb5-4fa4-a97d-d965ccfc6d4b" outcome="Passed" testListId="8c84fa94-04c1-424b-9868-57a2d4851a1d" relativeResultsDirectory="7bf288e6-7b60-4bde-b415-41c69f5c686c" />
    <UnitTestResult executionId="851851b0-3456-4b16-9e8c-ba34a0444991" testId="a4b13a66-9eee-466b-b0fc-fbf88e46d5b1" testName="FormatToStringTest1000(317.9090540706688d,&quot;317.91 zł&quot;)" computerName="DESKTOP-5URQ9PB" duration="00:00:00.0000200" startTime="2022-06-13T21:12:35.2045628+02:00" endTime="2022-06-13T21:12:35.2045823+02:00" testType="13cdc9d9-ddb5-4fa4-a97d-d965ccfc6d4b" outcome="Passed" testListId="8c84fa94-04c1-424b-9868-57a2d4851a1d" relativeResultsDirectory="851851b0-3456-4b16-9e8c-ba34a0444991" />
    <UnitTestResult executionId="cfee6faa-a64b-4901-9d22-238b99654cb0" testId="0183c416-9787-c59d-18ce-d5b3fc43ac57" testName="FormatToStringTest1000(43858.624379632354d,&quot;43858.62 zł&quot;)" computerName="DESKTOP-5URQ9PB" duration="00:00:00.0000390" startTime="2022-06-13T21:12:35.2218063+02:00" endTime="2022-06-13T21:12:35.2218453+02:00" testType="13cdc9d9-ddb5-4fa4-a97d-d965ccfc6d4b" outcome="Passed" testListId="8c84fa94-04c1-424b-9868-57a2d4851a1d" relativeResultsDirectory="cfee6faa-a64b-4901-9d22-238b99654cb0" />
    <UnitTestResult executionId="1763415b-393d-4899-8d7d-36739b706e3d" testId="c565182f-b75e-4a8b-1a2d-674dce2fa509" testName="FormatToStringTest1000(386.358918903097d,&quot;386.36 zł&quot;)" computerName="DESKTOP-5URQ9PB" duration="00:00:00.0000190" startTime="2022-06-13T21:12:35.2100708+02:00" endTime="2022-06-13T21:12:35.2100897+02:00" testType="13cdc9d9-ddb5-4fa4-a97d-d965ccfc6d4b" outcome="Passed" testListId="8c84fa94-04c1-424b-9868-57a2d4851a1d" relativeResultsDirectory="1763415b-393d-4899-8d7d-36739b706e3d" />
    <UnitTestResult executionId="3e2aced6-4296-4a05-88c5-d83ab95633c7" testId="580ab2d5-6b28-ec61-9de4-466295a56551" testName="FormatToStringTest1000(22459.530444447664d,&quot;22459.53 zł&quot;)" computerName="DESKTOP-5URQ9PB" duration="00:00:00.0000200" startTime="2022-06-13T21:12:35.2144877+02:00" endTime="2022-06-13T21:12:35.2145071+02:00" testType="13cdc9d9-ddb5-4fa4-a97d-d965ccfc6d4b" outcome="Passed" testListId="8c84fa94-04c1-424b-9868-57a2d4851a1d" relativeResultsDirectory="3e2aced6-4296-4a05-88c5-d83ab95633c7" />
    <UnitTestResult executionId="c16c9039-56d3-43d1-88f2-89b10699f036" testId="2f906df4-9555-6f9b-9ae5-24f39050321b" testName="FormatToStringTest1000(13323.876109275909d,&quot;13323.88 zł&quot;)" computerName="DESKTOP-5URQ9PB" duration="00:00:00.0000190" startTime="2022-06-13T21:12:35.2245864+02:00" endTime="2022-06-13T21:12:35.2246051+02:00" testType="13cdc9d9-ddb5-4fa4-a97d-d965ccfc6d4b" outcome="Passed" testListId="8c84fa94-04c1-424b-9868-57a2d4851a1d" relativeResultsDirectory="c16c9039-56d3-43d1-88f2-89b10699f036" />
    <UnitTestResult executionId="b43fd032-d847-46cc-85f7-5745c271e666" testId="21bcc043-da28-367a-c1fb-9490833f1b89" testName="FormatToStringTest1000(13855.30239352505d,&quot;13855.30 zł&quot;)" computerName="DESKTOP-5URQ9PB" duration="00:00:00.0000190" startTime="2022-06-13T21:12:35.2087088+02:00" endTime="2022-06-13T21:12:35.2087279+02:00" testType="13cdc9d9-ddb5-4fa4-a97d-d965ccfc6d4b" outcome="Passed" testListId="8c84fa94-04c1-424b-9868-57a2d4851a1d" relativeResultsDirectory="b43fd032-d847-46cc-85f7-5745c271e666" />
    <UnitTestResult executionId="001ef95b-0106-4f2d-a43d-11925ac0a212" testId="b41bb231-beda-2963-85d3-5ce48fa4ac9e" testName="FormatToStringTest1000(6146.91236741278d,&quot;6146.91 zł&quot;)" computerName="DESKTOP-5URQ9PB" duration="00:00:00.0000200" startTime="2022-06-13T21:12:35.2265111+02:00" endTime="2022-06-13T21:12:35.2265311+02:00" testType="13cdc9d9-ddb5-4fa4-a97d-d965ccfc6d4b" outcome="Passed" testListId="8c84fa94-04c1-424b-9868-57a2d4851a1d" relativeResultsDirectory="001ef95b-0106-4f2d-a43d-11925ac0a212" />
    <UnitTestResult executionId="6787af57-e222-4bc0-967b-3fd327173a80" testId="24a1bb0d-d69a-de21-49e4-5bbbeaac5021" testName="FormatToStringTest1000(19882.647973500494d,&quot;19882.65 zł&quot;)" computerName="DESKTOP-5URQ9PB" duration="00:00:00.0000190" startTime="2022-06-13T21:12:35.2196426+02:00" endTime="2022-06-13T21:12:35.2196617+02:00" testType="13cdc9d9-ddb5-4fa4-a97d-d965ccfc6d4b" outcome="Passed" testListId="8c84fa94-04c1-424b-9868-57a2d4851a1d" relativeResultsDirectory="6787af57-e222-4bc0-967b-3fd327173a80" />
    <UnitTestResult executionId="467d11cb-4c15-4637-94fc-33d64f8ba072" testId="e919c93b-2878-e388-877b-68a9f48cc9b1" testName="FormatToStringTest1000(14719.97001409762d,&quot;14719.97 zł&quot;)" computerName="DESKTOP-5URQ9PB" duration="00:00:00.0000200" startTime="2022-06-13T21:12:35.2072025+02:00" endTime="2022-06-13T21:12:35.2072219+02:00" testType="13cdc9d9-ddb5-4fa4-a97d-d965ccfc6d4b" outcome="Passed" testListId="8c84fa94-04c1-424b-9868-57a2d4851a1d" relativeResultsDirectory="467d11cb-4c15-4637-94fc-33d64f8ba072" />
    <UnitTestResult executionId="6f9dba4c-705f-4397-9192-665d66e7b121" testId="b27808d6-4355-5292-3153-64fb93821ea0" testName="FormatToStringTest1000(181.3640542483721d,&quot;181.36 zł&quot;)" computerName="DESKTOP-5URQ9PB" duration="00:00:00.0000190" startTime="2022-06-13T21:12:35.2232173+02:00" endTime="2022-06-13T21:12:35.2232362+02:00" testType="13cdc9d9-ddb5-4fa4-a97d-d965ccfc6d4b" outcome="Passed" testListId="8c84fa94-04c1-424b-9868-57a2d4851a1d" relativeResultsDirectory="6f9dba4c-705f-4397-9192-665d66e7b121" />
    <UnitTestResult executionId="99479c4f-a195-4a1b-8395-7c1c654f3042" testId="a791af51-cffc-4361-1fd8-8baf48da92e6" testName="FormatToStringTest1000(15639.704937780603d,&quot;15639.70 zł&quot;)" computerName="DESKTOP-5URQ9PB" duration="00:00:00.0000220" startTime="2022-06-13T21:12:35.2036840+02:00" endTime="2022-06-13T21:12:35.2037053+02:00" testType="13cdc9d9-ddb5-4fa4-a97d-d965ccfc6d4b" outcome="Passed" testListId="8c84fa94-04c1-424b-9868-57a2d4851a1d" relativeResultsDirectory="99479c4f-a195-4a1b-8395-7c1c654f3042" />
    <UnitTestResult executionId="76df067a-5f93-452b-be53-8212e75f2e8b" testId="c51581ef-f81a-dd7d-4cbf-75770d6a883f" testName="FormatToStringTest1000(4105.490993980081d,&quot;4105.49 zł&quot;)" computerName="DESKTOP-5URQ9PB" duration="00:00:00.0000200" startTime="2022-06-13T21:12:35.2089573+02:00" endTime="2022-06-13T21:12:35.2089768+02:00" testType="13cdc9d9-ddb5-4fa4-a97d-d965ccfc6d4b" outcome="Passed" testListId="8c84fa94-04c1-424b-9868-57a2d4851a1d" relativeResultsDirectory="76df067a-5f93-452b-be53-8212e75f2e8b" />
    <UnitTestResult executionId="862943ec-fec5-4a6c-ae38-45a60a11d234" testId="02f82b15-1853-9f05-8754-8f243db3e9b1" testName="FormatToStringTest1000(4898.699005344277d,&quot;4898.70 zł&quot;)" computerName="DESKTOP-5URQ9PB" duration="00:00:00.0000190" startTime="2022-06-13T21:12:35.2101718+02:00" endTime="2022-06-13T21:12:35.2101910+02:00" testType="13cdc9d9-ddb5-4fa4-a97d-d965ccfc6d4b" outcome="Passed" testListId="8c84fa94-04c1-424b-9868-57a2d4851a1d" relativeResultsDirectory="862943ec-fec5-4a6c-ae38-45a60a11d234" />
    <UnitTestResult executionId="679aefa9-28b2-46a5-89e8-1acb6685b45d" testId="a1a0ba31-d02b-8245-607c-82258ff29354" testName="FormatToStringTest1000(34136.0993783046d,&quot;34136.10 zł&quot;)" computerName="DESKTOP-5URQ9PB" duration="00:00:00.0000180" startTime="2022-06-13T21:12:35.2081294+02:00" endTime="2022-06-13T21:12:35.2081475+02:00" testType="13cdc9d9-ddb5-4fa4-a97d-d965ccfc6d4b" outcome="Passed" testListId="8c84fa94-04c1-424b-9868-57a2d4851a1d" relativeResultsDirectory="679aefa9-28b2-46a5-89e8-1acb6685b45d" />
    <UnitTestResult executionId="dffc9af7-a2f0-48ee-ab39-0578e3cfb9d1" testId="72f5bdbc-e270-3979-eb1f-93befbe9f9d0" testName="FormatToStringTest1000(19519.4298413505d,&quot;19519.43 zł&quot;)" computerName="DESKTOP-5URQ9PB" duration="00:00:00.0000190" startTime="2022-06-13T21:12:35.2244624+02:00" endTime="2022-06-13T21:12:35.2244814+02:00" testType="13cdc9d9-ddb5-4fa4-a97d-d965ccfc6d4b" outcome="Passed" testListId="8c84fa94-04c1-424b-9868-57a2d4851a1d" relativeResultsDirectory="dffc9af7-a2f0-48ee-ab39-0578e3cfb9d1" />
    <UnitTestResult executionId="7d50c3d6-aa44-44a2-abd6-4001c5bcc066" testId="dadc7847-4729-edf6-eb4b-78006f9ee153" testName="FormatToStringTest1000(59283.7670322637d,&quot;59283.77 zł&quot;)" computerName="DESKTOP-5URQ9PB" duration="00:00:00.0000250" startTime="2022-06-13T21:12:35.2318376+02:00" endTime="2022-06-13T21:12:35.2318624+02:00" testType="13cdc9d9-ddb5-4fa4-a97d-d965ccfc6d4b" outcome="Passed" testListId="8c84fa94-04c1-424b-9868-57a2d4851a1d" relativeResultsDirectory="7d50c3d6-aa44-44a2-abd6-4001c5bcc066" />
    <UnitTestResult executionId="b95e6700-a9e0-4771-8660-5f1fc5339ba3" testId="abb79c21-cbdf-18a9-eb27-48d7cd452ee8" testName="FormatToStringTest1000(28972.23604401212d,&quot;28972.24 zł&quot;)" computerName="DESKTOP-5URQ9PB" duration="00:00:00.0000200" startTime="2022-06-13T21:12:35.2183316+02:00" endTime="2022-06-13T21:12:35.2183510+02:00" testType="13cdc9d9-ddb5-4fa4-a97d-d965ccfc6d4b" outcome="Passed" testListId="8c84fa94-04c1-424b-9868-57a2d4851a1d" relativeResultsDirectory="b95e6700-a9e0-4771-8660-5f1fc5339ba3" />
    <UnitTestResult executionId="512c1673-1f27-4303-b123-fe6018fffe05" testId="8444e906-7a92-9021-9b3f-57eb7bbd8067" testName="FormatToStringTest1000(2883.637133003975d,&quot;2883.64 zł&quot;)" computerName="DESKTOP-5URQ9PB" duration="00:00:00.0000190" startTime="2022-06-13T21:12:35.2224573+02:00" endTime="2022-06-13T21:12:35.2224756+02:00" testType="13cdc9d9-ddb5-4fa4-a97d-d965ccfc6d4b" outcome="Passed" testListId="8c84fa94-04c1-424b-9868-57a2d4851a1d" relativeResultsDirectory="512c1673-1f27-4303-b123-fe6018fffe05" />
    <UnitTestResult executionId="692eba44-c41f-41c4-b460-07ba4068c39d" testId="13e85df1-3456-393c-8dca-d481490ed075" testName="FormatToStringTest1000(4094.6752323977066d,&quot;4094.68 zł&quot;)" computerName="DESKTOP-5URQ9PB" duration="00:00:00.0000210" startTime="2022-06-13T21:12:35.2318689+02:00" endTime="2022-06-13T21:12:35.2318893+02:00" testType="13cdc9d9-ddb5-4fa4-a97d-d965ccfc6d4b" outcome="Passed" testListId="8c84fa94-04c1-424b-9868-57a2d4851a1d" relativeResultsDirectory="692eba44-c41f-41c4-b460-07ba4068c39d" />
    <UnitTestResult executionId="21dce824-1046-4223-826d-386e62744a9d" testId="a6da1f0c-9d53-8f1b-60d6-c520ee89e7a7" testName="FormatToStringTest1000(9603.199987620208d,&quot;9603.20 zł&quot;)" computerName="DESKTOP-5URQ9PB" duration="00:00:00.0000190" startTime="2022-06-13T21:12:35.2274473+02:00" endTime="2022-06-13T21:12:35.2274659+02:00" testType="13cdc9d9-ddb5-4fa4-a97d-d965ccfc6d4b" outcome="Passed" testListId="8c84fa94-04c1-424b-9868-57a2d4851a1d" relativeResultsDirectory="21dce824-1046-4223-826d-386e62744a9d" />
    <UnitTestResult executionId="6231de3a-4aaf-49e1-88bc-c87d93d0f4f0" testId="ff7d5d75-8704-2f07-483c-d76f3a2523cc" testName="FormatToStringTest1000(2835.0728237931958d,&quot;2835.07 zł&quot;)" computerName="DESKTOP-5URQ9PB" duration="00:00:00.0000200" startTime="2022-06-13T21:12:35.2179028+02:00" endTime="2022-06-13T21:12:35.2179223+02:00" testType="13cdc9d9-ddb5-4fa4-a97d-d965ccfc6d4b" outcome="Passed" testListId="8c84fa94-04c1-424b-9868-57a2d4851a1d" relativeResultsDirectory="6231de3a-4aaf-49e1-88bc-c87d93d0f4f0" />
    <UnitTestResult executionId="db2fdd42-ad46-4de3-8dcf-e75afafa3efa" testId="6348b4b0-49f7-9204-9791-fbfe727cb8b8" testName="FormatToStringTest1000(31424.298858482067d,&quot;31424.30 zł&quot;)" computerName="DESKTOP-5URQ9PB" duration="00:00:00.0000190" startTime="2022-06-13T21:12:35.2166427+02:00" endTime="2022-06-13T21:12:35.2166612+02:00" testType="13cdc9d9-ddb5-4fa4-a97d-d965ccfc6d4b" outcome="Passed" testListId="8c84fa94-04c1-424b-9868-57a2d4851a1d" relativeResultsDirectory="db2fdd42-ad46-4de3-8dcf-e75afafa3efa" />
    <UnitTestResult executionId="7157ebf7-ef32-43df-b8e2-42541fcd21fe" testId="0ad74e44-881e-9461-7e6f-381a5cc80df0" testName="FormatToStringTest1000(51503.82905738234d,&quot;51503.83 zł&quot;)" computerName="DESKTOP-5URQ9PB" duration="00:00:00.0000190" startTime="2022-06-13T21:12:35.2076498+02:00" endTime="2022-06-13T21:12:35.2076682+02:00" testType="13cdc9d9-ddb5-4fa4-a97d-d965ccfc6d4b" outcome="Passed" testListId="8c84fa94-04c1-424b-9868-57a2d4851a1d" relativeResultsDirectory="7157ebf7-ef32-43df-b8e2-42541fcd21fe" />
    <UnitTestResult executionId="c38359f4-1205-4656-9f80-d43bb00d4e0a" testId="bc2dc8fc-01b0-0065-79fa-2e41ef829892" testName="FormatToStringTest1000(37528.70144368368d,&quot;37528.70 zł&quot;)" computerName="DESKTOP-5URQ9PB" duration="00:00:00.0000190" startTime="2022-06-13T21:12:35.2058147+02:00" endTime="2022-06-13T21:12:35.2058335+02:00" testType="13cdc9d9-ddb5-4fa4-a97d-d965ccfc6d4b" outcome="Passed" testListId="8c84fa94-04c1-424b-9868-57a2d4851a1d" relativeResultsDirectory="c38359f4-1205-4656-9f80-d43bb00d4e0a" />
    <UnitTestResult executionId="3b4980c2-7b7f-47c9-b135-59567d16271f" testId="2e664e3e-5b40-d901-9f2b-e816fa56a993" testName="FormatToStringTest1000(6752.510462437062d,&quot;6752.51 zł&quot;)" computerName="DESKTOP-5URQ9PB" duration="00:00:00.0000190" startTime="2022-06-13T21:12:35.2056554+02:00" endTime="2022-06-13T21:12:35.2056738+02:00" testType="13cdc9d9-ddb5-4fa4-a97d-d965ccfc6d4b" outcome="Passed" testListId="8c84fa94-04c1-424b-9868-57a2d4851a1d" relativeResultsDirectory="3b4980c2-7b7f-47c9-b135-59567d16271f" />
    <UnitTestResult executionId="d3dd61e3-220b-4328-a5a3-ce3be7034e3a" testId="610377d7-39b0-f1e5-075a-04c0ff0b06a2" testName="FormatToStringTest1000(19392.945535027862d,&quot;19392.95 zł&quot;)" computerName="DESKTOP-5URQ9PB" duration="00:00:00.0000190" startTime="2022-06-13T21:12:35.2107945+02:00" endTime="2022-06-13T21:12:35.2108129+02:00" testType="13cdc9d9-ddb5-4fa4-a97d-d965ccfc6d4b" outcome="Passed" testListId="8c84fa94-04c1-424b-9868-57a2d4851a1d" relativeResultsDirectory="d3dd61e3-220b-4328-a5a3-ce3be7034e3a" />
    <UnitTestResult executionId="8028f8c4-add4-4100-a4fa-d85a0216623c" testId="55be0839-9d5f-302a-bfcf-f7926cef9841" testName="FormatToStringTest1000(4715.320654313695d,&quot;4715.32 zł&quot;)" computerName="DESKTOP-5URQ9PB" duration="00:00:00.0000190" startTime="2022-06-13T21:12:35.2174464+02:00" endTime="2022-06-13T21:12:35.2174651+02:00" testType="13cdc9d9-ddb5-4fa4-a97d-d965ccfc6d4b" outcome="Passed" testListId="8c84fa94-04c1-424b-9868-57a2d4851a1d" relativeResultsDirectory="8028f8c4-add4-4100-a4fa-d85a0216623c" />
    <UnitTestResult executionId="2aec02bb-82b5-4749-94b9-7655815a051b" testId="379018c4-3439-ea28-2c36-3039f4766b8e" testName="FormatToStringTest1000(37866.43836050967d,&quot;37866.44 zł&quot;)" computerName="DESKTOP-5URQ9PB" duration="00:00:00.0000200" startTime="2022-06-13T21:12:35.2108941+02:00" endTime="2022-06-13T21:12:35.2109139+02:00" testType="13cdc9d9-ddb5-4fa4-a97d-d965ccfc6d4b" outcome="Passed" testListId="8c84fa94-04c1-424b-9868-57a2d4851a1d" relativeResultsDirectory="2aec02bb-82b5-4749-94b9-7655815a051b" />
    <UnitTestResult executionId="fe2d0199-e76e-4fc1-82ec-e73c58f7429f" testId="be961a03-49b0-93a8-a575-29626617f5f3" testName="FormatToStringTest1000(23023.74724929768d,&quot;23023.75 zł&quot;)" computerName="DESKTOP-5URQ9PB" duration="00:00:00.0000200" startTime="2022-06-13T21:12:35.2172420+02:00" endTime="2022-06-13T21:12:35.2172623+02:00" testType="13cdc9d9-ddb5-4fa4-a97d-d965ccfc6d4b" outcome="Passed" testListId="8c84fa94-04c1-424b-9868-57a2d4851a1d" relativeResultsDirectory="fe2d0199-e76e-4fc1-82ec-e73c58f7429f" />
    <UnitTestResult executionId="17cc2607-391d-4650-926a-9169d67d0422" testId="d61c5a24-3052-33c6-809a-bcd51f433ccc" testName="FormatToStringTest1000(45930.2386782068d,&quot;45930.24 zł&quot;)" computerName="DESKTOP-5URQ9PB" duration="00:00:00.0000200" startTime="2022-06-13T21:12:35.2051505+02:00" endTime="2022-06-13T21:12:35.2051699+02:00" testType="13cdc9d9-ddb5-4fa4-a97d-d965ccfc6d4b" outcome="Passed" testListId="8c84fa94-04c1-424b-9868-57a2d4851a1d" relativeResultsDirectory="17cc2607-391d-4650-926a-9169d67d0422" />
    <UnitTestResult executionId="33cbf2fc-1b07-48d9-8cdb-d518ab47006a" testId="4b65b228-f0fd-3e1d-e2c9-95f312b6aeb7" testName="FormatToStringTest1000(25376.6225052097d,&quot;25376.62 zł&quot;)" computerName="DESKTOP-5URQ9PB" duration="00:00:00.0000190" startTime="2022-06-13T21:12:35.2160628+02:00" endTime="2022-06-13T21:12:35.2160813+02:00" testType="13cdc9d9-ddb5-4fa4-a97d-d965ccfc6d4b" outcome="Passed" testListId="8c84fa94-04c1-424b-9868-57a2d4851a1d" relativeResultsDirectory="33cbf2fc-1b07-48d9-8cdb-d518ab47006a" />
    <UnitTestResult executionId="301bc709-a0f9-4310-9b44-eea72f163b35" testId="71b16f9b-dbb0-7a23-533d-802c9512270b" testName="FormatToStringTest1000(11181.228339251702d,&quot;11181.23 zł&quot;)" computerName="DESKTOP-5URQ9PB" duration="00:00:00.0000190" startTime="2022-06-13T21:12:35.2278525+02:00" endTime="2022-06-13T21:12:35.2278711+02:00" testType="13cdc9d9-ddb5-4fa4-a97d-d965ccfc6d4b" outcome="Passed" testListId="8c84fa94-04c1-424b-9868-57a2d4851a1d" relativeResultsDirectory="301bc709-a0f9-4310-9b44-eea72f163b35" />
    <UnitTestResult executionId="dd33568b-6054-43ec-83bc-a7cd3c7501d7" testId="7b5400c4-5377-7ac8-dd1c-7b695cb4115f" testName="FormatToStringTest1000(7813.027778348433d,&quot;7813.03 zł&quot;)" computerName="DESKTOP-5URQ9PB" duration="00:00:00.0000190" startTime="2022-06-13T21:12:35.2195439+02:00" endTime="2022-06-13T21:12:35.2195626+02:00" testType="13cdc9d9-ddb5-4fa4-a97d-d965ccfc6d4b" outcome="Passed" testListId="8c84fa94-04c1-424b-9868-57a2d4851a1d" relativeResultsDirectory="dd33568b-6054-43ec-83bc-a7cd3c7501d7" />
    <UnitTestResult executionId="004ba664-f9d6-48de-9c27-cb99fc88c3d7" testId="6c111a58-0dcb-5d69-cab0-6f7362899525" testName="FormatToStringTest1000(9517.514896326473d,&quot;9517.51 zł&quot;)" computerName="DESKTOP-5URQ9PB" duration="00:00:00.0000190" startTime="2022-06-13T21:12:35.2183572+02:00" endTime="2022-06-13T21:12:35.2183758+02:00" testType="13cdc9d9-ddb5-4fa4-a97d-d965ccfc6d4b" outcome="Passed" testListId="8c84fa94-04c1-424b-9868-57a2d4851a1d" relativeResultsDirectory="004ba664-f9d6-48de-9c27-cb99fc88c3d7" />
    <UnitTestResult executionId="303bba10-8374-4c76-89e5-b6a1f348ebe7" testId="bfb43a18-8b27-64cf-f833-254fc2466b22" testName="FormatToStringTest1000(759.247198292635d,&quot;759.25 zł&quot;)" computerName="DESKTOP-5URQ9PB" duration="00:00:00.0000190" startTime="2022-06-13T21:12:35.2096316+02:00" endTime="2022-06-13T21:12:35.2096500+02:00" testType="13cdc9d9-ddb5-4fa4-a97d-d965ccfc6d4b" outcome="Passed" testListId="8c84fa94-04c1-424b-9868-57a2d4851a1d" relativeResultsDirectory="303bba10-8374-4c76-89e5-b6a1f348ebe7" />
    <UnitTestResult executionId="17aab340-ea8a-48cd-99e1-e9b1c58916a4" testId="00c173aa-365e-0279-47ce-e69aab924076" testName="FormatToStringTest1000(10511.7304983189d,&quot;10511.73 zł&quot;)" computerName="DESKTOP-5URQ9PB" duration="00:00:00.0000190" startTime="2022-06-13T21:12:35.2120076+02:00" endTime="2022-06-13T21:12:35.2120261+02:00" testType="13cdc9d9-ddb5-4fa4-a97d-d965ccfc6d4b" outcome="Passed" testListId="8c84fa94-04c1-424b-9868-57a2d4851a1d" relativeResultsDirectory="17aab340-ea8a-48cd-99e1-e9b1c58916a4" />
    <UnitTestResult executionId="abd37fb7-498c-41d0-b505-46bbcde0e601" testId="026ac8cf-e708-7f65-282f-a4f25298f17b" testName="FormatToStringTest1000(54088.326214851964d,&quot;54088.33 zł&quot;)" computerName="DESKTOP-5URQ9PB" duration="00:00:00.0000200" startTime="2022-06-13T21:12:35.2062189+02:00" endTime="2022-06-13T21:12:35.2062384+02:00" testType="13cdc9d9-ddb5-4fa4-a97d-d965ccfc6d4b" outcome="Passed" testListId="8c84fa94-04c1-424b-9868-57a2d4851a1d" relativeResultsDirectory="abd37fb7-498c-41d0-b505-46bbcde0e601" />
    <UnitTestResult executionId="11e54549-dcb5-4c97-8a15-283b4c5e135c" testId="0e06d825-6ba9-71ac-24ec-c9336680dd03" testName="FormatToStringTest1000(48654.65723134794d,&quot;48654.66 zł&quot;)" computerName="DESKTOP-5URQ9PB" duration="00:00:00.0000200" startTime="2022-06-13T21:12:35.2107691+02:00" endTime="2022-06-13T21:12:35.2107885+02:00" testType="13cdc9d9-ddb5-4fa4-a97d-d965ccfc6d4b" outcome="Passed" testListId="8c84fa94-04c1-424b-9868-57a2d4851a1d" relativeResultsDirectory="11e54549-dcb5-4c97-8a15-283b4c5e135c" />
    <UnitTestResult executionId="3e34af82-06a3-4bf6-b4e3-38d3a7851f58" testId="f6e6ea6a-a253-8185-3a92-d6751c76c436" testName="FormatToStringTest1000(45445.182098106096d,&quot;45445.18 zł&quot;)" computerName="DESKTOP-5URQ9PB" duration="00:00:00.0000190" startTime="2022-06-13T21:12:35.2105989+02:00" endTime="2022-06-13T21:12:35.2106177+02:00" testType="13cdc9d9-ddb5-4fa4-a97d-d965ccfc6d4b" outcome="Passed" testListId="8c84fa94-04c1-424b-9868-57a2d4851a1d" relativeResultsDirectory="3e34af82-06a3-4bf6-b4e3-38d3a7851f58" />
    <UnitTestResult executionId="0d4dacf6-27c6-47c7-ad82-c6e8492db30b" testId="7af319c8-84cb-197c-29fc-ea5e77c2f3be" testName="FormatToStringTest1000(33413.381276228174d,&quot;33413.38 zł&quot;)" computerName="DESKTOP-5URQ9PB" duration="00:00:00.0000200" startTime="2022-06-13T21:12:35.2123318+02:00" endTime="2022-06-13T21:12:35.2123521+02:00" testType="13cdc9d9-ddb5-4fa4-a97d-d965ccfc6d4b" outcome="Passed" testListId="8c84fa94-04c1-424b-9868-57a2d4851a1d" relativeResultsDirectory="0d4dacf6-27c6-47c7-ad82-c6e8492db30b" />
    <UnitTestResult executionId="6832ccdf-611a-44d9-a0ac-b6fbd33f8b5f" testId="1658bad2-8c99-0b77-1530-2e9ba32823bd" testName="FormatToStringTest1000(33245.44763357819d,&quot;33245.45 zł&quot;)" computerName="DESKTOP-5URQ9PB" duration="00:00:00.0000190" startTime="2022-06-13T21:12:35.2121806+02:00" endTime="2022-06-13T21:12:35.2121988+02:00" testType="13cdc9d9-ddb5-4fa4-a97d-d965ccfc6d4b" outcome="Passed" testListId="8c84fa94-04c1-424b-9868-57a2d4851a1d" relativeResultsDirectory="6832ccdf-611a-44d9-a0ac-b6fbd33f8b5f" />
    <UnitTestResult executionId="4229052b-a7e9-4329-904b-d0a01786e1b6" testId="1382f86b-6464-d2a1-e722-0841d0b65336" testName="FormatToStringTest1000(17090.629587323234d,&quot;17090.63 zł&quot;)" computerName="DESKTOP-5URQ9PB" duration="00:00:00.0000190" startTime="2022-06-13T21:12:35.2104721+02:00" endTime="2022-06-13T21:12:35.2104912+02:00" testType="13cdc9d9-ddb5-4fa4-a97d-d965ccfc6d4b" outcome="Passed" testListId="8c84fa94-04c1-424b-9868-57a2d4851a1d" relativeResultsDirectory="4229052b-a7e9-4329-904b-d0a01786e1b6" />
    <UnitTestResult executionId="df840a0a-1cdf-42fe-9f11-8361525ee5ac" testId="274eee3c-fa31-a55c-1941-d2fdb1077d83" testName="FormatToStringTest1000(26468.346804109562d,&quot;26468.35 zł&quot;)" computerName="DESKTOP-5URQ9PB" duration="00:00:00.0000200" startTime="2022-06-13T21:12:35.2098177+02:00" endTime="2022-06-13T21:12:35.2098375+02:00" testType="13cdc9d9-ddb5-4fa4-a97d-d965ccfc6d4b" outcome="Passed" testListId="8c84fa94-04c1-424b-9868-57a2d4851a1d" relativeResultsDirectory="df840a0a-1cdf-42fe-9f11-8361525ee5ac" />
    <UnitTestResult executionId="edaa79af-ec58-423e-9c85-46765221de2a" testId="e3333616-70b0-385e-063b-ec83b99dd0ba" testName="FormatToStringTest1000(35714.78133482243d,&quot;35714.78 zł&quot;)" computerName="DESKTOP-5URQ9PB" duration="00:00:00.0000190" startTime="2022-06-13T21:12:35.2116197+02:00" endTime="2022-06-13T21:12:35.2116381+02:00" testType="13cdc9d9-ddb5-4fa4-a97d-d965ccfc6d4b" outcome="Passed" testListId="8c84fa94-04c1-424b-9868-57a2d4851a1d" relativeResultsDirectory="edaa79af-ec58-423e-9c85-46765221de2a" />
    <UnitTestResult executionId="9dbe46eb-7fd0-4ee9-ae13-1c280bede55d" testId="2adcf87c-7078-5286-2ca1-778b501cd9f7" testName="FormatToStringTest1000(18794.859523484418d,&quot;18794.86 zł&quot;)" computerName="DESKTOP-5URQ9PB" duration="00:00:00.0000190" startTime="2022-06-13T21:12:35.2112462+02:00" endTime="2022-06-13T21:12:35.2112652+02:00" testType="13cdc9d9-ddb5-4fa4-a97d-d965ccfc6d4b" outcome="Passed" testListId="8c84fa94-04c1-424b-9868-57a2d4851a1d" relativeResultsDirectory="9dbe46eb-7fd0-4ee9-ae13-1c280bede55d" />
    <UnitTestResult executionId="e2976d8a-0e0b-43c4-863b-a8b68afbf89f" testId="8257a4bf-ab18-2761-6e92-b21983b2b798" testName="FormatToStringTest1000(15129.433864736666d,&quot;15129.43 zł&quot;)" computerName="DESKTOP-5URQ9PB" duration="00:00:00.0000190" startTime="2022-06-13T21:12:35.2235559+02:00" endTime="2022-06-13T21:12:35.2235748+02:00" testType="13cdc9d9-ddb5-4fa4-a97d-d965ccfc6d4b" outcome="Passed" testListId="8c84fa94-04c1-424b-9868-57a2d4851a1d" relativeResultsDirectory="e2976d8a-0e0b-43c4-863b-a8b68afbf89f" />
    <UnitTestResult executionId="c8437ae5-809a-40d0-8c35-6bfa08531759" testId="1172006b-9d72-b3a7-ee7d-07862438f160" testName="FormatToStringTest1000(11944.74385168531d,&quot;11944.74 zł&quot;)" computerName="DESKTOP-5URQ9PB" duration="00:00:00.0000200" startTime="2022-06-13T21:12:35.2269436+02:00" endTime="2022-06-13T21:12:35.2269631+02:00" testType="13cdc9d9-ddb5-4fa4-a97d-d965ccfc6d4b" outcome="Passed" testListId="8c84fa94-04c1-424b-9868-57a2d4851a1d" relativeResultsDirectory="c8437ae5-809a-40d0-8c35-6bfa08531759" />
    <UnitTestResult executionId="9009e9a5-bcae-45cc-b551-d9e10e0d703a" testId="341610ea-9bd8-25a4-90fc-740a57823f92" testName="FormatToStringTest1000(4648.492795337221d,&quot;4648.49 zł&quot;)" computerName="DESKTOP-5URQ9PB" duration="00:00:00.0000190" startTime="2022-06-13T21:12:35.2123832+02:00" endTime="2022-06-13T21:12:35.2124023+02:00" testType="13cdc9d9-ddb5-4fa4-a97d-d965ccfc6d4b" outcome="Passed" testListId="8c84fa94-04c1-424b-9868-57a2d4851a1d" relativeResultsDirectory="9009e9a5-bcae-45cc-b551-d9e10e0d703a" />
    <UnitTestResult executionId="32546c52-efb0-4160-b16c-770d281f4ba7" testId="a64a893d-a7c9-f50c-de3c-debed5fa79b5" testName="FormatToStringTest1000(15841.26419853478d,&quot;15841.26 zł&quot;)" computerName="DESKTOP-5URQ9PB" duration="00:00:00.0000200" startTime="2022-06-13T21:12:35.2250948+02:00" endTime="2022-06-13T21:12:35.2251149+02:00" testType="13cdc9d9-ddb5-4fa4-a97d-d965ccfc6d4b" outcome="Passed" testListId="8c84fa94-04c1-424b-9868-57a2d4851a1d" relativeResultsDirectory="32546c52-efb0-4160-b16c-770d281f4ba7" />
    <UnitTestResult executionId="e80ae3bf-13d2-49f5-96b2-989ec6f0f021" testId="9fc60cd8-d419-6ed6-ac2e-164788256e59" testName="FormatToStringTest1000(15600.245951180927d,&quot;15600.25 zł&quot;)" computerName="DESKTOP-5URQ9PB" duration="00:00:00.0000210" startTime="2022-06-13T21:12:35.2144094+02:00" endTime="2022-06-13T21:12:35.2144300+02:00" testType="13cdc9d9-ddb5-4fa4-a97d-d965ccfc6d4b" outcome="Passed" testListId="8c84fa94-04c1-424b-9868-57a2d4851a1d" relativeResultsDirectory="e80ae3bf-13d2-49f5-96b2-989ec6f0f021" />
    <UnitTestResult executionId="56e0eaf1-d32f-40bd-8049-f37c9e4ae86b" testId="0f34bf53-f1cd-8615-6e75-51f26224ccf1" testName="FormatToStringTest1000(37387.37521261972d,&quot;37387.38 zł&quot;)" computerName="DESKTOP-5URQ9PB" duration="00:00:00.0000190" startTime="2022-06-13T21:12:35.2204487+02:00" endTime="2022-06-13T21:12:35.2204673+02:00" testType="13cdc9d9-ddb5-4fa4-a97d-d965ccfc6d4b" outcome="Passed" testListId="8c84fa94-04c1-424b-9868-57a2d4851a1d" relativeResultsDirectory="56e0eaf1-d32f-40bd-8049-f37c9e4ae86b" />
    <UnitTestResult executionId="00cc73cb-7af7-4972-be04-2885f6bd2f90" testId="ddd788b7-fa29-d0c9-c87b-c6974b37dc7d" testName="FormatToStringTest1000(658.7555888573431d,&quot;658.76 zł&quot;)" computerName="DESKTOP-5URQ9PB" duration="00:00:00.0000190" startTime="2022-06-13T21:12:35.2135592+02:00" endTime="2022-06-13T21:12:35.2135778+02:00" testType="13cdc9d9-ddb5-4fa4-a97d-d965ccfc6d4b" outcome="Passed" testListId="8c84fa94-04c1-424b-9868-57a2d4851a1d" relativeResultsDirectory="00cc73cb-7af7-4972-be04-2885f6bd2f90" />
    <UnitTestResult executionId="1e2baa7b-4d29-46ec-a34c-f7a863b3e7d1" testId="cfb2439a-56a0-7de3-f9a2-8d326d2ccf14" testName="FormatToStringTest1000(50585.83664522778d,&quot;50585.84 zł&quot;)" computerName="DESKTOP-5URQ9PB" duration="00:00:00.0000200" startTime="2022-06-13T21:12:35.2147768+02:00" endTime="2022-06-13T21:12:35.2147969+02:00" testType="13cdc9d9-ddb5-4fa4-a97d-d965ccfc6d4b" outcome="Passed" testListId="8c84fa94-04c1-424b-9868-57a2d4851a1d" relativeResultsDirectory="1e2baa7b-4d29-46ec-a34c-f7a863b3e7d1" />
    <UnitTestResult executionId="df2327ae-8004-4f1d-b955-b9d8d92bc207" testId="2782a3f6-bb08-acfe-bfab-49ee7d2fdbfa" testName="FormatToStringTest1000(27187.549022783314d,&quot;27187.55 zł&quot;)" computerName="DESKTOP-5URQ9PB" duration="00:00:00.0000190" startTime="2022-06-13T21:12:35.2148031+02:00" endTime="2022-06-13T21:12:35.2148220+02:00" testType="13cdc9d9-ddb5-4fa4-a97d-d965ccfc6d4b" outcome="Passed" testListId="8c84fa94-04c1-424b-9868-57a2d4851a1d" relativeResultsDirectory="df2327ae-8004-4f1d-b955-b9d8d92bc207" />
    <UnitTestResult executionId="463872b9-9856-43a8-9c13-0a7fe093a7a6" testId="a9f22fa3-b7d2-f6d4-3197-1e8215934f1f" testName="FormatToStringTest1000(65947.64520381515d,&quot;65947.65 zł&quot;)" computerName="DESKTOP-5URQ9PB" duration="00:00:00.0000190" startTime="2022-06-13T21:12:35.2157843+02:00" endTime="2022-06-13T21:12:35.2158034+02:00" testType="13cdc9d9-ddb5-4fa4-a97d-d965ccfc6d4b" outcome="Passed" testListId="8c84fa94-04c1-424b-9868-57a2d4851a1d" relativeResultsDirectory="463872b9-9856-43a8-9c13-0a7fe093a7a6" />
    <UnitTestResult executionId="96537782-dfcb-4b0e-b29d-c958201c5e25" testId="c2736500-86f5-c7ae-a0e1-fceb61e5a5d4" testName="FormatToStringTest1000(46607.970025941715d,&quot;46607.97 zł&quot;)" computerName="DESKTOP-5URQ9PB" duration="00:00:00.0000190" startTime="2022-06-13T21:12:35.2131378+02:00" endTime="2022-06-13T21:12:35.2131561+02:00" testType="13cdc9d9-ddb5-4fa4-a97d-d965ccfc6d4b" outcome="Passed" testListId="8c84fa94-04c1-424b-9868-57a2d4851a1d" relativeResultsDirectory="96537782-dfcb-4b0e-b29d-c958201c5e25" />
    <UnitTestResult executionId="42fab482-3336-4ca6-b1bb-065c5a149b61" testId="cdeb3be1-fe32-ff89-e068-e42e39c27a73" testName="FormatToStringTest1000(13844.577623300524d,&quot;13844.58 zł&quot;)" computerName="DESKTOP-5URQ9PB" duration="00:00:00.0000200" startTime="2022-06-13T21:12:35.2084768+02:00" endTime="2022-06-13T21:12:35.2084960+02:00" testType="13cdc9d9-ddb5-4fa4-a97d-d965ccfc6d4b" outcome="Passed" testListId="8c84fa94-04c1-424b-9868-57a2d4851a1d" relativeResultsDirectory="42fab482-3336-4ca6-b1bb-065c5a149b61" />
    <UnitTestResult executionId="f1f6747e-8fd4-4251-9ebd-ea3f1c9b32b8" testId="39e2492b-a588-79ac-add5-4d0176982180" testName="FormatToStringTest1000(32863.31705269558d,&quot;32863.32 zł&quot;)" computerName="DESKTOP-5URQ9PB" duration="00:00:00.0000190" startTime="2022-06-13T21:12:35.2223298+02:00" endTime="2022-06-13T21:12:35.2223483+02:00" testType="13cdc9d9-ddb5-4fa4-a97d-d965ccfc6d4b" outcome="Passed" testListId="8c84fa94-04c1-424b-9868-57a2d4851a1d" relativeResultsDirectory="f1f6747e-8fd4-4251-9ebd-ea3f1c9b32b8" />
    <UnitTestResult executionId="a9cfc105-99bf-41ff-b3a5-22e50f03a181" testId="837f3b30-3aeb-50a8-d532-f419df9834ba" testName="FormatToStringTest1000(31622.81414407809d,&quot;31622.81 zł&quot;)" computerName="DESKTOP-5URQ9PB" duration="00:00:00.0000200" startTime="2022-06-13T21:12:35.2260936+02:00" endTime="2022-06-13T21:12:35.2261128+02:00" testType="13cdc9d9-ddb5-4fa4-a97d-d965ccfc6d4b" outcome="Passed" testListId="8c84fa94-04c1-424b-9868-57a2d4851a1d" relativeResultsDirectory="a9cfc105-99bf-41ff-b3a5-22e50f03a181" />
    <UnitTestResult executionId="5bdcf4fe-0812-469e-a492-645afea1338d" testId="92e23589-82d8-4d27-764e-fa018e45b747" testName="FormatToStringTest1000(2951.2722077329045d,&quot;2951.27 zł&quot;)" computerName="DESKTOP-5URQ9PB" duration="00:00:00.0000190" startTime="2022-06-13T21:12:35.2079565+02:00" endTime="2022-06-13T21:12:35.2079747+02:00" testType="13cdc9d9-ddb5-4fa4-a97d-d965ccfc6d4b" outcome="Passed" testListId="8c84fa94-04c1-424b-9868-57a2d4851a1d" relativeResultsDirectory="5bdcf4fe-0812-469e-a492-645afea1338d" />
    <UnitTestResult executionId="19f9f986-3ae0-45de-85b7-c72659021880" testId="b56338b4-aae6-cbe0-3487-2e781b98c188" testName="FormatToStringTest1000(2937.138486199611d,&quot;2937.14 zł&quot;)" computerName="DESKTOP-5URQ9PB" duration="00:00:00.0000190" startTime="2022-06-13T21:12:35.2043125+02:00" endTime="2022-06-13T21:12:35.2043315+02:00" testType="13cdc9d9-ddb5-4fa4-a97d-d965ccfc6d4b" outcome="Passed" testListId="8c84fa94-04c1-424b-9868-57a2d4851a1d" relativeResultsDirectory="19f9f986-3ae0-45de-85b7-c72659021880" />
    <UnitTestResult executionId="45991171-6d17-44a3-a7e7-971beefe423a" testId="b7ec82f7-3497-4dc6-bb74-fbcde89b4ab4" testName="FormatToStringTest1000(1181.5773122979222d,&quot;1181.58 zł&quot;)" computerName="DESKTOP-5URQ9PB" duration="00:00:00.0000190" startTime="2022-06-13T21:12:35.2138673+02:00" endTime="2022-06-13T21:12:35.2138859+02:00" testType="13cdc9d9-ddb5-4fa4-a97d-d965ccfc6d4b" outcome="Passed" testListId="8c84fa94-04c1-424b-9868-57a2d4851a1d" relativeResultsDirectory="45991171-6d17-44a3-a7e7-971beefe423a" />
    <UnitTestResult executionId="071d9bf3-7fdc-49a3-9195-1d8a49ee7925" testId="3c732fdd-347f-bf9b-4cee-87347d32525f" testName="FormatToStringTest1000(626.135364110179d,&quot;626.14 zł&quot;)" computerName="DESKTOP-5URQ9PB" duration="00:00:00.0000200" startTime="2022-06-13T21:12:35.2077312+02:00" endTime="2022-06-13T21:12:35.2077510+02:00" testType="13cdc9d9-ddb5-4fa4-a97d-d965ccfc6d4b" outcome="Passed" testListId="8c84fa94-04c1-424b-9868-57a2d4851a1d" relativeResultsDirectory="071d9bf3-7fdc-49a3-9195-1d8a49ee7925" />
    <UnitTestResult executionId="910bd523-a15f-4e66-82ec-b0b7c3b6cb43" testId="17d839f5-53e2-230c-5fc7-a871a7838f84" testName="FormatToStringTest1000(31315.40354898544d,&quot;31315.40 zł&quot;)" computerName="DESKTOP-5URQ9PB" duration="00:00:00.0000190" startTime="2022-06-13T21:12:35.2199463+02:00" endTime="2022-06-13T21:12:35.2199653+02:00" testType="13cdc9d9-ddb5-4fa4-a97d-d965ccfc6d4b" outcome="Passed" testListId="8c84fa94-04c1-424b-9868-57a2d4851a1d" relativeResultsDirectory="910bd523-a15f-4e66-82ec-b0b7c3b6cb43" />
    <UnitTestResult executionId="950c540f-049b-436b-a78e-521bd807a969" testId="fb944051-8a30-bb84-bc2a-dc4270028415" testName="FormatToStringTest1000(68011.49219071423d,&quot;68011.49 zł&quot;)" computerName="DESKTOP-5URQ9PB" duration="00:00:00.0000200" startTime="2022-06-13T21:12:35.2189429+02:00" endTime="2022-06-13T21:12:35.2189624+02:00" testType="13cdc9d9-ddb5-4fa4-a97d-d965ccfc6d4b" outcome="Passed" testListId="8c84fa94-04c1-424b-9868-57a2d4851a1d" relativeResultsDirectory="950c540f-049b-436b-a78e-521bd807a969" />
    <UnitTestResult executionId="d4fe656e-442f-4ed7-b23d-9d2541ff0444" testId="dafbe950-e143-41f5-1a50-ea362a5aa5d4" testName="FormatToStringTest1000(9928.477822322622d,&quot;9928.48 zł&quot;)" computerName="DESKTOP-5URQ9PB" duration="00:00:00.0000190" startTime="2022-06-13T21:12:35.2186094+02:00" endTime="2022-06-13T21:12:35.2186287+02:00" testType="13cdc9d9-ddb5-4fa4-a97d-d965ccfc6d4b" outcome="Passed" testListId="8c84fa94-04c1-424b-9868-57a2d4851a1d" relativeResultsDirectory="d4fe656e-442f-4ed7-b23d-9d2541ff0444" />
    <UnitTestResult executionId="ae49131e-170a-460a-bd13-6da80eda49aa" testId="f20c73fc-7f07-e8ef-25e3-d34c7ca18877" testName="FormatToStringTest1000(32218.080508120394d,&quot;32218.08 zł&quot;)" computerName="DESKTOP-5URQ9PB" duration="00:00:00.0000190" startTime="2022-06-13T21:12:35.2049473+02:00" endTime="2022-06-13T21:12:35.2049663+02:00" testType="13cdc9d9-ddb5-4fa4-a97d-d965ccfc6d4b" outcome="Passed" testListId="8c84fa94-04c1-424b-9868-57a2d4851a1d" relativeResultsDirectory="ae49131e-170a-460a-bd13-6da80eda49aa" />
    <UnitTestResult executionId="d2b8c62b-968c-4d38-a2a0-bd2fec4d717c" testId="632ea7a5-ff19-c828-ab06-71f1c1ae0c57" testName="FormatToStringTest1000(15861.139287455073d,&quot;15861.14 zł&quot;)" computerName="DESKTOP-5URQ9PB" duration="00:00:00.0000190" startTime="2022-06-13T21:12:35.2100206+02:00" endTime="2022-06-13T21:12:35.2100394+02:00" testType="13cdc9d9-ddb5-4fa4-a97d-d965ccfc6d4b" outcome="Passed" testListId="8c84fa94-04c1-424b-9868-57a2d4851a1d" relativeResultsDirectory="d2b8c62b-968c-4d38-a2a0-bd2fec4d717c" />
    <UnitTestResult executionId="e463df91-5d0e-4d43-a3b8-2c2b6116d592" testId="8237afc1-9210-54d8-45bd-84bf26e08f89" testName="FormatToStringTest1000(6417.5922460628635d,&quot;6417.59 zł&quot;)" computerName="DESKTOP-5URQ9PB" duration="00:00:00.0000190" startTime="2022-06-13T21:12:35.2140190+02:00" endTime="2022-06-13T21:12:35.2140372+02:00" testType="13cdc9d9-ddb5-4fa4-a97d-d965ccfc6d4b" outcome="Passed" testListId="8c84fa94-04c1-424b-9868-57a2d4851a1d" relativeResultsDirectory="e463df91-5d0e-4d43-a3b8-2c2b6116d592" />
    <UnitTestResult executionId="7a85e5a4-0588-4977-8714-1e66c8ea054c" testId="c769eba8-ab90-c528-a852-a01f625e896b" testName="FormatToStringTest1000(4919.073526169674d,&quot;4919.07 zł&quot;)" computerName="DESKTOP-5URQ9PB" duration="00:00:00.0000200" startTime="2022-06-13T21:12:35.2088330+02:00" endTime="2022-06-13T21:12:35.2088523+02:00" testType="13cdc9d9-ddb5-4fa4-a97d-d965ccfc6d4b" outcome="Passed" testListId="8c84fa94-04c1-424b-9868-57a2d4851a1d" relativeResultsDirectory="7a85e5a4-0588-4977-8714-1e66c8ea054c" />
    <UnitTestResult executionId="9ac1bfc6-e378-49c7-b178-28955027c93c" testId="a73c4b3c-3d13-f62c-d2e5-567ad0be5c42" testName="FormatToStringTest1000(10857.521742201186d,&quot;10857.52 zł&quot;)" computerName="DESKTOP-5URQ9PB" duration="00:00:00.0000190" startTime="2022-06-13T21:12:35.2225079+02:00" endTime="2022-06-13T21:12:35.2225265+02:00" testType="13cdc9d9-ddb5-4fa4-a97d-d965ccfc6d4b" outcome="Passed" testListId="8c84fa94-04c1-424b-9868-57a2d4851a1d" relativeResultsDirectory="9ac1bfc6-e378-49c7-b178-28955027c93c" />
    <UnitTestResult executionId="55928966-688e-404b-8fea-e37d3f32f152" testId="b700fa6d-df15-3228-9006-81a0fe0edb31" testName="FormatToStringTest1000(6864.093052674129d,&quot;6864.09 zł&quot;)" computerName="DESKTOP-5URQ9PB" duration="00:00:00.0000190" startTime="2022-06-13T21:12:35.2049992+02:00" endTime="2022-06-13T21:12:35.2050182+02:00" testType="13cdc9d9-ddb5-4fa4-a97d-d965ccfc6d4b" outcome="Passed" testListId="8c84fa94-04c1-424b-9868-57a2d4851a1d" relativeResultsDirectory="55928966-688e-404b-8fea-e37d3f32f152" />
    <UnitTestResult executionId="c8fd35d9-878c-4b75-b932-f65089300a74" testId="6e94a57e-5259-7bdc-f138-c47a49ede1a1" testName="FormatToStringTest1000(14218.204344010543d,&quot;14218.20 zł&quot;)" computerName="DESKTOP-5URQ9PB" duration="00:00:00.0000200" startTime="2022-06-13T21:12:35.2239380+02:00" endTime="2022-06-13T21:12:35.2239573+02:00" testType="13cdc9d9-ddb5-4fa4-a97d-d965ccfc6d4b" outcome="Passed" testListId="8c84fa94-04c1-424b-9868-57a2d4851a1d" relativeResultsDirectory="c8fd35d9-878c-4b75-b932-f65089300a74" />
    <UnitTestResult executionId="03d33f01-a4d2-46cc-a452-9bba82841ba3" testId="c57a980e-ffcc-5e16-6a31-18fd8b909caa" testName="FormatToStringTest1000(50664.01951024869d,&quot;50664.02 zł&quot;)" computerName="DESKTOP-5URQ9PB" duration="00:00:00.0000190" startTime="2022-06-13T21:12:35.2190446+02:00" endTime="2022-06-13T21:12:35.2190638+02:00" testType="13cdc9d9-ddb5-4fa4-a97d-d965ccfc6d4b" outcome="Passed" testListId="8c84fa94-04c1-424b-9868-57a2d4851a1d" relativeResultsDirectory="03d33f01-a4d2-46cc-a452-9bba82841ba3" />
    <UnitTestResult executionId="08e30558-36a9-4b8f-bfa0-27d4dfffbc50" testId="37d70f53-ca13-79ab-c67c-fecd55be0876" testName="FormatToStringTest1000(29678.921519093645d,&quot;29678.92 zł&quot;)" computerName="DESKTOP-5URQ9PB" duration="00:00:00.0000190" startTime="2022-06-13T21:12:35.2172937+02:00" endTime="2022-06-13T21:12:35.2173125+02:00" testType="13cdc9d9-ddb5-4fa4-a97d-d965ccfc6d4b" outcome="Passed" testListId="8c84fa94-04c1-424b-9868-57a2d4851a1d" relativeResultsDirectory="08e30558-36a9-4b8f-bfa0-27d4dfffbc50" />
    <UnitTestResult executionId="d5ef20d8-28b7-4fd5-9260-05e70accb56e" testId="9a5250b7-62e0-de5b-0bd3-c2b7c7798ce7" testName="FormatToStringTest1000(270.1894008262033d,&quot;270.19 zł&quot;)" computerName="DESKTOP-5URQ9PB" duration="00:00:00.0000190" startTime="2022-06-13T21:12:35.2124591+02:00" endTime="2022-06-13T21:12:35.2124775+02:00" testType="13cdc9d9-ddb5-4fa4-a97d-d965ccfc6d4b" outcome="Passed" testListId="8c84fa94-04c1-424b-9868-57a2d4851a1d" relativeResultsDirectory="d5ef20d8-28b7-4fd5-9260-05e70accb56e" />
    <UnitTestResult executionId="145ba95c-d0b2-4275-aa7a-c5bb15fc3351" testId="4b28edc9-10aa-dd25-05d6-efbec430bd7a" testName="FormatToStringTest1000(1739.5853778997368d,&quot;1739.59 zł&quot;)" computerName="DESKTOP-5URQ9PB" duration="00:00:00.0000200" startTime="2022-06-13T21:12:35.2064442+02:00" endTime="2022-06-13T21:12:35.2064637+02:00" testType="13cdc9d9-ddb5-4fa4-a97d-d965ccfc6d4b" outcome="Passed" testListId="8c84fa94-04c1-424b-9868-57a2d4851a1d" relativeResultsDirectory="145ba95c-d0b2-4275-aa7a-c5bb15fc3351" />
    <UnitTestResult executionId="6e0e9407-c60d-4853-bed0-0ac29fa51be1" testId="f2da4add-4324-6352-9afd-0fe37f754b21" testName="FormatToStringTest1000(57237.252356975456d,&quot;57237.25 zł&quot;)" computerName="DESKTOP-5URQ9PB" duration="00:00:00.0000200" startTime="2022-06-13T21:12:35.2265870+02:00" endTime="2022-06-13T21:12:35.2266065+02:00" testType="13cdc9d9-ddb5-4fa4-a97d-d965ccfc6d4b" outcome="Passed" testListId="8c84fa94-04c1-424b-9868-57a2d4851a1d" relativeResultsDirectory="6e0e9407-c60d-4853-bed0-0ac29fa51be1" />
    <UnitTestResult executionId="d8587df2-4e02-4b07-8b5d-7b1366ed1e24" testId="719fd87e-be7b-b92c-8926-a4bddcef0244" testName="FormatToStringTest1000(7407.385606687696d,&quot;7407.39 zł&quot;)" computerName="DESKTOP-5URQ9PB" duration="00:00:00.0000190" startTime="2022-06-13T21:12:35.2172174+02:00" endTime="2022-06-13T21:12:35.2172360+02:00" testType="13cdc9d9-ddb5-4fa4-a97d-d965ccfc6d4b" outcome="Passed" testListId="8c84fa94-04c1-424b-9868-57a2d4851a1d" relativeResultsDirectory="d8587df2-4e02-4b07-8b5d-7b1366ed1e24" />
    <UnitTestResult executionId="75e5ddce-a813-421d-ac9b-352eb0942ebc" testId="7b53b99d-252e-844e-10ce-3552b8f6980f" testName="FormatToStringTest1000(28072.424637532058d,&quot;28072.42 zł&quot;)" computerName="DESKTOP-5URQ9PB" duration="00:00:00.0000200" startTime="2022-06-13T21:12:35.2033216+02:00" endTime="2022-06-13T21:12:35.2033408+02:00" testType="13cdc9d9-ddb5-4fa4-a97d-d965ccfc6d4b" outcome="Passed" testListId="8c84fa94-04c1-424b-9868-57a2d4851a1d" relativeResultsDirectory="75e5ddce-a813-421d-ac9b-352eb0942ebc" />
    <UnitTestResult executionId="f17fe5bd-7b75-411d-ad8e-94f2e399f5fd" testId="f28b795b-c425-f0b1-e6d2-05ca8e559551" testName="FormatToStringTest1000(3646.857719214101d,&quot;3646.86 zł&quot;)" computerName="DESKTOP-5URQ9PB" duration="00:00:00.0000200" startTime="2022-06-13T21:12:35.2141177+02:00" endTime="2022-06-13T21:12:35.2141373+02:00" testType="13cdc9d9-ddb5-4fa4-a97d-d965ccfc6d4b" outcome="Passed" testListId="8c84fa94-04c1-424b-9868-57a2d4851a1d" relativeResultsDirectory="f17fe5bd-7b75-411d-ad8e-94f2e399f5fd" />
    <UnitTestResult executionId="85cba852-2f5b-4cdf-8a9e-1f139c0bf14e" testId="752c0495-686a-2709-5240-916b7eb02d3a" testName="FormatToStringTest1000(9190.067404299076d,&quot;9190.07 zł&quot;)" computerName="DESKTOP-5URQ9PB" duration="00:00:00.0000260" startTime="2022-06-13T21:12:35.2249025+02:00" endTime="2022-06-13T21:12:35.2249280+02:00" testType="13cdc9d9-ddb5-4fa4-a97d-d965ccfc6d4b" outcome="Passed" testListId="8c84fa94-04c1-424b-9868-57a2d4851a1d" relativeResultsDirectory="85cba852-2f5b-4cdf-8a9e-1f139c0bf14e" />
    <UnitTestResult executionId="dbf0cb48-1f68-459d-b685-0e291e09eb29" testId="19843874-c731-8a36-a21a-27e85d4f5a57" testName="FormatToStringTest1000(20012.898273490322d,&quot;20012.90 zł&quot;)" computerName="DESKTOP-5URQ9PB" duration="00:00:00.0000190" startTime="2022-06-13T21:12:35.2093575+02:00" endTime="2022-06-13T21:12:35.2093765+02:00" testType="13cdc9d9-ddb5-4fa4-a97d-d965ccfc6d4b" outcome="Passed" testListId="8c84fa94-04c1-424b-9868-57a2d4851a1d" relativeResultsDirectory="dbf0cb48-1f68-459d-b685-0e291e09eb29" />
    <UnitTestResult executionId="f8f4513b-880f-4ea7-9d1a-dc8964807854" testId="4f980f14-0ada-dd56-93fe-12a559a27314" testName="FormatToStringTest1000(37826.846755123166d,&quot;37826.85 zł&quot;)" computerName="DESKTOP-5URQ9PB" duration="00:00:00.0000190" startTime="2022-06-13T21:12:35.2183071+02:00" endTime="2022-06-13T21:12:35.2183256+02:00" testType="13cdc9d9-ddb5-4fa4-a97d-d965ccfc6d4b" outcome="Passed" testListId="8c84fa94-04c1-424b-9868-57a2d4851a1d" relativeResultsDirectory="f8f4513b-880f-4ea7-9d1a-dc8964807854" />
    <UnitTestResult executionId="c2919801-ae98-43c9-8a4a-82b46c02edfd" testId="d9e3c39e-a746-2b8a-5354-8ea82331bcd9" testName="FormatToStringTest1000(9151.103070427245d,&quot;9151.10 zł&quot;)" computerName="DESKTOP-5URQ9PB" duration="00:00:00.0000200" startTime="2022-06-13T21:12:35.2272966+02:00" endTime="2022-06-13T21:12:35.2273160+02:00" testType="13cdc9d9-ddb5-4fa4-a97d-d965ccfc6d4b" outcome="Passed" testListId="8c84fa94-04c1-424b-9868-57a2d4851a1d" relativeResultsDirectory="c2919801-ae98-43c9-8a4a-82b46c02edfd" />
    <UnitTestResult executionId="15495131-1f53-457f-b9e6-768767768c36" testId="49538287-c6a8-9cce-5150-35176d68e7fe" testName="FormatToStringTest1000(25908.345463821825d,&quot;25908.35 zł&quot;)" computerName="DESKTOP-5URQ9PB" duration="00:00:00.0000190" startTime="2022-06-13T21:12:35.2197233+02:00" endTime="2022-06-13T21:12:35.2197420+02:00" testType="13cdc9d9-ddb5-4fa4-a97d-d965ccfc6d4b" outcome="Passed" testListId="8c84fa94-04c1-424b-9868-57a2d4851a1d" relativeResultsDirectory="15495131-1f53-457f-b9e6-768767768c36" />
    <UnitTestResult executionId="41e9afaf-c8e0-4dff-b39a-6ee7b9ed9d9a" testId="c350fedf-0a65-57f7-f133-063ae7c0e4c8" testName="FormatToStringTest1000(96261.84883437205d,&quot;96261.85 zł&quot;)" computerName="DESKTOP-5URQ9PB" duration="00:00:00.0000190" startTime="2022-06-13T21:12:35.2255229+02:00" endTime="2022-06-13T21:12:35.2255417+02:00" testType="13cdc9d9-ddb5-4fa4-a97d-d965ccfc6d4b" outcome="Passed" testListId="8c84fa94-04c1-424b-9868-57a2d4851a1d" relativeResultsDirectory="41e9afaf-c8e0-4dff-b39a-6ee7b9ed9d9a" />
    <UnitTestResult executionId="0af4362a-5880-489b-a8e9-e1e79f6bf5ed" testId="57f59a31-3f22-a5b8-69d7-45e7719f3ea1" testName="FormatToStringTest1000(7191.024921368353d,&quot;7191.02 zł&quot;)" computerName="DESKTOP-5URQ9PB" duration="00:00:00.0000190" startTime="2022-06-13T21:12:35.2209070+02:00" endTime="2022-06-13T21:12:35.2209260+02:00" testType="13cdc9d9-ddb5-4fa4-a97d-d965ccfc6d4b" outcome="Passed" testListId="8c84fa94-04c1-424b-9868-57a2d4851a1d" relativeResultsDirectory="0af4362a-5880-489b-a8e9-e1e79f6bf5ed" />
    <UnitTestResult executionId="4a6d2f34-99c0-4d3a-b0e5-cd47398fab7a" testId="9302047d-d400-9bf9-4ba4-2e05b31dc9ec" testName="FormatToStringTest1000(18424.864078561244d,&quot;18424.86 zł&quot;)" computerName="DESKTOP-5URQ9PB" duration="00:00:00.0000190" startTime="2022-06-13T21:12:35.2092830+02:00" endTime="2022-06-13T21:12:35.2093013+02:00" testType="13cdc9d9-ddb5-4fa4-a97d-d965ccfc6d4b" outcome="Passed" testListId="8c84fa94-04c1-424b-9868-57a2d4851a1d" relativeResultsDirectory="4a6d2f34-99c0-4d3a-b0e5-cd47398fab7a" />
    <UnitTestResult executionId="6945f523-48c1-4d45-80e1-7c67c6f182c7" testId="a66db8ec-8bb4-14b5-d72b-619fdbf967a5" testName="FormatToStringTest1000(75350.77330865282d,&quot;75350.77 zł&quot;)" computerName="DESKTOP-5URQ9PB" duration="00:00:00.0000190" startTime="2022-06-13T21:12:35.2047702+02:00" endTime="2022-06-13T21:12:35.2047894+02:00" testType="13cdc9d9-ddb5-4fa4-a97d-d965ccfc6d4b" outcome="Passed" testListId="8c84fa94-04c1-424b-9868-57a2d4851a1d" relativeResultsDirectory="6945f523-48c1-4d45-80e1-7c67c6f182c7" />
    <UnitTestResult executionId="8be05d9d-af4e-400f-99dc-1a4770c89b90" testId="f4a21ccd-5b4f-d613-e7b9-440db30d38e4" testName="FormatToStringTest1000(48449.85582609189d,&quot;48449.86 zł&quot;)" computerName="DESKTOP-5URQ9PB" duration="00:00:00.0000190" startTime="2022-06-13T21:12:35.2178025+02:00" endTime="2022-06-13T21:12:35.2178216+02:00" testType="13cdc9d9-ddb5-4fa4-a97d-d965ccfc6d4b" outcome="Passed" testListId="8c84fa94-04c1-424b-9868-57a2d4851a1d" relativeResultsDirectory="8be05d9d-af4e-400f-99dc-1a4770c89b90" />
    <UnitTestResult executionId="094e4de9-51bf-4e9e-bd03-1d79670cd1f8" testId="eaf85606-7f0d-3e94-fb5d-ed88b536baa0" testName="FormatToStringTest1000(41008.28505327194d,&quot;41008.29 zł&quot;)" computerName="DESKTOP-5URQ9PB" duration="00:00:00.0000250" startTime="2022-06-13T21:12:35.2217372+02:00" endTime="2022-06-13T21:12:35.2217622+02:00" testType="13cdc9d9-ddb5-4fa4-a97d-d965ccfc6d4b" outcome="Passed" testListId="8c84fa94-04c1-424b-9868-57a2d4851a1d" relativeResultsDirectory="094e4de9-51bf-4e9e-bd03-1d79670cd1f8" />
    <UnitTestResult executionId="8446f53e-6f3e-4d8d-b003-781e76f61b09" testId="72c240ff-79c5-ef41-5967-e3c497b7b2c0" testName="FormatToStringTest1000(12125.090155628086d,&quot;12125.09 zł&quot;)" computerName="DESKTOP-5URQ9PB" duration="00:00:00.0000200" startTime="2022-06-13T21:12:35.2102718+02:00" endTime="2022-06-13T21:12:35.2102916+02:00" testType="13cdc9d9-ddb5-4fa4-a97d-d965ccfc6d4b" outcome="Passed" testListId="8c84fa94-04c1-424b-9868-57a2d4851a1d" relativeResultsDirectory="8446f53e-6f3e-4d8d-b003-781e76f61b09" />
    <UnitTestResult executionId="655add03-8b14-4545-b79f-688490b1a33b" testId="d24e4d75-af83-eba3-bdf8-ba8e65054856" testName="FormatToStringTest1000(2505.286326204094d,&quot;2505.29 zł&quot;)" computerName="DESKTOP-5URQ9PB" duration="00:00:00.0000190" startTime="2022-06-13T21:12:35.2156277+02:00" endTime="2022-06-13T21:12:35.2156464+02:00" testType="13cdc9d9-ddb5-4fa4-a97d-d965ccfc6d4b" outcome="Passed" testListId="8c84fa94-04c1-424b-9868-57a2d4851a1d" relativeResultsDirectory="655add03-8b14-4545-b79f-688490b1a33b" />
    <UnitTestResult executionId="f0c22fe2-6782-4519-9243-ae86adb4d524" testId="74c0130b-d063-4d59-6d84-18416c8beb4f" testName="FormatToStringTest1000(32262.93788198984d,&quot;32262.94 zł&quot;)" computerName="DESKTOP-5URQ9PB" duration="00:00:00.0000190" startTime="2022-06-13T21:12:35.2169395+02:00" endTime="2022-06-13T21:12:35.2169588+02:00" testType="13cdc9d9-ddb5-4fa4-a97d-d965ccfc6d4b" outcome="Passed" testListId="8c84fa94-04c1-424b-9868-57a2d4851a1d" relativeResultsDirectory="f0c22fe2-6782-4519-9243-ae86adb4d524" />
    <UnitTestResult executionId="3fed41c9-78dc-4412-87f7-75b682cc2da4" testId="e46dbe14-100d-b571-9fb5-196347dd96ac" testName="FormatToStringTest1000(64490.52771614982d,&quot;64490.53 zł&quot;)" computerName="DESKTOP-5URQ9PB" duration="00:00:00.0000200" startTime="2022-06-13T21:12:35.2131621+02:00" endTime="2022-06-13T21:12:35.2131816+02:00" testType="13cdc9d9-ddb5-4fa4-a97d-d965ccfc6d4b" outcome="Passed" testListId="8c84fa94-04c1-424b-9868-57a2d4851a1d" relativeResultsDirectory="3fed41c9-78dc-4412-87f7-75b682cc2da4" />
    <UnitTestResult executionId="2182d369-e14e-4f9e-bdc5-dbeb628a947c" testId="ea9a1ed5-0813-906f-0ed6-0a192bf899e6" testName="FormatToStringTest1000(45299.778512198376d,&quot;45299.78 zł&quot;)" computerName="DESKTOP-5URQ9PB" duration="00:00:00.0000200" startTime="2022-06-13T21:12:35.2203724+02:00" endTime="2022-06-13T21:12:35.2203918+02:00" testType="13cdc9d9-ddb5-4fa4-a97d-d965ccfc6d4b" outcome="Passed" testListId="8c84fa94-04c1-424b-9868-57a2d4851a1d" relativeResultsDirectory="2182d369-e14e-4f9e-bdc5-dbeb628a947c" />
    <UnitTestResult executionId="5ad8e5f4-0434-47f7-a8af-d9c621ca741c" testId="91285e79-b6fd-7585-384e-bbf4da4c2bcd" testName="FormatToStringTest1000(48084.94422955389d,&quot;48084.94 zł&quot;)" computerName="DESKTOP-5URQ9PB" duration="00:00:00.0000190" startTime="2022-06-13T21:12:35.2118329+02:00" endTime="2022-06-13T21:12:35.2118516+02:00" testType="13cdc9d9-ddb5-4fa4-a97d-d965ccfc6d4b" outcome="Passed" testListId="8c84fa94-04c1-424b-9868-57a2d4851a1d" relativeResultsDirectory="5ad8e5f4-0434-47f7-a8af-d9c621ca741c" />
    <UnitTestResult executionId="28684c0e-fe47-454f-a13b-619daf890601" testId="f3dbad6e-a998-4f0d-7c83-23b7bc70f023" testName="FormatToStringTest1000(46803.36433423374d,&quot;46803.36 zł&quot;)" computerName="DESKTOP-5URQ9PB" duration="00:00:00.0000190" startTime="2022-06-13T21:12:35.2099455+02:00" endTime="2022-06-13T21:12:35.2099642+02:00" testType="13cdc9d9-ddb5-4fa4-a97d-d965ccfc6d4b" outcome="Passed" testListId="8c84fa94-04c1-424b-9868-57a2d4851a1d" relativeResultsDirectory="28684c0e-fe47-454f-a13b-619daf890601" />
    <UnitTestResult executionId="4cf18464-3e3a-4be8-9795-6583612835f3" testId="193f831d-c7c9-ac41-bc1b-9798c85535ca" testName="FormatToStringTest1000(26529.10838037036d,&quot;26529.11 zł&quot;)" computerName="DESKTOP-5URQ9PB" duration="00:00:00.0000200" startTime="2022-06-13T21:12:35.2264604+02:00" endTime="2022-06-13T21:12:35.2264800+02:00" testType="13cdc9d9-ddb5-4fa4-a97d-d965ccfc6d4b" outcome="Passed" testListId="8c84fa94-04c1-424b-9868-57a2d4851a1d" relativeResultsDirectory="4cf18464-3e3a-4be8-9795-6583612835f3" />
    <UnitTestResult executionId="9382c0d1-f691-4e6d-8b2b-1803be15077d" testId="7422afbf-8dc8-2993-87d6-1f702a4bc862" testName="FormatToStringTest1000(6027.66019266828d,&quot;6027.66 zł&quot;)" computerName="DESKTOP-5URQ9PB" duration="00:00:00.0000180" startTime="2022-06-13T21:12:35.2238882+02:00" endTime="2022-06-13T21:12:35.2239064+02:00" testType="13cdc9d9-ddb5-4fa4-a97d-d965ccfc6d4b" outcome="Passed" testListId="8c84fa94-04c1-424b-9868-57a2d4851a1d" relativeResultsDirectory="9382c0d1-f691-4e6d-8b2b-1803be15077d" />
    <UnitTestResult executionId="e7be4c8b-6acb-4cf1-8fe7-c4f2605a9e5c" testId="891c0d76-e64c-f414-ec6a-1381d76267bf" testName="FormatToStringTest1000(67380.07704875062d,&quot;67380.08 zł&quot;)" computerName="DESKTOP-5URQ9PB" duration="00:00:00.0000190" startTime="2022-06-13T21:12:35.2104215+02:00" endTime="2022-06-13T21:12:35.2104402+02:00" testType="13cdc9d9-ddb5-4fa4-a97d-d965ccfc6d4b" outcome="Passed" testListId="8c84fa94-04c1-424b-9868-57a2d4851a1d" relativeResultsDirectory="e7be4c8b-6acb-4cf1-8fe7-c4f2605a9e5c" />
    <UnitTestResult executionId="4d043711-3b76-405c-81c8-4409ae0622a3" testId="64432d28-23cd-4cf2-4daf-935cfc9905b7" testName="FormatToStringTest1000(21728.91641959963d,&quot;21728.92 zł&quot;)" computerName="DESKTOP-5URQ9PB" duration="00:00:00.0000180" startTime="2022-06-13T21:12:35.2281046+02:00" endTime="2022-06-13T21:12:35.2281229+02:00" testType="13cdc9d9-ddb5-4fa4-a97d-d965ccfc6d4b" outcome="Passed" testListId="8c84fa94-04c1-424b-9868-57a2d4851a1d" relativeResultsDirectory="4d043711-3b76-405c-81c8-4409ae0622a3" />
    <UnitTestResult executionId="5430f964-9a42-4bdd-89cf-06d0b86e8a94" testId="dfaddf73-e2fe-692a-95cb-e0210649fd35" testName="FormatToStringTest1000(50991.22189691114d,&quot;50991.22 zł&quot;)" computerName="DESKTOP-5URQ9PB" duration="00:00:00.0000190" startTime="2022-06-13T21:12:35.2044373+02:00" endTime="2022-06-13T21:12:35.2044564+02:00" testType="13cdc9d9-ddb5-4fa4-a97d-d965ccfc6d4b" outcome="Passed" testListId="8c84fa94-04c1-424b-9868-57a2d4851a1d" relativeResultsDirectory="5430f964-9a42-4bdd-89cf-06d0b86e8a94" />
    <UnitTestResult executionId="5b3aa42d-a305-4db2-8db2-b691edbfd439" testId="0ed9cd8c-6283-5489-0e2e-ce31df1b16b4" testName="FormatToStringTest1000(40268.121943438484d,&quot;40268.12 zł&quot;)" computerName="DESKTOP-5URQ9PB" duration="00:00:00.0000200" startTime="2022-06-13T21:12:35.2099701+02:00" endTime="2022-06-13T21:12:35.2099899+02:00" testType="13cdc9d9-ddb5-4fa4-a97d-d965ccfc6d4b" outcome="Passed" testListId="8c84fa94-04c1-424b-9868-57a2d4851a1d" relativeResultsDirectory="5b3aa42d-a305-4db2-8db2-b691edbfd439" />
    <UnitTestResult executionId="e46eacb6-eb25-4409-a334-92b4cc6e6be7" testId="cb85c450-02e3-5db9-b93c-f905351c1d09" testName="FormatToStringTest1000(16688.70569393677d,&quot;16688.71 zł&quot;)" computerName="DESKTOP-5URQ9PB" duration="00:00:00.0000190" startTime="2022-06-13T21:12:35.2118082+02:00" endTime="2022-06-13T21:12:35.2118268+02:00" testType="13cdc9d9-ddb5-4fa4-a97d-d965ccfc6d4b" outcome="Passed" testListId="8c84fa94-04c1-424b-9868-57a2d4851a1d" relativeResultsDirectory="e46eacb6-eb25-4409-a334-92b4cc6e6be7" />
    <UnitTestResult executionId="f60e3aaa-6891-4b40-a80d-94cb7c6a783b" testId="b074171d-4bb2-388e-f619-96efeb179b06" testName="FormatToStringTest1000(51632.87002968503d,&quot;51632.87 zł&quot;)" computerName="DESKTOP-5URQ9PB" duration="00:00:00.0000190" startTime="2022-06-13T21:12:35.2090082+02:00" endTime="2022-06-13T21:12:35.2090272+02:00" testType="13cdc9d9-ddb5-4fa4-a97d-d965ccfc6d4b" outcome="Passed" testListId="8c84fa94-04c1-424b-9868-57a2d4851a1d" relativeResultsDirectory="f60e3aaa-6891-4b40-a80d-94cb7c6a783b" />
    <UnitTestResult executionId="9c6c191a-5c8e-41f2-8700-481a61f76faa" testId="f057999f-37d3-2f7d-8c71-29439544f997" testName="FormatToStringTest1000(2115.5076919884923d,&quot;2115.51 zł&quot;)" computerName="DESKTOP-5URQ9PB" duration="00:00:00.0000260" startTime="2022-06-13T21:12:35.2256736+02:00" endTime="2022-06-13T21:12:35.2256990+02:00" testType="13cdc9d9-ddb5-4fa4-a97d-d965ccfc6d4b" outcome="Passed" testListId="8c84fa94-04c1-424b-9868-57a2d4851a1d" relativeResultsDirectory="9c6c191a-5c8e-41f2-8700-481a61f76faa" />
    <UnitTestResult executionId="bae1009f-3d8f-40b1-a2c5-8e9191b311ba" testId="bc3f5322-761c-1784-32c8-0807bc806b0a" testName="FormatToStringTest1000(4652.407073443945d,&quot;4652.41 zł&quot;)" computerName="DESKTOP-5URQ9PB" duration="00:00:00.0000200" startTime="2022-06-13T21:12:35.2139421+02:00" endTime="2022-06-13T21:12:35.2139621+02:00" testType="13cdc9d9-ddb5-4fa4-a97d-d965ccfc6d4b" outcome="Passed" testListId="8c84fa94-04c1-424b-9868-57a2d4851a1d" relativeResultsDirectory="bae1009f-3d8f-40b1-a2c5-8e9191b311ba" />
    <UnitTestResult executionId="01f517b0-2335-4cff-9cd6-97ef7935b739" testId="2fd4fb21-86aa-48b4-d55c-838ac3bda4eb" testName="FormatToStringTest1000(28579.14698705503d,&quot;28579.15 zł&quot;)" computerName="DESKTOP-5URQ9PB" duration="00:00:00.0000190" startTime="2022-06-13T21:12:35.2192448+02:00" endTime="2022-06-13T21:12:35.2192638+02:00" testType="13cdc9d9-ddb5-4fa4-a97d-d965ccfc6d4b" outcome="Passed" testListId="8c84fa94-04c1-424b-9868-57a2d4851a1d" relativeResultsDirectory="01f517b0-2335-4cff-9cd6-97ef7935b739" />
    <UnitTestResult executionId="56cb73ab-3e23-46e7-92d0-e5f5b74e1018" testId="2de1f6d1-4fbc-d3f7-5b38-8fabe0afe62f" testName="FormatToStringTest1000(35065.40267025652d,&quot;35065.40 zł&quot;)" computerName="DESKTOP-5URQ9PB" duration="00:00:00.0000190" startTime="2022-06-13T21:12:35.2205752+02:00" endTime="2022-06-13T21:12:35.2205937+02:00" testType="13cdc9d9-ddb5-4fa4-a97d-d965ccfc6d4b" outcome="Passed" testListId="8c84fa94-04c1-424b-9868-57a2d4851a1d" relativeResultsDirectory="56cb73ab-3e23-46e7-92d0-e5f5b74e1018" />
    <UnitTestResult executionId="90387d5d-3256-4847-aa34-40d2261807a8" testId="8879b9b8-0100-f390-31c6-fdcbdf8a4f83" testName="FormatToStringTest1000(10965.74607995746d,&quot;10965.75 zł&quot;)" computerName="DESKTOP-5URQ9PB" duration="00:00:00.0000200" startTime="2022-06-13T21:12:35.2057393+02:00" endTime="2022-06-13T21:12:35.2057589+02:00" testType="13cdc9d9-ddb5-4fa4-a97d-d965ccfc6d4b" outcome="Passed" testListId="8c84fa94-04c1-424b-9868-57a2d4851a1d" relativeResultsDirectory="90387d5d-3256-4847-aa34-40d2261807a8" />
    <UnitTestResult executionId="9669abd9-f345-4bb2-a0ff-dc442b3cf896" testId="5f61ffa8-be4c-5cf6-d406-18781222cb59" testName="FormatToStringTest1000(7975.276658828965d,&quot;7975.28 zł&quot;)" computerName="DESKTOP-5URQ9PB" duration="00:00:00.0000250" startTime="2022-06-13T21:12:35.2156775+02:00" endTime="2022-06-13T21:12:35.2157020+02:00" testType="13cdc9d9-ddb5-4fa4-a97d-d965ccfc6d4b" outcome="Passed" testListId="8c84fa94-04c1-424b-9868-57a2d4851a1d" relativeResultsDirectory="9669abd9-f345-4bb2-a0ff-dc442b3cf896" />
    <UnitTestResult executionId="1002dd78-65cd-4e5d-927b-38f27e23d94d" testId="7280bcd5-2dc4-a3f6-24fd-df56e5b00deb" testName="FormatToStringTest1000(22592.465903659566d,&quot;22592.47 zł&quot;)" computerName="DESKTOP-5URQ9PB" duration="00:00:00.0000190" startTime="2022-06-13T21:12:35.2068540+02:00" endTime="2022-06-13T21:12:35.2068728+02:00" testType="13cdc9d9-ddb5-4fa4-a97d-d965ccfc6d4b" outcome="Passed" testListId="8c84fa94-04c1-424b-9868-57a2d4851a1d" relativeResultsDirectory="1002dd78-65cd-4e5d-927b-38f27e23d94d" />
    <UnitTestResult executionId="1bf89b3f-0138-4e70-a09a-58870dd585a2" testId="a1148d07-bacb-7b60-5bda-bc014fb00c20" testName="FormatToStringTest1000(66541.05112730109d,&quot;66541.05 zł&quot;)" computerName="DESKTOP-5URQ9PB" duration="00:00:00.0000230" startTime="2022-06-13T21:12:35.2276711+02:00" endTime="2022-06-13T21:12:35.2276937+02:00" testType="13cdc9d9-ddb5-4fa4-a97d-d965ccfc6d4b" outcome="Passed" testListId="8c84fa94-04c1-424b-9868-57a2d4851a1d" relativeResultsDirectory="1bf89b3f-0138-4e70-a09a-58870dd585a2" />
    <UnitTestResult executionId="d57dfff2-fad0-43c9-bba5-dbeb0b666652" testId="3d8d8c47-dc22-599d-26af-f64601981b29" testName="FormatToStringTest1000(27751.474436297303d,&quot;27751.47 zł&quot;)" computerName="DESKTOP-5URQ9PB" duration="00:00:00.0000190" startTime="2022-06-13T21:12:35.2209821+02:00" endTime="2022-06-13T21:12:35.2210011+02:00" testType="13cdc9d9-ddb5-4fa4-a97d-d965ccfc6d4b" outcome="Passed" testListId="8c84fa94-04c1-424b-9868-57a2d4851a1d" relativeResultsDirectory="d57dfff2-fad0-43c9-bba5-dbeb0b666652" />
    <UnitTestResult executionId="e8beb19a-34fe-4b45-b7f6-aad124e7641b" testId="35113593-4524-9172-cef8-1a1f5c1dfb29" testName="FormatToStringTest1000(134.1514758393874d,&quot;134.15 zł&quot;)" computerName="DESKTOP-5URQ9PB" duration="00:00:00.0000190" startTime="2022-06-13T21:12:35.2199221+02:00" endTime="2022-06-13T21:12:35.2199403+02:00" testType="13cdc9d9-ddb5-4fa4-a97d-d965ccfc6d4b" outcome="Passed" testListId="8c84fa94-04c1-424b-9868-57a2d4851a1d" relativeResultsDirectory="e8beb19a-34fe-4b45-b7f6-aad124e7641b" />
    <UnitTestResult executionId="d9c00cb7-4cdf-453d-aba0-f944723d5c15" testId="a461dd4d-6d71-3e10-f8bf-9d15ad34f5c8" testName="FormatToStringTest1000(36978.61073549213d,&quot;36978.61 zł&quot;)" computerName="DESKTOP-5URQ9PB" duration="00:00:00.0000290" startTime="2022-06-13T21:12:35.2218934+02:00" endTime="2022-06-13T21:12:35.2219221+02:00" testType="13cdc9d9-ddb5-4fa4-a97d-d965ccfc6d4b" outcome="Passed" testListId="8c84fa94-04c1-424b-9868-57a2d4851a1d" relativeResultsDirectory="d9c00cb7-4cdf-453d-aba0-f944723d5c15" />
    <UnitTestResult executionId="e77b664a-b3bf-474c-8fa1-a8ca51a50f4b" testId="837c6681-7a11-fda1-e2c1-66903c24de53" testName="FormatToStringTest1000(11989.099505855282d,&quot;11989.10 zł&quot;)" computerName="DESKTOP-5URQ9PB" duration="00:00:00.0000190" startTime="2022-06-13T21:12:35.2275961+02:00" endTime="2022-06-13T21:12:35.2276148+02:00" testType="13cdc9d9-ddb5-4fa4-a97d-d965ccfc6d4b" outcome="Passed" testListId="8c84fa94-04c1-424b-9868-57a2d4851a1d" relativeResultsDirectory="e77b664a-b3bf-474c-8fa1-a8ca51a50f4b" />
    <UnitTestResult executionId="66169b6e-c9e3-4221-a225-db31aeabb453" testId="13d2b3bb-af6c-2786-7b3d-1db93b9fedf2" testName="FormatToStringTest1000(8514.837538072763d,&quot;8514.84 zł&quot;)" computerName="DESKTOP-5URQ9PB" duration="00:00:00.0000190" startTime="2022-06-13T21:12:35.2274220+02:00" endTime="2022-06-13T21:12:35.2274412+02:00" testType="13cdc9d9-ddb5-4fa4-a97d-d965ccfc6d4b" outcome="Passed" testListId="8c84fa94-04c1-424b-9868-57a2d4851a1d" relativeResultsDirectory="66169b6e-c9e3-4221-a225-db31aeabb453" />
    <UnitTestResult executionId="e5386d6c-1973-4694-b5f9-d6ec456a9c80" testId="53f90dbe-f7ad-b0e7-04ef-fba16a107a6f" testName="FormatToStringTest1000(31163.834562352316d,&quot;31163.83 zł&quot;)" computerName="DESKTOP-5URQ9PB" duration="00:00:00.0000250" startTime="2022-06-13T21:12:35.2219680+02:00" endTime="2022-06-13T21:12:35.2219932+02:00" testType="13cdc9d9-ddb5-4fa4-a97d-d965ccfc6d4b" outcome="Passed" testListId="8c84fa94-04c1-424b-9868-57a2d4851a1d" relativeResultsDirectory="e5386d6c-1973-4694-b5f9-d6ec456a9c80" />
    <UnitTestResult executionId="f926f731-3ed0-4928-ae30-eecfd0e33249" testId="e8132b4a-b72b-7d8e-d5ad-2056ee804391" testName="FormatToStringTest1000(10066.059180456241d,&quot;10066.06 zł&quot;)" computerName="DESKTOP-5URQ9PB" duration="00:00:00.0000190" startTime="2022-06-13T21:12:35.2243133+02:00" endTime="2022-06-13T21:12:35.2243318+02:00" testType="13cdc9d9-ddb5-4fa4-a97d-d965ccfc6d4b" outcome="Passed" testListId="8c84fa94-04c1-424b-9868-57a2d4851a1d" relativeResultsDirectory="f926f731-3ed0-4928-ae30-eecfd0e33249" />
    <UnitTestResult executionId="48b54e10-f258-4b1e-a10b-1052602b5473" testId="451dabd5-e4bb-ea9d-054e-87b0f58becfa" testName="FormatToStringTest1000(66053.95451852398d,&quot;66053.95 zł&quot;)" computerName="DESKTOP-5URQ9PB" duration="00:00:00.0000220" startTime="2022-06-13T21:12:35.2143021+02:00" endTime="2022-06-13T21:12:35.2143238+02:00" testType="13cdc9d9-ddb5-4fa4-a97d-d965ccfc6d4b" outcome="Passed" testListId="8c84fa94-04c1-424b-9868-57a2d4851a1d" relativeResultsDirectory="48b54e10-f258-4b1e-a10b-1052602b5473" />
    <UnitTestResult executionId="672138ad-2741-4c2b-b5d6-37acfce8760c" testId="07033e2b-ce19-3c9a-f51d-d9b702d310a1" testName="FormatToStringTest1000(21281.64584727662d,&quot;21281.65 zł&quot;)" computerName="DESKTOP-5URQ9PB" duration="00:00:00.0000200" startTime="2022-06-13T21:12:35.2082293+02:00" endTime="2022-06-13T21:12:35.2082487+02:00" testType="13cdc9d9-ddb5-4fa4-a97d-d965ccfc6d4b" outcome="Passed" testListId="8c84fa94-04c1-424b-9868-57a2d4851a1d" relativeResultsDirectory="672138ad-2741-4c2b-b5d6-37acfce8760c" />
    <UnitTestResult executionId="032cfe6f-616d-4d0c-b83f-3dc6936a133c" testId="38306153-a308-b729-5fc5-ac18787be15f" testName="FormatToStringTest1000(17579.823312525088d,&quot;17579.82 zł&quot;)" computerName="DESKTOP-5URQ9PB" duration="00:00:00.0000190" startTime="2022-06-13T21:12:35.2199714+02:00" endTime="2022-06-13T21:12:35.2199900+02:00" testType="13cdc9d9-ddb5-4fa4-a97d-d965ccfc6d4b" outcome="Passed" testListId="8c84fa94-04c1-424b-9868-57a2d4851a1d" relativeResultsDirectory="032cfe6f-616d-4d0c-b83f-3dc6936a133c" />
    <UnitTestResult executionId="605be833-1946-4485-b03d-ae866e64ae31" testId="d5f63a3d-0bec-c5aa-6fdf-b4d0492c062a" testName="FormatToStringTest1000(11022.594234092438d,&quot;11022.59 zł&quot;)" computerName="DESKTOP-5URQ9PB" duration="00:00:00.0000200" startTime="2022-06-13T21:12:35.2115939+02:00" endTime="2022-06-13T21:12:35.2116135+02:00" testType="13cdc9d9-ddb5-4fa4-a97d-d965ccfc6d4b" outcome="Passed" testListId="8c84fa94-04c1-424b-9868-57a2d4851a1d" relativeResultsDirectory="605be833-1946-4485-b03d-ae866e64ae31" />
    <UnitTestResult executionId="a100384f-8323-4482-ad50-28436b571d6e" testId="0fa0c864-c433-31dc-ea26-995fbf849a90" testName="FormatToStringTest1000(236.20263638589657d,&quot;236.20 zł&quot;)" computerName="DESKTOP-5URQ9PB" duration="00:00:00.0000190" startTime="2022-06-13T21:12:35.2185848+02:00" endTime="2022-06-13T21:12:35.2186033+02:00" testType="13cdc9d9-ddb5-4fa4-a97d-d965ccfc6d4b" outcome="Passed" testListId="8c84fa94-04c1-424b-9868-57a2d4851a1d" relativeResultsDirectory="a100384f-8323-4482-ad50-28436b571d6e" />
    <UnitTestResult executionId="8ba8a330-5932-4108-9f75-f104c76a8167" testId="0667d290-5479-f00f-a7a0-ba550069f4d6" testName="FormatToStringTest1000(64124.274503948756d,&quot;64124.27 zł&quot;)" computerName="DESKTOP-5URQ9PB" duration="00:00:00.0000190" startTime="2022-06-13T21:12:35.2110966+02:00" endTime="2022-06-13T21:12:35.2111155+02:00" testType="13cdc9d9-ddb5-4fa4-a97d-d965ccfc6d4b" outcome="Passed" testListId="8c84fa94-04c1-424b-9868-57a2d4851a1d" relativeResultsDirectory="8ba8a330-5932-4108-9f75-f104c76a8167" />
    <UnitTestResult executionId="2d35524d-bcd2-4f37-aa2c-56191380ed97" testId="8537861e-52bb-f63c-38f8-3f1d41ff88e5" testName="FormatToStringTest1000(10534.184353995222d,&quot;10534.18 zł&quot;)" computerName="DESKTOP-5URQ9PB" duration="00:00:00.0000190" startTime="2022-06-13T21:12:35.2053786+02:00" endTime="2022-06-13T21:12:35.2053977+02:00" testType="13cdc9d9-ddb5-4fa4-a97d-d965ccfc6d4b" outcome="Passed" testListId="8c84fa94-04c1-424b-9868-57a2d4851a1d" relativeResultsDirectory="2d35524d-bcd2-4f37-aa2c-56191380ed97" />
    <UnitTestResult executionId="5cfb82fe-270a-44e6-8219-ff69e06865bd" testId="149b451f-18ff-71da-64d2-d4ad70318933" testName="FormatToStringTest1000(28080.92507087669d,&quot;28080.93 zł&quot;)" computerName="DESKTOP-5URQ9PB" duration="00:00:00.0000200" startTime="2022-06-13T21:12:35.2253475+02:00" endTime="2022-06-13T21:12:35.2253677+02:00" testType="13cdc9d9-ddb5-4fa4-a97d-d965ccfc6d4b" outcome="Passed" testListId="8c84fa94-04c1-424b-9868-57a2d4851a1d" relativeResultsDirectory="5cfb82fe-270a-44e6-8219-ff69e06865bd" />
    <UnitTestResult executionId="902e2666-8e89-4642-a028-8c5e515b243b" testId="4191e320-5572-4ed4-213f-949531d6a246" testName="FormatToStringTest1000(20237.28532723723d,&quot;20237.29 zł&quot;)" computerName="DESKTOP-5URQ9PB" duration="00:00:00.0000200" startTime="2022-06-13T21:12:35.2144616+02:00" endTime="2022-06-13T21:12:35.2144815+02:00" testType="13cdc9d9-ddb5-4fa4-a97d-d965ccfc6d4b" outcome="Passed" testListId="8c84fa94-04c1-424b-9868-57a2d4851a1d" relativeResultsDirectory="902e2666-8e89-4642-a028-8c5e515b243b" />
    <UnitTestResult executionId="177190f8-bd94-4e88-8a47-d17a57d81ea5" testId="03e5974c-7aa0-7aa6-bbeb-a5715ea0d1d7" testName="FormatToStringTest1000(13541.45472935096d,&quot;13541.45 zł&quot;)" computerName="DESKTOP-5URQ9PB" duration="00:00:00.0000190" startTime="2022-06-13T21:12:35.2187913+02:00" endTime="2022-06-13T21:12:35.2188100+02:00" testType="13cdc9d9-ddb5-4fa4-a97d-d965ccfc6d4b" outcome="Passed" testListId="8c84fa94-04c1-424b-9868-57a2d4851a1d" relativeResultsDirectory="177190f8-bd94-4e88-8a47-d17a57d81ea5" />
    <UnitTestResult executionId="0f99a77b-5af9-4618-b86f-ed096a2cbc77" testId="0bb6c333-e41f-4877-c81e-d24ff9ead53d" testName="FormatToStringTest1000(60299.23738666309d,&quot;60299.24 zł&quot;)" computerName="DESKTOP-5URQ9PB" duration="00:00:00.0000200" startTime="2022-06-13T21:12:35.2150108+02:00" endTime="2022-06-13T21:12:35.2150303+02:00" testType="13cdc9d9-ddb5-4fa4-a97d-d965ccfc6d4b" outcome="Passed" testListId="8c84fa94-04c1-424b-9868-57a2d4851a1d" relativeResultsDirectory="0f99a77b-5af9-4618-b86f-ed096a2cbc77" />
    <UnitTestResult executionId="36091528-c3bf-4176-9a72-386ba8bbf279" testId="e2ca2857-33e4-4daa-d2e9-09d09dfdba1f" testName="FormatToStringTest1000(18023.78504577455d,&quot;18023.79 zł&quot;)" computerName="DESKTOP-5URQ9PB" duration="00:00:00.0000190" startTime="2022-06-13T21:12:35.2086021+02:00" endTime="2022-06-13T21:12:35.2086204+02:00" testType="13cdc9d9-ddb5-4fa4-a97d-d965ccfc6d4b" outcome="Passed" testListId="8c84fa94-04c1-424b-9868-57a2d4851a1d" relativeResultsDirectory="36091528-c3bf-4176-9a72-386ba8bbf279" />
    <UnitTestResult executionId="dbf74b50-5de8-41a0-8fb6-4fffb35ce80e" testId="f2705aac-0fab-25bd-44fc-31cfea9f5c9a" testName="FormatToStringTest1000(79388.929555234d,&quot;79388.93 zł&quot;)" computerName="DESKTOP-5URQ9PB" duration="00:00:00.0000190" startTime="2022-06-13T21:12:35.2232683+02:00" endTime="2022-06-13T21:12:35.2232867+02:00" testType="13cdc9d9-ddb5-4fa4-a97d-d965ccfc6d4b" outcome="Passed" testListId="8c84fa94-04c1-424b-9868-57a2d4851a1d" relativeResultsDirectory="dbf74b50-5de8-41a0-8fb6-4fffb35ce80e" />
    <UnitTestResult executionId="15349d15-d50b-445b-ad58-0b6380dbd1da" testId="e7e966d4-e5d2-6514-5e34-60687297029b" testName="FormatToStringTest1000(22189.78731674132d,&quot;22189.79 zł&quot;)" computerName="DESKTOP-5URQ9PB" duration="00:00:00.0000190" startTime="2022-06-13T21:12:35.2165663+02:00" endTime="2022-06-13T21:12:35.2165855+02:00" testType="13cdc9d9-ddb5-4fa4-a97d-d965ccfc6d4b" outcome="Passed" testListId="8c84fa94-04c1-424b-9868-57a2d4851a1d" relativeResultsDirectory="15349d15-d50b-445b-ad58-0b6380dbd1da" />
    <UnitTestResult executionId="01833f5c-c438-44cf-ab4c-c7f11573ccf4" testId="4f19bfe4-12a5-e7df-9799-ba1ffdd56260" testName="FormatToStringTest1000(54678.59301593089d,&quot;54678.59 zł&quot;)" computerName="DESKTOP-5URQ9PB" duration="00:00:00.0000190" startTime="2022-06-13T21:12:35.2213129+02:00" endTime="2022-06-13T21:12:35.2213314+02:00" testType="13cdc9d9-ddb5-4fa4-a97d-d965ccfc6d4b" outcome="Passed" testListId="8c84fa94-04c1-424b-9868-57a2d4851a1d" relativeResultsDirectory="01833f5c-c438-44cf-ab4c-c7f11573ccf4" />
    <UnitTestResult executionId="b471d779-8ab1-406e-812e-27c5f3467f4d" testId="209edf4d-3b12-5a43-fec0-fca0d1a4ea6d" testName="FormatToStringTest1000(30383.303633991305d,&quot;30383.30 zł&quot;)" computerName="DESKTOP-5URQ9PB" duration="00:00:00.0000190" startTime="2022-06-13T21:12:35.2255479+02:00" endTime="2022-06-13T21:12:35.2255664+02:00" testType="13cdc9d9-ddb5-4fa4-a97d-d965ccfc6d4b" outcome="Passed" testListId="8c84fa94-04c1-424b-9868-57a2d4851a1d" relativeResultsDirectory="b471d779-8ab1-406e-812e-27c5f3467f4d" />
    <UnitTestResult executionId="09231078-103f-4948-b0eb-a54549994717" testId="83a97307-8552-7789-5b14-74a21c8cbcd2" testName="FormatToStringTest1000(45455.14554704127d,&quot;45455.15 zł&quot;)" computerName="DESKTOP-5URQ9PB" duration="00:00:00.0000190" startTime="2022-06-13T21:12:35.2124333+02:00" endTime="2022-06-13T21:12:35.2124522+02:00" testType="13cdc9d9-ddb5-4fa4-a97d-d965ccfc6d4b" outcome="Passed" testListId="8c84fa94-04c1-424b-9868-57a2d4851a1d" relativeResultsDirectory="09231078-103f-4948-b0eb-a54549994717" />
    <UnitTestResult executionId="c98b62b6-f163-4203-9f92-1ac37ee5f9c9" testId="b8d38453-fb40-0cfb-4e20-39c788746328" testName="FormatToStringTest1000(52888.48934243642d,&quot;52888.49 zł&quot;)" computerName="DESKTOP-5URQ9PB" duration="00:00:00.0000190" startTime="2022-06-13T21:12:35.2137401+02:00" endTime="2022-06-13T21:12:35.2137587+02:00" testType="13cdc9d9-ddb5-4fa4-a97d-d965ccfc6d4b" outcome="Passed" testListId="8c84fa94-04c1-424b-9868-57a2d4851a1d" relativeResultsDirectory="c98b62b6-f163-4203-9f92-1ac37ee5f9c9" />
    <UnitTestResult executionId="e583c585-1936-456d-9656-efc21d89e6e3" testId="f454394e-283b-6832-24e4-e862ec140984" testName="FormatToStringTest1000(15624.452361264477d,&quot;15624.45 zł&quot;)" computerName="DESKTOP-5URQ9PB" duration="00:00:00.0000200" startTime="2022-06-13T21:12:35.2154231+02:00" endTime="2022-06-13T21:12:35.2154426+02:00" testType="13cdc9d9-ddb5-4fa4-a97d-d965ccfc6d4b" outcome="Passed" testListId="8c84fa94-04c1-424b-9868-57a2d4851a1d" relativeResultsDirectory="e583c585-1936-456d-9656-efc21d89e6e3" />
    <UnitTestResult executionId="c9a75f0a-5417-47ff-b957-81fbd59dd674" testId="333aaef5-a204-ff89-a246-bb5035b09f90" testName="FormatToStringTest1000(8013.1229931903645d,&quot;8013.12 zł&quot;)" computerName="DESKTOP-5URQ9PB" duration="00:00:00.0000180" startTime="2022-06-13T21:12:35.2246112+02:00" endTime="2022-06-13T21:12:35.2246293+02:00" testType="13cdc9d9-ddb5-4fa4-a97d-d965ccfc6d4b" outcome="Passed" testListId="8c84fa94-04c1-424b-9868-57a2d4851a1d" relativeResultsDirectory="c9a75f0a-5417-47ff-b957-81fbd59dd674" />
    <UnitTestResult executionId="5c6fbe39-ea3d-4bcb-aa2a-75f7d06a2928" testId="369d8b6d-6b5f-c2d1-d938-37474ed850e0" testName="FormatToStringTest1000(32632.105531036905d,&quot;32632.11 zł&quot;)" computerName="DESKTOP-5URQ9PB" duration="00:00:00.0000190" startTime="2022-06-13T21:12:35.2027263+02:00" endTime="2022-06-13T21:12:35.2027454+02:00" testType="13cdc9d9-ddb5-4fa4-a97d-d965ccfc6d4b" outcome="Passed" testListId="8c84fa94-04c1-424b-9868-57a2d4851a1d" relativeResultsDirectory="5c6fbe39-ea3d-4bcb-aa2a-75f7d06a2928" />
    <UnitTestResult executionId="21adb88c-f279-4811-8b57-51ce3ce50ff9" testId="184b236a-96f5-5ef7-81e9-55fd01a96b10" testName="FormatToStringTest1000(5855.75080885354d,&quot;5855.75 zł&quot;)" computerName="DESKTOP-5URQ9PB" duration="00:00:00.0000190" startTime="2022-06-13T21:12:35.2206505+02:00" endTime="2022-06-13T21:12:35.2206690+02:00" testType="13cdc9d9-ddb5-4fa4-a97d-d965ccfc6d4b" outcome="Passed" testListId="8c84fa94-04c1-424b-9868-57a2d4851a1d" relativeResultsDirectory="21adb88c-f279-4811-8b57-51ce3ce50ff9" />
    <UnitTestResult executionId="f52085f6-3f51-4bbe-bbc3-ff4d1b9aadc4" testId="4936d87a-883b-6212-fe10-ba7602a69db8" testName="FormatToStringTest1000(26885.71162707904d,&quot;26885.71 zł&quot;)" computerName="DESKTOP-5URQ9PB" duration="00:00:00.0000190" startTime="2022-06-13T21:12:35.2053265+02:00" endTime="2022-06-13T21:12:35.2053449+02:00" testType="13cdc9d9-ddb5-4fa4-a97d-d965ccfc6d4b" outcome="Passed" testListId="8c84fa94-04c1-424b-9868-57a2d4851a1d" relativeResultsDirectory="f52085f6-3f51-4bbe-bbc3-ff4d1b9aadc4" />
    <UnitTestResult executionId="0af44eff-10a7-40e1-acfc-147b3443604e" testId="036a6ec9-ae68-934b-9f02-a81dae974d18" testName="FormatToStringTest1000(1664.7834932994022d,&quot;1664.78 zł&quot;)" computerName="DESKTOP-5URQ9PB" duration="00:00:00.0000190" startTime="2022-06-13T21:12:35.2273975+02:00" endTime="2022-06-13T21:12:35.2274158+02:00" testType="13cdc9d9-ddb5-4fa4-a97d-d965ccfc6d4b" outcome="Passed" testListId="8c84fa94-04c1-424b-9868-57a2d4851a1d" relativeResultsDirectory="0af44eff-10a7-40e1-acfc-147b3443604e" />
    <UnitTestResult executionId="8146dd4f-89b3-4491-9f3b-ab84b9a441e4" testId="f33cb892-3679-fe31-40d8-b78f43a0c80f" testName="FormatToStringTest1000(4554.73912809777d,&quot;4554.74 zł&quot;)" computerName="DESKTOP-5URQ9PB" duration="00:00:00.0000190" startTime="2022-06-13T21:12:35.2171164+02:00" endTime="2022-06-13T21:12:35.2171351+02:00" testType="13cdc9d9-ddb5-4fa4-a97d-d965ccfc6d4b" outcome="Passed" testListId="8c84fa94-04c1-424b-9868-57a2d4851a1d" relativeResultsDirectory="8146dd4f-89b3-4491-9f3b-ab84b9a441e4" />
    <UnitTestResult executionId="8b198379-a2ed-40de-a6b8-013060a55959" testId="a488094a-b6b5-d178-8919-9dcf3be59209" testName="FormatToStringTest1000(4857.211933034105d,&quot;4857.21 zł&quot;)" computerName="DESKTOP-5URQ9PB" duration="00:00:00.0000190" startTime="2022-06-13T21:12:35.2273466+02:00" endTime="2022-06-13T21:12:35.2273651+02:00" testType="13cdc9d9-ddb5-4fa4-a97d-d965ccfc6d4b" outcome="Passed" testListId="8c84fa94-04c1-424b-9868-57a2d4851a1d" relativeResultsDirectory="8b198379-a2ed-40de-a6b8-013060a55959" />
    <UnitTestResult executionId="000a469c-a90b-41ba-a0cf-a894928f3180" testId="a6927394-4cdf-6861-5383-48d3191f12fe" testName="FormatToStringTest1000(11958.422287871792d,&quot;11958.42 zł&quot;)" computerName="DESKTOP-5URQ9PB" duration="00:00:00.0000190" startTime="2022-06-13T21:12:35.2122300+02:00" endTime="2022-06-13T21:12:35.2122488+02:00" testType="13cdc9d9-ddb5-4fa4-a97d-d965ccfc6d4b" outcome="Passed" testListId="8c84fa94-04c1-424b-9868-57a2d4851a1d" relativeResultsDirectory="000a469c-a90b-41ba-a0cf-a894928f3180" />
    <UnitTestResult executionId="4d56dad4-5e75-431c-879c-447d451bbc6e" testId="70fae426-3482-001e-3d7c-925da7888589" testName="FormatToStringTest1000(21693.340115174808d,&quot;21693.34 zł&quot;)" computerName="DESKTOP-5URQ9PB" duration="00:00:00.0000190" startTime="2022-06-13T21:12:35.2153218+02:00" endTime="2022-06-13T21:12:35.2153408+02:00" testType="13cdc9d9-ddb5-4fa4-a97d-d965ccfc6d4b" outcome="Passed" testListId="8c84fa94-04c1-424b-9868-57a2d4851a1d" relativeResultsDirectory="4d56dad4-5e75-431c-879c-447d451bbc6e" />
    <UnitTestResult executionId="6d40bc21-84e8-4b30-8426-4e9c6af9efe4" testId="862cc562-9bfe-8861-cf4e-b4582450cbaa" testName="FormatToStringTest1000(5628.028273674672d,&quot;5628.03 zł&quot;)" computerName="DESKTOP-5URQ9PB" duration="00:00:00.0000210" startTime="2022-06-13T21:12:35.2025641+02:00" endTime="2022-06-13T21:12:35.2025850+02:00" testType="13cdc9d9-ddb5-4fa4-a97d-d965ccfc6d4b" outcome="Passed" testListId="8c84fa94-04c1-424b-9868-57a2d4851a1d" relativeResultsDirectory="6d40bc21-84e8-4b30-8426-4e9c6af9efe4" />
    <UnitTestResult executionId="b5759218-33c3-4cf0-af2c-9f40226031db" testId="c74c54e8-6590-d76d-eaee-baa60a589aef" testName="FormatToStringTest1000(15509.637406484986d,&quot;15509.64 zł&quot;)" computerName="DESKTOP-5URQ9PB" duration="00:00:00.0000190" startTime="2022-06-13T21:12:35.2059917+02:00" endTime="2022-06-13T21:12:35.2060105+02:00" testType="13cdc9d9-ddb5-4fa4-a97d-d965ccfc6d4b" outcome="Passed" testListId="8c84fa94-04c1-424b-9868-57a2d4851a1d" relativeResultsDirectory="b5759218-33c3-4cf0-af2c-9f40226031db" />
    <UnitTestResult executionId="ad006386-24f0-4684-95fd-5c6d769b9560" testId="d53ebf9d-a1b0-7eb1-4b91-4ab174a99cc7" testName="FormatToStringTest1000(35.34471716840971d,&quot;35.34 zł&quot;)" computerName="DESKTOP-5URQ9PB" duration="00:00:00.0000190" startTime="2022-06-13T21:12:35.2191950+02:00" endTime="2022-06-13T21:12:35.2192134+02:00" testType="13cdc9d9-ddb5-4fa4-a97d-d965ccfc6d4b" outcome="Passed" testListId="8c84fa94-04c1-424b-9868-57a2d4851a1d" relativeResultsDirectory="ad006386-24f0-4684-95fd-5c6d769b9560" />
    <UnitTestResult executionId="34118856-a4fb-48f4-be82-1bc342fabe71" testId="f96ea468-2b60-097d-c220-3c5f104473af" testName="FormatToStringTest1000(13574.683315038068d,&quot;13574.68 zł&quot;)" computerName="DESKTOP-5URQ9PB" duration="00:00:00.0000190" startTime="2022-06-13T21:12:35.2076254+02:00" endTime="2022-06-13T21:12:35.2076439+02:00" testType="13cdc9d9-ddb5-4fa4-a97d-d965ccfc6d4b" outcome="Passed" testListId="8c84fa94-04c1-424b-9868-57a2d4851a1d" relativeResultsDirectory="34118856-a4fb-48f4-be82-1bc342fabe71" />
    <UnitTestResult executionId="b0119f00-9ac9-4492-9e88-9176c9674bc7" testId="0204302a-a6b4-6e62-a63e-362dc9379d6c" testName="FormatToStringTest1000(50009.23881716898d,&quot;50009.24 zł&quot;)" computerName="DESKTOP-5URQ9PB" duration="00:00:00.0000190" startTime="2022-06-13T21:12:35.2165917+02:00" endTime="2022-06-13T21:12:35.2166104+02:00" testType="13cdc9d9-ddb5-4fa4-a97d-d965ccfc6d4b" outcome="Passed" testListId="8c84fa94-04c1-424b-9868-57a2d4851a1d" relativeResultsDirectory="b0119f00-9ac9-4492-9e88-9176c9674bc7" />
    <UnitTestResult executionId="50fe4131-e37e-42e1-b663-985968f42a54" testId="2035ba59-2ee2-badb-15b9-a8ffa8fcf57c" testName="FormatToStringTest1000(36893.66238331593d,&quot;36893.66 zł&quot;)" computerName="DESKTOP-5URQ9PB" duration="00:00:00.0000180" startTime="2022-06-13T21:12:35.2228880+02:00" endTime="2022-06-13T21:12:35.2229063+02:00" testType="13cdc9d9-ddb5-4fa4-a97d-d965ccfc6d4b" outcome="Passed" testListId="8c84fa94-04c1-424b-9868-57a2d4851a1d" relativeResultsDirectory="50fe4131-e37e-42e1-b663-985968f42a54" />
    <UnitTestResult executionId="dede7f32-59cb-45c4-b8e5-ba829ac02e87" testId="a9bdfcdb-7bc0-3167-07a5-dafa13fc5389" testName="FormatToStringTest1000(8908.080586221107d,&quot;8908.08 zł&quot;)" computerName="DESKTOP-5URQ9PB" duration="00:00:00.0000190" startTime="2022-06-13T21:12:35.2073522+02:00" endTime="2022-06-13T21:12:35.2073709+02:00" testType="13cdc9d9-ddb5-4fa4-a97d-d965ccfc6d4b" outcome="Passed" testListId="8c84fa94-04c1-424b-9868-57a2d4851a1d" relativeResultsDirectory="dede7f32-59cb-45c4-b8e5-ba829ac02e87" />
    <UnitTestResult executionId="16f4ad32-82c3-48e8-bc70-fd5e7363ba0b" testId="03343bcc-4f24-4c8a-3ccc-51481d1ee303" testName="FormatToStringTest1000(31300.40752580967d,&quot;31300.41 zł&quot;)" computerName="DESKTOP-5URQ9PB" duration="00:00:00.0000200" startTime="2022-06-13T21:12:35.2041617+02:00" endTime="2022-06-13T21:12:35.2041812+02:00" testType="13cdc9d9-ddb5-4fa4-a97d-d965ccfc6d4b" outcome="Passed" testListId="8c84fa94-04c1-424b-9868-57a2d4851a1d" relativeResultsDirectory="16f4ad32-82c3-48e8-bc70-fd5e7363ba0b" />
    <UnitTestResult executionId="063d8c5a-ee75-495e-b36e-61e889a610ce" testId="419ecc87-d9c8-28c4-00c0-ef118e7ae268" testName="FormatToStringTest1000(24729.333280806586d,&quot;24729.33 zł&quot;)" computerName="DESKTOP-5URQ9PB" duration="00:00:00.0000190" startTime="2022-06-13T21:12:35.2178279+02:00" endTime="2022-06-13T21:12:35.2178464+02:00" testType="13cdc9d9-ddb5-4fa4-a97d-d965ccfc6d4b" outcome="Passed" testListId="8c84fa94-04c1-424b-9868-57a2d4851a1d" relativeResultsDirectory="063d8c5a-ee75-495e-b36e-61e889a610ce" />
    <UnitTestResult executionId="e26d555f-aaa5-452a-be8d-0e535b79c2f4" testId="f0585ec3-ae76-b5af-6830-899496ff1fd9" testName="FormatToStringTest1000(2121.0917325211185d,&quot;2121.09 zł&quot;)" computerName="DESKTOP-5URQ9PB" duration="00:00:00.0000180" startTime="2022-06-13T21:12:35.2175218+02:00" endTime="2022-06-13T21:12:35.2175400+02:00" testType="13cdc9d9-ddb5-4fa4-a97d-d965ccfc6d4b" outcome="Passed" testListId="8c84fa94-04c1-424b-9868-57a2d4851a1d" relativeResultsDirectory="e26d555f-aaa5-452a-be8d-0e535b79c2f4" />
    <UnitTestResult executionId="e124ebaf-63d1-41c8-bfc5-55c885a3fd4f" testId="5d8a1a0c-8ac0-09f0-e7c5-3249de62e9a9" testName="FormatToStringTest1000(23649.104642116046d,&quot;23649.10 zł&quot;)" computerName="DESKTOP-5URQ9PB" duration="00:00:00.0000190" startTime="2022-06-13T21:12:35.2131136+02:00" endTime="2022-06-13T21:12:35.2131318+02:00" testType="13cdc9d9-ddb5-4fa4-a97d-d965ccfc6d4b" outcome="Passed" testListId="8c84fa94-04c1-424b-9868-57a2d4851a1d" relativeResultsDirectory="e124ebaf-63d1-41c8-bfc5-55c885a3fd4f" />
    <UnitTestResult executionId="37f17d24-3987-4333-af9b-3d548b9d970f" testId="f4854fd4-587a-5d07-271a-654c42d2751c" testName="FormatToStringTest1000(22248.263319677797d,&quot;22248.26 zł&quot;)" computerName="DESKTOP-5URQ9PB" duration="00:00:00.0000200" startTime="2022-06-13T21:12:35.2139931+02:00" endTime="2022-06-13T21:12:35.2140128+02:00" testType="13cdc9d9-ddb5-4fa4-a97d-d965ccfc6d4b" outcome="Passed" testListId="8c84fa94-04c1-424b-9868-57a2d4851a1d" relativeResultsDirectory="37f17d24-3987-4333-af9b-3d548b9d970f" />
    <UnitTestResult executionId="262b6be7-674b-46b2-a6a5-f0b49c08b357" testId="859e7823-e1a7-1174-301f-2aa38167af9b" testName="FormatToStringTest1000(74851.91547305691d,&quot;74851.92 zł&quot;)" computerName="DESKTOP-5URQ9PB" duration="00:00:00.0000270" startTime="2022-06-13T21:12:35.2248670+02:00" endTime="2022-06-13T21:12:35.2248939+02:00" testType="13cdc9d9-ddb5-4fa4-a97d-d965ccfc6d4b" outcome="Passed" testListId="8c84fa94-04c1-424b-9868-57a2d4851a1d" relativeResultsDirectory="262b6be7-674b-46b2-a6a5-f0b49c08b357" />
    <UnitTestResult executionId="9eeeddad-9f9f-4d22-8780-8481dd70b416" testId="ef53e72d-a746-f7fd-4dfa-41ab2ce4fb60" testName="FormatToStringTest1000(15190.097283723344d,&quot;15190.10 zł&quot;)" computerName="DESKTOP-5URQ9PB" duration="00:00:00.0000190" startTime="2022-06-13T21:12:35.2241884+02:00" endTime="2022-06-13T21:12:35.2242074+02:00" testType="13cdc9d9-ddb5-4fa4-a97d-d965ccfc6d4b" outcome="Passed" testListId="8c84fa94-04c1-424b-9868-57a2d4851a1d" relativeResultsDirectory="9eeeddad-9f9f-4d22-8780-8481dd70b416" />
    <UnitTestResult executionId="de7a580c-a077-43c9-aa7b-d7d83f967522" testId="d1d03651-a1e2-f6be-a8df-45190d2d89f8" testName="FormatToStringTest1000(16427.591943671738d,&quot;16427.59 zł&quot;)" computerName="DESKTOP-5URQ9PB" duration="00:00:00.0000200" startTime="2022-06-13T21:12:35.2146992+02:00" endTime="2022-06-13T21:12:35.2147191+02:00" testType="13cdc9d9-ddb5-4fa4-a97d-d965ccfc6d4b" outcome="Passed" testListId="8c84fa94-04c1-424b-9868-57a2d4851a1d" relativeResultsDirectory="de7a580c-a077-43c9-aa7b-d7d83f967522" />
    <UnitTestResult executionId="ebde33d7-3cdd-447a-a261-ba662d19ab3a" testId="52456efe-2b4c-e54c-a102-5bc9bc1cc7f8" testName="FormatToStringTest1000(73372.53853826903d,&quot;73372.54 zł&quot;)" computerName="DESKTOP-5URQ9PB" duration="00:00:00.0000190" startTime="2022-06-13T21:12:35.2090834+02:00" endTime="2022-06-13T21:12:35.2091023+02:00" testType="13cdc9d9-ddb5-4fa4-a97d-d965ccfc6d4b" outcome="Passed" testListId="8c84fa94-04c1-424b-9868-57a2d4851a1d" relativeResultsDirectory="ebde33d7-3cdd-447a-a261-ba662d19ab3a" />
    <UnitTestResult executionId="d6e50dd0-cee8-4df6-9fd4-5dbf6a7f1b09" testId="71a2762b-d8da-32e7-80e0-7c170fef2ac7" testName="FormatToStringTest1000(54724.71040318008d,&quot;54724.71 zł&quot;)" computerName="DESKTOP-5URQ9PB" duration="00:00:00.0000190" startTime="2022-06-13T21:12:35.2075511+02:00" endTime="2022-06-13T21:12:35.2075701+02:00" testType="13cdc9d9-ddb5-4fa4-a97d-d965ccfc6d4b" outcome="Passed" testListId="8c84fa94-04c1-424b-9868-57a2d4851a1d" relativeResultsDirectory="d6e50dd0-cee8-4df6-9fd4-5dbf6a7f1b09" />
    <UnitTestResult executionId="51a320aa-4997-4dab-b237-48115fbefa0e" testId="0dc215f9-ced3-1d40-e986-2ebe86240f13" testName="FormatToStringTest1000(44869.327020554025d,&quot;44869.33 zł&quot;)" computerName="DESKTOP-5URQ9PB" duration="00:00:00.0000190" startTime="2022-06-13T21:12:35.2058395+02:00" endTime="2022-06-13T21:12:35.2058583+02:00" testType="13cdc9d9-ddb5-4fa4-a97d-d965ccfc6d4b" outcome="Passed" testListId="8c84fa94-04c1-424b-9868-57a2d4851a1d" relativeResultsDirectory="51a320aa-4997-4dab-b237-48115fbefa0e" />
    <UnitTestResult executionId="a3afce4e-0b09-4614-adfa-0fd0db462798" testId="19f5bc79-d564-bb1a-c016-f7779e568c5d" testName="FormatToStringTest1000(24251.68593564848d,&quot;24251.69 zł&quot;)" computerName="DESKTOP-5URQ9PB" duration="00:00:00.0000190" startTime="2022-06-13T21:12:35.2153983+02:00" endTime="2022-06-13T21:12:35.2154168+02:00" testType="13cdc9d9-ddb5-4fa4-a97d-d965ccfc6d4b" outcome="Passed" testListId="8c84fa94-04c1-424b-9868-57a2d4851a1d" relativeResultsDirectory="a3afce4e-0b09-4614-adfa-0fd0db462798" />
    <UnitTestResult executionId="810b1314-a2ec-4cef-8a24-10324510b236" testId="5196bde9-6c75-174a-8f79-d717861ecd56" testName="FormatToStringTest1000(1687.5965557361937d,&quot;1687.60 zł&quot;)" computerName="DESKTOP-5URQ9PB" duration="00:00:00.0000200" startTime="2022-06-13T21:12:35.2147254+02:00" endTime="2022-06-13T21:12:35.2147453+02:00" testType="13cdc9d9-ddb5-4fa4-a97d-d965ccfc6d4b" outcome="Passed" testListId="8c84fa94-04c1-424b-9868-57a2d4851a1d" relativeResultsDirectory="810b1314-a2ec-4cef-8a24-10324510b236" />
    <UnitTestResult executionId="75fdfb07-b61f-4342-9d31-ee2de1668c4c" testId="41200b0a-b89d-be5b-7447-22f852721d92" testName="FormatToStringTest1000(15396.537902579894d,&quot;15396.54 zł&quot;)" computerName="DESKTOP-5URQ9PB" duration="00:00:00.0000190" startTime="2022-06-13T21:12:35.2194184+02:00" endTime="2022-06-13T21:12:35.2194376+02:00" testType="13cdc9d9-ddb5-4fa4-a97d-d965ccfc6d4b" outcome="Passed" testListId="8c84fa94-04c1-424b-9868-57a2d4851a1d" relativeResultsDirectory="75fdfb07-b61f-4342-9d31-ee2de1668c4c" />
    <UnitTestResult executionId="1bdf40db-969e-4404-a0c0-27c2f335c45b" testId="efc2a789-ae09-4bb7-d172-5f2d0e3cbf23" testName="FormatToStringTest1000(82228.32322510486d,&quot;82228.32 zł&quot;)" computerName="DESKTOP-5URQ9PB" duration="00:00:00.0000190" startTime="2022-06-13T21:12:35.2166167+02:00" endTime="2022-06-13T21:12:35.2166353+02:00" testType="13cdc9d9-ddb5-4fa4-a97d-d965ccfc6d4b" outcome="Passed" testListId="8c84fa94-04c1-424b-9868-57a2d4851a1d" relativeResultsDirectory="1bdf40db-969e-4404-a0c0-27c2f335c45b" />
    <UnitTestResult executionId="a5b83f11-5193-4e02-827e-855f50223c23" testId="600c9577-9456-49fc-a1f1-839a5e62cae7" testName="FormatToStringTest1000(47964.941885361884d,&quot;47964.94 zł&quot;)" computerName="DESKTOP-5URQ9PB" duration="00:00:00.0000200" startTime="2022-06-13T21:12:35.2059654+02:00" endTime="2022-06-13T21:12:35.2059855+02:00" testType="13cdc9d9-ddb5-4fa4-a97d-d965ccfc6d4b" outcome="Passed" testListId="8c84fa94-04c1-424b-9868-57a2d4851a1d" relativeResultsDirectory="a5b83f11-5193-4e02-827e-855f50223c23" />
    <UnitTestResult executionId="9961b701-766a-4846-aabe-d46219463e7f" testId="ea6215af-9f7a-dfd2-1e42-d16863c438d5" testName="FormatToStringTest1000(7377.5644264340235d,&quot;7377.56 zł&quot;)" computerName="DESKTOP-5URQ9PB" duration="00:00:00.0000190" startTime="2022-06-13T21:12:35.2248409+02:00" endTime="2022-06-13T21:12:35.2248593+02:00" testType="13cdc9d9-ddb5-4fa4-a97d-d965ccfc6d4b" outcome="Passed" testListId="8c84fa94-04c1-424b-9868-57a2d4851a1d" relativeResultsDirectory="9961b701-766a-4846-aabe-d46219463e7f" />
    <UnitTestResult executionId="5a112557-374b-4242-8df5-6830aaec3712" testId="dbb1fa1a-a5ee-99ca-9749-48d31eb98113" testName="FormatToStringTest1000(25720.27551496321d,&quot;25720.28 zł&quot;)" computerName="DESKTOP-5URQ9PB" duration="00:00:00.0000200" startTime="2022-06-13T21:12:35.2086529+02:00" endTime="2022-06-13T21:12:35.2086723+02:00" testType="13cdc9d9-ddb5-4fa4-a97d-d965ccfc6d4b" outcome="Passed" testListId="8c84fa94-04c1-424b-9868-57a2d4851a1d" relativeResultsDirectory="5a112557-374b-4242-8df5-6830aaec3712" />
    <UnitTestResult executionId="315eb4ef-887e-415c-be15-e7b09fe68958" testId="004cf38c-62a9-5d39-4e66-385c7c495389" testName="FormatToStringTest1000(20068.867046961965d,&quot;20068.87 zł&quot;)" computerName="DESKTOP-5URQ9PB" duration="00:00:00.0000190" startTime="2022-06-13T21:12:35.2193694+02:00" endTime="2022-06-13T21:12:35.2193877+02:00" testType="13cdc9d9-ddb5-4fa4-a97d-d965ccfc6d4b" outcome="Passed" testListId="8c84fa94-04c1-424b-9868-57a2d4851a1d" relativeResultsDirectory="315eb4ef-887e-415c-be15-e7b09fe68958" />
    <UnitTestResult executionId="b06fa335-cb5b-4ff3-8225-ac95a438486e" testId="d45e0a24-dbfe-46a9-68b0-8da0a6094838" testName="FormatToStringTest1000(20321.03715103913d,&quot;20321.04 zł&quot;)" computerName="DESKTOP-5URQ9PB" duration="00:00:00.0000190" startTime="2022-06-13T21:12:35.2117576+02:00" endTime="2022-06-13T21:12:35.2117766+02:00" testType="13cdc9d9-ddb5-4fa4-a97d-d965ccfc6d4b" outcome="Passed" testListId="8c84fa94-04c1-424b-9868-57a2d4851a1d" relativeResultsDirectory="b06fa335-cb5b-4ff3-8225-ac95a438486e" />
    <UnitTestResult executionId="98f0bbf3-87a8-4dcf-9129-f083d397117f" testId="fde9a5ec-e687-8abc-b728-b7fb0bfbd8d4" testName="FormatToStringTest1000(78796.90433980194d,&quot;78796.90 zł&quot;)" computerName="DESKTOP-5URQ9PB" duration="00:00:00.0000200" startTime="2022-06-13T21:12:35.2070784+02:00" endTime="2022-06-13T21:12:35.2070977+02:00" testType="13cdc9d9-ddb5-4fa4-a97d-d965ccfc6d4b" outcome="Passed" testListId="8c84fa94-04c1-424b-9868-57a2d4851a1d" relativeResultsDirectory="98f0bbf3-87a8-4dcf-9129-f083d397117f" />
    <UnitTestResult executionId="1c837c76-7a9a-4143-9be5-99503f035078" testId="7d45d5f5-3a25-9a87-e687-4dc975c05da1" testName="FormatToStringTest1000(41873.517751020154d,&quot;41873.52 zł&quot;)" computerName="DESKTOP-5URQ9PB" duration="00:00:00.0000190" startTime="2022-06-13T21:12:35.2319211+02:00" endTime="2022-06-13T21:12:35.2319400+02:00" testType="13cdc9d9-ddb5-4fa4-a97d-d965ccfc6d4b" outcome="Passed" testListId="8c84fa94-04c1-424b-9868-57a2d4851a1d" relativeResultsDirectory="1c837c76-7a9a-4143-9be5-99503f035078" />
    <UnitTestResult executionId="8c1bb19b-ce91-4d5c-8f28-306ad23e4563" testId="32b6919d-1fc0-c669-26d4-2a969f5a55fe" testName="FormatToStringTest1000(14198.39903067723d,&quot;14198.40 zł&quot;)" computerName="DESKTOP-5URQ9PB" duration="00:00:00.0000230" startTime="2022-06-13T21:12:35.2266631+02:00" endTime="2022-06-13T21:12:35.2266862+02:00" testType="13cdc9d9-ddb5-4fa4-a97d-d965ccfc6d4b" outcome="Passed" testListId="8c84fa94-04c1-424b-9868-57a2d4851a1d" relativeResultsDirectory="8c1bb19b-ce91-4d5c-8f28-306ad23e4563" />
    <UnitTestResult executionId="417361f0-4001-4a72-9db4-dda350fe6b65" testId="7c3bd97a-a125-9200-b1f2-a28a2e7a05fe" testName="FormatToStringTest1000(56802.303118930344d,&quot;56802.30 zł&quot;)" computerName="DESKTOP-5URQ9PB" duration="00:00:00.0000200" startTime="2022-06-13T21:12:35.2182071+02:00" endTime="2022-06-13T21:12:35.2182266+02:00" testType="13cdc9d9-ddb5-4fa4-a97d-d965ccfc6d4b" outcome="Passed" testListId="8c84fa94-04c1-424b-9868-57a2d4851a1d" relativeResultsDirectory="417361f0-4001-4a72-9db4-dda350fe6b65" />
    <UnitTestResult executionId="acc342b6-5443-4994-bd7d-553f80232e5f" testId="58932f19-d7b6-d69f-2dae-d6e75aa0e55e" testName="FormatToStringTest1000(12949.590713378317d,&quot;12949.59 zł&quot;)" computerName="DESKTOP-5URQ9PB" duration="00:00:00.0000190" startTime="2022-06-13T21:12:35.2028031+02:00" endTime="2022-06-13T21:12:35.2028220+02:00" testType="13cdc9d9-ddb5-4fa4-a97d-d965ccfc6d4b" outcome="Passed" testListId="8c84fa94-04c1-424b-9868-57a2d4851a1d" relativeResultsDirectory="acc342b6-5443-4994-bd7d-553f80232e5f" />
    <UnitTestResult executionId="c0257187-9050-434c-ba1c-d2174a239912" testId="b8e35215-9c02-c225-ebde-5cb2a4f46f94" testName="FormatToStringTest1000(4025.728369236797d,&quot;4025.73 zł&quot;)" computerName="DESKTOP-5URQ9PB" duration="00:00:00.0000190" startTime="2022-06-13T21:12:35.2130142+02:00" endTime="2022-06-13T21:12:35.2130327+02:00" testType="13cdc9d9-ddb5-4fa4-a97d-d965ccfc6d4b" outcome="Passed" testListId="8c84fa94-04c1-424b-9868-57a2d4851a1d" relativeResultsDirectory="c0257187-9050-434c-ba1c-d2174a239912" />
    <UnitTestResult executionId="262531ff-9417-4104-9986-69dfdd673406" testId="097d9f12-a8b0-74cc-8829-12842d451447" testName="FormatToStringTest1000(59247.898931587064d,&quot;59247.90 zł&quot;)" computerName="DESKTOP-5URQ9PB" duration="00:00:00.0000200" startTime="2022-06-13T21:12:35.2179537+02:00" endTime="2022-06-13T21:12:35.2179733+02:00" testType="13cdc9d9-ddb5-4fa4-a97d-d965ccfc6d4b" outcome="Passed" testListId="8c84fa94-04c1-424b-9868-57a2d4851a1d" relativeResultsDirectory="262531ff-9417-4104-9986-69dfdd673406" />
    <UnitTestResult executionId="ff23f891-5afc-4a14-90d1-4ee8daf1a7fa" testId="d97cfe1a-5414-3b7f-eeae-c71aa9b34634" testName="FormatToStringTest1000(26515.80237687929d,&quot;26515.80 zł&quot;)" computerName="DESKTOP-5URQ9PB" duration="00:00:00.0000210" startTime="2022-06-13T21:12:35.2028831+02:00" endTime="2022-06-13T21:12:35.2029033+02:00" testType="13cdc9d9-ddb5-4fa4-a97d-d965ccfc6d4b" outcome="Passed" testListId="8c84fa94-04c1-424b-9868-57a2d4851a1d" relativeResultsDirectory="ff23f891-5afc-4a14-90d1-4ee8daf1a7fa" />
    <UnitTestResult executionId="76df6e13-f8d3-4a81-b05b-a789001c6d5a" testId="619c3bdd-52f6-f473-bd0e-a552a532adf7" testName="FormatToStringTest1000(41915.7945284563d,&quot;41915.79 zł&quot;)" computerName="DESKTOP-5URQ9PB" duration="00:00:00.0000190" startTime="2022-06-13T21:12:35.2215425+02:00" endTime="2022-06-13T21:12:35.2215608+02:00" testType="13cdc9d9-ddb5-4fa4-a97d-d965ccfc6d4b" outcome="Passed" testListId="8c84fa94-04c1-424b-9868-57a2d4851a1d" relativeResultsDirectory="76df6e13-f8d3-4a81-b05b-a789001c6d5a" />
    <UnitTestResult executionId="4032d446-0f12-436c-9da9-fa112794d6a1" testId="91b3bd83-c5b8-4706-180f-6fac0dae10f8" testName="FormatToStringTest1000(25135.10315489727d,&quot;25135.10 zł&quot;)" computerName="DESKTOP-5URQ9PB" duration="00:00:00.0000190" startTime="2022-06-13T21:12:35.2214910+02:00" endTime="2022-06-13T21:12:35.2215098+02:00" testType="13cdc9d9-ddb5-4fa4-a97d-d965ccfc6d4b" outcome="Passed" testListId="8c84fa94-04c1-424b-9868-57a2d4851a1d" relativeResultsDirectory="4032d446-0f12-436c-9da9-fa112794d6a1" />
    <UnitTestResult executionId="8a462dc6-8cb0-489b-bc64-ada559336097" testId="58d53652-da34-09db-a06d-1fae2bb18f28" testName="FormatToStringTest1000(33970.38965150639d,&quot;33970.39 zł&quot;)" computerName="DESKTOP-5URQ9PB" duration="00:00:00.0000190" startTime="2022-06-13T21:12:35.2222793+02:00" endTime="2022-06-13T21:12:35.2222977+02:00" testType="13cdc9d9-ddb5-4fa4-a97d-d965ccfc6d4b" outcome="Passed" testListId="8c84fa94-04c1-424b-9868-57a2d4851a1d" relativeResultsDirectory="8a462dc6-8cb0-489b-bc64-ada559336097" />
    <UnitTestResult executionId="c6a0d37e-10ae-4e7d-88f0-3283be9cb5ab" testId="2be600d2-247c-9e20-d84c-921afba648ed" testName="FormatToStringTest1000(36651.05802063414d,&quot;36651.06 zł&quot;)" computerName="DESKTOP-5URQ9PB" duration="00:00:00.0000190" startTime="2022-06-13T21:12:35.2051256+02:00" endTime="2022-06-13T21:12:35.2051443+02:00" testType="13cdc9d9-ddb5-4fa4-a97d-d965ccfc6d4b" outcome="Passed" testListId="8c84fa94-04c1-424b-9868-57a2d4851a1d" relativeResultsDirectory="c6a0d37e-10ae-4e7d-88f0-3283be9cb5ab" />
    <UnitTestResult executionId="503e7654-3e23-484e-b7a8-629238d134f0" testId="90524d2a-adb4-bd7e-769a-526d502faf2e" testName="FormatToStringTest1000(47672.66266041652d,&quot;47672.66 zł&quot;)" computerName="DESKTOP-5URQ9PB" duration="00:00:00.0000190" startTime="2022-06-13T21:12:35.2270195+02:00" endTime="2022-06-13T21:12:35.2270381+02:00" testType="13cdc9d9-ddb5-4fa4-a97d-d965ccfc6d4b" outcome="Passed" testListId="8c84fa94-04c1-424b-9868-57a2d4851a1d" relativeResultsDirectory="503e7654-3e23-484e-b7a8-629238d134f0" />
    <UnitTestResult executionId="772d6844-6373-47c6-856d-c304b6a80b5e" testId="62970bd3-0fb8-814d-a0a1-ab9e8aeaae79" testName="FormatToStringTest1000(28068.20530246394d,&quot;28068.21 zł&quot;)" computerName="DESKTOP-5URQ9PB" duration="00:00:00.0000190" startTime="2022-06-13T21:12:35.2134113+02:00" endTime="2022-06-13T21:12:35.2134296+02:00" testType="13cdc9d9-ddb5-4fa4-a97d-d965ccfc6d4b" outcome="Passed" testListId="8c84fa94-04c1-424b-9868-57a2d4851a1d" relativeResultsDirectory="772d6844-6373-47c6-856d-c304b6a80b5e" />
    <UnitTestResult executionId="3c023b45-c6c5-449f-8b01-4bdb27a0c19d" testId="4e103de3-4b59-b5f0-90dd-0864019a3e44" testName="FormatToStringTest1000(47163.337736466594d,&quot;47163.34 zł&quot;)" computerName="DESKTOP-5URQ9PB" duration="00:00:00.0000200" startTime="2022-06-13T21:12:35.2261440+02:00" endTime="2022-06-13T21:12:35.2261641+02:00" testType="13cdc9d9-ddb5-4fa4-a97d-d965ccfc6d4b" outcome="Passed" testListId="8c84fa94-04c1-424b-9868-57a2d4851a1d" relativeResultsDirectory="3c023b45-c6c5-449f-8b01-4bdb27a0c19d" />
    <UnitTestResult executionId="154f6e03-5077-476d-a0de-66749d64726a" testId="fecd618d-f97f-f547-1637-5166bd092d76" testName="FormatToStringTest1000(1613.6903705837626d,&quot;1613.69 zł&quot;)" computerName="DESKTOP-5URQ9PB" duration="00:00:00.0000190" startTime="2022-06-13T21:12:35.2151382+02:00" endTime="2022-06-13T21:12:35.2151569+02:00" testType="13cdc9d9-ddb5-4fa4-a97d-d965ccfc6d4b" outcome="Passed" testListId="8c84fa94-04c1-424b-9868-57a2d4851a1d" relativeResultsDirectory="154f6e03-5077-476d-a0de-66749d64726a" />
    <UnitTestResult executionId="7c536458-3b0d-4616-b318-7c6691a6df6f" testId="a1315833-0fe6-4fc5-8939-3c4f1b31db5e" testName="FormatToStringTest1000(26223.99769144412d,&quot;26224.00 zł&quot;)" computerName="DESKTOP-5URQ9PB" duration="00:00:00.0000190" startTime="2022-06-13T21:12:35.2059401+02:00" endTime="2022-06-13T21:12:35.2059592+02:00" testType="13cdc9d9-ddb5-4fa4-a97d-d965ccfc6d4b" outcome="Passed" testListId="8c84fa94-04c1-424b-9868-57a2d4851a1d" relativeResultsDirectory="7c536458-3b0d-4616-b318-7c6691a6df6f" />
    <UnitTestResult executionId="e417cd1b-509c-478f-8123-7acc618d94d7" testId="07f796cc-f35b-a2f3-f99a-0213c6c6aa02" testName="FormatToStringTest1000(1860.3356292016504d,&quot;1860.34 zł&quot;)" computerName="DESKTOP-5URQ9PB" duration="00:00:00.0000190" startTime="2022-06-13T21:12:35.2150367+02:00" endTime="2022-06-13T21:12:35.2150552+02:00" testType="13cdc9d9-ddb5-4fa4-a97d-d965ccfc6d4b" outcome="Passed" testListId="8c84fa94-04c1-424b-9868-57a2d4851a1d" relativeResultsDirectory="e417cd1b-509c-478f-8123-7acc618d94d7" />
    <UnitTestResult executionId="9f1cf019-f75f-4bd6-8587-da96e1000283" testId="67cd7cf5-f472-f19a-a725-58400de88452" testName="FormatToStringTest1000(1994.0983933439006d,&quot;1994.10 zł&quot;)" computerName="DESKTOP-5URQ9PB" duration="00:00:00.0000200" startTime="2022-06-13T21:12:35.2262834+02:00" endTime="2022-06-13T21:12:35.2263028+02:00" testType="13cdc9d9-ddb5-4fa4-a97d-d965ccfc6d4b" outcome="Passed" testListId="8c84fa94-04c1-424b-9868-57a2d4851a1d" relativeResultsDirectory="9f1cf019-f75f-4bd6-8587-da96e1000283" />
    <UnitTestResult executionId="e49c027a-77d4-45fd-8009-3a2b5cb80df8" testId="910d4b99-463d-e8f2-2603-a8f7093fc7cf" testName="FormatToStringTest1000(4592.278577496428d,&quot;4592.28 zł&quot;)" computerName="DESKTOP-5URQ9PB" duration="00:00:00.0000190" startTime="2022-06-13T21:12:35.2216175+02:00" endTime="2022-06-13T21:12:35.2216364+02:00" testType="13cdc9d9-ddb5-4fa4-a97d-d965ccfc6d4b" outcome="Passed" testListId="8c84fa94-04c1-424b-9868-57a2d4851a1d" relativeResultsDirectory="e49c027a-77d4-45fd-8009-3a2b5cb80df8" />
    <UnitTestResult executionId="46fa6ca3-5a23-4c7f-9177-2f9d2453145b" testId="acc05f4a-9abc-39e3-e875-400f69bcea41" testName="FormatToStringTest1000(88584.97010041306d,&quot;88584.97 zł&quot;)" computerName="DESKTOP-5URQ9PB" duration="00:00:00.0000190" startTime="2022-06-13T21:12:35.2128901+02:00" endTime="2022-06-13T21:12:35.2129088+02:00" testType="13cdc9d9-ddb5-4fa4-a97d-d965ccfc6d4b" outcome="Passed" testListId="8c84fa94-04c1-424b-9868-57a2d4851a1d" relativeResultsDirectory="46fa6ca3-5a23-4c7f-9177-2f9d2453145b" />
    <UnitTestResult executionId="50d6ee7f-2562-4162-ae19-0755c48f1378" testId="fe527e8d-5e3e-18c1-ed37-cc075512021b" testName="FormatToStringTest1000(26858.35647848731d,&quot;26858.36 zł&quot;)" computerName="DESKTOP-5URQ9PB" duration="00:00:00.0000200" startTime="2022-06-13T21:12:35.2188161+02:00" endTime="2022-06-13T21:12:35.2188356+02:00" testType="13cdc9d9-ddb5-4fa4-a97d-d965ccfc6d4b" outcome="Passed" testListId="8c84fa94-04c1-424b-9868-57a2d4851a1d" relativeResultsDirectory="50d6ee7f-2562-4162-ae19-0755c48f1378" />
    <UnitTestResult executionId="4f6610a0-cb3c-43aa-8018-6822f41fe070" testId="39997ae6-4a52-e491-d8ae-8d3f689efcd5" testName="FormatToStringTest1000(30126.012320622805d,&quot;30126.01 zł&quot;)" computerName="DESKTOP-5URQ9PB" duration="00:00:00.0000190" startTime="2022-06-13T21:12:35.2057649+02:00" endTime="2022-06-13T21:12:35.2057832+02:00" testType="13cdc9d9-ddb5-4fa4-a97d-d965ccfc6d4b" outcome="Passed" testListId="8c84fa94-04c1-424b-9868-57a2d4851a1d" relativeResultsDirectory="4f6610a0-cb3c-43aa-8018-6822f41fe070" />
    <UnitTestResult executionId="77fde189-a051-45d0-b9b1-df6578fd2a5f" testId="d9e9b57c-4387-840e-e497-cce329a0c03e" testName="FormatToStringTest1000(39146.635743126564d,&quot;39146.64 zł&quot;)" computerName="DESKTOP-5URQ9PB" duration="00:00:00.0000190" startTime="2022-06-13T21:12:35.2061688+02:00" endTime="2022-06-13T21:12:35.2061878+02:00" testType="13cdc9d9-ddb5-4fa4-a97d-d965ccfc6d4b" outcome="Passed" testListId="8c84fa94-04c1-424b-9868-57a2d4851a1d" relativeResultsDirectory="77fde189-a051-45d0-b9b1-df6578fd2a5f" />
    <UnitTestResult executionId="cd7b633b-b9b5-4aff-aa4f-d3a5b7339287" testId="35e23acf-2036-4d69-e77b-27d58a55d61b" testName="FormatToStringTest1000(10457.593086045978d,&quot;10457.59 zł&quot;)" computerName="DESKTOP-5URQ9PB" duration="00:00:00.0000190" startTime="2022-06-13T21:12:35.2149595+02:00" endTime="2022-06-13T21:12:35.2149783+02:00" testType="13cdc9d9-ddb5-4fa4-a97d-d965ccfc6d4b" outcome="Passed" testListId="8c84fa94-04c1-424b-9868-57a2d4851a1d" relativeResultsDirectory="cd7b633b-b9b5-4aff-aa4f-d3a5b7339287" />
    <UnitTestResult executionId="b9670629-5165-45e3-90c9-5dfd1ac67ecf" testId="f7b6c5f3-1f58-e9ae-14c8-31eb58d1211b" testName="FormatToStringTest1000(97129.75160633575d,&quot;97129.75 zł&quot;)" computerName="DESKTOP-5URQ9PB" duration="00:00:00.0000190" startTime="2022-06-13T21:12:35.2102473+02:00" endTime="2022-06-13T21:12:35.2102657+02:00" testType="13cdc9d9-ddb5-4fa4-a97d-d965ccfc6d4b" outcome="Passed" testListId="8c84fa94-04c1-424b-9868-57a2d4851a1d" relativeResultsDirectory="b9670629-5165-45e3-90c9-5dfd1ac67ecf" />
    <UnitTestResult executionId="3561d769-de70-455c-bbbf-997fc49550f4" testId="f7f48920-cf43-fd74-5fcd-5b275d41553a" testName="FormatToStringTest1000(69864.17463991146d,&quot;69864.17 zł&quot;)" computerName="DESKTOP-5URQ9PB" duration="00:00:00.0000190" startTime="2022-06-13T21:12:35.2047450+02:00" endTime="2022-06-13T21:12:35.2047641+02:00" testType="13cdc9d9-ddb5-4fa4-a97d-d965ccfc6d4b" outcome="Passed" testListId="8c84fa94-04c1-424b-9868-57a2d4851a1d" relativeResultsDirectory="3561d769-de70-455c-bbbf-997fc49550f4" />
    <UnitTestResult executionId="32c7ce47-757c-4a25-ab8f-755087456df9" testId="d39d28ad-b64c-afa2-9212-cb9bbbf192c4" testName="FormatToStringTest1000(5611.05334835176d,&quot;5611.05 zł&quot;)" computerName="DESKTOP-5URQ9PB" duration="00:00:00.0000190" startTime="2022-06-13T21:12:35.2136091+02:00" endTime="2022-06-13T21:12:35.2136275+02:00" testType="13cdc9d9-ddb5-4fa4-a97d-d965ccfc6d4b" outcome="Passed" testListId="8c84fa94-04c1-424b-9868-57a2d4851a1d" relativeResultsDirectory="32c7ce47-757c-4a25-ab8f-755087456df9" />
    <UnitTestResult executionId="300ee1b6-737a-4c1e-8cd0-1c20249fd808" testId="4195877a-ded9-22b8-62f7-465d0dab0554" testName="FormatToStringTest1000(26843.15785584932d,&quot;26843.16 zł&quot;)" computerName="DESKTOP-5URQ9PB" duration="00:00:00.0000190" startTime="2022-06-13T21:12:35.2278772+02:00" endTime="2022-06-13T21:12:35.2278958+02:00" testType="13cdc9d9-ddb5-4fa4-a97d-d965ccfc6d4b" outcome="Passed" testListId="8c84fa94-04c1-424b-9868-57a2d4851a1d" relativeResultsDirectory="300ee1b6-737a-4c1e-8cd0-1c20249fd808" />
    <UnitTestResult executionId="446e0c03-dc85-4325-b69d-1cdb1db56b47" testId="dc6fc325-7591-5ff6-3e13-ef3b13583bb4" testName="FormatToStringTest1000(54304.07738935393d,&quot;54304.08 zł&quot;)" computerName="DESKTOP-5URQ9PB" duration="00:00:00.0000200" startTime="2022-06-13T21:12:35.2277003+02:00" endTime="2022-06-13T21:12:35.2277197+02:00" testType="13cdc9d9-ddb5-4fa4-a97d-d965ccfc6d4b" outcome="Passed" testListId="8c84fa94-04c1-424b-9868-57a2d4851a1d" relativeResultsDirectory="446e0c03-dc85-4325-b69d-1cdb1db56b47" />
    <UnitTestResult executionId="0933bbd5-6b4d-422c-93ae-d08926bda99d" testId="9bb26f6e-1e2c-da60-973e-eeca518679d1" testName="FormatToStringTest1000(27050.586848031067d,&quot;27050.59 zł&quot;)" computerName="DESKTOP-5URQ9PB" duration="00:00:00.0000200" startTime="2022-06-13T21:12:35.2028281+02:00" endTime="2022-06-13T21:12:35.2028480+02:00" testType="13cdc9d9-ddb5-4fa4-a97d-d965ccfc6d4b" outcome="Passed" testListId="8c84fa94-04c1-424b-9868-57a2d4851a1d" relativeResultsDirectory="0933bbd5-6b4d-422c-93ae-d08926bda99d" />
    <UnitTestResult executionId="d4c0914a-974f-4ab4-9db9-5234777e7cd3" testId="4c3c57ae-2e5c-e5eb-314a-7aa532a2bb5e" testName="FormatToStringTest1000(73504.44700518598d,&quot;73504.45 zł&quot;)" computerName="DESKTOP-5URQ9PB" duration="00:00:00.0000180" startTime="2022-06-13T21:12:35.2280521+02:00" endTime="2022-06-13T21:12:35.2280701+02:00" testType="13cdc9d9-ddb5-4fa4-a97d-d965ccfc6d4b" outcome="Passed" testListId="8c84fa94-04c1-424b-9868-57a2d4851a1d" relativeResultsDirectory="d4c0914a-974f-4ab4-9db9-5234777e7cd3" />
    <UnitTestResult executionId="fd06fa68-7099-4152-a6bd-844c5e6acf58" testId="662f9f8e-b212-7223-452e-c301bb4c0b8d" testName="FormatToStringTest1000(3588.260979617136d,&quot;3588.26 zł&quot;)" computerName="DESKTOP-5URQ9PB" duration="00:00:00.0000190" startTime="2022-06-13T21:12:35.2239125+02:00" endTime="2022-06-13T21:12:35.2239309+02:00" testType="13cdc9d9-ddb5-4fa4-a97d-d965ccfc6d4b" outcome="Passed" testListId="8c84fa94-04c1-424b-9868-57a2d4851a1d" relativeResultsDirectory="fd06fa68-7099-4152-a6bd-844c5e6acf58" />
    <UnitTestResult executionId="0bf93cc3-d3a5-4e60-b14a-3e2e7ee88f52" testId="274e5ca5-6e22-8c94-c538-bc2ca6c5742f" testName="FormatToStringTest1000(19210.519530370144d,&quot;19210.52 zł&quot;)" computerName="DESKTOP-5URQ9PB" duration="00:00:00.0000190" startTime="2022-06-13T21:12:35.2179285+02:00" endTime="2022-06-13T21:12:35.2179476+02:00" testType="13cdc9d9-ddb5-4fa4-a97d-d965ccfc6d4b" outcome="Passed" testListId="8c84fa94-04c1-424b-9868-57a2d4851a1d" relativeResultsDirectory="0bf93cc3-d3a5-4e60-b14a-3e2e7ee88f52" />
    <UnitTestResult executionId="50630098-f1cf-4bf9-a48c-6704117eed84" testId="eda712ea-15dc-6cac-535c-79a64a40aa02" testName="FormatToStringTest1000(6676.5680544784145d,&quot;6676.57 zł&quot;)" computerName="DESKTOP-5URQ9PB" duration="00:00:00.0000190" startTime="2022-06-13T21:12:35.2279782+02:00" endTime="2022-06-13T21:12:35.2279965+02:00" testType="13cdc9d9-ddb5-4fa4-a97d-d965ccfc6d4b" outcome="Passed" testListId="8c84fa94-04c1-424b-9868-57a2d4851a1d" relativeResultsDirectory="50630098-f1cf-4bf9-a48c-6704117eed84" />
    <UnitTestResult executionId="20f53937-0022-4537-9fa8-1704b2f23934" testId="f2ce681e-8a28-41b9-4a1e-04b76b54add8" testName="FormatToStringTest1000(1799.2562459103092d,&quot;1799.26 zł&quot;)" computerName="DESKTOP-5URQ9PB" duration="00:00:00.0000210" startTime="2022-06-13T21:12:35.2143567+02:00" endTime="2022-06-13T21:12:35.2143775+02:00" testType="13cdc9d9-ddb5-4fa4-a97d-d965ccfc6d4b" outcome="Passed" testListId="8c84fa94-04c1-424b-9868-57a2d4851a1d" relativeResultsDirectory="20f53937-0022-4537-9fa8-1704b2f23934" />
    <UnitTestResult executionId="1222542c-094b-4bf5-bc0e-411982bd9e86" testId="ed2b1e2d-f079-ec9f-030f-6c4deaa52702" testName="FormatToStringTest1000(19462.729986486367d,&quot;19462.73 zł&quot;)" computerName="DESKTOP-5URQ9PB" duration="00:00:00.0000190" startTime="2022-06-13T21:12:35.2197724+02:00" endTime="2022-06-13T21:12:35.2197917+02:00" testType="13cdc9d9-ddb5-4fa4-a97d-d965ccfc6d4b" outcome="Passed" testListId="8c84fa94-04c1-424b-9868-57a2d4851a1d" relativeResultsDirectory="1222542c-094b-4bf5-bc0e-411982bd9e86" />
    <UnitTestResult executionId="b2409fe0-52d2-4928-b9e6-69eb7d3da143" testId="b7b5c3d9-6be3-63ed-4bf9-77972c7bde14" testName="FormatToStringTest1000(1745.490603896552d,&quot;1745.49 zł&quot;)" computerName="DESKTOP-5URQ9PB" duration="00:00:00.0000190" startTime="2022-06-13T21:12:35.2078072+02:00" endTime="2022-06-13T21:12:35.2078258+02:00" testType="13cdc9d9-ddb5-4fa4-a97d-d965ccfc6d4b" outcome="Passed" testListId="8c84fa94-04c1-424b-9868-57a2d4851a1d" relativeResultsDirectory="b2409fe0-52d2-4928-b9e6-69eb7d3da143" />
    <UnitTestResult executionId="adfec6e7-835d-4f40-9ea1-5ef1f313ca4a" testId="c1b72bec-54e9-d72c-529e-b6b9932bdb7f" testName="FormatToStringTest1000(30360.993128030557d,&quot;30360.99 zł&quot;)" computerName="DESKTOP-5URQ9PB" duration="00:00:00.0000190" startTime="2022-06-13T21:12:35.2278020+02:00" endTime="2022-06-13T21:12:35.2278204+02:00" testType="13cdc9d9-ddb5-4fa4-a97d-d965ccfc6d4b" outcome="Passed" testListId="8c84fa94-04c1-424b-9868-57a2d4851a1d" relativeResultsDirectory="adfec6e7-835d-4f40-9ea1-5ef1f313ca4a" />
    <UnitTestResult executionId="89a2349a-956b-4dc3-b407-99baf3f72a56" testId="46b6b18f-a15f-ce32-4811-dbc67f87e551" testName="FormatToStringTest1000(9634.398811461124d,&quot;9634.40 zł&quot;)" computerName="DESKTOP-5URQ9PB" duration="00:00:00.0000190" startTime="2022-06-13T21:12:35.2228136+02:00" endTime="2022-06-13T21:12:35.2228320+02:00" testType="13cdc9d9-ddb5-4fa4-a97d-d965ccfc6d4b" outcome="Passed" testListId="8c84fa94-04c1-424b-9868-57a2d4851a1d" relativeResultsDirectory="89a2349a-956b-4dc3-b407-99baf3f72a56" />
    <UnitTestResult executionId="5c2db7e4-7cd6-4efe-8ab5-f24c0570a261" testId="20032a0f-2ee3-8893-1563-317bcc5ab61c" testName="FormatToStringTest1000(57181.240528605056d,&quot;57181.24 zł&quot;)" computerName="DESKTOP-5URQ9PB" duration="00:00:00.0000190" startTime="2022-06-13T21:12:35.2103220+02:00" endTime="2022-06-13T21:12:35.2103411+02:00" testType="13cdc9d9-ddb5-4fa4-a97d-d965ccfc6d4b" outcome="Passed" testListId="8c84fa94-04c1-424b-9868-57a2d4851a1d" relativeResultsDirectory="5c2db7e4-7cd6-4efe-8ab5-f24c0570a261" />
    <UnitTestResult executionId="213d569f-9c6a-443e-bc5e-06e1472178c5" testId="c02eb5c0-31bb-eec0-3d85-1a1ef8849db8" testName="FormatToStringTest1000(37954.34384365396d,&quot;37954.34 zł&quot;)" computerName="DESKTOP-5URQ9PB" duration="00:00:00.0000200" startTime="2022-06-13T21:12:35.2233441+02:00" endTime="2022-06-13T21:12:35.2233638+02:00" testType="13cdc9d9-ddb5-4fa4-a97d-d965ccfc6d4b" outcome="Passed" testListId="8c84fa94-04c1-424b-9868-57a2d4851a1d" relativeResultsDirectory="213d569f-9c6a-443e-bc5e-06e1472178c5" />
    <UnitTestResult executionId="fa9c8922-5dff-4222-ba79-967d585b3b12" testId="d685c2c4-f219-af53-1ba4-f062b4ec12ac" testName="FormatToStringTest1000(9657.360676611475d,&quot;9657.36 zł&quot;)" computerName="DESKTOP-5URQ9PB" duration="00:00:00.0000190" startTime="2022-06-13T21:12:35.2135349+02:00" endTime="2022-06-13T21:12:35.2135532+02:00" testType="13cdc9d9-ddb5-4fa4-a97d-d965ccfc6d4b" outcome="Passed" testListId="8c84fa94-04c1-424b-9868-57a2d4851a1d" relativeResultsDirectory="fa9c8922-5dff-4222-ba79-967d585b3b12" />
    <UnitTestResult executionId="136ef362-62ab-4e45-89ec-8e46a64ba43b" testId="0186510a-61e4-d437-2bd3-30738b03ed56" testName="FormatToStringTest1000(7716.571614765363d,&quot;7716.57 zł&quot;)" computerName="DESKTOP-5URQ9PB" duration="00:00:00.0000180" startTime="2022-06-13T21:12:35.2242639+02:00" endTime="2022-06-13T21:12:35.2242819+02:00" testType="13cdc9d9-ddb5-4fa4-a97d-d965ccfc6d4b" outcome="Passed" testListId="8c84fa94-04c1-424b-9868-57a2d4851a1d" relativeResultsDirectory="136ef362-62ab-4e45-89ec-8e46a64ba43b" />
    <UnitTestResult executionId="d33f6140-14a5-4307-8e7f-47211dc28261" testId="f5fd9e95-4d91-8f7f-4648-e5bd7c8cc931" testName="FormatToStringTest1000(4002.4180488374172d,&quot;4002.42 zł&quot;)" computerName="DESKTOP-5URQ9PB" duration="00:00:00.0000180" startTime="2022-06-13T21:12:35.2251469+02:00" endTime="2022-06-13T21:12:35.2251650+02:00" testType="13cdc9d9-ddb5-4fa4-a97d-d965ccfc6d4b" outcome="Passed" testListId="8c84fa94-04c1-424b-9868-57a2d4851a1d" relativeResultsDirectory="d33f6140-14a5-4307-8e7f-47211dc28261" />
    <UnitTestResult executionId="25730ade-6ae3-4403-ab88-ab533625c4d4" testId="605c2bc0-4496-0f02-aeff-a229323c4be4" testName="FormatToStringTest1000(54578.37303904275d,&quot;54578.37 zł&quot;)" computerName="DESKTOP-5URQ9PB" duration="00:00:00.0000200" startTime="2022-06-13T21:12:35.2099197+02:00" endTime="2022-06-13T21:12:35.2099394+02:00" testType="13cdc9d9-ddb5-4fa4-a97d-d965ccfc6d4b" outcome="Passed" testListId="8c84fa94-04c1-424b-9868-57a2d4851a1d" relativeResultsDirectory="25730ade-6ae3-4403-ab88-ab533625c4d4" />
    <UnitTestResult executionId="d75966cb-62f2-4386-bbaf-9722cefff064" testId="e6917a9a-a471-dbed-84cc-6e63cf19f9df" testName="FormatToStringTest1000(28583.827618148098d,&quot;28583.83 zł&quot;)" computerName="DESKTOP-5URQ9PB" duration="00:00:00.0000190" startTime="2022-06-13T21:12:35.2061431+02:00" endTime="2022-06-13T21:12:35.2061619+02:00" testType="13cdc9d9-ddb5-4fa4-a97d-d965ccfc6d4b" outcome="Passed" testListId="8c84fa94-04c1-424b-9868-57a2d4851a1d" relativeResultsDirectory="d75966cb-62f2-4386-bbaf-9722cefff064" />
    <UnitTestResult executionId="9c794b3c-2d33-4ebc-aac0-2a2c6f772969" testId="4981a909-3e1a-e6df-4bdc-c1e8e4928845" testName="FormatToStringTest1000(33601.357302459124d,&quot;33601.36 zł&quot;)" computerName="DESKTOP-5URQ9PB" duration="00:00:00.0000190" startTime="2022-06-13T21:12:35.2263090+02:00" endTime="2022-06-13T21:12:35.2263282+02:00" testType="13cdc9d9-ddb5-4fa4-a97d-d965ccfc6d4b" outcome="Passed" testListId="8c84fa94-04c1-424b-9868-57a2d4851a1d" relativeResultsDirectory="9c794b3c-2d33-4ebc-aac0-2a2c6f772969" />
    <UnitTestResult executionId="f146ab51-ba31-4da6-b1b6-aca17d284a38" testId="97caedcb-d6ae-5556-8168-c745e877090a" testName="FormatToStringTest1000(13478.157112043891d,&quot;13478.16 zł&quot;)" computerName="DESKTOP-5URQ9PB" duration="00:00:00.0000190" startTime="2022-06-13T21:12:35.2169905+02:00" endTime="2022-06-13T21:12:35.2170096+02:00" testType="13cdc9d9-ddb5-4fa4-a97d-d965ccfc6d4b" outcome="Passed" testListId="8c84fa94-04c1-424b-9868-57a2d4851a1d" relativeResultsDirectory="f146ab51-ba31-4da6-b1b6-aca17d284a38" />
    <UnitTestResult executionId="16985bb1-ce28-4c19-9b81-5145896cf3d5" testId="546fc2ea-9df5-50bd-d263-31b0a2faf8aa" testName="FormatToStringTest1000(72905.64834432845d,&quot;72905.65 zł&quot;)" computerName="DESKTOP-5URQ9PB" duration="00:00:00.0000190" startTime="2022-06-13T21:12:35.2213639+02:00" endTime="2022-06-13T21:12:35.2213823+02:00" testType="13cdc9d9-ddb5-4fa4-a97d-d965ccfc6d4b" outcome="Passed" testListId="8c84fa94-04c1-424b-9868-57a2d4851a1d" relativeResultsDirectory="16985bb1-ce28-4c19-9b81-5145896cf3d5" />
    <UnitTestResult executionId="628228e1-64de-4e00-b0a5-d00b6353e439" testId="3c694193-6244-2822-1520-285efe4d3761" testName="FormatToStringTest1000(782.6578288817116d,&quot;782.66 zł&quot;)" computerName="DESKTOP-5URQ9PB" duration="00:00:00.0000190" startTime="2022-06-13T21:12:35.2083783+02:00" endTime="2022-06-13T21:12:35.2083970+02:00" testType="13cdc9d9-ddb5-4fa4-a97d-d965ccfc6d4b" outcome="Passed" testListId="8c84fa94-04c1-424b-9868-57a2d4851a1d" relativeResultsDirectory="628228e1-64de-4e00-b0a5-d00b6353e439" />
    <UnitTestResult executionId="2a165e80-b6ba-42b0-b299-dfa84318430b" testId="e0c95d42-cf00-fbc7-42ac-a320fc125b1e" testName="FormatToStringTest1000(35784.54232617307d,&quot;35784.54 zł&quot;)" computerName="DESKTOP-5URQ9PB" duration="00:00:00.0000190" startTime="2022-06-13T21:12:35.2032970+02:00" endTime="2022-06-13T21:12:35.2033157+02:00" testType="13cdc9d9-ddb5-4fa4-a97d-d965ccfc6d4b" outcome="Passed" testListId="8c84fa94-04c1-424b-9868-57a2d4851a1d" relativeResultsDirectory="2a165e80-b6ba-42b0-b299-dfa84318430b" />
    <UnitTestResult executionId="70e24a3d-b42a-4bfa-9437-69174be7848d" testId="bed158c1-cdea-cb2e-72de-fac3c7fdb2c8" testName="FormatToStringTest1000(14867.726341984107d,&quot;14867.73 zł&quot;)" computerName="DESKTOP-5URQ9PB" duration="00:00:00.0000200" startTime="2022-06-13T21:12:35.2179796+02:00" endTime="2022-06-13T21:12:35.2179994+02:00" testType="13cdc9d9-ddb5-4fa4-a97d-d965ccfc6d4b" outcome="Passed" testListId="8c84fa94-04c1-424b-9868-57a2d4851a1d" relativeResultsDirectory="70e24a3d-b42a-4bfa-9437-69174be7848d" />
    <UnitTestResult executionId="a5bc123d-92c4-410b-b145-54882f3ba0cd" testId="979cd04b-5e93-d632-87b5-a20161444816" testName="FormatToStringTest1000(14035.12972514477d,&quot;14035.13 zł&quot;)" computerName="DESKTOP-5URQ9PB" duration="00:00:00.0000270" startTime="2022-06-13T21:12:35.2067359+02:00" endTime="2022-06-13T21:12:35.2067621+02:00" testType="13cdc9d9-ddb5-4fa4-a97d-d965ccfc6d4b" outcome="Passed" testListId="8c84fa94-04c1-424b-9868-57a2d4851a1d" relativeResultsDirectory="a5bc123d-92c4-410b-b145-54882f3ba0cd" />
    <UnitTestResult executionId="47503e4c-4be8-4148-9a28-cfa3f78ea476" testId="f2281ab7-ffb9-3d10-c3a8-1aa0cd2fcbfc" testName="FormatToStringTest1000(1821.7083499085663d,&quot;1821.71 zł&quot;)" computerName="DESKTOP-5URQ9PB" duration="00:00:00.0000190" startTime="2022-06-13T21:12:35.2236054+02:00" endTime="2022-06-13T21:12:35.2236241+02:00" testType="13cdc9d9-ddb5-4fa4-a97d-d965ccfc6d4b" outcome="Passed" testListId="8c84fa94-04c1-424b-9868-57a2d4851a1d" relativeResultsDirectory="47503e4c-4be8-4148-9a28-cfa3f78ea476" />
    <UnitTestResult executionId="fe501bc1-bff4-4857-8b85-952946c9b0b6" testId="ba2e227c-c79f-6137-d335-88fa098146b3" testName="FormatToStringTest1000(4555.538255205163d,&quot;4555.54 zł&quot;)" computerName="DESKTOP-5URQ9PB" duration="00:00:00.0000190" startTime="2022-06-13T21:12:35.2111971+02:00" endTime="2022-06-13T21:12:35.2112156+02:00" testType="13cdc9d9-ddb5-4fa4-a97d-d965ccfc6d4b" outcome="Passed" testListId="8c84fa94-04c1-424b-9868-57a2d4851a1d" relativeResultsDirectory="fe501bc1-bff4-4857-8b85-952946c9b0b6" />
    <UnitTestResult executionId="2b5fb810-4bed-4a13-8e8f-15d73d177940" testId="11c041e5-c464-6527-9aa5-15185ee7ed3b" testName="FormatToStringTest1000(45340.017357165d,&quot;45340.02 zł&quot;)" computerName="DESKTOP-5URQ9PB" duration="00:00:00.0000190" startTime="2022-06-13T21:12:35.2147516+02:00" endTime="2022-06-13T21:12:35.2147706+02:00" testType="13cdc9d9-ddb5-4fa4-a97d-d965ccfc6d4b" outcome="Passed" testListId="8c84fa94-04c1-424b-9868-57a2d4851a1d" relativeResultsDirectory="2b5fb810-4bed-4a13-8e8f-15d73d177940" />
    <UnitTestResult executionId="89c7c993-0278-4987-8b8c-1b1edbbaabdb" testId="e4cccfe6-fb6d-a0d6-3337-e528b068adae" testName="FormatToStringTest1000(918.1842976688334d,&quot;918.18 zł&quot;)" computerName="DESKTOP-5URQ9PB" duration="00:00:00.0000200" startTime="2022-06-13T21:12:35.2040358+02:00" endTime="2022-06-13T21:12:35.2040551+02:00" testType="13cdc9d9-ddb5-4fa4-a97d-d965ccfc6d4b" outcome="Passed" testListId="8c84fa94-04c1-424b-9868-57a2d4851a1d" relativeResultsDirectory="89c7c993-0278-4987-8b8c-1b1edbbaabdb" />
    <UnitTestResult executionId="eab9f2a3-42d3-4c2f-b0e0-f59d93fadd31" testId="bd91fcf5-5262-be00-7dbb-b8c3fec0f109" testName="FormatToStringTest1000(68507.83928906724d,&quot;68507.84 zł&quot;)" computerName="DESKTOP-5URQ9PB" duration="00:00:00.0000190" startTime="2022-06-13T21:12:35.2245373+02:00" endTime="2022-06-13T21:12:35.2245559+02:00" testType="13cdc9d9-ddb5-4fa4-a97d-d965ccfc6d4b" outcome="Passed" testListId="8c84fa94-04c1-424b-9868-57a2d4851a1d" relativeResultsDirectory="eab9f2a3-42d3-4c2f-b0e0-f59d93fadd31" />
    <UnitTestResult executionId="ec30c578-bb39-4acf-881a-e7b31fb0a578" testId="aa4e492c-9871-e494-8afc-2e1c32042c9f" testName="FormatToStringTest1000(16129.507288814293d,&quot;16129.51 zł&quot;)" computerName="DESKTOP-5URQ9PB" duration="00:00:00.0000190" startTime="2022-06-13T21:12:35.2134355+02:00" endTime="2022-06-13T21:12:35.2134540+02:00" testType="13cdc9d9-ddb5-4fa4-a97d-d965ccfc6d4b" outcome="Passed" testListId="8c84fa94-04c1-424b-9868-57a2d4851a1d" relativeResultsDirectory="ec30c578-bb39-4acf-881a-e7b31fb0a578" />
    <UnitTestResult executionId="b6d02321-6f07-4a75-888d-214b42b11ef8" testId="9c14da41-934e-02e1-653f-9f7dc91a12aa" testName="FormatToStringTest1000(8901.937138443784d,&quot;8901.94 zł&quot;)" computerName="DESKTOP-5URQ9PB" duration="00:00:00.0000190" startTime="2022-06-13T21:12:35.2160120+02:00" endTime="2022-06-13T21:12:35.2160309+02:00" testType="13cdc9d9-ddb5-4fa4-a97d-d965ccfc6d4b" outcome="Passed" testListId="8c84fa94-04c1-424b-9868-57a2d4851a1d" relativeResultsDirectory="b6d02321-6f07-4a75-888d-214b42b11ef8" />
    <UnitTestResult executionId="311dc214-c302-4811-97d2-9aae00c63a99" testId="4df235b9-e889-4809-39c8-ff3e09688830" testName="FormatToStringTest1000(11922.837782177532d,&quot;11922.84 zł&quot;)" computerName="DESKTOP-5URQ9PB" duration="00:00:00.0000190" startTime="2022-06-13T21:12:35.2110712+02:00" endTime="2022-06-13T21:12:35.2110904+02:00" testType="13cdc9d9-ddb5-4fa4-a97d-d965ccfc6d4b" outcome="Passed" testListId="8c84fa94-04c1-424b-9868-57a2d4851a1d" relativeResultsDirectory="311dc214-c302-4811-97d2-9aae00c63a99" />
    <UnitTestResult executionId="01dc618f-1f0f-434d-bed3-b1222d0ad1a5" testId="314b7968-8280-3c06-cc8d-95ee97af36dd" testName="FormatToStringTest1000(1898.24149096489d,&quot;1898.24 zł&quot;)" computerName="DESKTOP-5URQ9PB" duration="00:00:00.0000190" startTime="2022-06-13T21:12:35.2212881+02:00" endTime="2022-06-13T21:12:35.2213069+02:00" testType="13cdc9d9-ddb5-4fa4-a97d-d965ccfc6d4b" outcome="Passed" testListId="8c84fa94-04c1-424b-9868-57a2d4851a1d" relativeResultsDirectory="01dc618f-1f0f-434d-bed3-b1222d0ad1a5" />
    <UnitTestResult executionId="b9c85c44-ccee-46fa-8389-e3e981d7084c" testId="43c3749f-0376-2035-bd94-4df92053dab3" testName="FormatToStringTest1000(18627.604896394354d,&quot;18627.60 zł&quot;)" computerName="DESKTOP-5URQ9PB" duration="00:00:00.0000190" startTime="2022-06-13T21:12:35.2181067+02:00" endTime="2022-06-13T21:12:35.2181258+02:00" testType="13cdc9d9-ddb5-4fa4-a97d-d965ccfc6d4b" outcome="Passed" testListId="8c84fa94-04c1-424b-9868-57a2d4851a1d" relativeResultsDirectory="b9c85c44-ccee-46fa-8389-e3e981d7084c" />
    <UnitTestResult executionId="addc6760-6818-4a28-bf60-97ffb7d64d3a" testId="ec19b07c-d465-faec-475d-a8dee6e4e934" testName="FormatToStringTest1000(19071.681252896637d,&quot;19071.68 zł&quot;)" computerName="DESKTOP-5URQ9PB" duration="00:00:00.0000190" startTime="2022-06-13T21:12:35.2195688+02:00" endTime="2022-06-13T21:12:35.2195872+02:00" testType="13cdc9d9-ddb5-4fa4-a97d-d965ccfc6d4b" outcome="Passed" testListId="8c84fa94-04c1-424b-9868-57a2d4851a1d" relativeResultsDirectory="addc6760-6818-4a28-bf60-97ffb7d64d3a" />
    <UnitTestResult executionId="2323b073-4ef6-4c5e-9b80-7ca2898807e6" testId="faa22825-903a-641b-03f7-ccff8cccfbb2" testName="FormatToStringTest1000(10762.501695533518d,&quot;10762.50 zł&quot;)" computerName="DESKTOP-5URQ9PB" duration="00:00:00.0000180" startTime="2022-06-13T21:12:35.2194437+02:00" endTime="2022-06-13T21:12:35.2194620+02:00" testType="13cdc9d9-ddb5-4fa4-a97d-d965ccfc6d4b" outcome="Passed" testListId="8c84fa94-04c1-424b-9868-57a2d4851a1d" relativeResultsDirectory="2323b073-4ef6-4c5e-9b80-7ca2898807e6" />
    <UnitTestResult executionId="930d32a6-9f78-4225-a62e-fb6fb7291c49" testId="d6353a5c-aebf-48c3-7e68-77f3a0ea8301" testName="FormatToStringTest1000(58902.704109088845d,&quot;58902.70 zł&quot;)" computerName="DESKTOP-5URQ9PB" duration="00:00:00.0000200" startTime="2022-06-13T21:12:35.2251711+02:00" endTime="2022-06-13T21:12:35.2251909+02:00" testType="13cdc9d9-ddb5-4fa4-a97d-d965ccfc6d4b" outcome="Passed" testListId="8c84fa94-04c1-424b-9868-57a2d4851a1d" relativeResultsDirectory="930d32a6-9f78-4225-a62e-fb6fb7291c49" />
    <UnitTestResult executionId="53c9367a-15df-4860-85c7-4411aacc9f4c" testId="0d3aed88-2598-0caa-458e-53fd2f6dc4e2" testName="FormatToStringTest1000(7004.710832051798d,&quot;7004.71 zł&quot;)" computerName="DESKTOP-5URQ9PB" duration="00:00:00.0000320" startTime="2022-06-13T21:12:35.2250138+02:00" endTime="2022-06-13T21:12:35.2250447+02:00" testType="13cdc9d9-ddb5-4fa4-a97d-d965ccfc6d4b" outcome="Passed" testListId="8c84fa94-04c1-424b-9868-57a2d4851a1d" relativeResultsDirectory="53c9367a-15df-4860-85c7-4411aacc9f4c" />
    <UnitTestResult executionId="44938ffd-4ccb-4092-8dd9-9579edc22ecd" testId="6320276e-3624-3a1c-7afd-537de60f89db" testName="FormatToStringTest1000(13402.882692040355d,&quot;13402.88 zł&quot;)" computerName="DESKTOP-5URQ9PB" duration="00:00:00.0000200" startTime="2022-06-13T21:12:35.2233700+02:00" endTime="2022-06-13T21:12:35.2233899+02:00" testType="13cdc9d9-ddb5-4fa4-a97d-d965ccfc6d4b" outcome="Passed" testListId="8c84fa94-04c1-424b-9868-57a2d4851a1d" relativeResultsDirectory="44938ffd-4ccb-4092-8dd9-9579edc22ecd" />
    <UnitTestResult executionId="d0697d62-2e56-4dec-a640-b81bb49fb9ba" testId="d61bc42f-9488-4952-fc35-4acf2d69a35a" testName="FormatToStringTest1000(7671.0039663785155d,&quot;7671.00 zł&quot;)" computerName="DESKTOP-5URQ9PB" duration="00:00:00.0000200" startTime="2022-06-13T21:12:35.2224058+02:00" endTime="2022-06-13T21:12:35.2224253+02:00" testType="13cdc9d9-ddb5-4fa4-a97d-d965ccfc6d4b" outcome="Passed" testListId="8c84fa94-04c1-424b-9868-57a2d4851a1d" relativeResultsDirectory="d0697d62-2e56-4dec-a640-b81bb49fb9ba" />
    <UnitTestResult executionId="b2c86e1e-991e-4f1d-97eb-1a50f33f2dd7" testId="61eb0848-4e9b-4d1d-2e7a-801bcb7d8307" testName="FormatToStringTest1000(25882.451101077d,&quot;25882.45 zł&quot;)" computerName="DESKTOP-5URQ9PB" duration="00:00:00.0000190" startTime="2022-06-13T21:12:35.2161128+02:00" endTime="2022-06-13T21:12:35.2161317+02:00" testType="13cdc9d9-ddb5-4fa4-a97d-d965ccfc6d4b" outcome="Passed" testListId="8c84fa94-04c1-424b-9868-57a2d4851a1d" relativeResultsDirectory="b2c86e1e-991e-4f1d-97eb-1a50f33f2dd7" />
    <UnitTestResult executionId="e97f39d3-8f17-4ae2-9d2d-394f1ea8c358" testId="72246d42-3df4-5454-c0c9-cf24737deb1a" testName="FormatToStringTest1000(32732.81915128502d,&quot;32732.82 zł&quot;)" computerName="DESKTOP-5URQ9PB" duration="00:00:00.0000200" startTime="2022-06-13T21:12:35.2153470+02:00" endTime="2022-06-13T21:12:35.2153664+02:00" testType="13cdc9d9-ddb5-4fa4-a97d-d965ccfc6d4b" outcome="Passed" testListId="8c84fa94-04c1-424b-9868-57a2d4851a1d" relativeResultsDirectory="e97f39d3-8f17-4ae2-9d2d-394f1ea8c358" />
    <UnitTestResult executionId="39bc552b-7810-4db4-8d0b-ab54518d56da" testId="eb4b3a2e-3867-f16d-1f8c-063517acc541" testName="FormatToStringTest1000(50413.517583300134d,&quot;50413.52 zł&quot;)" computerName="DESKTOP-5URQ9PB" duration="00:00:00.0000190" startTime="2022-06-13T21:12:35.2192702+02:00" endTime="2022-06-13T21:12:35.2192887+02:00" testType="13cdc9d9-ddb5-4fa4-a97d-d965ccfc6d4b" outcome="Passed" testListId="8c84fa94-04c1-424b-9868-57a2d4851a1d" relativeResultsDirectory="39bc552b-7810-4db4-8d0b-ab54518d56da" />
    <UnitTestResult executionId="27215764-45ff-41a0-beda-48be290edae5" testId="21fecb6a-616e-e0ca-06e2-949826e6d9fe" testName="FormatToStringTest1000(5810.695934967462d,&quot;5810.70 zł&quot;)" computerName="DESKTOP-5URQ9PB" duration="00:00:00.0000180" startTime="2022-06-13T21:12:35.2275719+02:00" endTime="2022-06-13T21:12:35.2275899+02:00" testType="13cdc9d9-ddb5-4fa4-a97d-d965ccfc6d4b" outcome="Passed" testListId="8c84fa94-04c1-424b-9868-57a2d4851a1d" relativeResultsDirectory="27215764-45ff-41a0-beda-48be290edae5" />
    <UnitTestResult executionId="65b0e319-89e8-4d0f-83f4-6f0b6dae6e6a" testId="943e674e-9656-f2f6-06a7-f12c38d1347c" testName="FormatToStringTest1000(8697.074631143862d,&quot;8697.07 zł&quot;)" computerName="DESKTOP-5URQ9PB" duration="00:00:00.0000190" startTime="2022-06-13T21:12:35.2118831+02:00" endTime="2022-06-13T21:12:35.2119020+02:00" testType="13cdc9d9-ddb5-4fa4-a97d-d965ccfc6d4b" outcome="Passed" testListId="8c84fa94-04c1-424b-9868-57a2d4851a1d" relativeResultsDirectory="65b0e319-89e8-4d0f-83f4-6f0b6dae6e6a" />
    <UnitTestResult executionId="6f212be5-1350-405d-b770-8dfa2d529d3d" testId="95fa357e-9359-c839-8ff3-f046c9e30487" testName="FormatToStringTest1000(15520.346099893259d,&quot;15520.35 zł&quot;)" computerName="DESKTOP-5URQ9PB" duration="00:00:00.0000190" startTime="2022-06-13T21:12:35.2190195+02:00" endTime="2022-06-13T21:12:35.2190385+02:00" testType="13cdc9d9-ddb5-4fa4-a97d-d965ccfc6d4b" outcome="Passed" testListId="8c84fa94-04c1-424b-9868-57a2d4851a1d" relativeResultsDirectory="6f212be5-1350-405d-b770-8dfa2d529d3d" />
    <UnitTestResult executionId="cf1c017b-3fdb-426a-8a0d-c713c7149f93" testId="c1189369-93b0-2acc-f712-00eac1c7b884" testName="FormatToStringTest1000(9843.625240445894d,&quot;9843.63 zł&quot;)" computerName="DESKTOP-5URQ9PB" duration="00:00:00.0000180" startTime="2022-06-13T21:12:35.2267192+02:00" endTime="2022-06-13T21:12:35.2267374+02:00" testType="13cdc9d9-ddb5-4fa4-a97d-d965ccfc6d4b" outcome="Passed" testListId="8c84fa94-04c1-424b-9868-57a2d4851a1d" relativeResultsDirectory="cf1c017b-3fdb-426a-8a0d-c713c7149f93" />
    <UnitTestResult executionId="2d534fbd-8cf0-44fd-84b6-744ea3d36723" testId="bb69a9ef-0ed6-4747-9681-639ad78f5540" testName="FormatToStringTest1000(34145.534199603615d,&quot;34145.53 zł&quot;)" computerName="DESKTOP-5URQ9PB" duration="00:00:00.0000190" startTime="2022-06-13T21:12:35.2200464+02:00" endTime="2022-06-13T21:12:35.2200646+02:00" testType="13cdc9d9-ddb5-4fa4-a97d-d965ccfc6d4b" outcome="Passed" testListId="8c84fa94-04c1-424b-9868-57a2d4851a1d" relativeResultsDirectory="2d534fbd-8cf0-44fd-84b6-744ea3d36723" />
    <UnitTestResult executionId="06e8267c-941b-4387-a9d6-a5260b9ac0c1" testId="5012f64d-f81c-363a-9c3b-b389d7a1051b" testName="FormatToStringTest1000(25440.18371476614d,&quot;25440.18 zł&quot;)" computerName="DESKTOP-5URQ9PB" duration="00:00:00.0000190" startTime="2022-06-13T21:12:35.2082028+02:00" endTime="2022-06-13T21:12:35.2082219+02:00" testType="13cdc9d9-ddb5-4fa4-a97d-d965ccfc6d4b" outcome="Passed" testListId="8c84fa94-04c1-424b-9868-57a2d4851a1d" relativeResultsDirectory="06e8267c-941b-4387-a9d6-a5260b9ac0c1" />
    <UnitTestResult executionId="cf34bc4d-6f98-433d-8d58-79796fae99f3" testId="29503cc7-b010-6825-6d29-1db7cb95143d" testName="FormatToStringTest1000(47256.065730817645d,&quot;47256.07 zł&quot;)" computerName="DESKTOP-5URQ9PB" duration="00:00:00.0000190" startTime="2022-06-13T21:12:35.2081051+02:00" endTime="2022-06-13T21:12:35.2081234+02:00" testType="13cdc9d9-ddb5-4fa4-a97d-d965ccfc6d4b" outcome="Passed" testListId="8c84fa94-04c1-424b-9868-57a2d4851a1d" relativeResultsDirectory="cf34bc4d-6f98-433d-8d58-79796fae99f3" />
    <UnitTestResult executionId="e898ffb9-56a1-463a-9014-a1a1f14e7f91" testId="cf776b29-1018-5167-38d5-0aac7593edc5" testName="FormatToStringTest1000(45035.160883881224d,&quot;45035.16 zł&quot;)" computerName="DESKTOP-5URQ9PB" duration="00:00:00.0000190" startTime="2022-06-13T21:12:35.2037116+02:00" endTime="2022-06-13T21:12:35.2037305+02:00" testType="13cdc9d9-ddb5-4fa4-a97d-d965ccfc6d4b" outcome="Passed" testListId="8c84fa94-04c1-424b-9868-57a2d4851a1d" relativeResultsDirectory="e898ffb9-56a1-463a-9014-a1a1f14e7f91" />
    <UnitTestResult executionId="8ea54124-a75e-407b-86ed-3081462e32e2" testId="cab5d10f-8cae-8dfd-3b1b-219e11cb76ab" testName="FormatToStringTest1000(15337.485230751097d,&quot;15337.49 zł&quot;)" computerName="DESKTOP-5URQ9PB" duration="00:00:00.0000190" startTime="2022-06-13T21:12:35.2119825+02:00" endTime="2022-06-13T21:12:35.2120014+02:00" testType="13cdc9d9-ddb5-4fa4-a97d-d965ccfc6d4b" outcome="Passed" testListId="8c84fa94-04c1-424b-9868-57a2d4851a1d" relativeResultsDirectory="8ea54124-a75e-407b-86ed-3081462e32e2" />
    <UnitTestResult executionId="4a06daa7-8aed-4771-ad32-06552c3290a7" testId="8a2b6295-c6f7-0626-b29d-201c71fd67a5" testName="FormatToStringTest1000(64210.358316209335d,&quot;64210.36 zł&quot;)" computerName="DESKTOP-5URQ9PB" duration="00:00:00.0000190" startTime="2022-06-13T21:12:35.2049214+02:00" endTime="2022-06-13T21:12:35.2049401+02:00" testType="13cdc9d9-ddb5-4fa4-a97d-d965ccfc6d4b" outcome="Passed" testListId="8c84fa94-04c1-424b-9868-57a2d4851a1d" relativeResultsDirectory="4a06daa7-8aed-4771-ad32-06552c3290a7" />
    <UnitTestResult executionId="8b5d7672-890f-48ea-a317-bf7d21e83a41" testId="3222b798-5ed7-0031-3bc4-2349d5773662" testName="FormatToStringTest1000(19933.78650940945d,&quot;19933.79 zł&quot;)" computerName="DESKTOP-5URQ9PB" duration="00:00:00.0000190" startTime="2022-06-13T21:12:35.2253981+02:00" endTime="2022-06-13T21:12:35.2254164+02:00" testType="13cdc9d9-ddb5-4fa4-a97d-d965ccfc6d4b" outcome="Passed" testListId="8c84fa94-04c1-424b-9868-57a2d4851a1d" relativeResultsDirectory="8b5d7672-890f-48ea-a317-bf7d21e83a41" />
    <UnitTestResult executionId="6903f1bf-41ff-4f4f-b041-3ddeb7de6a0b" testId="f0aad1e7-1486-b29a-7a82-84f2693dfbe3" testName="FormatToStringTest1000(50956.25028206606d,&quot;50956.25 zł&quot;)" computerName="DESKTOP-5URQ9PB" duration="00:00:00.0000190" startTime="2022-06-13T21:12:35.2074770+02:00" endTime="2022-06-13T21:12:35.2074956+02:00" testType="13cdc9d9-ddb5-4fa4-a97d-d965ccfc6d4b" outcome="Passed" testListId="8c84fa94-04c1-424b-9868-57a2d4851a1d" relativeResultsDirectory="6903f1bf-41ff-4f4f-b041-3ddeb7de6a0b" />
    <UnitTestResult executionId="b12bb1c8-2bbf-48b9-be0a-2fb6f8b0ef97" testId="9ac323b2-f4ee-1c5b-c335-774c81e0e08d" testName="FormatToStringTest1000(1313.0279238368514d,&quot;1313.03 zł&quot;)" computerName="DESKTOP-5URQ9PB" duration="00:00:00.0000190" startTime="2022-06-13T21:12:35.2210590+02:00" endTime="2022-06-13T21:12:35.2210782+02:00" testType="13cdc9d9-ddb5-4fa4-a97d-d965ccfc6d4b" outcome="Passed" testListId="8c84fa94-04c1-424b-9868-57a2d4851a1d" relativeResultsDirectory="b12bb1c8-2bbf-48b9-be0a-2fb6f8b0ef97" />
    <UnitTestResult executionId="ac15f766-ee2b-4103-8143-b6e583cb4e3c" testId="ba5b40c3-7100-1940-87d5-9af986ffebd2" testName="FormatToStringTest1000(9196.579612724754d,&quot;9196.58 zł&quot;)" computerName="DESKTOP-5URQ9PB" duration="00:00:00.0000200" startTime="2022-06-13T21:12:35.2165151+02:00" endTime="2022-06-13T21:12:35.2165345+02:00" testType="13cdc9d9-ddb5-4fa4-a97d-d965ccfc6d4b" outcome="Passed" testListId="8c84fa94-04c1-424b-9868-57a2d4851a1d" relativeResultsDirectory="ac15f766-ee2b-4103-8143-b6e583cb4e3c" />
    <UnitTestResult executionId="f3e46d95-7545-449c-8bc6-5fb71ec44328" testId="e38d99c7-c0fe-6520-2d4e-c3d7dce714b0" testName="FormatToStringTest1000(38253.101637909705d,&quot;38253.10 zł&quot;)" computerName="DESKTOP-5URQ9PB" duration="00:00:00.0000190" startTime="2022-06-13T21:12:35.2194933+02:00" endTime="2022-06-13T21:12:35.2195118+02:00" testType="13cdc9d9-ddb5-4fa4-a97d-d965ccfc6d4b" outcome="Passed" testListId="8c84fa94-04c1-424b-9868-57a2d4851a1d" relativeResultsDirectory="f3e46d95-7545-449c-8bc6-5fb71ec44328" />
    <UnitTestResult executionId="3724ac83-c08d-4342-a307-4e0e54853b69" testId="b5a90a67-8ab0-67af-7979-e040eeab7b97" testName="FormatToStringTest1000(20146.183073329827d,&quot;20146.18 zł&quot;)" computerName="DESKTOP-5URQ9PB" duration="00:00:00.0000190" startTime="2022-06-13T21:12:35.2075015+02:00" endTime="2022-06-13T21:12:35.2075204+02:00" testType="13cdc9d9-ddb5-4fa4-a97d-d965ccfc6d4b" outcome="Passed" testListId="8c84fa94-04c1-424b-9868-57a2d4851a1d" relativeResultsDirectory="3724ac83-c08d-4342-a307-4e0e54853b69" />
    <UnitTestResult executionId="aac3e446-0647-47d4-87a1-5f8ef2edcfb3" testId="796d7949-31f4-bb9f-3f5b-ffa9238af688" testName="FormatToStringTest1000(75214.75000876503d,&quot;75214.75 zł&quot;)" computerName="DESKTOP-5URQ9PB" duration="00:00:00.0000180" startTime="2022-06-13T21:12:35.2132371+02:00" endTime="2022-06-13T21:12:35.2132554+02:00" testType="13cdc9d9-ddb5-4fa4-a97d-d965ccfc6d4b" outcome="Passed" testListId="8c84fa94-04c1-424b-9868-57a2d4851a1d" relativeResultsDirectory="aac3e446-0647-47d4-87a1-5f8ef2edcfb3" />
    <UnitTestResult executionId="69f698c0-4954-409f-9285-452cc9f45f90" testId="74b92fed-1c7d-84ea-101d-b4ba0f959527" testName="FormatToStringTest1000(1814.7218118955948d,&quot;1814.72 zł&quot;)" computerName="DESKTOP-5URQ9PB" duration="00:00:00.0000210" startTime="2022-06-13T21:12:35.2266927+02:00" endTime="2022-06-13T21:12:35.2267131+02:00" testType="13cdc9d9-ddb5-4fa4-a97d-d965ccfc6d4b" outcome="Passed" testListId="8c84fa94-04c1-424b-9868-57a2d4851a1d" relativeResultsDirectory="69f698c0-4954-409f-9285-452cc9f45f90" />
    <UnitTestResult executionId="68337345-3f97-432b-a5e1-e3e07b833169" testId="6db05940-47de-0c9c-5b92-fcba99ecc227" testName="FormatToStringTest1000(13414.3551766441d,&quot;13414.36 zł&quot;)" computerName="DESKTOP-5URQ9PB" duration="00:00:00.0000210" startTime="2022-06-13T21:12:35.2107178+02:00" endTime="2022-06-13T21:12:35.2107383+02:00" testType="13cdc9d9-ddb5-4fa4-a97d-d965ccfc6d4b" outcome="Passed" testListId="8c84fa94-04c1-424b-9868-57a2d4851a1d" relativeResultsDirectory="68337345-3f97-432b-a5e1-e3e07b833169" />
    <UnitTestResult executionId="ab95ab68-eb72-4502-8913-c52967aecd7d" testId="49c672b6-6d9d-50cd-ab6b-d47ad2b2d00c" testName="FormatToStringTest1000(44930.92203801075d,&quot;44930.92 zł&quot;)" computerName="DESKTOP-5URQ9PB" duration="00:00:00.0000190" startTime="2022-06-13T21:12:35.2279018+02:00" endTime="2022-06-13T21:12:35.2279211+02:00" testType="13cdc9d9-ddb5-4fa4-a97d-d965ccfc6d4b" outcome="Passed" testListId="8c84fa94-04c1-424b-9868-57a2d4851a1d" relativeResultsDirectory="ab95ab68-eb72-4502-8913-c52967aecd7d" />
    <UnitTestResult executionId="ed7755e9-64e9-41d9-b098-9d89337b82d1" testId="086ce182-cb7e-9e8c-a794-52547670ad62" testName="FormatToStringTest1000(25084.19182667238d,&quot;25084.19 zł&quot;)" computerName="DESKTOP-5URQ9PB" duration="00:00:00.0000190" startTime="2022-06-13T21:12:35.2245120+02:00" endTime="2022-06-13T21:12:35.2245313+02:00" testType="13cdc9d9-ddb5-4fa4-a97d-d965ccfc6d4b" outcome="Passed" testListId="8c84fa94-04c1-424b-9868-57a2d4851a1d" relativeResultsDirectory="ed7755e9-64e9-41d9-b098-9d89337b82d1" />
    <UnitTestResult executionId="52457e4f-da80-44c9-abfb-492215ef2e7d" testId="f9126a5c-91ab-1e44-30e6-13ca198640cb" testName="FormatToStringTest1000(12379.347974640013d,&quot;12379.35 zł&quot;)" computerName="DESKTOP-5URQ9PB" duration="00:00:00.0000190" startTime="2022-06-13T21:12:35.2264109+02:00" endTime="2022-06-13T21:12:35.2264294+02:00" testType="13cdc9d9-ddb5-4fa4-a97d-d965ccfc6d4b" outcome="Passed" testListId="8c84fa94-04c1-424b-9868-57a2d4851a1d" relativeResultsDirectory="52457e4f-da80-44c9-abfb-492215ef2e7d" />
    <UnitTestResult executionId="20f19993-d4b4-4b0b-b2a0-2c96c16ca906" testId="257cee71-ac96-77a9-908c-68bd8420739c" testName="FormatToStringTest1000(95071.15957335343d,&quot;95071.16 zł&quot;)" computerName="DESKTOP-5URQ9PB" duration="00:00:00.0000190" startTime="2022-06-13T21:12:35.2193200+02:00" endTime="2022-06-13T21:12:35.2193383+02:00" testType="13cdc9d9-ddb5-4fa4-a97d-d965ccfc6d4b" outcome="Passed" testListId="8c84fa94-04c1-424b-9868-57a2d4851a1d" relativeResultsDirectory="20f19993-d4b4-4b0b-b2a0-2c96c16ca906" />
    <UnitTestResult executionId="c7e4221d-d1c4-47b2-80aa-14e725c8769f" testId="a35c67b3-dcd5-5426-949a-a2a9a2f95735" testName="FormatToStringTest1000(34458.5406463512d,&quot;34458.54 zł&quot;)" computerName="DESKTOP-5URQ9PB" duration="00:00:00.0000200" startTime="2022-06-13T21:12:35.2173186+02:00" endTime="2022-06-13T21:12:35.2173385+02:00" testType="13cdc9d9-ddb5-4fa4-a97d-d965ccfc6d4b" outcome="Passed" testListId="8c84fa94-04c1-424b-9868-57a2d4851a1d" relativeResultsDirectory="c7e4221d-d1c4-47b2-80aa-14e725c8769f" />
    <UnitTestResult executionId="7770f8cd-7032-4d84-b67f-6a812525e428" testId="96b3d30f-d6cb-f987-10e4-934fbe7403b3" testName="FormatToStringTest1000(6958.393354767186d,&quot;6958.39 zł&quot;)" computerName="DESKTOP-5URQ9PB" duration="00:00:00.0000240" startTime="2022-06-13T21:12:35.2026683+02:00" endTime="2022-06-13T21:12:35.2026923+02:00" testType="13cdc9d9-ddb5-4fa4-a97d-d965ccfc6d4b" outcome="Passed" testListId="8c84fa94-04c1-424b-9868-57a2d4851a1d" relativeResultsDirectory="7770f8cd-7032-4d84-b67f-6a812525e428" />
    <UnitTestResult executionId="e66f1872-577c-4ee5-b200-8e3564afe3a1" testId="1445b267-8883-4711-c51b-1a1ff5eca2f9" testName="FormatToStringTest1000(47630.39193684067d,&quot;47630.39 zł&quot;)" computerName="DESKTOP-5URQ9PB" duration="00:00:00.0000200" startTime="2022-06-13T21:12:35.2057892+02:00" endTime="2022-06-13T21:12:35.2058088+02:00" testType="13cdc9d9-ddb5-4fa4-a97d-d965ccfc6d4b" outcome="Passed" testListId="8c84fa94-04c1-424b-9868-57a2d4851a1d" relativeResultsDirectory="e66f1872-577c-4ee5-b200-8e3564afe3a1" />
    <UnitTestResult executionId="4eec1e1d-f7a0-4374-a48c-a40b04de2998" testId="9f2dc98f-6aa2-694c-8819-9ccfd93e4fc8" testName="FormatToStringTest1000(1669.555150571072d,&quot;1669.56 zł&quot;)" computerName="DESKTOP-5URQ9PB" duration="00:00:00.0000190" startTime="2022-06-13T21:12:35.2263853+02:00" endTime="2022-06-13T21:12:35.2264039+02:00" testType="13cdc9d9-ddb5-4fa4-a97d-d965ccfc6d4b" outcome="Passed" testListId="8c84fa94-04c1-424b-9868-57a2d4851a1d" relativeResultsDirectory="4eec1e1d-f7a0-4374-a48c-a40b04de2998" />
    <UnitTestResult executionId="4eb68733-f84e-4122-aa5c-8e5b46ce80d4" testId="8afbc81b-c940-0dce-6ef9-318ffda0f1ea" testName="FormatToStringTest1000(57564.498126061866d,&quot;57564.50 zł&quot;)" computerName="DESKTOP-5URQ9PB" duration="00:00:00.0000190" startTime="2022-06-13T21:12:35.2063195+02:00" endTime="2022-06-13T21:12:35.2063381+02:00" testType="13cdc9d9-ddb5-4fa4-a97d-d965ccfc6d4b" outcome="Passed" testListId="8c84fa94-04c1-424b-9868-57a2d4851a1d" relativeResultsDirectory="4eb68733-f84e-4122-aa5c-8e5b46ce80d4" />
    <UnitTestResult executionId="40d06bf6-c2c8-47e7-836d-8f22dd82fe14" testId="8f06716c-c7ff-1247-d243-6eeb705848f7" testName="FormatToStringTest1000(11904.111251175456d,&quot;11904.11 zł&quot;)" computerName="DESKTOP-5URQ9PB" duration="00:00:00.0000190" startTime="2022-06-13T21:12:35.2078818+02:00" endTime="2022-06-13T21:12:35.2079005+02:00" testType="13cdc9d9-ddb5-4fa4-a97d-d965ccfc6d4b" outcome="Passed" testListId="8c84fa94-04c1-424b-9868-57a2d4851a1d" relativeResultsDirectory="40d06bf6-c2c8-47e7-836d-8f22dd82fe14" />
    <UnitTestResult executionId="32da680b-d1a5-4de8-aacf-9c137ba83969" testId="75afa51d-4efe-ca98-69aa-dcba7171c9c1" testName="FormatToStringTest1000(6313.543884690639d,&quot;6313.54 zł&quot;)" computerName="DESKTOP-5URQ9PB" duration="00:00:00.0000200" startTime="2022-06-13T21:12:35.2133359+02:00" endTime="2022-06-13T21:12:35.2133552+02:00" testType="13cdc9d9-ddb5-4fa4-a97d-d965ccfc6d4b" outcome="Passed" testListId="8c84fa94-04c1-424b-9868-57a2d4851a1d" relativeResultsDirectory="32da680b-d1a5-4de8-aacf-9c137ba83969" />
    <UnitTestResult executionId="6b11b168-1a00-41b1-b837-89611546fce1" testId="cb302138-e270-3017-57fb-1fe538b37f25" testName="FormatToStringTest1000(14910.573044539697d,&quot;14910.57 zł&quot;)" computerName="DESKTOP-5URQ9PB" duration="00:00:00.0036960" startTime="2022-06-13T21:12:35.2281292+02:00" endTime="2022-06-13T21:12:35.2318236+02:00" testType="13cdc9d9-ddb5-4fa4-a97d-d965ccfc6d4b" outcome="Passed" testListId="8c84fa94-04c1-424b-9868-57a2d4851a1d" relativeResultsDirectory="6b11b168-1a00-41b1-b837-89611546fce1" />
    <UnitTestResult executionId="fa19f10a-cd04-4686-8076-7d5a0d1a83a4" testId="40f4c03f-760c-5f9a-0d6d-791657138d6a" testName="FormatToStringTest1000(36760.171806480816d,&quot;36760.17 zł&quot;)" computerName="DESKTOP-5URQ9PB" duration="00:00:00.0000190" startTime="2022-06-13T21:12:35.2216437+02:00" endTime="2022-06-13T21:12:35.2216621+02:00" testType="13cdc9d9-ddb5-4fa4-a97d-d965ccfc6d4b" outcome="Passed" testListId="8c84fa94-04c1-424b-9868-57a2d4851a1d" relativeResultsDirectory="fa19f10a-cd04-4686-8076-7d5a0d1a83a4" />
    <UnitTestResult executionId="cba270e7-4378-4953-9b35-8a71cea4e464" testId="b5cd9d3c-6e7d-bae4-881c-4092ac2390ce" testName="FormatToStringTest1000(3270.286035661719d,&quot;3270.29 zł&quot;)" computerName="DESKTOP-5URQ9PB" duration="00:00:00.0000190" startTime="2022-06-13T21:12:35.2163147+02:00" endTime="2022-06-13T21:12:35.2163330+02:00" testType="13cdc9d9-ddb5-4fa4-a97d-d965ccfc6d4b" outcome="Passed" testListId="8c84fa94-04c1-424b-9868-57a2d4851a1d" relativeResultsDirectory="cba270e7-4378-4953-9b35-8a71cea4e464" />
    <UnitTestResult executionId="ead45f29-b220-43be-bd77-b2ce3f86af40" testId="e679eaee-e3a9-8b8a-d185-7c73afee0b2f" testName="FormatToStringTest1000(17835.54606576988d,&quot;17835.55 zł&quot;)" computerName="DESKTOP-5URQ9PB" duration="00:00:00.0000190" startTime="2022-06-13T21:12:35.2053020+02:00" endTime="2022-06-13T21:12:35.2053206+02:00" testType="13cdc9d9-ddb5-4fa4-a97d-d965ccfc6d4b" outcome="Passed" testListId="8c84fa94-04c1-424b-9868-57a2d4851a1d" relativeResultsDirectory="ead45f29-b220-43be-bd77-b2ce3f86af40" />
    <UnitTestResult executionId="eb1a1c5a-f956-418a-b264-19c0c45f5542" testId="a9bc5968-881f-208e-3a3a-e085883b32c4" testName="FormatToStringTest1000(31391.358864880804d,&quot;31391.36 zł&quot;)" computerName="DESKTOP-5URQ9PB" duration="00:00:00.0000200" startTime="2022-06-13T21:12:35.2243379+02:00" endTime="2022-06-13T21:12:35.2243573+02:00" testType="13cdc9d9-ddb5-4fa4-a97d-d965ccfc6d4b" outcome="Passed" testListId="8c84fa94-04c1-424b-9868-57a2d4851a1d" relativeResultsDirectory="eb1a1c5a-f956-418a-b264-19c0c45f5542" />
    <UnitTestResult executionId="5b851c50-f3d7-40bd-b29e-7aca1a433a23" testId="3436028f-e5c2-d0e3-5f92-c1e23c8a73cc" testName="FormatToStringTest1000(7715.904444139406d,&quot;7715.90 zł&quot;)" computerName="DESKTOP-5URQ9PB" duration="00:00:00.0000200" startTime="2022-06-13T21:12:35.2145650+02:00" endTime="2022-06-13T21:12:35.2145842+02:00" testType="13cdc9d9-ddb5-4fa4-a97d-d965ccfc6d4b" outcome="Passed" testListId="8c84fa94-04c1-424b-9868-57a2d4851a1d" relativeResultsDirectory="5b851c50-f3d7-40bd-b29e-7aca1a433a23" />
    <UnitTestResult executionId="a46c66a1-3d64-48cf-a35d-825011052c2f" testId="1d1eb73d-8b0c-7513-b3af-aa35ad258fdb" testName="FormatToStringTest1000(26686.08488193065d,&quot;26686.08 zł&quot;)" computerName="DESKTOP-5URQ9PB" duration="00:00:00.0000190" startTime="2022-06-13T21:12:35.2170413+02:00" endTime="2022-06-13T21:12:35.2170601+02:00" testType="13cdc9d9-ddb5-4fa4-a97d-d965ccfc6d4b" outcome="Passed" testListId="8c84fa94-04c1-424b-9868-57a2d4851a1d" relativeResultsDirectory="a46c66a1-3d64-48cf-a35d-825011052c2f" />
    <UnitTestResult executionId="9bb32708-c983-4935-a8a0-5edbe78534d3" testId="9b2f9530-d092-f9c3-dae1-2f483cfeb52d" testName="FormatToStringTest1000(16282.687804925576d,&quot;16282.69 zł&quot;)" computerName="DESKTOP-5URQ9PB" duration="00:00:00.0000190" startTime="2022-06-13T21:12:35.2064946+02:00" endTime="2022-06-13T21:12:35.2065132+02:00" testType="13cdc9d9-ddb5-4fa4-a97d-d965ccfc6d4b" outcome="Passed" testListId="8c84fa94-04c1-424b-9868-57a2d4851a1d" relativeResultsDirectory="9bb32708-c983-4935-a8a0-5edbe78534d3" />
    <UnitTestResult executionId="dfd81862-6dec-4efb-9426-450b8b349abd" testId="f113347a-114d-883f-0643-fe2e125f5daa" testName="FormatToStringTest1000(16402.16316587206d,&quot;16402.16 zł&quot;)" computerName="DESKTOP-5URQ9PB" duration="00:00:00.0000200" startTime="2022-06-13T21:12:35.2143304+02:00" endTime="2022-06-13T21:12:35.2143500+02:00" testType="13cdc9d9-ddb5-4fa4-a97d-d965ccfc6d4b" outcome="Passed" testListId="8c84fa94-04c1-424b-9868-57a2d4851a1d" relativeResultsDirectory="dfd81862-6dec-4efb-9426-450b8b349abd" />
    <UnitTestResult executionId="7da2d03f-f13c-4ff7-84d5-48a14da56bef" testId="c799afbc-d101-a624-f73a-4e94981b0f2a" testName="FormatToStringTest1000(6820.105136090938d,&quot;6820.11 zł&quot;)" computerName="DESKTOP-5URQ9PB" duration="00:00:00.0000230" startTime="2022-06-13T21:12:35.2234772+02:00" endTime="2022-06-13T21:12:35.2234996+02:00" testType="13cdc9d9-ddb5-4fa4-a97d-d965ccfc6d4b" outcome="Passed" testListId="8c84fa94-04c1-424b-9868-57a2d4851a1d" relativeResultsDirectory="7da2d03f-f13c-4ff7-84d5-48a14da56bef" />
    <UnitTestResult executionId="d05fd5d8-ee4a-4ac5-bdb9-74796ed0a2d1" testId="e0769b45-8199-18f4-5d81-d7fe740ba2db" testName="FormatToStringTest1000(16571.355536101553d,&quot;16571.36 zł&quot;)" computerName="DESKTOP-5URQ9PB" duration="00:00:00.0000190" startTime="2022-06-13T21:12:35.2063447+02:00" endTime="2022-06-13T21:12:35.2063633+02:00" testType="13cdc9d9-ddb5-4fa4-a97d-d965ccfc6d4b" outcome="Passed" testListId="8c84fa94-04c1-424b-9868-57a2d4851a1d" relativeResultsDirectory="d05fd5d8-ee4a-4ac5-bdb9-74796ed0a2d1" />
    <UnitTestResult executionId="be936ab7-afc4-45e3-b976-f761a8dc7d1a" testId="d2a2118e-f836-73de-010f-9e6a0f9038b3" testName="FormatToStringTest1000(16161.963229990548d,&quot;16161.96 zł&quot;)" computerName="DESKTOP-5URQ9PB" duration="00:00:00.0000190" startTime="2022-06-13T21:12:35.2202483+02:00" endTime="2022-06-13T21:12:35.2202672+02:00" testType="13cdc9d9-ddb5-4fa4-a97d-d965ccfc6d4b" outcome="Passed" testListId="8c84fa94-04c1-424b-9868-57a2d4851a1d" relativeResultsDirectory="be936ab7-afc4-45e3-b976-f761a8dc7d1a" />
    <UnitTestResult executionId="aaf55430-042c-4895-a1b4-c4d66dc6ca89" testId="c989053d-c573-450d-6001-a75cbe93e089" testName="FormatToStringTest1000(14920.620598662934d,&quot;14920.62 zł&quot;)" computerName="DESKTOP-5URQ9PB" duration="00:00:00.0000190" startTime="2022-06-13T21:12:35.2077571+02:00" endTime="2022-06-13T21:12:35.2077761+02:00" testType="13cdc9d9-ddb5-4fa4-a97d-d965ccfc6d4b" outcome="Passed" testListId="8c84fa94-04c1-424b-9868-57a2d4851a1d" relativeResultsDirectory="aaf55430-042c-4895-a1b4-c4d66dc6ca89" />
    <UnitTestResult executionId="d0116ebb-73e5-4ece-b98e-8ecc058a4252" testId="f3eb9765-0045-7d49-5de3-054bd621a41f" testName="FormatToStringTest1000(21996.80326662576d,&quot;21996.80 zł&quot;)" computerName="DESKTOP-5URQ9PB" duration="00:00:00.0000180" startTime="2022-06-13T21:12:35.2276211+02:00" endTime="2022-06-13T21:12:35.2276392+02:00" testType="13cdc9d9-ddb5-4fa4-a97d-d965ccfc6d4b" outcome="Passed" testListId="8c84fa94-04c1-424b-9868-57a2d4851a1d" relativeResultsDirectory="d0116ebb-73e5-4ece-b98e-8ecc058a4252" />
    <UnitTestResult executionId="94e0db5a-5f06-4c1a-84da-3c64641a201d" testId="5372d0c3-7454-6ed0-3140-c46dbf17af10" testName="FormatToStringTest1000(1649.0127968480872d,&quot;1649.01 zł&quot;)" computerName="DESKTOP-5URQ9PB" duration="00:00:00.0000190" startTime="2022-06-13T21:12:35.2042119+02:00" endTime="2022-06-13T21:12:35.2042310+02:00" testType="13cdc9d9-ddb5-4fa4-a97d-d965ccfc6d4b" outcome="Passed" testListId="8c84fa94-04c1-424b-9868-57a2d4851a1d" relativeResultsDirectory="94e0db5a-5f06-4c1a-84da-3c64641a201d" />
    <UnitTestResult executionId="ba28b4b8-8b03-470b-bbdc-22e3543da0bc" testId="5c5be749-8fc1-a0d2-2b32-3e2f32d1a7a1" testName="FormatToStringTest1000(29362.005930638876d,&quot;29362.01 zł&quot;)" computerName="DESKTOP-5URQ9PB" duration="00:00:00.0000190" startTime="2022-06-13T21:12:35.2089084+02:00" endTime="2022-06-13T21:12:35.2089269+02:00" testType="13cdc9d9-ddb5-4fa4-a97d-d965ccfc6d4b" outcome="Passed" testListId="8c84fa94-04c1-424b-9868-57a2d4851a1d" relativeResultsDirectory="ba28b4b8-8b03-470b-bbdc-22e3543da0bc" />
    <UnitTestResult executionId="38a0fbe1-917b-49a1-a76a-6aece9335eca" testId="31037d5d-343e-e648-8e6e-7f15567dfff2" testName="FormatToStringTest1000(1662.8482664818168d,&quot;1662.85 zł&quot;)" computerName="DESKTOP-5URQ9PB" duration="00:00:00.0000200" startTime="2022-06-13T21:12:35.2188667+02:00" endTime="2022-06-13T21:12:35.2188866+02:00" testType="13cdc9d9-ddb5-4fa4-a97d-d965ccfc6d4b" outcome="Passed" testListId="8c84fa94-04c1-424b-9868-57a2d4851a1d" relativeResultsDirectory="38a0fbe1-917b-49a1-a76a-6aece9335eca" />
    <UnitTestResult executionId="fc948e30-5254-4067-b257-f6df1e2e5398" testId="44562592-e269-1796-e138-85487f7a2be9" testName="FormatToStringTest1000(12118.31777677048d,&quot;12118.32 zł&quot;)" computerName="DESKTOP-5URQ9PB" duration="00:00:00.0000190" startTime="2022-06-13T21:12:35.2225834+02:00" endTime="2022-06-13T21:12:35.2226018+02:00" testType="13cdc9d9-ddb5-4fa4-a97d-d965ccfc6d4b" outcome="Passed" testListId="8c84fa94-04c1-424b-9868-57a2d4851a1d" relativeResultsDirectory="fc948e30-5254-4067-b257-f6df1e2e5398" />
    <UnitTestResult executionId="3ee3d23e-489d-4dc1-a89e-c838b0b52369" testId="d7323b46-e742-10c6-7291-609e242e6eac" testName="FormatToStringTest1000(36969.98585167247d,&quot;36969.99 zł&quot;)" computerName="DESKTOP-5URQ9PB" duration="00:00:00.0000190" startTime="2022-06-13T21:12:35.2074273+02:00" endTime="2022-06-13T21:12:35.2074465+02:00" testType="13cdc9d9-ddb5-4fa4-a97d-d965ccfc6d4b" outcome="Passed" testListId="8c84fa94-04c1-424b-9868-57a2d4851a1d" relativeResultsDirectory="3ee3d23e-489d-4dc1-a89e-c838b0b52369" />
    <UnitTestResult executionId="6a38f694-aab2-4dee-9b00-31bf61d34dd9" testId="311588b6-1eda-5995-3667-7c2c732d3f34" testName="FormatToStringTest1000(12528.413830086782d,&quot;12528.41 zł&quot;)" computerName="DESKTOP-5URQ9PB" duration="00:00:00.0000250" startTime="2022-06-13T21:12:35.2146680+02:00" endTime="2022-06-13T21:12:35.2146925+02:00" testType="13cdc9d9-ddb5-4fa4-a97d-d965ccfc6d4b" outcome="Passed" testListId="8c84fa94-04c1-424b-9868-57a2d4851a1d" relativeResultsDirectory="6a38f694-aab2-4dee-9b00-31bf61d34dd9" />
    <UnitTestResult executionId="15dd7ff2-c686-4670-8f31-6e060bae65cb" testId="63800d30-d6ac-f352-9000-d5ae21ee34db" testName="FormatToStringTest1000(30111.54342534372d,&quot;30111.54 zł&quot;)" computerName="DESKTOP-5URQ9PB" duration="00:00:00.0000190" startTime="2022-06-13T21:12:35.2263603+02:00" endTime="2022-06-13T21:12:35.2263793+02:00" testType="13cdc9d9-ddb5-4fa4-a97d-d965ccfc6d4b" outcome="Passed" testListId="8c84fa94-04c1-424b-9868-57a2d4851a1d" relativeResultsDirectory="15dd7ff2-c686-4670-8f31-6e060bae65cb" />
    <UnitTestResult executionId="0ea03872-81a9-4046-b304-193240955dfa" testId="edd8698a-89a8-0a11-5f44-5d3f526abc13" testName="FormatToStringTest1000(3043.6828298227315d,&quot;3043.68 zł&quot;)" computerName="DESKTOP-5URQ9PB" duration="00:00:00.0000180" startTime="2022-06-13T21:12:35.2280027+02:00" endTime="2022-06-13T21:12:35.2280209+02:00" testType="13cdc9d9-ddb5-4fa4-a97d-d965ccfc6d4b" outcome="Passed" testListId="8c84fa94-04c1-424b-9868-57a2d4851a1d" relativeResultsDirectory="0ea03872-81a9-4046-b304-193240955dfa" />
    <UnitTestResult executionId="fdfcbe58-37eb-44ec-b640-36ecad5aaf1b" testId="dd5c672a-615a-d2df-e240-966d42055469" testName="FormatToStringTest1000(13455.521105358153d,&quot;13455.52 zł&quot;)" computerName="DESKTOP-5URQ9PB" duration="00:00:00.0000240" startTime="2022-06-13T21:12:35.2229743+02:00" endTime="2022-06-13T21:12:35.2229978+02:00" testType="13cdc9d9-ddb5-4fa4-a97d-d965ccfc6d4b" outcome="Passed" testListId="8c84fa94-04c1-424b-9868-57a2d4851a1d" relativeResultsDirectory="fdfcbe58-37eb-44ec-b640-36ecad5aaf1b" />
    <UnitTestResult executionId="e63d001d-5752-49a4-9744-ba70c37b970d" testId="69564ef2-123d-d3db-baf6-6a27b0eb9c23" testName="FormatToStringTest1000(643.3550376181281d,&quot;643.36 zł&quot;)" computerName="DESKTOP-5URQ9PB" duration="00:00:00.0000200" startTime="2022-06-13T21:12:35.2204226+02:00" endTime="2022-06-13T21:12:35.2204424+02:00" testType="13cdc9d9-ddb5-4fa4-a97d-d965ccfc6d4b" outcome="Passed" testListId="8c84fa94-04c1-424b-9868-57a2d4851a1d" relativeResultsDirectory="e63d001d-5752-49a4-9744-ba70c37b970d" />
    <UnitTestResult executionId="282d5293-6960-4f96-b1d6-b3aa45d03a6a" testId="b4887e38-5397-4610-6733-1d86030ec9ea" testName="FormatToStringTest1000(24566.50251371856d,&quot;24566.50 zł&quot;)" computerName="DESKTOP-5URQ9PB" duration="00:00:00.0000190" startTime="2022-06-13T21:12:35.2161378+02:00" endTime="2022-06-13T21:12:35.2161561+02:00" testType="13cdc9d9-ddb5-4fa4-a97d-d965ccfc6d4b" outcome="Passed" testListId="8c84fa94-04c1-424b-9868-57a2d4851a1d" relativeResultsDirectory="282d5293-6960-4f96-b1d6-b3aa45d03a6a" />
    <UnitTestResult executionId="510903d8-4237-4917-ae60-8bc8b4d9ed38" testId="a52cde15-d4da-6fd7-917d-2f5d406fbd21" testName="FormatToStringTest1000(904.351189922705d,&quot;904.35 zł&quot;)" computerName="DESKTOP-5URQ9PB" duration="00:00:00.0000190" startTime="2022-06-13T21:12:35.2242134+02:00" endTime="2022-06-13T21:12:35.2242318+02:00" testType="13cdc9d9-ddb5-4fa4-a97d-d965ccfc6d4b" outcome="Passed" testListId="8c84fa94-04c1-424b-9868-57a2d4851a1d" relativeResultsDirectory="510903d8-4237-4917-ae60-8bc8b4d9ed38" />
    <UnitTestResult executionId="12cc2d42-6764-4b9f-91b3-6ce33a052308" testId="e6e7fdd0-b12d-1312-3dc2-3384a5e7d999" testName="FormatToStringTest1000(29539.32303995328d,&quot;29539.32 zł&quot;)" computerName="DESKTOP-5URQ9PB" duration="00:00:00.0000210" startTime="2022-06-13T21:12:35.2137649+02:00" endTime="2022-06-13T21:12:35.2137851+02:00" testType="13cdc9d9-ddb5-4fa4-a97d-d965ccfc6d4b" outcome="Passed" testListId="8c84fa94-04c1-424b-9868-57a2d4851a1d" relativeResultsDirectory="12cc2d42-6764-4b9f-91b3-6ce33a052308" />
    <UnitTestResult executionId="74ea09ab-9284-44a1-acc7-9eb900d8d01f" testId="3c275536-ffe1-8830-c363-8f6f56aca6a1" testName="FormatToStringTest1000(22666.13578912995d,&quot;22666.14 zł&quot;)" computerName="DESKTOP-5URQ9PB" duration="00:00:00.0000190" startTime="2022-06-13T21:12:35.2031392+02:00" endTime="2022-06-13T21:12:35.2031582+02:00" testType="13cdc9d9-ddb5-4fa4-a97d-d965ccfc6d4b" outcome="Passed" testListId="8c84fa94-04c1-424b-9868-57a2d4851a1d" relativeResultsDirectory="74ea09ab-9284-44a1-acc7-9eb900d8d01f" />
    <UnitTestResult executionId="a453a146-c9eb-465c-925a-7c902688d72b" testId="0bdd31cf-560a-74a8-9cb0-f50b134f6e55" testName="FormatToStringTest1000(50339.31259969497d,&quot;50339.31 zł&quot;)" computerName="DESKTOP-5URQ9PB" duration="00:00:00.0000190" startTime="2022-06-13T21:12:35.2043629+02:00" endTime="2022-06-13T21:12:35.2043815+02:00" testType="13cdc9d9-ddb5-4fa4-a97d-d965ccfc6d4b" outcome="Passed" testListId="8c84fa94-04c1-424b-9868-57a2d4851a1d" relativeResultsDirectory="a453a146-c9eb-465c-925a-7c902688d72b" />
    <UnitTestResult executionId="4104162d-2892-4175-ab04-596a5f4d8a35" testId="40488d75-026c-550a-6026-e97b07265e5b" testName="FormatToStringTest1000(8802.811382028653d,&quot;8802.81 zł&quot;)" computerName="DESKTOP-5URQ9PB" duration="00:00:00.0000190" startTime="2022-06-13T21:12:35.2083034+02:00" endTime="2022-06-13T21:12:35.2083224+02:00" testType="13cdc9d9-ddb5-4fa4-a97d-d965ccfc6d4b" outcome="Passed" testListId="8c84fa94-04c1-424b-9868-57a2d4851a1d" relativeResultsDirectory="4104162d-2892-4175-ab04-596a5f4d8a35" />
    <UnitTestResult executionId="efac0006-3cdd-46f5-ac49-35cbf8ffe01e" testId="27b9fbe0-03f5-4d47-663b-0785c7f9ec49" testName="FormatToStringTest1000(20441.330495004695d,&quot;20441.33 zł&quot;)" computerName="DESKTOP-5URQ9PB" duration="00:00:00.0000190" startTime="2022-06-13T21:12:35.2061182+02:00" endTime="2022-06-13T21:12:35.2061370+02:00" testType="13cdc9d9-ddb5-4fa4-a97d-d965ccfc6d4b" outcome="Passed" testListId="8c84fa94-04c1-424b-9868-57a2d4851a1d" relativeResultsDirectory="efac0006-3cdd-46f5-ac49-35cbf8ffe01e" />
    <UnitTestResult executionId="a9c2802a-cbe5-4e01-8f75-14ce8b6a0755" testId="13221fa5-3685-19e4-e13a-81cefe081d4d" testName="FormatToStringTest1000(63115.864864394935d,&quot;63115.86 zł&quot;)" computerName="DESKTOP-5URQ9PB" duration="00:00:00.0000210" startTime="2022-06-13T21:12:35.2056874+02:00" endTime="2022-06-13T21:12:35.2057084+02:00" testType="13cdc9d9-ddb5-4fa4-a97d-d965ccfc6d4b" outcome="Passed" testListId="8c84fa94-04c1-424b-9868-57a2d4851a1d" relativeResultsDirectory="a9c2802a-cbe5-4e01-8f75-14ce8b6a0755" />
    <UnitTestResult executionId="31d38b77-4de1-491d-81d7-6627afa7157d" testId="cba33adf-d8e4-1800-afdf-f1e10b328694" testName="FormatToStringTest1000(39531.95190033268d,&quot;39531.95 zł&quot;)" computerName="DESKTOP-5URQ9PB" duration="00:00:00.0000190" startTime="2022-06-13T21:12:35.2201727+02:00" endTime="2022-06-13T21:12:35.2201916+02:00" testType="13cdc9d9-ddb5-4fa4-a97d-d965ccfc6d4b" outcome="Passed" testListId="8c84fa94-04c1-424b-9868-57a2d4851a1d" relativeResultsDirectory="31d38b77-4de1-491d-81d7-6627afa7157d" />
    <UnitTestResult executionId="de660bc6-4550-4d47-96c4-46f3f00f76a3" testId="ebee2a3c-e88d-7c65-2391-8d47991a3a48" testName="FormatToStringTest1000(31799.68317462815d,&quot;31799.68 zł&quot;)" computerName="DESKTOP-5URQ9PB" duration="00:00:00.0000210" startTime="2022-06-13T21:12:35.2168741+02:00" endTime="2022-06-13T21:12:35.2168952+02:00" testType="13cdc9d9-ddb5-4fa4-a97d-d965ccfc6d4b" outcome="Passed" testListId="8c84fa94-04c1-424b-9868-57a2d4851a1d" relativeResultsDirectory="de660bc6-4550-4d47-96c4-46f3f00f76a3" />
    <UnitTestResult executionId="fbd27000-b0d5-40ea-9b16-af01bf64b3e9" testId="0cdea9b8-a5e3-2983-1ccb-d986de17659d" testName="FormatToStringTest1000(38904.87092920806d,&quot;38904.87 zł&quot;)" computerName="DESKTOP-5URQ9PB" duration="00:00:00.0000190" startTime="2022-06-13T21:12:35.2174204+02:00" endTime="2022-06-13T21:12:35.2174393+02:00" testType="13cdc9d9-ddb5-4fa4-a97d-d965ccfc6d4b" outcome="Passed" testListId="8c84fa94-04c1-424b-9868-57a2d4851a1d" relativeResultsDirectory="fbd27000-b0d5-40ea-9b16-af01bf64b3e9" />
    <UnitTestResult executionId="95c4c780-2ab4-49c5-ab66-02d52de72f74" testId="6dee8c76-3355-7dcc-c0a6-02e4a5ed7dc2" testName="FormatToStringTest1000(16637.074429372828d,&quot;16637.07 zł&quot;)" computerName="DESKTOP-5URQ9PB" duration="00:00:00.0000190" startTime="2022-06-13T21:12:35.2087340+02:00" endTime="2022-06-13T21:12:35.2087525+02:00" testType="13cdc9d9-ddb5-4fa4-a97d-d965ccfc6d4b" outcome="Passed" testListId="8c84fa94-04c1-424b-9868-57a2d4851a1d" relativeResultsDirectory="95c4c780-2ab4-49c5-ab66-02d52de72f74" />
    <UnitTestResult executionId="45365fb9-656a-40fb-a33c-ec75e715ad8d" testId="4d634782-9db9-e8af-a18d-f1e4c45e4686" testName="FormatToStringTest1000(941.429400278921d,&quot;941.43 zł&quot;)" computerName="DESKTOP-5URQ9PB" duration="00:00:00.0000190" startTime="2022-06-13T21:12:35.2113209+02:00" endTime="2022-06-13T21:12:35.2113397+02:00" testType="13cdc9d9-ddb5-4fa4-a97d-d965ccfc6d4b" outcome="Passed" testListId="8c84fa94-04c1-424b-9868-57a2d4851a1d" relativeResultsDirectory="45365fb9-656a-40fb-a33c-ec75e715ad8d" />
    <UnitTestResult executionId="237fdfe4-667d-4963-ae95-f2dca42b3c8d" testId="32010eb0-88b3-7f9e-a459-fb524fc932d7" testName="FormatToStringTest1000(34242.181005260056d,&quot;34242.18 zł&quot;)" computerName="DESKTOP-5URQ9PB" duration="00:00:00.0000190" startTime="2022-06-13T21:12:35.2187151+02:00" endTime="2022-06-13T21:12:35.2187343+02:00" testType="13cdc9d9-ddb5-4fa4-a97d-d965ccfc6d4b" outcome="Passed" testListId="8c84fa94-04c1-424b-9868-57a2d4851a1d" relativeResultsDirectory="237fdfe4-667d-4963-ae95-f2dca42b3c8d" />
    <UnitTestResult executionId="5691bb40-9c3d-41d4-aa98-ae444bc7dcea" testId="bc811ad8-c7b9-9df7-0d3d-56b12c4539e2" testName="FormatToStringTest1000(2897.9775426620513d,&quot;2897.98 zł&quot;)" computerName="DESKTOP-5URQ9PB" duration="00:00:00.0000200" startTime="2022-06-13T21:12:35.2211866+02:00" endTime="2022-06-13T21:12:35.2212058+02:00" testType="13cdc9d9-ddb5-4fa4-a97d-d965ccfc6d4b" outcome="Passed" testListId="8c84fa94-04c1-424b-9868-57a2d4851a1d" relativeResultsDirectory="5691bb40-9c3d-41d4-aa98-ae444bc7dcea" />
    <UnitTestResult executionId="b06f49f7-1413-4ff9-b987-690e8c041880" testId="e0081990-e732-207e-ce35-b6f9f879e1b0" testName="FormatToStringTest1000(12370.243090209198d,&quot;12370.24 zł&quot;)" computerName="DESKTOP-5URQ9PB" duration="00:00:00.0000780" startTime="2022-06-13T21:12:35.2142133+02:00" endTime="2022-06-13T21:12:35.2142941+02:00" testType="13cdc9d9-ddb5-4fa4-a97d-d965ccfc6d4b" outcome="Passed" testListId="8c84fa94-04c1-424b-9868-57a2d4851a1d" relativeResultsDirectory="b06f49f7-1413-4ff9-b987-690e8c041880" />
    <UnitTestResult executionId="632b4f64-7f64-4629-b5c0-2aa65eb30d3d" testId="f06d92cb-e236-f7f9-e645-0971359a129a" testName="FormatToStringTest1000(22678.643495744862d,&quot;22678.64 zł&quot;)" computerName="DESKTOP-5URQ9PB" duration="00:00:00.0000190" startTime="2022-06-13T21:12:35.2203230+02:00" endTime="2022-06-13T21:12:35.2203415+02:00" testType="13cdc9d9-ddb5-4fa4-a97d-d965ccfc6d4b" outcome="Passed" testListId="8c84fa94-04c1-424b-9868-57a2d4851a1d" relativeResultsDirectory="632b4f64-7f64-4629-b5c0-2aa65eb30d3d" />
    <UnitTestResult executionId="4e50cf31-5b52-4441-8176-020026209e21" testId="5717b261-73d9-ccff-48ad-cb5028daecbf" testName="FormatToStringTest1000(3341.8351759444154d,&quot;3341.84 zł&quot;)" computerName="DESKTOP-5URQ9PB" duration="00:00:00.0000190" startTime="2022-06-13T21:12:35.2136335+02:00" endTime="2022-06-13T21:12:35.2136524+02:00" testType="13cdc9d9-ddb5-4fa4-a97d-d965ccfc6d4b" outcome="Passed" testListId="8c84fa94-04c1-424b-9868-57a2d4851a1d" relativeResultsDirectory="4e50cf31-5b52-4441-8176-020026209e21" />
    <UnitTestResult executionId="bc9ea188-0586-48d5-ba52-0665acdc59d1" testId="9bd1c538-5b49-0158-94f6-e9be1859d678" testName="FormatToStringTest1000(5876.112133716285d,&quot;5876.11 zł&quot;)" computerName="DESKTOP-5URQ9PB" duration="00:00:00.0000320" startTime="2022-06-13T21:12:35.2233986+02:00" endTime="2022-06-13T21:12:35.2234302+02:00" testType="13cdc9d9-ddb5-4fa4-a97d-d965ccfc6d4b" outcome="Passed" testListId="8c84fa94-04c1-424b-9868-57a2d4851a1d" relativeResultsDirectory="bc9ea188-0586-48d5-ba52-0665acdc59d1" />
    <UnitTestResult executionId="cef91c12-b2cc-4d53-a76e-12c8f3589f01" testId="e8d6ba9d-db50-0e05-06db-5789675388b8" testName="FormatToStringTest1000(34021.1384072961d,&quot;34021.14 zł&quot;)" computerName="DESKTOP-5URQ9PB" duration="00:00:00.0000210" startTime="2022-06-13T21:12:35.2279517+02:00" endTime="2022-06-13T21:12:35.2279721+02:00" testType="13cdc9d9-ddb5-4fa4-a97d-d965ccfc6d4b" outcome="Passed" testListId="8c84fa94-04c1-424b-9868-57a2d4851a1d" relativeResultsDirectory="cef91c12-b2cc-4d53-a76e-12c8f3589f01" />
    <UnitTestResult executionId="0c24d8cd-1f87-4cc3-bbc8-a02869cb3c42" testId="a2f90830-dfa6-05f0-71fa-365928f71cdd" testName="FormatToStringTest1000(20752.33758466334d,&quot;20752.34 zł&quot;)" computerName="DESKTOP-5URQ9PB" duration="00:00:00.0000190" startTime="2022-06-13T21:12:35.2110207+02:00" endTime="2022-06-13T21:12:35.2110397+02:00" testType="13cdc9d9-ddb5-4fa4-a97d-d965ccfc6d4b" outcome="Passed" testListId="8c84fa94-04c1-424b-9868-57a2d4851a1d" relativeResultsDirectory="0c24d8cd-1f87-4cc3-bbc8-a02869cb3c42" />
    <UnitTestResult executionId="9d283dcc-154f-447b-b3d3-46b25073853f" testId="6429e0d9-dcee-fed4-29f3-6b39686056fc" testName="FormatToStringTest1000(16957.4523676757d,&quot;16957.45 zł&quot;)" computerName="DESKTOP-5URQ9PB" duration="00:00:00.0000190" startTime="2022-06-13T21:12:35.2157594+02:00" endTime="2022-06-13T21:12:35.2157778+02:00" testType="13cdc9d9-ddb5-4fa4-a97d-d965ccfc6d4b" outcome="Passed" testListId="8c84fa94-04c1-424b-9868-57a2d4851a1d" relativeResultsDirectory="9d283dcc-154f-447b-b3d3-46b25073853f" />
    <UnitTestResult executionId="2bd0e9d7-58f9-43fb-bce5-fdc667c8a91b" testId="e0a6ca51-6257-18e2-3ed9-4bb78f34d6d7" testName="FormatToStringTest1000(1614.2516601789982d,&quot;1614.25 zł&quot;)" computerName="DESKTOP-5URQ9PB" duration="00:00:00.0000180" startTime="2022-06-13T21:12:35.2036053+02:00" endTime="2022-06-13T21:12:35.2036235+02:00" testType="13cdc9d9-ddb5-4fa4-a97d-d965ccfc6d4b" outcome="Passed" testListId="8c84fa94-04c1-424b-9868-57a2d4851a1d" relativeResultsDirectory="2bd0e9d7-58f9-43fb-bce5-fdc667c8a91b" />
    <UnitTestResult executionId="baa78afe-3976-46c1-b20b-4f7ef6eff1e0" testId="ba3d44ab-713b-26da-eeee-600e16cfe130" testName="FormatToStringTest1000(30385.72086375613d,&quot;30385.72 zł&quot;)" computerName="DESKTOP-5URQ9PB" duration="00:00:00.0000180" startTime="2022-06-13T21:12:35.2244384+02:00" endTime="2022-06-13T21:12:35.2244564+02:00" testType="13cdc9d9-ddb5-4fa4-a97d-d965ccfc6d4b" outcome="Passed" testListId="8c84fa94-04c1-424b-9868-57a2d4851a1d" relativeResultsDirectory="baa78afe-3976-46c1-b20b-4f7ef6eff1e0" />
    <UnitTestResult executionId="f95be4ab-485f-4a7c-aec2-2044535ea2ba" testId="b83433ff-1f44-78cf-aaee-d87286ab6972" testName="FormatToStringTest1000(24476.442216712254d,&quot;24476.44 zł&quot;)" computerName="DESKTOP-5URQ9PB" duration="00:00:00.0000190" startTime="2022-06-13T21:12:35.2162391+02:00" endTime="2022-06-13T21:12:35.2162576+02:00" testType="13cdc9d9-ddb5-4fa4-a97d-d965ccfc6d4b" outcome="Passed" testListId="8c84fa94-04c1-424b-9868-57a2d4851a1d" relativeResultsDirectory="f95be4ab-485f-4a7c-aec2-2044535ea2ba" />
    <UnitTestResult executionId="d38cc457-d8c8-44e4-9428-5f7189a1c464" testId="cdb063aa-c8f9-b0b9-d5b0-6f880917f1b4" testName="FormatToStringTest1000(28155.26504817664d,&quot;28155.27 zł&quot;)" computerName="DESKTOP-5URQ9PB" duration="00:00:00.0000200" startTime="2022-06-13T21:12:35.2122807+02:00" endTime="2022-06-13T21:12:35.2123002+02:00" testType="13cdc9d9-ddb5-4fa4-a97d-d965ccfc6d4b" outcome="Passed" testListId="8c84fa94-04c1-424b-9868-57a2d4851a1d" relativeResultsDirectory="d38cc457-d8c8-44e4-9428-5f7189a1c464" />
    <UnitTestResult executionId="436a87da-b36f-4981-9d56-8ffd3fd6b73e" testId="6a5dc4fe-eaa1-ef57-2e33-6170c4a0ea22" testName="FormatToStringTest1000(801.5720517614726d,&quot;801.57 zł&quot;)" computerName="DESKTOP-5URQ9PB" duration="00:00:00.0000190" startTime="2022-06-13T21:12:35.2125575+02:00" endTime="2022-06-13T21:12:35.2125765+02:00" testType="13cdc9d9-ddb5-4fa4-a97d-d965ccfc6d4b" outcome="Passed" testListId="8c84fa94-04c1-424b-9868-57a2d4851a1d" relativeResultsDirectory="436a87da-b36f-4981-9d56-8ffd3fd6b73e" />
    <UnitTestResult executionId="d8c79ccf-952a-4ff7-9d9d-c46da36d9c29" testId="f3af6a34-22dc-525a-ddbc-41c7a3c42ddc" testName="FormatToStringTest1000(70149.17842025738d,&quot;70149.18 zł&quot;)" computerName="DESKTOP-5URQ9PB" duration="00:00:00.0000200" startTime="2022-06-13T21:12:35.2162132+02:00" endTime="2022-06-13T21:12:35.2162329+02:00" testType="13cdc9d9-ddb5-4fa4-a97d-d965ccfc6d4b" outcome="Passed" testListId="8c84fa94-04c1-424b-9868-57a2d4851a1d" relativeResultsDirectory="d8c79ccf-952a-4ff7-9d9d-c46da36d9c29" />
    <UnitTestResult executionId="1e39639d-386b-4fd4-9982-e43c8c06eec4" testId="fea06ea0-1747-ca17-2548-261210975e57" testName="FormatToStringTest1000(44065.726815678056d,&quot;44065.73 zł&quot;)" computerName="DESKTOP-5URQ9PB" duration="00:00:00.0000200" startTime="2022-06-13T21:12:35.2094314+02:00" endTime="2022-06-13T21:12:35.2094508+02:00" testType="13cdc9d9-ddb5-4fa4-a97d-d965ccfc6d4b" outcome="Passed" testListId="8c84fa94-04c1-424b-9868-57a2d4851a1d" relativeResultsDirectory="1e39639d-386b-4fd4-9982-e43c8c06eec4" />
    <UnitTestResult executionId="6770b385-6547-46f9-bf1e-2d4da59a7ae7" testId="31ed7871-edfd-2633-6788-723019e7f3e1" testName="FormatToStringTest1000(9624.06628225188d,&quot;9624.07 zł&quot;)" computerName="DESKTOP-5URQ9PB" duration="00:00:00.0000190" startTime="2022-06-13T21:12:35.2220779+02:00" endTime="2022-06-13T21:12:35.2220966+02:00" testType="13cdc9d9-ddb5-4fa4-a97d-d965ccfc6d4b" outcome="Passed" testListId="8c84fa94-04c1-424b-9868-57a2d4851a1d" relativeResultsDirectory="6770b385-6547-46f9-bf1e-2d4da59a7ae7" />
    <UnitTestResult executionId="572893ca-619f-44ed-950d-6588a9d66cf8" testId="e616a89e-e9f6-0465-592f-c052811c9fe2" testName="FormatToStringTest1000(70432.00656616595d,&quot;70432.01 zł&quot;)" computerName="DESKTOP-5URQ9PB" duration="00:00:00.0000190" startTime="2022-06-13T21:12:35.2246356+02:00" endTime="2022-06-13T21:12:35.2246545+02:00" testType="13cdc9d9-ddb5-4fa4-a97d-d965ccfc6d4b" outcome="Passed" testListId="8c84fa94-04c1-424b-9868-57a2d4851a1d" relativeResultsDirectory="572893ca-619f-44ed-950d-6588a9d66cf8" />
    <UnitTestResult executionId="752d008f-9ae6-4d46-b93f-5f5649900e8c" testId="daebc394-ed43-a172-b3fd-00de92d9d60e" testName="FormatToStringTest1000(3521.3657738167635d,&quot;3521.37 zł&quot;)" computerName="DESKTOP-5URQ9PB" duration="00:00:00.0000190" startTime="2022-06-13T21:12:35.2042372+02:00" endTime="2022-06-13T21:12:35.2042562+02:00" testType="13cdc9d9-ddb5-4fa4-a97d-d965ccfc6d4b" outcome="Passed" testListId="8c84fa94-04c1-424b-9868-57a2d4851a1d" relativeResultsDirectory="752d008f-9ae6-4d46-b93f-5f5649900e8c" />
    <UnitTestResult executionId="c8a256b1-20b5-4daa-ae2b-00663c67625a" testId="9c484d5b-265a-2c6e-537b-f37cd91a7473" testName="FormatToStringTest1000(56373.35086238494d,&quot;56373.35 zł&quot;)" computerName="DESKTOP-5URQ9PB" duration="00:00:00.0000180" startTime="2022-06-13T21:12:35.2112714+02:00" endTime="2022-06-13T21:12:35.2112895+02:00" testType="13cdc9d9-ddb5-4fa4-a97d-d965ccfc6d4b" outcome="Passed" testListId="8c84fa94-04c1-424b-9868-57a2d4851a1d" relativeResultsDirectory="c8a256b1-20b5-4daa-ae2b-00663c67625a" />
    <UnitTestResult executionId="692d517b-0066-48c7-b273-71ee4ddf7104" testId="6aa37256-4a27-aaf0-2d68-1faeac68f58c" testName="FormatToStringTest1000(67230.86250807665d,&quot;67230.86 zł&quot;)" computerName="DESKTOP-5URQ9PB" duration="00:00:00.0000190" startTime="2022-06-13T21:12:35.2057147+02:00" endTime="2022-06-13T21:12:35.2057333+02:00" testType="13cdc9d9-ddb5-4fa4-a97d-d965ccfc6d4b" outcome="Passed" testListId="8c84fa94-04c1-424b-9868-57a2d4851a1d" relativeResultsDirectory="692d517b-0066-48c7-b273-71ee4ddf7104" />
    <UnitTestResult executionId="5321f3f4-fb1d-4f81-90bb-ed3840e5e75f" testId="092813bc-e54e-6f29-9d2b-192db0d76045" testName="FormatToStringTest1000(765.778932784581d,&quot;765.78 zł&quot;)" computerName="DESKTOP-5URQ9PB" duration="00:00:00.0000190" startTime="2022-06-13T21:12:35.2125082+02:00" endTime="2022-06-13T21:12:35.2125271+02:00" testType="13cdc9d9-ddb5-4fa4-a97d-d965ccfc6d4b" outcome="Passed" testListId="8c84fa94-04c1-424b-9868-57a2d4851a1d" relativeResultsDirectory="5321f3f4-fb1d-4f81-90bb-ed3840e5e75f" />
    <UnitTestResult executionId="221fa886-4527-47c3-9a5d-ff07823497ef" testId="ae7cb376-4ef2-2742-75ce-61ea6adcde54" testName="FormatToStringTest1000(30578.687538491416d,&quot;30578.69 zł&quot;)" computerName="DESKTOP-5URQ9PB" duration="00:00:00.0000210" startTime="2022-06-13T21:12:35.2098435+02:00" endTime="2022-06-13T21:12:35.2098636+02:00" testType="13cdc9d9-ddb5-4fa4-a97d-d965ccfc6d4b" outcome="Passed" testListId="8c84fa94-04c1-424b-9868-57a2d4851a1d" relativeResultsDirectory="221fa886-4527-47c3-9a5d-ff07823497ef" />
    <UnitTestResult executionId="4405dcd0-6cc6-4a80-9b5d-b40084debbfb" testId="67f8d8e0-1fb7-7817-1ba6-6557149ef676" testName="FormatToStringTest1000(2444.4726240530017d,&quot;2444.47 zł&quot;)" computerName="DESKTOP-5URQ9PB" duration="00:00:00.0000190" startTime="2022-06-13T21:12:35.2255977+02:00" endTime="2022-06-13T21:12:35.2256168+02:00" testType="13cdc9d9-ddb5-4fa4-a97d-d965ccfc6d4b" outcome="Passed" testListId="8c84fa94-04c1-424b-9868-57a2d4851a1d" relativeResultsDirectory="4405dcd0-6cc6-4a80-9b5d-b40084debbfb" />
    <UnitTestResult executionId="a76a1ad6-06ca-4c73-9c04-d6e1b3344a24" testId="9abe82c5-80fa-2d6a-e76f-8b42c308f2c5" testName="FormatToStringTest1000(10641.263377953444d,&quot;10641.26 zł&quot;)" computerName="DESKTOP-5URQ9PB" duration="00:00:00.0000190" startTime="2022-06-13T21:12:35.2102226+02:00" endTime="2022-06-13T21:12:35.2102411+02:00" testType="13cdc9d9-ddb5-4fa4-a97d-d965ccfc6d4b" outcome="Passed" testListId="8c84fa94-04c1-424b-9868-57a2d4851a1d" relativeResultsDirectory="a76a1ad6-06ca-4c73-9c04-d6e1b3344a24" />
    <UnitTestResult executionId="187ab540-8000-4357-968b-d4fce4232870" testId="39df2f5c-e533-7912-e8a8-0244d814b70f" testName="FormatToStringTest1000(24030.724859085738d,&quot;24030.72 zł&quot;)" computerName="DESKTOP-5URQ9PB" duration="00:00:00.0000210" startTime="2022-06-13T21:12:35.2249356+02:00" endTime="2022-06-13T21:12:35.2249569+02:00" testType="13cdc9d9-ddb5-4fa4-a97d-d965ccfc6d4b" outcome="Passed" testListId="8c84fa94-04c1-424b-9868-57a2d4851a1d" relativeResultsDirectory="187ab540-8000-4357-968b-d4fce4232870" />
    <UnitTestResult executionId="b8e1ff24-e140-4855-a085-78aa62979334" testId="b923c1df-de90-30ce-6175-be67d41806a2" testName="FormatToStringTest1000(58459.03113649601d,&quot;58459.03 zł&quot;)" computerName="DESKTOP-5URQ9PB" duration="00:00:00.0000200" startTime="2022-06-13T21:12:35.2184578+02:00" endTime="2022-06-13T21:12:35.2184778+02:00" testType="13cdc9d9-ddb5-4fa4-a97d-d965ccfc6d4b" outcome="Passed" testListId="8c84fa94-04c1-424b-9868-57a2d4851a1d" relativeResultsDirectory="b8e1ff24-e140-4855-a085-78aa62979334" />
    <UnitTestResult executionId="5c67cf8b-5978-4f54-b1ae-0d0273f0675d" testId="40bf488b-c6ae-b189-e7b5-8aa7dd656fea" testName="FormatToStringTest1000(22367.991005544547d,&quot;22367.99 zł&quot;)" computerName="DESKTOP-5URQ9PB" duration="00:00:00.0000190" startTime="2022-06-13T21:12:35.2187664+02:00" endTime="2022-06-13T21:12:35.2187852+02:00" testType="13cdc9d9-ddb5-4fa4-a97d-d965ccfc6d4b" outcome="Passed" testListId="8c84fa94-04c1-424b-9868-57a2d4851a1d" relativeResultsDirectory="5c67cf8b-5978-4f54-b1ae-0d0273f0675d" />
    <UnitTestResult executionId="9f2a4745-cd31-4c9b-bd09-f5ab34b49514" testId="0c4c15ff-4158-9c17-cd9b-2647420fd170" testName="FormatToStringTest1000(7119.076353227755d,&quot;7119.08 zł&quot;)" computerName="DESKTOP-5URQ9PB" duration="00:00:00.0000200" startTime="2022-06-13T21:12:35.2174963+02:00" endTime="2022-06-13T21:12:35.2175156+02:00" testType="13cdc9d9-ddb5-4fa4-a97d-d965ccfc6d4b" outcome="Passed" testListId="8c84fa94-04c1-424b-9868-57a2d4851a1d" relativeResultsDirectory="9f2a4745-cd31-4c9b-bd09-f5ab34b49514" />
    <UnitTestResult executionId="370b0b18-b467-4e10-9d51-86a953b7555d" testId="a4a7e920-6be7-0270-88f5-4a528c0a4ff3" testName="FormatToStringTest1000(3030.9461949132133d,&quot;3030.95 zł&quot;)" computerName="DESKTOP-5URQ9PB" duration="00:00:00.0000190" startTime="2022-06-13T21:12:35.2128143+02:00" endTime="2022-06-13T21:12:35.2128336+02:00" testType="13cdc9d9-ddb5-4fa4-a97d-d965ccfc6d4b" outcome="Passed" testListId="8c84fa94-04c1-424b-9868-57a2d4851a1d" relativeResultsDirectory="370b0b18-b467-4e10-9d51-86a953b7555d" />
    <UnitTestResult executionId="f295b829-0165-445a-b031-161bc64c18a5" testId="e24a4a8b-d823-3179-90dd-34c590157361" testName="FormatToStringTest1000(2039.440966411699d,&quot;2039.44 zł&quot;)" computerName="DESKTOP-5URQ9PB" duration="00:00:00.0000190" startTime="2022-06-13T21:12:35.2080554+02:00" endTime="2022-06-13T21:12:35.2080739+02:00" testType="13cdc9d9-ddb5-4fa4-a97d-d965ccfc6d4b" outcome="Passed" testListId="8c84fa94-04c1-424b-9868-57a2d4851a1d" relativeResultsDirectory="f295b829-0165-445a-b031-161bc64c18a5" />
    <UnitTestResult executionId="0530c469-7afb-4faa-8088-f9cb553c21ee" testId="29ce62dc-57a0-98b0-2349-436efa39dc09" testName="FormatToStringTest1000(64568.131500027666d,&quot;64568.13 zł&quot;)" computerName="DESKTOP-5URQ9PB" duration="00:00:00.0000280" startTime="2022-06-13T21:12:35.2218563+02:00" endTime="2022-06-13T21:12:35.2218833+02:00" testType="13cdc9d9-ddb5-4fa4-a97d-d965ccfc6d4b" outcome="Passed" testListId="8c84fa94-04c1-424b-9868-57a2d4851a1d" relativeResultsDirectory="0530c469-7afb-4faa-8088-f9cb553c21ee" />
    <UnitTestResult executionId="6a4a2e42-007d-4fdd-8ddb-64a9106dd65f" testId="d39fbf53-bbf3-020f-e6d4-44b45bc00b41" testName="FormatToStringTest1000(16210.791556035536d,&quot;16210.79 zł&quot;)" computerName="DESKTOP-5URQ9PB" duration="00:00:00.0000290" startTime="2022-06-13T21:12:35.2216998+02:00" endTime="2022-06-13T21:12:35.2217280+02:00" testType="13cdc9d9-ddb5-4fa4-a97d-d965ccfc6d4b" outcome="Passed" testListId="8c84fa94-04c1-424b-9868-57a2d4851a1d" relativeResultsDirectory="6a4a2e42-007d-4fdd-8ddb-64a9106dd65f" />
    <UnitTestResult executionId="9b9d0869-e010-4e5b-871d-4dc74964fc8a" testId="17ffc344-aceb-1f84-f3bf-8205c38e1b46" testName="FormatToStringTest1000(22017.250119325356d,&quot;22017.25 zł&quot;)" computerName="DESKTOP-5URQ9PB" duration="00:00:00.0000190" startTime="2022-06-13T21:12:35.2055056+02:00" endTime="2022-06-13T21:12:35.2055243+02:00" testType="13cdc9d9-ddb5-4fa4-a97d-d965ccfc6d4b" outcome="Passed" testListId="8c84fa94-04c1-424b-9868-57a2d4851a1d" relativeResultsDirectory="9b9d0869-e010-4e5b-871d-4dc74964fc8a" />
    <UnitTestResult executionId="fd14e9b5-712e-442d-9e77-b7b16447359e" testId="041696c1-18d1-f2dd-9a5d-5cb1c9e853ff" testName="FormatToStringTest1000(22533.17694295811d,&quot;22533.18 zł&quot;)" computerName="DESKTOP-5URQ9PB" duration="00:00:00.0000180" startTime="2022-06-13T21:12:35.2268440+02:00" endTime="2022-06-13T21:12:35.2268620+02:00" testType="13cdc9d9-ddb5-4fa4-a97d-d965ccfc6d4b" outcome="Passed" testListId="8c84fa94-04c1-424b-9868-57a2d4851a1d" relativeResultsDirectory="fd14e9b5-712e-442d-9e77-b7b16447359e" />
    <UnitTestResult executionId="48399a37-034d-491f-b181-b60cff693079" testId="7a0cd811-1188-4526-31f2-d266b41de2aa" testName="FormatToStringTest1000(10495.622655484185d,&quot;10495.62 zł&quot;)" computerName="DESKTOP-5URQ9PB" duration="00:00:00.0000190" startTime="2022-06-13T21:12:35.2191454+02:00" endTime="2022-06-13T21:12:35.2191638+02:00" testType="13cdc9d9-ddb5-4fa4-a97d-d965ccfc6d4b" outcome="Passed" testListId="8c84fa94-04c1-424b-9868-57a2d4851a1d" relativeResultsDirectory="48399a37-034d-491f-b181-b60cff693079" />
    <UnitTestResult executionId="e7bf6b60-11fb-444c-9210-fe814a3c5e47" testId="29406890-f674-40b1-2efb-3ed40d66af1f" testName="FormatToStringTest1000(2292.8331871111104d,&quot;2292.83 zł&quot;)" computerName="DESKTOP-5URQ9PB" duration="00:00:00.0000190" startTime="2022-06-13T21:12:35.2046133+02:00" endTime="2022-06-13T21:12:35.2046318+02:00" testType="13cdc9d9-ddb5-4fa4-a97d-d965ccfc6d4b" outcome="Passed" testListId="8c84fa94-04c1-424b-9868-57a2d4851a1d" relativeResultsDirectory="e7bf6b60-11fb-444c-9210-fe814a3c5e47" />
    <UnitTestResult executionId="958a072a-0623-42a0-9332-27ae3069d29a" testId="5e8a64ef-fabe-5bbf-4739-e9cf8ccf2ee0" testName="FormatToStringTest1000(65809.35218338219d,&quot;65809.35 zł&quot;)" computerName="DESKTOP-5URQ9PB" duration="00:00:00.0000190" startTime="2022-06-13T21:12:35.2262332+02:00" endTime="2022-06-13T21:12:35.2262523+02:00" testType="13cdc9d9-ddb5-4fa4-a97d-d965ccfc6d4b" outcome="Passed" testListId="8c84fa94-04c1-424b-9868-57a2d4851a1d" relativeResultsDirectory="958a072a-0623-42a0-9332-27ae3069d29a" />
    <UnitTestResult executionId="bf879a0e-8722-4521-83e7-30c2374fed14" testId="0abb1a8e-0900-a5c7-bfcc-230b4aaefe42" testName="FormatToStringTest1000(6838.422316571894d,&quot;6838.42 zł&quot;)" computerName="DESKTOP-5URQ9PB" duration="00:00:00.0000190" startTime="2022-06-13T21:12:35.2069293+02:00" endTime="2022-06-13T21:12:35.2069478+02:00" testType="13cdc9d9-ddb5-4fa4-a97d-d965ccfc6d4b" outcome="Passed" testListId="8c84fa94-04c1-424b-9868-57a2d4851a1d" relativeResultsDirectory="bf879a0e-8722-4521-83e7-30c2374fed14" />
    <UnitTestResult executionId="d147ebdb-4c7f-48c4-80e7-c90794e1ebba" testId="3c248867-d354-cc7e-803e-cd6ef02be22e" testName="FormatToStringTest1000(55303.17220895699d,&quot;55303.17 zł&quot;)" computerName="DESKTOP-5URQ9PB" duration="00:00:00.0000190" startTime="2022-06-13T21:12:35.2063694+02:00" endTime="2022-06-13T21:12:35.2063878+02:00" testType="13cdc9d9-ddb5-4fa4-a97d-d965ccfc6d4b" outcome="Passed" testListId="8c84fa94-04c1-424b-9868-57a2d4851a1d" relativeResultsDirectory="d147ebdb-4c7f-48c4-80e7-c90794e1ebba" />
    <UnitTestResult executionId="3eceddbf-d9bf-4b89-a553-10461e9ebe49" testId="4b09d9c5-8012-6286-2d8c-2f6f560e7a3d" testName="FormatToStringTest1000(28192.949128067565d,&quot;28192.95 zł&quot;)" computerName="DESKTOP-5URQ9PB" duration="00:00:00.0000190" startTime="2022-06-13T21:12:35.2034535+02:00" endTime="2022-06-13T21:12:35.2034727+02:00" testType="13cdc9d9-ddb5-4fa4-a97d-d965ccfc6d4b" outcome="Passed" testListId="8c84fa94-04c1-424b-9868-57a2d4851a1d" relativeResultsDirectory="3eceddbf-d9bf-4b89-a553-10461e9ebe49" />
    <UnitTestResult executionId="7e95fe43-5bca-4fe2-b0c6-ea1f1461f0a3" testId="8119f190-7ed2-77b1-76a6-83f33e4cf393" testName="FormatToStringTest1000(52858.048916166204d,&quot;52858.05 zł&quot;)" computerName="DESKTOP-5URQ9PB" duration="00:00:00.0000200" startTime="2022-06-13T21:12:35.2048201+02:00" endTime="2022-06-13T21:12:35.2048393+02:00" testType="13cdc9d9-ddb5-4fa4-a97d-d965ccfc6d4b" outcome="Passed" testListId="8c84fa94-04c1-424b-9868-57a2d4851a1d" relativeResultsDirectory="7e95fe43-5bca-4fe2-b0c6-ea1f1461f0a3" />
    <UnitTestResult executionId="7e191847-cb19-4b39-8387-be955c560163" testId="ebfb6fa8-ee3c-3dd3-7dbb-2004376b7edb" testName="FormatToStringTest1000(66764.31690498316d,&quot;66764.32 zł&quot;)" computerName="DESKTOP-5URQ9PB" duration="00:00:00.0000190" startTime="2022-06-13T21:12:35.2130387+02:00" endTime="2022-06-13T21:12:35.2130579+02:00" testType="13cdc9d9-ddb5-4fa4-a97d-d965ccfc6d4b" outcome="Passed" testListId="8c84fa94-04c1-424b-9868-57a2d4851a1d" relativeResultsDirectory="7e191847-cb19-4b39-8387-be955c560163" />
    <UnitTestResult executionId="e95f4612-461f-4b90-8651-ece5bc89211b" testId="02239eb7-c4a2-34a6-024f-aeb38f7bff3d" testName="FormatToStringTest1000(22153.282278674324d,&quot;22153.28 zł&quot;)" computerName="DESKTOP-5URQ9PB" duration="00:00:00.0000210" startTime="2022-06-13T21:12:35.2117048+02:00" endTime="2022-06-13T21:12:35.2117254+02:00" testType="13cdc9d9-ddb5-4fa4-a97d-d965ccfc6d4b" outcome="Passed" testListId="8c84fa94-04c1-424b-9868-57a2d4851a1d" relativeResultsDirectory="e95f4612-461f-4b90-8651-ece5bc89211b" />
    <UnitTestResult executionId="b75c621f-ffbe-4309-80da-bf56d697e093" testId="ea0b7c7a-ce24-46f7-0862-63029307593e" testName="FormatToStringTest1000(2339.5873176472205d,&quot;2339.59 zł&quot;)" computerName="DESKTOP-5URQ9PB" duration="00:00:00.0000200" startTime="2022-06-13T21:12:35.2143838+02:00" endTime="2022-06-13T21:12:35.2144031+02:00" testType="13cdc9d9-ddb5-4fa4-a97d-d965ccfc6d4b" outcome="Passed" testListId="8c84fa94-04c1-424b-9868-57a2d4851a1d" relativeResultsDirectory="b75c621f-ffbe-4309-80da-bf56d697e093" />
    <UnitTestResult executionId="ea906c34-e9e2-4db2-a603-b0144586f250" testId="ef7b8988-d111-e493-786c-6d198480cf20" testName="FormatToStringTest1000(21602.417596116393d,&quot;21602.42 zł&quot;)" computerName="DESKTOP-5URQ9PB" duration="00:00:00.0000240" startTime="2022-06-13T21:12:35.2067715+02:00" endTime="2022-06-13T21:12:35.2067953+02:00" testType="13cdc9d9-ddb5-4fa4-a97d-d965ccfc6d4b" outcome="Passed" testListId="8c84fa94-04c1-424b-9868-57a2d4851a1d" relativeResultsDirectory="ea906c34-e9e2-4db2-a603-b0144586f250" />
    <UnitTestResult executionId="442dc7b1-0294-4fc1-b9d0-b29a22d7bf31" testId="03d957f5-33ed-c0eb-c948-6ece846430f3" testName="FormatToStringTest1000(24825.207513729205d,&quot;24825.21 zł&quot;)" computerName="DESKTOP-5URQ9PB" duration="00:00:00.0000190" startTime="2022-06-13T21:12:35.2164403+02:00" endTime="2022-06-13T21:12:35.2164590+02:00" testType="13cdc9d9-ddb5-4fa4-a97d-d965ccfc6d4b" outcome="Passed" testListId="8c84fa94-04c1-424b-9868-57a2d4851a1d" relativeResultsDirectory="442dc7b1-0294-4fc1-b9d0-b29a22d7bf31" />
    <UnitTestResult executionId="a27b138e-47ac-4508-9d90-53396eddc1a8" testId="451fafcd-e358-2a2a-0150-6d7bc1153f41" testName="FormatToStringTest1000(45955.903045959254d,&quot;45955.90 zł&quot;)" computerName="DESKTOP-5URQ9PB" duration="00:00:00.0000190" startTime="2022-06-13T21:12:35.2206251+02:00" endTime="2022-06-13T21:12:35.2206443+02:00" testType="13cdc9d9-ddb5-4fa4-a97d-d965ccfc6d4b" outcome="Passed" testListId="8c84fa94-04c1-424b-9868-57a2d4851a1d" relativeResultsDirectory="a27b138e-47ac-4508-9d90-53396eddc1a8" />
    <UnitTestResult executionId="ff771e1f-2147-411b-b83c-98a251186821" testId="f9ec4424-0f09-8ce8-d044-ac97ec1d16a8" testName="FormatToStringTest1000(72802.68569213277d,&quot;72802.69 zł&quot;)" computerName="DESKTOP-5URQ9PB" duration="00:00:00.0000190" startTime="2022-06-13T21:12:35.2239636+02:00" endTime="2022-06-13T21:12:35.2239819+02:00" testType="13cdc9d9-ddb5-4fa4-a97d-d965ccfc6d4b" outcome="Passed" testListId="8c84fa94-04c1-424b-9868-57a2d4851a1d" relativeResultsDirectory="ff771e1f-2147-411b-b83c-98a251186821" />
    <UnitTestResult executionId="49cc006e-3834-47d6-b437-6494d6a8e7ff" testId="95bbb276-fcbd-d5d6-e9a9-e6e9fe02935a" testName="FormatToStringTest1000(58191.92113629585d,&quot;58191.92 zł&quot;)" computerName="DESKTOP-5URQ9PB" duration="00:00:00.0000190" startTime="2022-06-13T21:12:35.2189687+02:00" endTime="2022-06-13T21:12:35.2189875+02:00" testType="13cdc9d9-ddb5-4fa4-a97d-d965ccfc6d4b" outcome="Passed" testListId="8c84fa94-04c1-424b-9868-57a2d4851a1d" relativeResultsDirectory="49cc006e-3834-47d6-b437-6494d6a8e7ff" />
    <UnitTestResult executionId="2dff4d16-91cb-43ce-8223-27152e2cb73a" testId="fb12626f-6bd8-49ed-e189-ad76e4b7496b" testName="FormatToStringTest1000(38402.8293406753d,&quot;38402.83 zł&quot;)" computerName="DESKTOP-5URQ9PB" duration="00:00:00.0000200" startTime="2022-06-13T21:12:35.2210327+02:00" endTime="2022-06-13T21:12:35.2210527+02:00" testType="13cdc9d9-ddb5-4fa4-a97d-d965ccfc6d4b" outcome="Passed" testListId="8c84fa94-04c1-424b-9868-57a2d4851a1d" relativeResultsDirectory="2dff4d16-91cb-43ce-8223-27152e2cb73a" />
    <UnitTestResult executionId="a71b3811-22dc-494e-af20-7bad57c13490" testId="64a6b4e0-a8e1-9595-14c6-66f8a8c8f576" testName="FormatToStringTest1000(12221.10494323592d,&quot;12221.10 zł&quot;)" computerName="DESKTOP-5URQ9PB" duration="00:00:00.0000190" startTime="2022-06-13T21:12:35.2054547+02:00" endTime="2022-06-13T21:12:35.2054732+02:00" testType="13cdc9d9-ddb5-4fa4-a97d-d965ccfc6d4b" outcome="Passed" testListId="8c84fa94-04c1-424b-9868-57a2d4851a1d" relativeResultsDirectory="a71b3811-22dc-494e-af20-7bad57c13490" />
    <UnitTestResult executionId="326e472b-6a0f-409c-8d3e-2bc5bf932023" testId="3490543a-9aad-4d93-690a-aa8da10d1845" testName="FormatToStringTest1000(6170.939441211959d,&quot;6170.94 zł&quot;)" computerName="DESKTOP-5URQ9PB" duration="00:00:00.0000190" startTime="2022-06-13T21:12:35.2129403+02:00" endTime="2022-06-13T21:12:35.2129587+02:00" testType="13cdc9d9-ddb5-4fa4-a97d-d965ccfc6d4b" outcome="Passed" testListId="8c84fa94-04c1-424b-9868-57a2d4851a1d" relativeResultsDirectory="326e472b-6a0f-409c-8d3e-2bc5bf932023" />
    <UnitTestResult executionId="b023c71f-db1c-4b14-91e4-08a966707aba" testId="8d6414e5-4d2d-73e7-c36d-d9cbbb203e5f" testName="FormatToStringTest1000(867.5236648356187d,&quot;867.52 zł&quot;)" computerName="DESKTOP-5URQ9PB" duration="00:00:00.0000190" startTime="2022-06-13T21:12:35.2237121+02:00" endTime="2022-06-13T21:12:35.2237308+02:00" testType="13cdc9d9-ddb5-4fa4-a97d-d965ccfc6d4b" outcome="Passed" testListId="8c84fa94-04c1-424b-9868-57a2d4851a1d" relativeResultsDirectory="b023c71f-db1c-4b14-91e4-08a966707aba" />
    <UnitTestResult executionId="732301c0-c3ec-401f-a420-964063e42cdf" testId="1ead85ed-9e84-e345-248b-37b2bb2fd57c" testName="FormatToStringTest1000(7621.507806692509d,&quot;7621.51 zł&quot;)" computerName="DESKTOP-5URQ9PB" duration="00:00:00.0000200" startTime="2022-06-13T21:12:35.2132858+02:00" endTime="2022-06-13T21:12:35.2133051+02:00" testType="13cdc9d9-ddb5-4fa4-a97d-d965ccfc6d4b" outcome="Passed" testListId="8c84fa94-04c1-424b-9868-57a2d4851a1d" relativeResultsDirectory="732301c0-c3ec-401f-a420-964063e42cdf" />
    <UnitTestResult executionId="07bd0a30-4c1c-4cc4-94e2-a2a5160da34e" testId="4cc9a860-8c52-40a5-a7c1-0a80270c71a6" testName="FormatToStringTest1000(54275.73209373408d,&quot;54275.73 zł&quot;)" computerName="DESKTOP-5URQ9PB" duration="00:00:00.0000190" startTime="2022-06-13T21:12:35.2242388+02:00" endTime="2022-06-13T21:12:35.2242578+02:00" testType="13cdc9d9-ddb5-4fa4-a97d-d965ccfc6d4b" outcome="Passed" testListId="8c84fa94-04c1-424b-9868-57a2d4851a1d" relativeResultsDirectory="07bd0a30-4c1c-4cc4-94e2-a2a5160da34e" />
    <UnitTestResult executionId="8540ce39-fa28-4708-9c0a-ee72fcd3d083" testId="b54d2807-218d-96e0-fe0e-06e67796eaa7" testName="FormatToStringTest1000(26220.382477706476d,&quot;26220.38 zł&quot;)" computerName="DESKTOP-5URQ9PB" duration="00:00:00.0000190" startTime="2022-06-13T21:12:35.2239881+02:00" endTime="2022-06-13T21:12:35.2240072+02:00" testType="13cdc9d9-ddb5-4fa4-a97d-d965ccfc6d4b" outcome="Passed" testListId="8c84fa94-04c1-424b-9868-57a2d4851a1d" relativeResultsDirectory="8540ce39-fa28-4708-9c0a-ee72fcd3d083" />
    <UnitTestResult executionId="789df778-dad6-41fd-b00c-84f4b5598399" testId="114d6aa2-3c70-c374-d5cb-1675b6f9d5e6" testName="FormatToStringTest1000(8499.121443388574d,&quot;8499.12 zł&quot;)" computerName="DESKTOP-5URQ9PB" duration="00:00:00.0000200" startTime="2022-06-13T21:12:35.2038628+02:00" endTime="2022-06-13T21:12:35.2038821+02:00" testType="13cdc9d9-ddb5-4fa4-a97d-d965ccfc6d4b" outcome="Passed" testListId="8c84fa94-04c1-424b-9868-57a2d4851a1d" relativeResultsDirectory="789df778-dad6-41fd-b00c-84f4b5598399" />
    <UnitTestResult executionId="6eb3019d-b9b3-4951-9eb1-3161ac5f1b2c" testId="cee29849-c944-ee97-87d2-c62444a8a328" testName="FormatToStringTest1000(34062.88803158276d,&quot;34062.89 zł&quot;)" computerName="DESKTOP-5URQ9PB" duration="00:00:00.0000190" startTime="2022-06-13T21:12:35.2252977+02:00" endTime="2022-06-13T21:12:35.2253166+02:00" testType="13cdc9d9-ddb5-4fa4-a97d-d965ccfc6d4b" outcome="Passed" testListId="8c84fa94-04c1-424b-9868-57a2d4851a1d" relativeResultsDirectory="6eb3019d-b9b3-4951-9eb1-3161ac5f1b2c" />
    <UnitTestResult executionId="f7965f78-88b7-45fc-9bc0-ca75da3f707d" testId="5ad0e86b-2487-b287-bce1-03b910ce35db" testName="FormatToStringTest1000(20527.270339210645d,&quot;20527.27 zł&quot;)" computerName="DESKTOP-5URQ9PB" duration="00:00:00.0000190" startTime="2022-06-13T21:12:35.2264357+02:00" endTime="2022-06-13T21:12:35.2264542+02:00" testType="13cdc9d9-ddb5-4fa4-a97d-d965ccfc6d4b" outcome="Passed" testListId="8c84fa94-04c1-424b-9868-57a2d4851a1d" relativeResultsDirectory="f7965f78-88b7-45fc-9bc0-ca75da3f707d" />
    <UnitTestResult executionId="f81d3283-a635-4b83-9e88-9208021a64ce" testId="47a34375-592d-8cb5-ab77-ab4cd5ff1ae6" testName="FormatToStringTest1000(22330.217605518745d,&quot;22330.22 zł&quot;)" computerName="DESKTOP-5URQ9PB" duration="00:00:00.0000190" startTime="2022-06-13T21:12:35.2272209+02:00" endTime="2022-06-13T21:12:35.2272398+02:00" testType="13cdc9d9-ddb5-4fa4-a97d-d965ccfc6d4b" outcome="Passed" testListId="8c84fa94-04c1-424b-9868-57a2d4851a1d" relativeResultsDirectory="f81d3283-a635-4b83-9e88-9208021a64ce" />
    <UnitTestResult executionId="c75a67a4-538d-48ce-bb08-d7ed9f1766cd" testId="71678dc5-b379-afbc-5607-17cbf413146c" testName="FormatToStringTest1000(37.631227987646696d,&quot;37.63 zł&quot;)" computerName="DESKTOP-5URQ9PB" duration="00:00:00.0000190" startTime="2022-06-13T21:12:35.2249631+02:00" endTime="2022-06-13T21:12:35.2249822+02:00" testType="13cdc9d9-ddb5-4fa4-a97d-d965ccfc6d4b" outcome="Passed" testListId="8c84fa94-04c1-424b-9868-57a2d4851a1d" relativeResultsDirectory="c75a67a4-538d-48ce-bb08-d7ed9f1766cd" />
    <UnitTestResult executionId="7f0ff675-9366-4dcd-a87f-ee54adfb0fcf" testId="c1a27935-5451-ecaa-f0f8-7b140e2bc422" testName="FormatToStringTest1000(27794.8671353957d,&quot;27794.87 zł&quot;)" computerName="DESKTOP-5URQ9PB" duration="00:00:00.0000240" startTime="2022-06-13T21:12:35.2206763+02:00" endTime="2022-06-13T21:12:35.2206998+02:00" testType="13cdc9d9-ddb5-4fa4-a97d-d965ccfc6d4b" outcome="Passed" testListId="8c84fa94-04c1-424b-9868-57a2d4851a1d" relativeResultsDirectory="7f0ff675-9366-4dcd-a87f-ee54adfb0fcf" />
    <UnitTestResult executionId="17e2e096-18df-40c6-a4cb-215ac43321c8" testId="2ed0b312-2f27-0f0b-487a-dea260d635a9" testName="FormatToStringTest1000(52020.805412759444d,&quot;52020.81 zł&quot;)" computerName="DESKTOP-5URQ9PB" duration="00:00:00.0000200" startTime="2022-06-13T21:12:35.2042622+02:00" endTime="2022-06-13T21:12:35.2042815+02:00" testType="13cdc9d9-ddb5-4fa4-a97d-d965ccfc6d4b" outcome="Passed" testListId="8c84fa94-04c1-424b-9868-57a2d4851a1d" relativeResultsDirectory="17e2e096-18df-40c6-a4cb-215ac43321c8" />
    <UnitTestResult executionId="bf03c97c-c93d-4e7c-a950-cdde6802593c" testId="5189465c-94b9-c0c3-eb6c-9e0dd907b71f" testName="FormatToStringTest1000(1952.6955147062872d,&quot;1952.70 zł&quot;)" computerName="DESKTOP-5URQ9PB" duration="00:00:00.0000190" startTime="2022-06-13T21:12:35.2126583+02:00" endTime="2022-06-13T21:12:35.2126767+02:00" testType="13cdc9d9-ddb5-4fa4-a97d-d965ccfc6d4b" outcome="Passed" testListId="8c84fa94-04c1-424b-9868-57a2d4851a1d" relativeResultsDirectory="bf03c97c-c93d-4e7c-a950-cdde6802593c" />
    <UnitTestResult executionId="c0860787-1c39-4cb2-8a6f-5dd31f44ca56" testId="80ed38c5-93c8-ab9c-2988-31b35fec47a3" testName="FormatToStringTest1000(22557.09603308099d,&quot;22557.10 zł&quot;)" computerName="DESKTOP-5URQ9PB" duration="00:00:00.0000190" startTime="2022-06-13T21:12:35.2105736+02:00" endTime="2022-06-13T21:12:35.2105927+02:00" testType="13cdc9d9-ddb5-4fa4-a97d-d965ccfc6d4b" outcome="Passed" testListId="8c84fa94-04c1-424b-9868-57a2d4851a1d" relativeResultsDirectory="c0860787-1c39-4cb2-8a6f-5dd31f44ca56" />
    <UnitTestResult executionId="dadf96f7-3091-441f-821a-6347b27022c6" testId="0229b587-f980-d1c2-d94e-8ed98bc221a6" testName="FormatToStringTest1000(10775.728533390784d,&quot;10775.73 zł&quot;)" computerName="DESKTOP-5URQ9PB" duration="00:00:00.0000190" startTime="2022-06-13T21:12:35.2145132+02:00" endTime="2022-06-13T21:12:35.2145321+02:00" testType="13cdc9d9-ddb5-4fa4-a97d-d965ccfc6d4b" outcome="Passed" testListId="8c84fa94-04c1-424b-9868-57a2d4851a1d" relativeResultsDirectory="dadf96f7-3091-441f-821a-6347b27022c6" />
    <UnitTestResult executionId="72023f88-dd42-43f9-90b2-0302839e4781" testId="d8dd6fae-802b-a606-14b3-f77add91cde3" testName="FormatToStringTest1000(1300.9430775404642d,&quot;1300.94 zł&quot;)" computerName="DESKTOP-5URQ9PB" duration="00:00:00.0425360" startTime="2022-06-13T21:12:35.1581459+02:00" endTime="2022-06-13T21:12:35.2005874+02:00" testType="13cdc9d9-ddb5-4fa4-a97d-d965ccfc6d4b" outcome="Passed" testListId="8c84fa94-04c1-424b-9868-57a2d4851a1d" relativeResultsDirectory="72023f88-dd42-43f9-90b2-0302839e4781" />
    <UnitTestResult executionId="fdbaff50-ac62-4fab-91d3-0fb803273a9d" testId="5e0fc3f1-0f67-2b00-c924-a966afea65df" testName="FormatToStringTest1000(16416.109736457518d,&quot;16416.11 zł&quot;)" computerName="DESKTOP-5URQ9PB" duration="00:00:00.0000190" startTime="2022-06-13T21:12:35.2164907+02:00" endTime="2022-06-13T21:12:35.2165090+02:00" testType="13cdc9d9-ddb5-4fa4-a97d-d965ccfc6d4b" outcome="Passed" testListId="8c84fa94-04c1-424b-9868-57a2d4851a1d" relativeResultsDirectory="fdbaff50-ac62-4fab-91d3-0fb803273a9d" />
    <UnitTestResult executionId="1c261755-38a7-413c-8a7c-a79cb95226ab" testId="c93cdb71-2111-93a4-4cd8-a7548cb72ed0" testName="FormatToStringTest1000(9774.341362926803d,&quot;9774.34 zł&quot;)" computerName="DESKTOP-5URQ9PB" duration="00:00:00.0000190" startTime="2022-06-13T21:12:35.2062949+02:00" endTime="2022-06-13T21:12:35.2063135+02:00" testType="13cdc9d9-ddb5-4fa4-a97d-d965ccfc6d4b" outcome="Passed" testListId="8c84fa94-04c1-424b-9868-57a2d4851a1d" relativeResultsDirectory="1c261755-38a7-413c-8a7c-a79cb95226ab" />
    <UnitTestResult executionId="9b8db0e7-d9c1-4763-9a2d-3eaec0f635c8" testId="95a4da2d-eeda-4697-a7af-1236c580bef1" testName="FormatToStringTest1000(79.6815319544084d,&quot;79.68 zł&quot;)" computerName="DESKTOP-5URQ9PB" duration="00:00:00.0000210" startTime="2022-06-13T21:12:35.2026991+02:00" endTime="2022-06-13T21:12:35.2027200+02:00" testType="13cdc9d9-ddb5-4fa4-a97d-d965ccfc6d4b" outcome="Passed" testListId="8c84fa94-04c1-424b-9868-57a2d4851a1d" relativeResultsDirectory="9b8db0e7-d9c1-4763-9a2d-3eaec0f635c8" />
    <UnitTestResult executionId="bef464c8-b834-4dbe-8e44-cb5ef9d85634" testId="acd7d1ab-8336-79e5-b078-d5eb4c962b29" testName="FormatToStringTest1000(16819.974312979717d,&quot;16819.97 zł&quot;)" computerName="DESKTOP-5URQ9PB" duration="00:00:00.0000200" startTime="2022-06-13T21:12:35.2122550+02:00" endTime="2022-06-13T21:12:35.2122746+02:00" testType="13cdc9d9-ddb5-4fa4-a97d-d965ccfc6d4b" outcome="Passed" testListId="8c84fa94-04c1-424b-9868-57a2d4851a1d" relativeResultsDirectory="bef464c8-b834-4dbe-8e44-cb5ef9d85634" />
    <UnitTestResult executionId="f9b7ebd5-6e1c-47b0-a88f-f809029309b9" testId="395d9b70-68ea-107f-3853-872b2d76bcc2" testName="FormatToStringTest1000(17000.070169619317d,&quot;17000.07 zł&quot;)" computerName="DESKTOP-5URQ9PB" duration="00:00:00.0000190" startTime="2022-06-13T21:12:35.2269693+02:00" endTime="2022-06-13T21:12:35.2269882+02:00" testType="13cdc9d9-ddb5-4fa4-a97d-d965ccfc6d4b" outcome="Passed" testListId="8c84fa94-04c1-424b-9868-57a2d4851a1d" relativeResultsDirectory="f9b7ebd5-6e1c-47b0-a88f-f809029309b9" />
    <UnitTestResult executionId="dbc5aa23-86bc-4f2a-bd73-fba5d472789b" testId="decab755-c41c-98a8-9dd2-05d18e8ecb05" testName="FormatToStringTest1000(397.6461894566408d,&quot;397.65 zł&quot;)" computerName="DESKTOP-5URQ9PB" duration="00:00:00.0000200" startTime="2022-06-13T21:12:35.2238117+02:00" endTime="2022-06-13T21:12:35.2238311+02:00" testType="13cdc9d9-ddb5-4fa4-a97d-d965ccfc6d4b" outcome="Passed" testListId="8c84fa94-04c1-424b-9868-57a2d4851a1d" relativeResultsDirectory="dbc5aa23-86bc-4f2a-bd73-fba5d472789b" />
    <UnitTestResult executionId="6acd1a2d-1376-436e-8f5b-b97acfba24d3" testId="d2b12152-aa29-786c-7dfa-f4b6b5aa2a7e" testName="FormatToStringTest1000(3503.9809179231434d,&quot;3503.98 zł&quot;)" computerName="DESKTOP-5URQ9PB" duration="00:00:00.0000190" startTime="2022-06-13T21:12:35.2148314+02:00" endTime="2022-06-13T21:12:35.2148504+02:00" testType="13cdc9d9-ddb5-4fa4-a97d-d965ccfc6d4b" outcome="Passed" testListId="8c84fa94-04c1-424b-9868-57a2d4851a1d" relativeResultsDirectory="6acd1a2d-1376-436e-8f5b-b97acfba24d3" />
    <UnitTestResult executionId="1d2e0e52-63fe-46bf-b38e-9ab296e88796" testId="2553ac6b-8c4b-c989-c2b1-742cbb8f417e" testName="FormatToStringTest1000(20249.56614074277d,&quot;20249.57 zł&quot;)" computerName="DESKTOP-5URQ9PB" duration="00:00:00.0000190" startTime="2022-06-13T21:12:35.2061940+02:00" endTime="2022-06-13T21:12:35.2062127+02:00" testType="13cdc9d9-ddb5-4fa4-a97d-d965ccfc6d4b" outcome="Passed" testListId="8c84fa94-04c1-424b-9868-57a2d4851a1d" relativeResultsDirectory="1d2e0e52-63fe-46bf-b38e-9ab296e88796" />
    <UnitTestResult executionId="f87a9127-5cf7-43de-a23c-5c9fd4081b74" testId="8d9adc97-9f99-5fc5-0cdb-932a51aaf028" testName="FormatToStringTest1000(26015.8311952552d,&quot;26015.83 zł&quot;)" computerName="DESKTOP-5URQ9PB" duration="00:00:00.0000180" startTime="2022-06-13T21:12:35.2095311+02:00" endTime="2022-06-13T21:12:35.2095491+02:00" testType="13cdc9d9-ddb5-4fa4-a97d-d965ccfc6d4b" outcome="Passed" testListId="8c84fa94-04c1-424b-9868-57a2d4851a1d" relativeResultsDirectory="f87a9127-5cf7-43de-a23c-5c9fd4081b74" />
    <UnitTestResult executionId="9da998bb-a2c1-4fa6-8beb-67a6b8dd834e" testId="5fd56893-4697-a123-e3df-f5a8329247bd" testName="FormatToStringTest1000(21785.42157155528d,&quot;21785.42 zł&quot;)" computerName="DESKTOP-5URQ9PB" duration="00:00:00.0000200" startTime="2022-06-13T21:12:35.2235059+02:00" endTime="2022-06-13T21:12:35.2235255+02:00" testType="13cdc9d9-ddb5-4fa4-a97d-d965ccfc6d4b" outcome="Passed" testListId="8c84fa94-04c1-424b-9868-57a2d4851a1d" relativeResultsDirectory="9da998bb-a2c1-4fa6-8beb-67a6b8dd834e" />
    <UnitTestResult executionId="3696e5a5-404b-49a2-b6cd-5abd5bb71132" testId="3cf165e2-4de9-3079-4fb7-1ca2dade8ab8" testName="FormatToStringTest1000(51300.77891898145d,&quot;51300.78 zł&quot;)" computerName="DESKTOP-5URQ9PB" duration="00:00:00.0000190" startTime="2022-06-13T21:12:35.2173957+02:00" endTime="2022-06-13T21:12:35.2174143+02:00" testType="13cdc9d9-ddb5-4fa4-a97d-d965ccfc6d4b" outcome="Passed" testListId="8c84fa94-04c1-424b-9868-57a2d4851a1d" relativeResultsDirectory="3696e5a5-404b-49a2-b6cd-5abd5bb71132" />
    <UnitTestResult executionId="b95b2c3e-885a-4e44-bed5-86abc4cdaf72" testId="e238789f-1332-cb64-de78-1a020fa88304" testName="FormatToStringTest1000(28861.97337596769d,&quot;28861.97 zł&quot;)" computerName="DESKTOP-5URQ9PB" duration="00:00:00.0000180" startTime="2022-06-13T21:12:35.2119575+02:00" endTime="2022-06-13T21:12:35.2119757+02:00" testType="13cdc9d9-ddb5-4fa4-a97d-d965ccfc6d4b" outcome="Passed" testListId="8c84fa94-04c1-424b-9868-57a2d4851a1d" relativeResultsDirectory="b95b2c3e-885a-4e44-bed5-86abc4cdaf72" />
    <UnitTestResult executionId="5b96a7f8-f969-415e-9265-1b8fb8c9edbe" testId="64584126-c6a0-fbd7-9fe1-1a9b0d36c2b6" testName="FormatToStringTest1000(25794.833624416417d,&quot;25794.83 zł&quot;)" computerName="DESKTOP-5URQ9PB" duration="00:00:00.0000190" startTime="2022-06-13T21:12:35.2205245+02:00" endTime="2022-06-13T21:12:35.2205435+02:00" testType="13cdc9d9-ddb5-4fa4-a97d-d965ccfc6d4b" outcome="Passed" testListId="8c84fa94-04c1-424b-9868-57a2d4851a1d" relativeResultsDirectory="5b96a7f8-f969-415e-9265-1b8fb8c9edbe" />
    <UnitTestResult executionId="032d07ba-8faf-4dc2-a129-cc4b8176147d" testId="521fa3b6-9e37-72bc-d9e9-42020df0aa26" testName="FormatToStringTest1000(6205.946199725357d,&quot;6205.95 zł&quot;)" computerName="DESKTOP-5URQ9PB" duration="00:00:00.0000190" startTime="2022-06-13T21:12:35.2114451+02:00" endTime="2022-06-13T21:12:35.2114634+02:00" testType="13cdc9d9-ddb5-4fa4-a97d-d965ccfc6d4b" outcome="Passed" testListId="8c84fa94-04c1-424b-9868-57a2d4851a1d" relativeResultsDirectory="032d07ba-8faf-4dc2-a129-cc4b8176147d" />
    <UnitTestResult executionId="4fe43e37-57e7-43a8-b1da-083832224b37" testId="80343684-0ab4-f75e-30e6-62b08568fe03" testName="FormatToStringTest1000(31290.71396233687d,&quot;31290.71 zł&quot;)" computerName="DESKTOP-5URQ9PB" duration="00:00:00.0000190" startTime="2022-06-13T21:12:35.2041872+02:00" endTime="2022-06-13T21:12:35.2042058+02:00" testType="13cdc9d9-ddb5-4fa4-a97d-d965ccfc6d4b" outcome="Passed" testListId="8c84fa94-04c1-424b-9868-57a2d4851a1d" relativeResultsDirectory="4fe43e37-57e7-43a8-b1da-083832224b37" />
    <UnitTestResult executionId="d971efc9-e004-4ec5-82b9-870cc3138463" testId="04969f67-b379-916a-3275-e53bd0718ea4" testName="FormatToStringTest1000(272.5621069118204d,&quot;272.56 zł&quot;)" computerName="DESKTOP-5URQ9PB" duration="00:00:00.0000190" startTime="2022-06-13T21:12:35.2159869+02:00" endTime="2022-06-13T21:12:35.2160057+02:00" testType="13cdc9d9-ddb5-4fa4-a97d-d965ccfc6d4b" outcome="Passed" testListId="8c84fa94-04c1-424b-9868-57a2d4851a1d" relativeResultsDirectory="d971efc9-e004-4ec5-82b9-870cc3138463" />
    <UnitTestResult executionId="a403126d-ce7a-427f-a7e2-0a5ad24e8059" testId="a72152f5-7a61-c574-c2ee-c9a3ca6ccab7" testName="FormatToStringTest1000(22831.975917587977d,&quot;22831.98 zł&quot;)" computerName="DESKTOP-5URQ9PB" duration="00:00:00.0000200" startTime="2022-06-13T21:12:35.2158595+02:00" endTime="2022-06-13T21:12:35.2158791+02:00" testType="13cdc9d9-ddb5-4fa4-a97d-d965ccfc6d4b" outcome="Passed" testListId="8c84fa94-04c1-424b-9868-57a2d4851a1d" relativeResultsDirectory="a403126d-ce7a-427f-a7e2-0a5ad24e8059" />
    <UnitTestResult executionId="f2f42e66-679a-4178-91bf-6a8bcfdd1662" testId="4a4334b0-5451-8696-5200-0bdb59e2a710" testName="FormatToStringTest1000(15411.371650797022d,&quot;15411.37 zł&quot;)" computerName="DESKTOP-5URQ9PB" duration="00:00:00.0000190" startTime="2022-06-13T21:12:35.2071782+02:00" endTime="2022-06-13T21:12:35.2071966+02:00" testType="13cdc9d9-ddb5-4fa4-a97d-d965ccfc6d4b" outcome="Passed" testListId="8c84fa94-04c1-424b-9868-57a2d4851a1d" relativeResultsDirectory="f2f42e66-679a-4178-91bf-6a8bcfdd1662" />
    <UnitTestResult executionId="bbcee677-b853-44fc-852b-2e2f4f358ab0" testId="3de5845a-c4ac-d187-6027-553f442e3ad2" testName="FormatToStringTest1000(79973.08417819678d,&quot;79973.08 zł&quot;)" computerName="DESKTOP-5URQ9PB" duration="00:00:00.0000190" startTime="2022-06-13T21:12:35.2026172+02:00" endTime="2022-06-13T21:12:35.2026362+02:00" testType="13cdc9d9-ddb5-4fa4-a97d-d965ccfc6d4b" outcome="Passed" testListId="8c84fa94-04c1-424b-9868-57a2d4851a1d" relativeResultsDirectory="bbcee677-b853-44fc-852b-2e2f4f358ab0" />
    <UnitTestResult executionId="6202cc39-715b-475e-b71c-7d864e1d8f4b" testId="2a24dcb9-e2e0-3650-3ac7-5ec77389adc1" testName="FormatToStringTest1000(5835.26176155557d,&quot;5835.26 zł&quot;)" computerName="DESKTOP-5URQ9PB" duration="00:00:00.0000180" startTime="2022-06-13T21:12:35.2176223+02:00" endTime="2022-06-13T21:12:35.2176405+02:00" testType="13cdc9d9-ddb5-4fa4-a97d-d965ccfc6d4b" outcome="Passed" testListId="8c84fa94-04c1-424b-9868-57a2d4851a1d" relativeResultsDirectory="6202cc39-715b-475e-b71c-7d864e1d8f4b" />
    <UnitTestResult executionId="8335d596-566c-4d6b-87b9-272fd2eefc3c" testId="56b49f4b-49b4-988e-f563-d6c88928143d" testName="FormatToStringTest1000(78519.41691976106d,&quot;78519.42 zł&quot;)" computerName="DESKTOP-5URQ9PB" duration="00:00:00.0000190" startTime="2022-06-13T21:12:35.2197481+02:00" endTime="2022-06-13T21:12:35.2197663+02:00" testType="13cdc9d9-ddb5-4fa4-a97d-d965ccfc6d4b" outcome="Passed" testListId="8c84fa94-04c1-424b-9868-57a2d4851a1d" relativeResultsDirectory="8335d596-566c-4d6b-87b9-272fd2eefc3c" />
    <UnitTestResult executionId="308539ef-9139-43e8-a464-238a709a3508" testId="853ab17c-1011-8c0b-9611-6a309f52ffd7" testName="FormatToStringTest1000(39146.892120180135d,&quot;39146.89 zł&quot;)" computerName="DESKTOP-5URQ9PB" duration="00:00:00.0000190" startTime="2022-06-13T21:12:35.2267933+02:00" endTime="2022-06-13T21:12:35.2268118+02:00" testType="13cdc9d9-ddb5-4fa4-a97d-d965ccfc6d4b" outcome="Passed" testListId="8c84fa94-04c1-424b-9868-57a2d4851a1d" relativeResultsDirectory="308539ef-9139-43e8-a464-238a709a3508" />
    <UnitTestResult executionId="c26e2da7-c632-471e-9e87-1201c125adb4" testId="7ae5fdac-2c37-dafa-ea81-102d467ed88a" testName="FormatToStringTest1000(11494.27761332238d,&quot;11494.28 zł&quot;)" computerName="DESKTOP-5URQ9PB" duration="00:00:00.0000190" startTime="2022-06-13T21:12:35.2091834+02:00" endTime="2022-06-13T21:12:35.2092025+02:00" testType="13cdc9d9-ddb5-4fa4-a97d-d965ccfc6d4b" outcome="Passed" testListId="8c84fa94-04c1-424b-9868-57a2d4851a1d" relativeResultsDirectory="c26e2da7-c632-471e-9e87-1201c125adb4" />
    <UnitTestResult executionId="a1de0668-63f8-483e-a76a-45b4d18af28d" testId="a127d37b-b919-a5a8-4175-7c8816584689" testName="FormatToStringTest1000(61422.228144277455d,&quot;61422.23 zł&quot;)" computerName="DESKTOP-5URQ9PB" duration="00:00:00.0000190" startTime="2022-06-13T21:12:35.2195932+02:00" endTime="2022-06-13T21:12:35.2196121+02:00" testType="13cdc9d9-ddb5-4fa4-a97d-d965ccfc6d4b" outcome="Passed" testListId="8c84fa94-04c1-424b-9868-57a2d4851a1d" relativeResultsDirectory="a1de0668-63f8-483e-a76a-45b4d18af28d" />
    <UnitTestResult executionId="2f0ebcfe-2056-41bc-8944-e4c224347088" testId="2b18aff2-35ed-39eb-0869-97e8dcc5f3f1" testName="FormatToStringTest1000(2216.881526520886d,&quot;2216.88 zł&quot;)" computerName="DESKTOP-5URQ9PB" duration="00:00:00.0000190" startTime="2022-06-13T21:12:35.2201991+02:00" endTime="2022-06-13T21:12:35.2202181+02:00" testType="13cdc9d9-ddb5-4fa4-a97d-d965ccfc6d4b" outcome="Passed" testListId="8c84fa94-04c1-424b-9868-57a2d4851a1d" relativeResultsDirectory="2f0ebcfe-2056-41bc-8944-e4c224347088" />
    <UnitTestResult executionId="f3387578-0230-42dc-a075-357e66a31fe1" testId="685e65c6-c415-f45e-d0fc-3f95f4859375" testName="FormatToStringTest1000(2992.6161168593057d,&quot;2992.62 zł&quot;)" computerName="DESKTOP-5URQ9PB" duration="00:00:00.0000190" startTime="2022-06-13T21:12:35.2231923+02:00" endTime="2022-06-13T21:12:35.2232108+02:00" testType="13cdc9d9-ddb5-4fa4-a97d-d965ccfc6d4b" outcome="Passed" testListId="8c84fa94-04c1-424b-9868-57a2d4851a1d" relativeResultsDirectory="f3387578-0230-42dc-a075-357e66a31fe1" />
    <UnitTestResult executionId="8d38a3a0-5c45-428a-85fd-df1b91c52303" testId="a01cdd42-8e33-6253-38cb-1cb271d958f4" testName="FormatToStringTest1000(34084.19497795599d,&quot;34084.19 zł&quot;)" computerName="DESKTOP-5URQ9PB" duration="00:00:00.0000190" startTime="2022-06-13T21:12:35.2274978+02:00" endTime="2022-06-13T21:12:35.2275163+02:00" testType="13cdc9d9-ddb5-4fa4-a97d-d965ccfc6d4b" outcome="Passed" testListId="8c84fa94-04c1-424b-9868-57a2d4851a1d" relativeResultsDirectory="8d38a3a0-5c45-428a-85fd-df1b91c52303" />
    <UnitTestResult executionId="4bbef5ea-de24-472d-bdbb-77a787383168" testId="9c7df8f2-0bef-5347-a48a-3dbf0cbe5e21" testName="FormatToStringTest1000(20978.860218282258d,&quot;20978.86 zł&quot;)" computerName="DESKTOP-5URQ9PB" duration="00:00:00.0000200" startTime="2022-06-13T21:12:35.2091328+02:00" endTime="2022-06-13T21:12:35.2091524+02:00" testType="13cdc9d9-ddb5-4fa4-a97d-d965ccfc6d4b" outcome="Passed" testListId="8c84fa94-04c1-424b-9868-57a2d4851a1d" relativeResultsDirectory="4bbef5ea-de24-472d-bdbb-77a787383168" />
    <UnitTestResult executionId="b39d157e-0f10-4b58-9f4c-00ab670438e0" testId="9e7bb479-43f6-3e5b-9858-d1abf76cc2e6" testName="FormatToStringTest1000(19189.813662191766d,&quot;19189.81 zł&quot;)" computerName="DESKTOP-5URQ9PB" duration="00:00:00.0000190" startTime="2022-06-13T21:12:35.2121066+02:00" endTime="2022-06-13T21:12:35.2121253+02:00" testType="13cdc9d9-ddb5-4fa4-a97d-d965ccfc6d4b" outcome="Passed" testListId="8c84fa94-04c1-424b-9868-57a2d4851a1d" relativeResultsDirectory="b39d157e-0f10-4b58-9f4c-00ab670438e0" />
    <UnitTestResult executionId="1eb13ee0-3570-4b52-a89d-b5cbfb73c782" testId="b2a12e1f-5796-ca8b-404b-61553a46fbc5" testName="FormatToStringTest1000(1187.8237780126854d,&quot;1187.82 zł&quot;)" computerName="DESKTOP-5URQ9PB" duration="00:00:00.0000180" startTime="2022-06-13T21:12:35.2228636+02:00" endTime="2022-06-13T21:12:35.2228819+02:00" testType="13cdc9d9-ddb5-4fa4-a97d-d965ccfc6d4b" outcome="Passed" testListId="8c84fa94-04c1-424b-9868-57a2d4851a1d" relativeResultsDirectory="1eb13ee0-3570-4b52-a89d-b5cbfb73c782" />
    <UnitTestResult executionId="7cb8c518-84a9-46a4-ad2d-8e6c276c4afe" testId="7a0e454f-7db2-d7d6-0df6-561708317bba" testName="FormatToStringTest1000(20116.958341299072d,&quot;20116.96 zł&quot;)" computerName="DESKTOP-5URQ9PB" duration="00:00:00.0000190" startTime="2022-06-13T21:12:35.2198723+02:00" endTime="2022-06-13T21:12:35.2198907+02:00" testType="13cdc9d9-ddb5-4fa4-a97d-d965ccfc6d4b" outcome="Passed" testListId="8c84fa94-04c1-424b-9868-57a2d4851a1d" relativeResultsDirectory="7cb8c518-84a9-46a4-ad2d-8e6c276c4afe" />
    <UnitTestResult executionId="35abc662-28bb-4b56-b362-66d5e8bcaf55" testId="826ac225-455e-4413-4415-8bc54c5b4d09" testName="FormatToStringTest1000(10501.127379151585d,&quot;10501.13 zł&quot;)" computerName="DESKTOP-5URQ9PB" duration="00:00:00.0000190" startTime="2022-06-13T21:12:35.2120321+02:00" endTime="2022-06-13T21:12:35.2120514+02:00" testType="13cdc9d9-ddb5-4fa4-a97d-d965ccfc6d4b" outcome="Passed" testListId="8c84fa94-04c1-424b-9868-57a2d4851a1d" relativeResultsDirectory="35abc662-28bb-4b56-b362-66d5e8bcaf55" />
    <UnitTestResult executionId="5e431cd2-c132-4d08-80bb-4e074a7ddb74" testId="aeefe3bf-b956-1766-ab65-91503c288180" testName="FormatToStringTest1000(16986.338876065027d,&quot;16986.34 zł&quot;)" computerName="DESKTOP-5URQ9PB" duration="00:00:00.0000190" startTime="2022-06-13T21:12:35.2037365+02:00" endTime="2022-06-13T21:12:35.2037555+02:00" testType="13cdc9d9-ddb5-4fa4-a97d-d965ccfc6d4b" outcome="Passed" testListId="8c84fa94-04c1-424b-9868-57a2d4851a1d" relativeResultsDirectory="5e431cd2-c132-4d08-80bb-4e074a7ddb74" />
    <UnitTestResult executionId="8034497b-ef8c-40aa-abbb-eddc946d1164" testId="1476985a-ce79-252c-fc82-6cfb05e64152" testName="FormatToStringTest1000(6890.028458985514d,&quot;6890.03 zł&quot;)" computerName="DESKTOP-5URQ9PB" duration="00:00:00.0000190" startTime="2022-06-13T21:12:35.2035035+02:00" endTime="2022-06-13T21:12:35.2035227+02:00" testType="13cdc9d9-ddb5-4fa4-a97d-d965ccfc6d4b" outcome="Passed" testListId="8c84fa94-04c1-424b-9868-57a2d4851a1d" relativeResultsDirectory="8034497b-ef8c-40aa-abbb-eddc946d1164" />
    <UnitTestResult executionId="df10597a-c7b4-4f32-92ce-e58b8248ca6d" testId="8abb9da4-977b-effb-b6fc-988ee16d7ff4" testName="FormatToStringTest1000(28455.229970996843d,&quot;28455.23 zł&quot;)" computerName="DESKTOP-5URQ9PB" duration="00:00:00.0000200" startTime="2022-06-13T21:12:35.2227882+02:00" endTime="2022-06-13T21:12:35.2228075+02:00" testType="13cdc9d9-ddb5-4fa4-a97d-d965ccfc6d4b" outcome="Passed" testListId="8c84fa94-04c1-424b-9868-57a2d4851a1d" relativeResultsDirectory="df10597a-c7b4-4f32-92ce-e58b8248ca6d" />
    <UnitTestResult executionId="dc39f30a-be96-4d0c-8ce4-e95c834bc658" testId="94cff85e-e7bb-c94b-e20b-765eb3997f75" testName="FormatToStringTest1000(286.92120604539343d,&quot;286.92 zł&quot;)" computerName="DESKTOP-5URQ9PB" duration="00:00:00.0000200" startTime="2022-06-13T21:12:35.2027515+02:00" endTime="2022-06-13T21:12:35.2027716+02:00" testType="13cdc9d9-ddb5-4fa4-a97d-d965ccfc6d4b" outcome="Passed" testListId="8c84fa94-04c1-424b-9868-57a2d4851a1d" relativeResultsDirectory="dc39f30a-be96-4d0c-8ce4-e95c834bc658" />
    <UnitTestResult executionId="9477b27c-c5ed-4c1a-af5f-6a1eab9bb867" testId="87886007-6727-2dc4-be03-09aefa74e875" testName="FormatToStringTest1000(29508.077101491428d,&quot;29508.08 zł&quot;)" computerName="DESKTOP-5URQ9PB" duration="00:00:00.0000190" startTime="2022-06-13T21:12:35.2053521+02:00" endTime="2022-06-13T21:12:35.2053708+02:00" testType="13cdc9d9-ddb5-4fa4-a97d-d965ccfc6d4b" outcome="Passed" testListId="8c84fa94-04c1-424b-9868-57a2d4851a1d" relativeResultsDirectory="9477b27c-c5ed-4c1a-af5f-6a1eab9bb867" />
    <UnitTestResult executionId="c70d6651-cb61-470f-aa3a-13ade388e7fe" testId="57ff7061-f165-0166-a6d9-95fdfc400dea" testName="FormatToStringTest1000(10324.538670147089d,&quot;10324.54 zł&quot;)" computerName="DESKTOP-5URQ9PB" duration="00:00:00.0000190" startTime="2022-06-13T21:12:35.2180808+02:00" endTime="2022-06-13T21:12:35.2180995+02:00" testType="13cdc9d9-ddb5-4fa4-a97d-d965ccfc6d4b" outcome="Passed" testListId="8c84fa94-04c1-424b-9868-57a2d4851a1d" relativeResultsDirectory="c70d6651-cb61-470f-aa3a-13ade388e7fe" />
    <UnitTestResult executionId="30056023-df0e-40f5-ab33-bef7aac91ec9" testId="71b5ba87-68b9-157d-6948-87a1827119b3" testName="FormatToStringTest1000(32566.30279101259d,&quot;32566.30 zł&quot;)" computerName="DESKTOP-5URQ9PB" duration="00:00:00.0000200" startTime="2022-06-13T21:12:35.2052763+02:00" endTime="2022-06-13T21:12:35.2052958+02:00" testType="13cdc9d9-ddb5-4fa4-a97d-d965ccfc6d4b" outcome="Passed" testListId="8c84fa94-04c1-424b-9868-57a2d4851a1d" relativeResultsDirectory="30056023-df0e-40f5-ab33-bef7aac91ec9" />
    <UnitTestResult executionId="f9326993-2b6f-499c-82b0-4f02450edcc2" testId="a4d82a7a-0101-77be-aadf-7ad891442135" testName="FormatToStringTest1000(35967.54466809684d,&quot;35967.54 zł&quot;)" computerName="DESKTOP-5URQ9PB" duration="00:00:00.0000190" startTime="2022-06-13T21:12:35.2207567+02:00" endTime="2022-06-13T21:12:35.2207757+02:00" testType="13cdc9d9-ddb5-4fa4-a97d-d965ccfc6d4b" outcome="Passed" testListId="8c84fa94-04c1-424b-9868-57a2d4851a1d" relativeResultsDirectory="f9326993-2b6f-499c-82b0-4f02450edcc2" />
    <UnitTestResult executionId="e5dc9bf0-7bcf-4674-8d26-c28fe0eca1bc" testId="a0b62237-e6b4-ed13-bf88-ac0909d8c7c4" testName="FormatToStringTest1000(11871.427211910219d,&quot;11871.43 zł&quot;)" computerName="DESKTOP-5URQ9PB" duration="00:00:00.0000190" startTime="2022-06-13T21:12:35.2159362+02:00" endTime="2022-06-13T21:12:35.2159548+02:00" testType="13cdc9d9-ddb5-4fa4-a97d-d965ccfc6d4b" outcome="Passed" testListId="8c84fa94-04c1-424b-9868-57a2d4851a1d" relativeResultsDirectory="e5dc9bf0-7bcf-4674-8d26-c28fe0eca1bc" />
    <UnitTestResult executionId="49f76a87-36dc-4a22-abea-8208cc77807c" testId="c3298b2d-9863-1896-98e3-77805a105e1c" testName="FormatToStringTest1000(59283.48311990662d,&quot;59283.48 zł&quot;)" computerName="DESKTOP-5URQ9PB" duration="00:00:00.0000190" startTime="2022-06-13T21:12:35.2094817+02:00" endTime="2022-06-13T21:12:35.2095008+02:00" testType="13cdc9d9-ddb5-4fa4-a97d-d965ccfc6d4b" outcome="Passed" testListId="8c84fa94-04c1-424b-9868-57a2d4851a1d" relativeResultsDirectory="49f76a87-36dc-4a22-abea-8208cc77807c" />
    <UnitTestResult executionId="172d63bf-8be5-4617-812d-da8286f17241" testId="23adbcea-fc51-4a16-9d4b-141d8a8f1fb7" testName="FormatToStringTest1000(32359.431438434138d,&quot;32359.43 zł&quot;)" computerName="DESKTOP-5URQ9PB" duration="00:00:00.0000190" startTime="2022-06-13T21:12:35.2227636+02:00" endTime="2022-06-13T21:12:35.2227821+02:00" testType="13cdc9d9-ddb5-4fa4-a97d-d965ccfc6d4b" outcome="Passed" testListId="8c84fa94-04c1-424b-9868-57a2d4851a1d" relativeResultsDirectory="172d63bf-8be5-4617-812d-da8286f17241" />
    <UnitTestResult executionId="3357f0bf-d62e-446f-955b-d19fd8932b1d" testId="f9c4ace8-7c88-3dcb-8c8b-9f280e8b25b8" testName="FormatToStringTest1000(5870.791169434223d,&quot;5870.79 zł&quot;)" computerName="DESKTOP-5URQ9PB" duration="00:00:00.0000180" startTime="2022-06-13T21:12:35.2125333+02:00" endTime="2022-06-13T21:12:35.2125515+02:00" testType="13cdc9d9-ddb5-4fa4-a97d-d965ccfc6d4b" outcome="Passed" testListId="8c84fa94-04c1-424b-9868-57a2d4851a1d" relativeResultsDirectory="3357f0bf-d62e-446f-955b-d19fd8932b1d" />
    <UnitTestResult executionId="cc2c9d30-07f4-4b06-aaf0-4cedfcff0a20" testId="7265e4fd-f7ba-8572-e525-8b365c7360c6" testName="FormatToStringTest1000(21961.272673999552d,&quot;21961.27 zł&quot;)" computerName="DESKTOP-5URQ9PB" duration="00:00:00.0000190" startTime="2022-06-13T21:12:35.2044126+02:00" endTime="2022-06-13T21:12:35.2044313+02:00" testType="13cdc9d9-ddb5-4fa4-a97d-d965ccfc6d4b" outcome="Passed" testListId="8c84fa94-04c1-424b-9868-57a2d4851a1d" relativeResultsDirectory="cc2c9d30-07f4-4b06-aaf0-4cedfcff0a20" />
    <UnitTestResult executionId="70fbbf3a-da85-4d27-9d03-e9c0afb73ef9" testId="d6efedb1-9c49-9ed3-fbe1-de90224308a3" testName="FormatToStringTest1000(4139.032615562451d,&quot;4139.03 zł&quot;)" computerName="DESKTOP-5URQ9PB" duration="00:00:00.0000200" startTime="2022-06-13T21:12:35.2212120+02:00" endTime="2022-06-13T21:12:35.2212317+02:00" testType="13cdc9d9-ddb5-4fa4-a97d-d965ccfc6d4b" outcome="Passed" testListId="8c84fa94-04c1-424b-9868-57a2d4851a1d" relativeResultsDirectory="70fbbf3a-da85-4d27-9d03-e9c0afb73ef9" />
    <UnitTestResult executionId="9ca7d951-692d-4f95-a8b9-81c656a8f6f3" testId="7bf7f3ca-374b-b9a9-53c4-47a8ad354e7e" testName="FormatToStringTest1000(6220.182014914314d,&quot;6220.18 zł&quot;)" computerName="DESKTOP-5URQ9PB" duration="00:00:00.0000190" startTime="2022-06-13T21:12:35.2191698+02:00" endTime="2022-06-13T21:12:35.2191888+02:00" testType="13cdc9d9-ddb5-4fa4-a97d-d965ccfc6d4b" outcome="Passed" testListId="8c84fa94-04c1-424b-9868-57a2d4851a1d" relativeResultsDirectory="9ca7d951-692d-4f95-a8b9-81c656a8f6f3" />
    <UnitTestResult executionId="b828e4c9-d167-4c74-bc9d-2119b8762735" testId="511f69f7-a0fb-1d5f-80a7-db38c945bbc4" testName="FormatToStringTest1000(67338.80028760935d,&quot;67338.80 zł&quot;)" computerName="DESKTOP-5URQ9PB" duration="00:00:00.0000190" startTime="2022-06-13T21:12:35.2032464+02:00" endTime="2022-06-13T21:12:35.2032651+02:00" testType="13cdc9d9-ddb5-4fa4-a97d-d965ccfc6d4b" outcome="Passed" testListId="8c84fa94-04c1-424b-9868-57a2d4851a1d" relativeResultsDirectory="b828e4c9-d167-4c74-bc9d-2119b8762735" />
    <UnitTestResult executionId="b553df59-e7b5-46f0-ad02-88d1a29a8a68" testId="b58070c8-bc7f-712e-31bb-2a11be9cfc18" testName="FormatToStringTest1000(23789.556920184546d,&quot;23789.56 zł&quot;)" computerName="DESKTOP-5URQ9PB" duration="00:00:00.0000190" startTime="2022-06-13T21:12:35.2265371+02:00" endTime="2022-06-13T21:12:35.2265561+02:00" testType="13cdc9d9-ddb5-4fa4-a97d-d965ccfc6d4b" outcome="Passed" testListId="8c84fa94-04c1-424b-9868-57a2d4851a1d" relativeResultsDirectory="b553df59-e7b5-46f0-ad02-88d1a29a8a68" />
    <UnitTestResult executionId="308f65da-8fac-4a04-95c2-4d6fc2503c62" testId="84185e06-3828-77a5-d8c9-c2b462b8ff8c" testName="FormatToStringTest1000(2751.3751475258614d,&quot;2751.38 zł&quot;)" computerName="DESKTOP-5URQ9PB" duration="00:00:00.0000190" startTime="2022-06-13T21:12:35.2244135+02:00" endTime="2022-06-13T21:12:35.2244324+02:00" testType="13cdc9d9-ddb5-4fa4-a97d-d965ccfc6d4b" outcome="Passed" testListId="8c84fa94-04c1-424b-9868-57a2d4851a1d" relativeResultsDirectory="308f65da-8fac-4a04-95c2-4d6fc2503c62" />
    <UnitTestResult executionId="302505eb-9142-480b-a4a1-6758d838f123" testId="e8dae4f6-1eb2-866f-8693-bdd69c27bed8" testName="FormatToStringTest1000(1884.4923513031063d,&quot;1884.49 zł&quot;)" computerName="DESKTOP-5URQ9PB" duration="00:00:00.0000190" startTime="2022-06-13T21:12:35.2165411+02:00" endTime="2022-06-13T21:12:35.2165602+02:00" testType="13cdc9d9-ddb5-4fa4-a97d-d965ccfc6d4b" outcome="Passed" testListId="8c84fa94-04c1-424b-9868-57a2d4851a1d" relativeResultsDirectory="302505eb-9142-480b-a4a1-6758d838f123" />
    <UnitTestResult executionId="c46e23ea-f018-45ea-8e56-9ac7b61741e9" testId="b09e548c-5a83-3ac9-fa3f-e5118e38e1d9" testName="FormatToStringTest1000(2166.4103293970275d,&quot;2166.41 zł&quot;)" computerName="DESKTOP-5URQ9PB" duration="00:00:00.0000200" startTime="2022-06-13T21:12:35.2155515+02:00" endTime="2022-06-13T21:12:35.2155710+02:00" testType="13cdc9d9-ddb5-4fa4-a97d-d965ccfc6d4b" outcome="Passed" testListId="8c84fa94-04c1-424b-9868-57a2d4851a1d" relativeResultsDirectory="c46e23ea-f018-45ea-8e56-9ac7b61741e9" />
    <UnitTestResult executionId="c274e7df-2385-46ae-a405-5f9405211dcd" testId="b639588e-b414-82b2-fe24-5fe49a4a3ad3" testName="FormatToStringTest1000(545.7016866634142d,&quot;545.70 zł&quot;)" computerName="DESKTOP-5URQ9PB" duration="00:00:00.0000190" startTime="2022-06-13T21:12:35.2161628+02:00" endTime="2022-06-13T21:12:35.2161814+02:00" testType="13cdc9d9-ddb5-4fa4-a97d-d965ccfc6d4b" outcome="Passed" testListId="8c84fa94-04c1-424b-9868-57a2d4851a1d" relativeResultsDirectory="c274e7df-2385-46ae-a405-5f9405211dcd" />
    <UnitTestResult executionId="cf6df4b4-3e22-4468-96a4-7621aa27228f" testId="0f39fcee-dd2f-44a0-e35a-8e74fa0a37f5" testName="FormatToStringTest1000(47431.868885526375d,&quot;47431.87 zł&quot;)" computerName="DESKTOP-5URQ9PB" duration="00:00:00.0000190" startTime="2022-06-13T21:12:35.2163647+02:00" endTime="2022-06-13T21:12:35.2163835+02:00" testType="13cdc9d9-ddb5-4fa4-a97d-d965ccfc6d4b" outcome="Passed" testListId="8c84fa94-04c1-424b-9868-57a2d4851a1d" relativeResultsDirectory="cf6df4b4-3e22-4468-96a4-7621aa27228f" />
    <UnitTestResult executionId="226e8a5d-f799-48ea-ace6-d08bb6c56ccc" testId="7b7d00bb-4c5b-d8fb-b3ca-8abd900cc00f" testName="FormatToStringTest1000(30499.08272379734d,&quot;30499.08 zł&quot;)" computerName="DESKTOP-5URQ9PB" duration="00:00:00.0000230" startTime="2022-06-13T21:12:35.2216682+02:00" endTime="2022-06-13T21:12:35.2216911+02:00" testType="13cdc9d9-ddb5-4fa4-a97d-d965ccfc6d4b" outcome="Passed" testListId="8c84fa94-04c1-424b-9868-57a2d4851a1d" relativeResultsDirectory="226e8a5d-f799-48ea-ace6-d08bb6c56ccc" />
    <UnitTestResult executionId="20db71bc-0358-4973-b351-3c8d6c5036cf" testId="78845691-c87f-d12e-20f9-3035745796be" testName="FormatToStringTest1000(21221.884746198488d,&quot;21221.88 zł&quot;)" computerName="DESKTOP-5URQ9PB" duration="00:00:00.0000190" startTime="2022-06-13T21:12:35.2191201+02:00" endTime="2022-06-13T21:12:35.2191393+02:00" testType="13cdc9d9-ddb5-4fa4-a97d-d965ccfc6d4b" outcome="Passed" testListId="8c84fa94-04c1-424b-9868-57a2d4851a1d" relativeResultsDirectory="20db71bc-0358-4973-b351-3c8d6c5036cf" />
    <UnitTestResult executionId="2fe35ef3-6327-482a-83db-bfab952fcbf6" testId="ddcae2eb-b1a6-813a-a49c-5333a490205e" testName="FormatToStringTest1000(29845.02749849345d,&quot;29845.03 zł&quot;)" computerName="DESKTOP-5URQ9PB" duration="00:00:00.0000190" startTime="2022-06-13T21:12:35.2093329+02:00" endTime="2022-06-13T21:12:35.2093514+02:00" testType="13cdc9d9-ddb5-4fa4-a97d-d965ccfc6d4b" outcome="Passed" testListId="8c84fa94-04c1-424b-9868-57a2d4851a1d" relativeResultsDirectory="2fe35ef3-6327-482a-83db-bfab952fcbf6" />
    <UnitTestResult executionId="640de988-42ee-45bb-b793-407ec3fb2d25" testId="9a621664-b485-1b19-02d4-7ca92799a60b" testName="FormatToStringTest1000(13286.856387228174d,&quot;13286.86 zł&quot;)" computerName="DESKTOP-5URQ9PB" duration="00:00:00.0000190" startTime="2022-06-13T21:12:35.2225586+02:00" endTime="2022-06-13T21:12:35.2225774+02:00" testType="13cdc9d9-ddb5-4fa4-a97d-d965ccfc6d4b" outcome="Passed" testListId="8c84fa94-04c1-424b-9868-57a2d4851a1d" relativeResultsDirectory="640de988-42ee-45bb-b793-407ec3fb2d25" />
    <UnitTestResult executionId="667fae61-4900-42ae-b53d-bbd3f6d1bf25" testId="1e5c078d-f94d-c926-473c-575e7ad77b95" testName="FormatToStringTest1000(2409.393997763001d,&quot;2409.39 zł&quot;)" computerName="DESKTOP-5URQ9PB" duration="00:00:00.0000190" startTime="2022-06-13T21:12:35.2060167+02:00" endTime="2022-06-13T21:12:35.2060356+02:00" testType="13cdc9d9-ddb5-4fa4-a97d-d965ccfc6d4b" outcome="Passed" testListId="8c84fa94-04c1-424b-9868-57a2d4851a1d" relativeResultsDirectory="667fae61-4900-42ae-b53d-bbd3f6d1bf25" />
    <UnitTestResult executionId="e9c24abb-cc47-4600-834b-ce6ccbf8c2a9" testId="86a3d4f1-4730-e078-7812-a2cb42758d4b" testName="FormatToStringTest1000(58848.60825001477d,&quot;58848.61 zł&quot;)" computerName="DESKTOP-5URQ9PB" duration="00:00:00.0000200" startTime="2022-06-13T21:12:35.2043376+02:00" endTime="2022-06-13T21:12:35.2043568+02:00" testType="13cdc9d9-ddb5-4fa4-a97d-d965ccfc6d4b" outcome="Passed" testListId="8c84fa94-04c1-424b-9868-57a2d4851a1d" relativeResultsDirectory="e9c24abb-cc47-4600-834b-ce6ccbf8c2a9" />
    <UnitTestResult executionId="1e56ece4-b112-4208-bbc0-011ae58be0ef" testId="b6307f6f-0923-1f5a-926e-f404ac915b20" testName="FormatToStringTest1000(26174.290999793586d,&quot;26174.29 zł&quot;)" computerName="DESKTOP-5URQ9PB" duration="00:00:00.0000190" startTime="2022-06-13T21:12:35.2237623+02:00" endTime="2022-06-13T21:12:35.2237808+02:00" testType="13cdc9d9-ddb5-4fa4-a97d-d965ccfc6d4b" outcome="Passed" testListId="8c84fa94-04c1-424b-9868-57a2d4851a1d" relativeResultsDirectory="1e56ece4-b112-4208-bbc0-011ae58be0ef" />
    <UnitTestResult executionId="4d780ca1-7a8c-45d9-8577-95a9e5cee5b6" testId="1eb4d4f7-74ca-78cd-f76d-cc295b6f3916" testName="FormatToStringTest1000(4116.417580192638d,&quot;4116.42 zł&quot;)" computerName="DESKTOP-5URQ9PB" duration="00:00:00.0000190" startTime="2022-06-13T21:12:35.2154490+02:00" endTime="2022-06-13T21:12:35.2154683+02:00" testType="13cdc9d9-ddb5-4fa4-a97d-d965ccfc6d4b" outcome="Passed" testListId="8c84fa94-04c1-424b-9868-57a2d4851a1d" relativeResultsDirectory="4d780ca1-7a8c-45d9-8577-95a9e5cee5b6" />
    <UnitTestResult executionId="15c16647-2e8d-4534-b1aa-75556b169ea3" testId="cee9a7d1-ec49-f6f1-a300-399ccd3bc1b7" testName="FormatToStringTest1000(66019.32414194118d,&quot;66019.32 zł&quot;)" computerName="DESKTOP-5URQ9PB" duration="00:00:00.0000210" startTime="2022-06-13T21:12:35.2031925+02:00" endTime="2022-06-13T21:12:35.2032135+02:00" testType="13cdc9d9-ddb5-4fa4-a97d-d965ccfc6d4b" outcome="Passed" testListId="8c84fa94-04c1-424b-9868-57a2d4851a1d" relativeResultsDirectory="15c16647-2e8d-4534-b1aa-75556b169ea3" />
    <UnitTestResult executionId="f228d074-62ec-4a40-948e-dd2853884d9b" testId="ccf96e16-5dc0-3f30-2892-511f78cf3dfc" testName="FormatToStringTest1000(14100.01255469211d,&quot;14100.01 zł&quot;)" computerName="DESKTOP-5URQ9PB" duration="00:00:00.0000190" startTime="2022-06-13T21:12:35.2071532+02:00" endTime="2022-06-13T21:12:35.2071721+02:00" testType="13cdc9d9-ddb5-4fa4-a97d-d965ccfc6d4b" outcome="Passed" testListId="8c84fa94-04c1-424b-9868-57a2d4851a1d" relativeResultsDirectory="f228d074-62ec-4a40-948e-dd2853884d9b" />
    <UnitTestResult executionId="b1cf9fce-9aa8-401e-be80-efe8549408de" testId="b286589b-6f00-2211-0fe0-b6cf97d63d0a" testName="FormatToStringTest1000(40556.73452524362d,&quot;40556.73 zł&quot;)" computerName="DESKTOP-5URQ9PB" duration="00:00:00.0000190" startTime="2022-06-13T21:12:35.2129646+02:00" endTime="2022-06-13T21:12:35.2129830+02:00" testType="13cdc9d9-ddb5-4fa4-a97d-d965ccfc6d4b" outcome="Passed" testListId="8c84fa94-04c1-424b-9868-57a2d4851a1d" relativeResultsDirectory="b1cf9fce-9aa8-401e-be80-efe8549408de" />
    <UnitTestResult executionId="5b49a954-c2b9-4750-94eb-8ecfe33f07e5" testId="28a678d1-0284-2779-ed67-e16002278e6b" testName="FormatToStringTest1000(6145.531235831571d,&quot;6145.53 zł&quot;)" computerName="DESKTOP-5URQ9PB" duration="00:00:00.0000190" startTime="2022-06-13T21:12:35.2109199+02:00" endTime="2022-06-13T21:12:35.2109383+02:00" testType="13cdc9d9-ddb5-4fa4-a97d-d965ccfc6d4b" outcome="Passed" testListId="8c84fa94-04c1-424b-9868-57a2d4851a1d" relativeResultsDirectory="5b49a954-c2b9-4750-94eb-8ecfe33f07e5" />
    <UnitTestResult executionId="ab97a049-37bf-438b-8ede-bf78bf93d175" testId="d54410c1-a007-adf6-a1dc-8caa96e947a3" testName="FormatToStringTest1000(49037.8109120586d,&quot;49037.81 zł&quot;)" computerName="DESKTOP-5URQ9PB" duration="00:00:00.0000190" startTime="2022-06-13T21:12:35.2252480+02:00" endTime="2022-06-13T21:12:35.2252670+02:00" testType="13cdc9d9-ddb5-4fa4-a97d-d965ccfc6d4b" outcome="Passed" testListId="8c84fa94-04c1-424b-9868-57a2d4851a1d" relativeResultsDirectory="ab97a049-37bf-438b-8ede-bf78bf93d175" />
    <UnitTestResult executionId="ee646391-4766-4669-ac3d-73064fccf1e9" testId="e00200eb-3a34-f266-bd48-fa5530d514f6" testName="FormatToStringTest1000(21573.45329517613d,&quot;21573.45 zł&quot;)" computerName="DESKTOP-5URQ9PB" duration="00:00:00.0000190" startTime="2022-06-13T21:12:35.2277259+02:00" endTime="2022-06-13T21:12:35.2277450+02:00" testType="13cdc9d9-ddb5-4fa4-a97d-d965ccfc6d4b" outcome="Passed" testListId="8c84fa94-04c1-424b-9868-57a2d4851a1d" relativeResultsDirectory="ee646391-4766-4669-ac3d-73064fccf1e9" />
    <UnitTestResult executionId="1f0878ec-e7cb-470a-ba54-a62feb01c8ee" testId="5bc31484-16d9-023b-e244-308f6e26f09a" testName="FormatToStringTest1000(30320.450517486992d,&quot;30320.45 zł&quot;)" computerName="DESKTOP-5URQ9PB" duration="00:00:00.0000210" startTime="2022-06-13T21:12:35.2145382+02:00" endTime="2022-06-13T21:12:35.2145587+02:00" testType="13cdc9d9-ddb5-4fa4-a97d-d965ccfc6d4b" outcome="Passed" testListId="8c84fa94-04c1-424b-9868-57a2d4851a1d" relativeResultsDirectory="1f0878ec-e7cb-470a-ba54-a62feb01c8ee" />
    <UnitTestResult executionId="b8da026a-2c42-43f8-a55f-59248d74cef4" testId="19309037-483b-d4c8-73ea-f8f351cef324" testName="FormatToStringTest1000(16388.556189478633d,&quot;16388.56 zł&quot;)" computerName="DESKTOP-5URQ9PB" duration="00:00:00.0000200" startTime="2022-06-13T21:12:35.2225324+02:00" endTime="2022-06-13T21:12:35.2225524+02:00" testType="13cdc9d9-ddb5-4fa4-a97d-d965ccfc6d4b" outcome="Passed" testListId="8c84fa94-04c1-424b-9868-57a2d4851a1d" relativeResultsDirectory="b8da026a-2c42-43f8-a55f-59248d74cef4" />
    <UnitTestResult executionId="0cc48139-50eb-41e1-a64c-9e4d635a1659" testId="9e567b4f-5898-461c-b4e9-b51ec60ad377" testName="FormatToStringTest1000(22743.19734205827d,&quot;22743.20 zł&quot;)" computerName="DESKTOP-5URQ9PB" duration="00:00:00.0000190" startTime="2022-06-13T21:12:35.2107443+02:00" endTime="2022-06-13T21:12:35.2107630+02:00" testType="13cdc9d9-ddb5-4fa4-a97d-d965ccfc6d4b" outcome="Passed" testListId="8c84fa94-04c1-424b-9868-57a2d4851a1d" relativeResultsDirectory="0cc48139-50eb-41e1-a64c-9e4d635a1659" />
    <UnitTestResult executionId="6485645b-8eaa-4a5a-9370-d919c572b6fa" testId="615860d1-0b9e-6fa5-7fc7-61ac89388548" testName="FormatToStringTest1000(73477.18206926118d,&quot;73477.18 zł&quot;)" computerName="DESKTOP-5URQ9PB" duration="00:00:00.0000190" startTime="2022-06-13T21:12:35.2130886+02:00" endTime="2022-06-13T21:12:35.2131070+02:00" testType="13cdc9d9-ddb5-4fa4-a97d-d965ccfc6d4b" outcome="Passed" testListId="8c84fa94-04c1-424b-9868-57a2d4851a1d" relativeResultsDirectory="6485645b-8eaa-4a5a-9370-d919c572b6fa" />
    <UnitTestResult executionId="877d6c3f-4ce4-42b2-b03b-d07584404f40" testId="d15cb58b-9b62-cb4e-439e-72757eabb197" testName="FormatToStringTest1000(7753.724411372898d,&quot;7753.72 zł&quot;)" computerName="DESKTOP-5URQ9PB" duration="00:00:00.0000190" startTime="2022-06-13T21:12:35.2055803+02:00" endTime="2022-06-13T21:12:35.2055987+02:00" testType="13cdc9d9-ddb5-4fa4-a97d-d965ccfc6d4b" outcome="Passed" testListId="8c84fa94-04c1-424b-9868-57a2d4851a1d" relativeResultsDirectory="877d6c3f-4ce4-42b2-b03b-d07584404f40" />
    <UnitTestResult executionId="9119726f-5dda-4c76-8909-de53f2786369" testId="be59208d-36e7-073c-919d-21490848351c" testName="FormatToStringTest1000(6035.818653228608d,&quot;6035.82 zł&quot;)" computerName="DESKTOP-5URQ9PB" duration="00:00:00.0000190" startTime="2022-06-13T21:12:35.2108191+02:00" endTime="2022-06-13T21:12:35.2108381+02:00" testType="13cdc9d9-ddb5-4fa4-a97d-d965ccfc6d4b" outcome="Passed" testListId="8c84fa94-04c1-424b-9868-57a2d4851a1d" relativeResultsDirectory="9119726f-5dda-4c76-8909-de53f2786369" />
    <UnitTestResult executionId="895c47f9-1e03-46dc-b596-5e5f3259c0a2" testId="069167da-f488-ff65-4a0d-a2797b191242" testName="FormatToStringTest1000(395.45790295882983d,&quot;395.46 zł&quot;)" computerName="DESKTOP-5URQ9PB" duration="00:00:00.0000190" startTime="2022-06-13T21:12:35.2127136+02:00" endTime="2022-06-13T21:12:35.2127324+02:00" testType="13cdc9d9-ddb5-4fa4-a97d-d965ccfc6d4b" outcome="Passed" testListId="8c84fa94-04c1-424b-9868-57a2d4851a1d" relativeResultsDirectory="895c47f9-1e03-46dc-b596-5e5f3259c0a2" />
    <UnitTestResult executionId="3e99cc31-0507-4e89-b98d-91eb0c4a841a" testId="6abd158c-e0bd-4354-9fac-ab6a832540d0" testName="FormatToStringTest1000(68770.73008707525d,&quot;68770.73 zł&quot;)" computerName="DESKTOP-5URQ9PB" duration="00:00:00.0000190" startTime="2022-06-13T21:12:35.2111467+02:00" endTime="2022-06-13T21:12:35.2111656+02:00" testType="13cdc9d9-ddb5-4fa4-a97d-d965ccfc6d4b" outcome="Passed" testListId="8c84fa94-04c1-424b-9868-57a2d4851a1d" relativeResultsDirectory="3e99cc31-0507-4e89-b98d-91eb0c4a841a" />
    <UnitTestResult executionId="27c2a6d9-3612-4664-9cab-27ded980ff6a" testId="848d2a90-a6ed-8153-c519-d66b9a7193d9" testName="FormatToStringTest1000(1963.0091662979728d,&quot;1963.01 zł&quot;)" computerName="DESKTOP-5URQ9PB" duration="00:00:00.0000200" startTime="2022-06-13T21:12:35.2226874+02:00" endTime="2022-06-13T21:12:35.2227074+02:00" testType="13cdc9d9-ddb5-4fa4-a97d-d965ccfc6d4b" outcome="Passed" testListId="8c84fa94-04c1-424b-9868-57a2d4851a1d" relativeResultsDirectory="27c2a6d9-3612-4664-9cab-27ded980ff6a" />
    <UnitTestResult executionId="0c4c43cc-81ac-4b29-88cd-30886f5e8e7e" testId="6b324d3b-5796-c056-8636-0eb49b18ead5" testName="FormatToStringTest1000(8542.520616738833d,&quot;8542.52 zł&quot;)" computerName="DESKTOP-5URQ9PB" duration="00:00:00.0000190" startTime="2022-06-13T21:12:35.2209569+02:00" endTime="2022-06-13T21:12:35.2209753+02:00" testType="13cdc9d9-ddb5-4fa4-a97d-d965ccfc6d4b" outcome="Passed" testListId="8c84fa94-04c1-424b-9868-57a2d4851a1d" relativeResultsDirectory="0c4c43cc-81ac-4b29-88cd-30886f5e8e7e" />
    <UnitTestResult executionId="4df3ae48-7bb9-45e4-9df6-dde1a0069ae3" testId="ea15b94d-4a9c-5bee-a95c-770e518c855b" testName="FormatToStringTest1000(24528.124092612474d,&quot;24528.12 zł&quot;)" computerName="DESKTOP-5URQ9PB" duration="00:00:00.0000200" startTime="2022-06-13T21:12:35.2104462+02:00" endTime="2022-06-13T21:12:35.2104661+02:00" testType="13cdc9d9-ddb5-4fa4-a97d-d965ccfc6d4b" outcome="Passed" testListId="8c84fa94-04c1-424b-9868-57a2d4851a1d" relativeResultsDirectory="4df3ae48-7bb9-45e4-9df6-dde1a0069ae3" />
    <UnitTestResult executionId="5df47b14-37c3-44e3-845d-7c324c7a1f56" testId="a1098879-b96c-d9e8-87b7-d514474f9769" testName="FormatToStringTest1000(17455.15807988595d,&quot;17455.16 zł&quot;)" computerName="DESKTOP-5URQ9PB" duration="00:00:00.0000190" startTime="2022-06-13T21:12:35.2231667+02:00" endTime="2022-06-13T21:12:35.2231860+02:00" testType="13cdc9d9-ddb5-4fa4-a97d-d965ccfc6d4b" outcome="Passed" testListId="8c84fa94-04c1-424b-9868-57a2d4851a1d" relativeResultsDirectory="5df47b14-37c3-44e3-845d-7c324c7a1f56" />
    <UnitTestResult executionId="14699b0e-10fd-4117-a571-485bced59787" testId="4aa2fb53-f9e4-f471-3a9f-14715f467049" testName="FormatToStringTest1000(44361.82678515177d,&quot;44361.83 zł&quot;)" computerName="DESKTOP-5URQ9PB" duration="00:00:00.0000190" startTime="2022-06-13T21:12:35.2260444+02:00" endTime="2022-06-13T21:12:35.2260628+02:00" testType="13cdc9d9-ddb5-4fa4-a97d-d965ccfc6d4b" outcome="Passed" testListId="8c84fa94-04c1-424b-9868-57a2d4851a1d" relativeResultsDirectory="14699b0e-10fd-4117-a571-485bced59787" />
    <UnitTestResult executionId="3fd89812-d138-4d21-9fe3-c4907a3bc02e" testId="6b24d61a-9019-1031-1c97-d03508d4eb29" testName="FormatToStringTest1000(5759.256266560991d,&quot;5759.26 zł&quot;)" computerName="DESKTOP-5URQ9PB" duration="00:00:00.0000200" startTime="2022-06-13T21:12:35.2159100+02:00" endTime="2022-06-13T21:12:35.2159299+02:00" testType="13cdc9d9-ddb5-4fa4-a97d-d965ccfc6d4b" outcome="Passed" testListId="8c84fa94-04c1-424b-9868-57a2d4851a1d" relativeResultsDirectory="3fd89812-d138-4d21-9fe3-c4907a3bc02e" />
    <UnitTestResult executionId="87577990-db9d-45a1-a3d7-0169dbc4833e" testId="a2988576-488b-e6d4-a498-af48b96efbdb" testName="FormatToStringTest1000(24570.65594858893d,&quot;24570.66 zł&quot;)" computerName="DESKTOP-5URQ9PB" duration="00:00:00.0000180" startTime="2022-06-13T21:12:35.2081787+02:00" endTime="2022-06-13T21:12:35.2081968+02:00" testType="13cdc9d9-ddb5-4fa4-a97d-d965ccfc6d4b" outcome="Passed" testListId="8c84fa94-04c1-424b-9868-57a2d4851a1d" relativeResultsDirectory="87577990-db9d-45a1-a3d7-0169dbc4833e" />
    <UnitTestResult executionId="1c78e37c-3356-4e37-8cbe-dd7e27462a27" testId="491de118-700b-88eb-ac68-d71ffdabe000" testName="FormatToStringTest1000(63291.50274994015d,&quot;63291.50 zł&quot;)" computerName="DESKTOP-5URQ9PB" duration="00:00:00.0000190" startTime="2022-06-13T21:12:35.2140432+02:00" endTime="2022-06-13T21:12:35.2140617+02:00" testType="13cdc9d9-ddb5-4fa4-a97d-d965ccfc6d4b" outcome="Passed" testListId="8c84fa94-04c1-424b-9868-57a2d4851a1d" relativeResultsDirectory="1c78e37c-3356-4e37-8cbe-dd7e27462a27" />
    <UnitTestResult executionId="4a66b3d4-24b9-452d-a744-3704e3242694" testId="fd8f048e-524e-5d70-1d66-0ffeb121313b" testName="FormatToStringTest1000(7890.044272348771d,&quot;7890.04 zł&quot;)" computerName="DESKTOP-5URQ9PB" duration="00:00:00.0000190" startTime="2022-06-13T21:12:35.2158097+02:00" endTime="2022-06-13T21:12:35.2158286+02:00" testType="13cdc9d9-ddb5-4fa4-a97d-d965ccfc6d4b" outcome="Passed" testListId="8c84fa94-04c1-424b-9868-57a2d4851a1d" relativeResultsDirectory="4a66b3d4-24b9-452d-a744-3704e3242694" />
    <UnitTestResult executionId="5cf2ed32-4d2e-448c-81ac-e16cff9d848f" testId="39003167-8a78-92df-7e4f-41dcd0888168" testName="FormatToStringTest1000(37589.670531794276d,&quot;37589.67 zł&quot;)" computerName="DESKTOP-5URQ9PB" duration="00:00:00.0000190" startTime="2022-06-13T21:12:35.2031149+02:00" endTime="2022-06-13T21:12:35.2031332+02:00" testType="13cdc9d9-ddb5-4fa4-a97d-d965ccfc6d4b" outcome="Passed" testListId="8c84fa94-04c1-424b-9868-57a2d4851a1d" relativeResultsDirectory="5cf2ed32-4d2e-448c-81ac-e16cff9d848f" />
    <UnitTestResult executionId="2dfe105a-fcc9-4710-a6a5-c73bdad9f65e" testId="20901353-a2d3-ecac-3452-4c8d3e93293d" testName="FormatToStringTest1000(3270.482477338743d,&quot;3270.48 zł&quot;)" computerName="DESKTOP-5URQ9PB" duration="00:00:00.0000200" startTime="2022-06-13T21:12:35.2213884+02:00" endTime="2022-06-13T21:12:35.2214084+02:00" testType="13cdc9d9-ddb5-4fa4-a97d-d965ccfc6d4b" outcome="Passed" testListId="8c84fa94-04c1-424b-9868-57a2d4851a1d" relativeResultsDirectory="2dfe105a-fcc9-4710-a6a5-c73bdad9f65e" />
    <UnitTestResult executionId="694e593c-6500-4986-b371-dc0d9b45323e" testId="803aabd0-814c-fa5a-ba0b-84820a2be95d" testName="FormatToStringTest1000(11796.576829059317d,&quot;11796.58 zł&quot;)" computerName="DESKTOP-5URQ9PB" duration="00:00:00.0000200" startTime="2022-06-13T21:12:35.2236302+02:00" endTime="2022-06-13T21:12:35.2236503+02:00" testType="13cdc9d9-ddb5-4fa4-a97d-d965ccfc6d4b" outcome="Passed" testListId="8c84fa94-04c1-424b-9868-57a2d4851a1d" relativeResultsDirectory="694e593c-6500-4986-b371-dc0d9b45323e" />
    <UnitTestResult executionId="095fbbb0-6dcd-4b94-b6b7-d9e594755303" testId="9aef4d88-299a-c26b-3a27-57af3cba67d3" testName="FormatToStringTest1000(10527.083945901639d,&quot;10527.08 zł&quot;)" computerName="DESKTOP-5URQ9PB" duration="00:00:00.0000180" startTime="2022-06-13T21:12:35.2222292+02:00" endTime="2022-06-13T21:12:35.2222474+02:00" testType="13cdc9d9-ddb5-4fa4-a97d-d965ccfc6d4b" outcome="Passed" testListId="8c84fa94-04c1-424b-9868-57a2d4851a1d" relativeResultsDirectory="095fbbb0-6dcd-4b94-b6b7-d9e594755303" />
    <UnitTestResult executionId="90584e61-a66f-4b5d-9d78-16e2c7088dc1" testId="c54c0d26-3d52-7638-d0ec-e651814ad808" testName="FormatToStringTest1000(2346.9964869427477d,&quot;2347.00 zł&quot;)" computerName="DESKTOP-5URQ9PB" duration="00:00:00.0000200" startTime="2022-06-13T21:12:35.2117828+02:00" endTime="2022-06-13T21:12:35.2118022+02:00" testType="13cdc9d9-ddb5-4fa4-a97d-d965ccfc6d4b" outcome="Passed" testListId="8c84fa94-04c1-424b-9868-57a2d4851a1d" relativeResultsDirectory="90584e61-a66f-4b5d-9d78-16e2c7088dc1" />
    <UnitTestResult executionId="71b90e87-6747-4319-a7db-e1f5898ca958" testId="7c29140c-1ee9-b980-7778-18b11231f8a3" testName="FormatToStringTest1000(40400.9734049295d,&quot;40400.97 zł&quot;)" computerName="DESKTOP-5URQ9PB" duration="00:00:00.0000190" startTime="2022-06-13T21:12:35.2099962+02:00" endTime="2022-06-13T21:12:35.2100145+02:00" testType="13cdc9d9-ddb5-4fa4-a97d-d965ccfc6d4b" outcome="Passed" testListId="8c84fa94-04c1-424b-9868-57a2d4851a1d" relativeResultsDirectory="71b90e87-6747-4319-a7db-e1f5898ca958" />
    <UnitTestResult executionId="86d72ac2-39c8-4d30-8e0e-2c23064bfde9" testId="b039aca6-d089-bcbd-2727-394bcd0025e0" testName="FormatToStringTest1000(20643.69044446465d,&quot;20643.69 zł&quot;)" computerName="DESKTOP-5URQ9PB" duration="00:00:00.0000190" startTime="2022-06-13T21:12:35.2208069+02:00" endTime="2022-06-13T21:12:35.2208255+02:00" testType="13cdc9d9-ddb5-4fa4-a97d-d965ccfc6d4b" outcome="Passed" testListId="8c84fa94-04c1-424b-9868-57a2d4851a1d" relativeResultsDirectory="86d72ac2-39c8-4d30-8e0e-2c23064bfde9" />
    <UnitTestResult executionId="a4d0cbf1-4903-4cce-8818-9b7b8d93ddb0" testId="ce8c4658-51b9-647a-8bb3-9c2995dd5a3c" testName="FormatToStringTest1000(45070.5442499493d,&quot;45070.54 zł&quot;)" computerName="DESKTOP-5URQ9PB" duration="00:00:00.0000190" startTime="2022-06-13T21:12:35.2221027+02:00" endTime="2022-06-13T21:12:35.2221219+02:00" testType="13cdc9d9-ddb5-4fa4-a97d-d965ccfc6d4b" outcome="Passed" testListId="8c84fa94-04c1-424b-9868-57a2d4851a1d" relativeResultsDirectory="a4d0cbf1-4903-4cce-8818-9b7b8d93ddb0" />
    <UnitTestResult executionId="c2a660cb-f6e0-4801-9cba-fc8bb929d9e6" testId="5eb51ac6-bd9f-5d8a-8a44-d83118d83beb" testName="FormatToStringTest1000(11175.438820935526d,&quot;11175.44 zł&quot;)" computerName="DESKTOP-5URQ9PB" duration="00:00:00.0000190" startTime="2022-06-13T21:12:35.2075761+02:00" endTime="2022-06-13T21:12:35.2075944+02:00" testType="13cdc9d9-ddb5-4fa4-a97d-d965ccfc6d4b" outcome="Passed" testListId="8c84fa94-04c1-424b-9868-57a2d4851a1d" relativeResultsDirectory="c2a660cb-f6e0-4801-9cba-fc8bb929d9e6" />
    <UnitTestResult executionId="afa62930-165c-4c74-9e92-86681773e29e" testId="35de634f-b340-f79b-b6a0-46426bd56e47" testName="FormatToStringTest1000(24137.016609529506d,&quot;24137.02 zł&quot;)" computerName="DESKTOP-5URQ9PB" duration="00:00:00.0000190" startTime="2022-06-13T21:12:35.2233188+02:00" endTime="2022-06-13T21:12:35.2233378+02:00" testType="13cdc9d9-ddb5-4fa4-a97d-d965ccfc6d4b" outcome="Passed" testListId="8c84fa94-04c1-424b-9868-57a2d4851a1d" relativeResultsDirectory="afa62930-165c-4c74-9e92-86681773e29e" />
    <UnitTestResult executionId="ffefb4ad-137d-4a9c-9cca-e2eaf7312a1e" testId="99d674fc-9d36-ee84-15f3-75180d0ffbf0" testName="FormatToStringTest1000(9818.257405763146d,&quot;9818.26 zł&quot;)" computerName="DESKTOP-5URQ9PB" duration="00:00:00.0000200" startTime="2022-06-13T21:12:35.2207311+02:00" endTime="2022-06-13T21:12:35.2207506+02:00" testType="13cdc9d9-ddb5-4fa4-a97d-d965ccfc6d4b" outcome="Passed" testListId="8c84fa94-04c1-424b-9868-57a2d4851a1d" relativeResultsDirectory="ffefb4ad-137d-4a9c-9cca-e2eaf7312a1e" />
    <UnitTestResult executionId="25beebd4-ca32-4956-bd99-25ff05564671" testId="7d53e131-e454-48a3-7f61-9c807826acb2" testName="FormatToStringTest1000(13503.943645929892d,&quot;13503.94 zł&quot;)" computerName="DESKTOP-5URQ9PB" duration="00:00:00.0000200" startTime="2022-06-13T21:12:35.2050997+02:00" endTime="2022-06-13T21:12:35.2051195+02:00" testType="13cdc9d9-ddb5-4fa4-a97d-d965ccfc6d4b" outcome="Passed" testListId="8c84fa94-04c1-424b-9868-57a2d4851a1d" relativeResultsDirectory="25beebd4-ca32-4956-bd99-25ff05564671" />
    <UnitTestResult executionId="02b825ff-b862-4312-88be-4d573ea993c6" testId="cbe7ad88-c615-fcac-7be4-3d317fe5861e" testName="FormatToStringTest1000(41972.39431566763d,&quot;41972.39 zł&quot;)" computerName="DESKTOP-5URQ9PB" duration="00:00:00.0000250" startTime="2022-06-13T21:12:35.2141434+02:00" endTime="2022-06-13T21:12:35.2141676+02:00" testType="13cdc9d9-ddb5-4fa4-a97d-d965ccfc6d4b" outcome="Passed" testListId="8c84fa94-04c1-424b-9868-57a2d4851a1d" relativeResultsDirectory="02b825ff-b862-4312-88be-4d573ea993c6" />
    <UnitTestResult executionId="7ccf5bfe-3d93-4e31-bffa-5466c6b6bf56" testId="b781e920-c895-0d1c-5363-71c65713c53a" testName="FormatToStringTest1000(238.1379397484185d,&quot;238.14 zł&quot;)" computerName="DESKTOP-5URQ9PB" duration="00:00:00.0000190" startTime="2022-06-13T21:12:35.2093825+02:00" endTime="2022-06-13T21:12:35.2094008+02:00" testType="13cdc9d9-ddb5-4fa4-a97d-d965ccfc6d4b" outcome="Passed" testListId="8c84fa94-04c1-424b-9868-57a2d4851a1d" relativeResultsDirectory="7ccf5bfe-3d93-4e31-bffa-5466c6b6bf56" />
    <UnitTestResult executionId="33f9d886-03b1-4855-a257-a80e20950d10" testId="85799221-0b36-0e4a-ef29-ad83f50e6bbd" testName="FormatToStringTest1000(1568.615240217473d,&quot;1568.62 zł&quot;)" computerName="DESKTOP-5URQ9PB" duration="00:00:00.0000200" startTime="2022-06-13T21:12:35.2230286+02:00" endTime="2022-06-13T21:12:35.2230478+02:00" testType="13cdc9d9-ddb5-4fa4-a97d-d965ccfc6d4b" outcome="Passed" testListId="8c84fa94-04c1-424b-9868-57a2d4851a1d" relativeResultsDirectory="33f9d886-03b1-4855-a257-a80e20950d10" />
    <UnitTestResult executionId="909c875c-7aaa-48cc-a64b-84be37a1c085" testId="ad74bc79-5a2e-0559-0112-48492a8006d2" testName="FormatToStringTest1000(52481.07276821932d,&quot;52481.07 zł&quot;)" computerName="DESKTOP-5URQ9PB" duration="00:00:00.0000190" startTime="2022-06-13T21:12:35.2204733+02:00" endTime="2022-06-13T21:12:35.2204920+02:00" testType="13cdc9d9-ddb5-4fa4-a97d-d965ccfc6d4b" outcome="Passed" testListId="8c84fa94-04c1-424b-9868-57a2d4851a1d" relativeResultsDirectory="909c875c-7aaa-48cc-a64b-84be37a1c085" />
    <UnitTestResult executionId="5bfa24cb-08f6-4dc9-ae61-ef78fe757445" testId="f9588db6-8045-6ceb-1c29-858ccdaab727" testName="FormatToStringTest1000(32213.734885384205d,&quot;32213.73 zł&quot;)" computerName="DESKTOP-5URQ9PB" duration="00:00:00.0000200" startTime="2022-06-13T21:12:35.2204988+02:00" endTime="2022-06-13T21:12:35.2205184+02:00" testType="13cdc9d9-ddb5-4fa4-a97d-d965ccfc6d4b" outcome="Passed" testListId="8c84fa94-04c1-424b-9868-57a2d4851a1d" relativeResultsDirectory="5bfa24cb-08f6-4dc9-ae61-ef78fe757445" />
    <UnitTestResult executionId="79ce52a0-54ab-4fd8-bef5-b54e758d4faa" testId="c2d4c482-09cf-e240-a7e7-520d6f5ce617" testName="FormatToStringTest1000(18340.935049000167d,&quot;18340.94 zł&quot;)" computerName="DESKTOP-5URQ9PB" duration="00:00:00.0000190" startTime="2022-06-13T21:12:35.2073020+02:00" endTime="2022-06-13T21:12:35.2073208+02:00" testType="13cdc9d9-ddb5-4fa4-a97d-d965ccfc6d4b" outcome="Passed" testListId="8c84fa94-04c1-424b-9868-57a2d4851a1d" relativeResultsDirectory="79ce52a0-54ab-4fd8-bef5-b54e758d4faa" />
    <UnitTestResult executionId="8d760053-57f4-427c-8a66-b8b03f5fe008" testId="f1dc036c-9edd-e200-4e53-f62b2f9452ea" testName="FormatToStringTest1000(803.2448148733214d,&quot;803.24 zł&quot;)" computerName="DESKTOP-5URQ9PB" duration="00:00:00.0000190" startTime="2022-06-13T21:12:35.2257931+02:00" endTime="2022-06-13T21:12:35.2258122+02:00" testType="13cdc9d9-ddb5-4fa4-a97d-d965ccfc6d4b" outcome="Passed" testListId="8c84fa94-04c1-424b-9868-57a2d4851a1d" relativeResultsDirectory="8d760053-57f4-427c-8a66-b8b03f5fe008" />
    <UnitTestResult executionId="2a9845fb-8e66-4381-a33e-b4c45d150839" testId="e6f60af7-eaed-5b55-816d-6d2a50c98932" testName="FormatToStringTest1000(29975.4018974022d,&quot;29975.40 zł&quot;)" computerName="DESKTOP-5URQ9PB" duration="00:00:00.0000190" startTime="2022-06-13T21:12:35.2223806+02:00" endTime="2022-06-13T21:12:35.2223994+02:00" testType="13cdc9d9-ddb5-4fa4-a97d-d965ccfc6d4b" outcome="Passed" testListId="8c84fa94-04c1-424b-9868-57a2d4851a1d" relativeResultsDirectory="2a9845fb-8e66-4381-a33e-b4c45d150839" />
    <UnitTestResult executionId="0edd9290-681d-436a-a931-44692c798a07" testId="2d12ad1b-0cfb-a7f2-de41-7d109965ff4a" testName="FormatToStringTest1000(35384.637112688106d,&quot;35384.64 zł&quot;)" computerName="DESKTOP-5URQ9PB" duration="00:00:00.0000200" startTime="2022-06-13T21:12:35.2215669+02:00" endTime="2022-06-13T21:12:35.2215867+02:00" testType="13cdc9d9-ddb5-4fa4-a97d-d965ccfc6d4b" outcome="Passed" testListId="8c84fa94-04c1-424b-9868-57a2d4851a1d" relativeResultsDirectory="0edd9290-681d-436a-a931-44692c798a07" />
    <UnitTestResult executionId="cb7c343d-81ce-408f-8514-53a654e33532" testId="a6621eb8-15a7-fc8e-d862-31d4f5bc69d0" testName="FormatToStringTest1000(27629.79121039193d,&quot;27629.79 zł&quot;)" computerName="DESKTOP-5URQ9PB" duration="00:00:00.0000190" startTime="2022-06-13T21:12:35.2114694+02:00" endTime="2022-06-13T21:12:35.2114880+02:00" testType="13cdc9d9-ddb5-4fa4-a97d-d965ccfc6d4b" outcome="Passed" testListId="8c84fa94-04c1-424b-9868-57a2d4851a1d" relativeResultsDirectory="cb7c343d-81ce-408f-8514-53a654e33532" />
    <UnitTestResult executionId="e2519087-b3fe-46bc-ab6d-7efcd792a866" testId="8f24487f-448e-3b5a-351c-88c069a107d6" testName="FormatToStringTest1000(56286.70397975702d,&quot;56286.70 zł&quot;)" computerName="DESKTOP-5URQ9PB" duration="00:00:00.0000190" startTime="2022-06-13T21:12:35.2199961+02:00" endTime="2022-06-13T21:12:35.2200147+02:00" testType="13cdc9d9-ddb5-4fa4-a97d-d965ccfc6d4b" outcome="Passed" testListId="8c84fa94-04c1-424b-9868-57a2d4851a1d" relativeResultsDirectory="e2519087-b3fe-46bc-ab6d-7efcd792a866" />
    <UnitTestResult executionId="272e7227-2808-4e15-8414-f31cffb35c2a" testId="55977c6e-f784-84a1-391e-15480b7266b6" testName="FormatToStringTest1000(6266.232005888704d,&quot;6266.23 zł&quot;)" computerName="DESKTOP-5URQ9PB" duration="00:00:00.0000190" startTime="2022-06-13T21:12:35.2182576+02:00" endTime="2022-06-13T21:12:35.2182759+02:00" testType="13cdc9d9-ddb5-4fa4-a97d-d965ccfc6d4b" outcome="Passed" testListId="8c84fa94-04c1-424b-9868-57a2d4851a1d" relativeResultsDirectory="272e7227-2808-4e15-8414-f31cffb35c2a" />
    <UnitTestResult executionId="2d86909a-cb80-4a85-8946-c1dc70bba7c3" testId="1f8c3026-17e4-68c3-c899-dd2458b787d5" testName="FormatToStringTest1000(72659.37876478041d,&quot;72659.38 zł&quot;)" computerName="DESKTOP-5URQ9PB" duration="00:00:00.0000180" startTime="2022-06-13T21:12:35.2202242+02:00" endTime="2022-06-13T21:12:35.2202424+02:00" testType="13cdc9d9-ddb5-4fa4-a97d-d965ccfc6d4b" outcome="Passed" testListId="8c84fa94-04c1-424b-9868-57a2d4851a1d" relativeResultsDirectory="2d86909a-cb80-4a85-8946-c1dc70bba7c3" />
    <UnitTestResult executionId="43e39ac8-e330-4c30-8c64-c76c9a1de89f" testId="b972bb3a-6c4e-4339-3ada-7c478c5f6ecf" testName="FormatToStringTest1000(11157.981051815665d,&quot;11157.98 zł&quot;)" computerName="DESKTOP-5URQ9PB" duration="00:00:00.0000190" startTime="2022-06-13T21:12:35.2128396+02:00" endTime="2022-06-13T21:12:35.2128585+02:00" testType="13cdc9d9-ddb5-4fa4-a97d-d965ccfc6d4b" outcome="Passed" testListId="8c84fa94-04c1-424b-9868-57a2d4851a1d" relativeResultsDirectory="43e39ac8-e330-4c30-8c64-c76c9a1de89f" />
    <UnitTestResult executionId="3bf34e71-5792-4e5a-90bb-813fa777c4f0" testId="c6bf636f-3c18-b5d6-1346-58450e782d22" testName="FormatToStringTest1000(50550.645020282194d,&quot;50550.65 zł&quot;)" computerName="DESKTOP-5URQ9PB" duration="00:00:00.0000280" startTime="2022-06-13T21:12:35.2169039+02:00" endTime="2022-06-13T21:12:35.2169316+02:00" testType="13cdc9d9-ddb5-4fa4-a97d-d965ccfc6d4b" outcome="Passed" testListId="8c84fa94-04c1-424b-9868-57a2d4851a1d" relativeResultsDirectory="3bf34e71-5792-4e5a-90bb-813fa777c4f0" />
    <UnitTestResult executionId="9d5acfec-3c0c-4a1b-b251-bd73bff459bc" testId="f995d454-4ebf-d775-1609-24b3016af07c" testName="FormatToStringTest1000(7348.947429818543d,&quot;7348.95 zł&quot;)" computerName="DESKTOP-5URQ9PB" duration="00:00:00.0000200" startTime="2022-06-13T21:12:35.2093074+02:00" endTime="2022-06-13T21:12:35.2093267+02:00" testType="13cdc9d9-ddb5-4fa4-a97d-d965ccfc6d4b" outcome="Passed" testListId="8c84fa94-04c1-424b-9868-57a2d4851a1d" relativeResultsDirectory="9d5acfec-3c0c-4a1b-b251-bd73bff459bc" />
    <UnitTestResult executionId="6cc23109-c263-4b82-b276-7034eb0d8549" testId="c32a55d2-5cd9-4241-ed27-6ec6eee4b3b0" testName="FormatToStringTest1000(24646.322657574587d,&quot;24646.32 zł&quot;)" computerName="DESKTOP-5URQ9PB" duration="00:00:00.0000190" startTime="2022-06-13T21:12:35.2119081+02:00" endTime="2022-06-13T21:12:35.2119270+02:00" testType="13cdc9d9-ddb5-4fa4-a97d-d965ccfc6d4b" outcome="Passed" testListId="8c84fa94-04c1-424b-9868-57a2d4851a1d" relativeResultsDirectory="6cc23109-c263-4b82-b276-7034eb0d8549" />
    <UnitTestResult executionId="af0d66d5-2777-4840-bfb7-756137799193" testId="bcaccf95-48bd-f1b0-c691-d2f1e6a4e3bd" testName="FormatToStringTest1000(17252.06220983903d,&quot;17252.06 zł&quot;)" computerName="DESKTOP-5URQ9PB" duration="00:00:00.0000190" startTime="2022-06-13T21:12:35.2042876+02:00" endTime="2022-06-13T21:12:35.2043062+02:00" testType="13cdc9d9-ddb5-4fa4-a97d-d965ccfc6d4b" outcome="Passed" testListId="8c84fa94-04c1-424b-9868-57a2d4851a1d" relativeResultsDirectory="af0d66d5-2777-4840-bfb7-756137799193" />
    <UnitTestResult executionId="1b83864a-2b06-48d6-99c5-c780457b56df" testId="7e68fea7-1e52-0c32-44b4-1e38c3c836bc" testName="FormatToStringTest1000(66723.3293191657d,&quot;66723.33 zł&quot;)" computerName="DESKTOP-5URQ9PB" duration="00:00:00.0000190" startTime="2022-06-13T21:12:35.2079065+02:00" endTime="2022-06-13T21:12:35.2079254+02:00" testType="13cdc9d9-ddb5-4fa4-a97d-d965ccfc6d4b" outcome="Passed" testListId="8c84fa94-04c1-424b-9868-57a2d4851a1d" relativeResultsDirectory="1b83864a-2b06-48d6-99c5-c780457b56df" />
    <UnitTestResult executionId="33b076c1-009c-4660-afec-f14d90d603be" testId="d84ea56f-1773-91fe-6056-1fcd6ce44e0e" testName="FormatToStringTest1000(23662.291816162084d,&quot;23662.29 zł&quot;)" computerName="DESKTOP-5URQ9PB" duration="00:00:00.0000250" startTime="2022-06-13T21:12:35.2246849+02:00" endTime="2022-06-13T21:12:35.2247094+02:00" testType="13cdc9d9-ddb5-4fa4-a97d-d965ccfc6d4b" outcome="Passed" testListId="8c84fa94-04c1-424b-9868-57a2d4851a1d" relativeResultsDirectory="33b076c1-009c-4660-afec-f14d90d603be" />
    <UnitTestResult executionId="826b9a70-719a-4f96-ac60-3b11e047d370" testId="9629fd85-821b-932c-4f6c-d14c57ed62b0" testName="FormatToStringTest1000(22494.46807976834d,&quot;22494.47 zł&quot;)" computerName="DESKTOP-5URQ9PB" duration="00:00:00.0000190" startTime="2022-06-13T21:12:35.2209319+02:00" endTime="2022-06-13T21:12:35.2209509+02:00" testType="13cdc9d9-ddb5-4fa4-a97d-d965ccfc6d4b" outcome="Passed" testListId="8c84fa94-04c1-424b-9868-57a2d4851a1d" relativeResultsDirectory="826b9a70-719a-4f96-ac60-3b11e047d370" />
    <UnitTestResult executionId="5858e014-0143-4195-a1ce-f1a1b548f300" testId="04967881-3d44-4f25-5839-6dd3eae8bd89" testName="FormatToStringTest1000(57671.67669738675d,&quot;57671.68 zł&quot;)" computerName="DESKTOP-5URQ9PB" duration="00:00:00.0000190" startTime="2022-06-13T21:12:35.2254979+02:00" endTime="2022-06-13T21:12:35.2255167+02:00" testType="13cdc9d9-ddb5-4fa4-a97d-d965ccfc6d4b" outcome="Passed" testListId="8c84fa94-04c1-424b-9868-57a2d4851a1d" relativeResultsDirectory="5858e014-0143-4195-a1ce-f1a1b548f300" />
    <UnitTestResult executionId="a87fe900-7034-48cf-8358-deb22952438a" testId="4d3ac1b1-3fbf-8e2e-a5b3-6011afbd1d48" testName="FormatToStringTest1000(1751.7703038522834d,&quot;1751.77 zł&quot;)" computerName="DESKTOP-5URQ9PB" duration="00:00:00.0000190" startTime="2022-06-13T21:12:35.2148568+02:00" endTime="2022-06-13T21:12:35.2148760+02:00" testType="13cdc9d9-ddb5-4fa4-a97d-d965ccfc6d4b" outcome="Passed" testListId="8c84fa94-04c1-424b-9868-57a2d4851a1d" relativeResultsDirectory="a87fe900-7034-48cf-8358-deb22952438a" />
    <UnitTestResult executionId="79812b64-d500-4108-b1b3-44ef51e91c3b" testId="4c344495-4967-8a3c-49bd-83047e73dd58" testName="FormatToStringTest1000(159.83786031922224d,&quot;159.84 zł&quot;)" computerName="DESKTOP-5URQ9PB" duration="00:00:00.0000190" startTime="2022-06-13T21:12:35.2034046+02:00" endTime="2022-06-13T21:12:35.2034229+02:00" testType="13cdc9d9-ddb5-4fa4-a97d-d965ccfc6d4b" outcome="Passed" testListId="8c84fa94-04c1-424b-9868-57a2d4851a1d" relativeResultsDirectory="79812b64-d500-4108-b1b3-44ef51e91c3b" />
    <UnitTestResult executionId="ed0c3ee0-e8f7-4291-b24d-b0e315eef89f" testId="958c8c55-b3b0-31c1-8935-1d44afe5a8c0" testName="FormatToStringTest1000(9754.291367935619d,&quot;9754.29 zł&quot;)" computerName="DESKTOP-5URQ9PB" duration="00:00:00.0000180" startTime="2022-06-13T21:12:35.2280278+02:00" endTime="2022-06-13T21:12:35.2280459+02:00" testType="13cdc9d9-ddb5-4fa4-a97d-d965ccfc6d4b" outcome="Passed" testListId="8c84fa94-04c1-424b-9868-57a2d4851a1d" relativeResultsDirectory="ed0c3ee0-e8f7-4291-b24d-b0e315eef89f" />
    <UnitTestResult executionId="357560a3-90d6-4802-8933-4839dc78d446" testId="d8dcd89f-df1d-9e50-f8f8-844883603fea" testName="FormatToStringTest1000(3649.9254912836127d,&quot;3649.93 zł&quot;)" computerName="DESKTOP-5URQ9PB" duration="00:00:00.0000180" startTime="2022-06-13T21:12:35.2275476+02:00" endTime="2022-06-13T21:12:35.2275658+02:00" testType="13cdc9d9-ddb5-4fa4-a97d-d965ccfc6d4b" outcome="Passed" testListId="8c84fa94-04c1-424b-9868-57a2d4851a1d" relativeResultsDirectory="357560a3-90d6-4802-8933-4839dc78d446" />
    <UnitTestResult executionId="c1fa1d52-d0a5-441d-917a-df5a881724d0" testId="c2a86a28-0c33-4ec7-8c21-c750433881c4" testName="FormatToStringTest1000(468.83385119346616d,&quot;468.83 zł&quot;)" computerName="DESKTOP-5URQ9PB" duration="00:00:00.0000190" startTime="2022-06-13T21:12:35.2034288+02:00" endTime="2022-06-13T21:12:35.2034475+02:00" testType="13cdc9d9-ddb5-4fa4-a97d-d965ccfc6d4b" outcome="Passed" testListId="8c84fa94-04c1-424b-9868-57a2d4851a1d" relativeResultsDirectory="c1fa1d52-d0a5-441d-917a-df5a881724d0" />
    <UnitTestResult executionId="bb4b8ffd-d20b-4ec6-b401-c24e7e1d1214" testId="0bcee855-d67d-6b06-b494-da6df454ba12" testName="FormatToStringTest1000(19208.676036795914d,&quot;19208.68 zł&quot;)" computerName="DESKTOP-5URQ9PB" duration="00:00:00.0000190" startTime="2022-06-13T21:12:35.2198227+02:00" endTime="2022-06-13T21:12:35.2198418+02:00" testType="13cdc9d9-ddb5-4fa4-a97d-d965ccfc6d4b" outcome="Passed" testListId="8c84fa94-04c1-424b-9868-57a2d4851a1d" relativeResultsDirectory="bb4b8ffd-d20b-4ec6-b401-c24e7e1d1214" />
    <UnitTestResult executionId="21e1978c-1084-478e-9484-2a6ee489cde7" testId="f6401660-be6e-6eb8-4af7-4a88425589c4" testName="FormatToStringTest1000(20454.142628653506d,&quot;20454.14 zł&quot;)" computerName="DESKTOP-5URQ9PB" duration="00:00:00.0000190" startTime="2022-06-13T21:12:35.2105488+02:00" endTime="2022-06-13T21:12:35.2105676+02:00" testType="13cdc9d9-ddb5-4fa4-a97d-d965ccfc6d4b" outcome="Passed" testListId="8c84fa94-04c1-424b-9868-57a2d4851a1d" relativeResultsDirectory="21e1978c-1084-478e-9484-2a6ee489cde7" />
    <UnitTestResult executionId="fd56ba21-5587-472a-8d1f-092afe6693eb" testId="fad10d32-e0c1-4a39-6168-5252fb0f8392" testName="FormatToStringTest1000(13337.80490493486d,&quot;13337.80 zł&quot;)" computerName="DESKTOP-5URQ9PB" duration="00:00:00.0000190" startTime="2022-06-13T21:12:35.2271960+02:00" endTime="2022-06-13T21:12:35.2272148+02:00" testType="13cdc9d9-ddb5-4fa4-a97d-d965ccfc6d4b" outcome="Passed" testListId="8c84fa94-04c1-424b-9868-57a2d4851a1d" relativeResultsDirectory="fd56ba21-5587-472a-8d1f-092afe6693eb" />
    <UnitTestResult executionId="e040c056-543a-4973-86a7-0b44d3c54cd0" testId="6c172272-73ee-1f81-5332-f3180f21fb30" testName="FormatToStringTest1000(20623.53139885493d,&quot;20623.53 zł&quot;)" computerName="DESKTOP-5URQ9PB" duration="00:00:00.0000200" startTime="2022-06-13T21:12:35.2069539+02:00" endTime="2022-06-13T21:12:35.2069732+02:00" testType="13cdc9d9-ddb5-4fa4-a97d-d965ccfc6d4b" outcome="Passed" testListId="8c84fa94-04c1-424b-9868-57a2d4851a1d" relativeResultsDirectory="e040c056-543a-4973-86a7-0b44d3c54cd0" />
    <UnitTestResult executionId="3dc3bf51-9a81-43c0-8af5-6c1bab4390c6" testId="762e5ce4-0443-8529-2419-b15e6b3af056" testName="FormatToStringTest1000(43222.47958431695d,&quot;43222.48 zł&quot;)" computerName="DESKTOP-5URQ9PB" duration="00:00:00.0000190" startTime="2022-06-13T21:12:35.2055302+02:00" endTime="2022-06-13T21:12:35.2055488+02:00" testType="13cdc9d9-ddb5-4fa4-a97d-d965ccfc6d4b" outcome="Passed" testListId="8c84fa94-04c1-424b-9868-57a2d4851a1d" relativeResultsDirectory="3dc3bf51-9a81-43c0-8af5-6c1bab4390c6" />
    <UnitTestResult executionId="d4d84a17-e38d-4331-979e-0a698b856a8e" testId="9c16a4f2-9784-74bb-775d-5911328260bf" testName="FormatToStringTest1000(13568.230982493717d,&quot;13568.23 zł&quot;)" computerName="DESKTOP-5URQ9PB" duration="00:00:00.0000200" startTime="2022-06-13T21:12:35.2167477+02:00" endTime="2022-06-13T21:12:35.2167675+02:00" testType="13cdc9d9-ddb5-4fa4-a97d-d965ccfc6d4b" outcome="Passed" testListId="8c84fa94-04c1-424b-9868-57a2d4851a1d" relativeResultsDirectory="d4d84a17-e38d-4331-979e-0a698b856a8e" />
    <UnitTestResult executionId="8de05b8f-14e5-4b93-bdf0-6f0565db5074" testId="43e0f701-5f55-5e32-84f3-972dc14c0c0b" testName="FormatToStringTest1000(15414.175096961751d,&quot;15414.18 zł&quot;)" computerName="DESKTOP-5URQ9PB" duration="00:00:00.0000190" startTime="2022-06-13T21:12:35.2050494+02:00" endTime="2022-06-13T21:12:35.2050685+02:00" testType="13cdc9d9-ddb5-4fa4-a97d-d965ccfc6d4b" outcome="Passed" testListId="8c84fa94-04c1-424b-9868-57a2d4851a1d" relativeResultsDirectory="8de05b8f-14e5-4b93-bdf0-6f0565db5074" />
    <UnitTestResult executionId="5a8fdbe3-66a0-4ff5-8e8b-22b107a3c9be" testId="506d41c9-bfc8-bf08-1307-c55fbf29a8e5" testName="FormatToStringTest1000(15566.957545477411d,&quot;15566.96 zł&quot;)" computerName="DESKTOP-5URQ9PB" duration="00:00:00.0000200" startTime="2022-06-13T21:12:35.2045125+02:00" endTime="2022-06-13T21:12:35.2045321+02:00" testType="13cdc9d9-ddb5-4fa4-a97d-d965ccfc6d4b" outcome="Passed" testListId="8c84fa94-04c1-424b-9868-57a2d4851a1d" relativeResultsDirectory="5a8fdbe3-66a0-4ff5-8e8b-22b107a3c9be" />
    <UnitTestResult executionId="89455b49-5869-4917-9ccc-e2d678c7a25d" testId="58ed8150-ee65-8df8-a854-bba06457b4da" testName="FormatToStringTest1000(20445.11280083149d,&quot;20445.11 zł&quot;)" computerName="DESKTOP-5URQ9PB" duration="00:00:00.0000190" startTime="2022-06-13T21:12:35.2227138+02:00" endTime="2022-06-13T21:12:35.2227323+02:00" testType="13cdc9d9-ddb5-4fa4-a97d-d965ccfc6d4b" outcome="Passed" testListId="8c84fa94-04c1-424b-9868-57a2d4851a1d" relativeResultsDirectory="89455b49-5869-4917-9ccc-e2d678c7a25d" />
    <UnitTestResult executionId="bc265ae2-1a59-4d61-8a52-cafc3e805709" testId="35a2b898-28ef-3d54-ad66-b8bbc7ede2a3" testName="FormatToStringTest1000(19796.212103914568d,&quot;19796.21 zł&quot;)" computerName="DESKTOP-5URQ9PB" duration="00:00:00.0000200" startTime="2022-06-13T21:12:35.2145904+02:00" endTime="2022-06-13T21:12:35.2146107+02:00" testType="13cdc9d9-ddb5-4fa4-a97d-d965ccfc6d4b" outcome="Passed" testListId="8c84fa94-04c1-424b-9868-57a2d4851a1d" relativeResultsDirectory="bc265ae2-1a59-4d61-8a52-cafc3e805709" />
    <UnitTestResult executionId="4e7b004a-6b19-4cae-85ec-03b5a87b622e" testId="3f6f5d68-0845-7e29-25ea-1750d0b3ad97" testName="FormatToStringTest1000(88489.14069749469d,&quot;88489.14 zł&quot;)" computerName="DESKTOP-5URQ9PB" duration="00:00:00.0000190" startTime="2022-06-13T21:12:35.2270950+02:00" endTime="2022-06-13T21:12:35.2271140+02:00" testType="13cdc9d9-ddb5-4fa4-a97d-d965ccfc6d4b" outcome="Passed" testListId="8c84fa94-04c1-424b-9868-57a2d4851a1d" relativeResultsDirectory="4e7b004a-6b19-4cae-85ec-03b5a87b622e" />
    <UnitTestResult executionId="67c1b0f7-6f79-4067-97c4-04197747053c" testId="7476f680-f31f-6c35-e7e5-6a1da5d08bf1" testName="FormatToStringTest1000(10661.19584154207d,&quot;10661.20 zł&quot;)" computerName="DESKTOP-5URQ9PB" duration="00:00:00.0000200" startTime="2022-06-13T21:12:35.2201474+02:00" endTime="2022-06-13T21:12:35.2201667+02:00" testType="13cdc9d9-ddb5-4fa4-a97d-d965ccfc6d4b" outcome="Passed" testListId="8c84fa94-04c1-424b-9868-57a2d4851a1d" relativeResultsDirectory="67c1b0f7-6f79-4067-97c4-04197747053c" />
    <UnitTestResult executionId="df8957c5-0d37-4893-a0bc-e2c3f373ee31" testId="03f880df-4361-699a-9da6-4d3bc3d9d5a7" testName="FormatToStringTest1000(9558.453124931293d,&quot;9558.45 zł&quot;)" computerName="DESKTOP-5URQ9PB" duration="00:00:00.0000190" startTime="2022-06-13T21:12:35.2090576+02:00" endTime="2022-06-13T21:12:35.2090765+02:00" testType="13cdc9d9-ddb5-4fa4-a97d-d965ccfc6d4b" outcome="Passed" testListId="8c84fa94-04c1-424b-9868-57a2d4851a1d" relativeResultsDirectory="df8957c5-0d37-4893-a0bc-e2c3f373ee31" />
    <UnitTestResult executionId="3da6ccfc-340e-4c5d-b328-1d0190d55ef1" testId="39c7a244-b75e-9f86-9d15-adfafecd21ca" testName="FormatToStringTest1000(5548.360986085777d,&quot;5548.36 zł&quot;)" computerName="DESKTOP-5URQ9PB" duration="00:00:00.0000190" startTime="2022-06-13T21:12:35.2182328+02:00" endTime="2022-06-13T21:12:35.2182514+02:00" testType="13cdc9d9-ddb5-4fa4-a97d-d965ccfc6d4b" outcome="Passed" testListId="8c84fa94-04c1-424b-9868-57a2d4851a1d" relativeResultsDirectory="3da6ccfc-340e-4c5d-b328-1d0190d55ef1" />
    <UnitTestResult executionId="9b41c2b3-9477-460e-9079-63a1f218fb35" testId="0d37f434-250b-5238-45a8-c128f2ef42ef" testName="FormatToStringTest1000(46790.41011887715d,&quot;46790.41 zł&quot;)" computerName="DESKTOP-5URQ9PB" duration="00:00:00.0000230" startTime="2022-06-13T21:12:35.2151632+02:00" endTime="2022-06-13T21:12:35.2151862+02:00" testType="13cdc9d9-ddb5-4fa4-a97d-d965ccfc6d4b" outcome="Passed" testListId="8c84fa94-04c1-424b-9868-57a2d4851a1d" relativeResultsDirectory="9b41c2b3-9477-460e-9079-63a1f218fb35" />
    <UnitTestResult executionId="25f94997-9840-404a-9626-c29aceb7f13e" testId="7490fb46-9b1e-86c6-a053-c9324b70ce91" testName="FormatToStringTest1000(27893.312729890138d,&quot;27893.31 zł&quot;)" computerName="DESKTOP-5URQ9PB" duration="00:00:00.0000190" startTime="2022-06-13T21:12:35.2038136+02:00" endTime="2022-06-13T21:12:35.2038322+02:00" testType="13cdc9d9-ddb5-4fa4-a97d-d965ccfc6d4b" outcome="Passed" testListId="8c84fa94-04c1-424b-9868-57a2d4851a1d" relativeResultsDirectory="25f94997-9840-404a-9626-c29aceb7f13e" />
    <UnitTestResult executionId="77e99428-da79-44bb-84f2-caa9744a3123" testId="860765f6-59d4-c798-166f-19857f828734" testName="FormatToStringTest1000(53192.79032742269d,&quot;53192.79 zł&quot;)" computerName="DESKTOP-5URQ9PB" duration="00:00:00.0000200" startTime="2022-06-13T21:12:35.2277759+02:00" endTime="2022-06-13T21:12:35.2277957+02:00" testType="13cdc9d9-ddb5-4fa4-a97d-d965ccfc6d4b" outcome="Passed" testListId="8c84fa94-04c1-424b-9868-57a2d4851a1d" relativeResultsDirectory="77e99428-da79-44bb-84f2-caa9744a3123" />
    <UnitTestResult executionId="682e4e7f-2ef5-41f4-ab46-a055bad1f48d" testId="80a01599-be59-3356-d51c-3d8e6f327fd1" testName="FormatToStringTest1000(88616.03808168416d,&quot;88616.04 zł&quot;)" computerName="DESKTOP-5URQ9PB" duration="00:00:00.0000200" startTime="2022-06-13T21:12:35.2241124+02:00" endTime="2022-06-13T21:12:35.2241318+02:00" testType="13cdc9d9-ddb5-4fa4-a97d-d965ccfc6d4b" outcome="Passed" testListId="8c84fa94-04c1-424b-9868-57a2d4851a1d" relativeResultsDirectory="682e4e7f-2ef5-41f4-ab46-a055bad1f48d" />
    <UnitTestResult executionId="e44c48ac-18fe-4630-8bcb-10613a4ae6f3" testId="1fa0b0ac-82b7-821b-a6bd-11883f4b16c1" testName="FormatToStringTest1000(30034.922435005625d,&quot;30034.92 zł&quot;)" computerName="DESKTOP-5URQ9PB" duration="00:00:00.0000190" startTime="2022-06-13T21:12:35.2253228+02:00" endTime="2022-06-13T21:12:35.2253414+02:00" testType="13cdc9d9-ddb5-4fa4-a97d-d965ccfc6d4b" outcome="Passed" testListId="8c84fa94-04c1-424b-9868-57a2d4851a1d" relativeResultsDirectory="e44c48ac-18fe-4630-8bcb-10613a4ae6f3" />
    <UnitTestResult executionId="2186ec5d-778e-4590-a0aa-29082f94011e" testId="7c3fcb5f-2001-b092-5026-72ef7da49275" testName="FormatToStringTest1000(8885.065440211942d,&quot;8885.07 zł&quot;)" computerName="DESKTOP-5URQ9PB" duration="00:00:00.0000190" startTime="2022-06-13T21:12:35.2140932+02:00" endTime="2022-06-13T21:12:35.2141117+02:00" testType="13cdc9d9-ddb5-4fa4-a97d-d965ccfc6d4b" outcome="Passed" testListId="8c84fa94-04c1-424b-9868-57a2d4851a1d" relativeResultsDirectory="2186ec5d-778e-4590-a0aa-29082f94011e" />
    <UnitTestResult executionId="4cee4cd9-a80c-4056-b908-ea5274a5a330" testId="0ebe3939-f18c-dec0-703f-01349ca5c1ad" testName="FormatToStringTest1000(1676.7913981754293d,&quot;1676.79 zł&quot;)" computerName="DESKTOP-5URQ9PB" duration="00:00:00.0000190" startTime="2022-06-13T21:12:35.2171426+02:00" endTime="2022-06-13T21:12:35.2171609+02:00" testType="13cdc9d9-ddb5-4fa4-a97d-d965ccfc6d4b" outcome="Passed" testListId="8c84fa94-04c1-424b-9868-57a2d4851a1d" relativeResultsDirectory="4cee4cd9-a80c-4056-b908-ea5274a5a330" />
    <UnitTestResult executionId="42e56729-b370-4e80-a98e-a7e4ba273090" testId="46c08f6b-08d4-7992-5df4-ed97e4b42fc1" testName="FormatToStringTest1000(78822.37212685234d,&quot;78822.37 zł&quot;)" computerName="DESKTOP-5URQ9PB" duration="00:00:00.0000200" startTime="2022-06-13T21:12:35.2040613+02:00" endTime="2022-06-13T21:12:35.2040810+02:00" testType="13cdc9d9-ddb5-4fa4-a97d-d965ccfc6d4b" outcome="Passed" testListId="8c84fa94-04c1-424b-9868-57a2d4851a1d" relativeResultsDirectory="42e56729-b370-4e80-a98e-a7e4ba273090" />
    <UnitTestResult executionId="2464c1d6-5e08-49d0-be7a-f022d30e1d43" testId="fb9b5d5a-ec48-a3ed-07db-cf85d51b9faa" testName="FormatToStringTest1000(27942.393876474067d,&quot;27942.39 zł&quot;)" computerName="DESKTOP-5URQ9PB" duration="00:00:00.0000250" startTime="2022-06-13T21:12:35.2176716+02:00" endTime="2022-06-13T21:12:35.2176959+02:00" testType="13cdc9d9-ddb5-4fa4-a97d-d965ccfc6d4b" outcome="Passed" testListId="8c84fa94-04c1-424b-9868-57a2d4851a1d" relativeResultsDirectory="2464c1d6-5e08-49d0-be7a-f022d30e1d43" />
    <UnitTestResult executionId="73f4afdc-15aa-4288-a209-e186d9aaeb72" testId="333dd064-5f53-dea9-59e8-b7071262f9e7" testName="FormatToStringTest1000(77904.0088552246d,&quot;77904.01 zł&quot;)" computerName="DESKTOP-5URQ9PB" duration="00:00:00.0000200" startTime="2022-06-13T21:12:35.2048710+02:00" endTime="2022-06-13T21:12:35.2048906+02:00" testType="13cdc9d9-ddb5-4fa4-a97d-d965ccfc6d4b" outcome="Passed" testListId="8c84fa94-04c1-424b-9868-57a2d4851a1d" relativeResultsDirectory="73f4afdc-15aa-4288-a209-e186d9aaeb72" />
    <UnitTestResult executionId="aa5ff187-0c05-43e9-9105-dc84c1062a34" testId="8ea3fac0-98e6-cacb-3107-71ef474d1509" testName="FormatToStringTest1000(675.4589376107133d,&quot;675.46 zł&quot;)" computerName="DESKTOP-5URQ9PB" duration="00:00:00.0000200" startTime="2022-06-13T21:12:35.2251211+02:00" endTime="2022-06-13T21:12:35.2251408+02:00" testType="13cdc9d9-ddb5-4fa4-a97d-d965ccfc6d4b" outcome="Passed" testListId="8c84fa94-04c1-424b-9868-57a2d4851a1d" relativeResultsDirectory="aa5ff187-0c05-43e9-9105-dc84c1062a34" />
    <UnitTestResult executionId="7447b12e-e550-4b0b-8bd2-0a1e5a2be4bf" testId="81df71bb-e962-4121-4d15-80e255b37b1f" testName="FormatToStringTest1000(13745.115971449817d,&quot;13745.12 zł&quot;)" computerName="DESKTOP-5URQ9PB" duration="00:00:00.0000190" startTime="2022-06-13T21:12:35.2071036+02:00" endTime="2022-06-13T21:12:35.2071221+02:00" testType="13cdc9d9-ddb5-4fa4-a97d-d965ccfc6d4b" outcome="Passed" testListId="8c84fa94-04c1-424b-9868-57a2d4851a1d" relativeResultsDirectory="7447b12e-e550-4b0b-8bd2-0a1e5a2be4bf" />
    <UnitTestResult executionId="2468a873-1fb1-4417-b83e-8bfcef84f1b5" testId="5c165fdb-5b2a-6ca5-1c7a-4f504d003e95" testName="FormatToStringTest1000(35905.47425787219d,&quot;35905.47 zł&quot;)" computerName="DESKTOP-5URQ9PB" duration="00:00:00.0000190" startTime="2022-06-13T21:12:35.2269185+02:00" endTime="2022-06-13T21:12:35.2269371+02:00" testType="13cdc9d9-ddb5-4fa4-a97d-d965ccfc6d4b" outcome="Passed" testListId="8c84fa94-04c1-424b-9868-57a2d4851a1d" relativeResultsDirectory="2468a873-1fb1-4417-b83e-8bfcef84f1b5" />
    <UnitTestResult executionId="9e41f593-764d-4372-a0e3-6478be02850e" testId="a6e465ee-f568-61da-4158-e730cb849679" testName="FormatToStringTest1000(4121.116360678857d,&quot;4121.12 zł&quot;)" computerName="DESKTOP-5URQ9PB" duration="00:00:00.0000190" startTime="2022-06-13T21:12:35.2138424+02:00" endTime="2022-06-13T21:12:35.2138611+02:00" testType="13cdc9d9-ddb5-4fa4-a97d-d965ccfc6d4b" outcome="Passed" testListId="8c84fa94-04c1-424b-9868-57a2d4851a1d" relativeResultsDirectory="9e41f593-764d-4372-a0e3-6478be02850e" />
    <UnitTestResult executionId="c3dfeb85-c413-4c40-94c2-8d4cd2a49259" testId="092c2603-fe15-2655-d7c6-015786763712" testName="FormatToStringTest1000(7182.939759099362d,&quot;7182.94 zł&quot;)" computerName="DESKTOP-5URQ9PB" duration="00:00:00.0000180" startTime="2022-06-13T21:12:35.2095068+02:00" endTime="2022-06-13T21:12:35.2095250+02:00" testType="13cdc9d9-ddb5-4fa4-a97d-d965ccfc6d4b" outcome="Passed" testListId="8c84fa94-04c1-424b-9868-57a2d4851a1d" relativeResultsDirectory="c3dfeb85-c413-4c40-94c2-8d4cd2a49259" />
    <UnitTestResult executionId="c49420e1-143d-4e43-8a2b-54d87ca2af64" testId="10d9efba-c25c-4837-b4ca-c51dd97ac398" testName="FormatToStringTest1000(24308.26523149212d,&quot;24308.27 zł&quot;)" computerName="DESKTOP-5URQ9PB" duration="00:00:00.0000290" startTime="2022-06-13T21:12:35.2257057+02:00" endTime="2022-06-13T21:12:35.2257344+02:00" testType="13cdc9d9-ddb5-4fa4-a97d-d965ccfc6d4b" outcome="Passed" testListId="8c84fa94-04c1-424b-9868-57a2d4851a1d" relativeResultsDirectory="c49420e1-143d-4e43-8a2b-54d87ca2af64" />
    <UnitTestResult executionId="c2de358c-0139-4339-90a5-437d97399038" testId="a95ff0ae-d4c3-2673-b0e9-9a7af3b33aba" testName="FormatToStringTest1000(653.4647999170537d,&quot;653.46 zł&quot;)" computerName="DESKTOP-5URQ9PB" duration="00:00:00.0000190" startTime="2022-06-13T21:12:35.2098949+02:00" endTime="2022-06-13T21:12:35.2099137+02:00" testType="13cdc9d9-ddb5-4fa4-a97d-d965ccfc6d4b" outcome="Passed" testListId="8c84fa94-04c1-424b-9868-57a2d4851a1d" relativeResultsDirectory="c2de358c-0139-4339-90a5-437d97399038" />
    <UnitTestResult executionId="33a09b1f-f134-4ebf-abcf-9a9f9420d65f" testId="5234899e-b699-a182-8741-15341fb350c8" testName="FormatToStringTest1000(16901.497392274203d,&quot;16901.50 zł&quot;)" computerName="DESKTOP-5URQ9PB" duration="00:00:00.0000190" startTime="2022-06-13T21:12:35.2181321+02:00" endTime="2022-06-13T21:12:35.2181506+02:00" testType="13cdc9d9-ddb5-4fa4-a97d-d965ccfc6d4b" outcome="Passed" testListId="8c84fa94-04c1-424b-9868-57a2d4851a1d" relativeResultsDirectory="33a09b1f-f134-4ebf-abcf-9a9f9420d65f" />
    <UnitTestResult executionId="80146d07-8e61-4c36-8ea1-99b92e4a81cd" testId="7806c973-d637-45cf-930a-0b315d29c540" testName="FormatToStringTest1000(15822.278766386342d,&quot;15822.28 zł&quot;)" computerName="DESKTOP-5URQ9PB" duration="00:00:00.0000190" startTime="2022-06-13T21:12:35.2108441+02:00" endTime="2022-06-13T21:12:35.2108627+02:00" testType="13cdc9d9-ddb5-4fa4-a97d-d965ccfc6d4b" outcome="Passed" testListId="8c84fa94-04c1-424b-9868-57a2d4851a1d" relativeResultsDirectory="80146d07-8e61-4c36-8ea1-99b92e4a81cd" />
    <UnitTestResult executionId="ff8192ee-5e86-4388-8537-717848072732" testId="05474d60-4c0c-5e35-b4fc-2df26a361c4d" testName="FormatToStringTest1000(480.2082316857801d,&quot;480.21 zł&quot;)" computerName="DESKTOP-5URQ9PB" duration="00:00:00.0000190" startTime="2022-06-13T21:12:35.2054040+02:00" endTime="2022-06-13T21:12:35.2054226+02:00" testType="13cdc9d9-ddb5-4fa4-a97d-d965ccfc6d4b" outcome="Passed" testListId="8c84fa94-04c1-424b-9868-57a2d4851a1d" relativeResultsDirectory="ff8192ee-5e86-4388-8537-717848072732" />
    <UnitTestResult executionId="c73af687-1d1b-4085-969f-7623ad49bd16" testId="510aaf45-0379-a668-36c0-4b4e838744ca" testName="FormatToStringTest1000(115.26302841131717d,&quot;115.26 zł&quot;)" computerName="DESKTOP-5URQ9PB" duration="00:00:00.0000190" startTime="2022-06-13T21:12:35.2074526+02:00" endTime="2022-06-13T21:12:35.2074710+02:00" testType="13cdc9d9-ddb5-4fa4-a97d-d965ccfc6d4b" outcome="Passed" testListId="8c84fa94-04c1-424b-9868-57a2d4851a1d" relativeResultsDirectory="c73af687-1d1b-4085-969f-7623ad49bd16" />
    <UnitTestResult executionId="42b46c6a-7d71-4371-ac3f-06bbbaec121a" testId="6a02a9a9-45fc-e93c-144a-ec579f6fd7df" testName="FormatToStringTest1000(14459.57059750686d,&quot;14459.57 zł&quot;)" computerName="DESKTOP-5URQ9PB" duration="00:00:00.0000200" startTime="2022-06-13T21:12:35.2096564+02:00" endTime="2022-06-13T21:12:35.2096759+02:00" testType="13cdc9d9-ddb5-4fa4-a97d-d965ccfc6d4b" outcome="Passed" testListId="8c84fa94-04c1-424b-9868-57a2d4851a1d" relativeResultsDirectory="42b46c6a-7d71-4371-ac3f-06bbbaec121a" />
    <UnitTestResult executionId="a46ce329-a183-4bfa-bd4f-cac4d79071f2" testId="45b47e45-8abc-9102-029a-0eb6ca1d5e58" testName="FormatToStringTest1000(15080.274618567097d,&quot;15080.27 zł&quot;)" computerName="DESKTOP-5URQ9PB" duration="00:00:00.0000190" startTime="2022-06-13T21:12:35.2139172+02:00" endTime="2022-06-13T21:12:35.2139362+02:00" testType="13cdc9d9-ddb5-4fa4-a97d-d965ccfc6d4b" outcome="Passed" testListId="8c84fa94-04c1-424b-9868-57a2d4851a1d" relativeResultsDirectory="a46ce329-a183-4bfa-bd4f-cac4d79071f2" />
    <UnitTestResult executionId="bce8f763-59c9-4e97-92bc-852894870ea9" testId="a99bf545-84e2-fafd-ee3f-5153803c3541" testName="FormatToStringTest1000(1011.9989482094529d,&quot;1012.00 zł&quot;)" computerName="DESKTOP-5URQ9PB" duration="00:00:00.0000200" startTime="2022-06-13T21:12:35.2183823+02:00" endTime="2022-06-13T21:12:35.2184018+02:00" testType="13cdc9d9-ddb5-4fa4-a97d-d965ccfc6d4b" outcome="Passed" testListId="8c84fa94-04c1-424b-9868-57a2d4851a1d" relativeResultsDirectory="bce8f763-59c9-4e97-92bc-852894870ea9" />
    <UnitTestResult executionId="43158ae5-031c-4e9b-84c2-a429c1293286" testId="1d439d51-4271-ce67-e4e0-d0b84f8d1caf" testName="FormatToStringTest1000(66284.43763489948d,&quot;66284.44 zł&quot;)" computerName="DESKTOP-5URQ9PB" duration="00:00:00.0000190" startTime="2022-06-13T21:12:35.2187405+02:00" endTime="2022-06-13T21:12:35.2187594+02:00" testType="13cdc9d9-ddb5-4fa4-a97d-d965ccfc6d4b" outcome="Passed" testListId="8c84fa94-04c1-424b-9868-57a2d4851a1d" relativeResultsDirectory="43158ae5-031c-4e9b-84c2-a429c1293286" />
    <UnitTestResult executionId="fd7e76b7-1e7a-485f-9204-f32593db2612" testId="0af23d0c-f1f0-deb1-181c-c50389a37384" testName="FormatToStringTest1000(19216.446905020366d,&quot;19216.45 zł&quot;)" computerName="DESKTOP-5URQ9PB" duration="00:00:00.0000200" startTime="2022-06-13T21:12:35.2056048+02:00" endTime="2022-06-13T21:12:35.2056245+02:00" testType="13cdc9d9-ddb5-4fa4-a97d-d965ccfc6d4b" outcome="Passed" testListId="8c84fa94-04c1-424b-9868-57a2d4851a1d" relativeResultsDirectory="fd7e76b7-1e7a-485f-9204-f32593db2612" />
    <UnitTestResult executionId="b708f296-23a8-4d2d-abb2-9f1d1343f41b" testId="6b63c191-3bae-08f6-ef80-e9550ed318c7" testName="FormatToStringTest1000(48544.390887578666d,&quot;48544.39 zł&quot;)" computerName="DESKTOP-5URQ9PB" duration="00:00:00.0000190" startTime="2022-06-13T21:12:35.2168495+02:00" endTime="2022-06-13T21:12:35.2168680+02:00" testType="13cdc9d9-ddb5-4fa4-a97d-d965ccfc6d4b" outcome="Passed" testListId="8c84fa94-04c1-424b-9868-57a2d4851a1d" relativeResultsDirectory="b708f296-23a8-4d2d-abb2-9f1d1343f41b" />
    <UnitTestResult executionId="9a1f0352-e80a-4422-b7b2-4ad8383868d7" testId="30b3b577-2061-3db5-edc3-bfd98a1a499f" testName="FormatToStringTest1000(5978.1197194131655d,&quot;5978.12 zł&quot;)" computerName="DESKTOP-5URQ9PB" duration="00:00:00.0000190" startTime="2022-06-13T21:12:35.2267433+02:00" endTime="2022-06-13T21:12:35.2267623+02:00" testType="13cdc9d9-ddb5-4fa4-a97d-d965ccfc6d4b" outcome="Passed" testListId="8c84fa94-04c1-424b-9868-57a2d4851a1d" relativeResultsDirectory="9a1f0352-e80a-4422-b7b2-4ad8383868d7" />
    <UnitTestResult executionId="b4fb84ab-00b1-41a1-bdde-163f126cc58d" testId="8a34d143-fbd5-8061-22f1-4fab44554570" testName="FormatToStringTest1000(75162.39407669863d,&quot;75162.39 zł&quot;)" computerName="DESKTOP-5URQ9PB" duration="00:00:00.0000200" startTime="2022-06-13T21:12:35.2078563+02:00" endTime="2022-06-13T21:12:35.2078758+02:00" testType="13cdc9d9-ddb5-4fa4-a97d-d965ccfc6d4b" outcome="Passed" testListId="8c84fa94-04c1-424b-9868-57a2d4851a1d" relativeResultsDirectory="b4fb84ab-00b1-41a1-bdde-163f126cc58d" />
    <UnitTestResult executionId="ba15dce9-e465-4409-adf5-1f6e647d631c" testId="d187567e-7ba7-c49e-1e54-13fd327095e9" testName="FormatToStringTest1000(1562.3173604776698d,&quot;1562.32 zł&quot;)" computerName="DESKTOP-5URQ9PB" duration="00:00:00.0000200" startTime="2022-06-13T21:12:35.2101461+02:00" endTime="2022-06-13T21:12:35.2101657+02:00" testType="13cdc9d9-ddb5-4fa4-a97d-d965ccfc6d4b" outcome="Passed" testListId="8c84fa94-04c1-424b-9868-57a2d4851a1d" relativeResultsDirectory="ba15dce9-e465-4409-adf5-1f6e647d631c" />
    <UnitTestResult executionId="d1142ea1-0b7d-4a3d-a068-846fbfa32d65" testId="5fa0a4c4-15f2-a193-6e7e-18d36636da1f" testName="FormatToStringTest1000(38845.74924104323d,&quot;38845.75 zł&quot;)" computerName="DESKTOP-5URQ9PB" duration="00:00:00.0000190" startTime="2022-06-13T21:12:35.2245621+02:00" endTime="2022-06-13T21:12:35.2245804+02:00" testType="13cdc9d9-ddb5-4fa4-a97d-d965ccfc6d4b" outcome="Passed" testListId="8c84fa94-04c1-424b-9868-57a2d4851a1d" relativeResultsDirectory="d1142ea1-0b7d-4a3d-a068-846fbfa32d65" />
    <UnitTestResult executionId="398db0eb-163d-4f4e-9cd9-60a4e7ea1fac" testId="832e2e19-99a8-b743-8cd7-c0180c963ece" testName="FormatToStringTest1000(5140.16338917155d,&quot;5140.16 zł&quot;)" computerName="DESKTOP-5URQ9PB" duration="00:00:00.0000190" startTime="2022-06-13T21:12:35.2185589+02:00" endTime="2022-06-13T21:12:35.2185775+02:00" testType="13cdc9d9-ddb5-4fa4-a97d-d965ccfc6d4b" outcome="Passed" testListId="8c84fa94-04c1-424b-9868-57a2d4851a1d" relativeResultsDirectory="398db0eb-163d-4f4e-9cd9-60a4e7ea1fac" />
    <UnitTestResult executionId="b31f0556-1c56-4096-b395-d88c2e6e3f62" testId="aff0dd6a-515d-d68f-384c-79614af1fe73" testName="FormatToStringTest1000(14063.90676654871d,&quot;14063.91 zł&quot;)" computerName="DESKTOP-5URQ9PB" duration="00:00:00.0000200" startTime="2022-06-13T21:12:35.2198967+02:00" endTime="2022-06-13T21:12:35.2199160+02:00" testType="13cdc9d9-ddb5-4fa4-a97d-d965ccfc6d4b" outcome="Passed" testListId="8c84fa94-04c1-424b-9868-57a2d4851a1d" relativeResultsDirectory="b31f0556-1c56-4096-b395-d88c2e6e3f62" />
    <UnitTestResult executionId="26db3fc5-b67d-4f1a-80df-a43e1fae5e18" testId="0e73995d-338f-84a3-7662-4ba2ece68a21" testName="FormatToStringTest1000(13027.93935961739d,&quot;13027.94 zł&quot;)" computerName="DESKTOP-5URQ9PB" duration="00:00:00.0000200" startTime="2022-06-13T21:12:35.2148821+02:00" endTime="2022-06-13T21:12:35.2149022+02:00" testType="13cdc9d9-ddb5-4fa4-a97d-d965ccfc6d4b" outcome="Passed" testListId="8c84fa94-04c1-424b-9868-57a2d4851a1d" relativeResultsDirectory="26db3fc5-b67d-4f1a-80df-a43e1fae5e18" />
    <UnitTestResult executionId="b701b27d-38c9-43db-819f-9bad3decb702" testId="dd25fada-bd11-6a30-c38c-abafcc1ac188" testName="FormatToStringTest1000(44499.288016808816d,&quot;44499.29 zł&quot;)" computerName="DESKTOP-5URQ9PB" duration="00:00:00.0000190" startTime="2022-06-13T21:12:35.2136586+02:00" endTime="2022-06-13T21:12:35.2136771+02:00" testType="13cdc9d9-ddb5-4fa4-a97d-d965ccfc6d4b" outcome="Passed" testListId="8c84fa94-04c1-424b-9868-57a2d4851a1d" relativeResultsDirectory="b701b27d-38c9-43db-819f-9bad3decb702" />
    <UnitTestResult executionId="1ef910bd-baf8-4b44-96b5-be7165a03d0f" testId="a5617ce6-af44-3da3-775d-82bd0343fcd9" testName="FormatToStringTest1000(42767.96883676898d,&quot;42767.97 zł&quot;)" computerName="DESKTOP-5URQ9PB" duration="00:00:00.0000200" startTime="2022-06-13T21:12:35.2223037+02:00" endTime="2022-06-13T21:12:35.2223237+02:00" testType="13cdc9d9-ddb5-4fa4-a97d-d965ccfc6d4b" outcome="Passed" testListId="8c84fa94-04c1-424b-9868-57a2d4851a1d" relativeResultsDirectory="1ef910bd-baf8-4b44-96b5-be7165a03d0f" />
    <UnitTestResult executionId="07332c69-9b69-4f98-8d7d-e3d4b15dbe24" testId="2287085c-f0e1-b4ec-fa14-c4512658a9fe" testName="FormatToStringTest1000(6262.373413993219d,&quot;6262.37 zł&quot;)" computerName="DESKTOP-5URQ9PB" duration="00:00:00.0000190" startTime="2022-06-13T21:12:35.2106487+02:00" endTime="2022-06-13T21:12:35.2106675+02:00" testType="13cdc9d9-ddb5-4fa4-a97d-d965ccfc6d4b" outcome="Passed" testListId="8c84fa94-04c1-424b-9868-57a2d4851a1d" relativeResultsDirectory="07332c69-9b69-4f98-8d7d-e3d4b15dbe24" />
    <UnitTestResult executionId="eea082ca-a497-4109-9e43-0bab82544709" testId="e6fa545c-dab4-f63e-4e3b-21ea6de7572d" testName="FormatToStringTest1000(9994.9471861026d,&quot;9994.95 zł&quot;)" computerName="DESKTOP-5URQ9PB" duration="00:00:00.0000190" startTime="2022-06-13T21:12:35.2092084+02:00" endTime="2022-06-13T21:12:35.2092274+02:00" testType="13cdc9d9-ddb5-4fa4-a97d-d965ccfc6d4b" outcome="Passed" testListId="8c84fa94-04c1-424b-9868-57a2d4851a1d" relativeResultsDirectory="eea082ca-a497-4109-9e43-0bab82544709" />
    <UnitTestResult executionId="f054b975-d719-4340-b9f3-2bd450ece51b" testId="c994fcbd-cf70-f011-3e5f-4e6d74bb71af" testName="FormatToStringTest1000(30722.846572104303d,&quot;30722.85 zł&quot;)" computerName="DESKTOP-5URQ9PB" duration="00:00:00.0000210" startTime="2022-06-13T21:12:35.2186882+02:00" endTime="2022-06-13T21:12:35.2187089+02:00" testType="13cdc9d9-ddb5-4fa4-a97d-d965ccfc6d4b" outcome="Passed" testListId="8c84fa94-04c1-424b-9868-57a2d4851a1d" relativeResultsDirectory="f054b975-d719-4340-b9f3-2bd450ece51b" />
    <UnitTestResult executionId="4390c9b0-5bed-4f4f-99c0-4733a8f6634e" testId="3ec04580-c747-9bc8-6ea0-e87ec6ca04ad" testName="FormatToStringTest1000(73151.83675918348d,&quot;73151.84 zł&quot;)" computerName="DESKTOP-5URQ9PB" duration="00:00:00.0000190" startTime="2022-06-13T21:12:35.2257682+02:00" endTime="2022-06-13T21:12:35.2257869+02:00" testType="13cdc9d9-ddb5-4fa4-a97d-d965ccfc6d4b" outcome="Passed" testListId="8c84fa94-04c1-424b-9868-57a2d4851a1d" relativeResultsDirectory="4390c9b0-5bed-4f4f-99c0-4733a8f6634e" />
    <UnitTestResult executionId="e62ed9d6-f9e5-41c9-8384-5867225ec190" testId="774aeb04-879b-a97c-c411-6c8ce34f4ab0" testName="FormatToStringTest1000(1751.1734380625066d,&quot;1751.17 zł&quot;)" computerName="DESKTOP-5URQ9PB" duration="00:00:00.0000190" startTime="2022-06-13T21:12:35.2214147+02:00" endTime="2022-06-13T21:12:35.2214334+02:00" testType="13cdc9d9-ddb5-4fa4-a97d-d965ccfc6d4b" outcome="Passed" testListId="8c84fa94-04c1-424b-9868-57a2d4851a1d" relativeResultsDirectory="e62ed9d6-f9e5-41c9-8384-5867225ec190" />
    <UnitTestResult executionId="e75a3e26-6c39-40f8-a35c-d09dc0bec0d7" testId="1e6f2372-9d34-e630-93c8-967c7d09f6b9" testName="FormatToStringTest1000(93775.33090185716d,&quot;93775.33 zł&quot;)" computerName="DESKTOP-5URQ9PB" duration="00:00:00.0000190" startTime="2022-06-13T21:12:35.2190708+02:00" endTime="2022-06-13T21:12:35.2190894+02:00" testType="13cdc9d9-ddb5-4fa4-a97d-d965ccfc6d4b" outcome="Passed" testListId="8c84fa94-04c1-424b-9868-57a2d4851a1d" relativeResultsDirectory="e75a3e26-6c39-40f8-a35c-d09dc0bec0d7" />
    <UnitTestResult executionId="72bc510f-c39f-4630-8bdd-766a9af0f056" testId="be4aa60a-fec3-fdce-8c70-46ec82a2fec7" testName="FormatToStringTest1000(44677.61946778074d,&quot;44677.62 zł&quot;)" computerName="DESKTOP-5URQ9PB" duration="00:00:00.0000200" startTime="2022-06-13T21:12:35.2088829+02:00" endTime="2022-06-13T21:12:35.2089023+02:00" testType="13cdc9d9-ddb5-4fa4-a97d-d965ccfc6d4b" outcome="Passed" testListId="8c84fa94-04c1-424b-9868-57a2d4851a1d" relativeResultsDirectory="72bc510f-c39f-4630-8bdd-766a9af0f056" />
    <UnitTestResult executionId="064f0416-2395-4d1c-84fa-cc13950a71e8" testId="ecf86b56-1ec1-9984-97f9-65e2b8a0e550" testName="FormatToStringTest1000(24957.469502810607d,&quot;24957.47 zł&quot;)" computerName="DESKTOP-5URQ9PB" duration="00:00:00.0000190" startTime="2022-06-13T21:12:35.2030393+02:00" endTime="2022-06-13T21:12:35.2030579+02:00" testType="13cdc9d9-ddb5-4fa4-a97d-d965ccfc6d4b" outcome="Passed" testListId="8c84fa94-04c1-424b-9868-57a2d4851a1d" relativeResultsDirectory="064f0416-2395-4d1c-84fa-cc13950a71e8" />
    <UnitTestResult executionId="302032a9-858b-404a-b113-385d699fc18f" testId="298a4d26-abe3-d2f6-50a3-14e473e9fa24" testName="FormatToStringTest1000(5840.747097845071d,&quot;5840.75 zł&quot;)" computerName="DESKTOP-5URQ9PB" duration="00:00:00.0000190" startTime="2022-06-13T21:12:35.2226081+02:00" endTime="2022-06-13T21:12:35.2226273+02:00" testType="13cdc9d9-ddb5-4fa4-a97d-d965ccfc6d4b" outcome="Passed" testListId="8c84fa94-04c1-424b-9868-57a2d4851a1d" relativeResultsDirectory="302032a9-858b-404a-b113-385d699fc18f" />
    <UnitTestResult executionId="7c0f10d9-9501-445e-900f-6744b93ae79b" testId="23390089-a1b0-0859-3cf4-aeec4a54a63a" testName="FormatToStringTest1000(45887.58415794167d,&quot;45887.58 zł&quot;)" computerName="DESKTOP-5URQ9PB" duration="00:00:00.0000190" startTime="2022-06-13T21:12:35.2180554+02:00" endTime="2022-06-13T21:12:35.2180747+02:00" testType="13cdc9d9-ddb5-4fa4-a97d-d965ccfc6d4b" outcome="Passed" testListId="8c84fa94-04c1-424b-9868-57a2d4851a1d" relativeResultsDirectory="7c0f10d9-9501-445e-900f-6744b93ae79b" />
    <UnitTestResult executionId="8afa3cdb-8fdc-4041-9e8a-014db592a22b" testId="ee6fca60-0e04-b997-dc4d-b3e46cbf895c" testName="FormatToStringTest1000(13582.47117894258d,&quot;13582.47 zł&quot;)" computerName="DESKTOP-5URQ9PB" duration="00:00:00.0000190" startTime="2022-06-13T21:12:35.2065941+02:00" endTime="2022-06-13T21:12:35.2066126+02:00" testType="13cdc9d9-ddb5-4fa4-a97d-d965ccfc6d4b" outcome="Passed" testListId="8c84fa94-04c1-424b-9868-57a2d4851a1d" relativeResultsDirectory="8afa3cdb-8fdc-4041-9e8a-014db592a22b" />
    <UnitTestResult executionId="60719c8a-b466-4da5-980a-59528b88ab11" testId="379512c8-8994-594d-a3c0-6d675c1d8949" testName="FormatToStringTest1000(577.6071367564645d,&quot;577.61 zł&quot;)" computerName="DESKTOP-5URQ9PB" duration="00:00:00.0000190" startTime="2022-06-13T21:12:35.2254479+02:00" endTime="2022-06-13T21:12:35.2254666+02:00" testType="13cdc9d9-ddb5-4fa4-a97d-d965ccfc6d4b" outcome="Passed" testListId="8c84fa94-04c1-424b-9868-57a2d4851a1d" relativeResultsDirectory="60719c8a-b466-4da5-980a-59528b88ab11" />
    <UnitTestResult executionId="f2a8aa97-bb04-4db3-a99b-0f92ee0393b8" testId="4b66c56d-0547-dbc0-4364-ccf548a1bb40" testName="FormatToStringTest1000(22281.48592587257d,&quot;22281.49 zł&quot;)" computerName="DESKTOP-5URQ9PB" duration="00:00:00.0000190" startTime="2022-06-13T21:12:35.2100465+02:00" endTime="2022-06-13T21:12:35.2100648+02:00" testType="13cdc9d9-ddb5-4fa4-a97d-d965ccfc6d4b" outcome="Passed" testListId="8c84fa94-04c1-424b-9868-57a2d4851a1d" relativeResultsDirectory="f2a8aa97-bb04-4db3-a99b-0f92ee0393b8" />
    <UnitTestResult executionId="af309a8c-6134-4c7b-ab30-cd8db8b352e2" testId="21c3231d-e912-0f46-5fbf-421ff3f2435e" testName="FormatToStringTest1000(34096.337879508894d,&quot;34096.34 zł&quot;)" computerName="DESKTOP-5URQ9PB" duration="00:00:00.0000190" startTime="2022-06-13T21:12:35.2038382+02:00" endTime="2022-06-13T21:12:35.2038566+02:00" testType="13cdc9d9-ddb5-4fa4-a97d-d965ccfc6d4b" outcome="Passed" testListId="8c84fa94-04c1-424b-9868-57a2d4851a1d" relativeResultsDirectory="af309a8c-6134-4c7b-ab30-cd8db8b352e2" />
    <UnitTestResult executionId="dcd62da0-23fe-4ee5-8b98-104e384c5ac4" testId="bb7e4fc8-2bb1-dbaf-8cdd-5d93ef915f61" testName="FormatToStringTest1000(28298.945361683585d,&quot;28298.95 zł&quot;)" computerName="DESKTOP-5URQ9PB" duration="00:00:00.0000190" startTime="2022-06-13T21:12:35.2154747+02:00" endTime="2022-06-13T21:12:35.2154938+02:00" testType="13cdc9d9-ddb5-4fa4-a97d-d965ccfc6d4b" outcome="Passed" testListId="8c84fa94-04c1-424b-9868-57a2d4851a1d" relativeResultsDirectory="dcd62da0-23fe-4ee5-8b98-104e384c5ac4" />
    <UnitTestResult executionId="ba7f843a-017d-4e2e-9654-ba9c5bcde6e8" testId="e4a60893-7e5b-dc4d-fd91-d28f1c9b83a3" testName="FormatToStringTest1000(38961.459057294516d,&quot;38961.46 zł&quot;)" computerName="DESKTOP-5URQ9PB" duration="00:00:00.0000190" startTime="2022-06-13T21:12:35.2121562+02:00" endTime="2022-06-13T21:12:35.2121746+02:00" testType="13cdc9d9-ddb5-4fa4-a97d-d965ccfc6d4b" outcome="Passed" testListId="8c84fa94-04c1-424b-9868-57a2d4851a1d" relativeResultsDirectory="ba7f843a-017d-4e2e-9654-ba9c5bcde6e8" />
    <UnitTestResult executionId="7c2b1a44-886e-4ed9-9473-c43eef4907d8" testId="615fa398-9de6-a6b9-2dab-60666d0931f7" testName="FormatToStringTest1000(17845.255864087147d,&quot;17845.26 zł&quot;)" computerName="DESKTOP-5URQ9PB" duration="00:00:00.0000190" startTime="2022-06-13T21:12:35.2072279+02:00" endTime="2022-06-13T21:12:35.2072463+02:00" testType="13cdc9d9-ddb5-4fa4-a97d-d965ccfc6d4b" outcome="Passed" testListId="8c84fa94-04c1-424b-9868-57a2d4851a1d" relativeResultsDirectory="7c2b1a44-886e-4ed9-9473-c43eef4907d8" />
    <UnitTestResult executionId="0b0eed70-6dba-4d1c-bd25-af15fdcb184e" testId="c09eca31-2a58-b146-7d55-b556b7020c68" testName="FormatToStringTest1000(45603.90324273142d,&quot;45603.90 zł&quot;)" computerName="DESKTOP-5URQ9PB" duration="00:00:00.0000230" startTime="2022-06-13T21:12:35.2028543+02:00" endTime="2022-06-13T21:12:35.2028769+02:00" testType="13cdc9d9-ddb5-4fa4-a97d-d965ccfc6d4b" outcome="Passed" testListId="8c84fa94-04c1-424b-9868-57a2d4851a1d" relativeResultsDirectory="0b0eed70-6dba-4d1c-bd25-af15fdcb184e" />
    <UnitTestResult executionId="10cd87b7-feac-4276-a2f6-ba0282f4b80f" testId="85025e54-3d28-2e1a-ba9d-a38988743c83" testName="FormatToStringTest1000(75987.03378503352d,&quot;75987.03 zł&quot;)" computerName="DESKTOP-5URQ9PB" duration="00:00:00.0000190" startTime="2022-06-13T21:12:35.2214657+02:00" endTime="2022-06-13T21:12:35.2214847+02:00" testType="13cdc9d9-ddb5-4fa4-a97d-d965ccfc6d4b" outcome="Passed" testListId="8c84fa94-04c1-424b-9868-57a2d4851a1d" relativeResultsDirectory="10cd87b7-feac-4276-a2f6-ba0282f4b80f" />
    <UnitTestResult executionId="eb196da1-0d43-45f0-998d-d4ad7954be43" testId="a7c76906-c1d7-0c9c-096c-a6235194b8e7" testName="FormatToStringTest1000(1896.1704506483723d,&quot;1896.17 zł&quot;)" computerName="DESKTOP-5URQ9PB" duration="00:00:00.0000190" startTime="2022-06-13T21:12:35.2097669+02:00" endTime="2022-06-13T21:12:35.2097858+02:00" testType="13cdc9d9-ddb5-4fa4-a97d-d965ccfc6d4b" outcome="Passed" testListId="8c84fa94-04c1-424b-9868-57a2d4851a1d" relativeResultsDirectory="eb196da1-0d43-45f0-998d-d4ad7954be43" />
    <UnitTestResult executionId="f815e9d3-93d0-44fb-869b-66e1b0c07a50" testId="deeaa6b3-3ff5-0109-60b8-733b4bfcf2d5" testName="FormatToStringTest1000(4669.392596858271d,&quot;4669.39 zł&quot;)" computerName="DESKTOP-5URQ9PB" duration="00:00:00.0000200" startTime="2022-06-13T21:12:35.2085267+02:00" endTime="2022-06-13T21:12:35.2085462+02:00" testType="13cdc9d9-ddb5-4fa4-a97d-d965ccfc6d4b" outcome="Passed" testListId="8c84fa94-04c1-424b-9868-57a2d4851a1d" relativeResultsDirectory="f815e9d3-93d0-44fb-869b-66e1b0c07a50" />
    <UnitTestResult executionId="630223b2-e5d4-4d2b-a213-c59a7ab4d3c2" testId="74db41bd-054e-abff-59c5-f7d3ecdafbd4" testName="FormatToStringTest1000(10397.404523554447d,&quot;10397.40 zł&quot;)" computerName="DESKTOP-5URQ9PB" duration="00:00:00.0000190" startTime="2022-06-13T21:12:35.2193443+02:00" endTime="2022-06-13T21:12:35.2193634+02:00" testType="13cdc9d9-ddb5-4fa4-a97d-d965ccfc6d4b" outcome="Passed" testListId="8c84fa94-04c1-424b-9868-57a2d4851a1d" relativeResultsDirectory="630223b2-e5d4-4d2b-a213-c59a7ab4d3c2" />
    <UnitTestResult executionId="ba58c2c8-a3b9-405b-86db-7d4c3036712d" testId="afd0d33f-f4d8-2831-3613-5b41efd13c3b" testName="FormatToStringTest1000(30071.004434484523d,&quot;30071.00 zł&quot;)" computerName="DESKTOP-5URQ9PB" duration="00:00:00.0000200" startTime="2022-06-13T21:12:35.2068273+02:00" endTime="2022-06-13T21:12:35.2068466+02:00" testType="13cdc9d9-ddb5-4fa4-a97d-d965ccfc6d4b" outcome="Passed" testListId="8c84fa94-04c1-424b-9868-57a2d4851a1d" relativeResultsDirectory="ba58c2c8-a3b9-405b-86db-7d4c3036712d" />
    <UnitTestResult executionId="bf177f39-d731-49b4-a72d-a27bc537c644" testId="62f72a9e-2ef3-be6d-f944-7dcdbad45b8b" testName="FormatToStringTest1000(23980.12943509646d,&quot;23980.13 zł&quot;)" computerName="DESKTOP-5URQ9PB" duration="00:00:00.0000190" startTime="2022-06-13T21:12:35.2062445+02:00" endTime="2022-06-13T21:12:35.2062633+02:00" testType="13cdc9d9-ddb5-4fa4-a97d-d965ccfc6d4b" outcome="Passed" testListId="8c84fa94-04c1-424b-9868-57a2d4851a1d" relativeResultsDirectory="bf177f39-d731-49b4-a72d-a27bc537c644" />
    <UnitTestResult executionId="114e640d-a5c8-4f48-bc57-1e4e89c583c2" testId="942bc263-e8dd-056d-20fc-b03fc0f2fe09" testName="FormatToStringTest1000(6544.213759255695d,&quot;6544.21 zł&quot;)" computerName="DESKTOP-5URQ9PB" duration="00:00:00.0000190" startTime="2022-06-13T21:12:35.2242880+02:00" endTime="2022-06-13T21:12:35.2243072+02:00" testType="13cdc9d9-ddb5-4fa4-a97d-d965ccfc6d4b" outcome="Passed" testListId="8c84fa94-04c1-424b-9868-57a2d4851a1d" relativeResultsDirectory="114e640d-a5c8-4f48-bc57-1e4e89c583c2" />
    <UnitTestResult executionId="9643d308-d686-4c24-a909-1972598dacb1" testId="9a937ae8-d764-8210-812b-522cffbf8c6f" testName="FormatToStringTest1000(45739.569854490255d,&quot;45739.57 zł&quot;)" computerName="DESKTOP-5URQ9PB" duration="00:00:00.0000250" startTime="2022-06-13T21:12:35.2236803+02:00" endTime="2022-06-13T21:12:35.2237055+02:00" testType="13cdc9d9-ddb5-4fa4-a97d-d965ccfc6d4b" outcome="Passed" testListId="8c84fa94-04c1-424b-9868-57a2d4851a1d" relativeResultsDirectory="9643d308-d686-4c24-a909-1972598dacb1" />
    <UnitTestResult executionId="2f647352-3b83-4954-a4d1-9d133e09e643" testId="979c090f-8c86-d264-67f3-13520744166b" testName="FormatToStringTest1000(30138.55109863102d,&quot;30138.55 zł&quot;)" computerName="DESKTOP-5URQ9PB" duration="00:00:00.0000190" startTime="2022-06-13T21:12:35.2188931+02:00" endTime="2022-06-13T21:12:35.2189119+02:00" testType="13cdc9d9-ddb5-4fa4-a97d-d965ccfc6d4b" outcome="Passed" testListId="8c84fa94-04c1-424b-9868-57a2d4851a1d" relativeResultsDirectory="2f647352-3b83-4954-a4d1-9d133e09e643" />
    <UnitTestResult executionId="8d6c6bb3-f899-4185-b548-b5ec5d74f310" testId="0ffbfc26-0b88-0610-8454-a3e10982707b" testName="FormatToStringTest1000(41368.29672956015d,&quot;41368.30 zł&quot;)" computerName="DESKTOP-5URQ9PB" duration="00:00:00.0000180" startTime="2022-06-13T21:12:35.2083285+02:00" endTime="2022-06-13T21:12:35.2083467+02:00" testType="13cdc9d9-ddb5-4fa4-a97d-d965ccfc6d4b" outcome="Passed" testListId="8c84fa94-04c1-424b-9868-57a2d4851a1d" relativeResultsDirectory="8d6c6bb3-f899-4185-b548-b5ec5d74f310" />
    <UnitTestResult executionId="ce8137c7-6f0b-4782-8b1a-17d04addd4b7" testId="9db1e6a2-c9ab-3468-9419-59249149bc04" testName="FormatToStringTest1000(6710.131197082871d,&quot;6710.13 zł&quot;)" computerName="DESKTOP-5URQ9PB" duration="00:00:00.0000190" startTime="2022-06-13T21:12:35.2261190+02:00" endTime="2022-06-13T21:12:35.2261379+02:00" testType="13cdc9d9-ddb5-4fa4-a97d-d965ccfc6d4b" outcome="Passed" testListId="8c84fa94-04c1-424b-9868-57a2d4851a1d" relativeResultsDirectory="ce8137c7-6f0b-4782-8b1a-17d04addd4b7" />
    <UnitTestResult executionId="652015c2-aff3-40f0-9d6f-f83e89c01a29" testId="3303c520-a64a-555f-afb5-ac27a0847525" testName="FormatToStringTest1000(17315.72309779363d,&quot;17315.72 zł&quot;)" computerName="DESKTOP-5URQ9PB" duration="00:00:00.0000200" startTime="2022-06-13T21:12:35.2110458+02:00" endTime="2022-06-13T21:12:35.2110651+02:00" testType="13cdc9d9-ddb5-4fa4-a97d-d965ccfc6d4b" outcome="Passed" testListId="8c84fa94-04c1-424b-9868-57a2d4851a1d" relativeResultsDirectory="652015c2-aff3-40f0-9d6f-f83e89c01a29" />
    <UnitTestResult executionId="b5adb82d-dcd4-4957-9007-fa42b6e9af02" testId="1bf3b326-0db3-88e9-a1ae-c5de32b68479" testName="FormatToStringTest1000(8211.920994553679d,&quot;8211.92 zł&quot;)" computerName="DESKTOP-5URQ9PB" duration="00:00:00.0000210" startTime="2022-06-13T21:12:35.2109443+02:00" endTime="2022-06-13T21:12:35.2109647+02:00" testType="13cdc9d9-ddb5-4fa4-a97d-d965ccfc6d4b" outcome="Passed" testListId="8c84fa94-04c1-424b-9868-57a2d4851a1d" relativeResultsDirectory="b5adb82d-dcd4-4957-9007-fa42b6e9af02" />
    <UnitTestResult executionId="5d59acc1-5eec-4858-b73a-22bfdd7dfda7" testId="cfa8282b-c910-23c2-f0df-2ed624c5a3c7" testName="FormatToStringTest1000(20737.251994218328d,&quot;20737.25 zł&quot;)" computerName="DESKTOP-5URQ9PB" duration="00:00:00.0000190" startTime="2022-06-13T21:12:35.2060674+02:00" endTime="2022-06-13T21:12:35.2060860+02:00" testType="13cdc9d9-ddb5-4fa4-a97d-d965ccfc6d4b" outcome="Passed" testListId="8c84fa94-04c1-424b-9868-57a2d4851a1d" relativeResultsDirectory="5d59acc1-5eec-4858-b73a-22bfdd7dfda7" />
    <UnitTestResult executionId="f2f69e15-0419-4ef8-a763-25e94df1deaf" testId="1a501163-ddde-3471-133e-1552ff82f851" testName="FormatToStringTest1000(29417.800422138444d,&quot;29417.80 zł&quot;)" computerName="DESKTOP-5URQ9PB" duration="00:00:00.0000190" startTime="2022-06-13T21:12:35.2086281+02:00" endTime="2022-06-13T21:12:35.2086468+02:00" testType="13cdc9d9-ddb5-4fa4-a97d-d965ccfc6d4b" outcome="Passed" testListId="8c84fa94-04c1-424b-9868-57a2d4851a1d" relativeResultsDirectory="f2f69e15-0419-4ef8-a763-25e94df1deaf" />
    <UnitTestResult executionId="93c1a5b8-6fb7-4744-9ed4-40ac933ebae9" testId="e16968dc-e551-2d79-073b-6318cfa896ba" testName="FormatToStringTest1000(7193.552206002898d,&quot;7193.55 zł&quot;)" computerName="DESKTOP-5URQ9PB" duration="00:00:00.0000210" startTime="2022-06-13T21:12:35.2230894+02:00" endTime="2022-06-13T21:12:35.2231103+02:00" testType="13cdc9d9-ddb5-4fa4-a97d-d965ccfc6d4b" outcome="Passed" testListId="8c84fa94-04c1-424b-9868-57a2d4851a1d" relativeResultsDirectory="93c1a5b8-6fb7-4744-9ed4-40ac933ebae9" />
    <UnitTestResult executionId="f1207093-39ae-4ca5-a13f-8196c508c14d" testId="0edcab43-1e4a-6ea7-7c7b-b02803f7c8b9" testName="FormatToStringTest1000(7124.979180760672d,&quot;7124.98 zł&quot;)" computerName="DESKTOP-5URQ9PB" duration="00:00:00.0000220" startTime="2022-06-13T21:12:35.2031642+02:00" endTime="2022-06-13T21:12:35.2031860+02:00" testType="13cdc9d9-ddb5-4fa4-a97d-d965ccfc6d4b" outcome="Passed" testListId="8c84fa94-04c1-424b-9868-57a2d4851a1d" relativeResultsDirectory="f1207093-39ae-4ca5-a13f-8196c508c14d" />
    <UnitTestResult executionId="e751a7bb-a9da-4b95-ba80-0223190a61da" testId="5667c806-5b5f-868c-360c-740b6f484339" testName="FormatToStringTest1000(22604.838218828587d,&quot;22604.84 zł&quot;)" computerName="DESKTOP-5URQ9PB" duration="00:00:00.0000200" startTime="2022-06-13T21:12:35.2033791+02:00" endTime="2022-06-13T21:12:35.2033985+02:00" testType="13cdc9d9-ddb5-4fa4-a97d-d965ccfc6d4b" outcome="Passed" testListId="8c84fa94-04c1-424b-9868-57a2d4851a1d" relativeResultsDirectory="e751a7bb-a9da-4b95-ba80-0223190a61da" />
    <UnitTestResult executionId="a118a626-76f8-46c6-9928-1fde6f5442fb" testId="0107bc98-e88d-a137-c4d8-ff01a11c4723" testName="FormatToStringTest1000(16208.076866391615d,&quot;16208.08 zł&quot;)" computerName="DESKTOP-5URQ9PB" duration="00:00:00.0000190" startTime="2022-06-13T21:12:35.2268681+02:00" endTime="2022-06-13T21:12:35.2268863+02:00" testType="13cdc9d9-ddb5-4fa4-a97d-d965ccfc6d4b" outcome="Passed" testListId="8c84fa94-04c1-424b-9868-57a2d4851a1d" relativeResultsDirectory="a118a626-76f8-46c6-9928-1fde6f5442fb" />
    <UnitTestResult executionId="2d2d90ef-c423-49c4-9080-fd0f368f30dc" testId="1ea79024-ef1b-d483-be8e-220bc24bf693" testName="FormatToStringTest1000(835.1578487740633d,&quot;835.16 zł&quot;)" computerName="DESKTOP-5URQ9PB" duration="00:00:00.0000190" startTime="2022-06-13T21:12:35.2167737+02:00" endTime="2022-06-13T21:12:35.2167925+02:00" testType="13cdc9d9-ddb5-4fa4-a97d-d965ccfc6d4b" outcome="Passed" testListId="8c84fa94-04c1-424b-9868-57a2d4851a1d" relativeResultsDirectory="2d2d90ef-c423-49c4-9080-fd0f368f30dc" />
    <UnitTestResult executionId="d5f6cdb1-9e52-432c-a50a-cb240bfc770d" testId="66fdc644-297b-3f5c-4f4a-cb900d8c28d6" testName="FormatToStringTest1000(13375.96341587415d,&quot;13375.96 zł&quot;)" computerName="DESKTOP-5URQ9PB" duration="00:00:00.0000200" startTime="2022-06-13T21:12:35.2223543+02:00" endTime="2022-06-13T21:12:35.2223746+02:00" testType="13cdc9d9-ddb5-4fa4-a97d-d965ccfc6d4b" outcome="Passed" testListId="8c84fa94-04c1-424b-9868-57a2d4851a1d" relativeResultsDirectory="d5f6cdb1-9e52-432c-a50a-cb240bfc770d" />
    <UnitTestResult executionId="40780b11-84ef-4246-9264-621d57a560f4" testId="eefaa447-aa0c-7b07-9a84-3d4387fce640" testName="FormatToStringTest1000(5254.6338787505565d,&quot;5254.63 zł&quot;)" computerName="DESKTOP-5URQ9PB" duration="00:00:00.0000190" startTime="2022-06-13T21:12:35.2221545+02:00" endTime="2022-06-13T21:12:35.2221734+02:00" testType="13cdc9d9-ddb5-4fa4-a97d-d965ccfc6d4b" outcome="Passed" testListId="8c84fa94-04c1-424b-9868-57a2d4851a1d" relativeResultsDirectory="40780b11-84ef-4246-9264-621d57a560f4" />
    <UnitTestResult executionId="5b316be1-58ac-4d92-becc-825e76cfb1e0" testId="7b7e9341-cf8b-f510-483a-d874dccbbbca" testName="FormatToStringTest1000(9503.466049463705d,&quot;9503.47 zł&quot;)" computerName="DESKTOP-5URQ9PB" duration="00:00:00.0000190" startTime="2022-06-13T21:12:35.2170916+02:00" endTime="2022-06-13T21:12:35.2171103+02:00" testType="13cdc9d9-ddb5-4fa4-a97d-d965ccfc6d4b" outcome="Passed" testListId="8c84fa94-04c1-424b-9868-57a2d4851a1d" relativeResultsDirectory="5b316be1-58ac-4d92-becc-825e76cfb1e0" />
    <UnitTestResult executionId="afd3163c-9617-4ca9-8e39-df01b22a5aa1" testId="2fcbb4d5-0c22-d47d-9ea9-6260fb047a7e" testName="FormatToStringTest1000(7013.601812260971d,&quot;7013.60 zł&quot;)" computerName="DESKTOP-5URQ9PB" duration="00:00:00.0000190" startTime="2022-06-13T21:12:35.2267684+02:00" endTime="2022-06-13T21:12:35.2267872+02:00" testType="13cdc9d9-ddb5-4fa4-a97d-d965ccfc6d4b" outcome="Passed" testListId="8c84fa94-04c1-424b-9868-57a2d4851a1d" relativeResultsDirectory="afd3163c-9617-4ca9-8e39-df01b22a5aa1" />
    <UnitTestResult executionId="52dc9582-4474-41b1-b128-7640b60636a1" testId="024506f9-eb28-1802-65f5-4eafd9fc8776" testName="FormatToStringTest1000(6105.007054037418d,&quot;6105.01 zł&quot;)" computerName="DESKTOP-5URQ9PB" duration="00:00:00.0000190" startTime="2022-06-13T21:12:35.2185343+02:00" endTime="2022-06-13T21:12:35.2185527+02:00" testType="13cdc9d9-ddb5-4fa4-a97d-d965ccfc6d4b" outcome="Passed" testListId="8c84fa94-04c1-424b-9868-57a2d4851a1d" relativeResultsDirectory="52dc9582-4474-41b1-b128-7640b60636a1" />
    <UnitTestResult executionId="d33a1a8e-c84b-44bb-bfac-e230adcddfed" testId="87ae11a5-ff33-3fef-0507-0ee3bd82054e" testName="FormatToStringTest1000(7569.605888796322d,&quot;7569.61 zł&quot;)" computerName="DESKTOP-5URQ9PB" duration="00:00:00.0000200" startTime="2022-06-13T21:12:35.2211609+02:00" endTime="2022-06-13T21:12:35.2211803+02:00" testType="13cdc9d9-ddb5-4fa4-a97d-d965ccfc6d4b" outcome="Passed" testListId="8c84fa94-04c1-424b-9868-57a2d4851a1d" relativeResultsDirectory="d33a1a8e-c84b-44bb-bfac-e230adcddfed" />
    <UnitTestResult executionId="a407e974-d6e3-49da-92d4-44a7d4a42a85" testId="8591161e-1b40-e9f6-332c-2e1b43b81682" testName="FormatToStringTest1000(47575.6421269959d,&quot;47575.64 zł&quot;)" computerName="DESKTOP-5URQ9PB" duration="00:00:00.0000230" startTime="2022-06-13T21:12:35.2196679+02:00" endTime="2022-06-13T21:12:35.2196906+02:00" testType="13cdc9d9-ddb5-4fa4-a97d-d965ccfc6d4b" outcome="Passed" testListId="8c84fa94-04c1-424b-9868-57a2d4851a1d" relativeResultsDirectory="a407e974-d6e3-49da-92d4-44a7d4a42a85" />
    <UnitTestResult executionId="d223ddb9-0b80-4d6a-970e-64115d5e07b9" testId="e6b1d0c3-adf4-f12b-3a3a-a088a5d2227c" testName="FormatToStringTest1000(5749.124990274722d,&quot;5749.12 zł&quot;)" computerName="DESKTOP-5URQ9PB" duration="00:00:00.0000200" startTime="2022-06-13T21:12:35.2228381+02:00" endTime="2022-06-13T21:12:35.2228575+02:00" testType="13cdc9d9-ddb5-4fa4-a97d-d965ccfc6d4b" outcome="Passed" testListId="8c84fa94-04c1-424b-9868-57a2d4851a1d" relativeResultsDirectory="d223ddb9-0b80-4d6a-970e-64115d5e07b9" />
    <UnitTestResult executionId="921dacfb-081d-4346-b002-41eb979b9637" testId="71fdf905-97fb-1d5b-9602-e52da179cf3f" testName="FormatToStringTest1000(6915.421130504656d,&quot;6915.42 zł&quot;)" computerName="DESKTOP-5URQ9PB" duration="00:00:00.0000200" startTime="2022-06-13T21:12:35.2152960+02:00" endTime="2022-06-13T21:12:35.2153155+02:00" testType="13cdc9d9-ddb5-4fa4-a97d-d965ccfc6d4b" outcome="Passed" testListId="8c84fa94-04c1-424b-9868-57a2d4851a1d" relativeResultsDirectory="921dacfb-081d-4346-b002-41eb979b9637" />
    <UnitTestResult executionId="8e309b16-4b67-48e1-82d5-d5cc3f12ad87" testId="1e0703fd-8132-d66f-f52d-f2f5d027c1d8" testName="FormatToStringTest1000(28306.369434126827d,&quot;28306.37 zł&quot;)" computerName="DESKTOP-5URQ9PB" duration="00:00:00.0000220" startTime="2022-06-13T21:12:35.2262053+02:00" endTime="2022-06-13T21:12:35.2262269+02:00" testType="13cdc9d9-ddb5-4fa4-a97d-d965ccfc6d4b" outcome="Passed" testListId="8c84fa94-04c1-424b-9868-57a2d4851a1d" relativeResultsDirectory="8e309b16-4b67-48e1-82d5-d5cc3f12ad87" />
    <UnitTestResult executionId="f65d2ec8-34d3-4f52-b3af-ab6be3094706" testId="a8b1a1f3-a70e-7194-337a-f959c6974971" testName="FormatToStringTest1000(17418.31302247863d,&quot;17418.31 zł&quot;)" computerName="DESKTOP-5URQ9PB" duration="00:00:00.0000190" startTime="2022-06-13T21:12:35.2103471+02:00" endTime="2022-06-13T21:12:35.2103656+02:00" testType="13cdc9d9-ddb5-4fa4-a97d-d965ccfc6d4b" outcome="Passed" testListId="8c84fa94-04c1-424b-9868-57a2d4851a1d" relativeResultsDirectory="f65d2ec8-34d3-4f52-b3af-ab6be3094706" />
    <UnitTestResult executionId="6c689ede-0533-407f-9392-bc6b906fc1d7" testId="37376bb5-e384-3c51-d1d8-3ba613fa9182" testName="FormatToStringTest1000(85407.13428016152d,&quot;85407.13 zł&quot;)" computerName="DESKTOP-5URQ9PB" duration="00:00:00.0000190" startTime="2022-06-13T21:12:35.2318960+02:00" endTime="2022-06-13T21:12:35.2319150+02:00" testType="13cdc9d9-ddb5-4fa4-a97d-d965ccfc6d4b" outcome="Passed" testListId="8c84fa94-04c1-424b-9868-57a2d4851a1d" relativeResultsDirectory="6c689ede-0533-407f-9392-bc6b906fc1d7" />
    <UnitTestResult executionId="a8cd0401-6e17-4b50-92dd-aea041fda409" testId="d00dfd16-6967-b6b7-0f2f-9403bdf758f6" testName="FormatToStringTest1000(86.89546322771136d,&quot;86.90 zł&quot;)" computerName="DESKTOP-5URQ9PB" duration="00:00:00.0000200" startTime="2022-06-13T21:12:35.2032713+02:00" endTime="2022-06-13T21:12:35.2032908+02:00" testType="13cdc9d9-ddb5-4fa4-a97d-d965ccfc6d4b" outcome="Passed" testListId="8c84fa94-04c1-424b-9868-57a2d4851a1d" relativeResultsDirectory="a8cd0401-6e17-4b50-92dd-aea041fda409" />
    <UnitTestResult executionId="f40ae5cc-fd8f-4f36-a490-89a724255b18" testId="95fed375-7969-3fff-ac7b-e41adca485dd" testName="FormatToStringTest1000(1482.3501845832682d,&quot;1482.35 zł&quot;)" computerName="DESKTOP-5URQ9PB" duration="00:00:00.0000190" startTime="2022-06-13T21:12:35.2235807+02:00" endTime="2022-06-13T21:12:35.2235992+02:00" testType="13cdc9d9-ddb5-4fa4-a97d-d965ccfc6d4b" outcome="Passed" testListId="8c84fa94-04c1-424b-9868-57a2d4851a1d" relativeResultsDirectory="f40ae5cc-fd8f-4f36-a490-89a724255b18" />
    <UnitTestResult executionId="0ca3844d-c948-4a96-89c9-99a6538b01f9" testId="30678609-1c69-68ef-6a0d-4b6cf4e5979d" testName="FormatToStringTest1000(2975.6892256134606d,&quot;2975.69 zł&quot;)" computerName="DESKTOP-5URQ9PB" duration="00:00:00.0000190" startTime="2022-06-13T21:12:35.2138926+02:00" endTime="2022-06-13T21:12:35.2139111+02:00" testType="13cdc9d9-ddb5-4fa4-a97d-d965ccfc6d4b" outcome="Passed" testListId="8c84fa94-04c1-424b-9868-57a2d4851a1d" relativeResultsDirectory="0ca3844d-c948-4a96-89c9-99a6538b01f9" />
    <UnitTestResult executionId="f343cccf-4f98-4499-bf5b-fedf7afe7eff" testId="99a10c59-9aed-054b-9f26-15805af85148" testName="FormatToStringTest1000(5504.094303639184d,&quot;5504.09 zł&quot;)" computerName="DESKTOP-5URQ9PB" duration="00:00:00.0000190" startTime="2022-06-13T21:12:35.2114948+02:00" endTime="2022-06-13T21:12:35.2115137+02:00" testType="13cdc9d9-ddb5-4fa4-a97d-d965ccfc6d4b" outcome="Passed" testListId="8c84fa94-04c1-424b-9868-57a2d4851a1d" relativeResultsDirectory="f343cccf-4f98-4499-bf5b-fedf7afe7eff" />
    <UnitTestResult executionId="ceca7b5e-ce22-4dab-9971-c971adb3c449" testId="199abf60-5b5b-94b6-b04f-a3e4d911fd34" testName="FormatToStringTest1000(38614.292320713066d,&quot;38614.29 zł&quot;)" computerName="DESKTOP-5URQ9PB" duration="00:00:00.0000190" startTime="2022-06-13T21:12:35.2056306+02:00" endTime="2022-06-13T21:12:35.2056492+02:00" testType="13cdc9d9-ddb5-4fa4-a97d-d965ccfc6d4b" outcome="Passed" testListId="8c84fa94-04c1-424b-9868-57a2d4851a1d" relativeResultsDirectory="ceca7b5e-ce22-4dab-9971-c971adb3c449" />
    <UnitTestResult executionId="0d21a846-2e76-47c3-b490-0474869d63ee" testId="8abfbe45-c0d6-8f72-7af8-564a66d7cb48" testName="FormatToStringTest1000(1549.6599114973376d,&quot;1549.66 zł&quot;)" computerName="DESKTOP-5URQ9PB" duration="00:00:00.0000190" startTime="2022-06-13T21:12:35.2271460+02:00" endTime="2022-06-13T21:12:35.2271645+02:00" testType="13cdc9d9-ddb5-4fa4-a97d-d965ccfc6d4b" outcome="Passed" testListId="8c84fa94-04c1-424b-9868-57a2d4851a1d" relativeResultsDirectory="0d21a846-2e76-47c3-b490-0474869d63ee" />
    <UnitTestResult executionId="64817aff-6a4f-4de7-931e-b3655b1de59d" testId="f0cd9acd-b821-1b3b-6a4a-691c6f1f639a" testName="FormatToStringTest1000(464.74397441965715d,&quot;464.74 zł&quot;)" computerName="DESKTOP-5URQ9PB" duration="00:00:00.0000200" startTime="2022-06-13T21:12:35.2152454+02:00" endTime="2022-06-13T21:12:35.2152648+02:00" testType="13cdc9d9-ddb5-4fa4-a97d-d965ccfc6d4b" outcome="Passed" testListId="8c84fa94-04c1-424b-9868-57a2d4851a1d" relativeResultsDirectory="64817aff-6a4f-4de7-931e-b3655b1de59d" />
    <UnitTestResult executionId="0d032d65-a76e-4225-b7ab-21489df8b1bb" testId="ceb7f684-931d-5c6c-b7df-e9079ac9afdf" testName="FormatToStringTest1000(84686.32148464039d,&quot;84686.32 zł&quot;)" computerName="DESKTOP-5URQ9PB" duration="00:00:00.0000190" startTime="2022-06-13T21:12:35.2140685+02:00" endTime="2022-06-13T21:12:35.2140868+02:00" testType="13cdc9d9-ddb5-4fa4-a97d-d965ccfc6d4b" outcome="Passed" testListId="8c84fa94-04c1-424b-9868-57a2d4851a1d" relativeResultsDirectory="0d032d65-a76e-4225-b7ab-21489df8b1bb" />
    <UnitTestResult executionId="ade216e0-c513-4e8d-9775-8c47fd5492cd" testId="bbce4fa8-10c7-16ce-b8b0-bbab48797f43" testName="FormatToStringTest1000(3477.860963622509d,&quot;3477.86 zł&quot;)" computerName="DESKTOP-5URQ9PB" duration="00:00:00.0000190" startTime="2022-06-13T21:12:35.2230039+02:00" endTime="2022-06-13T21:12:35.2230225+02:00" testType="13cdc9d9-ddb5-4fa4-a97d-d965ccfc6d4b" outcome="Passed" testListId="8c84fa94-04c1-424b-9868-57a2d4851a1d" relativeResultsDirectory="ade216e0-c513-4e8d-9775-8c47fd5492cd" />
    <UnitTestResult executionId="a9435aff-4850-448b-b526-4f3c567b0425" testId="a2324ec9-fe68-9e74-cace-8efe295e824d" testName="FormatToStringTest1000(43424.45140075332d,&quot;43424.45 zł&quot;)" computerName="DESKTOP-5URQ9PB" duration="00:00:00.0000190" startTime="2022-06-13T21:12:35.2146172+02:00" endTime="2022-06-13T21:12:35.2146359+02:00" testType="13cdc9d9-ddb5-4fa4-a97d-d965ccfc6d4b" outcome="Passed" testListId="8c84fa94-04c1-424b-9868-57a2d4851a1d" relativeResultsDirectory="a9435aff-4850-448b-b526-4f3c567b0425" />
    <UnitTestResult executionId="6d979442-8bdb-466b-963b-45c8196e79c8" testId="1a9a0ddf-514c-baf9-413c-22119b976aa4" testName="FormatToStringTest1000(81326.3340147521d,&quot;81326.33 zł&quot;)" computerName="DESKTOP-5URQ9PB" duration="00:00:00.0000180" startTime="2022-06-13T21:12:35.2240133+02:00" endTime="2022-06-13T21:12:35.2240315+02:00" testType="13cdc9d9-ddb5-4fa4-a97d-d965ccfc6d4b" outcome="Passed" testListId="8c84fa94-04c1-424b-9868-57a2d4851a1d" relativeResultsDirectory="6d979442-8bdb-466b-963b-45c8196e79c8" />
    <UnitTestResult executionId="4b27f0d1-befb-4fe3-8823-44d38236d28a" testId="345abed9-9ef3-e2b8-4bc1-ad4b7b82dd26" testName="FormatToStringTest1000(10994.251866986162d,&quot;10994.25 zł&quot;)" computerName="DESKTOP-5URQ9PB" duration="00:00:00.0000230" startTime="2022-06-13T21:12:35.2166673+02:00" endTime="2022-06-13T21:12:35.2166898+02:00" testType="13cdc9d9-ddb5-4fa4-a97d-d965ccfc6d4b" outcome="Passed" testListId="8c84fa94-04c1-424b-9868-57a2d4851a1d" relativeResultsDirectory="4b27f0d1-befb-4fe3-8823-44d38236d28a" />
    <UnitTestResult executionId="99cc3f77-d739-4cf9-b32a-b7c1395a0380" testId="113c211f-ff70-231a-7b9d-03413cd134d7" testName="FormatToStringTest1000(19500.031951036784d,&quot;19500.03 zł&quot;)" computerName="DESKTOP-5URQ9PB" duration="00:00:00.0000180" startTime="2022-06-13T21:12:35.2065446+02:00" endTime="2022-06-13T21:12:35.2065628+02:00" testType="13cdc9d9-ddb5-4fa4-a97d-d965ccfc6d4b" outcome="Passed" testListId="8c84fa94-04c1-424b-9868-57a2d4851a1d" relativeResultsDirectory="99cc3f77-d739-4cf9-b32a-b7c1395a0380" />
    <UnitTestResult executionId="0fe12731-e957-48ce-8382-ae1a54695b23" testId="5793f365-d163-be21-ca1f-4a66a13f32b3" testName="FormatToStringTest1000(60701.5177499319d,&quot;60701.52 zł&quot;)" computerName="DESKTOP-5URQ9PB" duration="00:00:00.0000190" startTime="2022-06-13T21:12:35.2192195+02:00" endTime="2022-06-13T21:12:35.2192381+02:00" testType="13cdc9d9-ddb5-4fa4-a97d-d965ccfc6d4b" outcome="Passed" testListId="8c84fa94-04c1-424b-9868-57a2d4851a1d" relativeResultsDirectory="0fe12731-e957-48ce-8382-ae1a54695b23" />
    <UnitTestResult executionId="cf7e7fbe-f00a-470b-8f0a-22862a382b25" testId="94c8a06e-3f46-89b8-1521-4663bd871343" testName="FormatToStringTest1000(51408.294679657694d,&quot;51408.29 zł&quot;)" computerName="DESKTOP-5URQ9PB" duration="00:00:00.0000190" startTime="2022-06-13T21:12:35.2080055+02:00" endTime="2022-06-13T21:12:35.2080240+02:00" testType="13cdc9d9-ddb5-4fa4-a97d-d965ccfc6d4b" outcome="Passed" testListId="8c84fa94-04c1-424b-9868-57a2d4851a1d" relativeResultsDirectory="cf7e7fbe-f00a-470b-8f0a-22862a382b25" />
    <UnitTestResult executionId="93082cb1-e97f-41c4-891d-ccf759f5e2cb" testId="a3cd1e56-7e87-cbfe-4696-2cfc61bd79f6" testName="FormatToStringTest1000(17098.491445727876d,&quot;17098.49 zł&quot;)" computerName="DESKTOP-5URQ9PB" duration="00:00:00.0000190" startTime="2022-06-13T21:12:35.2171671+02:00" endTime="2022-06-13T21:12:35.2171855+02:00" testType="13cdc9d9-ddb5-4fa4-a97d-d965ccfc6d4b" outcome="Passed" testListId="8c84fa94-04c1-424b-9868-57a2d4851a1d" relativeResultsDirectory="93082cb1-e97f-41c4-891d-ccf759f5e2cb" />
    <UnitTestResult executionId="6853484a-a0c2-4a38-9240-fe9099ea7721" testId="cd871e9d-7935-e907-4a89-0e7db877a7c7" testName="FormatToStringTest1000(14475.498583194567d,&quot;14475.50 zł&quot;)" computerName="DESKTOP-5URQ9PB" duration="00:00:00.0000180" startTime="2022-06-13T21:12:35.2256232+02:00" endTime="2022-06-13T21:12:35.2256413+02:00" testType="13cdc9d9-ddb5-4fa4-a97d-d965ccfc6d4b" outcome="Passed" testListId="8c84fa94-04c1-424b-9868-57a2d4851a1d" relativeResultsDirectory="6853484a-a0c2-4a38-9240-fe9099ea7721" />
    <UnitTestResult executionId="9d474589-9d04-4ec8-96e8-d19baf05dc75" testId="c11f5a85-86bf-cab1-9d9a-33069c6ff139" testName="FormatToStringTest1000(6550.421588937948d,&quot;6550.42 zł&quot;)" computerName="DESKTOP-5URQ9PB" duration="00:00:00.0000190" startTime="2022-06-13T21:12:35.2235316+02:00" endTime="2022-06-13T21:12:35.2235500+02:00" testType="13cdc9d9-ddb5-4fa4-a97d-d965ccfc6d4b" outcome="Passed" testListId="8c84fa94-04c1-424b-9868-57a2d4851a1d" relativeResultsDirectory="9d474589-9d04-4ec8-96e8-d19baf05dc75" />
    <UnitTestResult executionId="c0bb681d-03ff-4700-a801-93bab4e9cd6a" testId="299c3fd4-a01d-2a60-05c1-ad11698aa276" testName="FormatToStringTest1000(16825.83099003268d,&quot;16825.83 zł&quot;)" computerName="DESKTOP-5URQ9PB" duration="00:00:00.0000200" startTime="2022-06-13T21:12:35.2201216+02:00" endTime="2022-06-13T21:12:35.2201413+02:00" testType="13cdc9d9-ddb5-4fa4-a97d-d965ccfc6d4b" outcome="Passed" testListId="8c84fa94-04c1-424b-9868-57a2d4851a1d" relativeResultsDirectory="c0bb681d-03ff-4700-a801-93bab4e9cd6a" />
    <UnitTestResult executionId="3d7342a5-5a3c-4587-997b-9eb81ddb1b02" testId="9bae3763-5b44-6392-7f85-b5a14c7eae3f" testName="FormatToStringTest1000(1328.353302088265d,&quot;1328.35 zł&quot;)" computerName="DESKTOP-5URQ9PB" duration="00:00:00.0000190" startTime="2022-06-13T21:12:35.2133612+02:00" endTime="2022-06-13T21:12:35.2133797+02:00" testType="13cdc9d9-ddb5-4fa4-a97d-d965ccfc6d4b" outcome="Passed" testListId="8c84fa94-04c1-424b-9868-57a2d4851a1d" relativeResultsDirectory="3d7342a5-5a3c-4587-997b-9eb81ddb1b02" />
    <UnitTestResult executionId="219af2e9-c476-4ee6-b512-6b910ba48e99" testId="2ae061eb-7306-c193-04ca-269456b3b20b" testName="FormatToStringTest1000(12871.381729632794d,&quot;12871.38 zł&quot;)" computerName="DESKTOP-5URQ9PB" duration="00:00:00.0000190" startTime="2022-06-13T21:12:35.2084031+02:00" endTime="2022-06-13T21:12:35.2084221+02:00" testType="13cdc9d9-ddb5-4fa4-a97d-d965ccfc6d4b" outcome="Passed" testListId="8c84fa94-04c1-424b-9868-57a2d4851a1d" relativeResultsDirectory="219af2e9-c476-4ee6-b512-6b910ba48e99" />
    <UnitTestResult executionId="bd903887-4b1d-4c81-935b-689828894826" testId="96aa3d29-1365-f48b-4ac9-cdc761ea41b1" testName="FormatToStringTest1000(6057.842750804426d,&quot;6057.84 zł&quot;)" computerName="DESKTOP-5URQ9PB" duration="00:00:00.0000190" startTime="2022-06-13T21:12:35.2058655+02:00" endTime="2022-06-13T21:12:35.2058839+02:00" testType="13cdc9d9-ddb5-4fa4-a97d-d965ccfc6d4b" outcome="Passed" testListId="8c84fa94-04c1-424b-9868-57a2d4851a1d" relativeResultsDirectory="bd903887-4b1d-4c81-935b-689828894826" />
    <UnitTestResult executionId="29b781aa-e57d-438c-8164-b72ae2dc604a" testId="ae67d523-2929-36b8-f281-40940e5c29bb" testName="FormatToStringTest1000(2390.7596313784643d,&quot;2390.76 zł&quot;)" computerName="DESKTOP-5URQ9PB" duration="00:00:00.0000200" startTime="2022-06-13T21:12:35.2181567+02:00" endTime="2022-06-13T21:12:35.2181764+02:00" testType="13cdc9d9-ddb5-4fa4-a97d-d965ccfc6d4b" outcome="Passed" testListId="8c84fa94-04c1-424b-9868-57a2d4851a1d" relativeResultsDirectory="29b781aa-e57d-438c-8164-b72ae2dc604a" />
    <UnitTestResult executionId="9a7f6881-72fe-4da4-be6d-8c856a159187" testId="c2593dce-156b-2236-a515-633fd14dda79" testName="FormatToStringTest1000(16902.50568789314d,&quot;16902.51 zł&quot;)" computerName="DESKTOP-5URQ9PB" duration="00:00:00.0000200" startTime="2022-06-13T21:12:35.2138164+02:00" endTime="2022-06-13T21:12:35.2138362+02:00" testType="13cdc9d9-ddb5-4fa4-a97d-d965ccfc6d4b" outcome="Passed" testListId="8c84fa94-04c1-424b-9868-57a2d4851a1d" relativeResultsDirectory="9a7f6881-72fe-4da4-be6d-8c856a159187" />
    <UnitTestResult executionId="34c71dff-2832-40db-8e9d-52c71c1dbf33" testId="bf8e531c-343c-5c0a-d3e5-66c9023885a3" testName="FormatToStringTest1000(100.45267071130345d,&quot;100.45 zł&quot;)" computerName="DESKTOP-5URQ9PB" duration="00:00:00.0000190" startTime="2022-06-13T21:12:35.2079317+02:00" endTime="2022-06-13T21:12:35.2079505+02:00" testType="13cdc9d9-ddb5-4fa4-a97d-d965ccfc6d4b" outcome="Passed" testListId="8c84fa94-04c1-424b-9868-57a2d4851a1d" relativeResultsDirectory="34c71dff-2832-40db-8e9d-52c71c1dbf33" />
    <UnitTestResult executionId="288dad6c-b3d2-409a-90af-2778d54549bd" testId="19b8d5ef-b980-1d42-3f3f-c869dee34ac6" testName="FormatToStringTest1000(73301.91270130403d,&quot;73301.91 zł&quot;)" computerName="DESKTOP-5URQ9PB" duration="00:00:00.0000270" startTime="2022-06-13T21:12:35.2229388+02:00" endTime="2022-06-13T21:12:35.2229656+02:00" testType="13cdc9d9-ddb5-4fa4-a97d-d965ccfc6d4b" outcome="Passed" testListId="8c84fa94-04c1-424b-9868-57a2d4851a1d" relativeResultsDirectory="288dad6c-b3d2-409a-90af-2778d54549bd" />
    <UnitTestResult executionId="2e30d965-ce8f-4c6c-b898-e1b80f2a4d27" testId="6a41f5f3-49f1-a289-ed1a-edcf9c86dd3e" testName="FormatToStringTest1000(95353.10327693219d,&quot;95353.10 zł&quot;)" computerName="DESKTOP-5URQ9PB" duration="00:00:00.0000190" startTime="2022-06-13T21:12:35.2071281+02:00" endTime="2022-06-13T21:12:35.2071464+02:00" testType="13cdc9d9-ddb5-4fa4-a97d-d965ccfc6d4b" outcome="Passed" testListId="8c84fa94-04c1-424b-9868-57a2d4851a1d" relativeResultsDirectory="2e30d965-ce8f-4c6c-b898-e1b80f2a4d27" />
    <UnitTestResult executionId="8b70de07-d20d-4d15-971c-4c91827dded3" testId="9277cfc2-3adf-cf52-f9f5-a84d42e6305c" testName="FormatToStringTest1000(24768.25771770359d,&quot;24768.26 zł&quot;)" computerName="DESKTOP-5URQ9PB" duration="00:00:00.0000370" startTime="2022-06-13T21:12:35.2106735+02:00" endTime="2022-06-13T21:12:35.2107101+02:00" testType="13cdc9d9-ddb5-4fa4-a97d-d965ccfc6d4b" outcome="Passed" testListId="8c84fa94-04c1-424b-9868-57a2d4851a1d" relativeResultsDirectory="8b70de07-d20d-4d15-971c-4c91827dded3" />
    <UnitTestResult executionId="ffc0ff35-b2d8-4468-aff8-dea0b22ed956" testId="6700c77f-a72c-833c-b2d9-a0d02a9534be" testName="FormatToStringTest1000(17953.338243749615d,&quot;17953.34 zł&quot;)" computerName="DESKTOP-5URQ9PB" duration="00:00:00.0000190" startTime="2022-06-13T21:12:35.2044631+02:00" endTime="2022-06-13T21:12:35.2044817+02:00" testType="13cdc9d9-ddb5-4fa4-a97d-d965ccfc6d4b" outcome="Passed" testListId="8c84fa94-04c1-424b-9868-57a2d4851a1d" relativeResultsDirectory="ffc0ff35-b2d8-4468-aff8-dea0b22ed956" />
    <UnitTestResult executionId="84870dea-ad24-40a5-99b5-3ee283c5d22e" testId="e704684d-9f7f-da08-58cf-d52651e9dd96" testName="FormatToStringTest1000(75024.79122970243d,&quot;75024.79 zł&quot;)" computerName="DESKTOP-5URQ9PB" duration="00:00:00.0000190" startTime="2022-06-13T21:12:35.2095810+02:00" endTime="2022-06-13T21:12:35.2095998+02:00" testType="13cdc9d9-ddb5-4fa4-a97d-d965ccfc6d4b" outcome="Passed" testListId="8c84fa94-04c1-424b-9868-57a2d4851a1d" relativeResultsDirectory="84870dea-ad24-40a5-99b5-3ee283c5d22e" />
    <UnitTestResult executionId="54994b55-0d34-4293-acd5-90b19d716c1b" testId="bce75dbd-45ca-03c5-19ba-bad21cb2572e" testName="FormatToStringTest1000(18990.72499258012d,&quot;18990.72 zł&quot;)" computerName="DESKTOP-5URQ9PB" duration="00:00:00.0000230" startTime="2022-06-13T21:12:35.2046637+02:00" endTime="2022-06-13T21:12:35.2046869+02:00" testType="13cdc9d9-ddb5-4fa4-a97d-d965ccfc6d4b" outcome="Passed" testListId="8c84fa94-04c1-424b-9868-57a2d4851a1d" relativeResultsDirectory="54994b55-0d34-4293-acd5-90b19d716c1b" />
    <UnitTestResult executionId="137abec8-3983-49a5-9ad4-9f654dee4f57" testId="4860ad68-0544-30ce-66fd-690992dae18e" testName="FormatToStringTest1000(49256.65708813195d,&quot;49256.66 zł&quot;)" computerName="DESKTOP-5URQ9PB" duration="00:00:00.0000190" startTime="2022-06-13T21:12:35.2198479+02:00" endTime="2022-06-13T21:12:35.2198662+02:00" testType="13cdc9d9-ddb5-4fa4-a97d-d965ccfc6d4b" outcome="Passed" testListId="8c84fa94-04c1-424b-9868-57a2d4851a1d" relativeResultsDirectory="137abec8-3983-49a5-9ad4-9f654dee4f57" />
    <UnitTestResult executionId="8c5ac034-8726-41c4-9124-71a7174d56c5" testId="9a9fb753-7e29-0228-3909-087838ec3002" testName="FormatToStringTest1000(33851.35523524618d,&quot;33851.36 zł&quot;)" computerName="DESKTOP-5URQ9PB" duration="00:00:00.0000200" startTime="2022-06-13T21:12:35.2156022+02:00" endTime="2022-06-13T21:12:35.2156215+02:00" testType="13cdc9d9-ddb5-4fa4-a97d-d965ccfc6d4b" outcome="Passed" testListId="8c84fa94-04c1-424b-9868-57a2d4851a1d" relativeResultsDirectory="8c5ac034-8726-41c4-9124-71a7174d56c5" />
    <UnitTestResult executionId="5a48d7d4-bbd7-4607-8c82-7e4de0264e15" testId="d38b1856-f9a8-d9e7-be29-662b96640b5b" testName="FormatToStringTest1000(20497.107923553376d,&quot;20497.11 zł&quot;)" computerName="DESKTOP-5URQ9PB" duration="00:00:00.0000190" startTime="2022-06-13T21:12:35.2254235+02:00" endTime="2022-06-13T21:12:35.2254419+02:00" testType="13cdc9d9-ddb5-4fa4-a97d-d965ccfc6d4b" outcome="Passed" testListId="8c84fa94-04c1-424b-9868-57a2d4851a1d" relativeResultsDirectory="5a48d7d4-bbd7-4607-8c82-7e4de0264e15" />
    <UnitTestResult executionId="2611ff44-5ed5-4a72-af1b-331816012c04" testId="cd1fce0e-40f1-2613-4ea2-fe4efaae7320" testName="FormatToStringTest1000(16030.852371789913d,&quot;16030.85 zł&quot;)" computerName="DESKTOP-5URQ9PB" duration="00:00:00.0000200" startTime="2022-06-13T21:12:35.2054793+02:00" endTime="2022-06-13T21:12:35.2054994+02:00" testType="13cdc9d9-ddb5-4fa4-a97d-d965ccfc6d4b" outcome="Passed" testListId="8c84fa94-04c1-424b-9868-57a2d4851a1d" relativeResultsDirectory="2611ff44-5ed5-4a72-af1b-331816012c04" />
    <UnitTestResult executionId="90ff57db-93f8-4b1c-9c9b-06bfa240201a" testId="942f2440-35ec-8291-0e34-266a90087e97" testName="FormatToStringTest1000(12641.700665183225d,&quot;12641.70 zł&quot;)" computerName="DESKTOP-5URQ9PB" duration="00:00:00.0000190" startTime="2022-06-13T21:12:35.2092334+02:00" endTime="2022-06-13T21:12:35.2092517+02:00" testType="13cdc9d9-ddb5-4fa4-a97d-d965ccfc6d4b" outcome="Passed" testListId="8c84fa94-04c1-424b-9868-57a2d4851a1d" relativeResultsDirectory="90ff57db-93f8-4b1c-9c9b-06bfa240201a" />
    <UnitTestResult executionId="256f0b3e-fb84-4311-9cb1-537efcaf0bd2" testId="b34ac9b1-7b20-291d-6caf-28aeffc4e30f" testName="FormatToStringTest1000(52810.91713865516d,&quot;52810.92 zł&quot;)" computerName="DESKTOP-5URQ9PB" duration="00:00:00.0000200" startTime="2022-06-13T21:12:35.2026424+02:00" endTime="2022-06-13T21:12:35.2026623+02:00" testType="13cdc9d9-ddb5-4fa4-a97d-d965ccfc6d4b" outcome="Passed" testListId="8c84fa94-04c1-424b-9868-57a2d4851a1d" relativeResultsDirectory="256f0b3e-fb84-4311-9cb1-537efcaf0bd2" />
    <UnitTestResult executionId="9377b5aa-4990-4757-9043-974d3bc0a56d" testId="f0622268-a7b0-73db-dcaa-b07ea595271b" testName="FormatToStringTest1000(4812.162927013898d,&quot;4812.16 zł&quot;)" computerName="DESKTOP-5URQ9PB" duration="00:00:00.0000190" startTime="2022-06-13T21:12:35.2096059+02:00" endTime="2022-06-13T21:12:35.2096252+02:00" testType="13cdc9d9-ddb5-4fa4-a97d-d965ccfc6d4b" outcome="Passed" testListId="8c84fa94-04c1-424b-9868-57a2d4851a1d" relativeResultsDirectory="9377b5aa-4990-4757-9043-974d3bc0a56d" />
    <UnitTestResult executionId="f6e55be5-6eae-4618-b0ce-c53722e46507" testId="99b9ef43-ae03-d550-aafb-7b6a0ec7c1ee" testName="FormatToStringTest1000(18032.4720825476d,&quot;18032.47 zł&quot;)" computerName="DESKTOP-5URQ9PB" duration="00:00:00.0000190" startTime="2022-06-13T21:12:35.2260690+02:00" endTime="2022-06-13T21:12:35.2260874+02:00" testType="13cdc9d9-ddb5-4fa4-a97d-d965ccfc6d4b" outcome="Passed" testListId="8c84fa94-04c1-424b-9868-57a2d4851a1d" relativeResultsDirectory="f6e55be5-6eae-4618-b0ce-c53722e46507" />
    <UnitTestResult executionId="7233526e-31c7-46bc-b7b7-f22b5c3cfa5b" testId="bebef051-0a10-725f-3ff5-e30e4f9dd420" testName="FormatToStringTest1000(39641.61351217451d,&quot;39641.61 zł&quot;)" computerName="DESKTOP-5URQ9PB" duration="00:00:00.0000200" startTime="2022-06-13T21:12:35.2150613+02:00" endTime="2022-06-13T21:12:35.2150811+02:00" testType="13cdc9d9-ddb5-4fa4-a97d-d965ccfc6d4b" outcome="Passed" testListId="8c84fa94-04c1-424b-9868-57a2d4851a1d" relativeResultsDirectory="7233526e-31c7-46bc-b7b7-f22b5c3cfa5b" />
    <UnitTestResult executionId="68584319-542f-45fc-9313-5d5b734912c4" testId="8d3460f1-a4b4-e4c2-2d2b-85718b89d128" testName="FormatToStringTest1000(19840.47672110632d,&quot;19840.48 zł&quot;)" computerName="DESKTOP-5URQ9PB" duration="00:00:00.0000190" startTime="2022-06-13T21:12:35.2080800+02:00" endTime="2022-06-13T21:12:35.2080984+02:00" testType="13cdc9d9-ddb5-4fa4-a97d-d965ccfc6d4b" outcome="Passed" testListId="8c84fa94-04c1-424b-9868-57a2d4851a1d" relativeResultsDirectory="68584319-542f-45fc-9313-5d5b734912c4" />
    <UnitTestResult executionId="f459e118-166d-4212-b0f2-d00f92de5a56" testId="7ac2c24b-6445-4ff2-9faa-1ce73a74728d" testName="FormatToStringTest1000(14635.510547500808d,&quot;14635.51 zł&quot;)" computerName="DESKTOP-5URQ9PB" duration="00:00:00.0000190" startTime="2022-06-13T21:12:35.2189181+02:00" endTime="2022-06-13T21:12:35.2189367+02:00" testType="13cdc9d9-ddb5-4fa4-a97d-d965ccfc6d4b" outcome="Passed" testListId="8c84fa94-04c1-424b-9868-57a2d4851a1d" relativeResultsDirectory="f459e118-166d-4212-b0f2-d00f92de5a56" />
    <UnitTestResult executionId="5c322e14-c608-4018-84ad-3e3c6c478c3b" testId="da69ab52-f883-eabf-8235-9cb66a514e58" testName="FormatToStringTest1000(19006.315459580772d,&quot;19006.32 zł&quot;)" computerName="DESKTOP-5URQ9PB" duration="00:00:00.0000180" startTime="2022-06-13T21:12:35.2135848+02:00" endTime="2022-06-13T21:12:35.2136030+02:00" testType="13cdc9d9-ddb5-4fa4-a97d-d965ccfc6d4b" outcome="Passed" testListId="8c84fa94-04c1-424b-9868-57a2d4851a1d" relativeResultsDirectory="5c322e14-c608-4018-84ad-3e3c6c478c3b" />
    <UnitTestResult executionId="2b17acdc-8652-442f-b021-aa4bf28feccd" testId="3c1aaa80-1e63-d980-5967-7f705ee7de1e" testName="FormatToStringTest1000(10784.438152511344d,&quot;10784.44 zł&quot;)" computerName="DESKTOP-5URQ9PB" duration="00:00:00.0000190" startTime="2022-06-13T21:12:35.2050243+02:00" endTime="2022-06-13T21:12:35.2050426+02:00" testType="13cdc9d9-ddb5-4fa4-a97d-d965ccfc6d4b" outcome="Passed" testListId="8c84fa94-04c1-424b-9868-57a2d4851a1d" relativeResultsDirectory="2b17acdc-8652-442f-b021-aa4bf28feccd" />
    <UnitTestResult executionId="db49e065-cf58-4013-8514-2b5ed9befbad" testId="aa52f83a-fd01-4271-59b5-322ecc9f9333" testName="FormatToStringTest1000(4252.4012513842445d,&quot;4252.40 zł&quot;)" computerName="DESKTOP-5URQ9PB" duration="00:00:00.0000190" startTime="2022-06-13T21:12:35.2220263+02:00" endTime="2022-06-13T21:12:35.2220449+02:00" testType="13cdc9d9-ddb5-4fa4-a97d-d965ccfc6d4b" outcome="Passed" testListId="8c84fa94-04c1-424b-9868-57a2d4851a1d" relativeResultsDirectory="db49e065-cf58-4013-8514-2b5ed9befbad" />
    <UnitTestResult executionId="b0353c65-f375-4d26-bf91-0e6107860677" testId="7f23cd21-ad85-3cc7-38be-9ece9bfed213" testName="FormatToStringTest1000(19541.10539777116d,&quot;19541.11 zł&quot;)" computerName="DESKTOP-5URQ9PB" duration="00:00:00.0000190" startTime="2022-06-13T21:12:35.2034788+02:00" endTime="2022-06-13T21:12:35.2034974+02:00" testType="13cdc9d9-ddb5-4fa4-a97d-d965ccfc6d4b" outcome="Passed" testListId="8c84fa94-04c1-424b-9868-57a2d4851a1d" relativeResultsDirectory="b0353c65-f375-4d26-bf91-0e6107860677" />
    <UnitTestResult executionId="547f20bf-38af-4191-b70b-f67cefb64419" testId="93356272-81f1-2ca0-6a2b-a94c51c52201" testName="FormatToStringTest1000(5396.620088554277d,&quot;5396.62 zł&quot;)" computerName="DESKTOP-5URQ9PB" duration="00:00:00.0000240" startTime="2022-06-13T21:12:35.2029286+02:00" endTime="2022-06-13T21:12:35.2029527+02:00" testType="13cdc9d9-ddb5-4fa4-a97d-d965ccfc6d4b" outcome="Passed" testListId="8c84fa94-04c1-424b-9868-57a2d4851a1d" relativeResultsDirectory="547f20bf-38af-4191-b70b-f67cefb64419" />
    <UnitTestResult executionId="67be5a1c-bb63-4abe-b099-f34a56f7ffaa" testId="7ad4f46a-05fc-7c4a-853e-228ce39d4426" testName="FormatToStringTest1000(485.6735566554933d,&quot;485.67 zł&quot;)" computerName="DESKTOP-5URQ9PB" duration="00:00:00.0000180" startTime="2022-06-13T21:12:35.2069793+02:00" endTime="2022-06-13T21:12:35.2069974+02:00" testType="13cdc9d9-ddb5-4fa4-a97d-d965ccfc6d4b" outcome="Passed" testListId="8c84fa94-04c1-424b-9868-57a2d4851a1d" relativeResultsDirectory="67be5a1c-bb63-4abe-b099-f34a56f7ffaa" />
    <UnitTestResult executionId="f8001f61-6487-4cae-864f-8b85c9a9c7af" testId="e34fd7ec-376b-5cd9-f43c-324b72764f5f" testName="FormatToStringTest1000(3694.480496819355d,&quot;3694.48 zł&quot;)" computerName="DESKTOP-5URQ9PB" duration="00:00:00.0000190" startTime="2022-06-13T21:12:35.2078318+02:00" endTime="2022-06-13T21:12:35.2078503+02:00" testType="13cdc9d9-ddb5-4fa4-a97d-d965ccfc6d4b" outcome="Passed" testListId="8c84fa94-04c1-424b-9868-57a2d4851a1d" relativeResultsDirectory="f8001f61-6487-4cae-864f-8b85c9a9c7af" />
    <UnitTestResult executionId="ddf1390f-a562-4817-addf-92602f950490" testId="af3111d5-b888-5828-d92f-ad0d56c13b83" testName="FormatToStringTest1000(32051.900532446758d,&quot;32051.90 zł&quot;)" computerName="DESKTOP-5URQ9PB" duration="00:00:00.0000190" startTime="2022-06-13T21:12:35.2066186+02:00" endTime="2022-06-13T21:12:35.2066372+02:00" testType="13cdc9d9-ddb5-4fa4-a97d-d965ccfc6d4b" outcome="Passed" testListId="8c84fa94-04c1-424b-9868-57a2d4851a1d" relativeResultsDirectory="ddf1390f-a562-4817-addf-92602f950490" />
    <UnitTestResult executionId="548d6c0d-1f77-46dc-8bfa-c232e2dcfc74" testId="1d93089d-e24f-f1cb-f4e6-3e9e0cc249d4" testName="FormatToStringTest1000(33699.13042082038d,&quot;33699.13 zł&quot;)" computerName="DESKTOP-5URQ9PB" duration="00:00:00.0000190" startTime="2022-06-13T21:12:35.2190955+02:00" endTime="2022-06-13T21:12:35.2191140+02:00" testType="13cdc9d9-ddb5-4fa4-a97d-d965ccfc6d4b" outcome="Passed" testListId="8c84fa94-04c1-424b-9868-57a2d4851a1d" relativeResultsDirectory="548d6c0d-1f77-46dc-8bfa-c232e2dcfc74" />
    <UnitTestResult executionId="3620cf00-b2c9-46d9-ba1e-29731a0a1df0" testId="eae9a8da-630f-ea44-decf-a8ef3a38d81d" testName="FormatToStringTest1000(55030.929183896136d,&quot;55030.93 zł&quot;)" computerName="DESKTOP-5URQ9PB" duration="00:00:00.0000190" startTime="2022-06-13T21:12:35.2068790+02:00" endTime="2022-06-13T21:12:35.2068973+02:00" testType="13cdc9d9-ddb5-4fa4-a97d-d965ccfc6d4b" outcome="Passed" testListId="8c84fa94-04c1-424b-9868-57a2d4851a1d" relativeResultsDirectory="3620cf00-b2c9-46d9-ba1e-29731a0a1df0" />
    <UnitTestResult executionId="58fa52ba-8171-48a1-b584-2148eeb8233d" testId="726ca756-5ddd-cb5f-72a7-3e3a70b8c971" testName="FormatToStringTest1000(1208.1827589441941d,&quot;1208.18 zł&quot;)" computerName="DESKTOP-5URQ9PB" duration="00:00:00.0000180" startTime="2022-06-13T21:12:35.2038883+02:00" endTime="2022-06-13T21:12:35.2039066+02:00" testType="13cdc9d9-ddb5-4fa4-a97d-d965ccfc6d4b" outcome="Passed" testListId="8c84fa94-04c1-424b-9868-57a2d4851a1d" relativeResultsDirectory="58fa52ba-8171-48a1-b584-2148eeb8233d" />
    <UnitTestResult executionId="38e478b4-8e94-4edf-bd74-a922c0ec0f34" testId="b079a5c8-df38-5909-534e-204d0d33ecf8" testName="FormatToStringTest1000(23684.695462791573d,&quot;23684.70 zł&quot;)" computerName="DESKTOP-5URQ9PB" duration="00:00:00.0000190" startTime="2022-06-13T21:12:35.2196181+02:00" endTime="2022-06-13T21:12:35.2196365+02:00" testType="13cdc9d9-ddb5-4fa4-a97d-d965ccfc6d4b" outcome="Passed" testListId="8c84fa94-04c1-424b-9868-57a2d4851a1d" relativeResultsDirectory="38e478b4-8e94-4edf-bd74-a922c0ec0f34" />
    <UnitTestResult executionId="ea099a77-b15e-4d0e-a195-fd5f04789344" testId="2e2f38c6-5756-eb9b-9fbb-652c777b6247" testName="FormatToStringTest1000(8851.904041135638d,&quot;8851.90 zł&quot;)" computerName="DESKTOP-5URQ9PB" duration="00:00:00.0000190" startTime="2022-06-13T21:12:35.2158350+02:00" endTime="2022-06-13T21:12:35.2158533+02:00" testType="13cdc9d9-ddb5-4fa4-a97d-d965ccfc6d4b" outcome="Passed" testListId="8c84fa94-04c1-424b-9868-57a2d4851a1d" relativeResultsDirectory="ea099a77-b15e-4d0e-a195-fd5f04789344" />
    <UnitTestResult executionId="49a5de81-3297-4e44-8b88-0bfcbc1b0671" testId="7724a5ae-1858-243b-d346-491db16f98e9" testName="FormatToStringTest1000(79764.77845563217d,&quot;79764.78 zł&quot;)" computerName="DESKTOP-5URQ9PB" duration="00:00:00.0000190" startTime="2022-06-13T21:12:35.2091584+02:00" endTime="2022-06-13T21:12:35.2091774+02:00" testType="13cdc9d9-ddb5-4fa4-a97d-d965ccfc6d4b" outcome="Passed" testListId="8c84fa94-04c1-424b-9868-57a2d4851a1d" relativeResultsDirectory="49a5de81-3297-4e44-8b88-0bfcbc1b0671" />
    <UnitTestResult executionId="d27763b0-1142-4d7c-a06d-15c73c23be21" testId="92fd78dd-20f7-b708-0603-1911a96c9737" testName="FormatToStringTest1000(7951.322730072458d,&quot;7951.32 zł&quot;)" computerName="DESKTOP-5URQ9PB" duration="00:00:00.0000190" startTime="2022-06-13T21:12:35.2075266+02:00" endTime="2022-06-13T21:12:35.2075451+02:00" testType="13cdc9d9-ddb5-4fa4-a97d-d965ccfc6d4b" outcome="Passed" testListId="8c84fa94-04c1-424b-9868-57a2d4851a1d" relativeResultsDirectory="d27763b0-1142-4d7c-a06d-15c73c23be21" />
    <UnitTestResult executionId="24953e59-c116-4813-81d4-9d1414c66968" testId="9c48ba54-1163-2299-84d2-c7df2b4c3889" testName="FormatToStringTest1000(10227.532692039169d,&quot;10227.53 zł&quot;)" computerName="DESKTOP-5URQ9PB" duration="00:00:00.0000200" startTime="2022-06-13T21:12:35.2068020+02:00" endTime="2022-06-13T21:12:35.2068212+02:00" testType="13cdc9d9-ddb5-4fa4-a97d-d965ccfc6d4b" outcome="Passed" testListId="8c84fa94-04c1-424b-9868-57a2d4851a1d" relativeResultsDirectory="24953e59-c116-4813-81d4-9d1414c66968" />
    <UnitTestResult executionId="2d47b8eb-340f-4c51-b2da-0a3ab321f294" testId="7496f6c0-e383-6fbb-5d3f-fa615fc5ab22" testName="FormatToStringTest1000(19435.417227184127d,&quot;19435.42 zł&quot;)" computerName="DESKTOP-5URQ9PB" duration="00:00:00.0000200" startTime="2022-06-13T21:12:35.2149333+02:00" endTime="2022-06-13T21:12:35.2149533+02:00" testType="13cdc9d9-ddb5-4fa4-a97d-d965ccfc6d4b" outcome="Passed" testListId="8c84fa94-04c1-424b-9868-57a2d4851a1d" relativeResultsDirectory="2d47b8eb-340f-4c51-b2da-0a3ab321f294" />
    <UnitTestResult executionId="2c7f0d49-1989-4fb9-9375-a51056619fd8" testId="764dde41-f2ed-c432-64e0-910368db710d" testName="FormatToStringTest1000(750.5106571719566d,&quot;750.51 zł&quot;)" computerName="DESKTOP-5URQ9PB" duration="00:00:00.0000190" startTime="2022-06-13T21:12:35.2258428+02:00" endTime="2022-06-13T21:12:35.2258619+02:00" testType="13cdc9d9-ddb5-4fa4-a97d-d965ccfc6d4b" outcome="Passed" testListId="8c84fa94-04c1-424b-9868-57a2d4851a1d" relativeResultsDirectory="2c7f0d49-1989-4fb9-9375-a51056619fd8" />
    <UnitTestResult executionId="8dd5acff-f53e-4d41-878c-f1a445558aa5" testId="e77ca75b-19ba-059d-05cd-1ebb08034f74" testName="FormatToStringTest1000(28033.439084134738d,&quot;28033.44 zł&quot;)" computerName="DESKTOP-5URQ9PB" duration="00:00:00.0000200" startTime="2022-06-13T21:12:35.2153725+02:00" endTime="2022-06-13T21:12:35.2153920+02:00" testType="13cdc9d9-ddb5-4fa4-a97d-d965ccfc6d4b" outcome="Passed" testListId="8c84fa94-04c1-424b-9868-57a2d4851a1d" relativeResultsDirectory="8dd5acff-f53e-4d41-878c-f1a445558aa5" />
    <UnitTestResult executionId="efd48406-8678-4e95-ab42-b101b79edfab" testId="e02db9a4-a283-da5d-8967-1cec80ef7e92" testName="FormatToStringTest1000(9431.144757136304d,&quot;9431.14 zł&quot;)" computerName="DESKTOP-5URQ9PB" duration="00:00:00.0000210" startTime="2022-06-13T21:12:35.2060920+02:00" endTime="2022-06-13T21:12:35.2061124+02:00" testType="13cdc9d9-ddb5-4fa4-a97d-d965ccfc6d4b" outcome="Passed" testListId="8c84fa94-04c1-424b-9868-57a2d4851a1d" relativeResultsDirectory="efd48406-8678-4e95-ab42-b101b79edfab" />
    <UnitTestResult executionId="333ce539-49c5-4841-9b3d-0ba6ed8d7082" testId="6df8a807-c182-b8aa-45a8-8ae3c76a3ec5" testName="FormatToStringTest1000(68698.01923441609d,&quot;68698.02 zł&quot;)" computerName="DESKTOP-5URQ9PB" duration="00:00:00.0000190" startTime="2022-06-13T21:12:35.2266126+02:00" endTime="2022-06-13T21:12:35.2266310+02:00" testType="13cdc9d9-ddb5-4fa4-a97d-d965ccfc6d4b" outcome="Passed" testListId="8c84fa94-04c1-424b-9868-57a2d4851a1d" relativeResultsDirectory="333ce539-49c5-4841-9b3d-0ba6ed8d7082" />
    <UnitTestResult executionId="2d544944-0ca8-471d-bf30-7fe6870bc02d" testId="fb1c3a36-60dc-8fcd-b623-36588091afcb" testName="FormatToStringTest1000(25039.088753207627d,&quot;25039.09 zł&quot;)" computerName="DESKTOP-5URQ9PB" duration="00:00:00.0000200" startTime="2022-06-13T21:12:35.2170157+02:00" endTime="2022-06-13T21:12:35.2170351+02:00" testType="13cdc9d9-ddb5-4fa4-a97d-d965ccfc6d4b" outcome="Passed" testListId="8c84fa94-04c1-424b-9868-57a2d4851a1d" relativeResultsDirectory="2d544944-0ca8-471d-bf30-7fe6870bc02d" />
    <UnitTestResult executionId="82ae3e21-8db6-480a-b924-a291e3e52705" testId="2bc42f5a-e565-5018-fa3b-64bf63c4c2f5" testName="FormatToStringTest1000(14017.699524653006d,&quot;14017.70 zł&quot;)" computerName="DESKTOP-5URQ9PB" duration="00:00:00.0000190" startTime="2022-06-13T21:12:35.2270443+02:00" endTime="2022-06-13T21:12:35.2270633+02:00" testType="13cdc9d9-ddb5-4fa4-a97d-d965ccfc6d4b" outcome="Passed" testListId="8c84fa94-04c1-424b-9868-57a2d4851a1d" relativeResultsDirectory="82ae3e21-8db6-480a-b924-a291e3e52705" />
    <UnitTestResult executionId="b2f8e206-9561-4cf0-82ee-4caa8d101051" testId="bb7f2094-2f9e-97a8-2260-536683d65f82" testName="FormatToStringTest1000(57809.74722876295d,&quot;57809.75 zł&quot;)" computerName="DESKTOP-5URQ9PB" duration="00:00:00.0000190" startTime="2022-06-13T21:12:35.2149845+02:00" endTime="2022-06-13T21:12:35.2150033+02:00" testType="13cdc9d9-ddb5-4fa4-a97d-d965ccfc6d4b" outcome="Passed" testListId="8c84fa94-04c1-424b-9868-57a2d4851a1d" relativeResultsDirectory="b2f8e206-9561-4cf0-82ee-4caa8d101051" />
    <UnitTestResult executionId="29980014-fbf2-4757-b24c-299bbddd0cc1" testId="62b70b12-663c-a906-288d-6817a450e2b9" testName="FormatToStringTest1000(6654.099431086378d,&quot;6654.10 zł&quot;)" computerName="DESKTOP-5URQ9PB" duration="00:00:00.0000190" startTime="2022-06-13T21:12:35.2113703+02:00" endTime="2022-06-13T21:12:35.2113895+02:00" testType="13cdc9d9-ddb5-4fa4-a97d-d965ccfc6d4b" outcome="Passed" testListId="8c84fa94-04c1-424b-9868-57a2d4851a1d" relativeResultsDirectory="29980014-fbf2-4757-b24c-299bbddd0cc1" />
    <UnitTestResult executionId="55184d14-871e-46d1-8576-026201a6a83b" testId="386c80c9-6738-6119-052a-4c505d8f4e31" testName="FormatToStringTest1000(9867.823212210007d,&quot;9867.82 zł&quot;)" computerName="DESKTOP-5URQ9PB" duration="00:00:00.0000210" startTime="2022-06-13T21:12:35.2046935+02:00" endTime="2022-06-13T21:12:35.2047139+02:00" testType="13cdc9d9-ddb5-4fa4-a97d-d965ccfc6d4b" outcome="Passed" testListId="8c84fa94-04c1-424b-9868-57a2d4851a1d" relativeResultsDirectory="55184d14-871e-46d1-8576-026201a6a83b" />
    <UnitTestResult executionId="529bc690-f108-4d28-8193-dbaa796dbdd5" testId="db065917-a97a-fe61-77a4-bb6c5d5457d5" testName="FormatToStringTest1000(9897.705953436767d,&quot;9897.71 zł&quot;)" computerName="DESKTOP-5URQ9PB" duration="00:00:00.0000200" startTime="2022-06-13T21:12:35.2161876+02:00" endTime="2022-06-13T21:12:35.2162068+02:00" testType="13cdc9d9-ddb5-4fa4-a97d-d965ccfc6d4b" outcome="Passed" testListId="8c84fa94-04c1-424b-9868-57a2d4851a1d" relativeResultsDirectory="529bc690-f108-4d28-8193-dbaa796dbdd5" />
    <UnitTestResult executionId="d73a6e01-a391-4d8f-b006-49475adb3362" testId="c7f52afa-564d-8d59-88a3-ea1bc3790407" testName="FormatToStringTest1000(16383.352881839199d,&quot;16383.35 zł&quot;)" computerName="DESKTOP-5URQ9PB" duration="00:00:00.0000190" startTime="2022-06-13T21:12:35.2041373+02:00" endTime="2022-06-13T21:12:35.2041557+02:00" testType="13cdc9d9-ddb5-4fa4-a97d-d965ccfc6d4b" outcome="Passed" testListId="8c84fa94-04c1-424b-9868-57a2d4851a1d" relativeResultsDirectory="d73a6e01-a391-4d8f-b006-49475adb3362" />
    <UnitTestResult executionId="f3a6a3e0-5d34-4b47-bd0b-7f7322a2fcd3" testId="a3e3ac67-b44c-d535-60e6-335f6ba0310c" testName="FormatToStringTest1000(7891.960478953067d,&quot;7891.96 zł&quot;)" computerName="DESKTOP-5URQ9PB" duration="00:00:00.0000200" startTime="2022-06-13T21:12:35.2127386+02:00" endTime="2022-06-13T21:12:35.2127579+02:00" testType="13cdc9d9-ddb5-4fa4-a97d-d965ccfc6d4b" outcome="Passed" testListId="8c84fa94-04c1-424b-9868-57a2d4851a1d" relativeResultsDirectory="f3a6a3e0-5d34-4b47-bd0b-7f7322a2fcd3" />
    <UnitTestResult executionId="27975b85-5766-421f-a67d-9f31d82c0611" testId="28ae16d9-787d-277c-8346-a2bcbe4da144" testName="FormatToStringTest1000(10914.360814625099d,&quot;10914.36 zł&quot;)" computerName="DESKTOP-5URQ9PB" duration="00:00:00.0000200" startTime="2022-06-13T21:12:35.2025915+02:00" endTime="2022-06-13T21:12:35.2026109+02:00" testType="13cdc9d9-ddb5-4fa4-a97d-d965ccfc6d4b" outcome="Passed" testListId="8c84fa94-04c1-424b-9868-57a2d4851a1d" relativeResultsDirectory="27975b85-5766-421f-a67d-9f31d82c0611" />
    <UnitTestResult executionId="44338c80-3c7d-4df0-8ba5-c9b14fbaeebd" testId="4f1f0a63-e0be-64e6-2c9f-87d58c623ce7" testName="FormatToStringTest1000(9750.134289915735d,&quot;9750.13 zł&quot;)" computerName="DESKTOP-5URQ9PB" duration="00:00:00.0000190" startTime="2022-06-13T21:12:35.2207818+02:00" endTime="2022-06-13T21:12:35.2208007+02:00" testType="13cdc9d9-ddb5-4fa4-a97d-d965ccfc6d4b" outcome="Passed" testListId="8c84fa94-04c1-424b-9868-57a2d4851a1d" relativeResultsDirectory="44338c80-3c7d-4df0-8ba5-c9b14fbaeebd" />
    <UnitTestResult executionId="f91e195e-493b-4e47-a344-655db62077d3" testId="3ff03a46-b206-b458-f53e-9c5468df465e" testName="FormatToStringTest1000(25116.590135570892d,&quot;25116.59 zł&quot;)" computerName="DESKTOP-5URQ9PB" duration="00:00:00.0000190" startTime="2022-06-13T21:12:35.2112956+02:00" endTime="2022-06-13T21:12:35.2113148+02:00" testType="13cdc9d9-ddb5-4fa4-a97d-d965ccfc6d4b" outcome="Passed" testListId="8c84fa94-04c1-424b-9868-57a2d4851a1d" relativeResultsDirectory="f91e195e-493b-4e47-a344-655db62077d3" />
    <UnitTestResult executionId="ac4e30af-9ac3-40c0-8100-6b227e303c0b" testId="628515ca-7a61-a487-4f7e-7b39d713c401" testName="FormatToStringTest1000(29917.15005391145d,&quot;29917.15 zł&quot;)" computerName="DESKTOP-5URQ9PB" duration="00:00:00.0000190" startTime="2022-06-13T21:12:35.2202978+02:00" endTime="2022-06-13T21:12:35.2203167+02:00" testType="13cdc9d9-ddb5-4fa4-a97d-d965ccfc6d4b" outcome="Passed" testListId="8c84fa94-04c1-424b-9868-57a2d4851a1d" relativeResultsDirectory="ac4e30af-9ac3-40c0-8100-6b227e303c0b" />
    <UnitTestResult executionId="0cd40c08-d287-421b-9ec3-4ce924c582f0" testId="5da451a5-54a7-b58b-ab8b-8b1b8384fd01" testName="FormatToStringTest1000(3700.029953029021d,&quot;3700.03 zł&quot;)" computerName="DESKTOP-5URQ9PB" duration="00:00:00.0000190" startTime="2022-06-13T21:12:35.2088087+02:00" endTime="2022-06-13T21:12:35.2088270+02:00" testType="13cdc9d9-ddb5-4fa4-a97d-d965ccfc6d4b" outcome="Passed" testListId="8c84fa94-04c1-424b-9868-57a2d4851a1d" relativeResultsDirectory="0cd40c08-d287-421b-9ec3-4ce924c582f0" />
    <UnitTestResult executionId="d1835441-2789-49a5-bc02-730410e72ae9" testId="d80dabd7-8e57-8764-d48e-5c692bf0e881" testName="FormatToStringTest1000(19603.69286519321d,&quot;19603.69 zł&quot;)" computerName="DESKTOP-5URQ9PB" duration="00:00:00.0000190" startTime="2022-06-13T21:12:35.2275225+02:00" endTime="2022-06-13T21:12:35.2275408+02:00" testType="13cdc9d9-ddb5-4fa4-a97d-d965ccfc6d4b" outcome="Passed" testListId="8c84fa94-04c1-424b-9868-57a2d4851a1d" relativeResultsDirectory="d1835441-2789-49a5-bc02-730410e72ae9" />
    <UnitTestResult executionId="74c6797d-26c5-4ee5-9304-0a50b024ae56" testId="56c6c75f-613a-6a82-f7f1-a767d952b57c" testName="FormatToStringTest1000(11430.666613002619d,&quot;11430.67 zł&quot;)" computerName="DESKTOP-5URQ9PB" duration="00:00:00.0000190" startTime="2022-06-13T21:12:35.2074028+02:00" endTime="2022-06-13T21:12:35.2074214+02:00" testType="13cdc9d9-ddb5-4fa4-a97d-d965ccfc6d4b" outcome="Passed" testListId="8c84fa94-04c1-424b-9868-57a2d4851a1d" relativeResultsDirectory="74c6797d-26c5-4ee5-9304-0a50b024ae56" />
    <UnitTestResult executionId="1a5e2047-e8c9-442f-9701-ef7447024367" testId="c9b5631d-418b-047b-d15f-f39906c7e08b" testName="FormatToStringTest1000(34060.48467268724d,&quot;34060.48 zł&quot;)" computerName="DESKTOP-5URQ9PB" duration="00:00:00.0000190" startTime="2022-06-13T21:12:35.2211351+02:00" endTime="2022-06-13T21:12:35.2211540+02:00" testType="13cdc9d9-ddb5-4fa4-a97d-d965ccfc6d4b" outcome="Passed" testListId="8c84fa94-04c1-424b-9868-57a2d4851a1d" relativeResultsDirectory="1a5e2047-e8c9-442f-9701-ef7447024367" />
    <UnitTestResult executionId="ffe0551e-159e-48e9-aec0-61276054c03e" testId="3f7d9e9c-5ad3-f161-b9fe-a5f6a9ab40b4" testName="FormatToStringTest1000(18208.8422650126d,&quot;18208.84 zł&quot;)" computerName="DESKTOP-5URQ9PB" duration="00:00:00.0000190" startTime="2022-06-13T21:12:35.2089830+02:00" endTime="2022-06-13T21:12:35.2090019+02:00" testType="13cdc9d9-ddb5-4fa4-a97d-d965ccfc6d4b" outcome="Passed" testListId="8c84fa94-04c1-424b-9868-57a2d4851a1d" relativeResultsDirectory="ffe0551e-159e-48e9-aec0-61276054c03e" />
  </Results>
  <TestDefinitions>
    <UnitTest name="FormatToStringTest1000(3503.9809179231434d,&quot;3503.98 zł&quot;)" storage="c:\projekty\nunittestproject\bin\debug\netcoreapp3.1\nunittestproject.dll" id="d2b12152-aa29-786c-7dfa-f4b6b5aa2a7e">
      <Execution id="6acd1a2d-1376-436e-8f5b-b97acfba24d3" />
      <TestMethod codeBase="C:\Projekty\NUnitTestProject\bin\Debug\netcoreapp3.1\NUnitTestProject.dll" adapterTypeName="executor://nunit3testexecutor/" className="NUnitTestProject.CurrencyHelperTests" name="FormatToStringTest1000(3503.9809179231434d,&quot;3503.98 zł&quot;)" />
    </UnitTest>
    <UnitTest name="FormatToStringTest1000(86.89546322771136d,&quot;86.90 zł&quot;)" storage="c:\projekty\nunittestproject\bin\debug\netcoreapp3.1\nunittestproject.dll" id="d00dfd16-6967-b6b7-0f2f-9403bdf758f6">
      <Execution id="a8cd0401-6e17-4b50-92dd-aea041fda409" />
      <TestMethod codeBase="C:\Projekty\NUnitTestProject\bin\Debug\netcoreapp3.1\NUnitTestProject.dll" adapterTypeName="executor://nunit3testexecutor/" className="NUnitTestProject.CurrencyHelperTests" name="FormatToStringTest1000(86.89546322771136d,&quot;86.90 zł&quot;)" />
    </UnitTest>
    <UnitTest name="FormatToStringTest1000(28972.23604401212d,&quot;28972.24 zł&quot;)" storage="c:\projekty\nunittestproject\bin\debug\netcoreapp3.1\nunittestproject.dll" id="abb79c21-cbdf-18a9-eb27-48d7cd452ee8">
      <Execution id="b95e6700-a9e0-4771-8660-5f1fc5339ba3" />
      <TestMethod codeBase="C:\Projekty\NUnitTestProject\bin\Debug\netcoreapp3.1\NUnitTestProject.dll" adapterTypeName="executor://nunit3testexecutor/" className="NUnitTestProject.CurrencyHelperTests" name="FormatToStringTest1000(28972.23604401212d,&quot;28972.24 zł&quot;)" />
    </UnitTest>
    <UnitTest name="FormatToStringTest1000(10457.593086045978d,&quot;10457.59 zł&quot;)" storage="c:\projekty\nunittestproject\bin\debug\netcoreapp3.1\nunittestproject.dll" id="35e23acf-2036-4d69-e77b-27d58a55d61b">
      <Execution id="cd7b633b-b9b5-4aff-aa4f-d3a5b7339287" />
      <TestMethod codeBase="C:\Projekty\NUnitTestProject\bin\Debug\netcoreapp3.1\NUnitTestProject.dll" adapterTypeName="executor://nunit3testexecutor/" className="NUnitTestProject.CurrencyHelperTests" name="FormatToStringTest1000(10457.593086045978d,&quot;10457.59 zł&quot;)" />
    </UnitTest>
    <UnitTest name="FormatToStringTest1000(1751.7703038522834d,&quot;1751.77 zł&quot;)" storage="c:\projekty\nunittestproject\bin\debug\netcoreapp3.1\nunittestproject.dll" id="4d3ac1b1-3fbf-8e2e-a5b3-6011afbd1d48">
      <Execution id="a87fe900-7034-48cf-8358-deb22952438a" />
      <TestMethod codeBase="C:\Projekty\NUnitTestProject\bin\Debug\netcoreapp3.1\NUnitTestProject.dll" adapterTypeName="executor://nunit3testexecutor/" className="NUnitTestProject.CurrencyHelperTests" name="FormatToStringTest1000(1751.7703038522834d,&quot;1751.77 zł&quot;)" />
    </UnitTest>
    <UnitTest name="FormatToStringTest1000(6915.421130504656d,&quot;6915.42 zł&quot;)" storage="c:\projekty\nunittestproject\bin\debug\netcoreapp3.1\nunittestproject.dll" id="71fdf905-97fb-1d5b-9602-e52da179cf3f">
      <Execution id="921dacfb-081d-4346-b002-41eb979b9637" />
      <TestMethod codeBase="C:\Projekty\NUnitTestProject\bin\Debug\netcoreapp3.1\NUnitTestProject.dll" adapterTypeName="executor://nunit3testexecutor/" className="NUnitTestProject.CurrencyHelperTests" name="FormatToStringTest1000(6915.421130504656d,&quot;6915.42 zł&quot;)" />
    </UnitTest>
    <UnitTest name="FormatToStringTest1000(47025.6224095177d,&quot;47025.62 zł&quot;)" storage="c:\projekty\nunittestproject\bin\debug\netcoreapp3.1\nunittestproject.dll" id="1ab663c2-4cb9-e883-e113-e7c904041e47">
      <Execution id="482ba0d8-24ed-432a-9b4e-ddd0a7bc594f" />
      <TestMethod codeBase="C:\Projekty\NUnitTestProject\bin\Debug\netcoreapp3.1\NUnitTestProject.dll" adapterTypeName="executor://nunit3testexecutor/" className="NUnitTestProject.CurrencyHelperTests" name="FormatToStringTest1000(47025.6224095177d,&quot;47025.62 zł&quot;)" />
    </UnitTest>
    <UnitTest name="FormatToStringTest1000(37866.43836050967d,&quot;37866.44 zł&quot;)" storage="c:\projekty\nunittestproject\bin\debug\netcoreapp3.1\nunittestproject.dll" id="379018c4-3439-ea28-2c36-3039f4766b8e">
      <Execution id="2aec02bb-82b5-4749-94b9-7655815a051b" />
      <TestMethod codeBase="C:\Projekty\NUnitTestProject\bin\Debug\netcoreapp3.1\NUnitTestProject.dll" adapterTypeName="executor://nunit3testexecutor/" className="NUnitTestProject.CurrencyHelperTests" name="FormatToStringTest1000(37866.43836050967d,&quot;37866.44 zł&quot;)" />
    </UnitTest>
    <UnitTest name="FormatToStringTest1000(45445.182098106096d,&quot;45445.18 zł&quot;)" storage="c:\projekty\nunittestproject\bin\debug\netcoreapp3.1\nunittestproject.dll" id="f6e6ea6a-a253-8185-3a92-d6751c76c436">
      <Execution id="3e34af82-06a3-4bf6-b4e3-38d3a7851f58" />
      <TestMethod codeBase="C:\Projekty\NUnitTestProject\bin\Debug\netcoreapp3.1\NUnitTestProject.dll" adapterTypeName="executor://nunit3testexecutor/" className="NUnitTestProject.CurrencyHelperTests" name="FormatToStringTest1000(45445.182098106096d,&quot;45445.18 zł&quot;)" />
    </UnitTest>
    <UnitTest name="FormatToStringTest1000(657.5396922647672d,&quot;657.54 zł&quot;)" storage="c:\projekty\nunittestproject\bin\debug\netcoreapp3.1\nunittestproject.dll" id="92867c0e-facc-7f59-b4bc-04e39d2ba464">
      <Execution id="2db31964-8db6-474e-8110-bb84785f6d17" />
      <TestMethod codeBase="C:\Projekty\NUnitTestProject\bin\Debug\netcoreapp3.1\NUnitTestProject.dll" adapterTypeName="executor://nunit3testexecutor/" className="NUnitTestProject.CurrencyHelperTests" name="FormatToStringTest1000(657.5396922647672d,&quot;657.54 zł&quot;)" />
    </UnitTest>
    <UnitTest name="FormatToStringTest1000(2423.6182769712145d,&quot;2423.62 zł&quot;)" storage="c:\projekty\nunittestproject\bin\debug\netcoreapp3.1\nunittestproject.dll" id="2067c239-a69d-2f34-aeac-53cb55316cbb">
      <Execution id="12dd1223-9587-463c-ba9e-bf83c9b344b0" />
      <TestMethod codeBase="C:\Projekty\NUnitTestProject\bin\Debug\netcoreapp3.1\NUnitTestProject.dll" adapterTypeName="executor://nunit3testexecutor/" className="NUnitTestProject.CurrencyHelperTests" name="FormatToStringTest1000(2423.6182769712145d,&quot;2423.62 zł&quot;)" />
    </UnitTest>
    <UnitTest name="FormatToStringTest1000(30410.68214617003d,&quot;30410.68 zł&quot;)" storage="c:\projekty\nunittestproject\bin\debug\netcoreapp3.1\nunittestproject.dll" id="9ef22620-233d-af50-c838-ed1dcd20ddc6">
      <Execution id="eff4ff00-e22e-4ff4-b2bb-3cb5151e60a5" />
      <TestMethod codeBase="C:\Projekty\NUnitTestProject\bin\Debug\netcoreapp3.1\NUnitTestProject.dll" adapterTypeName="executor://nunit3testexecutor/" className="NUnitTestProject.CurrencyHelperTests" name="FormatToStringTest1000(30410.68214617003d,&quot;30410.68 zł&quot;)" />
    </UnitTest>
    <UnitTest name="FormatToStringTest1000(2409.393997763001d,&quot;2409.39 zł&quot;)" storage="c:\projekty\nunittestproject\bin\debug\netcoreapp3.1\nunittestproject.dll" id="1e5c078d-f94d-c926-473c-575e7ad77b95">
      <Execution id="667fae61-4900-42ae-b53d-bbd3f6d1bf25" />
      <TestMethod codeBase="C:\Projekty\NUnitTestProject\bin\Debug\netcoreapp3.1\NUnitTestProject.dll" adapterTypeName="executor://nunit3testexecutor/" className="NUnitTestProject.CurrencyHelperTests" name="FormatToStringTest1000(2409.393997763001d,&quot;2409.39 zł&quot;)" />
    </UnitTest>
    <UnitTest name="FormatToStringTest1000(12221.10494323592d,&quot;12221.10 zł&quot;)" storage="c:\projekty\nunittestproject\bin\debug\netcoreapp3.1\nunittestproject.dll" id="64a6b4e0-a8e1-9595-14c6-66f8a8c8f576">
      <Execution id="a71b3811-22dc-494e-af20-7bad57c13490" />
      <TestMethod codeBase="C:\Projekty\NUnitTestProject\bin\Debug\netcoreapp3.1\NUnitTestProject.dll" adapterTypeName="executor://nunit3testexecutor/" className="NUnitTestProject.CurrencyHelperTests" name="FormatToStringTest1000(12221.10494323592d,&quot;12221.10 zł&quot;)" />
    </UnitTest>
    <UnitTest name="FormatToStringTest1000(5876.112133716285d,&quot;5876.11 zł&quot;)" storage="c:\projekty\nunittestproject\bin\debug\netcoreapp3.1\nunittestproject.dll" id="9bd1c538-5b49-0158-94f6-e9be1859d678">
      <Execution id="bc9ea188-0586-48d5-ba52-0665acdc59d1" />
      <TestMethod codeBase="C:\Projekty\NUnitTestProject\bin\Debug\netcoreapp3.1\NUnitTestProject.dll" adapterTypeName="executor://nunit3testexecutor/" className="NUnitTestProject.CurrencyHelperTests" name="FormatToStringTest1000(5876.112133716285d,&quot;5876.11 zł&quot;)" />
    </UnitTest>
    <UnitTest name="FormatToStringTest1000(10534.184353995222d,&quot;10534.18 zł&quot;)" storage="c:\projekty\nunittestproject\bin\debug\netcoreapp3.1\nunittestproject.dll" id="8537861e-52bb-f63c-38f8-3f1d41ff88e5">
      <Execution id="2d35524d-bcd2-4f37-aa2c-56191380ed97" />
      <TestMethod codeBase="C:\Projekty\NUnitTestProject\bin\Debug\netcoreapp3.1\NUnitTestProject.dll" adapterTypeName="executor://nunit3testexecutor/" className="NUnitTestProject.CurrencyHelperTests" name="FormatToStringTest1000(10534.184353995222d,&quot;10534.18 zł&quot;)" />
    </UnitTest>
    <UnitTest name="FormatToStringTest1000(19541.10539777116d,&quot;19541.11 zł&quot;)" storage="c:\projekty\nunittestproject\bin\debug\netcoreapp3.1\nunittestproject.dll" id="7f23cd21-ad85-3cc7-38be-9ece9bfed213">
      <Execution id="b0353c65-f375-4d26-bf91-0e6107860677" />
      <TestMethod codeBase="C:\Projekty\NUnitTestProject\bin\Debug\netcoreapp3.1\NUnitTestProject.dll" adapterTypeName="executor://nunit3testexecutor/" className="NUnitTestProject.CurrencyHelperTests" name="FormatToStringTest1000(19541.10539777116d,&quot;19541.11 zł&quot;)" />
    </UnitTest>
    <UnitTest name="FormatToStringTest1000(480.2082316857801d,&quot;480.21 zł&quot;)" storage="c:\projekty\nunittestproject\bin\debug\netcoreapp3.1\nunittestproject.dll" id="05474d60-4c0c-5e35-b4fc-2df26a361c4d">
      <Execution id="ff8192ee-5e86-4388-8537-717848072732" />
      <TestMethod codeBase="C:\Projekty\NUnitTestProject\bin\Debug\netcoreapp3.1\NUnitTestProject.dll" adapterTypeName="executor://nunit3testexecutor/" className="NUnitTestProject.CurrencyHelperTests" name="FormatToStringTest1000(480.2082316857801d,&quot;480.21 zł&quot;)" />
    </UnitTest>
    <UnitTest name="FormatToStringTest1000(22678.795878462864d,&quot;22678.80 zł&quot;)" storage="c:\projekty\nunittestproject\bin\debug\netcoreapp3.1\nunittestproject.dll" id="09dc5d9b-3822-771d-84ba-e650ae497aa7">
      <Execution id="5c6b9087-a473-4c04-a684-ed809c289ecc" />
      <TestMethod codeBase="C:\Projekty\NUnitTestProject\bin\Debug\netcoreapp3.1\NUnitTestProject.dll" adapterTypeName="executor://nunit3testexecutor/" className="NUnitTestProject.CurrencyHelperTests" name="FormatToStringTest1000(22678.795878462864d,&quot;22678.80 zł&quot;)" />
    </UnitTest>
    <UnitTest name="FormatToStringTest1000(25376.6225052097d,&quot;25376.62 zł&quot;)" storage="c:\projekty\nunittestproject\bin\debug\netcoreapp3.1\nunittestproject.dll" id="4b65b228-f0fd-3e1d-e2c9-95f312b6aeb7">
      <Execution id="33cbf2fc-1b07-48d9-8cdb-d518ab47006a" />
      <TestMethod codeBase="C:\Projekty\NUnitTestProject\bin\Debug\netcoreapp3.1\NUnitTestProject.dll" adapterTypeName="executor://nunit3testexecutor/" className="NUnitTestProject.CurrencyHelperTests" name="FormatToStringTest1000(25376.6225052097d,&quot;25376.62 zł&quot;)" />
    </UnitTest>
    <UnitTest name="FormatToStringTest1000(2444.4726240530017d,&quot;2444.47 zł&quot;)" storage="c:\projekty\nunittestproject\bin\debug\netcoreapp3.1\nunittestproject.dll" id="67f8d8e0-1fb7-7817-1ba6-6557149ef676">
      <Execution id="4405dcd0-6cc6-4a80-9b5d-b40084debbfb" />
      <TestMethod codeBase="C:\Projekty\NUnitTestProject\bin\Debug\netcoreapp3.1\NUnitTestProject.dll" adapterTypeName="executor://nunit3testexecutor/" className="NUnitTestProject.CurrencyHelperTests" name="FormatToStringTest1000(2444.4726240530017d,&quot;2444.47 zł&quot;)" />
    </UnitTest>
    <UnitTest name="FormatToStringTest1000(8851.904041135638d,&quot;8851.90 zł&quot;)" storage="c:\projekty\nunittestproject\bin\debug\netcoreapp3.1\nunittestproject.dll" id="2e2f38c6-5756-eb9b-9fbb-652c777b6247">
      <Execution id="ea099a77-b15e-4d0e-a195-fd5f04789344" />
      <TestMethod codeBase="C:\Projekty\NUnitTestProject\bin\Debug\netcoreapp3.1\NUnitTestProject.dll" adapterTypeName="executor://nunit3testexecutor/" className="NUnitTestProject.CurrencyHelperTests" name="FormatToStringTest1000(8851.904041135638d,&quot;8851.90 zł&quot;)" />
    </UnitTest>
    <UnitTest name="FormatToStringTest1000(43858.624379632354d,&quot;43858.62 zł&quot;)" storage="c:\projekty\nunittestproject\bin\debug\netcoreapp3.1\nunittestproject.dll" id="0183c416-9787-c59d-18ce-d5b3fc43ac57">
      <Execution id="cfee6faa-a64b-4901-9d22-238b99654cb0" />
      <TestMethod codeBase="C:\Projekty\NUnitTestProject\bin\Debug\netcoreapp3.1\NUnitTestProject.dll" adapterTypeName="executor://nunit3testexecutor/" className="NUnitTestProject.CurrencyHelperTests" name="FormatToStringTest1000(43858.624379632354d,&quot;43858.62 zł&quot;)" />
    </UnitTest>
    <UnitTest name="FormatToStringTest1000(13455.521105358153d,&quot;13455.52 zł&quot;)" storage="c:\projekty\nunittestproject\bin\debug\netcoreapp3.1\nunittestproject.dll" id="dd5c672a-615a-d2df-e240-966d42055469">
      <Execution id="fdfcbe58-37eb-44ec-b640-36ecad5aaf1b" />
      <TestMethod codeBase="C:\Projekty\NUnitTestProject\bin\Debug\netcoreapp3.1\NUnitTestProject.dll" adapterTypeName="executor://nunit3testexecutor/" className="NUnitTestProject.CurrencyHelperTests" name="FormatToStringTest1000(13455.521105358153d,&quot;13455.52 zł&quot;)" />
    </UnitTest>
    <UnitTest name="FormatToStringTest1000(386.358918903097d,&quot;386.36 zł&quot;)" storage="c:\projekty\nunittestproject\bin\debug\netcoreapp3.1\nunittestproject.dll" id="c565182f-b75e-4a8b-1a2d-674dce2fa509">
      <Execution id="1763415b-393d-4899-8d7d-36739b706e3d" />
      <TestMethod codeBase="C:\Projekty\NUnitTestProject\bin\Debug\netcoreapp3.1\NUnitTestProject.dll" adapterTypeName="executor://nunit3testexecutor/" className="NUnitTestProject.CurrencyHelperTests" name="FormatToStringTest1000(386.358918903097d,&quot;386.36 zł&quot;)" />
    </UnitTest>
    <UnitTest name="FormatToStringTest1000(10066.059180456241d,&quot;10066.06 zł&quot;)" storage="c:\projekty\nunittestproject\bin\debug\netcoreapp3.1\nunittestproject.dll" id="e8132b4a-b72b-7d8e-d5ad-2056ee804391">
      <Execution id="f926f731-3ed0-4928-ae30-eecfd0e33249" />
      <TestMethod codeBase="C:\Projekty\NUnitTestProject\bin\Debug\netcoreapp3.1\NUnitTestProject.dll" adapterTypeName="executor://nunit3testexecutor/" className="NUnitTestProject.CurrencyHelperTests" name="FormatToStringTest1000(10066.059180456241d,&quot;10066.06 zł&quot;)" />
    </UnitTest>
    <UnitTest name="FormatToStringTest1000(2883.637133003975d,&quot;2883.64 zł&quot;)" storage="c:\projekty\nunittestproject\bin\debug\netcoreapp3.1\nunittestproject.dll" id="8444e906-7a92-9021-9b3f-57eb7bbd8067">
      <Execution id="512c1673-1f27-4303-b123-fe6018fffe05" />
      <TestMethod codeBase="C:\Projekty\NUnitTestProject\bin\Debug\netcoreapp3.1\NUnitTestProject.dll" adapterTypeName="executor://nunit3testexecutor/" className="NUnitTestProject.CurrencyHelperTests" name="FormatToStringTest1000(2883.637133003975d,&quot;2883.64 zł&quot;)" />
    </UnitTest>
    <UnitTest name="FormatToStringTest1000(24030.724859085738d,&quot;24030.72 zł&quot;)" storage="c:\projekty\nunittestproject\bin\debug\netcoreapp3.1\nunittestproject.dll" id="39df2f5c-e533-7912-e8a8-0244d814b70f">
      <Execution id="187ab540-8000-4357-968b-d4fce4232870" />
      <TestMethod codeBase="C:\Projekty\NUnitTestProject\bin\Debug\netcoreapp3.1\NUnitTestProject.dll" adapterTypeName="executor://nunit3testexecutor/" className="NUnitTestProject.CurrencyHelperTests" name="FormatToStringTest1000(24030.724859085738d,&quot;24030.72 zł&quot;)" />
    </UnitTest>
    <UnitTest name="FormatToStringTest1000(20116.958341299072d,&quot;20116.96 zł&quot;)" storage="c:\projekty\nunittestproject\bin\debug\netcoreapp3.1\nunittestproject.dll" id="7a0e454f-7db2-d7d6-0df6-561708317bba">
      <Execution id="7cb8c518-84a9-46a4-ad2d-8e6c276c4afe" />
      <TestMethod codeBase="C:\Projekty\NUnitTestProject\bin\Debug\netcoreapp3.1\NUnitTestProject.dll" adapterTypeName="executor://nunit3testexecutor/" className="NUnitTestProject.CurrencyHelperTests" name="FormatToStringTest1000(20116.958341299072d,&quot;20116.96 zł&quot;)" />
    </UnitTest>
    <UnitTest name="FormatToStringTest1000(58459.03113649601d,&quot;58459.03 zł&quot;)" storage="c:\projekty\nunittestproject\bin\debug\netcoreapp3.1\nunittestproject.dll" id="b923c1df-de90-30ce-6175-be67d41806a2">
      <Execution id="b8e1ff24-e140-4855-a085-78aa62979334" />
      <TestMethod codeBase="C:\Projekty\NUnitTestProject\bin\Debug\netcoreapp3.1\NUnitTestProject.dll" adapterTypeName="executor://nunit3testexecutor/" className="NUnitTestProject.CurrencyHelperTests" name="FormatToStringTest1000(58459.03113649601d,&quot;58459.03 zł&quot;)" />
    </UnitTest>
    <UnitTest name="FormatToStringTest1000(20643.69044446465d,&quot;20643.69 zł&quot;)" storage="c:\projekty\nunittestproject\bin\debug\netcoreapp3.1\nunittestproject.dll" id="b039aca6-d089-bcbd-2727-394bcd0025e0">
      <Execution id="86d72ac2-39c8-4d30-8e0e-2c23064bfde9" />
      <TestMethod codeBase="C:\Projekty\NUnitTestProject\bin\Debug\netcoreapp3.1\NUnitTestProject.dll" adapterTypeName="executor://nunit3testexecutor/" className="NUnitTestProject.CurrencyHelperTests" name="FormatToStringTest1000(20643.69044446465d,&quot;20643.69 zł&quot;)" />
    </UnitTest>
    <UnitTest name="FormatToStringTest1000(151.50737175275916d,&quot;151.51 zł&quot;)" storage="c:\projekty\nunittestproject\bin\debug\netcoreapp3.1\nunittestproject.dll" id="34f38fc8-ae53-5e82-0417-57e4237764fa">
      <Execution id="b9db4c3a-1de9-4534-8091-fd0d453d5128" />
      <TestMethod codeBase="C:\Projekty\NUnitTestProject\bin\Debug\netcoreapp3.1\NUnitTestProject.dll" adapterTypeName="executor://nunit3testexecutor/" className="NUnitTestProject.CurrencyHelperTests" name="FormatToStringTest1000(151.50737175275916d,&quot;151.51 zł&quot;)" />
    </UnitTest>
    <UnitTest name="FormatToStringTest1000(39314.52353688401d,&quot;39314.52 zł&quot;)" storage="c:\projekty\nunittestproject\bin\debug\netcoreapp3.1\nunittestproject.dll" id="97c96922-5169-8a4b-ec79-8c51fbb945f4">
      <Execution id="244f51b7-d7a2-4f5c-959a-383a957790c0" />
      <TestMethod codeBase="C:\Projekty\NUnitTestProject\bin\Debug\netcoreapp3.1\NUnitTestProject.dll" adapterTypeName="executor://nunit3testexecutor/" className="NUnitTestProject.CurrencyHelperTests" name="FormatToStringTest1000(39314.52353688401d,&quot;39314.52 zł&quot;)" />
    </UnitTest>
    <UnitTest name="FormatToStringTest1000(70771.4436677524d,&quot;70771.44 zł&quot;)" storage="c:\projekty\nunittestproject\bin\debug\netcoreapp3.1\nunittestproject.dll" id="a08c8488-fa9f-7deb-e37e-0124bdaf71c9">
      <Execution id="43f9d9c2-0ca8-4ae8-b49d-bfa7b6436a10" />
      <TestMethod codeBase="C:\Projekty\NUnitTestProject\bin\Debug\netcoreapp3.1\NUnitTestProject.dll" adapterTypeName="executor://nunit3testexecutor/" className="NUnitTestProject.CurrencyHelperTests" name="FormatToStringTest1000(70771.4436677524d,&quot;70771.44 zł&quot;)" />
    </UnitTest>
    <UnitTest name="FormatToStringTest1000(24768.25771770359d,&quot;24768.26 zł&quot;)" storage="c:\projekty\nunittestproject\bin\debug\netcoreapp3.1\nunittestproject.dll" id="9277cfc2-3adf-cf52-f9f5-a84d42e6305c">
      <Execution id="8b70de07-d20d-4d15-971c-4c91827dded3" />
      <TestMethod codeBase="C:\Projekty\NUnitTestProject\bin\Debug\netcoreapp3.1\NUnitTestProject.dll" adapterTypeName="executor://nunit3testexecutor/" className="NUnitTestProject.CurrencyHelperTests" name="FormatToStringTest1000(24768.25771770359d,&quot;24768.26 zł&quot;)" />
    </UnitTest>
    <UnitTest name="FormatToStringTest1000(50644.690874327294d,&quot;50644.69 zł&quot;)" storage="c:\projekty\nunittestproject\bin\debug\netcoreapp3.1\nunittestproject.dll" id="9006b827-71f8-1e68-78c8-d64e06e75b19">
      <Execution id="1b7171ff-cc4e-4839-ae2e-84048747d289" />
      <TestMethod codeBase="C:\Projekty\NUnitTestProject\bin\Debug\netcoreapp3.1\NUnitTestProject.dll" adapterTypeName="executor://nunit3testexecutor/" className="NUnitTestProject.CurrencyHelperTests" name="FormatToStringTest1000(50644.690874327294d,&quot;50644.69 zł&quot;)" />
    </UnitTest>
    <UnitTest name="FormatToStringTest1000(20146.183073329827d,&quot;20146.18 zł&quot;)" storage="c:\projekty\nunittestproject\bin\debug\netcoreapp3.1\nunittestproject.dll" id="b5a90a67-8ab0-67af-7979-e040eeab7b97">
      <Execution id="3724ac83-c08d-4342-a307-4e0e54853b69" />
      <TestMethod codeBase="C:\Projekty\NUnitTestProject\bin\Debug\netcoreapp3.1\NUnitTestProject.dll" adapterTypeName="executor://nunit3testexecutor/" className="NUnitTestProject.CurrencyHelperTests" name="FormatToStringTest1000(20146.183073329827d,&quot;20146.18 zł&quot;)" />
    </UnitTest>
    <UnitTest name="FormatToStringTest1000(45340.017357165d,&quot;45340.02 zł&quot;)" storage="c:\projekty\nunittestproject\bin\debug\netcoreapp3.1\nunittestproject.dll" id="11c041e5-c464-6527-9aa5-15185ee7ed3b">
      <Execution id="2b5fb810-4bed-4a13-8e8f-15d73d177940" />
      <TestMethod codeBase="C:\Projekty\NUnitTestProject\bin\Debug\netcoreapp3.1\NUnitTestProject.dll" adapterTypeName="executor://nunit3testexecutor/" className="NUnitTestProject.CurrencyHelperTests" name="FormatToStringTest1000(45340.017357165d,&quot;45340.02 zł&quot;)" />
    </UnitTest>
    <UnitTest name="FormatToStringTest1000(52032.65082931176d,&quot;52032.65 zł&quot;)" storage="c:\projekty\nunittestproject\bin\debug\netcoreapp3.1\nunittestproject.dll" id="0f4e158a-5f55-34ac-2195-c457e3f3f9e2">
      <Execution id="b7e8b114-973e-4e58-a5c2-ca49cdcc2cd5" />
      <TestMethod codeBase="C:\Projekty\NUnitTestProject\bin\Debug\netcoreapp3.1\NUnitTestProject.dll" adapterTypeName="executor://nunit3testexecutor/" className="NUnitTestProject.CurrencyHelperTests" name="FormatToStringTest1000(52032.65082931176d,&quot;52032.65 zł&quot;)" />
    </UnitTest>
    <UnitTest name="FormatToStringTest1000(36320.770035296104d,&quot;36320.77 zł&quot;)" storage="c:\projekty\nunittestproject\bin\debug\netcoreapp3.1\nunittestproject.dll" id="a6a973e9-da68-b082-10c2-5aa132fd4e6b">
      <Execution id="a78531fa-3d10-4b82-be91-16e049ec694f" />
      <TestMethod codeBase="C:\Projekty\NUnitTestProject\bin\Debug\netcoreapp3.1\NUnitTestProject.dll" adapterTypeName="executor://nunit3testexecutor/" className="NUnitTestProject.CurrencyHelperTests" name="FormatToStringTest1000(36320.770035296104d,&quot;36320.77 zł&quot;)" />
    </UnitTest>
    <UnitTest name="FormatToStringTest1000(34096.337879508894d,&quot;34096.34 zł&quot;)" storage="c:\projekty\nunittestproject\bin\debug\netcoreapp3.1\nunittestproject.dll" id="21c3231d-e912-0f46-5fbf-421ff3f2435e">
      <Execution id="af309a8c-6134-4c7b-ab30-cd8db8b352e2" />
      <TestMethod codeBase="C:\Projekty\NUnitTestProject\bin\Debug\netcoreapp3.1\NUnitTestProject.dll" adapterTypeName="executor://nunit3testexecutor/" className="NUnitTestProject.CurrencyHelperTests" name="FormatToStringTest1000(34096.337879508894d,&quot;34096.34 zł&quot;)" />
    </UnitTest>
    <UnitTest name="FormatToStringTest1000(37589.670531794276d,&quot;37589.67 zł&quot;)" storage="c:\projekty\nunittestproject\bin\debug\netcoreapp3.1\nunittestproject.dll" id="39003167-8a78-92df-7e4f-41dcd0888168">
      <Execution id="5cf2ed32-4d2e-448c-81ac-e16cff9d848f" />
      <TestMethod codeBase="C:\Projekty\NUnitTestProject\bin\Debug\netcoreapp3.1\NUnitTestProject.dll" adapterTypeName="executor://nunit3testexecutor/" className="NUnitTestProject.CurrencyHelperTests" name="FormatToStringTest1000(37589.670531794276d,&quot;37589.67 zł&quot;)" />
    </UnitTest>
    <UnitTest name="FormatToStringTest1000(15566.957545477411d,&quot;15566.96 zł&quot;)" storage="c:\projekty\nunittestproject\bin\debug\netcoreapp3.1\nunittestproject.dll" id="506d41c9-bfc8-bf08-1307-c55fbf29a8e5">
      <Execution id="5a8fdbe3-66a0-4ff5-8e8b-22b107a3c9be" />
      <TestMethod codeBase="C:\Projekty\NUnitTestProject\bin\Debug\netcoreapp3.1\NUnitTestProject.dll" adapterTypeName="executor://nunit3testexecutor/" className="NUnitTestProject.CurrencyHelperTests" name="FormatToStringTest1000(15566.957545477411d,&quot;15566.96 zł&quot;)" />
    </UnitTest>
    <UnitTest name="FormatToStringTest1000(9661.966055578536d,&quot;9661.97 zł&quot;)" storage="c:\projekty\nunittestproject\bin\debug\netcoreapp3.1\nunittestproject.dll" id="b9c69082-a036-d41e-d5a0-c1cde2a1d040">
      <Execution id="e9590b03-e324-4e97-a35c-ba730823a24e" />
      <TestMethod codeBase="C:\Projekty\NUnitTestProject\bin\Debug\netcoreapp3.1\NUnitTestProject.dll" adapterTypeName="executor://nunit3testexecutor/" className="NUnitTestProject.CurrencyHelperTests" name="FormatToStringTest1000(9661.966055578536d,&quot;9661.97 zł&quot;)" />
    </UnitTest>
    <UnitTest name="FormatToStringTest1000(653.4647999170537d,&quot;653.46 zł&quot;)" storage="c:\projekty\nunittestproject\bin\debug\netcoreapp3.1\nunittestproject.dll" id="a95ff0ae-d4c3-2673-b0e9-9a7af3b33aba">
      <Execution id="c2de358c-0139-4339-90a5-437d97399038" />
      <TestMethod codeBase="C:\Projekty\NUnitTestProject\bin\Debug\netcoreapp3.1\NUnitTestProject.dll" adapterTypeName="executor://nunit3testexecutor/" className="NUnitTestProject.CurrencyHelperTests" name="FormatToStringTest1000(653.4647999170537d,&quot;653.46 zł&quot;)" />
    </UnitTest>
    <UnitTest name="FormatToStringTest1000(63115.864864394935d,&quot;63115.86 zł&quot;)" storage="c:\projekty\nunittestproject\bin\debug\netcoreapp3.1\nunittestproject.dll" id="13221fa5-3685-19e4-e13a-81cefe081d4d">
      <Execution id="a9c2802a-cbe5-4e01-8f75-14ce8b6a0755" />
      <TestMethod codeBase="C:\Projekty\NUnitTestProject\bin\Debug\netcoreapp3.1\NUnitTestProject.dll" adapterTypeName="executor://nunit3testexecutor/" className="NUnitTestProject.CurrencyHelperTests" name="FormatToStringTest1000(63115.864864394935d,&quot;63115.86 zł&quot;)" />
    </UnitTest>
    <UnitTest name="FormatToStringTest1000(9818.257405763146d,&quot;9818.26 zł&quot;)" storage="c:\projekty\nunittestproject\bin\debug\netcoreapp3.1\nunittestproject.dll" id="99d674fc-9d36-ee84-15f3-75180d0ffbf0">
      <Execution id="ffefb4ad-137d-4a9c-9cca-e2eaf7312a1e" />
      <TestMethod codeBase="C:\Projekty\NUnitTestProject\bin\Debug\netcoreapp3.1\NUnitTestProject.dll" adapterTypeName="executor://nunit3testexecutor/" className="NUnitTestProject.CurrencyHelperTests" name="FormatToStringTest1000(9818.257405763146d,&quot;9818.26 zł&quot;)" />
    </UnitTest>
    <UnitTest name="FormatToStringTest1000(46607.970025941715d,&quot;46607.97 zł&quot;)" storage="c:\projekty\nunittestproject\bin\debug\netcoreapp3.1\nunittestproject.dll" id="c2736500-86f5-c7ae-a0e1-fceb61e5a5d4">
      <Execution id="96537782-dfcb-4b0e-b29d-c958201c5e25" />
      <TestMethod codeBase="C:\Projekty\NUnitTestProject\bin\Debug\netcoreapp3.1\NUnitTestProject.dll" adapterTypeName="executor://nunit3testexecutor/" className="NUnitTestProject.CurrencyHelperTests" name="FormatToStringTest1000(46607.970025941715d,&quot;46607.97 zł&quot;)" />
    </UnitTest>
    <UnitTest name="FormatToStringTest1000(11829.625994884234d,&quot;11829.63 zł&quot;)" storage="c:\projekty\nunittestproject\bin\debug\netcoreapp3.1\nunittestproject.dll" id="8ba4f73b-ec87-c89b-2641-8f6e59861d2d">
      <Execution id="b9a3adb5-f77c-4533-b31b-b1f12672cee5" />
      <TestMethod codeBase="C:\Projekty\NUnitTestProject\bin\Debug\netcoreapp3.1\NUnitTestProject.dll" adapterTypeName="executor://nunit3testexecutor/" className="NUnitTestProject.CurrencyHelperTests" name="FormatToStringTest1000(11829.625994884234d,&quot;11829.63 zł&quot;)" />
    </UnitTest>
    <UnitTest name="FormatToStringTest1000(55030.929183896136d,&quot;55030.93 zł&quot;)" storage="c:\projekty\nunittestproject\bin\debug\netcoreapp3.1\nunittestproject.dll" id="eae9a8da-630f-ea44-decf-a8ef3a38d81d">
      <Execution id="3620cf00-b2c9-46d9-ba1e-29731a0a1df0" />
      <TestMethod codeBase="C:\Projekty\NUnitTestProject\bin\Debug\netcoreapp3.1\NUnitTestProject.dll" adapterTypeName="executor://nunit3testexecutor/" className="NUnitTestProject.CurrencyHelperTests" name="FormatToStringTest1000(55030.929183896136d,&quot;55030.93 zł&quot;)" />
    </UnitTest>
    <UnitTest name="FormatToStringTest1000(5749.124990274722d,&quot;5749.12 zł&quot;)" storage="c:\projekty\nunittestproject\bin\debug\netcoreapp3.1\nunittestproject.dll" id="e6b1d0c3-adf4-f12b-3a3a-a088a5d2227c">
      <Execution id="d223ddb9-0b80-4d6a-970e-64115d5e07b9" />
      <TestMethod codeBase="C:\Projekty\NUnitTestProject\bin\Debug\netcoreapp3.1\NUnitTestProject.dll" adapterTypeName="executor://nunit3testexecutor/" className="NUnitTestProject.CurrencyHelperTests" name="FormatToStringTest1000(5749.124990274722d,&quot;5749.12 zł&quot;)" />
    </UnitTest>
    <UnitTest name="FormatToStringTest1000(22666.13578912995d,&quot;22666.14 zł&quot;)" storage="c:\projekty\nunittestproject\bin\debug\netcoreapp3.1\nunittestproject.dll" id="3c275536-ffe1-8830-c363-8f6f56aca6a1">
      <Execution id="74ea09ab-9284-44a1-acc7-9eb900d8d01f" />
      <TestMethod codeBase="C:\Projekty\NUnitTestProject\bin\Debug\netcoreapp3.1\NUnitTestProject.dll" adapterTypeName="executor://nunit3testexecutor/" className="NUnitTestProject.CurrencyHelperTests" name="FormatToStringTest1000(22666.13578912995d,&quot;22666.14 zł&quot;)" />
    </UnitTest>
    <UnitTest name="FormatToStringTest1000(9765.54450809748d,&quot;9765.54 zł&quot;)" storage="c:\projekty\nunittestproject\bin\debug\netcoreapp3.1\nunittestproject.dll" id="9cea378d-92c3-1f1c-ce51-cbbf77aae662">
      <Execution id="d4969467-9dbe-4e07-bbec-2ea02145b49b" />
      <TestMethod codeBase="C:\Projekty\NUnitTestProject\bin\Debug\netcoreapp3.1\NUnitTestProject.dll" adapterTypeName="executor://nunit3testexecutor/" className="NUnitTestProject.CurrencyHelperTests" name="FormatToStringTest1000(9765.54450809748d,&quot;9765.54 zł&quot;)" />
    </UnitTest>
    <UnitTest name="FormatToStringTest1000(8802.811382028653d,&quot;8802.81 zł&quot;)" storage="c:\projekty\nunittestproject\bin\debug\netcoreapp3.1\nunittestproject.dll" id="40488d75-026c-550a-6026-e97b07265e5b">
      <Execution id="4104162d-2892-4175-ab04-596a5f4d8a35" />
      <TestMethod codeBase="C:\Projekty\NUnitTestProject\bin\Debug\netcoreapp3.1\NUnitTestProject.dll" adapterTypeName="executor://nunit3testexecutor/" className="NUnitTestProject.CurrencyHelperTests" name="FormatToStringTest1000(8802.811382028653d,&quot;8802.81 zł&quot;)" />
    </UnitTest>
    <UnitTest name="FormatToStringTest1000(3588.260979617136d,&quot;3588.26 zł&quot;)" storage="c:\projekty\nunittestproject\bin\debug\netcoreapp3.1\nunittestproject.dll" id="662f9f8e-b212-7223-452e-c301bb4c0b8d">
      <Execution id="fd06fa68-7099-4152-a6bd-844c5e6acf58" />
      <TestMethod codeBase="C:\Projekty\NUnitTestProject\bin\Debug\netcoreapp3.1\NUnitTestProject.dll" adapterTypeName="executor://nunit3testexecutor/" className="NUnitTestProject.CurrencyHelperTests" name="FormatToStringTest1000(3588.260979617136d,&quot;3588.26 zł&quot;)" />
    </UnitTest>
    <UnitTest name="FormatToStringTest1000(20454.142628653506d,&quot;20454.14 zł&quot;)" storage="c:\projekty\nunittestproject\bin\debug\netcoreapp3.1\nunittestproject.dll" id="f6401660-be6e-6eb8-4af7-4a88425589c4">
      <Execution id="21e1978c-1084-478e-9484-2a6ee489cde7" />
      <TestMethod codeBase="C:\Projekty\NUnitTestProject\bin\Debug\netcoreapp3.1\NUnitTestProject.dll" adapterTypeName="executor://nunit3testexecutor/" className="NUnitTestProject.CurrencyHelperTests" name="FormatToStringTest1000(20454.142628653506d,&quot;20454.14 zł&quot;)" />
    </UnitTest>
    <UnitTest name="FormatToStringTest1000(22330.217605518745d,&quot;22330.22 zł&quot;)" storage="c:\projekty\nunittestproject\bin\debug\netcoreapp3.1\nunittestproject.dll" id="47a34375-592d-8cb5-ab77-ab4cd5ff1ae6">
      <Execution id="f81d3283-a635-4b83-9e88-9208021a64ce" />
      <TestMethod codeBase="C:\Projekty\NUnitTestProject\bin\Debug\netcoreapp3.1\NUnitTestProject.dll" adapterTypeName="executor://nunit3testexecutor/" className="NUnitTestProject.CurrencyHelperTests" name="FormatToStringTest1000(22330.217605518745d,&quot;22330.22 zł&quot;)" />
    </UnitTest>
    <UnitTest name="FormatToStringTest1000(31424.298858482067d,&quot;31424.30 zł&quot;)" storage="c:\projekty\nunittestproject\bin\debug\netcoreapp3.1\nunittestproject.dll" id="6348b4b0-49f7-9204-9791-fbfe727cb8b8">
      <Execution id="db2fdd42-ad46-4de3-8dcf-e75afafa3efa" />
      <TestMethod codeBase="C:\Projekty\NUnitTestProject\bin\Debug\netcoreapp3.1\NUnitTestProject.dll" adapterTypeName="executor://nunit3testexecutor/" className="NUnitTestProject.CurrencyHelperTests" name="FormatToStringTest1000(31424.298858482067d,&quot;31424.30 zł&quot;)" />
    </UnitTest>
    <UnitTest name="FormatToStringTest1000(9750.134289915735d,&quot;9750.13 zł&quot;)" storage="c:\projekty\nunittestproject\bin\debug\netcoreapp3.1\nunittestproject.dll" id="4f1f0a63-e0be-64e6-2c9f-87d58c623ce7">
      <Execution id="44338c80-3c7d-4df0-8ba5-c9b14fbaeebd" />
      <TestMethod codeBase="C:\Projekty\NUnitTestProject\bin\Debug\netcoreapp3.1\NUnitTestProject.dll" adapterTypeName="executor://nunit3testexecutor/" className="NUnitTestProject.CurrencyHelperTests" name="FormatToStringTest1000(9750.134289915735d,&quot;9750.13 zł&quot;)" />
    </UnitTest>
    <UnitTest name="FormatToStringTest1000(4648.492795337221d,&quot;4648.49 zł&quot;)" storage="c:\projekty\nunittestproject\bin\debug\netcoreapp3.1\nunittestproject.dll" id="341610ea-9bd8-25a4-90fc-740a57823f92">
      <Execution id="9009e9a5-bcae-45cc-b551-d9e10e0d703a" />
      <TestMethod codeBase="C:\Projekty\NUnitTestProject\bin\Debug\netcoreapp3.1\NUnitTestProject.dll" adapterTypeName="executor://nunit3testexecutor/" className="NUnitTestProject.CurrencyHelperTests" name="FormatToStringTest1000(4648.492795337221d,&quot;4648.49 zł&quot;)" />
    </UnitTest>
    <UnitTest name="FormatToStringTest1000(20737.251994218328d,&quot;20737.25 zł&quot;)" storage="c:\projekty\nunittestproject\bin\debug\netcoreapp3.1\nunittestproject.dll" id="cfa8282b-c910-23c2-f0df-2ed624c5a3c7">
      <Execution id="5d59acc1-5eec-4858-b73a-22bfdd7dfda7" />
      <TestMethod codeBase="C:\Projekty\NUnitTestProject\bin\Debug\netcoreapp3.1\NUnitTestProject.dll" adapterTypeName="executor://nunit3testexecutor/" className="NUnitTestProject.CurrencyHelperTests" name="FormatToStringTest1000(20737.251994218328d,&quot;20737.25 zł&quot;)" />
    </UnitTest>
    <UnitTest name="FormatToStringTest1000(6220.182014914314d,&quot;6220.18 zł&quot;)" storage="c:\projekty\nunittestproject\bin\debug\netcoreapp3.1\nunittestproject.dll" id="7bf7f3ca-374b-b9a9-53c4-47a8ad354e7e">
      <Execution id="9ca7d951-692d-4f95-a8b9-81c656a8f6f3" />
      <TestMethod codeBase="C:\Projekty\NUnitTestProject\bin\Debug\netcoreapp3.1\NUnitTestProject.dll" adapterTypeName="executor://nunit3testexecutor/" className="NUnitTestProject.CurrencyHelperTests" name="FormatToStringTest1000(6220.182014914314d,&quot;6220.18 zł&quot;)" />
    </UnitTest>
    <UnitTest name="FormatToStringTest1000(44869.327020554025d,&quot;44869.33 zł&quot;)" storage="c:\projekty\nunittestproject\bin\debug\netcoreapp3.1\nunittestproject.dll" id="0dc215f9-ced3-1d40-e986-2ebe86240f13">
      <Execution id="51a320aa-4997-4dab-b237-48115fbefa0e" />
      <TestMethod codeBase="C:\Projekty\NUnitTestProject\bin\Debug\netcoreapp3.1\NUnitTestProject.dll" adapterTypeName="executor://nunit3testexecutor/" className="NUnitTestProject.CurrencyHelperTests" name="FormatToStringTest1000(44869.327020554025d,&quot;44869.33 zł&quot;)" />
    </UnitTest>
    <UnitTest name="FormatToStringTest1000(59283.7670322637d,&quot;59283.77 zł&quot;)" storage="c:\projekty\nunittestproject\bin\debug\netcoreapp3.1\nunittestproject.dll" id="dadc7847-4729-edf6-eb4b-78006f9ee153">
      <Execution id="7d50c3d6-aa44-44a2-abd6-4001c5bcc066" />
      <TestMethod codeBase="C:\Projekty\NUnitTestProject\bin\Debug\netcoreapp3.1\NUnitTestProject.dll" adapterTypeName="executor://nunit3testexecutor/" className="NUnitTestProject.CurrencyHelperTests" name="FormatToStringTest1000(59283.7670322637d,&quot;59283.77 zł&quot;)" />
    </UnitTest>
    <UnitTest name="FormatToStringTest1000(27751.474436297303d,&quot;27751.47 zł&quot;)" storage="c:\projekty\nunittestproject\bin\debug\netcoreapp3.1\nunittestproject.dll" id="3d8d8c47-dc22-599d-26af-f64601981b29">
      <Execution id="d57dfff2-fad0-43c9-bba5-dbeb0b666652" />
      <TestMethod codeBase="C:\Projekty\NUnitTestProject\bin\Debug\netcoreapp3.1\NUnitTestProject.dll" adapterTypeName="executor://nunit3testexecutor/" className="NUnitTestProject.CurrencyHelperTests" name="FormatToStringTest1000(27751.474436297303d,&quot;27751.47 zł&quot;)" />
    </UnitTest>
    <UnitTest name="FormatToStringTest1000(2751.3751475258614d,&quot;2751.38 zł&quot;)" storage="c:\projekty\nunittestproject\bin\debug\netcoreapp3.1\nunittestproject.dll" id="84185e06-3828-77a5-d8c9-c2b462b8ff8c">
      <Execution id="308f65da-8fac-4a04-95c2-4d6fc2503c62" />
      <TestMethod codeBase="C:\Projekty\NUnitTestProject\bin\Debug\netcoreapp3.1\NUnitTestProject.dll" adapterTypeName="executor://nunit3testexecutor/" className="NUnitTestProject.CurrencyHelperTests" name="FormatToStringTest1000(2751.3751475258614d,&quot;2751.38 zł&quot;)" />
    </UnitTest>
    <UnitTest name="FormatToStringTest1000(20237.28532723723d,&quot;20237.29 zł&quot;)" storage="c:\projekty\nunittestproject\bin\debug\netcoreapp3.1\nunittestproject.dll" id="4191e320-5572-4ed4-213f-949531d6a246">
      <Execution id="902e2666-8e89-4642-a028-8c5e515b243b" />
      <TestMethod codeBase="C:\Projekty\NUnitTestProject\bin\Debug\netcoreapp3.1\NUnitTestProject.dll" adapterTypeName="executor://nunit3testexecutor/" className="NUnitTestProject.CurrencyHelperTests" name="FormatToStringTest1000(20237.28532723723d,&quot;20237.29 zł&quot;)" />
    </UnitTest>
    <UnitTest name="FormatToStringTest1000(30034.922435005625d,&quot;30034.92 zł&quot;)" storage="c:\projekty\nunittestproject\bin\debug\netcoreapp3.1\nunittestproject.dll" id="1fa0b0ac-82b7-821b-a6bd-11883f4b16c1">
      <Execution id="e44c48ac-18fe-4630-8bcb-10613a4ae6f3" />
      <TestMethod codeBase="C:\Projekty\NUnitTestProject\bin\Debug\netcoreapp3.1\NUnitTestProject.dll" adapterTypeName="executor://nunit3testexecutor/" className="NUnitTestProject.CurrencyHelperTests" name="FormatToStringTest1000(30034.922435005625d,&quot;30034.92 zł&quot;)" />
    </UnitTest>
    <UnitTest name="FormatToStringTest1000(50009.23881716898d,&quot;50009.24 zł&quot;)" storage="c:\projekty\nunittestproject\bin\debug\netcoreapp3.1\nunittestproject.dll" id="0204302a-a6b4-6e62-a63e-362dc9379d6c">
      <Execution id="b0119f00-9ac9-4492-9e88-9176c9674bc7" />
      <TestMethod codeBase="C:\Projekty\NUnitTestProject\bin\Debug\netcoreapp3.1\NUnitTestProject.dll" adapterTypeName="executor://nunit3testexecutor/" className="NUnitTestProject.CurrencyHelperTests" name="FormatToStringTest1000(50009.23881716898d,&quot;50009.24 zł&quot;)" />
    </UnitTest>
    <UnitTest name="FormatToStringTest1000(22592.465903659566d,&quot;22592.47 zł&quot;)" storage="c:\projekty\nunittestproject\bin\debug\netcoreapp3.1\nunittestproject.dll" id="7280bcd5-2dc4-a3f6-24fd-df56e5b00deb">
      <Execution id="1002dd78-65cd-4e5d-927b-38f27e23d94d" />
      <TestMethod codeBase="C:\Projekty\NUnitTestProject\bin\Debug\netcoreapp3.1\NUnitTestProject.dll" adapterTypeName="executor://nunit3testexecutor/" className="NUnitTestProject.CurrencyHelperTests" name="FormatToStringTest1000(22592.465903659566d,&quot;22592.47 zł&quot;)" />
    </UnitTest>
    <UnitTest name="FormatToStringTest1000(5870.791169434223d,&quot;5870.79 zł&quot;)" storage="c:\projekty\nunittestproject\bin\debug\netcoreapp3.1\nunittestproject.dll" id="f9c4ace8-7c88-3dcb-8c8b-9f280e8b25b8">
      <Execution id="3357f0bf-d62e-446f-955b-d19fd8932b1d" />
      <TestMethod codeBase="C:\Projekty\NUnitTestProject\bin\Debug\netcoreapp3.1\NUnitTestProject.dll" adapterTypeName="executor://nunit3testexecutor/" className="NUnitTestProject.CurrencyHelperTests" name="FormatToStringTest1000(5870.791169434223d,&quot;5870.79 zł&quot;)" />
    </UnitTest>
    <UnitTest name="FormatToStringTest1000(9816.961298880615d,&quot;9816.96 zł&quot;)" storage="c:\projekty\nunittestproject\bin\debug\netcoreapp3.1\nunittestproject.dll" id="17734bbb-2d3a-adb5-e319-0683f12164eb">
      <Execution id="0c10c03c-988b-4f2f-b90c-0bc3dacdb824" />
      <TestMethod codeBase="C:\Projekty\NUnitTestProject\bin\Debug\netcoreapp3.1\NUnitTestProject.dll" adapterTypeName="executor://nunit3testexecutor/" className="NUnitTestProject.CurrencyHelperTests" name="FormatToStringTest1000(9816.961298880615d,&quot;9816.96 zł&quot;)" />
    </UnitTest>
    <UnitTest name="FormatToStringTest1000(44499.288016808816d,&quot;44499.29 zł&quot;)" storage="c:\projekty\nunittestproject\bin\debug\netcoreapp3.1\nunittestproject.dll" id="dd25fada-bd11-6a30-c38c-abafcc1ac188">
      <Execution id="b701b27d-38c9-43db-819f-9bad3decb702" />
      <TestMethod codeBase="C:\Projekty\NUnitTestProject\bin\Debug\netcoreapp3.1\NUnitTestProject.dll" adapterTypeName="executor://nunit3testexecutor/" className="NUnitTestProject.CurrencyHelperTests" name="FormatToStringTest1000(44499.288016808816d,&quot;44499.29 zł&quot;)" />
    </UnitTest>
    <UnitTest name="FormatToStringTest1000(36969.98585167247d,&quot;36969.99 zł&quot;)" storage="c:\projekty\nunittestproject\bin\debug\netcoreapp3.1\nunittestproject.dll" id="d7323b46-e742-10c6-7291-609e242e6eac">
      <Execution id="3ee3d23e-489d-4dc1-a89e-c838b0b52369" />
      <TestMethod codeBase="C:\Projekty\NUnitTestProject\bin\Debug\netcoreapp3.1\NUnitTestProject.dll" adapterTypeName="executor://nunit3testexecutor/" className="NUnitTestProject.CurrencyHelperTests" name="FormatToStringTest1000(36969.98585167247d,&quot;36969.99 zł&quot;)" />
    </UnitTest>
    <UnitTest name="FormatToStringTest1000(13206.129467931636d,&quot;13206.13 zł&quot;)" storage="c:\projekty\nunittestproject\bin\debug\netcoreapp3.1\nunittestproject.dll" id="610f0902-3657-5dff-20ec-353a29cbd7c4">
      <Execution id="b3712033-88a2-4a9b-8e9c-2c289ad93116" />
      <TestMethod codeBase="C:\Projekty\NUnitTestProject\bin\Debug\netcoreapp3.1\NUnitTestProject.dll" adapterTypeName="executor://nunit3testexecutor/" className="NUnitTestProject.CurrencyHelperTests" name="FormatToStringTest1000(13206.129467931636d,&quot;13206.13 zł&quot;)" />
    </UnitTest>
    <UnitTest name="FormatToStringTest1000(6466.872242818062d,&quot;6466.87 zł&quot;)" storage="c:\projekty\nunittestproject\bin\debug\netcoreapp3.1\nunittestproject.dll" id="0741a97b-fe60-742a-1f50-b38d8a9cae33">
      <Execution id="0a601ce3-d803-4800-9852-c7dca9ff67f0" />
      <TestMethod codeBase="C:\Projekty\NUnitTestProject\bin\Debug\netcoreapp3.1\NUnitTestProject.dll" adapterTypeName="executor://nunit3testexecutor/" className="NUnitTestProject.CurrencyHelperTests" name="FormatToStringTest1000(6466.872242818062d,&quot;6466.87 zł&quot;)" />
    </UnitTest>
    <UnitTest name="FormatToStringTest1000(5840.747097845071d,&quot;5840.75 zł&quot;)" storage="c:\projekty\nunittestproject\bin\debug\netcoreapp3.1\nunittestproject.dll" id="298a4d26-abe3-d2f6-50a3-14e473e9fa24">
      <Execution id="302032a9-858b-404a-b113-385d699fc18f" />
      <TestMethod codeBase="C:\Projekty\NUnitTestProject\bin\Debug\netcoreapp3.1\NUnitTestProject.dll" adapterTypeName="executor://nunit3testexecutor/" className="NUnitTestProject.CurrencyHelperTests" name="FormatToStringTest1000(5840.747097845071d,&quot;5840.75 zł&quot;)" />
    </UnitTest>
    <UnitTest name="FormatToStringTest1000(7671.0039663785155d,&quot;7671.00 zł&quot;)" storage="c:\projekty\nunittestproject\bin\debug\netcoreapp3.1\nunittestproject.dll" id="d61bc42f-9488-4952-fc35-4acf2d69a35a">
      <Execution id="d0697d62-2e56-4dec-a640-b81bb49fb9ba" />
      <TestMethod codeBase="C:\Projekty\NUnitTestProject\bin\Debug\netcoreapp3.1\NUnitTestProject.dll" adapterTypeName="executor://nunit3testexecutor/" className="NUnitTestProject.CurrencyHelperTests" name="FormatToStringTest1000(7671.0039663785155d,&quot;7671.00 zł&quot;)" />
    </UnitTest>
    <UnitTest name="FormatToStringTest1000(47964.941885361884d,&quot;47964.94 zł&quot;)" storage="c:\projekty\nunittestproject\bin\debug\netcoreapp3.1\nunittestproject.dll" id="600c9577-9456-49fc-a1f1-839a5e62cae7">
      <Execution id="a5b83f11-5193-4e02-827e-855f50223c23" />
      <TestMethod codeBase="C:\Projekty\NUnitTestProject\bin\Debug\netcoreapp3.1\NUnitTestProject.dll" adapterTypeName="executor://nunit3testexecutor/" className="NUnitTestProject.CurrencyHelperTests" name="FormatToStringTest1000(47964.941885361884d,&quot;47964.94 zł&quot;)" />
    </UnitTest>
    <UnitTest name="FormatToStringTest1000(16416.109736457518d,&quot;16416.11 zł&quot;)" storage="c:\projekty\nunittestproject\bin\debug\netcoreapp3.1\nunittestproject.dll" id="5e0fc3f1-0f67-2b00-c924-a966afea65df">
      <Execution id="fdbaff50-ac62-4fab-91d3-0fb803273a9d" />
      <TestMethod codeBase="C:\Projekty\NUnitTestProject\bin\Debug\netcoreapp3.1\NUnitTestProject.dll" adapterTypeName="executor://nunit3testexecutor/" className="NUnitTestProject.CurrencyHelperTests" name="FormatToStringTest1000(16416.109736457518d,&quot;16416.11 zł&quot;)" />
    </UnitTest>
    <UnitTest name="FormatToStringTest1000(16427.591943671738d,&quot;16427.59 zł&quot;)" storage="c:\projekty\nunittestproject\bin\debug\netcoreapp3.1\nunittestproject.dll" id="d1d03651-a1e2-f6be-a8df-45190d2d89f8">
      <Execution id="de7a580c-a077-43c9-aa7b-d7d83f967522" />
      <TestMethod codeBase="C:\Projekty\NUnitTestProject\bin\Debug\netcoreapp3.1\NUnitTestProject.dll" adapterTypeName="executor://nunit3testexecutor/" className="NUnitTestProject.CurrencyHelperTests" name="FormatToStringTest1000(16427.591943671738d,&quot;16427.59 zł&quot;)" />
    </UnitTest>
    <UnitTest name="FormatToStringTest1000(7753.724411372898d,&quot;7753.72 zł&quot;)" storage="c:\projekty\nunittestproject\bin\debug\netcoreapp3.1\nunittestproject.dll" id="d15cb58b-9b62-cb4e-439e-72757eabb197">
      <Execution id="877d6c3f-4ce4-42b2-b03b-d07584404f40" />
      <TestMethod codeBase="C:\Projekty\NUnitTestProject\bin\Debug\netcoreapp3.1\NUnitTestProject.dll" adapterTypeName="executor://nunit3testexecutor/" className="NUnitTestProject.CurrencyHelperTests" name="FormatToStringTest1000(7753.724411372898d,&quot;7753.72 zł&quot;)" />
    </UnitTest>
    <UnitTest name="FormatToStringTest1000(13541.45472935096d,&quot;13541.45 zł&quot;)" storage="c:\projekty\nunittestproject\bin\debug\netcoreapp3.1\nunittestproject.dll" id="03e5974c-7aa0-7aa6-bbeb-a5715ea0d1d7">
      <Execution id="177190f8-bd94-4e88-8a47-d17a57d81ea5" />
      <TestMethod codeBase="C:\Projekty\NUnitTestProject\bin\Debug\netcoreapp3.1\NUnitTestProject.dll" adapterTypeName="executor://nunit3testexecutor/" className="NUnitTestProject.CurrencyHelperTests" name="FormatToStringTest1000(13541.45472935096d,&quot;13541.45 zł&quot;)" />
    </UnitTest>
    <UnitTest name="FormatToStringTest1000(12610.563163818122d,&quot;12610.56 zł&quot;)" storage="c:\projekty\nunittestproject\bin\debug\netcoreapp3.1\nunittestproject.dll" id="8762588b-d7fc-ca07-7e83-51f41467a9eb">
      <Execution id="24ec7429-c087-4891-b804-d5340baa4033" />
      <TestMethod codeBase="C:\Projekty\NUnitTestProject\bin\Debug\netcoreapp3.1\NUnitTestProject.dll" adapterTypeName="executor://nunit3testexecutor/" className="NUnitTestProject.CurrencyHelperTests" name="FormatToStringTest1000(12610.563163818122d,&quot;12610.56 zł&quot;)" />
    </UnitTest>
    <UnitTest name="FormatToStringTest1000(20441.330495004695d,&quot;20441.33 zł&quot;)" storage="c:\projekty\nunittestproject\bin\debug\netcoreapp3.1\nunittestproject.dll" id="27b9fbe0-03f5-4d47-663b-0785c7f9ec49">
      <Execution id="efac0006-3cdd-46f5-ac49-35cbf8ffe01e" />
      <TestMethod codeBase="C:\Projekty\NUnitTestProject\bin\Debug\netcoreapp3.1\NUnitTestProject.dll" adapterTypeName="executor://nunit3testexecutor/" className="NUnitTestProject.CurrencyHelperTests" name="FormatToStringTest1000(20441.330495004695d,&quot;20441.33 zł&quot;)" />
    </UnitTest>
    <UnitTest name="FormatToStringTest1000(22743.19734205827d,&quot;22743.20 zł&quot;)" storage="c:\projekty\nunittestproject\bin\debug\netcoreapp3.1\nunittestproject.dll" id="9e567b4f-5898-461c-b4e9-b51ec60ad377">
      <Execution id="0cc48139-50eb-41e1-a64c-9e4d635a1659" />
      <TestMethod codeBase="C:\Projekty\NUnitTestProject\bin\Debug\netcoreapp3.1\NUnitTestProject.dll" adapterTypeName="executor://nunit3testexecutor/" className="NUnitTestProject.CurrencyHelperTests" name="FormatToStringTest1000(22743.19734205827d,&quot;22743.20 zł&quot;)" />
    </UnitTest>
    <UnitTest name="FormatToStringTest1000(15509.637406484986d,&quot;15509.64 zł&quot;)" storage="c:\projekty\nunittestproject\bin\debug\netcoreapp3.1\nunittestproject.dll" id="c74c54e8-6590-d76d-eaee-baa60a589aef">
      <Execution id="b5759218-33c3-4cf0-af2c-9f40226031db" />
      <TestMethod codeBase="C:\Projekty\NUnitTestProject\bin\Debug\netcoreapp3.1\NUnitTestProject.dll" adapterTypeName="executor://nunit3testexecutor/" className="NUnitTestProject.CurrencyHelperTests" name="FormatToStringTest1000(15509.637406484986d,&quot;15509.64 zł&quot;)" />
    </UnitTest>
    <UnitTest name="FormatToStringTest1000(7202.052143613367d,&quot;7202.05 zł&quot;)" storage="c:\projekty\nunittestproject\bin\debug\netcoreapp3.1\nunittestproject.dll" id="6ce0d4c6-4820-8d4a-179e-2d433a32b3e2">
      <Execution id="a82f05db-0164-41c0-92fd-cd91e71b92fd" />
      <TestMethod codeBase="C:\Projekty\NUnitTestProject\bin\Debug\netcoreapp3.1\NUnitTestProject.dll" adapterTypeName="executor://nunit3testexecutor/" className="NUnitTestProject.CurrencyHelperTests" name="FormatToStringTest1000(7202.052143613367d,&quot;7202.05 zł&quot;)" />
    </UnitTest>
    <UnitTest name="FormatToStringTest1000(10994.251866986162d,&quot;10994.25 zł&quot;)" storage="c:\projekty\nunittestproject\bin\debug\netcoreapp3.1\nunittestproject.dll" id="345abed9-9ef3-e2b8-4bc1-ad4b7b82dd26">
      <Execution id="4b27f0d1-befb-4fe3-8823-44d38236d28a" />
      <TestMethod codeBase="C:\Projekty\NUnitTestProject\bin\Debug\netcoreapp3.1\NUnitTestProject.dll" adapterTypeName="executor://nunit3testexecutor/" className="NUnitTestProject.CurrencyHelperTests" name="FormatToStringTest1000(10994.251866986162d,&quot;10994.25 zł&quot;)" />
    </UnitTest>
    <UnitTest name="FormatToStringTest1000(20321.03715103913d,&quot;20321.04 zł&quot;)" storage="c:\projekty\nunittestproject\bin\debug\netcoreapp3.1\nunittestproject.dll" id="d45e0a24-dbfe-46a9-68b0-8da0a6094838">
      <Execution id="b06fa335-cb5b-4ff3-8225-ac95a438486e" />
      <TestMethod codeBase="C:\Projekty\NUnitTestProject\bin\Debug\netcoreapp3.1\NUnitTestProject.dll" adapterTypeName="executor://nunit3testexecutor/" className="NUnitTestProject.CurrencyHelperTests" name="FormatToStringTest1000(20321.03715103913d,&quot;20321.04 zł&quot;)" />
    </UnitTest>
    <UnitTest name="FormatToStringTest1000(65947.64520381515d,&quot;65947.65 zł&quot;)" storage="c:\projekty\nunittestproject\bin\debug\netcoreapp3.1\nunittestproject.dll" id="a9f22fa3-b7d2-f6d4-3197-1e8215934f1f">
      <Execution id="463872b9-9856-43a8-9c13-0a7fe093a7a6" />
      <TestMethod codeBase="C:\Projekty\NUnitTestProject\bin\Debug\netcoreapp3.1\NUnitTestProject.dll" adapterTypeName="executor://nunit3testexecutor/" className="NUnitTestProject.CurrencyHelperTests" name="FormatToStringTest1000(65947.64520381515d,&quot;65947.65 zł&quot;)" />
    </UnitTest>
    <UnitTest name="FormatToStringTest1000(23662.291816162084d,&quot;23662.29 zł&quot;)" storage="c:\projekty\nunittestproject\bin\debug\netcoreapp3.1\nunittestproject.dll" id="d84ea56f-1773-91fe-6056-1fcd6ce44e0e">
      <Execution id="33b076c1-009c-4660-afec-f14d90d603be" />
      <TestMethod codeBase="C:\Projekty\NUnitTestProject\bin\Debug\netcoreapp3.1\NUnitTestProject.dll" adapterTypeName="executor://nunit3testexecutor/" className="NUnitTestProject.CurrencyHelperTests" name="FormatToStringTest1000(23662.291816162084d,&quot;23662.29 zł&quot;)" />
    </UnitTest>
    <UnitTest name="FormatToStringTest1000(48684.26840475959d,&quot;48684.27 zł&quot;)" storage="c:\projekty\nunittestproject\bin\debug\netcoreapp3.1\nunittestproject.dll" id="a8348a06-7119-4e51-65fc-4cd73de7f6cb">
      <Execution id="7cd68a5f-e9bc-471e-98f8-3ebc88c16b89" />
      <TestMethod codeBase="C:\Projekty\NUnitTestProject\bin\Debug\netcoreapp3.1\NUnitTestProject.dll" adapterTypeName="executor://nunit3testexecutor/" className="NUnitTestProject.CurrencyHelperTests" name="FormatToStringTest1000(48684.26840475959d,&quot;48684.27 zł&quot;)" />
    </UnitTest>
    <UnitTest name="FormatToStringTest1000(286.92120604539343d,&quot;286.92 zł&quot;)" storage="c:\projekty\nunittestproject\bin\debug\netcoreapp3.1\nunittestproject.dll" id="94cff85e-e7bb-c94b-e20b-765eb3997f75">
      <Execution id="dc39f30a-be96-4d0c-8ce4-e95c834bc658" />
      <TestMethod codeBase="C:\Projekty\NUnitTestProject\bin\Debug\netcoreapp3.1\NUnitTestProject.dll" adapterTypeName="executor://nunit3testexecutor/" className="NUnitTestProject.CurrencyHelperTests" name="FormatToStringTest1000(286.92120604539343d,&quot;286.92 zł&quot;)" />
    </UnitTest>
    <UnitTest name="FormatToStringTest1000(34145.534199603615d,&quot;34145.53 zł&quot;)" storage="c:\projekty\nunittestproject\bin\debug\netcoreapp3.1\nunittestproject.dll" id="bb69a9ef-0ed6-4747-9681-639ad78f5540">
      <Execution id="2d534fbd-8cf0-44fd-84b6-744ea3d36723" />
      <TestMethod codeBase="C:\Projekty\NUnitTestProject\bin\Debug\netcoreapp3.1\NUnitTestProject.dll" adapterTypeName="executor://nunit3testexecutor/" className="NUnitTestProject.CurrencyHelperTests" name="FormatToStringTest1000(34145.534199603615d,&quot;34145.53 zł&quot;)" />
    </UnitTest>
    <UnitTest name="FormatToStringTest1000(67230.86250807665d,&quot;67230.86 zł&quot;)" storage="c:\projekty\nunittestproject\bin\debug\netcoreapp3.1\nunittestproject.dll" id="6aa37256-4a27-aaf0-2d68-1faeac68f58c">
      <Execution id="692d517b-0066-48c7-b273-71ee4ddf7104" />
      <TestMethod codeBase="C:\Projekty\NUnitTestProject\bin\Debug\netcoreapp3.1\NUnitTestProject.dll" adapterTypeName="executor://nunit3testexecutor/" className="NUnitTestProject.CurrencyHelperTests" name="FormatToStringTest1000(67230.86250807665d,&quot;67230.86 zł&quot;)" />
    </UnitTest>
    <UnitTest name="FormatToStringTest1000(1662.8482664818168d,&quot;1662.85 zł&quot;)" storage="c:\projekty\nunittestproject\bin\debug\netcoreapp3.1\nunittestproject.dll" id="31037d5d-343e-e648-8e6e-7f15567dfff2">
      <Execution id="38a0fbe1-917b-49a1-a76a-6aece9335eca" />
      <TestMethod codeBase="C:\Projekty\NUnitTestProject\bin\Debug\netcoreapp3.1\NUnitTestProject.dll" adapterTypeName="executor://nunit3testexecutor/" className="NUnitTestProject.CurrencyHelperTests" name="FormatToStringTest1000(1662.8482664818168d,&quot;1662.85 zł&quot;)" />
    </UnitTest>
    <UnitTest name="FormatToStringTest1000(61324.33752458279d,&quot;61324.34 zł&quot;)" storage="c:\projekty\nunittestproject\bin\debug\netcoreapp3.1\nunittestproject.dll" id="b5f26849-7f95-8deb-3e82-07db33467afb">
      <Execution id="359ba9f8-d614-45be-9812-2ffdd57f0cc8" />
      <TestMethod codeBase="C:\Projekty\NUnitTestProject\bin\Debug\netcoreapp3.1\NUnitTestProject.dll" adapterTypeName="executor://nunit3testexecutor/" className="NUnitTestProject.CurrencyHelperTests" name="FormatToStringTest1000(61324.33752458279d,&quot;61324.34 zł&quot;)" />
    </UnitTest>
    <UnitTest name="FormatToStringTest1000(20344.185360967265d,&quot;20344.19 zł&quot;)" storage="c:\projekty\nunittestproject\bin\debug\netcoreapp3.1\nunittestproject.dll" id="ecefef35-6686-837e-5061-bcb9badf51b3">
      <Execution id="30262958-e557-4f08-a053-0d42de7632ef" />
      <TestMethod codeBase="C:\Projekty\NUnitTestProject\bin\Debug\netcoreapp3.1\NUnitTestProject.dll" adapterTypeName="executor://nunit3testexecutor/" className="NUnitTestProject.CurrencyHelperTests" name="FormatToStringTest1000(20344.185360967265d,&quot;20344.19 zł&quot;)" />
    </UnitTest>
    <UnitTest name="FormatToStringTest1000(47630.39193684067d,&quot;47630.39 zł&quot;)" storage="c:\projekty\nunittestproject\bin\debug\netcoreapp3.1\nunittestproject.dll" id="1445b267-8883-4711-c51b-1a1ff5eca2f9">
      <Execution id="e66f1872-577c-4ee5-b200-8e3564afe3a1" />
      <TestMethod codeBase="C:\Projekty\NUnitTestProject\bin\Debug\netcoreapp3.1\NUnitTestProject.dll" adapterTypeName="executor://nunit3testexecutor/" className="NUnitTestProject.CurrencyHelperTests" name="FormatToStringTest1000(47630.39193684067d,&quot;47630.39 zł&quot;)" />
    </UnitTest>
    <UnitTest name="FormatToStringTest1000(29539.32303995328d,&quot;29539.32 zł&quot;)" storage="c:\projekty\nunittestproject\bin\debug\netcoreapp3.1\nunittestproject.dll" id="e6e7fdd0-b12d-1312-3dc2-3384a5e7d999">
      <Execution id="12cc2d42-6764-4b9f-91b3-6ce33a052308" />
      <TestMethod codeBase="C:\Projekty\NUnitTestProject\bin\Debug\netcoreapp3.1\NUnitTestProject.dll" adapterTypeName="executor://nunit3testexecutor/" className="NUnitTestProject.CurrencyHelperTests" name="FormatToStringTest1000(29539.32303995328d,&quot;29539.32 zł&quot;)" />
    </UnitTest>
    <UnitTest name="FormatToStringTest1000(6676.5680544784145d,&quot;6676.57 zł&quot;)" storage="c:\projekty\nunittestproject\bin\debug\netcoreapp3.1\nunittestproject.dll" id="eda712ea-15dc-6cac-535c-79a64a40aa02">
      <Execution id="50630098-f1cf-4bf9-a48c-6704117eed84" />
      <TestMethod codeBase="C:\Projekty\NUnitTestProject\bin\Debug\netcoreapp3.1\NUnitTestProject.dll" adapterTypeName="executor://nunit3testexecutor/" className="NUnitTestProject.CurrencyHelperTests" name="FormatToStringTest1000(6676.5680544784145d,&quot;6676.57 zł&quot;)" />
    </UnitTest>
    <UnitTest name="FormatToStringTest1000(5566.818038455592d,&quot;5566.82 zł&quot;)" storage="c:\projekty\nunittestproject\bin\debug\netcoreapp3.1\nunittestproject.dll" id="ac23e196-8a79-cb67-41ad-c8975a08f154">
      <Execution id="5eac520e-e94c-4099-9033-4e22e1becacd" />
      <TestMethod codeBase="C:\Projekty\NUnitTestProject\bin\Debug\netcoreapp3.1\NUnitTestProject.dll" adapterTypeName="executor://nunit3testexecutor/" className="NUnitTestProject.CurrencyHelperTests" name="FormatToStringTest1000(5566.818038455592d,&quot;5566.82 zł&quot;)" />
    </UnitTest>
    <UnitTest name="FormatToStringTest1000(16383.352881839199d,&quot;16383.35 zł&quot;)" storage="c:\projekty\nunittestproject\bin\debug\netcoreapp3.1\nunittestproject.dll" id="c7f52afa-564d-8d59-88a3-ea1bc3790407">
      <Execution id="d73a6e01-a391-4d8f-b006-49475adb3362" />
      <TestMethod codeBase="C:\Projekty\NUnitTestProject\bin\Debug\netcoreapp3.1\NUnitTestProject.dll" adapterTypeName="executor://nunit3testexecutor/" className="NUnitTestProject.CurrencyHelperTests" name="FormatToStringTest1000(16383.352881839199d,&quot;16383.35 zł&quot;)" />
    </UnitTest>
    <UnitTest name="FormatToStringTest1000(19352.183340702755d,&quot;19352.18 zł&quot;)" storage="c:\projekty\nunittestproject\bin\debug\netcoreapp3.1\nunittestproject.dll" id="03ea9dd2-de50-ef82-5a92-98d7b2ff607a">
      <Execution id="dbb79a4f-3ee6-4311-bb7e-47fce910948e" />
      <TestMethod codeBase="C:\Projekty\NUnitTestProject\bin\Debug\netcoreapp3.1\NUnitTestProject.dll" adapterTypeName="executor://nunit3testexecutor/" className="NUnitTestProject.CurrencyHelperTests" name="FormatToStringTest1000(19352.183340702755d,&quot;19352.18 zł&quot;)" />
    </UnitTest>
    <UnitTest name="FormatToStringTest1000(34021.1384072961d,&quot;34021.14 zł&quot;)" storage="c:\projekty\nunittestproject\bin\debug\netcoreapp3.1\nunittestproject.dll" id="e8d6ba9d-db50-0e05-06db-5789675388b8">
      <Execution id="cef91c12-b2cc-4d53-a76e-12c8f3589f01" />
      <TestMethod codeBase="C:\Projekty\NUnitTestProject\bin\Debug\netcoreapp3.1\NUnitTestProject.dll" adapterTypeName="executor://nunit3testexecutor/" className="NUnitTestProject.CurrencyHelperTests" name="FormatToStringTest1000(34021.1384072961d,&quot;34021.14 zł&quot;)" />
    </UnitTest>
    <UnitTest name="FormatToStringTest1000(24695.917440203913d,&quot;24695.92 zł&quot;)" storage="c:\projekty\nunittestproject\bin\debug\netcoreapp3.1\nunittestproject.dll" id="c4623a0a-608f-dd08-41f5-750ffba5ed05">
      <Execution id="40caab2b-6953-4717-b0a3-81e5c1af84d8" />
      <TestMethod codeBase="C:\Projekty\NUnitTestProject\bin\Debug\netcoreapp3.1\NUnitTestProject.dll" adapterTypeName="executor://nunit3testexecutor/" className="NUnitTestProject.CurrencyHelperTests" name="FormatToStringTest1000(24695.917440203913d,&quot;24695.92 zł&quot;)" />
    </UnitTest>
    <UnitTest name="FormatToStringTest1000(26162.532683261918d,&quot;26162.53 zł&quot;)" storage="c:\projekty\nunittestproject\bin\debug\netcoreapp3.1\nunittestproject.dll" id="04b5ae4a-9995-af19-61fb-019921680928">
      <Execution id="390bebbc-2d0e-416a-809f-5310bfcf7a12" />
      <TestMethod codeBase="C:\Projekty\NUnitTestProject\bin\Debug\netcoreapp3.1\NUnitTestProject.dll" adapterTypeName="executor://nunit3testexecutor/" className="NUnitTestProject.CurrencyHelperTests" name="FormatToStringTest1000(26162.532683261918d,&quot;26162.53 zł&quot;)" />
    </UnitTest>
    <UnitTest name="FormatToStringTest1000(14035.12972514477d,&quot;14035.13 zł&quot;)" storage="c:\projekty\nunittestproject\bin\debug\netcoreapp3.1\nunittestproject.dll" id="979cd04b-5e93-d632-87b5-a20161444816">
      <Execution id="a5bc123d-92c4-410b-b145-54882f3ba0cd" />
      <TestMethod codeBase="C:\Projekty\NUnitTestProject\bin\Debug\netcoreapp3.1\NUnitTestProject.dll" adapterTypeName="executor://nunit3testexecutor/" className="NUnitTestProject.CurrencyHelperTests" name="FormatToStringTest1000(14035.12972514477d,&quot;14035.13 zł&quot;)" />
    </UnitTest>
    <UnitTest name="FormatToStringTest1000(43222.47958431695d,&quot;43222.48 zł&quot;)" storage="c:\projekty\nunittestproject\bin\debug\netcoreapp3.1\nunittestproject.dll" id="762e5ce4-0443-8529-2419-b15e6b3af056">
      <Execution id="3dc3bf51-9a81-43c0-8af5-6c1bab4390c6" />
      <TestMethod codeBase="C:\Projekty\NUnitTestProject\bin\Debug\netcoreapp3.1\NUnitTestProject.dll" adapterTypeName="executor://nunit3testexecutor/" className="NUnitTestProject.CurrencyHelperTests" name="FormatToStringTest1000(43222.47958431695d,&quot;43222.48 zł&quot;)" />
    </UnitTest>
    <UnitTest name="FormatToStringTest1000(54678.59301593089d,&quot;54678.59 zł&quot;)" storage="c:\projekty\nunittestproject\bin\debug\netcoreapp3.1\nunittestproject.dll" id="4f19bfe4-12a5-e7df-9799-ba1ffdd56260">
      <Execution id="01833f5c-c438-44cf-ab4c-c7f11573ccf4" />
      <TestMethod codeBase="C:\Projekty\NUnitTestProject\bin\Debug\netcoreapp3.1\NUnitTestProject.dll" adapterTypeName="executor://nunit3testexecutor/" className="NUnitTestProject.CurrencyHelperTests" name="FormatToStringTest1000(54678.59301593089d,&quot;54678.59 zł&quot;)" />
    </UnitTest>
    <UnitTest name="FormatToStringTest1000(19435.417227184127d,&quot;19435.42 zł&quot;)" storage="c:\projekty\nunittestproject\bin\debug\netcoreapp3.1\nunittestproject.dll" id="7496f6c0-e383-6fbb-5d3f-fa615fc5ab22">
      <Execution id="2d47b8eb-340f-4c51-b2da-0a3ab321f294" />
      <TestMethod codeBase="C:\Projekty\NUnitTestProject\bin\Debug\netcoreapp3.1\NUnitTestProject.dll" adapterTypeName="executor://nunit3testexecutor/" className="NUnitTestProject.CurrencyHelperTests" name="FormatToStringTest1000(19435.417227184127d,&quot;19435.42 zł&quot;)" />
    </UnitTest>
    <UnitTest name="FormatToStringTest1000(33699.13042082038d,&quot;33699.13 zł&quot;)" storage="c:\projekty\nunittestproject\bin\debug\netcoreapp3.1\nunittestproject.dll" id="1d93089d-e24f-f1cb-f4e6-3e9e0cc249d4">
      <Execution id="548d6c0d-1f77-46dc-8bfa-c232e2dcfc74" />
      <TestMethod codeBase="C:\Projekty\NUnitTestProject\bin\Debug\netcoreapp3.1\NUnitTestProject.dll" adapterTypeName="executor://nunit3testexecutor/" className="NUnitTestProject.CurrencyHelperTests" name="FormatToStringTest1000(33699.13042082038d,&quot;33699.13 zł&quot;)" />
    </UnitTest>
    <UnitTest name="FormatToStringTest1000(19796.212103914568d,&quot;19796.21 zł&quot;)" storage="c:\projekty\nunittestproject\bin\debug\netcoreapp3.1\nunittestproject.dll" id="35a2b898-28ef-3d54-ad66-b8bbc7ede2a3">
      <Execution id="bc265ae2-1a59-4d61-8a52-cafc3e805709" />
      <TestMethod codeBase="C:\Projekty\NUnitTestProject\bin\Debug\netcoreapp3.1\NUnitTestProject.dll" adapterTypeName="executor://nunit3testexecutor/" className="NUnitTestProject.CurrencyHelperTests" name="FormatToStringTest1000(19796.212103914568d,&quot;19796.21 zł&quot;)" />
    </UnitTest>
    <UnitTest name="FormatToStringTest1000(1073.195098933389d,&quot;1073.20 zł&quot;)" storage="c:\projekty\nunittestproject\bin\debug\netcoreapp3.1\nunittestproject.dll" id="5eec1dec-2d00-5deb-f000-c17eea3526a6">
      <Execution id="45e94056-95d9-4f5e-a917-391417635ac3" />
      <TestMethod codeBase="C:\Projekty\NUnitTestProject\bin\Debug\netcoreapp3.1\NUnitTestProject.dll" adapterTypeName="executor://nunit3testexecutor/" className="NUnitTestProject.CurrencyHelperTests" name="FormatToStringTest1000(1073.195098933389d,&quot;1073.20 zł&quot;)" />
    </UnitTest>
    <UnitTest name="FormatToStringTest1000(2298.0331723829886d,&quot;2298.03 zł&quot;)" storage="c:\projekty\nunittestproject\bin\debug\netcoreapp3.1\nunittestproject.dll" id="7df385e8-e01d-d2ef-2361-abb8175fc7ae">
      <Execution id="6fb98a09-3caf-450f-ae6d-19d82e8a94b6" />
      <TestMethod codeBase="C:\Projekty\NUnitTestProject\bin\Debug\netcoreapp3.1\NUnitTestProject.dll" adapterTypeName="executor://nunit3testexecutor/" className="NUnitTestProject.CurrencyHelperTests" name="FormatToStringTest1000(2298.0331723829886d,&quot;2298.03 zł&quot;)" />
    </UnitTest>
    <UnitTest name="FormatToStringTest1000(15822.278766386342d,&quot;15822.28 zł&quot;)" storage="c:\projekty\nunittestproject\bin\debug\netcoreapp3.1\nunittestproject.dll" id="7806c973-d637-45cf-930a-0b315d29c540">
      <Execution id="80146d07-8e61-4c36-8ea1-99b92e4a81cd" />
      <TestMethod codeBase="C:\Projekty\NUnitTestProject\bin\Debug\netcoreapp3.1\NUnitTestProject.dll" adapterTypeName="executor://nunit3testexecutor/" className="NUnitTestProject.CurrencyHelperTests" name="FormatToStringTest1000(15822.278766386342d,&quot;15822.28 zł&quot;)" />
    </UnitTest>
    <UnitTest name="FormatToStringTest1000(1745.490603896552d,&quot;1745.49 zł&quot;)" storage="c:\projekty\nunittestproject\bin\debug\netcoreapp3.1\nunittestproject.dll" id="b7b5c3d9-6be3-63ed-4bf9-77972c7bde14">
      <Execution id="b2409fe0-52d2-4928-b9e6-69eb7d3da143" />
      <TestMethod codeBase="C:\Projekty\NUnitTestProject\bin\Debug\netcoreapp3.1\NUnitTestProject.dll" adapterTypeName="executor://nunit3testexecutor/" className="NUnitTestProject.CurrencyHelperTests" name="FormatToStringTest1000(1745.490603896552d,&quot;1745.49 zł&quot;)" />
    </UnitTest>
    <UnitTest name="FormatToStringTest1000(73504.44700518598d,&quot;73504.45 zł&quot;)" storage="c:\projekty\nunittestproject\bin\debug\netcoreapp3.1\nunittestproject.dll" id="4c3c57ae-2e5c-e5eb-314a-7aa532a2bb5e">
      <Execution id="d4c0914a-974f-4ab4-9db9-5234777e7cd3" />
      <TestMethod codeBase="C:\Projekty\NUnitTestProject\bin\Debug\netcoreapp3.1\NUnitTestProject.dll" adapterTypeName="executor://nunit3testexecutor/" className="NUnitTestProject.CurrencyHelperTests" name="FormatToStringTest1000(73504.44700518598d,&quot;73504.45 zł&quot;)" />
    </UnitTest>
    <UnitTest name="FormatToStringTest1000(2115.5076919884923d,&quot;2115.51 zł&quot;)" storage="c:\projekty\nunittestproject\bin\debug\netcoreapp3.1\nunittestproject.dll" id="f057999f-37d3-2f7d-8c71-29439544f997">
      <Execution id="9c6c191a-5c8e-41f2-8700-481a61f76faa" />
      <TestMethod codeBase="C:\Projekty\NUnitTestProject\bin\Debug\netcoreapp3.1\NUnitTestProject.dll" adapterTypeName="executor://nunit3testexecutor/" className="NUnitTestProject.CurrencyHelperTests" name="FormatToStringTest1000(2115.5076919884923d,&quot;2115.51 zł&quot;)" />
    </UnitTest>
    <UnitTest name="FormatToStringTest1000(5611.05334835176d,&quot;5611.05 zł&quot;)" storage="c:\projekty\nunittestproject\bin\debug\netcoreapp3.1\nunittestproject.dll" id="d39d28ad-b64c-afa2-9212-cb9bbbf192c4">
      <Execution id="32c7ce47-757c-4a25-ab8f-755087456df9" />
      <TestMethod codeBase="C:\Projekty\NUnitTestProject\bin\Debug\netcoreapp3.1\NUnitTestProject.dll" adapterTypeName="executor://nunit3testexecutor/" className="NUnitTestProject.CurrencyHelperTests" name="FormatToStringTest1000(5611.05334835176d,&quot;5611.05 zł&quot;)" />
    </UnitTest>
    <UnitTest name="FormatToStringTest1000(73372.53853826903d,&quot;73372.54 zł&quot;)" storage="c:\projekty\nunittestproject\bin\debug\netcoreapp3.1\nunittestproject.dll" id="52456efe-2b4c-e54c-a102-5bc9bc1cc7f8">
      <Execution id="ebde33d7-3cdd-447a-a261-ba662d19ab3a" />
      <TestMethod codeBase="C:\Projekty\NUnitTestProject\bin\Debug\netcoreapp3.1\NUnitTestProject.dll" adapterTypeName="executor://nunit3testexecutor/" className="NUnitTestProject.CurrencyHelperTests" name="FormatToStringTest1000(73372.53853826903d,&quot;73372.54 zł&quot;)" />
    </UnitTest>
    <UnitTest name="FormatToStringTest1000(13323.876109275909d,&quot;13323.88 zł&quot;)" storage="c:\projekty\nunittestproject\bin\debug\netcoreapp3.1\nunittestproject.dll" id="2f906df4-9555-6f9b-9ae5-24f39050321b">
      <Execution id="c16c9039-56d3-43d1-88f2-89b10699f036" />
      <TestMethod codeBase="C:\Projekty\NUnitTestProject\bin\Debug\netcoreapp3.1\NUnitTestProject.dll" adapterTypeName="executor://nunit3testexecutor/" className="NUnitTestProject.CurrencyHelperTests" name="FormatToStringTest1000(13323.876109275909d,&quot;13323.88 zł&quot;)" />
    </UnitTest>
    <UnitTest name="FormatToStringTest1000(50507.0104155615d,&quot;50507.01 zł&quot;)" storage="c:\projekty\nunittestproject\bin\debug\netcoreapp3.1\nunittestproject.dll" id="e72aca21-1347-9775-f65f-ee1c6d7b63bd">
      <Execution id="b12d5d99-c78a-4cc9-994e-9007b9453255" />
      <TestMethod codeBase="C:\Projekty\NUnitTestProject\bin\Debug\netcoreapp3.1\NUnitTestProject.dll" adapterTypeName="executor://nunit3testexecutor/" className="NUnitTestProject.CurrencyHelperTests" name="FormatToStringTest1000(50507.0104155615d,&quot;50507.01 zł&quot;)" />
    </UnitTest>
    <UnitTest name="FormatToStringTest1000(236.20263638589657d,&quot;236.20 zł&quot;)" storage="c:\projekty\nunittestproject\bin\debug\netcoreapp3.1\nunittestproject.dll" id="0fa0c864-c433-31dc-ea26-995fbf849a90">
      <Execution id="a100384f-8323-4482-ad50-28436b571d6e" />
      <TestMethod codeBase="C:\Projekty\NUnitTestProject\bin\Debug\netcoreapp3.1\NUnitTestProject.dll" adapterTypeName="executor://nunit3testexecutor/" className="NUnitTestProject.CurrencyHelperTests" name="FormatToStringTest1000(236.20263638589657d,&quot;236.20 zł&quot;)" />
    </UnitTest>
    <UnitTest name="FormatToStringTest1000(26885.71162707904d,&quot;26885.71 zł&quot;)" storage="c:\projekty\nunittestproject\bin\debug\netcoreapp3.1\nunittestproject.dll" id="4936d87a-883b-6212-fe10-ba7602a69db8">
      <Execution id="f52085f6-3f51-4bbe-bbc3-ff4d1b9aadc4" />
      <TestMethod codeBase="C:\Projekty\NUnitTestProject\bin\Debug\netcoreapp3.1\NUnitTestProject.dll" adapterTypeName="executor://nunit3testexecutor/" className="NUnitTestProject.CurrencyHelperTests" name="FormatToStringTest1000(26885.71162707904d,&quot;26885.71 zł&quot;)" />
    </UnitTest>
    <UnitTest name="FormatToStringTest1000(19189.32381924117d,&quot;19189.32 zł&quot;)" storage="c:\projekty\nunittestproject\bin\debug\netcoreapp3.1\nunittestproject.dll" id="6f7345f6-07c1-aba6-fba8-22e9ed357a49">
      <Execution id="d0dbaff8-eb62-430d-9773-27b653ea1639" />
      <TestMethod codeBase="C:\Projekty\NUnitTestProject\bin\Debug\netcoreapp3.1\NUnitTestProject.dll" adapterTypeName="executor://nunit3testexecutor/" className="NUnitTestProject.CurrencyHelperTests" name="FormatToStringTest1000(19189.32381924117d,&quot;19189.32 zł&quot;)" />
    </UnitTest>
    <UnitTest name="FormatToStringTest1000(20552.966022956633d,&quot;20552.97 zł&quot;)" storage="c:\projekty\nunittestproject\bin\debug\netcoreapp3.1\nunittestproject.dll" id="de7a0ae7-aa58-be18-206b-2d44f2e86ead">
      <Execution id="d3221f5e-a307-4ccc-a15d-1e498ed2c0e8" />
      <TestMethod codeBase="C:\Projekty\NUnitTestProject\bin\Debug\netcoreapp3.1\NUnitTestProject.dll" adapterTypeName="executor://nunit3testexecutor/" className="NUnitTestProject.CurrencyHelperTests" name="FormatToStringTest1000(20552.966022956633d,&quot;20552.97 zł&quot;)" />
    </UnitTest>
    <UnitTest name="FormatToStringTest1000(2292.8331871111104d,&quot;2292.83 zł&quot;)" storage="c:\projekty\nunittestproject\bin\debug\netcoreapp3.1\nunittestproject.dll" id="29406890-f674-40b1-2efb-3ed40d66af1f">
      <Execution id="e7bf6b60-11fb-444c-9210-fe814a3c5e47" />
      <TestMethod codeBase="C:\Projekty\NUnitTestProject\bin\Debug\netcoreapp3.1\NUnitTestProject.dll" adapterTypeName="executor://nunit3testexecutor/" className="NUnitTestProject.CurrencyHelperTests" name="FormatToStringTest1000(2292.8331871111104d,&quot;2292.83 zł&quot;)" />
    </UnitTest>
    <UnitTest name="FormatToStringTest1000(23612.114499758984d,&quot;23612.11 zł&quot;)" storage="c:\projekty\nunittestproject\bin\debug\netcoreapp3.1\nunittestproject.dll" id="66cfeda0-e2cf-f1fc-0d88-eef5b227e59f">
      <Execution id="56a0d816-beec-4ceb-9617-3a124e328c4c" />
      <TestMethod codeBase="C:\Projekty\NUnitTestProject\bin\Debug\netcoreapp3.1\NUnitTestProject.dll" adapterTypeName="executor://nunit3testexecutor/" className="NUnitTestProject.CurrencyHelperTests" name="FormatToStringTest1000(23612.114499758984d,&quot;23612.11 zł&quot;)" />
    </UnitTest>
    <UnitTest name="FormatToStringTest1000(19085.023282992664d,&quot;19085.02 zł&quot;)" storage="c:\projekty\nunittestproject\bin\debug\netcoreapp3.1\nunittestproject.dll" id="6f51818b-8dfe-7cd4-c8ae-d1150bb85ebd">
      <Execution id="cfc4587c-1b18-4924-9b3a-db853f67a042" />
      <TestMethod codeBase="C:\Projekty\NUnitTestProject\bin\Debug\netcoreapp3.1\NUnitTestProject.dll" adapterTypeName="executor://nunit3testexecutor/" className="NUnitTestProject.CurrencyHelperTests" name="FormatToStringTest1000(19085.023282992664d,&quot;19085.02 zł&quot;)" />
    </UnitTest>
    <UnitTest name="FormatToStringTest1000(16129.507288814293d,&quot;16129.51 zł&quot;)" storage="c:\projekty\nunittestproject\bin\debug\netcoreapp3.1\nunittestproject.dll" id="aa4e492c-9871-e494-8afc-2e1c32042c9f">
      <Execution id="ec30c578-bb39-4acf-881a-e7b31fb0a578" />
      <TestMethod codeBase="C:\Projekty\NUnitTestProject\bin\Debug\netcoreapp3.1\NUnitTestProject.dll" adapterTypeName="executor://nunit3testexecutor/" className="NUnitTestProject.CurrencyHelperTests" name="FormatToStringTest1000(16129.507288814293d,&quot;16129.51 zł&quot;)" />
    </UnitTest>
    <UnitTest name="FormatToStringTest1000(28080.92507087669d,&quot;28080.93 zł&quot;)" storage="c:\projekty\nunittestproject\bin\debug\netcoreapp3.1\nunittestproject.dll" id="149b451f-18ff-71da-64d2-d4ad70318933">
      <Execution id="5cfb82fe-270a-44e6-8219-ff69e06865bd" />
      <TestMethod codeBase="C:\Projekty\NUnitTestProject\bin\Debug\netcoreapp3.1\NUnitTestProject.dll" adapterTypeName="executor://nunit3testexecutor/" className="NUnitTestProject.CurrencyHelperTests" name="FormatToStringTest1000(28080.92507087669d,&quot;28080.93 zł&quot;)" />
    </UnitTest>
    <UnitTest name="FormatToStringTest1000(1664.7834932994022d,&quot;1664.78 zł&quot;)" storage="c:\projekty\nunittestproject\bin\debug\netcoreapp3.1\nunittestproject.dll" id="036a6ec9-ae68-934b-9f02-a81dae974d18">
      <Execution id="0af44eff-10a7-40e1-acfc-147b3443604e" />
      <TestMethod codeBase="C:\Projekty\NUnitTestProject\bin\Debug\netcoreapp3.1\NUnitTestProject.dll" adapterTypeName="executor://nunit3testexecutor/" className="NUnitTestProject.CurrencyHelperTests" name="FormatToStringTest1000(1664.7834932994022d,&quot;1664.78 zł&quot;)" />
    </UnitTest>
    <UnitTest name="FormatToStringTest1000(1741.3334432818617d,&quot;1741.33 zł&quot;)" storage="c:\projekty\nunittestproject\bin\debug\netcoreapp3.1\nunittestproject.dll" id="b9452443-27e0-9ab0-1723-70a405c1b43f">
      <Execution id="69df8215-70b1-4a5c-86a5-69a4eba606ee" />
      <TestMethod codeBase="C:\Projekty\NUnitTestProject\bin\Debug\netcoreapp3.1\NUnitTestProject.dll" adapterTypeName="executor://nunit3testexecutor/" className="NUnitTestProject.CurrencyHelperTests" name="FormatToStringTest1000(1741.3334432818617d,&quot;1741.33 zł&quot;)" />
    </UnitTest>
    <UnitTest name="FormatToStringTest1000(13478.157112043891d,&quot;13478.16 zł&quot;)" storage="c:\projekty\nunittestproject\bin\debug\netcoreapp3.1\nunittestproject.dll" id="97caedcb-d6ae-5556-8168-c745e877090a">
      <Execution id="f146ab51-ba31-4da6-b1b6-aca17d284a38" />
      <TestMethod codeBase="C:\Projekty\NUnitTestProject\bin\Debug\netcoreapp3.1\NUnitTestProject.dll" adapterTypeName="executor://nunit3testexecutor/" className="NUnitTestProject.CurrencyHelperTests" name="FormatToStringTest1000(13478.157112043891d,&quot;13478.16 zł&quot;)" />
    </UnitTest>
    <UnitTest name="FormatToStringTest1000(64490.52771614982d,&quot;64490.53 zł&quot;)" storage="c:\projekty\nunittestproject\bin\debug\netcoreapp3.1\nunittestproject.dll" id="e46dbe14-100d-b571-9fb5-196347dd96ac">
      <Execution id="3fed41c9-78dc-4412-87f7-75b682cc2da4" />
      <TestMethod codeBase="C:\Projekty\NUnitTestProject\bin\Debug\netcoreapp3.1\NUnitTestProject.dll" adapterTypeName="executor://nunit3testexecutor/" className="NUnitTestProject.CurrencyHelperTests" name="FormatToStringTest1000(64490.52771614982d,&quot;64490.53 zł&quot;)" />
    </UnitTest>
    <UnitTest name="FormatToStringTest1000(97129.75160633575d,&quot;97129.75 zł&quot;)" storage="c:\projekty\nunittestproject\bin\debug\netcoreapp3.1\nunittestproject.dll" id="f7b6c5f3-1f58-e9ae-14c8-31eb58d1211b">
      <Execution id="b9670629-5165-45e3-90c9-5dfd1ac67ecf" />
      <TestMethod codeBase="C:\Projekty\NUnitTestProject\bin\Debug\netcoreapp3.1\NUnitTestProject.dll" adapterTypeName="executor://nunit3testexecutor/" className="NUnitTestProject.CurrencyHelperTests" name="FormatToStringTest1000(97129.75160633575d,&quot;97129.75 zł&quot;)" />
    </UnitTest>
    <UnitTest name="FormatToStringTest1000(16030.852371789913d,&quot;16030.85 zł&quot;)" storage="c:\projekty\nunittestproject\bin\debug\netcoreapp3.1\nunittestproject.dll" id="cd1fce0e-40f1-2613-4ea2-fe4efaae7320">
      <Execution id="2611ff44-5ed5-4a72-af1b-331816012c04" />
      <TestMethod codeBase="C:\Projekty\NUnitTestProject\bin\Debug\netcoreapp3.1\NUnitTestProject.dll" adapterTypeName="executor://nunit3testexecutor/" className="NUnitTestProject.CurrencyHelperTests" name="FormatToStringTest1000(16030.852371789913d,&quot;16030.85 zł&quot;)" />
    </UnitTest>
    <UnitTest name="FormatToStringTest1000(26468.346804109562d,&quot;26468.35 zł&quot;)" storage="c:\projekty\nunittestproject\bin\debug\netcoreapp3.1\nunittestproject.dll" id="274eee3c-fa31-a55c-1941-d2fdb1077d83">
      <Execution id="df840a0a-1cdf-42fe-9f11-8361525ee5ac" />
      <TestMethod codeBase="C:\Projekty\NUnitTestProject\bin\Debug\netcoreapp3.1\NUnitTestProject.dll" adapterTypeName="executor://nunit3testexecutor/" className="NUnitTestProject.CurrencyHelperTests" name="FormatToStringTest1000(26468.346804109562d,&quot;26468.35 zł&quot;)" />
    </UnitTest>
    <UnitTest name="FormatToStringTest1000(73301.91270130403d,&quot;73301.91 zł&quot;)" storage="c:\projekty\nunittestproject\bin\debug\netcoreapp3.1\nunittestproject.dll" id="19b8d5ef-b980-1d42-3f3f-c869dee34ac6">
      <Execution id="288dad6c-b3d2-409a-90af-2778d54549bd" />
      <TestMethod codeBase="C:\Projekty\NUnitTestProject\bin\Debug\netcoreapp3.1\NUnitTestProject.dll" adapterTypeName="executor://nunit3testexecutor/" className="NUnitTestProject.CurrencyHelperTests" name="FormatToStringTest1000(73301.91270130403d,&quot;73301.91 zł&quot;)" />
    </UnitTest>
    <UnitTest name="FormatToStringTest1000(25039.088753207627d,&quot;25039.09 zł&quot;)" storage="c:\projekty\nunittestproject\bin\debug\netcoreapp3.1\nunittestproject.dll" id="fb1c3a36-60dc-8fcd-b623-36588091afcb">
      <Execution id="2d544944-0ca8-471d-bf30-7fe6870bc02d" />
      <TestMethod codeBase="C:\Projekty\NUnitTestProject\bin\Debug\netcoreapp3.1\NUnitTestProject.dll" adapterTypeName="executor://nunit3testexecutor/" className="NUnitTestProject.CurrencyHelperTests" name="FormatToStringTest1000(25039.088753207627d,&quot;25039.09 zł&quot;)" />
    </UnitTest>
    <UnitTest name="FormatToStringTest1000(765.778932784581d,&quot;765.78 zł&quot;)" storage="c:\projekty\nunittestproject\bin\debug\netcoreapp3.1\nunittestproject.dll" id="092813bc-e54e-6f29-9d2b-192db0d76045">
      <Execution id="5321f3f4-fb1d-4f81-90bb-ed3840e5e75f" />
      <TestMethod codeBase="C:\Projekty\NUnitTestProject\bin\Debug\netcoreapp3.1\NUnitTestProject.dll" adapterTypeName="executor://nunit3testexecutor/" className="NUnitTestProject.CurrencyHelperTests" name="FormatToStringTest1000(765.778932784581d,&quot;765.78 zł&quot;)" />
    </UnitTest>
    <UnitTest name="FormatToStringTest1000(60017.857676936714d,&quot;60017.86 zł&quot;)" storage="c:\projekty\nunittestproject\bin\debug\netcoreapp3.1\nunittestproject.dll" id="bb5a2e9a-5cdb-f48d-dc56-2c3c111c851a">
      <Execution id="ba9e3b75-ee26-4802-9c7b-2970db8a50d4" />
      <TestMethod codeBase="C:\Projekty\NUnitTestProject\bin\Debug\netcoreapp3.1\NUnitTestProject.dll" adapterTypeName="executor://nunit3testexecutor/" className="NUnitTestProject.CurrencyHelperTests" name="FormatToStringTest1000(60017.857676936714d,&quot;60017.86 zł&quot;)" />
    </UnitTest>
    <UnitTest name="FormatToStringTest1000(759.247198292635d,&quot;759.25 zł&quot;)" storage="c:\projekty\nunittestproject\bin\debug\netcoreapp3.1\nunittestproject.dll" id="bfb43a18-8b27-64cf-f833-254fc2466b22">
      <Execution id="303bba10-8374-4c76-89e5-b6a1f348ebe7" />
      <TestMethod codeBase="C:\Projekty\NUnitTestProject\bin\Debug\netcoreapp3.1\NUnitTestProject.dll" adapterTypeName="executor://nunit3testexecutor/" className="NUnitTestProject.CurrencyHelperTests" name="FormatToStringTest1000(759.247198292635d,&quot;759.25 zł&quot;)" />
    </UnitTest>
    <UnitTest name="FormatToStringTest1000(14635.510547500808d,&quot;14635.51 zł&quot;)" storage="c:\projekty\nunittestproject\bin\debug\netcoreapp3.1\nunittestproject.dll" id="7ac2c24b-6445-4ff2-9faa-1ce73a74728d">
      <Execution id="f459e118-166d-4212-b0f2-d00f92de5a56" />
      <TestMethod codeBase="C:\Projekty\NUnitTestProject\bin\Debug\netcoreapp3.1\NUnitTestProject.dll" adapterTypeName="executor://nunit3testexecutor/" className="NUnitTestProject.CurrencyHelperTests" name="FormatToStringTest1000(14635.510547500808d,&quot;14635.51 zł&quot;)" />
    </UnitTest>
    <UnitTest name="FormatToStringTest1000(16208.076866391615d,&quot;16208.08 zł&quot;)" storage="c:\projekty\nunittestproject\bin\debug\netcoreapp3.1\nunittestproject.dll" id="0107bc98-e88d-a137-c4d8-ff01a11c4723">
      <Execution id="a118a626-76f8-46c6-9928-1fde6f5442fb" />
      <TestMethod codeBase="C:\Projekty\NUnitTestProject\bin\Debug\netcoreapp3.1\NUnitTestProject.dll" adapterTypeName="executor://nunit3testexecutor/" className="NUnitTestProject.CurrencyHelperTests" name="FormatToStringTest1000(16208.076866391615d,&quot;16208.08 zł&quot;)" />
    </UnitTest>
    <UnitTest name="FormatToStringTest1000(61633.2671179945d,&quot;61633.27 zł&quot;)" storage="c:\projekty\nunittestproject\bin\debug\netcoreapp3.1\nunittestproject.dll" id="7d115265-369e-6487-e000-47e2ac4ab46b">
      <Execution id="3267f5bd-fcaf-4d9c-8e66-db76e7d66364" />
      <TestMethod codeBase="C:\Projekty\NUnitTestProject\bin\Debug\netcoreapp3.1\NUnitTestProject.dll" adapterTypeName="executor://nunit3testexecutor/" className="NUnitTestProject.CurrencyHelperTests" name="FormatToStringTest1000(61633.2671179945d,&quot;61633.27 zł&quot;)" />
    </UnitTest>
    <UnitTest name="FormatToStringTest1000(40268.121943438484d,&quot;40268.12 zł&quot;)" storage="c:\projekty\nunittestproject\bin\debug\netcoreapp3.1\nunittestproject.dll" id="0ed9cd8c-6283-5489-0e2e-ce31df1b16b4">
      <Execution id="5b3aa42d-a305-4db2-8db2-b691edbfd439" />
      <TestMethod codeBase="C:\Projekty\NUnitTestProject\bin\Debug\netcoreapp3.1\NUnitTestProject.dll" adapterTypeName="executor://nunit3testexecutor/" className="NUnitTestProject.CurrencyHelperTests" name="FormatToStringTest1000(40268.121943438484d,&quot;40268.12 zł&quot;)" />
    </UnitTest>
    <UnitTest name="FormatToStringTest1000(57809.74722876295d,&quot;57809.75 zł&quot;)" storage="c:\projekty\nunittestproject\bin\debug\netcoreapp3.1\nunittestproject.dll" id="bb7f2094-2f9e-97a8-2260-536683d65f82">
      <Execution id="b2f8e206-9561-4cf0-82ee-4caa8d101051" />
      <TestMethod codeBase="C:\Projekty\NUnitTestProject\bin\Debug\netcoreapp3.1\NUnitTestProject.dll" adapterTypeName="executor://nunit3testexecutor/" className="NUnitTestProject.CurrencyHelperTests" name="FormatToStringTest1000(57809.74722876295d,&quot;57809.75 zł&quot;)" />
    </UnitTest>
    <UnitTest name="FormatToStringTest1000(7377.5644264340235d,&quot;7377.56 zł&quot;)" storage="c:\projekty\nunittestproject\bin\debug\netcoreapp3.1\nunittestproject.dll" id="ea6215af-9f7a-dfd2-1e42-d16863c438d5">
      <Execution id="9961b701-766a-4846-aabe-d46219463e7f" />
      <TestMethod codeBase="C:\Projekty\NUnitTestProject\bin\Debug\netcoreapp3.1\NUnitTestProject.dll" adapterTypeName="executor://nunit3testexecutor/" className="NUnitTestProject.CurrencyHelperTests" name="FormatToStringTest1000(7377.5644264340235d,&quot;7377.56 zł&quot;)" />
    </UnitTest>
    <UnitTest name="FormatToStringTest1000(15742.409864349947d,&quot;15742.41 zł&quot;)" storage="c:\projekty\nunittestproject\bin\debug\netcoreapp3.1\nunittestproject.dll" id="c0986095-fb5a-1e8a-a8d8-e6dfbaed61c5">
      <Execution id="4deca99e-404d-4eb4-bf7b-15d6436a3d14" />
      <TestMethod codeBase="C:\Projekty\NUnitTestProject\bin\Debug\netcoreapp3.1\NUnitTestProject.dll" adapterTypeName="executor://nunit3testexecutor/" className="NUnitTestProject.CurrencyHelperTests" name="FormatToStringTest1000(15742.409864349947d,&quot;15742.41 zł&quot;)" />
    </UnitTest>
    <UnitTest name="FormatToStringTest1000(13508.811787825922d,&quot;13508.81 zł&quot;)" storage="c:\projekty\nunittestproject\bin\debug\netcoreapp3.1\nunittestproject.dll" id="0fc86efa-aeca-dada-030f-e8045241eaae">
      <Execution id="6b21e179-9419-4bc1-bb8c-bb89f0d637d6" />
      <TestMethod codeBase="C:\Projekty\NUnitTestProject\bin\Debug\netcoreapp3.1\NUnitTestProject.dll" adapterTypeName="executor://nunit3testexecutor/" className="NUnitTestProject.CurrencyHelperTests" name="FormatToStringTest1000(13508.811787825922d,&quot;13508.81 zł&quot;)" />
    </UnitTest>
    <UnitTest name="FormatToStringTest1000(44361.82678515177d,&quot;44361.83 zł&quot;)" storage="c:\projekty\nunittestproject\bin\debug\netcoreapp3.1\nunittestproject.dll" id="4aa2fb53-f9e4-f471-3a9f-14715f467049">
      <Execution id="14699b0e-10fd-4117-a571-485bced59787" />
      <TestMethod codeBase="C:\Projekty\NUnitTestProject\bin\Debug\netcoreapp3.1\NUnitTestProject.dll" adapterTypeName="executor://nunit3testexecutor/" className="NUnitTestProject.CurrencyHelperTests" name="FormatToStringTest1000(44361.82678515177d,&quot;44361.83 zł&quot;)" />
    </UnitTest>
    <UnitTest name="FormatToStringTest1000(19216.446905020366d,&quot;19216.45 zł&quot;)" storage="c:\projekty\nunittestproject\bin\debug\netcoreapp3.1\nunittestproject.dll" id="0af23d0c-f1f0-deb1-181c-c50389a37384">
      <Execution id="fd7e76b7-1e7a-485f-9204-f32593db2612" />
      <TestMethod codeBase="C:\Projekty\NUnitTestProject\bin\Debug\netcoreapp3.1\NUnitTestProject.dll" adapterTypeName="executor://nunit3testexecutor/" className="NUnitTestProject.CurrencyHelperTests" name="FormatToStringTest1000(19216.446905020366d,&quot;19216.45 zł&quot;)" />
    </UnitTest>
    <UnitTest name="FormatToStringTest1000(36047.83545033672d,&quot;36047.84 zł&quot;)" storage="c:\projekty\nunittestproject\bin\debug\netcoreapp3.1\nunittestproject.dll" id="ea8471c3-2743-4dfb-2fac-6cae304dff99">
      <Execution id="9cbf6f8c-95f3-48e5-a451-e81cf049ed2c" />
      <TestMethod codeBase="C:\Projekty\NUnitTestProject\bin\Debug\netcoreapp3.1\NUnitTestProject.dll" adapterTypeName="executor://nunit3testexecutor/" className="NUnitTestProject.CurrencyHelperTests" name="FormatToStringTest1000(36047.83545033672d,&quot;36047.84 zł&quot;)" />
    </UnitTest>
    <UnitTest name="FormatToStringTest1000(29975.4018974022d,&quot;29975.40 zł&quot;)" storage="c:\projekty\nunittestproject\bin\debug\netcoreapp3.1\nunittestproject.dll" id="e6f60af7-eaed-5b55-816d-6d2a50c98932">
      <Execution id="2a9845fb-8e66-4381-a33e-b4c45d150839" />
      <TestMethod codeBase="C:\Projekty\NUnitTestProject\bin\Debug\netcoreapp3.1\NUnitTestProject.dll" adapterTypeName="executor://nunit3testexecutor/" className="NUnitTestProject.CurrencyHelperTests" name="FormatToStringTest1000(29975.4018974022d,&quot;29975.40 zł&quot;)" />
    </UnitTest>
    <UnitTest name="FormatToStringTest1000(43799.04472166535d,&quot;43799.04 zł&quot;)" storage="c:\projekty\nunittestproject\bin\debug\netcoreapp3.1\nunittestproject.dll" id="1b0d351a-508f-0807-0c94-56d657ae1623">
      <Execution id="305f8d0b-0563-4f63-8f5d-ccca33c0d74e" />
      <TestMethod codeBase="C:\Projekty\NUnitTestProject\bin\Debug\netcoreapp3.1\NUnitTestProject.dll" adapterTypeName="executor://nunit3testexecutor/" className="NUnitTestProject.CurrencyHelperTests" name="FormatToStringTest1000(43799.04472166535d,&quot;43799.04 zł&quot;)" />
    </UnitTest>
    <UnitTest name="FormatToStringTest1000(5548.360986085777d,&quot;5548.36 zł&quot;)" storage="c:\projekty\nunittestproject\bin\debug\netcoreapp3.1\nunittestproject.dll" id="39c7a244-b75e-9f86-9d15-adfafecd21ca">
      <Execution id="3da6ccfc-340e-4c5d-b328-1d0190d55ef1" />
      <TestMethod codeBase="C:\Projekty\NUnitTestProject\bin\Debug\netcoreapp3.1\NUnitTestProject.dll" adapterTypeName="executor://nunit3testexecutor/" className="NUnitTestProject.CurrencyHelperTests" name="FormatToStringTest1000(5548.360986085777d,&quot;5548.36 zł&quot;)" />
    </UnitTest>
    <UnitTest name="FormatToStringTest1000(12091.219941106729d,&quot;12091.22 zł&quot;)" storage="c:\projekty\nunittestproject\bin\debug\netcoreapp3.1\nunittestproject.dll" id="fa43237f-8d58-c9ec-b71e-9d381e3b47f2">
      <Execution id="a55e3886-3004-49e2-8c81-f32970fe532f" />
      <TestMethod codeBase="C:\Projekty\NUnitTestProject\bin\Debug\netcoreapp3.1\NUnitTestProject.dll" adapterTypeName="executor://nunit3testexecutor/" className="NUnitTestProject.CurrencyHelperTests" name="FormatToStringTest1000(12091.219941106729d,&quot;12091.22 zł&quot;)" />
    </UnitTest>
    <UnitTest name="FormatToStringTest1000(25990.318498101697d,&quot;25990.32 zł&quot;)" storage="c:\projekty\nunittestproject\bin\debug\netcoreapp3.1\nunittestproject.dll" id="bc954cfc-79b1-8687-e8d1-aab98a75fd1a">
      <Execution id="1d12c00e-72de-4d4e-b2ea-68508b638c58" />
      <TestMethod codeBase="C:\Projekty\NUnitTestProject\bin\Debug\netcoreapp3.1\NUnitTestProject.dll" adapterTypeName="executor://nunit3testexecutor/" className="NUnitTestProject.CurrencyHelperTests" name="FormatToStringTest1000(25990.318498101697d,&quot;25990.32 zł&quot;)" />
    </UnitTest>
    <UnitTest name="FormatToStringTest1000(1325.1625259114255d,&quot;1325.16 zł&quot;)" storage="c:\projekty\nunittestproject\bin\debug\netcoreapp3.1\nunittestproject.dll" id="9a4a7396-bc43-f3a9-c62c-07975736bde6">
      <Execution id="a3592b03-c107-495c-9f02-04594b4de705" />
      <TestMethod codeBase="C:\Projekty\NUnitTestProject\bin\Debug\netcoreapp3.1\NUnitTestProject.dll" adapterTypeName="executor://nunit3testexecutor/" className="NUnitTestProject.CurrencyHelperTests" name="FormatToStringTest1000(1325.1625259114255d,&quot;1325.16 zł&quot;)" />
    </UnitTest>
    <UnitTest name="FormatToStringTest1000(19189.813662191766d,&quot;19189.81 zł&quot;)" storage="c:\projekty\nunittestproject\bin\debug\netcoreapp3.1\nunittestproject.dll" id="9e7bb479-43f6-3e5b-9858-d1abf76cc2e6">
      <Execution id="b39d157e-0f10-4b58-9f4c-00ab670438e0" />
      <TestMethod codeBase="C:\Projekty\NUnitTestProject\bin\Debug\netcoreapp3.1\NUnitTestProject.dll" adapterTypeName="executor://nunit3testexecutor/" className="NUnitTestProject.CurrencyHelperTests" name="FormatToStringTest1000(19189.813662191766d,&quot;19189.81 zł&quot;)" />
    </UnitTest>
    <UnitTest name="FormatToStringTest1000(75514.58914517732d,&quot;75514.59 zł&quot;)" storage="c:\projekty\nunittestproject\bin\debug\netcoreapp3.1\nunittestproject.dll" id="f1b541d5-278d-f2a3-2128-f16382bfc74f">
      <Execution id="4ebaef27-478d-4b21-9824-42c721521c41" />
      <TestMethod codeBase="C:\Projekty\NUnitTestProject\bin\Debug\netcoreapp3.1\NUnitTestProject.dll" adapterTypeName="executor://nunit3testexecutor/" className="NUnitTestProject.CurrencyHelperTests" name="FormatToStringTest1000(75514.58914517732d,&quot;75514.59 zł&quot;)" />
    </UnitTest>
    <UnitTest name="FormatToStringTest1000(3506.8456124108498d,&quot;3506.85 zł&quot;)" storage="c:\projekty\nunittestproject\bin\debug\netcoreapp3.1\nunittestproject.dll" id="04708542-086d-f6f2-88c4-fe541ab1cd55">
      <Execution id="ecd5862f-60f2-494b-88f4-905ade2e8f02" />
      <TestMethod codeBase="C:\Projekty\NUnitTestProject\bin\Debug\netcoreapp3.1\NUnitTestProject.dll" adapterTypeName="executor://nunit3testexecutor/" className="NUnitTestProject.CurrencyHelperTests" name="FormatToStringTest1000(3506.8456124108498d,&quot;3506.85 zł&quot;)" />
    </UnitTest>
    <UnitTest name="FormatToStringTest1000(11922.837782177532d,&quot;11922.84 zł&quot;)" storage="c:\projekty\nunittestproject\bin\debug\netcoreapp3.1\nunittestproject.dll" id="4df235b9-e889-4809-39c8-ff3e09688830">
      <Execution id="311dc214-c302-4811-97d2-9aae00c63a99" />
      <TestMethod codeBase="C:\Projekty\NUnitTestProject\bin\Debug\netcoreapp3.1\NUnitTestProject.dll" adapterTypeName="executor://nunit3testexecutor/" className="NUnitTestProject.CurrencyHelperTests" name="FormatToStringTest1000(11922.837782177532d,&quot;11922.84 zł&quot;)" />
    </UnitTest>
    <UnitTest name="FormatToStringTest1000(1687.6029180025694d,&quot;1687.60 zł&quot;)" storage="c:\projekty\nunittestproject\bin\debug\netcoreapp3.1\nunittestproject.dll" id="f49abb46-6157-b05f-1fad-c8a20a256f62">
      <Execution id="5b2b59aa-b8fe-4dd1-a289-a1385acd90e2" />
      <TestMethod codeBase="C:\Projekty\NUnitTestProject\bin\Debug\netcoreapp3.1\NUnitTestProject.dll" adapterTypeName="executor://nunit3testexecutor/" className="NUnitTestProject.CurrencyHelperTests" name="FormatToStringTest1000(1687.6029180025694d,&quot;1687.60 zł&quot;)" />
    </UnitTest>
    <UnitTest name="FormatToStringTest1000(12831.146874380833d,&quot;12831.15 zł&quot;)" storage="c:\projekty\nunittestproject\bin\debug\netcoreapp3.1\nunittestproject.dll" id="70f1979c-5fec-f41c-4467-96ed1c16b145">
      <Execution id="af61c692-5b2f-4657-98ee-06fdd0895b84" />
      <TestMethod codeBase="C:\Projekty\NUnitTestProject\bin\Debug\netcoreapp3.1\NUnitTestProject.dll" adapterTypeName="executor://nunit3testexecutor/" className="NUnitTestProject.CurrencyHelperTests" name="FormatToStringTest1000(12831.146874380833d,&quot;12831.15 zł&quot;)" />
    </UnitTest>
    <UnitTest name="FormatToStringTest1000(1482.3501845832682d,&quot;1482.35 zł&quot;)" storage="c:\projekty\nunittestproject\bin\debug\netcoreapp3.1\nunittestproject.dll" id="95fed375-7969-3fff-ac7b-e41adca485dd">
      <Execution id="f40ae5cc-fd8f-4f36-a490-89a724255b18" />
      <TestMethod codeBase="C:\Projekty\NUnitTestProject\bin\Debug\netcoreapp3.1\NUnitTestProject.dll" adapterTypeName="executor://nunit3testexecutor/" className="NUnitTestProject.CurrencyHelperTests" name="FormatToStringTest1000(1482.3501845832682d,&quot;1482.35 zł&quot;)" />
    </UnitTest>
    <UnitTest name="FormatToStringTest1000(21996.80326662576d,&quot;21996.80 zł&quot;)" storage="c:\projekty\nunittestproject\bin\debug\netcoreapp3.1\nunittestproject.dll" id="f3eb9765-0045-7d49-5de3-054bd621a41f">
      <Execution id="d0116ebb-73e5-4ece-b98e-8ecc058a4252" />
      <TestMethod codeBase="C:\Projekty\NUnitTestProject\bin\Debug\netcoreapp3.1\NUnitTestProject.dll" adapterTypeName="executor://nunit3testexecutor/" className="NUnitTestProject.CurrencyHelperTests" name="FormatToStringTest1000(21996.80326662576d,&quot;21996.80 zł&quot;)" />
    </UnitTest>
    <UnitTest name="FormatToStringTest1000(27942.393876474067d,&quot;27942.39 zł&quot;)" storage="c:\projekty\nunittestproject\bin\debug\netcoreapp3.1\nunittestproject.dll" id="fb9b5d5a-ec48-a3ed-07db-cf85d51b9faa">
      <Execution id="2464c1d6-5e08-49d0-be7a-f022d30e1d43" />
      <TestMethod codeBase="C:\Projekty\NUnitTestProject\bin\Debug\netcoreapp3.1\NUnitTestProject.dll" adapterTypeName="executor://nunit3testexecutor/" className="NUnitTestProject.CurrencyHelperTests" name="FormatToStringTest1000(27942.393876474067d,&quot;27942.39 zł&quot;)" />
    </UnitTest>
    <UnitTest name="FormatToStringTest1000(7076.829971250534d,&quot;7076.83 zł&quot;)" storage="c:\projekty\nunittestproject\bin\debug\netcoreapp3.1\nunittestproject.dll" id="9a124f11-40ca-d2aa-a849-6941897e0c0b">
      <Execution id="46da7f2d-e685-4ff7-bc15-5e641e1546ab" />
      <TestMethod codeBase="C:\Projekty\NUnitTestProject\bin\Debug\netcoreapp3.1\NUnitTestProject.dll" adapterTypeName="executor://nunit3testexecutor/" className="NUnitTestProject.CurrencyHelperTests" name="FormatToStringTest1000(7076.829971250534d,&quot;7076.83 zł&quot;)" />
    </UnitTest>
    <UnitTest name="FormatToStringTest1000(15337.485230751097d,&quot;15337.49 zł&quot;)" storage="c:\projekty\nunittestproject\bin\debug\netcoreapp3.1\nunittestproject.dll" id="cab5d10f-8cae-8dfd-3b1b-219e11cb76ab">
      <Execution id="8ea54124-a75e-407b-86ed-3081462e32e2" />
      <TestMethod codeBase="C:\Projekty\NUnitTestProject\bin\Debug\netcoreapp3.1\NUnitTestProject.dll" adapterTypeName="executor://nunit3testexecutor/" className="NUnitTestProject.CurrencyHelperTests" name="FormatToStringTest1000(15337.485230751097d,&quot;15337.49 zł&quot;)" />
    </UnitTest>
    <UnitTest name="FormatToStringTest1000(2216.881526520886d,&quot;2216.88 zł&quot;)" storage="c:\projekty\nunittestproject\bin\debug\netcoreapp3.1\nunittestproject.dll" id="2b18aff2-35ed-39eb-0869-97e8dcc5f3f1">
      <Execution id="2f0ebcfe-2056-41bc-8944-e4c224347088" />
      <TestMethod codeBase="C:\Projekty\NUnitTestProject\bin\Debug\netcoreapp3.1\NUnitTestProject.dll" adapterTypeName="executor://nunit3testexecutor/" className="NUnitTestProject.CurrencyHelperTests" name="FormatToStringTest1000(2216.881526520886d,&quot;2216.88 zł&quot;)" />
    </UnitTest>
    <UnitTest name="FormatToStringTest1000(52020.805412759444d,&quot;52020.81 zł&quot;)" storage="c:\projekty\nunittestproject\bin\debug\netcoreapp3.1\nunittestproject.dll" id="2ed0b312-2f27-0f0b-487a-dea260d635a9">
      <Execution id="17e2e096-18df-40c6-a4cb-215ac43321c8" />
      <TestMethod codeBase="C:\Projekty\NUnitTestProject\bin\Debug\netcoreapp3.1\NUnitTestProject.dll" adapterTypeName="executor://nunit3testexecutor/" className="NUnitTestProject.CurrencyHelperTests" name="FormatToStringTest1000(52020.805412759444d,&quot;52020.81 zł&quot;)" />
    </UnitTest>
    <UnitTest name="FormatToStringTest1000(17090.629587323234d,&quot;17090.63 zł&quot;)" storage="c:\projekty\nunittestproject\bin\debug\netcoreapp3.1\nunittestproject.dll" id="1382f86b-6464-d2a1-e722-0841d0b65336">
      <Execution id="4229052b-a7e9-4329-904b-d0a01786e1b6" />
      <TestMethod codeBase="C:\Projekty\NUnitTestProject\bin\Debug\netcoreapp3.1\NUnitTestProject.dll" adapterTypeName="executor://nunit3testexecutor/" className="NUnitTestProject.CurrencyHelperTests" name="FormatToStringTest1000(17090.629587323234d,&quot;17090.63 zł&quot;)" />
    </UnitTest>
    <UnitTest name="FormatToStringTest1000(23282.56178903047d,&quot;23282.56 zł&quot;)" storage="c:\projekty\nunittestproject\bin\debug\netcoreapp3.1\nunittestproject.dll" id="0cd42206-2d45-5b61-2055-2525f417141b">
      <Execution id="0e9a0601-57af-4f8f-a046-5c5d25d05808" />
      <TestMethod codeBase="C:\Projekty\NUnitTestProject\bin\Debug\netcoreapp3.1\NUnitTestProject.dll" adapterTypeName="executor://nunit3testexecutor/" className="NUnitTestProject.CurrencyHelperTests" name="FormatToStringTest1000(23282.56178903047d,&quot;23282.56 zł&quot;)" />
    </UnitTest>
    <UnitTest name="FormatToStringTest1000(7407.385606687696d,&quot;7407.39 zł&quot;)" storage="c:\projekty\nunittestproject\bin\debug\netcoreapp3.1\nunittestproject.dll" id="719fd87e-be7b-b92c-8926-a4bddcef0244">
      <Execution id="d8587df2-4e02-4b07-8b5d-7b1366ed1e24" />
      <TestMethod codeBase="C:\Projekty\NUnitTestProject\bin\Debug\netcoreapp3.1\NUnitTestProject.dll" adapterTypeName="executor://nunit3testexecutor/" className="NUnitTestProject.CurrencyHelperTests" name="FormatToStringTest1000(7407.385606687696d,&quot;7407.39 zł&quot;)" />
    </UnitTest>
    <UnitTest name="FormatToStringTest1000(2929.267390865026d,&quot;2929.27 zł&quot;)" storage="c:\projekty\nunittestproject\bin\debug\netcoreapp3.1\nunittestproject.dll" id="d8fff351-64d1-1a21-4739-3e89df4d873b">
      <Execution id="1effe050-7733-46c5-99ac-199e91c25a28" />
      <TestMethod codeBase="C:\Projekty\NUnitTestProject\bin\Debug\netcoreapp3.1\NUnitTestProject.dll" adapterTypeName="executor://nunit3testexecutor/" className="NUnitTestProject.CurrencyHelperTests" name="FormatToStringTest1000(2929.267390865026d,&quot;2929.27 zł&quot;)" />
    </UnitTest>
    <UnitTest name="FormatToStringTest1000(3694.480496819355d,&quot;3694.48 zł&quot;)" storage="c:\projekty\nunittestproject\bin\debug\netcoreapp3.1\nunittestproject.dll" id="e34fd7ec-376b-5cd9-f43c-324b72764f5f">
      <Execution id="f8001f61-6487-4cae-864f-8b85c9a9c7af" />
      <TestMethod codeBase="C:\Projekty\NUnitTestProject\bin\Debug\netcoreapp3.1\NUnitTestProject.dll" adapterTypeName="executor://nunit3testexecutor/" className="NUnitTestProject.CurrencyHelperTests" name="FormatToStringTest1000(3694.480496819355d,&quot;3694.48 zł&quot;)" />
    </UnitTest>
    <UnitTest name="FormatToStringTest1000(84686.32148464039d,&quot;84686.32 zł&quot;)" storage="c:\projekty\nunittestproject\bin\debug\netcoreapp3.1\nunittestproject.dll" id="ceb7f684-931d-5c6c-b7df-e9079ac9afdf">
      <Execution id="0d032d65-a76e-4225-b7ab-21489df8b1bb" />
      <TestMethod codeBase="C:\Projekty\NUnitTestProject\bin\Debug\netcoreapp3.1\NUnitTestProject.dll" adapterTypeName="executor://nunit3testexecutor/" className="NUnitTestProject.CurrencyHelperTests" name="FormatToStringTest1000(84686.32148464039d,&quot;84686.32 zł&quot;)" />
    </UnitTest>
    <UnitTest name="FormatToStringTest1000(4823.904478896365d,&quot;4823.90 zł&quot;)" storage="c:\projekty\nunittestproject\bin\debug\netcoreapp3.1\nunittestproject.dll" id="6c604da3-7f27-8f64-ea2d-ce727d182abb">
      <Execution id="4fe408ea-ec5c-463b-bb1f-01f8b3fb6aa1" />
      <TestMethod codeBase="C:\Projekty\NUnitTestProject\bin\Debug\netcoreapp3.1\NUnitTestProject.dll" adapterTypeName="executor://nunit3testexecutor/" className="NUnitTestProject.CurrencyHelperTests" name="FormatToStringTest1000(4823.904478896365d,&quot;4823.90 zł&quot;)" />
    </UnitTest>
    <UnitTest name="FormatToStringTest1000(17845.255864087147d,&quot;17845.26 zł&quot;)" storage="c:\projekty\nunittestproject\bin\debug\netcoreapp3.1\nunittestproject.dll" id="615fa398-9de6-a6b9-2dab-60666d0931f7">
      <Execution id="7c2b1a44-886e-4ed9-9473-c43eef4907d8" />
      <TestMethod codeBase="C:\Projekty\NUnitTestProject\bin\Debug\netcoreapp3.1\NUnitTestProject.dll" adapterTypeName="executor://nunit3testexecutor/" className="NUnitTestProject.CurrencyHelperTests" name="FormatToStringTest1000(17845.255864087147d,&quot;17845.26 zł&quot;)" />
    </UnitTest>
    <UnitTest name="FormatToStringTest1000(75214.75000876503d,&quot;75214.75 zł&quot;)" storage="c:\projekty\nunittestproject\bin\debug\netcoreapp3.1\nunittestproject.dll" id="796d7949-31f4-bb9f-3f5b-ffa9238af688">
      <Execution id="aac3e446-0647-47d4-87a1-5f8ef2edcfb3" />
      <TestMethod codeBase="C:\Projekty\NUnitTestProject\bin\Debug\netcoreapp3.1\NUnitTestProject.dll" adapterTypeName="executor://nunit3testexecutor/" className="NUnitTestProject.CurrencyHelperTests" name="FormatToStringTest1000(75214.75000876503d,&quot;75214.75 zł&quot;)" />
    </UnitTest>
    <UnitTest name="FormatToStringTest1000(2937.138486199611d,&quot;2937.14 zł&quot;)" storage="c:\projekty\nunittestproject\bin\debug\netcoreapp3.1\nunittestproject.dll" id="b56338b4-aae6-cbe0-3487-2e781b98c188">
      <Execution id="19f9f986-3ae0-45de-85b7-c72659021880" />
      <TestMethod codeBase="C:\Projekty\NUnitTestProject\bin\Debug\netcoreapp3.1\NUnitTestProject.dll" adapterTypeName="executor://nunit3testexecutor/" className="NUnitTestProject.CurrencyHelperTests" name="FormatToStringTest1000(2937.138486199611d,&quot;2937.14 zł&quot;)" />
    </UnitTest>
    <UnitTest name="FormatToStringTest1000(16190.113943164757d,&quot;16190.11 zł&quot;)" storage="c:\projekty\nunittestproject\bin\debug\netcoreapp3.1\nunittestproject.dll" id="ea53113d-e645-3e3d-8dda-f0c57f3d1f3e">
      <Execution id="73837a94-cbd6-48c6-bafe-465d7044abe8" />
      <TestMethod codeBase="C:\Projekty\NUnitTestProject\bin\Debug\netcoreapp3.1\NUnitTestProject.dll" adapterTypeName="executor://nunit3testexecutor/" className="NUnitTestProject.CurrencyHelperTests" name="FormatToStringTest1000(16190.113943164757d,&quot;16190.11 zł&quot;)" />
    </UnitTest>
    <UnitTest name="FormatToStringTest1000(5022.470719070859d,&quot;5022.47 zł&quot;)" storage="c:\projekty\nunittestproject\bin\debug\netcoreapp3.1\nunittestproject.dll" id="70548cff-07c6-a6ca-3719-5ff4c0013c06">
      <Execution id="30ccad84-b7c6-475b-8190-8729df48acda" />
      <TestMethod codeBase="C:\Projekty\NUnitTestProject\bin\Debug\netcoreapp3.1\NUnitTestProject.dll" adapterTypeName="executor://nunit3testexecutor/" className="NUnitTestProject.CurrencyHelperTests" name="FormatToStringTest1000(5022.470719070859d,&quot;5022.47 zł&quot;)" />
    </UnitTest>
    <UnitTest name="FormatToStringTest1000(12202.860111308684d,&quot;12202.86 zł&quot;)" storage="c:\projekty\nunittestproject\bin\debug\netcoreapp3.1\nunittestproject.dll" id="386a6353-f26d-0503-41f2-052972dc214e">
      <Execution id="b4d5daf7-80b1-4f04-b6ae-6b4714a695bd" />
      <TestMethod codeBase="C:\Projekty\NUnitTestProject\bin\Debug\netcoreapp3.1\NUnitTestProject.dll" adapterTypeName="executor://nunit3testexecutor/" className="NUnitTestProject.CurrencyHelperTests" name="FormatToStringTest1000(12202.860111308684d,&quot;12202.86 zł&quot;)" />
    </UnitTest>
    <UnitTest name="FormatToStringTest1000(7370.518277515898d,&quot;7370.52 zł&quot;)" storage="c:\projekty\nunittestproject\bin\debug\netcoreapp3.1\nunittestproject.dll" id="5ec8d008-0362-0f87-55a5-ff4397c5ceeb">
      <Execution id="29cfee6d-55dc-493c-98c8-869c132a5375" />
      <TestMethod codeBase="C:\Projekty\NUnitTestProject\bin\Debug\netcoreapp3.1\NUnitTestProject.dll" adapterTypeName="executor://nunit3testexecutor/" className="NUnitTestProject.CurrencyHelperTests" name="FormatToStringTest1000(7370.518277515898d,&quot;7370.52 zł&quot;)" />
    </UnitTest>
    <UnitTest name="FormatToStringTest1000(20497.107923553376d,&quot;20497.11 zł&quot;)" storage="c:\projekty\nunittestproject\bin\debug\netcoreapp3.1\nunittestproject.dll" id="d38b1856-f9a8-d9e7-be29-662b96640b5b">
      <Execution id="5a48d7d4-bbd7-4607-8c82-7e4de0264e15" />
      <TestMethod codeBase="C:\Projekty\NUnitTestProject\bin\Debug\netcoreapp3.1\NUnitTestProject.dll" adapterTypeName="executor://nunit3testexecutor/" className="NUnitTestProject.CurrencyHelperTests" name="FormatToStringTest1000(20497.107923553376d,&quot;20497.11 zł&quot;)" />
    </UnitTest>
    <UnitTest name="FormatToStringTest1000(3030.9461949132133d,&quot;3030.95 zł&quot;)" storage="c:\projekty\nunittestproject\bin\debug\netcoreapp3.1\nunittestproject.dll" id="a4a7e920-6be7-0270-88f5-4a528c0a4ff3">
      <Execution id="370b0b18-b467-4e10-9d51-86a953b7555d" />
      <TestMethod codeBase="C:\Projekty\NUnitTestProject\bin\Debug\netcoreapp3.1\NUnitTestProject.dll" adapterTypeName="executor://nunit3testexecutor/" className="NUnitTestProject.CurrencyHelperTests" name="FormatToStringTest1000(3030.9461949132133d,&quot;3030.95 zł&quot;)" />
    </UnitTest>
    <UnitTest name="FormatToStringTest1000(11871.427211910219d,&quot;11871.43 zł&quot;)" storage="c:\projekty\nunittestproject\bin\debug\netcoreapp3.1\nunittestproject.dll" id="a0b62237-e6b4-ed13-bf88-ac0909d8c7c4">
      <Execution id="e5dc9bf0-7bcf-4674-8d26-c28fe0eca1bc" />
      <TestMethod codeBase="C:\Projekty\NUnitTestProject\bin\Debug\netcoreapp3.1\NUnitTestProject.dll" adapterTypeName="executor://nunit3testexecutor/" className="NUnitTestProject.CurrencyHelperTests" name="FormatToStringTest1000(11871.427211910219d,&quot;11871.43 zł&quot;)" />
    </UnitTest>
    <UnitTest name="FormatToStringTest1000(47575.6421269959d,&quot;47575.64 zł&quot;)" storage="c:\projekty\nunittestproject\bin\debug\netcoreapp3.1\nunittestproject.dll" id="8591161e-1b40-e9f6-332c-2e1b43b81682">
      <Execution id="a407e974-d6e3-49da-92d4-44a7d4a42a85" />
      <TestMethod codeBase="C:\Projekty\NUnitTestProject\bin\Debug\netcoreapp3.1\NUnitTestProject.dll" adapterTypeName="executor://nunit3testexecutor/" className="NUnitTestProject.CurrencyHelperTests" name="FormatToStringTest1000(47575.6421269959d,&quot;47575.64 zł&quot;)" />
    </UnitTest>
    <UnitTest name="FormatToStringTest1000(19519.4298413505d,&quot;19519.43 zł&quot;)" storage="c:\projekty\nunittestproject\bin\debug\netcoreapp3.1\nunittestproject.dll" id="72f5bdbc-e270-3979-eb1f-93befbe9f9d0">
      <Execution id="dffc9af7-a2f0-48ee-ab39-0578e3cfb9d1" />
      <TestMethod codeBase="C:\Projekty\NUnitTestProject\bin\Debug\netcoreapp3.1\NUnitTestProject.dll" adapterTypeName="executor://nunit3testexecutor/" className="NUnitTestProject.CurrencyHelperTests" name="FormatToStringTest1000(19519.4298413505d,&quot;19519.43 zł&quot;)" />
    </UnitTest>
    <UnitTest name="FormatToStringTest1000(13574.683315038068d,&quot;13574.68 zł&quot;)" storage="c:\projekty\nunittestproject\bin\debug\netcoreapp3.1\nunittestproject.dll" id="f96ea468-2b60-097d-c220-3c5f104473af">
      <Execution id="34118856-a4fb-48f4-be82-1bc342fabe71" />
      <TestMethod codeBase="C:\Projekty\NUnitTestProject\bin\Debug\netcoreapp3.1\NUnitTestProject.dll" adapterTypeName="executor://nunit3testexecutor/" className="NUnitTestProject.CurrencyHelperTests" name="FormatToStringTest1000(13574.683315038068d,&quot;13574.68 zł&quot;)" />
    </UnitTest>
    <UnitTest name="FormatToStringTest1000(16637.074429372828d,&quot;16637.07 zł&quot;)" storage="c:\projekty\nunittestproject\bin\debug\netcoreapp3.1\nunittestproject.dll" id="6dee8c76-3355-7dcc-c0a6-02e4a5ed7dc2">
      <Execution id="95c4c780-2ab4-49c5-ab66-02d52de72f74" />
      <TestMethod codeBase="C:\Projekty\NUnitTestProject\bin\Debug\netcoreapp3.1\NUnitTestProject.dll" adapterTypeName="executor://nunit3testexecutor/" className="NUnitTestProject.CurrencyHelperTests" name="FormatToStringTest1000(16637.074429372828d,&quot;16637.07 zł&quot;)" />
    </UnitTest>
    <UnitTest name="FormatToStringTest1000(47163.337736466594d,&quot;47163.34 zł&quot;)" storage="c:\projekty\nunittestproject\bin\debug\netcoreapp3.1\nunittestproject.dll" id="4e103de3-4b59-b5f0-90dd-0864019a3e44">
      <Execution id="3c023b45-c6c5-449f-8b01-4bdb27a0c19d" />
      <TestMethod codeBase="C:\Projekty\NUnitTestProject\bin\Debug\netcoreapp3.1\NUnitTestProject.dll" adapterTypeName="executor://nunit3testexecutor/" className="NUnitTestProject.CurrencyHelperTests" name="FormatToStringTest1000(47163.337736466594d,&quot;47163.34 zł&quot;)" />
    </UnitTest>
    <UnitTest name="FormatToStringTest1000(6266.232005888704d,&quot;6266.23 zł&quot;)" storage="c:\projekty\nunittestproject\bin\debug\netcoreapp3.1\nunittestproject.dll" id="55977c6e-f784-84a1-391e-15480b7266b6">
      <Execution id="272e7227-2808-4e15-8414-f31cffb35c2a" />
      <TestMethod codeBase="C:\Projekty\NUnitTestProject\bin\Debug\netcoreapp3.1\NUnitTestProject.dll" adapterTypeName="executor://nunit3testexecutor/" className="NUnitTestProject.CurrencyHelperTests" name="FormatToStringTest1000(6266.232005888704d,&quot;6266.23 zł&quot;)" />
    </UnitTest>
    <UnitTest name="FormatToStringTest1000(42728.35751444258d,&quot;42728.36 zł&quot;)" storage="c:\projekty\nunittestproject\bin\debug\netcoreapp3.1\nunittestproject.dll" id="bc8b0527-de00-05c5-8ddf-e463dace5bf0">
      <Execution id="9c4ea19d-402b-4daa-9cb8-9544a37d6659" />
      <TestMethod codeBase="C:\Projekty\NUnitTestProject\bin\Debug\netcoreapp3.1\NUnitTestProject.dll" adapterTypeName="executor://nunit3testexecutor/" className="NUnitTestProject.CurrencyHelperTests" name="FormatToStringTest1000(42728.35751444258d,&quot;42728.36 zł&quot;)" />
    </UnitTest>
    <UnitTest name="FormatToStringTest1000(34060.48467268724d,&quot;34060.48 zł&quot;)" storage="c:\projekty\nunittestproject\bin\debug\netcoreapp3.1\nunittestproject.dll" id="c9b5631d-418b-047b-d15f-f39906c7e08b">
      <Execution id="1a5e2047-e8c9-442f-9701-ef7447024367" />
      <TestMethod codeBase="C:\Projekty\NUnitTestProject\bin\Debug\netcoreapp3.1\NUnitTestProject.dll" adapterTypeName="executor://nunit3testexecutor/" className="NUnitTestProject.CurrencyHelperTests" name="FormatToStringTest1000(34060.48467268724d,&quot;34060.48 zł&quot;)" />
    </UnitTest>
    <UnitTest name="FormatToStringTest1000(22189.78731674132d,&quot;22189.79 zł&quot;)" storage="c:\projekty\nunittestproject\bin\debug\netcoreapp3.1\nunittestproject.dll" id="e7e966d4-e5d2-6514-5e34-60687297029b">
      <Execution id="15349d15-d50b-445b-ad58-0b6380dbd1da" />
      <TestMethod codeBase="C:\Projekty\NUnitTestProject\bin\Debug\netcoreapp3.1\NUnitTestProject.dll" adapterTypeName="executor://nunit3testexecutor/" className="NUnitTestProject.CurrencyHelperTests" name="FormatToStringTest1000(22189.78731674132d,&quot;22189.79 zł&quot;)" />
    </UnitTest>
    <UnitTest name="FormatToStringTest1000(60323.066780431225d,&quot;60323.07 zł&quot;)" storage="c:\projekty\nunittestproject\bin\debug\netcoreapp3.1\nunittestproject.dll" id="005bc1cf-7a4e-92d9-5bd8-b2bbb383cd58">
      <Execution id="fc53221e-b0ca-40b1-abf2-814b6e402863" />
      <TestMethod codeBase="C:\Projekty\NUnitTestProject\bin\Debug\netcoreapp3.1\NUnitTestProject.dll" adapterTypeName="executor://nunit3testexecutor/" className="NUnitTestProject.CurrencyHelperTests" name="FormatToStringTest1000(60323.066780431225d,&quot;60323.07 zł&quot;)" />
    </UnitTest>
    <UnitTest name="FormatToStringTest1000(32821.05661472215d,&quot;32821.06 zł&quot;)" storage="c:\projekty\nunittestproject\bin\debug\netcoreapp3.1\nunittestproject.dll" id="79aa3047-78e8-7f3b-b717-0010e3a4cd51">
      <Execution id="d93b0b12-f333-4e31-9adc-d59eb9550d09" />
      <TestMethod codeBase="C:\Projekty\NUnitTestProject\bin\Debug\netcoreapp3.1\NUnitTestProject.dll" adapterTypeName="executor://nunit3testexecutor/" className="NUnitTestProject.CurrencyHelperTests" name="FormatToStringTest1000(32821.05661472215d,&quot;32821.06 zł&quot;)" />
    </UnitTest>
    <UnitTest name="FormatToStringTest1000(52858.048916166204d,&quot;52858.05 zł&quot;)" storage="c:\projekty\nunittestproject\bin\debug\netcoreapp3.1\nunittestproject.dll" id="8119f190-7ed2-77b1-76a6-83f33e4cf393">
      <Execution id="7e95fe43-5bca-4fe2-b0c6-ea1f1461f0a3" />
      <TestMethod codeBase="C:\Projekty\NUnitTestProject\bin\Debug\netcoreapp3.1\NUnitTestProject.dll" adapterTypeName="executor://nunit3testexecutor/" className="NUnitTestProject.CurrencyHelperTests" name="FormatToStringTest1000(52858.048916166204d,&quot;52858.05 zł&quot;)" />
    </UnitTest>
    <UnitTest name="FormatToStringTest1000(51300.77891898145d,&quot;51300.78 zł&quot;)" storage="c:\projekty\nunittestproject\bin\debug\netcoreapp3.1\nunittestproject.dll" id="3cf165e2-4de9-3079-4fb7-1ca2dade8ab8">
      <Execution id="3696e5a5-404b-49a2-b6cd-5abd5bb71132" />
      <TestMethod codeBase="C:\Projekty\NUnitTestProject\bin\Debug\netcoreapp3.1\NUnitTestProject.dll" adapterTypeName="executor://nunit3testexecutor/" className="NUnitTestProject.CurrencyHelperTests" name="FormatToStringTest1000(51300.77891898145d,&quot;51300.78 zł&quot;)" />
    </UnitTest>
    <UnitTest name="FormatToStringTest1000(22791.735381432685d,&quot;22791.74 zł&quot;)" storage="c:\projekty\nunittestproject\bin\debug\netcoreapp3.1\nunittestproject.dll" id="65ccfc2f-2358-a64f-fe6f-c264d332c519">
      <Execution id="f5f850de-aa91-436b-919c-58382aa8036c" />
      <TestMethod codeBase="C:\Projekty\NUnitTestProject\bin\Debug\netcoreapp3.1\NUnitTestProject.dll" adapterTypeName="executor://nunit3testexecutor/" className="NUnitTestProject.CurrencyHelperTests" name="FormatToStringTest1000(22791.735381432685d,&quot;22791.74 zł&quot;)" />
    </UnitTest>
    <UnitTest name="FormatToStringTest1000(39178.05988345298d,&quot;39178.06 zł&quot;)" storage="c:\projekty\nunittestproject\bin\debug\netcoreapp3.1\nunittestproject.dll" id="7d9a319c-0aa5-831a-d202-712bedb1b15a">
      <Execution id="5eb12f7a-0c37-451c-8e1b-1b9bca660b23" />
      <TestMethod codeBase="C:\Projekty\NUnitTestProject\bin\Debug\netcoreapp3.1\NUnitTestProject.dll" adapterTypeName="executor://nunit3testexecutor/" className="NUnitTestProject.CurrencyHelperTests" name="FormatToStringTest1000(39178.05988345298d,&quot;39178.06 zł&quot;)" />
    </UnitTest>
    <UnitTest name="FormatToStringTest1000(58848.60825001477d,&quot;58848.61 zł&quot;)" storage="c:\projekty\nunittestproject\bin\debug\netcoreapp3.1\nunittestproject.dll" id="86a3d4f1-4730-e078-7812-a2cb42758d4b">
      <Execution id="e9c24abb-cc47-4600-834b-ce6ccbf8c2a9" />
      <TestMethod codeBase="C:\Projekty\NUnitTestProject\bin\Debug\netcoreapp3.1\NUnitTestProject.dll" adapterTypeName="executor://nunit3testexecutor/" className="NUnitTestProject.CurrencyHelperTests" name="FormatToStringTest1000(58848.60825001477d,&quot;58848.61 zł&quot;)" />
    </UnitTest>
    <UnitTest name="FormatToStringTest1000(75350.77330865282d,&quot;75350.77 zł&quot;)" storage="c:\projekty\nunittestproject\bin\debug\netcoreapp3.1\nunittestproject.dll" id="a66db8ec-8bb4-14b5-d72b-619fdbf967a5">
      <Execution id="6945f523-48c1-4d45-80e1-7c67c6f182c7" />
      <TestMethod codeBase="C:\Projekty\NUnitTestProject\bin\Debug\netcoreapp3.1\NUnitTestProject.dll" adapterTypeName="executor://nunit3testexecutor/" className="NUnitTestProject.CurrencyHelperTests" name="FormatToStringTest1000(75350.77330865282d,&quot;75350.77 zł&quot;)" />
    </UnitTest>
    <UnitTest name="FormatToStringTest1000(41008.28505327194d,&quot;41008.29 zł&quot;)" storage="c:\projekty\nunittestproject\bin\debug\netcoreapp3.1\nunittestproject.dll" id="eaf85606-7f0d-3e94-fb5d-ed88b536baa0">
      <Execution id="094e4de9-51bf-4e9e-bd03-1d79670cd1f8" />
      <TestMethod codeBase="C:\Projekty\NUnitTestProject\bin\Debug\netcoreapp3.1\NUnitTestProject.dll" adapterTypeName="executor://nunit3testexecutor/" className="NUnitTestProject.CurrencyHelperTests" name="FormatToStringTest1000(41008.28505327194d,&quot;41008.29 zł&quot;)" />
    </UnitTest>
    <UnitTest name="FormatToStringTest1000(82228.32322510486d,&quot;82228.32 zł&quot;)" storage="c:\projekty\nunittestproject\bin\debug\netcoreapp3.1\nunittestproject.dll" id="efc2a789-ae09-4bb7-d172-5f2d0e3cbf23">
      <Execution id="1bdf40db-969e-4404-a0c0-27c2f335c45b" />
      <TestMethod codeBase="C:\Projekty\NUnitTestProject\bin\Debug\netcoreapp3.1\NUnitTestProject.dll" adapterTypeName="executor://nunit3testexecutor/" className="NUnitTestProject.CurrencyHelperTests" name="FormatToStringTest1000(82228.32322510486d,&quot;82228.32 zł&quot;)" />
    </UnitTest>
    <UnitTest name="FormatToStringTest1000(60299.23738666309d,&quot;60299.24 zł&quot;)" storage="c:\projekty\nunittestproject\bin\debug\netcoreapp3.1\nunittestproject.dll" id="0bb6c333-e41f-4877-c81e-d24ff9ead53d">
      <Execution id="0f99a77b-5af9-4618-b86f-ed096a2cbc77" />
      <TestMethod codeBase="C:\Projekty\NUnitTestProject\bin\Debug\netcoreapp3.1\NUnitTestProject.dll" adapterTypeName="executor://nunit3testexecutor/" className="NUnitTestProject.CurrencyHelperTests" name="FormatToStringTest1000(60299.23738666309d,&quot;60299.24 zł&quot;)" />
    </UnitTest>
    <UnitTest name="FormatToStringTest1000(11022.594234092438d,&quot;11022.59 zł&quot;)" storage="c:\projekty\nunittestproject\bin\debug\netcoreapp3.1\nunittestproject.dll" id="d5f63a3d-0bec-c5aa-6fdf-b4d0492c062a">
      <Execution id="605be833-1946-4485-b03d-ae866e64ae31" />
      <TestMethod codeBase="C:\Projekty\NUnitTestProject\bin\Debug\netcoreapp3.1\NUnitTestProject.dll" adapterTypeName="executor://nunit3testexecutor/" className="NUnitTestProject.CurrencyHelperTests" name="FormatToStringTest1000(11022.594234092438d,&quot;11022.59 zł&quot;)" />
    </UnitTest>
    <UnitTest name="FormatToStringTest1000(19103.831635461574d,&quot;19103.83 zł&quot;)" storage="c:\projekty\nunittestproject\bin\debug\netcoreapp3.1\nunittestproject.dll" id="d569c283-c0e4-d992-53ea-520d9219d214">
      <Execution id="32be10f5-8140-4f3f-86fa-08272ec6cb9d" />
      <TestMethod codeBase="C:\Projekty\NUnitTestProject\bin\Debug\netcoreapp3.1\NUnitTestProject.dll" adapterTypeName="executor://nunit3testexecutor/" className="NUnitTestProject.CurrencyHelperTests" name="FormatToStringTest1000(19103.831635461574d,&quot;19103.83 zł&quot;)" />
    </UnitTest>
    <UnitTest name="FormatToStringTest1000(13855.30239352505d,&quot;13855.30 zł&quot;)" storage="c:\projekty\nunittestproject\bin\debug\netcoreapp3.1\nunittestproject.dll" id="21bcc043-da28-367a-c1fb-9490833f1b89">
      <Execution id="b43fd032-d847-46cc-85f7-5745c271e666" />
      <TestMethod codeBase="C:\Projekty\NUnitTestProject\bin\Debug\netcoreapp3.1\NUnitTestProject.dll" adapterTypeName="executor://nunit3testexecutor/" className="NUnitTestProject.CurrencyHelperTests" name="FormatToStringTest1000(13855.30239352505d,&quot;13855.30 zł&quot;)" />
    </UnitTest>
    <UnitTest name="FormatToStringTest1000(16901.497392274203d,&quot;16901.50 zł&quot;)" storage="c:\projekty\nunittestproject\bin\debug\netcoreapp3.1\nunittestproject.dll" id="5234899e-b699-a182-8741-15341fb350c8">
      <Execution id="33a09b1f-f134-4ebf-abcf-9a9f9420d65f" />
      <TestMethod codeBase="C:\Projekty\NUnitTestProject\bin\Debug\netcoreapp3.1\NUnitTestProject.dll" adapterTypeName="executor://nunit3testexecutor/" className="NUnitTestProject.CurrencyHelperTests" name="FormatToStringTest1000(16901.497392274203d,&quot;16901.50 zł&quot;)" />
    </UnitTest>
    <UnitTest name="FormatToStringTest1000(27187.549022783314d,&quot;27187.55 zł&quot;)" storage="c:\projekty\nunittestproject\bin\debug\netcoreapp3.1\nunittestproject.dll" id="2782a3f6-bb08-acfe-bfab-49ee7d2fdbfa">
      <Execution id="df2327ae-8004-4f1d-b955-b9d8d92bc207" />
      <TestMethod codeBase="C:\Projekty\NUnitTestProject\bin\Debug\netcoreapp3.1\NUnitTestProject.dll" adapterTypeName="executor://nunit3testexecutor/" className="NUnitTestProject.CurrencyHelperTests" name="FormatToStringTest1000(27187.549022783314d,&quot;27187.55 zł&quot;)" />
    </UnitTest>
    <UnitTest name="FormatToStringTest1000(20623.53139885493d,&quot;20623.53 zł&quot;)" storage="c:\projekty\nunittestproject\bin\debug\netcoreapp3.1\nunittestproject.dll" id="6c172272-73ee-1f81-5332-f3180f21fb30">
      <Execution id="e040c056-543a-4973-86a7-0b44d3c54cd0" />
      <TestMethod codeBase="C:\Projekty\NUnitTestProject\bin\Debug\netcoreapp3.1\NUnitTestProject.dll" adapterTypeName="executor://nunit3testexecutor/" className="NUnitTestProject.CurrencyHelperTests" name="FormatToStringTest1000(20623.53139885493d,&quot;20623.53 zł&quot;)" />
    </UnitTest>
    <UnitTest name="FormatToStringTest1000(57564.498126061866d,&quot;57564.50 zł&quot;)" storage="c:\projekty\nunittestproject\bin\debug\netcoreapp3.1\nunittestproject.dll" id="8afbc81b-c940-0dce-6ef9-318ffda0f1ea">
      <Execution id="4eb68733-f84e-4122-aa5c-8e5b46ce80d4" />
      <TestMethod codeBase="C:\Projekty\NUnitTestProject\bin\Debug\netcoreapp3.1\NUnitTestProject.dll" adapterTypeName="executor://nunit3testexecutor/" className="NUnitTestProject.CurrencyHelperTests" name="FormatToStringTest1000(57564.498126061866d,&quot;57564.50 zł&quot;)" />
    </UnitTest>
    <UnitTest name="FormatToStringTest1000(68507.83928906724d,&quot;68507.84 zł&quot;)" storage="c:\projekty\nunittestproject\bin\debug\netcoreapp3.1\nunittestproject.dll" id="bd91fcf5-5262-be00-7dbb-b8c3fec0f109">
      <Execution id="eab9f2a3-42d3-4c2f-b0e0-f59d93fadd31" />
      <TestMethod codeBase="C:\Projekty\NUnitTestProject\bin\Debug\netcoreapp3.1\NUnitTestProject.dll" adapterTypeName="executor://nunit3testexecutor/" className="NUnitTestProject.CurrencyHelperTests" name="FormatToStringTest1000(68507.83928906724d,&quot;68507.84 zł&quot;)" />
    </UnitTest>
    <UnitTest name="FormatToStringTest1000(45739.569854490255d,&quot;45739.57 zł&quot;)" storage="c:\projekty\nunittestproject\bin\debug\netcoreapp3.1\nunittestproject.dll" id="9a937ae8-d764-8210-812b-522cffbf8c6f">
      <Execution id="9643d308-d686-4c24-a909-1972598dacb1" />
      <TestMethod codeBase="C:\Projekty\NUnitTestProject\bin\Debug\netcoreapp3.1\NUnitTestProject.dll" adapterTypeName="executor://nunit3testexecutor/" className="NUnitTestProject.CurrencyHelperTests" name="FormatToStringTest1000(45739.569854490255d,&quot;45739.57 zł&quot;)" />
    </UnitTest>
    <UnitTest name="FormatToStringTest1000(23174.85693288448d,&quot;23174.86 zł&quot;)" storage="c:\projekty\nunittestproject\bin\debug\netcoreapp3.1\nunittestproject.dll" id="82e7d70c-1a42-9215-0f5f-33fe3e6fa346">
      <Execution id="75d29b82-8a23-403f-b9b1-a0a4b40d9825" />
      <TestMethod codeBase="C:\Projekty\NUnitTestProject\bin\Debug\netcoreapp3.1\NUnitTestProject.dll" adapterTypeName="executor://nunit3testexecutor/" className="NUnitTestProject.CurrencyHelperTests" name="FormatToStringTest1000(23174.85693288448d,&quot;23174.86 zł&quot;)" />
    </UnitTest>
    <UnitTest name="FormatToStringTest1000(63946.51014057478d,&quot;63946.51 zł&quot;)" storage="c:\projekty\nunittestproject\bin\debug\netcoreapp3.1\nunittestproject.dll" id="3c433d09-bfc8-05ae-376b-cff8f69161af">
      <Execution id="3461ad93-5f14-4ca9-a512-638d6fbef9b2" />
      <TestMethod codeBase="C:\Projekty\NUnitTestProject\bin\Debug\netcoreapp3.1\NUnitTestProject.dll" adapterTypeName="executor://nunit3testexecutor/" className="NUnitTestProject.CurrencyHelperTests" name="FormatToStringTest1000(63946.51014057478d,&quot;63946.51 zł&quot;)" />
    </UnitTest>
    <UnitTest name="FormatToStringTest1000(3303.1902076747224d,&quot;3303.19 zł&quot;)" storage="c:\projekty\nunittestproject\bin\debug\netcoreapp3.1\nunittestproject.dll" id="86ff0f06-37e1-737e-28e1-e4da0cef4001">
      <Execution id="7055a9ed-2b58-48e5-88c9-0526f6f8ff64" />
      <TestMethod codeBase="C:\Projekty\NUnitTestProject\bin\Debug\netcoreapp3.1\NUnitTestProject.dll" adapterTypeName="executor://nunit3testexecutor/" className="NUnitTestProject.CurrencyHelperTests" name="FormatToStringTest1000(3303.1902076747224d,&quot;3303.19 zł&quot;)" />
    </UnitTest>
    <UnitTest name="FormatToStringTest1000(15841.26419853478d,&quot;15841.26 zł&quot;)" storage="c:\projekty\nunittestproject\bin\debug\netcoreapp3.1\nunittestproject.dll" id="a64a893d-a7c9-f50c-de3c-debed5fa79b5">
      <Execution id="32546c52-efb0-4160-b16c-770d281f4ba7" />
      <TestMethod codeBase="C:\Projekty\NUnitTestProject\bin\Debug\netcoreapp3.1\NUnitTestProject.dll" adapterTypeName="executor://nunit3testexecutor/" className="NUnitTestProject.CurrencyHelperTests" name="FormatToStringTest1000(15841.26419853478d,&quot;15841.26 zł&quot;)" />
    </UnitTest>
    <UnitTest name="FormatToStringTest1000(22494.46807976834d,&quot;22494.47 zł&quot;)" storage="c:\projekty\nunittestproject\bin\debug\netcoreapp3.1\nunittestproject.dll" id="9629fd85-821b-932c-4f6c-d14c57ed62b0">
      <Execution id="826b9a70-719a-4f96-ac60-3b11e047d370" />
      <TestMethod codeBase="C:\Projekty\NUnitTestProject\bin\Debug\netcoreapp3.1\NUnitTestProject.dll" adapterTypeName="executor://nunit3testexecutor/" className="NUnitTestProject.CurrencyHelperTests" name="FormatToStringTest1000(22494.46807976834d,&quot;22494.47 zł&quot;)" />
    </UnitTest>
    <UnitTest name="FormatToStringTest1000(72703.4365723503d,&quot;72703.44 zł&quot;)" storage="c:\projekty\nunittestproject\bin\debug\netcoreapp3.1\nunittestproject.dll" id="2b003fb3-b141-e2a9-bad9-fff43705ee9e">
      <Execution id="e746dac1-2e8b-4988-94f5-d7e82b7be8a6" />
      <TestMethod codeBase="C:\Projekty\NUnitTestProject\bin\Debug\netcoreapp3.1\NUnitTestProject.dll" adapterTypeName="executor://nunit3testexecutor/" className="NUnitTestProject.CurrencyHelperTests" name="FormatToStringTest1000(72703.4365723503d,&quot;72703.44 zł&quot;)" />
    </UnitTest>
    <UnitTest name="FormatToStringTest1000(14237.13226245955d,&quot;14237.13 zł&quot;)" storage="c:\projekty\nunittestproject\bin\debug\netcoreapp3.1\nunittestproject.dll" id="897eda60-aa9c-bf46-7037-9c91ac01a451">
      <Execution id="210a3838-8412-421e-942a-7d21c3ab1a05" />
      <TestMethod codeBase="C:\Projekty\NUnitTestProject\bin\Debug\netcoreapp3.1\NUnitTestProject.dll" adapterTypeName="executor://nunit3testexecutor/" className="NUnitTestProject.CurrencyHelperTests" name="FormatToStringTest1000(14237.13226245955d,&quot;14237.13 zł&quot;)" />
    </UnitTest>
    <UnitTest name="FormatToStringTest1000(18424.864078561244d,&quot;18424.86 zł&quot;)" storage="c:\projekty\nunittestproject\bin\debug\netcoreapp3.1\nunittestproject.dll" id="9302047d-d400-9bf9-4ba4-2e05b31dc9ec">
      <Execution id="4a6d2f34-99c0-4d3a-b0e5-cd47398fab7a" />
      <TestMethod codeBase="C:\Projekty\NUnitTestProject\bin\Debug\netcoreapp3.1\NUnitTestProject.dll" adapterTypeName="executor://nunit3testexecutor/" className="NUnitTestProject.CurrencyHelperTests" name="FormatToStringTest1000(18424.864078561244d,&quot;18424.86 zł&quot;)" />
    </UnitTest>
    <UnitTest name="FormatToStringTest1000(15396.537902579894d,&quot;15396.54 zł&quot;)" storage="c:\projekty\nunittestproject\bin\debug\netcoreapp3.1\nunittestproject.dll" id="41200b0a-b89d-be5b-7447-22f852721d92">
      <Execution id="75fdfb07-b61f-4342-9d31-ee2de1668c4c" />
      <TestMethod codeBase="C:\Projekty\NUnitTestProject\bin\Debug\netcoreapp3.1\NUnitTestProject.dll" adapterTypeName="executor://nunit3testexecutor/" className="NUnitTestProject.CurrencyHelperTests" name="FormatToStringTest1000(15396.537902579894d,&quot;15396.54 zł&quot;)" />
    </UnitTest>
    <UnitTest name="FormatToStringTest1000(64887.45559046951d,&quot;64887.46 zł&quot;)" storage="c:\projekty\nunittestproject\bin\debug\netcoreapp3.1\nunittestproject.dll" id="b150e6ad-1fac-a9d1-a2ab-0f7879e84a36">
      <Execution id="5cbb0638-fc74-40fd-b948-7156236eb47d" />
      <TestMethod codeBase="C:\Projekty\NUnitTestProject\bin\Debug\netcoreapp3.1\NUnitTestProject.dll" adapterTypeName="executor://nunit3testexecutor/" className="NUnitTestProject.CurrencyHelperTests" name="FormatToStringTest1000(64887.45559046951d,&quot;64887.46 zł&quot;)" />
    </UnitTest>
    <UnitTest name="FormatToStringTest1000(23649.104642116046d,&quot;23649.10 zł&quot;)" storage="c:\projekty\nunittestproject\bin\debug\netcoreapp3.1\nunittestproject.dll" id="5d8a1a0c-8ac0-09f0-e7c5-3249de62e9a9">
      <Execution id="e124ebaf-63d1-41c8-bfc5-55c885a3fd4f" />
      <TestMethod codeBase="C:\Projekty\NUnitTestProject\bin\Debug\netcoreapp3.1\NUnitTestProject.dll" adapterTypeName="executor://nunit3testexecutor/" className="NUnitTestProject.CurrencyHelperTests" name="FormatToStringTest1000(23649.104642116046d,&quot;23649.10 zł&quot;)" />
    </UnitTest>
    <UnitTest name="FormatToStringTest1000(13582.47117894258d,&quot;13582.47 zł&quot;)" storage="c:\projekty\nunittestproject\bin\debug\netcoreapp3.1\nunittestproject.dll" id="ee6fca60-0e04-b997-dc4d-b3e46cbf895c">
      <Execution id="8afa3cdb-8fdc-4041-9e8a-014db592a22b" />
      <TestMethod codeBase="C:\Projekty\NUnitTestProject\bin\Debug\netcoreapp3.1\NUnitTestProject.dll" adapterTypeName="executor://nunit3testexecutor/" className="NUnitTestProject.CurrencyHelperTests" name="FormatToStringTest1000(13582.47117894258d,&quot;13582.47 zł&quot;)" />
    </UnitTest>
    <UnitTest name="FormatToStringTest1000(4030.673117592313d,&quot;4030.67 zł&quot;)" storage="c:\projekty\nunittestproject\bin\debug\netcoreapp3.1\nunittestproject.dll" id="0718464f-7428-3c2c-d7c1-1af84b0bb5ee">
      <Execution id="bdc41d36-29e3-4059-b736-38efd554ad42" />
      <TestMethod codeBase="C:\Projekty\NUnitTestProject\bin\Debug\netcoreapp3.1\NUnitTestProject.dll" adapterTypeName="executor://nunit3testexecutor/" className="NUnitTestProject.CurrencyHelperTests" name="FormatToStringTest1000(4030.673117592313d,&quot;4030.67 zł&quot;)" />
    </UnitTest>
    <UnitTest name="FormatToStringTest1000(13844.577623300524d,&quot;13844.58 zł&quot;)" storage="c:\projekty\nunittestproject\bin\debug\netcoreapp3.1\nunittestproject.dll" id="cdeb3be1-fe32-ff89-e068-e42e39c27a73">
      <Execution id="42fab482-3336-4ca6-b1bb-065c5a149b61" />
      <TestMethod codeBase="C:\Projekty\NUnitTestProject\bin\Debug\netcoreapp3.1\NUnitTestProject.dll" adapterTypeName="executor://nunit3testexecutor/" className="NUnitTestProject.CurrencyHelperTests" name="FormatToStringTest1000(13844.577623300524d,&quot;13844.58 zł&quot;)" />
    </UnitTest>
    <UnitTest name="FormatToStringTest1000(1300.9430775404642d,&quot;1300.94 zł&quot;)" storage="c:\projekty\nunittestproject\bin\debug\netcoreapp3.1\nunittestproject.dll" id="d8dd6fae-802b-a606-14b3-f77add91cde3">
      <Execution id="72023f88-dd42-43f9-90b2-0302839e4781" />
      <TestMethod codeBase="C:\Projekty\NUnitTestProject\bin\Debug\netcoreapp3.1\NUnitTestProject.dll" adapterTypeName="executor://nunit3testexecutor/" className="NUnitTestProject.CurrencyHelperTests" name="FormatToStringTest1000(1300.9430775404642d,&quot;1300.94 zł&quot;)" />
    </UnitTest>
    <UnitTest name="FormatToStringTest1000(1108.7197928823157d,&quot;1108.72 zł&quot;)" storage="c:\projekty\nunittestproject\bin\debug\netcoreapp3.1\nunittestproject.dll" id="5220db90-feed-daf9-71ce-ce8aa9bc9232">
      <Execution id="5d5f7984-a176-4c52-9380-4e2bd7385eeb" />
      <TestMethod codeBase="C:\Projekty\NUnitTestProject\bin\Debug\netcoreapp3.1\NUnitTestProject.dll" adapterTypeName="executor://nunit3testexecutor/" className="NUnitTestProject.CurrencyHelperTests" name="FormatToStringTest1000(1108.7197928823157d,&quot;1108.72 zł&quot;)" />
    </UnitTest>
    <UnitTest name="FormatToStringTest1000(8908.080586221107d,&quot;8908.08 zł&quot;)" storage="c:\projekty\nunittestproject\bin\debug\netcoreapp3.1\nunittestproject.dll" id="a9bdfcdb-7bc0-3167-07a5-dafa13fc5389">
      <Execution id="dede7f32-59cb-45c4-b8e5-ba829ac02e87" />
      <TestMethod codeBase="C:\Projekty\NUnitTestProject\bin\Debug\netcoreapp3.1\NUnitTestProject.dll" adapterTypeName="executor://nunit3testexecutor/" className="NUnitTestProject.CurrencyHelperTests" name="FormatToStringTest1000(8908.080586221107d,&quot;8908.08 zł&quot;)" />
    </UnitTest>
    <UnitTest name="FormatToStringTest1000(37160.85331540269d,&quot;37160.85 zł&quot;)" storage="c:\projekty\nunittestproject\bin\debug\netcoreapp3.1\nunittestproject.dll" id="f3633ae5-6adc-21ee-2aa1-0609fba8547c">
      <Execution id="e6679b5c-4e51-4523-8153-1693b79e0c73" />
      <TestMethod codeBase="C:\Projekty\NUnitTestProject\bin\Debug\netcoreapp3.1\NUnitTestProject.dll" adapterTypeName="executor://nunit3testexecutor/" className="NUnitTestProject.CurrencyHelperTests" name="FormatToStringTest1000(37160.85331540269d,&quot;37160.85 zł&quot;)" />
    </UnitTest>
    <UnitTest name="FormatToStringTest1000(70149.17842025738d,&quot;70149.18 zł&quot;)" storage="c:\projekty\nunittestproject\bin\debug\netcoreapp3.1\nunittestproject.dll" id="f3af6a34-22dc-525a-ddbc-41c7a3c42ddc">
      <Execution id="d8c79ccf-952a-4ff7-9d9d-c46da36d9c29" />
      <TestMethod codeBase="C:\Projekty\NUnitTestProject\bin\Debug\netcoreapp3.1\NUnitTestProject.dll" adapterTypeName="executor://nunit3testexecutor/" className="NUnitTestProject.CurrencyHelperTests" name="FormatToStringTest1000(70149.17842025738d,&quot;70149.18 zł&quot;)" />
    </UnitTest>
    <UnitTest name="FormatToStringTest1000(75024.79122970243d,&quot;75024.79 zł&quot;)" storage="c:\projekty\nunittestproject\bin\debug\netcoreapp3.1\nunittestproject.dll" id="e704684d-9f7f-da08-58cf-d52651e9dd96">
      <Execution id="84870dea-ad24-40a5-99b5-3ee283c5d22e" />
      <TestMethod codeBase="C:\Projekty\NUnitTestProject\bin\Debug\netcoreapp3.1\NUnitTestProject.dll" adapterTypeName="executor://nunit3testexecutor/" className="NUnitTestProject.CurrencyHelperTests" name="FormatToStringTest1000(75024.79122970243d,&quot;75024.79 zł&quot;)" />
    </UnitTest>
    <UnitTest name="FormatToStringTest1000(65809.35218338219d,&quot;65809.35 zł&quot;)" storage="c:\projekty\nunittestproject\bin\debug\netcoreapp3.1\nunittestproject.dll" id="5e8a64ef-fabe-5bbf-4739-e9cf8ccf2ee0">
      <Execution id="958a072a-0623-42a0-9332-27ae3069d29a" />
      <TestMethod codeBase="C:\Projekty\NUnitTestProject\bin\Debug\netcoreapp3.1\NUnitTestProject.dll" adapterTypeName="executor://nunit3testexecutor/" className="NUnitTestProject.CurrencyHelperTests" name="FormatToStringTest1000(65809.35218338219d,&quot;65809.35 zł&quot;)" />
    </UnitTest>
    <UnitTest name="FormatToStringTest1000(12125.090155628086d,&quot;12125.09 zł&quot;)" storage="c:\projekty\nunittestproject\bin\debug\netcoreapp3.1\nunittestproject.dll" id="72c240ff-79c5-ef41-5967-e3c497b7b2c0">
      <Execution id="8446f53e-6f3e-4d8d-b003-781e76f61b09" />
      <TestMethod codeBase="C:\Projekty\NUnitTestProject\bin\Debug\netcoreapp3.1\NUnitTestProject.dll" adapterTypeName="executor://nunit3testexecutor/" className="NUnitTestProject.CurrencyHelperTests" name="FormatToStringTest1000(12125.090155628086d,&quot;12125.09 zł&quot;)" />
    </UnitTest>
    <UnitTest name="FormatToStringTest1000(7569.605888796322d,&quot;7569.61 zł&quot;)" storage="c:\projekty\nunittestproject\bin\debug\netcoreapp3.1\nunittestproject.dll" id="87ae11a5-ff33-3fef-0507-0ee3bd82054e">
      <Execution id="d33a1a8e-c84b-44bb-bfac-e230adcddfed" />
      <TestMethod codeBase="C:\Projekty\NUnitTestProject\bin\Debug\netcoreapp3.1\NUnitTestProject.dll" adapterTypeName="executor://nunit3testexecutor/" className="NUnitTestProject.CurrencyHelperTests" name="FormatToStringTest1000(7569.605888796322d,&quot;7569.61 zł&quot;)" />
    </UnitTest>
    <UnitTest name="FormatToStringTest1000(736.7398243680316d,&quot;736.74 zł&quot;)" storage="c:\projekty\nunittestproject\bin\debug\netcoreapp3.1\nunittestproject.dll" id="c7b07fde-ab61-697a-6040-f2f4c1529d34">
      <Execution id="d92e46e4-4e0d-4eb5-b002-d0d154911bfe" />
      <TestMethod codeBase="C:\Projekty\NUnitTestProject\bin\Debug\netcoreapp3.1\NUnitTestProject.dll" adapterTypeName="executor://nunit3testexecutor/" className="NUnitTestProject.CurrencyHelperTests" name="FormatToStringTest1000(736.7398243680316d,&quot;736.74 zł&quot;)" />
    </UnitTest>
    <UnitTest name="FormatToStringTest1000(41873.517751020154d,&quot;41873.52 zł&quot;)" storage="c:\projekty\nunittestproject\bin\debug\netcoreapp3.1\nunittestproject.dll" id="7d45d5f5-3a25-9a87-e687-4dc975c05da1">
      <Execution id="1c837c76-7a9a-4143-9be5-99503f035078" />
      <TestMethod codeBase="C:\Projekty\NUnitTestProject\bin\Debug\netcoreapp3.1\NUnitTestProject.dll" adapterTypeName="executor://nunit3testexecutor/" className="NUnitTestProject.CurrencyHelperTests" name="FormatToStringTest1000(41873.517751020154d,&quot;41873.52 zł&quot;)" />
    </UnitTest>
    <UnitTest name="FormatToStringTest1000(41876.979471482795d,&quot;41876.98 zł&quot;)" storage="c:\projekty\nunittestproject\bin\debug\netcoreapp3.1\nunittestproject.dll" id="42689aba-eefd-f694-336d-6d6d7296f289">
      <Execution id="9f0f8619-126f-4664-85aa-7042d334daab" />
      <TestMethod codeBase="C:\Projekty\NUnitTestProject\bin\Debug\netcoreapp3.1\NUnitTestProject.dll" adapterTypeName="executor://nunit3testexecutor/" className="NUnitTestProject.CurrencyHelperTests" name="FormatToStringTest1000(41876.979471482795d,&quot;41876.98 zł&quot;)" />
    </UnitTest>
    <UnitTest name="FormatToStringTest1000(9517.514896326473d,&quot;9517.51 zł&quot;)" storage="c:\projekty\nunittestproject\bin\debug\netcoreapp3.1\nunittestproject.dll" id="6c111a58-0dcb-5d69-cab0-6f7362899525">
      <Execution id="004ba664-f9d6-48de-9c27-cb99fc88c3d7" />
      <TestMethod codeBase="C:\Projekty\NUnitTestProject\bin\Debug\netcoreapp3.1\NUnitTestProject.dll" adapterTypeName="executor://nunit3testexecutor/" className="NUnitTestProject.CurrencyHelperTests" name="FormatToStringTest1000(9517.514896326473d,&quot;9517.51 zł&quot;)" />
    </UnitTest>
    <UnitTest name="FormatToStringTest1000(740.3213011405064d,&quot;740.32 zł&quot;)" storage="c:\projekty\nunittestproject\bin\debug\netcoreapp3.1\nunittestproject.dll" id="6d2fa905-65f5-7d76-6130-8eb8fe67de75">
      <Execution id="4e5b44ff-0b39-4842-a35d-e756dbbf6676" />
      <TestMethod codeBase="C:\Projekty\NUnitTestProject\bin\Debug\netcoreapp3.1\NUnitTestProject.dll" adapterTypeName="executor://nunit3testexecutor/" className="NUnitTestProject.CurrencyHelperTests" name="FormatToStringTest1000(740.3213011405064d,&quot;740.32 zł&quot;)" />
    </UnitTest>
    <UnitTest name="FormatToStringTest1000(46803.36433423374d,&quot;46803.36 zł&quot;)" storage="c:\projekty\nunittestproject\bin\debug\netcoreapp3.1\nunittestproject.dll" id="f3dbad6e-a998-4f0d-7c83-23b7bc70f023">
      <Execution id="28684c0e-fe47-454f-a13b-619daf890601" />
      <TestMethod codeBase="C:\Projekty\NUnitTestProject\bin\Debug\netcoreapp3.1\NUnitTestProject.dll" adapterTypeName="executor://nunit3testexecutor/" className="NUnitTestProject.CurrencyHelperTests" name="FormatToStringTest1000(46803.36433423374d,&quot;46803.36 zł&quot;)" />
    </UnitTest>
    <UnitTest name="FormatToStringTest1000(10397.404523554447d,&quot;10397.40 zł&quot;)" storage="c:\projekty\nunittestproject\bin\debug\netcoreapp3.1\nunittestproject.dll" id="74db41bd-054e-abff-59c5-f7d3ecdafbd4">
      <Execution id="630223b2-e5d4-4d2b-a213-c59a7ab4d3c2" />
      <TestMethod codeBase="C:\Projekty\NUnitTestProject\bin\Debug\netcoreapp3.1\NUnitTestProject.dll" adapterTypeName="executor://nunit3testexecutor/" className="NUnitTestProject.CurrencyHelperTests" name="FormatToStringTest1000(10397.404523554447d,&quot;10397.40 zł&quot;)" />
    </UnitTest>
    <UnitTest name="FormatToStringTest1000(6890.028458985514d,&quot;6890.03 zł&quot;)" storage="c:\projekty\nunittestproject\bin\debug\netcoreapp3.1\nunittestproject.dll" id="1476985a-ce79-252c-fc82-6cfb05e64152">
      <Execution id="8034497b-ef8c-40aa-abbb-eddc946d1164" />
      <TestMethod codeBase="C:\Projekty\NUnitTestProject\bin\Debug\netcoreapp3.1\NUnitTestProject.dll" adapterTypeName="executor://nunit3testexecutor/" className="NUnitTestProject.CurrencyHelperTests" name="FormatToStringTest1000(6890.028458985514d,&quot;6890.03 zł&quot;)" />
    </UnitTest>
    <UnitTest name="FormatToStringTest1000(65204.90483536055d,&quot;65204.90 zł&quot;)" storage="c:\projekty\nunittestproject\bin\debug\netcoreapp3.1\nunittestproject.dll" id="04eed3c3-572e-20dc-ebe7-5f007fb379ab">
      <Execution id="df033120-4267-42f5-895f-03ce2651585e" />
      <TestMethod codeBase="C:\Projekty\NUnitTestProject\bin\Debug\netcoreapp3.1\NUnitTestProject.dll" adapterTypeName="executor://nunit3testexecutor/" className="NUnitTestProject.CurrencyHelperTests" name="FormatToStringTest1000(65204.90483536055d,&quot;65204.90 zł&quot;)" />
    </UnitTest>
    <UnitTest name="FormatToStringTest1000(14910.573044539697d,&quot;14910.57 zł&quot;)" storage="c:\projekty\nunittestproject\bin\debug\netcoreapp3.1\nunittestproject.dll" id="cb302138-e270-3017-57fb-1fe538b37f25">
      <Execution id="6b11b168-1a00-41b1-b837-89611546fce1" />
      <TestMethod codeBase="C:\Projekty\NUnitTestProject\bin\Debug\netcoreapp3.1\NUnitTestProject.dll" adapterTypeName="executor://nunit3testexecutor/" className="NUnitTestProject.CurrencyHelperTests" name="FormatToStringTest1000(14910.573044539697d,&quot;14910.57 zł&quot;)" />
    </UnitTest>
    <UnitTest name="FormatToStringTest1000(17953.338243749615d,&quot;17953.34 zł&quot;)" storage="c:\projekty\nunittestproject\bin\debug\netcoreapp3.1\nunittestproject.dll" id="6700c77f-a72c-833c-b2d9-a0d02a9534be">
      <Execution id="ffc0ff35-b2d8-4468-aff8-dea0b22ed956" />
      <TestMethod codeBase="C:\Projekty\NUnitTestProject\bin\Debug\netcoreapp3.1\NUnitTestProject.dll" adapterTypeName="executor://nunit3testexecutor/" className="NUnitTestProject.CurrencyHelperTests" name="FormatToStringTest1000(17953.338243749615d,&quot;17953.34 zł&quot;)" />
    </UnitTest>
    <UnitTest name="FormatToStringTest1000(35714.78133482243d,&quot;35714.78 zł&quot;)" storage="c:\projekty\nunittestproject\bin\debug\netcoreapp3.1\nunittestproject.dll" id="e3333616-70b0-385e-063b-ec83b99dd0ba">
      <Execution id="edaa79af-ec58-423e-9c85-46765221de2a" />
      <TestMethod codeBase="C:\Projekty\NUnitTestProject\bin\Debug\netcoreapp3.1\NUnitTestProject.dll" adapterTypeName="executor://nunit3testexecutor/" className="NUnitTestProject.CurrencyHelperTests" name="FormatToStringTest1000(35714.78133482243d,&quot;35714.78 zł&quot;)" />
    </UnitTest>
    <UnitTest name="FormatToStringTest1000(38845.74924104323d,&quot;38845.75 zł&quot;)" storage="c:\projekty\nunittestproject\bin\debug\netcoreapp3.1\nunittestproject.dll" id="5fa0a4c4-15f2-a193-6e7e-18d36636da1f">
      <Execution id="d1142ea1-0b7d-4a3d-a068-846fbfa32d65" />
      <TestMethod codeBase="C:\Projekty\NUnitTestProject\bin\Debug\netcoreapp3.1\NUnitTestProject.dll" adapterTypeName="executor://nunit3testexecutor/" className="NUnitTestProject.CurrencyHelperTests" name="FormatToStringTest1000(38845.74924104323d,&quot;38845.75 zł&quot;)" />
    </UnitTest>
    <UnitTest name="FormatToStringTest1000(10775.728533390784d,&quot;10775.73 zł&quot;)" storage="c:\projekty\nunittestproject\bin\debug\netcoreapp3.1\nunittestproject.dll" id="0229b587-f980-d1c2-d94e-8ed98bc221a6">
      <Execution id="dadf96f7-3091-441f-821a-6347b27022c6" />
      <TestMethod codeBase="C:\Projekty\NUnitTestProject\bin\Debug\netcoreapp3.1\NUnitTestProject.dll" adapterTypeName="executor://nunit3testexecutor/" className="NUnitTestProject.CurrencyHelperTests" name="FormatToStringTest1000(10775.728533390784d,&quot;10775.73 zł&quot;)" />
    </UnitTest>
    <UnitTest name="FormatToStringTest1000(18023.78504577455d,&quot;18023.79 zł&quot;)" storage="c:\projekty\nunittestproject\bin\debug\netcoreapp3.1\nunittestproject.dll" id="e2ca2857-33e4-4daa-d2e9-09d09dfdba1f">
      <Execution id="36091528-c3bf-4176-9a72-386ba8bbf279" />
      <TestMethod codeBase="C:\Projekty\NUnitTestProject\bin\Debug\netcoreapp3.1\NUnitTestProject.dll" adapterTypeName="executor://nunit3testexecutor/" className="NUnitTestProject.CurrencyHelperTests" name="FormatToStringTest1000(18023.78504577455d,&quot;18023.79 zł&quot;)" />
    </UnitTest>
    <UnitTest name="FormatToStringTest1000(35967.54466809684d,&quot;35967.54 zł&quot;)" storage="c:\projekty\nunittestproject\bin\debug\netcoreapp3.1\nunittestproject.dll" id="a4d82a7a-0101-77be-aadf-7ad891442135">
      <Execution id="f9326993-2b6f-499c-82b0-4f02450edcc2" />
      <TestMethod codeBase="C:\Projekty\NUnitTestProject\bin\Debug\netcoreapp3.1\NUnitTestProject.dll" adapterTypeName="executor://nunit3testexecutor/" className="NUnitTestProject.CurrencyHelperTests" name="FormatToStringTest1000(35967.54466809684d,&quot;35967.54 zł&quot;)" />
    </UnitTest>
    <UnitTest name="FormatToStringTest1000(35784.54232617307d,&quot;35784.54 zł&quot;)" storage="c:\projekty\nunittestproject\bin\debug\netcoreapp3.1\nunittestproject.dll" id="e0c95d42-cf00-fbc7-42ac-a320fc125b1e">
      <Execution id="2a165e80-b6ba-42b0-b299-dfa84318430b" />
      <TestMethod codeBase="C:\Projekty\NUnitTestProject\bin\Debug\netcoreapp3.1\NUnitTestProject.dll" adapterTypeName="executor://nunit3testexecutor/" className="NUnitTestProject.CurrencyHelperTests" name="FormatToStringTest1000(35784.54232617307d,&quot;35784.54 zł&quot;)" />
    </UnitTest>
    <UnitTest name="FormatToStringTest1000(14198.39903067723d,&quot;14198.40 zł&quot;)" storage="c:\projekty\nunittestproject\bin\debug\netcoreapp3.1\nunittestproject.dll" id="32b6919d-1fc0-c669-26d4-2a969f5a55fe">
      <Execution id="8c1bb19b-ce91-4d5c-8f28-306ad23e4563" />
      <TestMethod codeBase="C:\Projekty\NUnitTestProject\bin\Debug\netcoreapp3.1\NUnitTestProject.dll" adapterTypeName="executor://nunit3testexecutor/" className="NUnitTestProject.CurrencyHelperTests" name="FormatToStringTest1000(14198.39903067723d,&quot;14198.40 zł&quot;)" />
    </UnitTest>
    <UnitTest name="FormatToStringTest1000(64568.131500027666d,&quot;64568.13 zł&quot;)" storage="c:\projekty\nunittestproject\bin\debug\netcoreapp3.1\nunittestproject.dll" id="29ce62dc-57a0-98b0-2349-436efa39dc09">
      <Execution id="0530c469-7afb-4faa-8088-f9cb553c21ee" />
      <TestMethod codeBase="C:\Projekty\NUnitTestProject\bin\Debug\netcoreapp3.1\NUnitTestProject.dll" adapterTypeName="executor://nunit3testexecutor/" className="NUnitTestProject.CurrencyHelperTests" name="FormatToStringTest1000(64568.131500027666d,&quot;64568.13 zł&quot;)" />
    </UnitTest>
    <UnitTest name="FormatToStringTest1000(37387.37521261972d,&quot;37387.38 zł&quot;)" storage="c:\projekty\nunittestproject\bin\debug\netcoreapp3.1\nunittestproject.dll" id="0f34bf53-f1cd-8615-6e75-51f26224ccf1">
      <Execution id="56e0eaf1-d32f-40bd-8049-f37c9e4ae86b" />
      <TestMethod codeBase="C:\Projekty\NUnitTestProject\bin\Debug\netcoreapp3.1\NUnitTestProject.dll" adapterTypeName="executor://nunit3testexecutor/" className="NUnitTestProject.CurrencyHelperTests" name="FormatToStringTest1000(37387.37521261972d,&quot;37387.38 zł&quot;)" />
    </UnitTest>
    <UnitTest name="FormatToStringTest1000(72905.64834432845d,&quot;72905.65 zł&quot;)" storage="c:\projekty\nunittestproject\bin\debug\netcoreapp3.1\nunittestproject.dll" id="546fc2ea-9df5-50bd-d263-31b0a2faf8aa">
      <Execution id="16985bb1-ce28-4c19-9b81-5145896cf3d5" />
      <TestMethod codeBase="C:\Projekty\NUnitTestProject\bin\Debug\netcoreapp3.1\NUnitTestProject.dll" adapterTypeName="executor://nunit3testexecutor/" className="NUnitTestProject.CurrencyHelperTests" name="FormatToStringTest1000(72905.64834432845d,&quot;72905.65 zł&quot;)" />
    </UnitTest>
    <UnitTest name="FormatToStringTest1000(7191.024921368353d,&quot;7191.02 zł&quot;)" storage="c:\projekty\nunittestproject\bin\debug\netcoreapp3.1\nunittestproject.dll" id="57f59a31-3f22-a5b8-69d7-45e7719f3ea1">
      <Execution id="0af4362a-5880-489b-a8e9-e1e79f6bf5ed" />
      <TestMethod codeBase="C:\Projekty\NUnitTestProject\bin\Debug\netcoreapp3.1\NUnitTestProject.dll" adapterTypeName="executor://nunit3testexecutor/" className="NUnitTestProject.CurrencyHelperTests" name="FormatToStringTest1000(7191.024921368353d,&quot;7191.02 zł&quot;)" />
    </UnitTest>
    <UnitTest name="FormatToStringTest1000(6262.373413993219d,&quot;6262.37 zł&quot;)" storage="c:\projekty\nunittestproject\bin\debug\netcoreapp3.1\nunittestproject.dll" id="2287085c-f0e1-b4ec-fa14-c4512658a9fe">
      <Execution id="07332c69-9b69-4f98-8d7d-e3d4b15dbe24" />
      <TestMethod codeBase="C:\Projekty\NUnitTestProject\bin\Debug\netcoreapp3.1\NUnitTestProject.dll" adapterTypeName="executor://nunit3testexecutor/" className="NUnitTestProject.CurrencyHelperTests" name="FormatToStringTest1000(6262.373413993219d,&quot;6262.37 zł&quot;)" />
    </UnitTest>
    <UnitTest name="FormatToStringTest1000(5591.2222540617095d,&quot;5591.22 zł&quot;)" storage="c:\projekty\nunittestproject\bin\debug\netcoreapp3.1\nunittestproject.dll" id="4dcd9f65-678f-d51c-9e07-bf80dcaf54a4">
      <Execution id="b4baff2e-19fd-467b-b585-a38fbf255a27" />
      <TestMethod codeBase="C:\Projekty\NUnitTestProject\bin\Debug\netcoreapp3.1\NUnitTestProject.dll" adapterTypeName="executor://nunit3testexecutor/" className="NUnitTestProject.CurrencyHelperTests" name="FormatToStringTest1000(5591.2222540617095d,&quot;5591.22 zł&quot;)" />
    </UnitTest>
    <UnitTest name="FormatToStringTest1000(31290.71396233687d,&quot;31290.71 zł&quot;)" storage="c:\projekty\nunittestproject\bin\debug\netcoreapp3.1\nunittestproject.dll" id="80343684-0ab4-f75e-30e6-62b08568fe03">
      <Execution id="4fe43e37-57e7-43a8-b1da-083832224b37" />
      <TestMethod codeBase="C:\Projekty\NUnitTestProject\bin\Debug\netcoreapp3.1\NUnitTestProject.dll" adapterTypeName="executor://nunit3testexecutor/" className="NUnitTestProject.CurrencyHelperTests" name="FormatToStringTest1000(31290.71396233687d,&quot;31290.71 zł&quot;)" />
    </UnitTest>
    <UnitTest name="FormatToStringTest1000(76536.95853396178d,&quot;76536.96 zł&quot;)" storage="c:\projekty\nunittestproject\bin\debug\netcoreapp3.1\nunittestproject.dll" id="94072497-fa43-aca0-8f05-792ac28d0627">
      <Execution id="4ba8ac49-4cc6-4c7c-a4a2-cff767cd42bc" />
      <TestMethod codeBase="C:\Projekty\NUnitTestProject\bin\Debug\netcoreapp3.1\NUnitTestProject.dll" adapterTypeName="executor://nunit3testexecutor/" className="NUnitTestProject.CurrencyHelperTests" name="FormatToStringTest1000(76536.95853396178d,&quot;76536.96 zł&quot;)" />
    </UnitTest>
    <UnitTest name="FormatToStringTest1000(801.5720517614726d,&quot;801.57 zł&quot;)" storage="c:\projekty\nunittestproject\bin\debug\netcoreapp3.1\nunittestproject.dll" id="6a5dc4fe-eaa1-ef57-2e33-6170c4a0ea22">
      <Execution id="436a87da-b36f-4981-9d56-8ffd3fd6b73e" />
      <TestMethod codeBase="C:\Projekty\NUnitTestProject\bin\Debug\netcoreapp3.1\NUnitTestProject.dll" adapterTypeName="executor://nunit3testexecutor/" className="NUnitTestProject.CurrencyHelperTests" name="FormatToStringTest1000(801.5720517614726d,&quot;801.57 zł&quot;)" />
    </UnitTest>
    <UnitTest name="FormatToStringTest1000(53192.79032742269d,&quot;53192.79 zł&quot;)" storage="c:\projekty\nunittestproject\bin\debug\netcoreapp3.1\nunittestproject.dll" id="860765f6-59d4-c798-166f-19857f828734">
      <Execution id="77e99428-da79-44bb-84f2-caa9744a3123" />
      <TestMethod codeBase="C:\Projekty\NUnitTestProject\bin\Debug\netcoreapp3.1\NUnitTestProject.dll" adapterTypeName="executor://nunit3testexecutor/" className="NUnitTestProject.CurrencyHelperTests" name="FormatToStringTest1000(53192.79032742269d,&quot;53192.79 zł&quot;)" />
    </UnitTest>
    <UnitTest name="FormatToStringTest1000(5759.256266560991d,&quot;5759.26 zł&quot;)" storage="c:\projekty\nunittestproject\bin\debug\netcoreapp3.1\nunittestproject.dll" id="6b24d61a-9019-1031-1c97-d03508d4eb29">
      <Execution id="3fd89812-d138-4d21-9fe3-c4907a3bc02e" />
      <TestMethod codeBase="C:\Projekty\NUnitTestProject\bin\Debug\netcoreapp3.1\NUnitTestProject.dll" adapterTypeName="executor://nunit3testexecutor/" className="NUnitTestProject.CurrencyHelperTests" name="FormatToStringTest1000(5759.256266560991d,&quot;5759.26 zł&quot;)" />
    </UnitTest>
    <UnitTest name="FormatToStringTest1000(8644.187977380207d,&quot;8644.19 zł&quot;)" storage="c:\projekty\nunittestproject\bin\debug\netcoreapp3.1\nunittestproject.dll" id="bbb038e9-9a9b-9724-0ae6-d339784c9041">
      <Execution id="55032992-426d-4ef1-9d34-19ee121408b9" />
      <TestMethod codeBase="C:\Projekty\NUnitTestProject\bin\Debug\netcoreapp3.1\NUnitTestProject.dll" adapterTypeName="executor://nunit3testexecutor/" className="NUnitTestProject.CurrencyHelperTests" name="FormatToStringTest1000(8644.187977380207d,&quot;8644.19 zł&quot;)" />
    </UnitTest>
    <UnitTest name="FormatToStringTest1000(4592.278577496428d,&quot;4592.28 zł&quot;)" storage="c:\projekty\nunittestproject\bin\debug\netcoreapp3.1\nunittestproject.dll" id="910d4b99-463d-e8f2-2603-a8f7093fc7cf">
      <Execution id="e49c027a-77d4-45fd-8009-3a2b5cb80df8" />
      <TestMethod codeBase="C:\Projekty\NUnitTestProject\bin\Debug\netcoreapp3.1\NUnitTestProject.dll" adapterTypeName="executor://nunit3testexecutor/" className="NUnitTestProject.CurrencyHelperTests" name="FormatToStringTest1000(4592.278577496428d,&quot;4592.28 zł&quot;)" />
    </UnitTest>
    <UnitTest name="FormatToStringTest1000(39146.635743126564d,&quot;39146.64 zł&quot;)" storage="c:\projekty\nunittestproject\bin\debug\netcoreapp3.1\nunittestproject.dll" id="d9e9b57c-4387-840e-e497-cce329a0c03e">
      <Execution id="77fde189-a051-45d0-b9b1-df6578fd2a5f" />
      <TestMethod codeBase="C:\Projekty\NUnitTestProject\bin\Debug\netcoreapp3.1\NUnitTestProject.dll" adapterTypeName="executor://nunit3testexecutor/" className="NUnitTestProject.CurrencyHelperTests" name="FormatToStringTest1000(39146.635743126564d,&quot;39146.64 zł&quot;)" />
    </UnitTest>
    <UnitTest name="FormatToStringTest1000(45955.903045959254d,&quot;45955.90 zł&quot;)" storage="c:\projekty\nunittestproject\bin\debug\netcoreapp3.1\nunittestproject.dll" id="451fafcd-e358-2a2a-0150-6d7bc1153f41">
      <Execution id="a27b138e-47ac-4508-9d90-53396eddc1a8" />
      <TestMethod codeBase="C:\Projekty\NUnitTestProject\bin\Debug\netcoreapp3.1\NUnitTestProject.dll" adapterTypeName="executor://nunit3testexecutor/" className="NUnitTestProject.CurrencyHelperTests" name="FormatToStringTest1000(45955.903045959254d,&quot;45955.90 zł&quot;)" />
    </UnitTest>
    <UnitTest name="FormatToStringTest1000(22678.643495744862d,&quot;22678.64 zł&quot;)" storage="c:\projekty\nunittestproject\bin\debug\netcoreapp3.1\nunittestproject.dll" id="f06d92cb-e236-f7f9-e645-0971359a129a">
      <Execution id="632b4f64-7f64-4629-b5c0-2aa65eb30d3d" />
      <TestMethod codeBase="C:\Projekty\NUnitTestProject\bin\Debug\netcoreapp3.1\NUnitTestProject.dll" adapterTypeName="executor://nunit3testexecutor/" className="NUnitTestProject.CurrencyHelperTests" name="FormatToStringTest1000(22678.643495744862d,&quot;22678.64 zł&quot;)" />
    </UnitTest>
    <UnitTest name="FormatToStringTest1000(37954.34384365396d,&quot;37954.34 zł&quot;)" storage="c:\projekty\nunittestproject\bin\debug\netcoreapp3.1\nunittestproject.dll" id="c02eb5c0-31bb-eec0-3d85-1a1ef8849db8">
      <Execution id="213d569f-9c6a-443e-bc5e-06e1472178c5" />
      <TestMethod codeBase="C:\Projekty\NUnitTestProject\bin\Debug\netcoreapp3.1\NUnitTestProject.dll" adapterTypeName="executor://nunit3testexecutor/" className="NUnitTestProject.CurrencyHelperTests" name="FormatToStringTest1000(37954.34384365396d,&quot;37954.34 zł&quot;)" />
    </UnitTest>
    <UnitTest name="FormatToStringTest1000(44677.61946778074d,&quot;44677.62 zł&quot;)" storage="c:\projekty\nunittestproject\bin\debug\netcoreapp3.1\nunittestproject.dll" id="be4aa60a-fec3-fdce-8c70-46ec82a2fec7">
      <Execution id="72bc510f-c39f-4630-8bdd-766a9af0f056" />
      <TestMethod codeBase="C:\Projekty\NUnitTestProject\bin\Debug\netcoreapp3.1\NUnitTestProject.dll" adapterTypeName="executor://nunit3testexecutor/" className="NUnitTestProject.CurrencyHelperTests" name="FormatToStringTest1000(44677.61946778074d,&quot;44677.62 zł&quot;)" />
    </UnitTest>
    <UnitTest name="FormatToStringTest1000(18340.8953197882d,&quot;18340.90 zł&quot;)" storage="c:\projekty\nunittestproject\bin\debug\netcoreapp3.1\nunittestproject.dll" id="60069e17-108f-01fb-2153-e152b9205025">
      <Execution id="f98237a4-d04a-4639-af6b-2de7cbd08cdf" />
      <TestMethod codeBase="C:\Projekty\NUnitTestProject\bin\Debug\netcoreapp3.1\NUnitTestProject.dll" adapterTypeName="executor://nunit3testexecutor/" className="NUnitTestProject.CurrencyHelperTests" name="FormatToStringTest1000(18340.8953197882d,&quot;18340.90 zł&quot;)" />
    </UnitTest>
    <UnitTest name="FormatToStringTest1000(62975.496334776515d,&quot;62975.50 zł&quot;)" storage="c:\projekty\nunittestproject\bin\debug\netcoreapp3.1\nunittestproject.dll" id="af9ae316-c7c6-6ac6-11c1-298dd9b256df">
      <Execution id="eccd1f91-3d5c-480b-8e20-c4831304f0ff" />
      <TestMethod codeBase="C:\Projekty\NUnitTestProject\bin\Debug\netcoreapp3.1\NUnitTestProject.dll" adapterTypeName="executor://nunit3testexecutor/" className="NUnitTestProject.CurrencyHelperTests" name="FormatToStringTest1000(62975.496334776515d,&quot;62975.50 zł&quot;)" />
    </UnitTest>
    <UnitTest name="FormatToStringTest1000(16688.70569393677d,&quot;16688.71 zł&quot;)" storage="c:\projekty\nunittestproject\bin\debug\netcoreapp3.1\nunittestproject.dll" id="cb85c450-02e3-5db9-b93c-f905351c1d09">
      <Execution id="e46eacb6-eb25-4409-a334-92b4cc6e6be7" />
      <TestMethod codeBase="C:\Projekty\NUnitTestProject\bin\Debug\netcoreapp3.1\NUnitTestProject.dll" adapterTypeName="executor://nunit3testexecutor/" className="NUnitTestProject.CurrencyHelperTests" name="FormatToStringTest1000(16688.70569393677d,&quot;16688.71 zł&quot;)" />
    </UnitTest>
    <UnitTest name="FormatToStringTest1000(75987.03378503352d,&quot;75987.03 zł&quot;)" storage="c:\projekty\nunittestproject\bin\debug\netcoreapp3.1\nunittestproject.dll" id="85025e54-3d28-2e1a-ba9d-a38988743c83">
      <Execution id="10cd87b7-feac-4276-a2f6-ba0282f4b80f" />
      <TestMethod codeBase="C:\Projekty\NUnitTestProject\bin\Debug\netcoreapp3.1\NUnitTestProject.dll" adapterTypeName="executor://nunit3testexecutor/" className="NUnitTestProject.CurrencyHelperTests" name="FormatToStringTest1000(75987.03378503352d,&quot;75987.03 zł&quot;)" />
    </UnitTest>
    <UnitTest name="FormatToStringTest1000(7182.939759099362d,&quot;7182.94 zł&quot;)" storage="c:\projekty\nunittestproject\bin\debug\netcoreapp3.1\nunittestproject.dll" id="092c2603-fe15-2655-d7c6-015786763712">
      <Execution id="c3dfeb85-c413-4c40-94c2-8d4cd2a49259" />
      <TestMethod codeBase="C:\Projekty\NUnitTestProject\bin\Debug\netcoreapp3.1\NUnitTestProject.dll" adapterTypeName="executor://nunit3testexecutor/" className="NUnitTestProject.CurrencyHelperTests" name="FormatToStringTest1000(7182.939759099362d,&quot;7182.94 zł&quot;)" />
    </UnitTest>
    <UnitTest name="FormatToStringTest1000(12283.48626129026d,&quot;12283.49 zł&quot;)" storage="c:\projekty\nunittestproject\bin\debug\netcoreapp3.1\nunittestproject.dll" id="47ec5c64-268b-824f-d637-17f43470b17c">
      <Execution id="7e54823a-e06d-4dfa-9eec-f0c38953f5f0" />
      <TestMethod codeBase="C:\Projekty\NUnitTestProject\bin\Debug\netcoreapp3.1\NUnitTestProject.dll" adapterTypeName="executor://nunit3testexecutor/" className="NUnitTestProject.CurrencyHelperTests" name="FormatToStringTest1000(12283.48626129026d,&quot;12283.49 zł&quot;)" />
    </UnitTest>
    <UnitTest name="FormatToStringTest1000(58902.704109088845d,&quot;58902.70 zł&quot;)" storage="c:\projekty\nunittestproject\bin\debug\netcoreapp3.1\nunittestproject.dll" id="d6353a5c-aebf-48c3-7e68-77f3a0ea8301">
      <Execution id="930d32a6-9f78-4225-a62e-fb6fb7291c49" />
      <TestMethod codeBase="C:\Projekty\NUnitTestProject\bin\Debug\netcoreapp3.1\NUnitTestProject.dll" adapterTypeName="executor://nunit3testexecutor/" className="NUnitTestProject.CurrencyHelperTests" name="FormatToStringTest1000(58902.704109088845d,&quot;58902.70 zł&quot;)" />
    </UnitTest>
    <UnitTest name="FormatToStringTest1000(13197.65136269417d,&quot;13197.65 zł&quot;)" storage="c:\projekty\nunittestproject\bin\debug\netcoreapp3.1\nunittestproject.dll" id="fbe41254-a5bc-bdde-4d71-8c5eb07a0fb3">
      <Execution id="cc17c193-e036-4a1a-b6bb-3db14aea1ddb" />
      <TestMethod codeBase="C:\Projekty\NUnitTestProject\bin\Debug\netcoreapp3.1\NUnitTestProject.dll" adapterTypeName="executor://nunit3testexecutor/" className="NUnitTestProject.CurrencyHelperTests" name="FormatToStringTest1000(13197.65136269417d,&quot;13197.65 zł&quot;)" />
    </UnitTest>
    <UnitTest name="FormatToStringTest1000(26220.382477706476d,&quot;26220.38 zł&quot;)" storage="c:\projekty\nunittestproject\bin\debug\netcoreapp3.1\nunittestproject.dll" id="b54d2807-218d-96e0-fe0e-06e67796eaa7">
      <Execution id="8540ce39-fa28-4708-9c0a-ee72fcd3d083" />
      <TestMethod codeBase="C:\Projekty\NUnitTestProject\bin\Debug\netcoreapp3.1\NUnitTestProject.dll" adapterTypeName="executor://nunit3testexecutor/" className="NUnitTestProject.CurrencyHelperTests" name="FormatToStringTest1000(26220.382477706476d,&quot;26220.38 zł&quot;)" />
    </UnitTest>
    <UnitTest name="FormatToStringTest1000(7592.950837113406d,&quot;7592.95 zł&quot;)" storage="c:\projekty\nunittestproject\bin\debug\netcoreapp3.1\nunittestproject.dll" id="21f5ba92-f354-bb76-94e2-2214000ea5b9">
      <Execution id="8923edba-3b42-4546-8339-c837725a45b2" />
      <TestMethod codeBase="C:\Projekty\NUnitTestProject\bin\Debug\netcoreapp3.1\NUnitTestProject.dll" adapterTypeName="executor://nunit3testexecutor/" className="NUnitTestProject.CurrencyHelperTests" name="FormatToStringTest1000(7592.950837113406d,&quot;7592.95 zł&quot;)" />
    </UnitTest>
    <UnitTest name="FormatToStringTest1000(46391.661094229516d,&quot;46391.66 zł&quot;)" storage="c:\projekty\nunittestproject\bin\debug\netcoreapp3.1\nunittestproject.dll" id="752f584a-0205-5811-1575-29e94681480b">
      <Execution id="4a7042bc-b010-428b-96a1-242f0d24ecf5" />
      <TestMethod codeBase="C:\Projekty\NUnitTestProject\bin\Debug\netcoreapp3.1\NUnitTestProject.dll" adapterTypeName="executor://nunit3testexecutor/" className="NUnitTestProject.CurrencyHelperTests" name="FormatToStringTest1000(46391.661094229516d,&quot;46391.66 zł&quot;)" />
    </UnitTest>
    <UnitTest name="FormatToStringTest1000(38961.459057294516d,&quot;38961.46 zł&quot;)" storage="c:\projekty\nunittestproject\bin\debug\netcoreapp3.1\nunittestproject.dll" id="e4a60893-7e5b-dc4d-fd91-d28f1c9b83a3">
      <Execution id="ba7f843a-017d-4e2e-9654-ba9c5bcde6e8" />
      <TestMethod codeBase="C:\Projekty\NUnitTestProject\bin\Debug\netcoreapp3.1\NUnitTestProject.dll" adapterTypeName="executor://nunit3testexecutor/" className="NUnitTestProject.CurrencyHelperTests" name="FormatToStringTest1000(38961.459057294516d,&quot;38961.46 zł&quot;)" />
    </UnitTest>
    <UnitTest name="FormatToStringTest1000(56373.35086238494d,&quot;56373.35 zł&quot;)" storage="c:\projekty\nunittestproject\bin\debug\netcoreapp3.1\nunittestproject.dll" id="9c484d5b-265a-2c6e-537b-f37cd91a7473">
      <Execution id="c8a256b1-20b5-4daa-ae2b-00663c67625a" />
      <TestMethod codeBase="C:\Projekty\NUnitTestProject\bin\Debug\netcoreapp3.1\NUnitTestProject.dll" adapterTypeName="executor://nunit3testexecutor/" className="NUnitTestProject.CurrencyHelperTests" name="FormatToStringTest1000(56373.35086238494d,&quot;56373.35 zł&quot;)" />
    </UnitTest>
    <UnitTest name="FormatToStringTest1000(70581.91150977784d,&quot;70581.91 zł&quot;)" storage="c:\projekty\nunittestproject\bin\debug\netcoreapp3.1\nunittestproject.dll" id="8d4b1df1-395e-a801-f732-9563464d225f">
      <Execution id="b0bb18e4-5468-4708-902c-782b46227bd1" />
      <TestMethod codeBase="C:\Projekty\NUnitTestProject\bin\Debug\netcoreapp3.1\NUnitTestProject.dll" adapterTypeName="executor://nunit3testexecutor/" className="NUnitTestProject.CurrencyHelperTests" name="FormatToStringTest1000(70581.91150977784d,&quot;70581.91 zł&quot;)" />
    </UnitTest>
    <UnitTest name="FormatToStringTest1000(13027.93935961739d,&quot;13027.94 zł&quot;)" storage="c:\projekty\nunittestproject\bin\debug\netcoreapp3.1\nunittestproject.dll" id="0e73995d-338f-84a3-7662-4ba2ece68a21">
      <Execution id="26db3fc5-b67d-4f1a-80df-a43e1fae5e18" />
      <TestMethod codeBase="C:\Projekty\NUnitTestProject\bin\Debug\netcoreapp3.1\NUnitTestProject.dll" adapterTypeName="executor://nunit3testexecutor/" className="NUnitTestProject.CurrencyHelperTests" name="FormatToStringTest1000(13027.93935961739d,&quot;13027.94 zł&quot;)" />
    </UnitTest>
    <UnitTest name="FormatToStringTest1000(63427.55325689332d,&quot;63427.55 zł&quot;)" storage="c:\projekty\nunittestproject\bin\debug\netcoreapp3.1\nunittestproject.dll" id="29658493-3081-01dd-eb7c-6d0a97eef1f2">
      <Execution id="95015946-5fb8-46bc-8ed3-227160d8771f" />
      <TestMethod codeBase="C:\Projekty\NUnitTestProject\bin\Debug\netcoreapp3.1\NUnitTestProject.dll" adapterTypeName="executor://nunit3testexecutor/" className="NUnitTestProject.CurrencyHelperTests" name="FormatToStringTest1000(63427.55325689332d,&quot;63427.55 zł&quot;)" />
    </UnitTest>
    <UnitTest name="FormatToStringTest1000(26015.8311952552d,&quot;26015.83 zł&quot;)" storage="c:\projekty\nunittestproject\bin\debug\netcoreapp3.1\nunittestproject.dll" id="8d9adc97-9f99-5fc5-0cdb-932a51aaf028">
      <Execution id="f87a9127-5cf7-43de-a23c-5c9fd4081b74" />
      <TestMethod codeBase="C:\Projekty\NUnitTestProject\bin\Debug\netcoreapp3.1\NUnitTestProject.dll" adapterTypeName="executor://nunit3testexecutor/" className="NUnitTestProject.CurrencyHelperTests" name="FormatToStringTest1000(26015.8311952552d,&quot;26015.83 zł&quot;)" />
    </UnitTest>
    <UnitTest name="FormatToStringTest1000(11904.111251175456d,&quot;11904.11 zł&quot;)" storage="c:\projekty\nunittestproject\bin\debug\netcoreapp3.1\nunittestproject.dll" id="8f06716c-c7ff-1247-d243-6eeb705848f7">
      <Execution id="40d06bf6-c2c8-47e7-836d-8f22dd82fe14" />
      <TestMethod codeBase="C:\Projekty\NUnitTestProject\bin\Debug\netcoreapp3.1\NUnitTestProject.dll" adapterTypeName="executor://nunit3testexecutor/" className="NUnitTestProject.CurrencyHelperTests" name="FormatToStringTest1000(11904.111251175456d,&quot;11904.11 zł&quot;)" />
    </UnitTest>
    <UnitTest name="FormatToStringTest1000(8542.520616738833d,&quot;8542.52 zł&quot;)" storage="c:\projekty\nunittestproject\bin\debug\netcoreapp3.1\nunittestproject.dll" id="6b324d3b-5796-c056-8636-0eb49b18ead5">
      <Execution id="0c4c43cc-81ac-4b29-88cd-30886f5e8e7e" />
      <TestMethod codeBase="C:\Projekty\NUnitTestProject\bin\Debug\netcoreapp3.1\NUnitTestProject.dll" adapterTypeName="executor://nunit3testexecutor/" className="NUnitTestProject.CurrencyHelperTests" name="FormatToStringTest1000(8542.520616738833d,&quot;8542.52 zł&quot;)" />
    </UnitTest>
    <UnitTest name="FormatToStringTest1000(782.6578288817116d,&quot;782.66 zł&quot;)" storage="c:\projekty\nunittestproject\bin\debug\netcoreapp3.1\nunittestproject.dll" id="3c694193-6244-2822-1520-285efe4d3761">
      <Execution id="628228e1-64de-4e00-b0a5-d00b6353e439" />
      <TestMethod codeBase="C:\Projekty\NUnitTestProject\bin\Debug\netcoreapp3.1\NUnitTestProject.dll" adapterTypeName="executor://nunit3testexecutor/" className="NUnitTestProject.CurrencyHelperTests" name="FormatToStringTest1000(782.6578288817116d,&quot;782.66 zł&quot;)" />
    </UnitTest>
    <UnitTest name="FormatToStringTest1000(7124.979180760672d,&quot;7124.98 zł&quot;)" storage="c:\projekty\nunittestproject\bin\debug\netcoreapp3.1\nunittestproject.dll" id="0edcab43-1e4a-6ea7-7c7b-b02803f7c8b9">
      <Execution id="f1207093-39ae-4ca5-a13f-8196c508c14d" />
      <TestMethod codeBase="C:\Projekty\NUnitTestProject\bin\Debug\netcoreapp3.1\NUnitTestProject.dll" adapterTypeName="executor://nunit3testexecutor/" className="NUnitTestProject.CurrencyHelperTests" name="FormatToStringTest1000(7124.979180760672d,&quot;7124.98 zł&quot;)" />
    </UnitTest>
    <UnitTest name="FormatToStringTest1000(13286.856387228174d,&quot;13286.86 zł&quot;)" storage="c:\projekty\nunittestproject\bin\debug\netcoreapp3.1\nunittestproject.dll" id="9a621664-b485-1b19-02d4-7ca92799a60b">
      <Execution id="640de988-42ee-45bb-b793-407ec3fb2d25" />
      <TestMethod codeBase="C:\Projekty\NUnitTestProject\bin\Debug\netcoreapp3.1\NUnitTestProject.dll" adapterTypeName="executor://nunit3testexecutor/" className="NUnitTestProject.CurrencyHelperTests" name="FormatToStringTest1000(13286.856387228174d,&quot;13286.86 zł&quot;)" />
    </UnitTest>
    <UnitTest name="FormatToStringTest1000(37614.50159416278d,&quot;37614.50 zł&quot;)" storage="c:\projekty\nunittestproject\bin\debug\netcoreapp3.1\nunittestproject.dll" id="d70b3095-42f0-132e-cf11-a2a412d875fc">
      <Execution id="7f0ca4f0-497b-4efd-a960-55b2005a2148" />
      <TestMethod codeBase="C:\Projekty\NUnitTestProject\bin\Debug\netcoreapp3.1\NUnitTestProject.dll" adapterTypeName="executor://nunit3testexecutor/" className="NUnitTestProject.CurrencyHelperTests" name="FormatToStringTest1000(37614.50159416278d,&quot;37614.50 zł&quot;)" />
    </UnitTest>
    <UnitTest name="FormatToStringTest1000(9603.199987620208d,&quot;9603.20 zł&quot;)" storage="c:\projekty\nunittestproject\bin\debug\netcoreapp3.1\nunittestproject.dll" id="a6da1f0c-9d53-8f1b-60d6-c520ee89e7a7">
      <Execution id="21dce824-1046-4223-826d-386e62744a9d" />
      <TestMethod codeBase="C:\Projekty\NUnitTestProject\bin\Debug\netcoreapp3.1\NUnitTestProject.dll" adapterTypeName="executor://nunit3testexecutor/" className="NUnitTestProject.CurrencyHelperTests" name="FormatToStringTest1000(9603.199987620208d,&quot;9603.20 zł&quot;)" />
    </UnitTest>
    <UnitTest name="FormatToStringTest1000(1669.555150571072d,&quot;1669.56 zł&quot;)" storage="c:\projekty\nunittestproject\bin\debug\netcoreapp3.1\nunittestproject.dll" id="9f2dc98f-6aa2-694c-8819-9ccfd93e4fc8">
      <Execution id="4eec1e1d-f7a0-4374-a48c-a40b04de2998" />
      <TestMethod codeBase="C:\Projekty\NUnitTestProject\bin\Debug\netcoreapp3.1\NUnitTestProject.dll" adapterTypeName="executor://nunit3testexecutor/" className="NUnitTestProject.CurrencyHelperTests" name="FormatToStringTest1000(1669.555150571072d,&quot;1669.56 zł&quot;)" />
    </UnitTest>
    <UnitTest name="FormatToStringTest1000(78519.41691976106d,&quot;78519.42 zł&quot;)" storage="c:\projekty\nunittestproject\bin\debug\netcoreapp3.1\nunittestproject.dll" id="56b49f4b-49b4-988e-f563-d6c88928143d">
      <Execution id="8335d596-566c-4d6b-87b9-272fd2eefc3c" />
      <TestMethod codeBase="C:\Projekty\NUnitTestProject\bin\Debug\netcoreapp3.1\NUnitTestProject.dll" adapterTypeName="executor://nunit3testexecutor/" className="NUnitTestProject.CurrencyHelperTests" name="FormatToStringTest1000(78519.41691976106d,&quot;78519.42 zł&quot;)" />
    </UnitTest>
    <UnitTest name="FormatToStringTest1000(95353.10327693219d,&quot;95353.10 zł&quot;)" storage="c:\projekty\nunittestproject\bin\debug\netcoreapp3.1\nunittestproject.dll" id="6a41f5f3-49f1-a289-ed1a-edcf9c86dd3e">
      <Execution id="2e30d965-ce8f-4c6c-b898-e1b80f2a4d27" />
      <TestMethod codeBase="C:\Projekty\NUnitTestProject\bin\Debug\netcoreapp3.1\NUnitTestProject.dll" adapterTypeName="executor://nunit3testexecutor/" className="NUnitTestProject.CurrencyHelperTests" name="FormatToStringTest1000(95353.10327693219d,&quot;95353.10 zł&quot;)" />
    </UnitTest>
    <UnitTest name="FormatToStringTest1000(12370.243090209198d,&quot;12370.24 zł&quot;)" storage="c:\projekty\nunittestproject\bin\debug\netcoreapp3.1\nunittestproject.dll" id="e0081990-e732-207e-ce35-b6f9f879e1b0">
      <Execution id="b06f49f7-1413-4ff9-b987-690e8c041880" />
      <TestMethod codeBase="C:\Projekty\NUnitTestProject\bin\Debug\netcoreapp3.1\NUnitTestProject.dll" adapterTypeName="executor://nunit3testexecutor/" className="NUnitTestProject.CurrencyHelperTests" name="FormatToStringTest1000(12370.243090209198d,&quot;12370.24 zł&quot;)" />
    </UnitTest>
    <UnitTest name="FormatToStringTest1000(45455.14554704127d,&quot;45455.15 zł&quot;)" storage="c:\projekty\nunittestproject\bin\debug\netcoreapp3.1\nunittestproject.dll" id="83a97307-8552-7789-5b14-74a21c8cbcd2">
      <Execution id="09231078-103f-4948-b0eb-a54549994717" />
      <TestMethod codeBase="C:\Projekty\NUnitTestProject\bin\Debug\netcoreapp3.1\NUnitTestProject.dll" adapterTypeName="executor://nunit3testexecutor/" className="NUnitTestProject.CurrencyHelperTests" name="FormatToStringTest1000(45455.14554704127d,&quot;45455.15 zł&quot;)" />
    </UnitTest>
    <UnitTest name="FormatToStringTest1000(13503.943645929892d,&quot;13503.94 zł&quot;)" storage="c:\projekty\nunittestproject\bin\debug\netcoreapp3.1\nunittestproject.dll" id="7d53e131-e454-48a3-7f61-9c807826acb2">
      <Execution id="25beebd4-ca32-4956-bd99-25ff05564671" />
      <TestMethod codeBase="C:\Projekty\NUnitTestProject\bin\Debug\netcoreapp3.1\NUnitTestProject.dll" adapterTypeName="executor://nunit3testexecutor/" className="NUnitTestProject.CurrencyHelperTests" name="FormatToStringTest1000(13503.943645929892d,&quot;13503.94 zł&quot;)" />
    </UnitTest>
    <UnitTest name="FormatToStringTest1000(17252.06220983903d,&quot;17252.06 zł&quot;)" storage="c:\projekty\nunittestproject\bin\debug\netcoreapp3.1\nunittestproject.dll" id="bcaccf95-48bd-f1b0-c691-d2f1e6a4e3bd">
      <Execution id="af0d66d5-2777-4840-bfb7-756137799193" />
      <TestMethod codeBase="C:\Projekty\NUnitTestProject\bin\Debug\netcoreapp3.1\NUnitTestProject.dll" adapterTypeName="executor://nunit3testexecutor/" className="NUnitTestProject.CurrencyHelperTests" name="FormatToStringTest1000(17252.06220983903d,&quot;17252.06 zł&quot;)" />
    </UnitTest>
    <UnitTest name="FormatToStringTest1000(1649.0127968480872d,&quot;1649.01 zł&quot;)" storage="c:\projekty\nunittestproject\bin\debug\netcoreapp3.1\nunittestproject.dll" id="5372d0c3-7454-6ed0-3140-c46dbf17af10">
      <Execution id="94e0db5a-5f06-4c1a-84da-3c64641a201d" />
      <TestMethod codeBase="C:\Projekty\NUnitTestProject\bin\Debug\netcoreapp3.1\NUnitTestProject.dll" adapterTypeName="executor://nunit3testexecutor/" className="NUnitTestProject.CurrencyHelperTests" name="FormatToStringTest1000(1649.0127968480872d,&quot;1649.01 zł&quot;)" />
    </UnitTest>
    <UnitTest name="FormatToStringTest1000(22557.09603308099d,&quot;22557.10 zł&quot;)" storage="c:\projekty\nunittestproject\bin\debug\netcoreapp3.1\nunittestproject.dll" id="80ed38c5-93c8-ab9c-2988-31b35fec47a3">
      <Execution id="c0860787-1c39-4cb2-8a6f-5dd31f44ca56" />
      <TestMethod codeBase="C:\Projekty\NUnitTestProject\bin\Debug\netcoreapp3.1\NUnitTestProject.dll" adapterTypeName="executor://nunit3testexecutor/" className="NUnitTestProject.CurrencyHelperTests" name="FormatToStringTest1000(22557.09603308099d,&quot;22557.10 zł&quot;)" />
    </UnitTest>
    <UnitTest name="FormatToStringTest1000(1952.6955147062872d,&quot;1952.70 zł&quot;)" storage="c:\projekty\nunittestproject\bin\debug\netcoreapp3.1\nunittestproject.dll" id="5189465c-94b9-c0c3-eb6c-9e0dd907b71f">
      <Execution id="bf03c97c-c93d-4e7c-a950-cdde6802593c" />
      <TestMethod codeBase="C:\Projekty\NUnitTestProject\bin\Debug\netcoreapp3.1\NUnitTestProject.dll" adapterTypeName="executor://nunit3testexecutor/" className="NUnitTestProject.CurrencyHelperTests" name="FormatToStringTest1000(1952.6955147062872d,&quot;1952.70 zł&quot;)" />
    </UnitTest>
    <UnitTest name="FormatToStringTest1000(32908.76696502639d,&quot;32908.77 zł&quot;)" storage="c:\projekty\nunittestproject\bin\debug\netcoreapp3.1\nunittestproject.dll" id="e2350845-1f3f-6907-3805-d81b5dce3aed">
      <Execution id="ce67c6f9-7eaa-45f2-a156-8561a6e364ef" />
      <TestMethod codeBase="C:\Projekty\NUnitTestProject\bin\Debug\netcoreapp3.1\NUnitTestProject.dll" adapterTypeName="executor://nunit3testexecutor/" className="NUnitTestProject.CurrencyHelperTests" name="FormatToStringTest1000(32908.76696502639d,&quot;32908.77 zł&quot;)" />
    </UnitTest>
    <UnitTest name="FormatToStringTest1000(6550.421588937948d,&quot;6550.42 zł&quot;)" storage="c:\projekty\nunittestproject\bin\debug\netcoreapp3.1\nunittestproject.dll" id="c11f5a85-86bf-cab1-9d9a-33069c6ff139">
      <Execution id="9d474589-9d04-4ec8-96e8-d19baf05dc75" />
      <TestMethod codeBase="C:\Projekty\NUnitTestProject\bin\Debug\netcoreapp3.1\NUnitTestProject.dll" adapterTypeName="executor://nunit3testexecutor/" className="NUnitTestProject.CurrencyHelperTests" name="FormatToStringTest1000(6550.421588937948d,&quot;6550.42 zł&quot;)" />
    </UnitTest>
    <UnitTest name="FormatToStringTest1000(6105.007054037418d,&quot;6105.01 zł&quot;)" storage="c:\projekty\nunittestproject\bin\debug\netcoreapp3.1\nunittestproject.dll" id="024506f9-eb28-1802-65f5-4eafd9fc8776">
      <Execution id="52dc9582-4474-41b1-b128-7640b60636a1" />
      <TestMethod codeBase="C:\Projekty\NUnitTestProject\bin\Debug\netcoreapp3.1\NUnitTestProject.dll" adapterTypeName="executor://nunit3testexecutor/" className="NUnitTestProject.CurrencyHelperTests" name="FormatToStringTest1000(6105.007054037418d,&quot;6105.01 zł&quot;)" />
    </UnitTest>
    <UnitTest name="FormatToStringTest1000(35384.637112688106d,&quot;35384.64 zł&quot;)" storage="c:\projekty\nunittestproject\bin\debug\netcoreapp3.1\nunittestproject.dll" id="2d12ad1b-0cfb-a7f2-de41-7d109965ff4a">
      <Execution id="0edd9290-681d-436a-a931-44692c798a07" />
      <TestMethod codeBase="C:\Projekty\NUnitTestProject\bin\Debug\netcoreapp3.1\NUnitTestProject.dll" adapterTypeName="executor://nunit3testexecutor/" className="NUnitTestProject.CurrencyHelperTests" name="FormatToStringTest1000(35384.637112688106d,&quot;35384.64 zł&quot;)" />
    </UnitTest>
    <UnitTest name="FormatToStringTest1000(15591.4117417221d,&quot;15591.41 zł&quot;)" storage="c:\projekty\nunittestproject\bin\debug\netcoreapp3.1\nunittestproject.dll" id="e39abc6e-a339-e385-747c-5c151d68fdc6">
      <Execution id="f4eaf359-fd8f-4780-9502-071bf6d1dfb8" />
      <TestMethod codeBase="C:\Projekty\NUnitTestProject\bin\Debug\netcoreapp3.1\NUnitTestProject.dll" adapterTypeName="executor://nunit3testexecutor/" className="NUnitTestProject.CurrencyHelperTests" name="FormatToStringTest1000(15591.4117417221d,&quot;15591.41 zł&quot;)" />
    </UnitTest>
    <UnitTest name="FormatToStringTest1000(6035.818653228608d,&quot;6035.82 zł&quot;)" storage="c:\projekty\nunittestproject\bin\debug\netcoreapp3.1\nunittestproject.dll" id="be59208d-36e7-073c-919d-21490848351c">
      <Execution id="9119726f-5dda-4c76-8909-de53f2786369" />
      <TestMethod codeBase="C:\Projekty\NUnitTestProject\bin\Debug\netcoreapp3.1\NUnitTestProject.dll" adapterTypeName="executor://nunit3testexecutor/" className="NUnitTestProject.CurrencyHelperTests" name="FormatToStringTest1000(6035.818653228608d,&quot;6035.82 zł&quot;)" />
    </UnitTest>
    <UnitTest name="FormatToStringTest1000(3043.6828298227315d,&quot;3043.68 zł&quot;)" storage="c:\projekty\nunittestproject\bin\debug\netcoreapp3.1\nunittestproject.dll" id="edd8698a-89a8-0a11-5f44-5d3f526abc13">
      <Execution id="0ea03872-81a9-4046-b304-193240955dfa" />
      <TestMethod codeBase="C:\Projekty\NUnitTestProject\bin\Debug\netcoreapp3.1\NUnitTestProject.dll" adapterTypeName="executor://nunit3testexecutor/" className="NUnitTestProject.CurrencyHelperTests" name="FormatToStringTest1000(3043.6828298227315d,&quot;3043.68 zł&quot;)" />
    </UnitTest>
    <UnitTest name="FormatToStringTest1000(69373.32129976773d,&quot;69373.32 zł&quot;)" storage="c:\projekty\nunittestproject\bin\debug\netcoreapp3.1\nunittestproject.dll" id="6fa66cd3-3174-5023-d80b-ce9981bfadfc">
      <Execution id="35b3656c-795e-4783-a02f-1fe90debfe8e" />
      <TestMethod codeBase="C:\Projekty\NUnitTestProject\bin\Debug\netcoreapp3.1\NUnitTestProject.dll" adapterTypeName="executor://nunit3testexecutor/" className="NUnitTestProject.CurrencyHelperTests" name="FormatToStringTest1000(69373.32129976773d,&quot;69373.32 zł&quot;)" />
    </UnitTest>
    <UnitTest name="FormatToStringTest1000(21328.29026726507d,&quot;21328.29 zł&quot;)" storage="c:\projekty\nunittestproject\bin\debug\netcoreapp3.1\nunittestproject.dll" id="c6ae4b68-49e1-d669-439e-3d0b7ef0cea4">
      <Execution id="0e3555e2-a95f-450b-baa8-f7934f98eb92" />
      <TestMethod codeBase="C:\Projekty\NUnitTestProject\bin\Debug\netcoreapp3.1\NUnitTestProject.dll" adapterTypeName="executor://nunit3testexecutor/" className="NUnitTestProject.CurrencyHelperTests" name="FormatToStringTest1000(21328.29026726507d,&quot;21328.29 zł&quot;)" />
    </UnitTest>
    <UnitTest name="FormatToStringTest1000(1884.4923513031063d,&quot;1884.49 zł&quot;)" storage="c:\projekty\nunittestproject\bin\debug\netcoreapp3.1\nunittestproject.dll" id="e8dae4f6-1eb2-866f-8693-bdd69c27bed8">
      <Execution id="302505eb-9142-480b-a4a1-6758d838f123" />
      <TestMethod codeBase="C:\Projekty\NUnitTestProject\bin\Debug\netcoreapp3.1\NUnitTestProject.dll" adapterTypeName="executor://nunit3testexecutor/" className="NUnitTestProject.CurrencyHelperTests" name="FormatToStringTest1000(1884.4923513031063d,&quot;1884.49 zł&quot;)" />
    </UnitTest>
    <UnitTest name="FormatToStringTest1000(7013.601812260971d,&quot;7013.60 zł&quot;)" storage="c:\projekty\nunittestproject\bin\debug\netcoreapp3.1\nunittestproject.dll" id="2fcbb4d5-0c22-d47d-9ea9-6260fb047a7e">
      <Execution id="afd3163c-9617-4ca9-8e39-df01b22a5aa1" />
      <TestMethod codeBase="C:\Projekty\NUnitTestProject\bin\Debug\netcoreapp3.1\NUnitTestProject.dll" adapterTypeName="executor://nunit3testexecutor/" className="NUnitTestProject.CurrencyHelperTests" name="FormatToStringTest1000(7013.601812260971d,&quot;7013.60 zł&quot;)" />
    </UnitTest>
    <UnitTest name="FormatToStringTest1000(28583.827618148098d,&quot;28583.83 zł&quot;)" storage="c:\projekty\nunittestproject\bin\debug\netcoreapp3.1\nunittestproject.dll" id="e6917a9a-a471-dbed-84cc-6e63cf19f9df">
      <Execution id="d75966cb-62f2-4386-bbaf-9722cefff064" />
      <TestMethod codeBase="C:\Projekty\NUnitTestProject\bin\Debug\netcoreapp3.1\NUnitTestProject.dll" adapterTypeName="executor://nunit3testexecutor/" className="NUnitTestProject.CurrencyHelperTests" name="FormatToStringTest1000(28583.827618148098d,&quot;28583.83 zł&quot;)" />
    </UnitTest>
    <UnitTest name="FormatToStringTest1000(1187.8237780126854d,&quot;1187.82 zł&quot;)" storage="c:\projekty\nunittestproject\bin\debug\netcoreapp3.1\nunittestproject.dll" id="b2a12e1f-5796-ca8b-404b-61553a46fbc5">
      <Execution id="1eb13ee0-3570-4b52-a89d-b5cbfb73c782" />
      <TestMethod codeBase="C:\Projekty\NUnitTestProject\bin\Debug\netcoreapp3.1\NUnitTestProject.dll" adapterTypeName="executor://nunit3testexecutor/" className="NUnitTestProject.CurrencyHelperTests" name="FormatToStringTest1000(1187.8237780126854d,&quot;1187.82 zł&quot;)" />
    </UnitTest>
    <UnitTest name="FormatToStringTest1000(54578.37303904275d,&quot;54578.37 zł&quot;)" storage="c:\projekty\nunittestproject\bin\debug\netcoreapp3.1\nunittestproject.dll" id="605c2bc0-4496-0f02-aeff-a229323c4be4">
      <Execution id="25730ade-6ae3-4403-ab88-ab533625c4d4" />
      <TestMethod codeBase="C:\Projekty\NUnitTestProject\bin\Debug\netcoreapp3.1\NUnitTestProject.dll" adapterTypeName="executor://nunit3testexecutor/" className="NUnitTestProject.CurrencyHelperTests" name="FormatToStringTest1000(54578.37303904275d,&quot;54578.37 zł&quot;)" />
    </UnitTest>
    <UnitTest name="FormatToStringTest1000(159.83786031922224d,&quot;159.84 zł&quot;)" storage="c:\projekty\nunittestproject\bin\debug\netcoreapp3.1\nunittestproject.dll" id="4c344495-4967-8a3c-49bd-83047e73dd58">
      <Execution id="79812b64-d500-4108-b1b3-44ef51e91c3b" />
      <TestMethod codeBase="C:\Projekty\NUnitTestProject\bin\Debug\netcoreapp3.1\NUnitTestProject.dll" adapterTypeName="executor://nunit3testexecutor/" className="NUnitTestProject.CurrencyHelperTests" name="FormatToStringTest1000(159.83786031922224d,&quot;159.84 zł&quot;)" />
    </UnitTest>
    <UnitTest name="FormatToStringTest1000(79388.929555234d,&quot;79388.93 zł&quot;)" storage="c:\projekty\nunittestproject\bin\debug\netcoreapp3.1\nunittestproject.dll" id="f2705aac-0fab-25bd-44fc-31cfea9f5c9a">
      <Execution id="dbf74b50-5de8-41a0-8fb6-4fffb35ce80e" />
      <TestMethod codeBase="C:\Projekty\NUnitTestProject\bin\Debug\netcoreapp3.1\NUnitTestProject.dll" adapterTypeName="executor://nunit3testexecutor/" className="NUnitTestProject.CurrencyHelperTests" name="FormatToStringTest1000(79388.929555234d,&quot;79388.93 zł&quot;)" />
    </UnitTest>
    <UnitTest name="FormatToStringTest1000(40241.790964380736d,&quot;40241.79 zł&quot;)" storage="c:\projekty\nunittestproject\bin\debug\netcoreapp3.1\nunittestproject.dll" id="bf7aea95-4edb-be07-7de0-fdb7b0e337d5">
      <Execution id="77ccf5ac-5b4b-4cf8-a23b-60e30788870b" />
      <TestMethod codeBase="C:\Projekty\NUnitTestProject\bin\Debug\netcoreapp3.1\NUnitTestProject.dll" adapterTypeName="executor://nunit3testexecutor/" className="NUnitTestProject.CurrencyHelperTests" name="FormatToStringTest1000(40241.790964380736d,&quot;40241.79 zł&quot;)" />
    </UnitTest>
    <UnitTest name="FormatToStringTest1000(37528.70144368368d,&quot;37528.70 zł&quot;)" storage="c:\projekty\nunittestproject\bin\debug\netcoreapp3.1\nunittestproject.dll" id="bc2dc8fc-01b0-0065-79fa-2e41ef829892">
      <Execution id="c38359f4-1205-4656-9f80-d43bb00d4e0a" />
      <TestMethod codeBase="C:\Projekty\NUnitTestProject\bin\Debug\netcoreapp3.1\NUnitTestProject.dll" adapterTypeName="executor://nunit3testexecutor/" className="NUnitTestProject.CurrencyHelperTests" name="FormatToStringTest1000(37528.70144368368d,&quot;37528.70 zł&quot;)" />
    </UnitTest>
    <UnitTest name="FormatToStringTest1000(51503.82905738234d,&quot;51503.83 zł&quot;)" storage="c:\projekty\nunittestproject\bin\debug\netcoreapp3.1\nunittestproject.dll" id="0ad74e44-881e-9461-7e6f-381a5cc80df0">
      <Execution id="7157ebf7-ef32-43df-b8e2-42541fcd21fe" />
      <TestMethod codeBase="C:\Projekty\NUnitTestProject\bin\Debug\netcoreapp3.1\NUnitTestProject.dll" adapterTypeName="executor://nunit3testexecutor/" className="NUnitTestProject.CurrencyHelperTests" name="FormatToStringTest1000(51503.82905738234d,&quot;51503.83 zł&quot;)" />
    </UnitTest>
    <UnitTest name="FormatToStringTest1000(395.45790295882983d,&quot;395.46 zł&quot;)" storage="c:\projekty\nunittestproject\bin\debug\netcoreapp3.1\nunittestproject.dll" id="069167da-f488-ff65-4a0d-a2797b191242">
      <Execution id="895c47f9-1e03-46dc-b596-5e5f3259c0a2" />
      <TestMethod codeBase="C:\Projekty\NUnitTestProject\bin\Debug\netcoreapp3.1\NUnitTestProject.dll" adapterTypeName="executor://nunit3testexecutor/" className="NUnitTestProject.CurrencyHelperTests" name="FormatToStringTest1000(395.45790295882983d,&quot;395.46 zł&quot;)" />
    </UnitTest>
    <UnitTest name="FormatToStringTest1000(28502.61128259758d,&quot;28502.61 zł&quot;)" storage="c:\projekty\nunittestproject\bin\debug\netcoreapp3.1\nunittestproject.dll" id="bf1576c7-03bd-feeb-bbbd-0a36863eaddc">
      <Execution id="ba8879ba-a79f-422b-958c-98703c1ac8a1" />
      <TestMethod codeBase="C:\Projekty\NUnitTestProject\bin\Debug\netcoreapp3.1\NUnitTestProject.dll" adapterTypeName="executor://nunit3testexecutor/" className="NUnitTestProject.CurrencyHelperTests" name="FormatToStringTest1000(28502.61128259758d,&quot;28502.61 zł&quot;)" />
    </UnitTest>
    <UnitTest name="FormatToStringTest1000(29678.921519093645d,&quot;29678.92 zł&quot;)" storage="c:\projekty\nunittestproject\bin\debug\netcoreapp3.1\nunittestproject.dll" id="37d70f53-ca13-79ab-c67c-fecd55be0876">
      <Execution id="08e30558-36a9-4b8f-bfa0-27d4dfffbc50" />
      <TestMethod codeBase="C:\Projekty\NUnitTestProject\bin\Debug\netcoreapp3.1\NUnitTestProject.dll" adapterTypeName="executor://nunit3testexecutor/" className="NUnitTestProject.CurrencyHelperTests" name="FormatToStringTest1000(29678.921519093645d,&quot;29678.92 zł&quot;)" />
    </UnitTest>
    <UnitTest name="FormatToStringTest1000(30578.687538491416d,&quot;30578.69 zł&quot;)" storage="c:\projekty\nunittestproject\bin\debug\netcoreapp3.1\nunittestproject.dll" id="ae7cb376-4ef2-2742-75ce-61ea6adcde54">
      <Execution id="221fa886-4527-47c3-9a5d-ff07823497ef" />
      <TestMethod codeBase="C:\Projekty\NUnitTestProject\bin\Debug\netcoreapp3.1\NUnitTestProject.dll" adapterTypeName="executor://nunit3testexecutor/" className="NUnitTestProject.CurrencyHelperTests" name="FormatToStringTest1000(30578.687538491416d,&quot;30578.69 zł&quot;)" />
    </UnitTest>
    <UnitTest name="FormatToStringTest1000(18596.12661189033d,&quot;18596.13 zł&quot;)" storage="c:\projekty\nunittestproject\bin\debug\netcoreapp3.1\nunittestproject.dll" id="34a0ec2a-ee87-5c68-071f-7bf4fe21828e">
      <Execution id="ed4df8f1-12ef-4006-8eae-4fcbd88ced78" />
      <TestMethod codeBase="C:\Projekty\NUnitTestProject\bin\Debug\netcoreapp3.1\NUnitTestProject.dll" adapterTypeName="executor://nunit3testexecutor/" className="NUnitTestProject.CurrencyHelperTests" name="FormatToStringTest1000(18596.12661189033d,&quot;18596.13 zł&quot;)" />
    </UnitTest>
    <UnitTest name="FormatToStringTest1000(21893.78889296939d,&quot;21893.79 zł&quot;)" storage="c:\projekty\nunittestproject\bin\debug\netcoreapp3.1\nunittestproject.dll" id="ffb7284d-9149-6f2f-e2cd-12399f61de50">
      <Execution id="1e169b0d-424f-44e2-b2af-daa4b71c0278" />
      <TestMethod codeBase="C:\Projekty\NUnitTestProject\bin\Debug\netcoreapp3.1\NUnitTestProject.dll" adapterTypeName="executor://nunit3testexecutor/" className="NUnitTestProject.CurrencyHelperTests" name="FormatToStringTest1000(21893.78889296939d,&quot;21893.79 zł&quot;)" />
    </UnitTest>
    <UnitTest name="FormatToStringTest1000(46166.38051381259d,&quot;46166.38 zł&quot;)" storage="c:\projekty\nunittestproject\bin\debug\netcoreapp3.1\nunittestproject.dll" id="6d4f36db-ef1e-952d-7dfb-29f4be4b6ca7">
      <Execution id="d206263a-94a6-476b-9b1b-735bd90da15f" />
      <TestMethod codeBase="C:\Projekty\NUnitTestProject\bin\Debug\netcoreapp3.1\NUnitTestProject.dll" adapterTypeName="executor://nunit3testexecutor/" className="NUnitTestProject.CurrencyHelperTests" name="FormatToStringTest1000(46166.38051381259d,&quot;46166.38 zł&quot;)" />
    </UnitTest>
    <UnitTest name="FormatToStringTest1000(5978.1197194131655d,&quot;5978.12 zł&quot;)" storage="c:\projekty\nunittestproject\bin\debug\netcoreapp3.1\nunittestproject.dll" id="30b3b577-2061-3db5-edc3-bfd98a1a499f">
      <Execution id="9a1f0352-e80a-4422-b7b2-4ad8383868d7" />
      <TestMethod codeBase="C:\Projekty\NUnitTestProject\bin\Debug\netcoreapp3.1\NUnitTestProject.dll" adapterTypeName="executor://nunit3testexecutor/" className="NUnitTestProject.CurrencyHelperTests" name="FormatToStringTest1000(5978.1197194131655d,&quot;5978.12 zł&quot;)" />
    </UnitTest>
    <UnitTest name="FormatToStringTest1000(66284.43763489948d,&quot;66284.44 zł&quot;)" storage="c:\projekty\nunittestproject\bin\debug\netcoreapp3.1\nunittestproject.dll" id="1d439d51-4271-ce67-e4e0-d0b84f8d1caf">
      <Execution id="43158ae5-031c-4e9b-84c2-a429c1293286" />
      <TestMethod codeBase="C:\Projekty\NUnitTestProject\bin\Debug\netcoreapp3.1\NUnitTestProject.dll" adapterTypeName="executor://nunit3testexecutor/" className="NUnitTestProject.CurrencyHelperTests" name="FormatToStringTest1000(66284.43763489948d,&quot;66284.44 zł&quot;)" />
    </UnitTest>
    <UnitTest name="FormatToStringTest1000(34062.88803158276d,&quot;34062.89 zł&quot;)" storage="c:\projekty\nunittestproject\bin\debug\netcoreapp3.1\nunittestproject.dll" id="cee29849-c944-ee97-87d2-c62444a8a328">
      <Execution id="6eb3019d-b9b3-4951-9eb1-3161ac5f1b2c" />
      <TestMethod codeBase="C:\Projekty\NUnitTestProject\bin\Debug\netcoreapp3.1\NUnitTestProject.dll" adapterTypeName="executor://nunit3testexecutor/" className="NUnitTestProject.CurrencyHelperTests" name="FormatToStringTest1000(34062.88803158276d,&quot;34062.89 zł&quot;)" />
    </UnitTest>
    <UnitTest name="FormatToStringTest1000(8347.417790138823d,&quot;8347.42 zł&quot;)" storage="c:\projekty\nunittestproject\bin\debug\netcoreapp3.1\nunittestproject.dll" id="f40cda09-c7b2-157d-533a-1e4833860e01">
      <Execution id="f4f527f8-b09f-4017-92bf-ca6abed17808" />
      <TestMethod codeBase="C:\Projekty\NUnitTestProject\bin\Debug\netcoreapp3.1\NUnitTestProject.dll" adapterTypeName="executor://nunit3testexecutor/" className="NUnitTestProject.CurrencyHelperTests" name="FormatToStringTest1000(8347.417790138823d,&quot;8347.42 zł&quot;)" />
    </UnitTest>
    <UnitTest name="FormatToStringTest1000(19071.681252896637d,&quot;19071.68 zł&quot;)" storage="c:\projekty\nunittestproject\bin\debug\netcoreapp3.1\nunittestproject.dll" id="ec19b07c-d465-faec-475d-a8dee6e4e934">
      <Execution id="addc6760-6818-4a28-bf60-97ffb7d64d3a" />
      <TestMethod codeBase="C:\Projekty\NUnitTestProject\bin\Debug\netcoreapp3.1\NUnitTestProject.dll" adapterTypeName="executor://nunit3testexecutor/" className="NUnitTestProject.CurrencyHelperTests" name="FormatToStringTest1000(19071.681252896637d,&quot;19071.68 zł&quot;)" />
    </UnitTest>
    <UnitTest name="FormatToStringTest1000(26174.290999793586d,&quot;26174.29 zł&quot;)" storage="c:\projekty\nunittestproject\bin\debug\netcoreapp3.1\nunittestproject.dll" id="b6307f6f-0923-1f5a-926e-f404ac915b20">
      <Execution id="1e56ece4-b112-4208-bbc0-011ae58be0ef" />
      <TestMethod codeBase="C:\Projekty\NUnitTestProject\bin\Debug\netcoreapp3.1\NUnitTestProject.dll" adapterTypeName="executor://nunit3testexecutor/" className="NUnitTestProject.CurrencyHelperTests" name="FormatToStringTest1000(26174.290999793586d,&quot;26174.29 zł&quot;)" />
    </UnitTest>
    <UnitTest name="FormatToStringTest1000(65963.39932440939d,&quot;65963.40 zł&quot;)" storage="c:\projekty\nunittestproject\bin\debug\netcoreapp3.1\nunittestproject.dll" id="c2c1dbbf-76df-e4ac-1f6c-4bf02108e7b1">
      <Execution id="554fb0fc-c71d-4d24-805b-3ed1e72e8a17" />
      <TestMethod codeBase="C:\Projekty\NUnitTestProject\bin\Debug\netcoreapp3.1\NUnitTestProject.dll" adapterTypeName="executor://nunit3testexecutor/" className="NUnitTestProject.CurrencyHelperTests" name="FormatToStringTest1000(65963.39932440939d,&quot;65963.40 zł&quot;)" />
    </UnitTest>
    <UnitTest name="FormatToStringTest1000(93775.33090185716d,&quot;93775.33 zł&quot;)" storage="c:\projekty\nunittestproject\bin\debug\netcoreapp3.1\nunittestproject.dll" id="1e6f2372-9d34-e630-93c8-967c7d09f6b9">
      <Execution id="e75a3e26-6c39-40f8-a35c-d09dc0bec0d7" />
      <TestMethod codeBase="C:\Projekty\NUnitTestProject\bin\Debug\netcoreapp3.1\NUnitTestProject.dll" adapterTypeName="executor://nunit3testexecutor/" className="NUnitTestProject.CurrencyHelperTests" name="FormatToStringTest1000(93775.33090185716d,&quot;93775.33 zł&quot;)" />
    </UnitTest>
    <UnitTest name="FormatToStringTest1000(24528.124092612474d,&quot;24528.12 zł&quot;)" storage="c:\projekty\nunittestproject\bin\debug\netcoreapp3.1\nunittestproject.dll" id="ea15b94d-4a9c-5bee-a95c-770e518c855b">
      <Execution id="4df3ae48-7bb9-45e4-9df6-dde1a0069ae3" />
      <TestMethod codeBase="C:\Projekty\NUnitTestProject\bin\Debug\netcoreapp3.1\NUnitTestProject.dll" adapterTypeName="executor://nunit3testexecutor/" className="NUnitTestProject.CurrencyHelperTests" name="FormatToStringTest1000(24528.124092612474d,&quot;24528.12 zł&quot;)" />
    </UnitTest>
    <UnitTest name="FormatToStringTest1000(30499.08272379734d,&quot;30499.08 zł&quot;)" storage="c:\projekty\nunittestproject\bin\debug\netcoreapp3.1\nunittestproject.dll" id="7b7d00bb-4c5b-d8fb-b3ca-8abd900cc00f">
      <Execution id="226e8a5d-f799-48ea-ace6-d08bb6c56ccc" />
      <TestMethod codeBase="C:\Projekty\NUnitTestProject\bin\Debug\netcoreapp3.1\NUnitTestProject.dll" adapterTypeName="executor://nunit3testexecutor/" className="NUnitTestProject.CurrencyHelperTests" name="FormatToStringTest1000(30499.08272379734d,&quot;30499.08 zł&quot;)" />
    </UnitTest>
    <UnitTest name="FormatToStringTest1000(1860.3356292016504d,&quot;1860.34 zł&quot;)" storage="c:\projekty\nunittestproject\bin\debug\netcoreapp3.1\nunittestproject.dll" id="07f796cc-f35b-a2f3-f99a-0213c6c6aa02">
      <Execution id="e417cd1b-509c-478f-8123-7acc618d94d7" />
      <TestMethod codeBase="C:\Projekty\NUnitTestProject\bin\Debug\netcoreapp3.1\NUnitTestProject.dll" adapterTypeName="executor://nunit3testexecutor/" className="NUnitTestProject.CurrencyHelperTests" name="FormatToStringTest1000(1860.3356292016504d,&quot;1860.34 zł&quot;)" />
    </UnitTest>
    <UnitTest name="FormatToStringTest1000(24729.333280806586d,&quot;24729.33 zł&quot;)" storage="c:\projekty\nunittestproject\bin\debug\netcoreapp3.1\nunittestproject.dll" id="419ecc87-d9c8-28c4-00c0-ef118e7ae268">
      <Execution id="063d8c5a-ee75-495e-b36e-61e889a610ce" />
      <TestMethod codeBase="C:\Projekty\NUnitTestProject\bin\Debug\netcoreapp3.1\NUnitTestProject.dll" adapterTypeName="executor://nunit3testexecutor/" className="NUnitTestProject.CurrencyHelperTests" name="FormatToStringTest1000(24729.333280806586d,&quot;24729.33 zł&quot;)" />
    </UnitTest>
    <UnitTest name="FormatToStringTest1000(51529.79033960206d,&quot;51529.79 zł&quot;)" storage="c:\projekty\nunittestproject\bin\debug\netcoreapp3.1\nunittestproject.dll" id="c39afc72-aad4-5709-e4a1-73293872a305">
      <Execution id="8f94c87d-566d-4142-98b1-a0d38ee95919" />
      <TestMethod codeBase="C:\Projekty\NUnitTestProject\bin\Debug\netcoreapp3.1\NUnitTestProject.dll" adapterTypeName="executor://nunit3testexecutor/" className="NUnitTestProject.CurrencyHelperTests" name="FormatToStringTest1000(51529.79033960206d,&quot;51529.79 zł&quot;)" />
    </UnitTest>
    <UnitTest name="FormatToStringTest1000(64124.274503948756d,&quot;64124.27 zł&quot;)" storage="c:\projekty\nunittestproject\bin\debug\netcoreapp3.1\nunittestproject.dll" id="0667d290-5479-f00f-a7a0-ba550069f4d6">
      <Execution id="8ba8a330-5932-4108-9f75-f104c76a8167" />
      <TestMethod codeBase="C:\Projekty\NUnitTestProject\bin\Debug\netcoreapp3.1\NUnitTestProject.dll" adapterTypeName="executor://nunit3testexecutor/" className="NUnitTestProject.CurrencyHelperTests" name="FormatToStringTest1000(64124.274503948756d,&quot;64124.27 zł&quot;)" />
    </UnitTest>
    <UnitTest name="FormatToStringTest1000(397.6461894566408d,&quot;397.65 zł&quot;)" storage="c:\projekty\nunittestproject\bin\debug\netcoreapp3.1\nunittestproject.dll" id="decab755-c41c-98a8-9dd2-05d18e8ecb05">
      <Execution id="dbc5aa23-86bc-4f2a-bd73-fba5d472789b" />
      <TestMethod codeBase="C:\Projekty\NUnitTestProject\bin\Debug\netcoreapp3.1\NUnitTestProject.dll" adapterTypeName="executor://nunit3testexecutor/" className="NUnitTestProject.CurrencyHelperTests" name="FormatToStringTest1000(397.6461894566408d,&quot;397.65 zł&quot;)" />
    </UnitTest>
    <UnitTest name="FormatToStringTest1000(36211.11038300866d,&quot;36211.11 zł&quot;)" storage="c:\projekty\nunittestproject\bin\debug\netcoreapp3.1\nunittestproject.dll" id="0be37416-8f8e-24dd-296a-86593af9af2f">
      <Execution id="80d6fdde-f6c6-488b-a6cd-1c76ac44f64d" />
      <TestMethod codeBase="C:\Projekty\NUnitTestProject\bin\Debug\netcoreapp3.1\NUnitTestProject.dll" adapterTypeName="executor://nunit3testexecutor/" className="NUnitTestProject.CurrencyHelperTests" name="FormatToStringTest1000(36211.11038300866d,&quot;36211.11 zł&quot;)" />
    </UnitTest>
    <UnitTest name="FormatToStringTest1000(25084.19182667238d,&quot;25084.19 zł&quot;)" storage="c:\projekty\nunittestproject\bin\debug\netcoreapp3.1\nunittestproject.dll" id="086ce182-cb7e-9e8c-a794-52547670ad62">
      <Execution id="ed7755e9-64e9-41d9-b098-9d89337b82d1" />
      <TestMethod codeBase="C:\Projekty\NUnitTestProject\bin\Debug\netcoreapp3.1\NUnitTestProject.dll" adapterTypeName="executor://nunit3testexecutor/" className="NUnitTestProject.CurrencyHelperTests" name="FormatToStringTest1000(25084.19182667238d,&quot;25084.19 zł&quot;)" />
    </UnitTest>
    <UnitTest name="FormatToStringTest1000(80609.94377465078d,&quot;80609.94 zł&quot;)" storage="c:\projekty\nunittestproject\bin\debug\netcoreapp3.1\nunittestproject.dll" id="41ef5fd9-da1d-a61b-4faa-45b077dd05bc">
      <Execution id="2d7ef0ca-2cc4-4291-a755-952115a46fb9" />
      <TestMethod codeBase="C:\Projekty\NUnitTestProject\bin\Debug\netcoreapp3.1\NUnitTestProject.dll" adapterTypeName="executor://nunit3testexecutor/" className="NUnitTestProject.CurrencyHelperTests" name="FormatToStringTest1000(80609.94377465078d,&quot;80609.94 zł&quot;)" />
    </UnitTest>
    <UnitTest name="FormatToStringTest1000(941.429400278921d,&quot;941.43 zł&quot;)" storage="c:\projekty\nunittestproject\bin\debug\netcoreapp3.1\nunittestproject.dll" id="4d634782-9db9-e8af-a18d-f1e4c45e4686">
      <Execution id="45365fb9-656a-40fb-a33c-ec75e715ad8d" />
      <TestMethod codeBase="C:\Projekty\NUnitTestProject\bin\Debug\netcoreapp3.1\NUnitTestProject.dll" adapterTypeName="executor://nunit3testexecutor/" className="NUnitTestProject.CurrencyHelperTests" name="FormatToStringTest1000(941.429400278921d,&quot;941.43 zł&quot;)" />
    </UnitTest>
    <UnitTest name="FormatToStringTest1000(75162.39407669863d,&quot;75162.39 zł&quot;)" storage="c:\projekty\nunittestproject\bin\debug\netcoreapp3.1\nunittestproject.dll" id="8a34d143-fbd5-8061-22f1-4fab44554570">
      <Execution id="b4fb84ab-00b1-41a1-bdde-163f126cc58d" />
      <TestMethod codeBase="C:\Projekty\NUnitTestProject\bin\Debug\netcoreapp3.1\NUnitTestProject.dll" adapterTypeName="executor://nunit3testexecutor/" className="NUnitTestProject.CurrencyHelperTests" name="FormatToStringTest1000(75162.39407669863d,&quot;75162.39 zł&quot;)" />
    </UnitTest>
    <UnitTest name="FormatToStringTest1000(16037.01783290087d,&quot;16037.02 zł&quot;)" storage="c:\projekty\nunittestproject\bin\debug\netcoreapp3.1\nunittestproject.dll" id="fa8e579d-d6a8-b37b-9cf1-3c38331f528e">
      <Execution id="487c1c1f-41bc-41f6-ad6c-f79fa6cef592" />
      <TestMethod codeBase="C:\Projekty\NUnitTestProject\bin\Debug\netcoreapp3.1\NUnitTestProject.dll" adapterTypeName="executor://nunit3testexecutor/" className="NUnitTestProject.CurrencyHelperTests" name="FormatToStringTest1000(16037.01783290087d,&quot;16037.02 zł&quot;)" />
    </UnitTest>
    <UnitTest name="FormatToStringTest1000(40545.70748620001d,&quot;40545.71 zł&quot;)" storage="c:\projekty\nunittestproject\bin\debug\netcoreapp3.1\nunittestproject.dll" id="0a65341a-9de3-344f-781f-a38c0f56cbef">
      <Execution id="23d723ce-d75f-4659-b4a2-831b127a3b66" />
      <TestMethod codeBase="C:\Projekty\NUnitTestProject\bin\Debug\netcoreapp3.1\NUnitTestProject.dll" adapterTypeName="executor://nunit3testexecutor/" className="NUnitTestProject.CurrencyHelperTests" name="FormatToStringTest1000(40545.70748620001d,&quot;40545.71 zł&quot;)" />
    </UnitTest>
    <UnitTest name="FormatToStringTest1000(4116.417580192638d,&quot;4116.42 zł&quot;)" storage="c:\projekty\nunittestproject\bin\debug\netcoreapp3.1\nunittestproject.dll" id="1eb4d4f7-74ca-78cd-f76d-cc295b6f3916">
      <Execution id="4d780ca1-7a8c-45d9-8577-95a9e5cee5b6" />
      <TestMethod codeBase="C:\Projekty\NUnitTestProject\bin\Debug\netcoreapp3.1\NUnitTestProject.dll" adapterTypeName="executor://nunit3testexecutor/" className="NUnitTestProject.CurrencyHelperTests" name="FormatToStringTest1000(4116.417580192638d,&quot;4116.42 zł&quot;)" />
    </UnitTest>
    <UnitTest name="FormatToStringTest1000(134.1514758393874d,&quot;134.15 zł&quot;)" storage="c:\projekty\nunittestproject\bin\debug\netcoreapp3.1\nunittestproject.dll" id="35113593-4524-9172-cef8-1a1f5c1dfb29">
      <Execution id="e8beb19a-34fe-4b45-b7f6-aad124e7641b" />
      <TestMethod codeBase="C:\Projekty\NUnitTestProject\bin\Debug\netcoreapp3.1\NUnitTestProject.dll" adapterTypeName="executor://nunit3testexecutor/" className="NUnitTestProject.CurrencyHelperTests" name="FormatToStringTest1000(134.1514758393874d,&quot;134.15 zł&quot;)" />
    </UnitTest>
    <UnitTest name="FormatToStringTest1000(28072.424637532058d,&quot;28072.42 zł&quot;)" storage="c:\projekty\nunittestproject\bin\debug\netcoreapp3.1\nunittestproject.dll" id="7b53b99d-252e-844e-10ce-3552b8f6980f">
      <Execution id="75e5ddce-a813-421d-ac9b-352eb0942ebc" />
      <TestMethod codeBase="C:\Projekty\NUnitTestProject\bin\Debug\netcoreapp3.1\NUnitTestProject.dll" adapterTypeName="executor://nunit3testexecutor/" className="NUnitTestProject.CurrencyHelperTests" name="FormatToStringTest1000(28072.424637532058d,&quot;28072.42 zł&quot;)" />
    </UnitTest>
    <UnitTest name="FormatToStringTest1000(1011.9989482094529d,&quot;1012.00 zł&quot;)" storage="c:\projekty\nunittestproject\bin\debug\netcoreapp3.1\nunittestproject.dll" id="a99bf545-84e2-fafd-ee3f-5153803c3541">
      <Execution id="bce8f763-59c9-4e97-92bc-852894870ea9" />
      <TestMethod codeBase="C:\Projekty\NUnitTestProject\bin\Debug\netcoreapp3.1\NUnitTestProject.dll" adapterTypeName="executor://nunit3testexecutor/" className="NUnitTestProject.CurrencyHelperTests" name="FormatToStringTest1000(1011.9989482094529d,&quot;1012.00 zł&quot;)" />
    </UnitTest>
    <UnitTest name="FormatToStringTest1000(5628.028273674672d,&quot;5628.03 zł&quot;)" storage="c:\projekty\nunittestproject\bin\debug\netcoreapp3.1\nunittestproject.dll" id="862cc562-9bfe-8861-cf4e-b4582450cbaa">
      <Execution id="6d40bc21-84e8-4b30-8426-4e9c6af9efe4" />
      <TestMethod codeBase="C:\Projekty\NUnitTestProject\bin\Debug\netcoreapp3.1\NUnitTestProject.dll" adapterTypeName="executor://nunit3testexecutor/" className="NUnitTestProject.CurrencyHelperTests" name="FormatToStringTest1000(5628.028273674672d,&quot;5628.03 zł&quot;)" />
    </UnitTest>
    <UnitTest name="FormatToStringTest1000(88489.14069749469d,&quot;88489.14 zł&quot;)" storage="c:\projekty\nunittestproject\bin\debug\netcoreapp3.1\nunittestproject.dll" id="3f6f5d68-0845-7e29-25ea-1750d0b3ad97">
      <Execution id="4e7b004a-6b19-4cae-85ec-03b5a87b622e" />
      <TestMethod codeBase="C:\Projekty\NUnitTestProject\bin\Debug\netcoreapp3.1\NUnitTestProject.dll" adapterTypeName="executor://nunit3testexecutor/" className="NUnitTestProject.CurrencyHelperTests" name="FormatToStringTest1000(88489.14069749469d,&quot;88489.14 zł&quot;)" />
    </UnitTest>
    <UnitTest name="FormatToStringTest1000(2718.1767171650085d,&quot;2718.18 zł&quot;)" storage="c:\projekty\nunittestproject\bin\debug\netcoreapp3.1\nunittestproject.dll" id="d010d6f6-5302-e7a6-bd9d-f255dac3cdb8">
      <Execution id="005884ce-5277-4ee8-8ab1-ddbab0f5c236" />
      <TestMethod codeBase="C:\Projekty\NUnitTestProject\bin\Debug\netcoreapp3.1\NUnitTestProject.dll" adapterTypeName="executor://nunit3testexecutor/" className="NUnitTestProject.CurrencyHelperTests" name="FormatToStringTest1000(2718.1767171650085d,&quot;2718.18 zł&quot;)" />
    </UnitTest>
    <UnitTest name="FormatToStringTest1000(14480.387652530982d,&quot;14480.39 zł&quot;)" storage="c:\projekty\nunittestproject\bin\debug\netcoreapp3.1\nunittestproject.dll" id="fc250b23-71a0-c4eb-52eb-8cd889ac9f85">
      <Execution id="f0586aab-0665-4ad3-abff-d1be17e40e10" />
      <TestMethod codeBase="C:\Projekty\NUnitTestProject\bin\Debug\netcoreapp3.1\NUnitTestProject.dll" adapterTypeName="executor://nunit3testexecutor/" className="NUnitTestProject.CurrencyHelperTests" name="FormatToStringTest1000(14480.387652530982d,&quot;14480.39 zł&quot;)" />
    </UnitTest>
    <UnitTest name="FormatToStringTest1000(32566.30279101259d,&quot;32566.30 zł&quot;)" storage="c:\projekty\nunittestproject\bin\debug\netcoreapp3.1\nunittestproject.dll" id="71b5ba87-68b9-157d-6948-87a1827119b3">
      <Execution id="30056023-df0e-40f5-ab33-bef7aac91ec9" />
      <TestMethod codeBase="C:\Projekty\NUnitTestProject\bin\Debug\netcoreapp3.1\NUnitTestProject.dll" adapterTypeName="executor://nunit3testexecutor/" className="NUnitTestProject.CurrencyHelperTests" name="FormatToStringTest1000(32566.30279101259d,&quot;32566.30 zł&quot;)" />
    </UnitTest>
    <UnitTest name="FormatToStringTest1000(18627.604896394354d,&quot;18627.60 zł&quot;)" storage="c:\projekty\nunittestproject\bin\debug\netcoreapp3.1\nunittestproject.dll" id="43c3749f-0376-2035-bd94-4df92053dab3">
      <Execution id="b9c85c44-ccee-46fa-8389-e3e981d7084c" />
      <TestMethod codeBase="C:\Projekty\NUnitTestProject\bin\Debug\netcoreapp3.1\NUnitTestProject.dll" adapterTypeName="executor://nunit3testexecutor/" className="NUnitTestProject.CurrencyHelperTests" name="FormatToStringTest1000(18627.604896394354d,&quot;18627.60 zł&quot;)" />
    </UnitTest>
    <UnitTest name="FormatToStringTest1000(24137.016609529506d,&quot;24137.02 zł&quot;)" storage="c:\projekty\nunittestproject\bin\debug\netcoreapp3.1\nunittestproject.dll" id="35de634f-b340-f79b-b6a0-46426bd56e47">
      <Execution id="afa62930-165c-4c74-9e92-86681773e29e" />
      <TestMethod codeBase="C:\Projekty\NUnitTestProject\bin\Debug\netcoreapp3.1\NUnitTestProject.dll" adapterTypeName="executor://nunit3testexecutor/" className="NUnitTestProject.CurrencyHelperTests" name="FormatToStringTest1000(24137.016609529506d,&quot;24137.02 zł&quot;)" />
    </UnitTest>
    <UnitTest name="FormatToStringTest1000(46790.41011887715d,&quot;46790.41 zł&quot;)" storage="c:\projekty\nunittestproject\bin\debug\netcoreapp3.1\nunittestproject.dll" id="0d37f434-250b-5238-45a8-c128f2ef42ef">
      <Execution id="9b41c2b3-9477-460e-9079-63a1f218fb35" />
      <TestMethod codeBase="C:\Projekty\NUnitTestProject\bin\Debug\netcoreapp3.1\NUnitTestProject.dll" adapterTypeName="executor://nunit3testexecutor/" className="NUnitTestProject.CurrencyHelperTests" name="FormatToStringTest1000(46790.41011887715d,&quot;46790.41 zł&quot;)" />
    </UnitTest>
    <UnitTest name="FormatToStringTest1000(56378.261944644735d,&quot;56378.26 zł&quot;)" storage="c:\projekty\nunittestproject\bin\debug\netcoreapp3.1\nunittestproject.dll" id="3e4e2f06-1967-c539-7ba8-6e0f44663842">
      <Execution id="24704bb7-69fd-41bc-8bfc-ab3734034697" />
      <TestMethod codeBase="C:\Projekty\NUnitTestProject\bin\Debug\netcoreapp3.1\NUnitTestProject.dll" adapterTypeName="executor://nunit3testexecutor/" className="NUnitTestProject.CurrencyHelperTests" name="FormatToStringTest1000(56378.261944644735d,&quot;56378.26 zł&quot;)" />
    </UnitTest>
    <UnitTest name="FormatToStringTest1000(12118.31777677048d,&quot;12118.32 zł&quot;)" storage="c:\projekty\nunittestproject\bin\debug\netcoreapp3.1\nunittestproject.dll" id="44562592-e269-1796-e138-85487f7a2be9">
      <Execution id="fc948e30-5254-4067-b257-f6df1e2e5398" />
      <TestMethod codeBase="C:\Projekty\NUnitTestProject\bin\Debug\netcoreapp3.1\NUnitTestProject.dll" adapterTypeName="executor://nunit3testexecutor/" className="NUnitTestProject.CurrencyHelperTests" name="FormatToStringTest1000(12118.31777677048d,&quot;12118.32 zł&quot;)" />
    </UnitTest>
    <UnitTest name="FormatToStringTest1000(20527.270339210645d,&quot;20527.27 zł&quot;)" storage="c:\projekty\nunittestproject\bin\debug\netcoreapp3.1\nunittestproject.dll" id="5ad0e86b-2487-b287-bce1-03b910ce35db">
      <Execution id="f7965f78-88b7-45fc-9bc0-ca75da3f707d" />
      <TestMethod codeBase="C:\Projekty\NUnitTestProject\bin\Debug\netcoreapp3.1\NUnitTestProject.dll" adapterTypeName="executor://nunit3testexecutor/" className="NUnitTestProject.CurrencyHelperTests" name="FormatToStringTest1000(20527.270339210645d,&quot;20527.27 zł&quot;)" />
    </UnitTest>
    <UnitTest name="FormatToStringTest1000(11958.422287871792d,&quot;11958.42 zł&quot;)" storage="c:\projekty\nunittestproject\bin\debug\netcoreapp3.1\nunittestproject.dll" id="a6927394-4cdf-6861-5383-48d3191f12fe">
      <Execution id="000a469c-a90b-41ba-a0cf-a894928f3180" />
      <TestMethod codeBase="C:\Projekty\NUnitTestProject\bin\Debug\netcoreapp3.1\NUnitTestProject.dll" adapterTypeName="executor://nunit3testexecutor/" className="NUnitTestProject.CurrencyHelperTests" name="FormatToStringTest1000(11958.422287871792d,&quot;11958.42 zł&quot;)" />
    </UnitTest>
    <UnitTest name="FormatToStringTest1000(33245.44763357819d,&quot;33245.45 zł&quot;)" storage="c:\projekty\nunittestproject\bin\debug\netcoreapp3.1\nunittestproject.dll" id="1658bad2-8c99-0b77-1530-2e9ba32823bd">
      <Execution id="6832ccdf-611a-44d9-a0ac-b6fbd33f8b5f" />
      <TestMethod codeBase="C:\Projekty\NUnitTestProject\bin\Debug\netcoreapp3.1\NUnitTestProject.dll" adapterTypeName="executor://nunit3testexecutor/" className="NUnitTestProject.CurrencyHelperTests" name="FormatToStringTest1000(33245.44763357819d,&quot;33245.45 zł&quot;)" />
    </UnitTest>
    <UnitTest name="FormatToStringTest1000(22281.48592587257d,&quot;22281.49 zł&quot;)" storage="c:\projekty\nunittestproject\bin\debug\netcoreapp3.1\nunittestproject.dll" id="4b66c56d-0547-dbc0-4364-ccf548a1bb40">
      <Execution id="f2a8aa97-bb04-4db3-a99b-0f92ee0393b8" />
      <TestMethod codeBase="C:\Projekty\NUnitTestProject\bin\Debug\netcoreapp3.1\NUnitTestProject.dll" adapterTypeName="executor://nunit3testexecutor/" className="NUnitTestProject.CurrencyHelperTests" name="FormatToStringTest1000(22281.48592587257d,&quot;22281.49 zł&quot;)" />
    </UnitTest>
    <UnitTest name="FormatToStringTest1000(70432.00656616595d,&quot;70432.01 zł&quot;)" storage="c:\projekty\nunittestproject\bin\debug\netcoreapp3.1\nunittestproject.dll" id="e616a89e-e9f6-0465-592f-c052811c9fe2">
      <Execution id="572893ca-619f-44ed-950d-6588a9d66cf8" />
      <TestMethod codeBase="C:\Projekty\NUnitTestProject\bin\Debug\netcoreapp3.1\NUnitTestProject.dll" adapterTypeName="executor://nunit3testexecutor/" className="NUnitTestProject.CurrencyHelperTests" name="FormatToStringTest1000(70432.00656616595d,&quot;70432.01 zł&quot;)" />
    </UnitTest>
    <UnitTest name="FormatToStringTest1000(11181.228339251702d,&quot;11181.23 zł&quot;)" storage="c:\projekty\nunittestproject\bin\debug\netcoreapp3.1\nunittestproject.dll" id="71b16f9b-dbb0-7a23-533d-802c9512270b">
      <Execution id="301bc709-a0f9-4310-9b44-eea72f163b35" />
      <TestMethod codeBase="C:\Projekty\NUnitTestProject\bin\Debug\netcoreapp3.1\NUnitTestProject.dll" adapterTypeName="executor://nunit3testexecutor/" className="NUnitTestProject.CurrencyHelperTests" name="FormatToStringTest1000(11181.228339251702d,&quot;11181.23 zł&quot;)" />
    </UnitTest>
    <UnitTest name="FormatToStringTest1000(9079.930405251649d,&quot;9079.93 zł&quot;)" storage="c:\projekty\nunittestproject\bin\debug\netcoreapp3.1\nunittestproject.dll" id="a92ca949-d664-bb06-21ee-ed111f1dab55">
      <Execution id="f603c69a-997f-4f42-8d7c-e0282e635d1c" />
      <TestMethod codeBase="C:\Projekty\NUnitTestProject\bin\Debug\netcoreapp3.1\NUnitTestProject.dll" adapterTypeName="executor://nunit3testexecutor/" className="NUnitTestProject.CurrencyHelperTests" name="FormatToStringTest1000(9079.930405251649d,&quot;9079.93 zł&quot;)" />
    </UnitTest>
    <UnitTest name="FormatToStringTest1000(7891.960478953067d,&quot;7891.96 zł&quot;)" storage="c:\projekty\nunittestproject\bin\debug\netcoreapp3.1\nunittestproject.dll" id="a3e3ac67-b44c-d535-60e6-335f6ba0310c">
      <Execution id="f3a6a3e0-5d34-4b47-bd0b-7f7322a2fcd3" />
      <TestMethod codeBase="C:\Projekty\NUnitTestProject\bin\Debug\netcoreapp3.1\NUnitTestProject.dll" adapterTypeName="executor://nunit3testexecutor/" className="NUnitTestProject.CurrencyHelperTests" name="FormatToStringTest1000(7891.960478953067d,&quot;7891.96 zł&quot;)" />
    </UnitTest>
    <UnitTest name="FormatToStringTest1000(28861.97337596769d,&quot;28861.97 zł&quot;)" storage="c:\projekty\nunittestproject\bin\debug\netcoreapp3.1\nunittestproject.dll" id="e238789f-1332-cb64-de78-1a020fa88304">
      <Execution id="b95b2c3e-885a-4e44-bed5-86abc4cdaf72" />
      <TestMethod codeBase="C:\Projekty\NUnitTestProject\bin\Debug\netcoreapp3.1\NUnitTestProject.dll" adapterTypeName="executor://nunit3testexecutor/" className="NUnitTestProject.CurrencyHelperTests" name="FormatToStringTest1000(28861.97337596769d,&quot;28861.97 zł&quot;)" />
    </UnitTest>
    <UnitTest name="FormatToStringTest1000(6173.0243155793405d,&quot;6173.02 zł&quot;)" storage="c:\projekty\nunittestproject\bin\debug\netcoreapp3.1\nunittestproject.dll" id="d377bd87-4eea-3f7f-c041-91df35d9ea10">
      <Execution id="10c095c8-41a5-4e65-96cb-43d0b353004d" />
      <TestMethod codeBase="C:\Projekty\NUnitTestProject\bin\Debug\netcoreapp3.1\NUnitTestProject.dll" adapterTypeName="executor://nunit3testexecutor/" className="NUnitTestProject.CurrencyHelperTests" name="FormatToStringTest1000(6173.0243155793405d,&quot;6173.02 zł&quot;)" />
    </UnitTest>
    <UnitTest name="FormatToStringTest1000(24646.322657574587d,&quot;24646.32 zł&quot;)" storage="c:\projekty\nunittestproject\bin\debug\netcoreapp3.1\nunittestproject.dll" id="c32a55d2-5cd9-4241-ed27-6ec6eee4b3b0">
      <Execution id="6cc23109-c263-4b82-b276-7034eb0d8549" />
      <TestMethod codeBase="C:\Projekty\NUnitTestProject\bin\Debug\netcoreapp3.1\NUnitTestProject.dll" adapterTypeName="executor://nunit3testexecutor/" className="NUnitTestProject.CurrencyHelperTests" name="FormatToStringTest1000(24646.322657574587d,&quot;24646.32 zł&quot;)" />
    </UnitTest>
    <UnitTest name="FormatToStringTest1000(14459.57059750686d,&quot;14459.57 zł&quot;)" storage="c:\projekty\nunittestproject\bin\debug\netcoreapp3.1\nunittestproject.dll" id="6a02a9a9-45fc-e93c-144a-ec579f6fd7df">
      <Execution id="42b46c6a-7d71-4371-ac3f-06bbbaec121a" />
      <TestMethod codeBase="C:\Projekty\NUnitTestProject\bin\Debug\netcoreapp3.1\NUnitTestProject.dll" adapterTypeName="executor://nunit3testexecutor/" className="NUnitTestProject.CurrencyHelperTests" name="FormatToStringTest1000(14459.57059750686d,&quot;14459.57 zł&quot;)" />
    </UnitTest>
    <UnitTest name="FormatToStringTest1000(15907.394871033446d,&quot;15907.39 zł&quot;)" storage="c:\projekty\nunittestproject\bin\debug\netcoreapp3.1\nunittestproject.dll" id="c08489ce-87ea-9273-1e82-87dd20c6c729">
      <Execution id="4d23e556-6baf-40ed-aa4b-0b0b4360c416" />
      <TestMethod codeBase="C:\Projekty\NUnitTestProject\bin\Debug\netcoreapp3.1\NUnitTestProject.dll" adapterTypeName="executor://nunit3testexecutor/" className="NUnitTestProject.CurrencyHelperTests" name="FormatToStringTest1000(15907.394871033446d,&quot;15907.39 zł&quot;)" />
    </UnitTest>
    <UnitTest name="FormatToStringTest1000(19463.08761954917d,&quot;19463.09 zł&quot;)" storage="c:\projekty\nunittestproject\bin\debug\netcoreapp3.1\nunittestproject.dll" id="7be4f16e-73d9-91a8-2b92-68f269673cb9">
      <Execution id="4610d8f3-fa5f-4edf-bf05-5cff6b9a6aad" />
      <TestMethod codeBase="C:\Projekty\NUnitTestProject\bin\Debug\netcoreapp3.1\NUnitTestProject.dll" adapterTypeName="executor://nunit3testexecutor/" className="NUnitTestProject.CurrencyHelperTests" name="FormatToStringTest1000(19463.08761954917d,&quot;19463.09 zł&quot;)" />
    </UnitTest>
    <UnitTest name="FormatToStringTest1000(67109.22110940759d,&quot;67109.22 zł&quot;)" storage="c:\projekty\nunittestproject\bin\debug\netcoreapp3.1\nunittestproject.dll" id="90ee7706-be86-d0d9-20c4-74ab6a1f60b7">
      <Execution id="8ed98a72-81f1-43f5-b604-012620f5f8ce" />
      <TestMethod codeBase="C:\Projekty\NUnitTestProject\bin\Debug\netcoreapp3.1\NUnitTestProject.dll" adapterTypeName="executor://nunit3testexecutor/" className="NUnitTestProject.CurrencyHelperTests" name="FormatToStringTest1000(67109.22110940759d,&quot;67109.22 zł&quot;)" />
    </UnitTest>
    <UnitTest name="FormatToStringTest1000(16902.50568789314d,&quot;16902.51 zł&quot;)" storage="c:\projekty\nunittestproject\bin\debug\netcoreapp3.1\nunittestproject.dll" id="c2593dce-156b-2236-a515-633fd14dda79">
      <Execution id="9a7f6881-72fe-4da4-be6d-8c856a159187" />
      <TestMethod codeBase="C:\Projekty\NUnitTestProject\bin\Debug\netcoreapp3.1\NUnitTestProject.dll" adapterTypeName="executor://nunit3testexecutor/" className="NUnitTestProject.CurrencyHelperTests" name="FormatToStringTest1000(16902.50568789314d,&quot;16902.51 zł&quot;)" />
    </UnitTest>
    <UnitTest name="FormatToStringTest1000(22799.991836491965d,&quot;22799.99 zł&quot;)" storage="c:\projekty\nunittestproject\bin\debug\netcoreapp3.1\nunittestproject.dll" id="c19bcdf9-7163-0762-fc75-0cd4559b2da8">
      <Execution id="1387c227-bc73-48fd-98ff-895e91c0d92b" />
      <TestMethod codeBase="C:\Projekty\NUnitTestProject\bin\Debug\netcoreapp3.1\NUnitTestProject.dll" adapterTypeName="executor://nunit3testexecutor/" className="NUnitTestProject.CurrencyHelperTests" name="FormatToStringTest1000(22799.991836491965d,&quot;22799.99 zł&quot;)" />
    </UnitTest>
    <UnitTest name="FormatToStringTest1000(11.555284778846096d,&quot;11.56 zł&quot;)" storage="c:\projekty\nunittestproject\bin\debug\netcoreapp3.1\nunittestproject.dll" id="7904b819-04ff-ce91-7814-899d505d8f94">
      <Execution id="32ac93f4-614b-4278-951d-f237edbbc3c5" />
      <TestMethod codeBase="C:\Projekty\NUnitTestProject\bin\Debug\netcoreapp3.1\NUnitTestProject.dll" adapterTypeName="executor://nunit3testexecutor/" className="NUnitTestProject.CurrencyHelperTests" name="FormatToStringTest1000(11.555284778846096d,&quot;11.56 zł&quot;)" />
    </UnitTest>
    <UnitTest name="FormatToStringTest1000(29917.15005391145d,&quot;29917.15 zł&quot;)" storage="c:\projekty\nunittestproject\bin\debug\netcoreapp3.1\nunittestproject.dll" id="628515ca-7a61-a487-4f7e-7b39d713c401">
      <Execution id="ac4e30af-9ac3-40c0-8100-6b227e303c0b" />
      <TestMethod codeBase="C:\Projekty\NUnitTestProject\bin\Debug\netcoreapp3.1\NUnitTestProject.dll" adapterTypeName="executor://nunit3testexecutor/" className="NUnitTestProject.CurrencyHelperTests" name="FormatToStringTest1000(29917.15005391145d,&quot;29917.15 zł&quot;)" />
    </UnitTest>
    <UnitTest name="FormatToStringTest1000(10527.083945901639d,&quot;10527.08 zł&quot;)" storage="c:\projekty\nunittestproject\bin\debug\netcoreapp3.1\nunittestproject.dll" id="9aef4d88-299a-c26b-3a27-57af3cba67d3">
      <Execution id="095fbbb0-6dcd-4b94-b6b7-d9e594755303" />
      <TestMethod codeBase="C:\Projekty\NUnitTestProject\bin\Debug\netcoreapp3.1\NUnitTestProject.dll" adapterTypeName="executor://nunit3testexecutor/" className="NUnitTestProject.CurrencyHelperTests" name="FormatToStringTest1000(10527.083945901639d,&quot;10527.08 zł&quot;)" />
    </UnitTest>
    <UnitTest name="FormatToStringTest1000(8514.837538072763d,&quot;8514.84 zł&quot;)" storage="c:\projekty\nunittestproject\bin\debug\netcoreapp3.1\nunittestproject.dll" id="13d2b3bb-af6c-2786-7b3d-1db93b9fedf2">
      <Execution id="66169b6e-c9e3-4221-a225-db31aeabb453" />
      <TestMethod codeBase="C:\Projekty\NUnitTestProject\bin\Debug\netcoreapp3.1\NUnitTestProject.dll" adapterTypeName="executor://nunit3testexecutor/" className="NUnitTestProject.CurrencyHelperTests" name="FormatToStringTest1000(8514.837538072763d,&quot;8514.84 zł&quot;)" />
    </UnitTest>
    <UnitTest name="FormatToStringTest1000(6145.531235831571d,&quot;6145.53 zł&quot;)" storage="c:\projekty\nunittestproject\bin\debug\netcoreapp3.1\nunittestproject.dll" id="28a678d1-0284-2779-ed67-e16002278e6b">
      <Execution id="5b49a954-c2b9-4750-94eb-8ecfe33f07e5" />
      <TestMethod codeBase="C:\Projekty\NUnitTestProject\bin\Debug\netcoreapp3.1\NUnitTestProject.dll" adapterTypeName="executor://nunit3testexecutor/" className="NUnitTestProject.CurrencyHelperTests" name="FormatToStringTest1000(6145.531235831571d,&quot;6145.53 zł&quot;)" />
    </UnitTest>
    <UnitTest name="FormatToStringTest1000(26133.133789601336d,&quot;26133.13 zł&quot;)" storage="c:\projekty\nunittestproject\bin\debug\netcoreapp3.1\nunittestproject.dll" id="01cb383a-3e5a-acd0-bce9-5df29c661a7c">
      <Execution id="64de7d05-eb44-4ba2-83be-9f81ace85848" />
      <TestMethod codeBase="C:\Projekty\NUnitTestProject\bin\Debug\netcoreapp3.1\NUnitTestProject.dll" adapterTypeName="executor://nunit3testexecutor/" className="NUnitTestProject.CurrencyHelperTests" name="FormatToStringTest1000(26133.133789601336d,&quot;26133.13 zł&quot;)" />
    </UnitTest>
    <UnitTest name="FormatToStringTest1000(57525.72988993569d,&quot;57525.73 zł&quot;)" storage="c:\projekty\nunittestproject\bin\debug\netcoreapp3.1\nunittestproject.dll" id="3d581e6e-ac62-d984-1637-f1fef62a5597">
      <Execution id="485295a3-1178-4dee-9ae0-05e6a6ed2887" />
      <TestMethod codeBase="C:\Projekty\NUnitTestProject\bin\Debug\netcoreapp3.1\NUnitTestProject.dll" adapterTypeName="executor://nunit3testexecutor/" className="NUnitTestProject.CurrencyHelperTests" name="FormatToStringTest1000(57525.72988993569d,&quot;57525.73 zł&quot;)" />
    </UnitTest>
    <UnitTest name="FormatToStringTest1000(23120.169499649743d,&quot;23120.17 zł&quot;)" storage="c:\projekty\nunittestproject\bin\debug\netcoreapp3.1\nunittestproject.dll" id="4d74b8de-5123-86ec-ab4f-2d4ce6434a23">
      <Execution id="bf2ba4a1-dd65-47c9-8360-c0eff4de4130" />
      <TestMethod codeBase="C:\Projekty\NUnitTestProject\bin\Debug\netcoreapp3.1\NUnitTestProject.dll" adapterTypeName="executor://nunit3testexecutor/" className="NUnitTestProject.CurrencyHelperTests" name="FormatToStringTest1000(23120.169499649743d,&quot;23120.17 zł&quot;)" />
    </UnitTest>
    <UnitTest name="FormatToStringTest1000(1474.699818629166d,&quot;1474.70 zł&quot;)" storage="c:\projekty\nunittestproject\bin\debug\netcoreapp3.1\nunittestproject.dll" id="a4acc92f-0c67-48bb-4524-7ef3c007ffb4">
      <Execution id="5390c096-5b3a-44d8-b14d-d9bf63efc59b" />
      <TestMethod codeBase="C:\Projekty\NUnitTestProject\bin\Debug\netcoreapp3.1\NUnitTestProject.dll" adapterTypeName="executor://nunit3testexecutor/" className="NUnitTestProject.CurrencyHelperTests" name="FormatToStringTest1000(1474.699818629166d,&quot;1474.70 zł&quot;)" />
    </UnitTest>
    <UnitTest name="FormatToStringTest1000(90187.4082624374d,&quot;90187.41 zł&quot;)" storage="c:\projekty\nunittestproject\bin\debug\netcoreapp3.1\nunittestproject.dll" id="25c75db4-22d0-52b7-8169-fe8bfa7112f2">
      <Execution id="3576f5cb-4c85-4941-9a56-99f59b1f3ba2" />
      <TestMethod codeBase="C:\Projekty\NUnitTestProject\bin\Debug\netcoreapp3.1\NUnitTestProject.dll" adapterTypeName="executor://nunit3testexecutor/" className="NUnitTestProject.CurrencyHelperTests" name="FormatToStringTest1000(90187.4082624374d,&quot;90187.41 zł&quot;)" />
    </UnitTest>
    <UnitTest name="FormatToStringTest1000(30722.846572104303d,&quot;30722.85 zł&quot;)" storage="c:\projekty\nunittestproject\bin\debug\netcoreapp3.1\nunittestproject.dll" id="c994fcbd-cf70-f011-3e5f-4e6d74bb71af">
      <Execution id="f054b975-d719-4340-b9f3-2bd450ece51b" />
      <TestMethod codeBase="C:\Projekty\NUnitTestProject\bin\Debug\netcoreapp3.1\NUnitTestProject.dll" adapterTypeName="executor://nunit3testexecutor/" className="NUnitTestProject.CurrencyHelperTests" name="FormatToStringTest1000(30722.846572104303d,&quot;30722.85 zł&quot;)" />
    </UnitTest>
    <UnitTest name="FormatToStringTest1000(17031.365705376662d,&quot;17031.37 zł&quot;)" storage="c:\projekty\nunittestproject\bin\debug\netcoreapp3.1\nunittestproject.dll" id="0978a2bb-d483-0479-bb70-260f687971c0">
      <Execution id="a0ff259f-66f9-4a4a-ac4e-c0853229e387" />
      <TestMethod codeBase="C:\Projekty\NUnitTestProject\bin\Debug\netcoreapp3.1\NUnitTestProject.dll" adapterTypeName="executor://nunit3testexecutor/" className="NUnitTestProject.CurrencyHelperTests" name="FormatToStringTest1000(17031.365705376662d,&quot;17031.37 zł&quot;)" />
    </UnitTest>
    <UnitTest name="FormatToStringTest1000(89093.57120939044d,&quot;89093.57 zł&quot;)" storage="c:\projekty\nunittestproject\bin\debug\netcoreapp3.1\nunittestproject.dll" id="5e7725a9-9983-9545-b4e7-12fe284e2a95">
      <Execution id="cd8b5eeb-4a9c-40b3-beef-de5f2b372469" />
      <TestMethod codeBase="C:\Projekty\NUnitTestProject\bin\Debug\netcoreapp3.1\NUnitTestProject.dll" adapterTypeName="executor://nunit3testexecutor/" className="NUnitTestProject.CurrencyHelperTests" name="FormatToStringTest1000(89093.57120939044d,&quot;89093.57 zł&quot;)" />
    </UnitTest>
    <UnitTest name="FormatToStringTest1000(5108.217389855635d,&quot;5108.22 zł&quot;)" storage="c:\projekty\nunittestproject\bin\debug\netcoreapp3.1\nunittestproject.dll" id="1440a184-8a0a-3d08-19bf-ac2d32351c96">
      <Execution id="8efb71c6-f542-4e32-a151-1e180bdb19d4" />
      <TestMethod codeBase="C:\Projekty\NUnitTestProject\bin\Debug\netcoreapp3.1\NUnitTestProject.dll" adapterTypeName="executor://nunit3testexecutor/" className="NUnitTestProject.CurrencyHelperTests" name="FormatToStringTest1000(5108.217389855635d,&quot;5108.22 zł&quot;)" />
    </UnitTest>
    <UnitTest name="FormatToStringTest1000(24566.50251371856d,&quot;24566.50 zł&quot;)" storage="c:\projekty\nunittestproject\bin\debug\netcoreapp3.1\nunittestproject.dll" id="b4887e38-5397-4610-6733-1d86030ec9ea">
      <Execution id="282d5293-6960-4f96-b1d6-b3aa45d03a6a" />
      <TestMethod codeBase="C:\Projekty\NUnitTestProject\bin\Debug\netcoreapp3.1\NUnitTestProject.dll" adapterTypeName="executor://nunit3testexecutor/" className="NUnitTestProject.CurrencyHelperTests" name="FormatToStringTest1000(24566.50251371856d,&quot;24566.50 zł&quot;)" />
    </UnitTest>
    <UnitTest name="FormatToStringTest1000(806.960597043373d,&quot;806.96 zł&quot;)" storage="c:\projekty\nunittestproject\bin\debug\netcoreapp3.1\nunittestproject.dll" id="25e8173f-164f-a6d3-7781-f064566ee4cd">
      <Execution id="96bbaaa0-83ef-4455-a98e-01e30dc59e3c" />
      <TestMethod codeBase="C:\Projekty\NUnitTestProject\bin\Debug\netcoreapp3.1\NUnitTestProject.dll" adapterTypeName="executor://nunit3testexecutor/" className="NUnitTestProject.CurrencyHelperTests" name="FormatToStringTest1000(806.960597043373d,&quot;806.96 zł&quot;)" />
    </UnitTest>
    <UnitTest name="FormatToStringTest1000(58191.92113629585d,&quot;58191.92 zł&quot;)" storage="c:\projekty\nunittestproject\bin\debug\netcoreapp3.1\nunittestproject.dll" id="95bbb276-fcbd-d5d6-e9a9-e6e9fe02935a">
      <Execution id="49cc006e-3834-47d6-b437-6494d6a8e7ff" />
      <TestMethod codeBase="C:\Projekty\NUnitTestProject\bin\Debug\netcoreapp3.1\NUnitTestProject.dll" adapterTypeName="executor://nunit3testexecutor/" className="NUnitTestProject.CurrencyHelperTests" name="FormatToStringTest1000(58191.92113629585d,&quot;58191.92 zł&quot;)" />
    </UnitTest>
    <UnitTest name="FormatToStringTest1000(58111.21259843521d,&quot;58111.21 zł&quot;)" storage="c:\projekty\nunittestproject\bin\debug\netcoreapp3.1\nunittestproject.dll" id="b3d20388-ddfe-493d-dfad-f423fc621b48">
      <Execution id="019adf75-6d21-4193-854b-3e4a1a6153e7" />
      <TestMethod codeBase="C:\Projekty\NUnitTestProject\bin\Debug\netcoreapp3.1\NUnitTestProject.dll" adapterTypeName="executor://nunit3testexecutor/" className="NUnitTestProject.CurrencyHelperTests" name="FormatToStringTest1000(58111.21259843521d,&quot;58111.21 zł&quot;)" />
    </UnitTest>
    <UnitTest name="FormatToStringTest1000(14100.01255469211d,&quot;14100.01 zł&quot;)" storage="c:\projekty\nunittestproject\bin\debug\netcoreapp3.1\nunittestproject.dll" id="ccf96e16-5dc0-3f30-2892-511f78cf3dfc">
      <Execution id="f228d074-62ec-4a40-948e-dd2853884d9b" />
      <TestMethod codeBase="C:\Projekty\NUnitTestProject\bin\Debug\netcoreapp3.1\NUnitTestProject.dll" adapterTypeName="executor://nunit3testexecutor/" className="NUnitTestProject.CurrencyHelperTests" name="FormatToStringTest1000(14100.01255469211d,&quot;14100.01 zł&quot;)" />
    </UnitTest>
    <UnitTest name="FormatToStringTest1000(10511.7304983189d,&quot;10511.73 zł&quot;)" storage="c:\projekty\nunittestproject\bin\debug\netcoreapp3.1\nunittestproject.dll" id="00c173aa-365e-0279-47ce-e69aab924076">
      <Execution id="17aab340-ea8a-48cd-99e1-e9b1c58916a4" />
      <TestMethod codeBase="C:\Projekty\NUnitTestProject\bin\Debug\netcoreapp3.1\NUnitTestProject.dll" adapterTypeName="executor://nunit3testexecutor/" className="NUnitTestProject.CurrencyHelperTests" name="FormatToStringTest1000(10511.7304983189d,&quot;10511.73 zł&quot;)" />
    </UnitTest>
    <UnitTest name="FormatToStringTest1000(13681.607566007231d,&quot;13681.61 zł&quot;)" storage="c:\projekty\nunittestproject\bin\debug\netcoreapp3.1\nunittestproject.dll" id="8951be4f-c5d7-21a4-85c8-2fc370bed815">
      <Execution id="77c70f55-e270-476e-9245-cc6579dee4b6" />
      <TestMethod codeBase="C:\Projekty\NUnitTestProject\bin\Debug\netcoreapp3.1\NUnitTestProject.dll" adapterTypeName="executor://nunit3testexecutor/" className="NUnitTestProject.CurrencyHelperTests" name="FormatToStringTest1000(13681.607566007231d,&quot;13681.61 zł&quot;)" />
    </UnitTest>
    <UnitTest name="FormatToStringTest1000(23684.695462791573d,&quot;23684.70 zł&quot;)" storage="c:\projekty\nunittestproject\bin\debug\netcoreapp3.1\nunittestproject.dll" id="b079a5c8-df38-5909-534e-204d0d33ecf8">
      <Execution id="38e478b4-8e94-4edf-bd74-a922c0ec0f34" />
      <TestMethod codeBase="C:\Projekty\NUnitTestProject\bin\Debug\netcoreapp3.1\NUnitTestProject.dll" adapterTypeName="executor://nunit3testexecutor/" className="NUnitTestProject.CurrencyHelperTests" name="FormatToStringTest1000(23684.695462791573d,&quot;23684.70 zł&quot;)" />
    </UnitTest>
    <UnitTest name="FormatToStringTest1000(2951.2722077329045d,&quot;2951.27 zł&quot;)" storage="c:\projekty\nunittestproject\bin\debug\netcoreapp3.1\nunittestproject.dll" id="92e23589-82d8-4d27-764e-fa018e45b747">
      <Execution id="5bdcf4fe-0812-469e-a492-645afea1338d" />
      <TestMethod codeBase="C:\Projekty\NUnitTestProject\bin\Debug\netcoreapp3.1\NUnitTestProject.dll" adapterTypeName="executor://nunit3testexecutor/" className="NUnitTestProject.CurrencyHelperTests" name="FormatToStringTest1000(2951.2722077329045d,&quot;2951.27 zł&quot;)" />
    </UnitTest>
    <UnitTest name="FormatToStringTest1000(63507.32603545455d,&quot;63507.33 zł&quot;)" storage="c:\projekty\nunittestproject\bin\debug\netcoreapp3.1\nunittestproject.dll" id="d26e5e0e-e63b-6a1f-1d40-d2dc8692bbaf">
      <Execution id="3acfc197-cec7-4dd4-80a8-bc86781afd90" />
      <TestMethod codeBase="C:\Projekty\NUnitTestProject\bin\Debug\netcoreapp3.1\NUnitTestProject.dll" adapterTypeName="executor://nunit3testexecutor/" className="NUnitTestProject.CurrencyHelperTests" name="FormatToStringTest1000(63507.32603545455d,&quot;63507.33 zł&quot;)" />
    </UnitTest>
    <UnitTest name="FormatToStringTest1000(5961.755129208674d,&quot;5961.76 zł&quot;)" storage="c:\projekty\nunittestproject\bin\debug\netcoreapp3.1\nunittestproject.dll" id="c1905b94-6245-64ed-8028-a7655f8970eb">
      <Execution id="2ee106d5-5f43-42e4-b345-28a147646aa6" />
      <TestMethod codeBase="C:\Projekty\NUnitTestProject\bin\Debug\netcoreapp3.1\NUnitTestProject.dll" adapterTypeName="executor://nunit3testexecutor/" className="NUnitTestProject.CurrencyHelperTests" name="FormatToStringTest1000(5961.755129208674d,&quot;5961.76 zł&quot;)" />
    </UnitTest>
    <UnitTest name="FormatToStringTest1000(36978.61073549213d,&quot;36978.61 zł&quot;)" storage="c:\projekty\nunittestproject\bin\debug\netcoreapp3.1\nunittestproject.dll" id="a461dd4d-6d71-3e10-f8bf-9d15ad34f5c8">
      <Execution id="d9c00cb7-4cdf-453d-aba0-f944723d5c15" />
      <TestMethod codeBase="C:\Projekty\NUnitTestProject\bin\Debug\netcoreapp3.1\NUnitTestProject.dll" adapterTypeName="executor://nunit3testexecutor/" className="NUnitTestProject.CurrencyHelperTests" name="FormatToStringTest1000(36978.61073549213d,&quot;36978.61 zł&quot;)" />
    </UnitTest>
    <UnitTest name="FormatToStringTest1000(4025.728369236797d,&quot;4025.73 zł&quot;)" storage="c:\projekty\nunittestproject\bin\debug\netcoreapp3.1\nunittestproject.dll" id="b8e35215-9c02-c225-ebde-5cb2a4f46f94">
      <Execution id="c0257187-9050-434c-ba1c-d2174a239912" />
      <TestMethod codeBase="C:\Projekty\NUnitTestProject\bin\Debug\netcoreapp3.1\NUnitTestProject.dll" adapterTypeName="executor://nunit3testexecutor/" className="NUnitTestProject.CurrencyHelperTests" name="FormatToStringTest1000(4025.728369236797d,&quot;4025.73 zł&quot;)" />
    </UnitTest>
    <UnitTest name="FormatToStringTest1000(6213.265206352466d,&quot;6213.27 zł&quot;)" storage="c:\projekty\nunittestproject\bin\debug\netcoreapp3.1\nunittestproject.dll" id="47e7ec55-4391-8546-d1c3-fb5db01a41e8">
      <Execution id="5226c8c3-a942-47dd-a717-ec57b124c3fd" />
      <TestMethod codeBase="C:\Projekty\NUnitTestProject\bin\Debug\netcoreapp3.1\NUnitTestProject.dll" adapterTypeName="executor://nunit3testexecutor/" className="NUnitTestProject.CurrencyHelperTests" name="FormatToStringTest1000(6213.265206352466d,&quot;6213.27 zł&quot;)" />
    </UnitTest>
    <UnitTest name="FormatToStringTest1000(57713.01647853712d,&quot;57713.02 zł&quot;)" storage="c:\projekty\nunittestproject\bin\debug\netcoreapp3.1\nunittestproject.dll" id="d29aa2a9-a943-d583-f9f3-c1d6c5281005">
      <Execution id="8cffd366-12da-4f84-8b0e-d0e799728834" />
      <TestMethod codeBase="C:\Projekty\NUnitTestProject\bin\Debug\netcoreapp3.1\NUnitTestProject.dll" adapterTypeName="executor://nunit3testexecutor/" className="NUnitTestProject.CurrencyHelperTests" name="FormatToStringTest1000(57713.01647853712d,&quot;57713.02 zł&quot;)" />
    </UnitTest>
    <UnitTest name="FormatToStringTest1000(35065.40267025652d,&quot;35065.40 zł&quot;)" storage="c:\projekty\nunittestproject\bin\debug\netcoreapp3.1\nunittestproject.dll" id="2de1f6d1-4fbc-d3f7-5b38-8fabe0afe62f">
      <Execution id="56cb73ab-3e23-46e7-92d0-e5f5b74e1018" />
      <TestMethod codeBase="C:\Projekty\NUnitTestProject\bin\Debug\netcoreapp3.1\NUnitTestProject.dll" adapterTypeName="executor://nunit3testexecutor/" className="NUnitTestProject.CurrencyHelperTests" name="FormatToStringTest1000(35065.40267025652d,&quot;35065.40 zł&quot;)" />
    </UnitTest>
    <UnitTest name="FormatToStringTest1000(3846.644792262765d,&quot;3846.64 zł&quot;)" storage="c:\projekty\nunittestproject\bin\debug\netcoreapp3.1\nunittestproject.dll" id="aadeeabc-272f-9cbf-16ad-69443e81df6f">
      <Execution id="128d57e5-9054-4c8f-8954-52514e4dd3b9" />
      <TestMethod codeBase="C:\Projekty\NUnitTestProject\bin\Debug\netcoreapp3.1\NUnitTestProject.dll" adapterTypeName="executor://nunit3testexecutor/" className="NUnitTestProject.CurrencyHelperTests" name="FormatToStringTest1000(3846.644792262765d,&quot;3846.64 zł&quot;)" />
    </UnitTest>
    <UnitTest name="FormatToStringTest1000(37889.10086727193d,&quot;37889.10 zł&quot;)" storage="c:\projekty\nunittestproject\bin\debug\netcoreapp3.1\nunittestproject.dll" id="7e773498-17b4-9b46-23f5-2783933d2759">
      <Execution id="780a2b32-2b74-40db-aca6-85be19799f4d" />
      <TestMethod codeBase="C:\Projekty\NUnitTestProject\bin\Debug\netcoreapp3.1\NUnitTestProject.dll" adapterTypeName="executor://nunit3testexecutor/" className="NUnitTestProject.CurrencyHelperTests" name="FormatToStringTest1000(37889.10086727193d,&quot;37889.10 zł&quot;)" />
    </UnitTest>
    <UnitTest name="FormatToStringTest1000(7458.609645228652d,&quot;7458.61 zł&quot;)" storage="c:\projekty\nunittestproject\bin\debug\netcoreapp3.1\nunittestproject.dll" id="f2fa6d2d-1c35-dcc0-50da-39045d7858e4">
      <Execution id="841a10ac-cc06-4eaa-a364-8743582cfab5" />
      <TestMethod codeBase="C:\Projekty\NUnitTestProject\bin\Debug\netcoreapp3.1\NUnitTestProject.dll" adapterTypeName="executor://nunit3testexecutor/" className="NUnitTestProject.CurrencyHelperTests" name="FormatToStringTest1000(7458.609645228652d,&quot;7458.61 zł&quot;)" />
    </UnitTest>
    <UnitTest name="FormatToStringTest1000(4614.673205890541d,&quot;4614.67 zł&quot;)" storage="c:\projekty\nunittestproject\bin\debug\netcoreapp3.1\nunittestproject.dll" id="da1a6990-7ab2-9cdb-3d5d-e5366899dffb">
      <Execution id="a8d8cc5e-11d8-4b3b-be93-378c97b62522" />
      <TestMethod codeBase="C:\Projekty\NUnitTestProject\bin\Debug\netcoreapp3.1\NUnitTestProject.dll" adapterTypeName="executor://nunit3testexecutor/" className="NUnitTestProject.CurrencyHelperTests" name="FormatToStringTest1000(4614.673205890541d,&quot;4614.67 zł&quot;)" />
    </UnitTest>
    <UnitTest name="FormatToStringTest1000(6102.4120417453405d,&quot;6102.41 zł&quot;)" storage="c:\projekty\nunittestproject\bin\debug\netcoreapp3.1\nunittestproject.dll" id="098a6c08-89e3-c4e2-de2b-7f783c0ba1b5">
      <Execution id="cf3c023e-4db4-4c31-b3c2-0c554d2a989c" />
      <TestMethod codeBase="C:\Projekty\NUnitTestProject\bin\Debug\netcoreapp3.1\NUnitTestProject.dll" adapterTypeName="executor://nunit3testexecutor/" className="NUnitTestProject.CurrencyHelperTests" name="FormatToStringTest1000(6102.4120417453405d,&quot;6102.41 zł&quot;)" />
    </UnitTest>
    <UnitTest name="FormatToStringTest1000(18490.912787030877d,&quot;18490.91 zł&quot;)" storage="c:\projekty\nunittestproject\bin\debug\netcoreapp3.1\nunittestproject.dll" id="05be2e04-a7a4-ec81-8b2e-19e4e2cd04d0">
      <Execution id="8d31fc2f-73f6-4753-851a-6819efd429e5" />
      <TestMethod codeBase="C:\Projekty\NUnitTestProject\bin\Debug\netcoreapp3.1\NUnitTestProject.dll" adapterTypeName="executor://nunit3testexecutor/" className="NUnitTestProject.CurrencyHelperTests" name="FormatToStringTest1000(18490.912787030877d,&quot;18490.91 zł&quot;)" />
    </UnitTest>
    <UnitTest name="FormatToStringTest1000(25135.10315489727d,&quot;25135.10 zł&quot;)" storage="c:\projekty\nunittestproject\bin\debug\netcoreapp3.1\nunittestproject.dll" id="91b3bd83-c5b8-4706-180f-6fac0dae10f8">
      <Execution id="4032d446-0f12-436c-9da9-fa112794d6a1" />
      <TestMethod codeBase="C:\Projekty\NUnitTestProject\bin\Debug\netcoreapp3.1\NUnitTestProject.dll" adapterTypeName="executor://nunit3testexecutor/" className="NUnitTestProject.CurrencyHelperTests" name="FormatToStringTest1000(25135.10315489727d,&quot;25135.10 zł&quot;)" />
    </UnitTest>
    <UnitTest name="FormatToStringTest1000(19873.59831658453d,&quot;19873.60 zł&quot;)" storage="c:\projekty\nunittestproject\bin\debug\netcoreapp3.1\nunittestproject.dll" id="0736f335-702e-d9c8-77f1-e0501c90e917">
      <Execution id="c5d2cede-1786-4256-9665-c8d8798d2bc0" />
      <TestMethod codeBase="C:\Projekty\NUnitTestProject\bin\Debug\netcoreapp3.1\NUnitTestProject.dll" adapterTypeName="executor://nunit3testexecutor/" className="NUnitTestProject.CurrencyHelperTests" name="FormatToStringTest1000(19873.59831658453d,&quot;19873.60 zł&quot;)" />
    </UnitTest>
    <UnitTest name="FormatToStringTest1000(16282.687804925576d,&quot;16282.69 zł&quot;)" storage="c:\projekty\nunittestproject\bin\debug\netcoreapp3.1\nunittestproject.dll" id="9b2f9530-d092-f9c3-dae1-2f483cfeb52d">
      <Execution id="9bb32708-c983-4935-a8a0-5edbe78534d3" />
      <TestMethod codeBase="C:\Projekty\NUnitTestProject\bin\Debug\netcoreapp3.1\NUnitTestProject.dll" adapterTypeName="executor://nunit3testexecutor/" className="NUnitTestProject.CurrencyHelperTests" name="FormatToStringTest1000(16282.687804925576d,&quot;16282.69 zł&quot;)" />
    </UnitTest>
    <UnitTest name="FormatToStringTest1000(32216.686763396807d,&quot;32216.69 zł&quot;)" storage="c:\projekty\nunittestproject\bin\debug\netcoreapp3.1\nunittestproject.dll" id="712c2678-6c5e-0050-868a-1155d0b4fa06">
      <Execution id="181db569-0388-42e6-9385-81bbf9888030" />
      <TestMethod codeBase="C:\Projekty\NUnitTestProject\bin\Debug\netcoreapp3.1\NUnitTestProject.dll" adapterTypeName="executor://nunit3testexecutor/" className="NUnitTestProject.CurrencyHelperTests" name="FormatToStringTest1000(32216.686763396807d,&quot;32216.69 zł&quot;)" />
    </UnitTest>
    <UnitTest name="FormatToStringTest1000(577.6071367564645d,&quot;577.61 zł&quot;)" storage="c:\projekty\nunittestproject\bin\debug\netcoreapp3.1\nunittestproject.dll" id="379512c8-8994-594d-a3c0-6d675c1d8949">
      <Execution id="60719c8a-b466-4da5-980a-59528b88ab11" />
      <TestMethod codeBase="C:\Projekty\NUnitTestProject\bin\Debug\netcoreapp3.1\NUnitTestProject.dll" adapterTypeName="executor://nunit3testexecutor/" className="NUnitTestProject.CurrencyHelperTests" name="FormatToStringTest1000(577.6071367564645d,&quot;577.61 zł&quot;)" />
    </UnitTest>
    <UnitTest name="FormatToStringTest1000(5855.75080885354d,&quot;5855.75 zł&quot;)" storage="c:\projekty\nunittestproject\bin\debug\netcoreapp3.1\nunittestproject.dll" id="184b236a-96f5-5ef7-81e9-55fd01a96b10">
      <Execution id="21adb88c-f279-4811-8b57-51ce3ce50ff9" />
      <TestMethod codeBase="C:\Projekty\NUnitTestProject\bin\Debug\netcoreapp3.1\NUnitTestProject.dll" adapterTypeName="executor://nunit3testexecutor/" className="NUnitTestProject.CurrencyHelperTests" name="FormatToStringTest1000(5855.75080885354d,&quot;5855.75 zł&quot;)" />
    </UnitTest>
    <UnitTest name="FormatToStringTest1000(22017.250119325356d,&quot;22017.25 zł&quot;)" storage="c:\projekty\nunittestproject\bin\debug\netcoreapp3.1\nunittestproject.dll" id="17ffc344-aceb-1f84-f3bf-8205c38e1b46">
      <Execution id="9b9d0869-e010-4e5b-871d-4dc74964fc8a" />
      <TestMethod codeBase="C:\Projekty\NUnitTestProject\bin\Debug\netcoreapp3.1\NUnitTestProject.dll" adapterTypeName="executor://nunit3testexecutor/" className="NUnitTestProject.CurrencyHelperTests" name="FormatToStringTest1000(22017.250119325356d,&quot;22017.25 zł&quot;)" />
    </UnitTest>
    <UnitTest name="FormatToStringTest1000(30807.823896702295d,&quot;30807.82 zł&quot;)" storage="c:\projekty\nunittestproject\bin\debug\netcoreapp3.1\nunittestproject.dll" id="165a8b6f-de27-26f0-6a14-cdb34a40f4c2">
      <Execution id="147fe213-552d-4233-a595-2260e3e6c0e5" />
      <TestMethod codeBase="C:\Projekty\NUnitTestProject\bin\Debug\netcoreapp3.1\NUnitTestProject.dll" adapterTypeName="executor://nunit3testexecutor/" className="NUnitTestProject.CurrencyHelperTests" name="FormatToStringTest1000(30807.823896702295d,&quot;30807.82 zł&quot;)" />
    </UnitTest>
    <UnitTest name="FormatToStringTest1000(7716.571614765363d,&quot;7716.57 zł&quot;)" storage="c:\projekty\nunittestproject\bin\debug\netcoreapp3.1\nunittestproject.dll" id="0186510a-61e4-d437-2bd3-30738b03ed56">
      <Execution id="136ef362-62ab-4e45-89ec-8e46a64ba43b" />
      <TestMethod codeBase="C:\Projekty\NUnitTestProject\bin\Debug\netcoreapp3.1\NUnitTestProject.dll" adapterTypeName="executor://nunit3testexecutor/" className="NUnitTestProject.CurrencyHelperTests" name="FormatToStringTest1000(7716.571614765363d,&quot;7716.57 zł&quot;)" />
    </UnitTest>
    <UnitTest name="FormatToStringTest1000(49416.285282306504d,&quot;49416.29 zł&quot;)" storage="c:\projekty\nunittestproject\bin\debug\netcoreapp3.1\nunittestproject.dll" id="b1d26b6f-e2ab-c7af-55d4-4d9f04f43eca">
      <Execution id="75705aff-df15-49ce-9a08-709be6edbade" />
      <TestMethod codeBase="C:\Projekty\NUnitTestProject\bin\Debug\netcoreapp3.1\NUnitTestProject.dll" adapterTypeName="executor://nunit3testexecutor/" className="NUnitTestProject.CurrencyHelperTests" name="FormatToStringTest1000(49416.285282306504d,&quot;49416.29 zł&quot;)" />
    </UnitTest>
    <UnitTest name="FormatToStringTest1000(9994.9471861026d,&quot;9994.95 zł&quot;)" storage="c:\projekty\nunittestproject\bin\debug\netcoreapp3.1\nunittestproject.dll" id="e6fa545c-dab4-f63e-4e3b-21ea6de7572d">
      <Execution id="eea082ca-a497-4109-9e43-0bab82544709" />
      <TestMethod codeBase="C:\Projekty\NUnitTestProject\bin\Debug\netcoreapp3.1\NUnitTestProject.dll" adapterTypeName="executor://nunit3testexecutor/" className="NUnitTestProject.CurrencyHelperTests" name="FormatToStringTest1000(9994.9471861026d,&quot;9994.95 zł&quot;)" />
    </UnitTest>
    <UnitTest name="FormatToStringTest1000(24251.68593564848d,&quot;24251.69 zł&quot;)" storage="c:\projekty\nunittestproject\bin\debug\netcoreapp3.1\nunittestproject.dll" id="19f5bc79-d564-bb1a-c016-f7779e568c5d">
      <Execution id="a3afce4e-0b09-4614-adfa-0fd0db462798" />
      <TestMethod codeBase="C:\Projekty\NUnitTestProject\bin\Debug\netcoreapp3.1\NUnitTestProject.dll" adapterTypeName="executor://nunit3testexecutor/" className="NUnitTestProject.CurrencyHelperTests" name="FormatToStringTest1000(24251.68593564848d,&quot;24251.69 zł&quot;)" />
    </UnitTest>
    <UnitTest name="FormatToStringTest1000(8582.709131852587d,&quot;8582.71 zł&quot;)" storage="c:\projekty\nunittestproject\bin\debug\netcoreapp3.1\nunittestproject.dll" id="380eb0c8-d6f7-276e-b9b6-a564a8f6129e">
      <Execution id="463cd2d1-57ab-4dab-a5d4-fdbe1d5c82ad" />
      <TestMethod codeBase="C:\Projekty\NUnitTestProject\bin\Debug\netcoreapp3.1\NUnitTestProject.dll" adapterTypeName="executor://nunit3testexecutor/" className="NUnitTestProject.CurrencyHelperTests" name="FormatToStringTest1000(8582.709131852587d,&quot;8582.71 zł&quot;)" />
    </UnitTest>
    <UnitTest name="FormatToStringTest1000(26843.15785584932d,&quot;26843.16 zł&quot;)" storage="c:\projekty\nunittestproject\bin\debug\netcoreapp3.1\nunittestproject.dll" id="4195877a-ded9-22b8-62f7-465d0dab0554">
      <Execution id="300ee1b6-737a-4c1e-8cd0-1c20249fd808" />
      <TestMethod codeBase="C:\Projekty\NUnitTestProject\bin\Debug\netcoreapp3.1\NUnitTestProject.dll" adapterTypeName="executor://nunit3testexecutor/" className="NUnitTestProject.CurrencyHelperTests" name="FormatToStringTest1000(26843.15785584932d,&quot;26843.16 zł&quot;)" />
    </UnitTest>
    <UnitTest name="FormatToStringTest1000(25882.451101077d,&quot;25882.45 zł&quot;)" storage="c:\projekty\nunittestproject\bin\debug\netcoreapp3.1\nunittestproject.dll" id="61eb0848-4e9b-4d1d-2e7a-801bcb7d8307">
      <Execution id="b2c86e1e-991e-4f1d-97eb-1a50f33f2dd7" />
      <TestMethod codeBase="C:\Projekty\NUnitTestProject\bin\Debug\netcoreapp3.1\NUnitTestProject.dll" adapterTypeName="executor://nunit3testexecutor/" className="NUnitTestProject.CurrencyHelperTests" name="FormatToStringTest1000(25882.451101077d,&quot;25882.45 zł&quot;)" />
    </UnitTest>
    <UnitTest name="FormatToStringTest1000(52481.07276821932d,&quot;52481.07 zł&quot;)" storage="c:\projekty\nunittestproject\bin\debug\netcoreapp3.1\nunittestproject.dll" id="ad74bc79-5a2e-0559-0112-48492a8006d2">
      <Execution id="909c875c-7aaa-48cc-a64b-84be37a1c085" />
      <TestMethod codeBase="C:\Projekty\NUnitTestProject\bin\Debug\netcoreapp3.1\NUnitTestProject.dll" adapterTypeName="executor://nunit3testexecutor/" className="NUnitTestProject.CurrencyHelperTests" name="FormatToStringTest1000(52481.07276821932d,&quot;52481.07 zł&quot;)" />
    </UnitTest>
    <UnitTest name="FormatToStringTest1000(8768.816937361293d,&quot;8768.82 zł&quot;)" storage="c:\projekty\nunittestproject\bin\debug\netcoreapp3.1\nunittestproject.dll" id="11ead46a-3fc2-e54b-9ee7-6572b1ea2616">
      <Execution id="eb238bd8-a75b-4347-93c1-720524db1cd3" />
      <TestMethod codeBase="C:\Projekty\NUnitTestProject\bin\Debug\netcoreapp3.1\NUnitTestProject.dll" adapterTypeName="executor://nunit3testexecutor/" className="NUnitTestProject.CurrencyHelperTests" name="FormatToStringTest1000(8768.816937361293d,&quot;8768.82 zł&quot;)" />
    </UnitTest>
    <UnitTest name="FormatToStringTest1000(8492.904747505161d,&quot;8492.90 zł&quot;)" storage="c:\projekty\nunittestproject\bin\debug\netcoreapp3.1\nunittestproject.dll" id="7e45dd7d-e48e-5c57-3fb0-37befdf85fdc">
      <Execution id="8c7edd5d-6f1e-4380-bb98-edf6b658ae47" />
      <TestMethod codeBase="C:\Projekty\NUnitTestProject\bin\Debug\netcoreapp3.1\NUnitTestProject.dll" adapterTypeName="executor://nunit3testexecutor/" className="NUnitTestProject.CurrencyHelperTests" name="FormatToStringTest1000(8492.904747505161d,&quot;8492.90 zł&quot;)" />
    </UnitTest>
    <UnitTest name="FormatToStringTest1000(14063.90676654871d,&quot;14063.91 zł&quot;)" storage="c:\projekty\nunittestproject\bin\debug\netcoreapp3.1\nunittestproject.dll" id="aff0dd6a-515d-d68f-384c-79614af1fe73">
      <Execution id="b31f0556-1c56-4096-b395-d88c2e6e3f62" />
      <TestMethod codeBase="C:\Projekty\NUnitTestProject\bin\Debug\netcoreapp3.1\NUnitTestProject.dll" adapterTypeName="executor://nunit3testexecutor/" className="NUnitTestProject.CurrencyHelperTests" name="FormatToStringTest1000(14063.90676654871d,&quot;14063.91 zł&quot;)" />
    </UnitTest>
    <UnitTest name="FormatToStringTest1000(18990.72499258012d,&quot;18990.72 zł&quot;)" storage="c:\projekty\nunittestproject\bin\debug\netcoreapp3.1\nunittestproject.dll" id="bce75dbd-45ca-03c5-19ba-bad21cb2572e">
      <Execution id="54994b55-0d34-4293-acd5-90b19d716c1b" />
      <TestMethod codeBase="C:\Projekty\NUnitTestProject\bin\Debug\netcoreapp3.1\NUnitTestProject.dll" adapterTypeName="executor://nunit3testexecutor/" className="NUnitTestProject.CurrencyHelperTests" name="FormatToStringTest1000(18990.72499258012d,&quot;18990.72 zł&quot;)" />
    </UnitTest>
    <UnitTest name="FormatToStringTest1000(68479.93492677805d,&quot;68479.93 zł&quot;)" storage="c:\projekty\nunittestproject\bin\debug\netcoreapp3.1\nunittestproject.dll" id="73a1abc1-28a4-b23c-9ff3-4e27cf222dab">
      <Execution id="25538897-6d7e-42bd-9adc-84b8bcb93416" />
      <TestMethod codeBase="C:\Projekty\NUnitTestProject\bin\Debug\netcoreapp3.1\NUnitTestProject.dll" adapterTypeName="executor://nunit3testexecutor/" className="NUnitTestProject.CurrencyHelperTests" name="FormatToStringTest1000(68479.93492677805d,&quot;68479.93 zł&quot;)" />
    </UnitTest>
    <UnitTest name="FormatToStringTest1000(9774.341362926803d,&quot;9774.34 zł&quot;)" storage="c:\projekty\nunittestproject\bin\debug\netcoreapp3.1\nunittestproject.dll" id="c93cdb71-2111-93a4-4cd8-a7548cb72ed0">
      <Execution id="1c261755-38a7-413c-8a7c-a79cb95226ab" />
      <TestMethod codeBase="C:\Projekty\NUnitTestProject\bin\Debug\netcoreapp3.1\NUnitTestProject.dll" adapterTypeName="executor://nunit3testexecutor/" className="NUnitTestProject.CurrencyHelperTests" name="FormatToStringTest1000(9774.341362926803d,&quot;9774.34 zł&quot;)" />
    </UnitTest>
    <UnitTest name="FormatToStringTest1000(41972.39431566763d,&quot;41972.39 zł&quot;)" storage="c:\projekty\nunittestproject\bin\debug\netcoreapp3.1\nunittestproject.dll" id="cbe7ad88-c615-fcac-7be4-3d317fe5861e">
      <Execution id="02b825ff-b862-4312-88be-4d573ea993c6" />
      <TestMethod codeBase="C:\Projekty\NUnitTestProject\bin\Debug\netcoreapp3.1\NUnitTestProject.dll" adapterTypeName="executor://nunit3testexecutor/" className="NUnitTestProject.CurrencyHelperTests" name="FormatToStringTest1000(41972.39431566763d,&quot;41972.39 zł&quot;)" />
    </UnitTest>
    <UnitTest name="FormatToStringTest1000(22533.17694295811d,&quot;22533.18 zł&quot;)" storage="c:\projekty\nunittestproject\bin\debug\netcoreapp3.1\nunittestproject.dll" id="041696c1-18d1-f2dd-9a5d-5cb1c9e853ff">
      <Execution id="fd14e9b5-712e-442d-9e77-b7b16447359e" />
      <TestMethod codeBase="C:\Projekty\NUnitTestProject\bin\Debug\netcoreapp3.1\NUnitTestProject.dll" adapterTypeName="executor://nunit3testexecutor/" className="NUnitTestProject.CurrencyHelperTests" name="FormatToStringTest1000(22533.17694295811d,&quot;22533.18 zł&quot;)" />
    </UnitTest>
    <UnitTest name="FormatToStringTest1000(30383.303633991305d,&quot;30383.30 zł&quot;)" storage="c:\projekty\nunittestproject\bin\debug\netcoreapp3.1\nunittestproject.dll" id="209edf4d-3b12-5a43-fec0-fca0d1a4ea6d">
      <Execution id="b471d779-8ab1-406e-812e-27c5f3467f4d" />
      <TestMethod codeBase="C:\Projekty\NUnitTestProject\bin\Debug\netcoreapp3.1\NUnitTestProject.dll" adapterTypeName="executor://nunit3testexecutor/" className="NUnitTestProject.CurrencyHelperTests" name="FormatToStringTest1000(30383.303633991305d,&quot;30383.30 zł&quot;)" />
    </UnitTest>
    <UnitTest name="FormatToStringTest1000(1130.8119115372242d,&quot;1130.81 zł&quot;)" storage="c:\projekty\nunittestproject\bin\debug\netcoreapp3.1\nunittestproject.dll" id="5bdb1fb9-c083-a878-8185-d4ef40939b65">
      <Execution id="e53fafb9-b40e-4989-bb94-b621275b0b99" />
      <TestMethod codeBase="C:\Projekty\NUnitTestProject\bin\Debug\netcoreapp3.1\NUnitTestProject.dll" adapterTypeName="executor://nunit3testexecutor/" className="NUnitTestProject.CurrencyHelperTests" name="FormatToStringTest1000(1130.8119115372242d,&quot;1130.81 zł&quot;)" />
    </UnitTest>
    <UnitTest name="FormatToStringTest1000(5396.620088554277d,&quot;5396.62 zł&quot;)" storage="c:\projekty\nunittestproject\bin\debug\netcoreapp3.1\nunittestproject.dll" id="93356272-81f1-2ca0-6a2b-a94c51c52201">
      <Execution id="547f20bf-38af-4191-b70b-f67cefb64419" />
      <TestMethod codeBase="C:\Projekty\NUnitTestProject\bin\Debug\netcoreapp3.1\NUnitTestProject.dll" adapterTypeName="executor://nunit3testexecutor/" className="NUnitTestProject.CurrencyHelperTests" name="FormatToStringTest1000(5396.620088554277d,&quot;5396.62 zł&quot;)" />
    </UnitTest>
    <UnitTest name="FormatToStringTest1000(15669.698889610218d,&quot;15669.70 zł&quot;)" storage="c:\projekty\nunittestproject\bin\debug\netcoreapp3.1\nunittestproject.dll" id="7e94e694-684d-fa09-70c8-651a86e03ea4">
      <Execution id="c05b9d03-5a9c-4b14-afa9-51dd21a45688" />
      <TestMethod codeBase="C:\Projekty\NUnitTestProject\bin\Debug\netcoreapp3.1\NUnitTestProject.dll" adapterTypeName="executor://nunit3testexecutor/" className="NUnitTestProject.CurrencyHelperTests" name="FormatToStringTest1000(15669.698889610218d,&quot;15669.70 zł&quot;)" />
    </UnitTest>
    <UnitTest name="FormatToStringTest1000(67338.80028760935d,&quot;67338.80 zł&quot;)" storage="c:\projekty\nunittestproject\bin\debug\netcoreapp3.1\nunittestproject.dll" id="511f69f7-a0fb-1d5f-80a7-db38c945bbc4">
      <Execution id="b828e4c9-d167-4c74-bc9d-2119b8762735" />
      <TestMethod codeBase="C:\Projekty\NUnitTestProject\bin\Debug\netcoreapp3.1\NUnitTestProject.dll" adapterTypeName="executor://nunit3testexecutor/" className="NUnitTestProject.CurrencyHelperTests" name="FormatToStringTest1000(67338.80028760935d,&quot;67338.80 zł&quot;)" />
    </UnitTest>
    <UnitTest name="FormatToStringTest1000(12187.551827252633d,&quot;12187.55 zł&quot;)" storage="c:\projekty\nunittestproject\bin\debug\netcoreapp3.1\nunittestproject.dll" id="4593d3e0-40c6-d633-5fcd-f61df33025dc">
      <Execution id="41f81c0f-bfbe-4db6-bdb2-fe7264184e6c" />
      <TestMethod codeBase="C:\Projekty\NUnitTestProject\bin\Debug\netcoreapp3.1\NUnitTestProject.dll" adapterTypeName="executor://nunit3testexecutor/" className="NUnitTestProject.CurrencyHelperTests" name="FormatToStringTest1000(12187.551827252633d,&quot;12187.55 zł&quot;)" />
    </UnitTest>
    <UnitTest name="FormatToStringTest1000(4857.211933034105d,&quot;4857.21 zł&quot;)" storage="c:\projekty\nunittestproject\bin\debug\netcoreapp3.1\nunittestproject.dll" id="a488094a-b6b5-d178-8919-9dcf3be59209">
      <Execution id="8b198379-a2ed-40de-a6b8-013060a55959" />
      <TestMethod codeBase="C:\Projekty\NUnitTestProject\bin\Debug\netcoreapp3.1\NUnitTestProject.dll" adapterTypeName="executor://nunit3testexecutor/" className="NUnitTestProject.CurrencyHelperTests" name="FormatToStringTest1000(4857.211933034105d,&quot;4857.21 zł&quot;)" />
    </UnitTest>
    <UnitTest name="FormatToStringTest1000(74514.06270644537d,&quot;74514.06 zł&quot;)" storage="c:\projekty\nunittestproject\bin\debug\netcoreapp3.1\nunittestproject.dll" id="c2833739-846c-dde5-0033-1a2de8fc4d5a">
      <Execution id="3c44c596-c037-4d09-8fb6-53e7b17304a5" />
      <TestMethod codeBase="C:\Projekty\NUnitTestProject\bin\Debug\netcoreapp3.1\NUnitTestProject.dll" adapterTypeName="executor://nunit3testexecutor/" className="NUnitTestProject.CurrencyHelperTests" name="FormatToStringTest1000(74514.06270644537d,&quot;74514.06 zł&quot;)" />
    </UnitTest>
    <UnitTest name="FormatToStringTest1000(35248.53555717996d,&quot;35248.54 zł&quot;)" storage="c:\projekty\nunittestproject\bin\debug\netcoreapp3.1\nunittestproject.dll" id="7f9e3406-835c-5c12-68cf-08b73690e2b2">
      <Execution id="06cf36e0-be9f-4f37-8c04-4c3356ce8946" />
      <TestMethod codeBase="C:\Projekty\NUnitTestProject\bin\Debug\netcoreapp3.1\NUnitTestProject.dll" adapterTypeName="executor://nunit3testexecutor/" className="NUnitTestProject.CurrencyHelperTests" name="FormatToStringTest1000(35248.53555717996d,&quot;35248.54 zł&quot;)" />
    </UnitTest>
    <UnitTest name="FormatToStringTest1000(5247.779940802501d,&quot;5247.78 zł&quot;)" storage="c:\projekty\nunittestproject\bin\debug\netcoreapp3.1\nunittestproject.dll" id="112e422e-04b2-3ba3-ad56-a1e5d3cfbd79">
      <Execution id="a4399316-48e7-4210-99d1-42d5e1cf5dc3" />
      <TestMethod codeBase="C:\Projekty\NUnitTestProject\bin\Debug\netcoreapp3.1\NUnitTestProject.dll" adapterTypeName="executor://nunit3testexecutor/" className="NUnitTestProject.CurrencyHelperTests" name="FormatToStringTest1000(5247.779940802501d,&quot;5247.78 zł&quot;)" />
    </UnitTest>
    <UnitTest name="FormatToStringTest1000(39146.892120180135d,&quot;39146.89 zł&quot;)" storage="c:\projekty\nunittestproject\bin\debug\netcoreapp3.1\nunittestproject.dll" id="853ab17c-1011-8c0b-9611-6a309f52ffd7">
      <Execution id="308539ef-9139-43e8-a464-238a709a3508" />
      <TestMethod codeBase="C:\Projekty\NUnitTestProject\bin\Debug\netcoreapp3.1\NUnitTestProject.dll" adapterTypeName="executor://nunit3testexecutor/" className="NUnitTestProject.CurrencyHelperTests" name="FormatToStringTest1000(39146.892120180135d,&quot;39146.89 zł&quot;)" />
    </UnitTest>
    <UnitTest name="FormatToStringTest1000(17579.823312525088d,&quot;17579.82 zł&quot;)" storage="c:\projekty\nunittestproject\bin\debug\netcoreapp3.1\nunittestproject.dll" id="38306153-a308-b729-5fc5-ac18787be15f">
      <Execution id="032cfe6f-616d-4d0c-b83f-3dc6936a133c" />
      <TestMethod codeBase="C:\Projekty\NUnitTestProject\bin\Debug\netcoreapp3.1\NUnitTestProject.dll" adapterTypeName="executor://nunit3testexecutor/" className="NUnitTestProject.CurrencyHelperTests" name="FormatToStringTest1000(17579.823312525088d,&quot;17579.82 zł&quot;)" />
    </UnitTest>
    <UnitTest name="FormatToStringTest1000(30320.450517486992d,&quot;30320.45 zł&quot;)" storage="c:\projekty\nunittestproject\bin\debug\netcoreapp3.1\nunittestproject.dll" id="5bc31484-16d9-023b-e244-308f6e26f09a">
      <Execution id="1f0878ec-e7cb-470a-ba54-a62feb01c8ee" />
      <TestMethod codeBase="C:\Projekty\NUnitTestProject\bin\Debug\netcoreapp3.1\NUnitTestProject.dll" adapterTypeName="executor://nunit3testexecutor/" className="NUnitTestProject.CurrencyHelperTests" name="FormatToStringTest1000(30320.450517486992d,&quot;30320.45 zł&quot;)" />
    </UnitTest>
    <UnitTest name="FormatToStringTest1000(25116.590135570892d,&quot;25116.59 zł&quot;)" storage="c:\projekty\nunittestproject\bin\debug\netcoreapp3.1\nunittestproject.dll" id="3ff03a46-b206-b458-f53e-9c5468df465e">
      <Execution id="f91e195e-493b-4e47-a344-655db62077d3" />
      <TestMethod codeBase="C:\Projekty\NUnitTestProject\bin\Debug\netcoreapp3.1\NUnitTestProject.dll" adapterTypeName="executor://nunit3testexecutor/" className="NUnitTestProject.CurrencyHelperTests" name="FormatToStringTest1000(25116.590135570892d,&quot;25116.59 zł&quot;)" />
    </UnitTest>
    <UnitTest name="FormatToStringTest1000(81326.3340147521d,&quot;81326.33 zł&quot;)" storage="c:\projekty\nunittestproject\bin\debug\netcoreapp3.1\nunittestproject.dll" id="1a9a0ddf-514c-baf9-413c-22119b976aa4">
      <Execution id="6d979442-8bdb-466b-963b-45c8196e79c8" />
      <TestMethod codeBase="C:\Projekty\NUnitTestProject\bin\Debug\netcoreapp3.1\NUnitTestProject.dll" adapterTypeName="executor://nunit3testexecutor/" className="NUnitTestProject.CurrencyHelperTests" name="FormatToStringTest1000(81326.3340147521d,&quot;81326.33 zł&quot;)" />
    </UnitTest>
    <UnitTest name="FormatToStringTest1000(100.45267071130345d,&quot;100.45 zł&quot;)" storage="c:\projekty\nunittestproject\bin\debug\netcoreapp3.1\nunittestproject.dll" id="bf8e531c-343c-5c0a-d3e5-66c9023885a3">
      <Execution id="34c71dff-2832-40db-8e9d-52c71c1dbf33" />
      <TestMethod codeBase="C:\Projekty\NUnitTestProject\bin\Debug\netcoreapp3.1\NUnitTestProject.dll" adapterTypeName="executor://nunit3testexecutor/" className="NUnitTestProject.CurrencyHelperTests" name="FormatToStringTest1000(100.45267071130345d,&quot;100.45 zł&quot;)" />
    </UnitTest>
    <UnitTest name="FormatToStringTest1000(4812.162927013898d,&quot;4812.16 zł&quot;)" storage="c:\projekty\nunittestproject\bin\debug\netcoreapp3.1\nunittestproject.dll" id="f0622268-a7b0-73db-dcaa-b07ea595271b">
      <Execution id="9377b5aa-4990-4757-9043-974d3bc0a56d" />
      <TestMethod codeBase="C:\Projekty\NUnitTestProject\bin\Debug\netcoreapp3.1\NUnitTestProject.dll" adapterTypeName="executor://nunit3testexecutor/" className="NUnitTestProject.CurrencyHelperTests" name="FormatToStringTest1000(4812.162927013898d,&quot;4812.16 zł&quot;)" />
    </UnitTest>
    <UnitTest name="FormatToStringTest1000(2166.4103293970275d,&quot;2166.41 zł&quot;)" storage="c:\projekty\nunittestproject\bin\debug\netcoreapp3.1\nunittestproject.dll" id="b09e548c-5a83-3ac9-fa3f-e5118e38e1d9">
      <Execution id="c46e23ea-f018-45ea-8e56-9ac7b61741e9" />
      <TestMethod codeBase="C:\Projekty\NUnitTestProject\bin\Debug\netcoreapp3.1\NUnitTestProject.dll" adapterTypeName="executor://nunit3testexecutor/" className="NUnitTestProject.CurrencyHelperTests" name="FormatToStringTest1000(2166.4103293970275d,&quot;2166.41 zł&quot;)" />
    </UnitTest>
    <UnitTest name="FormatToStringTest1000(1562.3173604776698d,&quot;1562.32 zł&quot;)" storage="c:\projekty\nunittestproject\bin\debug\netcoreapp3.1\nunittestproject.dll" id="d187567e-7ba7-c49e-1e54-13fd327095e9">
      <Execution id="ba15dce9-e465-4409-adf5-1f6e647d631c" />
      <TestMethod codeBase="C:\Projekty\NUnitTestProject\bin\Debug\netcoreapp3.1\NUnitTestProject.dll" adapterTypeName="executor://nunit3testexecutor/" className="NUnitTestProject.CurrencyHelperTests" name="FormatToStringTest1000(1562.3173604776698d,&quot;1562.32 zł&quot;)" />
    </UnitTest>
    <UnitTest name="FormatToStringTest1000(22604.838218828587d,&quot;22604.84 zł&quot;)" storage="c:\projekty\nunittestproject\bin\debug\netcoreapp3.1\nunittestproject.dll" id="5667c806-5b5f-868c-360c-740b6f484339">
      <Execution id="e751a7bb-a9da-4b95-ba80-0223190a61da" />
      <TestMethod codeBase="C:\Projekty\NUnitTestProject\bin\Debug\netcoreapp3.1\NUnitTestProject.dll" adapterTypeName="executor://nunit3testexecutor/" className="NUnitTestProject.CurrencyHelperTests" name="FormatToStringTest1000(22604.838218828587d,&quot;22604.84 zł&quot;)" />
    </UnitTest>
    <UnitTest name="FormatToStringTest1000(12903.541202012237d,&quot;12903.54 zł&quot;)" storage="c:\projekty\nunittestproject\bin\debug\netcoreapp3.1\nunittestproject.dll" id="1ae81526-c34e-30fb-a453-ec950aa3ef1c">
      <Execution id="2dca112d-3c16-47c3-acc9-fb890617aadd" />
      <TestMethod codeBase="C:\Projekty\NUnitTestProject\bin\Debug\netcoreapp3.1\NUnitTestProject.dll" adapterTypeName="executor://nunit3testexecutor/" className="NUnitTestProject.CurrencyHelperTests" name="FormatToStringTest1000(12903.541202012237d,&quot;12903.54 zł&quot;)" />
    </UnitTest>
    <UnitTest name="FormatToStringTest1000(4652.407073443945d,&quot;4652.41 zł&quot;)" storage="c:\projekty\nunittestproject\bin\debug\netcoreapp3.1\nunittestproject.dll" id="bc3f5322-761c-1784-32c8-0807bc806b0a">
      <Execution id="bae1009f-3d8f-40b1-a2c5-8e9191b311ba" />
      <TestMethod codeBase="C:\Projekty\NUnitTestProject\bin\Debug\netcoreapp3.1\NUnitTestProject.dll" adapterTypeName="executor://nunit3testexecutor/" className="NUnitTestProject.CurrencyHelperTests" name="FormatToStringTest1000(4652.407073443945d,&quot;4652.41 zł&quot;)" />
    </UnitTest>
    <UnitTest name="FormatToStringTest1000(29362.005930638876d,&quot;29362.01 zł&quot;)" storage="c:\projekty\nunittestproject\bin\debug\netcoreapp3.1\nunittestproject.dll" id="5c5be749-8fc1-a0d2-2b32-3e2f32d1a7a1">
      <Execution id="ba28b4b8-8b03-470b-bbdc-22e3543da0bc" />
      <TestMethod codeBase="C:\Projekty\NUnitTestProject\bin\Debug\netcoreapp3.1\NUnitTestProject.dll" adapterTypeName="executor://nunit3testexecutor/" className="NUnitTestProject.CurrencyHelperTests" name="FormatToStringTest1000(29362.005930638876d,&quot;29362.01 zł&quot;)" />
    </UnitTest>
    <UnitTest name="FormatToStringTest1000(158.49784791027093d,&quot;158.50 zł&quot;)" storage="c:\projekty\nunittestproject\bin\debug\netcoreapp3.1\nunittestproject.dll" id="69c4777a-51de-9c54-0ee3-eb6af65c109e">
      <Execution id="ac0af7ff-08f2-4db7-a230-fa28ed25082d" />
      <TestMethod codeBase="C:\Projekty\NUnitTestProject\bin\Debug\netcoreapp3.1\NUnitTestProject.dll" adapterTypeName="executor://nunit3testexecutor/" className="NUnitTestProject.CurrencyHelperTests" name="FormatToStringTest1000(158.49784791027093d,&quot;158.50 zł&quot;)" />
    </UnitTest>
    <UnitTest name="FormatToStringTest1000(40035.54711080787d,&quot;40035.55 zł&quot;)" storage="c:\projekty\nunittestproject\bin\debug\netcoreapp3.1\nunittestproject.dll" id="7ba81b36-e120-9974-bbd1-63dae796d45c">
      <Execution id="fdb35aa2-a5cb-4b59-a57b-0950463f285f" />
      <TestMethod codeBase="C:\Projekty\NUnitTestProject\bin\Debug\netcoreapp3.1\NUnitTestProject.dll" adapterTypeName="executor://nunit3testexecutor/" className="NUnitTestProject.CurrencyHelperTests" name="FormatToStringTest1000(40035.54711080787d,&quot;40035.55 zł&quot;)" />
    </UnitTest>
    <UnitTest name="FormatToStringTest1000(238.1379397484185d,&quot;238.14 zł&quot;)" storage="c:\projekty\nunittestproject\bin\debug\netcoreapp3.1\nunittestproject.dll" id="b781e920-c895-0d1c-5363-71c65713c53a">
      <Execution id="7ccf5bfe-3d93-4e31-bffa-5466c6b6bf56" />
      <TestMethod codeBase="C:\Projekty\NUnitTestProject\bin\Debug\netcoreapp3.1\NUnitTestProject.dll" adapterTypeName="executor://nunit3testexecutor/" className="NUnitTestProject.CurrencyHelperTests" name="FormatToStringTest1000(238.1379397484185d,&quot;238.14 zł&quot;)" />
    </UnitTest>
    <UnitTest name="FormatToStringTest1000(16986.338876065027d,&quot;16986.34 zł&quot;)" storage="c:\projekty\nunittestproject\bin\debug\netcoreapp3.1\nunittestproject.dll" id="aeefe3bf-b956-1766-ab65-91503c288180">
      <Execution id="5e431cd2-c132-4d08-80bb-4e074a7ddb74" />
      <TestMethod codeBase="C:\Projekty\NUnitTestProject\bin\Debug\netcoreapp3.1\NUnitTestProject.dll" adapterTypeName="executor://nunit3testexecutor/" className="NUnitTestProject.CurrencyHelperTests" name="FormatToStringTest1000(16986.338876065027d,&quot;16986.34 zł&quot;)" />
    </UnitTest>
    <UnitTest name="FormatToStringTest1000(6170.939441211959d,&quot;6170.94 zł&quot;)" storage="c:\projekty\nunittestproject\bin\debug\netcoreapp3.1\nunittestproject.dll" id="3490543a-9aad-4d93-690a-aa8da10d1845">
      <Execution id="326e472b-6a0f-409c-8d3e-2bc5bf932023" />
      <TestMethod codeBase="C:\Projekty\NUnitTestProject\bin\Debug\netcoreapp3.1\NUnitTestProject.dll" adapterTypeName="executor://nunit3testexecutor/" className="NUnitTestProject.CurrencyHelperTests" name="FormatToStringTest1000(6170.939441211959d,&quot;6170.94 zł&quot;)" />
    </UnitTest>
    <UnitTest name="FormatToStringTest1000(66019.32414194118d,&quot;66019.32 zł&quot;)" storage="c:\projekty\nunittestproject\bin\debug\netcoreapp3.1\nunittestproject.dll" id="cee9a7d1-ec49-f6f1-a300-399ccd3bc1b7">
      <Execution id="15c16647-2e8d-4534-b1aa-75556b169ea3" />
      <TestMethod codeBase="C:\Projekty\NUnitTestProject\bin\Debug\netcoreapp3.1\NUnitTestProject.dll" adapterTypeName="executor://nunit3testexecutor/" className="NUnitTestProject.CurrencyHelperTests" name="FormatToStringTest1000(66019.32414194118d,&quot;66019.32 zł&quot;)" />
    </UnitTest>
    <UnitTest name="FormatToStringTest1000(22248.263319677797d,&quot;22248.26 zł&quot;)" storage="c:\projekty\nunittestproject\bin\debug\netcoreapp3.1\nunittestproject.dll" id="f4854fd4-587a-5d07-271a-654c42d2751c">
      <Execution id="37f17d24-3987-4333-af9b-3d548b9d970f" />
      <TestMethod codeBase="C:\Projekty\NUnitTestProject\bin\Debug\netcoreapp3.1\NUnitTestProject.dll" adapterTypeName="executor://nunit3testexecutor/" className="NUnitTestProject.CurrencyHelperTests" name="FormatToStringTest1000(22248.263319677797d,&quot;22248.26 zł&quot;)" />
    </UnitTest>
    <UnitTest name="FormatToStringTest1000(9867.823212210007d,&quot;9867.82 zł&quot;)" storage="c:\projekty\nunittestproject\bin\debug\netcoreapp3.1\nunittestproject.dll" id="386c80c9-6738-6119-052a-4c505d8f4e31">
      <Execution id="55184d14-871e-46d1-8576-026201a6a83b" />
      <TestMethod codeBase="C:\Projekty\NUnitTestProject\bin\Debug\netcoreapp3.1\NUnitTestProject.dll" adapterTypeName="executor://nunit3testexecutor/" className="NUnitTestProject.CurrencyHelperTests" name="FormatToStringTest1000(9867.823212210007d,&quot;9867.82 zł&quot;)" />
    </UnitTest>
    <UnitTest name="FormatToStringTest1000(8599.45217413616d,&quot;8599.45 zł&quot;)" storage="c:\projekty\nunittestproject\bin\debug\netcoreapp3.1\nunittestproject.dll" id="b707b6dd-6efb-76f3-be89-5a3ace5192c9">
      <Execution id="71435d48-db9e-4d90-900d-f5844f6fa54b" />
      <TestMethod codeBase="C:\Projekty\NUnitTestProject\bin\Debug\netcoreapp3.1\NUnitTestProject.dll" adapterTypeName="executor://nunit3testexecutor/" className="NUnitTestProject.CurrencyHelperTests" name="FormatToStringTest1000(8599.45217413616d,&quot;8599.45 zł&quot;)" />
    </UnitTest>
    <UnitTest name="FormatToStringTest1000(51632.87002968503d,&quot;51632.87 zł&quot;)" storage="c:\projekty\nunittestproject\bin\debug\netcoreapp3.1\nunittestproject.dll" id="b074171d-4bb2-388e-f619-96efeb179b06">
      <Execution id="f60e3aaa-6891-4b40-a80d-94cb7c6a783b" />
      <TestMethod codeBase="C:\Projekty\NUnitTestProject\bin\Debug\netcoreapp3.1\NUnitTestProject.dll" adapterTypeName="executor://nunit3testexecutor/" className="NUnitTestProject.CurrencyHelperTests" name="FormatToStringTest1000(51632.87002968503d,&quot;51632.87 zł&quot;)" />
    </UnitTest>
    <UnitTest name="FormatToStringTest1000(74152.7503934562d,&quot;74152.75 zł&quot;)" storage="c:\projekty\nunittestproject\bin\debug\netcoreapp3.1\nunittestproject.dll" id="d147ccf7-2e90-d95d-62de-1759c3690066">
      <Execution id="0a6f38ce-18be-4b13-8f46-40e33e41cc78" />
      <TestMethod codeBase="C:\Projekty\NUnitTestProject\bin\Debug\netcoreapp3.1\NUnitTestProject.dll" adapterTypeName="executor://nunit3testexecutor/" className="NUnitTestProject.CurrencyHelperTests" name="FormatToStringTest1000(74152.7503934562d,&quot;74152.75 zł&quot;)" />
    </UnitTest>
    <UnitTest name="FormatToStringTest1000(38803.03958246253d,&quot;38803.04 zł&quot;)" storage="c:\projekty\nunittestproject\bin\debug\netcoreapp3.1\nunittestproject.dll" id="032648fc-0fdc-1a5c-ef88-d85403381c03">
      <Execution id="e3a4f34c-d97b-4ef8-89d1-4f9873dad349" />
      <TestMethod codeBase="C:\Projekty\NUnitTestProject\bin\Debug\netcoreapp3.1\NUnitTestProject.dll" adapterTypeName="executor://nunit3testexecutor/" className="NUnitTestProject.CurrencyHelperTests" name="FormatToStringTest1000(38803.03958246253d,&quot;38803.04 zł&quot;)" />
    </UnitTest>
    <UnitTest name="FormatToStringTest1000(750.5106571719566d,&quot;750.51 zł&quot;)" storage="c:\projekty\nunittestproject\bin\debug\netcoreapp3.1\nunittestproject.dll" id="764dde41-f2ed-c432-64e0-910368db710d">
      <Execution id="2c7f0d49-1989-4fb9-9375-a51056619fd8" />
      <TestMethod codeBase="C:\Projekty\NUnitTestProject\bin\Debug\netcoreapp3.1\NUnitTestProject.dll" adapterTypeName="executor://nunit3testexecutor/" className="NUnitTestProject.CurrencyHelperTests" name="FormatToStringTest1000(750.5106571719566d,&quot;750.51 zł&quot;)" />
    </UnitTest>
    <UnitTest name="FormatToStringTest1000(60701.5177499319d,&quot;60701.52 zł&quot;)" storage="c:\projekty\nunittestproject\bin\debug\netcoreapp3.1\nunittestproject.dll" id="5793f365-d163-be21-ca1f-4a66a13f32b3">
      <Execution id="0fe12731-e957-48ce-8382-ae1a54695b23" />
      <TestMethod codeBase="C:\Projekty\NUnitTestProject\bin\Debug\netcoreapp3.1\NUnitTestProject.dll" adapterTypeName="executor://nunit3testexecutor/" className="NUnitTestProject.CurrencyHelperTests" name="FormatToStringTest1000(60701.5177499319d,&quot;60701.52 zł&quot;)" />
    </UnitTest>
    <UnitTest name="FormatToStringTest1000(3521.3657738167635d,&quot;3521.37 zł&quot;)" storage="c:\projekty\nunittestproject\bin\debug\netcoreapp3.1\nunittestproject.dll" id="daebc394-ed43-a172-b3fd-00de92d9d60e">
      <Execution id="752d008f-9ae6-4d46-b93f-5f5649900e8c" />
      <TestMethod codeBase="C:\Projekty\NUnitTestProject\bin\Debug\netcoreapp3.1\NUnitTestProject.dll" adapterTypeName="executor://nunit3testexecutor/" className="NUnitTestProject.CurrencyHelperTests" name="FormatToStringTest1000(3521.3657738167635d,&quot;3521.37 zł&quot;)" />
    </UnitTest>
    <UnitTest name="FormatToStringTest1000(15129.433864736666d,&quot;15129.43 zł&quot;)" storage="c:\projekty\nunittestproject\bin\debug\netcoreapp3.1\nunittestproject.dll" id="8257a4bf-ab18-2761-6e92-b21983b2b798">
      <Execution id="e2976d8a-0e0b-43c4-863b-a8b68afbf89f" />
      <TestMethod codeBase="C:\Projekty\NUnitTestProject\bin\Debug\netcoreapp3.1\NUnitTestProject.dll" adapterTypeName="executor://nunit3testexecutor/" className="NUnitTestProject.CurrencyHelperTests" name="FormatToStringTest1000(15129.433864736666d,&quot;15129.43 zł&quot;)" />
    </UnitTest>
    <UnitTest name="FormatToStringTest1000(6752.510462437062d,&quot;6752.51 zł&quot;)" storage="c:\projekty\nunittestproject\bin\debug\netcoreapp3.1\nunittestproject.dll" id="2e664e3e-5b40-d901-9f2b-e816fa56a993">
      <Execution id="3b4980c2-7b7f-47c9-b135-59567d16271f" />
      <TestMethod codeBase="C:\Projekty\NUnitTestProject\bin\Debug\netcoreapp3.1\NUnitTestProject.dll" adapterTypeName="executor://nunit3testexecutor/" className="NUnitTestProject.CurrencyHelperTests" name="FormatToStringTest1000(6752.510462437062d,&quot;6752.51 zł&quot;)" />
    </UnitTest>
    <UnitTest name="FormatToStringTest1000(18794.859523484418d,&quot;18794.86 zł&quot;)" storage="c:\projekty\nunittestproject\bin\debug\netcoreapp3.1\nunittestproject.dll" id="2adcf87c-7078-5286-2ca1-778b501cd9f7">
      <Execution id="9dbe46eb-7fd0-4ee9-ae13-1c280bede55d" />
      <TestMethod codeBase="C:\Projekty\NUnitTestProject\bin\Debug\netcoreapp3.1\NUnitTestProject.dll" adapterTypeName="executor://nunit3testexecutor/" className="NUnitTestProject.CurrencyHelperTests" name="FormatToStringTest1000(18794.859523484418d,&quot;18794.86 zł&quot;)" />
    </UnitTest>
    <UnitTest name="FormatToStringTest1000(4898.699005344277d,&quot;4898.70 zł&quot;)" storage="c:\projekty\nunittestproject\bin\debug\netcoreapp3.1\nunittestproject.dll" id="02f82b15-1853-9f05-8754-8f243db3e9b1">
      <Execution id="862943ec-fec5-4a6c-ae38-45a60a11d234" />
      <TestMethod codeBase="C:\Projekty\NUnitTestProject\bin\Debug\netcoreapp3.1\NUnitTestProject.dll" adapterTypeName="executor://nunit3testexecutor/" className="NUnitTestProject.CurrencyHelperTests" name="FormatToStringTest1000(4898.699005344277d,&quot;4898.70 zł&quot;)" />
    </UnitTest>
    <UnitTest name="FormatToStringTest1000(45930.2386782068d,&quot;45930.24 zł&quot;)" storage="c:\projekty\nunittestproject\bin\debug\netcoreapp3.1\nunittestproject.dll" id="d61c5a24-3052-33c6-809a-bcd51f433ccc">
      <Execution id="17cc2607-391d-4650-926a-9169d67d0422" />
      <TestMethod codeBase="C:\Projekty\NUnitTestProject\bin\Debug\netcoreapp3.1\NUnitTestProject.dll" adapterTypeName="executor://nunit3testexecutor/" className="NUnitTestProject.CurrencyHelperTests" name="FormatToStringTest1000(45930.2386782068d,&quot;45930.24 zł&quot;)" />
    </UnitTest>
    <UnitTest name="FormatToStringTest1000(12429.698213906819d,&quot;12429.70 zł&quot;)" storage="c:\projekty\nunittestproject\bin\debug\netcoreapp3.1\nunittestproject.dll" id="5fdca359-14d7-98c9-3f79-03e22f946141">
      <Execution id="c6ee4703-e30f-4581-88d1-3f3ff8454dbc" />
      <TestMethod codeBase="C:\Projekty\NUnitTestProject\bin\Debug\netcoreapp3.1\NUnitTestProject.dll" adapterTypeName="executor://nunit3testexecutor/" className="NUnitTestProject.CurrencyHelperTests" name="FormatToStringTest1000(12429.698213906819d,&quot;12429.70 zł&quot;)" />
    </UnitTest>
    <UnitTest name="FormatToStringTest1000(10461.455048841171d,&quot;10461.46 zł&quot;)" storage="c:\projekty\nunittestproject\bin\debug\netcoreapp3.1\nunittestproject.dll" id="3fdf9576-9d1e-7734-64c7-98030c7feb4a">
      <Execution id="9b2e9b61-262f-40a3-826a-e38583e5982c" />
      <TestMethod codeBase="C:\Projekty\NUnitTestProject\bin\Debug\netcoreapp3.1\NUnitTestProject.dll" adapterTypeName="executor://nunit3testexecutor/" className="NUnitTestProject.CurrencyHelperTests" name="FormatToStringTest1000(10461.455048841171d,&quot;10461.46 zł&quot;)" />
    </UnitTest>
    <UnitTest name="FormatToStringTest1000(3131.5022711732904d,&quot;3131.50 zł&quot;)" storage="c:\projekty\nunittestproject\bin\debug\netcoreapp3.1\nunittestproject.dll" id="2f0cf2d4-3a28-6b74-1791-705b9f0277be">
      <Execution id="a5880501-18d7-44db-938a-377048360a8e" />
      <TestMethod codeBase="C:\Projekty\NUnitTestProject\bin\Debug\netcoreapp3.1\NUnitTestProject.dll" adapterTypeName="executor://nunit3testexecutor/" className="NUnitTestProject.CurrencyHelperTests" name="FormatToStringTest1000(3131.5022711732904d,&quot;3131.50 zł&quot;)" />
    </UnitTest>
    <UnitTest name="FormatToStringTest1000(6958.393354767186d,&quot;6958.39 zł&quot;)" storage="c:\projekty\nunittestproject\bin\debug\netcoreapp3.1\nunittestproject.dll" id="96b3d30f-d6cb-f987-10e4-934fbe7403b3">
      <Execution id="7770f8cd-7032-4d84-b67f-6a812525e428" />
      <TestMethod codeBase="C:\Projekty\NUnitTestProject\bin\Debug\netcoreapp3.1\NUnitTestProject.dll" adapterTypeName="executor://nunit3testexecutor/" className="NUnitTestProject.CurrencyHelperTests" name="FormatToStringTest1000(6958.393354767186d,&quot;6958.39 zł&quot;)" />
    </UnitTest>
    <UnitTest name="FormatToStringTest1000(270.1894008262033d,&quot;270.19 zł&quot;)" storage="c:\projekty\nunittestproject\bin\debug\netcoreapp3.1\nunittestproject.dll" id="9a5250b7-62e0-de5b-0bd3-c2b7c7798ce7">
      <Execution id="d5ef20d8-28b7-4fd5-9260-05e70accb56e" />
      <TestMethod codeBase="C:\Projekty\NUnitTestProject\bin\Debug\netcoreapp3.1\NUnitTestProject.dll" adapterTypeName="executor://nunit3testexecutor/" className="NUnitTestProject.CurrencyHelperTests" name="FormatToStringTest1000(270.1894008262033d,&quot;270.19 zł&quot;)" />
    </UnitTest>
    <UnitTest name="FormatToStringTest1000(904.351189922705d,&quot;904.35 zł&quot;)" storage="c:\projekty\nunittestproject\bin\debug\netcoreapp3.1\nunittestproject.dll" id="a52cde15-d4da-6fd7-917d-2f5d406fbd21">
      <Execution id="510903d8-4237-4917-ae60-8bc8b4d9ed38" />
      <TestMethod codeBase="C:\Projekty\NUnitTestProject\bin\Debug\netcoreapp3.1\NUnitTestProject.dll" adapterTypeName="executor://nunit3testexecutor/" className="NUnitTestProject.CurrencyHelperTests" name="FormatToStringTest1000(904.351189922705d,&quot;904.35 zł&quot;)" />
    </UnitTest>
    <UnitTest name="FormatToStringTest1000(4252.4012513842445d,&quot;4252.40 zł&quot;)" storage="c:\projekty\nunittestproject\bin\debug\netcoreapp3.1\nunittestproject.dll" id="aa52f83a-fd01-4271-59b5-322ecc9f9333">
      <Execution id="db49e065-cf58-4013-8514-2b5ed9befbad" />
      <TestMethod codeBase="C:\Projekty\NUnitTestProject\bin\Debug\netcoreapp3.1\NUnitTestProject.dll" adapterTypeName="executor://nunit3testexecutor/" className="NUnitTestProject.CurrencyHelperTests" name="FormatToStringTest1000(4252.4012513842445d,&quot;4252.40 zł&quot;)" />
    </UnitTest>
    <UnitTest name="FormatToStringTest1000(42555.01416107594d,&quot;42555.01 zł&quot;)" storage="c:\projekty\nunittestproject\bin\debug\netcoreapp3.1\nunittestproject.dll" id="e073dcb9-6292-6a4c-9a77-75ed0e912310">
      <Execution id="4d46b532-6f6d-4eb1-9208-738aa3802315" />
      <TestMethod codeBase="C:\Projekty\NUnitTestProject\bin\Debug\netcoreapp3.1\NUnitTestProject.dll" adapterTypeName="executor://nunit3testexecutor/" className="NUnitTestProject.CurrencyHelperTests" name="FormatToStringTest1000(42555.01416107594d,&quot;42555.01 zł&quot;)" />
    </UnitTest>
    <UnitTest name="FormatToStringTest1000(66945.02904917022d,&quot;66945.03 zł&quot;)" storage="c:\projekty\nunittestproject\bin\debug\netcoreapp3.1\nunittestproject.dll" id="712f5c64-914a-8747-dac9-aeb72d33838f">
      <Execution id="e991d3a9-bf5a-41c9-8f18-1ddf3e8ee884" />
      <TestMethod codeBase="C:\Projekty\NUnitTestProject\bin\Debug\netcoreapp3.1\NUnitTestProject.dll" adapterTypeName="executor://nunit3testexecutor/" className="NUnitTestProject.CurrencyHelperTests" name="FormatToStringTest1000(66945.02904917022d,&quot;66945.03 zł&quot;)" />
    </UnitTest>
    <UnitTest name="FormatToStringTest1000(7193.552206002898d,&quot;7193.55 zł&quot;)" storage="c:\projekty\nunittestproject\bin\debug\netcoreapp3.1\nunittestproject.dll" id="e16968dc-e551-2d79-073b-6318cfa896ba">
      <Execution id="93c1a5b8-6fb7-4744-9ed4-40ac933ebae9" />
      <TestMethod codeBase="C:\Projekty\NUnitTestProject\bin\Debug\netcoreapp3.1\NUnitTestProject.dll" adapterTypeName="executor://nunit3testexecutor/" className="NUnitTestProject.CurrencyHelperTests" name="FormatToStringTest1000(7193.552206002898d,&quot;7193.55 zł&quot;)" />
    </UnitTest>
    <UnitTest name="FormatToStringTest1000(2835.0728237931958d,&quot;2835.07 zł&quot;)" storage="c:\projekty\nunittestproject\bin\debug\netcoreapp3.1\nunittestproject.dll" id="ff7d5d75-8704-2f07-483c-d76f3a2523cc">
      <Execution id="6231de3a-4aaf-49e1-88bc-c87d93d0f4f0" />
      <TestMethod codeBase="C:\Projekty\NUnitTestProject\bin\Debug\netcoreapp3.1\NUnitTestProject.dll" adapterTypeName="executor://nunit3testexecutor/" className="NUnitTestProject.CurrencyHelperTests" name="FormatToStringTest1000(2835.0728237931958d,&quot;2835.07 zł&quot;)" />
    </UnitTest>
    <UnitTest name="FormatToStringTest1000(67380.07704875062d,&quot;67380.08 zł&quot;)" storage="c:\projekty\nunittestproject\bin\debug\netcoreapp3.1\nunittestproject.dll" id="891c0d76-e64c-f414-ec6a-1381d76267bf">
      <Execution id="e7be4c8b-6acb-4cf1-8fe7-c4f2605a9e5c" />
      <TestMethod codeBase="C:\Projekty\NUnitTestProject\bin\Debug\netcoreapp3.1\NUnitTestProject.dll" adapterTypeName="executor://nunit3testexecutor/" className="NUnitTestProject.CurrencyHelperTests" name="FormatToStringTest1000(67380.07704875062d,&quot;67380.08 zł&quot;)" />
    </UnitTest>
    <UnitTest name="FormatToStringTest1000(19783.413847500186d,&quot;19783.41 zł&quot;)" storage="c:\projekty\nunittestproject\bin\debug\netcoreapp3.1\nunittestproject.dll" id="bf09f141-5d04-1546-3599-f58a7debd81e">
      <Execution id="d5e53080-bc85-4d0e-bcb1-4ec66d528861" />
      <TestMethod codeBase="C:\Projekty\NUnitTestProject\bin\Debug\netcoreapp3.1\NUnitTestProject.dll" adapterTypeName="executor://nunit3testexecutor/" className="NUnitTestProject.CurrencyHelperTests" name="FormatToStringTest1000(19783.413847500186d,&quot;19783.41 zł&quot;)" />
    </UnitTest>
    <UnitTest name="FormatToStringTest1000(12528.413830086782d,&quot;12528.41 zł&quot;)" storage="c:\projekty\nunittestproject\bin\debug\netcoreapp3.1\nunittestproject.dll" id="311588b6-1eda-5995-3667-7c2c732d3f34">
      <Execution id="6a38f694-aab2-4dee-9b00-31bf61d34dd9" />
      <TestMethod codeBase="C:\Projekty\NUnitTestProject\bin\Debug\netcoreapp3.1\NUnitTestProject.dll" adapterTypeName="executor://nunit3testexecutor/" className="NUnitTestProject.CurrencyHelperTests" name="FormatToStringTest1000(12528.413830086782d,&quot;12528.41 zł&quot;)" />
    </UnitTest>
    <UnitTest name="FormatToStringTest1000(47431.868885526375d,&quot;47431.87 zł&quot;)" storage="c:\projekty\nunittestproject\bin\debug\netcoreapp3.1\nunittestproject.dll" id="0f39fcee-dd2f-44a0-e35a-8e74fa0a37f5">
      <Execution id="cf6df4b4-3e22-4468-96a4-7621aa27228f" />
      <TestMethod codeBase="C:\Projekty\NUnitTestProject\bin\Debug\netcoreapp3.1\NUnitTestProject.dll" adapterTypeName="executor://nunit3testexecutor/" className="NUnitTestProject.CurrencyHelperTests" name="FormatToStringTest1000(47431.868885526375d,&quot;47431.87 zł&quot;)" />
    </UnitTest>
    <UnitTest name="FormatToStringTest1000(9843.625240445894d,&quot;9843.63 zł&quot;)" storage="c:\projekty\nunittestproject\bin\debug\netcoreapp3.1\nunittestproject.dll" id="c1189369-93b0-2acc-f712-00eac1c7b884">
      <Execution id="cf1c017b-3fdb-426a-8a0d-c713c7149f93" />
      <TestMethod codeBase="C:\Projekty\NUnitTestProject\bin\Debug\netcoreapp3.1\NUnitTestProject.dll" adapterTypeName="executor://nunit3testexecutor/" className="NUnitTestProject.CurrencyHelperTests" name="FormatToStringTest1000(9843.625240445894d,&quot;9843.63 zł&quot;)" />
    </UnitTest>
    <UnitTest name="FormatToStringTest1000(49256.65708813195d,&quot;49256.66 zł&quot;)" storage="c:\projekty\nunittestproject\bin\debug\netcoreapp3.1\nunittestproject.dll" id="4860ad68-0544-30ce-66fd-690992dae18e">
      <Execution id="137abec8-3983-49a5-9ad4-9f654dee4f57" />
      <TestMethod codeBase="C:\Projekty\NUnitTestProject\bin\Debug\netcoreapp3.1\NUnitTestProject.dll" adapterTypeName="executor://nunit3testexecutor/" className="NUnitTestProject.CurrencyHelperTests" name="FormatToStringTest1000(49256.65708813195d,&quot;49256.66 zł&quot;)" />
    </UnitTest>
    <UnitTest name="FormatToStringTest1000(16210.791556035536d,&quot;16210.79 zł&quot;)" storage="c:\projekty\nunittestproject\bin\debug\netcoreapp3.1\nunittestproject.dll" id="d39fbf53-bbf3-020f-e6d4-44b45bc00b41">
      <Execution id="6a4a2e42-007d-4fdd-8ddb-64a9106dd65f" />
      <TestMethod codeBase="C:\Projekty\NUnitTestProject\bin\Debug\netcoreapp3.1\NUnitTestProject.dll" adapterTypeName="executor://nunit3testexecutor/" className="NUnitTestProject.CurrencyHelperTests" name="FormatToStringTest1000(16210.791556035536d,&quot;16210.79 zł&quot;)" />
    </UnitTest>
    <UnitTest name="FormatToStringTest1000(1963.0091662979728d,&quot;1963.01 zł&quot;)" storage="c:\projekty\nunittestproject\bin\debug\netcoreapp3.1\nunittestproject.dll" id="848d2a90-a6ed-8153-c519-d66b9a7193d9">
      <Execution id="27c2a6d9-3612-4664-9cab-27ded980ff6a" />
      <TestMethod codeBase="C:\Projekty\NUnitTestProject\bin\Debug\netcoreapp3.1\NUnitTestProject.dll" adapterTypeName="executor://nunit3testexecutor/" className="NUnitTestProject.CurrencyHelperTests" name="FormatToStringTest1000(1963.0091662979728d,&quot;1963.01 zł&quot;)" />
    </UnitTest>
    <UnitTest name="FormatToStringTest1000(59247.898931587064d,&quot;59247.90 zł&quot;)" storage="c:\projekty\nunittestproject\bin\debug\netcoreapp3.1\nunittestproject.dll" id="097d9f12-a8b0-74cc-8829-12842d451447">
      <Execution id="262531ff-9417-4104-9986-69dfdd673406" />
      <TestMethod codeBase="C:\Projekty\NUnitTestProject\bin\Debug\netcoreapp3.1\NUnitTestProject.dll" adapterTypeName="executor://nunit3testexecutor/" className="NUnitTestProject.CurrencyHelperTests" name="FormatToStringTest1000(59247.898931587064d,&quot;59247.90 zł&quot;)" />
    </UnitTest>
    <UnitTest name="FormatToStringTest1000(14719.97001409762d,&quot;14719.97 zł&quot;)" storage="c:\projekty\nunittestproject\bin\debug\netcoreapp3.1\nunittestproject.dll" id="e919c93b-2878-e388-877b-68a9f48cc9b1">
      <Execution id="467d11cb-4c15-4637-94fc-33d64f8ba072" />
      <TestMethod codeBase="C:\Projekty\NUnitTestProject\bin\Debug\netcoreapp3.1\NUnitTestProject.dll" adapterTypeName="executor://nunit3testexecutor/" className="NUnitTestProject.CurrencyHelperTests" name="FormatToStringTest1000(14719.97001409762d,&quot;14719.97 zł&quot;)" />
    </UnitTest>
    <UnitTest name="FormatToStringTest1000(76751.79413498091d,&quot;76751.79 zł&quot;)" storage="c:\projekty\nunittestproject\bin\debug\netcoreapp3.1\nunittestproject.dll" id="4ce6cb72-dabd-e3eb-6074-df75f0abcb26">
      <Execution id="1248981c-bf63-42b2-a226-b0cc2df0954d" />
      <TestMethod codeBase="C:\Projekty\NUnitTestProject\bin\Debug\netcoreapp3.1\NUnitTestProject.dll" adapterTypeName="executor://nunit3testexecutor/" className="NUnitTestProject.CurrencyHelperTests" name="FormatToStringTest1000(76751.79413498091d,&quot;76751.79 zł&quot;)" />
    </UnitTest>
    <UnitTest name="FormatToStringTest1000(88616.03808168416d,&quot;88616.04 zł&quot;)" storage="c:\projekty\nunittestproject\bin\debug\netcoreapp3.1\nunittestproject.dll" id="80a01599-be59-3356-d51c-3d8e6f327fd1">
      <Execution id="682e4e7f-2ef5-41f4-ab46-a055bad1f48d" />
      <TestMethod codeBase="C:\Projekty\NUnitTestProject\bin\Debug\netcoreapp3.1\NUnitTestProject.dll" adapterTypeName="executor://nunit3testexecutor/" className="NUnitTestProject.CurrencyHelperTests" name="FormatToStringTest1000(88616.03808168416d,&quot;88616.04 zł&quot;)" />
    </UnitTest>
    <UnitTest name="FormatToStringTest1000(19882.647973500494d,&quot;19882.65 zł&quot;)" storage="c:\projekty\nunittestproject\bin\debug\netcoreapp3.1\nunittestproject.dll" id="24a1bb0d-d69a-de21-49e4-5bbbeaac5021">
      <Execution id="6787af57-e222-4bc0-967b-3fd327173a80" />
      <TestMethod codeBase="C:\Projekty\NUnitTestProject\bin\Debug\netcoreapp3.1\NUnitTestProject.dll" adapterTypeName="executor://nunit3testexecutor/" className="NUnitTestProject.CurrencyHelperTests" name="FormatToStringTest1000(19882.647973500494d,&quot;19882.65 zł&quot;)" />
    </UnitTest>
    <UnitTest name="FormatToStringTest1000(76106.57198894516d,&quot;76106.57 zł&quot;)" storage="c:\projekty\nunittestproject\bin\debug\netcoreapp3.1\nunittestproject.dll" id="b643553f-2706-197d-9fb1-e9b050657f08">
      <Execution id="d8e6e78f-9c7a-4673-b8d1-8b59fc82cabd" />
      <TestMethod codeBase="C:\Projekty\NUnitTestProject\bin\Debug\netcoreapp3.1\NUnitTestProject.dll" adapterTypeName="executor://nunit3testexecutor/" className="NUnitTestProject.CurrencyHelperTests" name="FormatToStringTest1000(76106.57198894516d,&quot;76106.57 zł&quot;)" />
    </UnitTest>
    <UnitTest name="FormatToStringTest1000(25794.833624416417d,&quot;25794.83 zł&quot;)" storage="c:\projekty\nunittestproject\bin\debug\netcoreapp3.1\nunittestproject.dll" id="64584126-c6a0-fbd7-9fe1-1a9b0d36c2b6">
      <Execution id="5b96a7f8-f969-415e-9265-1b8fb8c9edbe" />
      <TestMethod codeBase="C:\Projekty\NUnitTestProject\bin\Debug\netcoreapp3.1\NUnitTestProject.dll" adapterTypeName="executor://nunit3testexecutor/" className="NUnitTestProject.CurrencyHelperTests" name="FormatToStringTest1000(25794.833624416417d,&quot;25794.83 zł&quot;)" />
    </UnitTest>
    <UnitTest name="FormatToStringTest1000(33206.73122987837d,&quot;33206.73 zł&quot;)" storage="c:\projekty\nunittestproject\bin\debug\netcoreapp3.1\nunittestproject.dll" id="b1be5e34-279b-4416-5a52-95321e0442b4">
      <Execution id="34edce9c-eacf-4f28-be84-85735cb96658" />
      <TestMethod codeBase="C:\Projekty\NUnitTestProject\bin\Debug\netcoreapp3.1\NUnitTestProject.dll" adapterTypeName="executor://nunit3testexecutor/" className="NUnitTestProject.CurrencyHelperTests" name="FormatToStringTest1000(33206.73122987837d,&quot;33206.73 zł&quot;)" />
    </UnitTest>
    <UnitTest name="FormatToStringTest1000(32812.53695512634d,&quot;32812.54 zł&quot;)" storage="c:\projekty\nunittestproject\bin\debug\netcoreapp3.1\nunittestproject.dll" id="c7fd498b-03da-468c-aa24-ce275275bb84">
      <Execution id="34475303-f7e0-41fe-bf18-0ea0c70d2620" />
      <TestMethod codeBase="C:\Projekty\NUnitTestProject\bin\Debug\netcoreapp3.1\NUnitTestProject.dll" adapterTypeName="executor://nunit3testexecutor/" className="NUnitTestProject.CurrencyHelperTests" name="FormatToStringTest1000(32812.53695512634d,&quot;32812.54 zł&quot;)" />
    </UnitTest>
    <UnitTest name="FormatToStringTest1000(3799.9216302064815d,&quot;3799.92 zł&quot;)" storage="c:\projekty\nunittestproject\bin\debug\netcoreapp3.1\nunittestproject.dll" id="adc5ef62-1184-5cc3-ec81-b0b338d88e48">
      <Execution id="bd6291fb-ebfd-45df-b7c0-a3dbf135cbfb" />
      <TestMethod codeBase="C:\Projekty\NUnitTestProject\bin\Debug\netcoreapp3.1\NUnitTestProject.dll" adapterTypeName="executor://nunit3testexecutor/" className="NUnitTestProject.CurrencyHelperTests" name="FormatToStringTest1000(3799.9216302064815d,&quot;3799.92 zł&quot;)" />
    </UnitTest>
    <UnitTest name="FormatToStringTest1000(20482.32969107308d,&quot;20482.33 zł&quot;)" storage="c:\projekty\nunittestproject\bin\debug\netcoreapp3.1\nunittestproject.dll" id="50412f91-cd15-dc69-c1d6-5d9dbd95d4af">
      <Execution id="34b79501-aaaf-43ae-ab9c-41501be20bd3" />
      <TestMethod codeBase="C:\Projekty\NUnitTestProject\bin\Debug\netcoreapp3.1\NUnitTestProject.dll" adapterTypeName="executor://nunit3testexecutor/" className="NUnitTestProject.CurrencyHelperTests" name="FormatToStringTest1000(20482.32969107308d,&quot;20482.33 zł&quot;)" />
    </UnitTest>
    <UnitTest name="FormatToStringTest1000(45070.5442499493d,&quot;45070.54 zł&quot;)" storage="c:\projekty\nunittestproject\bin\debug\netcoreapp3.1\nunittestproject.dll" id="ce8c4658-51b9-647a-8bb3-9c2995dd5a3c">
      <Execution id="a4d0cbf1-4903-4cce-8818-9b7b8d93ddb0" />
      <TestMethod codeBase="C:\Projekty\NUnitTestProject\bin\Debug\netcoreapp3.1\NUnitTestProject.dll" adapterTypeName="executor://nunit3testexecutor/" className="NUnitTestProject.CurrencyHelperTests" name="FormatToStringTest1000(45070.5442499493d,&quot;45070.54 zł&quot;)" />
    </UnitTest>
    <UnitTest name="FormatToStringTest1000(30126.012320622805d,&quot;30126.01 zł&quot;)" storage="c:\projekty\nunittestproject\bin\debug\netcoreapp3.1\nunittestproject.dll" id="39997ae6-4a52-e491-d8ae-8d3f689efcd5">
      <Execution id="4f6610a0-cb3c-43aa-8018-6822f41fe070" />
      <TestMethod codeBase="C:\Projekty\NUnitTestProject\bin\Debug\netcoreapp3.1\NUnitTestProject.dll" adapterTypeName="executor://nunit3testexecutor/" className="NUnitTestProject.CurrencyHelperTests" name="FormatToStringTest1000(30126.012320622805d,&quot;30126.01 zł&quot;)" />
    </UnitTest>
    <UnitTest name="FormatToStringTest1000(1799.2562459103092d,&quot;1799.26 zł&quot;)" storage="c:\projekty\nunittestproject\bin\debug\netcoreapp3.1\nunittestproject.dll" id="f2ce681e-8a28-41b9-4a1e-04b76b54add8">
      <Execution id="20f53937-0022-4537-9fa8-1704b2f23934" />
      <TestMethod codeBase="C:\Projekty\NUnitTestProject\bin\Debug\netcoreapp3.1\NUnitTestProject.dll" adapterTypeName="executor://nunit3testexecutor/" className="NUnitTestProject.CurrencyHelperTests" name="FormatToStringTest1000(1799.2562459103092d,&quot;1799.26 zł&quot;)" />
    </UnitTest>
    <UnitTest name="FormatToStringTest1000(7119.076353227755d,&quot;7119.08 zł&quot;)" storage="c:\projekty\nunittestproject\bin\debug\netcoreapp3.1\nunittestproject.dll" id="0c4c15ff-4158-9c17-cd9b-2647420fd170">
      <Execution id="9f2a4745-cd31-4c9b-bd09-f5ab34b49514" />
      <TestMethod codeBase="C:\Projekty\NUnitTestProject\bin\Debug\netcoreapp3.1\NUnitTestProject.dll" adapterTypeName="executor://nunit3testexecutor/" className="NUnitTestProject.CurrencyHelperTests" name="FormatToStringTest1000(7119.076353227755d,&quot;7119.08 zł&quot;)" />
    </UnitTest>
    <UnitTest name="FormatToStringTest1000(20012.898273490322d,&quot;20012.90 zł&quot;)" storage="c:\projekty\nunittestproject\bin\debug\netcoreapp3.1\nunittestproject.dll" id="19843874-c731-8a36-a21a-27e85d4f5a57">
      <Execution id="dbf0cb48-1f68-459d-b685-0e291e09eb29" />
      <TestMethod codeBase="C:\Projekty\NUnitTestProject\bin\Debug\netcoreapp3.1\NUnitTestProject.dll" adapterTypeName="executor://nunit3testexecutor/" className="NUnitTestProject.CurrencyHelperTests" name="FormatToStringTest1000(20012.898273490322d,&quot;20012.90 zł&quot;)" />
    </UnitTest>
    <UnitTest name="FormatToStringTest1000(15190.097283723344d,&quot;15190.10 zł&quot;)" storage="c:\projekty\nunittestproject\bin\debug\netcoreapp3.1\nunittestproject.dll" id="ef53e72d-a746-f7fd-4dfa-41ab2ce4fb60">
      <Execution id="9eeeddad-9f9f-4d22-8780-8481dd70b416" />
      <TestMethod codeBase="C:\Projekty\NUnitTestProject\bin\Debug\netcoreapp3.1\NUnitTestProject.dll" adapterTypeName="executor://nunit3testexecutor/" className="NUnitTestProject.CurrencyHelperTests" name="FormatToStringTest1000(15190.097283723344d,&quot;15190.10 zł&quot;)" />
    </UnitTest>
    <UnitTest name="FormatToStringTest1000(9503.466049463705d,&quot;9503.47 zł&quot;)" storage="c:\projekty\nunittestproject\bin\debug\netcoreapp3.1\nunittestproject.dll" id="7b7e9341-cf8b-f510-483a-d874dccbbbca">
      <Execution id="5b316be1-58ac-4d92-becc-825e76cfb1e0" />
      <TestMethod codeBase="C:\Projekty\NUnitTestProject\bin\Debug\netcoreapp3.1\NUnitTestProject.dll" adapterTypeName="executor://nunit3testexecutor/" className="NUnitTestProject.CurrencyHelperTests" name="FormatToStringTest1000(9503.466049463705d,&quot;9503.47 zł&quot;)" />
    </UnitTest>
    <UnitTest name="FormatToStringTest1000(3431.864349926759d,&quot;3431.86 zł&quot;)" storage="c:\projekty\nunittestproject\bin\debug\netcoreapp3.1\nunittestproject.dll" id="99e6fef3-9023-2c5a-5c8b-926a855c5d84">
      <Execution id="c67dd2ea-59b2-486c-9a25-2e32c14cfd3c" />
      <TestMethod codeBase="C:\Projekty\NUnitTestProject\bin\Debug\netcoreapp3.1\NUnitTestProject.dll" adapterTypeName="executor://nunit3testexecutor/" className="NUnitTestProject.CurrencyHelperTests" name="FormatToStringTest1000(3431.864349926759d,&quot;3431.86 zł&quot;)" />
    </UnitTest>
    <UnitTest name="FormatToStringTest1000(8095.485677032492d,&quot;8095.49 zł&quot;)" storage="c:\projekty\nunittestproject\bin\debug\netcoreapp3.1\nunittestproject.dll" id="b168b1f7-674c-8775-2a66-cf7d7f806851">
      <Execution id="fab97505-488e-4b0b-9a67-441516bb800e" />
      <TestMethod codeBase="C:\Projekty\NUnitTestProject\bin\Debug\netcoreapp3.1\NUnitTestProject.dll" adapterTypeName="executor://nunit3testexecutor/" className="NUnitTestProject.CurrencyHelperTests" name="FormatToStringTest1000(8095.485677032492d,&quot;8095.49 zł&quot;)" />
    </UnitTest>
    <UnitTest name="FormatToStringTest1000(79.6815319544084d,&quot;79.68 zł&quot;)" storage="c:\projekty\nunittestproject\bin\debug\netcoreapp3.1\nunittestproject.dll" id="95a4da2d-eeda-4697-a7af-1236c580bef1">
      <Execution id="9b8db0e7-d9c1-4763-9a2d-3eaec0f635c8" />
      <TestMethod codeBase="C:\Projekty\NUnitTestProject\bin\Debug\netcoreapp3.1\NUnitTestProject.dll" adapterTypeName="executor://nunit3testexecutor/" className="NUnitTestProject.CurrencyHelperTests" name="FormatToStringTest1000(79.6815319544084d,&quot;79.68 zł&quot;)" />
    </UnitTest>
    <UnitTest name="FormatToStringTest1000(11100.829211263372d,&quot;11100.83 zł&quot;)" storage="c:\projekty\nunittestproject\bin\debug\netcoreapp3.1\nunittestproject.dll" id="705f4fef-5f3d-03f1-6410-c3ee16921998">
      <Execution id="831ce82d-4c09-4acc-9066-601ea563e39a" />
      <TestMethod codeBase="C:\Projekty\NUnitTestProject\bin\Debug\netcoreapp3.1\NUnitTestProject.dll" adapterTypeName="executor://nunit3testexecutor/" className="NUnitTestProject.CurrencyHelperTests" name="FormatToStringTest1000(11100.829211263372d,&quot;11100.83 zł&quot;)" />
    </UnitTest>
    <UnitTest name="FormatToStringTest1000(11944.74385168531d,&quot;11944.74 zł&quot;)" storage="c:\projekty\nunittestproject\bin\debug\netcoreapp3.1\nunittestproject.dll" id="1172006b-9d72-b3a7-ee7d-07862438f160">
      <Execution id="c8437ae5-809a-40d0-8c35-6bfa08531759" />
      <TestMethod codeBase="C:\Projekty\NUnitTestProject\bin\Debug\netcoreapp3.1\NUnitTestProject.dll" adapterTypeName="executor://nunit3testexecutor/" className="NUnitTestProject.CurrencyHelperTests" name="FormatToStringTest1000(11944.74385168531d,&quot;11944.74 zł&quot;)" />
    </UnitTest>
    <UnitTest name="FormatToStringTest1000(6313.543884690639d,&quot;6313.54 zł&quot;)" storage="c:\projekty\nunittestproject\bin\debug\netcoreapp3.1\nunittestproject.dll" id="75afa51d-4efe-ca98-69aa-dcba7171c9c1">
      <Execution id="32da680b-d1a5-4de8-aacf-9c137ba83969" />
      <TestMethod codeBase="C:\Projekty\NUnitTestProject\bin\Debug\netcoreapp3.1\NUnitTestProject.dll" adapterTypeName="executor://nunit3testexecutor/" className="NUnitTestProject.CurrencyHelperTests" name="FormatToStringTest1000(6313.543884690639d,&quot;6313.54 zł&quot;)" />
    </UnitTest>
    <UnitTest name="FormatToStringTest1000(1181.5773122979222d,&quot;1181.58 zł&quot;)" storage="c:\projekty\nunittestproject\bin\debug\netcoreapp3.1\nunittestproject.dll" id="b7ec82f7-3497-4dc6-bb74-fbcde89b4ab4">
      <Execution id="45991171-6d17-44a3-a7e7-971beefe423a" />
      <TestMethod codeBase="C:\Projekty\NUnitTestProject\bin\Debug\netcoreapp3.1\NUnitTestProject.dll" adapterTypeName="executor://nunit3testexecutor/" className="NUnitTestProject.CurrencyHelperTests" name="FormatToStringTest1000(1181.5773122979222d,&quot;1181.58 zł&quot;)" />
    </UnitTest>
    <UnitTest name="FormatToStringTest1000(20978.860218282258d,&quot;20978.86 zł&quot;)" storage="c:\projekty\nunittestproject\bin\debug\netcoreapp3.1\nunittestproject.dll" id="9c7df8f2-0bef-5347-a48a-3dbf0cbe5e21">
      <Execution id="4bbef5ea-de24-472d-bdbb-77a787383168" />
      <TestMethod codeBase="C:\Projekty\NUnitTestProject\bin\Debug\netcoreapp3.1\NUnitTestProject.dll" adapterTypeName="executor://nunit3testexecutor/" className="NUnitTestProject.CurrencyHelperTests" name="FormatToStringTest1000(20978.860218282258d,&quot;20978.86 zł&quot;)" />
    </UnitTest>
    <UnitTest name="FormatToStringTest1000(6027.66019266828d,&quot;6027.66 zł&quot;)" storage="c:\projekty\nunittestproject\bin\debug\netcoreapp3.1\nunittestproject.dll" id="7422afbf-8dc8-2993-87d6-1f702a4bc862">
      <Execution id="9382c0d1-f691-4e6d-8b2b-1803be15077d" />
      <TestMethod codeBase="C:\Projekty\NUnitTestProject\bin\Debug\netcoreapp3.1\NUnitTestProject.dll" adapterTypeName="executor://nunit3testexecutor/" className="NUnitTestProject.CurrencyHelperTests" name="FormatToStringTest1000(6027.66019266828d,&quot;6027.66 zł&quot;)" />
    </UnitTest>
    <UnitTest name="FormatToStringTest1000(10641.263377953444d,&quot;10641.26 zł&quot;)" storage="c:\projekty\nunittestproject\bin\debug\netcoreapp3.1\nunittestproject.dll" id="9abe82c5-80fa-2d6a-e76f-8b42c308f2c5">
      <Execution id="a76a1ad6-06ca-4c73-9c04-d6e1b3344a24" />
      <TestMethod codeBase="C:\Projekty\NUnitTestProject\bin\Debug\netcoreapp3.1\NUnitTestProject.dll" adapterTypeName="executor://nunit3testexecutor/" className="NUnitTestProject.CurrencyHelperTests" name="FormatToStringTest1000(10641.263377953444d,&quot;10641.26 zł&quot;)" />
    </UnitTest>
    <UnitTest name="FormatToStringTest1000(6654.099431086378d,&quot;6654.10 zł&quot;)" storage="c:\projekty\nunittestproject\bin\debug\netcoreapp3.1\nunittestproject.dll" id="62b70b12-663c-a906-288d-6817a450e2b9">
      <Execution id="29980014-fbf2-4757-b24c-299bbddd0cc1" />
      <TestMethod codeBase="C:\Projekty\NUnitTestProject\bin\Debug\netcoreapp3.1\NUnitTestProject.dll" adapterTypeName="executor://nunit3testexecutor/" className="NUnitTestProject.CurrencyHelperTests" name="FormatToStringTest1000(6654.099431086378d,&quot;6654.10 zł&quot;)" />
    </UnitTest>
    <UnitTest name="FormatToStringTest1000(7669.3855620214645d,&quot;7669.39 zł&quot;)" storage="c:\projekty\nunittestproject\bin\debug\netcoreapp3.1\nunittestproject.dll" id="90740d7b-70ce-f3ca-de0f-889615c99e7a">
      <Execution id="8085ae6e-5427-41be-9f1d-dc7685c875ec" />
      <TestMethod codeBase="C:\Projekty\NUnitTestProject\bin\Debug\netcoreapp3.1\NUnitTestProject.dll" adapterTypeName="executor://nunit3testexecutor/" className="NUnitTestProject.CurrencyHelperTests" name="FormatToStringTest1000(7669.3855620214645d,&quot;7669.39 zł&quot;)" />
    </UnitTest>
    <UnitTest name="FormatToStringTest1000(12379.347974640013d,&quot;12379.35 zł&quot;)" storage="c:\projekty\nunittestproject\bin\debug\netcoreapp3.1\nunittestproject.dll" id="f9126a5c-91ab-1e44-30e6-13ca198640cb">
      <Execution id="52457e4f-da80-44c9-abfb-492215ef2e7d" />
      <TestMethod codeBase="C:\Projekty\NUnitTestProject\bin\Debug\netcoreapp3.1\NUnitTestProject.dll" adapterTypeName="executor://nunit3testexecutor/" className="NUnitTestProject.CurrencyHelperTests" name="FormatToStringTest1000(12379.347974640013d,&quot;12379.35 zł&quot;)" />
    </UnitTest>
    <UnitTest name="FormatToStringTest1000(40400.9734049295d,&quot;40400.97 zł&quot;)" storage="c:\projekty\nunittestproject\bin\debug\netcoreapp3.1\nunittestproject.dll" id="7c29140c-1ee9-b980-7778-18b11231f8a3">
      <Execution id="71b90e87-6747-4319-a7db-e1f5898ca958" />
      <TestMethod codeBase="C:\Projekty\NUnitTestProject\bin\Debug\netcoreapp3.1\NUnitTestProject.dll" adapterTypeName="executor://nunit3testexecutor/" className="NUnitTestProject.CurrencyHelperTests" name="FormatToStringTest1000(40400.9734049295d,&quot;40400.97 zł&quot;)" />
    </UnitTest>
    <UnitTest name="FormatToStringTest1000(16388.556189478633d,&quot;16388.56 zł&quot;)" storage="c:\projekty\nunittestproject\bin\debug\netcoreapp3.1\nunittestproject.dll" id="19309037-483b-d4c8-73ea-f8f351cef324">
      <Execution id="b8da026a-2c42-43f8-a55f-59248d74cef4" />
      <TestMethod codeBase="C:\Projekty\NUnitTestProject\bin\Debug\netcoreapp3.1\NUnitTestProject.dll" adapterTypeName="executor://nunit3testexecutor/" className="NUnitTestProject.CurrencyHelperTests" name="FormatToStringTest1000(16388.556189478633d,&quot;16388.56 zł&quot;)" />
    </UnitTest>
    <UnitTest name="FormatToStringTest1000(42767.96883676898d,&quot;42767.97 zł&quot;)" storage="c:\projekty\nunittestproject\bin\debug\netcoreapp3.1\nunittestproject.dll" id="a5617ce6-af44-3da3-775d-82bd0343fcd9">
      <Execution id="1ef910bd-baf8-4b44-96b5-be7165a03d0f" />
      <TestMethod codeBase="C:\Projekty\NUnitTestProject\bin\Debug\netcoreapp3.1\NUnitTestProject.dll" adapterTypeName="executor://nunit3testexecutor/" className="NUnitTestProject.CurrencyHelperTests" name="FormatToStringTest1000(42767.96883676898d,&quot;42767.97 zł&quot;)" />
    </UnitTest>
    <UnitTest name="FormatToStringTest1000(48654.65723134794d,&quot;48654.66 zł&quot;)" storage="c:\projekty\nunittestproject\bin\debug\netcoreapp3.1\nunittestproject.dll" id="0e06d825-6ba9-71ac-24ec-c9336680dd03">
      <Execution id="11e54549-dcb5-4c97-8a15-283b4c5e135c" />
      <TestMethod codeBase="C:\Projekty\NUnitTestProject\bin\Debug\netcoreapp3.1\NUnitTestProject.dll" adapterTypeName="executor://nunit3testexecutor/" className="NUnitTestProject.CurrencyHelperTests" name="FormatToStringTest1000(48654.65723134794d,&quot;48654.66 zł&quot;)" />
    </UnitTest>
    <UnitTest name="FormatToStringTest1000(5279.315995182524d,&quot;5279.32 zł&quot;)" storage="c:\projekty\nunittestproject\bin\debug\netcoreapp3.1\nunittestproject.dll" id="84106c87-4ea7-9a5a-a250-230c7c8ac9ba">
      <Execution id="54984e4b-392a-4221-af02-8c8c30fdb87d" />
      <TestMethod codeBase="C:\Projekty\NUnitTestProject\bin\Debug\netcoreapp3.1\NUnitTestProject.dll" adapterTypeName="executor://nunit3testexecutor/" className="NUnitTestProject.CurrencyHelperTests" name="FormatToStringTest1000(5279.315995182524d,&quot;5279.32 zł&quot;)" />
    </UnitTest>
    <UnitTest name="FormatToStringTest1000(44065.726815678056d,&quot;44065.73 zł&quot;)" storage="c:\projekty\nunittestproject\bin\debug\netcoreapp3.1\nunittestproject.dll" id="fea06ea0-1747-ca17-2548-261210975e57">
      <Execution id="1e39639d-386b-4fd4-9982-e43c8c06eec4" />
      <TestMethod codeBase="C:\Projekty\NUnitTestProject\bin\Debug\netcoreapp3.1\NUnitTestProject.dll" adapterTypeName="executor://nunit3testexecutor/" className="NUnitTestProject.CurrencyHelperTests" name="FormatToStringTest1000(44065.726815678056d,&quot;44065.73 zł&quot;)" />
    </UnitTest>
    <UnitTest name="FormatToStringTest1000(19210.519530370144d,&quot;19210.52 zł&quot;)" storage="c:\projekty\nunittestproject\bin\debug\netcoreapp3.1\nunittestproject.dll" id="274e5ca5-6e22-8c94-c538-bc2ca6c5742f">
      <Execution id="0bf93cc3-d3a5-4e60-b14a-3e2e7ee88f52" />
      <TestMethod codeBase="C:\Projekty\NUnitTestProject\bin\Debug\netcoreapp3.1\NUnitTestProject.dll" adapterTypeName="executor://nunit3testexecutor/" className="NUnitTestProject.CurrencyHelperTests" name="FormatToStringTest1000(19210.519530370144d,&quot;19210.52 zł&quot;)" />
    </UnitTest>
    <UnitTest name="FormatToStringTest1000(9068.70019550468d,&quot;9068.70 zł&quot;)" storage="c:\projekty\nunittestproject\bin\debug\netcoreapp3.1\nunittestproject.dll" id="7e4135b8-b66c-77ce-172b-34d352f16888">
      <Execution id="206b823c-e712-4925-ade1-5725fc5995fe" />
      <TestMethod codeBase="C:\Projekty\NUnitTestProject\bin\Debug\netcoreapp3.1\NUnitTestProject.dll" adapterTypeName="executor://nunit3testexecutor/" className="NUnitTestProject.CurrencyHelperTests" name="FormatToStringTest1000(9068.70019550468d,&quot;9068.70 zł&quot;)" />
    </UnitTest>
    <UnitTest name="FormatToStringTest1000(32359.431438434138d,&quot;32359.43 zł&quot;)" storage="c:\projekty\nunittestproject\bin\debug\netcoreapp3.1\nunittestproject.dll" id="23adbcea-fc51-4a16-9d4b-141d8a8f1fb7">
      <Execution id="172d63bf-8be5-4617-812d-da8286f17241" />
      <TestMethod codeBase="C:\Projekty\NUnitTestProject\bin\Debug\netcoreapp3.1\NUnitTestProject.dll" adapterTypeName="executor://nunit3testexecutor/" className="NUnitTestProject.CurrencyHelperTests" name="FormatToStringTest1000(32359.431438434138d,&quot;32359.43 zł&quot;)" />
    </UnitTest>
    <UnitTest name="FormatToStringTest1000(39531.95190033268d,&quot;39531.95 zł&quot;)" storage="c:\projekty\nunittestproject\bin\debug\netcoreapp3.1\nunittestproject.dll" id="cba33adf-d8e4-1800-afdf-f1e10b328694">
      <Execution id="31d38b77-4de1-491d-81d7-6627afa7157d" />
      <TestMethod codeBase="C:\Projekty\NUnitTestProject\bin\Debug\netcoreapp3.1\NUnitTestProject.dll" adapterTypeName="executor://nunit3testexecutor/" className="NUnitTestProject.CurrencyHelperTests" name="FormatToStringTest1000(39531.95190033268d,&quot;39531.95 zł&quot;)" />
    </UnitTest>
    <UnitTest name="FormatToStringTest1000(37.631227987646696d,&quot;37.63 zł&quot;)" storage="c:\projekty\nunittestproject\bin\debug\netcoreapp3.1\nunittestproject.dll" id="71678dc5-b379-afbc-5607-17cbf413146c">
      <Execution id="c75a67a4-538d-48ce-bb08-d7ed9f1766cd" />
      <TestMethod codeBase="C:\Projekty\NUnitTestProject\bin\Debug\netcoreapp3.1\NUnitTestProject.dll" adapterTypeName="executor://nunit3testexecutor/" className="NUnitTestProject.CurrencyHelperTests" name="FormatToStringTest1000(37.631227987646696d,&quot;37.63 zł&quot;)" />
    </UnitTest>
    <UnitTest name="FormatToStringTest1000(16673.5121774904d,&quot;16673.51 zł&quot;)" storage="c:\projekty\nunittestproject\bin\debug\netcoreapp3.1\nunittestproject.dll" id="5326d1dc-d18e-0528-8ffb-d0be584509e9">
      <Execution id="828e82d0-ca79-4f7d-8be6-a697a599ac8f" />
      <TestMethod codeBase="C:\Projekty\NUnitTestProject\bin\Debug\netcoreapp3.1\NUnitTestProject.dll" adapterTypeName="executor://nunit3testexecutor/" className="NUnitTestProject.CurrencyHelperTests" name="FormatToStringTest1000(16673.5121774904d,&quot;16673.51 zł&quot;)" />
    </UnitTest>
    <UnitTest name="FormatToStringTest1000(30199.386730006612d,&quot;30199.39 zł&quot;)" storage="c:\projekty\nunittestproject\bin\debug\netcoreapp3.1\nunittestproject.dll" id="e384d116-33c4-57e3-344d-6dd941c8a721">
      <Execution id="2f420ceb-a1ed-467d-845c-9bd426f6f101" />
      <TestMethod codeBase="C:\Projekty\NUnitTestProject\bin\Debug\netcoreapp3.1\NUnitTestProject.dll" adapterTypeName="executor://nunit3testexecutor/" className="NUnitTestProject.CurrencyHelperTests" name="FormatToStringTest1000(30199.386730006612d,&quot;30199.39 zł&quot;)" />
    </UnitTest>
    <UnitTest name="FormatToStringTest1000(24024.14691439557d,&quot;24024.15 zł&quot;)" storage="c:\projekty\nunittestproject\bin\debug\netcoreapp3.1\nunittestproject.dll" id="d33250cc-856d-72f0-98a8-7c84be2f792c">
      <Execution id="d926c4ee-7494-4e9d-99e2-06a538da63e4" />
      <TestMethod codeBase="C:\Projekty\NUnitTestProject\bin\Debug\netcoreapp3.1\NUnitTestProject.dll" adapterTypeName="executor://nunit3testexecutor/" className="NUnitTestProject.CurrencyHelperTests" name="FormatToStringTest1000(24024.14691439557d,&quot;24024.15 zł&quot;)" />
    </UnitTest>
    <UnitTest name="FormatToStringTest1000(68698.01923441609d,&quot;68698.02 zł&quot;)" storage="c:\projekty\nunittestproject\bin\debug\netcoreapp3.1\nunittestproject.dll" id="6df8a807-c182-b8aa-45a8-8ae3c76a3ec5">
      <Execution id="333ce539-49c5-4841-9b3d-0ba6ed8d7082" />
      <TestMethod codeBase="C:\Projekty\NUnitTestProject\bin\Debug\netcoreapp3.1\NUnitTestProject.dll" adapterTypeName="executor://nunit3testexecutor/" className="NUnitTestProject.CurrencyHelperTests" name="FormatToStringTest1000(68698.01923441609d,&quot;68698.02 zł&quot;)" />
    </UnitTest>
    <UnitTest name="FormatToStringTest1000(4139.032615562451d,&quot;4139.03 zł&quot;)" storage="c:\projekty\nunittestproject\bin\debug\netcoreapp3.1\nunittestproject.dll" id="d6efedb1-9c49-9ed3-fbe1-de90224308a3">
      <Execution id="70fbbf3a-da85-4d27-9d03-e9c0afb73ef9" />
      <TestMethod codeBase="C:\Projekty\NUnitTestProject\bin\Debug\netcoreapp3.1\NUnitTestProject.dll" adapterTypeName="executor://nunit3testexecutor/" className="NUnitTestProject.CurrencyHelperTests" name="FormatToStringTest1000(4139.032615562451d,&quot;4139.03 zł&quot;)" />
    </UnitTest>
    <UnitTest name="FormatToStringTest1000(38402.8293406753d,&quot;38402.83 zł&quot;)" storage="c:\projekty\nunittestproject\bin\debug\netcoreapp3.1\nunittestproject.dll" id="fb12626f-6bd8-49ed-e189-ad76e4b7496b">
      <Execution id="2dff4d16-91cb-43ce-8223-27152e2cb73a" />
      <TestMethod codeBase="C:\Projekty\NUnitTestProject\bin\Debug\netcoreapp3.1\NUnitTestProject.dll" adapterTypeName="executor://nunit3testexecutor/" className="NUnitTestProject.CurrencyHelperTests" name="FormatToStringTest1000(38402.8293406753d,&quot;38402.83 zł&quot;)" />
    </UnitTest>
    <UnitTest name="FormatToStringTest1000(10324.538670147089d,&quot;10324.54 zł&quot;)" storage="c:\projekty\nunittestproject\bin\debug\netcoreapp3.1\nunittestproject.dll" id="57ff7061-f165-0166-a6d9-95fdfc400dea">
      <Execution id="c70d6651-cb61-470f-aa3a-13ade388e7fe" />
      <TestMethod codeBase="C:\Projekty\NUnitTestProject\bin\Debug\netcoreapp3.1\NUnitTestProject.dll" adapterTypeName="executor://nunit3testexecutor/" className="NUnitTestProject.CurrencyHelperTests" name="FormatToStringTest1000(10324.538670147089d,&quot;10324.54 zł&quot;)" />
    </UnitTest>
    <UnitTest name="FormatToStringTest1000(54088.326214851964d,&quot;54088.33 zł&quot;)" storage="c:\projekty\nunittestproject\bin\debug\netcoreapp3.1\nunittestproject.dll" id="026ac8cf-e708-7f65-282f-a4f25298f17b">
      <Execution id="abd37fb7-498c-41d0-b505-46bbcde0e601" />
      <TestMethod codeBase="C:\Projekty\NUnitTestProject\bin\Debug\netcoreapp3.1\NUnitTestProject.dll" adapterTypeName="executor://nunit3testexecutor/" className="NUnitTestProject.CurrencyHelperTests" name="FormatToStringTest1000(54088.326214851964d,&quot;54088.33 zł&quot;)" />
    </UnitTest>
    <UnitTest name="FormatToStringTest1000(10762.501695533518d,&quot;10762.50 zł&quot;)" storage="c:\projekty\nunittestproject\bin\debug\netcoreapp3.1\nunittestproject.dll" id="faa22825-903a-641b-03f7-ccff8cccfbb2">
      <Execution id="2323b073-4ef6-4c5e-9b80-7ca2898807e6" />
      <TestMethod codeBase="C:\Projekty\NUnitTestProject\bin\Debug\netcoreapp3.1\NUnitTestProject.dll" adapterTypeName="executor://nunit3testexecutor/" className="NUnitTestProject.CurrencyHelperTests" name="FormatToStringTest1000(10762.501695533518d,&quot;10762.50 zł&quot;)" />
    </UnitTest>
    <UnitTest name="FormatToStringTest1000(46590.9609819562d,&quot;46590.96 zł&quot;)" storage="c:\projekty\nunittestproject\bin\debug\netcoreapp3.1\nunittestproject.dll" id="0351f469-7ff9-52d3-3d77-92c2f3051f1e">
      <Execution id="47ec985f-7d82-4c12-8e61-91b477cb4680" />
      <TestMethod codeBase="C:\Projekty\NUnitTestProject\bin\Debug\netcoreapp3.1\NUnitTestProject.dll" adapterTypeName="executor://nunit3testexecutor/" className="NUnitTestProject.CurrencyHelperTests" name="FormatToStringTest1000(46590.9609819562d,&quot;46590.96 zł&quot;)" />
    </UnitTest>
    <UnitTest name="FormatToStringTest1000(598.1279707877561d,&quot;598.13 zł&quot;)" storage="c:\projekty\nunittestproject\bin\debug\netcoreapp3.1\nunittestproject.dll" id="637dad56-8638-805e-9abd-b089900557c0">
      <Execution id="efdc4355-57fd-4296-a68a-d2fbab6e5ee0" />
      <TestMethod codeBase="C:\Projekty\NUnitTestProject\bin\Debug\netcoreapp3.1\NUnitTestProject.dll" adapterTypeName="executor://nunit3testexecutor/" className="NUnitTestProject.CurrencyHelperTests" name="FormatToStringTest1000(598.1279707877561d,&quot;598.13 zł&quot;)" />
    </UnitTest>
    <UnitTest name="FormatToStringTest1000(17000.070169619317d,&quot;17000.07 zł&quot;)" storage="c:\projekty\nunittestproject\bin\debug\netcoreapp3.1\nunittestproject.dll" id="395d9b70-68ea-107f-3853-872b2d76bcc2">
      <Execution id="f9b7ebd5-6e1c-47b0-a88f-f809029309b9" />
      <TestMethod codeBase="C:\Projekty\NUnitTestProject\bin\Debug\netcoreapp3.1\NUnitTestProject.dll" adapterTypeName="executor://nunit3testexecutor/" className="NUnitTestProject.CurrencyHelperTests" name="FormatToStringTest1000(17000.070169619317d,&quot;17000.07 zł&quot;)" />
    </UnitTest>
    <UnitTest name="FormatToStringTest1000(5254.6338787505565d,&quot;5254.63 zł&quot;)" storage="c:\projekty\nunittestproject\bin\debug\netcoreapp3.1\nunittestproject.dll" id="eefaa447-aa0c-7b07-9a84-3d4387fce640">
      <Execution id="40780b11-84ef-4246-9264-621d57a560f4" />
      <TestMethod codeBase="C:\Projekty\NUnitTestProject\bin\Debug\netcoreapp3.1\NUnitTestProject.dll" adapterTypeName="executor://nunit3testexecutor/" className="NUnitTestProject.CurrencyHelperTests" name="FormatToStringTest1000(5254.6338787505565d,&quot;5254.63 zł&quot;)" />
    </UnitTest>
    <UnitTest name="FormatToStringTest1000(28068.20530246394d,&quot;28068.21 zł&quot;)" storage="c:\projekty\nunittestproject\bin\debug\netcoreapp3.1\nunittestproject.dll" id="62970bd3-0fb8-814d-a0a1-ab9e8aeaae79">
      <Execution id="772d6844-6373-47c6-856d-c304b6a80b5e" />
      <TestMethod codeBase="C:\Projekty\NUnitTestProject\bin\Debug\netcoreapp3.1\NUnitTestProject.dll" adapterTypeName="executor://nunit3testexecutor/" className="NUnitTestProject.CurrencyHelperTests" name="FormatToStringTest1000(28068.20530246394d,&quot;28068.21 zł&quot;)" />
    </UnitTest>
    <UnitTest name="FormatToStringTest1000(9754.291367935619d,&quot;9754.29 zł&quot;)" storage="c:\projekty\nunittestproject\bin\debug\netcoreapp3.1\nunittestproject.dll" id="958c8c55-b3b0-31c1-8935-1d44afe5a8c0">
      <Execution id="ed0c3ee0-e8f7-4291-b24d-b0e315eef89f" />
      <TestMethod codeBase="C:\Projekty\NUnitTestProject\bin\Debug\netcoreapp3.1\NUnitTestProject.dll" adapterTypeName="executor://nunit3testexecutor/" className="NUnitTestProject.CurrencyHelperTests" name="FormatToStringTest1000(9754.291367935619d,&quot;9754.29 zł&quot;)" />
    </UnitTest>
    <UnitTest name="FormatToStringTest1000(10784.438152511344d,&quot;10784.44 zł&quot;)" storage="c:\projekty\nunittestproject\bin\debug\netcoreapp3.1\nunittestproject.dll" id="3c1aaa80-1e63-d980-5967-7f705ee7de1e">
      <Execution id="2b17acdc-8652-442f-b021-aa4bf28feccd" />
      <TestMethod codeBase="C:\Projekty\NUnitTestProject\bin\Debug\netcoreapp3.1\NUnitTestProject.dll" adapterTypeName="executor://nunit3testexecutor/" className="NUnitTestProject.CurrencyHelperTests" name="FormatToStringTest1000(10784.438152511344d,&quot;10784.44 zł&quot;)" />
    </UnitTest>
    <UnitTest name="FormatToStringTest1000(9634.398811461124d,&quot;9634.40 zł&quot;)" storage="c:\projekty\nunittestproject\bin\debug\netcoreapp3.1\nunittestproject.dll" id="46b6b18f-a15f-ce32-4811-dbc67f87e551">
      <Execution id="89a2349a-956b-4dc3-b407-99baf3f72a56" />
      <TestMethod codeBase="C:\Projekty\NUnitTestProject\bin\Debug\netcoreapp3.1\NUnitTestProject.dll" adapterTypeName="executor://nunit3testexecutor/" className="NUnitTestProject.CurrencyHelperTests" name="FormatToStringTest1000(9634.398811461124d,&quot;9634.40 zł&quot;)" />
    </UnitTest>
    <UnitTest name="FormatToStringTest1000(31315.40354898544d,&quot;31315.40 zł&quot;)" storage="c:\projekty\nunittestproject\bin\debug\netcoreapp3.1\nunittestproject.dll" id="17d839f5-53e2-230c-5fc7-a871a7838f84">
      <Execution id="910bd523-a15f-4e66-82ec-b0b7c3b6cb43" />
      <TestMethod codeBase="C:\Projekty\NUnitTestProject\bin\Debug\netcoreapp3.1\NUnitTestProject.dll" adapterTypeName="executor://nunit3testexecutor/" className="NUnitTestProject.CurrencyHelperTests" name="FormatToStringTest1000(31315.40354898544d,&quot;31315.40 zł&quot;)" />
    </UnitTest>
    <UnitTest name="FormatToStringTest1000(26858.35647848731d,&quot;26858.36 zł&quot;)" storage="c:\projekty\nunittestproject\bin\debug\netcoreapp3.1\nunittestproject.dll" id="fe527e8d-5e3e-18c1-ed37-cc075512021b">
      <Execution id="50d6ee7f-2562-4162-ae19-0755c48f1378" />
      <TestMethod codeBase="C:\Projekty\NUnitTestProject\bin\Debug\netcoreapp3.1\NUnitTestProject.dll" adapterTypeName="executor://nunit3testexecutor/" className="NUnitTestProject.CurrencyHelperTests" name="FormatToStringTest1000(26858.35647848731d,&quot;26858.36 zł&quot;)" />
    </UnitTest>
    <UnitTest name="FormatToStringTest1000(591.2110872302256d,&quot;591.21 zł&quot;)" storage="c:\projekty\nunittestproject\bin\debug\netcoreapp3.1\nunittestproject.dll" id="7146296d-c8e1-b13f-44e4-16f25fa9af9d">
      <Execution id="5cba7fff-1c42-4d00-a8c0-34eb01914bb4" />
      <TestMethod codeBase="C:\Projekty\NUnitTestProject\bin\Debug\netcoreapp3.1\NUnitTestProject.dll" adapterTypeName="executor://nunit3testexecutor/" className="NUnitTestProject.CurrencyHelperTests" name="FormatToStringTest1000(591.2110872302256d,&quot;591.21 zł&quot;)" />
    </UnitTest>
    <UnitTest name="FormatToStringTest1000(635.3263313632116d,&quot;635.33 zł&quot;)" storage="c:\projekty\nunittestproject\bin\debug\netcoreapp3.1\nunittestproject.dll" id="74f41b57-bac2-c2b8-f1dc-9469402fc8fa">
      <Execution id="5ffc7eed-0391-4706-97c8-0ba0cc4c6f4d" />
      <TestMethod codeBase="C:\Projekty\NUnitTestProject\bin\Debug\netcoreapp3.1\NUnitTestProject.dll" adapterTypeName="executor://nunit3testexecutor/" className="NUnitTestProject.CurrencyHelperTests" name="FormatToStringTest1000(635.3263313632116d,&quot;635.33 zł&quot;)" />
    </UnitTest>
    <UnitTest name="FormatToStringTest1000(18208.8422650126d,&quot;18208.84 zł&quot;)" storage="c:\projekty\nunittestproject\bin\debug\netcoreapp3.1\nunittestproject.dll" id="3f7d9e9c-5ad3-f161-b9fe-a5f6a9ab40b4">
      <Execution id="ffe0551e-159e-48e9-aec0-61276054c03e" />
      <TestMethod codeBase="C:\Projekty\NUnitTestProject\bin\Debug\netcoreapp3.1\NUnitTestProject.dll" adapterTypeName="executor://nunit3testexecutor/" className="NUnitTestProject.CurrencyHelperTests" name="FormatToStringTest1000(18208.8422650126d,&quot;18208.84 zł&quot;)" />
    </UnitTest>
    <UnitTest name="FormatToStringTest1000(33851.35523524618d,&quot;33851.36 zł&quot;)" storage="c:\projekty\nunittestproject\bin\debug\netcoreapp3.1\nunittestproject.dll" id="9a9fb753-7e29-0228-3909-087838ec3002">
      <Execution id="8c5ac034-8726-41c4-9124-71a7174d56c5" />
      <TestMethod codeBase="C:\Projekty\NUnitTestProject\bin\Debug\netcoreapp3.1\NUnitTestProject.dll" adapterTypeName="executor://nunit3testexecutor/" className="NUnitTestProject.CurrencyHelperTests" name="FormatToStringTest1000(33851.35523524618d,&quot;33851.36 zł&quot;)" />
    </UnitTest>
    <UnitTest name="FormatToStringTest1000(49672.98901987402d,&quot;49672.99 zł&quot;)" storage="c:\projekty\nunittestproject\bin\debug\netcoreapp3.1\nunittestproject.dll" id="6236d5e6-b13b-501c-48e0-102f9eda59d6">
      <Execution id="9cf5f969-493c-46f5-8ef2-b30a60443bff" />
      <TestMethod codeBase="C:\Projekty\NUnitTestProject\bin\Debug\netcoreapp3.1\NUnitTestProject.dll" adapterTypeName="executor://nunit3testexecutor/" className="NUnitTestProject.CurrencyHelperTests" name="FormatToStringTest1000(49672.98901987402d,&quot;49672.99 zł&quot;)" />
    </UnitTest>
    <UnitTest name="FormatToStringTest1000(78796.90433980194d,&quot;78796.90 zł&quot;)" storage="c:\projekty\nunittestproject\bin\debug\netcoreapp3.1\nunittestproject.dll" id="fde9a5ec-e687-8abc-b728-b7fb0bfbd8d4">
      <Execution id="98f0bbf3-87a8-4dcf-9129-f083d397117f" />
      <TestMethod codeBase="C:\Projekty\NUnitTestProject\bin\Debug\netcoreapp3.1\NUnitTestProject.dll" adapterTypeName="executor://nunit3testexecutor/" className="NUnitTestProject.CurrencyHelperTests" name="FormatToStringTest1000(78796.90433980194d,&quot;78796.90 zł&quot;)" />
    </UnitTest>
    <UnitTest name="FormatToStringTest1000(67898.54481444067d,&quot;67898.54 zł&quot;)" storage="c:\projekty\nunittestproject\bin\debug\netcoreapp3.1\nunittestproject.dll" id="9ee728ab-0056-dd90-bcfe-6425ccab758e">
      <Execution id="f6bd18b5-bf09-4ced-9fdd-e30bae307e0e" />
      <TestMethod codeBase="C:\Projekty\NUnitTestProject\bin\Debug\netcoreapp3.1\NUnitTestProject.dll" adapterTypeName="executor://nunit3testexecutor/" className="NUnitTestProject.CurrencyHelperTests" name="FormatToStringTest1000(67898.54481444067d,&quot;67898.54 zł&quot;)" />
    </UnitTest>
    <UnitTest name="FormatToStringTest1000(10661.19584154207d,&quot;10661.20 zł&quot;)" storage="c:\projekty\nunittestproject\bin\debug\netcoreapp3.1\nunittestproject.dll" id="7476f680-f31f-6c35-e7e5-6a1da5d08bf1">
      <Execution id="67c1b0f7-6f79-4067-97c4-04197747053c" />
      <TestMethod codeBase="C:\Projekty\NUnitTestProject\bin\Debug\netcoreapp3.1\NUnitTestProject.dll" adapterTypeName="executor://nunit3testexecutor/" className="NUnitTestProject.CurrencyHelperTests" name="FormatToStringTest1000(10661.19584154207d,&quot;10661.20 zł&quot;)" />
    </UnitTest>
    <UnitTest name="FormatToStringTest1000(7975.276658828965d,&quot;7975.28 zł&quot;)" storage="c:\projekty\nunittestproject\bin\debug\netcoreapp3.1\nunittestproject.dll" id="5f61ffa8-be4c-5cf6-d406-18781222cb59">
      <Execution id="9669abd9-f345-4bb2-a0ff-dc442b3cf896" />
      <TestMethod codeBase="C:\Projekty\NUnitTestProject\bin\Debug\netcoreapp3.1\NUnitTestProject.dll" adapterTypeName="executor://nunit3testexecutor/" className="NUnitTestProject.CurrencyHelperTests" name="FormatToStringTest1000(7975.276658828965d,&quot;7975.28 zł&quot;)" />
    </UnitTest>
    <UnitTest name="FormatToStringTest1000(34136.0993783046d,&quot;34136.10 zł&quot;)" storage="c:\projekty\nunittestproject\bin\debug\netcoreapp3.1\nunittestproject.dll" id="a1a0ba31-d02b-8245-607c-82258ff29354">
      <Execution id="679aefa9-28b2-46a5-89e8-1acb6685b45d" />
      <TestMethod codeBase="C:\Projekty\NUnitTestProject\bin\Debug\netcoreapp3.1\NUnitTestProject.dll" adapterTypeName="executor://nunit3testexecutor/" className="NUnitTestProject.CurrencyHelperTests" name="FormatToStringTest1000(34136.0993783046d,&quot;34136.10 zł&quot;)" />
    </UnitTest>
    <UnitTest name="FormatToStringTest1000(50956.25028206606d,&quot;50956.25 zł&quot;)" storage="c:\projekty\nunittestproject\bin\debug\netcoreapp3.1\nunittestproject.dll" id="f0aad1e7-1486-b29a-7a82-84f2693dfbe3">
      <Execution id="6903f1bf-41ff-4f4f-b041-3ddeb7de6a0b" />
      <TestMethod codeBase="C:\Projekty\NUnitTestProject\bin\Debug\netcoreapp3.1\NUnitTestProject.dll" adapterTypeName="executor://nunit3testexecutor/" className="NUnitTestProject.CurrencyHelperTests" name="FormatToStringTest1000(50956.25028206606d,&quot;50956.25 zł&quot;)" />
    </UnitTest>
    <UnitTest name="FormatToStringTest1000(26215.613055301183d,&quot;26215.61 zł&quot;)" storage="c:\projekty\nunittestproject\bin\debug\netcoreapp3.1\nunittestproject.dll" id="5d21865c-ab0e-9a36-1301-7cb3ba2d4618">
      <Execution id="f9c5b32c-52f4-48c6-b46b-42115d339701" />
      <TestMethod codeBase="C:\Projekty\NUnitTestProject\bin\Debug\netcoreapp3.1\NUnitTestProject.dll" adapterTypeName="executor://nunit3testexecutor/" className="NUnitTestProject.CurrencyHelperTests" name="FormatToStringTest1000(26215.613055301183d,&quot;26215.61 zł&quot;)" />
    </UnitTest>
    <UnitTest name="FormatToStringTest1000(33413.381276228174d,&quot;33413.38 zł&quot;)" storage="c:\projekty\nunittestproject\bin\debug\netcoreapp3.1\nunittestproject.dll" id="7af319c8-84cb-197c-29fc-ea5e77c2f3be">
      <Execution id="0d4dacf6-27c6-47c7-ad82-c6e8492db30b" />
      <TestMethod codeBase="C:\Projekty\NUnitTestProject\bin\Debug\netcoreapp3.1\NUnitTestProject.dll" adapterTypeName="executor://nunit3testexecutor/" className="NUnitTestProject.CurrencyHelperTests" name="FormatToStringTest1000(33413.381276228174d,&quot;33413.38 zł&quot;)" />
    </UnitTest>
    <UnitTest name="FormatToStringTest1000(5835.26176155557d,&quot;5835.26 zł&quot;)" storage="c:\projekty\nunittestproject\bin\debug\netcoreapp3.1\nunittestproject.dll" id="2a24dcb9-e2e0-3650-3ac7-5ec77389adc1">
      <Execution id="6202cc39-715b-475e-b71c-7d864e1d8f4b" />
      <TestMethod codeBase="C:\Projekty\NUnitTestProject\bin\Debug\netcoreapp3.1\NUnitTestProject.dll" adapterTypeName="executor://nunit3testexecutor/" className="NUnitTestProject.CurrencyHelperTests" name="FormatToStringTest1000(5835.26176155557d,&quot;5835.26 zł&quot;)" />
    </UnitTest>
    <UnitTest name="FormatToStringTest1000(19933.78650940945d,&quot;19933.79 zł&quot;)" storage="c:\projekty\nunittestproject\bin\debug\netcoreapp3.1\nunittestproject.dll" id="3222b798-5ed7-0031-3bc4-2349d5773662">
      <Execution id="8b5d7672-890f-48ea-a317-bf7d21e83a41" />
      <TestMethod codeBase="C:\Projekty\NUnitTestProject\bin\Debug\netcoreapp3.1\NUnitTestProject.dll" adapterTypeName="executor://nunit3testexecutor/" className="NUnitTestProject.CurrencyHelperTests" name="FormatToStringTest1000(19933.78650940945d,&quot;19933.79 zł&quot;)" />
    </UnitTest>
    <UnitTest name="FormatToStringTest1000(835.1578487740633d,&quot;835.16 zł&quot;)" storage="c:\projekty\nunittestproject\bin\debug\netcoreapp3.1\nunittestproject.dll" id="1ea79024-ef1b-d483-be8e-220bc24bf693">
      <Execution id="2d2d90ef-c423-49c4-9080-fd0f368f30dc" />
      <TestMethod codeBase="C:\Projekty\NUnitTestProject\bin\Debug\netcoreapp3.1\NUnitTestProject.dll" adapterTypeName="executor://nunit3testexecutor/" className="NUnitTestProject.CurrencyHelperTests" name="FormatToStringTest1000(835.1578487740633d,&quot;835.16 zł&quot;)" />
    </UnitTest>
    <UnitTest name="FormatToStringTest1000(56802.303118930344d,&quot;56802.30 zł&quot;)" storage="c:\projekty\nunittestproject\bin\debug\netcoreapp3.1\nunittestproject.dll" id="7c3bd97a-a125-9200-b1f2-a28a2e7a05fe">
      <Execution id="417361f0-4001-4a72-9db4-dda350fe6b65" />
      <TestMethod codeBase="C:\Projekty\NUnitTestProject\bin\Debug\netcoreapp3.1\NUnitTestProject.dll" adapterTypeName="executor://nunit3testexecutor/" className="NUnitTestProject.CurrencyHelperTests" name="FormatToStringTest1000(56802.303118930344d,&quot;56802.30 zł&quot;)" />
    </UnitTest>
    <UnitTest name="FormatToStringTest1000(77919.64716867341d,&quot;77919.65 zł&quot;)" storage="c:\projekty\nunittestproject\bin\debug\netcoreapp3.1\nunittestproject.dll" id="346c5a09-add8-018f-c767-f4690b937dfb">
      <Execution id="b75dfaf1-ab35-4279-96f7-768955230d4d" />
      <TestMethod codeBase="C:\Projekty\NUnitTestProject\bin\Debug\netcoreapp3.1\NUnitTestProject.dll" adapterTypeName="executor://nunit3testexecutor/" className="NUnitTestProject.CurrencyHelperTests" name="FormatToStringTest1000(77919.64716867341d,&quot;77919.65 zł&quot;)" />
    </UnitTest>
    <UnitTest name="FormatToStringTest1000(675.4589376107133d,&quot;675.46 zł&quot;)" storage="c:\projekty\nunittestproject\bin\debug\netcoreapp3.1\nunittestproject.dll" id="8ea3fac0-98e6-cacb-3107-71ef474d1509">
      <Execution id="aa5ff187-0c05-43e9-9105-dc84c1062a34" />
      <TestMethod codeBase="C:\Projekty\NUnitTestProject\bin\Debug\netcoreapp3.1\NUnitTestProject.dll" adapterTypeName="executor://nunit3testexecutor/" className="NUnitTestProject.CurrencyHelperTests" name="FormatToStringTest1000(675.4589376107133d,&quot;675.46 zł&quot;)" />
    </UnitTest>
    <UnitTest name="FormatToStringTest1000(16571.355536101553d,&quot;16571.36 zł&quot;)" storage="c:\projekty\nunittestproject\bin\debug\netcoreapp3.1\nunittestproject.dll" id="e0769b45-8199-18f4-5d81-d7fe740ba2db">
      <Execution id="d05fd5d8-ee4a-4ac5-bdb9-74796ed0a2d1" />
      <TestMethod codeBase="C:\Projekty\NUnitTestProject\bin\Debug\netcoreapp3.1\NUnitTestProject.dll" adapterTypeName="executor://nunit3testexecutor/" className="NUnitTestProject.CurrencyHelperTests" name="FormatToStringTest1000(16571.355536101553d,&quot;16571.36 zł&quot;)" />
    </UnitTest>
    <UnitTest name="FormatToStringTest1000(10174.652801423637d,&quot;10174.65 zł&quot;)" storage="c:\projekty\nunittestproject\bin\debug\netcoreapp3.1\nunittestproject.dll" id="de399ac2-0e9a-031b-1b43-49701fcdb8f0">
      <Execution id="2415d191-19c6-4b57-9e63-fe30a540e449" />
      <TestMethod codeBase="C:\Projekty\NUnitTestProject\bin\Debug\netcoreapp3.1\NUnitTestProject.dll" adapterTypeName="executor://nunit3testexecutor/" className="NUnitTestProject.CurrencyHelperTests" name="FormatToStringTest1000(10174.652801423637d,&quot;10174.65 zł&quot;)" />
    </UnitTest>
    <UnitTest name="FormatToStringTest1000(6323.24079469882d,&quot;6323.24 zł&quot;)" storage="c:\projekty\nunittestproject\bin\debug\netcoreapp3.1\nunittestproject.dll" id="1772b5c8-17fc-7339-7078-7951ac9723dd">
      <Execution id="f3406a86-e661-4406-867f-a26d1cd11720" />
      <TestMethod codeBase="C:\Projekty\NUnitTestProject\bin\Debug\netcoreapp3.1\NUnitTestProject.dll" adapterTypeName="executor://nunit3testexecutor/" className="NUnitTestProject.CurrencyHelperTests" name="FormatToStringTest1000(6323.24079469882d,&quot;6323.24 zł&quot;)" />
    </UnitTest>
    <UnitTest name="FormatToStringTest1000(19397.344749736294d,&quot;19397.34 zł&quot;)" storage="c:\projekty\nunittestproject\bin\debug\netcoreapp3.1\nunittestproject.dll" id="b8049e3c-9c33-aae7-ee13-10324d7813cb">
      <Execution id="d0a347f6-389f-4adc-93b2-4c968c751c13" />
      <TestMethod codeBase="C:\Projekty\NUnitTestProject\bin\Debug\netcoreapp3.1\NUnitTestProject.dll" adapterTypeName="executor://nunit3testexecutor/" className="NUnitTestProject.CurrencyHelperTests" name="FormatToStringTest1000(19397.344749736294d,&quot;19397.34 zł&quot;)" />
    </UnitTest>
    <UnitTest name="FormatToStringTest1000(6276.389386365838d,&quot;6276.39 zł&quot;)" storage="c:\projekty\nunittestproject\bin\debug\netcoreapp3.1\nunittestproject.dll" id="a71dfd40-e5c3-4b5b-03e3-172683e7a4a4">
      <Execution id="b23ca4c8-b118-4b90-8072-b196b4ce1f29" />
      <TestMethod codeBase="C:\Projekty\NUnitTestProject\bin\Debug\netcoreapp3.1\NUnitTestProject.dll" adapterTypeName="executor://nunit3testexecutor/" className="NUnitTestProject.CurrencyHelperTests" name="FormatToStringTest1000(6276.389386365838d,&quot;6276.39 zł&quot;)" />
    </UnitTest>
    <UnitTest name="FormatToStringTest1000(73477.18206926118d,&quot;73477.18 zł&quot;)" storage="c:\projekty\nunittestproject\bin\debug\netcoreapp3.1\nunittestproject.dll" id="615860d1-0b9e-6fa5-7fc7-61ac89388548">
      <Execution id="6485645b-8eaa-4a5a-9370-d919c572b6fa" />
      <TestMethod codeBase="C:\Projekty\NUnitTestProject\bin\Debug\netcoreapp3.1\NUnitTestProject.dll" adapterTypeName="executor://nunit3testexecutor/" className="NUnitTestProject.CurrencyHelperTests" name="FormatToStringTest1000(73477.18206926118d,&quot;73477.18 zł&quot;)" />
    </UnitTest>
    <UnitTest name="FormatToStringTest1000(27506.397047390416d,&quot;27506.40 zł&quot;)" storage="c:\projekty\nunittestproject\bin\debug\netcoreapp3.1\nunittestproject.dll" id="552b07f7-5957-56bd-9f6c-bbb880d05499">
      <Execution id="5c3903d1-8502-4d4b-8ecd-0de95b9d91b5" />
      <TestMethod codeBase="C:\Projekty\NUnitTestProject\bin\Debug\netcoreapp3.1\NUnitTestProject.dll" adapterTypeName="executor://nunit3testexecutor/" className="NUnitTestProject.CurrencyHelperTests" name="FormatToStringTest1000(27506.397047390416d,&quot;27506.40 zł&quot;)" />
    </UnitTest>
    <UnitTest name="FormatToStringTest1000(6710.131197082871d,&quot;6710.13 zł&quot;)" storage="c:\projekty\nunittestproject\bin\debug\netcoreapp3.1\nunittestproject.dll" id="9db1e6a2-c9ab-3468-9419-59249149bc04">
      <Execution id="ce8137c7-6f0b-4782-8b1a-17d04addd4b7" />
      <TestMethod codeBase="C:\Projekty\NUnitTestProject\bin\Debug\netcoreapp3.1\NUnitTestProject.dll" adapterTypeName="executor://nunit3testexecutor/" className="NUnitTestProject.CurrencyHelperTests" name="FormatToStringTest1000(6710.131197082871d,&quot;6710.13 zł&quot;)" />
    </UnitTest>
    <UnitTest name="FormatToStringTest1000(74851.91547305691d,&quot;74851.92 zł&quot;)" storage="c:\projekty\nunittestproject\bin\debug\netcoreapp3.1\nunittestproject.dll" id="859e7823-e1a7-1174-301f-2aa38167af9b">
      <Execution id="262b6be7-674b-46b2-a6a5-f0b49c08b357" />
      <TestMethod codeBase="C:\Projekty\NUnitTestProject\bin\Debug\netcoreapp3.1\NUnitTestProject.dll" adapterTypeName="executor://nunit3testexecutor/" className="NUnitTestProject.CurrencyHelperTests" name="FormatToStringTest1000(74851.91547305691d,&quot;74851.92 zł&quot;)" />
    </UnitTest>
    <UnitTest name="FormatToStringTest1000(8211.920994553679d,&quot;8211.92 zł&quot;)" storage="c:\projekty\nunittestproject\bin\debug\netcoreapp3.1\nunittestproject.dll" id="1bf3b326-0db3-88e9-a1ae-c5de32b68479">
      <Execution id="b5adb82d-dcd4-4957-9007-fa42b6e9af02" />
      <TestMethod codeBase="C:\Projekty\NUnitTestProject\bin\Debug\netcoreapp3.1\NUnitTestProject.dll" adapterTypeName="executor://nunit3testexecutor/" className="NUnitTestProject.CurrencyHelperTests" name="FormatToStringTest1000(8211.920994553679d,&quot;8211.92 zł&quot;)" />
    </UnitTest>
    <UnitTest name="FormatToStringTest1000(1994.0983933439006d,&quot;1994.10 zł&quot;)" storage="c:\projekty\nunittestproject\bin\debug\netcoreapp3.1\nunittestproject.dll" id="67cd7cf5-f472-f19a-a725-58400de88452">
      <Execution id="9f1cf019-f75f-4bd6-8587-da96e1000283" />
      <TestMethod codeBase="C:\Projekty\NUnitTestProject\bin\Debug\netcoreapp3.1\NUnitTestProject.dll" adapterTypeName="executor://nunit3testexecutor/" className="NUnitTestProject.CurrencyHelperTests" name="FormatToStringTest1000(1994.0983933439006d,&quot;1994.10 zł&quot;)" />
    </UnitTest>
    <UnitTest name="FormatToStringTest1000(22291.653251342315d,&quot;22291.65 zł&quot;)" storage="c:\projekty\nunittestproject\bin\debug\netcoreapp3.1\nunittestproject.dll" id="a05c6c11-7f69-6883-58ae-614dcfca1729">
      <Execution id="24abe846-003a-4fe1-90cc-baae6dd7bf03" />
      <TestMethod codeBase="C:\Projekty\NUnitTestProject\bin\Debug\netcoreapp3.1\NUnitTestProject.dll" adapterTypeName="executor://nunit3testexecutor/" className="NUnitTestProject.CurrencyHelperTests" name="FormatToStringTest1000(22291.653251342315d,&quot;22291.65 zł&quot;)" />
    </UnitTest>
    <UnitTest name="FormatToStringTest1000(9657.360676611475d,&quot;9657.36 zł&quot;)" storage="c:\projekty\nunittestproject\bin\debug\netcoreapp3.1\nunittestproject.dll" id="d685c2c4-f219-af53-1ba4-f062b4ec12ac">
      <Execution id="fa9c8922-5dff-4222-ba79-967d585b3b12" />
      <TestMethod codeBase="C:\Projekty\NUnitTestProject\bin\Debug\netcoreapp3.1\NUnitTestProject.dll" adapterTypeName="executor://nunit3testexecutor/" className="NUnitTestProject.CurrencyHelperTests" name="FormatToStringTest1000(9657.360676611475d,&quot;9657.36 zł&quot;)" />
    </UnitTest>
    <UnitTest name="FormatToStringTest1000(50339.31259969497d,&quot;50339.31 zł&quot;)" storage="c:\projekty\nunittestproject\bin\debug\netcoreapp3.1\nunittestproject.dll" id="0bdd31cf-560a-74a8-9cb0-f50b134f6e55">
      <Execution id="a453a146-c9eb-465c-925a-7c902688d72b" />
      <TestMethod codeBase="C:\Projekty\NUnitTestProject\bin\Debug\netcoreapp3.1\NUnitTestProject.dll" adapterTypeName="executor://nunit3testexecutor/" className="NUnitTestProject.CurrencyHelperTests" name="FormatToStringTest1000(50339.31259969497d,&quot;50339.31 zł&quot;)" />
    </UnitTest>
    <UnitTest name="FormatToStringTest1000(22153.282278674324d,&quot;22153.28 zł&quot;)" storage="c:\projekty\nunittestproject\bin\debug\netcoreapp3.1\nunittestproject.dll" id="02239eb7-c4a2-34a6-024f-aeb38f7bff3d">
      <Execution id="e95f4612-461f-4b90-8651-ece5bc89211b" />
      <TestMethod codeBase="C:\Projekty\NUnitTestProject\bin\Debug\netcoreapp3.1\NUnitTestProject.dll" adapterTypeName="executor://nunit3testexecutor/" className="NUnitTestProject.CurrencyHelperTests" name="FormatToStringTest1000(22153.282278674324d,&quot;22153.28 zł&quot;)" />
    </UnitTest>
    <UnitTest name="FormatToStringTest1000(8885.065440211942d,&quot;8885.07 zł&quot;)" storage="c:\projekty\nunittestproject\bin\debug\netcoreapp3.1\nunittestproject.dll" id="7c3fcb5f-2001-b092-5026-72ef7da49275">
      <Execution id="2186ec5d-778e-4590-a0aa-29082f94011e" />
      <TestMethod codeBase="C:\Projekty\NUnitTestProject\bin\Debug\netcoreapp3.1\NUnitTestProject.dll" adapterTypeName="executor://nunit3testexecutor/" className="NUnitTestProject.CurrencyHelperTests" name="FormatToStringTest1000(8885.065440211942d,&quot;8885.07 zł&quot;)" />
    </UnitTest>
    <UnitTest name="FormatToStringTest1000(12759.925747307914d,&quot;12759.93 zł&quot;)" storage="c:\projekty\nunittestproject\bin\debug\netcoreapp3.1\nunittestproject.dll" id="57f0eaa3-633d-272b-64dc-58e0ae797fbb">
      <Execution id="db9ad9dd-740f-4b61-ae21-52ff99e1134c" />
      <TestMethod codeBase="C:\Projekty\NUnitTestProject\bin\Debug\netcoreapp3.1\NUnitTestProject.dll" adapterTypeName="executor://nunit3testexecutor/" className="NUnitTestProject.CurrencyHelperTests" name="FormatToStringTest1000(12759.925747307914d,&quot;12759.93 zł&quot;)" />
    </UnitTest>
    <UnitTest name="FormatToStringTest1000(26223.99769144412d,&quot;26224.00 zł&quot;)" storage="c:\projekty\nunittestproject\bin\debug\netcoreapp3.1\nunittestproject.dll" id="a1315833-0fe6-4fc5-8939-3c4f1b31db5e">
      <Execution id="7c536458-3b0d-4616-b318-7c6691a6df6f" />
      <TestMethod codeBase="C:\Projekty\NUnitTestProject\bin\Debug\netcoreapp3.1\NUnitTestProject.dll" adapterTypeName="executor://nunit3testexecutor/" className="NUnitTestProject.CurrencyHelperTests" name="FormatToStringTest1000(26223.99769144412d,&quot;26224.00 zł&quot;)" />
    </UnitTest>
    <UnitTest name="FormatToStringTest1000(25288.32036814574d,&quot;25288.32 zł&quot;)" storage="c:\projekty\nunittestproject\bin\debug\netcoreapp3.1\nunittestproject.dll" id="85867aba-850c-5842-e811-a641ca5889cf">
      <Execution id="8724c5fb-dd2e-4576-ae27-6684f34e9f53" />
      <TestMethod codeBase="C:\Projekty\NUnitTestProject\bin\Debug\netcoreapp3.1\NUnitTestProject.dll" adapterTypeName="executor://nunit3testexecutor/" className="NUnitTestProject.CurrencyHelperTests" name="FormatToStringTest1000(25288.32036814574d,&quot;25288.32 zł&quot;)" />
    </UnitTest>
    <UnitTest name="FormatToStringTest1000(13745.115971449817d,&quot;13745.12 zł&quot;)" storage="c:\projekty\nunittestproject\bin\debug\netcoreapp3.1\nunittestproject.dll" id="81df71bb-e962-4121-4d15-80e255b37b1f">
      <Execution id="7447b12e-e550-4b0b-8bd2-0a1e5a2be4bf" />
      <TestMethod codeBase="C:\Projekty\NUnitTestProject\bin\Debug\netcoreapp3.1\NUnitTestProject.dll" adapterTypeName="executor://nunit3testexecutor/" className="NUnitTestProject.CurrencyHelperTests" name="FormatToStringTest1000(13745.115971449817d,&quot;13745.12 zł&quot;)" />
    </UnitTest>
    <UnitTest name="FormatToStringTest1000(9558.453124931293d,&quot;9558.45 zł&quot;)" storage="c:\projekty\nunittestproject\bin\debug\netcoreapp3.1\nunittestproject.dll" id="03f880df-4361-699a-9da6-4d3bc3d9d5a7">
      <Execution id="df8957c5-0d37-4893-a0bc-e2c3f373ee31" />
      <TestMethod codeBase="C:\Projekty\NUnitTestProject\bin\Debug\netcoreapp3.1\NUnitTestProject.dll" adapterTypeName="executor://nunit3testexecutor/" className="NUnitTestProject.CurrencyHelperTests" name="FormatToStringTest1000(9558.453124931293d,&quot;9558.45 zł&quot;)" />
    </UnitTest>
    <UnitTest name="FormatToStringTest1000(30111.54342534372d,&quot;30111.54 zł&quot;)" storage="c:\projekty\nunittestproject\bin\debug\netcoreapp3.1\nunittestproject.dll" id="63800d30-d6ac-f352-9000-d5ae21ee34db">
      <Execution id="15dd7ff2-c686-4670-8f31-6e060bae65cb" />
      <TestMethod codeBase="C:\Projekty\NUnitTestProject\bin\Debug\netcoreapp3.1\NUnitTestProject.dll" adapterTypeName="executor://nunit3testexecutor/" className="NUnitTestProject.CurrencyHelperTests" name="FormatToStringTest1000(30111.54342534372d,&quot;30111.54 zł&quot;)" />
    </UnitTest>
    <UnitTest name="FormatToStringTest1000(1821.7083499085663d,&quot;1821.71 zł&quot;)" storage="c:\projekty\nunittestproject\bin\debug\netcoreapp3.1\nunittestproject.dll" id="f2281ab7-ffb9-3d10-c3a8-1aa0cd2fcbfc">
      <Execution id="47503e4c-4be8-4148-9a28-cfa3f78ea476" />
      <TestMethod codeBase="C:\Projekty\NUnitTestProject\bin\Debug\netcoreapp3.1\NUnitTestProject.dll" adapterTypeName="executor://nunit3testexecutor/" className="NUnitTestProject.CurrencyHelperTests" name="FormatToStringTest1000(1821.7083499085663d,&quot;1821.71 zł&quot;)" />
    </UnitTest>
    <UnitTest name="FormatToStringTest1000(24476.442216712254d,&quot;24476.44 zł&quot;)" storage="c:\projekty\nunittestproject\bin\debug\netcoreapp3.1\nunittestproject.dll" id="b83433ff-1f44-78cf-aaee-d87286ab6972">
      <Execution id="f95be4ab-485f-4a7c-aec2-2044535ea2ba" />
      <TestMethod codeBase="C:\Projekty\NUnitTestProject\bin\Debug\netcoreapp3.1\NUnitTestProject.dll" adapterTypeName="executor://nunit3testexecutor/" className="NUnitTestProject.CurrencyHelperTests" name="FormatToStringTest1000(24476.442216712254d,&quot;24476.44 zł&quot;)" />
    </UnitTest>
    <UnitTest name="FormatToStringTest1000(35.34471716840971d,&quot;35.34 zł&quot;)" storage="c:\projekty\nunittestproject\bin\debug\netcoreapp3.1\nunittestproject.dll" id="d53ebf9d-a1b0-7eb1-4b91-4ab174a99cc7">
      <Execution id="ad006386-24f0-4684-95fd-5c6d769b9560" />
      <TestMethod codeBase="C:\Projekty\NUnitTestProject\bin\Debug\netcoreapp3.1\NUnitTestProject.dll" adapterTypeName="executor://nunit3testexecutor/" className="NUnitTestProject.CurrencyHelperTests" name="FormatToStringTest1000(35.34471716840971d,&quot;35.34 zł&quot;)" />
    </UnitTest>
    <UnitTest name="FormatToStringTest1000(37826.846755123166d,&quot;37826.85 zł&quot;)" storage="c:\projekty\nunittestproject\bin\debug\netcoreapp3.1\nunittestproject.dll" id="4f980f14-0ada-dd56-93fe-12a559a27314">
      <Execution id="f8f4513b-880f-4ea7-9d1a-dc8964807854" />
      <TestMethod codeBase="C:\Projekty\NUnitTestProject\bin\Debug\netcoreapp3.1\NUnitTestProject.dll" adapterTypeName="executor://nunit3testexecutor/" className="NUnitTestProject.CurrencyHelperTests" name="FormatToStringTest1000(37826.846755123166d,&quot;37826.85 zł&quot;)" />
    </UnitTest>
    <UnitTest name="FormatToStringTest1000(14003.84591249742d,&quot;14003.85 zł&quot;)" storage="c:\projekty\nunittestproject\bin\debug\netcoreapp3.1\nunittestproject.dll" id="b266e530-9059-cc9e-a2de-5a104736c757">
      <Execution id="469f5bb7-33c5-4e35-89bc-e84b967f904e" />
      <TestMethod codeBase="C:\Projekty\NUnitTestProject\bin\Debug\netcoreapp3.1\NUnitTestProject.dll" adapterTypeName="executor://nunit3testexecutor/" className="NUnitTestProject.CurrencyHelperTests" name="FormatToStringTest1000(14003.84591249742d,&quot;14003.85 zł&quot;)" />
    </UnitTest>
    <UnitTest name="FormatToStringTest1000(12949.590713378317d,&quot;12949.59 zł&quot;)" storage="c:\projekty\nunittestproject\bin\debug\netcoreapp3.1\nunittestproject.dll" id="58932f19-d7b6-d69f-2dae-d6e75aa0e55e">
      <Execution id="acc342b6-5443-4994-bd7d-553f80232e5f" />
      <TestMethod codeBase="C:\Projekty\NUnitTestProject\bin\Debug\netcoreapp3.1\NUnitTestProject.dll" adapterTypeName="executor://nunit3testexecutor/" className="NUnitTestProject.CurrencyHelperTests" name="FormatToStringTest1000(12949.590713378317d,&quot;12949.59 zł&quot;)" />
    </UnitTest>
    <UnitTest name="FormatToStringTest1000(28455.229970996843d,&quot;28455.23 zł&quot;)" storage="c:\projekty\nunittestproject\bin\debug\netcoreapp3.1\nunittestproject.dll" id="8abb9da4-977b-effb-b6fc-988ee16d7ff4">
      <Execution id="df10597a-c7b4-4f32-92ce-e58b8248ca6d" />
      <TestMethod codeBase="C:\Projekty\NUnitTestProject\bin\Debug\netcoreapp3.1\NUnitTestProject.dll" adapterTypeName="executor://nunit3testexecutor/" className="NUnitTestProject.CurrencyHelperTests" name="FormatToStringTest1000(28455.229970996843d,&quot;28455.23 zł&quot;)" />
    </UnitTest>
    <UnitTest name="FormatToStringTest1000(4554.73912809777d,&quot;4554.74 zł&quot;)" storage="c:\projekty\nunittestproject\bin\debug\netcoreapp3.1\nunittestproject.dll" id="f33cb892-3679-fe31-40d8-b78f43a0c80f">
      <Execution id="8146dd4f-89b3-4491-9f3b-ab84b9a441e4" />
      <TestMethod codeBase="C:\Projekty\NUnitTestProject\bin\Debug\netcoreapp3.1\NUnitTestProject.dll" adapterTypeName="executor://nunit3testexecutor/" className="NUnitTestProject.CurrencyHelperTests" name="FormatToStringTest1000(4554.73912809777d,&quot;4554.74 zł&quot;)" />
    </UnitTest>
    <UnitTest name="FormatToStringTest1000(19840.47672110632d,&quot;19840.48 zł&quot;)" storage="c:\projekty\nunittestproject\bin\debug\netcoreapp3.1\nunittestproject.dll" id="8d3460f1-a4b4-e4c2-2d2b-85718b89d128">
      <Execution id="68584319-542f-45fc-9313-5d5b734912c4" />
      <TestMethod codeBase="C:\Projekty\NUnitTestProject\bin\Debug\netcoreapp3.1\NUnitTestProject.dll" adapterTypeName="executor://nunit3testexecutor/" className="NUnitTestProject.CurrencyHelperTests" name="FormatToStringTest1000(19840.47672110632d,&quot;19840.48 zł&quot;)" />
    </UnitTest>
    <UnitTest name="FormatToStringTest1000(15520.346099893259d,&quot;15520.35 zł&quot;)" storage="c:\projekty\nunittestproject\bin\debug\netcoreapp3.1\nunittestproject.dll" id="95fa357e-9359-c839-8ff3-f046c9e30487">
      <Execution id="6f212be5-1350-405d-b770-8dfa2d529d3d" />
      <TestMethod codeBase="C:\Projekty\NUnitTestProject\bin\Debug\netcoreapp3.1\NUnitTestProject.dll" adapterTypeName="executor://nunit3testexecutor/" className="NUnitTestProject.CurrencyHelperTests" name="FormatToStringTest1000(15520.346099893259d,&quot;15520.35 zł&quot;)" />
    </UnitTest>
    <UnitTest name="FormatToStringTest1000(13375.96341587415d,&quot;13375.96 zł&quot;)" storage="c:\projekty\nunittestproject\bin\debug\netcoreapp3.1\nunittestproject.dll" id="66fdc644-297b-3f5c-4f4a-cb900d8c28d6">
      <Execution id="d5f6cdb1-9e52-432c-a50a-cb240bfc770d" />
      <TestMethod codeBase="C:\Projekty\NUnitTestProject\bin\Debug\netcoreapp3.1\NUnitTestProject.dll" adapterTypeName="executor://nunit3testexecutor/" className="NUnitTestProject.CurrencyHelperTests" name="FormatToStringTest1000(13375.96341587415d,&quot;13375.96 zł&quot;)" />
    </UnitTest>
    <UnitTest name="FormatToStringTest1000(4002.4180488374172d,&quot;4002.42 zł&quot;)" storage="c:\projekty\nunittestproject\bin\debug\netcoreapp3.1\nunittestproject.dll" id="f5fd9e95-4d91-8f7f-4648-e5bd7c8cc931">
      <Execution id="d33f6140-14a5-4307-8e7f-47211dc28261" />
      <TestMethod codeBase="C:\Projekty\NUnitTestProject\bin\Debug\netcoreapp3.1\NUnitTestProject.dll" adapterTypeName="executor://nunit3testexecutor/" className="NUnitTestProject.CurrencyHelperTests" name="FormatToStringTest1000(4002.4180488374172d,&quot;4002.42 zł&quot;)" />
    </UnitTest>
    <UnitTest name="FormatToStringTest1000(59768.02667973611d,&quot;59768.03 zł&quot;)" storage="c:\projekty\nunittestproject\bin\debug\netcoreapp3.1\nunittestproject.dll" id="a847ffac-041e-82ae-b13a-0b82098799e8">
      <Execution id="e3961d99-c802-43bc-a808-0f4897b501c4" />
      <TestMethod codeBase="C:\Projekty\NUnitTestProject\bin\Debug\netcoreapp3.1\NUnitTestProject.dll" adapterTypeName="executor://nunit3testexecutor/" className="NUnitTestProject.CurrencyHelperTests" name="FormatToStringTest1000(59768.02667973611d,&quot;59768.03 zł&quot;)" />
    </UnitTest>
    <UnitTest name="FormatToStringTest1000(17835.54606576988d,&quot;17835.55 zł&quot;)" storage="c:\projekty\nunittestproject\bin\debug\netcoreapp3.1\nunittestproject.dll" id="e679eaee-e3a9-8b8a-d185-7c73afee0b2f">
      <Execution id="ead45f29-b220-43be-bd77-b2ce3f86af40" />
      <TestMethod codeBase="C:\Projekty\NUnitTestProject\bin\Debug\netcoreapp3.1\NUnitTestProject.dll" adapterTypeName="executor://nunit3testexecutor/" className="NUnitTestProject.CurrencyHelperTests" name="FormatToStringTest1000(17835.54606576988d,&quot;17835.55 zł&quot;)" />
    </UnitTest>
    <UnitTest name="FormatToStringTest1000(12308.022158465357d,&quot;12308.02 zł&quot;)" storage="c:\projekty\nunittestproject\bin\debug\netcoreapp3.1\nunittestproject.dll" id="cb9006f5-cf8f-a741-60da-88003562c888">
      <Execution id="d137d5c9-2001-4c0a-95c3-a7d2ff7d392a" />
      <TestMethod codeBase="C:\Projekty\NUnitTestProject\bin\Debug\netcoreapp3.1\NUnitTestProject.dll" adapterTypeName="executor://nunit3testexecutor/" className="NUnitTestProject.CurrencyHelperTests" name="FormatToStringTest1000(12308.022158465357d,&quot;12308.02 zł&quot;)" />
    </UnitTest>
    <UnitTest name="FormatToStringTest1000(13568.230982493717d,&quot;13568.23 zł&quot;)" storage="c:\projekty\nunittestproject\bin\debug\netcoreapp3.1\nunittestproject.dll" id="9c16a4f2-9784-74bb-775d-5911328260bf">
      <Execution id="d4d84a17-e38d-4331-979e-0a698b856a8e" />
      <TestMethod codeBase="C:\Projekty\NUnitTestProject\bin\Debug\netcoreapp3.1\NUnitTestProject.dll" adapterTypeName="executor://nunit3testexecutor/" className="NUnitTestProject.CurrencyHelperTests" name="FormatToStringTest1000(13568.230982493717d,&quot;13568.23 zł&quot;)" />
    </UnitTest>
    <UnitTest name="FormatToStringTest1000(20068.867046961965d,&quot;20068.87 zł&quot;)" storage="c:\projekty\nunittestproject\bin\debug\netcoreapp3.1\nunittestproject.dll" id="004cf38c-62a9-5d39-4e66-385c7c495389">
      <Execution id="315eb4ef-887e-415c-be15-e7b09fe68958" />
      <TestMethod codeBase="C:\Projekty\NUnitTestProject\bin\Debug\netcoreapp3.1\NUnitTestProject.dll" adapterTypeName="executor://nunit3testexecutor/" className="NUnitTestProject.CurrencyHelperTests" name="FormatToStringTest1000(20068.867046961965d,&quot;20068.87 zł&quot;)" />
    </UnitTest>
    <UnitTest name="FormatToStringTest1000(26945.125386551546d,&quot;26945.13 zł&quot;)" storage="c:\projekty\nunittestproject\bin\debug\netcoreapp3.1\nunittestproject.dll" id="217115b6-0d47-12a1-e34e-67f742ff910b">
      <Execution id="933bd4a7-4da3-4571-bd37-993638b8667e" />
      <TestMethod codeBase="C:\Projekty\NUnitTestProject\bin\Debug\netcoreapp3.1\NUnitTestProject.dll" adapterTypeName="executor://nunit3testexecutor/" className="NUnitTestProject.CurrencyHelperTests" name="FormatToStringTest1000(26945.125386551546d,&quot;26945.13 zł&quot;)" />
    </UnitTest>
    <UnitTest name="FormatToStringTest1000(6205.946199725357d,&quot;6205.95 zł&quot;)" storage="c:\projekty\nunittestproject\bin\debug\netcoreapp3.1\nunittestproject.dll" id="521fa3b6-9e37-72bc-d9e9-42020df0aa26">
      <Execution id="032d07ba-8faf-4dc2-a129-cc4b8176147d" />
      <TestMethod codeBase="C:\Projekty\NUnitTestProject\bin\Debug\netcoreapp3.1\NUnitTestProject.dll" adapterTypeName="executor://nunit3testexecutor/" className="NUnitTestProject.CurrencyHelperTests" name="FormatToStringTest1000(6205.946199725357d,&quot;6205.95 zł&quot;)" />
    </UnitTest>
    <UnitTest name="FormatToStringTest1000(54724.71040318008d,&quot;54724.71 zł&quot;)" storage="c:\projekty\nunittestproject\bin\debug\netcoreapp3.1\nunittestproject.dll" id="71a2762b-d8da-32e7-80e0-7c170fef2ac7">
      <Execution id="d6e50dd0-cee8-4df6-9fd4-5dbf6a7f1b09" />
      <TestMethod codeBase="C:\Projekty\NUnitTestProject\bin\Debug\netcoreapp3.1\NUnitTestProject.dll" adapterTypeName="executor://nunit3testexecutor/" className="NUnitTestProject.CurrencyHelperTests" name="FormatToStringTest1000(54724.71040318008d,&quot;54724.71 zł&quot;)" />
    </UnitTest>
    <UnitTest name="FormatToStringTest1000(56286.70397975702d,&quot;56286.70 zł&quot;)" storage="c:\projekty\nunittestproject\bin\debug\netcoreapp3.1\nunittestproject.dll" id="8f24487f-448e-3b5a-351c-88c069a107d6">
      <Execution id="e2519087-b3fe-46bc-ab6d-7efcd792a866" />
      <TestMethod codeBase="C:\Projekty\NUnitTestProject\bin\Debug\netcoreapp3.1\NUnitTestProject.dll" adapterTypeName="executor://nunit3testexecutor/" className="NUnitTestProject.CurrencyHelperTests" name="FormatToStringTest1000(56286.70397975702d,&quot;56286.70 zł&quot;)" />
    </UnitTest>
    <UnitTest name="FormatToStringTest1000(36651.05802063414d,&quot;36651.06 zł&quot;)" storage="c:\projekty\nunittestproject\bin\debug\netcoreapp3.1\nunittestproject.dll" id="2be600d2-247c-9e20-d84c-921afba648ed">
      <Execution id="c6a0d37e-10ae-4e7d-88f0-3283be9cb5ab" />
      <TestMethod codeBase="C:\Projekty\NUnitTestProject\bin\Debug\netcoreapp3.1\NUnitTestProject.dll" adapterTypeName="executor://nunit3testexecutor/" className="NUnitTestProject.CurrencyHelperTests" name="FormatToStringTest1000(36651.05802063414d,&quot;36651.06 zł&quot;)" />
    </UnitTest>
    <UnitTest name="FormatToStringTest1000(1898.24149096489d,&quot;1898.24 zł&quot;)" storage="c:\projekty\nunittestproject\bin\debug\netcoreapp3.1\nunittestproject.dll" id="314b7968-8280-3c06-cc8d-95ee97af36dd">
      <Execution id="01dc618f-1f0f-434d-bed3-b1222d0ad1a5" />
      <TestMethod codeBase="C:\Projekty\NUnitTestProject\bin\Debug\netcoreapp3.1\NUnitTestProject.dll" adapterTypeName="executor://nunit3testexecutor/" className="NUnitTestProject.CurrencyHelperTests" name="FormatToStringTest1000(1898.24149096489d,&quot;1898.24 zł&quot;)" />
    </UnitTest>
    <UnitTest name="FormatToStringTest1000(468.83385119346616d,&quot;468.83 zł&quot;)" storage="c:\projekty\nunittestproject\bin\debug\netcoreapp3.1\nunittestproject.dll" id="c2a86a28-0c33-4ec7-8c21-c750433881c4">
      <Execution id="c1fa1d52-d0a5-441d-917a-df5a881724d0" />
      <TestMethod codeBase="C:\Projekty\NUnitTestProject\bin\Debug\netcoreapp3.1\NUnitTestProject.dll" adapterTypeName="executor://nunit3testexecutor/" className="NUnitTestProject.CurrencyHelperTests" name="FormatToStringTest1000(468.83385119346616d,&quot;468.83 zł&quot;)" />
    </UnitTest>
    <UnitTest name="FormatToStringTest1000(14867.726341984107d,&quot;14867.73 zł&quot;)" storage="c:\projekty\nunittestproject\bin\debug\netcoreapp3.1\nunittestproject.dll" id="bed158c1-cdea-cb2e-72de-fac3c7fdb2c8">
      <Execution id="70e24a3d-b42a-4bfa-9437-69174be7848d" />
      <TestMethod codeBase="C:\Projekty\NUnitTestProject\bin\Debug\netcoreapp3.1\NUnitTestProject.dll" adapterTypeName="executor://nunit3testexecutor/" className="NUnitTestProject.CurrencyHelperTests" name="FormatToStringTest1000(14867.726341984107d,&quot;14867.73 zł&quot;)" />
    </UnitTest>
    <UnitTest name="FormatToStringTest1000(28155.26504817664d,&quot;28155.27 zł&quot;)" storage="c:\projekty\nunittestproject\bin\debug\netcoreapp3.1\nunittestproject.dll" id="cdb063aa-c8f9-b0b9-d5b0-6f880917f1b4">
      <Execution id="d38cc457-d8c8-44e4-9428-5f7189a1c464" />
      <TestMethod codeBase="C:\Projekty\NUnitTestProject\bin\Debug\netcoreapp3.1\NUnitTestProject.dll" adapterTypeName="executor://nunit3testexecutor/" className="NUnitTestProject.CurrencyHelperTests" name="FormatToStringTest1000(28155.26504817664d,&quot;28155.27 zł&quot;)" />
    </UnitTest>
    <UnitTest name="FormatToStringTest1000(22831.975917587977d,&quot;22831.98 zł&quot;)" storage="c:\projekty\nunittestproject\bin\debug\netcoreapp3.1\nunittestproject.dll" id="a72152f5-7a61-c574-c2ee-c9a3ca6ccab7">
      <Execution id="a403126d-ce7a-427f-a7e2-0a5ad24e8059" />
      <TestMethod codeBase="C:\Projekty\NUnitTestProject\bin\Debug\netcoreapp3.1\NUnitTestProject.dll" adapterTypeName="executor://nunit3testexecutor/" className="NUnitTestProject.CurrencyHelperTests" name="FormatToStringTest1000(22831.975917587977d,&quot;22831.98 zł&quot;)" />
    </UnitTest>
    <UnitTest name="FormatToStringTest1000(27164.0272410419d,&quot;27164.03 zł&quot;)" storage="c:\projekty\nunittestproject\bin\debug\netcoreapp3.1\nunittestproject.dll" id="b1699ce8-743c-1964-eb7b-2aa310ecbb21">
      <Execution id="d541d595-f35b-4f84-8b79-91bb8d0289be" />
      <TestMethod codeBase="C:\Projekty\NUnitTestProject\bin\Debug\netcoreapp3.1\NUnitTestProject.dll" adapterTypeName="executor://nunit3testexecutor/" className="NUnitTestProject.CurrencyHelperTests" name="FormatToStringTest1000(27164.0272410419d,&quot;27164.03 zł&quot;)" />
    </UnitTest>
    <UnitTest name="FormatToStringTest1000(32632.105531036905d,&quot;32632.11 zł&quot;)" storage="c:\projekty\nunittestproject\bin\debug\netcoreapp3.1\nunittestproject.dll" id="369d8b6d-6b5f-c2d1-d938-37474ed850e0">
      <Execution id="5c6fbe39-ea3d-4bcb-aa2a-75f7d06a2928" />
      <TestMethod codeBase="C:\Projekty\NUnitTestProject\bin\Debug\netcoreapp3.1\NUnitTestProject.dll" adapterTypeName="executor://nunit3testexecutor/" className="NUnitTestProject.CurrencyHelperTests" name="FormatToStringTest1000(32632.105531036905d,&quot;32632.11 zł&quot;)" />
    </UnitTest>
    <UnitTest name="FormatToStringTest1000(626.135364110179d,&quot;626.14 zł&quot;)" storage="c:\projekty\nunittestproject\bin\debug\netcoreapp3.1\nunittestproject.dll" id="3c732fdd-347f-bf9b-4cee-87347d32525f">
      <Execution id="071d9bf3-7fdc-49a3-9195-1d8a49ee7925" />
      <TestMethod codeBase="C:\Projekty\NUnitTestProject\bin\Debug\netcoreapp3.1\NUnitTestProject.dll" adapterTypeName="executor://nunit3testexecutor/" className="NUnitTestProject.CurrencyHelperTests" name="FormatToStringTest1000(626.135364110179d,&quot;626.14 zł&quot;)" />
    </UnitTest>
    <UnitTest name="FormatToStringTest1000(28987.862854782896d,&quot;28987.86 zł&quot;)" storage="c:\projekty\nunittestproject\bin\debug\netcoreapp3.1\nunittestproject.dll" id="bd80c668-2405-22c1-740d-ec63dfd58306">
      <Execution id="00110a4d-e570-4e8a-b827-93c628e2fa61" />
      <TestMethod codeBase="C:\Projekty\NUnitTestProject\bin\Debug\netcoreapp3.1\NUnitTestProject.dll" adapterTypeName="executor://nunit3testexecutor/" className="NUnitTestProject.CurrencyHelperTests" name="FormatToStringTest1000(28987.862854782896d,&quot;28987.86 zł&quot;)" />
    </UnitTest>
    <UnitTest name="FormatToStringTest1000(16825.83099003268d,&quot;16825.83 zł&quot;)" storage="c:\projekty\nunittestproject\bin\debug\netcoreapp3.1\nunittestproject.dll" id="299c3fd4-a01d-2a60-05c1-ad11698aa276">
      <Execution id="c0bb681d-03ff-4700-a801-93bab4e9cd6a" />
      <TestMethod codeBase="C:\Projekty\NUnitTestProject\bin\Debug\netcoreapp3.1\NUnitTestProject.dll" adapterTypeName="executor://nunit3testexecutor/" className="NUnitTestProject.CurrencyHelperTests" name="FormatToStringTest1000(16825.83099003268d,&quot;16825.83 zł&quot;)" />
    </UnitTest>
    <UnitTest name="FormatToStringTest1000(2039.440966411699d,&quot;2039.44 zł&quot;)" storage="c:\projekty\nunittestproject\bin\debug\netcoreapp3.1\nunittestproject.dll" id="e24a4a8b-d823-3179-90dd-34c590157361">
      <Execution id="f295b829-0165-445a-b031-161bc64c18a5" />
      <TestMethod codeBase="C:\Projekty\NUnitTestProject\bin\Debug\netcoreapp3.1\NUnitTestProject.dll" adapterTypeName="executor://nunit3testexecutor/" className="NUnitTestProject.CurrencyHelperTests" name="FormatToStringTest1000(2039.440966411699d,&quot;2039.44 zł&quot;)" />
    </UnitTest>
    <UnitTest name="FormatToStringTest1000(9628.688698104437d,&quot;9628.69 zł&quot;)" storage="c:\projekty\nunittestproject\bin\debug\netcoreapp3.1\nunittestproject.dll" id="244a126b-865c-f129-c9cf-f22a9a00e343">
      <Execution id="7931f228-9aac-40a5-b234-2b8fffea5159" />
      <TestMethod codeBase="C:\Projekty\NUnitTestProject\bin\Debug\netcoreapp3.1\NUnitTestProject.dll" adapterTypeName="executor://nunit3testexecutor/" className="NUnitTestProject.CurrencyHelperTests" name="FormatToStringTest1000(9628.688698104437d,&quot;9628.69 zł&quot;)" />
    </UnitTest>
    <UnitTest name="FormatToStringTest1000(32262.93788198984d,&quot;32262.94 zł&quot;)" storage="c:\projekty\nunittestproject\bin\debug\netcoreapp3.1\nunittestproject.dll" id="74c0130b-d063-4d59-6d84-18416c8beb4f">
      <Execution id="f0c22fe2-6782-4519-9243-ae86adb4d524" />
      <TestMethod codeBase="C:\Projekty\NUnitTestProject\bin\Debug\netcoreapp3.1\NUnitTestProject.dll" adapterTypeName="executor://nunit3testexecutor/" className="NUnitTestProject.CurrencyHelperTests" name="FormatToStringTest1000(32262.93788198984d,&quot;32262.94 zł&quot;)" />
    </UnitTest>
    <UnitTest name="FormatToStringTest1000(21573.45329517613d,&quot;21573.45 zł&quot;)" storage="c:\projekty\nunittestproject\bin\debug\netcoreapp3.1\nunittestproject.dll" id="e00200eb-3a34-f266-bd48-fa5530d514f6">
      <Execution id="ee646391-4766-4669-ac3d-73064fccf1e9" />
      <TestMethod codeBase="C:\Projekty\NUnitTestProject\bin\Debug\netcoreapp3.1\NUnitTestProject.dll" adapterTypeName="executor://nunit3testexecutor/" className="NUnitTestProject.CurrencyHelperTests" name="FormatToStringTest1000(21573.45329517613d,&quot;21573.45 zł&quot;)" />
    </UnitTest>
    <UnitTest name="FormatToStringTest1000(7050.437505805137d,&quot;7050.44 zł&quot;)" storage="c:\projekty\nunittestproject\bin\debug\netcoreapp3.1\nunittestproject.dll" id="d5a3e949-dba8-8515-82f0-b4d3600a13aa">
      <Execution id="a91797ca-02f6-4041-bd17-23d4c4dad29c" />
      <TestMethod codeBase="C:\Projekty\NUnitTestProject\bin\Debug\netcoreapp3.1\NUnitTestProject.dll" adapterTypeName="executor://nunit3testexecutor/" className="NUnitTestProject.CurrencyHelperTests" name="FormatToStringTest1000(7050.437505805137d,&quot;7050.44 zł&quot;)" />
    </UnitTest>
    <UnitTest name="FormatToStringTest1000(20640.678251201603d,&quot;20640.68 zł&quot;)" storage="c:\projekty\nunittestproject\bin\debug\netcoreapp3.1\nunittestproject.dll" id="a01314ec-fbb5-964d-0d33-e4eebe884133">
      <Execution id="184f0ad9-1fff-4e2c-84e3-22ea7945502d" />
      <TestMethod codeBase="C:\Projekty\NUnitTestProject\bin\Debug\netcoreapp3.1\NUnitTestProject.dll" adapterTypeName="executor://nunit3testexecutor/" className="NUnitTestProject.CurrencyHelperTests" name="FormatToStringTest1000(20640.678251201603d,&quot;20640.68 zł&quot;)" />
    </UnitTest>
    <UnitTest name="FormatToStringTest1000(22197.731451777618d,&quot;22197.73 zł&quot;)" storage="c:\projekty\nunittestproject\bin\debug\netcoreapp3.1\nunittestproject.dll" id="b6ca1995-becc-76ce-0b28-eebf3dd3e464">
      <Execution id="bb0a5e76-574a-4a8d-827f-07f5a063558c" />
      <TestMethod codeBase="C:\Projekty\NUnitTestProject\bin\Debug\netcoreapp3.1\NUnitTestProject.dll" adapterTypeName="executor://nunit3testexecutor/" className="NUnitTestProject.CurrencyHelperTests" name="FormatToStringTest1000(22197.731451777618d,&quot;22197.73 zł&quot;)" />
    </UnitTest>
    <UnitTest name="FormatToStringTest1000(68770.73008707525d,&quot;68770.73 zł&quot;)" storage="c:\projekty\nunittestproject\bin\debug\netcoreapp3.1\nunittestproject.dll" id="6abd158c-e0bd-4354-9fac-ab6a832540d0">
      <Execution id="3e99cc31-0507-4e89-b98d-91eb0c4a841a" />
      <TestMethod codeBase="C:\Projekty\NUnitTestProject\bin\Debug\netcoreapp3.1\NUnitTestProject.dll" adapterTypeName="executor://nunit3testexecutor/" className="NUnitTestProject.CurrencyHelperTests" name="FormatToStringTest1000(68770.73008707525d,&quot;68770.73 zł&quot;)" />
    </UnitTest>
    <UnitTest name="FormatToStringTest1000(32051.900532446758d,&quot;32051.90 zł&quot;)" storage="c:\projekty\nunittestproject\bin\debug\netcoreapp3.1\nunittestproject.dll" id="af3111d5-b888-5828-d92f-ad0d56c13b83">
      <Execution id="ddf1390f-a562-4817-addf-92602f950490" />
      <TestMethod codeBase="C:\Projekty\NUnitTestProject\bin\Debug\netcoreapp3.1\NUnitTestProject.dll" adapterTypeName="executor://nunit3testexecutor/" className="NUnitTestProject.CurrencyHelperTests" name="FormatToStringTest1000(32051.900532446758d,&quot;32051.90 zł&quot;)" />
    </UnitTest>
    <UnitTest name="FormatToStringTest1000(11624.834848273003d,&quot;11624.83 zł&quot;)" storage="c:\projekty\nunittestproject\bin\debug\netcoreapp3.1\nunittestproject.dll" id="8456fa24-5ecf-826b-4b12-9156253c47fe">
      <Execution id="7bf288e6-7b60-4bde-b415-41c69f5c686c" />
      <TestMethod codeBase="C:\Projekty\NUnitTestProject\bin\Debug\netcoreapp3.1\NUnitTestProject.dll" adapterTypeName="executor://nunit3testexecutor/" className="NUnitTestProject.CurrencyHelperTests" name="FormatToStringTest1000(11624.834848273003d,&quot;11624.83 zł&quot;)" />
    </UnitTest>
    <UnitTest name="FormatToStringTest1000(7004.710832051798d,&quot;7004.71 zł&quot;)" storage="c:\projekty\nunittestproject\bin\debug\netcoreapp3.1\nunittestproject.dll" id="0d3aed88-2598-0caa-458e-53fd2f6dc4e2">
      <Execution id="53c9367a-15df-4860-85c7-4411aacc9f4c" />
      <TestMethod codeBase="C:\Projekty\NUnitTestProject\bin\Debug\netcoreapp3.1\NUnitTestProject.dll" adapterTypeName="executor://nunit3testexecutor/" className="NUnitTestProject.CurrencyHelperTests" name="FormatToStringTest1000(7004.710832051798d,&quot;7004.71 zł&quot;)" />
    </UnitTest>
    <UnitTest name="FormatToStringTest1000(2390.7596313784643d,&quot;2390.76 zł&quot;)" storage="c:\projekty\nunittestproject\bin\debug\netcoreapp3.1\nunittestproject.dll" id="ae67d523-2929-36b8-f281-40940e5c29bb">
      <Execution id="29b781aa-e57d-438c-8164-b72ae2dc604a" />
      <TestMethod codeBase="C:\Projekty\NUnitTestProject\bin\Debug\netcoreapp3.1\NUnitTestProject.dll" adapterTypeName="executor://nunit3testexecutor/" className="NUnitTestProject.CurrencyHelperTests" name="FormatToStringTest1000(2390.7596313784643d,&quot;2390.76 zł&quot;)" />
    </UnitTest>
    <UnitTest name="FormatToStringTest1000(45887.58415794167d,&quot;45887.58 zł&quot;)" storage="c:\projekty\nunittestproject\bin\debug\netcoreapp3.1\nunittestproject.dll" id="23390089-a1b0-0859-3cf4-aeec4a54a63a">
      <Execution id="7c0f10d9-9501-445e-900f-6744b93ae79b" />
      <TestMethod codeBase="C:\Projekty\NUnitTestProject\bin\Debug\netcoreapp3.1\NUnitTestProject.dll" adapterTypeName="executor://nunit3testexecutor/" className="NUnitTestProject.CurrencyHelperTests" name="FormatToStringTest1000(45887.58415794167d,&quot;45887.58 zł&quot;)" />
    </UnitTest>
    <UnitTest name="FormatToStringTest1000(48544.390887578666d,&quot;48544.39 zł&quot;)" storage="c:\projekty\nunittestproject\bin\debug\netcoreapp3.1\nunittestproject.dll" id="6b63c191-3bae-08f6-ef80-e9550ed318c7">
      <Execution id="b708f296-23a8-4d2d-abb2-9f1d1343f41b" />
      <TestMethod codeBase="C:\Projekty\NUnitTestProject\bin\Debug\netcoreapp3.1\NUnitTestProject.dll" adapterTypeName="executor://nunit3testexecutor/" className="NUnitTestProject.CurrencyHelperTests" name="FormatToStringTest1000(48544.390887578666d,&quot;48544.39 zł&quot;)" />
    </UnitTest>
    <UnitTest name="FormatToStringTest1000(918.1842976688334d,&quot;918.18 zł&quot;)" storage="c:\projekty\nunittestproject\bin\debug\netcoreapp3.1\nunittestproject.dll" id="e4cccfe6-fb6d-a0d6-3337-e528b068adae">
      <Execution id="89c7c993-0278-4987-8b8c-1b1edbbaabdb" />
      <TestMethod codeBase="C:\Projekty\NUnitTestProject\bin\Debug\netcoreapp3.1\NUnitTestProject.dll" adapterTypeName="executor://nunit3testexecutor/" className="NUnitTestProject.CurrencyHelperTests" name="FormatToStringTest1000(918.1842976688334d,&quot;918.18 zł&quot;)" />
    </UnitTest>
    <UnitTest name="FormatToStringTest1000(37561.969571757116d,&quot;37561.97 zł&quot;)" storage="c:\projekty\nunittestproject\bin\debug\netcoreapp3.1\nunittestproject.dll" id="0ea957ac-53f2-c077-4d23-d56d0a5f77c4">
      <Execution id="c7f7d7b4-311e-4bb1-b878-209aea02573d" />
      <TestMethod codeBase="C:\Projekty\NUnitTestProject\bin\Debug\netcoreapp3.1\NUnitTestProject.dll" adapterTypeName="executor://nunit3testexecutor/" className="NUnitTestProject.CurrencyHelperTests" name="FormatToStringTest1000(37561.969571757116d,&quot;37561.97 zł&quot;)" />
    </UnitTest>
    <UnitTest name="FormatToStringTest1000(68011.49219071423d,&quot;68011.49 zł&quot;)" storage="c:\projekty\nunittestproject\bin\debug\netcoreapp3.1\nunittestproject.dll" id="fb944051-8a30-bb84-bc2a-dc4270028415">
      <Execution id="950c540f-049b-436b-a78e-521bd807a969" />
      <TestMethod codeBase="C:\Projekty\NUnitTestProject\bin\Debug\netcoreapp3.1\NUnitTestProject.dll" adapterTypeName="executor://nunit3testexecutor/" className="NUnitTestProject.CurrencyHelperTests" name="FormatToStringTest1000(68011.49219071423d,&quot;68011.49 zł&quot;)" />
    </UnitTest>
    <UnitTest name="FormatToStringTest1000(10857.521742201186d,&quot;10857.52 zł&quot;)" storage="c:\projekty\nunittestproject\bin\debug\netcoreapp3.1\nunittestproject.dll" id="a73c4b3c-3d13-f62c-d2e5-567ad0be5c42">
      <Execution id="9ac1bfc6-e378-49c7-b178-28955027c93c" />
      <TestMethod codeBase="C:\Projekty\NUnitTestProject\bin\Debug\netcoreapp3.1\NUnitTestProject.dll" adapterTypeName="executor://nunit3testexecutor/" className="NUnitTestProject.CurrencyHelperTests" name="FormatToStringTest1000(10857.521742201186d,&quot;10857.52 zł&quot;)" />
    </UnitTest>
    <UnitTest name="FormatToStringTest1000(17232.486162219426d,&quot;17232.49 zł&quot;)" storage="c:\projekty\nunittestproject\bin\debug\netcoreapp3.1\nunittestproject.dll" id="4951aa5a-960f-b892-8f82-3d3748c1e3da">
      <Execution id="8f0381ff-57ac-402d-b899-c8c67e8a14f4" />
      <TestMethod codeBase="C:\Projekty\NUnitTestProject\bin\Debug\netcoreapp3.1\NUnitTestProject.dll" adapterTypeName="executor://nunit3testexecutor/" className="NUnitTestProject.CurrencyHelperTests" name="FormatToStringTest1000(17232.486162219426d,&quot;17232.49 zł&quot;)" />
    </UnitTest>
    <UnitTest name="FormatToStringTest1000(10965.74607995746d,&quot;10965.75 zł&quot;)" storage="c:\projekty\nunittestproject\bin\debug\netcoreapp3.1\nunittestproject.dll" id="8879b9b8-0100-f390-31c6-fdcbdf8a4f83">
      <Execution id="90387d5d-3256-4847-aa34-40d2261807a8" />
      <TestMethod codeBase="C:\Projekty\NUnitTestProject\bin\Debug\netcoreapp3.1\NUnitTestProject.dll" adapterTypeName="executor://nunit3testexecutor/" className="NUnitTestProject.CurrencyHelperTests" name="FormatToStringTest1000(10965.74607995746d,&quot;10965.75 zł&quot;)" />
    </UnitTest>
    <UnitTest name="FormatToStringTest1000(17418.31302247863d,&quot;17418.31 zł&quot;)" storage="c:\projekty\nunittestproject\bin\debug\netcoreapp3.1\nunittestproject.dll" id="a8b1a1f3-a70e-7194-337a-f959c6974971">
      <Execution id="f65d2ec8-34d3-4f52-b3af-ab6be3094706" />
      <TestMethod codeBase="C:\Projekty\NUnitTestProject\bin\Debug\netcoreapp3.1\NUnitTestProject.dll" adapterTypeName="executor://nunit3testexecutor/" className="NUnitTestProject.CurrencyHelperTests" name="FormatToStringTest1000(17418.31302247863d,&quot;17418.31 zł&quot;)" />
    </UnitTest>
    <UnitTest name="FormatToStringTest1000(3646.857719214101d,&quot;3646.86 zł&quot;)" storage="c:\projekty\nunittestproject\bin\debug\netcoreapp3.1\nunittestproject.dll" id="f28b795b-c425-f0b1-e6d2-05ca8e559551">
      <Execution id="f17fe5bd-7b75-411d-ad8e-94f2e399f5fd" />
      <TestMethod codeBase="C:\Projekty\NUnitTestProject\bin\Debug\netcoreapp3.1\NUnitTestProject.dll" adapterTypeName="executor://nunit3testexecutor/" className="NUnitTestProject.CurrencyHelperTests" name="FormatToStringTest1000(3646.857719214101d,&quot;3646.86 zł&quot;)" />
    </UnitTest>
    <UnitTest name="FormatToStringTest1000(41915.7945284563d,&quot;41915.79 zł&quot;)" storage="c:\projekty\nunittestproject\bin\debug\netcoreapp3.1\nunittestproject.dll" id="619c3bdd-52f6-f473-bd0e-a552a532adf7">
      <Execution id="76df6e13-f8d3-4a81-b05b-a789001c6d5a" />
      <TestMethod codeBase="C:\Projekty\NUnitTestProject\bin\Debug\netcoreapp3.1\NUnitTestProject.dll" adapterTypeName="executor://nunit3testexecutor/" className="NUnitTestProject.CurrencyHelperTests" name="FormatToStringTest1000(41915.7945284563d,&quot;41915.79 zł&quot;)" />
    </UnitTest>
    <UnitTest name="FormatToStringTest1000(43424.45140075332d,&quot;43424.45 zł&quot;)" storage="c:\projekty\nunittestproject\bin\debug\netcoreapp3.1\nunittestproject.dll" id="a2324ec9-fe68-9e74-cace-8efe295e824d">
      <Execution id="a9435aff-4850-448b-b526-4f3c567b0425" />
      <TestMethod codeBase="C:\Projekty\NUnitTestProject\bin\Debug\netcoreapp3.1\NUnitTestProject.dll" adapterTypeName="executor://nunit3testexecutor/" className="NUnitTestProject.CurrencyHelperTests" name="FormatToStringTest1000(43424.45140075332d,&quot;43424.45 zł&quot;)" />
    </UnitTest>
    <UnitTest name="FormatToStringTest1000(31391.358864880804d,&quot;31391.36 zł&quot;)" storage="c:\projekty\nunittestproject\bin\debug\netcoreapp3.1\nunittestproject.dll" id="a9bc5968-881f-208e-3a3a-e085883b32c4">
      <Execution id="eb1a1c5a-f956-418a-b264-19c0c45f5542" />
      <TestMethod codeBase="C:\Projekty\NUnitTestProject\bin\Debug\netcoreapp3.1\NUnitTestProject.dll" adapterTypeName="executor://nunit3testexecutor/" className="NUnitTestProject.CurrencyHelperTests" name="FormatToStringTest1000(31391.358864880804d,&quot;31391.36 zł&quot;)" />
    </UnitTest>
    <UnitTest name="FormatToStringTest1000(4525.609305084501d,&quot;4525.61 zł&quot;)" storage="c:\projekty\nunittestproject\bin\debug\netcoreapp3.1\nunittestproject.dll" id="c8d9f475-0d2c-01ff-49f8-896beab958d5">
      <Execution id="12620341-1fb4-45ed-8773-76de40e39319" />
      <TestMethod codeBase="C:\Projekty\NUnitTestProject\bin\Debug\netcoreapp3.1\NUnitTestProject.dll" adapterTypeName="executor://nunit3testexecutor/" className="NUnitTestProject.CurrencyHelperTests" name="FormatToStringTest1000(4525.609305084501d,&quot;4525.61 zł&quot;)" />
    </UnitTest>
    <UnitTest name="FormatToStringTest1000(72802.68569213277d,&quot;72802.69 zł&quot;)" storage="c:\projekty\nunittestproject\bin\debug\netcoreapp3.1\nunittestproject.dll" id="f9ec4424-0f09-8ce8-d044-ac97ec1d16a8">
      <Execution id="ff771e1f-2147-411b-b83c-98a251186821" />
      <TestMethod codeBase="C:\Projekty\NUnitTestProject\bin\Debug\netcoreapp3.1\NUnitTestProject.dll" adapterTypeName="executor://nunit3testexecutor/" className="NUnitTestProject.CurrencyHelperTests" name="FormatToStringTest1000(72802.68569213277d,&quot;72802.69 zł&quot;)" />
    </UnitTest>
    <UnitTest name="FormatToStringTest1000(6057.842750804426d,&quot;6057.84 zł&quot;)" storage="c:\projekty\nunittestproject\bin\debug\netcoreapp3.1\nunittestproject.dll" id="96aa3d29-1365-f48b-4ac9-cdc761ea41b1">
      <Execution id="bd903887-4b1d-4c81-935b-689828894826" />
      <TestMethod codeBase="C:\Projekty\NUnitTestProject\bin\Debug\netcoreapp3.1\NUnitTestProject.dll" adapterTypeName="executor://nunit3testexecutor/" className="NUnitTestProject.CurrencyHelperTests" name="FormatToStringTest1000(6057.842750804426d,&quot;6057.84 zł&quot;)" />
    </UnitTest>
    <UnitTest name="FormatToStringTest1000(5140.16338917155d,&quot;5140.16 zł&quot;)" storage="c:\projekty\nunittestproject\bin\debug\netcoreapp3.1\nunittestproject.dll" id="832e2e19-99a8-b743-8cd7-c0180c963ece">
      <Execution id="398db0eb-163d-4f4e-9cd9-60a4e7ea1fac" />
      <TestMethod codeBase="C:\Projekty\NUnitTestProject\bin\Debug\netcoreapp3.1\NUnitTestProject.dll" adapterTypeName="executor://nunit3testexecutor/" className="NUnitTestProject.CurrencyHelperTests" name="FormatToStringTest1000(5140.16338917155d,&quot;5140.16 zł&quot;)" />
    </UnitTest>
    <UnitTest name="FormatToStringTest1000(59283.48311990662d,&quot;59283.48 zł&quot;)" storage="c:\projekty\nunittestproject\bin\debug\netcoreapp3.1\nunittestproject.dll" id="c3298b2d-9863-1896-98e3-77805a105e1c">
      <Execution id="49f76a87-36dc-4a22-abea-8208cc77807c" />
      <TestMethod codeBase="C:\Projekty\NUnitTestProject\bin\Debug\netcoreapp3.1\NUnitTestProject.dll" adapterTypeName="executor://nunit3testexecutor/" className="NUnitTestProject.CurrencyHelperTests" name="FormatToStringTest1000(59283.48311990662d,&quot;59283.48 zł&quot;)" />
    </UnitTest>
    <UnitTest name="FormatToStringTest1000(79339.95632144621d,&quot;79339.96 zł&quot;)" storage="c:\projekty\nunittestproject\bin\debug\netcoreapp3.1\nunittestproject.dll" id="0a21bad2-cce1-7c33-3af3-a6f4c4389e98">
      <Execution id="64de4a8e-7abe-44fa-9896-e8b68941ae06" />
      <TestMethod codeBase="C:\Projekty\NUnitTestProject\bin\Debug\netcoreapp3.1\NUnitTestProject.dll" adapterTypeName="executor://nunit3testexecutor/" className="NUnitTestProject.CurrencyHelperTests" name="FormatToStringTest1000(79339.95632144621d,&quot;79339.96 zł&quot;)" />
    </UnitTest>
    <UnitTest name="FormatToStringTest1000(1228.101744225296d,&quot;1228.10 zł&quot;)" storage="c:\projekty\nunittestproject\bin\debug\netcoreapp3.1\nunittestproject.dll" id="11067e87-9b88-327c-9a0f-dda26b0288cb">
      <Execution id="931c86ae-98b4-426e-82cc-84aa584709c1" />
      <TestMethod codeBase="C:\Projekty\NUnitTestProject\bin\Debug\netcoreapp3.1\NUnitTestProject.dll" adapterTypeName="executor://nunit3testexecutor/" className="NUnitTestProject.CurrencyHelperTests" name="FormatToStringTest1000(1228.101744225296d,&quot;1228.10 zł&quot;)" />
    </UnitTest>
    <UnitTest name="FormatToStringTest1000(34084.19497795599d,&quot;34084.19 zł&quot;)" storage="c:\projekty\nunittestproject\bin\debug\netcoreapp3.1\nunittestproject.dll" id="a01cdd42-8e33-6253-38cb-1cb271d958f4">
      <Execution id="8d38a3a0-5c45-428a-85fd-df1b91c52303" />
      <TestMethod codeBase="C:\Projekty\NUnitTestProject\bin\Debug\netcoreapp3.1\NUnitTestProject.dll" adapterTypeName="executor://nunit3testexecutor/" className="NUnitTestProject.CurrencyHelperTests" name="FormatToStringTest1000(34084.19497795599d,&quot;34084.19 zł&quot;)" />
    </UnitTest>
    <UnitTest name="FormatToStringTest1000(1814.7218118955948d,&quot;1814.72 zł&quot;)" storage="c:\projekty\nunittestproject\bin\debug\netcoreapp3.1\nunittestproject.dll" id="74b92fed-1c7d-84ea-101d-b4ba0f959527">
      <Execution id="69f698c0-4954-409f-9285-452cc9f45f90" />
      <TestMethod codeBase="C:\Projekty\NUnitTestProject\bin\Debug\netcoreapp3.1\NUnitTestProject.dll" adapterTypeName="executor://nunit3testexecutor/" className="NUnitTestProject.CurrencyHelperTests" name="FormatToStringTest1000(1814.7218118955948d,&quot;1814.72 zł&quot;)" />
    </UnitTest>
    <UnitTest name="FormatToStringTest1000(20752.33758466334d,&quot;20752.34 zł&quot;)" storage="c:\projekty\nunittestproject\bin\debug\netcoreapp3.1\nunittestproject.dll" id="a2f90830-dfa6-05f0-71fa-365928f71cdd">
      <Execution id="0c24d8cd-1f87-4cc3-bbc8-a02869cb3c42" />
      <TestMethod codeBase="C:\Projekty\NUnitTestProject\bin\Debug\netcoreapp3.1\NUnitTestProject.dll" adapterTypeName="executor://nunit3testexecutor/" className="NUnitTestProject.CurrencyHelperTests" name="FormatToStringTest1000(20752.33758466334d,&quot;20752.34 zł&quot;)" />
    </UnitTest>
    <UnitTest name="FormatToStringTest1000(10501.127379151585d,&quot;10501.13 zł&quot;)" storage="c:\projekty\nunittestproject\bin\debug\netcoreapp3.1\nunittestproject.dll" id="826ac225-455e-4413-4415-8bc54c5b4d09">
      <Execution id="35abc662-28bb-4b56-b362-66d5e8bcaf55" />
      <TestMethod codeBase="C:\Projekty\NUnitTestProject\bin\Debug\netcoreapp3.1\NUnitTestProject.dll" adapterTypeName="executor://nunit3testexecutor/" className="NUnitTestProject.CurrencyHelperTests" name="FormatToStringTest1000(10501.127379151585d,&quot;10501.13 zł&quot;)" />
    </UnitTest>
    <UnitTest name="FormatToStringTest1000(1896.1704506483723d,&quot;1896.17 zł&quot;)" storage="c:\projekty\nunittestproject\bin\debug\netcoreapp3.1\nunittestproject.dll" id="a7c76906-c1d7-0c9c-096c-a6235194b8e7">
      <Execution id="eb196da1-0d43-45f0-998d-d4ad7954be43" />
      <TestMethod codeBase="C:\Projekty\NUnitTestProject\bin\Debug\netcoreapp3.1\NUnitTestProject.dll" adapterTypeName="executor://nunit3testexecutor/" className="NUnitTestProject.CurrencyHelperTests" name="FormatToStringTest1000(1896.1704506483723d,&quot;1896.17 zł&quot;)" />
    </UnitTest>
    <UnitTest name="FormatToStringTest1000(21693.340115174808d,&quot;21693.34 zł&quot;)" storage="c:\projekty\nunittestproject\bin\debug\netcoreapp3.1\nunittestproject.dll" id="70fae426-3482-001e-3d7c-925da7888589">
      <Execution id="4d56dad4-5e75-431c-879c-447d451bbc6e" />
      <TestMethod codeBase="C:\Projekty\NUnitTestProject\bin\Debug\netcoreapp3.1\NUnitTestProject.dll" adapterTypeName="executor://nunit3testexecutor/" className="NUnitTestProject.CurrencyHelperTests" name="FormatToStringTest1000(21693.340115174808d,&quot;21693.34 zł&quot;)" />
    </UnitTest>
    <UnitTest name="FormatToStringTest1000(71554.9786298829d,&quot;71554.98 zł&quot;)" storage="c:\projekty\nunittestproject\bin\debug\netcoreapp3.1\nunittestproject.dll" id="3b6adeb2-dcf4-fb95-f3e8-26dcad169d8e">
      <Execution id="d9ec14f6-e351-4648-8099-b64dc385e21e" />
      <TestMethod codeBase="C:\Projekty\NUnitTestProject\bin\Debug\netcoreapp3.1\NUnitTestProject.dll" adapterTypeName="executor://nunit3testexecutor/" className="NUnitTestProject.CurrencyHelperTests" name="FormatToStringTest1000(71554.9786298829d,&quot;71554.98 zł&quot;)" />
    </UnitTest>
    <UnitTest name="FormatToStringTest1000(2901.9683054191846d,&quot;2901.97 zł&quot;)" storage="c:\projekty\nunittestproject\bin\debug\netcoreapp3.1\nunittestproject.dll" id="5fffab77-5cc8-a871-bcdb-d0b800ab8840">
      <Execution id="22a2c021-5364-4f47-a1ef-972356f58055" />
      <TestMethod codeBase="C:\Projekty\NUnitTestProject\bin\Debug\netcoreapp3.1\NUnitTestProject.dll" adapterTypeName="executor://nunit3testexecutor/" className="NUnitTestProject.CurrencyHelperTests" name="FormatToStringTest1000(2901.9683054191846d,&quot;2901.97 zł&quot;)" />
    </UnitTest>
    <UnitTest name="FormatToStringTest1000(13092.45389243609d,&quot;13092.45 zł&quot;)" storage="c:\projekty\nunittestproject\bin\debug\netcoreapp3.1\nunittestproject.dll" id="9e338ff4-5402-3f35-08f3-bafb7669b187">
      <Execution id="91f32287-2b70-4ca0-bb54-366b8b701509" />
      <TestMethod codeBase="C:\Projekty\NUnitTestProject\bin\Debug\netcoreapp3.1\NUnitTestProject.dll" adapterTypeName="executor://nunit3testexecutor/" className="NUnitTestProject.CurrencyHelperTests" name="FormatToStringTest1000(13092.45389243609d,&quot;13092.45 zł&quot;)" />
    </UnitTest>
    <UnitTest name="FormatToStringTest1000(14172.682747822573d,&quot;14172.68 zł&quot;)" storage="c:\projekty\nunittestproject\bin\debug\netcoreapp3.1\nunittestproject.dll" id="d0b4fe44-6c66-e0d0-90f7-7f93ef97fe01">
      <Execution id="f0e3cbd3-f587-483e-9d52-2adb565fc29c" />
      <TestMethod codeBase="C:\Projekty\NUnitTestProject\bin\Debug\netcoreapp3.1\NUnitTestProject.dll" adapterTypeName="executor://nunit3testexecutor/" className="NUnitTestProject.CurrencyHelperTests" name="FormatToStringTest1000(14172.682747822573d,&quot;14172.68 zł&quot;)" />
    </UnitTest>
    <UnitTest name="FormatToStringTest1000(4612.32080757633d,&quot;4612.32 zł&quot;)" storage="c:\projekty\nunittestproject\bin\debug\netcoreapp3.1\nunittestproject.dll" id="e2a03079-8dae-3d38-3cf5-f27f7a4202a4">
      <Execution id="a4e4fbe8-dd5d-43c4-9531-de9e7be7a9bc" />
      <TestMethod codeBase="C:\Projekty\NUnitTestProject\bin\Debug\netcoreapp3.1\NUnitTestProject.dll" adapterTypeName="executor://nunit3testexecutor/" className="NUnitTestProject.CurrencyHelperTests" name="FormatToStringTest1000(4612.32080757633d,&quot;4612.32 zł&quot;)" />
    </UnitTest>
    <UnitTest name="FormatToStringTest1000(21785.42157155528d,&quot;21785.42 zł&quot;)" storage="c:\projekty\nunittestproject\bin\debug\netcoreapp3.1\nunittestproject.dll" id="5fd56893-4697-a123-e3df-f5a8329247bd">
      <Execution id="9da998bb-a2c1-4fa6-8beb-67a6b8dd834e" />
      <TestMethod codeBase="C:\Projekty\NUnitTestProject\bin\Debug\netcoreapp3.1\NUnitTestProject.dll" adapterTypeName="executor://nunit3testexecutor/" className="NUnitTestProject.CurrencyHelperTests" name="FormatToStringTest1000(21785.42157155528d,&quot;21785.42 zł&quot;)" />
    </UnitTest>
    <UnitTest name="FormatToStringTest1000(16511.26921423537d,&quot;16511.27 zł&quot;)" storage="c:\projekty\nunittestproject\bin\debug\netcoreapp3.1\nunittestproject.dll" id="e0f11812-ae84-56fe-380e-aa4471665fb8">
      <Execution id="6783765a-65fd-4bd8-b3c5-3bc0fbc41e86" />
      <TestMethod codeBase="C:\Projekty\NUnitTestProject\bin\Debug\netcoreapp3.1\NUnitTestProject.dll" adapterTypeName="executor://nunit3testexecutor/" className="NUnitTestProject.CurrencyHelperTests" name="FormatToStringTest1000(16511.26921423537d,&quot;16511.27 zł&quot;)" />
    </UnitTest>
    <UnitTest name="FormatToStringTest1000(9151.103070427245d,&quot;9151.10 zł&quot;)" storage="c:\projekty\nunittestproject\bin\debug\netcoreapp3.1\nunittestproject.dll" id="d9e3c39e-a746-2b8a-5354-8ea82331bcd9">
      <Execution id="c2919801-ae98-43c9-8a4a-82b46c02edfd" />
      <TestMethod codeBase="C:\Projekty\NUnitTestProject\bin\Debug\netcoreapp3.1\NUnitTestProject.dll" adapterTypeName="executor://nunit3testexecutor/" className="NUnitTestProject.CurrencyHelperTests" name="FormatToStringTest1000(9151.103070427245d,&quot;9151.10 zł&quot;)" />
    </UnitTest>
    <UnitTest name="FormatToStringTest1000(545.7016866634142d,&quot;545.70 zł&quot;)" storage="c:\projekty\nunittestproject\bin\debug\netcoreapp3.1\nunittestproject.dll" id="b639588e-b414-82b2-fe24-5fe49a4a3ad3">
      <Execution id="c274e7df-2385-46ae-a405-5f9405211dcd" />
      <TestMethod codeBase="C:\Projekty\NUnitTestProject\bin\Debug\netcoreapp3.1\NUnitTestProject.dll" adapterTypeName="executor://nunit3testexecutor/" className="NUnitTestProject.CurrencyHelperTests" name="FormatToStringTest1000(545.7016866634142d,&quot;545.70 zł&quot;)" />
    </UnitTest>
    <UnitTest name="FormatToStringTest1000(11912.404131636213d,&quot;11912.40 zł&quot;)" storage="c:\projekty\nunittestproject\bin\debug\netcoreapp3.1\nunittestproject.dll" id="f5d3f3a5-bbac-e5c0-6089-8d38dd4249c8">
      <Execution id="1c08ebb7-25a5-4278-a849-2ce6bb6276ac" />
      <TestMethod codeBase="C:\Projekty\NUnitTestProject\bin\Debug\netcoreapp3.1\NUnitTestProject.dll" adapterTypeName="executor://nunit3testexecutor/" className="NUnitTestProject.CurrencyHelperTests" name="FormatToStringTest1000(11912.404131636213d,&quot;11912.40 zł&quot;)" />
    </UnitTest>
    <UnitTest name="FormatToStringTest1000(15411.371650797022d,&quot;15411.37 zł&quot;)" storage="c:\projekty\nunittestproject\bin\debug\netcoreapp3.1\nunittestproject.dll" id="4a4334b0-5451-8696-5200-0bdb59e2a710">
      <Execution id="f2f42e66-679a-4178-91bf-6a8bcfdd1662" />
      <TestMethod codeBase="C:\Projekty\NUnitTestProject\bin\Debug\netcoreapp3.1\NUnitTestProject.dll" adapterTypeName="executor://nunit3testexecutor/" className="NUnitTestProject.CurrencyHelperTests" name="FormatToStringTest1000(15411.371650797022d,&quot;15411.37 zł&quot;)" />
    </UnitTest>
    <UnitTest name="FormatToStringTest1000(40857.08543233996d,&quot;40857.09 zł&quot;)" storage="c:\projekty\nunittestproject\bin\debug\netcoreapp3.1\nunittestproject.dll" id="43552c47-f44b-17a4-1647-f8068fe18052">
      <Execution id="18109bbd-8030-4f36-8e3a-36e8dc56b195" />
      <TestMethod codeBase="C:\Projekty\NUnitTestProject\bin\Debug\netcoreapp3.1\NUnitTestProject.dll" adapterTypeName="executor://nunit3testexecutor/" className="NUnitTestProject.CurrencyHelperTests" name="FormatToStringTest1000(40857.08543233996d,&quot;40857.09 zł&quot;)" />
    </UnitTest>
    <UnitTest name="FormatToStringTest1000(38076.55319665165d,&quot;38076.55 zł&quot;)" storage="c:\projekty\nunittestproject\bin\debug\netcoreapp3.1\nunittestproject.dll" id="3e825b25-6db1-d72d-ab5d-475a3a46b642">
      <Execution id="25af791c-57b6-4405-85e5-55a254ec12ee" />
      <TestMethod codeBase="C:\Projekty\NUnitTestProject\bin\Debug\netcoreapp3.1\NUnitTestProject.dll" adapterTypeName="executor://nunit3testexecutor/" className="NUnitTestProject.CurrencyHelperTests" name="FormatToStringTest1000(38076.55319665165d,&quot;38076.55 zł&quot;)" />
    </UnitTest>
    <UnitTest name="FormatToStringTest1000(1549.6599114973376d,&quot;1549.66 zł&quot;)" storage="c:\projekty\nunittestproject\bin\debug\netcoreapp3.1\nunittestproject.dll" id="8abfbe45-c0d6-8f72-7af8-564a66d7cb48">
      <Execution id="0d21a846-2e76-47c3-b490-0474869d63ee" />
      <TestMethod codeBase="C:\Projekty\NUnitTestProject\bin\Debug\netcoreapp3.1\NUnitTestProject.dll" adapterTypeName="executor://nunit3testexecutor/" className="NUnitTestProject.CurrencyHelperTests" name="FormatToStringTest1000(1549.6599114973376d,&quot;1549.66 zł&quot;)" />
    </UnitTest>
    <UnitTest name="FormatToStringTest1000(19500.031951036784d,&quot;19500.03 zł&quot;)" storage="c:\projekty\nunittestproject\bin\debug\netcoreapp3.1\nunittestproject.dll" id="113c211f-ff70-231a-7b9d-03413cd134d7">
      <Execution id="99cc3f77-d739-4cf9-b32a-b7c1395a0380" />
      <TestMethod codeBase="C:\Projekty\NUnitTestProject\bin\Debug\netcoreapp3.1\NUnitTestProject.dll" adapterTypeName="executor://nunit3testexecutor/" className="NUnitTestProject.CurrencyHelperTests" name="FormatToStringTest1000(19500.031951036784d,&quot;19500.03 zł&quot;)" />
    </UnitTest>
    <UnitTest name="FormatToStringTest1000(47393.54939526671d,&quot;47393.55 zł&quot;)" storage="c:\projekty\nunittestproject\bin\debug\netcoreapp3.1\nunittestproject.dll" id="4ae6f156-51db-bc15-8975-b99fe55a99a8">
      <Execution id="1c095bde-afa1-4b8a-b4cf-c98739b73745" />
      <TestMethod codeBase="C:\Projekty\NUnitTestProject\bin\Debug\netcoreapp3.1\NUnitTestProject.dll" adapterTypeName="executor://nunit3testexecutor/" className="NUnitTestProject.CurrencyHelperTests" name="FormatToStringTest1000(47393.54939526671d,&quot;47393.55 zł&quot;)" />
    </UnitTest>
    <UnitTest name="FormatToStringTest1000(15639.704937780603d,&quot;15639.70 zł&quot;)" storage="c:\projekty\nunittestproject\bin\debug\netcoreapp3.1\nunittestproject.dll" id="a791af51-cffc-4361-1fd8-8baf48da92e6">
      <Execution id="99479c4f-a195-4a1b-8395-7c1c654f3042" />
      <TestMethod codeBase="C:\Projekty\NUnitTestProject\bin\Debug\netcoreapp3.1\NUnitTestProject.dll" adapterTypeName="executor://nunit3testexecutor/" className="NUnitTestProject.CurrencyHelperTests" name="FormatToStringTest1000(15639.704937780603d,&quot;15639.70 zł&quot;)" />
    </UnitTest>
    <UnitTest name="FormatToStringTest1000(27050.586848031067d,&quot;27050.59 zł&quot;)" storage="c:\projekty\nunittestproject\bin\debug\netcoreapp3.1\nunittestproject.dll" id="9bb26f6e-1e2c-da60-973e-eeca518679d1">
      <Execution id="0933bbd5-6b4d-422c-93ae-d08926bda99d" />
      <TestMethod codeBase="C:\Projekty\NUnitTestProject\bin\Debug\netcoreapp3.1\NUnitTestProject.dll" adapterTypeName="executor://nunit3testexecutor/" className="NUnitTestProject.CurrencyHelperTests" name="FormatToStringTest1000(27050.586848031067d,&quot;27050.59 zł&quot;)" />
    </UnitTest>
    <UnitTest name="FormatToStringTest1000(24825.207513729205d,&quot;24825.21 zł&quot;)" storage="c:\projekty\nunittestproject\bin\debug\netcoreapp3.1\nunittestproject.dll" id="03d957f5-33ed-c0eb-c948-6ece846430f3">
      <Execution id="442dc7b1-0294-4fc1-b9d0-b29a22d7bf31" />
      <TestMethod codeBase="C:\Projekty\NUnitTestProject\bin\Debug\netcoreapp3.1\NUnitTestProject.dll" adapterTypeName="executor://nunit3testexecutor/" className="NUnitTestProject.CurrencyHelperTests" name="FormatToStringTest1000(24825.207513729205d,&quot;24825.21 zł&quot;)" />
    </UnitTest>
    <UnitTest name="FormatToStringTest1000(96261.84883437205d,&quot;96261.85 zł&quot;)" storage="c:\projekty\nunittestproject\bin\debug\netcoreapp3.1\nunittestproject.dll" id="c350fedf-0a65-57f7-f133-063ae7c0e4c8">
      <Execution id="41e9afaf-c8e0-4dff-b39a-6ee7b9ed9d9a" />
      <TestMethod codeBase="C:\Projekty\NUnitTestProject\bin\Debug\netcoreapp3.1\NUnitTestProject.dll" adapterTypeName="executor://nunit3testexecutor/" className="NUnitTestProject.CurrencyHelperTests" name="FormatToStringTest1000(96261.84883437205d,&quot;96261.85 zł&quot;)" />
    </UnitTest>
    <UnitTest name="FormatToStringTest1000(743.047944508981d,&quot;743.05 zł&quot;)" storage="c:\projekty\nunittestproject\bin\debug\netcoreapp3.1\nunittestproject.dll" id="05a32b6d-38a3-d790-fab1-ef7fcb38fd6c">
      <Execution id="c4f1ce65-fc5c-41c3-b05e-240e9dd39bd8" />
      <TestMethod codeBase="C:\Projekty\NUnitTestProject\bin\Debug\netcoreapp3.1\NUnitTestProject.dll" adapterTypeName="executor://nunit3testexecutor/" className="NUnitTestProject.CurrencyHelperTests" name="FormatToStringTest1000(743.047944508981d,&quot;743.05 zł&quot;)" />
    </UnitTest>
    <UnitTest name="FormatToStringTest1000(7813.027778348433d,&quot;7813.03 zł&quot;)" storage="c:\projekty\nunittestproject\bin\debug\netcoreapp3.1\nunittestproject.dll" id="7b5400c4-5377-7ac8-dd1c-7b695cb4115f">
      <Execution id="dd33568b-6054-43ec-83bc-a7cd3c7501d7" />
      <TestMethod codeBase="C:\Projekty\NUnitTestProject\bin\Debug\netcoreapp3.1\NUnitTestProject.dll" adapterTypeName="executor://nunit3testexecutor/" className="NUnitTestProject.CurrencyHelperTests" name="FormatToStringTest1000(7813.027778348433d,&quot;7813.03 zł&quot;)" />
    </UnitTest>
    <UnitTest name="FormatToStringTest1000(7396.940188290057d,&quot;7396.94 zł&quot;)" storage="c:\projekty\nunittestproject\bin\debug\netcoreapp3.1\nunittestproject.dll" id="eb615c68-e5d1-28d7-b038-0571a7587ad1">
      <Execution id="a6f13755-ac0f-43c1-9eb0-66c625c4a0bc" />
      <TestMethod codeBase="C:\Projekty\NUnitTestProject\bin\Debug\netcoreapp3.1\NUnitTestProject.dll" adapterTypeName="executor://nunit3testexecutor/" className="NUnitTestProject.CurrencyHelperTests" name="FormatToStringTest1000(7396.940188290057d,&quot;7396.94 zł&quot;)" />
    </UnitTest>
    <UnitTest name="FormatToStringTest1000(14017.699524653006d,&quot;14017.70 zł&quot;)" storage="c:\projekty\nunittestproject\bin\debug\netcoreapp3.1\nunittestproject.dll" id="2bc42f5a-e565-5018-fa3b-64bf63c4c2f5">
      <Execution id="82ae3e21-8db6-480a-b924-a291e3e52705" />
      <TestMethod codeBase="C:\Projekty\NUnitTestProject\bin\Debug\netcoreapp3.1\NUnitTestProject.dll" adapterTypeName="executor://nunit3testexecutor/" className="NUnitTestProject.CurrencyHelperTests" name="FormatToStringTest1000(14017.699524653006d,&quot;14017.70 zł&quot;)" />
    </UnitTest>
    <UnitTest name="FormatToStringTest1000(2897.9775426620513d,&quot;2897.98 zł&quot;)" storage="c:\projekty\nunittestproject\bin\debug\netcoreapp3.1\nunittestproject.dll" id="bc811ad8-c7b9-9df7-0d3d-56b12c4539e2">
      <Execution id="5691bb40-9c3d-41d4-aa98-ae444bc7dcea" />
      <TestMethod codeBase="C:\Projekty\NUnitTestProject\bin\Debug\netcoreapp3.1\NUnitTestProject.dll" adapterTypeName="executor://nunit3testexecutor/" className="NUnitTestProject.CurrencyHelperTests" name="FormatToStringTest1000(2897.9775426620513d,&quot;2897.98 zł&quot;)" />
    </UnitTest>
    <UnitTest name="FormatToStringTest1000(25036.98767214035d,&quot;25036.99 zł&quot;)" storage="c:\projekty\nunittestproject\bin\debug\netcoreapp3.1\nunittestproject.dll" id="c185c27a-3451-102c-d3c1-98ea6c73d73c">
      <Execution id="9e17138c-10da-44d3-a90e-c022ad5b02a2" />
      <TestMethod codeBase="C:\Projekty\NUnitTestProject\bin\Debug\netcoreapp3.1\NUnitTestProject.dll" adapterTypeName="executor://nunit3testexecutor/" className="NUnitTestProject.CurrencyHelperTests" name="FormatToStringTest1000(25036.98767214035d,&quot;25036.99 zł&quot;)" />
    </UnitTest>
    <UnitTest name="FormatToStringTest1000(17455.15807988595d,&quot;17455.16 zł&quot;)" storage="c:\projekty\nunittestproject\bin\debug\netcoreapp3.1\nunittestproject.dll" id="a1098879-b96c-d9e8-87b7-d514474f9769">
      <Execution id="5df47b14-37c3-44e3-845d-7c324c7a1f56" />
      <TestMethod codeBase="C:\Projekty\NUnitTestProject\bin\Debug\netcoreapp3.1\NUnitTestProject.dll" adapterTypeName="executor://nunit3testexecutor/" className="NUnitTestProject.CurrencyHelperTests" name="FormatToStringTest1000(17455.15807988595d,&quot;17455.16 zł&quot;)" />
    </UnitTest>
    <UnitTest name="FormatToStringTest1000(32863.31705269558d,&quot;32863.32 zł&quot;)" storage="c:\projekty\nunittestproject\bin\debug\netcoreapp3.1\nunittestproject.dll" id="39e2492b-a588-79ac-add5-4d0176982180">
      <Execution id="f1f6747e-8fd4-4251-9ebd-ea3f1c9b32b8" />
      <TestMethod codeBase="C:\Projekty\NUnitTestProject\bin\Debug\netcoreapp3.1\NUnitTestProject.dll" adapterTypeName="executor://nunit3testexecutor/" className="NUnitTestProject.CurrencyHelperTests" name="FormatToStringTest1000(32863.31705269558d,&quot;32863.32 zł&quot;)" />
    </UnitTest>
    <UnitTest name="FormatToStringTest1000(31805.23430354532d,&quot;31805.23 zł&quot;)" storage="c:\projekty\nunittestproject\bin\debug\netcoreapp3.1\nunittestproject.dll" id="6fd1af1d-c0d4-5f1e-0bd0-26896040487e">
      <Execution id="0b20e4bc-b757-4be8-804e-e2dd1de0e6a4" />
      <TestMethod codeBase="C:\Projekty\NUnitTestProject\bin\Debug\netcoreapp3.1\NUnitTestProject.dll" adapterTypeName="executor://nunit3testexecutor/" className="NUnitTestProject.CurrencyHelperTests" name="FormatToStringTest1000(31805.23430354532d,&quot;31805.23 zł&quot;)" />
    </UnitTest>
    <UnitTest name="FormatToStringTest1000(72659.37876478041d,&quot;72659.38 zł&quot;)" storage="c:\projekty\nunittestproject\bin\debug\netcoreapp3.1\nunittestproject.dll" id="1f8c3026-17e4-68c3-c899-dd2458b787d5">
      <Execution id="2d86909a-cb80-4a85-8946-c1dc70bba7c3" />
      <TestMethod codeBase="C:\Projekty\NUnitTestProject\bin\Debug\netcoreapp3.1\NUnitTestProject.dll" adapterTypeName="executor://nunit3testexecutor/" className="NUnitTestProject.CurrencyHelperTests" name="FormatToStringTest1000(72659.37876478041d,&quot;72659.38 zł&quot;)" />
    </UnitTest>
    <UnitTest name="FormatToStringTest1000(36760.171806480816d,&quot;36760.17 zł&quot;)" storage="c:\projekty\nunittestproject\bin\debug\netcoreapp3.1\nunittestproject.dll" id="40f4c03f-760c-5f9a-0d6d-791657138d6a">
      <Execution id="fa19f10a-cd04-4686-8076-7d5a0d1a83a4" />
      <TestMethod codeBase="C:\Projekty\NUnitTestProject\bin\Debug\netcoreapp3.1\NUnitTestProject.dll" adapterTypeName="executor://nunit3testexecutor/" className="NUnitTestProject.CurrencyHelperTests" name="FormatToStringTest1000(36760.171806480816d,&quot;36760.17 zł&quot;)" />
    </UnitTest>
    <UnitTest name="FormatToStringTest1000(29417.800422138444d,&quot;29417.80 zł&quot;)" storage="c:\projekty\nunittestproject\bin\debug\netcoreapp3.1\nunittestproject.dll" id="1a501163-ddde-3471-133e-1552ff82f851">
      <Execution id="f2f69e15-0419-4ef8-a763-25e94df1deaf" />
      <TestMethod codeBase="C:\Projekty\NUnitTestProject\bin\Debug\netcoreapp3.1\NUnitTestProject.dll" adapterTypeName="executor://nunit3testexecutor/" className="NUnitTestProject.CurrencyHelperTests" name="FormatToStringTest1000(29417.800422138444d,&quot;29417.80 zł&quot;)" />
    </UnitTest>
    <UnitTest name="FormatToStringTest1000(12577.642620996872d,&quot;12577.64 zł&quot;)" storage="c:\projekty\nunittestproject\bin\debug\netcoreapp3.1\nunittestproject.dll" id="1b5e4bdd-94b8-c181-30ec-747619ebfce8">
      <Execution id="91f5063f-5661-4bd6-8e56-30fd28232047" />
      <TestMethod codeBase="C:\Projekty\NUnitTestProject\bin\Debug\netcoreapp3.1\NUnitTestProject.dll" adapterTypeName="executor://nunit3testexecutor/" className="NUnitTestProject.CurrencyHelperTests" name="FormatToStringTest1000(12577.642620996872d,&quot;12577.64 zł&quot;)" />
    </UnitTest>
    <UnitTest name="FormatToStringTest1000(25440.18371476614d,&quot;25440.18 zł&quot;)" storage="c:\projekty\nunittestproject\bin\debug\netcoreapp3.1\nunittestproject.dll" id="5012f64d-f81c-363a-9c3b-b389d7a1051b">
      <Execution id="06e8267c-941b-4387-a9d6-a5260b9ac0c1" />
      <TestMethod codeBase="C:\Projekty\NUnitTestProject\bin\Debug\netcoreapp3.1\NUnitTestProject.dll" adapterTypeName="executor://nunit3testexecutor/" className="NUnitTestProject.CurrencyHelperTests" name="FormatToStringTest1000(25440.18371476614d,&quot;25440.18 zł&quot;)" />
    </UnitTest>
    <UnitTest name="FormatToStringTest1000(9431.144757136304d,&quot;9431.14 zł&quot;)" storage="c:\projekty\nunittestproject\bin\debug\netcoreapp3.1\nunittestproject.dll" id="e02db9a4-a283-da5d-8967-1cec80ef7e92">
      <Execution id="efd48406-8678-4e95-ab42-b101b79edfab" />
      <TestMethod codeBase="C:\Projekty\NUnitTestProject\bin\Debug\netcoreapp3.1\NUnitTestProject.dll" adapterTypeName="executor://nunit3testexecutor/" className="NUnitTestProject.CurrencyHelperTests" name="FormatToStringTest1000(9431.144757136304d,&quot;9431.14 zł&quot;)" />
    </UnitTest>
    <UnitTest name="FormatToStringTest1000(5398.2412667191775d,&quot;5398.24 zł&quot;)" storage="c:\projekty\nunittestproject\bin\debug\netcoreapp3.1\nunittestproject.dll" id="ce58807f-4456-2f1b-abea-6bcc9dcfe2eb">
      <Execution id="dc319077-6be1-4581-a2b1-48d5d3c371b1" />
      <TestMethod codeBase="C:\Projekty\NUnitTestProject\bin\Debug\netcoreapp3.1\NUnitTestProject.dll" adapterTypeName="executor://nunit3testexecutor/" className="NUnitTestProject.CurrencyHelperTests" name="FormatToStringTest1000(5398.2412667191775d,&quot;5398.24 zł&quot;)" />
    </UnitTest>
    <UnitTest name="FormatToStringTest1000(45299.778512198376d,&quot;45299.78 zł&quot;)" storage="c:\projekty\nunittestproject\bin\debug\netcoreapp3.1\nunittestproject.dll" id="ea9a1ed5-0813-906f-0ed6-0a192bf899e6">
      <Execution id="2182d369-e14e-4f9e-bdc5-dbeb628a947c" />
      <TestMethod codeBase="C:\Projekty\NUnitTestProject\bin\Debug\netcoreapp3.1\NUnitTestProject.dll" adapterTypeName="executor://nunit3testexecutor/" className="NUnitTestProject.CurrencyHelperTests" name="FormatToStringTest1000(45299.778512198376d,&quot;45299.78 zł&quot;)" />
    </UnitTest>
    <UnitTest name="FormatToStringTest1000(6838.422316571894d,&quot;6838.42 zł&quot;)" storage="c:\projekty\nunittestproject\bin\debug\netcoreapp3.1\nunittestproject.dll" id="0abb1a8e-0900-a5c7-bfcc-230b4aaefe42">
      <Execution id="bf879a0e-8722-4521-83e7-30c2374fed14" />
      <TestMethod codeBase="C:\Projekty\NUnitTestProject\bin\Debug\netcoreapp3.1\NUnitTestProject.dll" adapterTypeName="executor://nunit3testexecutor/" className="NUnitTestProject.CurrencyHelperTests" name="FormatToStringTest1000(6838.422316571894d,&quot;6838.42 zł&quot;)" />
    </UnitTest>
    <UnitTest name="FormatToStringTest1000(6352.983758103561d,&quot;6352.98 zł&quot;)" storage="c:\projekty\nunittestproject\bin\debug\netcoreapp3.1\nunittestproject.dll" id="9dc75585-8b30-1a60-5f46-ba30d03b7635">
      <Execution id="8f7c182d-ea84-4019-8a36-cf9f76fda282" />
      <TestMethod codeBase="C:\Projekty\NUnitTestProject\bin\Debug\netcoreapp3.1\NUnitTestProject.dll" adapterTypeName="executor://nunit3testexecutor/" className="NUnitTestProject.CurrencyHelperTests" name="FormatToStringTest1000(6352.983758103561d,&quot;6352.98 zł&quot;)" />
    </UnitTest>
    <UnitTest name="FormatToStringTest1000(33251.41907856028d,&quot;33251.42 zł&quot;)" storage="c:\projekty\nunittestproject\bin\debug\netcoreapp3.1\nunittestproject.dll" id="29116375-ac95-4d53-91ed-53d27bf037c6">
      <Execution id="e0bcf323-a6ae-42b8-a57f-039d653117f4" />
      <TestMethod codeBase="C:\Projekty\NUnitTestProject\bin\Debug\netcoreapp3.1\NUnitTestProject.dll" adapterTypeName="executor://nunit3testexecutor/" className="NUnitTestProject.CurrencyHelperTests" name="FormatToStringTest1000(33251.41907856028d,&quot;33251.42 zł&quot;)" />
    </UnitTest>
    <UnitTest name="FormatToStringTest1000(21281.64584727662d,&quot;21281.65 zł&quot;)" storage="c:\projekty\nunittestproject\bin\debug\netcoreapp3.1\nunittestproject.dll" id="07033e2b-ce19-3c9a-f51d-d9b702d310a1">
      <Execution id="672138ad-2741-4c2b-b5d6-37acfce8760c" />
      <TestMethod codeBase="C:\Projekty\NUnitTestProject\bin\Debug\netcoreapp3.1\NUnitTestProject.dll" adapterTypeName="executor://nunit3testexecutor/" className="NUnitTestProject.CurrencyHelperTests" name="FormatToStringTest1000(21281.64584727662d,&quot;21281.65 zł&quot;)" />
    </UnitTest>
    <UnitTest name="FormatToStringTest1000(11430.666613002619d,&quot;11430.67 zł&quot;)" storage="c:\projekty\nunittestproject\bin\debug\netcoreapp3.1\nunittestproject.dll" id="56c6c75f-613a-6a82-f7f1-a767d952b57c">
      <Execution id="74c6797d-26c5-4ee5-9304-0a50b024ae56" />
      <TestMethod codeBase="C:\Projekty\NUnitTestProject\bin\Debug\netcoreapp3.1\NUnitTestProject.dll" adapterTypeName="executor://nunit3testexecutor/" className="NUnitTestProject.CurrencyHelperTests" name="FormatToStringTest1000(11430.666613002619d,&quot;11430.67 zł&quot;)" />
    </UnitTest>
    <UnitTest name="FormatToStringTest1000(1514.6266382441981d,&quot;1514.63 zł&quot;)" storage="c:\projekty\nunittestproject\bin\debug\netcoreapp3.1\nunittestproject.dll" id="4b337c41-7f92-2137-58f8-ec4a04af8e6b">
      <Execution id="9fa5db6c-d791-4f45-a3c4-52136f36ef90" />
      <TestMethod codeBase="C:\Projekty\NUnitTestProject\bin\Debug\netcoreapp3.1\NUnitTestProject.dll" adapterTypeName="executor://nunit3testexecutor/" className="NUnitTestProject.CurrencyHelperTests" name="FormatToStringTest1000(1514.6266382441981d,&quot;1514.63 zł&quot;)" />
    </UnitTest>
    <UnitTest name="FormatToStringTest1000(55010.474927814896d,&quot;55010.47 zł&quot;)" storage="c:\projekty\nunittestproject\bin\debug\netcoreapp3.1\nunittestproject.dll" id="f0159238-5dbe-94b2-dc06-cbfbca0e38a0">
      <Execution id="aaa889ef-b004-4535-9174-1a57ffe292f0" />
      <TestMethod codeBase="C:\Projekty\NUnitTestProject\bin\Debug\netcoreapp3.1\NUnitTestProject.dll" adapterTypeName="executor://nunit3testexecutor/" className="NUnitTestProject.CurrencyHelperTests" name="FormatToStringTest1000(55010.474927814896d,&quot;55010.47 zł&quot;)" />
    </UnitTest>
    <UnitTest name="FormatToStringTest1000(47437.74370917619d,&quot;47437.74 zł&quot;)" storage="c:\projekty\nunittestproject\bin\debug\netcoreapp3.1\nunittestproject.dll" id="aef8a2f1-8212-2e61-b82d-81a49d106670">
      <Execution id="0124baa9-c3ac-4c4c-afa0-36b5af5c369d" />
      <TestMethod codeBase="C:\Projekty\NUnitTestProject\bin\Debug\netcoreapp3.1\NUnitTestProject.dll" adapterTypeName="executor://nunit3testexecutor/" className="NUnitTestProject.CurrencyHelperTests" name="FormatToStringTest1000(47437.74370917619d,&quot;47437.74 zł&quot;)" />
    </UnitTest>
    <UnitTest name="FormatToStringTest1000(96022.24851977557d,&quot;96022.25 zł&quot;)" storage="c:\projekty\nunittestproject\bin\debug\netcoreapp3.1\nunittestproject.dll" id="c2208323-1f95-b32c-0530-4ad682605720">
      <Execution id="cd1ab956-ae9d-4557-ac68-8015b38fd8d1" />
      <TestMethod codeBase="C:\Projekty\NUnitTestProject\bin\Debug\netcoreapp3.1\NUnitTestProject.dll" adapterTypeName="executor://nunit3testexecutor/" className="NUnitTestProject.CurrencyHelperTests" name="FormatToStringTest1000(96022.24851977557d,&quot;96022.25 zł&quot;)" />
    </UnitTest>
    <UnitTest name="FormatToStringTest1000(26686.08488193065d,&quot;26686.08 zł&quot;)" storage="c:\projekty\nunittestproject\bin\debug\netcoreapp3.1\nunittestproject.dll" id="1d1eb73d-8b0c-7513-b3af-aa35ad258fdb">
      <Execution id="a46c66a1-3d64-48cf-a35d-825011052c2f" />
      <TestMethod codeBase="C:\Projekty\NUnitTestProject\bin\Debug\netcoreapp3.1\NUnitTestProject.dll" adapterTypeName="executor://nunit3testexecutor/" className="NUnitTestProject.CurrencyHelperTests" name="FormatToStringTest1000(26686.08488193065d,&quot;26686.08 zł&quot;)" />
    </UnitTest>
    <UnitTest name="FormatToStringTest1000(39641.61351217451d,&quot;39641.61 zł&quot;)" storage="c:\projekty\nunittestproject\bin\debug\netcoreapp3.1\nunittestproject.dll" id="bebef051-0a10-725f-3ff5-e30e4f9dd420">
      <Execution id="7233526e-31c7-46bc-b7b7-f22b5c3cfa5b" />
      <TestMethod codeBase="C:\Projekty\NUnitTestProject\bin\Debug\netcoreapp3.1\NUnitTestProject.dll" adapterTypeName="executor://nunit3testexecutor/" className="NUnitTestProject.CurrencyHelperTests" name="FormatToStringTest1000(39641.61351217451d,&quot;39641.61 zł&quot;)" />
    </UnitTest>
    <UnitTest name="FormatToStringTest1000(10227.532692039169d,&quot;10227.53 zł&quot;)" storage="c:\projekty\nunittestproject\bin\debug\netcoreapp3.1\nunittestproject.dll" id="9c48ba54-1163-2299-84d2-c7df2b4c3889">
      <Execution id="24953e59-c116-4813-81d4-9d1414c66968" />
      <TestMethod codeBase="C:\Projekty\NUnitTestProject\bin\Debug\netcoreapp3.1\NUnitTestProject.dll" adapterTypeName="executor://nunit3testexecutor/" className="NUnitTestProject.CurrencyHelperTests" name="FormatToStringTest1000(10227.532692039169d,&quot;10227.53 zł&quot;)" />
    </UnitTest>
    <UnitTest name="FormatToStringTest1000(8242.419043611d,&quot;8242.42 zł&quot;)" storage="c:\projekty\nunittestproject\bin\debug\netcoreapp3.1\nunittestproject.dll" id="4e59f6e9-d495-6f3f-64b9-ac28a5eaac72">
      <Execution id="cf2068dc-64da-442e-bca3-c6a40a936c23" />
      <TestMethod codeBase="C:\Projekty\NUnitTestProject\bin\Debug\netcoreapp3.1\NUnitTestProject.dll" adapterTypeName="executor://nunit3testexecutor/" className="NUnitTestProject.CurrencyHelperTests" name="FormatToStringTest1000(8242.419043611d,&quot;8242.42 zł&quot;)" />
    </UnitTest>
    <UnitTest name="FormatToStringTest1000(61422.228144277455d,&quot;61422.23 zł&quot;)" storage="c:\projekty\nunittestproject\bin\debug\netcoreapp3.1\nunittestproject.dll" id="a127d37b-b919-a5a8-4175-7c8816584689">
      <Execution id="a1de0668-63f8-483e-a76a-45b4d18af28d" />
      <TestMethod codeBase="C:\Projekty\NUnitTestProject\bin\Debug\netcoreapp3.1\NUnitTestProject.dll" adapterTypeName="executor://nunit3testexecutor/" className="NUnitTestProject.CurrencyHelperTests" name="FormatToStringTest1000(61422.228144277455d,&quot;61422.23 zł&quot;)" />
    </UnitTest>
    <UnitTest name="FormatToStringTest1000(6665.405372488035d,&quot;6665.41 zł&quot;)" storage="c:\projekty\nunittestproject\bin\debug\netcoreapp3.1\nunittestproject.dll" id="454ead38-c2a8-9597-7b1c-dc862a589e0e">
      <Execution id="45a09abe-8500-4232-bd26-beeb4372bc2a" />
      <TestMethod codeBase="C:\Projekty\NUnitTestProject\bin\Debug\netcoreapp3.1\NUnitTestProject.dll" adapterTypeName="executor://nunit3testexecutor/" className="NUnitTestProject.CurrencyHelperTests" name="FormatToStringTest1000(6665.405372488035d,&quot;6665.41 zł&quot;)" />
    </UnitTest>
    <UnitTest name="FormatToStringTest1000(22367.991005544547d,&quot;22367.99 zł&quot;)" storage="c:\projekty\nunittestproject\bin\debug\netcoreapp3.1\nunittestproject.dll" id="40bf488b-c6ae-b189-e7b5-8aa7dd656fea">
      <Execution id="5c67cf8b-5978-4f54-b1ae-0d0273f0675d" />
      <TestMethod codeBase="C:\Projekty\NUnitTestProject\bin\Debug\netcoreapp3.1\NUnitTestProject.dll" adapterTypeName="executor://nunit3testexecutor/" className="NUnitTestProject.CurrencyHelperTests" name="FormatToStringTest1000(22367.991005544547d,&quot;22367.99 zł&quot;)" />
    </UnitTest>
    <UnitTest name="FormatToStringTest1000(4715.320654313695d,&quot;4715.32 zł&quot;)" storage="c:\projekty\nunittestproject\bin\debug\netcoreapp3.1\nunittestproject.dll" id="55be0839-9d5f-302a-bfcf-f7926cef9841">
      <Execution id="8028f8c4-add4-4100-a4fa-d85a0216623c" />
      <TestMethod codeBase="C:\Projekty\NUnitTestProject\bin\Debug\netcoreapp3.1\NUnitTestProject.dll" adapterTypeName="executor://nunit3testexecutor/" className="NUnitTestProject.CurrencyHelperTests" name="FormatToStringTest1000(4715.320654313695d,&quot;4715.32 zł&quot;)" />
    </UnitTest>
    <UnitTest name="FormatToStringTest1000(55303.17220895699d,&quot;55303.17 zł&quot;)" storage="c:\projekty\nunittestproject\bin\debug\netcoreapp3.1\nunittestproject.dll" id="3c248867-d354-cc7e-803e-cd6ef02be22e">
      <Execution id="d147ebdb-4c7f-48c4-80e7-c90794e1ebba" />
      <TestMethod codeBase="C:\Projekty\NUnitTestProject\bin\Debug\netcoreapp3.1\NUnitTestProject.dll" adapterTypeName="executor://nunit3testexecutor/" className="NUnitTestProject.CurrencyHelperTests" name="FormatToStringTest1000(55303.17220895699d,&quot;55303.17 zł&quot;)" />
    </UnitTest>
    <UnitTest name="FormatToStringTest1000(54304.07738935393d,&quot;54304.08 zł&quot;)" storage="c:\projekty\nunittestproject\bin\debug\netcoreapp3.1\nunittestproject.dll" id="dc6fc325-7591-5ff6-3e13-ef3b13583bb4">
      <Execution id="446e0c03-dc85-4325-b69d-1cdb1db56b47" />
      <TestMethod codeBase="C:\Projekty\NUnitTestProject\bin\Debug\netcoreapp3.1\NUnitTestProject.dll" adapterTypeName="executor://nunit3testexecutor/" className="NUnitTestProject.CurrencyHelperTests" name="FormatToStringTest1000(54304.07738935393d,&quot;54304.08 zł&quot;)" />
    </UnitTest>
    <UnitTest name="FormatToStringTest1000(23980.12943509646d,&quot;23980.13 zł&quot;)" storage="c:\projekty\nunittestproject\bin\debug\netcoreapp3.1\nunittestproject.dll" id="62f72a9e-2ef3-be6d-f944-7dcdbad45b8b">
      <Execution id="bf177f39-d731-49b4-a72d-a27bc537c644" />
      <TestMethod codeBase="C:\Projekty\NUnitTestProject\bin\Debug\netcoreapp3.1\NUnitTestProject.dll" adapterTypeName="executor://nunit3testexecutor/" className="NUnitTestProject.CurrencyHelperTests" name="FormatToStringTest1000(23980.12943509646d,&quot;23980.13 zł&quot;)" />
    </UnitTest>
    <UnitTest name="FormatToStringTest1000(7594.279030504766d,&quot;7594.28 zł&quot;)" storage="c:\projekty\nunittestproject\bin\debug\netcoreapp3.1\nunittestproject.dll" id="b2708039-2d5c-fb09-5f56-062d0cb9067a">
      <Execution id="f0146d40-c1af-4a90-9824-454d4d4863e8" />
      <TestMethod codeBase="C:\Projekty\NUnitTestProject\bin\Debug\netcoreapp3.1\NUnitTestProject.dll" adapterTypeName="executor://nunit3testexecutor/" className="NUnitTestProject.CurrencyHelperTests" name="FormatToStringTest1000(7594.279030504766d,&quot;7594.28 zł&quot;)" />
    </UnitTest>
    <UnitTest name="FormatToStringTest1000(21602.417596116393d,&quot;21602.42 zł&quot;)" storage="c:\projekty\nunittestproject\bin\debug\netcoreapp3.1\nunittestproject.dll" id="ef7b8988-d111-e493-786c-6d198480cf20">
      <Execution id="ea906c34-e9e2-4db2-a603-b0144586f250" />
      <TestMethod codeBase="C:\Projekty\NUnitTestProject\bin\Debug\netcoreapp3.1\NUnitTestProject.dll" adapterTypeName="executor://nunit3testexecutor/" className="NUnitTestProject.CurrencyHelperTests" name="FormatToStringTest1000(21602.417596116393d,&quot;21602.42 zł&quot;)" />
    </UnitTest>
    <UnitTest name="FormatToStringTest1000(10495.622655484185d,&quot;10495.62 zł&quot;)" storage="c:\projekty\nunittestproject\bin\debug\netcoreapp3.1\nunittestproject.dll" id="7a0cd811-1188-4526-31f2-d266b41de2aa">
      <Execution id="48399a37-034d-491f-b181-b60cff693079" />
      <TestMethod codeBase="C:\Projekty\NUnitTestProject\bin\Debug\netcoreapp3.1\NUnitTestProject.dll" adapterTypeName="executor://nunit3testexecutor/" className="NUnitTestProject.CurrencyHelperTests" name="FormatToStringTest1000(10495.622655484185d,&quot;10495.62 zł&quot;)" />
    </UnitTest>
    <UnitTest name="FormatToStringTest1000(50585.83664522778d,&quot;50585.84 zł&quot;)" storage="c:\projekty\nunittestproject\bin\debug\netcoreapp3.1\nunittestproject.dll" id="cfb2439a-56a0-7de3-f9a2-8d326d2ccf14">
      <Execution id="1e2baa7b-4d29-46ec-a34c-f7a863b3e7d1" />
      <TestMethod codeBase="C:\Projekty\NUnitTestProject\bin\Debug\netcoreapp3.1\NUnitTestProject.dll" adapterTypeName="executor://nunit3testexecutor/" className="NUnitTestProject.CurrencyHelperTests" name="FormatToStringTest1000(50585.83664522778d,&quot;50585.84 zł&quot;)" />
    </UnitTest>
    <UnitTest name="FormatToStringTest1000(21728.91641959963d,&quot;21728.92 zł&quot;)" storage="c:\projekty\nunittestproject\bin\debug\netcoreapp3.1\nunittestproject.dll" id="64432d28-23cd-4cf2-4daf-935cfc9905b7">
      <Execution id="4d043711-3b76-405c-81c8-4409ae0622a3" />
      <TestMethod codeBase="C:\Projekty\NUnitTestProject\bin\Debug\netcoreapp3.1\NUnitTestProject.dll" adapterTypeName="executor://nunit3testexecutor/" className="NUnitTestProject.CurrencyHelperTests" name="FormatToStringTest1000(21728.91641959963d,&quot;21728.92 zł&quot;)" />
    </UnitTest>
    <UnitTest name="FormatToStringTest1000(16819.974312979717d,&quot;16819.97 zł&quot;)" storage="c:\projekty\nunittestproject\bin\debug\netcoreapp3.1\nunittestproject.dll" id="acd7d1ab-8336-79e5-b078-d5eb4c962b29">
      <Execution id="bef464c8-b834-4dbe-8e44-cb5ef9d85634" />
      <TestMethod codeBase="C:\Projekty\NUnitTestProject\bin\Debug\netcoreapp3.1\NUnitTestProject.dll" adapterTypeName="executor://nunit3testexecutor/" className="NUnitTestProject.CurrencyHelperTests" name="FormatToStringTest1000(16819.974312979717d,&quot;16819.97 zł&quot;)" />
    </UnitTest>
    <UnitTest name="FormatToStringTest1000(29508.077101491428d,&quot;29508.08 zł&quot;)" storage="c:\projekty\nunittestproject\bin\debug\netcoreapp3.1\nunittestproject.dll" id="87886007-6727-2dc4-be03-09aefa74e875">
      <Execution id="9477b27c-c5ed-4c1a-af5f-6a1eab9bb867" />
      <TestMethod codeBase="C:\Projekty\NUnitTestProject\bin\Debug\netcoreapp3.1\NUnitTestProject.dll" adapterTypeName="executor://nunit3testexecutor/" className="NUnitTestProject.CurrencyHelperTests" name="FormatToStringTest1000(29508.077101491428d,&quot;29508.08 zł&quot;)" />
    </UnitTest>
    <UnitTest name="FormatToStringTest1000(17798.633951516185d,&quot;17798.63 zł&quot;)" storage="c:\projekty\nunittestproject\bin\debug\netcoreapp3.1\nunittestproject.dll" id="7a151ddf-b76f-a627-8d14-57dc244734db">
      <Execution id="de79ad8f-bb87-444f-9473-9f4fecc59658" />
      <TestMethod codeBase="C:\Projekty\NUnitTestProject\bin\Debug\netcoreapp3.1\NUnitTestProject.dll" adapterTypeName="executor://nunit3testexecutor/" className="NUnitTestProject.CurrencyHelperTests" name="FormatToStringTest1000(17798.633951516185d,&quot;17798.63 zł&quot;)" />
    </UnitTest>
    <UnitTest name="FormatToStringTest1000(23548.88067407016d,&quot;23548.88 zł&quot;)" storage="c:\projekty\nunittestproject\bin\debug\netcoreapp3.1\nunittestproject.dll" id="08821b59-1fc3-bfdb-c64b-6b9d4d7418fb">
      <Execution id="15453c23-5c87-4528-94f6-bbb349e68758" />
      <TestMethod codeBase="C:\Projekty\NUnitTestProject\bin\Debug\netcoreapp3.1\NUnitTestProject.dll" adapterTypeName="executor://nunit3testexecutor/" className="NUnitTestProject.CurrencyHelperTests" name="FormatToStringTest1000(23548.88067407016d,&quot;23548.88 zł&quot;)" />
    </UnitTest>
    <UnitTest name="FormatToStringTest1000(24957.469502810607d,&quot;24957.47 zł&quot;)" storage="c:\projekty\nunittestproject\bin\debug\netcoreapp3.1\nunittestproject.dll" id="ecf86b56-1ec1-9984-97f9-65e2b8a0e550">
      <Execution id="064f0416-2395-4d1c-84fa-cc13950a71e8" />
      <TestMethod codeBase="C:\Projekty\NUnitTestProject\bin\Debug\netcoreapp3.1\NUnitTestProject.dll" adapterTypeName="executor://nunit3testexecutor/" className="NUnitTestProject.CurrencyHelperTests" name="FormatToStringTest1000(24957.469502810607d,&quot;24957.47 zł&quot;)" />
    </UnitTest>
    <UnitTest name="FormatToStringTest1000(2992.6161168593057d,&quot;2992.62 zł&quot;)" storage="c:\projekty\nunittestproject\bin\debug\netcoreapp3.1\nunittestproject.dll" id="685e65c6-c415-f45e-d0fc-3f95f4859375">
      <Execution id="f3387578-0230-42dc-a075-357e66a31fe1" />
      <TestMethod codeBase="C:\Projekty\NUnitTestProject\bin\Debug\netcoreapp3.1\NUnitTestProject.dll" adapterTypeName="executor://nunit3testexecutor/" className="NUnitTestProject.CurrencyHelperTests" name="FormatToStringTest1000(2992.6161168593057d,&quot;2992.62 zł&quot;)" />
    </UnitTest>
    <UnitTest name="FormatToStringTest1000(32213.734885384205d,&quot;32213.73 zł&quot;)" storage="c:\projekty\nunittestproject\bin\debug\netcoreapp3.1\nunittestproject.dll" id="f9588db6-8045-6ceb-1c29-858ccdaab727">
      <Execution id="5bfa24cb-08f6-4dc9-ae61-ef78fe757445" />
      <TestMethod codeBase="C:\Projekty\NUnitTestProject\bin\Debug\netcoreapp3.1\NUnitTestProject.dll" adapterTypeName="executor://nunit3testexecutor/" className="NUnitTestProject.CurrencyHelperTests" name="FormatToStringTest1000(32213.734885384205d,&quot;32213.73 zł&quot;)" />
    </UnitTest>
    <UnitTest name="FormatToStringTest1000(8901.937138443784d,&quot;8901.94 zł&quot;)" storage="c:\projekty\nunittestproject\bin\debug\netcoreapp3.1\nunittestproject.dll" id="9c14da41-934e-02e1-653f-9f7dc91a12aa">
      <Execution id="b6d02321-6f07-4a75-888d-214b42b11ef8" />
      <TestMethod codeBase="C:\Projekty\NUnitTestProject\bin\Debug\netcoreapp3.1\NUnitTestProject.dll" adapterTypeName="executor://nunit3testexecutor/" className="NUnitTestProject.CurrencyHelperTests" name="FormatToStringTest1000(8901.937138443784d,&quot;8901.94 zł&quot;)" />
    </UnitTest>
    <UnitTest name="FormatToStringTest1000(25720.27551496321d,&quot;25720.28 zł&quot;)" storage="c:\projekty\nunittestproject\bin\debug\netcoreapp3.1\nunittestproject.dll" id="dbb1fa1a-a5ee-99ca-9749-48d31eb98113">
      <Execution id="5a112557-374b-4242-8df5-6830aaec3712" />
      <TestMethod codeBase="C:\Projekty\NUnitTestProject\bin\Debug\netcoreapp3.1\NUnitTestProject.dll" adapterTypeName="executor://nunit3testexecutor/" className="NUnitTestProject.CurrencyHelperTests" name="FormatToStringTest1000(25720.27551496321d,&quot;25720.28 zł&quot;)" />
    </UnitTest>
    <UnitTest name="FormatToStringTest1000(3341.8351759444154d,&quot;3341.84 zł&quot;)" storage="c:\projekty\nunittestproject\bin\debug\netcoreapp3.1\nunittestproject.dll" id="5717b261-73d9-ccff-48ad-cb5028daecbf">
      <Execution id="4e50cf31-5b52-4441-8176-020026209e21" />
      <TestMethod codeBase="C:\Projekty\NUnitTestProject\bin\Debug\netcoreapp3.1\NUnitTestProject.dll" adapterTypeName="executor://nunit3testexecutor/" className="NUnitTestProject.CurrencyHelperTests" name="FormatToStringTest1000(3341.8351759444154d,&quot;3341.84 zł&quot;)" />
    </UnitTest>
    <UnitTest name="FormatToStringTest1000(7789.7136237517525d,&quot;7789.71 zł&quot;)" storage="c:\projekty\nunittestproject\bin\debug\netcoreapp3.1\nunittestproject.dll" id="7a70b4a3-dd05-b389-f6ee-af27102364f5">
      <Execution id="ca6a5737-2d71-484c-924b-44503d48df4f" />
      <TestMethod codeBase="C:\Projekty\NUnitTestProject\bin\Debug\netcoreapp3.1\NUnitTestProject.dll" adapterTypeName="executor://nunit3testexecutor/" className="NUnitTestProject.CurrencyHelperTests" name="FormatToStringTest1000(7789.7136237517525d,&quot;7789.71 zł&quot;)" />
    </UnitTest>
    <UnitTest name="FormatToStringTest1000(2339.5873176472205d,&quot;2339.59 zł&quot;)" storage="c:\projekty\nunittestproject\bin\debug\netcoreapp3.1\nunittestproject.dll" id="ea0b7c7a-ce24-46f7-0862-63029307593e">
      <Execution id="b75c621f-ffbe-4309-80da-bf56d697e093" />
      <TestMethod codeBase="C:\Projekty\NUnitTestProject\bin\Debug\netcoreapp3.1\NUnitTestProject.dll" adapterTypeName="executor://nunit3testexecutor/" className="NUnitTestProject.CurrencyHelperTests" name="FormatToStringTest1000(2339.5873176472205d,&quot;2339.59 zł&quot;)" />
    </UnitTest>
    <UnitTest name="FormatToStringTest1000(24308.26523149212d,&quot;24308.27 zł&quot;)" storage="c:\projekty\nunittestproject\bin\debug\netcoreapp3.1\nunittestproject.dll" id="10d9efba-c25c-4837-b4ca-c51dd97ac398">
      <Execution id="c49420e1-143d-4e43-8a2b-54d87ca2af64" />
      <TestMethod codeBase="C:\Projekty\NUnitTestProject\bin\Debug\netcoreapp3.1\NUnitTestProject.dll" adapterTypeName="executor://nunit3testexecutor/" className="NUnitTestProject.CurrencyHelperTests" name="FormatToStringTest1000(24308.26523149212d,&quot;24308.27 zł&quot;)" />
    </UnitTest>
    <UnitTest name="FormatToStringTest1000(51408.294679657694d,&quot;51408.29 zł&quot;)" storage="c:\projekty\nunittestproject\bin\debug\netcoreapp3.1\nunittestproject.dll" id="94c8a06e-3f46-89b8-1521-4663bd871343">
      <Execution id="cf7e7fbe-f00a-470b-8f0a-22862a382b25" />
      <TestMethod codeBase="C:\Projekty\NUnitTestProject\bin\Debug\netcoreapp3.1\NUnitTestProject.dll" adapterTypeName="executor://nunit3testexecutor/" className="NUnitTestProject.CurrencyHelperTests" name="FormatToStringTest1000(51408.294679657694d,&quot;51408.29 zł&quot;)" />
    </UnitTest>
    <UnitTest name="FormatToStringTest1000(1328.353302088265d,&quot;1328.35 zł&quot;)" storage="c:\projekty\nunittestproject\bin\debug\netcoreapp3.1\nunittestproject.dll" id="9bae3763-5b44-6392-7f85-b5a14c7eae3f">
      <Execution id="3d7342a5-5a3c-4587-997b-9eb81ddb1b02" />
      <TestMethod codeBase="C:\Projekty\NUnitTestProject\bin\Debug\netcoreapp3.1\NUnitTestProject.dll" adapterTypeName="executor://nunit3testexecutor/" className="NUnitTestProject.CurrencyHelperTests" name="FormatToStringTest1000(1328.353302088265d,&quot;1328.35 zł&quot;)" />
    </UnitTest>
    <UnitTest name="FormatToStringTest1000(50413.517583300134d,&quot;50413.52 zł&quot;)" storage="c:\projekty\nunittestproject\bin\debug\netcoreapp3.1\nunittestproject.dll" id="eb4b3a2e-3867-f16d-1f8c-063517acc541">
      <Execution id="39bc552b-7810-4db4-8d0b-ab54518d56da" />
      <TestMethod codeBase="C:\Projekty\NUnitTestProject\bin\Debug\netcoreapp3.1\NUnitTestProject.dll" adapterTypeName="executor://nunit3testexecutor/" className="NUnitTestProject.CurrencyHelperTests" name="FormatToStringTest1000(50413.517583300134d,&quot;50413.52 zł&quot;)" />
    </UnitTest>
    <UnitTest name="FormatToStringTest1000(13046.352146307172d,&quot;13046.35 zł&quot;)" storage="c:\projekty\nunittestproject\bin\debug\netcoreapp3.1\nunittestproject.dll" id="f86161bd-f5ff-e739-8561-c83ff6f0d4a9">
      <Execution id="6ba9675f-d549-4053-9037-9ec4b36778cf" />
      <TestMethod codeBase="C:\Projekty\NUnitTestProject\bin\Debug\netcoreapp3.1\NUnitTestProject.dll" adapterTypeName="executor://nunit3testexecutor/" className="NUnitTestProject.CurrencyHelperTests" name="FormatToStringTest1000(13046.352146307172d,&quot;13046.35 zł&quot;)" />
    </UnitTest>
    <UnitTest name="FormatToStringTest1000(16402.16316587206d,&quot;16402.16 zł&quot;)" storage="c:\projekty\nunittestproject\bin\debug\netcoreapp3.1\nunittestproject.dll" id="f113347a-114d-883f-0643-fe2e125f5daa">
      <Execution id="dfd81862-6dec-4efb-9426-450b8b349abd" />
      <TestMethod codeBase="C:\Projekty\NUnitTestProject\bin\Debug\netcoreapp3.1\NUnitTestProject.dll" adapterTypeName="executor://nunit3testexecutor/" className="NUnitTestProject.CurrencyHelperTests" name="FormatToStringTest1000(16402.16316587206d,&quot;16402.16 zł&quot;)" />
    </UnitTest>
    <UnitTest name="FormatToStringTest1000(4539.210371735137d,&quot;4539.21 zł&quot;)" storage="c:\projekty\nunittestproject\bin\debug\netcoreapp3.1\nunittestproject.dll" id="bde33f3c-8432-543f-ee46-b13606db09db">
      <Execution id="52c6681e-b59a-416c-9c95-0a92450a388d" />
      <TestMethod codeBase="C:\Projekty\NUnitTestProject\bin\Debug\netcoreapp3.1\NUnitTestProject.dll" adapterTypeName="executor://nunit3testexecutor/" className="NUnitTestProject.CurrencyHelperTests" name="FormatToStringTest1000(4539.210371735137d,&quot;4539.21 zł&quot;)" />
    </UnitTest>
    <UnitTest name="FormatToStringTest1000(17990.38119827089d,&quot;17990.38 zł&quot;)" storage="c:\projekty\nunittestproject\bin\debug\netcoreapp3.1\nunittestproject.dll" id="785b55cc-be99-2e92-e97b-e8c0390c5420">
      <Execution id="48abc976-b645-4cd5-98e3-044009b47864" />
      <TestMethod codeBase="C:\Projekty\NUnitTestProject\bin\Debug\netcoreapp3.1\NUnitTestProject.dll" adapterTypeName="executor://nunit3testexecutor/" className="NUnitTestProject.CurrencyHelperTests" name="FormatToStringTest1000(17990.38119827089d,&quot;17990.38 zł&quot;)" />
    </UnitTest>
    <UnitTest name="FormatToStringTest1000(4555.538255205163d,&quot;4555.54 zł&quot;)" storage="c:\projekty\nunittestproject\bin\debug\netcoreapp3.1\nunittestproject.dll" id="ba2e227c-c79f-6137-d335-88fa098146b3">
      <Execution id="fe501bc1-bff4-4857-8b85-952946c9b0b6" />
      <TestMethod codeBase="C:\Projekty\NUnitTestProject\bin\Debug\netcoreapp3.1\NUnitTestProject.dll" adapterTypeName="executor://nunit3testexecutor/" className="NUnitTestProject.CurrencyHelperTests" name="FormatToStringTest1000(4555.538255205163d,&quot;4555.54 zł&quot;)" />
    </UnitTest>
    <UnitTest name="FormatToStringTest1000(13337.80490493486d,&quot;13337.80 zł&quot;)" storage="c:\projekty\nunittestproject\bin\debug\netcoreapp3.1\nunittestproject.dll" id="fad10d32-e0c1-4a39-6168-5252fb0f8392">
      <Execution id="fd56ba21-5587-472a-8d1f-092afe6693eb" />
      <TestMethod codeBase="C:\Projekty\NUnitTestProject\bin\Debug\netcoreapp3.1\NUnitTestProject.dll" adapterTypeName="executor://nunit3testexecutor/" className="NUnitTestProject.CurrencyHelperTests" name="FormatToStringTest1000(13337.80490493486d,&quot;13337.80 zł&quot;)" />
    </UnitTest>
    <UnitTest name="FormatToStringTest1000(23023.74724929768d,&quot;23023.75 zł&quot;)" storage="c:\projekty\nunittestproject\bin\debug\netcoreapp3.1\nunittestproject.dll" id="be961a03-49b0-93a8-a575-29626617f5f3">
      <Execution id="fe2d0199-e76e-4fc1-82ec-e73c58f7429f" />
      <TestMethod codeBase="C:\Projekty\NUnitTestProject\bin\Debug\netcoreapp3.1\NUnitTestProject.dll" adapterTypeName="executor://nunit3testexecutor/" className="NUnitTestProject.CurrencyHelperTests" name="FormatToStringTest1000(23023.74724929768d,&quot;23023.75 zł&quot;)" />
    </UnitTest>
    <UnitTest name="FormatToStringTest1000(26207.03715363659d,&quot;26207.04 zł&quot;)" storage="c:\projekty\nunittestproject\bin\debug\netcoreapp3.1\nunittestproject.dll" id="2f443958-bb91-68f7-90b6-2eae1e3219b3">
      <Execution id="cc032d3c-8eff-4416-9f5f-f8a7efcdfa3d" />
      <TestMethod codeBase="C:\Projekty\NUnitTestProject\bin\Debug\netcoreapp3.1\NUnitTestProject.dll" adapterTypeName="executor://nunit3testexecutor/" className="NUnitTestProject.CurrencyHelperTests" name="FormatToStringTest1000(26207.03715363659d,&quot;26207.04 zł&quot;)" />
    </UnitTest>
    <UnitTest name="FormatToStringTest1000(3195.202943510936d,&quot;3195.20 zł&quot;)" storage="c:\projekty\nunittestproject\bin\debug\netcoreapp3.1\nunittestproject.dll" id="af79a348-5fb3-03eb-c3ed-5bb2185640a5">
      <Execution id="9cc30d53-d0bc-4532-8be5-62282679d197" />
      <TestMethod codeBase="C:\Projekty\NUnitTestProject\bin\Debug\netcoreapp3.1\NUnitTestProject.dll" adapterTypeName="executor://nunit3testexecutor/" className="NUnitTestProject.CurrencyHelperTests" name="FormatToStringTest1000(3195.202943510936d,&quot;3195.20 zł&quot;)" />
    </UnitTest>
    <UnitTest name="FormatToStringTest1000(33970.38965150639d,&quot;33970.39 zł&quot;)" storage="c:\projekty\nunittestproject\bin\debug\netcoreapp3.1\nunittestproject.dll" id="58d53652-da34-09db-a06d-1fae2bb18f28">
      <Execution id="8a462dc6-8cb0-489b-bc64-ada559336097" />
      <TestMethod codeBase="C:\Projekty\NUnitTestProject\bin\Debug\netcoreapp3.1\NUnitTestProject.dll" adapterTypeName="executor://nunit3testexecutor/" className="NUnitTestProject.CurrencyHelperTests" name="FormatToStringTest1000(33970.38965150639d,&quot;33970.39 zł&quot;)" />
    </UnitTest>
    <UnitTest name="FormatToStringTest1000(4094.6752323977066d,&quot;4094.68 zł&quot;)" storage="c:\projekty\nunittestproject\bin\debug\netcoreapp3.1\nunittestproject.dll" id="13e85df1-3456-393c-8dca-d481490ed075">
      <Execution id="692eba44-c41f-41c4-b460-07ba4068c39d" />
      <TestMethod codeBase="C:\Projekty\NUnitTestProject\bin\Debug\netcoreapp3.1\NUnitTestProject.dll" adapterTypeName="executor://nunit3testexecutor/" className="NUnitTestProject.CurrencyHelperTests" name="FormatToStringTest1000(4094.6752323977066d,&quot;4094.68 zł&quot;)" />
    </UnitTest>
    <UnitTest name="FormatToStringTest1000(79764.77845563217d,&quot;79764.78 zł&quot;)" storage="c:\projekty\nunittestproject\bin\debug\netcoreapp3.1\nunittestproject.dll" id="7724a5ae-1858-243b-d346-491db16f98e9">
      <Execution id="49a5de81-3297-4e44-8b88-0bfcbc1b0671" />
      <TestMethod codeBase="C:\Projekty\NUnitTestProject\bin\Debug\netcoreapp3.1\NUnitTestProject.dll" adapterTypeName="executor://nunit3testexecutor/" className="NUnitTestProject.CurrencyHelperTests" name="FormatToStringTest1000(79764.77845563217d,&quot;79764.78 zł&quot;)" />
    </UnitTest>
    <UnitTest name="FormatToStringTest1000(28992.38363400166d,&quot;28992.38 zł&quot;)" storage="c:\projekty\nunittestproject\bin\debug\netcoreapp3.1\nunittestproject.dll" id="21347641-7dc3-6035-5dfd-bb1ac2ae1b73">
      <Execution id="80b13e3f-9a87-450f-938e-1313c97d1412" />
      <TestMethod codeBase="C:\Projekty\NUnitTestProject\bin\Debug\netcoreapp3.1\NUnitTestProject.dll" adapterTypeName="executor://nunit3testexecutor/" className="NUnitTestProject.CurrencyHelperTests" name="FormatToStringTest1000(28992.38363400166d,&quot;28992.38 zł&quot;)" />
    </UnitTest>
    <UnitTest name="FormatToStringTest1000(19462.729986486367d,&quot;19462.73 zł&quot;)" storage="c:\projekty\nunittestproject\bin\debug\netcoreapp3.1\nunittestproject.dll" id="ed2b1e2d-f079-ec9f-030f-6c4deaa52702">
      <Execution id="1222542c-094b-4bf5-bc0e-411982bd9e86" />
      <TestMethod codeBase="C:\Projekty\NUnitTestProject\bin\Debug\netcoreapp3.1\NUnitTestProject.dll" adapterTypeName="executor://nunit3testexecutor/" className="NUnitTestProject.CurrencyHelperTests" name="FormatToStringTest1000(19462.729986486367d,&quot;19462.73 zł&quot;)" />
    </UnitTest>
    <UnitTest name="FormatToStringTest1000(972.1468308629221d,&quot;972.15 zł&quot;)" storage="c:\projekty\nunittestproject\bin\debug\netcoreapp3.1\nunittestproject.dll" id="2cb249c3-2f01-c9f4-7658-4d0e9af8d192">
      <Execution id="504826eb-033b-48dc-92d6-38bfa111c3a1" />
      <TestMethod codeBase="C:\Projekty\NUnitTestProject\bin\Debug\netcoreapp3.1\NUnitTestProject.dll" adapterTypeName="executor://nunit3testexecutor/" className="NUnitTestProject.CurrencyHelperTests" name="FormatToStringTest1000(972.1468308629221d,&quot;972.15 zł&quot;)" />
    </UnitTest>
    <UnitTest name="FormatToStringTest1000(46898.00219497783d,&quot;46898.00 zł&quot;)" storage="c:\projekty\nunittestproject\bin\debug\netcoreapp3.1\nunittestproject.dll" id="c2c62cce-7606-0af4-5c6b-a30ffe30b4ea">
      <Execution id="60c9bac0-34ee-4b75-9865-b07eceeb0eb4" />
      <TestMethod codeBase="C:\Projekty\NUnitTestProject\bin\Debug\netcoreapp3.1\NUnitTestProject.dll" adapterTypeName="executor://nunit3testexecutor/" className="NUnitTestProject.CurrencyHelperTests" name="FormatToStringTest1000(46898.00219497783d,&quot;46898.00 zł&quot;)" />
    </UnitTest>
    <UnitTest name="FormatToStringTest1000(30360.993128030557d,&quot;30360.99 zł&quot;)" storage="c:\projekty\nunittestproject\bin\debug\netcoreapp3.1\nunittestproject.dll" id="c1b72bec-54e9-d72c-529e-b6b9932bdb7f">
      <Execution id="adfec6e7-835d-4f40-9ea1-5ef1f313ca4a" />
      <TestMethod codeBase="C:\Projekty\NUnitTestProject\bin\Debug\netcoreapp3.1\NUnitTestProject.dll" adapterTypeName="executor://nunit3testexecutor/" className="NUnitTestProject.CurrencyHelperTests" name="FormatToStringTest1000(30360.993128030557d,&quot;30360.99 zł&quot;)" />
    </UnitTest>
    <UnitTest name="FormatToStringTest1000(34951.47290410077d,&quot;34951.47 zł&quot;)" storage="c:\projekty\nunittestproject\bin\debug\netcoreapp3.1\nunittestproject.dll" id="32740214-c33e-96ad-e5a0-01c821ac0c2a">
      <Execution id="f6294e89-f8f5-4d99-9cb0-50864dd31870" />
      <TestMethod codeBase="C:\Projekty\NUnitTestProject\bin\Debug\netcoreapp3.1\NUnitTestProject.dll" adapterTypeName="executor://nunit3testexecutor/" className="NUnitTestProject.CurrencyHelperTests" name="FormatToStringTest1000(34951.47290410077d,&quot;34951.47 zł&quot;)" />
    </UnitTest>
    <UnitTest name="FormatToStringTest1000(48428.38681602682d,&quot;48428.39 zł&quot;)" storage="c:\projekty\nunittestproject\bin\debug\netcoreapp3.1\nunittestproject.dll" id="13cdf8fd-2721-e597-055e-a54097abf685">
      <Execution id="c01d26a1-01d7-4e22-8491-fd8ffe16cb27" />
      <TestMethod codeBase="C:\Projekty\NUnitTestProject\bin\Debug\netcoreapp3.1\NUnitTestProject.dll" adapterTypeName="executor://nunit3testexecutor/" className="NUnitTestProject.CurrencyHelperTests" name="FormatToStringTest1000(48428.38681602682d,&quot;48428.39 zł&quot;)" />
    </UnitTest>
    <UnitTest name="FormatToStringTest1000(40889.35187774214d,&quot;40889.35 zł&quot;)" storage="c:\projekty\nunittestproject\bin\debug\netcoreapp3.1\nunittestproject.dll" id="b7f6b02b-7701-48a7-6ef3-dc8df7e50575">
      <Execution id="3c5690dd-5642-429d-bbe7-251ddb8139b6" />
      <TestMethod codeBase="C:\Projekty\NUnitTestProject\bin\Debug\netcoreapp3.1\NUnitTestProject.dll" adapterTypeName="executor://nunit3testexecutor/" className="NUnitTestProject.CurrencyHelperTests" name="FormatToStringTest1000(40889.35187774214d,&quot;40889.35 zł&quot;)" />
    </UnitTest>
    <UnitTest name="FormatToStringTest1000(15313.083673952653d,&quot;15313.08 zł&quot;)" storage="c:\projekty\nunittestproject\bin\debug\netcoreapp3.1\nunittestproject.dll" id="84912826-9a40-9d59-76ff-2b9288e04c5b">
      <Execution id="0080756d-87d8-4a93-871b-8010690ae01c" />
      <TestMethod codeBase="C:\Projekty\NUnitTestProject\bin\Debug\netcoreapp3.1\NUnitTestProject.dll" adapterTypeName="executor://nunit3testexecutor/" className="NUnitTestProject.CurrencyHelperTests" name="FormatToStringTest1000(15313.083673952653d,&quot;15313.08 zł&quot;)" />
    </UnitTest>
    <UnitTest name="FormatToStringTest1000(15600.245951180927d,&quot;15600.25 zł&quot;)" storage="c:\projekty\nunittestproject\bin\debug\netcoreapp3.1\nunittestproject.dll" id="9fc60cd8-d419-6ed6-ac2e-164788256e59">
      <Execution id="e80ae3bf-13d2-49f5-96b2-989ec6f0f021" />
      <TestMethod codeBase="C:\Projekty\NUnitTestProject\bin\Debug\netcoreapp3.1\NUnitTestProject.dll" adapterTypeName="executor://nunit3testexecutor/" className="NUnitTestProject.CurrencyHelperTests" name="FormatToStringTest1000(15600.245951180927d,&quot;15600.25 zł&quot;)" />
    </UnitTest>
    <UnitTest name="FormatToStringTest1000(12871.381729632794d,&quot;12871.38 zł&quot;)" storage="c:\projekty\nunittestproject\bin\debug\netcoreapp3.1\nunittestproject.dll" id="2ae061eb-7306-c193-04ca-269456b3b20b">
      <Execution id="219af2e9-c476-4ee6-b512-6b910ba48e99" />
      <TestMethod codeBase="C:\Projekty\NUnitTestProject\bin\Debug\netcoreapp3.1\NUnitTestProject.dll" adapterTypeName="executor://nunit3testexecutor/" className="NUnitTestProject.CurrencyHelperTests" name="FormatToStringTest1000(12871.381729632794d,&quot;12871.38 zł&quot;)" />
    </UnitTest>
    <UnitTest name="FormatToStringTest1000(19006.315459580772d,&quot;19006.32 zł&quot;)" storage="c:\projekty\nunittestproject\bin\debug\netcoreapp3.1\nunittestproject.dll" id="da69ab52-f883-eabf-8235-9cb66a514e58">
      <Execution id="5c322e14-c608-4018-84ad-3e3c6c478c3b" />
      <TestMethod codeBase="C:\Projekty\NUnitTestProject\bin\Debug\netcoreapp3.1\NUnitTestProject.dll" adapterTypeName="executor://nunit3testexecutor/" className="NUnitTestProject.CurrencyHelperTests" name="FormatToStringTest1000(19006.315459580772d,&quot;19006.32 zł&quot;)" />
    </UnitTest>
    <UnitTest name="FormatToStringTest1000(13414.3551766441d,&quot;13414.36 zł&quot;)" storage="c:\projekty\nunittestproject\bin\debug\netcoreapp3.1\nunittestproject.dll" id="6db05940-47de-0c9c-5b92-fcba99ecc227">
      <Execution id="68337345-3f97-432b-a5e1-e3e07b833169" />
      <TestMethod codeBase="C:\Projekty\NUnitTestProject\bin\Debug\netcoreapp3.1\NUnitTestProject.dll" adapterTypeName="executor://nunit3testexecutor/" className="NUnitTestProject.CurrencyHelperTests" name="FormatToStringTest1000(13414.3551766441d,&quot;13414.36 zł&quot;)" />
    </UnitTest>
    <UnitTest name="FormatToStringTest1000(115.26302841131717d,&quot;115.26 zł&quot;)" storage="c:\projekty\nunittestproject\bin\debug\netcoreapp3.1\nunittestproject.dll" id="510aaf45-0379-a668-36c0-4b4e838744ca">
      <Execution id="c73af687-1d1b-4085-969f-7623ad49bd16" />
      <TestMethod codeBase="C:\Projekty\NUnitTestProject\bin\Debug\netcoreapp3.1\NUnitTestProject.dll" adapterTypeName="executor://nunit3testexecutor/" className="NUnitTestProject.CurrencyHelperTests" name="FormatToStringTest1000(115.26302841131717d,&quot;115.26 zł&quot;)" />
    </UnitTest>
    <UnitTest name="FormatToStringTest1000(803.2448148733214d,&quot;803.24 zł&quot;)" storage="c:\projekty\nunittestproject\bin\debug\netcoreapp3.1\nunittestproject.dll" id="f1dc036c-9edd-e200-4e53-f62b2f9452ea">
      <Execution id="8d760053-57f4-427c-8a66-b8b03f5fe008" />
      <TestMethod codeBase="C:\Projekty\NUnitTestProject\bin\Debug\netcoreapp3.1\NUnitTestProject.dll" adapterTypeName="executor://nunit3testexecutor/" className="NUnitTestProject.CurrencyHelperTests" name="FormatToStringTest1000(803.2448148733214d,&quot;803.24 zł&quot;)" />
    </UnitTest>
    <UnitTest name="FormatToStringTest1000(57237.252356975456d,&quot;57237.25 zł&quot;)" storage="c:\projekty\nunittestproject\bin\debug\netcoreapp3.1\nunittestproject.dll" id="f2da4add-4324-6352-9afd-0fe37f754b21">
      <Execution id="6e0e9407-c60d-4853-bed0-0ac29fa51be1" />
      <TestMethod codeBase="C:\Projekty\NUnitTestProject\bin\Debug\netcoreapp3.1\NUnitTestProject.dll" adapterTypeName="executor://nunit3testexecutor/" className="NUnitTestProject.CurrencyHelperTests" name="FormatToStringTest1000(57237.252356975456d,&quot;57237.25 zł&quot;)" />
    </UnitTest>
    <UnitTest name="FormatToStringTest1000(1313.0279238368514d,&quot;1313.03 zł&quot;)" storage="c:\projekty\nunittestproject\bin\debug\netcoreapp3.1\nunittestproject.dll" id="9ac323b2-f4ee-1c5b-c335-774c81e0e08d">
      <Execution id="b12bb1c8-2bbf-48b9-be0a-2fb6f8b0ef97" />
      <TestMethod codeBase="C:\Projekty\NUnitTestProject\bin\Debug\netcoreapp3.1\NUnitTestProject.dll" adapterTypeName="executor://nunit3testexecutor/" className="NUnitTestProject.CurrencyHelperTests" name="FormatToStringTest1000(1313.0279238368514d,&quot;1313.03 zł&quot;)" />
    </UnitTest>
    <UnitTest name="FormatToStringTest1000(18340.935049000167d,&quot;18340.94 zł&quot;)" storage="c:\projekty\nunittestproject\bin\debug\netcoreapp3.1\nunittestproject.dll" id="c2d4c482-09cf-e240-a7e7-520d6f5ce617">
      <Execution id="79ce52a0-54ab-4fd8-bef5-b54e758d4faa" />
      <TestMethod codeBase="C:\Projekty\NUnitTestProject\bin\Debug\netcoreapp3.1\NUnitTestProject.dll" adapterTypeName="executor://nunit3testexecutor/" className="NUnitTestProject.CurrencyHelperTests" name="FormatToStringTest1000(18340.935049000167d,&quot;18340.94 zł&quot;)" />
    </UnitTest>
    <UnitTest name="FormatToStringTest1000(6146.91236741278d,&quot;6146.91 zł&quot;)" storage="c:\projekty\nunittestproject\bin\debug\netcoreapp3.1\nunittestproject.dll" id="b41bb231-beda-2963-85d3-5ce48fa4ac9e">
      <Execution id="001ef95b-0106-4f2d-a43d-11925ac0a212" />
      <TestMethod codeBase="C:\Projekty\NUnitTestProject\bin\Debug\netcoreapp3.1\NUnitTestProject.dll" adapterTypeName="executor://nunit3testexecutor/" className="NUnitTestProject.CurrencyHelperTests" name="FormatToStringTest1000(6146.91236741278d,&quot;6146.91 zł&quot;)" />
    </UnitTest>
    <UnitTest name="FormatToStringTest1000(15624.452361264477d,&quot;15624.45 zł&quot;)" storage="c:\projekty\nunittestproject\bin\debug\netcoreapp3.1\nunittestproject.dll" id="f454394e-283b-6832-24e4-e862ec140984">
      <Execution id="e583c585-1936-456d-9656-efc21d89e6e3" />
      <TestMethod codeBase="C:\Projekty\NUnitTestProject\bin\Debug\netcoreapp3.1\NUnitTestProject.dll" adapterTypeName="executor://nunit3testexecutor/" className="NUnitTestProject.CurrencyHelperTests" name="FormatToStringTest1000(15624.452361264477d,&quot;15624.45 zł&quot;)" />
    </UnitTest>
    <UnitTest name="FormatToStringTest1000(49037.8109120586d,&quot;49037.81 zł&quot;)" storage="c:\projekty\nunittestproject\bin\debug\netcoreapp3.1\nunittestproject.dll" id="d54410c1-a007-adf6-a1dc-8caa96e947a3">
      <Execution id="ab97a049-37bf-438b-8ede-bf78bf93d175" />
      <TestMethod codeBase="C:\Projekty\NUnitTestProject\bin\Debug\netcoreapp3.1\NUnitTestProject.dll" adapterTypeName="executor://nunit3testexecutor/" className="NUnitTestProject.CurrencyHelperTests" name="FormatToStringTest1000(49037.8109120586d,&quot;49037.81 zł&quot;)" />
    </UnitTest>
    <UnitTest name="FormatToStringTest1000(5957.42161879941d,&quot;5957.42 zł&quot;)" storage="c:\projekty\nunittestproject\bin\debug\netcoreapp3.1\nunittestproject.dll" id="c9bdc46f-9c2d-d658-e774-72448865739f">
      <Execution id="a90c7ec1-7ae2-4438-8948-a70949342de3" />
      <TestMethod codeBase="C:\Projekty\NUnitTestProject\bin\Debug\netcoreapp3.1\NUnitTestProject.dll" adapterTypeName="executor://nunit3testexecutor/" className="NUnitTestProject.CurrencyHelperTests" name="FormatToStringTest1000(5957.42161879941d,&quot;5957.42 zł&quot;)" />
    </UnitTest>
    <UnitTest name="FormatToStringTest1000(19363.881840787773d,&quot;19363.88 zł&quot;)" storage="c:\projekty\nunittestproject\bin\debug\netcoreapp3.1\nunittestproject.dll" id="c5316b43-7086-7b8f-266a-feedd9573c48">
      <Execution id="aebfde98-2e18-4fbf-908a-d97cd0d46d70" />
      <TestMethod codeBase="C:\Projekty\NUnitTestProject\bin\Debug\netcoreapp3.1\NUnitTestProject.dll" adapterTypeName="executor://nunit3testexecutor/" className="NUnitTestProject.CurrencyHelperTests" name="FormatToStringTest1000(19363.881840787773d,&quot;19363.88 zł&quot;)" />
    </UnitTest>
    <UnitTest name="FormatToStringTest1000(1208.1827589441941d,&quot;1208.18 zł&quot;)" storage="c:\projekty\nunittestproject\bin\debug\netcoreapp3.1\nunittestproject.dll" id="726ca756-5ddd-cb5f-72a7-3e3a70b8c971">
      <Execution id="58fa52ba-8171-48a1-b584-2148eeb8233d" />
      <TestMethod codeBase="C:\Projekty\NUnitTestProject\bin\Debug\netcoreapp3.1\NUnitTestProject.dll" adapterTypeName="executor://nunit3testexecutor/" className="NUnitTestProject.CurrencyHelperTests" name="FormatToStringTest1000(1208.1827589441941d,&quot;1208.18 zł&quot;)" />
    </UnitTest>
    <UnitTest name="FormatToStringTest1000(14137.400697779563d,&quot;14137.40 zł&quot;)" storage="c:\projekty\nunittestproject\bin\debug\netcoreapp3.1\nunittestproject.dll" id="617c3175-15cb-3321-36a3-871fc366b75b">
      <Execution id="0387bf49-bf12-40f1-b2c6-041678ab0586" />
      <TestMethod codeBase="C:\Projekty\NUnitTestProject\bin\Debug\netcoreapp3.1\NUnitTestProject.dll" adapterTypeName="executor://nunit3testexecutor/" className="NUnitTestProject.CurrencyHelperTests" name="FormatToStringTest1000(14137.400697779563d,&quot;14137.40 zł&quot;)" />
    </UnitTest>
    <UnitTest name="FormatToStringTest1000(643.3550376181281d,&quot;643.36 zł&quot;)" storage="c:\projekty\nunittestproject\bin\debug\netcoreapp3.1\nunittestproject.dll" id="69564ef2-123d-d3db-baf6-6a27b0eb9c23">
      <Execution id="e63d001d-5752-49a4-9744-ba70c37b970d" />
      <TestMethod codeBase="C:\Projekty\NUnitTestProject\bin\Debug\netcoreapp3.1\NUnitTestProject.dll" adapterTypeName="executor://nunit3testexecutor/" className="NUnitTestProject.CurrencyHelperTests" name="FormatToStringTest1000(643.3550376181281d,&quot;643.36 zł&quot;)" />
    </UnitTest>
    <UnitTest name="FormatToStringTest1000(4919.073526169674d,&quot;4919.07 zł&quot;)" storage="c:\projekty\nunittestproject\bin\debug\netcoreapp3.1\nunittestproject.dll" id="c769eba8-ab90-c528-a852-a01f625e896b">
      <Execution id="7a85e5a4-0588-4977-8714-1e66c8ea054c" />
      <TestMethod codeBase="C:\Projekty\NUnitTestProject\bin\Debug\netcoreapp3.1\NUnitTestProject.dll" adapterTypeName="executor://nunit3testexecutor/" className="NUnitTestProject.CurrencyHelperTests" name="FormatToStringTest1000(4919.073526169674d,&quot;4919.07 zł&quot;)" />
    </UnitTest>
    <UnitTest name="FormatToStringTest1000(6429.44273095552d,&quot;6429.44 zł&quot;)" storage="c:\projekty\nunittestproject\bin\debug\netcoreapp3.1\nunittestproject.dll" id="96997772-f691-ce37-8af7-583f0500af76">
      <Execution id="bd4e9f34-ea15-427e-9331-fe35acf3a442" />
      <TestMethod codeBase="C:\Projekty\NUnitTestProject\bin\Debug\netcoreapp3.1\NUnitTestProject.dll" adapterTypeName="executor://nunit3testexecutor/" className="NUnitTestProject.CurrencyHelperTests" name="FormatToStringTest1000(6429.44273095552d,&quot;6429.44 zł&quot;)" />
    </UnitTest>
    <UnitTest name="FormatToStringTest1000(3270.482477338743d,&quot;3270.48 zł&quot;)" storage="c:\projekty\nunittestproject\bin\debug\netcoreapp3.1\nunittestproject.dll" id="20901353-a2d3-ecac-3452-4c8d3e93293d">
      <Execution id="2dfe105a-fcc9-4710-a6a5-c73bdad9f65e" />
      <TestMethod codeBase="C:\Projekty\NUnitTestProject\bin\Debug\netcoreapp3.1\NUnitTestProject.dll" adapterTypeName="executor://nunit3testexecutor/" className="NUnitTestProject.CurrencyHelperTests" name="FormatToStringTest1000(3270.482477338743d,&quot;3270.48 zł&quot;)" />
    </UnitTest>
    <UnitTest name="FormatToStringTest1000(11796.576829059317d,&quot;11796.58 zł&quot;)" storage="c:\projekty\nunittestproject\bin\debug\netcoreapp3.1\nunittestproject.dll" id="803aabd0-814c-fa5a-ba0b-84820a2be95d">
      <Execution id="694e593c-6500-4986-b371-dc0d9b45323e" />
      <TestMethod codeBase="C:\Projekty\NUnitTestProject\bin\Debug\netcoreapp3.1\NUnitTestProject.dll" adapterTypeName="executor://nunit3testexecutor/" className="NUnitTestProject.CurrencyHelperTests" name="FormatToStringTest1000(11796.576829059317d,&quot;11796.58 zł&quot;)" />
    </UnitTest>
    <UnitTest name="FormatToStringTest1000(78822.37212685234d,&quot;78822.37 zł&quot;)" storage="c:\projekty\nunittestproject\bin\debug\netcoreapp3.1\nunittestproject.dll" id="46c08f6b-08d4-7992-5df4-ed97e4b42fc1">
      <Execution id="42e56729-b370-4e80-a98e-a7e4ba273090" />
      <TestMethod codeBase="C:\Projekty\NUnitTestProject\bin\Debug\netcoreapp3.1\NUnitTestProject.dll" adapterTypeName="executor://nunit3testexecutor/" className="NUnitTestProject.CurrencyHelperTests" name="FormatToStringTest1000(78822.37212685234d,&quot;78822.37 zł&quot;)" />
    </UnitTest>
    <UnitTest name="FormatToStringTest1000(8013.1229931903645d,&quot;8013.12 zł&quot;)" storage="c:\projekty\nunittestproject\bin\debug\netcoreapp3.1\nunittestproject.dll" id="333aaef5-a204-ff89-a246-bb5035b09f90">
      <Execution id="c9a75f0a-5417-47ff-b957-81fbd59dd674" />
      <TestMethod codeBase="C:\Projekty\NUnitTestProject\bin\Debug\netcoreapp3.1\NUnitTestProject.dll" adapterTypeName="executor://nunit3testexecutor/" className="NUnitTestProject.CurrencyHelperTests" name="FormatToStringTest1000(8013.1229931903645d,&quot;8013.12 zł&quot;)" />
    </UnitTest>
    <UnitTest name="FormatToStringTest1000(15861.139287455073d,&quot;15861.14 zł&quot;)" storage="c:\projekty\nunittestproject\bin\debug\netcoreapp3.1\nunittestproject.dll" id="632ea7a5-ff19-c828-ab06-71f1c1ae0c57">
      <Execution id="d2b8c62b-968c-4d38-a2a0-bd2fec4d717c" />
      <TestMethod codeBase="C:\Projekty\NUnitTestProject\bin\Debug\netcoreapp3.1\NUnitTestProject.dll" adapterTypeName="executor://nunit3testexecutor/" className="NUnitTestProject.CurrencyHelperTests" name="FormatToStringTest1000(15861.139287455073d,&quot;15861.14 zł&quot;)" />
    </UnitTest>
    <UnitTest name="FormatToStringTest1000(16161.963229990548d,&quot;16161.96 zł&quot;)" storage="c:\projekty\nunittestproject\bin\debug\netcoreapp3.1\nunittestproject.dll" id="d2a2118e-f836-73de-010f-9e6a0f9038b3">
      <Execution id="be936ab7-afc4-45e3-b976-f761a8dc7d1a" />
      <TestMethod codeBase="C:\Projekty\NUnitTestProject\bin\Debug\netcoreapp3.1\NUnitTestProject.dll" adapterTypeName="executor://nunit3testexecutor/" className="NUnitTestProject.CurrencyHelperTests" name="FormatToStringTest1000(16161.963229990548d,&quot;16161.96 zł&quot;)" />
    </UnitTest>
    <UnitTest name="FormatToStringTest1000(87505.85936583664d,&quot;87505.86 zł&quot;)" storage="c:\projekty\nunittestproject\bin\debug\netcoreapp3.1\nunittestproject.dll" id="4662df59-28c1-5a49-3a88-d0d7d9c3969d">
      <Execution id="2b556362-d5cd-4035-9126-556c94f7301e" />
      <TestMethod codeBase="C:\Projekty\NUnitTestProject\bin\Debug\netcoreapp3.1\NUnitTestProject.dll" adapterTypeName="executor://nunit3testexecutor/" className="NUnitTestProject.CurrencyHelperTests" name="FormatToStringTest1000(87505.85936583664d,&quot;87505.86 zł&quot;)" />
    </UnitTest>
    <UnitTest name="FormatToStringTest1000(1687.5965557361937d,&quot;1687.60 zł&quot;)" storage="c:\projekty\nunittestproject\bin\debug\netcoreapp3.1\nunittestproject.dll" id="5196bde9-6c75-174a-8f79-d717861ecd56">
      <Execution id="810b1314-a2ec-4cef-8a24-10324510b236" />
      <TestMethod codeBase="C:\Projekty\NUnitTestProject\bin\Debug\netcoreapp3.1\NUnitTestProject.dll" adapterTypeName="executor://nunit3testexecutor/" className="NUnitTestProject.CurrencyHelperTests" name="FormatToStringTest1000(1687.5965557361937d,&quot;1687.60 zł&quot;)" />
    </UnitTest>
    <UnitTest name="FormatToStringTest1000(3907.8681317963024d,&quot;3907.87 zł&quot;)" storage="c:\projekty\nunittestproject\bin\debug\netcoreapp3.1\nunittestproject.dll" id="ef8e2842-4b56-3143-8747-c2adcd3e7a1d">
      <Execution id="4b6a4144-2aaf-4d23-a91a-87488eec28f3" />
      <TestMethod codeBase="C:\Projekty\NUnitTestProject\bin\Debug\netcoreapp3.1\NUnitTestProject.dll" adapterTypeName="executor://nunit3testexecutor/" className="NUnitTestProject.CurrencyHelperTests" name="FormatToStringTest1000(3907.8681317963024d,&quot;3907.87 zł&quot;)" />
    </UnitTest>
    <UnitTest name="FormatToStringTest1000(2435.1995505835857d,&quot;2435.20 zł&quot;)" storage="c:\projekty\nunittestproject\bin\debug\netcoreapp3.1\nunittestproject.dll" id="ed9a5b1b-624c-3396-5757-abd8e668541b">
      <Execution id="e5bdea14-dd70-446d-bb0e-3969d3fc0943" />
      <TestMethod codeBase="C:\Projekty\NUnitTestProject\bin\Debug\netcoreapp3.1\NUnitTestProject.dll" adapterTypeName="executor://nunit3testexecutor/" className="NUnitTestProject.CurrencyHelperTests" name="FormatToStringTest1000(2435.1995505835857d,&quot;2435.20 zł&quot;)" />
    </UnitTest>
    <UnitTest name="FormatToStringTest1000(2975.6892256134606d,&quot;2975.69 zł&quot;)" storage="c:\projekty\nunittestproject\bin\debug\netcoreapp3.1\nunittestproject.dll" id="30678609-1c69-68ef-6a0d-4b6cf4e5979d">
      <Execution id="0ca3844d-c948-4a96-89c9-99a6538b01f9" />
      <TestMethod codeBase="C:\Projekty\NUnitTestProject\bin\Debug\netcoreapp3.1\NUnitTestProject.dll" adapterTypeName="executor://nunit3testexecutor/" className="NUnitTestProject.CurrencyHelperTests" name="FormatToStringTest1000(2975.6892256134606d,&quot;2975.69 zł&quot;)" />
    </UnitTest>
    <UnitTest name="FormatToStringTest1000(486.15309567942893d,&quot;486.15 zł&quot;)" storage="c:\projekty\nunittestproject\bin\debug\netcoreapp3.1\nunittestproject.dll" id="fb0ce41f-cede-9ac7-f047-8c3573f30f7e">
      <Execution id="fa9f227d-92c5-46e4-84a8-b4d1650d6347" />
      <TestMethod codeBase="C:\Projekty\NUnitTestProject\bin\Debug\netcoreapp3.1\NUnitTestProject.dll" adapterTypeName="executor://nunit3testexecutor/" className="NUnitTestProject.CurrencyHelperTests" name="FormatToStringTest1000(486.15309567942893d,&quot;486.15 zł&quot;)" />
    </UnitTest>
    <UnitTest name="FormatToStringTest1000(11175.438820935526d,&quot;11175.44 zł&quot;)" storage="c:\projekty\nunittestproject\bin\debug\netcoreapp3.1\nunittestproject.dll" id="5eb51ac6-bd9f-5d8a-8a44-d83118d83beb">
      <Execution id="c2a660cb-f6e0-4801-9cba-fc8bb929d9e6" />
      <TestMethod codeBase="C:\Projekty\NUnitTestProject\bin\Debug\netcoreapp3.1\NUnitTestProject.dll" adapterTypeName="executor://nunit3testexecutor/" className="NUnitTestProject.CurrencyHelperTests" name="FormatToStringTest1000(11175.438820935526d,&quot;11175.44 zł&quot;)" />
    </UnitTest>
    <UnitTest name="FormatToStringTest1000(3270.286035661719d,&quot;3270.29 zł&quot;)" storage="c:\projekty\nunittestproject\bin\debug\netcoreapp3.1\nunittestproject.dll" id="b5cd9d3c-6e7d-bae4-881c-4092ac2390ce">
      <Execution id="cba270e7-4378-4953-9b35-8a71cea4e464" />
      <TestMethod codeBase="C:\Projekty\NUnitTestProject\bin\Debug\netcoreapp3.1\NUnitTestProject.dll" adapterTypeName="executor://nunit3testexecutor/" className="NUnitTestProject.CurrencyHelperTests" name="FormatToStringTest1000(3270.286035661719d,&quot;3270.29 zł&quot;)" />
    </UnitTest>
    <UnitTest name="FormatToStringTest1000(5504.094303639184d,&quot;5504.09 zł&quot;)" storage="c:\projekty\nunittestproject\bin\debug\netcoreapp3.1\nunittestproject.dll" id="99a10c59-9aed-054b-9f26-15805af85148">
      <Execution id="f343cccf-4f98-4499-bf5b-fedf7afe7eff" />
      <TestMethod codeBase="C:\Projekty\NUnitTestProject\bin\Debug\netcoreapp3.1\NUnitTestProject.dll" adapterTypeName="executor://nunit3testexecutor/" className="NUnitTestProject.CurrencyHelperTests" name="FormatToStringTest1000(5504.094303639184d,&quot;5504.09 zł&quot;)" />
    </UnitTest>
    <UnitTest name="FormatToStringTest1000(20249.56614074277d,&quot;20249.57 zł&quot;)" storage="c:\projekty\nunittestproject\bin\debug\netcoreapp3.1\nunittestproject.dll" id="2553ac6b-8c4b-c989-c2b1-742cbb8f417e">
      <Execution id="1d2e0e52-63fe-46bf-b38e-9ab296e88796" />
      <TestMethod codeBase="C:\Projekty\NUnitTestProject\bin\Debug\netcoreapp3.1\NUnitTestProject.dll" adapterTypeName="executor://nunit3testexecutor/" className="NUnitTestProject.CurrencyHelperTests" name="FormatToStringTest1000(20249.56614074277d,&quot;20249.57 zł&quot;)" />
    </UnitTest>
    <UnitTest name="FormatToStringTest1000(36893.66238331593d,&quot;36893.66 zł&quot;)" storage="c:\projekty\nunittestproject\bin\debug\netcoreapp3.1\nunittestproject.dll" id="2035ba59-2ee2-badb-15b9-a8ffa8fcf57c">
      <Execution id="50fe4131-e37e-42e1-b663-985968f42a54" />
      <TestMethod codeBase="C:\Projekty\NUnitTestProject\bin\Debug\netcoreapp3.1\NUnitTestProject.dll" adapterTypeName="executor://nunit3testexecutor/" className="NUnitTestProject.CurrencyHelperTests" name="FormatToStringTest1000(36893.66238331593d,&quot;36893.66 zł&quot;)" />
    </UnitTest>
    <UnitTest name="FormatToStringTest1000(30031.89550569323d,&quot;30031.90 zł&quot;)" storage="c:\projekty\nunittestproject\bin\debug\netcoreapp3.1\nunittestproject.dll" id="ff64b042-e70f-6e34-60aa-4c59131392ce">
      <Execution id="b88fcc0c-bf17-4c60-930d-b947770a0d1d" />
      <TestMethod codeBase="C:\Projekty\NUnitTestProject\bin\Debug\netcoreapp3.1\NUnitTestProject.dll" adapterTypeName="executor://nunit3testexecutor/" className="NUnitTestProject.CurrencyHelperTests" name="FormatToStringTest1000(30031.89550569323d,&quot;30031.90 zł&quot;)" />
    </UnitTest>
    <UnitTest name="FormatToStringTest1000(11989.099505855282d,&quot;11989.10 zł&quot;)" storage="c:\projekty\nunittestproject\bin\debug\netcoreapp3.1\nunittestproject.dll" id="837c6681-7a11-fda1-e2c1-66903c24de53">
      <Execution id="e77b664a-b3bf-474c-8fa1-a8ca51a50f4b" />
      <TestMethod codeBase="C:\Projekty\NUnitTestProject\bin\Debug\netcoreapp3.1\NUnitTestProject.dll" adapterTypeName="executor://nunit3testexecutor/" className="NUnitTestProject.CurrencyHelperTests" name="FormatToStringTest1000(11989.099505855282d,&quot;11989.10 zł&quot;)" />
    </UnitTest>
    <UnitTest name="FormatToStringTest1000(27794.8671353957d,&quot;27794.87 zł&quot;)" storage="c:\projekty\nunittestproject\bin\debug\netcoreapp3.1\nunittestproject.dll" id="c1a27935-5451-ecaa-f0f8-7b140e2bc422">
      <Execution id="7f0ff675-9366-4dcd-a87f-ee54adfb0fcf" />
      <TestMethod codeBase="C:\Projekty\NUnitTestProject\bin\Debug\netcoreapp3.1\NUnitTestProject.dll" adapterTypeName="executor://nunit3testexecutor/" className="NUnitTestProject.CurrencyHelperTests" name="FormatToStringTest1000(27794.8671353957d,&quot;27794.87 zł&quot;)" />
    </UnitTest>
    <UnitTest name="FormatToStringTest1000(28579.14698705503d,&quot;28579.15 zł&quot;)" storage="c:\projekty\nunittestproject\bin\debug\netcoreapp3.1\nunittestproject.dll" id="2fd4fb21-86aa-48b4-d55c-838ac3bda4eb">
      <Execution id="01f517b0-2335-4cff-9cd6-97ef7935b739" />
      <TestMethod codeBase="C:\Projekty\NUnitTestProject\bin\Debug\netcoreapp3.1\NUnitTestProject.dll" adapterTypeName="executor://nunit3testexecutor/" className="NUnitTestProject.CurrencyHelperTests" name="FormatToStringTest1000(28579.14698705503d,&quot;28579.15 zł&quot;)" />
    </UnitTest>
    <UnitTest name="FormatToStringTest1000(66764.31690498316d,&quot;66764.32 zł&quot;)" storage="c:\projekty\nunittestproject\bin\debug\netcoreapp3.1\nunittestproject.dll" id="ebfb6fa8-ee3c-3dd3-7dbb-2004376b7edb">
      <Execution id="7e191847-cb19-4b39-8387-be955c560163" />
      <TestMethod codeBase="C:\Projekty\NUnitTestProject\bin\Debug\netcoreapp3.1\NUnitTestProject.dll" adapterTypeName="executor://nunit3testexecutor/" className="NUnitTestProject.CurrencyHelperTests" name="FormatToStringTest1000(66764.31690498316d,&quot;66764.32 zł&quot;)" />
    </UnitTest>
    <UnitTest name="FormatToStringTest1000(48449.85582609189d,&quot;48449.86 zł&quot;)" storage="c:\projekty\nunittestproject\bin\debug\netcoreapp3.1\nunittestproject.dll" id="f4a21ccd-5b4f-d613-e7b9-440db30d38e4">
      <Execution id="8be05d9d-af4e-400f-99dc-1a4770c89b90" />
      <TestMethod codeBase="C:\Projekty\NUnitTestProject\bin\Debug\netcoreapp3.1\NUnitTestProject.dll" adapterTypeName="executor://nunit3testexecutor/" className="NUnitTestProject.CurrencyHelperTests" name="FormatToStringTest1000(48449.85582609189d,&quot;48449.86 zł&quot;)" />
    </UnitTest>
    <UnitTest name="FormatToStringTest1000(7348.947429818543d,&quot;7348.95 zł&quot;)" storage="c:\projekty\nunittestproject\bin\debug\netcoreapp3.1\nunittestproject.dll" id="f995d454-4ebf-d775-1609-24b3016af07c">
      <Execution id="9d5acfec-3c0c-4a1b-b251-bd73bff459bc" />
      <TestMethod codeBase="C:\Projekty\NUnitTestProject\bin\Debug\netcoreapp3.1\NUnitTestProject.dll" adapterTypeName="executor://nunit3testexecutor/" className="NUnitTestProject.CurrencyHelperTests" name="FormatToStringTest1000(7348.947429818543d,&quot;7348.95 zł&quot;)" />
    </UnitTest>
    <UnitTest name="FormatToStringTest1000(6864.093052674129d,&quot;6864.09 zł&quot;)" storage="c:\projekty\nunittestproject\bin\debug\netcoreapp3.1\nunittestproject.dll" id="b700fa6d-df15-3228-9006-81a0fe0edb31">
      <Execution id="55928966-688e-404b-8fea-e37d3f32f152" />
      <TestMethod codeBase="C:\Projekty\NUnitTestProject\bin\Debug\netcoreapp3.1\NUnitTestProject.dll" adapterTypeName="executor://nunit3testexecutor/" className="NUnitTestProject.CurrencyHelperTests" name="FormatToStringTest1000(6864.093052674129d,&quot;6864.09 zł&quot;)" />
    </UnitTest>
    <UnitTest name="FormatToStringTest1000(55457.96873490278d,&quot;55457.97 zł&quot;)" storage="c:\projekty\nunittestproject\bin\debug\netcoreapp3.1\nunittestproject.dll" id="adedbc1e-8d02-07f8-2158-2d31b0c1df72">
      <Execution id="4a340969-6291-4a9a-aefe-7d1a0f0a678b" />
      <TestMethod codeBase="C:\Projekty\NUnitTestProject\bin\Debug\netcoreapp3.1\NUnitTestProject.dll" adapterTypeName="executor://nunit3testexecutor/" className="NUnitTestProject.CurrencyHelperTests" name="FormatToStringTest1000(55457.96873490278d,&quot;55457.97 zł&quot;)" />
    </UnitTest>
    <UnitTest name="FormatToStringTest1000(32732.81915128502d,&quot;32732.82 zł&quot;)" storage="c:\projekty\nunittestproject\bin\debug\netcoreapp3.1\nunittestproject.dll" id="72246d42-3df4-5454-c0c9-cf24737deb1a">
      <Execution id="e97f39d3-8f17-4ae2-9d2d-394f1ea8c358" />
      <TestMethod codeBase="C:\Projekty\NUnitTestProject\bin\Debug\netcoreapp3.1\NUnitTestProject.dll" adapterTypeName="executor://nunit3testexecutor/" className="NUnitTestProject.CurrencyHelperTests" name="FormatToStringTest1000(32732.81915128502d,&quot;32732.82 zł&quot;)" />
    </UnitTest>
    <UnitTest name="FormatToStringTest1000(38904.87092920806d,&quot;38904.87 zł&quot;)" storage="c:\projekty\nunittestproject\bin\debug\netcoreapp3.1\nunittestproject.dll" id="0cdea9b8-a5e3-2983-1ccb-d986de17659d">
      <Execution id="fbd27000-b0d5-40ea-9b16-af01bf64b3e9" />
      <TestMethod codeBase="C:\Projekty\NUnitTestProject\bin\Debug\netcoreapp3.1\NUnitTestProject.dll" adapterTypeName="executor://nunit3testexecutor/" className="NUnitTestProject.CurrencyHelperTests" name="FormatToStringTest1000(38904.87092920806d,&quot;38904.87 zł&quot;)" />
    </UnitTest>
    <UnitTest name="FormatToStringTest1000(38614.292320713066d,&quot;38614.29 zł&quot;)" storage="c:\projekty\nunittestproject\bin\debug\netcoreapp3.1\nunittestproject.dll" id="199abf60-5b5b-94b6-b04f-a3e4d911fd34">
      <Execution id="ceca7b5e-ce22-4dab-9971-c971adb3c449" />
      <TestMethod codeBase="C:\Projekty\NUnitTestProject\bin\Debug\netcoreapp3.1\NUnitTestProject.dll" adapterTypeName="executor://nunit3testexecutor/" className="NUnitTestProject.CurrencyHelperTests" name="FormatToStringTest1000(38614.292320713066d,&quot;38614.29 zł&quot;)" />
    </UnitTest>
    <UnitTest name="FormatToStringTest1000(31340.79231238914d,&quot;31340.79 zł&quot;)" storage="c:\projekty\nunittestproject\bin\debug\netcoreapp3.1\nunittestproject.dll" id="513b5d8b-983e-b793-a988-3659c0ad4956">
      <Execution id="b3e3a535-b6b7-4c88-81b2-9af04d1b4e00" />
      <TestMethod codeBase="C:\Projekty\NUnitTestProject\bin\Debug\netcoreapp3.1\NUnitTestProject.dll" adapterTypeName="executor://nunit3testexecutor/" className="NUnitTestProject.CurrencyHelperTests" name="FormatToStringTest1000(31340.79231238914d,&quot;31340.79 zł&quot;)" />
    </UnitTest>
    <UnitTest name="FormatToStringTest1000(13453.429998117233d,&quot;13453.43 zł&quot;)" storage="c:\projekty\nunittestproject\bin\debug\netcoreapp3.1\nunittestproject.dll" id="a3a785ff-5f15-1809-0327-13b742192f57">
      <Execution id="0ae4ff3e-6b0b-4ca5-8e38-81ad95825639" />
      <TestMethod codeBase="C:\Projekty\NUnitTestProject\bin\Debug\netcoreapp3.1\NUnitTestProject.dll" adapterTypeName="executor://nunit3testexecutor/" className="NUnitTestProject.CurrencyHelperTests" name="FormatToStringTest1000(13453.429998117233d,&quot;13453.43 zł&quot;)" />
    </UnitTest>
    <UnitTest name="FormatToStringTest1000(21961.272673999552d,&quot;21961.27 zł&quot;)" storage="c:\projekty\nunittestproject\bin\debug\netcoreapp3.1\nunittestproject.dll" id="7265e4fd-f7ba-8572-e525-8b365c7360c6">
      <Execution id="cc2c9d30-07f4-4b06-aaf0-4cedfcff0a20" />
      <TestMethod codeBase="C:\Projekty\NUnitTestProject\bin\Debug\netcoreapp3.1\NUnitTestProject.dll" adapterTypeName="executor://nunit3testexecutor/" className="NUnitTestProject.CurrencyHelperTests" name="FormatToStringTest1000(21961.272673999552d,&quot;21961.27 zł&quot;)" />
    </UnitTest>
    <UnitTest name="FormatToStringTest1000(27852.532163303127d,&quot;27852.53 zł&quot;)" storage="c:\projekty\nunittestproject\bin\debug\netcoreapp3.1\nunittestproject.dll" id="32711e52-56ae-2f9f-7aac-180402232486">
      <Execution id="dc98e23f-06c2-4c7a-972e-e0d2f84e3ab0" />
      <TestMethod codeBase="C:\Projekty\NUnitTestProject\bin\Debug\netcoreapp3.1\NUnitTestProject.dll" adapterTypeName="executor://nunit3testexecutor/" className="NUnitTestProject.CurrencyHelperTests" name="FormatToStringTest1000(27852.532163303127d,&quot;27852.53 zł&quot;)" />
    </UnitTest>
    <UnitTest name="FormatToStringTest1000(29845.02749849345d,&quot;29845.03 zł&quot;)" storage="c:\projekty\nunittestproject\bin\debug\netcoreapp3.1\nunittestproject.dll" id="ddcae2eb-b1a6-813a-a49c-5333a490205e">
      <Execution id="2fe35ef3-6327-482a-83db-bfab952fcbf6" />
      <TestMethod codeBase="C:\Projekty\NUnitTestProject\bin\Debug\netcoreapp3.1\NUnitTestProject.dll" adapterTypeName="executor://nunit3testexecutor/" className="NUnitTestProject.CurrencyHelperTests" name="FormatToStringTest1000(29845.02749849345d,&quot;29845.03 zł&quot;)" />
    </UnitTest>
    <UnitTest name="FormatToStringTest1000(73151.83675918348d,&quot;73151.84 zł&quot;)" storage="c:\projekty\nunittestproject\bin\debug\netcoreapp3.1\nunittestproject.dll" id="3ec04580-c747-9bc8-6ea0-e87ec6ca04ad">
      <Execution id="4390c9b0-5bed-4f4f-99c0-4733a8f6634e" />
      <TestMethod codeBase="C:\Projekty\NUnitTestProject\bin\Debug\netcoreapp3.1\NUnitTestProject.dll" adapterTypeName="executor://nunit3testexecutor/" className="NUnitTestProject.CurrencyHelperTests" name="FormatToStringTest1000(73151.83675918348d,&quot;73151.84 zł&quot;)" />
    </UnitTest>
    <UnitTest name="FormatToStringTest1000(6820.105136090938d,&quot;6820.11 zł&quot;)" storage="c:\projekty\nunittestproject\bin\debug\netcoreapp3.1\nunittestproject.dll" id="c799afbc-d101-a624-f73a-4e94981b0f2a">
      <Execution id="7da2d03f-f13c-4ff7-84d5-48a14da56bef" />
      <TestMethod codeBase="C:\Projekty\NUnitTestProject\bin\Debug\netcoreapp3.1\NUnitTestProject.dll" adapterTypeName="executor://nunit3testexecutor/" className="NUnitTestProject.CurrencyHelperTests" name="FormatToStringTest1000(6820.105136090938d,&quot;6820.11 zł&quot;)" />
    </UnitTest>
    <UnitTest name="FormatToStringTest1000(52888.48934243642d,&quot;52888.49 zł&quot;)" storage="c:\projekty\nunittestproject\bin\debug\netcoreapp3.1\nunittestproject.dll" id="b8d38453-fb40-0cfb-4e20-39c788746328">
      <Execution id="c98b62b6-f163-4203-9f92-1ac37ee5f9c9" />
      <TestMethod codeBase="C:\Projekty\NUnitTestProject\bin\Debug\netcoreapp3.1\NUnitTestProject.dll" adapterTypeName="executor://nunit3testexecutor/" className="NUnitTestProject.CurrencyHelperTests" name="FormatToStringTest1000(52888.48934243642d,&quot;52888.49 zł&quot;)" />
    </UnitTest>
    <UnitTest name="FormatToStringTest1000(66541.05112730109d,&quot;66541.05 zł&quot;)" storage="c:\projekty\nunittestproject\bin\debug\netcoreapp3.1\nunittestproject.dll" id="a1148d07-bacb-7b60-5bda-bc014fb00c20">
      <Execution id="1bf89b3f-0138-4e70-a09a-58870dd585a2" />
      <TestMethod codeBase="C:\Projekty\NUnitTestProject\bin\Debug\netcoreapp3.1\NUnitTestProject.dll" adapterTypeName="executor://nunit3testexecutor/" className="NUnitTestProject.CurrencyHelperTests" name="FormatToStringTest1000(66541.05112730109d,&quot;66541.05 zł&quot;)" />
    </UnitTest>
    <UnitTest name="FormatToStringTest1000(54275.73209373408d,&quot;54275.73 zł&quot;)" storage="c:\projekty\nunittestproject\bin\debug\netcoreapp3.1\nunittestproject.dll" id="4cc9a860-8c52-40a5-a7c1-0a80270c71a6">
      <Execution id="07bd0a30-4c1c-4cc4-94e2-a2a5160da34e" />
      <TestMethod codeBase="C:\Projekty\NUnitTestProject\bin\Debug\netcoreapp3.1\NUnitTestProject.dll" adapterTypeName="executor://nunit3testexecutor/" className="NUnitTestProject.CurrencyHelperTests" name="FormatToStringTest1000(54275.73209373408d,&quot;54275.73 zł&quot;)" />
    </UnitTest>
    <UnitTest name="FormatToStringTest1000(28192.949128067565d,&quot;28192.95 zł&quot;)" storage="c:\projekty\nunittestproject\bin\debug\netcoreapp3.1\nunittestproject.dll" id="4b09d9c5-8012-6286-2d8c-2f6f560e7a3d">
      <Execution id="3eceddbf-d9bf-4b89-a553-10461e9ebe49" />
      <TestMethod codeBase="C:\Projekty\NUnitTestProject\bin\Debug\netcoreapp3.1\NUnitTestProject.dll" adapterTypeName="executor://nunit3testexecutor/" className="NUnitTestProject.CurrencyHelperTests" name="FormatToStringTest1000(28192.949128067565d,&quot;28192.95 zł&quot;)" />
    </UnitTest>
    <UnitTest name="FormatToStringTest1000(24570.65594858893d,&quot;24570.66 zł&quot;)" storage="c:\projekty\nunittestproject\bin\debug\netcoreapp3.1\nunittestproject.dll" id="a2988576-488b-e6d4-a498-af48b96efbdb">
      <Execution id="87577990-db9d-45a1-a3d7-0169dbc4833e" />
      <TestMethod codeBase="C:\Projekty\NUnitTestProject\bin\Debug\netcoreapp3.1\NUnitTestProject.dll" adapterTypeName="executor://nunit3testexecutor/" className="NUnitTestProject.CurrencyHelperTests" name="FormatToStringTest1000(24570.65594858893d,&quot;24570.66 zł&quot;)" />
    </UnitTest>
    <UnitTest name="FormatToStringTest1000(14218.204344010543d,&quot;14218.20 zł&quot;)" storage="c:\projekty\nunittestproject\bin\debug\netcoreapp3.1\nunittestproject.dll" id="6e94a57e-5259-7bdc-f138-c47a49ede1a1">
      <Execution id="c8fd35d9-878c-4b75-b932-f65089300a74" />
      <TestMethod codeBase="C:\Projekty\NUnitTestProject\bin\Debug\netcoreapp3.1\NUnitTestProject.dll" adapterTypeName="executor://nunit3testexecutor/" className="NUnitTestProject.CurrencyHelperTests" name="FormatToStringTest1000(14218.204344010543d,&quot;14218.20 zł&quot;)" />
    </UnitTest>
    <UnitTest name="FormatToStringTest1000(35145.379208063416d,&quot;35145.38 zł&quot;)" storage="c:\projekty\nunittestproject\bin\debug\netcoreapp3.1\nunittestproject.dll" id="216fae5e-208d-f8b3-f0d1-bbf3d8af265f">
      <Execution id="ccf05947-5934-4bb7-9928-3e7cf7a280d9" />
      <TestMethod codeBase="C:\Projekty\NUnitTestProject\bin\Debug\netcoreapp3.1\NUnitTestProject.dll" adapterTypeName="executor://nunit3testexecutor/" className="NUnitTestProject.CurrencyHelperTests" name="FormatToStringTest1000(35145.379208063416d,&quot;35145.38 zł&quot;)" />
    </UnitTest>
    <UnitTest name="FormatToStringTest1000(4636.500544966897d,&quot;4636.50 zł&quot;)" storage="c:\projekty\nunittestproject\bin\debug\netcoreapp3.1\nunittestproject.dll" id="3a61649c-91c3-4f1a-8a11-3480d7ff1651">
      <Execution id="ce1b28e9-8c31-4c1b-9a26-11f6a21dad00" />
      <TestMethod codeBase="C:\Projekty\NUnitTestProject\bin\Debug\netcoreapp3.1\NUnitTestProject.dll" adapterTypeName="executor://nunit3testexecutor/" className="NUnitTestProject.CurrencyHelperTests" name="FormatToStringTest1000(4636.500544966897d,&quot;4636.50 zł&quot;)" />
    </UnitTest>
    <UnitTest name="FormatToStringTest1000(55782.67998761762d,&quot;55782.68 zł&quot;)" storage="c:\projekty\nunittestproject\bin\debug\netcoreapp3.1\nunittestproject.dll" id="255f4f6e-1bfc-cdd8-fb29-a1f4f034b89a">
      <Execution id="46726464-d9e0-45fe-83c4-55ab30ca83f8" />
      <TestMethod codeBase="C:\Projekty\NUnitTestProject\bin\Debug\netcoreapp3.1\NUnitTestProject.dll" adapterTypeName="executor://nunit3testexecutor/" className="NUnitTestProject.CurrencyHelperTests" name="FormatToStringTest1000(55782.67998761762d,&quot;55782.68 zł&quot;)" />
    </UnitTest>
    <UnitTest name="FormatToStringTest1000(9897.705953436767d,&quot;9897.71 zł&quot;)" storage="c:\projekty\nunittestproject\bin\debug\netcoreapp3.1\nunittestproject.dll" id="db065917-a97a-fe61-77a4-bb6c5d5457d5">
      <Execution id="529bc690-f108-4d28-8193-dbaa796dbdd5" />
      <TestMethod codeBase="C:\Projekty\NUnitTestProject\bin\Debug\netcoreapp3.1\NUnitTestProject.dll" adapterTypeName="executor://nunit3testexecutor/" className="NUnitTestProject.CurrencyHelperTests" name="FormatToStringTest1000(9897.705953436767d,&quot;9897.71 zł&quot;)" />
    </UnitTest>
    <UnitTest name="FormatToStringTest1000(11157.981051815665d,&quot;11157.98 zł&quot;)" storage="c:\projekty\nunittestproject\bin\debug\netcoreapp3.1\nunittestproject.dll" id="b972bb3a-6c4e-4339-3ada-7c478c5f6ecf">
      <Execution id="43e39ac8-e330-4c30-8c64-c76c9a1de89f" />
      <TestMethod codeBase="C:\Projekty\NUnitTestProject\bin\Debug\netcoreapp3.1\NUnitTestProject.dll" adapterTypeName="executor://nunit3testexecutor/" className="NUnitTestProject.CurrencyHelperTests" name="FormatToStringTest1000(11157.981051815665d,&quot;11157.98 zł&quot;)" />
    </UnitTest>
    <UnitTest name="FormatToStringTest1000(30071.004434484523d,&quot;30071.00 zł&quot;)" storage="c:\projekty\nunittestproject\bin\debug\netcoreapp3.1\nunittestproject.dll" id="afd0d33f-f4d8-2831-3613-5b41efd13c3b">
      <Execution id="ba58c2c8-a3b9-405b-86db-7d4c3036712d" />
      <TestMethod codeBase="C:\Projekty\NUnitTestProject\bin\Debug\netcoreapp3.1\NUnitTestProject.dll" adapterTypeName="executor://nunit3testexecutor/" className="NUnitTestProject.CurrencyHelperTests" name="FormatToStringTest1000(30071.004434484523d,&quot;30071.00 zł&quot;)" />
    </UnitTest>
    <UnitTest name="FormatToStringTest1000(6809.40195803037d,&quot;6809.40 zł&quot;)" storage="c:\projekty\nunittestproject\bin\debug\netcoreapp3.1\nunittestproject.dll" id="e88588cc-8ef9-e4ad-51dd-2a16e11570f5">
      <Execution id="051e4332-6b72-4697-bd25-9f5f8078c691" />
      <TestMethod codeBase="C:\Projekty\NUnitTestProject\bin\Debug\netcoreapp3.1\NUnitTestProject.dll" adapterTypeName="executor://nunit3testexecutor/" className="NUnitTestProject.CurrencyHelperTests" name="FormatToStringTest1000(6809.40195803037d,&quot;6809.40 zł&quot;)" />
    </UnitTest>
    <UnitTest name="FormatToStringTest1000(45035.160883881224d,&quot;45035.16 zł&quot;)" storage="c:\projekty\nunittestproject\bin\debug\netcoreapp3.1\nunittestproject.dll" id="cf776b29-1018-5167-38d5-0aac7593edc5">
      <Execution id="e898ffb9-56a1-463a-9014-a1a1f14e7f91" />
      <TestMethod codeBase="C:\Projekty\NUnitTestProject\bin\Debug\netcoreapp3.1\NUnitTestProject.dll" adapterTypeName="executor://nunit3testexecutor/" className="NUnitTestProject.CurrencyHelperTests" name="FormatToStringTest1000(45035.160883881224d,&quot;45035.16 zł&quot;)" />
    </UnitTest>
    <UnitTest name="FormatToStringTest1000(21221.884746198488d,&quot;21221.88 zł&quot;)" storage="c:\projekty\nunittestproject\bin\debug\netcoreapp3.1\nunittestproject.dll" id="78845691-c87f-d12e-20f9-3035745796be">
      <Execution id="20db71bc-0358-4973-b351-3c8d6c5036cf" />
      <TestMethod codeBase="C:\Projekty\NUnitTestProject\bin\Debug\netcoreapp3.1\NUnitTestProject.dll" adapterTypeName="executor://nunit3testexecutor/" className="NUnitTestProject.CurrencyHelperTests" name="FormatToStringTest1000(21221.884746198488d,&quot;21221.88 zł&quot;)" />
    </UnitTest>
    <UnitTest name="FormatToStringTest1000(28298.945361683585d,&quot;28298.95 zł&quot;)" storage="c:\projekty\nunittestproject\bin\debug\netcoreapp3.1\nunittestproject.dll" id="bb7e4fc8-2bb1-dbaf-8cdd-5d93ef915f61">
      <Execution id="dcd62da0-23fe-4ee5-8b98-104e384c5ac4" />
      <TestMethod codeBase="C:\Projekty\NUnitTestProject\bin\Debug\netcoreapp3.1\NUnitTestProject.dll" adapterTypeName="executor://nunit3testexecutor/" className="NUnitTestProject.CurrencyHelperTests" name="FormatToStringTest1000(28298.945361683585d,&quot;28298.95 zł&quot;)" />
    </UnitTest>
    <UnitTest name="FormatToStringTest1000(19603.69286519321d,&quot;19603.69 zł&quot;)" storage="c:\projekty\nunittestproject\bin\debug\netcoreapp3.1\nunittestproject.dll" id="d80dabd7-8e57-8764-d48e-5c692bf0e881">
      <Execution id="d1835441-2789-49a5-bc02-730410e72ae9" />
      <TestMethod codeBase="C:\Projekty\NUnitTestProject\bin\Debug\netcoreapp3.1\NUnitTestProject.dll" adapterTypeName="executor://nunit3testexecutor/" className="NUnitTestProject.CurrencyHelperTests" name="FormatToStringTest1000(19603.69286519321d,&quot;19603.69 zł&quot;)" />
    </UnitTest>
    <UnitTest name="FormatToStringTest1000(16957.4523676757d,&quot;16957.45 zł&quot;)" storage="c:\projekty\nunittestproject\bin\debug\netcoreapp3.1\nunittestproject.dll" id="6429e0d9-dcee-fed4-29f3-6b39686056fc">
      <Execution id="9d283dcc-154f-447b-b3d3-46b25073853f" />
      <TestMethod codeBase="C:\Projekty\NUnitTestProject\bin\Debug\netcoreapp3.1\NUnitTestProject.dll" adapterTypeName="executor://nunit3testexecutor/" className="NUnitTestProject.CurrencyHelperTests" name="FormatToStringTest1000(16957.4523676757d,&quot;16957.45 zł&quot;)" />
    </UnitTest>
    <UnitTest name="FormatToStringTest1000(2963.24443391815d,&quot;2963.24 zł&quot;)" storage="c:\projekty\nunittestproject\bin\debug\netcoreapp3.1\nunittestproject.dll" id="a50649ef-585c-8158-fd90-9ac54f51f860">
      <Execution id="99dd667a-c8bc-494c-b478-54e330c6a9c0" />
      <TestMethod codeBase="C:\Projekty\NUnitTestProject\bin\Debug\netcoreapp3.1\NUnitTestProject.dll" adapterTypeName="executor://nunit3testexecutor/" className="NUnitTestProject.CurrencyHelperTests" name="FormatToStringTest1000(2963.24443391815d,&quot;2963.24 zł&quot;)" />
    </UnitTest>
    <UnitTest name="FormatToStringTest1000(964.9678631783313d,&quot;964.97 zł&quot;)" storage="c:\projekty\nunittestproject\bin\debug\netcoreapp3.1\nunittestproject.dll" id="1640b6a1-03c2-f3db-49e3-38921c8dee24">
      <Execution id="d5125762-725f-4985-b156-2ca20d21c10c" />
      <TestMethod codeBase="C:\Projekty\NUnitTestProject\bin\Debug\netcoreapp3.1\NUnitTestProject.dll" adapterTypeName="executor://nunit3testexecutor/" className="NUnitTestProject.CurrencyHelperTests" name="FormatToStringTest1000(964.9678631783313d,&quot;964.97 zł&quot;)" />
    </UnitTest>
    <UnitTest name="FormatToStringTest1000(19609.759296997803d,&quot;19609.76 zł&quot;)" storage="c:\projekty\nunittestproject\bin\debug\netcoreapp3.1\nunittestproject.dll" id="eb2e7461-d939-c702-00f6-a6f4037fdc3f">
      <Execution id="9ed4a060-4f83-415d-9d1b-c35b1c4a51a0" />
      <TestMethod codeBase="C:\Projekty\NUnitTestProject\bin\Debug\netcoreapp3.1\NUnitTestProject.dll" adapterTypeName="executor://nunit3testexecutor/" className="NUnitTestProject.CurrencyHelperTests" name="FormatToStringTest1000(19609.759296997803d,&quot;19609.76 zł&quot;)" />
    </UnitTest>
    <UnitTest name="FormatToStringTest1000(11494.27761332238d,&quot;11494.28 zł&quot;)" storage="c:\projekty\nunittestproject\bin\debug\netcoreapp3.1\nunittestproject.dll" id="7ae5fdac-2c37-dafa-ea81-102d467ed88a">
      <Execution id="c26e2da7-c632-471e-9e87-1201c125adb4" />
      <TestMethod codeBase="C:\Projekty\NUnitTestProject\bin\Debug\netcoreapp3.1\NUnitTestProject.dll" adapterTypeName="executor://nunit3testexecutor/" className="NUnitTestProject.CurrencyHelperTests" name="FormatToStringTest1000(11494.27761332238d,&quot;11494.28 zł&quot;)" />
    </UnitTest>
    <UnitTest name="FormatToStringTest1000(3649.9254912836127d,&quot;3649.93 zł&quot;)" storage="c:\projekty\nunittestproject\bin\debug\netcoreapp3.1\nunittestproject.dll" id="d8dcd89f-df1d-9e50-f8f8-844883603fea">
      <Execution id="357560a3-90d6-4802-8933-4839dc78d446" />
      <TestMethod codeBase="C:\Projekty\NUnitTestProject\bin\Debug\netcoreapp3.1\NUnitTestProject.dll" adapterTypeName="executor://nunit3testexecutor/" className="NUnitTestProject.CurrencyHelperTests" name="FormatToStringTest1000(3649.9254912836127d,&quot;3649.93 zł&quot;)" />
    </UnitTest>
    <UnitTest name="FormatToStringTest1000(38640.62766693003d,&quot;38640.63 zł&quot;)" storage="c:\projekty\nunittestproject\bin\debug\netcoreapp3.1\nunittestproject.dll" id="f574d6b5-d94c-508a-c127-7bce3d4f82e8">
      <Execution id="2c91593e-3ffc-45ce-acad-f8e4f099b087" />
      <TestMethod codeBase="C:\Projekty\NUnitTestProject\bin\Debug\netcoreapp3.1\NUnitTestProject.dll" adapterTypeName="executor://nunit3testexecutor/" className="NUnitTestProject.CurrencyHelperTests" name="FormatToStringTest1000(38640.62766693003d,&quot;38640.63 zł&quot;)" />
    </UnitTest>
    <UnitTest name="FormatToStringTest1000(10370.0107542784d,&quot;10370.01 zł&quot;)" storage="c:\projekty\nunittestproject\bin\debug\netcoreapp3.1\nunittestproject.dll" id="5217a55b-523e-bb6a-47cc-7fbf0bc01c96">
      <Execution id="a59b631b-c448-4aa7-a3d4-e4b63696eca1" />
      <TestMethod codeBase="C:\Projekty\NUnitTestProject\bin\Debug\netcoreapp3.1\NUnitTestProject.dll" adapterTypeName="executor://nunit3testexecutor/" className="NUnitTestProject.CurrencyHelperTests" name="FormatToStringTest1000(10370.0107542784d,&quot;10370.01 zł&quot;)" />
    </UnitTest>
    <UnitTest name="FormatToStringTest1000(29926.595417457444d,&quot;29926.60 zł&quot;)" storage="c:\projekty\nunittestproject\bin\debug\netcoreapp3.1\nunittestproject.dll" id="60e1884b-abd9-92c1-f58c-08f7b4b4de40">
      <Execution id="9821dfd7-5901-4a7e-afe6-de46b6f26d4d" />
      <TestMethod codeBase="C:\Projekty\NUnitTestProject\bin\Debug\netcoreapp3.1\NUnitTestProject.dll" adapterTypeName="executor://nunit3testexecutor/" className="NUnitTestProject.CurrencyHelperTests" name="FormatToStringTest1000(29926.595417457444d,&quot;29926.60 zł&quot;)" />
    </UnitTest>
    <UnitTest name="FormatToStringTest1000(50664.01951024869d,&quot;50664.02 zł&quot;)" storage="c:\projekty\nunittestproject\bin\debug\netcoreapp3.1\nunittestproject.dll" id="c57a980e-ffcc-5e16-6a31-18fd8b909caa">
      <Execution id="03d33f01-a4d2-46cc-a452-9bba82841ba3" />
      <TestMethod codeBase="C:\Projekty\NUnitTestProject\bin\Debug\netcoreapp3.1\NUnitTestProject.dll" adapterTypeName="executor://nunit3testexecutor/" className="NUnitTestProject.CurrencyHelperTests" name="FormatToStringTest1000(50664.01951024869d,&quot;50664.02 zł&quot;)" />
    </UnitTest>
    <UnitTest name="FormatToStringTest1000(1751.1734380625066d,&quot;1751.17 zł&quot;)" storage="c:\projekty\nunittestproject\bin\debug\netcoreapp3.1\nunittestproject.dll" id="774aeb04-879b-a97c-c411-6c8ce34f4ab0">
      <Execution id="e62ed9d6-f9e5-41c9-8384-5867225ec190" />
      <TestMethod codeBase="C:\Projekty\NUnitTestProject\bin\Debug\netcoreapp3.1\NUnitTestProject.dll" adapterTypeName="executor://nunit3testexecutor/" className="NUnitTestProject.CurrencyHelperTests" name="FormatToStringTest1000(1751.1734380625066d,&quot;1751.17 zł&quot;)" />
    </UnitTest>
    <UnitTest name="FormatToStringTest1000(17875.613377604455d,&quot;17875.61 zł&quot;)" storage="c:\projekty\nunittestproject\bin\debug\netcoreapp3.1\nunittestproject.dll" id="0f966d17-36c6-657f-5b98-8b83226f1489">
      <Execution id="83217b44-9f3d-421a-ad5a-b1a260193c74" />
      <TestMethod codeBase="C:\Projekty\NUnitTestProject\bin\Debug\netcoreapp3.1\NUnitTestProject.dll" adapterTypeName="executor://nunit3testexecutor/" className="NUnitTestProject.CurrencyHelperTests" name="FormatToStringTest1000(17875.613377604455d,&quot;17875.61 zł&quot;)" />
    </UnitTest>
    <UnitTest name="FormatToStringTest1000(28033.439084134738d,&quot;28033.44 zł&quot;)" storage="c:\projekty\nunittestproject\bin\debug\netcoreapp3.1\nunittestproject.dll" id="e77ca75b-19ba-059d-05cd-1ebb08034f74">
      <Execution id="8dd5acff-f53e-4d41-878c-f1a445558aa5" />
      <TestMethod codeBase="C:\Projekty\NUnitTestProject\bin\Debug\netcoreapp3.1\NUnitTestProject.dll" adapterTypeName="executor://nunit3testexecutor/" className="NUnitTestProject.CurrencyHelperTests" name="FormatToStringTest1000(28033.439084134738d,&quot;28033.44 zł&quot;)" />
    </UnitTest>
    <UnitTest name="FormatToStringTest1000(50991.22189691114d,&quot;50991.22 zł&quot;)" storage="c:\projekty\nunittestproject\bin\debug\netcoreapp3.1\nunittestproject.dll" id="dfaddf73-e2fe-692a-95cb-e0210649fd35">
      <Execution id="5430f964-9a42-4bdd-89cf-06d0b86e8a94" />
      <TestMethod codeBase="C:\Projekty\NUnitTestProject\bin\Debug\netcoreapp3.1\NUnitTestProject.dll" adapterTypeName="executor://nunit3testexecutor/" className="NUnitTestProject.CurrencyHelperTests" name="FormatToStringTest1000(50991.22189691114d,&quot;50991.22 zł&quot;)" />
    </UnitTest>
    <UnitTest name="FormatToStringTest1000(43727.735558145556d,&quot;43727.74 zł&quot;)" storage="c:\projekty\nunittestproject\bin\debug\netcoreapp3.1\nunittestproject.dll" id="12383f93-d6c8-4041-5607-6e0714b305f6">
      <Execution id="713f288a-7930-4ecc-8b0e-0c60264cf899" />
      <TestMethod codeBase="C:\Projekty\NUnitTestProject\bin\Debug\netcoreapp3.1\NUnitTestProject.dll" adapterTypeName="executor://nunit3testexecutor/" className="NUnitTestProject.CurrencyHelperTests" name="FormatToStringTest1000(43727.735558145556d,&quot;43727.74 zł&quot;)" />
    </UnitTest>
    <UnitTest name="FormatToStringTest1000(9196.579612724754d,&quot;9196.58 zł&quot;)" storage="c:\projekty\nunittestproject\bin\debug\netcoreapp3.1\nunittestproject.dll" id="ba5b40c3-7100-1940-87d5-9af986ffebd2">
      <Execution id="ac15f766-ee2b-4103-8143-b6e583cb4e3c" />
      <TestMethod codeBase="C:\Projekty\NUnitTestProject\bin\Debug\netcoreapp3.1\NUnitTestProject.dll" adapterTypeName="executor://nunit3testexecutor/" className="NUnitTestProject.CurrencyHelperTests" name="FormatToStringTest1000(9196.579612724754d,&quot;9196.58 zł&quot;)" />
    </UnitTest>
    <UnitTest name="FormatToStringTest1000(31163.834562352316d,&quot;31163.83 zł&quot;)" storage="c:\projekty\nunittestproject\bin\debug\netcoreapp3.1\nunittestproject.dll" id="53f90dbe-f7ad-b0e7-04ef-fba16a107a6f">
      <Execution id="e5386d6c-1973-4694-b5f9-d6ec456a9c80" />
      <TestMethod codeBase="C:\Projekty\NUnitTestProject\bin\Debug\netcoreapp3.1\NUnitTestProject.dll" adapterTypeName="executor://nunit3testexecutor/" className="NUnitTestProject.CurrencyHelperTests" name="FormatToStringTest1000(31163.834562352316d,&quot;31163.83 zł&quot;)" />
    </UnitTest>
    <UnitTest name="FormatToStringTest1000(31799.68317462815d,&quot;31799.68 zł&quot;)" storage="c:\projekty\nunittestproject\bin\debug\netcoreapp3.1\nunittestproject.dll" id="ebee2a3c-e88d-7c65-2391-8d47991a3a48">
      <Execution id="de660bc6-4550-4d47-96c4-46f3f00f76a3" />
      <TestMethod codeBase="C:\Projekty\NUnitTestProject\bin\Debug\netcoreapp3.1\NUnitTestProject.dll" adapterTypeName="executor://nunit3testexecutor/" className="NUnitTestProject.CurrencyHelperTests" name="FormatToStringTest1000(31799.68317462815d,&quot;31799.68 zł&quot;)" />
    </UnitTest>
    <UnitTest name="FormatToStringTest1000(9928.477822322622d,&quot;9928.48 zł&quot;)" storage="c:\projekty\nunittestproject\bin\debug\netcoreapp3.1\nunittestproject.dll" id="dafbe950-e143-41f5-1a50-ea362a5aa5d4">
      <Execution id="d4fe656e-442f-4ed7-b23d-9d2541ff0444" />
      <TestMethod codeBase="C:\Projekty\NUnitTestProject\bin\Debug\netcoreapp3.1\NUnitTestProject.dll" adapterTypeName="executor://nunit3testexecutor/" className="NUnitTestProject.CurrencyHelperTests" name="FormatToStringTest1000(9928.477822322622d,&quot;9928.48 zł&quot;)" />
    </UnitTest>
    <UnitTest name="FormatToStringTest1000(10914.360814625099d,&quot;10914.36 zł&quot;)" storage="c:\projekty\nunittestproject\bin\debug\netcoreapp3.1\nunittestproject.dll" id="28ae16d9-787d-277c-8346-a2bcbe4da144">
      <Execution id="27975b85-5766-421f-a67d-9f31d82c0611" />
      <TestMethod codeBase="C:\Projekty\NUnitTestProject\bin\Debug\netcoreapp3.1\NUnitTestProject.dll" adapterTypeName="executor://nunit3testexecutor/" className="NUnitTestProject.CurrencyHelperTests" name="FormatToStringTest1000(10914.360814625099d,&quot;10914.36 zł&quot;)" />
    </UnitTest>
    <UnitTest name="FormatToStringTest1000(96.75594581512546d,&quot;96.76 zł&quot;)" storage="c:\projekty\nunittestproject\bin\debug\netcoreapp3.1\nunittestproject.dll" id="f557024d-69b9-3152-827e-4e57b8d0868d">
      <Execution id="04179cfb-c907-418b-8518-19365b7916fb" />
      <TestMethod codeBase="C:\Projekty\NUnitTestProject\bin\Debug\netcoreapp3.1\NUnitTestProject.dll" adapterTypeName="executor://nunit3testexecutor/" className="NUnitTestProject.CurrencyHelperTests" name="FormatToStringTest1000(96.75594581512546d,&quot;96.76 zł&quot;)" />
    </UnitTest>
    <UnitTest name="FormatToStringTest1000(14475.498583194567d,&quot;14475.50 zł&quot;)" storage="c:\projekty\nunittestproject\bin\debug\netcoreapp3.1\nunittestproject.dll" id="cd871e9d-7935-e907-4a89-0e7db877a7c7">
      <Execution id="6853484a-a0c2-4a38-9240-fe9099ea7721" />
      <TestMethod codeBase="C:\Projekty\NUnitTestProject\bin\Debug\netcoreapp3.1\NUnitTestProject.dll" adapterTypeName="executor://nunit3testexecutor/" className="NUnitTestProject.CurrencyHelperTests" name="FormatToStringTest1000(14475.498583194567d,&quot;14475.50 zł&quot;)" />
    </UnitTest>
    <UnitTest name="FormatToStringTest1000(4105.490993980081d,&quot;4105.49 zł&quot;)" storage="c:\projekty\nunittestproject\bin\debug\netcoreapp3.1\nunittestproject.dll" id="c51581ef-f81a-dd7d-4cbf-75770d6a883f">
      <Execution id="76df067a-5f93-452b-be53-8212e75f2e8b" />
      <TestMethod codeBase="C:\Projekty\NUnitTestProject\bin\Debug\netcoreapp3.1\NUnitTestProject.dll" adapterTypeName="executor://nunit3testexecutor/" className="NUnitTestProject.CurrencyHelperTests" name="FormatToStringTest1000(4105.490993980081d,&quot;4105.49 zł&quot;)" />
    </UnitTest>
    <UnitTest name="FormatToStringTest1000(57671.67669738675d,&quot;57671.68 zł&quot;)" storage="c:\projekty\nunittestproject\bin\debug\netcoreapp3.1\nunittestproject.dll" id="04967881-3d44-4f25-5839-6dd3eae8bd89">
      <Execution id="5858e014-0143-4195-a1ce-f1a1b548f300" />
      <TestMethod codeBase="C:\Projekty\NUnitTestProject\bin\Debug\netcoreapp3.1\NUnitTestProject.dll" adapterTypeName="executor://nunit3testexecutor/" className="NUnitTestProject.CurrencyHelperTests" name="FormatToStringTest1000(57671.67669738675d,&quot;57671.68 zł&quot;)" />
    </UnitTest>
    <UnitTest name="FormatToStringTest1000(9624.06628225188d,&quot;9624.07 zł&quot;)" storage="c:\projekty\nunittestproject\bin\debug\netcoreapp3.1\nunittestproject.dll" id="31ed7871-edfd-2633-6788-723019e7f3e1">
      <Execution id="6770b385-6547-46f9-bf1e-2d4da59a7ae7" />
      <TestMethod codeBase="C:\Projekty\NUnitTestProject\bin\Debug\netcoreapp3.1\NUnitTestProject.dll" adapterTypeName="executor://nunit3testexecutor/" className="NUnitTestProject.CurrencyHelperTests" name="FormatToStringTest1000(9624.06628225188d,&quot;9624.07 zł&quot;)" />
    </UnitTest>
    <UnitTest name="FormatToStringTest1000(18786.954468002055d,&quot;18786.95 zł&quot;)" storage="c:\projekty\nunittestproject\bin\debug\netcoreapp3.1\nunittestproject.dll" id="527d41f4-ee35-aeed-39d2-777e78659af8">
      <Execution id="0468b10d-16e0-4c7d-a8de-b2d19d8ed785" />
      <TestMethod codeBase="C:\Projekty\NUnitTestProject\bin\Debug\netcoreapp3.1\NUnitTestProject.dll" adapterTypeName="executor://nunit3testexecutor/" className="NUnitTestProject.CurrencyHelperTests" name="FormatToStringTest1000(18786.954468002055d,&quot;18786.95 zł&quot;)" />
    </UnitTest>
    <UnitTest name="FormatToStringTest1000(31300.40752580967d,&quot;31300.41 zł&quot;)" storage="c:\projekty\nunittestproject\bin\debug\netcoreapp3.1\nunittestproject.dll" id="03343bcc-4f24-4c8a-3ccc-51481d1ee303">
      <Execution id="16f4ad32-82c3-48e8-bc70-fd5e7363ba0b" />
      <TestMethod codeBase="C:\Projekty\NUnitTestProject\bin\Debug\netcoreapp3.1\NUnitTestProject.dll" adapterTypeName="executor://nunit3testexecutor/" className="NUnitTestProject.CurrencyHelperTests" name="FormatToStringTest1000(31300.40752580967d,&quot;31300.41 zł&quot;)" />
    </UnitTest>
    <UnitTest name="FormatToStringTest1000(57181.240528605056d,&quot;57181.24 zł&quot;)" storage="c:\projekty\nunittestproject\bin\debug\netcoreapp3.1\nunittestproject.dll" id="20032a0f-2ee3-8893-1563-317bcc5ab61c">
      <Execution id="5c2db7e4-7cd6-4efe-8ab5-f24c0570a261" />
      <TestMethod codeBase="C:\Projekty\NUnitTestProject\bin\Debug\netcoreapp3.1\NUnitTestProject.dll" adapterTypeName="executor://nunit3testexecutor/" className="NUnitTestProject.CurrencyHelperTests" name="FormatToStringTest1000(57181.240528605056d,&quot;57181.24 zł&quot;)" />
    </UnitTest>
    <UnitTest name="FormatToStringTest1000(8499.121443388574d,&quot;8499.12 zł&quot;)" storage="c:\projekty\nunittestproject\bin\debug\netcoreapp3.1\nunittestproject.dll" id="114d6aa2-3c70-c374-d5cb-1675b6f9d5e6">
      <Execution id="789df778-dad6-41fd-b00c-84f4b5598399" />
      <TestMethod codeBase="C:\Projekty\NUnitTestProject\bin\Debug\netcoreapp3.1\NUnitTestProject.dll" adapterTypeName="executor://nunit3testexecutor/" className="NUnitTestProject.CurrencyHelperTests" name="FormatToStringTest1000(8499.121443388574d,&quot;8499.12 zł&quot;)" />
    </UnitTest>
    <UnitTest name="FormatToStringTest1000(27027.327683509946d,&quot;27027.33 zł&quot;)" storage="c:\projekty\nunittestproject\bin\debug\netcoreapp3.1\nunittestproject.dll" id="d3675fd4-77f8-268f-8735-9b5ad5bc915b">
      <Execution id="2f40afad-61fd-4424-81de-f110018e3482" />
      <TestMethod codeBase="C:\Projekty\NUnitTestProject\bin\Debug\netcoreapp3.1\NUnitTestProject.dll" adapterTypeName="executor://nunit3testexecutor/" className="NUnitTestProject.CurrencyHelperTests" name="FormatToStringTest1000(27027.327683509946d,&quot;27027.33 zł&quot;)" />
    </UnitTest>
    <UnitTest name="FormatToStringTest1000(11118.620997698335d,&quot;11118.62 zł&quot;)" storage="c:\projekty\nunittestproject\bin\debug\netcoreapp3.1\nunittestproject.dll" id="7875ceff-fafb-ef65-16f6-def9c021cbb8">
      <Execution id="a14b1fe7-a248-4104-9f53-d8fba2577b95" />
      <TestMethod codeBase="C:\Projekty\NUnitTestProject\bin\Debug\netcoreapp3.1\NUnitTestProject.dll" adapterTypeName="executor://nunit3testexecutor/" className="NUnitTestProject.CurrencyHelperTests" name="FormatToStringTest1000(11118.620997698335d,&quot;11118.62 zł&quot;)" />
    </UnitTest>
    <UnitTest name="FormatToStringTest1000(95071.15957335343d,&quot;95071.16 zł&quot;)" storage="c:\projekty\nunittestproject\bin\debug\netcoreapp3.1\nunittestproject.dll" id="257cee71-ac96-77a9-908c-68bd8420739c">
      <Execution id="20f19993-d4b4-4b0b-b2a0-2c96c16ca906" />
      <TestMethod codeBase="C:\Projekty\NUnitTestProject\bin\Debug\netcoreapp3.1\NUnitTestProject.dll" adapterTypeName="executor://nunit3testexecutor/" className="NUnitTestProject.CurrencyHelperTests" name="FormatToStringTest1000(95071.15957335343d,&quot;95071.16 zł&quot;)" />
    </UnitTest>
    <UnitTest name="FormatToStringTest1000(35905.47425787219d,&quot;35905.47 zł&quot;)" storage="c:\projekty\nunittestproject\bin\debug\netcoreapp3.1\nunittestproject.dll" id="5c165fdb-5b2a-6ca5-1c7a-4f504d003e95">
      <Execution id="2468a873-1fb1-4417-b83e-8bfcef84f1b5" />
      <TestMethod codeBase="C:\Projekty\NUnitTestProject\bin\Debug\netcoreapp3.1\NUnitTestProject.dll" adapterTypeName="executor://nunit3testexecutor/" className="NUnitTestProject.CurrencyHelperTests" name="FormatToStringTest1000(35905.47425787219d,&quot;35905.47 zł&quot;)" />
    </UnitTest>
    <UnitTest name="FormatToStringTest1000(45603.90324273142d,&quot;45603.90 zł&quot;)" storage="c:\projekty\nunittestproject\bin\debug\netcoreapp3.1\nunittestproject.dll" id="c09eca31-2a58-b146-7d55-b556b7020c68">
      <Execution id="0b0eed70-6dba-4d1c-bd25-af15fdcb184e" />
      <TestMethod codeBase="C:\Projekty\NUnitTestProject\bin\Debug\netcoreapp3.1\NUnitTestProject.dll" adapterTypeName="executor://nunit3testexecutor/" className="NUnitTestProject.CurrencyHelperTests" name="FormatToStringTest1000(45603.90324273142d,&quot;45603.90 zł&quot;)" />
    </UnitTest>
    <UnitTest name="FormatToStringTest1000(19392.945535027862d,&quot;19392.95 zł&quot;)" storage="c:\projekty\nunittestproject\bin\debug\netcoreapp3.1\nunittestproject.dll" id="610377d7-39b0-f1e5-075a-04c0ff0b06a2">
      <Execution id="d3dd61e3-220b-4328-a5a3-ce3be7034e3a" />
      <TestMethod codeBase="C:\Projekty\NUnitTestProject\bin\Debug\netcoreapp3.1\NUnitTestProject.dll" adapterTypeName="executor://nunit3testexecutor/" className="NUnitTestProject.CurrencyHelperTests" name="FormatToStringTest1000(19392.945535027862d,&quot;19392.95 zł&quot;)" />
    </UnitTest>
    <UnitTest name="FormatToStringTest1000(27893.312729890138d,&quot;27893.31 zł&quot;)" storage="c:\projekty\nunittestproject\bin\debug\netcoreapp3.1\nunittestproject.dll" id="7490fb46-9b1e-86c6-a053-c9324b70ce91">
      <Execution id="25f94997-9840-404a-9626-c29aceb7f13e" />
      <TestMethod codeBase="C:\Projekty\NUnitTestProject\bin\Debug\netcoreapp3.1\NUnitTestProject.dll" adapterTypeName="executor://nunit3testexecutor/" className="NUnitTestProject.CurrencyHelperTests" name="FormatToStringTest1000(27893.312729890138d,&quot;27893.31 zł&quot;)" />
    </UnitTest>
    <UnitTest name="FormatToStringTest1000(13402.882692040355d,&quot;13402.88 zł&quot;)" storage="c:\projekty\nunittestproject\bin\debug\netcoreapp3.1\nunittestproject.dll" id="6320276e-3624-3a1c-7afd-537de60f89db">
      <Execution id="44938ffd-4ccb-4092-8dd9-9579edc22ecd" />
      <TestMethod codeBase="C:\Projekty\NUnitTestProject\bin\Debug\netcoreapp3.1\NUnitTestProject.dll" adapterTypeName="executor://nunit3testexecutor/" className="NUnitTestProject.CurrencyHelperTests" name="FormatToStringTest1000(13402.882692040355d,&quot;13402.88 zł&quot;)" />
    </UnitTest>
    <UnitTest name="FormatToStringTest1000(8697.074631143862d,&quot;8697.07 zł&quot;)" storage="c:\projekty\nunittestproject\bin\debug\netcoreapp3.1\nunittestproject.dll" id="943e674e-9656-f2f6-06a7-f12c38d1347c">
      <Execution id="65b0e319-89e8-4d0f-83f4-6f0b6dae6e6a" />
      <TestMethod codeBase="C:\Projekty\NUnitTestProject\bin\Debug\netcoreapp3.1\NUnitTestProject.dll" adapterTypeName="executor://nunit3testexecutor/" className="NUnitTestProject.CurrencyHelperTests" name="FormatToStringTest1000(8697.074631143862d,&quot;8697.07 zł&quot;)" />
    </UnitTest>
    <UnitTest name="FormatToStringTest1000(26515.80237687929d,&quot;26515.80 zł&quot;)" storage="c:\projekty\nunittestproject\bin\debug\netcoreapp3.1\nunittestproject.dll" id="d97cfe1a-5414-3b7f-eeae-c71aa9b34634">
      <Execution id="ff23f891-5afc-4a14-90d1-4ee8daf1a7fa" />
      <TestMethod codeBase="C:\Projekty\NUnitTestProject\bin\Debug\netcoreapp3.1\NUnitTestProject.dll" adapterTypeName="executor://nunit3testexecutor/" className="NUnitTestProject.CurrencyHelperTests" name="FormatToStringTest1000(26515.80237687929d,&quot;26515.80 zł&quot;)" />
    </UnitTest>
    <UnitTest name="FormatToStringTest1000(9190.067404299076d,&quot;9190.07 zł&quot;)" storage="c:\projekty\nunittestproject\bin\debug\netcoreapp3.1\nunittestproject.dll" id="752c0495-686a-2709-5240-916b7eb02d3a">
      <Execution id="85cba852-2f5b-4cdf-8a9e-1f139c0bf14e" />
      <TestMethod codeBase="C:\Projekty\NUnitTestProject\bin\Debug\netcoreapp3.1\NUnitTestProject.dll" adapterTypeName="executor://nunit3testexecutor/" className="NUnitTestProject.CurrencyHelperTests" name="FormatToStringTest1000(9190.067404299076d,&quot;9190.07 zł&quot;)" />
    </UnitTest>
    <UnitTest name="FormatToStringTest1000(2505.286326204094d,&quot;2505.29 zł&quot;)" storage="c:\projekty\nunittestproject\bin\debug\netcoreapp3.1\nunittestproject.dll" id="d24e4d75-af83-eba3-bdf8-ba8e65054856">
      <Execution id="655add03-8b14-4545-b79f-688490b1a33b" />
      <TestMethod codeBase="C:\Projekty\NUnitTestProject\bin\Debug\netcoreapp3.1\NUnitTestProject.dll" adapterTypeName="executor://nunit3testexecutor/" className="NUnitTestProject.CurrencyHelperTests" name="FormatToStringTest1000(2505.286326204094d,&quot;2505.29 zł&quot;)" />
    </UnitTest>
    <UnitTest name="FormatToStringTest1000(21753.84773194969d,&quot;21753.85 zł&quot;)" storage="c:\projekty\nunittestproject\bin\debug\netcoreapp3.1\nunittestproject.dll" id="f7364d60-2df0-c5fc-137c-b9b46fcd6fe9">
      <Execution id="d9126038-5632-4efe-8903-6846800f846b" />
      <TestMethod codeBase="C:\Projekty\NUnitTestProject\bin\Debug\netcoreapp3.1\NUnitTestProject.dll" adapterTypeName="executor://nunit3testexecutor/" className="NUnitTestProject.CurrencyHelperTests" name="FormatToStringTest1000(21753.84773194969d,&quot;21753.85 zł&quot;)" />
    </UnitTest>
    <UnitTest name="FormatToStringTest1000(22459.530444447664d,&quot;22459.53 zł&quot;)" storage="c:\projekty\nunittestproject\bin\debug\netcoreapp3.1\nunittestproject.dll" id="580ab2d5-6b28-ec61-9de4-466295a56551">
      <Execution id="3e2aced6-4296-4a05-88c5-d83ab95633c7" />
      <TestMethod codeBase="C:\Projekty\NUnitTestProject\bin\Debug\netcoreapp3.1\NUnitTestProject.dll" adapterTypeName="executor://nunit3testexecutor/" className="NUnitTestProject.CurrencyHelperTests" name="FormatToStringTest1000(22459.530444447664d,&quot;22459.53 zł&quot;)" />
    </UnitTest>
    <UnitTest name="FormatToStringTest1000(6946.333318357977d,&quot;6946.33 zł&quot;)" storage="c:\projekty\nunittestproject\bin\debug\netcoreapp3.1\nunittestproject.dll" id="d7f71e56-89f1-ca12-7436-85c71867f730">
      <Execution id="690ffc1d-b5bf-4e08-a06d-2b95f461be54" />
      <TestMethod codeBase="C:\Projekty\NUnitTestProject\bin\Debug\netcoreapp3.1\NUnitTestProject.dll" adapterTypeName="executor://nunit3testexecutor/" className="NUnitTestProject.CurrencyHelperTests" name="FormatToStringTest1000(6946.333318357977d,&quot;6946.33 zł&quot;)" />
    </UnitTest>
    <UnitTest name="FormatToStringTest1000(464.74397441965715d,&quot;464.74 zł&quot;)" storage="c:\projekty\nunittestproject\bin\debug\netcoreapp3.1\nunittestproject.dll" id="f0cd9acd-b821-1b3b-6a4a-691c6f1f639a">
      <Execution id="64817aff-6a4f-4de7-931e-b3655b1de59d" />
      <TestMethod codeBase="C:\Projekty\NUnitTestProject\bin\Debug\netcoreapp3.1\NUnitTestProject.dll" adapterTypeName="executor://nunit3testexecutor/" className="NUnitTestProject.CurrencyHelperTests" name="FormatToStringTest1000(464.74397441965715d,&quot;464.74 zł&quot;)" />
    </UnitTest>
    <UnitTest name="FormatToStringTest1000(4411.456718280659d,&quot;4411.46 zł&quot;)" storage="c:\projekty\nunittestproject\bin\debug\netcoreapp3.1\nunittestproject.dll" id="6fe47bce-1f86-6cf6-afbe-6725ac8bf44c">
      <Execution id="edccd5fa-4cfa-4b40-a31d-e2354579c128" />
      <TestMethod codeBase="C:\Projekty\NUnitTestProject\bin\Debug\netcoreapp3.1\NUnitTestProject.dll" adapterTypeName="executor://nunit3testexecutor/" className="NUnitTestProject.CurrencyHelperTests" name="FormatToStringTest1000(4411.456718280659d,&quot;4411.46 zł&quot;)" />
    </UnitTest>
    <UnitTest name="FormatToStringTest1000(726.8087564975995d,&quot;726.81 zł&quot;)" storage="c:\projekty\nunittestproject\bin\debug\netcoreapp3.1\nunittestproject.dll" id="df3985f6-a310-5cd4-8528-b305d96c9c87">
      <Execution id="953c3b6a-dac9-49f4-b207-31463cbd985f" />
      <TestMethod codeBase="C:\Projekty\NUnitTestProject\bin\Debug\netcoreapp3.1\NUnitTestProject.dll" adapterTypeName="executor://nunit3testexecutor/" className="NUnitTestProject.CurrencyHelperTests" name="FormatToStringTest1000(726.8087564975995d,&quot;726.81 zł&quot;)" />
    </UnitTest>
    <UnitTest name="FormatToStringTest1000(14920.620598662934d,&quot;14920.62 zł&quot;)" storage="c:\projekty\nunittestproject\bin\debug\netcoreapp3.1\nunittestproject.dll" id="c989053d-c573-450d-6001-a75cbe93e089">
      <Execution id="aaf55430-042c-4895-a1b4-c4d66dc6ca89" />
      <TestMethod codeBase="C:\Projekty\NUnitTestProject\bin\Debug\netcoreapp3.1\NUnitTestProject.dll" adapterTypeName="executor://nunit3testexecutor/" className="NUnitTestProject.CurrencyHelperTests" name="FormatToStringTest1000(14920.620598662934d,&quot;14920.62 zł&quot;)" />
    </UnitTest>
    <UnitTest name="FormatToStringTest1000(23789.556920184546d,&quot;23789.56 zł&quot;)" storage="c:\projekty\nunittestproject\bin\debug\netcoreapp3.1\nunittestproject.dll" id="b58070c8-bc7f-712e-31bb-2a11be9cfc18">
      <Execution id="b553df59-e7b5-46f0-ad02-88d1a29a8a68" />
      <TestMethod codeBase="C:\Projekty\NUnitTestProject\bin\Debug\netcoreapp3.1\NUnitTestProject.dll" adapterTypeName="executor://nunit3testexecutor/" className="NUnitTestProject.CurrencyHelperTests" name="FormatToStringTest1000(23789.556920184546d,&quot;23789.56 zł&quot;)" />
    </UnitTest>
    <UnitTest name="FormatToStringTest1000(85407.13428016152d,&quot;85407.13 zł&quot;)" storage="c:\projekty\nunittestproject\bin\debug\netcoreapp3.1\nunittestproject.dll" id="37376bb5-e384-3c51-d1d8-3ba613fa9182">
      <Execution id="6c689ede-0533-407f-9392-bc6b906fc1d7" />
      <TestMethod codeBase="C:\Projekty\NUnitTestProject\bin\Debug\netcoreapp3.1\NUnitTestProject.dll" adapterTypeName="executor://nunit3testexecutor/" className="NUnitTestProject.CurrencyHelperTests" name="FormatToStringTest1000(85407.13428016152d,&quot;85407.13 zł&quot;)" />
    </UnitTest>
    <UnitTest name="FormatToStringTest1000(68174.53068551492d,&quot;68174.53 zł&quot;)" storage="c:\projekty\nunittestproject\bin\debug\netcoreapp3.1\nunittestproject.dll" id="ea848b43-279a-f1bb-ab29-b5a8e2e2c8af">
      <Execution id="7e4e5688-9ff2-4437-bb82-8bc67d06566d" />
      <TestMethod codeBase="C:\Projekty\NUnitTestProject\bin\Debug\netcoreapp3.1\NUnitTestProject.dll" adapterTypeName="executor://nunit3testexecutor/" className="NUnitTestProject.CurrencyHelperTests" name="FormatToStringTest1000(68174.53068551492d,&quot;68174.53 zł&quot;)" />
    </UnitTest>
    <UnitTest name="FormatToStringTest1000(1614.2516601789982d,&quot;1614.25 zł&quot;)" storage="c:\projekty\nunittestproject\bin\debug\netcoreapp3.1\nunittestproject.dll" id="e0a6ca51-6257-18e2-3ed9-4bb78f34d6d7">
      <Execution id="2bd0e9d7-58f9-43fb-bce5-fdc667c8a91b" />
      <TestMethod codeBase="C:\Projekty\NUnitTestProject\bin\Debug\netcoreapp3.1\NUnitTestProject.dll" adapterTypeName="executor://nunit3testexecutor/" className="NUnitTestProject.CurrencyHelperTests" name="FormatToStringTest1000(1614.2516601789982d,&quot;1614.25 zł&quot;)" />
    </UnitTest>
    <UnitTest name="FormatToStringTest1000(50550.645020282194d,&quot;50550.65 zł&quot;)" storage="c:\projekty\nunittestproject\bin\debug\netcoreapp3.1\nunittestproject.dll" id="c6bf636f-3c18-b5d6-1346-58450e782d22">
      <Execution id="3bf34e71-5792-4e5a-90bb-813fa777c4f0" />
      <TestMethod codeBase="C:\Projekty\NUnitTestProject\bin\Debug\netcoreapp3.1\NUnitTestProject.dll" adapterTypeName="executor://nunit3testexecutor/" className="NUnitTestProject.CurrencyHelperTests" name="FormatToStringTest1000(50550.645020282194d,&quot;50550.65 zł&quot;)" />
    </UnitTest>
    <UnitTest name="FormatToStringTest1000(40913.016669489916d,&quot;40913.02 zł&quot;)" storage="c:\projekty\nunittestproject\bin\debug\netcoreapp3.1\nunittestproject.dll" id="faf63bba-5452-3836-a95e-2474023d45ad">
      <Execution id="88aca9ef-9135-4317-939a-54e52aebb47e" />
      <TestMethod codeBase="C:\Projekty\NUnitTestProject\bin\Debug\netcoreapp3.1\NUnitTestProject.dll" adapterTypeName="executor://nunit3testexecutor/" className="NUnitTestProject.CurrencyHelperTests" name="FormatToStringTest1000(40913.016669489916d,&quot;40913.02 zł&quot;)" />
    </UnitTest>
    <UnitTest name="FormatToStringTest1000(15414.175096961751d,&quot;15414.18 zł&quot;)" storage="c:\projekty\nunittestproject\bin\debug\netcoreapp3.1\nunittestproject.dll" id="43e0f701-5f55-5e32-84f3-972dc14c0c0b">
      <Execution id="8de05b8f-14e5-4b93-bdf0-6f0565db5074" />
      <TestMethod codeBase="C:\Projekty\NUnitTestProject\bin\Debug\netcoreapp3.1\NUnitTestProject.dll" adapterTypeName="executor://nunit3testexecutor/" className="NUnitTestProject.CurrencyHelperTests" name="FormatToStringTest1000(15414.175096961751d,&quot;15414.18 zł&quot;)" />
    </UnitTest>
    <UnitTest name="FormatToStringTest1000(3274.481392617096d,&quot;3274.48 zł&quot;)" storage="c:\projekty\nunittestproject\bin\debug\netcoreapp3.1\nunittestproject.dll" id="e84b36e7-4f40-fa31-8ed6-b8aea0f7b95d">
      <Execution id="9d22c41f-2469-4e47-a46a-5921c9e39b43" />
      <TestMethod codeBase="C:\Projekty\NUnitTestProject\bin\Debug\netcoreapp3.1\NUnitTestProject.dll" adapterTypeName="executor://nunit3testexecutor/" className="NUnitTestProject.CurrencyHelperTests" name="FormatToStringTest1000(3274.481392617096d,&quot;3274.48 zł&quot;)" />
    </UnitTest>
    <UnitTest name="FormatToStringTest1000(20244.692955315437d,&quot;20244.69 zł&quot;)" storage="c:\projekty\nunittestproject\bin\debug\netcoreapp3.1\nunittestproject.dll" id="c813b080-ad5f-d9e2-c675-1e1394f00010">
      <Execution id="0c2451d5-12f9-4dbb-9221-1fa5d842120e" />
      <TestMethod codeBase="C:\Projekty\NUnitTestProject\bin\Debug\netcoreapp3.1\NUnitTestProject.dll" adapterTypeName="executor://nunit3testexecutor/" className="NUnitTestProject.CurrencyHelperTests" name="FormatToStringTest1000(20244.692955315437d,&quot;20244.69 zł&quot;)" />
    </UnitTest>
    <UnitTest name="FormatToStringTest1000(30385.72086375613d,&quot;30385.72 zł&quot;)" storage="c:\projekty\nunittestproject\bin\debug\netcoreapp3.1\nunittestproject.dll" id="ba3d44ab-713b-26da-eeee-600e16cfe130">
      <Execution id="baa78afe-3976-46c1-b20b-4f7ef6eff1e0" />
      <TestMethod codeBase="C:\Projekty\NUnitTestProject\bin\Debug\netcoreapp3.1\NUnitTestProject.dll" adapterTypeName="executor://nunit3testexecutor/" className="NUnitTestProject.CurrencyHelperTests" name="FormatToStringTest1000(30385.72086375613d,&quot;30385.72 zł&quot;)" />
    </UnitTest>
    <UnitTest name="FormatToStringTest1000(49256.47455728635d,&quot;49256.47 zł&quot;)" storage="c:\projekty\nunittestproject\bin\debug\netcoreapp3.1\nunittestproject.dll" id="8184eede-89c1-758f-6b98-b1536f1bc7e0">
      <Execution id="f7fe3260-2356-4897-b178-c03e7e441b4d" />
      <TestMethod codeBase="C:\Projekty\NUnitTestProject\bin\Debug\netcoreapp3.1\NUnitTestProject.dll" adapterTypeName="executor://nunit3testexecutor/" className="NUnitTestProject.CurrencyHelperTests" name="FormatToStringTest1000(49256.47455728635d,&quot;49256.47 zł&quot;)" />
    </UnitTest>
    <UnitTest name="FormatToStringTest1000(18032.4720825476d,&quot;18032.47 zł&quot;)" storage="c:\projekty\nunittestproject\bin\debug\netcoreapp3.1\nunittestproject.dll" id="99b9ef43-ae03-d550-aafb-7b6a0ec7c1ee">
      <Execution id="f6e55be5-6eae-4618-b0ce-c53722e46507" />
      <TestMethod codeBase="C:\Projekty\NUnitTestProject\bin\Debug\netcoreapp3.1\NUnitTestProject.dll" adapterTypeName="executor://nunit3testexecutor/" className="NUnitTestProject.CurrencyHelperTests" name="FormatToStringTest1000(18032.4720825476d,&quot;18032.47 zł&quot;)" />
    </UnitTest>
    <UnitTest name="FormatToStringTest1000(27629.79121039193d,&quot;27629.79 zł&quot;)" storage="c:\projekty\nunittestproject\bin\debug\netcoreapp3.1\nunittestproject.dll" id="a6621eb8-15a7-fc8e-d862-31d4f5bc69d0">
      <Execution id="cb7c343d-81ce-408f-8514-53a654e33532" />
      <TestMethod codeBase="C:\Projekty\NUnitTestProject\bin\Debug\netcoreapp3.1\NUnitTestProject.dll" adapterTypeName="executor://nunit3testexecutor/" className="NUnitTestProject.CurrencyHelperTests" name="FormatToStringTest1000(27629.79121039193d,&quot;27629.79 zł&quot;)" />
    </UnitTest>
    <UnitTest name="FormatToStringTest1000(7726.0074454499445d,&quot;7726.01 zł&quot;)" storage="c:\projekty\nunittestproject\bin\debug\netcoreapp3.1\nunittestproject.dll" id="20eba454-047b-5e64-79ba-74e9397a20a4">
      <Execution id="2fa5fc89-4000-453c-b18b-2cca249b8476" />
      <TestMethod codeBase="C:\Projekty\NUnitTestProject\bin\Debug\netcoreapp3.1\NUnitTestProject.dll" adapterTypeName="executor://nunit3testexecutor/" className="NUnitTestProject.CurrencyHelperTests" name="FormatToStringTest1000(7726.0074454499445d,&quot;7726.01 zł&quot;)" />
    </UnitTest>
    <UnitTest name="FormatToStringTest1000(26529.10838037036d,&quot;26529.11 zł&quot;)" storage="c:\projekty\nunittestproject\bin\debug\netcoreapp3.1\nunittestproject.dll" id="193f831d-c7c9-ac41-bc1b-9798c85535ca">
      <Execution id="4cf18464-3e3a-4be8-9795-6583612835f3" />
      <TestMethod codeBase="C:\Projekty\NUnitTestProject\bin\Debug\netcoreapp3.1\NUnitTestProject.dll" adapterTypeName="executor://nunit3testexecutor/" className="NUnitTestProject.CurrencyHelperTests" name="FormatToStringTest1000(26529.10838037036d,&quot;26529.11 zł&quot;)" />
    </UnitTest>
    <UnitTest name="FormatToStringTest1000(19208.676036795914d,&quot;19208.68 zł&quot;)" storage="c:\projekty\nunittestproject\bin\debug\netcoreapp3.1\nunittestproject.dll" id="0bcee855-d67d-6b06-b494-da6df454ba12">
      <Execution id="bb4b8ffd-d20b-4ec6-b401-c24e7e1d1214" />
      <TestMethod codeBase="C:\Projekty\NUnitTestProject\bin\Debug\netcoreapp3.1\NUnitTestProject.dll" adapterTypeName="executor://nunit3testexecutor/" className="NUnitTestProject.CurrencyHelperTests" name="FormatToStringTest1000(19208.676036795914d,&quot;19208.68 zł&quot;)" />
    </UnitTest>
    <UnitTest name="FormatToStringTest1000(41368.29672956015d,&quot;41368.30 zł&quot;)" storage="c:\projekty\nunittestproject\bin\debug\netcoreapp3.1\nunittestproject.dll" id="0ffbfc26-0b88-0610-8454-a3e10982707b">
      <Execution id="8d6c6bb3-f899-4185-b548-b5ec5d74f310" />
      <TestMethod codeBase="C:\Projekty\NUnitTestProject\bin\Debug\netcoreapp3.1\NUnitTestProject.dll" adapterTypeName="executor://nunit3testexecutor/" className="NUnitTestProject.CurrencyHelperTests" name="FormatToStringTest1000(41368.29672956015d,&quot;41368.30 zł&quot;)" />
    </UnitTest>
    <UnitTest name="FormatToStringTest1000(47672.66266041652d,&quot;47672.66 zł&quot;)" storage="c:\projekty\nunittestproject\bin\debug\netcoreapp3.1\nunittestproject.dll" id="90524d2a-adb4-bd7e-769a-526d502faf2e">
      <Execution id="503e7654-3e23-484e-b7a8-629238d134f0" />
      <TestMethod codeBase="C:\Projekty\NUnitTestProject\bin\Debug\netcoreapp3.1\NUnitTestProject.dll" adapterTypeName="executor://nunit3testexecutor/" className="NUnitTestProject.CurrencyHelperTests" name="FormatToStringTest1000(47672.66266041652d,&quot;47672.66 zł&quot;)" />
    </UnitTest>
    <UnitTest name="FormatToStringTest1000(2121.0917325211185d,&quot;2121.09 zł&quot;)" storage="c:\projekty\nunittestproject\bin\debug\netcoreapp3.1\nunittestproject.dll" id="f0585ec3-ae76-b5af-6830-899496ff1fd9">
      <Execution id="e26d555f-aaa5-452a-be8d-0e535b79c2f4" />
      <TestMethod codeBase="C:\Projekty\NUnitTestProject\bin\Debug\netcoreapp3.1\NUnitTestProject.dll" adapterTypeName="executor://nunit3testexecutor/" className="NUnitTestProject.CurrencyHelperTests" name="FormatToStringTest1000(2121.0917325211185d,&quot;2121.09 zł&quot;)" />
    </UnitTest>
    <UnitTest name="FormatToStringTest1000(31347.468987404587d,&quot;31347.47 zł&quot;)" storage="c:\projekty\nunittestproject\bin\debug\netcoreapp3.1\nunittestproject.dll" id="9cef29cf-98fb-f211-5054-ae4d42774e1f">
      <Execution id="9e72e6a5-c5e1-4824-9c4c-69eebd8876e5" />
      <TestMethod codeBase="C:\Projekty\NUnitTestProject\bin\Debug\netcoreapp3.1\NUnitTestProject.dll" adapterTypeName="executor://nunit3testexecutor/" className="NUnitTestProject.CurrencyHelperTests" name="FormatToStringTest1000(31347.468987404587d,&quot;31347.47 zł&quot;)" />
    </UnitTest>
    <UnitTest name="FormatToStringTest1000(1676.7913981754293d,&quot;1676.79 zł&quot;)" storage="c:\projekty\nunittestproject\bin\debug\netcoreapp3.1\nunittestproject.dll" id="0ebe3939-f18c-dec0-703f-01349ca5c1ad">
      <Execution id="4cee4cd9-a80c-4056-b908-ea5274a5a330" />
      <TestMethod codeBase="C:\Projekty\NUnitTestProject\bin\Debug\netcoreapp3.1\NUnitTestProject.dll" adapterTypeName="executor://nunit3testexecutor/" className="NUnitTestProject.CurrencyHelperTests" name="FormatToStringTest1000(1676.7913981754293d,&quot;1676.79 zł&quot;)" />
    </UnitTest>
    <UnitTest name="FormatToStringTest1000(31971.185406704986d,&quot;31971.19 zł&quot;)" storage="c:\projekty\nunittestproject\bin\debug\netcoreapp3.1\nunittestproject.dll" id="a32b1b99-bbfe-b0ef-93c7-d7c83b53becf">
      <Execution id="74821f10-68e6-4b2a-9adf-0682d9b7cd21" />
      <TestMethod codeBase="C:\Projekty\NUnitTestProject\bin\Debug\netcoreapp3.1\NUnitTestProject.dll" adapterTypeName="executor://nunit3testexecutor/" className="NUnitTestProject.CurrencyHelperTests" name="FormatToStringTest1000(31971.185406704986d,&quot;31971.19 zł&quot;)" />
    </UnitTest>
    <UnitTest name="FormatToStringTest1000(867.5236648356187d,&quot;867.52 zł&quot;)" storage="c:\projekty\nunittestproject\bin\debug\netcoreapp3.1\nunittestproject.dll" id="8d6414e5-4d2d-73e7-c36d-d9cbbb203e5f">
      <Execution id="b023c71f-db1c-4b14-91e4-08a966707aba" />
      <TestMethod codeBase="C:\Projekty\NUnitTestProject\bin\Debug\netcoreapp3.1\NUnitTestProject.dll" adapterTypeName="executor://nunit3testexecutor/" className="NUnitTestProject.CurrencyHelperTests" name="FormatToStringTest1000(867.5236648356187d,&quot;867.52 zł&quot;)" />
    </UnitTest>
    <UnitTest name="FormatToStringTest1000(16597.22844427788d,&quot;16597.23 zł&quot;)" storage="c:\projekty\nunittestproject\bin\debug\netcoreapp3.1\nunittestproject.dll" id="12c8d806-dc76-730d-d276-1d289133c533">
      <Execution id="1c800dc3-04e1-49ab-9419-c2134a29dc31" />
      <TestMethod codeBase="C:\Projekty\NUnitTestProject\bin\Debug\netcoreapp3.1\NUnitTestProject.dll" adapterTypeName="executor://nunit3testexecutor/" className="NUnitTestProject.CurrencyHelperTests" name="FormatToStringTest1000(16597.22844427788d,&quot;16597.23 zł&quot;)" />
    </UnitTest>
    <UnitTest name="FormatToStringTest1000(7715.904444139406d,&quot;7715.90 zł&quot;)" storage="c:\projekty\nunittestproject\bin\debug\netcoreapp3.1\nunittestproject.dll" id="3436028f-e5c2-d0e3-5f92-c1e23c8a73cc">
      <Execution id="5b851c50-f3d7-40bd-b29e-7aca1a433a23" />
      <TestMethod codeBase="C:\Projekty\NUnitTestProject\bin\Debug\netcoreapp3.1\NUnitTestProject.dll" adapterTypeName="executor://nunit3testexecutor/" className="NUnitTestProject.CurrencyHelperTests" name="FormatToStringTest1000(7715.904444139406d,&quot;7715.90 zł&quot;)" />
    </UnitTest>
    <UnitTest name="FormatToStringTest1000(3700.029953029021d,&quot;3700.03 zł&quot;)" storage="c:\projekty\nunittestproject\bin\debug\netcoreapp3.1\nunittestproject.dll" id="5da451a5-54a7-b58b-ab8b-8b1b8384fd01">
      <Execution id="0cd40c08-d287-421b-9ec3-4ce924c582f0" />
      <TestMethod codeBase="C:\Projekty\NUnitTestProject\bin\Debug\netcoreapp3.1\NUnitTestProject.dll" adapterTypeName="executor://nunit3testexecutor/" className="NUnitTestProject.CurrencyHelperTests" name="FormatToStringTest1000(3700.029953029021d,&quot;3700.03 zł&quot;)" />
    </UnitTest>
    <UnitTest name="FormatToStringTest1000(485.6735566554933d,&quot;485.67 zł&quot;)" storage="c:\projekty\nunittestproject\bin\debug\netcoreapp3.1\nunittestproject.dll" id="7ad4f46a-05fc-7c4a-853e-228ce39d4426">
      <Execution id="67be5a1c-bb63-4abe-b099-f34a56f7ffaa" />
      <TestMethod codeBase="C:\Projekty\NUnitTestProject\bin\Debug\netcoreapp3.1\NUnitTestProject.dll" adapterTypeName="executor://nunit3testexecutor/" className="NUnitTestProject.CurrencyHelperTests" name="FormatToStringTest1000(485.6735566554933d,&quot;485.67 zł&quot;)" />
    </UnitTest>
    <UnitTest name="FormatToStringTest1000(14712.754747761765d,&quot;14712.75 zł&quot;)" storage="c:\projekty\nunittestproject\bin\debug\netcoreapp3.1\nunittestproject.dll" id="a888e7ea-dbd1-07c6-66f1-9d366fb67e32">
      <Execution id="72aec16d-bd33-4152-a041-6329b86bea40" />
      <TestMethod codeBase="C:\Projekty\NUnitTestProject\bin\Debug\netcoreapp3.1\NUnitTestProject.dll" adapterTypeName="executor://nunit3testexecutor/" className="NUnitTestProject.CurrencyHelperTests" name="FormatToStringTest1000(14712.754747761765d,&quot;14712.75 zł&quot;)" />
    </UnitTest>
    <UnitTest name="FormatToStringTest1000(32218.080508120394d,&quot;32218.08 zł&quot;)" storage="c:\projekty\nunittestproject\bin\debug\netcoreapp3.1\nunittestproject.dll" id="f20c73fc-7f07-e8ef-25e3-d34c7ca18877">
      <Execution id="ae49131e-170a-460a-bd13-6da80eda49aa" />
      <TestMethod codeBase="C:\Projekty\NUnitTestProject\bin\Debug\netcoreapp3.1\NUnitTestProject.dll" adapterTypeName="executor://nunit3testexecutor/" className="NUnitTestProject.CurrencyHelperTests" name="FormatToStringTest1000(32218.080508120394d,&quot;32218.08 zł&quot;)" />
    </UnitTest>
    <UnitTest name="FormatToStringTest1000(64210.358316209335d,&quot;64210.36 zł&quot;)" storage="c:\projekty\nunittestproject\bin\debug\netcoreapp3.1\nunittestproject.dll" id="8a2b6295-c6f7-0626-b29d-201c71fd67a5">
      <Execution id="4a06daa7-8aed-4771-ad32-06552c3290a7" />
      <TestMethod codeBase="C:\Projekty\NUnitTestProject\bin\Debug\netcoreapp3.1\NUnitTestProject.dll" adapterTypeName="executor://nunit3testexecutor/" className="NUnitTestProject.CurrencyHelperTests" name="FormatToStringTest1000(64210.358316209335d,&quot;64210.36 zł&quot;)" />
    </UnitTest>
    <UnitTest name="FormatToStringTest1000(47256.065730817645d,&quot;47256.07 zł&quot;)" storage="c:\projekty\nunittestproject\bin\debug\netcoreapp3.1\nunittestproject.dll" id="29503cc7-b010-6825-6d29-1db7cb95143d">
      <Execution id="cf34bc4d-6f98-433d-8d58-79796fae99f3" />
      <TestMethod codeBase="C:\Projekty\NUnitTestProject\bin\Debug\netcoreapp3.1\NUnitTestProject.dll" adapterTypeName="executor://nunit3testexecutor/" className="NUnitTestProject.CurrencyHelperTests" name="FormatToStringTest1000(47256.065730817645d,&quot;47256.07 zł&quot;)" />
    </UnitTest>
    <UnitTest name="FormatToStringTest1000(79973.08417819678d,&quot;79973.08 zł&quot;)" storage="c:\projekty\nunittestproject\bin\debug\netcoreapp3.1\nunittestproject.dll" id="3de5845a-c4ac-d187-6027-553f442e3ad2">
      <Execution id="bbcee677-b853-44fc-852b-2e2f4f358ab0" />
      <TestMethod codeBase="C:\Projekty\NUnitTestProject\bin\Debug\netcoreapp3.1\NUnitTestProject.dll" adapterTypeName="executor://nunit3testexecutor/" className="NUnitTestProject.CurrencyHelperTests" name="FormatToStringTest1000(79973.08417819678d,&quot;79973.08 zł&quot;)" />
    </UnitTest>
    <UnitTest name="FormatToStringTest1000(30626.373939456127d,&quot;30626.37 zł&quot;)" storage="c:\projekty\nunittestproject\bin\debug\netcoreapp3.1\nunittestproject.dll" id="ae5c211a-4af1-929a-38fa-5c9b4f30973f">
      <Execution id="01a074a9-44cd-42ec-8f69-0802d86336e0" />
      <TestMethod codeBase="C:\Projekty\NUnitTestProject\bin\Debug\netcoreapp3.1\NUnitTestProject.dll" adapterTypeName="executor://nunit3testexecutor/" className="NUnitTestProject.CurrencyHelperTests" name="FormatToStringTest1000(30626.373939456127d,&quot;30626.37 zł&quot;)" />
    </UnitTest>
    <UnitTest name="FormatToStringTest1000(6544.213759255695d,&quot;6544.21 zł&quot;)" storage="c:\projekty\nunittestproject\bin\debug\netcoreapp3.1\nunittestproject.dll" id="942bc263-e8dd-056d-20fc-b03fc0f2fe09">
      <Execution id="114e640d-a5c8-4f48-bc57-1e4e89c583c2" />
      <TestMethod codeBase="C:\Projekty\NUnitTestProject\bin\Debug\netcoreapp3.1\NUnitTestProject.dll" adapterTypeName="executor://nunit3testexecutor/" className="NUnitTestProject.CurrencyHelperTests" name="FormatToStringTest1000(6544.213759255695d,&quot;6544.21 zł&quot;)" />
    </UnitTest>
    <UnitTest name="FormatToStringTest1000(57436.33241095409d,&quot;57436.33 zł&quot;)" storage="c:\projekty\nunittestproject\bin\debug\netcoreapp3.1\nunittestproject.dll" id="88670780-e590-ffb1-3bdf-7b575a4d5fc5">
      <Execution id="681110bc-c49b-41dd-8952-a6ef9ff9c2a7" />
      <TestMethod codeBase="C:\Projekty\NUnitTestProject\bin\Debug\netcoreapp3.1\NUnitTestProject.dll" adapterTypeName="executor://nunit3testexecutor/" className="NUnitTestProject.CurrencyHelperTests" name="FormatToStringTest1000(57436.33241095409d,&quot;57436.33 zł&quot;)" />
    </UnitTest>
    <UnitTest name="FormatToStringTest1000(4121.116360678857d,&quot;4121.12 zł&quot;)" storage="c:\projekty\nunittestproject\bin\debug\netcoreapp3.1\nunittestproject.dll" id="a6e465ee-f568-61da-4158-e730cb849679">
      <Execution id="9e41f593-764d-4372-a0e3-6478be02850e" />
      <TestMethod codeBase="C:\Projekty\NUnitTestProject\bin\Debug\netcoreapp3.1\NUnitTestProject.dll" adapterTypeName="executor://nunit3testexecutor/" className="NUnitTestProject.CurrencyHelperTests" name="FormatToStringTest1000(4121.116360678857d,&quot;4121.12 zł&quot;)" />
    </UnitTest>
    <UnitTest name="FormatToStringTest1000(40556.73452524362d,&quot;40556.73 zł&quot;)" storage="c:\projekty\nunittestproject\bin\debug\netcoreapp3.1\nunittestproject.dll" id="b286589b-6f00-2211-0fe0-b6cf97d63d0a">
      <Execution id="b1cf9fce-9aa8-401e-be80-efe8549408de" />
      <TestMethod codeBase="C:\Projekty\NUnitTestProject\bin\Debug\netcoreapp3.1\NUnitTestProject.dll" adapterTypeName="executor://nunit3testexecutor/" className="NUnitTestProject.CurrencyHelperTests" name="FormatToStringTest1000(40556.73452524362d,&quot;40556.73 zł&quot;)" />
    </UnitTest>
    <UnitTest name="FormatToStringTest1000(44930.92203801075d,&quot;44930.92 zł&quot;)" storage="c:\projekty\nunittestproject\bin\debug\netcoreapp3.1\nunittestproject.dll" id="49c672b6-6d9d-50cd-ab6b-d47ad2b2d00c">
      <Execution id="ab95ab68-eb72-4502-8913-c52967aecd7d" />
      <TestMethod codeBase="C:\Projekty\NUnitTestProject\bin\Debug\netcoreapp3.1\NUnitTestProject.dll" adapterTypeName="executor://nunit3testexecutor/" className="NUnitTestProject.CurrencyHelperTests" name="FormatToStringTest1000(44930.92203801075d,&quot;44930.92 zł&quot;)" />
    </UnitTest>
    <UnitTest name="FormatToStringTest1000(25908.345463821825d,&quot;25908.35 zł&quot;)" storage="c:\projekty\nunittestproject\bin\debug\netcoreapp3.1\nunittestproject.dll" id="49538287-c6a8-9cce-5150-35176d68e7fe">
      <Execution id="15495131-1f53-457f-b9e6-768767768c36" />
      <TestMethod codeBase="C:\Projekty\NUnitTestProject\bin\Debug\netcoreapp3.1\NUnitTestProject.dll" adapterTypeName="executor://nunit3testexecutor/" className="NUnitTestProject.CurrencyHelperTests" name="FormatToStringTest1000(25908.345463821825d,&quot;25908.35 zł&quot;)" />
    </UnitTest>
    <UnitTest name="FormatToStringTest1000(59919.71489415491d,&quot;59919.71 zł&quot;)" storage="c:\projekty\nunittestproject\bin\debug\netcoreapp3.1\nunittestproject.dll" id="eef249b6-8ce5-ce2e-1d6e-3786477a589e">
      <Execution id="1c7b4559-a271-44ff-af8f-acd187dd9c2d" />
      <TestMethod codeBase="C:\Projekty\NUnitTestProject\bin\Debug\netcoreapp3.1\NUnitTestProject.dll" adapterTypeName="executor://nunit3testexecutor/" className="NUnitTestProject.CurrencyHelperTests" name="FormatToStringTest1000(59919.71489415491d,&quot;59919.71 zł&quot;)" />
    </UnitTest>
    <UnitTest name="FormatToStringTest1000(37114.901517336206d,&quot;37114.90 zł&quot;)" storage="c:\projekty\nunittestproject\bin\debug\netcoreapp3.1\nunittestproject.dll" id="becea41b-b5f7-1be9-14b7-7b47b08d6269">
      <Execution id="7c4d1807-76bf-4c93-90a2-47fc57d8d9de" />
      <TestMethod codeBase="C:\Projekty\NUnitTestProject\bin\Debug\netcoreapp3.1\NUnitTestProject.dll" adapterTypeName="executor://nunit3testexecutor/" className="NUnitTestProject.CurrencyHelperTests" name="FormatToStringTest1000(37114.901517336206d,&quot;37114.90 zł&quot;)" />
    </UnitTest>
    <UnitTest name="FormatToStringTest1000(5287.3103648714305d,&quot;5287.31 zł&quot;)" storage="c:\projekty\nunittestproject\bin\debug\netcoreapp3.1\nunittestproject.dll" id="279ea0a2-a194-3b23-c2df-f3b9caefacb9">
      <Execution id="b8662ca4-5d55-45bf-9a29-5332157c5ff7" />
      <TestMethod codeBase="C:\Projekty\NUnitTestProject\bin\Debug\netcoreapp3.1\NUnitTestProject.dll" adapterTypeName="executor://nunit3testexecutor/" className="NUnitTestProject.CurrencyHelperTests" name="FormatToStringTest1000(5287.3103648714305d,&quot;5287.31 zł&quot;)" />
    </UnitTest>
    <UnitTest name="FormatToStringTest1000(28306.369434126827d,&quot;28306.37 zł&quot;)" storage="c:\projekty\nunittestproject\bin\debug\netcoreapp3.1\nunittestproject.dll" id="1e0703fd-8132-d66f-f52d-f2f5d027c1d8">
      <Execution id="8e309b16-4b67-48e1-82d5-d5cc3f12ad87" />
      <TestMethod codeBase="C:\Projekty\NUnitTestProject\bin\Debug\netcoreapp3.1\NUnitTestProject.dll" adapterTypeName="executor://nunit3testexecutor/" className="NUnitTestProject.CurrencyHelperTests" name="FormatToStringTest1000(28306.369434126827d,&quot;28306.37 zł&quot;)" />
    </UnitTest>
    <UnitTest name="FormatToStringTest1000(25272.05048361283d,&quot;25272.05 zł&quot;)" storage="c:\projekty\nunittestproject\bin\debug\netcoreapp3.1\nunittestproject.dll" id="fd4f7d41-f937-f359-41b7-f6b589c2bdd7">
      <Execution id="179bf31f-269b-49be-9054-0bd38ce0acd6" />
      <TestMethod codeBase="C:\Projekty\NUnitTestProject\bin\Debug\netcoreapp3.1\NUnitTestProject.dll" adapterTypeName="executor://nunit3testexecutor/" className="NUnitTestProject.CurrencyHelperTests" name="FormatToStringTest1000(25272.05048361283d,&quot;25272.05 zł&quot;)" />
    </UnitTest>
    <UnitTest name="FormatToStringTest1000(34242.181005260056d,&quot;34242.18 zł&quot;)" storage="c:\projekty\nunittestproject\bin\debug\netcoreapp3.1\nunittestproject.dll" id="32010eb0-88b3-7f9e-a459-fb524fc932d7">
      <Execution id="237fdfe4-667d-4963-ae95-f2dca42b3c8d" />
      <TestMethod codeBase="C:\Projekty\NUnitTestProject\bin\Debug\netcoreapp3.1\NUnitTestProject.dll" adapterTypeName="executor://nunit3testexecutor/" className="NUnitTestProject.CurrencyHelperTests" name="FormatToStringTest1000(34242.181005260056d,&quot;34242.18 zł&quot;)" />
    </UnitTest>
    <UnitTest name="FormatToStringTest1000(66723.3293191657d,&quot;66723.33 zł&quot;)" storage="c:\projekty\nunittestproject\bin\debug\netcoreapp3.1\nunittestproject.dll" id="7e68fea7-1e52-0c32-44b4-1e38c3c836bc">
      <Execution id="1b83864a-2b06-48d6-99c5-c780457b56df" />
      <TestMethod codeBase="C:\Projekty\NUnitTestProject\bin\Debug\netcoreapp3.1\NUnitTestProject.dll" adapterTypeName="executor://nunit3testexecutor/" className="NUnitTestProject.CurrencyHelperTests" name="FormatToStringTest1000(66723.3293191657d,&quot;66723.33 zł&quot;)" />
    </UnitTest>
    <UnitTest name="FormatToStringTest1000(9097.395563790293d,&quot;9097.40 zł&quot;)" storage="c:\projekty\nunittestproject\bin\debug\netcoreapp3.1\nunittestproject.dll" id="cbe18909-6635-9aa1-a38f-17a524fe9aa1">
      <Execution id="d326d59e-76d1-40b6-856b-fd79b8dba5e1" />
      <TestMethod codeBase="C:\Projekty\NUnitTestProject\bin\Debug\netcoreapp3.1\NUnitTestProject.dll" adapterTypeName="executor://nunit3testexecutor/" className="NUnitTestProject.CurrencyHelperTests" name="FormatToStringTest1000(9097.395563790293d,&quot;9097.40 zł&quot;)" />
    </UnitTest>
    <UnitTest name="FormatToStringTest1000(10268.547802396373d,&quot;10268.55 zł&quot;)" storage="c:\projekty\nunittestproject\bin\debug\netcoreapp3.1\nunittestproject.dll" id="8b6f3338-cce8-0079-b821-3f92e6c60eee">
      <Execution id="a041bfa0-2952-4d30-bcf7-2c809697d0be" />
      <TestMethod codeBase="C:\Projekty\NUnitTestProject\bin\Debug\netcoreapp3.1\NUnitTestProject.dll" adapterTypeName="executor://nunit3testexecutor/" className="NUnitTestProject.CurrencyHelperTests" name="FormatToStringTest1000(10268.547802396373d,&quot;10268.55 zł&quot;)" />
    </UnitTest>
    <UnitTest name="FormatToStringTest1000(30138.55109863102d,&quot;30138.55 zł&quot;)" storage="c:\projekty\nunittestproject\bin\debug\netcoreapp3.1\nunittestproject.dll" id="979c090f-8c86-d264-67f3-13520744166b">
      <Execution id="2f647352-3b83-4954-a4d1-9d133e09e643" />
      <TestMethod codeBase="C:\Projekty\NUnitTestProject\bin\Debug\netcoreapp3.1\NUnitTestProject.dll" adapterTypeName="executor://nunit3testexecutor/" className="NUnitTestProject.CurrencyHelperTests" name="FormatToStringTest1000(30138.55109863102d,&quot;30138.55 zł&quot;)" />
    </UnitTest>
    <UnitTest name="FormatToStringTest1000(17988.455793307843d,&quot;17988.46 zł&quot;)" storage="c:\projekty\nunittestproject\bin\debug\netcoreapp3.1\nunittestproject.dll" id="28c068cc-4f93-bf31-670a-7f0717946001">
      <Execution id="a746498a-509a-4595-9f52-6db4afed761f" />
      <TestMethod codeBase="C:\Projekty\NUnitTestProject\bin\Debug\netcoreapp3.1\NUnitTestProject.dll" adapterTypeName="executor://nunit3testexecutor/" className="NUnitTestProject.CurrencyHelperTests" name="FormatToStringTest1000(17988.455793307843d,&quot;17988.46 zł&quot;)" />
    </UnitTest>
    <UnitTest name="FormatToStringTest1000(5810.695934967462d,&quot;5810.70 zł&quot;)" storage="c:\projekty\nunittestproject\bin\debug\netcoreapp3.1\nunittestproject.dll" id="21fecb6a-616e-e0ca-06e2-949826e6d9fe">
      <Execution id="27215764-45ff-41a0-beda-48be290edae5" />
      <TestMethod codeBase="C:\Projekty\NUnitTestProject\bin\Debug\netcoreapp3.1\NUnitTestProject.dll" adapterTypeName="executor://nunit3testexecutor/" className="NUnitTestProject.CurrencyHelperTests" name="FormatToStringTest1000(5810.695934967462d,&quot;5810.70 zł&quot;)" />
    </UnitTest>
    <UnitTest name="FormatToStringTest1000(5317.9582678023535d,&quot;5317.96 zł&quot;)" storage="c:\projekty\nunittestproject\bin\debug\netcoreapp3.1\nunittestproject.dll" id="b7c8b8f4-3f53-7b79-a3fb-65f51c557883">
      <Execution id="e305c2ef-3a72-4623-8034-237916cac198" />
      <TestMethod codeBase="C:\Projekty\NUnitTestProject\bin\Debug\netcoreapp3.1\NUnitTestProject.dll" adapterTypeName="executor://nunit3testexecutor/" className="NUnitTestProject.CurrencyHelperTests" name="FormatToStringTest1000(5317.9582678023535d,&quot;5317.96 zł&quot;)" />
    </UnitTest>
    <UnitTest name="FormatToStringTest1000(1568.615240217473d,&quot;1568.62 zł&quot;)" storage="c:\projekty\nunittestproject\bin\debug\netcoreapp3.1\nunittestproject.dll" id="85799221-0b36-0e4a-ef29-ad83f50e6bbd">
      <Execution id="33f9d886-03b1-4855-a257-a80e20950d10" />
      <TestMethod codeBase="C:\Projekty\NUnitTestProject\bin\Debug\netcoreapp3.1\NUnitTestProject.dll" adapterTypeName="executor://nunit3testexecutor/" className="NUnitTestProject.CurrencyHelperTests" name="FormatToStringTest1000(1568.615240217473d,&quot;1568.62 zł&quot;)" />
    </UnitTest>
    <UnitTest name="FormatToStringTest1000(31622.81414407809d,&quot;31622.81 zł&quot;)" storage="c:\projekty\nunittestproject\bin\debug\netcoreapp3.1\nunittestproject.dll" id="837f3b30-3aeb-50a8-d532-f419df9834ba">
      <Execution id="a9cfc105-99bf-41ff-b3a5-22e50f03a181" />
      <TestMethod codeBase="C:\Projekty\NUnitTestProject\bin\Debug\netcoreapp3.1\NUnitTestProject.dll" adapterTypeName="executor://nunit3testexecutor/" className="NUnitTestProject.CurrencyHelperTests" name="FormatToStringTest1000(31622.81414407809d,&quot;31622.81 zł&quot;)" />
    </UnitTest>
    <UnitTest name="FormatToStringTest1000(88584.97010041306d,&quot;88584.97 zł&quot;)" storage="c:\projekty\nunittestproject\bin\debug\netcoreapp3.1\nunittestproject.dll" id="acc05f4a-9abc-39e3-e875-400f69bcea41">
      <Execution id="46fa6ca3-5a23-4c7f-9177-2f9d2453145b" />
      <TestMethod codeBase="C:\Projekty\NUnitTestProject\bin\Debug\netcoreapp3.1\NUnitTestProject.dll" adapterTypeName="executor://nunit3testexecutor/" className="NUnitTestProject.CurrencyHelperTests" name="FormatToStringTest1000(88584.97010041306d,&quot;88584.97 zł&quot;)" />
    </UnitTest>
    <UnitTest name="FormatToStringTest1000(7951.322730072458d,&quot;7951.32 zł&quot;)" storage="c:\projekty\nunittestproject\bin\debug\netcoreapp3.1\nunittestproject.dll" id="92fd78dd-20f7-b708-0603-1911a96c9737">
      <Execution id="d27763b0-1142-4d7c-a06d-15c73c23be21" />
      <TestMethod codeBase="C:\Projekty\NUnitTestProject\bin\Debug\netcoreapp3.1\NUnitTestProject.dll" adapterTypeName="executor://nunit3testexecutor/" className="NUnitTestProject.CurrencyHelperTests" name="FormatToStringTest1000(7951.322730072458d,&quot;7951.32 zł&quot;)" />
    </UnitTest>
    <UnitTest name="FormatToStringTest1000(69864.17463991146d,&quot;69864.17 zł&quot;)" storage="c:\projekty\nunittestproject\bin\debug\netcoreapp3.1\nunittestproject.dll" id="f7f48920-cf43-fd74-5fcd-5b275d41553a">
      <Execution id="3561d769-de70-455c-bbbf-997fc49550f4" />
      <TestMethod codeBase="C:\Projekty\NUnitTestProject\bin\Debug\netcoreapp3.1\NUnitTestProject.dll" adapterTypeName="executor://nunit3testexecutor/" className="NUnitTestProject.CurrencyHelperTests" name="FormatToStringTest1000(69864.17463991146d,&quot;69864.17 zł&quot;)" />
    </UnitTest>
    <UnitTest name="FormatToStringTest1000(3092.9215945624383d,&quot;3092.92 zł&quot;)" storage="c:\projekty\nunittestproject\bin\debug\netcoreapp3.1\nunittestproject.dll" id="45d434bd-96d2-7ca0-c594-4cf5e3f89416">
      <Execution id="51e42457-0a9a-4361-8197-c6f584c62656" />
      <TestMethod codeBase="C:\Projekty\NUnitTestProject\bin\Debug\netcoreapp3.1\NUnitTestProject.dll" adapterTypeName="executor://nunit3testexecutor/" className="NUnitTestProject.CurrencyHelperTests" name="FormatToStringTest1000(3092.9215945624383d,&quot;3092.92 zł&quot;)" />
    </UnitTest>
    <UnitTest name="FormatToStringTest1000(30020.248557890412d,&quot;30020.25 zł&quot;)" storage="c:\projekty\nunittestproject\bin\debug\netcoreapp3.1\nunittestproject.dll" id="94726e39-ff6c-190e-418c-075986e08585">
      <Execution id="5e4c4520-1950-42dc-b6de-3c8425f3d5a5" />
      <TestMethod codeBase="C:\Projekty\NUnitTestProject\bin\Debug\netcoreapp3.1\NUnitTestProject.dll" adapterTypeName="executor://nunit3testexecutor/" className="NUnitTestProject.CurrencyHelperTests" name="FormatToStringTest1000(30020.248557890412d,&quot;30020.25 zł&quot;)" />
    </UnitTest>
    <UnitTest name="FormatToStringTest1000(5507.360659962688d,&quot;5507.36 zł&quot;)" storage="c:\projekty\nunittestproject\bin\debug\netcoreapp3.1\nunittestproject.dll" id="08b0137c-0bdc-e87f-be30-d8edbdf991c1">
      <Execution id="46dbfa0e-0d0f-4d76-902c-31d72a4a9ff7" />
      <TestMethod codeBase="C:\Projekty\NUnitTestProject\bin\Debug\netcoreapp3.1\NUnitTestProject.dll" adapterTypeName="executor://nunit3testexecutor/" className="NUnitTestProject.CurrencyHelperTests" name="FormatToStringTest1000(5507.360659962688d,&quot;5507.36 zł&quot;)" />
    </UnitTest>
    <UnitTest name="FormatToStringTest1000(7621.507806692509d,&quot;7621.51 zł&quot;)" storage="c:\projekty\nunittestproject\bin\debug\netcoreapp3.1\nunittestproject.dll" id="1ead85ed-9e84-e345-248b-37b2bb2fd57c">
      <Execution id="732301c0-c3ec-401f-a420-964063e42cdf" />
      <TestMethod codeBase="C:\Projekty\NUnitTestProject\bin\Debug\netcoreapp3.1\NUnitTestProject.dll" adapterTypeName="executor://nunit3testexecutor/" className="NUnitTestProject.CurrencyHelperTests" name="FormatToStringTest1000(7621.507806692509d,&quot;7621.51 zł&quot;)" />
    </UnitTest>
    <UnitTest name="FormatToStringTest1000(3477.860963622509d,&quot;3477.86 zł&quot;)" storage="c:\projekty\nunittestproject\bin\debug\netcoreapp3.1\nunittestproject.dll" id="bbce4fa8-10c7-16ce-b8b0-bbab48797f43">
      <Execution id="ade216e0-c513-4e8d-9775-8c47fd5492cd" />
      <TestMethod codeBase="C:\Projekty\NUnitTestProject\bin\Debug\netcoreapp3.1\NUnitTestProject.dll" adapterTypeName="executor://nunit3testexecutor/" className="NUnitTestProject.CurrencyHelperTests" name="FormatToStringTest1000(3477.860963622509d,&quot;3477.86 zł&quot;)" />
    </UnitTest>
    <UnitTest name="FormatToStringTest1000(1739.5853778997368d,&quot;1739.59 zł&quot;)" storage="c:\projekty\nunittestproject\bin\debug\netcoreapp3.1\nunittestproject.dll" id="4b28edc9-10aa-dd25-05d6-efbec430bd7a">
      <Execution id="145ba95c-d0b2-4275-aa7a-c5bb15fc3351" />
      <TestMethod codeBase="C:\Projekty\NUnitTestProject\bin\Debug\netcoreapp3.1\NUnitTestProject.dll" adapterTypeName="executor://nunit3testexecutor/" className="NUnitTestProject.CurrencyHelperTests" name="FormatToStringTest1000(1739.5853778997368d,&quot;1739.59 zł&quot;)" />
    </UnitTest>
    <UnitTest name="FormatToStringTest1000(4419.750844657306d,&quot;4419.75 zł&quot;)" storage="c:\projekty\nunittestproject\bin\debug\netcoreapp3.1\nunittestproject.dll" id="d2fc2ae7-e3b1-dc92-6628-90e5bb16c5d2">
      <Execution id="6d53f045-2990-42e5-b82b-0e0893111e50" />
      <TestMethod codeBase="C:\Projekty\NUnitTestProject\bin\Debug\netcoreapp3.1\NUnitTestProject.dll" adapterTypeName="executor://nunit3testexecutor/" className="NUnitTestProject.CurrencyHelperTests" name="FormatToStringTest1000(4419.750844657306d,&quot;4419.75 zł&quot;)" />
    </UnitTest>
    <UnitTest name="FormatToStringTest1000(181.3640542483721d,&quot;181.36 zł&quot;)" storage="c:\projekty\nunittestproject\bin\debug\netcoreapp3.1\nunittestproject.dll" id="b27808d6-4355-5292-3153-64fb93821ea0">
      <Execution id="6f9dba4c-705f-4397-9192-665d66e7b121" />
      <TestMethod codeBase="C:\Projekty\NUnitTestProject\bin\Debug\netcoreapp3.1\NUnitTestProject.dll" adapterTypeName="executor://nunit3testexecutor/" className="NUnitTestProject.CurrencyHelperTests" name="FormatToStringTest1000(181.3640542483721d,&quot;181.36 zł&quot;)" />
    </UnitTest>
    <UnitTest name="FormatToStringTest1000(272.5621069118204d,&quot;272.56 zł&quot;)" storage="c:\projekty\nunittestproject\bin\debug\netcoreapp3.1\nunittestproject.dll" id="04969f67-b379-916a-3275-e53bd0718ea4">
      <Execution id="d971efc9-e004-4ec5-82b9-870cc3138463" />
      <TestMethod codeBase="C:\Projekty\NUnitTestProject\bin\Debug\netcoreapp3.1\NUnitTestProject.dll" adapterTypeName="executor://nunit3testexecutor/" className="NUnitTestProject.CurrencyHelperTests" name="FormatToStringTest1000(272.5621069118204d,&quot;272.56 zł&quot;)" />
    </UnitTest>
    <UnitTest name="FormatToStringTest1000(30533.30031120838d,&quot;30533.30 zł&quot;)" storage="c:\projekty\nunittestproject\bin\debug\netcoreapp3.1\nunittestproject.dll" id="c6aaa130-65a2-a877-78a2-df837cd09244">
      <Execution id="559cebe0-45e3-4d1e-9cf7-b2a7c6af7398" />
      <TestMethod codeBase="C:\Projekty\NUnitTestProject\bin\Debug\netcoreapp3.1\NUnitTestProject.dll" adapterTypeName="executor://nunit3testexecutor/" className="NUnitTestProject.CurrencyHelperTests" name="FormatToStringTest1000(30533.30031120838d,&quot;30533.30 zł&quot;)" />
    </UnitTest>
    <UnitTest name="FormatToStringTest1000(317.9090540706688d,&quot;317.91 zł&quot;)" storage="c:\projekty\nunittestproject\bin\debug\netcoreapp3.1\nunittestproject.dll" id="a4b13a66-9eee-466b-b0fc-fbf88e46d5b1">
      <Execution id="851851b0-3456-4b16-9e8c-ba34a0444991" />
      <TestMethod codeBase="C:\Projekty\NUnitTestProject\bin\Debug\netcoreapp3.1\NUnitTestProject.dll" adapterTypeName="executor://nunit3testexecutor/" className="NUnitTestProject.CurrencyHelperTests" name="FormatToStringTest1000(317.9090540706688d,&quot;317.91 zł&quot;)" />
    </UnitTest>
    <UnitTest name="FormatToStringTest1000(63291.50274994015d,&quot;63291.50 zł&quot;)" storage="c:\projekty\nunittestproject\bin\debug\netcoreapp3.1\nunittestproject.dll" id="491de118-700b-88eb-ac68-d71ffdabe000">
      <Execution id="1c78e37c-3356-4e37-8cbe-dd7e27462a27" />
      <TestMethod codeBase="C:\Projekty\NUnitTestProject\bin\Debug\netcoreapp3.1\NUnitTestProject.dll" adapterTypeName="executor://nunit3testexecutor/" className="NUnitTestProject.CurrencyHelperTests" name="FormatToStringTest1000(63291.50274994015d,&quot;63291.50 zł&quot;)" />
    </UnitTest>
    <UnitTest name="FormatToStringTest1000(2346.9964869427477d,&quot;2347.00 zł&quot;)" storage="c:\projekty\nunittestproject\bin\debug\netcoreapp3.1\nunittestproject.dll" id="c54c0d26-3d52-7638-d0ec-e651814ad808">
      <Execution id="90584e61-a66f-4b5d-9d78-16e2c7088dc1" />
      <TestMethod codeBase="C:\Projekty\NUnitTestProject\bin\Debug\netcoreapp3.1\NUnitTestProject.dll" adapterTypeName="executor://nunit3testexecutor/" className="NUnitTestProject.CurrencyHelperTests" name="FormatToStringTest1000(2346.9964869427477d,&quot;2347.00 zł&quot;)" />
    </UnitTest>
    <UnitTest name="FormatToStringTest1000(66053.95451852398d,&quot;66053.95 zł&quot;)" storage="c:\projekty\nunittestproject\bin\debug\netcoreapp3.1\nunittestproject.dll" id="451dabd5-e4bb-ea9d-054e-87b0f58becfa">
      <Execution id="48b54e10-f258-4b1e-a10b-1052602b5473" />
      <TestMethod codeBase="C:\Projekty\NUnitTestProject\bin\Debug\netcoreapp3.1\NUnitTestProject.dll" adapterTypeName="executor://nunit3testexecutor/" className="NUnitTestProject.CurrencyHelperTests" name="FormatToStringTest1000(66053.95451852398d,&quot;66053.95 zł&quot;)" />
    </UnitTest>
    <UnitTest name="FormatToStringTest1000(748.6264857065987d,&quot;748.63 zł&quot;)" storage="c:\projekty\nunittestproject\bin\debug\netcoreapp3.1\nunittestproject.dll" id="1ea77442-f3cd-edae-4255-8405196cf08f">
      <Execution id="fa610a22-b115-496f-b461-ed23aece53f8" />
      <TestMethod codeBase="C:\Projekty\NUnitTestProject\bin\Debug\netcoreapp3.1\NUnitTestProject.dll" adapterTypeName="executor://nunit3testexecutor/" className="NUnitTestProject.CurrencyHelperTests" name="FormatToStringTest1000(748.6264857065987d,&quot;748.63 zł&quot;)" />
    </UnitTest>
    <UnitTest name="FormatToStringTest1000(29796.909338079815d,&quot;29796.91 zł&quot;)" storage="c:\projekty\nunittestproject\bin\debug\netcoreapp3.1\nunittestproject.dll" id="45e81eff-7762-2319-5d11-e20e90ac1295">
      <Execution id="f49b1765-c51d-46fe-96ba-156d05e6c9c6" />
      <TestMethod codeBase="C:\Projekty\NUnitTestProject\bin\Debug\netcoreapp3.1\NUnitTestProject.dll" adapterTypeName="executor://nunit3testexecutor/" className="NUnitTestProject.CurrencyHelperTests" name="FormatToStringTest1000(29796.909338079815d,&quot;29796.91 zł&quot;)" />
    </UnitTest>
    <UnitTest name="FormatToStringTest1000(20445.11280083149d,&quot;20445.11 zł&quot;)" storage="c:\projekty\nunittestproject\bin\debug\netcoreapp3.1\nunittestproject.dll" id="58ed8150-ee65-8df8-a854-bba06457b4da">
      <Execution id="89455b49-5869-4917-9ccc-e2d678c7a25d" />
      <TestMethod codeBase="C:\Projekty\NUnitTestProject\bin\Debug\netcoreapp3.1\NUnitTestProject.dll" adapterTypeName="executor://nunit3testexecutor/" className="NUnitTestProject.CurrencyHelperTests" name="FormatToStringTest1000(20445.11280083149d,&quot;20445.11 zł&quot;)" />
    </UnitTest>
    <UnitTest name="FormatToStringTest1000(33601.357302459124d,&quot;33601.36 zł&quot;)" storage="c:\projekty\nunittestproject\bin\debug\netcoreapp3.1\nunittestproject.dll" id="4981a909-3e1a-e6df-4bdc-c1e8e4928845">
      <Execution id="9c794b3c-2d33-4ebc-aac0-2a2c6f772969" />
      <TestMethod codeBase="C:\Projekty\NUnitTestProject\bin\Debug\netcoreapp3.1\NUnitTestProject.dll" adapterTypeName="executor://nunit3testexecutor/" className="NUnitTestProject.CurrencyHelperTests" name="FormatToStringTest1000(33601.357302459124d,&quot;33601.36 zł&quot;)" />
    </UnitTest>
    <UnitTest name="FormatToStringTest1000(17098.491445727876d,&quot;17098.49 zł&quot;)" storage="c:\projekty\nunittestproject\bin\debug\netcoreapp3.1\nunittestproject.dll" id="a3cd1e56-7e87-cbfe-4696-2cfc61bd79f6">
      <Execution id="93082cb1-e97f-41c4-891d-ccf759f5e2cb" />
      <TestMethod codeBase="C:\Projekty\NUnitTestProject\bin\Debug\netcoreapp3.1\NUnitTestProject.dll" adapterTypeName="executor://nunit3testexecutor/" className="NUnitTestProject.CurrencyHelperTests" name="FormatToStringTest1000(17098.491445727876d,&quot;17098.49 zł&quot;)" />
    </UnitTest>
    <UnitTest name="FormatToStringTest1000(4669.392596858271d,&quot;4669.39 zł&quot;)" storage="c:\projekty\nunittestproject\bin\debug\netcoreapp3.1\nunittestproject.dll" id="deeaa6b3-3ff5-0109-60b8-733b4bfcf2d5">
      <Execution id="f815e9d3-93d0-44fb-869b-66e1b0c07a50" />
      <TestMethod codeBase="C:\Projekty\NUnitTestProject\bin\Debug\netcoreapp3.1\NUnitTestProject.dll" adapterTypeName="executor://nunit3testexecutor/" className="NUnitTestProject.CurrencyHelperTests" name="FormatToStringTest1000(4669.392596858271d,&quot;4669.39 zł&quot;)" />
    </UnitTest>
    <UnitTest name="FormatToStringTest1000(29474.095826699442d,&quot;29474.10 zł&quot;)" storage="c:\projekty\nunittestproject\bin\debug\netcoreapp3.1\nunittestproject.dll" id="8d93f248-c3e9-e97f-b3e2-6491b331020f">
      <Execution id="47b75e64-038b-4346-82c5-8c8dcac218e9" />
      <TestMethod codeBase="C:\Projekty\NUnitTestProject\bin\Debug\netcoreapp3.1\NUnitTestProject.dll" adapterTypeName="executor://nunit3testexecutor/" className="NUnitTestProject.CurrencyHelperTests" name="FormatToStringTest1000(29474.095826699442d,&quot;29474.10 zł&quot;)" />
    </UnitTest>
    <UnitTest name="FormatToStringTest1000(658.7555888573431d,&quot;658.76 zł&quot;)" storage="c:\projekty\nunittestproject\bin\debug\netcoreapp3.1\nunittestproject.dll" id="ddd788b7-fa29-d0c9-c87b-c6974b37dc7d">
      <Execution id="00cc73cb-7af7-4972-be04-2885f6bd2f90" />
      <TestMethod codeBase="C:\Projekty\NUnitTestProject\bin\Debug\netcoreapp3.1\NUnitTestProject.dll" adapterTypeName="executor://nunit3testexecutor/" className="NUnitTestProject.CurrencyHelperTests" name="FormatToStringTest1000(658.7555888573431d,&quot;658.76 zł&quot;)" />
    </UnitTest>
    <UnitTest name="FormatToStringTest1000(12641.700665183225d,&quot;12641.70 zł&quot;)" storage="c:\projekty\nunittestproject\bin\debug\netcoreapp3.1\nunittestproject.dll" id="942f2440-35ec-8291-0e34-266a90087e97">
      <Execution id="90ff57db-93f8-4b1c-9c9b-06bfa240201a" />
      <TestMethod codeBase="C:\Projekty\NUnitTestProject\bin\Debug\netcoreapp3.1\NUnitTestProject.dll" adapterTypeName="executor://nunit3testexecutor/" className="NUnitTestProject.CurrencyHelperTests" name="FormatToStringTest1000(12641.700665183225d,&quot;12641.70 zł&quot;)" />
    </UnitTest>
    <UnitTest name="FormatToStringTest1000(11584.045280779732d,&quot;11584.05 zł&quot;)" storage="c:\projekty\nunittestproject\bin\debug\netcoreapp3.1\nunittestproject.dll" id="b8f799c6-5cbe-3da8-b8f8-1ee56d7fcf02">
      <Execution id="9aa4033f-6f6e-4376-a7d0-c1b8835d2aea" />
      <TestMethod codeBase="C:\Projekty\NUnitTestProject\bin\Debug\netcoreapp3.1\NUnitTestProject.dll" adapterTypeName="executor://nunit3testexecutor/" className="NUnitTestProject.CurrencyHelperTests" name="FormatToStringTest1000(11584.045280779732d,&quot;11584.05 zł&quot;)" />
    </UnitTest>
    <UnitTest name="FormatToStringTest1000(48084.94422955389d,&quot;48084.94 zł&quot;)" storage="c:\projekty\nunittestproject\bin\debug\netcoreapp3.1\nunittestproject.dll" id="91285e79-b6fd-7585-384e-bbf4da4c2bcd">
      <Execution id="5ad8e5f4-0434-47f7-a8af-d9c621ca741c" />
      <TestMethod codeBase="C:\Projekty\NUnitTestProject\bin\Debug\netcoreapp3.1\NUnitTestProject.dll" adapterTypeName="executor://nunit3testexecutor/" className="NUnitTestProject.CurrencyHelperTests" name="FormatToStringTest1000(48084.94422955389d,&quot;48084.94 zł&quot;)" />
    </UnitTest>
    <UnitTest name="FormatToStringTest1000(38253.101637909705d,&quot;38253.10 zł&quot;)" storage="c:\projekty\nunittestproject\bin\debug\netcoreapp3.1\nunittestproject.dll" id="e38d99c7-c0fe-6520-2d4e-c3d7dce714b0">
      <Execution id="f3e46d95-7545-449c-8bc6-5fb71ec44328" />
      <TestMethod codeBase="C:\Projekty\NUnitTestProject\bin\Debug\netcoreapp3.1\NUnitTestProject.dll" adapterTypeName="executor://nunit3testexecutor/" className="NUnitTestProject.CurrencyHelperTests" name="FormatToStringTest1000(38253.101637909705d,&quot;38253.10 zł&quot;)" />
    </UnitTest>
    <UnitTest name="FormatToStringTest1000(17315.72309779363d,&quot;17315.72 zł&quot;)" storage="c:\projekty\nunittestproject\bin\debug\netcoreapp3.1\nunittestproject.dll" id="3303c520-a64a-555f-afb5-ac27a0847525">
      <Execution id="652015c2-aff3-40f0-9d6f-f83e89c01a29" />
      <TestMethod codeBase="C:\Projekty\NUnitTestProject\bin\Debug\netcoreapp3.1\NUnitTestProject.dll" adapterTypeName="executor://nunit3testexecutor/" className="NUnitTestProject.CurrencyHelperTests" name="FormatToStringTest1000(17315.72309779363d,&quot;17315.72 zł&quot;)" />
    </UnitTest>
    <UnitTest name="FormatToStringTest1000(77904.0088552246d,&quot;77904.01 zł&quot;)" storage="c:\projekty\nunittestproject\bin\debug\netcoreapp3.1\nunittestproject.dll" id="333dd064-5f53-dea9-59e8-b7071262f9e7">
      <Execution id="73f4afdc-15aa-4288-a209-e186d9aaeb72" />
      <TestMethod codeBase="C:\Projekty\NUnitTestProject\bin\Debug\netcoreapp3.1\NUnitTestProject.dll" adapterTypeName="executor://nunit3testexecutor/" className="NUnitTestProject.CurrencyHelperTests" name="FormatToStringTest1000(77904.0088552246d,&quot;77904.01 zł&quot;)" />
    </UnitTest>
    <UnitTest name="FormatToStringTest1000(15080.274618567097d,&quot;15080.27 zł&quot;)" storage="c:\projekty\nunittestproject\bin\debug\netcoreapp3.1\nunittestproject.dll" id="45b47e45-8abc-9102-029a-0eb6ca1d5e58">
      <Execution id="a46ce329-a183-4bfa-bd4f-cac4d79071f2" />
      <TestMethod codeBase="C:\Projekty\NUnitTestProject\bin\Debug\netcoreapp3.1\NUnitTestProject.dll" adapterTypeName="executor://nunit3testexecutor/" className="NUnitTestProject.CurrencyHelperTests" name="FormatToStringTest1000(15080.274618567097d,&quot;15080.27 zł&quot;)" />
    </UnitTest>
    <UnitTest name="FormatToStringTest1000(6417.5922460628635d,&quot;6417.59 zł&quot;)" storage="c:\projekty\nunittestproject\bin\debug\netcoreapp3.1\nunittestproject.dll" id="8237afc1-9210-54d8-45bd-84bf26e08f89">
      <Execution id="e463df91-5d0e-4d43-a3b8-2c2b6116d592" />
      <TestMethod codeBase="C:\Projekty\NUnitTestProject\bin\Debug\netcoreapp3.1\NUnitTestProject.dll" adapterTypeName="executor://nunit3testexecutor/" className="NUnitTestProject.CurrencyHelperTests" name="FormatToStringTest1000(6417.5922460628635d,&quot;6417.59 zł&quot;)" />
    </UnitTest>
    <UnitTest name="FormatToStringTest1000(75915.01943546813d,&quot;75915.02 zł&quot;)" storage="c:\projekty\nunittestproject\bin\debug\netcoreapp3.1\nunittestproject.dll" id="37887ca9-f36b-5081-1e8a-5e4e1fff4e53">
      <Execution id="34a6db56-9571-4e19-a1e1-dd3cac46d115" />
      <TestMethod codeBase="C:\Projekty\NUnitTestProject\bin\Debug\netcoreapp3.1\NUnitTestProject.dll" adapterTypeName="executor://nunit3testexecutor/" className="NUnitTestProject.CurrencyHelperTests" name="FormatToStringTest1000(75915.01943546813d,&quot;75915.02 zł&quot;)" />
    </UnitTest>
    <UnitTest name="FormatToStringTest1000(1613.6903705837626d,&quot;1613.69 zł&quot;)" storage="c:\projekty\nunittestproject\bin\debug\netcoreapp3.1\nunittestproject.dll" id="fecd618d-f97f-f547-1637-5166bd092d76">
      <Execution id="154f6e03-5077-476d-a0de-66749d64726a" />
      <TestMethod codeBase="C:\Projekty\NUnitTestProject\bin\Debug\netcoreapp3.1\NUnitTestProject.dll" adapterTypeName="executor://nunit3testexecutor/" className="NUnitTestProject.CurrencyHelperTests" name="FormatToStringTest1000(1613.6903705837626d,&quot;1613.69 zł&quot;)" />
    </UnitTest>
    <UnitTest name="FormatToStringTest1000(52810.91713865516d,&quot;52810.92 zł&quot;)" storage="c:\projekty\nunittestproject\bin\debug\netcoreapp3.1\nunittestproject.dll" id="b34ac9b1-7b20-291d-6caf-28aeffc4e30f">
      <Execution id="256f0b3e-fb84-4311-9cb1-537efcaf0bd2" />
      <TestMethod codeBase="C:\Projekty\NUnitTestProject\bin\Debug\netcoreapp3.1\NUnitTestProject.dll" adapterTypeName="executor://nunit3testexecutor/" className="NUnitTestProject.CurrencyHelperTests" name="FormatToStringTest1000(52810.91713865516d,&quot;52810.92 zł&quot;)" />
    </UnitTest>
    <UnitTest name="FormatToStringTest1000(34458.5406463512d,&quot;34458.54 zł&quot;)" storage="c:\projekty\nunittestproject\bin\debug\netcoreapp3.1\nunittestproject.dll" id="a35c67b3-dcd5-5426-949a-a2a9a2f95735">
      <Execution id="c7e4221d-d1c4-47b2-80aa-14e725c8769f" />
      <TestMethod codeBase="C:\Projekty\NUnitTestProject\bin\Debug\netcoreapp3.1\NUnitTestProject.dll" adapterTypeName="executor://nunit3testexecutor/" className="NUnitTestProject.CurrencyHelperTests" name="FormatToStringTest1000(34458.5406463512d,&quot;34458.54 zł&quot;)" />
    </UnitTest>
    <UnitTest name="FormatToStringTest1000(823.2747994560166d,&quot;823.27 zł&quot;)" storage="c:\projekty\nunittestproject\bin\debug\netcoreapp3.1\nunittestproject.dll" id="a6878771-c471-f5b9-95dc-467df24cdd5b">
      <Execution id="a783c540-7131-4e54-9ed8-26f0a8faeb37" />
      <TestMethod codeBase="C:\Projekty\NUnitTestProject\bin\Debug\netcoreapp3.1\NUnitTestProject.dll" adapterTypeName="executor://nunit3testexecutor/" className="NUnitTestProject.CurrencyHelperTests" name="FormatToStringTest1000(823.2747994560166d,&quot;823.27 zł&quot;)" />
    </UnitTest>
    <UnitTest name="FormatToStringTest1000(42383.08993972982d,&quot;42383.09 zł&quot;)" storage="c:\projekty\nunittestproject\bin\debug\netcoreapp3.1\nunittestproject.dll" id="6b78f8da-fc12-62dc-9f88-c5e10a98f007">
      <Execution id="f95f4db4-f584-4793-af91-7f47ca588693" />
      <TestMethod codeBase="C:\Projekty\NUnitTestProject\bin\Debug\netcoreapp3.1\NUnitTestProject.dll" adapterTypeName="executor://nunit3testexecutor/" className="NUnitTestProject.CurrencyHelperTests" name="FormatToStringTest1000(42383.08993972982d,&quot;42383.09 zł&quot;)" />
    </UnitTest>
    <UnitTest name="FormatToStringTest1000(7890.044272348771d,&quot;7890.04 zł&quot;)" storage="c:\projekty\nunittestproject\bin\debug\netcoreapp3.1\nunittestproject.dll" id="fd8f048e-524e-5d70-1d66-0ffeb121313b">
      <Execution id="4a66b3d4-24b9-452d-a744-3704e3242694" />
      <TestMethod codeBase="C:\Projekty\NUnitTestProject\bin\Debug\netcoreapp3.1\NUnitTestProject.dll" adapterTypeName="executor://nunit3testexecutor/" className="NUnitTestProject.CurrencyHelperTests" name="FormatToStringTest1000(7890.044272348771d,&quot;7890.04 zł&quot;)" />
    </UnitTest>
  </TestDefinitions>
  <TestEntries>
    <TestEntry testId="b643553f-2706-197d-9fb1-e9b050657f08" executionId="d8e6e78f-9c7a-4673-b8d1-8b59fc82cabd" testListId="8c84fa94-04c1-424b-9868-57a2d4851a1d" />
    <TestEntry testId="a4acc92f-0c67-48bb-4524-7ef3c007ffb4" executionId="5390c096-5b3a-44d8-b14d-d9bf63efc59b" testListId="8c84fa94-04c1-424b-9868-57a2d4851a1d" />
    <TestEntry testId="47ec5c64-268b-824f-d637-17f43470b17c" executionId="7e54823a-e06d-4dfa-9eec-f0c38953f5f0" testListId="8c84fa94-04c1-424b-9868-57a2d4851a1d" />
    <TestEntry testId="5bdb1fb9-c083-a878-8185-d4ef40939b65" executionId="e53fafb9-b40e-4989-bb94-b621275b0b99" testListId="8c84fa94-04c1-424b-9868-57a2d4851a1d" />
    <TestEntry testId="f574d6b5-d94c-508a-c127-7bce3d4f82e8" executionId="2c91593e-3ffc-45ce-acad-f8e4f099b087" testListId="8c84fa94-04c1-424b-9868-57a2d4851a1d" />
    <TestEntry testId="527d41f4-ee35-aeed-39d2-777e78659af8" executionId="0468b10d-16e0-4c7d-a8de-b2d19d8ed785" testListId="8c84fa94-04c1-424b-9868-57a2d4851a1d" />
    <TestEntry testId="d010d6f6-5302-e7a6-bd9d-f255dac3cdb8" executionId="005884ce-5277-4ee8-8ab1-ddbab0f5c236" testListId="8c84fa94-04c1-424b-9868-57a2d4851a1d" />
    <TestEntry testId="a6a973e9-da68-b082-10c2-5aa132fd4e6b" executionId="a78531fa-3d10-4b82-be91-16e049ec694f" testListId="8c84fa94-04c1-424b-9868-57a2d4851a1d" />
    <TestEntry testId="21347641-7dc3-6035-5dfd-bb1ac2ae1b73" executionId="80b13e3f-9a87-450f-938e-1313c97d1412" testListId="8c84fa94-04c1-424b-9868-57a2d4851a1d" />
    <TestEntry testId="d147ccf7-2e90-d95d-62de-1759c3690066" executionId="0a6f38ce-18be-4b13-8f46-40e33e41cc78" testListId="8c84fa94-04c1-424b-9868-57a2d4851a1d" />
    <TestEntry testId="85867aba-850c-5842-e811-a641ca5889cf" executionId="8724c5fb-dd2e-4576-ae27-6684f34e9f53" testListId="8c84fa94-04c1-424b-9868-57a2d4851a1d" />
    <TestEntry testId="ae5c211a-4af1-929a-38fa-5c9b4f30973f" executionId="01a074a9-44cd-42ec-8f69-0802d86336e0" testListId="8c84fa94-04c1-424b-9868-57a2d4851a1d" />
    <TestEntry testId="8951be4f-c5d7-21a4-85c8-2fc370bed815" executionId="77c70f55-e270-476e-9245-cc6579dee4b6" testListId="8c84fa94-04c1-424b-9868-57a2d4851a1d" />
    <TestEntry testId="45e81eff-7762-2319-5d11-e20e90ac1295" executionId="f49b1765-c51d-46fe-96ba-156d05e6c9c6" testListId="8c84fa94-04c1-424b-9868-57a2d4851a1d" />
    <TestEntry testId="0a65341a-9de3-344f-781f-a38c0f56cbef" executionId="23d723ce-d75f-4659-b4a2-831b127a3b66" testListId="8c84fa94-04c1-424b-9868-57a2d4851a1d" />
    <TestEntry testId="86ff0f06-37e1-737e-28e1-e4da0cef4001" executionId="7055a9ed-2b58-48e5-88c9-0526f6f8ff64" testListId="8c84fa94-04c1-424b-9868-57a2d4851a1d" />
    <TestEntry testId="a50649ef-585c-8158-fd90-9ac54f51f860" executionId="99dd667a-c8bc-494c-b478-54e330c6a9c0" testListId="8c84fa94-04c1-424b-9868-57a2d4851a1d" />
    <TestEntry testId="28c068cc-4f93-bf31-670a-7f0717946001" executionId="a746498a-509a-4595-9f52-6db4afed761f" testListId="8c84fa94-04c1-424b-9868-57a2d4851a1d" />
    <TestEntry testId="617c3175-15cb-3321-36a3-871fc366b75b" executionId="0387bf49-bf12-40f1-b2c6-041678ab0586" testListId="8c84fa94-04c1-424b-9868-57a2d4851a1d" />
    <TestEntry testId="7e773498-17b4-9b46-23f5-2783933d2759" executionId="780a2b32-2b74-40db-aca6-85be19799f4d" testListId="8c84fa94-04c1-424b-9868-57a2d4851a1d" />
    <TestEntry testId="712c2678-6c5e-0050-868a-1155d0b4fa06" executionId="181db569-0388-42e6-9385-81bbf9888030" testListId="8c84fa94-04c1-424b-9868-57a2d4851a1d" />
    <TestEntry testId="af9ae316-c7c6-6ac6-11c1-298dd9b256df" executionId="eccd1f91-3d5c-480b-8e20-c4831304f0ff" testListId="8c84fa94-04c1-424b-9868-57a2d4851a1d" />
    <TestEntry testId="513b5d8b-983e-b793-a988-3659c0ad4956" executionId="b3e3a535-b6b7-4c88-81b2-9af04d1b4e00" testListId="8c84fa94-04c1-424b-9868-57a2d4851a1d" />
    <TestEntry testId="f7364d60-2df0-c5fc-137c-b9b46fcd6fe9" executionId="d9126038-5632-4efe-8903-6846800f846b" testListId="8c84fa94-04c1-424b-9868-57a2d4851a1d" />
    <TestEntry testId="fc250b23-71a0-c4eb-52eb-8cd889ac9f85" executionId="f0586aab-0665-4ad3-abff-d1be17e40e10" testListId="8c84fa94-04c1-424b-9868-57a2d4851a1d" />
    <TestEntry testId="bd80c668-2405-22c1-740d-ec63dfd58306" executionId="00110a4d-e570-4e8a-b827-93c628e2fa61" testListId="8c84fa94-04c1-424b-9868-57a2d4851a1d" />
    <TestEntry testId="0ea957ac-53f2-c077-4d23-d56d0a5f77c4" executionId="c7f7d7b4-311e-4bb1-b878-209aea02573d" testListId="8c84fa94-04c1-424b-9868-57a2d4851a1d" />
    <TestEntry testId="255f4f6e-1bfc-cdd8-fb29-a1f4f034b89a" executionId="46726464-d9e0-45fe-83c4-55ab30ca83f8" testListId="8c84fa94-04c1-424b-9868-57a2d4851a1d" />
    <TestEntry testId="4e59f6e9-d495-6f3f-64b9-ac28a5eaac72" executionId="cf2068dc-64da-442e-bca3-c6a40a936c23" testListId="8c84fa94-04c1-424b-9868-57a2d4851a1d" />
    <TestEntry testId="becea41b-b5f7-1be9-14b7-7b47b08d6269" executionId="7c4d1807-76bf-4c93-90a2-47fc57d8d9de" testListId="8c84fa94-04c1-424b-9868-57a2d4851a1d" />
    <TestEntry testId="0736f335-702e-d9c8-77f1-e0501c90e917" executionId="c5d2cede-1786-4256-9665-c8d8798d2bc0" testListId="8c84fa94-04c1-424b-9868-57a2d4851a1d" />
    <TestEntry testId="032648fc-0fdc-1a5c-ef88-d85403381c03" executionId="e3a4f34c-d97b-4ef8-89d1-4f9873dad349" testListId="8c84fa94-04c1-424b-9868-57a2d4851a1d" />
    <TestEntry testId="04eed3c3-572e-20dc-ebe7-5f007fb379ab" executionId="df033120-4267-42f5-895f-03ce2651585e" testListId="8c84fa94-04c1-424b-9868-57a2d4851a1d" />
    <TestEntry testId="88670780-e590-ffb1-3bdf-7b575a4d5fc5" executionId="681110bc-c49b-41dd-8952-a6ef9ff9c2a7" testListId="8c84fa94-04c1-424b-9868-57a2d4851a1d" />
    <TestEntry testId="66cfeda0-e2cf-f1fc-0d88-eef5b227e59f" executionId="56a0d816-beec-4ceb-9617-3a124e328c4c" testListId="8c84fa94-04c1-424b-9868-57a2d4851a1d" />
    <TestEntry testId="b3d20388-ddfe-493d-dfad-f423fc621b48" executionId="019adf75-6d21-4193-854b-3e4a1a6153e7" testListId="8c84fa94-04c1-424b-9868-57a2d4851a1d" />
    <TestEntry testId="7a70b4a3-dd05-b389-f6ee-af27102364f5" executionId="ca6a5737-2d71-484c-924b-44503d48df4f" testListId="8c84fa94-04c1-424b-9868-57a2d4851a1d" />
    <TestEntry testId="47e7ec55-4391-8546-d1c3-fb5db01a41e8" executionId="5226c8c3-a942-47dd-a717-ec57b124c3fd" testListId="8c84fa94-04c1-424b-9868-57a2d4851a1d" />
    <TestEntry testId="9006b827-71f8-1e68-78c8-d64e06e75b19" executionId="1b7171ff-cc4e-4839-ae2e-84048747d289" testListId="8c84fa94-04c1-424b-9868-57a2d4851a1d" />
    <TestEntry testId="05be2e04-a7a4-ec81-8b2e-19e4e2cd04d0" executionId="8d31fc2f-73f6-4753-851a-6819efd429e5" testListId="8c84fa94-04c1-424b-9868-57a2d4851a1d" />
    <TestEntry testId="9a4a7396-bc43-f3a9-c62c-07975736bde6" executionId="a3592b03-c107-495c-9f02-04594b4de705" testListId="8c84fa94-04c1-424b-9868-57a2d4851a1d" />
    <TestEntry testId="9ef22620-233d-af50-c838-ed1dcd20ddc6" executionId="eff4ff00-e22e-4ff4-b2bb-3cb5151e60a5" testListId="8c84fa94-04c1-424b-9868-57a2d4851a1d" />
    <TestEntry testId="9ee728ab-0056-dd90-bcfe-6425ccab758e" executionId="f6bd18b5-bf09-4ced-9fdd-e30bae307e0e" testListId="8c84fa94-04c1-424b-9868-57a2d4851a1d" />
    <TestEntry testId="04708542-086d-f6f2-88c4-fe541ab1cd55" executionId="ecd5862f-60f2-494b-88f4-905ade2e8f02" testListId="8c84fa94-04c1-424b-9868-57a2d4851a1d" />
    <TestEntry testId="32711e52-56ae-2f9f-7aac-180402232486" executionId="dc98e23f-06c2-4c7a-972e-e0d2f84e3ab0" testListId="8c84fa94-04c1-424b-9868-57a2d4851a1d" />
    <TestEntry testId="b1be5e34-279b-4416-5a52-95321e0442b4" executionId="34edce9c-eacf-4f28-be84-85735cb96658" testListId="8c84fa94-04c1-424b-9868-57a2d4851a1d" />
    <TestEntry testId="b1699ce8-743c-1964-eb7b-2aa310ecbb21" executionId="d541d595-f35b-4f84-8b79-91bb8d0289be" testListId="8c84fa94-04c1-424b-9868-57a2d4851a1d" />
    <TestEntry testId="3e825b25-6db1-d72d-ab5d-475a3a46b642" executionId="25af791c-57b6-4405-85e5-55a254ec12ee" testListId="8c84fa94-04c1-424b-9868-57a2d4851a1d" />
    <TestEntry testId="b8f799c6-5cbe-3da8-b8f8-1ee56d7fcf02" executionId="9aa4033f-6f6e-4376-a7d0-c1b8835d2aea" testListId="8c84fa94-04c1-424b-9868-57a2d4851a1d" />
    <TestEntry testId="d29aa2a9-a943-d583-f9f3-c1d6c5281005" executionId="8cffd366-12da-4f84-8b0e-d0e799728834" testListId="8c84fa94-04c1-424b-9868-57a2d4851a1d" />
    <TestEntry testId="0741a97b-fe60-742a-1f50-b38d8a9cae33" executionId="0a601ce3-d803-4800-9852-c7dca9ff67f0" testListId="8c84fa94-04c1-424b-9868-57a2d4851a1d" />
    <TestEntry testId="20eba454-047b-5e64-79ba-74e9397a20a4" executionId="2fa5fc89-4000-453c-b18b-2cca249b8476" testListId="8c84fa94-04c1-424b-9868-57a2d4851a1d" />
    <TestEntry testId="90ee7706-be86-d0d9-20c4-74ab6a1f60b7" executionId="8ed98a72-81f1-43f5-b604-012620f5f8ce" testListId="8c84fa94-04c1-424b-9868-57a2d4851a1d" />
    <TestEntry testId="e84b36e7-4f40-fa31-8ed6-b8aea0f7b95d" executionId="9d22c41f-2469-4e47-a46a-5921c9e39b43" testListId="8c84fa94-04c1-424b-9868-57a2d4851a1d" />
    <TestEntry testId="e0f11812-ae84-56fe-380e-aa4471665fb8" executionId="6783765a-65fd-4bd8-b3c5-3bc0fbc41e86" testListId="8c84fa94-04c1-424b-9868-57a2d4851a1d" />
    <TestEntry testId="5fffab77-5cc8-a871-bcdb-d0b800ab8840" executionId="22a2c021-5364-4f47-a1ef-972356f58055" testListId="8c84fa94-04c1-424b-9868-57a2d4851a1d" />
    <TestEntry testId="7be4f16e-73d9-91a8-2b92-68f269673cb9" executionId="4610d8f3-fa5f-4edf-bf05-5cff6b9a6aad" testListId="8c84fa94-04c1-424b-9868-57a2d4851a1d" />
    <TestEntry testId="fa8e579d-d6a8-b37b-9cf1-3c38331f528e" executionId="487c1c1f-41bc-41f6-ad6c-f79fa6cef592" testListId="8c84fa94-04c1-424b-9868-57a2d4851a1d" />
    <TestEntry testId="a847ffac-041e-82ae-b13a-0b82098799e8" executionId="e3961d99-c802-43bc-a808-0f4897b501c4" testListId="8c84fa94-04c1-424b-9868-57a2d4851a1d" />
    <TestEntry testId="9cef29cf-98fb-f211-5054-ae4d42774e1f" executionId="9e72e6a5-c5e1-4824-9c4c-69eebd8876e5" testListId="8c84fa94-04c1-424b-9868-57a2d4851a1d" />
    <TestEntry testId="c6ae4b68-49e1-d669-439e-3d0b7ef0cea4" executionId="0e3555e2-a95f-450b-baa8-f7934f98eb92" testListId="8c84fa94-04c1-424b-9868-57a2d4851a1d" />
    <TestEntry testId="2b003fb3-b141-e2a9-bad9-fff43705ee9e" executionId="e746dac1-2e8b-4988-94f5-d7e82b7be8a6" testListId="8c84fa94-04c1-424b-9868-57a2d4851a1d" />
    <TestEntry testId="3d581e6e-ac62-d984-1637-f1fef62a5597" executionId="485295a3-1178-4dee-9ae0-05e6a6ed2887" testListId="8c84fa94-04c1-424b-9868-57a2d4851a1d" />
    <TestEntry testId="712f5c64-914a-8747-dac9-aeb72d33838f" executionId="e991d3a9-bf5a-41c9-8f18-1ddf3e8ee884" testListId="8c84fa94-04c1-424b-9868-57a2d4851a1d" />
    <TestEntry testId="a6878771-c471-f5b9-95dc-467df24cdd5b" executionId="a783c540-7131-4e54-9ed8-26f0a8faeb37" testListId="8c84fa94-04c1-424b-9868-57a2d4851a1d" />
    <TestEntry testId="d26e5e0e-e63b-6a1f-1d40-d2dc8692bbaf" executionId="3acfc197-cec7-4dd4-80a8-bc86781afd90" testListId="8c84fa94-04c1-424b-9868-57a2d4851a1d" />
    <TestEntry testId="ac23e196-8a79-cb67-41ad-c8975a08f154" executionId="5eac520e-e94c-4099-9033-4e22e1becacd" testListId="8c84fa94-04c1-424b-9868-57a2d4851a1d" />
    <TestEntry testId="6fa66cd3-3174-5023-d80b-ce9981bfadfc" executionId="35b3656c-795e-4783-a02f-1fe90debfe8e" testListId="8c84fa94-04c1-424b-9868-57a2d4851a1d" />
    <TestEntry testId="6d4f36db-ef1e-952d-7dfb-29f4be4b6ca7" executionId="d206263a-94a6-476b-9b1b-735bd90da15f" testListId="8c84fa94-04c1-424b-9868-57a2d4851a1d" />
    <TestEntry testId="7904b819-04ff-ce91-7814-899d505d8f94" executionId="32ac93f4-614b-4278-951d-f237edbbc3c5" testListId="8c84fa94-04c1-424b-9868-57a2d4851a1d" />
    <TestEntry testId="f40cda09-c7b2-157d-533a-1e4833860e01" executionId="f4f527f8-b09f-4017-92bf-ca6abed17808" testListId="8c84fa94-04c1-424b-9868-57a2d4851a1d" />
    <TestEntry testId="b1d26b6f-e2ab-c7af-55d4-4d9f04f43eca" executionId="75705aff-df15-49ce-9a08-709be6edbade" testListId="8c84fa94-04c1-424b-9868-57a2d4851a1d" />
    <TestEntry testId="4593d3e0-40c6-d633-5fcd-f61df33025dc" executionId="41f81c0f-bfbe-4db6-bdb2-fe7264184e6c" testListId="8c84fa94-04c1-424b-9868-57a2d4851a1d" />
    <TestEntry testId="b707b6dd-6efb-76f3-be89-5a3ace5192c9" executionId="71435d48-db9e-4d90-900d-f5844f6fa54b" testListId="8c84fa94-04c1-424b-9868-57a2d4851a1d" />
    <TestEntry testId="50412f91-cd15-dc69-c1d6-5d9dbd95d4af" executionId="34b79501-aaaf-43ae-ab9c-41501be20bd3" testListId="8c84fa94-04c1-424b-9868-57a2d4851a1d" />
    <TestEntry testId="b2708039-2d5c-fb09-5f56-062d0cb9067a" executionId="f0146d40-c1af-4a90-9824-454d4d4863e8" testListId="8c84fa94-04c1-424b-9868-57a2d4851a1d" />
    <TestEntry testId="d7f71e56-89f1-ca12-7436-85c71867f730" executionId="690ffc1d-b5bf-4e08-a06d-2b95f461be54" testListId="8c84fa94-04c1-424b-9868-57a2d4851a1d" />
    <TestEntry testId="04b5ae4a-9995-af19-61fb-019921680928" executionId="390bebbc-2d0e-416a-809f-5310bfcf7a12" testListId="8c84fa94-04c1-424b-9868-57a2d4851a1d" />
    <TestEntry testId="af79a348-5fb3-03eb-c3ed-5bb2185640a5" executionId="9cc30d53-d0bc-4532-8be5-62282679d197" testListId="8c84fa94-04c1-424b-9868-57a2d4851a1d" />
    <TestEntry testId="5ec8d008-0362-0f87-55a5-ff4397c5ceeb" executionId="29cfee6d-55dc-493c-98c8-869c132a5375" testListId="8c84fa94-04c1-424b-9868-57a2d4851a1d" />
    <TestEntry testId="a3a785ff-5f15-1809-0327-13b742192f57" executionId="0ae4ff3e-6b0b-4ca5-8e38-81ad95825639" testListId="8c84fa94-04c1-424b-9868-57a2d4851a1d" />
    <TestEntry testId="3c433d09-bfc8-05ae-376b-cff8f69161af" executionId="3461ad93-5f14-4ca9-a512-638d6fbef9b2" testListId="8c84fa94-04c1-424b-9868-57a2d4851a1d" />
    <TestEntry testId="bb5a2e9a-5cdb-f48d-dc56-2c3c111c851a" executionId="ba9e3b75-ee26-4802-9c7b-2970db8a50d4" testListId="8c84fa94-04c1-424b-9868-57a2d4851a1d" />
    <TestEntry testId="c2c62cce-7606-0af4-5c6b-a30ffe30b4ea" executionId="60c9bac0-34ee-4b75-9865-b07eceeb0eb4" testListId="8c84fa94-04c1-424b-9868-57a2d4851a1d" />
    <TestEntry testId="73a1abc1-28a4-b23c-9ff3-4e27cf222dab" executionId="25538897-6d7e-42bd-9adc-84b8bcb93416" testListId="8c84fa94-04c1-424b-9868-57a2d4851a1d" />
    <TestEntry testId="7d9a319c-0aa5-831a-d202-712bedb1b15a" executionId="5eb12f7a-0c37-451c-8e1b-1b9bca660b23" testListId="8c84fa94-04c1-424b-9868-57a2d4851a1d" />
    <TestEntry testId="c39afc72-aad4-5709-e4a1-73293872a305" executionId="8f94c87d-566d-4142-98b1-a0d38ee95919" testListId="8c84fa94-04c1-424b-9868-57a2d4851a1d" />
    <TestEntry testId="ea53113d-e645-3e3d-8dda-f0c57f3d1f3e" executionId="73837a94-cbd6-48c6-bafe-465d7044abe8" testListId="8c84fa94-04c1-424b-9868-57a2d4851a1d" />
    <TestEntry testId="1ae81526-c34e-30fb-a453-ec950aa3ef1c" executionId="2dca112d-3c16-47c3-acc9-fb890617aadd" testListId="8c84fa94-04c1-424b-9868-57a2d4851a1d" />
    <TestEntry testId="9a124f11-40ca-d2aa-a849-6941897e0c0b" executionId="46da7f2d-e685-4ff7-bc15-5e641e1546ab" testListId="8c84fa94-04c1-424b-9868-57a2d4851a1d" />
    <TestEntry testId="45d434bd-96d2-7ca0-c594-4cf5e3f89416" executionId="51e42457-0a9a-4361-8197-c6f584c62656" testListId="8c84fa94-04c1-424b-9868-57a2d4851a1d" />
    <TestEntry testId="c19bcdf9-7163-0762-fc75-0cd4559b2da8" executionId="1387c227-bc73-48fd-98ff-895e91c0d92b" testListId="8c84fa94-04c1-424b-9868-57a2d4851a1d" />
    <TestEntry testId="fb0ce41f-cede-9ac7-f047-8c3573f30f7e" executionId="fa9f227d-92c5-46e4-84a8-b4d1650d6347" testListId="8c84fa94-04c1-424b-9868-57a2d4851a1d" />
    <TestEntry testId="7f9e3406-835c-5c12-68cf-08b73690e2b2" executionId="06cf36e0-be9f-4f37-8c04-4c3356ce8946" testListId="8c84fa94-04c1-424b-9868-57a2d4851a1d" />
    <TestEntry testId="ecefef35-6686-837e-5061-bcb9badf51b3" executionId="30262958-e557-4f08-a053-0d42de7632ef" testListId="8c84fa94-04c1-424b-9868-57a2d4851a1d" />
    <TestEntry testId="ea8471c3-2743-4dfb-2fac-6cae304dff99" executionId="9cbf6f8c-95f3-48e5-a451-e81cf049ed2c" testListId="8c84fa94-04c1-424b-9868-57a2d4851a1d" />
    <TestEntry testId="ea848b43-279a-f1bb-ab29-b5a8e2e2c8af" executionId="7e4e5688-9ff2-4437-bb82-8bc67d06566d" testListId="8c84fa94-04c1-424b-9868-57a2d4851a1d" />
    <TestEntry testId="c0986095-fb5a-1e8a-a8d8-e6dfbaed61c5" executionId="4deca99e-404d-4eb4-bf7b-15d6436a3d14" testListId="8c84fa94-04c1-424b-9868-57a2d4851a1d" />
    <TestEntry testId="c7b07fde-ab61-697a-6040-f2f4c1529d34" executionId="d92e46e4-4e0d-4eb5-b002-d0d154911bfe" testListId="8c84fa94-04c1-424b-9868-57a2d4851a1d" />
    <TestEntry testId="29116375-ac95-4d53-91ed-53d27bf037c6" executionId="e0bcf323-a6ae-42b8-a57f-039d653117f4" testListId="8c84fa94-04c1-424b-9868-57a2d4851a1d" />
    <TestEntry testId="e39abc6e-a339-e385-747c-5c151d68fdc6" executionId="f4eaf359-fd8f-4780-9502-071bf6d1dfb8" testListId="8c84fa94-04c1-424b-9868-57a2d4851a1d" />
    <TestEntry testId="bf7aea95-4edb-be07-7de0-fdb7b0e337d5" executionId="77ccf5ac-5b4b-4cf8-a23b-60e30788870b" testListId="8c84fa94-04c1-424b-9868-57a2d4851a1d" />
    <TestEntry testId="2f0cf2d4-3a28-6b74-1791-705b9f0277be" executionId="a5880501-18d7-44db-938a-377048360a8e" testListId="8c84fa94-04c1-424b-9868-57a2d4851a1d" />
    <TestEntry testId="752f584a-0205-5811-1575-29e94681480b" executionId="4a7042bc-b010-428b-96a1-242f0d24ecf5" testListId="8c84fa94-04c1-424b-9868-57a2d4851a1d" />
    <TestEntry testId="c6aaa130-65a2-a877-78a2-df837cd09244" executionId="559cebe0-45e3-4d1e-9cf7-b2a7c6af7398" testListId="8c84fa94-04c1-424b-9868-57a2d4851a1d" />
    <TestEntry testId="bc8b0527-de00-05c5-8ddf-e463dace5bf0" executionId="9c4ea19d-402b-4daa-9cb8-9544a37d6659" testListId="8c84fa94-04c1-424b-9868-57a2d4851a1d" />
    <TestEntry testId="adc5ef62-1184-5cc3-ec81-b0b338d88e48" executionId="bd6291fb-ebfd-45df-b7c0-a3dbf135cbfb" testListId="8c84fa94-04c1-424b-9868-57a2d4851a1d" />
    <TestEntry testId="41ef5fd9-da1d-a61b-4faa-45b077dd05bc" executionId="2d7ef0ca-2cc4-4291-a755-952115a46fb9" testListId="8c84fa94-04c1-424b-9868-57a2d4851a1d" />
    <TestEntry testId="7e45dd7d-e48e-5c57-3fb0-37befdf85fdc" executionId="8c7edd5d-6f1e-4380-bb98-edf6b658ae47" testListId="8c84fa94-04c1-424b-9868-57a2d4851a1d" />
    <TestEntry testId="11067e87-9b88-327c-9a0f-dda26b0288cb" executionId="931c86ae-98b4-426e-82cc-84aa584709c1" testListId="8c84fa94-04c1-424b-9868-57a2d4851a1d" />
    <TestEntry testId="2cb249c3-2f01-c9f4-7658-4d0e9af8d192" executionId="504826eb-033b-48dc-92d6-38bfa111c3a1" testListId="8c84fa94-04c1-424b-9868-57a2d4851a1d" />
    <TestEntry testId="43552c47-f44b-17a4-1647-f8068fe18052" executionId="18109bbd-8030-4f36-8e3a-36e8dc56b195" testListId="8c84fa94-04c1-424b-9868-57a2d4851a1d" />
    <TestEntry testId="b8049e3c-9c33-aae7-ee13-10324d7813cb" executionId="d0a347f6-389f-4adc-93b2-4c968c751c13" testListId="8c84fa94-04c1-424b-9868-57a2d4851a1d" />
    <TestEntry testId="b7f6b02b-7701-48a7-6ef3-dc8df7e50575" executionId="3c5690dd-5642-429d-bbe7-251ddb8139b6" testListId="8c84fa94-04c1-424b-9868-57a2d4851a1d" />
    <TestEntry testId="cbe18909-6635-9aa1-a38f-17a524fe9aa1" executionId="d326d59e-76d1-40b6-856b-fd79b8dba5e1" testListId="8c84fa94-04c1-424b-9868-57a2d4851a1d" />
    <TestEntry testId="09dc5d9b-3822-771d-84ba-e650ae497aa7" executionId="5c6b9087-a473-4c04-a684-ed809c289ecc" testListId="8c84fa94-04c1-424b-9868-57a2d4851a1d" />
    <TestEntry testId="8d4b1df1-395e-a801-f732-9563464d225f" executionId="b0bb18e4-5468-4708-902c-782b46227bd1" testListId="8c84fa94-04c1-424b-9868-57a2d4851a1d" />
    <TestEntry testId="96997772-f691-ce37-8af7-583f0500af76" executionId="bd4e9f34-ea15-427e-9331-fe35acf3a442" testListId="8c84fa94-04c1-424b-9868-57a2d4851a1d" />
    <TestEntry testId="897eda60-aa9c-bf46-7037-9c91ac01a451" executionId="210a3838-8412-421e-942a-7d21c3ab1a05" testListId="8c84fa94-04c1-424b-9868-57a2d4851a1d" />
    <TestEntry testId="08b0137c-0bdc-e87f-be30-d8edbdf991c1" executionId="46dbfa0e-0d0f-4d76-902c-31d72a4a9ff7" testListId="8c84fa94-04c1-424b-9868-57a2d4851a1d" />
    <TestEntry testId="d569c283-c0e4-d992-53ea-520d9219d214" executionId="32be10f5-8140-4f3f-86fa-08272ec6cb9d" testListId="8c84fa94-04c1-424b-9868-57a2d4851a1d" />
    <TestEntry testId="6d2fa905-65f5-7d76-6130-8eb8fe67de75" executionId="4e5b44ff-0b39-4842-a35d-e756dbbf6676" testListId="8c84fa94-04c1-424b-9868-57a2d4851a1d" />
    <TestEntry testId="005bc1cf-7a4e-92d9-5bd8-b2bbb383cd58" executionId="fc53221e-b0ca-40b1-abf2-814b6e402863" testListId="8c84fa94-04c1-424b-9868-57a2d4851a1d" />
    <TestEntry testId="6236d5e6-b13b-501c-48e0-102f9eda59d6" executionId="9cf5f969-493c-46f5-8ef2-b30a60443bff" testListId="8c84fa94-04c1-424b-9868-57a2d4851a1d" />
    <TestEntry testId="da1a6990-7ab2-9cdb-3d5d-e5366899dffb" executionId="a8d8cc5e-11d8-4b3b-be93-378c97b62522" testListId="8c84fa94-04c1-424b-9868-57a2d4851a1d" />
    <TestEntry testId="5326d1dc-d18e-0528-8ffb-d0be584509e9" executionId="828e82d0-ca79-4f7d-8be6-a697a599ac8f" testListId="8c84fa94-04c1-424b-9868-57a2d4851a1d" />
    <TestEntry testId="99e6fef3-9023-2c5a-5c8b-926a855c5d84" executionId="c67dd2ea-59b2-486c-9a25-2e32c14cfd3c" testListId="8c84fa94-04c1-424b-9868-57a2d4851a1d" />
    <TestEntry testId="244a126b-865c-f129-c9cf-f22a9a00e343" executionId="7931f228-9aac-40a5-b234-2b8fffea5159" testListId="8c84fa94-04c1-424b-9868-57a2d4851a1d" />
    <TestEntry testId="f2fa6d2d-1c35-dcc0-50da-39045d7858e4" executionId="841a10ac-cc06-4eaa-a364-8743582cfab5" testListId="8c84fa94-04c1-424b-9868-57a2d4851a1d" />
    <TestEntry testId="098a6c08-89e3-c4e2-de2b-7f783c0ba1b5" executionId="cf3c023e-4db4-4c31-b3c2-0c554d2a989c" testListId="8c84fa94-04c1-424b-9868-57a2d4851a1d" />
    <TestEntry testId="b150e6ad-1fac-a9d1-a2ab-0f7879e84a36" executionId="5cbb0638-fc74-40fd-b948-7156236eb47d" testListId="8c84fa94-04c1-424b-9868-57a2d4851a1d" />
    <TestEntry testId="4b337c41-7f92-2137-58f8-ec4a04af8e6b" executionId="9fa5db6c-d791-4f45-a3c4-52136f36ef90" testListId="8c84fa94-04c1-424b-9868-57a2d4851a1d" />
    <TestEntry testId="f5d3f3a5-bbac-e5c0-6089-8d38dd4249c8" executionId="1c08ebb7-25a5-4278-a849-2ce6bb6276ac" testListId="8c84fa94-04c1-424b-9868-57a2d4851a1d" />
    <TestEntry testId="637dad56-8638-805e-9abd-b089900557c0" executionId="efdc4355-57fd-4296-a68a-d2fbab6e5ee0" testListId="8c84fa94-04c1-424b-9868-57a2d4851a1d" />
    <TestEntry testId="bf1576c7-03bd-feeb-bbbd-0a36863eaddc" executionId="ba8879ba-a79f-422b-958c-98703c1ac8a1" testListId="8c84fa94-04c1-424b-9868-57a2d4851a1d" />
    <TestEntry testId="8184eede-89c1-758f-6b98-b1536f1bc7e0" executionId="f7fe3260-2356-4897-b178-c03e7e441b4d" testListId="8c84fa94-04c1-424b-9868-57a2d4851a1d" />
    <TestEntry testId="05a32b6d-38a3-d790-fab1-ef7fcb38fd6c" executionId="c4f1ce65-fc5c-41c3-b05e-240e9dd39bd8" testListId="8c84fa94-04c1-424b-9868-57a2d4851a1d" />
    <TestEntry testId="8d93f248-c3e9-e97f-b3e2-6491b331020f" executionId="47b75e64-038b-4346-82c5-8c8dcac218e9" testListId="8c84fa94-04c1-424b-9868-57a2d4851a1d" />
    <TestEntry testId="bde33f3c-8432-543f-ee46-b13606db09db" executionId="52c6681e-b59a-416c-9c95-0a92450a388d" testListId="8c84fa94-04c1-424b-9868-57a2d4851a1d" />
    <TestEntry testId="12383f93-d6c8-4041-5607-6e0714b305f6" executionId="713f288a-7930-4ecc-8b0e-0c60264cf899" testListId="8c84fa94-04c1-424b-9868-57a2d4851a1d" />
    <TestEntry testId="f86161bd-f5ff-e739-8561-c83ff6f0d4a9" executionId="6ba9675f-d549-4053-9037-9ec4b36778cf" testListId="8c84fa94-04c1-424b-9868-57a2d4851a1d" />
    <TestEntry testId="610f0902-3657-5dff-20ec-353a29cbd7c4" executionId="b3712033-88a2-4a9b-8e9c-2c289ad93116" testListId="8c84fa94-04c1-424b-9868-57a2d4851a1d" />
    <TestEntry testId="a888e7ea-dbd1-07c6-66f1-9d366fb67e32" executionId="72aec16d-bd33-4152-a041-6329b86bea40" testListId="8c84fa94-04c1-424b-9868-57a2d4851a1d" />
    <TestEntry testId="e073dcb9-6292-6a4c-9a77-75ed0e912310" executionId="4d46b532-6f6d-4eb1-9208-738aa3802315" testListId="8c84fa94-04c1-424b-9868-57a2d4851a1d" />
    <TestEntry testId="f3633ae5-6adc-21ee-2aa1-0609fba8547c" executionId="e6679b5c-4e51-4523-8153-1693b79e0c73" testListId="8c84fa94-04c1-424b-9868-57a2d4851a1d" />
    <TestEntry testId="94072497-fa43-aca0-8f05-792ac28d0627" executionId="4ba8ac49-4cc6-4c7c-a4a2-cff767cd42bc" testListId="8c84fa94-04c1-424b-9868-57a2d4851a1d" />
    <TestEntry testId="5220db90-feed-daf9-71ce-ce8aa9bc9232" executionId="5d5f7984-a176-4c52-9380-4e2bd7385eeb" testListId="8c84fa94-04c1-424b-9868-57a2d4851a1d" />
    <TestEntry testId="7a151ddf-b76f-a627-8d14-57dc244734db" executionId="de79ad8f-bb87-444f-9473-9f4fecc59658" testListId="8c84fa94-04c1-424b-9868-57a2d4851a1d" />
    <TestEntry testId="90740d7b-70ce-f3ca-de0f-889615c99e7a" executionId="8085ae6e-5427-41be-9f1d-dc7685c875ec" testListId="8c84fa94-04c1-424b-9868-57a2d4851a1d" />
    <TestEntry testId="c2208323-1f95-b32c-0530-4ad682605720" executionId="cd1ab956-ae9d-4557-ac68-8015b38fd8d1" testListId="8c84fa94-04c1-424b-9868-57a2d4851a1d" />
    <TestEntry testId="bf09f141-5d04-1546-3599-f58a7debd81e" executionId="d5e53080-bc85-4d0e-bcb1-4ec66d528861" testListId="8c84fa94-04c1-424b-9868-57a2d4851a1d" />
    <TestEntry testId="1ab663c2-4cb9-e883-e113-e7c904041e47" executionId="482ba0d8-24ed-432a-9b4e-ddd0a7bc594f" testListId="8c84fa94-04c1-424b-9868-57a2d4851a1d" />
    <TestEntry testId="08821b59-1fc3-bfdb-c64b-6b9d4d7418fb" executionId="15453c23-5c87-4528-94f6-bbb349e68758" testListId="8c84fa94-04c1-424b-9868-57a2d4851a1d" />
    <TestEntry testId="0718464f-7428-3c2c-d7c1-1af84b0bb5ee" executionId="bdc41d36-29e3-4059-b736-38efd554ad42" testListId="8c84fa94-04c1-424b-9868-57a2d4851a1d" />
    <TestEntry testId="7df385e8-e01d-d2ef-2361-abb8175fc7ae" executionId="6fb98a09-3caf-450f-ae6d-19d82e8a94b6" testListId="8c84fa94-04c1-424b-9868-57a2d4851a1d" />
    <TestEntry testId="84106c87-4ea7-9a5a-a250-230c7c8ac9ba" executionId="54984e4b-392a-4221-af02-8c8c30fdb87d" testListId="8c84fa94-04c1-424b-9868-57a2d4851a1d" />
    <TestEntry testId="7ba81b36-e120-9974-bbd1-63dae796d45c" executionId="fdb35aa2-a5cb-4b59-a57b-0950463f285f" testListId="8c84fa94-04c1-424b-9868-57a2d4851a1d" />
    <TestEntry testId="d377bd87-4eea-3f7f-c041-91df35d9ea10" executionId="10c095c8-41a5-4e65-96cb-43d0b353004d" testListId="8c84fa94-04c1-424b-9868-57a2d4851a1d" />
    <TestEntry testId="112e422e-04b2-3ba3-ad56-a1e5d3cfbd79" executionId="a4399316-48e7-4210-99d1-42d5e1cf5dc3" testListId="8c84fa94-04c1-424b-9868-57a2d4851a1d" />
    <TestEntry testId="b168b1f7-674c-8775-2a66-cf7d7f806851" executionId="fab97505-488e-4b0b-9a67-441516bb800e" testListId="8c84fa94-04c1-424b-9868-57a2d4851a1d" />
    <TestEntry testId="a92ca949-d664-bb06-21ee-ed111f1dab55" executionId="f603c69a-997f-4f42-8d7c-e0282e635d1c" testListId="8c84fa94-04c1-424b-9868-57a2d4851a1d" />
    <TestEntry testId="cb9006f5-cf8f-a741-60da-88003562c888" executionId="d137d5c9-2001-4c0a-95c3-a7d2ff7d392a" testListId="8c84fa94-04c1-424b-9868-57a2d4851a1d" />
    <TestEntry testId="a05c6c11-7f69-6883-58ae-614dcfca1729" executionId="24abe846-003a-4fe1-90cc-baae6dd7bf03" testListId="8c84fa94-04c1-424b-9868-57a2d4851a1d" />
    <TestEntry testId="5fdca359-14d7-98c9-3f79-03e22f946141" executionId="c6ee4703-e30f-4581-88d1-3f3ff8454dbc" testListId="8c84fa94-04c1-424b-9868-57a2d4851a1d" />
    <TestEntry testId="fd4f7d41-f937-f359-41b7-f6b589c2bdd7" executionId="179bf31f-269b-49be-9054-0bd38ce0acd6" testListId="8c84fa94-04c1-424b-9868-57a2d4851a1d" />
    <TestEntry testId="e72aca21-1347-9775-f65f-ee1c6d7b63bd" executionId="b12d5d99-c78a-4cc9-994e-9007b9453255" testListId="8c84fa94-04c1-424b-9868-57a2d4851a1d" />
    <TestEntry testId="a71dfd40-e5c3-4b5b-03e3-172683e7a4a4" executionId="b23ca4c8-b118-4b90-8072-b196b4ce1f29" testListId="8c84fa94-04c1-424b-9868-57a2d4851a1d" />
    <TestEntry testId="b7c8b8f4-3f53-7b79-a3fb-65f51c557883" executionId="e305c2ef-3a72-4623-8034-237916cac198" testListId="8c84fa94-04c1-424b-9868-57a2d4851a1d" />
    <TestEntry testId="70f1979c-5fec-f41c-4467-96ed1c16b145" executionId="af61c692-5b2f-4657-98ee-06fdd0895b84" testListId="8c84fa94-04c1-424b-9868-57a2d4851a1d" />
    <TestEntry testId="b5f26849-7f95-8deb-3e82-07db33467afb" executionId="359ba9f8-d614-45be-9812-2ffdd57f0cc8" testListId="8c84fa94-04c1-424b-9868-57a2d4851a1d" />
    <TestEntry testId="94726e39-ff6c-190e-418c-075986e08585" executionId="5e4c4520-1950-42dc-b6de-3c8425f3d5a5" testListId="8c84fa94-04c1-424b-9868-57a2d4851a1d" />
    <TestEntry testId="82e7d70c-1a42-9215-0f5f-33fe3e6fa346" executionId="75d29b82-8a23-403f-b9b1-a0a4b40d9825" testListId="8c84fa94-04c1-424b-9868-57a2d4851a1d" />
    <TestEntry testId="454ead38-c2a8-9597-7b1c-dc862a589e0e" executionId="45a09abe-8500-4232-bd26-beeb4372bc2a" testListId="8c84fa94-04c1-424b-9868-57a2d4851a1d" />
    <TestEntry testId="1440a184-8a0a-3d08-19bf-ac2d32351c96" executionId="8efb71c6-f542-4e32-a151-1e180bdb19d4" testListId="8c84fa94-04c1-424b-9868-57a2d4851a1d" />
    <TestEntry testId="7875ceff-fafb-ef65-16f6-def9c021cbb8" executionId="a14b1fe7-a248-4104-9f53-d8fba2577b95" testListId="8c84fa94-04c1-424b-9868-57a2d4851a1d" />
    <TestEntry testId="c08489ce-87ea-9273-1e82-87dd20c6c729" executionId="4d23e556-6baf-40ed-aa4b-0b0b4360c416" testListId="8c84fa94-04c1-424b-9868-57a2d4851a1d" />
    <TestEntry testId="60069e17-108f-01fb-2153-e152b9205025" executionId="f98237a4-d04a-4639-af6b-2de7cbd08cdf" testListId="8c84fa94-04c1-424b-9868-57a2d4851a1d" />
    <TestEntry testId="d5a3e949-dba8-8515-82f0-b4d3600a13aa" executionId="a91797ca-02f6-4041-bd17-23d4c4dad29c" testListId="8c84fa94-04c1-424b-9868-57a2d4851a1d" />
    <TestEntry testId="346c5a09-add8-018f-c767-f4690b937dfb" executionId="b75dfaf1-ab35-4279-96f7-768955230d4d" testListId="8c84fa94-04c1-424b-9868-57a2d4851a1d" />
    <TestEntry testId="13cdf8fd-2721-e597-055e-a54097abf685" executionId="c01d26a1-01d7-4e22-8491-fd8ffe16cb27" testListId="8c84fa94-04c1-424b-9868-57a2d4851a1d" />
    <TestEntry testId="25e8173f-164f-a6d3-7781-f064566ee4cd" executionId="96bbaaa0-83ef-4455-a98e-01e30dc59e3c" testListId="8c84fa94-04c1-424b-9868-57a2d4851a1d" />
    <TestEntry testId="9cea378d-92c3-1f1c-ce51-cbbf77aae662" executionId="d4969467-9dbe-4e07-bbec-2ea02145b49b" testListId="8c84fa94-04c1-424b-9868-57a2d4851a1d" />
    <TestEntry testId="217115b6-0d47-12a1-e34e-67f742ff910b" executionId="933bd4a7-4da3-4571-bd37-993638b8667e" testListId="8c84fa94-04c1-424b-9868-57a2d4851a1d" />
    <TestEntry testId="a8348a06-7119-4e51-65fc-4cd73de7f6cb" executionId="7cd68a5f-e9bc-471e-98f8-3ebc88c16b89" testListId="8c84fa94-04c1-424b-9868-57a2d4851a1d" />
    <TestEntry testId="8762588b-d7fc-ca07-7e83-51f41467a9eb" executionId="24ec7429-c087-4891-b804-d5340baa4033" testListId="8c84fa94-04c1-424b-9868-57a2d4851a1d" />
    <TestEntry testId="a32b1b99-bbfe-b0ef-93c7-d7c83b53becf" executionId="74821f10-68e6-4b2a-9adf-0682d9b7cd21" testListId="8c84fa94-04c1-424b-9868-57a2d4851a1d" />
    <TestEntry testId="34a0ec2a-ee87-5c68-071f-7bf4fe21828e" executionId="ed4df8f1-12ef-4006-8eae-4fcbd88ced78" testListId="8c84fa94-04c1-424b-9868-57a2d4851a1d" />
    <TestEntry testId="f0159238-5dbe-94b2-dc06-cbfbca0e38a0" executionId="aaa889ef-b004-4535-9174-1a57ffe292f0" testListId="8c84fa94-04c1-424b-9868-57a2d4851a1d" />
    <TestEntry testId="f1b541d5-278d-f2a3-2128-f16382bfc74f" executionId="4ebaef27-478d-4b21-9824-42c721521c41" testListId="8c84fa94-04c1-424b-9868-57a2d4851a1d" />
    <TestEntry testId="11ead46a-3fc2-e54b-9ee7-6572b1ea2616" executionId="eb238bd8-a75b-4347-93c1-720524db1cd3" testListId="8c84fa94-04c1-424b-9868-57a2d4851a1d" />
    <TestEntry testId="3e4e2f06-1967-c539-7ba8-6e0f44663842" executionId="24704bb7-69fd-41bc-8bfc-ab3734034697" testListId="8c84fa94-04c1-424b-9868-57a2d4851a1d" />
    <TestEntry testId="4662df59-28c1-5a49-3a88-d0d7d9c3969d" executionId="2b556362-d5cd-4035-9126-556c94f7301e" testListId="8c84fa94-04c1-424b-9868-57a2d4851a1d" />
    <TestEntry testId="79aa3047-78e8-7f3b-b717-0010e3a4cd51" executionId="d93b0b12-f333-4e31-9adc-d59eb9550d09" testListId="8c84fa94-04c1-424b-9868-57a2d4851a1d" />
    <TestEntry testId="df3985f6-a310-5cd4-8528-b305d96c9c87" executionId="953c3b6a-dac9-49f4-b207-31463cbd985f" testListId="8c84fa94-04c1-424b-9868-57a2d4851a1d" />
    <TestEntry testId="eb615c68-e5d1-28d7-b038-0571a7587ad1" executionId="a6f13755-ac0f-43c1-9eb0-66c625c4a0bc" testListId="8c84fa94-04c1-424b-9868-57a2d4851a1d" />
    <TestEntry testId="70548cff-07c6-a6ca-3719-5ff4c0013c06" executionId="30ccad84-b7c6-475b-8190-8729df48acda" testListId="8c84fa94-04c1-424b-9868-57a2d4851a1d" />
    <TestEntry testId="adedbc1e-8d02-07f8-2158-2d31b0c1df72" executionId="4a340969-6291-4a9a-aefe-7d1a0f0a678b" testListId="8c84fa94-04c1-424b-9868-57a2d4851a1d" />
    <TestEntry testId="aadeeabc-272f-9cbf-16ad-69443e81df6f" executionId="128d57e5-9054-4c8f-8954-52514e4dd3b9" testListId="8c84fa94-04c1-424b-9868-57a2d4851a1d" />
    <TestEntry testId="c8d9f475-0d2c-01ff-49f8-896beab958d5" executionId="12620341-1fb4-45ed-8773-76de40e39319" testListId="8c84fa94-04c1-424b-9868-57a2d4851a1d" />
    <TestEntry testId="5d21865c-ab0e-9a36-1301-7cb3ba2d4618" executionId="f9c5b32c-52f4-48c6-b46b-42115d339701" testListId="8c84fa94-04c1-424b-9868-57a2d4851a1d" />
    <TestEntry testId="32740214-c33e-96ad-e5a0-01c821ac0c2a" executionId="f6294e89-f8f5-4d99-9cb0-50864dd31870" testListId="8c84fa94-04c1-424b-9868-57a2d4851a1d" />
    <TestEntry testId="2067c239-a69d-2f34-aeac-53cb55316cbb" executionId="12dd1223-9587-463c-ba9e-bf83c9b344b0" testListId="8c84fa94-04c1-424b-9868-57a2d4851a1d" />
    <TestEntry testId="785b55cc-be99-2e92-e97b-e8c0390c5420" executionId="48abc976-b645-4cd5-98e3-044009b47864" testListId="8c84fa94-04c1-424b-9868-57a2d4851a1d" />
    <TestEntry testId="6fe47bce-1f86-6cf6-afbe-6725ac8bf44c" executionId="edccd5fa-4cfa-4b40-a31d-e2354579c128" testListId="8c84fa94-04c1-424b-9868-57a2d4851a1d" />
    <TestEntry testId="d2fc2ae7-e3b1-dc92-6628-90e5bb16c5d2" executionId="6d53f045-2990-42e5-b82b-0e0893111e50" testListId="8c84fa94-04c1-424b-9868-57a2d4851a1d" />
    <TestEntry testId="9e338ff4-5402-3f35-08f3-bafb7669b187" executionId="91f32287-2b70-4ca0-bb54-366b8b701509" testListId="8c84fa94-04c1-424b-9868-57a2d4851a1d" />
    <TestEntry testId="d8fff351-64d1-1a21-4739-3e89df4d873b" executionId="1effe050-7733-46c5-99ac-199e91c25a28" testListId="8c84fa94-04c1-424b-9868-57a2d4851a1d" />
    <TestEntry testId="ffb7284d-9149-6f2f-e2cd-12399f61de50" executionId="1e169b0d-424f-44e2-b2af-daa4b71c0278" testListId="8c84fa94-04c1-424b-9868-57a2d4851a1d" />
    <TestEntry testId="1b0d351a-508f-0807-0c94-56d657ae1623" executionId="305f8d0b-0563-4f63-8f5d-ccca33c0d74e" testListId="8c84fa94-04c1-424b-9868-57a2d4851a1d" />
    <TestEntry testId="e88588cc-8ef9-e4ad-51dd-2a16e11570f5" executionId="051e4332-6b72-4697-bd25-9f5f8078c691" testListId="8c84fa94-04c1-424b-9868-57a2d4851a1d" />
    <TestEntry testId="3fdf9576-9d1e-7734-64c7-98030c7feb4a" executionId="9b2e9b61-262f-40a3-826a-e38583e5982c" testListId="8c84fa94-04c1-424b-9868-57a2d4851a1d" />
    <TestEntry testId="279ea0a2-a194-3b23-c2df-f3b9caefacb9" executionId="b8662ca4-5d55-45bf-9a29-5332157c5ff7" testListId="8c84fa94-04c1-424b-9868-57a2d4851a1d" />
    <TestEntry testId="c7fd498b-03da-468c-aa24-ce275275bb84" executionId="34475303-f7e0-41fe-bf18-0ea0c70d2620" testListId="8c84fa94-04c1-424b-9868-57a2d4851a1d" />
    <TestEntry testId="60e1884b-abd9-92c1-f58c-08f7b4b4de40" executionId="9821dfd7-5901-4a7e-afe6-de46b6f26d4d" testListId="8c84fa94-04c1-424b-9868-57a2d4851a1d" />
    <TestEntry testId="c2c1dbbf-76df-e4ac-1f6c-4bf02108e7b1" executionId="554fb0fc-c71d-4d24-805b-3ed1e72e8a17" testListId="8c84fa94-04c1-424b-9868-57a2d4851a1d" />
    <TestEntry testId="37887ca9-f36b-5081-1e8a-5e4e1fff4e53" executionId="34a6db56-9571-4e19-a1e1-dd3cac46d115" testListId="8c84fa94-04c1-424b-9868-57a2d4851a1d" />
    <TestEntry testId="03ea9dd2-de50-ef82-5a92-98d7b2ff607a" executionId="dbb79a4f-3ee6-4311-bb7e-47fce910948e" testListId="8c84fa94-04c1-424b-9868-57a2d4851a1d" />
    <TestEntry testId="e384d116-33c4-57e3-344d-6dd941c8a721" executionId="2f420ceb-a1ed-467d-845c-9bd426f6f101" testListId="8c84fa94-04c1-424b-9868-57a2d4851a1d" />
    <TestEntry testId="25c75db4-22d0-52b7-8169-fe8bfa7112f2" executionId="3576f5cb-4c85-4941-9a56-99f59b1f3ba2" testListId="8c84fa94-04c1-424b-9868-57a2d4851a1d" />
    <TestEntry testId="5e7725a9-9983-9545-b4e7-12fe284e2a95" executionId="cd8b5eeb-4a9c-40b3-beef-de5f2b372469" testListId="8c84fa94-04c1-424b-9868-57a2d4851a1d" />
    <TestEntry testId="6f51818b-8dfe-7cd4-c8ae-d1150bb85ebd" executionId="cfc4587c-1b18-4924-9b3a-db853f67a042" testListId="8c84fa94-04c1-424b-9868-57a2d4851a1d" />
    <TestEntry testId="b266e530-9059-cc9e-a2de-5a104736c757" executionId="469f5bb7-33c5-4e35-89bc-e84b967f904e" testListId="8c84fa94-04c1-424b-9868-57a2d4851a1d" />
    <TestEntry testId="21f5ba92-f354-bb76-94e2-2214000ea5b9" executionId="8923edba-3b42-4546-8339-c837725a45b2" testListId="8c84fa94-04c1-424b-9868-57a2d4851a1d" />
    <TestEntry testId="0351f469-7ff9-52d3-3d77-92c2f3051f1e" executionId="47ec985f-7d82-4c12-8e61-91b477cb4680" testListId="8c84fa94-04c1-424b-9868-57a2d4851a1d" />
    <TestEntry testId="faf63bba-5452-3836-a95e-2474023d45ad" executionId="88aca9ef-9135-4317-939a-54e52aebb47e" testListId="8c84fa94-04c1-424b-9868-57a2d4851a1d" />
    <TestEntry testId="a01314ec-fbb5-964d-0d33-e4eebe884133" executionId="184f0ad9-1fff-4e2c-84e3-22ea7945502d" testListId="8c84fa94-04c1-424b-9868-57a2d4851a1d" />
    <TestEntry testId="0f966d17-36c6-657f-5b98-8b83226f1489" executionId="83217b44-9f3d-421a-ad5a-b1a260193c74" testListId="8c84fa94-04c1-424b-9868-57a2d4851a1d" />
    <TestEntry testId="0a21bad2-cce1-7c33-3af3-a6f4c4389e98" executionId="64de4a8e-7abe-44fa-9896-e8b68941ae06" testListId="8c84fa94-04c1-424b-9868-57a2d4851a1d" />
    <TestEntry testId="92867c0e-facc-7f59-b4bc-04e39d2ba464" executionId="2db31964-8db6-474e-8110-bb84785f6d17" testListId="8c84fa94-04c1-424b-9868-57a2d4851a1d" />
    <TestEntry testId="84912826-9a40-9d59-76ff-2b9288e04c5b" executionId="0080756d-87d8-4a93-871b-8010690ae01c" testListId="8c84fa94-04c1-424b-9868-57a2d4851a1d" />
    <TestEntry testId="4951aa5a-960f-b892-8f82-3d3748c1e3da" executionId="8f0381ff-57ac-402d-b899-c8c67e8a14f4" testListId="8c84fa94-04c1-424b-9868-57a2d4851a1d" />
    <TestEntry testId="7146296d-c8e1-b13f-44e4-16f25fa9af9d" executionId="5cba7fff-1c42-4d00-a8c0-34eb01914bb4" testListId="8c84fa94-04c1-424b-9868-57a2d4851a1d" />
    <TestEntry testId="b9c69082-a036-d41e-d5a0-c1cde2a1d040" executionId="e9590b03-e324-4e97-a35c-ba730823a24e" testListId="8c84fa94-04c1-424b-9868-57a2d4851a1d" />
    <TestEntry testId="bc954cfc-79b1-8687-e8d1-aab98a75fd1a" executionId="1d12c00e-72de-4d4e-b2ea-68508b638c58" testListId="8c84fa94-04c1-424b-9868-57a2d4851a1d" />
    <TestEntry testId="eb2e7461-d939-c702-00f6-a6f4037fdc3f" executionId="9ed4a060-4f83-415d-9d1b-c35b1c4a51a0" testListId="8c84fa94-04c1-424b-9868-57a2d4851a1d" />
    <TestEntry testId="2f443958-bb91-68f7-90b6-2eae1e3219b3" executionId="cc032d3c-8eff-4416-9f5f-f8a7efcdfa3d" testListId="8c84fa94-04c1-424b-9868-57a2d4851a1d" />
    <TestEntry testId="6b78f8da-fc12-62dc-9f88-c5e10a98f007" executionId="f95f4db4-f584-4793-af91-7f47ca588693" testListId="8c84fa94-04c1-424b-9868-57a2d4851a1d" />
    <TestEntry testId="5eec1dec-2d00-5deb-f000-c17eea3526a6" executionId="45e94056-95d9-4f5e-a917-391417635ac3" testListId="8c84fa94-04c1-424b-9868-57a2d4851a1d" />
    <TestEntry testId="5217a55b-523e-bb6a-47cc-7fbf0bc01c96" executionId="a59b631b-c448-4aa7-a3d4-e4b63696eca1" testListId="8c84fa94-04c1-424b-9868-57a2d4851a1d" />
    <TestEntry testId="aef8a2f1-8212-2e61-b82d-81a49d106670" executionId="0124baa9-c3ac-4c4c-afa0-36b5af5c369d" testListId="8c84fa94-04c1-424b-9868-57a2d4851a1d" />
    <TestEntry testId="f49abb46-6157-b05f-1fad-c8a20a256f62" executionId="5b2b59aa-b8fe-4dd1-a289-a1385acd90e2" testListId="8c84fa94-04c1-424b-9868-57a2d4851a1d" />
    <TestEntry testId="3b6adeb2-dcf4-fb95-f3e8-26dcad169d8e" executionId="d9ec14f6-e351-4648-8099-b64dc385e21e" testListId="8c84fa94-04c1-424b-9868-57a2d4851a1d" />
    <TestEntry testId="1772b5c8-17fc-7339-7078-7951ac9723dd" executionId="f3406a86-e661-4406-867f-a26d1cd11720" testListId="8c84fa94-04c1-424b-9868-57a2d4851a1d" />
    <TestEntry testId="de399ac2-0e9a-031b-1b43-49701fcdb8f0" executionId="2415d191-19c6-4b57-9e63-fe30a540e449" testListId="8c84fa94-04c1-424b-9868-57a2d4851a1d" />
    <TestEntry testId="6fd1af1d-c0d4-5f1e-0bd0-26896040487e" executionId="0b20e4bc-b757-4be8-804e-e2dd1de0e6a4" testListId="8c84fa94-04c1-424b-9868-57a2d4851a1d" />
    <TestEntry testId="c185c27a-3451-102c-d3c1-98ea6c73d73c" executionId="9e17138c-10da-44d3-a90e-c022ad5b02a2" testListId="8c84fa94-04c1-424b-9868-57a2d4851a1d" />
    <TestEntry testId="ef8e2842-4b56-3143-8747-c2adcd3e7a1d" executionId="4b6a4144-2aaf-4d23-a91a-87488eec28f3" testListId="8c84fa94-04c1-424b-9868-57a2d4851a1d" />
    <TestEntry testId="6ce0d4c6-4820-8d4a-179e-2d433a32b3e2" executionId="a82f05db-0164-41c0-92fd-cd91e71b92fd" testListId="8c84fa94-04c1-424b-9868-57a2d4851a1d" />
    <TestEntry testId="fbe41254-a5bc-bdde-4d71-8c5eb07a0fb3" executionId="cc17c193-e036-4a1a-b6bb-3db14aea1ddb" testListId="8c84fa94-04c1-424b-9868-57a2d4851a1d" />
    <TestEntry testId="c4623a0a-608f-dd08-41f5-750ffba5ed05" executionId="40caab2b-6953-4717-b0a3-81e5c1af84d8" testListId="8c84fa94-04c1-424b-9868-57a2d4851a1d" />
    <TestEntry testId="0978a2bb-d483-0479-bb70-260f687971c0" executionId="a0ff259f-66f9-4a4a-ac4e-c0853229e387" testListId="8c84fa94-04c1-424b-9868-57a2d4851a1d" />
    <TestEntry testId="c1905b94-6245-64ed-8028-a7655f8970eb" executionId="2ee106d5-5f43-42e4-b345-28a147646aa6" testListId="8c84fa94-04c1-424b-9868-57a2d4851a1d" />
    <TestEntry testId="12c8d806-dc76-730d-d276-1d289133c533" executionId="1c800dc3-04e1-49ab-9419-c2134a29dc31" testListId="8c84fa94-04c1-424b-9868-57a2d4851a1d" />
    <TestEntry testId="74f41b57-bac2-c2b8-f1dc-9469402fc8fa" executionId="5ffc7eed-0391-4706-97c8-0ba0cc4c6f4d" testListId="8c84fa94-04c1-424b-9868-57a2d4851a1d" />
    <TestEntry testId="eef249b6-8ce5-ce2e-1d6e-3786477a589e" executionId="1c7b4559-a271-44ff-af8f-acd187dd9c2d" testListId="8c84fa94-04c1-424b-9868-57a2d4851a1d" />
    <TestEntry testId="6f7345f6-07c1-aba6-fba8-22e9ed357a49" executionId="d0dbaff8-eb62-430d-9773-27b653ea1639" testListId="8c84fa94-04c1-424b-9868-57a2d4851a1d" />
    <TestEntry testId="d0b4fe44-6c66-e0d0-90f7-7f93ef97fe01" executionId="f0e3cbd3-f587-483e-9d52-2adb565fc29c" testListId="8c84fa94-04c1-424b-9868-57a2d4851a1d" />
    <TestEntry testId="7e4135b8-b66c-77ce-172b-34d352f16888" executionId="206b823c-e712-4925-ade1-5725fc5995fe" testListId="8c84fa94-04c1-424b-9868-57a2d4851a1d" />
    <TestEntry testId="4d74b8de-5123-86ec-ab4f-2d4ce6434a23" executionId="bf2ba4a1-dd65-47c9-8360-c0eff4de4130" testListId="8c84fa94-04c1-424b-9868-57a2d4851a1d" />
    <TestEntry testId="de7a0ae7-aa58-be18-206b-2d44f2e86ead" executionId="d3221f5e-a307-4ccc-a15d-1e498ed2c0e8" testListId="8c84fa94-04c1-424b-9868-57a2d4851a1d" />
    <TestEntry testId="01cb383a-3e5a-acd0-bce9-5df29c661a7c" executionId="64de7d05-eb44-4ba2-83be-9f81ace85848" testListId="8c84fa94-04c1-424b-9868-57a2d4851a1d" />
    <TestEntry testId="7d115265-369e-6487-e000-47e2ac4ab46b" executionId="3267f5bd-fcaf-4d9c-8e66-db76e7d66364" testListId="8c84fa94-04c1-424b-9868-57a2d4851a1d" />
    <TestEntry testId="4ce6cb72-dabd-e3eb-6074-df75f0abcb26" executionId="1248981c-bf63-42b2-a226-b0cc2df0954d" testListId="8c84fa94-04c1-424b-9868-57a2d4851a1d" />
    <TestEntry testId="8b6f3338-cce8-0079-b821-3f92e6c60eee" executionId="a041bfa0-2952-4d30-bcf7-2c809697d0be" testListId="8c84fa94-04c1-424b-9868-57a2d4851a1d" />
    <TestEntry testId="1640b6a1-03c2-f3db-49e3-38921c8dee24" executionId="d5125762-725f-4985-b156-2ca20d21c10c" testListId="8c84fa94-04c1-424b-9868-57a2d4851a1d" />
    <TestEntry testId="552b07f7-5957-56bd-9f6c-bbb880d05499" executionId="5c3903d1-8502-4d4b-8ecd-0de95b9d91b5" testListId="8c84fa94-04c1-424b-9868-57a2d4851a1d" />
    <TestEntry testId="705f4fef-5f3d-03f1-6410-c3ee16921998" executionId="831ce82d-4c09-4acc-9066-601ea563e39a" testListId="8c84fa94-04c1-424b-9868-57a2d4851a1d" />
    <TestEntry testId="c9bdc46f-9c2d-d658-e774-72448865739f" executionId="a90c7ec1-7ae2-4438-8948-a70949342de3" testListId="8c84fa94-04c1-424b-9868-57a2d4851a1d" />
    <TestEntry testId="c5316b43-7086-7b8f-266a-feedd9573c48" executionId="aebfde98-2e18-4fbf-908a-d97cd0d46d70" testListId="8c84fa94-04c1-424b-9868-57a2d4851a1d" />
    <TestEntry testId="8ba4f73b-ec87-c89b-2641-8f6e59861d2d" executionId="b9a3adb5-f77c-4533-b31b-b1f12672cee5" testListId="8c84fa94-04c1-424b-9868-57a2d4851a1d" />
    <TestEntry testId="57f0eaa3-633d-272b-64dc-58e0ae797fbb" executionId="db9ad9dd-740f-4b61-ae21-52ff99e1134c" testListId="8c84fa94-04c1-424b-9868-57a2d4851a1d" />
    <TestEntry testId="29658493-3081-01dd-eb7c-6d0a97eef1f2" executionId="95015946-5fb8-46bc-8ed3-227160d8771f" testListId="8c84fa94-04c1-424b-9868-57a2d4851a1d" />
    <TestEntry testId="4ae6f156-51db-bc15-8975-b99fe55a99a8" executionId="1c095bde-afa1-4b8a-b4cf-c98739b73745" testListId="8c84fa94-04c1-424b-9868-57a2d4851a1d" />
    <TestEntry testId="bbb038e9-9a9b-9724-0ae6-d339784c9041" executionId="55032992-426d-4ef1-9d34-19ee121408b9" testListId="8c84fa94-04c1-424b-9868-57a2d4851a1d" />
    <TestEntry testId="ce58807f-4456-2f1b-abea-6bcc9dcfe2eb" executionId="dc319077-6be1-4581-a2b1-48d5d3c371b1" testListId="8c84fa94-04c1-424b-9868-57a2d4851a1d" />
    <TestEntry testId="fa43237f-8d58-c9ec-b71e-9d381e3b47f2" executionId="a55e3886-3004-49e2-8c81-f32970fe532f" testListId="8c84fa94-04c1-424b-9868-57a2d4851a1d" />
    <TestEntry testId="d70b3095-42f0-132e-cf11-a2a412d875fc" executionId="7f0ca4f0-497b-4efd-a960-55b2005a2148" testListId="8c84fa94-04c1-424b-9868-57a2d4851a1d" />
    <TestEntry testId="165a8b6f-de27-26f0-6a14-cdb34a40f4c2" executionId="147fe213-552d-4233-a595-2260e3e6c0e5" testListId="8c84fa94-04c1-424b-9868-57a2d4851a1d" />
    <TestEntry testId="42689aba-eefd-f694-336d-6d6d7296f289" executionId="9f0f8619-126f-4664-85aa-7042d334daab" testListId="8c84fa94-04c1-424b-9868-57a2d4851a1d" />
    <TestEntry testId="65ccfc2f-2358-a64f-fe6f-c264d332c519" executionId="f5f850de-aa91-436b-919c-58382aa8036c" testListId="8c84fa94-04c1-424b-9868-57a2d4851a1d" />
    <TestEntry testId="f557024d-69b9-3152-827e-4e57b8d0868d" executionId="04179cfb-c907-418b-8518-19365b7916fb" testListId="8c84fa94-04c1-424b-9868-57a2d4851a1d" />
    <TestEntry testId="1ea77442-f3cd-edae-4255-8405196cf08f" executionId="fa610a22-b115-496f-b461-ed23aece53f8" testListId="8c84fa94-04c1-424b-9868-57a2d4851a1d" />
    <TestEntry testId="97c96922-5169-8a4b-ec79-8c51fbb945f4" executionId="244f51b7-d7a2-4f5c-959a-383a957790c0" testListId="8c84fa94-04c1-424b-9868-57a2d4851a1d" />
    <TestEntry testId="ff64b042-e70f-6e34-60aa-4c59131392ce" executionId="b88fcc0c-bf17-4c60-930d-b947770a0d1d" testListId="8c84fa94-04c1-424b-9868-57a2d4851a1d" />
    <TestEntry testId="e2350845-1f3f-6907-3805-d81b5dce3aed" executionId="ce67c6f9-7eaa-45f2-a156-8561a6e364ef" testListId="8c84fa94-04c1-424b-9868-57a2d4851a1d" />
    <TestEntry testId="34f38fc8-ae53-5e82-0417-57e4237764fa" executionId="b9db4c3a-1de9-4534-8091-fd0d453d5128" testListId="8c84fa94-04c1-424b-9868-57a2d4851a1d" />
    <TestEntry testId="9dc75585-8b30-1a60-5f46-ba30d03b7635" executionId="8f7c182d-ea84-4019-8a36-cf9f76fda282" testListId="8c84fa94-04c1-424b-9868-57a2d4851a1d" />
    <TestEntry testId="c813b080-ad5f-d9e2-c675-1e1394f00010" executionId="0c2451d5-12f9-4dbb-9221-1fa5d842120e" testListId="8c84fa94-04c1-424b-9868-57a2d4851a1d" />
    <TestEntry testId="0be37416-8f8e-24dd-296a-86593af9af2f" executionId="80d6fdde-f6c6-488b-a6cd-1c76ac44f64d" testListId="8c84fa94-04c1-424b-9868-57a2d4851a1d" />
    <TestEntry testId="1b5e4bdd-94b8-c181-30ec-747619ebfce8" executionId="91f5063f-5661-4bd6-8e56-30fd28232047" testListId="8c84fa94-04c1-424b-9868-57a2d4851a1d" />
    <TestEntry testId="0f4e158a-5f55-34ac-2195-c457e3f3f9e2" executionId="b7e8b114-973e-4e58-a5c2-ca49cdcc2cd5" testListId="8c84fa94-04c1-424b-9868-57a2d4851a1d" />
    <TestEntry testId="a08c8488-fa9f-7deb-e37e-0124bdaf71c9" executionId="43f9d9c2-0ca8-4ae8-b49d-bfa7b6436a10" testListId="8c84fa94-04c1-424b-9868-57a2d4851a1d" />
    <TestEntry testId="c2833739-846c-dde5-0033-1a2de8fc4d5a" executionId="3c44c596-c037-4d09-8fb6-53e7b17304a5" testListId="8c84fa94-04c1-424b-9868-57a2d4851a1d" />
    <TestEntry testId="69c4777a-51de-9c54-0ee3-eb6af65c109e" executionId="ac0af7ff-08f2-4db7-a230-fa28ed25082d" testListId="8c84fa94-04c1-424b-9868-57a2d4851a1d" />
    <TestEntry testId="17734bbb-2d3a-adb5-e319-0683f12164eb" executionId="0c10c03c-988b-4f2f-b90c-0bc3dacdb824" testListId="8c84fa94-04c1-424b-9868-57a2d4851a1d" />
    <TestEntry testId="6c604da3-7f27-8f64-ea2d-ce727d182abb" executionId="4fe408ea-ec5c-463b-bb1f-01f8b3fb6aa1" testListId="8c84fa94-04c1-424b-9868-57a2d4851a1d" />
    <TestEntry testId="4dcd9f65-678f-d51c-9e07-bf80dcaf54a4" executionId="b4baff2e-19fd-467b-b585-a38fbf255a27" testListId="8c84fa94-04c1-424b-9868-57a2d4851a1d" />
    <TestEntry testId="7e94e694-684d-fa09-70c8-651a86e03ea4" executionId="c05b9d03-5a9c-4b14-afa9-51dd21a45688" testListId="8c84fa94-04c1-424b-9868-57a2d4851a1d" />
    <TestEntry testId="b6ca1995-becc-76ce-0b28-eebf3dd3e464" executionId="bb0a5e76-574a-4a8d-827f-07f5a063558c" testListId="8c84fa94-04c1-424b-9868-57a2d4851a1d" />
    <TestEntry testId="d3675fd4-77f8-268f-8735-9b5ad5bc915b" executionId="2f40afad-61fd-4424-81de-f110018e3482" testListId="8c84fa94-04c1-424b-9868-57a2d4851a1d" />
    <TestEntry testId="e2a03079-8dae-3d38-3cf5-f27f7a4202a4" executionId="a4e4fbe8-dd5d-43c4-9531-de9e7be7a9bc" testListId="8c84fa94-04c1-424b-9868-57a2d4851a1d" />
    <TestEntry testId="0fc86efa-aeca-dada-030f-e8045241eaae" executionId="6b21e179-9419-4bc1-bb8c-bb89f0d637d6" testListId="8c84fa94-04c1-424b-9868-57a2d4851a1d" />
    <TestEntry testId="b9452443-27e0-9ab0-1723-70a405c1b43f" executionId="69df8215-70b1-4a5c-86a5-69a4eba606ee" testListId="8c84fa94-04c1-424b-9868-57a2d4851a1d" />
    <TestEntry testId="380eb0c8-d6f7-276e-b9b6-a564a8f6129e" executionId="463cd2d1-57ab-4dab-a5d4-fdbe1d5c82ad" testListId="8c84fa94-04c1-424b-9868-57a2d4851a1d" />
    <TestEntry testId="216fae5e-208d-f8b3-f0d1-bbf3d8af265f" executionId="ccf05947-5934-4bb7-9928-3e7cf7a280d9" testListId="8c84fa94-04c1-424b-9868-57a2d4851a1d" />
    <TestEntry testId="3a61649c-91c3-4f1a-8a11-3480d7ff1651" executionId="ce1b28e9-8c31-4c1b-9a26-11f6a21dad00" testListId="8c84fa94-04c1-424b-9868-57a2d4851a1d" />
    <TestEntry testId="386a6353-f26d-0503-41f2-052972dc214e" executionId="b4d5daf7-80b1-4f04-b6ae-6b4714a695bd" testListId="8c84fa94-04c1-424b-9868-57a2d4851a1d" />
    <TestEntry testId="d33250cc-856d-72f0-98a8-7c84be2f792c" executionId="d926c4ee-7494-4e9d-99e2-06a538da63e4" testListId="8c84fa94-04c1-424b-9868-57a2d4851a1d" />
    <TestEntry testId="0cd42206-2d45-5b61-2055-2525f417141b" executionId="0e9a0601-57af-4f8f-a046-5c5d25d05808" testListId="8c84fa94-04c1-424b-9868-57a2d4851a1d" />
    <TestEntry testId="ed9a5b1b-624c-3396-5757-abd8e668541b" executionId="e5bdea14-dd70-446d-bb0e-3969d3fc0943" testListId="8c84fa94-04c1-424b-9868-57a2d4851a1d" />
    <TestEntry testId="8456fa24-5ecf-826b-4b12-9156253c47fe" executionId="7bf288e6-7b60-4bde-b415-41c69f5c686c" testListId="8c84fa94-04c1-424b-9868-57a2d4851a1d" />
    <TestEntry testId="a4b13a66-9eee-466b-b0fc-fbf88e46d5b1" executionId="851851b0-3456-4b16-9e8c-ba34a0444991" testListId="8c84fa94-04c1-424b-9868-57a2d4851a1d" />
    <TestEntry testId="0183c416-9787-c59d-18ce-d5b3fc43ac57" executionId="cfee6faa-a64b-4901-9d22-238b99654cb0" testListId="8c84fa94-04c1-424b-9868-57a2d4851a1d" />
    <TestEntry testId="c565182f-b75e-4a8b-1a2d-674dce2fa509" executionId="1763415b-393d-4899-8d7d-36739b706e3d" testListId="8c84fa94-04c1-424b-9868-57a2d4851a1d" />
    <TestEntry testId="580ab2d5-6b28-ec61-9de4-466295a56551" executionId="3e2aced6-4296-4a05-88c5-d83ab95633c7" testListId="8c84fa94-04c1-424b-9868-57a2d4851a1d" />
    <TestEntry testId="2f906df4-9555-6f9b-9ae5-24f39050321b" executionId="c16c9039-56d3-43d1-88f2-89b10699f036" testListId="8c84fa94-04c1-424b-9868-57a2d4851a1d" />
    <TestEntry testId="21bcc043-da28-367a-c1fb-9490833f1b89" executionId="b43fd032-d847-46cc-85f7-5745c271e666" testListId="8c84fa94-04c1-424b-9868-57a2d4851a1d" />
    <TestEntry testId="b41bb231-beda-2963-85d3-5ce48fa4ac9e" executionId="001ef95b-0106-4f2d-a43d-11925ac0a212" testListId="8c84fa94-04c1-424b-9868-57a2d4851a1d" />
    <TestEntry testId="24a1bb0d-d69a-de21-49e4-5bbbeaac5021" executionId="6787af57-e222-4bc0-967b-3fd327173a80" testListId="8c84fa94-04c1-424b-9868-57a2d4851a1d" />
    <TestEntry testId="e919c93b-2878-e388-877b-68a9f48cc9b1" executionId="467d11cb-4c15-4637-94fc-33d64f8ba072" testListId="8c84fa94-04c1-424b-9868-57a2d4851a1d" />
    <TestEntry testId="b27808d6-4355-5292-3153-64fb93821ea0" executionId="6f9dba4c-705f-4397-9192-665d66e7b121" testListId="8c84fa94-04c1-424b-9868-57a2d4851a1d" />
    <TestEntry testId="a791af51-cffc-4361-1fd8-8baf48da92e6" executionId="99479c4f-a195-4a1b-8395-7c1c654f3042" testListId="8c84fa94-04c1-424b-9868-57a2d4851a1d" />
    <TestEntry testId="c51581ef-f81a-dd7d-4cbf-75770d6a883f" executionId="76df067a-5f93-452b-be53-8212e75f2e8b" testListId="8c84fa94-04c1-424b-9868-57a2d4851a1d" />
    <TestEntry testId="02f82b15-1853-9f05-8754-8f243db3e9b1" executionId="862943ec-fec5-4a6c-ae38-45a60a11d234" testListId="8c84fa94-04c1-424b-9868-57a2d4851a1d" />
    <TestEntry testId="a1a0ba31-d02b-8245-607c-82258ff29354" executionId="679aefa9-28b2-46a5-89e8-1acb6685b45d" testListId="8c84fa94-04c1-424b-9868-57a2d4851a1d" />
    <TestEntry testId="72f5bdbc-e270-3979-eb1f-93befbe9f9d0" executionId="dffc9af7-a2f0-48ee-ab39-0578e3cfb9d1" testListId="8c84fa94-04c1-424b-9868-57a2d4851a1d" />
    <TestEntry testId="dadc7847-4729-edf6-eb4b-78006f9ee153" executionId="7d50c3d6-aa44-44a2-abd6-4001c5bcc066" testListId="8c84fa94-04c1-424b-9868-57a2d4851a1d" />
    <TestEntry testId="abb79c21-cbdf-18a9-eb27-48d7cd452ee8" executionId="b95e6700-a9e0-4771-8660-5f1fc5339ba3" testListId="8c84fa94-04c1-424b-9868-57a2d4851a1d" />
    <TestEntry testId="8444e906-7a92-9021-9b3f-57eb7bbd8067" executionId="512c1673-1f27-4303-b123-fe6018fffe05" testListId="8c84fa94-04c1-424b-9868-57a2d4851a1d" />
    <TestEntry testId="13e85df1-3456-393c-8dca-d481490ed075" executionId="692eba44-c41f-41c4-b460-07ba4068c39d" testListId="8c84fa94-04c1-424b-9868-57a2d4851a1d" />
    <TestEntry testId="a6da1f0c-9d53-8f1b-60d6-c520ee89e7a7" executionId="21dce824-1046-4223-826d-386e62744a9d" testListId="8c84fa94-04c1-424b-9868-57a2d4851a1d" />
    <TestEntry testId="ff7d5d75-8704-2f07-483c-d76f3a2523cc" executionId="6231de3a-4aaf-49e1-88bc-c87d93d0f4f0" testListId="8c84fa94-04c1-424b-9868-57a2d4851a1d" />
    <TestEntry testId="6348b4b0-49f7-9204-9791-fbfe727cb8b8" executionId="db2fdd42-ad46-4de3-8dcf-e75afafa3efa" testListId="8c84fa94-04c1-424b-9868-57a2d4851a1d" />
    <TestEntry testId="0ad74e44-881e-9461-7e6f-381a5cc80df0" executionId="7157ebf7-ef32-43df-b8e2-42541fcd21fe" testListId="8c84fa94-04c1-424b-9868-57a2d4851a1d" />
    <TestEntry testId="bc2dc8fc-01b0-0065-79fa-2e41ef829892" executionId="c38359f4-1205-4656-9f80-d43bb00d4e0a" testListId="8c84fa94-04c1-424b-9868-57a2d4851a1d" />
    <TestEntry testId="2e664e3e-5b40-d901-9f2b-e816fa56a993" executionId="3b4980c2-7b7f-47c9-b135-59567d16271f" testListId="8c84fa94-04c1-424b-9868-57a2d4851a1d" />
    <TestEntry testId="610377d7-39b0-f1e5-075a-04c0ff0b06a2" executionId="d3dd61e3-220b-4328-a5a3-ce3be7034e3a" testListId="8c84fa94-04c1-424b-9868-57a2d4851a1d" />
    <TestEntry testId="55be0839-9d5f-302a-bfcf-f7926cef9841" executionId="8028f8c4-add4-4100-a4fa-d85a0216623c" testListId="8c84fa94-04c1-424b-9868-57a2d4851a1d" />
    <TestEntry testId="379018c4-3439-ea28-2c36-3039f4766b8e" executionId="2aec02bb-82b5-4749-94b9-7655815a051b" testListId="8c84fa94-04c1-424b-9868-57a2d4851a1d" />
    <TestEntry testId="be961a03-49b0-93a8-a575-29626617f5f3" executionId="fe2d0199-e76e-4fc1-82ec-e73c58f7429f" testListId="8c84fa94-04c1-424b-9868-57a2d4851a1d" />
    <TestEntry testId="d61c5a24-3052-33c6-809a-bcd51f433ccc" executionId="17cc2607-391d-4650-926a-9169d67d0422" testListId="8c84fa94-04c1-424b-9868-57a2d4851a1d" />
    <TestEntry testId="4b65b228-f0fd-3e1d-e2c9-95f312b6aeb7" executionId="33cbf2fc-1b07-48d9-8cdb-d518ab47006a" testListId="8c84fa94-04c1-424b-9868-57a2d4851a1d" />
    <TestEntry testId="71b16f9b-dbb0-7a23-533d-802c9512270b" executionId="301bc709-a0f9-4310-9b44-eea72f163b35" testListId="8c84fa94-04c1-424b-9868-57a2d4851a1d" />
    <TestEntry testId="7b5400c4-5377-7ac8-dd1c-7b695cb4115f" executionId="dd33568b-6054-43ec-83bc-a7cd3c7501d7" testListId="8c84fa94-04c1-424b-9868-57a2d4851a1d" />
    <TestEntry testId="6c111a58-0dcb-5d69-cab0-6f7362899525" executionId="004ba664-f9d6-48de-9c27-cb99fc88c3d7" testListId="8c84fa94-04c1-424b-9868-57a2d4851a1d" />
    <TestEntry testId="bfb43a18-8b27-64cf-f833-254fc2466b22" executionId="303bba10-8374-4c76-89e5-b6a1f348ebe7" testListId="8c84fa94-04c1-424b-9868-57a2d4851a1d" />
    <TestEntry testId="00c173aa-365e-0279-47ce-e69aab924076" executionId="17aab340-ea8a-48cd-99e1-e9b1c58916a4" testListId="8c84fa94-04c1-424b-9868-57a2d4851a1d" />
    <TestEntry testId="026ac8cf-e708-7f65-282f-a4f25298f17b" executionId="abd37fb7-498c-41d0-b505-46bbcde0e601" testListId="8c84fa94-04c1-424b-9868-57a2d4851a1d" />
    <TestEntry testId="0e06d825-6ba9-71ac-24ec-c9336680dd03" executionId="11e54549-dcb5-4c97-8a15-283b4c5e135c" testListId="8c84fa94-04c1-424b-9868-57a2d4851a1d" />
    <TestEntry testId="f6e6ea6a-a253-8185-3a92-d6751c76c436" executionId="3e34af82-06a3-4bf6-b4e3-38d3a7851f58" testListId="8c84fa94-04c1-424b-9868-57a2d4851a1d" />
    <TestEntry testId="7af319c8-84cb-197c-29fc-ea5e77c2f3be" executionId="0d4dacf6-27c6-47c7-ad82-c6e8492db30b" testListId="8c84fa94-04c1-424b-9868-57a2d4851a1d" />
    <TestEntry testId="1658bad2-8c99-0b77-1530-2e9ba32823bd" executionId="6832ccdf-611a-44d9-a0ac-b6fbd33f8b5f" testListId="8c84fa94-04c1-424b-9868-57a2d4851a1d" />
    <TestEntry testId="1382f86b-6464-d2a1-e722-0841d0b65336" executionId="4229052b-a7e9-4329-904b-d0a01786e1b6" testListId="8c84fa94-04c1-424b-9868-57a2d4851a1d" />
    <TestEntry testId="274eee3c-fa31-a55c-1941-d2fdb1077d83" executionId="df840a0a-1cdf-42fe-9f11-8361525ee5ac" testListId="8c84fa94-04c1-424b-9868-57a2d4851a1d" />
    <TestEntry testId="e3333616-70b0-385e-063b-ec83b99dd0ba" executionId="edaa79af-ec58-423e-9c85-46765221de2a" testListId="8c84fa94-04c1-424b-9868-57a2d4851a1d" />
    <TestEntry testId="2adcf87c-7078-5286-2ca1-778b501cd9f7" executionId="9dbe46eb-7fd0-4ee9-ae13-1c280bede55d" testListId="8c84fa94-04c1-424b-9868-57a2d4851a1d" />
    <TestEntry testId="8257a4bf-ab18-2761-6e92-b21983b2b798" executionId="e2976d8a-0e0b-43c4-863b-a8b68afbf89f" testListId="8c84fa94-04c1-424b-9868-57a2d4851a1d" />
    <TestEntry testId="1172006b-9d72-b3a7-ee7d-07862438f160" executionId="c8437ae5-809a-40d0-8c35-6bfa08531759" testListId="8c84fa94-04c1-424b-9868-57a2d4851a1d" />
    <TestEntry testId="341610ea-9bd8-25a4-90fc-740a57823f92" executionId="9009e9a5-bcae-45cc-b551-d9e10e0d703a" testListId="8c84fa94-04c1-424b-9868-57a2d4851a1d" />
    <TestEntry testId="a64a893d-a7c9-f50c-de3c-debed5fa79b5" executionId="32546c52-efb0-4160-b16c-770d281f4ba7" testListId="8c84fa94-04c1-424b-9868-57a2d4851a1d" />
    <TestEntry testId="9fc60cd8-d419-6ed6-ac2e-164788256e59" executionId="e80ae3bf-13d2-49f5-96b2-989ec6f0f021" testListId="8c84fa94-04c1-424b-9868-57a2d4851a1d" />
    <TestEntry testId="0f34bf53-f1cd-8615-6e75-51f26224ccf1" executionId="56e0eaf1-d32f-40bd-8049-f37c9e4ae86b" testListId="8c84fa94-04c1-424b-9868-57a2d4851a1d" />
    <TestEntry testId="ddd788b7-fa29-d0c9-c87b-c6974b37dc7d" executionId="00cc73cb-7af7-4972-be04-2885f6bd2f90" testListId="8c84fa94-04c1-424b-9868-57a2d4851a1d" />
    <TestEntry testId="cfb2439a-56a0-7de3-f9a2-8d326d2ccf14" executionId="1e2baa7b-4d29-46ec-a34c-f7a863b3e7d1" testListId="8c84fa94-04c1-424b-9868-57a2d4851a1d" />
    <TestEntry testId="2782a3f6-bb08-acfe-bfab-49ee7d2fdbfa" executionId="df2327ae-8004-4f1d-b955-b9d8d92bc207" testListId="8c84fa94-04c1-424b-9868-57a2d4851a1d" />
    <TestEntry testId="a9f22fa3-b7d2-f6d4-3197-1e8215934f1f" executionId="463872b9-9856-43a8-9c13-0a7fe093a7a6" testListId="8c84fa94-04c1-424b-9868-57a2d4851a1d" />
    <TestEntry testId="c2736500-86f5-c7ae-a0e1-fceb61e5a5d4" executionId="96537782-dfcb-4b0e-b29d-c958201c5e25" testListId="8c84fa94-04c1-424b-9868-57a2d4851a1d" />
    <TestEntry testId="cdeb3be1-fe32-ff89-e068-e42e39c27a73" executionId="42fab482-3336-4ca6-b1bb-065c5a149b61" testListId="8c84fa94-04c1-424b-9868-57a2d4851a1d" />
    <TestEntry testId="39e2492b-a588-79ac-add5-4d0176982180" executionId="f1f6747e-8fd4-4251-9ebd-ea3f1c9b32b8" testListId="8c84fa94-04c1-424b-9868-57a2d4851a1d" />
    <TestEntry testId="837f3b30-3aeb-50a8-d532-f419df9834ba" executionId="a9cfc105-99bf-41ff-b3a5-22e50f03a181" testListId="8c84fa94-04c1-424b-9868-57a2d4851a1d" />
    <TestEntry testId="92e23589-82d8-4d27-764e-fa018e45b747" executionId="5bdcf4fe-0812-469e-a492-645afea1338d" testListId="8c84fa94-04c1-424b-9868-57a2d4851a1d" />
    <TestEntry testId="b56338b4-aae6-cbe0-3487-2e781b98c188" executionId="19f9f986-3ae0-45de-85b7-c72659021880" testListId="8c84fa94-04c1-424b-9868-57a2d4851a1d" />
    <TestEntry testId="b7ec82f7-3497-4dc6-bb74-fbcde89b4ab4" executionId="45991171-6d17-44a3-a7e7-971beefe423a" testListId="8c84fa94-04c1-424b-9868-57a2d4851a1d" />
    <TestEntry testId="3c732fdd-347f-bf9b-4cee-87347d32525f" executionId="071d9bf3-7fdc-49a3-9195-1d8a49ee7925" testListId="8c84fa94-04c1-424b-9868-57a2d4851a1d" />
    <TestEntry testId="17d839f5-53e2-230c-5fc7-a871a7838f84" executionId="910bd523-a15f-4e66-82ec-b0b7c3b6cb43" testListId="8c84fa94-04c1-424b-9868-57a2d4851a1d" />
    <TestEntry testId="fb944051-8a30-bb84-bc2a-dc4270028415" executionId="950c540f-049b-436b-a78e-521bd807a969" testListId="8c84fa94-04c1-424b-9868-57a2d4851a1d" />
    <TestEntry testId="dafbe950-e143-41f5-1a50-ea362a5aa5d4" executionId="d4fe656e-442f-4ed7-b23d-9d2541ff0444" testListId="8c84fa94-04c1-424b-9868-57a2d4851a1d" />
    <TestEntry testId="f20c73fc-7f07-e8ef-25e3-d34c7ca18877" executionId="ae49131e-170a-460a-bd13-6da80eda49aa" testListId="8c84fa94-04c1-424b-9868-57a2d4851a1d" />
    <TestEntry testId="632ea7a5-ff19-c828-ab06-71f1c1ae0c57" executionId="d2b8c62b-968c-4d38-a2a0-bd2fec4d717c" testListId="8c84fa94-04c1-424b-9868-57a2d4851a1d" />
    <TestEntry testId="8237afc1-9210-54d8-45bd-84bf26e08f89" executionId="e463df91-5d0e-4d43-a3b8-2c2b6116d592" testListId="8c84fa94-04c1-424b-9868-57a2d4851a1d" />
    <TestEntry testId="c769eba8-ab90-c528-a852-a01f625e896b" executionId="7a85e5a4-0588-4977-8714-1e66c8ea054c" testListId="8c84fa94-04c1-424b-9868-57a2d4851a1d" />
    <TestEntry testId="a73c4b3c-3d13-f62c-d2e5-567ad0be5c42" executionId="9ac1bfc6-e378-49c7-b178-28955027c93c" testListId="8c84fa94-04c1-424b-9868-57a2d4851a1d" />
    <TestEntry testId="b700fa6d-df15-3228-9006-81a0fe0edb31" executionId="55928966-688e-404b-8fea-e37d3f32f152" testListId="8c84fa94-04c1-424b-9868-57a2d4851a1d" />
    <TestEntry testId="6e94a57e-5259-7bdc-f138-c47a49ede1a1" executionId="c8fd35d9-878c-4b75-b932-f65089300a74" testListId="8c84fa94-04c1-424b-9868-57a2d4851a1d" />
    <TestEntry testId="c57a980e-ffcc-5e16-6a31-18fd8b909caa" executionId="03d33f01-a4d2-46cc-a452-9bba82841ba3" testListId="8c84fa94-04c1-424b-9868-57a2d4851a1d" />
    <TestEntry testId="37d70f53-ca13-79ab-c67c-fecd55be0876" executionId="08e30558-36a9-4b8f-bfa0-27d4dfffbc50" testListId="8c84fa94-04c1-424b-9868-57a2d4851a1d" />
    <TestEntry testId="9a5250b7-62e0-de5b-0bd3-c2b7c7798ce7" executionId="d5ef20d8-28b7-4fd5-9260-05e70accb56e" testListId="8c84fa94-04c1-424b-9868-57a2d4851a1d" />
    <TestEntry testId="4b28edc9-10aa-dd25-05d6-efbec430bd7a" executionId="145ba95c-d0b2-4275-aa7a-c5bb15fc3351" testListId="8c84fa94-04c1-424b-9868-57a2d4851a1d" />
    <TestEntry testId="f2da4add-4324-6352-9afd-0fe37f754b21" executionId="6e0e9407-c60d-4853-bed0-0ac29fa51be1" testListId="8c84fa94-04c1-424b-9868-57a2d4851a1d" />
    <TestEntry testId="719fd87e-be7b-b92c-8926-a4bddcef0244" executionId="d8587df2-4e02-4b07-8b5d-7b1366ed1e24" testListId="8c84fa94-04c1-424b-9868-57a2d4851a1d" />
    <TestEntry testId="7b53b99d-252e-844e-10ce-3552b8f6980f" executionId="75e5ddce-a813-421d-ac9b-352eb0942ebc" testListId="8c84fa94-04c1-424b-9868-57a2d4851a1d" />
    <TestEntry testId="f28b795b-c425-f0b1-e6d2-05ca8e559551" executionId="f17fe5bd-7b75-411d-ad8e-94f2e399f5fd" testListId="8c84fa94-04c1-424b-9868-57a2d4851a1d" />
    <TestEntry testId="752c0495-686a-2709-5240-916b7eb02d3a" executionId="85cba852-2f5b-4cdf-8a9e-1f139c0bf14e" testListId="8c84fa94-04c1-424b-9868-57a2d4851a1d" />
    <TestEntry testId="19843874-c731-8a36-a21a-27e85d4f5a57" executionId="dbf0cb48-1f68-459d-b685-0e291e09eb29" testListId="8c84fa94-04c1-424b-9868-57a2d4851a1d" />
    <TestEntry testId="4f980f14-0ada-dd56-93fe-12a559a27314" executionId="f8f4513b-880f-4ea7-9d1a-dc8964807854" testListId="8c84fa94-04c1-424b-9868-57a2d4851a1d" />
    <TestEntry testId="d9e3c39e-a746-2b8a-5354-8ea82331bcd9" executionId="c2919801-ae98-43c9-8a4a-82b46c02edfd" testListId="8c84fa94-04c1-424b-9868-57a2d4851a1d" />
    <TestEntry testId="49538287-c6a8-9cce-5150-35176d68e7fe" executionId="15495131-1f53-457f-b9e6-768767768c36" testListId="8c84fa94-04c1-424b-9868-57a2d4851a1d" />
    <TestEntry testId="c350fedf-0a65-57f7-f133-063ae7c0e4c8" executionId="41e9afaf-c8e0-4dff-b39a-6ee7b9ed9d9a" testListId="8c84fa94-04c1-424b-9868-57a2d4851a1d" />
    <TestEntry testId="57f59a31-3f22-a5b8-69d7-45e7719f3ea1" executionId="0af4362a-5880-489b-a8e9-e1e79f6bf5ed" testListId="8c84fa94-04c1-424b-9868-57a2d4851a1d" />
    <TestEntry testId="9302047d-d400-9bf9-4ba4-2e05b31dc9ec" executionId="4a6d2f34-99c0-4d3a-b0e5-cd47398fab7a" testListId="8c84fa94-04c1-424b-9868-57a2d4851a1d" />
    <TestEntry testId="a66db8ec-8bb4-14b5-d72b-619fdbf967a5" executionId="6945f523-48c1-4d45-80e1-7c67c6f182c7" testListId="8c84fa94-04c1-424b-9868-57a2d4851a1d" />
    <TestEntry testId="f4a21ccd-5b4f-d613-e7b9-440db30d38e4" executionId="8be05d9d-af4e-400f-99dc-1a4770c89b90" testListId="8c84fa94-04c1-424b-9868-57a2d4851a1d" />
    <TestEntry testId="eaf85606-7f0d-3e94-fb5d-ed88b536baa0" executionId="094e4de9-51bf-4e9e-bd03-1d79670cd1f8" testListId="8c84fa94-04c1-424b-9868-57a2d4851a1d" />
    <TestEntry testId="72c240ff-79c5-ef41-5967-e3c497b7b2c0" executionId="8446f53e-6f3e-4d8d-b003-781e76f61b09" testListId="8c84fa94-04c1-424b-9868-57a2d4851a1d" />
    <TestEntry testId="d24e4d75-af83-eba3-bdf8-ba8e65054856" executionId="655add03-8b14-4545-b79f-688490b1a33b" testListId="8c84fa94-04c1-424b-9868-57a2d4851a1d" />
    <TestEntry testId="74c0130b-d063-4d59-6d84-18416c8beb4f" executionId="f0c22fe2-6782-4519-9243-ae86adb4d524" testListId="8c84fa94-04c1-424b-9868-57a2d4851a1d" />
    <TestEntry testId="e46dbe14-100d-b571-9fb5-196347dd96ac" executionId="3fed41c9-78dc-4412-87f7-75b682cc2da4" testListId="8c84fa94-04c1-424b-9868-57a2d4851a1d" />
    <TestEntry testId="ea9a1ed5-0813-906f-0ed6-0a192bf899e6" executionId="2182d369-e14e-4f9e-bdc5-dbeb628a947c" testListId="8c84fa94-04c1-424b-9868-57a2d4851a1d" />
    <TestEntry testId="91285e79-b6fd-7585-384e-bbf4da4c2bcd" executionId="5ad8e5f4-0434-47f7-a8af-d9c621ca741c" testListId="8c84fa94-04c1-424b-9868-57a2d4851a1d" />
    <TestEntry testId="f3dbad6e-a998-4f0d-7c83-23b7bc70f023" executionId="28684c0e-fe47-454f-a13b-619daf890601" testListId="8c84fa94-04c1-424b-9868-57a2d4851a1d" />
    <TestEntry testId="193f831d-c7c9-ac41-bc1b-9798c85535ca" executionId="4cf18464-3e3a-4be8-9795-6583612835f3" testListId="8c84fa94-04c1-424b-9868-57a2d4851a1d" />
    <TestEntry testId="7422afbf-8dc8-2993-87d6-1f702a4bc862" executionId="9382c0d1-f691-4e6d-8b2b-1803be15077d" testListId="8c84fa94-04c1-424b-9868-57a2d4851a1d" />
    <TestEntry testId="891c0d76-e64c-f414-ec6a-1381d76267bf" executionId="e7be4c8b-6acb-4cf1-8fe7-c4f2605a9e5c" testListId="8c84fa94-04c1-424b-9868-57a2d4851a1d" />
    <TestEntry testId="64432d28-23cd-4cf2-4daf-935cfc9905b7" executionId="4d043711-3b76-405c-81c8-4409ae0622a3" testListId="8c84fa94-04c1-424b-9868-57a2d4851a1d" />
    <TestEntry testId="dfaddf73-e2fe-692a-95cb-e0210649fd35" executionId="5430f964-9a42-4bdd-89cf-06d0b86e8a94" testListId="8c84fa94-04c1-424b-9868-57a2d4851a1d" />
    <TestEntry testId="0ed9cd8c-6283-5489-0e2e-ce31df1b16b4" executionId="5b3aa42d-a305-4db2-8db2-b691edbfd439" testListId="8c84fa94-04c1-424b-9868-57a2d4851a1d" />
    <TestEntry testId="cb85c450-02e3-5db9-b93c-f905351c1d09" executionId="e46eacb6-eb25-4409-a334-92b4cc6e6be7" testListId="8c84fa94-04c1-424b-9868-57a2d4851a1d" />
    <TestEntry testId="b074171d-4bb2-388e-f619-96efeb179b06" executionId="f60e3aaa-6891-4b40-a80d-94cb7c6a783b" testListId="8c84fa94-04c1-424b-9868-57a2d4851a1d" />
    <TestEntry testId="f057999f-37d3-2f7d-8c71-29439544f997" executionId="9c6c191a-5c8e-41f2-8700-481a61f76faa" testListId="8c84fa94-04c1-424b-9868-57a2d4851a1d" />
    <TestEntry testId="bc3f5322-761c-1784-32c8-0807bc806b0a" executionId="bae1009f-3d8f-40b1-a2c5-8e9191b311ba" testListId="8c84fa94-04c1-424b-9868-57a2d4851a1d" />
    <TestEntry testId="2fd4fb21-86aa-48b4-d55c-838ac3bda4eb" executionId="01f517b0-2335-4cff-9cd6-97ef7935b739" testListId="8c84fa94-04c1-424b-9868-57a2d4851a1d" />
    <TestEntry testId="2de1f6d1-4fbc-d3f7-5b38-8fabe0afe62f" executionId="56cb73ab-3e23-46e7-92d0-e5f5b74e1018" testListId="8c84fa94-04c1-424b-9868-57a2d4851a1d" />
    <TestEntry testId="8879b9b8-0100-f390-31c6-fdcbdf8a4f83" executionId="90387d5d-3256-4847-aa34-40d2261807a8" testListId="8c84fa94-04c1-424b-9868-57a2d4851a1d" />
    <TestEntry testId="5f61ffa8-be4c-5cf6-d406-18781222cb59" executionId="9669abd9-f345-4bb2-a0ff-dc442b3cf896" testListId="8c84fa94-04c1-424b-9868-57a2d4851a1d" />
    <TestEntry testId="7280bcd5-2dc4-a3f6-24fd-df56e5b00deb" executionId="1002dd78-65cd-4e5d-927b-38f27e23d94d" testListId="8c84fa94-04c1-424b-9868-57a2d4851a1d" />
    <TestEntry testId="a1148d07-bacb-7b60-5bda-bc014fb00c20" executionId="1bf89b3f-0138-4e70-a09a-58870dd585a2" testListId="8c84fa94-04c1-424b-9868-57a2d4851a1d" />
    <TestEntry testId="3d8d8c47-dc22-599d-26af-f64601981b29" executionId="d57dfff2-fad0-43c9-bba5-dbeb0b666652" testListId="8c84fa94-04c1-424b-9868-57a2d4851a1d" />
    <TestEntry testId="35113593-4524-9172-cef8-1a1f5c1dfb29" executionId="e8beb19a-34fe-4b45-b7f6-aad124e7641b" testListId="8c84fa94-04c1-424b-9868-57a2d4851a1d" />
    <TestEntry testId="a461dd4d-6d71-3e10-f8bf-9d15ad34f5c8" executionId="d9c00cb7-4cdf-453d-aba0-f944723d5c15" testListId="8c84fa94-04c1-424b-9868-57a2d4851a1d" />
    <TestEntry testId="837c6681-7a11-fda1-e2c1-66903c24de53" executionId="e77b664a-b3bf-474c-8fa1-a8ca51a50f4b" testListId="8c84fa94-04c1-424b-9868-57a2d4851a1d" />
    <TestEntry testId="13d2b3bb-af6c-2786-7b3d-1db93b9fedf2" executionId="66169b6e-c9e3-4221-a225-db31aeabb453" testListId="8c84fa94-04c1-424b-9868-57a2d4851a1d" />
    <TestEntry testId="53f90dbe-f7ad-b0e7-04ef-fba16a107a6f" executionId="e5386d6c-1973-4694-b5f9-d6ec456a9c80" testListId="8c84fa94-04c1-424b-9868-57a2d4851a1d" />
    <TestEntry testId="e8132b4a-b72b-7d8e-d5ad-2056ee804391" executionId="f926f731-3ed0-4928-ae30-eecfd0e33249" testListId="8c84fa94-04c1-424b-9868-57a2d4851a1d" />
    <TestEntry testId="451dabd5-e4bb-ea9d-054e-87b0f58becfa" executionId="48b54e10-f258-4b1e-a10b-1052602b5473" testListId="8c84fa94-04c1-424b-9868-57a2d4851a1d" />
    <TestEntry testId="07033e2b-ce19-3c9a-f51d-d9b702d310a1" executionId="672138ad-2741-4c2b-b5d6-37acfce8760c" testListId="8c84fa94-04c1-424b-9868-57a2d4851a1d" />
    <TestEntry testId="38306153-a308-b729-5fc5-ac18787be15f" executionId="032cfe6f-616d-4d0c-b83f-3dc6936a133c" testListId="8c84fa94-04c1-424b-9868-57a2d4851a1d" />
    <TestEntry testId="d5f63a3d-0bec-c5aa-6fdf-b4d0492c062a" executionId="605be833-1946-4485-b03d-ae866e64ae31" testListId="8c84fa94-04c1-424b-9868-57a2d4851a1d" />
    <TestEntry testId="0fa0c864-c433-31dc-ea26-995fbf849a90" executionId="a100384f-8323-4482-ad50-28436b571d6e" testListId="8c84fa94-04c1-424b-9868-57a2d4851a1d" />
    <TestEntry testId="0667d290-5479-f00f-a7a0-ba550069f4d6" executionId="8ba8a330-5932-4108-9f75-f104c76a8167" testListId="8c84fa94-04c1-424b-9868-57a2d4851a1d" />
    <TestEntry testId="8537861e-52bb-f63c-38f8-3f1d41ff88e5" executionId="2d35524d-bcd2-4f37-aa2c-56191380ed97" testListId="8c84fa94-04c1-424b-9868-57a2d4851a1d" />
    <TestEntry testId="149b451f-18ff-71da-64d2-d4ad70318933" executionId="5cfb82fe-270a-44e6-8219-ff69e06865bd" testListId="8c84fa94-04c1-424b-9868-57a2d4851a1d" />
    <TestEntry testId="4191e320-5572-4ed4-213f-949531d6a246" executionId="902e2666-8e89-4642-a028-8c5e515b243b" testListId="8c84fa94-04c1-424b-9868-57a2d4851a1d" />
    <TestEntry testId="03e5974c-7aa0-7aa6-bbeb-a5715ea0d1d7" executionId="177190f8-bd94-4e88-8a47-d17a57d81ea5" testListId="8c84fa94-04c1-424b-9868-57a2d4851a1d" />
    <TestEntry testId="0bb6c333-e41f-4877-c81e-d24ff9ead53d" executionId="0f99a77b-5af9-4618-b86f-ed096a2cbc77" testListId="8c84fa94-04c1-424b-9868-57a2d4851a1d" />
    <TestEntry testId="e2ca2857-33e4-4daa-d2e9-09d09dfdba1f" executionId="36091528-c3bf-4176-9a72-386ba8bbf279" testListId="8c84fa94-04c1-424b-9868-57a2d4851a1d" />
    <TestEntry testId="f2705aac-0fab-25bd-44fc-31cfea9f5c9a" executionId="dbf74b50-5de8-41a0-8fb6-4fffb35ce80e" testListId="8c84fa94-04c1-424b-9868-57a2d4851a1d" />
    <TestEntry testId="e7e966d4-e5d2-6514-5e34-60687297029b" executionId="15349d15-d50b-445b-ad58-0b6380dbd1da" testListId="8c84fa94-04c1-424b-9868-57a2d4851a1d" />
    <TestEntry testId="4f19bfe4-12a5-e7df-9799-ba1ffdd56260" executionId="01833f5c-c438-44cf-ab4c-c7f11573ccf4" testListId="8c84fa94-04c1-424b-9868-57a2d4851a1d" />
    <TestEntry testId="209edf4d-3b12-5a43-fec0-fca0d1a4ea6d" executionId="b471d779-8ab1-406e-812e-27c5f3467f4d" testListId="8c84fa94-04c1-424b-9868-57a2d4851a1d" />
    <TestEntry testId="83a97307-8552-7789-5b14-74a21c8cbcd2" executionId="09231078-103f-4948-b0eb-a54549994717" testListId="8c84fa94-04c1-424b-9868-57a2d4851a1d" />
    <TestEntry testId="b8d38453-fb40-0cfb-4e20-39c788746328" executionId="c98b62b6-f163-4203-9f92-1ac37ee5f9c9" testListId="8c84fa94-04c1-424b-9868-57a2d4851a1d" />
    <TestEntry testId="f454394e-283b-6832-24e4-e862ec140984" executionId="e583c585-1936-456d-9656-efc21d89e6e3" testListId="8c84fa94-04c1-424b-9868-57a2d4851a1d" />
    <TestEntry testId="333aaef5-a204-ff89-a246-bb5035b09f90" executionId="c9a75f0a-5417-47ff-b957-81fbd59dd674" testListId="8c84fa94-04c1-424b-9868-57a2d4851a1d" />
    <TestEntry testId="369d8b6d-6b5f-c2d1-d938-37474ed850e0" executionId="5c6fbe39-ea3d-4bcb-aa2a-75f7d06a2928" testListId="8c84fa94-04c1-424b-9868-57a2d4851a1d" />
    <TestEntry testId="184b236a-96f5-5ef7-81e9-55fd01a96b10" executionId="21adb88c-f279-4811-8b57-51ce3ce50ff9" testListId="8c84fa94-04c1-424b-9868-57a2d4851a1d" />
    <TestEntry testId="4936d87a-883b-6212-fe10-ba7602a69db8" executionId="f52085f6-3f51-4bbe-bbc3-ff4d1b9aadc4" testListId="8c84fa94-04c1-424b-9868-57a2d4851a1d" />
    <TestEntry testId="036a6ec9-ae68-934b-9f02-a81dae974d18" executionId="0af44eff-10a7-40e1-acfc-147b3443604e" testListId="8c84fa94-04c1-424b-9868-57a2d4851a1d" />
    <TestEntry testId="f33cb892-3679-fe31-40d8-b78f43a0c80f" executionId="8146dd4f-89b3-4491-9f3b-ab84b9a441e4" testListId="8c84fa94-04c1-424b-9868-57a2d4851a1d" />
    <TestEntry testId="a488094a-b6b5-d178-8919-9dcf3be59209" executionId="8b198379-a2ed-40de-a6b8-013060a55959" testListId="8c84fa94-04c1-424b-9868-57a2d4851a1d" />
    <TestEntry testId="a6927394-4cdf-6861-5383-48d3191f12fe" executionId="000a469c-a90b-41ba-a0cf-a894928f3180" testListId="8c84fa94-04c1-424b-9868-57a2d4851a1d" />
    <TestEntry testId="70fae426-3482-001e-3d7c-925da7888589" executionId="4d56dad4-5e75-431c-879c-447d451bbc6e" testListId="8c84fa94-04c1-424b-9868-57a2d4851a1d" />
    <TestEntry testId="862cc562-9bfe-8861-cf4e-b4582450cbaa" executionId="6d40bc21-84e8-4b30-8426-4e9c6af9efe4" testListId="8c84fa94-04c1-424b-9868-57a2d4851a1d" />
    <TestEntry testId="c74c54e8-6590-d76d-eaee-baa60a589aef" executionId="b5759218-33c3-4cf0-af2c-9f40226031db" testListId="8c84fa94-04c1-424b-9868-57a2d4851a1d" />
    <TestEntry testId="d53ebf9d-a1b0-7eb1-4b91-4ab174a99cc7" executionId="ad006386-24f0-4684-95fd-5c6d769b9560" testListId="8c84fa94-04c1-424b-9868-57a2d4851a1d" />
    <TestEntry testId="f96ea468-2b60-097d-c220-3c5f104473af" executionId="34118856-a4fb-48f4-be82-1bc342fabe71" testListId="8c84fa94-04c1-424b-9868-57a2d4851a1d" />
    <TestEntry testId="0204302a-a6b4-6e62-a63e-362dc9379d6c" executionId="b0119f00-9ac9-4492-9e88-9176c9674bc7" testListId="8c84fa94-04c1-424b-9868-57a2d4851a1d" />
    <TestEntry testId="2035ba59-2ee2-badb-15b9-a8ffa8fcf57c" executionId="50fe4131-e37e-42e1-b663-985968f42a54" testListId="8c84fa94-04c1-424b-9868-57a2d4851a1d" />
    <TestEntry testId="a9bdfcdb-7bc0-3167-07a5-dafa13fc5389" executionId="dede7f32-59cb-45c4-b8e5-ba829ac02e87" testListId="8c84fa94-04c1-424b-9868-57a2d4851a1d" />
    <TestEntry testId="03343bcc-4f24-4c8a-3ccc-51481d1ee303" executionId="16f4ad32-82c3-48e8-bc70-fd5e7363ba0b" testListId="8c84fa94-04c1-424b-9868-57a2d4851a1d" />
    <TestEntry testId="419ecc87-d9c8-28c4-00c0-ef118e7ae268" executionId="063d8c5a-ee75-495e-b36e-61e889a610ce" testListId="8c84fa94-04c1-424b-9868-57a2d4851a1d" />
    <TestEntry testId="f0585ec3-ae76-b5af-6830-899496ff1fd9" executionId="e26d555f-aaa5-452a-be8d-0e535b79c2f4" testListId="8c84fa94-04c1-424b-9868-57a2d4851a1d" />
    <TestEntry testId="5d8a1a0c-8ac0-09f0-e7c5-3249de62e9a9" executionId="e124ebaf-63d1-41c8-bfc5-55c885a3fd4f" testListId="8c84fa94-04c1-424b-9868-57a2d4851a1d" />
    <TestEntry testId="f4854fd4-587a-5d07-271a-654c42d2751c" executionId="37f17d24-3987-4333-af9b-3d548b9d970f" testListId="8c84fa94-04c1-424b-9868-57a2d4851a1d" />
    <TestEntry testId="859e7823-e1a7-1174-301f-2aa38167af9b" executionId="262b6be7-674b-46b2-a6a5-f0b49c08b357" testListId="8c84fa94-04c1-424b-9868-57a2d4851a1d" />
    <TestEntry testId="ef53e72d-a746-f7fd-4dfa-41ab2ce4fb60" executionId="9eeeddad-9f9f-4d22-8780-8481dd70b416" testListId="8c84fa94-04c1-424b-9868-57a2d4851a1d" />
    <TestEntry testId="d1d03651-a1e2-f6be-a8df-45190d2d89f8" executionId="de7a580c-a077-43c9-aa7b-d7d83f967522" testListId="8c84fa94-04c1-424b-9868-57a2d4851a1d" />
    <TestEntry testId="52456efe-2b4c-e54c-a102-5bc9bc1cc7f8" executionId="ebde33d7-3cdd-447a-a261-ba662d19ab3a" testListId="8c84fa94-04c1-424b-9868-57a2d4851a1d" />
    <TestEntry testId="71a2762b-d8da-32e7-80e0-7c170fef2ac7" executionId="d6e50dd0-cee8-4df6-9fd4-5dbf6a7f1b09" testListId="8c84fa94-04c1-424b-9868-57a2d4851a1d" />
    <TestEntry testId="0dc215f9-ced3-1d40-e986-2ebe86240f13" executionId="51a320aa-4997-4dab-b237-48115fbefa0e" testListId="8c84fa94-04c1-424b-9868-57a2d4851a1d" />
    <TestEntry testId="19f5bc79-d564-bb1a-c016-f7779e568c5d" executionId="a3afce4e-0b09-4614-adfa-0fd0db462798" testListId="8c84fa94-04c1-424b-9868-57a2d4851a1d" />
    <TestEntry testId="5196bde9-6c75-174a-8f79-d717861ecd56" executionId="810b1314-a2ec-4cef-8a24-10324510b236" testListId="8c84fa94-04c1-424b-9868-57a2d4851a1d" />
    <TestEntry testId="41200b0a-b89d-be5b-7447-22f852721d92" executionId="75fdfb07-b61f-4342-9d31-ee2de1668c4c" testListId="8c84fa94-04c1-424b-9868-57a2d4851a1d" />
    <TestEntry testId="efc2a789-ae09-4bb7-d172-5f2d0e3cbf23" executionId="1bdf40db-969e-4404-a0c0-27c2f335c45b" testListId="8c84fa94-04c1-424b-9868-57a2d4851a1d" />
    <TestEntry testId="600c9577-9456-49fc-a1f1-839a5e62cae7" executionId="a5b83f11-5193-4e02-827e-855f50223c23" testListId="8c84fa94-04c1-424b-9868-57a2d4851a1d" />
    <TestEntry testId="ea6215af-9f7a-dfd2-1e42-d16863c438d5" executionId="9961b701-766a-4846-aabe-d46219463e7f" testListId="8c84fa94-04c1-424b-9868-57a2d4851a1d" />
    <TestEntry testId="dbb1fa1a-a5ee-99ca-9749-48d31eb98113" executionId="5a112557-374b-4242-8df5-6830aaec3712" testListId="8c84fa94-04c1-424b-9868-57a2d4851a1d" />
    <TestEntry testId="004cf38c-62a9-5d39-4e66-385c7c495389" executionId="315eb4ef-887e-415c-be15-e7b09fe68958" testListId="8c84fa94-04c1-424b-9868-57a2d4851a1d" />
    <TestEntry testId="d45e0a24-dbfe-46a9-68b0-8da0a6094838" executionId="b06fa335-cb5b-4ff3-8225-ac95a438486e" testListId="8c84fa94-04c1-424b-9868-57a2d4851a1d" />
    <TestEntry testId="fde9a5ec-e687-8abc-b728-b7fb0bfbd8d4" executionId="98f0bbf3-87a8-4dcf-9129-f083d397117f" testListId="8c84fa94-04c1-424b-9868-57a2d4851a1d" />
    <TestEntry testId="7d45d5f5-3a25-9a87-e687-4dc975c05da1" executionId="1c837c76-7a9a-4143-9be5-99503f035078" testListId="8c84fa94-04c1-424b-9868-57a2d4851a1d" />
    <TestEntry testId="32b6919d-1fc0-c669-26d4-2a969f5a55fe" executionId="8c1bb19b-ce91-4d5c-8f28-306ad23e4563" testListId="8c84fa94-04c1-424b-9868-57a2d4851a1d" />
    <TestEntry testId="7c3bd97a-a125-9200-b1f2-a28a2e7a05fe" executionId="417361f0-4001-4a72-9db4-dda350fe6b65" testListId="8c84fa94-04c1-424b-9868-57a2d4851a1d" />
    <TestEntry testId="58932f19-d7b6-d69f-2dae-d6e75aa0e55e" executionId="acc342b6-5443-4994-bd7d-553f80232e5f" testListId="8c84fa94-04c1-424b-9868-57a2d4851a1d" />
    <TestEntry testId="b8e35215-9c02-c225-ebde-5cb2a4f46f94" executionId="c0257187-9050-434c-ba1c-d2174a239912" testListId="8c84fa94-04c1-424b-9868-57a2d4851a1d" />
    <TestEntry testId="097d9f12-a8b0-74cc-8829-12842d451447" executionId="262531ff-9417-4104-9986-69dfdd673406" testListId="8c84fa94-04c1-424b-9868-57a2d4851a1d" />
    <TestEntry testId="d97cfe1a-5414-3b7f-eeae-c71aa9b34634" executionId="ff23f891-5afc-4a14-90d1-4ee8daf1a7fa" testListId="8c84fa94-04c1-424b-9868-57a2d4851a1d" />
    <TestEntry testId="619c3bdd-52f6-f473-bd0e-a552a532adf7" executionId="76df6e13-f8d3-4a81-b05b-a789001c6d5a" testListId="8c84fa94-04c1-424b-9868-57a2d4851a1d" />
    <TestEntry testId="91b3bd83-c5b8-4706-180f-6fac0dae10f8" executionId="4032d446-0f12-436c-9da9-fa112794d6a1" testListId="8c84fa94-04c1-424b-9868-57a2d4851a1d" />
    <TestEntry testId="58d53652-da34-09db-a06d-1fae2bb18f28" executionId="8a462dc6-8cb0-489b-bc64-ada559336097" testListId="8c84fa94-04c1-424b-9868-57a2d4851a1d" />
    <TestEntry testId="2be600d2-247c-9e20-d84c-921afba648ed" executionId="c6a0d37e-10ae-4e7d-88f0-3283be9cb5ab" testListId="8c84fa94-04c1-424b-9868-57a2d4851a1d" />
    <TestEntry testId="90524d2a-adb4-bd7e-769a-526d502faf2e" executionId="503e7654-3e23-484e-b7a8-629238d134f0" testListId="8c84fa94-04c1-424b-9868-57a2d4851a1d" />
    <TestEntry testId="62970bd3-0fb8-814d-a0a1-ab9e8aeaae79" executionId="772d6844-6373-47c6-856d-c304b6a80b5e" testListId="8c84fa94-04c1-424b-9868-57a2d4851a1d" />
    <TestEntry testId="4e103de3-4b59-b5f0-90dd-0864019a3e44" executionId="3c023b45-c6c5-449f-8b01-4bdb27a0c19d" testListId="8c84fa94-04c1-424b-9868-57a2d4851a1d" />
    <TestEntry testId="fecd618d-f97f-f547-1637-5166bd092d76" executionId="154f6e03-5077-476d-a0de-66749d64726a" testListId="8c84fa94-04c1-424b-9868-57a2d4851a1d" />
    <TestEntry testId="a1315833-0fe6-4fc5-8939-3c4f1b31db5e" executionId="7c536458-3b0d-4616-b318-7c6691a6df6f" testListId="8c84fa94-04c1-424b-9868-57a2d4851a1d" />
    <TestEntry testId="07f796cc-f35b-a2f3-f99a-0213c6c6aa02" executionId="e417cd1b-509c-478f-8123-7acc618d94d7" testListId="8c84fa94-04c1-424b-9868-57a2d4851a1d" />
    <TestEntry testId="67cd7cf5-f472-f19a-a725-58400de88452" executionId="9f1cf019-f75f-4bd6-8587-da96e1000283" testListId="8c84fa94-04c1-424b-9868-57a2d4851a1d" />
    <TestEntry testId="910d4b99-463d-e8f2-2603-a8f7093fc7cf" executionId="e49c027a-77d4-45fd-8009-3a2b5cb80df8" testListId="8c84fa94-04c1-424b-9868-57a2d4851a1d" />
    <TestEntry testId="acc05f4a-9abc-39e3-e875-400f69bcea41" executionId="46fa6ca3-5a23-4c7f-9177-2f9d2453145b" testListId="8c84fa94-04c1-424b-9868-57a2d4851a1d" />
    <TestEntry testId="fe527e8d-5e3e-18c1-ed37-cc075512021b" executionId="50d6ee7f-2562-4162-ae19-0755c48f1378" testListId="8c84fa94-04c1-424b-9868-57a2d4851a1d" />
    <TestEntry testId="39997ae6-4a52-e491-d8ae-8d3f689efcd5" executionId="4f6610a0-cb3c-43aa-8018-6822f41fe070" testListId="8c84fa94-04c1-424b-9868-57a2d4851a1d" />
    <TestEntry testId="d9e9b57c-4387-840e-e497-cce329a0c03e" executionId="77fde189-a051-45d0-b9b1-df6578fd2a5f" testListId="8c84fa94-04c1-424b-9868-57a2d4851a1d" />
    <TestEntry testId="35e23acf-2036-4d69-e77b-27d58a55d61b" executionId="cd7b633b-b9b5-4aff-aa4f-d3a5b7339287" testListId="8c84fa94-04c1-424b-9868-57a2d4851a1d" />
    <TestEntry testId="f7b6c5f3-1f58-e9ae-14c8-31eb58d1211b" executionId="b9670629-5165-45e3-90c9-5dfd1ac67ecf" testListId="8c84fa94-04c1-424b-9868-57a2d4851a1d" />
    <TestEntry testId="f7f48920-cf43-fd74-5fcd-5b275d41553a" executionId="3561d769-de70-455c-bbbf-997fc49550f4" testListId="8c84fa94-04c1-424b-9868-57a2d4851a1d" />
    <TestEntry testId="d39d28ad-b64c-afa2-9212-cb9bbbf192c4" executionId="32c7ce47-757c-4a25-ab8f-755087456df9" testListId="8c84fa94-04c1-424b-9868-57a2d4851a1d" />
    <TestEntry testId="4195877a-ded9-22b8-62f7-465d0dab0554" executionId="300ee1b6-737a-4c1e-8cd0-1c20249fd808" testListId="8c84fa94-04c1-424b-9868-57a2d4851a1d" />
    <TestEntry testId="dc6fc325-7591-5ff6-3e13-ef3b13583bb4" executionId="446e0c03-dc85-4325-b69d-1cdb1db56b47" testListId="8c84fa94-04c1-424b-9868-57a2d4851a1d" />
    <TestEntry testId="9bb26f6e-1e2c-da60-973e-eeca518679d1" executionId="0933bbd5-6b4d-422c-93ae-d08926bda99d" testListId="8c84fa94-04c1-424b-9868-57a2d4851a1d" />
    <TestEntry testId="4c3c57ae-2e5c-e5eb-314a-7aa532a2bb5e" executionId="d4c0914a-974f-4ab4-9db9-5234777e7cd3" testListId="8c84fa94-04c1-424b-9868-57a2d4851a1d" />
    <TestEntry testId="662f9f8e-b212-7223-452e-c301bb4c0b8d" executionId="fd06fa68-7099-4152-a6bd-844c5e6acf58" testListId="8c84fa94-04c1-424b-9868-57a2d4851a1d" />
    <TestEntry testId="274e5ca5-6e22-8c94-c538-bc2ca6c5742f" executionId="0bf93cc3-d3a5-4e60-b14a-3e2e7ee88f52" testListId="8c84fa94-04c1-424b-9868-57a2d4851a1d" />
    <TestEntry testId="eda712ea-15dc-6cac-535c-79a64a40aa02" executionId="50630098-f1cf-4bf9-a48c-6704117eed84" testListId="8c84fa94-04c1-424b-9868-57a2d4851a1d" />
    <TestEntry testId="f2ce681e-8a28-41b9-4a1e-04b76b54add8" executionId="20f53937-0022-4537-9fa8-1704b2f23934" testListId="8c84fa94-04c1-424b-9868-57a2d4851a1d" />
    <TestEntry testId="ed2b1e2d-f079-ec9f-030f-6c4deaa52702" executionId="1222542c-094b-4bf5-bc0e-411982bd9e86" testListId="8c84fa94-04c1-424b-9868-57a2d4851a1d" />
    <TestEntry testId="b7b5c3d9-6be3-63ed-4bf9-77972c7bde14" executionId="b2409fe0-52d2-4928-b9e6-69eb7d3da143" testListId="8c84fa94-04c1-424b-9868-57a2d4851a1d" />
    <TestEntry testId="c1b72bec-54e9-d72c-529e-b6b9932bdb7f" executionId="adfec6e7-835d-4f40-9ea1-5ef1f313ca4a" testListId="8c84fa94-04c1-424b-9868-57a2d4851a1d" />
    <TestEntry testId="46b6b18f-a15f-ce32-4811-dbc67f87e551" executionId="89a2349a-956b-4dc3-b407-99baf3f72a56" testListId="8c84fa94-04c1-424b-9868-57a2d4851a1d" />
    <TestEntry testId="20032a0f-2ee3-8893-1563-317bcc5ab61c" executionId="5c2db7e4-7cd6-4efe-8ab5-f24c0570a261" testListId="8c84fa94-04c1-424b-9868-57a2d4851a1d" />
    <TestEntry testId="c02eb5c0-31bb-eec0-3d85-1a1ef8849db8" executionId="213d569f-9c6a-443e-bc5e-06e1472178c5" testListId="8c84fa94-04c1-424b-9868-57a2d4851a1d" />
    <TestEntry testId="d685c2c4-f219-af53-1ba4-f062b4ec12ac" executionId="fa9c8922-5dff-4222-ba79-967d585b3b12" testListId="8c84fa94-04c1-424b-9868-57a2d4851a1d" />
    <TestEntry testId="0186510a-61e4-d437-2bd3-30738b03ed56" executionId="136ef362-62ab-4e45-89ec-8e46a64ba43b" testListId="8c84fa94-04c1-424b-9868-57a2d4851a1d" />
    <TestEntry testId="f5fd9e95-4d91-8f7f-4648-e5bd7c8cc931" executionId="d33f6140-14a5-4307-8e7f-47211dc28261" testListId="8c84fa94-04c1-424b-9868-57a2d4851a1d" />
    <TestEntry testId="605c2bc0-4496-0f02-aeff-a229323c4be4" executionId="25730ade-6ae3-4403-ab88-ab533625c4d4" testListId="8c84fa94-04c1-424b-9868-57a2d4851a1d" />
    <TestEntry testId="e6917a9a-a471-dbed-84cc-6e63cf19f9df" executionId="d75966cb-62f2-4386-bbaf-9722cefff064" testListId="8c84fa94-04c1-424b-9868-57a2d4851a1d" />
    <TestEntry testId="4981a909-3e1a-e6df-4bdc-c1e8e4928845" executionId="9c794b3c-2d33-4ebc-aac0-2a2c6f772969" testListId="8c84fa94-04c1-424b-9868-57a2d4851a1d" />
    <TestEntry testId="97caedcb-d6ae-5556-8168-c745e877090a" executionId="f146ab51-ba31-4da6-b1b6-aca17d284a38" testListId="8c84fa94-04c1-424b-9868-57a2d4851a1d" />
    <TestEntry testId="546fc2ea-9df5-50bd-d263-31b0a2faf8aa" executionId="16985bb1-ce28-4c19-9b81-5145896cf3d5" testListId="8c84fa94-04c1-424b-9868-57a2d4851a1d" />
    <TestEntry testId="3c694193-6244-2822-1520-285efe4d3761" executionId="628228e1-64de-4e00-b0a5-d00b6353e439" testListId="8c84fa94-04c1-424b-9868-57a2d4851a1d" />
    <TestEntry testId="e0c95d42-cf00-fbc7-42ac-a320fc125b1e" executionId="2a165e80-b6ba-42b0-b299-dfa84318430b" testListId="8c84fa94-04c1-424b-9868-57a2d4851a1d" />
    <TestEntry testId="bed158c1-cdea-cb2e-72de-fac3c7fdb2c8" executionId="70e24a3d-b42a-4bfa-9437-69174be7848d" testListId="8c84fa94-04c1-424b-9868-57a2d4851a1d" />
    <TestEntry testId="979cd04b-5e93-d632-87b5-a20161444816" executionId="a5bc123d-92c4-410b-b145-54882f3ba0cd" testListId="8c84fa94-04c1-424b-9868-57a2d4851a1d" />
    <TestEntry testId="f2281ab7-ffb9-3d10-c3a8-1aa0cd2fcbfc" executionId="47503e4c-4be8-4148-9a28-cfa3f78ea476" testListId="8c84fa94-04c1-424b-9868-57a2d4851a1d" />
    <TestEntry testId="ba2e227c-c79f-6137-d335-88fa098146b3" executionId="fe501bc1-bff4-4857-8b85-952946c9b0b6" testListId="8c84fa94-04c1-424b-9868-57a2d4851a1d" />
    <TestEntry testId="11c041e5-c464-6527-9aa5-15185ee7ed3b" executionId="2b5fb810-4bed-4a13-8e8f-15d73d177940" testListId="8c84fa94-04c1-424b-9868-57a2d4851a1d" />
    <TestEntry testId="e4cccfe6-fb6d-a0d6-3337-e528b068adae" executionId="89c7c993-0278-4987-8b8c-1b1edbbaabdb" testListId="8c84fa94-04c1-424b-9868-57a2d4851a1d" />
    <TestEntry testId="bd91fcf5-5262-be00-7dbb-b8c3fec0f109" executionId="eab9f2a3-42d3-4c2f-b0e0-f59d93fadd31" testListId="8c84fa94-04c1-424b-9868-57a2d4851a1d" />
    <TestEntry testId="aa4e492c-9871-e494-8afc-2e1c32042c9f" executionId="ec30c578-bb39-4acf-881a-e7b31fb0a578" testListId="8c84fa94-04c1-424b-9868-57a2d4851a1d" />
    <TestEntry testId="9c14da41-934e-02e1-653f-9f7dc91a12aa" executionId="b6d02321-6f07-4a75-888d-214b42b11ef8" testListId="8c84fa94-04c1-424b-9868-57a2d4851a1d" />
    <TestEntry testId="4df235b9-e889-4809-39c8-ff3e09688830" executionId="311dc214-c302-4811-97d2-9aae00c63a99" testListId="8c84fa94-04c1-424b-9868-57a2d4851a1d" />
    <TestEntry testId="314b7968-8280-3c06-cc8d-95ee97af36dd" executionId="01dc618f-1f0f-434d-bed3-b1222d0ad1a5" testListId="8c84fa94-04c1-424b-9868-57a2d4851a1d" />
    <TestEntry testId="43c3749f-0376-2035-bd94-4df92053dab3" executionId="b9c85c44-ccee-46fa-8389-e3e981d7084c" testListId="8c84fa94-04c1-424b-9868-57a2d4851a1d" />
    <TestEntry testId="ec19b07c-d465-faec-475d-a8dee6e4e934" executionId="addc6760-6818-4a28-bf60-97ffb7d64d3a" testListId="8c84fa94-04c1-424b-9868-57a2d4851a1d" />
    <TestEntry testId="faa22825-903a-641b-03f7-ccff8cccfbb2" executionId="2323b073-4ef6-4c5e-9b80-7ca2898807e6" testListId="8c84fa94-04c1-424b-9868-57a2d4851a1d" />
    <TestEntry testId="d6353a5c-aebf-48c3-7e68-77f3a0ea8301" executionId="930d32a6-9f78-4225-a62e-fb6fb7291c49" testListId="8c84fa94-04c1-424b-9868-57a2d4851a1d" />
    <TestEntry testId="0d3aed88-2598-0caa-458e-53fd2f6dc4e2" executionId="53c9367a-15df-4860-85c7-4411aacc9f4c" testListId="8c84fa94-04c1-424b-9868-57a2d4851a1d" />
    <TestEntry testId="6320276e-3624-3a1c-7afd-537de60f89db" executionId="44938ffd-4ccb-4092-8dd9-9579edc22ecd" testListId="8c84fa94-04c1-424b-9868-57a2d4851a1d" />
    <TestEntry testId="d61bc42f-9488-4952-fc35-4acf2d69a35a" executionId="d0697d62-2e56-4dec-a640-b81bb49fb9ba" testListId="8c84fa94-04c1-424b-9868-57a2d4851a1d" />
    <TestEntry testId="61eb0848-4e9b-4d1d-2e7a-801bcb7d8307" executionId="b2c86e1e-991e-4f1d-97eb-1a50f33f2dd7" testListId="8c84fa94-04c1-424b-9868-57a2d4851a1d" />
    <TestEntry testId="72246d42-3df4-5454-c0c9-cf24737deb1a" executionId="e97f39d3-8f17-4ae2-9d2d-394f1ea8c358" testListId="8c84fa94-04c1-424b-9868-57a2d4851a1d" />
    <TestEntry testId="eb4b3a2e-3867-f16d-1f8c-063517acc541" executionId="39bc552b-7810-4db4-8d0b-ab54518d56da" testListId="8c84fa94-04c1-424b-9868-57a2d4851a1d" />
    <TestEntry testId="21fecb6a-616e-e0ca-06e2-949826e6d9fe" executionId="27215764-45ff-41a0-beda-48be290edae5" testListId="8c84fa94-04c1-424b-9868-57a2d4851a1d" />
    <TestEntry testId="943e674e-9656-f2f6-06a7-f12c38d1347c" executionId="65b0e319-89e8-4d0f-83f4-6f0b6dae6e6a" testListId="8c84fa94-04c1-424b-9868-57a2d4851a1d" />
    <TestEntry testId="95fa357e-9359-c839-8ff3-f046c9e30487" executionId="6f212be5-1350-405d-b770-8dfa2d529d3d" testListId="8c84fa94-04c1-424b-9868-57a2d4851a1d" />
    <TestEntry testId="c1189369-93b0-2acc-f712-00eac1c7b884" executionId="cf1c017b-3fdb-426a-8a0d-c713c7149f93" testListId="8c84fa94-04c1-424b-9868-57a2d4851a1d" />
    <TestEntry testId="bb69a9ef-0ed6-4747-9681-639ad78f5540" executionId="2d534fbd-8cf0-44fd-84b6-744ea3d36723" testListId="8c84fa94-04c1-424b-9868-57a2d4851a1d" />
    <TestEntry testId="5012f64d-f81c-363a-9c3b-b389d7a1051b" executionId="06e8267c-941b-4387-a9d6-a5260b9ac0c1" testListId="8c84fa94-04c1-424b-9868-57a2d4851a1d" />
    <TestEntry testId="29503cc7-b010-6825-6d29-1db7cb95143d" executionId="cf34bc4d-6f98-433d-8d58-79796fae99f3" testListId="8c84fa94-04c1-424b-9868-57a2d4851a1d" />
    <TestEntry testId="cf776b29-1018-5167-38d5-0aac7593edc5" executionId="e898ffb9-56a1-463a-9014-a1a1f14e7f91" testListId="8c84fa94-04c1-424b-9868-57a2d4851a1d" />
    <TestEntry testId="cab5d10f-8cae-8dfd-3b1b-219e11cb76ab" executionId="8ea54124-a75e-407b-86ed-3081462e32e2" testListId="8c84fa94-04c1-424b-9868-57a2d4851a1d" />
    <TestEntry testId="8a2b6295-c6f7-0626-b29d-201c71fd67a5" executionId="4a06daa7-8aed-4771-ad32-06552c3290a7" testListId="8c84fa94-04c1-424b-9868-57a2d4851a1d" />
    <TestEntry testId="3222b798-5ed7-0031-3bc4-2349d5773662" executionId="8b5d7672-890f-48ea-a317-bf7d21e83a41" testListId="8c84fa94-04c1-424b-9868-57a2d4851a1d" />
    <TestEntry testId="f0aad1e7-1486-b29a-7a82-84f2693dfbe3" executionId="6903f1bf-41ff-4f4f-b041-3ddeb7de6a0b" testListId="8c84fa94-04c1-424b-9868-57a2d4851a1d" />
    <TestEntry testId="9ac323b2-f4ee-1c5b-c335-774c81e0e08d" executionId="b12bb1c8-2bbf-48b9-be0a-2fb6f8b0ef97" testListId="8c84fa94-04c1-424b-9868-57a2d4851a1d" />
    <TestEntry testId="ba5b40c3-7100-1940-87d5-9af986ffebd2" executionId="ac15f766-ee2b-4103-8143-b6e583cb4e3c" testListId="8c84fa94-04c1-424b-9868-57a2d4851a1d" />
    <TestEntry testId="e38d99c7-c0fe-6520-2d4e-c3d7dce714b0" executionId="f3e46d95-7545-449c-8bc6-5fb71ec44328" testListId="8c84fa94-04c1-424b-9868-57a2d4851a1d" />
    <TestEntry testId="b5a90a67-8ab0-67af-7979-e040eeab7b97" executionId="3724ac83-c08d-4342-a307-4e0e54853b69" testListId="8c84fa94-04c1-424b-9868-57a2d4851a1d" />
    <TestEntry testId="796d7949-31f4-bb9f-3f5b-ffa9238af688" executionId="aac3e446-0647-47d4-87a1-5f8ef2edcfb3" testListId="8c84fa94-04c1-424b-9868-57a2d4851a1d" />
    <TestEntry testId="74b92fed-1c7d-84ea-101d-b4ba0f959527" executionId="69f698c0-4954-409f-9285-452cc9f45f90" testListId="8c84fa94-04c1-424b-9868-57a2d4851a1d" />
    <TestEntry testId="6db05940-47de-0c9c-5b92-fcba99ecc227" executionId="68337345-3f97-432b-a5e1-e3e07b833169" testListId="8c84fa94-04c1-424b-9868-57a2d4851a1d" />
    <TestEntry testId="49c672b6-6d9d-50cd-ab6b-d47ad2b2d00c" executionId="ab95ab68-eb72-4502-8913-c52967aecd7d" testListId="8c84fa94-04c1-424b-9868-57a2d4851a1d" />
    <TestEntry testId="086ce182-cb7e-9e8c-a794-52547670ad62" executionId="ed7755e9-64e9-41d9-b098-9d89337b82d1" testListId="8c84fa94-04c1-424b-9868-57a2d4851a1d" />
    <TestEntry testId="f9126a5c-91ab-1e44-30e6-13ca198640cb" executionId="52457e4f-da80-44c9-abfb-492215ef2e7d" testListId="8c84fa94-04c1-424b-9868-57a2d4851a1d" />
    <TestEntry testId="257cee71-ac96-77a9-908c-68bd8420739c" executionId="20f19993-d4b4-4b0b-b2a0-2c96c16ca906" testListId="8c84fa94-04c1-424b-9868-57a2d4851a1d" />
    <TestEntry testId="a35c67b3-dcd5-5426-949a-a2a9a2f95735" executionId="c7e4221d-d1c4-47b2-80aa-14e725c8769f" testListId="8c84fa94-04c1-424b-9868-57a2d4851a1d" />
    <TestEntry testId="96b3d30f-d6cb-f987-10e4-934fbe7403b3" executionId="7770f8cd-7032-4d84-b67f-6a812525e428" testListId="8c84fa94-04c1-424b-9868-57a2d4851a1d" />
    <TestEntry testId="1445b267-8883-4711-c51b-1a1ff5eca2f9" executionId="e66f1872-577c-4ee5-b200-8e3564afe3a1" testListId="8c84fa94-04c1-424b-9868-57a2d4851a1d" />
    <TestEntry testId="9f2dc98f-6aa2-694c-8819-9ccfd93e4fc8" executionId="4eec1e1d-f7a0-4374-a48c-a40b04de2998" testListId="8c84fa94-04c1-424b-9868-57a2d4851a1d" />
    <TestEntry testId="8afbc81b-c940-0dce-6ef9-318ffda0f1ea" executionId="4eb68733-f84e-4122-aa5c-8e5b46ce80d4" testListId="8c84fa94-04c1-424b-9868-57a2d4851a1d" />
    <TestEntry testId="8f06716c-c7ff-1247-d243-6eeb705848f7" executionId="40d06bf6-c2c8-47e7-836d-8f22dd82fe14" testListId="8c84fa94-04c1-424b-9868-57a2d4851a1d" />
    <TestEntry testId="75afa51d-4efe-ca98-69aa-dcba7171c9c1" executionId="32da680b-d1a5-4de8-aacf-9c137ba83969" testListId="8c84fa94-04c1-424b-9868-57a2d4851a1d" />
    <TestEntry testId="cb302138-e270-3017-57fb-1fe538b37f25" executionId="6b11b168-1a00-41b1-b837-89611546fce1" testListId="8c84fa94-04c1-424b-9868-57a2d4851a1d" />
    <TestEntry testId="40f4c03f-760c-5f9a-0d6d-791657138d6a" executionId="fa19f10a-cd04-4686-8076-7d5a0d1a83a4" testListId="8c84fa94-04c1-424b-9868-57a2d4851a1d" />
    <TestEntry testId="b5cd9d3c-6e7d-bae4-881c-4092ac2390ce" executionId="cba270e7-4378-4953-9b35-8a71cea4e464" testListId="8c84fa94-04c1-424b-9868-57a2d4851a1d" />
    <TestEntry testId="e679eaee-e3a9-8b8a-d185-7c73afee0b2f" executionId="ead45f29-b220-43be-bd77-b2ce3f86af40" testListId="8c84fa94-04c1-424b-9868-57a2d4851a1d" />
    <TestEntry testId="a9bc5968-881f-208e-3a3a-e085883b32c4" executionId="eb1a1c5a-f956-418a-b264-19c0c45f5542" testListId="8c84fa94-04c1-424b-9868-57a2d4851a1d" />
    <TestEntry testId="3436028f-e5c2-d0e3-5f92-c1e23c8a73cc" executionId="5b851c50-f3d7-40bd-b29e-7aca1a433a23" testListId="8c84fa94-04c1-424b-9868-57a2d4851a1d" />
    <TestEntry testId="1d1eb73d-8b0c-7513-b3af-aa35ad258fdb" executionId="a46c66a1-3d64-48cf-a35d-825011052c2f" testListId="8c84fa94-04c1-424b-9868-57a2d4851a1d" />
    <TestEntry testId="9b2f9530-d092-f9c3-dae1-2f483cfeb52d" executionId="9bb32708-c983-4935-a8a0-5edbe78534d3" testListId="8c84fa94-04c1-424b-9868-57a2d4851a1d" />
    <TestEntry testId="f113347a-114d-883f-0643-fe2e125f5daa" executionId="dfd81862-6dec-4efb-9426-450b8b349abd" testListId="8c84fa94-04c1-424b-9868-57a2d4851a1d" />
    <TestEntry testId="c799afbc-d101-a624-f73a-4e94981b0f2a" executionId="7da2d03f-f13c-4ff7-84d5-48a14da56bef" testListId="8c84fa94-04c1-424b-9868-57a2d4851a1d" />
    <TestEntry testId="e0769b45-8199-18f4-5d81-d7fe740ba2db" executionId="d05fd5d8-ee4a-4ac5-bdb9-74796ed0a2d1" testListId="8c84fa94-04c1-424b-9868-57a2d4851a1d" />
    <TestEntry testId="d2a2118e-f836-73de-010f-9e6a0f9038b3" executionId="be936ab7-afc4-45e3-b976-f761a8dc7d1a" testListId="8c84fa94-04c1-424b-9868-57a2d4851a1d" />
    <TestEntry testId="c989053d-c573-450d-6001-a75cbe93e089" executionId="aaf55430-042c-4895-a1b4-c4d66dc6ca89" testListId="8c84fa94-04c1-424b-9868-57a2d4851a1d" />
    <TestEntry testId="f3eb9765-0045-7d49-5de3-054bd621a41f" executionId="d0116ebb-73e5-4ece-b98e-8ecc058a4252" testListId="8c84fa94-04c1-424b-9868-57a2d4851a1d" />
    <TestEntry testId="5372d0c3-7454-6ed0-3140-c46dbf17af10" executionId="94e0db5a-5f06-4c1a-84da-3c64641a201d" testListId="8c84fa94-04c1-424b-9868-57a2d4851a1d" />
    <TestEntry testId="5c5be749-8fc1-a0d2-2b32-3e2f32d1a7a1" executionId="ba28b4b8-8b03-470b-bbdc-22e3543da0bc" testListId="8c84fa94-04c1-424b-9868-57a2d4851a1d" />
    <TestEntry testId="31037d5d-343e-e648-8e6e-7f15567dfff2" executionId="38a0fbe1-917b-49a1-a76a-6aece9335eca" testListId="8c84fa94-04c1-424b-9868-57a2d4851a1d" />
    <TestEntry testId="44562592-e269-1796-e138-85487f7a2be9" executionId="fc948e30-5254-4067-b257-f6df1e2e5398" testListId="8c84fa94-04c1-424b-9868-57a2d4851a1d" />
    <TestEntry testId="d7323b46-e742-10c6-7291-609e242e6eac" executionId="3ee3d23e-489d-4dc1-a89e-c838b0b52369" testListId="8c84fa94-04c1-424b-9868-57a2d4851a1d" />
    <TestEntry testId="311588b6-1eda-5995-3667-7c2c732d3f34" executionId="6a38f694-aab2-4dee-9b00-31bf61d34dd9" testListId="8c84fa94-04c1-424b-9868-57a2d4851a1d" />
    <TestEntry testId="63800d30-d6ac-f352-9000-d5ae21ee34db" executionId="15dd7ff2-c686-4670-8f31-6e060bae65cb" testListId="8c84fa94-04c1-424b-9868-57a2d4851a1d" />
    <TestEntry testId="edd8698a-89a8-0a11-5f44-5d3f526abc13" executionId="0ea03872-81a9-4046-b304-193240955dfa" testListId="8c84fa94-04c1-424b-9868-57a2d4851a1d" />
    <TestEntry testId="dd5c672a-615a-d2df-e240-966d42055469" executionId="fdfcbe58-37eb-44ec-b640-36ecad5aaf1b" testListId="8c84fa94-04c1-424b-9868-57a2d4851a1d" />
    <TestEntry testId="69564ef2-123d-d3db-baf6-6a27b0eb9c23" executionId="e63d001d-5752-49a4-9744-ba70c37b970d" testListId="8c84fa94-04c1-424b-9868-57a2d4851a1d" />
    <TestEntry testId="b4887e38-5397-4610-6733-1d86030ec9ea" executionId="282d5293-6960-4f96-b1d6-b3aa45d03a6a" testListId="8c84fa94-04c1-424b-9868-57a2d4851a1d" />
    <TestEntry testId="a52cde15-d4da-6fd7-917d-2f5d406fbd21" executionId="510903d8-4237-4917-ae60-8bc8b4d9ed38" testListId="8c84fa94-04c1-424b-9868-57a2d4851a1d" />
    <TestEntry testId="e6e7fdd0-b12d-1312-3dc2-3384a5e7d999" executionId="12cc2d42-6764-4b9f-91b3-6ce33a052308" testListId="8c84fa94-04c1-424b-9868-57a2d4851a1d" />
    <TestEntry testId="3c275536-ffe1-8830-c363-8f6f56aca6a1" executionId="74ea09ab-9284-44a1-acc7-9eb900d8d01f" testListId="8c84fa94-04c1-424b-9868-57a2d4851a1d" />
    <TestEntry testId="0bdd31cf-560a-74a8-9cb0-f50b134f6e55" executionId="a453a146-c9eb-465c-925a-7c902688d72b" testListId="8c84fa94-04c1-424b-9868-57a2d4851a1d" />
    <TestEntry testId="40488d75-026c-550a-6026-e97b07265e5b" executionId="4104162d-2892-4175-ab04-596a5f4d8a35" testListId="8c84fa94-04c1-424b-9868-57a2d4851a1d" />
    <TestEntry testId="27b9fbe0-03f5-4d47-663b-0785c7f9ec49" executionId="efac0006-3cdd-46f5-ac49-35cbf8ffe01e" testListId="8c84fa94-04c1-424b-9868-57a2d4851a1d" />
    <TestEntry testId="13221fa5-3685-19e4-e13a-81cefe081d4d" executionId="a9c2802a-cbe5-4e01-8f75-14ce8b6a0755" testListId="8c84fa94-04c1-424b-9868-57a2d4851a1d" />
    <TestEntry testId="cba33adf-d8e4-1800-afdf-f1e10b328694" executionId="31d38b77-4de1-491d-81d7-6627afa7157d" testListId="8c84fa94-04c1-424b-9868-57a2d4851a1d" />
    <TestEntry testId="ebee2a3c-e88d-7c65-2391-8d47991a3a48" executionId="de660bc6-4550-4d47-96c4-46f3f00f76a3" testListId="8c84fa94-04c1-424b-9868-57a2d4851a1d" />
    <TestEntry testId="0cdea9b8-a5e3-2983-1ccb-d986de17659d" executionId="fbd27000-b0d5-40ea-9b16-af01bf64b3e9" testListId="8c84fa94-04c1-424b-9868-57a2d4851a1d" />
    <TestEntry testId="6dee8c76-3355-7dcc-c0a6-02e4a5ed7dc2" executionId="95c4c780-2ab4-49c5-ab66-02d52de72f74" testListId="8c84fa94-04c1-424b-9868-57a2d4851a1d" />
    <TestEntry testId="4d634782-9db9-e8af-a18d-f1e4c45e4686" executionId="45365fb9-656a-40fb-a33c-ec75e715ad8d" testListId="8c84fa94-04c1-424b-9868-57a2d4851a1d" />
    <TestEntry testId="32010eb0-88b3-7f9e-a459-fb524fc932d7" executionId="237fdfe4-667d-4963-ae95-f2dca42b3c8d" testListId="8c84fa94-04c1-424b-9868-57a2d4851a1d" />
    <TestEntry testId="bc811ad8-c7b9-9df7-0d3d-56b12c4539e2" executionId="5691bb40-9c3d-41d4-aa98-ae444bc7dcea" testListId="8c84fa94-04c1-424b-9868-57a2d4851a1d" />
    <TestEntry testId="e0081990-e732-207e-ce35-b6f9f879e1b0" executionId="b06f49f7-1413-4ff9-b987-690e8c041880" testListId="8c84fa94-04c1-424b-9868-57a2d4851a1d" />
    <TestEntry testId="f06d92cb-e236-f7f9-e645-0971359a129a" executionId="632b4f64-7f64-4629-b5c0-2aa65eb30d3d" testListId="8c84fa94-04c1-424b-9868-57a2d4851a1d" />
    <TestEntry testId="5717b261-73d9-ccff-48ad-cb5028daecbf" executionId="4e50cf31-5b52-4441-8176-020026209e21" testListId="8c84fa94-04c1-424b-9868-57a2d4851a1d" />
    <TestEntry testId="9bd1c538-5b49-0158-94f6-e9be1859d678" executionId="bc9ea188-0586-48d5-ba52-0665acdc59d1" testListId="8c84fa94-04c1-424b-9868-57a2d4851a1d" />
    <TestEntry testId="e8d6ba9d-db50-0e05-06db-5789675388b8" executionId="cef91c12-b2cc-4d53-a76e-12c8f3589f01" testListId="8c84fa94-04c1-424b-9868-57a2d4851a1d" />
    <TestEntry testId="a2f90830-dfa6-05f0-71fa-365928f71cdd" executionId="0c24d8cd-1f87-4cc3-bbc8-a02869cb3c42" testListId="8c84fa94-04c1-424b-9868-57a2d4851a1d" />
    <TestEntry testId="6429e0d9-dcee-fed4-29f3-6b39686056fc" executionId="9d283dcc-154f-447b-b3d3-46b25073853f" testListId="8c84fa94-04c1-424b-9868-57a2d4851a1d" />
    <TestEntry testId="e0a6ca51-6257-18e2-3ed9-4bb78f34d6d7" executionId="2bd0e9d7-58f9-43fb-bce5-fdc667c8a91b" testListId="8c84fa94-04c1-424b-9868-57a2d4851a1d" />
    <TestEntry testId="ba3d44ab-713b-26da-eeee-600e16cfe130" executionId="baa78afe-3976-46c1-b20b-4f7ef6eff1e0" testListId="8c84fa94-04c1-424b-9868-57a2d4851a1d" />
    <TestEntry testId="b83433ff-1f44-78cf-aaee-d87286ab6972" executionId="f95be4ab-485f-4a7c-aec2-2044535ea2ba" testListId="8c84fa94-04c1-424b-9868-57a2d4851a1d" />
    <TestEntry testId="cdb063aa-c8f9-b0b9-d5b0-6f880917f1b4" executionId="d38cc457-d8c8-44e4-9428-5f7189a1c464" testListId="8c84fa94-04c1-424b-9868-57a2d4851a1d" />
    <TestEntry testId="6a5dc4fe-eaa1-ef57-2e33-6170c4a0ea22" executionId="436a87da-b36f-4981-9d56-8ffd3fd6b73e" testListId="8c84fa94-04c1-424b-9868-57a2d4851a1d" />
    <TestEntry testId="f3af6a34-22dc-525a-ddbc-41c7a3c42ddc" executionId="d8c79ccf-952a-4ff7-9d9d-c46da36d9c29" testListId="8c84fa94-04c1-424b-9868-57a2d4851a1d" />
    <TestEntry testId="fea06ea0-1747-ca17-2548-261210975e57" executionId="1e39639d-386b-4fd4-9982-e43c8c06eec4" testListId="8c84fa94-04c1-424b-9868-57a2d4851a1d" />
    <TestEntry testId="31ed7871-edfd-2633-6788-723019e7f3e1" executionId="6770b385-6547-46f9-bf1e-2d4da59a7ae7" testListId="8c84fa94-04c1-424b-9868-57a2d4851a1d" />
    <TestEntry testId="e616a89e-e9f6-0465-592f-c052811c9fe2" executionId="572893ca-619f-44ed-950d-6588a9d66cf8" testListId="8c84fa94-04c1-424b-9868-57a2d4851a1d" />
    <TestEntry testId="daebc394-ed43-a172-b3fd-00de92d9d60e" executionId="752d008f-9ae6-4d46-b93f-5f5649900e8c" testListId="8c84fa94-04c1-424b-9868-57a2d4851a1d" />
    <TestEntry testId="9c484d5b-265a-2c6e-537b-f37cd91a7473" executionId="c8a256b1-20b5-4daa-ae2b-00663c67625a" testListId="8c84fa94-04c1-424b-9868-57a2d4851a1d" />
    <TestEntry testId="6aa37256-4a27-aaf0-2d68-1faeac68f58c" executionId="692d517b-0066-48c7-b273-71ee4ddf7104" testListId="8c84fa94-04c1-424b-9868-57a2d4851a1d" />
    <TestEntry testId="092813bc-e54e-6f29-9d2b-192db0d76045" executionId="5321f3f4-fb1d-4f81-90bb-ed3840e5e75f" testListId="8c84fa94-04c1-424b-9868-57a2d4851a1d" />
    <TestEntry testId="ae7cb376-4ef2-2742-75ce-61ea6adcde54" executionId="221fa886-4527-47c3-9a5d-ff07823497ef" testListId="8c84fa94-04c1-424b-9868-57a2d4851a1d" />
    <TestEntry testId="67f8d8e0-1fb7-7817-1ba6-6557149ef676" executionId="4405dcd0-6cc6-4a80-9b5d-b40084debbfb" testListId="8c84fa94-04c1-424b-9868-57a2d4851a1d" />
    <TestEntry testId="9abe82c5-80fa-2d6a-e76f-8b42c308f2c5" executionId="a76a1ad6-06ca-4c73-9c04-d6e1b3344a24" testListId="8c84fa94-04c1-424b-9868-57a2d4851a1d" />
    <TestEntry testId="39df2f5c-e533-7912-e8a8-0244d814b70f" executionId="187ab540-8000-4357-968b-d4fce4232870" testListId="8c84fa94-04c1-424b-9868-57a2d4851a1d" />
    <TestEntry testId="b923c1df-de90-30ce-6175-be67d41806a2" executionId="b8e1ff24-e140-4855-a085-78aa62979334" testListId="8c84fa94-04c1-424b-9868-57a2d4851a1d" />
    <TestEntry testId="40bf488b-c6ae-b189-e7b5-8aa7dd656fea" executionId="5c67cf8b-5978-4f54-b1ae-0d0273f0675d" testListId="8c84fa94-04c1-424b-9868-57a2d4851a1d" />
    <TestEntry testId="0c4c15ff-4158-9c17-cd9b-2647420fd170" executionId="9f2a4745-cd31-4c9b-bd09-f5ab34b49514" testListId="8c84fa94-04c1-424b-9868-57a2d4851a1d" />
    <TestEntry testId="a4a7e920-6be7-0270-88f5-4a528c0a4ff3" executionId="370b0b18-b467-4e10-9d51-86a953b7555d" testListId="8c84fa94-04c1-424b-9868-57a2d4851a1d" />
    <TestEntry testId="e24a4a8b-d823-3179-90dd-34c590157361" executionId="f295b829-0165-445a-b031-161bc64c18a5" testListId="8c84fa94-04c1-424b-9868-57a2d4851a1d" />
    <TestEntry testId="29ce62dc-57a0-98b0-2349-436efa39dc09" executionId="0530c469-7afb-4faa-8088-f9cb553c21ee" testListId="8c84fa94-04c1-424b-9868-57a2d4851a1d" />
    <TestEntry testId="d39fbf53-bbf3-020f-e6d4-44b45bc00b41" executionId="6a4a2e42-007d-4fdd-8ddb-64a9106dd65f" testListId="8c84fa94-04c1-424b-9868-57a2d4851a1d" />
    <TestEntry testId="17ffc344-aceb-1f84-f3bf-8205c38e1b46" executionId="9b9d0869-e010-4e5b-871d-4dc74964fc8a" testListId="8c84fa94-04c1-424b-9868-57a2d4851a1d" />
    <TestEntry testId="041696c1-18d1-f2dd-9a5d-5cb1c9e853ff" executionId="fd14e9b5-712e-442d-9e77-b7b16447359e" testListId="8c84fa94-04c1-424b-9868-57a2d4851a1d" />
    <TestEntry testId="7a0cd811-1188-4526-31f2-d266b41de2aa" executionId="48399a37-034d-491f-b181-b60cff693079" testListId="8c84fa94-04c1-424b-9868-57a2d4851a1d" />
    <TestEntry testId="29406890-f674-40b1-2efb-3ed40d66af1f" executionId="e7bf6b60-11fb-444c-9210-fe814a3c5e47" testListId="8c84fa94-04c1-424b-9868-57a2d4851a1d" />
    <TestEntry testId="5e8a64ef-fabe-5bbf-4739-e9cf8ccf2ee0" executionId="958a072a-0623-42a0-9332-27ae3069d29a" testListId="8c84fa94-04c1-424b-9868-57a2d4851a1d" />
    <TestEntry testId="0abb1a8e-0900-a5c7-bfcc-230b4aaefe42" executionId="bf879a0e-8722-4521-83e7-30c2374fed14" testListId="8c84fa94-04c1-424b-9868-57a2d4851a1d" />
    <TestEntry testId="3c248867-d354-cc7e-803e-cd6ef02be22e" executionId="d147ebdb-4c7f-48c4-80e7-c90794e1ebba" testListId="8c84fa94-04c1-424b-9868-57a2d4851a1d" />
    <TestEntry testId="4b09d9c5-8012-6286-2d8c-2f6f560e7a3d" executionId="3eceddbf-d9bf-4b89-a553-10461e9ebe49" testListId="8c84fa94-04c1-424b-9868-57a2d4851a1d" />
    <TestEntry testId="8119f190-7ed2-77b1-76a6-83f33e4cf393" executionId="7e95fe43-5bca-4fe2-b0c6-ea1f1461f0a3" testListId="8c84fa94-04c1-424b-9868-57a2d4851a1d" />
    <TestEntry testId="ebfb6fa8-ee3c-3dd3-7dbb-2004376b7edb" executionId="7e191847-cb19-4b39-8387-be955c560163" testListId="8c84fa94-04c1-424b-9868-57a2d4851a1d" />
    <TestEntry testId="02239eb7-c4a2-34a6-024f-aeb38f7bff3d" executionId="e95f4612-461f-4b90-8651-ece5bc89211b" testListId="8c84fa94-04c1-424b-9868-57a2d4851a1d" />
    <TestEntry testId="ea0b7c7a-ce24-46f7-0862-63029307593e" executionId="b75c621f-ffbe-4309-80da-bf56d697e093" testListId="8c84fa94-04c1-424b-9868-57a2d4851a1d" />
    <TestEntry testId="ef7b8988-d111-e493-786c-6d198480cf20" executionId="ea906c34-e9e2-4db2-a603-b0144586f250" testListId="8c84fa94-04c1-424b-9868-57a2d4851a1d" />
    <TestEntry testId="03d957f5-33ed-c0eb-c948-6ece846430f3" executionId="442dc7b1-0294-4fc1-b9d0-b29a22d7bf31" testListId="8c84fa94-04c1-424b-9868-57a2d4851a1d" />
    <TestEntry testId="451fafcd-e358-2a2a-0150-6d7bc1153f41" executionId="a27b138e-47ac-4508-9d90-53396eddc1a8" testListId="8c84fa94-04c1-424b-9868-57a2d4851a1d" />
    <TestEntry testId="f9ec4424-0f09-8ce8-d044-ac97ec1d16a8" executionId="ff771e1f-2147-411b-b83c-98a251186821" testListId="8c84fa94-04c1-424b-9868-57a2d4851a1d" />
    <TestEntry testId="95bbb276-fcbd-d5d6-e9a9-e6e9fe02935a" executionId="49cc006e-3834-47d6-b437-6494d6a8e7ff" testListId="8c84fa94-04c1-424b-9868-57a2d4851a1d" />
    <TestEntry testId="fb12626f-6bd8-49ed-e189-ad76e4b7496b" executionId="2dff4d16-91cb-43ce-8223-27152e2cb73a" testListId="8c84fa94-04c1-424b-9868-57a2d4851a1d" />
    <TestEntry testId="64a6b4e0-a8e1-9595-14c6-66f8a8c8f576" executionId="a71b3811-22dc-494e-af20-7bad57c13490" testListId="8c84fa94-04c1-424b-9868-57a2d4851a1d" />
    <TestEntry testId="3490543a-9aad-4d93-690a-aa8da10d1845" executionId="326e472b-6a0f-409c-8d3e-2bc5bf932023" testListId="8c84fa94-04c1-424b-9868-57a2d4851a1d" />
    <TestEntry testId="8d6414e5-4d2d-73e7-c36d-d9cbbb203e5f" executionId="b023c71f-db1c-4b14-91e4-08a966707aba" testListId="8c84fa94-04c1-424b-9868-57a2d4851a1d" />
    <TestEntry testId="1ead85ed-9e84-e345-248b-37b2bb2fd57c" executionId="732301c0-c3ec-401f-a420-964063e42cdf" testListId="8c84fa94-04c1-424b-9868-57a2d4851a1d" />
    <TestEntry testId="4cc9a860-8c52-40a5-a7c1-0a80270c71a6" executionId="07bd0a30-4c1c-4cc4-94e2-a2a5160da34e" testListId="8c84fa94-04c1-424b-9868-57a2d4851a1d" />
    <TestEntry testId="b54d2807-218d-96e0-fe0e-06e67796eaa7" executionId="8540ce39-fa28-4708-9c0a-ee72fcd3d083" testListId="8c84fa94-04c1-424b-9868-57a2d4851a1d" />
    <TestEntry testId="114d6aa2-3c70-c374-d5cb-1675b6f9d5e6" executionId="789df778-dad6-41fd-b00c-84f4b5598399" testListId="8c84fa94-04c1-424b-9868-57a2d4851a1d" />
    <TestEntry testId="cee29849-c944-ee97-87d2-c62444a8a328" executionId="6eb3019d-b9b3-4951-9eb1-3161ac5f1b2c" testListId="8c84fa94-04c1-424b-9868-57a2d4851a1d" />
    <TestEntry testId="5ad0e86b-2487-b287-bce1-03b910ce35db" executionId="f7965f78-88b7-45fc-9bc0-ca75da3f707d" testListId="8c84fa94-04c1-424b-9868-57a2d4851a1d" />
    <TestEntry testId="47a34375-592d-8cb5-ab77-ab4cd5ff1ae6" executionId="f81d3283-a635-4b83-9e88-9208021a64ce" testListId="8c84fa94-04c1-424b-9868-57a2d4851a1d" />
    <TestEntry testId="71678dc5-b379-afbc-5607-17cbf413146c" executionId="c75a67a4-538d-48ce-bb08-d7ed9f1766cd" testListId="8c84fa94-04c1-424b-9868-57a2d4851a1d" />
    <TestEntry testId="c1a27935-5451-ecaa-f0f8-7b140e2bc422" executionId="7f0ff675-9366-4dcd-a87f-ee54adfb0fcf" testListId="8c84fa94-04c1-424b-9868-57a2d4851a1d" />
    <TestEntry testId="2ed0b312-2f27-0f0b-487a-dea260d635a9" executionId="17e2e096-18df-40c6-a4cb-215ac43321c8" testListId="8c84fa94-04c1-424b-9868-57a2d4851a1d" />
    <TestEntry testId="5189465c-94b9-c0c3-eb6c-9e0dd907b71f" executionId="bf03c97c-c93d-4e7c-a950-cdde6802593c" testListId="8c84fa94-04c1-424b-9868-57a2d4851a1d" />
    <TestEntry testId="80ed38c5-93c8-ab9c-2988-31b35fec47a3" executionId="c0860787-1c39-4cb2-8a6f-5dd31f44ca56" testListId="8c84fa94-04c1-424b-9868-57a2d4851a1d" />
    <TestEntry testId="0229b587-f980-d1c2-d94e-8ed98bc221a6" executionId="dadf96f7-3091-441f-821a-6347b27022c6" testListId="8c84fa94-04c1-424b-9868-57a2d4851a1d" />
    <TestEntry testId="d8dd6fae-802b-a606-14b3-f77add91cde3" executionId="72023f88-dd42-43f9-90b2-0302839e4781" testListId="8c84fa94-04c1-424b-9868-57a2d4851a1d" />
    <TestEntry testId="5e0fc3f1-0f67-2b00-c924-a966afea65df" executionId="fdbaff50-ac62-4fab-91d3-0fb803273a9d" testListId="8c84fa94-04c1-424b-9868-57a2d4851a1d" />
    <TestEntry testId="c93cdb71-2111-93a4-4cd8-a7548cb72ed0" executionId="1c261755-38a7-413c-8a7c-a79cb95226ab" testListId="8c84fa94-04c1-424b-9868-57a2d4851a1d" />
    <TestEntry testId="95a4da2d-eeda-4697-a7af-1236c580bef1" executionId="9b8db0e7-d9c1-4763-9a2d-3eaec0f635c8" testListId="8c84fa94-04c1-424b-9868-57a2d4851a1d" />
    <TestEntry testId="acd7d1ab-8336-79e5-b078-d5eb4c962b29" executionId="bef464c8-b834-4dbe-8e44-cb5ef9d85634" testListId="8c84fa94-04c1-424b-9868-57a2d4851a1d" />
    <TestEntry testId="395d9b70-68ea-107f-3853-872b2d76bcc2" executionId="f9b7ebd5-6e1c-47b0-a88f-f809029309b9" testListId="8c84fa94-04c1-424b-9868-57a2d4851a1d" />
    <TestEntry testId="decab755-c41c-98a8-9dd2-05d18e8ecb05" executionId="dbc5aa23-86bc-4f2a-bd73-fba5d472789b" testListId="8c84fa94-04c1-424b-9868-57a2d4851a1d" />
    <TestEntry testId="d2b12152-aa29-786c-7dfa-f4b6b5aa2a7e" executionId="6acd1a2d-1376-436e-8f5b-b97acfba24d3" testListId="8c84fa94-04c1-424b-9868-57a2d4851a1d" />
    <TestEntry testId="2553ac6b-8c4b-c989-c2b1-742cbb8f417e" executionId="1d2e0e52-63fe-46bf-b38e-9ab296e88796" testListId="8c84fa94-04c1-424b-9868-57a2d4851a1d" />
    <TestEntry testId="8d9adc97-9f99-5fc5-0cdb-932a51aaf028" executionId="f87a9127-5cf7-43de-a23c-5c9fd4081b74" testListId="8c84fa94-04c1-424b-9868-57a2d4851a1d" />
    <TestEntry testId="5fd56893-4697-a123-e3df-f5a8329247bd" executionId="9da998bb-a2c1-4fa6-8beb-67a6b8dd834e" testListId="8c84fa94-04c1-424b-9868-57a2d4851a1d" />
    <TestEntry testId="3cf165e2-4de9-3079-4fb7-1ca2dade8ab8" executionId="3696e5a5-404b-49a2-b6cd-5abd5bb71132" testListId="8c84fa94-04c1-424b-9868-57a2d4851a1d" />
    <TestEntry testId="e238789f-1332-cb64-de78-1a020fa88304" executionId="b95b2c3e-885a-4e44-bed5-86abc4cdaf72" testListId="8c84fa94-04c1-424b-9868-57a2d4851a1d" />
    <TestEntry testId="64584126-c6a0-fbd7-9fe1-1a9b0d36c2b6" executionId="5b96a7f8-f969-415e-9265-1b8fb8c9edbe" testListId="8c84fa94-04c1-424b-9868-57a2d4851a1d" />
    <TestEntry testId="521fa3b6-9e37-72bc-d9e9-42020df0aa26" executionId="032d07ba-8faf-4dc2-a129-cc4b8176147d" testListId="8c84fa94-04c1-424b-9868-57a2d4851a1d" />
    <TestEntry testId="80343684-0ab4-f75e-30e6-62b08568fe03" executionId="4fe43e37-57e7-43a8-b1da-083832224b37" testListId="8c84fa94-04c1-424b-9868-57a2d4851a1d" />
    <TestEntry testId="04969f67-b379-916a-3275-e53bd0718ea4" executionId="d971efc9-e004-4ec5-82b9-870cc3138463" testListId="8c84fa94-04c1-424b-9868-57a2d4851a1d" />
    <TestEntry testId="a72152f5-7a61-c574-c2ee-c9a3ca6ccab7" executionId="a403126d-ce7a-427f-a7e2-0a5ad24e8059" testListId="8c84fa94-04c1-424b-9868-57a2d4851a1d" />
    <TestEntry testId="4a4334b0-5451-8696-5200-0bdb59e2a710" executionId="f2f42e66-679a-4178-91bf-6a8bcfdd1662" testListId="8c84fa94-04c1-424b-9868-57a2d4851a1d" />
    <TestEntry testId="3de5845a-c4ac-d187-6027-553f442e3ad2" executionId="bbcee677-b853-44fc-852b-2e2f4f358ab0" testListId="8c84fa94-04c1-424b-9868-57a2d4851a1d" />
    <TestEntry testId="2a24dcb9-e2e0-3650-3ac7-5ec77389adc1" executionId="6202cc39-715b-475e-b71c-7d864e1d8f4b" testListId="8c84fa94-04c1-424b-9868-57a2d4851a1d" />
    <TestEntry testId="56b49f4b-49b4-988e-f563-d6c88928143d" executionId="8335d596-566c-4d6b-87b9-272fd2eefc3c" testListId="8c84fa94-04c1-424b-9868-57a2d4851a1d" />
    <TestEntry testId="853ab17c-1011-8c0b-9611-6a309f52ffd7" executionId="308539ef-9139-43e8-a464-238a709a3508" testListId="8c84fa94-04c1-424b-9868-57a2d4851a1d" />
    <TestEntry testId="7ae5fdac-2c37-dafa-ea81-102d467ed88a" executionId="c26e2da7-c632-471e-9e87-1201c125adb4" testListId="8c84fa94-04c1-424b-9868-57a2d4851a1d" />
    <TestEntry testId="a127d37b-b919-a5a8-4175-7c8816584689" executionId="a1de0668-63f8-483e-a76a-45b4d18af28d" testListId="8c84fa94-04c1-424b-9868-57a2d4851a1d" />
    <TestEntry testId="2b18aff2-35ed-39eb-0869-97e8dcc5f3f1" executionId="2f0ebcfe-2056-41bc-8944-e4c224347088" testListId="8c84fa94-04c1-424b-9868-57a2d4851a1d" />
    <TestEntry testId="685e65c6-c415-f45e-d0fc-3f95f4859375" executionId="f3387578-0230-42dc-a075-357e66a31fe1" testListId="8c84fa94-04c1-424b-9868-57a2d4851a1d" />
    <TestEntry testId="a01cdd42-8e33-6253-38cb-1cb271d958f4" executionId="8d38a3a0-5c45-428a-85fd-df1b91c52303" testListId="8c84fa94-04c1-424b-9868-57a2d4851a1d" />
    <TestEntry testId="9c7df8f2-0bef-5347-a48a-3dbf0cbe5e21" executionId="4bbef5ea-de24-472d-bdbb-77a787383168" testListId="8c84fa94-04c1-424b-9868-57a2d4851a1d" />
    <TestEntry testId="9e7bb479-43f6-3e5b-9858-d1abf76cc2e6" executionId="b39d157e-0f10-4b58-9f4c-00ab670438e0" testListId="8c84fa94-04c1-424b-9868-57a2d4851a1d" />
    <TestEntry testId="b2a12e1f-5796-ca8b-404b-61553a46fbc5" executionId="1eb13ee0-3570-4b52-a89d-b5cbfb73c782" testListId="8c84fa94-04c1-424b-9868-57a2d4851a1d" />
    <TestEntry testId="7a0e454f-7db2-d7d6-0df6-561708317bba" executionId="7cb8c518-84a9-46a4-ad2d-8e6c276c4afe" testListId="8c84fa94-04c1-424b-9868-57a2d4851a1d" />
    <TestEntry testId="826ac225-455e-4413-4415-8bc54c5b4d09" executionId="35abc662-28bb-4b56-b362-66d5e8bcaf55" testListId="8c84fa94-04c1-424b-9868-57a2d4851a1d" />
    <TestEntry testId="aeefe3bf-b956-1766-ab65-91503c288180" executionId="5e431cd2-c132-4d08-80bb-4e074a7ddb74" testListId="8c84fa94-04c1-424b-9868-57a2d4851a1d" />
    <TestEntry testId="1476985a-ce79-252c-fc82-6cfb05e64152" executionId="8034497b-ef8c-40aa-abbb-eddc946d1164" testListId="8c84fa94-04c1-424b-9868-57a2d4851a1d" />
    <TestEntry testId="8abb9da4-977b-effb-b6fc-988ee16d7ff4" executionId="df10597a-c7b4-4f32-92ce-e58b8248ca6d" testListId="8c84fa94-04c1-424b-9868-57a2d4851a1d" />
    <TestEntry testId="94cff85e-e7bb-c94b-e20b-765eb3997f75" executionId="dc39f30a-be96-4d0c-8ce4-e95c834bc658" testListId="8c84fa94-04c1-424b-9868-57a2d4851a1d" />
    <TestEntry testId="87886007-6727-2dc4-be03-09aefa74e875" executionId="9477b27c-c5ed-4c1a-af5f-6a1eab9bb867" testListId="8c84fa94-04c1-424b-9868-57a2d4851a1d" />
    <TestEntry testId="57ff7061-f165-0166-a6d9-95fdfc400dea" executionId="c70d6651-cb61-470f-aa3a-13ade388e7fe" testListId="8c84fa94-04c1-424b-9868-57a2d4851a1d" />
    <TestEntry testId="71b5ba87-68b9-157d-6948-87a1827119b3" executionId="30056023-df0e-40f5-ab33-bef7aac91ec9" testListId="8c84fa94-04c1-424b-9868-57a2d4851a1d" />
    <TestEntry testId="a4d82a7a-0101-77be-aadf-7ad891442135" executionId="f9326993-2b6f-499c-82b0-4f02450edcc2" testListId="8c84fa94-04c1-424b-9868-57a2d4851a1d" />
    <TestEntry testId="a0b62237-e6b4-ed13-bf88-ac0909d8c7c4" executionId="e5dc9bf0-7bcf-4674-8d26-c28fe0eca1bc" testListId="8c84fa94-04c1-424b-9868-57a2d4851a1d" />
    <TestEntry testId="c3298b2d-9863-1896-98e3-77805a105e1c" executionId="49f76a87-36dc-4a22-abea-8208cc77807c" testListId="8c84fa94-04c1-424b-9868-57a2d4851a1d" />
    <TestEntry testId="23adbcea-fc51-4a16-9d4b-141d8a8f1fb7" executionId="172d63bf-8be5-4617-812d-da8286f17241" testListId="8c84fa94-04c1-424b-9868-57a2d4851a1d" />
    <TestEntry testId="f9c4ace8-7c88-3dcb-8c8b-9f280e8b25b8" executionId="3357f0bf-d62e-446f-955b-d19fd8932b1d" testListId="8c84fa94-04c1-424b-9868-57a2d4851a1d" />
    <TestEntry testId="7265e4fd-f7ba-8572-e525-8b365c7360c6" executionId="cc2c9d30-07f4-4b06-aaf0-4cedfcff0a20" testListId="8c84fa94-04c1-424b-9868-57a2d4851a1d" />
    <TestEntry testId="d6efedb1-9c49-9ed3-fbe1-de90224308a3" executionId="70fbbf3a-da85-4d27-9d03-e9c0afb73ef9" testListId="8c84fa94-04c1-424b-9868-57a2d4851a1d" />
    <TestEntry testId="7bf7f3ca-374b-b9a9-53c4-47a8ad354e7e" executionId="9ca7d951-692d-4f95-a8b9-81c656a8f6f3" testListId="8c84fa94-04c1-424b-9868-57a2d4851a1d" />
    <TestEntry testId="511f69f7-a0fb-1d5f-80a7-db38c945bbc4" executionId="b828e4c9-d167-4c74-bc9d-2119b8762735" testListId="8c84fa94-04c1-424b-9868-57a2d4851a1d" />
    <TestEntry testId="b58070c8-bc7f-712e-31bb-2a11be9cfc18" executionId="b553df59-e7b5-46f0-ad02-88d1a29a8a68" testListId="8c84fa94-04c1-424b-9868-57a2d4851a1d" />
    <TestEntry testId="84185e06-3828-77a5-d8c9-c2b462b8ff8c" executionId="308f65da-8fac-4a04-95c2-4d6fc2503c62" testListId="8c84fa94-04c1-424b-9868-57a2d4851a1d" />
    <TestEntry testId="e8dae4f6-1eb2-866f-8693-bdd69c27bed8" executionId="302505eb-9142-480b-a4a1-6758d838f123" testListId="8c84fa94-04c1-424b-9868-57a2d4851a1d" />
    <TestEntry testId="b09e548c-5a83-3ac9-fa3f-e5118e38e1d9" executionId="c46e23ea-f018-45ea-8e56-9ac7b61741e9" testListId="8c84fa94-04c1-424b-9868-57a2d4851a1d" />
    <TestEntry testId="b639588e-b414-82b2-fe24-5fe49a4a3ad3" executionId="c274e7df-2385-46ae-a405-5f9405211dcd" testListId="8c84fa94-04c1-424b-9868-57a2d4851a1d" />
    <TestEntry testId="0f39fcee-dd2f-44a0-e35a-8e74fa0a37f5" executionId="cf6df4b4-3e22-4468-96a4-7621aa27228f" testListId="8c84fa94-04c1-424b-9868-57a2d4851a1d" />
    <TestEntry testId="7b7d00bb-4c5b-d8fb-b3ca-8abd900cc00f" executionId="226e8a5d-f799-48ea-ace6-d08bb6c56ccc" testListId="8c84fa94-04c1-424b-9868-57a2d4851a1d" />
    <TestEntry testId="78845691-c87f-d12e-20f9-3035745796be" executionId="20db71bc-0358-4973-b351-3c8d6c5036cf" testListId="8c84fa94-04c1-424b-9868-57a2d4851a1d" />
    <TestEntry testId="ddcae2eb-b1a6-813a-a49c-5333a490205e" executionId="2fe35ef3-6327-482a-83db-bfab952fcbf6" testListId="8c84fa94-04c1-424b-9868-57a2d4851a1d" />
    <TestEntry testId="9a621664-b485-1b19-02d4-7ca92799a60b" executionId="640de988-42ee-45bb-b793-407ec3fb2d25" testListId="8c84fa94-04c1-424b-9868-57a2d4851a1d" />
    <TestEntry testId="1e5c078d-f94d-c926-473c-575e7ad77b95" executionId="667fae61-4900-42ae-b53d-bbd3f6d1bf25" testListId="8c84fa94-04c1-424b-9868-57a2d4851a1d" />
    <TestEntry testId="86a3d4f1-4730-e078-7812-a2cb42758d4b" executionId="e9c24abb-cc47-4600-834b-ce6ccbf8c2a9" testListId="8c84fa94-04c1-424b-9868-57a2d4851a1d" />
    <TestEntry testId="b6307f6f-0923-1f5a-926e-f404ac915b20" executionId="1e56ece4-b112-4208-bbc0-011ae58be0ef" testListId="8c84fa94-04c1-424b-9868-57a2d4851a1d" />
    <TestEntry testId="1eb4d4f7-74ca-78cd-f76d-cc295b6f3916" executionId="4d780ca1-7a8c-45d9-8577-95a9e5cee5b6" testListId="8c84fa94-04c1-424b-9868-57a2d4851a1d" />
    <TestEntry testId="cee9a7d1-ec49-f6f1-a300-399ccd3bc1b7" executionId="15c16647-2e8d-4534-b1aa-75556b169ea3" testListId="8c84fa94-04c1-424b-9868-57a2d4851a1d" />
    <TestEntry testId="ccf96e16-5dc0-3f30-2892-511f78cf3dfc" executionId="f228d074-62ec-4a40-948e-dd2853884d9b" testListId="8c84fa94-04c1-424b-9868-57a2d4851a1d" />
    <TestEntry testId="b286589b-6f00-2211-0fe0-b6cf97d63d0a" executionId="b1cf9fce-9aa8-401e-be80-efe8549408de" testListId="8c84fa94-04c1-424b-9868-57a2d4851a1d" />
    <TestEntry testId="28a678d1-0284-2779-ed67-e16002278e6b" executionId="5b49a954-c2b9-4750-94eb-8ecfe33f07e5" testListId="8c84fa94-04c1-424b-9868-57a2d4851a1d" />
    <TestEntry testId="d54410c1-a007-adf6-a1dc-8caa96e947a3" executionId="ab97a049-37bf-438b-8ede-bf78bf93d175" testListId="8c84fa94-04c1-424b-9868-57a2d4851a1d" />
    <TestEntry testId="e00200eb-3a34-f266-bd48-fa5530d514f6" executionId="ee646391-4766-4669-ac3d-73064fccf1e9" testListId="8c84fa94-04c1-424b-9868-57a2d4851a1d" />
    <TestEntry testId="5bc31484-16d9-023b-e244-308f6e26f09a" executionId="1f0878ec-e7cb-470a-ba54-a62feb01c8ee" testListId="8c84fa94-04c1-424b-9868-57a2d4851a1d" />
    <TestEntry testId="19309037-483b-d4c8-73ea-f8f351cef324" executionId="b8da026a-2c42-43f8-a55f-59248d74cef4" testListId="8c84fa94-04c1-424b-9868-57a2d4851a1d" />
    <TestEntry testId="9e567b4f-5898-461c-b4e9-b51ec60ad377" executionId="0cc48139-50eb-41e1-a64c-9e4d635a1659" testListId="8c84fa94-04c1-424b-9868-57a2d4851a1d" />
    <TestEntry testId="615860d1-0b9e-6fa5-7fc7-61ac89388548" executionId="6485645b-8eaa-4a5a-9370-d919c572b6fa" testListId="8c84fa94-04c1-424b-9868-57a2d4851a1d" />
    <TestEntry testId="d15cb58b-9b62-cb4e-439e-72757eabb197" executionId="877d6c3f-4ce4-42b2-b03b-d07584404f40" testListId="8c84fa94-04c1-424b-9868-57a2d4851a1d" />
    <TestEntry testId="be59208d-36e7-073c-919d-21490848351c" executionId="9119726f-5dda-4c76-8909-de53f2786369" testListId="8c84fa94-04c1-424b-9868-57a2d4851a1d" />
    <TestEntry testId="069167da-f488-ff65-4a0d-a2797b191242" executionId="895c47f9-1e03-46dc-b596-5e5f3259c0a2" testListId="8c84fa94-04c1-424b-9868-57a2d4851a1d" />
    <TestEntry testId="6abd158c-e0bd-4354-9fac-ab6a832540d0" executionId="3e99cc31-0507-4e89-b98d-91eb0c4a841a" testListId="8c84fa94-04c1-424b-9868-57a2d4851a1d" />
    <TestEntry testId="848d2a90-a6ed-8153-c519-d66b9a7193d9" executionId="27c2a6d9-3612-4664-9cab-27ded980ff6a" testListId="8c84fa94-04c1-424b-9868-57a2d4851a1d" />
    <TestEntry testId="6b324d3b-5796-c056-8636-0eb49b18ead5" executionId="0c4c43cc-81ac-4b29-88cd-30886f5e8e7e" testListId="8c84fa94-04c1-424b-9868-57a2d4851a1d" />
    <TestEntry testId="ea15b94d-4a9c-5bee-a95c-770e518c855b" executionId="4df3ae48-7bb9-45e4-9df6-dde1a0069ae3" testListId="8c84fa94-04c1-424b-9868-57a2d4851a1d" />
    <TestEntry testId="a1098879-b96c-d9e8-87b7-d514474f9769" executionId="5df47b14-37c3-44e3-845d-7c324c7a1f56" testListId="8c84fa94-04c1-424b-9868-57a2d4851a1d" />
    <TestEntry testId="4aa2fb53-f9e4-f471-3a9f-14715f467049" executionId="14699b0e-10fd-4117-a571-485bced59787" testListId="8c84fa94-04c1-424b-9868-57a2d4851a1d" />
    <TestEntry testId="6b24d61a-9019-1031-1c97-d03508d4eb29" executionId="3fd89812-d138-4d21-9fe3-c4907a3bc02e" testListId="8c84fa94-04c1-424b-9868-57a2d4851a1d" />
    <TestEntry testId="a2988576-488b-e6d4-a498-af48b96efbdb" executionId="87577990-db9d-45a1-a3d7-0169dbc4833e" testListId="8c84fa94-04c1-424b-9868-57a2d4851a1d" />
    <TestEntry testId="491de118-700b-88eb-ac68-d71ffdabe000" executionId="1c78e37c-3356-4e37-8cbe-dd7e27462a27" testListId="8c84fa94-04c1-424b-9868-57a2d4851a1d" />
    <TestEntry testId="fd8f048e-524e-5d70-1d66-0ffeb121313b" executionId="4a66b3d4-24b9-452d-a744-3704e3242694" testListId="8c84fa94-04c1-424b-9868-57a2d4851a1d" />
    <TestEntry testId="39003167-8a78-92df-7e4f-41dcd0888168" executionId="5cf2ed32-4d2e-448c-81ac-e16cff9d848f" testListId="8c84fa94-04c1-424b-9868-57a2d4851a1d" />
    <TestEntry testId="20901353-a2d3-ecac-3452-4c8d3e93293d" executionId="2dfe105a-fcc9-4710-a6a5-c73bdad9f65e" testListId="8c84fa94-04c1-424b-9868-57a2d4851a1d" />
    <TestEntry testId="803aabd0-814c-fa5a-ba0b-84820a2be95d" executionId="694e593c-6500-4986-b371-dc0d9b45323e" testListId="8c84fa94-04c1-424b-9868-57a2d4851a1d" />
    <TestEntry testId="9aef4d88-299a-c26b-3a27-57af3cba67d3" executionId="095fbbb0-6dcd-4b94-b6b7-d9e594755303" testListId="8c84fa94-04c1-424b-9868-57a2d4851a1d" />
    <TestEntry testId="c54c0d26-3d52-7638-d0ec-e651814ad808" executionId="90584e61-a66f-4b5d-9d78-16e2c7088dc1" testListId="8c84fa94-04c1-424b-9868-57a2d4851a1d" />
    <TestEntry testId="7c29140c-1ee9-b980-7778-18b11231f8a3" executionId="71b90e87-6747-4319-a7db-e1f5898ca958" testListId="8c84fa94-04c1-424b-9868-57a2d4851a1d" />
    <TestEntry testId="b039aca6-d089-bcbd-2727-394bcd0025e0" executionId="86d72ac2-39c8-4d30-8e0e-2c23064bfde9" testListId="8c84fa94-04c1-424b-9868-57a2d4851a1d" />
    <TestEntry testId="ce8c4658-51b9-647a-8bb3-9c2995dd5a3c" executionId="a4d0cbf1-4903-4cce-8818-9b7b8d93ddb0" testListId="8c84fa94-04c1-424b-9868-57a2d4851a1d" />
    <TestEntry testId="5eb51ac6-bd9f-5d8a-8a44-d83118d83beb" executionId="c2a660cb-f6e0-4801-9cba-fc8bb929d9e6" testListId="8c84fa94-04c1-424b-9868-57a2d4851a1d" />
    <TestEntry testId="35de634f-b340-f79b-b6a0-46426bd56e47" executionId="afa62930-165c-4c74-9e92-86681773e29e" testListId="8c84fa94-04c1-424b-9868-57a2d4851a1d" />
    <TestEntry testId="99d674fc-9d36-ee84-15f3-75180d0ffbf0" executionId="ffefb4ad-137d-4a9c-9cca-e2eaf7312a1e" testListId="8c84fa94-04c1-424b-9868-57a2d4851a1d" />
    <TestEntry testId="7d53e131-e454-48a3-7f61-9c807826acb2" executionId="25beebd4-ca32-4956-bd99-25ff05564671" testListId="8c84fa94-04c1-424b-9868-57a2d4851a1d" />
    <TestEntry testId="cbe7ad88-c615-fcac-7be4-3d317fe5861e" executionId="02b825ff-b862-4312-88be-4d573ea993c6" testListId="8c84fa94-04c1-424b-9868-57a2d4851a1d" />
    <TestEntry testId="b781e920-c895-0d1c-5363-71c65713c53a" executionId="7ccf5bfe-3d93-4e31-bffa-5466c6b6bf56" testListId="8c84fa94-04c1-424b-9868-57a2d4851a1d" />
    <TestEntry testId="85799221-0b36-0e4a-ef29-ad83f50e6bbd" executionId="33f9d886-03b1-4855-a257-a80e20950d10" testListId="8c84fa94-04c1-424b-9868-57a2d4851a1d" />
    <TestEntry testId="ad74bc79-5a2e-0559-0112-48492a8006d2" executionId="909c875c-7aaa-48cc-a64b-84be37a1c085" testListId="8c84fa94-04c1-424b-9868-57a2d4851a1d" />
    <TestEntry testId="f9588db6-8045-6ceb-1c29-858ccdaab727" executionId="5bfa24cb-08f6-4dc9-ae61-ef78fe757445" testListId="8c84fa94-04c1-424b-9868-57a2d4851a1d" />
    <TestEntry testId="c2d4c482-09cf-e240-a7e7-520d6f5ce617" executionId="79ce52a0-54ab-4fd8-bef5-b54e758d4faa" testListId="8c84fa94-04c1-424b-9868-57a2d4851a1d" />
    <TestEntry testId="f1dc036c-9edd-e200-4e53-f62b2f9452ea" executionId="8d760053-57f4-427c-8a66-b8b03f5fe008" testListId="8c84fa94-04c1-424b-9868-57a2d4851a1d" />
    <TestEntry testId="e6f60af7-eaed-5b55-816d-6d2a50c98932" executionId="2a9845fb-8e66-4381-a33e-b4c45d150839" testListId="8c84fa94-04c1-424b-9868-57a2d4851a1d" />
    <TestEntry testId="2d12ad1b-0cfb-a7f2-de41-7d109965ff4a" executionId="0edd9290-681d-436a-a931-44692c798a07" testListId="8c84fa94-04c1-424b-9868-57a2d4851a1d" />
    <TestEntry testId="a6621eb8-15a7-fc8e-d862-31d4f5bc69d0" executionId="cb7c343d-81ce-408f-8514-53a654e33532" testListId="8c84fa94-04c1-424b-9868-57a2d4851a1d" />
    <TestEntry testId="8f24487f-448e-3b5a-351c-88c069a107d6" executionId="e2519087-b3fe-46bc-ab6d-7efcd792a866" testListId="8c84fa94-04c1-424b-9868-57a2d4851a1d" />
    <TestEntry testId="55977c6e-f784-84a1-391e-15480b7266b6" executionId="272e7227-2808-4e15-8414-f31cffb35c2a" testListId="8c84fa94-04c1-424b-9868-57a2d4851a1d" />
    <TestEntry testId="1f8c3026-17e4-68c3-c899-dd2458b787d5" executionId="2d86909a-cb80-4a85-8946-c1dc70bba7c3" testListId="8c84fa94-04c1-424b-9868-57a2d4851a1d" />
    <TestEntry testId="b972bb3a-6c4e-4339-3ada-7c478c5f6ecf" executionId="43e39ac8-e330-4c30-8c64-c76c9a1de89f" testListId="8c84fa94-04c1-424b-9868-57a2d4851a1d" />
    <TestEntry testId="c6bf636f-3c18-b5d6-1346-58450e782d22" executionId="3bf34e71-5792-4e5a-90bb-813fa777c4f0" testListId="8c84fa94-04c1-424b-9868-57a2d4851a1d" />
    <TestEntry testId="f995d454-4ebf-d775-1609-24b3016af07c" executionId="9d5acfec-3c0c-4a1b-b251-bd73bff459bc" testListId="8c84fa94-04c1-424b-9868-57a2d4851a1d" />
    <TestEntry testId="c32a55d2-5cd9-4241-ed27-6ec6eee4b3b0" executionId="6cc23109-c263-4b82-b276-7034eb0d8549" testListId="8c84fa94-04c1-424b-9868-57a2d4851a1d" />
    <TestEntry testId="bcaccf95-48bd-f1b0-c691-d2f1e6a4e3bd" executionId="af0d66d5-2777-4840-bfb7-756137799193" testListId="8c84fa94-04c1-424b-9868-57a2d4851a1d" />
    <TestEntry testId="7e68fea7-1e52-0c32-44b4-1e38c3c836bc" executionId="1b83864a-2b06-48d6-99c5-c780457b56df" testListId="8c84fa94-04c1-424b-9868-57a2d4851a1d" />
    <TestEntry testId="d84ea56f-1773-91fe-6056-1fcd6ce44e0e" executionId="33b076c1-009c-4660-afec-f14d90d603be" testListId="8c84fa94-04c1-424b-9868-57a2d4851a1d" />
    <TestEntry testId="9629fd85-821b-932c-4f6c-d14c57ed62b0" executionId="826b9a70-719a-4f96-ac60-3b11e047d370" testListId="8c84fa94-04c1-424b-9868-57a2d4851a1d" />
    <TestEntry testId="04967881-3d44-4f25-5839-6dd3eae8bd89" executionId="5858e014-0143-4195-a1ce-f1a1b548f300" testListId="8c84fa94-04c1-424b-9868-57a2d4851a1d" />
    <TestEntry testId="4d3ac1b1-3fbf-8e2e-a5b3-6011afbd1d48" executionId="a87fe900-7034-48cf-8358-deb22952438a" testListId="8c84fa94-04c1-424b-9868-57a2d4851a1d" />
    <TestEntry testId="4c344495-4967-8a3c-49bd-83047e73dd58" executionId="79812b64-d500-4108-b1b3-44ef51e91c3b" testListId="8c84fa94-04c1-424b-9868-57a2d4851a1d" />
    <TestEntry testId="958c8c55-b3b0-31c1-8935-1d44afe5a8c0" executionId="ed0c3ee0-e8f7-4291-b24d-b0e315eef89f" testListId="8c84fa94-04c1-424b-9868-57a2d4851a1d" />
    <TestEntry testId="d8dcd89f-df1d-9e50-f8f8-844883603fea" executionId="357560a3-90d6-4802-8933-4839dc78d446" testListId="8c84fa94-04c1-424b-9868-57a2d4851a1d" />
    <TestEntry testId="c2a86a28-0c33-4ec7-8c21-c750433881c4" executionId="c1fa1d52-d0a5-441d-917a-df5a881724d0" testListId="8c84fa94-04c1-424b-9868-57a2d4851a1d" />
    <TestEntry testId="0bcee855-d67d-6b06-b494-da6df454ba12" executionId="bb4b8ffd-d20b-4ec6-b401-c24e7e1d1214" testListId="8c84fa94-04c1-424b-9868-57a2d4851a1d" />
    <TestEntry testId="f6401660-be6e-6eb8-4af7-4a88425589c4" executionId="21e1978c-1084-478e-9484-2a6ee489cde7" testListId="8c84fa94-04c1-424b-9868-57a2d4851a1d" />
    <TestEntry testId="fad10d32-e0c1-4a39-6168-5252fb0f8392" executionId="fd56ba21-5587-472a-8d1f-092afe6693eb" testListId="8c84fa94-04c1-424b-9868-57a2d4851a1d" />
    <TestEntry testId="6c172272-73ee-1f81-5332-f3180f21fb30" executionId="e040c056-543a-4973-86a7-0b44d3c54cd0" testListId="8c84fa94-04c1-424b-9868-57a2d4851a1d" />
    <TestEntry testId="762e5ce4-0443-8529-2419-b15e6b3af056" executionId="3dc3bf51-9a81-43c0-8af5-6c1bab4390c6" testListId="8c84fa94-04c1-424b-9868-57a2d4851a1d" />
    <TestEntry testId="9c16a4f2-9784-74bb-775d-5911328260bf" executionId="d4d84a17-e38d-4331-979e-0a698b856a8e" testListId="8c84fa94-04c1-424b-9868-57a2d4851a1d" />
    <TestEntry testId="43e0f701-5f55-5e32-84f3-972dc14c0c0b" executionId="8de05b8f-14e5-4b93-bdf0-6f0565db5074" testListId="8c84fa94-04c1-424b-9868-57a2d4851a1d" />
    <TestEntry testId="506d41c9-bfc8-bf08-1307-c55fbf29a8e5" executionId="5a8fdbe3-66a0-4ff5-8e8b-22b107a3c9be" testListId="8c84fa94-04c1-424b-9868-57a2d4851a1d" />
    <TestEntry testId="58ed8150-ee65-8df8-a854-bba06457b4da" executionId="89455b49-5869-4917-9ccc-e2d678c7a25d" testListId="8c84fa94-04c1-424b-9868-57a2d4851a1d" />
    <TestEntry testId="35a2b898-28ef-3d54-ad66-b8bbc7ede2a3" executionId="bc265ae2-1a59-4d61-8a52-cafc3e805709" testListId="8c84fa94-04c1-424b-9868-57a2d4851a1d" />
    <TestEntry testId="3f6f5d68-0845-7e29-25ea-1750d0b3ad97" executionId="4e7b004a-6b19-4cae-85ec-03b5a87b622e" testListId="8c84fa94-04c1-424b-9868-57a2d4851a1d" />
    <TestEntry testId="7476f680-f31f-6c35-e7e5-6a1da5d08bf1" executionId="67c1b0f7-6f79-4067-97c4-04197747053c" testListId="8c84fa94-04c1-424b-9868-57a2d4851a1d" />
    <TestEntry testId="03f880df-4361-699a-9da6-4d3bc3d9d5a7" executionId="df8957c5-0d37-4893-a0bc-e2c3f373ee31" testListId="8c84fa94-04c1-424b-9868-57a2d4851a1d" />
    <TestEntry testId="39c7a244-b75e-9f86-9d15-adfafecd21ca" executionId="3da6ccfc-340e-4c5d-b328-1d0190d55ef1" testListId="8c84fa94-04c1-424b-9868-57a2d4851a1d" />
    <TestEntry testId="0d37f434-250b-5238-45a8-c128f2ef42ef" executionId="9b41c2b3-9477-460e-9079-63a1f218fb35" testListId="8c84fa94-04c1-424b-9868-57a2d4851a1d" />
    <TestEntry testId="7490fb46-9b1e-86c6-a053-c9324b70ce91" executionId="25f94997-9840-404a-9626-c29aceb7f13e" testListId="8c84fa94-04c1-424b-9868-57a2d4851a1d" />
    <TestEntry testId="860765f6-59d4-c798-166f-19857f828734" executionId="77e99428-da79-44bb-84f2-caa9744a3123" testListId="8c84fa94-04c1-424b-9868-57a2d4851a1d" />
    <TestEntry testId="80a01599-be59-3356-d51c-3d8e6f327fd1" executionId="682e4e7f-2ef5-41f4-ab46-a055bad1f48d" testListId="8c84fa94-04c1-424b-9868-57a2d4851a1d" />
    <TestEntry testId="1fa0b0ac-82b7-821b-a6bd-11883f4b16c1" executionId="e44c48ac-18fe-4630-8bcb-10613a4ae6f3" testListId="8c84fa94-04c1-424b-9868-57a2d4851a1d" />
    <TestEntry testId="7c3fcb5f-2001-b092-5026-72ef7da49275" executionId="2186ec5d-778e-4590-a0aa-29082f94011e" testListId="8c84fa94-04c1-424b-9868-57a2d4851a1d" />
    <TestEntry testId="0ebe3939-f18c-dec0-703f-01349ca5c1ad" executionId="4cee4cd9-a80c-4056-b908-ea5274a5a330" testListId="8c84fa94-04c1-424b-9868-57a2d4851a1d" />
    <TestEntry testId="46c08f6b-08d4-7992-5df4-ed97e4b42fc1" executionId="42e56729-b370-4e80-a98e-a7e4ba273090" testListId="8c84fa94-04c1-424b-9868-57a2d4851a1d" />
    <TestEntry testId="fb9b5d5a-ec48-a3ed-07db-cf85d51b9faa" executionId="2464c1d6-5e08-49d0-be7a-f022d30e1d43" testListId="8c84fa94-04c1-424b-9868-57a2d4851a1d" />
    <TestEntry testId="333dd064-5f53-dea9-59e8-b7071262f9e7" executionId="73f4afdc-15aa-4288-a209-e186d9aaeb72" testListId="8c84fa94-04c1-424b-9868-57a2d4851a1d" />
    <TestEntry testId="8ea3fac0-98e6-cacb-3107-71ef474d1509" executionId="aa5ff187-0c05-43e9-9105-dc84c1062a34" testListId="8c84fa94-04c1-424b-9868-57a2d4851a1d" />
    <TestEntry testId="81df71bb-e962-4121-4d15-80e255b37b1f" executionId="7447b12e-e550-4b0b-8bd2-0a1e5a2be4bf" testListId="8c84fa94-04c1-424b-9868-57a2d4851a1d" />
    <TestEntry testId="5c165fdb-5b2a-6ca5-1c7a-4f504d003e95" executionId="2468a873-1fb1-4417-b83e-8bfcef84f1b5" testListId="8c84fa94-04c1-424b-9868-57a2d4851a1d" />
    <TestEntry testId="a6e465ee-f568-61da-4158-e730cb849679" executionId="9e41f593-764d-4372-a0e3-6478be02850e" testListId="8c84fa94-04c1-424b-9868-57a2d4851a1d" />
    <TestEntry testId="092c2603-fe15-2655-d7c6-015786763712" executionId="c3dfeb85-c413-4c40-94c2-8d4cd2a49259" testListId="8c84fa94-04c1-424b-9868-57a2d4851a1d" />
    <TestEntry testId="10d9efba-c25c-4837-b4ca-c51dd97ac398" executionId="c49420e1-143d-4e43-8a2b-54d87ca2af64" testListId="8c84fa94-04c1-424b-9868-57a2d4851a1d" />
    <TestEntry testId="a95ff0ae-d4c3-2673-b0e9-9a7af3b33aba" executionId="c2de358c-0139-4339-90a5-437d97399038" testListId="8c84fa94-04c1-424b-9868-57a2d4851a1d" />
    <TestEntry testId="5234899e-b699-a182-8741-15341fb350c8" executionId="33a09b1f-f134-4ebf-abcf-9a9f9420d65f" testListId="8c84fa94-04c1-424b-9868-57a2d4851a1d" />
    <TestEntry testId="7806c973-d637-45cf-930a-0b315d29c540" executionId="80146d07-8e61-4c36-8ea1-99b92e4a81cd" testListId="8c84fa94-04c1-424b-9868-57a2d4851a1d" />
    <TestEntry testId="05474d60-4c0c-5e35-b4fc-2df26a361c4d" executionId="ff8192ee-5e86-4388-8537-717848072732" testListId="8c84fa94-04c1-424b-9868-57a2d4851a1d" />
    <TestEntry testId="510aaf45-0379-a668-36c0-4b4e838744ca" executionId="c73af687-1d1b-4085-969f-7623ad49bd16" testListId="8c84fa94-04c1-424b-9868-57a2d4851a1d" />
    <TestEntry testId="6a02a9a9-45fc-e93c-144a-ec579f6fd7df" executionId="42b46c6a-7d71-4371-ac3f-06bbbaec121a" testListId="8c84fa94-04c1-424b-9868-57a2d4851a1d" />
    <TestEntry testId="45b47e45-8abc-9102-029a-0eb6ca1d5e58" executionId="a46ce329-a183-4bfa-bd4f-cac4d79071f2" testListId="8c84fa94-04c1-424b-9868-57a2d4851a1d" />
    <TestEntry testId="a99bf545-84e2-fafd-ee3f-5153803c3541" executionId="bce8f763-59c9-4e97-92bc-852894870ea9" testListId="8c84fa94-04c1-424b-9868-57a2d4851a1d" />
    <TestEntry testId="1d439d51-4271-ce67-e4e0-d0b84f8d1caf" executionId="43158ae5-031c-4e9b-84c2-a429c1293286" testListId="8c84fa94-04c1-424b-9868-57a2d4851a1d" />
    <TestEntry testId="0af23d0c-f1f0-deb1-181c-c50389a37384" executionId="fd7e76b7-1e7a-485f-9204-f32593db2612" testListId="8c84fa94-04c1-424b-9868-57a2d4851a1d" />
    <TestEntry testId="6b63c191-3bae-08f6-ef80-e9550ed318c7" executionId="b708f296-23a8-4d2d-abb2-9f1d1343f41b" testListId="8c84fa94-04c1-424b-9868-57a2d4851a1d" />
    <TestEntry testId="30b3b577-2061-3db5-edc3-bfd98a1a499f" executionId="9a1f0352-e80a-4422-b7b2-4ad8383868d7" testListId="8c84fa94-04c1-424b-9868-57a2d4851a1d" />
    <TestEntry testId="8a34d143-fbd5-8061-22f1-4fab44554570" executionId="b4fb84ab-00b1-41a1-bdde-163f126cc58d" testListId="8c84fa94-04c1-424b-9868-57a2d4851a1d" />
    <TestEntry testId="d187567e-7ba7-c49e-1e54-13fd327095e9" executionId="ba15dce9-e465-4409-adf5-1f6e647d631c" testListId="8c84fa94-04c1-424b-9868-57a2d4851a1d" />
    <TestEntry testId="5fa0a4c4-15f2-a193-6e7e-18d36636da1f" executionId="d1142ea1-0b7d-4a3d-a068-846fbfa32d65" testListId="8c84fa94-04c1-424b-9868-57a2d4851a1d" />
    <TestEntry testId="832e2e19-99a8-b743-8cd7-c0180c963ece" executionId="398db0eb-163d-4f4e-9cd9-60a4e7ea1fac" testListId="8c84fa94-04c1-424b-9868-57a2d4851a1d" />
    <TestEntry testId="aff0dd6a-515d-d68f-384c-79614af1fe73" executionId="b31f0556-1c56-4096-b395-d88c2e6e3f62" testListId="8c84fa94-04c1-424b-9868-57a2d4851a1d" />
    <TestEntry testId="0e73995d-338f-84a3-7662-4ba2ece68a21" executionId="26db3fc5-b67d-4f1a-80df-a43e1fae5e18" testListId="8c84fa94-04c1-424b-9868-57a2d4851a1d" />
    <TestEntry testId="dd25fada-bd11-6a30-c38c-abafcc1ac188" executionId="b701b27d-38c9-43db-819f-9bad3decb702" testListId="8c84fa94-04c1-424b-9868-57a2d4851a1d" />
    <TestEntry testId="a5617ce6-af44-3da3-775d-82bd0343fcd9" executionId="1ef910bd-baf8-4b44-96b5-be7165a03d0f" testListId="8c84fa94-04c1-424b-9868-57a2d4851a1d" />
    <TestEntry testId="2287085c-f0e1-b4ec-fa14-c4512658a9fe" executionId="07332c69-9b69-4f98-8d7d-e3d4b15dbe24" testListId="8c84fa94-04c1-424b-9868-57a2d4851a1d" />
    <TestEntry testId="e6fa545c-dab4-f63e-4e3b-21ea6de7572d" executionId="eea082ca-a497-4109-9e43-0bab82544709" testListId="8c84fa94-04c1-424b-9868-57a2d4851a1d" />
    <TestEntry testId="c994fcbd-cf70-f011-3e5f-4e6d74bb71af" executionId="f054b975-d719-4340-b9f3-2bd450ece51b" testListId="8c84fa94-04c1-424b-9868-57a2d4851a1d" />
    <TestEntry testId="3ec04580-c747-9bc8-6ea0-e87ec6ca04ad" executionId="4390c9b0-5bed-4f4f-99c0-4733a8f6634e" testListId="8c84fa94-04c1-424b-9868-57a2d4851a1d" />
    <TestEntry testId="774aeb04-879b-a97c-c411-6c8ce34f4ab0" executionId="e62ed9d6-f9e5-41c9-8384-5867225ec190" testListId="8c84fa94-04c1-424b-9868-57a2d4851a1d" />
    <TestEntry testId="1e6f2372-9d34-e630-93c8-967c7d09f6b9" executionId="e75a3e26-6c39-40f8-a35c-d09dc0bec0d7" testListId="8c84fa94-04c1-424b-9868-57a2d4851a1d" />
    <TestEntry testId="be4aa60a-fec3-fdce-8c70-46ec82a2fec7" executionId="72bc510f-c39f-4630-8bdd-766a9af0f056" testListId="8c84fa94-04c1-424b-9868-57a2d4851a1d" />
    <TestEntry testId="ecf86b56-1ec1-9984-97f9-65e2b8a0e550" executionId="064f0416-2395-4d1c-84fa-cc13950a71e8" testListId="8c84fa94-04c1-424b-9868-57a2d4851a1d" />
    <TestEntry testId="298a4d26-abe3-d2f6-50a3-14e473e9fa24" executionId="302032a9-858b-404a-b113-385d699fc18f" testListId="8c84fa94-04c1-424b-9868-57a2d4851a1d" />
    <TestEntry testId="23390089-a1b0-0859-3cf4-aeec4a54a63a" executionId="7c0f10d9-9501-445e-900f-6744b93ae79b" testListId="8c84fa94-04c1-424b-9868-57a2d4851a1d" />
    <TestEntry testId="ee6fca60-0e04-b997-dc4d-b3e46cbf895c" executionId="8afa3cdb-8fdc-4041-9e8a-014db592a22b" testListId="8c84fa94-04c1-424b-9868-57a2d4851a1d" />
    <TestEntry testId="379512c8-8994-594d-a3c0-6d675c1d8949" executionId="60719c8a-b466-4da5-980a-59528b88ab11" testListId="8c84fa94-04c1-424b-9868-57a2d4851a1d" />
    <TestEntry testId="4b66c56d-0547-dbc0-4364-ccf548a1bb40" executionId="f2a8aa97-bb04-4db3-a99b-0f92ee0393b8" testListId="8c84fa94-04c1-424b-9868-57a2d4851a1d" />
    <TestEntry testId="21c3231d-e912-0f46-5fbf-421ff3f2435e" executionId="af309a8c-6134-4c7b-ab30-cd8db8b352e2" testListId="8c84fa94-04c1-424b-9868-57a2d4851a1d" />
    <TestEntry testId="bb7e4fc8-2bb1-dbaf-8cdd-5d93ef915f61" executionId="dcd62da0-23fe-4ee5-8b98-104e384c5ac4" testListId="8c84fa94-04c1-424b-9868-57a2d4851a1d" />
    <TestEntry testId="e4a60893-7e5b-dc4d-fd91-d28f1c9b83a3" executionId="ba7f843a-017d-4e2e-9654-ba9c5bcde6e8" testListId="8c84fa94-04c1-424b-9868-57a2d4851a1d" />
    <TestEntry testId="615fa398-9de6-a6b9-2dab-60666d0931f7" executionId="7c2b1a44-886e-4ed9-9473-c43eef4907d8" testListId="8c84fa94-04c1-424b-9868-57a2d4851a1d" />
    <TestEntry testId="c09eca31-2a58-b146-7d55-b556b7020c68" executionId="0b0eed70-6dba-4d1c-bd25-af15fdcb184e" testListId="8c84fa94-04c1-424b-9868-57a2d4851a1d" />
    <TestEntry testId="85025e54-3d28-2e1a-ba9d-a38988743c83" executionId="10cd87b7-feac-4276-a2f6-ba0282f4b80f" testListId="8c84fa94-04c1-424b-9868-57a2d4851a1d" />
    <TestEntry testId="a7c76906-c1d7-0c9c-096c-a6235194b8e7" executionId="eb196da1-0d43-45f0-998d-d4ad7954be43" testListId="8c84fa94-04c1-424b-9868-57a2d4851a1d" />
    <TestEntry testId="deeaa6b3-3ff5-0109-60b8-733b4bfcf2d5" executionId="f815e9d3-93d0-44fb-869b-66e1b0c07a50" testListId="8c84fa94-04c1-424b-9868-57a2d4851a1d" />
    <TestEntry testId="74db41bd-054e-abff-59c5-f7d3ecdafbd4" executionId="630223b2-e5d4-4d2b-a213-c59a7ab4d3c2" testListId="8c84fa94-04c1-424b-9868-57a2d4851a1d" />
    <TestEntry testId="afd0d33f-f4d8-2831-3613-5b41efd13c3b" executionId="ba58c2c8-a3b9-405b-86db-7d4c3036712d" testListId="8c84fa94-04c1-424b-9868-57a2d4851a1d" />
    <TestEntry testId="62f72a9e-2ef3-be6d-f944-7dcdbad45b8b" executionId="bf177f39-d731-49b4-a72d-a27bc537c644" testListId="8c84fa94-04c1-424b-9868-57a2d4851a1d" />
    <TestEntry testId="942bc263-e8dd-056d-20fc-b03fc0f2fe09" executionId="114e640d-a5c8-4f48-bc57-1e4e89c583c2" testListId="8c84fa94-04c1-424b-9868-57a2d4851a1d" />
    <TestEntry testId="9a937ae8-d764-8210-812b-522cffbf8c6f" executionId="9643d308-d686-4c24-a909-1972598dacb1" testListId="8c84fa94-04c1-424b-9868-57a2d4851a1d" />
    <TestEntry testId="979c090f-8c86-d264-67f3-13520744166b" executionId="2f647352-3b83-4954-a4d1-9d133e09e643" testListId="8c84fa94-04c1-424b-9868-57a2d4851a1d" />
    <TestEntry testId="0ffbfc26-0b88-0610-8454-a3e10982707b" executionId="8d6c6bb3-f899-4185-b548-b5ec5d74f310" testListId="8c84fa94-04c1-424b-9868-57a2d4851a1d" />
    <TestEntry testId="9db1e6a2-c9ab-3468-9419-59249149bc04" executionId="ce8137c7-6f0b-4782-8b1a-17d04addd4b7" testListId="8c84fa94-04c1-424b-9868-57a2d4851a1d" />
    <TestEntry testId="3303c520-a64a-555f-afb5-ac27a0847525" executionId="652015c2-aff3-40f0-9d6f-f83e89c01a29" testListId="8c84fa94-04c1-424b-9868-57a2d4851a1d" />
    <TestEntry testId="1bf3b326-0db3-88e9-a1ae-c5de32b68479" executionId="b5adb82d-dcd4-4957-9007-fa42b6e9af02" testListId="8c84fa94-04c1-424b-9868-57a2d4851a1d" />
    <TestEntry testId="cfa8282b-c910-23c2-f0df-2ed624c5a3c7" executionId="5d59acc1-5eec-4858-b73a-22bfdd7dfda7" testListId="8c84fa94-04c1-424b-9868-57a2d4851a1d" />
    <TestEntry testId="1a501163-ddde-3471-133e-1552ff82f851" executionId="f2f69e15-0419-4ef8-a763-25e94df1deaf" testListId="8c84fa94-04c1-424b-9868-57a2d4851a1d" />
    <TestEntry testId="e16968dc-e551-2d79-073b-6318cfa896ba" executionId="93c1a5b8-6fb7-4744-9ed4-40ac933ebae9" testListId="8c84fa94-04c1-424b-9868-57a2d4851a1d" />
    <TestEntry testId="0edcab43-1e4a-6ea7-7c7b-b02803f7c8b9" executionId="f1207093-39ae-4ca5-a13f-8196c508c14d" testListId="8c84fa94-04c1-424b-9868-57a2d4851a1d" />
    <TestEntry testId="5667c806-5b5f-868c-360c-740b6f484339" executionId="e751a7bb-a9da-4b95-ba80-0223190a61da" testListId="8c84fa94-04c1-424b-9868-57a2d4851a1d" />
    <TestEntry testId="0107bc98-e88d-a137-c4d8-ff01a11c4723" executionId="a118a626-76f8-46c6-9928-1fde6f5442fb" testListId="8c84fa94-04c1-424b-9868-57a2d4851a1d" />
    <TestEntry testId="1ea79024-ef1b-d483-be8e-220bc24bf693" executionId="2d2d90ef-c423-49c4-9080-fd0f368f30dc" testListId="8c84fa94-04c1-424b-9868-57a2d4851a1d" />
    <TestEntry testId="66fdc644-297b-3f5c-4f4a-cb900d8c28d6" executionId="d5f6cdb1-9e52-432c-a50a-cb240bfc770d" testListId="8c84fa94-04c1-424b-9868-57a2d4851a1d" />
    <TestEntry testId="eefaa447-aa0c-7b07-9a84-3d4387fce640" executionId="40780b11-84ef-4246-9264-621d57a560f4" testListId="8c84fa94-04c1-424b-9868-57a2d4851a1d" />
    <TestEntry testId="7b7e9341-cf8b-f510-483a-d874dccbbbca" executionId="5b316be1-58ac-4d92-becc-825e76cfb1e0" testListId="8c84fa94-04c1-424b-9868-57a2d4851a1d" />
    <TestEntry testId="2fcbb4d5-0c22-d47d-9ea9-6260fb047a7e" executionId="afd3163c-9617-4ca9-8e39-df01b22a5aa1" testListId="8c84fa94-04c1-424b-9868-57a2d4851a1d" />
    <TestEntry testId="024506f9-eb28-1802-65f5-4eafd9fc8776" executionId="52dc9582-4474-41b1-b128-7640b60636a1" testListId="8c84fa94-04c1-424b-9868-57a2d4851a1d" />
    <TestEntry testId="87ae11a5-ff33-3fef-0507-0ee3bd82054e" executionId="d33a1a8e-c84b-44bb-bfac-e230adcddfed" testListId="8c84fa94-04c1-424b-9868-57a2d4851a1d" />
    <TestEntry testId="8591161e-1b40-e9f6-332c-2e1b43b81682" executionId="a407e974-d6e3-49da-92d4-44a7d4a42a85" testListId="8c84fa94-04c1-424b-9868-57a2d4851a1d" />
    <TestEntry testId="e6b1d0c3-adf4-f12b-3a3a-a088a5d2227c" executionId="d223ddb9-0b80-4d6a-970e-64115d5e07b9" testListId="8c84fa94-04c1-424b-9868-57a2d4851a1d" />
    <TestEntry testId="71fdf905-97fb-1d5b-9602-e52da179cf3f" executionId="921dacfb-081d-4346-b002-41eb979b9637" testListId="8c84fa94-04c1-424b-9868-57a2d4851a1d" />
    <TestEntry testId="1e0703fd-8132-d66f-f52d-f2f5d027c1d8" executionId="8e309b16-4b67-48e1-82d5-d5cc3f12ad87" testListId="8c84fa94-04c1-424b-9868-57a2d4851a1d" />
    <TestEntry testId="a8b1a1f3-a70e-7194-337a-f959c6974971" executionId="f65d2ec8-34d3-4f52-b3af-ab6be3094706" testListId="8c84fa94-04c1-424b-9868-57a2d4851a1d" />
    <TestEntry testId="37376bb5-e384-3c51-d1d8-3ba613fa9182" executionId="6c689ede-0533-407f-9392-bc6b906fc1d7" testListId="8c84fa94-04c1-424b-9868-57a2d4851a1d" />
    <TestEntry testId="d00dfd16-6967-b6b7-0f2f-9403bdf758f6" executionId="a8cd0401-6e17-4b50-92dd-aea041fda409" testListId="8c84fa94-04c1-424b-9868-57a2d4851a1d" />
    <TestEntry testId="95fed375-7969-3fff-ac7b-e41adca485dd" executionId="f40ae5cc-fd8f-4f36-a490-89a724255b18" testListId="8c84fa94-04c1-424b-9868-57a2d4851a1d" />
    <TestEntry testId="30678609-1c69-68ef-6a0d-4b6cf4e5979d" executionId="0ca3844d-c948-4a96-89c9-99a6538b01f9" testListId="8c84fa94-04c1-424b-9868-57a2d4851a1d" />
    <TestEntry testId="99a10c59-9aed-054b-9f26-15805af85148" executionId="f343cccf-4f98-4499-bf5b-fedf7afe7eff" testListId="8c84fa94-04c1-424b-9868-57a2d4851a1d" />
    <TestEntry testId="199abf60-5b5b-94b6-b04f-a3e4d911fd34" executionId="ceca7b5e-ce22-4dab-9971-c971adb3c449" testListId="8c84fa94-04c1-424b-9868-57a2d4851a1d" />
    <TestEntry testId="8abfbe45-c0d6-8f72-7af8-564a66d7cb48" executionId="0d21a846-2e76-47c3-b490-0474869d63ee" testListId="8c84fa94-04c1-424b-9868-57a2d4851a1d" />
    <TestEntry testId="f0cd9acd-b821-1b3b-6a4a-691c6f1f639a" executionId="64817aff-6a4f-4de7-931e-b3655b1de59d" testListId="8c84fa94-04c1-424b-9868-57a2d4851a1d" />
    <TestEntry testId="ceb7f684-931d-5c6c-b7df-e9079ac9afdf" executionId="0d032d65-a76e-4225-b7ab-21489df8b1bb" testListId="8c84fa94-04c1-424b-9868-57a2d4851a1d" />
    <TestEntry testId="bbce4fa8-10c7-16ce-b8b0-bbab48797f43" executionId="ade216e0-c513-4e8d-9775-8c47fd5492cd" testListId="8c84fa94-04c1-424b-9868-57a2d4851a1d" />
    <TestEntry testId="a2324ec9-fe68-9e74-cace-8efe295e824d" executionId="a9435aff-4850-448b-b526-4f3c567b0425" testListId="8c84fa94-04c1-424b-9868-57a2d4851a1d" />
    <TestEntry testId="1a9a0ddf-514c-baf9-413c-22119b976aa4" executionId="6d979442-8bdb-466b-963b-45c8196e79c8" testListId="8c84fa94-04c1-424b-9868-57a2d4851a1d" />
    <TestEntry testId="345abed9-9ef3-e2b8-4bc1-ad4b7b82dd26" executionId="4b27f0d1-befb-4fe3-8823-44d38236d28a" testListId="8c84fa94-04c1-424b-9868-57a2d4851a1d" />
    <TestEntry testId="113c211f-ff70-231a-7b9d-03413cd134d7" executionId="99cc3f77-d739-4cf9-b32a-b7c1395a0380" testListId="8c84fa94-04c1-424b-9868-57a2d4851a1d" />
    <TestEntry testId="5793f365-d163-be21-ca1f-4a66a13f32b3" executionId="0fe12731-e957-48ce-8382-ae1a54695b23" testListId="8c84fa94-04c1-424b-9868-57a2d4851a1d" />
    <TestEntry testId="94c8a06e-3f46-89b8-1521-4663bd871343" executionId="cf7e7fbe-f00a-470b-8f0a-22862a382b25" testListId="8c84fa94-04c1-424b-9868-57a2d4851a1d" />
    <TestEntry testId="a3cd1e56-7e87-cbfe-4696-2cfc61bd79f6" executionId="93082cb1-e97f-41c4-891d-ccf759f5e2cb" testListId="8c84fa94-04c1-424b-9868-57a2d4851a1d" />
    <TestEntry testId="cd871e9d-7935-e907-4a89-0e7db877a7c7" executionId="6853484a-a0c2-4a38-9240-fe9099ea7721" testListId="8c84fa94-04c1-424b-9868-57a2d4851a1d" />
    <TestEntry testId="c11f5a85-86bf-cab1-9d9a-33069c6ff139" executionId="9d474589-9d04-4ec8-96e8-d19baf05dc75" testListId="8c84fa94-04c1-424b-9868-57a2d4851a1d" />
    <TestEntry testId="299c3fd4-a01d-2a60-05c1-ad11698aa276" executionId="c0bb681d-03ff-4700-a801-93bab4e9cd6a" testListId="8c84fa94-04c1-424b-9868-57a2d4851a1d" />
    <TestEntry testId="9bae3763-5b44-6392-7f85-b5a14c7eae3f" executionId="3d7342a5-5a3c-4587-997b-9eb81ddb1b02" testListId="8c84fa94-04c1-424b-9868-57a2d4851a1d" />
    <TestEntry testId="2ae061eb-7306-c193-04ca-269456b3b20b" executionId="219af2e9-c476-4ee6-b512-6b910ba48e99" testListId="8c84fa94-04c1-424b-9868-57a2d4851a1d" />
    <TestEntry testId="96aa3d29-1365-f48b-4ac9-cdc761ea41b1" executionId="bd903887-4b1d-4c81-935b-689828894826" testListId="8c84fa94-04c1-424b-9868-57a2d4851a1d" />
    <TestEntry testId="ae67d523-2929-36b8-f281-40940e5c29bb" executionId="29b781aa-e57d-438c-8164-b72ae2dc604a" testListId="8c84fa94-04c1-424b-9868-57a2d4851a1d" />
    <TestEntry testId="c2593dce-156b-2236-a515-633fd14dda79" executionId="9a7f6881-72fe-4da4-be6d-8c856a159187" testListId="8c84fa94-04c1-424b-9868-57a2d4851a1d" />
    <TestEntry testId="bf8e531c-343c-5c0a-d3e5-66c9023885a3" executionId="34c71dff-2832-40db-8e9d-52c71c1dbf33" testListId="8c84fa94-04c1-424b-9868-57a2d4851a1d" />
    <TestEntry testId="19b8d5ef-b980-1d42-3f3f-c869dee34ac6" executionId="288dad6c-b3d2-409a-90af-2778d54549bd" testListId="8c84fa94-04c1-424b-9868-57a2d4851a1d" />
    <TestEntry testId="6a41f5f3-49f1-a289-ed1a-edcf9c86dd3e" executionId="2e30d965-ce8f-4c6c-b898-e1b80f2a4d27" testListId="8c84fa94-04c1-424b-9868-57a2d4851a1d" />
    <TestEntry testId="9277cfc2-3adf-cf52-f9f5-a84d42e6305c" executionId="8b70de07-d20d-4d15-971c-4c91827dded3" testListId="8c84fa94-04c1-424b-9868-57a2d4851a1d" />
    <TestEntry testId="6700c77f-a72c-833c-b2d9-a0d02a9534be" executionId="ffc0ff35-b2d8-4468-aff8-dea0b22ed956" testListId="8c84fa94-04c1-424b-9868-57a2d4851a1d" />
    <TestEntry testId="e704684d-9f7f-da08-58cf-d52651e9dd96" executionId="84870dea-ad24-40a5-99b5-3ee283c5d22e" testListId="8c84fa94-04c1-424b-9868-57a2d4851a1d" />
    <TestEntry testId="bce75dbd-45ca-03c5-19ba-bad21cb2572e" executionId="54994b55-0d34-4293-acd5-90b19d716c1b" testListId="8c84fa94-04c1-424b-9868-57a2d4851a1d" />
    <TestEntry testId="4860ad68-0544-30ce-66fd-690992dae18e" executionId="137abec8-3983-49a5-9ad4-9f654dee4f57" testListId="8c84fa94-04c1-424b-9868-57a2d4851a1d" />
    <TestEntry testId="9a9fb753-7e29-0228-3909-087838ec3002" executionId="8c5ac034-8726-41c4-9124-71a7174d56c5" testListId="8c84fa94-04c1-424b-9868-57a2d4851a1d" />
    <TestEntry testId="d38b1856-f9a8-d9e7-be29-662b96640b5b" executionId="5a48d7d4-bbd7-4607-8c82-7e4de0264e15" testListId="8c84fa94-04c1-424b-9868-57a2d4851a1d" />
    <TestEntry testId="cd1fce0e-40f1-2613-4ea2-fe4efaae7320" executionId="2611ff44-5ed5-4a72-af1b-331816012c04" testListId="8c84fa94-04c1-424b-9868-57a2d4851a1d" />
    <TestEntry testId="942f2440-35ec-8291-0e34-266a90087e97" executionId="90ff57db-93f8-4b1c-9c9b-06bfa240201a" testListId="8c84fa94-04c1-424b-9868-57a2d4851a1d" />
    <TestEntry testId="b34ac9b1-7b20-291d-6caf-28aeffc4e30f" executionId="256f0b3e-fb84-4311-9cb1-537efcaf0bd2" testListId="8c84fa94-04c1-424b-9868-57a2d4851a1d" />
    <TestEntry testId="f0622268-a7b0-73db-dcaa-b07ea595271b" executionId="9377b5aa-4990-4757-9043-974d3bc0a56d" testListId="8c84fa94-04c1-424b-9868-57a2d4851a1d" />
    <TestEntry testId="99b9ef43-ae03-d550-aafb-7b6a0ec7c1ee" executionId="f6e55be5-6eae-4618-b0ce-c53722e46507" testListId="8c84fa94-04c1-424b-9868-57a2d4851a1d" />
    <TestEntry testId="bebef051-0a10-725f-3ff5-e30e4f9dd420" executionId="7233526e-31c7-46bc-b7b7-f22b5c3cfa5b" testListId="8c84fa94-04c1-424b-9868-57a2d4851a1d" />
    <TestEntry testId="8d3460f1-a4b4-e4c2-2d2b-85718b89d128" executionId="68584319-542f-45fc-9313-5d5b734912c4" testListId="8c84fa94-04c1-424b-9868-57a2d4851a1d" />
    <TestEntry testId="7ac2c24b-6445-4ff2-9faa-1ce73a74728d" executionId="f459e118-166d-4212-b0f2-d00f92de5a56" testListId="8c84fa94-04c1-424b-9868-57a2d4851a1d" />
    <TestEntry testId="da69ab52-f883-eabf-8235-9cb66a514e58" executionId="5c322e14-c608-4018-84ad-3e3c6c478c3b" testListId="8c84fa94-04c1-424b-9868-57a2d4851a1d" />
    <TestEntry testId="3c1aaa80-1e63-d980-5967-7f705ee7de1e" executionId="2b17acdc-8652-442f-b021-aa4bf28feccd" testListId="8c84fa94-04c1-424b-9868-57a2d4851a1d" />
    <TestEntry testId="aa52f83a-fd01-4271-59b5-322ecc9f9333" executionId="db49e065-cf58-4013-8514-2b5ed9befbad" testListId="8c84fa94-04c1-424b-9868-57a2d4851a1d" />
    <TestEntry testId="7f23cd21-ad85-3cc7-38be-9ece9bfed213" executionId="b0353c65-f375-4d26-bf91-0e6107860677" testListId="8c84fa94-04c1-424b-9868-57a2d4851a1d" />
    <TestEntry testId="93356272-81f1-2ca0-6a2b-a94c51c52201" executionId="547f20bf-38af-4191-b70b-f67cefb64419" testListId="8c84fa94-04c1-424b-9868-57a2d4851a1d" />
    <TestEntry testId="7ad4f46a-05fc-7c4a-853e-228ce39d4426" executionId="67be5a1c-bb63-4abe-b099-f34a56f7ffaa" testListId="8c84fa94-04c1-424b-9868-57a2d4851a1d" />
    <TestEntry testId="e34fd7ec-376b-5cd9-f43c-324b72764f5f" executionId="f8001f61-6487-4cae-864f-8b85c9a9c7af" testListId="8c84fa94-04c1-424b-9868-57a2d4851a1d" />
    <TestEntry testId="af3111d5-b888-5828-d92f-ad0d56c13b83" executionId="ddf1390f-a562-4817-addf-92602f950490" testListId="8c84fa94-04c1-424b-9868-57a2d4851a1d" />
    <TestEntry testId="1d93089d-e24f-f1cb-f4e6-3e9e0cc249d4" executionId="548d6c0d-1f77-46dc-8bfa-c232e2dcfc74" testListId="8c84fa94-04c1-424b-9868-57a2d4851a1d" />
    <TestEntry testId="eae9a8da-630f-ea44-decf-a8ef3a38d81d" executionId="3620cf00-b2c9-46d9-ba1e-29731a0a1df0" testListId="8c84fa94-04c1-424b-9868-57a2d4851a1d" />
    <TestEntry testId="726ca756-5ddd-cb5f-72a7-3e3a70b8c971" executionId="58fa52ba-8171-48a1-b584-2148eeb8233d" testListId="8c84fa94-04c1-424b-9868-57a2d4851a1d" />
    <TestEntry testId="b079a5c8-df38-5909-534e-204d0d33ecf8" executionId="38e478b4-8e94-4edf-bd74-a922c0ec0f34" testListId="8c84fa94-04c1-424b-9868-57a2d4851a1d" />
    <TestEntry testId="2e2f38c6-5756-eb9b-9fbb-652c777b6247" executionId="ea099a77-b15e-4d0e-a195-fd5f04789344" testListId="8c84fa94-04c1-424b-9868-57a2d4851a1d" />
    <TestEntry testId="7724a5ae-1858-243b-d346-491db16f98e9" executionId="49a5de81-3297-4e44-8b88-0bfcbc1b0671" testListId="8c84fa94-04c1-424b-9868-57a2d4851a1d" />
    <TestEntry testId="92fd78dd-20f7-b708-0603-1911a96c9737" executionId="d27763b0-1142-4d7c-a06d-15c73c23be21" testListId="8c84fa94-04c1-424b-9868-57a2d4851a1d" />
    <TestEntry testId="9c48ba54-1163-2299-84d2-c7df2b4c3889" executionId="24953e59-c116-4813-81d4-9d1414c66968" testListId="8c84fa94-04c1-424b-9868-57a2d4851a1d" />
    <TestEntry testId="7496f6c0-e383-6fbb-5d3f-fa615fc5ab22" executionId="2d47b8eb-340f-4c51-b2da-0a3ab321f294" testListId="8c84fa94-04c1-424b-9868-57a2d4851a1d" />
    <TestEntry testId="764dde41-f2ed-c432-64e0-910368db710d" executionId="2c7f0d49-1989-4fb9-9375-a51056619fd8" testListId="8c84fa94-04c1-424b-9868-57a2d4851a1d" />
    <TestEntry testId="e77ca75b-19ba-059d-05cd-1ebb08034f74" executionId="8dd5acff-f53e-4d41-878c-f1a445558aa5" testListId="8c84fa94-04c1-424b-9868-57a2d4851a1d" />
    <TestEntry testId="e02db9a4-a283-da5d-8967-1cec80ef7e92" executionId="efd48406-8678-4e95-ab42-b101b79edfab" testListId="8c84fa94-04c1-424b-9868-57a2d4851a1d" />
    <TestEntry testId="6df8a807-c182-b8aa-45a8-8ae3c76a3ec5" executionId="333ce539-49c5-4841-9b3d-0ba6ed8d7082" testListId="8c84fa94-04c1-424b-9868-57a2d4851a1d" />
    <TestEntry testId="fb1c3a36-60dc-8fcd-b623-36588091afcb" executionId="2d544944-0ca8-471d-bf30-7fe6870bc02d" testListId="8c84fa94-04c1-424b-9868-57a2d4851a1d" />
    <TestEntry testId="2bc42f5a-e565-5018-fa3b-64bf63c4c2f5" executionId="82ae3e21-8db6-480a-b924-a291e3e52705" testListId="8c84fa94-04c1-424b-9868-57a2d4851a1d" />
    <TestEntry testId="bb7f2094-2f9e-97a8-2260-536683d65f82" executionId="b2f8e206-9561-4cf0-82ee-4caa8d101051" testListId="8c84fa94-04c1-424b-9868-57a2d4851a1d" />
    <TestEntry testId="62b70b12-663c-a906-288d-6817a450e2b9" executionId="29980014-fbf2-4757-b24c-299bbddd0cc1" testListId="8c84fa94-04c1-424b-9868-57a2d4851a1d" />
    <TestEntry testId="386c80c9-6738-6119-052a-4c505d8f4e31" executionId="55184d14-871e-46d1-8576-026201a6a83b" testListId="8c84fa94-04c1-424b-9868-57a2d4851a1d" />
    <TestEntry testId="db065917-a97a-fe61-77a4-bb6c5d5457d5" executionId="529bc690-f108-4d28-8193-dbaa796dbdd5" testListId="8c84fa94-04c1-424b-9868-57a2d4851a1d" />
    <TestEntry testId="c7f52afa-564d-8d59-88a3-ea1bc3790407" executionId="d73a6e01-a391-4d8f-b006-49475adb3362" testListId="8c84fa94-04c1-424b-9868-57a2d4851a1d" />
    <TestEntry testId="a3e3ac67-b44c-d535-60e6-335f6ba0310c" executionId="f3a6a3e0-5d34-4b47-bd0b-7f7322a2fcd3" testListId="8c84fa94-04c1-424b-9868-57a2d4851a1d" />
    <TestEntry testId="28ae16d9-787d-277c-8346-a2bcbe4da144" executionId="27975b85-5766-421f-a67d-9f31d82c0611" testListId="8c84fa94-04c1-424b-9868-57a2d4851a1d" />
    <TestEntry testId="4f1f0a63-e0be-64e6-2c9f-87d58c623ce7" executionId="44338c80-3c7d-4df0-8ba5-c9b14fbaeebd" testListId="8c84fa94-04c1-424b-9868-57a2d4851a1d" />
    <TestEntry testId="3ff03a46-b206-b458-f53e-9c5468df465e" executionId="f91e195e-493b-4e47-a344-655db62077d3" testListId="8c84fa94-04c1-424b-9868-57a2d4851a1d" />
    <TestEntry testId="628515ca-7a61-a487-4f7e-7b39d713c401" executionId="ac4e30af-9ac3-40c0-8100-6b227e303c0b" testListId="8c84fa94-04c1-424b-9868-57a2d4851a1d" />
    <TestEntry testId="5da451a5-54a7-b58b-ab8b-8b1b8384fd01" executionId="0cd40c08-d287-421b-9ec3-4ce924c582f0" testListId="8c84fa94-04c1-424b-9868-57a2d4851a1d" />
    <TestEntry testId="d80dabd7-8e57-8764-d48e-5c692bf0e881" executionId="d1835441-2789-49a5-bc02-730410e72ae9" testListId="8c84fa94-04c1-424b-9868-57a2d4851a1d" />
    <TestEntry testId="56c6c75f-613a-6a82-f7f1-a767d952b57c" executionId="74c6797d-26c5-4ee5-9304-0a50b024ae56" testListId="8c84fa94-04c1-424b-9868-57a2d4851a1d" />
    <TestEntry testId="c9b5631d-418b-047b-d15f-f39906c7e08b" executionId="1a5e2047-e8c9-442f-9701-ef7447024367" testListId="8c84fa94-04c1-424b-9868-57a2d4851a1d" />
    <TestEntry testId="3f7d9e9c-5ad3-f161-b9fe-a5f6a9ab40b4" executionId="ffe0551e-159e-48e9-aec0-61276054c03e" testListId="8c84fa94-04c1-424b-9868-57a2d4851a1d" />
  </TestEntries>
  <TestLists>
    <TestList name="Results Not in a List" id="8c84fa94-04c1-424b-9868-57a2d4851a1d" />
    <TestList name="All Loaded Results" id="19431567-8539-422a-85d7-44ee4e166bda" />
  </TestLists>
  <ResultSummary outcome="Completed">
    <Counters total="1000" executed="1000" passed="1000" failed="0" error="0" timeout="0" aborted="0" inconclusive="0" passedButRunAborted="0" notRunnable="0" notExecuted="0" disconnected="0" warning="0" completed="0" inProgress="0" pending="0" />
    <Output>
      <StdOut>NUnit Adapter 4.2.0.0: Test execution started&#xD;
Running selected tests in C:\Projekty\NUnitTestProject\bin\Debug\netcoreapp3.1\NUnitTestProject.dll&#xD;
   NUnit3TestExecutor discovered 1000 of 1000 NUnit test cases using Current Discovery mode, Non-Explicit run&#xD;
NUnit Adapter 4.2.0.0: Test execution complete&#xD;
</StdOut>
    </Output>
  </ResultSummary>
</TestRun>